<?xml version="1.0" encoding="UTF-8"?>
<testsuites name="VPS-Payments-TestSuite" time="3020.131" tests="3" failures="1" errors="0">
   <testsuite name="VPS-Payments-TestSuite" tests="3" failures="1" errors="0" time="3020.131" skipped="0" timestamp="2022-05-16 11:24:00" hostname="imtiaz - DESKTOP-B2QI6NS.govolution.com" id="Test Suites/AdminSuiteBootstrap_TestSuite/VSP-Bootstrap/VPS-Payments-TestSuite">
      <properties>
         <property name="deviceName" value=""/>
         <property name="devicePlatform" value=""/>
         <property name="logFolder" value="E:\\Cloned-Project-Katalon\\VPS-Katalon\\Reports\\20220516_112345\\AdminSuiteBootstrap_TestSuite\\VSP-Bootstrap\\VPS-Payments-TestSuite\\20220516_112347"/>
         <property name="logFiles" value="E:\\Cloned-Project-Katalon\\VPS-Katalon\\Reports\\20220516_112345\\AdminSuiteBootstrap_TestSuite\\VSP-Bootstrap\\VPS-Payments-TestSuite\\20220516_112347\\execution0.log"/>
         <property name="attachments" value=""/>
         <property name="hostName" value="imtiaz - DESKTOP-B2QI6NS.govolution.com"/>
         <property name="os" value="Windows 10 64bit"/>
         <property name="katalonVersion" value="8.2.5.208"/>
         <property name="browser" value="Chrome 101.0.4951.54"/>
         <property name="hostAddress" value="192.168.1.87"/>
         <property name="sessionId" value="6e6ef82d6049d949662f6d40a0b5edc5"/>
         <property name="seleniumVersion" value="3.141.59"/>
         <property name="proxyInformation" value="ProxyInformation { proxyOption=NO_PROXY, proxyServerType=HTTP, username=, password=********, proxyServerAddress=, proxyServerPort=0, executionList=&quot;&quot;, isApplyToDesiredCapabilities=true }"/>
         <property name="platform" value="Windows 10"/>
      </properties>
      <testcase name="Test Cases/Admin Suite Bootstrap/VSP_Payments_TestCases/Sale_TP_AllCF_Generic_Payment_TC" time="1531.932" classname="Test Cases/Admin Suite Bootstrap/VSP_Payments_TestCases/Sale_TP_AllCF_Generic_Payment_TC" status="PASSED">
         <system-out><![CDATA[2022-05-16 11:24:00 - [TEST_CASE][PASSED] - Test Cases/Admin Suite Bootstrap/VSP_Payments_TestCases/Sale_TP_AllCF_Generic_Payment_TC: Test Cases/Admin Suite Bootstrap/VSP_Payments_TestCases/Sale_TP_AllCF_Generic_Payment_TC

2022-05-16 11:24:01 - [TEST_STEP][PASSED] - path_Dashboard = "Object Repository/AdminSuiteBootstrap_Pages/Dashboard_Bootstrap/": null

2022-05-16 11:24:01 - [TEST_STEP][PASSED] - path_VT = "Object Repository/AdminSuiteBootstrap_Pages/VT_Bootstrap/IssueTransactions/": null

2022-05-16 11:24:01 - [TEST_STEP][PASSED] - path_CreateProfile = "Object Repository/AdminSuiteBootstrap_Pages/VSP_Bootstrap/CreateProfile/": null

2022-05-16 11:24:01 - [TEST_STEP][PASSED] - path_AddAccount = "Object Repository/AdminSuiteBootstrap_Pages/VSP_Bootstrap/AddAccount/": null

2022-05-16 11:24:01 - [TEST_STEP][PASSED] - path_Add_ACH = "Object Repository/AdminSuiteBootstrap_Pages/VSP_Bootstrap/AddACH/": null

2022-05-16 11:24:01 - [TEST_STEP][PASSED] - path_Add_CC = "Object Repository/AdminSuiteBootstrap_Pages/VSP_Bootstrap/AddCreditCard/": null

2022-05-16 11:24:01 - [TEST_STEP][PASSED] - path_App_Plan = "Object Repository/AdminSuiteBootstrap_Pages/VSP_Bootstrap/AddPaymentPlan/": null

2022-05-16 11:24:01 - [TEST_STEP][PASSED] - path_DeleteProfile = "Object Repository/AdminSuiteBootstrap_Pages/VSP_Bootstrap/DeleteProfile/": null

2022-05-16 11:24:01 - [TEST_STEP][PASSED] - path_ModifyProfile = "Object Repository/AdminSuiteBootstrap_Pages/VSP_Bootstrap/ModifyProfile/": null

2022-05-16 11:24:01 - [TEST_STEP][PASSED] - path_ViewProfile = "Object Repository/AdminSuiteBootstrap_Pages/VSP_Bootstrap/View Profile/": null

2022-05-16 11:24:01 - [TEST_STEP][PASSED] - path_VSPAuth = "Object Repository/AdminSuiteBootstrap_Pages/VSP_Bootstrap/VSP_Auth/": null

2022-05-16 11:24:01 - [TEST_STEP][PASSED] - path_VSPAuthCap = "Object Repository/AdminSuiteBootstrap_Pages/VSP_Bootstrap/VSP_Authcap/": null

2022-05-16 11:24:01 - [TEST_STEP][PASSED] - path_Debit = "Object Repository/AdminSuiteBootstrap_Pages/VSP_Bootstrap/VSP_Debit/": null

2022-05-16 11:24:01 - [TEST_STEP][PASSED] - path_DeleteProfileConfirm = "Object Repository/AdminSuiteBootstrap_Pages/VSP_Bootstrap/DeleteProfileConfirm/": null

2022-05-16 11:24:01 - [TEST_STEP][PASSED] - executionProfile = getExecutionProfile(): null

2022-05-16 11:24:01 - [TEST_STEP][PASSED] - out.println("executionProfile : " + executionProfile): null

2022-05-16 11:24:01 - [TEST_STEP][PASSED] - appName = <not implemented yet for class: org.codehaus.groovy.ast.expr.EmptyExpression>: null

2022-05-16 11:24:01 - [TEST_STEP][PASSED] - appID = <not implemented yet for class: org.codehaus.groovy.ast.expr.EmptyExpression>: null

2022-05-16 11:24:01 - [TEST_STEP][PASSED] - cardNameV = <not implemented yet for class: org.codehaus.groovy.ast.expr.EmptyExpression>: null

2022-05-16 11:24:01 - [TEST_STEP][PASSED] - al1V = <not implemented yet for class: org.codehaus.groovy.ast.expr.EmptyExpression>: null

2022-05-16 11:24:01 - [TEST_STEP][PASSED] - al2V = <not implemented yet for class: org.codehaus.groovy.ast.expr.EmptyExpression>: null

2022-05-16 11:24:01 - [TEST_STEP][PASSED] - zipV = <not implemented yet for class: org.codehaus.groovy.ast.expr.EmptyExpression>: null

2022-05-16 11:24:01 - [TEST_STEP][PASSED] - cardTypeV = <not implemented yet for class: org.codehaus.groovy.ast.expr.EmptyExpression>: null

2022-05-16 11:24:01 - [TEST_STEP][PASSED] - last4V = <not implemented yet for class: org.codehaus.groovy.ast.expr.EmptyExpression>: null

2022-05-16 11:24:01 - [TEST_STEP][PASSED] - nameSheet = "CC-Payments-Sale": null

2022-05-16 11:24:01 - [TEST_STEP][PASSED] - numOfRows = findTestData("QA/Bootstrap/VSP-Payments-TestData/CC-Payments-Sale").getRowNumbers(): null

2022-05-16 11:24:02 - [TEST_STEP][PASSED] - println("Number of Records: " + numOfRows): null

2022-05-16 11:24:02 - [TEST_STEP][PASSED] - dataFile = "QA/Bootstrap/VSP-Payments-TestData/CC-Payments-Sale": null

2022-05-16 11:24:02 - [TEST_STEP][PASSED] - for ([row = 1, row <= numOfRows, (row++)]): Browser is closed

2022-05-16 11:24:02 - [TEST_STEP][PASSED] - ExecuteTC = findTestData(dataFile).getValue("Execute", row): null

2022-05-16 11:24:02 - [TEST_STEP][PASSED] - out.println("Value of Execute is : " + ExecuteTC): null

2022-05-16 11:24:02 - [TEST_STEP][PASSED] - switch (executionProfile): null

2022-05-16 11:24:02 - [TEST_STEP][PASSED] - case "DemoProfile":: null

2022-05-16 11:24:02 - [TEST_STEP][PASSED] - appName = findTestData(dataFile).getValue("AppNameDemo", row): null

2022-05-16 11:24:02 - [TEST_STEP][PASSED] - appID = findTestData(dataFile).getValue("AppIDDemo", row): null

2022-05-16 11:24:02 - [TEST_STEP][PASSED] - break: null

2022-05-16 11:24:02 - [TEST_STEP][PASSED] - if (ExecuteTC.equalsIgnoreCase("Y")): null

2022-05-16 11:24:02 - [TEST_STEP][PASSED] - out.println("Begin Record Number: " + row): null

2022-05-16 11:24:02 - [TEST_STEP][PASSED] - today = new java.util.Date(): null

2022-05-16 11:24:02 - [TEST_STEP][PASSED] - println(today): null

2022-05-16 11:24:02 - [TEST_STEP][PASSED] - datText = today: null

2022-05-16 11:24:02 - [TEST_STEP][PASSED] - adminSuiteBootstrap.loginFunctionality.login_AdminSuite(): adminSuiteBootstrap.loginFunctionality.login_AdminSuite is PASSED

2022-05-16 11:24:03 - [MESSAGE][INFO] - Starting 'Chrome' driver

2022-05-16 11:24:03 - [MESSAGE][INFO] - User set preference: ['acceptInsecureCerts', 'true']

2022-05-16 11:24:03 - [MESSAGE][INFO] - Action delay is set to 0 milliseconds

2022-05-16 11:24:06 - [MESSAGE][PASSED] - Browser is opened with url: 'https://demo.velocitypayment.com/admin/imtiazdemo'

2022-05-16 11:24:06 - [MESSAGE][PASSED] - Current window maximized

2022-05-16 11:24:07 - [MESSAGE][PASSED] - Object 'Object Repository/Login_Page/Login_Username' is present

2022-05-16 11:24:08 - [MESSAGE][PASSED] - Text 'iahmed' is set on object 'Object Repository/Login_Page/Login_Username'

2022-05-16 11:24:08 - [MESSAGE][PASSED] - Text 'hello2222' is set on object 'Object Repository/Login_Page/Login_Password'

2022-05-16 11:24:12 - [MESSAGE][PASSED] - Object: 'Object Repository/Login_Page/Login_Submit' is clicked on

2022-05-16 11:24:12 - [MESSAGE][PASSED] - adminSuiteBootstrap.loginFunctionality.login_AdminSuite is PASSED

2022-05-16 11:24:12 - [TEST_STEP][PASSED] - click(findTestObject(path_Dashboard + appName)): Object: 'Object Repository/AdminSuiteBootstrap_Pages/Dashboard_Bootstrap/a_Access AutoNoCFtpDemo' is clicked on

2022-05-16 11:24:15 - [MESSAGE][PASSED] - Object: 'Object Repository/AdminSuiteBootstrap_Pages/Dashboard_Bootstrap/a_Access AutoNoCFtpDemo' is clicked on

2022-05-16 11:24:15 - [TEST_STEP][PASSED] - click(findTestObject(path_VT + "a_Find Profile")): Object: 'Object Repository/AdminSuiteBootstrap_Pages/VT_Bootstrap/IssueTransactions/a_Find Profile' is clicked on

2022-05-16 11:24:16 - [MESSAGE][PASSED] - Object: 'Object Repository/AdminSuiteBootstrap_Pages/VT_Bootstrap/IssueTransactions/a_Find Profile' is clicked on

2022-05-16 11:24:16 - [TEST_STEP][PASSED] - criteria = <not implemented yet for class: org.codehaus.groovy.ast.expr.EmptyExpression>: null

2022-05-16 11:24:16 - [TEST_STEP][PASSED] - searchBy = <not implemented yet for class: org.codehaus.groovy.ast.expr.EmptyExpression>: null

2022-05-16 11:24:16 - [TEST_STEP][PASSED] - criteria = findTestData(dataFile).getValue("ProfileName", row): null

2022-05-16 11:24:16 - [TEST_STEP][PASSED] - path_SearchProfile = "Object Repository/AdminSuiteBootstrap_Pages/VSP_Bootstrap/SearchProfile/": null

2022-05-16 11:24:16 - [TEST_STEP][PASSED] - setText(findTestObject(path_SearchProfile + "input_Criteria"), criteria): Text 'PaymentsVisa' is set on object 'Object Repository/AdminSuiteBootstrap_Pages/VSP_Bootstrap/SearchProfile/input_Criteria'

2022-05-16 11:24:17 - [MESSAGE][PASSED] - Text 'PaymentsVisa' is set on object 'Object Repository/AdminSuiteBootstrap_Pages/VSP_Bootstrap/SearchProfile/input_Criteria'

2022-05-16 11:24:17 - [TEST_STEP][PASSED] - click(findTestObject(path_SearchProfile + "button_Search")): Object: 'Object Repository/AdminSuiteBootstrap_Pages/VSP_Bootstrap/SearchProfile/button_Search' is clicked on

2022-05-16 11:24:20 - [MESSAGE][PASSED] - Object: 'Object Repository/AdminSuiteBootstrap_Pages/VSP_Bootstrap/SearchProfile/button_Search' is clicked on

2022-05-16 11:24:20 - [TEST_STEP][PASSED] - profNameLink = findTestData(dataFile).getValue("ProfileNameLink", row): null

2022-05-16 11:24:20 - [TEST_STEP][PASSED] - click(findTestObject(path_ViewProfile + profNameLink)): Object: 'Object Repository/AdminSuiteBootstrap_Pages/VSP_Bootstrap/View Profile/a_PaymentsVisa' is clicked on

2022-05-16 11:24:23 - [MESSAGE][PASSED] - Object: 'Object Repository/AdminSuiteBootstrap_Pages/VSP_Bootstrap/View Profile/a_PaymentsVisa' is clicked on

2022-05-16 11:24:23 - [TEST_STEP][PASSED] - click(findTestObject(path_ViewProfile + "a_AuthCap")): Object: 'Object Repository/AdminSuiteBootstrap_Pages/VSP_Bootstrap/View Profile/a_AuthCap' is clicked on

2022-05-16 11:24:28 - [MESSAGE][PASSED] - Object: 'Object Repository/AdminSuiteBootstrap_Pages/VSP_Bootstrap/View Profile/a_AuthCap' is clicked on

2022-05-16 11:24:28 - [TEST_STEP][PASSED] - verifyTextPresent("Credit Card Authorization Capture", true): Text 'Credit Card Authorization Capture' is present on page  using regular expression

2022-05-16 11:24:31 - [MESSAGE][PASSED] - Text 'Credit Card Authorization Capture' is present on page  using regular expression

2022-05-16 11:24:31 - [TEST_STEP][PASSED] - verifyTextPresent("Sale", true): Text 'Sale' is present on page  using regular expression

2022-05-16 11:24:31 - [MESSAGE][PASSED] - Text 'Sale' is present on page  using regular expression

2022-05-16 11:24:31 - [TEST_STEP][PASSED] - verifyTextPresent("Required fields are highlighted with an asterisk", true): Text 'Required fields are highlighted with an asterisk' is present on page  using regular expression

2022-05-16 11:24:31 - [MESSAGE][PASSED] - Text 'Required fields are highlighted with an asterisk' is present on page  using regular expression

2022-05-16 11:24:31 - [TEST_STEP][PASSED] - verifyTextPresent("Remittance ID", true): Text 'Remittance ID' is present on page  using regular expression

2022-05-16 11:24:32 - [MESSAGE][PASSED] - Text 'Remittance ID' is present on page  using regular expression

2022-05-16 11:24:32 - [TEST_STEP][PASSED] - vspBootstrap.SalePage.setDataSaleAndAuth(row, dataFile): vspBootstrap.SalePage.setDataSaleAndAuth is PASSED

2022-05-16 11:24:33 - [MESSAGE][PASSED] - All options with value 'MOTO' are selected in object 'Object Repository/AdminSuiteBootstrap_Pages/VSP_Bootstrap/VSP_Authcap/select_TransactionCategory'  using regular expression

2022-05-16 11:24:34 - [MESSAGE][PASSED] - Text '123' is set on object 'Object Repository/AdminSuiteBootstrap_Pages/VSP_Bootstrap/VSP_Authcap/input_cvv'

2022-05-16 11:24:35 - [MESSAGE][PASSED] - Text '' is set on object 'Object Repository/AdminSuiteBootstrap_Pages/VSP_Bootstrap/VSP_Authcap/input_smsNumber'

2022-05-16 11:24:35 - [MESSAGE][PASSED] - Text '2.50' is set on object 'Object Repository/AdminSuiteBootstrap_Pages/VSP_Bootstrap/VSP_Authcap/input_amount'

2022-05-16 11:24:36 - [MESSAGE][PASSED] - Text 'Delhi' is set on object 'Object Repository/AdminSuiteBootstrap_Pages/VSP_Bootstrap/VSP_Authcap/input_userDefined1'

2022-05-16 11:24:37 - [MESSAGE][PASSED] - Text 'Chennai' is set on object 'Object Repository/AdminSuiteBootstrap_Pages/VSP_Bootstrap/VSP_Authcap/input_userDefined2'

2022-05-16 11:24:37 - [MESSAGE][PASSED] - Text 'Mumbai' is set on object 'Object Repository/AdminSuiteBootstrap_Pages/VSP_Bootstrap/VSP_Authcap/input_userDefined3'

2022-05-16 11:24:38 - [MESSAGE][PASSED] - Text 'Kanpur' is set on object 'Object Repository/AdminSuiteBootstrap_Pages/VSP_Bootstrap/VSP_Authcap/input_userDefined4'

2022-05-16 11:24:39 - [MESSAGE][PASSED] - All options with label 'Orange' are selected in object 'Object Repository/AdminSuiteBootstrap_Pages/VSP_Bootstrap/VSP_Authcap/select_UDF5'  using regular expression

2022-05-16 11:24:40 - [MESSAGE][PASSED] - All options with label 'Yellow' are selected in object 'Object Repository/AdminSuiteBootstrap_Pages/VSP_Bootstrap/VSP_Authcap/select_UDF6'  using regular expression

2022-05-16 11:24:41 - [MESSAGE][PASSED] - Text 'Kolkata' is set on object 'Object Repository/AdminSuiteBootstrap_Pages/VSP_Bootstrap/VSP_Authcap/input_userDefined7'

2022-05-16 11:24:42 - [MESSAGE][PASSED] - Text 'Pune' is set on object 'Object Repository/AdminSuiteBootstrap_Pages/VSP_Bootstrap/VSP_Authcap/input_userDefined8'

2022-05-16 11:24:42 - [MESSAGE][PASSED] - Text 'Bhavnagar' is set on object 'Object Repository/AdminSuiteBootstrap_Pages/VSP_Bootstrap/VSP_Authcap/input_userDefined9'

2022-05-16 11:24:43 - [MESSAGE][PASSED] - Text 'Noida' is set on object 'Object Repository/AdminSuiteBootstrap_Pages/VSP_Bootstrap/VSP_Authcap/input_userDefined10'

2022-05-16 11:24:50 - [MESSAGE][PASSED] - Object: 'Object Repository/AdminSuiteBootstrap_Pages/VSP_Bootstrap/VSP_Authcap/button_Submit' is clicked on

2022-05-16 11:24:50 - [MESSAGE][PASSED] - vspBootstrap.SalePage.setDataSaleAndAuth is PASSED

2022-05-16 11:24:50 - [TEST_STEP][PASSED] - verifyTextPresent("Transaction Successful", true): Text 'Transaction Successful' is present on page  using regular expression

2022-05-16 11:24:51 - [MESSAGE][PASSED] - Text 'Transaction Successful' is present on page  using regular expression

2022-05-16 11:24:51 - [TEST_STEP][PASSED] - verifyElementVisible(findTestObject("Object Repository/AdminSuiteBootstrap_Pages/VT_Bootstrap/Receipt/button_Continue")): Object 'Object Repository/AdminSuiteBootstrap_Pages/VT_Bootstrap/Receipt/button_Continue' is visible

2022-05-16 11:24:51 - [MESSAGE][PASSED] - Object 'Object Repository/AdminSuiteBootstrap_Pages/VT_Bootstrap/Receipt/button_Continue' is visible

2022-05-16 11:24:51 - [TEST_STEP][PASSED] - verifyElementPresent(findTestObject("Object Repository/AdminSuiteBootstrap_Pages/VT_Bootstrap/Receipt/button_Continue"), 20): Object 'Object Repository/AdminSuiteBootstrap_Pages/VT_Bootstrap/Receipt/button_Continue' is present

2022-05-16 11:24:52 - [MESSAGE][PASSED] - Object 'Object Repository/AdminSuiteBootstrap_Pages/VT_Bootstrap/Receipt/button_Continue' is present

2022-05-16 11:24:52 - [TEST_STEP][PASSED] - verifyElementVisible(findTestObject("Object Repository/AdminSuiteBootstrap_Pages/VT_Bootstrap/Receipt/button_Print")): Object 'Object Repository/AdminSuiteBootstrap_Pages/VT_Bootstrap/Receipt/button_Print' is visible

2022-05-16 11:24:52 - [MESSAGE][PASSED] - Object 'Object Repository/AdminSuiteBootstrap_Pages/VT_Bootstrap/Receipt/button_Print' is visible

2022-05-16 11:24:52 - [TEST_STEP][PASSED] - verifyElementPresent(findTestObject("Object Repository/AdminSuiteBootstrap_Pages/VT_Bootstrap/Receipt/button_Print"), 20): Object 'Object Repository/AdminSuiteBootstrap_Pages/VT_Bootstrap/Receipt/button_Print' is present

2022-05-16 11:24:52 - [MESSAGE][PASSED] - Object 'Object Repository/AdminSuiteBootstrap_Pages/VT_Bootstrap/Receipt/button_Print' is present

2022-05-16 11:24:52 - [TEST_STEP][PASSED] - verifyTextPresent("Remittance ID", true): Text 'Remittance ID' is present on page  using regular expression

2022-05-16 11:24:53 - [MESSAGE][PASSED] - Text 'Remittance ID' is present on page  using regular expression

2022-05-16 11:24:53 - [TEST_STEP][PASSED] - verifyTextPresent("Received", true): Text 'Received' is present on page  using regular expression

2022-05-16 11:24:53 - [MESSAGE][PASSED] - Text 'Received' is present on page  using regular expression

2022-05-16 11:24:53 - [TEST_STEP][PASSED] - verifyTextPresent("UDF1", true): Text 'UDF1' is present on page  using regular expression

2022-05-16 11:24:53 - [MESSAGE][PASSED] - Text 'UDF1' is present on page  using regular expression

2022-05-16 11:24:53 - [TEST_STEP][PASSED] - verifyTextPresent("UDF2", true): Text 'UDF2' is present on page  using regular expression

2022-05-16 11:24:54 - [MESSAGE][PASSED] - Text 'UDF2' is present on page  using regular expression

2022-05-16 11:24:54 - [TEST_STEP][PASSED] - verifyTextPresent("UDF3", true): Text 'UDF3' is present on page  using regular expression

2022-05-16 11:24:54 - [MESSAGE][PASSED] - Text 'UDF3' is present on page  using regular expression

2022-05-16 11:24:54 - [TEST_STEP][PASSED] - verifyTextPresent("UDF4", true): Text 'UDF4' is present on page  using regular expression

2022-05-16 11:24:54 - [MESSAGE][PASSED] - Text 'UDF4' is present on page  using regular expression

2022-05-16 11:24:54 - [TEST_STEP][PASSED] - verifyTextPresent("UDF5", true): Text 'UDF5' is present on page  using regular expression

2022-05-16 11:24:55 - [MESSAGE][PASSED] - Text 'UDF5' is present on page  using regular expression

2022-05-16 11:24:55 - [TEST_STEP][PASSED] - verifyTextPresent("UDF6", true): Text 'UDF6' is present on page  using regular expression

2022-05-16 11:24:55 - [MESSAGE][PASSED] - Text 'UDF6' is present on page  using regular expression

2022-05-16 11:24:55 - [TEST_STEP][PASSED] - verifyTextPresent("UDF7", true): Text 'UDF7' is present on page  using regular expression

2022-05-16 11:24:56 - [MESSAGE][PASSED] - Text 'UDF7' is present on page  using regular expression

2022-05-16 11:24:56 - [TEST_STEP][PASSED] - verifyTextPresent("UDF8", true): Text 'UDF8' is present on page  using regular expression

2022-05-16 11:24:56 - [MESSAGE][PASSED] - Text 'UDF8' is present on page  using regular expression

2022-05-16 11:24:56 - [TEST_STEP][PASSED] - verifyTextPresent("UDF9", true): Text 'UDF9' is present on page  using regular expression

2022-05-16 11:24:56 - [MESSAGE][PASSED] - Text 'UDF9' is present on page  using regular expression

2022-05-16 11:24:56 - [TEST_STEP][PASSED] - verifyTextPresent("UDF 10", true): Text 'UDF 10' is present on page  using regular expression

2022-05-16 11:24:57 - [MESSAGE][PASSED] - Text 'UDF 10' is present on page  using regular expression

2022-05-16 11:24:57 - [TEST_STEP][PASSED] - verifyTextPresent("Delhi", true): Text 'Delhi' is present on page  using regular expression

2022-05-16 11:24:57 - [MESSAGE][PASSED] - Text 'Delhi' is present on page  using regular expression

2022-05-16 11:24:57 - [TEST_STEP][PASSED] - verifyTextPresent("Chennai", true): Text 'Chennai' is present on page  using regular expression

2022-05-16 11:24:57 - [MESSAGE][PASSED] - Text 'Chennai' is present on page  using regular expression

2022-05-16 11:24:57 - [TEST_STEP][PASSED] - verifyTextPresent("Mumbai", true): Text 'Mumbai' is present on page  using regular expression

2022-05-16 11:24:58 - [MESSAGE][PASSED] - Text 'Mumbai' is present on page  using regular expression

2022-05-16 11:24:58 - [TEST_STEP][PASSED] - verifyTextPresent("Kanpur", true): Text 'Kanpur' is present on page  using regular expression

2022-05-16 11:24:58 - [MESSAGE][PASSED] - Text 'Kanpur' is present on page  using regular expression

2022-05-16 11:24:58 - [TEST_STEP][PASSED] - verifyTextPresent("Orange Recorded", true): Text 'Orange Recorded' is present on page  using regular expression

2022-05-16 11:24:58 - [MESSAGE][PASSED] - Text 'Orange Recorded' is present on page  using regular expression

2022-05-16 11:24:58 - [TEST_STEP][PASSED] - verifyTextPresent("Yellow Recorded", true): Text 'Yellow Recorded' is present on page  using regular expression

2022-05-16 11:24:59 - [MESSAGE][PASSED] - Text 'Yellow Recorded' is present on page  using regular expression

2022-05-16 11:24:59 - [TEST_STEP][PASSED] - verifyTextPresent("Kolkata", true): Text 'Kolkata' is present on page  using regular expression

2022-05-16 11:24:59 - [MESSAGE][PASSED] - Text 'Kolkata' is present on page  using regular expression

2022-05-16 11:24:59 - [TEST_STEP][PASSED] - verifyTextPresent("Pune", true): Text 'Pune' is present on page  using regular expression

2022-05-16 11:24:59 - [MESSAGE][PASSED] - Text 'Pune' is present on page  using regular expression

2022-05-16 11:24:59 - [TEST_STEP][PASSED] - verifyTextPresent("Bhavnagar", true): Text 'Bhavnagar' is present on page  using regular expression

2022-05-16 11:25:00 - [MESSAGE][PASSED] - Text 'Bhavnagar' is present on page  using regular expression

2022-05-16 11:25:00 - [TEST_STEP][PASSED] - verifyTextPresent("Noida", true): Text 'Noida' is present on page  using regular expression

2022-05-16 11:25:00 - [MESSAGE][PASSED] - Text 'Noida' is present on page  using regular expression

2022-05-16 11:25:00 - [TEST_STEP][PASSED] - verifyTextPresent("Amount", true): Text 'Amount' is present on page  using regular expression

2022-05-16 11:25:00 - [MESSAGE][PASSED] - Text 'Amount' is present on page  using regular expression

2022-05-16 11:25:00 - [TEST_STEP][PASSED] - verifyTextPresent("2.50", true): Text '2.50' is present on page  using regular expression

2022-05-16 11:25:01 - [MESSAGE][PASSED] - Text '2.50' is present on page  using regular expression

2022-05-16 11:25:01 - [TEST_STEP][PASSED] - verifyTextPresent("Authorization and Capture", true): Text 'Authorization and Capture' is present on page  using regular expression

2022-05-16 11:25:01 - [MESSAGE][PASSED] - Text 'Authorization and Capture' is present on page  using regular expression

2022-05-16 11:25:01 - [TEST_STEP][PASSED] - verifyTextPresent("Card Information", true): Text 'Card Information' is present on page  using regular expression

2022-05-16 11:25:01 - [MESSAGE][PASSED] - Text 'Card Information' is present on page  using regular expression

2022-05-16 11:25:01 - [TEST_STEP][PASSED] - verifyTextPresent("TANDON RAVENA", true): Text 'TANDON RAVENA' is present on page  using regular expression

2022-05-16 11:25:02 - [MESSAGE][PASSED] - Text 'TANDON RAVENA' is present on page  using regular expression

2022-05-16 11:25:02 - [TEST_STEP][PASSED] - verifyTextPresent("Address Line 1", true): Text 'Address Line 1' is present on page  using regular expression

2022-05-16 11:25:02 - [MESSAGE][PASSED] - Text 'Address Line 1' is present on page  using regular expression

2022-05-16 11:25:02 - [TEST_STEP][PASSED] - verifyTextPresent("Address Line 2", true): Text 'Address Line 2' is present on page  using regular expression

2022-05-16 11:25:02 - [MESSAGE][PASSED] - Text 'Address Line 2' is present on page  using regular expression

2022-05-16 11:25:02 - [TEST_STEP][PASSED] - verifyTextPresent("Country", true): Text 'Country' is present on page  using regular expression

2022-05-16 11:25:03 - [MESSAGE][PASSED] - Text 'Country' is present on page  using regular expression

2022-05-16 11:25:03 - [TEST_STEP][PASSED] - verifyTextPresent("City", true): Text 'City' is present on page  using regular expression

2022-05-16 11:25:03 - [MESSAGE][PASSED] - Text 'City' is present on page  using regular expression

2022-05-16 11:25:03 - [TEST_STEP][PASSED] - verifyTextPresent("State", true): Text 'State' is present on page  using regular expression

2022-05-16 11:25:03 - [MESSAGE][PASSED] - Text 'State' is present on page  using regular expression

2022-05-16 11:25:03 - [TEST_STEP][PASSED] - verifyTextPresent("ZIP Code", true): Text 'ZIP Code' is present on page  using regular expression

2022-05-16 11:25:04 - [MESSAGE][PASSED] - Text 'ZIP Code' is present on page  using regular expression

2022-05-16 11:25:04 - [TEST_STEP][PASSED] - verifyTextPresent("248 PhoolKaante road", true): Text '248 PhoolKaante road' is present on page  using regular expression

2022-05-16 11:25:04 - [MESSAGE][PASSED] - Text '248 PhoolKaante road' is present on page  using regular expression

2022-05-16 11:25:04 - [TEST_STEP][PASSED] - verifyTextPresent("Suite 678", true): Text 'Suite 678' is present on page  using regular expression

2022-05-16 11:25:04 - [MESSAGE][PASSED] - Text 'Suite 678' is present on page  using regular expression

2022-05-16 11:25:04 - [TEST_STEP][PASSED] - verifyTextPresent("United States", true): Text 'United States' is present on page  using regular expression

2022-05-16 11:25:05 - [MESSAGE][PASSED] - Text 'United States' is present on page  using regular expression

2022-05-16 11:25:05 - [TEST_STEP][PASSED] - verifyTextPresent("ARLINGTON", true): Text 'ARLINGTON' is present on page  using regular expression

2022-05-16 11:25:05 - [MESSAGE][PASSED] - Text 'ARLINGTON' is present on page  using regular expression

2022-05-16 11:25:05 - [TEST_STEP][PASSED] - verifyTextPresent("VA", true): Text 'VA' is present on page  using regular expression

2022-05-16 11:25:05 - [MESSAGE][PASSED] - Text 'VA' is present on page  using regular expression

2022-05-16 11:25:05 - [TEST_STEP][PASSED] - verifyTextPresent("22201", true): Text '22201' is present on page  using regular expression

2022-05-16 11:25:06 - [MESSAGE][PASSED] - Text '22201' is present on page  using regular expression

2022-05-16 11:25:06 - [TEST_STEP][PASSED] - cardTypeV = findTestData(dataFile).getValue("CardType", row): null

2022-05-16 11:25:06 - [TEST_STEP][PASSED] - last4V = findTestData(dataFile).getValue("Last4", row): null

2022-05-16 11:25:06 - [TEST_STEP][PASSED] - verifyTextPresent(cardTypeV, true): Text 'Visa' is present on page  using regular expression

2022-05-16 11:25:06 - [MESSAGE][PASSED] - Text 'Visa' is present on page  using regular expression

2022-05-16 11:25:06 - [TEST_STEP][PASSED] - verifyTextPresent(last4V, true): Text '5439' is present on page  using regular expression

2022-05-16 11:25:06 - [MESSAGE][PASSED] - Text '5439' is present on page  using regular expression

2022-05-16 11:25:06 - [TEST_STEP][PASSED] - switch (appName): null

2022-05-16 11:25:06 - [TEST_STEP][PASSED] - closeBrowser(): Browser is closed

2022-05-16 11:25:07 - [MESSAGE][PASSED] - Browser is closed

2022-05-16 11:25:07 - [TEST_STEP][PASSED] - ExecuteTC = findTestData(dataFile).getValue("Execute", row): null

2022-05-16 11:25:07 - [TEST_STEP][PASSED] - out.println("Value of Execute is : " + ExecuteTC): null

2022-05-16 11:25:07 - [TEST_STEP][PASSED] - switch (executionProfile): null

2022-05-16 11:25:07 - [TEST_STEP][PASSED] - case "DemoProfile":: null

2022-05-16 11:25:07 - [TEST_STEP][PASSED] - appName = findTestData(dataFile).getValue("AppNameDemo", row): null

2022-05-16 11:25:07 - [TEST_STEP][PASSED] - appID = findTestData(dataFile).getValue("AppIDDemo", row): null

2022-05-16 11:25:07 - [TEST_STEP][PASSED] - break: null

2022-05-16 11:25:07 - [TEST_STEP][PASSED] - if (ExecuteTC.equalsIgnoreCase("Y")): null

2022-05-16 11:25:07 - [TEST_STEP][PASSED] - out.println("Begin Record Number: " + row): null

2022-05-16 11:25:07 - [TEST_STEP][PASSED] - today = new java.util.Date(): null

2022-05-16 11:25:07 - [TEST_STEP][PASSED] - println(today): null

2022-05-16 11:25:07 - [TEST_STEP][PASSED] - datText = today: null

2022-05-16 11:25:07 - [TEST_STEP][PASSED] - adminSuiteBootstrap.loginFunctionality.login_AdminSuite(): adminSuiteBootstrap.loginFunctionality.login_AdminSuite is PASSED

2022-05-16 11:25:07 - [MESSAGE][INFO] - Starting 'Chrome' driver

2022-05-16 11:25:07 - [MESSAGE][INFO] - User set preference: ['acceptInsecureCerts', 'true']

2022-05-16 11:25:07 - [MESSAGE][INFO] - Action delay is set to 0 milliseconds

2022-05-16 11:25:09 - [MESSAGE][PASSED] - Browser is opened with url: 'https://demo.velocitypayment.com/admin/imtiazdemo'

2022-05-16 11:25:10 - [MESSAGE][PASSED] - Current window maximized

2022-05-16 11:25:10 - [MESSAGE][PASSED] - Object 'Object Repository/Login_Page/Login_Username' is present

2022-05-16 11:25:11 - [MESSAGE][PASSED] - Text 'iahmed' is set on object 'Object Repository/Login_Page/Login_Username'

2022-05-16 11:25:11 - [MESSAGE][PASSED] - Text 'hello2222' is set on object 'Object Repository/Login_Page/Login_Password'

2022-05-16 11:25:15 - [MESSAGE][PASSED] - Object: 'Object Repository/Login_Page/Login_Submit' is clicked on

2022-05-16 11:25:15 - [MESSAGE][PASSED] - adminSuiteBootstrap.loginFunctionality.login_AdminSuite is PASSED

2022-05-16 11:25:15 - [TEST_STEP][PASSED] - click(findTestObject(path_Dashboard + appName)): Object: 'Object Repository/AdminSuiteBootstrap_Pages/Dashboard_Bootstrap/a_Access AutoNoCFtpDemo' is clicked on

2022-05-16 11:25:19 - [MESSAGE][PASSED] - Object: 'Object Repository/AdminSuiteBootstrap_Pages/Dashboard_Bootstrap/a_Access AutoNoCFtpDemo' is clicked on

2022-05-16 11:25:19 - [TEST_STEP][PASSED] - click(findTestObject(path_VT + "a_Find Profile")): Object: 'Object Repository/AdminSuiteBootstrap_Pages/VT_Bootstrap/IssueTransactions/a_Find Profile' is clicked on

2022-05-16 11:25:19 - [MESSAGE][PASSED] - Object: 'Object Repository/AdminSuiteBootstrap_Pages/VT_Bootstrap/IssueTransactions/a_Find Profile' is clicked on

2022-05-16 11:25:19 - [TEST_STEP][PASSED] - criteria = <not implemented yet for class: org.codehaus.groovy.ast.expr.EmptyExpression>: null

2022-05-16 11:25:19 - [TEST_STEP][PASSED] - searchBy = <not implemented yet for class: org.codehaus.groovy.ast.expr.EmptyExpression>: null

2022-05-16 11:25:19 - [TEST_STEP][PASSED] - criteria = findTestData(dataFile).getValue("ProfileName", row): null

2022-05-16 11:25:19 - [TEST_STEP][PASSED] - path_SearchProfile = "Object Repository/AdminSuiteBootstrap_Pages/VSP_Bootstrap/SearchProfile/": null

2022-05-16 11:25:19 - [TEST_STEP][PASSED] - setText(findTestObject(path_SearchProfile + "input_Criteria"), criteria): Text 'PaymentsMC' is set on object 'Object Repository/AdminSuiteBootstrap_Pages/VSP_Bootstrap/SearchProfile/input_Criteria'

2022-05-16 11:25:20 - [MESSAGE][PASSED] - Text 'PaymentsMC' is set on object 'Object Repository/AdminSuiteBootstrap_Pages/VSP_Bootstrap/SearchProfile/input_Criteria'

2022-05-16 11:25:20 - [TEST_STEP][PASSED] - click(findTestObject(path_SearchProfile + "button_Search")): Object: 'Object Repository/AdminSuiteBootstrap_Pages/VSP_Bootstrap/SearchProfile/button_Search' is clicked on

2022-05-16 11:25:25 - [MESSAGE][PASSED] - Object: 'Object Repository/AdminSuiteBootstrap_Pages/VSP_Bootstrap/SearchProfile/button_Search' is clicked on

2022-05-16 11:25:25 - [TEST_STEP][PASSED] - profNameLink = findTestData(dataFile).getValue("ProfileNameLink", row): null

2022-05-16 11:25:25 - [TEST_STEP][PASSED] - click(findTestObject(path_ViewProfile + profNameLink)): Object: 'Object Repository/AdminSuiteBootstrap_Pages/VSP_Bootstrap/View Profile/a_PaymentsMC' is clicked on

2022-05-16 11:25:28 - [MESSAGE][PASSED] - Object: 'Object Repository/AdminSuiteBootstrap_Pages/VSP_Bootstrap/View Profile/a_PaymentsMC' is clicked on

2022-05-16 11:25:28 - [TEST_STEP][PASSED] - click(findTestObject(path_ViewProfile + "a_AuthCap")): Object: 'Object Repository/AdminSuiteBootstrap_Pages/VSP_Bootstrap/View Profile/a_AuthCap' is clicked on

2022-05-16 11:25:32 - [MESSAGE][PASSED] - Object: 'Object Repository/AdminSuiteBootstrap_Pages/VSP_Bootstrap/View Profile/a_AuthCap' is clicked on

2022-05-16 11:25:32 - [TEST_STEP][PASSED] - verifyTextPresent("Credit Card Authorization Capture", true): Text 'Credit Card Authorization Capture' is present on page  using regular expression

2022-05-16 11:25:35 - [MESSAGE][PASSED] - Text 'Credit Card Authorization Capture' is present on page  using regular expression

2022-05-16 11:25:35 - [TEST_STEP][PASSED] - verifyTextPresent("Sale", true): Text 'Sale' is present on page  using regular expression

2022-05-16 11:25:35 - [MESSAGE][PASSED] - Text 'Sale' is present on page  using regular expression

2022-05-16 11:25:35 - [TEST_STEP][PASSED] - verifyTextPresent("Required fields are highlighted with an asterisk", true): Text 'Required fields are highlighted with an asterisk' is present on page  using regular expression

2022-05-16 11:25:35 - [MESSAGE][PASSED] - Text 'Required fields are highlighted with an asterisk' is present on page  using regular expression

2022-05-16 11:25:35 - [TEST_STEP][PASSED] - verifyTextPresent("Remittance ID", true): Text 'Remittance ID' is present on page  using regular expression

2022-05-16 11:25:36 - [MESSAGE][PASSED] - Text 'Remittance ID' is present on page  using regular expression

2022-05-16 11:25:36 - [TEST_STEP][PASSED] - vspBootstrap.SalePage.setDataSaleAndAuth(row, dataFile): vspBootstrap.SalePage.setDataSaleAndAuth is PASSED

2022-05-16 11:25:37 - [MESSAGE][PASSED] - All options with value 'MOTO' are selected in object 'Object Repository/AdminSuiteBootstrap_Pages/VSP_Bootstrap/VSP_Authcap/select_TransactionCategory'  using regular expression

2022-05-16 11:25:38 - [MESSAGE][PASSED] - Text '123' is set on object 'Object Repository/AdminSuiteBootstrap_Pages/VSP_Bootstrap/VSP_Authcap/input_cvv'

2022-05-16 11:25:39 - [MESSAGE][PASSED] - Text '' is set on object 'Object Repository/AdminSuiteBootstrap_Pages/VSP_Bootstrap/VSP_Authcap/input_smsNumber'

2022-05-16 11:25:39 - [MESSAGE][PASSED] - Text '2.50' is set on object 'Object Repository/AdminSuiteBootstrap_Pages/VSP_Bootstrap/VSP_Authcap/input_amount'

2022-05-16 11:25:40 - [MESSAGE][PASSED] - Text 'Delhi' is set on object 'Object Repository/AdminSuiteBootstrap_Pages/VSP_Bootstrap/VSP_Authcap/input_userDefined1'

2022-05-16 11:25:41 - [MESSAGE][PASSED] - Text 'Chennai' is set on object 'Object Repository/AdminSuiteBootstrap_Pages/VSP_Bootstrap/VSP_Authcap/input_userDefined2'

2022-05-16 11:25:41 - [MESSAGE][PASSED] - Text 'Mumbai' is set on object 'Object Repository/AdminSuiteBootstrap_Pages/VSP_Bootstrap/VSP_Authcap/input_userDefined3'

2022-05-16 11:25:42 - [MESSAGE][PASSED] - Text 'Kanpur' is set on object 'Object Repository/AdminSuiteBootstrap_Pages/VSP_Bootstrap/VSP_Authcap/input_userDefined4'

2022-05-16 11:25:43 - [MESSAGE][PASSED] - All options with label 'Orange' are selected in object 'Object Repository/AdminSuiteBootstrap_Pages/VSP_Bootstrap/VSP_Authcap/select_UDF5'  using regular expression

2022-05-16 11:25:44 - [MESSAGE][PASSED] - All options with label 'Yellow' are selected in object 'Object Repository/AdminSuiteBootstrap_Pages/VSP_Bootstrap/VSP_Authcap/select_UDF6'  using regular expression

2022-05-16 11:25:45 - [MESSAGE][PASSED] - Text 'Kolkata' is set on object 'Object Repository/AdminSuiteBootstrap_Pages/VSP_Bootstrap/VSP_Authcap/input_userDefined7'

2022-05-16 11:25:45 - [MESSAGE][PASSED] - Text 'Pune' is set on object 'Object Repository/AdminSuiteBootstrap_Pages/VSP_Bootstrap/VSP_Authcap/input_userDefined8'

2022-05-16 11:25:46 - [MESSAGE][PASSED] - Text 'Bhavnagar' is set on object 'Object Repository/AdminSuiteBootstrap_Pages/VSP_Bootstrap/VSP_Authcap/input_userDefined9'

2022-05-16 11:25:47 - [MESSAGE][PASSED] - Text 'Noida' is set on object 'Object Repository/AdminSuiteBootstrap_Pages/VSP_Bootstrap/VSP_Authcap/input_userDefined10'

2022-05-16 11:25:52 - [MESSAGE][PASSED] - Object: 'Object Repository/AdminSuiteBootstrap_Pages/VSP_Bootstrap/VSP_Authcap/button_Submit' is clicked on

2022-05-16 11:25:52 - [MESSAGE][PASSED] - vspBootstrap.SalePage.setDataSaleAndAuth is PASSED

2022-05-16 11:25:52 - [TEST_STEP][PASSED] - verifyTextPresent("Transaction Successful", true): Text 'Transaction Successful' is present on page  using regular expression

2022-05-16 11:25:52 - [MESSAGE][PASSED] - Text 'Transaction Successful' is present on page  using regular expression

2022-05-16 11:25:52 - [TEST_STEP][PASSED] - verifyElementVisible(findTestObject("Object Repository/AdminSuiteBootstrap_Pages/VT_Bootstrap/Receipt/button_Continue")): Object 'Object Repository/AdminSuiteBootstrap_Pages/VT_Bootstrap/Receipt/button_Continue' is visible

2022-05-16 11:25:53 - [MESSAGE][PASSED] - Object 'Object Repository/AdminSuiteBootstrap_Pages/VT_Bootstrap/Receipt/button_Continue' is visible

2022-05-16 11:25:53 - [TEST_STEP][PASSED] - verifyElementPresent(findTestObject("Object Repository/AdminSuiteBootstrap_Pages/VT_Bootstrap/Receipt/button_Continue"), 20): Object 'Object Repository/AdminSuiteBootstrap_Pages/VT_Bootstrap/Receipt/button_Continue' is present

2022-05-16 11:25:53 - [MESSAGE][PASSED] - Object 'Object Repository/AdminSuiteBootstrap_Pages/VT_Bootstrap/Receipt/button_Continue' is present

2022-05-16 11:25:53 - [TEST_STEP][PASSED] - verifyElementVisible(findTestObject("Object Repository/AdminSuiteBootstrap_Pages/VT_Bootstrap/Receipt/button_Print")): Object 'Object Repository/AdminSuiteBootstrap_Pages/VT_Bootstrap/Receipt/button_Print' is visible

2022-05-16 11:25:53 - [MESSAGE][PASSED] - Object 'Object Repository/AdminSuiteBootstrap_Pages/VT_Bootstrap/Receipt/button_Print' is visible

2022-05-16 11:25:53 - [TEST_STEP][PASSED] - verifyElementPresent(findTestObject("Object Repository/AdminSuiteBootstrap_Pages/VT_Bootstrap/Receipt/button_Print"), 20): Object 'Object Repository/AdminSuiteBootstrap_Pages/VT_Bootstrap/Receipt/button_Print' is present

2022-05-16 11:25:54 - [MESSAGE][PASSED] - Object 'Object Repository/AdminSuiteBootstrap_Pages/VT_Bootstrap/Receipt/button_Print' is present

2022-05-16 11:25:54 - [TEST_STEP][PASSED] - verifyTextPresent("Remittance ID", true): Text 'Remittance ID' is present on page  using regular expression

2022-05-16 11:25:54 - [MESSAGE][PASSED] - Text 'Remittance ID' is present on page  using regular expression

2022-05-16 11:25:54 - [TEST_STEP][PASSED] - verifyTextPresent("Received", true): Text 'Received' is present on page  using regular expression

2022-05-16 11:25:54 - [MESSAGE][PASSED] - Text 'Received' is present on page  using regular expression

2022-05-16 11:25:54 - [TEST_STEP][PASSED] - verifyTextPresent("UDF1", true): Text 'UDF1' is present on page  using regular expression

2022-05-16 11:25:55 - [MESSAGE][PASSED] - Text 'UDF1' is present on page  using regular expression

2022-05-16 11:25:55 - [TEST_STEP][PASSED] - verifyTextPresent("UDF2", true): Text 'UDF2' is present on page  using regular expression

2022-05-16 11:25:55 - [MESSAGE][PASSED] - Text 'UDF2' is present on page  using regular expression

2022-05-16 11:25:55 - [TEST_STEP][PASSED] - verifyTextPresent("UDF3", true): Text 'UDF3' is present on page  using regular expression

2022-05-16 11:25:55 - [MESSAGE][PASSED] - Text 'UDF3' is present on page  using regular expression

2022-05-16 11:25:55 - [TEST_STEP][PASSED] - verifyTextPresent("UDF4", true): Text 'UDF4' is present on page  using regular expression

2022-05-16 11:25:56 - [MESSAGE][PASSED] - Text 'UDF4' is present on page  using regular expression

2022-05-16 11:25:56 - [TEST_STEP][PASSED] - verifyTextPresent("UDF5", true): Text 'UDF5' is present on page  using regular expression

2022-05-16 11:25:56 - [MESSAGE][PASSED] - Text 'UDF5' is present on page  using regular expression

2022-05-16 11:25:56 - [TEST_STEP][PASSED] - verifyTextPresent("UDF6", true): Text 'UDF6' is present on page  using regular expression

2022-05-16 11:25:56 - [MESSAGE][PASSED] - Text 'UDF6' is present on page  using regular expression

2022-05-16 11:25:56 - [TEST_STEP][PASSED] - verifyTextPresent("UDF7", true): Text 'UDF7' is present on page  using regular expression

2022-05-16 11:25:57 - [MESSAGE][PASSED] - Text 'UDF7' is present on page  using regular expression

2022-05-16 11:25:57 - [TEST_STEP][PASSED] - verifyTextPresent("UDF8", true): Text 'UDF8' is present on page  using regular expression

2022-05-16 11:25:57 - [MESSAGE][PASSED] - Text 'UDF8' is present on page  using regular expression

2022-05-16 11:25:57 - [TEST_STEP][PASSED] - verifyTextPresent("UDF9", true): Text 'UDF9' is present on page  using regular expression

2022-05-16 11:25:57 - [MESSAGE][PASSED] - Text 'UDF9' is present on page  using regular expression

2022-05-16 11:25:57 - [TEST_STEP][PASSED] - verifyTextPresent("UDF 10", true): Text 'UDF 10' is present on page  using regular expression

2022-05-16 11:25:58 - [MESSAGE][PASSED] - Text 'UDF 10' is present on page  using regular expression

2022-05-16 11:25:58 - [TEST_STEP][PASSED] - verifyTextPresent("Delhi", true): Text 'Delhi' is present on page  using regular expression

2022-05-16 11:25:58 - [MESSAGE][PASSED] - Text 'Delhi' is present on page  using regular expression

2022-05-16 11:25:58 - [TEST_STEP][PASSED] - verifyTextPresent("Chennai", true): Text 'Chennai' is present on page  using regular expression

2022-05-16 11:25:58 - [MESSAGE][PASSED] - Text 'Chennai' is present on page  using regular expression

2022-05-16 11:25:58 - [TEST_STEP][PASSED] - verifyTextPresent("Mumbai", true): Text 'Mumbai' is present on page  using regular expression

2022-05-16 11:25:59 - [MESSAGE][PASSED] - Text 'Mumbai' is present on page  using regular expression

2022-05-16 11:25:59 - [TEST_STEP][PASSED] - verifyTextPresent("Kanpur", true): Text 'Kanpur' is present on page  using regular expression

2022-05-16 11:25:59 - [MESSAGE][PASSED] - Text 'Kanpur' is present on page  using regular expression

2022-05-16 11:25:59 - [TEST_STEP][PASSED] - verifyTextPresent("Orange Recorded", true): Text 'Orange Recorded' is present on page  using regular expression

2022-05-16 11:25:59 - [MESSAGE][PASSED] - Text 'Orange Recorded' is present on page  using regular expression

2022-05-16 11:25:59 - [TEST_STEP][PASSED] - verifyTextPresent("Yellow Recorded", true): Text 'Yellow Recorded' is present on page  using regular expression

2022-05-16 11:26:00 - [MESSAGE][PASSED] - Text 'Yellow Recorded' is present on page  using regular expression

2022-05-16 11:26:00 - [TEST_STEP][PASSED] - verifyTextPresent("Kolkata", true): Text 'Kolkata' is present on page  using regular expression

2022-05-16 11:26:00 - [MESSAGE][PASSED] - Text 'Kolkata' is present on page  using regular expression

2022-05-16 11:26:00 - [TEST_STEP][PASSED] - verifyTextPresent("Pune", true): Text 'Pune' is present on page  using regular expression

2022-05-16 11:26:00 - [MESSAGE][PASSED] - Text 'Pune' is present on page  using regular expression

2022-05-16 11:26:00 - [TEST_STEP][PASSED] - verifyTextPresent("Bhavnagar", true): Text 'Bhavnagar' is present on page  using regular expression

2022-05-16 11:26:01 - [MESSAGE][PASSED] - Text 'Bhavnagar' is present on page  using regular expression

2022-05-16 11:26:01 - [TEST_STEP][PASSED] - verifyTextPresent("Noida", true): Text 'Noida' is present on page  using regular expression

2022-05-16 11:26:01 - [MESSAGE][PASSED] - Text 'Noida' is present on page  using regular expression

2022-05-16 11:26:01 - [TEST_STEP][PASSED] - verifyTextPresent("Amount", true): Text 'Amount' is present on page  using regular expression

2022-05-16 11:26:02 - [MESSAGE][PASSED] - Text 'Amount' is present on page  using regular expression

2022-05-16 11:26:02 - [TEST_STEP][PASSED] - verifyTextPresent("2.50", true): Text '2.50' is present on page  using regular expression

2022-05-16 11:26:02 - [MESSAGE][PASSED] - Text '2.50' is present on page  using regular expression

2022-05-16 11:26:02 - [TEST_STEP][PASSED] - verifyTextPresent("Authorization and Capture", true): Text 'Authorization and Capture' is present on page  using regular expression

2022-05-16 11:26:02 - [MESSAGE][PASSED] - Text 'Authorization and Capture' is present on page  using regular expression

2022-05-16 11:26:02 - [TEST_STEP][PASSED] - verifyTextPresent("Card Information", true): Text 'Card Information' is present on page  using regular expression

2022-05-16 11:26:02 - [MESSAGE][PASSED] - Text 'Card Information' is present on page  using regular expression

2022-05-16 11:26:02 - [TEST_STEP][PASSED] - verifyTextPresent("TANDON RAVENA", true): Text 'TANDON RAVENA' is present on page  using regular expression

2022-05-16 11:26:03 - [MESSAGE][PASSED] - Text 'TANDON RAVENA' is present on page  using regular expression

2022-05-16 11:26:03 - [TEST_STEP][PASSED] - verifyTextPresent("Address Line 1", true): Text 'Address Line 1' is present on page  using regular expression

2022-05-16 11:26:03 - [MESSAGE][PASSED] - Text 'Address Line 1' is present on page  using regular expression

2022-05-16 11:26:03 - [TEST_STEP][PASSED] - verifyTextPresent("Address Line 2", true): Text 'Address Line 2' is present on page  using regular expression

2022-05-16 11:26:04 - [MESSAGE][PASSED] - Text 'Address Line 2' is present on page  using regular expression

2022-05-16 11:26:04 - [TEST_STEP][PASSED] - verifyTextPresent("Country", true): Text 'Country' is present on page  using regular expression

2022-05-16 11:26:04 - [MESSAGE][PASSED] - Text 'Country' is present on page  using regular expression

2022-05-16 11:26:04 - [TEST_STEP][PASSED] - verifyTextPresent("City", true): Text 'City' is present on page  using regular expression

2022-05-16 11:26:04 - [MESSAGE][PASSED] - Text 'City' is present on page  using regular expression

2022-05-16 11:26:04 - [TEST_STEP][PASSED] - verifyTextPresent("State", true): Text 'State' is present on page  using regular expression

2022-05-16 11:26:04 - [MESSAGE][PASSED] - Text 'State' is present on page  using regular expression

2022-05-16 11:26:04 - [TEST_STEP][PASSED] - verifyTextPresent("ZIP Code", true): Text 'ZIP Code' is present on page  using regular expression

2022-05-16 11:26:05 - [MESSAGE][PASSED] - Text 'ZIP Code' is present on page  using regular expression

2022-05-16 11:26:05 - [TEST_STEP][PASSED] - verifyTextPresent("248 PhoolKaante road", true): Text '248 PhoolKaante road' is present on page  using regular expression

2022-05-16 11:26:05 - [MESSAGE][PASSED] - Text '248 PhoolKaante road' is present on page  using regular expression

2022-05-16 11:26:05 - [TEST_STEP][PASSED] - verifyTextPresent("Suite 678", true): Text 'Suite 678' is present on page  using regular expression

2022-05-16 11:26:05 - [MESSAGE][PASSED] - Text 'Suite 678' is present on page  using regular expression

2022-05-16 11:26:05 - [TEST_STEP][PASSED] - verifyTextPresent("United States", true): Text 'United States' is present on page  using regular expression

2022-05-16 11:26:06 - [MESSAGE][PASSED] - Text 'United States' is present on page  using regular expression

2022-05-16 11:26:06 - [TEST_STEP][PASSED] - verifyTextPresent("ARLINGTON", true): Text 'ARLINGTON' is present on page  using regular expression

2022-05-16 11:26:06 - [MESSAGE][PASSED] - Text 'ARLINGTON' is present on page  using regular expression

2022-05-16 11:26:06 - [TEST_STEP][PASSED] - verifyTextPresent("VA", true): Text 'VA' is present on page  using regular expression

2022-05-16 11:26:06 - [MESSAGE][PASSED] - Text 'VA' is present on page  using regular expression

2022-05-16 11:26:06 - [TEST_STEP][PASSED] - verifyTextPresent("22201", true): Text '22201' is present on page  using regular expression

2022-05-16 11:26:07 - [MESSAGE][PASSED] - Text '22201' is present on page  using regular expression

2022-05-16 11:26:07 - [TEST_STEP][PASSED] - cardTypeV = findTestData(dataFile).getValue("CardType", row): null

2022-05-16 11:26:07 - [TEST_STEP][PASSED] - last4V = findTestData(dataFile).getValue("Last4", row): null

2022-05-16 11:26:07 - [TEST_STEP][PASSED] - verifyTextPresent(cardTypeV, true): Text 'MasterCard' is present on page  using regular expression

2022-05-16 11:26:07 - [MESSAGE][PASSED] - Text 'MasterCard' is present on page  using regular expression

2022-05-16 11:26:07 - [TEST_STEP][PASSED] - verifyTextPresent(last4V, true): Text '0035' is present on page  using regular expression

2022-05-16 11:26:08 - [MESSAGE][PASSED] - Text '0035' is present on page  using regular expression

2022-05-16 11:26:08 - [TEST_STEP][PASSED] - switch (appName): null

2022-05-16 11:26:08 - [TEST_STEP][PASSED] - closeBrowser(): Browser is closed

2022-05-16 11:26:08 - [MESSAGE][PASSED] - Browser is closed

2022-05-16 11:26:08 - [TEST_STEP][PASSED] - ExecuteTC = findTestData(dataFile).getValue("Execute", row): null

2022-05-16 11:26:09 - [TEST_STEP][PASSED] - out.println("Value of Execute is : " + ExecuteTC): null

2022-05-16 11:26:09 - [TEST_STEP][PASSED] - switch (executionProfile): null

2022-05-16 11:26:09 - [TEST_STEP][PASSED] - case "DemoProfile":: null

2022-05-16 11:26:09 - [TEST_STEP][PASSED] - appName = findTestData(dataFile).getValue("AppNameDemo", row): null

2022-05-16 11:26:09 - [TEST_STEP][PASSED] - appID = findTestData(dataFile).getValue("AppIDDemo", row): null

2022-05-16 11:26:09 - [TEST_STEP][PASSED] - break: null

2022-05-16 11:26:09 - [TEST_STEP][PASSED] - if (ExecuteTC.equalsIgnoreCase("Y")): null

2022-05-16 11:26:09 - [TEST_STEP][PASSED] - out.println("Begin Record Number: " + row): null

2022-05-16 11:26:09 - [TEST_STEP][PASSED] - today = new java.util.Date(): null

2022-05-16 11:26:09 - [TEST_STEP][PASSED] - println(today): null

2022-05-16 11:26:09 - [TEST_STEP][PASSED] - datText = today: null

2022-05-16 11:26:09 - [TEST_STEP][PASSED] - adminSuiteBootstrap.loginFunctionality.login_AdminSuite(): adminSuiteBootstrap.loginFunctionality.login_AdminSuite is PASSED

2022-05-16 11:26:09 - [MESSAGE][INFO] - Starting 'Chrome' driver

2022-05-16 11:26:09 - [MESSAGE][INFO] - User set preference: ['acceptInsecureCerts', 'true']

2022-05-16 11:26:09 - [MESSAGE][INFO] - Action delay is set to 0 milliseconds

2022-05-16 11:26:11 - [MESSAGE][PASSED] - Browser is opened with url: 'https://demo.velocitypayment.com/admin/imtiazdemo'

2022-05-16 11:26:11 - [MESSAGE][PASSED] - Current window maximized

2022-05-16 11:26:12 - [MESSAGE][PASSED] - Object 'Object Repository/Login_Page/Login_Username' is present

2022-05-16 11:26:12 - [MESSAGE][PASSED] - Text 'iahmed' is set on object 'Object Repository/Login_Page/Login_Username'

2022-05-16 11:26:13 - [MESSAGE][PASSED] - Text 'hello2222' is set on object 'Object Repository/Login_Page/Login_Password'

2022-05-16 11:26:17 - [MESSAGE][PASSED] - Object: 'Object Repository/Login_Page/Login_Submit' is clicked on

2022-05-16 11:26:17 - [MESSAGE][PASSED] - adminSuiteBootstrap.loginFunctionality.login_AdminSuite is PASSED

2022-05-16 11:26:17 - [TEST_STEP][PASSED] - click(findTestObject(path_Dashboard + appName)): Object: 'Object Repository/AdminSuiteBootstrap_Pages/Dashboard_Bootstrap/a_Access AutoNoCFtpDemo' is clicked on

2022-05-16 11:26:21 - [MESSAGE][PASSED] - Object: 'Object Repository/AdminSuiteBootstrap_Pages/Dashboard_Bootstrap/a_Access AutoNoCFtpDemo' is clicked on

2022-05-16 11:26:21 - [TEST_STEP][PASSED] - click(findTestObject(path_VT + "a_Find Profile")): Object: 'Object Repository/AdminSuiteBootstrap_Pages/VT_Bootstrap/IssueTransactions/a_Find Profile' is clicked on

2022-05-16 11:26:21 - [MESSAGE][PASSED] - Object: 'Object Repository/AdminSuiteBootstrap_Pages/VT_Bootstrap/IssueTransactions/a_Find Profile' is clicked on

2022-05-16 11:26:21 - [TEST_STEP][PASSED] - criteria = <not implemented yet for class: org.codehaus.groovy.ast.expr.EmptyExpression>: null

2022-05-16 11:26:21 - [TEST_STEP][PASSED] - searchBy = <not implemented yet for class: org.codehaus.groovy.ast.expr.EmptyExpression>: null

2022-05-16 11:26:21 - [TEST_STEP][PASSED] - criteria = findTestData(dataFile).getValue("ProfileName", row): null

2022-05-16 11:26:21 - [TEST_STEP][PASSED] - path_SearchProfile = "Object Repository/AdminSuiteBootstrap_Pages/VSP_Bootstrap/SearchProfile/": null

2022-05-16 11:26:21 - [TEST_STEP][PASSED] - setText(findTestObject(path_SearchProfile + "input_Criteria"), criteria): Text 'PaymentsAmEx' is set on object 'Object Repository/AdminSuiteBootstrap_Pages/VSP_Bootstrap/SearchProfile/input_Criteria'

2022-05-16 11:26:22 - [MESSAGE][PASSED] - Text 'PaymentsAmEx' is set on object 'Object Repository/AdminSuiteBootstrap_Pages/VSP_Bootstrap/SearchProfile/input_Criteria'

2022-05-16 11:26:22 - [TEST_STEP][PASSED] - click(findTestObject(path_SearchProfile + "button_Search")): Object: 'Object Repository/AdminSuiteBootstrap_Pages/VSP_Bootstrap/SearchProfile/button_Search' is clicked on

2022-05-16 11:26:25 - [MESSAGE][PASSED] - Object: 'Object Repository/AdminSuiteBootstrap_Pages/VSP_Bootstrap/SearchProfile/button_Search' is clicked on

2022-05-16 11:26:25 - [TEST_STEP][PASSED] - profNameLink = findTestData(dataFile).getValue("ProfileNameLink", row): null

2022-05-16 11:26:25 - [TEST_STEP][PASSED] - click(findTestObject(path_ViewProfile + profNameLink)): Object: 'Object Repository/AdminSuiteBootstrap_Pages/VSP_Bootstrap/View Profile/a_PaymentsAmEx' is clicked on

2022-05-16 11:26:29 - [MESSAGE][PASSED] - Object: 'Object Repository/AdminSuiteBootstrap_Pages/VSP_Bootstrap/View Profile/a_PaymentsAmEx' is clicked on

2022-05-16 11:26:29 - [TEST_STEP][PASSED] - click(findTestObject(path_ViewProfile + "a_AuthCap")): Object: 'Object Repository/AdminSuiteBootstrap_Pages/VSP_Bootstrap/View Profile/a_AuthCap' is clicked on

2022-05-16 11:26:32 - [MESSAGE][PASSED] - Object: 'Object Repository/AdminSuiteBootstrap_Pages/VSP_Bootstrap/View Profile/a_AuthCap' is clicked on

2022-05-16 11:26:32 - [TEST_STEP][PASSED] - verifyTextPresent("Credit Card Authorization Capture", true): Text 'Credit Card Authorization Capture' is present on page  using regular expression

2022-05-16 11:26:36 - [MESSAGE][PASSED] - Text 'Credit Card Authorization Capture' is present on page  using regular expression

2022-05-16 11:26:36 - [TEST_STEP][PASSED] - verifyTextPresent("Sale", true): Text 'Sale' is present on page  using regular expression

2022-05-16 11:26:36 - [MESSAGE][PASSED] - Text 'Sale' is present on page  using regular expression

2022-05-16 11:26:36 - [TEST_STEP][PASSED] - verifyTextPresent("Required fields are highlighted with an asterisk", true): Text 'Required fields are highlighted with an asterisk' is present on page  using regular expression

2022-05-16 11:26:36 - [MESSAGE][PASSED] - Text 'Required fields are highlighted with an asterisk' is present on page  using regular expression

2022-05-16 11:26:36 - [TEST_STEP][PASSED] - verifyTextPresent("Remittance ID", true): Text 'Remittance ID' is present on page  using regular expression

2022-05-16 11:26:37 - [MESSAGE][PASSED] - Text 'Remittance ID' is present on page  using regular expression

2022-05-16 11:26:37 - [TEST_STEP][PASSED] - vspBootstrap.SalePage.setDataSaleAndAuth(row, dataFile): vspBootstrap.SalePage.setDataSaleAndAuth is PASSED

2022-05-16 11:26:38 - [MESSAGE][PASSED] - All options with value 'MOTO' are selected in object 'Object Repository/AdminSuiteBootstrap_Pages/VSP_Bootstrap/VSP_Authcap/select_TransactionCategory'  using regular expression

2022-05-16 11:26:39 - [MESSAGE][PASSED] - Text '1234' is set on object 'Object Repository/AdminSuiteBootstrap_Pages/VSP_Bootstrap/VSP_Authcap/input_cvv'

2022-05-16 11:26:40 - [MESSAGE][PASSED] - Text '' is set on object 'Object Repository/AdminSuiteBootstrap_Pages/VSP_Bootstrap/VSP_Authcap/input_smsNumber'

2022-05-16 11:26:40 - [MESSAGE][PASSED] - Text '2.50' is set on object 'Object Repository/AdminSuiteBootstrap_Pages/VSP_Bootstrap/VSP_Authcap/input_amount'

2022-05-16 11:26:41 - [MESSAGE][PASSED] - Text 'Delhi' is set on object 'Object Repository/AdminSuiteBootstrap_Pages/VSP_Bootstrap/VSP_Authcap/input_userDefined1'

2022-05-16 11:26:42 - [MESSAGE][PASSED] - Text 'Chennai' is set on object 'Object Repository/AdminSuiteBootstrap_Pages/VSP_Bootstrap/VSP_Authcap/input_userDefined2'

2022-05-16 11:26:42 - [MESSAGE][PASSED] - Text 'Mumbai' is set on object 'Object Repository/AdminSuiteBootstrap_Pages/VSP_Bootstrap/VSP_Authcap/input_userDefined3'

2022-05-16 11:26:43 - [MESSAGE][PASSED] - Text 'Kanpur' is set on object 'Object Repository/AdminSuiteBootstrap_Pages/VSP_Bootstrap/VSP_Authcap/input_userDefined4'

2022-05-16 11:26:44 - [MESSAGE][PASSED] - All options with label 'Orange' are selected in object 'Object Repository/AdminSuiteBootstrap_Pages/VSP_Bootstrap/VSP_Authcap/select_UDF5'  using regular expression

2022-05-16 11:26:45 - [MESSAGE][PASSED] - All options with label 'Yellow' are selected in object 'Object Repository/AdminSuiteBootstrap_Pages/VSP_Bootstrap/VSP_Authcap/select_UDF6'  using regular expression

2022-05-16 11:26:46 - [MESSAGE][PASSED] - Text 'Kolkata' is set on object 'Object Repository/AdminSuiteBootstrap_Pages/VSP_Bootstrap/VSP_Authcap/input_userDefined7'

2022-05-16 11:26:46 - [MESSAGE][PASSED] - Text 'Pune' is set on object 'Object Repository/AdminSuiteBootstrap_Pages/VSP_Bootstrap/VSP_Authcap/input_userDefined8'

2022-05-16 11:26:47 - [MESSAGE][PASSED] - Text 'Bhavnagar' is set on object 'Object Repository/AdminSuiteBootstrap_Pages/VSP_Bootstrap/VSP_Authcap/input_userDefined9'

2022-05-16 11:26:48 - [MESSAGE][PASSED] - Text 'Noida' is set on object 'Object Repository/AdminSuiteBootstrap_Pages/VSP_Bootstrap/VSP_Authcap/input_userDefined10'

2022-05-16 11:26:53 - [MESSAGE][PASSED] - Object: 'Object Repository/AdminSuiteBootstrap_Pages/VSP_Bootstrap/VSP_Authcap/button_Submit' is clicked on

2022-05-16 11:26:53 - [MESSAGE][PASSED] - vspBootstrap.SalePage.setDataSaleAndAuth is PASSED

2022-05-16 11:26:53 - [TEST_STEP][PASSED] - verifyTextPresent("Transaction Successful", true): Text 'Transaction Successful' is present on page  using regular expression

2022-05-16 11:26:54 - [MESSAGE][PASSED] - Text 'Transaction Successful' is present on page  using regular expression

2022-05-16 11:26:54 - [TEST_STEP][PASSED] - verifyElementVisible(findTestObject("Object Repository/AdminSuiteBootstrap_Pages/VT_Bootstrap/Receipt/button_Continue")): Object 'Object Repository/AdminSuiteBootstrap_Pages/VT_Bootstrap/Receipt/button_Continue' is visible

2022-05-16 11:26:54 - [MESSAGE][PASSED] - Object 'Object Repository/AdminSuiteBootstrap_Pages/VT_Bootstrap/Receipt/button_Continue' is visible

2022-05-16 11:26:54 - [TEST_STEP][PASSED] - verifyElementPresent(findTestObject("Object Repository/AdminSuiteBootstrap_Pages/VT_Bootstrap/Receipt/button_Continue"), 20): Object 'Object Repository/AdminSuiteBootstrap_Pages/VT_Bootstrap/Receipt/button_Continue' is present

2022-05-16 11:26:55 - [MESSAGE][PASSED] - Object 'Object Repository/AdminSuiteBootstrap_Pages/VT_Bootstrap/Receipt/button_Continue' is present

2022-05-16 11:26:55 - [TEST_STEP][PASSED] - verifyElementVisible(findTestObject("Object Repository/AdminSuiteBootstrap_Pages/VT_Bootstrap/Receipt/button_Print")): Object 'Object Repository/AdminSuiteBootstrap_Pages/VT_Bootstrap/Receipt/button_Print' is visible

2022-05-16 11:26:55 - [MESSAGE][PASSED] - Object 'Object Repository/AdminSuiteBootstrap_Pages/VT_Bootstrap/Receipt/button_Print' is visible

2022-05-16 11:26:55 - [TEST_STEP][PASSED] - verifyElementPresent(findTestObject("Object Repository/AdminSuiteBootstrap_Pages/VT_Bootstrap/Receipt/button_Print"), 20): Object 'Object Repository/AdminSuiteBootstrap_Pages/VT_Bootstrap/Receipt/button_Print' is present

2022-05-16 11:26:55 - [MESSAGE][PASSED] - Object 'Object Repository/AdminSuiteBootstrap_Pages/VT_Bootstrap/Receipt/button_Print' is present

2022-05-16 11:26:55 - [TEST_STEP][PASSED] - verifyTextPresent("Remittance ID", true): Text 'Remittance ID' is present on page  using regular expression

2022-05-16 11:26:56 - [MESSAGE][PASSED] - Text 'Remittance ID' is present on page  using regular expression

2022-05-16 11:26:56 - [TEST_STEP][PASSED] - verifyTextPresent("Received", true): Text 'Received' is present on page  using regular expression

2022-05-16 11:26:56 - [MESSAGE][PASSED] - Text 'Received' is present on page  using regular expression

2022-05-16 11:26:56 - [TEST_STEP][PASSED] - verifyTextPresent("UDF1", true): Text 'UDF1' is present on page  using regular expression

2022-05-16 11:26:56 - [MESSAGE][PASSED] - Text 'UDF1' is present on page  using regular expression

2022-05-16 11:26:56 - [TEST_STEP][PASSED] - verifyTextPresent("UDF2", true): Text 'UDF2' is present on page  using regular expression

2022-05-16 11:26:57 - [MESSAGE][PASSED] - Text 'UDF2' is present on page  using regular expression

2022-05-16 11:26:57 - [TEST_STEP][PASSED] - verifyTextPresent("UDF3", true): Text 'UDF3' is present on page  using regular expression

2022-05-16 11:26:57 - [MESSAGE][PASSED] - Text 'UDF3' is present on page  using regular expression

2022-05-16 11:26:57 - [TEST_STEP][PASSED] - verifyTextPresent("UDF4", true): Text 'UDF4' is present on page  using regular expression

2022-05-16 11:26:57 - [MESSAGE][PASSED] - Text 'UDF4' is present on page  using regular expression

2022-05-16 11:26:57 - [TEST_STEP][PASSED] - verifyTextPresent("UDF5", true): Text 'UDF5' is present on page  using regular expression

2022-05-16 11:26:58 - [MESSAGE][PASSED] - Text 'UDF5' is present on page  using regular expression

2022-05-16 11:26:58 - [TEST_STEP][PASSED] - verifyTextPresent("UDF6", true): Text 'UDF6' is present on page  using regular expression

2022-05-16 11:26:58 - [MESSAGE][PASSED] - Text 'UDF6' is present on page  using regular expression

2022-05-16 11:26:58 - [TEST_STEP][PASSED] - verifyTextPresent("UDF7", true): Text 'UDF7' is present on page  using regular expression

2022-05-16 11:26:58 - [MESSAGE][PASSED] - Text 'UDF7' is present on page  using regular expression

2022-05-16 11:26:58 - [TEST_STEP][PASSED] - verifyTextPresent("UDF8", true): Text 'UDF8' is present on page  using regular expression

2022-05-16 11:26:58 - [MESSAGE][PASSED] - Text 'UDF8' is present on page  using regular expression

2022-05-16 11:26:58 - [TEST_STEP][PASSED] - verifyTextPresent("UDF9", true): Text 'UDF9' is present on page  using regular expression

2022-05-16 11:26:59 - [MESSAGE][PASSED] - Text 'UDF9' is present on page  using regular expression

2022-05-16 11:26:59 - [TEST_STEP][PASSED] - verifyTextPresent("UDF 10", true): Text 'UDF 10' is present on page  using regular expression

2022-05-16 11:26:59 - [MESSAGE][PASSED] - Text 'UDF 10' is present on page  using regular expression

2022-05-16 11:26:59 - [TEST_STEP][PASSED] - verifyTextPresent("Delhi", true): Text 'Delhi' is present on page  using regular expression

2022-05-16 11:26:59 - [MESSAGE][PASSED] - Text 'Delhi' is present on page  using regular expression

2022-05-16 11:26:59 - [TEST_STEP][PASSED] - verifyTextPresent("Chennai", true): Text 'Chennai' is present on page  using regular expression

2022-05-16 11:27:00 - [MESSAGE][PASSED] - Text 'Chennai' is present on page  using regular expression

2022-05-16 11:27:00 - [TEST_STEP][PASSED] - verifyTextPresent("Mumbai", true): Text 'Mumbai' is present on page  using regular expression

2022-05-16 11:27:00 - [MESSAGE][PASSED] - Text 'Mumbai' is present on page  using regular expression

2022-05-16 11:27:00 - [TEST_STEP][PASSED] - verifyTextPresent("Kanpur", true): Text 'Kanpur' is present on page  using regular expression

2022-05-16 11:27:00 - [MESSAGE][PASSED] - Text 'Kanpur' is present on page  using regular expression

2022-05-16 11:27:00 - [TEST_STEP][PASSED] - verifyTextPresent("Orange Recorded", true): Text 'Orange Recorded' is present on page  using regular expression

2022-05-16 11:27:01 - [MESSAGE][PASSED] - Text 'Orange Recorded' is present on page  using regular expression

2022-05-16 11:27:01 - [TEST_STEP][PASSED] - verifyTextPresent("Yellow Recorded", true): Text 'Yellow Recorded' is present on page  using regular expression

2022-05-16 11:27:01 - [MESSAGE][PASSED] - Text 'Yellow Recorded' is present on page  using regular expression

2022-05-16 11:27:01 - [TEST_STEP][PASSED] - verifyTextPresent("Kolkata", true): Text 'Kolkata' is present on page  using regular expression

2022-05-16 11:27:01 - [MESSAGE][PASSED] - Text 'Kolkata' is present on page  using regular expression

2022-05-16 11:27:01 - [TEST_STEP][PASSED] - verifyTextPresent("Pune", true): Text 'Pune' is present on page  using regular expression

2022-05-16 11:27:02 - [MESSAGE][PASSED] - Text 'Pune' is present on page  using regular expression

2022-05-16 11:27:02 - [TEST_STEP][PASSED] - verifyTextPresent("Bhavnagar", true): Text 'Bhavnagar' is present on page  using regular expression

2022-05-16 11:27:02 - [MESSAGE][PASSED] - Text 'Bhavnagar' is present on page  using regular expression

2022-05-16 11:27:02 - [TEST_STEP][PASSED] - verifyTextPresent("Noida", true): Text 'Noida' is present on page  using regular expression

2022-05-16 11:27:02 - [MESSAGE][PASSED] - Text 'Noida' is present on page  using regular expression

2022-05-16 11:27:02 - [TEST_STEP][PASSED] - verifyTextPresent("Amount", true): Text 'Amount' is present on page  using regular expression

2022-05-16 11:27:03 - [MESSAGE][PASSED] - Text 'Amount' is present on page  using regular expression

2022-05-16 11:27:03 - [TEST_STEP][PASSED] - verifyTextPresent("2.50", true): Text '2.50' is present on page  using regular expression

2022-05-16 11:27:03 - [MESSAGE][PASSED] - Text '2.50' is present on page  using regular expression

2022-05-16 11:27:03 - [TEST_STEP][PASSED] - verifyTextPresent("Authorization and Capture", true): Text 'Authorization and Capture' is present on page  using regular expression

2022-05-16 11:27:03 - [MESSAGE][PASSED] - Text 'Authorization and Capture' is present on page  using regular expression

2022-05-16 11:27:03 - [TEST_STEP][PASSED] - verifyTextPresent("Card Information", true): Text 'Card Information' is present on page  using regular expression

2022-05-16 11:27:03 - [MESSAGE][PASSED] - Text 'Card Information' is present on page  using regular expression

2022-05-16 11:27:03 - [TEST_STEP][PASSED] - verifyTextPresent("TANDON RAVENA", true): Text 'TANDON RAVENA' is present on page  using regular expression

2022-05-16 11:27:04 - [MESSAGE][PASSED] - Text 'TANDON RAVENA' is present on page  using regular expression

2022-05-16 11:27:04 - [TEST_STEP][PASSED] - verifyTextPresent("Address Line 1", true): Text 'Address Line 1' is present on page  using regular expression

2022-05-16 11:27:04 - [MESSAGE][PASSED] - Text 'Address Line 1' is present on page  using regular expression

2022-05-16 11:27:04 - [TEST_STEP][PASSED] - verifyTextPresent("Address Line 2", true): Text 'Address Line 2' is present on page  using regular expression

2022-05-16 11:27:04 - [MESSAGE][PASSED] - Text 'Address Line 2' is present on page  using regular expression

2022-05-16 11:27:04 - [TEST_STEP][PASSED] - verifyTextPresent("Country", true): Text 'Country' is present on page  using regular expression

2022-05-16 11:27:05 - [MESSAGE][PASSED] - Text 'Country' is present on page  using regular expression

2022-05-16 11:27:05 - [TEST_STEP][PASSED] - verifyTextPresent("City", true): Text 'City' is present on page  using regular expression

2022-05-16 11:27:05 - [MESSAGE][PASSED] - Text 'City' is present on page  using regular expression

2022-05-16 11:27:05 - [TEST_STEP][PASSED] - verifyTextPresent("State", true): Text 'State' is present on page  using regular expression

2022-05-16 11:27:05 - [MESSAGE][PASSED] - Text 'State' is present on page  using regular expression

2022-05-16 11:27:05 - [TEST_STEP][PASSED] - verifyTextPresent("ZIP Code", true): Text 'ZIP Code' is present on page  using regular expression

2022-05-16 11:27:06 - [MESSAGE][PASSED] - Text 'ZIP Code' is present on page  using regular expression

2022-05-16 11:27:06 - [TEST_STEP][PASSED] - verifyTextPresent("248 PhoolKaante road", true): Text '248 PhoolKaante road' is present on page  using regular expression

2022-05-16 11:27:06 - [MESSAGE][PASSED] - Text '248 PhoolKaante road' is present on page  using regular expression

2022-05-16 11:27:06 - [TEST_STEP][PASSED] - verifyTextPresent("Suite 678", true): Text 'Suite 678' is present on page  using regular expression

2022-05-16 11:27:06 - [MESSAGE][PASSED] - Text 'Suite 678' is present on page  using regular expression

2022-05-16 11:27:06 - [TEST_STEP][PASSED] - verifyTextPresent("United States", true): Text 'United States' is present on page  using regular expression

2022-05-16 11:27:07 - [MESSAGE][PASSED] - Text 'United States' is present on page  using regular expression

2022-05-16 11:27:07 - [TEST_STEP][PASSED] - verifyTextPresent("ARLINGTON", true): Text 'ARLINGTON' is present on page  using regular expression

2022-05-16 11:27:07 - [MESSAGE][PASSED] - Text 'ARLINGTON' is present on page  using regular expression

2022-05-16 11:27:07 - [TEST_STEP][PASSED] - verifyTextPresent("VA", true): Text 'VA' is present on page  using regular expression

2022-05-16 11:27:07 - [MESSAGE][PASSED] - Text 'VA' is present on page  using regular expression

2022-05-16 11:27:07 - [TEST_STEP][PASSED] - verifyTextPresent("22201", true): Text '22201' is present on page  using regular expression

2022-05-16 11:27:08 - [MESSAGE][PASSED] - Text '22201' is present on page  using regular expression

2022-05-16 11:27:08 - [TEST_STEP][PASSED] - cardTypeV = findTestData(dataFile).getValue("CardType", row): null

2022-05-16 11:27:08 - [TEST_STEP][PASSED] - last4V = findTestData(dataFile).getValue("Last4", row): null

2022-05-16 11:27:08 - [TEST_STEP][PASSED] - verifyTextPresent(cardTypeV, true): Text 'American Express' is present on page  using regular expression

2022-05-16 11:27:08 - [MESSAGE][PASSED] - Text 'American Express' is present on page  using regular expression

2022-05-16 11:27:08 - [TEST_STEP][PASSED] - verifyTextPresent(last4V, true): Text '2376' is present on page  using regular expression

2022-05-16 11:27:08 - [MESSAGE][PASSED] - Text '2376' is present on page  using regular expression

2022-05-16 11:27:08 - [TEST_STEP][PASSED] - switch (appName): null

2022-05-16 11:27:08 - [TEST_STEP][PASSED] - closeBrowser(): Browser is closed

2022-05-16 11:27:09 - [MESSAGE][PASSED] - Browser is closed

2022-05-16 11:27:09 - [TEST_STEP][PASSED] - ExecuteTC = findTestData(dataFile).getValue("Execute", row): null

2022-05-16 11:27:09 - [TEST_STEP][PASSED] - out.println("Value of Execute is : " + ExecuteTC): null

2022-05-16 11:27:09 - [TEST_STEP][PASSED] - switch (executionProfile): null

2022-05-16 11:27:09 - [TEST_STEP][PASSED] - case "DemoProfile":: null

2022-05-16 11:27:09 - [TEST_STEP][PASSED] - appName = findTestData(dataFile).getValue("AppNameDemo", row): null

2022-05-16 11:27:09 - [TEST_STEP][PASSED] - appID = findTestData(dataFile).getValue("AppIDDemo", row): null

2022-05-16 11:27:09 - [TEST_STEP][PASSED] - break: null

2022-05-16 11:27:09 - [TEST_STEP][PASSED] - if (ExecuteTC.equalsIgnoreCase("Y")): null

2022-05-16 11:27:09 - [TEST_STEP][PASSED] - out.println("Begin Record Number: " + row): null

2022-05-16 11:27:09 - [TEST_STEP][PASSED] - today = new java.util.Date(): null

2022-05-16 11:27:09 - [TEST_STEP][PASSED] - println(today): null

2022-05-16 11:27:09 - [TEST_STEP][PASSED] - datText = today: null

2022-05-16 11:27:09 - [TEST_STEP][PASSED] - adminSuiteBootstrap.loginFunctionality.login_AdminSuite(): adminSuiteBootstrap.loginFunctionality.login_AdminSuite is PASSED

2022-05-16 11:27:09 - [MESSAGE][INFO] - Starting 'Chrome' driver

2022-05-16 11:27:09 - [MESSAGE][INFO] - User set preference: ['acceptInsecureCerts', 'true']

2022-05-16 11:27:09 - [MESSAGE][INFO] - Action delay is set to 0 milliseconds

2022-05-16 11:27:12 - [MESSAGE][PASSED] - Browser is opened with url: 'https://demo.velocitypayment.com/admin/imtiazdemo'

2022-05-16 11:27:12 - [MESSAGE][PASSED] - Current window maximized

2022-05-16 11:27:12 - [MESSAGE][PASSED] - Object 'Object Repository/Login_Page/Login_Username' is present

2022-05-16 11:27:13 - [MESSAGE][PASSED] - Text 'iahmed' is set on object 'Object Repository/Login_Page/Login_Username'

2022-05-16 11:27:14 - [MESSAGE][PASSED] - Text 'hello2222' is set on object 'Object Repository/Login_Page/Login_Password'

2022-05-16 11:27:18 - [MESSAGE][PASSED] - Object: 'Object Repository/Login_Page/Login_Submit' is clicked on

2022-05-16 11:27:18 - [MESSAGE][PASSED] - adminSuiteBootstrap.loginFunctionality.login_AdminSuite is PASSED

2022-05-16 11:27:18 - [TEST_STEP][PASSED] - click(findTestObject(path_Dashboard + appName)): Object: 'Object Repository/AdminSuiteBootstrap_Pages/Dashboard_Bootstrap/a_Access AutoNoCFtpDemo' is clicked on

2022-05-16 11:27:21 - [MESSAGE][PASSED] - Object: 'Object Repository/AdminSuiteBootstrap_Pages/Dashboard_Bootstrap/a_Access AutoNoCFtpDemo' is clicked on

2022-05-16 11:27:21 - [TEST_STEP][PASSED] - click(findTestObject(path_VT + "a_Find Profile")): Object: 'Object Repository/AdminSuiteBootstrap_Pages/VT_Bootstrap/IssueTransactions/a_Find Profile' is clicked on

2022-05-16 11:27:21 - [MESSAGE][PASSED] - Object: 'Object Repository/AdminSuiteBootstrap_Pages/VT_Bootstrap/IssueTransactions/a_Find Profile' is clicked on

2022-05-16 11:27:21 - [TEST_STEP][PASSED] - criteria = <not implemented yet for class: org.codehaus.groovy.ast.expr.EmptyExpression>: null

2022-05-16 11:27:21 - [TEST_STEP][PASSED] - searchBy = <not implemented yet for class: org.codehaus.groovy.ast.expr.EmptyExpression>: null

2022-05-16 11:27:21 - [TEST_STEP][PASSED] - criteria = findTestData(dataFile).getValue("ProfileName", row): null

2022-05-16 11:27:21 - [TEST_STEP][PASSED] - path_SearchProfile = "Object Repository/AdminSuiteBootstrap_Pages/VSP_Bootstrap/SearchProfile/": null

2022-05-16 11:27:21 - [TEST_STEP][PASSED] - setText(findTestObject(path_SearchProfile + "input_Criteria"), criteria): Text 'PaymentsDI' is set on object 'Object Repository/AdminSuiteBootstrap_Pages/VSP_Bootstrap/SearchProfile/input_Criteria'

2022-05-16 11:27:22 - [MESSAGE][PASSED] - Text 'PaymentsDI' is set on object 'Object Repository/AdminSuiteBootstrap_Pages/VSP_Bootstrap/SearchProfile/input_Criteria'

2022-05-16 11:27:22 - [TEST_STEP][PASSED] - click(findTestObject(path_SearchProfile + "button_Search")): Object: 'Object Repository/AdminSuiteBootstrap_Pages/VSP_Bootstrap/SearchProfile/button_Search' is clicked on

2022-05-16 11:27:25 - [MESSAGE][PASSED] - Object: 'Object Repository/AdminSuiteBootstrap_Pages/VSP_Bootstrap/SearchProfile/button_Search' is clicked on

2022-05-16 11:27:25 - [TEST_STEP][PASSED] - profNameLink = findTestData(dataFile).getValue("ProfileNameLink", row): null

2022-05-16 11:27:26 - [TEST_STEP][PASSED] - click(findTestObject(path_ViewProfile + profNameLink)): Object: 'Object Repository/AdminSuiteBootstrap_Pages/VSP_Bootstrap/View Profile/a_PaymentsDI' is clicked on

2022-05-16 11:27:29 - [MESSAGE][PASSED] - Object: 'Object Repository/AdminSuiteBootstrap_Pages/VSP_Bootstrap/View Profile/a_PaymentsDI' is clicked on

2022-05-16 11:27:29 - [TEST_STEP][PASSED] - click(findTestObject(path_ViewProfile + "a_AuthCap")): Object: 'Object Repository/AdminSuiteBootstrap_Pages/VSP_Bootstrap/View Profile/a_AuthCap' is clicked on

2022-05-16 11:27:33 - [MESSAGE][PASSED] - Object: 'Object Repository/AdminSuiteBootstrap_Pages/VSP_Bootstrap/View Profile/a_AuthCap' is clicked on

2022-05-16 11:27:33 - [TEST_STEP][PASSED] - verifyTextPresent("Credit Card Authorization Capture", true): Text 'Credit Card Authorization Capture' is present on page  using regular expression

2022-05-16 11:27:36 - [MESSAGE][PASSED] - Text 'Credit Card Authorization Capture' is present on page  using regular expression

2022-05-16 11:27:36 - [TEST_STEP][PASSED] - verifyTextPresent("Sale", true): Text 'Sale' is present on page  using regular expression

2022-05-16 11:27:36 - [MESSAGE][PASSED] - Text 'Sale' is present on page  using regular expression

2022-05-16 11:27:36 - [TEST_STEP][PASSED] - verifyTextPresent("Required fields are highlighted with an asterisk", true): Text 'Required fields are highlighted with an asterisk' is present on page  using regular expression

2022-05-16 11:27:37 - [MESSAGE][PASSED] - Text 'Required fields are highlighted with an asterisk' is present on page  using regular expression

2022-05-16 11:27:37 - [TEST_STEP][PASSED] - verifyTextPresent("Remittance ID", true): Text 'Remittance ID' is present on page  using regular expression

2022-05-16 11:27:37 - [MESSAGE][PASSED] - Text 'Remittance ID' is present on page  using regular expression

2022-05-16 11:27:37 - [TEST_STEP][PASSED] - vspBootstrap.SalePage.setDataSaleAndAuth(row, dataFile): vspBootstrap.SalePage.setDataSaleAndAuth is PASSED

2022-05-16 11:27:38 - [MESSAGE][PASSED] - All options with value 'MOTO' are selected in object 'Object Repository/AdminSuiteBootstrap_Pages/VSP_Bootstrap/VSP_Authcap/select_TransactionCategory'  using regular expression

2022-05-16 11:27:39 - [MESSAGE][PASSED] - Text '123' is set on object 'Object Repository/AdminSuiteBootstrap_Pages/VSP_Bootstrap/VSP_Authcap/input_cvv'

2022-05-16 11:27:40 - [MESSAGE][PASSED] - Text '' is set on object 'Object Repository/AdminSuiteBootstrap_Pages/VSP_Bootstrap/VSP_Authcap/input_smsNumber'

2022-05-16 11:27:40 - [MESSAGE][PASSED] - Text '2.50' is set on object 'Object Repository/AdminSuiteBootstrap_Pages/VSP_Bootstrap/VSP_Authcap/input_amount'

2022-05-16 11:27:41 - [MESSAGE][PASSED] - Text 'Delhi' is set on object 'Object Repository/AdminSuiteBootstrap_Pages/VSP_Bootstrap/VSP_Authcap/input_userDefined1'

2022-05-16 11:27:42 - [MESSAGE][PASSED] - Text 'Chennai' is set on object 'Object Repository/AdminSuiteBootstrap_Pages/VSP_Bootstrap/VSP_Authcap/input_userDefined2'

2022-05-16 11:27:42 - [MESSAGE][PASSED] - Text 'Mumbai' is set on object 'Object Repository/AdminSuiteBootstrap_Pages/VSP_Bootstrap/VSP_Authcap/input_userDefined3'

2022-05-16 11:27:43 - [MESSAGE][PASSED] - Text 'Kanpur' is set on object 'Object Repository/AdminSuiteBootstrap_Pages/VSP_Bootstrap/VSP_Authcap/input_userDefined4'

2022-05-16 11:27:44 - [MESSAGE][PASSED] - All options with label 'Orange' are selected in object 'Object Repository/AdminSuiteBootstrap_Pages/VSP_Bootstrap/VSP_Authcap/select_UDF5'  using regular expression

2022-05-16 11:27:45 - [MESSAGE][PASSED] - All options with label 'Yellow' are selected in object 'Object Repository/AdminSuiteBootstrap_Pages/VSP_Bootstrap/VSP_Authcap/select_UDF6'  using regular expression

2022-05-16 11:27:46 - [MESSAGE][PASSED] - Text 'Kolkata' is set on object 'Object Repository/AdminSuiteBootstrap_Pages/VSP_Bootstrap/VSP_Authcap/input_userDefined7'

2022-05-16 11:27:46 - [MESSAGE][PASSED] - Text 'Pune' is set on object 'Object Repository/AdminSuiteBootstrap_Pages/VSP_Bootstrap/VSP_Authcap/input_userDefined8'

2022-05-16 11:27:47 - [MESSAGE][PASSED] - Text 'Bhavnagar' is set on object 'Object Repository/AdminSuiteBootstrap_Pages/VSP_Bootstrap/VSP_Authcap/input_userDefined9'

2022-05-16 11:27:47 - [MESSAGE][PASSED] - Text 'Noida' is set on object 'Object Repository/AdminSuiteBootstrap_Pages/VSP_Bootstrap/VSP_Authcap/input_userDefined10'

2022-05-16 11:27:53 - [MESSAGE][PASSED] - Object: 'Object Repository/AdminSuiteBootstrap_Pages/VSP_Bootstrap/VSP_Authcap/button_Submit' is clicked on

2022-05-16 11:27:53 - [MESSAGE][PASSED] - vspBootstrap.SalePage.setDataSaleAndAuth is PASSED

2022-05-16 11:27:53 - [TEST_STEP][PASSED] - verifyTextPresent("Transaction Successful", true): Text 'Transaction Successful' is present on page  using regular expression

2022-05-16 11:27:53 - [MESSAGE][PASSED] - Text 'Transaction Successful' is present on page  using regular expression

2022-05-16 11:27:53 - [TEST_STEP][PASSED] - verifyElementVisible(findTestObject("Object Repository/AdminSuiteBootstrap_Pages/VT_Bootstrap/Receipt/button_Continue")): Object 'Object Repository/AdminSuiteBootstrap_Pages/VT_Bootstrap/Receipt/button_Continue' is visible

2022-05-16 11:27:54 - [MESSAGE][PASSED] - Object 'Object Repository/AdminSuiteBootstrap_Pages/VT_Bootstrap/Receipt/button_Continue' is visible

2022-05-16 11:27:54 - [TEST_STEP][PASSED] - verifyElementPresent(findTestObject("Object Repository/AdminSuiteBootstrap_Pages/VT_Bootstrap/Receipt/button_Continue"), 20): Object 'Object Repository/AdminSuiteBootstrap_Pages/VT_Bootstrap/Receipt/button_Continue' is present

2022-05-16 11:27:54 - [MESSAGE][PASSED] - Object 'Object Repository/AdminSuiteBootstrap_Pages/VT_Bootstrap/Receipt/button_Continue' is present

2022-05-16 11:27:54 - [TEST_STEP][PASSED] - verifyElementVisible(findTestObject("Object Repository/AdminSuiteBootstrap_Pages/VT_Bootstrap/Receipt/button_Print")): Object 'Object Repository/AdminSuiteBootstrap_Pages/VT_Bootstrap/Receipt/button_Print' is visible

2022-05-16 11:27:54 - [MESSAGE][PASSED] - Object 'Object Repository/AdminSuiteBootstrap_Pages/VT_Bootstrap/Receipt/button_Print' is visible

2022-05-16 11:27:54 - [TEST_STEP][PASSED] - verifyElementPresent(findTestObject("Object Repository/AdminSuiteBootstrap_Pages/VT_Bootstrap/Receipt/button_Print"), 20): Object 'Object Repository/AdminSuiteBootstrap_Pages/VT_Bootstrap/Receipt/button_Print' is present

2022-05-16 11:27:55 - [MESSAGE][PASSED] - Object 'Object Repository/AdminSuiteBootstrap_Pages/VT_Bootstrap/Receipt/button_Print' is present

2022-05-16 11:27:55 - [TEST_STEP][PASSED] - verifyTextPresent("Remittance ID", true): Text 'Remittance ID' is present on page  using regular expression

2022-05-16 11:27:55 - [MESSAGE][PASSED] - Text 'Remittance ID' is present on page  using regular expression

2022-05-16 11:27:55 - [TEST_STEP][PASSED] - verifyTextPresent("Received", true): Text 'Received' is present on page  using regular expression

2022-05-16 11:27:55 - [MESSAGE][PASSED] - Text 'Received' is present on page  using regular expression

2022-05-16 11:27:55 - [TEST_STEP][PASSED] - verifyTextPresent("UDF1", true): Text 'UDF1' is present on page  using regular expression

2022-05-16 11:27:56 - [MESSAGE][PASSED] - Text 'UDF1' is present on page  using regular expression

2022-05-16 11:27:56 - [TEST_STEP][PASSED] - verifyTextPresent("UDF2", true): Text 'UDF2' is present on page  using regular expression

2022-05-16 11:27:56 - [MESSAGE][PASSED] - Text 'UDF2' is present on page  using regular expression

2022-05-16 11:27:56 - [TEST_STEP][PASSED] - verifyTextPresent("UDF3", true): Text 'UDF3' is present on page  using regular expression

2022-05-16 11:27:56 - [MESSAGE][PASSED] - Text 'UDF3' is present on page  using regular expression

2022-05-16 11:27:56 - [TEST_STEP][PASSED] - verifyTextPresent("UDF4", true): Text 'UDF4' is present on page  using regular expression

2022-05-16 11:27:57 - [MESSAGE][PASSED] - Text 'UDF4' is present on page  using regular expression

2022-05-16 11:27:57 - [TEST_STEP][PASSED] - verifyTextPresent("UDF5", true): Text 'UDF5' is present on page  using regular expression

2022-05-16 11:27:57 - [MESSAGE][PASSED] - Text 'UDF5' is present on page  using regular expression

2022-05-16 11:27:57 - [TEST_STEP][PASSED] - verifyTextPresent("UDF6", true): Text 'UDF6' is present on page  using regular expression

2022-05-16 11:27:57 - [MESSAGE][PASSED] - Text 'UDF6' is present on page  using regular expression

2022-05-16 11:27:57 - [TEST_STEP][PASSED] - verifyTextPresent("UDF7", true): Text 'UDF7' is present on page  using regular expression

2022-05-16 11:27:58 - [MESSAGE][PASSED] - Text 'UDF7' is present on page  using regular expression

2022-05-16 11:27:58 - [TEST_STEP][PASSED] - verifyTextPresent("UDF8", true): Text 'UDF8' is present on page  using regular expression

2022-05-16 11:27:58 - [MESSAGE][PASSED] - Text 'UDF8' is present on page  using regular expression

2022-05-16 11:27:58 - [TEST_STEP][PASSED] - verifyTextPresent("UDF9", true): Text 'UDF9' is present on page  using regular expression

2022-05-16 11:27:58 - [MESSAGE][PASSED] - Text 'UDF9' is present on page  using regular expression

2022-05-16 11:27:58 - [TEST_STEP][PASSED] - verifyTextPresent("UDF 10", true): Text 'UDF 10' is present on page  using regular expression

2022-05-16 11:27:59 - [MESSAGE][PASSED] - Text 'UDF 10' is present on page  using regular expression

2022-05-16 11:27:59 - [TEST_STEP][PASSED] - verifyTextPresent("Delhi", true): Text 'Delhi' is present on page  using regular expression

2022-05-16 11:27:59 - [MESSAGE][PASSED] - Text 'Delhi' is present on page  using regular expression

2022-05-16 11:27:59 - [TEST_STEP][PASSED] - verifyTextPresent("Chennai", true): Text 'Chennai' is present on page  using regular expression

2022-05-16 11:27:59 - [MESSAGE][PASSED] - Text 'Chennai' is present on page  using regular expression

2022-05-16 11:27:59 - [TEST_STEP][PASSED] - verifyTextPresent("Mumbai", true): Text 'Mumbai' is present on page  using regular expression

2022-05-16 11:28:00 - [MESSAGE][PASSED] - Text 'Mumbai' is present on page  using regular expression

2022-05-16 11:28:00 - [TEST_STEP][PASSED] - verifyTextPresent("Kanpur", true): Text 'Kanpur' is present on page  using regular expression

2022-05-16 11:28:00 - [MESSAGE][PASSED] - Text 'Kanpur' is present on page  using regular expression

2022-05-16 11:28:00 - [TEST_STEP][PASSED] - verifyTextPresent("Orange Recorded", true): Text 'Orange Recorded' is present on page  using regular expression

2022-05-16 11:28:00 - [MESSAGE][PASSED] - Text 'Orange Recorded' is present on page  using regular expression

2022-05-16 11:28:00 - [TEST_STEP][PASSED] - verifyTextPresent("Yellow Recorded", true): Text 'Yellow Recorded' is present on page  using regular expression

2022-05-16 11:28:01 - [MESSAGE][PASSED] - Text 'Yellow Recorded' is present on page  using regular expression

2022-05-16 11:28:01 - [TEST_STEP][PASSED] - verifyTextPresent("Kolkata", true): Text 'Kolkata' is present on page  using regular expression

2022-05-16 11:28:01 - [MESSAGE][PASSED] - Text 'Kolkata' is present on page  using regular expression

2022-05-16 11:28:01 - [TEST_STEP][PASSED] - verifyTextPresent("Pune", true): Text 'Pune' is present on page  using regular expression

2022-05-16 11:28:01 - [MESSAGE][PASSED] - Text 'Pune' is present on page  using regular expression

2022-05-16 11:28:01 - [TEST_STEP][PASSED] - verifyTextPresent("Bhavnagar", true): Text 'Bhavnagar' is present on page  using regular expression

2022-05-16 11:28:02 - [MESSAGE][PASSED] - Text 'Bhavnagar' is present on page  using regular expression

2022-05-16 11:28:02 - [TEST_STEP][PASSED] - verifyTextPresent("Noida", true): Text 'Noida' is present on page  using regular expression

2022-05-16 11:28:02 - [MESSAGE][PASSED] - Text 'Noida' is present on page  using regular expression

2022-05-16 11:28:02 - [TEST_STEP][PASSED] - verifyTextPresent("Amount", true): Text 'Amount' is present on page  using regular expression

2022-05-16 11:28:02 - [MESSAGE][PASSED] - Text 'Amount' is present on page  using regular expression

2022-05-16 11:28:02 - [TEST_STEP][PASSED] - verifyTextPresent("2.50", true): Text '2.50' is present on page  using regular expression

2022-05-16 11:28:02 - [MESSAGE][PASSED] - Text '2.50' is present on page  using regular expression

2022-05-16 11:28:02 - [TEST_STEP][PASSED] - verifyTextPresent("Authorization and Capture", true): Text 'Authorization and Capture' is present on page  using regular expression

2022-05-16 11:28:03 - [MESSAGE][PASSED] - Text 'Authorization and Capture' is present on page  using regular expression

2022-05-16 11:28:03 - [TEST_STEP][PASSED] - verifyTextPresent("Card Information", true): Text 'Card Information' is present on page  using regular expression

2022-05-16 11:28:03 - [MESSAGE][PASSED] - Text 'Card Information' is present on page  using regular expression

2022-05-16 11:28:03 - [TEST_STEP][PASSED] - verifyTextPresent("TANDON RAVENA", true): Text 'TANDON RAVENA' is present on page  using regular expression

2022-05-16 11:28:03 - [MESSAGE][PASSED] - Text 'TANDON RAVENA' is present on page  using regular expression

2022-05-16 11:28:03 - [TEST_STEP][PASSED] - verifyTextPresent("Address Line 1", true): Text 'Address Line 1' is present on page  using regular expression

2022-05-16 11:28:04 - [MESSAGE][PASSED] - Text 'Address Line 1' is present on page  using regular expression

2022-05-16 11:28:04 - [TEST_STEP][PASSED] - verifyTextPresent("Address Line 2", true): Text 'Address Line 2' is present on page  using regular expression

2022-05-16 11:28:04 - [MESSAGE][PASSED] - Text 'Address Line 2' is present on page  using regular expression

2022-05-16 11:28:04 - [TEST_STEP][PASSED] - verifyTextPresent("Country", true): Text 'Country' is present on page  using regular expression

2022-05-16 11:28:04 - [MESSAGE][PASSED] - Text 'Country' is present on page  using regular expression

2022-05-16 11:28:04 - [TEST_STEP][PASSED] - verifyTextPresent("City", true): Text 'City' is present on page  using regular expression

2022-05-16 11:28:05 - [MESSAGE][PASSED] - Text 'City' is present on page  using regular expression

2022-05-16 11:28:05 - [TEST_STEP][PASSED] - verifyTextPresent("State", true): Text 'State' is present on page  using regular expression

2022-05-16 11:28:05 - [MESSAGE][PASSED] - Text 'State' is present on page  using regular expression

2022-05-16 11:28:05 - [TEST_STEP][PASSED] - verifyTextPresent("ZIP Code", true): Text 'ZIP Code' is present on page  using regular expression

2022-05-16 11:28:05 - [MESSAGE][PASSED] - Text 'ZIP Code' is present on page  using regular expression

2022-05-16 11:28:05 - [TEST_STEP][PASSED] - verifyTextPresent("248 PhoolKaante road", true): Text '248 PhoolKaante road' is present on page  using regular expression

2022-05-16 11:28:06 - [MESSAGE][PASSED] - Text '248 PhoolKaante road' is present on page  using regular expression

2022-05-16 11:28:06 - [TEST_STEP][PASSED] - verifyTextPresent("Suite 678", true): Text 'Suite 678' is present on page  using regular expression

2022-05-16 11:28:06 - [MESSAGE][PASSED] - Text 'Suite 678' is present on page  using regular expression

2022-05-16 11:28:06 - [TEST_STEP][PASSED] - verifyTextPresent("United States", true): Text 'United States' is present on page  using regular expression

2022-05-16 11:28:06 - [MESSAGE][PASSED] - Text 'United States' is present on page  using regular expression

2022-05-16 11:28:06 - [TEST_STEP][PASSED] - verifyTextPresent("ARLINGTON", true): Text 'ARLINGTON' is present on page  using regular expression

2022-05-16 11:28:07 - [MESSAGE][PASSED] - Text 'ARLINGTON' is present on page  using regular expression

2022-05-16 11:28:07 - [TEST_STEP][PASSED] - verifyTextPresent("VA", true): Text 'VA' is present on page  using regular expression

2022-05-16 11:28:07 - [MESSAGE][PASSED] - Text 'VA' is present on page  using regular expression

2022-05-16 11:28:07 - [TEST_STEP][PASSED] - verifyTextPresent("22201", true): Text '22201' is present on page  using regular expression

2022-05-16 11:28:07 - [MESSAGE][PASSED] - Text '22201' is present on page  using regular expression

2022-05-16 11:28:07 - [TEST_STEP][PASSED] - cardTypeV = findTestData(dataFile).getValue("CardType", row): null

2022-05-16 11:28:07 - [TEST_STEP][PASSED] - last4V = findTestData(dataFile).getValue("Last4", row): null

2022-05-16 11:28:07 - [TEST_STEP][PASSED] - verifyTextPresent(cardTypeV, true): Text 'Discover' is present on page  using regular expression

2022-05-16 11:28:08 - [MESSAGE][PASSED] - Text 'Discover' is present on page  using regular expression

2022-05-16 11:28:08 - [TEST_STEP][PASSED] - verifyTextPresent(last4V, true): Text '6909' is present on page  using regular expression

2022-05-16 11:28:08 - [MESSAGE][PASSED] - Text '6909' is present on page  using regular expression

2022-05-16 11:28:08 - [TEST_STEP][PASSED] - switch (appName): null

2022-05-16 11:28:08 - [TEST_STEP][PASSED] - closeBrowser(): Browser is closed

2022-05-16 11:28:09 - [MESSAGE][PASSED] - Browser is closed

2022-05-16 11:28:09 - [TEST_STEP][PASSED] - ExecuteTC = findTestData(dataFile).getValue("Execute", row): null

2022-05-16 11:28:09 - [TEST_STEP][PASSED] - out.println("Value of Execute is : " + ExecuteTC): null

2022-05-16 11:28:09 - [TEST_STEP][PASSED] - switch (executionProfile): null

2022-05-16 11:28:09 - [TEST_STEP][PASSED] - case "DemoProfile":: null

2022-05-16 11:28:09 - [TEST_STEP][PASSED] - appName = findTestData(dataFile).getValue("AppNameDemo", row): null

2022-05-16 11:28:09 - [TEST_STEP][PASSED] - appID = findTestData(dataFile).getValue("AppIDDemo", row): null

2022-05-16 11:28:09 - [TEST_STEP][PASSED] - break: null

2022-05-16 11:28:09 - [TEST_STEP][PASSED] - if (ExecuteTC.equalsIgnoreCase("Y")): null

2022-05-16 11:28:09 - [TEST_STEP][PASSED] - out.println("Begin Record Number: " + row): null

2022-05-16 11:28:09 - [TEST_STEP][PASSED] - today = new java.util.Date(): null

2022-05-16 11:28:09 - [TEST_STEP][PASSED] - println(today): null

2022-05-16 11:28:09 - [TEST_STEP][PASSED] - datText = today: null

2022-05-16 11:28:09 - [TEST_STEP][PASSED] - adminSuiteBootstrap.loginFunctionality.login_AdminSuite(): adminSuiteBootstrap.loginFunctionality.login_AdminSuite is PASSED

2022-05-16 11:28:09 - [MESSAGE][INFO] - Starting 'Chrome' driver

2022-05-16 11:28:09 - [MESSAGE][INFO] - User set preference: ['acceptInsecureCerts', 'true']

2022-05-16 11:28:09 - [MESSAGE][INFO] - Action delay is set to 0 milliseconds

2022-05-16 11:28:12 - [MESSAGE][PASSED] - Browser is opened with url: 'https://demo.velocitypayment.com/admin/imtiazdemo'

2022-05-16 11:28:12 - [MESSAGE][PASSED] - Current window maximized

2022-05-16 11:28:12 - [MESSAGE][PASSED] - Object 'Object Repository/Login_Page/Login_Username' is present

2022-05-16 11:28:13 - [MESSAGE][PASSED] - Text 'iahmed' is set on object 'Object Repository/Login_Page/Login_Username'

2022-05-16 11:28:14 - [MESSAGE][PASSED] - Text 'hello2222' is set on object 'Object Repository/Login_Page/Login_Password'

2022-05-16 11:28:17 - [MESSAGE][PASSED] - Object: 'Object Repository/Login_Page/Login_Submit' is clicked on

2022-05-16 11:28:17 - [MESSAGE][PASSED] - adminSuiteBootstrap.loginFunctionality.login_AdminSuite is PASSED

2022-05-16 11:28:17 - [TEST_STEP][PASSED] - click(findTestObject(path_Dashboard + appName)): Object: 'Object Repository/AdminSuiteBootstrap_Pages/Dashboard_Bootstrap/a_Access AutoNoCFtpDemo' is clicked on

2022-05-16 11:28:20 - [MESSAGE][PASSED] - Object: 'Object Repository/AdminSuiteBootstrap_Pages/Dashboard_Bootstrap/a_Access AutoNoCFtpDemo' is clicked on

2022-05-16 11:28:20 - [TEST_STEP][PASSED] - click(findTestObject(path_VT + "a_Find Profile")): Object: 'Object Repository/AdminSuiteBootstrap_Pages/VT_Bootstrap/IssueTransactions/a_Find Profile' is clicked on

2022-05-16 11:28:20 - [MESSAGE][PASSED] - Object: 'Object Repository/AdminSuiteBootstrap_Pages/VT_Bootstrap/IssueTransactions/a_Find Profile' is clicked on

2022-05-16 11:28:20 - [TEST_STEP][PASSED] - criteria = <not implemented yet for class: org.codehaus.groovy.ast.expr.EmptyExpression>: null

2022-05-16 11:28:20 - [TEST_STEP][PASSED] - searchBy = <not implemented yet for class: org.codehaus.groovy.ast.expr.EmptyExpression>: null

2022-05-16 11:28:20 - [TEST_STEP][PASSED] - criteria = findTestData(dataFile).getValue("ProfileName", row): null

2022-05-16 11:28:20 - [TEST_STEP][PASSED] - path_SearchProfile = "Object Repository/AdminSuiteBootstrap_Pages/VSP_Bootstrap/SearchProfile/": null

2022-05-16 11:28:20 - [TEST_STEP][PASSED] - setText(findTestObject(path_SearchProfile + "input_Criteria"), criteria): Text 'PaymentsVisa' is set on object 'Object Repository/AdminSuiteBootstrap_Pages/VSP_Bootstrap/SearchProfile/input_Criteria'

2022-05-16 11:28:21 - [MESSAGE][PASSED] - Text 'PaymentsVisa' is set on object 'Object Repository/AdminSuiteBootstrap_Pages/VSP_Bootstrap/SearchProfile/input_Criteria'

2022-05-16 11:28:21 - [TEST_STEP][PASSED] - click(findTestObject(path_SearchProfile + "button_Search")): Object: 'Object Repository/AdminSuiteBootstrap_Pages/VSP_Bootstrap/SearchProfile/button_Search' is clicked on

2022-05-16 11:28:25 - [MESSAGE][PASSED] - Object: 'Object Repository/AdminSuiteBootstrap_Pages/VSP_Bootstrap/SearchProfile/button_Search' is clicked on

2022-05-16 11:28:25 - [TEST_STEP][PASSED] - profNameLink = findTestData(dataFile).getValue("ProfileNameLink", row): null

2022-05-16 11:28:25 - [TEST_STEP][PASSED] - click(findTestObject(path_ViewProfile + profNameLink)): Object: 'Object Repository/AdminSuiteBootstrap_Pages/VSP_Bootstrap/View Profile/a_PaymentsVisa' is clicked on

2022-05-16 11:28:28 - [MESSAGE][PASSED] - Object: 'Object Repository/AdminSuiteBootstrap_Pages/VSP_Bootstrap/View Profile/a_PaymentsVisa' is clicked on

2022-05-16 11:28:28 - [TEST_STEP][PASSED] - click(findTestObject(path_ViewProfile + "a_AuthCap")): Object: 'Object Repository/AdminSuiteBootstrap_Pages/VSP_Bootstrap/View Profile/a_AuthCap' is clicked on

2022-05-16 11:28:32 - [MESSAGE][PASSED] - Object: 'Object Repository/AdminSuiteBootstrap_Pages/VSP_Bootstrap/View Profile/a_AuthCap' is clicked on

2022-05-16 11:28:32 - [TEST_STEP][PASSED] - verifyTextPresent("Credit Card Authorization Capture", true): Text 'Credit Card Authorization Capture' is present on page  using regular expression

2022-05-16 11:28:34 - [MESSAGE][PASSED] - Text 'Credit Card Authorization Capture' is present on page  using regular expression

2022-05-16 11:28:34 - [TEST_STEP][PASSED] - verifyTextPresent("Sale", true): Text 'Sale' is present on page  using regular expression

2022-05-16 11:28:34 - [MESSAGE][PASSED] - Text 'Sale' is present on page  using regular expression

2022-05-16 11:28:34 - [TEST_STEP][PASSED] - verifyTextPresent("Required fields are highlighted with an asterisk", true): Text 'Required fields are highlighted with an asterisk' is present on page  using regular expression

2022-05-16 11:28:35 - [MESSAGE][PASSED] - Text 'Required fields are highlighted with an asterisk' is present on page  using regular expression

2022-05-16 11:28:35 - [TEST_STEP][PASSED] - verifyTextPresent("Remittance ID", true): Text 'Remittance ID' is present on page  using regular expression

2022-05-16 11:28:35 - [MESSAGE][PASSED] - Text 'Remittance ID' is present on page  using regular expression

2022-05-16 11:28:35 - [TEST_STEP][PASSED] - vspBootstrap.SalePage.setDataSaleAndAuth(row, dataFile): vspBootstrap.SalePage.setDataSaleAndAuth is PASSED

2022-05-16 11:28:37 - [MESSAGE][PASSED] - All options with value 'RETL' are selected in object 'Object Repository/AdminSuiteBootstrap_Pages/VSP_Bootstrap/VSP_Authcap/select_TransactionCategory'  using regular expression

2022-05-16 11:28:37 - [MESSAGE][PASSED] - Text '123' is set on object 'Object Repository/AdminSuiteBootstrap_Pages/VSP_Bootstrap/VSP_Authcap/input_cvv'

2022-05-16 11:28:38 - [MESSAGE][PASSED] - Text '' is set on object 'Object Repository/AdminSuiteBootstrap_Pages/VSP_Bootstrap/VSP_Authcap/input_smsNumber'

2022-05-16 11:28:39 - [MESSAGE][PASSED] - Text '2.50' is set on object 'Object Repository/AdminSuiteBootstrap_Pages/VSP_Bootstrap/VSP_Authcap/input_amount'

2022-05-16 11:28:40 - [MESSAGE][PASSED] - Text 'Delhi' is set on object 'Object Repository/AdminSuiteBootstrap_Pages/VSP_Bootstrap/VSP_Authcap/input_userDefined1'

2022-05-16 11:28:40 - [MESSAGE][PASSED] - Text 'Chennai' is set on object 'Object Repository/AdminSuiteBootstrap_Pages/VSP_Bootstrap/VSP_Authcap/input_userDefined2'

2022-05-16 11:28:41 - [MESSAGE][PASSED] - Text 'Mumbai' is set on object 'Object Repository/AdminSuiteBootstrap_Pages/VSP_Bootstrap/VSP_Authcap/input_userDefined3'

2022-05-16 11:28:42 - [MESSAGE][PASSED] - Text 'Kanpur' is set on object 'Object Repository/AdminSuiteBootstrap_Pages/VSP_Bootstrap/VSP_Authcap/input_userDefined4'

2022-05-16 11:28:43 - [MESSAGE][PASSED] - All options with label 'Orange' are selected in object 'Object Repository/AdminSuiteBootstrap_Pages/VSP_Bootstrap/VSP_Authcap/select_UDF5'  using regular expression

2022-05-16 11:28:44 - [MESSAGE][PASSED] - All options with label 'Yellow' are selected in object 'Object Repository/AdminSuiteBootstrap_Pages/VSP_Bootstrap/VSP_Authcap/select_UDF6'  using regular expression

2022-05-16 11:28:44 - [MESSAGE][PASSED] - Text 'Kolkata' is set on object 'Object Repository/AdminSuiteBootstrap_Pages/VSP_Bootstrap/VSP_Authcap/input_userDefined7'

2022-05-16 11:28:45 - [MESSAGE][PASSED] - Text 'Pune' is set on object 'Object Repository/AdminSuiteBootstrap_Pages/VSP_Bootstrap/VSP_Authcap/input_userDefined8'

2022-05-16 11:28:46 - [MESSAGE][PASSED] - Text 'Bhavnagar' is set on object 'Object Repository/AdminSuiteBootstrap_Pages/VSP_Bootstrap/VSP_Authcap/input_userDefined9'

2022-05-16 11:28:46 - [MESSAGE][PASSED] - Text 'Noida' is set on object 'Object Repository/AdminSuiteBootstrap_Pages/VSP_Bootstrap/VSP_Authcap/input_userDefined10'

2022-05-16 11:28:53 - [MESSAGE][PASSED] - Object: 'Object Repository/AdminSuiteBootstrap_Pages/VSP_Bootstrap/VSP_Authcap/button_Submit' is clicked on

2022-05-16 11:28:53 - [MESSAGE][PASSED] - vspBootstrap.SalePage.setDataSaleAndAuth is PASSED

2022-05-16 11:28:53 - [TEST_STEP][PASSED] - verifyTextPresent("Transaction Successful", true): Text 'Transaction Successful' is present on page  using regular expression

2022-05-16 11:28:53 - [MESSAGE][PASSED] - Text 'Transaction Successful' is present on page  using regular expression

2022-05-16 11:28:53 - [TEST_STEP][PASSED] - verifyElementVisible(findTestObject("Object Repository/AdminSuiteBootstrap_Pages/VT_Bootstrap/Receipt/button_Continue")): Object 'Object Repository/AdminSuiteBootstrap_Pages/VT_Bootstrap/Receipt/button_Continue' is visible

2022-05-16 11:28:53 - [MESSAGE][PASSED] - Object 'Object Repository/AdminSuiteBootstrap_Pages/VT_Bootstrap/Receipt/button_Continue' is visible

2022-05-16 11:28:53 - [TEST_STEP][PASSED] - verifyElementPresent(findTestObject("Object Repository/AdminSuiteBootstrap_Pages/VT_Bootstrap/Receipt/button_Continue"), 20): Object 'Object Repository/AdminSuiteBootstrap_Pages/VT_Bootstrap/Receipt/button_Continue' is present

2022-05-16 11:28:54 - [MESSAGE][PASSED] - Object 'Object Repository/AdminSuiteBootstrap_Pages/VT_Bootstrap/Receipt/button_Continue' is present

2022-05-16 11:28:54 - [TEST_STEP][PASSED] - verifyElementVisible(findTestObject("Object Repository/AdminSuiteBootstrap_Pages/VT_Bootstrap/Receipt/button_Print")): Object 'Object Repository/AdminSuiteBootstrap_Pages/VT_Bootstrap/Receipt/button_Print' is visible

2022-05-16 11:28:54 - [MESSAGE][PASSED] - Object 'Object Repository/AdminSuiteBootstrap_Pages/VT_Bootstrap/Receipt/button_Print' is visible

2022-05-16 11:28:54 - [TEST_STEP][PASSED] - verifyElementPresent(findTestObject("Object Repository/AdminSuiteBootstrap_Pages/VT_Bootstrap/Receipt/button_Print"), 20): Object 'Object Repository/AdminSuiteBootstrap_Pages/VT_Bootstrap/Receipt/button_Print' is present

2022-05-16 11:28:54 - [MESSAGE][PASSED] - Object 'Object Repository/AdminSuiteBootstrap_Pages/VT_Bootstrap/Receipt/button_Print' is present

2022-05-16 11:28:54 - [TEST_STEP][PASSED] - verifyTextPresent("Remittance ID", true): Text 'Remittance ID' is present on page  using regular expression

2022-05-16 11:28:55 - [MESSAGE][PASSED] - Text 'Remittance ID' is present on page  using regular expression

2022-05-16 11:28:55 - [TEST_STEP][PASSED] - verifyTextPresent("Received", true): Text 'Received' is present on page  using regular expression

2022-05-16 11:28:55 - [MESSAGE][PASSED] - Text 'Received' is present on page  using regular expression

2022-05-16 11:28:55 - [TEST_STEP][PASSED] - verifyTextPresent("UDF1", true): Text 'UDF1' is present on page  using regular expression

2022-05-16 11:28:55 - [MESSAGE][PASSED] - Text 'UDF1' is present on page  using regular expression

2022-05-16 11:28:55 - [TEST_STEP][PASSED] - verifyTextPresent("UDF2", true): Text 'UDF2' is present on page  using regular expression

2022-05-16 11:28:56 - [MESSAGE][PASSED] - Text 'UDF2' is present on page  using regular expression

2022-05-16 11:28:56 - [TEST_STEP][PASSED] - verifyTextPresent("UDF3", true): Text 'UDF3' is present on page  using regular expression

2022-05-16 11:28:56 - [MESSAGE][PASSED] - Text 'UDF3' is present on page  using regular expression

2022-05-16 11:28:56 - [TEST_STEP][PASSED] - verifyTextPresent("UDF4", true): Text 'UDF4' is present on page  using regular expression

2022-05-16 11:28:56 - [MESSAGE][PASSED] - Text 'UDF4' is present on page  using regular expression

2022-05-16 11:28:56 - [TEST_STEP][PASSED] - verifyTextPresent("UDF5", true): Text 'UDF5' is present on page  using regular expression

2022-05-16 11:28:56 - [MESSAGE][PASSED] - Text 'UDF5' is present on page  using regular expression

2022-05-16 11:28:56 - [TEST_STEP][PASSED] - verifyTextPresent("UDF6", true): Text 'UDF6' is present on page  using regular expression

2022-05-16 11:28:57 - [MESSAGE][PASSED] - Text 'UDF6' is present on page  using regular expression

2022-05-16 11:28:57 - [TEST_STEP][PASSED] - verifyTextPresent("UDF7", true): Text 'UDF7' is present on page  using regular expression

2022-05-16 11:28:57 - [MESSAGE][PASSED] - Text 'UDF7' is present on page  using regular expression

2022-05-16 11:28:57 - [TEST_STEP][PASSED] - verifyTextPresent("UDF8", true): Text 'UDF8' is present on page  using regular expression

2022-05-16 11:28:57 - [MESSAGE][PASSED] - Text 'UDF8' is present on page  using regular expression

2022-05-16 11:28:57 - [TEST_STEP][PASSED] - verifyTextPresent("UDF9", true): Text 'UDF9' is present on page  using regular expression

2022-05-16 11:28:58 - [MESSAGE][PASSED] - Text 'UDF9' is present on page  using regular expression

2022-05-16 11:28:58 - [TEST_STEP][PASSED] - verifyTextPresent("UDF 10", true): Text 'UDF 10' is present on page  using regular expression

2022-05-16 11:28:58 - [MESSAGE][PASSED] - Text 'UDF 10' is present on page  using regular expression

2022-05-16 11:28:58 - [TEST_STEP][PASSED] - verifyTextPresent("Delhi", true): Text 'Delhi' is present on page  using regular expression

2022-05-16 11:28:58 - [MESSAGE][PASSED] - Text 'Delhi' is present on page  using regular expression

2022-05-16 11:28:58 - [TEST_STEP][PASSED] - verifyTextPresent("Chennai", true): Text 'Chennai' is present on page  using regular expression

2022-05-16 11:28:59 - [MESSAGE][PASSED] - Text 'Chennai' is present on page  using regular expression

2022-05-16 11:28:59 - [TEST_STEP][PASSED] - verifyTextPresent("Mumbai", true): Text 'Mumbai' is present on page  using regular expression

2022-05-16 11:28:59 - [MESSAGE][PASSED] - Text 'Mumbai' is present on page  using regular expression

2022-05-16 11:28:59 - [TEST_STEP][PASSED] - verifyTextPresent("Kanpur", true): Text 'Kanpur' is present on page  using regular expression

2022-05-16 11:28:59 - [MESSAGE][PASSED] - Text 'Kanpur' is present on page  using regular expression

2022-05-16 11:28:59 - [TEST_STEP][PASSED] - verifyTextPresent("Orange Recorded", true): Text 'Orange Recorded' is present on page  using regular expression

2022-05-16 11:29:00 - [MESSAGE][PASSED] - Text 'Orange Recorded' is present on page  using regular expression

2022-05-16 11:29:00 - [TEST_STEP][PASSED] - verifyTextPresent("Yellow Recorded", true): Text 'Yellow Recorded' is present on page  using regular expression

2022-05-16 11:29:00 - [MESSAGE][PASSED] - Text 'Yellow Recorded' is present on page  using regular expression

2022-05-16 11:29:00 - [TEST_STEP][PASSED] - verifyTextPresent("Kolkata", true): Text 'Kolkata' is present on page  using regular expression

2022-05-16 11:29:00 - [MESSAGE][PASSED] - Text 'Kolkata' is present on page  using regular expression

2022-05-16 11:29:00 - [TEST_STEP][PASSED] - verifyTextPresent("Pune", true): Text 'Pune' is present on page  using regular expression

2022-05-16 11:29:01 - [MESSAGE][PASSED] - Text 'Pune' is present on page  using regular expression

2022-05-16 11:29:01 - [TEST_STEP][PASSED] - verifyTextPresent("Bhavnagar", true): Text 'Bhavnagar' is present on page  using regular expression

2022-05-16 11:29:01 - [MESSAGE][PASSED] - Text 'Bhavnagar' is present on page  using regular expression

2022-05-16 11:29:01 - [TEST_STEP][PASSED] - verifyTextPresent("Noida", true): Text 'Noida' is present on page  using regular expression

2022-05-16 11:29:01 - [MESSAGE][PASSED] - Text 'Noida' is present on page  using regular expression

2022-05-16 11:29:01 - [TEST_STEP][PASSED] - verifyTextPresent("Amount", true): Text 'Amount' is present on page  using regular expression

2022-05-16 11:29:02 - [MESSAGE][PASSED] - Text 'Amount' is present on page  using regular expression

2022-05-16 11:29:02 - [TEST_STEP][PASSED] - verifyTextPresent("2.50", true): Text '2.50' is present on page  using regular expression

2022-05-16 11:29:02 - [MESSAGE][PASSED] - Text '2.50' is present on page  using regular expression

2022-05-16 11:29:02 - [TEST_STEP][PASSED] - verifyTextPresent("Authorization and Capture", true): Text 'Authorization and Capture' is present on page  using regular expression

2022-05-16 11:29:02 - [MESSAGE][PASSED] - Text 'Authorization and Capture' is present on page  using regular expression

2022-05-16 11:29:02 - [TEST_STEP][PASSED] - verifyTextPresent("Card Information", true): Text 'Card Information' is present on page  using regular expression

2022-05-16 11:29:03 - [MESSAGE][PASSED] - Text 'Card Information' is present on page  using regular expression

2022-05-16 11:29:03 - [TEST_STEP][PASSED] - verifyTextPresent("TANDON RAVENA", true): Text 'TANDON RAVENA' is present on page  using regular expression

2022-05-16 11:29:03 - [MESSAGE][PASSED] - Text 'TANDON RAVENA' is present on page  using regular expression

2022-05-16 11:29:03 - [TEST_STEP][PASSED] - verifyTextPresent("Address Line 1", true): Text 'Address Line 1' is present on page  using regular expression

2022-05-16 11:29:03 - [MESSAGE][PASSED] - Text 'Address Line 1' is present on page  using regular expression

2022-05-16 11:29:03 - [TEST_STEP][PASSED] - verifyTextPresent("Address Line 2", true): Text 'Address Line 2' is present on page  using regular expression

2022-05-16 11:29:04 - [MESSAGE][PASSED] - Text 'Address Line 2' is present on page  using regular expression

2022-05-16 11:29:04 - [TEST_STEP][PASSED] - verifyTextPresent("Country", true): Text 'Country' is present on page  using regular expression

2022-05-16 11:29:04 - [MESSAGE][PASSED] - Text 'Country' is present on page  using regular expression

2022-05-16 11:29:04 - [TEST_STEP][PASSED] - verifyTextPresent("City", true): Text 'City' is present on page  using regular expression

2022-05-16 11:29:04 - [MESSAGE][PASSED] - Text 'City' is present on page  using regular expression

2022-05-16 11:29:04 - [TEST_STEP][PASSED] - verifyTextPresent("State", true): Text 'State' is present on page  using regular expression

2022-05-16 11:29:05 - [MESSAGE][PASSED] - Text 'State' is present on page  using regular expression

2022-05-16 11:29:05 - [TEST_STEP][PASSED] - verifyTextPresent("ZIP Code", true): Text 'ZIP Code' is present on page  using regular expression

2022-05-16 11:29:05 - [MESSAGE][PASSED] - Text 'ZIP Code' is present on page  using regular expression

2022-05-16 11:29:05 - [TEST_STEP][PASSED] - verifyTextPresent("248 PhoolKaante road", true): Text '248 PhoolKaante road' is present on page  using regular expression

2022-05-16 11:29:05 - [MESSAGE][PASSED] - Text '248 PhoolKaante road' is present on page  using regular expression

2022-05-16 11:29:05 - [TEST_STEP][PASSED] - verifyTextPresent("Suite 678", true): Text 'Suite 678' is present on page  using regular expression

2022-05-16 11:29:06 - [MESSAGE][PASSED] - Text 'Suite 678' is present on page  using regular expression

2022-05-16 11:29:06 - [TEST_STEP][PASSED] - verifyTextPresent("United States", true): Text 'United States' is present on page  using regular expression

2022-05-16 11:29:06 - [MESSAGE][PASSED] - Text 'United States' is present on page  using regular expression

2022-05-16 11:29:06 - [TEST_STEP][PASSED] - verifyTextPresent("ARLINGTON", true): Text 'ARLINGTON' is present on page  using regular expression

2022-05-16 11:29:06 - [MESSAGE][PASSED] - Text 'ARLINGTON' is present on page  using regular expression

2022-05-16 11:29:06 - [TEST_STEP][PASSED] - verifyTextPresent("VA", true): Text 'VA' is present on page  using regular expression

2022-05-16 11:29:06 - [MESSAGE][PASSED] - Text 'VA' is present on page  using regular expression

2022-05-16 11:29:06 - [TEST_STEP][PASSED] - verifyTextPresent("22201", true): Text '22201' is present on page  using regular expression

2022-05-16 11:29:07 - [MESSAGE][PASSED] - Text '22201' is present on page  using regular expression

2022-05-16 11:29:07 - [TEST_STEP][PASSED] - cardTypeV = findTestData(dataFile).getValue("CardType", row): null

2022-05-16 11:29:07 - [TEST_STEP][PASSED] - last4V = findTestData(dataFile).getValue("Last4", row): null

2022-05-16 11:29:07 - [TEST_STEP][PASSED] - verifyTextPresent(cardTypeV, true): Text 'Visa' is present on page  using regular expression

2022-05-16 11:29:07 - [MESSAGE][PASSED] - Text 'Visa' is present on page  using regular expression

2022-05-16 11:29:07 - [TEST_STEP][PASSED] - verifyTextPresent(last4V, true): Text '5439' is present on page  using regular expression

2022-05-16 11:29:08 - [MESSAGE][PASSED] - Text '5439' is present on page  using regular expression

2022-05-16 11:29:08 - [TEST_STEP][PASSED] - switch (appName): null

2022-05-16 11:29:08 - [TEST_STEP][PASSED] - closeBrowser(): Browser is closed

2022-05-16 11:29:08 - [MESSAGE][PASSED] - Browser is closed

2022-05-16 11:29:08 - [TEST_STEP][PASSED] - ExecuteTC = findTestData(dataFile).getValue("Execute", row): null

2022-05-16 11:29:08 - [TEST_STEP][PASSED] - out.println("Value of Execute is : " + ExecuteTC): null

2022-05-16 11:29:08 - [TEST_STEP][PASSED] - switch (executionProfile): null

2022-05-16 11:29:08 - [TEST_STEP][PASSED] - case "DemoProfile":: null

2022-05-16 11:29:08 - [TEST_STEP][PASSED] - appName = findTestData(dataFile).getValue("AppNameDemo", row): null

2022-05-16 11:29:09 - [TEST_STEP][PASSED] - appID = findTestData(dataFile).getValue("AppIDDemo", row): null

2022-05-16 11:29:09 - [TEST_STEP][PASSED] - break: null

2022-05-16 11:29:09 - [TEST_STEP][PASSED] - if (ExecuteTC.equalsIgnoreCase("Y")): null

2022-05-16 11:29:09 - [TEST_STEP][PASSED] - out.println("Begin Record Number: " + row): null

2022-05-16 11:29:09 - [TEST_STEP][PASSED] - today = new java.util.Date(): null

2022-05-16 11:29:09 - [TEST_STEP][PASSED] - println(today): null

2022-05-16 11:29:09 - [TEST_STEP][PASSED] - datText = today: null

2022-05-16 11:29:09 - [TEST_STEP][PASSED] - adminSuiteBootstrap.loginFunctionality.login_AdminSuite(): adminSuiteBootstrap.loginFunctionality.login_AdminSuite is PASSED

2022-05-16 11:29:09 - [MESSAGE][INFO] - Starting 'Chrome' driver

2022-05-16 11:29:09 - [MESSAGE][INFO] - User set preference: ['acceptInsecureCerts', 'true']

2022-05-16 11:29:09 - [MESSAGE][INFO] - Action delay is set to 0 milliseconds

2022-05-16 11:29:11 - [MESSAGE][PASSED] - Browser is opened with url: 'https://demo.velocitypayment.com/admin/imtiazdemo'

2022-05-16 11:29:11 - [MESSAGE][PASSED] - Current window maximized

2022-05-16 11:29:12 - [MESSAGE][PASSED] - Object 'Object Repository/Login_Page/Login_Username' is present

2022-05-16 11:29:12 - [MESSAGE][PASSED] - Text 'iahmed' is set on object 'Object Repository/Login_Page/Login_Username'

2022-05-16 11:29:13 - [MESSAGE][PASSED] - Text 'hello2222' is set on object 'Object Repository/Login_Page/Login_Password'

2022-05-16 11:29:17 - [MESSAGE][PASSED] - Object: 'Object Repository/Login_Page/Login_Submit' is clicked on

2022-05-16 11:29:17 - [MESSAGE][PASSED] - adminSuiteBootstrap.loginFunctionality.login_AdminSuite is PASSED

2022-05-16 11:29:17 - [TEST_STEP][PASSED] - click(findTestObject(path_Dashboard + appName)): Object: 'Object Repository/AdminSuiteBootstrap_Pages/Dashboard_Bootstrap/a_Access AutoNoCFtpDemo' is clicked on

2022-05-16 11:29:20 - [MESSAGE][PASSED] - Object: 'Object Repository/AdminSuiteBootstrap_Pages/Dashboard_Bootstrap/a_Access AutoNoCFtpDemo' is clicked on

2022-05-16 11:29:20 - [TEST_STEP][PASSED] - click(findTestObject(path_VT + "a_Find Profile")): Object: 'Object Repository/AdminSuiteBootstrap_Pages/VT_Bootstrap/IssueTransactions/a_Find Profile' is clicked on

2022-05-16 11:29:20 - [MESSAGE][PASSED] - Object: 'Object Repository/AdminSuiteBootstrap_Pages/VT_Bootstrap/IssueTransactions/a_Find Profile' is clicked on

2022-05-16 11:29:20 - [TEST_STEP][PASSED] - criteria = <not implemented yet for class: org.codehaus.groovy.ast.expr.EmptyExpression>: null

2022-05-16 11:29:20 - [TEST_STEP][PASSED] - searchBy = <not implemented yet for class: org.codehaus.groovy.ast.expr.EmptyExpression>: null

2022-05-16 11:29:20 - [TEST_STEP][PASSED] - criteria = findTestData(dataFile).getValue("ProfileName", row): null

2022-05-16 11:29:20 - [TEST_STEP][PASSED] - path_SearchProfile = "Object Repository/AdminSuiteBootstrap_Pages/VSP_Bootstrap/SearchProfile/": null

2022-05-16 11:29:20 - [TEST_STEP][PASSED] - setText(findTestObject(path_SearchProfile + "input_Criteria"), criteria): Text 'PaymentsMC' is set on object 'Object Repository/AdminSuiteBootstrap_Pages/VSP_Bootstrap/SearchProfile/input_Criteria'

2022-05-16 11:29:21 - [MESSAGE][PASSED] - Text 'PaymentsMC' is set on object 'Object Repository/AdminSuiteBootstrap_Pages/VSP_Bootstrap/SearchProfile/input_Criteria'

2022-05-16 11:29:21 - [TEST_STEP][PASSED] - click(findTestObject(path_SearchProfile + "button_Search")): Object: 'Object Repository/AdminSuiteBootstrap_Pages/VSP_Bootstrap/SearchProfile/button_Search' is clicked on

2022-05-16 11:29:24 - [MESSAGE][PASSED] - Object: 'Object Repository/AdminSuiteBootstrap_Pages/VSP_Bootstrap/SearchProfile/button_Search' is clicked on

2022-05-16 11:29:24 - [TEST_STEP][PASSED] - profNameLink = findTestData(dataFile).getValue("ProfileNameLink", row): null

2022-05-16 11:29:24 - [TEST_STEP][PASSED] - click(findTestObject(path_ViewProfile + profNameLink)): Object: 'Object Repository/AdminSuiteBootstrap_Pages/VSP_Bootstrap/View Profile/a_PaymentsMC' is clicked on

2022-05-16 11:29:27 - [MESSAGE][PASSED] - Object: 'Object Repository/AdminSuiteBootstrap_Pages/VSP_Bootstrap/View Profile/a_PaymentsMC' is clicked on

2022-05-16 11:29:27 - [TEST_STEP][PASSED] - click(findTestObject(path_ViewProfile + "a_AuthCap")): Object: 'Object Repository/AdminSuiteBootstrap_Pages/VSP_Bootstrap/View Profile/a_AuthCap' is clicked on

2022-05-16 11:29:31 - [MESSAGE][PASSED] - Object: 'Object Repository/AdminSuiteBootstrap_Pages/VSP_Bootstrap/View Profile/a_AuthCap' is clicked on

2022-05-16 11:29:31 - [TEST_STEP][PASSED] - verifyTextPresent("Credit Card Authorization Capture", true): Text 'Credit Card Authorization Capture' is present on page  using regular expression

2022-05-16 11:29:33 - [MESSAGE][PASSED] - Text 'Credit Card Authorization Capture' is present on page  using regular expression

2022-05-16 11:29:33 - [TEST_STEP][PASSED] - verifyTextPresent("Sale", true): Text 'Sale' is present on page  using regular expression

2022-05-16 11:29:34 - [MESSAGE][PASSED] - Text 'Sale' is present on page  using regular expression

2022-05-16 11:29:34 - [TEST_STEP][PASSED] - verifyTextPresent("Required fields are highlighted with an asterisk", true): Text 'Required fields are highlighted with an asterisk' is present on page  using regular expression

2022-05-16 11:29:34 - [MESSAGE][PASSED] - Text 'Required fields are highlighted with an asterisk' is present on page  using regular expression

2022-05-16 11:29:34 - [TEST_STEP][PASSED] - verifyTextPresent("Remittance ID", true): Text 'Remittance ID' is present on page  using regular expression

2022-05-16 11:29:35 - [MESSAGE][PASSED] - Text 'Remittance ID' is present on page  using regular expression

2022-05-16 11:29:35 - [TEST_STEP][PASSED] - vspBootstrap.SalePage.setDataSaleAndAuth(row, dataFile): vspBootstrap.SalePage.setDataSaleAndAuth is PASSED

2022-05-16 11:29:36 - [MESSAGE][PASSED] - All options with value 'RETL' are selected in object 'Object Repository/AdminSuiteBootstrap_Pages/VSP_Bootstrap/VSP_Authcap/select_TransactionCategory'  using regular expression

2022-05-16 11:29:37 - [MESSAGE][PASSED] - Text '123' is set on object 'Object Repository/AdminSuiteBootstrap_Pages/VSP_Bootstrap/VSP_Authcap/input_cvv'

2022-05-16 11:29:37 - [MESSAGE][PASSED] - Text '' is set on object 'Object Repository/AdminSuiteBootstrap_Pages/VSP_Bootstrap/VSP_Authcap/input_smsNumber'

2022-05-16 11:29:38 - [MESSAGE][PASSED] - Text '2.50' is set on object 'Object Repository/AdminSuiteBootstrap_Pages/VSP_Bootstrap/VSP_Authcap/input_amount'

2022-05-16 11:29:39 - [MESSAGE][PASSED] - Text 'Delhi' is set on object 'Object Repository/AdminSuiteBootstrap_Pages/VSP_Bootstrap/VSP_Authcap/input_userDefined1'

2022-05-16 11:29:39 - [MESSAGE][PASSED] - Text 'Chennai' is set on object 'Object Repository/AdminSuiteBootstrap_Pages/VSP_Bootstrap/VSP_Authcap/input_userDefined2'

2022-05-16 11:29:40 - [MESSAGE][PASSED] - Text 'Mumbai' is set on object 'Object Repository/AdminSuiteBootstrap_Pages/VSP_Bootstrap/VSP_Authcap/input_userDefined3'

2022-05-16 11:29:41 - [MESSAGE][PASSED] - Text 'Kanpur' is set on object 'Object Repository/AdminSuiteBootstrap_Pages/VSP_Bootstrap/VSP_Authcap/input_userDefined4'

2022-05-16 11:29:42 - [MESSAGE][PASSED] - All options with label 'Orange' are selected in object 'Object Repository/AdminSuiteBootstrap_Pages/VSP_Bootstrap/VSP_Authcap/select_UDF5'  using regular expression

2022-05-16 11:29:43 - [MESSAGE][PASSED] - All options with label 'Yellow' are selected in object 'Object Repository/AdminSuiteBootstrap_Pages/VSP_Bootstrap/VSP_Authcap/select_UDF6'  using regular expression

2022-05-16 11:29:43 - [MESSAGE][PASSED] - Text 'Kolkata' is set on object 'Object Repository/AdminSuiteBootstrap_Pages/VSP_Bootstrap/VSP_Authcap/input_userDefined7'

2022-05-16 11:29:44 - [MESSAGE][PASSED] - Text 'Pune' is set on object 'Object Repository/AdminSuiteBootstrap_Pages/VSP_Bootstrap/VSP_Authcap/input_userDefined8'

2022-05-16 11:29:45 - [MESSAGE][PASSED] - Text 'Bhavnagar' is set on object 'Object Repository/AdminSuiteBootstrap_Pages/VSP_Bootstrap/VSP_Authcap/input_userDefined9'

2022-05-16 11:29:45 - [MESSAGE][PASSED] - Text 'Noida' is set on object 'Object Repository/AdminSuiteBootstrap_Pages/VSP_Bootstrap/VSP_Authcap/input_userDefined10'

2022-05-16 11:29:50 - [MESSAGE][PASSED] - Object: 'Object Repository/AdminSuiteBootstrap_Pages/VSP_Bootstrap/VSP_Authcap/button_Submit' is clicked on

2022-05-16 11:29:50 - [MESSAGE][PASSED] - vspBootstrap.SalePage.setDataSaleAndAuth is PASSED

2022-05-16 11:29:50 - [TEST_STEP][PASSED] - verifyTextPresent("Transaction Successful", true): Text 'Transaction Successful' is present on page  using regular expression

2022-05-16 11:29:51 - [MESSAGE][PASSED] - Text 'Transaction Successful' is present on page  using regular expression

2022-05-16 11:29:51 - [TEST_STEP][PASSED] - verifyElementVisible(findTestObject("Object Repository/AdminSuiteBootstrap_Pages/VT_Bootstrap/Receipt/button_Continue")): Object 'Object Repository/AdminSuiteBootstrap_Pages/VT_Bootstrap/Receipt/button_Continue' is visible

2022-05-16 11:29:51 - [MESSAGE][PASSED] - Object 'Object Repository/AdminSuiteBootstrap_Pages/VT_Bootstrap/Receipt/button_Continue' is visible

2022-05-16 11:29:51 - [TEST_STEP][PASSED] - verifyElementPresent(findTestObject("Object Repository/AdminSuiteBootstrap_Pages/VT_Bootstrap/Receipt/button_Continue"), 20): Object 'Object Repository/AdminSuiteBootstrap_Pages/VT_Bootstrap/Receipt/button_Continue' is present

2022-05-16 11:29:51 - [MESSAGE][PASSED] - Object 'Object Repository/AdminSuiteBootstrap_Pages/VT_Bootstrap/Receipt/button_Continue' is present

2022-05-16 11:29:51 - [TEST_STEP][PASSED] - verifyElementVisible(findTestObject("Object Repository/AdminSuiteBootstrap_Pages/VT_Bootstrap/Receipt/button_Print")): Object 'Object Repository/AdminSuiteBootstrap_Pages/VT_Bootstrap/Receipt/button_Print' is visible

2022-05-16 11:29:52 - [MESSAGE][PASSED] - Object 'Object Repository/AdminSuiteBootstrap_Pages/VT_Bootstrap/Receipt/button_Print' is visible

2022-05-16 11:29:52 - [TEST_STEP][PASSED] - verifyElementPresent(findTestObject("Object Repository/AdminSuiteBootstrap_Pages/VT_Bootstrap/Receipt/button_Print"), 20): Object 'Object Repository/AdminSuiteBootstrap_Pages/VT_Bootstrap/Receipt/button_Print' is present

2022-05-16 11:29:52 - [MESSAGE][PASSED] - Object 'Object Repository/AdminSuiteBootstrap_Pages/VT_Bootstrap/Receipt/button_Print' is present

2022-05-16 11:29:52 - [TEST_STEP][PASSED] - verifyTextPresent("Remittance ID", true): Text 'Remittance ID' is present on page  using regular expression

2022-05-16 11:29:52 - [MESSAGE][PASSED] - Text 'Remittance ID' is present on page  using regular expression

2022-05-16 11:29:52 - [TEST_STEP][PASSED] - verifyTextPresent("Received", true): Text 'Received' is present on page  using regular expression

2022-05-16 11:29:53 - [MESSAGE][PASSED] - Text 'Received' is present on page  using regular expression

2022-05-16 11:29:53 - [TEST_STEP][PASSED] - verifyTextPresent("UDF1", true): Text 'UDF1' is present on page  using regular expression

2022-05-16 11:29:53 - [MESSAGE][PASSED] - Text 'UDF1' is present on page  using regular expression

2022-05-16 11:29:53 - [TEST_STEP][PASSED] - verifyTextPresent("UDF2", true): Text 'UDF2' is present on page  using regular expression

2022-05-16 11:29:53 - [MESSAGE][PASSED] - Text 'UDF2' is present on page  using regular expression

2022-05-16 11:29:53 - [TEST_STEP][PASSED] - verifyTextPresent("UDF3", true): Text 'UDF3' is present on page  using regular expression

2022-05-16 11:29:54 - [MESSAGE][PASSED] - Text 'UDF3' is present on page  using regular expression

2022-05-16 11:29:54 - [TEST_STEP][PASSED] - verifyTextPresent("UDF4", true): Text 'UDF4' is present on page  using regular expression

2022-05-16 11:29:54 - [MESSAGE][PASSED] - Text 'UDF4' is present on page  using regular expression

2022-05-16 11:29:54 - [TEST_STEP][PASSED] - verifyTextPresent("UDF5", true): Text 'UDF5' is present on page  using regular expression

2022-05-16 11:29:54 - [MESSAGE][PASSED] - Text 'UDF5' is present on page  using regular expression

2022-05-16 11:29:54 - [TEST_STEP][PASSED] - verifyTextPresent("UDF6", true): Text 'UDF6' is present on page  using regular expression

2022-05-16 11:29:55 - [MESSAGE][PASSED] - Text 'UDF6' is present on page  using regular expression

2022-05-16 11:29:55 - [TEST_STEP][PASSED] - verifyTextPresent("UDF7", true): Text 'UDF7' is present on page  using regular expression

2022-05-16 11:29:55 - [MESSAGE][PASSED] - Text 'UDF7' is present on page  using regular expression

2022-05-16 11:29:55 - [TEST_STEP][PASSED] - verifyTextPresent("UDF8", true): Text 'UDF8' is present on page  using regular expression

2022-05-16 11:29:55 - [MESSAGE][PASSED] - Text 'UDF8' is present on page  using regular expression

2022-05-16 11:29:55 - [TEST_STEP][PASSED] - verifyTextPresent("UDF9", true): Text 'UDF9' is present on page  using regular expression

2022-05-16 11:29:56 - [MESSAGE][PASSED] - Text 'UDF9' is present on page  using regular expression

2022-05-16 11:29:56 - [TEST_STEP][PASSED] - verifyTextPresent("UDF 10", true): Text 'UDF 10' is present on page  using regular expression

2022-05-16 11:29:56 - [MESSAGE][PASSED] - Text 'UDF 10' is present on page  using regular expression

2022-05-16 11:29:56 - [TEST_STEP][PASSED] - verifyTextPresent("Delhi", true): Text 'Delhi' is present on page  using regular expression

2022-05-16 11:29:56 - [MESSAGE][PASSED] - Text 'Delhi' is present on page  using regular expression

2022-05-16 11:29:56 - [TEST_STEP][PASSED] - verifyTextPresent("Chennai", true): Text 'Chennai' is present on page  using regular expression

2022-05-16 11:29:57 - [MESSAGE][PASSED] - Text 'Chennai' is present on page  using regular expression

2022-05-16 11:29:57 - [TEST_STEP][PASSED] - verifyTextPresent("Mumbai", true): Text 'Mumbai' is present on page  using regular expression

2022-05-16 11:29:57 - [MESSAGE][PASSED] - Text 'Mumbai' is present on page  using regular expression

2022-05-16 11:29:57 - [TEST_STEP][PASSED] - verifyTextPresent("Kanpur", true): Text 'Kanpur' is present on page  using regular expression

2022-05-16 11:29:57 - [MESSAGE][PASSED] - Text 'Kanpur' is present on page  using regular expression

2022-05-16 11:29:57 - [TEST_STEP][PASSED] - verifyTextPresent("Orange Recorded", true): Text 'Orange Recorded' is present on page  using regular expression

2022-05-16 11:29:58 - [MESSAGE][PASSED] - Text 'Orange Recorded' is present on page  using regular expression

2022-05-16 11:29:58 - [TEST_STEP][PASSED] - verifyTextPresent("Yellow Recorded", true): Text 'Yellow Recorded' is present on page  using regular expression

2022-05-16 11:29:58 - [MESSAGE][PASSED] - Text 'Yellow Recorded' is present on page  using regular expression

2022-05-16 11:29:58 - [TEST_STEP][PASSED] - verifyTextPresent("Kolkata", true): Text 'Kolkata' is present on page  using regular expression

2022-05-16 11:29:58 - [MESSAGE][PASSED] - Text 'Kolkata' is present on page  using regular expression

2022-05-16 11:29:58 - [TEST_STEP][PASSED] - verifyTextPresent("Pune", true): Text 'Pune' is present on page  using regular expression

2022-05-16 11:29:59 - [MESSAGE][PASSED] - Text 'Pune' is present on page  using regular expression

2022-05-16 11:29:59 - [TEST_STEP][PASSED] - verifyTextPresent("Bhavnagar", true): Text 'Bhavnagar' is present on page  using regular expression

2022-05-16 11:29:59 - [MESSAGE][PASSED] - Text 'Bhavnagar' is present on page  using regular expression

2022-05-16 11:29:59 - [TEST_STEP][PASSED] - verifyTextPresent("Noida", true): Text 'Noida' is present on page  using regular expression

2022-05-16 11:29:59 - [MESSAGE][PASSED] - Text 'Noida' is present on page  using regular expression

2022-05-16 11:29:59 - [TEST_STEP][PASSED] - verifyTextPresent("Amount", true): Text 'Amount' is present on page  using regular expression

2022-05-16 11:30:00 - [MESSAGE][PASSED] - Text 'Amount' is present on page  using regular expression

2022-05-16 11:30:00 - [TEST_STEP][PASSED] - verifyTextPresent("2.50", true): Text '2.50' is present on page  using regular expression

2022-05-16 11:30:00 - [MESSAGE][PASSED] - Text '2.50' is present on page  using regular expression

2022-05-16 11:30:00 - [TEST_STEP][PASSED] - verifyTextPresent("Authorization and Capture", true): Text 'Authorization and Capture' is present on page  using regular expression

2022-05-16 11:30:00 - [MESSAGE][PASSED] - Text 'Authorization and Capture' is present on page  using regular expression

2022-05-16 11:30:00 - [TEST_STEP][PASSED] - verifyTextPresent("Card Information", true): Text 'Card Information' is present on page  using regular expression

2022-05-16 11:30:01 - [MESSAGE][PASSED] - Text 'Card Information' is present on page  using regular expression

2022-05-16 11:30:01 - [TEST_STEP][PASSED] - verifyTextPresent("TANDON RAVENA", true): Text 'TANDON RAVENA' is present on page  using regular expression

2022-05-16 11:30:01 - [MESSAGE][PASSED] - Text 'TANDON RAVENA' is present on page  using regular expression

2022-05-16 11:30:01 - [TEST_STEP][PASSED] - verifyTextPresent("Address Line 1", true): Text 'Address Line 1' is present on page  using regular expression

2022-05-16 11:30:01 - [MESSAGE][PASSED] - Text 'Address Line 1' is present on page  using regular expression

2022-05-16 11:30:01 - [TEST_STEP][PASSED] - verifyTextPresent("Address Line 2", true): Text 'Address Line 2' is present on page  using regular expression

2022-05-16 11:30:02 - [MESSAGE][PASSED] - Text 'Address Line 2' is present on page  using regular expression

2022-05-16 11:30:02 - [TEST_STEP][PASSED] - verifyTextPresent("Country", true): Text 'Country' is present on page  using regular expression

2022-05-16 11:30:02 - [MESSAGE][PASSED] - Text 'Country' is present on page  using regular expression

2022-05-16 11:30:02 - [TEST_STEP][PASSED] - verifyTextPresent("City", true): Text 'City' is present on page  using regular expression

2022-05-16 11:30:02 - [MESSAGE][PASSED] - Text 'City' is present on page  using regular expression

2022-05-16 11:30:02 - [TEST_STEP][PASSED] - verifyTextPresent("State", true): Text 'State' is present on page  using regular expression

2022-05-16 11:30:03 - [MESSAGE][PASSED] - Text 'State' is present on page  using regular expression

2022-05-16 11:30:03 - [TEST_STEP][PASSED] - verifyTextPresent("ZIP Code", true): Text 'ZIP Code' is present on page  using regular expression

2022-05-16 11:30:03 - [MESSAGE][PASSED] - Text 'ZIP Code' is present on page  using regular expression

2022-05-16 11:30:03 - [TEST_STEP][PASSED] - verifyTextPresent("248 PhoolKaante road", true): Text '248 PhoolKaante road' is present on page  using regular expression

2022-05-16 11:30:03 - [MESSAGE][PASSED] - Text '248 PhoolKaante road' is present on page  using regular expression

2022-05-16 11:30:03 - [TEST_STEP][PASSED] - verifyTextPresent("Suite 678", true): Text 'Suite 678' is present on page  using regular expression

2022-05-16 11:30:04 - [MESSAGE][PASSED] - Text 'Suite 678' is present on page  using regular expression

2022-05-16 11:30:04 - [TEST_STEP][PASSED] - verifyTextPresent("United States", true): Text 'United States' is present on page  using regular expression

2022-05-16 11:30:04 - [MESSAGE][PASSED] - Text 'United States' is present on page  using regular expression

2022-05-16 11:30:04 - [TEST_STEP][PASSED] - verifyTextPresent("ARLINGTON", true): Text 'ARLINGTON' is present on page  using regular expression

2022-05-16 11:30:04 - [MESSAGE][PASSED] - Text 'ARLINGTON' is present on page  using regular expression

2022-05-16 11:30:04 - [TEST_STEP][PASSED] - verifyTextPresent("VA", true): Text 'VA' is present on page  using regular expression

2022-05-16 11:30:05 - [MESSAGE][PASSED] - Text 'VA' is present on page  using regular expression

2022-05-16 11:30:05 - [TEST_STEP][PASSED] - verifyTextPresent("22201", true): Text '22201' is present on page  using regular expression

2022-05-16 11:30:05 - [MESSAGE][PASSED] - Text '22201' is present on page  using regular expression

2022-05-16 11:30:05 - [TEST_STEP][PASSED] - cardTypeV = findTestData(dataFile).getValue("CardType", row): null

2022-05-16 11:30:05 - [TEST_STEP][PASSED] - last4V = findTestData(dataFile).getValue("Last4", row): null

2022-05-16 11:30:05 - [TEST_STEP][PASSED] - verifyTextPresent(cardTypeV, true): Text 'MasterCard' is present on page  using regular expression

2022-05-16 11:30:05 - [MESSAGE][PASSED] - Text 'MasterCard' is present on page  using regular expression

2022-05-16 11:30:05 - [TEST_STEP][PASSED] - verifyTextPresent(last4V, true): Text '0035' is present on page  using regular expression

2022-05-16 11:30:06 - [MESSAGE][PASSED] - Text '0035' is present on page  using regular expression

2022-05-16 11:30:06 - [TEST_STEP][PASSED] - switch (appName): null

2022-05-16 11:30:06 - [TEST_STEP][PASSED] - closeBrowser(): Browser is closed

2022-05-16 11:30:07 - [MESSAGE][PASSED] - Browser is closed

2022-05-16 11:30:07 - [TEST_STEP][PASSED] - ExecuteTC = findTestData(dataFile).getValue("Execute", row): null

2022-05-16 11:30:07 - [TEST_STEP][PASSED] - out.println("Value of Execute is : " + ExecuteTC): null

2022-05-16 11:30:07 - [TEST_STEP][PASSED] - switch (executionProfile): null

2022-05-16 11:30:07 - [TEST_STEP][PASSED] - case "DemoProfile":: null

2022-05-16 11:30:07 - [TEST_STEP][PASSED] - appName = findTestData(dataFile).getValue("AppNameDemo", row): null

2022-05-16 11:30:07 - [TEST_STEP][PASSED] - appID = findTestData(dataFile).getValue("AppIDDemo", row): null

2022-05-16 11:30:07 - [TEST_STEP][PASSED] - break: null

2022-05-16 11:30:07 - [TEST_STEP][PASSED] - if (ExecuteTC.equalsIgnoreCase("Y")): null

2022-05-16 11:30:07 - [TEST_STEP][PASSED] - out.println("Begin Record Number: " + row): null

2022-05-16 11:30:07 - [TEST_STEP][PASSED] - today = new java.util.Date(): null

2022-05-16 11:30:07 - [TEST_STEP][PASSED] - println(today): null

2022-05-16 11:30:07 - [TEST_STEP][PASSED] - datText = today: null

2022-05-16 11:30:07 - [TEST_STEP][PASSED] - adminSuiteBootstrap.loginFunctionality.login_AdminSuite(): adminSuiteBootstrap.loginFunctionality.login_AdminSuite is PASSED

2022-05-16 11:30:07 - [MESSAGE][INFO] - Starting 'Chrome' driver

2022-05-16 11:30:07 - [MESSAGE][INFO] - User set preference: ['acceptInsecureCerts', 'true']

2022-05-16 11:30:07 - [MESSAGE][INFO] - Action delay is set to 0 milliseconds

2022-05-16 11:30:09 - [MESSAGE][PASSED] - Browser is opened with url: 'https://demo.velocitypayment.com/admin/imtiazdemo'

2022-05-16 11:30:09 - [MESSAGE][PASSED] - Current window maximized

2022-05-16 11:30:10 - [MESSAGE][PASSED] - Object 'Object Repository/Login_Page/Login_Username' is present

2022-05-16 11:30:10 - [MESSAGE][PASSED] - Text 'iahmed' is set on object 'Object Repository/Login_Page/Login_Username'

2022-05-16 11:30:11 - [MESSAGE][PASSED] - Text 'hello2222' is set on object 'Object Repository/Login_Page/Login_Password'

2022-05-16 11:30:14 - [MESSAGE][PASSED] - Object: 'Object Repository/Login_Page/Login_Submit' is clicked on

2022-05-16 11:30:14 - [MESSAGE][PASSED] - adminSuiteBootstrap.loginFunctionality.login_AdminSuite is PASSED

2022-05-16 11:30:14 - [TEST_STEP][PASSED] - click(findTestObject(path_Dashboard + appName)): Object: 'Object Repository/AdminSuiteBootstrap_Pages/Dashboard_Bootstrap/a_Access AutoNoCFtpDemo' is clicked on

2022-05-16 11:30:16 - [MESSAGE][PASSED] - Object: 'Object Repository/AdminSuiteBootstrap_Pages/Dashboard_Bootstrap/a_Access AutoNoCFtpDemo' is clicked on

2022-05-16 11:30:16 - [TEST_STEP][PASSED] - click(findTestObject(path_VT + "a_Find Profile")): Object: 'Object Repository/AdminSuiteBootstrap_Pages/VT_Bootstrap/IssueTransactions/a_Find Profile' is clicked on

2022-05-16 11:30:17 - [MESSAGE][PASSED] - Object: 'Object Repository/AdminSuiteBootstrap_Pages/VT_Bootstrap/IssueTransactions/a_Find Profile' is clicked on

2022-05-16 11:30:17 - [TEST_STEP][PASSED] - criteria = <not implemented yet for class: org.codehaus.groovy.ast.expr.EmptyExpression>: null

2022-05-16 11:30:17 - [TEST_STEP][PASSED] - searchBy = <not implemented yet for class: org.codehaus.groovy.ast.expr.EmptyExpression>: null

2022-05-16 11:30:17 - [TEST_STEP][PASSED] - criteria = findTestData(dataFile).getValue("ProfileName", row): null

2022-05-16 11:30:17 - [TEST_STEP][PASSED] - path_SearchProfile = "Object Repository/AdminSuiteBootstrap_Pages/VSP_Bootstrap/SearchProfile/": null

2022-05-16 11:30:17 - [TEST_STEP][PASSED] - setText(findTestObject(path_SearchProfile + "input_Criteria"), criteria): Text 'PaymentsAmEx' is set on object 'Object Repository/AdminSuiteBootstrap_Pages/VSP_Bootstrap/SearchProfile/input_Criteria'

2022-05-16 11:30:18 - [MESSAGE][PASSED] - Text 'PaymentsAmEx' is set on object 'Object Repository/AdminSuiteBootstrap_Pages/VSP_Bootstrap/SearchProfile/input_Criteria'

2022-05-16 11:30:18 - [TEST_STEP][PASSED] - click(findTestObject(path_SearchProfile + "button_Search")): Object: 'Object Repository/AdminSuiteBootstrap_Pages/VSP_Bootstrap/SearchProfile/button_Search' is clicked on

2022-05-16 11:30:21 - [MESSAGE][PASSED] - Object: 'Object Repository/AdminSuiteBootstrap_Pages/VSP_Bootstrap/SearchProfile/button_Search' is clicked on

2022-05-16 11:30:21 - [TEST_STEP][PASSED] - profNameLink = findTestData(dataFile).getValue("ProfileNameLink", row): null

2022-05-16 11:30:21 - [TEST_STEP][PASSED] - click(findTestObject(path_ViewProfile + profNameLink)): Object: 'Object Repository/AdminSuiteBootstrap_Pages/VSP_Bootstrap/View Profile/a_PaymentsAmEx' is clicked on

2022-05-16 11:30:24 - [MESSAGE][PASSED] - Object: 'Object Repository/AdminSuiteBootstrap_Pages/VSP_Bootstrap/View Profile/a_PaymentsAmEx' is clicked on

2022-05-16 11:30:24 - [TEST_STEP][PASSED] - click(findTestObject(path_ViewProfile + "a_AuthCap")): Object: 'Object Repository/AdminSuiteBootstrap_Pages/VSP_Bootstrap/View Profile/a_AuthCap' is clicked on

2022-05-16 11:30:27 - [MESSAGE][PASSED] - Object: 'Object Repository/AdminSuiteBootstrap_Pages/VSP_Bootstrap/View Profile/a_AuthCap' is clicked on

2022-05-16 11:30:27 - [TEST_STEP][PASSED] - verifyTextPresent("Credit Card Authorization Capture", true): Text 'Credit Card Authorization Capture' is present on page  using regular expression

2022-05-16 11:30:29 - [MESSAGE][PASSED] - Text 'Credit Card Authorization Capture' is present on page  using regular expression

2022-05-16 11:30:29 - [TEST_STEP][PASSED] - verifyTextPresent("Sale", true): Text 'Sale' is present on page  using regular expression

2022-05-16 11:30:30 - [MESSAGE][PASSED] - Text 'Sale' is present on page  using regular expression

2022-05-16 11:30:30 - [TEST_STEP][PASSED] - verifyTextPresent("Required fields are highlighted with an asterisk", true): Text 'Required fields are highlighted with an asterisk' is present on page  using regular expression

2022-05-16 11:30:30 - [MESSAGE][PASSED] - Text 'Required fields are highlighted with an asterisk' is present on page  using regular expression

2022-05-16 11:30:30 - [TEST_STEP][PASSED] - verifyTextPresent("Remittance ID", true): Text 'Remittance ID' is present on page  using regular expression

2022-05-16 11:30:30 - [MESSAGE][PASSED] - Text 'Remittance ID' is present on page  using regular expression

2022-05-16 11:30:30 - [TEST_STEP][PASSED] - vspBootstrap.SalePage.setDataSaleAndAuth(row, dataFile): vspBootstrap.SalePage.setDataSaleAndAuth is PASSED

2022-05-16 11:30:32 - [MESSAGE][PASSED] - All options with value 'RETL' are selected in object 'Object Repository/AdminSuiteBootstrap_Pages/VSP_Bootstrap/VSP_Authcap/select_TransactionCategory'  using regular expression

2022-05-16 11:30:32 - [MESSAGE][PASSED] - Text '1234' is set on object 'Object Repository/AdminSuiteBootstrap_Pages/VSP_Bootstrap/VSP_Authcap/input_cvv'

2022-05-16 11:30:33 - [MESSAGE][PASSED] - Text '' is set on object 'Object Repository/AdminSuiteBootstrap_Pages/VSP_Bootstrap/VSP_Authcap/input_smsNumber'

2022-05-16 11:30:34 - [MESSAGE][PASSED] - Text '2.50' is set on object 'Object Repository/AdminSuiteBootstrap_Pages/VSP_Bootstrap/VSP_Authcap/input_amount'

2022-05-16 11:30:35 - [MESSAGE][PASSED] - Text 'Delhi' is set on object 'Object Repository/AdminSuiteBootstrap_Pages/VSP_Bootstrap/VSP_Authcap/input_userDefined1'

2022-05-16 11:30:35 - [MESSAGE][PASSED] - Text 'Chennai' is set on object 'Object Repository/AdminSuiteBootstrap_Pages/VSP_Bootstrap/VSP_Authcap/input_userDefined2'

2022-05-16 11:30:36 - [MESSAGE][PASSED] - Text 'Mumbai' is set on object 'Object Repository/AdminSuiteBootstrap_Pages/VSP_Bootstrap/VSP_Authcap/input_userDefined3'

2022-05-16 11:30:37 - [MESSAGE][PASSED] - Text 'Kanpur' is set on object 'Object Repository/AdminSuiteBootstrap_Pages/VSP_Bootstrap/VSP_Authcap/input_userDefined4'

2022-05-16 11:30:38 - [MESSAGE][PASSED] - All options with label 'Orange' are selected in object 'Object Repository/AdminSuiteBootstrap_Pages/VSP_Bootstrap/VSP_Authcap/select_UDF5'  using regular expression

2022-05-16 11:30:39 - [MESSAGE][PASSED] - All options with label 'Yellow' are selected in object 'Object Repository/AdminSuiteBootstrap_Pages/VSP_Bootstrap/VSP_Authcap/select_UDF6'  using regular expression

2022-05-16 11:30:39 - [MESSAGE][PASSED] - Text 'Kolkata' is set on object 'Object Repository/AdminSuiteBootstrap_Pages/VSP_Bootstrap/VSP_Authcap/input_userDefined7'

2022-05-16 11:30:40 - [MESSAGE][PASSED] - Text 'Pune' is set on object 'Object Repository/AdminSuiteBootstrap_Pages/VSP_Bootstrap/VSP_Authcap/input_userDefined8'

2022-05-16 11:30:41 - [MESSAGE][PASSED] - Text 'Bhavnagar' is set on object 'Object Repository/AdminSuiteBootstrap_Pages/VSP_Bootstrap/VSP_Authcap/input_userDefined9'

2022-05-16 11:30:41 - [MESSAGE][PASSED] - Text 'Noida' is set on object 'Object Repository/AdminSuiteBootstrap_Pages/VSP_Bootstrap/VSP_Authcap/input_userDefined10'

2022-05-16 11:30:48 - [MESSAGE][PASSED] - Object: 'Object Repository/AdminSuiteBootstrap_Pages/VSP_Bootstrap/VSP_Authcap/button_Submit' is clicked on

2022-05-16 11:30:48 - [MESSAGE][PASSED] - vspBootstrap.SalePage.setDataSaleAndAuth is PASSED

2022-05-16 11:30:48 - [TEST_STEP][PASSED] - verifyTextPresent("Transaction Successful", true): Text 'Transaction Successful' is present on page  using regular expression

2022-05-16 11:30:48 - [MESSAGE][PASSED] - Text 'Transaction Successful' is present on page  using regular expression

2022-05-16 11:30:48 - [TEST_STEP][PASSED] - verifyElementVisible(findTestObject("Object Repository/AdminSuiteBootstrap_Pages/VT_Bootstrap/Receipt/button_Continue")): Object 'Object Repository/AdminSuiteBootstrap_Pages/VT_Bootstrap/Receipt/button_Continue' is visible

2022-05-16 11:30:48 - [MESSAGE][PASSED] - Object 'Object Repository/AdminSuiteBootstrap_Pages/VT_Bootstrap/Receipt/button_Continue' is visible

2022-05-16 11:30:48 - [TEST_STEP][PASSED] - verifyElementPresent(findTestObject("Object Repository/AdminSuiteBootstrap_Pages/VT_Bootstrap/Receipt/button_Continue"), 20): Object 'Object Repository/AdminSuiteBootstrap_Pages/VT_Bootstrap/Receipt/button_Continue' is present

2022-05-16 11:30:49 - [MESSAGE][PASSED] - Object 'Object Repository/AdminSuiteBootstrap_Pages/VT_Bootstrap/Receipt/button_Continue' is present

2022-05-16 11:30:49 - [TEST_STEP][PASSED] - verifyElementVisible(findTestObject("Object Repository/AdminSuiteBootstrap_Pages/VT_Bootstrap/Receipt/button_Print")): Object 'Object Repository/AdminSuiteBootstrap_Pages/VT_Bootstrap/Receipt/button_Print' is visible

2022-05-16 11:30:49 - [MESSAGE][PASSED] - Object 'Object Repository/AdminSuiteBootstrap_Pages/VT_Bootstrap/Receipt/button_Print' is visible

2022-05-16 11:30:49 - [TEST_STEP][PASSED] - verifyElementPresent(findTestObject("Object Repository/AdminSuiteBootstrap_Pages/VT_Bootstrap/Receipt/button_Print"), 20): Object 'Object Repository/AdminSuiteBootstrap_Pages/VT_Bootstrap/Receipt/button_Print' is present

2022-05-16 11:30:49 - [MESSAGE][PASSED] - Object 'Object Repository/AdminSuiteBootstrap_Pages/VT_Bootstrap/Receipt/button_Print' is present

2022-05-16 11:30:49 - [TEST_STEP][PASSED] - verifyTextPresent("Remittance ID", true): Text 'Remittance ID' is present on page  using regular expression

2022-05-16 11:30:50 - [MESSAGE][PASSED] - Text 'Remittance ID' is present on page  using regular expression

2022-05-16 11:30:50 - [TEST_STEP][PASSED] - verifyTextPresent("Received", true): Text 'Received' is present on page  using regular expression

2022-05-16 11:30:50 - [MESSAGE][PASSED] - Text 'Received' is present on page  using regular expression

2022-05-16 11:30:50 - [TEST_STEP][PASSED] - verifyTextPresent("UDF1", true): Text 'UDF1' is present on page  using regular expression

2022-05-16 11:30:50 - [MESSAGE][PASSED] - Text 'UDF1' is present on page  using regular expression

2022-05-16 11:30:50 - [TEST_STEP][PASSED] - verifyTextPresent("UDF2", true): Text 'UDF2' is present on page  using regular expression

2022-05-16 11:30:51 - [MESSAGE][PASSED] - Text 'UDF2' is present on page  using regular expression

2022-05-16 11:30:51 - [TEST_STEP][PASSED] - verifyTextPresent("UDF3", true): Text 'UDF3' is present on page  using regular expression

2022-05-16 11:30:51 - [MESSAGE][PASSED] - Text 'UDF3' is present on page  using regular expression

2022-05-16 11:30:51 - [TEST_STEP][PASSED] - verifyTextPresent("UDF4", true): Text 'UDF4' is present on page  using regular expression

2022-05-16 11:30:51 - [MESSAGE][PASSED] - Text 'UDF4' is present on page  using regular expression

2022-05-16 11:30:51 - [TEST_STEP][PASSED] - verifyTextPresent("UDF5", true): Text 'UDF5' is present on page  using regular expression

2022-05-16 11:30:52 - [MESSAGE][PASSED] - Text 'UDF5' is present on page  using regular expression

2022-05-16 11:30:52 - [TEST_STEP][PASSED] - verifyTextPresent("UDF6", true): Text 'UDF6' is present on page  using regular expression

2022-05-16 11:30:52 - [MESSAGE][PASSED] - Text 'UDF6' is present on page  using regular expression

2022-05-16 11:30:52 - [TEST_STEP][PASSED] - verifyTextPresent("UDF7", true): Text 'UDF7' is present on page  using regular expression

2022-05-16 11:30:52 - [MESSAGE][PASSED] - Text 'UDF7' is present on page  using regular expression

2022-05-16 11:30:52 - [TEST_STEP][PASSED] - verifyTextPresent("UDF8", true): Text 'UDF8' is present on page  using regular expression

2022-05-16 11:30:53 - [MESSAGE][PASSED] - Text 'UDF8' is present on page  using regular expression

2022-05-16 11:30:53 - [TEST_STEP][PASSED] - verifyTextPresent("UDF9", true): Text 'UDF9' is present on page  using regular expression

2022-05-16 11:30:53 - [MESSAGE][PASSED] - Text 'UDF9' is present on page  using regular expression

2022-05-16 11:30:53 - [TEST_STEP][PASSED] - verifyTextPresent("UDF 10", true): Text 'UDF 10' is present on page  using regular expression

2022-05-16 11:30:53 - [MESSAGE][PASSED] - Text 'UDF 10' is present on page  using regular expression

2022-05-16 11:30:53 - [TEST_STEP][PASSED] - verifyTextPresent("Delhi", true): Text 'Delhi' is present on page  using regular expression

2022-05-16 11:30:54 - [MESSAGE][PASSED] - Text 'Delhi' is present on page  using regular expression

2022-05-16 11:30:54 - [TEST_STEP][PASSED] - verifyTextPresent("Chennai", true): Text 'Chennai' is present on page  using regular expression

2022-05-16 11:30:54 - [MESSAGE][PASSED] - Text 'Chennai' is present on page  using regular expression

2022-05-16 11:30:54 - [TEST_STEP][PASSED] - verifyTextPresent("Mumbai", true): Text 'Mumbai' is present on page  using regular expression

2022-05-16 11:30:54 - [MESSAGE][PASSED] - Text 'Mumbai' is present on page  using regular expression

2022-05-16 11:30:54 - [TEST_STEP][PASSED] - verifyTextPresent("Kanpur", true): Text 'Kanpur' is present on page  using regular expression

2022-05-16 11:30:55 - [MESSAGE][PASSED] - Text 'Kanpur' is present on page  using regular expression

2022-05-16 11:30:55 - [TEST_STEP][PASSED] - verifyTextPresent("Orange Recorded", true): Text 'Orange Recorded' is present on page  using regular expression

2022-05-16 11:30:55 - [MESSAGE][PASSED] - Text 'Orange Recorded' is present on page  using regular expression

2022-05-16 11:30:55 - [TEST_STEP][PASSED] - verifyTextPresent("Yellow Recorded", true): Text 'Yellow Recorded' is present on page  using regular expression

2022-05-16 11:30:55 - [MESSAGE][PASSED] - Text 'Yellow Recorded' is present on page  using regular expression

2022-05-16 11:30:55 - [TEST_STEP][PASSED] - verifyTextPresent("Kolkata", true): Text 'Kolkata' is present on page  using regular expression

2022-05-16 11:30:56 - [MESSAGE][PASSED] - Text 'Kolkata' is present on page  using regular expression

2022-05-16 11:30:56 - [TEST_STEP][PASSED] - verifyTextPresent("Pune", true): Text 'Pune' is present on page  using regular expression

2022-05-16 11:30:56 - [MESSAGE][PASSED] - Text 'Pune' is present on page  using regular expression

2022-05-16 11:30:56 - [TEST_STEP][PASSED] - verifyTextPresent("Bhavnagar", true): Text 'Bhavnagar' is present on page  using regular expression

2022-05-16 11:30:56 - [MESSAGE][PASSED] - Text 'Bhavnagar' is present on page  using regular expression

2022-05-16 11:30:56 - [TEST_STEP][PASSED] - verifyTextPresent("Noida", true): Text 'Noida' is present on page  using regular expression

2022-05-16 11:30:57 - [MESSAGE][PASSED] - Text 'Noida' is present on page  using regular expression

2022-05-16 11:30:57 - [TEST_STEP][PASSED] - verifyTextPresent("Amount", true): Text 'Amount' is present on page  using regular expression

2022-05-16 11:30:57 - [MESSAGE][PASSED] - Text 'Amount' is present on page  using regular expression

2022-05-16 11:30:57 - [TEST_STEP][PASSED] - verifyTextPresent("2.50", true): Text '2.50' is present on page  using regular expression

2022-05-16 11:30:57 - [MESSAGE][PASSED] - Text '2.50' is present on page  using regular expression

2022-05-16 11:30:57 - [TEST_STEP][PASSED] - verifyTextPresent("Authorization and Capture", true): Text 'Authorization and Capture' is present on page  using regular expression

2022-05-16 11:30:58 - [MESSAGE][PASSED] - Text 'Authorization and Capture' is present on page  using regular expression

2022-05-16 11:30:58 - [TEST_STEP][PASSED] - verifyTextPresent("Card Information", true): Text 'Card Information' is present on page  using regular expression

2022-05-16 11:30:58 - [MESSAGE][PASSED] - Text 'Card Information' is present on page  using regular expression

2022-05-16 11:30:58 - [TEST_STEP][PASSED] - verifyTextPresent("TANDON RAVENA", true): Text 'TANDON RAVENA' is present on page  using regular expression

2022-05-16 11:30:58 - [MESSAGE][PASSED] - Text 'TANDON RAVENA' is present on page  using regular expression

2022-05-16 11:30:58 - [TEST_STEP][PASSED] - verifyTextPresent("Address Line 1", true): Text 'Address Line 1' is present on page  using regular expression

2022-05-16 11:30:59 - [MESSAGE][PASSED] - Text 'Address Line 1' is present on page  using regular expression

2022-05-16 11:30:59 - [TEST_STEP][PASSED] - verifyTextPresent("Address Line 2", true): Text 'Address Line 2' is present on page  using regular expression

2022-05-16 11:30:59 - [MESSAGE][PASSED] - Text 'Address Line 2' is present on page  using regular expression

2022-05-16 11:30:59 - [TEST_STEP][PASSED] - verifyTextPresent("Country", true): Text 'Country' is present on page  using regular expression

2022-05-16 11:30:59 - [MESSAGE][PASSED] - Text 'Country' is present on page  using regular expression

2022-05-16 11:30:59 - [TEST_STEP][PASSED] - verifyTextPresent("City", true): Text 'City' is present on page  using regular expression

2022-05-16 11:31:00 - [MESSAGE][PASSED] - Text 'City' is present on page  using regular expression

2022-05-16 11:31:00 - [TEST_STEP][PASSED] - verifyTextPresent("State", true): Text 'State' is present on page  using regular expression

2022-05-16 11:31:00 - [MESSAGE][PASSED] - Text 'State' is present on page  using regular expression

2022-05-16 11:31:00 - [TEST_STEP][PASSED] - verifyTextPresent("ZIP Code", true): Text 'ZIP Code' is present on page  using regular expression

2022-05-16 11:31:00 - [MESSAGE][PASSED] - Text 'ZIP Code' is present on page  using regular expression

2022-05-16 11:31:00 - [TEST_STEP][PASSED] - verifyTextPresent("248 PhoolKaante road", true): Text '248 PhoolKaante road' is present on page  using regular expression

2022-05-16 11:31:01 - [MESSAGE][PASSED] - Text '248 PhoolKaante road' is present on page  using regular expression

2022-05-16 11:31:01 - [TEST_STEP][PASSED] - verifyTextPresent("Suite 678", true): Text 'Suite 678' is present on page  using regular expression

2022-05-16 11:31:01 - [MESSAGE][PASSED] - Text 'Suite 678' is present on page  using regular expression

2022-05-16 11:31:01 - [TEST_STEP][PASSED] - verifyTextPresent("United States", true): Text 'United States' is present on page  using regular expression

2022-05-16 11:31:01 - [MESSAGE][PASSED] - Text 'United States' is present on page  using regular expression

2022-05-16 11:31:01 - [TEST_STEP][PASSED] - verifyTextPresent("ARLINGTON", true): Text 'ARLINGTON' is present on page  using regular expression

2022-05-16 11:31:02 - [MESSAGE][PASSED] - Text 'ARLINGTON' is present on page  using regular expression

2022-05-16 11:31:02 - [TEST_STEP][PASSED] - verifyTextPresent("VA", true): Text 'VA' is present on page  using regular expression

2022-05-16 11:31:02 - [MESSAGE][PASSED] - Text 'VA' is present on page  using regular expression

2022-05-16 11:31:02 - [TEST_STEP][PASSED] - verifyTextPresent("22201", true): Text '22201' is present on page  using regular expression

2022-05-16 11:31:02 - [MESSAGE][PASSED] - Text '22201' is present on page  using regular expression

2022-05-16 11:31:02 - [TEST_STEP][PASSED] - cardTypeV = findTestData(dataFile).getValue("CardType", row): null

2022-05-16 11:31:02 - [TEST_STEP][PASSED] - last4V = findTestData(dataFile).getValue("Last4", row): null

2022-05-16 11:31:02 - [TEST_STEP][PASSED] - verifyTextPresent(cardTypeV, true): Text 'American Express' is present on page  using regular expression

2022-05-16 11:31:03 - [MESSAGE][PASSED] - Text 'American Express' is present on page  using regular expression

2022-05-16 11:31:03 - [TEST_STEP][PASSED] - verifyTextPresent(last4V, true): Text '2376' is present on page  using regular expression

2022-05-16 11:31:03 - [MESSAGE][PASSED] - Text '2376' is present on page  using regular expression

2022-05-16 11:31:03 - [TEST_STEP][PASSED] - switch (appName): null

2022-05-16 11:31:03 - [TEST_STEP][PASSED] - closeBrowser(): Browser is closed

2022-05-16 11:31:04 - [MESSAGE][PASSED] - Browser is closed

2022-05-16 11:31:04 - [TEST_STEP][PASSED] - ExecuteTC = findTestData(dataFile).getValue("Execute", row): null

2022-05-16 11:31:04 - [TEST_STEP][PASSED] - out.println("Value of Execute is : " + ExecuteTC): null

2022-05-16 11:31:04 - [TEST_STEP][PASSED] - switch (executionProfile): null

2022-05-16 11:31:04 - [TEST_STEP][PASSED] - case "DemoProfile":: null

2022-05-16 11:31:04 - [TEST_STEP][PASSED] - appName = findTestData(dataFile).getValue("AppNameDemo", row): null

2022-05-16 11:31:04 - [TEST_STEP][PASSED] - appID = findTestData(dataFile).getValue("AppIDDemo", row): null

2022-05-16 11:31:04 - [TEST_STEP][PASSED] - break: null

2022-05-16 11:31:04 - [TEST_STEP][PASSED] - if (ExecuteTC.equalsIgnoreCase("Y")): null

2022-05-16 11:31:04 - [TEST_STEP][PASSED] - out.println("Begin Record Number: " + row): null

2022-05-16 11:31:04 - [TEST_STEP][PASSED] - today = new java.util.Date(): null

2022-05-16 11:31:04 - [TEST_STEP][PASSED] - println(today): null

2022-05-16 11:31:04 - [TEST_STEP][PASSED] - datText = today: null

2022-05-16 11:31:04 - [TEST_STEP][PASSED] - adminSuiteBootstrap.loginFunctionality.login_AdminSuite(): adminSuiteBootstrap.loginFunctionality.login_AdminSuite is PASSED

2022-05-16 11:31:04 - [MESSAGE][INFO] - Starting 'Chrome' driver

2022-05-16 11:31:04 - [MESSAGE][INFO] - User set preference: ['acceptInsecureCerts', 'true']

2022-05-16 11:31:04 - [MESSAGE][INFO] - Action delay is set to 0 milliseconds

2022-05-16 11:31:06 - [MESSAGE][PASSED] - Browser is opened with url: 'https://demo.velocitypayment.com/admin/imtiazdemo'

2022-05-16 11:31:06 - [MESSAGE][PASSED] - Current window maximized

2022-05-16 11:31:07 - [MESSAGE][PASSED] - Object 'Object Repository/Login_Page/Login_Username' is present

2022-05-16 11:31:08 - [MESSAGE][PASSED] - Text 'iahmed' is set on object 'Object Repository/Login_Page/Login_Username'

2022-05-16 11:31:08 - [MESSAGE][PASSED] - Text 'hello2222' is set on object 'Object Repository/Login_Page/Login_Password'

2022-05-16 11:31:12 - [MESSAGE][PASSED] - Object: 'Object Repository/Login_Page/Login_Submit' is clicked on

2022-05-16 11:31:12 - [MESSAGE][PASSED] - adminSuiteBootstrap.loginFunctionality.login_AdminSuite is PASSED

2022-05-16 11:31:12 - [TEST_STEP][PASSED] - click(findTestObject(path_Dashboard + appName)): Object: 'Object Repository/AdminSuiteBootstrap_Pages/Dashboard_Bootstrap/a_Access AutoNoCFtpDemo' is clicked on

2022-05-16 11:31:14 - [MESSAGE][PASSED] - Object: 'Object Repository/AdminSuiteBootstrap_Pages/Dashboard_Bootstrap/a_Access AutoNoCFtpDemo' is clicked on

2022-05-16 11:31:14 - [TEST_STEP][PASSED] - click(findTestObject(path_VT + "a_Find Profile")): Object: 'Object Repository/AdminSuiteBootstrap_Pages/VT_Bootstrap/IssueTransactions/a_Find Profile' is clicked on

2022-05-16 11:31:15 - [MESSAGE][PASSED] - Object: 'Object Repository/AdminSuiteBootstrap_Pages/VT_Bootstrap/IssueTransactions/a_Find Profile' is clicked on

2022-05-16 11:31:15 - [TEST_STEP][PASSED] - criteria = <not implemented yet for class: org.codehaus.groovy.ast.expr.EmptyExpression>: null

2022-05-16 11:31:15 - [TEST_STEP][PASSED] - searchBy = <not implemented yet for class: org.codehaus.groovy.ast.expr.EmptyExpression>: null

2022-05-16 11:31:15 - [TEST_STEP][PASSED] - criteria = findTestData(dataFile).getValue("ProfileName", row): null

2022-05-16 11:31:15 - [TEST_STEP][PASSED] - path_SearchProfile = "Object Repository/AdminSuiteBootstrap_Pages/VSP_Bootstrap/SearchProfile/": null

2022-05-16 11:31:15 - [TEST_STEP][PASSED] - setText(findTestObject(path_SearchProfile + "input_Criteria"), criteria): Text 'PaymentsDI' is set on object 'Object Repository/AdminSuiteBootstrap_Pages/VSP_Bootstrap/SearchProfile/input_Criteria'

2022-05-16 11:31:16 - [MESSAGE][PASSED] - Text 'PaymentsDI' is set on object 'Object Repository/AdminSuiteBootstrap_Pages/VSP_Bootstrap/SearchProfile/input_Criteria'

2022-05-16 11:31:16 - [TEST_STEP][PASSED] - click(findTestObject(path_SearchProfile + "button_Search")): Object: 'Object Repository/AdminSuiteBootstrap_Pages/VSP_Bootstrap/SearchProfile/button_Search' is clicked on

2022-05-16 11:31:18 - [MESSAGE][PASSED] - Object: 'Object Repository/AdminSuiteBootstrap_Pages/VSP_Bootstrap/SearchProfile/button_Search' is clicked on

2022-05-16 11:31:18 - [TEST_STEP][PASSED] - profNameLink = findTestData(dataFile).getValue("ProfileNameLink", row): null

2022-05-16 11:31:18 - [TEST_STEP][PASSED] - click(findTestObject(path_ViewProfile + profNameLink)): Object: 'Object Repository/AdminSuiteBootstrap_Pages/VSP_Bootstrap/View Profile/a_PaymentsDI' is clicked on

2022-05-16 11:31:21 - [MESSAGE][PASSED] - Object: 'Object Repository/AdminSuiteBootstrap_Pages/VSP_Bootstrap/View Profile/a_PaymentsDI' is clicked on

2022-05-16 11:31:21 - [TEST_STEP][PASSED] - click(findTestObject(path_ViewProfile + "a_AuthCap")): Object: 'Object Repository/AdminSuiteBootstrap_Pages/VSP_Bootstrap/View Profile/a_AuthCap' is clicked on

2022-05-16 11:31:24 - [MESSAGE][PASSED] - Object: 'Object Repository/AdminSuiteBootstrap_Pages/VSP_Bootstrap/View Profile/a_AuthCap' is clicked on

2022-05-16 11:31:24 - [TEST_STEP][PASSED] - verifyTextPresent("Credit Card Authorization Capture", true): Text 'Credit Card Authorization Capture' is present on page  using regular expression

2022-05-16 11:31:26 - [MESSAGE][PASSED] - Text 'Credit Card Authorization Capture' is present on page  using regular expression

2022-05-16 11:31:26 - [TEST_STEP][PASSED] - verifyTextPresent("Sale", true): Text 'Sale' is present on page  using regular expression

2022-05-16 11:31:26 - [MESSAGE][PASSED] - Text 'Sale' is present on page  using regular expression

2022-05-16 11:31:26 - [TEST_STEP][PASSED] - verifyTextPresent("Required fields are highlighted with an asterisk", true): Text 'Required fields are highlighted with an asterisk' is present on page  using regular expression

2022-05-16 11:31:27 - [MESSAGE][PASSED] - Text 'Required fields are highlighted with an asterisk' is present on page  using regular expression

2022-05-16 11:31:27 - [TEST_STEP][PASSED] - verifyTextPresent("Remittance ID", true): Text 'Remittance ID' is present on page  using regular expression

2022-05-16 11:31:27 - [MESSAGE][PASSED] - Text 'Remittance ID' is present on page  using regular expression

2022-05-16 11:31:27 - [TEST_STEP][PASSED] - vspBootstrap.SalePage.setDataSaleAndAuth(row, dataFile): vspBootstrap.SalePage.setDataSaleAndAuth is PASSED

2022-05-16 11:31:28 - [MESSAGE][PASSED] - All options with value 'RETL' are selected in object 'Object Repository/AdminSuiteBootstrap_Pages/VSP_Bootstrap/VSP_Authcap/select_TransactionCategory'  using regular expression

2022-05-16 11:31:29 - [MESSAGE][PASSED] - Text '123' is set on object 'Object Repository/AdminSuiteBootstrap_Pages/VSP_Bootstrap/VSP_Authcap/input_cvv'

2022-05-16 11:31:30 - [MESSAGE][PASSED] - Text '' is set on object 'Object Repository/AdminSuiteBootstrap_Pages/VSP_Bootstrap/VSP_Authcap/input_smsNumber'

2022-05-16 11:31:30 - [MESSAGE][PASSED] - Text '2.50' is set on object 'Object Repository/AdminSuiteBootstrap_Pages/VSP_Bootstrap/VSP_Authcap/input_amount'

2022-05-16 11:31:31 - [MESSAGE][PASSED] - Text 'Delhi' is set on object 'Object Repository/AdminSuiteBootstrap_Pages/VSP_Bootstrap/VSP_Authcap/input_userDefined1'

2022-05-16 11:31:32 - [MESSAGE][PASSED] - Text 'Chennai' is set on object 'Object Repository/AdminSuiteBootstrap_Pages/VSP_Bootstrap/VSP_Authcap/input_userDefined2'

2022-05-16 11:31:33 - [MESSAGE][PASSED] - Text 'Mumbai' is set on object 'Object Repository/AdminSuiteBootstrap_Pages/VSP_Bootstrap/VSP_Authcap/input_userDefined3'

2022-05-16 11:31:33 - [MESSAGE][PASSED] - Text 'Kanpur' is set on object 'Object Repository/AdminSuiteBootstrap_Pages/VSP_Bootstrap/VSP_Authcap/input_userDefined4'

2022-05-16 11:31:34 - [MESSAGE][PASSED] - All options with label 'Orange' are selected in object 'Object Repository/AdminSuiteBootstrap_Pages/VSP_Bootstrap/VSP_Authcap/select_UDF5'  using regular expression

2022-05-16 11:31:35 - [MESSAGE][PASSED] - All options with label 'Yellow' are selected in object 'Object Repository/AdminSuiteBootstrap_Pages/VSP_Bootstrap/VSP_Authcap/select_UDF6'  using regular expression

2022-05-16 11:31:36 - [MESSAGE][PASSED] - Text 'Kolkata' is set on object 'Object Repository/AdminSuiteBootstrap_Pages/VSP_Bootstrap/VSP_Authcap/input_userDefined7'

2022-05-16 11:31:36 - [MESSAGE][PASSED] - Text 'Pune' is set on object 'Object Repository/AdminSuiteBootstrap_Pages/VSP_Bootstrap/VSP_Authcap/input_userDefined8'

2022-05-16 11:31:37 - [MESSAGE][PASSED] - Text 'Bhavnagar' is set on object 'Object Repository/AdminSuiteBootstrap_Pages/VSP_Bootstrap/VSP_Authcap/input_userDefined9'

2022-05-16 11:31:38 - [MESSAGE][PASSED] - Text 'Noida' is set on object 'Object Repository/AdminSuiteBootstrap_Pages/VSP_Bootstrap/VSP_Authcap/input_userDefined10'

2022-05-16 11:31:42 - [MESSAGE][PASSED] - Object: 'Object Repository/AdminSuiteBootstrap_Pages/VSP_Bootstrap/VSP_Authcap/button_Submit' is clicked on

2022-05-16 11:31:42 - [MESSAGE][PASSED] - vspBootstrap.SalePage.setDataSaleAndAuth is PASSED

2022-05-16 11:31:42 - [TEST_STEP][PASSED] - verifyTextPresent("Transaction Successful", true): Text 'Transaction Successful' is present on page  using regular expression

2022-05-16 11:31:42 - [MESSAGE][PASSED] - Text 'Transaction Successful' is present on page  using regular expression

2022-05-16 11:31:42 - [TEST_STEP][PASSED] - verifyElementVisible(findTestObject("Object Repository/AdminSuiteBootstrap_Pages/VT_Bootstrap/Receipt/button_Continue")): Object 'Object Repository/AdminSuiteBootstrap_Pages/VT_Bootstrap/Receipt/button_Continue' is visible

2022-05-16 11:31:43 - [MESSAGE][PASSED] - Object 'Object Repository/AdminSuiteBootstrap_Pages/VT_Bootstrap/Receipt/button_Continue' is visible

2022-05-16 11:31:43 - [TEST_STEP][PASSED] - verifyElementPresent(findTestObject("Object Repository/AdminSuiteBootstrap_Pages/VT_Bootstrap/Receipt/button_Continue"), 20): Object 'Object Repository/AdminSuiteBootstrap_Pages/VT_Bootstrap/Receipt/button_Continue' is present

2022-05-16 11:31:43 - [MESSAGE][PASSED] - Object 'Object Repository/AdminSuiteBootstrap_Pages/VT_Bootstrap/Receipt/button_Continue' is present

2022-05-16 11:31:43 - [TEST_STEP][PASSED] - verifyElementVisible(findTestObject("Object Repository/AdminSuiteBootstrap_Pages/VT_Bootstrap/Receipt/button_Print")): Object 'Object Repository/AdminSuiteBootstrap_Pages/VT_Bootstrap/Receipt/button_Print' is visible

2022-05-16 11:31:43 - [MESSAGE][PASSED] - Object 'Object Repository/AdminSuiteBootstrap_Pages/VT_Bootstrap/Receipt/button_Print' is visible

2022-05-16 11:31:43 - [TEST_STEP][PASSED] - verifyElementPresent(findTestObject("Object Repository/AdminSuiteBootstrap_Pages/VT_Bootstrap/Receipt/button_Print"), 20): Object 'Object Repository/AdminSuiteBootstrap_Pages/VT_Bootstrap/Receipt/button_Print' is present

2022-05-16 11:31:44 - [MESSAGE][PASSED] - Object 'Object Repository/AdminSuiteBootstrap_Pages/VT_Bootstrap/Receipt/button_Print' is present

2022-05-16 11:31:44 - [TEST_STEP][PASSED] - verifyTextPresent("Remittance ID", true): Text 'Remittance ID' is present on page  using regular expression

2022-05-16 11:31:44 - [MESSAGE][PASSED] - Text 'Remittance ID' is present on page  using regular expression

2022-05-16 11:31:44 - [TEST_STEP][PASSED] - verifyTextPresent("Received", true): Text 'Received' is present on page  using regular expression

2022-05-16 11:31:44 - [MESSAGE][PASSED] - Text 'Received' is present on page  using regular expression

2022-05-16 11:31:44 - [TEST_STEP][PASSED] - verifyTextPresent("UDF1", true): Text 'UDF1' is present on page  using regular expression

2022-05-16 11:31:45 - [MESSAGE][PASSED] - Text 'UDF1' is present on page  using regular expression

2022-05-16 11:31:45 - [TEST_STEP][PASSED] - verifyTextPresent("UDF2", true): Text 'UDF2' is present on page  using regular expression

2022-05-16 11:31:45 - [MESSAGE][PASSED] - Text 'UDF2' is present on page  using regular expression

2022-05-16 11:31:45 - [TEST_STEP][PASSED] - verifyTextPresent("UDF3", true): Text 'UDF3' is present on page  using regular expression

2022-05-16 11:31:45 - [MESSAGE][PASSED] - Text 'UDF3' is present on page  using regular expression

2022-05-16 11:31:45 - [TEST_STEP][PASSED] - verifyTextPresent("UDF4", true): Text 'UDF4' is present on page  using regular expression

2022-05-16 11:31:46 - [MESSAGE][PASSED] - Text 'UDF4' is present on page  using regular expression

2022-05-16 11:31:46 - [TEST_STEP][PASSED] - verifyTextPresent("UDF5", true): Text 'UDF5' is present on page  using regular expression

2022-05-16 11:31:46 - [MESSAGE][PASSED] - Text 'UDF5' is present on page  using regular expression

2022-05-16 11:31:46 - [TEST_STEP][PASSED] - verifyTextPresent("UDF6", true): Text 'UDF6' is present on page  using regular expression

2022-05-16 11:31:46 - [MESSAGE][PASSED] - Text 'UDF6' is present on page  using regular expression

2022-05-16 11:31:46 - [TEST_STEP][PASSED] - verifyTextPresent("UDF7", true): Text 'UDF7' is present on page  using regular expression

2022-05-16 11:31:47 - [MESSAGE][PASSED] - Text 'UDF7' is present on page  using regular expression

2022-05-16 11:31:47 - [TEST_STEP][PASSED] - verifyTextPresent("UDF8", true): Text 'UDF8' is present on page  using regular expression

2022-05-16 11:31:47 - [MESSAGE][PASSED] - Text 'UDF8' is present on page  using regular expression

2022-05-16 11:31:47 - [TEST_STEP][PASSED] - verifyTextPresent("UDF9", true): Text 'UDF9' is present on page  using regular expression

2022-05-16 11:31:47 - [MESSAGE][PASSED] - Text 'UDF9' is present on page  using regular expression

2022-05-16 11:31:47 - [TEST_STEP][PASSED] - verifyTextPresent("UDF 10", true): Text 'UDF 10' is present on page  using regular expression

2022-05-16 11:31:48 - [MESSAGE][PASSED] - Text 'UDF 10' is present on page  using regular expression

2022-05-16 11:31:48 - [TEST_STEP][PASSED] - verifyTextPresent("Delhi", true): Text 'Delhi' is present on page  using regular expression

2022-05-16 11:31:48 - [MESSAGE][PASSED] - Text 'Delhi' is present on page  using regular expression

2022-05-16 11:31:48 - [TEST_STEP][PASSED] - verifyTextPresent("Chennai", true): Text 'Chennai' is present on page  using regular expression

2022-05-16 11:31:48 - [MESSAGE][PASSED] - Text 'Chennai' is present on page  using regular expression

2022-05-16 11:31:48 - [TEST_STEP][PASSED] - verifyTextPresent("Mumbai", true): Text 'Mumbai' is present on page  using regular expression

2022-05-16 11:31:49 - [MESSAGE][PASSED] - Text 'Mumbai' is present on page  using regular expression

2022-05-16 11:31:49 - [TEST_STEP][PASSED] - verifyTextPresent("Kanpur", true): Text 'Kanpur' is present on page  using regular expression

2022-05-16 11:31:49 - [MESSAGE][PASSED] - Text 'Kanpur' is present on page  using regular expression

2022-05-16 11:31:49 - [TEST_STEP][PASSED] - verifyTextPresent("Orange Recorded", true): Text 'Orange Recorded' is present on page  using regular expression

2022-05-16 11:31:49 - [MESSAGE][PASSED] - Text 'Orange Recorded' is present on page  using regular expression

2022-05-16 11:31:49 - [TEST_STEP][PASSED] - verifyTextPresent("Yellow Recorded", true): Text 'Yellow Recorded' is present on page  using regular expression

2022-05-16 11:31:50 - [MESSAGE][PASSED] - Text 'Yellow Recorded' is present on page  using regular expression

2022-05-16 11:31:50 - [TEST_STEP][PASSED] - verifyTextPresent("Kolkata", true): Text 'Kolkata' is present on page  using regular expression

2022-05-16 11:31:50 - [MESSAGE][PASSED] - Text 'Kolkata' is present on page  using regular expression

2022-05-16 11:31:50 - [TEST_STEP][PASSED] - verifyTextPresent("Pune", true): Text 'Pune' is present on page  using regular expression

2022-05-16 11:31:50 - [MESSAGE][PASSED] - Text 'Pune' is present on page  using regular expression

2022-05-16 11:31:50 - [TEST_STEP][PASSED] - verifyTextPresent("Bhavnagar", true): Text 'Bhavnagar' is present on page  using regular expression

2022-05-16 11:31:51 - [MESSAGE][PASSED] - Text 'Bhavnagar' is present on page  using regular expression

2022-05-16 11:31:51 - [TEST_STEP][PASSED] - verifyTextPresent("Noida", true): Text 'Noida' is present on page  using regular expression

2022-05-16 11:31:51 - [MESSAGE][PASSED] - Text 'Noida' is present on page  using regular expression

2022-05-16 11:31:51 - [TEST_STEP][PASSED] - verifyTextPresent("Amount", true): Text 'Amount' is present on page  using regular expression

2022-05-16 11:31:51 - [MESSAGE][PASSED] - Text 'Amount' is present on page  using regular expression

2022-05-16 11:31:51 - [TEST_STEP][PASSED] - verifyTextPresent("2.50", true): Text '2.50' is present on page  using regular expression

2022-05-16 11:31:52 - [MESSAGE][PASSED] - Text '2.50' is present on page  using regular expression

2022-05-16 11:31:52 - [TEST_STEP][PASSED] - verifyTextPresent("Authorization and Capture", true): Text 'Authorization and Capture' is present on page  using regular expression

2022-05-16 11:31:52 - [MESSAGE][PASSED] - Text 'Authorization and Capture' is present on page  using regular expression

2022-05-16 11:31:52 - [TEST_STEP][PASSED] - verifyTextPresent("Card Information", true): Text 'Card Information' is present on page  using regular expression

2022-05-16 11:31:52 - [MESSAGE][PASSED] - Text 'Card Information' is present on page  using regular expression

2022-05-16 11:31:52 - [TEST_STEP][PASSED] - verifyTextPresent("TANDON RAVENA", true): Text 'TANDON RAVENA' is present on page  using regular expression

2022-05-16 11:31:53 - [MESSAGE][PASSED] - Text 'TANDON RAVENA' is present on page  using regular expression

2022-05-16 11:31:53 - [TEST_STEP][PASSED] - verifyTextPresent("Address Line 1", true): Text 'Address Line 1' is present on page  using regular expression

2022-05-16 11:31:53 - [MESSAGE][PASSED] - Text 'Address Line 1' is present on page  using regular expression

2022-05-16 11:31:53 - [TEST_STEP][PASSED] - verifyTextPresent("Address Line 2", true): Text 'Address Line 2' is present on page  using regular expression

2022-05-16 11:31:53 - [MESSAGE][PASSED] - Text 'Address Line 2' is present on page  using regular expression

2022-05-16 11:31:53 - [TEST_STEP][PASSED] - verifyTextPresent("Country", true): Text 'Country' is present on page  using regular expression

2022-05-16 11:31:54 - [MESSAGE][PASSED] - Text 'Country' is present on page  using regular expression

2022-05-16 11:31:54 - [TEST_STEP][PASSED] - verifyTextPresent("City", true): Text 'City' is present on page  using regular expression

2022-05-16 11:31:54 - [MESSAGE][PASSED] - Text 'City' is present on page  using regular expression

2022-05-16 11:31:54 - [TEST_STEP][PASSED] - verifyTextPresent("State", true): Text 'State' is present on page  using regular expression

2022-05-16 11:31:54 - [MESSAGE][PASSED] - Text 'State' is present on page  using regular expression

2022-05-16 11:31:54 - [TEST_STEP][PASSED] - verifyTextPresent("ZIP Code", true): Text 'ZIP Code' is present on page  using regular expression

2022-05-16 11:31:55 - [MESSAGE][PASSED] - Text 'ZIP Code' is present on page  using regular expression

2022-05-16 11:31:55 - [TEST_STEP][PASSED] - verifyTextPresent("248 PhoolKaante road", true): Text '248 PhoolKaante road' is present on page  using regular expression

2022-05-16 11:31:55 - [MESSAGE][PASSED] - Text '248 PhoolKaante road' is present on page  using regular expression

2022-05-16 11:31:55 - [TEST_STEP][PASSED] - verifyTextPresent("Suite 678", true): Text 'Suite 678' is present on page  using regular expression

2022-05-16 11:31:55 - [MESSAGE][PASSED] - Text 'Suite 678' is present on page  using regular expression

2022-05-16 11:31:55 - [TEST_STEP][PASSED] - verifyTextPresent("United States", true): Text 'United States' is present on page  using regular expression

2022-05-16 11:31:56 - [MESSAGE][PASSED] - Text 'United States' is present on page  using regular expression

2022-05-16 11:31:56 - [TEST_STEP][PASSED] - verifyTextPresent("ARLINGTON", true): Text 'ARLINGTON' is present on page  using regular expression

2022-05-16 11:31:56 - [MESSAGE][PASSED] - Text 'ARLINGTON' is present on page  using regular expression

2022-05-16 11:31:56 - [TEST_STEP][PASSED] - verifyTextPresent("VA", true): Text 'VA' is present on page  using regular expression

2022-05-16 11:31:56 - [MESSAGE][PASSED] - Text 'VA' is present on page  using regular expression

2022-05-16 11:31:56 - [TEST_STEP][PASSED] - verifyTextPresent("22201", true): Text '22201' is present on page  using regular expression

2022-05-16 11:31:57 - [MESSAGE][PASSED] - Text '22201' is present on page  using regular expression

2022-05-16 11:31:57 - [TEST_STEP][PASSED] - cardTypeV = findTestData(dataFile).getValue("CardType", row): null

2022-05-16 11:31:57 - [TEST_STEP][PASSED] - last4V = findTestData(dataFile).getValue("Last4", row): null

2022-05-16 11:31:57 - [TEST_STEP][PASSED] - verifyTextPresent(cardTypeV, true): Text 'Discover' is present on page  using regular expression

2022-05-16 11:31:57 - [MESSAGE][PASSED] - Text 'Discover' is present on page  using regular expression

2022-05-16 11:31:57 - [TEST_STEP][PASSED] - verifyTextPresent(last4V, true): Text '6909' is present on page  using regular expression

2022-05-16 11:31:57 - [MESSAGE][PASSED] - Text '6909' is present on page  using regular expression

2022-05-16 11:31:57 - [TEST_STEP][PASSED] - switch (appName): null

2022-05-16 11:31:57 - [TEST_STEP][PASSED] - closeBrowser(): Browser is closed

2022-05-16 11:31:58 - [MESSAGE][PASSED] - Browser is closed

2022-05-16 11:31:58 - [TEST_STEP][PASSED] - ExecuteTC = findTestData(dataFile).getValue("Execute", row): null

2022-05-16 11:31:58 - [TEST_STEP][PASSED] - out.println("Value of Execute is : " + ExecuteTC): null

2022-05-16 11:31:58 - [TEST_STEP][PASSED] - switch (executionProfile): null

2022-05-16 11:31:58 - [TEST_STEP][PASSED] - case "DemoProfile":: null

2022-05-16 11:31:58 - [TEST_STEP][PASSED] - appName = findTestData(dataFile).getValue("AppNameDemo", row): null

2022-05-16 11:31:58 - [TEST_STEP][PASSED] - appID = findTestData(dataFile).getValue("AppIDDemo", row): null

2022-05-16 11:31:58 - [TEST_STEP][PASSED] - break: null

2022-05-16 11:31:58 - [TEST_STEP][PASSED] - if (ExecuteTC.equalsIgnoreCase("Y")): null

2022-05-16 11:31:58 - [TEST_STEP][PASSED] - out.println("Begin Record Number: " + row): null

2022-05-16 11:31:58 - [TEST_STEP][PASSED] - today = new java.util.Date(): null

2022-05-16 11:31:58 - [TEST_STEP][PASSED] - println(today): null

2022-05-16 11:31:58 - [TEST_STEP][PASSED] - datText = today: null

2022-05-16 11:31:58 - [TEST_STEP][PASSED] - adminSuiteBootstrap.loginFunctionality.login_AdminSuite(): adminSuiteBootstrap.loginFunctionality.login_AdminSuite is PASSED

2022-05-16 11:31:58 - [MESSAGE][INFO] - Starting 'Chrome' driver

2022-05-16 11:31:58 - [MESSAGE][INFO] - User set preference: ['acceptInsecureCerts', 'true']

2022-05-16 11:31:58 - [MESSAGE][INFO] - Action delay is set to 0 milliseconds

2022-05-16 11:32:01 - [MESSAGE][PASSED] - Browser is opened with url: 'https://demo.velocitypayment.com/admin/imtiazdemo'

2022-05-16 11:32:01 - [MESSAGE][PASSED] - Current window maximized

2022-05-16 11:32:01 - [MESSAGE][PASSED] - Object 'Object Repository/Login_Page/Login_Username' is present

2022-05-16 11:32:02 - [MESSAGE][PASSED] - Text 'iahmed' is set on object 'Object Repository/Login_Page/Login_Username'

2022-05-16 11:32:03 - [MESSAGE][PASSED] - Text 'hello2222' is set on object 'Object Repository/Login_Page/Login_Password'

2022-05-16 11:32:07 - [MESSAGE][PASSED] - Object: 'Object Repository/Login_Page/Login_Submit' is clicked on

2022-05-16 11:32:07 - [MESSAGE][PASSED] - adminSuiteBootstrap.loginFunctionality.login_AdminSuite is PASSED

2022-05-16 11:32:07 - [TEST_STEP][PASSED] - click(findTestObject(path_Dashboard + appName)): Object: 'Object Repository/AdminSuiteBootstrap_Pages/Dashboard_Bootstrap/a_Access AutoSingleCFtpDemo' is clicked on

2022-05-16 11:32:10 - [MESSAGE][PASSED] - Object: 'Object Repository/AdminSuiteBootstrap_Pages/Dashboard_Bootstrap/a_Access AutoSingleCFtpDemo' is clicked on

2022-05-16 11:32:10 - [TEST_STEP][PASSED] - click(findTestObject(path_VT + "a_Find Profile")): Object: 'Object Repository/AdminSuiteBootstrap_Pages/VT_Bootstrap/IssueTransactions/a_Find Profile' is clicked on

2022-05-16 11:32:11 - [MESSAGE][PASSED] - Object: 'Object Repository/AdminSuiteBootstrap_Pages/VT_Bootstrap/IssueTransactions/a_Find Profile' is clicked on

2022-05-16 11:32:11 - [TEST_STEP][PASSED] - criteria = <not implemented yet for class: org.codehaus.groovy.ast.expr.EmptyExpression>: null

2022-05-16 11:32:11 - [TEST_STEP][PASSED] - searchBy = <not implemented yet for class: org.codehaus.groovy.ast.expr.EmptyExpression>: null

2022-05-16 11:32:11 - [TEST_STEP][PASSED] - criteria = findTestData(dataFile).getValue("ProfileName", row): null

2022-05-16 11:32:11 - [TEST_STEP][PASSED] - path_SearchProfile = "Object Repository/AdminSuiteBootstrap_Pages/VSP_Bootstrap/SearchProfile/": null

2022-05-16 11:32:11 - [TEST_STEP][PASSED] - setText(findTestObject(path_SearchProfile + "input_Criteria"), criteria): Text 'PaymentsVisa' is set on object 'Object Repository/AdminSuiteBootstrap_Pages/VSP_Bootstrap/SearchProfile/input_Criteria'

2022-05-16 11:32:11 - [MESSAGE][PASSED] - Text 'PaymentsVisa' is set on object 'Object Repository/AdminSuiteBootstrap_Pages/VSP_Bootstrap/SearchProfile/input_Criteria'

2022-05-16 11:32:11 - [TEST_STEP][PASSED] - click(findTestObject(path_SearchProfile + "button_Search")): Object: 'Object Repository/AdminSuiteBootstrap_Pages/VSP_Bootstrap/SearchProfile/button_Search' is clicked on

2022-05-16 11:32:14 - [MESSAGE][PASSED] - Object: 'Object Repository/AdminSuiteBootstrap_Pages/VSP_Bootstrap/SearchProfile/button_Search' is clicked on

2022-05-16 11:32:14 - [TEST_STEP][PASSED] - profNameLink = findTestData(dataFile).getValue("ProfileNameLink", row): null

2022-05-16 11:32:15 - [TEST_STEP][PASSED] - click(findTestObject(path_ViewProfile + profNameLink)): Object: 'Object Repository/AdminSuiteBootstrap_Pages/VSP_Bootstrap/View Profile/a_PaymentsVisa' is clicked on

2022-05-16 11:32:18 - [MESSAGE][PASSED] - Object: 'Object Repository/AdminSuiteBootstrap_Pages/VSP_Bootstrap/View Profile/a_PaymentsVisa' is clicked on

2022-05-16 11:32:18 - [TEST_STEP][PASSED] - click(findTestObject(path_ViewProfile + "a_AuthCap")): Object: 'Object Repository/AdminSuiteBootstrap_Pages/VSP_Bootstrap/View Profile/a_AuthCap' is clicked on

2022-05-16 11:32:21 - [MESSAGE][PASSED] - Object: 'Object Repository/AdminSuiteBootstrap_Pages/VSP_Bootstrap/View Profile/a_AuthCap' is clicked on

2022-05-16 11:32:21 - [TEST_STEP][PASSED] - verifyTextPresent("Credit Card Authorization Capture", true): Text 'Credit Card Authorization Capture' is present on page  using regular expression

2022-05-16 11:32:24 - [MESSAGE][PASSED] - Text 'Credit Card Authorization Capture' is present on page  using regular expression

2022-05-16 11:32:24 - [TEST_STEP][PASSED] - verifyTextPresent("Sale", true): Text 'Sale' is present on page  using regular expression

2022-05-16 11:32:24 - [MESSAGE][PASSED] - Text 'Sale' is present on page  using regular expression

2022-05-16 11:32:24 - [TEST_STEP][PASSED] - verifyTextPresent("Required fields are highlighted with an asterisk", true): Text 'Required fields are highlighted with an asterisk' is present on page  using regular expression

2022-05-16 11:32:24 - [MESSAGE][PASSED] - Text 'Required fields are highlighted with an asterisk' is present on page  using regular expression

2022-05-16 11:32:24 - [TEST_STEP][PASSED] - verifyTextPresent("Remittance ID", true): Text 'Remittance ID' is present on page  using regular expression

2022-05-16 11:32:25 - [MESSAGE][PASSED] - Text 'Remittance ID' is present on page  using regular expression

2022-05-16 11:32:25 - [TEST_STEP][PASSED] - vspBootstrap.SalePage.setDataSaleAndAuth(row, dataFile): vspBootstrap.SalePage.setDataSaleAndAuth is PASSED

2022-05-16 11:32:26 - [MESSAGE][PASSED] - All options with value 'MOTO' are selected in object 'Object Repository/AdminSuiteBootstrap_Pages/VSP_Bootstrap/VSP_Authcap/select_TransactionCategory'  using regular expression

2022-05-16 11:32:27 - [MESSAGE][PASSED] - Text '123' is set on object 'Object Repository/AdminSuiteBootstrap_Pages/VSP_Bootstrap/VSP_Authcap/input_cvv'

2022-05-16 11:32:27 - [MESSAGE][PASSED] - Text '' is set on object 'Object Repository/AdminSuiteBootstrap_Pages/VSP_Bootstrap/VSP_Authcap/input_smsNumber'

2022-05-16 11:32:28 - [MESSAGE][PASSED] - Text '2.50' is set on object 'Object Repository/AdminSuiteBootstrap_Pages/VSP_Bootstrap/VSP_Authcap/input_amount'

2022-05-16 11:32:33 - [MESSAGE][PASSED] - Text 'Delhi' is set on object 'Object Repository/AdminSuiteBootstrap_Pages/VSP_Bootstrap/VSP_Authcap/input_userDefined1'

2022-05-16 11:32:34 - [MESSAGE][PASSED] - Text 'Chennai' is set on object 'Object Repository/AdminSuiteBootstrap_Pages/VSP_Bootstrap/VSP_Authcap/input_userDefined2'

2022-05-16 11:32:34 - [MESSAGE][PASSED] - Text 'Mumbai' is set on object 'Object Repository/AdminSuiteBootstrap_Pages/VSP_Bootstrap/VSP_Authcap/input_userDefined3'

2022-05-16 11:32:35 - [MESSAGE][PASSED] - Text 'Kanpur' is set on object 'Object Repository/AdminSuiteBootstrap_Pages/VSP_Bootstrap/VSP_Authcap/input_userDefined4'

2022-05-16 11:32:36 - [MESSAGE][PASSED] - All options with label 'Orange' are selected in object 'Object Repository/AdminSuiteBootstrap_Pages/VSP_Bootstrap/VSP_Authcap/select_UDF5'  using regular expression

2022-05-16 11:32:37 - [MESSAGE][PASSED] - All options with label 'Yellow' are selected in object 'Object Repository/AdminSuiteBootstrap_Pages/VSP_Bootstrap/VSP_Authcap/select_UDF6'  using regular expression

2022-05-16 11:32:38 - [MESSAGE][PASSED] - Text 'Kolkata' is set on object 'Object Repository/AdminSuiteBootstrap_Pages/VSP_Bootstrap/VSP_Authcap/input_userDefined7'

2022-05-16 11:32:38 - [MESSAGE][PASSED] - Text 'Pune' is set on object 'Object Repository/AdminSuiteBootstrap_Pages/VSP_Bootstrap/VSP_Authcap/input_userDefined8'

2022-05-16 11:32:39 - [MESSAGE][PASSED] - Text 'Bhavnagar' is set on object 'Object Repository/AdminSuiteBootstrap_Pages/VSP_Bootstrap/VSP_Authcap/input_userDefined9'

2022-05-16 11:32:40 - [MESSAGE][PASSED] - Text 'Noida' is set on object 'Object Repository/AdminSuiteBootstrap_Pages/VSP_Bootstrap/VSP_Authcap/input_userDefined10'

2022-05-16 11:32:45 - [MESSAGE][PASSED] - Object: 'Object Repository/AdminSuiteBootstrap_Pages/VSP_Bootstrap/VSP_Authcap/button_Submit' is clicked on

2022-05-16 11:32:45 - [MESSAGE][PASSED] - vspBootstrap.SalePage.setDataSaleAndAuth is PASSED

2022-05-16 11:32:45 - [TEST_STEP][PASSED] - verifyTextPresent("Transaction Successful", true): Text 'Transaction Successful' is present on page  using regular expression

2022-05-16 11:32:45 - [MESSAGE][PASSED] - Text 'Transaction Successful' is present on page  using regular expression

2022-05-16 11:32:45 - [TEST_STEP][PASSED] - verifyElementVisible(findTestObject("Object Repository/AdminSuiteBootstrap_Pages/VT_Bootstrap/Receipt/button_Continue")): Object 'Object Repository/AdminSuiteBootstrap_Pages/VT_Bootstrap/Receipt/button_Continue' is visible

2022-05-16 11:32:46 - [MESSAGE][PASSED] - Object 'Object Repository/AdminSuiteBootstrap_Pages/VT_Bootstrap/Receipt/button_Continue' is visible

2022-05-16 11:32:46 - [TEST_STEP][PASSED] - verifyElementPresent(findTestObject("Object Repository/AdminSuiteBootstrap_Pages/VT_Bootstrap/Receipt/button_Continue"), 20): Object 'Object Repository/AdminSuiteBootstrap_Pages/VT_Bootstrap/Receipt/button_Continue' is present

2022-05-16 11:32:46 - [MESSAGE][PASSED] - Object 'Object Repository/AdminSuiteBootstrap_Pages/VT_Bootstrap/Receipt/button_Continue' is present

2022-05-16 11:32:46 - [TEST_STEP][PASSED] - verifyElementVisible(findTestObject("Object Repository/AdminSuiteBootstrap_Pages/VT_Bootstrap/Receipt/button_Print")): Object 'Object Repository/AdminSuiteBootstrap_Pages/VT_Bootstrap/Receipt/button_Print' is visible

2022-05-16 11:32:46 - [MESSAGE][PASSED] - Object 'Object Repository/AdminSuiteBootstrap_Pages/VT_Bootstrap/Receipt/button_Print' is visible

2022-05-16 11:32:46 - [TEST_STEP][PASSED] - verifyElementPresent(findTestObject("Object Repository/AdminSuiteBootstrap_Pages/VT_Bootstrap/Receipt/button_Print"), 20): Object 'Object Repository/AdminSuiteBootstrap_Pages/VT_Bootstrap/Receipt/button_Print' is present

2022-05-16 11:32:46 - [MESSAGE][PASSED] - Object 'Object Repository/AdminSuiteBootstrap_Pages/VT_Bootstrap/Receipt/button_Print' is present

2022-05-16 11:32:46 - [TEST_STEP][PASSED] - verifyTextPresent("Remittance ID", true): Text 'Remittance ID' is present on page  using regular expression

2022-05-16 11:32:47 - [MESSAGE][PASSED] - Text 'Remittance ID' is present on page  using regular expression

2022-05-16 11:32:47 - [TEST_STEP][PASSED] - verifyTextPresent("Received", true): Text 'Received' is present on page  using regular expression

2022-05-16 11:32:47 - [MESSAGE][PASSED] - Text 'Received' is present on page  using regular expression

2022-05-16 11:32:47 - [TEST_STEP][PASSED] - verifyTextPresent("UDF1", true): Text 'UDF1' is present on page  using regular expression

2022-05-16 11:32:48 - [MESSAGE][PASSED] - Text 'UDF1' is present on page  using regular expression

2022-05-16 11:32:48 - [TEST_STEP][PASSED] - verifyTextPresent("UDF2", true): Text 'UDF2' is present on page  using regular expression

2022-05-16 11:32:48 - [MESSAGE][PASSED] - Text 'UDF2' is present on page  using regular expression

2022-05-16 11:32:48 - [TEST_STEP][PASSED] - verifyTextPresent("UDF3", true): Text 'UDF3' is present on page  using regular expression

2022-05-16 11:32:48 - [MESSAGE][PASSED] - Text 'UDF3' is present on page  using regular expression

2022-05-16 11:32:48 - [TEST_STEP][PASSED] - verifyTextPresent("UDF4", true): Text 'UDF4' is present on page  using regular expression

2022-05-16 11:32:49 - [MESSAGE][PASSED] - Text 'UDF4' is present on page  using regular expression

2022-05-16 11:32:49 - [TEST_STEP][PASSED] - verifyTextPresent("UDF5", true): Text 'UDF5' is present on page  using regular expression

2022-05-16 11:32:49 - [MESSAGE][PASSED] - Text 'UDF5' is present on page  using regular expression

2022-05-16 11:32:49 - [TEST_STEP][PASSED] - verifyTextPresent("UDF6", true): Text 'UDF6' is present on page  using regular expression

2022-05-16 11:32:49 - [MESSAGE][PASSED] - Text 'UDF6' is present on page  using regular expression

2022-05-16 11:32:49 - [TEST_STEP][PASSED] - verifyTextPresent("UDF7", true): Text 'UDF7' is present on page  using regular expression

2022-05-16 11:32:50 - [MESSAGE][PASSED] - Text 'UDF7' is present on page  using regular expression

2022-05-16 11:32:50 - [TEST_STEP][PASSED] - verifyTextPresent("UDF8", true): Text 'UDF8' is present on page  using regular expression

2022-05-16 11:32:50 - [MESSAGE][PASSED] - Text 'UDF8' is present on page  using regular expression

2022-05-16 11:32:50 - [TEST_STEP][PASSED] - verifyTextPresent("UDF9", true): Text 'UDF9' is present on page  using regular expression

2022-05-16 11:32:50 - [MESSAGE][PASSED] - Text 'UDF9' is present on page  using regular expression

2022-05-16 11:32:50 - [TEST_STEP][PASSED] - verifyTextPresent("UDF 10", true): Text 'UDF 10' is present on page  using regular expression

2022-05-16 11:32:51 - [MESSAGE][PASSED] - Text 'UDF 10' is present on page  using regular expression

2022-05-16 11:32:51 - [TEST_STEP][PASSED] - verifyTextPresent("Delhi", true): Text 'Delhi' is present on page  using regular expression

2022-05-16 11:32:51 - [MESSAGE][PASSED] - Text 'Delhi' is present on page  using regular expression

2022-05-16 11:32:51 - [TEST_STEP][PASSED] - verifyTextPresent("Chennai", true): Text 'Chennai' is present on page  using regular expression

2022-05-16 11:32:51 - [MESSAGE][PASSED] - Text 'Chennai' is present on page  using regular expression

2022-05-16 11:32:51 - [TEST_STEP][PASSED] - verifyTextPresent("Mumbai", true): Text 'Mumbai' is present on page  using regular expression

2022-05-16 11:32:52 - [MESSAGE][PASSED] - Text 'Mumbai' is present on page  using regular expression

2022-05-16 11:32:52 - [TEST_STEP][PASSED] - verifyTextPresent("Kanpur", true): Text 'Kanpur' is present on page  using regular expression

2022-05-16 11:32:52 - [MESSAGE][PASSED] - Text 'Kanpur' is present on page  using regular expression

2022-05-16 11:32:52 - [TEST_STEP][PASSED] - verifyTextPresent("Orange Recorded", true): Text 'Orange Recorded' is present on page  using regular expression

2022-05-16 11:32:52 - [MESSAGE][PASSED] - Text 'Orange Recorded' is present on page  using regular expression

2022-05-16 11:32:52 - [TEST_STEP][PASSED] - verifyTextPresent("Yellow Recorded", true): Text 'Yellow Recorded' is present on page  using regular expression

2022-05-16 11:32:53 - [MESSAGE][PASSED] - Text 'Yellow Recorded' is present on page  using regular expression

2022-05-16 11:32:53 - [TEST_STEP][PASSED] - verifyTextPresent("Kolkata", true): Text 'Kolkata' is present on page  using regular expression

2022-05-16 11:32:53 - [MESSAGE][PASSED] - Text 'Kolkata' is present on page  using regular expression

2022-05-16 11:32:53 - [TEST_STEP][PASSED] - verifyTextPresent("Pune", true): Text 'Pune' is present on page  using regular expression

2022-05-16 11:32:53 - [MESSAGE][PASSED] - Text 'Pune' is present on page  using regular expression

2022-05-16 11:32:53 - [TEST_STEP][PASSED] - verifyTextPresent("Bhavnagar", true): Text 'Bhavnagar' is present on page  using regular expression

2022-05-16 11:32:54 - [MESSAGE][PASSED] - Text 'Bhavnagar' is present on page  using regular expression

2022-05-16 11:32:54 - [TEST_STEP][PASSED] - verifyTextPresent("Noida", true): Text 'Noida' is present on page  using regular expression

2022-05-16 11:32:54 - [MESSAGE][PASSED] - Text 'Noida' is present on page  using regular expression

2022-05-16 11:32:54 - [TEST_STEP][PASSED] - verifyTextPresent("Amount", true): Text 'Amount' is present on page  using regular expression

2022-05-16 11:32:54 - [MESSAGE][PASSED] - Text 'Amount' is present on page  using regular expression

2022-05-16 11:32:54 - [TEST_STEP][PASSED] - verifyTextPresent("2.50", true): Text '2.50' is present on page  using regular expression

2022-05-16 11:32:55 - [MESSAGE][PASSED] - Text '2.50' is present on page  using regular expression

2022-05-16 11:32:55 - [TEST_STEP][PASSED] - verifyTextPresent("Authorization and Capture", true): Text 'Authorization and Capture' is present on page  using regular expression

2022-05-16 11:32:55 - [MESSAGE][PASSED] - Text 'Authorization and Capture' is present on page  using regular expression

2022-05-16 11:32:55 - [TEST_STEP][PASSED] - verifyTextPresent("Card Information", true): Text 'Card Information' is present on page  using regular expression

2022-05-16 11:32:55 - [MESSAGE][PASSED] - Text 'Card Information' is present on page  using regular expression

2022-05-16 11:32:55 - [TEST_STEP][PASSED] - verifyTextPresent("TANDON RAVENA", true): Text 'TANDON RAVENA' is present on page  using regular expression

2022-05-16 11:32:56 - [MESSAGE][PASSED] - Text 'TANDON RAVENA' is present on page  using regular expression

2022-05-16 11:32:56 - [TEST_STEP][PASSED] - verifyTextPresent("Address Line 1", true): Text 'Address Line 1' is present on page  using regular expression

2022-05-16 11:32:56 - [MESSAGE][PASSED] - Text 'Address Line 1' is present on page  using regular expression

2022-05-16 11:32:56 - [TEST_STEP][PASSED] - verifyTextPresent("Address Line 2", true): Text 'Address Line 2' is present on page  using regular expression

2022-05-16 11:32:56 - [MESSAGE][PASSED] - Text 'Address Line 2' is present on page  using regular expression

2022-05-16 11:32:56 - [TEST_STEP][PASSED] - verifyTextPresent("Country", true): Text 'Country' is present on page  using regular expression

2022-05-16 11:32:57 - [MESSAGE][PASSED] - Text 'Country' is present on page  using regular expression

2022-05-16 11:32:57 - [TEST_STEP][PASSED] - verifyTextPresent("City", true): Text 'City' is present on page  using regular expression

2022-05-16 11:32:57 - [MESSAGE][PASSED] - Text 'City' is present on page  using regular expression

2022-05-16 11:32:57 - [TEST_STEP][PASSED] - verifyTextPresent("State", true): Text 'State' is present on page  using regular expression

2022-05-16 11:32:57 - [MESSAGE][PASSED] - Text 'State' is present on page  using regular expression

2022-05-16 11:32:57 - [TEST_STEP][PASSED] - verifyTextPresent("ZIP Code", true): Text 'ZIP Code' is present on page  using regular expression

2022-05-16 11:32:58 - [MESSAGE][PASSED] - Text 'ZIP Code' is present on page  using regular expression

2022-05-16 11:32:58 - [TEST_STEP][PASSED] - verifyTextPresent("248 PhoolKaante road", true): Text '248 PhoolKaante road' is present on page  using regular expression

2022-05-16 11:32:58 - [MESSAGE][PASSED] - Text '248 PhoolKaante road' is present on page  using regular expression

2022-05-16 11:32:58 - [TEST_STEP][PASSED] - verifyTextPresent("Suite 678", true): Text 'Suite 678' is present on page  using regular expression

2022-05-16 11:32:58 - [MESSAGE][PASSED] - Text 'Suite 678' is present on page  using regular expression

2022-05-16 11:32:58 - [TEST_STEP][PASSED] - verifyTextPresent("United States", true): Text 'United States' is present on page  using regular expression

2022-05-16 11:32:59 - [MESSAGE][PASSED] - Text 'United States' is present on page  using regular expression

2022-05-16 11:32:59 - [TEST_STEP][PASSED] - verifyTextPresent("ARLINGTON", true): Text 'ARLINGTON' is present on page  using regular expression

2022-05-16 11:32:59 - [MESSAGE][PASSED] - Text 'ARLINGTON' is present on page  using regular expression

2022-05-16 11:32:59 - [TEST_STEP][PASSED] - verifyTextPresent("VA", true): Text 'VA' is present on page  using regular expression

2022-05-16 11:32:59 - [MESSAGE][PASSED] - Text 'VA' is present on page  using regular expression

2022-05-16 11:32:59 - [TEST_STEP][PASSED] - verifyTextPresent("22201", true): Text '22201' is present on page  using regular expression

2022-05-16 11:33:00 - [MESSAGE][PASSED] - Text '22201' is present on page  using regular expression

2022-05-16 11:33:00 - [TEST_STEP][PASSED] - cardTypeV = findTestData(dataFile).getValue("CardType", row): null

2022-05-16 11:33:00 - [TEST_STEP][PASSED] - last4V = findTestData(dataFile).getValue("Last4", row): null

2022-05-16 11:33:00 - [TEST_STEP][PASSED] - verifyTextPresent(cardTypeV, true): Text 'Visa' is present on page  using regular expression

2022-05-16 11:33:00 - [MESSAGE][PASSED] - Text 'Visa' is present on page  using regular expression

2022-05-16 11:33:00 - [TEST_STEP][PASSED] - verifyTextPresent(last4V, true): Text '5439' is present on page  using regular expression

2022-05-16 11:33:00 - [MESSAGE][PASSED] - Text '5439' is present on page  using regular expression

2022-05-16 11:33:00 - [TEST_STEP][PASSED] - switch (appName): null

2022-05-16 11:33:00 - [TEST_STEP][PASSED] - case "a_Access AutoSingleCFtpDemo":: null

2022-05-16 11:33:00 - [TEST_STEP][PASSED] - verifyTextPresent("5.00", true): Text '5.00' is present on page  using regular expression

2022-05-16 11:33:01 - [MESSAGE][PASSED] - Text '5.00' is present on page  using regular expression

2022-05-16 11:33:01 - [TEST_STEP][PASSED] - verifyTextPresent("Single Transaction", true): Text 'Single Transaction' is present on page  using regular expression

2022-05-16 11:33:01 - [MESSAGE][PASSED] - Text 'Single Transaction' is present on page  using regular expression

2022-05-16 11:33:01 - [TEST_STEP][PASSED] - verifyTextPresent("7.50", true): Text '7.50' is present on page  using regular expression

2022-05-16 11:33:01 - [MESSAGE][PASSED] - Text '7.50' is present on page  using regular expression

2022-05-16 11:33:01 - [TEST_STEP][PASSED] - verifyTextPresent("Total Amount", true): Text 'Total Amount' is present on page  using regular expression

2022-05-16 11:33:02 - [MESSAGE][PASSED] - Text 'Total Amount' is present on page  using regular expression

2022-05-16 11:33:02 - [TEST_STEP][PASSED] - verifyTextPresent("Transaction Type", true): Text 'Transaction Type' is present on page  using regular expression

2022-05-16 11:33:02 - [MESSAGE][PASSED] - Text 'Transaction Type' is present on page  using regular expression

2022-05-16 11:33:02 - [TEST_STEP][PASSED] - break: null

2022-05-16 11:33:02 - [TEST_STEP][PASSED] - closeBrowser(): Browser is closed

2022-05-16 11:33:03 - [MESSAGE][PASSED] - Browser is closed

2022-05-16 11:33:03 - [TEST_STEP][PASSED] - ExecuteTC = findTestData(dataFile).getValue("Execute", row): null

2022-05-16 11:33:03 - [TEST_STEP][PASSED] - out.println("Value of Execute is : " + ExecuteTC): null

2022-05-16 11:33:03 - [TEST_STEP][PASSED] - switch (executionProfile): null

2022-05-16 11:33:03 - [TEST_STEP][PASSED] - case "DemoProfile":: null

2022-05-16 11:33:03 - [TEST_STEP][PASSED] - appName = findTestData(dataFile).getValue("AppNameDemo", row): null

2022-05-16 11:33:03 - [TEST_STEP][PASSED] - appID = findTestData(dataFile).getValue("AppIDDemo", row): null

2022-05-16 11:33:03 - [TEST_STEP][PASSED] - break: null

2022-05-16 11:33:03 - [TEST_STEP][PASSED] - if (ExecuteTC.equalsIgnoreCase("Y")): null

2022-05-16 11:33:03 - [TEST_STEP][PASSED] - out.println("Begin Record Number: " + row): null

2022-05-16 11:33:03 - [TEST_STEP][PASSED] - today = new java.util.Date(): null

2022-05-16 11:33:03 - [TEST_STEP][PASSED] - println(today): null

2022-05-16 11:33:03 - [TEST_STEP][PASSED] - datText = today: null

2022-05-16 11:33:03 - [TEST_STEP][PASSED] - adminSuiteBootstrap.loginFunctionality.login_AdminSuite(): adminSuiteBootstrap.loginFunctionality.login_AdminSuite is PASSED

2022-05-16 11:33:03 - [MESSAGE][INFO] - Starting 'Chrome' driver

2022-05-16 11:33:03 - [MESSAGE][INFO] - User set preference: ['acceptInsecureCerts', 'true']

2022-05-16 11:33:03 - [MESSAGE][INFO] - Action delay is set to 0 milliseconds

2022-05-16 11:33:05 - [MESSAGE][PASSED] - Browser is opened with url: 'https://demo.velocitypayment.com/admin/imtiazdemo'

2022-05-16 11:33:05 - [MESSAGE][PASSED] - Current window maximized

2022-05-16 11:33:06 - [MESSAGE][PASSED] - Object 'Object Repository/Login_Page/Login_Username' is present

2022-05-16 11:33:07 - [MESSAGE][PASSED] - Text 'iahmed' is set on object 'Object Repository/Login_Page/Login_Username'

2022-05-16 11:33:07 - [MESSAGE][PASSED] - Text 'hello2222' is set on object 'Object Repository/Login_Page/Login_Password'

2022-05-16 11:33:11 - [MESSAGE][PASSED] - Object: 'Object Repository/Login_Page/Login_Submit' is clicked on

2022-05-16 11:33:11 - [MESSAGE][PASSED] - adminSuiteBootstrap.loginFunctionality.login_AdminSuite is PASSED

2022-05-16 11:33:11 - [TEST_STEP][PASSED] - click(findTestObject(path_Dashboard + appName)): Object: 'Object Repository/AdminSuiteBootstrap_Pages/Dashboard_Bootstrap/a_Access AutoSingleCFtpDemo' is clicked on

2022-05-16 11:33:14 - [MESSAGE][PASSED] - Object: 'Object Repository/AdminSuiteBootstrap_Pages/Dashboard_Bootstrap/a_Access AutoSingleCFtpDemo' is clicked on

2022-05-16 11:33:14 - [TEST_STEP][PASSED] - click(findTestObject(path_VT + "a_Find Profile")): Object: 'Object Repository/AdminSuiteBootstrap_Pages/VT_Bootstrap/IssueTransactions/a_Find Profile' is clicked on

2022-05-16 11:33:15 - [MESSAGE][PASSED] - Object: 'Object Repository/AdminSuiteBootstrap_Pages/VT_Bootstrap/IssueTransactions/a_Find Profile' is clicked on

2022-05-16 11:33:15 - [TEST_STEP][PASSED] - criteria = <not implemented yet for class: org.codehaus.groovy.ast.expr.EmptyExpression>: null

2022-05-16 11:33:15 - [TEST_STEP][PASSED] - searchBy = <not implemented yet for class: org.codehaus.groovy.ast.expr.EmptyExpression>: null

2022-05-16 11:33:15 - [TEST_STEP][PASSED] - criteria = findTestData(dataFile).getValue("ProfileName", row): null

2022-05-16 11:33:15 - [TEST_STEP][PASSED] - path_SearchProfile = "Object Repository/AdminSuiteBootstrap_Pages/VSP_Bootstrap/SearchProfile/": null

2022-05-16 11:33:15 - [TEST_STEP][PASSED] - setText(findTestObject(path_SearchProfile + "input_Criteria"), criteria): Text 'PaymentsMC' is set on object 'Object Repository/AdminSuiteBootstrap_Pages/VSP_Bootstrap/SearchProfile/input_Criteria'

2022-05-16 11:33:16 - [MESSAGE][PASSED] - Text 'PaymentsMC' is set on object 'Object Repository/AdminSuiteBootstrap_Pages/VSP_Bootstrap/SearchProfile/input_Criteria'

2022-05-16 11:33:16 - [TEST_STEP][PASSED] - click(findTestObject(path_SearchProfile + "button_Search")): Object: 'Object Repository/AdminSuiteBootstrap_Pages/VSP_Bootstrap/SearchProfile/button_Search' is clicked on

2022-05-16 11:33:19 - [MESSAGE][PASSED] - Object: 'Object Repository/AdminSuiteBootstrap_Pages/VSP_Bootstrap/SearchProfile/button_Search' is clicked on

2022-05-16 11:33:19 - [TEST_STEP][PASSED] - profNameLink = findTestData(dataFile).getValue("ProfileNameLink", row): null

2022-05-16 11:33:19 - [TEST_STEP][PASSED] - click(findTestObject(path_ViewProfile + profNameLink)): Object: 'Object Repository/AdminSuiteBootstrap_Pages/VSP_Bootstrap/View Profile/a_PaymentsMC' is clicked on

2022-05-16 11:33:23 - [MESSAGE][PASSED] - Object: 'Object Repository/AdminSuiteBootstrap_Pages/VSP_Bootstrap/View Profile/a_PaymentsMC' is clicked on

2022-05-16 11:33:23 - [TEST_STEP][PASSED] - click(findTestObject(path_ViewProfile + "a_AuthCap")): Object: 'Object Repository/AdminSuiteBootstrap_Pages/VSP_Bootstrap/View Profile/a_AuthCap' is clicked on

2022-05-16 11:33:26 - [MESSAGE][PASSED] - Object: 'Object Repository/AdminSuiteBootstrap_Pages/VSP_Bootstrap/View Profile/a_AuthCap' is clicked on

2022-05-16 11:33:26 - [TEST_STEP][PASSED] - verifyTextPresent("Credit Card Authorization Capture", true): Text 'Credit Card Authorization Capture' is present on page  using regular expression

2022-05-16 11:33:29 - [MESSAGE][PASSED] - Text 'Credit Card Authorization Capture' is present on page  using regular expression

2022-05-16 11:33:29 - [TEST_STEP][PASSED] - verifyTextPresent("Sale", true): Text 'Sale' is present on page  using regular expression

2022-05-16 11:33:30 - [MESSAGE][PASSED] - Text 'Sale' is present on page  using regular expression

2022-05-16 11:33:30 - [TEST_STEP][PASSED] - verifyTextPresent("Required fields are highlighted with an asterisk", true): Text 'Required fields are highlighted with an asterisk' is present on page  using regular expression

2022-05-16 11:33:30 - [MESSAGE][PASSED] - Text 'Required fields are highlighted with an asterisk' is present on page  using regular expression

2022-05-16 11:33:30 - [TEST_STEP][PASSED] - verifyTextPresent("Remittance ID", true): Text 'Remittance ID' is present on page  using regular expression

2022-05-16 11:33:31 - [MESSAGE][PASSED] - Text 'Remittance ID' is present on page  using regular expression

2022-05-16 11:33:31 - [TEST_STEP][PASSED] - vspBootstrap.SalePage.setDataSaleAndAuth(row, dataFile): vspBootstrap.SalePage.setDataSaleAndAuth is PASSED

2022-05-16 11:33:32 - [MESSAGE][PASSED] - All options with value 'MOTO' are selected in object 'Object Repository/AdminSuiteBootstrap_Pages/VSP_Bootstrap/VSP_Authcap/select_TransactionCategory'  using regular expression

2022-05-16 11:33:33 - [MESSAGE][PASSED] - Text '123' is set on object 'Object Repository/AdminSuiteBootstrap_Pages/VSP_Bootstrap/VSP_Authcap/input_cvv'

2022-05-16 11:33:33 - [MESSAGE][PASSED] - Text '' is set on object 'Object Repository/AdminSuiteBootstrap_Pages/VSP_Bootstrap/VSP_Authcap/input_smsNumber'

2022-05-16 11:33:34 - [MESSAGE][PASSED] - Text '2.50' is set on object 'Object Repository/AdminSuiteBootstrap_Pages/VSP_Bootstrap/VSP_Authcap/input_amount'

2022-05-16 11:33:39 - [MESSAGE][PASSED] - Text 'Delhi' is set on object 'Object Repository/AdminSuiteBootstrap_Pages/VSP_Bootstrap/VSP_Authcap/input_userDefined1'

2022-05-16 11:33:40 - [MESSAGE][PASSED] - Text 'Chennai' is set on object 'Object Repository/AdminSuiteBootstrap_Pages/VSP_Bootstrap/VSP_Authcap/input_userDefined2'

2022-05-16 11:33:40 - [MESSAGE][PASSED] - Text 'Mumbai' is set on object 'Object Repository/AdminSuiteBootstrap_Pages/VSP_Bootstrap/VSP_Authcap/input_userDefined3'

2022-05-16 11:33:41 - [MESSAGE][PASSED] - Text 'Kanpur' is set on object 'Object Repository/AdminSuiteBootstrap_Pages/VSP_Bootstrap/VSP_Authcap/input_userDefined4'

2022-05-16 11:33:42 - [MESSAGE][PASSED] - All options with label 'Orange' are selected in object 'Object Repository/AdminSuiteBootstrap_Pages/VSP_Bootstrap/VSP_Authcap/select_UDF5'  using regular expression

2022-05-16 11:33:43 - [MESSAGE][PASSED] - All options with label 'Yellow' are selected in object 'Object Repository/AdminSuiteBootstrap_Pages/VSP_Bootstrap/VSP_Authcap/select_UDF6'  using regular expression

2022-05-16 11:33:44 - [MESSAGE][PASSED] - Text 'Kolkata' is set on object 'Object Repository/AdminSuiteBootstrap_Pages/VSP_Bootstrap/VSP_Authcap/input_userDefined7'

2022-05-16 11:33:44 - [MESSAGE][PASSED] - Text 'Pune' is set on object 'Object Repository/AdminSuiteBootstrap_Pages/VSP_Bootstrap/VSP_Authcap/input_userDefined8'

2022-05-16 11:33:45 - [MESSAGE][PASSED] - Text 'Bhavnagar' is set on object 'Object Repository/AdminSuiteBootstrap_Pages/VSP_Bootstrap/VSP_Authcap/input_userDefined9'

2022-05-16 11:33:46 - [MESSAGE][PASSED] - Text 'Noida' is set on object 'Object Repository/AdminSuiteBootstrap_Pages/VSP_Bootstrap/VSP_Authcap/input_userDefined10'

2022-05-16 11:33:51 - [MESSAGE][PASSED] - Object: 'Object Repository/AdminSuiteBootstrap_Pages/VSP_Bootstrap/VSP_Authcap/button_Submit' is clicked on

2022-05-16 11:33:51 - [MESSAGE][PASSED] - vspBootstrap.SalePage.setDataSaleAndAuth is PASSED

2022-05-16 11:33:51 - [TEST_STEP][PASSED] - verifyTextPresent("Transaction Successful", true): Text 'Transaction Successful' is present on page  using regular expression

2022-05-16 11:33:51 - [MESSAGE][PASSED] - Text 'Transaction Successful' is present on page  using regular expression

2022-05-16 11:33:51 - [TEST_STEP][PASSED] - verifyElementVisible(findTestObject("Object Repository/AdminSuiteBootstrap_Pages/VT_Bootstrap/Receipt/button_Continue")): Object 'Object Repository/AdminSuiteBootstrap_Pages/VT_Bootstrap/Receipt/button_Continue' is visible

2022-05-16 11:33:52 - [MESSAGE][PASSED] - Object 'Object Repository/AdminSuiteBootstrap_Pages/VT_Bootstrap/Receipt/button_Continue' is visible

2022-05-16 11:33:52 - [TEST_STEP][PASSED] - verifyElementPresent(findTestObject("Object Repository/AdminSuiteBootstrap_Pages/VT_Bootstrap/Receipt/button_Continue"), 20): Object 'Object Repository/AdminSuiteBootstrap_Pages/VT_Bootstrap/Receipt/button_Continue' is present

2022-05-16 11:33:52 - [MESSAGE][PASSED] - Object 'Object Repository/AdminSuiteBootstrap_Pages/VT_Bootstrap/Receipt/button_Continue' is present

2022-05-16 11:33:52 - [TEST_STEP][PASSED] - verifyElementVisible(findTestObject("Object Repository/AdminSuiteBootstrap_Pages/VT_Bootstrap/Receipt/button_Print")): Object 'Object Repository/AdminSuiteBootstrap_Pages/VT_Bootstrap/Receipt/button_Print' is visible

2022-05-16 11:33:52 - [MESSAGE][PASSED] - Object 'Object Repository/AdminSuiteBootstrap_Pages/VT_Bootstrap/Receipt/button_Print' is visible

2022-05-16 11:33:52 - [TEST_STEP][PASSED] - verifyElementPresent(findTestObject("Object Repository/AdminSuiteBootstrap_Pages/VT_Bootstrap/Receipt/button_Print"), 20): Object 'Object Repository/AdminSuiteBootstrap_Pages/VT_Bootstrap/Receipt/button_Print' is present

2022-05-16 11:33:53 - [MESSAGE][PASSED] - Object 'Object Repository/AdminSuiteBootstrap_Pages/VT_Bootstrap/Receipt/button_Print' is present

2022-05-16 11:33:53 - [TEST_STEP][PASSED] - verifyTextPresent("Remittance ID", true): Text 'Remittance ID' is present on page  using regular expression

2022-05-16 11:33:53 - [MESSAGE][PASSED] - Text 'Remittance ID' is present on page  using regular expression

2022-05-16 11:33:53 - [TEST_STEP][PASSED] - verifyTextPresent("Received", true): Text 'Received' is present on page  using regular expression

2022-05-16 11:33:53 - [MESSAGE][PASSED] - Text 'Received' is present on page  using regular expression

2022-05-16 11:33:53 - [TEST_STEP][PASSED] - verifyTextPresent("UDF1", true): Text 'UDF1' is present on page  using regular expression

2022-05-16 11:33:54 - [MESSAGE][PASSED] - Text 'UDF1' is present on page  using regular expression

2022-05-16 11:33:54 - [TEST_STEP][PASSED] - verifyTextPresent("UDF2", true): Text 'UDF2' is present on page  using regular expression

2022-05-16 11:33:54 - [MESSAGE][PASSED] - Text 'UDF2' is present on page  using regular expression

2022-05-16 11:33:54 - [TEST_STEP][PASSED] - verifyTextPresent("UDF3", true): Text 'UDF3' is present on page  using regular expression

2022-05-16 11:33:54 - [MESSAGE][PASSED] - Text 'UDF3' is present on page  using regular expression

2022-05-16 11:33:54 - [TEST_STEP][PASSED] - verifyTextPresent("UDF4", true): Text 'UDF4' is present on page  using regular expression

2022-05-16 11:33:55 - [MESSAGE][PASSED] - Text 'UDF4' is present on page  using regular expression

2022-05-16 11:33:55 - [TEST_STEP][PASSED] - verifyTextPresent("UDF5", true): Text 'UDF5' is present on page  using regular expression

2022-05-16 11:33:55 - [MESSAGE][PASSED] - Text 'UDF5' is present on page  using regular expression

2022-05-16 11:33:55 - [TEST_STEP][PASSED] - verifyTextPresent("UDF6", true): Text 'UDF6' is present on page  using regular expression

2022-05-16 11:33:55 - [MESSAGE][PASSED] - Text 'UDF6' is present on page  using regular expression

2022-05-16 11:33:55 - [TEST_STEP][PASSED] - verifyTextPresent("UDF7", true): Text 'UDF7' is present on page  using regular expression

2022-05-16 11:33:56 - [MESSAGE][PASSED] - Text 'UDF7' is present on page  using regular expression

2022-05-16 11:33:56 - [TEST_STEP][PASSED] - verifyTextPresent("UDF8", true): Text 'UDF8' is present on page  using regular expression

2022-05-16 11:33:56 - [MESSAGE][PASSED] - Text 'UDF8' is present on page  using regular expression

2022-05-16 11:33:56 - [TEST_STEP][PASSED] - verifyTextPresent("UDF9", true): Text 'UDF9' is present on page  using regular expression

2022-05-16 11:33:56 - [MESSAGE][PASSED] - Text 'UDF9' is present on page  using regular expression

2022-05-16 11:33:56 - [TEST_STEP][PASSED] - verifyTextPresent("UDF 10", true): Text 'UDF 10' is present on page  using regular expression

2022-05-16 11:33:57 - [MESSAGE][PASSED] - Text 'UDF 10' is present on page  using regular expression

2022-05-16 11:33:57 - [TEST_STEP][PASSED] - verifyTextPresent("Delhi", true): Text 'Delhi' is present on page  using regular expression

2022-05-16 11:33:57 - [MESSAGE][PASSED] - Text 'Delhi' is present on page  using regular expression

2022-05-16 11:33:57 - [TEST_STEP][PASSED] - verifyTextPresent("Chennai", true): Text 'Chennai' is present on page  using regular expression

2022-05-16 11:33:57 - [MESSAGE][PASSED] - Text 'Chennai' is present on page  using regular expression

2022-05-16 11:33:57 - [TEST_STEP][PASSED] - verifyTextPresent("Mumbai", true): Text 'Mumbai' is present on page  using regular expression

2022-05-16 11:33:58 - [MESSAGE][PASSED] - Text 'Mumbai' is present on page  using regular expression

2022-05-16 11:33:58 - [TEST_STEP][PASSED] - verifyTextPresent("Kanpur", true): Text 'Kanpur' is present on page  using regular expression

2022-05-16 11:33:58 - [MESSAGE][PASSED] - Text 'Kanpur' is present on page  using regular expression

2022-05-16 11:33:58 - [TEST_STEP][PASSED] - verifyTextPresent("Orange Recorded", true): Text 'Orange Recorded' is present on page  using regular expression

2022-05-16 11:33:58 - [MESSAGE][PASSED] - Text 'Orange Recorded' is present on page  using regular expression

2022-05-16 11:33:58 - [TEST_STEP][PASSED] - verifyTextPresent("Yellow Recorded", true): Text 'Yellow Recorded' is present on page  using regular expression

2022-05-16 11:33:59 - [MESSAGE][PASSED] - Text 'Yellow Recorded' is present on page  using regular expression

2022-05-16 11:33:59 - [TEST_STEP][PASSED] - verifyTextPresent("Kolkata", true): Text 'Kolkata' is present on page  using regular expression

2022-05-16 11:33:59 - [MESSAGE][PASSED] - Text 'Kolkata' is present on page  using regular expression

2022-05-16 11:33:59 - [TEST_STEP][PASSED] - verifyTextPresent("Pune", true): Text 'Pune' is present on page  using regular expression

2022-05-16 11:33:59 - [MESSAGE][PASSED] - Text 'Pune' is present on page  using regular expression

2022-05-16 11:33:59 - [TEST_STEP][PASSED] - verifyTextPresent("Bhavnagar", true): Text 'Bhavnagar' is present on page  using regular expression

2022-05-16 11:34:00 - [MESSAGE][PASSED] - Text 'Bhavnagar' is present on page  using regular expression

2022-05-16 11:34:00 - [TEST_STEP][PASSED] - verifyTextPresent("Noida", true): Text 'Noida' is present on page  using regular expression

2022-05-16 11:34:00 - [MESSAGE][PASSED] - Text 'Noida' is present on page  using regular expression

2022-05-16 11:34:00 - [TEST_STEP][PASSED] - verifyTextPresent("Amount", true): Text 'Amount' is present on page  using regular expression

2022-05-16 11:34:00 - [MESSAGE][PASSED] - Text 'Amount' is present on page  using regular expression

2022-05-16 11:34:00 - [TEST_STEP][PASSED] - verifyTextPresent("2.50", true): Text '2.50' is present on page  using regular expression

2022-05-16 11:34:01 - [MESSAGE][PASSED] - Text '2.50' is present on page  using regular expression

2022-05-16 11:34:01 - [TEST_STEP][PASSED] - verifyTextPresent("Authorization and Capture", true): Text 'Authorization and Capture' is present on page  using regular expression

2022-05-16 11:34:01 - [MESSAGE][PASSED] - Text 'Authorization and Capture' is present on page  using regular expression

2022-05-16 11:34:01 - [TEST_STEP][PASSED] - verifyTextPresent("Card Information", true): Text 'Card Information' is present on page  using regular expression

2022-05-16 11:34:01 - [MESSAGE][PASSED] - Text 'Card Information' is present on page  using regular expression

2022-05-16 11:34:01 - [TEST_STEP][PASSED] - verifyTextPresent("TANDON RAVENA", true): Text 'TANDON RAVENA' is present on page  using regular expression

2022-05-16 11:34:02 - [MESSAGE][PASSED] - Text 'TANDON RAVENA' is present on page  using regular expression

2022-05-16 11:34:02 - [TEST_STEP][PASSED] - verifyTextPresent("Address Line 1", true): Text 'Address Line 1' is present on page  using regular expression

2022-05-16 11:34:02 - [MESSAGE][PASSED] - Text 'Address Line 1' is present on page  using regular expression

2022-05-16 11:34:02 - [TEST_STEP][PASSED] - verifyTextPresent("Address Line 2", true): Text 'Address Line 2' is present on page  using regular expression

2022-05-16 11:34:02 - [MESSAGE][PASSED] - Text 'Address Line 2' is present on page  using regular expression

2022-05-16 11:34:02 - [TEST_STEP][PASSED] - verifyTextPresent("Country", true): Text 'Country' is present on page  using regular expression

2022-05-16 11:34:03 - [MESSAGE][PASSED] - Text 'Country' is present on page  using regular expression

2022-05-16 11:34:03 - [TEST_STEP][PASSED] - verifyTextPresent("City", true): Text 'City' is present on page  using regular expression

2022-05-16 11:34:03 - [MESSAGE][PASSED] - Text 'City' is present on page  using regular expression

2022-05-16 11:34:03 - [TEST_STEP][PASSED] - verifyTextPresent("State", true): Text 'State' is present on page  using regular expression

2022-05-16 11:34:03 - [MESSAGE][PASSED] - Text 'State' is present on page  using regular expression

2022-05-16 11:34:03 - [TEST_STEP][PASSED] - verifyTextPresent("ZIP Code", true): Text 'ZIP Code' is present on page  using regular expression

2022-05-16 11:34:04 - [MESSAGE][PASSED] - Text 'ZIP Code' is present on page  using regular expression

2022-05-16 11:34:04 - [TEST_STEP][PASSED] - verifyTextPresent("248 PhoolKaante road", true): Text '248 PhoolKaante road' is present on page  using regular expression

2022-05-16 11:34:04 - [MESSAGE][PASSED] - Text '248 PhoolKaante road' is present on page  using regular expression

2022-05-16 11:34:04 - [TEST_STEP][PASSED] - verifyTextPresent("Suite 678", true): Text 'Suite 678' is present on page  using regular expression

2022-05-16 11:34:04 - [MESSAGE][PASSED] - Text 'Suite 678' is present on page  using regular expression

2022-05-16 11:34:04 - [TEST_STEP][PASSED] - verifyTextPresent("United States", true): Text 'United States' is present on page  using regular expression

2022-05-16 11:34:05 - [MESSAGE][PASSED] - Text 'United States' is present on page  using regular expression

2022-05-16 11:34:05 - [TEST_STEP][PASSED] - verifyTextPresent("ARLINGTON", true): Text 'ARLINGTON' is present on page  using regular expression

2022-05-16 11:34:05 - [MESSAGE][PASSED] - Text 'ARLINGTON' is present on page  using regular expression

2022-05-16 11:34:05 - [TEST_STEP][PASSED] - verifyTextPresent("VA", true): Text 'VA' is present on page  using regular expression

2022-05-16 11:34:05 - [MESSAGE][PASSED] - Text 'VA' is present on page  using regular expression

2022-05-16 11:34:05 - [TEST_STEP][PASSED] - verifyTextPresent("22201", true): Text '22201' is present on page  using regular expression

2022-05-16 11:34:06 - [MESSAGE][PASSED] - Text '22201' is present on page  using regular expression

2022-05-16 11:34:06 - [TEST_STEP][PASSED] - cardTypeV = findTestData(dataFile).getValue("CardType", row): null

2022-05-16 11:34:06 - [TEST_STEP][PASSED] - last4V = findTestData(dataFile).getValue("Last4", row): null

2022-05-16 11:34:06 - [TEST_STEP][PASSED] - verifyTextPresent(cardTypeV, true): Text 'MasterCard' is present on page  using regular expression

2022-05-16 11:34:06 - [MESSAGE][PASSED] - Text 'MasterCard' is present on page  using regular expression

2022-05-16 11:34:06 - [TEST_STEP][PASSED] - verifyTextPresent(last4V, true): Text '0035' is present on page  using regular expression

2022-05-16 11:34:06 - [MESSAGE][PASSED] - Text '0035' is present on page  using regular expression

2022-05-16 11:34:06 - [TEST_STEP][PASSED] - switch (appName): null

2022-05-16 11:34:06 - [TEST_STEP][PASSED] - case "a_Access AutoSingleCFtpDemo":: null

2022-05-16 11:34:06 - [TEST_STEP][PASSED] - verifyTextPresent("5.00", true): Text '5.00' is present on page  using regular expression

2022-05-16 11:34:07 - [MESSAGE][PASSED] - Text '5.00' is present on page  using regular expression

2022-05-16 11:34:07 - [TEST_STEP][PASSED] - verifyTextPresent("Single Transaction", true): Text 'Single Transaction' is present on page  using regular expression

2022-05-16 11:34:07 - [MESSAGE][PASSED] - Text 'Single Transaction' is present on page  using regular expression

2022-05-16 11:34:07 - [TEST_STEP][PASSED] - verifyTextPresent("7.50", true): Text '7.50' is present on page  using regular expression

2022-05-16 11:34:07 - [MESSAGE][PASSED] - Text '7.50' is present on page  using regular expression

2022-05-16 11:34:07 - [TEST_STEP][PASSED] - verifyTextPresent("Total Amount", true): Text 'Total Amount' is present on page  using regular expression

2022-05-16 11:34:08 - [MESSAGE][PASSED] - Text 'Total Amount' is present on page  using regular expression

2022-05-16 11:34:08 - [TEST_STEP][PASSED] - verifyTextPresent("Transaction Type", true): Text 'Transaction Type' is present on page  using regular expression

2022-05-16 11:34:08 - [MESSAGE][PASSED] - Text 'Transaction Type' is present on page  using regular expression

2022-05-16 11:34:08 - [TEST_STEP][PASSED] - break: null

2022-05-16 11:34:08 - [TEST_STEP][PASSED] - closeBrowser(): Browser is closed

2022-05-16 11:34:09 - [MESSAGE][PASSED] - Browser is closed

2022-05-16 11:34:09 - [TEST_STEP][PASSED] - ExecuteTC = findTestData(dataFile).getValue("Execute", row): null

2022-05-16 11:34:09 - [TEST_STEP][PASSED] - out.println("Value of Execute is : " + ExecuteTC): null

2022-05-16 11:34:09 - [TEST_STEP][PASSED] - switch (executionProfile): null

2022-05-16 11:34:09 - [TEST_STEP][PASSED] - case "DemoProfile":: null

2022-05-16 11:34:09 - [TEST_STEP][PASSED] - appName = findTestData(dataFile).getValue("AppNameDemo", row): null

2022-05-16 11:34:09 - [TEST_STEP][PASSED] - appID = findTestData(dataFile).getValue("AppIDDemo", row): null

2022-05-16 11:34:09 - [TEST_STEP][PASSED] - break: null

2022-05-16 11:34:09 - [TEST_STEP][PASSED] - if (ExecuteTC.equalsIgnoreCase("Y")): null

2022-05-16 11:34:09 - [TEST_STEP][PASSED] - out.println("Begin Record Number: " + row): null

2022-05-16 11:34:09 - [TEST_STEP][PASSED] - today = new java.util.Date(): null

2022-05-16 11:34:09 - [TEST_STEP][PASSED] - println(today): null

2022-05-16 11:34:09 - [TEST_STEP][PASSED] - datText = today: null

2022-05-16 11:34:09 - [TEST_STEP][PASSED] - adminSuiteBootstrap.loginFunctionality.login_AdminSuite(): adminSuiteBootstrap.loginFunctionality.login_AdminSuite is PASSED

2022-05-16 11:34:09 - [MESSAGE][INFO] - Starting 'Chrome' driver

2022-05-16 11:34:09 - [MESSAGE][INFO] - User set preference: ['acceptInsecureCerts', 'true']

2022-05-16 11:34:09 - [MESSAGE][INFO] - Action delay is set to 0 milliseconds

2022-05-16 11:34:12 - [MESSAGE][PASSED] - Browser is opened with url: 'https://demo.velocitypayment.com/admin/imtiazdemo'

2022-05-16 11:34:12 - [MESSAGE][PASSED] - Current window maximized

2022-05-16 11:34:12 - [MESSAGE][PASSED] - Object 'Object Repository/Login_Page/Login_Username' is present

2022-05-16 11:34:13 - [MESSAGE][PASSED] - Text 'iahmed' is set on object 'Object Repository/Login_Page/Login_Username'

2022-05-16 11:34:14 - [MESSAGE][PASSED] - Text 'hello2222' is set on object 'Object Repository/Login_Page/Login_Password'

2022-05-16 11:34:18 - [MESSAGE][PASSED] - Object: 'Object Repository/Login_Page/Login_Submit' is clicked on

2022-05-16 11:34:18 - [MESSAGE][PASSED] - adminSuiteBootstrap.loginFunctionality.login_AdminSuite is PASSED

2022-05-16 11:34:18 - [TEST_STEP][PASSED] - click(findTestObject(path_Dashboard + appName)): Object: 'Object Repository/AdminSuiteBootstrap_Pages/Dashboard_Bootstrap/a_Access AutoSingleCFtpDemo' is clicked on

2022-05-16 11:34:21 - [MESSAGE][PASSED] - Object: 'Object Repository/AdminSuiteBootstrap_Pages/Dashboard_Bootstrap/a_Access AutoSingleCFtpDemo' is clicked on

2022-05-16 11:34:21 - [TEST_STEP][PASSED] - click(findTestObject(path_VT + "a_Find Profile")): Object: 'Object Repository/AdminSuiteBootstrap_Pages/VT_Bootstrap/IssueTransactions/a_Find Profile' is clicked on

2022-05-16 11:34:21 - [MESSAGE][PASSED] - Object: 'Object Repository/AdminSuiteBootstrap_Pages/VT_Bootstrap/IssueTransactions/a_Find Profile' is clicked on

2022-05-16 11:34:21 - [TEST_STEP][PASSED] - criteria = <not implemented yet for class: org.codehaus.groovy.ast.expr.EmptyExpression>: null

2022-05-16 11:34:21 - [TEST_STEP][PASSED] - searchBy = <not implemented yet for class: org.codehaus.groovy.ast.expr.EmptyExpression>: null

2022-05-16 11:34:21 - [TEST_STEP][PASSED] - criteria = findTestData(dataFile).getValue("ProfileName", row): null

2022-05-16 11:34:21 - [TEST_STEP][PASSED] - path_SearchProfile = "Object Repository/AdminSuiteBootstrap_Pages/VSP_Bootstrap/SearchProfile/": null

2022-05-16 11:34:21 - [TEST_STEP][PASSED] - setText(findTestObject(path_SearchProfile + "input_Criteria"), criteria): Text 'PaymentsAmEx' is set on object 'Object Repository/AdminSuiteBootstrap_Pages/VSP_Bootstrap/SearchProfile/input_Criteria'

2022-05-16 11:34:22 - [MESSAGE][PASSED] - Text 'PaymentsAmEx' is set on object 'Object Repository/AdminSuiteBootstrap_Pages/VSP_Bootstrap/SearchProfile/input_Criteria'

2022-05-16 11:34:22 - [TEST_STEP][PASSED] - click(findTestObject(path_SearchProfile + "button_Search")): Object: 'Object Repository/AdminSuiteBootstrap_Pages/VSP_Bootstrap/SearchProfile/button_Search' is clicked on

2022-05-16 11:34:26 - [MESSAGE][PASSED] - Object: 'Object Repository/AdminSuiteBootstrap_Pages/VSP_Bootstrap/SearchProfile/button_Search' is clicked on

2022-05-16 11:34:26 - [TEST_STEP][PASSED] - profNameLink = findTestData(dataFile).getValue("ProfileNameLink", row): null

2022-05-16 11:34:26 - [TEST_STEP][PASSED] - click(findTestObject(path_ViewProfile + profNameLink)): Object: 'Object Repository/AdminSuiteBootstrap_Pages/VSP_Bootstrap/View Profile/a_PaymentsAmEx' is clicked on

2022-05-16 11:34:30 - [MESSAGE][PASSED] - Object: 'Object Repository/AdminSuiteBootstrap_Pages/VSP_Bootstrap/View Profile/a_PaymentsAmEx' is clicked on

2022-05-16 11:34:30 - [TEST_STEP][PASSED] - click(findTestObject(path_ViewProfile + "a_AuthCap")): Object: 'Object Repository/AdminSuiteBootstrap_Pages/VSP_Bootstrap/View Profile/a_AuthCap' is clicked on

2022-05-16 11:34:35 - [MESSAGE][PASSED] - Object: 'Object Repository/AdminSuiteBootstrap_Pages/VSP_Bootstrap/View Profile/a_AuthCap' is clicked on

2022-05-16 11:34:35 - [TEST_STEP][PASSED] - verifyTextPresent("Credit Card Authorization Capture", true): Text 'Credit Card Authorization Capture' is present on page  using regular expression

2022-05-16 11:34:38 - [MESSAGE][PASSED] - Text 'Credit Card Authorization Capture' is present on page  using regular expression

2022-05-16 11:34:38 - [TEST_STEP][PASSED] - verifyTextPresent("Sale", true): Text 'Sale' is present on page  using regular expression

2022-05-16 11:34:39 - [MESSAGE][PASSED] - Text 'Sale' is present on page  using regular expression

2022-05-16 11:34:39 - [TEST_STEP][PASSED] - verifyTextPresent("Required fields are highlighted with an asterisk", true): Text 'Required fields are highlighted with an asterisk' is present on page  using regular expression

2022-05-16 11:34:39 - [MESSAGE][PASSED] - Text 'Required fields are highlighted with an asterisk' is present on page  using regular expression

2022-05-16 11:34:39 - [TEST_STEP][PASSED] - verifyTextPresent("Remittance ID", true): Text 'Remittance ID' is present on page  using regular expression

2022-05-16 11:34:40 - [MESSAGE][PASSED] - Text 'Remittance ID' is present on page  using regular expression

2022-05-16 11:34:40 - [TEST_STEP][PASSED] - vspBootstrap.SalePage.setDataSaleAndAuth(row, dataFile): vspBootstrap.SalePage.setDataSaleAndAuth is PASSED

2022-05-16 11:34:41 - [MESSAGE][PASSED] - All options with value 'MOTO' are selected in object 'Object Repository/AdminSuiteBootstrap_Pages/VSP_Bootstrap/VSP_Authcap/select_TransactionCategory'  using regular expression

2022-05-16 11:34:42 - [MESSAGE][PASSED] - Text '1234' is set on object 'Object Repository/AdminSuiteBootstrap_Pages/VSP_Bootstrap/VSP_Authcap/input_cvv'

2022-05-16 11:34:42 - [MESSAGE][PASSED] - Text '' is set on object 'Object Repository/AdminSuiteBootstrap_Pages/VSP_Bootstrap/VSP_Authcap/input_smsNumber'

2022-05-16 11:34:43 - [MESSAGE][PASSED] - Text '2.50' is set on object 'Object Repository/AdminSuiteBootstrap_Pages/VSP_Bootstrap/VSP_Authcap/input_amount'

2022-05-16 11:34:49 - [MESSAGE][PASSED] - Text 'Delhi' is set on object 'Object Repository/AdminSuiteBootstrap_Pages/VSP_Bootstrap/VSP_Authcap/input_userDefined1'

2022-05-16 11:34:50 - [MESSAGE][PASSED] - Text 'Chennai' is set on object 'Object Repository/AdminSuiteBootstrap_Pages/VSP_Bootstrap/VSP_Authcap/input_userDefined2'

2022-05-16 11:34:51 - [MESSAGE][PASSED] - Text 'Mumbai' is set on object 'Object Repository/AdminSuiteBootstrap_Pages/VSP_Bootstrap/VSP_Authcap/input_userDefined3'

2022-05-16 11:34:51 - [MESSAGE][PASSED] - Text 'Kanpur' is set on object 'Object Repository/AdminSuiteBootstrap_Pages/VSP_Bootstrap/VSP_Authcap/input_userDefined4'

2022-05-16 11:34:52 - [MESSAGE][PASSED] - All options with label 'Orange' are selected in object 'Object Repository/AdminSuiteBootstrap_Pages/VSP_Bootstrap/VSP_Authcap/select_UDF5'  using regular expression

2022-05-16 11:34:53 - [MESSAGE][PASSED] - All options with label 'Yellow' are selected in object 'Object Repository/AdminSuiteBootstrap_Pages/VSP_Bootstrap/VSP_Authcap/select_UDF6'  using regular expression

2022-05-16 11:34:54 - [MESSAGE][PASSED] - Text 'Kolkata' is set on object 'Object Repository/AdminSuiteBootstrap_Pages/VSP_Bootstrap/VSP_Authcap/input_userDefined7'

2022-05-16 11:34:55 - [MESSAGE][PASSED] - Text 'Pune' is set on object 'Object Repository/AdminSuiteBootstrap_Pages/VSP_Bootstrap/VSP_Authcap/input_userDefined8'

2022-05-16 11:34:55 - [MESSAGE][PASSED] - Text 'Bhavnagar' is set on object 'Object Repository/AdminSuiteBootstrap_Pages/VSP_Bootstrap/VSP_Authcap/input_userDefined9'

2022-05-16 11:34:56 - [MESSAGE][PASSED] - Text 'Noida' is set on object 'Object Repository/AdminSuiteBootstrap_Pages/VSP_Bootstrap/VSP_Authcap/input_userDefined10'

2022-05-16 11:35:01 - [MESSAGE][PASSED] - Object: 'Object Repository/AdminSuiteBootstrap_Pages/VSP_Bootstrap/VSP_Authcap/button_Submit' is clicked on

2022-05-16 11:35:01 - [MESSAGE][PASSED] - vspBootstrap.SalePage.setDataSaleAndAuth is PASSED

2022-05-16 11:35:01 - [TEST_STEP][PASSED] - verifyTextPresent("Transaction Successful", true): Text 'Transaction Successful' is present on page  using regular expression

2022-05-16 11:35:01 - [MESSAGE][PASSED] - Text 'Transaction Successful' is present on page  using regular expression

2022-05-16 11:35:01 - [TEST_STEP][PASSED] - verifyElementVisible(findTestObject("Object Repository/AdminSuiteBootstrap_Pages/VT_Bootstrap/Receipt/button_Continue")): Object 'Object Repository/AdminSuiteBootstrap_Pages/VT_Bootstrap/Receipt/button_Continue' is visible

2022-05-16 11:35:01 - [MESSAGE][PASSED] - Object 'Object Repository/AdminSuiteBootstrap_Pages/VT_Bootstrap/Receipt/button_Continue' is visible

2022-05-16 11:35:01 - [TEST_STEP][PASSED] - verifyElementPresent(findTestObject("Object Repository/AdminSuiteBootstrap_Pages/VT_Bootstrap/Receipt/button_Continue"), 20): Object 'Object Repository/AdminSuiteBootstrap_Pages/VT_Bootstrap/Receipt/button_Continue' is present

2022-05-16 11:35:02 - [MESSAGE][PASSED] - Object 'Object Repository/AdminSuiteBootstrap_Pages/VT_Bootstrap/Receipt/button_Continue' is present

2022-05-16 11:35:02 - [TEST_STEP][PASSED] - verifyElementVisible(findTestObject("Object Repository/AdminSuiteBootstrap_Pages/VT_Bootstrap/Receipt/button_Print")): Object 'Object Repository/AdminSuiteBootstrap_Pages/VT_Bootstrap/Receipt/button_Print' is visible

2022-05-16 11:35:02 - [MESSAGE][PASSED] - Object 'Object Repository/AdminSuiteBootstrap_Pages/VT_Bootstrap/Receipt/button_Print' is visible

2022-05-16 11:35:02 - [TEST_STEP][PASSED] - verifyElementPresent(findTestObject("Object Repository/AdminSuiteBootstrap_Pages/VT_Bootstrap/Receipt/button_Print"), 20): Object 'Object Repository/AdminSuiteBootstrap_Pages/VT_Bootstrap/Receipt/button_Print' is present

2022-05-16 11:35:02 - [MESSAGE][PASSED] - Object 'Object Repository/AdminSuiteBootstrap_Pages/VT_Bootstrap/Receipt/button_Print' is present

2022-05-16 11:35:02 - [TEST_STEP][PASSED] - verifyTextPresent("Remittance ID", true): Text 'Remittance ID' is present on page  using regular expression

2022-05-16 11:35:03 - [MESSAGE][PASSED] - Text 'Remittance ID' is present on page  using regular expression

2022-05-16 11:35:03 - [TEST_STEP][PASSED] - verifyTextPresent("Received", true): Text 'Received' is present on page  using regular expression

2022-05-16 11:35:03 - [MESSAGE][PASSED] - Text 'Received' is present on page  using regular expression

2022-05-16 11:35:03 - [TEST_STEP][PASSED] - verifyTextPresent("UDF1", true): Text 'UDF1' is present on page  using regular expression

2022-05-16 11:35:03 - [MESSAGE][PASSED] - Text 'UDF1' is present on page  using regular expression

2022-05-16 11:35:03 - [TEST_STEP][PASSED] - verifyTextPresent("UDF2", true): Text 'UDF2' is present on page  using regular expression

2022-05-16 11:35:04 - [MESSAGE][PASSED] - Text 'UDF2' is present on page  using regular expression

2022-05-16 11:35:04 - [TEST_STEP][PASSED] - verifyTextPresent("UDF3", true): Text 'UDF3' is present on page  using regular expression

2022-05-16 11:35:04 - [MESSAGE][PASSED] - Text 'UDF3' is present on page  using regular expression

2022-05-16 11:35:04 - [TEST_STEP][PASSED] - verifyTextPresent("UDF4", true): Text 'UDF4' is present on page  using regular expression

2022-05-16 11:35:04 - [MESSAGE][PASSED] - Text 'UDF4' is present on page  using regular expression

2022-05-16 11:35:04 - [TEST_STEP][PASSED] - verifyTextPresent("UDF5", true): Text 'UDF5' is present on page  using regular expression

2022-05-16 11:35:05 - [MESSAGE][PASSED] - Text 'UDF5' is present on page  using regular expression

2022-05-16 11:35:05 - [TEST_STEP][PASSED] - verifyTextPresent("UDF6", true): Text 'UDF6' is present on page  using regular expression

2022-05-16 11:35:05 - [MESSAGE][PASSED] - Text 'UDF6' is present on page  using regular expression

2022-05-16 11:35:05 - [TEST_STEP][PASSED] - verifyTextPresent("UDF7", true): Text 'UDF7' is present on page  using regular expression

2022-05-16 11:35:05 - [MESSAGE][PASSED] - Text 'UDF7' is present on page  using regular expression

2022-05-16 11:35:05 - [TEST_STEP][PASSED] - verifyTextPresent("UDF8", true): Text 'UDF8' is present on page  using regular expression

2022-05-16 11:35:06 - [MESSAGE][PASSED] - Text 'UDF8' is present on page  using regular expression

2022-05-16 11:35:06 - [TEST_STEP][PASSED] - verifyTextPresent("UDF9", true): Text 'UDF9' is present on page  using regular expression

2022-05-16 11:35:06 - [MESSAGE][PASSED] - Text 'UDF9' is present on page  using regular expression

2022-05-16 11:35:06 - [TEST_STEP][PASSED] - verifyTextPresent("UDF 10", true): Text 'UDF 10' is present on page  using regular expression

2022-05-16 11:35:06 - [MESSAGE][PASSED] - Text 'UDF 10' is present on page  using regular expression

2022-05-16 11:35:06 - [TEST_STEP][PASSED] - verifyTextPresent("Delhi", true): Text 'Delhi' is present on page  using regular expression

2022-05-16 11:35:07 - [MESSAGE][PASSED] - Text 'Delhi' is present on page  using regular expression

2022-05-16 11:35:07 - [TEST_STEP][PASSED] - verifyTextPresent("Chennai", true): Text 'Chennai' is present on page  using regular expression

2022-05-16 11:35:07 - [MESSAGE][PASSED] - Text 'Chennai' is present on page  using regular expression

2022-05-16 11:35:07 - [TEST_STEP][PASSED] - verifyTextPresent("Mumbai", true): Text 'Mumbai' is present on page  using regular expression

2022-05-16 11:35:07 - [MESSAGE][PASSED] - Text 'Mumbai' is present on page  using regular expression

2022-05-16 11:35:07 - [TEST_STEP][PASSED] - verifyTextPresent("Kanpur", true): Text 'Kanpur' is present on page  using regular expression

2022-05-16 11:35:07 - [MESSAGE][PASSED] - Text 'Kanpur' is present on page  using regular expression

2022-05-16 11:35:07 - [TEST_STEP][PASSED] - verifyTextPresent("Orange Recorded", true): Text 'Orange Recorded' is present on page  using regular expression

2022-05-16 11:35:08 - [MESSAGE][PASSED] - Text 'Orange Recorded' is present on page  using regular expression

2022-05-16 11:35:08 - [TEST_STEP][PASSED] - verifyTextPresent("Yellow Recorded", true): Text 'Yellow Recorded' is present on page  using regular expression

2022-05-16 11:35:08 - [MESSAGE][PASSED] - Text 'Yellow Recorded' is present on page  using regular expression

2022-05-16 11:35:08 - [TEST_STEP][PASSED] - verifyTextPresent("Kolkata", true): Text 'Kolkata' is present on page  using regular expression

2022-05-16 11:35:08 - [MESSAGE][PASSED] - Text 'Kolkata' is present on page  using regular expression

2022-05-16 11:35:08 - [TEST_STEP][PASSED] - verifyTextPresent("Pune", true): Text 'Pune' is present on page  using regular expression

2022-05-16 11:35:09 - [MESSAGE][PASSED] - Text 'Pune' is present on page  using regular expression

2022-05-16 11:35:09 - [TEST_STEP][PASSED] - verifyTextPresent("Bhavnagar", true): Text 'Bhavnagar' is present on page  using regular expression

2022-05-16 11:35:09 - [MESSAGE][PASSED] - Text 'Bhavnagar' is present on page  using regular expression

2022-05-16 11:35:09 - [TEST_STEP][PASSED] - verifyTextPresent("Noida", true): Text 'Noida' is present on page  using regular expression

2022-05-16 11:35:09 - [MESSAGE][PASSED] - Text 'Noida' is present on page  using regular expression

2022-05-16 11:35:09 - [TEST_STEP][PASSED] - verifyTextPresent("Amount", true): Text 'Amount' is present on page  using regular expression

2022-05-16 11:35:10 - [MESSAGE][PASSED] - Text 'Amount' is present on page  using regular expression

2022-05-16 11:35:10 - [TEST_STEP][PASSED] - verifyTextPresent("2.50", true): Text '2.50' is present on page  using regular expression

2022-05-16 11:35:10 - [MESSAGE][PASSED] - Text '2.50' is present on page  using regular expression

2022-05-16 11:35:10 - [TEST_STEP][PASSED] - verifyTextPresent("Authorization and Capture", true): Text 'Authorization and Capture' is present on page  using regular expression

2022-05-16 11:35:10 - [MESSAGE][PASSED] - Text 'Authorization and Capture' is present on page  using regular expression

2022-05-16 11:35:10 - [TEST_STEP][PASSED] - verifyTextPresent("Card Information", true): Text 'Card Information' is present on page  using regular expression

2022-05-16 11:35:11 - [MESSAGE][PASSED] - Text 'Card Information' is present on page  using regular expression

2022-05-16 11:35:11 - [TEST_STEP][PASSED] - verifyTextPresent("TANDON RAVENA", true): Text 'TANDON RAVENA' is present on page  using regular expression

2022-05-16 11:35:11 - [MESSAGE][PASSED] - Text 'TANDON RAVENA' is present on page  using regular expression

2022-05-16 11:35:11 - [TEST_STEP][PASSED] - verifyTextPresent("Address Line 1", true): Text 'Address Line 1' is present on page  using regular expression

2022-05-16 11:35:11 - [MESSAGE][PASSED] - Text 'Address Line 1' is present on page  using regular expression

2022-05-16 11:35:11 - [TEST_STEP][PASSED] - verifyTextPresent("Address Line 2", true): Text 'Address Line 2' is present on page  using regular expression

2022-05-16 11:35:12 - [MESSAGE][PASSED] - Text 'Address Line 2' is present on page  using regular expression

2022-05-16 11:35:12 - [TEST_STEP][PASSED] - verifyTextPresent("Country", true): Text 'Country' is present on page  using regular expression

2022-05-16 11:35:12 - [MESSAGE][PASSED] - Text 'Country' is present on page  using regular expression

2022-05-16 11:35:12 - [TEST_STEP][PASSED] - verifyTextPresent("City", true): Text 'City' is present on page  using regular expression

2022-05-16 11:35:12 - [MESSAGE][PASSED] - Text 'City' is present on page  using regular expression

2022-05-16 11:35:12 - [TEST_STEP][PASSED] - verifyTextPresent("State", true): Text 'State' is present on page  using regular expression

2022-05-16 11:35:13 - [MESSAGE][PASSED] - Text 'State' is present on page  using regular expression

2022-05-16 11:35:13 - [TEST_STEP][PASSED] - verifyTextPresent("ZIP Code", true): Text 'ZIP Code' is present on page  using regular expression

2022-05-16 11:35:13 - [MESSAGE][PASSED] - Text 'ZIP Code' is present on page  using regular expression

2022-05-16 11:35:13 - [TEST_STEP][PASSED] - verifyTextPresent("248 PhoolKaante road", true): Text '248 PhoolKaante road' is present on page  using regular expression

2022-05-16 11:35:13 - [MESSAGE][PASSED] - Text '248 PhoolKaante road' is present on page  using regular expression

2022-05-16 11:35:13 - [TEST_STEP][PASSED] - verifyTextPresent("Suite 678", true): Text 'Suite 678' is present on page  using regular expression

2022-05-16 11:35:14 - [MESSAGE][PASSED] - Text 'Suite 678' is present on page  using regular expression

2022-05-16 11:35:14 - [TEST_STEP][PASSED] - verifyTextPresent("United States", true): Text 'United States' is present on page  using regular expression

2022-05-16 11:35:14 - [MESSAGE][PASSED] - Text 'United States' is present on page  using regular expression

2022-05-16 11:35:14 - [TEST_STEP][PASSED] - verifyTextPresent("ARLINGTON", true): Text 'ARLINGTON' is present on page  using regular expression

2022-05-16 11:35:14 - [MESSAGE][PASSED] - Text 'ARLINGTON' is present on page  using regular expression

2022-05-16 11:35:14 - [TEST_STEP][PASSED] - verifyTextPresent("VA", true): Text 'VA' is present on page  using regular expression

2022-05-16 11:35:15 - [MESSAGE][PASSED] - Text 'VA' is present on page  using regular expression

2022-05-16 11:35:15 - [TEST_STEP][PASSED] - verifyTextPresent("22201", true): Text '22201' is present on page  using regular expression

2022-05-16 11:35:15 - [MESSAGE][PASSED] - Text '22201' is present on page  using regular expression

2022-05-16 11:35:15 - [TEST_STEP][PASSED] - cardTypeV = findTestData(dataFile).getValue("CardType", row): null

2022-05-16 11:35:15 - [TEST_STEP][PASSED] - last4V = findTestData(dataFile).getValue("Last4", row): null

2022-05-16 11:35:15 - [TEST_STEP][PASSED] - verifyTextPresent(cardTypeV, true): Text 'American Express' is present on page  using regular expression

2022-05-16 11:35:15 - [MESSAGE][PASSED] - Text 'American Express' is present on page  using regular expression

2022-05-16 11:35:15 - [TEST_STEP][PASSED] - verifyTextPresent(last4V, true): Text '2376' is present on page  using regular expression

2022-05-16 11:35:16 - [MESSAGE][PASSED] - Text '2376' is present on page  using regular expression

2022-05-16 11:35:16 - [TEST_STEP][PASSED] - switch (appName): null

2022-05-16 11:35:16 - [TEST_STEP][PASSED] - case "a_Access AutoSingleCFtpDemo":: null

2022-05-16 11:35:16 - [TEST_STEP][PASSED] - verifyTextPresent("5.00", true): Text '5.00' is present on page  using regular expression

2022-05-16 11:35:16 - [MESSAGE][PASSED] - Text '5.00' is present on page  using regular expression

2022-05-16 11:35:16 - [TEST_STEP][PASSED] - verifyTextPresent("Single Transaction", true): Text 'Single Transaction' is present on page  using regular expression

2022-05-16 11:35:16 - [MESSAGE][PASSED] - Text 'Single Transaction' is present on page  using regular expression

2022-05-16 11:35:16 - [TEST_STEP][PASSED] - verifyTextPresent("7.50", true): Text '7.50' is present on page  using regular expression

2022-05-16 11:35:17 - [MESSAGE][PASSED] - Text '7.50' is present on page  using regular expression

2022-05-16 11:35:17 - [TEST_STEP][PASSED] - verifyTextPresent("Total Amount", true): Text 'Total Amount' is present on page  using regular expression

2022-05-16 11:35:17 - [MESSAGE][PASSED] - Text 'Total Amount' is present on page  using regular expression

2022-05-16 11:35:17 - [TEST_STEP][PASSED] - verifyTextPresent("Transaction Type", true): Text 'Transaction Type' is present on page  using regular expression

2022-05-16 11:35:17 - [MESSAGE][PASSED] - Text 'Transaction Type' is present on page  using regular expression

2022-05-16 11:35:17 - [TEST_STEP][PASSED] - break: null

2022-05-16 11:35:17 - [TEST_STEP][PASSED] - closeBrowser(): Browser is closed

2022-05-16 11:35:18 - [MESSAGE][PASSED] - Browser is closed

2022-05-16 11:35:18 - [TEST_STEP][PASSED] - ExecuteTC = findTestData(dataFile).getValue("Execute", row): null

2022-05-16 11:35:18 - [TEST_STEP][PASSED] - out.println("Value of Execute is : " + ExecuteTC): null

2022-05-16 11:35:18 - [TEST_STEP][PASSED] - switch (executionProfile): null

2022-05-16 11:35:18 - [TEST_STEP][PASSED] - case "DemoProfile":: null

2022-05-16 11:35:18 - [TEST_STEP][PASSED] - appName = findTestData(dataFile).getValue("AppNameDemo", row): null

2022-05-16 11:35:18 - [TEST_STEP][PASSED] - appID = findTestData(dataFile).getValue("AppIDDemo", row): null

2022-05-16 11:35:18 - [TEST_STEP][PASSED] - break: null

2022-05-16 11:35:18 - [TEST_STEP][PASSED] - if (ExecuteTC.equalsIgnoreCase("Y")): null

2022-05-16 11:35:18 - [TEST_STEP][PASSED] - out.println("Begin Record Number: " + row): null

2022-05-16 11:35:18 - [TEST_STEP][PASSED] - today = new java.util.Date(): null

2022-05-16 11:35:18 - [TEST_STEP][PASSED] - println(today): null

2022-05-16 11:35:18 - [TEST_STEP][PASSED] - datText = today: null

2022-05-16 11:35:18 - [TEST_STEP][PASSED] - adminSuiteBootstrap.loginFunctionality.login_AdminSuite(): adminSuiteBootstrap.loginFunctionality.login_AdminSuite is PASSED

2022-05-16 11:35:18 - [MESSAGE][INFO] - Starting 'Chrome' driver

2022-05-16 11:35:18 - [MESSAGE][INFO] - User set preference: ['acceptInsecureCerts', 'true']

2022-05-16 11:35:18 - [MESSAGE][INFO] - Action delay is set to 0 milliseconds

2022-05-16 11:35:21 - [MESSAGE][PASSED] - Browser is opened with url: 'https://demo.velocitypayment.com/admin/imtiazdemo'

2022-05-16 11:35:21 - [MESSAGE][PASSED] - Current window maximized

2022-05-16 11:35:21 - [MESSAGE][PASSED] - Object 'Object Repository/Login_Page/Login_Username' is present

2022-05-16 11:35:22 - [MESSAGE][PASSED] - Text 'iahmed' is set on object 'Object Repository/Login_Page/Login_Username'

2022-05-16 11:35:23 - [MESSAGE][PASSED] - Text 'hello2222' is set on object 'Object Repository/Login_Page/Login_Password'

2022-05-16 11:35:27 - [MESSAGE][PASSED] - Object: 'Object Repository/Login_Page/Login_Submit' is clicked on

2022-05-16 11:35:27 - [MESSAGE][PASSED] - adminSuiteBootstrap.loginFunctionality.login_AdminSuite is PASSED

2022-05-16 11:35:27 - [TEST_STEP][PASSED] - click(findTestObject(path_Dashboard + appName)): Object: 'Object Repository/AdminSuiteBootstrap_Pages/Dashboard_Bootstrap/a_Access AutoSingleCFtpDemo' is clicked on

2022-05-16 11:35:30 - [MESSAGE][PASSED] - Object: 'Object Repository/AdminSuiteBootstrap_Pages/Dashboard_Bootstrap/a_Access AutoSingleCFtpDemo' is clicked on

2022-05-16 11:35:30 - [TEST_STEP][PASSED] - click(findTestObject(path_VT + "a_Find Profile")): Object: 'Object Repository/AdminSuiteBootstrap_Pages/VT_Bootstrap/IssueTransactions/a_Find Profile' is clicked on

2022-05-16 11:35:30 - [MESSAGE][PASSED] - Object: 'Object Repository/AdminSuiteBootstrap_Pages/VT_Bootstrap/IssueTransactions/a_Find Profile' is clicked on

2022-05-16 11:35:30 - [TEST_STEP][PASSED] - criteria = <not implemented yet for class: org.codehaus.groovy.ast.expr.EmptyExpression>: null

2022-05-16 11:35:30 - [TEST_STEP][PASSED] - searchBy = <not implemented yet for class: org.codehaus.groovy.ast.expr.EmptyExpression>: null

2022-05-16 11:35:30 - [TEST_STEP][PASSED] - criteria = findTestData(dataFile).getValue("ProfileName", row): null

2022-05-16 11:35:30 - [TEST_STEP][PASSED] - path_SearchProfile = "Object Repository/AdminSuiteBootstrap_Pages/VSP_Bootstrap/SearchProfile/": null

2022-05-16 11:35:30 - [TEST_STEP][PASSED] - setText(findTestObject(path_SearchProfile + "input_Criteria"), criteria): Text 'PaymentsDI' is set on object 'Object Repository/AdminSuiteBootstrap_Pages/VSP_Bootstrap/SearchProfile/input_Criteria'

2022-05-16 11:35:31 - [MESSAGE][PASSED] - Text 'PaymentsDI' is set on object 'Object Repository/AdminSuiteBootstrap_Pages/VSP_Bootstrap/SearchProfile/input_Criteria'

2022-05-16 11:35:31 - [TEST_STEP][PASSED] - click(findTestObject(path_SearchProfile + "button_Search")): Object: 'Object Repository/AdminSuiteBootstrap_Pages/VSP_Bootstrap/SearchProfile/button_Search' is clicked on

2022-05-16 11:35:34 - [MESSAGE][PASSED] - Object: 'Object Repository/AdminSuiteBootstrap_Pages/VSP_Bootstrap/SearchProfile/button_Search' is clicked on

2022-05-16 11:35:34 - [TEST_STEP][PASSED] - profNameLink = findTestData(dataFile).getValue("ProfileNameLink", row): null

2022-05-16 11:35:34 - [TEST_STEP][PASSED] - click(findTestObject(path_ViewProfile + profNameLink)): Object: 'Object Repository/AdminSuiteBootstrap_Pages/VSP_Bootstrap/View Profile/a_PaymentsDI' is clicked on

2022-05-16 11:35:38 - [MESSAGE][PASSED] - Object: 'Object Repository/AdminSuiteBootstrap_Pages/VSP_Bootstrap/View Profile/a_PaymentsDI' is clicked on

2022-05-16 11:35:38 - [TEST_STEP][PASSED] - click(findTestObject(path_ViewProfile + "a_AuthCap")): Object: 'Object Repository/AdminSuiteBootstrap_Pages/VSP_Bootstrap/View Profile/a_AuthCap' is clicked on

2022-05-16 11:35:41 - [MESSAGE][PASSED] - Object: 'Object Repository/AdminSuiteBootstrap_Pages/VSP_Bootstrap/View Profile/a_AuthCap' is clicked on

2022-05-16 11:35:41 - [TEST_STEP][PASSED] - verifyTextPresent("Credit Card Authorization Capture", true): Text 'Credit Card Authorization Capture' is present on page  using regular expression

2022-05-16 11:35:44 - [MESSAGE][PASSED] - Text 'Credit Card Authorization Capture' is present on page  using regular expression

2022-05-16 11:35:44 - [TEST_STEP][PASSED] - verifyTextPresent("Sale", true): Text 'Sale' is present on page  using regular expression

2022-05-16 11:35:45 - [MESSAGE][PASSED] - Text 'Sale' is present on page  using regular expression

2022-05-16 11:35:45 - [TEST_STEP][PASSED] - verifyTextPresent("Required fields are highlighted with an asterisk", true): Text 'Required fields are highlighted with an asterisk' is present on page  using regular expression

2022-05-16 11:35:45 - [MESSAGE][PASSED] - Text 'Required fields are highlighted with an asterisk' is present on page  using regular expression

2022-05-16 11:35:45 - [TEST_STEP][PASSED] - verifyTextPresent("Remittance ID", true): Text 'Remittance ID' is present on page  using regular expression

2022-05-16 11:35:45 - [MESSAGE][PASSED] - Text 'Remittance ID' is present on page  using regular expression

2022-05-16 11:35:45 - [TEST_STEP][PASSED] - vspBootstrap.SalePage.setDataSaleAndAuth(row, dataFile): vspBootstrap.SalePage.setDataSaleAndAuth is PASSED

2022-05-16 11:35:47 - [MESSAGE][PASSED] - All options with value 'MOTO' are selected in object 'Object Repository/AdminSuiteBootstrap_Pages/VSP_Bootstrap/VSP_Authcap/select_TransactionCategory'  using regular expression

2022-05-16 11:35:48 - [MESSAGE][PASSED] - Text '123' is set on object 'Object Repository/AdminSuiteBootstrap_Pages/VSP_Bootstrap/VSP_Authcap/input_cvv'

2022-05-16 11:35:48 - [MESSAGE][PASSED] - Text '' is set on object 'Object Repository/AdminSuiteBootstrap_Pages/VSP_Bootstrap/VSP_Authcap/input_smsNumber'

2022-05-16 11:35:49 - [MESSAGE][PASSED] - Text '2.50' is set on object 'Object Repository/AdminSuiteBootstrap_Pages/VSP_Bootstrap/VSP_Authcap/input_amount'

2022-05-16 11:35:54 - [MESSAGE][PASSED] - Text 'Delhi' is set on object 'Object Repository/AdminSuiteBootstrap_Pages/VSP_Bootstrap/VSP_Authcap/input_userDefined1'

2022-05-16 11:35:55 - [MESSAGE][PASSED] - Text 'Chennai' is set on object 'Object Repository/AdminSuiteBootstrap_Pages/VSP_Bootstrap/VSP_Authcap/input_userDefined2'

2022-05-16 11:35:56 - [MESSAGE][PASSED] - Text 'Mumbai' is set on object 'Object Repository/AdminSuiteBootstrap_Pages/VSP_Bootstrap/VSP_Authcap/input_userDefined3'

2022-05-16 11:35:56 - [MESSAGE][PASSED] - Text 'Kanpur' is set on object 'Object Repository/AdminSuiteBootstrap_Pages/VSP_Bootstrap/VSP_Authcap/input_userDefined4'

2022-05-16 11:35:57 - [MESSAGE][PASSED] - All options with label 'Orange' are selected in object 'Object Repository/AdminSuiteBootstrap_Pages/VSP_Bootstrap/VSP_Authcap/select_UDF5'  using regular expression

2022-05-16 11:35:58 - [MESSAGE][PASSED] - All options with label 'Yellow' are selected in object 'Object Repository/AdminSuiteBootstrap_Pages/VSP_Bootstrap/VSP_Authcap/select_UDF6'  using regular expression

2022-05-16 11:35:59 - [MESSAGE][PASSED] - Text 'Kolkata' is set on object 'Object Repository/AdminSuiteBootstrap_Pages/VSP_Bootstrap/VSP_Authcap/input_userDefined7'

2022-05-16 11:36:00 - [MESSAGE][PASSED] - Text 'Pune' is set on object 'Object Repository/AdminSuiteBootstrap_Pages/VSP_Bootstrap/VSP_Authcap/input_userDefined8'

2022-05-16 11:36:00 - [MESSAGE][PASSED] - Text 'Bhavnagar' is set on object 'Object Repository/AdminSuiteBootstrap_Pages/VSP_Bootstrap/VSP_Authcap/input_userDefined9'

2022-05-16 11:36:01 - [MESSAGE][PASSED] - Text 'Noida' is set on object 'Object Repository/AdminSuiteBootstrap_Pages/VSP_Bootstrap/VSP_Authcap/input_userDefined10'

2022-05-16 11:36:06 - [MESSAGE][PASSED] - Object: 'Object Repository/AdminSuiteBootstrap_Pages/VSP_Bootstrap/VSP_Authcap/button_Submit' is clicked on

2022-05-16 11:36:06 - [MESSAGE][PASSED] - vspBootstrap.SalePage.setDataSaleAndAuth is PASSED

2022-05-16 11:36:06 - [TEST_STEP][PASSED] - verifyTextPresent("Transaction Successful", true): Text 'Transaction Successful' is present on page  using regular expression

2022-05-16 11:36:06 - [MESSAGE][PASSED] - Text 'Transaction Successful' is present on page  using regular expression

2022-05-16 11:36:06 - [TEST_STEP][PASSED] - verifyElementVisible(findTestObject("Object Repository/AdminSuiteBootstrap_Pages/VT_Bootstrap/Receipt/button_Continue")): Object 'Object Repository/AdminSuiteBootstrap_Pages/VT_Bootstrap/Receipt/button_Continue' is visible

2022-05-16 11:36:07 - [MESSAGE][PASSED] - Object 'Object Repository/AdminSuiteBootstrap_Pages/VT_Bootstrap/Receipt/button_Continue' is visible

2022-05-16 11:36:07 - [TEST_STEP][PASSED] - verifyElementPresent(findTestObject("Object Repository/AdminSuiteBootstrap_Pages/VT_Bootstrap/Receipt/button_Continue"), 20): Object 'Object Repository/AdminSuiteBootstrap_Pages/VT_Bootstrap/Receipt/button_Continue' is present

2022-05-16 11:36:07 - [MESSAGE][PASSED] - Object 'Object Repository/AdminSuiteBootstrap_Pages/VT_Bootstrap/Receipt/button_Continue' is present

2022-05-16 11:36:07 - [TEST_STEP][PASSED] - verifyElementVisible(findTestObject("Object Repository/AdminSuiteBootstrap_Pages/VT_Bootstrap/Receipt/button_Print")): Object 'Object Repository/AdminSuiteBootstrap_Pages/VT_Bootstrap/Receipt/button_Print' is visible

2022-05-16 11:36:07 - [MESSAGE][PASSED] - Object 'Object Repository/AdminSuiteBootstrap_Pages/VT_Bootstrap/Receipt/button_Print' is visible

2022-05-16 11:36:07 - [TEST_STEP][PASSED] - verifyElementPresent(findTestObject("Object Repository/AdminSuiteBootstrap_Pages/VT_Bootstrap/Receipt/button_Print"), 20): Object 'Object Repository/AdminSuiteBootstrap_Pages/VT_Bootstrap/Receipt/button_Print' is present

2022-05-16 11:36:08 - [MESSAGE][PASSED] - Object 'Object Repository/AdminSuiteBootstrap_Pages/VT_Bootstrap/Receipt/button_Print' is present

2022-05-16 11:36:08 - [TEST_STEP][PASSED] - verifyTextPresent("Remittance ID", true): Text 'Remittance ID' is present on page  using regular expression

2022-05-16 11:36:08 - [MESSAGE][PASSED] - Text 'Remittance ID' is present on page  using regular expression

2022-05-16 11:36:08 - [TEST_STEP][PASSED] - verifyTextPresent("Received", true): Text 'Received' is present on page  using regular expression

2022-05-16 11:36:08 - [MESSAGE][PASSED] - Text 'Received' is present on page  using regular expression

2022-05-16 11:36:08 - [TEST_STEP][PASSED] - verifyTextPresent("UDF1", true): Text 'UDF1' is present on page  using regular expression

2022-05-16 11:36:09 - [MESSAGE][PASSED] - Text 'UDF1' is present on page  using regular expression

2022-05-16 11:36:09 - [TEST_STEP][PASSED] - verifyTextPresent("UDF2", true): Text 'UDF2' is present on page  using regular expression

2022-05-16 11:36:09 - [MESSAGE][PASSED] - Text 'UDF2' is present on page  using regular expression

2022-05-16 11:36:09 - [TEST_STEP][PASSED] - verifyTextPresent("UDF3", true): Text 'UDF3' is present on page  using regular expression

2022-05-16 11:36:09 - [MESSAGE][PASSED] - Text 'UDF3' is present on page  using regular expression

2022-05-16 11:36:09 - [TEST_STEP][PASSED] - verifyTextPresent("UDF4", true): Text 'UDF4' is present on page  using regular expression

2022-05-16 11:36:10 - [MESSAGE][PASSED] - Text 'UDF4' is present on page  using regular expression

2022-05-16 11:36:10 - [TEST_STEP][PASSED] - verifyTextPresent("UDF5", true): Text 'UDF5' is present on page  using regular expression

2022-05-16 11:36:10 - [MESSAGE][PASSED] - Text 'UDF5' is present on page  using regular expression

2022-05-16 11:36:10 - [TEST_STEP][PASSED] - verifyTextPresent("UDF6", true): Text 'UDF6' is present on page  using regular expression

2022-05-16 11:36:10 - [MESSAGE][PASSED] - Text 'UDF6' is present on page  using regular expression

2022-05-16 11:36:10 - [TEST_STEP][PASSED] - verifyTextPresent("UDF7", true): Text 'UDF7' is present on page  using regular expression

2022-05-16 11:36:11 - [MESSAGE][PASSED] - Text 'UDF7' is present on page  using regular expression

2022-05-16 11:36:11 - [TEST_STEP][PASSED] - verifyTextPresent("UDF8", true): Text 'UDF8' is present on page  using regular expression

2022-05-16 11:36:11 - [MESSAGE][PASSED] - Text 'UDF8' is present on page  using regular expression

2022-05-16 11:36:11 - [TEST_STEP][PASSED] - verifyTextPresent("UDF9", true): Text 'UDF9' is present on page  using regular expression

2022-05-16 11:36:12 - [MESSAGE][PASSED] - Text 'UDF9' is present on page  using regular expression

2022-05-16 11:36:12 - [TEST_STEP][PASSED] - verifyTextPresent("UDF 10", true): Text 'UDF 10' is present on page  using regular expression

2022-05-16 11:36:12 - [MESSAGE][PASSED] - Text 'UDF 10' is present on page  using regular expression

2022-05-16 11:36:12 - [TEST_STEP][PASSED] - verifyTextPresent("Delhi", true): Text 'Delhi' is present on page  using regular expression

2022-05-16 11:36:12 - [MESSAGE][PASSED] - Text 'Delhi' is present on page  using regular expression

2022-05-16 11:36:12 - [TEST_STEP][PASSED] - verifyTextPresent("Chennai", true): Text 'Chennai' is present on page  using regular expression

2022-05-16 11:36:13 - [MESSAGE][PASSED] - Text 'Chennai' is present on page  using regular expression

2022-05-16 11:36:13 - [TEST_STEP][PASSED] - verifyTextPresent("Mumbai", true): Text 'Mumbai' is present on page  using regular expression

2022-05-16 11:36:13 - [MESSAGE][PASSED] - Text 'Mumbai' is present on page  using regular expression

2022-05-16 11:36:13 - [TEST_STEP][PASSED] - verifyTextPresent("Kanpur", true): Text 'Kanpur' is present on page  using regular expression

2022-05-16 11:36:13 - [MESSAGE][PASSED] - Text 'Kanpur' is present on page  using regular expression

2022-05-16 11:36:13 - [TEST_STEP][PASSED] - verifyTextPresent("Orange Recorded", true): Text 'Orange Recorded' is present on page  using regular expression

2022-05-16 11:36:14 - [MESSAGE][PASSED] - Text 'Orange Recorded' is present on page  using regular expression

2022-05-16 11:36:14 - [TEST_STEP][PASSED] - verifyTextPresent("Yellow Recorded", true): Text 'Yellow Recorded' is present on page  using regular expression

2022-05-16 11:36:14 - [MESSAGE][PASSED] - Text 'Yellow Recorded' is present on page  using regular expression

2022-05-16 11:36:14 - [TEST_STEP][PASSED] - verifyTextPresent("Kolkata", true): Text 'Kolkata' is present on page  using regular expression

2022-05-16 11:36:14 - [MESSAGE][PASSED] - Text 'Kolkata' is present on page  using regular expression

2022-05-16 11:36:14 - [TEST_STEP][PASSED] - verifyTextPresent("Pune", true): Text 'Pune' is present on page  using regular expression

2022-05-16 11:36:15 - [MESSAGE][PASSED] - Text 'Pune' is present on page  using regular expression

2022-05-16 11:36:15 - [TEST_STEP][PASSED] - verifyTextPresent("Bhavnagar", true): Text 'Bhavnagar' is present on page  using regular expression

2022-05-16 11:36:15 - [MESSAGE][PASSED] - Text 'Bhavnagar' is present on page  using regular expression

2022-05-16 11:36:15 - [TEST_STEP][PASSED] - verifyTextPresent("Noida", true): Text 'Noida' is present on page  using regular expression

2022-05-16 11:36:15 - [MESSAGE][PASSED] - Text 'Noida' is present on page  using regular expression

2022-05-16 11:36:15 - [TEST_STEP][PASSED] - verifyTextPresent("Amount", true): Text 'Amount' is present on page  using regular expression

2022-05-16 11:36:16 - [MESSAGE][PASSED] - Text 'Amount' is present on page  using regular expression

2022-05-16 11:36:16 - [TEST_STEP][PASSED] - verifyTextPresent("2.50", true): Text '2.50' is present on page  using regular expression

2022-05-16 11:36:16 - [MESSAGE][PASSED] - Text '2.50' is present on page  using regular expression

2022-05-16 11:36:16 - [TEST_STEP][PASSED] - verifyTextPresent("Authorization and Capture", true): Text 'Authorization and Capture' is present on page  using regular expression

2022-05-16 11:36:16 - [MESSAGE][PASSED] - Text 'Authorization and Capture' is present on page  using regular expression

2022-05-16 11:36:16 - [TEST_STEP][PASSED] - verifyTextPresent("Card Information", true): Text 'Card Information' is present on page  using regular expression

2022-05-16 11:36:17 - [MESSAGE][PASSED] - Text 'Card Information' is present on page  using regular expression

2022-05-16 11:36:17 - [TEST_STEP][PASSED] - verifyTextPresent("TANDON RAVENA", true): Text 'TANDON RAVENA' is present on page  using regular expression

2022-05-16 11:36:17 - [MESSAGE][PASSED] - Text 'TANDON RAVENA' is present on page  using regular expression

2022-05-16 11:36:17 - [TEST_STEP][PASSED] - verifyTextPresent("Address Line 1", true): Text 'Address Line 1' is present on page  using regular expression

2022-05-16 11:36:17 - [MESSAGE][PASSED] - Text 'Address Line 1' is present on page  using regular expression

2022-05-16 11:36:17 - [TEST_STEP][PASSED] - verifyTextPresent("Address Line 2", true): Text 'Address Line 2' is present on page  using regular expression

2022-05-16 11:36:18 - [MESSAGE][PASSED] - Text 'Address Line 2' is present on page  using regular expression

2022-05-16 11:36:18 - [TEST_STEP][PASSED] - verifyTextPresent("Country", true): Text 'Country' is present on page  using regular expression

2022-05-16 11:36:18 - [MESSAGE][PASSED] - Text 'Country' is present on page  using regular expression

2022-05-16 11:36:18 - [TEST_STEP][PASSED] - verifyTextPresent("City", true): Text 'City' is present on page  using regular expression

2022-05-16 11:36:18 - [MESSAGE][PASSED] - Text 'City' is present on page  using regular expression

2022-05-16 11:36:18 - [TEST_STEP][PASSED] - verifyTextPresent("State", true): Text 'State' is present on page  using regular expression

2022-05-16 11:36:19 - [MESSAGE][PASSED] - Text 'State' is present on page  using regular expression

2022-05-16 11:36:19 - [TEST_STEP][PASSED] - verifyTextPresent("ZIP Code", true): Text 'ZIP Code' is present on page  using regular expression

2022-05-16 11:36:19 - [MESSAGE][PASSED] - Text 'ZIP Code' is present on page  using regular expression

2022-05-16 11:36:19 - [TEST_STEP][PASSED] - verifyTextPresent("248 PhoolKaante road", true): Text '248 PhoolKaante road' is present on page  using regular expression

2022-05-16 11:36:19 - [MESSAGE][PASSED] - Text '248 PhoolKaante road' is present on page  using regular expression

2022-05-16 11:36:19 - [TEST_STEP][PASSED] - verifyTextPresent("Suite 678", true): Text 'Suite 678' is present on page  using regular expression

2022-05-16 11:36:20 - [MESSAGE][PASSED] - Text 'Suite 678' is present on page  using regular expression

2022-05-16 11:36:20 - [TEST_STEP][PASSED] - verifyTextPresent("United States", true): Text 'United States' is present on page  using regular expression

2022-05-16 11:36:20 - [MESSAGE][PASSED] - Text 'United States' is present on page  using regular expression

2022-05-16 11:36:20 - [TEST_STEP][PASSED] - verifyTextPresent("ARLINGTON", true): Text 'ARLINGTON' is present on page  using regular expression

2022-05-16 11:36:20 - [MESSAGE][PASSED] - Text 'ARLINGTON' is present on page  using regular expression

2022-05-16 11:36:20 - [TEST_STEP][PASSED] - verifyTextPresent("VA", true): Text 'VA' is present on page  using regular expression

2022-05-16 11:36:21 - [MESSAGE][PASSED] - Text 'VA' is present on page  using regular expression

2022-05-16 11:36:21 - [TEST_STEP][PASSED] - verifyTextPresent("22201", true): Text '22201' is present on page  using regular expression

2022-05-16 11:36:21 - [MESSAGE][PASSED] - Text '22201' is present on page  using regular expression

2022-05-16 11:36:21 - [TEST_STEP][PASSED] - cardTypeV = findTestData(dataFile).getValue("CardType", row): null

2022-05-16 11:36:21 - [TEST_STEP][PASSED] - last4V = findTestData(dataFile).getValue("Last4", row): null

2022-05-16 11:36:21 - [TEST_STEP][PASSED] - verifyTextPresent(cardTypeV, true): Text 'Discover' is present on page  using regular expression

2022-05-16 11:36:21 - [MESSAGE][PASSED] - Text 'Discover' is present on page  using regular expression

2022-05-16 11:36:21 - [TEST_STEP][PASSED] - verifyTextPresent(last4V, true): Text '6909' is present on page  using regular expression

2022-05-16 11:36:22 - [MESSAGE][PASSED] - Text '6909' is present on page  using regular expression

2022-05-16 11:36:22 - [TEST_STEP][PASSED] - switch (appName): null

2022-05-16 11:36:22 - [TEST_STEP][PASSED] - case "a_Access AutoSingleCFtpDemo":: null

2022-05-16 11:36:22 - [TEST_STEP][PASSED] - verifyTextPresent("5.00", true): Text '5.00' is present on page  using regular expression

2022-05-16 11:36:22 - [MESSAGE][PASSED] - Text '5.00' is present on page  using regular expression

2022-05-16 11:36:22 - [TEST_STEP][PASSED] - verifyTextPresent("Single Transaction", true): Text 'Single Transaction' is present on page  using regular expression

2022-05-16 11:36:22 - [MESSAGE][PASSED] - Text 'Single Transaction' is present on page  using regular expression

2022-05-16 11:36:22 - [TEST_STEP][PASSED] - verifyTextPresent("7.50", true): Text '7.50' is present on page  using regular expression

2022-05-16 11:36:23 - [MESSAGE][PASSED] - Text '7.50' is present on page  using regular expression

2022-05-16 11:36:23 - [TEST_STEP][PASSED] - verifyTextPresent("Total Amount", true): Text 'Total Amount' is present on page  using regular expression

2022-05-16 11:36:23 - [MESSAGE][PASSED] - Text 'Total Amount' is present on page  using regular expression

2022-05-16 11:36:23 - [TEST_STEP][PASSED] - verifyTextPresent("Transaction Type", true): Text 'Transaction Type' is present on page  using regular expression

2022-05-16 11:36:23 - [MESSAGE][PASSED] - Text 'Transaction Type' is present on page  using regular expression

2022-05-16 11:36:23 - [TEST_STEP][PASSED] - break: null

2022-05-16 11:36:23 - [TEST_STEP][PASSED] - closeBrowser(): Browser is closed

2022-05-16 11:36:24 - [MESSAGE][PASSED] - Browser is closed

2022-05-16 11:36:24 - [TEST_STEP][PASSED] - ExecuteTC = findTestData(dataFile).getValue("Execute", row): null

2022-05-16 11:36:24 - [TEST_STEP][PASSED] - out.println("Value of Execute is : " + ExecuteTC): null

2022-05-16 11:36:24 - [TEST_STEP][PASSED] - switch (executionProfile): null

2022-05-16 11:36:24 - [TEST_STEP][PASSED] - case "DemoProfile":: null

2022-05-16 11:36:24 - [TEST_STEP][PASSED] - appName = findTestData(dataFile).getValue("AppNameDemo", row): null

2022-05-16 11:36:24 - [TEST_STEP][PASSED] - appID = findTestData(dataFile).getValue("AppIDDemo", row): null

2022-05-16 11:36:24 - [TEST_STEP][PASSED] - break: null

2022-05-16 11:36:24 - [TEST_STEP][PASSED] - if (ExecuteTC.equalsIgnoreCase("Y")): null

2022-05-16 11:36:24 - [TEST_STEP][PASSED] - out.println("Begin Record Number: " + row): null

2022-05-16 11:36:24 - [TEST_STEP][PASSED] - today = new java.util.Date(): null

2022-05-16 11:36:24 - [TEST_STEP][PASSED] - println(today): null

2022-05-16 11:36:24 - [TEST_STEP][PASSED] - datText = today: null

2022-05-16 11:36:24 - [TEST_STEP][PASSED] - adminSuiteBootstrap.loginFunctionality.login_AdminSuite(): adminSuiteBootstrap.loginFunctionality.login_AdminSuite is PASSED

2022-05-16 11:36:24 - [MESSAGE][INFO] - Starting 'Chrome' driver

2022-05-16 11:36:24 - [MESSAGE][INFO] - User set preference: ['acceptInsecureCerts', 'true']

2022-05-16 11:36:24 - [MESSAGE][INFO] - Action delay is set to 0 milliseconds

2022-05-16 11:36:27 - [MESSAGE][PASSED] - Browser is opened with url: 'https://demo.velocitypayment.com/admin/imtiazdemo'

2022-05-16 11:36:27 - [MESSAGE][PASSED] - Current window maximized

2022-05-16 11:36:27 - [MESSAGE][PASSED] - Object 'Object Repository/Login_Page/Login_Username' is present

2022-05-16 11:36:28 - [MESSAGE][PASSED] - Text 'iahmed' is set on object 'Object Repository/Login_Page/Login_Username'

2022-05-16 11:36:28 - [MESSAGE][PASSED] - Text 'hello2222' is set on object 'Object Repository/Login_Page/Login_Password'

2022-05-16 11:36:32 - [MESSAGE][PASSED] - Object: 'Object Repository/Login_Page/Login_Submit' is clicked on

2022-05-16 11:36:32 - [MESSAGE][PASSED] - adminSuiteBootstrap.loginFunctionality.login_AdminSuite is PASSED

2022-05-16 11:36:32 - [TEST_STEP][PASSED] - click(findTestObject(path_Dashboard + appName)): Object: 'Object Repository/AdminSuiteBootstrap_Pages/Dashboard_Bootstrap/a_Access AutoSingleCFtpDemo' is clicked on

2022-05-16 11:36:34 - [MESSAGE][PASSED] - Object: 'Object Repository/AdminSuiteBootstrap_Pages/Dashboard_Bootstrap/a_Access AutoSingleCFtpDemo' is clicked on

2022-05-16 11:36:34 - [TEST_STEP][PASSED] - click(findTestObject(path_VT + "a_Find Profile")): Object: 'Object Repository/AdminSuiteBootstrap_Pages/VT_Bootstrap/IssueTransactions/a_Find Profile' is clicked on

2022-05-16 11:36:35 - [MESSAGE][PASSED] - Object: 'Object Repository/AdminSuiteBootstrap_Pages/VT_Bootstrap/IssueTransactions/a_Find Profile' is clicked on

2022-05-16 11:36:35 - [TEST_STEP][PASSED] - criteria = <not implemented yet for class: org.codehaus.groovy.ast.expr.EmptyExpression>: null

2022-05-16 11:36:35 - [TEST_STEP][PASSED] - searchBy = <not implemented yet for class: org.codehaus.groovy.ast.expr.EmptyExpression>: null

2022-05-16 11:36:35 - [TEST_STEP][PASSED] - criteria = findTestData(dataFile).getValue("ProfileName", row): null

2022-05-16 11:36:35 - [TEST_STEP][PASSED] - path_SearchProfile = "Object Repository/AdminSuiteBootstrap_Pages/VSP_Bootstrap/SearchProfile/": null

2022-05-16 11:36:35 - [TEST_STEP][PASSED] - setText(findTestObject(path_SearchProfile + "input_Criteria"), criteria): Text 'PaymentsVisa' is set on object 'Object Repository/AdminSuiteBootstrap_Pages/VSP_Bootstrap/SearchProfile/input_Criteria'

2022-05-16 11:36:35 - [MESSAGE][PASSED] - Text 'PaymentsVisa' is set on object 'Object Repository/AdminSuiteBootstrap_Pages/VSP_Bootstrap/SearchProfile/input_Criteria'

2022-05-16 11:36:35 - [TEST_STEP][PASSED] - click(findTestObject(path_SearchProfile + "button_Search")): Object: 'Object Repository/AdminSuiteBootstrap_Pages/VSP_Bootstrap/SearchProfile/button_Search' is clicked on

2022-05-16 11:36:38 - [MESSAGE][PASSED] - Object: 'Object Repository/AdminSuiteBootstrap_Pages/VSP_Bootstrap/SearchProfile/button_Search' is clicked on

2022-05-16 11:36:38 - [TEST_STEP][PASSED] - profNameLink = findTestData(dataFile).getValue("ProfileNameLink", row): null

2022-05-16 11:36:38 - [TEST_STEP][PASSED] - click(findTestObject(path_ViewProfile + profNameLink)): Object: 'Object Repository/AdminSuiteBootstrap_Pages/VSP_Bootstrap/View Profile/a_PaymentsVisa' is clicked on

2022-05-16 11:36:41 - [MESSAGE][PASSED] - Object: 'Object Repository/AdminSuiteBootstrap_Pages/VSP_Bootstrap/View Profile/a_PaymentsVisa' is clicked on

2022-05-16 11:36:41 - [TEST_STEP][PASSED] - click(findTestObject(path_ViewProfile + "a_AuthCap")): Object: 'Object Repository/AdminSuiteBootstrap_Pages/VSP_Bootstrap/View Profile/a_AuthCap' is clicked on

2022-05-16 11:36:51 - [MESSAGE][PASSED] - Object: 'Object Repository/AdminSuiteBootstrap_Pages/VSP_Bootstrap/View Profile/a_AuthCap' is clicked on

2022-05-16 11:36:51 - [TEST_STEP][PASSED] - verifyTextPresent("Credit Card Authorization Capture", true): Text 'Credit Card Authorization Capture' is present on page  using regular expression

2022-05-16 11:36:53 - [MESSAGE][PASSED] - Text 'Credit Card Authorization Capture' is present on page  using regular expression

2022-05-16 11:36:53 - [TEST_STEP][PASSED] - verifyTextPresent("Sale", true): Text 'Sale' is present on page  using regular expression

2022-05-16 11:36:54 - [MESSAGE][PASSED] - Text 'Sale' is present on page  using regular expression

2022-05-16 11:36:54 - [TEST_STEP][PASSED] - verifyTextPresent("Required fields are highlighted with an asterisk", true): Text 'Required fields are highlighted with an asterisk' is present on page  using regular expression

2022-05-16 11:36:54 - [MESSAGE][PASSED] - Text 'Required fields are highlighted with an asterisk' is present on page  using regular expression

2022-05-16 11:36:54 - [TEST_STEP][PASSED] - verifyTextPresent("Remittance ID", true): Text 'Remittance ID' is present on page  using regular expression

2022-05-16 11:36:54 - [MESSAGE][PASSED] - Text 'Remittance ID' is present on page  using regular expression

2022-05-16 11:36:54 - [TEST_STEP][PASSED] - vspBootstrap.SalePage.setDataSaleAndAuth(row, dataFile): vspBootstrap.SalePage.setDataSaleAndAuth is PASSED

2022-05-16 11:36:56 - [MESSAGE][PASSED] - All options with value 'RETL' are selected in object 'Object Repository/AdminSuiteBootstrap_Pages/VSP_Bootstrap/VSP_Authcap/select_TransactionCategory'  using regular expression

2022-05-16 11:36:56 - [MESSAGE][PASSED] - Text '123' is set on object 'Object Repository/AdminSuiteBootstrap_Pages/VSP_Bootstrap/VSP_Authcap/input_cvv'

2022-05-16 11:36:57 - [MESSAGE][PASSED] - Text '' is set on object 'Object Repository/AdminSuiteBootstrap_Pages/VSP_Bootstrap/VSP_Authcap/input_smsNumber'

2022-05-16 11:36:58 - [MESSAGE][PASSED] - Text '2.50' is set on object 'Object Repository/AdminSuiteBootstrap_Pages/VSP_Bootstrap/VSP_Authcap/input_amount'

2022-05-16 11:37:02 - [MESSAGE][PASSED] - Text 'Delhi' is set on object 'Object Repository/AdminSuiteBootstrap_Pages/VSP_Bootstrap/VSP_Authcap/input_userDefined1'

2022-05-16 11:37:02 - [MESSAGE][PASSED] - Text 'Chennai' is set on object 'Object Repository/AdminSuiteBootstrap_Pages/VSP_Bootstrap/VSP_Authcap/input_userDefined2'

2022-05-16 11:37:03 - [MESSAGE][PASSED] - Text 'Mumbai' is set on object 'Object Repository/AdminSuiteBootstrap_Pages/VSP_Bootstrap/VSP_Authcap/input_userDefined3'

2022-05-16 11:37:04 - [MESSAGE][PASSED] - Text 'Kanpur' is set on object 'Object Repository/AdminSuiteBootstrap_Pages/VSP_Bootstrap/VSP_Authcap/input_userDefined4'

2022-05-16 11:37:05 - [MESSAGE][PASSED] - All options with label 'Orange' are selected in object 'Object Repository/AdminSuiteBootstrap_Pages/VSP_Bootstrap/VSP_Authcap/select_UDF5'  using regular expression

2022-05-16 11:37:06 - [MESSAGE][PASSED] - All options with label 'Yellow' are selected in object 'Object Repository/AdminSuiteBootstrap_Pages/VSP_Bootstrap/VSP_Authcap/select_UDF6'  using regular expression

2022-05-16 11:37:06 - [MESSAGE][PASSED] - Text 'Kolkata' is set on object 'Object Repository/AdminSuiteBootstrap_Pages/VSP_Bootstrap/VSP_Authcap/input_userDefined7'

2022-05-16 11:37:07 - [MESSAGE][PASSED] - Text 'Pune' is set on object 'Object Repository/AdminSuiteBootstrap_Pages/VSP_Bootstrap/VSP_Authcap/input_userDefined8'

2022-05-16 11:37:08 - [MESSAGE][PASSED] - Text 'Bhavnagar' is set on object 'Object Repository/AdminSuiteBootstrap_Pages/VSP_Bootstrap/VSP_Authcap/input_userDefined9'

2022-05-16 11:37:08 - [MESSAGE][PASSED] - Text 'Noida' is set on object 'Object Repository/AdminSuiteBootstrap_Pages/VSP_Bootstrap/VSP_Authcap/input_userDefined10'

2022-05-16 11:37:12 - [MESSAGE][PASSED] - Object: 'Object Repository/AdminSuiteBootstrap_Pages/VSP_Bootstrap/VSP_Authcap/button_Submit' is clicked on

2022-05-16 11:37:12 - [MESSAGE][PASSED] - vspBootstrap.SalePage.setDataSaleAndAuth is PASSED

2022-05-16 11:37:12 - [TEST_STEP][PASSED] - verifyTextPresent("Transaction Successful", true): Text 'Transaction Successful' is present on page  using regular expression

2022-05-16 11:37:13 - [MESSAGE][PASSED] - Text 'Transaction Successful' is present on page  using regular expression

2022-05-16 11:37:13 - [TEST_STEP][PASSED] - verifyElementVisible(findTestObject("Object Repository/AdminSuiteBootstrap_Pages/VT_Bootstrap/Receipt/button_Continue")): Object 'Object Repository/AdminSuiteBootstrap_Pages/VT_Bootstrap/Receipt/button_Continue' is visible

2022-05-16 11:37:13 - [MESSAGE][PASSED] - Object 'Object Repository/AdminSuiteBootstrap_Pages/VT_Bootstrap/Receipt/button_Continue' is visible

2022-05-16 11:37:13 - [TEST_STEP][PASSED] - verifyElementPresent(findTestObject("Object Repository/AdminSuiteBootstrap_Pages/VT_Bootstrap/Receipt/button_Continue"), 20): Object 'Object Repository/AdminSuiteBootstrap_Pages/VT_Bootstrap/Receipt/button_Continue' is present

2022-05-16 11:37:14 - [MESSAGE][PASSED] - Object 'Object Repository/AdminSuiteBootstrap_Pages/VT_Bootstrap/Receipt/button_Continue' is present

2022-05-16 11:37:14 - [TEST_STEP][PASSED] - verifyElementVisible(findTestObject("Object Repository/AdminSuiteBootstrap_Pages/VT_Bootstrap/Receipt/button_Print")): Object 'Object Repository/AdminSuiteBootstrap_Pages/VT_Bootstrap/Receipt/button_Print' is visible

2022-05-16 11:37:14 - [MESSAGE][PASSED] - Object 'Object Repository/AdminSuiteBootstrap_Pages/VT_Bootstrap/Receipt/button_Print' is visible

2022-05-16 11:37:14 - [TEST_STEP][PASSED] - verifyElementPresent(findTestObject("Object Repository/AdminSuiteBootstrap_Pages/VT_Bootstrap/Receipt/button_Print"), 20): Object 'Object Repository/AdminSuiteBootstrap_Pages/VT_Bootstrap/Receipt/button_Print' is present

2022-05-16 11:37:14 - [MESSAGE][PASSED] - Object 'Object Repository/AdminSuiteBootstrap_Pages/VT_Bootstrap/Receipt/button_Print' is present

2022-05-16 11:37:14 - [TEST_STEP][PASSED] - verifyTextPresent("Remittance ID", true): Text 'Remittance ID' is present on page  using regular expression

2022-05-16 11:37:15 - [MESSAGE][PASSED] - Text 'Remittance ID' is present on page  using regular expression

2022-05-16 11:37:15 - [TEST_STEP][PASSED] - verifyTextPresent("Received", true): Text 'Received' is present on page  using regular expression

2022-05-16 11:37:15 - [MESSAGE][PASSED] - Text 'Received' is present on page  using regular expression

2022-05-16 11:37:15 - [TEST_STEP][PASSED] - verifyTextPresent("UDF1", true): Text 'UDF1' is present on page  using regular expression

2022-05-16 11:37:15 - [MESSAGE][PASSED] - Text 'UDF1' is present on page  using regular expression

2022-05-16 11:37:15 - [TEST_STEP][PASSED] - verifyTextPresent("UDF2", true): Text 'UDF2' is present on page  using regular expression

2022-05-16 11:37:16 - [MESSAGE][PASSED] - Text 'UDF2' is present on page  using regular expression

2022-05-16 11:37:16 - [TEST_STEP][PASSED] - verifyTextPresent("UDF3", true): Text 'UDF3' is present on page  using regular expression

2022-05-16 11:37:16 - [MESSAGE][PASSED] - Text 'UDF3' is present on page  using regular expression

2022-05-16 11:37:16 - [TEST_STEP][PASSED] - verifyTextPresent("UDF4", true): Text 'UDF4' is present on page  using regular expression

2022-05-16 11:37:16 - [MESSAGE][PASSED] - Text 'UDF4' is present on page  using regular expression

2022-05-16 11:37:16 - [TEST_STEP][PASSED] - verifyTextPresent("UDF5", true): Text 'UDF5' is present on page  using regular expression

2022-05-16 11:37:17 - [MESSAGE][PASSED] - Text 'UDF5' is present on page  using regular expression

2022-05-16 11:37:17 - [TEST_STEP][PASSED] - verifyTextPresent("UDF6", true): Text 'UDF6' is present on page  using regular expression

2022-05-16 11:37:17 - [MESSAGE][PASSED] - Text 'UDF6' is present on page  using regular expression

2022-05-16 11:37:17 - [TEST_STEP][PASSED] - verifyTextPresent("UDF7", true): Text 'UDF7' is present on page  using regular expression

2022-05-16 11:37:17 - [MESSAGE][PASSED] - Text 'UDF7' is present on page  using regular expression

2022-05-16 11:37:17 - [TEST_STEP][PASSED] - verifyTextPresent("UDF8", true): Text 'UDF8' is present on page  using regular expression

2022-05-16 11:37:18 - [MESSAGE][PASSED] - Text 'UDF8' is present on page  using regular expression

2022-05-16 11:37:18 - [TEST_STEP][PASSED] - verifyTextPresent("UDF9", true): Text 'UDF9' is present on page  using regular expression

2022-05-16 11:37:18 - [MESSAGE][PASSED] - Text 'UDF9' is present on page  using regular expression

2022-05-16 11:37:18 - [TEST_STEP][PASSED] - verifyTextPresent("UDF 10", true): Text 'UDF 10' is present on page  using regular expression

2022-05-16 11:37:18 - [MESSAGE][PASSED] - Text 'UDF 10' is present on page  using regular expression

2022-05-16 11:37:18 - [TEST_STEP][PASSED] - verifyTextPresent("Delhi", true): Text 'Delhi' is present on page  using regular expression

2022-05-16 11:37:19 - [MESSAGE][PASSED] - Text 'Delhi' is present on page  using regular expression

2022-05-16 11:37:19 - [TEST_STEP][PASSED] - verifyTextPresent("Chennai", true): Text 'Chennai' is present on page  using regular expression

2022-05-16 11:37:19 - [MESSAGE][PASSED] - Text 'Chennai' is present on page  using regular expression

2022-05-16 11:37:19 - [TEST_STEP][PASSED] - verifyTextPresent("Mumbai", true): Text 'Mumbai' is present on page  using regular expression

2022-05-16 11:37:19 - [MESSAGE][PASSED] - Text 'Mumbai' is present on page  using regular expression

2022-05-16 11:37:19 - [TEST_STEP][PASSED] - verifyTextPresent("Kanpur", true): Text 'Kanpur' is present on page  using regular expression

2022-05-16 11:37:20 - [MESSAGE][PASSED] - Text 'Kanpur' is present on page  using regular expression

2022-05-16 11:37:20 - [TEST_STEP][PASSED] - verifyTextPresent("Orange Recorded", true): Text 'Orange Recorded' is present on page  using regular expression

2022-05-16 11:37:20 - [MESSAGE][PASSED] - Text 'Orange Recorded' is present on page  using regular expression

2022-05-16 11:37:20 - [TEST_STEP][PASSED] - verifyTextPresent("Yellow Recorded", true): Text 'Yellow Recorded' is present on page  using regular expression

2022-05-16 11:37:20 - [MESSAGE][PASSED] - Text 'Yellow Recorded' is present on page  using regular expression

2022-05-16 11:37:20 - [TEST_STEP][PASSED] - verifyTextPresent("Kolkata", true): Text 'Kolkata' is present on page  using regular expression

2022-05-16 11:37:21 - [MESSAGE][PASSED] - Text 'Kolkata' is present on page  using regular expression

2022-05-16 11:37:21 - [TEST_STEP][PASSED] - verifyTextPresent("Pune", true): Text 'Pune' is present on page  using regular expression

2022-05-16 11:37:21 - [MESSAGE][PASSED] - Text 'Pune' is present on page  using regular expression

2022-05-16 11:37:21 - [TEST_STEP][PASSED] - verifyTextPresent("Bhavnagar", true): Text 'Bhavnagar' is present on page  using regular expression

2022-05-16 11:37:21 - [MESSAGE][PASSED] - Text 'Bhavnagar' is present on page  using regular expression

2022-05-16 11:37:21 - [TEST_STEP][PASSED] - verifyTextPresent("Noida", true): Text 'Noida' is present on page  using regular expression

2022-05-16 11:37:22 - [MESSAGE][PASSED] - Text 'Noida' is present on page  using regular expression

2022-05-16 11:37:22 - [TEST_STEP][PASSED] - verifyTextPresent("Amount", true): Text 'Amount' is present on page  using regular expression

2022-05-16 11:37:22 - [MESSAGE][PASSED] - Text 'Amount' is present on page  using regular expression

2022-05-16 11:37:22 - [TEST_STEP][PASSED] - verifyTextPresent("2.50", true): Text '2.50' is present on page  using regular expression

2022-05-16 11:37:22 - [MESSAGE][PASSED] - Text '2.50' is present on page  using regular expression

2022-05-16 11:37:22 - [TEST_STEP][PASSED] - verifyTextPresent("Authorization and Capture", true): Text 'Authorization and Capture' is present on page  using regular expression

2022-05-16 11:37:23 - [MESSAGE][PASSED] - Text 'Authorization and Capture' is present on page  using regular expression

2022-05-16 11:37:23 - [TEST_STEP][PASSED] - verifyTextPresent("Card Information", true): Text 'Card Information' is present on page  using regular expression

2022-05-16 11:37:23 - [MESSAGE][PASSED] - Text 'Card Information' is present on page  using regular expression

2022-05-16 11:37:23 - [TEST_STEP][PASSED] - verifyTextPresent("TANDON RAVENA", true): Text 'TANDON RAVENA' is present on page  using regular expression

2022-05-16 11:37:23 - [MESSAGE][PASSED] - Text 'TANDON RAVENA' is present on page  using regular expression

2022-05-16 11:37:23 - [TEST_STEP][PASSED] - verifyTextPresent("Address Line 1", true): Text 'Address Line 1' is present on page  using regular expression

2022-05-16 11:37:24 - [MESSAGE][PASSED] - Text 'Address Line 1' is present on page  using regular expression

2022-05-16 11:37:24 - [TEST_STEP][PASSED] - verifyTextPresent("Address Line 2", true): Text 'Address Line 2' is present on page  using regular expression

2022-05-16 11:37:24 - [MESSAGE][PASSED] - Text 'Address Line 2' is present on page  using regular expression

2022-05-16 11:37:24 - [TEST_STEP][PASSED] - verifyTextPresent("Country", true): Text 'Country' is present on page  using regular expression

2022-05-16 11:37:24 - [MESSAGE][PASSED] - Text 'Country' is present on page  using regular expression

2022-05-16 11:37:24 - [TEST_STEP][PASSED] - verifyTextPresent("City", true): Text 'City' is present on page  using regular expression

2022-05-16 11:37:25 - [MESSAGE][PASSED] - Text 'City' is present on page  using regular expression

2022-05-16 11:37:25 - [TEST_STEP][PASSED] - verifyTextPresent("State", true): Text 'State' is present on page  using regular expression

2022-05-16 11:37:25 - [MESSAGE][PASSED] - Text 'State' is present on page  using regular expression

2022-05-16 11:37:25 - [TEST_STEP][PASSED] - verifyTextPresent("ZIP Code", true): Text 'ZIP Code' is present on page  using regular expression

2022-05-16 11:37:25 - [MESSAGE][PASSED] - Text 'ZIP Code' is present on page  using regular expression

2022-05-16 11:37:25 - [TEST_STEP][PASSED] - verifyTextPresent("248 PhoolKaante road", true): Text '248 PhoolKaante road' is present on page  using regular expression

2022-05-16 11:37:26 - [MESSAGE][PASSED] - Text '248 PhoolKaante road' is present on page  using regular expression

2022-05-16 11:37:26 - [TEST_STEP][PASSED] - verifyTextPresent("Suite 678", true): Text 'Suite 678' is present on page  using regular expression

2022-05-16 11:37:26 - [MESSAGE][PASSED] - Text 'Suite 678' is present on page  using regular expression

2022-05-16 11:37:26 - [TEST_STEP][PASSED] - verifyTextPresent("United States", true): Text 'United States' is present on page  using regular expression

2022-05-16 11:37:26 - [MESSAGE][PASSED] - Text 'United States' is present on page  using regular expression

2022-05-16 11:37:26 - [TEST_STEP][PASSED] - verifyTextPresent("ARLINGTON", true): Text 'ARLINGTON' is present on page  using regular expression

2022-05-16 11:37:27 - [MESSAGE][PASSED] - Text 'ARLINGTON' is present on page  using regular expression

2022-05-16 11:37:27 - [TEST_STEP][PASSED] - verifyTextPresent("VA", true): Text 'VA' is present on page  using regular expression

2022-05-16 11:37:27 - [MESSAGE][PASSED] - Text 'VA' is present on page  using regular expression

2022-05-16 11:37:27 - [TEST_STEP][PASSED] - verifyTextPresent("22201", true): Text '22201' is present on page  using regular expression

2022-05-16 11:37:27 - [MESSAGE][PASSED] - Text '22201' is present on page  using regular expression

2022-05-16 11:37:27 - [TEST_STEP][PASSED] - cardTypeV = findTestData(dataFile).getValue("CardType", row): null

2022-05-16 11:37:27 - [TEST_STEP][PASSED] - last4V = findTestData(dataFile).getValue("Last4", row): null

2022-05-16 11:37:27 - [TEST_STEP][PASSED] - verifyTextPresent(cardTypeV, true): Text 'Visa' is present on page  using regular expression

2022-05-16 11:37:28 - [MESSAGE][PASSED] - Text 'Visa' is present on page  using regular expression

2022-05-16 11:37:28 - [TEST_STEP][PASSED] - verifyTextPresent(last4V, true): Text '5439' is present on page  using regular expression

2022-05-16 11:37:28 - [MESSAGE][PASSED] - Text '5439' is present on page  using regular expression

2022-05-16 11:37:28 - [TEST_STEP][PASSED] - switch (appName): null

2022-05-16 11:37:28 - [TEST_STEP][PASSED] - case "a_Access AutoSingleCFtpDemo":: null

2022-05-16 11:37:28 - [TEST_STEP][PASSED] - verifyTextPresent("5.00", true): Text '5.00' is present on page  using regular expression

2022-05-16 11:37:28 - [MESSAGE][PASSED] - Text '5.00' is present on page  using regular expression

2022-05-16 11:37:28 - [TEST_STEP][PASSED] - verifyTextPresent("Single Transaction", true): Text 'Single Transaction' is present on page  using regular expression

2022-05-16 11:37:29 - [MESSAGE][PASSED] - Text 'Single Transaction' is present on page  using regular expression

2022-05-16 11:37:29 - [TEST_STEP][PASSED] - verifyTextPresent("7.50", true): Text '7.50' is present on page  using regular expression

2022-05-16 11:37:29 - [MESSAGE][PASSED] - Text '7.50' is present on page  using regular expression

2022-05-16 11:37:29 - [TEST_STEP][PASSED] - verifyTextPresent("Total Amount", true): Text 'Total Amount' is present on page  using regular expression

2022-05-16 11:37:29 - [MESSAGE][PASSED] - Text 'Total Amount' is present on page  using regular expression

2022-05-16 11:37:29 - [TEST_STEP][PASSED] - verifyTextPresent("Transaction Type", true): Text 'Transaction Type' is present on page  using regular expression

2022-05-16 11:37:30 - [MESSAGE][PASSED] - Text 'Transaction Type' is present on page  using regular expression

2022-05-16 11:37:30 - [TEST_STEP][PASSED] - break: null

2022-05-16 11:37:30 - [TEST_STEP][PASSED] - closeBrowser(): Browser is closed

2022-05-16 11:37:31 - [MESSAGE][PASSED] - Browser is closed

2022-05-16 11:37:31 - [TEST_STEP][PASSED] - ExecuteTC = findTestData(dataFile).getValue("Execute", row): null

2022-05-16 11:37:31 - [TEST_STEP][PASSED] - out.println("Value of Execute is : " + ExecuteTC): null

2022-05-16 11:37:31 - [TEST_STEP][PASSED] - switch (executionProfile): null

2022-05-16 11:37:31 - [TEST_STEP][PASSED] - case "DemoProfile":: null

2022-05-16 11:37:31 - [TEST_STEP][PASSED] - appName = findTestData(dataFile).getValue("AppNameDemo", row): null

2022-05-16 11:37:31 - [TEST_STEP][PASSED] - appID = findTestData(dataFile).getValue("AppIDDemo", row): null

2022-05-16 11:37:31 - [TEST_STEP][PASSED] - break: null

2022-05-16 11:37:31 - [TEST_STEP][PASSED] - if (ExecuteTC.equalsIgnoreCase("Y")): null

2022-05-16 11:37:31 - [TEST_STEP][PASSED] - out.println("Begin Record Number: " + row): null

2022-05-16 11:37:31 - [TEST_STEP][PASSED] - today = new java.util.Date(): null

2022-05-16 11:37:31 - [TEST_STEP][PASSED] - println(today): null

2022-05-16 11:37:31 - [TEST_STEP][PASSED] - datText = today: null

2022-05-16 11:37:31 - [TEST_STEP][PASSED] - adminSuiteBootstrap.loginFunctionality.login_AdminSuite(): adminSuiteBootstrap.loginFunctionality.login_AdminSuite is PASSED

2022-05-16 11:37:31 - [MESSAGE][INFO] - Starting 'Chrome' driver

2022-05-16 11:37:31 - [MESSAGE][INFO] - User set preference: ['acceptInsecureCerts', 'true']

2022-05-16 11:37:31 - [MESSAGE][INFO] - Action delay is set to 0 milliseconds

2022-05-16 11:37:33 - [MESSAGE][PASSED] - Browser is opened with url: 'https://demo.velocitypayment.com/admin/imtiazdemo'

2022-05-16 11:37:33 - [MESSAGE][PASSED] - Current window maximized

2022-05-16 11:37:33 - [MESSAGE][PASSED] - Object 'Object Repository/Login_Page/Login_Username' is present

2022-05-16 11:37:34 - [MESSAGE][PASSED] - Text 'iahmed' is set on object 'Object Repository/Login_Page/Login_Username'

2022-05-16 11:37:35 - [MESSAGE][PASSED] - Text 'hello2222' is set on object 'Object Repository/Login_Page/Login_Password'

2022-05-16 11:37:38 - [MESSAGE][PASSED] - Object: 'Object Repository/Login_Page/Login_Submit' is clicked on

2022-05-16 11:37:38 - [MESSAGE][PASSED] - adminSuiteBootstrap.loginFunctionality.login_AdminSuite is PASSED

2022-05-16 11:37:38 - [TEST_STEP][PASSED] - click(findTestObject(path_Dashboard + appName)): Object: 'Object Repository/AdminSuiteBootstrap_Pages/Dashboard_Bootstrap/a_Access AutoSingleCFtpDemo' is clicked on

2022-05-16 11:37:40 - [MESSAGE][PASSED] - Object: 'Object Repository/AdminSuiteBootstrap_Pages/Dashboard_Bootstrap/a_Access AutoSingleCFtpDemo' is clicked on

2022-05-16 11:37:40 - [TEST_STEP][PASSED] - click(findTestObject(path_VT + "a_Find Profile")): Object: 'Object Repository/AdminSuiteBootstrap_Pages/VT_Bootstrap/IssueTransactions/a_Find Profile' is clicked on

2022-05-16 11:37:41 - [MESSAGE][PASSED] - Object: 'Object Repository/AdminSuiteBootstrap_Pages/VT_Bootstrap/IssueTransactions/a_Find Profile' is clicked on

2022-05-16 11:37:41 - [TEST_STEP][PASSED] - criteria = <not implemented yet for class: org.codehaus.groovy.ast.expr.EmptyExpression>: null

2022-05-16 11:37:41 - [TEST_STEP][PASSED] - searchBy = <not implemented yet for class: org.codehaus.groovy.ast.expr.EmptyExpression>: null

2022-05-16 11:37:41 - [TEST_STEP][PASSED] - criteria = findTestData(dataFile).getValue("ProfileName", row): null

2022-05-16 11:37:41 - [TEST_STEP][PASSED] - path_SearchProfile = "Object Repository/AdminSuiteBootstrap_Pages/VSP_Bootstrap/SearchProfile/": null

2022-05-16 11:37:41 - [TEST_STEP][PASSED] - setText(findTestObject(path_SearchProfile + "input_Criteria"), criteria): Text 'PaymentsMC' is set on object 'Object Repository/AdminSuiteBootstrap_Pages/VSP_Bootstrap/SearchProfile/input_Criteria'

2022-05-16 11:37:41 - [MESSAGE][PASSED] - Text 'PaymentsMC' is set on object 'Object Repository/AdminSuiteBootstrap_Pages/VSP_Bootstrap/SearchProfile/input_Criteria'

2022-05-16 11:37:41 - [TEST_STEP][PASSED] - click(findTestObject(path_SearchProfile + "button_Search")): Object: 'Object Repository/AdminSuiteBootstrap_Pages/VSP_Bootstrap/SearchProfile/button_Search' is clicked on

2022-05-16 11:37:44 - [MESSAGE][PASSED] - Object: 'Object Repository/AdminSuiteBootstrap_Pages/VSP_Bootstrap/SearchProfile/button_Search' is clicked on

2022-05-16 11:37:44 - [TEST_STEP][PASSED] - profNameLink = findTestData(dataFile).getValue("ProfileNameLink", row): null

2022-05-16 11:37:44 - [TEST_STEP][PASSED] - click(findTestObject(path_ViewProfile + profNameLink)): Object: 'Object Repository/AdminSuiteBootstrap_Pages/VSP_Bootstrap/View Profile/a_PaymentsMC' is clicked on

2022-05-16 11:37:47 - [MESSAGE][PASSED] - Object: 'Object Repository/AdminSuiteBootstrap_Pages/VSP_Bootstrap/View Profile/a_PaymentsMC' is clicked on

2022-05-16 11:37:47 - [TEST_STEP][PASSED] - click(findTestObject(path_ViewProfile + "a_AuthCap")): Object: 'Object Repository/AdminSuiteBootstrap_Pages/VSP_Bootstrap/View Profile/a_AuthCap' is clicked on

2022-05-16 11:37:50 - [MESSAGE][PASSED] - Object: 'Object Repository/AdminSuiteBootstrap_Pages/VSP_Bootstrap/View Profile/a_AuthCap' is clicked on

2022-05-16 11:37:50 - [TEST_STEP][PASSED] - verifyTextPresent("Credit Card Authorization Capture", true): Text 'Credit Card Authorization Capture' is present on page  using regular expression

2022-05-16 11:37:52 - [MESSAGE][PASSED] - Text 'Credit Card Authorization Capture' is present on page  using regular expression

2022-05-16 11:37:52 - [TEST_STEP][PASSED] - verifyTextPresent("Sale", true): Text 'Sale' is present on page  using regular expression

2022-05-16 11:37:53 - [MESSAGE][PASSED] - Text 'Sale' is present on page  using regular expression

2022-05-16 11:37:53 - [TEST_STEP][PASSED] - verifyTextPresent("Required fields are highlighted with an asterisk", true): Text 'Required fields are highlighted with an asterisk' is present on page  using regular expression

2022-05-16 11:37:53 - [MESSAGE][PASSED] - Text 'Required fields are highlighted with an asterisk' is present on page  using regular expression

2022-05-16 11:37:53 - [TEST_STEP][PASSED] - verifyTextPresent("Remittance ID", true): Text 'Remittance ID' is present on page  using regular expression

2022-05-16 11:37:53 - [MESSAGE][PASSED] - Text 'Remittance ID' is present on page  using regular expression

2022-05-16 11:37:53 - [TEST_STEP][PASSED] - vspBootstrap.SalePage.setDataSaleAndAuth(row, dataFile): vspBootstrap.SalePage.setDataSaleAndAuth is PASSED

2022-05-16 11:37:55 - [MESSAGE][PASSED] - All options with value 'RETL' are selected in object 'Object Repository/AdminSuiteBootstrap_Pages/VSP_Bootstrap/VSP_Authcap/select_TransactionCategory'  using regular expression

2022-05-16 11:37:56 - [MESSAGE][PASSED] - Text '123' is set on object 'Object Repository/AdminSuiteBootstrap_Pages/VSP_Bootstrap/VSP_Authcap/input_cvv'

2022-05-16 11:37:56 - [MESSAGE][PASSED] - Text '' is set on object 'Object Repository/AdminSuiteBootstrap_Pages/VSP_Bootstrap/VSP_Authcap/input_smsNumber'

2022-05-16 11:37:57 - [MESSAGE][PASSED] - Text '2.50' is set on object 'Object Repository/AdminSuiteBootstrap_Pages/VSP_Bootstrap/VSP_Authcap/input_amount'

2022-05-16 11:38:01 - [MESSAGE][PASSED] - Text 'Delhi' is set on object 'Object Repository/AdminSuiteBootstrap_Pages/VSP_Bootstrap/VSP_Authcap/input_userDefined1'

2022-05-16 11:38:01 - [MESSAGE][PASSED] - Text 'Chennai' is set on object 'Object Repository/AdminSuiteBootstrap_Pages/VSP_Bootstrap/VSP_Authcap/input_userDefined2'

2022-05-16 11:38:02 - [MESSAGE][PASSED] - Text 'Mumbai' is set on object 'Object Repository/AdminSuiteBootstrap_Pages/VSP_Bootstrap/VSP_Authcap/input_userDefined3'

2022-05-16 11:38:03 - [MESSAGE][PASSED] - Text 'Kanpur' is set on object 'Object Repository/AdminSuiteBootstrap_Pages/VSP_Bootstrap/VSP_Authcap/input_userDefined4'

2022-05-16 11:38:04 - [MESSAGE][PASSED] - All options with label 'Orange' are selected in object 'Object Repository/AdminSuiteBootstrap_Pages/VSP_Bootstrap/VSP_Authcap/select_UDF5'  using regular expression

2022-05-16 11:38:05 - [MESSAGE][PASSED] - All options with label 'Yellow' are selected in object 'Object Repository/AdminSuiteBootstrap_Pages/VSP_Bootstrap/VSP_Authcap/select_UDF6'  using regular expression

2022-05-16 11:38:05 - [MESSAGE][PASSED] - Text 'Kolkata' is set on object 'Object Repository/AdminSuiteBootstrap_Pages/VSP_Bootstrap/VSP_Authcap/input_userDefined7'

2022-05-16 11:38:06 - [MESSAGE][PASSED] - Text 'Pune' is set on object 'Object Repository/AdminSuiteBootstrap_Pages/VSP_Bootstrap/VSP_Authcap/input_userDefined8'

2022-05-16 11:38:07 - [MESSAGE][PASSED] - Text 'Bhavnagar' is set on object 'Object Repository/AdminSuiteBootstrap_Pages/VSP_Bootstrap/VSP_Authcap/input_userDefined9'

2022-05-16 11:38:07 - [MESSAGE][PASSED] - Text 'Noida' is set on object 'Object Repository/AdminSuiteBootstrap_Pages/VSP_Bootstrap/VSP_Authcap/input_userDefined10'

2022-05-16 11:38:11 - [MESSAGE][PASSED] - Object: 'Object Repository/AdminSuiteBootstrap_Pages/VSP_Bootstrap/VSP_Authcap/button_Submit' is clicked on

2022-05-16 11:38:11 - [MESSAGE][PASSED] - vspBootstrap.SalePage.setDataSaleAndAuth is PASSED

2022-05-16 11:38:11 - [TEST_STEP][PASSED] - verifyTextPresent("Transaction Successful", true): Text 'Transaction Successful' is present on page  using regular expression

2022-05-16 11:38:12 - [MESSAGE][PASSED] - Text 'Transaction Successful' is present on page  using regular expression

2022-05-16 11:38:12 - [TEST_STEP][PASSED] - verifyElementVisible(findTestObject("Object Repository/AdminSuiteBootstrap_Pages/VT_Bootstrap/Receipt/button_Continue")): Object 'Object Repository/AdminSuiteBootstrap_Pages/VT_Bootstrap/Receipt/button_Continue' is visible

2022-05-16 11:38:12 - [MESSAGE][PASSED] - Object 'Object Repository/AdminSuiteBootstrap_Pages/VT_Bootstrap/Receipt/button_Continue' is visible

2022-05-16 11:38:12 - [TEST_STEP][PASSED] - verifyElementPresent(findTestObject("Object Repository/AdminSuiteBootstrap_Pages/VT_Bootstrap/Receipt/button_Continue"), 20): Object 'Object Repository/AdminSuiteBootstrap_Pages/VT_Bootstrap/Receipt/button_Continue' is present

2022-05-16 11:38:13 - [MESSAGE][PASSED] - Object 'Object Repository/AdminSuiteBootstrap_Pages/VT_Bootstrap/Receipt/button_Continue' is present

2022-05-16 11:38:13 - [TEST_STEP][PASSED] - verifyElementVisible(findTestObject("Object Repository/AdminSuiteBootstrap_Pages/VT_Bootstrap/Receipt/button_Print")): Object 'Object Repository/AdminSuiteBootstrap_Pages/VT_Bootstrap/Receipt/button_Print' is visible

2022-05-16 11:38:13 - [MESSAGE][PASSED] - Object 'Object Repository/AdminSuiteBootstrap_Pages/VT_Bootstrap/Receipt/button_Print' is visible

2022-05-16 11:38:13 - [TEST_STEP][PASSED] - verifyElementPresent(findTestObject("Object Repository/AdminSuiteBootstrap_Pages/VT_Bootstrap/Receipt/button_Print"), 20): Object 'Object Repository/AdminSuiteBootstrap_Pages/VT_Bootstrap/Receipt/button_Print' is present

2022-05-16 11:38:13 - [MESSAGE][PASSED] - Object 'Object Repository/AdminSuiteBootstrap_Pages/VT_Bootstrap/Receipt/button_Print' is present

2022-05-16 11:38:13 - [TEST_STEP][PASSED] - verifyTextPresent("Remittance ID", true): Text 'Remittance ID' is present on page  using regular expression

2022-05-16 11:38:14 - [MESSAGE][PASSED] - Text 'Remittance ID' is present on page  using regular expression

2022-05-16 11:38:14 - [TEST_STEP][PASSED] - verifyTextPresent("Received", true): Text 'Received' is present on page  using regular expression

2022-05-16 11:38:14 - [MESSAGE][PASSED] - Text 'Received' is present on page  using regular expression

2022-05-16 11:38:14 - [TEST_STEP][PASSED] - verifyTextPresent("UDF1", true): Text 'UDF1' is present on page  using regular expression

2022-05-16 11:38:14 - [MESSAGE][PASSED] - Text 'UDF1' is present on page  using regular expression

2022-05-16 11:38:14 - [TEST_STEP][PASSED] - verifyTextPresent("UDF2", true): Text 'UDF2' is present on page  using regular expression

2022-05-16 11:38:15 - [MESSAGE][PASSED] - Text 'UDF2' is present on page  using regular expression

2022-05-16 11:38:15 - [TEST_STEP][PASSED] - verifyTextPresent("UDF3", true): Text 'UDF3' is present on page  using regular expression

2022-05-16 11:38:15 - [MESSAGE][PASSED] - Text 'UDF3' is present on page  using regular expression

2022-05-16 11:38:15 - [TEST_STEP][PASSED] - verifyTextPresent("UDF4", true): Text 'UDF4' is present on page  using regular expression

2022-05-16 11:38:15 - [MESSAGE][PASSED] - Text 'UDF4' is present on page  using regular expression

2022-05-16 11:38:15 - [TEST_STEP][PASSED] - verifyTextPresent("UDF5", true): Text 'UDF5' is present on page  using regular expression

2022-05-16 11:38:16 - [MESSAGE][PASSED] - Text 'UDF5' is present on page  using regular expression

2022-05-16 11:38:16 - [TEST_STEP][PASSED] - verifyTextPresent("UDF6", true): Text 'UDF6' is present on page  using regular expression

2022-05-16 11:38:16 - [MESSAGE][PASSED] - Text 'UDF6' is present on page  using regular expression

2022-05-16 11:38:16 - [TEST_STEP][PASSED] - verifyTextPresent("UDF7", true): Text 'UDF7' is present on page  using regular expression

2022-05-16 11:38:16 - [MESSAGE][PASSED] - Text 'UDF7' is present on page  using regular expression

2022-05-16 11:38:16 - [TEST_STEP][PASSED] - verifyTextPresent("UDF8", true): Text 'UDF8' is present on page  using regular expression

2022-05-16 11:38:17 - [MESSAGE][PASSED] - Text 'UDF8' is present on page  using regular expression

2022-05-16 11:38:17 - [TEST_STEP][PASSED] - verifyTextPresent("UDF9", true): Text 'UDF9' is present on page  using regular expression

2022-05-16 11:38:17 - [MESSAGE][PASSED] - Text 'UDF9' is present on page  using regular expression

2022-05-16 11:38:17 - [TEST_STEP][PASSED] - verifyTextPresent("UDF 10", true): Text 'UDF 10' is present on page  using regular expression

2022-05-16 11:38:17 - [MESSAGE][PASSED] - Text 'UDF 10' is present on page  using regular expression

2022-05-16 11:38:17 - [TEST_STEP][PASSED] - verifyTextPresent("Delhi", true): Text 'Delhi' is present on page  using regular expression

2022-05-16 11:38:18 - [MESSAGE][PASSED] - Text 'Delhi' is present on page  using regular expression

2022-05-16 11:38:18 - [TEST_STEP][PASSED] - verifyTextPresent("Chennai", true): Text 'Chennai' is present on page  using regular expression

2022-05-16 11:38:18 - [MESSAGE][PASSED] - Text 'Chennai' is present on page  using regular expression

2022-05-16 11:38:18 - [TEST_STEP][PASSED] - verifyTextPresent("Mumbai", true): Text 'Mumbai' is present on page  using regular expression

2022-05-16 11:38:18 - [MESSAGE][PASSED] - Text 'Mumbai' is present on page  using regular expression

2022-05-16 11:38:18 - [TEST_STEP][PASSED] - verifyTextPresent("Kanpur", true): Text 'Kanpur' is present on page  using regular expression

2022-05-16 11:38:19 - [MESSAGE][PASSED] - Text 'Kanpur' is present on page  using regular expression

2022-05-16 11:38:19 - [TEST_STEP][PASSED] - verifyTextPresent("Orange Recorded", true): Text 'Orange Recorded' is present on page  using regular expression

2022-05-16 11:38:19 - [MESSAGE][PASSED] - Text 'Orange Recorded' is present on page  using regular expression

2022-05-16 11:38:19 - [TEST_STEP][PASSED] - verifyTextPresent("Yellow Recorded", true): Text 'Yellow Recorded' is present on page  using regular expression

2022-05-16 11:38:19 - [MESSAGE][PASSED] - Text 'Yellow Recorded' is present on page  using regular expression

2022-05-16 11:38:19 - [TEST_STEP][PASSED] - verifyTextPresent("Kolkata", true): Text 'Kolkata' is present on page  using regular expression

2022-05-16 11:38:20 - [MESSAGE][PASSED] - Text 'Kolkata' is present on page  using regular expression

2022-05-16 11:38:20 - [TEST_STEP][PASSED] - verifyTextPresent("Pune", true): Text 'Pune' is present on page  using regular expression

2022-05-16 11:38:20 - [MESSAGE][PASSED] - Text 'Pune' is present on page  using regular expression

2022-05-16 11:38:20 - [TEST_STEP][PASSED] - verifyTextPresent("Bhavnagar", true): Text 'Bhavnagar' is present on page  using regular expression

2022-05-16 11:38:20 - [MESSAGE][PASSED] - Text 'Bhavnagar' is present on page  using regular expression

2022-05-16 11:38:20 - [TEST_STEP][PASSED] - verifyTextPresent("Noida", true): Text 'Noida' is present on page  using regular expression

2022-05-16 11:38:21 - [MESSAGE][PASSED] - Text 'Noida' is present on page  using regular expression

2022-05-16 11:38:21 - [TEST_STEP][PASSED] - verifyTextPresent("Amount", true): Text 'Amount' is present on page  using regular expression

2022-05-16 11:38:21 - [MESSAGE][PASSED] - Text 'Amount' is present on page  using regular expression

2022-05-16 11:38:21 - [TEST_STEP][PASSED] - verifyTextPresent("2.50", true): Text '2.50' is present on page  using regular expression

2022-05-16 11:38:21 - [MESSAGE][PASSED] - Text '2.50' is present on page  using regular expression

2022-05-16 11:38:21 - [TEST_STEP][PASSED] - verifyTextPresent("Authorization and Capture", true): Text 'Authorization and Capture' is present on page  using regular expression

2022-05-16 11:38:22 - [MESSAGE][PASSED] - Text 'Authorization and Capture' is present on page  using regular expression

2022-05-16 11:38:22 - [TEST_STEP][PASSED] - verifyTextPresent("Card Information", true): Text 'Card Information' is present on page  using regular expression

2022-05-16 11:38:22 - [MESSAGE][PASSED] - Text 'Card Information' is present on page  using regular expression

2022-05-16 11:38:22 - [TEST_STEP][PASSED] - verifyTextPresent("TANDON RAVENA", true): Text 'TANDON RAVENA' is present on page  using regular expression

2022-05-16 11:38:22 - [MESSAGE][PASSED] - Text 'TANDON RAVENA' is present on page  using regular expression

2022-05-16 11:38:22 - [TEST_STEP][PASSED] - verifyTextPresent("Address Line 1", true): Text 'Address Line 1' is present on page  using regular expression

2022-05-16 11:38:23 - [MESSAGE][PASSED] - Text 'Address Line 1' is present on page  using regular expression

2022-05-16 11:38:23 - [TEST_STEP][PASSED] - verifyTextPresent("Address Line 2", true): Text 'Address Line 2' is present on page  using regular expression

2022-05-16 11:38:23 - [MESSAGE][PASSED] - Text 'Address Line 2' is present on page  using regular expression

2022-05-16 11:38:23 - [TEST_STEP][PASSED] - verifyTextPresent("Country", true): Text 'Country' is present on page  using regular expression

2022-05-16 11:38:23 - [MESSAGE][PASSED] - Text 'Country' is present on page  using regular expression

2022-05-16 11:38:23 - [TEST_STEP][PASSED] - verifyTextPresent("City", true): Text 'City' is present on page  using regular expression

2022-05-16 11:38:24 - [MESSAGE][PASSED] - Text 'City' is present on page  using regular expression

2022-05-16 11:38:24 - [TEST_STEP][PASSED] - verifyTextPresent("State", true): Text 'State' is present on page  using regular expression

2022-05-16 11:38:24 - [MESSAGE][PASSED] - Text 'State' is present on page  using regular expression

2022-05-16 11:38:24 - [TEST_STEP][PASSED] - verifyTextPresent("ZIP Code", true): Text 'ZIP Code' is present on page  using regular expression

2022-05-16 11:38:24 - [MESSAGE][PASSED] - Text 'ZIP Code' is present on page  using regular expression

2022-05-16 11:38:24 - [TEST_STEP][PASSED] - verifyTextPresent("248 PhoolKaante road", true): Text '248 PhoolKaante road' is present on page  using regular expression

2022-05-16 11:38:25 - [MESSAGE][PASSED] - Text '248 PhoolKaante road' is present on page  using regular expression

2022-05-16 11:38:25 - [TEST_STEP][PASSED] - verifyTextPresent("Suite 678", true): Text 'Suite 678' is present on page  using regular expression

2022-05-16 11:38:25 - [MESSAGE][PASSED] - Text 'Suite 678' is present on page  using regular expression

2022-05-16 11:38:25 - [TEST_STEP][PASSED] - verifyTextPresent("United States", true): Text 'United States' is present on page  using regular expression

2022-05-16 11:38:25 - [MESSAGE][PASSED] - Text 'United States' is present on page  using regular expression

2022-05-16 11:38:25 - [TEST_STEP][PASSED] - verifyTextPresent("ARLINGTON", true): Text 'ARLINGTON' is present on page  using regular expression

2022-05-16 11:38:26 - [MESSAGE][PASSED] - Text 'ARLINGTON' is present on page  using regular expression

2022-05-16 11:38:26 - [TEST_STEP][PASSED] - verifyTextPresent("VA", true): Text 'VA' is present on page  using regular expression

2022-05-16 11:38:26 - [MESSAGE][PASSED] - Text 'VA' is present on page  using regular expression

2022-05-16 11:38:26 - [TEST_STEP][PASSED] - verifyTextPresent("22201", true): Text '22201' is present on page  using regular expression

2022-05-16 11:38:26 - [MESSAGE][PASSED] - Text '22201' is present on page  using regular expression

2022-05-16 11:38:26 - [TEST_STEP][PASSED] - cardTypeV = findTestData(dataFile).getValue("CardType", row): null

2022-05-16 11:38:26 - [TEST_STEP][PASSED] - last4V = findTestData(dataFile).getValue("Last4", row): null

2022-05-16 11:38:26 - [TEST_STEP][PASSED] - verifyTextPresent(cardTypeV, true): Text 'MasterCard' is present on page  using regular expression

2022-05-16 11:38:27 - [MESSAGE][PASSED] - Text 'MasterCard' is present on page  using regular expression

2022-05-16 11:38:27 - [TEST_STEP][PASSED] - verifyTextPresent(last4V, true): Text '0035' is present on page  using regular expression

2022-05-16 11:38:27 - [MESSAGE][PASSED] - Text '0035' is present on page  using regular expression

2022-05-16 11:38:27 - [TEST_STEP][PASSED] - switch (appName): null

2022-05-16 11:38:27 - [TEST_STEP][PASSED] - case "a_Access AutoSingleCFtpDemo":: null

2022-05-16 11:38:27 - [TEST_STEP][PASSED] - verifyTextPresent("5.00", true): Text '5.00' is present on page  using regular expression

2022-05-16 11:38:27 - [MESSAGE][PASSED] - Text '5.00' is present on page  using regular expression

2022-05-16 11:38:27 - [TEST_STEP][PASSED] - verifyTextPresent("Single Transaction", true): Text 'Single Transaction' is present on page  using regular expression

2022-05-16 11:38:28 - [MESSAGE][PASSED] - Text 'Single Transaction' is present on page  using regular expression

2022-05-16 11:38:28 - [TEST_STEP][PASSED] - verifyTextPresent("7.50", true): Text '7.50' is present on page  using regular expression

2022-05-16 11:38:28 - [MESSAGE][PASSED] - Text '7.50' is present on page  using regular expression

2022-05-16 11:38:28 - [TEST_STEP][PASSED] - verifyTextPresent("Total Amount", true): Text 'Total Amount' is present on page  using regular expression

2022-05-16 11:38:28 - [MESSAGE][PASSED] - Text 'Total Amount' is present on page  using regular expression

2022-05-16 11:38:28 - [TEST_STEP][PASSED] - verifyTextPresent("Transaction Type", true): Text 'Transaction Type' is present on page  using regular expression

2022-05-16 11:38:29 - [MESSAGE][PASSED] - Text 'Transaction Type' is present on page  using regular expression

2022-05-16 11:38:29 - [TEST_STEP][PASSED] - break: null

2022-05-16 11:38:29 - [TEST_STEP][PASSED] - closeBrowser(): Browser is closed

2022-05-16 11:38:30 - [MESSAGE][PASSED] - Browser is closed

2022-05-16 11:38:30 - [TEST_STEP][PASSED] - ExecuteTC = findTestData(dataFile).getValue("Execute", row): null

2022-05-16 11:38:30 - [TEST_STEP][PASSED] - out.println("Value of Execute is : " + ExecuteTC): null

2022-05-16 11:38:30 - [TEST_STEP][PASSED] - switch (executionProfile): null

2022-05-16 11:38:30 - [TEST_STEP][PASSED] - case "DemoProfile":: null

2022-05-16 11:38:30 - [TEST_STEP][PASSED] - appName = findTestData(dataFile).getValue("AppNameDemo", row): null

2022-05-16 11:38:30 - [TEST_STEP][PASSED] - appID = findTestData(dataFile).getValue("AppIDDemo", row): null

2022-05-16 11:38:30 - [TEST_STEP][PASSED] - break: null

2022-05-16 11:38:30 - [TEST_STEP][PASSED] - if (ExecuteTC.equalsIgnoreCase("Y")): null

2022-05-16 11:38:30 - [TEST_STEP][PASSED] - out.println("Begin Record Number: " + row): null

2022-05-16 11:38:30 - [TEST_STEP][PASSED] - today = new java.util.Date(): null

2022-05-16 11:38:30 - [TEST_STEP][PASSED] - println(today): null

2022-05-16 11:38:30 - [TEST_STEP][PASSED] - datText = today: null

2022-05-16 11:38:30 - [TEST_STEP][PASSED] - adminSuiteBootstrap.loginFunctionality.login_AdminSuite(): adminSuiteBootstrap.loginFunctionality.login_AdminSuite is PASSED

2022-05-16 11:38:30 - [MESSAGE][INFO] - Starting 'Chrome' driver

2022-05-16 11:38:30 - [MESSAGE][INFO] - User set preference: ['acceptInsecureCerts', 'true']

2022-05-16 11:38:30 - [MESSAGE][INFO] - Action delay is set to 0 milliseconds

2022-05-16 11:38:32 - [MESSAGE][PASSED] - Browser is opened with url: 'https://demo.velocitypayment.com/admin/imtiazdemo'

2022-05-16 11:38:32 - [MESSAGE][PASSED] - Current window maximized

2022-05-16 11:38:33 - [MESSAGE][PASSED] - Object 'Object Repository/Login_Page/Login_Username' is present

2022-05-16 11:38:33 - [MESSAGE][PASSED] - Text 'iahmed' is set on object 'Object Repository/Login_Page/Login_Username'

2022-05-16 11:38:34 - [MESSAGE][PASSED] - Text 'hello2222' is set on object 'Object Repository/Login_Page/Login_Password'

2022-05-16 11:38:38 - [MESSAGE][PASSED] - Object: 'Object Repository/Login_Page/Login_Submit' is clicked on

2022-05-16 11:38:38 - [MESSAGE][PASSED] - adminSuiteBootstrap.loginFunctionality.login_AdminSuite is PASSED

2022-05-16 11:38:38 - [TEST_STEP][PASSED] - click(findTestObject(path_Dashboard + appName)): Object: 'Object Repository/AdminSuiteBootstrap_Pages/Dashboard_Bootstrap/a_Access AutoSingleCFtpDemo' is clicked on

2022-05-16 11:38:41 - [MESSAGE][PASSED] - Object: 'Object Repository/AdminSuiteBootstrap_Pages/Dashboard_Bootstrap/a_Access AutoSingleCFtpDemo' is clicked on

2022-05-16 11:38:41 - [TEST_STEP][PASSED] - click(findTestObject(path_VT + "a_Find Profile")): Object: 'Object Repository/AdminSuiteBootstrap_Pages/VT_Bootstrap/IssueTransactions/a_Find Profile' is clicked on

2022-05-16 11:38:41 - [MESSAGE][PASSED] - Object: 'Object Repository/AdminSuiteBootstrap_Pages/VT_Bootstrap/IssueTransactions/a_Find Profile' is clicked on

2022-05-16 11:38:41 - [TEST_STEP][PASSED] - criteria = <not implemented yet for class: org.codehaus.groovy.ast.expr.EmptyExpression>: null

2022-05-16 11:38:41 - [TEST_STEP][PASSED] - searchBy = <not implemented yet for class: org.codehaus.groovy.ast.expr.EmptyExpression>: null

2022-05-16 11:38:41 - [TEST_STEP][PASSED] - criteria = findTestData(dataFile).getValue("ProfileName", row): null

2022-05-16 11:38:41 - [TEST_STEP][PASSED] - path_SearchProfile = "Object Repository/AdminSuiteBootstrap_Pages/VSP_Bootstrap/SearchProfile/": null

2022-05-16 11:38:41 - [TEST_STEP][PASSED] - setText(findTestObject(path_SearchProfile + "input_Criteria"), criteria): Text 'PaymentsAmEx' is set on object 'Object Repository/AdminSuiteBootstrap_Pages/VSP_Bootstrap/SearchProfile/input_Criteria'

2022-05-16 11:38:42 - [MESSAGE][PASSED] - Text 'PaymentsAmEx' is set on object 'Object Repository/AdminSuiteBootstrap_Pages/VSP_Bootstrap/SearchProfile/input_Criteria'

2022-05-16 11:38:42 - [TEST_STEP][PASSED] - click(findTestObject(path_SearchProfile + "button_Search")): Object: 'Object Repository/AdminSuiteBootstrap_Pages/VSP_Bootstrap/SearchProfile/button_Search' is clicked on

2022-05-16 11:38:46 - [MESSAGE][PASSED] - Object: 'Object Repository/AdminSuiteBootstrap_Pages/VSP_Bootstrap/SearchProfile/button_Search' is clicked on

2022-05-16 11:38:46 - [TEST_STEP][PASSED] - profNameLink = findTestData(dataFile).getValue("ProfileNameLink", row): null

2022-05-16 11:38:46 - [TEST_STEP][PASSED] - click(findTestObject(path_ViewProfile + profNameLink)): Object: 'Object Repository/AdminSuiteBootstrap_Pages/VSP_Bootstrap/View Profile/a_PaymentsAmEx' is clicked on

2022-05-16 11:38:49 - [MESSAGE][PASSED] - Object: 'Object Repository/AdminSuiteBootstrap_Pages/VSP_Bootstrap/View Profile/a_PaymentsAmEx' is clicked on

2022-05-16 11:38:49 - [TEST_STEP][PASSED] - click(findTestObject(path_ViewProfile + "a_AuthCap")): Object: 'Object Repository/AdminSuiteBootstrap_Pages/VSP_Bootstrap/View Profile/a_AuthCap' is clicked on

2022-05-16 11:38:53 - [MESSAGE][PASSED] - Object: 'Object Repository/AdminSuiteBootstrap_Pages/VSP_Bootstrap/View Profile/a_AuthCap' is clicked on

2022-05-16 11:38:53 - [TEST_STEP][PASSED] - verifyTextPresent("Credit Card Authorization Capture", true): Text 'Credit Card Authorization Capture' is present on page  using regular expression

2022-05-16 11:38:56 - [MESSAGE][PASSED] - Text 'Credit Card Authorization Capture' is present on page  using regular expression

2022-05-16 11:38:56 - [TEST_STEP][PASSED] - verifyTextPresent("Sale", true): Text 'Sale' is present on page  using regular expression

2022-05-16 11:38:56 - [MESSAGE][PASSED] - Text 'Sale' is present on page  using regular expression

2022-05-16 11:38:56 - [TEST_STEP][PASSED] - verifyTextPresent("Required fields are highlighted with an asterisk", true): Text 'Required fields are highlighted with an asterisk' is present on page  using regular expression

2022-05-16 11:38:56 - [MESSAGE][PASSED] - Text 'Required fields are highlighted with an asterisk' is present on page  using regular expression

2022-05-16 11:38:56 - [TEST_STEP][PASSED] - verifyTextPresent("Remittance ID", true): Text 'Remittance ID' is present on page  using regular expression

2022-05-16 11:38:57 - [MESSAGE][PASSED] - Text 'Remittance ID' is present on page  using regular expression

2022-05-16 11:38:57 - [TEST_STEP][PASSED] - vspBootstrap.SalePage.setDataSaleAndAuth(row, dataFile): vspBootstrap.SalePage.setDataSaleAndAuth is PASSED

2022-05-16 11:38:58 - [MESSAGE][PASSED] - All options with value 'RETL' are selected in object 'Object Repository/AdminSuiteBootstrap_Pages/VSP_Bootstrap/VSP_Authcap/select_TransactionCategory'  using regular expression

2022-05-16 11:38:59 - [MESSAGE][PASSED] - Text '1234' is set on object 'Object Repository/AdminSuiteBootstrap_Pages/VSP_Bootstrap/VSP_Authcap/input_cvv'

2022-05-16 11:39:00 - [MESSAGE][PASSED] - Text '' is set on object 'Object Repository/AdminSuiteBootstrap_Pages/VSP_Bootstrap/VSP_Authcap/input_smsNumber'

2022-05-16 11:39:00 - [MESSAGE][PASSED] - Text '2.50' is set on object 'Object Repository/AdminSuiteBootstrap_Pages/VSP_Bootstrap/VSP_Authcap/input_amount'

2022-05-16 11:39:05 - [MESSAGE][PASSED] - Text 'Delhi' is set on object 'Object Repository/AdminSuiteBootstrap_Pages/VSP_Bootstrap/VSP_Authcap/input_userDefined1'

2022-05-16 11:39:06 - [MESSAGE][PASSED] - Text 'Chennai' is set on object 'Object Repository/AdminSuiteBootstrap_Pages/VSP_Bootstrap/VSP_Authcap/input_userDefined2'

2022-05-16 11:39:07 - [MESSAGE][PASSED] - Text 'Mumbai' is set on object 'Object Repository/AdminSuiteBootstrap_Pages/VSP_Bootstrap/VSP_Authcap/input_userDefined3'

2022-05-16 11:39:08 - [MESSAGE][PASSED] - Text 'Kanpur' is set on object 'Object Repository/AdminSuiteBootstrap_Pages/VSP_Bootstrap/VSP_Authcap/input_userDefined4'

2022-05-16 11:39:08 - [MESSAGE][PASSED] - All options with label 'Orange' are selected in object 'Object Repository/AdminSuiteBootstrap_Pages/VSP_Bootstrap/VSP_Authcap/select_UDF5'  using regular expression

2022-05-16 11:39:09 - [MESSAGE][PASSED] - All options with label 'Yellow' are selected in object 'Object Repository/AdminSuiteBootstrap_Pages/VSP_Bootstrap/VSP_Authcap/select_UDF6'  using regular expression

2022-05-16 11:39:10 - [MESSAGE][PASSED] - Text 'Kolkata' is set on object 'Object Repository/AdminSuiteBootstrap_Pages/VSP_Bootstrap/VSP_Authcap/input_userDefined7'

2022-05-16 11:39:11 - [MESSAGE][PASSED] - Text 'Pune' is set on object 'Object Repository/AdminSuiteBootstrap_Pages/VSP_Bootstrap/VSP_Authcap/input_userDefined8'

2022-05-16 11:39:12 - [MESSAGE][PASSED] - Text 'Bhavnagar' is set on object 'Object Repository/AdminSuiteBootstrap_Pages/VSP_Bootstrap/VSP_Authcap/input_userDefined9'

2022-05-16 11:39:12 - [MESSAGE][PASSED] - Text 'Noida' is set on object 'Object Repository/AdminSuiteBootstrap_Pages/VSP_Bootstrap/VSP_Authcap/input_userDefined10'

2022-05-16 11:39:20 - [MESSAGE][PASSED] - Object: 'Object Repository/AdminSuiteBootstrap_Pages/VSP_Bootstrap/VSP_Authcap/button_Submit' is clicked on

2022-05-16 11:39:20 - [MESSAGE][PASSED] - vspBootstrap.SalePage.setDataSaleAndAuth is PASSED

2022-05-16 11:39:20 - [TEST_STEP][PASSED] - verifyTextPresent("Transaction Successful", true): Text 'Transaction Successful' is present on page  using regular expression

2022-05-16 11:39:20 - [MESSAGE][PASSED] - Text 'Transaction Successful' is present on page  using regular expression

2022-05-16 11:39:20 - [TEST_STEP][PASSED] - verifyElementVisible(findTestObject("Object Repository/AdminSuiteBootstrap_Pages/VT_Bootstrap/Receipt/button_Continue")): Object 'Object Repository/AdminSuiteBootstrap_Pages/VT_Bootstrap/Receipt/button_Continue' is visible

2022-05-16 11:39:21 - [MESSAGE][PASSED] - Object 'Object Repository/AdminSuiteBootstrap_Pages/VT_Bootstrap/Receipt/button_Continue' is visible

2022-05-16 11:39:21 - [TEST_STEP][PASSED] - verifyElementPresent(findTestObject("Object Repository/AdminSuiteBootstrap_Pages/VT_Bootstrap/Receipt/button_Continue"), 20): Object 'Object Repository/AdminSuiteBootstrap_Pages/VT_Bootstrap/Receipt/button_Continue' is present

2022-05-16 11:39:21 - [MESSAGE][PASSED] - Object 'Object Repository/AdminSuiteBootstrap_Pages/VT_Bootstrap/Receipt/button_Continue' is present

2022-05-16 11:39:21 - [TEST_STEP][PASSED] - verifyElementVisible(findTestObject("Object Repository/AdminSuiteBootstrap_Pages/VT_Bootstrap/Receipt/button_Print")): Object 'Object Repository/AdminSuiteBootstrap_Pages/VT_Bootstrap/Receipt/button_Print' is visible

2022-05-16 11:39:21 - [MESSAGE][PASSED] - Object 'Object Repository/AdminSuiteBootstrap_Pages/VT_Bootstrap/Receipt/button_Print' is visible

2022-05-16 11:39:21 - [TEST_STEP][PASSED] - verifyElementPresent(findTestObject("Object Repository/AdminSuiteBootstrap_Pages/VT_Bootstrap/Receipt/button_Print"), 20): Object 'Object Repository/AdminSuiteBootstrap_Pages/VT_Bootstrap/Receipt/button_Print' is present

2022-05-16 11:39:22 - [MESSAGE][PASSED] - Object 'Object Repository/AdminSuiteBootstrap_Pages/VT_Bootstrap/Receipt/button_Print' is present

2022-05-16 11:39:22 - [TEST_STEP][PASSED] - verifyTextPresent("Remittance ID", true): Text 'Remittance ID' is present on page  using regular expression

2022-05-16 11:39:22 - [MESSAGE][PASSED] - Text 'Remittance ID' is present on page  using regular expression

2022-05-16 11:39:22 - [TEST_STEP][PASSED] - verifyTextPresent("Received", true): Text 'Received' is present on page  using regular expression

2022-05-16 11:39:22 - [MESSAGE][PASSED] - Text 'Received' is present on page  using regular expression

2022-05-16 11:39:22 - [TEST_STEP][PASSED] - verifyTextPresent("UDF1", true): Text 'UDF1' is present on page  using regular expression

2022-05-16 11:39:23 - [MESSAGE][PASSED] - Text 'UDF1' is present on page  using regular expression

2022-05-16 11:39:23 - [TEST_STEP][PASSED] - verifyTextPresent("UDF2", true): Text 'UDF2' is present on page  using regular expression

2022-05-16 11:39:23 - [MESSAGE][PASSED] - Text 'UDF2' is present on page  using regular expression

2022-05-16 11:39:23 - [TEST_STEP][PASSED] - verifyTextPresent("UDF3", true): Text 'UDF3' is present on page  using regular expression

2022-05-16 11:39:23 - [MESSAGE][PASSED] - Text 'UDF3' is present on page  using regular expression

2022-05-16 11:39:23 - [TEST_STEP][PASSED] - verifyTextPresent("UDF4", true): Text 'UDF4' is present on page  using regular expression

2022-05-16 11:39:24 - [MESSAGE][PASSED] - Text 'UDF4' is present on page  using regular expression

2022-05-16 11:39:24 - [TEST_STEP][PASSED] - verifyTextPresent("UDF5", true): Text 'UDF5' is present on page  using regular expression

2022-05-16 11:39:24 - [MESSAGE][PASSED] - Text 'UDF5' is present on page  using regular expression

2022-05-16 11:39:24 - [TEST_STEP][PASSED] - verifyTextPresent("UDF6", true): Text 'UDF6' is present on page  using regular expression

2022-05-16 11:39:24 - [MESSAGE][PASSED] - Text 'UDF6' is present on page  using regular expression

2022-05-16 11:39:24 - [TEST_STEP][PASSED] - verifyTextPresent("UDF7", true): Text 'UDF7' is present on page  using regular expression

2022-05-16 11:39:25 - [MESSAGE][PASSED] - Text 'UDF7' is present on page  using regular expression

2022-05-16 11:39:25 - [TEST_STEP][PASSED] - verifyTextPresent("UDF8", true): Text 'UDF8' is present on page  using regular expression

2022-05-16 11:39:25 - [MESSAGE][PASSED] - Text 'UDF8' is present on page  using regular expression

2022-05-16 11:39:25 - [TEST_STEP][PASSED] - verifyTextPresent("UDF9", true): Text 'UDF9' is present on page  using regular expression

2022-05-16 11:39:25 - [MESSAGE][PASSED] - Text 'UDF9' is present on page  using regular expression

2022-05-16 11:39:25 - [TEST_STEP][PASSED] - verifyTextPresent("UDF 10", true): Text 'UDF 10' is present on page  using regular expression

2022-05-16 11:39:26 - [MESSAGE][PASSED] - Text 'UDF 10' is present on page  using regular expression

2022-05-16 11:39:26 - [TEST_STEP][PASSED] - verifyTextPresent("Delhi", true): Text 'Delhi' is present on page  using regular expression

2022-05-16 11:39:26 - [MESSAGE][PASSED] - Text 'Delhi' is present on page  using regular expression

2022-05-16 11:39:26 - [TEST_STEP][PASSED] - verifyTextPresent("Chennai", true): Text 'Chennai' is present on page  using regular expression

2022-05-16 11:39:26 - [MESSAGE][PASSED] - Text 'Chennai' is present on page  using regular expression

2022-05-16 11:39:26 - [TEST_STEP][PASSED] - verifyTextPresent("Mumbai", true): Text 'Mumbai' is present on page  using regular expression

2022-05-16 11:39:27 - [MESSAGE][PASSED] - Text 'Mumbai' is present on page  using regular expression

2022-05-16 11:39:27 - [TEST_STEP][PASSED] - verifyTextPresent("Kanpur", true): Text 'Kanpur' is present on page  using regular expression

2022-05-16 11:39:27 - [MESSAGE][PASSED] - Text 'Kanpur' is present on page  using regular expression

2022-05-16 11:39:27 - [TEST_STEP][PASSED] - verifyTextPresent("Orange Recorded", true): Text 'Orange Recorded' is present on page  using regular expression

2022-05-16 11:39:27 - [MESSAGE][PASSED] - Text 'Orange Recorded' is present on page  using regular expression

2022-05-16 11:39:27 - [TEST_STEP][PASSED] - verifyTextPresent("Yellow Recorded", true): Text 'Yellow Recorded' is present on page  using regular expression

2022-05-16 11:39:28 - [MESSAGE][PASSED] - Text 'Yellow Recorded' is present on page  using regular expression

2022-05-16 11:39:28 - [TEST_STEP][PASSED] - verifyTextPresent("Kolkata", true): Text 'Kolkata' is present on page  using regular expression

2022-05-16 11:39:28 - [MESSAGE][PASSED] - Text 'Kolkata' is present on page  using regular expression

2022-05-16 11:39:28 - [TEST_STEP][PASSED] - verifyTextPresent("Pune", true): Text 'Pune' is present on page  using regular expression

2022-05-16 11:39:28 - [MESSAGE][PASSED] - Text 'Pune' is present on page  using regular expression

2022-05-16 11:39:28 - [TEST_STEP][PASSED] - verifyTextPresent("Bhavnagar", true): Text 'Bhavnagar' is present on page  using regular expression

2022-05-16 11:39:29 - [MESSAGE][PASSED] - Text 'Bhavnagar' is present on page  using regular expression

2022-05-16 11:39:29 - [TEST_STEP][PASSED] - verifyTextPresent("Noida", true): Text 'Noida' is present on page  using regular expression

2022-05-16 11:39:29 - [MESSAGE][PASSED] - Text 'Noida' is present on page  using regular expression

2022-05-16 11:39:29 - [TEST_STEP][PASSED] - verifyTextPresent("Amount", true): Text 'Amount' is present on page  using regular expression

2022-05-16 11:39:29 - [MESSAGE][PASSED] - Text 'Amount' is present on page  using regular expression

2022-05-16 11:39:29 - [TEST_STEP][PASSED] - verifyTextPresent("2.50", true): Text '2.50' is present on page  using regular expression

2022-05-16 11:39:30 - [MESSAGE][PASSED] - Text '2.50' is present on page  using regular expression

2022-05-16 11:39:30 - [TEST_STEP][PASSED] - verifyTextPresent("Authorization and Capture", true): Text 'Authorization and Capture' is present on page  using regular expression

2022-05-16 11:39:30 - [MESSAGE][PASSED] - Text 'Authorization and Capture' is present on page  using regular expression

2022-05-16 11:39:30 - [TEST_STEP][PASSED] - verifyTextPresent("Card Information", true): Text 'Card Information' is present on page  using regular expression

2022-05-16 11:39:30 - [MESSAGE][PASSED] - Text 'Card Information' is present on page  using regular expression

2022-05-16 11:39:30 - [TEST_STEP][PASSED] - verifyTextPresent("TANDON RAVENA", true): Text 'TANDON RAVENA' is present on page  using regular expression

2022-05-16 11:39:31 - [MESSAGE][PASSED] - Text 'TANDON RAVENA' is present on page  using regular expression

2022-05-16 11:39:31 - [TEST_STEP][PASSED] - verifyTextPresent("Address Line 1", true): Text 'Address Line 1' is present on page  using regular expression

2022-05-16 11:39:31 - [MESSAGE][PASSED] - Text 'Address Line 1' is present on page  using regular expression

2022-05-16 11:39:31 - [TEST_STEP][PASSED] - verifyTextPresent("Address Line 2", true): Text 'Address Line 2' is present on page  using regular expression

2022-05-16 11:39:31 - [MESSAGE][PASSED] - Text 'Address Line 2' is present on page  using regular expression

2022-05-16 11:39:31 - [TEST_STEP][PASSED] - verifyTextPresent("Country", true): Text 'Country' is present on page  using regular expression

2022-05-16 11:39:32 - [MESSAGE][PASSED] - Text 'Country' is present on page  using regular expression

2022-05-16 11:39:32 - [TEST_STEP][PASSED] - verifyTextPresent("City", true): Text 'City' is present on page  using regular expression

2022-05-16 11:39:32 - [MESSAGE][PASSED] - Text 'City' is present on page  using regular expression

2022-05-16 11:39:32 - [TEST_STEP][PASSED] - verifyTextPresent("State", true): Text 'State' is present on page  using regular expression

2022-05-16 11:39:32 - [MESSAGE][PASSED] - Text 'State' is present on page  using regular expression

2022-05-16 11:39:32 - [TEST_STEP][PASSED] - verifyTextPresent("ZIP Code", true): Text 'ZIP Code' is present on page  using regular expression

2022-05-16 11:39:33 - [MESSAGE][PASSED] - Text 'ZIP Code' is present on page  using regular expression

2022-05-16 11:39:33 - [TEST_STEP][PASSED] - verifyTextPresent("248 PhoolKaante road", true): Text '248 PhoolKaante road' is present on page  using regular expression

2022-05-16 11:39:33 - [MESSAGE][PASSED] - Text '248 PhoolKaante road' is present on page  using regular expression

2022-05-16 11:39:33 - [TEST_STEP][PASSED] - verifyTextPresent("Suite 678", true): Text 'Suite 678' is present on page  using regular expression

2022-05-16 11:39:33 - [MESSAGE][PASSED] - Text 'Suite 678' is present on page  using regular expression

2022-05-16 11:39:33 - [TEST_STEP][PASSED] - verifyTextPresent("United States", true): Text 'United States' is present on page  using regular expression

2022-05-16 11:39:34 - [MESSAGE][PASSED] - Text 'United States' is present on page  using regular expression

2022-05-16 11:39:34 - [TEST_STEP][PASSED] - verifyTextPresent("ARLINGTON", true): Text 'ARLINGTON' is present on page  using regular expression

2022-05-16 11:39:34 - [MESSAGE][PASSED] - Text 'ARLINGTON' is present on page  using regular expression

2022-05-16 11:39:34 - [TEST_STEP][PASSED] - verifyTextPresent("VA", true): Text 'VA' is present on page  using regular expression

2022-05-16 11:39:34 - [MESSAGE][PASSED] - Text 'VA' is present on page  using regular expression

2022-05-16 11:39:34 - [TEST_STEP][PASSED] - verifyTextPresent("22201", true): Text '22201' is present on page  using regular expression

2022-05-16 11:39:35 - [MESSAGE][PASSED] - Text '22201' is present on page  using regular expression

2022-05-16 11:39:35 - [TEST_STEP][PASSED] - cardTypeV = findTestData(dataFile).getValue("CardType", row): null

2022-05-16 11:39:35 - [TEST_STEP][PASSED] - last4V = findTestData(dataFile).getValue("Last4", row): null

2022-05-16 11:39:35 - [TEST_STEP][PASSED] - verifyTextPresent(cardTypeV, true): Text 'American Express' is present on page  using regular expression

2022-05-16 11:39:35 - [MESSAGE][PASSED] - Text 'American Express' is present on page  using regular expression

2022-05-16 11:39:35 - [TEST_STEP][PASSED] - verifyTextPresent(last4V, true): Text '2376' is present on page  using regular expression

2022-05-16 11:39:35 - [MESSAGE][PASSED] - Text '2376' is present on page  using regular expression

2022-05-16 11:39:35 - [TEST_STEP][PASSED] - switch (appName): null

2022-05-16 11:39:35 - [TEST_STEP][PASSED] - case "a_Access AutoSingleCFtpDemo":: null

2022-05-16 11:39:35 - [TEST_STEP][PASSED] - verifyTextPresent("5.00", true): Text '5.00' is present on page  using regular expression

2022-05-16 11:39:36 - [MESSAGE][PASSED] - Text '5.00' is present on page  using regular expression

2022-05-16 11:39:36 - [TEST_STEP][PASSED] - verifyTextPresent("Single Transaction", true): Text 'Single Transaction' is present on page  using regular expression

2022-05-16 11:39:36 - [MESSAGE][PASSED] - Text 'Single Transaction' is present on page  using regular expression

2022-05-16 11:39:36 - [TEST_STEP][PASSED] - verifyTextPresent("7.50", true): Text '7.50' is present on page  using regular expression

2022-05-16 11:39:36 - [MESSAGE][PASSED] - Text '7.50' is present on page  using regular expression

2022-05-16 11:39:36 - [TEST_STEP][PASSED] - verifyTextPresent("Total Amount", true): Text 'Total Amount' is present on page  using regular expression

2022-05-16 11:39:37 - [MESSAGE][PASSED] - Text 'Total Amount' is present on page  using regular expression

2022-05-16 11:39:37 - [TEST_STEP][PASSED] - verifyTextPresent("Transaction Type", true): Text 'Transaction Type' is present on page  using regular expression

2022-05-16 11:39:37 - [MESSAGE][PASSED] - Text 'Transaction Type' is present on page  using regular expression

2022-05-16 11:39:37 - [TEST_STEP][PASSED] - break: null

2022-05-16 11:39:37 - [TEST_STEP][PASSED] - closeBrowser(): Browser is closed

2022-05-16 11:39:38 - [MESSAGE][PASSED] - Browser is closed

2022-05-16 11:39:38 - [TEST_STEP][PASSED] - ExecuteTC = findTestData(dataFile).getValue("Execute", row): null

2022-05-16 11:39:38 - [TEST_STEP][PASSED] - out.println("Value of Execute is : " + ExecuteTC): null

2022-05-16 11:39:38 - [TEST_STEP][PASSED] - switch (executionProfile): null

2022-05-16 11:39:38 - [TEST_STEP][PASSED] - case "DemoProfile":: null

2022-05-16 11:39:38 - [TEST_STEP][PASSED] - appName = findTestData(dataFile).getValue("AppNameDemo", row): null

2022-05-16 11:39:38 - [TEST_STEP][PASSED] - appID = findTestData(dataFile).getValue("AppIDDemo", row): null

2022-05-16 11:39:38 - [TEST_STEP][PASSED] - break: null

2022-05-16 11:39:38 - [TEST_STEP][PASSED] - if (ExecuteTC.equalsIgnoreCase("Y")): null

2022-05-16 11:39:38 - [TEST_STEP][PASSED] - out.println("Begin Record Number: " + row): null

2022-05-16 11:39:38 - [TEST_STEP][PASSED] - today = new java.util.Date(): null

2022-05-16 11:39:38 - [TEST_STEP][PASSED] - println(today): null

2022-05-16 11:39:38 - [TEST_STEP][PASSED] - datText = today: null

2022-05-16 11:39:38 - [TEST_STEP][PASSED] - adminSuiteBootstrap.loginFunctionality.login_AdminSuite(): adminSuiteBootstrap.loginFunctionality.login_AdminSuite is PASSED

2022-05-16 11:39:38 - [MESSAGE][INFO] - Starting 'Chrome' driver

2022-05-16 11:39:38 - [MESSAGE][INFO] - User set preference: ['acceptInsecureCerts', 'true']

2022-05-16 11:39:38 - [MESSAGE][INFO] - Action delay is set to 0 milliseconds

2022-05-16 11:39:42 - [MESSAGE][PASSED] - Browser is opened with url: 'https://demo.velocitypayment.com/admin/imtiazdemo'

2022-05-16 11:39:42 - [MESSAGE][PASSED] - Current window maximized

2022-05-16 11:39:43 - [MESSAGE][PASSED] - Object 'Object Repository/Login_Page/Login_Username' is present

2022-05-16 11:39:44 - [MESSAGE][PASSED] - Text 'iahmed' is set on object 'Object Repository/Login_Page/Login_Username'

2022-05-16 11:39:44 - [MESSAGE][PASSED] - Text 'hello2222' is set on object 'Object Repository/Login_Page/Login_Password'

2022-05-16 11:39:49 - [MESSAGE][PASSED] - Object: 'Object Repository/Login_Page/Login_Submit' is clicked on

2022-05-16 11:39:49 - [MESSAGE][PASSED] - adminSuiteBootstrap.loginFunctionality.login_AdminSuite is PASSED

2022-05-16 11:39:49 - [TEST_STEP][PASSED] - click(findTestObject(path_Dashboard + appName)): Object: 'Object Repository/AdminSuiteBootstrap_Pages/Dashboard_Bootstrap/a_Access AutoSingleCFtpDemo' is clicked on

2022-05-16 11:39:51 - [MESSAGE][PASSED] - Object: 'Object Repository/AdminSuiteBootstrap_Pages/Dashboard_Bootstrap/a_Access AutoSingleCFtpDemo' is clicked on

2022-05-16 11:39:51 - [TEST_STEP][PASSED] - click(findTestObject(path_VT + "a_Find Profile")): Object: 'Object Repository/AdminSuiteBootstrap_Pages/VT_Bootstrap/IssueTransactions/a_Find Profile' is clicked on

2022-05-16 11:39:52 - [MESSAGE][PASSED] - Object: 'Object Repository/AdminSuiteBootstrap_Pages/VT_Bootstrap/IssueTransactions/a_Find Profile' is clicked on

2022-05-16 11:39:52 - [TEST_STEP][PASSED] - criteria = <not implemented yet for class: org.codehaus.groovy.ast.expr.EmptyExpression>: null

2022-05-16 11:39:52 - [TEST_STEP][PASSED] - searchBy = <not implemented yet for class: org.codehaus.groovy.ast.expr.EmptyExpression>: null

2022-05-16 11:39:52 - [TEST_STEP][PASSED] - criteria = findTestData(dataFile).getValue("ProfileName", row): null

2022-05-16 11:39:52 - [TEST_STEP][PASSED] - path_SearchProfile = "Object Repository/AdminSuiteBootstrap_Pages/VSP_Bootstrap/SearchProfile/": null

2022-05-16 11:39:52 - [TEST_STEP][PASSED] - setText(findTestObject(path_SearchProfile + "input_Criteria"), criteria): Text 'PaymentsDI' is set on object 'Object Repository/AdminSuiteBootstrap_Pages/VSP_Bootstrap/SearchProfile/input_Criteria'

2022-05-16 11:39:53 - [MESSAGE][PASSED] - Text 'PaymentsDI' is set on object 'Object Repository/AdminSuiteBootstrap_Pages/VSP_Bootstrap/SearchProfile/input_Criteria'

2022-05-16 11:39:53 - [TEST_STEP][PASSED] - click(findTestObject(path_SearchProfile + "button_Search")): Object: 'Object Repository/AdminSuiteBootstrap_Pages/VSP_Bootstrap/SearchProfile/button_Search' is clicked on

2022-05-16 11:39:56 - [MESSAGE][PASSED] - Object: 'Object Repository/AdminSuiteBootstrap_Pages/VSP_Bootstrap/SearchProfile/button_Search' is clicked on

2022-05-16 11:39:56 - [TEST_STEP][PASSED] - profNameLink = findTestData(dataFile).getValue("ProfileNameLink", row): null

2022-05-16 11:39:56 - [TEST_STEP][PASSED] - click(findTestObject(path_ViewProfile + profNameLink)): Object: 'Object Repository/AdminSuiteBootstrap_Pages/VSP_Bootstrap/View Profile/a_PaymentsDI' is clicked on

2022-05-16 11:39:59 - [MESSAGE][PASSED] - Object: 'Object Repository/AdminSuiteBootstrap_Pages/VSP_Bootstrap/View Profile/a_PaymentsDI' is clicked on

2022-05-16 11:39:59 - [TEST_STEP][PASSED] - click(findTestObject(path_ViewProfile + "a_AuthCap")): Object: 'Object Repository/AdminSuiteBootstrap_Pages/VSP_Bootstrap/View Profile/a_AuthCap' is clicked on

2022-05-16 11:40:03 - [MESSAGE][PASSED] - Object: 'Object Repository/AdminSuiteBootstrap_Pages/VSP_Bootstrap/View Profile/a_AuthCap' is clicked on

2022-05-16 11:40:03 - [TEST_STEP][PASSED] - verifyTextPresent("Credit Card Authorization Capture", true): Text 'Credit Card Authorization Capture' is present on page  using regular expression

2022-05-16 11:40:05 - [MESSAGE][PASSED] - Text 'Credit Card Authorization Capture' is present on page  using regular expression

2022-05-16 11:40:05 - [TEST_STEP][PASSED] - verifyTextPresent("Sale", true): Text 'Sale' is present on page  using regular expression

2022-05-16 11:40:06 - [MESSAGE][PASSED] - Text 'Sale' is present on page  using regular expression

2022-05-16 11:40:06 - [TEST_STEP][PASSED] - verifyTextPresent("Required fields are highlighted with an asterisk", true): Text 'Required fields are highlighted with an asterisk' is present on page  using regular expression

2022-05-16 11:40:06 - [MESSAGE][PASSED] - Text 'Required fields are highlighted with an asterisk' is present on page  using regular expression

2022-05-16 11:40:06 - [TEST_STEP][PASSED] - verifyTextPresent("Remittance ID", true): Text 'Remittance ID' is present on page  using regular expression

2022-05-16 11:40:06 - [MESSAGE][PASSED] - Text 'Remittance ID' is present on page  using regular expression

2022-05-16 11:40:06 - [TEST_STEP][PASSED] - vspBootstrap.SalePage.setDataSaleAndAuth(row, dataFile): vspBootstrap.SalePage.setDataSaleAndAuth is PASSED

2022-05-16 11:40:08 - [MESSAGE][PASSED] - All options with value 'RETL' are selected in object 'Object Repository/AdminSuiteBootstrap_Pages/VSP_Bootstrap/VSP_Authcap/select_TransactionCategory'  using regular expression

2022-05-16 11:40:09 - [MESSAGE][PASSED] - Text '123' is set on object 'Object Repository/AdminSuiteBootstrap_Pages/VSP_Bootstrap/VSP_Authcap/input_cvv'

2022-05-16 11:40:09 - [MESSAGE][PASSED] - Text '' is set on object 'Object Repository/AdminSuiteBootstrap_Pages/VSP_Bootstrap/VSP_Authcap/input_smsNumber'

2022-05-16 11:40:10 - [MESSAGE][PASSED] - Text '2.50' is set on object 'Object Repository/AdminSuiteBootstrap_Pages/VSP_Bootstrap/VSP_Authcap/input_amount'

2022-05-16 11:40:15 - [MESSAGE][PASSED] - Text 'Delhi' is set on object 'Object Repository/AdminSuiteBootstrap_Pages/VSP_Bootstrap/VSP_Authcap/input_userDefined1'

2022-05-16 11:40:16 - [MESSAGE][PASSED] - Text 'Chennai' is set on object 'Object Repository/AdminSuiteBootstrap_Pages/VSP_Bootstrap/VSP_Authcap/input_userDefined2'

2022-05-16 11:40:17 - [MESSAGE][PASSED] - Text 'Mumbai' is set on object 'Object Repository/AdminSuiteBootstrap_Pages/VSP_Bootstrap/VSP_Authcap/input_userDefined3'

2022-05-16 11:40:17 - [MESSAGE][PASSED] - Text 'Kanpur' is set on object 'Object Repository/AdminSuiteBootstrap_Pages/VSP_Bootstrap/VSP_Authcap/input_userDefined4'

2022-05-16 11:40:18 - [MESSAGE][PASSED] - All options with label 'Orange' are selected in object 'Object Repository/AdminSuiteBootstrap_Pages/VSP_Bootstrap/VSP_Authcap/select_UDF5'  using regular expression

2022-05-16 11:40:19 - [MESSAGE][PASSED] - All options with label 'Yellow' are selected in object 'Object Repository/AdminSuiteBootstrap_Pages/VSP_Bootstrap/VSP_Authcap/select_UDF6'  using regular expression

2022-05-16 11:40:20 - [MESSAGE][PASSED] - Text 'Kolkata' is set on object 'Object Repository/AdminSuiteBootstrap_Pages/VSP_Bootstrap/VSP_Authcap/input_userDefined7'

2022-05-16 11:40:21 - [MESSAGE][PASSED] - Text 'Pune' is set on object 'Object Repository/AdminSuiteBootstrap_Pages/VSP_Bootstrap/VSP_Authcap/input_userDefined8'

2022-05-16 11:40:21 - [MESSAGE][PASSED] - Text 'Bhavnagar' is set on object 'Object Repository/AdminSuiteBootstrap_Pages/VSP_Bootstrap/VSP_Authcap/input_userDefined9'

2022-05-16 11:40:22 - [MESSAGE][PASSED] - Text 'Noida' is set on object 'Object Repository/AdminSuiteBootstrap_Pages/VSP_Bootstrap/VSP_Authcap/input_userDefined10'

2022-05-16 11:40:27 - [MESSAGE][PASSED] - Object: 'Object Repository/AdminSuiteBootstrap_Pages/VSP_Bootstrap/VSP_Authcap/button_Submit' is clicked on

2022-05-16 11:40:27 - [MESSAGE][PASSED] - vspBootstrap.SalePage.setDataSaleAndAuth is PASSED

2022-05-16 11:40:27 - [TEST_STEP][PASSED] - verifyTextPresent("Transaction Successful", true): Text 'Transaction Successful' is present on page  using regular expression

2022-05-16 11:40:27 - [MESSAGE][PASSED] - Text 'Transaction Successful' is present on page  using regular expression

2022-05-16 11:40:27 - [TEST_STEP][PASSED] - verifyElementVisible(findTestObject("Object Repository/AdminSuiteBootstrap_Pages/VT_Bootstrap/Receipt/button_Continue")): Object 'Object Repository/AdminSuiteBootstrap_Pages/VT_Bootstrap/Receipt/button_Continue' is visible

2022-05-16 11:40:28 - [MESSAGE][PASSED] - Object 'Object Repository/AdminSuiteBootstrap_Pages/VT_Bootstrap/Receipt/button_Continue' is visible

2022-05-16 11:40:28 - [TEST_STEP][PASSED] - verifyElementPresent(findTestObject("Object Repository/AdminSuiteBootstrap_Pages/VT_Bootstrap/Receipt/button_Continue"), 20): Object 'Object Repository/AdminSuiteBootstrap_Pages/VT_Bootstrap/Receipt/button_Continue' is present

2022-05-16 11:40:28 - [MESSAGE][PASSED] - Object 'Object Repository/AdminSuiteBootstrap_Pages/VT_Bootstrap/Receipt/button_Continue' is present

2022-05-16 11:40:28 - [TEST_STEP][PASSED] - verifyElementVisible(findTestObject("Object Repository/AdminSuiteBootstrap_Pages/VT_Bootstrap/Receipt/button_Print")): Object 'Object Repository/AdminSuiteBootstrap_Pages/VT_Bootstrap/Receipt/button_Print' is visible

2022-05-16 11:40:28 - [MESSAGE][PASSED] - Object 'Object Repository/AdminSuiteBootstrap_Pages/VT_Bootstrap/Receipt/button_Print' is visible

2022-05-16 11:40:28 - [TEST_STEP][PASSED] - verifyElementPresent(findTestObject("Object Repository/AdminSuiteBootstrap_Pages/VT_Bootstrap/Receipt/button_Print"), 20): Object 'Object Repository/AdminSuiteBootstrap_Pages/VT_Bootstrap/Receipt/button_Print' is present

2022-05-16 11:40:29 - [MESSAGE][PASSED] - Object 'Object Repository/AdminSuiteBootstrap_Pages/VT_Bootstrap/Receipt/button_Print' is present

2022-05-16 11:40:29 - [TEST_STEP][PASSED] - verifyTextPresent("Remittance ID", true): Text 'Remittance ID' is present on page  using regular expression

2022-05-16 11:40:29 - [MESSAGE][PASSED] - Text 'Remittance ID' is present on page  using regular expression

2022-05-16 11:40:29 - [TEST_STEP][PASSED] - verifyTextPresent("Received", true): Text 'Received' is present on page  using regular expression

2022-05-16 11:40:29 - [MESSAGE][PASSED] - Text 'Received' is present on page  using regular expression

2022-05-16 11:40:29 - [TEST_STEP][PASSED] - verifyTextPresent("UDF1", true): Text 'UDF1' is present on page  using regular expression

2022-05-16 11:40:30 - [MESSAGE][PASSED] - Text 'UDF1' is present on page  using regular expression

2022-05-16 11:40:30 - [TEST_STEP][PASSED] - verifyTextPresent("UDF2", true): Text 'UDF2' is present on page  using regular expression

2022-05-16 11:40:30 - [MESSAGE][PASSED] - Text 'UDF2' is present on page  using regular expression

2022-05-16 11:40:30 - [TEST_STEP][PASSED] - verifyTextPresent("UDF3", true): Text 'UDF3' is present on page  using regular expression

2022-05-16 11:40:30 - [MESSAGE][PASSED] - Text 'UDF3' is present on page  using regular expression

2022-05-16 11:40:30 - [TEST_STEP][PASSED] - verifyTextPresent("UDF4", true): Text 'UDF4' is present on page  using regular expression

2022-05-16 11:40:31 - [MESSAGE][PASSED] - Text 'UDF4' is present on page  using regular expression

2022-05-16 11:40:31 - [TEST_STEP][PASSED] - verifyTextPresent("UDF5", true): Text 'UDF5' is present on page  using regular expression

2022-05-16 11:40:31 - [MESSAGE][PASSED] - Text 'UDF5' is present on page  using regular expression

2022-05-16 11:40:31 - [TEST_STEP][PASSED] - verifyTextPresent("UDF6", true): Text 'UDF6' is present on page  using regular expression

2022-05-16 11:40:31 - [MESSAGE][PASSED] - Text 'UDF6' is present on page  using regular expression

2022-05-16 11:40:31 - [TEST_STEP][PASSED] - verifyTextPresent("UDF7", true): Text 'UDF7' is present on page  using regular expression

2022-05-16 11:40:32 - [MESSAGE][PASSED] - Text 'UDF7' is present on page  using regular expression

2022-05-16 11:40:32 - [TEST_STEP][PASSED] - verifyTextPresent("UDF8", true): Text 'UDF8' is present on page  using regular expression

2022-05-16 11:40:32 - [MESSAGE][PASSED] - Text 'UDF8' is present on page  using regular expression

2022-05-16 11:40:32 - [TEST_STEP][PASSED] - verifyTextPresent("UDF9", true): Text 'UDF9' is present on page  using regular expression

2022-05-16 11:40:32 - [MESSAGE][PASSED] - Text 'UDF9' is present on page  using regular expression

2022-05-16 11:40:32 - [TEST_STEP][PASSED] - verifyTextPresent("UDF 10", true): Text 'UDF 10' is present on page  using regular expression

2022-05-16 11:40:33 - [MESSAGE][PASSED] - Text 'UDF 10' is present on page  using regular expression

2022-05-16 11:40:33 - [TEST_STEP][PASSED] - verifyTextPresent("Delhi", true): Text 'Delhi' is present on page  using regular expression

2022-05-16 11:40:33 - [MESSAGE][PASSED] - Text 'Delhi' is present on page  using regular expression

2022-05-16 11:40:33 - [TEST_STEP][PASSED] - verifyTextPresent("Chennai", true): Text 'Chennai' is present on page  using regular expression

2022-05-16 11:40:33 - [MESSAGE][PASSED] - Text 'Chennai' is present on page  using regular expression

2022-05-16 11:40:33 - [TEST_STEP][PASSED] - verifyTextPresent("Mumbai", true): Text 'Mumbai' is present on page  using regular expression

2022-05-16 11:40:33 - [MESSAGE][PASSED] - Text 'Mumbai' is present on page  using regular expression

2022-05-16 11:40:33 - [TEST_STEP][PASSED] - verifyTextPresent("Kanpur", true): Text 'Kanpur' is present on page  using regular expression

2022-05-16 11:40:34 - [MESSAGE][PASSED] - Text 'Kanpur' is present on page  using regular expression

2022-05-16 11:40:34 - [TEST_STEP][PASSED] - verifyTextPresent("Orange Recorded", true): Text 'Orange Recorded' is present on page  using regular expression

2022-05-16 11:40:34 - [MESSAGE][PASSED] - Text 'Orange Recorded' is present on page  using regular expression

2022-05-16 11:40:34 - [TEST_STEP][PASSED] - verifyTextPresent("Yellow Recorded", true): Text 'Yellow Recorded' is present on page  using regular expression

2022-05-16 11:40:34 - [MESSAGE][PASSED] - Text 'Yellow Recorded' is present on page  using regular expression

2022-05-16 11:40:34 - [TEST_STEP][PASSED] - verifyTextPresent("Kolkata", true): Text 'Kolkata' is present on page  using regular expression

2022-05-16 11:40:35 - [MESSAGE][PASSED] - Text 'Kolkata' is present on page  using regular expression

2022-05-16 11:40:35 - [TEST_STEP][PASSED] - verifyTextPresent("Pune", true): Text 'Pune' is present on page  using regular expression

2022-05-16 11:40:35 - [MESSAGE][PASSED] - Text 'Pune' is present on page  using regular expression

2022-05-16 11:40:35 - [TEST_STEP][PASSED] - verifyTextPresent("Bhavnagar", true): Text 'Bhavnagar' is present on page  using regular expression

2022-05-16 11:40:35 - [MESSAGE][PASSED] - Text 'Bhavnagar' is present on page  using regular expression

2022-05-16 11:40:35 - [TEST_STEP][PASSED] - verifyTextPresent("Noida", true): Text 'Noida' is present on page  using regular expression

2022-05-16 11:40:36 - [MESSAGE][PASSED] - Text 'Noida' is present on page  using regular expression

2022-05-16 11:40:36 - [TEST_STEP][PASSED] - verifyTextPresent("Amount", true): Text 'Amount' is present on page  using regular expression

2022-05-16 11:40:36 - [MESSAGE][PASSED] - Text 'Amount' is present on page  using regular expression

2022-05-16 11:40:36 - [TEST_STEP][PASSED] - verifyTextPresent("2.50", true): Text '2.50' is present on page  using regular expression

2022-05-16 11:40:36 - [MESSAGE][PASSED] - Text '2.50' is present on page  using regular expression

2022-05-16 11:40:36 - [TEST_STEP][PASSED] - verifyTextPresent("Authorization and Capture", true): Text 'Authorization and Capture' is present on page  using regular expression

2022-05-16 11:40:37 - [MESSAGE][PASSED] - Text 'Authorization and Capture' is present on page  using regular expression

2022-05-16 11:40:37 - [TEST_STEP][PASSED] - verifyTextPresent("Card Information", true): Text 'Card Information' is present on page  using regular expression

2022-05-16 11:40:37 - [MESSAGE][PASSED] - Text 'Card Information' is present on page  using regular expression

2022-05-16 11:40:37 - [TEST_STEP][PASSED] - verifyTextPresent("TANDON RAVENA", true): Text 'TANDON RAVENA' is present on page  using regular expression

2022-05-16 11:40:37 - [MESSAGE][PASSED] - Text 'TANDON RAVENA' is present on page  using regular expression

2022-05-16 11:40:37 - [TEST_STEP][PASSED] - verifyTextPresent("Address Line 1", true): Text 'Address Line 1' is present on page  using regular expression

2022-05-16 11:40:38 - [MESSAGE][PASSED] - Text 'Address Line 1' is present on page  using regular expression

2022-05-16 11:40:38 - [TEST_STEP][PASSED] - verifyTextPresent("Address Line 2", true): Text 'Address Line 2' is present on page  using regular expression

2022-05-16 11:40:38 - [MESSAGE][PASSED] - Text 'Address Line 2' is present on page  using regular expression

2022-05-16 11:40:38 - [TEST_STEP][PASSED] - verifyTextPresent("Country", true): Text 'Country' is present on page  using regular expression

2022-05-16 11:40:38 - [MESSAGE][PASSED] - Text 'Country' is present on page  using regular expression

2022-05-16 11:40:38 - [TEST_STEP][PASSED] - verifyTextPresent("City", true): Text 'City' is present on page  using regular expression

2022-05-16 11:40:39 - [MESSAGE][PASSED] - Text 'City' is present on page  using regular expression

2022-05-16 11:40:39 - [TEST_STEP][PASSED] - verifyTextPresent("State", true): Text 'State' is present on page  using regular expression

2022-05-16 11:40:39 - [MESSAGE][PASSED] - Text 'State' is present on page  using regular expression

2022-05-16 11:40:39 - [TEST_STEP][PASSED] - verifyTextPresent("ZIP Code", true): Text 'ZIP Code' is present on page  using regular expression

2022-05-16 11:40:39 - [MESSAGE][PASSED] - Text 'ZIP Code' is present on page  using regular expression

2022-05-16 11:40:39 - [TEST_STEP][PASSED] - verifyTextPresent("248 PhoolKaante road", true): Text '248 PhoolKaante road' is present on page  using regular expression

2022-05-16 11:40:40 - [MESSAGE][PASSED] - Text '248 PhoolKaante road' is present on page  using regular expression

2022-05-16 11:40:40 - [TEST_STEP][PASSED] - verifyTextPresent("Suite 678", true): Text 'Suite 678' is present on page  using regular expression

2022-05-16 11:40:40 - [MESSAGE][PASSED] - Text 'Suite 678' is present on page  using regular expression

2022-05-16 11:40:40 - [TEST_STEP][PASSED] - verifyTextPresent("United States", true): Text 'United States' is present on page  using regular expression

2022-05-16 11:40:40 - [MESSAGE][PASSED] - Text 'United States' is present on page  using regular expression

2022-05-16 11:40:40 - [TEST_STEP][PASSED] - verifyTextPresent("ARLINGTON", true): Text 'ARLINGTON' is present on page  using regular expression

2022-05-16 11:40:41 - [MESSAGE][PASSED] - Text 'ARLINGTON' is present on page  using regular expression

2022-05-16 11:40:41 - [TEST_STEP][PASSED] - verifyTextPresent("VA", true): Text 'VA' is present on page  using regular expression

2022-05-16 11:40:41 - [MESSAGE][PASSED] - Text 'VA' is present on page  using regular expression

2022-05-16 11:40:41 - [TEST_STEP][PASSED] - verifyTextPresent("22201", true): Text '22201' is present on page  using regular expression

2022-05-16 11:40:41 - [MESSAGE][PASSED] - Text '22201' is present on page  using regular expression

2022-05-16 11:40:41 - [TEST_STEP][PASSED] - cardTypeV = findTestData(dataFile).getValue("CardType", row): null

2022-05-16 11:40:41 - [TEST_STEP][PASSED] - last4V = findTestData(dataFile).getValue("Last4", row): null

2022-05-16 11:40:41 - [TEST_STEP][PASSED] - verifyTextPresent(cardTypeV, true): Text 'Discover' is present on page  using regular expression

2022-05-16 11:40:42 - [MESSAGE][PASSED] - Text 'Discover' is present on page  using regular expression

2022-05-16 11:40:42 - [TEST_STEP][PASSED] - verifyTextPresent(last4V, true): Text '6909' is present on page  using regular expression

2022-05-16 11:40:42 - [MESSAGE][PASSED] - Text '6909' is present on page  using regular expression

2022-05-16 11:40:42 - [TEST_STEP][PASSED] - switch (appName): null

2022-05-16 11:40:42 - [TEST_STEP][PASSED] - case "a_Access AutoSingleCFtpDemo":: null

2022-05-16 11:40:42 - [TEST_STEP][PASSED] - verifyTextPresent("5.00", true): Text '5.00' is present on page  using regular expression

2022-05-16 11:40:42 - [MESSAGE][PASSED] - Text '5.00' is present on page  using regular expression

2022-05-16 11:40:42 - [TEST_STEP][PASSED] - verifyTextPresent("Single Transaction", true): Text 'Single Transaction' is present on page  using regular expression

2022-05-16 11:40:43 - [MESSAGE][PASSED] - Text 'Single Transaction' is present on page  using regular expression

2022-05-16 11:40:43 - [TEST_STEP][PASSED] - verifyTextPresent("7.50", true): Text '7.50' is present on page  using regular expression

2022-05-16 11:40:43 - [MESSAGE][PASSED] - Text '7.50' is present on page  using regular expression

2022-05-16 11:40:43 - [TEST_STEP][PASSED] - verifyTextPresent("Total Amount", true): Text 'Total Amount' is present on page  using regular expression

2022-05-16 11:40:43 - [MESSAGE][PASSED] - Text 'Total Amount' is present on page  using regular expression

2022-05-16 11:40:43 - [TEST_STEP][PASSED] - verifyTextPresent("Transaction Type", true): Text 'Transaction Type' is present on page  using regular expression

2022-05-16 11:40:44 - [MESSAGE][PASSED] - Text 'Transaction Type' is present on page  using regular expression

2022-05-16 11:40:44 - [TEST_STEP][PASSED] - break: null

2022-05-16 11:40:44 - [TEST_STEP][PASSED] - closeBrowser(): Browser is closed

2022-05-16 11:40:45 - [MESSAGE][PASSED] - Browser is closed

2022-05-16 11:40:45 - [TEST_STEP][PASSED] - ExecuteTC = findTestData(dataFile).getValue("Execute", row): null

2022-05-16 11:40:45 - [TEST_STEP][PASSED] - out.println("Value of Execute is : " + ExecuteTC): null

2022-05-16 11:40:45 - [TEST_STEP][PASSED] - switch (executionProfile): null

2022-05-16 11:40:45 - [TEST_STEP][PASSED] - case "DemoProfile":: null

2022-05-16 11:40:45 - [TEST_STEP][PASSED] - appName = findTestData(dataFile).getValue("AppNameDemo", row): null

2022-05-16 11:40:45 - [TEST_STEP][PASSED] - appID = findTestData(dataFile).getValue("AppIDDemo", row): null

2022-05-16 11:40:45 - [TEST_STEP][PASSED] - break: null

2022-05-16 11:40:45 - [TEST_STEP][PASSED] - if (ExecuteTC.equalsIgnoreCase("Y")): null

2022-05-16 11:40:45 - [TEST_STEP][PASSED] - out.println("Begin Record Number: " + row): null

2022-05-16 11:40:45 - [TEST_STEP][PASSED] - today = new java.util.Date(): null

2022-05-16 11:40:45 - [TEST_STEP][PASSED] - println(today): null

2022-05-16 11:40:45 - [TEST_STEP][PASSED] - datText = today: null

2022-05-16 11:40:45 - [TEST_STEP][PASSED] - adminSuiteBootstrap.loginFunctionality.login_AdminSuite(): adminSuiteBootstrap.loginFunctionality.login_AdminSuite is PASSED

2022-05-16 11:40:45 - [MESSAGE][INFO] - Starting 'Chrome' driver

2022-05-16 11:40:45 - [MESSAGE][INFO] - User set preference: ['acceptInsecureCerts', 'true']

2022-05-16 11:40:45 - [MESSAGE][INFO] - Action delay is set to 0 milliseconds

2022-05-16 11:40:47 - [MESSAGE][PASSED] - Browser is opened with url: 'https://demo.velocitypayment.com/admin/imtiazdemo'

2022-05-16 11:40:47 - [MESSAGE][PASSED] - Current window maximized

2022-05-16 11:40:47 - [MESSAGE][PASSED] - Object 'Object Repository/Login_Page/Login_Username' is present

2022-05-16 11:40:48 - [MESSAGE][PASSED] - Text 'iahmed' is set on object 'Object Repository/Login_Page/Login_Username'

2022-05-16 11:40:49 - [MESSAGE][PASSED] - Text 'hello2222' is set on object 'Object Repository/Login_Page/Login_Password'

2022-05-16 11:40:52 - [MESSAGE][PASSED] - Object: 'Object Repository/Login_Page/Login_Submit' is clicked on

2022-05-16 11:40:52 - [MESSAGE][PASSED] - adminSuiteBootstrap.loginFunctionality.login_AdminSuite is PASSED

2022-05-16 11:40:52 - [TEST_STEP][PASSED] - click(findTestObject(path_Dashboard + appName)): Object: 'Object Repository/AdminSuiteBootstrap_Pages/Dashboard_Bootstrap/a_Access AutoDualCFtpDemo' is clicked on

2022-05-16 11:40:54 - [MESSAGE][PASSED] - Object: 'Object Repository/AdminSuiteBootstrap_Pages/Dashboard_Bootstrap/a_Access AutoDualCFtpDemo' is clicked on

2022-05-16 11:40:54 - [TEST_STEP][PASSED] - click(findTestObject(path_VT + "a_Find Profile")): Object: 'Object Repository/AdminSuiteBootstrap_Pages/VT_Bootstrap/IssueTransactions/a_Find Profile' is clicked on

2022-05-16 11:40:54 - [MESSAGE][PASSED] - Object: 'Object Repository/AdminSuiteBootstrap_Pages/VT_Bootstrap/IssueTransactions/a_Find Profile' is clicked on

2022-05-16 11:40:54 - [TEST_STEP][PASSED] - criteria = <not implemented yet for class: org.codehaus.groovy.ast.expr.EmptyExpression>: null

2022-05-16 11:40:54 - [TEST_STEP][PASSED] - searchBy = <not implemented yet for class: org.codehaus.groovy.ast.expr.EmptyExpression>: null

2022-05-16 11:40:54 - [TEST_STEP][PASSED] - criteria = findTestData(dataFile).getValue("ProfileName", row): null

2022-05-16 11:40:54 - [TEST_STEP][PASSED] - path_SearchProfile = "Object Repository/AdminSuiteBootstrap_Pages/VSP_Bootstrap/SearchProfile/": null

2022-05-16 11:40:54 - [TEST_STEP][PASSED] - setText(findTestObject(path_SearchProfile + "input_Criteria"), criteria): Text 'PaymentsVisa' is set on object 'Object Repository/AdminSuiteBootstrap_Pages/VSP_Bootstrap/SearchProfile/input_Criteria'

2022-05-16 11:40:55 - [MESSAGE][PASSED] - Text 'PaymentsVisa' is set on object 'Object Repository/AdminSuiteBootstrap_Pages/VSP_Bootstrap/SearchProfile/input_Criteria'

2022-05-16 11:40:55 - [TEST_STEP][PASSED] - click(findTestObject(path_SearchProfile + "button_Search")): Object: 'Object Repository/AdminSuiteBootstrap_Pages/VSP_Bootstrap/SearchProfile/button_Search' is clicked on

2022-05-16 11:40:58 - [MESSAGE][PASSED] - Object: 'Object Repository/AdminSuiteBootstrap_Pages/VSP_Bootstrap/SearchProfile/button_Search' is clicked on

2022-05-16 11:40:58 - [TEST_STEP][PASSED] - profNameLink = findTestData(dataFile).getValue("ProfileNameLink", row): null

2022-05-16 11:40:58 - [TEST_STEP][PASSED] - click(findTestObject(path_ViewProfile + profNameLink)): Object: 'Object Repository/AdminSuiteBootstrap_Pages/VSP_Bootstrap/View Profile/a_PaymentsVisa' is clicked on

2022-05-16 11:41:00 - [MESSAGE][PASSED] - Object: 'Object Repository/AdminSuiteBootstrap_Pages/VSP_Bootstrap/View Profile/a_PaymentsVisa' is clicked on

2022-05-16 11:41:00 - [TEST_STEP][PASSED] - click(findTestObject(path_ViewProfile + "a_AuthCap")): Object: 'Object Repository/AdminSuiteBootstrap_Pages/VSP_Bootstrap/View Profile/a_AuthCap' is clicked on

2022-05-16 11:41:03 - [MESSAGE][PASSED] - Object: 'Object Repository/AdminSuiteBootstrap_Pages/VSP_Bootstrap/View Profile/a_AuthCap' is clicked on

2022-05-16 11:41:03 - [TEST_STEP][PASSED] - verifyTextPresent("Credit Card Authorization Capture", true): Text 'Credit Card Authorization Capture' is present on page  using regular expression

2022-05-16 11:41:05 - [MESSAGE][PASSED] - Text 'Credit Card Authorization Capture' is present on page  using regular expression

2022-05-16 11:41:05 - [TEST_STEP][PASSED] - verifyTextPresent("Sale", true): Text 'Sale' is present on page  using regular expression

2022-05-16 11:41:06 - [MESSAGE][PASSED] - Text 'Sale' is present on page  using regular expression

2022-05-16 11:41:06 - [TEST_STEP][PASSED] - verifyTextPresent("Required fields are highlighted with an asterisk", true): Text 'Required fields are highlighted with an asterisk' is present on page  using regular expression

2022-05-16 11:41:06 - [MESSAGE][PASSED] - Text 'Required fields are highlighted with an asterisk' is present on page  using regular expression

2022-05-16 11:41:06 - [TEST_STEP][PASSED] - verifyTextPresent("Remittance ID", true): Text 'Remittance ID' is present on page  using regular expression

2022-05-16 11:41:06 - [MESSAGE][PASSED] - Text 'Remittance ID' is present on page  using regular expression

2022-05-16 11:41:06 - [TEST_STEP][PASSED] - vspBootstrap.SalePage.setDataSaleAndAuth(row, dataFile): vspBootstrap.SalePage.setDataSaleAndAuth is PASSED

2022-05-16 11:41:08 - [MESSAGE][PASSED] - All options with value 'MOTO' are selected in object 'Object Repository/AdminSuiteBootstrap_Pages/VSP_Bootstrap/VSP_Authcap/select_TransactionCategory'  using regular expression

2022-05-16 11:41:09 - [MESSAGE][PASSED] - Text '123' is set on object 'Object Repository/AdminSuiteBootstrap_Pages/VSP_Bootstrap/VSP_Authcap/input_cvv'

2022-05-16 11:41:09 - [MESSAGE][PASSED] - Text '' is set on object 'Object Repository/AdminSuiteBootstrap_Pages/VSP_Bootstrap/VSP_Authcap/input_smsNumber'

2022-05-16 11:41:10 - [MESSAGE][PASSED] - Text '2.50' is set on object 'Object Repository/AdminSuiteBootstrap_Pages/VSP_Bootstrap/VSP_Authcap/input_amount'

2022-05-16 11:41:14 - [MESSAGE][PASSED] - Text 'Delhi' is set on object 'Object Repository/AdminSuiteBootstrap_Pages/VSP_Bootstrap/VSP_Authcap/input_userDefined1'

2022-05-16 11:41:15 - [MESSAGE][PASSED] - Text 'Chennai' is set on object 'Object Repository/AdminSuiteBootstrap_Pages/VSP_Bootstrap/VSP_Authcap/input_userDefined2'

2022-05-16 11:41:15 - [MESSAGE][PASSED] - Text 'Mumbai' is set on object 'Object Repository/AdminSuiteBootstrap_Pages/VSP_Bootstrap/VSP_Authcap/input_userDefined3'

2022-05-16 11:41:16 - [MESSAGE][PASSED] - Text 'Kanpur' is set on object 'Object Repository/AdminSuiteBootstrap_Pages/VSP_Bootstrap/VSP_Authcap/input_userDefined4'

2022-05-16 11:41:17 - [MESSAGE][PASSED] - All options with label 'Orange' are selected in object 'Object Repository/AdminSuiteBootstrap_Pages/VSP_Bootstrap/VSP_Authcap/select_UDF5'  using regular expression

2022-05-16 11:41:18 - [MESSAGE][PASSED] - All options with label 'Yellow' are selected in object 'Object Repository/AdminSuiteBootstrap_Pages/VSP_Bootstrap/VSP_Authcap/select_UDF6'  using regular expression

2022-05-16 11:41:19 - [MESSAGE][PASSED] - Text 'Kolkata' is set on object 'Object Repository/AdminSuiteBootstrap_Pages/VSP_Bootstrap/VSP_Authcap/input_userDefined7'

2022-05-16 11:41:19 - [MESSAGE][PASSED] - Text 'Pune' is set on object 'Object Repository/AdminSuiteBootstrap_Pages/VSP_Bootstrap/VSP_Authcap/input_userDefined8'

2022-05-16 11:41:20 - [MESSAGE][PASSED] - Text 'Bhavnagar' is set on object 'Object Repository/AdminSuiteBootstrap_Pages/VSP_Bootstrap/VSP_Authcap/input_userDefined9'

2022-05-16 11:41:21 - [MESSAGE][PASSED] - Text 'Noida' is set on object 'Object Repository/AdminSuiteBootstrap_Pages/VSP_Bootstrap/VSP_Authcap/input_userDefined10'

2022-05-16 11:41:25 - [MESSAGE][PASSED] - Object: 'Object Repository/AdminSuiteBootstrap_Pages/VSP_Bootstrap/VSP_Authcap/button_Submit' is clicked on

2022-05-16 11:41:25 - [MESSAGE][PASSED] - vspBootstrap.SalePage.setDataSaleAndAuth is PASSED

2022-05-16 11:41:25 - [TEST_STEP][PASSED] - verifyTextPresent("Transaction Successful", true): Text 'Transaction Successful' is present on page  using regular expression

2022-05-16 11:41:26 - [MESSAGE][PASSED] - Text 'Transaction Successful' is present on page  using regular expression

2022-05-16 11:41:26 - [TEST_STEP][PASSED] - verifyElementVisible(findTestObject("Object Repository/AdminSuiteBootstrap_Pages/VT_Bootstrap/Receipt/button_Continue")): Object 'Object Repository/AdminSuiteBootstrap_Pages/VT_Bootstrap/Receipt/button_Continue' is visible

2022-05-16 11:41:26 - [MESSAGE][PASSED] - Object 'Object Repository/AdminSuiteBootstrap_Pages/VT_Bootstrap/Receipt/button_Continue' is visible

2022-05-16 11:41:26 - [TEST_STEP][PASSED] - verifyElementPresent(findTestObject("Object Repository/AdminSuiteBootstrap_Pages/VT_Bootstrap/Receipt/button_Continue"), 20): Object 'Object Repository/AdminSuiteBootstrap_Pages/VT_Bootstrap/Receipt/button_Continue' is present

2022-05-16 11:41:27 - [MESSAGE][PASSED] - Object 'Object Repository/AdminSuiteBootstrap_Pages/VT_Bootstrap/Receipt/button_Continue' is present

2022-05-16 11:41:27 - [TEST_STEP][PASSED] - verifyElementVisible(findTestObject("Object Repository/AdminSuiteBootstrap_Pages/VT_Bootstrap/Receipt/button_Print")): Object 'Object Repository/AdminSuiteBootstrap_Pages/VT_Bootstrap/Receipt/button_Print' is visible

2022-05-16 11:41:27 - [MESSAGE][PASSED] - Object 'Object Repository/AdminSuiteBootstrap_Pages/VT_Bootstrap/Receipt/button_Print' is visible

2022-05-16 11:41:27 - [TEST_STEP][PASSED] - verifyElementPresent(findTestObject("Object Repository/AdminSuiteBootstrap_Pages/VT_Bootstrap/Receipt/button_Print"), 20): Object 'Object Repository/AdminSuiteBootstrap_Pages/VT_Bootstrap/Receipt/button_Print' is present

2022-05-16 11:41:27 - [MESSAGE][PASSED] - Object 'Object Repository/AdminSuiteBootstrap_Pages/VT_Bootstrap/Receipt/button_Print' is present

2022-05-16 11:41:27 - [TEST_STEP][PASSED] - verifyTextPresent("Remittance ID", true): Text 'Remittance ID' is present on page  using regular expression

2022-05-16 11:41:28 - [MESSAGE][PASSED] - Text 'Remittance ID' is present on page  using regular expression

2022-05-16 11:41:28 - [TEST_STEP][PASSED] - verifyTextPresent("Received", true): Text 'Received' is present on page  using regular expression

2022-05-16 11:41:28 - [MESSAGE][PASSED] - Text 'Received' is present on page  using regular expression

2022-05-16 11:41:28 - [TEST_STEP][PASSED] - verifyTextPresent("UDF1", true): Text 'UDF1' is present on page  using regular expression

2022-05-16 11:41:28 - [MESSAGE][PASSED] - Text 'UDF1' is present on page  using regular expression

2022-05-16 11:41:28 - [TEST_STEP][PASSED] - verifyTextPresent("UDF2", true): Text 'UDF2' is present on page  using regular expression

2022-05-16 11:41:29 - [MESSAGE][PASSED] - Text 'UDF2' is present on page  using regular expression

2022-05-16 11:41:29 - [TEST_STEP][PASSED] - verifyTextPresent("UDF3", true): Text 'UDF3' is present on page  using regular expression

2022-05-16 11:41:29 - [MESSAGE][PASSED] - Text 'UDF3' is present on page  using regular expression

2022-05-16 11:41:29 - [TEST_STEP][PASSED] - verifyTextPresent("UDF4", true): Text 'UDF4' is present on page  using regular expression

2022-05-16 11:41:29 - [MESSAGE][PASSED] - Text 'UDF4' is present on page  using regular expression

2022-05-16 11:41:29 - [TEST_STEP][PASSED] - verifyTextPresent("UDF5", true): Text 'UDF5' is present on page  using regular expression

2022-05-16 11:41:30 - [MESSAGE][PASSED] - Text 'UDF5' is present on page  using regular expression

2022-05-16 11:41:30 - [TEST_STEP][PASSED] - verifyTextPresent("UDF6", true): Text 'UDF6' is present on page  using regular expression

2022-05-16 11:41:30 - [MESSAGE][PASSED] - Text 'UDF6' is present on page  using regular expression

2022-05-16 11:41:30 - [TEST_STEP][PASSED] - verifyTextPresent("UDF7", true): Text 'UDF7' is present on page  using regular expression

2022-05-16 11:41:30 - [MESSAGE][PASSED] - Text 'UDF7' is present on page  using regular expression

2022-05-16 11:41:30 - [TEST_STEP][PASSED] - verifyTextPresent("UDF8", true): Text 'UDF8' is present on page  using regular expression

2022-05-16 11:41:31 - [MESSAGE][PASSED] - Text 'UDF8' is present on page  using regular expression

2022-05-16 11:41:31 - [TEST_STEP][PASSED] - verifyTextPresent("UDF9", true): Text 'UDF9' is present on page  using regular expression

2022-05-16 11:41:31 - [MESSAGE][PASSED] - Text 'UDF9' is present on page  using regular expression

2022-05-16 11:41:31 - [TEST_STEP][PASSED] - verifyTextPresent("UDF 10", true): Text 'UDF 10' is present on page  using regular expression

2022-05-16 11:41:31 - [MESSAGE][PASSED] - Text 'UDF 10' is present on page  using regular expression

2022-05-16 11:41:31 - [TEST_STEP][PASSED] - verifyTextPresent("Delhi", true): Text 'Delhi' is present on page  using regular expression

2022-05-16 11:41:32 - [MESSAGE][PASSED] - Text 'Delhi' is present on page  using regular expression

2022-05-16 11:41:32 - [TEST_STEP][PASSED] - verifyTextPresent("Chennai", true): Text 'Chennai' is present on page  using regular expression

2022-05-16 11:41:32 - [MESSAGE][PASSED] - Text 'Chennai' is present on page  using regular expression

2022-05-16 11:41:32 - [TEST_STEP][PASSED] - verifyTextPresent("Mumbai", true): Text 'Mumbai' is present on page  using regular expression

2022-05-16 11:41:32 - [MESSAGE][PASSED] - Text 'Mumbai' is present on page  using regular expression

2022-05-16 11:41:32 - [TEST_STEP][PASSED] - verifyTextPresent("Kanpur", true): Text 'Kanpur' is present on page  using regular expression

2022-05-16 11:41:33 - [MESSAGE][PASSED] - Text 'Kanpur' is present on page  using regular expression

2022-05-16 11:41:33 - [TEST_STEP][PASSED] - verifyTextPresent("Orange Recorded", true): Text 'Orange Recorded' is present on page  using regular expression

2022-05-16 11:41:33 - [MESSAGE][PASSED] - Text 'Orange Recorded' is present on page  using regular expression

2022-05-16 11:41:33 - [TEST_STEP][PASSED] - verifyTextPresent("Yellow Recorded", true): Text 'Yellow Recorded' is present on page  using regular expression

2022-05-16 11:41:33 - [MESSAGE][PASSED] - Text 'Yellow Recorded' is present on page  using regular expression

2022-05-16 11:41:33 - [TEST_STEP][PASSED] - verifyTextPresent("Kolkata", true): Text 'Kolkata' is present on page  using regular expression

2022-05-16 11:41:34 - [MESSAGE][PASSED] - Text 'Kolkata' is present on page  using regular expression

2022-05-16 11:41:34 - [TEST_STEP][PASSED] - verifyTextPresent("Pune", true): Text 'Pune' is present on page  using regular expression

2022-05-16 11:41:34 - [MESSAGE][PASSED] - Text 'Pune' is present on page  using regular expression

2022-05-16 11:41:34 - [TEST_STEP][PASSED] - verifyTextPresent("Bhavnagar", true): Text 'Bhavnagar' is present on page  using regular expression

2022-05-16 11:41:34 - [MESSAGE][PASSED] - Text 'Bhavnagar' is present on page  using regular expression

2022-05-16 11:41:34 - [TEST_STEP][PASSED] - verifyTextPresent("Noida", true): Text 'Noida' is present on page  using regular expression

2022-05-16 11:41:35 - [MESSAGE][PASSED] - Text 'Noida' is present on page  using regular expression

2022-05-16 11:41:35 - [TEST_STEP][PASSED] - verifyTextPresent("Amount", true): Text 'Amount' is present on page  using regular expression

2022-05-16 11:41:35 - [MESSAGE][PASSED] - Text 'Amount' is present on page  using regular expression

2022-05-16 11:41:35 - [TEST_STEP][PASSED] - verifyTextPresent("2.50", true): Text '2.50' is present on page  using regular expression

2022-05-16 11:41:35 - [MESSAGE][PASSED] - Text '2.50' is present on page  using regular expression

2022-05-16 11:41:35 - [TEST_STEP][PASSED] - verifyTextPresent("Authorization and Capture", true): Text 'Authorization and Capture' is present on page  using regular expression

2022-05-16 11:41:36 - [MESSAGE][PASSED] - Text 'Authorization and Capture' is present on page  using regular expression

2022-05-16 11:41:36 - [TEST_STEP][PASSED] - verifyTextPresent("Card Information", true): Text 'Card Information' is present on page  using regular expression

2022-05-16 11:41:36 - [MESSAGE][PASSED] - Text 'Card Information' is present on page  using regular expression

2022-05-16 11:41:36 - [TEST_STEP][PASSED] - verifyTextPresent("TANDON RAVENA", true): Text 'TANDON RAVENA' is present on page  using regular expression

2022-05-16 11:41:36 - [MESSAGE][PASSED] - Text 'TANDON RAVENA' is present on page  using regular expression

2022-05-16 11:41:36 - [TEST_STEP][PASSED] - verifyTextPresent("Address Line 1", true): Text 'Address Line 1' is present on page  using regular expression

2022-05-16 11:41:37 - [MESSAGE][PASSED] - Text 'Address Line 1' is present on page  using regular expression

2022-05-16 11:41:37 - [TEST_STEP][PASSED] - verifyTextPresent("Address Line 2", true): Text 'Address Line 2' is present on page  using regular expression

2022-05-16 11:41:37 - [MESSAGE][PASSED] - Text 'Address Line 2' is present on page  using regular expression

2022-05-16 11:41:37 - [TEST_STEP][PASSED] - verifyTextPresent("Country", true): Text 'Country' is present on page  using regular expression

2022-05-16 11:41:37 - [MESSAGE][PASSED] - Text 'Country' is present on page  using regular expression

2022-05-16 11:41:37 - [TEST_STEP][PASSED] - verifyTextPresent("City", true): Text 'City' is present on page  using regular expression

2022-05-16 11:41:38 - [MESSAGE][PASSED] - Text 'City' is present on page  using regular expression

2022-05-16 11:41:38 - [TEST_STEP][PASSED] - verifyTextPresent("State", true): Text 'State' is present on page  using regular expression

2022-05-16 11:41:38 - [MESSAGE][PASSED] - Text 'State' is present on page  using regular expression

2022-05-16 11:41:38 - [TEST_STEP][PASSED] - verifyTextPresent("ZIP Code", true): Text 'ZIP Code' is present on page  using regular expression

2022-05-16 11:41:38 - [MESSAGE][PASSED] - Text 'ZIP Code' is present on page  using regular expression

2022-05-16 11:41:38 - [TEST_STEP][PASSED] - verifyTextPresent("248 PhoolKaante road", true): Text '248 PhoolKaante road' is present on page  using regular expression

2022-05-16 11:41:39 - [MESSAGE][PASSED] - Text '248 PhoolKaante road' is present on page  using regular expression

2022-05-16 11:41:39 - [TEST_STEP][PASSED] - verifyTextPresent("Suite 678", true): Text 'Suite 678' is present on page  using regular expression

2022-05-16 11:41:39 - [MESSAGE][PASSED] - Text 'Suite 678' is present on page  using regular expression

2022-05-16 11:41:39 - [TEST_STEP][PASSED] - verifyTextPresent("United States", true): Text 'United States' is present on page  using regular expression

2022-05-16 11:41:40 - [MESSAGE][PASSED] - Text 'United States' is present on page  using regular expression

2022-05-16 11:41:40 - [TEST_STEP][PASSED] - verifyTextPresent("ARLINGTON", true): Text 'ARLINGTON' is present on page  using regular expression

2022-05-16 11:41:40 - [MESSAGE][PASSED] - Text 'ARLINGTON' is present on page  using regular expression

2022-05-16 11:41:40 - [TEST_STEP][PASSED] - verifyTextPresent("VA", true): Text 'VA' is present on page  using regular expression

2022-05-16 11:41:40 - [MESSAGE][PASSED] - Text 'VA' is present on page  using regular expression

2022-05-16 11:41:40 - [TEST_STEP][PASSED] - verifyTextPresent("22201", true): Text '22201' is present on page  using regular expression

2022-05-16 11:41:41 - [MESSAGE][PASSED] - Text '22201' is present on page  using regular expression

2022-05-16 11:41:41 - [TEST_STEP][PASSED] - cardTypeV = findTestData(dataFile).getValue("CardType", row): null

2022-05-16 11:41:41 - [TEST_STEP][PASSED] - last4V = findTestData(dataFile).getValue("Last4", row): null

2022-05-16 11:41:41 - [TEST_STEP][PASSED] - verifyTextPresent(cardTypeV, true): Text 'Visa' is present on page  using regular expression

2022-05-16 11:41:41 - [MESSAGE][PASSED] - Text 'Visa' is present on page  using regular expression

2022-05-16 11:41:41 - [TEST_STEP][PASSED] - verifyTextPresent(last4V, true): Text '5439' is present on page  using regular expression

2022-05-16 11:41:41 - [MESSAGE][PASSED] - Text '5439' is present on page  using regular expression

2022-05-16 11:41:41 - [TEST_STEP][PASSED] - switch (appName): null

2022-05-16 11:41:41 - [TEST_STEP][PASSED] - case "a_Access AutoDualCFtpDemo":: null

2022-05-16 11:41:41 - [TEST_STEP][PASSED] - verifyTextPresent("5.00", true): Text '5.00' is present on page  using regular expression

2022-05-16 11:41:42 - [MESSAGE][PASSED] - Text '5.00' is present on page  using regular expression

2022-05-16 11:41:42 - [TEST_STEP][PASSED] - verifyTextPresent("Dual Transaction", true): Text 'Dual Transaction' is present on page  using regular expression

2022-05-16 11:41:42 - [MESSAGE][PASSED] - Text 'Dual Transaction' is present on page  using regular expression

2022-05-16 11:41:42 - [TEST_STEP][PASSED] - verifyTextPresent("7.50", true): Text '7.50' is present on page  using regular expression

2022-05-16 11:41:42 - [MESSAGE][PASSED] - Text '7.50' is present on page  using regular expression

2022-05-16 11:41:42 - [TEST_STEP][PASSED] - verifyTextPresent("Total Amount", true): Text 'Total Amount' is present on page  using regular expression

2022-05-16 11:41:43 - [MESSAGE][PASSED] - Text 'Total Amount' is present on page  using regular expression

2022-05-16 11:41:43 - [TEST_STEP][PASSED] - verifyTextPresent("Transaction Type", true): Text 'Transaction Type' is present on page  using regular expression

2022-05-16 11:41:43 - [MESSAGE][PASSED] - Text 'Transaction Type' is present on page  using regular expression

2022-05-16 11:41:43 - [TEST_STEP][PASSED] - break: null

2022-05-16 11:41:43 - [TEST_STEP][PASSED] - closeBrowser(): Browser is closed

2022-05-16 11:41:44 - [MESSAGE][PASSED] - Browser is closed

2022-05-16 11:41:44 - [TEST_STEP][PASSED] - ExecuteTC = findTestData(dataFile).getValue("Execute", row): null

2022-05-16 11:41:44 - [TEST_STEP][PASSED] - out.println("Value of Execute is : " + ExecuteTC): null

2022-05-16 11:41:44 - [TEST_STEP][PASSED] - switch (executionProfile): null

2022-05-16 11:41:44 - [TEST_STEP][PASSED] - case "DemoProfile":: null

2022-05-16 11:41:44 - [TEST_STEP][PASSED] - appName = findTestData(dataFile).getValue("AppNameDemo", row): null

2022-05-16 11:41:44 - [TEST_STEP][PASSED] - appID = findTestData(dataFile).getValue("AppIDDemo", row): null

2022-05-16 11:41:44 - [TEST_STEP][PASSED] - break: null

2022-05-16 11:41:44 - [TEST_STEP][PASSED] - if (ExecuteTC.equalsIgnoreCase("Y")): null

2022-05-16 11:41:44 - [TEST_STEP][PASSED] - out.println("Begin Record Number: " + row): null

2022-05-16 11:41:44 - [TEST_STEP][PASSED] - today = new java.util.Date(): null

2022-05-16 11:41:44 - [TEST_STEP][PASSED] - println(today): null

2022-05-16 11:41:44 - [TEST_STEP][PASSED] - datText = today: null

2022-05-16 11:41:44 - [TEST_STEP][PASSED] - adminSuiteBootstrap.loginFunctionality.login_AdminSuite(): adminSuiteBootstrap.loginFunctionality.login_AdminSuite is PASSED

2022-05-16 11:41:44 - [MESSAGE][INFO] - Starting 'Chrome' driver

2022-05-16 11:41:44 - [MESSAGE][INFO] - User set preference: ['acceptInsecureCerts', 'true']

2022-05-16 11:41:44 - [MESSAGE][INFO] - Action delay is set to 0 milliseconds

2022-05-16 11:41:46 - [MESSAGE][PASSED] - Browser is opened with url: 'https://demo.velocitypayment.com/admin/imtiazdemo'

2022-05-16 11:41:46 - [MESSAGE][PASSED] - Current window maximized

2022-05-16 11:41:47 - [MESSAGE][PASSED] - Object 'Object Repository/Login_Page/Login_Username' is present

2022-05-16 11:41:47 - [MESSAGE][PASSED] - Text 'iahmed' is set on object 'Object Repository/Login_Page/Login_Username'

2022-05-16 11:41:48 - [MESSAGE][PASSED] - Text 'hello2222' is set on object 'Object Repository/Login_Page/Login_Password'

2022-05-16 11:41:52 - [MESSAGE][PASSED] - Object: 'Object Repository/Login_Page/Login_Submit' is clicked on

2022-05-16 11:41:52 - [MESSAGE][PASSED] - adminSuiteBootstrap.loginFunctionality.login_AdminSuite is PASSED

2022-05-16 11:41:52 - [TEST_STEP][PASSED] - click(findTestObject(path_Dashboard + appName)): Object: 'Object Repository/AdminSuiteBootstrap_Pages/Dashboard_Bootstrap/a_Access AutoDualCFtpDemo' is clicked on

2022-05-16 11:41:55 - [MESSAGE][PASSED] - Object: 'Object Repository/AdminSuiteBootstrap_Pages/Dashboard_Bootstrap/a_Access AutoDualCFtpDemo' is clicked on

2022-05-16 11:41:55 - [TEST_STEP][PASSED] - click(findTestObject(path_VT + "a_Find Profile")): Object: 'Object Repository/AdminSuiteBootstrap_Pages/VT_Bootstrap/IssueTransactions/a_Find Profile' is clicked on

2022-05-16 11:41:55 - [MESSAGE][PASSED] - Object: 'Object Repository/AdminSuiteBootstrap_Pages/VT_Bootstrap/IssueTransactions/a_Find Profile' is clicked on

2022-05-16 11:41:55 - [TEST_STEP][PASSED] - criteria = <not implemented yet for class: org.codehaus.groovy.ast.expr.EmptyExpression>: null

2022-05-16 11:41:55 - [TEST_STEP][PASSED] - searchBy = <not implemented yet for class: org.codehaus.groovy.ast.expr.EmptyExpression>: null

2022-05-16 11:41:55 - [TEST_STEP][PASSED] - criteria = findTestData(dataFile).getValue("ProfileName", row): null

2022-05-16 11:41:55 - [TEST_STEP][PASSED] - path_SearchProfile = "Object Repository/AdminSuiteBootstrap_Pages/VSP_Bootstrap/SearchProfile/": null

2022-05-16 11:41:55 - [TEST_STEP][PASSED] - setText(findTestObject(path_SearchProfile + "input_Criteria"), criteria): Text 'PaymentsMC' is set on object 'Object Repository/AdminSuiteBootstrap_Pages/VSP_Bootstrap/SearchProfile/input_Criteria'

2022-05-16 11:41:56 - [MESSAGE][PASSED] - Text 'PaymentsMC' is set on object 'Object Repository/AdminSuiteBootstrap_Pages/VSP_Bootstrap/SearchProfile/input_Criteria'

2022-05-16 11:41:56 - [TEST_STEP][PASSED] - click(findTestObject(path_SearchProfile + "button_Search")): Object: 'Object Repository/AdminSuiteBootstrap_Pages/VSP_Bootstrap/SearchProfile/button_Search' is clicked on

2022-05-16 11:41:59 - [MESSAGE][PASSED] - Object: 'Object Repository/AdminSuiteBootstrap_Pages/VSP_Bootstrap/SearchProfile/button_Search' is clicked on

2022-05-16 11:41:59 - [TEST_STEP][PASSED] - profNameLink = findTestData(dataFile).getValue("ProfileNameLink", row): null

2022-05-16 11:41:59 - [TEST_STEP][PASSED] - click(findTestObject(path_ViewProfile + profNameLink)): Object: 'Object Repository/AdminSuiteBootstrap_Pages/VSP_Bootstrap/View Profile/a_PaymentsMC' is clicked on

2022-05-16 11:42:02 - [MESSAGE][PASSED] - Object: 'Object Repository/AdminSuiteBootstrap_Pages/VSP_Bootstrap/View Profile/a_PaymentsMC' is clicked on

2022-05-16 11:42:02 - [TEST_STEP][PASSED] - click(findTestObject(path_ViewProfile + "a_AuthCap")): Object: 'Object Repository/AdminSuiteBootstrap_Pages/VSP_Bootstrap/View Profile/a_AuthCap' is clicked on

2022-05-16 11:42:07 - [MESSAGE][PASSED] - Object: 'Object Repository/AdminSuiteBootstrap_Pages/VSP_Bootstrap/View Profile/a_AuthCap' is clicked on

2022-05-16 11:42:07 - [TEST_STEP][PASSED] - verifyTextPresent("Credit Card Authorization Capture", true): Text 'Credit Card Authorization Capture' is present on page  using regular expression

2022-05-16 11:42:10 - [MESSAGE][PASSED] - Text 'Credit Card Authorization Capture' is present on page  using regular expression

2022-05-16 11:42:10 - [TEST_STEP][PASSED] - verifyTextPresent("Sale", true): Text 'Sale' is present on page  using regular expression

2022-05-16 11:42:10 - [MESSAGE][PASSED] - Text 'Sale' is present on page  using regular expression

2022-05-16 11:42:10 - [TEST_STEP][PASSED] - verifyTextPresent("Required fields are highlighted with an asterisk", true): Text 'Required fields are highlighted with an asterisk' is present on page  using regular expression

2022-05-16 11:42:10 - [MESSAGE][PASSED] - Text 'Required fields are highlighted with an asterisk' is present on page  using regular expression

2022-05-16 11:42:10 - [TEST_STEP][PASSED] - verifyTextPresent("Remittance ID", true): Text 'Remittance ID' is present on page  using regular expression

2022-05-16 11:42:11 - [MESSAGE][PASSED] - Text 'Remittance ID' is present on page  using regular expression

2022-05-16 11:42:11 - [TEST_STEP][PASSED] - vspBootstrap.SalePage.setDataSaleAndAuth(row, dataFile): vspBootstrap.SalePage.setDataSaleAndAuth is PASSED

2022-05-16 11:42:12 - [MESSAGE][PASSED] - All options with value 'MOTO' are selected in object 'Object Repository/AdminSuiteBootstrap_Pages/VSP_Bootstrap/VSP_Authcap/select_TransactionCategory'  using regular expression

2022-05-16 11:42:13 - [MESSAGE][PASSED] - Text '123' is set on object 'Object Repository/AdminSuiteBootstrap_Pages/VSP_Bootstrap/VSP_Authcap/input_cvv'

2022-05-16 11:42:14 - [MESSAGE][PASSED] - Text '' is set on object 'Object Repository/AdminSuiteBootstrap_Pages/VSP_Bootstrap/VSP_Authcap/input_smsNumber'

2022-05-16 11:42:14 - [MESSAGE][PASSED] - Text '2.50' is set on object 'Object Repository/AdminSuiteBootstrap_Pages/VSP_Bootstrap/VSP_Authcap/input_amount'

2022-05-16 11:42:19 - [MESSAGE][PASSED] - Text 'Delhi' is set on object 'Object Repository/AdminSuiteBootstrap_Pages/VSP_Bootstrap/VSP_Authcap/input_userDefined1'

2022-05-16 11:42:20 - [MESSAGE][PASSED] - Text 'Chennai' is set on object 'Object Repository/AdminSuiteBootstrap_Pages/VSP_Bootstrap/VSP_Authcap/input_userDefined2'

2022-05-16 11:42:21 - [MESSAGE][PASSED] - Text 'Mumbai' is set on object 'Object Repository/AdminSuiteBootstrap_Pages/VSP_Bootstrap/VSP_Authcap/input_userDefined3'

2022-05-16 11:42:21 - [MESSAGE][PASSED] - Text 'Kanpur' is set on object 'Object Repository/AdminSuiteBootstrap_Pages/VSP_Bootstrap/VSP_Authcap/input_userDefined4'

2022-05-16 11:42:22 - [MESSAGE][PASSED] - All options with label 'Orange' are selected in object 'Object Repository/AdminSuiteBootstrap_Pages/VSP_Bootstrap/VSP_Authcap/select_UDF5'  using regular expression

2022-05-16 11:42:23 - [MESSAGE][PASSED] - All options with label 'Yellow' are selected in object 'Object Repository/AdminSuiteBootstrap_Pages/VSP_Bootstrap/VSP_Authcap/select_UDF6'  using regular expression

2022-05-16 11:42:24 - [MESSAGE][PASSED] - Text 'Kolkata' is set on object 'Object Repository/AdminSuiteBootstrap_Pages/VSP_Bootstrap/VSP_Authcap/input_userDefined7'

2022-05-16 11:42:25 - [MESSAGE][PASSED] - Text 'Pune' is set on object 'Object Repository/AdminSuiteBootstrap_Pages/VSP_Bootstrap/VSP_Authcap/input_userDefined8'

2022-05-16 11:42:25 - [MESSAGE][PASSED] - Text 'Bhavnagar' is set on object 'Object Repository/AdminSuiteBootstrap_Pages/VSP_Bootstrap/VSP_Authcap/input_userDefined9'

2022-05-16 11:42:26 - [MESSAGE][PASSED] - Text 'Noida' is set on object 'Object Repository/AdminSuiteBootstrap_Pages/VSP_Bootstrap/VSP_Authcap/input_userDefined10'

2022-05-16 11:42:31 - [MESSAGE][PASSED] - Object: 'Object Repository/AdminSuiteBootstrap_Pages/VSP_Bootstrap/VSP_Authcap/button_Submit' is clicked on

2022-05-16 11:42:31 - [MESSAGE][PASSED] - vspBootstrap.SalePage.setDataSaleAndAuth is PASSED

2022-05-16 11:42:31 - [TEST_STEP][PASSED] - verifyTextPresent("Transaction Successful", true): Text 'Transaction Successful' is present on page  using regular expression

2022-05-16 11:42:32 - [MESSAGE][PASSED] - Text 'Transaction Successful' is present on page  using regular expression

2022-05-16 11:42:32 - [TEST_STEP][PASSED] - verifyElementVisible(findTestObject("Object Repository/AdminSuiteBootstrap_Pages/VT_Bootstrap/Receipt/button_Continue")): Object 'Object Repository/AdminSuiteBootstrap_Pages/VT_Bootstrap/Receipt/button_Continue' is visible

2022-05-16 11:42:32 - [MESSAGE][PASSED] - Object 'Object Repository/AdminSuiteBootstrap_Pages/VT_Bootstrap/Receipt/button_Continue' is visible

2022-05-16 11:42:32 - [TEST_STEP][PASSED] - verifyElementPresent(findTestObject("Object Repository/AdminSuiteBootstrap_Pages/VT_Bootstrap/Receipt/button_Continue"), 20): Object 'Object Repository/AdminSuiteBootstrap_Pages/VT_Bootstrap/Receipt/button_Continue' is present

2022-05-16 11:42:32 - [MESSAGE][PASSED] - Object 'Object Repository/AdminSuiteBootstrap_Pages/VT_Bootstrap/Receipt/button_Continue' is present

2022-05-16 11:42:32 - [TEST_STEP][PASSED] - verifyElementVisible(findTestObject("Object Repository/AdminSuiteBootstrap_Pages/VT_Bootstrap/Receipt/button_Print")): Object 'Object Repository/AdminSuiteBootstrap_Pages/VT_Bootstrap/Receipt/button_Print' is visible

2022-05-16 11:42:33 - [MESSAGE][PASSED] - Object 'Object Repository/AdminSuiteBootstrap_Pages/VT_Bootstrap/Receipt/button_Print' is visible

2022-05-16 11:42:33 - [TEST_STEP][PASSED] - verifyElementPresent(findTestObject("Object Repository/AdminSuiteBootstrap_Pages/VT_Bootstrap/Receipt/button_Print"), 20): Object 'Object Repository/AdminSuiteBootstrap_Pages/VT_Bootstrap/Receipt/button_Print' is present

2022-05-16 11:42:33 - [MESSAGE][PASSED] - Object 'Object Repository/AdminSuiteBootstrap_Pages/VT_Bootstrap/Receipt/button_Print' is present

2022-05-16 11:42:33 - [TEST_STEP][PASSED] - verifyTextPresent("Remittance ID", true): Text 'Remittance ID' is present on page  using regular expression

2022-05-16 11:42:33 - [MESSAGE][PASSED] - Text 'Remittance ID' is present on page  using regular expression

2022-05-16 11:42:33 - [TEST_STEP][PASSED] - verifyTextPresent("Received", true): Text 'Received' is present on page  using regular expression

2022-05-16 11:42:34 - [MESSAGE][PASSED] - Text 'Received' is present on page  using regular expression

2022-05-16 11:42:34 - [TEST_STEP][PASSED] - verifyTextPresent("UDF1", true): Text 'UDF1' is present on page  using regular expression

2022-05-16 11:42:34 - [MESSAGE][PASSED] - Text 'UDF1' is present on page  using regular expression

2022-05-16 11:42:34 - [TEST_STEP][PASSED] - verifyTextPresent("UDF2", true): Text 'UDF2' is present on page  using regular expression

2022-05-16 11:42:34 - [MESSAGE][PASSED] - Text 'UDF2' is present on page  using regular expression

2022-05-16 11:42:34 - [TEST_STEP][PASSED] - verifyTextPresent("UDF3", true): Text 'UDF3' is present on page  using regular expression

2022-05-16 11:42:35 - [MESSAGE][PASSED] - Text 'UDF3' is present on page  using regular expression

2022-05-16 11:42:35 - [TEST_STEP][PASSED] - verifyTextPresent("UDF4", true): Text 'UDF4' is present on page  using regular expression

2022-05-16 11:42:35 - [MESSAGE][PASSED] - Text 'UDF4' is present on page  using regular expression

2022-05-16 11:42:35 - [TEST_STEP][PASSED] - verifyTextPresent("UDF5", true): Text 'UDF5' is present on page  using regular expression

2022-05-16 11:42:35 - [MESSAGE][PASSED] - Text 'UDF5' is present on page  using regular expression

2022-05-16 11:42:35 - [TEST_STEP][PASSED] - verifyTextPresent("UDF6", true): Text 'UDF6' is present on page  using regular expression

2022-05-16 11:42:36 - [MESSAGE][PASSED] - Text 'UDF6' is present on page  using regular expression

2022-05-16 11:42:36 - [TEST_STEP][PASSED] - verifyTextPresent("UDF7", true): Text 'UDF7' is present on page  using regular expression

2022-05-16 11:42:36 - [MESSAGE][PASSED] - Text 'UDF7' is present on page  using regular expression

2022-05-16 11:42:36 - [TEST_STEP][PASSED] - verifyTextPresent("UDF8", true): Text 'UDF8' is present on page  using regular expression

2022-05-16 11:42:36 - [MESSAGE][PASSED] - Text 'UDF8' is present on page  using regular expression

2022-05-16 11:42:36 - [TEST_STEP][PASSED] - verifyTextPresent("UDF9", true): Text 'UDF9' is present on page  using regular expression

2022-05-16 11:42:37 - [MESSAGE][PASSED] - Text 'UDF9' is present on page  using regular expression

2022-05-16 11:42:37 - [TEST_STEP][PASSED] - verifyTextPresent("UDF 10", true): Text 'UDF 10' is present on page  using regular expression

2022-05-16 11:42:37 - [MESSAGE][PASSED] - Text 'UDF 10' is present on page  using regular expression

2022-05-16 11:42:37 - [TEST_STEP][PASSED] - verifyTextPresent("Delhi", true): Text 'Delhi' is present on page  using regular expression

2022-05-16 11:42:37 - [MESSAGE][PASSED] - Text 'Delhi' is present on page  using regular expression

2022-05-16 11:42:37 - [TEST_STEP][PASSED] - verifyTextPresent("Chennai", true): Text 'Chennai' is present on page  using regular expression

2022-05-16 11:42:38 - [MESSAGE][PASSED] - Text 'Chennai' is present on page  using regular expression

2022-05-16 11:42:38 - [TEST_STEP][PASSED] - verifyTextPresent("Mumbai", true): Text 'Mumbai' is present on page  using regular expression

2022-05-16 11:42:38 - [MESSAGE][PASSED] - Text 'Mumbai' is present on page  using regular expression

2022-05-16 11:42:38 - [TEST_STEP][PASSED] - verifyTextPresent("Kanpur", true): Text 'Kanpur' is present on page  using regular expression

2022-05-16 11:42:38 - [MESSAGE][PASSED] - Text 'Kanpur' is present on page  using regular expression

2022-05-16 11:42:38 - [TEST_STEP][PASSED] - verifyTextPresent("Orange Recorded", true): Text 'Orange Recorded' is present on page  using regular expression

2022-05-16 11:42:39 - [MESSAGE][PASSED] - Text 'Orange Recorded' is present on page  using regular expression

2022-05-16 11:42:39 - [TEST_STEP][PASSED] - verifyTextPresent("Yellow Recorded", true): Text 'Yellow Recorded' is present on page  using regular expression

2022-05-16 11:42:39 - [MESSAGE][PASSED] - Text 'Yellow Recorded' is present on page  using regular expression

2022-05-16 11:42:39 - [TEST_STEP][PASSED] - verifyTextPresent("Kolkata", true): Text 'Kolkata' is present on page  using regular expression

2022-05-16 11:42:39 - [MESSAGE][PASSED] - Text 'Kolkata' is present on page  using regular expression

2022-05-16 11:42:39 - [TEST_STEP][PASSED] - verifyTextPresent("Pune", true): Text 'Pune' is present on page  using regular expression

2022-05-16 11:42:40 - [MESSAGE][PASSED] - Text 'Pune' is present on page  using regular expression

2022-05-16 11:42:40 - [TEST_STEP][PASSED] - verifyTextPresent("Bhavnagar", true): Text 'Bhavnagar' is present on page  using regular expression

2022-05-16 11:42:40 - [MESSAGE][PASSED] - Text 'Bhavnagar' is present on page  using regular expression

2022-05-16 11:42:40 - [TEST_STEP][PASSED] - verifyTextPresent("Noida", true): Text 'Noida' is present on page  using regular expression

2022-05-16 11:42:40 - [MESSAGE][PASSED] - Text 'Noida' is present on page  using regular expression

2022-05-16 11:42:40 - [TEST_STEP][PASSED] - verifyTextPresent("Amount", true): Text 'Amount' is present on page  using regular expression

2022-05-16 11:42:41 - [MESSAGE][PASSED] - Text 'Amount' is present on page  using regular expression

2022-05-16 11:42:41 - [TEST_STEP][PASSED] - verifyTextPresent("2.50", true): Text '2.50' is present on page  using regular expression

2022-05-16 11:42:41 - [MESSAGE][PASSED] - Text '2.50' is present on page  using regular expression

2022-05-16 11:42:41 - [TEST_STEP][PASSED] - verifyTextPresent("Authorization and Capture", true): Text 'Authorization and Capture' is present on page  using regular expression

2022-05-16 11:42:41 - [MESSAGE][PASSED] - Text 'Authorization and Capture' is present on page  using regular expression

2022-05-16 11:42:41 - [TEST_STEP][PASSED] - verifyTextPresent("Card Information", true): Text 'Card Information' is present on page  using regular expression

2022-05-16 11:42:42 - [MESSAGE][PASSED] - Text 'Card Information' is present on page  using regular expression

2022-05-16 11:42:42 - [TEST_STEP][PASSED] - verifyTextPresent("TANDON RAVENA", true): Text 'TANDON RAVENA' is present on page  using regular expression

2022-05-16 11:42:42 - [MESSAGE][PASSED] - Text 'TANDON RAVENA' is present on page  using regular expression

2022-05-16 11:42:42 - [TEST_STEP][PASSED] - verifyTextPresent("Address Line 1", true): Text 'Address Line 1' is present on page  using regular expression

2022-05-16 11:42:42 - [MESSAGE][PASSED] - Text 'Address Line 1' is present on page  using regular expression

2022-05-16 11:42:42 - [TEST_STEP][PASSED] - verifyTextPresent("Address Line 2", true): Text 'Address Line 2' is present on page  using regular expression

2022-05-16 11:42:43 - [MESSAGE][PASSED] - Text 'Address Line 2' is present on page  using regular expression

2022-05-16 11:42:43 - [TEST_STEP][PASSED] - verifyTextPresent("Country", true): Text 'Country' is present on page  using regular expression

2022-05-16 11:42:43 - [MESSAGE][PASSED] - Text 'Country' is present on page  using regular expression

2022-05-16 11:42:43 - [TEST_STEP][PASSED] - verifyTextPresent("City", true): Text 'City' is present on page  using regular expression

2022-05-16 11:42:43 - [MESSAGE][PASSED] - Text 'City' is present on page  using regular expression

2022-05-16 11:42:43 - [TEST_STEP][PASSED] - verifyTextPresent("State", true): Text 'State' is present on page  using regular expression

2022-05-16 11:42:44 - [MESSAGE][PASSED] - Text 'State' is present on page  using regular expression

2022-05-16 11:42:44 - [TEST_STEP][PASSED] - verifyTextPresent("ZIP Code", true): Text 'ZIP Code' is present on page  using regular expression

2022-05-16 11:42:44 - [MESSAGE][PASSED] - Text 'ZIP Code' is present on page  using regular expression

2022-05-16 11:42:44 - [TEST_STEP][PASSED] - verifyTextPresent("248 PhoolKaante road", true): Text '248 PhoolKaante road' is present on page  using regular expression

2022-05-16 11:42:44 - [MESSAGE][PASSED] - Text '248 PhoolKaante road' is present on page  using regular expression

2022-05-16 11:42:44 - [TEST_STEP][PASSED] - verifyTextPresent("Suite 678", true): Text 'Suite 678' is present on page  using regular expression

2022-05-16 11:42:45 - [MESSAGE][PASSED] - Text 'Suite 678' is present on page  using regular expression

2022-05-16 11:42:45 - [TEST_STEP][PASSED] - verifyTextPresent("United States", true): Text 'United States' is present on page  using regular expression

2022-05-16 11:42:45 - [MESSAGE][PASSED] - Text 'United States' is present on page  using regular expression

2022-05-16 11:42:45 - [TEST_STEP][PASSED] - verifyTextPresent("ARLINGTON", true): Text 'ARLINGTON' is present on page  using regular expression

2022-05-16 11:42:45 - [MESSAGE][PASSED] - Text 'ARLINGTON' is present on page  using regular expression

2022-05-16 11:42:45 - [TEST_STEP][PASSED] - verifyTextPresent("VA", true): Text 'VA' is present on page  using regular expression

2022-05-16 11:42:46 - [MESSAGE][PASSED] - Text 'VA' is present on page  using regular expression

2022-05-16 11:42:46 - [TEST_STEP][PASSED] - verifyTextPresent("22201", true): Text '22201' is present on page  using regular expression

2022-05-16 11:42:46 - [MESSAGE][PASSED] - Text '22201' is present on page  using regular expression

2022-05-16 11:42:46 - [TEST_STEP][PASSED] - cardTypeV = findTestData(dataFile).getValue("CardType", row): null

2022-05-16 11:42:46 - [TEST_STEP][PASSED] - last4V = findTestData(dataFile).getValue("Last4", row): null

2022-05-16 11:42:46 - [TEST_STEP][PASSED] - verifyTextPresent(cardTypeV, true): Text 'MasterCard' is present on page  using regular expression

2022-05-16 11:42:47 - [MESSAGE][PASSED] - Text 'MasterCard' is present on page  using regular expression

2022-05-16 11:42:47 - [TEST_STEP][PASSED] - verifyTextPresent(last4V, true): Text '0035' is present on page  using regular expression

2022-05-16 11:42:47 - [MESSAGE][PASSED] - Text '0035' is present on page  using regular expression

2022-05-16 11:42:47 - [TEST_STEP][PASSED] - switch (appName): null

2022-05-16 11:42:47 - [TEST_STEP][PASSED] - case "a_Access AutoDualCFtpDemo":: null

2022-05-16 11:42:47 - [TEST_STEP][PASSED] - verifyTextPresent("5.00", true): Text '5.00' is present on page  using regular expression

2022-05-16 11:42:47 - [MESSAGE][PASSED] - Text '5.00' is present on page  using regular expression

2022-05-16 11:42:47 - [TEST_STEP][PASSED] - verifyTextPresent("Dual Transaction", true): Text 'Dual Transaction' is present on page  using regular expression

2022-05-16 11:42:48 - [MESSAGE][PASSED] - Text 'Dual Transaction' is present on page  using regular expression

2022-05-16 11:42:48 - [TEST_STEP][PASSED] - verifyTextPresent("7.50", true): Text '7.50' is present on page  using regular expression

2022-05-16 11:42:48 - [MESSAGE][PASSED] - Text '7.50' is present on page  using regular expression

2022-05-16 11:42:48 - [TEST_STEP][PASSED] - verifyTextPresent("Total Amount", true): Text 'Total Amount' is present on page  using regular expression

2022-05-16 11:42:48 - [MESSAGE][PASSED] - Text 'Total Amount' is present on page  using regular expression

2022-05-16 11:42:48 - [TEST_STEP][PASSED] - verifyTextPresent("Transaction Type", true): Text 'Transaction Type' is present on page  using regular expression

2022-05-16 11:42:49 - [MESSAGE][PASSED] - Text 'Transaction Type' is present on page  using regular expression

2022-05-16 11:42:49 - [TEST_STEP][PASSED] - break: null

2022-05-16 11:42:49 - [TEST_STEP][PASSED] - closeBrowser(): Browser is closed

2022-05-16 11:42:49 - [MESSAGE][PASSED] - Browser is closed

2022-05-16 11:42:49 - [TEST_STEP][PASSED] - ExecuteTC = findTestData(dataFile).getValue("Execute", row): null

2022-05-16 11:42:49 - [TEST_STEP][PASSED] - out.println("Value of Execute is : " + ExecuteTC): null

2022-05-16 11:42:49 - [TEST_STEP][PASSED] - switch (executionProfile): null

2022-05-16 11:42:49 - [TEST_STEP][PASSED] - case "DemoProfile":: null

2022-05-16 11:42:49 - [TEST_STEP][PASSED] - appName = findTestData(dataFile).getValue("AppNameDemo", row): null

2022-05-16 11:42:49 - [TEST_STEP][PASSED] - appID = findTestData(dataFile).getValue("AppIDDemo", row): null

2022-05-16 11:42:50 - [TEST_STEP][PASSED] - break: null

2022-05-16 11:42:50 - [TEST_STEP][PASSED] - if (ExecuteTC.equalsIgnoreCase("Y")): null

2022-05-16 11:42:50 - [TEST_STEP][PASSED] - out.println("Begin Record Number: " + row): null

2022-05-16 11:42:50 - [TEST_STEP][PASSED] - today = new java.util.Date(): null

2022-05-16 11:42:50 - [TEST_STEP][PASSED] - println(today): null

2022-05-16 11:42:50 - [TEST_STEP][PASSED] - datText = today: null

2022-05-16 11:42:50 - [TEST_STEP][PASSED] - adminSuiteBootstrap.loginFunctionality.login_AdminSuite(): adminSuiteBootstrap.loginFunctionality.login_AdminSuite is PASSED

2022-05-16 11:42:50 - [MESSAGE][INFO] - Starting 'Chrome' driver

2022-05-16 11:42:50 - [MESSAGE][INFO] - User set preference: ['acceptInsecureCerts', 'true']

2022-05-16 11:42:50 - [MESSAGE][INFO] - Action delay is set to 0 milliseconds

2022-05-16 11:42:52 - [MESSAGE][PASSED] - Browser is opened with url: 'https://demo.velocitypayment.com/admin/imtiazdemo'

2022-05-16 11:42:52 - [MESSAGE][PASSED] - Current window maximized

2022-05-16 11:42:53 - [MESSAGE][PASSED] - Object 'Object Repository/Login_Page/Login_Username' is present

2022-05-16 11:42:53 - [MESSAGE][PASSED] - Text 'iahmed' is set on object 'Object Repository/Login_Page/Login_Username'

2022-05-16 11:42:54 - [MESSAGE][PASSED] - Text 'hello2222' is set on object 'Object Repository/Login_Page/Login_Password'

2022-05-16 11:43:01 - [MESSAGE][PASSED] - Object: 'Object Repository/Login_Page/Login_Submit' is clicked on

2022-05-16 11:43:01 - [MESSAGE][PASSED] - adminSuiteBootstrap.loginFunctionality.login_AdminSuite is PASSED

2022-05-16 11:43:01 - [TEST_STEP][PASSED] - click(findTestObject(path_Dashboard + appName)): Object: 'Object Repository/AdminSuiteBootstrap_Pages/Dashboard_Bootstrap/a_Access AutoDualCFtpDemo' is clicked on

2022-05-16 11:43:04 - [MESSAGE][PASSED] - Object: 'Object Repository/AdminSuiteBootstrap_Pages/Dashboard_Bootstrap/a_Access AutoDualCFtpDemo' is clicked on

2022-05-16 11:43:04 - [TEST_STEP][PASSED] - click(findTestObject(path_VT + "a_Find Profile")): Object: 'Object Repository/AdminSuiteBootstrap_Pages/VT_Bootstrap/IssueTransactions/a_Find Profile' is clicked on

2022-05-16 11:43:05 - [MESSAGE][PASSED] - Object: 'Object Repository/AdminSuiteBootstrap_Pages/VT_Bootstrap/IssueTransactions/a_Find Profile' is clicked on

2022-05-16 11:43:05 - [TEST_STEP][PASSED] - criteria = <not implemented yet for class: org.codehaus.groovy.ast.expr.EmptyExpression>: null

2022-05-16 11:43:05 - [TEST_STEP][PASSED] - searchBy = <not implemented yet for class: org.codehaus.groovy.ast.expr.EmptyExpression>: null

2022-05-16 11:43:05 - [TEST_STEP][PASSED] - criteria = findTestData(dataFile).getValue("ProfileName", row): null

2022-05-16 11:43:05 - [TEST_STEP][PASSED] - path_SearchProfile = "Object Repository/AdminSuiteBootstrap_Pages/VSP_Bootstrap/SearchProfile/": null

2022-05-16 11:43:05 - [TEST_STEP][PASSED] - setText(findTestObject(path_SearchProfile + "input_Criteria"), criteria): Text 'PaymentsAmEx' is set on object 'Object Repository/AdminSuiteBootstrap_Pages/VSP_Bootstrap/SearchProfile/input_Criteria'

2022-05-16 11:43:05 - [MESSAGE][PASSED] - Text 'PaymentsAmEx' is set on object 'Object Repository/AdminSuiteBootstrap_Pages/VSP_Bootstrap/SearchProfile/input_Criteria'

2022-05-16 11:43:05 - [TEST_STEP][PASSED] - click(findTestObject(path_SearchProfile + "button_Search")): Object: 'Object Repository/AdminSuiteBootstrap_Pages/VSP_Bootstrap/SearchProfile/button_Search' is clicked on

2022-05-16 11:43:09 - [MESSAGE][PASSED] - Object: 'Object Repository/AdminSuiteBootstrap_Pages/VSP_Bootstrap/SearchProfile/button_Search' is clicked on

2022-05-16 11:43:09 - [TEST_STEP][PASSED] - profNameLink = findTestData(dataFile).getValue("ProfileNameLink", row): null

2022-05-16 11:43:09 - [TEST_STEP][PASSED] - click(findTestObject(path_ViewProfile + profNameLink)): Object: 'Object Repository/AdminSuiteBootstrap_Pages/VSP_Bootstrap/View Profile/a_PaymentsAmEx' is clicked on

2022-05-16 11:43:12 - [MESSAGE][PASSED] - Object: 'Object Repository/AdminSuiteBootstrap_Pages/VSP_Bootstrap/View Profile/a_PaymentsAmEx' is clicked on

2022-05-16 11:43:12 - [TEST_STEP][PASSED] - click(findTestObject(path_ViewProfile + "a_AuthCap")): Object: 'Object Repository/AdminSuiteBootstrap_Pages/VSP_Bootstrap/View Profile/a_AuthCap' is clicked on

2022-05-16 11:43:15 - [MESSAGE][PASSED] - Object: 'Object Repository/AdminSuiteBootstrap_Pages/VSP_Bootstrap/View Profile/a_AuthCap' is clicked on

2022-05-16 11:43:15 - [TEST_STEP][PASSED] - verifyTextPresent("Credit Card Authorization Capture", true): Text 'Credit Card Authorization Capture' is present on page  using regular expression

2022-05-16 11:43:18 - [MESSAGE][PASSED] - Text 'Credit Card Authorization Capture' is present on page  using regular expression

2022-05-16 11:43:18 - [TEST_STEP][PASSED] - verifyTextPresent("Sale", true): Text 'Sale' is present on page  using regular expression

2022-05-16 11:43:18 - [MESSAGE][PASSED] - Text 'Sale' is present on page  using regular expression

2022-05-16 11:43:18 - [TEST_STEP][PASSED] - verifyTextPresent("Required fields are highlighted with an asterisk", true): Text 'Required fields are highlighted with an asterisk' is present on page  using regular expression

2022-05-16 11:43:19 - [MESSAGE][PASSED] - Text 'Required fields are highlighted with an asterisk' is present on page  using regular expression

2022-05-16 11:43:19 - [TEST_STEP][PASSED] - verifyTextPresent("Remittance ID", true): Text 'Remittance ID' is present on page  using regular expression

2022-05-16 11:43:19 - [MESSAGE][PASSED] - Text 'Remittance ID' is present on page  using regular expression

2022-05-16 11:43:19 - [TEST_STEP][PASSED] - vspBootstrap.SalePage.setDataSaleAndAuth(row, dataFile): vspBootstrap.SalePage.setDataSaleAndAuth is PASSED

2022-05-16 11:43:20 - [MESSAGE][PASSED] - All options with value 'MOTO' are selected in object 'Object Repository/AdminSuiteBootstrap_Pages/VSP_Bootstrap/VSP_Authcap/select_TransactionCategory'  using regular expression

2022-05-16 11:43:21 - [MESSAGE][PASSED] - Text '1234' is set on object 'Object Repository/AdminSuiteBootstrap_Pages/VSP_Bootstrap/VSP_Authcap/input_cvv'

2022-05-16 11:43:22 - [MESSAGE][PASSED] - Text '' is set on object 'Object Repository/AdminSuiteBootstrap_Pages/VSP_Bootstrap/VSP_Authcap/input_smsNumber'

2022-05-16 11:43:22 - [MESSAGE][PASSED] - Text '2.50' is set on object 'Object Repository/AdminSuiteBootstrap_Pages/VSP_Bootstrap/VSP_Authcap/input_amount'

2022-05-16 11:43:28 - [MESSAGE][PASSED] - Text 'Delhi' is set on object 'Object Repository/AdminSuiteBootstrap_Pages/VSP_Bootstrap/VSP_Authcap/input_userDefined1'

2022-05-16 11:43:28 - [MESSAGE][PASSED] - Text 'Chennai' is set on object 'Object Repository/AdminSuiteBootstrap_Pages/VSP_Bootstrap/VSP_Authcap/input_userDefined2'

2022-05-16 11:43:29 - [MESSAGE][PASSED] - Text 'Mumbai' is set on object 'Object Repository/AdminSuiteBootstrap_Pages/VSP_Bootstrap/VSP_Authcap/input_userDefined3'

2022-05-16 11:43:29 - [MESSAGE][PASSED] - Text 'Kanpur' is set on object 'Object Repository/AdminSuiteBootstrap_Pages/VSP_Bootstrap/VSP_Authcap/input_userDefined4'

2022-05-16 11:43:30 - [MESSAGE][PASSED] - All options with label 'Orange' are selected in object 'Object Repository/AdminSuiteBootstrap_Pages/VSP_Bootstrap/VSP_Authcap/select_UDF5'  using regular expression

2022-05-16 11:43:31 - [MESSAGE][PASSED] - All options with label 'Yellow' are selected in object 'Object Repository/AdminSuiteBootstrap_Pages/VSP_Bootstrap/VSP_Authcap/select_UDF6'  using regular expression

2022-05-16 11:43:32 - [MESSAGE][PASSED] - Text 'Kolkata' is set on object 'Object Repository/AdminSuiteBootstrap_Pages/VSP_Bootstrap/VSP_Authcap/input_userDefined7'

2022-05-16 11:43:33 - [MESSAGE][PASSED] - Text 'Pune' is set on object 'Object Repository/AdminSuiteBootstrap_Pages/VSP_Bootstrap/VSP_Authcap/input_userDefined8'

2022-05-16 11:43:33 - [MESSAGE][PASSED] - Text 'Bhavnagar' is set on object 'Object Repository/AdminSuiteBootstrap_Pages/VSP_Bootstrap/VSP_Authcap/input_userDefined9'

2022-05-16 11:43:34 - [MESSAGE][PASSED] - Text 'Noida' is set on object 'Object Repository/AdminSuiteBootstrap_Pages/VSP_Bootstrap/VSP_Authcap/input_userDefined10'

2022-05-16 11:43:39 - [MESSAGE][PASSED] - Object: 'Object Repository/AdminSuiteBootstrap_Pages/VSP_Bootstrap/VSP_Authcap/button_Submit' is clicked on

2022-05-16 11:43:39 - [MESSAGE][PASSED] - vspBootstrap.SalePage.setDataSaleAndAuth is PASSED

2022-05-16 11:43:39 - [TEST_STEP][PASSED] - verifyTextPresent("Transaction Successful", true): Text 'Transaction Successful' is present on page  using regular expression

2022-05-16 11:43:40 - [MESSAGE][PASSED] - Text 'Transaction Successful' is present on page  using regular expression

2022-05-16 11:43:40 - [TEST_STEP][PASSED] - verifyElementVisible(findTestObject("Object Repository/AdminSuiteBootstrap_Pages/VT_Bootstrap/Receipt/button_Continue")): Object 'Object Repository/AdminSuiteBootstrap_Pages/VT_Bootstrap/Receipt/button_Continue' is visible

2022-05-16 11:43:40 - [MESSAGE][PASSED] - Object 'Object Repository/AdminSuiteBootstrap_Pages/VT_Bootstrap/Receipt/button_Continue' is visible

2022-05-16 11:43:40 - [TEST_STEP][PASSED] - verifyElementPresent(findTestObject("Object Repository/AdminSuiteBootstrap_Pages/VT_Bootstrap/Receipt/button_Continue"), 20): Object 'Object Repository/AdminSuiteBootstrap_Pages/VT_Bootstrap/Receipt/button_Continue' is present

2022-05-16 11:43:40 - [MESSAGE][PASSED] - Object 'Object Repository/AdminSuiteBootstrap_Pages/VT_Bootstrap/Receipt/button_Continue' is present

2022-05-16 11:43:40 - [TEST_STEP][PASSED] - verifyElementVisible(findTestObject("Object Repository/AdminSuiteBootstrap_Pages/VT_Bootstrap/Receipt/button_Print")): Object 'Object Repository/AdminSuiteBootstrap_Pages/VT_Bootstrap/Receipt/button_Print' is visible

2022-05-16 11:43:41 - [MESSAGE][PASSED] - Object 'Object Repository/AdminSuiteBootstrap_Pages/VT_Bootstrap/Receipt/button_Print' is visible

2022-05-16 11:43:41 - [TEST_STEP][PASSED] - verifyElementPresent(findTestObject("Object Repository/AdminSuiteBootstrap_Pages/VT_Bootstrap/Receipt/button_Print"), 20): Object 'Object Repository/AdminSuiteBootstrap_Pages/VT_Bootstrap/Receipt/button_Print' is present

2022-05-16 11:43:41 - [MESSAGE][PASSED] - Object 'Object Repository/AdminSuiteBootstrap_Pages/VT_Bootstrap/Receipt/button_Print' is present

2022-05-16 11:43:41 - [TEST_STEP][PASSED] - verifyTextPresent("Remittance ID", true): Text 'Remittance ID' is present on page  using regular expression

2022-05-16 11:43:41 - [MESSAGE][PASSED] - Text 'Remittance ID' is present on page  using regular expression

2022-05-16 11:43:41 - [TEST_STEP][PASSED] - verifyTextPresent("Received", true): Text 'Received' is present on page  using regular expression

2022-05-16 11:43:41 - [MESSAGE][PASSED] - Text 'Received' is present on page  using regular expression

2022-05-16 11:43:41 - [TEST_STEP][PASSED] - verifyTextPresent("UDF1", true): Text 'UDF1' is present on page  using regular expression

2022-05-16 11:43:42 - [MESSAGE][PASSED] - Text 'UDF1' is present on page  using regular expression

2022-05-16 11:43:42 - [TEST_STEP][PASSED] - verifyTextPresent("UDF2", true): Text 'UDF2' is present on page  using regular expression

2022-05-16 11:43:42 - [MESSAGE][PASSED] - Text 'UDF2' is present on page  using regular expression

2022-05-16 11:43:42 - [TEST_STEP][PASSED] - verifyTextPresent("UDF3", true): Text 'UDF3' is present on page  using regular expression

2022-05-16 11:43:43 - [MESSAGE][PASSED] - Text 'UDF3' is present on page  using regular expression

2022-05-16 11:43:43 - [TEST_STEP][PASSED] - verifyTextPresent("UDF4", true): Text 'UDF4' is present on page  using regular expression

2022-05-16 11:43:43 - [MESSAGE][PASSED] - Text 'UDF4' is present on page  using regular expression

2022-05-16 11:43:43 - [TEST_STEP][PASSED] - verifyTextPresent("UDF5", true): Text 'UDF5' is present on page  using regular expression

2022-05-16 11:43:43 - [MESSAGE][PASSED] - Text 'UDF5' is present on page  using regular expression

2022-05-16 11:43:43 - [TEST_STEP][PASSED] - verifyTextPresent("UDF6", true): Text 'UDF6' is present on page  using regular expression

2022-05-16 11:43:43 - [MESSAGE][PASSED] - Text 'UDF6' is present on page  using regular expression

2022-05-16 11:43:43 - [TEST_STEP][PASSED] - verifyTextPresent("UDF7", true): Text 'UDF7' is present on page  using regular expression

2022-05-16 11:43:44 - [MESSAGE][PASSED] - Text 'UDF7' is present on page  using regular expression

2022-05-16 11:43:44 - [TEST_STEP][PASSED] - verifyTextPresent("UDF8", true): Text 'UDF8' is present on page  using regular expression

2022-05-16 11:43:44 - [MESSAGE][PASSED] - Text 'UDF8' is present on page  using regular expression

2022-05-16 11:43:44 - [TEST_STEP][PASSED] - verifyTextPresent("UDF9", true): Text 'UDF9' is present on page  using regular expression

2022-05-16 11:43:44 - [MESSAGE][PASSED] - Text 'UDF9' is present on page  using regular expression

2022-05-16 11:43:44 - [TEST_STEP][PASSED] - verifyTextPresent("UDF 10", true): Text 'UDF 10' is present on page  using regular expression

2022-05-16 11:43:45 - [MESSAGE][PASSED] - Text 'UDF 10' is present on page  using regular expression

2022-05-16 11:43:45 - [TEST_STEP][PASSED] - verifyTextPresent("Delhi", true): Text 'Delhi' is present on page  using regular expression

2022-05-16 11:43:45 - [MESSAGE][PASSED] - Text 'Delhi' is present on page  using regular expression

2022-05-16 11:43:45 - [TEST_STEP][PASSED] - verifyTextPresent("Chennai", true): Text 'Chennai' is present on page  using regular expression

2022-05-16 11:43:45 - [MESSAGE][PASSED] - Text 'Chennai' is present on page  using regular expression

2022-05-16 11:43:45 - [TEST_STEP][PASSED] - verifyTextPresent("Mumbai", true): Text 'Mumbai' is present on page  using regular expression

2022-05-16 11:43:46 - [MESSAGE][PASSED] - Text 'Mumbai' is present on page  using regular expression

2022-05-16 11:43:46 - [TEST_STEP][PASSED] - verifyTextPresent("Kanpur", true): Text 'Kanpur' is present on page  using regular expression

2022-05-16 11:43:46 - [MESSAGE][PASSED] - Text 'Kanpur' is present on page  using regular expression

2022-05-16 11:43:46 - [TEST_STEP][PASSED] - verifyTextPresent("Orange Recorded", true): Text 'Orange Recorded' is present on page  using regular expression

2022-05-16 11:43:46 - [MESSAGE][PASSED] - Text 'Orange Recorded' is present on page  using regular expression

2022-05-16 11:43:46 - [TEST_STEP][PASSED] - verifyTextPresent("Yellow Recorded", true): Text 'Yellow Recorded' is present on page  using regular expression

2022-05-16 11:43:47 - [MESSAGE][PASSED] - Text 'Yellow Recorded' is present on page  using regular expression

2022-05-16 11:43:47 - [TEST_STEP][PASSED] - verifyTextPresent("Kolkata", true): Text 'Kolkata' is present on page  using regular expression

2022-05-16 11:43:47 - [MESSAGE][PASSED] - Text 'Kolkata' is present on page  using regular expression

2022-05-16 11:43:47 - [TEST_STEP][PASSED] - verifyTextPresent("Pune", true): Text 'Pune' is present on page  using regular expression

2022-05-16 11:43:47 - [MESSAGE][PASSED] - Text 'Pune' is present on page  using regular expression

2022-05-16 11:43:47 - [TEST_STEP][PASSED] - verifyTextPresent("Bhavnagar", true): Text 'Bhavnagar' is present on page  using regular expression

2022-05-16 11:43:48 - [MESSAGE][PASSED] - Text 'Bhavnagar' is present on page  using regular expression

2022-05-16 11:43:48 - [TEST_STEP][PASSED] - verifyTextPresent("Noida", true): Text 'Noida' is present on page  using regular expression

2022-05-16 11:43:48 - [MESSAGE][PASSED] - Text 'Noida' is present on page  using regular expression

2022-05-16 11:43:48 - [TEST_STEP][PASSED] - verifyTextPresent("Amount", true): Text 'Amount' is present on page  using regular expression

2022-05-16 11:43:48 - [MESSAGE][PASSED] - Text 'Amount' is present on page  using regular expression

2022-05-16 11:43:48 - [TEST_STEP][PASSED] - verifyTextPresent("2.50", true): Text '2.50' is present on page  using regular expression

2022-05-16 11:43:49 - [MESSAGE][PASSED] - Text '2.50' is present on page  using regular expression

2022-05-16 11:43:49 - [TEST_STEP][PASSED] - verifyTextPresent("Authorization and Capture", true): Text 'Authorization and Capture' is present on page  using regular expression

2022-05-16 11:43:49 - [MESSAGE][PASSED] - Text 'Authorization and Capture' is present on page  using regular expression

2022-05-16 11:43:49 - [TEST_STEP][PASSED] - verifyTextPresent("Card Information", true): Text 'Card Information' is present on page  using regular expression

2022-05-16 11:43:49 - [MESSAGE][PASSED] - Text 'Card Information' is present on page  using regular expression

2022-05-16 11:43:49 - [TEST_STEP][PASSED] - verifyTextPresent("TANDON RAVENA", true): Text 'TANDON RAVENA' is present on page  using regular expression

2022-05-16 11:43:50 - [MESSAGE][PASSED] - Text 'TANDON RAVENA' is present on page  using regular expression

2022-05-16 11:43:50 - [TEST_STEP][PASSED] - verifyTextPresent("Address Line 1", true): Text 'Address Line 1' is present on page  using regular expression

2022-05-16 11:43:50 - [MESSAGE][PASSED] - Text 'Address Line 1' is present on page  using regular expression

2022-05-16 11:43:50 - [TEST_STEP][PASSED] - verifyTextPresent("Address Line 2", true): Text 'Address Line 2' is present on page  using regular expression

2022-05-16 11:43:50 - [MESSAGE][PASSED] - Text 'Address Line 2' is present on page  using regular expression

2022-05-16 11:43:50 - [TEST_STEP][PASSED] - verifyTextPresent("Country", true): Text 'Country' is present on page  using regular expression

2022-05-16 11:43:51 - [MESSAGE][PASSED] - Text 'Country' is present on page  using regular expression

2022-05-16 11:43:51 - [TEST_STEP][PASSED] - verifyTextPresent("City", true): Text 'City' is present on page  using regular expression

2022-05-16 11:43:51 - [MESSAGE][PASSED] - Text 'City' is present on page  using regular expression

2022-05-16 11:43:51 - [TEST_STEP][PASSED] - verifyTextPresent("State", true): Text 'State' is present on page  using regular expression

2022-05-16 11:43:51 - [MESSAGE][PASSED] - Text 'State' is present on page  using regular expression

2022-05-16 11:43:51 - [TEST_STEP][PASSED] - verifyTextPresent("ZIP Code", true): Text 'ZIP Code' is present on page  using regular expression

2022-05-16 11:43:52 - [MESSAGE][PASSED] - Text 'ZIP Code' is present on page  using regular expression

2022-05-16 11:43:52 - [TEST_STEP][PASSED] - verifyTextPresent("248 PhoolKaante road", true): Text '248 PhoolKaante road' is present on page  using regular expression

2022-05-16 11:43:52 - [MESSAGE][PASSED] - Text '248 PhoolKaante road' is present on page  using regular expression

2022-05-16 11:43:52 - [TEST_STEP][PASSED] - verifyTextPresent("Suite 678", true): Text 'Suite 678' is present on page  using regular expression

2022-05-16 11:43:52 - [MESSAGE][PASSED] - Text 'Suite 678' is present on page  using regular expression

2022-05-16 11:43:52 - [TEST_STEP][PASSED] - verifyTextPresent("United States", true): Text 'United States' is present on page  using regular expression

2022-05-16 11:43:53 - [MESSAGE][PASSED] - Text 'United States' is present on page  using regular expression

2022-05-16 11:43:53 - [TEST_STEP][PASSED] - verifyTextPresent("ARLINGTON", true): Text 'ARLINGTON' is present on page  using regular expression

2022-05-16 11:43:53 - [MESSAGE][PASSED] - Text 'ARLINGTON' is present on page  using regular expression

2022-05-16 11:43:53 - [TEST_STEP][PASSED] - verifyTextPresent("VA", true): Text 'VA' is present on page  using regular expression

2022-05-16 11:43:53 - [MESSAGE][PASSED] - Text 'VA' is present on page  using regular expression

2022-05-16 11:43:53 - [TEST_STEP][PASSED] - verifyTextPresent("22201", true): Text '22201' is present on page  using regular expression

2022-05-16 11:43:54 - [MESSAGE][PASSED] - Text '22201' is present on page  using regular expression

2022-05-16 11:43:54 - [TEST_STEP][PASSED] - cardTypeV = findTestData(dataFile).getValue("CardType", row): null

2022-05-16 11:43:54 - [TEST_STEP][PASSED] - last4V = findTestData(dataFile).getValue("Last4", row): null

2022-05-16 11:43:54 - [TEST_STEP][PASSED] - verifyTextPresent(cardTypeV, true): Text 'American Express' is present on page  using regular expression

2022-05-16 11:43:54 - [MESSAGE][PASSED] - Text 'American Express' is present on page  using regular expression

2022-05-16 11:43:54 - [TEST_STEP][PASSED] - verifyTextPresent(last4V, true): Text '2376' is present on page  using regular expression

2022-05-16 11:43:55 - [MESSAGE][PASSED] - Text '2376' is present on page  using regular expression

2022-05-16 11:43:55 - [TEST_STEP][PASSED] - switch (appName): null

2022-05-16 11:43:55 - [TEST_STEP][PASSED] - case "a_Access AutoDualCFtpDemo":: null

2022-05-16 11:43:55 - [TEST_STEP][PASSED] - verifyTextPresent("5.00", true): Text '5.00' is present on page  using regular expression

2022-05-16 11:43:55 - [MESSAGE][PASSED] - Text '5.00' is present on page  using regular expression

2022-05-16 11:43:55 - [TEST_STEP][PASSED] - verifyTextPresent("Dual Transaction", true): Text 'Dual Transaction' is present on page  using regular expression

2022-05-16 11:43:55 - [MESSAGE][PASSED] - Text 'Dual Transaction' is present on page  using regular expression

2022-05-16 11:43:55 - [TEST_STEP][PASSED] - verifyTextPresent("7.50", true): Text '7.50' is present on page  using regular expression

2022-05-16 11:43:56 - [MESSAGE][PASSED] - Text '7.50' is present on page  using regular expression

2022-05-16 11:43:56 - [TEST_STEP][PASSED] - verifyTextPresent("Total Amount", true): Text 'Total Amount' is present on page  using regular expression

2022-05-16 11:43:56 - [MESSAGE][PASSED] - Text 'Total Amount' is present on page  using regular expression

2022-05-16 11:43:56 - [TEST_STEP][PASSED] - verifyTextPresent("Transaction Type", true): Text 'Transaction Type' is present on page  using regular expression

2022-05-16 11:43:56 - [MESSAGE][PASSED] - Text 'Transaction Type' is present on page  using regular expression

2022-05-16 11:43:56 - [TEST_STEP][PASSED] - break: null

2022-05-16 11:43:56 - [TEST_STEP][PASSED] - closeBrowser(): Browser is closed

2022-05-16 11:43:57 - [MESSAGE][PASSED] - Browser is closed

2022-05-16 11:43:57 - [TEST_STEP][PASSED] - ExecuteTC = findTestData(dataFile).getValue("Execute", row): null

2022-05-16 11:43:57 - [TEST_STEP][PASSED] - out.println("Value of Execute is : " + ExecuteTC): null

2022-05-16 11:43:57 - [TEST_STEP][PASSED] - switch (executionProfile): null

2022-05-16 11:43:57 - [TEST_STEP][PASSED] - case "DemoProfile":: null

2022-05-16 11:43:57 - [TEST_STEP][PASSED] - appName = findTestData(dataFile).getValue("AppNameDemo", row): null

2022-05-16 11:43:57 - [TEST_STEP][PASSED] - appID = findTestData(dataFile).getValue("AppIDDemo", row): null

2022-05-16 11:43:57 - [TEST_STEP][PASSED] - break: null

2022-05-16 11:43:57 - [TEST_STEP][PASSED] - if (ExecuteTC.equalsIgnoreCase("Y")): null

2022-05-16 11:43:57 - [TEST_STEP][PASSED] - out.println("Begin Record Number: " + row): null

2022-05-16 11:43:57 - [TEST_STEP][PASSED] - today = new java.util.Date(): null

2022-05-16 11:43:57 - [TEST_STEP][PASSED] - println(today): null

2022-05-16 11:43:57 - [TEST_STEP][PASSED] - datText = today: null

2022-05-16 11:43:57 - [TEST_STEP][PASSED] - adminSuiteBootstrap.loginFunctionality.login_AdminSuite(): adminSuiteBootstrap.loginFunctionality.login_AdminSuite is PASSED

2022-05-16 11:43:57 - [MESSAGE][INFO] - Starting 'Chrome' driver

2022-05-16 11:43:57 - [MESSAGE][INFO] - User set preference: ['acceptInsecureCerts', 'true']

2022-05-16 11:43:57 - [MESSAGE][INFO] - Action delay is set to 0 milliseconds

2022-05-16 11:44:00 - [MESSAGE][PASSED] - Browser is opened with url: 'https://demo.velocitypayment.com/admin/imtiazdemo'

2022-05-16 11:44:00 - [MESSAGE][PASSED] - Current window maximized

2022-05-16 11:44:01 - [MESSAGE][PASSED] - Object 'Object Repository/Login_Page/Login_Username' is present

2022-05-16 11:44:01 - [MESSAGE][PASSED] - Text 'iahmed' is set on object 'Object Repository/Login_Page/Login_Username'

2022-05-16 11:44:02 - [MESSAGE][PASSED] - Text 'hello2222' is set on object 'Object Repository/Login_Page/Login_Password'

2022-05-16 11:44:06 - [MESSAGE][PASSED] - Object: 'Object Repository/Login_Page/Login_Submit' is clicked on

2022-05-16 11:44:06 - [MESSAGE][PASSED] - adminSuiteBootstrap.loginFunctionality.login_AdminSuite is PASSED

2022-05-16 11:44:06 - [TEST_STEP][PASSED] - click(findTestObject(path_Dashboard + appName)): Object: 'Object Repository/AdminSuiteBootstrap_Pages/Dashboard_Bootstrap/a_Access AutoDualCFtpDemo' is clicked on

2022-05-16 11:44:09 - [MESSAGE][PASSED] - Object: 'Object Repository/AdminSuiteBootstrap_Pages/Dashboard_Bootstrap/a_Access AutoDualCFtpDemo' is clicked on

2022-05-16 11:44:09 - [TEST_STEP][PASSED] - click(findTestObject(path_VT + "a_Find Profile")): Object: 'Object Repository/AdminSuiteBootstrap_Pages/VT_Bootstrap/IssueTransactions/a_Find Profile' is clicked on

2022-05-16 11:44:09 - [MESSAGE][PASSED] - Object: 'Object Repository/AdminSuiteBootstrap_Pages/VT_Bootstrap/IssueTransactions/a_Find Profile' is clicked on

2022-05-16 11:44:09 - [TEST_STEP][PASSED] - criteria = <not implemented yet for class: org.codehaus.groovy.ast.expr.EmptyExpression>: null

2022-05-16 11:44:09 - [TEST_STEP][PASSED] - searchBy = <not implemented yet for class: org.codehaus.groovy.ast.expr.EmptyExpression>: null

2022-05-16 11:44:09 - [TEST_STEP][PASSED] - criteria = findTestData(dataFile).getValue("ProfileName", row): null

2022-05-16 11:44:09 - [TEST_STEP][PASSED] - path_SearchProfile = "Object Repository/AdminSuiteBootstrap_Pages/VSP_Bootstrap/SearchProfile/": null

2022-05-16 11:44:09 - [TEST_STEP][PASSED] - setText(findTestObject(path_SearchProfile + "input_Criteria"), criteria): Text 'PaymentsDI' is set on object 'Object Repository/AdminSuiteBootstrap_Pages/VSP_Bootstrap/SearchProfile/input_Criteria'

2022-05-16 11:44:10 - [MESSAGE][PASSED] - Text 'PaymentsDI' is set on object 'Object Repository/AdminSuiteBootstrap_Pages/VSP_Bootstrap/SearchProfile/input_Criteria'

2022-05-16 11:44:10 - [TEST_STEP][PASSED] - click(findTestObject(path_SearchProfile + "button_Search")): Object: 'Object Repository/AdminSuiteBootstrap_Pages/VSP_Bootstrap/SearchProfile/button_Search' is clicked on

2022-05-16 11:44:13 - [MESSAGE][PASSED] - Object: 'Object Repository/AdminSuiteBootstrap_Pages/VSP_Bootstrap/SearchProfile/button_Search' is clicked on

2022-05-16 11:44:13 - [TEST_STEP][PASSED] - profNameLink = findTestData(dataFile).getValue("ProfileNameLink", row): null

2022-05-16 11:44:13 - [TEST_STEP][PASSED] - click(findTestObject(path_ViewProfile + profNameLink)): Object: 'Object Repository/AdminSuiteBootstrap_Pages/VSP_Bootstrap/View Profile/a_PaymentsDI' is clicked on

2022-05-16 11:44:17 - [MESSAGE][PASSED] - Object: 'Object Repository/AdminSuiteBootstrap_Pages/VSP_Bootstrap/View Profile/a_PaymentsDI' is clicked on

2022-05-16 11:44:17 - [TEST_STEP][PASSED] - click(findTestObject(path_ViewProfile + "a_AuthCap")): Object: 'Object Repository/AdminSuiteBootstrap_Pages/VSP_Bootstrap/View Profile/a_AuthCap' is clicked on

2022-05-16 11:44:20 - [MESSAGE][PASSED] - Object: 'Object Repository/AdminSuiteBootstrap_Pages/VSP_Bootstrap/View Profile/a_AuthCap' is clicked on

2022-05-16 11:44:20 - [TEST_STEP][PASSED] - verifyTextPresent("Credit Card Authorization Capture", true): Text 'Credit Card Authorization Capture' is present on page  using regular expression

2022-05-16 11:44:23 - [MESSAGE][PASSED] - Text 'Credit Card Authorization Capture' is present on page  using regular expression

2022-05-16 11:44:23 - [TEST_STEP][PASSED] - verifyTextPresent("Sale", true): Text 'Sale' is present on page  using regular expression

2022-05-16 11:44:23 - [MESSAGE][PASSED] - Text 'Sale' is present on page  using regular expression

2022-05-16 11:44:23 - [TEST_STEP][PASSED] - verifyTextPresent("Required fields are highlighted with an asterisk", true): Text 'Required fields are highlighted with an asterisk' is present on page  using regular expression

2022-05-16 11:44:24 - [MESSAGE][PASSED] - Text 'Required fields are highlighted with an asterisk' is present on page  using regular expression

2022-05-16 11:44:24 - [TEST_STEP][PASSED] - verifyTextPresent("Remittance ID", true): Text 'Remittance ID' is present on page  using regular expression

2022-05-16 11:44:24 - [MESSAGE][PASSED] - Text 'Remittance ID' is present on page  using regular expression

2022-05-16 11:44:24 - [TEST_STEP][PASSED] - vspBootstrap.SalePage.setDataSaleAndAuth(row, dataFile): vspBootstrap.SalePage.setDataSaleAndAuth is PASSED

2022-05-16 11:44:26 - [MESSAGE][PASSED] - All options with value 'MOTO' are selected in object 'Object Repository/AdminSuiteBootstrap_Pages/VSP_Bootstrap/VSP_Authcap/select_TransactionCategory'  using regular expression

2022-05-16 11:44:26 - [MESSAGE][PASSED] - Text '123' is set on object 'Object Repository/AdminSuiteBootstrap_Pages/VSP_Bootstrap/VSP_Authcap/input_cvv'

2022-05-16 11:44:27 - [MESSAGE][PASSED] - Text '' is set on object 'Object Repository/AdminSuiteBootstrap_Pages/VSP_Bootstrap/VSP_Authcap/input_smsNumber'

2022-05-16 11:44:28 - [MESSAGE][PASSED] - Text '2.50' is set on object 'Object Repository/AdminSuiteBootstrap_Pages/VSP_Bootstrap/VSP_Authcap/input_amount'

2022-05-16 11:44:33 - [MESSAGE][PASSED] - Text 'Delhi' is set on object 'Object Repository/AdminSuiteBootstrap_Pages/VSP_Bootstrap/VSP_Authcap/input_userDefined1'

2022-05-16 11:44:34 - [MESSAGE][PASSED] - Text 'Chennai' is set on object 'Object Repository/AdminSuiteBootstrap_Pages/VSP_Bootstrap/VSP_Authcap/input_userDefined2'

2022-05-16 11:44:34 - [MESSAGE][PASSED] - Text 'Mumbai' is set on object 'Object Repository/AdminSuiteBootstrap_Pages/VSP_Bootstrap/VSP_Authcap/input_userDefined3'

2022-05-16 11:44:35 - [MESSAGE][PASSED] - Text 'Kanpur' is set on object 'Object Repository/AdminSuiteBootstrap_Pages/VSP_Bootstrap/VSP_Authcap/input_userDefined4'

2022-05-16 11:44:36 - [MESSAGE][PASSED] - All options with label 'Orange' are selected in object 'Object Repository/AdminSuiteBootstrap_Pages/VSP_Bootstrap/VSP_Authcap/select_UDF5'  using regular expression

2022-05-16 11:44:37 - [MESSAGE][PASSED] - All options with label 'Yellow' are selected in object 'Object Repository/AdminSuiteBootstrap_Pages/VSP_Bootstrap/VSP_Authcap/select_UDF6'  using regular expression

2022-05-16 11:44:37 - [MESSAGE][PASSED] - Text 'Kolkata' is set on object 'Object Repository/AdminSuiteBootstrap_Pages/VSP_Bootstrap/VSP_Authcap/input_userDefined7'

2022-05-16 11:44:38 - [MESSAGE][PASSED] - Text 'Pune' is set on object 'Object Repository/AdminSuiteBootstrap_Pages/VSP_Bootstrap/VSP_Authcap/input_userDefined8'

2022-05-16 11:44:39 - [MESSAGE][PASSED] - Text 'Bhavnagar' is set on object 'Object Repository/AdminSuiteBootstrap_Pages/VSP_Bootstrap/VSP_Authcap/input_userDefined9'

2022-05-16 11:44:40 - [MESSAGE][PASSED] - Text 'Noida' is set on object 'Object Repository/AdminSuiteBootstrap_Pages/VSP_Bootstrap/VSP_Authcap/input_userDefined10'

2022-05-16 11:44:49 - [MESSAGE][PASSED] - Object: 'Object Repository/AdminSuiteBootstrap_Pages/VSP_Bootstrap/VSP_Authcap/button_Submit' is clicked on

2022-05-16 11:44:49 - [MESSAGE][PASSED] - vspBootstrap.SalePage.setDataSaleAndAuth is PASSED

2022-05-16 11:44:49 - [TEST_STEP][PASSED] - verifyTextPresent("Transaction Successful", true): Text 'Transaction Successful' is present on page  using regular expression

2022-05-16 11:44:50 - [MESSAGE][PASSED] - Text 'Transaction Successful' is present on page  using regular expression

2022-05-16 11:44:50 - [TEST_STEP][PASSED] - verifyElementVisible(findTestObject("Object Repository/AdminSuiteBootstrap_Pages/VT_Bootstrap/Receipt/button_Continue")): Object 'Object Repository/AdminSuiteBootstrap_Pages/VT_Bootstrap/Receipt/button_Continue' is visible

2022-05-16 11:44:50 - [MESSAGE][PASSED] - Object 'Object Repository/AdminSuiteBootstrap_Pages/VT_Bootstrap/Receipt/button_Continue' is visible

2022-05-16 11:44:50 - [TEST_STEP][PASSED] - verifyElementPresent(findTestObject("Object Repository/AdminSuiteBootstrap_Pages/VT_Bootstrap/Receipt/button_Continue"), 20): Object 'Object Repository/AdminSuiteBootstrap_Pages/VT_Bootstrap/Receipt/button_Continue' is present

2022-05-16 11:44:50 - [MESSAGE][PASSED] - Object 'Object Repository/AdminSuiteBootstrap_Pages/VT_Bootstrap/Receipt/button_Continue' is present

2022-05-16 11:44:50 - [TEST_STEP][PASSED] - verifyElementVisible(findTestObject("Object Repository/AdminSuiteBootstrap_Pages/VT_Bootstrap/Receipt/button_Print")): Object 'Object Repository/AdminSuiteBootstrap_Pages/VT_Bootstrap/Receipt/button_Print' is visible

2022-05-16 11:44:51 - [MESSAGE][PASSED] - Object 'Object Repository/AdminSuiteBootstrap_Pages/VT_Bootstrap/Receipt/button_Print' is visible

2022-05-16 11:44:51 - [TEST_STEP][PASSED] - verifyElementPresent(findTestObject("Object Repository/AdminSuiteBootstrap_Pages/VT_Bootstrap/Receipt/button_Print"), 20): Object 'Object Repository/AdminSuiteBootstrap_Pages/VT_Bootstrap/Receipt/button_Print' is present

2022-05-16 11:44:51 - [MESSAGE][PASSED] - Object 'Object Repository/AdminSuiteBootstrap_Pages/VT_Bootstrap/Receipt/button_Print' is present

2022-05-16 11:44:51 - [TEST_STEP][PASSED] - verifyTextPresent("Remittance ID", true): Text 'Remittance ID' is present on page  using regular expression

2022-05-16 11:44:51 - [MESSAGE][PASSED] - Text 'Remittance ID' is present on page  using regular expression

2022-05-16 11:44:51 - [TEST_STEP][PASSED] - verifyTextPresent("Received", true): Text 'Received' is present on page  using regular expression

2022-05-16 11:44:51 - [MESSAGE][PASSED] - Text 'Received' is present on page  using regular expression

2022-05-16 11:44:51 - [TEST_STEP][PASSED] - verifyTextPresent("UDF1", true): Text 'UDF1' is present on page  using regular expression

2022-05-16 11:44:52 - [MESSAGE][PASSED] - Text 'UDF1' is present on page  using regular expression

2022-05-16 11:44:52 - [TEST_STEP][PASSED] - verifyTextPresent("UDF2", true): Text 'UDF2' is present on page  using regular expression

2022-05-16 11:44:52 - [MESSAGE][PASSED] - Text 'UDF2' is present on page  using regular expression

2022-05-16 11:44:52 - [TEST_STEP][PASSED] - verifyTextPresent("UDF3", true): Text 'UDF3' is present on page  using regular expression

2022-05-16 11:44:53 - [MESSAGE][PASSED] - Text 'UDF3' is present on page  using regular expression

2022-05-16 11:44:53 - [TEST_STEP][PASSED] - verifyTextPresent("UDF4", true): Text 'UDF4' is present on page  using regular expression

2022-05-16 11:44:53 - [MESSAGE][PASSED] - Text 'UDF4' is present on page  using regular expression

2022-05-16 11:44:53 - [TEST_STEP][PASSED] - verifyTextPresent("UDF5", true): Text 'UDF5' is present on page  using regular expression

2022-05-16 11:44:53 - [MESSAGE][PASSED] - Text 'UDF5' is present on page  using regular expression

2022-05-16 11:44:53 - [TEST_STEP][PASSED] - verifyTextPresent("UDF6", true): Text 'UDF6' is present on page  using regular expression

2022-05-16 11:44:54 - [MESSAGE][PASSED] - Text 'UDF6' is present on page  using regular expression

2022-05-16 11:44:54 - [TEST_STEP][PASSED] - verifyTextPresent("UDF7", true): Text 'UDF7' is present on page  using regular expression

2022-05-16 11:44:54 - [MESSAGE][PASSED] - Text 'UDF7' is present on page  using regular expression

2022-05-16 11:44:54 - [TEST_STEP][PASSED] - verifyTextPresent("UDF8", true): Text 'UDF8' is present on page  using regular expression

2022-05-16 11:44:54 - [MESSAGE][PASSED] - Text 'UDF8' is present on page  using regular expression

2022-05-16 11:44:54 - [TEST_STEP][PASSED] - verifyTextPresent("UDF9", true): Text 'UDF9' is present on page  using regular expression

2022-05-16 11:44:55 - [MESSAGE][PASSED] - Text 'UDF9' is present on page  using regular expression

2022-05-16 11:44:55 - [TEST_STEP][PASSED] - verifyTextPresent("UDF 10", true): Text 'UDF 10' is present on page  using regular expression

2022-05-16 11:44:55 - [MESSAGE][PASSED] - Text 'UDF 10' is present on page  using regular expression

2022-05-16 11:44:55 - [TEST_STEP][PASSED] - verifyTextPresent("Delhi", true): Text 'Delhi' is present on page  using regular expression

2022-05-16 11:44:55 - [MESSAGE][PASSED] - Text 'Delhi' is present on page  using regular expression

2022-05-16 11:44:55 - [TEST_STEP][PASSED] - verifyTextPresent("Chennai", true): Text 'Chennai' is present on page  using regular expression

2022-05-16 11:44:56 - [MESSAGE][PASSED] - Text 'Chennai' is present on page  using regular expression

2022-05-16 11:44:56 - [TEST_STEP][PASSED] - verifyTextPresent("Mumbai", true): Text 'Mumbai' is present on page  using regular expression

2022-05-16 11:44:56 - [MESSAGE][PASSED] - Text 'Mumbai' is present on page  using regular expression

2022-05-16 11:44:56 - [TEST_STEP][PASSED] - verifyTextPresent("Kanpur", true): Text 'Kanpur' is present on page  using regular expression

2022-05-16 11:44:56 - [MESSAGE][PASSED] - Text 'Kanpur' is present on page  using regular expression

2022-05-16 11:44:56 - [TEST_STEP][PASSED] - verifyTextPresent("Orange Recorded", true): Text 'Orange Recorded' is present on page  using regular expression

2022-05-16 11:44:57 - [MESSAGE][PASSED] - Text 'Orange Recorded' is present on page  using regular expression

2022-05-16 11:44:57 - [TEST_STEP][PASSED] - verifyTextPresent("Yellow Recorded", true): Text 'Yellow Recorded' is present on page  using regular expression

2022-05-16 11:44:57 - [MESSAGE][PASSED] - Text 'Yellow Recorded' is present on page  using regular expression

2022-05-16 11:44:57 - [TEST_STEP][PASSED] - verifyTextPresent("Kolkata", true): Text 'Kolkata' is present on page  using regular expression

2022-05-16 11:44:57 - [MESSAGE][PASSED] - Text 'Kolkata' is present on page  using regular expression

2022-05-16 11:44:57 - [TEST_STEP][PASSED] - verifyTextPresent("Pune", true): Text 'Pune' is present on page  using regular expression

2022-05-16 11:44:58 - [MESSAGE][PASSED] - Text 'Pune' is present on page  using regular expression

2022-05-16 11:44:58 - [TEST_STEP][PASSED] - verifyTextPresent("Bhavnagar", true): Text 'Bhavnagar' is present on page  using regular expression

2022-05-16 11:44:58 - [MESSAGE][PASSED] - Text 'Bhavnagar' is present on page  using regular expression

2022-05-16 11:44:58 - [TEST_STEP][PASSED] - verifyTextPresent("Noida", true): Text 'Noida' is present on page  using regular expression

2022-05-16 11:44:58 - [MESSAGE][PASSED] - Text 'Noida' is present on page  using regular expression

2022-05-16 11:44:58 - [TEST_STEP][PASSED] - verifyTextPresent("Amount", true): Text 'Amount' is present on page  using regular expression

2022-05-16 11:44:59 - [MESSAGE][PASSED] - Text 'Amount' is present on page  using regular expression

2022-05-16 11:44:59 - [TEST_STEP][PASSED] - verifyTextPresent("2.50", true): Text '2.50' is present on page  using regular expression

2022-05-16 11:44:59 - [MESSAGE][PASSED] - Text '2.50' is present on page  using regular expression

2022-05-16 11:44:59 - [TEST_STEP][PASSED] - verifyTextPresent("Authorization and Capture", true): Text 'Authorization and Capture' is present on page  using regular expression

2022-05-16 11:44:59 - [MESSAGE][PASSED] - Text 'Authorization and Capture' is present on page  using regular expression

2022-05-16 11:44:59 - [TEST_STEP][PASSED] - verifyTextPresent("Card Information", true): Text 'Card Information' is present on page  using regular expression

2022-05-16 11:45:00 - [MESSAGE][PASSED] - Text 'Card Information' is present on page  using regular expression

2022-05-16 11:45:00 - [TEST_STEP][PASSED] - verifyTextPresent("TANDON RAVENA", true): Text 'TANDON RAVENA' is present on page  using regular expression

2022-05-16 11:45:00 - [MESSAGE][PASSED] - Text 'TANDON RAVENA' is present on page  using regular expression

2022-05-16 11:45:00 - [TEST_STEP][PASSED] - verifyTextPresent("Address Line 1", true): Text 'Address Line 1' is present on page  using regular expression

2022-05-16 11:45:00 - [MESSAGE][PASSED] - Text 'Address Line 1' is present on page  using regular expression

2022-05-16 11:45:00 - [TEST_STEP][PASSED] - verifyTextPresent("Address Line 2", true): Text 'Address Line 2' is present on page  using regular expression

2022-05-16 11:45:01 - [MESSAGE][PASSED] - Text 'Address Line 2' is present on page  using regular expression

2022-05-16 11:45:01 - [TEST_STEP][PASSED] - verifyTextPresent("Country", true): Text 'Country' is present on page  using regular expression

2022-05-16 11:45:01 - [MESSAGE][PASSED] - Text 'Country' is present on page  using regular expression

2022-05-16 11:45:01 - [TEST_STEP][PASSED] - verifyTextPresent("City", true): Text 'City' is present on page  using regular expression

2022-05-16 11:45:01 - [MESSAGE][PASSED] - Text 'City' is present on page  using regular expression

2022-05-16 11:45:01 - [TEST_STEP][PASSED] - verifyTextPresent("State", true): Text 'State' is present on page  using regular expression

2022-05-16 11:45:02 - [MESSAGE][PASSED] - Text 'State' is present on page  using regular expression

2022-05-16 11:45:02 - [TEST_STEP][PASSED] - verifyTextPresent("ZIP Code", true): Text 'ZIP Code' is present on page  using regular expression

2022-05-16 11:45:02 - [MESSAGE][PASSED] - Text 'ZIP Code' is present on page  using regular expression

2022-05-16 11:45:02 - [TEST_STEP][PASSED] - verifyTextPresent("248 PhoolKaante road", true): Text '248 PhoolKaante road' is present on page  using regular expression

2022-05-16 11:45:02 - [MESSAGE][PASSED] - Text '248 PhoolKaante road' is present on page  using regular expression

2022-05-16 11:45:02 - [TEST_STEP][PASSED] - verifyTextPresent("Suite 678", true): Text 'Suite 678' is present on page  using regular expression

2022-05-16 11:45:03 - [MESSAGE][PASSED] - Text 'Suite 678' is present on page  using regular expression

2022-05-16 11:45:03 - [TEST_STEP][PASSED] - verifyTextPresent("United States", true): Text 'United States' is present on page  using regular expression

2022-05-16 11:45:03 - [MESSAGE][PASSED] - Text 'United States' is present on page  using regular expression

2022-05-16 11:45:03 - [TEST_STEP][PASSED] - verifyTextPresent("ARLINGTON", true): Text 'ARLINGTON' is present on page  using regular expression

2022-05-16 11:45:03 - [MESSAGE][PASSED] - Text 'ARLINGTON' is present on page  using regular expression

2022-05-16 11:45:03 - [TEST_STEP][PASSED] - verifyTextPresent("VA", true): Text 'VA' is present on page  using regular expression

2022-05-16 11:45:04 - [MESSAGE][PASSED] - Text 'VA' is present on page  using regular expression

2022-05-16 11:45:04 - [TEST_STEP][PASSED] - verifyTextPresent("22201", true): Text '22201' is present on page  using regular expression

2022-05-16 11:45:04 - [MESSAGE][PASSED] - Text '22201' is present on page  using regular expression

2022-05-16 11:45:04 - [TEST_STEP][PASSED] - cardTypeV = findTestData(dataFile).getValue("CardType", row): null

2022-05-16 11:45:04 - [TEST_STEP][PASSED] - last4V = findTestData(dataFile).getValue("Last4", row): null

2022-05-16 11:45:04 - [TEST_STEP][PASSED] - verifyTextPresent(cardTypeV, true): Text 'Discover' is present on page  using regular expression

2022-05-16 11:45:04 - [MESSAGE][PASSED] - Text 'Discover' is present on page  using regular expression

2022-05-16 11:45:04 - [TEST_STEP][PASSED] - verifyTextPresent(last4V, true): Text '6909' is present on page  using regular expression

2022-05-16 11:45:05 - [MESSAGE][PASSED] - Text '6909' is present on page  using regular expression

2022-05-16 11:45:05 - [TEST_STEP][PASSED] - switch (appName): null

2022-05-16 11:45:05 - [TEST_STEP][PASSED] - case "a_Access AutoDualCFtpDemo":: null

2022-05-16 11:45:05 - [TEST_STEP][PASSED] - verifyTextPresent("5.00", true): Text '5.00' is present on page  using regular expression

2022-05-16 11:45:05 - [MESSAGE][PASSED] - Text '5.00' is present on page  using regular expression

2022-05-16 11:45:05 - [TEST_STEP][PASSED] - verifyTextPresent("Dual Transaction", true): Text 'Dual Transaction' is present on page  using regular expression

2022-05-16 11:45:05 - [MESSAGE][PASSED] - Text 'Dual Transaction' is present on page  using regular expression

2022-05-16 11:45:05 - [TEST_STEP][PASSED] - verifyTextPresent("7.50", true): Text '7.50' is present on page  using regular expression

2022-05-16 11:45:06 - [MESSAGE][PASSED] - Text '7.50' is present on page  using regular expression

2022-05-16 11:45:06 - [TEST_STEP][PASSED] - verifyTextPresent("Total Amount", true): Text 'Total Amount' is present on page  using regular expression

2022-05-16 11:45:06 - [MESSAGE][PASSED] - Text 'Total Amount' is present on page  using regular expression

2022-05-16 11:45:06 - [TEST_STEP][PASSED] - verifyTextPresent("Transaction Type", true): Text 'Transaction Type' is present on page  using regular expression

2022-05-16 11:45:06 - [MESSAGE][PASSED] - Text 'Transaction Type' is present on page  using regular expression

2022-05-16 11:45:06 - [TEST_STEP][PASSED] - break: null

2022-05-16 11:45:06 - [TEST_STEP][PASSED] - closeBrowser(): Browser is closed

2022-05-16 11:45:07 - [MESSAGE][PASSED] - Browser is closed

2022-05-16 11:45:07 - [TEST_STEP][PASSED] - ExecuteTC = findTestData(dataFile).getValue("Execute", row): null

2022-05-16 11:45:07 - [TEST_STEP][PASSED] - out.println("Value of Execute is : " + ExecuteTC): null

2022-05-16 11:45:07 - [TEST_STEP][PASSED] - switch (executionProfile): null

2022-05-16 11:45:07 - [TEST_STEP][PASSED] - case "DemoProfile":: null

2022-05-16 11:45:07 - [TEST_STEP][PASSED] - appName = findTestData(dataFile).getValue("AppNameDemo", row): null

2022-05-16 11:45:07 - [TEST_STEP][PASSED] - appID = findTestData(dataFile).getValue("AppIDDemo", row): null

2022-05-16 11:45:07 - [TEST_STEP][PASSED] - break: null

2022-05-16 11:45:07 - [TEST_STEP][PASSED] - if (ExecuteTC.equalsIgnoreCase("Y")): null

2022-05-16 11:45:07 - [TEST_STEP][PASSED] - out.println("Begin Record Number: " + row): null

2022-05-16 11:45:07 - [TEST_STEP][PASSED] - today = new java.util.Date(): null

2022-05-16 11:45:07 - [TEST_STEP][PASSED] - println(today): null

2022-05-16 11:45:07 - [TEST_STEP][PASSED] - datText = today: null

2022-05-16 11:45:07 - [TEST_STEP][PASSED] - adminSuiteBootstrap.loginFunctionality.login_AdminSuite(): adminSuiteBootstrap.loginFunctionality.login_AdminSuite is PASSED

2022-05-16 11:45:07 - [MESSAGE][INFO] - Starting 'Chrome' driver

2022-05-16 11:45:07 - [MESSAGE][INFO] - User set preference: ['acceptInsecureCerts', 'true']

2022-05-16 11:45:07 - [MESSAGE][INFO] - Action delay is set to 0 milliseconds

2022-05-16 11:45:10 - [MESSAGE][PASSED] - Browser is opened with url: 'https://demo.velocitypayment.com/admin/imtiazdemo'

2022-05-16 11:45:10 - [MESSAGE][PASSED] - Current window maximized

2022-05-16 11:45:10 - [MESSAGE][PASSED] - Object 'Object Repository/Login_Page/Login_Username' is present

2022-05-16 11:45:11 - [MESSAGE][PASSED] - Text 'iahmed' is set on object 'Object Repository/Login_Page/Login_Username'

2022-05-16 11:45:12 - [MESSAGE][PASSED] - Text 'hello2222' is set on object 'Object Repository/Login_Page/Login_Password'

2022-05-16 11:45:16 - [MESSAGE][PASSED] - Object: 'Object Repository/Login_Page/Login_Submit' is clicked on

2022-05-16 11:45:16 - [MESSAGE][PASSED] - adminSuiteBootstrap.loginFunctionality.login_AdminSuite is PASSED

2022-05-16 11:45:16 - [TEST_STEP][PASSED] - click(findTestObject(path_Dashboard + appName)): Object: 'Object Repository/AdminSuiteBootstrap_Pages/Dashboard_Bootstrap/a_Access AutoDualCFtpDemo' is clicked on

2022-05-16 11:45:19 - [MESSAGE][PASSED] - Object: 'Object Repository/AdminSuiteBootstrap_Pages/Dashboard_Bootstrap/a_Access AutoDualCFtpDemo' is clicked on

2022-05-16 11:45:19 - [TEST_STEP][PASSED] - click(findTestObject(path_VT + "a_Find Profile")): Object: 'Object Repository/AdminSuiteBootstrap_Pages/VT_Bootstrap/IssueTransactions/a_Find Profile' is clicked on

2022-05-16 11:45:19 - [MESSAGE][PASSED] - Object: 'Object Repository/AdminSuiteBootstrap_Pages/VT_Bootstrap/IssueTransactions/a_Find Profile' is clicked on

2022-05-16 11:45:19 - [TEST_STEP][PASSED] - criteria = <not implemented yet for class: org.codehaus.groovy.ast.expr.EmptyExpression>: null

2022-05-16 11:45:19 - [TEST_STEP][PASSED] - searchBy = <not implemented yet for class: org.codehaus.groovy.ast.expr.EmptyExpression>: null

2022-05-16 11:45:19 - [TEST_STEP][PASSED] - criteria = findTestData(dataFile).getValue("ProfileName", row): null

2022-05-16 11:45:19 - [TEST_STEP][PASSED] - path_SearchProfile = "Object Repository/AdminSuiteBootstrap_Pages/VSP_Bootstrap/SearchProfile/": null

2022-05-16 11:45:19 - [TEST_STEP][PASSED] - setText(findTestObject(path_SearchProfile + "input_Criteria"), criteria): Text 'PaymentsVisa' is set on object 'Object Repository/AdminSuiteBootstrap_Pages/VSP_Bootstrap/SearchProfile/input_Criteria'

2022-05-16 11:45:20 - [MESSAGE][PASSED] - Text 'PaymentsVisa' is set on object 'Object Repository/AdminSuiteBootstrap_Pages/VSP_Bootstrap/SearchProfile/input_Criteria'

2022-05-16 11:45:20 - [TEST_STEP][PASSED] - click(findTestObject(path_SearchProfile + "button_Search")): Object: 'Object Repository/AdminSuiteBootstrap_Pages/VSP_Bootstrap/SearchProfile/button_Search' is clicked on

2022-05-16 11:45:23 - [MESSAGE][PASSED] - Object: 'Object Repository/AdminSuiteBootstrap_Pages/VSP_Bootstrap/SearchProfile/button_Search' is clicked on

2022-05-16 11:45:23 - [TEST_STEP][PASSED] - profNameLink = findTestData(dataFile).getValue("ProfileNameLink", row): null

2022-05-16 11:45:23 - [TEST_STEP][PASSED] - click(findTestObject(path_ViewProfile + profNameLink)): Object: 'Object Repository/AdminSuiteBootstrap_Pages/VSP_Bootstrap/View Profile/a_PaymentsVisa' is clicked on

2022-05-16 11:45:26 - [MESSAGE][PASSED] - Object: 'Object Repository/AdminSuiteBootstrap_Pages/VSP_Bootstrap/View Profile/a_PaymentsVisa' is clicked on

2022-05-16 11:45:26 - [TEST_STEP][PASSED] - click(findTestObject(path_ViewProfile + "a_AuthCap")): Object: 'Object Repository/AdminSuiteBootstrap_Pages/VSP_Bootstrap/View Profile/a_AuthCap' is clicked on

2022-05-16 11:45:30 - [MESSAGE][PASSED] - Object: 'Object Repository/AdminSuiteBootstrap_Pages/VSP_Bootstrap/View Profile/a_AuthCap' is clicked on

2022-05-16 11:45:30 - [TEST_STEP][PASSED] - verifyTextPresent("Credit Card Authorization Capture", true): Text 'Credit Card Authorization Capture' is present on page  using regular expression

2022-05-16 11:45:33 - [MESSAGE][PASSED] - Text 'Credit Card Authorization Capture' is present on page  using regular expression

2022-05-16 11:45:33 - [TEST_STEP][PASSED] - verifyTextPresent("Sale", true): Text 'Sale' is present on page  using regular expression

2022-05-16 11:45:33 - [MESSAGE][PASSED] - Text 'Sale' is present on page  using regular expression

2022-05-16 11:45:33 - [TEST_STEP][PASSED] - verifyTextPresent("Required fields are highlighted with an asterisk", true): Text 'Required fields are highlighted with an asterisk' is present on page  using regular expression

2022-05-16 11:45:34 - [MESSAGE][PASSED] - Text 'Required fields are highlighted with an asterisk' is present on page  using regular expression

2022-05-16 11:45:34 - [TEST_STEP][PASSED] - verifyTextPresent("Remittance ID", true): Text 'Remittance ID' is present on page  using regular expression

2022-05-16 11:45:34 - [MESSAGE][PASSED] - Text 'Remittance ID' is present on page  using regular expression

2022-05-16 11:45:34 - [TEST_STEP][PASSED] - vspBootstrap.SalePage.setDataSaleAndAuth(row, dataFile): vspBootstrap.SalePage.setDataSaleAndAuth is PASSED

2022-05-16 11:45:35 - [MESSAGE][PASSED] - All options with value 'RETL' are selected in object 'Object Repository/AdminSuiteBootstrap_Pages/VSP_Bootstrap/VSP_Authcap/select_TransactionCategory'  using regular expression

2022-05-16 11:45:36 - [MESSAGE][PASSED] - Text '123' is set on object 'Object Repository/AdminSuiteBootstrap_Pages/VSP_Bootstrap/VSP_Authcap/input_cvv'

2022-05-16 11:45:37 - [MESSAGE][PASSED] - Text '' is set on object 'Object Repository/AdminSuiteBootstrap_Pages/VSP_Bootstrap/VSP_Authcap/input_smsNumber'

2022-05-16 11:45:37 - [MESSAGE][PASSED] - Text '2.50' is set on object 'Object Repository/AdminSuiteBootstrap_Pages/VSP_Bootstrap/VSP_Authcap/input_amount'

2022-05-16 11:45:43 - [MESSAGE][PASSED] - Text 'Delhi' is set on object 'Object Repository/AdminSuiteBootstrap_Pages/VSP_Bootstrap/VSP_Authcap/input_userDefined1'

2022-05-16 11:45:43 - [MESSAGE][PASSED] - Text 'Chennai' is set on object 'Object Repository/AdminSuiteBootstrap_Pages/VSP_Bootstrap/VSP_Authcap/input_userDefined2'

2022-05-16 11:45:44 - [MESSAGE][PASSED] - Text 'Mumbai' is set on object 'Object Repository/AdminSuiteBootstrap_Pages/VSP_Bootstrap/VSP_Authcap/input_userDefined3'

2022-05-16 11:45:45 - [MESSAGE][PASSED] - Text 'Kanpur' is set on object 'Object Repository/AdminSuiteBootstrap_Pages/VSP_Bootstrap/VSP_Authcap/input_userDefined4'

2022-05-16 11:45:46 - [MESSAGE][PASSED] - All options with label 'Orange' are selected in object 'Object Repository/AdminSuiteBootstrap_Pages/VSP_Bootstrap/VSP_Authcap/select_UDF5'  using regular expression

2022-05-16 11:45:47 - [MESSAGE][PASSED] - All options with label 'Yellow' are selected in object 'Object Repository/AdminSuiteBootstrap_Pages/VSP_Bootstrap/VSP_Authcap/select_UDF6'  using regular expression

2022-05-16 11:45:47 - [MESSAGE][PASSED] - Text 'Kolkata' is set on object 'Object Repository/AdminSuiteBootstrap_Pages/VSP_Bootstrap/VSP_Authcap/input_userDefined7'

2022-05-16 11:45:48 - [MESSAGE][PASSED] - Text 'Pune' is set on object 'Object Repository/AdminSuiteBootstrap_Pages/VSP_Bootstrap/VSP_Authcap/input_userDefined8'

2022-05-16 11:45:49 - [MESSAGE][PASSED] - Text 'Bhavnagar' is set on object 'Object Repository/AdminSuiteBootstrap_Pages/VSP_Bootstrap/VSP_Authcap/input_userDefined9'

2022-05-16 11:45:49 - [MESSAGE][PASSED] - Text 'Noida' is set on object 'Object Repository/AdminSuiteBootstrap_Pages/VSP_Bootstrap/VSP_Authcap/input_userDefined10'

2022-05-16 11:45:54 - [MESSAGE][PASSED] - Object: 'Object Repository/AdminSuiteBootstrap_Pages/VSP_Bootstrap/VSP_Authcap/button_Submit' is clicked on

2022-05-16 11:45:54 - [MESSAGE][PASSED] - vspBootstrap.SalePage.setDataSaleAndAuth is PASSED

2022-05-16 11:45:54 - [TEST_STEP][PASSED] - verifyTextPresent("Transaction Successful", true): Text 'Transaction Successful' is present on page  using regular expression

2022-05-16 11:45:55 - [MESSAGE][PASSED] - Text 'Transaction Successful' is present on page  using regular expression

2022-05-16 11:45:55 - [TEST_STEP][PASSED] - verifyElementVisible(findTestObject("Object Repository/AdminSuiteBootstrap_Pages/VT_Bootstrap/Receipt/button_Continue")): Object 'Object Repository/AdminSuiteBootstrap_Pages/VT_Bootstrap/Receipt/button_Continue' is visible

2022-05-16 11:45:55 - [MESSAGE][PASSED] - Object 'Object Repository/AdminSuiteBootstrap_Pages/VT_Bootstrap/Receipt/button_Continue' is visible

2022-05-16 11:45:55 - [TEST_STEP][PASSED] - verifyElementPresent(findTestObject("Object Repository/AdminSuiteBootstrap_Pages/VT_Bootstrap/Receipt/button_Continue"), 20): Object 'Object Repository/AdminSuiteBootstrap_Pages/VT_Bootstrap/Receipt/button_Continue' is present

2022-05-16 11:45:56 - [MESSAGE][PASSED] - Object 'Object Repository/AdminSuiteBootstrap_Pages/VT_Bootstrap/Receipt/button_Continue' is present

2022-05-16 11:45:56 - [TEST_STEP][PASSED] - verifyElementVisible(findTestObject("Object Repository/AdminSuiteBootstrap_Pages/VT_Bootstrap/Receipt/button_Print")): Object 'Object Repository/AdminSuiteBootstrap_Pages/VT_Bootstrap/Receipt/button_Print' is visible

2022-05-16 11:45:56 - [MESSAGE][PASSED] - Object 'Object Repository/AdminSuiteBootstrap_Pages/VT_Bootstrap/Receipt/button_Print' is visible

2022-05-16 11:45:56 - [TEST_STEP][PASSED] - verifyElementPresent(findTestObject("Object Repository/AdminSuiteBootstrap_Pages/VT_Bootstrap/Receipt/button_Print"), 20): Object 'Object Repository/AdminSuiteBootstrap_Pages/VT_Bootstrap/Receipt/button_Print' is present

2022-05-16 11:45:56 - [MESSAGE][PASSED] - Object 'Object Repository/AdminSuiteBootstrap_Pages/VT_Bootstrap/Receipt/button_Print' is present

2022-05-16 11:45:56 - [TEST_STEP][PASSED] - verifyTextPresent("Remittance ID", true): Text 'Remittance ID' is present on page  using regular expression

2022-05-16 11:45:57 - [MESSAGE][PASSED] - Text 'Remittance ID' is present on page  using regular expression

2022-05-16 11:45:57 - [TEST_STEP][PASSED] - verifyTextPresent("Received", true): Text 'Received' is present on page  using regular expression

2022-05-16 11:45:57 - [MESSAGE][PASSED] - Text 'Received' is present on page  using regular expression

2022-05-16 11:45:57 - [TEST_STEP][PASSED] - verifyTextPresent("UDF1", true): Text 'UDF1' is present on page  using regular expression

2022-05-16 11:45:57 - [MESSAGE][PASSED] - Text 'UDF1' is present on page  using regular expression

2022-05-16 11:45:57 - [TEST_STEP][PASSED] - verifyTextPresent("UDF2", true): Text 'UDF2' is present on page  using regular expression

2022-05-16 11:45:58 - [MESSAGE][PASSED] - Text 'UDF2' is present on page  using regular expression

2022-05-16 11:45:58 - [TEST_STEP][PASSED] - verifyTextPresent("UDF3", true): Text 'UDF3' is present on page  using regular expression

2022-05-16 11:45:58 - [MESSAGE][PASSED] - Text 'UDF3' is present on page  using regular expression

2022-05-16 11:45:58 - [TEST_STEP][PASSED] - verifyTextPresent("UDF4", true): Text 'UDF4' is present on page  using regular expression

2022-05-16 11:45:58 - [MESSAGE][PASSED] - Text 'UDF4' is present on page  using regular expression

2022-05-16 11:45:58 - [TEST_STEP][PASSED] - verifyTextPresent("UDF5", true): Text 'UDF5' is present on page  using regular expression

2022-05-16 11:45:59 - [MESSAGE][PASSED] - Text 'UDF5' is present on page  using regular expression

2022-05-16 11:45:59 - [TEST_STEP][PASSED] - verifyTextPresent("UDF6", true): Text 'UDF6' is present on page  using regular expression

2022-05-16 11:45:59 - [MESSAGE][PASSED] - Text 'UDF6' is present on page  using regular expression

2022-05-16 11:45:59 - [TEST_STEP][PASSED] - verifyTextPresent("UDF7", true): Text 'UDF7' is present on page  using regular expression

2022-05-16 11:45:59 - [MESSAGE][PASSED] - Text 'UDF7' is present on page  using regular expression

2022-05-16 11:45:59 - [TEST_STEP][PASSED] - verifyTextPresent("UDF8", true): Text 'UDF8' is present on page  using regular expression

2022-05-16 11:46:00 - [MESSAGE][PASSED] - Text 'UDF8' is present on page  using regular expression

2022-05-16 11:46:00 - [TEST_STEP][PASSED] - verifyTextPresent("UDF9", true): Text 'UDF9' is present on page  using regular expression

2022-05-16 11:46:00 - [MESSAGE][PASSED] - Text 'UDF9' is present on page  using regular expression

2022-05-16 11:46:00 - [TEST_STEP][PASSED] - verifyTextPresent("UDF 10", true): Text 'UDF 10' is present on page  using regular expression

2022-05-16 11:46:00 - [MESSAGE][PASSED] - Text 'UDF 10' is present on page  using regular expression

2022-05-16 11:46:00 - [TEST_STEP][PASSED] - verifyTextPresent("Delhi", true): Text 'Delhi' is present on page  using regular expression

2022-05-16 11:46:00 - [MESSAGE][PASSED] - Text 'Delhi' is present on page  using regular expression

2022-05-16 11:46:00 - [TEST_STEP][PASSED] - verifyTextPresent("Chennai", true): Text 'Chennai' is present on page  using regular expression

2022-05-16 11:46:01 - [MESSAGE][PASSED] - Text 'Chennai' is present on page  using regular expression

2022-05-16 11:46:01 - [TEST_STEP][PASSED] - verifyTextPresent("Mumbai", true): Text 'Mumbai' is present on page  using regular expression

2022-05-16 11:46:01 - [MESSAGE][PASSED] - Text 'Mumbai' is present on page  using regular expression

2022-05-16 11:46:01 - [TEST_STEP][PASSED] - verifyTextPresent("Kanpur", true): Text 'Kanpur' is present on page  using regular expression

2022-05-16 11:46:01 - [MESSAGE][PASSED] - Text 'Kanpur' is present on page  using regular expression

2022-05-16 11:46:01 - [TEST_STEP][PASSED] - verifyTextPresent("Orange Recorded", true): Text 'Orange Recorded' is present on page  using regular expression

2022-05-16 11:46:02 - [MESSAGE][PASSED] - Text 'Orange Recorded' is present on page  using regular expression

2022-05-16 11:46:02 - [TEST_STEP][PASSED] - verifyTextPresent("Yellow Recorded", true): Text 'Yellow Recorded' is present on page  using regular expression

2022-05-16 11:46:02 - [MESSAGE][PASSED] - Text 'Yellow Recorded' is present on page  using regular expression

2022-05-16 11:46:02 - [TEST_STEP][PASSED] - verifyTextPresent("Kolkata", true): Text 'Kolkata' is present on page  using regular expression

2022-05-16 11:46:02 - [MESSAGE][PASSED] - Text 'Kolkata' is present on page  using regular expression

2022-05-16 11:46:02 - [TEST_STEP][PASSED] - verifyTextPresent("Pune", true): Text 'Pune' is present on page  using regular expression

2022-05-16 11:46:03 - [MESSAGE][PASSED] - Text 'Pune' is present on page  using regular expression

2022-05-16 11:46:03 - [TEST_STEP][PASSED] - verifyTextPresent("Bhavnagar", true): Text 'Bhavnagar' is present on page  using regular expression

2022-05-16 11:46:03 - [MESSAGE][PASSED] - Text 'Bhavnagar' is present on page  using regular expression

2022-05-16 11:46:03 - [TEST_STEP][PASSED] - verifyTextPresent("Noida", true): Text 'Noida' is present on page  using regular expression

2022-05-16 11:46:03 - [MESSAGE][PASSED] - Text 'Noida' is present on page  using regular expression

2022-05-16 11:46:03 - [TEST_STEP][PASSED] - verifyTextPresent("Amount", true): Text 'Amount' is present on page  using regular expression

2022-05-16 11:46:04 - [MESSAGE][PASSED] - Text 'Amount' is present on page  using regular expression

2022-05-16 11:46:04 - [TEST_STEP][PASSED] - verifyTextPresent("2.50", true): Text '2.50' is present on page  using regular expression

2022-05-16 11:46:04 - [MESSAGE][PASSED] - Text '2.50' is present on page  using regular expression

2022-05-16 11:46:04 - [TEST_STEP][PASSED] - verifyTextPresent("Authorization and Capture", true): Text 'Authorization and Capture' is present on page  using regular expression

2022-05-16 11:46:04 - [MESSAGE][PASSED] - Text 'Authorization and Capture' is present on page  using regular expression

2022-05-16 11:46:04 - [TEST_STEP][PASSED] - verifyTextPresent("Card Information", true): Text 'Card Information' is present on page  using regular expression

2022-05-16 11:46:05 - [MESSAGE][PASSED] - Text 'Card Information' is present on page  using regular expression

2022-05-16 11:46:05 - [TEST_STEP][PASSED] - verifyTextPresent("TANDON RAVENA", true): Text 'TANDON RAVENA' is present on page  using regular expression

2022-05-16 11:46:05 - [MESSAGE][PASSED] - Text 'TANDON RAVENA' is present on page  using regular expression

2022-05-16 11:46:05 - [TEST_STEP][PASSED] - verifyTextPresent("Address Line 1", true): Text 'Address Line 1' is present on page  using regular expression

2022-05-16 11:46:05 - [MESSAGE][PASSED] - Text 'Address Line 1' is present on page  using regular expression

2022-05-16 11:46:05 - [TEST_STEP][PASSED] - verifyTextPresent("Address Line 2", true): Text 'Address Line 2' is present on page  using regular expression

2022-05-16 11:46:06 - [MESSAGE][PASSED] - Text 'Address Line 2' is present on page  using regular expression

2022-05-16 11:46:06 - [TEST_STEP][PASSED] - verifyTextPresent("Country", true): Text 'Country' is present on page  using regular expression

2022-05-16 11:46:06 - [MESSAGE][PASSED] - Text 'Country' is present on page  using regular expression

2022-05-16 11:46:06 - [TEST_STEP][PASSED] - verifyTextPresent("City", true): Text 'City' is present on page  using regular expression

2022-05-16 11:46:06 - [MESSAGE][PASSED] - Text 'City' is present on page  using regular expression

2022-05-16 11:46:06 - [TEST_STEP][PASSED] - verifyTextPresent("State", true): Text 'State' is present on page  using regular expression

2022-05-16 11:46:07 - [MESSAGE][PASSED] - Text 'State' is present on page  using regular expression

2022-05-16 11:46:07 - [TEST_STEP][PASSED] - verifyTextPresent("ZIP Code", true): Text 'ZIP Code' is present on page  using regular expression

2022-05-16 11:46:07 - [MESSAGE][PASSED] - Text 'ZIP Code' is present on page  using regular expression

2022-05-16 11:46:07 - [TEST_STEP][PASSED] - verifyTextPresent("248 PhoolKaante road", true): Text '248 PhoolKaante road' is present on page  using regular expression

2022-05-16 11:46:07 - [MESSAGE][PASSED] - Text '248 PhoolKaante road' is present on page  using regular expression

2022-05-16 11:46:07 - [TEST_STEP][PASSED] - verifyTextPresent("Suite 678", true): Text 'Suite 678' is present on page  using regular expression

2022-05-16 11:46:08 - [MESSAGE][PASSED] - Text 'Suite 678' is present on page  using regular expression

2022-05-16 11:46:08 - [TEST_STEP][PASSED] - verifyTextPresent("United States", true): Text 'United States' is present on page  using regular expression

2022-05-16 11:46:08 - [MESSAGE][PASSED] - Text 'United States' is present on page  using regular expression

2022-05-16 11:46:08 - [TEST_STEP][PASSED] - verifyTextPresent("ARLINGTON", true): Text 'ARLINGTON' is present on page  using regular expression

2022-05-16 11:46:08 - [MESSAGE][PASSED] - Text 'ARLINGTON' is present on page  using regular expression

2022-05-16 11:46:08 - [TEST_STEP][PASSED] - verifyTextPresent("VA", true): Text 'VA' is present on page  using regular expression

2022-05-16 11:46:09 - [MESSAGE][PASSED] - Text 'VA' is present on page  using regular expression

2022-05-16 11:46:09 - [TEST_STEP][PASSED] - verifyTextPresent("22201", true): Text '22201' is present on page  using regular expression

2022-05-16 11:46:09 - [MESSAGE][PASSED] - Text '22201' is present on page  using regular expression

2022-05-16 11:46:09 - [TEST_STEP][PASSED] - cardTypeV = findTestData(dataFile).getValue("CardType", row): null

2022-05-16 11:46:09 - [TEST_STEP][PASSED] - last4V = findTestData(dataFile).getValue("Last4", row): null

2022-05-16 11:46:09 - [TEST_STEP][PASSED] - verifyTextPresent(cardTypeV, true): Text 'Visa' is present on page  using regular expression

2022-05-16 11:46:09 - [MESSAGE][PASSED] - Text 'Visa' is present on page  using regular expression

2022-05-16 11:46:09 - [TEST_STEP][PASSED] - verifyTextPresent(last4V, true): Text '5439' is present on page  using regular expression

2022-05-16 11:46:10 - [MESSAGE][PASSED] - Text '5439' is present on page  using regular expression

2022-05-16 11:46:10 - [TEST_STEP][PASSED] - switch (appName): null

2022-05-16 11:46:10 - [TEST_STEP][PASSED] - case "a_Access AutoDualCFtpDemo":: null

2022-05-16 11:46:10 - [TEST_STEP][PASSED] - verifyTextPresent("5.00", true): Text '5.00' is present on page  using regular expression

2022-05-16 11:46:10 - [MESSAGE][PASSED] - Text '5.00' is present on page  using regular expression

2022-05-16 11:46:10 - [TEST_STEP][PASSED] - verifyTextPresent("Dual Transaction", true): Text 'Dual Transaction' is present on page  using regular expression

2022-05-16 11:46:10 - [MESSAGE][PASSED] - Text 'Dual Transaction' is present on page  using regular expression

2022-05-16 11:46:10 - [TEST_STEP][PASSED] - verifyTextPresent("7.50", true): Text '7.50' is present on page  using regular expression

2022-05-16 11:46:11 - [MESSAGE][PASSED] - Text '7.50' is present on page  using regular expression

2022-05-16 11:46:11 - [TEST_STEP][PASSED] - verifyTextPresent("Total Amount", true): Text 'Total Amount' is present on page  using regular expression

2022-05-16 11:46:11 - [MESSAGE][PASSED] - Text 'Total Amount' is present on page  using regular expression

2022-05-16 11:46:11 - [TEST_STEP][PASSED] - verifyTextPresent("Transaction Type", true): Text 'Transaction Type' is present on page  using regular expression

2022-05-16 11:46:11 - [MESSAGE][PASSED] - Text 'Transaction Type' is present on page  using regular expression

2022-05-16 11:46:11 - [TEST_STEP][PASSED] - break: null

2022-05-16 11:46:11 - [TEST_STEP][PASSED] - closeBrowser(): Browser is closed

2022-05-16 11:46:12 - [MESSAGE][PASSED] - Browser is closed

2022-05-16 11:46:12 - [TEST_STEP][PASSED] - ExecuteTC = findTestData(dataFile).getValue("Execute", row): null

2022-05-16 11:46:12 - [TEST_STEP][PASSED] - out.println("Value of Execute is : " + ExecuteTC): null

2022-05-16 11:46:12 - [TEST_STEP][PASSED] - switch (executionProfile): null

2022-05-16 11:46:12 - [TEST_STEP][PASSED] - case "DemoProfile":: null

2022-05-16 11:46:12 - [TEST_STEP][PASSED] - appName = findTestData(dataFile).getValue("AppNameDemo", row): null

2022-05-16 11:46:12 - [TEST_STEP][PASSED] - appID = findTestData(dataFile).getValue("AppIDDemo", row): null

2022-05-16 11:46:12 - [TEST_STEP][PASSED] - break: null

2022-05-16 11:46:12 - [TEST_STEP][PASSED] - if (ExecuteTC.equalsIgnoreCase("Y")): null

2022-05-16 11:46:12 - [TEST_STEP][PASSED] - out.println("Begin Record Number: " + row): null

2022-05-16 11:46:12 - [TEST_STEP][PASSED] - today = new java.util.Date(): null

2022-05-16 11:46:12 - [TEST_STEP][PASSED] - println(today): null

2022-05-16 11:46:12 - [TEST_STEP][PASSED] - datText = today: null

2022-05-16 11:46:12 - [TEST_STEP][PASSED] - adminSuiteBootstrap.loginFunctionality.login_AdminSuite(): adminSuiteBootstrap.loginFunctionality.login_AdminSuite is PASSED

2022-05-16 11:46:12 - [MESSAGE][INFO] - Starting 'Chrome' driver

2022-05-16 11:46:12 - [MESSAGE][INFO] - User set preference: ['acceptInsecureCerts', 'true']

2022-05-16 11:46:12 - [MESSAGE][INFO] - Action delay is set to 0 milliseconds

2022-05-16 11:46:15 - [MESSAGE][PASSED] - Browser is opened with url: 'https://demo.velocitypayment.com/admin/imtiazdemo'

2022-05-16 11:46:15 - [MESSAGE][PASSED] - Current window maximized

2022-05-16 11:46:15 - [MESSAGE][PASSED] - Object 'Object Repository/Login_Page/Login_Username' is present

2022-05-16 11:46:16 - [MESSAGE][PASSED] - Text 'iahmed' is set on object 'Object Repository/Login_Page/Login_Username'

2022-05-16 11:46:17 - [MESSAGE][PASSED] - Text 'hello2222' is set on object 'Object Repository/Login_Page/Login_Password'

2022-05-16 11:46:21 - [MESSAGE][PASSED] - Object: 'Object Repository/Login_Page/Login_Submit' is clicked on

2022-05-16 11:46:21 - [MESSAGE][PASSED] - adminSuiteBootstrap.loginFunctionality.login_AdminSuite is PASSED

2022-05-16 11:46:21 - [TEST_STEP][PASSED] - click(findTestObject(path_Dashboard + appName)): Object: 'Object Repository/AdminSuiteBootstrap_Pages/Dashboard_Bootstrap/a_Access AutoDualCFtpDemo' is clicked on

2022-05-16 11:46:23 - [MESSAGE][PASSED] - Object: 'Object Repository/AdminSuiteBootstrap_Pages/Dashboard_Bootstrap/a_Access AutoDualCFtpDemo' is clicked on

2022-05-16 11:46:23 - [TEST_STEP][PASSED] - click(findTestObject(path_VT + "a_Find Profile")): Object: 'Object Repository/AdminSuiteBootstrap_Pages/VT_Bootstrap/IssueTransactions/a_Find Profile' is clicked on

2022-05-16 11:46:24 - [MESSAGE][PASSED] - Object: 'Object Repository/AdminSuiteBootstrap_Pages/VT_Bootstrap/IssueTransactions/a_Find Profile' is clicked on

2022-05-16 11:46:24 - [TEST_STEP][PASSED] - criteria = <not implemented yet for class: org.codehaus.groovy.ast.expr.EmptyExpression>: null

2022-05-16 11:46:24 - [TEST_STEP][PASSED] - searchBy = <not implemented yet for class: org.codehaus.groovy.ast.expr.EmptyExpression>: null

2022-05-16 11:46:24 - [TEST_STEP][PASSED] - criteria = findTestData(dataFile).getValue("ProfileName", row): null

2022-05-16 11:46:24 - [TEST_STEP][PASSED] - path_SearchProfile = "Object Repository/AdminSuiteBootstrap_Pages/VSP_Bootstrap/SearchProfile/": null

2022-05-16 11:46:24 - [TEST_STEP][PASSED] - setText(findTestObject(path_SearchProfile + "input_Criteria"), criteria): Text 'PaymentsMC' is set on object 'Object Repository/AdminSuiteBootstrap_Pages/VSP_Bootstrap/SearchProfile/input_Criteria'

2022-05-16 11:46:25 - [MESSAGE][PASSED] - Text 'PaymentsMC' is set on object 'Object Repository/AdminSuiteBootstrap_Pages/VSP_Bootstrap/SearchProfile/input_Criteria'

2022-05-16 11:46:25 - [TEST_STEP][PASSED] - click(findTestObject(path_SearchProfile + "button_Search")): Object: 'Object Repository/AdminSuiteBootstrap_Pages/VSP_Bootstrap/SearchProfile/button_Search' is clicked on

2022-05-16 11:46:28 - [MESSAGE][PASSED] - Object: 'Object Repository/AdminSuiteBootstrap_Pages/VSP_Bootstrap/SearchProfile/button_Search' is clicked on

2022-05-16 11:46:28 - [TEST_STEP][PASSED] - profNameLink = findTestData(dataFile).getValue("ProfileNameLink", row): null

2022-05-16 11:46:28 - [TEST_STEP][PASSED] - click(findTestObject(path_ViewProfile + profNameLink)): Object: 'Object Repository/AdminSuiteBootstrap_Pages/VSP_Bootstrap/View Profile/a_PaymentsMC' is clicked on

2022-05-16 11:46:31 - [MESSAGE][PASSED] - Object: 'Object Repository/AdminSuiteBootstrap_Pages/VSP_Bootstrap/View Profile/a_PaymentsMC' is clicked on

2022-05-16 11:46:31 - [TEST_STEP][PASSED] - click(findTestObject(path_ViewProfile + "a_AuthCap")): Object: 'Object Repository/AdminSuiteBootstrap_Pages/VSP_Bootstrap/View Profile/a_AuthCap' is clicked on

2022-05-16 11:46:34 - [MESSAGE][PASSED] - Object: 'Object Repository/AdminSuiteBootstrap_Pages/VSP_Bootstrap/View Profile/a_AuthCap' is clicked on

2022-05-16 11:46:34 - [TEST_STEP][PASSED] - verifyTextPresent("Credit Card Authorization Capture", true): Text 'Credit Card Authorization Capture' is present on page  using regular expression

2022-05-16 11:46:37 - [MESSAGE][PASSED] - Text 'Credit Card Authorization Capture' is present on page  using regular expression

2022-05-16 11:46:37 - [TEST_STEP][PASSED] - verifyTextPresent("Sale", true): Text 'Sale' is present on page  using regular expression

2022-05-16 11:46:37 - [MESSAGE][PASSED] - Text 'Sale' is present on page  using regular expression

2022-05-16 11:46:37 - [TEST_STEP][PASSED] - verifyTextPresent("Required fields are highlighted with an asterisk", true): Text 'Required fields are highlighted with an asterisk' is present on page  using regular expression

2022-05-16 11:46:38 - [MESSAGE][PASSED] - Text 'Required fields are highlighted with an asterisk' is present on page  using regular expression

2022-05-16 11:46:38 - [TEST_STEP][PASSED] - verifyTextPresent("Remittance ID", true): Text 'Remittance ID' is present on page  using regular expression

2022-05-16 11:46:38 - [MESSAGE][PASSED] - Text 'Remittance ID' is present on page  using regular expression

2022-05-16 11:46:38 - [TEST_STEP][PASSED] - vspBootstrap.SalePage.setDataSaleAndAuth(row, dataFile): vspBootstrap.SalePage.setDataSaleAndAuth is PASSED

2022-05-16 11:46:39 - [MESSAGE][PASSED] - All options with value 'RETL' are selected in object 'Object Repository/AdminSuiteBootstrap_Pages/VSP_Bootstrap/VSP_Authcap/select_TransactionCategory'  using regular expression

2022-05-16 11:46:40 - [MESSAGE][PASSED] - Text '123' is set on object 'Object Repository/AdminSuiteBootstrap_Pages/VSP_Bootstrap/VSP_Authcap/input_cvv'

2022-05-16 11:46:41 - [MESSAGE][PASSED] - Text '' is set on object 'Object Repository/AdminSuiteBootstrap_Pages/VSP_Bootstrap/VSP_Authcap/input_smsNumber'

2022-05-16 11:46:42 - [MESSAGE][PASSED] - Text '2.50' is set on object 'Object Repository/AdminSuiteBootstrap_Pages/VSP_Bootstrap/VSP_Authcap/input_amount'

2022-05-16 11:46:51 - [MESSAGE][PASSED] - Text 'Delhi' is set on object 'Object Repository/AdminSuiteBootstrap_Pages/VSP_Bootstrap/VSP_Authcap/input_userDefined1'

2022-05-16 11:46:52 - [MESSAGE][PASSED] - Text 'Chennai' is set on object 'Object Repository/AdminSuiteBootstrap_Pages/VSP_Bootstrap/VSP_Authcap/input_userDefined2'

2022-05-16 11:46:53 - [MESSAGE][PASSED] - Text 'Mumbai' is set on object 'Object Repository/AdminSuiteBootstrap_Pages/VSP_Bootstrap/VSP_Authcap/input_userDefined3'

2022-05-16 11:46:53 - [MESSAGE][PASSED] - Text 'Kanpur' is set on object 'Object Repository/AdminSuiteBootstrap_Pages/VSP_Bootstrap/VSP_Authcap/input_userDefined4'

2022-05-16 11:46:54 - [MESSAGE][PASSED] - All options with label 'Orange' are selected in object 'Object Repository/AdminSuiteBootstrap_Pages/VSP_Bootstrap/VSP_Authcap/select_UDF5'  using regular expression

2022-05-16 11:46:55 - [MESSAGE][PASSED] - All options with label 'Yellow' are selected in object 'Object Repository/AdminSuiteBootstrap_Pages/VSP_Bootstrap/VSP_Authcap/select_UDF6'  using regular expression

2022-05-16 11:46:56 - [MESSAGE][PASSED] - Text 'Kolkata' is set on object 'Object Repository/AdminSuiteBootstrap_Pages/VSP_Bootstrap/VSP_Authcap/input_userDefined7'

2022-05-16 11:46:57 - [MESSAGE][PASSED] - Text 'Pune' is set on object 'Object Repository/AdminSuiteBootstrap_Pages/VSP_Bootstrap/VSP_Authcap/input_userDefined8'

2022-05-16 11:46:57 - [MESSAGE][PASSED] - Text 'Bhavnagar' is set on object 'Object Repository/AdminSuiteBootstrap_Pages/VSP_Bootstrap/VSP_Authcap/input_userDefined9'

2022-05-16 11:46:58 - [MESSAGE][PASSED] - Text 'Noida' is set on object 'Object Repository/AdminSuiteBootstrap_Pages/VSP_Bootstrap/VSP_Authcap/input_userDefined10'

2022-05-16 11:47:03 - [MESSAGE][PASSED] - Object: 'Object Repository/AdminSuiteBootstrap_Pages/VSP_Bootstrap/VSP_Authcap/button_Submit' is clicked on

2022-05-16 11:47:03 - [MESSAGE][PASSED] - vspBootstrap.SalePage.setDataSaleAndAuth is PASSED

2022-05-16 11:47:03 - [TEST_STEP][PASSED] - verifyTextPresent("Transaction Successful", true): Text 'Transaction Successful' is present on page  using regular expression

2022-05-16 11:47:04 - [MESSAGE][PASSED] - Text 'Transaction Successful' is present on page  using regular expression

2022-05-16 11:47:04 - [TEST_STEP][PASSED] - verifyElementVisible(findTestObject("Object Repository/AdminSuiteBootstrap_Pages/VT_Bootstrap/Receipt/button_Continue")): Object 'Object Repository/AdminSuiteBootstrap_Pages/VT_Bootstrap/Receipt/button_Continue' is visible

2022-05-16 11:47:04 - [MESSAGE][PASSED] - Object 'Object Repository/AdminSuiteBootstrap_Pages/VT_Bootstrap/Receipt/button_Continue' is visible

2022-05-16 11:47:04 - [TEST_STEP][PASSED] - verifyElementPresent(findTestObject("Object Repository/AdminSuiteBootstrap_Pages/VT_Bootstrap/Receipt/button_Continue"), 20): Object 'Object Repository/AdminSuiteBootstrap_Pages/VT_Bootstrap/Receipt/button_Continue' is present

2022-05-16 11:47:04 - [MESSAGE][PASSED] - Object 'Object Repository/AdminSuiteBootstrap_Pages/VT_Bootstrap/Receipt/button_Continue' is present

2022-05-16 11:47:04 - [TEST_STEP][PASSED] - verifyElementVisible(findTestObject("Object Repository/AdminSuiteBootstrap_Pages/VT_Bootstrap/Receipt/button_Print")): Object 'Object Repository/AdminSuiteBootstrap_Pages/VT_Bootstrap/Receipt/button_Print' is visible

2022-05-16 11:47:05 - [MESSAGE][PASSED] - Object 'Object Repository/AdminSuiteBootstrap_Pages/VT_Bootstrap/Receipt/button_Print' is visible

2022-05-16 11:47:05 - [TEST_STEP][PASSED] - verifyElementPresent(findTestObject("Object Repository/AdminSuiteBootstrap_Pages/VT_Bootstrap/Receipt/button_Print"), 20): Object 'Object Repository/AdminSuiteBootstrap_Pages/VT_Bootstrap/Receipt/button_Print' is present

2022-05-16 11:47:05 - [MESSAGE][PASSED] - Object 'Object Repository/AdminSuiteBootstrap_Pages/VT_Bootstrap/Receipt/button_Print' is present

2022-05-16 11:47:05 - [TEST_STEP][PASSED] - verifyTextPresent("Remittance ID", true): Text 'Remittance ID' is present on page  using regular expression

2022-05-16 11:47:05 - [MESSAGE][PASSED] - Text 'Remittance ID' is present on page  using regular expression

2022-05-16 11:47:05 - [TEST_STEP][PASSED] - verifyTextPresent("Received", true): Text 'Received' is present on page  using regular expression

2022-05-16 11:47:06 - [MESSAGE][PASSED] - Text 'Received' is present on page  using regular expression

2022-05-16 11:47:06 - [TEST_STEP][PASSED] - verifyTextPresent("UDF1", true): Text 'UDF1' is present on page  using regular expression

2022-05-16 11:47:06 - [MESSAGE][PASSED] - Text 'UDF1' is present on page  using regular expression

2022-05-16 11:47:06 - [TEST_STEP][PASSED] - verifyTextPresent("UDF2", true): Text 'UDF2' is present on page  using regular expression

2022-05-16 11:47:06 - [MESSAGE][PASSED] - Text 'UDF2' is present on page  using regular expression

2022-05-16 11:47:06 - [TEST_STEP][PASSED] - verifyTextPresent("UDF3", true): Text 'UDF3' is present on page  using regular expression

2022-05-16 11:47:07 - [MESSAGE][PASSED] - Text 'UDF3' is present on page  using regular expression

2022-05-16 11:47:07 - [TEST_STEP][PASSED] - verifyTextPresent("UDF4", true): Text 'UDF4' is present on page  using regular expression

2022-05-16 11:47:07 - [MESSAGE][PASSED] - Text 'UDF4' is present on page  using regular expression

2022-05-16 11:47:07 - [TEST_STEP][PASSED] - verifyTextPresent("UDF5", true): Text 'UDF5' is present on page  using regular expression

2022-05-16 11:47:07 - [MESSAGE][PASSED] - Text 'UDF5' is present on page  using regular expression

2022-05-16 11:47:07 - [TEST_STEP][PASSED] - verifyTextPresent("UDF6", true): Text 'UDF6' is present on page  using regular expression

2022-05-16 11:47:08 - [MESSAGE][PASSED] - Text 'UDF6' is present on page  using regular expression

2022-05-16 11:47:08 - [TEST_STEP][PASSED] - verifyTextPresent("UDF7", true): Text 'UDF7' is present on page  using regular expression

2022-05-16 11:47:08 - [MESSAGE][PASSED] - Text 'UDF7' is present on page  using regular expression

2022-05-16 11:47:08 - [TEST_STEP][PASSED] - verifyTextPresent("UDF8", true): Text 'UDF8' is present on page  using regular expression

2022-05-16 11:47:08 - [MESSAGE][PASSED] - Text 'UDF8' is present on page  using regular expression

2022-05-16 11:47:08 - [TEST_STEP][PASSED] - verifyTextPresent("UDF9", true): Text 'UDF9' is present on page  using regular expression

2022-05-16 11:47:09 - [MESSAGE][PASSED] - Text 'UDF9' is present on page  using regular expression

2022-05-16 11:47:09 - [TEST_STEP][PASSED] - verifyTextPresent("UDF 10", true): Text 'UDF 10' is present on page  using regular expression

2022-05-16 11:47:09 - [MESSAGE][PASSED] - Text 'UDF 10' is present on page  using regular expression

2022-05-16 11:47:09 - [TEST_STEP][PASSED] - verifyTextPresent("Delhi", true): Text 'Delhi' is present on page  using regular expression

2022-05-16 11:47:09 - [MESSAGE][PASSED] - Text 'Delhi' is present on page  using regular expression

2022-05-16 11:47:09 - [TEST_STEP][PASSED] - verifyTextPresent("Chennai", true): Text 'Chennai' is present on page  using regular expression

2022-05-16 11:47:10 - [MESSAGE][PASSED] - Text 'Chennai' is present on page  using regular expression

2022-05-16 11:47:10 - [TEST_STEP][PASSED] - verifyTextPresent("Mumbai", true): Text 'Mumbai' is present on page  using regular expression

2022-05-16 11:47:10 - [MESSAGE][PASSED] - Text 'Mumbai' is present on page  using regular expression

2022-05-16 11:47:10 - [TEST_STEP][PASSED] - verifyTextPresent("Kanpur", true): Text 'Kanpur' is present on page  using regular expression

2022-05-16 11:47:10 - [MESSAGE][PASSED] - Text 'Kanpur' is present on page  using regular expression

2022-05-16 11:47:10 - [TEST_STEP][PASSED] - verifyTextPresent("Orange Recorded", true): Text 'Orange Recorded' is present on page  using regular expression

2022-05-16 11:47:11 - [MESSAGE][PASSED] - Text 'Orange Recorded' is present on page  using regular expression

2022-05-16 11:47:11 - [TEST_STEP][PASSED] - verifyTextPresent("Yellow Recorded", true): Text 'Yellow Recorded' is present on page  using regular expression

2022-05-16 11:47:11 - [MESSAGE][PASSED] - Text 'Yellow Recorded' is present on page  using regular expression

2022-05-16 11:47:11 - [TEST_STEP][PASSED] - verifyTextPresent("Kolkata", true): Text 'Kolkata' is present on page  using regular expression

2022-05-16 11:47:11 - [MESSAGE][PASSED] - Text 'Kolkata' is present on page  using regular expression

2022-05-16 11:47:11 - [TEST_STEP][PASSED] - verifyTextPresent("Pune", true): Text 'Pune' is present on page  using regular expression

2022-05-16 11:47:12 - [MESSAGE][PASSED] - Text 'Pune' is present on page  using regular expression

2022-05-16 11:47:12 - [TEST_STEP][PASSED] - verifyTextPresent("Bhavnagar", true): Text 'Bhavnagar' is present on page  using regular expression

2022-05-16 11:47:12 - [MESSAGE][PASSED] - Text 'Bhavnagar' is present on page  using regular expression

2022-05-16 11:47:12 - [TEST_STEP][PASSED] - verifyTextPresent("Noida", true): Text 'Noida' is present on page  using regular expression

2022-05-16 11:47:12 - [MESSAGE][PASSED] - Text 'Noida' is present on page  using regular expression

2022-05-16 11:47:12 - [TEST_STEP][PASSED] - verifyTextPresent("Amount", true): Text 'Amount' is present on page  using regular expression

2022-05-16 11:47:13 - [MESSAGE][PASSED] - Text 'Amount' is present on page  using regular expression

2022-05-16 11:47:13 - [TEST_STEP][PASSED] - verifyTextPresent("2.50", true): Text '2.50' is present on page  using regular expression

2022-05-16 11:47:13 - [MESSAGE][PASSED] - Text '2.50' is present on page  using regular expression

2022-05-16 11:47:13 - [TEST_STEP][PASSED] - verifyTextPresent("Authorization and Capture", true): Text 'Authorization and Capture' is present on page  using regular expression

2022-05-16 11:47:13 - [MESSAGE][PASSED] - Text 'Authorization and Capture' is present on page  using regular expression

2022-05-16 11:47:13 - [TEST_STEP][PASSED] - verifyTextPresent("Card Information", true): Text 'Card Information' is present on page  using regular expression

2022-05-16 11:47:14 - [MESSAGE][PASSED] - Text 'Card Information' is present on page  using regular expression

2022-05-16 11:47:14 - [TEST_STEP][PASSED] - verifyTextPresent("TANDON RAVENA", true): Text 'TANDON RAVENA' is present on page  using regular expression

2022-05-16 11:47:14 - [MESSAGE][PASSED] - Text 'TANDON RAVENA' is present on page  using regular expression

2022-05-16 11:47:14 - [TEST_STEP][PASSED] - verifyTextPresent("Address Line 1", true): Text 'Address Line 1' is present on page  using regular expression

2022-05-16 11:47:14 - [MESSAGE][PASSED] - Text 'Address Line 1' is present on page  using regular expression

2022-05-16 11:47:14 - [TEST_STEP][PASSED] - verifyTextPresent("Address Line 2", true): Text 'Address Line 2' is present on page  using regular expression

2022-05-16 11:47:15 - [MESSAGE][PASSED] - Text 'Address Line 2' is present on page  using regular expression

2022-05-16 11:47:15 - [TEST_STEP][PASSED] - verifyTextPresent("Country", true): Text 'Country' is present on page  using regular expression

2022-05-16 11:47:15 - [MESSAGE][PASSED] - Text 'Country' is present on page  using regular expression

2022-05-16 11:47:15 - [TEST_STEP][PASSED] - verifyTextPresent("City", true): Text 'City' is present on page  using regular expression

2022-05-16 11:47:15 - [MESSAGE][PASSED] - Text 'City' is present on page  using regular expression

2022-05-16 11:47:15 - [TEST_STEP][PASSED] - verifyTextPresent("State", true): Text 'State' is present on page  using regular expression

2022-05-16 11:47:16 - [MESSAGE][PASSED] - Text 'State' is present on page  using regular expression

2022-05-16 11:47:16 - [TEST_STEP][PASSED] - verifyTextPresent("ZIP Code", true): Text 'ZIP Code' is present on page  using regular expression

2022-05-16 11:47:16 - [MESSAGE][PASSED] - Text 'ZIP Code' is present on page  using regular expression

2022-05-16 11:47:16 - [TEST_STEP][PASSED] - verifyTextPresent("248 PhoolKaante road", true): Text '248 PhoolKaante road' is present on page  using regular expression

2022-05-16 11:47:16 - [MESSAGE][PASSED] - Text '248 PhoolKaante road' is present on page  using regular expression

2022-05-16 11:47:16 - [TEST_STEP][PASSED] - verifyTextPresent("Suite 678", true): Text 'Suite 678' is present on page  using regular expression

2022-05-16 11:47:16 - [MESSAGE][PASSED] - Text 'Suite 678' is present on page  using regular expression

2022-05-16 11:47:16 - [TEST_STEP][PASSED] - verifyTextPresent("United States", true): Text 'United States' is present on page  using regular expression

2022-05-16 11:47:17 - [MESSAGE][PASSED] - Text 'United States' is present on page  using regular expression

2022-05-16 11:47:17 - [TEST_STEP][PASSED] - verifyTextPresent("ARLINGTON", true): Text 'ARLINGTON' is present on page  using regular expression

2022-05-16 11:47:17 - [MESSAGE][PASSED] - Text 'ARLINGTON' is present on page  using regular expression

2022-05-16 11:47:17 - [TEST_STEP][PASSED] - verifyTextPresent("VA", true): Text 'VA' is present on page  using regular expression

2022-05-16 11:47:17 - [MESSAGE][PASSED] - Text 'VA' is present on page  using regular expression

2022-05-16 11:47:17 - [TEST_STEP][PASSED] - verifyTextPresent("22201", true): Text '22201' is present on page  using regular expression

2022-05-16 11:47:18 - [MESSAGE][PASSED] - Text '22201' is present on page  using regular expression

2022-05-16 11:47:18 - [TEST_STEP][PASSED] - cardTypeV = findTestData(dataFile).getValue("CardType", row): null

2022-05-16 11:47:18 - [TEST_STEP][PASSED] - last4V = findTestData(dataFile).getValue("Last4", row): null

2022-05-16 11:47:18 - [TEST_STEP][PASSED] - verifyTextPresent(cardTypeV, true): Text 'MasterCard' is present on page  using regular expression

2022-05-16 11:47:18 - [MESSAGE][PASSED] - Text 'MasterCard' is present on page  using regular expression

2022-05-16 11:47:18 - [TEST_STEP][PASSED] - verifyTextPresent(last4V, true): Text '0035' is present on page  using regular expression

2022-05-16 11:47:18 - [MESSAGE][PASSED] - Text '0035' is present on page  using regular expression

2022-05-16 11:47:18 - [TEST_STEP][PASSED] - switch (appName): null

2022-05-16 11:47:18 - [TEST_STEP][PASSED] - case "a_Access AutoDualCFtpDemo":: null

2022-05-16 11:47:18 - [TEST_STEP][PASSED] - verifyTextPresent("5.00", true): Text '5.00' is present on page  using regular expression

2022-05-16 11:47:19 - [MESSAGE][PASSED] - Text '5.00' is present on page  using regular expression

2022-05-16 11:47:19 - [TEST_STEP][PASSED] - verifyTextPresent("Dual Transaction", true): Text 'Dual Transaction' is present on page  using regular expression

2022-05-16 11:47:19 - [MESSAGE][PASSED] - Text 'Dual Transaction' is present on page  using regular expression

2022-05-16 11:47:19 - [TEST_STEP][PASSED] - verifyTextPresent("7.50", true): Text '7.50' is present on page  using regular expression

2022-05-16 11:47:19 - [MESSAGE][PASSED] - Text '7.50' is present on page  using regular expression

2022-05-16 11:47:19 - [TEST_STEP][PASSED] - verifyTextPresent("Total Amount", true): Text 'Total Amount' is present on page  using regular expression

2022-05-16 11:47:20 - [MESSAGE][PASSED] - Text 'Total Amount' is present on page  using regular expression

2022-05-16 11:47:20 - [TEST_STEP][PASSED] - verifyTextPresent("Transaction Type", true): Text 'Transaction Type' is present on page  using regular expression

2022-05-16 11:47:20 - [MESSAGE][PASSED] - Text 'Transaction Type' is present on page  using regular expression

2022-05-16 11:47:20 - [TEST_STEP][PASSED] - break: null

2022-05-16 11:47:20 - [TEST_STEP][PASSED] - closeBrowser(): Browser is closed

2022-05-16 11:47:21 - [MESSAGE][PASSED] - Browser is closed

2022-05-16 11:47:21 - [TEST_STEP][PASSED] - ExecuteTC = findTestData(dataFile).getValue("Execute", row): null

2022-05-16 11:47:21 - [TEST_STEP][PASSED] - out.println("Value of Execute is : " + ExecuteTC): null

2022-05-16 11:47:21 - [TEST_STEP][PASSED] - switch (executionProfile): null

2022-05-16 11:47:21 - [TEST_STEP][PASSED] - case "DemoProfile":: null

2022-05-16 11:47:21 - [TEST_STEP][PASSED] - appName = findTestData(dataFile).getValue("AppNameDemo", row): null

2022-05-16 11:47:21 - [TEST_STEP][PASSED] - appID = findTestData(dataFile).getValue("AppIDDemo", row): null

2022-05-16 11:47:21 - [TEST_STEP][PASSED] - break: null

2022-05-16 11:47:21 - [TEST_STEP][PASSED] - if (ExecuteTC.equalsIgnoreCase("Y")): null

2022-05-16 11:47:21 - [TEST_STEP][PASSED] - out.println("Begin Record Number: " + row): null

2022-05-16 11:47:21 - [TEST_STEP][PASSED] - today = new java.util.Date(): null

2022-05-16 11:47:21 - [TEST_STEP][PASSED] - println(today): null

2022-05-16 11:47:21 - [TEST_STEP][PASSED] - datText = today: null

2022-05-16 11:47:21 - [TEST_STEP][PASSED] - adminSuiteBootstrap.loginFunctionality.login_AdminSuite(): adminSuiteBootstrap.loginFunctionality.login_AdminSuite is PASSED

2022-05-16 11:47:21 - [MESSAGE][INFO] - Starting 'Chrome' driver

2022-05-16 11:47:21 - [MESSAGE][INFO] - User set preference: ['acceptInsecureCerts', 'true']

2022-05-16 11:47:21 - [MESSAGE][INFO] - Action delay is set to 0 milliseconds

2022-05-16 11:47:25 - [MESSAGE][PASSED] - Browser is opened with url: 'https://demo.velocitypayment.com/admin/imtiazdemo'

2022-05-16 11:47:25 - [MESSAGE][PASSED] - Current window maximized

2022-05-16 11:47:25 - [MESSAGE][PASSED] - Object 'Object Repository/Login_Page/Login_Username' is present

2022-05-16 11:47:26 - [MESSAGE][PASSED] - Text 'iahmed' is set on object 'Object Repository/Login_Page/Login_Username'

2022-05-16 11:47:26 - [MESSAGE][PASSED] - Text 'hello2222' is set on object 'Object Repository/Login_Page/Login_Password'

2022-05-16 11:47:31 - [MESSAGE][PASSED] - Object: 'Object Repository/Login_Page/Login_Submit' is clicked on

2022-05-16 11:47:31 - [MESSAGE][PASSED] - adminSuiteBootstrap.loginFunctionality.login_AdminSuite is PASSED

2022-05-16 11:47:31 - [TEST_STEP][PASSED] - click(findTestObject(path_Dashboard + appName)): Object: 'Object Repository/AdminSuiteBootstrap_Pages/Dashboard_Bootstrap/a_Access AutoDualCFtpDemo' is clicked on

2022-05-16 11:47:34 - [MESSAGE][PASSED] - Object: 'Object Repository/AdminSuiteBootstrap_Pages/Dashboard_Bootstrap/a_Access AutoDualCFtpDemo' is clicked on

2022-05-16 11:47:34 - [TEST_STEP][PASSED] - click(findTestObject(path_VT + "a_Find Profile")): Object: 'Object Repository/AdminSuiteBootstrap_Pages/VT_Bootstrap/IssueTransactions/a_Find Profile' is clicked on

2022-05-16 11:47:34 - [MESSAGE][PASSED] - Object: 'Object Repository/AdminSuiteBootstrap_Pages/VT_Bootstrap/IssueTransactions/a_Find Profile' is clicked on

2022-05-16 11:47:34 - [TEST_STEP][PASSED] - criteria = <not implemented yet for class: org.codehaus.groovy.ast.expr.EmptyExpression>: null

2022-05-16 11:47:34 - [TEST_STEP][PASSED] - searchBy = <not implemented yet for class: org.codehaus.groovy.ast.expr.EmptyExpression>: null

2022-05-16 11:47:34 - [TEST_STEP][PASSED] - criteria = findTestData(dataFile).getValue("ProfileName", row): null

2022-05-16 11:47:34 - [TEST_STEP][PASSED] - path_SearchProfile = "Object Repository/AdminSuiteBootstrap_Pages/VSP_Bootstrap/SearchProfile/": null

2022-05-16 11:47:34 - [TEST_STEP][PASSED] - setText(findTestObject(path_SearchProfile + "input_Criteria"), criteria): Text 'PaymentsAmEx' is set on object 'Object Repository/AdminSuiteBootstrap_Pages/VSP_Bootstrap/SearchProfile/input_Criteria'

2022-05-16 11:47:35 - [MESSAGE][PASSED] - Text 'PaymentsAmEx' is set on object 'Object Repository/AdminSuiteBootstrap_Pages/VSP_Bootstrap/SearchProfile/input_Criteria'

2022-05-16 11:47:35 - [TEST_STEP][PASSED] - click(findTestObject(path_SearchProfile + "button_Search")): Object: 'Object Repository/AdminSuiteBootstrap_Pages/VSP_Bootstrap/SearchProfile/button_Search' is clicked on

2022-05-16 11:47:38 - [MESSAGE][PASSED] - Object: 'Object Repository/AdminSuiteBootstrap_Pages/VSP_Bootstrap/SearchProfile/button_Search' is clicked on

2022-05-16 11:47:38 - [TEST_STEP][PASSED] - profNameLink = findTestData(dataFile).getValue("ProfileNameLink", row): null

2022-05-16 11:47:38 - [TEST_STEP][PASSED] - click(findTestObject(path_ViewProfile + profNameLink)): Object: 'Object Repository/AdminSuiteBootstrap_Pages/VSP_Bootstrap/View Profile/a_PaymentsAmEx' is clicked on

2022-05-16 11:47:42 - [MESSAGE][PASSED] - Object: 'Object Repository/AdminSuiteBootstrap_Pages/VSP_Bootstrap/View Profile/a_PaymentsAmEx' is clicked on

2022-05-16 11:47:42 - [TEST_STEP][PASSED] - click(findTestObject(path_ViewProfile + "a_AuthCap")): Object: 'Object Repository/AdminSuiteBootstrap_Pages/VSP_Bootstrap/View Profile/a_AuthCap' is clicked on

2022-05-16 11:47:46 - [MESSAGE][PASSED] - Object: 'Object Repository/AdminSuiteBootstrap_Pages/VSP_Bootstrap/View Profile/a_AuthCap' is clicked on

2022-05-16 11:47:46 - [TEST_STEP][PASSED] - verifyTextPresent("Credit Card Authorization Capture", true): Text 'Credit Card Authorization Capture' is present on page  using regular expression

2022-05-16 11:47:48 - [MESSAGE][PASSED] - Text 'Credit Card Authorization Capture' is present on page  using regular expression

2022-05-16 11:47:48 - [TEST_STEP][PASSED] - verifyTextPresent("Sale", true): Text 'Sale' is present on page  using regular expression

2022-05-16 11:47:49 - [MESSAGE][PASSED] - Text 'Sale' is present on page  using regular expression

2022-05-16 11:47:49 - [TEST_STEP][PASSED] - verifyTextPresent("Required fields are highlighted with an asterisk", true): Text 'Required fields are highlighted with an asterisk' is present on page  using regular expression

2022-05-16 11:47:49 - [MESSAGE][PASSED] - Text 'Required fields are highlighted with an asterisk' is present on page  using regular expression

2022-05-16 11:47:49 - [TEST_STEP][PASSED] - verifyTextPresent("Remittance ID", true): Text 'Remittance ID' is present on page  using regular expression

2022-05-16 11:47:50 - [MESSAGE][PASSED] - Text 'Remittance ID' is present on page  using regular expression

2022-05-16 11:47:50 - [TEST_STEP][PASSED] - vspBootstrap.SalePage.setDataSaleAndAuth(row, dataFile): vspBootstrap.SalePage.setDataSaleAndAuth is PASSED

2022-05-16 11:47:51 - [MESSAGE][PASSED] - All options with value 'RETL' are selected in object 'Object Repository/AdminSuiteBootstrap_Pages/VSP_Bootstrap/VSP_Authcap/select_TransactionCategory'  using regular expression

2022-05-16 11:47:52 - [MESSAGE][PASSED] - Text '1234' is set on object 'Object Repository/AdminSuiteBootstrap_Pages/VSP_Bootstrap/VSP_Authcap/input_cvv'

2022-05-16 11:47:52 - [MESSAGE][PASSED] - Text '' is set on object 'Object Repository/AdminSuiteBootstrap_Pages/VSP_Bootstrap/VSP_Authcap/input_smsNumber'

2022-05-16 11:47:53 - [MESSAGE][PASSED] - Text '2.50' is set on object 'Object Repository/AdminSuiteBootstrap_Pages/VSP_Bootstrap/VSP_Authcap/input_amount'

2022-05-16 11:47:58 - [MESSAGE][PASSED] - Text 'Delhi' is set on object 'Object Repository/AdminSuiteBootstrap_Pages/VSP_Bootstrap/VSP_Authcap/input_userDefined1'

2022-05-16 11:47:59 - [MESSAGE][PASSED] - Text 'Chennai' is set on object 'Object Repository/AdminSuiteBootstrap_Pages/VSP_Bootstrap/VSP_Authcap/input_userDefined2'

2022-05-16 11:48:00 - [MESSAGE][PASSED] - Text 'Mumbai' is set on object 'Object Repository/AdminSuiteBootstrap_Pages/VSP_Bootstrap/VSP_Authcap/input_userDefined3'

2022-05-16 11:48:00 - [MESSAGE][PASSED] - Text 'Kanpur' is set on object 'Object Repository/AdminSuiteBootstrap_Pages/VSP_Bootstrap/VSP_Authcap/input_userDefined4'

2022-05-16 11:48:01 - [MESSAGE][PASSED] - All options with label 'Orange' are selected in object 'Object Repository/AdminSuiteBootstrap_Pages/VSP_Bootstrap/VSP_Authcap/select_UDF5'  using regular expression

2022-05-16 11:48:02 - [MESSAGE][PASSED] - All options with label 'Yellow' are selected in object 'Object Repository/AdminSuiteBootstrap_Pages/VSP_Bootstrap/VSP_Authcap/select_UDF6'  using regular expression

2022-05-16 11:48:03 - [MESSAGE][PASSED] - Text 'Kolkata' is set on object 'Object Repository/AdminSuiteBootstrap_Pages/VSP_Bootstrap/VSP_Authcap/input_userDefined7'

2022-05-16 11:48:04 - [MESSAGE][PASSED] - Text 'Pune' is set on object 'Object Repository/AdminSuiteBootstrap_Pages/VSP_Bootstrap/VSP_Authcap/input_userDefined8'

2022-05-16 11:48:04 - [MESSAGE][PASSED] - Text 'Bhavnagar' is set on object 'Object Repository/AdminSuiteBootstrap_Pages/VSP_Bootstrap/VSP_Authcap/input_userDefined9'

2022-05-16 11:48:05 - [MESSAGE][PASSED] - Text 'Noida' is set on object 'Object Repository/AdminSuiteBootstrap_Pages/VSP_Bootstrap/VSP_Authcap/input_userDefined10'

2022-05-16 11:48:10 - [MESSAGE][PASSED] - Object: 'Object Repository/AdminSuiteBootstrap_Pages/VSP_Bootstrap/VSP_Authcap/button_Submit' is clicked on

2022-05-16 11:48:10 - [MESSAGE][PASSED] - vspBootstrap.SalePage.setDataSaleAndAuth is PASSED

2022-05-16 11:48:10 - [TEST_STEP][PASSED] - verifyTextPresent("Transaction Successful", true): Text 'Transaction Successful' is present on page  using regular expression

2022-05-16 11:48:11 - [MESSAGE][PASSED] - Text 'Transaction Successful' is present on page  using regular expression

2022-05-16 11:48:11 - [TEST_STEP][PASSED] - verifyElementVisible(findTestObject("Object Repository/AdminSuiteBootstrap_Pages/VT_Bootstrap/Receipt/button_Continue")): Object 'Object Repository/AdminSuiteBootstrap_Pages/VT_Bootstrap/Receipt/button_Continue' is visible

2022-05-16 11:48:11 - [MESSAGE][PASSED] - Object 'Object Repository/AdminSuiteBootstrap_Pages/VT_Bootstrap/Receipt/button_Continue' is visible

2022-05-16 11:48:11 - [TEST_STEP][PASSED] - verifyElementPresent(findTestObject("Object Repository/AdminSuiteBootstrap_Pages/VT_Bootstrap/Receipt/button_Continue"), 20): Object 'Object Repository/AdminSuiteBootstrap_Pages/VT_Bootstrap/Receipt/button_Continue' is present

2022-05-16 11:48:11 - [MESSAGE][PASSED] - Object 'Object Repository/AdminSuiteBootstrap_Pages/VT_Bootstrap/Receipt/button_Continue' is present

2022-05-16 11:48:11 - [TEST_STEP][PASSED] - verifyElementVisible(findTestObject("Object Repository/AdminSuiteBootstrap_Pages/VT_Bootstrap/Receipt/button_Print")): Object 'Object Repository/AdminSuiteBootstrap_Pages/VT_Bootstrap/Receipt/button_Print' is visible

2022-05-16 11:48:12 - [MESSAGE][PASSED] - Object 'Object Repository/AdminSuiteBootstrap_Pages/VT_Bootstrap/Receipt/button_Print' is visible

2022-05-16 11:48:12 - [TEST_STEP][PASSED] - verifyElementPresent(findTestObject("Object Repository/AdminSuiteBootstrap_Pages/VT_Bootstrap/Receipt/button_Print"), 20): Object 'Object Repository/AdminSuiteBootstrap_Pages/VT_Bootstrap/Receipt/button_Print' is present

2022-05-16 11:48:12 - [MESSAGE][PASSED] - Object 'Object Repository/AdminSuiteBootstrap_Pages/VT_Bootstrap/Receipt/button_Print' is present

2022-05-16 11:48:12 - [TEST_STEP][PASSED] - verifyTextPresent("Remittance ID", true): Text 'Remittance ID' is present on page  using regular expression

2022-05-16 11:48:12 - [MESSAGE][PASSED] - Text 'Remittance ID' is present on page  using regular expression

2022-05-16 11:48:12 - [TEST_STEP][PASSED] - verifyTextPresent("Received", true): Text 'Received' is present on page  using regular expression

2022-05-16 11:48:13 - [MESSAGE][PASSED] - Text 'Received' is present on page  using regular expression

2022-05-16 11:48:13 - [TEST_STEP][PASSED] - verifyTextPresent("UDF1", true): Text 'UDF1' is present on page  using regular expression

2022-05-16 11:48:13 - [MESSAGE][PASSED] - Text 'UDF1' is present on page  using regular expression

2022-05-16 11:48:13 - [TEST_STEP][PASSED] - verifyTextPresent("UDF2", true): Text 'UDF2' is present on page  using regular expression

2022-05-16 11:48:13 - [MESSAGE][PASSED] - Text 'UDF2' is present on page  using regular expression

2022-05-16 11:48:13 - [TEST_STEP][PASSED] - verifyTextPresent("UDF3", true): Text 'UDF3' is present on page  using regular expression

2022-05-16 11:48:14 - [MESSAGE][PASSED] - Text 'UDF3' is present on page  using regular expression

2022-05-16 11:48:14 - [TEST_STEP][PASSED] - verifyTextPresent("UDF4", true): Text 'UDF4' is present on page  using regular expression

2022-05-16 11:48:14 - [MESSAGE][PASSED] - Text 'UDF4' is present on page  using regular expression

2022-05-16 11:48:14 - [TEST_STEP][PASSED] - verifyTextPresent("UDF5", true): Text 'UDF5' is present on page  using regular expression

2022-05-16 11:48:14 - [MESSAGE][PASSED] - Text 'UDF5' is present on page  using regular expression

2022-05-16 11:48:14 - [TEST_STEP][PASSED] - verifyTextPresent("UDF6", true): Text 'UDF6' is present on page  using regular expression

2022-05-16 11:48:15 - [MESSAGE][PASSED] - Text 'UDF6' is present on page  using regular expression

2022-05-16 11:48:15 - [TEST_STEP][PASSED] - verifyTextPresent("UDF7", true): Text 'UDF7' is present on page  using regular expression

2022-05-16 11:48:15 - [MESSAGE][PASSED] - Text 'UDF7' is present on page  using regular expression

2022-05-16 11:48:15 - [TEST_STEP][PASSED] - verifyTextPresent("UDF8", true): Text 'UDF8' is present on page  using regular expression

2022-05-16 11:48:15 - [MESSAGE][PASSED] - Text 'UDF8' is present on page  using regular expression

2022-05-16 11:48:15 - [TEST_STEP][PASSED] - verifyTextPresent("UDF9", true): Text 'UDF9' is present on page  using regular expression

2022-05-16 11:48:16 - [MESSAGE][PASSED] - Text 'UDF9' is present on page  using regular expression

2022-05-16 11:48:16 - [TEST_STEP][PASSED] - verifyTextPresent("UDF 10", true): Text 'UDF 10' is present on page  using regular expression

2022-05-16 11:48:16 - [MESSAGE][PASSED] - Text 'UDF 10' is present on page  using regular expression

2022-05-16 11:48:16 - [TEST_STEP][PASSED] - verifyTextPresent("Delhi", true): Text 'Delhi' is present on page  using regular expression

2022-05-16 11:48:16 - [MESSAGE][PASSED] - Text 'Delhi' is present on page  using regular expression

2022-05-16 11:48:16 - [TEST_STEP][PASSED] - verifyTextPresent("Chennai", true): Text 'Chennai' is present on page  using regular expression

2022-05-16 11:48:17 - [MESSAGE][PASSED] - Text 'Chennai' is present on page  using regular expression

2022-05-16 11:48:17 - [TEST_STEP][PASSED] - verifyTextPresent("Mumbai", true): Text 'Mumbai' is present on page  using regular expression

2022-05-16 11:48:17 - [MESSAGE][PASSED] - Text 'Mumbai' is present on page  using regular expression

2022-05-16 11:48:17 - [TEST_STEP][PASSED] - verifyTextPresent("Kanpur", true): Text 'Kanpur' is present on page  using regular expression

2022-05-16 11:48:17 - [MESSAGE][PASSED] - Text 'Kanpur' is present on page  using regular expression

2022-05-16 11:48:17 - [TEST_STEP][PASSED] - verifyTextPresent("Orange Recorded", true): Text 'Orange Recorded' is present on page  using regular expression

2022-05-16 11:48:18 - [MESSAGE][PASSED] - Text 'Orange Recorded' is present on page  using regular expression

2022-05-16 11:48:18 - [TEST_STEP][PASSED] - verifyTextPresent("Yellow Recorded", true): Text 'Yellow Recorded' is present on page  using regular expression

2022-05-16 11:48:18 - [MESSAGE][PASSED] - Text 'Yellow Recorded' is present on page  using regular expression

2022-05-16 11:48:18 - [TEST_STEP][PASSED] - verifyTextPresent("Kolkata", true): Text 'Kolkata' is present on page  using regular expression

2022-05-16 11:48:18 - [MESSAGE][PASSED] - Text 'Kolkata' is present on page  using regular expression

2022-05-16 11:48:18 - [TEST_STEP][PASSED] - verifyTextPresent("Pune", true): Text 'Pune' is present on page  using regular expression

2022-05-16 11:48:19 - [MESSAGE][PASSED] - Text 'Pune' is present on page  using regular expression

2022-05-16 11:48:19 - [TEST_STEP][PASSED] - verifyTextPresent("Bhavnagar", true): Text 'Bhavnagar' is present on page  using regular expression

2022-05-16 11:48:19 - [MESSAGE][PASSED] - Text 'Bhavnagar' is present on page  using regular expression

2022-05-16 11:48:19 - [TEST_STEP][PASSED] - verifyTextPresent("Noida", true): Text 'Noida' is present on page  using regular expression

2022-05-16 11:48:20 - [MESSAGE][PASSED] - Text 'Noida' is present on page  using regular expression

2022-05-16 11:48:20 - [TEST_STEP][PASSED] - verifyTextPresent("Amount", true): Text 'Amount' is present on page  using regular expression

2022-05-16 11:48:20 - [MESSAGE][PASSED] - Text 'Amount' is present on page  using regular expression

2022-05-16 11:48:20 - [TEST_STEP][PASSED] - verifyTextPresent("2.50", true): Text '2.50' is present on page  using regular expression

2022-05-16 11:48:20 - [MESSAGE][PASSED] - Text '2.50' is present on page  using regular expression

2022-05-16 11:48:20 - [TEST_STEP][PASSED] - verifyTextPresent("Authorization and Capture", true): Text 'Authorization and Capture' is present on page  using regular expression

2022-05-16 11:48:21 - [MESSAGE][PASSED] - Text 'Authorization and Capture' is present on page  using regular expression

2022-05-16 11:48:21 - [TEST_STEP][PASSED] - verifyTextPresent("Card Information", true): Text 'Card Information' is present on page  using regular expression

2022-05-16 11:48:21 - [MESSAGE][PASSED] - Text 'Card Information' is present on page  using regular expression

2022-05-16 11:48:21 - [TEST_STEP][PASSED] - verifyTextPresent("TANDON RAVENA", true): Text 'TANDON RAVENA' is present on page  using regular expression

2022-05-16 11:48:21 - [MESSAGE][PASSED] - Text 'TANDON RAVENA' is present on page  using regular expression

2022-05-16 11:48:21 - [TEST_STEP][PASSED] - verifyTextPresent("Address Line 1", true): Text 'Address Line 1' is present on page  using regular expression

2022-05-16 11:48:22 - [MESSAGE][PASSED] - Text 'Address Line 1' is present on page  using regular expression

2022-05-16 11:48:22 - [TEST_STEP][PASSED] - verifyTextPresent("Address Line 2", true): Text 'Address Line 2' is present on page  using regular expression

2022-05-16 11:48:22 - [MESSAGE][PASSED] - Text 'Address Line 2' is present on page  using regular expression

2022-05-16 11:48:22 - [TEST_STEP][PASSED] - verifyTextPresent("Country", true): Text 'Country' is present on page  using regular expression

2022-05-16 11:48:22 - [MESSAGE][PASSED] - Text 'Country' is present on page  using regular expression

2022-05-16 11:48:22 - [TEST_STEP][PASSED] - verifyTextPresent("City", true): Text 'City' is present on page  using regular expression

2022-05-16 11:48:23 - [MESSAGE][PASSED] - Text 'City' is present on page  using regular expression

2022-05-16 11:48:23 - [TEST_STEP][PASSED] - verifyTextPresent("State", true): Text 'State' is present on page  using regular expression

2022-05-16 11:48:23 - [MESSAGE][PASSED] - Text 'State' is present on page  using regular expression

2022-05-16 11:48:23 - [TEST_STEP][PASSED] - verifyTextPresent("ZIP Code", true): Text 'ZIP Code' is present on page  using regular expression

2022-05-16 11:48:23 - [MESSAGE][PASSED] - Text 'ZIP Code' is present on page  using regular expression

2022-05-16 11:48:23 - [TEST_STEP][PASSED] - verifyTextPresent("248 PhoolKaante road", true): Text '248 PhoolKaante road' is present on page  using regular expression

2022-05-16 11:48:24 - [MESSAGE][PASSED] - Text '248 PhoolKaante road' is present on page  using regular expression

2022-05-16 11:48:24 - [TEST_STEP][PASSED] - verifyTextPresent("Suite 678", true): Text 'Suite 678' is present on page  using regular expression

2022-05-16 11:48:24 - [MESSAGE][PASSED] - Text 'Suite 678' is present on page  using regular expression

2022-05-16 11:48:24 - [TEST_STEP][PASSED] - verifyTextPresent("United States", true): Text 'United States' is present on page  using regular expression

2022-05-16 11:48:24 - [MESSAGE][PASSED] - Text 'United States' is present on page  using regular expression

2022-05-16 11:48:24 - [TEST_STEP][PASSED] - verifyTextPresent("ARLINGTON", true): Text 'ARLINGTON' is present on page  using regular expression

2022-05-16 11:48:25 - [MESSAGE][PASSED] - Text 'ARLINGTON' is present on page  using regular expression

2022-05-16 11:48:25 - [TEST_STEP][PASSED] - verifyTextPresent("VA", true): Text 'VA' is present on page  using regular expression

2022-05-16 11:48:25 - [MESSAGE][PASSED] - Text 'VA' is present on page  using regular expression

2022-05-16 11:48:25 - [TEST_STEP][PASSED] - verifyTextPresent("22201", true): Text '22201' is present on page  using regular expression

2022-05-16 11:48:25 - [MESSAGE][PASSED] - Text '22201' is present on page  using regular expression

2022-05-16 11:48:25 - [TEST_STEP][PASSED] - cardTypeV = findTestData(dataFile).getValue("CardType", row): null

2022-05-16 11:48:25 - [TEST_STEP][PASSED] - last4V = findTestData(dataFile).getValue("Last4", row): null

2022-05-16 11:48:25 - [TEST_STEP][PASSED] - verifyTextPresent(cardTypeV, true): Text 'American Express' is present on page  using regular expression

2022-05-16 11:48:26 - [MESSAGE][PASSED] - Text 'American Express' is present on page  using regular expression

2022-05-16 11:48:26 - [TEST_STEP][PASSED] - verifyTextPresent(last4V, true): Text '2376' is present on page  using regular expression

2022-05-16 11:48:26 - [MESSAGE][PASSED] - Text '2376' is present on page  using regular expression

2022-05-16 11:48:26 - [TEST_STEP][PASSED] - switch (appName): null

2022-05-16 11:48:26 - [TEST_STEP][PASSED] - case "a_Access AutoDualCFtpDemo":: null

2022-05-16 11:48:26 - [TEST_STEP][PASSED] - verifyTextPresent("5.00", true): Text '5.00' is present on page  using regular expression

2022-05-16 11:48:26 - [MESSAGE][PASSED] - Text '5.00' is present on page  using regular expression

2022-05-16 11:48:26 - [TEST_STEP][PASSED] - verifyTextPresent("Dual Transaction", true): Text 'Dual Transaction' is present on page  using regular expression

2022-05-16 11:48:27 - [MESSAGE][PASSED] - Text 'Dual Transaction' is present on page  using regular expression

2022-05-16 11:48:27 - [TEST_STEP][PASSED] - verifyTextPresent("7.50", true): Text '7.50' is present on page  using regular expression

2022-05-16 11:48:27 - [MESSAGE][PASSED] - Text '7.50' is present on page  using regular expression

2022-05-16 11:48:27 - [TEST_STEP][PASSED] - verifyTextPresent("Total Amount", true): Text 'Total Amount' is present on page  using regular expression

2022-05-16 11:48:27 - [MESSAGE][PASSED] - Text 'Total Amount' is present on page  using regular expression

2022-05-16 11:48:27 - [TEST_STEP][PASSED] - verifyTextPresent("Transaction Type", true): Text 'Transaction Type' is present on page  using regular expression

2022-05-16 11:48:28 - [MESSAGE][PASSED] - Text 'Transaction Type' is present on page  using regular expression

2022-05-16 11:48:28 - [TEST_STEP][PASSED] - break: null

2022-05-16 11:48:28 - [TEST_STEP][PASSED] - closeBrowser(): Browser is closed

2022-05-16 11:48:29 - [MESSAGE][PASSED] - Browser is closed

2022-05-16 11:48:29 - [TEST_STEP][PASSED] - ExecuteTC = findTestData(dataFile).getValue("Execute", row): null

2022-05-16 11:48:29 - [TEST_STEP][PASSED] - out.println("Value of Execute is : " + ExecuteTC): null

2022-05-16 11:48:29 - [TEST_STEP][PASSED] - switch (executionProfile): null

2022-05-16 11:48:29 - [TEST_STEP][PASSED] - case "DemoProfile":: null

2022-05-16 11:48:29 - [TEST_STEP][PASSED] - appName = findTestData(dataFile).getValue("AppNameDemo", row): null

2022-05-16 11:48:29 - [TEST_STEP][PASSED] - appID = findTestData(dataFile).getValue("AppIDDemo", row): null

2022-05-16 11:48:29 - [TEST_STEP][PASSED] - break: null

2022-05-16 11:48:29 - [TEST_STEP][PASSED] - if (ExecuteTC.equalsIgnoreCase("Y")): null

2022-05-16 11:48:29 - [TEST_STEP][PASSED] - out.println("Begin Record Number: " + row): null

2022-05-16 11:48:29 - [TEST_STEP][PASSED] - today = new java.util.Date(): null

2022-05-16 11:48:29 - [TEST_STEP][PASSED] - println(today): null

2022-05-16 11:48:29 - [TEST_STEP][PASSED] - datText = today: null

2022-05-16 11:48:29 - [TEST_STEP][PASSED] - adminSuiteBootstrap.loginFunctionality.login_AdminSuite(): adminSuiteBootstrap.loginFunctionality.login_AdminSuite is PASSED

2022-05-16 11:48:29 - [MESSAGE][INFO] - Starting 'Chrome' driver

2022-05-16 11:48:29 - [MESSAGE][INFO] - User set preference: ['acceptInsecureCerts', 'true']

2022-05-16 11:48:29 - [MESSAGE][INFO] - Action delay is set to 0 milliseconds

2022-05-16 11:48:32 - [MESSAGE][PASSED] - Browser is opened with url: 'https://demo.velocitypayment.com/admin/imtiazdemo'

2022-05-16 11:48:32 - [MESSAGE][PASSED] - Current window maximized

2022-05-16 11:48:33 - [MESSAGE][PASSED] - Object 'Object Repository/Login_Page/Login_Username' is present

2022-05-16 11:48:34 - [MESSAGE][PASSED] - Text 'iahmed' is set on object 'Object Repository/Login_Page/Login_Username'

2022-05-16 11:48:34 - [MESSAGE][PASSED] - Text 'hello2222' is set on object 'Object Repository/Login_Page/Login_Password'

2022-05-16 11:48:37 - [MESSAGE][PASSED] - Object: 'Object Repository/Login_Page/Login_Submit' is clicked on

2022-05-16 11:48:37 - [MESSAGE][PASSED] - adminSuiteBootstrap.loginFunctionality.login_AdminSuite is PASSED

2022-05-16 11:48:37 - [TEST_STEP][PASSED] - click(findTestObject(path_Dashboard + appName)): Object: 'Object Repository/AdminSuiteBootstrap_Pages/Dashboard_Bootstrap/a_Access AutoDualCFtpDemo' is clicked on

2022-05-16 11:48:40 - [MESSAGE][PASSED] - Object: 'Object Repository/AdminSuiteBootstrap_Pages/Dashboard_Bootstrap/a_Access AutoDualCFtpDemo' is clicked on

2022-05-16 11:48:40 - [TEST_STEP][PASSED] - click(findTestObject(path_VT + "a_Find Profile")): Object: 'Object Repository/AdminSuiteBootstrap_Pages/VT_Bootstrap/IssueTransactions/a_Find Profile' is clicked on

2022-05-16 11:48:40 - [MESSAGE][PASSED] - Object: 'Object Repository/AdminSuiteBootstrap_Pages/VT_Bootstrap/IssueTransactions/a_Find Profile' is clicked on

2022-05-16 11:48:40 - [TEST_STEP][PASSED] - criteria = <not implemented yet for class: org.codehaus.groovy.ast.expr.EmptyExpression>: null

2022-05-16 11:48:40 - [TEST_STEP][PASSED] - searchBy = <not implemented yet for class: org.codehaus.groovy.ast.expr.EmptyExpression>: null

2022-05-16 11:48:40 - [TEST_STEP][PASSED] - criteria = findTestData(dataFile).getValue("ProfileName", row): null

2022-05-16 11:48:40 - [TEST_STEP][PASSED] - path_SearchProfile = "Object Repository/AdminSuiteBootstrap_Pages/VSP_Bootstrap/SearchProfile/": null

2022-05-16 11:48:40 - [TEST_STEP][PASSED] - setText(findTestObject(path_SearchProfile + "input_Criteria"), criteria): Text 'PaymentsDI' is set on object 'Object Repository/AdminSuiteBootstrap_Pages/VSP_Bootstrap/SearchProfile/input_Criteria'

2022-05-16 11:48:41 - [MESSAGE][PASSED] - Text 'PaymentsDI' is set on object 'Object Repository/AdminSuiteBootstrap_Pages/VSP_Bootstrap/SearchProfile/input_Criteria'

2022-05-16 11:48:41 - [TEST_STEP][PASSED] - click(findTestObject(path_SearchProfile + "button_Search")): Object: 'Object Repository/AdminSuiteBootstrap_Pages/VSP_Bootstrap/SearchProfile/button_Search' is clicked on

2022-05-16 11:48:44 - [MESSAGE][PASSED] - Object: 'Object Repository/AdminSuiteBootstrap_Pages/VSP_Bootstrap/SearchProfile/button_Search' is clicked on

2022-05-16 11:48:44 - [TEST_STEP][PASSED] - profNameLink = findTestData(dataFile).getValue("ProfileNameLink", row): null

2022-05-16 11:48:44 - [TEST_STEP][PASSED] - click(findTestObject(path_ViewProfile + profNameLink)): Object: 'Object Repository/AdminSuiteBootstrap_Pages/VSP_Bootstrap/View Profile/a_PaymentsDI' is clicked on

2022-05-16 11:48:48 - [MESSAGE][PASSED] - Object: 'Object Repository/AdminSuiteBootstrap_Pages/VSP_Bootstrap/View Profile/a_PaymentsDI' is clicked on

2022-05-16 11:48:48 - [TEST_STEP][PASSED] - click(findTestObject(path_ViewProfile + "a_AuthCap")): Object: 'Object Repository/AdminSuiteBootstrap_Pages/VSP_Bootstrap/View Profile/a_AuthCap' is clicked on

2022-05-16 11:48:50 - [MESSAGE][PASSED] - Object: 'Object Repository/AdminSuiteBootstrap_Pages/VSP_Bootstrap/View Profile/a_AuthCap' is clicked on

2022-05-16 11:48:50 - [TEST_STEP][PASSED] - verifyTextPresent("Credit Card Authorization Capture", true): Text 'Credit Card Authorization Capture' is present on page  using regular expression

2022-05-16 11:48:53 - [MESSAGE][PASSED] - Text 'Credit Card Authorization Capture' is present on page  using regular expression

2022-05-16 11:48:53 - [TEST_STEP][PASSED] - verifyTextPresent("Sale", true): Text 'Sale' is present on page  using regular expression

2022-05-16 11:48:53 - [MESSAGE][PASSED] - Text 'Sale' is present on page  using regular expression

2022-05-16 11:48:53 - [TEST_STEP][PASSED] - verifyTextPresent("Required fields are highlighted with an asterisk", true): Text 'Required fields are highlighted with an asterisk' is present on page  using regular expression

2022-05-16 11:48:53 - [MESSAGE][PASSED] - Text 'Required fields are highlighted with an asterisk' is present on page  using regular expression

2022-05-16 11:48:53 - [TEST_STEP][PASSED] - verifyTextPresent("Remittance ID", true): Text 'Remittance ID' is present on page  using regular expression

2022-05-16 11:48:54 - [MESSAGE][PASSED] - Text 'Remittance ID' is present on page  using regular expression

2022-05-16 11:48:54 - [TEST_STEP][PASSED] - vspBootstrap.SalePage.setDataSaleAndAuth(row, dataFile): vspBootstrap.SalePage.setDataSaleAndAuth is PASSED

2022-05-16 11:48:55 - [MESSAGE][PASSED] - All options with value 'RETL' are selected in object 'Object Repository/AdminSuiteBootstrap_Pages/VSP_Bootstrap/VSP_Authcap/select_TransactionCategory'  using regular expression

2022-05-16 11:48:56 - [MESSAGE][PASSED] - Text '123' is set on object 'Object Repository/AdminSuiteBootstrap_Pages/VSP_Bootstrap/VSP_Authcap/input_cvv'

2022-05-16 11:48:57 - [MESSAGE][PASSED] - Text '' is set on object 'Object Repository/AdminSuiteBootstrap_Pages/VSP_Bootstrap/VSP_Authcap/input_smsNumber'

2022-05-16 11:48:57 - [MESSAGE][PASSED] - Text '2.50' is set on object 'Object Repository/AdminSuiteBootstrap_Pages/VSP_Bootstrap/VSP_Authcap/input_amount'

2022-05-16 11:49:01 - [MESSAGE][PASSED] - Text 'Delhi' is set on object 'Object Repository/AdminSuiteBootstrap_Pages/VSP_Bootstrap/VSP_Authcap/input_userDefined1'

2022-05-16 11:49:02 - [MESSAGE][PASSED] - Text 'Chennai' is set on object 'Object Repository/AdminSuiteBootstrap_Pages/VSP_Bootstrap/VSP_Authcap/input_userDefined2'

2022-05-16 11:49:03 - [MESSAGE][PASSED] - Text 'Mumbai' is set on object 'Object Repository/AdminSuiteBootstrap_Pages/VSP_Bootstrap/VSP_Authcap/input_userDefined3'

2022-05-16 11:49:04 - [MESSAGE][PASSED] - Text 'Kanpur' is set on object 'Object Repository/AdminSuiteBootstrap_Pages/VSP_Bootstrap/VSP_Authcap/input_userDefined4'

2022-05-16 11:49:05 - [MESSAGE][PASSED] - All options with label 'Orange' are selected in object 'Object Repository/AdminSuiteBootstrap_Pages/VSP_Bootstrap/VSP_Authcap/select_UDF5'  using regular expression

2022-05-16 11:49:06 - [MESSAGE][PASSED] - All options with label 'Yellow' are selected in object 'Object Repository/AdminSuiteBootstrap_Pages/VSP_Bootstrap/VSP_Authcap/select_UDF6'  using regular expression

2022-05-16 11:49:06 - [MESSAGE][PASSED] - Text 'Kolkata' is set on object 'Object Repository/AdminSuiteBootstrap_Pages/VSP_Bootstrap/VSP_Authcap/input_userDefined7'

2022-05-16 11:49:07 - [MESSAGE][PASSED] - Text 'Pune' is set on object 'Object Repository/AdminSuiteBootstrap_Pages/VSP_Bootstrap/VSP_Authcap/input_userDefined8'

2022-05-16 11:49:08 - [MESSAGE][PASSED] - Text 'Bhavnagar' is set on object 'Object Repository/AdminSuiteBootstrap_Pages/VSP_Bootstrap/VSP_Authcap/input_userDefined9'

2022-05-16 11:49:08 - [MESSAGE][PASSED] - Text 'Noida' is set on object 'Object Repository/AdminSuiteBootstrap_Pages/VSP_Bootstrap/VSP_Authcap/input_userDefined10'

2022-05-16 11:49:13 - [MESSAGE][PASSED] - Object: 'Object Repository/AdminSuiteBootstrap_Pages/VSP_Bootstrap/VSP_Authcap/button_Submit' is clicked on

2022-05-16 11:49:13 - [MESSAGE][PASSED] - vspBootstrap.SalePage.setDataSaleAndAuth is PASSED

2022-05-16 11:49:13 - [TEST_STEP][PASSED] - verifyTextPresent("Transaction Successful", true): Text 'Transaction Successful' is present on page  using regular expression

2022-05-16 11:49:14 - [MESSAGE][PASSED] - Text 'Transaction Successful' is present on page  using regular expression

2022-05-16 11:49:14 - [TEST_STEP][PASSED] - verifyElementVisible(findTestObject("Object Repository/AdminSuiteBootstrap_Pages/VT_Bootstrap/Receipt/button_Continue")): Object 'Object Repository/AdminSuiteBootstrap_Pages/VT_Bootstrap/Receipt/button_Continue' is visible

2022-05-16 11:49:14 - [MESSAGE][PASSED] - Object 'Object Repository/AdminSuiteBootstrap_Pages/VT_Bootstrap/Receipt/button_Continue' is visible

2022-05-16 11:49:14 - [TEST_STEP][PASSED] - verifyElementPresent(findTestObject("Object Repository/AdminSuiteBootstrap_Pages/VT_Bootstrap/Receipt/button_Continue"), 20): Object 'Object Repository/AdminSuiteBootstrap_Pages/VT_Bootstrap/Receipt/button_Continue' is present

2022-05-16 11:49:14 - [MESSAGE][PASSED] - Object 'Object Repository/AdminSuiteBootstrap_Pages/VT_Bootstrap/Receipt/button_Continue' is present

2022-05-16 11:49:14 - [TEST_STEP][PASSED] - verifyElementVisible(findTestObject("Object Repository/AdminSuiteBootstrap_Pages/VT_Bootstrap/Receipt/button_Print")): Object 'Object Repository/AdminSuiteBootstrap_Pages/VT_Bootstrap/Receipt/button_Print' is visible

2022-05-16 11:49:15 - [MESSAGE][PASSED] - Object 'Object Repository/AdminSuiteBootstrap_Pages/VT_Bootstrap/Receipt/button_Print' is visible

2022-05-16 11:49:15 - [TEST_STEP][PASSED] - verifyElementPresent(findTestObject("Object Repository/AdminSuiteBootstrap_Pages/VT_Bootstrap/Receipt/button_Print"), 20): Object 'Object Repository/AdminSuiteBootstrap_Pages/VT_Bootstrap/Receipt/button_Print' is present

2022-05-16 11:49:15 - [MESSAGE][PASSED] - Object 'Object Repository/AdminSuiteBootstrap_Pages/VT_Bootstrap/Receipt/button_Print' is present

2022-05-16 11:49:15 - [TEST_STEP][PASSED] - verifyTextPresent("Remittance ID", true): Text 'Remittance ID' is present on page  using regular expression

2022-05-16 11:49:15 - [MESSAGE][PASSED] - Text 'Remittance ID' is present on page  using regular expression

2022-05-16 11:49:15 - [TEST_STEP][PASSED] - verifyTextPresent("Received", true): Text 'Received' is present on page  using regular expression

2022-05-16 11:49:16 - [MESSAGE][PASSED] - Text 'Received' is present on page  using regular expression

2022-05-16 11:49:16 - [TEST_STEP][PASSED] - verifyTextPresent("UDF1", true): Text 'UDF1' is present on page  using regular expression

2022-05-16 11:49:16 - [MESSAGE][PASSED] - Text 'UDF1' is present on page  using regular expression

2022-05-16 11:49:16 - [TEST_STEP][PASSED] - verifyTextPresent("UDF2", true): Text 'UDF2' is present on page  using regular expression

2022-05-16 11:49:17 - [MESSAGE][PASSED] - Text 'UDF2' is present on page  using regular expression

2022-05-16 11:49:17 - [TEST_STEP][PASSED] - verifyTextPresent("UDF3", true): Text 'UDF3' is present on page  using regular expression

2022-05-16 11:49:17 - [MESSAGE][PASSED] - Text 'UDF3' is present on page  using regular expression

2022-05-16 11:49:17 - [TEST_STEP][PASSED] - verifyTextPresent("UDF4", true): Text 'UDF4' is present on page  using regular expression

2022-05-16 11:49:17 - [MESSAGE][PASSED] - Text 'UDF4' is present on page  using regular expression

2022-05-16 11:49:17 - [TEST_STEP][PASSED] - verifyTextPresent("UDF5", true): Text 'UDF5' is present on page  using regular expression

2022-05-16 11:49:18 - [MESSAGE][PASSED] - Text 'UDF5' is present on page  using regular expression

2022-05-16 11:49:18 - [TEST_STEP][PASSED] - verifyTextPresent("UDF6", true): Text 'UDF6' is present on page  using regular expression

2022-05-16 11:49:18 - [MESSAGE][PASSED] - Text 'UDF6' is present on page  using regular expression

2022-05-16 11:49:18 - [TEST_STEP][PASSED] - verifyTextPresent("UDF7", true): Text 'UDF7' is present on page  using regular expression

2022-05-16 11:49:18 - [MESSAGE][PASSED] - Text 'UDF7' is present on page  using regular expression

2022-05-16 11:49:18 - [TEST_STEP][PASSED] - verifyTextPresent("UDF8", true): Text 'UDF8' is present on page  using regular expression

2022-05-16 11:49:19 - [MESSAGE][PASSED] - Text 'UDF8' is present on page  using regular expression

2022-05-16 11:49:19 - [TEST_STEP][PASSED] - verifyTextPresent("UDF9", true): Text 'UDF9' is present on page  using regular expression

2022-05-16 11:49:19 - [MESSAGE][PASSED] - Text 'UDF9' is present on page  using regular expression

2022-05-16 11:49:19 - [TEST_STEP][PASSED] - verifyTextPresent("UDF 10", true): Text 'UDF 10' is present on page  using regular expression

2022-05-16 11:49:19 - [MESSAGE][PASSED] - Text 'UDF 10' is present on page  using regular expression

2022-05-16 11:49:19 - [TEST_STEP][PASSED] - verifyTextPresent("Delhi", true): Text 'Delhi' is present on page  using regular expression

2022-05-16 11:49:20 - [MESSAGE][PASSED] - Text 'Delhi' is present on page  using regular expression

2022-05-16 11:49:20 - [TEST_STEP][PASSED] - verifyTextPresent("Chennai", true): Text 'Chennai' is present on page  using regular expression

2022-05-16 11:49:20 - [MESSAGE][PASSED] - Text 'Chennai' is present on page  using regular expression

2022-05-16 11:49:20 - [TEST_STEP][PASSED] - verifyTextPresent("Mumbai", true): Text 'Mumbai' is present on page  using regular expression

2022-05-16 11:49:20 - [MESSAGE][PASSED] - Text 'Mumbai' is present on page  using regular expression

2022-05-16 11:49:20 - [TEST_STEP][PASSED] - verifyTextPresent("Kanpur", true): Text 'Kanpur' is present on page  using regular expression

2022-05-16 11:49:21 - [MESSAGE][PASSED] - Text 'Kanpur' is present on page  using regular expression

2022-05-16 11:49:21 - [TEST_STEP][PASSED] - verifyTextPresent("Orange Recorded", true): Text 'Orange Recorded' is present on page  using regular expression

2022-05-16 11:49:21 - [MESSAGE][PASSED] - Text 'Orange Recorded' is present on page  using regular expression

2022-05-16 11:49:21 - [TEST_STEP][PASSED] - verifyTextPresent("Yellow Recorded", true): Text 'Yellow Recorded' is present on page  using regular expression

2022-05-16 11:49:21 - [MESSAGE][PASSED] - Text 'Yellow Recorded' is present on page  using regular expression

2022-05-16 11:49:21 - [TEST_STEP][PASSED] - verifyTextPresent("Kolkata", true): Text 'Kolkata' is present on page  using regular expression

2022-05-16 11:49:22 - [MESSAGE][PASSED] - Text 'Kolkata' is present on page  using regular expression

2022-05-16 11:49:22 - [TEST_STEP][PASSED] - verifyTextPresent("Pune", true): Text 'Pune' is present on page  using regular expression

2022-05-16 11:49:22 - [MESSAGE][PASSED] - Text 'Pune' is present on page  using regular expression

2022-05-16 11:49:22 - [TEST_STEP][PASSED] - verifyTextPresent("Bhavnagar", true): Text 'Bhavnagar' is present on page  using regular expression

2022-05-16 11:49:22 - [MESSAGE][PASSED] - Text 'Bhavnagar' is present on page  using regular expression

2022-05-16 11:49:22 - [TEST_STEP][PASSED] - verifyTextPresent("Noida", true): Text 'Noida' is present on page  using regular expression

2022-05-16 11:49:23 - [MESSAGE][PASSED] - Text 'Noida' is present on page  using regular expression

2022-05-16 11:49:23 - [TEST_STEP][PASSED] - verifyTextPresent("Amount", true): Text 'Amount' is present on page  using regular expression

2022-05-16 11:49:23 - [MESSAGE][PASSED] - Text 'Amount' is present on page  using regular expression

2022-05-16 11:49:23 - [TEST_STEP][PASSED] - verifyTextPresent("2.50", true): Text '2.50' is present on page  using regular expression

2022-05-16 11:49:23 - [MESSAGE][PASSED] - Text '2.50' is present on page  using regular expression

2022-05-16 11:49:23 - [TEST_STEP][PASSED] - verifyTextPresent("Authorization and Capture", true): Text 'Authorization and Capture' is present on page  using regular expression

2022-05-16 11:49:24 - [MESSAGE][PASSED] - Text 'Authorization and Capture' is present on page  using regular expression

2022-05-16 11:49:24 - [TEST_STEP][PASSED] - verifyTextPresent("Card Information", true): Text 'Card Information' is present on page  using regular expression

2022-05-16 11:49:24 - [MESSAGE][PASSED] - Text 'Card Information' is present on page  using regular expression

2022-05-16 11:49:24 - [TEST_STEP][PASSED] - verifyTextPresent("TANDON RAVENA", true): Text 'TANDON RAVENA' is present on page  using regular expression

2022-05-16 11:49:24 - [MESSAGE][PASSED] - Text 'TANDON RAVENA' is present on page  using regular expression

2022-05-16 11:49:24 - [TEST_STEP][PASSED] - verifyTextPresent("Address Line 1", true): Text 'Address Line 1' is present on page  using regular expression

2022-05-16 11:49:25 - [MESSAGE][PASSED] - Text 'Address Line 1' is present on page  using regular expression

2022-05-16 11:49:25 - [TEST_STEP][PASSED] - verifyTextPresent("Address Line 2", true): Text 'Address Line 2' is present on page  using regular expression

2022-05-16 11:49:25 - [MESSAGE][PASSED] - Text 'Address Line 2' is present on page  using regular expression

2022-05-16 11:49:25 - [TEST_STEP][PASSED] - verifyTextPresent("Country", true): Text 'Country' is present on page  using regular expression

2022-05-16 11:49:25 - [MESSAGE][PASSED] - Text 'Country' is present on page  using regular expression

2022-05-16 11:49:25 - [TEST_STEP][PASSED] - verifyTextPresent("City", true): Text 'City' is present on page  using regular expression

2022-05-16 11:49:26 - [MESSAGE][PASSED] - Text 'City' is present on page  using regular expression

2022-05-16 11:49:26 - [TEST_STEP][PASSED] - verifyTextPresent("State", true): Text 'State' is present on page  using regular expression

2022-05-16 11:49:26 - [MESSAGE][PASSED] - Text 'State' is present on page  using regular expression

2022-05-16 11:49:26 - [TEST_STEP][PASSED] - verifyTextPresent("ZIP Code", true): Text 'ZIP Code' is present on page  using regular expression

2022-05-16 11:49:27 - [MESSAGE][PASSED] - Text 'ZIP Code' is present on page  using regular expression

2022-05-16 11:49:27 - [TEST_STEP][PASSED] - verifyTextPresent("248 PhoolKaante road", true): Text '248 PhoolKaante road' is present on page  using regular expression

2022-05-16 11:49:27 - [MESSAGE][PASSED] - Text '248 PhoolKaante road' is present on page  using regular expression

2022-05-16 11:49:27 - [TEST_STEP][PASSED] - verifyTextPresent("Suite 678", true): Text 'Suite 678' is present on page  using regular expression

2022-05-16 11:49:27 - [MESSAGE][PASSED] - Text 'Suite 678' is present on page  using regular expression

2022-05-16 11:49:27 - [TEST_STEP][PASSED] - verifyTextPresent("United States", true): Text 'United States' is present on page  using regular expression

2022-05-16 11:49:27 - [MESSAGE][PASSED] - Text 'United States' is present on page  using regular expression

2022-05-16 11:49:27 - [TEST_STEP][PASSED] - verifyTextPresent("ARLINGTON", true): Text 'ARLINGTON' is present on page  using regular expression

2022-05-16 11:49:28 - [MESSAGE][PASSED] - Text 'ARLINGTON' is present on page  using regular expression

2022-05-16 11:49:28 - [TEST_STEP][PASSED] - verifyTextPresent("VA", true): Text 'VA' is present on page  using regular expression

2022-05-16 11:49:28 - [MESSAGE][PASSED] - Text 'VA' is present on page  using regular expression

2022-05-16 11:49:28 - [TEST_STEP][PASSED] - verifyTextPresent("22201", true): Text '22201' is present on page  using regular expression

2022-05-16 11:49:29 - [MESSAGE][PASSED] - Text '22201' is present on page  using regular expression

2022-05-16 11:49:29 - [TEST_STEP][PASSED] - cardTypeV = findTestData(dataFile).getValue("CardType", row): null

2022-05-16 11:49:29 - [TEST_STEP][PASSED] - last4V = findTestData(dataFile).getValue("Last4", row): null

2022-05-16 11:49:29 - [TEST_STEP][PASSED] - verifyTextPresent(cardTypeV, true): Text 'Discover' is present on page  using regular expression

2022-05-16 11:49:29 - [MESSAGE][PASSED] - Text 'Discover' is present on page  using regular expression

2022-05-16 11:49:29 - [TEST_STEP][PASSED] - verifyTextPresent(last4V, true): Text '6909' is present on page  using regular expression

2022-05-16 11:49:29 - [MESSAGE][PASSED] - Text '6909' is present on page  using regular expression

2022-05-16 11:49:29 - [TEST_STEP][PASSED] - switch (appName): null

2022-05-16 11:49:29 - [TEST_STEP][PASSED] - case "a_Access AutoDualCFtpDemo":: null

2022-05-16 11:49:29 - [TEST_STEP][PASSED] - verifyTextPresent("5.00", true): Text '5.00' is present on page  using regular expression

2022-05-16 11:49:30 - [MESSAGE][PASSED] - Text '5.00' is present on page  using regular expression

2022-05-16 11:49:30 - [TEST_STEP][PASSED] - verifyTextPresent("Dual Transaction", true): Text 'Dual Transaction' is present on page  using regular expression

2022-05-16 11:49:30 - [MESSAGE][PASSED] - Text 'Dual Transaction' is present on page  using regular expression

2022-05-16 11:49:30 - [TEST_STEP][PASSED] - verifyTextPresent("7.50", true): Text '7.50' is present on page  using regular expression

2022-05-16 11:49:30 - [MESSAGE][PASSED] - Text '7.50' is present on page  using regular expression

2022-05-16 11:49:30 - [TEST_STEP][PASSED] - verifyTextPresent("Total Amount", true): Text 'Total Amount' is present on page  using regular expression

2022-05-16 11:49:31 - [MESSAGE][PASSED] - Text 'Total Amount' is present on page  using regular expression

2022-05-16 11:49:31 - [TEST_STEP][PASSED] - verifyTextPresent("Transaction Type", true): Text 'Transaction Type' is present on page  using regular expression

2022-05-16 11:49:31 - [MESSAGE][PASSED] - Text 'Transaction Type' is present on page  using regular expression

2022-05-16 11:49:31 - [TEST_STEP][PASSED] - break: null

2022-05-16 11:49:31 - [TEST_STEP][PASSED] - closeBrowser(): Browser is closed

2022-05-16 11:49:32 - [MESSAGE][PASSED] - Browser is closed]]></system-out>
         <system-err><![CDATA[]]></system-err>
      </testcase>
      <testcase name="Test Cases/Admin Suite Bootstrap/VSP_Payments_TestCases/AuthOnly_TP_AllCF_Generic_Payment_TC" time="173.489" classname="Test Cases/Admin Suite Bootstrap/VSP_Payments_TestCases/AuthOnly_TP_AllCF_Generic_Payment_TC" status="PASSED">
         <system-out><![CDATA[2022-05-16 11:49:32 - [TEST_CASE][PASSED] - Test Cases/Admin Suite Bootstrap/VSP_Payments_TestCases/AuthOnly_TP_AllCF_Generic_Payment_TC: Test Cases/Admin Suite Bootstrap/VSP_Payments_TestCases/AuthOnly_TP_AllCF_Generic_Payment_TC

2022-05-16 11:49:32 - [TEST_STEP][PASSED] - path_Dashboard = "Object Repository/AdminSuiteBootstrap_Pages/Dashboard_Bootstrap/": null

2022-05-16 11:49:32 - [TEST_STEP][PASSED] - path_VT = "Object Repository/AdminSuiteBootstrap_Pages/VT_Bootstrap/IssueTransactions/": null

2022-05-16 11:49:32 - [TEST_STEP][PASSED] - path_CreateProfile = "Object Repository/AdminSuiteBootstrap_Pages/VSP_Bootstrap/CreateProfile/": null

2022-05-16 11:49:32 - [TEST_STEP][PASSED] - path_AddAccount = "Object Repository/AdminSuiteBootstrap_Pages/VSP_Bootstrap/AddAccount/": null

2022-05-16 11:49:32 - [TEST_STEP][PASSED] - path_Add_ACH = "Object Repository/AdminSuiteBootstrap_Pages/VSP_Bootstrap/AddACH/": null

2022-05-16 11:49:32 - [TEST_STEP][PASSED] - path_Add_CC = "Object Repository/AdminSuiteBootstrap_Pages/VSP_Bootstrap/AddCreditCard/": null

2022-05-16 11:49:32 - [TEST_STEP][PASSED] - path_App_Plan = "Object Repository/AdminSuiteBootstrap_Pages/VSP_Bootstrap/AddPaymentPlan/": null

2022-05-16 11:49:32 - [TEST_STEP][PASSED] - path_DeleteProfile = "Object Repository/AdminSuiteBootstrap_Pages/VSP_Bootstrap/DeleteProfile/": null

2022-05-16 11:49:32 - [TEST_STEP][PASSED] - path_ModifyProfile = "Object Repository/AdminSuiteBootstrap_Pages/VSP_Bootstrap/ModifyProfile/": null

2022-05-16 11:49:32 - [TEST_STEP][PASSED] - path_ViewProfile = "Object Repository/AdminSuiteBootstrap_Pages/VSP_Bootstrap/View Profile/": null

2022-05-16 11:49:32 - [TEST_STEP][PASSED] - path_VSPAuth = "Object Repository/AdminSuiteBootstrap_Pages/VSP_Bootstrap/VSP_Auth/": null

2022-05-16 11:49:32 - [TEST_STEP][PASSED] - path_VSPAuthCap = "Object Repository/AdminSuiteBootstrap_Pages/VSP_Bootstrap/VSP_Authcap/": null

2022-05-16 11:49:32 - [TEST_STEP][PASSED] - path_Debit = "Object Repository/AdminSuiteBootstrap_Pages/VSP_Bootstrap/VSP_Debit/": null

2022-05-16 11:49:32 - [TEST_STEP][PASSED] - path_DeleteProfileConfirm = "Object Repository/AdminSuiteBootstrap_Pages/VSP_Bootstrap/DeleteProfileConfirm/": null

2022-05-16 11:49:32 - [TEST_STEP][PASSED] - executionProfile = getExecutionProfile(): null

2022-05-16 11:49:32 - [TEST_STEP][PASSED] - out.println("executionProfile : " + executionProfile): null

2022-05-16 11:49:32 - [TEST_STEP][PASSED] - appName = <not implemented yet for class: org.codehaus.groovy.ast.expr.EmptyExpression>: null

2022-05-16 11:49:32 - [TEST_STEP][PASSED] - appID = <not implemented yet for class: org.codehaus.groovy.ast.expr.EmptyExpression>: null

2022-05-16 11:49:32 - [TEST_STEP][PASSED] - cardNameV = <not implemented yet for class: org.codehaus.groovy.ast.expr.EmptyExpression>: null

2022-05-16 11:49:32 - [TEST_STEP][PASSED] - al1V = <not implemented yet for class: org.codehaus.groovy.ast.expr.EmptyExpression>: null

2022-05-16 11:49:32 - [TEST_STEP][PASSED] - al2V = <not implemented yet for class: org.codehaus.groovy.ast.expr.EmptyExpression>: null

2022-05-16 11:49:32 - [TEST_STEP][PASSED] - zipV = <not implemented yet for class: org.codehaus.groovy.ast.expr.EmptyExpression>: null

2022-05-16 11:49:32 - [TEST_STEP][PASSED] - cardTypeV = <not implemented yet for class: org.codehaus.groovy.ast.expr.EmptyExpression>: null

2022-05-16 11:49:32 - [TEST_STEP][PASSED] - last4V = <not implemented yet for class: org.codehaus.groovy.ast.expr.EmptyExpression>: null

2022-05-16 11:49:32 - [TEST_STEP][PASSED] - nameSheet = "CC-Payments-Auth": null

2022-05-16 11:49:32 - [TEST_STEP][PASSED] - numOfRows = findTestData("QA/Bootstrap/VSP-Payments-TestData/CC-Payments-Auth").getRowNumbers(): null

2022-05-16 11:49:32 - [TEST_STEP][PASSED] - println("Number of Records: " + numOfRows): null

2022-05-16 11:49:32 - [TEST_STEP][PASSED] - dataFile = "QA/Bootstrap/VSP-Payments-TestData/CC-Payments-Auth": null

2022-05-16 11:49:32 - [TEST_STEP][PASSED] - for ([row = 1, row <= numOfRows, (row++)]): Browser is closed

2022-05-16 11:49:32 - [TEST_STEP][PASSED] - ExecuteTC = findTestData(dataFile).getValue("Execute", row): null

2022-05-16 11:49:32 - [TEST_STEP][PASSED] - out.println("Value of Execute is : " + ExecuteTC): null

2022-05-16 11:49:32 - [TEST_STEP][PASSED] - switch (executionProfile): null

2022-05-16 11:49:32 - [TEST_STEP][PASSED] - case "DemoProfile":: null

2022-05-16 11:49:32 - [TEST_STEP][PASSED] - appName = findTestData(dataFile).getValue("AppNameDemo", row): null

2022-05-16 11:49:32 - [TEST_STEP][PASSED] - appID = findTestData(dataFile).getValue("AppIDDemo", row): null

2022-05-16 11:49:33 - [TEST_STEP][PASSED] - break: null

2022-05-16 11:49:33 - [TEST_STEP][PASSED] - if (ExecuteTC.equalsIgnoreCase("Y")): null

2022-05-16 11:49:33 - [TEST_STEP][PASSED] - out.println("Begin Record Number: " + row): null

2022-05-16 11:49:33 - [TEST_STEP][PASSED] - today = new java.util.Date(): null

2022-05-16 11:49:33 - [TEST_STEP][PASSED] - println(today): null

2022-05-16 11:49:33 - [TEST_STEP][PASSED] - datText = today: null

2022-05-16 11:49:33 - [TEST_STEP][PASSED] - adminSuiteBootstrap.loginFunctionality.login_AdminSuite(): adminSuiteBootstrap.loginFunctionality.login_AdminSuite is PASSED

2022-05-16 11:49:33 - [MESSAGE][INFO] - Starting 'Chrome' driver

2022-05-16 11:49:33 - [MESSAGE][INFO] - User set preference: ['acceptInsecureCerts', 'true']

2022-05-16 11:49:33 - [MESSAGE][INFO] - Action delay is set to 0 milliseconds

2022-05-16 11:49:35 - [MESSAGE][PASSED] - Browser is opened with url: 'https://demo.velocitypayment.com/admin/imtiazdemo'

2022-05-16 11:49:35 - [MESSAGE][PASSED] - Current window maximized

2022-05-16 11:49:35 - [MESSAGE][PASSED] - Object 'Object Repository/Login_Page/Login_Username' is present

2022-05-16 11:49:36 - [MESSAGE][PASSED] - Text 'iahmed' is set on object 'Object Repository/Login_Page/Login_Username'

2022-05-16 11:49:37 - [MESSAGE][PASSED] - Text 'hello2222' is set on object 'Object Repository/Login_Page/Login_Password'

2022-05-16 11:49:40 - [MESSAGE][PASSED] - Object: 'Object Repository/Login_Page/Login_Submit' is clicked on

2022-05-16 11:49:40 - [MESSAGE][PASSED] - adminSuiteBootstrap.loginFunctionality.login_AdminSuite is PASSED

2022-05-16 11:49:40 - [TEST_STEP][PASSED] - click(findTestObject(path_Dashboard + appName)): Object: 'Object Repository/AdminSuiteBootstrap_Pages/Dashboard_Bootstrap/a_Access AutoNoCFtpDemo' is clicked on

2022-05-16 11:49:42 - [MESSAGE][PASSED] - Object: 'Object Repository/AdminSuiteBootstrap_Pages/Dashboard_Bootstrap/a_Access AutoNoCFtpDemo' is clicked on

2022-05-16 11:49:42 - [TEST_STEP][PASSED] - click(findTestObject(path_VT + "a_Find Profile")): Object: 'Object Repository/AdminSuiteBootstrap_Pages/VT_Bootstrap/IssueTransactions/a_Find Profile' is clicked on

2022-05-16 11:49:42 - [MESSAGE][PASSED] - Object: 'Object Repository/AdminSuiteBootstrap_Pages/VT_Bootstrap/IssueTransactions/a_Find Profile' is clicked on

2022-05-16 11:49:42 - [TEST_STEP][PASSED] - criteria = <not implemented yet for class: org.codehaus.groovy.ast.expr.EmptyExpression>: null

2022-05-16 11:49:42 - [TEST_STEP][PASSED] - searchBy = <not implemented yet for class: org.codehaus.groovy.ast.expr.EmptyExpression>: null

2022-05-16 11:49:42 - [TEST_STEP][PASSED] - criteria = findTestData(dataFile).getValue("ProfileName", row): null

2022-05-16 11:49:42 - [TEST_STEP][PASSED] - path_SearchProfile = "Object Repository/AdminSuiteBootstrap_Pages/VSP_Bootstrap/SearchProfile/": null

2022-05-16 11:49:42 - [TEST_STEP][PASSED] - setText(findTestObject(path_SearchProfile + "input_Criteria"), criteria): Text 'PaymentsVisa' is set on object 'Object Repository/AdminSuiteBootstrap_Pages/VSP_Bootstrap/SearchProfile/input_Criteria'

2022-05-16 11:49:43 - [MESSAGE][PASSED] - Text 'PaymentsVisa' is set on object 'Object Repository/AdminSuiteBootstrap_Pages/VSP_Bootstrap/SearchProfile/input_Criteria'

2022-05-16 11:49:43 - [TEST_STEP][PASSED] - click(findTestObject(path_SearchProfile + "button_Search")): Object: 'Object Repository/AdminSuiteBootstrap_Pages/VSP_Bootstrap/SearchProfile/button_Search' is clicked on

2022-05-16 11:49:45 - [MESSAGE][PASSED] - Object: 'Object Repository/AdminSuiteBootstrap_Pages/VSP_Bootstrap/SearchProfile/button_Search' is clicked on

2022-05-16 11:49:45 - [TEST_STEP][PASSED] - profNameLink = findTestData(dataFile).getValue("ProfileNameLink", row): null

2022-05-16 11:49:45 - [TEST_STEP][PASSED] - click(findTestObject(path_ViewProfile + profNameLink)): Object: 'Object Repository/AdminSuiteBootstrap_Pages/VSP_Bootstrap/View Profile/a_PaymentsVisa' is clicked on

2022-05-16 11:49:48 - [MESSAGE][PASSED] - Object: 'Object Repository/AdminSuiteBootstrap_Pages/VSP_Bootstrap/View Profile/a_PaymentsVisa' is clicked on

2022-05-16 11:49:48 - [TEST_STEP][PASSED] - click(findTestObject(path_ViewProfile + "a_Auth")): Object: 'Object Repository/AdminSuiteBootstrap_Pages/VSP_Bootstrap/View Profile/a_Auth' is clicked on

2022-05-16 11:49:51 - [MESSAGE][PASSED] - Object: 'Object Repository/AdminSuiteBootstrap_Pages/VSP_Bootstrap/View Profile/a_Auth' is clicked on

2022-05-16 11:49:51 - [TEST_STEP][PASSED] - verifyTextPresent("Credit Card Authorization", true): Text 'Credit Card Authorization' is present on page  using regular expression

2022-05-16 11:49:53 - [MESSAGE][PASSED] - Text 'Credit Card Authorization' is present on page  using regular expression

2022-05-16 11:49:53 - [TEST_STEP][PASSED] - verifyTextPresent("Required fields are highlighted with an asterisk", true): Text 'Required fields are highlighted with an asterisk' is present on page  using regular expression

2022-05-16 11:49:54 - [MESSAGE][PASSED] - Text 'Required fields are highlighted with an asterisk' is present on page  using regular expression

2022-05-16 11:49:54 - [TEST_STEP][PASSED] - verifyTextPresent("Remittance ID", true): Text 'Remittance ID' is present on page  using regular expression

2022-05-16 11:49:54 - [MESSAGE][PASSED] - Text 'Remittance ID' is present on page  using regular expression

2022-05-16 11:49:54 - [TEST_STEP][PASSED] - vspBootstrap.SalePage.setDataSaleAndAuth(row, dataFile): vspBootstrap.SalePage.setDataSaleAndAuth is PASSED

2022-05-16 11:49:55 - [MESSAGE][PASSED] - All options with value 'MOTO' are selected in object 'Object Repository/AdminSuiteBootstrap_Pages/VSP_Bootstrap/VSP_Authcap/select_TransactionCategory'  using regular expression

2022-05-16 11:49:56 - [MESSAGE][PASSED] - Text '123' is set on object 'Object Repository/AdminSuiteBootstrap_Pages/VSP_Bootstrap/VSP_Authcap/input_cvv'

2022-05-16 11:49:57 - [MESSAGE][PASSED] - Text '' is set on object 'Object Repository/AdminSuiteBootstrap_Pages/VSP_Bootstrap/VSP_Authcap/input_smsNumber'

2022-05-16 11:49:58 - [MESSAGE][PASSED] - Text '2.50' is set on object 'Object Repository/AdminSuiteBootstrap_Pages/VSP_Bootstrap/VSP_Authcap/input_amount'

2022-05-16 11:49:58 - [MESSAGE][PASSED] - Text 'Delhi' is set on object 'Object Repository/AdminSuiteBootstrap_Pages/VSP_Bootstrap/VSP_Authcap/input_userDefined1'

2022-05-16 11:49:59 - [MESSAGE][PASSED] - Text 'Chennai' is set on object 'Object Repository/AdminSuiteBootstrap_Pages/VSP_Bootstrap/VSP_Authcap/input_userDefined2'

2022-05-16 11:50:00 - [MESSAGE][PASSED] - Text 'Mumbai' is set on object 'Object Repository/AdminSuiteBootstrap_Pages/VSP_Bootstrap/VSP_Authcap/input_userDefined3'

2022-05-16 11:50:00 - [MESSAGE][PASSED] - Text 'Kanpur' is set on object 'Object Repository/AdminSuiteBootstrap_Pages/VSP_Bootstrap/VSP_Authcap/input_userDefined4'

2022-05-16 11:50:01 - [MESSAGE][PASSED] - All options with label 'Orange' are selected in object 'Object Repository/AdminSuiteBootstrap_Pages/VSP_Bootstrap/VSP_Authcap/select_UDF5'  using regular expression

2022-05-16 11:50:02 - [MESSAGE][PASSED] - All options with label 'Yellow' are selected in object 'Object Repository/AdminSuiteBootstrap_Pages/VSP_Bootstrap/VSP_Authcap/select_UDF6'  using regular expression

2022-05-16 11:50:03 - [MESSAGE][PASSED] - Text 'Kolkata' is set on object 'Object Repository/AdminSuiteBootstrap_Pages/VSP_Bootstrap/VSP_Authcap/input_userDefined7'

2022-05-16 11:50:04 - [MESSAGE][PASSED] - Text 'Pune' is set on object 'Object Repository/AdminSuiteBootstrap_Pages/VSP_Bootstrap/VSP_Authcap/input_userDefined8'

2022-05-16 11:50:04 - [MESSAGE][PASSED] - Text 'Bhavnagar' is set on object 'Object Repository/AdminSuiteBootstrap_Pages/VSP_Bootstrap/VSP_Authcap/input_userDefined9'

2022-05-16 11:50:05 - [MESSAGE][PASSED] - Text 'Noida' is set on object 'Object Repository/AdminSuiteBootstrap_Pages/VSP_Bootstrap/VSP_Authcap/input_userDefined10'

2022-05-16 11:50:09 - [MESSAGE][PASSED] - Object: 'Object Repository/AdminSuiteBootstrap_Pages/VSP_Bootstrap/VSP_Authcap/button_Submit' is clicked on

2022-05-16 11:50:09 - [MESSAGE][PASSED] - vspBootstrap.SalePage.setDataSaleAndAuth is PASSED

2022-05-16 11:50:09 - [TEST_STEP][PASSED] - verifyTextPresent("Transaction Successful", true): Text 'Transaction Successful' is present on page  using regular expression

2022-05-16 11:50:09 - [MESSAGE][PASSED] - Text 'Transaction Successful' is present on page  using regular expression

2022-05-16 11:50:09 - [TEST_STEP][PASSED] - verifyElementVisible(findTestObject("Object Repository/AdminSuiteBootstrap_Pages/VT_Bootstrap/Receipt/button_Continue")): Object 'Object Repository/AdminSuiteBootstrap_Pages/VT_Bootstrap/Receipt/button_Continue' is visible

2022-05-16 11:50:10 - [MESSAGE][PASSED] - Object 'Object Repository/AdminSuiteBootstrap_Pages/VT_Bootstrap/Receipt/button_Continue' is visible

2022-05-16 11:50:10 - [TEST_STEP][PASSED] - verifyElementPresent(findTestObject("Object Repository/AdminSuiteBootstrap_Pages/VT_Bootstrap/Receipt/button_Continue"), 20): Object 'Object Repository/AdminSuiteBootstrap_Pages/VT_Bootstrap/Receipt/button_Continue' is present

2022-05-16 11:50:10 - [MESSAGE][PASSED] - Object 'Object Repository/AdminSuiteBootstrap_Pages/VT_Bootstrap/Receipt/button_Continue' is present

2022-05-16 11:50:10 - [TEST_STEP][PASSED] - verifyElementVisible(findTestObject("Object Repository/AdminSuiteBootstrap_Pages/VT_Bootstrap/Receipt/button_Print")): Object 'Object Repository/AdminSuiteBootstrap_Pages/VT_Bootstrap/Receipt/button_Print' is visible

2022-05-16 11:50:10 - [MESSAGE][PASSED] - Object 'Object Repository/AdminSuiteBootstrap_Pages/VT_Bootstrap/Receipt/button_Print' is visible

2022-05-16 11:50:10 - [TEST_STEP][PASSED] - verifyElementPresent(findTestObject("Object Repository/AdminSuiteBootstrap_Pages/VT_Bootstrap/Receipt/button_Print"), 20): Object 'Object Repository/AdminSuiteBootstrap_Pages/VT_Bootstrap/Receipt/button_Print' is present

2022-05-16 11:50:11 - [MESSAGE][PASSED] - Object 'Object Repository/AdminSuiteBootstrap_Pages/VT_Bootstrap/Receipt/button_Print' is present

2022-05-16 11:50:11 - [TEST_STEP][PASSED] - verifyTextPresent("Remittance ID", true): Text 'Remittance ID' is present on page  using regular expression

2022-05-16 11:50:11 - [MESSAGE][PASSED] - Text 'Remittance ID' is present on page  using regular expression

2022-05-16 11:50:11 - [TEST_STEP][PASSED] - verifyTextPresent("Received", true): Text 'Received' is present on page  using regular expression

2022-05-16 11:50:11 - [MESSAGE][PASSED] - Text 'Received' is present on page  using regular expression

2022-05-16 11:50:11 - [TEST_STEP][PASSED] - verifyTextPresent("UDF1", true): Text 'UDF1' is present on page  using regular expression

2022-05-16 11:50:12 - [MESSAGE][PASSED] - Text 'UDF1' is present on page  using regular expression

2022-05-16 11:50:12 - [TEST_STEP][PASSED] - verifyTextPresent("UDF2", true): Text 'UDF2' is present on page  using regular expression

2022-05-16 11:50:12 - [MESSAGE][PASSED] - Text 'UDF2' is present on page  using regular expression

2022-05-16 11:50:12 - [TEST_STEP][PASSED] - verifyTextPresent("UDF3", true): Text 'UDF3' is present on page  using regular expression

2022-05-16 11:50:12 - [MESSAGE][PASSED] - Text 'UDF3' is present on page  using regular expression

2022-05-16 11:50:12 - [TEST_STEP][PASSED] - verifyTextPresent("UDF4", true): Text 'UDF4' is present on page  using regular expression

2022-05-16 11:50:13 - [MESSAGE][PASSED] - Text 'UDF4' is present on page  using regular expression

2022-05-16 11:50:13 - [TEST_STEP][PASSED] - verifyTextPresent("UDF5", true): Text 'UDF5' is present on page  using regular expression

2022-05-16 11:50:13 - [MESSAGE][PASSED] - Text 'UDF5' is present on page  using regular expression

2022-05-16 11:50:13 - [TEST_STEP][PASSED] - verifyTextPresent("UDF6", true): Text 'UDF6' is present on page  using regular expression

2022-05-16 11:50:13 - [MESSAGE][PASSED] - Text 'UDF6' is present on page  using regular expression

2022-05-16 11:50:13 - [TEST_STEP][PASSED] - verifyTextPresent("UDF7", true): Text 'UDF7' is present on page  using regular expression

2022-05-16 11:50:14 - [MESSAGE][PASSED] - Text 'UDF7' is present on page  using regular expression

2022-05-16 11:50:14 - [TEST_STEP][PASSED] - verifyTextPresent("UDF8", true): Text 'UDF8' is present on page  using regular expression

2022-05-16 11:50:14 - [MESSAGE][PASSED] - Text 'UDF8' is present on page  using regular expression

2022-05-16 11:50:14 - [TEST_STEP][PASSED] - verifyTextPresent("UDF9", true): Text 'UDF9' is present on page  using regular expression

2022-05-16 11:50:14 - [MESSAGE][PASSED] - Text 'UDF9' is present on page  using regular expression

2022-05-16 11:50:14 - [TEST_STEP][PASSED] - verifyTextPresent("UDF 10", true): Text 'UDF 10' is present on page  using regular expression

2022-05-16 11:50:15 - [MESSAGE][PASSED] - Text 'UDF 10' is present on page  using regular expression

2022-05-16 11:50:15 - [TEST_STEP][PASSED] - verifyTextPresent("Delhi", true): Text 'Delhi' is present on page  using regular expression

2022-05-16 11:50:15 - [MESSAGE][PASSED] - Text 'Delhi' is present on page  using regular expression

2022-05-16 11:50:15 - [TEST_STEP][PASSED] - verifyTextPresent("Chennai", true): Text 'Chennai' is present on page  using regular expression

2022-05-16 11:50:15 - [MESSAGE][PASSED] - Text 'Chennai' is present on page  using regular expression

2022-05-16 11:50:15 - [TEST_STEP][PASSED] - verifyTextPresent("Mumbai", true): Text 'Mumbai' is present on page  using regular expression

2022-05-16 11:50:16 - [MESSAGE][PASSED] - Text 'Mumbai' is present on page  using regular expression

2022-05-16 11:50:16 - [TEST_STEP][PASSED] - verifyTextPresent("Kanpur", true): Text 'Kanpur' is present on page  using regular expression

2022-05-16 11:50:16 - [MESSAGE][PASSED] - Text 'Kanpur' is present on page  using regular expression

2022-05-16 11:50:16 - [TEST_STEP][PASSED] - verifyTextPresent("Orange Recorded", true): Text 'Orange Recorded' is present on page  using regular expression

2022-05-16 11:50:16 - [MESSAGE][PASSED] - Text 'Orange Recorded' is present on page  using regular expression

2022-05-16 11:50:16 - [TEST_STEP][PASSED] - verifyTextPresent("Yellow Recorded", true): Text 'Yellow Recorded' is present on page  using regular expression

2022-05-16 11:50:17 - [MESSAGE][PASSED] - Text 'Yellow Recorded' is present on page  using regular expression

2022-05-16 11:50:17 - [TEST_STEP][PASSED] - verifyTextPresent("Kolkata", true): Text 'Kolkata' is present on page  using regular expression

2022-05-16 11:50:17 - [MESSAGE][PASSED] - Text 'Kolkata' is present on page  using regular expression

2022-05-16 11:50:17 - [TEST_STEP][PASSED] - verifyTextPresent("Pune", true): Text 'Pune' is present on page  using regular expression

2022-05-16 11:50:17 - [MESSAGE][PASSED] - Text 'Pune' is present on page  using regular expression

2022-05-16 11:50:17 - [TEST_STEP][PASSED] - verifyTextPresent("Bhavnagar", true): Text 'Bhavnagar' is present on page  using regular expression

2022-05-16 11:50:18 - [MESSAGE][PASSED] - Text 'Bhavnagar' is present on page  using regular expression

2022-05-16 11:50:18 - [TEST_STEP][PASSED] - verifyTextPresent("Noida", true): Text 'Noida' is present on page  using regular expression

2022-05-16 11:50:18 - [MESSAGE][PASSED] - Text 'Noida' is present on page  using regular expression

2022-05-16 11:50:18 - [TEST_STEP][PASSED] - verifyTextPresent("Amount", true): Text 'Amount' is present on page  using regular expression

2022-05-16 11:50:18 - [MESSAGE][PASSED] - Text 'Amount' is present on page  using regular expression

2022-05-16 11:50:18 - [TEST_STEP][PASSED] - verifyTextPresent("2.50", true): Text '2.50' is present on page  using regular expression

2022-05-16 11:50:19 - [MESSAGE][PASSED] - Text '2.50' is present on page  using regular expression

2022-05-16 11:50:19 - [TEST_STEP][PASSED] - verifyTextPresent("Authorization", true): Text 'Authorization' is present on page  using regular expression

2022-05-16 11:50:19 - [MESSAGE][PASSED] - Text 'Authorization' is present on page  using regular expression

2022-05-16 11:50:19 - [TEST_STEP][PASSED] - verifyTextPresent("Card Information", true): Text 'Card Information' is present on page  using regular expression

2022-05-16 11:50:19 - [MESSAGE][PASSED] - Text 'Card Information' is present on page  using regular expression

2022-05-16 11:50:19 - [TEST_STEP][PASSED] - verifyTextPresent("TANDON RAVENA", true): Text 'TANDON RAVENA' is present on page  using regular expression

2022-05-16 11:50:20 - [MESSAGE][PASSED] - Text 'TANDON RAVENA' is present on page  using regular expression

2022-05-16 11:50:20 - [TEST_STEP][PASSED] - verifyTextPresent("Address Line 1", true): Text 'Address Line 1' is present on page  using regular expression

2022-05-16 11:50:20 - [MESSAGE][PASSED] - Text 'Address Line 1' is present on page  using regular expression

2022-05-16 11:50:20 - [TEST_STEP][PASSED] - verifyTextPresent("Address Line 2", true): Text 'Address Line 2' is present on page  using regular expression

2022-05-16 11:50:21 - [MESSAGE][PASSED] - Text 'Address Line 2' is present on page  using regular expression

2022-05-16 11:50:21 - [TEST_STEP][PASSED] - verifyTextPresent("Country", true): Text 'Country' is present on page  using regular expression

2022-05-16 11:50:21 - [MESSAGE][PASSED] - Text 'Country' is present on page  using regular expression

2022-05-16 11:50:21 - [TEST_STEP][PASSED] - verifyTextPresent("City", true): Text 'City' is present on page  using regular expression

2022-05-16 11:50:21 - [MESSAGE][PASSED] - Text 'City' is present on page  using regular expression

2022-05-16 11:50:21 - [TEST_STEP][PASSED] - verifyTextPresent("State", true): Text 'State' is present on page  using regular expression

2022-05-16 11:50:22 - [MESSAGE][PASSED] - Text 'State' is present on page  using regular expression

2022-05-16 11:50:22 - [TEST_STEP][PASSED] - verifyTextPresent("ZIP Code", true): Text 'ZIP Code' is present on page  using regular expression

2022-05-16 11:50:22 - [MESSAGE][PASSED] - Text 'ZIP Code' is present on page  using regular expression

2022-05-16 11:50:22 - [TEST_STEP][PASSED] - verifyTextPresent("248 PhoolKaante road", true): Text '248 PhoolKaante road' is present on page  using regular expression

2022-05-16 11:50:22 - [MESSAGE][PASSED] - Text '248 PhoolKaante road' is present on page  using regular expression

2022-05-16 11:50:22 - [TEST_STEP][PASSED] - verifyTextPresent("Suite 678", true): Text 'Suite 678' is present on page  using regular expression

2022-05-16 11:50:23 - [MESSAGE][PASSED] - Text 'Suite 678' is present on page  using regular expression

2022-05-16 11:50:23 - [TEST_STEP][PASSED] - verifyTextPresent("United States", true): Text 'United States' is present on page  using regular expression

2022-05-16 11:50:23 - [MESSAGE][PASSED] - Text 'United States' is present on page  using regular expression

2022-05-16 11:50:23 - [TEST_STEP][PASSED] - verifyTextPresent("ARLINGTON", true): Text 'ARLINGTON' is present on page  using regular expression

2022-05-16 11:50:23 - [MESSAGE][PASSED] - Text 'ARLINGTON' is present on page  using regular expression

2022-05-16 11:50:23 - [TEST_STEP][PASSED] - verifyTextPresent("VA", true): Text 'VA' is present on page  using regular expression

2022-05-16 11:50:24 - [MESSAGE][PASSED] - Text 'VA' is present on page  using regular expression

2022-05-16 11:50:24 - [TEST_STEP][PASSED] - verifyTextPresent("22201", true): Text '22201' is present on page  using regular expression

2022-05-16 11:50:24 - [MESSAGE][PASSED] - Text '22201' is present on page  using regular expression

2022-05-16 11:50:24 - [TEST_STEP][PASSED] - cardTypeV = findTestData(dataFile).getValue("CardType", row): null

2022-05-16 11:50:24 - [TEST_STEP][PASSED] - last4V = findTestData(dataFile).getValue("Last4", row): null

2022-05-16 11:50:24 - [TEST_STEP][PASSED] - verifyTextPresent(cardTypeV, true): Text 'Visa' is present on page  using regular expression

2022-05-16 11:50:24 - [MESSAGE][PASSED] - Text 'Visa' is present on page  using regular expression

2022-05-16 11:50:24 - [TEST_STEP][PASSED] - verifyTextPresent(last4V, true): Text '5439' is present on page  using regular expression

2022-05-16 11:50:25 - [MESSAGE][PASSED] - Text '5439' is present on page  using regular expression

2022-05-16 11:50:25 - [TEST_STEP][PASSED] - switch (appName): null

2022-05-16 11:50:25 - [TEST_STEP][PASSED] - closeBrowser(): Browser is closed

2022-05-16 11:50:26 - [MESSAGE][PASSED] - Browser is closed

2022-05-16 11:50:26 - [TEST_STEP][PASSED] - ExecuteTC = findTestData(dataFile).getValue("Execute", row): null

2022-05-16 11:50:26 - [TEST_STEP][PASSED] - out.println("Value of Execute is : " + ExecuteTC): null

2022-05-16 11:50:26 - [TEST_STEP][PASSED] - switch (executionProfile): null

2022-05-16 11:50:26 - [TEST_STEP][PASSED] - case "DemoProfile":: null

2022-05-16 11:50:26 - [TEST_STEP][PASSED] - appName = findTestData(dataFile).getValue("AppNameDemo", row): null

2022-05-16 11:50:26 - [TEST_STEP][PASSED] - appID = findTestData(dataFile).getValue("AppIDDemo", row): null

2022-05-16 11:50:26 - [TEST_STEP][PASSED] - break: null

2022-05-16 11:50:26 - [TEST_STEP][PASSED] - if (ExecuteTC.equalsIgnoreCase("Y")): null

2022-05-16 11:50:26 - [TEST_STEP][PASSED] - closeBrowser(): Browser is closed

2022-05-16 11:50:26 - [MESSAGE][PASSED] - Browser is closed

2022-05-16 11:50:26 - [TEST_STEP][PASSED] - ExecuteTC = findTestData(dataFile).getValue("Execute", row): null

2022-05-16 11:50:26 - [TEST_STEP][PASSED] - out.println("Value of Execute is : " + ExecuteTC): null

2022-05-16 11:50:26 - [TEST_STEP][PASSED] - switch (executionProfile): null

2022-05-16 11:50:26 - [TEST_STEP][PASSED] - case "DemoProfile":: null

2022-05-16 11:50:26 - [TEST_STEP][PASSED] - appName = findTestData(dataFile).getValue("AppNameDemo", row): null

2022-05-16 11:50:26 - [TEST_STEP][PASSED] - appID = findTestData(dataFile).getValue("AppIDDemo", row): null

2022-05-16 11:50:26 - [TEST_STEP][PASSED] - break: null

2022-05-16 11:50:26 - [TEST_STEP][PASSED] - if (ExecuteTC.equalsIgnoreCase("Y")): null

2022-05-16 11:50:26 - [TEST_STEP][PASSED] - closeBrowser(): Browser is closed

2022-05-16 11:50:26 - [MESSAGE][PASSED] - Browser is closed

2022-05-16 11:50:26 - [TEST_STEP][PASSED] - ExecuteTC = findTestData(dataFile).getValue("Execute", row): null

2022-05-16 11:50:26 - [TEST_STEP][PASSED] - out.println("Value of Execute is : " + ExecuteTC): null

2022-05-16 11:50:26 - [TEST_STEP][PASSED] - switch (executionProfile): null

2022-05-16 11:50:26 - [TEST_STEP][PASSED] - case "DemoProfile":: null

2022-05-16 11:50:26 - [TEST_STEP][PASSED] - appName = findTestData(dataFile).getValue("AppNameDemo", row): null

2022-05-16 11:50:26 - [TEST_STEP][PASSED] - appID = findTestData(dataFile).getValue("AppIDDemo", row): null

2022-05-16 11:50:26 - [TEST_STEP][PASSED] - break: null

2022-05-16 11:50:26 - [TEST_STEP][PASSED] - if (ExecuteTC.equalsIgnoreCase("Y")): null

2022-05-16 11:50:26 - [TEST_STEP][PASSED] - closeBrowser(): Browser is closed

2022-05-16 11:50:26 - [MESSAGE][PASSED] - Browser is closed

2022-05-16 11:50:26 - [TEST_STEP][PASSED] - ExecuteTC = findTestData(dataFile).getValue("Execute", row): null

2022-05-16 11:50:26 - [TEST_STEP][PASSED] - out.println("Value of Execute is : " + ExecuteTC): null

2022-05-16 11:50:26 - [TEST_STEP][PASSED] - switch (executionProfile): null

2022-05-16 11:50:26 - [TEST_STEP][PASSED] - case "DemoProfile":: null

2022-05-16 11:50:26 - [TEST_STEP][PASSED] - appName = findTestData(dataFile).getValue("AppNameDemo", row): null

2022-05-16 11:50:26 - [TEST_STEP][PASSED] - appID = findTestData(dataFile).getValue("AppIDDemo", row): null

2022-05-16 11:50:26 - [TEST_STEP][PASSED] - break: null

2022-05-16 11:50:26 - [TEST_STEP][PASSED] - if (ExecuteTC.equalsIgnoreCase("Y")): null

2022-05-16 11:50:26 - [TEST_STEP][PASSED] - closeBrowser(): Browser is closed

2022-05-16 11:50:26 - [MESSAGE][PASSED] - Browser is closed

2022-05-16 11:50:26 - [TEST_STEP][PASSED] - ExecuteTC = findTestData(dataFile).getValue("Execute", row): null

2022-05-16 11:50:26 - [TEST_STEP][PASSED] - out.println("Value of Execute is : " + ExecuteTC): null

2022-05-16 11:50:26 - [TEST_STEP][PASSED] - switch (executionProfile): null

2022-05-16 11:50:26 - [TEST_STEP][PASSED] - case "DemoProfile":: null

2022-05-16 11:50:26 - [TEST_STEP][PASSED] - appName = findTestData(dataFile).getValue("AppNameDemo", row): null

2022-05-16 11:50:26 - [TEST_STEP][PASSED] - appID = findTestData(dataFile).getValue("AppIDDemo", row): null

2022-05-16 11:50:26 - [TEST_STEP][PASSED] - break: null

2022-05-16 11:50:26 - [TEST_STEP][PASSED] - if (ExecuteTC.equalsIgnoreCase("Y")): null

2022-05-16 11:50:26 - [TEST_STEP][PASSED] - closeBrowser(): Browser is closed

2022-05-16 11:50:26 - [MESSAGE][PASSED] - Browser is closed

2022-05-16 11:50:26 - [TEST_STEP][PASSED] - ExecuteTC = findTestData(dataFile).getValue("Execute", row): null

2022-05-16 11:50:26 - [TEST_STEP][PASSED] - out.println("Value of Execute is : " + ExecuteTC): null

2022-05-16 11:50:26 - [TEST_STEP][PASSED] - switch (executionProfile): null

2022-05-16 11:50:26 - [TEST_STEP][PASSED] - case "DemoProfile":: null

2022-05-16 11:50:26 - [TEST_STEP][PASSED] - appName = findTestData(dataFile).getValue("AppNameDemo", row): null

2022-05-16 11:50:26 - [TEST_STEP][PASSED] - appID = findTestData(dataFile).getValue("AppIDDemo", row): null

2022-05-16 11:50:26 - [TEST_STEP][PASSED] - break: null

2022-05-16 11:50:26 - [TEST_STEP][PASSED] - if (ExecuteTC.equalsIgnoreCase("Y")): null

2022-05-16 11:50:26 - [TEST_STEP][PASSED] - closeBrowser(): Browser is closed

2022-05-16 11:50:26 - [MESSAGE][PASSED] - Browser is closed

2022-05-16 11:50:26 - [TEST_STEP][PASSED] - ExecuteTC = findTestData(dataFile).getValue("Execute", row): null

2022-05-16 11:50:26 - [TEST_STEP][PASSED] - out.println("Value of Execute is : " + ExecuteTC): null

2022-05-16 11:50:26 - [TEST_STEP][PASSED] - switch (executionProfile): null

2022-05-16 11:50:26 - [TEST_STEP][PASSED] - case "DemoProfile":: null

2022-05-16 11:50:26 - [TEST_STEP][PASSED] - appName = findTestData(dataFile).getValue("AppNameDemo", row): null

2022-05-16 11:50:26 - [TEST_STEP][PASSED] - appID = findTestData(dataFile).getValue("AppIDDemo", row): null

2022-05-16 11:50:26 - [TEST_STEP][PASSED] - break: null

2022-05-16 11:50:26 - [TEST_STEP][PASSED] - if (ExecuteTC.equalsIgnoreCase("Y")): null

2022-05-16 11:50:26 - [TEST_STEP][PASSED] - closeBrowser(): Browser is closed

2022-05-16 11:50:26 - [MESSAGE][PASSED] - Browser is closed

2022-05-16 11:50:26 - [TEST_STEP][PASSED] - ExecuteTC = findTestData(dataFile).getValue("Execute", row): null

2022-05-16 11:50:26 - [TEST_STEP][PASSED] - out.println("Value of Execute is : " + ExecuteTC): null

2022-05-16 11:50:26 - [TEST_STEP][PASSED] - switch (executionProfile): null

2022-05-16 11:50:26 - [TEST_STEP][PASSED] - case "DemoProfile":: null

2022-05-16 11:50:26 - [TEST_STEP][PASSED] - appName = findTestData(dataFile).getValue("AppNameDemo", row): null

2022-05-16 11:50:26 - [TEST_STEP][PASSED] - appID = findTestData(dataFile).getValue("AppIDDemo", row): null

2022-05-16 11:50:26 - [TEST_STEP][PASSED] - break: null

2022-05-16 11:50:26 - [TEST_STEP][PASSED] - if (ExecuteTC.equalsIgnoreCase("Y")): null

2022-05-16 11:50:26 - [TEST_STEP][PASSED] - out.println("Begin Record Number: " + row): null

2022-05-16 11:50:26 - [TEST_STEP][PASSED] - today = new java.util.Date(): null

2022-05-16 11:50:26 - [TEST_STEP][PASSED] - println(today): null

2022-05-16 11:50:26 - [TEST_STEP][PASSED] - datText = today: null

2022-05-16 11:50:26 - [TEST_STEP][PASSED] - adminSuiteBootstrap.loginFunctionality.login_AdminSuite(): adminSuiteBootstrap.loginFunctionality.login_AdminSuite is PASSED

2022-05-16 11:50:26 - [MESSAGE][INFO] - Starting 'Chrome' driver

2022-05-16 11:50:26 - [MESSAGE][INFO] - User set preference: ['acceptInsecureCerts', 'true']

2022-05-16 11:50:26 - [MESSAGE][INFO] - Action delay is set to 0 milliseconds

2022-05-16 11:50:29 - [MESSAGE][PASSED] - Browser is opened with url: 'https://demo.velocitypayment.com/admin/imtiazdemo'

2022-05-16 11:50:29 - [MESSAGE][PASSED] - Current window maximized

2022-05-16 11:50:29 - [MESSAGE][PASSED] - Object 'Object Repository/Login_Page/Login_Username' is present

2022-05-16 11:50:30 - [MESSAGE][PASSED] - Text 'iahmed' is set on object 'Object Repository/Login_Page/Login_Username'

2022-05-16 11:50:31 - [MESSAGE][PASSED] - Text 'hello2222' is set on object 'Object Repository/Login_Page/Login_Password'

2022-05-16 11:50:34 - [MESSAGE][PASSED] - Object: 'Object Repository/Login_Page/Login_Submit' is clicked on

2022-05-16 11:50:34 - [MESSAGE][PASSED] - adminSuiteBootstrap.loginFunctionality.login_AdminSuite is PASSED

2022-05-16 11:50:34 - [TEST_STEP][PASSED] - click(findTestObject(path_Dashboard + appName)): Object: 'Object Repository/AdminSuiteBootstrap_Pages/Dashboard_Bootstrap/a_Access AutoSingleCFtpDemo' is clicked on

2022-05-16 11:50:36 - [MESSAGE][PASSED] - Object: 'Object Repository/AdminSuiteBootstrap_Pages/Dashboard_Bootstrap/a_Access AutoSingleCFtpDemo' is clicked on

2022-05-16 11:50:36 - [TEST_STEP][PASSED] - click(findTestObject(path_VT + "a_Find Profile")): Object: 'Object Repository/AdminSuiteBootstrap_Pages/VT_Bootstrap/IssueTransactions/a_Find Profile' is clicked on

2022-05-16 11:50:36 - [MESSAGE][PASSED] - Object: 'Object Repository/AdminSuiteBootstrap_Pages/VT_Bootstrap/IssueTransactions/a_Find Profile' is clicked on

2022-05-16 11:50:36 - [TEST_STEP][PASSED] - criteria = <not implemented yet for class: org.codehaus.groovy.ast.expr.EmptyExpression>: null

2022-05-16 11:50:36 - [TEST_STEP][PASSED] - searchBy = <not implemented yet for class: org.codehaus.groovy.ast.expr.EmptyExpression>: null

2022-05-16 11:50:36 - [TEST_STEP][PASSED] - criteria = findTestData(dataFile).getValue("ProfileName", row): null

2022-05-16 11:50:36 - [TEST_STEP][PASSED] - path_SearchProfile = "Object Repository/AdminSuiteBootstrap_Pages/VSP_Bootstrap/SearchProfile/": null

2022-05-16 11:50:36 - [TEST_STEP][PASSED] - setText(findTestObject(path_SearchProfile + "input_Criteria"), criteria): Text 'PaymentsVisa' is set on object 'Object Repository/AdminSuiteBootstrap_Pages/VSP_Bootstrap/SearchProfile/input_Criteria'

2022-05-16 11:50:37 - [MESSAGE][PASSED] - Text 'PaymentsVisa' is set on object 'Object Repository/AdminSuiteBootstrap_Pages/VSP_Bootstrap/SearchProfile/input_Criteria'

2022-05-16 11:50:37 - [TEST_STEP][PASSED] - click(findTestObject(path_SearchProfile + "button_Search")): Object: 'Object Repository/AdminSuiteBootstrap_Pages/VSP_Bootstrap/SearchProfile/button_Search' is clicked on

2022-05-16 11:50:39 - [MESSAGE][PASSED] - Object: 'Object Repository/AdminSuiteBootstrap_Pages/VSP_Bootstrap/SearchProfile/button_Search' is clicked on

2022-05-16 11:50:39 - [TEST_STEP][PASSED] - profNameLink = findTestData(dataFile).getValue("ProfileNameLink", row): null

2022-05-16 11:50:39 - [TEST_STEP][PASSED] - click(findTestObject(path_ViewProfile + profNameLink)): Object: 'Object Repository/AdminSuiteBootstrap_Pages/VSP_Bootstrap/View Profile/a_PaymentsVisa' is clicked on

2022-05-16 11:50:42 - [MESSAGE][PASSED] - Object: 'Object Repository/AdminSuiteBootstrap_Pages/VSP_Bootstrap/View Profile/a_PaymentsVisa' is clicked on

2022-05-16 11:50:42 - [TEST_STEP][PASSED] - click(findTestObject(path_ViewProfile + "a_Auth")): Object: 'Object Repository/AdminSuiteBootstrap_Pages/VSP_Bootstrap/View Profile/a_Auth' is clicked on

2022-05-16 11:50:48 - [MESSAGE][PASSED] - Object: 'Object Repository/AdminSuiteBootstrap_Pages/VSP_Bootstrap/View Profile/a_Auth' is clicked on

2022-05-16 11:50:48 - [TEST_STEP][PASSED] - verifyTextPresent("Credit Card Authorization", true): Text 'Credit Card Authorization' is present on page  using regular expression

2022-05-16 11:50:48 - [MESSAGE][PASSED] - Text 'Credit Card Authorization' is present on page  using regular expression

2022-05-16 11:50:48 - [TEST_STEP][PASSED] - verifyTextPresent("Required fields are highlighted with an asterisk", true): Text 'Required fields are highlighted with an asterisk' is present on page  using regular expression

2022-05-16 11:50:49 - [MESSAGE][PASSED] - Text 'Required fields are highlighted with an asterisk' is present on page  using regular expression

2022-05-16 11:50:49 - [TEST_STEP][PASSED] - verifyTextPresent("Remittance ID", true): Text 'Remittance ID' is present on page  using regular expression

2022-05-16 11:50:49 - [MESSAGE][PASSED] - Text 'Remittance ID' is present on page  using regular expression

2022-05-16 11:50:49 - [TEST_STEP][PASSED] - vspBootstrap.SalePage.setDataSaleAndAuth(row, dataFile): vspBootstrap.SalePage.setDataSaleAndAuth is PASSED

2022-05-16 11:50:50 - [MESSAGE][PASSED] - All options with value 'MOTO' are selected in object 'Object Repository/AdminSuiteBootstrap_Pages/VSP_Bootstrap/VSP_Authcap/select_TransactionCategory'  using regular expression

2022-05-16 11:50:51 - [MESSAGE][PASSED] - Text '123' is set on object 'Object Repository/AdminSuiteBootstrap_Pages/VSP_Bootstrap/VSP_Authcap/input_cvv'

2022-05-16 11:50:52 - [MESSAGE][PASSED] - Text '' is set on object 'Object Repository/AdminSuiteBootstrap_Pages/VSP_Bootstrap/VSP_Authcap/input_smsNumber'

2022-05-16 11:50:53 - [MESSAGE][PASSED] - Text '2.50' is set on object 'Object Repository/AdminSuiteBootstrap_Pages/VSP_Bootstrap/VSP_Authcap/input_amount'

2022-05-16 11:50:56 - [MESSAGE][PASSED] - Text 'Delhi' is set on object 'Object Repository/AdminSuiteBootstrap_Pages/VSP_Bootstrap/VSP_Authcap/input_userDefined1'

2022-05-16 11:50:57 - [MESSAGE][PASSED] - Text 'Chennai' is set on object 'Object Repository/AdminSuiteBootstrap_Pages/VSP_Bootstrap/VSP_Authcap/input_userDefined2'

2022-05-16 11:50:58 - [MESSAGE][PASSED] - Text 'Mumbai' is set on object 'Object Repository/AdminSuiteBootstrap_Pages/VSP_Bootstrap/VSP_Authcap/input_userDefined3'

2022-05-16 11:50:58 - [MESSAGE][PASSED] - Text 'Kanpur' is set on object 'Object Repository/AdminSuiteBootstrap_Pages/VSP_Bootstrap/VSP_Authcap/input_userDefined4'

2022-05-16 11:50:59 - [MESSAGE][PASSED] - All options with label 'Orange' are selected in object 'Object Repository/AdminSuiteBootstrap_Pages/VSP_Bootstrap/VSP_Authcap/select_UDF5'  using regular expression

2022-05-16 11:51:00 - [MESSAGE][PASSED] - All options with label 'Yellow' are selected in object 'Object Repository/AdminSuiteBootstrap_Pages/VSP_Bootstrap/VSP_Authcap/select_UDF6'  using regular expression

2022-05-16 11:51:01 - [MESSAGE][PASSED] - Text 'Kolkata' is set on object 'Object Repository/AdminSuiteBootstrap_Pages/VSP_Bootstrap/VSP_Authcap/input_userDefined7'

2022-05-16 11:51:02 - [MESSAGE][PASSED] - Text 'Pune' is set on object 'Object Repository/AdminSuiteBootstrap_Pages/VSP_Bootstrap/VSP_Authcap/input_userDefined8'

2022-05-16 11:51:02 - [MESSAGE][PASSED] - Text 'Bhavnagar' is set on object 'Object Repository/AdminSuiteBootstrap_Pages/VSP_Bootstrap/VSP_Authcap/input_userDefined9'

2022-05-16 11:51:03 - [MESSAGE][PASSED] - Text 'Noida' is set on object 'Object Repository/AdminSuiteBootstrap_Pages/VSP_Bootstrap/VSP_Authcap/input_userDefined10'

2022-05-16 11:51:07 - [MESSAGE][PASSED] - Object: 'Object Repository/AdminSuiteBootstrap_Pages/VSP_Bootstrap/VSP_Authcap/button_Submit' is clicked on

2022-05-16 11:51:07 - [MESSAGE][PASSED] - vspBootstrap.SalePage.setDataSaleAndAuth is PASSED

2022-05-16 11:51:07 - [TEST_STEP][PASSED] - verifyTextPresent("Transaction Successful", true): Text 'Transaction Successful' is present on page  using regular expression

2022-05-16 11:51:07 - [MESSAGE][PASSED] - Text 'Transaction Successful' is present on page  using regular expression

2022-05-16 11:51:07 - [TEST_STEP][PASSED] - verifyElementVisible(findTestObject("Object Repository/AdminSuiteBootstrap_Pages/VT_Bootstrap/Receipt/button_Continue")): Object 'Object Repository/AdminSuiteBootstrap_Pages/VT_Bootstrap/Receipt/button_Continue' is visible

2022-05-16 11:51:08 - [MESSAGE][PASSED] - Object 'Object Repository/AdminSuiteBootstrap_Pages/VT_Bootstrap/Receipt/button_Continue' is visible

2022-05-16 11:51:08 - [TEST_STEP][PASSED] - verifyElementPresent(findTestObject("Object Repository/AdminSuiteBootstrap_Pages/VT_Bootstrap/Receipt/button_Continue"), 20): Object 'Object Repository/AdminSuiteBootstrap_Pages/VT_Bootstrap/Receipt/button_Continue' is present

2022-05-16 11:51:08 - [MESSAGE][PASSED] - Object 'Object Repository/AdminSuiteBootstrap_Pages/VT_Bootstrap/Receipt/button_Continue' is present

2022-05-16 11:51:08 - [TEST_STEP][PASSED] - verifyElementVisible(findTestObject("Object Repository/AdminSuiteBootstrap_Pages/VT_Bootstrap/Receipt/button_Print")): Object 'Object Repository/AdminSuiteBootstrap_Pages/VT_Bootstrap/Receipt/button_Print' is visible

2022-05-16 11:51:09 - [MESSAGE][PASSED] - Object 'Object Repository/AdminSuiteBootstrap_Pages/VT_Bootstrap/Receipt/button_Print' is visible

2022-05-16 11:51:09 - [TEST_STEP][PASSED] - verifyElementPresent(findTestObject("Object Repository/AdminSuiteBootstrap_Pages/VT_Bootstrap/Receipt/button_Print"), 20): Object 'Object Repository/AdminSuiteBootstrap_Pages/VT_Bootstrap/Receipt/button_Print' is present

2022-05-16 11:51:09 - [MESSAGE][PASSED] - Object 'Object Repository/AdminSuiteBootstrap_Pages/VT_Bootstrap/Receipt/button_Print' is present

2022-05-16 11:51:09 - [TEST_STEP][PASSED] - verifyTextPresent("Remittance ID", true): Text 'Remittance ID' is present on page  using regular expression

2022-05-16 11:51:09 - [MESSAGE][PASSED] - Text 'Remittance ID' is present on page  using regular expression

2022-05-16 11:51:09 - [TEST_STEP][PASSED] - verifyTextPresent("Received", true): Text 'Received' is present on page  using regular expression

2022-05-16 11:51:09 - [MESSAGE][PASSED] - Text 'Received' is present on page  using regular expression

2022-05-16 11:51:09 - [TEST_STEP][PASSED] - verifyTextPresent("UDF1", true): Text 'UDF1' is present on page  using regular expression

2022-05-16 11:51:10 - [MESSAGE][PASSED] - Text 'UDF1' is present on page  using regular expression

2022-05-16 11:51:10 - [TEST_STEP][PASSED] - verifyTextPresent("UDF2", true): Text 'UDF2' is present on page  using regular expression

2022-05-16 11:51:10 - [MESSAGE][PASSED] - Text 'UDF2' is present on page  using regular expression

2022-05-16 11:51:10 - [TEST_STEP][PASSED] - verifyTextPresent("UDF3", true): Text 'UDF3' is present on page  using regular expression

2022-05-16 11:51:10 - [MESSAGE][PASSED] - Text 'UDF3' is present on page  using regular expression

2022-05-16 11:51:10 - [TEST_STEP][PASSED] - verifyTextPresent("UDF4", true): Text 'UDF4' is present on page  using regular expression

2022-05-16 11:51:11 - [MESSAGE][PASSED] - Text 'UDF4' is present on page  using regular expression

2022-05-16 11:51:11 - [TEST_STEP][PASSED] - verifyTextPresent("UDF5", true): Text 'UDF5' is present on page  using regular expression

2022-05-16 11:51:11 - [MESSAGE][PASSED] - Text 'UDF5' is present on page  using regular expression

2022-05-16 11:51:11 - [TEST_STEP][PASSED] - verifyTextPresent("UDF6", true): Text 'UDF6' is present on page  using regular expression

2022-05-16 11:51:11 - [MESSAGE][PASSED] - Text 'UDF6' is present on page  using regular expression

2022-05-16 11:51:11 - [TEST_STEP][PASSED] - verifyTextPresent("UDF7", true): Text 'UDF7' is present on page  using regular expression

2022-05-16 11:51:12 - [MESSAGE][PASSED] - Text 'UDF7' is present on page  using regular expression

2022-05-16 11:51:12 - [TEST_STEP][PASSED] - verifyTextPresent("UDF8", true): Text 'UDF8' is present on page  using regular expression

2022-05-16 11:51:12 - [MESSAGE][PASSED] - Text 'UDF8' is present on page  using regular expression

2022-05-16 11:51:12 - [TEST_STEP][PASSED] - verifyTextPresent("UDF9", true): Text 'UDF9' is present on page  using regular expression

2022-05-16 11:51:13 - [MESSAGE][PASSED] - Text 'UDF9' is present on page  using regular expression

2022-05-16 11:51:13 - [TEST_STEP][PASSED] - verifyTextPresent("UDF 10", true): Text 'UDF 10' is present on page  using regular expression

2022-05-16 11:51:13 - [MESSAGE][PASSED] - Text 'UDF 10' is present on page  using regular expression

2022-05-16 11:51:13 - [TEST_STEP][PASSED] - verifyTextPresent("Delhi", true): Text 'Delhi' is present on page  using regular expression

2022-05-16 11:51:13 - [MESSAGE][PASSED] - Text 'Delhi' is present on page  using regular expression

2022-05-16 11:51:13 - [TEST_STEP][PASSED] - verifyTextPresent("Chennai", true): Text 'Chennai' is present on page  using regular expression

2022-05-16 11:51:14 - [MESSAGE][PASSED] - Text 'Chennai' is present on page  using regular expression

2022-05-16 11:51:14 - [TEST_STEP][PASSED] - verifyTextPresent("Mumbai", true): Text 'Mumbai' is present on page  using regular expression

2022-05-16 11:51:14 - [MESSAGE][PASSED] - Text 'Mumbai' is present on page  using regular expression

2022-05-16 11:51:14 - [TEST_STEP][PASSED] - verifyTextPresent("Kanpur", true): Text 'Kanpur' is present on page  using regular expression

2022-05-16 11:51:14 - [MESSAGE][PASSED] - Text 'Kanpur' is present on page  using regular expression

2022-05-16 11:51:14 - [TEST_STEP][PASSED] - verifyTextPresent("Orange Recorded", true): Text 'Orange Recorded' is present on page  using regular expression

2022-05-16 11:51:15 - [MESSAGE][PASSED] - Text 'Orange Recorded' is present on page  using regular expression

2022-05-16 11:51:15 - [TEST_STEP][PASSED] - verifyTextPresent("Yellow Recorded", true): Text 'Yellow Recorded' is present on page  using regular expression

2022-05-16 11:51:15 - [MESSAGE][PASSED] - Text 'Yellow Recorded' is present on page  using regular expression

2022-05-16 11:51:15 - [TEST_STEP][PASSED] - verifyTextPresent("Kolkata", true): Text 'Kolkata' is present on page  using regular expression

2022-05-16 11:51:15 - [MESSAGE][PASSED] - Text 'Kolkata' is present on page  using regular expression

2022-05-16 11:51:15 - [TEST_STEP][PASSED] - verifyTextPresent("Pune", true): Text 'Pune' is present on page  using regular expression

2022-05-16 11:51:16 - [MESSAGE][PASSED] - Text 'Pune' is present on page  using regular expression

2022-05-16 11:51:16 - [TEST_STEP][PASSED] - verifyTextPresent("Bhavnagar", true): Text 'Bhavnagar' is present on page  using regular expression

2022-05-16 11:51:16 - [MESSAGE][PASSED] - Text 'Bhavnagar' is present on page  using regular expression

2022-05-16 11:51:16 - [TEST_STEP][PASSED] - verifyTextPresent("Noida", true): Text 'Noida' is present on page  using regular expression

2022-05-16 11:51:16 - [MESSAGE][PASSED] - Text 'Noida' is present on page  using regular expression

2022-05-16 11:51:16 - [TEST_STEP][PASSED] - verifyTextPresent("Amount", true): Text 'Amount' is present on page  using regular expression

2022-05-16 11:51:17 - [MESSAGE][PASSED] - Text 'Amount' is present on page  using regular expression

2022-05-16 11:51:17 - [TEST_STEP][PASSED] - verifyTextPresent("2.50", true): Text '2.50' is present on page  using regular expression

2022-05-16 11:51:17 - [MESSAGE][PASSED] - Text '2.50' is present on page  using regular expression

2022-05-16 11:51:17 - [TEST_STEP][PASSED] - verifyTextPresent("Authorization", true): Text 'Authorization' is present on page  using regular expression

2022-05-16 11:51:17 - [MESSAGE][PASSED] - Text 'Authorization' is present on page  using regular expression

2022-05-16 11:51:17 - [TEST_STEP][PASSED] - verifyTextPresent("Card Information", true): Text 'Card Information' is present on page  using regular expression

2022-05-16 11:51:18 - [MESSAGE][PASSED] - Text 'Card Information' is present on page  using regular expression

2022-05-16 11:51:18 - [TEST_STEP][PASSED] - verifyTextPresent("TANDON RAVENA", true): Text 'TANDON RAVENA' is present on page  using regular expression

2022-05-16 11:51:18 - [MESSAGE][PASSED] - Text 'TANDON RAVENA' is present on page  using regular expression

2022-05-16 11:51:18 - [TEST_STEP][PASSED] - verifyTextPresent("Address Line 1", true): Text 'Address Line 1' is present on page  using regular expression

2022-05-16 11:51:18 - [MESSAGE][PASSED] - Text 'Address Line 1' is present on page  using regular expression

2022-05-16 11:51:18 - [TEST_STEP][PASSED] - verifyTextPresent("Address Line 2", true): Text 'Address Line 2' is present on page  using regular expression

2022-05-16 11:51:19 - [MESSAGE][PASSED] - Text 'Address Line 2' is present on page  using regular expression

2022-05-16 11:51:19 - [TEST_STEP][PASSED] - verifyTextPresent("Country", true): Text 'Country' is present on page  using regular expression

2022-05-16 11:51:19 - [MESSAGE][PASSED] - Text 'Country' is present on page  using regular expression

2022-05-16 11:51:19 - [TEST_STEP][PASSED] - verifyTextPresent("City", true): Text 'City' is present on page  using regular expression

2022-05-16 11:51:19 - [MESSAGE][PASSED] - Text 'City' is present on page  using regular expression

2022-05-16 11:51:19 - [TEST_STEP][PASSED] - verifyTextPresent("State", true): Text 'State' is present on page  using regular expression

2022-05-16 11:51:20 - [MESSAGE][PASSED] - Text 'State' is present on page  using regular expression

2022-05-16 11:51:20 - [TEST_STEP][PASSED] - verifyTextPresent("ZIP Code", true): Text 'ZIP Code' is present on page  using regular expression

2022-05-16 11:51:20 - [MESSAGE][PASSED] - Text 'ZIP Code' is present on page  using regular expression

2022-05-16 11:51:20 - [TEST_STEP][PASSED] - verifyTextPresent("248 PhoolKaante road", true): Text '248 PhoolKaante road' is present on page  using regular expression

2022-05-16 11:51:20 - [MESSAGE][PASSED] - Text '248 PhoolKaante road' is present on page  using regular expression

2022-05-16 11:51:20 - [TEST_STEP][PASSED] - verifyTextPresent("Suite 678", true): Text 'Suite 678' is present on page  using regular expression

2022-05-16 11:51:21 - [MESSAGE][PASSED] - Text 'Suite 678' is present on page  using regular expression

2022-05-16 11:51:21 - [TEST_STEP][PASSED] - verifyTextPresent("United States", true): Text 'United States' is present on page  using regular expression

2022-05-16 11:51:21 - [MESSAGE][PASSED] - Text 'United States' is present on page  using regular expression

2022-05-16 11:51:21 - [TEST_STEP][PASSED] - verifyTextPresent("ARLINGTON", true): Text 'ARLINGTON' is present on page  using regular expression

2022-05-16 11:51:21 - [MESSAGE][PASSED] - Text 'ARLINGTON' is present on page  using regular expression

2022-05-16 11:51:21 - [TEST_STEP][PASSED] - verifyTextPresent("VA", true): Text 'VA' is present on page  using regular expression

2022-05-16 11:51:22 - [MESSAGE][PASSED] - Text 'VA' is present on page  using regular expression

2022-05-16 11:51:22 - [TEST_STEP][PASSED] - verifyTextPresent("22201", true): Text '22201' is present on page  using regular expression

2022-05-16 11:51:22 - [MESSAGE][PASSED] - Text '22201' is present on page  using regular expression

2022-05-16 11:51:22 - [TEST_STEP][PASSED] - cardTypeV = findTestData(dataFile).getValue("CardType", row): null

2022-05-16 11:51:22 - [TEST_STEP][PASSED] - last4V = findTestData(dataFile).getValue("Last4", row): null

2022-05-16 11:51:22 - [TEST_STEP][PASSED] - verifyTextPresent(cardTypeV, true): Text 'Visa' is present on page  using regular expression

2022-05-16 11:51:22 - [MESSAGE][PASSED] - Text 'Visa' is present on page  using regular expression

2022-05-16 11:51:22 - [TEST_STEP][PASSED] - verifyTextPresent(last4V, true): Text '5439' is present on page  using regular expression

2022-05-16 11:51:23 - [MESSAGE][PASSED] - Text '5439' is present on page  using regular expression

2022-05-16 11:51:23 - [TEST_STEP][PASSED] - switch (appName): null

2022-05-16 11:51:23 - [TEST_STEP][PASSED] - case "a_Access AutoSingleCFtpDemo":: null

2022-05-16 11:51:23 - [TEST_STEP][PASSED] - verifyTextPresent("5.00", true): Text '5.00' is present on page  using regular expression

2022-05-16 11:51:23 - [MESSAGE][PASSED] - Text '5.00' is present on page  using regular expression

2022-05-16 11:51:23 - [TEST_STEP][PASSED] - verifyTextPresent("Single Transaction", true): Text 'Single Transaction' is present on page  using regular expression

2022-05-16 11:51:23 - [MESSAGE][PASSED] - Text 'Single Transaction' is present on page  using regular expression

2022-05-16 11:51:23 - [TEST_STEP][PASSED] - verifyTextPresent("7.50", true): Text '7.50' is present on page  using regular expression

2022-05-16 11:51:24 - [MESSAGE][PASSED] - Text '7.50' is present on page  using regular expression

2022-05-16 11:51:24 - [TEST_STEP][PASSED] - verifyTextPresent("Total Amount", true): Text 'Total Amount' is present on page  using regular expression

2022-05-16 11:51:24 - [MESSAGE][PASSED] - Text 'Total Amount' is present on page  using regular expression

2022-05-16 11:51:24 - [TEST_STEP][PASSED] - verifyTextPresent("Transaction Type", true): Text 'Transaction Type' is present on page  using regular expression

2022-05-16 11:51:24 - [MESSAGE][PASSED] - Text 'Transaction Type' is present on page  using regular expression

2022-05-16 11:51:24 - [TEST_STEP][PASSED] - break: null

2022-05-16 11:51:24 - [TEST_STEP][PASSED] - closeBrowser(): Browser is closed

2022-05-16 11:51:25 - [MESSAGE][PASSED] - Browser is closed

2022-05-16 11:51:25 - [TEST_STEP][PASSED] - ExecuteTC = findTestData(dataFile).getValue("Execute", row): null

2022-05-16 11:51:25 - [TEST_STEP][PASSED] - out.println("Value of Execute is : " + ExecuteTC): null

2022-05-16 11:51:25 - [TEST_STEP][PASSED] - switch (executionProfile): null

2022-05-16 11:51:25 - [TEST_STEP][PASSED] - case "DemoProfile":: null

2022-05-16 11:51:25 - [TEST_STEP][PASSED] - appName = findTestData(dataFile).getValue("AppNameDemo", row): null

2022-05-16 11:51:25 - [TEST_STEP][PASSED] - appID = findTestData(dataFile).getValue("AppIDDemo", row): null

2022-05-16 11:51:25 - [TEST_STEP][PASSED] - break: null

2022-05-16 11:51:25 - [TEST_STEP][PASSED] - if (ExecuteTC.equalsIgnoreCase("Y")): null

2022-05-16 11:51:25 - [TEST_STEP][PASSED] - closeBrowser(): Browser is closed

2022-05-16 11:51:25 - [MESSAGE][PASSED] - Browser is closed

2022-05-16 11:51:25 - [TEST_STEP][PASSED] - ExecuteTC = findTestData(dataFile).getValue("Execute", row): null

2022-05-16 11:51:26 - [TEST_STEP][PASSED] - out.println("Value of Execute is : " + ExecuteTC): null

2022-05-16 11:51:26 - [TEST_STEP][PASSED] - switch (executionProfile): null

2022-05-16 11:51:26 - [TEST_STEP][PASSED] - case "DemoProfile":: null

2022-05-16 11:51:26 - [TEST_STEP][PASSED] - appName = findTestData(dataFile).getValue("AppNameDemo", row): null

2022-05-16 11:51:26 - [TEST_STEP][PASSED] - appID = findTestData(dataFile).getValue("AppIDDemo", row): null

2022-05-16 11:51:26 - [TEST_STEP][PASSED] - break: null

2022-05-16 11:51:26 - [TEST_STEP][PASSED] - if (ExecuteTC.equalsIgnoreCase("Y")): null

2022-05-16 11:51:26 - [TEST_STEP][PASSED] - closeBrowser(): Browser is closed

2022-05-16 11:51:26 - [MESSAGE][PASSED] - Browser is closed

2022-05-16 11:51:26 - [TEST_STEP][PASSED] - ExecuteTC = findTestData(dataFile).getValue("Execute", row): null

2022-05-16 11:51:26 - [TEST_STEP][PASSED] - out.println("Value of Execute is : " + ExecuteTC): null

2022-05-16 11:51:26 - [TEST_STEP][PASSED] - switch (executionProfile): null

2022-05-16 11:51:26 - [TEST_STEP][PASSED] - case "DemoProfile":: null

2022-05-16 11:51:26 - [TEST_STEP][PASSED] - appName = findTestData(dataFile).getValue("AppNameDemo", row): null

2022-05-16 11:51:26 - [TEST_STEP][PASSED] - appID = findTestData(dataFile).getValue("AppIDDemo", row): null

2022-05-16 11:51:26 - [TEST_STEP][PASSED] - break: null

2022-05-16 11:51:26 - [TEST_STEP][PASSED] - if (ExecuteTC.equalsIgnoreCase("Y")): null

2022-05-16 11:51:26 - [TEST_STEP][PASSED] - closeBrowser(): Browser is closed

2022-05-16 11:51:26 - [MESSAGE][PASSED] - Browser is closed

2022-05-16 11:51:26 - [TEST_STEP][PASSED] - ExecuteTC = findTestData(dataFile).getValue("Execute", row): null

2022-05-16 11:51:26 - [TEST_STEP][PASSED] - out.println("Value of Execute is : " + ExecuteTC): null

2022-05-16 11:51:26 - [TEST_STEP][PASSED] - switch (executionProfile): null

2022-05-16 11:51:26 - [TEST_STEP][PASSED] - case "DemoProfile":: null

2022-05-16 11:51:26 - [TEST_STEP][PASSED] - appName = findTestData(dataFile).getValue("AppNameDemo", row): null

2022-05-16 11:51:26 - [TEST_STEP][PASSED] - appID = findTestData(dataFile).getValue("AppIDDemo", row): null

2022-05-16 11:51:26 - [TEST_STEP][PASSED] - break: null

2022-05-16 11:51:26 - [TEST_STEP][PASSED] - if (ExecuteTC.equalsIgnoreCase("Y")): null

2022-05-16 11:51:26 - [TEST_STEP][PASSED] - closeBrowser(): Browser is closed

2022-05-16 11:51:26 - [MESSAGE][PASSED] - Browser is closed

2022-05-16 11:51:26 - [TEST_STEP][PASSED] - ExecuteTC = findTestData(dataFile).getValue("Execute", row): null

2022-05-16 11:51:26 - [TEST_STEP][PASSED] - out.println("Value of Execute is : " + ExecuteTC): null

2022-05-16 11:51:26 - [TEST_STEP][PASSED] - switch (executionProfile): null

2022-05-16 11:51:26 - [TEST_STEP][PASSED] - case "DemoProfile":: null

2022-05-16 11:51:26 - [TEST_STEP][PASSED] - appName = findTestData(dataFile).getValue("AppNameDemo", row): null

2022-05-16 11:51:26 - [TEST_STEP][PASSED] - appID = findTestData(dataFile).getValue("AppIDDemo", row): null

2022-05-16 11:51:26 - [TEST_STEP][PASSED] - break: null

2022-05-16 11:51:26 - [TEST_STEP][PASSED] - if (ExecuteTC.equalsIgnoreCase("Y")): null

2022-05-16 11:51:26 - [TEST_STEP][PASSED] - closeBrowser(): Browser is closed

2022-05-16 11:51:26 - [MESSAGE][PASSED] - Browser is closed

2022-05-16 11:51:26 - [TEST_STEP][PASSED] - ExecuteTC = findTestData(dataFile).getValue("Execute", row): null

2022-05-16 11:51:26 - [TEST_STEP][PASSED] - out.println("Value of Execute is : " + ExecuteTC): null

2022-05-16 11:51:26 - [TEST_STEP][PASSED] - switch (executionProfile): null

2022-05-16 11:51:26 - [TEST_STEP][PASSED] - case "DemoProfile":: null

2022-05-16 11:51:26 - [TEST_STEP][PASSED] - appName = findTestData(dataFile).getValue("AppNameDemo", row): null

2022-05-16 11:51:26 - [TEST_STEP][PASSED] - appID = findTestData(dataFile).getValue("AppIDDemo", row): null

2022-05-16 11:51:26 - [TEST_STEP][PASSED] - break: null

2022-05-16 11:51:26 - [TEST_STEP][PASSED] - if (ExecuteTC.equalsIgnoreCase("Y")): null

2022-05-16 11:51:26 - [TEST_STEP][PASSED] - closeBrowser(): Browser is closed

2022-05-16 11:51:26 - [MESSAGE][PASSED] - Browser is closed

2022-05-16 11:51:26 - [TEST_STEP][PASSED] - ExecuteTC = findTestData(dataFile).getValue("Execute", row): null

2022-05-16 11:51:26 - [TEST_STEP][PASSED] - out.println("Value of Execute is : " + ExecuteTC): null

2022-05-16 11:51:26 - [TEST_STEP][PASSED] - switch (executionProfile): null

2022-05-16 11:51:26 - [TEST_STEP][PASSED] - case "DemoProfile":: null

2022-05-16 11:51:26 - [TEST_STEP][PASSED] - appName = findTestData(dataFile).getValue("AppNameDemo", row): null

2022-05-16 11:51:26 - [TEST_STEP][PASSED] - appID = findTestData(dataFile).getValue("AppIDDemo", row): null

2022-05-16 11:51:26 - [TEST_STEP][PASSED] - break: null

2022-05-16 11:51:26 - [TEST_STEP][PASSED] - if (ExecuteTC.equalsIgnoreCase("Y")): null

2022-05-16 11:51:26 - [TEST_STEP][PASSED] - closeBrowser(): Browser is closed

2022-05-16 11:51:26 - [MESSAGE][PASSED] - Browser is closed

2022-05-16 11:51:26 - [TEST_STEP][PASSED] - ExecuteTC = findTestData(dataFile).getValue("Execute", row): null

2022-05-16 11:51:26 - [TEST_STEP][PASSED] - out.println("Value of Execute is : " + ExecuteTC): null

2022-05-16 11:51:26 - [TEST_STEP][PASSED] - switch (executionProfile): null

2022-05-16 11:51:26 - [TEST_STEP][PASSED] - case "DemoProfile":: null

2022-05-16 11:51:26 - [TEST_STEP][PASSED] - appName = findTestData(dataFile).getValue("AppNameDemo", row): null

2022-05-16 11:51:26 - [TEST_STEP][PASSED] - appID = findTestData(dataFile).getValue("AppIDDemo", row): null

2022-05-16 11:51:26 - [TEST_STEP][PASSED] - break: null

2022-05-16 11:51:26 - [TEST_STEP][PASSED] - if (ExecuteTC.equalsIgnoreCase("Y")): null

2022-05-16 11:51:26 - [TEST_STEP][PASSED] - out.println("Begin Record Number: " + row): null

2022-05-16 11:51:26 - [TEST_STEP][PASSED] - today = new java.util.Date(): null

2022-05-16 11:51:26 - [TEST_STEP][PASSED] - println(today): null

2022-05-16 11:51:26 - [TEST_STEP][PASSED] - datText = today: null

2022-05-16 11:51:26 - [TEST_STEP][PASSED] - adminSuiteBootstrap.loginFunctionality.login_AdminSuite(): adminSuiteBootstrap.loginFunctionality.login_AdminSuite is PASSED

2022-05-16 11:51:26 - [MESSAGE][INFO] - Starting 'Chrome' driver

2022-05-16 11:51:26 - [MESSAGE][INFO] - User set preference: ['acceptInsecureCerts', 'true']

2022-05-16 11:51:26 - [MESSAGE][INFO] - Action delay is set to 0 milliseconds

2022-05-16 11:51:29 - [MESSAGE][PASSED] - Browser is opened with url: 'https://demo.velocitypayment.com/admin/imtiazdemo'

2022-05-16 11:51:29 - [MESSAGE][PASSED] - Current window maximized

2022-05-16 11:51:30 - [MESSAGE][PASSED] - Object 'Object Repository/Login_Page/Login_Username' is present

2022-05-16 11:51:30 - [MESSAGE][PASSED] - Text 'iahmed' is set on object 'Object Repository/Login_Page/Login_Username'

2022-05-16 11:51:31 - [MESSAGE][PASSED] - Text 'hello2222' is set on object 'Object Repository/Login_Page/Login_Password'

2022-05-16 11:51:34 - [MESSAGE][PASSED] - Object: 'Object Repository/Login_Page/Login_Submit' is clicked on

2022-05-16 11:51:34 - [MESSAGE][PASSED] - adminSuiteBootstrap.loginFunctionality.login_AdminSuite is PASSED

2022-05-16 11:51:34 - [TEST_STEP][PASSED] - click(findTestObject(path_Dashboard + appName)): Object: 'Object Repository/AdminSuiteBootstrap_Pages/Dashboard_Bootstrap/a_Access AutoDualCFtpDemo' is clicked on

2022-05-16 11:51:36 - [MESSAGE][PASSED] - Object: 'Object Repository/AdminSuiteBootstrap_Pages/Dashboard_Bootstrap/a_Access AutoDualCFtpDemo' is clicked on

2022-05-16 11:51:36 - [TEST_STEP][PASSED] - click(findTestObject(path_VT + "a_Find Profile")): Object: 'Object Repository/AdminSuiteBootstrap_Pages/VT_Bootstrap/IssueTransactions/a_Find Profile' is clicked on

2022-05-16 11:51:37 - [MESSAGE][PASSED] - Object: 'Object Repository/AdminSuiteBootstrap_Pages/VT_Bootstrap/IssueTransactions/a_Find Profile' is clicked on

2022-05-16 11:51:37 - [TEST_STEP][PASSED] - criteria = <not implemented yet for class: org.codehaus.groovy.ast.expr.EmptyExpression>: null

2022-05-16 11:51:37 - [TEST_STEP][PASSED] - searchBy = <not implemented yet for class: org.codehaus.groovy.ast.expr.EmptyExpression>: null

2022-05-16 11:51:37 - [TEST_STEP][PASSED] - criteria = findTestData(dataFile).getValue("ProfileName", row): null

2022-05-16 11:51:37 - [TEST_STEP][PASSED] - path_SearchProfile = "Object Repository/AdminSuiteBootstrap_Pages/VSP_Bootstrap/SearchProfile/": null

2022-05-16 11:51:37 - [TEST_STEP][PASSED] - setText(findTestObject(path_SearchProfile + "input_Criteria"), criteria): Text 'PaymentsVisa' is set on object 'Object Repository/AdminSuiteBootstrap_Pages/VSP_Bootstrap/SearchProfile/input_Criteria'

2022-05-16 11:51:37 - [MESSAGE][PASSED] - Text 'PaymentsVisa' is set on object 'Object Repository/AdminSuiteBootstrap_Pages/VSP_Bootstrap/SearchProfile/input_Criteria'

2022-05-16 11:51:37 - [TEST_STEP][PASSED] - click(findTestObject(path_SearchProfile + "button_Search")): Object: 'Object Repository/AdminSuiteBootstrap_Pages/VSP_Bootstrap/SearchProfile/button_Search' is clicked on

2022-05-16 11:51:40 - [MESSAGE][PASSED] - Object: 'Object Repository/AdminSuiteBootstrap_Pages/VSP_Bootstrap/SearchProfile/button_Search' is clicked on

2022-05-16 11:51:40 - [TEST_STEP][PASSED] - profNameLink = findTestData(dataFile).getValue("ProfileNameLink", row): null

2022-05-16 11:51:40 - [TEST_STEP][PASSED] - click(findTestObject(path_ViewProfile + profNameLink)): Object: 'Object Repository/AdminSuiteBootstrap_Pages/VSP_Bootstrap/View Profile/a_PaymentsVisa' is clicked on

2022-05-16 11:51:42 - [MESSAGE][PASSED] - Object: 'Object Repository/AdminSuiteBootstrap_Pages/VSP_Bootstrap/View Profile/a_PaymentsVisa' is clicked on

2022-05-16 11:51:42 - [TEST_STEP][PASSED] - click(findTestObject(path_ViewProfile + "a_Auth")): Object: 'Object Repository/AdminSuiteBootstrap_Pages/VSP_Bootstrap/View Profile/a_Auth' is clicked on

2022-05-16 11:51:45 - [MESSAGE][PASSED] - Object: 'Object Repository/AdminSuiteBootstrap_Pages/VSP_Bootstrap/View Profile/a_Auth' is clicked on

2022-05-16 11:51:45 - [TEST_STEP][PASSED] - verifyTextPresent("Credit Card Authorization", true): Text 'Credit Card Authorization' is present on page  using regular expression

2022-05-16 11:51:47 - [MESSAGE][PASSED] - Text 'Credit Card Authorization' is present on page  using regular expression

2022-05-16 11:51:47 - [TEST_STEP][PASSED] - verifyTextPresent("Required fields are highlighted with an asterisk", true): Text 'Required fields are highlighted with an asterisk' is present on page  using regular expression

2022-05-16 11:51:47 - [MESSAGE][PASSED] - Text 'Required fields are highlighted with an asterisk' is present on page  using regular expression

2022-05-16 11:51:47 - [TEST_STEP][PASSED] - verifyTextPresent("Remittance ID", true): Text 'Remittance ID' is present on page  using regular expression

2022-05-16 11:51:48 - [MESSAGE][PASSED] - Text 'Remittance ID' is present on page  using regular expression

2022-05-16 11:51:48 - [TEST_STEP][PASSED] - vspBootstrap.SalePage.setDataSaleAndAuth(row, dataFile): vspBootstrap.SalePage.setDataSaleAndAuth is PASSED

2022-05-16 11:51:49 - [MESSAGE][PASSED] - All options with value 'MOTO' are selected in object 'Object Repository/AdminSuiteBootstrap_Pages/VSP_Bootstrap/VSP_Authcap/select_TransactionCategory'  using regular expression

2022-05-16 11:51:50 - [MESSAGE][PASSED] - Text '123' is set on object 'Object Repository/AdminSuiteBootstrap_Pages/VSP_Bootstrap/VSP_Authcap/input_cvv'

2022-05-16 11:51:51 - [MESSAGE][PASSED] - Text '' is set on object 'Object Repository/AdminSuiteBootstrap_Pages/VSP_Bootstrap/VSP_Authcap/input_smsNumber'

2022-05-16 11:51:51 - [MESSAGE][PASSED] - Text '2.50' is set on object 'Object Repository/AdminSuiteBootstrap_Pages/VSP_Bootstrap/VSP_Authcap/input_amount'

2022-05-16 11:51:55 - [MESSAGE][PASSED] - Text 'Delhi' is set on object 'Object Repository/AdminSuiteBootstrap_Pages/VSP_Bootstrap/VSP_Authcap/input_userDefined1'

2022-05-16 11:51:56 - [MESSAGE][PASSED] - Text 'Chennai' is set on object 'Object Repository/AdminSuiteBootstrap_Pages/VSP_Bootstrap/VSP_Authcap/input_userDefined2'

2022-05-16 11:51:56 - [MESSAGE][PASSED] - Text 'Mumbai' is set on object 'Object Repository/AdminSuiteBootstrap_Pages/VSP_Bootstrap/VSP_Authcap/input_userDefined3'

2022-05-16 11:51:57 - [MESSAGE][PASSED] - Text 'Kanpur' is set on object 'Object Repository/AdminSuiteBootstrap_Pages/VSP_Bootstrap/VSP_Authcap/input_userDefined4'

2022-05-16 11:51:58 - [MESSAGE][PASSED] - All options with label 'Orange' are selected in object 'Object Repository/AdminSuiteBootstrap_Pages/VSP_Bootstrap/VSP_Authcap/select_UDF5'  using regular expression

2022-05-16 11:51:59 - [MESSAGE][PASSED] - All options with label 'Yellow' are selected in object 'Object Repository/AdminSuiteBootstrap_Pages/VSP_Bootstrap/VSP_Authcap/select_UDF6'  using regular expression

2022-05-16 11:52:00 - [MESSAGE][PASSED] - Text 'Kolkata' is set on object 'Object Repository/AdminSuiteBootstrap_Pages/VSP_Bootstrap/VSP_Authcap/input_userDefined7'

2022-05-16 11:52:00 - [MESSAGE][PASSED] - Text 'Pune' is set on object 'Object Repository/AdminSuiteBootstrap_Pages/VSP_Bootstrap/VSP_Authcap/input_userDefined8'

2022-05-16 11:52:01 - [MESSAGE][PASSED] - Text 'Bhavnagar' is set on object 'Object Repository/AdminSuiteBootstrap_Pages/VSP_Bootstrap/VSP_Authcap/input_userDefined9'

2022-05-16 11:52:02 - [MESSAGE][PASSED] - Text 'Noida' is set on object 'Object Repository/AdminSuiteBootstrap_Pages/VSP_Bootstrap/VSP_Authcap/input_userDefined10'

2022-05-16 11:52:06 - [MESSAGE][PASSED] - Object: 'Object Repository/AdminSuiteBootstrap_Pages/VSP_Bootstrap/VSP_Authcap/button_Submit' is clicked on

2022-05-16 11:52:06 - [MESSAGE][PASSED] - vspBootstrap.SalePage.setDataSaleAndAuth is PASSED

2022-05-16 11:52:06 - [TEST_STEP][PASSED] - verifyTextPresent("Transaction Successful", true): Text 'Transaction Successful' is present on page  using regular expression

2022-05-16 11:52:07 - [MESSAGE][PASSED] - Text 'Transaction Successful' is present on page  using regular expression

2022-05-16 11:52:07 - [TEST_STEP][PASSED] - verifyElementVisible(findTestObject("Object Repository/AdminSuiteBootstrap_Pages/VT_Bootstrap/Receipt/button_Continue")): Object 'Object Repository/AdminSuiteBootstrap_Pages/VT_Bootstrap/Receipt/button_Continue' is visible

2022-05-16 11:52:07 - [MESSAGE][PASSED] - Object 'Object Repository/AdminSuiteBootstrap_Pages/VT_Bootstrap/Receipt/button_Continue' is visible

2022-05-16 11:52:07 - [TEST_STEP][PASSED] - verifyElementPresent(findTestObject("Object Repository/AdminSuiteBootstrap_Pages/VT_Bootstrap/Receipt/button_Continue"), 20): Object 'Object Repository/AdminSuiteBootstrap_Pages/VT_Bootstrap/Receipt/button_Continue' is present

2022-05-16 11:52:07 - [MESSAGE][PASSED] - Object 'Object Repository/AdminSuiteBootstrap_Pages/VT_Bootstrap/Receipt/button_Continue' is present

2022-05-16 11:52:07 - [TEST_STEP][PASSED] - verifyElementVisible(findTestObject("Object Repository/AdminSuiteBootstrap_Pages/VT_Bootstrap/Receipt/button_Print")): Object 'Object Repository/AdminSuiteBootstrap_Pages/VT_Bootstrap/Receipt/button_Print' is visible

2022-05-16 11:52:08 - [MESSAGE][PASSED] - Object 'Object Repository/AdminSuiteBootstrap_Pages/VT_Bootstrap/Receipt/button_Print' is visible

2022-05-16 11:52:08 - [TEST_STEP][PASSED] - verifyElementPresent(findTestObject("Object Repository/AdminSuiteBootstrap_Pages/VT_Bootstrap/Receipt/button_Print"), 20): Object 'Object Repository/AdminSuiteBootstrap_Pages/VT_Bootstrap/Receipt/button_Print' is present

2022-05-16 11:52:08 - [MESSAGE][PASSED] - Object 'Object Repository/AdminSuiteBootstrap_Pages/VT_Bootstrap/Receipt/button_Print' is present

2022-05-16 11:52:08 - [TEST_STEP][PASSED] - verifyTextPresent("Remittance ID", true): Text 'Remittance ID' is present on page  using regular expression

2022-05-16 11:52:08 - [MESSAGE][PASSED] - Text 'Remittance ID' is present on page  using regular expression

2022-05-16 11:52:08 - [TEST_STEP][PASSED] - verifyTextPresent("Received", true): Text 'Received' is present on page  using regular expression

2022-05-16 11:52:09 - [MESSAGE][PASSED] - Text 'Received' is present on page  using regular expression

2022-05-16 11:52:09 - [TEST_STEP][PASSED] - verifyTextPresent("UDF1", true): Text 'UDF1' is present on page  using regular expression

2022-05-16 11:52:09 - [MESSAGE][PASSED] - Text 'UDF1' is present on page  using regular expression

2022-05-16 11:52:09 - [TEST_STEP][PASSED] - verifyTextPresent("UDF2", true): Text 'UDF2' is present on page  using regular expression

2022-05-16 11:52:09 - [MESSAGE][PASSED] - Text 'UDF2' is present on page  using regular expression

2022-05-16 11:52:09 - [TEST_STEP][PASSED] - verifyTextPresent("UDF3", true): Text 'UDF3' is present on page  using regular expression

2022-05-16 11:52:10 - [MESSAGE][PASSED] - Text 'UDF3' is present on page  using regular expression

2022-05-16 11:52:10 - [TEST_STEP][PASSED] - verifyTextPresent("UDF4", true): Text 'UDF4' is present on page  using regular expression

2022-05-16 11:52:10 - [MESSAGE][PASSED] - Text 'UDF4' is present on page  using regular expression

2022-05-16 11:52:10 - [TEST_STEP][PASSED] - verifyTextPresent("UDF5", true): Text 'UDF5' is present on page  using regular expression

2022-05-16 11:52:10 - [MESSAGE][PASSED] - Text 'UDF5' is present on page  using regular expression

2022-05-16 11:52:10 - [TEST_STEP][PASSED] - verifyTextPresent("UDF6", true): Text 'UDF6' is present on page  using regular expression

2022-05-16 11:52:11 - [MESSAGE][PASSED] - Text 'UDF6' is present on page  using regular expression

2022-05-16 11:52:11 - [TEST_STEP][PASSED] - verifyTextPresent("UDF7", true): Text 'UDF7' is present on page  using regular expression

2022-05-16 11:52:11 - [MESSAGE][PASSED] - Text 'UDF7' is present on page  using regular expression

2022-05-16 11:52:11 - [TEST_STEP][PASSED] - verifyTextPresent("UDF8", true): Text 'UDF8' is present on page  using regular expression

2022-05-16 11:52:11 - [MESSAGE][PASSED] - Text 'UDF8' is present on page  using regular expression

2022-05-16 11:52:11 - [TEST_STEP][PASSED] - verifyTextPresent("UDF9", true): Text 'UDF9' is present on page  using regular expression

2022-05-16 11:52:12 - [MESSAGE][PASSED] - Text 'UDF9' is present on page  using regular expression

2022-05-16 11:52:12 - [TEST_STEP][PASSED] - verifyTextPresent("UDF 10", true): Text 'UDF 10' is present on page  using regular expression

2022-05-16 11:52:12 - [MESSAGE][PASSED] - Text 'UDF 10' is present on page  using regular expression

2022-05-16 11:52:12 - [TEST_STEP][PASSED] - verifyTextPresent("Delhi", true): Text 'Delhi' is present on page  using regular expression

2022-05-16 11:52:12 - [MESSAGE][PASSED] - Text 'Delhi' is present on page  using regular expression

2022-05-16 11:52:12 - [TEST_STEP][PASSED] - verifyTextPresent("Chennai", true): Text 'Chennai' is present on page  using regular expression

2022-05-16 11:52:13 - [MESSAGE][PASSED] - Text 'Chennai' is present on page  using regular expression

2022-05-16 11:52:13 - [TEST_STEP][PASSED] - verifyTextPresent("Mumbai", true): Text 'Mumbai' is present on page  using regular expression

2022-05-16 11:52:13 - [MESSAGE][PASSED] - Text 'Mumbai' is present on page  using regular expression

2022-05-16 11:52:13 - [TEST_STEP][PASSED] - verifyTextPresent("Kanpur", true): Text 'Kanpur' is present on page  using regular expression

2022-05-16 11:52:13 - [MESSAGE][PASSED] - Text 'Kanpur' is present on page  using regular expression

2022-05-16 11:52:13 - [TEST_STEP][PASSED] - verifyTextPresent("Orange Recorded", true): Text 'Orange Recorded' is present on page  using regular expression

2022-05-16 11:52:14 - [MESSAGE][PASSED] - Text 'Orange Recorded' is present on page  using regular expression

2022-05-16 11:52:14 - [TEST_STEP][PASSED] - verifyTextPresent("Yellow Recorded", true): Text 'Yellow Recorded' is present on page  using regular expression

2022-05-16 11:52:14 - [MESSAGE][PASSED] - Text 'Yellow Recorded' is present on page  using regular expression

2022-05-16 11:52:14 - [TEST_STEP][PASSED] - verifyTextPresent("Kolkata", true): Text 'Kolkata' is present on page  using regular expression

2022-05-16 11:52:14 - [MESSAGE][PASSED] - Text 'Kolkata' is present on page  using regular expression

2022-05-16 11:52:14 - [TEST_STEP][PASSED] - verifyTextPresent("Pune", true): Text 'Pune' is present on page  using regular expression

2022-05-16 11:52:15 - [MESSAGE][PASSED] - Text 'Pune' is present on page  using regular expression

2022-05-16 11:52:15 - [TEST_STEP][PASSED] - verifyTextPresent("Bhavnagar", true): Text 'Bhavnagar' is present on page  using regular expression

2022-05-16 11:52:15 - [MESSAGE][PASSED] - Text 'Bhavnagar' is present on page  using regular expression

2022-05-16 11:52:15 - [TEST_STEP][PASSED] - verifyTextPresent("Noida", true): Text 'Noida' is present on page  using regular expression

2022-05-16 11:52:15 - [MESSAGE][PASSED] - Text 'Noida' is present on page  using regular expression

2022-05-16 11:52:15 - [TEST_STEP][PASSED] - verifyTextPresent("Amount", true): Text 'Amount' is present on page  using regular expression

2022-05-16 11:52:16 - [MESSAGE][PASSED] - Text 'Amount' is present on page  using regular expression

2022-05-16 11:52:16 - [TEST_STEP][PASSED] - verifyTextPresent("2.50", true): Text '2.50' is present on page  using regular expression

2022-05-16 11:52:16 - [MESSAGE][PASSED] - Text '2.50' is present on page  using regular expression

2022-05-16 11:52:16 - [TEST_STEP][PASSED] - verifyTextPresent("Authorization", true): Text 'Authorization' is present on page  using regular expression

2022-05-16 11:52:16 - [MESSAGE][PASSED] - Text 'Authorization' is present on page  using regular expression

2022-05-16 11:52:16 - [TEST_STEP][PASSED] - verifyTextPresent("Card Information", true): Text 'Card Information' is present on page  using regular expression

2022-05-16 11:52:17 - [MESSAGE][PASSED] - Text 'Card Information' is present on page  using regular expression

2022-05-16 11:52:17 - [TEST_STEP][PASSED] - verifyTextPresent("TANDON RAVENA", true): Text 'TANDON RAVENA' is present on page  using regular expression

2022-05-16 11:52:17 - [MESSAGE][PASSED] - Text 'TANDON RAVENA' is present on page  using regular expression

2022-05-16 11:52:17 - [TEST_STEP][PASSED] - verifyTextPresent("Address Line 1", true): Text 'Address Line 1' is present on page  using regular expression

2022-05-16 11:52:17 - [MESSAGE][PASSED] - Text 'Address Line 1' is present on page  using regular expression

2022-05-16 11:52:17 - [TEST_STEP][PASSED] - verifyTextPresent("Address Line 2", true): Text 'Address Line 2' is present on page  using regular expression

2022-05-16 11:52:18 - [MESSAGE][PASSED] - Text 'Address Line 2' is present on page  using regular expression

2022-05-16 11:52:18 - [TEST_STEP][PASSED] - verifyTextPresent("Country", true): Text 'Country' is present on page  using regular expression

2022-05-16 11:52:18 - [MESSAGE][PASSED] - Text 'Country' is present on page  using regular expression

2022-05-16 11:52:18 - [TEST_STEP][PASSED] - verifyTextPresent("City", true): Text 'City' is present on page  using regular expression

2022-05-16 11:52:18 - [MESSAGE][PASSED] - Text 'City' is present on page  using regular expression

2022-05-16 11:52:18 - [TEST_STEP][PASSED] - verifyTextPresent("State", true): Text 'State' is present on page  using regular expression

2022-05-16 11:52:19 - [MESSAGE][PASSED] - Text 'State' is present on page  using regular expression

2022-05-16 11:52:19 - [TEST_STEP][PASSED] - verifyTextPresent("ZIP Code", true): Text 'ZIP Code' is present on page  using regular expression

2022-05-16 11:52:19 - [MESSAGE][PASSED] - Text 'ZIP Code' is present on page  using regular expression

2022-05-16 11:52:19 - [TEST_STEP][PASSED] - verifyTextPresent("248 PhoolKaante road", true): Text '248 PhoolKaante road' is present on page  using regular expression

2022-05-16 11:52:19 - [MESSAGE][PASSED] - Text '248 PhoolKaante road' is present on page  using regular expression

2022-05-16 11:52:19 - [TEST_STEP][PASSED] - verifyTextPresent("Suite 678", true): Text 'Suite 678' is present on page  using regular expression

2022-05-16 11:52:20 - [MESSAGE][PASSED] - Text 'Suite 678' is present on page  using regular expression

2022-05-16 11:52:20 - [TEST_STEP][PASSED] - verifyTextPresent("United States", true): Text 'United States' is present on page  using regular expression

2022-05-16 11:52:20 - [MESSAGE][PASSED] - Text 'United States' is present on page  using regular expression

2022-05-16 11:52:20 - [TEST_STEP][PASSED] - verifyTextPresent("ARLINGTON", true): Text 'ARLINGTON' is present on page  using regular expression

2022-05-16 11:52:20 - [MESSAGE][PASSED] - Text 'ARLINGTON' is present on page  using regular expression

2022-05-16 11:52:20 - [TEST_STEP][PASSED] - verifyTextPresent("VA", true): Text 'VA' is present on page  using regular expression

2022-05-16 11:52:21 - [MESSAGE][PASSED] - Text 'VA' is present on page  using regular expression

2022-05-16 11:52:21 - [TEST_STEP][PASSED] - verifyTextPresent("22201", true): Text '22201' is present on page  using regular expression

2022-05-16 11:52:21 - [MESSAGE][PASSED] - Text '22201' is present on page  using regular expression

2022-05-16 11:52:21 - [TEST_STEP][PASSED] - cardTypeV = findTestData(dataFile).getValue("CardType", row): null

2022-05-16 11:52:21 - [TEST_STEP][PASSED] - last4V = findTestData(dataFile).getValue("Last4", row): null

2022-05-16 11:52:21 - [TEST_STEP][PASSED] - verifyTextPresent(cardTypeV, true): Text 'Visa' is present on page  using regular expression

2022-05-16 11:52:22 - [MESSAGE][PASSED] - Text 'Visa' is present on page  using regular expression

2022-05-16 11:52:22 - [TEST_STEP][PASSED] - verifyTextPresent(last4V, true): Text '5439' is present on page  using regular expression

2022-05-16 11:52:22 - [MESSAGE][PASSED] - Text '5439' is present on page  using regular expression

2022-05-16 11:52:22 - [TEST_STEP][PASSED] - switch (appName): null

2022-05-16 11:52:22 - [TEST_STEP][PASSED] - case "a_Access AutoDualCFtpDemo":: null

2022-05-16 11:52:22 - [TEST_STEP][PASSED] - verifyTextPresent("5.00", true): Text '5.00' is present on page  using regular expression

2022-05-16 11:52:22 - [MESSAGE][PASSED] - Text '5.00' is present on page  using regular expression

2022-05-16 11:52:22 - [TEST_STEP][PASSED] - verifyTextPresent("Dual Transaction", true): Text 'Dual Transaction' is present on page  using regular expression

2022-05-16 11:52:23 - [MESSAGE][PASSED] - Text 'Dual Transaction' is present on page  using regular expression

2022-05-16 11:52:23 - [TEST_STEP][PASSED] - verifyTextPresent("7.50", true): Text '7.50' is present on page  using regular expression

2022-05-16 11:52:23 - [MESSAGE][PASSED] - Text '7.50' is present on page  using regular expression

2022-05-16 11:52:23 - [TEST_STEP][PASSED] - verifyTextPresent("Total Amount", true): Text 'Total Amount' is present on page  using regular expression

2022-05-16 11:52:23 - [MESSAGE][PASSED] - Text 'Total Amount' is present on page  using regular expression

2022-05-16 11:52:23 - [TEST_STEP][PASSED] - verifyTextPresent("Transaction Type", true): Text 'Transaction Type' is present on page  using regular expression

2022-05-16 11:52:24 - [MESSAGE][PASSED] - Text 'Transaction Type' is present on page  using regular expression

2022-05-16 11:52:24 - [TEST_STEP][PASSED] - break: null

2022-05-16 11:52:24 - [TEST_STEP][PASSED] - closeBrowser(): Browser is closed

2022-05-16 11:52:25 - [MESSAGE][PASSED] - Browser is closed

2022-05-16 11:52:25 - [TEST_STEP][PASSED] - ExecuteTC = findTestData(dataFile).getValue("Execute", row): null

2022-05-16 11:52:25 - [TEST_STEP][PASSED] - out.println("Value of Execute is : " + ExecuteTC): null

2022-05-16 11:52:25 - [TEST_STEP][PASSED] - switch (executionProfile): null

2022-05-16 11:52:25 - [TEST_STEP][PASSED] - case "DemoProfile":: null

2022-05-16 11:52:25 - [TEST_STEP][PASSED] - appName = findTestData(dataFile).getValue("AppNameDemo", row): null

2022-05-16 11:52:25 - [TEST_STEP][PASSED] - appID = findTestData(dataFile).getValue("AppIDDemo", row): null

2022-05-16 11:52:25 - [TEST_STEP][PASSED] - break: null

2022-05-16 11:52:25 - [TEST_STEP][PASSED] - if (ExecuteTC.equalsIgnoreCase("Y")): null

2022-05-16 11:52:25 - [TEST_STEP][PASSED] - closeBrowser(): Browser is closed

2022-05-16 11:52:25 - [MESSAGE][PASSED] - Browser is closed

2022-05-16 11:52:25 - [TEST_STEP][PASSED] - ExecuteTC = findTestData(dataFile).getValue("Execute", row): null

2022-05-16 11:52:25 - [TEST_STEP][PASSED] - out.println("Value of Execute is : " + ExecuteTC): null

2022-05-16 11:52:25 - [TEST_STEP][PASSED] - switch (executionProfile): null

2022-05-16 11:52:25 - [TEST_STEP][PASSED] - case "DemoProfile":: null

2022-05-16 11:52:25 - [TEST_STEP][PASSED] - appName = findTestData(dataFile).getValue("AppNameDemo", row): null

2022-05-16 11:52:25 - [TEST_STEP][PASSED] - appID = findTestData(dataFile).getValue("AppIDDemo", row): null

2022-05-16 11:52:25 - [TEST_STEP][PASSED] - break: null

2022-05-16 11:52:25 - [TEST_STEP][PASSED] - if (ExecuteTC.equalsIgnoreCase("Y")): null

2022-05-16 11:52:25 - [TEST_STEP][PASSED] - closeBrowser(): Browser is closed

2022-05-16 11:52:25 - [MESSAGE][PASSED] - Browser is closed

2022-05-16 11:52:25 - [TEST_STEP][PASSED] - ExecuteTC = findTestData(dataFile).getValue("Execute", row): null

2022-05-16 11:52:25 - [TEST_STEP][PASSED] - out.println("Value of Execute is : " + ExecuteTC): null

2022-05-16 11:52:25 - [TEST_STEP][PASSED] - switch (executionProfile): null

2022-05-16 11:52:25 - [TEST_STEP][PASSED] - case "DemoProfile":: null

2022-05-16 11:52:25 - [TEST_STEP][PASSED] - appName = findTestData(dataFile).getValue("AppNameDemo", row): null

2022-05-16 11:52:25 - [TEST_STEP][PASSED] - appID = findTestData(dataFile).getValue("AppIDDemo", row): null

2022-05-16 11:52:25 - [TEST_STEP][PASSED] - break: null

2022-05-16 11:52:25 - [TEST_STEP][PASSED] - if (ExecuteTC.equalsIgnoreCase("Y")): null

2022-05-16 11:52:25 - [TEST_STEP][PASSED] - closeBrowser(): Browser is closed

2022-05-16 11:52:25 - [MESSAGE][PASSED] - Browser is closed

2022-05-16 11:52:25 - [TEST_STEP][PASSED] - ExecuteTC = findTestData(dataFile).getValue("Execute", row): null

2022-05-16 11:52:25 - [TEST_STEP][PASSED] - out.println("Value of Execute is : " + ExecuteTC): null

2022-05-16 11:52:25 - [TEST_STEP][PASSED] - switch (executionProfile): null

2022-05-16 11:52:25 - [TEST_STEP][PASSED] - case "DemoProfile":: null

2022-05-16 11:52:25 - [TEST_STEP][PASSED] - appName = findTestData(dataFile).getValue("AppNameDemo", row): null

2022-05-16 11:52:25 - [TEST_STEP][PASSED] - appID = findTestData(dataFile).getValue("AppIDDemo", row): null

2022-05-16 11:52:25 - [TEST_STEP][PASSED] - break: null

2022-05-16 11:52:25 - [TEST_STEP][PASSED] - if (ExecuteTC.equalsIgnoreCase("Y")): null

2022-05-16 11:52:25 - [TEST_STEP][PASSED] - closeBrowser(): Browser is closed

2022-05-16 11:52:25 - [MESSAGE][PASSED] - Browser is closed

2022-05-16 11:52:25 - [TEST_STEP][PASSED] - ExecuteTC = findTestData(dataFile).getValue("Execute", row): null

2022-05-16 11:52:25 - [TEST_STEP][PASSED] - out.println("Value of Execute is : " + ExecuteTC): null

2022-05-16 11:52:25 - [TEST_STEP][PASSED] - switch (executionProfile): null

2022-05-16 11:52:25 - [TEST_STEP][PASSED] - case "DemoProfile":: null

2022-05-16 11:52:25 - [TEST_STEP][PASSED] - appName = findTestData(dataFile).getValue("AppNameDemo", row): null

2022-05-16 11:52:25 - [TEST_STEP][PASSED] - appID = findTestData(dataFile).getValue("AppIDDemo", row): null

2022-05-16 11:52:25 - [TEST_STEP][PASSED] - break: null

2022-05-16 11:52:25 - [TEST_STEP][PASSED] - if (ExecuteTC.equalsIgnoreCase("Y")): null

2022-05-16 11:52:25 - [TEST_STEP][PASSED] - closeBrowser(): Browser is closed

2022-05-16 11:52:25 - [MESSAGE][PASSED] - Browser is closed

2022-05-16 11:52:25 - [TEST_STEP][PASSED] - ExecuteTC = findTestData(dataFile).getValue("Execute", row): null

2022-05-16 11:52:25 - [TEST_STEP][PASSED] - out.println("Value of Execute is : " + ExecuteTC): null

2022-05-16 11:52:25 - [TEST_STEP][PASSED] - switch (executionProfile): null

2022-05-16 11:52:25 - [TEST_STEP][PASSED] - case "DemoProfile":: null

2022-05-16 11:52:25 - [TEST_STEP][PASSED] - appName = findTestData(dataFile).getValue("AppNameDemo", row): null

2022-05-16 11:52:25 - [TEST_STEP][PASSED] - appID = findTestData(dataFile).getValue("AppIDDemo", row): null

2022-05-16 11:52:25 - [TEST_STEP][PASSED] - break: null

2022-05-16 11:52:25 - [TEST_STEP][PASSED] - if (ExecuteTC.equalsIgnoreCase("Y")): null

2022-05-16 11:52:25 - [TEST_STEP][PASSED] - closeBrowser(): Browser is closed

2022-05-16 11:52:25 - [MESSAGE][PASSED] - Browser is closed

2022-05-16 11:52:25 - [TEST_STEP][PASSED] - ExecuteTC = findTestData(dataFile).getValue("Execute", row): null

2022-05-16 11:52:25 - [TEST_STEP][PASSED] - out.println("Value of Execute is : " + ExecuteTC): null

2022-05-16 11:52:25 - [TEST_STEP][PASSED] - switch (executionProfile): null

2022-05-16 11:52:25 - [TEST_STEP][PASSED] - case "DemoProfile":: null

2022-05-16 11:52:25 - [TEST_STEP][PASSED] - appName = findTestData(dataFile).getValue("AppNameDemo", row): null

2022-05-16 11:52:25 - [TEST_STEP][PASSED] - appID = findTestData(dataFile).getValue("AppIDDemo", row): null

2022-05-16 11:52:25 - [TEST_STEP][PASSED] - break: null

2022-05-16 11:52:25 - [TEST_STEP][PASSED] - if (ExecuteTC.equalsIgnoreCase("Y")): null

2022-05-16 11:52:25 - [TEST_STEP][PASSED] - closeBrowser(): Browser is closed

2022-05-16 11:52:25 - [MESSAGE][PASSED] - Browser is closed]]></system-out>
         <system-err><![CDATA[]]></system-err>
      </testcase>
      <testcase name="Test Cases/Admin Suite Bootstrap/VSP_Payments_TestCases/Debit_TP_AllCF_Generic_Payment_TC" time="1314.274" classname="Test Cases/Admin Suite Bootstrap/VSP_Payments_TestCases/Debit_TP_AllCF_Generic_Payment_TC" status="FAILED">
         <failure type="FAILED" message="Test Cases/Admin Suite Bootstrap/VSP_Payments_TestCases/Debit_TP_AllCF_Generic_Payment_TC FAILED.
Reason:
com.kms.katalon.core.exception.StepFailedException: No option matched.
	at com.kms.katalon.core.keyword.internal.KeywordMain.stepFailed(KeywordMain.groovy:39)
	at com.kms.katalon.core.keyword.internal.KeywordMain.stepFailed(KeywordMain.groovy)
	at com.kms.katalon.core.keyword.internal.KeywordMain.stepFailed(KeywordMain.groovy:23)
	at com.kms.katalon.core.webui.keyword.builtin.SelectOptionByValueKeyword$_selectOptionByValue_closure1.doCall(SelectOptionByValueKeyword.groovy:92)
	at com.kms.katalon.core.webui.keyword.builtin.SelectOptionByValueKeyword$_selectOptionByValue_closure1.call(SelectOptionByValueKeyword.groovy)
	at com.kms.katalon.core.webui.keyword.internal.WebUIKeywordMain.runKeyword(WebUIKeywordMain.groovy:20)
	at com.kms.katalon.core.webui.keyword.builtin.SelectOptionByValueKeyword.selectOptionByValue(SelectOptionByValueKeyword.groovy:99)
	at com.kms.katalon.core.webui.keyword.builtin.SelectOptionByValueKeyword.execute(SelectOptionByValueKeyword.groovy:71)
	at com.kms.katalon.core.keyword.internal.KeywordExecutor.executeKeywordForPlatform(KeywordExecutor.groovy:74)
	at com.kms.katalon.core.webui.keyword.WebUiBuiltInKeywords.selectOptionByValue(WebUiBuiltInKeywords.groovy:1168)
	at com.kms.katalon.core.webui.keyword.WebUiBuiltInKeywords$selectOptionByValue$5.call(Unknown Source)
	at vspBootstrap.ACHDebitPage.setDataACHDebit(ACHDebitPage.groovy:52)
	at vspBootstrap.ACHDebitPage.invokeMethod(ACHDebitPage.groovy)
	at com.kms.katalon.core.main.CustomKeywordDelegatingMetaClass.invokeStaticMethod(CustomKeywordDelegatingMetaClass.java:50)
	at Debit_TP_AllCF_Generic_Payment_TC.run(Debit_TP_AllCF_Generic_Payment_TC:129)
	at com.kms.katalon.core.main.ScriptEngine.run(ScriptEngine.java:194)
	at com.kms.katalon.core.main.ScriptEngine.runScriptAsRawText(ScriptEngine.java:119)
	at com.kms.katalon.core.main.TestCaseExecutor.runScript(TestCaseExecutor.java:442)
	at com.kms.katalon.core.main.TestCaseExecutor.doExecute(TestCaseExecutor.java:433)
	at com.kms.katalon.core.main.TestCaseExecutor.processExecutionPhase(TestCaseExecutor.java:412)
	at com.kms.katalon.core.main.TestCaseExecutor.accessMainPhase(TestCaseExecutor.java:404)
	at com.kms.katalon.core.main.TestCaseExecutor.execute(TestCaseExecutor.java:281)
	at com.kms.katalon.core.main.TestSuiteExecutor.accessTestCaseMainPhase(TestSuiteExecutor.java:202)
	at com.kms.katalon.core.main.TestSuiteExecutor.accessTestSuiteMainPhase(TestSuiteExecutor.java:164)
	at com.kms.katalon.core.main.TestSuiteExecutor.execute(TestSuiteExecutor.java:105)
	at com.kms.katalon.core.main.TestCaseMain.startTestSuite(TestCaseMain.java:185)
	at com.kms.katalon.core.main.TestCaseMain$startTestSuite$0.call(Unknown Source)
	at TempTestSuite1652714627233.run(TempTestSuite1652714627233.groovy:36)
"/>
         <system-out><![CDATA[2022-05-16 11:52:25 - [TEST_CASE][FAILED] - Test Cases/Admin Suite Bootstrap/VSP_Payments_TestCases/Debit_TP_AllCF_Generic_Payment_TC: Test Cases/Admin Suite Bootstrap/VSP_Payments_TestCases/Debit_TP_AllCF_Generic_Payment_TC FAILED.
Reason:
com.kms.katalon.core.exception.StepFailedException: No option matched.
	at com.kms.katalon.core.keyword.internal.KeywordMain.stepFailed(KeywordMain.groovy:39)
	at com.kms.katalon.core.keyword.internal.KeywordMain.stepFailed(KeywordMain.groovy)
	at com.kms.katalon.core.keyword.internal.KeywordMain.stepFailed(KeywordMain.groovy:23)
	at com.kms.katalon.core.webui.keyword.builtin.SelectOptionByValueKeyword$_selectOptionByValue_closure1.doCall(SelectOptionByValueKeyword.groovy:92)
	at com.kms.katalon.core.webui.keyword.builtin.SelectOptionByValueKeyword$_selectOptionByValue_closure1.call(SelectOptionByValueKeyword.groovy)
	at com.kms.katalon.core.webui.keyword.internal.WebUIKeywordMain.runKeyword(WebUIKeywordMain.groovy:20)
	at com.kms.katalon.core.webui.keyword.builtin.SelectOptionByValueKeyword.selectOptionByValue(SelectOptionByValueKeyword.groovy:99)
	at com.kms.katalon.core.webui.keyword.builtin.SelectOptionByValueKeyword.execute(SelectOptionByValueKeyword.groovy:71)
	at com.kms.katalon.core.keyword.internal.KeywordExecutor.executeKeywordForPlatform(KeywordExecutor.groovy:74)
	at com.kms.katalon.core.webui.keyword.WebUiBuiltInKeywords.selectOptionByValue(WebUiBuiltInKeywords.groovy:1168)
	at com.kms.katalon.core.webui.keyword.WebUiBuiltInKeywords$selectOptionByValue$5.call(Unknown Source)
	at vspBootstrap.ACHDebitPage.setDataACHDebit(ACHDebitPage.groovy:52)
	at vspBootstrap.ACHDebitPage.invokeMethod(ACHDebitPage.groovy)
	at com.kms.katalon.core.main.CustomKeywordDelegatingMetaClass.invokeStaticMethod(CustomKeywordDelegatingMetaClass.java:50)
	at Debit_TP_AllCF_Generic_Payment_TC.run(Debit_TP_AllCF_Generic_Payment_TC:129)
	at com.kms.katalon.core.main.ScriptEngine.run(ScriptEngine.java:194)
	at com.kms.katalon.core.main.ScriptEngine.runScriptAsRawText(ScriptEngine.java:119)
	at com.kms.katalon.core.main.TestCaseExecutor.runScript(TestCaseExecutor.java:442)
	at com.kms.katalon.core.main.TestCaseExecutor.doExecute(TestCaseExecutor.java:433)
	at com.kms.katalon.core.main.TestCaseExecutor.processExecutionPhase(TestCaseExecutor.java:412)
	at com.kms.katalon.core.main.TestCaseExecutor.accessMainPhase(TestCaseExecutor.java:404)
	at com.kms.katalon.core.main.TestCaseExecutor.execute(TestCaseExecutor.java:281)
	at com.kms.katalon.core.main.TestSuiteExecutor.accessTestCaseMainPhase(TestSuiteExecutor.java:202)
	at com.kms.katalon.core.main.TestSuiteExecutor.accessTestSuiteMainPhase(TestSuiteExecutor.java:164)
	at com.kms.katalon.core.main.TestSuiteExecutor.execute(TestSuiteExecutor.java:105)
	at com.kms.katalon.core.main.TestCaseMain.startTestSuite(TestCaseMain.java:185)
	at com.kms.katalon.core.main.TestCaseMain$startTestSuite$0.call(Unknown Source)
	at TempTestSuite1652714627233.run(TempTestSuite1652714627233.groovy:36)


2022-05-16 11:52:26 - [TEST_STEP][PASSED] - path_Dashboard = "Object Repository/AdminSuiteBootstrap_Pages/Dashboard_Bootstrap/": null

2022-05-16 11:52:26 - [TEST_STEP][PASSED] - path_VT = "Object Repository/AdminSuiteBootstrap_Pages/VT_Bootstrap/IssueTransactions/": null

2022-05-16 11:52:26 - [TEST_STEP][PASSED] - path_CreateProfile = "Object Repository/AdminSuiteBootstrap_Pages/VSP_Bootstrap/CreateProfile/": null

2022-05-16 11:52:26 - [TEST_STEP][PASSED] - path_AddAccount = "Object Repository/AdminSuiteBootstrap_Pages/VSP_Bootstrap/AddAccount/": null

2022-05-16 11:52:26 - [TEST_STEP][PASSED] - path_Add_ACH = "Object Repository/AdminSuiteBootstrap_Pages/VSP_Bootstrap/AddACH/": null

2022-05-16 11:52:26 - [TEST_STEP][PASSED] - path_Add_CC = "Object Repository/AdminSuiteBootstrap_Pages/VSP_Bootstrap/AddCreditCard/": null

2022-05-16 11:52:26 - [TEST_STEP][PASSED] - path_App_Plan = "Object Repository/AdminSuiteBootstrap_Pages/VSP_Bootstrap/AddPaymentPlan/": null

2022-05-16 11:52:26 - [TEST_STEP][PASSED] - path_DeleteProfile = "Object Repository/AdminSuiteBootstrap_Pages/VSP_Bootstrap/DeleteProfile/": null

2022-05-16 11:52:26 - [TEST_STEP][PASSED] - path_ModifyProfile = "Object Repository/AdminSuiteBootstrap_Pages/VSP_Bootstrap/ModifyProfile/": null

2022-05-16 11:52:26 - [TEST_STEP][PASSED] - path_ViewProfile = "Object Repository/AdminSuiteBootstrap_Pages/VSP_Bootstrap/View Profile/": null

2022-05-16 11:52:26 - [TEST_STEP][PASSED] - path_VSPAuth = "Object Repository/AdminSuiteBootstrap_Pages/VSP_Bootstrap/VSP_Auth/": null

2022-05-16 11:52:26 - [TEST_STEP][PASSED] - path_VSPAuthCap = "Object Repository/AdminSuiteBootstrap_Pages/VSP_Bootstrap/VSP_Authcap/": null

2022-05-16 11:52:26 - [TEST_STEP][PASSED] - path_Debit = "Object Repository/AdminSuiteBootstrap_Pages/VSP_Bootstrap/VSP_Debit/": null

2022-05-16 11:52:26 - [TEST_STEP][PASSED] - path_DeleteProfileConfirm = "Object Repository/AdminSuiteBootstrap_Pages/VSP_Bootstrap/DeleteProfileConfirm/": null

2022-05-16 11:52:26 - [TEST_STEP][PASSED] - executionProfile = getExecutionProfile(): null

2022-05-16 11:52:26 - [TEST_STEP][PASSED] - out.println("executionProfile : " + executionProfile): null

2022-05-16 11:52:26 - [TEST_STEP][PASSED] - appName = <not implemented yet for class: org.codehaus.groovy.ast.expr.EmptyExpression>: null

2022-05-16 11:52:26 - [TEST_STEP][PASSED] - appID = <not implemented yet for class: org.codehaus.groovy.ast.expr.EmptyExpression>: null

2022-05-16 11:52:26 - [TEST_STEP][PASSED] - cardNameV = <not implemented yet for class: org.codehaus.groovy.ast.expr.EmptyExpression>: null

2022-05-16 11:52:26 - [TEST_STEP][PASSED] - al1V = <not implemented yet for class: org.codehaus.groovy.ast.expr.EmptyExpression>: null

2022-05-16 11:52:26 - [TEST_STEP][PASSED] - al2V = <not implemented yet for class: org.codehaus.groovy.ast.expr.EmptyExpression>: null

2022-05-16 11:52:26 - [TEST_STEP][PASSED] - zipV = <not implemented yet for class: org.codehaus.groovy.ast.expr.EmptyExpression>: null

2022-05-16 11:52:26 - [TEST_STEP][PASSED] - tranType = <not implemented yet for class: org.codehaus.groovy.ast.expr.EmptyExpression>: null

2022-05-16 11:52:26 - [TEST_STEP][PASSED] - last4V = <not implemented yet for class: org.codehaus.groovy.ast.expr.EmptyExpression>: null

2022-05-16 11:52:26 - [TEST_STEP][PASSED] - nameSheet = "ACH-Payments-Debit": null

2022-05-16 11:52:26 - [TEST_STEP][PASSED] - numOfRows = findTestData("QA/Bootstrap/VSP-Payments-TestData/ACH-Payments-Debit").getRowNumbers(): null

2022-05-16 11:52:26 - [TEST_STEP][PASSED] - println("Number of Records: " + numOfRows): null

2022-05-16 11:52:26 - [TEST_STEP][PASSED] - dataFile = "QA/Bootstrap/VSP-Payments-TestData/ACH-Payments-Debit": null

2022-05-16 11:52:26 - [TEST_STEP][FAILED] - for ([row = 1, row <= numOfRows, (row++)]): null

2022-05-16 11:52:26 - [TEST_STEP][PASSED] - ExecuteTC = findTestData(dataFile).getValue("Execute", row): null

2022-05-16 11:52:26 - [TEST_STEP][PASSED] - out.println("Value of Execute is : " + ExecuteTC): null

2022-05-16 11:52:26 - [TEST_STEP][PASSED] - switch (executionProfile): null

2022-05-16 11:52:26 - [TEST_STEP][PASSED] - case "DemoProfile":: null

2022-05-16 11:52:26 - [TEST_STEP][PASSED] - appName = findTestData(dataFile).getValue("AppNameDemo", row): null

2022-05-16 11:52:26 - [TEST_STEP][PASSED] - appID = findTestData(dataFile).getValue("AppIDDemo", row): null

2022-05-16 11:52:26 - [TEST_STEP][PASSED] - break: null

2022-05-16 11:52:26 - [TEST_STEP][FAILED] - if (ExecuteTC.equalsIgnoreCase("Y")): null

2022-05-16 11:52:26 - [TEST_STEP][PASSED] - out.println("Begin Record Number: " + row): null

2022-05-16 11:52:26 - [TEST_STEP][PASSED] - today = new java.util.Date(): null

2022-05-16 11:52:26 - [TEST_STEP][PASSED] - println(today): null

2022-05-16 11:52:26 - [TEST_STEP][PASSED] - datText = today: null

2022-05-16 11:52:26 - [TEST_STEP][PASSED] - adminSuiteBootstrap.loginFunctionality.login_AdminSuite(): adminSuiteBootstrap.loginFunctionality.login_AdminSuite is PASSED

2022-05-16 11:52:26 - [MESSAGE][INFO] - Starting 'Chrome' driver

2022-05-16 11:52:26 - [MESSAGE][INFO] - User set preference: ['acceptInsecureCerts', 'true']

2022-05-16 11:52:26 - [MESSAGE][INFO] - Action delay is set to 0 milliseconds

2022-05-16 11:52:28 - [MESSAGE][PASSED] - Browser is opened with url: 'https://demo.velocitypayment.com/admin/imtiazdemo'

2022-05-16 11:52:28 - [MESSAGE][PASSED] - Current window maximized

2022-05-16 11:52:29 - [MESSAGE][PASSED] - Object 'Object Repository/Login_Page/Login_Username' is present

2022-05-16 11:52:29 - [MESSAGE][PASSED] - Text 'iahmed' is set on object 'Object Repository/Login_Page/Login_Username'

2022-05-16 11:52:30 - [MESSAGE][PASSED] - Text 'hello2222' is set on object 'Object Repository/Login_Page/Login_Password'

2022-05-16 11:52:33 - [MESSAGE][PASSED] - Object: 'Object Repository/Login_Page/Login_Submit' is clicked on

2022-05-16 11:52:33 - [MESSAGE][PASSED] - adminSuiteBootstrap.loginFunctionality.login_AdminSuite is PASSED

2022-05-16 11:52:33 - [TEST_STEP][PASSED] - click(findTestObject(path_Dashboard + appName)): Object: 'Object Repository/AdminSuiteBootstrap_Pages/Dashboard_Bootstrap/a_Access AutoNoCFtpDemo' is clicked on

2022-05-16 11:52:35 - [MESSAGE][PASSED] - Object: 'Object Repository/AdminSuiteBootstrap_Pages/Dashboard_Bootstrap/a_Access AutoNoCFtpDemo' is clicked on

2022-05-16 11:52:35 - [TEST_STEP][PASSED] - click(findTestObject(path_VT + "a_Find Profile")): Object: 'Object Repository/AdminSuiteBootstrap_Pages/VT_Bootstrap/IssueTransactions/a_Find Profile' is clicked on

2022-05-16 11:52:36 - [MESSAGE][PASSED] - Object: 'Object Repository/AdminSuiteBootstrap_Pages/VT_Bootstrap/IssueTransactions/a_Find Profile' is clicked on

2022-05-16 11:52:36 - [TEST_STEP][PASSED] - criteria = <not implemented yet for class: org.codehaus.groovy.ast.expr.EmptyExpression>: null

2022-05-16 11:52:36 - [TEST_STEP][PASSED] - searchBy = <not implemented yet for class: org.codehaus.groovy.ast.expr.EmptyExpression>: null

2022-05-16 11:52:36 - [TEST_STEP][PASSED] - criteria = findTestData(dataFile).getValue("ProfileName", row): null

2022-05-16 11:52:36 - [TEST_STEP][PASSED] - path_SearchProfile = "Object Repository/AdminSuiteBootstrap_Pages/VSP_Bootstrap/SearchProfile/": null

2022-05-16 11:52:36 - [TEST_STEP][PASSED] - setText(findTestObject(path_SearchProfile + "input_Criteria"), criteria): Text 'PaymentsPC' is set on object 'Object Repository/AdminSuiteBootstrap_Pages/VSP_Bootstrap/SearchProfile/input_Criteria'

2022-05-16 11:52:36 - [MESSAGE][PASSED] - Text 'PaymentsPC' is set on object 'Object Repository/AdminSuiteBootstrap_Pages/VSP_Bootstrap/SearchProfile/input_Criteria'

2022-05-16 11:52:36 - [TEST_STEP][PASSED] - click(findTestObject(path_SearchProfile + "button_Search")): Object: 'Object Repository/AdminSuiteBootstrap_Pages/VSP_Bootstrap/SearchProfile/button_Search' is clicked on

2022-05-16 11:52:39 - [MESSAGE][PASSED] - Object: 'Object Repository/AdminSuiteBootstrap_Pages/VSP_Bootstrap/SearchProfile/button_Search' is clicked on

2022-05-16 11:52:39 - [TEST_STEP][PASSED] - profNameLink = findTestData(dataFile).getValue("ProfileNameLink", row): null

2022-05-16 11:52:39 - [TEST_STEP][PASSED] - click(findTestObject(path_ViewProfile + profNameLink)): Object: 'Object Repository/AdminSuiteBootstrap_Pages/VSP_Bootstrap/View Profile/a_PaymentsPC' is clicked on

2022-05-16 11:52:42 - [MESSAGE][PASSED] - Object: 'Object Repository/AdminSuiteBootstrap_Pages/VSP_Bootstrap/View Profile/a_PaymentsPC' is clicked on

2022-05-16 11:52:42 - [TEST_STEP][PASSED] - click(findTestObject(path_ViewProfile + "a_Debit")): Object: 'Object Repository/AdminSuiteBootstrap_Pages/VSP_Bootstrap/View Profile/a_Debit' is clicked on

2022-05-16 11:52:49 - [MESSAGE][PASSED] - Object: 'Object Repository/AdminSuiteBootstrap_Pages/VSP_Bootstrap/View Profile/a_Debit' is clicked on

2022-05-16 11:52:49 - [TEST_STEP][PASSED] - verifyTextPresent("Remittance ID", true): Text 'Remittance ID' is present on page  using regular expression

2022-05-16 11:52:52 - [MESSAGE][PASSED] - Text 'Remittance ID' is present on page  using regular expression

2022-05-16 11:52:52 - [TEST_STEP][FAILED] - vspBootstrap.ACHDebitPage.setDataACHDebit(row, dataFile): com.kms.katalon.core.exception.StepFailedException: No option matched.

2022-05-16 11:53:24 - [MESSAGE][INFO] - Unable to find the element located by 'By.xpath: id("form1")/div[@class="timeline-post"]/div[@class="row border-bottom"]/div[@class="col-md-6"]/div[@class="post-content"]/div[@class="row"]/div[@class="col-md-6"]/div[@class="form-floating"]/select[@class="form-select form-control"][count(. | //*[@name = 'standardEntryClass']) = count(//*[@name = 'standardEntryClass'])]'. Please recheck the objects properties to make sure the desired element is located. 

2022-05-16 11:53:24 - [MESSAGE][WARNING] - [SELF-HEALING] Failed to find element with id 'Object Repository/AdminSuiteBootstrap_Pages/VSP_Bootstrap/VSP_Debit/select_StdEntryClass'. Try using Self-healing.

2022-05-16 11:53:25 - [MESSAGE][INFO] - Unable to find the element located by 'By.xpath: //select[@name='standardEntryClass']'. Please recheck the objects properties to make sure the desired element is located. 

2022-05-16 11:53:25 - [MESSAGE][INFO] - [SELF-HEALING] Failed Locator: '//select[@name='standardEntryClass']'.

2022-05-16 11:53:25 - [MESSAGE][INFO] - [SELF-HEALING] Failed Locator: '//form[@id='form1']/div/div[3]/div[2]/div[2]/div[2]/div[2]/div/select'.

2022-05-16 11:53:25 - [MESSAGE][INFO] - [SELF-HEALING] Working Locator: '(.//*[normalize-space(text()) and normalize-space(.)='Account Type'])[1]/following::select[1]'.

2022-05-16 11:53:26 - [MESSAGE][INFO] - [SELF-HEALING] Screenshot: E:/Cloned-Project-Katalon/VPS-Katalon/Reports/Self-healing/Object Repository/AdminSuiteBootstrap_Pages/VSP_Bootstrap/VSP_Debit/select_StdEntryClass_neighbor.png

2022-05-16 11:53:26 - [MESSAGE][WARNING] - [SELF-HEALING] The current locator of test object 'Object Repository/AdminSuiteBootstrap_Pages/VSP_Bootstrap/VSP_Debit/select_StdEntryClass' was broken. Propose an alternative one: '(.//*[normalize-space(text()) and normalize-space(.)='Account Type'])[1]/following::select[1]'.

2022-05-16 11:53:26 - [MESSAGE][FAILED] - No option matched.

2022-05-16 11:53:27 - [MESSAGE][PASSED] - Text '' is set on object 'Object Repository/AdminSuiteBootstrap_Pages/VSP_Bootstrap/VSP_Debit/input_smsNumber'

2022-05-16 11:53:27 - [MESSAGE][PASSED] - Text '2.50' is set on object 'Object Repository/AdminSuiteBootstrap_Pages/VSP_Bootstrap/VSP_Debit/input_amount'

2022-05-16 11:53:28 - [MESSAGE][PASSED] - Text 'Delhi' is set on object 'Object Repository/AdminSuiteBootstrap_Pages/VSP_Bootstrap/VSP_Debit/input_userDefined1'

2022-05-16 11:53:29 - [MESSAGE][PASSED] - Text 'Chennai' is set on object 'Object Repository/AdminSuiteBootstrap_Pages/VSP_Bootstrap/VSP_Debit/input_userDefined2'

2022-05-16 11:53:30 - [MESSAGE][PASSED] - Text 'Mumbai' is set on object 'Object Repository/AdminSuiteBootstrap_Pages/VSP_Bootstrap/VSP_Debit/input_userDefined3'

2022-05-16 11:53:30 - [MESSAGE][PASSED] - Text 'Kanpur' is set on object 'Object Repository/AdminSuiteBootstrap_Pages/VSP_Bootstrap/VSP_Debit/input_userDefined4'

2022-05-16 11:53:31 - [MESSAGE][PASSED] - All options with label 'Orange' are selected in object 'Object Repository/AdminSuiteBootstrap_Pages/VSP_Bootstrap/VSP_Debit/select_UDF5'  using regular expression

2022-05-16 11:53:32 - [MESSAGE][PASSED] - All options with label 'Yellow' are selected in object 'Object Repository/AdminSuiteBootstrap_Pages/VSP_Bootstrap/VSP_Debit/select_UDF6'  using regular expression

2022-05-16 11:53:33 - [MESSAGE][PASSED] - Text 'Kolkata' is set on object 'Object Repository/AdminSuiteBootstrap_Pages/VSP_Bootstrap/VSP_Debit/input_userDefined7'

2022-05-16 11:53:33 - [MESSAGE][PASSED] - Text 'Pune' is set on object 'Object Repository/AdminSuiteBootstrap_Pages/VSP_Bootstrap/VSP_Debit/input_userDefined8'

2022-05-16 11:53:34 - [MESSAGE][PASSED] - Text 'Bhavnagar' is set on object 'Object Repository/AdminSuiteBootstrap_Pages/VSP_Bootstrap/VSP_Debit/input_userDefined9'

2022-05-16 11:53:35 - [MESSAGE][PASSED] - Text 'Noida' is set on object 'Object Repository/AdminSuiteBootstrap_Pages/VSP_Bootstrap/VSP_Debit/input_userDefined10'

2022-05-16 11:53:40 - [MESSAGE][PASSED] - Object: 'Object Repository/AdminSuiteBootstrap_Pages/VSP_Bootstrap/VSP_Debit/button_Submit' is clicked on

2022-05-16 11:53:40 - [MESSAGE][FAILED] - com.kms.katalon.core.exception.StepFailedException: No option matched.

2022-05-16 11:53:40 - [TEST_STEP][PASSED] - verifyTextPresent("Transaction Successful", true): Text 'Transaction Successful' is present on page  using regular expression

2022-05-16 11:53:41 - [MESSAGE][PASSED] - Text 'Transaction Successful' is present on page  using regular expression

2022-05-16 11:53:41 - [TEST_STEP][PASSED] - verifyElementVisible(findTestObject("Object Repository/AdminSuiteBootstrap_Pages/VT_Bootstrap/Receipt/button_Continue")): Object 'Object Repository/AdminSuiteBootstrap_Pages/VT_Bootstrap/Receipt/button_Continue' is visible

2022-05-16 11:53:41 - [MESSAGE][PASSED] - Object 'Object Repository/AdminSuiteBootstrap_Pages/VT_Bootstrap/Receipt/button_Continue' is visible

2022-05-16 11:53:41 - [TEST_STEP][PASSED] - verifyElementPresent(findTestObject("Object Repository/AdminSuiteBootstrap_Pages/VT_Bootstrap/Receipt/button_Continue"), 20): Object 'Object Repository/AdminSuiteBootstrap_Pages/VT_Bootstrap/Receipt/button_Continue' is present

2022-05-16 11:53:42 - [MESSAGE][PASSED] - Object 'Object Repository/AdminSuiteBootstrap_Pages/VT_Bootstrap/Receipt/button_Continue' is present

2022-05-16 11:53:42 - [TEST_STEP][PASSED] - verifyElementVisible(findTestObject("Object Repository/AdminSuiteBootstrap_Pages/VT_Bootstrap/Receipt/button_Print")): Object 'Object Repository/AdminSuiteBootstrap_Pages/VT_Bootstrap/Receipt/button_Print' is visible

2022-05-16 11:53:42 - [MESSAGE][PASSED] - Object 'Object Repository/AdminSuiteBootstrap_Pages/VT_Bootstrap/Receipt/button_Print' is visible

2022-05-16 11:53:42 - [TEST_STEP][PASSED] - verifyElementPresent(findTestObject("Object Repository/AdminSuiteBootstrap_Pages/VT_Bootstrap/Receipt/button_Print"), 20): Object 'Object Repository/AdminSuiteBootstrap_Pages/VT_Bootstrap/Receipt/button_Print' is present

2022-05-16 11:53:42 - [MESSAGE][PASSED] - Object 'Object Repository/AdminSuiteBootstrap_Pages/VT_Bootstrap/Receipt/button_Print' is present

2022-05-16 11:53:42 - [TEST_STEP][PASSED] - verifyTextPresent("Remittance ID", true): Text 'Remittance ID' is present on page  using regular expression

2022-05-16 11:53:43 - [MESSAGE][PASSED] - Text 'Remittance ID' is present on page  using regular expression

2022-05-16 11:53:43 - [TEST_STEP][PASSED] - verifyTextPresent("Received", true): Text 'Received' is present on page  using regular expression

2022-05-16 11:53:43 - [MESSAGE][PASSED] - Text 'Received' is present on page  using regular expression

2022-05-16 11:53:43 - [TEST_STEP][PASSED] - verifyTextPresent("UDF1", true): Text 'UDF1' is present on page  using regular expression

2022-05-16 11:53:43 - [MESSAGE][PASSED] - Text 'UDF1' is present on page  using regular expression

2022-05-16 11:53:43 - [TEST_STEP][PASSED] - verifyTextPresent("UDF2", true): Text 'UDF2' is present on page  using regular expression

2022-05-16 11:53:44 - [MESSAGE][PASSED] - Text 'UDF2' is present on page  using regular expression

2022-05-16 11:53:44 - [TEST_STEP][PASSED] - verifyTextPresent("UDF3", true): Text 'UDF3' is present on page  using regular expression

2022-05-16 11:53:44 - [MESSAGE][PASSED] - Text 'UDF3' is present on page  using regular expression

2022-05-16 11:53:44 - [TEST_STEP][PASSED] - verifyTextPresent("UDF4", true): Text 'UDF4' is present on page  using regular expression

2022-05-16 11:53:44 - [MESSAGE][PASSED] - Text 'UDF4' is present on page  using regular expression

2022-05-16 11:53:44 - [TEST_STEP][PASSED] - verifyTextPresent("UDF5", true): Text 'UDF5' is present on page  using regular expression

2022-05-16 11:53:45 - [MESSAGE][PASSED] - Text 'UDF5' is present on page  using regular expression

2022-05-16 11:53:45 - [TEST_STEP][PASSED] - verifyTextPresent("UDF6", true): Text 'UDF6' is present on page  using regular expression

2022-05-16 11:53:45 - [MESSAGE][PASSED] - Text 'UDF6' is present on page  using regular expression

2022-05-16 11:53:45 - [TEST_STEP][PASSED] - verifyTextPresent("UDF7", true): Text 'UDF7' is present on page  using regular expression

2022-05-16 11:53:45 - [MESSAGE][PASSED] - Text 'UDF7' is present on page  using regular expression

2022-05-16 11:53:45 - [TEST_STEP][PASSED] - verifyTextPresent("UDF8", true): Text 'UDF8' is present on page  using regular expression

2022-05-16 11:53:46 - [MESSAGE][PASSED] - Text 'UDF8' is present on page  using regular expression

2022-05-16 11:53:46 - [TEST_STEP][PASSED] - verifyTextPresent("UDF9", true): Text 'UDF9' is present on page  using regular expression

2022-05-16 11:53:46 - [MESSAGE][PASSED] - Text 'UDF9' is present on page  using regular expression

2022-05-16 11:53:46 - [TEST_STEP][PASSED] - verifyTextPresent("UDF 10", true): Text 'UDF 10' is present on page  using regular expression

2022-05-16 11:53:46 - [MESSAGE][PASSED] - Text 'UDF 10' is present on page  using regular expression

2022-05-16 11:53:46 - [TEST_STEP][PASSED] - verifyTextPresent("Delhi", true): Text 'Delhi' is present on page  using regular expression

2022-05-16 11:53:47 - [MESSAGE][PASSED] - Text 'Delhi' is present on page  using regular expression

2022-05-16 11:53:47 - [TEST_STEP][PASSED] - verifyTextPresent("Chennai", true): Text 'Chennai' is present on page  using regular expression

2022-05-16 11:53:47 - [MESSAGE][PASSED] - Text 'Chennai' is present on page  using regular expression

2022-05-16 11:53:47 - [TEST_STEP][PASSED] - verifyTextPresent("Mumbai", true): Text 'Mumbai' is present on page  using regular expression

2022-05-16 11:53:47 - [MESSAGE][PASSED] - Text 'Mumbai' is present on page  using regular expression

2022-05-16 11:53:47 - [TEST_STEP][PASSED] - verifyTextPresent("Kanpur", true): Text 'Kanpur' is present on page  using regular expression

2022-05-16 11:53:48 - [MESSAGE][PASSED] - Text 'Kanpur' is present on page  using regular expression

2022-05-16 11:53:48 - [TEST_STEP][PASSED] - verifyTextPresent("Orange Recorded", true): Text 'Orange Recorded' is present on page  using regular expression

2022-05-16 11:53:48 - [MESSAGE][PASSED] - Text 'Orange Recorded' is present on page  using regular expression

2022-05-16 11:53:48 - [TEST_STEP][PASSED] - verifyTextPresent("Yellow Recorded", true): Text 'Yellow Recorded' is present on page  using regular expression

2022-05-16 11:53:48 - [MESSAGE][PASSED] - Text 'Yellow Recorded' is present on page  using regular expression

2022-05-16 11:53:48 - [TEST_STEP][PASSED] - verifyTextPresent("Kolkata", true): Text 'Kolkata' is present on page  using regular expression

2022-05-16 11:53:49 - [MESSAGE][PASSED] - Text 'Kolkata' is present on page  using regular expression

2022-05-16 11:53:49 - [TEST_STEP][PASSED] - verifyTextPresent("Pune", true): Text 'Pune' is present on page  using regular expression

2022-05-16 11:53:49 - [MESSAGE][PASSED] - Text 'Pune' is present on page  using regular expression

2022-05-16 11:53:49 - [TEST_STEP][PASSED] - verifyTextPresent("Bhavnagar", true): Text 'Bhavnagar' is present on page  using regular expression

2022-05-16 11:53:49 - [MESSAGE][PASSED] - Text 'Bhavnagar' is present on page  using regular expression

2022-05-16 11:53:49 - [TEST_STEP][PASSED] - verifyTextPresent("Noida", true): Text 'Noida' is present on page  using regular expression

2022-05-16 11:53:50 - [MESSAGE][PASSED] - Text 'Noida' is present on page  using regular expression

2022-05-16 11:53:50 - [TEST_STEP][PASSED] - verifyTextPresent("Amount", true): Text 'Amount' is present on page  using regular expression

2022-05-16 11:53:50 - [MESSAGE][PASSED] - Text 'Amount' is present on page  using regular expression

2022-05-16 11:53:50 - [TEST_STEP][PASSED] - verifyTextPresent("2.50", true): Text '2.50' is present on page  using regular expression

2022-05-16 11:53:50 - [MESSAGE][PASSED] - Text '2.50' is present on page  using regular expression

2022-05-16 11:53:50 - [TEST_STEP][PASSED] - verifyTextPresent("Transaction Type", true): Text 'Transaction Type' is present on page  using regular expression

2022-05-16 11:53:51 - [MESSAGE][PASSED] - Text 'Transaction Type' is present on page  using regular expression

2022-05-16 11:53:51 - [TEST_STEP][PASSED] - verifyTextPresent("Debit", true): Text 'Debit' is present on page  using regular expression

2022-05-16 11:53:51 - [MESSAGE][PASSED] - Text 'Debit' is present on page  using regular expression

2022-05-16 11:53:51 - [TEST_STEP][PASSED] - verifyTextPresent("Check Information", true): Text 'Check Information' is present on page  using regular expression

2022-05-16 11:53:51 - [MESSAGE][PASSED] - Text 'Check Information' is present on page  using regular expression

2022-05-16 11:53:51 - [TEST_STEP][PASSED] - verifyTextPresent("Account Type", true): Text 'Account Type' is present on page  using regular expression

2022-05-16 11:53:52 - [MESSAGE][PASSED] - Text 'Account Type' is present on page  using regular expression

2022-05-16 11:53:52 - [TEST_STEP][PASSED] - verifyTextPresent("Account Number", true): Text 'Account Number' is present on page  using regular expression

2022-05-16 11:53:52 - [MESSAGE][PASSED] - Text 'Account Number' is present on page  using regular expression

2022-05-16 11:53:52 - [TEST_STEP][PASSED] - verifyTextPresent("Routing Number", true): Text 'Routing Number' is present on page  using regular expression

2022-05-16 11:53:52 - [MESSAGE][PASSED] - Text 'Routing Number' is present on page  using regular expression

2022-05-16 11:53:52 - [TEST_STEP][PASSED] - verifyTextPresent("Address Line 1", true): Text 'Address Line 1' is present on page  using regular expression

2022-05-16 11:53:53 - [MESSAGE][PASSED] - Text 'Address Line 1' is present on page  using regular expression

2022-05-16 11:53:53 - [TEST_STEP][PASSED] - verifyTextPresent("Address Line 2", true): Text 'Address Line 2' is present on page  using regular expression

2022-05-16 11:53:53 - [MESSAGE][PASSED] - Text 'Address Line 2' is present on page  using regular expression

2022-05-16 11:53:53 - [TEST_STEP][PASSED] - verifyTextPresent("Country", true): Text 'Country' is present on page  using regular expression

2022-05-16 11:53:53 - [MESSAGE][PASSED] - Text 'Country' is present on page  using regular expression

2022-05-16 11:53:53 - [TEST_STEP][PASSED] - verifyTextPresent("City", true): Text 'City' is present on page  using regular expression

2022-05-16 11:53:54 - [MESSAGE][PASSED] - Text 'City' is present on page  using regular expression

2022-05-16 11:53:54 - [TEST_STEP][PASSED] - verifyTextPresent("State", true): Text 'State' is present on page  using regular expression

2022-05-16 11:53:54 - [MESSAGE][PASSED] - Text 'State' is present on page  using regular expression

2022-05-16 11:53:54 - [TEST_STEP][PASSED] - verifyTextPresent("ZIP Code", true): Text 'ZIP Code' is present on page  using regular expression

2022-05-16 11:53:54 - [MESSAGE][PASSED] - Text 'ZIP Code' is present on page  using regular expression

2022-05-16 11:53:54 - [TEST_STEP][PASSED] - verifyTextPresent("248 PhoolKaante road", true): Text '248 PhoolKaante road' is present on page  using regular expression

2022-05-16 11:53:55 - [MESSAGE][PASSED] - Text '248 PhoolKaante road' is present on page  using regular expression

2022-05-16 11:53:55 - [TEST_STEP][PASSED] - verifyTextPresent("Suite 678", true): Text 'Suite 678' is present on page  using regular expression

2022-05-16 11:53:55 - [MESSAGE][PASSED] - Text 'Suite 678' is present on page  using regular expression

2022-05-16 11:53:55 - [TEST_STEP][PASSED] - verifyTextPresent("United States", true): Text 'United States' is present on page  using regular expression

2022-05-16 11:53:55 - [MESSAGE][PASSED] - Text 'United States' is present on page  using regular expression

2022-05-16 11:53:55 - [TEST_STEP][PASSED] - verifyTextPresent("ARLINGTON", true): Text 'ARLINGTON' is present on page  using regular expression

2022-05-16 11:53:56 - [MESSAGE][PASSED] - Text 'ARLINGTON' is present on page  using regular expression

2022-05-16 11:53:56 - [TEST_STEP][PASSED] - verifyTextPresent("Virginia", true): Text 'Virginia' is present on page  using regular expression

2022-05-16 11:53:56 - [MESSAGE][PASSED] - Text 'Virginia' is present on page  using regular expression

2022-05-16 11:53:56 - [TEST_STEP][PASSED] - verifyTextPresent("22201", true): Text '22201' is present on page  using regular expression

2022-05-16 11:53:56 - [MESSAGE][PASSED] - Text '22201' is present on page  using regular expression

2022-05-16 11:53:56 - [TEST_STEP][PASSED] - tranType = findTestData(dataFile).getValue("TranType", row): null

2022-05-16 11:53:56 - [TEST_STEP][PASSED] - last4V = findTestData(dataFile).getValue("Last4", row): null

2022-05-16 11:53:57 - [TEST_STEP][PASSED] - verifyTextPresent(tranType, true): Text 'Checking' is present on page  using regular expression

2022-05-16 11:53:57 - [MESSAGE][PASSED] - Text 'Checking' is present on page  using regular expression

2022-05-16 11:53:57 - [TEST_STEP][PASSED] - verifyTextPresent(last4V, true): Text '2222' is present on page  using regular expression

2022-05-16 11:53:57 - [MESSAGE][PASSED] - Text '2222' is present on page  using regular expression

2022-05-16 11:53:57 - [TEST_STEP][PASSED] - if (profNameLink.equalsIgnoreCase("a_PaymentsPC")): Text 'TANDON RAVENA' is present on page  using regular expression

2022-05-16 11:53:57 - [TEST_STEP][PASSED] - verifyTextPresent("Name on Account", true): Text 'Name on Account' is present on page  using regular expression

2022-05-16 11:53:58 - [MESSAGE][PASSED] - Text 'Name on Account' is present on page  using regular expression

2022-05-16 11:53:58 - [TEST_STEP][PASSED] - verifyTextPresent("TANDON RAVENA", true): Text 'TANDON RAVENA' is present on page  using regular expression

2022-05-16 11:53:58 - [MESSAGE][PASSED] - Text 'TANDON RAVENA' is present on page  using regular expression

2022-05-16 11:53:58 - [TEST_STEP][PASSED] - if (profNameLink.equalsIgnoreCase("a_PaymentsPS")): null

2022-05-16 11:53:58 - [TEST_STEP][PASSED] - if (profNameLink.equalsIgnoreCase("a_PaymentsCorp")): null

2022-05-16 11:53:58 - [TEST_STEP][PASSED] - switch (appName): null

2022-05-16 11:53:58 - [TEST_STEP][PASSED] - closeBrowser(): Browser is closed

2022-05-16 11:53:59 - [MESSAGE][PASSED] - Browser is closed

2022-05-16 11:53:59 - [TEST_STEP][PASSED] - ExecuteTC = findTestData(dataFile).getValue("Execute", row): null

2022-05-16 11:53:59 - [TEST_STEP][PASSED] - out.println("Value of Execute is : " + ExecuteTC): null

2022-05-16 11:53:59 - [TEST_STEP][PASSED] - switch (executionProfile): null

2022-05-16 11:53:59 - [TEST_STEP][PASSED] - case "DemoProfile":: null

2022-05-16 11:53:59 - [TEST_STEP][PASSED] - appName = findTestData(dataFile).getValue("AppNameDemo", row): null

2022-05-16 11:53:59 - [TEST_STEP][PASSED] - appID = findTestData(dataFile).getValue("AppIDDemo", row): null

2022-05-16 11:53:59 - [TEST_STEP][PASSED] - break: null

2022-05-16 11:53:59 - [TEST_STEP][FAILED] - if (ExecuteTC.equalsIgnoreCase("Y")): null

2022-05-16 11:53:59 - [TEST_STEP][PASSED] - out.println("Begin Record Number: " + row): null

2022-05-16 11:53:59 - [TEST_STEP][PASSED] - today = new java.util.Date(): null

2022-05-16 11:53:59 - [TEST_STEP][PASSED] - println(today): null

2022-05-16 11:53:59 - [TEST_STEP][PASSED] - datText = today: null

2022-05-16 11:53:59 - [TEST_STEP][PASSED] - adminSuiteBootstrap.loginFunctionality.login_AdminSuite(): adminSuiteBootstrap.loginFunctionality.login_AdminSuite is PASSED

2022-05-16 11:53:59 - [MESSAGE][INFO] - Starting 'Chrome' driver

2022-05-16 11:53:59 - [MESSAGE][INFO] - User set preference: ['acceptInsecureCerts', 'true']

2022-05-16 11:53:59 - [MESSAGE][INFO] - Action delay is set to 0 milliseconds

2022-05-16 11:54:01 - [MESSAGE][PASSED] - Browser is opened with url: 'https://demo.velocitypayment.com/admin/imtiazdemo'

2022-05-16 11:54:01 - [MESSAGE][PASSED] - Current window maximized

2022-05-16 11:54:02 - [MESSAGE][PASSED] - Object 'Object Repository/Login_Page/Login_Username' is present

2022-05-16 11:54:03 - [MESSAGE][PASSED] - Text 'iahmed' is set on object 'Object Repository/Login_Page/Login_Username'

2022-05-16 11:54:03 - [MESSAGE][PASSED] - Text 'hello2222' is set on object 'Object Repository/Login_Page/Login_Password'

2022-05-16 11:54:06 - [MESSAGE][PASSED] - Object: 'Object Repository/Login_Page/Login_Submit' is clicked on

2022-05-16 11:54:06 - [MESSAGE][PASSED] - adminSuiteBootstrap.loginFunctionality.login_AdminSuite is PASSED

2022-05-16 11:54:06 - [TEST_STEP][PASSED] - click(findTestObject(path_Dashboard + appName)): Object: 'Object Repository/AdminSuiteBootstrap_Pages/Dashboard_Bootstrap/a_Access AutoNoCFtpDemo' is clicked on

2022-05-16 11:54:09 - [MESSAGE][PASSED] - Object: 'Object Repository/AdminSuiteBootstrap_Pages/Dashboard_Bootstrap/a_Access AutoNoCFtpDemo' is clicked on

2022-05-16 11:54:09 - [TEST_STEP][PASSED] - click(findTestObject(path_VT + "a_Find Profile")): Object: 'Object Repository/AdminSuiteBootstrap_Pages/VT_Bootstrap/IssueTransactions/a_Find Profile' is clicked on

2022-05-16 11:54:09 - [MESSAGE][PASSED] - Object: 'Object Repository/AdminSuiteBootstrap_Pages/VT_Bootstrap/IssueTransactions/a_Find Profile' is clicked on

2022-05-16 11:54:09 - [TEST_STEP][PASSED] - criteria = <not implemented yet for class: org.codehaus.groovy.ast.expr.EmptyExpression>: null

2022-05-16 11:54:09 - [TEST_STEP][PASSED] - searchBy = <not implemented yet for class: org.codehaus.groovy.ast.expr.EmptyExpression>: null

2022-05-16 11:54:09 - [TEST_STEP][PASSED] - criteria = findTestData(dataFile).getValue("ProfileName", row): null

2022-05-16 11:54:09 - [TEST_STEP][PASSED] - path_SearchProfile = "Object Repository/AdminSuiteBootstrap_Pages/VSP_Bootstrap/SearchProfile/": null

2022-05-16 11:54:09 - [TEST_STEP][PASSED] - setText(findTestObject(path_SearchProfile + "input_Criteria"), criteria): Text 'PaymentsPC' is set on object 'Object Repository/AdminSuiteBootstrap_Pages/VSP_Bootstrap/SearchProfile/input_Criteria'

2022-05-16 11:54:10 - [MESSAGE][PASSED] - Text 'PaymentsPC' is set on object 'Object Repository/AdminSuiteBootstrap_Pages/VSP_Bootstrap/SearchProfile/input_Criteria'

2022-05-16 11:54:10 - [TEST_STEP][PASSED] - click(findTestObject(path_SearchProfile + "button_Search")): Object: 'Object Repository/AdminSuiteBootstrap_Pages/VSP_Bootstrap/SearchProfile/button_Search' is clicked on

2022-05-16 11:54:14 - [MESSAGE][PASSED] - Object: 'Object Repository/AdminSuiteBootstrap_Pages/VSP_Bootstrap/SearchProfile/button_Search' is clicked on

2022-05-16 11:54:14 - [TEST_STEP][PASSED] - profNameLink = findTestData(dataFile).getValue("ProfileNameLink", row): null

2022-05-16 11:54:14 - [TEST_STEP][PASSED] - click(findTestObject(path_ViewProfile + profNameLink)): Object: 'Object Repository/AdminSuiteBootstrap_Pages/VSP_Bootstrap/View Profile/a_PaymentsPC' is clicked on

2022-05-16 11:54:17 - [MESSAGE][PASSED] - Object: 'Object Repository/AdminSuiteBootstrap_Pages/VSP_Bootstrap/View Profile/a_PaymentsPC' is clicked on

2022-05-16 11:54:17 - [TEST_STEP][PASSED] - click(findTestObject(path_ViewProfile + "a_Debit")): Object: 'Object Repository/AdminSuiteBootstrap_Pages/VSP_Bootstrap/View Profile/a_Debit' is clicked on

2022-05-16 11:54:20 - [MESSAGE][PASSED] - Object: 'Object Repository/AdminSuiteBootstrap_Pages/VSP_Bootstrap/View Profile/a_Debit' is clicked on

2022-05-16 11:54:20 - [TEST_STEP][PASSED] - verifyTextPresent("Remittance ID", true): Text 'Remittance ID' is present on page  using regular expression

2022-05-16 11:54:22 - [MESSAGE][PASSED] - Text 'Remittance ID' is present on page  using regular expression

2022-05-16 11:54:22 - [TEST_STEP][FAILED] - vspBootstrap.ACHDebitPage.setDataACHDebit(row, dataFile): com.kms.katalon.core.exception.StepFailedException: No option matched.

2022-05-16 11:54:54 - [MESSAGE][INFO] - Unable to find the element located by 'By.xpath: id("form1")/div[@class="timeline-post"]/div[@class="row border-bottom"]/div[@class="col-md-6"]/div[@class="post-content"]/div[@class="row"]/div[@class="col-md-6"]/div[@class="form-floating"]/select[@class="form-select form-control"][count(. | //*[@name = 'standardEntryClass']) = count(//*[@name = 'standardEntryClass'])]'. Please recheck the objects properties to make sure the desired element is located. 

2022-05-16 11:54:54 - [MESSAGE][WARNING] - [SELF-HEALING] Failed to find element with id 'Object Repository/AdminSuiteBootstrap_Pages/VSP_Bootstrap/VSP_Debit/select_StdEntryClass'. Try using Self-healing.

2022-05-16 11:54:54 - [MESSAGE][WARNING] - [SELF-HEALING] The current locator of test object 'Object Repository/AdminSuiteBootstrap_Pages/VSP_Bootstrap/VSP_Debit/select_StdEntryClass' was broken. Propose an alternative one: '(.//*[normalize-space(text()) and normalize-space(.)='Account Type'])[1]/following::select[1]'.

2022-05-16 11:54:54 - [MESSAGE][FAILED] - No option matched.

2022-05-16 11:54:55 - [MESSAGE][PASSED] - Text '' is set on object 'Object Repository/AdminSuiteBootstrap_Pages/VSP_Bootstrap/VSP_Debit/input_smsNumber'

2022-05-16 11:54:56 - [MESSAGE][PASSED] - Text '2.50' is set on object 'Object Repository/AdminSuiteBootstrap_Pages/VSP_Bootstrap/VSP_Debit/input_amount'

2022-05-16 11:54:56 - [MESSAGE][PASSED] - Text 'Delhi' is set on object 'Object Repository/AdminSuiteBootstrap_Pages/VSP_Bootstrap/VSP_Debit/input_userDefined1'

2022-05-16 11:54:57 - [MESSAGE][PASSED] - Text 'Chennai' is set on object 'Object Repository/AdminSuiteBootstrap_Pages/VSP_Bootstrap/VSP_Debit/input_userDefined2'

2022-05-16 11:54:58 - [MESSAGE][PASSED] - Text 'Mumbai' is set on object 'Object Repository/AdminSuiteBootstrap_Pages/VSP_Bootstrap/VSP_Debit/input_userDefined3'

2022-05-16 11:54:58 - [MESSAGE][PASSED] - Text 'Kanpur' is set on object 'Object Repository/AdminSuiteBootstrap_Pages/VSP_Bootstrap/VSP_Debit/input_userDefined4'

2022-05-16 11:54:59 - [MESSAGE][PASSED] - All options with label 'Orange' are selected in object 'Object Repository/AdminSuiteBootstrap_Pages/VSP_Bootstrap/VSP_Debit/select_UDF5'  using regular expression

2022-05-16 11:55:00 - [MESSAGE][PASSED] - All options with label 'Yellow' are selected in object 'Object Repository/AdminSuiteBootstrap_Pages/VSP_Bootstrap/VSP_Debit/select_UDF6'  using regular expression

2022-05-16 11:55:01 - [MESSAGE][PASSED] - Text 'Kolkata' is set on object 'Object Repository/AdminSuiteBootstrap_Pages/VSP_Bootstrap/VSP_Debit/input_userDefined7'

2022-05-16 11:55:02 - [MESSAGE][PASSED] - Text 'Pune' is set on object 'Object Repository/AdminSuiteBootstrap_Pages/VSP_Bootstrap/VSP_Debit/input_userDefined8'

2022-05-16 11:55:02 - [MESSAGE][PASSED] - Text 'Bhavnagar' is set on object 'Object Repository/AdminSuiteBootstrap_Pages/VSP_Bootstrap/VSP_Debit/input_userDefined9'

2022-05-16 11:55:03 - [MESSAGE][PASSED] - Text 'Noida' is set on object 'Object Repository/AdminSuiteBootstrap_Pages/VSP_Bootstrap/VSP_Debit/input_userDefined10'

2022-05-16 11:55:06 - [MESSAGE][PASSED] - Object: 'Object Repository/AdminSuiteBootstrap_Pages/VSP_Bootstrap/VSP_Debit/button_Submit' is clicked on

2022-05-16 11:55:06 - [MESSAGE][FAILED] - com.kms.katalon.core.exception.StepFailedException: No option matched.

2022-05-16 11:55:06 - [TEST_STEP][PASSED] - verifyTextPresent("Transaction Successful", true): Text 'Transaction Successful' is present on page  using regular expression

2022-05-16 11:55:07 - [MESSAGE][PASSED] - Text 'Transaction Successful' is present on page  using regular expression

2022-05-16 11:55:07 - [TEST_STEP][PASSED] - verifyElementVisible(findTestObject("Object Repository/AdminSuiteBootstrap_Pages/VT_Bootstrap/Receipt/button_Continue")): Object 'Object Repository/AdminSuiteBootstrap_Pages/VT_Bootstrap/Receipt/button_Continue' is visible

2022-05-16 11:55:07 - [MESSAGE][PASSED] - Object 'Object Repository/AdminSuiteBootstrap_Pages/VT_Bootstrap/Receipt/button_Continue' is visible

2022-05-16 11:55:07 - [TEST_STEP][PASSED] - verifyElementPresent(findTestObject("Object Repository/AdminSuiteBootstrap_Pages/VT_Bootstrap/Receipt/button_Continue"), 20): Object 'Object Repository/AdminSuiteBootstrap_Pages/VT_Bootstrap/Receipt/button_Continue' is present

2022-05-16 11:55:07 - [MESSAGE][PASSED] - Object 'Object Repository/AdminSuiteBootstrap_Pages/VT_Bootstrap/Receipt/button_Continue' is present

2022-05-16 11:55:07 - [TEST_STEP][PASSED] - verifyElementVisible(findTestObject("Object Repository/AdminSuiteBootstrap_Pages/VT_Bootstrap/Receipt/button_Print")): Object 'Object Repository/AdminSuiteBootstrap_Pages/VT_Bootstrap/Receipt/button_Print' is visible

2022-05-16 11:55:08 - [MESSAGE][PASSED] - Object 'Object Repository/AdminSuiteBootstrap_Pages/VT_Bootstrap/Receipt/button_Print' is visible

2022-05-16 11:55:08 - [TEST_STEP][PASSED] - verifyElementPresent(findTestObject("Object Repository/AdminSuiteBootstrap_Pages/VT_Bootstrap/Receipt/button_Print"), 20): Object 'Object Repository/AdminSuiteBootstrap_Pages/VT_Bootstrap/Receipt/button_Print' is present

2022-05-16 11:55:08 - [MESSAGE][PASSED] - Object 'Object Repository/AdminSuiteBootstrap_Pages/VT_Bootstrap/Receipt/button_Print' is present

2022-05-16 11:55:08 - [TEST_STEP][PASSED] - verifyTextPresent("Remittance ID", true): Text 'Remittance ID' is present on page  using regular expression

2022-05-16 11:55:08 - [MESSAGE][PASSED] - Text 'Remittance ID' is present on page  using regular expression

2022-05-16 11:55:08 - [TEST_STEP][PASSED] - verifyTextPresent("Received", true): Text 'Received' is present on page  using regular expression

2022-05-16 11:55:09 - [MESSAGE][PASSED] - Text 'Received' is present on page  using regular expression

2022-05-16 11:55:09 - [TEST_STEP][PASSED] - verifyTextPresent("UDF1", true): Text 'UDF1' is present on page  using regular expression

2022-05-16 11:55:09 - [MESSAGE][PASSED] - Text 'UDF1' is present on page  using regular expression

2022-05-16 11:55:09 - [TEST_STEP][PASSED] - verifyTextPresent("UDF2", true): Text 'UDF2' is present on page  using regular expression

2022-05-16 11:55:09 - [MESSAGE][PASSED] - Text 'UDF2' is present on page  using regular expression

2022-05-16 11:55:09 - [TEST_STEP][PASSED] - verifyTextPresent("UDF3", true): Text 'UDF3' is present on page  using regular expression

2022-05-16 11:55:10 - [MESSAGE][PASSED] - Text 'UDF3' is present on page  using regular expression

2022-05-16 11:55:10 - [TEST_STEP][PASSED] - verifyTextPresent("UDF4", true): Text 'UDF4' is present on page  using regular expression

2022-05-16 11:55:10 - [MESSAGE][PASSED] - Text 'UDF4' is present on page  using regular expression

2022-05-16 11:55:10 - [TEST_STEP][PASSED] - verifyTextPresent("UDF5", true): Text 'UDF5' is present on page  using regular expression

2022-05-16 11:55:10 - [MESSAGE][PASSED] - Text 'UDF5' is present on page  using regular expression

2022-05-16 11:55:10 - [TEST_STEP][PASSED] - verifyTextPresent("UDF6", true): Text 'UDF6' is present on page  using regular expression

2022-05-16 11:55:11 - [MESSAGE][PASSED] - Text 'UDF6' is present on page  using regular expression

2022-05-16 11:55:11 - [TEST_STEP][PASSED] - verifyTextPresent("UDF7", true): Text 'UDF7' is present on page  using regular expression

2022-05-16 11:55:11 - [MESSAGE][PASSED] - Text 'UDF7' is present on page  using regular expression

2022-05-16 11:55:11 - [TEST_STEP][PASSED] - verifyTextPresent("UDF8", true): Text 'UDF8' is present on page  using regular expression

2022-05-16 11:55:11 - [MESSAGE][PASSED] - Text 'UDF8' is present on page  using regular expression

2022-05-16 11:55:11 - [TEST_STEP][PASSED] - verifyTextPresent("UDF9", true): Text 'UDF9' is present on page  using regular expression

2022-05-16 11:55:12 - [MESSAGE][PASSED] - Text 'UDF9' is present on page  using regular expression

2022-05-16 11:55:12 - [TEST_STEP][PASSED] - verifyTextPresent("UDF 10", true): Text 'UDF 10' is present on page  using regular expression

2022-05-16 11:55:12 - [MESSAGE][PASSED] - Text 'UDF 10' is present on page  using regular expression

2022-05-16 11:55:12 - [TEST_STEP][PASSED] - verifyTextPresent("Delhi", true): Text 'Delhi' is present on page  using regular expression

2022-05-16 11:55:12 - [MESSAGE][PASSED] - Text 'Delhi' is present on page  using regular expression

2022-05-16 11:55:12 - [TEST_STEP][PASSED] - verifyTextPresent("Chennai", true): Text 'Chennai' is present on page  using regular expression

2022-05-16 11:55:13 - [MESSAGE][PASSED] - Text 'Chennai' is present on page  using regular expression

2022-05-16 11:55:13 - [TEST_STEP][PASSED] - verifyTextPresent("Mumbai", true): Text 'Mumbai' is present on page  using regular expression

2022-05-16 11:55:13 - [MESSAGE][PASSED] - Text 'Mumbai' is present on page  using regular expression

2022-05-16 11:55:13 - [TEST_STEP][PASSED] - verifyTextPresent("Kanpur", true): Text 'Kanpur' is present on page  using regular expression

2022-05-16 11:55:13 - [MESSAGE][PASSED] - Text 'Kanpur' is present on page  using regular expression

2022-05-16 11:55:13 - [TEST_STEP][PASSED] - verifyTextPresent("Orange Recorded", true): Text 'Orange Recorded' is present on page  using regular expression

2022-05-16 11:55:14 - [MESSAGE][PASSED] - Text 'Orange Recorded' is present on page  using regular expression

2022-05-16 11:55:14 - [TEST_STEP][PASSED] - verifyTextPresent("Yellow Recorded", true): Text 'Yellow Recorded' is present on page  using regular expression

2022-05-16 11:55:14 - [MESSAGE][PASSED] - Text 'Yellow Recorded' is present on page  using regular expression

2022-05-16 11:55:14 - [TEST_STEP][PASSED] - verifyTextPresent("Kolkata", true): Text 'Kolkata' is present on page  using regular expression

2022-05-16 11:55:14 - [MESSAGE][PASSED] - Text 'Kolkata' is present on page  using regular expression

2022-05-16 11:55:14 - [TEST_STEP][PASSED] - verifyTextPresent("Pune", true): Text 'Pune' is present on page  using regular expression

2022-05-16 11:55:15 - [MESSAGE][PASSED] - Text 'Pune' is present on page  using regular expression

2022-05-16 11:55:15 - [TEST_STEP][PASSED] - verifyTextPresent("Bhavnagar", true): Text 'Bhavnagar' is present on page  using regular expression

2022-05-16 11:55:15 - [MESSAGE][PASSED] - Text 'Bhavnagar' is present on page  using regular expression

2022-05-16 11:55:15 - [TEST_STEP][PASSED] - verifyTextPresent("Noida", true): Text 'Noida' is present on page  using regular expression

2022-05-16 11:55:16 - [MESSAGE][PASSED] - Text 'Noida' is present on page  using regular expression

2022-05-16 11:55:16 - [TEST_STEP][PASSED] - verifyTextPresent("Amount", true): Text 'Amount' is present on page  using regular expression

2022-05-16 11:55:16 - [MESSAGE][PASSED] - Text 'Amount' is present on page  using regular expression

2022-05-16 11:55:16 - [TEST_STEP][PASSED] - verifyTextPresent("2.50", true): Text '2.50' is present on page  using regular expression

2022-05-16 11:55:16 - [MESSAGE][PASSED] - Text '2.50' is present on page  using regular expression

2022-05-16 11:55:16 - [TEST_STEP][PASSED] - verifyTextPresent("Transaction Type", true): Text 'Transaction Type' is present on page  using regular expression

2022-05-16 11:55:17 - [MESSAGE][PASSED] - Text 'Transaction Type' is present on page  using regular expression

2022-05-16 11:55:17 - [TEST_STEP][PASSED] - verifyTextPresent("Debit", true): Text 'Debit' is present on page  using regular expression

2022-05-16 11:55:17 - [MESSAGE][PASSED] - Text 'Debit' is present on page  using regular expression

2022-05-16 11:55:17 - [TEST_STEP][PASSED] - verifyTextPresent("Check Information", true): Text 'Check Information' is present on page  using regular expression

2022-05-16 11:55:17 - [MESSAGE][PASSED] - Text 'Check Information' is present on page  using regular expression

2022-05-16 11:55:17 - [TEST_STEP][PASSED] - verifyTextPresent("Account Type", true): Text 'Account Type' is present on page  using regular expression

2022-05-16 11:55:18 - [MESSAGE][PASSED] - Text 'Account Type' is present on page  using regular expression

2022-05-16 11:55:18 - [TEST_STEP][PASSED] - verifyTextPresent("Account Number", true): Text 'Account Number' is present on page  using regular expression

2022-05-16 11:55:18 - [MESSAGE][PASSED] - Text 'Account Number' is present on page  using regular expression

2022-05-16 11:55:18 - [TEST_STEP][PASSED] - verifyTextPresent("Routing Number", true): Text 'Routing Number' is present on page  using regular expression

2022-05-16 11:55:18 - [MESSAGE][PASSED] - Text 'Routing Number' is present on page  using regular expression

2022-05-16 11:55:18 - [TEST_STEP][PASSED] - verifyTextPresent("Address Line 1", true): Text 'Address Line 1' is present on page  using regular expression

2022-05-16 11:55:19 - [MESSAGE][PASSED] - Text 'Address Line 1' is present on page  using regular expression

2022-05-16 11:55:19 - [TEST_STEP][PASSED] - verifyTextPresent("Address Line 2", true): Text 'Address Line 2' is present on page  using regular expression

2022-05-16 11:55:19 - [MESSAGE][PASSED] - Text 'Address Line 2' is present on page  using regular expression

2022-05-16 11:55:19 - [TEST_STEP][PASSED] - verifyTextPresent("Country", true): Text 'Country' is present on page  using regular expression

2022-05-16 11:55:19 - [MESSAGE][PASSED] - Text 'Country' is present on page  using regular expression

2022-05-16 11:55:19 - [TEST_STEP][PASSED] - verifyTextPresent("City", true): Text 'City' is present on page  using regular expression

2022-05-16 11:55:20 - [MESSAGE][PASSED] - Text 'City' is present on page  using regular expression

2022-05-16 11:55:20 - [TEST_STEP][PASSED] - verifyTextPresent("State", true): Text 'State' is present on page  using regular expression

2022-05-16 11:55:20 - [MESSAGE][PASSED] - Text 'State' is present on page  using regular expression

2022-05-16 11:55:20 - [TEST_STEP][PASSED] - verifyTextPresent("ZIP Code", true): Text 'ZIP Code' is present on page  using regular expression

2022-05-16 11:55:20 - [MESSAGE][PASSED] - Text 'ZIP Code' is present on page  using regular expression

2022-05-16 11:55:20 - [TEST_STEP][PASSED] - verifyTextPresent("248 PhoolKaante road", true): Text '248 PhoolKaante road' is present on page  using regular expression

2022-05-16 11:55:21 - [MESSAGE][PASSED] - Text '248 PhoolKaante road' is present on page  using regular expression

2022-05-16 11:55:21 - [TEST_STEP][PASSED] - verifyTextPresent("Suite 678", true): Text 'Suite 678' is present on page  using regular expression

2022-05-16 11:55:21 - [MESSAGE][PASSED] - Text 'Suite 678' is present on page  using regular expression

2022-05-16 11:55:21 - [TEST_STEP][PASSED] - verifyTextPresent("United States", true): Text 'United States' is present on page  using regular expression

2022-05-16 11:55:21 - [MESSAGE][PASSED] - Text 'United States' is present on page  using regular expression

2022-05-16 11:55:21 - [TEST_STEP][PASSED] - verifyTextPresent("ARLINGTON", true): Text 'ARLINGTON' is present on page  using regular expression

2022-05-16 11:55:22 - [MESSAGE][PASSED] - Text 'ARLINGTON' is present on page  using regular expression

2022-05-16 11:55:22 - [TEST_STEP][PASSED] - verifyTextPresent("Virginia", true): Text 'Virginia' is present on page  using regular expression

2022-05-16 11:55:22 - [MESSAGE][PASSED] - Text 'Virginia' is present on page  using regular expression

2022-05-16 11:55:22 - [TEST_STEP][PASSED] - verifyTextPresent("22201", true): Text '22201' is present on page  using regular expression

2022-05-16 11:55:22 - [MESSAGE][PASSED] - Text '22201' is present on page  using regular expression

2022-05-16 11:55:22 - [TEST_STEP][PASSED] - tranType = findTestData(dataFile).getValue("TranType", row): null

2022-05-16 11:55:22 - [TEST_STEP][PASSED] - last4V = findTestData(dataFile).getValue("Last4", row): null

2022-05-16 11:55:22 - [TEST_STEP][PASSED] - verifyTextPresent(tranType, true): Text 'Checking' is present on page  using regular expression

2022-05-16 11:55:23 - [MESSAGE][PASSED] - Text 'Checking' is present on page  using regular expression

2022-05-16 11:55:23 - [TEST_STEP][PASSED] - verifyTextPresent(last4V, true): Text '2222' is present on page  using regular expression

2022-05-16 11:55:23 - [MESSAGE][PASSED] - Text '2222' is present on page  using regular expression

2022-05-16 11:55:23 - [TEST_STEP][PASSED] - if (profNameLink.equalsIgnoreCase("a_PaymentsPC")): Text 'TANDON RAVENA' is present on page  using regular expression

2022-05-16 11:55:23 - [TEST_STEP][PASSED] - verifyTextPresent("Name on Account", true): Text 'Name on Account' is present on page  using regular expression

2022-05-16 11:55:24 - [MESSAGE][PASSED] - Text 'Name on Account' is present on page  using regular expression

2022-05-16 11:55:24 - [TEST_STEP][PASSED] - verifyTextPresent("TANDON RAVENA", true): Text 'TANDON RAVENA' is present on page  using regular expression

2022-05-16 11:55:24 - [MESSAGE][PASSED] - Text 'TANDON RAVENA' is present on page  using regular expression

2022-05-16 11:55:24 - [TEST_STEP][PASSED] - if (profNameLink.equalsIgnoreCase("a_PaymentsPS")): null

2022-05-16 11:55:24 - [TEST_STEP][PASSED] - if (profNameLink.equalsIgnoreCase("a_PaymentsCorp")): null

2022-05-16 11:55:24 - [TEST_STEP][PASSED] - switch (appName): null

2022-05-16 11:55:24 - [TEST_STEP][PASSED] - closeBrowser(): Browser is closed

2022-05-16 11:55:25 - [MESSAGE][PASSED] - Browser is closed

2022-05-16 11:55:25 - [TEST_STEP][PASSED] - ExecuteTC = findTestData(dataFile).getValue("Execute", row): null

2022-05-16 11:55:25 - [TEST_STEP][PASSED] - out.println("Value of Execute is : " + ExecuteTC): null

2022-05-16 11:55:25 - [TEST_STEP][PASSED] - switch (executionProfile): null

2022-05-16 11:55:25 - [TEST_STEP][PASSED] - case "DemoProfile":: null

2022-05-16 11:55:25 - [TEST_STEP][PASSED] - appName = findTestData(dataFile).getValue("AppNameDemo", row): null

2022-05-16 11:55:25 - [TEST_STEP][PASSED] - appID = findTestData(dataFile).getValue("AppIDDemo", row): null

2022-05-16 11:55:25 - [TEST_STEP][PASSED] - break: null

2022-05-16 11:55:25 - [TEST_STEP][FAILED] - if (ExecuteTC.equalsIgnoreCase("Y")): null

2022-05-16 11:55:25 - [TEST_STEP][PASSED] - out.println("Begin Record Number: " + row): null

2022-05-16 11:55:25 - [TEST_STEP][PASSED] - today = new java.util.Date(): null

2022-05-16 11:55:25 - [TEST_STEP][PASSED] - println(today): null

2022-05-16 11:55:25 - [TEST_STEP][PASSED] - datText = today: null

2022-05-16 11:55:25 - [TEST_STEP][PASSED] - adminSuiteBootstrap.loginFunctionality.login_AdminSuite(): adminSuiteBootstrap.loginFunctionality.login_AdminSuite is PASSED

2022-05-16 11:55:25 - [MESSAGE][INFO] - Starting 'Chrome' driver

2022-05-16 11:55:25 - [MESSAGE][INFO] - User set preference: ['acceptInsecureCerts', 'true']

2022-05-16 11:55:25 - [MESSAGE][INFO] - Action delay is set to 0 milliseconds

2022-05-16 11:55:28 - [MESSAGE][PASSED] - Browser is opened with url: 'https://demo.velocitypayment.com/admin/imtiazdemo'

2022-05-16 11:55:28 - [MESSAGE][PASSED] - Current window maximized

2022-05-16 11:55:28 - [MESSAGE][PASSED] - Object 'Object Repository/Login_Page/Login_Username' is present

2022-05-16 11:55:29 - [MESSAGE][PASSED] - Text 'iahmed' is set on object 'Object Repository/Login_Page/Login_Username'

2022-05-16 11:55:29 - [MESSAGE][PASSED] - Text 'hello2222' is set on object 'Object Repository/Login_Page/Login_Password'

2022-05-16 11:55:33 - [MESSAGE][PASSED] - Object: 'Object Repository/Login_Page/Login_Submit' is clicked on

2022-05-16 11:55:33 - [MESSAGE][PASSED] - adminSuiteBootstrap.loginFunctionality.login_AdminSuite is PASSED

2022-05-16 11:55:33 - [TEST_STEP][PASSED] - click(findTestObject(path_Dashboard + appName)): Object: 'Object Repository/AdminSuiteBootstrap_Pages/Dashboard_Bootstrap/a_Access AutoNoCFtpDemo' is clicked on

2022-05-16 11:55:37 - [MESSAGE][PASSED] - Object: 'Object Repository/AdminSuiteBootstrap_Pages/Dashboard_Bootstrap/a_Access AutoNoCFtpDemo' is clicked on

2022-05-16 11:55:37 - [TEST_STEP][PASSED] - click(findTestObject(path_VT + "a_Find Profile")): Object: 'Object Repository/AdminSuiteBootstrap_Pages/VT_Bootstrap/IssueTransactions/a_Find Profile' is clicked on

2022-05-16 11:55:37 - [MESSAGE][PASSED] - Object: 'Object Repository/AdminSuiteBootstrap_Pages/VT_Bootstrap/IssueTransactions/a_Find Profile' is clicked on

2022-05-16 11:55:37 - [TEST_STEP][PASSED] - criteria = <not implemented yet for class: org.codehaus.groovy.ast.expr.EmptyExpression>: null

2022-05-16 11:55:37 - [TEST_STEP][PASSED] - searchBy = <not implemented yet for class: org.codehaus.groovy.ast.expr.EmptyExpression>: null

2022-05-16 11:55:37 - [TEST_STEP][PASSED] - criteria = findTestData(dataFile).getValue("ProfileName", row): null

2022-05-16 11:55:37 - [TEST_STEP][PASSED] - path_SearchProfile = "Object Repository/AdminSuiteBootstrap_Pages/VSP_Bootstrap/SearchProfile/": null

2022-05-16 11:55:37 - [TEST_STEP][PASSED] - setText(findTestObject(path_SearchProfile + "input_Criteria"), criteria): Text 'PaymentsPS' is set on object 'Object Repository/AdminSuiteBootstrap_Pages/VSP_Bootstrap/SearchProfile/input_Criteria'

2022-05-16 11:55:38 - [MESSAGE][PASSED] - Text 'PaymentsPS' is set on object 'Object Repository/AdminSuiteBootstrap_Pages/VSP_Bootstrap/SearchProfile/input_Criteria'

2022-05-16 11:55:38 - [TEST_STEP][PASSED] - click(findTestObject(path_SearchProfile + "button_Search")): Object: 'Object Repository/AdminSuiteBootstrap_Pages/VSP_Bootstrap/SearchProfile/button_Search' is clicked on

2022-05-16 11:55:41 - [MESSAGE][PASSED] - Object: 'Object Repository/AdminSuiteBootstrap_Pages/VSP_Bootstrap/SearchProfile/button_Search' is clicked on

2022-05-16 11:55:41 - [TEST_STEP][PASSED] - profNameLink = findTestData(dataFile).getValue("ProfileNameLink", row): null

2022-05-16 11:55:41 - [TEST_STEP][PASSED] - click(findTestObject(path_ViewProfile + profNameLink)): Object: 'Object Repository/AdminSuiteBootstrap_Pages/VSP_Bootstrap/View Profile/a_PaymentsPS' is clicked on

2022-05-16 11:55:45 - [MESSAGE][PASSED] - Object: 'Object Repository/AdminSuiteBootstrap_Pages/VSP_Bootstrap/View Profile/a_PaymentsPS' is clicked on

2022-05-16 11:55:45 - [TEST_STEP][PASSED] - click(findTestObject(path_ViewProfile + "a_Debit")): Object: 'Object Repository/AdminSuiteBootstrap_Pages/VSP_Bootstrap/View Profile/a_Debit' is clicked on

2022-05-16 11:55:49 - [MESSAGE][PASSED] - Object: 'Object Repository/AdminSuiteBootstrap_Pages/VSP_Bootstrap/View Profile/a_Debit' is clicked on

2022-05-16 11:55:49 - [TEST_STEP][PASSED] - verifyTextPresent("Remittance ID", true): Text 'Remittance ID' is present on page  using regular expression

2022-05-16 11:55:52 - [MESSAGE][PASSED] - Text 'Remittance ID' is present on page  using regular expression

2022-05-16 11:55:52 - [TEST_STEP][FAILED] - vspBootstrap.ACHDebitPage.setDataACHDebit(row, dataFile): com.kms.katalon.core.exception.StepFailedException: No option matched.

2022-05-16 11:56:24 - [MESSAGE][INFO] - Unable to find the element located by 'By.xpath: id("form1")/div[@class="timeline-post"]/div[@class="row border-bottom"]/div[@class="col-md-6"]/div[@class="post-content"]/div[@class="row"]/div[@class="col-md-6"]/div[@class="form-floating"]/select[@class="form-select form-control"][count(. | //*[@name = 'standardEntryClass']) = count(//*[@name = 'standardEntryClass'])]'. Please recheck the objects properties to make sure the desired element is located. 

2022-05-16 11:56:24 - [MESSAGE][WARNING] - [SELF-HEALING] Failed to find element with id 'Object Repository/AdminSuiteBootstrap_Pages/VSP_Bootstrap/VSP_Debit/select_StdEntryClass'. Try using Self-healing.

2022-05-16 11:56:24 - [MESSAGE][WARNING] - [SELF-HEALING] The current locator of test object 'Object Repository/AdminSuiteBootstrap_Pages/VSP_Bootstrap/VSP_Debit/select_StdEntryClass' was broken. Propose an alternative one: '(.//*[normalize-space(text()) and normalize-space(.)='Account Type'])[1]/following::select[1]'.

2022-05-16 11:56:24 - [MESSAGE][FAILED] - No option matched.

2022-05-16 11:56:25 - [MESSAGE][PASSED] - Text '' is set on object 'Object Repository/AdminSuiteBootstrap_Pages/VSP_Bootstrap/VSP_Debit/input_smsNumber'

2022-05-16 11:56:26 - [MESSAGE][PASSED] - Text '2.50' is set on object 'Object Repository/AdminSuiteBootstrap_Pages/VSP_Bootstrap/VSP_Debit/input_amount'

2022-05-16 11:56:27 - [MESSAGE][PASSED] - Text 'Delhi' is set on object 'Object Repository/AdminSuiteBootstrap_Pages/VSP_Bootstrap/VSP_Debit/input_userDefined1'

2022-05-16 11:56:27 - [MESSAGE][PASSED] - Text 'Chennai' is set on object 'Object Repository/AdminSuiteBootstrap_Pages/VSP_Bootstrap/VSP_Debit/input_userDefined2'

2022-05-16 11:56:28 - [MESSAGE][PASSED] - Text 'Mumbai' is set on object 'Object Repository/AdminSuiteBootstrap_Pages/VSP_Bootstrap/VSP_Debit/input_userDefined3'

2022-05-16 11:56:29 - [MESSAGE][PASSED] - Text 'Kanpur' is set on object 'Object Repository/AdminSuiteBootstrap_Pages/VSP_Bootstrap/VSP_Debit/input_userDefined4'

2022-05-16 11:56:30 - [MESSAGE][PASSED] - All options with label 'Orange' are selected in object 'Object Repository/AdminSuiteBootstrap_Pages/VSP_Bootstrap/VSP_Debit/select_UDF5'  using regular expression

2022-05-16 11:56:31 - [MESSAGE][PASSED] - All options with label 'Yellow' are selected in object 'Object Repository/AdminSuiteBootstrap_Pages/VSP_Bootstrap/VSP_Debit/select_UDF6'  using regular expression

2022-05-16 11:56:31 - [MESSAGE][PASSED] - Text 'Kolkata' is set on object 'Object Repository/AdminSuiteBootstrap_Pages/VSP_Bootstrap/VSP_Debit/input_userDefined7'

2022-05-16 11:56:32 - [MESSAGE][PASSED] - Text 'Pune' is set on object 'Object Repository/AdminSuiteBootstrap_Pages/VSP_Bootstrap/VSP_Debit/input_userDefined8'

2022-05-16 11:56:33 - [MESSAGE][PASSED] - Text 'Bhavnagar' is set on object 'Object Repository/AdminSuiteBootstrap_Pages/VSP_Bootstrap/VSP_Debit/input_userDefined9'

2022-05-16 11:56:33 - [MESSAGE][PASSED] - Text 'Noida' is set on object 'Object Repository/AdminSuiteBootstrap_Pages/VSP_Bootstrap/VSP_Debit/input_userDefined10'

2022-05-16 11:56:37 - [MESSAGE][PASSED] - Object: 'Object Repository/AdminSuiteBootstrap_Pages/VSP_Bootstrap/VSP_Debit/button_Submit' is clicked on

2022-05-16 11:56:37 - [MESSAGE][FAILED] - com.kms.katalon.core.exception.StepFailedException: No option matched.

2022-05-16 11:56:37 - [TEST_STEP][PASSED] - verifyTextPresent("Transaction Successful", true): Text 'Transaction Successful' is present on page  using regular expression

2022-05-16 11:56:38 - [MESSAGE][PASSED] - Text 'Transaction Successful' is present on page  using regular expression

2022-05-16 11:56:38 - [TEST_STEP][PASSED] - verifyElementVisible(findTestObject("Object Repository/AdminSuiteBootstrap_Pages/VT_Bootstrap/Receipt/button_Continue")): Object 'Object Repository/AdminSuiteBootstrap_Pages/VT_Bootstrap/Receipt/button_Continue' is visible

2022-05-16 11:56:38 - [MESSAGE][PASSED] - Object 'Object Repository/AdminSuiteBootstrap_Pages/VT_Bootstrap/Receipt/button_Continue' is visible

2022-05-16 11:56:38 - [TEST_STEP][PASSED] - verifyElementPresent(findTestObject("Object Repository/AdminSuiteBootstrap_Pages/VT_Bootstrap/Receipt/button_Continue"), 20): Object 'Object Repository/AdminSuiteBootstrap_Pages/VT_Bootstrap/Receipt/button_Continue' is present

2022-05-16 11:56:38 - [MESSAGE][PASSED] - Object 'Object Repository/AdminSuiteBootstrap_Pages/VT_Bootstrap/Receipt/button_Continue' is present

2022-05-16 11:56:38 - [TEST_STEP][PASSED] - verifyElementVisible(findTestObject("Object Repository/AdminSuiteBootstrap_Pages/VT_Bootstrap/Receipt/button_Print")): Object 'Object Repository/AdminSuiteBootstrap_Pages/VT_Bootstrap/Receipt/button_Print' is visible

2022-05-16 11:56:39 - [MESSAGE][PASSED] - Object 'Object Repository/AdminSuiteBootstrap_Pages/VT_Bootstrap/Receipt/button_Print' is visible

2022-05-16 11:56:39 - [TEST_STEP][PASSED] - verifyElementPresent(findTestObject("Object Repository/AdminSuiteBootstrap_Pages/VT_Bootstrap/Receipt/button_Print"), 20): Object 'Object Repository/AdminSuiteBootstrap_Pages/VT_Bootstrap/Receipt/button_Print' is present

2022-05-16 11:56:39 - [MESSAGE][PASSED] - Object 'Object Repository/AdminSuiteBootstrap_Pages/VT_Bootstrap/Receipt/button_Print' is present

2022-05-16 11:56:39 - [TEST_STEP][PASSED] - verifyTextPresent("Remittance ID", true): Text 'Remittance ID' is present on page  using regular expression

2022-05-16 11:56:39 - [MESSAGE][PASSED] - Text 'Remittance ID' is present on page  using regular expression

2022-05-16 11:56:39 - [TEST_STEP][PASSED] - verifyTextPresent("Received", true): Text 'Received' is present on page  using regular expression

2022-05-16 11:56:40 - [MESSAGE][PASSED] - Text 'Received' is present on page  using regular expression

2022-05-16 11:56:40 - [TEST_STEP][PASSED] - verifyTextPresent("UDF1", true): Text 'UDF1' is present on page  using regular expression

2022-05-16 11:56:40 - [MESSAGE][PASSED] - Text 'UDF1' is present on page  using regular expression

2022-05-16 11:56:40 - [TEST_STEP][PASSED] - verifyTextPresent("UDF2", true): Text 'UDF2' is present on page  using regular expression

2022-05-16 11:56:40 - [MESSAGE][PASSED] - Text 'UDF2' is present on page  using regular expression

2022-05-16 11:56:40 - [TEST_STEP][PASSED] - verifyTextPresent("UDF3", true): Text 'UDF3' is present on page  using regular expression

2022-05-16 11:56:41 - [MESSAGE][PASSED] - Text 'UDF3' is present on page  using regular expression

2022-05-16 11:56:41 - [TEST_STEP][PASSED] - verifyTextPresent("UDF4", true): Text 'UDF4' is present on page  using regular expression

2022-05-16 11:56:41 - [MESSAGE][PASSED] - Text 'UDF4' is present on page  using regular expression

2022-05-16 11:56:41 - [TEST_STEP][PASSED] - verifyTextPresent("UDF5", true): Text 'UDF5' is present on page  using regular expression

2022-05-16 11:56:41 - [MESSAGE][PASSED] - Text 'UDF5' is present on page  using regular expression

2022-05-16 11:56:41 - [TEST_STEP][PASSED] - verifyTextPresent("UDF6", true): Text 'UDF6' is present on page  using regular expression

2022-05-16 11:56:42 - [MESSAGE][PASSED] - Text 'UDF6' is present on page  using regular expression

2022-05-16 11:56:42 - [TEST_STEP][PASSED] - verifyTextPresent("UDF7", true): Text 'UDF7' is present on page  using regular expression

2022-05-16 11:56:42 - [MESSAGE][PASSED] - Text 'UDF7' is present on page  using regular expression

2022-05-16 11:56:42 - [TEST_STEP][PASSED] - verifyTextPresent("UDF8", true): Text 'UDF8' is present on page  using regular expression

2022-05-16 11:56:42 - [MESSAGE][PASSED] - Text 'UDF8' is present on page  using regular expression

2022-05-16 11:56:42 - [TEST_STEP][PASSED] - verifyTextPresent("UDF9", true): Text 'UDF9' is present on page  using regular expression

2022-05-16 11:56:43 - [MESSAGE][PASSED] - Text 'UDF9' is present on page  using regular expression

2022-05-16 11:56:43 - [TEST_STEP][PASSED] - verifyTextPresent("UDF 10", true): Text 'UDF 10' is present on page  using regular expression

2022-05-16 11:56:43 - [MESSAGE][PASSED] - Text 'UDF 10' is present on page  using regular expression

2022-05-16 11:56:43 - [TEST_STEP][PASSED] - verifyTextPresent("Delhi", true): Text 'Delhi' is present on page  using regular expression

2022-05-16 11:56:43 - [MESSAGE][PASSED] - Text 'Delhi' is present on page  using regular expression

2022-05-16 11:56:43 - [TEST_STEP][PASSED] - verifyTextPresent("Chennai", true): Text 'Chennai' is present on page  using regular expression

2022-05-16 11:56:44 - [MESSAGE][PASSED] - Text 'Chennai' is present on page  using regular expression

2022-05-16 11:56:44 - [TEST_STEP][PASSED] - verifyTextPresent("Mumbai", true): Text 'Mumbai' is present on page  using regular expression

2022-05-16 11:56:44 - [MESSAGE][PASSED] - Text 'Mumbai' is present on page  using regular expression

2022-05-16 11:56:44 - [TEST_STEP][PASSED] - verifyTextPresent("Kanpur", true): Text 'Kanpur' is present on page  using regular expression

2022-05-16 11:56:45 - [MESSAGE][PASSED] - Text 'Kanpur' is present on page  using regular expression

2022-05-16 11:56:45 - [TEST_STEP][PASSED] - verifyTextPresent("Orange Recorded", true): Text 'Orange Recorded' is present on page  using regular expression

2022-05-16 11:56:45 - [MESSAGE][PASSED] - Text 'Orange Recorded' is present on page  using regular expression

2022-05-16 11:56:45 - [TEST_STEP][PASSED] - verifyTextPresent("Yellow Recorded", true): Text 'Yellow Recorded' is present on page  using regular expression

2022-05-16 11:56:45 - [MESSAGE][PASSED] - Text 'Yellow Recorded' is present on page  using regular expression

2022-05-16 11:56:45 - [TEST_STEP][PASSED] - verifyTextPresent("Kolkata", true): Text 'Kolkata' is present on page  using regular expression

2022-05-16 11:56:46 - [MESSAGE][PASSED] - Text 'Kolkata' is present on page  using regular expression

2022-05-16 11:56:46 - [TEST_STEP][PASSED] - verifyTextPresent("Pune", true): Text 'Pune' is present on page  using regular expression

2022-05-16 11:56:46 - [MESSAGE][PASSED] - Text 'Pune' is present on page  using regular expression

2022-05-16 11:56:46 - [TEST_STEP][PASSED] - verifyTextPresent("Bhavnagar", true): Text 'Bhavnagar' is present on page  using regular expression

2022-05-16 11:56:46 - [MESSAGE][PASSED] - Text 'Bhavnagar' is present on page  using regular expression

2022-05-16 11:56:46 - [TEST_STEP][PASSED] - verifyTextPresent("Noida", true): Text 'Noida' is present on page  using regular expression

2022-05-16 11:56:47 - [MESSAGE][PASSED] - Text 'Noida' is present on page  using regular expression

2022-05-16 11:56:47 - [TEST_STEP][PASSED] - verifyTextPresent("Amount", true): Text 'Amount' is present on page  using regular expression

2022-05-16 11:56:47 - [MESSAGE][PASSED] - Text 'Amount' is present on page  using regular expression

2022-05-16 11:56:47 - [TEST_STEP][PASSED] - verifyTextPresent("2.50", true): Text '2.50' is present on page  using regular expression

2022-05-16 11:56:47 - [MESSAGE][PASSED] - Text '2.50' is present on page  using regular expression

2022-05-16 11:56:47 - [TEST_STEP][PASSED] - verifyTextPresent("Transaction Type", true): Text 'Transaction Type' is present on page  using regular expression

2022-05-16 11:56:48 - [MESSAGE][PASSED] - Text 'Transaction Type' is present on page  using regular expression

2022-05-16 11:56:48 - [TEST_STEP][PASSED] - verifyTextPresent("Debit", true): Text 'Debit' is present on page  using regular expression

2022-05-16 11:56:48 - [MESSAGE][PASSED] - Text 'Debit' is present on page  using regular expression

2022-05-16 11:56:48 - [TEST_STEP][PASSED] - verifyTextPresent("Check Information", true): Text 'Check Information' is present on page  using regular expression

2022-05-16 11:56:48 - [MESSAGE][PASSED] - Text 'Check Information' is present on page  using regular expression

2022-05-16 11:56:48 - [TEST_STEP][PASSED] - verifyTextPresent("Account Type", true): Text 'Account Type' is present on page  using regular expression

2022-05-16 11:56:49 - [MESSAGE][PASSED] - Text 'Account Type' is present on page  using regular expression

2022-05-16 11:56:49 - [TEST_STEP][PASSED] - verifyTextPresent("Account Number", true): Text 'Account Number' is present on page  using regular expression

2022-05-16 11:56:49 - [MESSAGE][PASSED] - Text 'Account Number' is present on page  using regular expression

2022-05-16 11:56:49 - [TEST_STEP][PASSED] - verifyTextPresent("Routing Number", true): Text 'Routing Number' is present on page  using regular expression

2022-05-16 11:56:49 - [MESSAGE][PASSED] - Text 'Routing Number' is present on page  using regular expression

2022-05-16 11:56:49 - [TEST_STEP][PASSED] - verifyTextPresent("Address Line 1", true): Text 'Address Line 1' is present on page  using regular expression

2022-05-16 11:56:50 - [MESSAGE][PASSED] - Text 'Address Line 1' is present on page  using regular expression

2022-05-16 11:56:50 - [TEST_STEP][PASSED] - verifyTextPresent("Address Line 2", true): Text 'Address Line 2' is present on page  using regular expression

2022-05-16 11:56:50 - [MESSAGE][PASSED] - Text 'Address Line 2' is present on page  using regular expression

2022-05-16 11:56:50 - [TEST_STEP][PASSED] - verifyTextPresent("Country", true): Text 'Country' is present on page  using regular expression

2022-05-16 11:56:50 - [MESSAGE][PASSED] - Text 'Country' is present on page  using regular expression

2022-05-16 11:56:50 - [TEST_STEP][PASSED] - verifyTextPresent("City", true): Text 'City' is present on page  using regular expression

2022-05-16 11:56:51 - [MESSAGE][PASSED] - Text 'City' is present on page  using regular expression

2022-05-16 11:56:51 - [TEST_STEP][PASSED] - verifyTextPresent("State", true): Text 'State' is present on page  using regular expression

2022-05-16 11:56:51 - [MESSAGE][PASSED] - Text 'State' is present on page  using regular expression

2022-05-16 11:56:51 - [TEST_STEP][PASSED] - verifyTextPresent("ZIP Code", true): Text 'ZIP Code' is present on page  using regular expression

2022-05-16 11:56:51 - [MESSAGE][PASSED] - Text 'ZIP Code' is present on page  using regular expression

2022-05-16 11:56:51 - [TEST_STEP][PASSED] - verifyTextPresent("248 PhoolKaante road", true): Text '248 PhoolKaante road' is present on page  using regular expression

2022-05-16 11:56:52 - [MESSAGE][PASSED] - Text '248 PhoolKaante road' is present on page  using regular expression

2022-05-16 11:56:52 - [TEST_STEP][PASSED] - verifyTextPresent("Suite 678", true): Text 'Suite 678' is present on page  using regular expression

2022-05-16 11:56:52 - [MESSAGE][PASSED] - Text 'Suite 678' is present on page  using regular expression

2022-05-16 11:56:52 - [TEST_STEP][PASSED] - verifyTextPresent("United States", true): Text 'United States' is present on page  using regular expression

2022-05-16 11:56:52 - [MESSAGE][PASSED] - Text 'United States' is present on page  using regular expression

2022-05-16 11:56:52 - [TEST_STEP][PASSED] - verifyTextPresent("ARLINGTON", true): Text 'ARLINGTON' is present on page  using regular expression

2022-05-16 11:56:53 - [MESSAGE][PASSED] - Text 'ARLINGTON' is present on page  using regular expression

2022-05-16 11:56:53 - [TEST_STEP][PASSED] - verifyTextPresent("Virginia", true): Text 'Virginia' is present on page  using regular expression

2022-05-16 11:56:53 - [MESSAGE][PASSED] - Text 'Virginia' is present on page  using regular expression

2022-05-16 11:56:53 - [TEST_STEP][PASSED] - verifyTextPresent("22201", true): Text '22201' is present on page  using regular expression

2022-05-16 11:56:53 - [MESSAGE][PASSED] - Text '22201' is present on page  using regular expression

2022-05-16 11:56:53 - [TEST_STEP][PASSED] - tranType = findTestData(dataFile).getValue("TranType", row): null

2022-05-16 11:56:53 - [TEST_STEP][PASSED] - last4V = findTestData(dataFile).getValue("Last4", row): null

2022-05-16 11:56:53 - [TEST_STEP][PASSED] - verifyTextPresent(tranType, true): Text 'Savings' is present on page  using regular expression

2022-05-16 11:56:54 - [MESSAGE][PASSED] - Text 'Savings' is present on page  using regular expression

2022-05-16 11:56:54 - [TEST_STEP][PASSED] - verifyTextPresent(last4V, true): Text '3333' is present on page  using regular expression

2022-05-16 11:56:54 - [MESSAGE][PASSED] - Text '3333' is present on page  using regular expression

2022-05-16 11:56:54 - [TEST_STEP][PASSED] - if (profNameLink.equalsIgnoreCase("a_PaymentsPC")): null

2022-05-16 11:56:54 - [TEST_STEP][PASSED] - if (profNameLink.equalsIgnoreCase("a_PaymentsPS")): Text 'TANDON RAVENA' is present on page  using regular expression

2022-05-16 11:56:54 - [TEST_STEP][PASSED] - verifyTextPresent("Name on Account", true): Text 'Name on Account' is present on page  using regular expression

2022-05-16 11:56:54 - [MESSAGE][PASSED] - Text 'Name on Account' is present on page  using regular expression

2022-05-16 11:56:54 - [TEST_STEP][PASSED] - verifyTextPresent("TANDON RAVENA", true): Text 'TANDON RAVENA' is present on page  using regular expression

2022-05-16 11:56:55 - [MESSAGE][PASSED] - Text 'TANDON RAVENA' is present on page  using regular expression

2022-05-16 11:56:55 - [TEST_STEP][PASSED] - if (profNameLink.equalsIgnoreCase("a_PaymentsCorp")): null

2022-05-16 11:56:55 - [TEST_STEP][PASSED] - switch (appName): null

2022-05-16 11:56:55 - [TEST_STEP][PASSED] - closeBrowser(): Browser is closed

2022-05-16 11:56:56 - [MESSAGE][PASSED] - Browser is closed

2022-05-16 11:56:56 - [TEST_STEP][PASSED] - ExecuteTC = findTestData(dataFile).getValue("Execute", row): null

2022-05-16 11:56:56 - [TEST_STEP][PASSED] - out.println("Value of Execute is : " + ExecuteTC): null

2022-05-16 11:56:56 - [TEST_STEP][PASSED] - switch (executionProfile): null

2022-05-16 11:56:56 - [TEST_STEP][PASSED] - case "DemoProfile":: null

2022-05-16 11:56:56 - [TEST_STEP][PASSED] - appName = findTestData(dataFile).getValue("AppNameDemo", row): null

2022-05-16 11:56:56 - [TEST_STEP][PASSED] - appID = findTestData(dataFile).getValue("AppIDDemo", row): null

2022-05-16 11:56:56 - [TEST_STEP][PASSED] - break: null

2022-05-16 11:56:56 - [TEST_STEP][FAILED] - if (ExecuteTC.equalsIgnoreCase("Y")): null

2022-05-16 11:56:56 - [TEST_STEP][PASSED] - out.println("Begin Record Number: " + row): null

2022-05-16 11:56:56 - [TEST_STEP][PASSED] - today = new java.util.Date(): null

2022-05-16 11:56:56 - [TEST_STEP][PASSED] - println(today): null

2022-05-16 11:56:56 - [TEST_STEP][PASSED] - datText = today: null

2022-05-16 11:56:56 - [TEST_STEP][PASSED] - adminSuiteBootstrap.loginFunctionality.login_AdminSuite(): adminSuiteBootstrap.loginFunctionality.login_AdminSuite is PASSED

2022-05-16 11:56:56 - [MESSAGE][INFO] - Starting 'Chrome' driver

2022-05-16 11:56:56 - [MESSAGE][INFO] - User set preference: ['acceptInsecureCerts', 'true']

2022-05-16 11:56:56 - [MESSAGE][INFO] - Action delay is set to 0 milliseconds

2022-05-16 11:56:58 - [MESSAGE][PASSED] - Browser is opened with url: 'https://demo.velocitypayment.com/admin/imtiazdemo'

2022-05-16 11:56:58 - [MESSAGE][PASSED] - Current window maximized

2022-05-16 11:56:59 - [MESSAGE][PASSED] - Object 'Object Repository/Login_Page/Login_Username' is present

2022-05-16 11:56:59 - [MESSAGE][PASSED] - Text 'iahmed' is set on object 'Object Repository/Login_Page/Login_Username'

2022-05-16 11:57:00 - [MESSAGE][PASSED] - Text 'hello2222' is set on object 'Object Repository/Login_Page/Login_Password'

2022-05-16 11:57:04 - [MESSAGE][PASSED] - Object: 'Object Repository/Login_Page/Login_Submit' is clicked on

2022-05-16 11:57:04 - [MESSAGE][PASSED] - adminSuiteBootstrap.loginFunctionality.login_AdminSuite is PASSED

2022-05-16 11:57:04 - [TEST_STEP][PASSED] - click(findTestObject(path_Dashboard + appName)): Object: 'Object Repository/AdminSuiteBootstrap_Pages/Dashboard_Bootstrap/a_Access AutoNoCFtpDemo' is clicked on

2022-05-16 11:57:08 - [MESSAGE][PASSED] - Object: 'Object Repository/AdminSuiteBootstrap_Pages/Dashboard_Bootstrap/a_Access AutoNoCFtpDemo' is clicked on

2022-05-16 11:57:08 - [TEST_STEP][PASSED] - click(findTestObject(path_VT + "a_Find Profile")): Object: 'Object Repository/AdminSuiteBootstrap_Pages/VT_Bootstrap/IssueTransactions/a_Find Profile' is clicked on

2022-05-16 11:57:09 - [MESSAGE][PASSED] - Object: 'Object Repository/AdminSuiteBootstrap_Pages/VT_Bootstrap/IssueTransactions/a_Find Profile' is clicked on

2022-05-16 11:57:09 - [TEST_STEP][PASSED] - criteria = <not implemented yet for class: org.codehaus.groovy.ast.expr.EmptyExpression>: null

2022-05-16 11:57:09 - [TEST_STEP][PASSED] - searchBy = <not implemented yet for class: org.codehaus.groovy.ast.expr.EmptyExpression>: null

2022-05-16 11:57:09 - [TEST_STEP][PASSED] - criteria = findTestData(dataFile).getValue("ProfileName", row): null

2022-05-16 11:57:09 - [TEST_STEP][PASSED] - path_SearchProfile = "Object Repository/AdminSuiteBootstrap_Pages/VSP_Bootstrap/SearchProfile/": null

2022-05-16 11:57:09 - [TEST_STEP][PASSED] - setText(findTestObject(path_SearchProfile + "input_Criteria"), criteria): Text 'PaymentsPS' is set on object 'Object Repository/AdminSuiteBootstrap_Pages/VSP_Bootstrap/SearchProfile/input_Criteria'

2022-05-16 11:57:09 - [MESSAGE][PASSED] - Text 'PaymentsPS' is set on object 'Object Repository/AdminSuiteBootstrap_Pages/VSP_Bootstrap/SearchProfile/input_Criteria'

2022-05-16 11:57:09 - [TEST_STEP][PASSED] - click(findTestObject(path_SearchProfile + "button_Search")): Object: 'Object Repository/AdminSuiteBootstrap_Pages/VSP_Bootstrap/SearchProfile/button_Search' is clicked on

2022-05-16 11:57:12 - [MESSAGE][PASSED] - Object: 'Object Repository/AdminSuiteBootstrap_Pages/VSP_Bootstrap/SearchProfile/button_Search' is clicked on

2022-05-16 11:57:12 - [TEST_STEP][PASSED] - profNameLink = findTestData(dataFile).getValue("ProfileNameLink", row): null

2022-05-16 11:57:12 - [TEST_STEP][PASSED] - click(findTestObject(path_ViewProfile + profNameLink)): Object: 'Object Repository/AdminSuiteBootstrap_Pages/VSP_Bootstrap/View Profile/a_PaymentsPS' is clicked on

2022-05-16 11:57:15 - [MESSAGE][PASSED] - Object: 'Object Repository/AdminSuiteBootstrap_Pages/VSP_Bootstrap/View Profile/a_PaymentsPS' is clicked on

2022-05-16 11:57:15 - [TEST_STEP][PASSED] - click(findTestObject(path_ViewProfile + "a_Debit")): Object: 'Object Repository/AdminSuiteBootstrap_Pages/VSP_Bootstrap/View Profile/a_Debit' is clicked on

2022-05-16 11:57:19 - [MESSAGE][PASSED] - Object: 'Object Repository/AdminSuiteBootstrap_Pages/VSP_Bootstrap/View Profile/a_Debit' is clicked on

2022-05-16 11:57:19 - [TEST_STEP][PASSED] - verifyTextPresent("Remittance ID", true): Text 'Remittance ID' is present on page  using regular expression

2022-05-16 11:57:22 - [MESSAGE][PASSED] - Text 'Remittance ID' is present on page  using regular expression

2022-05-16 11:57:22 - [TEST_STEP][FAILED] - vspBootstrap.ACHDebitPage.setDataACHDebit(row, dataFile): com.kms.katalon.core.exception.StepFailedException: No option matched.

2022-05-16 11:57:53 - [MESSAGE][INFO] - Unable to find the element located by 'By.xpath: id("form1")/div[@class="timeline-post"]/div[@class="row border-bottom"]/div[@class="col-md-6"]/div[@class="post-content"]/div[@class="row"]/div[@class="col-md-6"]/div[@class="form-floating"]/select[@class="form-select form-control"][count(. | //*[@name = 'standardEntryClass']) = count(//*[@name = 'standardEntryClass'])]'. Please recheck the objects properties to make sure the desired element is located. 

2022-05-16 11:57:53 - [MESSAGE][WARNING] - [SELF-HEALING] Failed to find element with id 'Object Repository/AdminSuiteBootstrap_Pages/VSP_Bootstrap/VSP_Debit/select_StdEntryClass'. Try using Self-healing.

2022-05-16 11:57:53 - [MESSAGE][WARNING] - [SELF-HEALING] The current locator of test object 'Object Repository/AdminSuiteBootstrap_Pages/VSP_Bootstrap/VSP_Debit/select_StdEntryClass' was broken. Propose an alternative one: '(.//*[normalize-space(text()) and normalize-space(.)='Account Type'])[1]/following::select[1]'.

2022-05-16 11:57:54 - [MESSAGE][FAILED] - No option matched.

2022-05-16 11:57:54 - [MESSAGE][PASSED] - Text '' is set on object 'Object Repository/AdminSuiteBootstrap_Pages/VSP_Bootstrap/VSP_Debit/input_smsNumber'

2022-05-16 11:57:55 - [MESSAGE][PASSED] - Text '2.50' is set on object 'Object Repository/AdminSuiteBootstrap_Pages/VSP_Bootstrap/VSP_Debit/input_amount'

2022-05-16 11:57:56 - [MESSAGE][PASSED] - Text 'Delhi' is set on object 'Object Repository/AdminSuiteBootstrap_Pages/VSP_Bootstrap/VSP_Debit/input_userDefined1'

2022-05-16 11:57:57 - [MESSAGE][PASSED] - Text 'Chennai' is set on object 'Object Repository/AdminSuiteBootstrap_Pages/VSP_Bootstrap/VSP_Debit/input_userDefined2'

2022-05-16 11:57:57 - [MESSAGE][PASSED] - Text 'Mumbai' is set on object 'Object Repository/AdminSuiteBootstrap_Pages/VSP_Bootstrap/VSP_Debit/input_userDefined3'

2022-05-16 11:57:58 - [MESSAGE][PASSED] - Text 'Kanpur' is set on object 'Object Repository/AdminSuiteBootstrap_Pages/VSP_Bootstrap/VSP_Debit/input_userDefined4'

2022-05-16 11:57:59 - [MESSAGE][PASSED] - All options with label 'Orange' are selected in object 'Object Repository/AdminSuiteBootstrap_Pages/VSP_Bootstrap/VSP_Debit/select_UDF5'  using regular expression

2022-05-16 11:58:00 - [MESSAGE][PASSED] - All options with label 'Yellow' are selected in object 'Object Repository/AdminSuiteBootstrap_Pages/VSP_Bootstrap/VSP_Debit/select_UDF6'  using regular expression

2022-05-16 11:58:00 - [MESSAGE][PASSED] - Text 'Kolkata' is set on object 'Object Repository/AdminSuiteBootstrap_Pages/VSP_Bootstrap/VSP_Debit/input_userDefined7'

2022-05-16 11:58:01 - [MESSAGE][PASSED] - Text 'Pune' is set on object 'Object Repository/AdminSuiteBootstrap_Pages/VSP_Bootstrap/VSP_Debit/input_userDefined8'

2022-05-16 11:58:02 - [MESSAGE][PASSED] - Text 'Bhavnagar' is set on object 'Object Repository/AdminSuiteBootstrap_Pages/VSP_Bootstrap/VSP_Debit/input_userDefined9'

2022-05-16 11:58:02 - [MESSAGE][PASSED] - Text 'Noida' is set on object 'Object Repository/AdminSuiteBootstrap_Pages/VSP_Bootstrap/VSP_Debit/input_userDefined10'

2022-05-16 11:58:06 - [MESSAGE][PASSED] - Object: 'Object Repository/AdminSuiteBootstrap_Pages/VSP_Bootstrap/VSP_Debit/button_Submit' is clicked on

2022-05-16 11:58:06 - [MESSAGE][FAILED] - com.kms.katalon.core.exception.StepFailedException: No option matched.

2022-05-16 11:58:06 - [TEST_STEP][PASSED] - verifyTextPresent("Transaction Successful", true): Text 'Transaction Successful' is present on page  using regular expression

2022-05-16 11:58:07 - [MESSAGE][PASSED] - Text 'Transaction Successful' is present on page  using regular expression

2022-05-16 11:58:07 - [TEST_STEP][PASSED] - verifyElementVisible(findTestObject("Object Repository/AdminSuiteBootstrap_Pages/VT_Bootstrap/Receipt/button_Continue")): Object 'Object Repository/AdminSuiteBootstrap_Pages/VT_Bootstrap/Receipt/button_Continue' is visible

2022-05-16 11:58:07 - [MESSAGE][PASSED] - Object 'Object Repository/AdminSuiteBootstrap_Pages/VT_Bootstrap/Receipt/button_Continue' is visible

2022-05-16 11:58:07 - [TEST_STEP][PASSED] - verifyElementPresent(findTestObject("Object Repository/AdminSuiteBootstrap_Pages/VT_Bootstrap/Receipt/button_Continue"), 20): Object 'Object Repository/AdminSuiteBootstrap_Pages/VT_Bootstrap/Receipt/button_Continue' is present

2022-05-16 11:58:07 - [MESSAGE][PASSED] - Object 'Object Repository/AdminSuiteBootstrap_Pages/VT_Bootstrap/Receipt/button_Continue' is present

2022-05-16 11:58:07 - [TEST_STEP][PASSED] - verifyElementVisible(findTestObject("Object Repository/AdminSuiteBootstrap_Pages/VT_Bootstrap/Receipt/button_Print")): Object 'Object Repository/AdminSuiteBootstrap_Pages/VT_Bootstrap/Receipt/button_Print' is visible

2022-05-16 11:58:08 - [MESSAGE][PASSED] - Object 'Object Repository/AdminSuiteBootstrap_Pages/VT_Bootstrap/Receipt/button_Print' is visible

2022-05-16 11:58:08 - [TEST_STEP][PASSED] - verifyElementPresent(findTestObject("Object Repository/AdminSuiteBootstrap_Pages/VT_Bootstrap/Receipt/button_Print"), 20): Object 'Object Repository/AdminSuiteBootstrap_Pages/VT_Bootstrap/Receipt/button_Print' is present

2022-05-16 11:58:08 - [MESSAGE][PASSED] - Object 'Object Repository/AdminSuiteBootstrap_Pages/VT_Bootstrap/Receipt/button_Print' is present

2022-05-16 11:58:08 - [TEST_STEP][PASSED] - verifyTextPresent("Remittance ID", true): Text 'Remittance ID' is present on page  using regular expression

2022-05-16 11:58:08 - [MESSAGE][PASSED] - Text 'Remittance ID' is present on page  using regular expression

2022-05-16 11:58:08 - [TEST_STEP][PASSED] - verifyTextPresent("Received", true): Text 'Received' is present on page  using regular expression

2022-05-16 11:58:09 - [MESSAGE][PASSED] - Text 'Received' is present on page  using regular expression

2022-05-16 11:58:09 - [TEST_STEP][PASSED] - verifyTextPresent("UDF1", true): Text 'UDF1' is present on page  using regular expression

2022-05-16 11:58:09 - [MESSAGE][PASSED] - Text 'UDF1' is present on page  using regular expression

2022-05-16 11:58:09 - [TEST_STEP][PASSED] - verifyTextPresent("UDF2", true): Text 'UDF2' is present on page  using regular expression

2022-05-16 11:58:09 - [MESSAGE][PASSED] - Text 'UDF2' is present on page  using regular expression

2022-05-16 11:58:09 - [TEST_STEP][PASSED] - verifyTextPresent("UDF3", true): Text 'UDF3' is present on page  using regular expression

2022-05-16 11:58:10 - [MESSAGE][PASSED] - Text 'UDF3' is present on page  using regular expression

2022-05-16 11:58:10 - [TEST_STEP][PASSED] - verifyTextPresent("UDF4", true): Text 'UDF4' is present on page  using regular expression

2022-05-16 11:58:10 - [MESSAGE][PASSED] - Text 'UDF4' is present on page  using regular expression

2022-05-16 11:58:10 - [TEST_STEP][PASSED] - verifyTextPresent("UDF5", true): Text 'UDF5' is present on page  using regular expression

2022-05-16 11:58:10 - [MESSAGE][PASSED] - Text 'UDF5' is present on page  using regular expression

2022-05-16 11:58:10 - [TEST_STEP][PASSED] - verifyTextPresent("UDF6", true): Text 'UDF6' is present on page  using regular expression

2022-05-16 11:58:11 - [MESSAGE][PASSED] - Text 'UDF6' is present on page  using regular expression

2022-05-16 11:58:11 - [TEST_STEP][PASSED] - verifyTextPresent("UDF7", true): Text 'UDF7' is present on page  using regular expression

2022-05-16 11:58:11 - [MESSAGE][PASSED] - Text 'UDF7' is present on page  using regular expression

2022-05-16 11:58:11 - [TEST_STEP][PASSED] - verifyTextPresent("UDF8", true): Text 'UDF8' is present on page  using regular expression

2022-05-16 11:58:11 - [MESSAGE][PASSED] - Text 'UDF8' is present on page  using regular expression

2022-05-16 11:58:11 - [TEST_STEP][PASSED] - verifyTextPresent("UDF9", true): Text 'UDF9' is present on page  using regular expression

2022-05-16 11:58:12 - [MESSAGE][PASSED] - Text 'UDF9' is present on page  using regular expression

2022-05-16 11:58:12 - [TEST_STEP][PASSED] - verifyTextPresent("UDF 10", true): Text 'UDF 10' is present on page  using regular expression

2022-05-16 11:58:12 - [MESSAGE][PASSED] - Text 'UDF 10' is present on page  using regular expression

2022-05-16 11:58:12 - [TEST_STEP][PASSED] - verifyTextPresent("Delhi", true): Text 'Delhi' is present on page  using regular expression

2022-05-16 11:58:12 - [MESSAGE][PASSED] - Text 'Delhi' is present on page  using regular expression

2022-05-16 11:58:12 - [TEST_STEP][PASSED] - verifyTextPresent("Chennai", true): Text 'Chennai' is present on page  using regular expression

2022-05-16 11:58:13 - [MESSAGE][PASSED] - Text 'Chennai' is present on page  using regular expression

2022-05-16 11:58:13 - [TEST_STEP][PASSED] - verifyTextPresent("Mumbai", true): Text 'Mumbai' is present on page  using regular expression

2022-05-16 11:58:13 - [MESSAGE][PASSED] - Text 'Mumbai' is present on page  using regular expression

2022-05-16 11:58:13 - [TEST_STEP][PASSED] - verifyTextPresent("Kanpur", true): Text 'Kanpur' is present on page  using regular expression

2022-05-16 11:58:13 - [MESSAGE][PASSED] - Text 'Kanpur' is present on page  using regular expression

2022-05-16 11:58:13 - [TEST_STEP][PASSED] - verifyTextPresent("Orange Recorded", true): Text 'Orange Recorded' is present on page  using regular expression

2022-05-16 11:58:14 - [MESSAGE][PASSED] - Text 'Orange Recorded' is present on page  using regular expression

2022-05-16 11:58:14 - [TEST_STEP][PASSED] - verifyTextPresent("Yellow Recorded", true): Text 'Yellow Recorded' is present on page  using regular expression

2022-05-16 11:58:14 - [MESSAGE][PASSED] - Text 'Yellow Recorded' is present on page  using regular expression

2022-05-16 11:58:14 - [TEST_STEP][PASSED] - verifyTextPresent("Kolkata", true): Text 'Kolkata' is present on page  using regular expression

2022-05-16 11:58:14 - [MESSAGE][PASSED] - Text 'Kolkata' is present on page  using regular expression

2022-05-16 11:58:14 - [TEST_STEP][PASSED] - verifyTextPresent("Pune", true): Text 'Pune' is present on page  using regular expression

2022-05-16 11:58:15 - [MESSAGE][PASSED] - Text 'Pune' is present on page  using regular expression

2022-05-16 11:58:15 - [TEST_STEP][PASSED] - verifyTextPresent("Bhavnagar", true): Text 'Bhavnagar' is present on page  using regular expression

2022-05-16 11:58:15 - [MESSAGE][PASSED] - Text 'Bhavnagar' is present on page  using regular expression

2022-05-16 11:58:15 - [TEST_STEP][PASSED] - verifyTextPresent("Noida", true): Text 'Noida' is present on page  using regular expression

2022-05-16 11:58:16 - [MESSAGE][PASSED] - Text 'Noida' is present on page  using regular expression

2022-05-16 11:58:16 - [TEST_STEP][PASSED] - verifyTextPresent("Amount", true): Text 'Amount' is present on page  using regular expression

2022-05-16 11:58:16 - [MESSAGE][PASSED] - Text 'Amount' is present on page  using regular expression

2022-05-16 11:58:16 - [TEST_STEP][PASSED] - verifyTextPresent("2.50", true): Text '2.50' is present on page  using regular expression

2022-05-16 11:58:16 - [MESSAGE][PASSED] - Text '2.50' is present on page  using regular expression

2022-05-16 11:58:16 - [TEST_STEP][PASSED] - verifyTextPresent("Transaction Type", true): Text 'Transaction Type' is present on page  using regular expression

2022-05-16 11:58:17 - [MESSAGE][PASSED] - Text 'Transaction Type' is present on page  using regular expression

2022-05-16 11:58:17 - [TEST_STEP][PASSED] - verifyTextPresent("Debit", true): Text 'Debit' is present on page  using regular expression

2022-05-16 11:58:17 - [MESSAGE][PASSED] - Text 'Debit' is present on page  using regular expression

2022-05-16 11:58:17 - [TEST_STEP][PASSED] - verifyTextPresent("Check Information", true): Text 'Check Information' is present on page  using regular expression

2022-05-16 11:58:17 - [MESSAGE][PASSED] - Text 'Check Information' is present on page  using regular expression

2022-05-16 11:58:17 - [TEST_STEP][PASSED] - verifyTextPresent("Account Type", true): Text 'Account Type' is present on page  using regular expression

2022-05-16 11:58:18 - [MESSAGE][PASSED] - Text 'Account Type' is present on page  using regular expression

2022-05-16 11:58:18 - [TEST_STEP][PASSED] - verifyTextPresent("Account Number", true): Text 'Account Number' is present on page  using regular expression

2022-05-16 11:58:18 - [MESSAGE][PASSED] - Text 'Account Number' is present on page  using regular expression

2022-05-16 11:58:18 - [TEST_STEP][PASSED] - verifyTextPresent("Routing Number", true): Text 'Routing Number' is present on page  using regular expression

2022-05-16 11:58:18 - [MESSAGE][PASSED] - Text 'Routing Number' is present on page  using regular expression

2022-05-16 11:58:18 - [TEST_STEP][PASSED] - verifyTextPresent("Address Line 1", true): Text 'Address Line 1' is present on page  using regular expression

2022-05-16 11:58:19 - [MESSAGE][PASSED] - Text 'Address Line 1' is present on page  using regular expression

2022-05-16 11:58:19 - [TEST_STEP][PASSED] - verifyTextPresent("Address Line 2", true): Text 'Address Line 2' is present on page  using regular expression

2022-05-16 11:58:19 - [MESSAGE][PASSED] - Text 'Address Line 2' is present on page  using regular expression

2022-05-16 11:58:19 - [TEST_STEP][PASSED] - verifyTextPresent("Country", true): Text 'Country' is present on page  using regular expression

2022-05-16 11:58:19 - [MESSAGE][PASSED] - Text 'Country' is present on page  using regular expression

2022-05-16 11:58:19 - [TEST_STEP][PASSED] - verifyTextPresent("City", true): Text 'City' is present on page  using regular expression

2022-05-16 11:58:20 - [MESSAGE][PASSED] - Text 'City' is present on page  using regular expression

2022-05-16 11:58:20 - [TEST_STEP][PASSED] - verifyTextPresent("State", true): Text 'State' is present on page  using regular expression

2022-05-16 11:58:20 - [MESSAGE][PASSED] - Text 'State' is present on page  using regular expression

2022-05-16 11:58:20 - [TEST_STEP][PASSED] - verifyTextPresent("ZIP Code", true): Text 'ZIP Code' is present on page  using regular expression

2022-05-16 11:58:20 - [MESSAGE][PASSED] - Text 'ZIP Code' is present on page  using regular expression

2022-05-16 11:58:20 - [TEST_STEP][PASSED] - verifyTextPresent("248 PhoolKaante road", true): Text '248 PhoolKaante road' is present on page  using regular expression

2022-05-16 11:58:21 - [MESSAGE][PASSED] - Text '248 PhoolKaante road' is present on page  using regular expression

2022-05-16 11:58:21 - [TEST_STEP][PASSED] - verifyTextPresent("Suite 678", true): Text 'Suite 678' is present on page  using regular expression

2022-05-16 11:58:21 - [MESSAGE][PASSED] - Text 'Suite 678' is present on page  using regular expression

2022-05-16 11:58:21 - [TEST_STEP][PASSED] - verifyTextPresent("United States", true): Text 'United States' is present on page  using regular expression

2022-05-16 11:58:21 - [MESSAGE][PASSED] - Text 'United States' is present on page  using regular expression

2022-05-16 11:58:21 - [TEST_STEP][PASSED] - verifyTextPresent("ARLINGTON", true): Text 'ARLINGTON' is present on page  using regular expression

2022-05-16 11:58:22 - [MESSAGE][PASSED] - Text 'ARLINGTON' is present on page  using regular expression

2022-05-16 11:58:22 - [TEST_STEP][PASSED] - verifyTextPresent("Virginia", true): Text 'Virginia' is present on page  using regular expression

2022-05-16 11:58:22 - [MESSAGE][PASSED] - Text 'Virginia' is present on page  using regular expression

2022-05-16 11:58:22 - [TEST_STEP][PASSED] - verifyTextPresent("22201", true): Text '22201' is present on page  using regular expression

2022-05-16 11:58:22 - [MESSAGE][PASSED] - Text '22201' is present on page  using regular expression

2022-05-16 11:58:22 - [TEST_STEP][PASSED] - tranType = findTestData(dataFile).getValue("TranType", row): null

2022-05-16 11:58:22 - [TEST_STEP][PASSED] - last4V = findTestData(dataFile).getValue("Last4", row): null

2022-05-16 11:58:22 - [TEST_STEP][PASSED] - verifyTextPresent(tranType, true): Text 'Savings' is present on page  using regular expression

2022-05-16 11:58:23 - [MESSAGE][PASSED] - Text 'Savings' is present on page  using regular expression

2022-05-16 11:58:23 - [TEST_STEP][PASSED] - verifyTextPresent(last4V, true): Text '3333' is present on page  using regular expression

2022-05-16 11:58:23 - [MESSAGE][PASSED] - Text '3333' is present on page  using regular expression

2022-05-16 11:58:23 - [TEST_STEP][PASSED] - if (profNameLink.equalsIgnoreCase("a_PaymentsPC")): null

2022-05-16 11:58:23 - [TEST_STEP][PASSED] - if (profNameLink.equalsIgnoreCase("a_PaymentsPS")): Text 'TANDON RAVENA' is present on page  using regular expression

2022-05-16 11:58:23 - [TEST_STEP][PASSED] - verifyTextPresent("Name on Account", true): Text 'Name on Account' is present on page  using regular expression

2022-05-16 11:58:23 - [MESSAGE][PASSED] - Text 'Name on Account' is present on page  using regular expression

2022-05-16 11:58:23 - [TEST_STEP][PASSED] - verifyTextPresent("TANDON RAVENA", true): Text 'TANDON RAVENA' is present on page  using regular expression

2022-05-16 11:58:24 - [MESSAGE][PASSED] - Text 'TANDON RAVENA' is present on page  using regular expression

2022-05-16 11:58:24 - [TEST_STEP][PASSED] - if (profNameLink.equalsIgnoreCase("a_PaymentsCorp")): null

2022-05-16 11:58:24 - [TEST_STEP][PASSED] - switch (appName): null

2022-05-16 11:58:24 - [TEST_STEP][PASSED] - closeBrowser(): Browser is closed

2022-05-16 11:58:25 - [MESSAGE][PASSED] - Browser is closed

2022-05-16 11:58:25 - [TEST_STEP][PASSED] - ExecuteTC = findTestData(dataFile).getValue("Execute", row): null

2022-05-16 11:58:25 - [TEST_STEP][PASSED] - out.println("Value of Execute is : " + ExecuteTC): null

2022-05-16 11:58:25 - [TEST_STEP][PASSED] - switch (executionProfile): null

2022-05-16 11:58:25 - [TEST_STEP][PASSED] - case "DemoProfile":: null

2022-05-16 11:58:25 - [TEST_STEP][PASSED] - appName = findTestData(dataFile).getValue("AppNameDemo", row): null

2022-05-16 11:58:25 - [TEST_STEP][PASSED] - appID = findTestData(dataFile).getValue("AppIDDemo", row): null

2022-05-16 11:58:25 - [TEST_STEP][PASSED] - break: null

2022-05-16 11:58:25 - [TEST_STEP][PASSED] - if (ExecuteTC.equalsIgnoreCase("Y")): null

2022-05-16 11:58:25 - [TEST_STEP][PASSED] - out.println("Begin Record Number: " + row): null

2022-05-16 11:58:25 - [TEST_STEP][PASSED] - today = new java.util.Date(): null

2022-05-16 11:58:25 - [TEST_STEP][PASSED] - println(today): null

2022-05-16 11:58:25 - [TEST_STEP][PASSED] - datText = today: null

2022-05-16 11:58:25 - [TEST_STEP][PASSED] - adminSuiteBootstrap.loginFunctionality.login_AdminSuite(): adminSuiteBootstrap.loginFunctionality.login_AdminSuite is PASSED

2022-05-16 11:58:25 - [MESSAGE][INFO] - Starting 'Chrome' driver

2022-05-16 11:58:25 - [MESSAGE][INFO] - User set preference: ['acceptInsecureCerts', 'true']

2022-05-16 11:58:25 - [MESSAGE][INFO] - Action delay is set to 0 milliseconds

2022-05-16 11:58:27 - [MESSAGE][PASSED] - Browser is opened with url: 'https://demo.velocitypayment.com/admin/imtiazdemo'

2022-05-16 11:58:27 - [MESSAGE][PASSED] - Current window maximized

2022-05-16 11:58:28 - [MESSAGE][PASSED] - Object 'Object Repository/Login_Page/Login_Username' is present

2022-05-16 11:58:28 - [MESSAGE][PASSED] - Text 'iahmed' is set on object 'Object Repository/Login_Page/Login_Username'

2022-05-16 11:58:29 - [MESSAGE][PASSED] - Text 'hello2222' is set on object 'Object Repository/Login_Page/Login_Password'

2022-05-16 11:58:32 - [MESSAGE][PASSED] - Object: 'Object Repository/Login_Page/Login_Submit' is clicked on

2022-05-16 11:58:32 - [MESSAGE][PASSED] - adminSuiteBootstrap.loginFunctionality.login_AdminSuite is PASSED

2022-05-16 11:58:32 - [TEST_STEP][PASSED] - click(findTestObject(path_Dashboard + appName)): Object: 'Object Repository/AdminSuiteBootstrap_Pages/Dashboard_Bootstrap/a_Access AutoNoCFtpDemo' is clicked on

2022-05-16 11:58:35 - [MESSAGE][PASSED] - Object: 'Object Repository/AdminSuiteBootstrap_Pages/Dashboard_Bootstrap/a_Access AutoNoCFtpDemo' is clicked on

2022-05-16 11:58:35 - [TEST_STEP][PASSED] - click(findTestObject(path_VT + "a_Find Profile")): Object: 'Object Repository/AdminSuiteBootstrap_Pages/VT_Bootstrap/IssueTransactions/a_Find Profile' is clicked on

2022-05-16 11:58:35 - [MESSAGE][PASSED] - Object: 'Object Repository/AdminSuiteBootstrap_Pages/VT_Bootstrap/IssueTransactions/a_Find Profile' is clicked on

2022-05-16 11:58:35 - [TEST_STEP][PASSED] - criteria = <not implemented yet for class: org.codehaus.groovy.ast.expr.EmptyExpression>: null

2022-05-16 11:58:35 - [TEST_STEP][PASSED] - searchBy = <not implemented yet for class: org.codehaus.groovy.ast.expr.EmptyExpression>: null

2022-05-16 11:58:35 - [TEST_STEP][PASSED] - criteria = findTestData(dataFile).getValue("ProfileName", row): null

2022-05-16 11:58:35 - [TEST_STEP][PASSED] - path_SearchProfile = "Object Repository/AdminSuiteBootstrap_Pages/VSP_Bootstrap/SearchProfile/": null

2022-05-16 11:58:35 - [TEST_STEP][PASSED] - setText(findTestObject(path_SearchProfile + "input_Criteria"), criteria): Text 'PaymentsCorp' is set on object 'Object Repository/AdminSuiteBootstrap_Pages/VSP_Bootstrap/SearchProfile/input_Criteria'

2022-05-16 11:58:36 - [MESSAGE][PASSED] - Text 'PaymentsCorp' is set on object 'Object Repository/AdminSuiteBootstrap_Pages/VSP_Bootstrap/SearchProfile/input_Criteria'

2022-05-16 11:58:36 - [TEST_STEP][PASSED] - click(findTestObject(path_SearchProfile + "button_Search")): Object: 'Object Repository/AdminSuiteBootstrap_Pages/VSP_Bootstrap/SearchProfile/button_Search' is clicked on

2022-05-16 11:58:39 - [MESSAGE][PASSED] - Object: 'Object Repository/AdminSuiteBootstrap_Pages/VSP_Bootstrap/SearchProfile/button_Search' is clicked on

2022-05-16 11:58:39 - [TEST_STEP][PASSED] - profNameLink = findTestData(dataFile).getValue("ProfileNameLink", row): null

2022-05-16 11:58:39 - [TEST_STEP][PASSED] - click(findTestObject(path_ViewProfile + profNameLink)): Object: 'Object Repository/AdminSuiteBootstrap_Pages/VSP_Bootstrap/View Profile/a_PaymentsCorp' is clicked on

2022-05-16 11:58:42 - [MESSAGE][PASSED] - Object: 'Object Repository/AdminSuiteBootstrap_Pages/VSP_Bootstrap/View Profile/a_PaymentsCorp' is clicked on

2022-05-16 11:58:42 - [TEST_STEP][PASSED] - click(findTestObject(path_ViewProfile + "a_Debit")): Object: 'Object Repository/AdminSuiteBootstrap_Pages/VSP_Bootstrap/View Profile/a_Debit' is clicked on

2022-05-16 11:58:50 - [MESSAGE][PASSED] - Object: 'Object Repository/AdminSuiteBootstrap_Pages/VSP_Bootstrap/View Profile/a_Debit' is clicked on

2022-05-16 11:58:50 - [TEST_STEP][PASSED] - verifyTextPresent("Remittance ID", true): Text 'Remittance ID' is present on page  using regular expression

2022-05-16 11:58:53 - [MESSAGE][PASSED] - Text 'Remittance ID' is present on page  using regular expression

2022-05-16 11:58:53 - [TEST_STEP][PASSED] - vspBootstrap.ACHDebitPage.setDataACHDebit(row, dataFile): vspBootstrap.ACHDebitPage.setDataACHDebit is PASSED

2022-05-16 11:58:54 - [MESSAGE][PASSED] - All options with value 'CCD' are selected in object 'Object Repository/AdminSuiteBootstrap_Pages/VSP_Bootstrap/VSP_Debit/select_StdEntryClass'  using regular expression

2022-05-16 11:58:55 - [MESSAGE][PASSED] - Text '' is set on object 'Object Repository/AdminSuiteBootstrap_Pages/VSP_Bootstrap/VSP_Debit/input_smsNumber'

2022-05-16 11:58:56 - [MESSAGE][PASSED] - Text '2.50' is set on object 'Object Repository/AdminSuiteBootstrap_Pages/VSP_Bootstrap/VSP_Debit/input_amount'

2022-05-16 11:58:57 - [MESSAGE][PASSED] - Text '123456789' is set on object 'Object Repository/AdminSuiteBootstrap_Pages/VSP_Bootstrap/VSP_Debit/input_ein'

2022-05-16 11:58:57 - [MESSAGE][PASSED] - Text 'Delhi' is set on object 'Object Repository/AdminSuiteBootstrap_Pages/VSP_Bootstrap/VSP_Debit/input_userDefined1'

2022-05-16 11:58:58 - [MESSAGE][PASSED] - Text 'Chennai' is set on object 'Object Repository/AdminSuiteBootstrap_Pages/VSP_Bootstrap/VSP_Debit/input_userDefined2'

2022-05-16 11:58:59 - [MESSAGE][PASSED] - Text 'Mumbai' is set on object 'Object Repository/AdminSuiteBootstrap_Pages/VSP_Bootstrap/VSP_Debit/input_userDefined3'

2022-05-16 11:58:59 - [MESSAGE][PASSED] - Text 'Kanpur' is set on object 'Object Repository/AdminSuiteBootstrap_Pages/VSP_Bootstrap/VSP_Debit/input_userDefined4'

2022-05-16 11:59:00 - [MESSAGE][PASSED] - All options with label 'Orange' are selected in object 'Object Repository/AdminSuiteBootstrap_Pages/VSP_Bootstrap/VSP_Debit/select_UDF5'  using regular expression

2022-05-16 11:59:01 - [MESSAGE][PASSED] - All options with label 'Yellow' are selected in object 'Object Repository/AdminSuiteBootstrap_Pages/VSP_Bootstrap/VSP_Debit/select_UDF6'  using regular expression

2022-05-16 11:59:02 - [MESSAGE][PASSED] - Text 'Kolkata' is set on object 'Object Repository/AdminSuiteBootstrap_Pages/VSP_Bootstrap/VSP_Debit/input_userDefined7'

2022-05-16 11:59:03 - [MESSAGE][PASSED] - Text 'Pune' is set on object 'Object Repository/AdminSuiteBootstrap_Pages/VSP_Bootstrap/VSP_Debit/input_userDefined8'

2022-05-16 11:59:03 - [MESSAGE][PASSED] - Text 'Bhavnagar' is set on object 'Object Repository/AdminSuiteBootstrap_Pages/VSP_Bootstrap/VSP_Debit/input_userDefined9'

2022-05-16 11:59:04 - [MESSAGE][PASSED] - Text 'Noida' is set on object 'Object Repository/AdminSuiteBootstrap_Pages/VSP_Bootstrap/VSP_Debit/input_userDefined10'

2022-05-16 11:59:10 - [MESSAGE][PASSED] - Object: 'Object Repository/AdminSuiteBootstrap_Pages/VSP_Bootstrap/VSP_Debit/button_Submit' is clicked on

2022-05-16 11:59:10 - [MESSAGE][PASSED] - vspBootstrap.ACHDebitPage.setDataACHDebit is PASSED

2022-05-16 11:59:10 - [TEST_STEP][PASSED] - verifyTextPresent("Transaction Successful", true): Text 'Transaction Successful' is present on page  using regular expression

2022-05-16 11:59:10 - [MESSAGE][PASSED] - Text 'Transaction Successful' is present on page  using regular expression

2022-05-16 11:59:10 - [TEST_STEP][PASSED] - verifyElementVisible(findTestObject("Object Repository/AdminSuiteBootstrap_Pages/VT_Bootstrap/Receipt/button_Continue")): Object 'Object Repository/AdminSuiteBootstrap_Pages/VT_Bootstrap/Receipt/button_Continue' is visible

2022-05-16 11:59:10 - [MESSAGE][PASSED] - Object 'Object Repository/AdminSuiteBootstrap_Pages/VT_Bootstrap/Receipt/button_Continue' is visible

2022-05-16 11:59:10 - [TEST_STEP][PASSED] - verifyElementPresent(findTestObject("Object Repository/AdminSuiteBootstrap_Pages/VT_Bootstrap/Receipt/button_Continue"), 20): Object 'Object Repository/AdminSuiteBootstrap_Pages/VT_Bootstrap/Receipt/button_Continue' is present

2022-05-16 11:59:11 - [MESSAGE][PASSED] - Object 'Object Repository/AdminSuiteBootstrap_Pages/VT_Bootstrap/Receipt/button_Continue' is present

2022-05-16 11:59:11 - [TEST_STEP][PASSED] - verifyElementVisible(findTestObject("Object Repository/AdminSuiteBootstrap_Pages/VT_Bootstrap/Receipt/button_Print")): Object 'Object Repository/AdminSuiteBootstrap_Pages/VT_Bootstrap/Receipt/button_Print' is visible

2022-05-16 11:59:11 - [MESSAGE][PASSED] - Object 'Object Repository/AdminSuiteBootstrap_Pages/VT_Bootstrap/Receipt/button_Print' is visible

2022-05-16 11:59:11 - [TEST_STEP][PASSED] - verifyElementPresent(findTestObject("Object Repository/AdminSuiteBootstrap_Pages/VT_Bootstrap/Receipt/button_Print"), 20): Object 'Object Repository/AdminSuiteBootstrap_Pages/VT_Bootstrap/Receipt/button_Print' is present

2022-05-16 11:59:11 - [MESSAGE][PASSED] - Object 'Object Repository/AdminSuiteBootstrap_Pages/VT_Bootstrap/Receipt/button_Print' is present

2022-05-16 11:59:11 - [TEST_STEP][PASSED] - verifyTextPresent("Remittance ID", true): Text 'Remittance ID' is present on page  using regular expression

2022-05-16 11:59:12 - [MESSAGE][PASSED] - Text 'Remittance ID' is present on page  using regular expression

2022-05-16 11:59:12 - [TEST_STEP][PASSED] - verifyTextPresent("Received", true): Text 'Received' is present on page  using regular expression

2022-05-16 11:59:12 - [MESSAGE][PASSED] - Text 'Received' is present on page  using regular expression

2022-05-16 11:59:12 - [TEST_STEP][PASSED] - verifyTextPresent("UDF1", true): Text 'UDF1' is present on page  using regular expression

2022-05-16 11:59:12 - [MESSAGE][PASSED] - Text 'UDF1' is present on page  using regular expression

2022-05-16 11:59:12 - [TEST_STEP][PASSED] - verifyTextPresent("UDF2", true): Text 'UDF2' is present on page  using regular expression

2022-05-16 11:59:13 - [MESSAGE][PASSED] - Text 'UDF2' is present on page  using regular expression

2022-05-16 11:59:13 - [TEST_STEP][PASSED] - verifyTextPresent("UDF3", true): Text 'UDF3' is present on page  using regular expression

2022-05-16 11:59:13 - [MESSAGE][PASSED] - Text 'UDF3' is present on page  using regular expression

2022-05-16 11:59:13 - [TEST_STEP][PASSED] - verifyTextPresent("UDF4", true): Text 'UDF4' is present on page  using regular expression

2022-05-16 11:59:13 - [MESSAGE][PASSED] - Text 'UDF4' is present on page  using regular expression

2022-05-16 11:59:13 - [TEST_STEP][PASSED] - verifyTextPresent("UDF5", true): Text 'UDF5' is present on page  using regular expression

2022-05-16 11:59:14 - [MESSAGE][PASSED] - Text 'UDF5' is present on page  using regular expression

2022-05-16 11:59:14 - [TEST_STEP][PASSED] - verifyTextPresent("UDF6", true): Text 'UDF6' is present on page  using regular expression

2022-05-16 11:59:14 - [MESSAGE][PASSED] - Text 'UDF6' is present on page  using regular expression

2022-05-16 11:59:14 - [TEST_STEP][PASSED] - verifyTextPresent("UDF7", true): Text 'UDF7' is present on page  using regular expression

2022-05-16 11:59:14 - [MESSAGE][PASSED] - Text 'UDF7' is present on page  using regular expression

2022-05-16 11:59:14 - [TEST_STEP][PASSED] - verifyTextPresent("UDF8", true): Text 'UDF8' is present on page  using regular expression

2022-05-16 11:59:15 - [MESSAGE][PASSED] - Text 'UDF8' is present on page  using regular expression

2022-05-16 11:59:15 - [TEST_STEP][PASSED] - verifyTextPresent("UDF9", true): Text 'UDF9' is present on page  using regular expression

2022-05-16 11:59:15 - [MESSAGE][PASSED] - Text 'UDF9' is present on page  using regular expression

2022-05-16 11:59:15 - [TEST_STEP][PASSED] - verifyTextPresent("UDF 10", true): Text 'UDF 10' is present on page  using regular expression

2022-05-16 11:59:16 - [MESSAGE][PASSED] - Text 'UDF 10' is present on page  using regular expression

2022-05-16 11:59:16 - [TEST_STEP][PASSED] - verifyTextPresent("Delhi", true): Text 'Delhi' is present on page  using regular expression

2022-05-16 11:59:16 - [MESSAGE][PASSED] - Text 'Delhi' is present on page  using regular expression

2022-05-16 11:59:16 - [TEST_STEP][PASSED] - verifyTextPresent("Chennai", true): Text 'Chennai' is present on page  using regular expression

2022-05-16 11:59:16 - [MESSAGE][PASSED] - Text 'Chennai' is present on page  using regular expression

2022-05-16 11:59:16 - [TEST_STEP][PASSED] - verifyTextPresent("Mumbai", true): Text 'Mumbai' is present on page  using regular expression

2022-05-16 11:59:17 - [MESSAGE][PASSED] - Text 'Mumbai' is present on page  using regular expression

2022-05-16 11:59:17 - [TEST_STEP][PASSED] - verifyTextPresent("Kanpur", true): Text 'Kanpur' is present on page  using regular expression

2022-05-16 11:59:17 - [MESSAGE][PASSED] - Text 'Kanpur' is present on page  using regular expression

2022-05-16 11:59:17 - [TEST_STEP][PASSED] - verifyTextPresent("Orange Recorded", true): Text 'Orange Recorded' is present on page  using regular expression

2022-05-16 11:59:17 - [MESSAGE][PASSED] - Text 'Orange Recorded' is present on page  using regular expression

2022-05-16 11:59:17 - [TEST_STEP][PASSED] - verifyTextPresent("Yellow Recorded", true): Text 'Yellow Recorded' is present on page  using regular expression

2022-05-16 11:59:18 - [MESSAGE][PASSED] - Text 'Yellow Recorded' is present on page  using regular expression

2022-05-16 11:59:18 - [TEST_STEP][PASSED] - verifyTextPresent("Kolkata", true): Text 'Kolkata' is present on page  using regular expression

2022-05-16 11:59:18 - [MESSAGE][PASSED] - Text 'Kolkata' is present on page  using regular expression

2022-05-16 11:59:18 - [TEST_STEP][PASSED] - verifyTextPresent("Pune", true): Text 'Pune' is present on page  using regular expression

2022-05-16 11:59:18 - [MESSAGE][PASSED] - Text 'Pune' is present on page  using regular expression

2022-05-16 11:59:18 - [TEST_STEP][PASSED] - verifyTextPresent("Bhavnagar", true): Text 'Bhavnagar' is present on page  using regular expression

2022-05-16 11:59:19 - [MESSAGE][PASSED] - Text 'Bhavnagar' is present on page  using regular expression

2022-05-16 11:59:19 - [TEST_STEP][PASSED] - verifyTextPresent("Noida", true): Text 'Noida' is present on page  using regular expression

2022-05-16 11:59:19 - [MESSAGE][PASSED] - Text 'Noida' is present on page  using regular expression

2022-05-16 11:59:19 - [TEST_STEP][PASSED] - verifyTextPresent("Amount", true): Text 'Amount' is present on page  using regular expression

2022-05-16 11:59:19 - [MESSAGE][PASSED] - Text 'Amount' is present on page  using regular expression

2022-05-16 11:59:19 - [TEST_STEP][PASSED] - verifyTextPresent("2.50", true): Text '2.50' is present on page  using regular expression

2022-05-16 11:59:20 - [MESSAGE][PASSED] - Text '2.50' is present on page  using regular expression

2022-05-16 11:59:20 - [TEST_STEP][PASSED] - verifyTextPresent("Transaction Type", true): Text 'Transaction Type' is present on page  using regular expression

2022-05-16 11:59:20 - [MESSAGE][PASSED] - Text 'Transaction Type' is present on page  using regular expression

2022-05-16 11:59:20 - [TEST_STEP][PASSED] - verifyTextPresent("Debit", true): Text 'Debit' is present on page  using regular expression

2022-05-16 11:59:20 - [MESSAGE][PASSED] - Text 'Debit' is present on page  using regular expression

2022-05-16 11:59:20 - [TEST_STEP][PASSED] - verifyTextPresent("Check Information", true): Text 'Check Information' is present on page  using regular expression

2022-05-16 11:59:21 - [MESSAGE][PASSED] - Text 'Check Information' is present on page  using regular expression

2022-05-16 11:59:21 - [TEST_STEP][PASSED] - verifyTextPresent("Account Type", true): Text 'Account Type' is present on page  using regular expression

2022-05-16 11:59:21 - [MESSAGE][PASSED] - Text 'Account Type' is present on page  using regular expression

2022-05-16 11:59:21 - [TEST_STEP][PASSED] - verifyTextPresent("Account Number", true): Text 'Account Number' is present on page  using regular expression

2022-05-16 11:59:21 - [MESSAGE][PASSED] - Text 'Account Number' is present on page  using regular expression

2022-05-16 11:59:21 - [TEST_STEP][PASSED] - verifyTextPresent("Routing Number", true): Text 'Routing Number' is present on page  using regular expression

2022-05-16 11:59:22 - [MESSAGE][PASSED] - Text 'Routing Number' is present on page  using regular expression

2022-05-16 11:59:22 - [TEST_STEP][PASSED] - verifyTextPresent("Address Line 1", true): Text 'Address Line 1' is present on page  using regular expression

2022-05-16 11:59:22 - [MESSAGE][PASSED] - Text 'Address Line 1' is present on page  using regular expression

2022-05-16 11:59:22 - [TEST_STEP][PASSED] - verifyTextPresent("Address Line 2", true): Text 'Address Line 2' is present on page  using regular expression

2022-05-16 11:59:22 - [MESSAGE][PASSED] - Text 'Address Line 2' is present on page  using regular expression

2022-05-16 11:59:22 - [TEST_STEP][PASSED] - verifyTextPresent("Country", true): Text 'Country' is present on page  using regular expression

2022-05-16 11:59:23 - [MESSAGE][PASSED] - Text 'Country' is present on page  using regular expression

2022-05-16 11:59:23 - [TEST_STEP][PASSED] - verifyTextPresent("City", true): Text 'City' is present on page  using regular expression

2022-05-16 11:59:23 - [MESSAGE][PASSED] - Text 'City' is present on page  using regular expression

2022-05-16 11:59:23 - [TEST_STEP][PASSED] - verifyTextPresent("State", true): Text 'State' is present on page  using regular expression

2022-05-16 11:59:23 - [MESSAGE][PASSED] - Text 'State' is present on page  using regular expression

2022-05-16 11:59:23 - [TEST_STEP][PASSED] - verifyTextPresent("ZIP Code", true): Text 'ZIP Code' is present on page  using regular expression

2022-05-16 11:59:24 - [MESSAGE][PASSED] - Text 'ZIP Code' is present on page  using regular expression

2022-05-16 11:59:24 - [TEST_STEP][PASSED] - verifyTextPresent("248 PhoolKaante road", true): Text '248 PhoolKaante road' is present on page  using regular expression

2022-05-16 11:59:24 - [MESSAGE][PASSED] - Text '248 PhoolKaante road' is present on page  using regular expression

2022-05-16 11:59:24 - [TEST_STEP][PASSED] - verifyTextPresent("Suite 678", true): Text 'Suite 678' is present on page  using regular expression

2022-05-16 11:59:24 - [MESSAGE][PASSED] - Text 'Suite 678' is present on page  using regular expression

2022-05-16 11:59:24 - [TEST_STEP][PASSED] - verifyTextPresent("United States", true): Text 'United States' is present on page  using regular expression

2022-05-16 11:59:25 - [MESSAGE][PASSED] - Text 'United States' is present on page  using regular expression

2022-05-16 11:59:25 - [TEST_STEP][PASSED] - verifyTextPresent("ARLINGTON", true): Text 'ARLINGTON' is present on page  using regular expression

2022-05-16 11:59:25 - [MESSAGE][PASSED] - Text 'ARLINGTON' is present on page  using regular expression

2022-05-16 11:59:25 - [TEST_STEP][PASSED] - verifyTextPresent("Virginia", true): Text 'Virginia' is present on page  using regular expression

2022-05-16 11:59:25 - [MESSAGE][PASSED] - Text 'Virginia' is present on page  using regular expression

2022-05-16 11:59:25 - [TEST_STEP][PASSED] - verifyTextPresent("22201", true): Text '22201' is present on page  using regular expression

2022-05-16 11:59:26 - [MESSAGE][PASSED] - Text '22201' is present on page  using regular expression

2022-05-16 11:59:26 - [TEST_STEP][PASSED] - tranType = findTestData(dataFile).getValue("TranType", row): null

2022-05-16 11:59:26 - [TEST_STEP][PASSED] - last4V = findTestData(dataFile).getValue("Last4", row): null

2022-05-16 11:59:26 - [TEST_STEP][PASSED] - verifyTextPresent(tranType, true): Text 'Checking' is present on page  using regular expression

2022-05-16 11:59:26 - [MESSAGE][PASSED] - Text 'Checking' is present on page  using regular expression

2022-05-16 11:59:26 - [TEST_STEP][PASSED] - verifyTextPresent(last4V, true): Text '4444' is present on page  using regular expression

2022-05-16 11:59:26 - [MESSAGE][PASSED] - Text '4444' is present on page  using regular expression

2022-05-16 11:59:26 - [TEST_STEP][PASSED] - if (profNameLink.equalsIgnoreCase("a_PaymentsPC")): null

2022-05-16 11:59:26 - [TEST_STEP][PASSED] - if (profNameLink.equalsIgnoreCase("a_PaymentsPS")): null

2022-05-16 11:59:26 - [TEST_STEP][PASSED] - if (profNameLink.equalsIgnoreCase("a_PaymentsCorp")): Text '123456789' is present on page  using regular expression

2022-05-16 11:59:26 - [TEST_STEP][PASSED] - verifyTextPresent("Employer Identification Number", true): Text 'Employer Identification Number' is present on page  using regular expression

2022-05-16 11:59:27 - [MESSAGE][PASSED] - Text 'Employer Identification Number' is present on page  using regular expression

2022-05-16 11:59:27 - [TEST_STEP][PASSED] - verifyTextPresent("EIN", true): Text 'EIN' is present on page  using regular expression

2022-05-16 11:59:27 - [MESSAGE][PASSED] - Text 'EIN' is present on page  using regular expression

2022-05-16 11:59:27 - [TEST_STEP][PASSED] - verifyTextPresent("123456789", true): Text '123456789' is present on page  using regular expression

2022-05-16 11:59:27 - [MESSAGE][PASSED] - Text '123456789' is present on page  using regular expression

2022-05-16 11:59:27 - [TEST_STEP][PASSED] - switch (appName): null

2022-05-16 11:59:27 - [TEST_STEP][PASSED] - closeBrowser(): Browser is closed

2022-05-16 11:59:28 - [MESSAGE][PASSED] - Browser is closed

2022-05-16 11:59:28 - [TEST_STEP][PASSED] - ExecuteTC = findTestData(dataFile).getValue("Execute", row): null

2022-05-16 11:59:28 - [TEST_STEP][PASSED] - out.println("Value of Execute is : " + ExecuteTC): null

2022-05-16 11:59:28 - [TEST_STEP][PASSED] - switch (executionProfile): null

2022-05-16 11:59:28 - [TEST_STEP][PASSED] - case "DemoProfile":: null

2022-05-16 11:59:28 - [TEST_STEP][PASSED] - appName = findTestData(dataFile).getValue("AppNameDemo", row): null

2022-05-16 11:59:28 - [TEST_STEP][PASSED] - appID = findTestData(dataFile).getValue("AppIDDemo", row): null

2022-05-16 11:59:29 - [TEST_STEP][PASSED] - break: null

2022-05-16 11:59:29 - [TEST_STEP][FAILED] - if (ExecuteTC.equalsIgnoreCase("Y")): null

2022-05-16 11:59:29 - [TEST_STEP][PASSED] - out.println("Begin Record Number: " + row): null

2022-05-16 11:59:29 - [TEST_STEP][PASSED] - today = new java.util.Date(): null

2022-05-16 11:59:29 - [TEST_STEP][PASSED] - println(today): null

2022-05-16 11:59:29 - [TEST_STEP][PASSED] - datText = today: null

2022-05-16 11:59:29 - [TEST_STEP][PASSED] - adminSuiteBootstrap.loginFunctionality.login_AdminSuite(): adminSuiteBootstrap.loginFunctionality.login_AdminSuite is PASSED

2022-05-16 11:59:29 - [MESSAGE][INFO] - Starting 'Chrome' driver

2022-05-16 11:59:29 - [MESSAGE][INFO] - User set preference: ['acceptInsecureCerts', 'true']

2022-05-16 11:59:29 - [MESSAGE][INFO] - Action delay is set to 0 milliseconds

2022-05-16 11:59:34 - [MESSAGE][PASSED] - Browser is opened with url: 'https://demo.velocitypayment.com/admin/imtiazdemo'

2022-05-16 11:59:34 - [MESSAGE][PASSED] - Current window maximized

2022-05-16 11:59:35 - [MESSAGE][PASSED] - Object 'Object Repository/Login_Page/Login_Username' is present

2022-05-16 11:59:35 - [MESSAGE][PASSED] - Text 'iahmed' is set on object 'Object Repository/Login_Page/Login_Username'

2022-05-16 11:59:36 - [MESSAGE][PASSED] - Text 'hello2222' is set on object 'Object Repository/Login_Page/Login_Password'

2022-05-16 11:59:39 - [MESSAGE][PASSED] - Object: 'Object Repository/Login_Page/Login_Submit' is clicked on

2022-05-16 11:59:39 - [MESSAGE][PASSED] - adminSuiteBootstrap.loginFunctionality.login_AdminSuite is PASSED

2022-05-16 11:59:39 - [TEST_STEP][PASSED] - click(findTestObject(path_Dashboard + appName)): Object: 'Object Repository/AdminSuiteBootstrap_Pages/Dashboard_Bootstrap/a_Access AutoSingleCFtpDemo' is clicked on

2022-05-16 11:59:42 - [MESSAGE][PASSED] - Object: 'Object Repository/AdminSuiteBootstrap_Pages/Dashboard_Bootstrap/a_Access AutoSingleCFtpDemo' is clicked on

2022-05-16 11:59:42 - [TEST_STEP][PASSED] - click(findTestObject(path_VT + "a_Find Profile")): Object: 'Object Repository/AdminSuiteBootstrap_Pages/VT_Bootstrap/IssueTransactions/a_Find Profile' is clicked on

2022-05-16 11:59:42 - [MESSAGE][PASSED] - Object: 'Object Repository/AdminSuiteBootstrap_Pages/VT_Bootstrap/IssueTransactions/a_Find Profile' is clicked on

2022-05-16 11:59:42 - [TEST_STEP][PASSED] - criteria = <not implemented yet for class: org.codehaus.groovy.ast.expr.EmptyExpression>: null

2022-05-16 11:59:42 - [TEST_STEP][PASSED] - searchBy = <not implemented yet for class: org.codehaus.groovy.ast.expr.EmptyExpression>: null

2022-05-16 11:59:42 - [TEST_STEP][PASSED] - criteria = findTestData(dataFile).getValue("ProfileName", row): null

2022-05-16 11:59:42 - [TEST_STEP][PASSED] - path_SearchProfile = "Object Repository/AdminSuiteBootstrap_Pages/VSP_Bootstrap/SearchProfile/": null

2022-05-16 11:59:42 - [TEST_STEP][PASSED] - setText(findTestObject(path_SearchProfile + "input_Criteria"), criteria): Text 'PaymentsPC' is set on object 'Object Repository/AdminSuiteBootstrap_Pages/VSP_Bootstrap/SearchProfile/input_Criteria'

2022-05-16 11:59:43 - [MESSAGE][PASSED] - Text 'PaymentsPC' is set on object 'Object Repository/AdminSuiteBootstrap_Pages/VSP_Bootstrap/SearchProfile/input_Criteria'

2022-05-16 11:59:43 - [TEST_STEP][PASSED] - click(findTestObject(path_SearchProfile + "button_Search")): Object: 'Object Repository/AdminSuiteBootstrap_Pages/VSP_Bootstrap/SearchProfile/button_Search' is clicked on

2022-05-16 11:59:48 - [MESSAGE][PASSED] - Object: 'Object Repository/AdminSuiteBootstrap_Pages/VSP_Bootstrap/SearchProfile/button_Search' is clicked on

2022-05-16 11:59:48 - [TEST_STEP][PASSED] - profNameLink = findTestData(dataFile).getValue("ProfileNameLink", row): null

2022-05-16 11:59:48 - [TEST_STEP][PASSED] - click(findTestObject(path_ViewProfile + profNameLink)): Object: 'Object Repository/AdminSuiteBootstrap_Pages/VSP_Bootstrap/View Profile/a_PaymentsPC' is clicked on

2022-05-16 11:59:51 - [MESSAGE][PASSED] - Object: 'Object Repository/AdminSuiteBootstrap_Pages/VSP_Bootstrap/View Profile/a_PaymentsPC' is clicked on

2022-05-16 11:59:51 - [TEST_STEP][PASSED] - click(findTestObject(path_ViewProfile + "a_Debit")): Object: 'Object Repository/AdminSuiteBootstrap_Pages/VSP_Bootstrap/View Profile/a_Debit' is clicked on

2022-05-16 11:59:54 - [MESSAGE][PASSED] - Object: 'Object Repository/AdminSuiteBootstrap_Pages/VSP_Bootstrap/View Profile/a_Debit' is clicked on

2022-05-16 11:59:54 - [TEST_STEP][PASSED] - verifyTextPresent("Remittance ID", true): Text 'Remittance ID' is present on page  using regular expression

2022-05-16 11:59:56 - [MESSAGE][PASSED] - Text 'Remittance ID' is present on page  using regular expression

2022-05-16 11:59:56 - [TEST_STEP][FAILED] - vspBootstrap.ACHDebitPage.setDataACHDebit(row, dataFile): com.kms.katalon.core.exception.StepFailedException: No option matched.

2022-05-16 12:00:28 - [MESSAGE][INFO] - Unable to find the element located by 'By.xpath: id("form1")/div[@class="timeline-post"]/div[@class="row border-bottom"]/div[@class="col-md-6"]/div[@class="post-content"]/div[@class="row"]/div[@class="col-md-6"]/div[@class="form-floating"]/select[@class="form-select form-control"][count(. | //*[@name = 'standardEntryClass']) = count(//*[@name = 'standardEntryClass'])]'. Please recheck the objects properties to make sure the desired element is located. 

2022-05-16 12:00:28 - [MESSAGE][WARNING] - [SELF-HEALING] Failed to find element with id 'Object Repository/AdminSuiteBootstrap_Pages/VSP_Bootstrap/VSP_Debit/select_StdEntryClass'. Try using Self-healing.

2022-05-16 12:00:28 - [MESSAGE][WARNING] - [SELF-HEALING] The current locator of test object 'Object Repository/AdminSuiteBootstrap_Pages/VSP_Bootstrap/VSP_Debit/select_StdEntryClass' was broken. Propose an alternative one: '(.//*[normalize-space(text()) and normalize-space(.)='Account Type'])[1]/following::select[1]'.

2022-05-16 12:00:28 - [MESSAGE][FAILED] - No option matched.

2022-05-16 12:00:29 - [MESSAGE][PASSED] - Text '' is set on object 'Object Repository/AdminSuiteBootstrap_Pages/VSP_Bootstrap/VSP_Debit/input_smsNumber'

2022-05-16 12:00:30 - [MESSAGE][PASSED] - Text '2.50' is set on object 'Object Repository/AdminSuiteBootstrap_Pages/VSP_Bootstrap/VSP_Debit/input_amount'

2022-05-16 12:00:35 - [MESSAGE][PASSED] - Text 'Delhi' is set on object 'Object Repository/AdminSuiteBootstrap_Pages/VSP_Bootstrap/VSP_Debit/input_userDefined1'

2022-05-16 12:00:35 - [MESSAGE][PASSED] - Text 'Chennai' is set on object 'Object Repository/AdminSuiteBootstrap_Pages/VSP_Bootstrap/VSP_Debit/input_userDefined2'

2022-05-16 12:00:36 - [MESSAGE][PASSED] - Text 'Mumbai' is set on object 'Object Repository/AdminSuiteBootstrap_Pages/VSP_Bootstrap/VSP_Debit/input_userDefined3'

2022-05-16 12:00:37 - [MESSAGE][PASSED] - Text 'Kanpur' is set on object 'Object Repository/AdminSuiteBootstrap_Pages/VSP_Bootstrap/VSP_Debit/input_userDefined4'

2022-05-16 12:00:38 - [MESSAGE][PASSED] - All options with label 'Orange' are selected in object 'Object Repository/AdminSuiteBootstrap_Pages/VSP_Bootstrap/VSP_Debit/select_UDF5'  using regular expression

2022-05-16 12:00:39 - [MESSAGE][PASSED] - All options with label 'Yellow' are selected in object 'Object Repository/AdminSuiteBootstrap_Pages/VSP_Bootstrap/VSP_Debit/select_UDF6'  using regular expression

2022-05-16 12:00:39 - [MESSAGE][PASSED] - Text 'Kolkata' is set on object 'Object Repository/AdminSuiteBootstrap_Pages/VSP_Bootstrap/VSP_Debit/input_userDefined7'

2022-05-16 12:00:40 - [MESSAGE][PASSED] - Text 'Pune' is set on object 'Object Repository/AdminSuiteBootstrap_Pages/VSP_Bootstrap/VSP_Debit/input_userDefined8'

2022-05-16 12:00:41 - [MESSAGE][PASSED] - Text 'Bhavnagar' is set on object 'Object Repository/AdminSuiteBootstrap_Pages/VSP_Bootstrap/VSP_Debit/input_userDefined9'

2022-05-16 12:00:41 - [MESSAGE][PASSED] - Text 'Noida' is set on object 'Object Repository/AdminSuiteBootstrap_Pages/VSP_Bootstrap/VSP_Debit/input_userDefined10'

2022-05-16 12:00:45 - [MESSAGE][PASSED] - Object: 'Object Repository/AdminSuiteBootstrap_Pages/VSP_Bootstrap/VSP_Debit/button_Submit' is clicked on

2022-05-16 12:00:45 - [MESSAGE][FAILED] - com.kms.katalon.core.exception.StepFailedException: No option matched.

2022-05-16 12:00:45 - [TEST_STEP][PASSED] - verifyTextPresent("Transaction Successful", true): Text 'Transaction Successful' is present on page  using regular expression

2022-05-16 12:00:46 - [MESSAGE][PASSED] - Text 'Transaction Successful' is present on page  using regular expression

2022-05-16 12:00:46 - [TEST_STEP][PASSED] - verifyElementVisible(findTestObject("Object Repository/AdminSuiteBootstrap_Pages/VT_Bootstrap/Receipt/button_Continue")): Object 'Object Repository/AdminSuiteBootstrap_Pages/VT_Bootstrap/Receipt/button_Continue' is visible

2022-05-16 12:00:46 - [MESSAGE][PASSED] - Object 'Object Repository/AdminSuiteBootstrap_Pages/VT_Bootstrap/Receipt/button_Continue' is visible

2022-05-16 12:00:46 - [TEST_STEP][PASSED] - verifyElementPresent(findTestObject("Object Repository/AdminSuiteBootstrap_Pages/VT_Bootstrap/Receipt/button_Continue"), 20): Object 'Object Repository/AdminSuiteBootstrap_Pages/VT_Bootstrap/Receipt/button_Continue' is present

2022-05-16 12:00:46 - [MESSAGE][PASSED] - Object 'Object Repository/AdminSuiteBootstrap_Pages/VT_Bootstrap/Receipt/button_Continue' is present

2022-05-16 12:00:46 - [TEST_STEP][PASSED] - verifyElementVisible(findTestObject("Object Repository/AdminSuiteBootstrap_Pages/VT_Bootstrap/Receipt/button_Print")): Object 'Object Repository/AdminSuiteBootstrap_Pages/VT_Bootstrap/Receipt/button_Print' is visible

2022-05-16 12:00:47 - [MESSAGE][PASSED] - Object 'Object Repository/AdminSuiteBootstrap_Pages/VT_Bootstrap/Receipt/button_Print' is visible

2022-05-16 12:00:47 - [TEST_STEP][PASSED] - verifyElementPresent(findTestObject("Object Repository/AdminSuiteBootstrap_Pages/VT_Bootstrap/Receipt/button_Print"), 20): Object 'Object Repository/AdminSuiteBootstrap_Pages/VT_Bootstrap/Receipt/button_Print' is present

2022-05-16 12:00:47 - [MESSAGE][PASSED] - Object 'Object Repository/AdminSuiteBootstrap_Pages/VT_Bootstrap/Receipt/button_Print' is present

2022-05-16 12:00:47 - [TEST_STEP][PASSED] - verifyTextPresent("Remittance ID", true): Text 'Remittance ID' is present on page  using regular expression

2022-05-16 12:00:47 - [MESSAGE][PASSED] - Text 'Remittance ID' is present on page  using regular expression

2022-05-16 12:00:47 - [TEST_STEP][PASSED] - verifyTextPresent("Received", true): Text 'Received' is present on page  using regular expression

2022-05-16 12:00:48 - [MESSAGE][PASSED] - Text 'Received' is present on page  using regular expression

2022-05-16 12:00:48 - [TEST_STEP][PASSED] - verifyTextPresent("UDF1", true): Text 'UDF1' is present on page  using regular expression

2022-05-16 12:00:48 - [MESSAGE][PASSED] - Text 'UDF1' is present on page  using regular expression

2022-05-16 12:00:48 - [TEST_STEP][PASSED] - verifyTextPresent("UDF2", true): Text 'UDF2' is present on page  using regular expression

2022-05-16 12:00:48 - [MESSAGE][PASSED] - Text 'UDF2' is present on page  using regular expression

2022-05-16 12:00:48 - [TEST_STEP][PASSED] - verifyTextPresent("UDF3", true): Text 'UDF3' is present on page  using regular expression

2022-05-16 12:00:49 - [MESSAGE][PASSED] - Text 'UDF3' is present on page  using regular expression

2022-05-16 12:00:49 - [TEST_STEP][PASSED] - verifyTextPresent("UDF4", true): Text 'UDF4' is present on page  using regular expression

2022-05-16 12:00:49 - [MESSAGE][PASSED] - Text 'UDF4' is present on page  using regular expression

2022-05-16 12:00:49 - [TEST_STEP][PASSED] - verifyTextPresent("UDF5", true): Text 'UDF5' is present on page  using regular expression

2022-05-16 12:00:49 - [MESSAGE][PASSED] - Text 'UDF5' is present on page  using regular expression

2022-05-16 12:00:49 - [TEST_STEP][PASSED] - verifyTextPresent("UDF6", true): Text 'UDF6' is present on page  using regular expression

2022-05-16 12:00:50 - [MESSAGE][PASSED] - Text 'UDF6' is present on page  using regular expression

2022-05-16 12:00:50 - [TEST_STEP][PASSED] - verifyTextPresent("UDF7", true): Text 'UDF7' is present on page  using regular expression

2022-05-16 12:00:50 - [MESSAGE][PASSED] - Text 'UDF7' is present on page  using regular expression

2022-05-16 12:00:50 - [TEST_STEP][PASSED] - verifyTextPresent("UDF8", true): Text 'UDF8' is present on page  using regular expression

2022-05-16 12:00:50 - [MESSAGE][PASSED] - Text 'UDF8' is present on page  using regular expression

2022-05-16 12:00:50 - [TEST_STEP][PASSED] - verifyTextPresent("UDF9", true): Text 'UDF9' is present on page  using regular expression

2022-05-16 12:00:51 - [MESSAGE][PASSED] - Text 'UDF9' is present on page  using regular expression

2022-05-16 12:00:51 - [TEST_STEP][PASSED] - verifyTextPresent("UDF 10", true): Text 'UDF 10' is present on page  using regular expression

2022-05-16 12:00:51 - [MESSAGE][PASSED] - Text 'UDF 10' is present on page  using regular expression

2022-05-16 12:00:51 - [TEST_STEP][PASSED] - verifyTextPresent("Delhi", true): Text 'Delhi' is present on page  using regular expression

2022-05-16 12:00:51 - [MESSAGE][PASSED] - Text 'Delhi' is present on page  using regular expression

2022-05-16 12:00:51 - [TEST_STEP][PASSED] - verifyTextPresent("Chennai", true): Text 'Chennai' is present on page  using regular expression

2022-05-16 12:00:52 - [MESSAGE][PASSED] - Text 'Chennai' is present on page  using regular expression

2022-05-16 12:00:52 - [TEST_STEP][PASSED] - verifyTextPresent("Mumbai", true): Text 'Mumbai' is present on page  using regular expression

2022-05-16 12:00:52 - [MESSAGE][PASSED] - Text 'Mumbai' is present on page  using regular expression

2022-05-16 12:00:52 - [TEST_STEP][PASSED] - verifyTextPresent("Kanpur", true): Text 'Kanpur' is present on page  using regular expression

2022-05-16 12:00:53 - [MESSAGE][PASSED] - Text 'Kanpur' is present on page  using regular expression

2022-05-16 12:00:53 - [TEST_STEP][PASSED] - verifyTextPresent("Orange Recorded", true): Text 'Orange Recorded' is present on page  using regular expression

2022-05-16 12:00:53 - [MESSAGE][PASSED] - Text 'Orange Recorded' is present on page  using regular expression

2022-05-16 12:00:53 - [TEST_STEP][PASSED] - verifyTextPresent("Yellow Recorded", true): Text 'Yellow Recorded' is present on page  using regular expression

2022-05-16 12:00:53 - [MESSAGE][PASSED] - Text 'Yellow Recorded' is present on page  using regular expression

2022-05-16 12:00:53 - [TEST_STEP][PASSED] - verifyTextPresent("Kolkata", true): Text 'Kolkata' is present on page  using regular expression

2022-05-16 12:00:54 - [MESSAGE][PASSED] - Text 'Kolkata' is present on page  using regular expression

2022-05-16 12:00:54 - [TEST_STEP][PASSED] - verifyTextPresent("Pune", true): Text 'Pune' is present on page  using regular expression

2022-05-16 12:00:54 - [MESSAGE][PASSED] - Text 'Pune' is present on page  using regular expression

2022-05-16 12:00:54 - [TEST_STEP][PASSED] - verifyTextPresent("Bhavnagar", true): Text 'Bhavnagar' is present on page  using regular expression

2022-05-16 12:00:54 - [MESSAGE][PASSED] - Text 'Bhavnagar' is present on page  using regular expression

2022-05-16 12:00:54 - [TEST_STEP][PASSED] - verifyTextPresent("Noida", true): Text 'Noida' is present on page  using regular expression

2022-05-16 12:00:55 - [MESSAGE][PASSED] - Text 'Noida' is present on page  using regular expression

2022-05-16 12:00:55 - [TEST_STEP][PASSED] - verifyTextPresent("Amount", true): Text 'Amount' is present on page  using regular expression

2022-05-16 12:00:55 - [MESSAGE][PASSED] - Text 'Amount' is present on page  using regular expression

2022-05-16 12:00:55 - [TEST_STEP][PASSED] - verifyTextPresent("2.50", true): Text '2.50' is present on page  using regular expression

2022-05-16 12:00:55 - [MESSAGE][PASSED] - Text '2.50' is present on page  using regular expression

2022-05-16 12:00:55 - [TEST_STEP][PASSED] - verifyTextPresent("Transaction Type", true): Text 'Transaction Type' is present on page  using regular expression

2022-05-16 12:00:56 - [MESSAGE][PASSED] - Text 'Transaction Type' is present on page  using regular expression

2022-05-16 12:00:56 - [TEST_STEP][PASSED] - verifyTextPresent("Debit", true): Text 'Debit' is present on page  using regular expression

2022-05-16 12:00:56 - [MESSAGE][PASSED] - Text 'Debit' is present on page  using regular expression

2022-05-16 12:00:56 - [TEST_STEP][PASSED] - verifyTextPresent("Check Information", true): Text 'Check Information' is present on page  using regular expression

2022-05-16 12:00:56 - [MESSAGE][PASSED] - Text 'Check Information' is present on page  using regular expression

2022-05-16 12:00:56 - [TEST_STEP][PASSED] - verifyTextPresent("Account Type", true): Text 'Account Type' is present on page  using regular expression

2022-05-16 12:00:57 - [MESSAGE][PASSED] - Text 'Account Type' is present on page  using regular expression

2022-05-16 12:00:57 - [TEST_STEP][PASSED] - verifyTextPresent("Account Number", true): Text 'Account Number' is present on page  using regular expression

2022-05-16 12:00:57 - [MESSAGE][PASSED] - Text 'Account Number' is present on page  using regular expression

2022-05-16 12:00:57 - [TEST_STEP][PASSED] - verifyTextPresent("Routing Number", true): Text 'Routing Number' is present on page  using regular expression

2022-05-16 12:00:57 - [MESSAGE][PASSED] - Text 'Routing Number' is present on page  using regular expression

2022-05-16 12:00:57 - [TEST_STEP][PASSED] - verifyTextPresent("Address Line 1", true): Text 'Address Line 1' is present on page  using regular expression

2022-05-16 12:00:58 - [MESSAGE][PASSED] - Text 'Address Line 1' is present on page  using regular expression

2022-05-16 12:00:58 - [TEST_STEP][PASSED] - verifyTextPresent("Address Line 2", true): Text 'Address Line 2' is present on page  using regular expression

2022-05-16 12:00:58 - [MESSAGE][PASSED] - Text 'Address Line 2' is present on page  using regular expression

2022-05-16 12:00:58 - [TEST_STEP][PASSED] - verifyTextPresent("Country", true): Text 'Country' is present on page  using regular expression

2022-05-16 12:00:58 - [MESSAGE][PASSED] - Text 'Country' is present on page  using regular expression

2022-05-16 12:00:58 - [TEST_STEP][PASSED] - verifyTextPresent("City", true): Text 'City' is present on page  using regular expression

2022-05-16 12:00:59 - [MESSAGE][PASSED] - Text 'City' is present on page  using regular expression

2022-05-16 12:00:59 - [TEST_STEP][PASSED] - verifyTextPresent("State", true): Text 'State' is present on page  using regular expression

2022-05-16 12:00:59 - [MESSAGE][PASSED] - Text 'State' is present on page  using regular expression

2022-05-16 12:00:59 - [TEST_STEP][PASSED] - verifyTextPresent("ZIP Code", true): Text 'ZIP Code' is present on page  using regular expression

2022-05-16 12:00:59 - [MESSAGE][PASSED] - Text 'ZIP Code' is present on page  using regular expression

2022-05-16 12:00:59 - [TEST_STEP][PASSED] - verifyTextPresent("248 PhoolKaante road", true): Text '248 PhoolKaante road' is present on page  using regular expression

2022-05-16 12:01:00 - [MESSAGE][PASSED] - Text '248 PhoolKaante road' is present on page  using regular expression

2022-05-16 12:01:00 - [TEST_STEP][PASSED] - verifyTextPresent("Suite 678", true): Text 'Suite 678' is present on page  using regular expression

2022-05-16 12:01:00 - [MESSAGE][PASSED] - Text 'Suite 678' is present on page  using regular expression

2022-05-16 12:01:00 - [TEST_STEP][PASSED] - verifyTextPresent("United States", true): Text 'United States' is present on page  using regular expression

2022-05-16 12:01:00 - [MESSAGE][PASSED] - Text 'United States' is present on page  using regular expression

2022-05-16 12:01:00 - [TEST_STEP][PASSED] - verifyTextPresent("ARLINGTON", true): Text 'ARLINGTON' is present on page  using regular expression

2022-05-16 12:01:01 - [MESSAGE][PASSED] - Text 'ARLINGTON' is present on page  using regular expression

2022-05-16 12:01:01 - [TEST_STEP][PASSED] - verifyTextPresent("Virginia", true): Text 'Virginia' is present on page  using regular expression

2022-05-16 12:01:01 - [MESSAGE][PASSED] - Text 'Virginia' is present on page  using regular expression

2022-05-16 12:01:01 - [TEST_STEP][PASSED] - verifyTextPresent("22201", true): Text '22201' is present on page  using regular expression

2022-05-16 12:01:01 - [MESSAGE][PASSED] - Text '22201' is present on page  using regular expression

2022-05-16 12:01:01 - [TEST_STEP][PASSED] - tranType = findTestData(dataFile).getValue("TranType", row): null

2022-05-16 12:01:01 - [TEST_STEP][PASSED] - last4V = findTestData(dataFile).getValue("Last4", row): null

2022-05-16 12:01:01 - [TEST_STEP][PASSED] - verifyTextPresent(tranType, true): Text 'Checking' is present on page  using regular expression

2022-05-16 12:01:02 - [MESSAGE][PASSED] - Text 'Checking' is present on page  using regular expression

2022-05-16 12:01:02 - [TEST_STEP][PASSED] - verifyTextPresent(last4V, true): Text '2222' is present on page  using regular expression

2022-05-16 12:01:02 - [MESSAGE][PASSED] - Text '2222' is present on page  using regular expression

2022-05-16 12:01:02 - [TEST_STEP][PASSED] - if (profNameLink.equalsIgnoreCase("a_PaymentsPC")): Text 'TANDON RAVENA' is present on page  using regular expression

2022-05-16 12:01:02 - [TEST_STEP][PASSED] - verifyTextPresent("Name on Account", true): Text 'Name on Account' is present on page  using regular expression

2022-05-16 12:01:03 - [MESSAGE][PASSED] - Text 'Name on Account' is present on page  using regular expression

2022-05-16 12:01:03 - [TEST_STEP][PASSED] - verifyTextPresent("TANDON RAVENA", true): Text 'TANDON RAVENA' is present on page  using regular expression

2022-05-16 12:01:03 - [MESSAGE][PASSED] - Text 'TANDON RAVENA' is present on page  using regular expression

2022-05-16 12:01:03 - [TEST_STEP][PASSED] - if (profNameLink.equalsIgnoreCase("a_PaymentsPS")): null

2022-05-16 12:01:03 - [TEST_STEP][PASSED] - if (profNameLink.equalsIgnoreCase("a_PaymentsCorp")): null

2022-05-16 12:01:03 - [TEST_STEP][PASSED] - switch (appName): null

2022-05-16 12:01:03 - [TEST_STEP][PASSED] - case "a_Access AutoSingleCFtpDemo":: null

2022-05-16 12:01:03 - [TEST_STEP][PASSED] - verifyTextPresent("5.00", true): Text '5.00' is present on page  using regular expression

2022-05-16 12:01:03 - [MESSAGE][PASSED] - Text '5.00' is present on page  using regular expression

2022-05-16 12:01:03 - [TEST_STEP][PASSED] - verifyTextPresent("Single Transaction", true): Text 'Single Transaction' is present on page  using regular expression

2022-05-16 12:01:04 - [MESSAGE][PASSED] - Text 'Single Transaction' is present on page  using regular expression

2022-05-16 12:01:04 - [TEST_STEP][PASSED] - verifyTextPresent("7.50", true): Text '7.50' is present on page  using regular expression

2022-05-16 12:01:04 - [MESSAGE][PASSED] - Text '7.50' is present on page  using regular expression

2022-05-16 12:01:04 - [TEST_STEP][PASSED] - verifyTextPresent("Total Amount", true): Text 'Total Amount' is present on page  using regular expression

2022-05-16 12:01:04 - [MESSAGE][PASSED] - Text 'Total Amount' is present on page  using regular expression

2022-05-16 12:01:04 - [TEST_STEP][PASSED] - verifyTextPresent("Transaction Type", true): Text 'Transaction Type' is present on page  using regular expression

2022-05-16 12:01:05 - [MESSAGE][PASSED] - Text 'Transaction Type' is present on page  using regular expression

2022-05-16 12:01:05 - [TEST_STEP][PASSED] - break: null

2022-05-16 12:01:05 - [TEST_STEP][PASSED] - closeBrowser(): Browser is closed

2022-05-16 12:01:06 - [MESSAGE][PASSED] - Browser is closed

2022-05-16 12:01:06 - [TEST_STEP][PASSED] - ExecuteTC = findTestData(dataFile).getValue("Execute", row): null

2022-05-16 12:01:06 - [TEST_STEP][PASSED] - out.println("Value of Execute is : " + ExecuteTC): null

2022-05-16 12:01:06 - [TEST_STEP][PASSED] - switch (executionProfile): null

2022-05-16 12:01:06 - [TEST_STEP][PASSED] - case "DemoProfile":: null

2022-05-16 12:01:06 - [TEST_STEP][PASSED] - appName = findTestData(dataFile).getValue("AppNameDemo", row): null

2022-05-16 12:01:06 - [TEST_STEP][PASSED] - appID = findTestData(dataFile).getValue("AppIDDemo", row): null

2022-05-16 12:01:06 - [TEST_STEP][PASSED] - break: null

2022-05-16 12:01:06 - [TEST_STEP][FAILED] - if (ExecuteTC.equalsIgnoreCase("Y")): null

2022-05-16 12:01:06 - [TEST_STEP][PASSED] - out.println("Begin Record Number: " + row): null

2022-05-16 12:01:06 - [TEST_STEP][PASSED] - today = new java.util.Date(): null

2022-05-16 12:01:06 - [TEST_STEP][PASSED] - println(today): null

2022-05-16 12:01:06 - [TEST_STEP][PASSED] - datText = today: null

2022-05-16 12:01:06 - [TEST_STEP][PASSED] - adminSuiteBootstrap.loginFunctionality.login_AdminSuite(): adminSuiteBootstrap.loginFunctionality.login_AdminSuite is PASSED

2022-05-16 12:01:06 - [MESSAGE][INFO] - Starting 'Chrome' driver

2022-05-16 12:01:06 - [MESSAGE][INFO] - User set preference: ['acceptInsecureCerts', 'true']

2022-05-16 12:01:06 - [MESSAGE][INFO] - Action delay is set to 0 milliseconds

2022-05-16 12:01:09 - [MESSAGE][PASSED] - Browser is opened with url: 'https://demo.velocitypayment.com/admin/imtiazdemo'

2022-05-16 12:01:09 - [MESSAGE][PASSED] - Current window maximized

2022-05-16 12:01:09 - [MESSAGE][PASSED] - Object 'Object Repository/Login_Page/Login_Username' is present

2022-05-16 12:01:10 - [MESSAGE][PASSED] - Text 'iahmed' is set on object 'Object Repository/Login_Page/Login_Username'

2022-05-16 12:01:11 - [MESSAGE][PASSED] - Text 'hello2222' is set on object 'Object Repository/Login_Page/Login_Password'

2022-05-16 12:01:14 - [MESSAGE][PASSED] - Object: 'Object Repository/Login_Page/Login_Submit' is clicked on

2022-05-16 12:01:14 - [MESSAGE][PASSED] - adminSuiteBootstrap.loginFunctionality.login_AdminSuite is PASSED

2022-05-16 12:01:14 - [TEST_STEP][PASSED] - click(findTestObject(path_Dashboard + appName)): Object: 'Object Repository/AdminSuiteBootstrap_Pages/Dashboard_Bootstrap/a_Access AutoSingleCFtpDemo' is clicked on

2022-05-16 12:01:16 - [MESSAGE][PASSED] - Object: 'Object Repository/AdminSuiteBootstrap_Pages/Dashboard_Bootstrap/a_Access AutoSingleCFtpDemo' is clicked on

2022-05-16 12:01:16 - [TEST_STEP][PASSED] - click(findTestObject(path_VT + "a_Find Profile")): Object: 'Object Repository/AdminSuiteBootstrap_Pages/VT_Bootstrap/IssueTransactions/a_Find Profile' is clicked on

2022-05-16 12:01:17 - [MESSAGE][PASSED] - Object: 'Object Repository/AdminSuiteBootstrap_Pages/VT_Bootstrap/IssueTransactions/a_Find Profile' is clicked on

2022-05-16 12:01:17 - [TEST_STEP][PASSED] - criteria = <not implemented yet for class: org.codehaus.groovy.ast.expr.EmptyExpression>: null

2022-05-16 12:01:17 - [TEST_STEP][PASSED] - searchBy = <not implemented yet for class: org.codehaus.groovy.ast.expr.EmptyExpression>: null

2022-05-16 12:01:17 - [TEST_STEP][PASSED] - criteria = findTestData(dataFile).getValue("ProfileName", row): null

2022-05-16 12:01:17 - [TEST_STEP][PASSED] - path_SearchProfile = "Object Repository/AdminSuiteBootstrap_Pages/VSP_Bootstrap/SearchProfile/": null

2022-05-16 12:01:17 - [TEST_STEP][PASSED] - setText(findTestObject(path_SearchProfile + "input_Criteria"), criteria): Text 'PaymentsPC' is set on object 'Object Repository/AdminSuiteBootstrap_Pages/VSP_Bootstrap/SearchProfile/input_Criteria'

2022-05-16 12:01:17 - [MESSAGE][PASSED] - Text 'PaymentsPC' is set on object 'Object Repository/AdminSuiteBootstrap_Pages/VSP_Bootstrap/SearchProfile/input_Criteria'

2022-05-16 12:01:17 - [TEST_STEP][PASSED] - click(findTestObject(path_SearchProfile + "button_Search")): Object: 'Object Repository/AdminSuiteBootstrap_Pages/VSP_Bootstrap/SearchProfile/button_Search' is clicked on

2022-05-16 12:01:20 - [MESSAGE][PASSED] - Object: 'Object Repository/AdminSuiteBootstrap_Pages/VSP_Bootstrap/SearchProfile/button_Search' is clicked on

2022-05-16 12:01:20 - [TEST_STEP][PASSED] - profNameLink = findTestData(dataFile).getValue("ProfileNameLink", row): null

2022-05-16 12:01:20 - [TEST_STEP][PASSED] - click(findTestObject(path_ViewProfile + profNameLink)): Object: 'Object Repository/AdminSuiteBootstrap_Pages/VSP_Bootstrap/View Profile/a_PaymentsPC' is clicked on

2022-05-16 12:01:23 - [MESSAGE][PASSED] - Object: 'Object Repository/AdminSuiteBootstrap_Pages/VSP_Bootstrap/View Profile/a_PaymentsPC' is clicked on

2022-05-16 12:01:23 - [TEST_STEP][PASSED] - click(findTestObject(path_ViewProfile + "a_Debit")): Object: 'Object Repository/AdminSuiteBootstrap_Pages/VSP_Bootstrap/View Profile/a_Debit' is clicked on

2022-05-16 12:01:26 - [MESSAGE][PASSED] - Object: 'Object Repository/AdminSuiteBootstrap_Pages/VSP_Bootstrap/View Profile/a_Debit' is clicked on

2022-05-16 12:01:26 - [TEST_STEP][PASSED] - verifyTextPresent("Remittance ID", true): Text 'Remittance ID' is present on page  using regular expression

2022-05-16 12:01:28 - [MESSAGE][PASSED] - Text 'Remittance ID' is present on page  using regular expression

2022-05-16 12:01:28 - [TEST_STEP][FAILED] - vspBootstrap.ACHDebitPage.setDataACHDebit(row, dataFile): com.kms.katalon.core.exception.StepFailedException: No option matched.

2022-05-16 12:01:59 - [MESSAGE][INFO] - Unable to find the element located by 'By.xpath: id("form1")/div[@class="timeline-post"]/div[@class="row border-bottom"]/div[@class="col-md-6"]/div[@class="post-content"]/div[@class="row"]/div[@class="col-md-6"]/div[@class="form-floating"]/select[@class="form-select form-control"][count(. | //*[@name = 'standardEntryClass']) = count(//*[@name = 'standardEntryClass'])]'. Please recheck the objects properties to make sure the desired element is located. 

2022-05-16 12:01:59 - [MESSAGE][WARNING] - [SELF-HEALING] Failed to find element with id 'Object Repository/AdminSuiteBootstrap_Pages/VSP_Bootstrap/VSP_Debit/select_StdEntryClass'. Try using Self-healing.

2022-05-16 12:02:00 - [MESSAGE][WARNING] - [SELF-HEALING] The current locator of test object 'Object Repository/AdminSuiteBootstrap_Pages/VSP_Bootstrap/VSP_Debit/select_StdEntryClass' was broken. Propose an alternative one: '(.//*[normalize-space(text()) and normalize-space(.)='Account Type'])[1]/following::select[1]'.

2022-05-16 12:02:00 - [MESSAGE][FAILED] - No option matched.

2022-05-16 12:02:01 - [MESSAGE][PASSED] - Text '' is set on object 'Object Repository/AdminSuiteBootstrap_Pages/VSP_Bootstrap/VSP_Debit/input_smsNumber'

2022-05-16 12:02:01 - [MESSAGE][PASSED] - Text '2.50' is set on object 'Object Repository/AdminSuiteBootstrap_Pages/VSP_Bootstrap/VSP_Debit/input_amount'

2022-05-16 12:02:06 - [MESSAGE][PASSED] - Text 'Delhi' is set on object 'Object Repository/AdminSuiteBootstrap_Pages/VSP_Bootstrap/VSP_Debit/input_userDefined1'

2022-05-16 12:02:07 - [MESSAGE][PASSED] - Text 'Chennai' is set on object 'Object Repository/AdminSuiteBootstrap_Pages/VSP_Bootstrap/VSP_Debit/input_userDefined2'

2022-05-16 12:02:08 - [MESSAGE][PASSED] - Text 'Mumbai' is set on object 'Object Repository/AdminSuiteBootstrap_Pages/VSP_Bootstrap/VSP_Debit/input_userDefined3'

2022-05-16 12:02:08 - [MESSAGE][PASSED] - Text 'Kanpur' is set on object 'Object Repository/AdminSuiteBootstrap_Pages/VSP_Bootstrap/VSP_Debit/input_userDefined4'

2022-05-16 12:02:09 - [MESSAGE][PASSED] - All options with label 'Orange' are selected in object 'Object Repository/AdminSuiteBootstrap_Pages/VSP_Bootstrap/VSP_Debit/select_UDF5'  using regular expression

2022-05-16 12:02:10 - [MESSAGE][PASSED] - All options with label 'Yellow' are selected in object 'Object Repository/AdminSuiteBootstrap_Pages/VSP_Bootstrap/VSP_Debit/select_UDF6'  using regular expression

2022-05-16 12:02:11 - [MESSAGE][PASSED] - Text 'Kolkata' is set on object 'Object Repository/AdminSuiteBootstrap_Pages/VSP_Bootstrap/VSP_Debit/input_userDefined7'

2022-05-16 12:02:12 - [MESSAGE][PASSED] - Text 'Pune' is set on object 'Object Repository/AdminSuiteBootstrap_Pages/VSP_Bootstrap/VSP_Debit/input_userDefined8'

2022-05-16 12:02:12 - [MESSAGE][PASSED] - Text 'Bhavnagar' is set on object 'Object Repository/AdminSuiteBootstrap_Pages/VSP_Bootstrap/VSP_Debit/input_userDefined9'

2022-05-16 12:02:13 - [MESSAGE][PASSED] - Text 'Noida' is set on object 'Object Repository/AdminSuiteBootstrap_Pages/VSP_Bootstrap/VSP_Debit/input_userDefined10'

2022-05-16 12:02:16 - [MESSAGE][PASSED] - Object: 'Object Repository/AdminSuiteBootstrap_Pages/VSP_Bootstrap/VSP_Debit/button_Submit' is clicked on

2022-05-16 12:02:16 - [MESSAGE][FAILED] - com.kms.katalon.core.exception.StepFailedException: No option matched.

2022-05-16 12:02:16 - [TEST_STEP][PASSED] - verifyTextPresent("Transaction Successful", true): Text 'Transaction Successful' is present on page  using regular expression

2022-05-16 12:02:16 - [MESSAGE][PASSED] - Text 'Transaction Successful' is present on page  using regular expression

2022-05-16 12:02:16 - [TEST_STEP][PASSED] - verifyElementVisible(findTestObject("Object Repository/AdminSuiteBootstrap_Pages/VT_Bootstrap/Receipt/button_Continue")): Object 'Object Repository/AdminSuiteBootstrap_Pages/VT_Bootstrap/Receipt/button_Continue' is visible

2022-05-16 12:02:17 - [MESSAGE][PASSED] - Object 'Object Repository/AdminSuiteBootstrap_Pages/VT_Bootstrap/Receipt/button_Continue' is visible

2022-05-16 12:02:17 - [TEST_STEP][PASSED] - verifyElementPresent(findTestObject("Object Repository/AdminSuiteBootstrap_Pages/VT_Bootstrap/Receipt/button_Continue"), 20): Object 'Object Repository/AdminSuiteBootstrap_Pages/VT_Bootstrap/Receipt/button_Continue' is present

2022-05-16 12:02:17 - [MESSAGE][PASSED] - Object 'Object Repository/AdminSuiteBootstrap_Pages/VT_Bootstrap/Receipt/button_Continue' is present

2022-05-16 12:02:17 - [TEST_STEP][PASSED] - verifyElementVisible(findTestObject("Object Repository/AdminSuiteBootstrap_Pages/VT_Bootstrap/Receipt/button_Print")): Object 'Object Repository/AdminSuiteBootstrap_Pages/VT_Bootstrap/Receipt/button_Print' is visible

2022-05-16 12:02:17 - [MESSAGE][PASSED] - Object 'Object Repository/AdminSuiteBootstrap_Pages/VT_Bootstrap/Receipt/button_Print' is visible

2022-05-16 12:02:17 - [TEST_STEP][PASSED] - verifyElementPresent(findTestObject("Object Repository/AdminSuiteBootstrap_Pages/VT_Bootstrap/Receipt/button_Print"), 20): Object 'Object Repository/AdminSuiteBootstrap_Pages/VT_Bootstrap/Receipt/button_Print' is present

2022-05-16 12:02:18 - [MESSAGE][PASSED] - Object 'Object Repository/AdminSuiteBootstrap_Pages/VT_Bootstrap/Receipt/button_Print' is present

2022-05-16 12:02:18 - [TEST_STEP][PASSED] - verifyTextPresent("Remittance ID", true): Text 'Remittance ID' is present on page  using regular expression

2022-05-16 12:02:18 - [MESSAGE][PASSED] - Text 'Remittance ID' is present on page  using regular expression

2022-05-16 12:02:18 - [TEST_STEP][PASSED] - verifyTextPresent("Received", true): Text 'Received' is present on page  using regular expression

2022-05-16 12:02:18 - [MESSAGE][PASSED] - Text 'Received' is present on page  using regular expression

2022-05-16 12:02:18 - [TEST_STEP][PASSED] - verifyTextPresent("UDF1", true): Text 'UDF1' is present on page  using regular expression

2022-05-16 12:02:19 - [MESSAGE][PASSED] - Text 'UDF1' is present on page  using regular expression

2022-05-16 12:02:19 - [TEST_STEP][PASSED] - verifyTextPresent("UDF2", true): Text 'UDF2' is present on page  using regular expression

2022-05-16 12:02:19 - [MESSAGE][PASSED] - Text 'UDF2' is present on page  using regular expression

2022-05-16 12:02:19 - [TEST_STEP][PASSED] - verifyTextPresent("UDF3", true): Text 'UDF3' is present on page  using regular expression

2022-05-16 12:02:19 - [MESSAGE][PASSED] - Text 'UDF3' is present on page  using regular expression

2022-05-16 12:02:19 - [TEST_STEP][PASSED] - verifyTextPresent("UDF4", true): Text 'UDF4' is present on page  using regular expression

2022-05-16 12:02:20 - [MESSAGE][PASSED] - Text 'UDF4' is present on page  using regular expression

2022-05-16 12:02:20 - [TEST_STEP][PASSED] - verifyTextPresent("UDF5", true): Text 'UDF5' is present on page  using regular expression

2022-05-16 12:02:20 - [MESSAGE][PASSED] - Text 'UDF5' is present on page  using regular expression

2022-05-16 12:02:20 - [TEST_STEP][PASSED] - verifyTextPresent("UDF6", true): Text 'UDF6' is present on page  using regular expression

2022-05-16 12:02:20 - [MESSAGE][PASSED] - Text 'UDF6' is present on page  using regular expression

2022-05-16 12:02:20 - [TEST_STEP][PASSED] - verifyTextPresent("UDF7", true): Text 'UDF7' is present on page  using regular expression

2022-05-16 12:02:21 - [MESSAGE][PASSED] - Text 'UDF7' is present on page  using regular expression

2022-05-16 12:02:21 - [TEST_STEP][PASSED] - verifyTextPresent("UDF8", true): Text 'UDF8' is present on page  using regular expression

2022-05-16 12:02:21 - [MESSAGE][PASSED] - Text 'UDF8' is present on page  using regular expression

2022-05-16 12:02:21 - [TEST_STEP][PASSED] - verifyTextPresent("UDF9", true): Text 'UDF9' is present on page  using regular expression

2022-05-16 12:02:21 - [MESSAGE][PASSED] - Text 'UDF9' is present on page  using regular expression

2022-05-16 12:02:21 - [TEST_STEP][PASSED] - verifyTextPresent("UDF 10", true): Text 'UDF 10' is present on page  using regular expression

2022-05-16 12:02:22 - [MESSAGE][PASSED] - Text 'UDF 10' is present on page  using regular expression

2022-05-16 12:02:22 - [TEST_STEP][PASSED] - verifyTextPresent("Delhi", true): Text 'Delhi' is present on page  using regular expression

2022-05-16 12:02:22 - [MESSAGE][PASSED] - Text 'Delhi' is present on page  using regular expression

2022-05-16 12:02:22 - [TEST_STEP][PASSED] - verifyTextPresent("Chennai", true): Text 'Chennai' is present on page  using regular expression

2022-05-16 12:02:22 - [MESSAGE][PASSED] - Text 'Chennai' is present on page  using regular expression

2022-05-16 12:02:22 - [TEST_STEP][PASSED] - verifyTextPresent("Mumbai", true): Text 'Mumbai' is present on page  using regular expression

2022-05-16 12:02:23 - [MESSAGE][PASSED] - Text 'Mumbai' is present on page  using regular expression

2022-05-16 12:02:23 - [TEST_STEP][PASSED] - verifyTextPresent("Kanpur", true): Text 'Kanpur' is present on page  using regular expression

2022-05-16 12:02:23 - [MESSAGE][PASSED] - Text 'Kanpur' is present on page  using regular expression

2022-05-16 12:02:23 - [TEST_STEP][PASSED] - verifyTextPresent("Orange Recorded", true): Text 'Orange Recorded' is present on page  using regular expression

2022-05-16 12:02:23 - [MESSAGE][PASSED] - Text 'Orange Recorded' is present on page  using regular expression

2022-05-16 12:02:23 - [TEST_STEP][PASSED] - verifyTextPresent("Yellow Recorded", true): Text 'Yellow Recorded' is present on page  using regular expression

2022-05-16 12:02:24 - [MESSAGE][PASSED] - Text 'Yellow Recorded' is present on page  using regular expression

2022-05-16 12:02:24 - [TEST_STEP][PASSED] - verifyTextPresent("Kolkata", true): Text 'Kolkata' is present on page  using regular expression

2022-05-16 12:02:24 - [MESSAGE][PASSED] - Text 'Kolkata' is present on page  using regular expression

2022-05-16 12:02:24 - [TEST_STEP][PASSED] - verifyTextPresent("Pune", true): Text 'Pune' is present on page  using regular expression

2022-05-16 12:02:25 - [MESSAGE][PASSED] - Text 'Pune' is present on page  using regular expression

2022-05-16 12:02:25 - [TEST_STEP][PASSED] - verifyTextPresent("Bhavnagar", true): Text 'Bhavnagar' is present on page  using regular expression

2022-05-16 12:02:25 - [MESSAGE][PASSED] - Text 'Bhavnagar' is present on page  using regular expression

2022-05-16 12:02:25 - [TEST_STEP][PASSED] - verifyTextPresent("Noida", true): Text 'Noida' is present on page  using regular expression

2022-05-16 12:02:25 - [MESSAGE][PASSED] - Text 'Noida' is present on page  using regular expression

2022-05-16 12:02:25 - [TEST_STEP][PASSED] - verifyTextPresent("Amount", true): Text 'Amount' is present on page  using regular expression

2022-05-16 12:02:26 - [MESSAGE][PASSED] - Text 'Amount' is present on page  using regular expression

2022-05-16 12:02:26 - [TEST_STEP][PASSED] - verifyTextPresent("2.50", true): Text '2.50' is present on page  using regular expression

2022-05-16 12:02:26 - [MESSAGE][PASSED] - Text '2.50' is present on page  using regular expression

2022-05-16 12:02:26 - [TEST_STEP][PASSED] - verifyTextPresent("Transaction Type", true): Text 'Transaction Type' is present on page  using regular expression

2022-05-16 12:02:26 - [MESSAGE][PASSED] - Text 'Transaction Type' is present on page  using regular expression

2022-05-16 12:02:26 - [TEST_STEP][PASSED] - verifyTextPresent("Debit", true): Text 'Debit' is present on page  using regular expression

2022-05-16 12:02:27 - [MESSAGE][PASSED] - Text 'Debit' is present on page  using regular expression

2022-05-16 12:02:27 - [TEST_STEP][PASSED] - verifyTextPresent("Check Information", true): Text 'Check Information' is present on page  using regular expression

2022-05-16 12:02:27 - [MESSAGE][PASSED] - Text 'Check Information' is present on page  using regular expression

2022-05-16 12:02:27 - [TEST_STEP][PASSED] - verifyTextPresent("Account Type", true): Text 'Account Type' is present on page  using regular expression

2022-05-16 12:02:27 - [MESSAGE][PASSED] - Text 'Account Type' is present on page  using regular expression

2022-05-16 12:02:27 - [TEST_STEP][PASSED] - verifyTextPresent("Account Number", true): Text 'Account Number' is present on page  using regular expression

2022-05-16 12:02:28 - [MESSAGE][PASSED] - Text 'Account Number' is present on page  using regular expression

2022-05-16 12:02:28 - [TEST_STEP][PASSED] - verifyTextPresent("Routing Number", true): Text 'Routing Number' is present on page  using regular expression

2022-05-16 12:02:28 - [MESSAGE][PASSED] - Text 'Routing Number' is present on page  using regular expression

2022-05-16 12:02:28 - [TEST_STEP][PASSED] - verifyTextPresent("Address Line 1", true): Text 'Address Line 1' is present on page  using regular expression

2022-05-16 12:02:28 - [MESSAGE][PASSED] - Text 'Address Line 1' is present on page  using regular expression

2022-05-16 12:02:28 - [TEST_STEP][PASSED] - verifyTextPresent("Address Line 2", true): Text 'Address Line 2' is present on page  using regular expression

2022-05-16 12:02:29 - [MESSAGE][PASSED] - Text 'Address Line 2' is present on page  using regular expression

2022-05-16 12:02:29 - [TEST_STEP][PASSED] - verifyTextPresent("Country", true): Text 'Country' is present on page  using regular expression

2022-05-16 12:02:29 - [MESSAGE][PASSED] - Text 'Country' is present on page  using regular expression

2022-05-16 12:02:29 - [TEST_STEP][PASSED] - verifyTextPresent("City", true): Text 'City' is present on page  using regular expression

2022-05-16 12:02:29 - [MESSAGE][PASSED] - Text 'City' is present on page  using regular expression

2022-05-16 12:02:29 - [TEST_STEP][PASSED] - verifyTextPresent("State", true): Text 'State' is present on page  using regular expression

2022-05-16 12:02:30 - [MESSAGE][PASSED] - Text 'State' is present on page  using regular expression

2022-05-16 12:02:30 - [TEST_STEP][PASSED] - verifyTextPresent("ZIP Code", true): Text 'ZIP Code' is present on page  using regular expression

2022-05-16 12:02:30 - [MESSAGE][PASSED] - Text 'ZIP Code' is present on page  using regular expression

2022-05-16 12:02:30 - [TEST_STEP][PASSED] - verifyTextPresent("248 PhoolKaante road", true): Text '248 PhoolKaante road' is present on page  using regular expression

2022-05-16 12:02:30 - [MESSAGE][PASSED] - Text '248 PhoolKaante road' is present on page  using regular expression

2022-05-16 12:02:30 - [TEST_STEP][PASSED] - verifyTextPresent("Suite 678", true): Text 'Suite 678' is present on page  using regular expression

2022-05-16 12:02:31 - [MESSAGE][PASSED] - Text 'Suite 678' is present on page  using regular expression

2022-05-16 12:02:31 - [TEST_STEP][PASSED] - verifyTextPresent("United States", true): Text 'United States' is present on page  using regular expression

2022-05-16 12:02:31 - [MESSAGE][PASSED] - Text 'United States' is present on page  using regular expression

2022-05-16 12:02:31 - [TEST_STEP][PASSED] - verifyTextPresent("ARLINGTON", true): Text 'ARLINGTON' is present on page  using regular expression

2022-05-16 12:02:31 - [MESSAGE][PASSED] - Text 'ARLINGTON' is present on page  using regular expression

2022-05-16 12:02:31 - [TEST_STEP][PASSED] - verifyTextPresent("Virginia", true): Text 'Virginia' is present on page  using regular expression

2022-05-16 12:02:32 - [MESSAGE][PASSED] - Text 'Virginia' is present on page  using regular expression

2022-05-16 12:02:32 - [TEST_STEP][PASSED] - verifyTextPresent("22201", true): Text '22201' is present on page  using regular expression

2022-05-16 12:02:32 - [MESSAGE][PASSED] - Text '22201' is present on page  using regular expression

2022-05-16 12:02:32 - [TEST_STEP][PASSED] - tranType = findTestData(dataFile).getValue("TranType", row): null

2022-05-16 12:02:32 - [TEST_STEP][PASSED] - last4V = findTestData(dataFile).getValue("Last4", row): null

2022-05-16 12:02:32 - [TEST_STEP][PASSED] - verifyTextPresent(tranType, true): Text 'Checking' is present on page  using regular expression

2022-05-16 12:02:32 - [MESSAGE][PASSED] - Text 'Checking' is present on page  using regular expression

2022-05-16 12:02:32 - [TEST_STEP][PASSED] - verifyTextPresent(last4V, true): Text '2222' is present on page  using regular expression

2022-05-16 12:02:33 - [MESSAGE][PASSED] - Text '2222' is present on page  using regular expression

2022-05-16 12:02:33 - [TEST_STEP][PASSED] - if (profNameLink.equalsIgnoreCase("a_PaymentsPC")): Text 'TANDON RAVENA' is present on page  using regular expression

2022-05-16 12:02:33 - [TEST_STEP][PASSED] - verifyTextPresent("Name on Account", true): Text 'Name on Account' is present on page  using regular expression

2022-05-16 12:02:33 - [MESSAGE][PASSED] - Text 'Name on Account' is present on page  using regular expression

2022-05-16 12:02:33 - [TEST_STEP][PASSED] - verifyTextPresent("TANDON RAVENA", true): Text 'TANDON RAVENA' is present on page  using regular expression

2022-05-16 12:02:33 - [MESSAGE][PASSED] - Text 'TANDON RAVENA' is present on page  using regular expression

2022-05-16 12:02:33 - [TEST_STEP][PASSED] - if (profNameLink.equalsIgnoreCase("a_PaymentsPS")): null

2022-05-16 12:02:33 - [TEST_STEP][PASSED] - if (profNameLink.equalsIgnoreCase("a_PaymentsCorp")): null

2022-05-16 12:02:33 - [TEST_STEP][PASSED] - switch (appName): null

2022-05-16 12:02:33 - [TEST_STEP][PASSED] - case "a_Access AutoSingleCFtpDemo":: null

2022-05-16 12:02:33 - [TEST_STEP][PASSED] - verifyTextPresent("5.00", true): Text '5.00' is present on page  using regular expression

2022-05-16 12:02:34 - [MESSAGE][PASSED] - Text '5.00' is present on page  using regular expression

2022-05-16 12:02:34 - [TEST_STEP][PASSED] - verifyTextPresent("Single Transaction", true): Text 'Single Transaction' is present on page  using regular expression

2022-05-16 12:02:34 - [MESSAGE][PASSED] - Text 'Single Transaction' is present on page  using regular expression

2022-05-16 12:02:34 - [TEST_STEP][PASSED] - verifyTextPresent("7.50", true): Text '7.50' is present on page  using regular expression

2022-05-16 12:02:35 - [MESSAGE][PASSED] - Text '7.50' is present on page  using regular expression

2022-05-16 12:02:35 - [TEST_STEP][PASSED] - verifyTextPresent("Total Amount", true): Text 'Total Amount' is present on page  using regular expression

2022-05-16 12:02:35 - [MESSAGE][PASSED] - Text 'Total Amount' is present on page  using regular expression

2022-05-16 12:02:35 - [TEST_STEP][PASSED] - verifyTextPresent("Transaction Type", true): Text 'Transaction Type' is present on page  using regular expression

2022-05-16 12:02:35 - [MESSAGE][PASSED] - Text 'Transaction Type' is present on page  using regular expression

2022-05-16 12:02:35 - [TEST_STEP][PASSED] - break: null

2022-05-16 12:02:35 - [TEST_STEP][PASSED] - closeBrowser(): Browser is closed

2022-05-16 12:02:36 - [MESSAGE][PASSED] - Browser is closed

2022-05-16 12:02:36 - [TEST_STEP][PASSED] - ExecuteTC = findTestData(dataFile).getValue("Execute", row): null

2022-05-16 12:02:36 - [TEST_STEP][PASSED] - out.println("Value of Execute is : " + ExecuteTC): null

2022-05-16 12:02:36 - [TEST_STEP][PASSED] - switch (executionProfile): null

2022-05-16 12:02:36 - [TEST_STEP][PASSED] - case "DemoProfile":: null

2022-05-16 12:02:36 - [TEST_STEP][PASSED] - appName = findTestData(dataFile).getValue("AppNameDemo", row): null

2022-05-16 12:02:36 - [TEST_STEP][PASSED] - appID = findTestData(dataFile).getValue("AppIDDemo", row): null

2022-05-16 12:02:36 - [TEST_STEP][PASSED] - break: null

2022-05-16 12:02:36 - [TEST_STEP][FAILED] - if (ExecuteTC.equalsIgnoreCase("Y")): null

2022-05-16 12:02:36 - [TEST_STEP][PASSED] - out.println("Begin Record Number: " + row): null

2022-05-16 12:02:36 - [TEST_STEP][PASSED] - today = new java.util.Date(): null

2022-05-16 12:02:36 - [TEST_STEP][PASSED] - println(today): null

2022-05-16 12:02:36 - [TEST_STEP][PASSED] - datText = today: null

2022-05-16 12:02:36 - [TEST_STEP][PASSED] - adminSuiteBootstrap.loginFunctionality.login_AdminSuite(): adminSuiteBootstrap.loginFunctionality.login_AdminSuite is PASSED

2022-05-16 12:02:36 - [MESSAGE][INFO] - Starting 'Chrome' driver

2022-05-16 12:02:36 - [MESSAGE][INFO] - User set preference: ['acceptInsecureCerts', 'true']

2022-05-16 12:02:36 - [MESSAGE][INFO] - Action delay is set to 0 milliseconds

2022-05-16 12:02:38 - [MESSAGE][PASSED] - Browser is opened with url: 'https://demo.velocitypayment.com/admin/imtiazdemo'

2022-05-16 12:02:39 - [MESSAGE][PASSED] - Current window maximized

2022-05-16 12:02:39 - [MESSAGE][PASSED] - Object 'Object Repository/Login_Page/Login_Username' is present

2022-05-16 12:02:40 - [MESSAGE][PASSED] - Text 'iahmed' is set on object 'Object Repository/Login_Page/Login_Username'

2022-05-16 12:02:40 - [MESSAGE][PASSED] - Text 'hello2222' is set on object 'Object Repository/Login_Page/Login_Password'

2022-05-16 12:02:45 - [MESSAGE][PASSED] - Object: 'Object Repository/Login_Page/Login_Submit' is clicked on

2022-05-16 12:02:45 - [MESSAGE][PASSED] - adminSuiteBootstrap.loginFunctionality.login_AdminSuite is PASSED

2022-05-16 12:02:45 - [TEST_STEP][PASSED] - click(findTestObject(path_Dashboard + appName)): Object: 'Object Repository/AdminSuiteBootstrap_Pages/Dashboard_Bootstrap/a_Access AutoSingleCFtpDemo' is clicked on

2022-05-16 12:02:48 - [MESSAGE][PASSED] - Object: 'Object Repository/AdminSuiteBootstrap_Pages/Dashboard_Bootstrap/a_Access AutoSingleCFtpDemo' is clicked on

2022-05-16 12:02:48 - [TEST_STEP][PASSED] - click(findTestObject(path_VT + "a_Find Profile")): Object: 'Object Repository/AdminSuiteBootstrap_Pages/VT_Bootstrap/IssueTransactions/a_Find Profile' is clicked on

2022-05-16 12:02:48 - [MESSAGE][PASSED] - Object: 'Object Repository/AdminSuiteBootstrap_Pages/VT_Bootstrap/IssueTransactions/a_Find Profile' is clicked on

2022-05-16 12:02:48 - [TEST_STEP][PASSED] - criteria = <not implemented yet for class: org.codehaus.groovy.ast.expr.EmptyExpression>: null

2022-05-16 12:02:48 - [TEST_STEP][PASSED] - searchBy = <not implemented yet for class: org.codehaus.groovy.ast.expr.EmptyExpression>: null

2022-05-16 12:02:48 - [TEST_STEP][PASSED] - criteria = findTestData(dataFile).getValue("ProfileName", row): null

2022-05-16 12:02:48 - [TEST_STEP][PASSED] - path_SearchProfile = "Object Repository/AdminSuiteBootstrap_Pages/VSP_Bootstrap/SearchProfile/": null

2022-05-16 12:02:48 - [TEST_STEP][PASSED] - setText(findTestObject(path_SearchProfile + "input_Criteria"), criteria): Text 'PaymentsPS' is set on object 'Object Repository/AdminSuiteBootstrap_Pages/VSP_Bootstrap/SearchProfile/input_Criteria'

2022-05-16 12:02:49 - [MESSAGE][PASSED] - Text 'PaymentsPS' is set on object 'Object Repository/AdminSuiteBootstrap_Pages/VSP_Bootstrap/SearchProfile/input_Criteria'

2022-05-16 12:02:49 - [TEST_STEP][PASSED] - click(findTestObject(path_SearchProfile + "button_Search")): Object: 'Object Repository/AdminSuiteBootstrap_Pages/VSP_Bootstrap/SearchProfile/button_Search' is clicked on

2022-05-16 12:02:52 - [MESSAGE][PASSED] - Object: 'Object Repository/AdminSuiteBootstrap_Pages/VSP_Bootstrap/SearchProfile/button_Search' is clicked on

2022-05-16 12:02:52 - [TEST_STEP][PASSED] - profNameLink = findTestData(dataFile).getValue("ProfileNameLink", row): null

2022-05-16 12:02:52 - [TEST_STEP][PASSED] - click(findTestObject(path_ViewProfile + profNameLink)): Object: 'Object Repository/AdminSuiteBootstrap_Pages/VSP_Bootstrap/View Profile/a_PaymentsPS' is clicked on

2022-05-16 12:02:55 - [MESSAGE][PASSED] - Object: 'Object Repository/AdminSuiteBootstrap_Pages/VSP_Bootstrap/View Profile/a_PaymentsPS' is clicked on

2022-05-16 12:02:55 - [TEST_STEP][PASSED] - click(findTestObject(path_ViewProfile + "a_Debit")): Object: 'Object Repository/AdminSuiteBootstrap_Pages/VSP_Bootstrap/View Profile/a_Debit' is clicked on

2022-05-16 12:02:58 - [MESSAGE][PASSED] - Object: 'Object Repository/AdminSuiteBootstrap_Pages/VSP_Bootstrap/View Profile/a_Debit' is clicked on

2022-05-16 12:02:58 - [TEST_STEP][PASSED] - verifyTextPresent("Remittance ID", true): Text 'Remittance ID' is present on page  using regular expression

2022-05-16 12:03:01 - [MESSAGE][PASSED] - Text 'Remittance ID' is present on page  using regular expression

2022-05-16 12:03:01 - [TEST_STEP][FAILED] - vspBootstrap.ACHDebitPage.setDataACHDebit(row, dataFile): com.kms.katalon.core.exception.StepFailedException: No option matched.

2022-05-16 12:03:33 - [MESSAGE][INFO] - Unable to find the element located by 'By.xpath: id("form1")/div[@class="timeline-post"]/div[@class="row border-bottom"]/div[@class="col-md-6"]/div[@class="post-content"]/div[@class="row"]/div[@class="col-md-6"]/div[@class="form-floating"]/select[@class="form-select form-control"][count(. | //*[@name = 'standardEntryClass']) = count(//*[@name = 'standardEntryClass'])]'. Please recheck the objects properties to make sure the desired element is located. 

2022-05-16 12:03:33 - [MESSAGE][WARNING] - [SELF-HEALING] Failed to find element with id 'Object Repository/AdminSuiteBootstrap_Pages/VSP_Bootstrap/VSP_Debit/select_StdEntryClass'. Try using Self-healing.

2022-05-16 12:03:33 - [MESSAGE][WARNING] - [SELF-HEALING] The current locator of test object 'Object Repository/AdminSuiteBootstrap_Pages/VSP_Bootstrap/VSP_Debit/select_StdEntryClass' was broken. Propose an alternative one: '(.//*[normalize-space(text()) and normalize-space(.)='Account Type'])[1]/following::select[1]'.

2022-05-16 12:03:33 - [MESSAGE][FAILED] - No option matched.

2022-05-16 12:03:34 - [MESSAGE][PASSED] - Text '' is set on object 'Object Repository/AdminSuiteBootstrap_Pages/VSP_Bootstrap/VSP_Debit/input_smsNumber'

2022-05-16 12:03:35 - [MESSAGE][PASSED] - Text '2.50' is set on object 'Object Repository/AdminSuiteBootstrap_Pages/VSP_Bootstrap/VSP_Debit/input_amount'

2022-05-16 12:03:39 - [MESSAGE][PASSED] - Text 'Delhi' is set on object 'Object Repository/AdminSuiteBootstrap_Pages/VSP_Bootstrap/VSP_Debit/input_userDefined1'

2022-05-16 12:03:40 - [MESSAGE][PASSED] - Text 'Chennai' is set on object 'Object Repository/AdminSuiteBootstrap_Pages/VSP_Bootstrap/VSP_Debit/input_userDefined2'

2022-05-16 12:03:40 - [MESSAGE][PASSED] - Text 'Mumbai' is set on object 'Object Repository/AdminSuiteBootstrap_Pages/VSP_Bootstrap/VSP_Debit/input_userDefined3'

2022-05-16 12:03:41 - [MESSAGE][PASSED] - Text 'Kanpur' is set on object 'Object Repository/AdminSuiteBootstrap_Pages/VSP_Bootstrap/VSP_Debit/input_userDefined4'

2022-05-16 12:03:42 - [MESSAGE][PASSED] - All options with label 'Orange' are selected in object 'Object Repository/AdminSuiteBootstrap_Pages/VSP_Bootstrap/VSP_Debit/select_UDF5'  using regular expression

2022-05-16 12:03:43 - [MESSAGE][PASSED] - All options with label 'Yellow' are selected in object 'Object Repository/AdminSuiteBootstrap_Pages/VSP_Bootstrap/VSP_Debit/select_UDF6'  using regular expression

2022-05-16 12:03:44 - [MESSAGE][PASSED] - Text 'Kolkata' is set on object 'Object Repository/AdminSuiteBootstrap_Pages/VSP_Bootstrap/VSP_Debit/input_userDefined7'

2022-05-16 12:03:44 - [MESSAGE][PASSED] - Text 'Pune' is set on object 'Object Repository/AdminSuiteBootstrap_Pages/VSP_Bootstrap/VSP_Debit/input_userDefined8'

2022-05-16 12:03:45 - [MESSAGE][PASSED] - Text 'Bhavnagar' is set on object 'Object Repository/AdminSuiteBootstrap_Pages/VSP_Bootstrap/VSP_Debit/input_userDefined9'

2022-05-16 12:03:46 - [MESSAGE][PASSED] - Text 'Noida' is set on object 'Object Repository/AdminSuiteBootstrap_Pages/VSP_Bootstrap/VSP_Debit/input_userDefined10'

2022-05-16 12:03:49 - [MESSAGE][PASSED] - Object: 'Object Repository/AdminSuiteBootstrap_Pages/VSP_Bootstrap/VSP_Debit/button_Submit' is clicked on

2022-05-16 12:03:49 - [MESSAGE][FAILED] - com.kms.katalon.core.exception.StepFailedException: No option matched.

2022-05-16 12:03:49 - [TEST_STEP][PASSED] - verifyTextPresent("Transaction Successful", true): Text 'Transaction Successful' is present on page  using regular expression

2022-05-16 12:03:49 - [MESSAGE][PASSED] - Text 'Transaction Successful' is present on page  using regular expression

2022-05-16 12:03:49 - [TEST_STEP][PASSED] - verifyElementVisible(findTestObject("Object Repository/AdminSuiteBootstrap_Pages/VT_Bootstrap/Receipt/button_Continue")): Object 'Object Repository/AdminSuiteBootstrap_Pages/VT_Bootstrap/Receipt/button_Continue' is visible

2022-05-16 12:03:50 - [MESSAGE][PASSED] - Object 'Object Repository/AdminSuiteBootstrap_Pages/VT_Bootstrap/Receipt/button_Continue' is visible

2022-05-16 12:03:50 - [TEST_STEP][PASSED] - verifyElementPresent(findTestObject("Object Repository/AdminSuiteBootstrap_Pages/VT_Bootstrap/Receipt/button_Continue"), 20): Object 'Object Repository/AdminSuiteBootstrap_Pages/VT_Bootstrap/Receipt/button_Continue' is present

2022-05-16 12:03:50 - [MESSAGE][PASSED] - Object 'Object Repository/AdminSuiteBootstrap_Pages/VT_Bootstrap/Receipt/button_Continue' is present

2022-05-16 12:03:50 - [TEST_STEP][PASSED] - verifyElementVisible(findTestObject("Object Repository/AdminSuiteBootstrap_Pages/VT_Bootstrap/Receipt/button_Print")): Object 'Object Repository/AdminSuiteBootstrap_Pages/VT_Bootstrap/Receipt/button_Print' is visible

2022-05-16 12:03:50 - [MESSAGE][PASSED] - Object 'Object Repository/AdminSuiteBootstrap_Pages/VT_Bootstrap/Receipt/button_Print' is visible

2022-05-16 12:03:50 - [TEST_STEP][PASSED] - verifyElementPresent(findTestObject("Object Repository/AdminSuiteBootstrap_Pages/VT_Bootstrap/Receipt/button_Print"), 20): Object 'Object Repository/AdminSuiteBootstrap_Pages/VT_Bootstrap/Receipt/button_Print' is present

2022-05-16 12:03:51 - [MESSAGE][PASSED] - Object 'Object Repository/AdminSuiteBootstrap_Pages/VT_Bootstrap/Receipt/button_Print' is present

2022-05-16 12:03:51 - [TEST_STEP][PASSED] - verifyTextPresent("Remittance ID", true): Text 'Remittance ID' is present on page  using regular expression

2022-05-16 12:03:51 - [MESSAGE][PASSED] - Text 'Remittance ID' is present on page  using regular expression

2022-05-16 12:03:51 - [TEST_STEP][PASSED] - verifyTextPresent("Received", true): Text 'Received' is present on page  using regular expression

2022-05-16 12:03:51 - [MESSAGE][PASSED] - Text 'Received' is present on page  using regular expression

2022-05-16 12:03:51 - [TEST_STEP][PASSED] - verifyTextPresent("UDF1", true): Text 'UDF1' is present on page  using regular expression

2022-05-16 12:03:52 - [MESSAGE][PASSED] - Text 'UDF1' is present on page  using regular expression

2022-05-16 12:03:52 - [TEST_STEP][PASSED] - verifyTextPresent("UDF2", true): Text 'UDF2' is present on page  using regular expression

2022-05-16 12:03:52 - [MESSAGE][PASSED] - Text 'UDF2' is present on page  using regular expression

2022-05-16 12:03:52 - [TEST_STEP][PASSED] - verifyTextPresent("UDF3", true): Text 'UDF3' is present on page  using regular expression

2022-05-16 12:03:52 - [MESSAGE][PASSED] - Text 'UDF3' is present on page  using regular expression

2022-05-16 12:03:52 - [TEST_STEP][PASSED] - verifyTextPresent("UDF4", true): Text 'UDF4' is present on page  using regular expression

2022-05-16 12:03:53 - [MESSAGE][PASSED] - Text 'UDF4' is present on page  using regular expression

2022-05-16 12:03:53 - [TEST_STEP][PASSED] - verifyTextPresent("UDF5", true): Text 'UDF5' is present on page  using regular expression

2022-05-16 12:03:53 - [MESSAGE][PASSED] - Text 'UDF5' is present on page  using regular expression

2022-05-16 12:03:53 - [TEST_STEP][PASSED] - verifyTextPresent("UDF6", true): Text 'UDF6' is present on page  using regular expression

2022-05-16 12:03:53 - [MESSAGE][PASSED] - Text 'UDF6' is present on page  using regular expression

2022-05-16 12:03:53 - [TEST_STEP][PASSED] - verifyTextPresent("UDF7", true): Text 'UDF7' is present on page  using regular expression

2022-05-16 12:03:54 - [MESSAGE][PASSED] - Text 'UDF7' is present on page  using regular expression

2022-05-16 12:03:54 - [TEST_STEP][PASSED] - verifyTextPresent("UDF8", true): Text 'UDF8' is present on page  using regular expression

2022-05-16 12:03:54 - [MESSAGE][PASSED] - Text 'UDF8' is present on page  using regular expression

2022-05-16 12:03:54 - [TEST_STEP][PASSED] - verifyTextPresent("UDF9", true): Text 'UDF9' is present on page  using regular expression

2022-05-16 12:03:54 - [MESSAGE][PASSED] - Text 'UDF9' is present on page  using regular expression

2022-05-16 12:03:54 - [TEST_STEP][PASSED] - verifyTextPresent("UDF 10", true): Text 'UDF 10' is present on page  using regular expression

2022-05-16 12:03:55 - [MESSAGE][PASSED] - Text 'UDF 10' is present on page  using regular expression

2022-05-16 12:03:55 - [TEST_STEP][PASSED] - verifyTextPresent("Delhi", true): Text 'Delhi' is present on page  using regular expression

2022-05-16 12:03:55 - [MESSAGE][PASSED] - Text 'Delhi' is present on page  using regular expression

2022-05-16 12:03:55 - [TEST_STEP][PASSED] - verifyTextPresent("Chennai", true): Text 'Chennai' is present on page  using regular expression

2022-05-16 12:03:56 - [MESSAGE][PASSED] - Text 'Chennai' is present on page  using regular expression

2022-05-16 12:03:56 - [TEST_STEP][PASSED] - verifyTextPresent("Mumbai", true): Text 'Mumbai' is present on page  using regular expression

2022-05-16 12:03:56 - [MESSAGE][PASSED] - Text 'Mumbai' is present on page  using regular expression

2022-05-16 12:03:56 - [TEST_STEP][PASSED] - verifyTextPresent("Kanpur", true): Text 'Kanpur' is present on page  using regular expression

2022-05-16 12:03:56 - [MESSAGE][PASSED] - Text 'Kanpur' is present on page  using regular expression

2022-05-16 12:03:56 - [TEST_STEP][PASSED] - verifyTextPresent("Orange Recorded", true): Text 'Orange Recorded' is present on page  using regular expression

2022-05-16 12:03:57 - [MESSAGE][PASSED] - Text 'Orange Recorded' is present on page  using regular expression

2022-05-16 12:03:57 - [TEST_STEP][PASSED] - verifyTextPresent("Yellow Recorded", true): Text 'Yellow Recorded' is present on page  using regular expression

2022-05-16 12:03:57 - [MESSAGE][PASSED] - Text 'Yellow Recorded' is present on page  using regular expression

2022-05-16 12:03:57 - [TEST_STEP][PASSED] - verifyTextPresent("Kolkata", true): Text 'Kolkata' is present on page  using regular expression

2022-05-16 12:03:57 - [MESSAGE][PASSED] - Text 'Kolkata' is present on page  using regular expression

2022-05-16 12:03:57 - [TEST_STEP][PASSED] - verifyTextPresent("Pune", true): Text 'Pune' is present on page  using regular expression

2022-05-16 12:03:58 - [MESSAGE][PASSED] - Text 'Pune' is present on page  using regular expression

2022-05-16 12:03:58 - [TEST_STEP][PASSED] - verifyTextPresent("Bhavnagar", true): Text 'Bhavnagar' is present on page  using regular expression

2022-05-16 12:03:58 - [MESSAGE][PASSED] - Text 'Bhavnagar' is present on page  using regular expression

2022-05-16 12:03:58 - [TEST_STEP][PASSED] - verifyTextPresent("Noida", true): Text 'Noida' is present on page  using regular expression

2022-05-16 12:03:58 - [MESSAGE][PASSED] - Text 'Noida' is present on page  using regular expression

2022-05-16 12:03:58 - [TEST_STEP][PASSED] - verifyTextPresent("Amount", true): Text 'Amount' is present on page  using regular expression

2022-05-16 12:03:59 - [MESSAGE][PASSED] - Text 'Amount' is present on page  using regular expression

2022-05-16 12:03:59 - [TEST_STEP][PASSED] - verifyTextPresent("2.50", true): Text '2.50' is present on page  using regular expression

2022-05-16 12:03:59 - [MESSAGE][PASSED] - Text '2.50' is present on page  using regular expression

2022-05-16 12:03:59 - [TEST_STEP][PASSED] - verifyTextPresent("Transaction Type", true): Text 'Transaction Type' is present on page  using regular expression

2022-05-16 12:03:59 - [MESSAGE][PASSED] - Text 'Transaction Type' is present on page  using regular expression

2022-05-16 12:03:59 - [TEST_STEP][PASSED] - verifyTextPresent("Debit", true): Text 'Debit' is present on page  using regular expression

2022-05-16 12:04:00 - [MESSAGE][PASSED] - Text 'Debit' is present on page  using regular expression

2022-05-16 12:04:00 - [TEST_STEP][PASSED] - verifyTextPresent("Check Information", true): Text 'Check Information' is present on page  using regular expression

2022-05-16 12:04:00 - [MESSAGE][PASSED] - Text 'Check Information' is present on page  using regular expression

2022-05-16 12:04:00 - [TEST_STEP][PASSED] - verifyTextPresent("Account Type", true): Text 'Account Type' is present on page  using regular expression

2022-05-16 12:04:00 - [MESSAGE][PASSED] - Text 'Account Type' is present on page  using regular expression

2022-05-16 12:04:00 - [TEST_STEP][PASSED] - verifyTextPresent("Account Number", true): Text 'Account Number' is present on page  using regular expression

2022-05-16 12:04:01 - [MESSAGE][PASSED] - Text 'Account Number' is present on page  using regular expression

2022-05-16 12:04:01 - [TEST_STEP][PASSED] - verifyTextPresent("Routing Number", true): Text 'Routing Number' is present on page  using regular expression

2022-05-16 12:04:01 - [MESSAGE][PASSED] - Text 'Routing Number' is present on page  using regular expression

2022-05-16 12:04:01 - [TEST_STEP][PASSED] - verifyTextPresent("Address Line 1", true): Text 'Address Line 1' is present on page  using regular expression

2022-05-16 12:04:01 - [MESSAGE][PASSED] - Text 'Address Line 1' is present on page  using regular expression

2022-05-16 12:04:01 - [TEST_STEP][PASSED] - verifyTextPresent("Address Line 2", true): Text 'Address Line 2' is present on page  using regular expression

2022-05-16 12:04:02 - [MESSAGE][PASSED] - Text 'Address Line 2' is present on page  using regular expression

2022-05-16 12:04:02 - [TEST_STEP][PASSED] - verifyTextPresent("Country", true): Text 'Country' is present on page  using regular expression

2022-05-16 12:04:02 - [MESSAGE][PASSED] - Text 'Country' is present on page  using regular expression

2022-05-16 12:04:02 - [TEST_STEP][PASSED] - verifyTextPresent("City", true): Text 'City' is present on page  using regular expression

2022-05-16 12:04:02 - [MESSAGE][PASSED] - Text 'City' is present on page  using regular expression

2022-05-16 12:04:02 - [TEST_STEP][PASSED] - verifyTextPresent("State", true): Text 'State' is present on page  using regular expression

2022-05-16 12:04:03 - [MESSAGE][PASSED] - Text 'State' is present on page  using regular expression

2022-05-16 12:04:03 - [TEST_STEP][PASSED] - verifyTextPresent("ZIP Code", true): Text 'ZIP Code' is present on page  using regular expression

2022-05-16 12:04:03 - [MESSAGE][PASSED] - Text 'ZIP Code' is present on page  using regular expression

2022-05-16 12:04:03 - [TEST_STEP][PASSED] - verifyTextPresent("248 PhoolKaante road", true): Text '248 PhoolKaante road' is present on page  using regular expression

2022-05-16 12:04:03 - [MESSAGE][PASSED] - Text '248 PhoolKaante road' is present on page  using regular expression

2022-05-16 12:04:03 - [TEST_STEP][PASSED] - verifyTextPresent("Suite 678", true): Text 'Suite 678' is present on page  using regular expression

2022-05-16 12:04:04 - [MESSAGE][PASSED] - Text 'Suite 678' is present on page  using regular expression

2022-05-16 12:04:04 - [TEST_STEP][PASSED] - verifyTextPresent("United States", true): Text 'United States' is present on page  using regular expression

2022-05-16 12:04:04 - [MESSAGE][PASSED] - Text 'United States' is present on page  using regular expression

2022-05-16 12:04:04 - [TEST_STEP][PASSED] - verifyTextPresent("ARLINGTON", true): Text 'ARLINGTON' is present on page  using regular expression

2022-05-16 12:04:04 - [MESSAGE][PASSED] - Text 'ARLINGTON' is present on page  using regular expression

2022-05-16 12:04:04 - [TEST_STEP][PASSED] - verifyTextPresent("Virginia", true): Text 'Virginia' is present on page  using regular expression

2022-05-16 12:04:05 - [MESSAGE][PASSED] - Text 'Virginia' is present on page  using regular expression

2022-05-16 12:04:05 - [TEST_STEP][PASSED] - verifyTextPresent("22201", true): Text '22201' is present on page  using regular expression

2022-05-16 12:04:05 - [MESSAGE][PASSED] - Text '22201' is present on page  using regular expression

2022-05-16 12:04:05 - [TEST_STEP][PASSED] - tranType = findTestData(dataFile).getValue("TranType", row): null

2022-05-16 12:04:05 - [TEST_STEP][PASSED] - last4V = findTestData(dataFile).getValue("Last4", row): null

2022-05-16 12:04:05 - [TEST_STEP][PASSED] - verifyTextPresent(tranType, true): Text 'Savings' is present on page  using regular expression

2022-05-16 12:04:06 - [MESSAGE][PASSED] - Text 'Savings' is present on page  using regular expression

2022-05-16 12:04:06 - [TEST_STEP][PASSED] - verifyTextPresent(last4V, true): Text '3333' is present on page  using regular expression

2022-05-16 12:04:06 - [MESSAGE][PASSED] - Text '3333' is present on page  using regular expression

2022-05-16 12:04:06 - [TEST_STEP][PASSED] - if (profNameLink.equalsIgnoreCase("a_PaymentsPC")): null

2022-05-16 12:04:06 - [TEST_STEP][PASSED] - if (profNameLink.equalsIgnoreCase("a_PaymentsPS")): Text 'TANDON RAVENA' is present on page  using regular expression

2022-05-16 12:04:06 - [TEST_STEP][PASSED] - verifyTextPresent("Name on Account", true): Text 'Name on Account' is present on page  using regular expression

2022-05-16 12:04:06 - [MESSAGE][PASSED] - Text 'Name on Account' is present on page  using regular expression

2022-05-16 12:04:06 - [TEST_STEP][PASSED] - verifyTextPresent("TANDON RAVENA", true): Text 'TANDON RAVENA' is present on page  using regular expression

2022-05-16 12:04:07 - [MESSAGE][PASSED] - Text 'TANDON RAVENA' is present on page  using regular expression

2022-05-16 12:04:07 - [TEST_STEP][PASSED] - if (profNameLink.equalsIgnoreCase("a_PaymentsCorp")): null

2022-05-16 12:04:07 - [TEST_STEP][PASSED] - switch (appName): null

2022-05-16 12:04:07 - [TEST_STEP][PASSED] - case "a_Access AutoSingleCFtpDemo":: null

2022-05-16 12:04:07 - [TEST_STEP][PASSED] - verifyTextPresent("5.00", true): Text '5.00' is present on page  using regular expression

2022-05-16 12:04:07 - [MESSAGE][PASSED] - Text '5.00' is present on page  using regular expression

2022-05-16 12:04:07 - [TEST_STEP][PASSED] - verifyTextPresent("Single Transaction", true): Text 'Single Transaction' is present on page  using regular expression

2022-05-16 12:04:07 - [MESSAGE][PASSED] - Text 'Single Transaction' is present on page  using regular expression

2022-05-16 12:04:07 - [TEST_STEP][PASSED] - verifyTextPresent("7.50", true): Text '7.50' is present on page  using regular expression

2022-05-16 12:04:08 - [MESSAGE][PASSED] - Text '7.50' is present on page  using regular expression

2022-05-16 12:04:08 - [TEST_STEP][PASSED] - verifyTextPresent("Total Amount", true): Text 'Total Amount' is present on page  using regular expression

2022-05-16 12:04:08 - [MESSAGE][PASSED] - Text 'Total Amount' is present on page  using regular expression

2022-05-16 12:04:08 - [TEST_STEP][PASSED] - verifyTextPresent("Transaction Type", true): Text 'Transaction Type' is present on page  using regular expression

2022-05-16 12:04:08 - [MESSAGE][PASSED] - Text 'Transaction Type' is present on page  using regular expression

2022-05-16 12:04:08 - [TEST_STEP][PASSED] - break: null

2022-05-16 12:04:08 - [TEST_STEP][PASSED] - closeBrowser(): Browser is closed

2022-05-16 12:04:09 - [MESSAGE][PASSED] - Browser is closed

2022-05-16 12:04:09 - [TEST_STEP][PASSED] - ExecuteTC = findTestData(dataFile).getValue("Execute", row): null

2022-05-16 12:04:09 - [TEST_STEP][PASSED] - out.println("Value of Execute is : " + ExecuteTC): null

2022-05-16 12:04:09 - [TEST_STEP][PASSED] - switch (executionProfile): null

2022-05-16 12:04:09 - [TEST_STEP][PASSED] - case "DemoProfile":: null

2022-05-16 12:04:09 - [TEST_STEP][PASSED] - appName = findTestData(dataFile).getValue("AppNameDemo", row): null

2022-05-16 12:04:09 - [TEST_STEP][PASSED] - appID = findTestData(dataFile).getValue("AppIDDemo", row): null

2022-05-16 12:04:09 - [TEST_STEP][PASSED] - break: null

2022-05-16 12:04:09 - [TEST_STEP][FAILED] - if (ExecuteTC.equalsIgnoreCase("Y")): null

2022-05-16 12:04:09 - [TEST_STEP][PASSED] - out.println("Begin Record Number: " + row): null

2022-05-16 12:04:09 - [TEST_STEP][PASSED] - today = new java.util.Date(): null

2022-05-16 12:04:09 - [TEST_STEP][PASSED] - println(today): null

2022-05-16 12:04:09 - [TEST_STEP][PASSED] - datText = today: null

2022-05-16 12:04:09 - [TEST_STEP][PASSED] - adminSuiteBootstrap.loginFunctionality.login_AdminSuite(): adminSuiteBootstrap.loginFunctionality.login_AdminSuite is PASSED

2022-05-16 12:04:09 - [MESSAGE][INFO] - Starting 'Chrome' driver

2022-05-16 12:04:09 - [MESSAGE][INFO] - User set preference: ['acceptInsecureCerts', 'true']

2022-05-16 12:04:09 - [MESSAGE][INFO] - Action delay is set to 0 milliseconds

2022-05-16 12:04:12 - [MESSAGE][PASSED] - Browser is opened with url: 'https://demo.velocitypayment.com/admin/imtiazdemo'

2022-05-16 12:04:12 - [MESSAGE][PASSED] - Current window maximized

2022-05-16 12:04:12 - [MESSAGE][PASSED] - Object 'Object Repository/Login_Page/Login_Username' is present

2022-05-16 12:04:13 - [MESSAGE][PASSED] - Text 'iahmed' is set on object 'Object Repository/Login_Page/Login_Username'

2022-05-16 12:04:14 - [MESSAGE][PASSED] - Text 'hello2222' is set on object 'Object Repository/Login_Page/Login_Password'

2022-05-16 12:04:19 - [MESSAGE][PASSED] - Object: 'Object Repository/Login_Page/Login_Submit' is clicked on

2022-05-16 12:04:19 - [MESSAGE][PASSED] - adminSuiteBootstrap.loginFunctionality.login_AdminSuite is PASSED

2022-05-16 12:04:19 - [TEST_STEP][PASSED] - click(findTestObject(path_Dashboard + appName)): Object: 'Object Repository/AdminSuiteBootstrap_Pages/Dashboard_Bootstrap/a_Access AutoSingleCFtpDemo' is clicked on

2022-05-16 12:04:22 - [MESSAGE][PASSED] - Object: 'Object Repository/AdminSuiteBootstrap_Pages/Dashboard_Bootstrap/a_Access AutoSingleCFtpDemo' is clicked on

2022-05-16 12:04:22 - [TEST_STEP][PASSED] - click(findTestObject(path_VT + "a_Find Profile")): Object: 'Object Repository/AdminSuiteBootstrap_Pages/VT_Bootstrap/IssueTransactions/a_Find Profile' is clicked on

2022-05-16 12:04:23 - [MESSAGE][PASSED] - Object: 'Object Repository/AdminSuiteBootstrap_Pages/VT_Bootstrap/IssueTransactions/a_Find Profile' is clicked on

2022-05-16 12:04:23 - [TEST_STEP][PASSED] - criteria = <not implemented yet for class: org.codehaus.groovy.ast.expr.EmptyExpression>: null

2022-05-16 12:04:23 - [TEST_STEP][PASSED] - searchBy = <not implemented yet for class: org.codehaus.groovy.ast.expr.EmptyExpression>: null

2022-05-16 12:04:23 - [TEST_STEP][PASSED] - criteria = findTestData(dataFile).getValue("ProfileName", row): null

2022-05-16 12:04:23 - [TEST_STEP][PASSED] - path_SearchProfile = "Object Repository/AdminSuiteBootstrap_Pages/VSP_Bootstrap/SearchProfile/": null

2022-05-16 12:04:23 - [TEST_STEP][PASSED] - setText(findTestObject(path_SearchProfile + "input_Criteria"), criteria): Text 'PaymentsPS' is set on object 'Object Repository/AdminSuiteBootstrap_Pages/VSP_Bootstrap/SearchProfile/input_Criteria'

2022-05-16 12:04:24 - [MESSAGE][PASSED] - Text 'PaymentsPS' is set on object 'Object Repository/AdminSuiteBootstrap_Pages/VSP_Bootstrap/SearchProfile/input_Criteria'

2022-05-16 12:04:24 - [TEST_STEP][PASSED] - click(findTestObject(path_SearchProfile + "button_Search")): Object: 'Object Repository/AdminSuiteBootstrap_Pages/VSP_Bootstrap/SearchProfile/button_Search' is clicked on

2022-05-16 12:04:28 - [MESSAGE][PASSED] - Object: 'Object Repository/AdminSuiteBootstrap_Pages/VSP_Bootstrap/SearchProfile/button_Search' is clicked on

2022-05-16 12:04:28 - [TEST_STEP][PASSED] - profNameLink = findTestData(dataFile).getValue("ProfileNameLink", row): null

2022-05-16 12:04:28 - [TEST_STEP][PASSED] - click(findTestObject(path_ViewProfile + profNameLink)): Object: 'Object Repository/AdminSuiteBootstrap_Pages/VSP_Bootstrap/View Profile/a_PaymentsPS' is clicked on

2022-05-16 12:04:31 - [MESSAGE][PASSED] - Object: 'Object Repository/AdminSuiteBootstrap_Pages/VSP_Bootstrap/View Profile/a_PaymentsPS' is clicked on

2022-05-16 12:04:31 - [TEST_STEP][PASSED] - click(findTestObject(path_ViewProfile + "a_Debit")): Object: 'Object Repository/AdminSuiteBootstrap_Pages/VSP_Bootstrap/View Profile/a_Debit' is clicked on

2022-05-16 12:04:34 - [MESSAGE][PASSED] - Object: 'Object Repository/AdminSuiteBootstrap_Pages/VSP_Bootstrap/View Profile/a_Debit' is clicked on

2022-05-16 12:04:34 - [TEST_STEP][PASSED] - verifyTextPresent("Remittance ID", true): Text 'Remittance ID' is present on page  using regular expression

2022-05-16 12:04:36 - [MESSAGE][PASSED] - Text 'Remittance ID' is present on page  using regular expression

2022-05-16 12:04:36 - [TEST_STEP][FAILED] - vspBootstrap.ACHDebitPage.setDataACHDebit(row, dataFile): com.kms.katalon.core.exception.StepFailedException: No option matched.

2022-05-16 12:05:08 - [MESSAGE][INFO] - Unable to find the element located by 'By.xpath: id("form1")/div[@class="timeline-post"]/div[@class="row border-bottom"]/div[@class="col-md-6"]/div[@class="post-content"]/div[@class="row"]/div[@class="col-md-6"]/div[@class="form-floating"]/select[@class="form-select form-control"][count(. | //*[@name = 'standardEntryClass']) = count(//*[@name = 'standardEntryClass'])]'. Please recheck the objects properties to make sure the desired element is located. 

2022-05-16 12:05:08 - [MESSAGE][WARNING] - [SELF-HEALING] Failed to find element with id 'Object Repository/AdminSuiteBootstrap_Pages/VSP_Bootstrap/VSP_Debit/select_StdEntryClass'. Try using Self-healing.

2022-05-16 12:05:08 - [MESSAGE][WARNING] - [SELF-HEALING] The current locator of test object 'Object Repository/AdminSuiteBootstrap_Pages/VSP_Bootstrap/VSP_Debit/select_StdEntryClass' was broken. Propose an alternative one: '(.//*[normalize-space(text()) and normalize-space(.)='Account Type'])[1]/following::select[1]'.

2022-05-16 12:05:09 - [MESSAGE][FAILED] - No option matched.

2022-05-16 12:05:09 - [MESSAGE][PASSED] - Text '' is set on object 'Object Repository/AdminSuiteBootstrap_Pages/VSP_Bootstrap/VSP_Debit/input_smsNumber'

2022-05-16 12:05:10 - [MESSAGE][PASSED] - Text '2.50' is set on object 'Object Repository/AdminSuiteBootstrap_Pages/VSP_Bootstrap/VSP_Debit/input_amount'

2022-05-16 12:05:16 - [MESSAGE][PASSED] - Text 'Delhi' is set on object 'Object Repository/AdminSuiteBootstrap_Pages/VSP_Bootstrap/VSP_Debit/input_userDefined1'

2022-05-16 12:05:17 - [MESSAGE][PASSED] - Text 'Chennai' is set on object 'Object Repository/AdminSuiteBootstrap_Pages/VSP_Bootstrap/VSP_Debit/input_userDefined2'

2022-05-16 12:05:17 - [MESSAGE][PASSED] - Text 'Mumbai' is set on object 'Object Repository/AdminSuiteBootstrap_Pages/VSP_Bootstrap/VSP_Debit/input_userDefined3'

2022-05-16 12:05:18 - [MESSAGE][PASSED] - Text 'Kanpur' is set on object 'Object Repository/AdminSuiteBootstrap_Pages/VSP_Bootstrap/VSP_Debit/input_userDefined4'

2022-05-16 12:05:19 - [MESSAGE][PASSED] - All options with label 'Orange' are selected in object 'Object Repository/AdminSuiteBootstrap_Pages/VSP_Bootstrap/VSP_Debit/select_UDF5'  using regular expression

2022-05-16 12:05:20 - [MESSAGE][PASSED] - All options with label 'Yellow' are selected in object 'Object Repository/AdminSuiteBootstrap_Pages/VSP_Bootstrap/VSP_Debit/select_UDF6'  using regular expression

2022-05-16 12:05:20 - [MESSAGE][PASSED] - Text 'Kolkata' is set on object 'Object Repository/AdminSuiteBootstrap_Pages/VSP_Bootstrap/VSP_Debit/input_userDefined7'

2022-05-16 12:05:21 - [MESSAGE][PASSED] - Text 'Pune' is set on object 'Object Repository/AdminSuiteBootstrap_Pages/VSP_Bootstrap/VSP_Debit/input_userDefined8'

2022-05-16 12:05:21 - [MESSAGE][PASSED] - Text 'Bhavnagar' is set on object 'Object Repository/AdminSuiteBootstrap_Pages/VSP_Bootstrap/VSP_Debit/input_userDefined9'

2022-05-16 12:05:22 - [MESSAGE][PASSED] - Text 'Noida' is set on object 'Object Repository/AdminSuiteBootstrap_Pages/VSP_Bootstrap/VSP_Debit/input_userDefined10'

2022-05-16 12:05:28 - [MESSAGE][PASSED] - Object: 'Object Repository/AdminSuiteBootstrap_Pages/VSP_Bootstrap/VSP_Debit/button_Submit' is clicked on

2022-05-16 12:05:28 - [MESSAGE][FAILED] - com.kms.katalon.core.exception.StepFailedException: No option matched.

2022-05-16 12:05:28 - [TEST_STEP][PASSED] - verifyTextPresent("Transaction Successful", true): Text 'Transaction Successful' is present on page  using regular expression

2022-05-16 12:05:28 - [MESSAGE][PASSED] - Text 'Transaction Successful' is present on page  using regular expression

2022-05-16 12:05:28 - [TEST_STEP][PASSED] - verifyElementVisible(findTestObject("Object Repository/AdminSuiteBootstrap_Pages/VT_Bootstrap/Receipt/button_Continue")): Object 'Object Repository/AdminSuiteBootstrap_Pages/VT_Bootstrap/Receipt/button_Continue' is visible

2022-05-16 12:05:29 - [MESSAGE][PASSED] - Object 'Object Repository/AdminSuiteBootstrap_Pages/VT_Bootstrap/Receipt/button_Continue' is visible

2022-05-16 12:05:29 - [TEST_STEP][PASSED] - verifyElementPresent(findTestObject("Object Repository/AdminSuiteBootstrap_Pages/VT_Bootstrap/Receipt/button_Continue"), 20): Object 'Object Repository/AdminSuiteBootstrap_Pages/VT_Bootstrap/Receipt/button_Continue' is present

2022-05-16 12:05:29 - [MESSAGE][PASSED] - Object 'Object Repository/AdminSuiteBootstrap_Pages/VT_Bootstrap/Receipt/button_Continue' is present

2022-05-16 12:05:29 - [TEST_STEP][PASSED] - verifyElementVisible(findTestObject("Object Repository/AdminSuiteBootstrap_Pages/VT_Bootstrap/Receipt/button_Print")): Object 'Object Repository/AdminSuiteBootstrap_Pages/VT_Bootstrap/Receipt/button_Print' is visible

2022-05-16 12:05:29 - [MESSAGE][PASSED] - Object 'Object Repository/AdminSuiteBootstrap_Pages/VT_Bootstrap/Receipt/button_Print' is visible

2022-05-16 12:05:29 - [TEST_STEP][PASSED] - verifyElementPresent(findTestObject("Object Repository/AdminSuiteBootstrap_Pages/VT_Bootstrap/Receipt/button_Print"), 20): Object 'Object Repository/AdminSuiteBootstrap_Pages/VT_Bootstrap/Receipt/button_Print' is present

2022-05-16 12:05:30 - [MESSAGE][PASSED] - Object 'Object Repository/AdminSuiteBootstrap_Pages/VT_Bootstrap/Receipt/button_Print' is present

2022-05-16 12:05:30 - [TEST_STEP][PASSED] - verifyTextPresent("Remittance ID", true): Text 'Remittance ID' is present on page  using regular expression

2022-05-16 12:05:30 - [MESSAGE][PASSED] - Text 'Remittance ID' is present on page  using regular expression

2022-05-16 12:05:30 - [TEST_STEP][PASSED] - verifyTextPresent("Received", true): Text 'Received' is present on page  using regular expression

2022-05-16 12:05:30 - [MESSAGE][PASSED] - Text 'Received' is present on page  using regular expression

2022-05-16 12:05:30 - [TEST_STEP][PASSED] - verifyTextPresent("UDF1", true): Text 'UDF1' is present on page  using regular expression

2022-05-16 12:05:31 - [MESSAGE][PASSED] - Text 'UDF1' is present on page  using regular expression

2022-05-16 12:05:31 - [TEST_STEP][PASSED] - verifyTextPresent("UDF2", true): Text 'UDF2' is present on page  using regular expression

2022-05-16 12:05:31 - [MESSAGE][PASSED] - Text 'UDF2' is present on page  using regular expression

2022-05-16 12:05:31 - [TEST_STEP][PASSED] - verifyTextPresent("UDF3", true): Text 'UDF3' is present on page  using regular expression

2022-05-16 12:05:31 - [MESSAGE][PASSED] - Text 'UDF3' is present on page  using regular expression

2022-05-16 12:05:31 - [TEST_STEP][PASSED] - verifyTextPresent("UDF4", true): Text 'UDF4' is present on page  using regular expression

2022-05-16 12:05:32 - [MESSAGE][PASSED] - Text 'UDF4' is present on page  using regular expression

2022-05-16 12:05:32 - [TEST_STEP][PASSED] - verifyTextPresent("UDF5", true): Text 'UDF5' is present on page  using regular expression

2022-05-16 12:05:32 - [MESSAGE][PASSED] - Text 'UDF5' is present on page  using regular expression

2022-05-16 12:05:32 - [TEST_STEP][PASSED] - verifyTextPresent("UDF6", true): Text 'UDF6' is present on page  using regular expression

2022-05-16 12:05:32 - [MESSAGE][PASSED] - Text 'UDF6' is present on page  using regular expression

2022-05-16 12:05:32 - [TEST_STEP][PASSED] - verifyTextPresent("UDF7", true): Text 'UDF7' is present on page  using regular expression

2022-05-16 12:05:33 - [MESSAGE][PASSED] - Text 'UDF7' is present on page  using regular expression

2022-05-16 12:05:33 - [TEST_STEP][PASSED] - verifyTextPresent("UDF8", true): Text 'UDF8' is present on page  using regular expression

2022-05-16 12:05:33 - [MESSAGE][PASSED] - Text 'UDF8' is present on page  using regular expression

2022-05-16 12:05:33 - [TEST_STEP][PASSED] - verifyTextPresent("UDF9", true): Text 'UDF9' is present on page  using regular expression

2022-05-16 12:05:33 - [MESSAGE][PASSED] - Text 'UDF9' is present on page  using regular expression

2022-05-16 12:05:33 - [TEST_STEP][PASSED] - verifyTextPresent("UDF 10", true): Text 'UDF 10' is present on page  using regular expression

2022-05-16 12:05:34 - [MESSAGE][PASSED] - Text 'UDF 10' is present on page  using regular expression

2022-05-16 12:05:34 - [TEST_STEP][PASSED] - verifyTextPresent("Delhi", true): Text 'Delhi' is present on page  using regular expression

2022-05-16 12:05:34 - [MESSAGE][PASSED] - Text 'Delhi' is present on page  using regular expression

2022-05-16 12:05:34 - [TEST_STEP][PASSED] - verifyTextPresent("Chennai", true): Text 'Chennai' is present on page  using regular expression

2022-05-16 12:05:35 - [MESSAGE][PASSED] - Text 'Chennai' is present on page  using regular expression

2022-05-16 12:05:35 - [TEST_STEP][PASSED] - verifyTextPresent("Mumbai", true): Text 'Mumbai' is present on page  using regular expression

2022-05-16 12:05:35 - [MESSAGE][PASSED] - Text 'Mumbai' is present on page  using regular expression

2022-05-16 12:05:35 - [TEST_STEP][PASSED] - verifyTextPresent("Kanpur", true): Text 'Kanpur' is present on page  using regular expression

2022-05-16 12:05:35 - [MESSAGE][PASSED] - Text 'Kanpur' is present on page  using regular expression

2022-05-16 12:05:35 - [TEST_STEP][PASSED] - verifyTextPresent("Orange Recorded", true): Text 'Orange Recorded' is present on page  using regular expression

2022-05-16 12:05:36 - [MESSAGE][PASSED] - Text 'Orange Recorded' is present on page  using regular expression

2022-05-16 12:05:36 - [TEST_STEP][PASSED] - verifyTextPresent("Yellow Recorded", true): Text 'Yellow Recorded' is present on page  using regular expression

2022-05-16 12:05:36 - [MESSAGE][PASSED] - Text 'Yellow Recorded' is present on page  using regular expression

2022-05-16 12:05:36 - [TEST_STEP][PASSED] - verifyTextPresent("Kolkata", true): Text 'Kolkata' is present on page  using regular expression

2022-05-16 12:05:36 - [MESSAGE][PASSED] - Text 'Kolkata' is present on page  using regular expression

2022-05-16 12:05:36 - [TEST_STEP][PASSED] - verifyTextPresent("Pune", true): Text 'Pune' is present on page  using regular expression

2022-05-16 12:05:37 - [MESSAGE][PASSED] - Text 'Pune' is present on page  using regular expression

2022-05-16 12:05:37 - [TEST_STEP][PASSED] - verifyTextPresent("Bhavnagar", true): Text 'Bhavnagar' is present on page  using regular expression

2022-05-16 12:05:37 - [MESSAGE][PASSED] - Text 'Bhavnagar' is present on page  using regular expression

2022-05-16 12:05:37 - [TEST_STEP][PASSED] - verifyTextPresent("Noida", true): Text 'Noida' is present on page  using regular expression

2022-05-16 12:05:37 - [MESSAGE][PASSED] - Text 'Noida' is present on page  using regular expression

2022-05-16 12:05:37 - [TEST_STEP][PASSED] - verifyTextPresent("Amount", true): Text 'Amount' is present on page  using regular expression

2022-05-16 12:05:38 - [MESSAGE][PASSED] - Text 'Amount' is present on page  using regular expression

2022-05-16 12:05:38 - [TEST_STEP][PASSED] - verifyTextPresent("2.50", true): Text '2.50' is present on page  using regular expression

2022-05-16 12:05:38 - [MESSAGE][PASSED] - Text '2.50' is present on page  using regular expression

2022-05-16 12:05:38 - [TEST_STEP][PASSED] - verifyTextPresent("Transaction Type", true): Text 'Transaction Type' is present on page  using regular expression

2022-05-16 12:05:38 - [MESSAGE][PASSED] - Text 'Transaction Type' is present on page  using regular expression

2022-05-16 12:05:38 - [TEST_STEP][PASSED] - verifyTextPresent("Debit", true): Text 'Debit' is present on page  using regular expression

2022-05-16 12:05:39 - [MESSAGE][PASSED] - Text 'Debit' is present on page  using regular expression

2022-05-16 12:05:39 - [TEST_STEP][PASSED] - verifyTextPresent("Check Information", true): Text 'Check Information' is present on page  using regular expression

2022-05-16 12:05:39 - [MESSAGE][PASSED] - Text 'Check Information' is present on page  using regular expression

2022-05-16 12:05:39 - [TEST_STEP][PASSED] - verifyTextPresent("Account Type", true): Text 'Account Type' is present on page  using regular expression

2022-05-16 12:05:39 - [MESSAGE][PASSED] - Text 'Account Type' is present on page  using regular expression

2022-05-16 12:05:39 - [TEST_STEP][PASSED] - verifyTextPresent("Account Number", true): Text 'Account Number' is present on page  using regular expression

2022-05-16 12:05:40 - [MESSAGE][PASSED] - Text 'Account Number' is present on page  using regular expression

2022-05-16 12:05:40 - [TEST_STEP][PASSED] - verifyTextPresent("Routing Number", true): Text 'Routing Number' is present on page  using regular expression

2022-05-16 12:05:40 - [MESSAGE][PASSED] - Text 'Routing Number' is present on page  using regular expression

2022-05-16 12:05:40 - [TEST_STEP][PASSED] - verifyTextPresent("Address Line 1", true): Text 'Address Line 1' is present on page  using regular expression

2022-05-16 12:05:40 - [MESSAGE][PASSED] - Text 'Address Line 1' is present on page  using regular expression

2022-05-16 12:05:40 - [TEST_STEP][PASSED] - verifyTextPresent("Address Line 2", true): Text 'Address Line 2' is present on page  using regular expression

2022-05-16 12:05:41 - [MESSAGE][PASSED] - Text 'Address Line 2' is present on page  using regular expression

2022-05-16 12:05:41 - [TEST_STEP][PASSED] - verifyTextPresent("Country", true): Text 'Country' is present on page  using regular expression

2022-05-16 12:05:41 - [MESSAGE][PASSED] - Text 'Country' is present on page  using regular expression

2022-05-16 12:05:41 - [TEST_STEP][PASSED] - verifyTextPresent("City", true): Text 'City' is present on page  using regular expression

2022-05-16 12:05:41 - [MESSAGE][PASSED] - Text 'City' is present on page  using regular expression

2022-05-16 12:05:41 - [TEST_STEP][PASSED] - verifyTextPresent("State", true): Text 'State' is present on page  using regular expression

2022-05-16 12:05:42 - [MESSAGE][PASSED] - Text 'State' is present on page  using regular expression

2022-05-16 12:05:42 - [TEST_STEP][PASSED] - verifyTextPresent("ZIP Code", true): Text 'ZIP Code' is present on page  using regular expression

2022-05-16 12:05:42 - [MESSAGE][PASSED] - Text 'ZIP Code' is present on page  using regular expression

2022-05-16 12:05:42 - [TEST_STEP][PASSED] - verifyTextPresent("248 PhoolKaante road", true): Text '248 PhoolKaante road' is present on page  using regular expression

2022-05-16 12:05:42 - [MESSAGE][PASSED] - Text '248 PhoolKaante road' is present on page  using regular expression

2022-05-16 12:05:42 - [TEST_STEP][PASSED] - verifyTextPresent("Suite 678", true): Text 'Suite 678' is present on page  using regular expression

2022-05-16 12:05:43 - [MESSAGE][PASSED] - Text 'Suite 678' is present on page  using regular expression

2022-05-16 12:05:43 - [TEST_STEP][PASSED] - verifyTextPresent("United States", true): Text 'United States' is present on page  using regular expression

2022-05-16 12:05:43 - [MESSAGE][PASSED] - Text 'United States' is present on page  using regular expression

2022-05-16 12:05:43 - [TEST_STEP][PASSED] - verifyTextPresent("ARLINGTON", true): Text 'ARLINGTON' is present on page  using regular expression

2022-05-16 12:05:43 - [MESSAGE][PASSED] - Text 'ARLINGTON' is present on page  using regular expression

2022-05-16 12:05:43 - [TEST_STEP][PASSED] - verifyTextPresent("Virginia", true): Text 'Virginia' is present on page  using regular expression

2022-05-16 12:05:44 - [MESSAGE][PASSED] - Text 'Virginia' is present on page  using regular expression

2022-05-16 12:05:44 - [TEST_STEP][PASSED] - verifyTextPresent("22201", true): Text '22201' is present on page  using regular expression

2022-05-16 12:05:44 - [MESSAGE][PASSED] - Text '22201' is present on page  using regular expression

2022-05-16 12:05:44 - [TEST_STEP][PASSED] - tranType = findTestData(dataFile).getValue("TranType", row): null

2022-05-16 12:05:44 - [TEST_STEP][PASSED] - last4V = findTestData(dataFile).getValue("Last4", row): null

2022-05-16 12:05:44 - [TEST_STEP][PASSED] - verifyTextPresent(tranType, true): Text 'Savings' is present on page  using regular expression

2022-05-16 12:05:45 - [MESSAGE][PASSED] - Text 'Savings' is present on page  using regular expression

2022-05-16 12:05:45 - [TEST_STEP][PASSED] - verifyTextPresent(last4V, true): Text '3333' is present on page  using regular expression

2022-05-16 12:05:45 - [MESSAGE][PASSED] - Text '3333' is present on page  using regular expression

2022-05-16 12:05:45 - [TEST_STEP][PASSED] - if (profNameLink.equalsIgnoreCase("a_PaymentsPC")): null

2022-05-16 12:05:45 - [TEST_STEP][PASSED] - if (profNameLink.equalsIgnoreCase("a_PaymentsPS")): Text 'TANDON RAVENA' is present on page  using regular expression

2022-05-16 12:05:45 - [TEST_STEP][PASSED] - verifyTextPresent("Name on Account", true): Text 'Name on Account' is present on page  using regular expression

2022-05-16 12:05:45 - [MESSAGE][PASSED] - Text 'Name on Account' is present on page  using regular expression

2022-05-16 12:05:45 - [TEST_STEP][PASSED] - verifyTextPresent("TANDON RAVENA", true): Text 'TANDON RAVENA' is present on page  using regular expression

2022-05-16 12:05:46 - [MESSAGE][PASSED] - Text 'TANDON RAVENA' is present on page  using regular expression

2022-05-16 12:05:46 - [TEST_STEP][PASSED] - if (profNameLink.equalsIgnoreCase("a_PaymentsCorp")): null

2022-05-16 12:05:46 - [TEST_STEP][PASSED] - switch (appName): null

2022-05-16 12:05:46 - [TEST_STEP][PASSED] - case "a_Access AutoSingleCFtpDemo":: null

2022-05-16 12:05:46 - [TEST_STEP][PASSED] - verifyTextPresent("5.00", true): Text '5.00' is present on page  using regular expression

2022-05-16 12:05:46 - [MESSAGE][PASSED] - Text '5.00' is present on page  using regular expression

2022-05-16 12:05:46 - [TEST_STEP][PASSED] - verifyTextPresent("Single Transaction", true): Text 'Single Transaction' is present on page  using regular expression

2022-05-16 12:05:46 - [MESSAGE][PASSED] - Text 'Single Transaction' is present on page  using regular expression

2022-05-16 12:05:46 - [TEST_STEP][PASSED] - verifyTextPresent("7.50", true): Text '7.50' is present on page  using regular expression

2022-05-16 12:05:47 - [MESSAGE][PASSED] - Text '7.50' is present on page  using regular expression

2022-05-16 12:05:47 - [TEST_STEP][PASSED] - verifyTextPresent("Total Amount", true): Text 'Total Amount' is present on page  using regular expression

2022-05-16 12:05:47 - [MESSAGE][PASSED] - Text 'Total Amount' is present on page  using regular expression

2022-05-16 12:05:47 - [TEST_STEP][PASSED] - verifyTextPresent("Transaction Type", true): Text 'Transaction Type' is present on page  using regular expression

2022-05-16 12:05:47 - [MESSAGE][PASSED] - Text 'Transaction Type' is present on page  using regular expression

2022-05-16 12:05:47 - [TEST_STEP][PASSED] - break: null

2022-05-16 12:05:47 - [TEST_STEP][PASSED] - closeBrowser(): Browser is closed

2022-05-16 12:05:48 - [MESSAGE][PASSED] - Browser is closed

2022-05-16 12:05:48 - [TEST_STEP][PASSED] - ExecuteTC = findTestData(dataFile).getValue("Execute", row): null

2022-05-16 12:05:48 - [TEST_STEP][PASSED] - out.println("Value of Execute is : " + ExecuteTC): null

2022-05-16 12:05:48 - [TEST_STEP][PASSED] - switch (executionProfile): null

2022-05-16 12:05:48 - [TEST_STEP][PASSED] - case "DemoProfile":: null

2022-05-16 12:05:48 - [TEST_STEP][PASSED] - appName = findTestData(dataFile).getValue("AppNameDemo", row): null

2022-05-16 12:05:48 - [TEST_STEP][PASSED] - appID = findTestData(dataFile).getValue("AppIDDemo", row): null

2022-05-16 12:05:48 - [TEST_STEP][PASSED] - break: null

2022-05-16 12:05:48 - [TEST_STEP][PASSED] - if (ExecuteTC.equalsIgnoreCase("Y")): null

2022-05-16 12:05:48 - [TEST_STEP][PASSED] - out.println("Begin Record Number: " + row): null

2022-05-16 12:05:48 - [TEST_STEP][PASSED] - today = new java.util.Date(): null

2022-05-16 12:05:48 - [TEST_STEP][PASSED] - println(today): null

2022-05-16 12:05:48 - [TEST_STEP][PASSED] - datText = today: null

2022-05-16 12:05:48 - [TEST_STEP][PASSED] - adminSuiteBootstrap.loginFunctionality.login_AdminSuite(): adminSuiteBootstrap.loginFunctionality.login_AdminSuite is PASSED

2022-05-16 12:05:48 - [MESSAGE][INFO] - Starting 'Chrome' driver

2022-05-16 12:05:48 - [MESSAGE][INFO] - User set preference: ['acceptInsecureCerts', 'true']

2022-05-16 12:05:48 - [MESSAGE][INFO] - Action delay is set to 0 milliseconds

2022-05-16 12:05:51 - [MESSAGE][PASSED] - Browser is opened with url: 'https://demo.velocitypayment.com/admin/imtiazdemo'

2022-05-16 12:05:51 - [MESSAGE][PASSED] - Current window maximized

2022-05-16 12:05:51 - [MESSAGE][PASSED] - Object 'Object Repository/Login_Page/Login_Username' is present

2022-05-16 12:05:52 - [MESSAGE][PASSED] - Text 'iahmed' is set on object 'Object Repository/Login_Page/Login_Username'

2022-05-16 12:05:53 - [MESSAGE][PASSED] - Text 'hello2222' is set on object 'Object Repository/Login_Page/Login_Password'

2022-05-16 12:05:57 - [MESSAGE][PASSED] - Object: 'Object Repository/Login_Page/Login_Submit' is clicked on

2022-05-16 12:05:57 - [MESSAGE][PASSED] - adminSuiteBootstrap.loginFunctionality.login_AdminSuite is PASSED

2022-05-16 12:05:57 - [TEST_STEP][PASSED] - click(findTestObject(path_Dashboard + appName)): Object: 'Object Repository/AdminSuiteBootstrap_Pages/Dashboard_Bootstrap/a_Access AutoSingleCFtpDemo' is clicked on

2022-05-16 12:05:59 - [MESSAGE][PASSED] - Object: 'Object Repository/AdminSuiteBootstrap_Pages/Dashboard_Bootstrap/a_Access AutoSingleCFtpDemo' is clicked on

2022-05-16 12:05:59 - [TEST_STEP][PASSED] - click(findTestObject(path_VT + "a_Find Profile")): Object: 'Object Repository/AdminSuiteBootstrap_Pages/VT_Bootstrap/IssueTransactions/a_Find Profile' is clicked on

2022-05-16 12:06:00 - [MESSAGE][PASSED] - Object: 'Object Repository/AdminSuiteBootstrap_Pages/VT_Bootstrap/IssueTransactions/a_Find Profile' is clicked on

2022-05-16 12:06:00 - [TEST_STEP][PASSED] - criteria = <not implemented yet for class: org.codehaus.groovy.ast.expr.EmptyExpression>: null

2022-05-16 12:06:00 - [TEST_STEP][PASSED] - searchBy = <not implemented yet for class: org.codehaus.groovy.ast.expr.EmptyExpression>: null

2022-05-16 12:06:00 - [TEST_STEP][PASSED] - criteria = findTestData(dataFile).getValue("ProfileName", row): null

2022-05-16 12:06:00 - [TEST_STEP][PASSED] - path_SearchProfile = "Object Repository/AdminSuiteBootstrap_Pages/VSP_Bootstrap/SearchProfile/": null

2022-05-16 12:06:00 - [TEST_STEP][PASSED] - setText(findTestObject(path_SearchProfile + "input_Criteria"), criteria): Text 'PaymentsCorp' is set on object 'Object Repository/AdminSuiteBootstrap_Pages/VSP_Bootstrap/SearchProfile/input_Criteria'

2022-05-16 12:06:00 - [MESSAGE][PASSED] - Text 'PaymentsCorp' is set on object 'Object Repository/AdminSuiteBootstrap_Pages/VSP_Bootstrap/SearchProfile/input_Criteria'

2022-05-16 12:06:00 - [TEST_STEP][PASSED] - click(findTestObject(path_SearchProfile + "button_Search")): Object: 'Object Repository/AdminSuiteBootstrap_Pages/VSP_Bootstrap/SearchProfile/button_Search' is clicked on

2022-05-16 12:06:03 - [MESSAGE][PASSED] - Object: 'Object Repository/AdminSuiteBootstrap_Pages/VSP_Bootstrap/SearchProfile/button_Search' is clicked on

2022-05-16 12:06:03 - [TEST_STEP][PASSED] - profNameLink = findTestData(dataFile).getValue("ProfileNameLink", row): null

2022-05-16 12:06:03 - [TEST_STEP][PASSED] - click(findTestObject(path_ViewProfile + profNameLink)): Object: 'Object Repository/AdminSuiteBootstrap_Pages/VSP_Bootstrap/View Profile/a_PaymentsCorp' is clicked on

2022-05-16 12:06:06 - [MESSAGE][PASSED] - Object: 'Object Repository/AdminSuiteBootstrap_Pages/VSP_Bootstrap/View Profile/a_PaymentsCorp' is clicked on

2022-05-16 12:06:06 - [TEST_STEP][PASSED] - click(findTestObject(path_ViewProfile + "a_Debit")): Object: 'Object Repository/AdminSuiteBootstrap_Pages/VSP_Bootstrap/View Profile/a_Debit' is clicked on

2022-05-16 12:06:09 - [MESSAGE][PASSED] - Object: 'Object Repository/AdminSuiteBootstrap_Pages/VSP_Bootstrap/View Profile/a_Debit' is clicked on

2022-05-16 12:06:09 - [TEST_STEP][PASSED] - verifyTextPresent("Remittance ID", true): Text 'Remittance ID' is present on page  using regular expression

2022-05-16 12:06:11 - [MESSAGE][PASSED] - Text 'Remittance ID' is present on page  using regular expression

2022-05-16 12:06:11 - [TEST_STEP][PASSED] - vspBootstrap.ACHDebitPage.setDataACHDebit(row, dataFile): vspBootstrap.ACHDebitPage.setDataACHDebit is PASSED

2022-05-16 12:06:13 - [MESSAGE][PASSED] - All options with value 'CCD' are selected in object 'Object Repository/AdminSuiteBootstrap_Pages/VSP_Bootstrap/VSP_Debit/select_StdEntryClass'  using regular expression

2022-05-16 12:06:13 - [MESSAGE][PASSED] - Text '' is set on object 'Object Repository/AdminSuiteBootstrap_Pages/VSP_Bootstrap/VSP_Debit/input_smsNumber'

2022-05-16 12:06:14 - [MESSAGE][PASSED] - Text '2.50' is set on object 'Object Repository/AdminSuiteBootstrap_Pages/VSP_Bootstrap/VSP_Debit/input_amount'

2022-05-16 12:06:19 - [MESSAGE][PASSED] - Text '123456789' is set on object 'Object Repository/AdminSuiteBootstrap_Pages/VSP_Bootstrap/VSP_Debit/input_ein'

2022-05-16 12:06:20 - [MESSAGE][PASSED] - Text 'Delhi' is set on object 'Object Repository/AdminSuiteBootstrap_Pages/VSP_Bootstrap/VSP_Debit/input_userDefined1'

2022-05-16 12:06:20 - [MESSAGE][PASSED] - Text 'Chennai' is set on object 'Object Repository/AdminSuiteBootstrap_Pages/VSP_Bootstrap/VSP_Debit/input_userDefined2'

2022-05-16 12:06:21 - [MESSAGE][PASSED] - Text 'Mumbai' is set on object 'Object Repository/AdminSuiteBootstrap_Pages/VSP_Bootstrap/VSP_Debit/input_userDefined3'

2022-05-16 12:06:22 - [MESSAGE][PASSED] - Text 'Kanpur' is set on object 'Object Repository/AdminSuiteBootstrap_Pages/VSP_Bootstrap/VSP_Debit/input_userDefined4'

2022-05-16 12:06:23 - [MESSAGE][PASSED] - All options with label 'Orange' are selected in object 'Object Repository/AdminSuiteBootstrap_Pages/VSP_Bootstrap/VSP_Debit/select_UDF5'  using regular expression

2022-05-16 12:06:24 - [MESSAGE][PASSED] - All options with label 'Yellow' are selected in object 'Object Repository/AdminSuiteBootstrap_Pages/VSP_Bootstrap/VSP_Debit/select_UDF6'  using regular expression

2022-05-16 12:06:24 - [MESSAGE][PASSED] - Text 'Kolkata' is set on object 'Object Repository/AdminSuiteBootstrap_Pages/VSP_Bootstrap/VSP_Debit/input_userDefined7'

2022-05-16 12:06:25 - [MESSAGE][PASSED] - Text 'Pune' is set on object 'Object Repository/AdminSuiteBootstrap_Pages/VSP_Bootstrap/VSP_Debit/input_userDefined8'

2022-05-16 12:06:26 - [MESSAGE][PASSED] - Text 'Bhavnagar' is set on object 'Object Repository/AdminSuiteBootstrap_Pages/VSP_Bootstrap/VSP_Debit/input_userDefined9'

2022-05-16 12:06:26 - [MESSAGE][PASSED] - Text 'Noida' is set on object 'Object Repository/AdminSuiteBootstrap_Pages/VSP_Bootstrap/VSP_Debit/input_userDefined10'

2022-05-16 12:06:30 - [MESSAGE][PASSED] - Object: 'Object Repository/AdminSuiteBootstrap_Pages/VSP_Bootstrap/VSP_Debit/button_Submit' is clicked on

2022-05-16 12:06:30 - [MESSAGE][PASSED] - vspBootstrap.ACHDebitPage.setDataACHDebit is PASSED

2022-05-16 12:06:30 - [TEST_STEP][PASSED] - verifyTextPresent("Transaction Successful", true): Text 'Transaction Successful' is present on page  using regular expression

2022-05-16 12:06:30 - [MESSAGE][PASSED] - Text 'Transaction Successful' is present on page  using regular expression

2022-05-16 12:06:30 - [TEST_STEP][PASSED] - verifyElementVisible(findTestObject("Object Repository/AdminSuiteBootstrap_Pages/VT_Bootstrap/Receipt/button_Continue")): Object 'Object Repository/AdminSuiteBootstrap_Pages/VT_Bootstrap/Receipt/button_Continue' is visible

2022-05-16 12:06:31 - [MESSAGE][PASSED] - Object 'Object Repository/AdminSuiteBootstrap_Pages/VT_Bootstrap/Receipt/button_Continue' is visible

2022-05-16 12:06:31 - [TEST_STEP][PASSED] - verifyElementPresent(findTestObject("Object Repository/AdminSuiteBootstrap_Pages/VT_Bootstrap/Receipt/button_Continue"), 20): Object 'Object Repository/AdminSuiteBootstrap_Pages/VT_Bootstrap/Receipt/button_Continue' is present

2022-05-16 12:06:31 - [MESSAGE][PASSED] - Object 'Object Repository/AdminSuiteBootstrap_Pages/VT_Bootstrap/Receipt/button_Continue' is present

2022-05-16 12:06:31 - [TEST_STEP][PASSED] - verifyElementVisible(findTestObject("Object Repository/AdminSuiteBootstrap_Pages/VT_Bootstrap/Receipt/button_Print")): Object 'Object Repository/AdminSuiteBootstrap_Pages/VT_Bootstrap/Receipt/button_Print' is visible

2022-05-16 12:06:31 - [MESSAGE][PASSED] - Object 'Object Repository/AdminSuiteBootstrap_Pages/VT_Bootstrap/Receipt/button_Print' is visible

2022-05-16 12:06:31 - [TEST_STEP][PASSED] - verifyElementPresent(findTestObject("Object Repository/AdminSuiteBootstrap_Pages/VT_Bootstrap/Receipt/button_Print"), 20): Object 'Object Repository/AdminSuiteBootstrap_Pages/VT_Bootstrap/Receipt/button_Print' is present

2022-05-16 12:06:32 - [MESSAGE][PASSED] - Object 'Object Repository/AdminSuiteBootstrap_Pages/VT_Bootstrap/Receipt/button_Print' is present

2022-05-16 12:06:32 - [TEST_STEP][PASSED] - verifyTextPresent("Remittance ID", true): Text 'Remittance ID' is present on page  using regular expression

2022-05-16 12:06:32 - [MESSAGE][PASSED] - Text 'Remittance ID' is present on page  using regular expression

2022-05-16 12:06:32 - [TEST_STEP][PASSED] - verifyTextPresent("Received", true): Text 'Received' is present on page  using regular expression

2022-05-16 12:06:32 - [MESSAGE][PASSED] - Text 'Received' is present on page  using regular expression

2022-05-16 12:06:32 - [TEST_STEP][PASSED] - verifyTextPresent("UDF1", true): Text 'UDF1' is present on page  using regular expression

2022-05-16 12:06:32 - [MESSAGE][PASSED] - Text 'UDF1' is present on page  using regular expression

2022-05-16 12:06:32 - [TEST_STEP][PASSED] - verifyTextPresent("UDF2", true): Text 'UDF2' is present on page  using regular expression

2022-05-16 12:06:33 - [MESSAGE][PASSED] - Text 'UDF2' is present on page  using regular expression

2022-05-16 12:06:33 - [TEST_STEP][PASSED] - verifyTextPresent("UDF3", true): Text 'UDF3' is present on page  using regular expression

2022-05-16 12:06:33 - [MESSAGE][PASSED] - Text 'UDF3' is present on page  using regular expression

2022-05-16 12:06:33 - [TEST_STEP][PASSED] - verifyTextPresent("UDF4", true): Text 'UDF4' is present on page  using regular expression

2022-05-16 12:06:33 - [MESSAGE][PASSED] - Text 'UDF4' is present on page  using regular expression

2022-05-16 12:06:33 - [TEST_STEP][PASSED] - verifyTextPresent("UDF5", true): Text 'UDF5' is present on page  using regular expression

2022-05-16 12:06:34 - [MESSAGE][PASSED] - Text 'UDF5' is present on page  using regular expression

2022-05-16 12:06:34 - [TEST_STEP][PASSED] - verifyTextPresent("UDF6", true): Text 'UDF6' is present on page  using regular expression

2022-05-16 12:06:34 - [MESSAGE][PASSED] - Text 'UDF6' is present on page  using regular expression

2022-05-16 12:06:34 - [TEST_STEP][PASSED] - verifyTextPresent("UDF7", true): Text 'UDF7' is present on page  using regular expression

2022-05-16 12:06:34 - [MESSAGE][PASSED] - Text 'UDF7' is present on page  using regular expression

2022-05-16 12:06:34 - [TEST_STEP][PASSED] - verifyTextPresent("UDF8", true): Text 'UDF8' is present on page  using regular expression

2022-05-16 12:06:35 - [MESSAGE][PASSED] - Text 'UDF8' is present on page  using regular expression

2022-05-16 12:06:35 - [TEST_STEP][PASSED] - verifyTextPresent("UDF9", true): Text 'UDF9' is present on page  using regular expression

2022-05-16 12:06:35 - [MESSAGE][PASSED] - Text 'UDF9' is present on page  using regular expression

2022-05-16 12:06:35 - [TEST_STEP][PASSED] - verifyTextPresent("UDF 10", true): Text 'UDF 10' is present on page  using regular expression

2022-05-16 12:06:35 - [MESSAGE][PASSED] - Text 'UDF 10' is present on page  using regular expression

2022-05-16 12:06:35 - [TEST_STEP][PASSED] - verifyTextPresent("Delhi", true): Text 'Delhi' is present on page  using regular expression

2022-05-16 12:06:36 - [MESSAGE][PASSED] - Text 'Delhi' is present on page  using regular expression

2022-05-16 12:06:36 - [TEST_STEP][PASSED] - verifyTextPresent("Chennai", true): Text 'Chennai' is present on page  using regular expression

2022-05-16 12:06:36 - [MESSAGE][PASSED] - Text 'Chennai' is present on page  using regular expression

2022-05-16 12:06:36 - [TEST_STEP][PASSED] - verifyTextPresent("Mumbai", true): Text 'Mumbai' is present on page  using regular expression

2022-05-16 12:06:36 - [MESSAGE][PASSED] - Text 'Mumbai' is present on page  using regular expression

2022-05-16 12:06:36 - [TEST_STEP][PASSED] - verifyTextPresent("Kanpur", true): Text 'Kanpur' is present on page  using regular expression

2022-05-16 12:06:37 - [MESSAGE][PASSED] - Text 'Kanpur' is present on page  using regular expression

2022-05-16 12:06:37 - [TEST_STEP][PASSED] - verifyTextPresent("Orange Recorded", true): Text 'Orange Recorded' is present on page  using regular expression

2022-05-16 12:06:37 - [MESSAGE][PASSED] - Text 'Orange Recorded' is present on page  using regular expression

2022-05-16 12:06:37 - [TEST_STEP][PASSED] - verifyTextPresent("Yellow Recorded", true): Text 'Yellow Recorded' is present on page  using regular expression

2022-05-16 12:06:37 - [MESSAGE][PASSED] - Text 'Yellow Recorded' is present on page  using regular expression

2022-05-16 12:06:37 - [TEST_STEP][PASSED] - verifyTextPresent("Kolkata", true): Text 'Kolkata' is present on page  using regular expression

2022-05-16 12:06:38 - [MESSAGE][PASSED] - Text 'Kolkata' is present on page  using regular expression

2022-05-16 12:06:38 - [TEST_STEP][PASSED] - verifyTextPresent("Pune", true): Text 'Pune' is present on page  using regular expression

2022-05-16 12:06:38 - [MESSAGE][PASSED] - Text 'Pune' is present on page  using regular expression

2022-05-16 12:06:38 - [TEST_STEP][PASSED] - verifyTextPresent("Bhavnagar", true): Text 'Bhavnagar' is present on page  using regular expression

2022-05-16 12:06:38 - [MESSAGE][PASSED] - Text 'Bhavnagar' is present on page  using regular expression

2022-05-16 12:06:38 - [TEST_STEP][PASSED] - verifyTextPresent("Noida", true): Text 'Noida' is present on page  using regular expression

2022-05-16 12:06:39 - [MESSAGE][PASSED] - Text 'Noida' is present on page  using regular expression

2022-05-16 12:06:39 - [TEST_STEP][PASSED] - verifyTextPresent("Amount", true): Text 'Amount' is present on page  using regular expression

2022-05-16 12:06:39 - [MESSAGE][PASSED] - Text 'Amount' is present on page  using regular expression

2022-05-16 12:06:39 - [TEST_STEP][PASSED] - verifyTextPresent("2.50", true): Text '2.50' is present on page  using regular expression

2022-05-16 12:06:39 - [MESSAGE][PASSED] - Text '2.50' is present on page  using regular expression

2022-05-16 12:06:39 - [TEST_STEP][PASSED] - verifyTextPresent("Transaction Type", true): Text 'Transaction Type' is present on page  using regular expression

2022-05-16 12:06:40 - [MESSAGE][PASSED] - Text 'Transaction Type' is present on page  using regular expression

2022-05-16 12:06:40 - [TEST_STEP][PASSED] - verifyTextPresent("Debit", true): Text 'Debit' is present on page  using regular expression

2022-05-16 12:06:40 - [MESSAGE][PASSED] - Text 'Debit' is present on page  using regular expression

2022-05-16 12:06:40 - [TEST_STEP][PASSED] - verifyTextPresent("Check Information", true): Text 'Check Information' is present on page  using regular expression

2022-05-16 12:06:40 - [MESSAGE][PASSED] - Text 'Check Information' is present on page  using regular expression

2022-05-16 12:06:40 - [TEST_STEP][PASSED] - verifyTextPresent("Account Type", true): Text 'Account Type' is present on page  using regular expression

2022-05-16 12:06:41 - [MESSAGE][PASSED] - Text 'Account Type' is present on page  using regular expression

2022-05-16 12:06:41 - [TEST_STEP][PASSED] - verifyTextPresent("Account Number", true): Text 'Account Number' is present on page  using regular expression

2022-05-16 12:06:41 - [MESSAGE][PASSED] - Text 'Account Number' is present on page  using regular expression

2022-05-16 12:06:41 - [TEST_STEP][PASSED] - verifyTextPresent("Routing Number", true): Text 'Routing Number' is present on page  using regular expression

2022-05-16 12:06:41 - [MESSAGE][PASSED] - Text 'Routing Number' is present on page  using regular expression

2022-05-16 12:06:41 - [TEST_STEP][PASSED] - verifyTextPresent("Address Line 1", true): Text 'Address Line 1' is present on page  using regular expression

2022-05-16 12:06:42 - [MESSAGE][PASSED] - Text 'Address Line 1' is present on page  using regular expression

2022-05-16 12:06:42 - [TEST_STEP][PASSED] - verifyTextPresent("Address Line 2", true): Text 'Address Line 2' is present on page  using regular expression

2022-05-16 12:06:42 - [MESSAGE][PASSED] - Text 'Address Line 2' is present on page  using regular expression

2022-05-16 12:06:42 - [TEST_STEP][PASSED] - verifyTextPresent("Country", true): Text 'Country' is present on page  using regular expression

2022-05-16 12:06:42 - [MESSAGE][PASSED] - Text 'Country' is present on page  using regular expression

2022-05-16 12:06:42 - [TEST_STEP][PASSED] - verifyTextPresent("City", true): Text 'City' is present on page  using regular expression

2022-05-16 12:06:43 - [MESSAGE][PASSED] - Text 'City' is present on page  using regular expression

2022-05-16 12:06:43 - [TEST_STEP][PASSED] - verifyTextPresent("State", true): Text 'State' is present on page  using regular expression

2022-05-16 12:06:43 - [MESSAGE][PASSED] - Text 'State' is present on page  using regular expression

2022-05-16 12:06:43 - [TEST_STEP][PASSED] - verifyTextPresent("ZIP Code", true): Text 'ZIP Code' is present on page  using regular expression

2022-05-16 12:06:43 - [MESSAGE][PASSED] - Text 'ZIP Code' is present on page  using regular expression

2022-05-16 12:06:43 - [TEST_STEP][PASSED] - verifyTextPresent("248 PhoolKaante road", true): Text '248 PhoolKaante road' is present on page  using regular expression

2022-05-16 12:06:44 - [MESSAGE][PASSED] - Text '248 PhoolKaante road' is present on page  using regular expression

2022-05-16 12:06:44 - [TEST_STEP][PASSED] - verifyTextPresent("Suite 678", true): Text 'Suite 678' is present on page  using regular expression

2022-05-16 12:06:44 - [MESSAGE][PASSED] - Text 'Suite 678' is present on page  using regular expression

2022-05-16 12:06:44 - [TEST_STEP][PASSED] - verifyTextPresent("United States", true): Text 'United States' is present on page  using regular expression

2022-05-16 12:06:45 - [MESSAGE][PASSED] - Text 'United States' is present on page  using regular expression

2022-05-16 12:06:45 - [TEST_STEP][PASSED] - verifyTextPresent("ARLINGTON", true): Text 'ARLINGTON' is present on page  using regular expression

2022-05-16 12:06:45 - [MESSAGE][PASSED] - Text 'ARLINGTON' is present on page  using regular expression

2022-05-16 12:06:45 - [TEST_STEP][PASSED] - verifyTextPresent("Virginia", true): Text 'Virginia' is present on page  using regular expression

2022-05-16 12:06:45 - [MESSAGE][PASSED] - Text 'Virginia' is present on page  using regular expression

2022-05-16 12:06:45 - [TEST_STEP][PASSED] - verifyTextPresent("22201", true): Text '22201' is present on page  using regular expression

2022-05-16 12:06:46 - [MESSAGE][PASSED] - Text '22201' is present on page  using regular expression

2022-05-16 12:06:46 - [TEST_STEP][PASSED] - tranType = findTestData(dataFile).getValue("TranType", row): null

2022-05-16 12:06:46 - [TEST_STEP][PASSED] - last4V = findTestData(dataFile).getValue("Last4", row): null

2022-05-16 12:06:46 - [TEST_STEP][PASSED] - verifyTextPresent(tranType, true): Text 'Checking' is present on page  using regular expression

2022-05-16 12:06:46 - [MESSAGE][PASSED] - Text 'Checking' is present on page  using regular expression

2022-05-16 12:06:46 - [TEST_STEP][PASSED] - verifyTextPresent(last4V, true): Text '4444' is present on page  using regular expression

2022-05-16 12:06:46 - [MESSAGE][PASSED] - Text '4444' is present on page  using regular expression

2022-05-16 12:06:46 - [TEST_STEP][PASSED] - if (profNameLink.equalsIgnoreCase("a_PaymentsPC")): null

2022-05-16 12:06:46 - [TEST_STEP][PASSED] - if (profNameLink.equalsIgnoreCase("a_PaymentsPS")): null

2022-05-16 12:06:46 - [TEST_STEP][PASSED] - if (profNameLink.equalsIgnoreCase("a_PaymentsCorp")): Text '123456789' is present on page  using regular expression

2022-05-16 12:06:46 - [TEST_STEP][PASSED] - verifyTextPresent("Employer Identification Number", true): Text 'Employer Identification Number' is present on page  using regular expression

2022-05-16 12:06:47 - [MESSAGE][PASSED] - Text 'Employer Identification Number' is present on page  using regular expression

2022-05-16 12:06:47 - [TEST_STEP][PASSED] - verifyTextPresent("EIN", true): Text 'EIN' is present on page  using regular expression

2022-05-16 12:06:47 - [MESSAGE][PASSED] - Text 'EIN' is present on page  using regular expression

2022-05-16 12:06:47 - [TEST_STEP][PASSED] - verifyTextPresent("123456789", true): Text '123456789' is present on page  using regular expression

2022-05-16 12:06:47 - [MESSAGE][PASSED] - Text '123456789' is present on page  using regular expression

2022-05-16 12:06:47 - [TEST_STEP][PASSED] - switch (appName): null

2022-05-16 12:06:47 - [TEST_STEP][PASSED] - case "a_Access AutoSingleCFtpDemo":: null

2022-05-16 12:06:47 - [TEST_STEP][PASSED] - verifyTextPresent("5.00", true): Text '5.00' is present on page  using regular expression

2022-05-16 12:06:48 - [MESSAGE][PASSED] - Text '5.00' is present on page  using regular expression

2022-05-16 12:06:48 - [TEST_STEP][PASSED] - verifyTextPresent("Single Transaction", true): Text 'Single Transaction' is present on page  using regular expression

2022-05-16 12:06:48 - [MESSAGE][PASSED] - Text 'Single Transaction' is present on page  using regular expression

2022-05-16 12:06:48 - [TEST_STEP][PASSED] - verifyTextPresent("7.50", true): Text '7.50' is present on page  using regular expression

2022-05-16 12:06:48 - [MESSAGE][PASSED] - Text '7.50' is present on page  using regular expression

2022-05-16 12:06:48 - [TEST_STEP][PASSED] - verifyTextPresent("Total Amount", true): Text 'Total Amount' is present on page  using regular expression

2022-05-16 12:06:49 - [MESSAGE][PASSED] - Text 'Total Amount' is present on page  using regular expression

2022-05-16 12:06:49 - [TEST_STEP][PASSED] - verifyTextPresent("Transaction Type", true): Text 'Transaction Type' is present on page  using regular expression

2022-05-16 12:06:49 - [MESSAGE][PASSED] - Text 'Transaction Type' is present on page  using regular expression

2022-05-16 12:06:49 - [TEST_STEP][PASSED] - break: null

2022-05-16 12:06:49 - [TEST_STEP][PASSED] - closeBrowser(): Browser is closed

2022-05-16 12:06:50 - [MESSAGE][PASSED] - Browser is closed

2022-05-16 12:06:50 - [TEST_STEP][PASSED] - ExecuteTC = findTestData(dataFile).getValue("Execute", row): null

2022-05-16 12:06:50 - [TEST_STEP][PASSED] - out.println("Value of Execute is : " + ExecuteTC): null

2022-05-16 12:06:50 - [TEST_STEP][PASSED] - switch (executionProfile): null

2022-05-16 12:06:50 - [TEST_STEP][PASSED] - case "DemoProfile":: null

2022-05-16 12:06:50 - [TEST_STEP][PASSED] - appName = findTestData(dataFile).getValue("AppNameDemo", row): null

2022-05-16 12:06:50 - [TEST_STEP][PASSED] - appID = findTestData(dataFile).getValue("AppIDDemo", row): null

2022-05-16 12:06:50 - [TEST_STEP][PASSED] - break: null

2022-05-16 12:06:50 - [TEST_STEP][FAILED] - if (ExecuteTC.equalsIgnoreCase("Y")): null

2022-05-16 12:06:50 - [TEST_STEP][PASSED] - out.println("Begin Record Number: " + row): null

2022-05-16 12:06:50 - [TEST_STEP][PASSED] - today = new java.util.Date(): null

2022-05-16 12:06:50 - [TEST_STEP][PASSED] - println(today): null

2022-05-16 12:06:50 - [TEST_STEP][PASSED] - datText = today: null

2022-05-16 12:06:50 - [TEST_STEP][PASSED] - adminSuiteBootstrap.loginFunctionality.login_AdminSuite(): adminSuiteBootstrap.loginFunctionality.login_AdminSuite is PASSED

2022-05-16 12:06:50 - [MESSAGE][INFO] - Starting 'Chrome' driver

2022-05-16 12:06:50 - [MESSAGE][INFO] - User set preference: ['acceptInsecureCerts', 'true']

2022-05-16 12:06:50 - [MESSAGE][INFO] - Action delay is set to 0 milliseconds

2022-05-16 12:06:52 - [MESSAGE][PASSED] - Browser is opened with url: 'https://demo.velocitypayment.com/admin/imtiazdemo'

2022-05-16 12:06:53 - [MESSAGE][PASSED] - Current window maximized

2022-05-16 12:06:53 - [MESSAGE][PASSED] - Object 'Object Repository/Login_Page/Login_Username' is present

2022-05-16 12:06:54 - [MESSAGE][PASSED] - Text 'iahmed' is set on object 'Object Repository/Login_Page/Login_Username'

2022-05-16 12:06:54 - [MESSAGE][PASSED] - Text 'hello2222' is set on object 'Object Repository/Login_Page/Login_Password'

2022-05-16 12:06:57 - [MESSAGE][PASSED] - Object: 'Object Repository/Login_Page/Login_Submit' is clicked on

2022-05-16 12:06:57 - [MESSAGE][PASSED] - adminSuiteBootstrap.loginFunctionality.login_AdminSuite is PASSED

2022-05-16 12:06:57 - [TEST_STEP][PASSED] - click(findTestObject(path_Dashboard + appName)): Object: 'Object Repository/AdminSuiteBootstrap_Pages/Dashboard_Bootstrap/a_Access AutoDualCFtpDemo' is clicked on

2022-05-16 12:07:00 - [MESSAGE][PASSED] - Object: 'Object Repository/AdminSuiteBootstrap_Pages/Dashboard_Bootstrap/a_Access AutoDualCFtpDemo' is clicked on

2022-05-16 12:07:00 - [TEST_STEP][PASSED] - click(findTestObject(path_VT + "a_Find Profile")): Object: 'Object Repository/AdminSuiteBootstrap_Pages/VT_Bootstrap/IssueTransactions/a_Find Profile' is clicked on

2022-05-16 12:07:00 - [MESSAGE][PASSED] - Object: 'Object Repository/AdminSuiteBootstrap_Pages/VT_Bootstrap/IssueTransactions/a_Find Profile' is clicked on

2022-05-16 12:07:00 - [TEST_STEP][PASSED] - criteria = <not implemented yet for class: org.codehaus.groovy.ast.expr.EmptyExpression>: null

2022-05-16 12:07:00 - [TEST_STEP][PASSED] - searchBy = <not implemented yet for class: org.codehaus.groovy.ast.expr.EmptyExpression>: null

2022-05-16 12:07:00 - [TEST_STEP][PASSED] - criteria = findTestData(dataFile).getValue("ProfileName", row): null

2022-05-16 12:07:00 - [TEST_STEP][PASSED] - path_SearchProfile = "Object Repository/AdminSuiteBootstrap_Pages/VSP_Bootstrap/SearchProfile/": null

2022-05-16 12:07:00 - [TEST_STEP][PASSED] - setText(findTestObject(path_SearchProfile + "input_Criteria"), criteria): Text 'PaymentsPC' is set on object 'Object Repository/AdminSuiteBootstrap_Pages/VSP_Bootstrap/SearchProfile/input_Criteria'

2022-05-16 12:07:01 - [MESSAGE][PASSED] - Text 'PaymentsPC' is set on object 'Object Repository/AdminSuiteBootstrap_Pages/VSP_Bootstrap/SearchProfile/input_Criteria'

2022-05-16 12:07:01 - [TEST_STEP][PASSED] - click(findTestObject(path_SearchProfile + "button_Search")): Object: 'Object Repository/AdminSuiteBootstrap_Pages/VSP_Bootstrap/SearchProfile/button_Search' is clicked on

2022-05-16 12:07:04 - [MESSAGE][PASSED] - Object: 'Object Repository/AdminSuiteBootstrap_Pages/VSP_Bootstrap/SearchProfile/button_Search' is clicked on

2022-05-16 12:07:04 - [TEST_STEP][PASSED] - profNameLink = findTestData(dataFile).getValue("ProfileNameLink", row): null

2022-05-16 12:07:04 - [TEST_STEP][PASSED] - click(findTestObject(path_ViewProfile + profNameLink)): Object: 'Object Repository/AdminSuiteBootstrap_Pages/VSP_Bootstrap/View Profile/a_PaymentsPC' is clicked on

2022-05-16 12:07:07 - [MESSAGE][PASSED] - Object: 'Object Repository/AdminSuiteBootstrap_Pages/VSP_Bootstrap/View Profile/a_PaymentsPC' is clicked on

2022-05-16 12:07:07 - [TEST_STEP][PASSED] - click(findTestObject(path_ViewProfile + "a_Debit")): Object: 'Object Repository/AdminSuiteBootstrap_Pages/VSP_Bootstrap/View Profile/a_Debit' is clicked on

2022-05-16 12:07:10 - [MESSAGE][PASSED] - Object: 'Object Repository/AdminSuiteBootstrap_Pages/VSP_Bootstrap/View Profile/a_Debit' is clicked on

2022-05-16 12:07:10 - [TEST_STEP][PASSED] - verifyTextPresent("Remittance ID", true): Text 'Remittance ID' is present on page  using regular expression

2022-05-16 12:07:13 - [MESSAGE][PASSED] - Text 'Remittance ID' is present on page  using regular expression

2022-05-16 12:07:13 - [TEST_STEP][FAILED] - vspBootstrap.ACHDebitPage.setDataACHDebit(row, dataFile): com.kms.katalon.core.exception.StepFailedException: No option matched.

2022-05-16 12:07:44 - [MESSAGE][INFO] - Unable to find the element located by 'By.xpath: id("form1")/div[@class="timeline-post"]/div[@class="row border-bottom"]/div[@class="col-md-6"]/div[@class="post-content"]/div[@class="row"]/div[@class="col-md-6"]/div[@class="form-floating"]/select[@class="form-select form-control"][count(. | //*[@name = 'standardEntryClass']) = count(//*[@name = 'standardEntryClass'])]'. Please recheck the objects properties to make sure the desired element is located. 

2022-05-16 12:07:44 - [MESSAGE][WARNING] - [SELF-HEALING] Failed to find element with id 'Object Repository/AdminSuiteBootstrap_Pages/VSP_Bootstrap/VSP_Debit/select_StdEntryClass'. Try using Self-healing.

2022-05-16 12:07:45 - [MESSAGE][WARNING] - [SELF-HEALING] The current locator of test object 'Object Repository/AdminSuiteBootstrap_Pages/VSP_Bootstrap/VSP_Debit/select_StdEntryClass' was broken. Propose an alternative one: '(.//*[normalize-space(text()) and normalize-space(.)='Account Type'])[1]/following::select[1]'.

2022-05-16 12:07:45 - [MESSAGE][FAILED] - No option matched.

2022-05-16 12:07:46 - [MESSAGE][PASSED] - Text '' is set on object 'Object Repository/AdminSuiteBootstrap_Pages/VSP_Bootstrap/VSP_Debit/input_smsNumber'

2022-05-16 12:07:46 - [MESSAGE][PASSED] - Text '2.50' is set on object 'Object Repository/AdminSuiteBootstrap_Pages/VSP_Bootstrap/VSP_Debit/input_amount'

2022-05-16 12:07:51 - [MESSAGE][PASSED] - Text 'Delhi' is set on object 'Object Repository/AdminSuiteBootstrap_Pages/VSP_Bootstrap/VSP_Debit/input_userDefined1'

2022-05-16 12:07:51 - [MESSAGE][PASSED] - Text 'Chennai' is set on object 'Object Repository/AdminSuiteBootstrap_Pages/VSP_Bootstrap/VSP_Debit/input_userDefined2'

2022-05-16 12:07:52 - [MESSAGE][PASSED] - Text 'Mumbai' is set on object 'Object Repository/AdminSuiteBootstrap_Pages/VSP_Bootstrap/VSP_Debit/input_userDefined3'

2022-05-16 12:07:53 - [MESSAGE][PASSED] - Text 'Kanpur' is set on object 'Object Repository/AdminSuiteBootstrap_Pages/VSP_Bootstrap/VSP_Debit/input_userDefined4'

2022-05-16 12:07:54 - [MESSAGE][PASSED] - All options with label 'Orange' are selected in object 'Object Repository/AdminSuiteBootstrap_Pages/VSP_Bootstrap/VSP_Debit/select_UDF5'  using regular expression

2022-05-16 12:07:55 - [MESSAGE][PASSED] - All options with label 'Yellow' are selected in object 'Object Repository/AdminSuiteBootstrap_Pages/VSP_Bootstrap/VSP_Debit/select_UDF6'  using regular expression

2022-05-16 12:07:55 - [MESSAGE][PASSED] - Text 'Kolkata' is set on object 'Object Repository/AdminSuiteBootstrap_Pages/VSP_Bootstrap/VSP_Debit/input_userDefined7'

2022-05-16 12:07:56 - [MESSAGE][PASSED] - Text 'Pune' is set on object 'Object Repository/AdminSuiteBootstrap_Pages/VSP_Bootstrap/VSP_Debit/input_userDefined8'

2022-05-16 12:07:57 - [MESSAGE][PASSED] - Text 'Bhavnagar' is set on object 'Object Repository/AdminSuiteBootstrap_Pages/VSP_Bootstrap/VSP_Debit/input_userDefined9'

2022-05-16 12:07:57 - [MESSAGE][PASSED] - Text 'Noida' is set on object 'Object Repository/AdminSuiteBootstrap_Pages/VSP_Bootstrap/VSP_Debit/input_userDefined10'

2022-05-16 12:08:01 - [MESSAGE][PASSED] - Object: 'Object Repository/AdminSuiteBootstrap_Pages/VSP_Bootstrap/VSP_Debit/button_Submit' is clicked on

2022-05-16 12:08:01 - [MESSAGE][FAILED] - com.kms.katalon.core.exception.StepFailedException: No option matched.

2022-05-16 12:08:01 - [TEST_STEP][PASSED] - verifyTextPresent("Transaction Successful", true): Text 'Transaction Successful' is present on page  using regular expression

2022-05-16 12:08:01 - [MESSAGE][PASSED] - Text 'Transaction Successful' is present on page  using regular expression

2022-05-16 12:08:01 - [TEST_STEP][PASSED] - verifyElementVisible(findTestObject("Object Repository/AdminSuiteBootstrap_Pages/VT_Bootstrap/Receipt/button_Continue")): Object 'Object Repository/AdminSuiteBootstrap_Pages/VT_Bootstrap/Receipt/button_Continue' is visible

2022-05-16 12:08:02 - [MESSAGE][PASSED] - Object 'Object Repository/AdminSuiteBootstrap_Pages/VT_Bootstrap/Receipt/button_Continue' is visible

2022-05-16 12:08:02 - [TEST_STEP][PASSED] - verifyElementPresent(findTestObject("Object Repository/AdminSuiteBootstrap_Pages/VT_Bootstrap/Receipt/button_Continue"), 20): Object 'Object Repository/AdminSuiteBootstrap_Pages/VT_Bootstrap/Receipt/button_Continue' is present

2022-05-16 12:08:02 - [MESSAGE][PASSED] - Object 'Object Repository/AdminSuiteBootstrap_Pages/VT_Bootstrap/Receipt/button_Continue' is present

2022-05-16 12:08:02 - [TEST_STEP][PASSED] - verifyElementVisible(findTestObject("Object Repository/AdminSuiteBootstrap_Pages/VT_Bootstrap/Receipt/button_Print")): Object 'Object Repository/AdminSuiteBootstrap_Pages/VT_Bootstrap/Receipt/button_Print' is visible

2022-05-16 12:08:02 - [MESSAGE][PASSED] - Object 'Object Repository/AdminSuiteBootstrap_Pages/VT_Bootstrap/Receipt/button_Print' is visible

2022-05-16 12:08:02 - [TEST_STEP][PASSED] - verifyElementPresent(findTestObject("Object Repository/AdminSuiteBootstrap_Pages/VT_Bootstrap/Receipt/button_Print"), 20): Object 'Object Repository/AdminSuiteBootstrap_Pages/VT_Bootstrap/Receipt/button_Print' is present

2022-05-16 12:08:03 - [MESSAGE][PASSED] - Object 'Object Repository/AdminSuiteBootstrap_Pages/VT_Bootstrap/Receipt/button_Print' is present

2022-05-16 12:08:03 - [TEST_STEP][PASSED] - verifyTextPresent("Remittance ID", true): Text 'Remittance ID' is present on page  using regular expression

2022-05-16 12:08:03 - [MESSAGE][PASSED] - Text 'Remittance ID' is present on page  using regular expression

2022-05-16 12:08:03 - [TEST_STEP][PASSED] - verifyTextPresent("Received", true): Text 'Received' is present on page  using regular expression

2022-05-16 12:08:03 - [MESSAGE][PASSED] - Text 'Received' is present on page  using regular expression

2022-05-16 12:08:03 - [TEST_STEP][PASSED] - verifyTextPresent("UDF1", true): Text 'UDF1' is present on page  using regular expression

2022-05-16 12:08:04 - [MESSAGE][PASSED] - Text 'UDF1' is present on page  using regular expression

2022-05-16 12:08:04 - [TEST_STEP][PASSED] - verifyTextPresent("UDF2", true): Text 'UDF2' is present on page  using regular expression

2022-05-16 12:08:04 - [MESSAGE][PASSED] - Text 'UDF2' is present on page  using regular expression

2022-05-16 12:08:04 - [TEST_STEP][PASSED] - verifyTextPresent("UDF3", true): Text 'UDF3' is present on page  using regular expression

2022-05-16 12:08:04 - [MESSAGE][PASSED] - Text 'UDF3' is present on page  using regular expression

2022-05-16 12:08:04 - [TEST_STEP][PASSED] - verifyTextPresent("UDF4", true): Text 'UDF4' is present on page  using regular expression

2022-05-16 12:08:05 - [MESSAGE][PASSED] - Text 'UDF4' is present on page  using regular expression

2022-05-16 12:08:05 - [TEST_STEP][PASSED] - verifyTextPresent("UDF5", true): Text 'UDF5' is present on page  using regular expression

2022-05-16 12:08:05 - [MESSAGE][PASSED] - Text 'UDF5' is present on page  using regular expression

2022-05-16 12:08:05 - [TEST_STEP][PASSED] - verifyTextPresent("UDF6", true): Text 'UDF6' is present on page  using regular expression

2022-05-16 12:08:05 - [MESSAGE][PASSED] - Text 'UDF6' is present on page  using regular expression

2022-05-16 12:08:05 - [TEST_STEP][PASSED] - verifyTextPresent("UDF7", true): Text 'UDF7' is present on page  using regular expression

2022-05-16 12:08:06 - [MESSAGE][PASSED] - Text 'UDF7' is present on page  using regular expression

2022-05-16 12:08:06 - [TEST_STEP][PASSED] - verifyTextPresent("UDF8", true): Text 'UDF8' is present on page  using regular expression

2022-05-16 12:08:06 - [MESSAGE][PASSED] - Text 'UDF8' is present on page  using regular expression

2022-05-16 12:08:06 - [TEST_STEP][PASSED] - verifyTextPresent("UDF9", true): Text 'UDF9' is present on page  using regular expression

2022-05-16 12:08:06 - [MESSAGE][PASSED] - Text 'UDF9' is present on page  using regular expression

2022-05-16 12:08:06 - [TEST_STEP][PASSED] - verifyTextPresent("UDF 10", true): Text 'UDF 10' is present on page  using regular expression

2022-05-16 12:08:07 - [MESSAGE][PASSED] - Text 'UDF 10' is present on page  using regular expression

2022-05-16 12:08:07 - [TEST_STEP][PASSED] - verifyTextPresent("Delhi", true): Text 'Delhi' is present on page  using regular expression

2022-05-16 12:08:07 - [MESSAGE][PASSED] - Text 'Delhi' is present on page  using regular expression

2022-05-16 12:08:07 - [TEST_STEP][PASSED] - verifyTextPresent("Chennai", true): Text 'Chennai' is present on page  using regular expression

2022-05-16 12:08:07 - [MESSAGE][PASSED] - Text 'Chennai' is present on page  using regular expression

2022-05-16 12:08:07 - [TEST_STEP][PASSED] - verifyTextPresent("Mumbai", true): Text 'Mumbai' is present on page  using regular expression

2022-05-16 12:08:08 - [MESSAGE][PASSED] - Text 'Mumbai' is present on page  using regular expression

2022-05-16 12:08:08 - [TEST_STEP][PASSED] - verifyTextPresent("Kanpur", true): Text 'Kanpur' is present on page  using regular expression

2022-05-16 12:08:08 - [MESSAGE][PASSED] - Text 'Kanpur' is present on page  using regular expression

2022-05-16 12:08:08 - [TEST_STEP][PASSED] - verifyTextPresent("Orange Recorded", true): Text 'Orange Recorded' is present on page  using regular expression

2022-05-16 12:08:08 - [MESSAGE][PASSED] - Text 'Orange Recorded' is present on page  using regular expression

2022-05-16 12:08:08 - [TEST_STEP][PASSED] - verifyTextPresent("Yellow Recorded", true): Text 'Yellow Recorded' is present on page  using regular expression

2022-05-16 12:08:09 - [MESSAGE][PASSED] - Text 'Yellow Recorded' is present on page  using regular expression

2022-05-16 12:08:09 - [TEST_STEP][PASSED] - verifyTextPresent("Kolkata", true): Text 'Kolkata' is present on page  using regular expression

2022-05-16 12:08:09 - [MESSAGE][PASSED] - Text 'Kolkata' is present on page  using regular expression

2022-05-16 12:08:09 - [TEST_STEP][PASSED] - verifyTextPresent("Pune", true): Text 'Pune' is present on page  using regular expression

2022-05-16 12:08:09 - [MESSAGE][PASSED] - Text 'Pune' is present on page  using regular expression

2022-05-16 12:08:09 - [TEST_STEP][PASSED] - verifyTextPresent("Bhavnagar", true): Text 'Bhavnagar' is present on page  using regular expression

2022-05-16 12:08:10 - [MESSAGE][PASSED] - Text 'Bhavnagar' is present on page  using regular expression

2022-05-16 12:08:10 - [TEST_STEP][PASSED] - verifyTextPresent("Noida", true): Text 'Noida' is present on page  using regular expression

2022-05-16 12:08:10 - [MESSAGE][PASSED] - Text 'Noida' is present on page  using regular expression

2022-05-16 12:08:10 - [TEST_STEP][PASSED] - verifyTextPresent("Amount", true): Text 'Amount' is present on page  using regular expression

2022-05-16 12:08:10 - [MESSAGE][PASSED] - Text 'Amount' is present on page  using regular expression

2022-05-16 12:08:10 - [TEST_STEP][PASSED] - verifyTextPresent("2.50", true): Text '2.50' is present on page  using regular expression

2022-05-16 12:08:11 - [MESSAGE][PASSED] - Text '2.50' is present on page  using regular expression

2022-05-16 12:08:11 - [TEST_STEP][PASSED] - verifyTextPresent("Transaction Type", true): Text 'Transaction Type' is present on page  using regular expression

2022-05-16 12:08:11 - [MESSAGE][PASSED] - Text 'Transaction Type' is present on page  using regular expression

2022-05-16 12:08:11 - [TEST_STEP][PASSED] - verifyTextPresent("Debit", true): Text 'Debit' is present on page  using regular expression

2022-05-16 12:08:11 - [MESSAGE][PASSED] - Text 'Debit' is present on page  using regular expression

2022-05-16 12:08:11 - [TEST_STEP][PASSED] - verifyTextPresent("Check Information", true): Text 'Check Information' is present on page  using regular expression

2022-05-16 12:08:12 - [MESSAGE][PASSED] - Text 'Check Information' is present on page  using regular expression

2022-05-16 12:08:12 - [TEST_STEP][PASSED] - verifyTextPresent("Account Type", true): Text 'Account Type' is present on page  using regular expression

2022-05-16 12:08:12 - [MESSAGE][PASSED] - Text 'Account Type' is present on page  using regular expression

2022-05-16 12:08:12 - [TEST_STEP][PASSED] - verifyTextPresent("Account Number", true): Text 'Account Number' is present on page  using regular expression

2022-05-16 12:08:12 - [MESSAGE][PASSED] - Text 'Account Number' is present on page  using regular expression

2022-05-16 12:08:12 - [TEST_STEP][PASSED] - verifyTextPresent("Routing Number", true): Text 'Routing Number' is present on page  using regular expression

2022-05-16 12:08:13 - [MESSAGE][PASSED] - Text 'Routing Number' is present on page  using regular expression

2022-05-16 12:08:13 - [TEST_STEP][PASSED] - verifyTextPresent("Address Line 1", true): Text 'Address Line 1' is present on page  using regular expression

2022-05-16 12:08:13 - [MESSAGE][PASSED] - Text 'Address Line 1' is present on page  using regular expression

2022-05-16 12:08:13 - [TEST_STEP][PASSED] - verifyTextPresent("Address Line 2", true): Text 'Address Line 2' is present on page  using regular expression

2022-05-16 12:08:13 - [MESSAGE][PASSED] - Text 'Address Line 2' is present on page  using regular expression

2022-05-16 12:08:13 - [TEST_STEP][PASSED] - verifyTextPresent("Country", true): Text 'Country' is present on page  using regular expression

2022-05-16 12:08:14 - [MESSAGE][PASSED] - Text 'Country' is present on page  using regular expression

2022-05-16 12:08:14 - [TEST_STEP][PASSED] - verifyTextPresent("City", true): Text 'City' is present on page  using regular expression

2022-05-16 12:08:14 - [MESSAGE][PASSED] - Text 'City' is present on page  using regular expression

2022-05-16 12:08:14 - [TEST_STEP][PASSED] - verifyTextPresent("State", true): Text 'State' is present on page  using regular expression

2022-05-16 12:08:14 - [MESSAGE][PASSED] - Text 'State' is present on page  using regular expression

2022-05-16 12:08:14 - [TEST_STEP][PASSED] - verifyTextPresent("ZIP Code", true): Text 'ZIP Code' is present on page  using regular expression

2022-05-16 12:08:15 - [MESSAGE][PASSED] - Text 'ZIP Code' is present on page  using regular expression

2022-05-16 12:08:15 - [TEST_STEP][PASSED] - verifyTextPresent("248 PhoolKaante road", true): Text '248 PhoolKaante road' is present on page  using regular expression

2022-05-16 12:08:15 - [MESSAGE][PASSED] - Text '248 PhoolKaante road' is present on page  using regular expression

2022-05-16 12:08:15 - [TEST_STEP][PASSED] - verifyTextPresent("Suite 678", true): Text 'Suite 678' is present on page  using regular expression

2022-05-16 12:08:15 - [MESSAGE][PASSED] - Text 'Suite 678' is present on page  using regular expression

2022-05-16 12:08:15 - [TEST_STEP][PASSED] - verifyTextPresent("United States", true): Text 'United States' is present on page  using regular expression

2022-05-16 12:08:16 - [MESSAGE][PASSED] - Text 'United States' is present on page  using regular expression

2022-05-16 12:08:16 - [TEST_STEP][PASSED] - verifyTextPresent("ARLINGTON", true): Text 'ARLINGTON' is present on page  using regular expression

2022-05-16 12:08:16 - [MESSAGE][PASSED] - Text 'ARLINGTON' is present on page  using regular expression

2022-05-16 12:08:16 - [TEST_STEP][PASSED] - verifyTextPresent("Virginia", true): Text 'Virginia' is present on page  using regular expression

2022-05-16 12:08:16 - [MESSAGE][PASSED] - Text 'Virginia' is present on page  using regular expression

2022-05-16 12:08:16 - [TEST_STEP][PASSED] - verifyTextPresent("22201", true): Text '22201' is present on page  using regular expression

2022-05-16 12:08:17 - [MESSAGE][PASSED] - Text '22201' is present on page  using regular expression

2022-05-16 12:08:17 - [TEST_STEP][PASSED] - tranType = findTestData(dataFile).getValue("TranType", row): null

2022-05-16 12:08:17 - [TEST_STEP][PASSED] - last4V = findTestData(dataFile).getValue("Last4", row): null

2022-05-16 12:08:17 - [TEST_STEP][PASSED] - verifyTextPresent(tranType, true): Text 'Checking' is present on page  using regular expression

2022-05-16 12:08:17 - [MESSAGE][PASSED] - Text 'Checking' is present on page  using regular expression

2022-05-16 12:08:17 - [TEST_STEP][PASSED] - verifyTextPresent(last4V, true): Text '2222' is present on page  using regular expression

2022-05-16 12:08:17 - [MESSAGE][PASSED] - Text '2222' is present on page  using regular expression

2022-05-16 12:08:17 - [TEST_STEP][PASSED] - if (profNameLink.equalsIgnoreCase("a_PaymentsPC")): Text 'TANDON RAVENA' is present on page  using regular expression

2022-05-16 12:08:17 - [TEST_STEP][PASSED] - verifyTextPresent("Name on Account", true): Text 'Name on Account' is present on page  using regular expression

2022-05-16 12:08:18 - [MESSAGE][PASSED] - Text 'Name on Account' is present on page  using regular expression

2022-05-16 12:08:18 - [TEST_STEP][PASSED] - verifyTextPresent("TANDON RAVENA", true): Text 'TANDON RAVENA' is present on page  using regular expression

2022-05-16 12:08:18 - [MESSAGE][PASSED] - Text 'TANDON RAVENA' is present on page  using regular expression

2022-05-16 12:08:18 - [TEST_STEP][PASSED] - if (profNameLink.equalsIgnoreCase("a_PaymentsPS")): null

2022-05-16 12:08:18 - [TEST_STEP][PASSED] - if (profNameLink.equalsIgnoreCase("a_PaymentsCorp")): null

2022-05-16 12:08:18 - [TEST_STEP][PASSED] - switch (appName): null

2022-05-16 12:08:18 - [TEST_STEP][PASSED] - case "a_Access AutoDualCFtpDemo":: null

2022-05-16 12:08:18 - [TEST_STEP][PASSED] - verifyTextPresent("5.00", true): Text '5.00' is present on page  using regular expression

2022-05-16 12:08:19 - [MESSAGE][PASSED] - Text '5.00' is present on page  using regular expression

2022-05-16 12:08:19 - [TEST_STEP][PASSED] - verifyTextPresent("Dual Transaction", true): Text 'Dual Transaction' is present on page  using regular expression

2022-05-16 12:08:19 - [MESSAGE][PASSED] - Text 'Dual Transaction' is present on page  using regular expression

2022-05-16 12:08:19 - [TEST_STEP][PASSED] - verifyTextPresent("7.50", true): Text '7.50' is present on page  using regular expression

2022-05-16 12:08:19 - [MESSAGE][PASSED] - Text '7.50' is present on page  using regular expression

2022-05-16 12:08:19 - [TEST_STEP][PASSED] - verifyTextPresent("Total Amount", true): Text 'Total Amount' is present on page  using regular expression

2022-05-16 12:08:20 - [MESSAGE][PASSED] - Text 'Total Amount' is present on page  using regular expression

2022-05-16 12:08:20 - [TEST_STEP][PASSED] - verifyTextPresent("Transaction Type", true): Text 'Transaction Type' is present on page  using regular expression

2022-05-16 12:08:20 - [MESSAGE][PASSED] - Text 'Transaction Type' is present on page  using regular expression

2022-05-16 12:08:20 - [TEST_STEP][PASSED] - break: null

2022-05-16 12:08:20 - [TEST_STEP][PASSED] - closeBrowser(): Browser is closed

2022-05-16 12:08:21 - [MESSAGE][PASSED] - Browser is closed

2022-05-16 12:08:21 - [TEST_STEP][PASSED] - ExecuteTC = findTestData(dataFile).getValue("Execute", row): null

2022-05-16 12:08:21 - [TEST_STEP][PASSED] - out.println("Value of Execute is : " + ExecuteTC): null

2022-05-16 12:08:21 - [TEST_STEP][PASSED] - switch (executionProfile): null

2022-05-16 12:08:21 - [TEST_STEP][PASSED] - case "DemoProfile":: null

2022-05-16 12:08:21 - [TEST_STEP][PASSED] - appName = findTestData(dataFile).getValue("AppNameDemo", row): null

2022-05-16 12:08:21 - [TEST_STEP][PASSED] - appID = findTestData(dataFile).getValue("AppIDDemo", row): null

2022-05-16 12:08:21 - [TEST_STEP][PASSED] - break: null

2022-05-16 12:08:21 - [TEST_STEP][FAILED] - if (ExecuteTC.equalsIgnoreCase("Y")): null

2022-05-16 12:08:21 - [TEST_STEP][PASSED] - out.println("Begin Record Number: " + row): null

2022-05-16 12:08:21 - [TEST_STEP][PASSED] - today = new java.util.Date(): null

2022-05-16 12:08:21 - [TEST_STEP][PASSED] - println(today): null

2022-05-16 12:08:21 - [TEST_STEP][PASSED] - datText = today: null

2022-05-16 12:08:21 - [TEST_STEP][PASSED] - adminSuiteBootstrap.loginFunctionality.login_AdminSuite(): adminSuiteBootstrap.loginFunctionality.login_AdminSuite is PASSED

2022-05-16 12:08:21 - [MESSAGE][INFO] - Starting 'Chrome' driver

2022-05-16 12:08:21 - [MESSAGE][INFO] - User set preference: ['acceptInsecureCerts', 'true']

2022-05-16 12:08:21 - [MESSAGE][INFO] - Action delay is set to 0 milliseconds

2022-05-16 12:08:23 - [MESSAGE][PASSED] - Browser is opened with url: 'https://demo.velocitypayment.com/admin/imtiazdemo'

2022-05-16 12:08:23 - [MESSAGE][PASSED] - Current window maximized

2022-05-16 12:08:24 - [MESSAGE][PASSED] - Object 'Object Repository/Login_Page/Login_Username' is present

2022-05-16 12:08:25 - [MESSAGE][PASSED] - Text 'iahmed' is set on object 'Object Repository/Login_Page/Login_Username'

2022-05-16 12:08:25 - [MESSAGE][PASSED] - Text 'hello2222' is set on object 'Object Repository/Login_Page/Login_Password'

2022-05-16 12:08:30 - [MESSAGE][PASSED] - Object: 'Object Repository/Login_Page/Login_Submit' is clicked on

2022-05-16 12:08:30 - [MESSAGE][PASSED] - adminSuiteBootstrap.loginFunctionality.login_AdminSuite is PASSED

2022-05-16 12:08:30 - [TEST_STEP][PASSED] - click(findTestObject(path_Dashboard + appName)): Object: 'Object Repository/AdminSuiteBootstrap_Pages/Dashboard_Bootstrap/a_Access AutoDualCFtpDemo' is clicked on

2022-05-16 12:08:33 - [MESSAGE][PASSED] - Object: 'Object Repository/AdminSuiteBootstrap_Pages/Dashboard_Bootstrap/a_Access AutoDualCFtpDemo' is clicked on

2022-05-16 12:08:33 - [TEST_STEP][PASSED] - click(findTestObject(path_VT + "a_Find Profile")): Object: 'Object Repository/AdminSuiteBootstrap_Pages/VT_Bootstrap/IssueTransactions/a_Find Profile' is clicked on

2022-05-16 12:08:33 - [MESSAGE][PASSED] - Object: 'Object Repository/AdminSuiteBootstrap_Pages/VT_Bootstrap/IssueTransactions/a_Find Profile' is clicked on

2022-05-16 12:08:33 - [TEST_STEP][PASSED] - criteria = <not implemented yet for class: org.codehaus.groovy.ast.expr.EmptyExpression>: null

2022-05-16 12:08:33 - [TEST_STEP][PASSED] - searchBy = <not implemented yet for class: org.codehaus.groovy.ast.expr.EmptyExpression>: null

2022-05-16 12:08:33 - [TEST_STEP][PASSED] - criteria = findTestData(dataFile).getValue("ProfileName", row): null

2022-05-16 12:08:33 - [TEST_STEP][PASSED] - path_SearchProfile = "Object Repository/AdminSuiteBootstrap_Pages/VSP_Bootstrap/SearchProfile/": null

2022-05-16 12:08:33 - [TEST_STEP][PASSED] - setText(findTestObject(path_SearchProfile + "input_Criteria"), criteria): Text 'PaymentsPC' is set on object 'Object Repository/AdminSuiteBootstrap_Pages/VSP_Bootstrap/SearchProfile/input_Criteria'

2022-05-16 12:08:34 - [MESSAGE][PASSED] - Text 'PaymentsPC' is set on object 'Object Repository/AdminSuiteBootstrap_Pages/VSP_Bootstrap/SearchProfile/input_Criteria'

2022-05-16 12:08:34 - [TEST_STEP][PASSED] - click(findTestObject(path_SearchProfile + "button_Search")): Object: 'Object Repository/AdminSuiteBootstrap_Pages/VSP_Bootstrap/SearchProfile/button_Search' is clicked on

2022-05-16 12:08:37 - [MESSAGE][PASSED] - Object: 'Object Repository/AdminSuiteBootstrap_Pages/VSP_Bootstrap/SearchProfile/button_Search' is clicked on

2022-05-16 12:08:37 - [TEST_STEP][PASSED] - profNameLink = findTestData(dataFile).getValue("ProfileNameLink", row): null

2022-05-16 12:08:37 - [TEST_STEP][PASSED] - click(findTestObject(path_ViewProfile + profNameLink)): Object: 'Object Repository/AdminSuiteBootstrap_Pages/VSP_Bootstrap/View Profile/a_PaymentsPC' is clicked on

2022-05-16 12:08:40 - [MESSAGE][PASSED] - Object: 'Object Repository/AdminSuiteBootstrap_Pages/VSP_Bootstrap/View Profile/a_PaymentsPC' is clicked on

2022-05-16 12:08:40 - [TEST_STEP][PASSED] - click(findTestObject(path_ViewProfile + "a_Debit")): Object: 'Object Repository/AdminSuiteBootstrap_Pages/VSP_Bootstrap/View Profile/a_Debit' is clicked on

2022-05-16 12:08:45 - [MESSAGE][PASSED] - Object: 'Object Repository/AdminSuiteBootstrap_Pages/VSP_Bootstrap/View Profile/a_Debit' is clicked on

2022-05-16 12:08:45 - [TEST_STEP][PASSED] - verifyTextPresent("Remittance ID", true): Text 'Remittance ID' is present on page  using regular expression

2022-05-16 12:08:48 - [MESSAGE][PASSED] - Text 'Remittance ID' is present on page  using regular expression

2022-05-16 12:08:48 - [TEST_STEP][FAILED] - vspBootstrap.ACHDebitPage.setDataACHDebit(row, dataFile): com.kms.katalon.core.exception.StepFailedException: No option matched.

2022-05-16 12:09:20 - [MESSAGE][INFO] - Unable to find the element located by 'By.xpath: id("form1")/div[@class="timeline-post"]/div[@class="row border-bottom"]/div[@class="col-md-6"]/div[@class="post-content"]/div[@class="row"]/div[@class="col-md-6"]/div[@class="form-floating"]/select[@class="form-select form-control"][count(. | //*[@name = 'standardEntryClass']) = count(//*[@name = 'standardEntryClass'])]'. Please recheck the objects properties to make sure the desired element is located. 

2022-05-16 12:09:20 - [MESSAGE][WARNING] - [SELF-HEALING] Failed to find element with id 'Object Repository/AdminSuiteBootstrap_Pages/VSP_Bootstrap/VSP_Debit/select_StdEntryClass'. Try using Self-healing.

2022-05-16 12:09:20 - [MESSAGE][WARNING] - [SELF-HEALING] The current locator of test object 'Object Repository/AdminSuiteBootstrap_Pages/VSP_Bootstrap/VSP_Debit/select_StdEntryClass' was broken. Propose an alternative one: '(.//*[normalize-space(text()) and normalize-space(.)='Account Type'])[1]/following::select[1]'.

2022-05-16 12:09:21 - [MESSAGE][FAILED] - No option matched.

2022-05-16 12:09:21 - [MESSAGE][PASSED] - Text '' is set on object 'Object Repository/AdminSuiteBootstrap_Pages/VSP_Bootstrap/VSP_Debit/input_smsNumber'

2022-05-16 12:09:22 - [MESSAGE][PASSED] - Text '2.50' is set on object 'Object Repository/AdminSuiteBootstrap_Pages/VSP_Bootstrap/VSP_Debit/input_amount'

2022-05-16 12:09:28 - [MESSAGE][PASSED] - Text 'Delhi' is set on object 'Object Repository/AdminSuiteBootstrap_Pages/VSP_Bootstrap/VSP_Debit/input_userDefined1'

2022-05-16 12:09:28 - [MESSAGE][PASSED] - Text 'Chennai' is set on object 'Object Repository/AdminSuiteBootstrap_Pages/VSP_Bootstrap/VSP_Debit/input_userDefined2'

2022-05-16 12:09:29 - [MESSAGE][PASSED] - Text 'Mumbai' is set on object 'Object Repository/AdminSuiteBootstrap_Pages/VSP_Bootstrap/VSP_Debit/input_userDefined3'

2022-05-16 12:09:30 - [MESSAGE][PASSED] - Text 'Kanpur' is set on object 'Object Repository/AdminSuiteBootstrap_Pages/VSP_Bootstrap/VSP_Debit/input_userDefined4'

2022-05-16 12:09:30 - [MESSAGE][PASSED] - All options with label 'Orange' are selected in object 'Object Repository/AdminSuiteBootstrap_Pages/VSP_Bootstrap/VSP_Debit/select_UDF5'  using regular expression

2022-05-16 12:09:31 - [MESSAGE][PASSED] - All options with label 'Yellow' are selected in object 'Object Repository/AdminSuiteBootstrap_Pages/VSP_Bootstrap/VSP_Debit/select_UDF6'  using regular expression

2022-05-16 12:09:32 - [MESSAGE][PASSED] - Text 'Kolkata' is set on object 'Object Repository/AdminSuiteBootstrap_Pages/VSP_Bootstrap/VSP_Debit/input_userDefined7'

2022-05-16 12:09:33 - [MESSAGE][PASSED] - Text 'Pune' is set on object 'Object Repository/AdminSuiteBootstrap_Pages/VSP_Bootstrap/VSP_Debit/input_userDefined8'

2022-05-16 12:09:33 - [MESSAGE][PASSED] - Text 'Bhavnagar' is set on object 'Object Repository/AdminSuiteBootstrap_Pages/VSP_Bootstrap/VSP_Debit/input_userDefined9'

2022-05-16 12:09:34 - [MESSAGE][PASSED] - Text 'Noida' is set on object 'Object Repository/AdminSuiteBootstrap_Pages/VSP_Bootstrap/VSP_Debit/input_userDefined10'

2022-05-16 12:09:38 - [MESSAGE][PASSED] - Object: 'Object Repository/AdminSuiteBootstrap_Pages/VSP_Bootstrap/VSP_Debit/button_Submit' is clicked on

2022-05-16 12:09:38 - [MESSAGE][FAILED] - com.kms.katalon.core.exception.StepFailedException: No option matched.

2022-05-16 12:09:38 - [TEST_STEP][PASSED] - verifyTextPresent("Transaction Successful", true): Text 'Transaction Successful' is present on page  using regular expression

2022-05-16 12:09:38 - [MESSAGE][PASSED] - Text 'Transaction Successful' is present on page  using regular expression

2022-05-16 12:09:38 - [TEST_STEP][PASSED] - verifyElementVisible(findTestObject("Object Repository/AdminSuiteBootstrap_Pages/VT_Bootstrap/Receipt/button_Continue")): Object 'Object Repository/AdminSuiteBootstrap_Pages/VT_Bootstrap/Receipt/button_Continue' is visible

2022-05-16 12:09:39 - [MESSAGE][PASSED] - Object 'Object Repository/AdminSuiteBootstrap_Pages/VT_Bootstrap/Receipt/button_Continue' is visible

2022-05-16 12:09:39 - [TEST_STEP][PASSED] - verifyElementPresent(findTestObject("Object Repository/AdminSuiteBootstrap_Pages/VT_Bootstrap/Receipt/button_Continue"), 20): Object 'Object Repository/AdminSuiteBootstrap_Pages/VT_Bootstrap/Receipt/button_Continue' is present

2022-05-16 12:09:39 - [MESSAGE][PASSED] - Object 'Object Repository/AdminSuiteBootstrap_Pages/VT_Bootstrap/Receipt/button_Continue' is present

2022-05-16 12:09:39 - [TEST_STEP][PASSED] - verifyElementVisible(findTestObject("Object Repository/AdminSuiteBootstrap_Pages/VT_Bootstrap/Receipt/button_Print")): Object 'Object Repository/AdminSuiteBootstrap_Pages/VT_Bootstrap/Receipt/button_Print' is visible

2022-05-16 12:09:39 - [MESSAGE][PASSED] - Object 'Object Repository/AdminSuiteBootstrap_Pages/VT_Bootstrap/Receipt/button_Print' is visible

2022-05-16 12:09:39 - [TEST_STEP][PASSED] - verifyElementPresent(findTestObject("Object Repository/AdminSuiteBootstrap_Pages/VT_Bootstrap/Receipt/button_Print"), 20): Object 'Object Repository/AdminSuiteBootstrap_Pages/VT_Bootstrap/Receipt/button_Print' is present

2022-05-16 12:09:40 - [MESSAGE][PASSED] - Object 'Object Repository/AdminSuiteBootstrap_Pages/VT_Bootstrap/Receipt/button_Print' is present

2022-05-16 12:09:40 - [TEST_STEP][PASSED] - verifyTextPresent("Remittance ID", true): Text 'Remittance ID' is present on page  using regular expression

2022-05-16 12:09:40 - [MESSAGE][PASSED] - Text 'Remittance ID' is present on page  using regular expression

2022-05-16 12:09:40 - [TEST_STEP][PASSED] - verifyTextPresent("Received", true): Text 'Received' is present on page  using regular expression

2022-05-16 12:09:40 - [MESSAGE][PASSED] - Text 'Received' is present on page  using regular expression

2022-05-16 12:09:40 - [TEST_STEP][PASSED] - verifyTextPresent("UDF1", true): Text 'UDF1' is present on page  using regular expression

2022-05-16 12:09:41 - [MESSAGE][PASSED] - Text 'UDF1' is present on page  using regular expression

2022-05-16 12:09:41 - [TEST_STEP][PASSED] - verifyTextPresent("UDF2", true): Text 'UDF2' is present on page  using regular expression

2022-05-16 12:09:41 - [MESSAGE][PASSED] - Text 'UDF2' is present on page  using regular expression

2022-05-16 12:09:41 - [TEST_STEP][PASSED] - verifyTextPresent("UDF3", true): Text 'UDF3' is present on page  using regular expression

2022-05-16 12:09:41 - [MESSAGE][PASSED] - Text 'UDF3' is present on page  using regular expression

2022-05-16 12:09:41 - [TEST_STEP][PASSED] - verifyTextPresent("UDF4", true): Text 'UDF4' is present on page  using regular expression

2022-05-16 12:09:42 - [MESSAGE][PASSED] - Text 'UDF4' is present on page  using regular expression

2022-05-16 12:09:42 - [TEST_STEP][PASSED] - verifyTextPresent("UDF5", true): Text 'UDF5' is present on page  using regular expression

2022-05-16 12:09:42 - [MESSAGE][PASSED] - Text 'UDF5' is present on page  using regular expression

2022-05-16 12:09:42 - [TEST_STEP][PASSED] - verifyTextPresent("UDF6", true): Text 'UDF6' is present on page  using regular expression

2022-05-16 12:09:42 - [MESSAGE][PASSED] - Text 'UDF6' is present on page  using regular expression

2022-05-16 12:09:42 - [TEST_STEP][PASSED] - verifyTextPresent("UDF7", true): Text 'UDF7' is present on page  using regular expression

2022-05-16 12:09:43 - [MESSAGE][PASSED] - Text 'UDF7' is present on page  using regular expression

2022-05-16 12:09:43 - [TEST_STEP][PASSED] - verifyTextPresent("UDF8", true): Text 'UDF8' is present on page  using regular expression

2022-05-16 12:09:43 - [MESSAGE][PASSED] - Text 'UDF8' is present on page  using regular expression

2022-05-16 12:09:43 - [TEST_STEP][PASSED] - verifyTextPresent("UDF9", true): Text 'UDF9' is present on page  using regular expression

2022-05-16 12:09:43 - [MESSAGE][PASSED] - Text 'UDF9' is present on page  using regular expression

2022-05-16 12:09:43 - [TEST_STEP][PASSED] - verifyTextPresent("UDF 10", true): Text 'UDF 10' is present on page  using regular expression

2022-05-16 12:09:44 - [MESSAGE][PASSED] - Text 'UDF 10' is present on page  using regular expression

2022-05-16 12:09:44 - [TEST_STEP][PASSED] - verifyTextPresent("Delhi", true): Text 'Delhi' is present on page  using regular expression

2022-05-16 12:09:44 - [MESSAGE][PASSED] - Text 'Delhi' is present on page  using regular expression

2022-05-16 12:09:44 - [TEST_STEP][PASSED] - verifyTextPresent("Chennai", true): Text 'Chennai' is present on page  using regular expression

2022-05-16 12:09:44 - [MESSAGE][PASSED] - Text 'Chennai' is present on page  using regular expression

2022-05-16 12:09:44 - [TEST_STEP][PASSED] - verifyTextPresent("Mumbai", true): Text 'Mumbai' is present on page  using regular expression

2022-05-16 12:09:45 - [MESSAGE][PASSED] - Text 'Mumbai' is present on page  using regular expression

2022-05-16 12:09:45 - [TEST_STEP][PASSED] - verifyTextPresent("Kanpur", true): Text 'Kanpur' is present on page  using regular expression

2022-05-16 12:09:45 - [MESSAGE][PASSED] - Text 'Kanpur' is present on page  using regular expression

2022-05-16 12:09:45 - [TEST_STEP][PASSED] - verifyTextPresent("Orange Recorded", true): Text 'Orange Recorded' is present on page  using regular expression

2022-05-16 12:09:45 - [MESSAGE][PASSED] - Text 'Orange Recorded' is present on page  using regular expression

2022-05-16 12:09:45 - [TEST_STEP][PASSED] - verifyTextPresent("Yellow Recorded", true): Text 'Yellow Recorded' is present on page  using regular expression

2022-05-16 12:09:46 - [MESSAGE][PASSED] - Text 'Yellow Recorded' is present on page  using regular expression

2022-05-16 12:09:46 - [TEST_STEP][PASSED] - verifyTextPresent("Kolkata", true): Text 'Kolkata' is present on page  using regular expression

2022-05-16 12:09:46 - [MESSAGE][PASSED] - Text 'Kolkata' is present on page  using regular expression

2022-05-16 12:09:46 - [TEST_STEP][PASSED] - verifyTextPresent("Pune", true): Text 'Pune' is present on page  using regular expression

2022-05-16 12:09:46 - [MESSAGE][PASSED] - Text 'Pune' is present on page  using regular expression

2022-05-16 12:09:46 - [TEST_STEP][PASSED] - verifyTextPresent("Bhavnagar", true): Text 'Bhavnagar' is present on page  using regular expression

2022-05-16 12:09:47 - [MESSAGE][PASSED] - Text 'Bhavnagar' is present on page  using regular expression

2022-05-16 12:09:47 - [TEST_STEP][PASSED] - verifyTextPresent("Noida", true): Text 'Noida' is present on page  using regular expression

2022-05-16 12:09:47 - [MESSAGE][PASSED] - Text 'Noida' is present on page  using regular expression

2022-05-16 12:09:47 - [TEST_STEP][PASSED] - verifyTextPresent("Amount", true): Text 'Amount' is present on page  using regular expression

2022-05-16 12:09:47 - [MESSAGE][PASSED] - Text 'Amount' is present on page  using regular expression

2022-05-16 12:09:47 - [TEST_STEP][PASSED] - verifyTextPresent("2.50", true): Text '2.50' is present on page  using regular expression

2022-05-16 12:09:48 - [MESSAGE][PASSED] - Text '2.50' is present on page  using regular expression

2022-05-16 12:09:48 - [TEST_STEP][PASSED] - verifyTextPresent("Transaction Type", true): Text 'Transaction Type' is present on page  using regular expression

2022-05-16 12:09:48 - [MESSAGE][PASSED] - Text 'Transaction Type' is present on page  using regular expression

2022-05-16 12:09:48 - [TEST_STEP][PASSED] - verifyTextPresent("Debit", true): Text 'Debit' is present on page  using regular expression

2022-05-16 12:09:48 - [MESSAGE][PASSED] - Text 'Debit' is present on page  using regular expression

2022-05-16 12:09:48 - [TEST_STEP][PASSED] - verifyTextPresent("Check Information", true): Text 'Check Information' is present on page  using regular expression

2022-05-16 12:09:49 - [MESSAGE][PASSED] - Text 'Check Information' is present on page  using regular expression

2022-05-16 12:09:49 - [TEST_STEP][PASSED] - verifyTextPresent("Account Type", true): Text 'Account Type' is present on page  using regular expression

2022-05-16 12:09:49 - [MESSAGE][PASSED] - Text 'Account Type' is present on page  using regular expression

2022-05-16 12:09:49 - [TEST_STEP][PASSED] - verifyTextPresent("Account Number", true): Text 'Account Number' is present on page  using regular expression

2022-05-16 12:09:49 - [MESSAGE][PASSED] - Text 'Account Number' is present on page  using regular expression

2022-05-16 12:09:49 - [TEST_STEP][PASSED] - verifyTextPresent("Routing Number", true): Text 'Routing Number' is present on page  using regular expression

2022-05-16 12:09:50 - [MESSAGE][PASSED] - Text 'Routing Number' is present on page  using regular expression

2022-05-16 12:09:50 - [TEST_STEP][PASSED] - verifyTextPresent("Address Line 1", true): Text 'Address Line 1' is present on page  using regular expression

2022-05-16 12:09:50 - [MESSAGE][PASSED] - Text 'Address Line 1' is present on page  using regular expression

2022-05-16 12:09:50 - [TEST_STEP][PASSED] - verifyTextPresent("Address Line 2", true): Text 'Address Line 2' is present on page  using regular expression

2022-05-16 12:09:50 - [MESSAGE][PASSED] - Text 'Address Line 2' is present on page  using regular expression

2022-05-16 12:09:50 - [TEST_STEP][PASSED] - verifyTextPresent("Country", true): Text 'Country' is present on page  using regular expression

2022-05-16 12:09:51 - [MESSAGE][PASSED] - Text 'Country' is present on page  using regular expression

2022-05-16 12:09:51 - [TEST_STEP][PASSED] - verifyTextPresent("City", true): Text 'City' is present on page  using regular expression

2022-05-16 12:09:51 - [MESSAGE][PASSED] - Text 'City' is present on page  using regular expression

2022-05-16 12:09:51 - [TEST_STEP][PASSED] - verifyTextPresent("State", true): Text 'State' is present on page  using regular expression

2022-05-16 12:09:51 - [MESSAGE][PASSED] - Text 'State' is present on page  using regular expression

2022-05-16 12:09:51 - [TEST_STEP][PASSED] - verifyTextPresent("ZIP Code", true): Text 'ZIP Code' is present on page  using regular expression

2022-05-16 12:09:52 - [MESSAGE][PASSED] - Text 'ZIP Code' is present on page  using regular expression

2022-05-16 12:09:52 - [TEST_STEP][PASSED] - verifyTextPresent("248 PhoolKaante road", true): Text '248 PhoolKaante road' is present on page  using regular expression

2022-05-16 12:09:52 - [MESSAGE][PASSED] - Text '248 PhoolKaante road' is present on page  using regular expression

2022-05-16 12:09:52 - [TEST_STEP][PASSED] - verifyTextPresent("Suite 678", true): Text 'Suite 678' is present on page  using regular expression

2022-05-16 12:09:52 - [MESSAGE][PASSED] - Text 'Suite 678' is present on page  using regular expression

2022-05-16 12:09:52 - [TEST_STEP][PASSED] - verifyTextPresent("United States", true): Text 'United States' is present on page  using regular expression

2022-05-16 12:09:53 - [MESSAGE][PASSED] - Text 'United States' is present on page  using regular expression

2022-05-16 12:09:53 - [TEST_STEP][PASSED] - verifyTextPresent("ARLINGTON", true): Text 'ARLINGTON' is present on page  using regular expression

2022-05-16 12:09:53 - [MESSAGE][PASSED] - Text 'ARLINGTON' is present on page  using regular expression

2022-05-16 12:09:53 - [TEST_STEP][PASSED] - verifyTextPresent("Virginia", true): Text 'Virginia' is present on page  using regular expression

2022-05-16 12:09:53 - [MESSAGE][PASSED] - Text 'Virginia' is present on page  using regular expression

2022-05-16 12:09:53 - [TEST_STEP][PASSED] - verifyTextPresent("22201", true): Text '22201' is present on page  using regular expression

2022-05-16 12:09:54 - [MESSAGE][PASSED] - Text '22201' is present on page  using regular expression

2022-05-16 12:09:54 - [TEST_STEP][PASSED] - tranType = findTestData(dataFile).getValue("TranType", row): null

2022-05-16 12:09:54 - [TEST_STEP][PASSED] - last4V = findTestData(dataFile).getValue("Last4", row): null

2022-05-16 12:09:54 - [TEST_STEP][PASSED] - verifyTextPresent(tranType, true): Text 'Checking' is present on page  using regular expression

2022-05-16 12:09:54 - [MESSAGE][PASSED] - Text 'Checking' is present on page  using regular expression

2022-05-16 12:09:54 - [TEST_STEP][PASSED] - verifyTextPresent(last4V, true): Text '2222' is present on page  using regular expression

2022-05-16 12:09:54 - [MESSAGE][PASSED] - Text '2222' is present on page  using regular expression

2022-05-16 12:09:54 - [TEST_STEP][PASSED] - if (profNameLink.equalsIgnoreCase("a_PaymentsPC")): Text 'TANDON RAVENA' is present on page  using regular expression

2022-05-16 12:09:54 - [TEST_STEP][PASSED] - verifyTextPresent("Name on Account", true): Text 'Name on Account' is present on page  using regular expression

2022-05-16 12:09:55 - [MESSAGE][PASSED] - Text 'Name on Account' is present on page  using regular expression

2022-05-16 12:09:55 - [TEST_STEP][PASSED] - verifyTextPresent("TANDON RAVENA", true): Text 'TANDON RAVENA' is present on page  using regular expression

2022-05-16 12:09:55 - [MESSAGE][PASSED] - Text 'TANDON RAVENA' is present on page  using regular expression

2022-05-16 12:09:55 - [TEST_STEP][PASSED] - if (profNameLink.equalsIgnoreCase("a_PaymentsPS")): null

2022-05-16 12:09:55 - [TEST_STEP][PASSED] - if (profNameLink.equalsIgnoreCase("a_PaymentsCorp")): null

2022-05-16 12:09:55 - [TEST_STEP][PASSED] - switch (appName): null

2022-05-16 12:09:55 - [TEST_STEP][PASSED] - case "a_Access AutoDualCFtpDemo":: null

2022-05-16 12:09:55 - [TEST_STEP][PASSED] - verifyTextPresent("5.00", true): Text '5.00' is present on page  using regular expression

2022-05-16 12:09:55 - [MESSAGE][PASSED] - Text '5.00' is present on page  using regular expression

2022-05-16 12:09:55 - [TEST_STEP][PASSED] - verifyTextPresent("Dual Transaction", true): Text 'Dual Transaction' is present on page  using regular expression

2022-05-16 12:09:56 - [MESSAGE][PASSED] - Text 'Dual Transaction' is present on page  using regular expression

2022-05-16 12:09:56 - [TEST_STEP][PASSED] - verifyTextPresent("7.50", true): Text '7.50' is present on page  using regular expression

2022-05-16 12:09:56 - [MESSAGE][PASSED] - Text '7.50' is present on page  using regular expression

2022-05-16 12:09:56 - [TEST_STEP][PASSED] - verifyTextPresent("Total Amount", true): Text 'Total Amount' is present on page  using regular expression

2022-05-16 12:09:57 - [MESSAGE][PASSED] - Text 'Total Amount' is present on page  using regular expression

2022-05-16 12:09:57 - [TEST_STEP][PASSED] - verifyTextPresent("Transaction Type", true): Text 'Transaction Type' is present on page  using regular expression

2022-05-16 12:09:57 - [MESSAGE][PASSED] - Text 'Transaction Type' is present on page  using regular expression

2022-05-16 12:09:57 - [TEST_STEP][PASSED] - break: null

2022-05-16 12:09:57 - [TEST_STEP][PASSED] - closeBrowser(): Browser is closed

2022-05-16 12:09:58 - [MESSAGE][PASSED] - Browser is closed

2022-05-16 12:09:58 - [TEST_STEP][PASSED] - ExecuteTC = findTestData(dataFile).getValue("Execute", row): null

2022-05-16 12:09:58 - [TEST_STEP][PASSED] - out.println("Value of Execute is : " + ExecuteTC): null

2022-05-16 12:09:58 - [TEST_STEP][PASSED] - switch (executionProfile): null

2022-05-16 12:09:58 - [TEST_STEP][PASSED] - case "DemoProfile":: null

2022-05-16 12:09:58 - [TEST_STEP][PASSED] - appName = findTestData(dataFile).getValue("AppNameDemo", row): null

2022-05-16 12:09:58 - [TEST_STEP][PASSED] - appID = findTestData(dataFile).getValue("AppIDDemo", row): null

2022-05-16 12:09:58 - [TEST_STEP][PASSED] - break: null

2022-05-16 12:09:58 - [TEST_STEP][FAILED] - if (ExecuteTC.equalsIgnoreCase("Y")): null

2022-05-16 12:09:58 - [TEST_STEP][PASSED] - out.println("Begin Record Number: " + row): null

2022-05-16 12:09:58 - [TEST_STEP][PASSED] - today = new java.util.Date(): null

2022-05-16 12:09:58 - [TEST_STEP][PASSED] - println(today): null

2022-05-16 12:09:58 - [TEST_STEP][PASSED] - datText = today: null

2022-05-16 12:09:58 - [TEST_STEP][PASSED] - adminSuiteBootstrap.loginFunctionality.login_AdminSuite(): adminSuiteBootstrap.loginFunctionality.login_AdminSuite is PASSED

2022-05-16 12:09:58 - [MESSAGE][INFO] - Starting 'Chrome' driver

2022-05-16 12:09:58 - [MESSAGE][INFO] - User set preference: ['acceptInsecureCerts', 'true']

2022-05-16 12:09:58 - [MESSAGE][INFO] - Action delay is set to 0 milliseconds

2022-05-16 12:10:02 - [MESSAGE][PASSED] - Browser is opened with url: 'https://demo.velocitypayment.com/admin/imtiazdemo'

2022-05-16 12:10:02 - [MESSAGE][PASSED] - Current window maximized

2022-05-16 12:10:02 - [MESSAGE][PASSED] - Object 'Object Repository/Login_Page/Login_Username' is present

2022-05-16 12:10:03 - [MESSAGE][PASSED] - Text 'iahmed' is set on object 'Object Repository/Login_Page/Login_Username'

2022-05-16 12:10:04 - [MESSAGE][PASSED] - Text 'hello2222' is set on object 'Object Repository/Login_Page/Login_Password'

2022-05-16 12:10:08 - [MESSAGE][PASSED] - Object: 'Object Repository/Login_Page/Login_Submit' is clicked on

2022-05-16 12:10:08 - [MESSAGE][PASSED] - adminSuiteBootstrap.loginFunctionality.login_AdminSuite is PASSED

2022-05-16 12:10:08 - [TEST_STEP][PASSED] - click(findTestObject(path_Dashboard + appName)): Object: 'Object Repository/AdminSuiteBootstrap_Pages/Dashboard_Bootstrap/a_Access AutoDualCFtpDemo' is clicked on

2022-05-16 12:10:11 - [MESSAGE][PASSED] - Object: 'Object Repository/AdminSuiteBootstrap_Pages/Dashboard_Bootstrap/a_Access AutoDualCFtpDemo' is clicked on

2022-05-16 12:10:11 - [TEST_STEP][PASSED] - click(findTestObject(path_VT + "a_Find Profile")): Object: 'Object Repository/AdminSuiteBootstrap_Pages/VT_Bootstrap/IssueTransactions/a_Find Profile' is clicked on

2022-05-16 12:10:12 - [MESSAGE][PASSED] - Object: 'Object Repository/AdminSuiteBootstrap_Pages/VT_Bootstrap/IssueTransactions/a_Find Profile' is clicked on

2022-05-16 12:10:12 - [TEST_STEP][PASSED] - criteria = <not implemented yet for class: org.codehaus.groovy.ast.expr.EmptyExpression>: null

2022-05-16 12:10:12 - [TEST_STEP][PASSED] - searchBy = <not implemented yet for class: org.codehaus.groovy.ast.expr.EmptyExpression>: null

2022-05-16 12:10:12 - [TEST_STEP][PASSED] - criteria = findTestData(dataFile).getValue("ProfileName", row): null

2022-05-16 12:10:12 - [TEST_STEP][PASSED] - path_SearchProfile = "Object Repository/AdminSuiteBootstrap_Pages/VSP_Bootstrap/SearchProfile/": null

2022-05-16 12:10:12 - [TEST_STEP][PASSED] - setText(findTestObject(path_SearchProfile + "input_Criteria"), criteria): Text 'PaymentsPS' is set on object 'Object Repository/AdminSuiteBootstrap_Pages/VSP_Bootstrap/SearchProfile/input_Criteria'

2022-05-16 12:10:12 - [MESSAGE][PASSED] - Text 'PaymentsPS' is set on object 'Object Repository/AdminSuiteBootstrap_Pages/VSP_Bootstrap/SearchProfile/input_Criteria'

2022-05-16 12:10:12 - [TEST_STEP][PASSED] - click(findTestObject(path_SearchProfile + "button_Search")): Object: 'Object Repository/AdminSuiteBootstrap_Pages/VSP_Bootstrap/SearchProfile/button_Search' is clicked on

2022-05-16 12:10:15 - [MESSAGE][PASSED] - Object: 'Object Repository/AdminSuiteBootstrap_Pages/VSP_Bootstrap/SearchProfile/button_Search' is clicked on

2022-05-16 12:10:15 - [TEST_STEP][PASSED] - profNameLink = findTestData(dataFile).getValue("ProfileNameLink", row): null

2022-05-16 12:10:16 - [TEST_STEP][PASSED] - click(findTestObject(path_ViewProfile + profNameLink)): Object: 'Object Repository/AdminSuiteBootstrap_Pages/VSP_Bootstrap/View Profile/a_PaymentsPS' is clicked on

2022-05-16 12:10:20 - [MESSAGE][PASSED] - Object: 'Object Repository/AdminSuiteBootstrap_Pages/VSP_Bootstrap/View Profile/a_PaymentsPS' is clicked on

2022-05-16 12:10:20 - [TEST_STEP][PASSED] - click(findTestObject(path_ViewProfile + "a_Debit")): Object: 'Object Repository/AdminSuiteBootstrap_Pages/VSP_Bootstrap/View Profile/a_Debit' is clicked on

2022-05-16 12:10:24 - [MESSAGE][PASSED] - Object: 'Object Repository/AdminSuiteBootstrap_Pages/VSP_Bootstrap/View Profile/a_Debit' is clicked on

2022-05-16 12:10:24 - [TEST_STEP][PASSED] - verifyTextPresent("Remittance ID", true): Text 'Remittance ID' is present on page  using regular expression

2022-05-16 12:10:27 - [MESSAGE][PASSED] - Text 'Remittance ID' is present on page  using regular expression

2022-05-16 12:10:27 - [TEST_STEP][FAILED] - vspBootstrap.ACHDebitPage.setDataACHDebit(row, dataFile): com.kms.katalon.core.exception.StepFailedException: No option matched.

2022-05-16 12:10:58 - [MESSAGE][INFO] - Unable to find the element located by 'By.xpath: id("form1")/div[@class="timeline-post"]/div[@class="row border-bottom"]/div[@class="col-md-6"]/div[@class="post-content"]/div[@class="row"]/div[@class="col-md-6"]/div[@class="form-floating"]/select[@class="form-select form-control"][count(. | //*[@name = 'standardEntryClass']) = count(//*[@name = 'standardEntryClass'])]'. Please recheck the objects properties to make sure the desired element is located. 

2022-05-16 12:10:58 - [MESSAGE][WARNING] - [SELF-HEALING] Failed to find element with id 'Object Repository/AdminSuiteBootstrap_Pages/VSP_Bootstrap/VSP_Debit/select_StdEntryClass'. Try using Self-healing.

2022-05-16 12:10:59 - [MESSAGE][WARNING] - [SELF-HEALING] The current locator of test object 'Object Repository/AdminSuiteBootstrap_Pages/VSP_Bootstrap/VSP_Debit/select_StdEntryClass' was broken. Propose an alternative one: '(.//*[normalize-space(text()) and normalize-space(.)='Account Type'])[1]/following::select[1]'.

2022-05-16 12:10:59 - [MESSAGE][FAILED] - No option matched.

2022-05-16 12:11:00 - [MESSAGE][PASSED] - Text '' is set on object 'Object Repository/AdminSuiteBootstrap_Pages/VSP_Bootstrap/VSP_Debit/input_smsNumber'

2022-05-16 12:11:00 - [MESSAGE][PASSED] - Text '2.50' is set on object 'Object Repository/AdminSuiteBootstrap_Pages/VSP_Bootstrap/VSP_Debit/input_amount'

2022-05-16 12:11:05 - [MESSAGE][PASSED] - Text 'Delhi' is set on object 'Object Repository/AdminSuiteBootstrap_Pages/VSP_Bootstrap/VSP_Debit/input_userDefined1'

2022-05-16 12:11:06 - [MESSAGE][PASSED] - Text 'Chennai' is set on object 'Object Repository/AdminSuiteBootstrap_Pages/VSP_Bootstrap/VSP_Debit/input_userDefined2'

2022-05-16 12:11:07 - [MESSAGE][PASSED] - Text 'Mumbai' is set on object 'Object Repository/AdminSuiteBootstrap_Pages/VSP_Bootstrap/VSP_Debit/input_userDefined3'

2022-05-16 12:11:07 - [MESSAGE][PASSED] - Text 'Kanpur' is set on object 'Object Repository/AdminSuiteBootstrap_Pages/VSP_Bootstrap/VSP_Debit/input_userDefined4'

2022-05-16 12:11:08 - [MESSAGE][PASSED] - All options with label 'Orange' are selected in object 'Object Repository/AdminSuiteBootstrap_Pages/VSP_Bootstrap/VSP_Debit/select_UDF5'  using regular expression

2022-05-16 12:11:09 - [MESSAGE][PASSED] - All options with label 'Yellow' are selected in object 'Object Repository/AdminSuiteBootstrap_Pages/VSP_Bootstrap/VSP_Debit/select_UDF6'  using regular expression

2022-05-16 12:11:10 - [MESSAGE][PASSED] - Text 'Kolkata' is set on object 'Object Repository/AdminSuiteBootstrap_Pages/VSP_Bootstrap/VSP_Debit/input_userDefined7'

2022-05-16 12:11:11 - [MESSAGE][PASSED] - Text 'Pune' is set on object 'Object Repository/AdminSuiteBootstrap_Pages/VSP_Bootstrap/VSP_Debit/input_userDefined8'

2022-05-16 12:11:11 - [MESSAGE][PASSED] - Text 'Bhavnagar' is set on object 'Object Repository/AdminSuiteBootstrap_Pages/VSP_Bootstrap/VSP_Debit/input_userDefined9'

2022-05-16 12:11:12 - [MESSAGE][PASSED] - Text 'Noida' is set on object 'Object Repository/AdminSuiteBootstrap_Pages/VSP_Bootstrap/VSP_Debit/input_userDefined10'

2022-05-16 12:11:16 - [MESSAGE][PASSED] - Object: 'Object Repository/AdminSuiteBootstrap_Pages/VSP_Bootstrap/VSP_Debit/button_Submit' is clicked on

2022-05-16 12:11:16 - [MESSAGE][FAILED] - com.kms.katalon.core.exception.StepFailedException: No option matched.

2022-05-16 12:11:16 - [TEST_STEP][PASSED] - verifyTextPresent("Transaction Successful", true): Text 'Transaction Successful' is present on page  using regular expression

2022-05-16 12:11:16 - [MESSAGE][PASSED] - Text 'Transaction Successful' is present on page  using regular expression

2022-05-16 12:11:16 - [TEST_STEP][PASSED] - verifyElementVisible(findTestObject("Object Repository/AdminSuiteBootstrap_Pages/VT_Bootstrap/Receipt/button_Continue")): Object 'Object Repository/AdminSuiteBootstrap_Pages/VT_Bootstrap/Receipt/button_Continue' is visible

2022-05-16 12:11:16 - [MESSAGE][PASSED] - Object 'Object Repository/AdminSuiteBootstrap_Pages/VT_Bootstrap/Receipt/button_Continue' is visible

2022-05-16 12:11:16 - [TEST_STEP][PASSED] - verifyElementPresent(findTestObject("Object Repository/AdminSuiteBootstrap_Pages/VT_Bootstrap/Receipt/button_Continue"), 20): Object 'Object Repository/AdminSuiteBootstrap_Pages/VT_Bootstrap/Receipt/button_Continue' is present

2022-05-16 12:11:17 - [MESSAGE][PASSED] - Object 'Object Repository/AdminSuiteBootstrap_Pages/VT_Bootstrap/Receipt/button_Continue' is present

2022-05-16 12:11:17 - [TEST_STEP][PASSED] - verifyElementVisible(findTestObject("Object Repository/AdminSuiteBootstrap_Pages/VT_Bootstrap/Receipt/button_Print")): Object 'Object Repository/AdminSuiteBootstrap_Pages/VT_Bootstrap/Receipt/button_Print' is visible

2022-05-16 12:11:17 - [MESSAGE][PASSED] - Object 'Object Repository/AdminSuiteBootstrap_Pages/VT_Bootstrap/Receipt/button_Print' is visible

2022-05-16 12:11:17 - [TEST_STEP][PASSED] - verifyElementPresent(findTestObject("Object Repository/AdminSuiteBootstrap_Pages/VT_Bootstrap/Receipt/button_Print"), 20): Object 'Object Repository/AdminSuiteBootstrap_Pages/VT_Bootstrap/Receipt/button_Print' is present

2022-05-16 12:11:17 - [MESSAGE][PASSED] - Object 'Object Repository/AdminSuiteBootstrap_Pages/VT_Bootstrap/Receipt/button_Print' is present

2022-05-16 12:11:17 - [TEST_STEP][PASSED] - verifyTextPresent("Remittance ID", true): Text 'Remittance ID' is present on page  using regular expression

2022-05-16 12:11:18 - [MESSAGE][PASSED] - Text 'Remittance ID' is present on page  using regular expression

2022-05-16 12:11:18 - [TEST_STEP][PASSED] - verifyTextPresent("Received", true): Text 'Received' is present on page  using regular expression

2022-05-16 12:11:18 - [MESSAGE][PASSED] - Text 'Received' is present on page  using regular expression

2022-05-16 12:11:18 - [TEST_STEP][PASSED] - verifyTextPresent("UDF1", true): Text 'UDF1' is present on page  using regular expression

2022-05-16 12:11:18 - [MESSAGE][PASSED] - Text 'UDF1' is present on page  using regular expression

2022-05-16 12:11:18 - [TEST_STEP][PASSED] - verifyTextPresent("UDF2", true): Text 'UDF2' is present on page  using regular expression

2022-05-16 12:11:19 - [MESSAGE][PASSED] - Text 'UDF2' is present on page  using regular expression

2022-05-16 12:11:19 - [TEST_STEP][PASSED] - verifyTextPresent("UDF3", true): Text 'UDF3' is present on page  using regular expression

2022-05-16 12:11:19 - [MESSAGE][PASSED] - Text 'UDF3' is present on page  using regular expression

2022-05-16 12:11:19 - [TEST_STEP][PASSED] - verifyTextPresent("UDF4", true): Text 'UDF4' is present on page  using regular expression

2022-05-16 12:11:19 - [MESSAGE][PASSED] - Text 'UDF4' is present on page  using regular expression

2022-05-16 12:11:19 - [TEST_STEP][PASSED] - verifyTextPresent("UDF5", true): Text 'UDF5' is present on page  using regular expression

2022-05-16 12:11:20 - [MESSAGE][PASSED] - Text 'UDF5' is present on page  using regular expression

2022-05-16 12:11:20 - [TEST_STEP][PASSED] - verifyTextPresent("UDF6", true): Text 'UDF6' is present on page  using regular expression

2022-05-16 12:11:20 - [MESSAGE][PASSED] - Text 'UDF6' is present on page  using regular expression

2022-05-16 12:11:20 - [TEST_STEP][PASSED] - verifyTextPresent("UDF7", true): Text 'UDF7' is present on page  using regular expression

2022-05-16 12:11:21 - [MESSAGE][PASSED] - Text 'UDF7' is present on page  using regular expression

2022-05-16 12:11:21 - [TEST_STEP][PASSED] - verifyTextPresent("UDF8", true): Text 'UDF8' is present on page  using regular expression

2022-05-16 12:11:21 - [MESSAGE][PASSED] - Text 'UDF8' is present on page  using regular expression

2022-05-16 12:11:21 - [TEST_STEP][PASSED] - verifyTextPresent("UDF9", true): Text 'UDF9' is present on page  using regular expression

2022-05-16 12:11:21 - [MESSAGE][PASSED] - Text 'UDF9' is present on page  using regular expression

2022-05-16 12:11:21 - [TEST_STEP][PASSED] - verifyTextPresent("UDF 10", true): Text 'UDF 10' is present on page  using regular expression

2022-05-16 12:11:22 - [MESSAGE][PASSED] - Text 'UDF 10' is present on page  using regular expression

2022-05-16 12:11:22 - [TEST_STEP][PASSED] - verifyTextPresent("Delhi", true): Text 'Delhi' is present on page  using regular expression

2022-05-16 12:11:22 - [MESSAGE][PASSED] - Text 'Delhi' is present on page  using regular expression

2022-05-16 12:11:22 - [TEST_STEP][PASSED] - verifyTextPresent("Chennai", true): Text 'Chennai' is present on page  using regular expression

2022-05-16 12:11:22 - [MESSAGE][PASSED] - Text 'Chennai' is present on page  using regular expression

2022-05-16 12:11:22 - [TEST_STEP][PASSED] - verifyTextPresent("Mumbai", true): Text 'Mumbai' is present on page  using regular expression

2022-05-16 12:11:23 - [MESSAGE][PASSED] - Text 'Mumbai' is present on page  using regular expression

2022-05-16 12:11:23 - [TEST_STEP][PASSED] - verifyTextPresent("Kanpur", true): Text 'Kanpur' is present on page  using regular expression

2022-05-16 12:11:23 - [MESSAGE][PASSED] - Text 'Kanpur' is present on page  using regular expression

2022-05-16 12:11:23 - [TEST_STEP][PASSED] - verifyTextPresent("Orange Recorded", true): Text 'Orange Recorded' is present on page  using regular expression

2022-05-16 12:11:23 - [MESSAGE][PASSED] - Text 'Orange Recorded' is present on page  using regular expression

2022-05-16 12:11:23 - [TEST_STEP][PASSED] - verifyTextPresent("Yellow Recorded", true): Text 'Yellow Recorded' is present on page  using regular expression

2022-05-16 12:11:24 - [MESSAGE][PASSED] - Text 'Yellow Recorded' is present on page  using regular expression

2022-05-16 12:11:24 - [TEST_STEP][PASSED] - verifyTextPresent("Kolkata", true): Text 'Kolkata' is present on page  using regular expression

2022-05-16 12:11:24 - [MESSAGE][PASSED] - Text 'Kolkata' is present on page  using regular expression

2022-05-16 12:11:24 - [TEST_STEP][PASSED] - verifyTextPresent("Pune", true): Text 'Pune' is present on page  using regular expression

2022-05-16 12:11:24 - [MESSAGE][PASSED] - Text 'Pune' is present on page  using regular expression

2022-05-16 12:11:24 - [TEST_STEP][PASSED] - verifyTextPresent("Bhavnagar", true): Text 'Bhavnagar' is present on page  using regular expression

2022-05-16 12:11:25 - [MESSAGE][PASSED] - Text 'Bhavnagar' is present on page  using regular expression

2022-05-16 12:11:25 - [TEST_STEP][PASSED] - verifyTextPresent("Noida", true): Text 'Noida' is present on page  using regular expression

2022-05-16 12:11:25 - [MESSAGE][PASSED] - Text 'Noida' is present on page  using regular expression

2022-05-16 12:11:25 - [TEST_STEP][PASSED] - verifyTextPresent("Amount", true): Text 'Amount' is present on page  using regular expression

2022-05-16 12:11:25 - [MESSAGE][PASSED] - Text 'Amount' is present on page  using regular expression

2022-05-16 12:11:25 - [TEST_STEP][PASSED] - verifyTextPresent("2.50", true): Text '2.50' is present on page  using regular expression

2022-05-16 12:11:26 - [MESSAGE][PASSED] - Text '2.50' is present on page  using regular expression

2022-05-16 12:11:26 - [TEST_STEP][PASSED] - verifyTextPresent("Transaction Type", true): Text 'Transaction Type' is present on page  using regular expression

2022-05-16 12:11:26 - [MESSAGE][PASSED] - Text 'Transaction Type' is present on page  using regular expression

2022-05-16 12:11:26 - [TEST_STEP][PASSED] - verifyTextPresent("Debit", true): Text 'Debit' is present on page  using regular expression

2022-05-16 12:11:26 - [MESSAGE][PASSED] - Text 'Debit' is present on page  using regular expression

2022-05-16 12:11:26 - [TEST_STEP][PASSED] - verifyTextPresent("Check Information", true): Text 'Check Information' is present on page  using regular expression

2022-05-16 12:11:27 - [MESSAGE][PASSED] - Text 'Check Information' is present on page  using regular expression

2022-05-16 12:11:27 - [TEST_STEP][PASSED] - verifyTextPresent("Account Type", true): Text 'Account Type' is present on page  using regular expression

2022-05-16 12:11:27 - [MESSAGE][PASSED] - Text 'Account Type' is present on page  using regular expression

2022-05-16 12:11:27 - [TEST_STEP][PASSED] - verifyTextPresent("Account Number", true): Text 'Account Number' is present on page  using regular expression

2022-05-16 12:11:27 - [MESSAGE][PASSED] - Text 'Account Number' is present on page  using regular expression

2022-05-16 12:11:27 - [TEST_STEP][PASSED] - verifyTextPresent("Routing Number", true): Text 'Routing Number' is present on page  using regular expression

2022-05-16 12:11:28 - [MESSAGE][PASSED] - Text 'Routing Number' is present on page  using regular expression

2022-05-16 12:11:28 - [TEST_STEP][PASSED] - verifyTextPresent("Address Line 1", true): Text 'Address Line 1' is present on page  using regular expression

2022-05-16 12:11:28 - [MESSAGE][PASSED] - Text 'Address Line 1' is present on page  using regular expression

2022-05-16 12:11:28 - [TEST_STEP][PASSED] - verifyTextPresent("Address Line 2", true): Text 'Address Line 2' is present on page  using regular expression

2022-05-16 12:11:28 - [MESSAGE][PASSED] - Text 'Address Line 2' is present on page  using regular expression

2022-05-16 12:11:28 - [TEST_STEP][PASSED] - verifyTextPresent("Country", true): Text 'Country' is present on page  using regular expression

2022-05-16 12:11:29 - [MESSAGE][PASSED] - Text 'Country' is present on page  using regular expression

2022-05-16 12:11:29 - [TEST_STEP][PASSED] - verifyTextPresent("City", true): Text 'City' is present on page  using regular expression

2022-05-16 12:11:29 - [MESSAGE][PASSED] - Text 'City' is present on page  using regular expression

2022-05-16 12:11:29 - [TEST_STEP][PASSED] - verifyTextPresent("State", true): Text 'State' is present on page  using regular expression

2022-05-16 12:11:29 - [MESSAGE][PASSED] - Text 'State' is present on page  using regular expression

2022-05-16 12:11:29 - [TEST_STEP][PASSED] - verifyTextPresent("ZIP Code", true): Text 'ZIP Code' is present on page  using regular expression

2022-05-16 12:11:30 - [MESSAGE][PASSED] - Text 'ZIP Code' is present on page  using regular expression

2022-05-16 12:11:30 - [TEST_STEP][PASSED] - verifyTextPresent("248 PhoolKaante road", true): Text '248 PhoolKaante road' is present on page  using regular expression

2022-05-16 12:11:30 - [MESSAGE][PASSED] - Text '248 PhoolKaante road' is present on page  using regular expression

2022-05-16 12:11:30 - [TEST_STEP][PASSED] - verifyTextPresent("Suite 678", true): Text 'Suite 678' is present on page  using regular expression

2022-05-16 12:11:30 - [MESSAGE][PASSED] - Text 'Suite 678' is present on page  using regular expression

2022-05-16 12:11:30 - [TEST_STEP][PASSED] - verifyTextPresent("United States", true): Text 'United States' is present on page  using regular expression

2022-05-16 12:11:31 - [MESSAGE][PASSED] - Text 'United States' is present on page  using regular expression

2022-05-16 12:11:31 - [TEST_STEP][PASSED] - verifyTextPresent("ARLINGTON", true): Text 'ARLINGTON' is present on page  using regular expression

2022-05-16 12:11:31 - [MESSAGE][PASSED] - Text 'ARLINGTON' is present on page  using regular expression

2022-05-16 12:11:31 - [TEST_STEP][PASSED] - verifyTextPresent("Virginia", true): Text 'Virginia' is present on page  using regular expression

2022-05-16 12:11:31 - [MESSAGE][PASSED] - Text 'Virginia' is present on page  using regular expression

2022-05-16 12:11:31 - [TEST_STEP][PASSED] - verifyTextPresent("22201", true): Text '22201' is present on page  using regular expression

2022-05-16 12:11:32 - [MESSAGE][PASSED] - Text '22201' is present on page  using regular expression

2022-05-16 12:11:32 - [TEST_STEP][PASSED] - tranType = findTestData(dataFile).getValue("TranType", row): null

2022-05-16 12:11:32 - [TEST_STEP][PASSED] - last4V = findTestData(dataFile).getValue("Last4", row): null

2022-05-16 12:11:32 - [TEST_STEP][PASSED] - verifyTextPresent(tranType, true): Text 'Savings' is present on page  using regular expression

2022-05-16 12:11:32 - [MESSAGE][PASSED] - Text 'Savings' is present on page  using regular expression

2022-05-16 12:11:32 - [TEST_STEP][PASSED] - verifyTextPresent(last4V, true): Text '3333' is present on page  using regular expression

2022-05-16 12:11:32 - [MESSAGE][PASSED] - Text '3333' is present on page  using regular expression

2022-05-16 12:11:32 - [TEST_STEP][PASSED] - if (profNameLink.equalsIgnoreCase("a_PaymentsPC")): null

2022-05-16 12:11:32 - [TEST_STEP][PASSED] - if (profNameLink.equalsIgnoreCase("a_PaymentsPS")): Text 'TANDON RAVENA' is present on page  using regular expression

2022-05-16 12:11:32 - [TEST_STEP][PASSED] - verifyTextPresent("Name on Account", true): Text 'Name on Account' is present on page  using regular expression

2022-05-16 12:11:33 - [MESSAGE][PASSED] - Text 'Name on Account' is present on page  using regular expression

2022-05-16 12:11:33 - [TEST_STEP][PASSED] - verifyTextPresent("TANDON RAVENA", true): Text 'TANDON RAVENA' is present on page  using regular expression

2022-05-16 12:11:33 - [MESSAGE][PASSED] - Text 'TANDON RAVENA' is present on page  using regular expression

2022-05-16 12:11:33 - [TEST_STEP][PASSED] - if (profNameLink.equalsIgnoreCase("a_PaymentsCorp")): null

2022-05-16 12:11:33 - [TEST_STEP][PASSED] - switch (appName): null

2022-05-16 12:11:33 - [TEST_STEP][PASSED] - case "a_Access AutoDualCFtpDemo":: null

2022-05-16 12:11:33 - [TEST_STEP][PASSED] - verifyTextPresent("5.00", true): Text '5.00' is present on page  using regular expression

2022-05-16 12:11:33 - [MESSAGE][PASSED] - Text '5.00' is present on page  using regular expression

2022-05-16 12:11:33 - [TEST_STEP][PASSED] - verifyTextPresent("Dual Transaction", true): Text 'Dual Transaction' is present on page  using regular expression

2022-05-16 12:11:34 - [MESSAGE][PASSED] - Text 'Dual Transaction' is present on page  using regular expression

2022-05-16 12:11:34 - [TEST_STEP][PASSED] - verifyTextPresent("7.50", true): Text '7.50' is present on page  using regular expression

2022-05-16 12:11:34 - [MESSAGE][PASSED] - Text '7.50' is present on page  using regular expression

2022-05-16 12:11:34 - [TEST_STEP][PASSED] - verifyTextPresent("Total Amount", true): Text 'Total Amount' is present on page  using regular expression

2022-05-16 12:11:34 - [MESSAGE][PASSED] - Text 'Total Amount' is present on page  using regular expression

2022-05-16 12:11:34 - [TEST_STEP][PASSED] - verifyTextPresent("Transaction Type", true): Text 'Transaction Type' is present on page  using regular expression

2022-05-16 12:11:35 - [MESSAGE][PASSED] - Text 'Transaction Type' is present on page  using regular expression

2022-05-16 12:11:35 - [TEST_STEP][PASSED] - break: null

2022-05-16 12:11:35 - [TEST_STEP][PASSED] - closeBrowser(): Browser is closed

2022-05-16 12:11:36 - [MESSAGE][PASSED] - Browser is closed

2022-05-16 12:11:36 - [TEST_STEP][PASSED] - ExecuteTC = findTestData(dataFile).getValue("Execute", row): null

2022-05-16 12:11:36 - [TEST_STEP][PASSED] - out.println("Value of Execute is : " + ExecuteTC): null

2022-05-16 12:11:36 - [TEST_STEP][PASSED] - switch (executionProfile): null

2022-05-16 12:11:36 - [TEST_STEP][PASSED] - case "DemoProfile":: null

2022-05-16 12:11:36 - [TEST_STEP][PASSED] - appName = findTestData(dataFile).getValue("AppNameDemo", row): null

2022-05-16 12:11:36 - [TEST_STEP][PASSED] - appID = findTestData(dataFile).getValue("AppIDDemo", row): null

2022-05-16 12:11:36 - [TEST_STEP][PASSED] - break: null

2022-05-16 12:11:36 - [TEST_STEP][FAILED] - if (ExecuteTC.equalsIgnoreCase("Y")): null

2022-05-16 12:11:36 - [TEST_STEP][PASSED] - out.println("Begin Record Number: " + row): null

2022-05-16 12:11:36 - [TEST_STEP][PASSED] - today = new java.util.Date(): null

2022-05-16 12:11:36 - [TEST_STEP][PASSED] - println(today): null

2022-05-16 12:11:36 - [TEST_STEP][PASSED] - datText = today: null

2022-05-16 12:11:36 - [TEST_STEP][PASSED] - adminSuiteBootstrap.loginFunctionality.login_AdminSuite(): adminSuiteBootstrap.loginFunctionality.login_AdminSuite is PASSED

2022-05-16 12:11:36 - [MESSAGE][INFO] - Starting 'Chrome' driver

2022-05-16 12:11:36 - [MESSAGE][INFO] - User set preference: ['acceptInsecureCerts', 'true']

2022-05-16 12:11:36 - [MESSAGE][INFO] - Action delay is set to 0 milliseconds

2022-05-16 12:11:38 - [MESSAGE][PASSED] - Browser is opened with url: 'https://demo.velocitypayment.com/admin/imtiazdemo'

2022-05-16 12:11:39 - [MESSAGE][PASSED] - Current window maximized

2022-05-16 12:11:39 - [MESSAGE][PASSED] - Object 'Object Repository/Login_Page/Login_Username' is present

2022-05-16 12:11:40 - [MESSAGE][PASSED] - Text 'iahmed' is set on object 'Object Repository/Login_Page/Login_Username'

2022-05-16 12:11:40 - [MESSAGE][PASSED] - Text 'hello2222' is set on object 'Object Repository/Login_Page/Login_Password'

2022-05-16 12:11:43 - [MESSAGE][PASSED] - Object: 'Object Repository/Login_Page/Login_Submit' is clicked on

2022-05-16 12:11:43 - [MESSAGE][PASSED] - adminSuiteBootstrap.loginFunctionality.login_AdminSuite is PASSED

2022-05-16 12:11:43 - [TEST_STEP][PASSED] - click(findTestObject(path_Dashboard + appName)): Object: 'Object Repository/AdminSuiteBootstrap_Pages/Dashboard_Bootstrap/a_Access AutoDualCFtpDemo' is clicked on

2022-05-16 12:11:46 - [MESSAGE][PASSED] - Object: 'Object Repository/AdminSuiteBootstrap_Pages/Dashboard_Bootstrap/a_Access AutoDualCFtpDemo' is clicked on

2022-05-16 12:11:46 - [TEST_STEP][PASSED] - click(findTestObject(path_VT + "a_Find Profile")): Object: 'Object Repository/AdminSuiteBootstrap_Pages/VT_Bootstrap/IssueTransactions/a_Find Profile' is clicked on

2022-05-16 12:11:46 - [MESSAGE][PASSED] - Object: 'Object Repository/AdminSuiteBootstrap_Pages/VT_Bootstrap/IssueTransactions/a_Find Profile' is clicked on

2022-05-16 12:11:46 - [TEST_STEP][PASSED] - criteria = <not implemented yet for class: org.codehaus.groovy.ast.expr.EmptyExpression>: null

2022-05-16 12:11:46 - [TEST_STEP][PASSED] - searchBy = <not implemented yet for class: org.codehaus.groovy.ast.expr.EmptyExpression>: null

2022-05-16 12:11:46 - [TEST_STEP][PASSED] - criteria = findTestData(dataFile).getValue("ProfileName", row): null

2022-05-16 12:11:46 - [TEST_STEP][PASSED] - path_SearchProfile = "Object Repository/AdminSuiteBootstrap_Pages/VSP_Bootstrap/SearchProfile/": null

2022-05-16 12:11:46 - [TEST_STEP][PASSED] - setText(findTestObject(path_SearchProfile + "input_Criteria"), criteria): Text 'PaymentsPS' is set on object 'Object Repository/AdminSuiteBootstrap_Pages/VSP_Bootstrap/SearchProfile/input_Criteria'

2022-05-16 12:11:47 - [MESSAGE][PASSED] - Text 'PaymentsPS' is set on object 'Object Repository/AdminSuiteBootstrap_Pages/VSP_Bootstrap/SearchProfile/input_Criteria'

2022-05-16 12:11:47 - [TEST_STEP][PASSED] - click(findTestObject(path_SearchProfile + "button_Search")): Object: 'Object Repository/AdminSuiteBootstrap_Pages/VSP_Bootstrap/SearchProfile/button_Search' is clicked on

2022-05-16 12:11:49 - [MESSAGE][PASSED] - Object: 'Object Repository/AdminSuiteBootstrap_Pages/VSP_Bootstrap/SearchProfile/button_Search' is clicked on

2022-05-16 12:11:49 - [TEST_STEP][PASSED] - profNameLink = findTestData(dataFile).getValue("ProfileNameLink", row): null

2022-05-16 12:11:49 - [TEST_STEP][PASSED] - click(findTestObject(path_ViewProfile + profNameLink)): Object: 'Object Repository/AdminSuiteBootstrap_Pages/VSP_Bootstrap/View Profile/a_PaymentsPS' is clicked on

2022-05-16 12:11:52 - [MESSAGE][PASSED] - Object: 'Object Repository/AdminSuiteBootstrap_Pages/VSP_Bootstrap/View Profile/a_PaymentsPS' is clicked on

2022-05-16 12:11:52 - [TEST_STEP][PASSED] - click(findTestObject(path_ViewProfile + "a_Debit")): Object: 'Object Repository/AdminSuiteBootstrap_Pages/VSP_Bootstrap/View Profile/a_Debit' is clicked on

2022-05-16 12:11:54 - [MESSAGE][PASSED] - Object: 'Object Repository/AdminSuiteBootstrap_Pages/VSP_Bootstrap/View Profile/a_Debit' is clicked on

2022-05-16 12:11:54 - [TEST_STEP][PASSED] - verifyTextPresent("Remittance ID", true): Text 'Remittance ID' is present on page  using regular expression

2022-05-16 12:11:56 - [MESSAGE][PASSED] - Text 'Remittance ID' is present on page  using regular expression

2022-05-16 12:11:56 - [TEST_STEP][FAILED] - vspBootstrap.ACHDebitPage.setDataACHDebit(row, dataFile): com.kms.katalon.core.exception.StepFailedException: No option matched.

2022-05-16 12:12:28 - [MESSAGE][INFO] - Unable to find the element located by 'By.xpath: id("form1")/div[@class="timeline-post"]/div[@class="row border-bottom"]/div[@class="col-md-6"]/div[@class="post-content"]/div[@class="row"]/div[@class="col-md-6"]/div[@class="form-floating"]/select[@class="form-select form-control"][count(. | //*[@name = 'standardEntryClass']) = count(//*[@name = 'standardEntryClass'])]'. Please recheck the objects properties to make sure the desired element is located. 

2022-05-16 12:12:28 - [MESSAGE][WARNING] - [SELF-HEALING] Failed to find element with id 'Object Repository/AdminSuiteBootstrap_Pages/VSP_Bootstrap/VSP_Debit/select_StdEntryClass'. Try using Self-healing.

2022-05-16 12:12:28 - [MESSAGE][WARNING] - [SELF-HEALING] The current locator of test object 'Object Repository/AdminSuiteBootstrap_Pages/VSP_Bootstrap/VSP_Debit/select_StdEntryClass' was broken. Propose an alternative one: '(.//*[normalize-space(text()) and normalize-space(.)='Account Type'])[1]/following::select[1]'.

2022-05-16 12:12:28 - [MESSAGE][FAILED] - No option matched.

2022-05-16 12:12:29 - [MESSAGE][PASSED] - Text '' is set on object 'Object Repository/AdminSuiteBootstrap_Pages/VSP_Bootstrap/VSP_Debit/input_smsNumber'

2022-05-16 12:12:30 - [MESSAGE][PASSED] - Text '2.50' is set on object 'Object Repository/AdminSuiteBootstrap_Pages/VSP_Bootstrap/VSP_Debit/input_amount'

2022-05-16 12:12:34 - [MESSAGE][PASSED] - Text 'Delhi' is set on object 'Object Repository/AdminSuiteBootstrap_Pages/VSP_Bootstrap/VSP_Debit/input_userDefined1'

2022-05-16 12:12:34 - [MESSAGE][PASSED] - Text 'Chennai' is set on object 'Object Repository/AdminSuiteBootstrap_Pages/VSP_Bootstrap/VSP_Debit/input_userDefined2'

2022-05-16 12:12:35 - [MESSAGE][PASSED] - Text 'Mumbai' is set on object 'Object Repository/AdminSuiteBootstrap_Pages/VSP_Bootstrap/VSP_Debit/input_userDefined3'

2022-05-16 12:12:36 - [MESSAGE][PASSED] - Text 'Kanpur' is set on object 'Object Repository/AdminSuiteBootstrap_Pages/VSP_Bootstrap/VSP_Debit/input_userDefined4'

2022-05-16 12:12:37 - [MESSAGE][PASSED] - All options with label 'Orange' are selected in object 'Object Repository/AdminSuiteBootstrap_Pages/VSP_Bootstrap/VSP_Debit/select_UDF5'  using regular expression

2022-05-16 12:12:37 - [MESSAGE][PASSED] - All options with label 'Yellow' are selected in object 'Object Repository/AdminSuiteBootstrap_Pages/VSP_Bootstrap/VSP_Debit/select_UDF6'  using regular expression

2022-05-16 12:12:38 - [MESSAGE][PASSED] - Text 'Kolkata' is set on object 'Object Repository/AdminSuiteBootstrap_Pages/VSP_Bootstrap/VSP_Debit/input_userDefined7'

2022-05-16 12:12:39 - [MESSAGE][PASSED] - Text 'Pune' is set on object 'Object Repository/AdminSuiteBootstrap_Pages/VSP_Bootstrap/VSP_Debit/input_userDefined8'

2022-05-16 12:12:40 - [MESSAGE][PASSED] - Text 'Bhavnagar' is set on object 'Object Repository/AdminSuiteBootstrap_Pages/VSP_Bootstrap/VSP_Debit/input_userDefined9'

2022-05-16 12:12:40 - [MESSAGE][PASSED] - Text 'Noida' is set on object 'Object Repository/AdminSuiteBootstrap_Pages/VSP_Bootstrap/VSP_Debit/input_userDefined10'

2022-05-16 12:12:45 - [MESSAGE][PASSED] - Object: 'Object Repository/AdminSuiteBootstrap_Pages/VSP_Bootstrap/VSP_Debit/button_Submit' is clicked on

2022-05-16 12:12:45 - [MESSAGE][FAILED] - com.kms.katalon.core.exception.StepFailedException: No option matched.

2022-05-16 12:12:45 - [TEST_STEP][PASSED] - verifyTextPresent("Transaction Successful", true): Text 'Transaction Successful' is present on page  using regular expression

2022-05-16 12:12:45 - [MESSAGE][PASSED] - Text 'Transaction Successful' is present on page  using regular expression

2022-05-16 12:12:45 - [TEST_STEP][PASSED] - verifyElementVisible(findTestObject("Object Repository/AdminSuiteBootstrap_Pages/VT_Bootstrap/Receipt/button_Continue")): Object 'Object Repository/AdminSuiteBootstrap_Pages/VT_Bootstrap/Receipt/button_Continue' is visible

2022-05-16 12:12:45 - [MESSAGE][PASSED] - Object 'Object Repository/AdminSuiteBootstrap_Pages/VT_Bootstrap/Receipt/button_Continue' is visible

2022-05-16 12:12:45 - [TEST_STEP][PASSED] - verifyElementPresent(findTestObject("Object Repository/AdminSuiteBootstrap_Pages/VT_Bootstrap/Receipt/button_Continue"), 20): Object 'Object Repository/AdminSuiteBootstrap_Pages/VT_Bootstrap/Receipt/button_Continue' is present

2022-05-16 12:12:46 - [MESSAGE][PASSED] - Object 'Object Repository/AdminSuiteBootstrap_Pages/VT_Bootstrap/Receipt/button_Continue' is present

2022-05-16 12:12:46 - [TEST_STEP][PASSED] - verifyElementVisible(findTestObject("Object Repository/AdminSuiteBootstrap_Pages/VT_Bootstrap/Receipt/button_Print")): Object 'Object Repository/AdminSuiteBootstrap_Pages/VT_Bootstrap/Receipt/button_Print' is visible

2022-05-16 12:12:46 - [MESSAGE][PASSED] - Object 'Object Repository/AdminSuiteBootstrap_Pages/VT_Bootstrap/Receipt/button_Print' is visible

2022-05-16 12:12:46 - [TEST_STEP][PASSED] - verifyElementPresent(findTestObject("Object Repository/AdminSuiteBootstrap_Pages/VT_Bootstrap/Receipt/button_Print"), 20): Object 'Object Repository/AdminSuiteBootstrap_Pages/VT_Bootstrap/Receipt/button_Print' is present

2022-05-16 12:12:46 - [MESSAGE][PASSED] - Object 'Object Repository/AdminSuiteBootstrap_Pages/VT_Bootstrap/Receipt/button_Print' is present

2022-05-16 12:12:46 - [TEST_STEP][PASSED] - verifyTextPresent("Remittance ID", true): Text 'Remittance ID' is present on page  using regular expression

2022-05-16 12:12:47 - [MESSAGE][PASSED] - Text 'Remittance ID' is present on page  using regular expression

2022-05-16 12:12:47 - [TEST_STEP][PASSED] - verifyTextPresent("Received", true): Text 'Received' is present on page  using regular expression

2022-05-16 12:12:47 - [MESSAGE][PASSED] - Text 'Received' is present on page  using regular expression

2022-05-16 12:12:47 - [TEST_STEP][PASSED] - verifyTextPresent("UDF1", true): Text 'UDF1' is present on page  using regular expression

2022-05-16 12:12:47 - [MESSAGE][PASSED] - Text 'UDF1' is present on page  using regular expression

2022-05-16 12:12:47 - [TEST_STEP][PASSED] - verifyTextPresent("UDF2", true): Text 'UDF2' is present on page  using regular expression

2022-05-16 12:12:48 - [MESSAGE][PASSED] - Text 'UDF2' is present on page  using regular expression

2022-05-16 12:12:48 - [TEST_STEP][PASSED] - verifyTextPresent("UDF3", true): Text 'UDF3' is present on page  using regular expression

2022-05-16 12:12:48 - [MESSAGE][PASSED] - Text 'UDF3' is present on page  using regular expression

2022-05-16 12:12:48 - [TEST_STEP][PASSED] - verifyTextPresent("UDF4", true): Text 'UDF4' is present on page  using regular expression

2022-05-16 12:12:48 - [MESSAGE][PASSED] - Text 'UDF4' is present on page  using regular expression

2022-05-16 12:12:48 - [TEST_STEP][PASSED] - verifyTextPresent("UDF5", true): Text 'UDF5' is present on page  using regular expression

2022-05-16 12:12:49 - [MESSAGE][PASSED] - Text 'UDF5' is present on page  using regular expression

2022-05-16 12:12:49 - [TEST_STEP][PASSED] - verifyTextPresent("UDF6", true): Text 'UDF6' is present on page  using regular expression

2022-05-16 12:12:49 - [MESSAGE][PASSED] - Text 'UDF6' is present on page  using regular expression

2022-05-16 12:12:49 - [TEST_STEP][PASSED] - verifyTextPresent("UDF7", true): Text 'UDF7' is present on page  using regular expression

2022-05-16 12:12:49 - [MESSAGE][PASSED] - Text 'UDF7' is present on page  using regular expression

2022-05-16 12:12:49 - [TEST_STEP][PASSED] - verifyTextPresent("UDF8", true): Text 'UDF8' is present on page  using regular expression

2022-05-16 12:12:50 - [MESSAGE][PASSED] - Text 'UDF8' is present on page  using regular expression

2022-05-16 12:12:50 - [TEST_STEP][PASSED] - verifyTextPresent("UDF9", true): Text 'UDF9' is present on page  using regular expression

2022-05-16 12:12:50 - [MESSAGE][PASSED] - Text 'UDF9' is present on page  using regular expression

2022-05-16 12:12:50 - [TEST_STEP][PASSED] - verifyTextPresent("UDF 10", true): Text 'UDF 10' is present on page  using regular expression

2022-05-16 12:12:50 - [MESSAGE][PASSED] - Text 'UDF 10' is present on page  using regular expression

2022-05-16 12:12:50 - [TEST_STEP][PASSED] - verifyTextPresent("Delhi", true): Text 'Delhi' is present on page  using regular expression

2022-05-16 12:12:51 - [MESSAGE][PASSED] - Text 'Delhi' is present on page  using regular expression

2022-05-16 12:12:51 - [TEST_STEP][PASSED] - verifyTextPresent("Chennai", true): Text 'Chennai' is present on page  using regular expression

2022-05-16 12:12:51 - [MESSAGE][PASSED] - Text 'Chennai' is present on page  using regular expression

2022-05-16 12:12:51 - [TEST_STEP][PASSED] - verifyTextPresent("Mumbai", true): Text 'Mumbai' is present on page  using regular expression

2022-05-16 12:12:51 - [MESSAGE][PASSED] - Text 'Mumbai' is present on page  using regular expression

2022-05-16 12:12:51 - [TEST_STEP][PASSED] - verifyTextPresent("Kanpur", true): Text 'Kanpur' is present on page  using regular expression

2022-05-16 12:12:52 - [MESSAGE][PASSED] - Text 'Kanpur' is present on page  using regular expression

2022-05-16 12:12:52 - [TEST_STEP][PASSED] - verifyTextPresent("Orange Recorded", true): Text 'Orange Recorded' is present on page  using regular expression

2022-05-16 12:12:52 - [MESSAGE][PASSED] - Text 'Orange Recorded' is present on page  using regular expression

2022-05-16 12:12:52 - [TEST_STEP][PASSED] - verifyTextPresent("Yellow Recorded", true): Text 'Yellow Recorded' is present on page  using regular expression

2022-05-16 12:12:52 - [MESSAGE][PASSED] - Text 'Yellow Recorded' is present on page  using regular expression

2022-05-16 12:12:52 - [TEST_STEP][PASSED] - verifyTextPresent("Kolkata", true): Text 'Kolkata' is present on page  using regular expression

2022-05-16 12:12:53 - [MESSAGE][PASSED] - Text 'Kolkata' is present on page  using regular expression

2022-05-16 12:12:53 - [TEST_STEP][PASSED] - verifyTextPresent("Pune", true): Text 'Pune' is present on page  using regular expression

2022-05-16 12:12:53 - [MESSAGE][PASSED] - Text 'Pune' is present on page  using regular expression

2022-05-16 12:12:53 - [TEST_STEP][PASSED] - verifyTextPresent("Bhavnagar", true): Text 'Bhavnagar' is present on page  using regular expression

2022-05-16 12:12:53 - [MESSAGE][PASSED] - Text 'Bhavnagar' is present on page  using regular expression

2022-05-16 12:12:53 - [TEST_STEP][PASSED] - verifyTextPresent("Noida", true): Text 'Noida' is present on page  using regular expression

2022-05-16 12:12:54 - [MESSAGE][PASSED] - Text 'Noida' is present on page  using regular expression

2022-05-16 12:12:54 - [TEST_STEP][PASSED] - verifyTextPresent("Amount", true): Text 'Amount' is present on page  using regular expression

2022-05-16 12:12:54 - [MESSAGE][PASSED] - Text 'Amount' is present on page  using regular expression

2022-05-16 12:12:54 - [TEST_STEP][PASSED] - verifyTextPresent("2.50", true): Text '2.50' is present on page  using regular expression

2022-05-16 12:12:54 - [MESSAGE][PASSED] - Text '2.50' is present on page  using regular expression

2022-05-16 12:12:54 - [TEST_STEP][PASSED] - verifyTextPresent("Transaction Type", true): Text 'Transaction Type' is present on page  using regular expression

2022-05-16 12:12:55 - [MESSAGE][PASSED] - Text 'Transaction Type' is present on page  using regular expression

2022-05-16 12:12:55 - [TEST_STEP][PASSED] - verifyTextPresent("Debit", true): Text 'Debit' is present on page  using regular expression

2022-05-16 12:12:55 - [MESSAGE][PASSED] - Text 'Debit' is present on page  using regular expression

2022-05-16 12:12:55 - [TEST_STEP][PASSED] - verifyTextPresent("Check Information", true): Text 'Check Information' is present on page  using regular expression

2022-05-16 12:12:55 - [MESSAGE][PASSED] - Text 'Check Information' is present on page  using regular expression

2022-05-16 12:12:55 - [TEST_STEP][PASSED] - verifyTextPresent("Account Type", true): Text 'Account Type' is present on page  using regular expression

2022-05-16 12:12:56 - [MESSAGE][PASSED] - Text 'Account Type' is present on page  using regular expression

2022-05-16 12:12:56 - [TEST_STEP][PASSED] - verifyTextPresent("Account Number", true): Text 'Account Number' is present on page  using regular expression

2022-05-16 12:12:56 - [MESSAGE][PASSED] - Text 'Account Number' is present on page  using regular expression

2022-05-16 12:12:56 - [TEST_STEP][PASSED] - verifyTextPresent("Routing Number", true): Text 'Routing Number' is present on page  using regular expression

2022-05-16 12:12:56 - [MESSAGE][PASSED] - Text 'Routing Number' is present on page  using regular expression

2022-05-16 12:12:56 - [TEST_STEP][PASSED] - verifyTextPresent("Address Line 1", true): Text 'Address Line 1' is present on page  using regular expression

2022-05-16 12:12:57 - [MESSAGE][PASSED] - Text 'Address Line 1' is present on page  using regular expression

2022-05-16 12:12:57 - [TEST_STEP][PASSED] - verifyTextPresent("Address Line 2", true): Text 'Address Line 2' is present on page  using regular expression

2022-05-16 12:12:57 - [MESSAGE][PASSED] - Text 'Address Line 2' is present on page  using regular expression

2022-05-16 12:12:57 - [TEST_STEP][PASSED] - verifyTextPresent("Country", true): Text 'Country' is present on page  using regular expression

2022-05-16 12:12:57 - [MESSAGE][PASSED] - Text 'Country' is present on page  using regular expression

2022-05-16 12:12:57 - [TEST_STEP][PASSED] - verifyTextPresent("City", true): Text 'City' is present on page  using regular expression

2022-05-16 12:12:58 - [MESSAGE][PASSED] - Text 'City' is present on page  using regular expression

2022-05-16 12:12:58 - [TEST_STEP][PASSED] - verifyTextPresent("State", true): Text 'State' is present on page  using regular expression

2022-05-16 12:12:58 - [MESSAGE][PASSED] - Text 'State' is present on page  using regular expression

2022-05-16 12:12:58 - [TEST_STEP][PASSED] - verifyTextPresent("ZIP Code", true): Text 'ZIP Code' is present on page  using regular expression

2022-05-16 12:12:58 - [MESSAGE][PASSED] - Text 'ZIP Code' is present on page  using regular expression

2022-05-16 12:12:58 - [TEST_STEP][PASSED] - verifyTextPresent("248 PhoolKaante road", true): Text '248 PhoolKaante road' is present on page  using regular expression

2022-05-16 12:12:59 - [MESSAGE][PASSED] - Text '248 PhoolKaante road' is present on page  using regular expression

2022-05-16 12:12:59 - [TEST_STEP][PASSED] - verifyTextPresent("Suite 678", true): Text 'Suite 678' is present on page  using regular expression

2022-05-16 12:12:59 - [MESSAGE][PASSED] - Text 'Suite 678' is present on page  using regular expression

2022-05-16 12:12:59 - [TEST_STEP][PASSED] - verifyTextPresent("United States", true): Text 'United States' is present on page  using regular expression

2022-05-16 12:12:59 - [MESSAGE][PASSED] - Text 'United States' is present on page  using regular expression

2022-05-16 12:12:59 - [TEST_STEP][PASSED] - verifyTextPresent("ARLINGTON", true): Text 'ARLINGTON' is present on page  using regular expression

2022-05-16 12:13:00 - [MESSAGE][PASSED] - Text 'ARLINGTON' is present on page  using regular expression

2022-05-16 12:13:00 - [TEST_STEP][PASSED] - verifyTextPresent("Virginia", true): Text 'Virginia' is present on page  using regular expression

2022-05-16 12:13:00 - [MESSAGE][PASSED] - Text 'Virginia' is present on page  using regular expression

2022-05-16 12:13:00 - [TEST_STEP][PASSED] - verifyTextPresent("22201", true): Text '22201' is present on page  using regular expression

2022-05-16 12:13:00 - [MESSAGE][PASSED] - Text '22201' is present on page  using regular expression

2022-05-16 12:13:00 - [TEST_STEP][PASSED] - tranType = findTestData(dataFile).getValue("TranType", row): null

2022-05-16 12:13:00 - [TEST_STEP][PASSED] - last4V = findTestData(dataFile).getValue("Last4", row): null

2022-05-16 12:13:00 - [TEST_STEP][PASSED] - verifyTextPresent(tranType, true): Text 'Savings' is present on page  using regular expression

2022-05-16 12:13:01 - [MESSAGE][PASSED] - Text 'Savings' is present on page  using regular expression

2022-05-16 12:13:01 - [TEST_STEP][PASSED] - verifyTextPresent(last4V, true): Text '3333' is present on page  using regular expression

2022-05-16 12:13:01 - [MESSAGE][PASSED] - Text '3333' is present on page  using regular expression

2022-05-16 12:13:01 - [TEST_STEP][PASSED] - if (profNameLink.equalsIgnoreCase("a_PaymentsPC")): null

2022-05-16 12:13:01 - [TEST_STEP][PASSED] - if (profNameLink.equalsIgnoreCase("a_PaymentsPS")): Text 'TANDON RAVENA' is present on page  using regular expression

2022-05-16 12:13:01 - [TEST_STEP][PASSED] - verifyTextPresent("Name on Account", true): Text 'Name on Account' is present on page  using regular expression

2022-05-16 12:13:02 - [MESSAGE][PASSED] - Text 'Name on Account' is present on page  using regular expression

2022-05-16 12:13:02 - [TEST_STEP][PASSED] - verifyTextPresent("TANDON RAVENA", true): Text 'TANDON RAVENA' is present on page  using regular expression

2022-05-16 12:13:02 - [MESSAGE][PASSED] - Text 'TANDON RAVENA' is present on page  using regular expression

2022-05-16 12:13:02 - [TEST_STEP][PASSED] - if (profNameLink.equalsIgnoreCase("a_PaymentsCorp")): null

2022-05-16 12:13:02 - [TEST_STEP][PASSED] - switch (appName): null

2022-05-16 12:13:02 - [TEST_STEP][PASSED] - case "a_Access AutoDualCFtpDemo":: null

2022-05-16 12:13:02 - [TEST_STEP][PASSED] - verifyTextPresent("5.00", true): Text '5.00' is present on page  using regular expression

2022-05-16 12:13:02 - [MESSAGE][PASSED] - Text '5.00' is present on page  using regular expression

2022-05-16 12:13:02 - [TEST_STEP][PASSED] - verifyTextPresent("Dual Transaction", true): Text 'Dual Transaction' is present on page  using regular expression

2022-05-16 12:13:03 - [MESSAGE][PASSED] - Text 'Dual Transaction' is present on page  using regular expression

2022-05-16 12:13:03 - [TEST_STEP][PASSED] - verifyTextPresent("7.50", true): Text '7.50' is present on page  using regular expression

2022-05-16 12:13:03 - [MESSAGE][PASSED] - Text '7.50' is present on page  using regular expression

2022-05-16 12:13:03 - [TEST_STEP][PASSED] - verifyTextPresent("Total Amount", true): Text 'Total Amount' is present on page  using regular expression

2022-05-16 12:13:03 - [MESSAGE][PASSED] - Text 'Total Amount' is present on page  using regular expression

2022-05-16 12:13:03 - [TEST_STEP][PASSED] - verifyTextPresent("Transaction Type", true): Text 'Transaction Type' is present on page  using regular expression

2022-05-16 12:13:04 - [MESSAGE][PASSED] - Text 'Transaction Type' is present on page  using regular expression

2022-05-16 12:13:04 - [TEST_STEP][PASSED] - break: null

2022-05-16 12:13:04 - [TEST_STEP][PASSED] - closeBrowser(): Browser is closed

2022-05-16 12:13:04 - [MESSAGE][PASSED] - Browser is closed

2022-05-16 12:13:04 - [TEST_STEP][PASSED] - ExecuteTC = findTestData(dataFile).getValue("Execute", row): null

2022-05-16 12:13:04 - [TEST_STEP][PASSED] - out.println("Value of Execute is : " + ExecuteTC): null

2022-05-16 12:13:04 - [TEST_STEP][PASSED] - switch (executionProfile): null

2022-05-16 12:13:04 - [TEST_STEP][PASSED] - case "DemoProfile":: null

2022-05-16 12:13:04 - [TEST_STEP][PASSED] - appName = findTestData(dataFile).getValue("AppNameDemo", row): null

2022-05-16 12:13:05 - [TEST_STEP][PASSED] - appID = findTestData(dataFile).getValue("AppIDDemo", row): null

2022-05-16 12:13:05 - [TEST_STEP][PASSED] - break: null

2022-05-16 12:13:05 - [TEST_STEP][PASSED] - if (ExecuteTC.equalsIgnoreCase("Y")): null

2022-05-16 12:13:05 - [TEST_STEP][PASSED] - out.println("Begin Record Number: " + row): null

2022-05-16 12:13:05 - [TEST_STEP][PASSED] - today = new java.util.Date(): null

2022-05-16 12:13:05 - [TEST_STEP][PASSED] - println(today): null

2022-05-16 12:13:05 - [TEST_STEP][PASSED] - datText = today: null

2022-05-16 12:13:05 - [TEST_STEP][PASSED] - adminSuiteBootstrap.loginFunctionality.login_AdminSuite(): adminSuiteBootstrap.loginFunctionality.login_AdminSuite is PASSED

2022-05-16 12:13:05 - [MESSAGE][INFO] - Starting 'Chrome' driver

2022-05-16 12:13:05 - [MESSAGE][INFO] - User set preference: ['acceptInsecureCerts', 'true']

2022-05-16 12:13:05 - [MESSAGE][INFO] - Action delay is set to 0 milliseconds

2022-05-16 12:13:07 - [MESSAGE][PASSED] - Browser is opened with url: 'https://demo.velocitypayment.com/admin/imtiazdemo'

2022-05-16 12:13:07 - [MESSAGE][PASSED] - Current window maximized

2022-05-16 12:13:07 - [MESSAGE][PASSED] - Object 'Object Repository/Login_Page/Login_Username' is present

2022-05-16 12:13:08 - [MESSAGE][PASSED] - Text 'iahmed' is set on object 'Object Repository/Login_Page/Login_Username'

2022-05-16 12:13:09 - [MESSAGE][PASSED] - Text 'hello2222' is set on object 'Object Repository/Login_Page/Login_Password'

2022-05-16 12:13:13 - [MESSAGE][PASSED] - Object: 'Object Repository/Login_Page/Login_Submit' is clicked on

2022-05-16 12:13:13 - [MESSAGE][PASSED] - adminSuiteBootstrap.loginFunctionality.login_AdminSuite is PASSED

2022-05-16 12:13:13 - [TEST_STEP][PASSED] - click(findTestObject(path_Dashboard + appName)): Object: 'Object Repository/AdminSuiteBootstrap_Pages/Dashboard_Bootstrap/a_Access AutoDualCFtpDemo' is clicked on

2022-05-16 12:13:16 - [MESSAGE][PASSED] - Object: 'Object Repository/AdminSuiteBootstrap_Pages/Dashboard_Bootstrap/a_Access AutoDualCFtpDemo' is clicked on

2022-05-16 12:13:16 - [TEST_STEP][PASSED] - click(findTestObject(path_VT + "a_Find Profile")): Object: 'Object Repository/AdminSuiteBootstrap_Pages/VT_Bootstrap/IssueTransactions/a_Find Profile' is clicked on

2022-05-16 12:13:16 - [MESSAGE][PASSED] - Object: 'Object Repository/AdminSuiteBootstrap_Pages/VT_Bootstrap/IssueTransactions/a_Find Profile' is clicked on

2022-05-16 12:13:16 - [TEST_STEP][PASSED] - criteria = <not implemented yet for class: org.codehaus.groovy.ast.expr.EmptyExpression>: null

2022-05-16 12:13:16 - [TEST_STEP][PASSED] - searchBy = <not implemented yet for class: org.codehaus.groovy.ast.expr.EmptyExpression>: null

2022-05-16 12:13:16 - [TEST_STEP][PASSED] - criteria = findTestData(dataFile).getValue("ProfileName", row): null

2022-05-16 12:13:16 - [TEST_STEP][PASSED] - path_SearchProfile = "Object Repository/AdminSuiteBootstrap_Pages/VSP_Bootstrap/SearchProfile/": null

2022-05-16 12:13:16 - [TEST_STEP][PASSED] - setText(findTestObject(path_SearchProfile + "input_Criteria"), criteria): Text 'PaymentsCorp' is set on object 'Object Repository/AdminSuiteBootstrap_Pages/VSP_Bootstrap/SearchProfile/input_Criteria'

2022-05-16 12:13:17 - [MESSAGE][PASSED] - Text 'PaymentsCorp' is set on object 'Object Repository/AdminSuiteBootstrap_Pages/VSP_Bootstrap/SearchProfile/input_Criteria'

2022-05-16 12:13:17 - [TEST_STEP][PASSED] - click(findTestObject(path_SearchProfile + "button_Search")): Object: 'Object Repository/AdminSuiteBootstrap_Pages/VSP_Bootstrap/SearchProfile/button_Search' is clicked on

2022-05-16 12:13:20 - [MESSAGE][PASSED] - Object: 'Object Repository/AdminSuiteBootstrap_Pages/VSP_Bootstrap/SearchProfile/button_Search' is clicked on

2022-05-16 12:13:20 - [TEST_STEP][PASSED] - profNameLink = findTestData(dataFile).getValue("ProfileNameLink", row): null

2022-05-16 12:13:20 - [TEST_STEP][PASSED] - click(findTestObject(path_ViewProfile + profNameLink)): Object: 'Object Repository/AdminSuiteBootstrap_Pages/VSP_Bootstrap/View Profile/a_PaymentsCorp' is clicked on

2022-05-16 12:13:24 - [MESSAGE][PASSED] - Object: 'Object Repository/AdminSuiteBootstrap_Pages/VSP_Bootstrap/View Profile/a_PaymentsCorp' is clicked on

2022-05-16 12:13:24 - [TEST_STEP][PASSED] - click(findTestObject(path_ViewProfile + "a_Debit")): Object: 'Object Repository/AdminSuiteBootstrap_Pages/VSP_Bootstrap/View Profile/a_Debit' is clicked on

2022-05-16 12:13:33 - [MESSAGE][PASSED] - Object: 'Object Repository/AdminSuiteBootstrap_Pages/VSP_Bootstrap/View Profile/a_Debit' is clicked on

2022-05-16 12:13:33 - [TEST_STEP][PASSED] - verifyTextPresent("Remittance ID", true): Text 'Remittance ID' is present on page  using regular expression

2022-05-16 12:13:36 - [MESSAGE][PASSED] - Text 'Remittance ID' is present on page  using regular expression

2022-05-16 12:13:36 - [TEST_STEP][PASSED] - vspBootstrap.ACHDebitPage.setDataACHDebit(row, dataFile): vspBootstrap.ACHDebitPage.setDataACHDebit is PASSED

2022-05-16 12:13:37 - [MESSAGE][PASSED] - All options with value 'CCD' are selected in object 'Object Repository/AdminSuiteBootstrap_Pages/VSP_Bootstrap/VSP_Debit/select_StdEntryClass'  using regular expression

2022-05-16 12:13:38 - [MESSAGE][PASSED] - Text '' is set on object 'Object Repository/AdminSuiteBootstrap_Pages/VSP_Bootstrap/VSP_Debit/input_smsNumber'

2022-05-16 12:13:39 - [MESSAGE][PASSED] - Text '2.50' is set on object 'Object Repository/AdminSuiteBootstrap_Pages/VSP_Bootstrap/VSP_Debit/input_amount'

2022-05-16 12:13:45 - [MESSAGE][PASSED] - Text '123456789' is set on object 'Object Repository/AdminSuiteBootstrap_Pages/VSP_Bootstrap/VSP_Debit/input_ein'

2022-05-16 12:13:46 - [MESSAGE][PASSED] - Text 'Delhi' is set on object 'Object Repository/AdminSuiteBootstrap_Pages/VSP_Bootstrap/VSP_Debit/input_userDefined1'

2022-05-16 12:13:46 - [MESSAGE][PASSED] - Text 'Chennai' is set on object 'Object Repository/AdminSuiteBootstrap_Pages/VSP_Bootstrap/VSP_Debit/input_userDefined2'

2022-05-16 12:13:47 - [MESSAGE][PASSED] - Text 'Mumbai' is set on object 'Object Repository/AdminSuiteBootstrap_Pages/VSP_Bootstrap/VSP_Debit/input_userDefined3'

2022-05-16 12:13:48 - [MESSAGE][PASSED] - Text 'Kanpur' is set on object 'Object Repository/AdminSuiteBootstrap_Pages/VSP_Bootstrap/VSP_Debit/input_userDefined4'

2022-05-16 12:13:49 - [MESSAGE][PASSED] - All options with label 'Orange' are selected in object 'Object Repository/AdminSuiteBootstrap_Pages/VSP_Bootstrap/VSP_Debit/select_UDF5'  using regular expression

2022-05-16 12:13:50 - [MESSAGE][PASSED] - All options with label 'Yellow' are selected in object 'Object Repository/AdminSuiteBootstrap_Pages/VSP_Bootstrap/VSP_Debit/select_UDF6'  using regular expression

2022-05-16 12:13:50 - [MESSAGE][PASSED] - Text 'Kolkata' is set on object 'Object Repository/AdminSuiteBootstrap_Pages/VSP_Bootstrap/VSP_Debit/input_userDefined7'

2022-05-16 12:13:51 - [MESSAGE][PASSED] - Text 'Pune' is set on object 'Object Repository/AdminSuiteBootstrap_Pages/VSP_Bootstrap/VSP_Debit/input_userDefined8'

2022-05-16 12:13:52 - [MESSAGE][PASSED] - Text 'Bhavnagar' is set on object 'Object Repository/AdminSuiteBootstrap_Pages/VSP_Bootstrap/VSP_Debit/input_userDefined9'

2022-05-16 12:13:52 - [MESSAGE][PASSED] - Text 'Noida' is set on object 'Object Repository/AdminSuiteBootstrap_Pages/VSP_Bootstrap/VSP_Debit/input_userDefined10'

2022-05-16 12:13:59 - [MESSAGE][PASSED] - Object: 'Object Repository/AdminSuiteBootstrap_Pages/VSP_Bootstrap/VSP_Debit/button_Submit' is clicked on

2022-05-16 12:13:59 - [MESSAGE][PASSED] - vspBootstrap.ACHDebitPage.setDataACHDebit is PASSED

2022-05-16 12:13:59 - [TEST_STEP][PASSED] - verifyTextPresent("Transaction Successful", true): Text 'Transaction Successful' is present on page  using regular expression

2022-05-16 12:14:00 - [MESSAGE][PASSED] - Text 'Transaction Successful' is present on page  using regular expression

2022-05-16 12:14:00 - [TEST_STEP][PASSED] - verifyElementVisible(findTestObject("Object Repository/AdminSuiteBootstrap_Pages/VT_Bootstrap/Receipt/button_Continue")): Object 'Object Repository/AdminSuiteBootstrap_Pages/VT_Bootstrap/Receipt/button_Continue' is visible

2022-05-16 12:14:00 - [MESSAGE][PASSED] - Object 'Object Repository/AdminSuiteBootstrap_Pages/VT_Bootstrap/Receipt/button_Continue' is visible

2022-05-16 12:14:00 - [TEST_STEP][PASSED] - verifyElementPresent(findTestObject("Object Repository/AdminSuiteBootstrap_Pages/VT_Bootstrap/Receipt/button_Continue"), 20): Object 'Object Repository/AdminSuiteBootstrap_Pages/VT_Bootstrap/Receipt/button_Continue' is present

2022-05-16 12:14:01 - [MESSAGE][PASSED] - Object 'Object Repository/AdminSuiteBootstrap_Pages/VT_Bootstrap/Receipt/button_Continue' is present

2022-05-16 12:14:01 - [TEST_STEP][PASSED] - verifyElementVisible(findTestObject("Object Repository/AdminSuiteBootstrap_Pages/VT_Bootstrap/Receipt/button_Print")): Object 'Object Repository/AdminSuiteBootstrap_Pages/VT_Bootstrap/Receipt/button_Print' is visible

2022-05-16 12:14:01 - [MESSAGE][PASSED] - Object 'Object Repository/AdminSuiteBootstrap_Pages/VT_Bootstrap/Receipt/button_Print' is visible

2022-05-16 12:14:01 - [TEST_STEP][PASSED] - verifyElementPresent(findTestObject("Object Repository/AdminSuiteBootstrap_Pages/VT_Bootstrap/Receipt/button_Print"), 20): Object 'Object Repository/AdminSuiteBootstrap_Pages/VT_Bootstrap/Receipt/button_Print' is present

2022-05-16 12:14:01 - [MESSAGE][PASSED] - Object 'Object Repository/AdminSuiteBootstrap_Pages/VT_Bootstrap/Receipt/button_Print' is present

2022-05-16 12:14:01 - [TEST_STEP][PASSED] - verifyTextPresent("Remittance ID", true): Text 'Remittance ID' is present on page  using regular expression

2022-05-16 12:14:02 - [MESSAGE][PASSED] - Text 'Remittance ID' is present on page  using regular expression

2022-05-16 12:14:02 - [TEST_STEP][PASSED] - verifyTextPresent("Received", true): Text 'Received' is present on page  using regular expression

2022-05-16 12:14:02 - [MESSAGE][PASSED] - Text 'Received' is present on page  using regular expression

2022-05-16 12:14:02 - [TEST_STEP][PASSED] - verifyTextPresent("UDF1", true): Text 'UDF1' is present on page  using regular expression

2022-05-16 12:14:02 - [MESSAGE][PASSED] - Text 'UDF1' is present on page  using regular expression

2022-05-16 12:14:02 - [TEST_STEP][PASSED] - verifyTextPresent("UDF2", true): Text 'UDF2' is present on page  using regular expression

2022-05-16 12:14:03 - [MESSAGE][PASSED] - Text 'UDF2' is present on page  using regular expression

2022-05-16 12:14:03 - [TEST_STEP][PASSED] - verifyTextPresent("UDF3", true): Text 'UDF3' is present on page  using regular expression

2022-05-16 12:14:03 - [MESSAGE][PASSED] - Text 'UDF3' is present on page  using regular expression

2022-05-16 12:14:03 - [TEST_STEP][PASSED] - verifyTextPresent("UDF4", true): Text 'UDF4' is present on page  using regular expression

2022-05-16 12:14:03 - [MESSAGE][PASSED] - Text 'UDF4' is present on page  using regular expression

2022-05-16 12:14:03 - [TEST_STEP][PASSED] - verifyTextPresent("UDF5", true): Text 'UDF5' is present on page  using regular expression

2022-05-16 12:14:04 - [MESSAGE][PASSED] - Text 'UDF5' is present on page  using regular expression

2022-05-16 12:14:04 - [TEST_STEP][PASSED] - verifyTextPresent("UDF6", true): Text 'UDF6' is present on page  using regular expression

2022-05-16 12:14:04 - [MESSAGE][PASSED] - Text 'UDF6' is present on page  using regular expression

2022-05-16 12:14:04 - [TEST_STEP][PASSED] - verifyTextPresent("UDF7", true): Text 'UDF7' is present on page  using regular expression

2022-05-16 12:14:04 - [MESSAGE][PASSED] - Text 'UDF7' is present on page  using regular expression

2022-05-16 12:14:04 - [TEST_STEP][PASSED] - verifyTextPresent("UDF8", true): Text 'UDF8' is present on page  using regular expression

2022-05-16 12:14:05 - [MESSAGE][PASSED] - Text 'UDF8' is present on page  using regular expression

2022-05-16 12:14:05 - [TEST_STEP][PASSED] - verifyTextPresent("UDF9", true): Text 'UDF9' is present on page  using regular expression

2022-05-16 12:14:05 - [MESSAGE][PASSED] - Text 'UDF9' is present on page  using regular expression

2022-05-16 12:14:05 - [TEST_STEP][PASSED] - verifyTextPresent("UDF 10", true): Text 'UDF 10' is present on page  using regular expression

2022-05-16 12:14:05 - [MESSAGE][PASSED] - Text 'UDF 10' is present on page  using regular expression

2022-05-16 12:14:05 - [TEST_STEP][PASSED] - verifyTextPresent("Delhi", true): Text 'Delhi' is present on page  using regular expression

2022-05-16 12:14:06 - [MESSAGE][PASSED] - Text 'Delhi' is present on page  using regular expression

2022-05-16 12:14:06 - [TEST_STEP][PASSED] - verifyTextPresent("Chennai", true): Text 'Chennai' is present on page  using regular expression

2022-05-16 12:14:06 - [MESSAGE][PASSED] - Text 'Chennai' is present on page  using regular expression

2022-05-16 12:14:06 - [TEST_STEP][PASSED] - verifyTextPresent("Mumbai", true): Text 'Mumbai' is present on page  using regular expression

2022-05-16 12:14:06 - [MESSAGE][PASSED] - Text 'Mumbai' is present on page  using regular expression

2022-05-16 12:14:06 - [TEST_STEP][PASSED] - verifyTextPresent("Kanpur", true): Text 'Kanpur' is present on page  using regular expression

2022-05-16 12:14:07 - [MESSAGE][PASSED] - Text 'Kanpur' is present on page  using regular expression

2022-05-16 12:14:07 - [TEST_STEP][PASSED] - verifyTextPresent("Orange Recorded", true): Text 'Orange Recorded' is present on page  using regular expression

2022-05-16 12:14:07 - [MESSAGE][PASSED] - Text 'Orange Recorded' is present on page  using regular expression

2022-05-16 12:14:07 - [TEST_STEP][PASSED] - verifyTextPresent("Yellow Recorded", true): Text 'Yellow Recorded' is present on page  using regular expression

2022-05-16 12:14:07 - [MESSAGE][PASSED] - Text 'Yellow Recorded' is present on page  using regular expression

2022-05-16 12:14:07 - [TEST_STEP][PASSED] - verifyTextPresent("Kolkata", true): Text 'Kolkata' is present on page  using regular expression

2022-05-16 12:14:08 - [MESSAGE][PASSED] - Text 'Kolkata' is present on page  using regular expression

2022-05-16 12:14:08 - [TEST_STEP][PASSED] - verifyTextPresent("Pune", true): Text 'Pune' is present on page  using regular expression

2022-05-16 12:14:08 - [MESSAGE][PASSED] - Text 'Pune' is present on page  using regular expression

2022-05-16 12:14:08 - [TEST_STEP][PASSED] - verifyTextPresent("Bhavnagar", true): Text 'Bhavnagar' is present on page  using regular expression

2022-05-16 12:14:08 - [MESSAGE][PASSED] - Text 'Bhavnagar' is present on page  using regular expression

2022-05-16 12:14:08 - [TEST_STEP][PASSED] - verifyTextPresent("Noida", true): Text 'Noida' is present on page  using regular expression

2022-05-16 12:14:09 - [MESSAGE][PASSED] - Text 'Noida' is present on page  using regular expression

2022-05-16 12:14:09 - [TEST_STEP][PASSED] - verifyTextPresent("Amount", true): Text 'Amount' is present on page  using regular expression

2022-05-16 12:14:09 - [MESSAGE][PASSED] - Text 'Amount' is present on page  using regular expression

2022-05-16 12:14:09 - [TEST_STEP][PASSED] - verifyTextPresent("2.50", true): Text '2.50' is present on page  using regular expression

2022-05-16 12:14:09 - [MESSAGE][PASSED] - Text '2.50' is present on page  using regular expression

2022-05-16 12:14:09 - [TEST_STEP][PASSED] - verifyTextPresent("Transaction Type", true): Text 'Transaction Type' is present on page  using regular expression

2022-05-16 12:14:10 - [MESSAGE][PASSED] - Text 'Transaction Type' is present on page  using regular expression

2022-05-16 12:14:10 - [TEST_STEP][PASSED] - verifyTextPresent("Debit", true): Text 'Debit' is present on page  using regular expression

2022-05-16 12:14:10 - [MESSAGE][PASSED] - Text 'Debit' is present on page  using regular expression

2022-05-16 12:14:10 - [TEST_STEP][PASSED] - verifyTextPresent("Check Information", true): Text 'Check Information' is present on page  using regular expression

2022-05-16 12:14:10 - [MESSAGE][PASSED] - Text 'Check Information' is present on page  using regular expression

2022-05-16 12:14:10 - [TEST_STEP][PASSED] - verifyTextPresent("Account Type", true): Text 'Account Type' is present on page  using regular expression

2022-05-16 12:14:11 - [MESSAGE][PASSED] - Text 'Account Type' is present on page  using regular expression

2022-05-16 12:14:11 - [TEST_STEP][PASSED] - verifyTextPresent("Account Number", true): Text 'Account Number' is present on page  using regular expression

2022-05-16 12:14:11 - [MESSAGE][PASSED] - Text 'Account Number' is present on page  using regular expression

2022-05-16 12:14:11 - [TEST_STEP][PASSED] - verifyTextPresent("Routing Number", true): Text 'Routing Number' is present on page  using regular expression

2022-05-16 12:14:11 - [MESSAGE][PASSED] - Text 'Routing Number' is present on page  using regular expression

2022-05-16 12:14:11 - [TEST_STEP][PASSED] - verifyTextPresent("Address Line 1", true): Text 'Address Line 1' is present on page  using regular expression

2022-05-16 12:14:12 - [MESSAGE][PASSED] - Text 'Address Line 1' is present on page  using regular expression

2022-05-16 12:14:12 - [TEST_STEP][PASSED] - verifyTextPresent("Address Line 2", true): Text 'Address Line 2' is present on page  using regular expression

2022-05-16 12:14:12 - [MESSAGE][PASSED] - Text 'Address Line 2' is present on page  using regular expression

2022-05-16 12:14:12 - [TEST_STEP][PASSED] - verifyTextPresent("Country", true): Text 'Country' is present on page  using regular expression

2022-05-16 12:14:12 - [MESSAGE][PASSED] - Text 'Country' is present on page  using regular expression

2022-05-16 12:14:12 - [TEST_STEP][PASSED] - verifyTextPresent("City", true): Text 'City' is present on page  using regular expression

2022-05-16 12:14:13 - [MESSAGE][PASSED] - Text 'City' is present on page  using regular expression

2022-05-16 12:14:13 - [TEST_STEP][PASSED] - verifyTextPresent("State", true): Text 'State' is present on page  using regular expression

2022-05-16 12:14:13 - [MESSAGE][PASSED] - Text 'State' is present on page  using regular expression

2022-05-16 12:14:13 - [TEST_STEP][PASSED] - verifyTextPresent("ZIP Code", true): Text 'ZIP Code' is present on page  using regular expression

2022-05-16 12:14:13 - [MESSAGE][PASSED] - Text 'ZIP Code' is present on page  using regular expression

2022-05-16 12:14:13 - [TEST_STEP][PASSED] - verifyTextPresent("248 PhoolKaante road", true): Text '248 PhoolKaante road' is present on page  using regular expression

2022-05-16 12:14:14 - [MESSAGE][PASSED] - Text '248 PhoolKaante road' is present on page  using regular expression

2022-05-16 12:14:14 - [TEST_STEP][PASSED] - verifyTextPresent("Suite 678", true): Text 'Suite 678' is present on page  using regular expression

2022-05-16 12:14:14 - [MESSAGE][PASSED] - Text 'Suite 678' is present on page  using regular expression

2022-05-16 12:14:14 - [TEST_STEP][PASSED] - verifyTextPresent("United States", true): Text 'United States' is present on page  using regular expression

2022-05-16 12:14:14 - [MESSAGE][PASSED] - Text 'United States' is present on page  using regular expression

2022-05-16 12:14:14 - [TEST_STEP][PASSED] - verifyTextPresent("ARLINGTON", true): Text 'ARLINGTON' is present on page  using regular expression

2022-05-16 12:14:15 - [MESSAGE][PASSED] - Text 'ARLINGTON' is present on page  using regular expression

2022-05-16 12:14:15 - [TEST_STEP][PASSED] - verifyTextPresent("Virginia", true): Text 'Virginia' is present on page  using regular expression

2022-05-16 12:14:15 - [MESSAGE][PASSED] - Text 'Virginia' is present on page  using regular expression

2022-05-16 12:14:15 - [TEST_STEP][PASSED] - verifyTextPresent("22201", true): Text '22201' is present on page  using regular expression

2022-05-16 12:14:15 - [MESSAGE][PASSED] - Text '22201' is present on page  using regular expression

2022-05-16 12:14:15 - [TEST_STEP][PASSED] - tranType = findTestData(dataFile).getValue("TranType", row): null

2022-05-16 12:14:15 - [TEST_STEP][PASSED] - last4V = findTestData(dataFile).getValue("Last4", row): null

2022-05-16 12:14:15 - [TEST_STEP][PASSED] - verifyTextPresent(tranType, true): Text 'Checking' is present on page  using regular expression

2022-05-16 12:14:16 - [MESSAGE][PASSED] - Text 'Checking' is present on page  using regular expression

2022-05-16 12:14:16 - [TEST_STEP][PASSED] - verifyTextPresent(last4V, true): Text '4444' is present on page  using regular expression

2022-05-16 12:14:16 - [MESSAGE][PASSED] - Text '4444' is present on page  using regular expression

2022-05-16 12:14:16 - [TEST_STEP][PASSED] - if (profNameLink.equalsIgnoreCase("a_PaymentsPC")): null

2022-05-16 12:14:16 - [TEST_STEP][PASSED] - if (profNameLink.equalsIgnoreCase("a_PaymentsPS")): null

2022-05-16 12:14:16 - [TEST_STEP][PASSED] - if (profNameLink.equalsIgnoreCase("a_PaymentsCorp")): Text '123456789' is present on page  using regular expression

2022-05-16 12:14:16 - [TEST_STEP][PASSED] - verifyTextPresent("Employer Identification Number", true): Text 'Employer Identification Number' is present on page  using regular expression

2022-05-16 12:14:16 - [MESSAGE][PASSED] - Text 'Employer Identification Number' is present on page  using regular expression

2022-05-16 12:14:16 - [TEST_STEP][PASSED] - verifyTextPresent("EIN", true): Text 'EIN' is present on page  using regular expression

2022-05-16 12:14:17 - [MESSAGE][PASSED] - Text 'EIN' is present on page  using regular expression

2022-05-16 12:14:17 - [TEST_STEP][PASSED] - verifyTextPresent("123456789", true): Text '123456789' is present on page  using regular expression

2022-05-16 12:14:17 - [MESSAGE][PASSED] - Text '123456789' is present on page  using regular expression

2022-05-16 12:14:17 - [TEST_STEP][PASSED] - switch (appName): null

2022-05-16 12:14:17 - [TEST_STEP][PASSED] - case "a_Access AutoDualCFtpDemo":: null

2022-05-16 12:14:17 - [TEST_STEP][PASSED] - verifyTextPresent("5.00", true): Text '5.00' is present on page  using regular expression

2022-05-16 12:14:17 - [MESSAGE][PASSED] - Text '5.00' is present on page  using regular expression

2022-05-16 12:14:17 - [TEST_STEP][PASSED] - verifyTextPresent("Dual Transaction", true): Text 'Dual Transaction' is present on page  using regular expression

2022-05-16 12:14:18 - [MESSAGE][PASSED] - Text 'Dual Transaction' is present on page  using regular expression

2022-05-16 12:14:18 - [TEST_STEP][PASSED] - verifyTextPresent("7.50", true): Text '7.50' is present on page  using regular expression

2022-05-16 12:14:18 - [MESSAGE][PASSED] - Text '7.50' is present on page  using regular expression

2022-05-16 12:14:18 - [TEST_STEP][PASSED] - verifyTextPresent("Total Amount", true): Text 'Total Amount' is present on page  using regular expression

2022-05-16 12:14:18 - [MESSAGE][PASSED] - Text 'Total Amount' is present on page  using regular expression

2022-05-16 12:14:18 - [TEST_STEP][PASSED] - verifyTextPresent("Transaction Type", true): Text 'Transaction Type' is present on page  using regular expression

2022-05-16 12:14:19 - [MESSAGE][PASSED] - Text 'Transaction Type' is present on page  using regular expression

2022-05-16 12:14:19 - [TEST_STEP][PASSED] - break: null

2022-05-16 12:14:19 - [TEST_STEP][PASSED] - closeBrowser(): Browser is closed

2022-05-16 12:14:20 - [MESSAGE][PASSED] - Browser is closed]]></system-out>
         <system-err><![CDATA[2022-05-16 11:52:25 - [TEST_CASE][FAILED] - Test Cases/Admin Suite Bootstrap/VSP_Payments_TestCases/Debit_TP_AllCF_Generic_Payment_TC: Test Cases/Admin Suite Bootstrap/VSP_Payments_TestCases/Debit_TP_AllCF_Generic_Payment_TC FAILED.
Reason:
com.kms.katalon.core.exception.StepFailedException: No option matched.
	at com.kms.katalon.core.keyword.internal.KeywordMain.stepFailed(KeywordMain.groovy:39)
	at com.kms.katalon.core.keyword.internal.KeywordMain.stepFailed(KeywordMain.groovy)
	at com.kms.katalon.core.keyword.internal.KeywordMain.stepFailed(KeywordMain.groovy:23)
	at com.kms.katalon.core.webui.keyword.builtin.SelectOptionByValueKeyword$_selectOptionByValue_closure1.doCall(SelectOptionByValueKeyword.groovy:92)
	at com.kms.katalon.core.webui.keyword.builtin.SelectOptionByValueKeyword$_selectOptionByValue_closure1.call(SelectOptionByValueKeyword.groovy)
	at com.kms.katalon.core.webui.keyword.internal.WebUIKeywordMain.runKeyword(WebUIKeywordMain.groovy:20)
	at com.kms.katalon.core.webui.keyword.builtin.SelectOptionByValueKeyword.selectOptionByValue(SelectOptionByValueKeyword.groovy:99)
	at com.kms.katalon.core.webui.keyword.builtin.SelectOptionByValueKeyword.execute(SelectOptionByValueKeyword.groovy:71)
	at com.kms.katalon.core.keyword.internal.KeywordExecutor.executeKeywordForPlatform(KeywordExecutor.groovy:74)
	at com.kms.katalon.core.webui.keyword.WebUiBuiltInKeywords.selectOptionByValue(WebUiBuiltInKeywords.groovy:1168)
	at com.kms.katalon.core.webui.keyword.WebUiBuiltInKeywords$selectOptionByValue$5.call(Unknown Source)
	at vspBootstrap.ACHDebitPage.setDataACHDebit(ACHDebitPage.groovy:52)
	at vspBootstrap.ACHDebitPage.invokeMethod(ACHDebitPage.groovy)
	at com.kms.katalon.core.main.CustomKeywordDelegatingMetaClass.invokeStaticMethod(CustomKeywordDelegatingMetaClass.java:50)
	at Debit_TP_AllCF_Generic_Payment_TC.run(Debit_TP_AllCF_Generic_Payment_TC:129)
	at com.kms.katalon.core.main.ScriptEngine.run(ScriptEngine.java:194)
	at com.kms.katalon.core.main.ScriptEngine.runScriptAsRawText(ScriptEngine.java:119)
	at com.kms.katalon.core.main.TestCaseExecutor.runScript(TestCaseExecutor.java:442)
	at com.kms.katalon.core.main.TestCaseExecutor.doExecute(TestCaseExecutor.java:433)
	at com.kms.katalon.core.main.TestCaseExecutor.processExecutionPhase(TestCaseExecutor.java:412)
	at com.kms.katalon.core.main.TestCaseExecutor.accessMainPhase(TestCaseExecutor.java:404)
	at com.kms.katalon.core.main.TestCaseExecutor.execute(TestCaseExecutor.java:281)
	at com.kms.katalon.core.main.TestSuiteExecutor.accessTestCaseMainPhase(TestSuiteExecutor.java:202)
	at com.kms.katalon.core.main.TestSuiteExecutor.accessTestSuiteMainPhase(TestSuiteExecutor.java:164)
	at com.kms.katalon.core.main.TestSuiteExecutor.execute(TestSuiteExecutor.java:105)
	at com.kms.katalon.core.main.TestCaseMain.startTestSuite(TestCaseMain.java:185)
	at com.kms.katalon.core.main.TestCaseMain$startTestSuite$0.call(Unknown Source)
	at TempTestSuite1652714627233.run(TempTestSuite1652714627233.groovy:36)]]></system-err>
      </testcase>
      <system-out><![CDATA[2022-05-16 11:24:00 - [TEST_SUITE][FAILED] - VPS-Payments-TestSuite: Test Cases/Admin Suite Bootstrap/VSP_Payments_TestCases/Debit_TP_AllCF_Generic_Payment_TC FAILED.
Reason:
com.kms.katalon.core.exception.StepFailedException: No option matched.
	at com.kms.katalon.core.keyword.internal.KeywordMain.stepFailed(KeywordMain.groovy:39)
	at com.kms.katalon.core.keyword.internal.KeywordMain.stepFailed(KeywordMain.groovy)
	at com.kms.katalon.core.keyword.internal.KeywordMain.stepFailed(KeywordMain.groovy:23)
	at com.kms.katalon.core.webui.keyword.builtin.SelectOptionByValueKeyword$_selectOptionByValue_closure1.doCall(SelectOptionByValueKeyword.groovy:92)
	at com.kms.katalon.core.webui.keyword.builtin.SelectOptionByValueKeyword$_selectOptionByValue_closure1.call(SelectOptionByValueKeyword.groovy)
	at com.kms.katalon.core.webui.keyword.internal.WebUIKeywordMain.runKeyword(WebUIKeywordMain.groovy:20)
	at com.kms.katalon.core.webui.keyword.builtin.SelectOptionByValueKeyword.selectOptionByValue(SelectOptionByValueKeyword.groovy:99)
	at com.kms.katalon.core.webui.keyword.builtin.SelectOptionByValueKeyword.execute(SelectOptionByValueKeyword.groovy:71)
	at com.kms.katalon.core.keyword.internal.KeywordExecutor.executeKeywordForPlatform(KeywordExecutor.groovy:74)
	at com.kms.katalon.core.webui.keyword.WebUiBuiltInKeywords.selectOptionByValue(WebUiBuiltInKeywords.groovy:1168)
	at com.kms.katalon.core.webui.keyword.WebUiBuiltInKeywords$selectOptionByValue$5.call(Unknown Source)
	at vspBootstrap.ACHDebitPage.setDataACHDebit(ACHDebitPage.groovy:52)
	at vspBootstrap.ACHDebitPage.invokeMethod(ACHDebitPage.groovy)
	at com.kms.katalon.core.main.CustomKeywordDelegatingMetaClass.invokeStaticMethod(CustomKeywordDelegatingMetaClass.java:50)
	at Debit_TP_AllCF_Generic_Payment_TC.run(Debit_TP_AllCF_Generic_Payment_TC:129)
	at com.kms.katalon.core.main.ScriptEngine.run(ScriptEngine.java:194)
	at com.kms.katalon.core.main.ScriptEngine.runScriptAsRawText(ScriptEngine.java:119)
	at com.kms.katalon.core.main.TestCaseExecutor.runScript(TestCaseExecutor.java:442)
	at com.kms.katalon.core.main.TestCaseExecutor.doExecute(TestCaseExecutor.java:433)
	at com.kms.katalon.core.main.TestCaseExecutor.processExecutionPhase(TestCaseExecutor.java:412)
	at com.kms.katalon.core.main.TestCaseExecutor.accessMainPhase(TestCaseExecutor.java:404)
	at com.kms.katalon.core.main.TestCaseExecutor.execute(TestCaseExecutor.java:281)
	at com.kms.katalon.core.main.TestSuiteExecutor.accessTestCaseMainPhase(TestSuiteExecutor.java:202)
	at com.kms.katalon.core.main.TestSuiteExecutor.accessTestSuiteMainPhase(TestSuiteExecutor.java:164)
	at com.kms.katalon.core.main.TestSuiteExecutor.execute(TestSuiteExecutor.java:105)
	at com.kms.katalon.core.main.TestCaseMain.startTestSuite(TestCaseMain.java:185)
	at com.kms.katalon.core.main.TestCaseMain$startTestSuite$0.call(Unknown Source)
	at TempTestSuite1652714627233.run(TempTestSuite1652714627233.groovy:36)]]></system-out>
      <system-err><![CDATA[2022-05-16 11:24:00 - [TEST_SUITE][FAILED] - VPS-Payments-TestSuite: Test Cases/Admin Suite Bootstrap/VSP_Payments_TestCases/Debit_TP_AllCF_Generic_Payment_TC FAILED.
Reason:
com.kms.katalon.core.exception.StepFailedException: No option matched.
	at com.kms.katalon.core.keyword.internal.KeywordMain.stepFailed(KeywordMain.groovy:39)
	at com.kms.katalon.core.keyword.internal.KeywordMain.stepFailed(KeywordMain.groovy)
	at com.kms.katalon.core.keyword.internal.KeywordMain.stepFailed(KeywordMain.groovy:23)
	at com.kms.katalon.core.webui.keyword.builtin.SelectOptionByValueKeyword$_selectOptionByValue_closure1.doCall(SelectOptionByValueKeyword.groovy:92)
	at com.kms.katalon.core.webui.keyword.builtin.SelectOptionByValueKeyword$_selectOptionByValue_closure1.call(SelectOptionByValueKeyword.groovy)
	at com.kms.katalon.core.webui.keyword.internal.WebUIKeywordMain.runKeyword(WebUIKeywordMain.groovy:20)
	at com.kms.katalon.core.webui.keyword.builtin.SelectOptionByValueKeyword.selectOptionByValue(SelectOptionByValueKeyword.groovy:99)
	at com.kms.katalon.core.webui.keyword.builtin.SelectOptionByValueKeyword.execute(SelectOptionByValueKeyword.groovy:71)
	at com.kms.katalon.core.keyword.internal.KeywordExecutor.executeKeywordForPlatform(KeywordExecutor.groovy:74)
	at com.kms.katalon.core.webui.keyword.WebUiBuiltInKeywords.selectOptionByValue(WebUiBuiltInKeywords.groovy:1168)
	at com.kms.katalon.core.webui.keyword.WebUiBuiltInKeywords$selectOptionByValue$5.call(Unknown Source)
	at vspBootstrap.ACHDebitPage.setDataACHDebit(ACHDebitPage.groovy:52)
	at vspBootstrap.ACHDebitPage.invokeMethod(ACHDebitPage.groovy)
	at com.kms.katalon.core.main.CustomKeywordDelegatingMetaClass.invokeStaticMethod(CustomKeywordDelegatingMetaClass.java:50)
	at Debit_TP_AllCF_Generic_Payment_TC.run(Debit_TP_AllCF_Generic_Payment_TC:129)
	at com.kms.katalon.core.main.ScriptEngine.run(ScriptEngine.java:194)
	at com.kms.katalon.core.main.ScriptEngine.runScriptAsRawText(ScriptEngine.java:119)
	at com.kms.katalon.core.main.TestCaseExecutor.runScript(TestCaseExecutor.java:442)
	at com.kms.katalon.core.main.TestCaseExecutor.doExecute(TestCaseExecutor.java:433)
	at com.kms.katalon.core.main.TestCaseExecutor.processExecutionPhase(TestCaseExecutor.java:412)
	at com.kms.katalon.core.main.TestCaseExecutor.accessMainPhase(TestCaseExecutor.java:404)
	at com.kms.katalon.core.main.TestCaseExecutor.execute(TestCaseExecutor.java:281)
	at com.kms.katalon.core.main.TestSuiteExecutor.accessTestCaseMainPhase(TestSuiteExecutor.java:202)
	at com.kms.katalon.core.main.TestSuiteExecutor.accessTestSuiteMainPhase(TestSuiteExecutor.java:164)
	at com.kms.katalon.core.main.TestSuiteExecutor.execute(TestSuiteExecutor.java:105)
	at com.kms.katalon.core.main.TestCaseMain.startTestSuite(TestCaseMain.java:185)
	at com.kms.katalon.core.main.TestCaseMain$startTestSuite$0.call(Unknown Source)
	at TempTestSuite1652714627233.run(TempTestSuite1652714627233.groovy:36)]]></system-err>
   </testsuite>
</testsuites>
