<?xml version="1.0" encoding="UTF-8"?>
<testsuites name="Temp" time="293.366" tests="1" failures="0" errors="0">
   <testsuite name="Temp" tests="1" failures="0" errors="0" time="293.366" skipped="0" timestamp="2023-09-12 16:43:50" hostname="imtiaz - DESKTOP-B2QI6NS.govolution.com" id="Test Suites/Temp">
      <properties>
         <property name="deviceName" value=""/>
         <property name="devicePlatform" value=""/>
         <property name="logFolder" value="E:\\Cloned-Project-Katalon\\VPS-Katalon\\Reports\\20230912_164343\\Temp\\20230912_164343"/>
         <property name="logFiles" value="E:\\Cloned-Project-Katalon\\VPS-Katalon\\Reports\\20230912_164343\\Temp\\20230912_164343\\execution0.log"/>
         <property name="attachments" value=""/>
         <property name="hostName" value="imtiaz - DESKTOP-B2QI6NS.govolution.com"/>
         <property name="os" value="Windows 10 64bit"/>
         <property name="katalonVersion" value="8.6.6.208"/>
         <property name="browser" value="Chrome 116.0.0.0"/>
         <property name="hostAddress" value="172.31.253.139"/>
         <property name="sessionId" value="bd7f44f6244136cd540bbcb1a4ae619b"/>
         <property name="seleniumVersion" value="3.141.59"/>
         <property name="proxyInformation" value="ProxyInformation { proxyOption=NO_PROXY, proxyServerType=HTTP, username=, password=********, proxyServerAddress=, proxyServerPort=0, executionList=&quot;&quot;, isApplyToDesiredCapabilities=true }"/>
         <property name="platform" value="Windows 10"/>
      </properties>
      <testcase name="Test Cases/RAD_TestCases/BeforePayments_TestCases/Extension_BeforePayments_TC" time="292.932" classname="Test Cases/RAD_TestCases/BeforePayments_TestCases/Extension_BeforePayments_TC" status="PASSED">
         <system-out><![CDATA[2023-09-12 16:43:50 - [TEST_CASE][PASSED] - Test Cases/RAD_TestCases/BeforePayments_TestCases/Extension_BeforePayments_TC: Test Cases/RAD_TestCases/BeforePayments_TestCases/Extension_BeforePayments_TC

2023-09-12 16:43:51 - [TEST_STEP][PASSED] - resText = "Fail": null

2023-09-12 16:43:51 - [TEST_STEP][PASSED] - resColumn = "Result": null

2023-09-12 16:43:51 - [TEST_STEP][PASSED] - datCloumn = "Date": null

2023-09-12 16:43:51 - [TEST_STEP][PASSED] - fileLoc = "KatalonData/RADTestData/BeforePayments.xlsx": null

2023-09-12 16:43:51 - [TEST_STEP][PASSED] - nameSheet = "Extension": null

2023-09-12 16:43:51 - [TEST_STEP][PASSED] - dataFile = "RADTestData/BeforePayments_Extension": null

2023-09-12 16:43:51 - [TEST_STEP][PASSED] - orPath_Landing = "Object Repository/RAD_Pages/Landing_Page": null

2023-09-12 16:43:51 - [TEST_STEP][PASSED] - orPath_TaxTypeFilingYear = "Object Repository/RAD_Pages/TaxTypeFilingYear_Page": null

2023-09-12 16:43:51 - [TEST_STEP][PASSED] - orPath_Amount = "Object Repository/RAD_Pages/PaymentAmount_Page": null

2023-09-12 16:43:51 - [TEST_STEP][PASSED] - orPath_AddressContact = "Object Repository/RAD_Pages/AddressAndContactInfo_Page": null

2023-09-12 16:43:51 - [TEST_STEP][PASSED] - orPath_Summary = "Object Repository/RAD_Pages/Summary_Page": null

2023-09-12 16:43:51 - [TEST_STEP][PASSED] - orPath_PaymentConfirmation = "Object Repository/RAD_Pages/PaymentConfirmation_Page": null

2023-09-12 16:43:51 - [TEST_STEP][PASSED] - orPath_ServiceFeesAccept = "Object Repository/RAD_Pages/ServiceFeeAccept_Page": null

2023-09-12 16:43:51 - [TEST_STEP][PASSED] - orPath_PaymentEntry = "Object Repository/RAD_Pages/PaymentEntry_Page": null

2023-09-12 16:43:51 - [TEST_STEP][PASSED] - ExecuteTC = <not implemented yet for class: org.codehaus.groovy.ast.expr.EmptyExpression>: null

2023-09-12 16:43:51 - [TEST_STEP][PASSED] - TaxType = <not implemented yet for class: org.codehaus.groovy.ast.expr.EmptyExpression>: null

2023-09-12 16:43:51 - [TEST_STEP][PASSED] - PaymentType = <not implemented yet for class: org.codehaus.groovy.ast.expr.EmptyExpression>: null

2023-09-12 16:43:51 - [TEST_STEP][PASSED] - FilingYear = <not implemented yet for class: org.codehaus.groovy.ast.expr.EmptyExpression>: null

2023-09-12 16:43:51 - [TEST_STEP][PASSED] - PeriodEndingMonth = <not implemented yet for class: org.codehaus.groovy.ast.expr.EmptyExpression>: null

2023-09-12 16:43:51 - [TEST_STEP][PASSED] - numOfRows = findTestData(dataFile).getRowNumbers(): null

2023-09-12 16:43:51 - [TEST_STEP][PASSED] - println("Number of Records: " + numOfRows): null

2023-09-12 16:43:51 - [TEST_STEP][PASSED] - for ([row = 1, row <= numOfRows, (row++)]): Object 'Object Repository/RAD_Pages/ServiceFeeAccept_Page/input_convFeeNotifyAction' is present

2023-09-12 16:43:51 - [TEST_STEP][PASSED] - ExecuteTC = findTestData(dataFile).getValue("Execute", row): null

2023-09-12 16:43:52 - [TEST_STEP][PASSED] - TaxType = findTestData(dataFile).getValue("TaxType", row): null

2023-09-12 16:43:52 - [TEST_STEP][PASSED] - PaymentType = findTestData(dataFile).getValue("PaymentType", row): null

2023-09-12 16:43:52 - [TEST_STEP][PASSED] - FilingYear = findTestData(dataFile).getValue("Year", row): null

2023-09-12 16:43:52 - [TEST_STEP][PASSED] - PeriodEndingMonth = findTestData(dataFile).getValue("Month", row): null

2023-09-12 16:43:52 - [TEST_STEP][PASSED] - if (ExecuteTC.equalsIgnoreCase("Y")): Object 'Object Repository/RAD_Pages/ServiceFeeAccept_Page/input_convFeeNotifyAction' is present

2023-09-12 16:43:52 - [TEST_STEP][PASSED] - out.println("Begin Record Number: " + row): null

2023-09-12 16:43:52 - [TEST_STEP][PASSED] - today = new java.util.Date(): null

2023-09-12 16:43:52 - [TEST_STEP][PASSED] - println(today): null

2023-09-12 16:43:52 - [TEST_STEP][PASSED] - datText = today: null

2023-09-12 16:43:52 - [TEST_STEP][PASSED] - logInfo("Payment Type: Extension Payments"): Payment Type: Extension Payments

2023-09-12 16:43:52 - [MESSAGE][INFO] - Payment Type: Extension Payments

2023-09-12 16:43:52 - [TEST_STEP][PASSED] - logInfo("Tax Type: " + TaxType): Tax Type: Corporate Income Tax

2023-09-12 16:43:52 - [MESSAGE][INFO] - Tax Type: Corporate Income Tax

2023-09-12 16:43:52 - [TEST_STEP][PASSED] - openBrowser(""): Browser is opened with url: ''

2023-09-12 16:43:52 - [MESSAGE][INFO] - Starting 'Chrome' driver

2023-09-12 16:43:52 - [MESSAGE][INFO] - User set preference: ['acceptInsecureCerts', 'true']

2023-09-12 16:43:52 - [MESSAGE][INFO] - Action delay is set to 0 milliseconds

2023-09-12 16:43:55 - [MESSAGE][PASSED] - Browser is opened with url: ''

2023-09-12 16:43:55 - [TEST_STEP][PASSED] - maximizeWindow(): Current window maximized

2023-09-12 16:43:55 - [MESSAGE][PASSED] - Current window maximized

2023-09-12 16:43:55 - [TEST_STEP][PASSED] - navigateToUrl(RADurl): Navigate to 'https://demo.velocitypayment.com/client/rad/index.html' successfully

2023-09-12 16:43:57 - [MESSAGE][PASSED] - Navigate to 'https://demo.velocitypayment.com/client/rad/index.html' successfully

2023-09-12 16:43:57 - [TEST_STEP][PASSED] - selectOptionByLabel(findTestObject(orPath_Landing + "/dd_TaxType"), "Extension Payments", false): All options with label 'Extension Payments' are selected in object 'Object Repository/RAD_Pages/Landing_Page/dd_TaxType' 

2023-09-12 16:43:58 - [MESSAGE][PASSED] - All options with label 'Extension Payments' are selected in object 'Object Repository/RAD_Pages/Landing_Page/dd_TaxType' 

2023-09-12 16:43:58 - [TEST_STEP][PASSED] - selectOptionByLabel(findTestObject(orPath_TaxTypeFilingYear + "/select_PaymentType"), TaxType, false): All options with label 'Corporate Income Tax' are selected in object 'Object Repository/RAD_Pages/TaxTypeFilingYear_Page/select_PaymentType' 

2023-09-12 16:43:59 - [MESSAGE][PASSED] - All options with label 'Corporate Income Tax' are selected in object 'Object Repository/RAD_Pages/TaxTypeFilingYear_Page/select_PaymentType' 

2023-09-12 16:43:59 - [TEST_STEP][PASSED] - selectOptionByLabel(findTestObject(orPath_TaxTypeFilingYear + "/select_FilingYear"), FilingYear, false): All options with label '2022' are selected in object 'Object Repository/RAD_Pages/TaxTypeFilingYear_Page/select_FilingYear' 

2023-09-12 16:44:00 - [MESSAGE][PASSED] - All options with label '2022' are selected in object 'Object Repository/RAD_Pages/TaxTypeFilingYear_Page/select_FilingYear' 

2023-09-12 16:44:00 - [TEST_STEP][PASSED] - switch (TaxType): null

2023-09-12 16:44:00 - [TEST_STEP][PASSED] - case "Corporate Income Tax":: null

2023-09-12 16:44:00 - [TEST_STEP][PASSED] - selectOptionByLabel(findTestObject(orPath_TaxTypeFilingYear + "/select_PeriodEnding"), PeriodEndingMonth, false): All options with label 'September' are selected in object 'Object Repository/RAD_Pages/TaxTypeFilingYear_Page/select_PeriodEnding' 

2023-09-12 16:44:00 - [MESSAGE][PASSED] - All options with label 'September' are selected in object 'Object Repository/RAD_Pages/TaxTypeFilingYear_Page/select_PeriodEnding' 

2023-09-12 16:44:00 - [TEST_STEP][PASSED] - break: null

2023-09-12 16:44:00 - [TEST_STEP][PASSED] - rad.getSetDataRAD.setDataRADBusinessName(): rad.getSetDataRAD.setDataRADBusinessName is PASSED

2023-09-12 16:44:01 - [MESSAGE][PASSED] - Text 'My Company' is set on object 'Object Repository/RAD_Pages/Taxpayer_Page/input_businessName'

2023-09-12 16:44:01 - [MESSAGE][PASSED] - rad.getSetDataRAD.setDataRADBusinessName is PASSED

2023-09-12 16:44:01 - [TEST_STEP][PASSED] - rad.getSetDataRAD.setDataRADAddress(): rad.getSetDataRAD.setDataRADAddress is PASSED

2023-09-12 16:44:03 - [MESSAGE][PASSED] - All options with label 'United States' are selected in object 'Object Repository/RAD_Pages/AddressAndContactInfo_Page/select_Country' 

2023-09-12 16:44:04 - [MESSAGE][PASSED] - Text '2508 Mandan Terrace' is set on object 'Object Repository/RAD_Pages/AddressAndContactInfo_Page/input_streetAddress1'

2023-09-12 16:44:04 - [MESSAGE][PASSED] - Text '' is set on object 'Object Repository/RAD_Pages/AddressAndContactInfo_Page/input_streetAddress2'

2023-09-12 16:44:05 - [MESSAGE][PASSED] - Text 'Gambrills' is set on object 'Object Repository/RAD_Pages/AddressAndContactInfo_Page/input_city'

2023-09-12 16:44:06 - [MESSAGE][PASSED] - All options with label 'Maryland' are selected in object 'Object Repository/RAD_Pages/AddressAndContactInfo_Page/select_State' 

2023-09-12 16:44:07 - [MESSAGE][PASSED] - Text '21054' is set on object 'Object Repository/RAD_Pages/AddressAndContactInfo_Page/input_zipCode'

2023-09-12 16:44:08 - [MESSAGE][PASSED] - Text '(703) 894-5000' is set on object 'Object Repository/RAD_Pages/AddressAndContactInfo_Page/input_phoneNumber'

2023-09-12 16:44:09 - [MESSAGE][PASSED] - Text 'iahmed@govolution.com' is set on object 'Object Repository/RAD_Pages/AddressAndContactInfo_Page/input_eMailAddress'

2023-09-12 16:44:10 - [MESSAGE][PASSED] - Text 'iahmed@govolution.com' is set on object 'Object Repository/RAD_Pages/AddressAndContactInfo_Page/input_reEnterEMailAddress'

2023-09-12 16:44:10 - [MESSAGE][PASSED] - rad.getSetDataRAD.setDataRADAddress is PASSED

2023-09-12 16:44:10 - [TEST_STEP][PASSED] - rad.getSetDataRAD.setDataRADFEIN(): rad.getSetDataRAD.setDataRADFEIN is PASSED

2023-09-12 16:44:11 - [MESSAGE][PASSED] - Text ****** has been set on object 'Object Repository/RAD_Pages/TaxInfo_Page/input_FederalEIN'

2023-09-12 16:44:11 - [MESSAGE][PASSED] - Text ****** has been set on object 'Object Repository/RAD_Pages/TaxInfo_Page/input_FederalEIN_ReEnter'

2023-09-12 16:44:11 - [MESSAGE][PASSED] - rad.getSetDataRAD.setDataRADFEIN is PASSED

2023-09-12 16:44:11 - [TEST_STEP][PASSED] - setText(findTestObject(orPath_Amount + "/input__paymentAmount"), "100.00"): Text '100.00' is set on object 'Object Repository/RAD_Pages/PaymentAmount_Page/input__paymentAmount'

2023-09-12 16:44:12 - [MESSAGE][PASSED] - Text '100.00' is set on object 'Object Repository/RAD_Pages/PaymentAmount_Page/input__paymentAmount'

2023-09-12 16:44:12 - [TEST_STEP][PASSED] - setText(findTestObject(orPath_AddressContact + "/input_streetAddress2"), ""): Text '' is set on object 'Object Repository/RAD_Pages/AddressAndContactInfo_Page/input_streetAddress2'

2023-09-12 16:44:13 - [MESSAGE][PASSED] - Text '' is set on object 'Object Repository/RAD_Pages/AddressAndContactInfo_Page/input_streetAddress2'

2023-09-12 16:44:13 - [TEST_STEP][PASSED] - scrollToElement(findTestObject(orPath_Landing + "/button_Continue"), 3): Scroll to object 'Object Repository/RAD_Pages/Landing_Page/button_Continue' successfully

2023-09-12 16:44:14 - [MESSAGE][PASSED] - Scroll to object 'Object Repository/RAD_Pages/Landing_Page/button_Continue' successfully

2023-09-12 16:44:14 - [TEST_STEP][PASSED] - waitForElementClickable(findTestObject(orPath_Landing + "/button_Continue"), 5): Object 'Object Repository/RAD_Pages/Landing_Page/button_Continue' is clickable

2023-09-12 16:44:14 - [MESSAGE][PASSED] - Object 'Object Repository/RAD_Pages/Landing_Page/button_Continue' is clickable

2023-09-12 16:44:14 - [TEST_STEP][PASSED] - click(findTestObject(orPath_Landing + "/button_Continue")): Object: 'Object Repository/RAD_Pages/Landing_Page/button_Continue' is clicked on

2023-09-12 16:44:15 - [MESSAGE][PASSED] - Object: 'Object Repository/RAD_Pages/Landing_Page/button_Continue' is clicked on

2023-09-12 16:44:15 - [TEST_STEP][PASSED] - delay(2): Delayed 2 second(s)

2023-09-12 16:44:17 - [MESSAGE][PASSED] - Delayed 2 second(s)

2023-09-12 16:44:17 - [TEST_STEP][PASSED] - verifyTextPresent("Summary", true): Text 'Summary' is present on page  using regular expression

2023-09-12 16:44:17 - [MESSAGE][PASSED] - Text 'Summary' is present on page  using regular expression

2023-09-12 16:44:17 - [TEST_STEP][PASSED] - verifyTextPresent("Review the information below and make any necessary corrections by clicking the", true): Text 'Review the information below and make any necessary corrections by clicking the' is present on page  using regular expression

2023-09-12 16:44:17 - [MESSAGE][PASSED] - Text 'Review the information below and make any necessary corrections by clicking the' is present on page  using regular expression

2023-09-12 16:44:17 - [TEST_STEP][PASSED] - verifyTextPresent("When you are confident that all the information is correct, click the", true): Text 'When you are confident that all the information is correct, click the' is present on page  using regular expression

2023-09-12 16:44:18 - [MESSAGE][PASSED] - Text 'When you are confident that all the information is correct, click the' is present on page  using regular expression

2023-09-12 16:44:18 - [TEST_STEP][PASSED] - verifyTextPresent("Payment Type/Filing Year", true): Text 'Payment Type/Filing Year' is present on page  using regular expression

2023-09-12 16:44:18 - [MESSAGE][PASSED] - Text 'Payment Type/Filing Year' is present on page  using regular expression

2023-09-12 16:44:18 - [TEST_STEP][PASSED] - verifyTextPresent("Payment Type:", true): Text 'Payment Type:' is present on page  using regular expression

2023-09-12 16:44:19 - [MESSAGE][PASSED] - Text 'Payment Type:' is present on page  using regular expression

2023-09-12 16:44:19 - [TEST_STEP][PASSED] - verifyTextPresent("Extension Payments", true): Text 'Extension Payments' is present on page  using regular expression

2023-09-12 16:44:19 - [MESSAGE][PASSED] - Text 'Extension Payments' is present on page  using regular expression

2023-09-12 16:44:19 - [TEST_STEP][PASSED] - verifyTextPresent("Filing Year:", true): Text 'Filing Year:' is present on page  using regular expression

2023-09-12 16:44:19 - [MESSAGE][PASSED] - Text 'Filing Year:' is present on page  using regular expression

2023-09-12 16:44:19 - [TEST_STEP][PASSED] - verifyTextPresent(FilingYear, true): Text '2022' is present on page  using regular expression

2023-09-12 16:44:20 - [MESSAGE][PASSED] - Text '2022' is present on page  using regular expression

2023-09-12 16:44:20 - [TEST_STEP][PASSED] - switch (TaxType): null

2023-09-12 16:44:20 - [TEST_STEP][PASSED] - case "Corporate Income Tax":: null

2023-09-12 16:44:20 - [TEST_STEP][PASSED] - verifyTextPresent("Period Ending:", true): Text 'Period Ending:' is present on page  using regular expression

2023-09-12 16:44:20 - [MESSAGE][PASSED] - Text 'Period Ending:' is present on page  using regular expression

2023-09-12 16:44:20 - [TEST_STEP][PASSED] - verifyTextPresent(PeriodEndingMonth, true): Text 'September' is present on page  using regular expression

2023-09-12 16:44:21 - [MESSAGE][PASSED] - Text 'September' is present on page  using regular expression

2023-09-12 16:44:21 - [TEST_STEP][PASSED] - break: null

2023-09-12 16:44:21 - [TEST_STEP][PASSED] - verifyTextPresent("Payer Information", true): Text 'Payer Information' is present on page  using regular expression

2023-09-12 16:44:21 - [MESSAGE][PASSED] - Text 'Payer Information' is present on page  using regular expression

2023-09-12 16:44:21 - [TEST_STEP][PASSED] - verifyTextPresent("Taxpayer Name:", true): Text 'Taxpayer Name:' is present on page  using regular expression

2023-09-12 16:44:21 - [MESSAGE][PASSED] - Text 'Taxpayer Name:' is present on page  using regular expression

2023-09-12 16:44:21 - [TEST_STEP][PASSED] - verifyTextPresent("My Company", true): Text 'My Company' is present on page  using regular expression

2023-09-12 16:44:22 - [MESSAGE][PASSED] - Text 'My Company' is present on page  using regular expression

2023-09-12 16:44:22 - [TEST_STEP][PASSED] - verifyTextPresent("Taxpayer Address:", true): Text 'Taxpayer Address:' is present on page  using regular expression

2023-09-12 16:44:22 - [MESSAGE][PASSED] - Text 'Taxpayer Address:' is present on page  using regular expression

2023-09-12 16:44:22 - [TEST_STEP][PASSED] - verifyTextPresent("2508 Mandan Terrace Gambrills Maryland 21054", true): Text '2508 Mandan Terrace Gambrills Maryland 21054' is present on page  using regular expression

2023-09-12 16:44:22 - [MESSAGE][PASSED] - Text '2508 Mandan Terrace Gambrills Maryland 21054' is present on page  using regular expression

2023-09-12 16:44:22 - [TEST_STEP][PASSED] - verifyTextPresent("Email:", true): Text 'Email:' is present on page  using regular expression

2023-09-12 16:44:23 - [MESSAGE][PASSED] - Text 'Email:' is present on page  using regular expression

2023-09-12 16:44:23 - [TEST_STEP][PASSED] - verifyTextPresent("iahmed@govolution.com", true): Text 'iahmed@govolution.com' is present on page  using regular expression

2023-09-12 16:44:23 - [MESSAGE][PASSED] - Text 'iahmed@govolution.com' is present on page  using regular expression

2023-09-12 16:44:23 - [TEST_STEP][PASSED] - verifyTextPresent("Phone:", true): Text 'Phone:' is present on page  using regular expression

2023-09-12 16:44:24 - [MESSAGE][PASSED] - Text 'Phone:' is present on page  using regular expression

2023-09-12 16:44:24 - [TEST_STEP][PASSED] - verifyTextPresent("(703) 894-5000", false): Text '(703) 894-5000' is present on page 

2023-09-12 16:44:24 - [MESSAGE][PASSED] - Text '(703) 894-5000' is present on page 

2023-09-12 16:44:24 - [TEST_STEP][PASSED] - verifyTextPresent("Tax Information", true): Text 'Tax Information' is present on page  using regular expression

2023-09-12 16:44:24 - [MESSAGE][PASSED] - Text 'Tax Information' is present on page  using regular expression

2023-09-12 16:44:24 - [TEST_STEP][PASSED] - verifyTextPresent("Federal EIN:", true): Text 'Federal EIN:' is present on page  using regular expression

2023-09-12 16:44:25 - [MESSAGE][PASSED] - Text 'Federal EIN:' is present on page  using regular expression

2023-09-12 16:44:25 - [TEST_STEP][PASSED] - verifyTextPresent("Payment Amount:", true): Text 'Payment Amount:' is present on page  using regular expression

2023-09-12 16:44:25 - [MESSAGE][PASSED] - Text 'Payment Amount:' is present on page  using regular expression

2023-09-12 16:44:25 - [TEST_STEP][PASSED] - verifyTextPresent("100.00", true): Text '100.00' is present on page  using regular expression

2023-09-12 16:44:25 - [MESSAGE][PASSED] - Text '100.00' is present on page  using regular expression

2023-09-12 16:44:25 - [TEST_STEP][PASSED] - click(findTestObject(orPath_Summary + "/button_Proceed to Payment")): Object: 'Object Repository/RAD_Pages/Summary_Page/button_Proceed to Payment' is clicked on

2023-09-12 16:44:27 - [MESSAGE][PASSED] - Object: 'Object Repository/RAD_Pages/Summary_Page/button_Proceed to Payment' is clicked on

2023-09-12 16:44:27 - [TEST_STEP][PASSED] - verifyTextPresent("Comptroller of Maryland", true): Text 'Comptroller of Maryland' is present on page  using regular expression

2023-09-12 16:44:27 - [MESSAGE][PASSED] - Text 'Comptroller of Maryland' is present on page  using regular expression

2023-09-12 16:44:27 - [TEST_STEP][PASSED] - verifyTextPresent("Revenue Administration Division", true): Text 'Revenue Administration Division' is present on page  using regular expression

2023-09-12 16:44:28 - [MESSAGE][PASSED] - Text 'Revenue Administration Division' is present on page  using regular expression

2023-09-12 16:44:28 - [TEST_STEP][PASSED] - verifyTextPresent("Payment Information", true): Text 'Payment Information' is present on page  using regular expression

2023-09-12 16:44:28 - [MESSAGE][PASSED] - Text 'Payment Information' is present on page  using regular expression

2023-09-12 16:44:28 - [TEST_STEP][PASSED] - card_Name = getAttribute(findTestObject("Object Repository/RAD_Pages/PaymentEntry_Page/input__billingName"), "value"): Attribute 'value' of object 'Object Repository/RAD_Pages/PaymentEntry_Page/input__billingName' is: ''

2023-09-12 16:44:28 - [MESSAGE][PASSED] - Attribute 'value' of object 'Object Repository/RAD_Pages/PaymentEntry_Page/input__billingName' is: ''

2023-09-12 16:44:28 - [TEST_STEP][PASSED] - verifyMatch("", card_Name, false): Actual text '' and expected text '' are matched 

2023-09-12 16:44:28 - [MESSAGE][PASSED] - Actual text '' and expected text '' are matched 

2023-09-12 16:44:28 - [TEST_STEP][PASSED] - AL1 = getAttribute(findTestObject("Object Repository/RAD_Pages/PaymentEntry_Page/input_billingAddress"), "value"): Attribute 'value' of object 'Object Repository/RAD_Pages/PaymentEntry_Page/input_billingAddress' is: '2508 Mandan Terrace'

2023-09-12 16:44:29 - [MESSAGE][PASSED] - Attribute 'value' of object 'Object Repository/RAD_Pages/PaymentEntry_Page/input_billingAddress' is: '2508 Mandan Terrace'

2023-09-12 16:44:29 - [TEST_STEP][PASSED] - verifyMatch("2508 Mandan Terrace", AL1, false): Actual text '2508 Mandan Terrace' and expected text '2508 Mandan Terrace' are matched 

2023-09-12 16:44:29 - [MESSAGE][PASSED] - Actual text '2508 Mandan Terrace' and expected text '2508 Mandan Terrace' are matched 

2023-09-12 16:44:29 - [TEST_STEP][PASSED] - AL2 = getAttribute(findTestObject("Object Repository/RAD_Pages/PaymentEntry_Page/input_billingAddress2"), "value"): Attribute 'value' of object 'Object Repository/RAD_Pages/PaymentEntry_Page/input_billingAddress2' is: ''

2023-09-12 16:44:29 - [MESSAGE][PASSED] - Attribute 'value' of object 'Object Repository/RAD_Pages/PaymentEntry_Page/input_billingAddress2' is: ''

2023-09-12 16:44:29 - [TEST_STEP][PASSED] - verifyMatch("", AL2, false): Actual text '' and expected text '' are matched 

2023-09-12 16:44:29 - [MESSAGE][PASSED] - Actual text '' and expected text '' are matched 

2023-09-12 16:44:29 - [TEST_STEP][PASSED] - zipCode = getAttribute(findTestObject("Object Repository/RAD_Pages/PaymentEntry_Page/input_billingZip"), "value"): Attribute 'value' of object 'Object Repository/RAD_Pages/PaymentEntry_Page/input_billingZip' is: '21054'

2023-09-12 16:44:29 - [MESSAGE][PASSED] - Attribute 'value' of object 'Object Repository/RAD_Pages/PaymentEntry_Page/input_billingZip' is: '21054'

2023-09-12 16:44:29 - [TEST_STEP][PASSED] - verifyMatch("21054", zipCode, false): Actual text '21054' and expected text '21054' are matched 

2023-09-12 16:44:29 - [MESSAGE][PASSED] - Actual text '21054' and expected text '21054' are matched 

2023-09-12 16:44:29 - [TEST_STEP][PASSED] - city = getAttribute(findTestObject("Object Repository/RAD_Pages/PaymentEntry_Page/input_billingCity"), "value"): Attribute 'value' of object 'Object Repository/RAD_Pages/PaymentEntry_Page/input_billingCity' is: 'GAMBRILLS'

2023-09-12 16:44:30 - [MESSAGE][PASSED] - Attribute 'value' of object 'Object Repository/RAD_Pages/PaymentEntry_Page/input_billingCity' is: 'GAMBRILLS'

2023-09-12 16:44:30 - [TEST_STEP][PASSED] - verifyMatch("GAMBRILLS", city, false): Actual text 'GAMBRILLS' and expected text 'GAMBRILLS' are matched 

2023-09-12 16:44:30 - [MESSAGE][PASSED] - Actual text 'GAMBRILLS' and expected text 'GAMBRILLS' are matched 

2023-09-12 16:44:30 - [TEST_STEP][PASSED] - email = getAttribute(findTestObject("Object Repository/RAD_Pages/PaymentEntry_Page/input_emailAddress"), "value"): Attribute 'value' of object 'Object Repository/RAD_Pages/PaymentEntry_Page/input_emailAddress' is: 'iahmed@govolution.com'

2023-09-12 16:44:30 - [MESSAGE][PASSED] - Attribute 'value' of object 'Object Repository/RAD_Pages/PaymentEntry_Page/input_emailAddress' is: 'iahmed@govolution.com'

2023-09-12 16:44:30 - [TEST_STEP][PASSED] - verifyMatch("iahmed@govolution.com", email, false): Actual text 'iahmed@govolution.com' and expected text 'iahmed@govolution.com' are matched 

2023-09-12 16:44:30 - [MESSAGE][PASSED] - Actual text 'iahmed@govolution.com' and expected text 'iahmed@govolution.com' are matched 

2023-09-12 16:44:30 - [TEST_STEP][PASSED] - amount = getAttribute(findTestObject("Object Repository/RAD_Pages/PaymentEntry_Page/input_amount"), "value"): Attribute 'value' of object 'Object Repository/RAD_Pages/PaymentEntry_Page/input_amount' is: '100.00'

2023-09-12 16:44:30 - [MESSAGE][PASSED] - Attribute 'value' of object 'Object Repository/RAD_Pages/PaymentEntry_Page/input_amount' is: '100.00'

2023-09-12 16:44:30 - [TEST_STEP][PASSED] - verifyMatch("100.00", amount, false): Actual text '100.00' and expected text '100.00' are matched 

2023-09-12 16:44:30 - [MESSAGE][PASSED] - Actual text '100.00' and expected text '100.00' are matched 

2023-09-12 16:44:30 - [TEST_STEP][PASSED] - amountReadOnly = getAttribute(findTestObject("Object Repository/RAD_Pages/PaymentEntry_Page/input_amount"), "readonly"): Attribute 'readonly' of object 'Object Repository/RAD_Pages/PaymentEntry_Page/input_amount' is: 'true'

2023-09-12 16:44:31 - [MESSAGE][PASSED] - Attribute 'readonly' of object 'Object Repository/RAD_Pages/PaymentEntry_Page/input_amount' is: 'true'

2023-09-12 16:44:31 - [TEST_STEP][PASSED] - verifyMatch("true", amountReadOnly, false): Actual text 'true' and expected text 'true' are matched 

2023-09-12 16:44:31 - [MESSAGE][PASSED] - Actual text 'true' and expected text 'true' are matched 

2023-09-12 16:44:31 - [TEST_STEP][PASSED] - verifyOptionSelectedByLabel(findTestObject("Object Repository/RAD_Pages/PaymentEntry_Page/select_Country"), "United States", false, 20): All options with label 'United States' are selected in object 'Object Repository/RAD_Pages/PaymentEntry_Page/select_Country' 

2023-09-12 16:44:32 - [MESSAGE][PASSED] - All options with label 'United States' are selected in object 'Object Repository/RAD_Pages/PaymentEntry_Page/select_Country' 

2023-09-12 16:44:32 - [TEST_STEP][PASSED] - verifyOptionSelectedByLabel(findTestObject("Object Repository/RAD_Pages/PaymentEntry_Page/select_State"), "Maryland", false, 20): All options with label 'Maryland' are selected in object 'Object Repository/RAD_Pages/PaymentEntry_Page/select_State' 

2023-09-12 16:44:35 - [MESSAGE][PASSED] - All options with label 'Maryland' are selected in object 'Object Repository/RAD_Pages/PaymentEntry_Page/select_State' 

2023-09-12 16:44:35 - [TEST_STEP][PASSED] - setText(findTestObject("Object Repository/RAD_Pages/PaymentEntry_Page/input__billingName"), "Anthony Gonzalez"): Text 'Anthony Gonzalez' is set on object 'Object Repository/RAD_Pages/PaymentEntry_Page/input__billingName'

2023-09-12 16:44:35 - [MESSAGE][PASSED] - Text 'Anthony Gonzalez' is set on object 'Object Repository/RAD_Pages/PaymentEntry_Page/input__billingName'

2023-09-12 16:44:35 - [TEST_STEP][PASSED] - setText(findTestObject(orPath_PaymentEntry + "/input__cardNumber"), "4111111111111111"): Text '4111111111111111' is set on object 'Object Repository/RAD_Pages/PaymentEntry_Page/input__cardNumber'

2023-09-12 16:44:36 - [MESSAGE][PASSED] - Text '4111111111111111' is set on object 'Object Repository/RAD_Pages/PaymentEntry_Page/input__cardNumber'

2023-09-12 16:44:36 - [TEST_STEP][PASSED] - setText(findTestObject(orPath_PaymentEntry + "/input__spc"), "123"): Text '123' is set on object 'Object Repository/RAD_Pages/PaymentEntry_Page/input__spc'

2023-09-12 16:44:37 - [MESSAGE][PASSED] - Text '123' is set on object 'Object Repository/RAD_Pages/PaymentEntry_Page/input__spc'

2023-09-12 16:44:37 - [TEST_STEP][PASSED] - selectOptionByLabel(findTestObject(orPath_PaymentEntry + "/select_MM"), "12", false): All options with label '12' are selected in object 'Object Repository/RAD_Pages/PaymentEntry_Page/select_MM' 

2023-09-12 16:44:38 - [MESSAGE][PASSED] - All options with label '12' are selected in object 'Object Repository/RAD_Pages/PaymentEntry_Page/select_MM' 

2023-09-12 16:44:38 - [TEST_STEP][PASSED] - selectOptionByLabel(findTestObject(orPath_PaymentEntry + "/select_YYYY"), "2028", false): All options with label '2028' are selected in object 'Object Repository/RAD_Pages/PaymentEntry_Page/select_YYYY' 

2023-09-12 16:44:38 - [MESSAGE][PASSED] - All options with label '2028' are selected in object 'Object Repository/RAD_Pages/PaymentEntry_Page/select_YYYY' 

2023-09-12 16:44:38 - [TEST_STEP][PASSED] - click(findTestObject(orPath_PaymentEntry + "/input_Field_ccSubmit")): Object: 'Object Repository/RAD_Pages/PaymentEntry_Page/input_Field_ccSubmit' is clicked on

2023-09-12 16:44:39 - [MESSAGE][PASSED] - Object: 'Object Repository/RAD_Pages/PaymentEntry_Page/input_Field_ccSubmit' is clicked on

2023-09-12 16:44:39 - [TEST_STEP][PASSED] - click(findTestObject(orPath_PaymentConfirmation + "/input_N_confirmNotifyAction")): Object: 'Object Repository/RAD_Pages/PaymentConfirmation_Page/input_N_confirmNotifyAction' is clicked on

2023-09-12 16:44:40 - [MESSAGE][PASSED] - Object: 'Object Repository/RAD_Pages/PaymentConfirmation_Page/input_N_confirmNotifyAction' is clicked on

2023-09-12 16:44:40 - [TEST_STEP][PASSED] - verifyTextPresent("Service Fee Acceptance", true): Text 'Service Fee Acceptance' is present on page  using regular expression

2023-09-12 16:44:41 - [MESSAGE][PASSED] - Text 'Service Fee Acceptance' is present on page  using regular expression

2023-09-12 16:44:41 - [TEST_STEP][PASSED] - verifyTextPresent("This transaction is subject to a Service Fee of ", true): Text 'This transaction is subject to a Service Fee of ' is present on page  using regular expression

2023-09-12 16:44:41 - [MESSAGE][PASSED] - Text 'This transaction is subject to a Service Fee of ' is present on page  using regular expression

2023-09-12 16:44:41 - [TEST_STEP][PASSED] - verifyTextPresent("Payment Amount:", true): Text 'Payment Amount:' is present on page  using regular expression

2023-09-12 16:44:41 - [MESSAGE][PASSED] - Text 'Payment Amount:' is present on page  using regular expression

2023-09-12 16:44:41 - [TEST_STEP][PASSED] - verifyTextPresent("100.00", true): Text '100.00' is present on page  using regular expression

2023-09-12 16:44:42 - [MESSAGE][PASSED] - Text '100.00' is present on page  using regular expression

2023-09-12 16:44:42 - [TEST_STEP][PASSED] - verifyTextPresent("Service Fee:", true): Text 'Service Fee:' is present on page  using regular expression

2023-09-12 16:44:42 - [MESSAGE][PASSED] - Text 'Service Fee:' is present on page  using regular expression

2023-09-12 16:44:42 - [TEST_STEP][PASSED] - verifyTextPresent("2.45", true): Text '2.45' is present on page  using regular expression

2023-09-12 16:44:42 - [MESSAGE][PASSED] - Text '2.45' is present on page  using regular expression

2023-09-12 16:44:42 - [TEST_STEP][PASSED] - verifyTextPresent("Total Amount:", true): Text 'Total Amount:' is present on page  using regular expression

2023-09-12 16:44:42 - [MESSAGE][PASSED] - Text 'Total Amount:' is present on page  using regular expression

2023-09-12 16:44:42 - [TEST_STEP][PASSED] - verifyTextPresent("102.45", true): Text '102.45' is present on page  using regular expression

2023-09-12 16:44:43 - [MESSAGE][PASSED] - Text '102.45' is present on page  using regular expression

2023-09-12 16:44:43 - [TEST_STEP][PASSED] - verifyTextPresent("Two transactions will appear on your bank statement, one in the amount of", true): Text 'Two transactions will appear on your bank statement, one in the amount of' is present on page  using regular expression

2023-09-12 16:44:43 - [MESSAGE][PASSED] - Text 'Two transactions will appear on your bank statement, one in the amount of' is present on page  using regular expression

2023-09-12 16:44:43 - [TEST_STEP][PASSED] - verifyElementPresent(findTestObject(orPath_ServiceFeesAccept + "/input_convFeeNotifyAction"), 30): Object 'Object Repository/RAD_Pages/ServiceFeeAccept_Page/input_convFeeNotifyAction' is present

2023-09-12 16:44:43 - [MESSAGE][PASSED] - Object 'Object Repository/RAD_Pages/ServiceFeeAccept_Page/input_convFeeNotifyAction' is present

2023-09-12 16:44:43 - [TEST_STEP][PASSED] - ExecuteTC = findTestData(dataFile).getValue("Execute", row): null

2023-09-12 16:44:43 - [TEST_STEP][PASSED] - TaxType = findTestData(dataFile).getValue("TaxType", row): null

2023-09-12 16:44:44 - [TEST_STEP][PASSED] - PaymentType = findTestData(dataFile).getValue("PaymentType", row): null

2023-09-12 16:44:44 - [TEST_STEP][PASSED] - FilingYear = findTestData(dataFile).getValue("Year", row): null

2023-09-12 16:44:44 - [TEST_STEP][PASSED] - PeriodEndingMonth = findTestData(dataFile).getValue("Month", row): null

2023-09-12 16:44:44 - [TEST_STEP][PASSED] - if (ExecuteTC.equalsIgnoreCase("Y")): Object 'Object Repository/RAD_Pages/ServiceFeeAccept_Page/input_convFeeNotifyAction' is present

2023-09-12 16:44:44 - [TEST_STEP][PASSED] - out.println("Begin Record Number: " + row): null

2023-09-12 16:44:44 - [TEST_STEP][PASSED] - today = new java.util.Date(): null

2023-09-12 16:44:44 - [TEST_STEP][PASSED] - println(today): null

2023-09-12 16:44:44 - [TEST_STEP][PASSED] - datText = today: null

2023-09-12 16:44:44 - [TEST_STEP][PASSED] - logInfo("Payment Type: Extension Payments"): Payment Type: Extension Payments

2023-09-12 16:44:44 - [MESSAGE][INFO] - Payment Type: Extension Payments

2023-09-12 16:44:44 - [TEST_STEP][PASSED] - logInfo("Tax Type: " + TaxType): Tax Type: Fiduciary Tax

2023-09-12 16:44:44 - [MESSAGE][INFO] - Tax Type: Fiduciary Tax

2023-09-12 16:44:44 - [TEST_STEP][PASSED] - openBrowser(""): Browser is opened with url: ''

2023-09-12 16:44:44 - [MESSAGE][WARNING] - A browser is already opened. Closing browser and opening a new one

2023-09-12 16:44:45 - [MESSAGE][INFO] - Starting 'Chrome' driver

2023-09-12 16:44:45 - [MESSAGE][INFO] - User set preference: ['acceptInsecureCerts', 'true']

2023-09-12 16:44:45 - [MESSAGE][INFO] - Action delay is set to 0 milliseconds

2023-09-12 16:44:46 - [MESSAGE][PASSED] - Browser is opened with url: ''

2023-09-12 16:44:46 - [TEST_STEP][PASSED] - maximizeWindow(): Current window maximized

2023-09-12 16:44:46 - [MESSAGE][PASSED] - Current window maximized

2023-09-12 16:44:46 - [TEST_STEP][PASSED] - navigateToUrl(RADurl): Navigate to 'https://demo.velocitypayment.com/client/rad/index.html' successfully

2023-09-12 16:44:48 - [MESSAGE][PASSED] - Navigate to 'https://demo.velocitypayment.com/client/rad/index.html' successfully

2023-09-12 16:44:48 - [TEST_STEP][PASSED] - selectOptionByLabel(findTestObject(orPath_Landing + "/dd_TaxType"), "Extension Payments", false): All options with label 'Extension Payments' are selected in object 'Object Repository/RAD_Pages/Landing_Page/dd_TaxType' 

2023-09-12 16:44:49 - [MESSAGE][PASSED] - All options with label 'Extension Payments' are selected in object 'Object Repository/RAD_Pages/Landing_Page/dd_TaxType' 

2023-09-12 16:44:49 - [TEST_STEP][PASSED] - selectOptionByLabel(findTestObject(orPath_TaxTypeFilingYear + "/select_PaymentType"), TaxType, false): All options with label 'Fiduciary Tax' are selected in object 'Object Repository/RAD_Pages/TaxTypeFilingYear_Page/select_PaymentType' 

2023-09-12 16:44:49 - [MESSAGE][PASSED] - All options with label 'Fiduciary Tax' are selected in object 'Object Repository/RAD_Pages/TaxTypeFilingYear_Page/select_PaymentType' 

2023-09-12 16:44:49 - [TEST_STEP][PASSED] - selectOptionByLabel(findTestObject(orPath_TaxTypeFilingYear + "/select_FilingYear"), FilingYear, false): All options with label '2022' are selected in object 'Object Repository/RAD_Pages/TaxTypeFilingYear_Page/select_FilingYear' 

2023-09-12 16:44:50 - [MESSAGE][PASSED] - All options with label '2022' are selected in object 'Object Repository/RAD_Pages/TaxTypeFilingYear_Page/select_FilingYear' 

2023-09-12 16:44:50 - [TEST_STEP][PASSED] - switch (TaxType): null

2023-09-12 16:44:50 - [TEST_STEP][PASSED] - rad.getSetDataRAD.setDataRADBusinessName(): rad.getSetDataRAD.setDataRADBusinessName is PASSED

2023-09-12 16:44:51 - [MESSAGE][PASSED] - Text 'My Company' is set on object 'Object Repository/RAD_Pages/Taxpayer_Page/input_businessName'

2023-09-12 16:44:51 - [MESSAGE][PASSED] - rad.getSetDataRAD.setDataRADBusinessName is PASSED

2023-09-12 16:44:51 - [TEST_STEP][PASSED] - rad.getSetDataRAD.setDataRADAddress(): rad.getSetDataRAD.setDataRADAddress is PASSED

2023-09-12 16:44:52 - [MESSAGE][PASSED] - All options with label 'United States' are selected in object 'Object Repository/RAD_Pages/AddressAndContactInfo_Page/select_Country' 

2023-09-12 16:44:53 - [MESSAGE][PASSED] - Text '2508 Mandan Terrace' is set on object 'Object Repository/RAD_Pages/AddressAndContactInfo_Page/input_streetAddress1'

2023-09-12 16:44:54 - [MESSAGE][PASSED] - Text '' is set on object 'Object Repository/RAD_Pages/AddressAndContactInfo_Page/input_streetAddress2'

2023-09-12 16:44:55 - [MESSAGE][PASSED] - Text 'Gambrills' is set on object 'Object Repository/RAD_Pages/AddressAndContactInfo_Page/input_city'

2023-09-12 16:44:56 - [MESSAGE][PASSED] - All options with label 'Maryland' are selected in object 'Object Repository/RAD_Pages/AddressAndContactInfo_Page/select_State' 

2023-09-12 16:44:57 - [MESSAGE][PASSED] - Text '21054' is set on object 'Object Repository/RAD_Pages/AddressAndContactInfo_Page/input_zipCode'

2023-09-12 16:44:57 - [MESSAGE][PASSED] - Text '(703) 894-5000' is set on object 'Object Repository/RAD_Pages/AddressAndContactInfo_Page/input_phoneNumber'

2023-09-12 16:44:58 - [MESSAGE][PASSED] - Text 'iahmed@govolution.com' is set on object 'Object Repository/RAD_Pages/AddressAndContactInfo_Page/input_eMailAddress'

2023-09-12 16:44:59 - [MESSAGE][PASSED] - Text 'iahmed@govolution.com' is set on object 'Object Repository/RAD_Pages/AddressAndContactInfo_Page/input_reEnterEMailAddress'

2023-09-12 16:44:59 - [MESSAGE][PASSED] - rad.getSetDataRAD.setDataRADAddress is PASSED

2023-09-12 16:44:59 - [TEST_STEP][PASSED] - rad.getSetDataRAD.setDataRADFEIN(): rad.getSetDataRAD.setDataRADFEIN is PASSED

2023-09-12 16:45:00 - [MESSAGE][PASSED] - Text ****** has been set on object 'Object Repository/RAD_Pages/TaxInfo_Page/input_FederalEIN'

2023-09-12 16:45:01 - [MESSAGE][PASSED] - Text ****** has been set on object 'Object Repository/RAD_Pages/TaxInfo_Page/input_FederalEIN_ReEnter'

2023-09-12 16:45:01 - [MESSAGE][PASSED] - rad.getSetDataRAD.setDataRADFEIN is PASSED

2023-09-12 16:45:01 - [TEST_STEP][PASSED] - setText(findTestObject(orPath_Amount + "/input__paymentAmount"), "100.00"): Text '100.00' is set on object 'Object Repository/RAD_Pages/PaymentAmount_Page/input__paymentAmount'

2023-09-12 16:45:01 - [MESSAGE][PASSED] - Text '100.00' is set on object 'Object Repository/RAD_Pages/PaymentAmount_Page/input__paymentAmount'

2023-09-12 16:45:01 - [TEST_STEP][PASSED] - setText(findTestObject(orPath_AddressContact + "/input_streetAddress2"), ""): Text '' is set on object 'Object Repository/RAD_Pages/AddressAndContactInfo_Page/input_streetAddress2'

2023-09-12 16:45:02 - [MESSAGE][PASSED] - Text '' is set on object 'Object Repository/RAD_Pages/AddressAndContactInfo_Page/input_streetAddress2'

2023-09-12 16:45:02 - [TEST_STEP][PASSED] - scrollToElement(findTestObject(orPath_Landing + "/button_Continue"), 3): Scroll to object 'Object Repository/RAD_Pages/Landing_Page/button_Continue' successfully

2023-09-12 16:45:03 - [MESSAGE][PASSED] - Scroll to object 'Object Repository/RAD_Pages/Landing_Page/button_Continue' successfully

2023-09-12 16:45:03 - [TEST_STEP][PASSED] - waitForElementClickable(findTestObject(orPath_Landing + "/button_Continue"), 5): Object 'Object Repository/RAD_Pages/Landing_Page/button_Continue' is clickable

2023-09-12 16:45:03 - [MESSAGE][PASSED] - Object 'Object Repository/RAD_Pages/Landing_Page/button_Continue' is clickable

2023-09-12 16:45:03 - [TEST_STEP][PASSED] - click(findTestObject(orPath_Landing + "/button_Continue")): Object: 'Object Repository/RAD_Pages/Landing_Page/button_Continue' is clicked on

2023-09-12 16:45:03 - [MESSAGE][PASSED] - Object: 'Object Repository/RAD_Pages/Landing_Page/button_Continue' is clicked on

2023-09-12 16:45:03 - [TEST_STEP][PASSED] - delay(2): Delayed 2 second(s)

2023-09-12 16:45:05 - [MESSAGE][PASSED] - Delayed 2 second(s)

2023-09-12 16:45:05 - [TEST_STEP][PASSED] - verifyTextPresent("Summary", true): Text 'Summary' is present on page  using regular expression

2023-09-12 16:45:06 - [MESSAGE][PASSED] - Text 'Summary' is present on page  using regular expression

2023-09-12 16:45:06 - [TEST_STEP][PASSED] - verifyTextPresent("Review the information below and make any necessary corrections by clicking the", true): Text 'Review the information below and make any necessary corrections by clicking the' is present on page  using regular expression

2023-09-12 16:45:06 - [MESSAGE][PASSED] - Text 'Review the information below and make any necessary corrections by clicking the' is present on page  using regular expression

2023-09-12 16:45:06 - [TEST_STEP][PASSED] - verifyTextPresent("When you are confident that all the information is correct, click the", true): Text 'When you are confident that all the information is correct, click the' is present on page  using regular expression

2023-09-12 16:45:07 - [MESSAGE][PASSED] - Text 'When you are confident that all the information is correct, click the' is present on page  using regular expression

2023-09-12 16:45:07 - [TEST_STEP][PASSED] - verifyTextPresent("Payment Type/Filing Year", true): Text 'Payment Type/Filing Year' is present on page  using regular expression

2023-09-12 16:45:07 - [MESSAGE][PASSED] - Text 'Payment Type/Filing Year' is present on page  using regular expression

2023-09-12 16:45:07 - [TEST_STEP][PASSED] - verifyTextPresent("Payment Type:", true): Text 'Payment Type:' is present on page  using regular expression

2023-09-12 16:45:07 - [MESSAGE][PASSED] - Text 'Payment Type:' is present on page  using regular expression

2023-09-12 16:45:07 - [TEST_STEP][PASSED] - verifyTextPresent("Extension Payments", true): Text 'Extension Payments' is present on page  using regular expression

2023-09-12 16:45:08 - [MESSAGE][PASSED] - Text 'Extension Payments' is present on page  using regular expression

2023-09-12 16:45:08 - [TEST_STEP][PASSED] - verifyTextPresent("Filing Year:", true): Text 'Filing Year:' is present on page  using regular expression

2023-09-12 16:45:08 - [MESSAGE][PASSED] - Text 'Filing Year:' is present on page  using regular expression

2023-09-12 16:45:08 - [TEST_STEP][PASSED] - verifyTextPresent(FilingYear, true): Text '2022' is present on page  using regular expression

2023-09-12 16:45:08 - [MESSAGE][PASSED] - Text '2022' is present on page  using regular expression

2023-09-12 16:45:08 - [TEST_STEP][PASSED] - switch (TaxType): null

2023-09-12 16:45:08 - [TEST_STEP][PASSED] - verifyTextPresent("Payer Information", true): Text 'Payer Information' is present on page  using regular expression

2023-09-12 16:45:09 - [MESSAGE][PASSED] - Text 'Payer Information' is present on page  using regular expression

2023-09-12 16:45:09 - [TEST_STEP][PASSED] - verifyTextPresent("Taxpayer Name:", true): Text 'Taxpayer Name:' is present on page  using regular expression

2023-09-12 16:45:09 - [MESSAGE][PASSED] - Text 'Taxpayer Name:' is present on page  using regular expression

2023-09-12 16:45:09 - [TEST_STEP][PASSED] - verifyTextPresent("My Company", true): Text 'My Company' is present on page  using regular expression

2023-09-12 16:45:10 - [MESSAGE][PASSED] - Text 'My Company' is present on page  using regular expression

2023-09-12 16:45:10 - [TEST_STEP][PASSED] - verifyTextPresent("Taxpayer Address:", true): Text 'Taxpayer Address:' is present on page  using regular expression

2023-09-12 16:45:10 - [MESSAGE][PASSED] - Text 'Taxpayer Address:' is present on page  using regular expression

2023-09-12 16:45:10 - [TEST_STEP][PASSED] - verifyTextPresent("2508 Mandan Terrace Gambrills Maryland 21054", true): Text '2508 Mandan Terrace Gambrills Maryland 21054' is present on page  using regular expression

2023-09-12 16:45:10 - [MESSAGE][PASSED] - Text '2508 Mandan Terrace Gambrills Maryland 21054' is present on page  using regular expression

2023-09-12 16:45:10 - [TEST_STEP][PASSED] - verifyTextPresent("Email:", true): Text 'Email:' is present on page  using regular expression

2023-09-12 16:45:11 - [MESSAGE][PASSED] - Text 'Email:' is present on page  using regular expression

2023-09-12 16:45:11 - [TEST_STEP][PASSED] - verifyTextPresent("iahmed@govolution.com", true): Text 'iahmed@govolution.com' is present on page  using regular expression

2023-09-12 16:45:11 - [MESSAGE][PASSED] - Text 'iahmed@govolution.com' is present on page  using regular expression

2023-09-12 16:45:11 - [TEST_STEP][PASSED] - verifyTextPresent("Phone:", true): Text 'Phone:' is present on page  using regular expression

2023-09-12 16:45:12 - [MESSAGE][PASSED] - Text 'Phone:' is present on page  using regular expression

2023-09-12 16:45:12 - [TEST_STEP][PASSED] - verifyTextPresent("(703) 894-5000", false): Text '(703) 894-5000' is present on page 

2023-09-12 16:45:12 - [MESSAGE][PASSED] - Text '(703) 894-5000' is present on page 

2023-09-12 16:45:12 - [TEST_STEP][PASSED] - verifyTextPresent("Tax Information", true): Text 'Tax Information' is present on page  using regular expression

2023-09-12 16:45:12 - [MESSAGE][PASSED] - Text 'Tax Information' is present on page  using regular expression

2023-09-12 16:45:12 - [TEST_STEP][PASSED] - verifyTextPresent("Federal EIN:", true): Text 'Federal EIN:' is present on page  using regular expression

2023-09-12 16:45:13 - [MESSAGE][PASSED] - Text 'Federal EIN:' is present on page  using regular expression

2023-09-12 16:45:13 - [TEST_STEP][PASSED] - verifyTextPresent("Payment Amount:", true): Text 'Payment Amount:' is present on page  using regular expression

2023-09-12 16:45:13 - [MESSAGE][PASSED] - Text 'Payment Amount:' is present on page  using regular expression

2023-09-12 16:45:13 - [TEST_STEP][PASSED] - verifyTextPresent("100.00", true): Text '100.00' is present on page  using regular expression

2023-09-12 16:45:13 - [MESSAGE][PASSED] - Text '100.00' is present on page  using regular expression

2023-09-12 16:45:13 - [TEST_STEP][PASSED] - click(findTestObject(orPath_Summary + "/button_Proceed to Payment")): Object: 'Object Repository/RAD_Pages/Summary_Page/button_Proceed to Payment' is clicked on

2023-09-12 16:45:15 - [MESSAGE][PASSED] - Object: 'Object Repository/RAD_Pages/Summary_Page/button_Proceed to Payment' is clicked on

2023-09-12 16:45:15 - [TEST_STEP][PASSED] - verifyTextPresent("Comptroller of Maryland", true): Text 'Comptroller of Maryland' is present on page  using regular expression

2023-09-12 16:45:15 - [MESSAGE][PASSED] - Text 'Comptroller of Maryland' is present on page  using regular expression

2023-09-12 16:45:15 - [TEST_STEP][PASSED] - verifyTextPresent("Revenue Administration Division", true): Text 'Revenue Administration Division' is present on page  using regular expression

2023-09-12 16:45:16 - [MESSAGE][PASSED] - Text 'Revenue Administration Division' is present on page  using regular expression

2023-09-12 16:45:16 - [TEST_STEP][PASSED] - verifyTextPresent("Payment Information", true): Text 'Payment Information' is present on page  using regular expression

2023-09-12 16:45:16 - [MESSAGE][PASSED] - Text 'Payment Information' is present on page  using regular expression

2023-09-12 16:45:16 - [TEST_STEP][PASSED] - card_Name = getAttribute(findTestObject("Object Repository/RAD_Pages/PaymentEntry_Page/input__billingName"), "value"): Attribute 'value' of object 'Object Repository/RAD_Pages/PaymentEntry_Page/input__billingName' is: ''

2023-09-12 16:45:16 - [MESSAGE][PASSED] - Attribute 'value' of object 'Object Repository/RAD_Pages/PaymentEntry_Page/input__billingName' is: ''

2023-09-12 16:45:16 - [TEST_STEP][PASSED] - verifyMatch("", card_Name, false): Actual text '' and expected text '' are matched 

2023-09-12 16:45:16 - [MESSAGE][PASSED] - Actual text '' and expected text '' are matched 

2023-09-12 16:45:16 - [TEST_STEP][PASSED] - AL1 = getAttribute(findTestObject("Object Repository/RAD_Pages/PaymentEntry_Page/input_billingAddress"), "value"): Attribute 'value' of object 'Object Repository/RAD_Pages/PaymentEntry_Page/input_billingAddress' is: '2508 Mandan Terrace'

2023-09-12 16:45:17 - [MESSAGE][PASSED] - Attribute 'value' of object 'Object Repository/RAD_Pages/PaymentEntry_Page/input_billingAddress' is: '2508 Mandan Terrace'

2023-09-12 16:45:17 - [TEST_STEP][PASSED] - verifyMatch("2508 Mandan Terrace", AL1, false): Actual text '2508 Mandan Terrace' and expected text '2508 Mandan Terrace' are matched 

2023-09-12 16:45:17 - [MESSAGE][PASSED] - Actual text '2508 Mandan Terrace' and expected text '2508 Mandan Terrace' are matched 

2023-09-12 16:45:17 - [TEST_STEP][PASSED] - AL2 = getAttribute(findTestObject("Object Repository/RAD_Pages/PaymentEntry_Page/input_billingAddress2"), "value"): Attribute 'value' of object 'Object Repository/RAD_Pages/PaymentEntry_Page/input_billingAddress2' is: ''

2023-09-12 16:45:17 - [MESSAGE][PASSED] - Attribute 'value' of object 'Object Repository/RAD_Pages/PaymentEntry_Page/input_billingAddress2' is: ''

2023-09-12 16:45:17 - [TEST_STEP][PASSED] - verifyMatch("", AL2, false): Actual text '' and expected text '' are matched 

2023-09-12 16:45:17 - [MESSAGE][PASSED] - Actual text '' and expected text '' are matched 

2023-09-12 16:45:17 - [TEST_STEP][PASSED] - zipCode = getAttribute(findTestObject("Object Repository/RAD_Pages/PaymentEntry_Page/input_billingZip"), "value"): Attribute 'value' of object 'Object Repository/RAD_Pages/PaymentEntry_Page/input_billingZip' is: '21054'

2023-09-12 16:45:18 - [MESSAGE][PASSED] - Attribute 'value' of object 'Object Repository/RAD_Pages/PaymentEntry_Page/input_billingZip' is: '21054'

2023-09-12 16:45:18 - [TEST_STEP][PASSED] - verifyMatch("21054", zipCode, false): Actual text '21054' and expected text '21054' are matched 

2023-09-12 16:45:18 - [MESSAGE][PASSED] - Actual text '21054' and expected text '21054' are matched 

2023-09-12 16:45:18 - [TEST_STEP][PASSED] - city = getAttribute(findTestObject("Object Repository/RAD_Pages/PaymentEntry_Page/input_billingCity"), "value"): Attribute 'value' of object 'Object Repository/RAD_Pages/PaymentEntry_Page/input_billingCity' is: 'GAMBRILLS'

2023-09-12 16:45:18 - [MESSAGE][PASSED] - Attribute 'value' of object 'Object Repository/RAD_Pages/PaymentEntry_Page/input_billingCity' is: 'GAMBRILLS'

2023-09-12 16:45:18 - [TEST_STEP][PASSED] - verifyMatch("GAMBRILLS", city, false): Actual text 'GAMBRILLS' and expected text 'GAMBRILLS' are matched 

2023-09-12 16:45:18 - [MESSAGE][PASSED] - Actual text 'GAMBRILLS' and expected text 'GAMBRILLS' are matched 

2023-09-12 16:45:18 - [TEST_STEP][PASSED] - email = getAttribute(findTestObject("Object Repository/RAD_Pages/PaymentEntry_Page/input_emailAddress"), "value"): Attribute 'value' of object 'Object Repository/RAD_Pages/PaymentEntry_Page/input_emailAddress' is: 'iahmed@govolution.com'

2023-09-12 16:45:18 - [MESSAGE][PASSED] - Attribute 'value' of object 'Object Repository/RAD_Pages/PaymentEntry_Page/input_emailAddress' is: 'iahmed@govolution.com'

2023-09-12 16:45:18 - [TEST_STEP][PASSED] - verifyMatch("iahmed@govolution.com", email, false): Actual text 'iahmed@govolution.com' and expected text 'iahmed@govolution.com' are matched 

2023-09-12 16:45:18 - [MESSAGE][PASSED] - Actual text 'iahmed@govolution.com' and expected text 'iahmed@govolution.com' are matched 

2023-09-12 16:45:18 - [TEST_STEP][PASSED] - amount = getAttribute(findTestObject("Object Repository/RAD_Pages/PaymentEntry_Page/input_amount"), "value"): Attribute 'value' of object 'Object Repository/RAD_Pages/PaymentEntry_Page/input_amount' is: '100.00'

2023-09-12 16:45:19 - [MESSAGE][PASSED] - Attribute 'value' of object 'Object Repository/RAD_Pages/PaymentEntry_Page/input_amount' is: '100.00'

2023-09-12 16:45:19 - [TEST_STEP][PASSED] - verifyMatch("100.00", amount, false): Actual text '100.00' and expected text '100.00' are matched 

2023-09-12 16:45:19 - [MESSAGE][PASSED] - Actual text '100.00' and expected text '100.00' are matched 

2023-09-12 16:45:19 - [TEST_STEP][PASSED] - amountReadOnly = getAttribute(findTestObject("Object Repository/RAD_Pages/PaymentEntry_Page/input_amount"), "readonly"): Attribute 'readonly' of object 'Object Repository/RAD_Pages/PaymentEntry_Page/input_amount' is: 'true'

2023-09-12 16:45:19 - [MESSAGE][PASSED] - Attribute 'readonly' of object 'Object Repository/RAD_Pages/PaymentEntry_Page/input_amount' is: 'true'

2023-09-12 16:45:19 - [TEST_STEP][PASSED] - verifyMatch("true", amountReadOnly, false): Actual text 'true' and expected text 'true' are matched 

2023-09-12 16:45:19 - [MESSAGE][PASSED] - Actual text 'true' and expected text 'true' are matched 

2023-09-12 16:45:19 - [TEST_STEP][PASSED] - verifyOptionSelectedByLabel(findTestObject("Object Repository/RAD_Pages/PaymentEntry_Page/select_Country"), "United States", false, 20): All options with label 'United States' are selected in object 'Object Repository/RAD_Pages/PaymentEntry_Page/select_Country' 

2023-09-12 16:45:20 - [MESSAGE][PASSED] - All options with label 'United States' are selected in object 'Object Repository/RAD_Pages/PaymentEntry_Page/select_Country' 

2023-09-12 16:45:20 - [TEST_STEP][PASSED] - verifyOptionSelectedByLabel(findTestObject("Object Repository/RAD_Pages/PaymentEntry_Page/select_State"), "Maryland", false, 20): All options with label 'Maryland' are selected in object 'Object Repository/RAD_Pages/PaymentEntry_Page/select_State' 

2023-09-12 16:45:23 - [MESSAGE][PASSED] - All options with label 'Maryland' are selected in object 'Object Repository/RAD_Pages/PaymentEntry_Page/select_State' 

2023-09-12 16:45:23 - [TEST_STEP][PASSED] - setText(findTestObject("Object Repository/RAD_Pages/PaymentEntry_Page/input__billingName"), "Anthony Gonzalez"): Text 'Anthony Gonzalez' is set on object 'Object Repository/RAD_Pages/PaymentEntry_Page/input__billingName'

2023-09-12 16:45:24 - [MESSAGE][PASSED] - Text 'Anthony Gonzalez' is set on object 'Object Repository/RAD_Pages/PaymentEntry_Page/input__billingName'

2023-09-12 16:45:24 - [TEST_STEP][PASSED] - setText(findTestObject(orPath_PaymentEntry + "/input__cardNumber"), "4111111111111111"): Text '4111111111111111' is set on object 'Object Repository/RAD_Pages/PaymentEntry_Page/input__cardNumber'

2023-09-12 16:45:24 - [MESSAGE][PASSED] - Text '4111111111111111' is set on object 'Object Repository/RAD_Pages/PaymentEntry_Page/input__cardNumber'

2023-09-12 16:45:24 - [TEST_STEP][PASSED] - setText(findTestObject(orPath_PaymentEntry + "/input__spc"), "123"): Text '123' is set on object 'Object Repository/RAD_Pages/PaymentEntry_Page/input__spc'

2023-09-12 16:45:25 - [MESSAGE][PASSED] - Text '123' is set on object 'Object Repository/RAD_Pages/PaymentEntry_Page/input__spc'

2023-09-12 16:45:25 - [TEST_STEP][PASSED] - selectOptionByLabel(findTestObject(orPath_PaymentEntry + "/select_MM"), "12", false): All options with label '12' are selected in object 'Object Repository/RAD_Pages/PaymentEntry_Page/select_MM' 

2023-09-12 16:45:26 - [MESSAGE][PASSED] - All options with label '12' are selected in object 'Object Repository/RAD_Pages/PaymentEntry_Page/select_MM' 

2023-09-12 16:45:26 - [TEST_STEP][PASSED] - selectOptionByLabel(findTestObject(orPath_PaymentEntry + "/select_YYYY"), "2028", false): All options with label '2028' are selected in object 'Object Repository/RAD_Pages/PaymentEntry_Page/select_YYYY' 

2023-09-12 16:45:26 - [MESSAGE][PASSED] - All options with label '2028' are selected in object 'Object Repository/RAD_Pages/PaymentEntry_Page/select_YYYY' 

2023-09-12 16:45:26 - [TEST_STEP][PASSED] - click(findTestObject(orPath_PaymentEntry + "/input_Field_ccSubmit")): Object: 'Object Repository/RAD_Pages/PaymentEntry_Page/input_Field_ccSubmit' is clicked on

2023-09-12 16:45:27 - [MESSAGE][PASSED] - Object: 'Object Repository/RAD_Pages/PaymentEntry_Page/input_Field_ccSubmit' is clicked on

2023-09-12 16:45:27 - [TEST_STEP][PASSED] - click(findTestObject(orPath_PaymentConfirmation + "/input_N_confirmNotifyAction")): Object: 'Object Repository/RAD_Pages/PaymentConfirmation_Page/input_N_confirmNotifyAction' is clicked on

2023-09-12 16:45:28 - [MESSAGE][PASSED] - Object: 'Object Repository/RAD_Pages/PaymentConfirmation_Page/input_N_confirmNotifyAction' is clicked on

2023-09-12 16:45:28 - [TEST_STEP][PASSED] - verifyTextPresent("Service Fee Acceptance", true): Text 'Service Fee Acceptance' is present on page  using regular expression

2023-09-12 16:45:29 - [MESSAGE][PASSED] - Text 'Service Fee Acceptance' is present on page  using regular expression

2023-09-12 16:45:29 - [TEST_STEP][PASSED] - verifyTextPresent("This transaction is subject to a Service Fee of ", true): Text 'This transaction is subject to a Service Fee of ' is present on page  using regular expression

2023-09-12 16:45:29 - [MESSAGE][PASSED] - Text 'This transaction is subject to a Service Fee of ' is present on page  using regular expression

2023-09-12 16:45:29 - [TEST_STEP][PASSED] - verifyTextPresent("Payment Amount:", true): Text 'Payment Amount:' is present on page  using regular expression

2023-09-12 16:45:29 - [MESSAGE][PASSED] - Text 'Payment Amount:' is present on page  using regular expression

2023-09-12 16:45:29 - [TEST_STEP][PASSED] - verifyTextPresent("100.00", true): Text '100.00' is present on page  using regular expression

2023-09-12 16:45:30 - [MESSAGE][PASSED] - Text '100.00' is present on page  using regular expression

2023-09-12 16:45:30 - [TEST_STEP][PASSED] - verifyTextPresent("Service Fee:", true): Text 'Service Fee:' is present on page  using regular expression

2023-09-12 16:45:30 - [MESSAGE][PASSED] - Text 'Service Fee:' is present on page  using regular expression

2023-09-12 16:45:30 - [TEST_STEP][PASSED] - verifyTextPresent("2.45", true): Text '2.45' is present on page  using regular expression

2023-09-12 16:45:30 - [MESSAGE][PASSED] - Text '2.45' is present on page  using regular expression

2023-09-12 16:45:30 - [TEST_STEP][PASSED] - verifyTextPresent("Total Amount:", true): Text 'Total Amount:' is present on page  using regular expression

2023-09-12 16:45:31 - [MESSAGE][PASSED] - Text 'Total Amount:' is present on page  using regular expression

2023-09-12 16:45:31 - [TEST_STEP][PASSED] - verifyTextPresent("102.45", true): Text '102.45' is present on page  using regular expression

2023-09-12 16:45:31 - [MESSAGE][PASSED] - Text '102.45' is present on page  using regular expression

2023-09-12 16:45:31 - [TEST_STEP][PASSED] - verifyTextPresent("Two transactions will appear on your bank statement, one in the amount of", true): Text 'Two transactions will appear on your bank statement, one in the amount of' is present on page  using regular expression

2023-09-12 16:45:31 - [MESSAGE][PASSED] - Text 'Two transactions will appear on your bank statement, one in the amount of' is present on page  using regular expression

2023-09-12 16:45:31 - [TEST_STEP][PASSED] - verifyElementPresent(findTestObject(orPath_ServiceFeesAccept + "/input_convFeeNotifyAction"), 30): Object 'Object Repository/RAD_Pages/ServiceFeeAccept_Page/input_convFeeNotifyAction' is present

2023-09-12 16:45:31 - [MESSAGE][PASSED] - Object 'Object Repository/RAD_Pages/ServiceFeeAccept_Page/input_convFeeNotifyAction' is present

2023-09-12 16:45:31 - [TEST_STEP][PASSED] - ExecuteTC = findTestData(dataFile).getValue("Execute", row): null

2023-09-12 16:45:32 - [TEST_STEP][PASSED] - TaxType = findTestData(dataFile).getValue("TaxType", row): null

2023-09-12 16:45:32 - [TEST_STEP][PASSED] - PaymentType = findTestData(dataFile).getValue("PaymentType", row): null

2023-09-12 16:45:32 - [TEST_STEP][PASSED] - FilingYear = findTestData(dataFile).getValue("Year", row): null

2023-09-12 16:45:32 - [TEST_STEP][PASSED] - PeriodEndingMonth = findTestData(dataFile).getValue("Month", row): null

2023-09-12 16:45:32 - [TEST_STEP][PASSED] - if (ExecuteTC.equalsIgnoreCase("Y")): Object 'Object Repository/RAD_Pages/ServiceFeeAccept_Page/input_convFeeNotifyAction' is present

2023-09-12 16:45:32 - [TEST_STEP][PASSED] - out.println("Begin Record Number: " + row): null

2023-09-12 16:45:32 - [TEST_STEP][PASSED] - today = new java.util.Date(): null

2023-09-12 16:45:32 - [TEST_STEP][PASSED] - println(today): null

2023-09-12 16:45:32 - [TEST_STEP][PASSED] - datText = today: null

2023-09-12 16:45:32 - [TEST_STEP][PASSED] - logInfo("Payment Type: Extension Payments"): Payment Type: Extension Payments

2023-09-12 16:45:32 - [MESSAGE][INFO] - Payment Type: Extension Payments

2023-09-12 16:45:32 - [TEST_STEP][PASSED] - logInfo("Tax Type: " + TaxType): Tax Type: PTE Non-Electing Non-S Corp

2023-09-12 16:45:32 - [MESSAGE][INFO] - Tax Type: PTE Non-Electing Non-S Corp

2023-09-12 16:45:32 - [TEST_STEP][PASSED] - openBrowser(""): Browser is opened with url: ''

2023-09-12 16:45:32 - [MESSAGE][WARNING] - A browser is already opened. Closing browser and opening a new one

2023-09-12 16:45:33 - [MESSAGE][INFO] - Starting 'Chrome' driver

2023-09-12 16:45:33 - [MESSAGE][INFO] - User set preference: ['acceptInsecureCerts', 'true']

2023-09-12 16:45:33 - [MESSAGE][INFO] - Action delay is set to 0 milliseconds

2023-09-12 16:45:34 - [MESSAGE][PASSED] - Browser is opened with url: ''

2023-09-12 16:45:34 - [TEST_STEP][PASSED] - maximizeWindow(): Current window maximized

2023-09-12 16:45:34 - [MESSAGE][PASSED] - Current window maximized

2023-09-12 16:45:34 - [TEST_STEP][PASSED] - navigateToUrl(RADurl): Navigate to 'https://demo.velocitypayment.com/client/rad/index.html' successfully

2023-09-12 16:45:36 - [MESSAGE][PASSED] - Navigate to 'https://demo.velocitypayment.com/client/rad/index.html' successfully

2023-09-12 16:45:36 - [TEST_STEP][PASSED] - selectOptionByLabel(findTestObject(orPath_Landing + "/dd_TaxType"), "Extension Payments", false): All options with label 'Extension Payments' are selected in object 'Object Repository/RAD_Pages/Landing_Page/dd_TaxType' 

2023-09-12 16:45:37 - [MESSAGE][PASSED] - All options with label 'Extension Payments' are selected in object 'Object Repository/RAD_Pages/Landing_Page/dd_TaxType' 

2023-09-12 16:45:37 - [TEST_STEP][PASSED] - selectOptionByLabel(findTestObject(orPath_TaxTypeFilingYear + "/select_PaymentType"), TaxType, false): All options with label 'PTE Non-Electing Non-S Corp' are selected in object 'Object Repository/RAD_Pages/TaxTypeFilingYear_Page/select_PaymentType' 

2023-09-12 16:45:37 - [MESSAGE][PASSED] - All options with label 'PTE Non-Electing Non-S Corp' are selected in object 'Object Repository/RAD_Pages/TaxTypeFilingYear_Page/select_PaymentType' 

2023-09-12 16:45:37 - [TEST_STEP][PASSED] - selectOptionByLabel(findTestObject(orPath_TaxTypeFilingYear + "/select_FilingYear"), FilingYear, false): All options with label '2022' are selected in object 'Object Repository/RAD_Pages/TaxTypeFilingYear_Page/select_FilingYear' 

2023-09-12 16:45:38 - [MESSAGE][PASSED] - All options with label '2022' are selected in object 'Object Repository/RAD_Pages/TaxTypeFilingYear_Page/select_FilingYear' 

2023-09-12 16:45:38 - [TEST_STEP][PASSED] - switch (TaxType): null

2023-09-12 16:45:38 - [TEST_STEP][PASSED] - rad.getSetDataRAD.setDataRADBusinessName(): rad.getSetDataRAD.setDataRADBusinessName is PASSED

2023-09-12 16:45:39 - [MESSAGE][PASSED] - Text 'My Company' is set on object 'Object Repository/RAD_Pages/Taxpayer_Page/input_businessName'

2023-09-12 16:45:39 - [MESSAGE][PASSED] - rad.getSetDataRAD.setDataRADBusinessName is PASSED

2023-09-12 16:45:39 - [TEST_STEP][PASSED] - rad.getSetDataRAD.setDataRADAddress(): rad.getSetDataRAD.setDataRADAddress is PASSED

2023-09-12 16:45:40 - [MESSAGE][PASSED] - All options with label 'United States' are selected in object 'Object Repository/RAD_Pages/AddressAndContactInfo_Page/select_Country' 

2023-09-12 16:45:41 - [MESSAGE][PASSED] - Text '2508 Mandan Terrace' is set on object 'Object Repository/RAD_Pages/AddressAndContactInfo_Page/input_streetAddress1'

2023-09-12 16:45:42 - [MESSAGE][PASSED] - Text '' is set on object 'Object Repository/RAD_Pages/AddressAndContactInfo_Page/input_streetAddress2'

2023-09-12 16:45:43 - [MESSAGE][PASSED] - Text 'Gambrills' is set on object 'Object Repository/RAD_Pages/AddressAndContactInfo_Page/input_city'

2023-09-12 16:45:44 - [MESSAGE][PASSED] - All options with label 'Maryland' are selected in object 'Object Repository/RAD_Pages/AddressAndContactInfo_Page/select_State' 

2023-09-12 16:45:44 - [MESSAGE][PASSED] - Text '21054' is set on object 'Object Repository/RAD_Pages/AddressAndContactInfo_Page/input_zipCode'

2023-09-12 16:45:45 - [MESSAGE][PASSED] - Text '(703) 894-5000' is set on object 'Object Repository/RAD_Pages/AddressAndContactInfo_Page/input_phoneNumber'

2023-09-12 16:45:46 - [MESSAGE][PASSED] - Text 'iahmed@govolution.com' is set on object 'Object Repository/RAD_Pages/AddressAndContactInfo_Page/input_eMailAddress'

2023-09-12 16:45:48 - [MESSAGE][PASSED] - Text 'iahmed@govolution.com' is set on object 'Object Repository/RAD_Pages/AddressAndContactInfo_Page/input_reEnterEMailAddress'

2023-09-12 16:45:48 - [MESSAGE][PASSED] - rad.getSetDataRAD.setDataRADAddress is PASSED

2023-09-12 16:45:48 - [TEST_STEP][PASSED] - rad.getSetDataRAD.setDataRADFEIN(): rad.getSetDataRAD.setDataRADFEIN is PASSED

2023-09-12 16:45:48 - [MESSAGE][PASSED] - Text ****** has been set on object 'Object Repository/RAD_Pages/TaxInfo_Page/input_FederalEIN'

2023-09-12 16:45:49 - [MESSAGE][PASSED] - Text ****** has been set on object 'Object Repository/RAD_Pages/TaxInfo_Page/input_FederalEIN_ReEnter'

2023-09-12 16:45:49 - [MESSAGE][PASSED] - rad.getSetDataRAD.setDataRADFEIN is PASSED

2023-09-12 16:45:49 - [TEST_STEP][PASSED] - setText(findTestObject(orPath_Amount + "/input__paymentAmount"), "100.00"): Text '100.00' is set on object 'Object Repository/RAD_Pages/PaymentAmount_Page/input__paymentAmount'

2023-09-12 16:45:50 - [MESSAGE][PASSED] - Text '100.00' is set on object 'Object Repository/RAD_Pages/PaymentAmount_Page/input__paymentAmount'

2023-09-12 16:45:50 - [TEST_STEP][PASSED] - setText(findTestObject(orPath_AddressContact + "/input_streetAddress2"), ""): Text '' is set on object 'Object Repository/RAD_Pages/AddressAndContactInfo_Page/input_streetAddress2'

2023-09-12 16:45:50 - [MESSAGE][PASSED] - Text '' is set on object 'Object Repository/RAD_Pages/AddressAndContactInfo_Page/input_streetAddress2'

2023-09-12 16:45:50 - [TEST_STEP][PASSED] - scrollToElement(findTestObject(orPath_Landing + "/button_Continue"), 3): Scroll to object 'Object Repository/RAD_Pages/Landing_Page/button_Continue' successfully

2023-09-12 16:45:51 - [MESSAGE][PASSED] - Scroll to object 'Object Repository/RAD_Pages/Landing_Page/button_Continue' successfully

2023-09-12 16:45:51 - [TEST_STEP][PASSED] - waitForElementClickable(findTestObject(orPath_Landing + "/button_Continue"), 5): Object 'Object Repository/RAD_Pages/Landing_Page/button_Continue' is clickable

2023-09-12 16:45:51 - [MESSAGE][PASSED] - Object 'Object Repository/RAD_Pages/Landing_Page/button_Continue' is clickable

2023-09-12 16:45:51 - [TEST_STEP][PASSED] - click(findTestObject(orPath_Landing + "/button_Continue")): Object: 'Object Repository/RAD_Pages/Landing_Page/button_Continue' is clicked on

2023-09-12 16:45:51 - [MESSAGE][PASSED] - Object: 'Object Repository/RAD_Pages/Landing_Page/button_Continue' is clicked on

2023-09-12 16:45:51 - [TEST_STEP][PASSED] - delay(2): Delayed 2 second(s)

2023-09-12 16:45:53 - [MESSAGE][PASSED] - Delayed 2 second(s)

2023-09-12 16:45:53 - [TEST_STEP][PASSED] - verifyTextPresent("Summary", true): Text 'Summary' is present on page  using regular expression

2023-09-12 16:45:54 - [MESSAGE][PASSED] - Text 'Summary' is present on page  using regular expression

2023-09-12 16:45:54 - [TEST_STEP][PASSED] - verifyTextPresent("Review the information below and make any necessary corrections by clicking the", true): Text 'Review the information below and make any necessary corrections by clicking the' is present on page  using regular expression

2023-09-12 16:45:54 - [MESSAGE][PASSED] - Text 'Review the information below and make any necessary corrections by clicking the' is present on page  using regular expression

2023-09-12 16:45:54 - [TEST_STEP][PASSED] - verifyTextPresent("When you are confident that all the information is correct, click the", true): Text 'When you are confident that all the information is correct, click the' is present on page  using regular expression

2023-09-12 16:45:55 - [MESSAGE][PASSED] - Text 'When you are confident that all the information is correct, click the' is present on page  using regular expression

2023-09-12 16:45:55 - [TEST_STEP][PASSED] - verifyTextPresent("Payment Type/Filing Year", true): Text 'Payment Type/Filing Year' is present on page  using regular expression

2023-09-12 16:45:55 - [MESSAGE][PASSED] - Text 'Payment Type/Filing Year' is present on page  using regular expression

2023-09-12 16:45:55 - [TEST_STEP][PASSED] - verifyTextPresent("Payment Type:", true): Text 'Payment Type:' is present on page  using regular expression

2023-09-12 16:45:55 - [MESSAGE][PASSED] - Text 'Payment Type:' is present on page  using regular expression

2023-09-12 16:45:55 - [TEST_STEP][PASSED] - verifyTextPresent("Extension Payments", true): Text 'Extension Payments' is present on page  using regular expression

2023-09-12 16:45:56 - [MESSAGE][PASSED] - Text 'Extension Payments' is present on page  using regular expression

2023-09-12 16:45:56 - [TEST_STEP][PASSED] - verifyTextPresent("Filing Year:", true): Text 'Filing Year:' is present on page  using regular expression

2023-09-12 16:45:56 - [MESSAGE][PASSED] - Text 'Filing Year:' is present on page  using regular expression

2023-09-12 16:45:56 - [TEST_STEP][PASSED] - verifyTextPresent(FilingYear, true): Text '2022' is present on page  using regular expression

2023-09-12 16:45:57 - [MESSAGE][PASSED] - Text '2022' is present on page  using regular expression

2023-09-12 16:45:57 - [TEST_STEP][PASSED] - switch (TaxType): null

2023-09-12 16:45:57 - [TEST_STEP][PASSED] - verifyTextPresent("Payer Information", true): Text 'Payer Information' is present on page  using regular expression

2023-09-12 16:45:57 - [MESSAGE][PASSED] - Text 'Payer Information' is present on page  using regular expression

2023-09-12 16:45:57 - [TEST_STEP][PASSED] - verifyTextPresent("Taxpayer Name:", true): Text 'Taxpayer Name:' is present on page  using regular expression

2023-09-12 16:45:57 - [MESSAGE][PASSED] - Text 'Taxpayer Name:' is present on page  using regular expression

2023-09-12 16:45:57 - [TEST_STEP][PASSED] - verifyTextPresent("My Company", true): Text 'My Company' is present on page  using regular expression

2023-09-12 16:45:58 - [MESSAGE][PASSED] - Text 'My Company' is present on page  using regular expression

2023-09-12 16:45:58 - [TEST_STEP][PASSED] - verifyTextPresent("Taxpayer Address:", true): Text 'Taxpayer Address:' is present on page  using regular expression

2023-09-12 16:45:58 - [MESSAGE][PASSED] - Text 'Taxpayer Address:' is present on page  using regular expression

2023-09-12 16:45:58 - [TEST_STEP][PASSED] - verifyTextPresent("2508 Mandan Terrace Gambrills Maryland 21054", true): Text '2508 Mandan Terrace Gambrills Maryland 21054' is present on page  using regular expression

2023-09-12 16:45:58 - [MESSAGE][PASSED] - Text '2508 Mandan Terrace Gambrills Maryland 21054' is present on page  using regular expression

2023-09-12 16:45:58 - [TEST_STEP][PASSED] - verifyTextPresent("Email:", true): Text 'Email:' is present on page  using regular expression

2023-09-12 16:45:59 - [MESSAGE][PASSED] - Text 'Email:' is present on page  using regular expression

2023-09-12 16:45:59 - [TEST_STEP][PASSED] - verifyTextPresent("iahmed@govolution.com", true): Text 'iahmed@govolution.com' is present on page  using regular expression

2023-09-12 16:45:59 - [MESSAGE][PASSED] - Text 'iahmed@govolution.com' is present on page  using regular expression

2023-09-12 16:45:59 - [TEST_STEP][PASSED] - verifyTextPresent("Phone:", true): Text 'Phone:' is present on page  using regular expression

2023-09-12 16:46:00 - [MESSAGE][PASSED] - Text 'Phone:' is present on page  using regular expression

2023-09-12 16:46:00 - [TEST_STEP][PASSED] - verifyTextPresent("(703) 894-5000", false): Text '(703) 894-5000' is present on page 

2023-09-12 16:46:00 - [MESSAGE][PASSED] - Text '(703) 894-5000' is present on page 

2023-09-12 16:46:00 - [TEST_STEP][PASSED] - verifyTextPresent("Tax Information", true): Text 'Tax Information' is present on page  using regular expression

2023-09-12 16:46:00 - [MESSAGE][PASSED] - Text 'Tax Information' is present on page  using regular expression

2023-09-12 16:46:00 - [TEST_STEP][PASSED] - verifyTextPresent("Federal EIN:", true): Text 'Federal EIN:' is present on page  using regular expression

2023-09-12 16:46:01 - [MESSAGE][PASSED] - Text 'Federal EIN:' is present on page  using regular expression

2023-09-12 16:46:01 - [TEST_STEP][PASSED] - verifyTextPresent("Payment Amount:", true): Text 'Payment Amount:' is present on page  using regular expression

2023-09-12 16:46:01 - [MESSAGE][PASSED] - Text 'Payment Amount:' is present on page  using regular expression

2023-09-12 16:46:01 - [TEST_STEP][PASSED] - verifyTextPresent("100.00", true): Text '100.00' is present on page  using regular expression

2023-09-12 16:46:02 - [MESSAGE][PASSED] - Text '100.00' is present on page  using regular expression

2023-09-12 16:46:02 - [TEST_STEP][PASSED] - click(findTestObject(orPath_Summary + "/button_Proceed to Payment")): Object: 'Object Repository/RAD_Pages/Summary_Page/button_Proceed to Payment' is clicked on

2023-09-12 16:46:02 - [MESSAGE][PASSED] - Object: 'Object Repository/RAD_Pages/Summary_Page/button_Proceed to Payment' is clicked on

2023-09-12 16:46:02 - [TEST_STEP][PASSED] - verifyTextPresent("Comptroller of Maryland", true): Text 'Comptroller of Maryland' is present on page  using regular expression

2023-09-12 16:46:03 - [MESSAGE][PASSED] - Text 'Comptroller of Maryland' is present on page  using regular expression

2023-09-12 16:46:03 - [TEST_STEP][PASSED] - verifyTextPresent("Revenue Administration Division", true): Text 'Revenue Administration Division' is present on page  using regular expression

2023-09-12 16:46:03 - [MESSAGE][PASSED] - Text 'Revenue Administration Division' is present on page  using regular expression

2023-09-12 16:46:03 - [TEST_STEP][PASSED] - verifyTextPresent("Payment Information", true): Text 'Payment Information' is present on page  using regular expression

2023-09-12 16:46:04 - [MESSAGE][PASSED] - Text 'Payment Information' is present on page  using regular expression

2023-09-12 16:46:04 - [TEST_STEP][PASSED] - card_Name = getAttribute(findTestObject("Object Repository/RAD_Pages/PaymentEntry_Page/input__billingName"), "value"): Attribute 'value' of object 'Object Repository/RAD_Pages/PaymentEntry_Page/input__billingName' is: ''

2023-09-12 16:46:04 - [MESSAGE][PASSED] - Attribute 'value' of object 'Object Repository/RAD_Pages/PaymentEntry_Page/input__billingName' is: ''

2023-09-12 16:46:04 - [TEST_STEP][PASSED] - verifyMatch("", card_Name, false): Actual text '' and expected text '' are matched 

2023-09-12 16:46:04 - [MESSAGE][PASSED] - Actual text '' and expected text '' are matched 

2023-09-12 16:46:04 - [TEST_STEP][PASSED] - AL1 = getAttribute(findTestObject("Object Repository/RAD_Pages/PaymentEntry_Page/input_billingAddress"), "value"): Attribute 'value' of object 'Object Repository/RAD_Pages/PaymentEntry_Page/input_billingAddress' is: '2508 Mandan Terrace'

2023-09-12 16:46:04 - [MESSAGE][PASSED] - Attribute 'value' of object 'Object Repository/RAD_Pages/PaymentEntry_Page/input_billingAddress' is: '2508 Mandan Terrace'

2023-09-12 16:46:04 - [TEST_STEP][PASSED] - verifyMatch("2508 Mandan Terrace", AL1, false): Actual text '2508 Mandan Terrace' and expected text '2508 Mandan Terrace' are matched 

2023-09-12 16:46:04 - [MESSAGE][PASSED] - Actual text '2508 Mandan Terrace' and expected text '2508 Mandan Terrace' are matched 

2023-09-12 16:46:04 - [TEST_STEP][PASSED] - AL2 = getAttribute(findTestObject("Object Repository/RAD_Pages/PaymentEntry_Page/input_billingAddress2"), "value"): Attribute 'value' of object 'Object Repository/RAD_Pages/PaymentEntry_Page/input_billingAddress2' is: ''

2023-09-12 16:46:05 - [MESSAGE][PASSED] - Attribute 'value' of object 'Object Repository/RAD_Pages/PaymentEntry_Page/input_billingAddress2' is: ''

2023-09-12 16:46:05 - [TEST_STEP][PASSED] - verifyMatch("", AL2, false): Actual text '' and expected text '' are matched 

2023-09-12 16:46:05 - [MESSAGE][PASSED] - Actual text '' and expected text '' are matched 

2023-09-12 16:46:05 - [TEST_STEP][PASSED] - zipCode = getAttribute(findTestObject("Object Repository/RAD_Pages/PaymentEntry_Page/input_billingZip"), "value"): Attribute 'value' of object 'Object Repository/RAD_Pages/PaymentEntry_Page/input_billingZip' is: '21054'

2023-09-12 16:46:05 - [MESSAGE][PASSED] - Attribute 'value' of object 'Object Repository/RAD_Pages/PaymentEntry_Page/input_billingZip' is: '21054'

2023-09-12 16:46:05 - [TEST_STEP][PASSED] - verifyMatch("21054", zipCode, false): Actual text '21054' and expected text '21054' are matched 

2023-09-12 16:46:05 - [MESSAGE][PASSED] - Actual text '21054' and expected text '21054' are matched 

2023-09-12 16:46:05 - [TEST_STEP][PASSED] - city = getAttribute(findTestObject("Object Repository/RAD_Pages/PaymentEntry_Page/input_billingCity"), "value"): Attribute 'value' of object 'Object Repository/RAD_Pages/PaymentEntry_Page/input_billingCity' is: 'GAMBRILLS'

2023-09-12 16:46:06 - [MESSAGE][PASSED] - Attribute 'value' of object 'Object Repository/RAD_Pages/PaymentEntry_Page/input_billingCity' is: 'GAMBRILLS'

2023-09-12 16:46:06 - [TEST_STEP][PASSED] - verifyMatch("GAMBRILLS", city, false): Actual text 'GAMBRILLS' and expected text 'GAMBRILLS' are matched 

2023-09-12 16:46:06 - [MESSAGE][PASSED] - Actual text 'GAMBRILLS' and expected text 'GAMBRILLS' are matched 

2023-09-12 16:46:06 - [TEST_STEP][PASSED] - email = getAttribute(findTestObject("Object Repository/RAD_Pages/PaymentEntry_Page/input_emailAddress"), "value"): Attribute 'value' of object 'Object Repository/RAD_Pages/PaymentEntry_Page/input_emailAddress' is: 'iahmed@govolution.com'

2023-09-12 16:46:06 - [MESSAGE][PASSED] - Attribute 'value' of object 'Object Repository/RAD_Pages/PaymentEntry_Page/input_emailAddress' is: 'iahmed@govolution.com'

2023-09-12 16:46:06 - [TEST_STEP][PASSED] - verifyMatch("iahmed@govolution.com", email, false): Actual text 'iahmed@govolution.com' and expected text 'iahmed@govolution.com' are matched 

2023-09-12 16:46:06 - [MESSAGE][PASSED] - Actual text 'iahmed@govolution.com' and expected text 'iahmed@govolution.com' are matched 

2023-09-12 16:46:06 - [TEST_STEP][PASSED] - amount = getAttribute(findTestObject("Object Repository/RAD_Pages/PaymentEntry_Page/input_amount"), "value"): Attribute 'value' of object 'Object Repository/RAD_Pages/PaymentEntry_Page/input_amount' is: '100.00'

2023-09-12 16:46:06 - [MESSAGE][PASSED] - Attribute 'value' of object 'Object Repository/RAD_Pages/PaymentEntry_Page/input_amount' is: '100.00'

2023-09-12 16:46:06 - [TEST_STEP][PASSED] - verifyMatch("100.00", amount, false): Actual text '100.00' and expected text '100.00' are matched 

2023-09-12 16:46:06 - [MESSAGE][PASSED] - Actual text '100.00' and expected text '100.00' are matched 

2023-09-12 16:46:06 - [TEST_STEP][PASSED] - amountReadOnly = getAttribute(findTestObject("Object Repository/RAD_Pages/PaymentEntry_Page/input_amount"), "readonly"): Attribute 'readonly' of object 'Object Repository/RAD_Pages/PaymentEntry_Page/input_amount' is: 'true'

2023-09-12 16:46:07 - [MESSAGE][PASSED] - Attribute 'readonly' of object 'Object Repository/RAD_Pages/PaymentEntry_Page/input_amount' is: 'true'

2023-09-12 16:46:07 - [TEST_STEP][PASSED] - verifyMatch("true", amountReadOnly, false): Actual text 'true' and expected text 'true' are matched 

2023-09-12 16:46:07 - [MESSAGE][PASSED] - Actual text 'true' and expected text 'true' are matched 

2023-09-12 16:46:07 - [TEST_STEP][PASSED] - verifyOptionSelectedByLabel(findTestObject("Object Repository/RAD_Pages/PaymentEntry_Page/select_Country"), "United States", false, 20): All options with label 'United States' are selected in object 'Object Repository/RAD_Pages/PaymentEntry_Page/select_Country' 

2023-09-12 16:46:08 - [MESSAGE][PASSED] - All options with label 'United States' are selected in object 'Object Repository/RAD_Pages/PaymentEntry_Page/select_Country' 

2023-09-12 16:46:08 - [TEST_STEP][PASSED] - verifyOptionSelectedByLabel(findTestObject("Object Repository/RAD_Pages/PaymentEntry_Page/select_State"), "Maryland", false, 20): All options with label 'Maryland' are selected in object 'Object Repository/RAD_Pages/PaymentEntry_Page/select_State' 

2023-09-12 16:46:10 - [MESSAGE][PASSED] - All options with label 'Maryland' are selected in object 'Object Repository/RAD_Pages/PaymentEntry_Page/select_State' 

2023-09-12 16:46:10 - [TEST_STEP][PASSED] - setText(findTestObject("Object Repository/RAD_Pages/PaymentEntry_Page/input__billingName"), "Anthony Gonzalez"): Text 'Anthony Gonzalez' is set on object 'Object Repository/RAD_Pages/PaymentEntry_Page/input__billingName'

2023-09-12 16:46:11 - [MESSAGE][PASSED] - Text 'Anthony Gonzalez' is set on object 'Object Repository/RAD_Pages/PaymentEntry_Page/input__billingName'

2023-09-12 16:46:11 - [TEST_STEP][PASSED] - setText(findTestObject(orPath_PaymentEntry + "/input__cardNumber"), "4111111111111111"): Text '4111111111111111' is set on object 'Object Repository/RAD_Pages/PaymentEntry_Page/input__cardNumber'

2023-09-12 16:46:12 - [MESSAGE][PASSED] - Text '4111111111111111' is set on object 'Object Repository/RAD_Pages/PaymentEntry_Page/input__cardNumber'

2023-09-12 16:46:12 - [TEST_STEP][PASSED] - setText(findTestObject(orPath_PaymentEntry + "/input__spc"), "123"): Text '123' is set on object 'Object Repository/RAD_Pages/PaymentEntry_Page/input__spc'

2023-09-12 16:46:13 - [MESSAGE][PASSED] - Text '123' is set on object 'Object Repository/RAD_Pages/PaymentEntry_Page/input__spc'

2023-09-12 16:46:13 - [TEST_STEP][PASSED] - selectOptionByLabel(findTestObject(orPath_PaymentEntry + "/select_MM"), "12", false): All options with label '12' are selected in object 'Object Repository/RAD_Pages/PaymentEntry_Page/select_MM' 

2023-09-12 16:46:13 - [MESSAGE][PASSED] - All options with label '12' are selected in object 'Object Repository/RAD_Pages/PaymentEntry_Page/select_MM' 

2023-09-12 16:46:13 - [TEST_STEP][PASSED] - selectOptionByLabel(findTestObject(orPath_PaymentEntry + "/select_YYYY"), "2028", false): All options with label '2028' are selected in object 'Object Repository/RAD_Pages/PaymentEntry_Page/select_YYYY' 

2023-09-12 16:46:14 - [MESSAGE][PASSED] - All options with label '2028' are selected in object 'Object Repository/RAD_Pages/PaymentEntry_Page/select_YYYY' 

2023-09-12 16:46:14 - [TEST_STEP][PASSED] - click(findTestObject(orPath_PaymentEntry + "/input_Field_ccSubmit")): Object: 'Object Repository/RAD_Pages/PaymentEntry_Page/input_Field_ccSubmit' is clicked on

2023-09-12 16:46:15 - [MESSAGE][PASSED] - Object: 'Object Repository/RAD_Pages/PaymentEntry_Page/input_Field_ccSubmit' is clicked on

2023-09-12 16:46:15 - [TEST_STEP][PASSED] - click(findTestObject(orPath_PaymentConfirmation + "/input_N_confirmNotifyAction")): Object: 'Object Repository/RAD_Pages/PaymentConfirmation_Page/input_N_confirmNotifyAction' is clicked on

2023-09-12 16:46:16 - [MESSAGE][PASSED] - Object: 'Object Repository/RAD_Pages/PaymentConfirmation_Page/input_N_confirmNotifyAction' is clicked on

2023-09-12 16:46:16 - [TEST_STEP][PASSED] - verifyTextPresent("Service Fee Acceptance", true): Text 'Service Fee Acceptance' is present on page  using regular expression

2023-09-12 16:46:16 - [MESSAGE][PASSED] - Text 'Service Fee Acceptance' is present on page  using regular expression

2023-09-12 16:46:16 - [TEST_STEP][PASSED] - verifyTextPresent("This transaction is subject to a Service Fee of ", true): Text 'This transaction is subject to a Service Fee of ' is present on page  using regular expression

2023-09-12 16:46:17 - [MESSAGE][PASSED] - Text 'This transaction is subject to a Service Fee of ' is present on page  using regular expression

2023-09-12 16:46:17 - [TEST_STEP][PASSED] - verifyTextPresent("Payment Amount:", true): Text 'Payment Amount:' is present on page  using regular expression

2023-09-12 16:46:17 - [MESSAGE][PASSED] - Text 'Payment Amount:' is present on page  using regular expression

2023-09-12 16:46:17 - [TEST_STEP][PASSED] - verifyTextPresent("100.00", true): Text '100.00' is present on page  using regular expression

2023-09-12 16:46:17 - [MESSAGE][PASSED] - Text '100.00' is present on page  using regular expression

2023-09-12 16:46:17 - [TEST_STEP][PASSED] - verifyTextPresent("Service Fee:", true): Text 'Service Fee:' is present on page  using regular expression

2023-09-12 16:46:18 - [MESSAGE][PASSED] - Text 'Service Fee:' is present on page  using regular expression

2023-09-12 16:46:18 - [TEST_STEP][PASSED] - verifyTextPresent("2.45", true): Text '2.45' is present on page  using regular expression

2023-09-12 16:46:18 - [MESSAGE][PASSED] - Text '2.45' is present on page  using regular expression

2023-09-12 16:46:18 - [TEST_STEP][PASSED] - verifyTextPresent("Total Amount:", true): Text 'Total Amount:' is present on page  using regular expression

2023-09-12 16:46:18 - [MESSAGE][PASSED] - Text 'Total Amount:' is present on page  using regular expression

2023-09-12 16:46:18 - [TEST_STEP][PASSED] - verifyTextPresent("102.45", true): Text '102.45' is present on page  using regular expression

2023-09-12 16:46:19 - [MESSAGE][PASSED] - Text '102.45' is present on page  using regular expression

2023-09-12 16:46:19 - [TEST_STEP][PASSED] - verifyTextPresent("Two transactions will appear on your bank statement, one in the amount of", true): Text 'Two transactions will appear on your bank statement, one in the amount of' is present on page  using regular expression

2023-09-12 16:46:19 - [MESSAGE][PASSED] - Text 'Two transactions will appear on your bank statement, one in the amount of' is present on page  using regular expression

2023-09-12 16:46:19 - [TEST_STEP][PASSED] - verifyElementPresent(findTestObject(orPath_ServiceFeesAccept + "/input_convFeeNotifyAction"), 30): Object 'Object Repository/RAD_Pages/ServiceFeeAccept_Page/input_convFeeNotifyAction' is present

2023-09-12 16:46:19 - [MESSAGE][PASSED] - Object 'Object Repository/RAD_Pages/ServiceFeeAccept_Page/input_convFeeNotifyAction' is present

2023-09-12 16:46:19 - [TEST_STEP][PASSED] - ExecuteTC = findTestData(dataFile).getValue("Execute", row): null

2023-09-12 16:46:19 - [TEST_STEP][PASSED] - TaxType = findTestData(dataFile).getValue("TaxType", row): null

2023-09-12 16:46:19 - [TEST_STEP][PASSED] - PaymentType = findTestData(dataFile).getValue("PaymentType", row): null

2023-09-12 16:46:19 - [TEST_STEP][PASSED] - FilingYear = findTestData(dataFile).getValue("Year", row): null

2023-09-12 16:46:19 - [TEST_STEP][PASSED] - PeriodEndingMonth = findTestData(dataFile).getValue("Month", row): null

2023-09-12 16:46:19 - [TEST_STEP][PASSED] - if (ExecuteTC.equalsIgnoreCase("Y")): Object 'Object Repository/RAD_Pages/ServiceFeeAccept_Page/input_convFeeNotifyAction' is present

2023-09-12 16:46:19 - [TEST_STEP][PASSED] - out.println("Begin Record Number: " + row): null

2023-09-12 16:46:19 - [TEST_STEP][PASSED] - today = new java.util.Date(): null

2023-09-12 16:46:19 - [TEST_STEP][PASSED] - println(today): null

2023-09-12 16:46:19 - [TEST_STEP][PASSED] - datText = today: null

2023-09-12 16:46:19 - [TEST_STEP][PASSED] - logInfo("Payment Type: Extension Payments"): Payment Type: Extension Payments

2023-09-12 16:46:19 - [MESSAGE][INFO] - Payment Type: Extension Payments

2023-09-12 16:46:19 - [TEST_STEP][PASSED] - logInfo("Tax Type: " + TaxType): Tax Type: PTE Non-Electing S Corp

2023-09-12 16:46:19 - [MESSAGE][INFO] - Tax Type: PTE Non-Electing S Corp

2023-09-12 16:46:19 - [TEST_STEP][PASSED] - openBrowser(""): Browser is opened with url: ''

2023-09-12 16:46:19 - [MESSAGE][WARNING] - A browser is already opened. Closing browser and opening a new one

2023-09-12 16:46:20 - [MESSAGE][INFO] - Starting 'Chrome' driver

2023-09-12 16:46:20 - [MESSAGE][INFO] - User set preference: ['acceptInsecureCerts', 'true']

2023-09-12 16:46:20 - [MESSAGE][INFO] - Action delay is set to 0 milliseconds

2023-09-12 16:46:22 - [MESSAGE][PASSED] - Browser is opened with url: ''

2023-09-12 16:46:22 - [TEST_STEP][PASSED] - maximizeWindow(): Current window maximized

2023-09-12 16:46:22 - [MESSAGE][PASSED] - Current window maximized

2023-09-12 16:46:22 - [TEST_STEP][PASSED] - navigateToUrl(RADurl): Navigate to 'https://demo.velocitypayment.com/client/rad/index.html' successfully

2023-09-12 16:46:23 - [MESSAGE][PASSED] - Navigate to 'https://demo.velocitypayment.com/client/rad/index.html' successfully

2023-09-12 16:46:23 - [TEST_STEP][PASSED] - selectOptionByLabel(findTestObject(orPath_Landing + "/dd_TaxType"), "Extension Payments", false): All options with label 'Extension Payments' are selected in object 'Object Repository/RAD_Pages/Landing_Page/dd_TaxType' 

2023-09-12 16:46:24 - [MESSAGE][PASSED] - All options with label 'Extension Payments' are selected in object 'Object Repository/RAD_Pages/Landing_Page/dd_TaxType' 

2023-09-12 16:46:24 - [TEST_STEP][PASSED] - selectOptionByLabel(findTestObject(orPath_TaxTypeFilingYear + "/select_PaymentType"), TaxType, false): All options with label 'PTE Non-Electing S Corp' are selected in object 'Object Repository/RAD_Pages/TaxTypeFilingYear_Page/select_PaymentType' 

2023-09-12 16:46:25 - [MESSAGE][PASSED] - All options with label 'PTE Non-Electing S Corp' are selected in object 'Object Repository/RAD_Pages/TaxTypeFilingYear_Page/select_PaymentType' 

2023-09-12 16:46:25 - [TEST_STEP][PASSED] - selectOptionByLabel(findTestObject(orPath_TaxTypeFilingYear + "/select_FilingYear"), FilingYear, false): All options with label '2022' are selected in object 'Object Repository/RAD_Pages/TaxTypeFilingYear_Page/select_FilingYear' 

2023-09-12 16:46:26 - [MESSAGE][PASSED] - All options with label '2022' are selected in object 'Object Repository/RAD_Pages/TaxTypeFilingYear_Page/select_FilingYear' 

2023-09-12 16:46:26 - [TEST_STEP][PASSED] - switch (TaxType): null

2023-09-12 16:46:26 - [TEST_STEP][PASSED] - rad.getSetDataRAD.setDataRADBusinessName(): rad.getSetDataRAD.setDataRADBusinessName is PASSED

2023-09-12 16:46:27 - [MESSAGE][PASSED] - Text 'My Company' is set on object 'Object Repository/RAD_Pages/Taxpayer_Page/input_businessName'

2023-09-12 16:46:27 - [MESSAGE][PASSED] - rad.getSetDataRAD.setDataRADBusinessName is PASSED

2023-09-12 16:46:27 - [TEST_STEP][PASSED] - rad.getSetDataRAD.setDataRADAddress(): rad.getSetDataRAD.setDataRADAddress is PASSED

2023-09-12 16:46:28 - [MESSAGE][PASSED] - All options with label 'United States' are selected in object 'Object Repository/RAD_Pages/AddressAndContactInfo_Page/select_Country' 

2023-09-12 16:46:29 - [MESSAGE][PASSED] - Text '2508 Mandan Terrace' is set on object 'Object Repository/RAD_Pages/AddressAndContactInfo_Page/input_streetAddress1'

2023-09-12 16:46:30 - [MESSAGE][PASSED] - Text '' is set on object 'Object Repository/RAD_Pages/AddressAndContactInfo_Page/input_streetAddress2'

2023-09-12 16:46:30 - [MESSAGE][PASSED] - Text 'Gambrills' is set on object 'Object Repository/RAD_Pages/AddressAndContactInfo_Page/input_city'

2023-09-12 16:46:31 - [MESSAGE][PASSED] - All options with label 'Maryland' are selected in object 'Object Repository/RAD_Pages/AddressAndContactInfo_Page/select_State' 

2023-09-12 16:46:32 - [MESSAGE][PASSED] - Text '21054' is set on object 'Object Repository/RAD_Pages/AddressAndContactInfo_Page/input_zipCode'

2023-09-12 16:46:33 - [MESSAGE][PASSED] - Text '(703) 894-5000' is set on object 'Object Repository/RAD_Pages/AddressAndContactInfo_Page/input_phoneNumber'

2023-09-12 16:46:34 - [MESSAGE][PASSED] - Text 'iahmed@govolution.com' is set on object 'Object Repository/RAD_Pages/AddressAndContactInfo_Page/input_eMailAddress'

2023-09-12 16:46:35 - [MESSAGE][PASSED] - Text 'iahmed@govolution.com' is set on object 'Object Repository/RAD_Pages/AddressAndContactInfo_Page/input_reEnterEMailAddress'

2023-09-12 16:46:35 - [MESSAGE][PASSED] - rad.getSetDataRAD.setDataRADAddress is PASSED

2023-09-12 16:46:35 - [TEST_STEP][PASSED] - rad.getSetDataRAD.setDataRADFEIN(): rad.getSetDataRAD.setDataRADFEIN is PASSED

2023-09-12 16:46:36 - [MESSAGE][PASSED] - Text ****** has been set on object 'Object Repository/RAD_Pages/TaxInfo_Page/input_FederalEIN'

2023-09-12 16:46:36 - [MESSAGE][PASSED] - Text ****** has been set on object 'Object Repository/RAD_Pages/TaxInfo_Page/input_FederalEIN_ReEnter'

2023-09-12 16:46:36 - [MESSAGE][PASSED] - rad.getSetDataRAD.setDataRADFEIN is PASSED

2023-09-12 16:46:36 - [TEST_STEP][PASSED] - setText(findTestObject(orPath_Amount + "/input__paymentAmount"), "100.00"): Text '100.00' is set on object 'Object Repository/RAD_Pages/PaymentAmount_Page/input__paymentAmount'

2023-09-12 16:46:37 - [MESSAGE][PASSED] - Text '100.00' is set on object 'Object Repository/RAD_Pages/PaymentAmount_Page/input__paymentAmount'

2023-09-12 16:46:37 - [TEST_STEP][PASSED] - setText(findTestObject(orPath_AddressContact + "/input_streetAddress2"), ""): Text '' is set on object 'Object Repository/RAD_Pages/AddressAndContactInfo_Page/input_streetAddress2'

2023-09-12 16:46:38 - [MESSAGE][PASSED] - Text '' is set on object 'Object Repository/RAD_Pages/AddressAndContactInfo_Page/input_streetAddress2'

2023-09-12 16:46:38 - [TEST_STEP][PASSED] - scrollToElement(findTestObject(orPath_Landing + "/button_Continue"), 3): Scroll to object 'Object Repository/RAD_Pages/Landing_Page/button_Continue' successfully

2023-09-12 16:46:38 - [MESSAGE][PASSED] - Scroll to object 'Object Repository/RAD_Pages/Landing_Page/button_Continue' successfully

2023-09-12 16:46:38 - [TEST_STEP][PASSED] - waitForElementClickable(findTestObject(orPath_Landing + "/button_Continue"), 5): Object 'Object Repository/RAD_Pages/Landing_Page/button_Continue' is clickable

2023-09-12 16:46:39 - [MESSAGE][PASSED] - Object 'Object Repository/RAD_Pages/Landing_Page/button_Continue' is clickable

2023-09-12 16:46:39 - [TEST_STEP][PASSED] - click(findTestObject(orPath_Landing + "/button_Continue")): Object: 'Object Repository/RAD_Pages/Landing_Page/button_Continue' is clicked on

2023-09-12 16:46:39 - [MESSAGE][PASSED] - Object: 'Object Repository/RAD_Pages/Landing_Page/button_Continue' is clicked on

2023-09-12 16:46:39 - [TEST_STEP][PASSED] - delay(2): Delayed 2 second(s)

2023-09-12 16:46:41 - [MESSAGE][PASSED] - Delayed 2 second(s)

2023-09-12 16:46:41 - [TEST_STEP][PASSED] - verifyTextPresent("Summary", true): Text 'Summary' is present on page  using regular expression

2023-09-12 16:46:42 - [MESSAGE][PASSED] - Text 'Summary' is present on page  using regular expression

2023-09-12 16:46:42 - [TEST_STEP][PASSED] - verifyTextPresent("Review the information below and make any necessary corrections by clicking the", true): Text 'Review the information below and make any necessary corrections by clicking the' is present on page  using regular expression

2023-09-12 16:46:42 - [MESSAGE][PASSED] - Text 'Review the information below and make any necessary corrections by clicking the' is present on page  using regular expression

2023-09-12 16:46:42 - [TEST_STEP][PASSED] - verifyTextPresent("When you are confident that all the information is correct, click the", true): Text 'When you are confident that all the information is correct, click the' is present on page  using regular expression

2023-09-12 16:46:42 - [MESSAGE][PASSED] - Text 'When you are confident that all the information is correct, click the' is present on page  using regular expression

2023-09-12 16:46:42 - [TEST_STEP][PASSED] - verifyTextPresent("Payment Type/Filing Year", true): Text 'Payment Type/Filing Year' is present on page  using regular expression

2023-09-12 16:46:43 - [MESSAGE][PASSED] - Text 'Payment Type/Filing Year' is present on page  using regular expression

2023-09-12 16:46:43 - [TEST_STEP][PASSED] - verifyTextPresent("Payment Type:", true): Text 'Payment Type:' is present on page  using regular expression

2023-09-12 16:46:43 - [MESSAGE][PASSED] - Text 'Payment Type:' is present on page  using regular expression

2023-09-12 16:46:43 - [TEST_STEP][PASSED] - verifyTextPresent("Extension Payments", true): Text 'Extension Payments' is present on page  using regular expression

2023-09-12 16:46:44 - [MESSAGE][PASSED] - Text 'Extension Payments' is present on page  using regular expression

2023-09-12 16:46:44 - [TEST_STEP][PASSED] - verifyTextPresent("Filing Year:", true): Text 'Filing Year:' is present on page  using regular expression

2023-09-12 16:46:44 - [MESSAGE][PASSED] - Text 'Filing Year:' is present on page  using regular expression

2023-09-12 16:46:44 - [TEST_STEP][PASSED] - verifyTextPresent(FilingYear, true): Text '2022' is present on page  using regular expression

2023-09-12 16:46:44 - [MESSAGE][PASSED] - Text '2022' is present on page  using regular expression

2023-09-12 16:46:44 - [TEST_STEP][PASSED] - switch (TaxType): null

2023-09-12 16:46:44 - [TEST_STEP][PASSED] - verifyTextPresent("Payer Information", true): Text 'Payer Information' is present on page  using regular expression

2023-09-12 16:46:45 - [MESSAGE][PASSED] - Text 'Payer Information' is present on page  using regular expression

2023-09-12 16:46:45 - [TEST_STEP][PASSED] - verifyTextPresent("Taxpayer Name:", true): Text 'Taxpayer Name:' is present on page  using regular expression

2023-09-12 16:46:45 - [MESSAGE][PASSED] - Text 'Taxpayer Name:' is present on page  using regular expression

2023-09-12 16:46:45 - [TEST_STEP][PASSED] - verifyTextPresent("My Company", true): Text 'My Company' is present on page  using regular expression

2023-09-12 16:46:45 - [MESSAGE][PASSED] - Text 'My Company' is present on page  using regular expression

2023-09-12 16:46:45 - [TEST_STEP][PASSED] - verifyTextPresent("Taxpayer Address:", true): Text 'Taxpayer Address:' is present on page  using regular expression

2023-09-12 16:46:46 - [MESSAGE][PASSED] - Text 'Taxpayer Address:' is present on page  using regular expression

2023-09-12 16:46:46 - [TEST_STEP][PASSED] - verifyTextPresent("2508 Mandan Terrace Gambrills Maryland 21054", true): Text '2508 Mandan Terrace Gambrills Maryland 21054' is present on page  using regular expression

2023-09-12 16:46:46 - [MESSAGE][PASSED] - Text '2508 Mandan Terrace Gambrills Maryland 21054' is present on page  using regular expression

2023-09-12 16:46:46 - [TEST_STEP][PASSED] - verifyTextPresent("Email:", true): Text 'Email:' is present on page  using regular expression

2023-09-12 16:46:47 - [MESSAGE][PASSED] - Text 'Email:' is present on page  using regular expression

2023-09-12 16:46:47 - [TEST_STEP][PASSED] - verifyTextPresent("iahmed@govolution.com", true): Text 'iahmed@govolution.com' is present on page  using regular expression

2023-09-12 16:46:47 - [MESSAGE][PASSED] - Text 'iahmed@govolution.com' is present on page  using regular expression

2023-09-12 16:46:47 - [TEST_STEP][PASSED] - verifyTextPresent("Phone:", true): Text 'Phone:' is present on page  using regular expression

2023-09-12 16:46:47 - [MESSAGE][PASSED] - Text 'Phone:' is present on page  using regular expression

2023-09-12 16:46:47 - [TEST_STEP][PASSED] - verifyTextPresent("(703) 894-5000", false): Text '(703) 894-5000' is present on page 

2023-09-12 16:46:48 - [MESSAGE][PASSED] - Text '(703) 894-5000' is present on page 

2023-09-12 16:46:48 - [TEST_STEP][PASSED] - verifyTextPresent("Tax Information", true): Text 'Tax Information' is present on page  using regular expression

2023-09-12 16:46:48 - [MESSAGE][PASSED] - Text 'Tax Information' is present on page  using regular expression

2023-09-12 16:46:48 - [TEST_STEP][PASSED] - verifyTextPresent("Federal EIN:", true): Text 'Federal EIN:' is present on page  using regular expression

2023-09-12 16:46:48 - [MESSAGE][PASSED] - Text 'Federal EIN:' is present on page  using regular expression

2023-09-12 16:46:48 - [TEST_STEP][PASSED] - verifyTextPresent("Payment Amount:", true): Text 'Payment Amount:' is present on page  using regular expression

2023-09-12 16:46:49 - [MESSAGE][PASSED] - Text 'Payment Amount:' is present on page  using regular expression

2023-09-12 16:46:49 - [TEST_STEP][PASSED] - verifyTextPresent("100.00", true): Text '100.00' is present on page  using regular expression

2023-09-12 16:46:49 - [MESSAGE][PASSED] - Text '100.00' is present on page  using regular expression

2023-09-12 16:46:49 - [TEST_STEP][PASSED] - click(findTestObject(orPath_Summary + "/button_Proceed to Payment")): Object: 'Object Repository/RAD_Pages/Summary_Page/button_Proceed to Payment' is clicked on

2023-09-12 16:46:50 - [MESSAGE][PASSED] - Object: 'Object Repository/RAD_Pages/Summary_Page/button_Proceed to Payment' is clicked on

2023-09-12 16:46:50 - [TEST_STEP][PASSED] - verifyTextPresent("Comptroller of Maryland", true): Text 'Comptroller of Maryland' is present on page  using regular expression

2023-09-12 16:46:51 - [MESSAGE][PASSED] - Text 'Comptroller of Maryland' is present on page  using regular expression

2023-09-12 16:46:51 - [TEST_STEP][PASSED] - verifyTextPresent("Revenue Administration Division", true): Text 'Revenue Administration Division' is present on page  using regular expression

2023-09-12 16:46:51 - [MESSAGE][PASSED] - Text 'Revenue Administration Division' is present on page  using regular expression

2023-09-12 16:46:51 - [TEST_STEP][PASSED] - verifyTextPresent("Payment Information", true): Text 'Payment Information' is present on page  using regular expression

2023-09-12 16:46:51 - [MESSAGE][PASSED] - Text 'Payment Information' is present on page  using regular expression

2023-09-12 16:46:51 - [TEST_STEP][PASSED] - card_Name = getAttribute(findTestObject("Object Repository/RAD_Pages/PaymentEntry_Page/input__billingName"), "value"): Attribute 'value' of object 'Object Repository/RAD_Pages/PaymentEntry_Page/input__billingName' is: ''

2023-09-12 16:46:52 - [MESSAGE][PASSED] - Attribute 'value' of object 'Object Repository/RAD_Pages/PaymentEntry_Page/input__billingName' is: ''

2023-09-12 16:46:52 - [TEST_STEP][PASSED] - verifyMatch("", card_Name, false): Actual text '' and expected text '' are matched 

2023-09-12 16:46:52 - [MESSAGE][PASSED] - Actual text '' and expected text '' are matched 

2023-09-12 16:46:52 - [TEST_STEP][PASSED] - AL1 = getAttribute(findTestObject("Object Repository/RAD_Pages/PaymentEntry_Page/input_billingAddress"), "value"): Attribute 'value' of object 'Object Repository/RAD_Pages/PaymentEntry_Page/input_billingAddress' is: '2508 Mandan Terrace'

2023-09-12 16:46:52 - [MESSAGE][PASSED] - Attribute 'value' of object 'Object Repository/RAD_Pages/PaymentEntry_Page/input_billingAddress' is: '2508 Mandan Terrace'

2023-09-12 16:46:52 - [TEST_STEP][PASSED] - verifyMatch("2508 Mandan Terrace", AL1, false): Actual text '2508 Mandan Terrace' and expected text '2508 Mandan Terrace' are matched 

2023-09-12 16:46:52 - [MESSAGE][PASSED] - Actual text '2508 Mandan Terrace' and expected text '2508 Mandan Terrace' are matched 

2023-09-12 16:46:52 - [TEST_STEP][PASSED] - AL2 = getAttribute(findTestObject("Object Repository/RAD_Pages/PaymentEntry_Page/input_billingAddress2"), "value"): Attribute 'value' of object 'Object Repository/RAD_Pages/PaymentEntry_Page/input_billingAddress2' is: ''

2023-09-12 16:46:52 - [MESSAGE][PASSED] - Attribute 'value' of object 'Object Repository/RAD_Pages/PaymentEntry_Page/input_billingAddress2' is: ''

2023-09-12 16:46:52 - [TEST_STEP][PASSED] - verifyMatch("", AL2, false): Actual text '' and expected text '' are matched 

2023-09-12 16:46:52 - [MESSAGE][PASSED] - Actual text '' and expected text '' are matched 

2023-09-12 16:46:52 - [TEST_STEP][PASSED] - zipCode = getAttribute(findTestObject("Object Repository/RAD_Pages/PaymentEntry_Page/input_billingZip"), "value"): Attribute 'value' of object 'Object Repository/RAD_Pages/PaymentEntry_Page/input_billingZip' is: '21054'

2023-09-12 16:46:53 - [MESSAGE][PASSED] - Attribute 'value' of object 'Object Repository/RAD_Pages/PaymentEntry_Page/input_billingZip' is: '21054'

2023-09-12 16:46:53 - [TEST_STEP][PASSED] - verifyMatch("21054", zipCode, false): Actual text '21054' and expected text '21054' are matched 

2023-09-12 16:46:53 - [MESSAGE][PASSED] - Actual text '21054' and expected text '21054' are matched 

2023-09-12 16:46:53 - [TEST_STEP][PASSED] - city = getAttribute(findTestObject("Object Repository/RAD_Pages/PaymentEntry_Page/input_billingCity"), "value"): Attribute 'value' of object 'Object Repository/RAD_Pages/PaymentEntry_Page/input_billingCity' is: 'GAMBRILLS'

2023-09-12 16:46:53 - [MESSAGE][PASSED] - Attribute 'value' of object 'Object Repository/RAD_Pages/PaymentEntry_Page/input_billingCity' is: 'GAMBRILLS'

2023-09-12 16:46:53 - [TEST_STEP][PASSED] - verifyMatch("GAMBRILLS", city, false): Actual text 'GAMBRILLS' and expected text 'GAMBRILLS' are matched 

2023-09-12 16:46:53 - [MESSAGE][PASSED] - Actual text 'GAMBRILLS' and expected text 'GAMBRILLS' are matched 

2023-09-12 16:46:53 - [TEST_STEP][PASSED] - email = getAttribute(findTestObject("Object Repository/RAD_Pages/PaymentEntry_Page/input_emailAddress"), "value"): Attribute 'value' of object 'Object Repository/RAD_Pages/PaymentEntry_Page/input_emailAddress' is: 'iahmed@govolution.com'

2023-09-12 16:46:53 - [MESSAGE][PASSED] - Attribute 'value' of object 'Object Repository/RAD_Pages/PaymentEntry_Page/input_emailAddress' is: 'iahmed@govolution.com'

2023-09-12 16:46:53 - [TEST_STEP][PASSED] - verifyMatch("iahmed@govolution.com", email, false): Actual text 'iahmed@govolution.com' and expected text 'iahmed@govolution.com' are matched 

2023-09-12 16:46:53 - [MESSAGE][PASSED] - Actual text 'iahmed@govolution.com' and expected text 'iahmed@govolution.com' are matched 

2023-09-12 16:46:53 - [TEST_STEP][PASSED] - amount = getAttribute(findTestObject("Object Repository/RAD_Pages/PaymentEntry_Page/input_amount"), "value"): Attribute 'value' of object 'Object Repository/RAD_Pages/PaymentEntry_Page/input_amount' is: '100.00'

2023-09-12 16:46:54 - [MESSAGE][PASSED] - Attribute 'value' of object 'Object Repository/RAD_Pages/PaymentEntry_Page/input_amount' is: '100.00'

2023-09-12 16:46:54 - [TEST_STEP][PASSED] - verifyMatch("100.00", amount, false): Actual text '100.00' and expected text '100.00' are matched 

2023-09-12 16:46:54 - [MESSAGE][PASSED] - Actual text '100.00' and expected text '100.00' are matched 

2023-09-12 16:46:54 - [TEST_STEP][PASSED] - amountReadOnly = getAttribute(findTestObject("Object Repository/RAD_Pages/PaymentEntry_Page/input_amount"), "readonly"): Attribute 'readonly' of object 'Object Repository/RAD_Pages/PaymentEntry_Page/input_amount' is: 'true'

2023-09-12 16:46:54 - [MESSAGE][PASSED] - Attribute 'readonly' of object 'Object Repository/RAD_Pages/PaymentEntry_Page/input_amount' is: 'true'

2023-09-12 16:46:54 - [TEST_STEP][PASSED] - verifyMatch("true", amountReadOnly, false): Actual text 'true' and expected text 'true' are matched 

2023-09-12 16:46:54 - [MESSAGE][PASSED] - Actual text 'true' and expected text 'true' are matched 

2023-09-12 16:46:54 - [TEST_STEP][PASSED] - verifyOptionSelectedByLabel(findTestObject("Object Repository/RAD_Pages/PaymentEntry_Page/select_Country"), "United States", false, 20): All options with label 'United States' are selected in object 'Object Repository/RAD_Pages/PaymentEntry_Page/select_Country' 

2023-09-12 16:46:55 - [MESSAGE][PASSED] - All options with label 'United States' are selected in object 'Object Repository/RAD_Pages/PaymentEntry_Page/select_Country' 

2023-09-12 16:46:55 - [TEST_STEP][PASSED] - verifyOptionSelectedByLabel(findTestObject("Object Repository/RAD_Pages/PaymentEntry_Page/select_State"), "Maryland", false, 20): All options with label 'Maryland' are selected in object 'Object Repository/RAD_Pages/PaymentEntry_Page/select_State' 

2023-09-12 16:46:58 - [MESSAGE][PASSED] - All options with label 'Maryland' are selected in object 'Object Repository/RAD_Pages/PaymentEntry_Page/select_State' 

2023-09-12 16:46:58 - [TEST_STEP][PASSED] - setText(findTestObject("Object Repository/RAD_Pages/PaymentEntry_Page/input__billingName"), "Anthony Gonzalez"): Text 'Anthony Gonzalez' is set on object 'Object Repository/RAD_Pages/PaymentEntry_Page/input__billingName'

2023-09-12 16:46:59 - [MESSAGE][PASSED] - Text 'Anthony Gonzalez' is set on object 'Object Repository/RAD_Pages/PaymentEntry_Page/input__billingName'

2023-09-12 16:46:59 - [TEST_STEP][PASSED] - setText(findTestObject(orPath_PaymentEntry + "/input__cardNumber"), "4111111111111111"): Text '4111111111111111' is set on object 'Object Repository/RAD_Pages/PaymentEntry_Page/input__cardNumber'

2023-09-12 16:46:59 - [MESSAGE][PASSED] - Text '4111111111111111' is set on object 'Object Repository/RAD_Pages/PaymentEntry_Page/input__cardNumber'

2023-09-12 16:46:59 - [TEST_STEP][PASSED] - setText(findTestObject(orPath_PaymentEntry + "/input__spc"), "123"): Text '123' is set on object 'Object Repository/RAD_Pages/PaymentEntry_Page/input__spc'

2023-09-12 16:47:00 - [MESSAGE][PASSED] - Text '123' is set on object 'Object Repository/RAD_Pages/PaymentEntry_Page/input__spc'

2023-09-12 16:47:00 - [TEST_STEP][PASSED] - selectOptionByLabel(findTestObject(orPath_PaymentEntry + "/select_MM"), "12", false): All options with label '12' are selected in object 'Object Repository/RAD_Pages/PaymentEntry_Page/select_MM' 

2023-09-12 16:47:01 - [MESSAGE][PASSED] - All options with label '12' are selected in object 'Object Repository/RAD_Pages/PaymentEntry_Page/select_MM' 

2023-09-12 16:47:01 - [TEST_STEP][PASSED] - selectOptionByLabel(findTestObject(orPath_PaymentEntry + "/select_YYYY"), "2028", false): All options with label '2028' are selected in object 'Object Repository/RAD_Pages/PaymentEntry_Page/select_YYYY' 

2023-09-12 16:47:02 - [MESSAGE][PASSED] - All options with label '2028' are selected in object 'Object Repository/RAD_Pages/PaymentEntry_Page/select_YYYY' 

2023-09-12 16:47:02 - [TEST_STEP][PASSED] - click(findTestObject(orPath_PaymentEntry + "/input_Field_ccSubmit")): Object: 'Object Repository/RAD_Pages/PaymentEntry_Page/input_Field_ccSubmit' is clicked on

2023-09-12 16:47:02 - [MESSAGE][PASSED] - Object: 'Object Repository/RAD_Pages/PaymentEntry_Page/input_Field_ccSubmit' is clicked on

2023-09-12 16:47:02 - [TEST_STEP][PASSED] - click(findTestObject(orPath_PaymentConfirmation + "/input_N_confirmNotifyAction")): Object: 'Object Repository/RAD_Pages/PaymentConfirmation_Page/input_N_confirmNotifyAction' is clicked on

2023-09-12 16:47:03 - [MESSAGE][PASSED] - Object: 'Object Repository/RAD_Pages/PaymentConfirmation_Page/input_N_confirmNotifyAction' is clicked on

2023-09-12 16:47:03 - [TEST_STEP][PASSED] - verifyTextPresent("Service Fee Acceptance", true): Text 'Service Fee Acceptance' is present on page  using regular expression

2023-09-12 16:47:04 - [MESSAGE][PASSED] - Text 'Service Fee Acceptance' is present on page  using regular expression

2023-09-12 16:47:04 - [TEST_STEP][PASSED] - verifyTextPresent("This transaction is subject to a Service Fee of ", true): Text 'This transaction is subject to a Service Fee of ' is present on page  using regular expression

2023-09-12 16:47:04 - [MESSAGE][PASSED] - Text 'This transaction is subject to a Service Fee of ' is present on page  using regular expression

2023-09-12 16:47:04 - [TEST_STEP][PASSED] - verifyTextPresent("Payment Amount:", true): Text 'Payment Amount:' is present on page  using regular expression

2023-09-12 16:47:04 - [MESSAGE][PASSED] - Text 'Payment Amount:' is present on page  using regular expression

2023-09-12 16:47:04 - [TEST_STEP][PASSED] - verifyTextPresent("100.00", true): Text '100.00' is present on page  using regular expression

2023-09-12 16:47:05 - [MESSAGE][PASSED] - Text '100.00' is present on page  using regular expression

2023-09-12 16:47:05 - [TEST_STEP][PASSED] - verifyTextPresent("Service Fee:", true): Text 'Service Fee:' is present on page  using regular expression

2023-09-12 16:47:05 - [MESSAGE][PASSED] - Text 'Service Fee:' is present on page  using regular expression

2023-09-12 16:47:05 - [TEST_STEP][PASSED] - verifyTextPresent("2.45", true): Text '2.45' is present on page  using regular expression

2023-09-12 16:47:05 - [MESSAGE][PASSED] - Text '2.45' is present on page  using regular expression

2023-09-12 16:47:05 - [TEST_STEP][PASSED] - verifyTextPresent("Total Amount:", true): Text 'Total Amount:' is present on page  using regular expression

2023-09-12 16:47:06 - [MESSAGE][PASSED] - Text 'Total Amount:' is present on page  using regular expression

2023-09-12 16:47:06 - [TEST_STEP][PASSED] - verifyTextPresent("102.45", true): Text '102.45' is present on page  using regular expression

2023-09-12 16:47:06 - [MESSAGE][PASSED] - Text '102.45' is present on page  using regular expression

2023-09-12 16:47:06 - [TEST_STEP][PASSED] - verifyTextPresent("Two transactions will appear on your bank statement, one in the amount of", true): Text 'Two transactions will appear on your bank statement, one in the amount of' is present on page  using regular expression

2023-09-12 16:47:06 - [MESSAGE][PASSED] - Text 'Two transactions will appear on your bank statement, one in the amount of' is present on page  using regular expression

2023-09-12 16:47:06 - [TEST_STEP][PASSED] - verifyElementPresent(findTestObject(orPath_ServiceFeesAccept + "/input_convFeeNotifyAction"), 30): Object 'Object Repository/RAD_Pages/ServiceFeeAccept_Page/input_convFeeNotifyAction' is present

2023-09-12 16:47:06 - [MESSAGE][PASSED] - Object 'Object Repository/RAD_Pages/ServiceFeeAccept_Page/input_convFeeNotifyAction' is present

2023-09-12 16:47:06 - [TEST_STEP][PASSED] - ExecuteTC = findTestData(dataFile).getValue("Execute", row): null

2023-09-12 16:47:07 - [TEST_STEP][PASSED] - TaxType = findTestData(dataFile).getValue("TaxType", row): null

2023-09-12 16:47:07 - [TEST_STEP][PASSED] - PaymentType = findTestData(dataFile).getValue("PaymentType", row): null

2023-09-12 16:47:07 - [TEST_STEP][PASSED] - FilingYear = findTestData(dataFile).getValue("Year", row): null

2023-09-12 16:47:07 - [TEST_STEP][PASSED] - PeriodEndingMonth = findTestData(dataFile).getValue("Month", row): null

2023-09-12 16:47:07 - [TEST_STEP][PASSED] - if (ExecuteTC.equalsIgnoreCase("Y")): Object 'Object Repository/RAD_Pages/ServiceFeeAccept_Page/input_convFeeNotifyAction' is present

2023-09-12 16:47:07 - [TEST_STEP][PASSED] - out.println("Begin Record Number: " + row): null

2023-09-12 16:47:07 - [TEST_STEP][PASSED] - today = new java.util.Date(): null

2023-09-12 16:47:07 - [TEST_STEP][PASSED] - println(today): null

2023-09-12 16:47:07 - [TEST_STEP][PASSED] - datText = today: null

2023-09-12 16:47:07 - [TEST_STEP][PASSED] - logInfo("Payment Type: Extension Payments"): Payment Type: Extension Payments

2023-09-12 16:47:07 - [MESSAGE][INFO] - Payment Type: Extension Payments

2023-09-12 16:47:07 - [TEST_STEP][PASSED] - logInfo("Tax Type: " + TaxType): Tax Type: PTE Tax Electing Non-S Corp

2023-09-12 16:47:07 - [MESSAGE][INFO] - Tax Type: PTE Tax Electing Non-S Corp

2023-09-12 16:47:07 - [TEST_STEP][PASSED] - openBrowser(""): Browser is opened with url: ''

2023-09-12 16:47:07 - [MESSAGE][WARNING] - A browser is already opened. Closing browser and opening a new one

2023-09-12 16:47:08 - [MESSAGE][INFO] - Starting 'Chrome' driver

2023-09-12 16:47:08 - [MESSAGE][INFO] - User set preference: ['acceptInsecureCerts', 'true']

2023-09-12 16:47:08 - [MESSAGE][INFO] - Action delay is set to 0 milliseconds

2023-09-12 16:47:09 - [MESSAGE][PASSED] - Browser is opened with url: ''

2023-09-12 16:47:09 - [TEST_STEP][PASSED] - maximizeWindow(): Current window maximized

2023-09-12 16:47:09 - [MESSAGE][PASSED] - Current window maximized

2023-09-12 16:47:09 - [TEST_STEP][PASSED] - navigateToUrl(RADurl): Navigate to 'https://demo.velocitypayment.com/client/rad/index.html' successfully

2023-09-12 16:47:11 - [MESSAGE][PASSED] - Navigate to 'https://demo.velocitypayment.com/client/rad/index.html' successfully

2023-09-12 16:47:11 - [TEST_STEP][PASSED] - selectOptionByLabel(findTestObject(orPath_Landing + "/dd_TaxType"), "Extension Payments", false): All options with label 'Extension Payments' are selected in object 'Object Repository/RAD_Pages/Landing_Page/dd_TaxType' 

2023-09-12 16:47:11 - [MESSAGE][PASSED] - All options with label 'Extension Payments' are selected in object 'Object Repository/RAD_Pages/Landing_Page/dd_TaxType' 

2023-09-12 16:47:11 - [TEST_STEP][PASSED] - selectOptionByLabel(findTestObject(orPath_TaxTypeFilingYear + "/select_PaymentType"), TaxType, false): All options with label 'PTE Tax Electing Non-S Corp' are selected in object 'Object Repository/RAD_Pages/TaxTypeFilingYear_Page/select_PaymentType' 

2023-09-12 16:47:12 - [MESSAGE][PASSED] - All options with label 'PTE Tax Electing Non-S Corp' are selected in object 'Object Repository/RAD_Pages/TaxTypeFilingYear_Page/select_PaymentType' 

2023-09-12 16:47:12 - [TEST_STEP][PASSED] - selectOptionByLabel(findTestObject(orPath_TaxTypeFilingYear + "/select_FilingYear"), FilingYear, false): All options with label '2022' are selected in object 'Object Repository/RAD_Pages/TaxTypeFilingYear_Page/select_FilingYear' 

2023-09-12 16:47:13 - [MESSAGE][PASSED] - All options with label '2022' are selected in object 'Object Repository/RAD_Pages/TaxTypeFilingYear_Page/select_FilingYear' 

2023-09-12 16:47:13 - [TEST_STEP][PASSED] - switch (TaxType): null

2023-09-12 16:47:13 - [TEST_STEP][PASSED] - rad.getSetDataRAD.setDataRADBusinessName(): rad.getSetDataRAD.setDataRADBusinessName is PASSED

2023-09-12 16:47:14 - [MESSAGE][PASSED] - Text 'My Company' is set on object 'Object Repository/RAD_Pages/Taxpayer_Page/input_businessName'

2023-09-12 16:47:14 - [MESSAGE][PASSED] - rad.getSetDataRAD.setDataRADBusinessName is PASSED

2023-09-12 16:47:14 - [TEST_STEP][PASSED] - rad.getSetDataRAD.setDataRADAddress(): rad.getSetDataRAD.setDataRADAddress is PASSED

2023-09-12 16:47:15 - [MESSAGE][PASSED] - All options with label 'United States' are selected in object 'Object Repository/RAD_Pages/AddressAndContactInfo_Page/select_Country' 

2023-09-12 16:47:16 - [MESSAGE][PASSED] - Text '2508 Mandan Terrace' is set on object 'Object Repository/RAD_Pages/AddressAndContactInfo_Page/input_streetAddress1'

2023-09-12 16:47:17 - [MESSAGE][PASSED] - Text '' is set on object 'Object Repository/RAD_Pages/AddressAndContactInfo_Page/input_streetAddress2'

2023-09-12 16:47:18 - [MESSAGE][PASSED] - Text 'Gambrills' is set on object 'Object Repository/RAD_Pages/AddressAndContactInfo_Page/input_city'

2023-09-12 16:47:19 - [MESSAGE][PASSED] - All options with label 'Maryland' are selected in object 'Object Repository/RAD_Pages/AddressAndContactInfo_Page/select_State' 

2023-09-12 16:47:19 - [MESSAGE][PASSED] - Text '21054' is set on object 'Object Repository/RAD_Pages/AddressAndContactInfo_Page/input_zipCode'

2023-09-12 16:47:20 - [MESSAGE][PASSED] - Text '(703) 894-5000' is set on object 'Object Repository/RAD_Pages/AddressAndContactInfo_Page/input_phoneNumber'

2023-09-12 16:47:21 - [MESSAGE][PASSED] - Text 'iahmed@govolution.com' is set on object 'Object Repository/RAD_Pages/AddressAndContactInfo_Page/input_eMailAddress'

2023-09-12 16:47:22 - [MESSAGE][PASSED] - Text 'iahmed@govolution.com' is set on object 'Object Repository/RAD_Pages/AddressAndContactInfo_Page/input_reEnterEMailAddress'

2023-09-12 16:47:22 - [MESSAGE][PASSED] - rad.getSetDataRAD.setDataRADAddress is PASSED

2023-09-12 16:47:22 - [TEST_STEP][PASSED] - rad.getSetDataRAD.setDataRADFEIN(): rad.getSetDataRAD.setDataRADFEIN is PASSED

2023-09-12 16:47:23 - [MESSAGE][PASSED] - Text ****** has been set on object 'Object Repository/RAD_Pages/TaxInfo_Page/input_FederalEIN'

2023-09-12 16:47:24 - [MESSAGE][PASSED] - Text ****** has been set on object 'Object Repository/RAD_Pages/TaxInfo_Page/input_FederalEIN_ReEnter'

2023-09-12 16:47:24 - [MESSAGE][PASSED] - rad.getSetDataRAD.setDataRADFEIN is PASSED

2023-09-12 16:47:24 - [TEST_STEP][PASSED] - setText(findTestObject(orPath_Amount + "/input__paymentAmount"), "100.00"): Text '100.00' is set on object 'Object Repository/RAD_Pages/PaymentAmount_Page/input__paymentAmount'

2023-09-12 16:47:24 - [MESSAGE][PASSED] - Text '100.00' is set on object 'Object Repository/RAD_Pages/PaymentAmount_Page/input__paymentAmount'

2023-09-12 16:47:24 - [TEST_STEP][PASSED] - setText(findTestObject(orPath_AddressContact + "/input_streetAddress2"), ""): Text '' is set on object 'Object Repository/RAD_Pages/AddressAndContactInfo_Page/input_streetAddress2'

2023-09-12 16:47:25 - [MESSAGE][PASSED] - Text '' is set on object 'Object Repository/RAD_Pages/AddressAndContactInfo_Page/input_streetAddress2'

2023-09-12 16:47:25 - [TEST_STEP][PASSED] - scrollToElement(findTestObject(orPath_Landing + "/button_Continue"), 3): Scroll to object 'Object Repository/RAD_Pages/Landing_Page/button_Continue' successfully

2023-09-12 16:47:26 - [MESSAGE][PASSED] - Scroll to object 'Object Repository/RAD_Pages/Landing_Page/button_Continue' successfully

2023-09-12 16:47:26 - [TEST_STEP][PASSED] - waitForElementClickable(findTestObject(orPath_Landing + "/button_Continue"), 5): Object 'Object Repository/RAD_Pages/Landing_Page/button_Continue' is clickable

2023-09-12 16:47:26 - [MESSAGE][PASSED] - Object 'Object Repository/RAD_Pages/Landing_Page/button_Continue' is clickable

2023-09-12 16:47:26 - [TEST_STEP][PASSED] - click(findTestObject(orPath_Landing + "/button_Continue")): Object: 'Object Repository/RAD_Pages/Landing_Page/button_Continue' is clicked on

2023-09-12 16:47:26 - [MESSAGE][PASSED] - Object: 'Object Repository/RAD_Pages/Landing_Page/button_Continue' is clicked on

2023-09-12 16:47:26 - [TEST_STEP][PASSED] - delay(2): Delayed 2 second(s)

2023-09-12 16:47:28 - [MESSAGE][PASSED] - Delayed 2 second(s)

2023-09-12 16:47:28 - [TEST_STEP][PASSED] - verifyTextPresent("Summary", true): Text 'Summary' is present on page  using regular expression

2023-09-12 16:47:29 - [MESSAGE][PASSED] - Text 'Summary' is present on page  using regular expression

2023-09-12 16:47:29 - [TEST_STEP][PASSED] - verifyTextPresent("Review the information below and make any necessary corrections by clicking the", true): Text 'Review the information below and make any necessary corrections by clicking the' is present on page  using regular expression

2023-09-12 16:47:29 - [MESSAGE][PASSED] - Text 'Review the information below and make any necessary corrections by clicking the' is present on page  using regular expression

2023-09-12 16:47:29 - [TEST_STEP][PASSED] - verifyTextPresent("When you are confident that all the information is correct, click the", true): Text 'When you are confident that all the information is correct, click the' is present on page  using regular expression

2023-09-12 16:47:30 - [MESSAGE][PASSED] - Text 'When you are confident that all the information is correct, click the' is present on page  using regular expression

2023-09-12 16:47:30 - [TEST_STEP][PASSED] - verifyTextPresent("Payment Type/Filing Year", true): Text 'Payment Type/Filing Year' is present on page  using regular expression

2023-09-12 16:47:30 - [MESSAGE][PASSED] - Text 'Payment Type/Filing Year' is present on page  using regular expression

2023-09-12 16:47:30 - [TEST_STEP][PASSED] - verifyTextPresent("Payment Type:", true): Text 'Payment Type:' is present on page  using regular expression

2023-09-12 16:47:31 - [MESSAGE][PASSED] - Text 'Payment Type:' is present on page  using regular expression

2023-09-12 16:47:31 - [TEST_STEP][PASSED] - verifyTextPresent("Extension Payments", true): Text 'Extension Payments' is present on page  using regular expression

2023-09-12 16:47:31 - [MESSAGE][PASSED] - Text 'Extension Payments' is present on page  using regular expression

2023-09-12 16:47:31 - [TEST_STEP][PASSED] - verifyTextPresent("Filing Year:", true): Text 'Filing Year:' is present on page  using regular expression

2023-09-12 16:47:31 - [MESSAGE][PASSED] - Text 'Filing Year:' is present on page  using regular expression

2023-09-12 16:47:31 - [TEST_STEP][PASSED] - verifyTextPresent(FilingYear, true): Text '2022' is present on page  using regular expression

2023-09-12 16:47:32 - [MESSAGE][PASSED] - Text '2022' is present on page  using regular expression

2023-09-12 16:47:32 - [TEST_STEP][PASSED] - switch (TaxType): null

2023-09-12 16:47:32 - [TEST_STEP][PASSED] - verifyTextPresent("Payer Information", true): Text 'Payer Information' is present on page  using regular expression

2023-09-12 16:47:32 - [MESSAGE][PASSED] - Text 'Payer Information' is present on page  using regular expression

2023-09-12 16:47:32 - [TEST_STEP][PASSED] - verifyTextPresent("Taxpayer Name:", true): Text 'Taxpayer Name:' is present on page  using regular expression

2023-09-12 16:47:32 - [MESSAGE][PASSED] - Text 'Taxpayer Name:' is present on page  using regular expression

2023-09-12 16:47:32 - [TEST_STEP][PASSED] - verifyTextPresent("My Company", true): Text 'My Company' is present on page  using regular expression

2023-09-12 16:47:33 - [MESSAGE][PASSED] - Text 'My Company' is present on page  using regular expression

2023-09-12 16:47:33 - [TEST_STEP][PASSED] - verifyTextPresent("Taxpayer Address:", true): Text 'Taxpayer Address:' is present on page  using regular expression

2023-09-12 16:47:33 - [MESSAGE][PASSED] - Text 'Taxpayer Address:' is present on page  using regular expression

2023-09-12 16:47:33 - [TEST_STEP][PASSED] - verifyTextPresent("2508 Mandan Terrace Gambrills Maryland 21054", true): Text '2508 Mandan Terrace Gambrills Maryland 21054' is present on page  using regular expression

2023-09-12 16:47:34 - [MESSAGE][PASSED] - Text '2508 Mandan Terrace Gambrills Maryland 21054' is present on page  using regular expression

2023-09-12 16:47:34 - [TEST_STEP][PASSED] - verifyTextPresent("Email:", true): Text 'Email:' is present on page  using regular expression

2023-09-12 16:47:34 - [MESSAGE][PASSED] - Text 'Email:' is present on page  using regular expression

2023-09-12 16:47:34 - [TEST_STEP][PASSED] - verifyTextPresent("iahmed@govolution.com", true): Text 'iahmed@govolution.com' is present on page  using regular expression

2023-09-12 16:47:34 - [MESSAGE][PASSED] - Text 'iahmed@govolution.com' is present on page  using regular expression

2023-09-12 16:47:34 - [TEST_STEP][PASSED] - verifyTextPresent("Phone:", true): Text 'Phone:' is present on page  using regular expression

2023-09-12 16:47:35 - [MESSAGE][PASSED] - Text 'Phone:' is present on page  using regular expression

2023-09-12 16:47:35 - [TEST_STEP][PASSED] - verifyTextPresent("(703) 894-5000", false): Text '(703) 894-5000' is present on page 

2023-09-12 16:47:35 - [MESSAGE][PASSED] - Text '(703) 894-5000' is present on page 

2023-09-12 16:47:35 - [TEST_STEP][PASSED] - verifyTextPresent("Tax Information", true): Text 'Tax Information' is present on page  using regular expression

2023-09-12 16:47:36 - [MESSAGE][PASSED] - Text 'Tax Information' is present on page  using regular expression

2023-09-12 16:47:36 - [TEST_STEP][PASSED] - verifyTextPresent("Federal EIN:", true): Text 'Federal EIN:' is present on page  using regular expression

2023-09-12 16:47:36 - [MESSAGE][PASSED] - Text 'Federal EIN:' is present on page  using regular expression

2023-09-12 16:47:36 - [TEST_STEP][PASSED] - verifyTextPresent("Payment Amount:", true): Text 'Payment Amount:' is present on page  using regular expression

2023-09-12 16:47:36 - [MESSAGE][PASSED] - Text 'Payment Amount:' is present on page  using regular expression

2023-09-12 16:47:36 - [TEST_STEP][PASSED] - verifyTextPresent("100.00", true): Text '100.00' is present on page  using regular expression

2023-09-12 16:47:37 - [MESSAGE][PASSED] - Text '100.00' is present on page  using regular expression

2023-09-12 16:47:37 - [TEST_STEP][PASSED] - click(findTestObject(orPath_Summary + "/button_Proceed to Payment")): Object: 'Object Repository/RAD_Pages/Summary_Page/button_Proceed to Payment' is clicked on

2023-09-12 16:47:38 - [MESSAGE][PASSED] - Object: 'Object Repository/RAD_Pages/Summary_Page/button_Proceed to Payment' is clicked on

2023-09-12 16:47:38 - [TEST_STEP][PASSED] - verifyTextPresent("Comptroller of Maryland", true): Text 'Comptroller of Maryland' is present on page  using regular expression

2023-09-12 16:47:39 - [MESSAGE][PASSED] - Text 'Comptroller of Maryland' is present on page  using regular expression

2023-09-12 16:47:39 - [TEST_STEP][PASSED] - verifyTextPresent("Revenue Administration Division", true): Text 'Revenue Administration Division' is present on page  using regular expression

2023-09-12 16:47:39 - [MESSAGE][PASSED] - Text 'Revenue Administration Division' is present on page  using regular expression

2023-09-12 16:47:39 - [TEST_STEP][PASSED] - verifyTextPresent("Payment Information", true): Text 'Payment Information' is present on page  using regular expression

2023-09-12 16:47:39 - [MESSAGE][PASSED] - Text 'Payment Information' is present on page  using regular expression

2023-09-12 16:47:39 - [TEST_STEP][PASSED] - card_Name = getAttribute(findTestObject("Object Repository/RAD_Pages/PaymentEntry_Page/input__billingName"), "value"): Attribute 'value' of object 'Object Repository/RAD_Pages/PaymentEntry_Page/input__billingName' is: ''

2023-09-12 16:47:40 - [MESSAGE][PASSED] - Attribute 'value' of object 'Object Repository/RAD_Pages/PaymentEntry_Page/input__billingName' is: ''

2023-09-12 16:47:40 - [TEST_STEP][PASSED] - verifyMatch("", card_Name, false): Actual text '' and expected text '' are matched 

2023-09-12 16:47:40 - [MESSAGE][PASSED] - Actual text '' and expected text '' are matched 

2023-09-12 16:47:40 - [TEST_STEP][PASSED] - AL1 = getAttribute(findTestObject("Object Repository/RAD_Pages/PaymentEntry_Page/input_billingAddress"), "value"): Attribute 'value' of object 'Object Repository/RAD_Pages/PaymentEntry_Page/input_billingAddress' is: '2508 Mandan Terrace'

2023-09-12 16:47:40 - [MESSAGE][PASSED] - Attribute 'value' of object 'Object Repository/RAD_Pages/PaymentEntry_Page/input_billingAddress' is: '2508 Mandan Terrace'

2023-09-12 16:47:40 - [TEST_STEP][PASSED] - verifyMatch("2508 Mandan Terrace", AL1, false): Actual text '2508 Mandan Terrace' and expected text '2508 Mandan Terrace' are matched 

2023-09-12 16:47:40 - [MESSAGE][PASSED] - Actual text '2508 Mandan Terrace' and expected text '2508 Mandan Terrace' are matched 

2023-09-12 16:47:40 - [TEST_STEP][PASSED] - AL2 = getAttribute(findTestObject("Object Repository/RAD_Pages/PaymentEntry_Page/input_billingAddress2"), "value"): Attribute 'value' of object 'Object Repository/RAD_Pages/PaymentEntry_Page/input_billingAddress2' is: ''

2023-09-12 16:47:40 - [MESSAGE][PASSED] - Attribute 'value' of object 'Object Repository/RAD_Pages/PaymentEntry_Page/input_billingAddress2' is: ''

2023-09-12 16:47:40 - [TEST_STEP][PASSED] - verifyMatch("", AL2, false): Actual text '' and expected text '' are matched 

2023-09-12 16:47:40 - [MESSAGE][PASSED] - Actual text '' and expected text '' are matched 

2023-09-12 16:47:40 - [TEST_STEP][PASSED] - zipCode = getAttribute(findTestObject("Object Repository/RAD_Pages/PaymentEntry_Page/input_billingZip"), "value"): Attribute 'value' of object 'Object Repository/RAD_Pages/PaymentEntry_Page/input_billingZip' is: '21054'

2023-09-12 16:47:41 - [MESSAGE][PASSED] - Attribute 'value' of object 'Object Repository/RAD_Pages/PaymentEntry_Page/input_billingZip' is: '21054'

2023-09-12 16:47:41 - [TEST_STEP][PASSED] - verifyMatch("21054", zipCode, false): Actual text '21054' and expected text '21054' are matched 

2023-09-12 16:47:41 - [MESSAGE][PASSED] - Actual text '21054' and expected text '21054' are matched 

2023-09-12 16:47:41 - [TEST_STEP][PASSED] - city = getAttribute(findTestObject("Object Repository/RAD_Pages/PaymentEntry_Page/input_billingCity"), "value"): Attribute 'value' of object 'Object Repository/RAD_Pages/PaymentEntry_Page/input_billingCity' is: 'GAMBRILLS'

2023-09-12 16:47:41 - [MESSAGE][PASSED] - Attribute 'value' of object 'Object Repository/RAD_Pages/PaymentEntry_Page/input_billingCity' is: 'GAMBRILLS'

2023-09-12 16:47:41 - [TEST_STEP][PASSED] - verifyMatch("GAMBRILLS", city, false): Actual text 'GAMBRILLS' and expected text 'GAMBRILLS' are matched 

2023-09-12 16:47:41 - [MESSAGE][PASSED] - Actual text 'GAMBRILLS' and expected text 'GAMBRILLS' are matched 

2023-09-12 16:47:41 - [TEST_STEP][PASSED] - email = getAttribute(findTestObject("Object Repository/RAD_Pages/PaymentEntry_Page/input_emailAddress"), "value"): Attribute 'value' of object 'Object Repository/RAD_Pages/PaymentEntry_Page/input_emailAddress' is: 'iahmed@govolution.com'

2023-09-12 16:47:42 - [MESSAGE][PASSED] - Attribute 'value' of object 'Object Repository/RAD_Pages/PaymentEntry_Page/input_emailAddress' is: 'iahmed@govolution.com'

2023-09-12 16:47:42 - [TEST_STEP][PASSED] - verifyMatch("iahmed@govolution.com", email, false): Actual text 'iahmed@govolution.com' and expected text 'iahmed@govolution.com' are matched 

2023-09-12 16:47:42 - [MESSAGE][PASSED] - Actual text 'iahmed@govolution.com' and expected text 'iahmed@govolution.com' are matched 

2023-09-12 16:47:42 - [TEST_STEP][PASSED] - amount = getAttribute(findTestObject("Object Repository/RAD_Pages/PaymentEntry_Page/input_amount"), "value"): Attribute 'value' of object 'Object Repository/RAD_Pages/PaymentEntry_Page/input_amount' is: '100.00'

2023-09-12 16:47:42 - [MESSAGE][PASSED] - Attribute 'value' of object 'Object Repository/RAD_Pages/PaymentEntry_Page/input_amount' is: '100.00'

2023-09-12 16:47:42 - [TEST_STEP][PASSED] - verifyMatch("100.00", amount, false): Actual text '100.00' and expected text '100.00' are matched 

2023-09-12 16:47:42 - [MESSAGE][PASSED] - Actual text '100.00' and expected text '100.00' are matched 

2023-09-12 16:47:42 - [TEST_STEP][PASSED] - amountReadOnly = getAttribute(findTestObject("Object Repository/RAD_Pages/PaymentEntry_Page/input_amount"), "readonly"): Attribute 'readonly' of object 'Object Repository/RAD_Pages/PaymentEntry_Page/input_amount' is: 'true'

2023-09-12 16:47:42 - [MESSAGE][PASSED] - Attribute 'readonly' of object 'Object Repository/RAD_Pages/PaymentEntry_Page/input_amount' is: 'true'

2023-09-12 16:47:42 - [TEST_STEP][PASSED] - verifyMatch("true", amountReadOnly, false): Actual text 'true' and expected text 'true' are matched 

2023-09-12 16:47:42 - [MESSAGE][PASSED] - Actual text 'true' and expected text 'true' are matched 

2023-09-12 16:47:42 - [TEST_STEP][PASSED] - verifyOptionSelectedByLabel(findTestObject("Object Repository/RAD_Pages/PaymentEntry_Page/select_Country"), "United States", false, 20): All options with label 'United States' are selected in object 'Object Repository/RAD_Pages/PaymentEntry_Page/select_Country' 

2023-09-12 16:47:43 - [MESSAGE][PASSED] - All options with label 'United States' are selected in object 'Object Repository/RAD_Pages/PaymentEntry_Page/select_Country' 

2023-09-12 16:47:43 - [TEST_STEP][PASSED] - verifyOptionSelectedByLabel(findTestObject("Object Repository/RAD_Pages/PaymentEntry_Page/select_State"), "Maryland", false, 20): All options with label 'Maryland' are selected in object 'Object Repository/RAD_Pages/PaymentEntry_Page/select_State' 

2023-09-12 16:47:46 - [MESSAGE][PASSED] - All options with label 'Maryland' are selected in object 'Object Repository/RAD_Pages/PaymentEntry_Page/select_State' 

2023-09-12 16:47:46 - [TEST_STEP][PASSED] - setText(findTestObject("Object Repository/RAD_Pages/PaymentEntry_Page/input__billingName"), "Anthony Gonzalez"): Text 'Anthony Gonzalez' is set on object 'Object Repository/RAD_Pages/PaymentEntry_Page/input__billingName'

2023-09-12 16:47:47 - [MESSAGE][PASSED] - Text 'Anthony Gonzalez' is set on object 'Object Repository/RAD_Pages/PaymentEntry_Page/input__billingName'

2023-09-12 16:47:47 - [TEST_STEP][PASSED] - setText(findTestObject(orPath_PaymentEntry + "/input__cardNumber"), "4111111111111111"): Text '4111111111111111' is set on object 'Object Repository/RAD_Pages/PaymentEntry_Page/input__cardNumber'

2023-09-12 16:47:48 - [MESSAGE][PASSED] - Text '4111111111111111' is set on object 'Object Repository/RAD_Pages/PaymentEntry_Page/input__cardNumber'

2023-09-12 16:47:48 - [TEST_STEP][PASSED] - setText(findTestObject(orPath_PaymentEntry + "/input__spc"), "123"): Text '123' is set on object 'Object Repository/RAD_Pages/PaymentEntry_Page/input__spc'

2023-09-12 16:47:48 - [MESSAGE][PASSED] - Text '123' is set on object 'Object Repository/RAD_Pages/PaymentEntry_Page/input__spc'

2023-09-12 16:47:48 - [TEST_STEP][PASSED] - selectOptionByLabel(findTestObject(orPath_PaymentEntry + "/select_MM"), "12", false): All options with label '12' are selected in object 'Object Repository/RAD_Pages/PaymentEntry_Page/select_MM' 

2023-09-12 16:47:49 - [MESSAGE][PASSED] - All options with label '12' are selected in object 'Object Repository/RAD_Pages/PaymentEntry_Page/select_MM' 

2023-09-12 16:47:49 - [TEST_STEP][PASSED] - selectOptionByLabel(findTestObject(orPath_PaymentEntry + "/select_YYYY"), "2028", false): All options with label '2028' are selected in object 'Object Repository/RAD_Pages/PaymentEntry_Page/select_YYYY' 

2023-09-12 16:47:50 - [MESSAGE][PASSED] - All options with label '2028' are selected in object 'Object Repository/RAD_Pages/PaymentEntry_Page/select_YYYY' 

2023-09-12 16:47:50 - [TEST_STEP][PASSED] - click(findTestObject(orPath_PaymentEntry + "/input_Field_ccSubmit")): Object: 'Object Repository/RAD_Pages/PaymentEntry_Page/input_Field_ccSubmit' is clicked on

2023-09-12 16:47:50 - [MESSAGE][PASSED] - Object: 'Object Repository/RAD_Pages/PaymentEntry_Page/input_Field_ccSubmit' is clicked on

2023-09-12 16:47:50 - [TEST_STEP][PASSED] - click(findTestObject(orPath_PaymentConfirmation + "/input_N_confirmNotifyAction")): Object: 'Object Repository/RAD_Pages/PaymentConfirmation_Page/input_N_confirmNotifyAction' is clicked on

2023-09-12 16:47:51 - [MESSAGE][PASSED] - Object: 'Object Repository/RAD_Pages/PaymentConfirmation_Page/input_N_confirmNotifyAction' is clicked on

2023-09-12 16:47:51 - [TEST_STEP][PASSED] - verifyTextPresent("Service Fee Acceptance", true): Text 'Service Fee Acceptance' is present on page  using regular expression

2023-09-12 16:47:52 - [MESSAGE][PASSED] - Text 'Service Fee Acceptance' is present on page  using regular expression

2023-09-12 16:47:52 - [TEST_STEP][PASSED] - verifyTextPresent("This transaction is subject to a Service Fee of ", true): Text 'This transaction is subject to a Service Fee of ' is present on page  using regular expression

2023-09-12 16:47:52 - [MESSAGE][PASSED] - Text 'This transaction is subject to a Service Fee of ' is present on page  using regular expression

2023-09-12 16:47:52 - [TEST_STEP][PASSED] - verifyTextPresent("Payment Amount:", true): Text 'Payment Amount:' is present on page  using regular expression

2023-09-12 16:47:53 - [MESSAGE][PASSED] - Text 'Payment Amount:' is present on page  using regular expression

2023-09-12 16:47:53 - [TEST_STEP][PASSED] - verifyTextPresent("100.00", true): Text '100.00' is present on page  using regular expression

2023-09-12 16:47:53 - [MESSAGE][PASSED] - Text '100.00' is present on page  using regular expression

2023-09-12 16:47:53 - [TEST_STEP][PASSED] - verifyTextPresent("Service Fee:", true): Text 'Service Fee:' is present on page  using regular expression

2023-09-12 16:47:53 - [MESSAGE][PASSED] - Text 'Service Fee:' is present on page  using regular expression

2023-09-12 16:47:53 - [TEST_STEP][PASSED] - verifyTextPresent("2.45", true): Text '2.45' is present on page  using regular expression

2023-09-12 16:47:53 - [MESSAGE][PASSED] - Text '2.45' is present on page  using regular expression

2023-09-12 16:47:53 - [TEST_STEP][PASSED] - verifyTextPresent("Total Amount:", true): Text 'Total Amount:' is present on page  using regular expression

2023-09-12 16:47:54 - [MESSAGE][PASSED] - Text 'Total Amount:' is present on page  using regular expression

2023-09-12 16:47:54 - [TEST_STEP][PASSED] - verifyTextPresent("102.45", true): Text '102.45' is present on page  using regular expression

2023-09-12 16:47:54 - [MESSAGE][PASSED] - Text '102.45' is present on page  using regular expression

2023-09-12 16:47:54 - [TEST_STEP][PASSED] - verifyTextPresent("Two transactions will appear on your bank statement, one in the amount of", true): Text 'Two transactions will appear on your bank statement, one in the amount of' is present on page  using regular expression

2023-09-12 16:47:54 - [MESSAGE][PASSED] - Text 'Two transactions will appear on your bank statement, one in the amount of' is present on page  using regular expression

2023-09-12 16:47:54 - [TEST_STEP][PASSED] - verifyElementPresent(findTestObject(orPath_ServiceFeesAccept + "/input_convFeeNotifyAction"), 30): Object 'Object Repository/RAD_Pages/ServiceFeeAccept_Page/input_convFeeNotifyAction' is present

2023-09-12 16:47:55 - [MESSAGE][PASSED] - Object 'Object Repository/RAD_Pages/ServiceFeeAccept_Page/input_convFeeNotifyAction' is present

2023-09-12 16:47:55 - [TEST_STEP][PASSED] - ExecuteTC = findTestData(dataFile).getValue("Execute", row): null

2023-09-12 16:47:55 - [TEST_STEP][PASSED] - TaxType = findTestData(dataFile).getValue("TaxType", row): null

2023-09-12 16:47:55 - [TEST_STEP][PASSED] - PaymentType = findTestData(dataFile).getValue("PaymentType", row): null

2023-09-12 16:47:55 - [TEST_STEP][PASSED] - FilingYear = findTestData(dataFile).getValue("Year", row): null

2023-09-12 16:47:55 - [TEST_STEP][PASSED] - PeriodEndingMonth = findTestData(dataFile).getValue("Month", row): null

2023-09-12 16:47:55 - [TEST_STEP][PASSED] - if (ExecuteTC.equalsIgnoreCase("Y")): Object 'Object Repository/RAD_Pages/ServiceFeeAccept_Page/input_convFeeNotifyAction' is present

2023-09-12 16:47:55 - [TEST_STEP][PASSED] - out.println("Begin Record Number: " + row): null

2023-09-12 16:47:55 - [TEST_STEP][PASSED] - today = new java.util.Date(): null

2023-09-12 16:47:55 - [TEST_STEP][PASSED] - println(today): null

2023-09-12 16:47:55 - [TEST_STEP][PASSED] - datText = today: null

2023-09-12 16:47:55 - [TEST_STEP][PASSED] - logInfo("Payment Type: Extension Payments"): Payment Type: Extension Payments

2023-09-12 16:47:55 - [MESSAGE][INFO] - Payment Type: Extension Payments

2023-09-12 16:47:55 - [TEST_STEP][PASSED] - logInfo("Tax Type: " + TaxType): Tax Type: PTE Tax Electing S Corp

2023-09-12 16:47:55 - [MESSAGE][INFO] - Tax Type: PTE Tax Electing S Corp

2023-09-12 16:47:55 - [TEST_STEP][PASSED] - openBrowser(""): Browser is opened with url: ''

2023-09-12 16:47:55 - [MESSAGE][WARNING] - A browser is already opened. Closing browser and opening a new one

2023-09-12 16:47:56 - [MESSAGE][INFO] - Starting 'Chrome' driver

2023-09-12 16:47:56 - [MESSAGE][INFO] - User set preference: ['acceptInsecureCerts', 'true']

2023-09-12 16:47:56 - [MESSAGE][INFO] - Action delay is set to 0 milliseconds

2023-09-12 16:47:57 - [MESSAGE][PASSED] - Browser is opened with url: ''

2023-09-12 16:47:57 - [TEST_STEP][PASSED] - maximizeWindow(): Current window maximized

2023-09-12 16:47:58 - [MESSAGE][PASSED] - Current window maximized

2023-09-12 16:47:58 - [TEST_STEP][PASSED] - navigateToUrl(RADurl): Navigate to 'https://demo.velocitypayment.com/client/rad/index.html' successfully

2023-09-12 16:47:59 - [MESSAGE][PASSED] - Navigate to 'https://demo.velocitypayment.com/client/rad/index.html' successfully

2023-09-12 16:47:59 - [TEST_STEP][PASSED] - selectOptionByLabel(findTestObject(orPath_Landing + "/dd_TaxType"), "Extension Payments", false): All options with label 'Extension Payments' are selected in object 'Object Repository/RAD_Pages/Landing_Page/dd_TaxType' 

2023-09-12 16:48:00 - [MESSAGE][PASSED] - All options with label 'Extension Payments' are selected in object 'Object Repository/RAD_Pages/Landing_Page/dd_TaxType' 

2023-09-12 16:48:00 - [TEST_STEP][PASSED] - selectOptionByLabel(findTestObject(orPath_TaxTypeFilingYear + "/select_PaymentType"), TaxType, false): All options with label 'PTE Tax Electing S Corp' are selected in object 'Object Repository/RAD_Pages/TaxTypeFilingYear_Page/select_PaymentType' 

2023-09-12 16:48:01 - [MESSAGE][PASSED] - All options with label 'PTE Tax Electing S Corp' are selected in object 'Object Repository/RAD_Pages/TaxTypeFilingYear_Page/select_PaymentType' 

2023-09-12 16:48:01 - [TEST_STEP][PASSED] - selectOptionByLabel(findTestObject(orPath_TaxTypeFilingYear + "/select_FilingYear"), FilingYear, false): All options with label '2022' are selected in object 'Object Repository/RAD_Pages/TaxTypeFilingYear_Page/select_FilingYear' 

2023-09-12 16:48:01 - [MESSAGE][PASSED] - All options with label '2022' are selected in object 'Object Repository/RAD_Pages/TaxTypeFilingYear_Page/select_FilingYear' 

2023-09-12 16:48:01 - [TEST_STEP][PASSED] - switch (TaxType): null

2023-09-12 16:48:01 - [TEST_STEP][PASSED] - rad.getSetDataRAD.setDataRADBusinessName(): rad.getSetDataRAD.setDataRADBusinessName is PASSED

2023-09-12 16:48:02 - [MESSAGE][PASSED] - Text 'My Company' is set on object 'Object Repository/RAD_Pages/Taxpayer_Page/input_businessName'

2023-09-12 16:48:02 - [MESSAGE][PASSED] - rad.getSetDataRAD.setDataRADBusinessName is PASSED

2023-09-12 16:48:02 - [TEST_STEP][PASSED] - rad.getSetDataRAD.setDataRADAddress(): rad.getSetDataRAD.setDataRADAddress is PASSED

2023-09-12 16:48:04 - [MESSAGE][PASSED] - All options with label 'United States' are selected in object 'Object Repository/RAD_Pages/AddressAndContactInfo_Page/select_Country' 

2023-09-12 16:48:05 - [MESSAGE][PASSED] - Text '2508 Mandan Terrace' is set on object 'Object Repository/RAD_Pages/AddressAndContactInfo_Page/input_streetAddress1'

2023-09-12 16:48:05 - [MESSAGE][PASSED] - Text '' is set on object 'Object Repository/RAD_Pages/AddressAndContactInfo_Page/input_streetAddress2'

2023-09-12 16:48:06 - [MESSAGE][PASSED] - Text 'Gambrills' is set on object 'Object Repository/RAD_Pages/AddressAndContactInfo_Page/input_city'

2023-09-12 16:48:07 - [MESSAGE][PASSED] - All options with label 'Maryland' are selected in object 'Object Repository/RAD_Pages/AddressAndContactInfo_Page/select_State' 

2023-09-12 16:48:08 - [MESSAGE][PASSED] - Text '21054' is set on object 'Object Repository/RAD_Pages/AddressAndContactInfo_Page/input_zipCode'

2023-09-12 16:48:09 - [MESSAGE][PASSED] - Text '(703) 894-5000' is set on object 'Object Repository/RAD_Pages/AddressAndContactInfo_Page/input_phoneNumber'

2023-09-12 16:48:10 - [MESSAGE][PASSED] - Text 'iahmed@govolution.com' is set on object 'Object Repository/RAD_Pages/AddressAndContactInfo_Page/input_eMailAddress'

2023-09-12 16:48:11 - [MESSAGE][PASSED] - Text 'iahmed@govolution.com' is set on object 'Object Repository/RAD_Pages/AddressAndContactInfo_Page/input_reEnterEMailAddress'

2023-09-12 16:48:11 - [MESSAGE][PASSED] - rad.getSetDataRAD.setDataRADAddress is PASSED

2023-09-12 16:48:11 - [TEST_STEP][PASSED] - rad.getSetDataRAD.setDataRADFEIN(): rad.getSetDataRAD.setDataRADFEIN is PASSED

2023-09-12 16:48:11 - [MESSAGE][PASSED] - Text ****** has been set on object 'Object Repository/RAD_Pages/TaxInfo_Page/input_FederalEIN'

2023-09-12 16:48:12 - [MESSAGE][PASSED] - Text ****** has been set on object 'Object Repository/RAD_Pages/TaxInfo_Page/input_FederalEIN_ReEnter'

2023-09-12 16:48:12 - [MESSAGE][PASSED] - rad.getSetDataRAD.setDataRADFEIN is PASSED

2023-09-12 16:48:12 - [TEST_STEP][PASSED] - setText(findTestObject(orPath_Amount + "/input__paymentAmount"), "100.00"): Text '100.00' is set on object 'Object Repository/RAD_Pages/PaymentAmount_Page/input__paymentAmount'

2023-09-12 16:48:13 - [MESSAGE][PASSED] - Text '100.00' is set on object 'Object Repository/RAD_Pages/PaymentAmount_Page/input__paymentAmount'

2023-09-12 16:48:13 - [TEST_STEP][PASSED] - setText(findTestObject(orPath_AddressContact + "/input_streetAddress2"), ""): Text '' is set on object 'Object Repository/RAD_Pages/AddressAndContactInfo_Page/input_streetAddress2'

2023-09-12 16:48:14 - [MESSAGE][PASSED] - Text '' is set on object 'Object Repository/RAD_Pages/AddressAndContactInfo_Page/input_streetAddress2'

2023-09-12 16:48:14 - [TEST_STEP][PASSED] - scrollToElement(findTestObject(orPath_Landing + "/button_Continue"), 3): Scroll to object 'Object Repository/RAD_Pages/Landing_Page/button_Continue' successfully

2023-09-12 16:48:14 - [MESSAGE][PASSED] - Scroll to object 'Object Repository/RAD_Pages/Landing_Page/button_Continue' successfully

2023-09-12 16:48:14 - [TEST_STEP][PASSED] - waitForElementClickable(findTestObject(orPath_Landing + "/button_Continue"), 5): Object 'Object Repository/RAD_Pages/Landing_Page/button_Continue' is clickable

2023-09-12 16:48:14 - [MESSAGE][PASSED] - Object 'Object Repository/RAD_Pages/Landing_Page/button_Continue' is clickable

2023-09-12 16:48:14 - [TEST_STEP][PASSED] - click(findTestObject(orPath_Landing + "/button_Continue")): Object: 'Object Repository/RAD_Pages/Landing_Page/button_Continue' is clicked on

2023-09-12 16:48:15 - [MESSAGE][PASSED] - Object: 'Object Repository/RAD_Pages/Landing_Page/button_Continue' is clicked on

2023-09-12 16:48:15 - [TEST_STEP][PASSED] - delay(2): Delayed 2 second(s)

2023-09-12 16:48:17 - [MESSAGE][PASSED] - Delayed 2 second(s)

2023-09-12 16:48:17 - [TEST_STEP][PASSED] - verifyTextPresent("Summary", true): Text 'Summary' is present on page  using regular expression

2023-09-12 16:48:17 - [MESSAGE][PASSED] - Text 'Summary' is present on page  using regular expression

2023-09-12 16:48:17 - [TEST_STEP][PASSED] - verifyTextPresent("Review the information below and make any necessary corrections by clicking the", true): Text 'Review the information below and make any necessary corrections by clicking the' is present on page  using regular expression

2023-09-12 16:48:18 - [MESSAGE][PASSED] - Text 'Review the information below and make any necessary corrections by clicking the' is present on page  using regular expression

2023-09-12 16:48:18 - [TEST_STEP][PASSED] - verifyTextPresent("When you are confident that all the information is correct, click the", true): Text 'When you are confident that all the information is correct, click the' is present on page  using regular expression

2023-09-12 16:48:18 - [MESSAGE][PASSED] - Text 'When you are confident that all the information is correct, click the' is present on page  using regular expression

2023-09-12 16:48:18 - [TEST_STEP][PASSED] - verifyTextPresent("Payment Type/Filing Year", true): Text 'Payment Type/Filing Year' is present on page  using regular expression

2023-09-12 16:48:19 - [MESSAGE][PASSED] - Text 'Payment Type/Filing Year' is present on page  using regular expression

2023-09-12 16:48:19 - [TEST_STEP][PASSED] - verifyTextPresent("Payment Type:", true): Text 'Payment Type:' is present on page  using regular expression

2023-09-12 16:48:19 - [MESSAGE][PASSED] - Text 'Payment Type:' is present on page  using regular expression

2023-09-12 16:48:19 - [TEST_STEP][PASSED] - verifyTextPresent("Extension Payments", true): Text 'Extension Payments' is present on page  using regular expression

2023-09-12 16:48:19 - [MESSAGE][PASSED] - Text 'Extension Payments' is present on page  using regular expression

2023-09-12 16:48:19 - [TEST_STEP][PASSED] - verifyTextPresent("Filing Year:", true): Text 'Filing Year:' is present on page  using regular expression

2023-09-12 16:48:20 - [MESSAGE][PASSED] - Text 'Filing Year:' is present on page  using regular expression

2023-09-12 16:48:20 - [TEST_STEP][PASSED] - verifyTextPresent(FilingYear, true): Text '2022' is present on page  using regular expression

2023-09-12 16:48:20 - [MESSAGE][PASSED] - Text '2022' is present on page  using regular expression

2023-09-12 16:48:20 - [TEST_STEP][PASSED] - switch (TaxType): null

2023-09-12 16:48:20 - [TEST_STEP][PASSED] - verifyTextPresent("Payer Information", true): Text 'Payer Information' is present on page  using regular expression

2023-09-12 16:48:20 - [MESSAGE][PASSED] - Text 'Payer Information' is present on page  using regular expression

2023-09-12 16:48:20 - [TEST_STEP][PASSED] - verifyTextPresent("Taxpayer Name:", true): Text 'Taxpayer Name:' is present on page  using regular expression

2023-09-12 16:48:21 - [MESSAGE][PASSED] - Text 'Taxpayer Name:' is present on page  using regular expression

2023-09-12 16:48:21 - [TEST_STEP][PASSED] - verifyTextPresent("My Company", true): Text 'My Company' is present on page  using regular expression

2023-09-12 16:48:21 - [MESSAGE][PASSED] - Text 'My Company' is present on page  using regular expression

2023-09-12 16:48:21 - [TEST_STEP][PASSED] - verifyTextPresent("Taxpayer Address:", true): Text 'Taxpayer Address:' is present on page  using regular expression

2023-09-12 16:48:22 - [MESSAGE][PASSED] - Text 'Taxpayer Address:' is present on page  using regular expression

2023-09-12 16:48:22 - [TEST_STEP][PASSED] - verifyTextPresent("2508 Mandan Terrace Gambrills Maryland 21054", true): Text '2508 Mandan Terrace Gambrills Maryland 21054' is present on page  using regular expression

2023-09-12 16:48:22 - [MESSAGE][PASSED] - Text '2508 Mandan Terrace Gambrills Maryland 21054' is present on page  using regular expression

2023-09-12 16:48:22 - [TEST_STEP][PASSED] - verifyTextPresent("Email:", true): Text 'Email:' is present on page  using regular expression

2023-09-12 16:48:22 - [MESSAGE][PASSED] - Text 'Email:' is present on page  using regular expression

2023-09-12 16:48:22 - [TEST_STEP][PASSED] - verifyTextPresent("iahmed@govolution.com", true): Text 'iahmed@govolution.com' is present on page  using regular expression

2023-09-12 16:48:23 - [MESSAGE][PASSED] - Text 'iahmed@govolution.com' is present on page  using regular expression

2023-09-12 16:48:23 - [TEST_STEP][PASSED] - verifyTextPresent("Phone:", true): Text 'Phone:' is present on page  using regular expression

2023-09-12 16:48:23 - [MESSAGE][PASSED] - Text 'Phone:' is present on page  using regular expression

2023-09-12 16:48:23 - [TEST_STEP][PASSED] - verifyTextPresent("(703) 894-5000", false): Text '(703) 894-5000' is present on page 

2023-09-12 16:48:24 - [MESSAGE][PASSED] - Text '(703) 894-5000' is present on page 

2023-09-12 16:48:24 - [TEST_STEP][PASSED] - verifyTextPresent("Tax Information", true): Text 'Tax Information' is present on page  using regular expression

2023-09-12 16:48:24 - [MESSAGE][PASSED] - Text 'Tax Information' is present on page  using regular expression

2023-09-12 16:48:24 - [TEST_STEP][PASSED] - verifyTextPresent("Federal EIN:", true): Text 'Federal EIN:' is present on page  using regular expression

2023-09-12 16:48:24 - [MESSAGE][PASSED] - Text 'Federal EIN:' is present on page  using regular expression

2023-09-12 16:48:24 - [TEST_STEP][PASSED] - verifyTextPresent("Payment Amount:", true): Text 'Payment Amount:' is present on page  using regular expression

2023-09-12 16:48:25 - [MESSAGE][PASSED] - Text 'Payment Amount:' is present on page  using regular expression

2023-09-12 16:48:25 - [TEST_STEP][PASSED] - verifyTextPresent("100.00", true): Text '100.00' is present on page  using regular expression

2023-09-12 16:48:25 - [MESSAGE][PASSED] - Text '100.00' is present on page  using regular expression

2023-09-12 16:48:25 - [TEST_STEP][PASSED] - click(findTestObject(orPath_Summary + "/button_Proceed to Payment")): Object: 'Object Repository/RAD_Pages/Summary_Page/button_Proceed to Payment' is clicked on

2023-09-12 16:48:26 - [MESSAGE][PASSED] - Object: 'Object Repository/RAD_Pages/Summary_Page/button_Proceed to Payment' is clicked on

2023-09-12 16:48:26 - [TEST_STEP][PASSED] - verifyTextPresent("Comptroller of Maryland", true): Text 'Comptroller of Maryland' is present on page  using regular expression

2023-09-12 16:48:27 - [MESSAGE][PASSED] - Text 'Comptroller of Maryland' is present on page  using regular expression

2023-09-12 16:48:27 - [TEST_STEP][PASSED] - verifyTextPresent("Revenue Administration Division", true): Text 'Revenue Administration Division' is present on page  using regular expression

2023-09-12 16:48:27 - [MESSAGE][PASSED] - Text 'Revenue Administration Division' is present on page  using regular expression

2023-09-12 16:48:27 - [TEST_STEP][PASSED] - verifyTextPresent("Payment Information", true): Text 'Payment Information' is present on page  using regular expression

2023-09-12 16:48:27 - [MESSAGE][PASSED] - Text 'Payment Information' is present on page  using regular expression

2023-09-12 16:48:27 - [TEST_STEP][PASSED] - card_Name = getAttribute(findTestObject("Object Repository/RAD_Pages/PaymentEntry_Page/input__billingName"), "value"): Attribute 'value' of object 'Object Repository/RAD_Pages/PaymentEntry_Page/input__billingName' is: ''

2023-09-12 16:48:28 - [MESSAGE][PASSED] - Attribute 'value' of object 'Object Repository/RAD_Pages/PaymentEntry_Page/input__billingName' is: ''

2023-09-12 16:48:28 - [TEST_STEP][PASSED] - verifyMatch("", card_Name, false): Actual text '' and expected text '' are matched 

2023-09-12 16:48:28 - [MESSAGE][PASSED] - Actual text '' and expected text '' are matched 

2023-09-12 16:48:28 - [TEST_STEP][PASSED] - AL1 = getAttribute(findTestObject("Object Repository/RAD_Pages/PaymentEntry_Page/input_billingAddress"), "value"): Attribute 'value' of object 'Object Repository/RAD_Pages/PaymentEntry_Page/input_billingAddress' is: '2508 Mandan Terrace'

2023-09-12 16:48:28 - [MESSAGE][PASSED] - Attribute 'value' of object 'Object Repository/RAD_Pages/PaymentEntry_Page/input_billingAddress' is: '2508 Mandan Terrace'

2023-09-12 16:48:28 - [TEST_STEP][PASSED] - verifyMatch("2508 Mandan Terrace", AL1, false): Actual text '2508 Mandan Terrace' and expected text '2508 Mandan Terrace' are matched 

2023-09-12 16:48:28 - [MESSAGE][PASSED] - Actual text '2508 Mandan Terrace' and expected text '2508 Mandan Terrace' are matched 

2023-09-12 16:48:28 - [TEST_STEP][PASSED] - AL2 = getAttribute(findTestObject("Object Repository/RAD_Pages/PaymentEntry_Page/input_billingAddress2"), "value"): Attribute 'value' of object 'Object Repository/RAD_Pages/PaymentEntry_Page/input_billingAddress2' is: ''

2023-09-12 16:48:29 - [MESSAGE][PASSED] - Attribute 'value' of object 'Object Repository/RAD_Pages/PaymentEntry_Page/input_billingAddress2' is: ''

2023-09-12 16:48:29 - [TEST_STEP][PASSED] - verifyMatch("", AL2, false): Actual text '' and expected text '' are matched 

2023-09-12 16:48:29 - [MESSAGE][PASSED] - Actual text '' and expected text '' are matched 

2023-09-12 16:48:29 - [TEST_STEP][PASSED] - zipCode = getAttribute(findTestObject("Object Repository/RAD_Pages/PaymentEntry_Page/input_billingZip"), "value"): Attribute 'value' of object 'Object Repository/RAD_Pages/PaymentEntry_Page/input_billingZip' is: '21054'

2023-09-12 16:48:29 - [MESSAGE][PASSED] - Attribute 'value' of object 'Object Repository/RAD_Pages/PaymentEntry_Page/input_billingZip' is: '21054'

2023-09-12 16:48:29 - [TEST_STEP][PASSED] - verifyMatch("21054", zipCode, false): Actual text '21054' and expected text '21054' are matched 

2023-09-12 16:48:29 - [MESSAGE][PASSED] - Actual text '21054' and expected text '21054' are matched 

2023-09-12 16:48:29 - [TEST_STEP][PASSED] - city = getAttribute(findTestObject("Object Repository/RAD_Pages/PaymentEntry_Page/input_billingCity"), "value"): Attribute 'value' of object 'Object Repository/RAD_Pages/PaymentEntry_Page/input_billingCity' is: 'GAMBRILLS'

2023-09-12 16:48:29 - [MESSAGE][PASSED] - Attribute 'value' of object 'Object Repository/RAD_Pages/PaymentEntry_Page/input_billingCity' is: 'GAMBRILLS'

2023-09-12 16:48:29 - [TEST_STEP][PASSED] - verifyMatch("GAMBRILLS", city, false): Actual text 'GAMBRILLS' and expected text 'GAMBRILLS' are matched 

2023-09-12 16:48:29 - [MESSAGE][PASSED] - Actual text 'GAMBRILLS' and expected text 'GAMBRILLS' are matched 

2023-09-12 16:48:29 - [TEST_STEP][PASSED] - email = getAttribute(findTestObject("Object Repository/RAD_Pages/PaymentEntry_Page/input_emailAddress"), "value"): Attribute 'value' of object 'Object Repository/RAD_Pages/PaymentEntry_Page/input_emailAddress' is: 'iahmed@govolution.com'

2023-09-12 16:48:30 - [MESSAGE][PASSED] - Attribute 'value' of object 'Object Repository/RAD_Pages/PaymentEntry_Page/input_emailAddress' is: 'iahmed@govolution.com'

2023-09-12 16:48:30 - [TEST_STEP][PASSED] - verifyMatch("iahmed@govolution.com", email, false): Actual text 'iahmed@govolution.com' and expected text 'iahmed@govolution.com' are matched 

2023-09-12 16:48:30 - [MESSAGE][PASSED] - Actual text 'iahmed@govolution.com' and expected text 'iahmed@govolution.com' are matched 

2023-09-12 16:48:30 - [TEST_STEP][PASSED] - amount = getAttribute(findTestObject("Object Repository/RAD_Pages/PaymentEntry_Page/input_amount"), "value"): Attribute 'value' of object 'Object Repository/RAD_Pages/PaymentEntry_Page/input_amount' is: '100.00'

2023-09-12 16:48:30 - [MESSAGE][PASSED] - Attribute 'value' of object 'Object Repository/RAD_Pages/PaymentEntry_Page/input_amount' is: '100.00'

2023-09-12 16:48:30 - [TEST_STEP][PASSED] - verifyMatch("100.00", amount, false): Actual text '100.00' and expected text '100.00' are matched 

2023-09-12 16:48:30 - [MESSAGE][PASSED] - Actual text '100.00' and expected text '100.00' are matched 

2023-09-12 16:48:30 - [TEST_STEP][PASSED] - amountReadOnly = getAttribute(findTestObject("Object Repository/RAD_Pages/PaymentEntry_Page/input_amount"), "readonly"): Attribute 'readonly' of object 'Object Repository/RAD_Pages/PaymentEntry_Page/input_amount' is: 'true'

2023-09-12 16:48:30 - [MESSAGE][PASSED] - Attribute 'readonly' of object 'Object Repository/RAD_Pages/PaymentEntry_Page/input_amount' is: 'true'

2023-09-12 16:48:30 - [TEST_STEP][PASSED] - verifyMatch("true", amountReadOnly, false): Actual text 'true' and expected text 'true' are matched 

2023-09-12 16:48:30 - [MESSAGE][PASSED] - Actual text 'true' and expected text 'true' are matched 

2023-09-12 16:48:30 - [TEST_STEP][PASSED] - verifyOptionSelectedByLabel(findTestObject("Object Repository/RAD_Pages/PaymentEntry_Page/select_Country"), "United States", false, 20): All options with label 'United States' are selected in object 'Object Repository/RAD_Pages/PaymentEntry_Page/select_Country' 

2023-09-12 16:48:31 - [MESSAGE][PASSED] - All options with label 'United States' are selected in object 'Object Repository/RAD_Pages/PaymentEntry_Page/select_Country' 

2023-09-12 16:48:31 - [TEST_STEP][PASSED] - verifyOptionSelectedByLabel(findTestObject("Object Repository/RAD_Pages/PaymentEntry_Page/select_State"), "Maryland", false, 20): All options with label 'Maryland' are selected in object 'Object Repository/RAD_Pages/PaymentEntry_Page/select_State' 

2023-09-12 16:48:34 - [MESSAGE][PASSED] - All options with label 'Maryland' are selected in object 'Object Repository/RAD_Pages/PaymentEntry_Page/select_State' 

2023-09-12 16:48:34 - [TEST_STEP][PASSED] - setText(findTestObject("Object Repository/RAD_Pages/PaymentEntry_Page/input__billingName"), "Anthony Gonzalez"): Text 'Anthony Gonzalez' is set on object 'Object Repository/RAD_Pages/PaymentEntry_Page/input__billingName'

2023-09-12 16:48:35 - [MESSAGE][PASSED] - Text 'Anthony Gonzalez' is set on object 'Object Repository/RAD_Pages/PaymentEntry_Page/input__billingName'

2023-09-12 16:48:35 - [TEST_STEP][PASSED] - setText(findTestObject(orPath_PaymentEntry + "/input__cardNumber"), "4111111111111111"): Text '4111111111111111' is set on object 'Object Repository/RAD_Pages/PaymentEntry_Page/input__cardNumber'

2023-09-12 16:48:36 - [MESSAGE][PASSED] - Text '4111111111111111' is set on object 'Object Repository/RAD_Pages/PaymentEntry_Page/input__cardNumber'

2023-09-12 16:48:36 - [TEST_STEP][PASSED] - setText(findTestObject(orPath_PaymentEntry + "/input__spc"), "123"): Text '123' is set on object 'Object Repository/RAD_Pages/PaymentEntry_Page/input__spc'

2023-09-12 16:48:36 - [MESSAGE][PASSED] - Text '123' is set on object 'Object Repository/RAD_Pages/PaymentEntry_Page/input__spc'

2023-09-12 16:48:36 - [TEST_STEP][PASSED] - selectOptionByLabel(findTestObject(orPath_PaymentEntry + "/select_MM"), "12", false): All options with label '12' are selected in object 'Object Repository/RAD_Pages/PaymentEntry_Page/select_MM' 

2023-09-12 16:48:37 - [MESSAGE][PASSED] - All options with label '12' are selected in object 'Object Repository/RAD_Pages/PaymentEntry_Page/select_MM' 

2023-09-12 16:48:37 - [TEST_STEP][PASSED] - selectOptionByLabel(findTestObject(orPath_PaymentEntry + "/select_YYYY"), "2028", false): All options with label '2028' are selected in object 'Object Repository/RAD_Pages/PaymentEntry_Page/select_YYYY' 

2023-09-12 16:48:38 - [MESSAGE][PASSED] - All options with label '2028' are selected in object 'Object Repository/RAD_Pages/PaymentEntry_Page/select_YYYY' 

2023-09-12 16:48:38 - [TEST_STEP][PASSED] - click(findTestObject(orPath_PaymentEntry + "/input_Field_ccSubmit")): Object: 'Object Repository/RAD_Pages/PaymentEntry_Page/input_Field_ccSubmit' is clicked on

2023-09-12 16:48:39 - [MESSAGE][PASSED] - Object: 'Object Repository/RAD_Pages/PaymentEntry_Page/input_Field_ccSubmit' is clicked on

2023-09-12 16:48:39 - [TEST_STEP][PASSED] - click(findTestObject(orPath_PaymentConfirmation + "/input_N_confirmNotifyAction")): Object: 'Object Repository/RAD_Pages/PaymentConfirmation_Page/input_N_confirmNotifyAction' is clicked on

2023-09-12 16:48:40 - [MESSAGE][PASSED] - Object: 'Object Repository/RAD_Pages/PaymentConfirmation_Page/input_N_confirmNotifyAction' is clicked on

2023-09-12 16:48:40 - [TEST_STEP][PASSED] - verifyTextPresent("Service Fee Acceptance", true): Text 'Service Fee Acceptance' is present on page  using regular expression

2023-09-12 16:48:40 - [MESSAGE][PASSED] - Text 'Service Fee Acceptance' is present on page  using regular expression

2023-09-12 16:48:40 - [TEST_STEP][PASSED] - verifyTextPresent("This transaction is subject to a Service Fee of ", true): Text 'This transaction is subject to a Service Fee of ' is present on page  using regular expression

2023-09-12 16:48:40 - [MESSAGE][PASSED] - Text 'This transaction is subject to a Service Fee of ' is present on page  using regular expression

2023-09-12 16:48:40 - [TEST_STEP][PASSED] - verifyTextPresent("Payment Amount:", true): Text 'Payment Amount:' is present on page  using regular expression

2023-09-12 16:48:41 - [MESSAGE][PASSED] - Text 'Payment Amount:' is present on page  using regular expression

2023-09-12 16:48:41 - [TEST_STEP][PASSED] - verifyTextPresent("100.00", true): Text '100.00' is present on page  using regular expression

2023-09-12 16:48:41 - [MESSAGE][PASSED] - Text '100.00' is present on page  using regular expression

2023-09-12 16:48:41 - [TEST_STEP][PASSED] - verifyTextPresent("Service Fee:", true): Text 'Service Fee:' is present on page  using regular expression

2023-09-12 16:48:41 - [MESSAGE][PASSED] - Text 'Service Fee:' is present on page  using regular expression

2023-09-12 16:48:41 - [TEST_STEP][PASSED] - verifyTextPresent("2.45", true): Text '2.45' is present on page  using regular expression

2023-09-12 16:48:42 - [MESSAGE][PASSED] - Text '2.45' is present on page  using regular expression

2023-09-12 16:48:42 - [TEST_STEP][PASSED] - verifyTextPresent("Total Amount:", true): Text 'Total Amount:' is present on page  using regular expression

2023-09-12 16:48:42 - [MESSAGE][PASSED] - Text 'Total Amount:' is present on page  using regular expression

2023-09-12 16:48:42 - [TEST_STEP][PASSED] - verifyTextPresent("102.45", true): Text '102.45' is present on page  using regular expression

2023-09-12 16:48:42 - [MESSAGE][PASSED] - Text '102.45' is present on page  using regular expression

2023-09-12 16:48:42 - [TEST_STEP][PASSED] - verifyTextPresent("Two transactions will appear on your bank statement, one in the amount of", true): Text 'Two transactions will appear on your bank statement, one in the amount of' is present on page  using regular expression

2023-09-12 16:48:43 - [MESSAGE][PASSED] - Text 'Two transactions will appear on your bank statement, one in the amount of' is present on page  using regular expression

2023-09-12 16:48:43 - [TEST_STEP][PASSED] - verifyElementPresent(findTestObject(orPath_ServiceFeesAccept + "/input_convFeeNotifyAction"), 30): Object 'Object Repository/RAD_Pages/ServiceFeeAccept_Page/input_convFeeNotifyAction' is present

2023-09-12 16:48:43 - [MESSAGE][PASSED] - Object 'Object Repository/RAD_Pages/ServiceFeeAccept_Page/input_convFeeNotifyAction' is present]]></system-out>
         <system-err><![CDATA[]]></system-err>
      </testcase>
      <system-out><![CDATA[2023-09-12 16:43:50 - [TEST_SUITE][PASSED] - Temp: Test Cases/RAD_TestCases/BeforePayments_TestCases/Extension_BeforePayments_TC]]></system-out>
      <system-err><![CDATA[]]></system-err>
   </testsuite>
</testsuites>
