<?xml version="1.0" encoding="UTF-8"?>
<testsuites name="QA_IWP2.5_Error" time="1382.688" tests="19" failures="0" errors="0">
   <testsuite name="QA_IWP2.5_Error" tests="19" failures="0" errors="0" time="1382.688" skipped="0" timestamp="25-09-2024T17:54:38" hostname="t476046 - TXD87096.deluxe.com" id="Test Suites/QA/IWP2.5/QA_IWP2.5_Error">
      <properties>
         <property name="deviceName" value=""/>
         <property name="devicePlatform"/>
         <property name="logFolder" value="C:\\Users\\t476046\\Documents\\katalon\\VPS-Katalon\\Reports\\20240925_175419\\QA\\IWP2.5\\QA_IWP2.5_Error\\20240925_175419"/>
         <property name="logFiles" value="C:\\Users\\t476046\\Documents\\katalon\\VPS-Katalon\\Reports\\20240925_175419\\QA\\IWP2.5\\QA_IWP2.5_Error\\20240925_175419\\execution0.log"/>
         <property name="attachments" value=""/>
         <property name="hostName" value="t476046 - TXD87096.deluxe.com"/>
         <property name="os" value="Windows 10 64bit"/>
         <property name="katalonVersion" value="9.6.0.217"/>
         <property name="browser" value="Edge Chromium 128"/>
         <property name="hostAddress" value="10.203.40.166"/>
         <property name="sessionId" value="5c81a7523e00245ace957b37c87efaab"/>
         <property name="seleniumVersion" value="3.141.59"/>
         <property name="proxyInformation" value="ProxyInformation { proxyOption=NO_PROXY, proxyServerType=HTTP, username=, password=********, proxyServerAddress=, proxyServerPort=0, executionList=&quot;&quot;, isApplyToDesiredCapabilities=true }"/>
         <property name="platform" value="Windows 10"/>
      </properties>
      <testcase name="Test Cases/IntegratedWeb/IWP25/Error/CardExpiredErrorCC" time="85.514" classname="Test Cases/IntegratedWeb/IWP25/Error/CardExpiredErrorCC" status="PASSED">
         <system-out><![CDATA[25-09-2024T17:54:39 - [TEST_CASE][PASSED] - Test Cases/IntegratedWeb/IWP25/Error/CardExpiredErrorCC: Test Cases/IntegratedWeb/IWP25/Error/CardExpiredErrorCC

25-09-2024T17:54:40 - [TEST_STEP][PASSED] - resText = "Fail": null

25-09-2024T17:54:40 - [TEST_STEP][PASSED] - resColumn = "Result": null

25-09-2024T17:54:40 - [TEST_STEP][PASSED] - datCloumn = "Date": null

25-09-2024T17:54:40 - [TEST_STEP][PASSED] - fileLoc = "KatalonData/IWPTestData/VRelay25Payments.xlsx": null

25-09-2024T17:54:40 - [TEST_STEP][PASSED] - numOfRows = <not implemented yet for class: org.codehaus.groovy.ast.expr.EmptyExpression>: null

25-09-2024T17:54:40 - [TEST_STEP][PASSED] - dataFile = <not implemented yet for class: org.codehaus.groovy.ast.expr.EmptyExpression>: null

25-09-2024T17:54:40 - [TEST_STEP][PASSED] - nameSheet = <not implemented yet for class: org.codehaus.groovy.ast.expr.EmptyExpression>: null

25-09-2024T17:54:40 - [TEST_STEP][PASSED] - dataFileEmulator = <not implemented yet for class: org.codehaus.groovy.ast.expr.EmptyExpression>: null

25-09-2024T17:54:40 - [TEST_STEP][PASSED] - nameSheet = "CardExpiredErrorCC": null

25-09-2024T17:54:40 - [TEST_STEP][PASSED] - dataFile = "IWPTestData/IWP25CardExpiredErrorCC": null

25-09-2024T17:54:40 - [TEST_STEP][PASSED] - dataFileEmulator = "IWPTestData/EmulatorData": null

25-09-2024T17:54:40 - [TEST_STEP][PASSED] - numOfRows = findTestData(dataFile).getRowNumbers(): null

25-09-2024T17:54:42 - [TEST_STEP][PASSED] - println("Number of Records: " + numOfRows): null

25-09-2024T17:54:42 - [TEST_STEP][PASSED] - for ([row = 1, row <= numOfRows, (row++)]): Browser is closed

25-09-2024T17:54:42 - [TEST_STEP][PASSED] - ExecuteTC = findTestData(dataFile).getValue("Execute", row): null

25-09-2024T17:54:42 - [TEST_STEP][PASSED] - out.println("Value of Execute is : " + ExecuteTC): null

25-09-2024T17:54:42 - [TEST_STEP][PASSED] - if (ExecuteTC.equalsIgnoreCase("Y")): null

25-09-2024T17:54:42 - [TEST_STEP][PASSED] - out.println("Begin Record Number: " + row): null

25-09-2024T17:54:42 - [TEST_STEP][PASSED] - today = new java.util.Date(): null

25-09-2024T17:54:42 - [TEST_STEP][PASSED] - println(today): null

25-09-2024T17:54:42 - [TEST_STEP][PASSED] - datText = today: null

25-09-2024T17:54:42 - [TEST_STEP][PASSED] - EmulatorDataKey = findTestData(dataFile).getValue("EmulatorData", row): null

25-09-2024T17:54:42 - [TEST_STEP][PASSED] - out.println("Value of Emulator Key is : " + EmulatorDataKey): null

25-09-2024T17:54:42 - [TEST_STEP][PASSED] - iwpPages.emulatorIWP30.setDataEmulator_DD(EmulatorDataKey): iwpPages.emulatorIWP30.setDataEmulator_DD is PASSED

25-09-2024T17:54:45 - [MESSAGE][INFO] - Starting 'Edge Chromium' driver

25-09-2024T17:54:45 - [MESSAGE][INFO] - User set preference: ['acceptInsecureCerts', 'true']

25-09-2024T17:54:47 - [MESSAGE][INFO] - Action delay is set to 0 milliseconds

25-09-2024T17:54:53 - [MESSAGE][PASSED] - Browser is opened with url: 'https://qa.velocitypayment.com/agency/config.do?action=editor&message_version=2_5'

25-09-2024T17:54:53 - [MESSAGE][PASSED] - Current window maximized

25-09-2024T17:54:54 - [MESSAGE][PASSED] - All options with value '2.5' are selected in object 'Object Repository/IWP30/Page_VRelay30Emulator/MV'  using regular expression

25-09-2024T17:54:55 - [MESSAGE][PASSED] - Text '10.50' is set on object 'Object Repository/IWP30/Page_VRelay30Emulator/Amount'

25-09-2024T17:54:56 - [MESSAGE][PASSED] - Text 'eOomCHzX2Pg0' is set on object 'Object Repository/IWP30/Page_VRelay30Emulator/CAN'

25-09-2024T17:54:57 - [MESSAGE][PASSED] - Text 'PayNow' is set on object 'Object Repository/IWP30/Page_VRelay30Emulator/Action'

25-09-2024T17:54:57 - [MESSAGE][PASSED] - Text 'en_US' is set on object 'Object Repository/IWP30/Page_VRelay30Emulator/Lang'

25-09-2024T17:54:58 - [MESSAGE][PASSED] - Text '' is set on object 'Object Repository/IWP30/Page_VRelay30Emulator/Fname'

25-09-2024T17:54:59 - [MESSAGE][PASSED] - Text '' is set on object 'Object Repository/IWP30/Page_VRelay30Emulator/Lname'

25-09-2024T17:54:59 - [MESSAGE][PASSED] - Text '' is set on object 'Object Repository/IWP30/Page_VRelay30Emulator/AL1'

25-09-2024T17:55:00 - [MESSAGE][PASSED] - Text '' is set on object 'Object Repository/IWP30/Page_VRelay30Emulator/AL2'

25-09-2024T17:55:01 - [MESSAGE][PASSED] - Text '' is set on object 'Object Repository/IWP30/Page_VRelay30Emulator/Country'

25-09-2024T17:55:01 - [MESSAGE][PASSED] - Text '' is set on object 'Object Repository/IWP30/Page_VRelay30Emulator/City'

25-09-2024T17:55:02 - [MESSAGE][PASSED] - Text '' is set on object 'Object Repository/IWP30/Page_VRelay30Emulator/State'

25-09-2024T17:55:02 - [MESSAGE][PASSED] - Text '' is set on object 'Object Repository/IWP30/Page_VRelay30Emulator/ZIP'

25-09-2024T17:55:03 - [MESSAGE][PASSED] - Text '' is set on object 'Object Repository/IWP30/Page_VRelay30Emulator/Order'

25-09-2024T17:55:04 - [MESSAGE][PASSED] - Text '' is set on object 'Object Repository/IWP30/Page_VRelay30Emulator/Company'

25-09-2024T17:55:05 - [MESSAGE][PASSED] - Text '' is set on object 'Object Repository/IWP30/Page_VRelay30Emulator/Email'

25-09-2024T17:55:05 - [MESSAGE][PASSED] - Text '' is set on object 'Object Repository/IWP30/Page_VRelay30Emulator/UDF1'

25-09-2024T17:55:06 - [MESSAGE][PASSED] - Text '' is set on object 'Object Repository/IWP30/Page_VRelay30Emulator/UDF2'

25-09-2024T17:55:06 - [MESSAGE][PASSED] - Text '' is set on object 'Object Repository/IWP30/Page_VRelay30Emulator/UDF3'

25-09-2024T17:55:07 - [MESSAGE][PASSED] - Text 'udf data 4' is set on object 'Object Repository/IWP30/Page_VRelay30Emulator/UDF4'

25-09-2024T17:55:08 - [MESSAGE][PASSED] - Text 'udf data 5' is set on object 'Object Repository/IWP30/Page_VRelay30Emulator/UDF5'

25-09-2024T17:55:08 - [MESSAGE][PASSED] - Text '' is set on object 'Object Repository/IWP30/Page_VRelay30Emulator/UDF6'

25-09-2024T17:55:09 - [MESSAGE][PASSED] - Text '' is set on object 'Object Repository/IWP30/Page_VRelay30Emulator/UDF7'

25-09-2024T17:55:10 - [MESSAGE][PASSED] - Text '' is set on object 'Object Repository/IWP30/Page_VRelay30Emulator/UDF8'

25-09-2024T17:55:10 - [MESSAGE][PASSED] - Text 'udf data 9' is set on object 'Object Repository/IWP30/Page_VRelay30Emulator/UDF9'

25-09-2024T17:55:11 - [MESSAGE][PASSED] - Text 'udf data 10' is set on object 'Object Repository/IWP30/Page_VRelay30Emulator/UDF10'

25-09-2024T17:55:12 - [MESSAGE][PASSED] - Object: 'Object Repository/IWP30/Page_VRelay30Emulator/Submit' is clicked on

25-09-2024T17:55:17 - [MESSAGE][PASSED] - Browser is closed

25-09-2024T17:55:21 - [MESSAGE][PASSED] - iwpPages.emulatorIWP30.setDataEmulator_DD is PASSED

25-09-2024T17:55:21 - [TEST_STEP][PASSED] - testHarnessURL = urlTestHarness: null

25-09-2024T17:55:21 - [TEST_STEP][PASSED] - openBrowser(testHarnessURL): Browser is opened with url: 'https://dev-algorithm.govolution.com/vrelaytest/QA/version_2_2/vrelaytest.html'

25-09-2024T17:55:21 - [MESSAGE][INFO] - Starting 'Edge Chromium' driver

25-09-2024T17:55:21 - [MESSAGE][INFO] - User set preference: ['acceptInsecureCerts', 'true']

25-09-2024T17:55:23 - [MESSAGE][INFO] - Action delay is set to 0 milliseconds

25-09-2024T17:55:26 - [MESSAGE][PASSED] - Browser is opened with url: 'https://dev-algorithm.govolution.com/vrelaytest/QA/version_2_2/vrelaytest.html'

25-09-2024T17:55:26 - [TEST_STEP][PASSED] - maximizeWindow(): Current window maximized

25-09-2024T17:55:27 - [MESSAGE][PASSED] - Current window maximized

25-09-2024T17:55:27 - [TEST_STEP][PASSED] - iwpPages.TestHarnessPage.setDataMethod(row, dataFile): iwpPages.TestHarnessPage.setDataMethod is PASSED

25-09-2024T17:55:27 - [MESSAGE][PASSED] - Object 'Object Repository/IWP30/Page_QATestHarness/RemittanceID' is present

25-09-2024T17:55:28 - [MESSAGE][PASSED] - Text '638' is set on object 'Object Repository/IWP30/Page_QATestHarness/ApplicationID'

25-09-2024T17:55:29 - [MESSAGE][PASSED] - Text '2.5' is set on object 'Object Repository/IWP30/Page_QATestHarness/MessageVersion'

25-09-2024T17:55:29 - [MESSAGE][PASSED] - Text 'TsDLKTyGLEFl' is set on object 'Object Repository/IWP30/Page_QATestHarness/RemittanceID'

25-09-2024T17:55:33 - [MESSAGE][PASSED] - Object: 'Object Repository/IWP30/Page_QATestHarness/SubmitButton' is clicked on

25-09-2024T17:55:33 - [MESSAGE][PASSED] - iwpPages.TestHarnessPage.setDataMethod is PASSED

25-09-2024T17:55:33 - [TEST_STEP][PASSED] - click(findTestObject("Object Repository/IWP30/Page_SelectPaymentMethod/PayByCreditCard")): Object: 'Object Repository/IWP30/Page_SelectPaymentMethod/PayByCreditCard' is clicked on

25-09-2024T17:55:33 - [MESSAGE][PASSED] - Object: 'Object Repository/IWP30/Page_SelectPaymentMethod/PayByCreditCard' is clicked on

25-09-2024T17:55:33 - [TEST_STEP][PASSED] - click(findTestObject("Object Repository/IWP30/Page_SelectPaymentMethod/MakePaymentButton")): Object: 'Object Repository/IWP30/Page_SelectPaymentMethod/MakePaymentButton' is clicked on

25-09-2024T17:55:36 - [MESSAGE][PASSED] - Object: 'Object Repository/IWP30/Page_SelectPaymentMethod/MakePaymentButton' is clicked on

25-09-2024T17:55:36 - [TEST_STEP][PASSED] - iwpPages.ccPaymentEntryPage.setDataCCPM(row, dataFile): iwpPages.ccPaymentEntryPage.setDataCCPM is PASSED

25-09-2024T17:55:38 - [MESSAGE][PASSED] - Object 'Object Repository/IWP30/Page_CCPaymentEntry/Name' is present

25-09-2024T17:55:38 - [MESSAGE][PASSED] - Text '10.50' is set on object 'Object Repository/IWP30/Page_CCPaymentEntry/Amount'

25-09-2024T17:55:39 - [MESSAGE][PASSED] - Text 'udf data 2' is set on object 'Object Repository/IWP30/Page_CCPaymentEntry/UserDefined2'

25-09-2024T17:55:40 - [MESSAGE][PASSED] - Text 'udf data 3' is set on object 'Object Repository/IWP30/Page_CCPaymentEntry/UserDefined3'

25-09-2024T17:55:41 - [MESSAGE][PASSED] - All options with label 'Orange' are selected in object 'Object Repository/IWP30/Page_CCPaymentEntry/UserDefined7' 

25-09-2024T17:55:41 - [MESSAGE][PASSED] - All options with label 'Soccer' are selected in object 'Object Repository/IWP30/Page_CCPaymentEntry/UserDefined8' 

25-09-2024T17:55:41 - [MESSAGE][PASSED] - Object 'Object Repository/IWP30/Page_CCPaymentEntry/Name' is present

25-09-2024T17:55:42 - [MESSAGE][PASSED] - Text 'Kavita Ranawati' is set on object 'Object Repository/IWP30/Page_CCPaymentEntry/Name'

25-09-2024T17:55:42 - [MESSAGE][PASSED] - Object 'Object Repository/IWP30/Page_CCPaymentEntry/CardNumber' is present

25-09-2024T17:55:43 - [MESSAGE][PASSED] - Text '4111111111111111' is set on object 'Object Repository/IWP30/Page_CCPaymentEntry/CardNumber'

25-09-2024T17:55:43 - [MESSAGE][PASSED] - Text '123' is set on object 'Object Repository/IWP30/Page_CCPaymentEntry/SPC'

25-09-2024T17:55:44 - [MESSAGE][PASSED] - Object 'Object Repository/IWP30/Page_CCPaymentEntry/Month' is present

25-09-2024T17:55:45 - [MESSAGE][PASSED] - All options with label '01' are selected in object 'Object Repository/IWP30/Page_CCPaymentEntry/Month' 

25-09-2024T17:55:45 - [MESSAGE][PASSED] - Object 'Object Repository/IWP30/Page_CCPaymentEntry/Year' is present

25-09-2024T17:55:46 - [MESSAGE][PASSED] - All options with label '2024' are selected in object 'Object Repository/IWP30/Page_CCPaymentEntry/Year' 

25-09-2024T17:55:46 - [MESSAGE][PASSED] - Text '365 Main Avenue' is set on object 'Object Repository/IWP30/Page_CCPaymentEntry/AL1'

25-09-2024T17:55:47 - [MESSAGE][PASSED] - Text '22201' is set on object 'Object Repository/IWP30/Page_CCPaymentEntry/ZIP'

25-09-2024T17:55:47 - [MESSAGE][PASSED] - Object 'Object Repository/IWP30/Page_CCPaymentEntry/EmailAddress' is present

25-09-2024T17:55:48 - [MESSAGE][PASSED] - Text 'iahmed@govolution.com' is set on object 'Object Repository/IWP30/Page_CCPaymentEntry/EmailAddress'

25-09-2024T17:55:49 - [MESSAGE][PASSED] - Object 'Object Repository/IWP30/Page_CCPaymentEntry/TermCondCheckBox' is present

25-09-2024T17:55:49 - [MESSAGE][PASSED] - Object 'Object Repository/IWP30/Page_CCPaymentEntry/TermCondCheckBox' is checked

25-09-2024T17:55:49 - [MESSAGE][PASSED] - Object 'Object Repository/IWP30/Page_CCPaymentEntry/ContinueButton' is present

25-09-2024T17:55:52 - [MESSAGE][PASSED] - Object: 'Object Repository/IWP30/Page_CCPaymentEntry/ContinueButton' is clicked on

25-09-2024T17:55:52 - [MESSAGE][PASSED] - iwpPages.ccPaymentEntryPage.setDataCCPM is PASSED

25-09-2024T17:55:52 - [TEST_STEP][PASSED] - Thread.sleep(10000): null

25-09-2024T17:56:02 - [TEST_STEP][PASSED] - if (verifyTextPresent("Invalid card expiration date", false)): null

25-09-2024T17:56:02 - [MESSAGE][PASSED] - Text 'Invalid card expiration date' is present on page 

25-09-2024T17:56:02 - [TEST_STEP][PASSED] - println("Invalid card expiration date message shown"): null

25-09-2024T17:56:02 - [TEST_STEP][PASSED] - markPassed("Max Amount Error message shown"): Max Amount Error message shown

25-09-2024T17:56:02 - [MESSAGE][PASSED] - Max Amount Error message shown

25-09-2024T17:56:02 - [TEST_STEP][PASSED] - resText = "Pass": null

25-09-2024T17:56:02 - [TEST_STEP][PASSED] - pages.WriteExcel.demoKey(resText, datText, resColumn, datCloumn, fileLoc, nameSheet, row): pages.WriteExcel.demoKey is PASSED

25-09-2024T17:56:03 - [MESSAGE][PASSED] - pages.WriteExcel.demoKey is PASSED

25-09-2024T17:56:03 - [TEST_STEP][PASSED] - closeBrowser(): Browser is closed

25-09-2024T17:56:04 - [MESSAGE][PASSED] - Browser is closed]]></system-out>
         <system-err><![CDATA[]]></system-err>
      </testcase>
      <testcase name="Test Cases/IntegratedWeb/IWP25/Error/CardNotAcceptedErrorCC" time="71.884" classname="Test Cases/IntegratedWeb/IWP25/Error/CardNotAcceptedErrorCC" status="PASSED">
         <system-out><![CDATA[25-09-2024T17:56:04 - [TEST_CASE][PASSED] - Test Cases/IntegratedWeb/IWP25/Error/CardNotAcceptedErrorCC: Test Cases/IntegratedWeb/IWP25/Error/CardNotAcceptedErrorCC

25-09-2024T17:56:05 - [TEST_STEP][PASSED] - resText = "Fail": null

25-09-2024T17:56:05 - [TEST_STEP][PASSED] - resColumn = "Result": null

25-09-2024T17:56:05 - [TEST_STEP][PASSED] - datCloumn = "Date": null

25-09-2024T17:56:05 - [TEST_STEP][PASSED] - fileLoc = "KatalonData/IWPTestData/VRelay25Payments.xlsx": null

25-09-2024T17:56:05 - [TEST_STEP][PASSED] - numOfRows = <not implemented yet for class: org.codehaus.groovy.ast.expr.EmptyExpression>: null

25-09-2024T17:56:05 - [TEST_STEP][PASSED] - dataFile = <not implemented yet for class: org.codehaus.groovy.ast.expr.EmptyExpression>: null

25-09-2024T17:56:05 - [TEST_STEP][PASSED] - nameSheet = <not implemented yet for class: org.codehaus.groovy.ast.expr.EmptyExpression>: null

25-09-2024T17:56:05 - [TEST_STEP][PASSED] - dataFileEmulator = <not implemented yet for class: org.codehaus.groovy.ast.expr.EmptyExpression>: null

25-09-2024T17:56:05 - [TEST_STEP][PASSED] - nameSheet = "CardNotAcceptedErrorCC": null

25-09-2024T17:56:05 - [TEST_STEP][PASSED] - dataFile = "IWPTestData/IWP25CardNotAcceptedErrorCC": null

25-09-2024T17:56:05 - [TEST_STEP][PASSED] - dataFileEmulator = "IWPTestData/EmulatorData": null

25-09-2024T17:56:05 - [TEST_STEP][PASSED] - numOfRows = findTestData(dataFile).getRowNumbers(): null

25-09-2024T17:56:05 - [TEST_STEP][PASSED] - println("Number of Records: " + numOfRows): null

25-09-2024T17:56:05 - [TEST_STEP][PASSED] - for ([row = 1, row <= numOfRows, (row++)]): Browser is closed

25-09-2024T17:56:05 - [TEST_STEP][PASSED] - ExecuteTC = findTestData(dataFile).getValue("Execute", row): null

25-09-2024T17:56:05 - [TEST_STEP][PASSED] - out.println("Value of Execute is : " + ExecuteTC): null

25-09-2024T17:56:05 - [TEST_STEP][PASSED] - if (ExecuteTC.equalsIgnoreCase("Y")): null

25-09-2024T17:56:05 - [TEST_STEP][PASSED] - out.println("Begin Record Number: " + row): null

25-09-2024T17:56:05 - [TEST_STEP][PASSED] - today = new java.util.Date(): null

25-09-2024T17:56:05 - [TEST_STEP][PASSED] - println(today): null

25-09-2024T17:56:05 - [TEST_STEP][PASSED] - datText = today: null

25-09-2024T17:56:05 - [TEST_STEP][PASSED] - EmulatorDataKey = findTestData(dataFile).getValue("EmulatorData", row): null

25-09-2024T17:56:05 - [TEST_STEP][PASSED] - out.println("Value of Emulator Key is : " + EmulatorDataKey): null

25-09-2024T17:56:05 - [TEST_STEP][PASSED] - iwpPages.emulatorIWP30.setDataEmulator_DD(EmulatorDataKey): iwpPages.emulatorIWP30.setDataEmulator_DD is PASSED

25-09-2024T17:56:05 - [MESSAGE][INFO] - Starting 'Edge Chromium' driver

25-09-2024T17:56:05 - [MESSAGE][INFO] - User set preference: ['acceptInsecureCerts', 'true']

25-09-2024T17:56:07 - [MESSAGE][INFO] - Action delay is set to 0 milliseconds

25-09-2024T17:56:11 - [MESSAGE][PASSED] - Browser is opened with url: 'https://qa.velocitypayment.com/agency/config.do?action=editor&message_version=2_5'

25-09-2024T17:56:11 - [MESSAGE][PASSED] - Current window maximized

25-09-2024T17:56:12 - [MESSAGE][PASSED] - All options with value '2.5' are selected in object 'Object Repository/IWP30/Page_VRelay30Emulator/MV'  using regular expression

25-09-2024T17:56:13 - [MESSAGE][PASSED] - Text '10.50' is set on object 'Object Repository/IWP30/Page_VRelay30Emulator/Amount'

25-09-2024T17:56:13 - [MESSAGE][PASSED] - Text '0fljS5e7XbYP' is set on object 'Object Repository/IWP30/Page_VRelay30Emulator/CAN'

25-09-2024T17:56:14 - [MESSAGE][PASSED] - Text 'PayNow' is set on object 'Object Repository/IWP30/Page_VRelay30Emulator/Action'

25-09-2024T17:56:15 - [MESSAGE][PASSED] - Text 'en_US' is set on object 'Object Repository/IWP30/Page_VRelay30Emulator/Lang'

25-09-2024T17:56:15 - [MESSAGE][PASSED] - Text '' is set on object 'Object Repository/IWP30/Page_VRelay30Emulator/Fname'

25-09-2024T17:56:16 - [MESSAGE][PASSED] - Text '' is set on object 'Object Repository/IWP30/Page_VRelay30Emulator/Lname'

25-09-2024T17:56:17 - [MESSAGE][PASSED] - Text '' is set on object 'Object Repository/IWP30/Page_VRelay30Emulator/AL1'

25-09-2024T17:56:17 - [MESSAGE][PASSED] - Text '' is set on object 'Object Repository/IWP30/Page_VRelay30Emulator/AL2'

25-09-2024T17:56:18 - [MESSAGE][PASSED] - Text '' is set on object 'Object Repository/IWP30/Page_VRelay30Emulator/Country'

25-09-2024T17:56:18 - [MESSAGE][PASSED] - Text '' is set on object 'Object Repository/IWP30/Page_VRelay30Emulator/City'

25-09-2024T17:56:19 - [MESSAGE][PASSED] - Text '' is set on object 'Object Repository/IWP30/Page_VRelay30Emulator/State'

25-09-2024T17:56:19 - [MESSAGE][PASSED] - Text '' is set on object 'Object Repository/IWP30/Page_VRelay30Emulator/ZIP'

25-09-2024T17:56:20 - [MESSAGE][PASSED] - Text '' is set on object 'Object Repository/IWP30/Page_VRelay30Emulator/Order'

25-09-2024T17:56:21 - [MESSAGE][PASSED] - Text '' is set on object 'Object Repository/IWP30/Page_VRelay30Emulator/Company'

25-09-2024T17:56:21 - [MESSAGE][PASSED] - Text '' is set on object 'Object Repository/IWP30/Page_VRelay30Emulator/Email'

25-09-2024T17:56:22 - [MESSAGE][PASSED] - Text '' is set on object 'Object Repository/IWP30/Page_VRelay30Emulator/UDF1'

25-09-2024T17:56:22 - [MESSAGE][PASSED] - Text '' is set on object 'Object Repository/IWP30/Page_VRelay30Emulator/UDF2'

25-09-2024T17:56:23 - [MESSAGE][PASSED] - Text '' is set on object 'Object Repository/IWP30/Page_VRelay30Emulator/UDF3'

25-09-2024T17:56:24 - [MESSAGE][PASSED] - Text 'udf data 4' is set on object 'Object Repository/IWP30/Page_VRelay30Emulator/UDF4'

25-09-2024T17:56:24 - [MESSAGE][PASSED] - Text 'udf data 5' is set on object 'Object Repository/IWP30/Page_VRelay30Emulator/UDF5'

25-09-2024T17:56:25 - [MESSAGE][PASSED] - Text '' is set on object 'Object Repository/IWP30/Page_VRelay30Emulator/UDF6'

25-09-2024T17:56:25 - [MESSAGE][PASSED] - Text '' is set on object 'Object Repository/IWP30/Page_VRelay30Emulator/UDF7'

25-09-2024T17:56:26 - [MESSAGE][PASSED] - Text '' is set on object 'Object Repository/IWP30/Page_VRelay30Emulator/UDF8'

25-09-2024T17:56:27 - [MESSAGE][PASSED] - Text 'udf data 9' is set on object 'Object Repository/IWP30/Page_VRelay30Emulator/UDF9'

25-09-2024T17:56:27 - [MESSAGE][PASSED] - Text 'udf data 10' is set on object 'Object Repository/IWP30/Page_VRelay30Emulator/UDF10'

25-09-2024T17:56:29 - [MESSAGE][PASSED] - Object: 'Object Repository/IWP30/Page_VRelay30Emulator/Submit' is clicked on

25-09-2024T17:56:33 - [MESSAGE][PASSED] - Browser is closed

25-09-2024T17:56:37 - [MESSAGE][PASSED] - iwpPages.emulatorIWP30.setDataEmulator_DD is PASSED

25-09-2024T17:56:37 - [TEST_STEP][PASSED] - testHarnessURL = urlTestHarness: null

25-09-2024T17:56:37 - [TEST_STEP][PASSED] - openBrowser(testHarnessURL): Browser is opened with url: 'https://dev-algorithm.govolution.com/vrelaytest/QA/version_2_2/vrelaytest.html'

25-09-2024T17:56:37 - [MESSAGE][INFO] - Starting 'Edge Chromium' driver

25-09-2024T17:56:37 - [MESSAGE][INFO] - User set preference: ['acceptInsecureCerts', 'true']

25-09-2024T17:56:39 - [MESSAGE][INFO] - Action delay is set to 0 milliseconds

25-09-2024T17:56:43 - [MESSAGE][PASSED] - Browser is opened with url: 'https://dev-algorithm.govolution.com/vrelaytest/QA/version_2_2/vrelaytest.html'

25-09-2024T17:56:43 - [TEST_STEP][PASSED] - maximizeWindow(): Current window maximized

25-09-2024T17:56:43 - [MESSAGE][PASSED] - Current window maximized

25-09-2024T17:56:43 - [TEST_STEP][PASSED] - iwpPages.TestHarnessPage.setDataMethod(row, dataFile): iwpPages.TestHarnessPage.setDataMethod is PASSED

25-09-2024T17:56:43 - [MESSAGE][PASSED] - Object 'Object Repository/IWP30/Page_QATestHarness/RemittanceID' is present

25-09-2024T17:56:44 - [MESSAGE][PASSED] - Text '638' is set on object 'Object Repository/IWP30/Page_QATestHarness/ApplicationID'

25-09-2024T17:56:45 - [MESSAGE][PASSED] - Text '2.5' is set on object 'Object Repository/IWP30/Page_QATestHarness/MessageVersion'

25-09-2024T17:56:45 - [MESSAGE][PASSED] - Text 'lno4rwV3C6mT' is set on object 'Object Repository/IWP30/Page_QATestHarness/RemittanceID'

25-09-2024T17:56:48 - [MESSAGE][PASSED] - Object: 'Object Repository/IWP30/Page_QATestHarness/SubmitButton' is clicked on

25-09-2024T17:56:48 - [MESSAGE][PASSED] - iwpPages.TestHarnessPage.setDataMethod is PASSED

25-09-2024T17:56:48 - [TEST_STEP][PASSED] - click(findTestObject("Object Repository/IWP30/Page_SelectPaymentMethod/PayByCreditCard")): Object: 'Object Repository/IWP30/Page_SelectPaymentMethod/PayByCreditCard' is clicked on

25-09-2024T17:56:49 - [MESSAGE][PASSED] - Object: 'Object Repository/IWP30/Page_SelectPaymentMethod/PayByCreditCard' is clicked on

25-09-2024T17:56:49 - [TEST_STEP][PASSED] - click(findTestObject("Object Repository/IWP30/Page_SelectPaymentMethod/MakePaymentButton")): Object: 'Object Repository/IWP30/Page_SelectPaymentMethod/MakePaymentButton' is clicked on

25-09-2024T17:56:50 - [MESSAGE][PASSED] - Object: 'Object Repository/IWP30/Page_SelectPaymentMethod/MakePaymentButton' is clicked on

25-09-2024T17:56:50 - [TEST_STEP][PASSED] - iwpPages.ccPaymentEntryPage.setDataCCPM(row, dataFile): iwpPages.ccPaymentEntryPage.setDataCCPM is PASSED

25-09-2024T17:56:52 - [MESSAGE][PASSED] - Object 'Object Repository/IWP30/Page_CCPaymentEntry/Name' is present

25-09-2024T17:56:53 - [MESSAGE][PASSED] - Text '10.50' is set on object 'Object Repository/IWP30/Page_CCPaymentEntry/Amount'

25-09-2024T17:56:53 - [MESSAGE][PASSED] - Text 'udf data 2' is set on object 'Object Repository/IWP30/Page_CCPaymentEntry/UserDefined2'

25-09-2024T17:56:54 - [MESSAGE][PASSED] - Text 'udf data 3' is set on object 'Object Repository/IWP30/Page_CCPaymentEntry/UserDefined3'

25-09-2024T17:56:54 - [MESSAGE][PASSED] - All options with label 'Orange' are selected in object 'Object Repository/IWP30/Page_CCPaymentEntry/UserDefined7' 

25-09-2024T17:56:55 - [MESSAGE][PASSED] - All options with label 'Soccer' are selected in object 'Object Repository/IWP30/Page_CCPaymentEntry/UserDefined8' 

25-09-2024T17:56:55 - [MESSAGE][PASSED] - Object 'Object Repository/IWP30/Page_CCPaymentEntry/Name' is present

25-09-2024T17:56:56 - [MESSAGE][PASSED] - Text 'Kavita Ranawati' is set on object 'Object Repository/IWP30/Page_CCPaymentEntry/Name'

25-09-2024T17:56:56 - [MESSAGE][PASSED] - Object 'Object Repository/IWP30/Page_CCPaymentEntry/CardNumber' is present

25-09-2024T17:56:57 - [MESSAGE][PASSED] - Text '6510000000000210' is set on object 'Object Repository/IWP30/Page_CCPaymentEntry/CardNumber'

25-09-2024T17:56:57 - [MESSAGE][PASSED] - Text '123' is set on object 'Object Repository/IWP30/Page_CCPaymentEntry/SPC'

25-09-2024T17:56:58 - [MESSAGE][PASSED] - Object 'Object Repository/IWP30/Page_CCPaymentEntry/Month' is present

25-09-2024T17:56:59 - [MESSAGE][PASSED] - All options with label '01' are selected in object 'Object Repository/IWP30/Page_CCPaymentEntry/Month' 

25-09-2024T17:56:59 - [MESSAGE][PASSED] - Object 'Object Repository/IWP30/Page_CCPaymentEntry/Year' is present

25-09-2024T17:56:59 - [MESSAGE][PASSED] - All options with label '2028' are selected in object 'Object Repository/IWP30/Page_CCPaymentEntry/Year' 

25-09-2024T17:57:00 - [MESSAGE][PASSED] - Text '365 Main Avenue' is set on object 'Object Repository/IWP30/Page_CCPaymentEntry/AL1'

25-09-2024T17:57:01 - [MESSAGE][PASSED] - Text '22201' is set on object 'Object Repository/IWP30/Page_CCPaymentEntry/ZIP'

25-09-2024T17:57:01 - [MESSAGE][PASSED] - Object 'Object Repository/IWP30/Page_CCPaymentEntry/EmailAddress' is present

25-09-2024T17:57:02 - [MESSAGE][PASSED] - Text 'iahmed@govolution.com' is set on object 'Object Repository/IWP30/Page_CCPaymentEntry/EmailAddress'

25-09-2024T17:57:03 - [MESSAGE][PASSED] - Object 'Object Repository/IWP30/Page_CCPaymentEntry/TermCondCheckBox' is present

25-09-2024T17:57:03 - [MESSAGE][PASSED] - Object 'Object Repository/IWP30/Page_CCPaymentEntry/TermCondCheckBox' is checked

25-09-2024T17:57:03 - [MESSAGE][PASSED] - Object 'Object Repository/IWP30/Page_CCPaymentEntry/ContinueButton' is present

25-09-2024T17:57:05 - [MESSAGE][PASSED] - Object: 'Object Repository/IWP30/Page_CCPaymentEntry/ContinueButton' is clicked on

25-09-2024T17:57:05 - [MESSAGE][PASSED] - iwpPages.ccPaymentEntryPage.setDataCCPM is PASSED

25-09-2024T17:57:05 - [TEST_STEP][PASSED] - Thread.sleep(10000): null

25-09-2024T17:57:15 - [TEST_STEP][PASSED] - if (verifyTextPresent("Card number is invalid. Please enter a different credit card number.", false)): null

25-09-2024T17:57:15 - [MESSAGE][PASSED] - Text 'Card number is invalid. Please enter a different credit card number.' is present on page 

25-09-2024T17:57:15 - [TEST_STEP][PASSED] - println("Card number is invalid message shown"): null

25-09-2024T17:57:15 - [TEST_STEP][PASSED] - markPassed("Max Amount Error message shown"): Max Amount Error message shown

25-09-2024T17:57:15 - [MESSAGE][PASSED] - Max Amount Error message shown

25-09-2024T17:57:15 - [TEST_STEP][PASSED] - resText = "Pass": null

25-09-2024T17:57:15 - [TEST_STEP][PASSED] - pages.WriteExcel.demoKey(resText, datText, resColumn, datCloumn, fileLoc, nameSheet, row): pages.WriteExcel.demoKey is PASSED

25-09-2024T17:57:16 - [MESSAGE][PASSED] - pages.WriteExcel.demoKey is PASSED

25-09-2024T17:57:16 - [TEST_STEP][PASSED] - closeBrowser(): Browser is closed

25-09-2024T17:57:16 - [MESSAGE][PASSED] - Browser is closed]]></system-out>
         <system-err><![CDATA[]]></system-err>
      </testcase>
      <testcase name="Test Cases/IntegratedWeb/IWP25/Error/MaxAmountErrorCC" time="71.996" classname="Test Cases/IntegratedWeb/IWP25/Error/MaxAmountErrorCC" status="PASSED">
         <system-out><![CDATA[25-09-2024T17:57:16 - [TEST_CASE][PASSED] - Test Cases/IntegratedWeb/IWP25/Error/MaxAmountErrorCC: Test Cases/IntegratedWeb/IWP25/Error/MaxAmountErrorCC

25-09-2024T17:57:16 - [TEST_STEP][PASSED] - resText = "Fail": null

25-09-2024T17:57:16 - [TEST_STEP][PASSED] - resColumn = "Result": null

25-09-2024T17:57:16 - [TEST_STEP][PASSED] - datCloumn = "Date": null

25-09-2024T17:57:16 - [TEST_STEP][PASSED] - fileLoc = "KatalonData/IWPTestData/VRelay25Payments.xlsx": null

25-09-2024T17:57:16 - [TEST_STEP][PASSED] - numOfRows = <not implemented yet for class: org.codehaus.groovy.ast.expr.EmptyExpression>: null

25-09-2024T17:57:16 - [TEST_STEP][PASSED] - dataFile = <not implemented yet for class: org.codehaus.groovy.ast.expr.EmptyExpression>: null

25-09-2024T17:57:16 - [TEST_STEP][PASSED] - nameSheet = <not implemented yet for class: org.codehaus.groovy.ast.expr.EmptyExpression>: null

25-09-2024T17:57:16 - [TEST_STEP][PASSED] - dataFileEmulator = <not implemented yet for class: org.codehaus.groovy.ast.expr.EmptyExpression>: null

25-09-2024T17:57:16 - [TEST_STEP][PASSED] - nameSheet = "MaxAmountErrorCC": null

25-09-2024T17:57:16 - [TEST_STEP][PASSED] - dataFile = "IWPTestData/IWP25MaxAmountErrorCC": null

25-09-2024T17:57:16 - [TEST_STEP][PASSED] - dataFileEmulator = "IWPTestData/EmulatorData": null

25-09-2024T17:57:16 - [TEST_STEP][PASSED] - numOfRows = findTestData(dataFile).getRowNumbers(): null

25-09-2024T17:57:16 - [TEST_STEP][PASSED] - println("Number of Records: " + numOfRows): null

25-09-2024T17:57:16 - [TEST_STEP][PASSED] - for ([row = 1, row <= numOfRows, (row++)]): Browser is closed

25-09-2024T17:57:16 - [TEST_STEP][PASSED] - ExecuteTC = findTestData(dataFile).getValue("Execute", row): null

25-09-2024T17:57:17 - [TEST_STEP][PASSED] - out.println("Value of Execute is : " + ExecuteTC): null

25-09-2024T17:57:17 - [TEST_STEP][PASSED] - if (ExecuteTC.equalsIgnoreCase("Y")): null

25-09-2024T17:57:17 - [TEST_STEP][PASSED] - out.println("Begin Record Number: " + row): null

25-09-2024T17:57:17 - [TEST_STEP][PASSED] - today = new java.util.Date(): null

25-09-2024T17:57:17 - [TEST_STEP][PASSED] - println(today): null

25-09-2024T17:57:17 - [TEST_STEP][PASSED] - datText = today: null

25-09-2024T17:57:17 - [TEST_STEP][PASSED] - EmulatorDataKey = findTestData(dataFile).getValue("EmulatorData", row): null

25-09-2024T17:57:17 - [TEST_STEP][PASSED] - out.println("Value of Emulator Key is : " + EmulatorDataKey): null

25-09-2024T17:57:17 - [TEST_STEP][PASSED] - iwpPages.emulatorIWP30.setDataEmulator_DD(EmulatorDataKey): iwpPages.emulatorIWP30.setDataEmulator_DD is PASSED

25-09-2024T17:57:17 - [MESSAGE][INFO] - Starting 'Edge Chromium' driver

25-09-2024T17:57:17 - [MESSAGE][INFO] - User set preference: ['acceptInsecureCerts', 'true']

25-09-2024T17:57:19 - [MESSAGE][INFO] - Action delay is set to 0 milliseconds

25-09-2024T17:57:22 - [MESSAGE][PASSED] - Browser is opened with url: 'https://qa.velocitypayment.com/agency/config.do?action=editor&message_version=2_5'

25-09-2024T17:57:22 - [MESSAGE][PASSED] - Current window maximized

25-09-2024T17:57:23 - [MESSAGE][PASSED] - All options with value '2.5' are selected in object 'Object Repository/IWP30/Page_VRelay30Emulator/MV'  using regular expression

25-09-2024T17:57:23 - [MESSAGE][PASSED] - Text '10.50' is set on object 'Object Repository/IWP30/Page_VRelay30Emulator/Amount'

25-09-2024T17:57:24 - [MESSAGE][PASSED] - Text 'w8JTVSeM5iTE' is set on object 'Object Repository/IWP30/Page_VRelay30Emulator/CAN'

25-09-2024T17:57:25 - [MESSAGE][PASSED] - Text 'PayNow' is set on object 'Object Repository/IWP30/Page_VRelay30Emulator/Action'

25-09-2024T17:57:25 - [MESSAGE][PASSED] - Text 'en_US' is set on object 'Object Repository/IWP30/Page_VRelay30Emulator/Lang'

25-09-2024T17:57:26 - [MESSAGE][PASSED] - Text '' is set on object 'Object Repository/IWP30/Page_VRelay30Emulator/Fname'

25-09-2024T17:57:26 - [MESSAGE][PASSED] - Text '' is set on object 'Object Repository/IWP30/Page_VRelay30Emulator/Lname'

25-09-2024T17:57:27 - [MESSAGE][PASSED] - Text '' is set on object 'Object Repository/IWP30/Page_VRelay30Emulator/AL1'

25-09-2024T17:57:28 - [MESSAGE][PASSED] - Text '' is set on object 'Object Repository/IWP30/Page_VRelay30Emulator/AL2'

25-09-2024T17:57:28 - [MESSAGE][PASSED] - Text '' is set on object 'Object Repository/IWP30/Page_VRelay30Emulator/Country'

25-09-2024T17:57:29 - [MESSAGE][PASSED] - Text '' is set on object 'Object Repository/IWP30/Page_VRelay30Emulator/City'

25-09-2024T17:57:29 - [MESSAGE][PASSED] - Text '' is set on object 'Object Repository/IWP30/Page_VRelay30Emulator/State'

25-09-2024T17:57:30 - [MESSAGE][PASSED] - Text '' is set on object 'Object Repository/IWP30/Page_VRelay30Emulator/ZIP'

25-09-2024T17:57:31 - [MESSAGE][PASSED] - Text '' is set on object 'Object Repository/IWP30/Page_VRelay30Emulator/Order'

25-09-2024T17:57:31 - [MESSAGE][PASSED] - Text '' is set on object 'Object Repository/IWP30/Page_VRelay30Emulator/Company'

25-09-2024T17:57:32 - [MESSAGE][PASSED] - Text '' is set on object 'Object Repository/IWP30/Page_VRelay30Emulator/Email'

25-09-2024T17:57:32 - [MESSAGE][PASSED] - Text '' is set on object 'Object Repository/IWP30/Page_VRelay30Emulator/UDF1'

25-09-2024T17:57:33 - [MESSAGE][PASSED] - Text '' is set on object 'Object Repository/IWP30/Page_VRelay30Emulator/UDF2'

25-09-2024T17:57:33 - [MESSAGE][PASSED] - Text '' is set on object 'Object Repository/IWP30/Page_VRelay30Emulator/UDF3'

25-09-2024T17:57:34 - [MESSAGE][PASSED] - Text 'udf data 4' is set on object 'Object Repository/IWP30/Page_VRelay30Emulator/UDF4'

25-09-2024T17:57:35 - [MESSAGE][PASSED] - Text 'udf data 5' is set on object 'Object Repository/IWP30/Page_VRelay30Emulator/UDF5'

25-09-2024T17:57:35 - [MESSAGE][PASSED] - Text '' is set on object 'Object Repository/IWP30/Page_VRelay30Emulator/UDF6'

25-09-2024T17:57:36 - [MESSAGE][PASSED] - Text '' is set on object 'Object Repository/IWP30/Page_VRelay30Emulator/UDF7'

25-09-2024T17:57:36 - [MESSAGE][PASSED] - Text '' is set on object 'Object Repository/IWP30/Page_VRelay30Emulator/UDF8'

25-09-2024T17:57:37 - [MESSAGE][PASSED] - Text 'udf data 9' is set on object 'Object Repository/IWP30/Page_VRelay30Emulator/UDF9'

25-09-2024T17:57:38 - [MESSAGE][PASSED] - Text 'udf data 10' is set on object 'Object Repository/IWP30/Page_VRelay30Emulator/UDF10'

25-09-2024T17:57:39 - [MESSAGE][PASSED] - Object: 'Object Repository/IWP30/Page_VRelay30Emulator/Submit' is clicked on

25-09-2024T17:57:44 - [MESSAGE][PASSED] - Browser is closed

25-09-2024T17:57:48 - [MESSAGE][PASSED] - iwpPages.emulatorIWP30.setDataEmulator_DD is PASSED

25-09-2024T17:57:48 - [TEST_STEP][PASSED] - testHarnessURL = urlTestHarness: null

25-09-2024T17:57:48 - [TEST_STEP][PASSED] - openBrowser(testHarnessURL): Browser is opened with url: 'https://dev-algorithm.govolution.com/vrelaytest/QA/version_2_2/vrelaytest.html'

25-09-2024T17:57:48 - [MESSAGE][INFO] - Starting 'Edge Chromium' driver

25-09-2024T17:57:48 - [MESSAGE][INFO] - User set preference: ['acceptInsecureCerts', 'true']

25-09-2024T17:57:50 - [MESSAGE][INFO] - Action delay is set to 0 milliseconds

25-09-2024T17:57:53 - [MESSAGE][PASSED] - Browser is opened with url: 'https://dev-algorithm.govolution.com/vrelaytest/QA/version_2_2/vrelaytest.html'

25-09-2024T17:57:53 - [TEST_STEP][PASSED] - maximizeWindow(): Current window maximized

25-09-2024T17:57:54 - [MESSAGE][PASSED] - Current window maximized

25-09-2024T17:57:54 - [TEST_STEP][PASSED] - iwpPages.TestHarnessPage.setDataMethod(row, dataFile): iwpPages.TestHarnessPage.setDataMethod is PASSED

25-09-2024T17:57:54 - [MESSAGE][PASSED] - Object 'Object Repository/IWP30/Page_QATestHarness/RemittanceID' is present

25-09-2024T17:57:55 - [MESSAGE][PASSED] - Text '638' is set on object 'Object Repository/IWP30/Page_QATestHarness/ApplicationID'

25-09-2024T17:57:55 - [MESSAGE][PASSED] - Text '2.5' is set on object 'Object Repository/IWP30/Page_QATestHarness/MessageVersion'

25-09-2024T17:57:56 - [MESSAGE][PASSED] - Text 'b2VxvyF2nF0L' is set on object 'Object Repository/IWP30/Page_QATestHarness/RemittanceID'

25-09-2024T17:58:00 - [MESSAGE][PASSED] - Object: 'Object Repository/IWP30/Page_QATestHarness/SubmitButton' is clicked on

25-09-2024T17:58:00 - [MESSAGE][PASSED] - iwpPages.TestHarnessPage.setDataMethod is PASSED

25-09-2024T17:58:00 - [TEST_STEP][PASSED] - click(findTestObject("Object Repository/IWP30/Page_SelectPaymentMethod/PayByCreditCard")): Object: 'Object Repository/IWP30/Page_SelectPaymentMethod/PayByCreditCard' is clicked on

25-09-2024T17:58:00 - [MESSAGE][PASSED] - Object: 'Object Repository/IWP30/Page_SelectPaymentMethod/PayByCreditCard' is clicked on

25-09-2024T17:58:00 - [TEST_STEP][PASSED] - click(findTestObject("Object Repository/IWP30/Page_SelectPaymentMethod/MakePaymentButton")): Object: 'Object Repository/IWP30/Page_SelectPaymentMethod/MakePaymentButton' is clicked on

25-09-2024T17:58:02 - [MESSAGE][PASSED] - Object: 'Object Repository/IWP30/Page_SelectPaymentMethod/MakePaymentButton' is clicked on

25-09-2024T17:58:02 - [TEST_STEP][PASSED] - iwpPages.ccPaymentEntryPage.setDataCCPM(row, dataFile): iwpPages.ccPaymentEntryPage.setDataCCPM is PASSED

25-09-2024T17:58:03 - [MESSAGE][PASSED] - Object 'Object Repository/IWP30/Page_CCPaymentEntry/Name' is present

25-09-2024T17:58:04 - [MESSAGE][PASSED] - Text '200.50' is set on object 'Object Repository/IWP30/Page_CCPaymentEntry/Amount'

25-09-2024T17:58:05 - [MESSAGE][PASSED] - Text 'udf data 2' is set on object 'Object Repository/IWP30/Page_CCPaymentEntry/UserDefined2'

25-09-2024T17:58:05 - [MESSAGE][PASSED] - Text 'udf data 3' is set on object 'Object Repository/IWP30/Page_CCPaymentEntry/UserDefined3'

25-09-2024T17:58:06 - [MESSAGE][PASSED] - All options with label 'Orange' are selected in object 'Object Repository/IWP30/Page_CCPaymentEntry/UserDefined7' 

25-09-2024T17:58:06 - [MESSAGE][PASSED] - All options with label 'Soccer' are selected in object 'Object Repository/IWP30/Page_CCPaymentEntry/UserDefined8' 

25-09-2024T17:58:07 - [MESSAGE][PASSED] - Object 'Object Repository/IWP30/Page_CCPaymentEntry/Name' is present

25-09-2024T17:58:07 - [MESSAGE][PASSED] - Text 'Kavita Ranawati' is set on object 'Object Repository/IWP30/Page_CCPaymentEntry/Name'

25-09-2024T17:58:07 - [MESSAGE][PASSED] - Object 'Object Repository/IWP30/Page_CCPaymentEntry/CardNumber' is present

25-09-2024T17:58:08 - [MESSAGE][PASSED] - Text '4111111111111111' is set on object 'Object Repository/IWP30/Page_CCPaymentEntry/CardNumber'

25-09-2024T17:58:09 - [MESSAGE][PASSED] - Text '123' is set on object 'Object Repository/IWP30/Page_CCPaymentEntry/SPC'

25-09-2024T17:58:10 - [MESSAGE][PASSED] - Object 'Object Repository/IWP30/Page_CCPaymentEntry/Month' is present

25-09-2024T17:58:10 - [MESSAGE][PASSED] - All options with label '09' are selected in object 'Object Repository/IWP30/Page_CCPaymentEntry/Month' 

25-09-2024T17:58:10 - [MESSAGE][PASSED] - Object 'Object Repository/IWP30/Page_CCPaymentEntry/Year' is present

25-09-2024T17:58:11 - [MESSAGE][PASSED] - All options with label '2028' are selected in object 'Object Repository/IWP30/Page_CCPaymentEntry/Year' 

25-09-2024T17:58:12 - [MESSAGE][PASSED] - Text '365 Main Avenue' is set on object 'Object Repository/IWP30/Page_CCPaymentEntry/AL1'

25-09-2024T17:58:12 - [MESSAGE][PASSED] - Text '22201' is set on object 'Object Repository/IWP30/Page_CCPaymentEntry/ZIP'

25-09-2024T17:58:12 - [MESSAGE][PASSED] - Object 'Object Repository/IWP30/Page_CCPaymentEntry/EmailAddress' is present

25-09-2024T17:58:13 - [MESSAGE][PASSED] - Text 'iahmed@govolution.com' is set on object 'Object Repository/IWP30/Page_CCPaymentEntry/EmailAddress'

25-09-2024T17:58:14 - [MESSAGE][PASSED] - Object 'Object Repository/IWP30/Page_CCPaymentEntry/TermCondCheckBox' is present

25-09-2024T17:58:14 - [MESSAGE][PASSED] - Object 'Object Repository/IWP30/Page_CCPaymentEntry/TermCondCheckBox' is checked

25-09-2024T17:58:14 - [MESSAGE][PASSED] - Object 'Object Repository/IWP30/Page_CCPaymentEntry/ContinueButton' is present

25-09-2024T17:58:17 - [MESSAGE][PASSED] - Object: 'Object Repository/IWP30/Page_CCPaymentEntry/ContinueButton' is clicked on

25-09-2024T17:58:17 - [MESSAGE][PASSED] - iwpPages.ccPaymentEntryPage.setDataCCPM is PASSED

25-09-2024T17:58:17 - [TEST_STEP][PASSED] - Thread.sleep(10000): null

25-09-2024T17:58:27 - [TEST_STEP][PASSED] - if (verifyTextPresent("Amount is greater than maximum", false)): null

25-09-2024T17:58:27 - [MESSAGE][PASSED] - Text 'Amount is greater than maximum' is present on page 

25-09-2024T17:58:27 - [TEST_STEP][PASSED] - println("Max Amount Error message shown"): null

25-09-2024T17:58:27 - [TEST_STEP][PASSED] - markPassed("Max Amount Error message shown"): Max Amount Error message shown

25-09-2024T17:58:27 - [MESSAGE][PASSED] - Max Amount Error message shown

25-09-2024T17:58:27 - [TEST_STEP][PASSED] - resText = "Pass": null

25-09-2024T17:58:27 - [TEST_STEP][PASSED] - pages.WriteExcel.demoKey(resText, datText, resColumn, datCloumn, fileLoc, nameSheet, row): pages.WriteExcel.demoKey is PASSED

25-09-2024T17:58:28 - [MESSAGE][PASSED] - pages.WriteExcel.demoKey is PASSED

25-09-2024T17:58:28 - [TEST_STEP][PASSED] - closeBrowser(): Browser is closed

25-09-2024T17:58:28 - [MESSAGE][PASSED] - Browser is closed]]></system-out>
         <system-err><![CDATA[]]></system-err>
      </testcase>
      <testcase name="Test Cases/IntegratedWeb/IWP25/Error/MaxAmountErrorCorp" time="74.262" classname="Test Cases/IntegratedWeb/IWP25/Error/MaxAmountErrorCorp" status="PASSED">
         <system-out><![CDATA[25-09-2024T17:58:28 - [TEST_CASE][PASSED] - Test Cases/IntegratedWeb/IWP25/Error/MaxAmountErrorCorp: Test Cases/IntegratedWeb/IWP25/Error/MaxAmountErrorCorp

25-09-2024T17:58:28 - [TEST_STEP][PASSED] - resText = "Fail": null

25-09-2024T17:58:28 - [TEST_STEP][PASSED] - resColumn = "Result": null

25-09-2024T17:58:28 - [TEST_STEP][PASSED] - datCloumn = "Date": null

25-09-2024T17:58:28 - [TEST_STEP][PASSED] - fileLoc = "KatalonData/IWPTestData/VRelay25Payments.xlsx": null

25-09-2024T17:58:28 - [TEST_STEP][PASSED] - numOfRows = <not implemented yet for class: org.codehaus.groovy.ast.expr.EmptyExpression>: null

25-09-2024T17:58:28 - [TEST_STEP][PASSED] - dataFile = <not implemented yet for class: org.codehaus.groovy.ast.expr.EmptyExpression>: null

25-09-2024T17:58:28 - [TEST_STEP][PASSED] - nameSheet = <not implemented yet for class: org.codehaus.groovy.ast.expr.EmptyExpression>: null

25-09-2024T17:58:28 - [TEST_STEP][PASSED] - dataFileEmulator = <not implemented yet for class: org.codehaus.groovy.ast.expr.EmptyExpression>: null

25-09-2024T17:58:28 - [TEST_STEP][PASSED] - nameSheet = "MaxAmountErrorCorp": null

25-09-2024T17:58:28 - [TEST_STEP][PASSED] - dataFile = "IWPTestData/IWP25MaxAmountErrorCorp": null

25-09-2024T17:58:28 - [TEST_STEP][PASSED] - dataFileEmulator = "IWPTestData/EmulatorData": null

25-09-2024T17:58:28 - [TEST_STEP][PASSED] - numOfRows = findTestData(dataFile).getRowNumbers(): null

25-09-2024T17:58:28 - [TEST_STEP][PASSED] - println("Number of Records: " + numOfRows): null

25-09-2024T17:58:28 - [TEST_STEP][PASSED] - for ([row = 1, row <= numOfRows, (row++)]): Browser is closed

25-09-2024T17:58:28 - [TEST_STEP][PASSED] - ExecuteTC = findTestData(dataFile).getValue("Execute", row): null

25-09-2024T17:58:29 - [TEST_STEP][PASSED] - out.println("Value of Execute is : " + ExecuteTC): null

25-09-2024T17:58:29 - [TEST_STEP][PASSED] - if (ExecuteTC.equalsIgnoreCase("Y")): null

25-09-2024T17:58:29 - [TEST_STEP][PASSED] - out.println("Begin Record Number: " + row): null

25-09-2024T17:58:29 - [TEST_STEP][PASSED] - today = new java.util.Date(): null

25-09-2024T17:58:29 - [TEST_STEP][PASSED] - println(today): null

25-09-2024T17:58:29 - [TEST_STEP][PASSED] - datText = today: null

25-09-2024T17:58:29 - [TEST_STEP][PASSED] - EmulatorDataKey = findTestData(dataFile).getValue("EmulatorData", row): null

25-09-2024T17:58:29 - [TEST_STEP][PASSED] - out.println("Value of Emulator Key is : " + EmulatorDataKey): null

25-09-2024T17:58:29 - [TEST_STEP][PASSED] - iwpPages.emulatorIWP30.setDataEmulator_DD(EmulatorDataKey): iwpPages.emulatorIWP30.setDataEmulator_DD is PASSED

25-09-2024T17:58:29 - [MESSAGE][INFO] - Starting 'Edge Chromium' driver

25-09-2024T17:58:29 - [MESSAGE][INFO] - User set preference: ['acceptInsecureCerts', 'true']

25-09-2024T17:58:31 - [MESSAGE][INFO] - Action delay is set to 0 milliseconds

25-09-2024T17:58:36 - [MESSAGE][PASSED] - Browser is opened with url: 'https://qa.velocitypayment.com/agency/config.do?action=editor&message_version=2_5'

25-09-2024T17:58:36 - [MESSAGE][PASSED] - Current window maximized

25-09-2024T17:58:37 - [MESSAGE][PASSED] - All options with value '2.5' are selected in object 'Object Repository/IWP30/Page_VRelay30Emulator/MV'  using regular expression

25-09-2024T17:58:37 - [MESSAGE][PASSED] - Text '10.50' is set on object 'Object Repository/IWP30/Page_VRelay30Emulator/Amount'

25-09-2024T17:58:38 - [MESSAGE][PASSED] - Text 'LtjF6At4rquk' is set on object 'Object Repository/IWP30/Page_VRelay30Emulator/CAN'

25-09-2024T17:58:39 - [MESSAGE][PASSED] - Text 'PayNow' is set on object 'Object Repository/IWP30/Page_VRelay30Emulator/Action'

25-09-2024T17:58:39 - [MESSAGE][PASSED] - Text 'en_US' is set on object 'Object Repository/IWP30/Page_VRelay30Emulator/Lang'

25-09-2024T17:58:40 - [MESSAGE][PASSED] - Text '' is set on object 'Object Repository/IWP30/Page_VRelay30Emulator/Fname'

25-09-2024T17:58:41 - [MESSAGE][PASSED] - Text '' is set on object 'Object Repository/IWP30/Page_VRelay30Emulator/Lname'

25-09-2024T17:58:41 - [MESSAGE][PASSED] - Text '' is set on object 'Object Repository/IWP30/Page_VRelay30Emulator/AL1'

25-09-2024T17:58:42 - [MESSAGE][PASSED] - Text '' is set on object 'Object Repository/IWP30/Page_VRelay30Emulator/AL2'

25-09-2024T17:58:42 - [MESSAGE][PASSED] - Text '' is set on object 'Object Repository/IWP30/Page_VRelay30Emulator/Country'

25-09-2024T17:58:43 - [MESSAGE][PASSED] - Text '' is set on object 'Object Repository/IWP30/Page_VRelay30Emulator/City'

25-09-2024T17:58:44 - [MESSAGE][PASSED] - Text '' is set on object 'Object Repository/IWP30/Page_VRelay30Emulator/State'

25-09-2024T17:58:44 - [MESSAGE][PASSED] - Text '' is set on object 'Object Repository/IWP30/Page_VRelay30Emulator/ZIP'

25-09-2024T17:58:45 - [MESSAGE][PASSED] - Text '' is set on object 'Object Repository/IWP30/Page_VRelay30Emulator/Order'

25-09-2024T17:58:45 - [MESSAGE][PASSED] - Text '' is set on object 'Object Repository/IWP30/Page_VRelay30Emulator/Company'

25-09-2024T17:58:46 - [MESSAGE][PASSED] - Text '' is set on object 'Object Repository/IWP30/Page_VRelay30Emulator/Email'

25-09-2024T17:58:46 - [MESSAGE][PASSED] - Text '' is set on object 'Object Repository/IWP30/Page_VRelay30Emulator/UDF1'

25-09-2024T17:58:47 - [MESSAGE][PASSED] - Text '' is set on object 'Object Repository/IWP30/Page_VRelay30Emulator/UDF2'

25-09-2024T17:58:48 - [MESSAGE][PASSED] - Text '' is set on object 'Object Repository/IWP30/Page_VRelay30Emulator/UDF3'

25-09-2024T17:58:48 - [MESSAGE][PASSED] - Text 'udf data 4' is set on object 'Object Repository/IWP30/Page_VRelay30Emulator/UDF4'

25-09-2024T17:58:49 - [MESSAGE][PASSED] - Text 'udf data 5' is set on object 'Object Repository/IWP30/Page_VRelay30Emulator/UDF5'

25-09-2024T17:58:49 - [MESSAGE][PASSED] - Text '' is set on object 'Object Repository/IWP30/Page_VRelay30Emulator/UDF6'

25-09-2024T17:58:50 - [MESSAGE][PASSED] - Text '' is set on object 'Object Repository/IWP30/Page_VRelay30Emulator/UDF7'

25-09-2024T17:58:50 - [MESSAGE][PASSED] - Text '' is set on object 'Object Repository/IWP30/Page_VRelay30Emulator/UDF8'

25-09-2024T17:58:51 - [MESSAGE][PASSED] - Text 'udf data 9' is set on object 'Object Repository/IWP30/Page_VRelay30Emulator/UDF9'

25-09-2024T17:58:52 - [MESSAGE][PASSED] - Text 'udf data 10' is set on object 'Object Repository/IWP30/Page_VRelay30Emulator/UDF10'

25-09-2024T17:58:53 - [MESSAGE][PASSED] - Object: 'Object Repository/IWP30/Page_VRelay30Emulator/Submit' is clicked on

25-09-2024T17:58:57 - [MESSAGE][PASSED] - Browser is closed

25-09-2024T17:59:01 - [MESSAGE][PASSED] - iwpPages.emulatorIWP30.setDataEmulator_DD is PASSED

25-09-2024T17:59:01 - [TEST_STEP][PASSED] - testHarnessURL = urlTestHarness: null

25-09-2024T17:59:01 - [TEST_STEP][PASSED] - openBrowser(testHarnessURL): Browser is opened with url: 'https://dev-algorithm.govolution.com/vrelaytest/QA/version_2_2/vrelaytest.html'

25-09-2024T17:59:01 - [MESSAGE][INFO] - Starting 'Edge Chromium' driver

25-09-2024T17:59:01 - [MESSAGE][INFO] - User set preference: ['acceptInsecureCerts', 'true']

25-09-2024T17:59:03 - [MESSAGE][INFO] - Action delay is set to 0 milliseconds

25-09-2024T17:59:07 - [MESSAGE][PASSED] - Browser is opened with url: 'https://dev-algorithm.govolution.com/vrelaytest/QA/version_2_2/vrelaytest.html'

25-09-2024T17:59:07 - [TEST_STEP][PASSED] - maximizeWindow(): Current window maximized

25-09-2024T17:59:07 - [MESSAGE][PASSED] - Current window maximized

25-09-2024T17:59:07 - [TEST_STEP][PASSED] - iwpPages.TestHarnessPage.setDataMethod(row, dataFile): iwpPages.TestHarnessPage.setDataMethod is PASSED

25-09-2024T17:59:07 - [MESSAGE][PASSED] - Object 'Object Repository/IWP30/Page_QATestHarness/RemittanceID' is present

25-09-2024T17:59:08 - [MESSAGE][PASSED] - Text '638' is set on object 'Object Repository/IWP30/Page_QATestHarness/ApplicationID'

25-09-2024T17:59:09 - [MESSAGE][PASSED] - Text '2.5' is set on object 'Object Repository/IWP30/Page_QATestHarness/MessageVersion'

25-09-2024T17:59:09 - [MESSAGE][PASSED] - Text 'PUq7Fu0fntgg' is set on object 'Object Repository/IWP30/Page_QATestHarness/RemittanceID'

25-09-2024T17:59:13 - [MESSAGE][PASSED] - Object: 'Object Repository/IWP30/Page_QATestHarness/SubmitButton' is clicked on

25-09-2024T17:59:13 - [MESSAGE][PASSED] - iwpPages.TestHarnessPage.setDataMethod is PASSED

25-09-2024T17:59:13 - [TEST_STEP][PASSED] - click(findTestObject("Object Repository/IWP30/Page_SelectPaymentMethod/PayByCorporateCheck")): Object: 'Object Repository/IWP30/Page_SelectPaymentMethod/PayByCorporateCheck' is clicked on

25-09-2024T17:59:14 - [MESSAGE][PASSED] - Object: 'Object Repository/IWP30/Page_SelectPaymentMethod/PayByCorporateCheck' is clicked on

25-09-2024T17:59:14 - [TEST_STEP][PASSED] - click(findTestObject("Object Repository/IWP30/Page_SelectPaymentMethod/MakePaymentButton")): Object: 'Object Repository/IWP30/Page_SelectPaymentMethod/MakePaymentButton' is clicked on

25-09-2024T17:59:16 - [MESSAGE][PASSED] - Object: 'Object Repository/IWP30/Page_SelectPaymentMethod/MakePaymentButton' is clicked on

25-09-2024T17:59:16 - [TEST_STEP][PASSED] - iwpPages.achCorporatePaymentEntryPage.setDataCorporate(row, dataFile): iwpPages.achCorporatePaymentEntryPage.setDataCorporate is PASSED

25-09-2024T17:59:17 - [MESSAGE][PASSED] - Object 'Object Repository/IWP30/Page_ACHCorporatePaymentEntry/txt_accountNumber' is present

25-09-2024T17:59:17 - [MESSAGE][PASSED] - Object 'Object Repository/IWP30/Page_ACHCorporatePaymentEntry/input_CompanyName' is present

25-09-2024T17:59:18 - [MESSAGE][PASSED] - Text 'My Company' is set on object 'Object Repository/IWP30/Page_ACHCorporatePaymentEntry/input_CompanyName'

25-09-2024T17:59:18 - [MESSAGE][PASSED] - Object 'Object Repository/IWP30/Page_ACHCorporatePaymentEntry/input_EIN' is present

25-09-2024T17:59:19 - [MESSAGE][PASSED] - Text '123456789' is set on object 'Object Repository/IWP30/Page_ACHCorporatePaymentEntry/input_EIN'

25-09-2024T17:59:19 - [MESSAGE][PASSED] - Text '200.50' is set on object 'Object Repository/IWP30/Page_ACHCorporatePaymentEntry/txt_Amount'

25-09-2024T17:59:20 - [MESSAGE][PASSED] - Text 'udf data 2' is set on object 'Object Repository/IWP30/Page_ACHCorporatePaymentEntry/txt_UDF2'

25-09-2024T17:59:21 - [MESSAGE][PASSED] - Text 'udf data 3' is set on object 'Object Repository/IWP30/Page_ACHCorporatePaymentEntry/txt_UDF3'

25-09-2024T17:59:21 - [MESSAGE][PASSED] - All options with label 'Orange' are selected in object 'Object Repository/IWP30/Page_ACHCorporatePaymentEntry/dd_UDF7' 

25-09-2024T17:59:22 - [MESSAGE][PASSED] - All options with label 'Soccer' are selected in object 'Object Repository/IWP30/Page_ACHCorporatePaymentEntry/dd_UDF8' 

25-09-2024T17:59:22 - [MESSAGE][PASSED] - Object 'Object Repository/IWP30/Page_ACHCorporatePaymentEntry/txt_routingNumber' is present

25-09-2024T17:59:23 - [MESSAGE][PASSED] - Text '256072691' is set on object 'Object Repository/IWP30/Page_ACHCorporatePaymentEntry/txt_routingNumber'

25-09-2024T17:59:23 - [MESSAGE][PASSED] - Object 'Object Repository/IWP30/Page_ACHCorporatePaymentEntry/txt_accountNumber' is present

25-09-2024T17:59:24 - [MESSAGE][PASSED] - Text '12344444' is set on object 'Object Repository/IWP30/Page_ACHCorporatePaymentEntry/txt_accountNumber'

25-09-2024T17:59:24 - [MESSAGE][PASSED] - Object 'Object Repository/IWP30/Page_ACHCorporatePaymentEntry/txt_confirmAccountNumber' is present

25-09-2024T17:59:25 - [MESSAGE][PASSED] - Text '12344444' is set on object 'Object Repository/IWP30/Page_ACHCorporatePaymentEntry/txt_confirmAccountNumber'

25-09-2024T17:59:26 - [MESSAGE][PASSED] - Text '365 Main Avenue' is set on object 'Object Repository/IWP30/Page_ACHCorporatePaymentEntry/txt_AL1'

25-09-2024T17:59:26 - [MESSAGE][PASSED] - Text '22201' is set on object 'Object Repository/IWP30/Page_ACHCorporatePaymentEntry/txt_ZIP'

25-09-2024T17:59:27 - [MESSAGE][PASSED] - Object 'Object Repository/IWP30/Page_ACHCorporatePaymentEntry/txt_Email' is present

25-09-2024T17:59:27 - [MESSAGE][PASSED] - Text 'iahmed@govolution.com' is set on object 'Object Repository/IWP30/Page_ACHCorporatePaymentEntry/txt_Email'

25-09-2024T17:59:28 - [MESSAGE][PASSED] - Object 'Object Repository/IWP30/Page_ACHCorporatePaymentEntry/cb_TermsAndCond' is present

25-09-2024T17:59:28 - [MESSAGE][PASSED] - Object: 'Object Repository/IWP30/Page_ACHCorporatePaymentEntry/cb_TermsAndCond' is clicked on

25-09-2024T17:59:28 - [MESSAGE][PASSED] - Object 'Object Repository/IWP30/Page_ACHCorporatePaymentEntry/btn_Continue' is present

25-09-2024T17:59:31 - [MESSAGE][PASSED] - Object: 'Object Repository/IWP30/Page_ACHCorporatePaymentEntry/btn_Continue' is clicked on

25-09-2024T17:59:31 - [MESSAGE][PASSED] - iwpPages.achCorporatePaymentEntryPage.setDataCorporate is PASSED

25-09-2024T17:59:31 - [TEST_STEP][PASSED] - Thread.sleep(10000): null

25-09-2024T17:59:41 - [TEST_STEP][PASSED] - if (verifyTextPresent("Amount is greater than maximum", false)): null

25-09-2024T17:59:42 - [MESSAGE][PASSED] - Text 'Amount is greater than maximum' is present on page 

25-09-2024T17:59:42 - [TEST_STEP][PASSED] - println("Max Amount Error message shown"): null

25-09-2024T17:59:42 - [TEST_STEP][PASSED] - markPassed("Max Amount Error message shown"): Max Amount Error message shown

25-09-2024T17:59:42 - [MESSAGE][PASSED] - Max Amount Error message shown

25-09-2024T17:59:42 - [TEST_STEP][PASSED] - resText = "Pass": null

25-09-2024T17:59:42 - [TEST_STEP][PASSED] - pages.WriteExcel.demoKey(resText, datText, resColumn, datCloumn, fileLoc, nameSheet, row): pages.WriteExcel.demoKey is PASSED

25-09-2024T17:59:42 - [MESSAGE][PASSED] - pages.WriteExcel.demoKey is PASSED

25-09-2024T17:59:42 - [TEST_STEP][PASSED] - closeBrowser(): Browser is closed

25-09-2024T17:59:42 - [MESSAGE][PASSED] - Browser is closed]]></system-out>
         <system-err><![CDATA[]]></system-err>
      </testcase>
      <testcase name="Test Cases/IntegratedWeb/IWP25/Error/MaxAmountErrorPC" time="74.18" classname="Test Cases/IntegratedWeb/IWP25/Error/MaxAmountErrorPC" status="PASSED">
         <system-out><![CDATA[25-09-2024T17:59:42 - [TEST_CASE][PASSED] - Test Cases/IntegratedWeb/IWP25/Error/MaxAmountErrorPC: Test Cases/IntegratedWeb/IWP25/Error/MaxAmountErrorPC

25-09-2024T17:59:43 - [TEST_STEP][PASSED] - resText = "Fail": null

25-09-2024T17:59:43 - [TEST_STEP][PASSED] - resColumn = "Result": null

25-09-2024T17:59:43 - [TEST_STEP][PASSED] - datCloumn = "Date": null

25-09-2024T17:59:43 - [TEST_STEP][PASSED] - fileLoc = "KatalonData/IWPTestData/VRelay25Payments.xlsx": null

25-09-2024T17:59:43 - [TEST_STEP][PASSED] - numOfRows = <not implemented yet for class: org.codehaus.groovy.ast.expr.EmptyExpression>: null

25-09-2024T17:59:43 - [TEST_STEP][PASSED] - dataFile = <not implemented yet for class: org.codehaus.groovy.ast.expr.EmptyExpression>: null

25-09-2024T17:59:43 - [TEST_STEP][PASSED] - nameSheet = <not implemented yet for class: org.codehaus.groovy.ast.expr.EmptyExpression>: null

25-09-2024T17:59:43 - [TEST_STEP][PASSED] - dataFileEmulator = <not implemented yet for class: org.codehaus.groovy.ast.expr.EmptyExpression>: null

25-09-2024T17:59:43 - [TEST_STEP][PASSED] - nameSheet = "MaxAmountErrorPC": null

25-09-2024T17:59:43 - [TEST_STEP][PASSED] - dataFile = "IWPTestData/IWP25MaxAmountErrorPC": null

25-09-2024T17:59:43 - [TEST_STEP][PASSED] - dataFileEmulator = "IWPTestData/EmulatorData": null

25-09-2024T17:59:43 - [TEST_STEP][PASSED] - numOfRows = findTestData(dataFile).getRowNumbers(): null

25-09-2024T17:59:43 - [TEST_STEP][PASSED] - println("Number of Records: " + numOfRows): null

25-09-2024T17:59:43 - [TEST_STEP][PASSED] - for ([row = 1, row <= numOfRows, (row++)]): Browser is closed

25-09-2024T17:59:43 - [TEST_STEP][PASSED] - ExecuteTC = findTestData(dataFile).getValue("Execute", row): null

25-09-2024T17:59:43 - [TEST_STEP][PASSED] - out.println("Value of Execute is : " + ExecuteTC): null

25-09-2024T17:59:43 - [TEST_STEP][PASSED] - if (ExecuteTC.equalsIgnoreCase("Y")): null

25-09-2024T17:59:43 - [TEST_STEP][PASSED] - out.println("Begin Record Number: " + row): null

25-09-2024T17:59:43 - [TEST_STEP][PASSED] - today = new java.util.Date(): null

25-09-2024T17:59:43 - [TEST_STEP][PASSED] - println(today): null

25-09-2024T17:59:43 - [TEST_STEP][PASSED] - datText = today: null

25-09-2024T17:59:43 - [TEST_STEP][PASSED] - EmulatorDataKey = findTestData(dataFile).getValue("EmulatorData", row): null

25-09-2024T17:59:43 - [TEST_STEP][PASSED] - out.println("Value of Emulator Key is : " + EmulatorDataKey): null

25-09-2024T17:59:43 - [TEST_STEP][PASSED] - iwpPages.emulatorIWP30.setDataEmulator_DD(EmulatorDataKey): iwpPages.emulatorIWP30.setDataEmulator_DD is PASSED

25-09-2024T17:59:43 - [MESSAGE][INFO] - Starting 'Edge Chromium' driver

25-09-2024T17:59:43 - [MESSAGE][INFO] - User set preference: ['acceptInsecureCerts', 'true']

25-09-2024T17:59:45 - [MESSAGE][INFO] - Action delay is set to 0 milliseconds

25-09-2024T17:59:48 - [MESSAGE][PASSED] - Browser is opened with url: 'https://qa.velocitypayment.com/agency/config.do?action=editor&message_version=2_5'

25-09-2024T17:59:48 - [MESSAGE][PASSED] - Current window maximized

25-09-2024T17:59:49 - [MESSAGE][PASSED] - All options with value '2.5' are selected in object 'Object Repository/IWP30/Page_VRelay30Emulator/MV'  using regular expression

25-09-2024T17:59:50 - [MESSAGE][PASSED] - Text '10.50' is set on object 'Object Repository/IWP30/Page_VRelay30Emulator/Amount'

25-09-2024T17:59:51 - [MESSAGE][PASSED] - Text 'mbfrw9eTKyJN' is set on object 'Object Repository/IWP30/Page_VRelay30Emulator/CAN'

25-09-2024T17:59:51 - [MESSAGE][PASSED] - Text 'PayNow' is set on object 'Object Repository/IWP30/Page_VRelay30Emulator/Action'

25-09-2024T17:59:52 - [MESSAGE][PASSED] - Text 'en_US' is set on object 'Object Repository/IWP30/Page_VRelay30Emulator/Lang'

25-09-2024T17:59:53 - [MESSAGE][PASSED] - Text '' is set on object 'Object Repository/IWP30/Page_VRelay30Emulator/Fname'

25-09-2024T17:59:53 - [MESSAGE][PASSED] - Text '' is set on object 'Object Repository/IWP30/Page_VRelay30Emulator/Lname'

25-09-2024T17:59:54 - [MESSAGE][PASSED] - Text '' is set on object 'Object Repository/IWP30/Page_VRelay30Emulator/AL1'

25-09-2024T17:59:54 - [MESSAGE][PASSED] - Text '' is set on object 'Object Repository/IWP30/Page_VRelay30Emulator/AL2'

25-09-2024T17:59:55 - [MESSAGE][PASSED] - Text '' is set on object 'Object Repository/IWP30/Page_VRelay30Emulator/Country'

25-09-2024T17:59:56 - [MESSAGE][PASSED] - Text '' is set on object 'Object Repository/IWP30/Page_VRelay30Emulator/City'

25-09-2024T17:59:56 - [MESSAGE][PASSED] - Text '' is set on object 'Object Repository/IWP30/Page_VRelay30Emulator/State'

25-09-2024T17:59:57 - [MESSAGE][PASSED] - Text '' is set on object 'Object Repository/IWP30/Page_VRelay30Emulator/ZIP'

25-09-2024T17:59:57 - [MESSAGE][PASSED] - Text '' is set on object 'Object Repository/IWP30/Page_VRelay30Emulator/Order'

25-09-2024T17:59:58 - [MESSAGE][PASSED] - Text '' is set on object 'Object Repository/IWP30/Page_VRelay30Emulator/Company'

25-09-2024T17:59:58 - [MESSAGE][PASSED] - Text '' is set on object 'Object Repository/IWP30/Page_VRelay30Emulator/Email'

25-09-2024T17:59:59 - [MESSAGE][PASSED] - Text '' is set on object 'Object Repository/IWP30/Page_VRelay30Emulator/UDF1'

25-09-2024T18:00:00 - [MESSAGE][PASSED] - Text '' is set on object 'Object Repository/IWP30/Page_VRelay30Emulator/UDF2'

25-09-2024T18:00:00 - [MESSAGE][PASSED] - Text '' is set on object 'Object Repository/IWP30/Page_VRelay30Emulator/UDF3'

25-09-2024T18:00:01 - [MESSAGE][PASSED] - Text 'udf data 4' is set on object 'Object Repository/IWP30/Page_VRelay30Emulator/UDF4'

25-09-2024T18:00:01 - [MESSAGE][PASSED] - Text 'udf data 5' is set on object 'Object Repository/IWP30/Page_VRelay30Emulator/UDF5'

25-09-2024T18:00:02 - [MESSAGE][PASSED] - Text '' is set on object 'Object Repository/IWP30/Page_VRelay30Emulator/UDF6'

25-09-2024T18:00:03 - [MESSAGE][PASSED] - Text '' is set on object 'Object Repository/IWP30/Page_VRelay30Emulator/UDF7'

25-09-2024T18:00:03 - [MESSAGE][PASSED] - Text '' is set on object 'Object Repository/IWP30/Page_VRelay30Emulator/UDF8'

25-09-2024T18:00:04 - [MESSAGE][PASSED] - Text 'udf data 9' is set on object 'Object Repository/IWP30/Page_VRelay30Emulator/UDF9'

25-09-2024T18:00:04 - [MESSAGE][PASSED] - Text 'udf data 10' is set on object 'Object Repository/IWP30/Page_VRelay30Emulator/UDF10'

25-09-2024T18:00:06 - [MESSAGE][PASSED] - Object: 'Object Repository/IWP30/Page_VRelay30Emulator/Submit' is clicked on

25-09-2024T18:00:10 - [MESSAGE][PASSED] - Browser is closed

25-09-2024T18:00:14 - [MESSAGE][PASSED] - iwpPages.emulatorIWP30.setDataEmulator_DD is PASSED

25-09-2024T18:00:14 - [TEST_STEP][PASSED] - testHarnessURL = urlTestHarness: null

25-09-2024T18:00:14 - [TEST_STEP][PASSED] - openBrowser(testHarnessURL): Browser is opened with url: 'https://dev-algorithm.govolution.com/vrelaytest/QA/version_2_2/vrelaytest.html'

25-09-2024T18:00:14 - [MESSAGE][INFO] - Starting 'Edge Chromium' driver

25-09-2024T18:00:14 - [MESSAGE][INFO] - User set preference: ['acceptInsecureCerts', 'true']

25-09-2024T18:00:16 - [MESSAGE][INFO] - Action delay is set to 0 milliseconds

25-09-2024T18:00:19 - [MESSAGE][PASSED] - Browser is opened with url: 'https://dev-algorithm.govolution.com/vrelaytest/QA/version_2_2/vrelaytest.html'

25-09-2024T18:00:19 - [TEST_STEP][PASSED] - maximizeWindow(): Current window maximized

25-09-2024T18:00:20 - [MESSAGE][PASSED] - Current window maximized

25-09-2024T18:00:20 - [TEST_STEP][PASSED] - iwpPages.TestHarnessPage.setDataMethod(row, dataFile): iwpPages.TestHarnessPage.setDataMethod is PASSED

25-09-2024T18:00:20 - [MESSAGE][PASSED] - Object 'Object Repository/IWP30/Page_QATestHarness/RemittanceID' is present

25-09-2024T18:00:21 - [MESSAGE][PASSED] - Text '638' is set on object 'Object Repository/IWP30/Page_QATestHarness/ApplicationID'

25-09-2024T18:00:21 - [MESSAGE][PASSED] - Text '2.5' is set on object 'Object Repository/IWP30/Page_QATestHarness/MessageVersion'

25-09-2024T18:00:22 - [MESSAGE][PASSED] - Text 'QNNs0nkSvk18' is set on object 'Object Repository/IWP30/Page_QATestHarness/RemittanceID'

25-09-2024T18:00:25 - [MESSAGE][PASSED] - Object: 'Object Repository/IWP30/Page_QATestHarness/SubmitButton' is clicked on

25-09-2024T18:00:25 - [MESSAGE][PASSED] - iwpPages.TestHarnessPage.setDataMethod is PASSED

25-09-2024T18:00:25 - [TEST_STEP][PASSED] - click(findTestObject("Object Repository/IWP30/Page_SelectPaymentMethod/PayByPersonalCheck")): Object: 'Object Repository/IWP30/Page_SelectPaymentMethod/PayByPersonalCheck' is clicked on

25-09-2024T18:00:26 - [MESSAGE][PASSED] - Object: 'Object Repository/IWP30/Page_SelectPaymentMethod/PayByPersonalCheck' is clicked on

25-09-2024T18:00:26 - [TEST_STEP][PASSED] - click(findTestObject("Object Repository/IWP30/Page_SelectPaymentMethod/MakePaymentButton")): Object: 'Object Repository/IWP30/Page_SelectPaymentMethod/MakePaymentButton' is clicked on

25-09-2024T18:00:29 - [MESSAGE][PASSED] - Object: 'Object Repository/IWP30/Page_SelectPaymentMethod/MakePaymentButton' is clicked on

25-09-2024T18:00:29 - [TEST_STEP][PASSED] - iwpPages.achPersonalPaymentEntryPage.setDataACHPPM(row, dataFile): iwpPages.achPersonalPaymentEntryPage.setDataACHPPM is PASSED

25-09-2024T18:00:30 - [MESSAGE][PASSED] - Object 'Object Repository/IWP30/Page_ACHPersonalPaymentEntry/txt_accountNumber' is present

25-09-2024T18:00:31 - [MESSAGE][PASSED] - Text '200.50' is set on object 'Object Repository/IWP30/Page_ACHPersonalPaymentEntry/txt_Amount'

25-09-2024T18:00:31 - [MESSAGE][PASSED] - Object 'Object Repository/IWP30/Page_ACHPersonalPaymentEntry/txt_UDF2' is present

25-09-2024T18:00:32 - [MESSAGE][PASSED] - Text 'udf data 2' is set on object 'Object Repository/IWP30/Page_ACHPersonalPaymentEntry/txt_UDF2'

25-09-2024T18:00:32 - [MESSAGE][PASSED] - Text 'udf data 3' is set on object 'Object Repository/IWP30/Page_ACHPersonalPaymentEntry/txt_UDF3'

25-09-2024T18:00:33 - [MESSAGE][PASSED] - All options with label 'Orange' are selected in object 'Object Repository/IWP30/Page_ACHPersonalPaymentEntry/dd_UDF7' 

25-09-2024T18:00:34 - [MESSAGE][PASSED] - All options with label 'Soccer' are selected in object 'Object Repository/IWP30/Page_ACHPersonalPaymentEntry/dd_UDF8' 

25-09-2024T18:00:34 - [MESSAGE][PASSED] - Object 'Object Repository/IWP30/Page_ACHPersonalPaymentEntry/txt_Firstname' is present

25-09-2024T18:00:35 - [MESSAGE][PASSED] - Text 'Elizath' is set on object 'Object Repository/IWP30/Page_ACHPersonalPaymentEntry/txt_Firstname'

25-09-2024T18:00:35 - [MESSAGE][PASSED] - Object 'Object Repository/IWP30/Page_ACHPersonalPaymentEntry/txt_Lastname' is present

25-09-2024T18:00:35 - [MESSAGE][PASSED] - Text 'Christine' is set on object 'Object Repository/IWP30/Page_ACHPersonalPaymentEntry/txt_Lastname'

25-09-2024T18:00:36 - [MESSAGE][PASSED] - Object 'Object Repository/IWP30/Page_ACHPersonalPaymentEntry/txt_routingNumber' is present

25-09-2024T18:00:36 - [MESSAGE][PASSED] - Text '256072691' is set on object 'Object Repository/IWP30/Page_ACHPersonalPaymentEntry/txt_routingNumber'

25-09-2024T18:00:37 - [MESSAGE][PASSED] - Object 'Object Repository/IWP30/Page_ACHPersonalPaymentEntry/txt_accountNumber' is present

25-09-2024T18:00:38 - [MESSAGE][PASSED] - Text '12344444' is set on object 'Object Repository/IWP30/Page_ACHPersonalPaymentEntry/txt_accountNumber'

25-09-2024T18:00:39 - [MESSAGE][PASSED] - Object 'Object Repository/IWP30/Page_ACHPersonalPaymentEntry/txt_confirmAccountNumber' is present

25-09-2024T18:00:39 - [MESSAGE][PASSED] - Text '12344444' is set on object 'Object Repository/IWP30/Page_ACHPersonalPaymentEntry/txt_confirmAccountNumber'

25-09-2024T18:00:39 - [MESSAGE][PASSED] - Object 'Object Repository/IWP30/Page_ACHPersonalPaymentEntry/rd_accountType' is present

25-09-2024T18:00:39 - [MESSAGE][PASSED] - Modify property of object successfully

25-09-2024T18:00:40 - [MESSAGE][PASSED] - Object: 'Object Repository/IWP30/Page_ACHPersonalPaymentEntry/rd_accountType' is clicked on

25-09-2024T18:00:40 - [MESSAGE][PASSED] - Text '365 Main Avenue' is set on object 'Object Repository/IWP30/Page_ACHPersonalPaymentEntry/txt_AL1'

25-09-2024T18:00:41 - [MESSAGE][PASSED] - Text '22201' is set on object 'Object Repository/IWP30/Page_ACHPersonalPaymentEntry/txt_ZIP'

25-09-2024T18:00:41 - [MESSAGE][PASSED] - Object 'Object Repository/IWP30/Page_ACHPersonalPaymentEntry/txt_Email' is present

25-09-2024T18:00:43 - [MESSAGE][PASSED] - Text 'iahmed@govolution.com' is set on object 'Object Repository/IWP30/Page_ACHPersonalPaymentEntry/txt_Email'

25-09-2024T18:00:43 - [MESSAGE][PASSED] - Object 'Object Repository/IWP30/Page_ACHPersonalPaymentEntry/cb_TermsAndCond' is present

25-09-2024T18:00:43 - [MESSAGE][PASSED] - Object: 'Object Repository/IWP30/Page_ACHPersonalPaymentEntry/cb_TermsAndCond' is clicked on

25-09-2024T18:00:44 - [MESSAGE][PASSED] - Object 'Object Repository/IWP30/Page_ACHPersonalPaymentEntry/btn_Continue' is present

25-09-2024T18:00:46 - [MESSAGE][PASSED] - Object: 'Object Repository/IWP30/Page_ACHPersonalPaymentEntry/btn_Continue' is clicked on

25-09-2024T18:00:46 - [MESSAGE][PASSED] - iwpPages.achPersonalPaymentEntryPage.setDataACHPPM is PASSED

25-09-2024T18:00:46 - [TEST_STEP][PASSED] - Thread.sleep(10000): null

25-09-2024T18:00:56 - [TEST_STEP][PASSED] - if (verifyTextPresent("Amount is greater than maximum", false)): null

25-09-2024T18:00:56 - [MESSAGE][PASSED] - Text 'Amount is greater than maximum' is present on page 

25-09-2024T18:00:56 - [TEST_STEP][PASSED] - println("Max Amount Error message shown"): null

25-09-2024T18:00:56 - [TEST_STEP][PASSED] - markPassed("Max Amount Error message shown"): Max Amount Error message shown

25-09-2024T18:00:56 - [MESSAGE][PASSED] - Max Amount Error message shown

25-09-2024T18:00:56 - [TEST_STEP][PASSED] - resText = "Pass": null

25-09-2024T18:00:56 - [TEST_STEP][PASSED] - pages.WriteExcel.demoKey(resText, datText, resColumn, datCloumn, fileLoc, nameSheet, row): pages.WriteExcel.demoKey is PASSED

25-09-2024T18:00:56 - [MESSAGE][PASSED] - pages.WriteExcel.demoKey is PASSED

25-09-2024T18:00:56 - [TEST_STEP][PASSED] - closeBrowser(): Browser is closed

25-09-2024T18:00:57 - [MESSAGE][PASSED] - Browser is closed]]></system-out>
         <system-err><![CDATA[]]></system-err>
      </testcase>
      <testcase name="Test Cases/IntegratedWeb/IWP25/Error/MaxAmountErrorPS" time="73.856" classname="Test Cases/IntegratedWeb/IWP25/Error/MaxAmountErrorPS" status="PASSED">
         <system-out><![CDATA[25-09-2024T18:00:57 - [TEST_CASE][PASSED] - Test Cases/IntegratedWeb/IWP25/Error/MaxAmountErrorPS: Test Cases/IntegratedWeb/IWP25/Error/MaxAmountErrorPS

25-09-2024T18:00:57 - [TEST_STEP][PASSED] - resText = "Fail": null

25-09-2024T18:00:57 - [TEST_STEP][PASSED] - resColumn = "Result": null

25-09-2024T18:00:57 - [TEST_STEP][PASSED] - datCloumn = "Date": null

25-09-2024T18:00:57 - [TEST_STEP][PASSED] - fileLoc = "KatalonData/IWPTestData/VRelay25Payments.xlsx": null

25-09-2024T18:00:57 - [TEST_STEP][PASSED] - numOfRows = <not implemented yet for class: org.codehaus.groovy.ast.expr.EmptyExpression>: null

25-09-2024T18:00:57 - [TEST_STEP][PASSED] - dataFile = <not implemented yet for class: org.codehaus.groovy.ast.expr.EmptyExpression>: null

25-09-2024T18:00:57 - [TEST_STEP][PASSED] - nameSheet = <not implemented yet for class: org.codehaus.groovy.ast.expr.EmptyExpression>: null

25-09-2024T18:00:57 - [TEST_STEP][PASSED] - dataFileEmulator = <not implemented yet for class: org.codehaus.groovy.ast.expr.EmptyExpression>: null

25-09-2024T18:00:57 - [TEST_STEP][PASSED] - nameSheet = "MaxAmountErrorPS": null

25-09-2024T18:00:57 - [TEST_STEP][PASSED] - dataFile = "IWPTestData/IWP25MaxAmountErrorPS": null

25-09-2024T18:00:57 - [TEST_STEP][PASSED] - dataFileEmulator = "IWPTestData/EmulatorData": null

25-09-2024T18:00:57 - [TEST_STEP][PASSED] - numOfRows = findTestData(dataFile).getRowNumbers(): null

25-09-2024T18:00:57 - [TEST_STEP][PASSED] - println("Number of Records: " + numOfRows): null

25-09-2024T18:00:57 - [TEST_STEP][PASSED] - for ([row = 1, row <= numOfRows, (row++)]): Browser is closed

25-09-2024T18:00:57 - [TEST_STEP][PASSED] - ExecuteTC = findTestData(dataFile).getValue("Execute", row): null

25-09-2024T18:00:57 - [TEST_STEP][PASSED] - out.println("Value of Execute is : " + ExecuteTC): null

25-09-2024T18:00:57 - [TEST_STEP][PASSED] - if (ExecuteTC.equalsIgnoreCase("Y")): null

25-09-2024T18:00:57 - [TEST_STEP][PASSED] - out.println("Begin Record Number: " + row): null

25-09-2024T18:00:57 - [TEST_STEP][PASSED] - today = new java.util.Date(): null

25-09-2024T18:00:57 - [TEST_STEP][PASSED] - println(today): null

25-09-2024T18:00:57 - [TEST_STEP][PASSED] - datText = today: null

25-09-2024T18:00:57 - [TEST_STEP][PASSED] - EmulatorDataKey = findTestData(dataFile).getValue("EmulatorData", row): null

25-09-2024T18:00:57 - [TEST_STEP][PASSED] - out.println("Value of Emulator Key is : " + EmulatorDataKey): null

25-09-2024T18:00:57 - [TEST_STEP][PASSED] - iwpPages.emulatorIWP30.setDataEmulator_DD(EmulatorDataKey): iwpPages.emulatorIWP30.setDataEmulator_DD is PASSED

25-09-2024T18:00:57 - [MESSAGE][INFO] - Starting 'Edge Chromium' driver

25-09-2024T18:00:57 - [MESSAGE][INFO] - User set preference: ['acceptInsecureCerts', 'true']

25-09-2024T18:00:59 - [MESSAGE][INFO] - Action delay is set to 0 milliseconds

25-09-2024T18:01:02 - [MESSAGE][PASSED] - Browser is opened with url: 'https://qa.velocitypayment.com/agency/config.do?action=editor&message_version=2_5'

25-09-2024T18:01:02 - [MESSAGE][PASSED] - Current window maximized

25-09-2024T18:01:03 - [MESSAGE][PASSED] - All options with value '2.5' are selected in object 'Object Repository/IWP30/Page_VRelay30Emulator/MV'  using regular expression

25-09-2024T18:01:04 - [MESSAGE][PASSED] - Text '10.50' is set on object 'Object Repository/IWP30/Page_VRelay30Emulator/Amount'

25-09-2024T18:01:05 - [MESSAGE][PASSED] - Text 'ad6imhuUvaRH' is set on object 'Object Repository/IWP30/Page_VRelay30Emulator/CAN'

25-09-2024T18:01:05 - [MESSAGE][PASSED] - Text 'PayNow' is set on object 'Object Repository/IWP30/Page_VRelay30Emulator/Action'

25-09-2024T18:01:06 - [MESSAGE][PASSED] - Text 'en_US' is set on object 'Object Repository/IWP30/Page_VRelay30Emulator/Lang'

25-09-2024T18:01:06 - [MESSAGE][PASSED] - Text '' is set on object 'Object Repository/IWP30/Page_VRelay30Emulator/Fname'

25-09-2024T18:01:07 - [MESSAGE][PASSED] - Text '' is set on object 'Object Repository/IWP30/Page_VRelay30Emulator/Lname'

25-09-2024T18:01:08 - [MESSAGE][PASSED] - Text '' is set on object 'Object Repository/IWP30/Page_VRelay30Emulator/AL1'

25-09-2024T18:01:08 - [MESSAGE][PASSED] - Text '' is set on object 'Object Repository/IWP30/Page_VRelay30Emulator/AL2'

25-09-2024T18:01:09 - [MESSAGE][PASSED] - Text '' is set on object 'Object Repository/IWP30/Page_VRelay30Emulator/Country'

25-09-2024T18:01:09 - [MESSAGE][PASSED] - Text '' is set on object 'Object Repository/IWP30/Page_VRelay30Emulator/City'

25-09-2024T18:01:10 - [MESSAGE][PASSED] - Text '' is set on object 'Object Repository/IWP30/Page_VRelay30Emulator/State'

25-09-2024T18:01:11 - [MESSAGE][PASSED] - Text '' is set on object 'Object Repository/IWP30/Page_VRelay30Emulator/ZIP'

25-09-2024T18:01:11 - [MESSAGE][PASSED] - Text '' is set on object 'Object Repository/IWP30/Page_VRelay30Emulator/Order'

25-09-2024T18:01:12 - [MESSAGE][PASSED] - Text '' is set on object 'Object Repository/IWP30/Page_VRelay30Emulator/Company'

25-09-2024T18:01:12 - [MESSAGE][PASSED] - Text '' is set on object 'Object Repository/IWP30/Page_VRelay30Emulator/Email'

25-09-2024T18:01:13 - [MESSAGE][PASSED] - Text '' is set on object 'Object Repository/IWP30/Page_VRelay30Emulator/UDF1'

25-09-2024T18:01:13 - [MESSAGE][PASSED] - Text '' is set on object 'Object Repository/IWP30/Page_VRelay30Emulator/UDF2'

25-09-2024T18:01:14 - [MESSAGE][PASSED] - Text '' is set on object 'Object Repository/IWP30/Page_VRelay30Emulator/UDF3'

25-09-2024T18:01:15 - [MESSAGE][PASSED] - Text 'udf data 4' is set on object 'Object Repository/IWP30/Page_VRelay30Emulator/UDF4'

25-09-2024T18:01:15 - [MESSAGE][PASSED] - Text 'udf data 5' is set on object 'Object Repository/IWP30/Page_VRelay30Emulator/UDF5'

25-09-2024T18:01:16 - [MESSAGE][PASSED] - Text '' is set on object 'Object Repository/IWP30/Page_VRelay30Emulator/UDF6'

25-09-2024T18:01:16 - [MESSAGE][PASSED] - Text '' is set on object 'Object Repository/IWP30/Page_VRelay30Emulator/UDF7'

25-09-2024T18:01:17 - [MESSAGE][PASSED] - Text '' is set on object 'Object Repository/IWP30/Page_VRelay30Emulator/UDF8'

25-09-2024T18:01:17 - [MESSAGE][PASSED] - Text 'udf data 9' is set on object 'Object Repository/IWP30/Page_VRelay30Emulator/UDF9'

25-09-2024T18:01:18 - [MESSAGE][PASSED] - Text 'udf data 10' is set on object 'Object Repository/IWP30/Page_VRelay30Emulator/UDF10'

25-09-2024T18:01:19 - [MESSAGE][PASSED] - Object: 'Object Repository/IWP30/Page_VRelay30Emulator/Submit' is clicked on

25-09-2024T18:01:24 - [MESSAGE][PASSED] - Browser is closed

25-09-2024T18:01:28 - [MESSAGE][PASSED] - iwpPages.emulatorIWP30.setDataEmulator_DD is PASSED

25-09-2024T18:01:28 - [TEST_STEP][PASSED] - testHarnessURL = urlTestHarness: null

25-09-2024T18:01:28 - [TEST_STEP][PASSED] - openBrowser(testHarnessURL): Browser is opened with url: 'https://dev-algorithm.govolution.com/vrelaytest/QA/version_2_2/vrelaytest.html'

25-09-2024T18:01:28 - [MESSAGE][INFO] - Starting 'Edge Chromium' driver

25-09-2024T18:01:28 - [MESSAGE][INFO] - User set preference: ['acceptInsecureCerts', 'true']

25-09-2024T18:01:30 - [MESSAGE][INFO] - Action delay is set to 0 milliseconds

25-09-2024T18:01:34 - [MESSAGE][PASSED] - Browser is opened with url: 'https://dev-algorithm.govolution.com/vrelaytest/QA/version_2_2/vrelaytest.html'

25-09-2024T18:01:34 - [TEST_STEP][PASSED] - maximizeWindow(): Current window maximized

25-09-2024T18:01:34 - [MESSAGE][PASSED] - Current window maximized

25-09-2024T18:01:34 - [TEST_STEP][PASSED] - iwpPages.TestHarnessPage.setDataMethod(row, dataFile): iwpPages.TestHarnessPage.setDataMethod is PASSED

25-09-2024T18:01:35 - [MESSAGE][PASSED] - Object 'Object Repository/IWP30/Page_QATestHarness/RemittanceID' is present

25-09-2024T18:01:35 - [MESSAGE][PASSED] - Text '638' is set on object 'Object Repository/IWP30/Page_QATestHarness/ApplicationID'

25-09-2024T18:01:36 - [MESSAGE][PASSED] - Text '2.5' is set on object 'Object Repository/IWP30/Page_QATestHarness/MessageVersion'

25-09-2024T18:01:37 - [MESSAGE][PASSED] - Text 'MFEG1FDHG7bB' is set on object 'Object Repository/IWP30/Page_QATestHarness/RemittanceID'

25-09-2024T18:01:40 - [MESSAGE][PASSED] - Object: 'Object Repository/IWP30/Page_QATestHarness/SubmitButton' is clicked on

25-09-2024T18:01:40 - [MESSAGE][PASSED] - iwpPages.TestHarnessPage.setDataMethod is PASSED

25-09-2024T18:01:40 - [TEST_STEP][PASSED] - click(findTestObject("Object Repository/IWP30/Page_SelectPaymentMethod/PayByPersonalCheck")): Object: 'Object Repository/IWP30/Page_SelectPaymentMethod/PayByPersonalCheck' is clicked on

25-09-2024T18:01:40 - [MESSAGE][PASSED] - Object: 'Object Repository/IWP30/Page_SelectPaymentMethod/PayByPersonalCheck' is clicked on

25-09-2024T18:01:40 - [TEST_STEP][PASSED] - click(findTestObject("Object Repository/IWP30/Page_SelectPaymentMethod/MakePaymentButton")): Object: 'Object Repository/IWP30/Page_SelectPaymentMethod/MakePaymentButton' is clicked on

25-09-2024T18:01:42 - [MESSAGE][PASSED] - Object: 'Object Repository/IWP30/Page_SelectPaymentMethod/MakePaymentButton' is clicked on

25-09-2024T18:01:42 - [TEST_STEP][PASSED] - iwpPages.achPersonalPaymentEntryPage.setDataACHPPM(row, dataFile): iwpPages.achPersonalPaymentEntryPage.setDataACHPPM is PASSED

25-09-2024T18:01:44 - [MESSAGE][PASSED] - Object 'Object Repository/IWP30/Page_ACHPersonalPaymentEntry/txt_accountNumber' is present

25-09-2024T18:01:44 - [MESSAGE][PASSED] - Text '200.50' is set on object 'Object Repository/IWP30/Page_ACHPersonalPaymentEntry/txt_Amount'

25-09-2024T18:01:45 - [MESSAGE][PASSED] - Object 'Object Repository/IWP30/Page_ACHPersonalPaymentEntry/txt_UDF2' is present

25-09-2024T18:01:45 - [MESSAGE][PASSED] - Text 'udf data 2' is set on object 'Object Repository/IWP30/Page_ACHPersonalPaymentEntry/txt_UDF2'

25-09-2024T18:01:46 - [MESSAGE][PASSED] - Text 'udf data 3' is set on object 'Object Repository/IWP30/Page_ACHPersonalPaymentEntry/txt_UDF3'

25-09-2024T18:01:46 - [MESSAGE][PASSED] - All options with label 'Orange' are selected in object 'Object Repository/IWP30/Page_ACHPersonalPaymentEntry/dd_UDF7' 

25-09-2024T18:01:47 - [MESSAGE][PASSED] - All options with label 'Soccer' are selected in object 'Object Repository/IWP30/Page_ACHPersonalPaymentEntry/dd_UDF8' 

25-09-2024T18:01:47 - [MESSAGE][PASSED] - Object 'Object Repository/IWP30/Page_ACHPersonalPaymentEntry/txt_Firstname' is present

25-09-2024T18:01:48 - [MESSAGE][PASSED] - Text 'Elizath' is set on object 'Object Repository/IWP30/Page_ACHPersonalPaymentEntry/txt_Firstname'

25-09-2024T18:01:48 - [MESSAGE][PASSED] - Object 'Object Repository/IWP30/Page_ACHPersonalPaymentEntry/txt_Lastname' is present

25-09-2024T18:01:49 - [MESSAGE][PASSED] - Text 'Christine' is set on object 'Object Repository/IWP30/Page_ACHPersonalPaymentEntry/txt_Lastname'

25-09-2024T18:01:49 - [MESSAGE][PASSED] - Object 'Object Repository/IWP30/Page_ACHPersonalPaymentEntry/txt_routingNumber' is present

25-09-2024T18:01:49 - [MESSAGE][PASSED] - Text '256072691' is set on object 'Object Repository/IWP30/Page_ACHPersonalPaymentEntry/txt_routingNumber'

25-09-2024T18:01:50 - [MESSAGE][PASSED] - Object 'Object Repository/IWP30/Page_ACHPersonalPaymentEntry/txt_accountNumber' is present

25-09-2024T18:01:51 - [MESSAGE][PASSED] - Text '12344444' is set on object 'Object Repository/IWP30/Page_ACHPersonalPaymentEntry/txt_accountNumber'

25-09-2024T18:01:52 - [MESSAGE][PASSED] - Object 'Object Repository/IWP30/Page_ACHPersonalPaymentEntry/txt_confirmAccountNumber' is present

25-09-2024T18:01:52 - [MESSAGE][PASSED] - Text '12344444' is set on object 'Object Repository/IWP30/Page_ACHPersonalPaymentEntry/txt_confirmAccountNumber'

25-09-2024T18:01:52 - [MESSAGE][PASSED] - Object 'Object Repository/IWP30/Page_ACHPersonalPaymentEntry/rd_accountType' is present

25-09-2024T18:01:52 - [MESSAGE][PASSED] - Modify property of object successfully

25-09-2024T18:01:53 - [MESSAGE][PASSED] - Object: 'Object Repository/IWP30/Page_ACHPersonalPaymentEntry/rd_accountType' is clicked on

25-09-2024T18:01:53 - [MESSAGE][PASSED] - Text '365 Main Avenue' is set on object 'Object Repository/IWP30/Page_ACHPersonalPaymentEntry/txt_AL1'

25-09-2024T18:01:54 - [MESSAGE][PASSED] - Text '22201' is set on object 'Object Repository/IWP30/Page_ACHPersonalPaymentEntry/txt_ZIP'

25-09-2024T18:01:54 - [MESSAGE][PASSED] - Object 'Object Repository/IWP30/Page_ACHPersonalPaymentEntry/txt_Email' is present

25-09-2024T18:01:55 - [MESSAGE][PASSED] - Text 'iahmed@govolution.com' is set on object 'Object Repository/IWP30/Page_ACHPersonalPaymentEntry/txt_Email'

25-09-2024T18:01:56 - [MESSAGE][PASSED] - Object 'Object Repository/IWP30/Page_ACHPersonalPaymentEntry/cb_TermsAndCond' is present

25-09-2024T18:01:56 - [MESSAGE][PASSED] - Object: 'Object Repository/IWP30/Page_ACHPersonalPaymentEntry/cb_TermsAndCond' is clicked on

25-09-2024T18:01:56 - [MESSAGE][PASSED] - Object 'Object Repository/IWP30/Page_ACHPersonalPaymentEntry/btn_Continue' is present

25-09-2024T18:01:59 - [MESSAGE][PASSED] - Object: 'Object Repository/IWP30/Page_ACHPersonalPaymentEntry/btn_Continue' is clicked on

25-09-2024T18:01:59 - [MESSAGE][PASSED] - iwpPages.achPersonalPaymentEntryPage.setDataACHPPM is PASSED

25-09-2024T18:01:59 - [TEST_STEP][PASSED] - Thread.sleep(10000): null

25-09-2024T18:02:09 - [TEST_STEP][PASSED] - if (verifyTextPresent("Amount is greater than maximum", false)): null

25-09-2024T18:02:09 - [MESSAGE][PASSED] - Text 'Amount is greater than maximum' is present on page 

25-09-2024T18:02:09 - [TEST_STEP][PASSED] - println("Max Amount Error message shown"): null

25-09-2024T18:02:09 - [TEST_STEP][PASSED] - markPassed("Max Amount Error message shown"): Max Amount Error message shown

25-09-2024T18:02:09 - [MESSAGE][PASSED] - Max Amount Error message shown

25-09-2024T18:02:09 - [TEST_STEP][PASSED] - resText = "Pass": null

25-09-2024T18:02:09 - [TEST_STEP][PASSED] - pages.WriteExcel.demoKey(resText, datText, resColumn, datCloumn, fileLoc, nameSheet, row): pages.WriteExcel.demoKey is PASSED

25-09-2024T18:02:09 - [MESSAGE][PASSED] - pages.WriteExcel.demoKey is PASSED

25-09-2024T18:02:09 - [TEST_STEP][PASSED] - closeBrowser(): Browser is closed

25-09-2024T18:02:10 - [MESSAGE][PASSED] - Browser is closed]]></system-out>
         <system-err><![CDATA[]]></system-err>
      </testcase>
      <testcase name="Test Cases/IntegratedWeb/IWP25/Error/MinAmountErrorCC" time="71.562" classname="Test Cases/IntegratedWeb/IWP25/Error/MinAmountErrorCC" status="PASSED">
         <system-out><![CDATA[25-09-2024T18:02:10 - [TEST_CASE][PASSED] - Test Cases/IntegratedWeb/IWP25/Error/MinAmountErrorCC: Test Cases/IntegratedWeb/IWP25/Error/MinAmountErrorCC

25-09-2024T18:02:11 - [TEST_STEP][PASSED] - resText = "Fail": null

25-09-2024T18:02:11 - [TEST_STEP][PASSED] - resColumn = "Result": null

25-09-2024T18:02:11 - [TEST_STEP][PASSED] - datCloumn = "Date": null

25-09-2024T18:02:11 - [TEST_STEP][PASSED] - fileLoc = "KatalonData/IWPTestData/VRelay25Payments.xlsx": null

25-09-2024T18:02:11 - [TEST_STEP][PASSED] - numOfRows = <not implemented yet for class: org.codehaus.groovy.ast.expr.EmptyExpression>: null

25-09-2024T18:02:11 - [TEST_STEP][PASSED] - dataFile = <not implemented yet for class: org.codehaus.groovy.ast.expr.EmptyExpression>: null

25-09-2024T18:02:11 - [TEST_STEP][PASSED] - nameSheet = <not implemented yet for class: org.codehaus.groovy.ast.expr.EmptyExpression>: null

25-09-2024T18:02:11 - [TEST_STEP][PASSED] - dataFileEmulator = <not implemented yet for class: org.codehaus.groovy.ast.expr.EmptyExpression>: null

25-09-2024T18:02:11 - [TEST_STEP][PASSED] - nameSheet = "MinAmountErrorCC": null

25-09-2024T18:02:11 - [TEST_STEP][PASSED] - dataFile = "IWPTestData/IWP25MinAmountErrorCC": null

25-09-2024T18:02:11 - [TEST_STEP][PASSED] - dataFileEmulator = "IWPTestData/EmulatorData": null

25-09-2024T18:02:11 - [TEST_STEP][PASSED] - numOfRows = findTestData(dataFile).getRowNumbers(): null

25-09-2024T18:02:11 - [TEST_STEP][PASSED] - println("Number of Records: " + numOfRows): null

25-09-2024T18:02:11 - [TEST_STEP][PASSED] - for ([row = 1, row <= numOfRows, (row++)]): Browser is closed

25-09-2024T18:02:11 - [TEST_STEP][PASSED] - ExecuteTC = findTestData(dataFile).getValue("Execute", row): null

25-09-2024T18:02:11 - [TEST_STEP][PASSED] - out.println("Value of Execute is : " + ExecuteTC): null

25-09-2024T18:02:11 - [TEST_STEP][PASSED] - if (ExecuteTC.equalsIgnoreCase("Y")): null

25-09-2024T18:02:11 - [TEST_STEP][PASSED] - out.println("Begin Record Number: " + row): null

25-09-2024T18:02:11 - [TEST_STEP][PASSED] - today = new java.util.Date(): null

25-09-2024T18:02:11 - [TEST_STEP][PASSED] - println(today): null

25-09-2024T18:02:11 - [TEST_STEP][PASSED] - datText = today: null

25-09-2024T18:02:11 - [TEST_STEP][PASSED] - EmulatorDataKey = findTestData(dataFile).getValue("EmulatorData", row): null

25-09-2024T18:02:12 - [TEST_STEP][PASSED] - out.println("Value of Emulator Key is : " + EmulatorDataKey): null

25-09-2024T18:02:12 - [TEST_STEP][PASSED] - iwpPages.emulatorIWP30.setDataEmulator_DD(EmulatorDataKey): iwpPages.emulatorIWP30.setDataEmulator_DD is PASSED

25-09-2024T18:02:12 - [MESSAGE][INFO] - Starting 'Edge Chromium' driver

25-09-2024T18:02:12 - [MESSAGE][INFO] - User set preference: ['acceptInsecureCerts', 'true']

25-09-2024T18:02:14 - [MESSAGE][INFO] - Action delay is set to 0 milliseconds

25-09-2024T18:02:17 - [MESSAGE][PASSED] - Browser is opened with url: 'https://qa.velocitypayment.com/agency/config.do?action=editor&message_version=2_5'

25-09-2024T18:02:17 - [MESSAGE][PASSED] - Current window maximized

25-09-2024T18:02:18 - [MESSAGE][PASSED] - All options with value '2.5' are selected in object 'Object Repository/IWP30/Page_VRelay30Emulator/MV'  using regular expression

25-09-2024T18:02:19 - [MESSAGE][PASSED] - Text '10.50' is set on object 'Object Repository/IWP30/Page_VRelay30Emulator/Amount'

25-09-2024T18:02:20 - [MESSAGE][PASSED] - Text 'mUdSautOkBuL' is set on object 'Object Repository/IWP30/Page_VRelay30Emulator/CAN'

25-09-2024T18:02:20 - [MESSAGE][PASSED] - Text 'PayNow' is set on object 'Object Repository/IWP30/Page_VRelay30Emulator/Action'

25-09-2024T18:02:21 - [MESSAGE][PASSED] - Text 'en_US' is set on object 'Object Repository/IWP30/Page_VRelay30Emulator/Lang'

25-09-2024T18:02:21 - [MESSAGE][PASSED] - Text '' is set on object 'Object Repository/IWP30/Page_VRelay30Emulator/Fname'

25-09-2024T18:02:22 - [MESSAGE][PASSED] - Text '' is set on object 'Object Repository/IWP30/Page_VRelay30Emulator/Lname'

25-09-2024T18:02:22 - [MESSAGE][PASSED] - Text '' is set on object 'Object Repository/IWP30/Page_VRelay30Emulator/AL1'

25-09-2024T18:02:23 - [MESSAGE][PASSED] - Text '' is set on object 'Object Repository/IWP30/Page_VRelay30Emulator/AL2'

25-09-2024T18:02:24 - [MESSAGE][PASSED] - Text '' is set on object 'Object Repository/IWP30/Page_VRelay30Emulator/Country'

25-09-2024T18:02:24 - [MESSAGE][PASSED] - Text '' is set on object 'Object Repository/IWP30/Page_VRelay30Emulator/City'

25-09-2024T18:02:25 - [MESSAGE][PASSED] - Text '' is set on object 'Object Repository/IWP30/Page_VRelay30Emulator/State'

25-09-2024T18:02:25 - [MESSAGE][PASSED] - Text '' is set on object 'Object Repository/IWP30/Page_VRelay30Emulator/ZIP'

25-09-2024T18:02:26 - [MESSAGE][PASSED] - Text '' is set on object 'Object Repository/IWP30/Page_VRelay30Emulator/Order'

25-09-2024T18:02:26 - [MESSAGE][PASSED] - Text '' is set on object 'Object Repository/IWP30/Page_VRelay30Emulator/Company'

25-09-2024T18:02:27 - [MESSAGE][PASSED] - Text '' is set on object 'Object Repository/IWP30/Page_VRelay30Emulator/Email'

25-09-2024T18:02:28 - [MESSAGE][PASSED] - Text '' is set on object 'Object Repository/IWP30/Page_VRelay30Emulator/UDF1'

25-09-2024T18:02:28 - [MESSAGE][PASSED] - Text '' is set on object 'Object Repository/IWP30/Page_VRelay30Emulator/UDF2'

25-09-2024T18:02:29 - [MESSAGE][PASSED] - Text '' is set on object 'Object Repository/IWP30/Page_VRelay30Emulator/UDF3'

25-09-2024T18:02:29 - [MESSAGE][PASSED] - Text 'udf data 4' is set on object 'Object Repository/IWP30/Page_VRelay30Emulator/UDF4'

25-09-2024T18:02:30 - [MESSAGE][PASSED] - Text 'udf data 5' is set on object 'Object Repository/IWP30/Page_VRelay30Emulator/UDF5'

25-09-2024T18:02:31 - [MESSAGE][PASSED] - Text '' is set on object 'Object Repository/IWP30/Page_VRelay30Emulator/UDF6'

25-09-2024T18:02:31 - [MESSAGE][PASSED] - Text '' is set on object 'Object Repository/IWP30/Page_VRelay30Emulator/UDF7'

25-09-2024T18:02:32 - [MESSAGE][PASSED] - Text '' is set on object 'Object Repository/IWP30/Page_VRelay30Emulator/UDF8'

25-09-2024T18:02:32 - [MESSAGE][PASSED] - Text 'udf data 9' is set on object 'Object Repository/IWP30/Page_VRelay30Emulator/UDF9'

25-09-2024T18:02:33 - [MESSAGE][PASSED] - Text 'udf data 10' is set on object 'Object Repository/IWP30/Page_VRelay30Emulator/UDF10'

25-09-2024T18:02:34 - [MESSAGE][PASSED] - Object: 'Object Repository/IWP30/Page_VRelay30Emulator/Submit' is clicked on

25-09-2024T18:02:39 - [MESSAGE][PASSED] - Browser is closed

25-09-2024T18:02:43 - [MESSAGE][PASSED] - iwpPages.emulatorIWP30.setDataEmulator_DD is PASSED

25-09-2024T18:02:43 - [TEST_STEP][PASSED] - testHarnessURL = urlTestHarness: null

25-09-2024T18:02:43 - [TEST_STEP][PASSED] - openBrowser(testHarnessURL): Browser is opened with url: 'https://dev-algorithm.govolution.com/vrelaytest/QA/version_2_2/vrelaytest.html'

25-09-2024T18:02:43 - [MESSAGE][INFO] - Starting 'Edge Chromium' driver

25-09-2024T18:02:43 - [MESSAGE][INFO] - User set preference: ['acceptInsecureCerts', 'true']

25-09-2024T18:02:45 - [MESSAGE][INFO] - Action delay is set to 0 milliseconds

25-09-2024T18:02:49 - [MESSAGE][PASSED] - Browser is opened with url: 'https://dev-algorithm.govolution.com/vrelaytest/QA/version_2_2/vrelaytest.html'

25-09-2024T18:02:49 - [TEST_STEP][PASSED] - maximizeWindow(): Current window maximized

25-09-2024T18:02:49 - [MESSAGE][PASSED] - Current window maximized

25-09-2024T18:02:49 - [TEST_STEP][PASSED] - iwpPages.TestHarnessPage.setDataMethod(row, dataFile): iwpPages.TestHarnessPage.setDataMethod is PASSED

25-09-2024T18:02:49 - [MESSAGE][PASSED] - Object 'Object Repository/IWP30/Page_QATestHarness/RemittanceID' is present

25-09-2024T18:02:50 - [MESSAGE][PASSED] - Text '638' is set on object 'Object Repository/IWP30/Page_QATestHarness/ApplicationID'

25-09-2024T18:02:51 - [MESSAGE][PASSED] - Text '2.5' is set on object 'Object Repository/IWP30/Page_QATestHarness/MessageVersion'

25-09-2024T18:02:51 - [MESSAGE][PASSED] - Text 'vqpFMiS5GSbb' is set on object 'Object Repository/IWP30/Page_QATestHarness/RemittanceID'

25-09-2024T18:02:54 - [MESSAGE][PASSED] - Object: 'Object Repository/IWP30/Page_QATestHarness/SubmitButton' is clicked on

25-09-2024T18:02:54 - [MESSAGE][PASSED] - iwpPages.TestHarnessPage.setDataMethod is PASSED

25-09-2024T18:02:54 - [TEST_STEP][PASSED] - click(findTestObject("Object Repository/IWP30/Page_SelectPaymentMethod/PayByCreditCard")): Object: 'Object Repository/IWP30/Page_SelectPaymentMethod/PayByCreditCard' is clicked on

25-09-2024T18:02:55 - [MESSAGE][PASSED] - Object: 'Object Repository/IWP30/Page_SelectPaymentMethod/PayByCreditCard' is clicked on

25-09-2024T18:02:55 - [TEST_STEP][PASSED] - click(findTestObject("Object Repository/IWP30/Page_SelectPaymentMethod/MakePaymentButton")): Object: 'Object Repository/IWP30/Page_SelectPaymentMethod/MakePaymentButton' is clicked on

25-09-2024T18:02:56 - [MESSAGE][PASSED] - Object: 'Object Repository/IWP30/Page_SelectPaymentMethod/MakePaymentButton' is clicked on

25-09-2024T18:02:56 - [TEST_STEP][PASSED] - iwpPages.ccPaymentEntryPage.setDataCCPM(row, dataFile): iwpPages.ccPaymentEntryPage.setDataCCPM is PASSED

25-09-2024T18:02:57 - [MESSAGE][PASSED] - Object 'Object Repository/IWP30/Page_CCPaymentEntry/Name' is present

25-09-2024T18:02:58 - [MESSAGE][PASSED] - Text '1.50' is set on object 'Object Repository/IWP30/Page_CCPaymentEntry/Amount'

25-09-2024T18:02:59 - [MESSAGE][PASSED] - Text 'udf data 2' is set on object 'Object Repository/IWP30/Page_CCPaymentEntry/UserDefined2'

25-09-2024T18:02:59 - [MESSAGE][PASSED] - Text 'udf data 3' is set on object 'Object Repository/IWP30/Page_CCPaymentEntry/UserDefined3'

25-09-2024T18:03:00 - [MESSAGE][PASSED] - All options with label 'Orange' are selected in object 'Object Repository/IWP30/Page_CCPaymentEntry/UserDefined7' 

25-09-2024T18:03:00 - [MESSAGE][PASSED] - All options with label 'Soccer' are selected in object 'Object Repository/IWP30/Page_CCPaymentEntry/UserDefined8' 

25-09-2024T18:03:01 - [MESSAGE][PASSED] - Object 'Object Repository/IWP30/Page_CCPaymentEntry/Name' is present

25-09-2024T18:03:01 - [MESSAGE][PASSED] - Text 'Kavita Ranawati' is set on object 'Object Repository/IWP30/Page_CCPaymentEntry/Name'

25-09-2024T18:03:01 - [MESSAGE][PASSED] - Object 'Object Repository/IWP30/Page_CCPaymentEntry/CardNumber' is present

25-09-2024T18:03:02 - [MESSAGE][PASSED] - Text '4111111111111111' is set on object 'Object Repository/IWP30/Page_CCPaymentEntry/CardNumber'

25-09-2024T18:03:03 - [MESSAGE][PASSED] - Text '123' is set on object 'Object Repository/IWP30/Page_CCPaymentEntry/SPC'

25-09-2024T18:03:04 - [MESSAGE][PASSED] - Object 'Object Repository/IWP30/Page_CCPaymentEntry/Month' is present

25-09-2024T18:03:04 - [MESSAGE][PASSED] - All options with label '09' are selected in object 'Object Repository/IWP30/Page_CCPaymentEntry/Month' 

25-09-2024T18:03:04 - [MESSAGE][PASSED] - Object 'Object Repository/IWP30/Page_CCPaymentEntry/Year' is present

25-09-2024T18:03:05 - [MESSAGE][PASSED] - All options with label '2028' are selected in object 'Object Repository/IWP30/Page_CCPaymentEntry/Year' 

25-09-2024T18:03:06 - [MESSAGE][PASSED] - Text '365 Main Avenue' is set on object 'Object Repository/IWP30/Page_CCPaymentEntry/AL1'

25-09-2024T18:03:06 - [MESSAGE][PASSED] - Text '22201' is set on object 'Object Repository/IWP30/Page_CCPaymentEntry/ZIP'

25-09-2024T18:03:06 - [MESSAGE][PASSED] - Object 'Object Repository/IWP30/Page_CCPaymentEntry/EmailAddress' is present

25-09-2024T18:03:07 - [MESSAGE][PASSED] - Text 'iahmed@govolution.com' is set on object 'Object Repository/IWP30/Page_CCPaymentEntry/EmailAddress'

25-09-2024T18:03:08 - [MESSAGE][PASSED] - Object 'Object Repository/IWP30/Page_CCPaymentEntry/TermCondCheckBox' is present

25-09-2024T18:03:08 - [MESSAGE][PASSED] - Object 'Object Repository/IWP30/Page_CCPaymentEntry/TermCondCheckBox' is checked

25-09-2024T18:03:08 - [MESSAGE][PASSED] - Object 'Object Repository/IWP30/Page_CCPaymentEntry/ContinueButton' is present

25-09-2024T18:03:11 - [MESSAGE][PASSED] - Object: 'Object Repository/IWP30/Page_CCPaymentEntry/ContinueButton' is clicked on

25-09-2024T18:03:11 - [MESSAGE][PASSED] - iwpPages.ccPaymentEntryPage.setDataCCPM is PASSED

25-09-2024T18:03:11 - [TEST_STEP][PASSED] - Thread.sleep(10000): null

25-09-2024T18:03:21 - [TEST_STEP][PASSED] - if (verifyTextPresent("Amount is less than minimum", false)): null

25-09-2024T18:03:21 - [MESSAGE][PASSED] - Text 'Amount is less than minimum' is present on page 

25-09-2024T18:03:21 - [TEST_STEP][PASSED] - println("Min Amount Error message shown"): null

25-09-2024T18:03:21 - [TEST_STEP][PASSED] - markPassed("Min Amount Error message shown"): Min Amount Error message shown

25-09-2024T18:03:21 - [MESSAGE][PASSED] - Min Amount Error message shown

25-09-2024T18:03:21 - [TEST_STEP][PASSED] - resText = "Pass": null

25-09-2024T18:03:21 - [TEST_STEP][PASSED] - pages.WriteExcel.demoKey(resText, datText, resColumn, datCloumn, fileLoc, nameSheet, row): pages.WriteExcel.demoKey is PASSED

25-09-2024T18:03:21 - [MESSAGE][PASSED] - pages.WriteExcel.demoKey is PASSED

25-09-2024T18:03:21 - [TEST_STEP][PASSED] - closeBrowser(): Browser is closed

25-09-2024T18:03:22 - [MESSAGE][PASSED] - Browser is closed]]></system-out>
         <system-err><![CDATA[]]></system-err>
      </testcase>
      <testcase name="Test Cases/IntegratedWeb/IWP25/Error/MinAmountErrorCorp" time="70.753" classname="Test Cases/IntegratedWeb/IWP25/Error/MinAmountErrorCorp" status="PASSED">
         <system-out><![CDATA[25-09-2024T18:03:22 - [TEST_CASE][PASSED] - Test Cases/IntegratedWeb/IWP25/Error/MinAmountErrorCorp: Test Cases/IntegratedWeb/IWP25/Error/MinAmountErrorCorp

25-09-2024T18:03:22 - [TEST_STEP][PASSED] - resText = "Fail": null

25-09-2024T18:03:22 - [TEST_STEP][PASSED] - resColumn = "Result": null

25-09-2024T18:03:22 - [TEST_STEP][PASSED] - datCloumn = "Date": null

25-09-2024T18:03:22 - [TEST_STEP][PASSED] - fileLoc = "KatalonData/IWPTestData/VRelay25Payments.xlsx": null

25-09-2024T18:03:22 - [TEST_STEP][PASSED] - numOfRows = <not implemented yet for class: org.codehaus.groovy.ast.expr.EmptyExpression>: null

25-09-2024T18:03:22 - [TEST_STEP][PASSED] - dataFile = <not implemented yet for class: org.codehaus.groovy.ast.expr.EmptyExpression>: null

25-09-2024T18:03:22 - [TEST_STEP][PASSED] - nameSheet = <not implemented yet for class: org.codehaus.groovy.ast.expr.EmptyExpression>: null

25-09-2024T18:03:22 - [TEST_STEP][PASSED] - dataFileEmulator = <not implemented yet for class: org.codehaus.groovy.ast.expr.EmptyExpression>: null

25-09-2024T18:03:22 - [TEST_STEP][PASSED] - nameSheet = "MinAmountErrorCorp": null

25-09-2024T18:03:22 - [TEST_STEP][PASSED] - dataFile = "IWPTestData/IWP25MinAmountErrorCorp": null

25-09-2024T18:03:22 - [TEST_STEP][PASSED] - dataFileEmulator = "IWPTestData/EmulatorData": null

25-09-2024T18:03:22 - [TEST_STEP][PASSED] - numOfRows = findTestData(dataFile).getRowNumbers(): null

25-09-2024T18:03:22 - [TEST_STEP][PASSED] - println("Number of Records: " + numOfRows): null

25-09-2024T18:03:22 - [TEST_STEP][PASSED] - for ([row = 1, row <= numOfRows, (row++)]): Browser is closed

25-09-2024T18:03:22 - [TEST_STEP][PASSED] - ExecuteTC = findTestData(dataFile).getValue("Execute", row): null

25-09-2024T18:03:22 - [TEST_STEP][PASSED] - out.println("Value of Execute is : " + ExecuteTC): null

25-09-2024T18:03:22 - [TEST_STEP][PASSED] - if (ExecuteTC.equalsIgnoreCase("Y")): null

25-09-2024T18:03:22 - [TEST_STEP][PASSED] - out.println("Begin Record Number: " + row): null

25-09-2024T18:03:22 - [TEST_STEP][PASSED] - today = new java.util.Date(): null

25-09-2024T18:03:22 - [TEST_STEP][PASSED] - println(today): null

25-09-2024T18:03:23 - [TEST_STEP][PASSED] - datText = today: null

25-09-2024T18:03:23 - [TEST_STEP][PASSED] - EmulatorDataKey = findTestData(dataFile).getValue("EmulatorData", row): null

25-09-2024T18:03:23 - [TEST_STEP][PASSED] - out.println("Value of Emulator Key is : " + EmulatorDataKey): null

25-09-2024T18:03:23 - [TEST_STEP][PASSED] - iwpPages.emulatorIWP30.setDataEmulator_DD(EmulatorDataKey): iwpPages.emulatorIWP30.setDataEmulator_DD is PASSED

25-09-2024T18:03:23 - [MESSAGE][INFO] - Starting 'Edge Chromium' driver

25-09-2024T18:03:23 - [MESSAGE][INFO] - User set preference: ['acceptInsecureCerts', 'true']

25-09-2024T18:03:25 - [MESSAGE][INFO] - Action delay is set to 0 milliseconds

25-09-2024T18:03:28 - [MESSAGE][PASSED] - Browser is opened with url: 'https://qa.velocitypayment.com/agency/config.do?action=editor&message_version=2_5'

25-09-2024T18:03:28 - [MESSAGE][PASSED] - Current window maximized

25-09-2024T18:03:29 - [MESSAGE][PASSED] - All options with value '2.5' are selected in object 'Object Repository/IWP30/Page_VRelay30Emulator/MV'  using regular expression

25-09-2024T18:03:30 - [MESSAGE][PASSED] - Text '10.50' is set on object 'Object Repository/IWP30/Page_VRelay30Emulator/Amount'

25-09-2024T18:03:30 - [MESSAGE][PASSED] - Text 'aTB5cHmYl27q' is set on object 'Object Repository/IWP30/Page_VRelay30Emulator/CAN'

25-09-2024T18:03:31 - [MESSAGE][PASSED] - Text 'PayNow' is set on object 'Object Repository/IWP30/Page_VRelay30Emulator/Action'

25-09-2024T18:03:31 - [MESSAGE][PASSED] - Text 'en_US' is set on object 'Object Repository/IWP30/Page_VRelay30Emulator/Lang'

25-09-2024T18:03:32 - [MESSAGE][PASSED] - Text '' is set on object 'Object Repository/IWP30/Page_VRelay30Emulator/Fname'

25-09-2024T18:03:33 - [MESSAGE][PASSED] - Text '' is set on object 'Object Repository/IWP30/Page_VRelay30Emulator/Lname'

25-09-2024T18:03:33 - [MESSAGE][PASSED] - Text '' is set on object 'Object Repository/IWP30/Page_VRelay30Emulator/AL1'

25-09-2024T18:03:34 - [MESSAGE][PASSED] - Text '' is set on object 'Object Repository/IWP30/Page_VRelay30Emulator/AL2'

25-09-2024T18:03:34 - [MESSAGE][PASSED] - Text '' is set on object 'Object Repository/IWP30/Page_VRelay30Emulator/Country'

25-09-2024T18:03:35 - [MESSAGE][PASSED] - Text '' is set on object 'Object Repository/IWP30/Page_VRelay30Emulator/City'

25-09-2024T18:03:36 - [MESSAGE][PASSED] - Text '' is set on object 'Object Repository/IWP30/Page_VRelay30Emulator/State'

25-09-2024T18:03:36 - [MESSAGE][PASSED] - Text '' is set on object 'Object Repository/IWP30/Page_VRelay30Emulator/ZIP'

25-09-2024T18:03:37 - [MESSAGE][PASSED] - Text '' is set on object 'Object Repository/IWP30/Page_VRelay30Emulator/Order'

25-09-2024T18:03:37 - [MESSAGE][PASSED] - Text '' is set on object 'Object Repository/IWP30/Page_VRelay30Emulator/Company'

25-09-2024T18:03:38 - [MESSAGE][PASSED] - Text '' is set on object 'Object Repository/IWP30/Page_VRelay30Emulator/Email'

25-09-2024T18:03:38 - [MESSAGE][PASSED] - Text '' is set on object 'Object Repository/IWP30/Page_VRelay30Emulator/UDF1'

25-09-2024T18:03:39 - [MESSAGE][PASSED] - Text '' is set on object 'Object Repository/IWP30/Page_VRelay30Emulator/UDF2'

25-09-2024T18:03:40 - [MESSAGE][PASSED] - Text '' is set on object 'Object Repository/IWP30/Page_VRelay30Emulator/UDF3'

25-09-2024T18:03:40 - [MESSAGE][PASSED] - Text 'udf data 4' is set on object 'Object Repository/IWP30/Page_VRelay30Emulator/UDF4'

25-09-2024T18:03:41 - [MESSAGE][PASSED] - Text 'udf data 5' is set on object 'Object Repository/IWP30/Page_VRelay30Emulator/UDF5'

25-09-2024T18:03:41 - [MESSAGE][PASSED] - Text '' is set on object 'Object Repository/IWP30/Page_VRelay30Emulator/UDF6'

25-09-2024T18:03:42 - [MESSAGE][PASSED] - Text '' is set on object 'Object Repository/IWP30/Page_VRelay30Emulator/UDF7'

25-09-2024T18:03:43 - [MESSAGE][PASSED] - Text '' is set on object 'Object Repository/IWP30/Page_VRelay30Emulator/UDF8'

25-09-2024T18:03:43 - [MESSAGE][PASSED] - Text 'udf data 9' is set on object 'Object Repository/IWP30/Page_VRelay30Emulator/UDF9'

25-09-2024T18:03:44 - [MESSAGE][PASSED] - Text 'udf data 10' is set on object 'Object Repository/IWP30/Page_VRelay30Emulator/UDF10'

25-09-2024T18:03:45 - [MESSAGE][PASSED] - Object: 'Object Repository/IWP30/Page_VRelay30Emulator/Submit' is clicked on

25-09-2024T18:03:49 - [MESSAGE][PASSED] - Browser is closed

25-09-2024T18:03:53 - [MESSAGE][PASSED] - iwpPages.emulatorIWP30.setDataEmulator_DD is PASSED

25-09-2024T18:03:53 - [TEST_STEP][PASSED] - testHarnessURL = urlTestHarness: null

25-09-2024T18:03:53 - [TEST_STEP][PASSED] - openBrowser(testHarnessURL): Browser is opened with url: 'https://dev-algorithm.govolution.com/vrelaytest/QA/version_2_2/vrelaytest.html'

25-09-2024T18:03:53 - [MESSAGE][INFO] - Starting 'Edge Chromium' driver

25-09-2024T18:03:53 - [MESSAGE][INFO] - User set preference: ['acceptInsecureCerts', 'true']

25-09-2024T18:03:55 - [MESSAGE][INFO] - Action delay is set to 0 milliseconds

25-09-2024T18:03:59 - [MESSAGE][PASSED] - Browser is opened with url: 'https://dev-algorithm.govolution.com/vrelaytest/QA/version_2_2/vrelaytest.html'

25-09-2024T18:03:59 - [TEST_STEP][PASSED] - maximizeWindow(): Current window maximized

25-09-2024T18:03:59 - [MESSAGE][PASSED] - Current window maximized

25-09-2024T18:03:59 - [TEST_STEP][PASSED] - iwpPages.TestHarnessPage.setDataMethod(row, dataFile): iwpPages.TestHarnessPage.setDataMethod is PASSED

25-09-2024T18:03:59 - [MESSAGE][PASSED] - Object 'Object Repository/IWP30/Page_QATestHarness/RemittanceID' is present

25-09-2024T18:04:00 - [MESSAGE][PASSED] - Text '638' is set on object 'Object Repository/IWP30/Page_QATestHarness/ApplicationID'

25-09-2024T18:04:01 - [MESSAGE][PASSED] - Text '2.5' is set on object 'Object Repository/IWP30/Page_QATestHarness/MessageVersion'

25-09-2024T18:04:01 - [MESSAGE][PASSED] - Text 'JxBlY6e03KFF' is set on object 'Object Repository/IWP30/Page_QATestHarness/RemittanceID'

25-09-2024T18:04:04 - [MESSAGE][PASSED] - Object: 'Object Repository/IWP30/Page_QATestHarness/SubmitButton' is clicked on

25-09-2024T18:04:04 - [MESSAGE][PASSED] - iwpPages.TestHarnessPage.setDataMethod is PASSED

25-09-2024T18:04:04 - [TEST_STEP][PASSED] - click(findTestObject("Object Repository/IWP30/Page_SelectPaymentMethod/PayByCorporateCheck")): Object: 'Object Repository/IWP30/Page_SelectPaymentMethod/PayByCorporateCheck' is clicked on

25-09-2024T18:04:04 - [MESSAGE][PASSED] - Object: 'Object Repository/IWP30/Page_SelectPaymentMethod/PayByCorporateCheck' is clicked on

25-09-2024T18:04:04 - [TEST_STEP][PASSED] - click(findTestObject("Object Repository/IWP30/Page_SelectPaymentMethod/MakePaymentButton")): Object: 'Object Repository/IWP30/Page_SelectPaymentMethod/MakePaymentButton' is clicked on

25-09-2024T18:04:06 - [MESSAGE][PASSED] - Object: 'Object Repository/IWP30/Page_SelectPaymentMethod/MakePaymentButton' is clicked on

25-09-2024T18:04:06 - [TEST_STEP][PASSED] - iwpPages.achCorporatePaymentEntryPage.setDataCorporate(row, dataFile): iwpPages.achCorporatePaymentEntryPage.setDataCorporate is PASSED

25-09-2024T18:04:07 - [MESSAGE][PASSED] - Object 'Object Repository/IWP30/Page_ACHCorporatePaymentEntry/txt_accountNumber' is present

25-09-2024T18:04:07 - [MESSAGE][PASSED] - Object 'Object Repository/IWP30/Page_ACHCorporatePaymentEntry/input_CompanyName' is present

25-09-2024T18:04:08 - [MESSAGE][PASSED] - Text 'My Company' is set on object 'Object Repository/IWP30/Page_ACHCorporatePaymentEntry/input_CompanyName'

25-09-2024T18:04:08 - [MESSAGE][PASSED] - Object 'Object Repository/IWP30/Page_ACHCorporatePaymentEntry/input_EIN' is present

25-09-2024T18:04:09 - [MESSAGE][PASSED] - Text '123456789' is set on object 'Object Repository/IWP30/Page_ACHCorporatePaymentEntry/input_EIN'

25-09-2024T18:04:09 - [MESSAGE][PASSED] - Text '1.50' is set on object 'Object Repository/IWP30/Page_ACHCorporatePaymentEntry/txt_Amount'

25-09-2024T18:04:10 - [MESSAGE][PASSED] - Text 'udf data 2' is set on object 'Object Repository/IWP30/Page_ACHCorporatePaymentEntry/txt_UDF2'

25-09-2024T18:04:11 - [MESSAGE][PASSED] - Text 'udf data 3' is set on object 'Object Repository/IWP30/Page_ACHCorporatePaymentEntry/txt_UDF3'

25-09-2024T18:04:12 - [MESSAGE][PASSED] - All options with label 'Orange' are selected in object 'Object Repository/IWP30/Page_ACHCorporatePaymentEntry/dd_UDF7' 

25-09-2024T18:04:12 - [MESSAGE][PASSED] - All options with label 'Soccer' are selected in object 'Object Repository/IWP30/Page_ACHCorporatePaymentEntry/dd_UDF8' 

25-09-2024T18:04:13 - [MESSAGE][PASSED] - Object 'Object Repository/IWP30/Page_ACHCorporatePaymentEntry/txt_routingNumber' is present

25-09-2024T18:04:13 - [MESSAGE][PASSED] - Text '256072691' is set on object 'Object Repository/IWP30/Page_ACHCorporatePaymentEntry/txt_routingNumber'

25-09-2024T18:04:13 - [MESSAGE][PASSED] - Object 'Object Repository/IWP30/Page_ACHCorporatePaymentEntry/txt_accountNumber' is present

25-09-2024T18:04:15 - [MESSAGE][PASSED] - Text '12344444' is set on object 'Object Repository/IWP30/Page_ACHCorporatePaymentEntry/txt_accountNumber'

25-09-2024T18:04:15 - [MESSAGE][PASSED] - Object 'Object Repository/IWP30/Page_ACHCorporatePaymentEntry/txt_confirmAccountNumber' is present

25-09-2024T18:04:16 - [MESSAGE][PASSED] - Text '12344444' is set on object 'Object Repository/IWP30/Page_ACHCorporatePaymentEntry/txt_confirmAccountNumber'

25-09-2024T18:04:16 - [MESSAGE][PASSED] - Text '365 Main Avenue' is set on object 'Object Repository/IWP30/Page_ACHCorporatePaymentEntry/txt_AL1'

25-09-2024T18:04:17 - [MESSAGE][PASSED] - Text '22201' is set on object 'Object Repository/IWP30/Page_ACHCorporatePaymentEntry/txt_ZIP'

25-09-2024T18:04:17 - [MESSAGE][PASSED] - Object 'Object Repository/IWP30/Page_ACHCorporatePaymentEntry/txt_Email' is present

25-09-2024T18:04:18 - [MESSAGE][PASSED] - Text 'iahmed@govolution.com' is set on object 'Object Repository/IWP30/Page_ACHCorporatePaymentEntry/txt_Email'

25-09-2024T18:04:19 - [MESSAGE][PASSED] - Object 'Object Repository/IWP30/Page_ACHCorporatePaymentEntry/cb_TermsAndCond' is present

25-09-2024T18:04:19 - [MESSAGE][PASSED] - Object: 'Object Repository/IWP30/Page_ACHCorporatePaymentEntry/cb_TermsAndCond' is clicked on

25-09-2024T18:04:19 - [MESSAGE][PASSED] - Object 'Object Repository/IWP30/Page_ACHCorporatePaymentEntry/btn_Continue' is present

25-09-2024T18:04:22 - [MESSAGE][PASSED] - Object: 'Object Repository/IWP30/Page_ACHCorporatePaymentEntry/btn_Continue' is clicked on

25-09-2024T18:04:22 - [MESSAGE][PASSED] - iwpPages.achCorporatePaymentEntryPage.setDataCorporate is PASSED

25-09-2024T18:04:22 - [TEST_STEP][PASSED] - Thread.sleep(10000): null

25-09-2024T18:04:32 - [TEST_STEP][PASSED] - if (verifyTextPresent("Amount is less than minimum", false)): null

25-09-2024T18:04:32 - [MESSAGE][PASSED] - Text 'Amount is less than minimum' is present on page 

25-09-2024T18:04:32 - [TEST_STEP][PASSED] - println("Min Amount Error message shown"): null

25-09-2024T18:04:32 - [TEST_STEP][PASSED] - markPassed("Min Amount Error message shown"): Min Amount Error message shown

25-09-2024T18:04:32 - [MESSAGE][PASSED] - Min Amount Error message shown

25-09-2024T18:04:32 - [TEST_STEP][PASSED] - resText = "Pass": null

25-09-2024T18:04:32 - [TEST_STEP][PASSED] - pages.WriteExcel.demoKey(resText, datText, resColumn, datCloumn, fileLoc, nameSheet, row): pages.WriteExcel.demoKey is PASSED

25-09-2024T18:04:32 - [MESSAGE][PASSED] - pages.WriteExcel.demoKey is PASSED

25-09-2024T18:04:32 - [TEST_STEP][PASSED] - closeBrowser(): Browser is closed

25-09-2024T18:04:33 - [MESSAGE][PASSED] - Browser is closed]]></system-out>
         <system-err><![CDATA[]]></system-err>
      </testcase>
      <testcase name="Test Cases/IntegratedWeb/IWP25/Error/MinAmountErrorPC" time="72.852" classname="Test Cases/IntegratedWeb/IWP25/Error/MinAmountErrorPC" status="PASSED">
         <system-out><![CDATA[25-09-2024T18:04:33 - [TEST_CASE][PASSED] - Test Cases/IntegratedWeb/IWP25/Error/MinAmountErrorPC: Test Cases/IntegratedWeb/IWP25/Error/MinAmountErrorPC

25-09-2024T18:04:33 - [TEST_STEP][PASSED] - resText = "Fail": null

25-09-2024T18:04:33 - [TEST_STEP][PASSED] - resColumn = "Result": null

25-09-2024T18:04:33 - [TEST_STEP][PASSED] - datCloumn = "Date": null

25-09-2024T18:04:33 - [TEST_STEP][PASSED] - fileLoc = "KatalonData/IWPTestData/VRelay25Payments.xlsx": null

25-09-2024T18:04:33 - [TEST_STEP][PASSED] - numOfRows = <not implemented yet for class: org.codehaus.groovy.ast.expr.EmptyExpression>: null

25-09-2024T18:04:33 - [TEST_STEP][PASSED] - dataFile = <not implemented yet for class: org.codehaus.groovy.ast.expr.EmptyExpression>: null

25-09-2024T18:04:33 - [TEST_STEP][PASSED] - nameSheet = <not implemented yet for class: org.codehaus.groovy.ast.expr.EmptyExpression>: null

25-09-2024T18:04:33 - [TEST_STEP][PASSED] - dataFileEmulator = <not implemented yet for class: org.codehaus.groovy.ast.expr.EmptyExpression>: null

25-09-2024T18:04:33 - [TEST_STEP][PASSED] - nameSheet = "MinAmountErrorPC": null

25-09-2024T18:04:33 - [TEST_STEP][PASSED] - dataFile = "IWPTestData/IWP25MinAmountErrorPC": null

25-09-2024T18:04:33 - [TEST_STEP][PASSED] - dataFileEmulator = "IWPTestData/EmulatorData": null

25-09-2024T18:04:33 - [TEST_STEP][PASSED] - numOfRows = findTestData(dataFile).getRowNumbers(): null

25-09-2024T18:04:33 - [TEST_STEP][PASSED] - println("Number of Records: " + numOfRows): null

25-09-2024T18:04:33 - [TEST_STEP][PASSED] - for ([row = 1, row <= numOfRows, (row++)]): Browser is closed

25-09-2024T18:04:33 - [TEST_STEP][PASSED] - ExecuteTC = findTestData(dataFile).getValue("Execute", row): null

25-09-2024T18:04:33 - [TEST_STEP][PASSED] - out.println("Value of Execute is : " + ExecuteTC): null

25-09-2024T18:04:33 - [TEST_STEP][PASSED] - if (ExecuteTC.equalsIgnoreCase("Y")): null

25-09-2024T18:04:33 - [TEST_STEP][PASSED] - out.println("Begin Record Number: " + row): null

25-09-2024T18:04:33 - [TEST_STEP][PASSED] - today = new java.util.Date(): null

25-09-2024T18:04:33 - [TEST_STEP][PASSED] - println(today): null

25-09-2024T18:04:33 - [TEST_STEP][PASSED] - datText = today: null

25-09-2024T18:04:33 - [TEST_STEP][PASSED] - EmulatorDataKey = findTestData(dataFile).getValue("EmulatorData", row): null

25-09-2024T18:04:33 - [TEST_STEP][PASSED] - out.println("Value of Emulator Key is : " + EmulatorDataKey): null

25-09-2024T18:04:33 - [TEST_STEP][PASSED] - iwpPages.emulatorIWP30.setDataEmulator_DD(EmulatorDataKey): iwpPages.emulatorIWP30.setDataEmulator_DD is PASSED

25-09-2024T18:04:34 - [MESSAGE][INFO] - Starting 'Edge Chromium' driver

25-09-2024T18:04:34 - [MESSAGE][INFO] - User set preference: ['acceptInsecureCerts', 'true']

25-09-2024T18:04:36 - [MESSAGE][INFO] - Action delay is set to 0 milliseconds

25-09-2024T18:04:39 - [MESSAGE][PASSED] - Browser is opened with url: 'https://qa.velocitypayment.com/agency/config.do?action=editor&message_version=2_5'

25-09-2024T18:04:39 - [MESSAGE][PASSED] - Current window maximized

25-09-2024T18:04:40 - [MESSAGE][PASSED] - All options with value '2.5' are selected in object 'Object Repository/IWP30/Page_VRelay30Emulator/MV'  using regular expression

25-09-2024T18:04:41 - [MESSAGE][PASSED] - Text '10.50' is set on object 'Object Repository/IWP30/Page_VRelay30Emulator/Amount'

25-09-2024T18:04:41 - [MESSAGE][PASSED] - Text '3RfuaFBWZdic' is set on object 'Object Repository/IWP30/Page_VRelay30Emulator/CAN'

25-09-2024T18:04:42 - [MESSAGE][PASSED] - Text 'PayNow' is set on object 'Object Repository/IWP30/Page_VRelay30Emulator/Action'

25-09-2024T18:04:43 - [MESSAGE][PASSED] - Text 'en_US' is set on object 'Object Repository/IWP30/Page_VRelay30Emulator/Lang'

25-09-2024T18:04:43 - [MESSAGE][PASSED] - Text '' is set on object 'Object Repository/IWP30/Page_VRelay30Emulator/Fname'

25-09-2024T18:04:44 - [MESSAGE][PASSED] - Text '' is set on object 'Object Repository/IWP30/Page_VRelay30Emulator/Lname'

25-09-2024T18:04:44 - [MESSAGE][PASSED] - Text '' is set on object 'Object Repository/IWP30/Page_VRelay30Emulator/AL1'

25-09-2024T18:04:45 - [MESSAGE][PASSED] - Text '' is set on object 'Object Repository/IWP30/Page_VRelay30Emulator/AL2'

25-09-2024T18:04:46 - [MESSAGE][PASSED] - Text '' is set on object 'Object Repository/IWP30/Page_VRelay30Emulator/Country'

25-09-2024T18:04:46 - [MESSAGE][PASSED] - Text '' is set on object 'Object Repository/IWP30/Page_VRelay30Emulator/City'

25-09-2024T18:04:47 - [MESSAGE][PASSED] - Text '' is set on object 'Object Repository/IWP30/Page_VRelay30Emulator/State'

25-09-2024T18:04:47 - [MESSAGE][PASSED] - Text '' is set on object 'Object Repository/IWP30/Page_VRelay30Emulator/ZIP'

25-09-2024T18:04:48 - [MESSAGE][PASSED] - Text '' is set on object 'Object Repository/IWP30/Page_VRelay30Emulator/Order'

25-09-2024T18:04:48 - [MESSAGE][PASSED] - Text '' is set on object 'Object Repository/IWP30/Page_VRelay30Emulator/Company'

25-09-2024T18:04:49 - [MESSAGE][PASSED] - Text '' is set on object 'Object Repository/IWP30/Page_VRelay30Emulator/Email'

25-09-2024T18:04:50 - [MESSAGE][PASSED] - Text '' is set on object 'Object Repository/IWP30/Page_VRelay30Emulator/UDF1'

25-09-2024T18:04:50 - [MESSAGE][PASSED] - Text '' is set on object 'Object Repository/IWP30/Page_VRelay30Emulator/UDF2'

25-09-2024T18:04:51 - [MESSAGE][PASSED] - Text '' is set on object 'Object Repository/IWP30/Page_VRelay30Emulator/UDF3'

25-09-2024T18:04:51 - [MESSAGE][PASSED] - Text 'udf data 4' is set on object 'Object Repository/IWP30/Page_VRelay30Emulator/UDF4'

25-09-2024T18:04:52 - [MESSAGE][PASSED] - Text 'udf data 5' is set on object 'Object Repository/IWP30/Page_VRelay30Emulator/UDF5'

25-09-2024T18:04:53 - [MESSAGE][PASSED] - Text '' is set on object 'Object Repository/IWP30/Page_VRelay30Emulator/UDF6'

25-09-2024T18:04:53 - [MESSAGE][PASSED] - Text '' is set on object 'Object Repository/IWP30/Page_VRelay30Emulator/UDF7'

25-09-2024T18:04:54 - [MESSAGE][PASSED] - Text '' is set on object 'Object Repository/IWP30/Page_VRelay30Emulator/UDF8'

25-09-2024T18:04:54 - [MESSAGE][PASSED] - Text 'udf data 9' is set on object 'Object Repository/IWP30/Page_VRelay30Emulator/UDF9'

25-09-2024T18:04:55 - [MESSAGE][PASSED] - Text 'udf data 10' is set on object 'Object Repository/IWP30/Page_VRelay30Emulator/UDF10'

25-09-2024T18:04:56 - [MESSAGE][PASSED] - Object: 'Object Repository/IWP30/Page_VRelay30Emulator/Submit' is clicked on

25-09-2024T18:05:01 - [MESSAGE][PASSED] - Browser is closed

25-09-2024T18:05:05 - [MESSAGE][PASSED] - iwpPages.emulatorIWP30.setDataEmulator_DD is PASSED

25-09-2024T18:05:05 - [TEST_STEP][PASSED] - testHarnessURL = urlTestHarness: null

25-09-2024T18:05:05 - [TEST_STEP][PASSED] - openBrowser(testHarnessURL): Browser is opened with url: 'https://dev-algorithm.govolution.com/vrelaytest/QA/version_2_2/vrelaytest.html'

25-09-2024T18:05:05 - [MESSAGE][INFO] - Starting 'Edge Chromium' driver

25-09-2024T18:05:05 - [MESSAGE][INFO] - User set preference: ['acceptInsecureCerts', 'true']

25-09-2024T18:05:07 - [MESSAGE][INFO] - Action delay is set to 0 milliseconds

25-09-2024T18:05:10 - [MESSAGE][PASSED] - Browser is opened with url: 'https://dev-algorithm.govolution.com/vrelaytest/QA/version_2_2/vrelaytest.html'

25-09-2024T18:05:10 - [TEST_STEP][PASSED] - maximizeWindow(): Current window maximized

25-09-2024T18:05:11 - [MESSAGE][PASSED] - Current window maximized

25-09-2024T18:05:11 - [TEST_STEP][PASSED] - iwpPages.TestHarnessPage.setDataMethod(row, dataFile): iwpPages.TestHarnessPage.setDataMethod is PASSED

25-09-2024T18:05:11 - [MESSAGE][PASSED] - Object 'Object Repository/IWP30/Page_QATestHarness/RemittanceID' is present

25-09-2024T18:05:12 - [MESSAGE][PASSED] - Text '638' is set on object 'Object Repository/IWP30/Page_QATestHarness/ApplicationID'

25-09-2024T18:05:12 - [MESSAGE][PASSED] - Text '2.5' is set on object 'Object Repository/IWP30/Page_QATestHarness/MessageVersion'

25-09-2024T18:05:13 - [MESSAGE][PASSED] - Text 'YpK9HiPHqYLk' is set on object 'Object Repository/IWP30/Page_QATestHarness/RemittanceID'

25-09-2024T18:05:16 - [MESSAGE][PASSED] - Object: 'Object Repository/IWP30/Page_QATestHarness/SubmitButton' is clicked on

25-09-2024T18:05:16 - [MESSAGE][PASSED] - iwpPages.TestHarnessPage.setDataMethod is PASSED

25-09-2024T18:05:16 - [TEST_STEP][PASSED] - click(findTestObject("Object Repository/IWP30/Page_SelectPaymentMethod/PayByPersonalCheck")): Object: 'Object Repository/IWP30/Page_SelectPaymentMethod/PayByPersonalCheck' is clicked on

25-09-2024T18:05:16 - [MESSAGE][PASSED] - Object: 'Object Repository/IWP30/Page_SelectPaymentMethod/PayByPersonalCheck' is clicked on

25-09-2024T18:05:16 - [TEST_STEP][PASSED] - click(findTestObject("Object Repository/IWP30/Page_SelectPaymentMethod/MakePaymentButton")): Object: 'Object Repository/IWP30/Page_SelectPaymentMethod/MakePaymentButton' is clicked on

25-09-2024T18:05:19 - [MESSAGE][PASSED] - Object: 'Object Repository/IWP30/Page_SelectPaymentMethod/MakePaymentButton' is clicked on

25-09-2024T18:05:19 - [TEST_STEP][PASSED] - iwpPages.achPersonalPaymentEntryPage.setDataACHPPM(row, dataFile): iwpPages.achPersonalPaymentEntryPage.setDataACHPPM is PASSED

25-09-2024T18:05:20 - [MESSAGE][PASSED] - Object 'Object Repository/IWP30/Page_ACHPersonalPaymentEntry/txt_accountNumber' is present

25-09-2024T18:05:20 - [MESSAGE][PASSED] - Text '1.50' is set on object 'Object Repository/IWP30/Page_ACHPersonalPaymentEntry/txt_Amount'

25-09-2024T18:05:20 - [MESSAGE][PASSED] - Object 'Object Repository/IWP30/Page_ACHPersonalPaymentEntry/txt_UDF2' is present

25-09-2024T18:05:21 - [MESSAGE][PASSED] - Text 'udf data 2' is set on object 'Object Repository/IWP30/Page_ACHPersonalPaymentEntry/txt_UDF2'

25-09-2024T18:05:22 - [MESSAGE][PASSED] - Text 'udf data 3' is set on object 'Object Repository/IWP30/Page_ACHPersonalPaymentEntry/txt_UDF3'

25-09-2024T18:05:22 - [MESSAGE][PASSED] - All options with label 'Orange' are selected in object 'Object Repository/IWP30/Page_ACHPersonalPaymentEntry/dd_UDF7' 

25-09-2024T18:05:23 - [MESSAGE][PASSED] - All options with label 'Soccer' are selected in object 'Object Repository/IWP30/Page_ACHPersonalPaymentEntry/dd_UDF8' 

25-09-2024T18:05:23 - [MESSAGE][PASSED] - Object 'Object Repository/IWP30/Page_ACHPersonalPaymentEntry/txt_Firstname' is present

25-09-2024T18:05:24 - [MESSAGE][PASSED] - Text 'Elizath' is set on object 'Object Repository/IWP30/Page_ACHPersonalPaymentEntry/txt_Firstname'

25-09-2024T18:05:24 - [MESSAGE][PASSED] - Object 'Object Repository/IWP30/Page_ACHPersonalPaymentEntry/txt_Lastname' is present

25-09-2024T18:05:24 - [MESSAGE][PASSED] - Text 'Christine' is set on object 'Object Repository/IWP30/Page_ACHPersonalPaymentEntry/txt_Lastname'

25-09-2024T18:05:25 - [MESSAGE][PASSED] - Object 'Object Repository/IWP30/Page_ACHPersonalPaymentEntry/txt_routingNumber' is present

25-09-2024T18:05:25 - [MESSAGE][PASSED] - Text '256072691' is set on object 'Object Repository/IWP30/Page_ACHPersonalPaymentEntry/txt_routingNumber'

25-09-2024T18:05:26 - [MESSAGE][PASSED] - Object 'Object Repository/IWP30/Page_ACHPersonalPaymentEntry/txt_accountNumber' is present

25-09-2024T18:05:27 - [MESSAGE][PASSED] - Text '12344444' is set on object 'Object Repository/IWP30/Page_ACHPersonalPaymentEntry/txt_accountNumber'

25-09-2024T18:05:28 - [MESSAGE][PASSED] - Object 'Object Repository/IWP30/Page_ACHPersonalPaymentEntry/txt_confirmAccountNumber' is present

25-09-2024T18:05:28 - [MESSAGE][PASSED] - Text '12344444' is set on object 'Object Repository/IWP30/Page_ACHPersonalPaymentEntry/txt_confirmAccountNumber'

25-09-2024T18:05:28 - [MESSAGE][PASSED] - Object 'Object Repository/IWP30/Page_ACHPersonalPaymentEntry/rd_accountType' is present

25-09-2024T18:05:28 - [MESSAGE][PASSED] - Modify property of object successfully

25-09-2024T18:05:29 - [MESSAGE][PASSED] - Object: 'Object Repository/IWP30/Page_ACHPersonalPaymentEntry/rd_accountType' is clicked on

25-09-2024T18:05:29 - [MESSAGE][PASSED] - Text '365 Main Avenue' is set on object 'Object Repository/IWP30/Page_ACHPersonalPaymentEntry/txt_AL1'

25-09-2024T18:05:30 - [MESSAGE][PASSED] - Text '22201' is set on object 'Object Repository/IWP30/Page_ACHPersonalPaymentEntry/txt_ZIP'

25-09-2024T18:05:30 - [MESSAGE][PASSED] - Object 'Object Repository/IWP30/Page_ACHPersonalPaymentEntry/txt_Email' is present

25-09-2024T18:05:31 - [MESSAGE][PASSED] - Text 'iahmed@govolution.com' is set on object 'Object Repository/IWP30/Page_ACHPersonalPaymentEntry/txt_Email'

25-09-2024T18:05:31 - [MESSAGE][PASSED] - Object 'Object Repository/IWP30/Page_ACHPersonalPaymentEntry/cb_TermsAndCond' is present

25-09-2024T18:05:32 - [MESSAGE][PASSED] - Object: 'Object Repository/IWP30/Page_ACHPersonalPaymentEntry/cb_TermsAndCond' is clicked on

25-09-2024T18:05:32 - [MESSAGE][PASSED] - Object 'Object Repository/IWP30/Page_ACHPersonalPaymentEntry/btn_Continue' is present

25-09-2024T18:05:35 - [MESSAGE][PASSED] - Object: 'Object Repository/IWP30/Page_ACHPersonalPaymentEntry/btn_Continue' is clicked on

25-09-2024T18:05:35 - [MESSAGE][PASSED] - iwpPages.achPersonalPaymentEntryPage.setDataACHPPM is PASSED

25-09-2024T18:05:35 - [TEST_STEP][PASSED] - Thread.sleep(10000): null

25-09-2024T18:05:45 - [TEST_STEP][PASSED] - if (verifyTextPresent("Amount is less than minimum", false)): null

25-09-2024T18:05:45 - [MESSAGE][PASSED] - Text 'Amount is less than minimum' is present on page 

25-09-2024T18:05:45 - [TEST_STEP][PASSED] - println("Min Amount Error message shown"): null

25-09-2024T18:05:45 - [TEST_STEP][PASSED] - markPassed("Min Amount Error message shown"): Min Amount Error message shown

25-09-2024T18:05:45 - [MESSAGE][PASSED] - Min Amount Error message shown

25-09-2024T18:05:45 - [TEST_STEP][PASSED] - resText = "Pass": null

25-09-2024T18:05:45 - [TEST_STEP][PASSED] - pages.WriteExcel.demoKey(resText, datText, resColumn, datCloumn, fileLoc, nameSheet, row): pages.WriteExcel.demoKey is PASSED

25-09-2024T18:05:45 - [MESSAGE][PASSED] - pages.WriteExcel.demoKey is PASSED

25-09-2024T18:05:45 - [TEST_STEP][PASSED] - closeBrowser(): Browser is closed

25-09-2024T18:05:46 - [MESSAGE][PASSED] - Browser is closed]]></system-out>
         <system-err><![CDATA[]]></system-err>
      </testcase>
      <testcase name="Test Cases/IntegratedWeb/IWP25/Error/MinAmountErrorPS" time="77.108" classname="Test Cases/IntegratedWeb/IWP25/Error/MinAmountErrorPS" status="PASSED">
         <system-out><![CDATA[25-09-2024T18:05:46 - [TEST_CASE][PASSED] - Test Cases/IntegratedWeb/IWP25/Error/MinAmountErrorPS: Test Cases/IntegratedWeb/IWP25/Error/MinAmountErrorPS

25-09-2024T18:05:46 - [TEST_STEP][PASSED] - resText = "Fail": null

25-09-2024T18:05:46 - [TEST_STEP][PASSED] - resColumn = "Result": null

25-09-2024T18:05:46 - [TEST_STEP][PASSED] - datCloumn = "Date": null

25-09-2024T18:05:46 - [TEST_STEP][PASSED] - fileLoc = "KatalonData/IWPTestData/VRelay25Payments.xlsx": null

25-09-2024T18:05:46 - [TEST_STEP][PASSED] - numOfRows = <not implemented yet for class: org.codehaus.groovy.ast.expr.EmptyExpression>: null

25-09-2024T18:05:46 - [TEST_STEP][PASSED] - dataFile = <not implemented yet for class: org.codehaus.groovy.ast.expr.EmptyExpression>: null

25-09-2024T18:05:46 - [TEST_STEP][PASSED] - nameSheet = <not implemented yet for class: org.codehaus.groovy.ast.expr.EmptyExpression>: null

25-09-2024T18:05:46 - [TEST_STEP][PASSED] - dataFileEmulator = <not implemented yet for class: org.codehaus.groovy.ast.expr.EmptyExpression>: null

25-09-2024T18:05:46 - [TEST_STEP][PASSED] - nameSheet = "MinAmountErrorPS": null

25-09-2024T18:05:46 - [TEST_STEP][PASSED] - dataFile = "IWPTestData/IWP25MinAmountErrorPS": null

25-09-2024T18:05:46 - [TEST_STEP][PASSED] - dataFileEmulator = "IWPTestData/EmulatorData": null

25-09-2024T18:05:46 - [TEST_STEP][PASSED] - numOfRows = findTestData(dataFile).getRowNumbers(): null

25-09-2024T18:05:46 - [TEST_STEP][PASSED] - println("Number of Records: " + numOfRows): null

25-09-2024T18:05:46 - [TEST_STEP][PASSED] - for ([row = 1, row <= numOfRows, (row++)]): Browser is closed

25-09-2024T18:05:46 - [TEST_STEP][PASSED] - ExecuteTC = findTestData(dataFile).getValue("Execute", row): null

25-09-2024T18:05:46 - [TEST_STEP][PASSED] - out.println("Value of Execute is : " + ExecuteTC): null

25-09-2024T18:05:46 - [TEST_STEP][PASSED] - if (ExecuteTC.equalsIgnoreCase("Y")): null

25-09-2024T18:05:46 - [TEST_STEP][PASSED] - out.println("Begin Record Number: " + row): null

25-09-2024T18:05:46 - [TEST_STEP][PASSED] - today = new java.util.Date(): null

25-09-2024T18:05:46 - [TEST_STEP][PASSED] - println(today): null

25-09-2024T18:05:46 - [TEST_STEP][PASSED] - datText = today: null

25-09-2024T18:05:46 - [TEST_STEP][PASSED] - EmulatorDataKey = findTestData(dataFile).getValue("EmulatorData", row): null

25-09-2024T18:05:46 - [TEST_STEP][PASSED] - out.println("Value of Emulator Key is : " + EmulatorDataKey): null

25-09-2024T18:05:46 - [TEST_STEP][PASSED] - iwpPages.emulatorIWP30.setDataEmulator_DD(EmulatorDataKey): iwpPages.emulatorIWP30.setDataEmulator_DD is PASSED

25-09-2024T18:05:47 - [MESSAGE][INFO] - Starting 'Edge Chromium' driver

25-09-2024T18:05:47 - [MESSAGE][INFO] - User set preference: ['acceptInsecureCerts', 'true']

25-09-2024T18:05:49 - [MESSAGE][INFO] - Action delay is set to 0 milliseconds

25-09-2024T18:05:54 - [MESSAGE][PASSED] - Browser is opened with url: 'https://qa.velocitypayment.com/agency/config.do?action=editor&message_version=2_5'

25-09-2024T18:05:55 - [MESSAGE][PASSED] - Current window maximized

25-09-2024T18:05:55 - [MESSAGE][PASSED] - All options with value '2.5' are selected in object 'Object Repository/IWP30/Page_VRelay30Emulator/MV'  using regular expression

25-09-2024T18:05:56 - [MESSAGE][PASSED] - Text '10.50' is set on object 'Object Repository/IWP30/Page_VRelay30Emulator/Amount'

25-09-2024T18:05:57 - [MESSAGE][PASSED] - Text '21PjbDIy6Yxd' is set on object 'Object Repository/IWP30/Page_VRelay30Emulator/CAN'

25-09-2024T18:05:58 - [MESSAGE][PASSED] - Text 'PayNow' is set on object 'Object Repository/IWP30/Page_VRelay30Emulator/Action'

25-09-2024T18:05:58 - [MESSAGE][PASSED] - Text 'en_US' is set on object 'Object Repository/IWP30/Page_VRelay30Emulator/Lang'

25-09-2024T18:05:59 - [MESSAGE][PASSED] - Text '' is set on object 'Object Repository/IWP30/Page_VRelay30Emulator/Fname'

25-09-2024T18:05:59 - [MESSAGE][PASSED] - Text '' is set on object 'Object Repository/IWP30/Page_VRelay30Emulator/Lname'

25-09-2024T18:06:00 - [MESSAGE][PASSED] - Text '' is set on object 'Object Repository/IWP30/Page_VRelay30Emulator/AL1'

25-09-2024T18:06:01 - [MESSAGE][PASSED] - Text '' is set on object 'Object Repository/IWP30/Page_VRelay30Emulator/AL2'

25-09-2024T18:06:01 - [MESSAGE][PASSED] - Text '' is set on object 'Object Repository/IWP30/Page_VRelay30Emulator/Country'

25-09-2024T18:06:02 - [MESSAGE][PASSED] - Text '' is set on object 'Object Repository/IWP30/Page_VRelay30Emulator/City'

25-09-2024T18:06:02 - [MESSAGE][PASSED] - Text '' is set on object 'Object Repository/IWP30/Page_VRelay30Emulator/State'

25-09-2024T18:06:03 - [MESSAGE][PASSED] - Text '' is set on object 'Object Repository/IWP30/Page_VRelay30Emulator/ZIP'

25-09-2024T18:06:03 - [MESSAGE][PASSED] - Text '' is set on object 'Object Repository/IWP30/Page_VRelay30Emulator/Order'

25-09-2024T18:06:04 - [MESSAGE][PASSED] - Text '' is set on object 'Object Repository/IWP30/Page_VRelay30Emulator/Company'

25-09-2024T18:06:05 - [MESSAGE][PASSED] - Text '' is set on object 'Object Repository/IWP30/Page_VRelay30Emulator/Email'

25-09-2024T18:06:05 - [MESSAGE][PASSED] - Text '' is set on object 'Object Repository/IWP30/Page_VRelay30Emulator/UDF1'

25-09-2024T18:06:06 - [MESSAGE][PASSED] - Text '' is set on object 'Object Repository/IWP30/Page_VRelay30Emulator/UDF2'

25-09-2024T18:06:06 - [MESSAGE][PASSED] - Text '' is set on object 'Object Repository/IWP30/Page_VRelay30Emulator/UDF3'

25-09-2024T18:06:07 - [MESSAGE][PASSED] - Text 'udf data 4' is set on object 'Object Repository/IWP30/Page_VRelay30Emulator/UDF4'

25-09-2024T18:06:07 - [MESSAGE][PASSED] - Text 'udf data 5' is set on object 'Object Repository/IWP30/Page_VRelay30Emulator/UDF5'

25-09-2024T18:06:08 - [MESSAGE][PASSED] - Text '' is set on object 'Object Repository/IWP30/Page_VRelay30Emulator/UDF6'

25-09-2024T18:06:09 - [MESSAGE][PASSED] - Text '' is set on object 'Object Repository/IWP30/Page_VRelay30Emulator/UDF7'

25-09-2024T18:06:09 - [MESSAGE][PASSED] - Text '' is set on object 'Object Repository/IWP30/Page_VRelay30Emulator/UDF8'

25-09-2024T18:06:10 - [MESSAGE][PASSED] - Text 'udf data 9' is set on object 'Object Repository/IWP30/Page_VRelay30Emulator/UDF9'

25-09-2024T18:06:10 - [MESSAGE][PASSED] - Text 'udf data 10' is set on object 'Object Repository/IWP30/Page_VRelay30Emulator/UDF10'

25-09-2024T18:06:12 - [MESSAGE][PASSED] - Object: 'Object Repository/IWP30/Page_VRelay30Emulator/Submit' is clicked on

25-09-2024T18:06:18 - [MESSAGE][PASSED] - Browser is closed

25-09-2024T18:06:22 - [MESSAGE][PASSED] - iwpPages.emulatorIWP30.setDataEmulator_DD is PASSED

25-09-2024T18:06:22 - [TEST_STEP][PASSED] - testHarnessURL = urlTestHarness: null

25-09-2024T18:06:22 - [TEST_STEP][PASSED] - openBrowser(testHarnessURL): Browser is opened with url: 'https://dev-algorithm.govolution.com/vrelaytest/QA/version_2_2/vrelaytest.html'

25-09-2024T18:06:22 - [MESSAGE][INFO] - Starting 'Edge Chromium' driver

25-09-2024T18:06:22 - [MESSAGE][INFO] - User set preference: ['acceptInsecureCerts', 'true']

25-09-2024T18:06:24 - [MESSAGE][INFO] - Action delay is set to 0 milliseconds

25-09-2024T18:06:27 - [MESSAGE][PASSED] - Browser is opened with url: 'https://dev-algorithm.govolution.com/vrelaytest/QA/version_2_2/vrelaytest.html'

25-09-2024T18:06:27 - [TEST_STEP][PASSED] - maximizeWindow(): Current window maximized

25-09-2024T18:06:28 - [MESSAGE][PASSED] - Current window maximized

25-09-2024T18:06:28 - [TEST_STEP][PASSED] - iwpPages.TestHarnessPage.setDataMethod(row, dataFile): iwpPages.TestHarnessPage.setDataMethod is PASSED

25-09-2024T18:06:28 - [MESSAGE][PASSED] - Object 'Object Repository/IWP30/Page_QATestHarness/RemittanceID' is present

25-09-2024T18:06:28 - [MESSAGE][PASSED] - Text '638' is set on object 'Object Repository/IWP30/Page_QATestHarness/ApplicationID'

25-09-2024T18:06:29 - [MESSAGE][PASSED] - Text '2.5' is set on object 'Object Repository/IWP30/Page_QATestHarness/MessageVersion'

25-09-2024T18:06:30 - [MESSAGE][PASSED] - Text '4YDf2bPi5Z6d' is set on object 'Object Repository/IWP30/Page_QATestHarness/RemittanceID'

25-09-2024T18:06:34 - [MESSAGE][PASSED] - Object: 'Object Repository/IWP30/Page_QATestHarness/SubmitButton' is clicked on

25-09-2024T18:06:34 - [MESSAGE][PASSED] - iwpPages.TestHarnessPage.setDataMethod is PASSED

25-09-2024T18:06:34 - [TEST_STEP][PASSED] - click(findTestObject("Object Repository/IWP30/Page_SelectPaymentMethod/PayByPersonalCheck")): Object: 'Object Repository/IWP30/Page_SelectPaymentMethod/PayByPersonalCheck' is clicked on

25-09-2024T18:06:34 - [MESSAGE][PASSED] - Object: 'Object Repository/IWP30/Page_SelectPaymentMethod/PayByPersonalCheck' is clicked on

25-09-2024T18:06:34 - [TEST_STEP][PASSED] - click(findTestObject("Object Repository/IWP30/Page_SelectPaymentMethod/MakePaymentButton")): Object: 'Object Repository/IWP30/Page_SelectPaymentMethod/MakePaymentButton' is clicked on

25-09-2024T18:06:36 - [MESSAGE][PASSED] - Object: 'Object Repository/IWP30/Page_SelectPaymentMethod/MakePaymentButton' is clicked on

25-09-2024T18:06:36 - [TEST_STEP][PASSED] - iwpPages.achPersonalPaymentEntryPage.setDataACHPPM(row, dataFile): iwpPages.achPersonalPaymentEntryPage.setDataACHPPM is PASSED

25-09-2024T18:06:37 - [MESSAGE][PASSED] - Object 'Object Repository/IWP30/Page_ACHPersonalPaymentEntry/txt_accountNumber' is present

25-09-2024T18:06:38 - [MESSAGE][PASSED] - Text '1.50' is set on object 'Object Repository/IWP30/Page_ACHPersonalPaymentEntry/txt_Amount'

25-09-2024T18:06:38 - [MESSAGE][PASSED] - Object 'Object Repository/IWP30/Page_ACHPersonalPaymentEntry/txt_UDF2' is present

25-09-2024T18:06:39 - [MESSAGE][PASSED] - Text 'udf data 2' is set on object 'Object Repository/IWP30/Page_ACHPersonalPaymentEntry/txt_UDF2'

25-09-2024T18:06:39 - [MESSAGE][PASSED] - Text 'udf data 3' is set on object 'Object Repository/IWP30/Page_ACHPersonalPaymentEntry/txt_UDF3'

25-09-2024T18:06:40 - [MESSAGE][PASSED] - All options with label 'Orange' are selected in object 'Object Repository/IWP30/Page_ACHPersonalPaymentEntry/dd_UDF7' 

25-09-2024T18:06:40 - [MESSAGE][PASSED] - All options with label 'Soccer' are selected in object 'Object Repository/IWP30/Page_ACHPersonalPaymentEntry/dd_UDF8' 

25-09-2024T18:06:40 - [MESSAGE][PASSED] - Object 'Object Repository/IWP30/Page_ACHPersonalPaymentEntry/txt_Firstname' is present

25-09-2024T18:06:41 - [MESSAGE][PASSED] - Text 'Elizath' is set on object 'Object Repository/IWP30/Page_ACHPersonalPaymentEntry/txt_Firstname'

25-09-2024T18:06:41 - [MESSAGE][PASSED] - Object 'Object Repository/IWP30/Page_ACHPersonalPaymentEntry/txt_Lastname' is present

25-09-2024T18:06:42 - [MESSAGE][PASSED] - Text 'Christine' is set on object 'Object Repository/IWP30/Page_ACHPersonalPaymentEntry/txt_Lastname'

25-09-2024T18:06:42 - [MESSAGE][PASSED] - Object 'Object Repository/IWP30/Page_ACHPersonalPaymentEntry/txt_routingNumber' is present

25-09-2024T18:06:43 - [MESSAGE][PASSED] - Text '256072691' is set on object 'Object Repository/IWP30/Page_ACHPersonalPaymentEntry/txt_routingNumber'

25-09-2024T18:06:43 - [MESSAGE][PASSED] - Object 'Object Repository/IWP30/Page_ACHPersonalPaymentEntry/txt_accountNumber' is present

25-09-2024T18:06:44 - [MESSAGE][PASSED] - Text '12344444' is set on object 'Object Repository/IWP30/Page_ACHPersonalPaymentEntry/txt_accountNumber'

25-09-2024T18:06:45 - [MESSAGE][PASSED] - Object 'Object Repository/IWP30/Page_ACHPersonalPaymentEntry/txt_confirmAccountNumber' is present

25-09-2024T18:06:45 - [MESSAGE][PASSED] - Text '12344444' is set on object 'Object Repository/IWP30/Page_ACHPersonalPaymentEntry/txt_confirmAccountNumber'

25-09-2024T18:06:46 - [MESSAGE][PASSED] - Object 'Object Repository/IWP30/Page_ACHPersonalPaymentEntry/rd_accountType' is present

25-09-2024T18:06:46 - [MESSAGE][PASSED] - Modify property of object successfully

25-09-2024T18:06:46 - [MESSAGE][PASSED] - Object: 'Object Repository/IWP30/Page_ACHPersonalPaymentEntry/rd_accountType' is clicked on

25-09-2024T18:06:47 - [MESSAGE][PASSED] - Text '365 Main Avenue' is set on object 'Object Repository/IWP30/Page_ACHPersonalPaymentEntry/txt_AL1'

25-09-2024T18:06:47 - [MESSAGE][PASSED] - Text '22201' is set on object 'Object Repository/IWP30/Page_ACHPersonalPaymentEntry/txt_ZIP'

25-09-2024T18:06:47 - [MESSAGE][PASSED] - Object 'Object Repository/IWP30/Page_ACHPersonalPaymentEntry/txt_Email' is present

25-09-2024T18:06:48 - [MESSAGE][PASSED] - Text 'iahmed@govolution.com' is set on object 'Object Repository/IWP30/Page_ACHPersonalPaymentEntry/txt_Email'

25-09-2024T18:06:49 - [MESSAGE][PASSED] - Object 'Object Repository/IWP30/Page_ACHPersonalPaymentEntry/cb_TermsAndCond' is present

25-09-2024T18:06:49 - [MESSAGE][PASSED] - Object: 'Object Repository/IWP30/Page_ACHPersonalPaymentEntry/cb_TermsAndCond' is clicked on

25-09-2024T18:06:49 - [MESSAGE][PASSED] - Object 'Object Repository/IWP30/Page_ACHPersonalPaymentEntry/btn_Continue' is present

25-09-2024T18:06:52 - [MESSAGE][PASSED] - Object: 'Object Repository/IWP30/Page_ACHPersonalPaymentEntry/btn_Continue' is clicked on

25-09-2024T18:06:52 - [MESSAGE][PASSED] - iwpPages.achPersonalPaymentEntryPage.setDataACHPPM is PASSED

25-09-2024T18:06:52 - [TEST_STEP][PASSED] - Thread.sleep(10000): null

25-09-2024T18:07:02 - [TEST_STEP][PASSED] - if (verifyTextPresent("Amount is less than minimum", false)): null

25-09-2024T18:07:02 - [MESSAGE][PASSED] - Text 'Amount is less than minimum' is present on page 

25-09-2024T18:07:02 - [TEST_STEP][PASSED] - println("Min Amount Error message shown"): null

25-09-2024T18:07:02 - [TEST_STEP][PASSED] - markPassed("Min Amount Error message shown"): Min Amount Error message shown

25-09-2024T18:07:02 - [MESSAGE][PASSED] - Min Amount Error message shown

25-09-2024T18:07:02 - [TEST_STEP][PASSED] - resText = "Pass": null

25-09-2024T18:07:02 - [TEST_STEP][PASSED] - pages.WriteExcel.demoKey(resText, datText, resColumn, datCloumn, fileLoc, nameSheet, row): pages.WriteExcel.demoKey is PASSED

25-09-2024T18:07:02 - [MESSAGE][PASSED] - pages.WriteExcel.demoKey is PASSED

25-09-2024T18:07:02 - [TEST_STEP][PASSED] - closeBrowser(): Browser is closed

25-09-2024T18:07:03 - [MESSAGE][PASSED] - Browser is closed]]></system-out>
         <system-err><![CDATA[]]></system-err>
      </testcase>
      <testcase name="Test Cases/IntegratedWeb/IWP25/Error/MRFCorporate" time="56.561" classname="Test Cases/IntegratedWeb/IWP25/Error/MRFCorporate" status="PASSED">
         <system-out><![CDATA[25-09-2024T18:07:03 - [TEST_CASE][PASSED] - Test Cases/IntegratedWeb/IWP25/Error/MRFCorporate: Test Cases/IntegratedWeb/IWP25/Error/MRFCorporate

25-09-2024T18:07:03 - [TEST_STEP][PASSED] - resText = "Fail": null

25-09-2024T18:07:03 - [TEST_STEP][PASSED] - resColumn = "Result": null

25-09-2024T18:07:03 - [TEST_STEP][PASSED] - datCloumn = "Date": null

25-09-2024T18:07:03 - [TEST_STEP][PASSED] - fileLoc = "KatalonData/IWPTestData/VRelay25Payments.xlsx": null

25-09-2024T18:07:03 - [TEST_STEP][PASSED] - numOfRows = <not implemented yet for class: org.codehaus.groovy.ast.expr.EmptyExpression>: null

25-09-2024T18:07:03 - [TEST_STEP][PASSED] - dataFile = <not implemented yet for class: org.codehaus.groovy.ast.expr.EmptyExpression>: null

25-09-2024T18:07:03 - [TEST_STEP][PASSED] - nameSheet = <not implemented yet for class: org.codehaus.groovy.ast.expr.EmptyExpression>: null

25-09-2024T18:07:03 - [TEST_STEP][PASSED] - dataFileEmulator = <not implemented yet for class: org.codehaus.groovy.ast.expr.EmptyExpression>: null

25-09-2024T18:07:03 - [TEST_STEP][PASSED] - isRequiredTextPresent = false: null

25-09-2024T18:07:03 - [TEST_STEP][PASSED] - nameSheet = "MRFCorp": null

25-09-2024T18:07:03 - [TEST_STEP][PASSED] - dataFile = "IWPTestData/IWP25MRFCorp": null

25-09-2024T18:07:03 - [TEST_STEP][PASSED] - dataFileEmulator = "IWPTestData/EmulatorData": null

25-09-2024T18:07:03 - [TEST_STEP][PASSED] - numOfRows = findTestData(dataFile).getRowNumbers(): null

25-09-2024T18:07:03 - [TEST_STEP][PASSED] - println("Number of Records: " + numOfRows): null

25-09-2024T18:07:03 - [TEST_STEP][PASSED] - for ([row = 1, row <= numOfRows, (row++)]): Browser is closed

25-09-2024T18:07:03 - [TEST_STEP][PASSED] - ExecuteTC = findTestData(dataFile).getValue("Execute", row): null

25-09-2024T18:07:03 - [TEST_STEP][PASSED] - out.println("Value of Execute is : " + ExecuteTC): null

25-09-2024T18:07:03 - [TEST_STEP][PASSED] - if (ExecuteTC.equalsIgnoreCase("Y")): pages.WriteExcel.demoKey is PASSED

25-09-2024T18:07:03 - [TEST_STEP][PASSED] - out.println("Begin Record Number: " + row): null

25-09-2024T18:07:03 - [TEST_STEP][PASSED] - today = new java.util.Date(): null

25-09-2024T18:07:03 - [TEST_STEP][PASSED] - println(today): null

25-09-2024T18:07:03 - [TEST_STEP][PASSED] - datText = today: null

25-09-2024T18:07:03 - [TEST_STEP][PASSED] - EmulatorDataKey = findTestData(dataFile).getValue("EmulatorData", row): null

25-09-2024T18:07:03 - [TEST_STEP][PASSED] - out.println("Value of Emulator Key is : " + EmulatorDataKey): null

25-09-2024T18:07:03 - [TEST_STEP][PASSED] - iwpPages.emulatorIWP30.setDataEmulator_DD(EmulatorDataKey): iwpPages.emulatorIWP30.setDataEmulator_DD is PASSED

25-09-2024T18:07:04 - [MESSAGE][INFO] - Starting 'Edge Chromium' driver

25-09-2024T18:07:04 - [MESSAGE][INFO] - User set preference: ['acceptInsecureCerts', 'true']

25-09-2024T18:07:06 - [MESSAGE][INFO] - Action delay is set to 0 milliseconds

25-09-2024T18:07:09 - [MESSAGE][PASSED] - Browser is opened with url: 'https://qa.velocitypayment.com/agency/config.do?action=editor&message_version=2_5'

25-09-2024T18:07:09 - [MESSAGE][PASSED] - Current window maximized

25-09-2024T18:07:10 - [MESSAGE][PASSED] - All options with value '2.5' are selected in object 'Object Repository/IWP30/Page_VRelay30Emulator/MV'  using regular expression

25-09-2024T18:07:10 - [MESSAGE][PASSED] - Text '10.50' is set on object 'Object Repository/IWP30/Page_VRelay30Emulator/Amount'

25-09-2024T18:07:11 - [MESSAGE][PASSED] - Text '9AbuAwoqiPOJ' is set on object 'Object Repository/IWP30/Page_VRelay30Emulator/CAN'

25-09-2024T18:07:12 - [MESSAGE][PASSED] - Text 'PayNow' is set on object 'Object Repository/IWP30/Page_VRelay30Emulator/Action'

25-09-2024T18:07:12 - [MESSAGE][PASSED] - Text 'en_US' is set on object 'Object Repository/IWP30/Page_VRelay30Emulator/Lang'

25-09-2024T18:07:13 - [MESSAGE][PASSED] - Text '' is set on object 'Object Repository/IWP30/Page_VRelay30Emulator/Fname'

25-09-2024T18:07:14 - [MESSAGE][PASSED] - Text '' is set on object 'Object Repository/IWP30/Page_VRelay30Emulator/Lname'

25-09-2024T18:07:14 - [MESSAGE][PASSED] - Text '' is set on object 'Object Repository/IWP30/Page_VRelay30Emulator/AL1'

25-09-2024T18:07:15 - [MESSAGE][PASSED] - Text '' is set on object 'Object Repository/IWP30/Page_VRelay30Emulator/AL2'

25-09-2024T18:07:15 - [MESSAGE][PASSED] - Text '' is set on object 'Object Repository/IWP30/Page_VRelay30Emulator/Country'

25-09-2024T18:07:16 - [MESSAGE][PASSED] - Text '' is set on object 'Object Repository/IWP30/Page_VRelay30Emulator/City'

25-09-2024T18:07:16 - [MESSAGE][PASSED] - Text '' is set on object 'Object Repository/IWP30/Page_VRelay30Emulator/State'

25-09-2024T18:07:17 - [MESSAGE][PASSED] - Text '' is set on object 'Object Repository/IWP30/Page_VRelay30Emulator/ZIP'

25-09-2024T18:07:18 - [MESSAGE][PASSED] - Text '' is set on object 'Object Repository/IWP30/Page_VRelay30Emulator/Order'

25-09-2024T18:07:18 - [MESSAGE][PASSED] - Text '' is set on object 'Object Repository/IWP30/Page_VRelay30Emulator/Company'

25-09-2024T18:07:19 - [MESSAGE][PASSED] - Text '' is set on object 'Object Repository/IWP30/Page_VRelay30Emulator/Email'

25-09-2024T18:07:19 - [MESSAGE][PASSED] - Text '' is set on object 'Object Repository/IWP30/Page_VRelay30Emulator/UDF1'

25-09-2024T18:07:20 - [MESSAGE][PASSED] - Text '' is set on object 'Object Repository/IWP30/Page_VRelay30Emulator/UDF2'

25-09-2024T18:07:21 - [MESSAGE][PASSED] - Text '' is set on object 'Object Repository/IWP30/Page_VRelay30Emulator/UDF3'

25-09-2024T18:07:21 - [MESSAGE][PASSED] - Text 'udf data 4' is set on object 'Object Repository/IWP30/Page_VRelay30Emulator/UDF4'

25-09-2024T18:07:22 - [MESSAGE][PASSED] - Text 'udf data 5' is set on object 'Object Repository/IWP30/Page_VRelay30Emulator/UDF5'

25-09-2024T18:07:22 - [MESSAGE][PASSED] - Text '' is set on object 'Object Repository/IWP30/Page_VRelay30Emulator/UDF6'

25-09-2024T18:07:23 - [MESSAGE][PASSED] - Text '' is set on object 'Object Repository/IWP30/Page_VRelay30Emulator/UDF7'

25-09-2024T18:07:23 - [MESSAGE][PASSED] - Text '' is set on object 'Object Repository/IWP30/Page_VRelay30Emulator/UDF8'

25-09-2024T18:07:24 - [MESSAGE][PASSED] - Text 'udf data 9' is set on object 'Object Repository/IWP30/Page_VRelay30Emulator/UDF9'

25-09-2024T18:07:25 - [MESSAGE][PASSED] - Text 'udf data 10' is set on object 'Object Repository/IWP30/Page_VRelay30Emulator/UDF10'

25-09-2024T18:07:26 - [MESSAGE][PASSED] - Object: 'Object Repository/IWP30/Page_VRelay30Emulator/Submit' is clicked on

25-09-2024T18:07:31 - [MESSAGE][PASSED] - Browser is closed

25-09-2024T18:07:35 - [MESSAGE][PASSED] - iwpPages.emulatorIWP30.setDataEmulator_DD is PASSED

25-09-2024T18:07:35 - [TEST_STEP][PASSED] - testHarnessURL = urlTestHarness: null

25-09-2024T18:07:35 - [TEST_STEP][PASSED] - openBrowser(testHarnessURL): Browser is opened with url: 'https://dev-algorithm.govolution.com/vrelaytest/QA/version_2_2/vrelaytest.html'

25-09-2024T18:07:35 - [MESSAGE][INFO] - Starting 'Edge Chromium' driver

25-09-2024T18:07:35 - [MESSAGE][INFO] - User set preference: ['acceptInsecureCerts', 'true']

25-09-2024T18:07:37 - [MESSAGE][INFO] - Action delay is set to 0 milliseconds

25-09-2024T18:07:40 - [MESSAGE][PASSED] - Browser is opened with url: 'https://dev-algorithm.govolution.com/vrelaytest/QA/version_2_2/vrelaytest.html'

25-09-2024T18:07:40 - [TEST_STEP][PASSED] - maximizeWindow(): Current window maximized

25-09-2024T18:07:40 - [MESSAGE][PASSED] - Current window maximized

25-09-2024T18:07:40 - [TEST_STEP][PASSED] - iwpPages.TestHarnessPage.setDataMethod(row, dataFile): iwpPages.TestHarnessPage.setDataMethod is PASSED

25-09-2024T18:07:41 - [MESSAGE][PASSED] - Object 'Object Repository/IWP30/Page_QATestHarness/RemittanceID' is present

25-09-2024T18:07:41 - [MESSAGE][PASSED] - Text '638' is set on object 'Object Repository/IWP30/Page_QATestHarness/ApplicationID'

25-09-2024T18:07:42 - [MESSAGE][PASSED] - Text '2.5' is set on object 'Object Repository/IWP30/Page_QATestHarness/MessageVersion'

25-09-2024T18:07:43 - [MESSAGE][PASSED] - Text 'tOCCCxCcVPZw' is set on object 'Object Repository/IWP30/Page_QATestHarness/RemittanceID'

25-09-2024T18:07:45 - [MESSAGE][PASSED] - Object: 'Object Repository/IWP30/Page_QATestHarness/SubmitButton' is clicked on

25-09-2024T18:07:45 - [MESSAGE][PASSED] - iwpPages.TestHarnessPage.setDataMethod is PASSED

25-09-2024T18:07:45 - [TEST_STEP][PASSED] - click(findTestObject("Object Repository/IWP30/Page_SelectPaymentMethod/PayByCorporateCheck")): Object: 'Object Repository/IWP30/Page_SelectPaymentMethod/PayByCorporateCheck' is clicked on

25-09-2024T18:07:46 - [MESSAGE][PASSED] - Object: 'Object Repository/IWP30/Page_SelectPaymentMethod/PayByCorporateCheck' is clicked on

25-09-2024T18:07:46 - [TEST_STEP][PASSED] - click(findTestObject("Object Repository/IWP30/Page_SelectPaymentMethod/MakePaymentButton")): Object: 'Object Repository/IWP30/Page_SelectPaymentMethod/MakePaymentButton' is clicked on

25-09-2024T18:07:48 - [MESSAGE][PASSED] - Object: 'Object Repository/IWP30/Page_SelectPaymentMethod/MakePaymentButton' is clicked on

25-09-2024T18:07:48 - [TEST_STEP][PASSED] - click(findTestObject("Object Repository/IWP30/Page_ACHCorporatePaymentEntry/btn_Continue")): Object: 'Object Repository/IWP30/Page_ACHCorporatePaymentEntry/btn_Continue' is clicked on

25-09-2024T18:07:50 - [MESSAGE][PASSED] - Object: 'Object Repository/IWP30/Page_ACHCorporatePaymentEntry/btn_Continue' is clicked on

25-09-2024T18:07:50 - [TEST_STEP][PASSED] - Thread.sleep(5000): null

25-09-2024T18:07:55 - [TEST_STEP][PASSED] - if (verifyTextPresent("UDF3 Label is required", false)): null

25-09-2024T18:07:55 - [MESSAGE][PASSED] - Text 'UDF3 Label is required' is present on page 

25-09-2024T18:07:55 - [TEST_STEP][PASSED] - isRequiredTextPresent = true: null

25-09-2024T18:07:55 - [TEST_STEP][PASSED] - if (isRequiredTextPresent): null

25-09-2024T18:07:55 - [TEST_STEP][PASSED] - if (verifyTextPresent("UDF8 Label is required", false)): null

25-09-2024T18:07:56 - [MESSAGE][PASSED] - Text 'UDF8 Label is required' is present on page 

25-09-2024T18:07:56 - [TEST_STEP][PASSED] - isRequiredTextPresent = true: null

25-09-2024T18:07:56 - [TEST_STEP][PASSED] - if (isRequiredTextPresent): null

25-09-2024T18:07:56 - [TEST_STEP][PASSED] - if (verifyTextPresent("Company Name is required", false)): null

25-09-2024T18:07:56 - [MESSAGE][PASSED] - Text 'Company Name is required' is present on page 

25-09-2024T18:07:56 - [TEST_STEP][PASSED] - isRequiredTextPresent = true: null

25-09-2024T18:07:56 - [TEST_STEP][PASSED] - if (isRequiredTextPresent): null

25-09-2024T18:07:56 - [TEST_STEP][PASSED] - if (verifyTextPresent("Routing number is required", false)): null

25-09-2024T18:07:56 - [MESSAGE][PASSED] - Text 'Routing number is required' is present on page 

25-09-2024T18:07:56 - [TEST_STEP][PASSED] - isRequiredTextPresent = true: null

25-09-2024T18:07:56 - [TEST_STEP][PASSED] - if (isRequiredTextPresent): null

25-09-2024T18:07:56 - [TEST_STEP][PASSED] - if (verifyTextPresent("Account number is required", false)): null

25-09-2024T18:07:56 - [MESSAGE][PASSED] - Text 'Account number is required' is present on page 

25-09-2024T18:07:56 - [TEST_STEP][PASSED] - isRequiredTextPresent = true: null

25-09-2024T18:07:56 - [TEST_STEP][PASSED] - if (isRequiredTextPresent): null

25-09-2024T18:07:56 - [TEST_STEP][PASSED] - if (verifyTextPresent("The Confirm Account Number field is a required field.", false)): null

25-09-2024T18:07:57 - [MESSAGE][PASSED] - Text 'The Confirm Account Number field is a required field.' is present on page 

25-09-2024T18:07:57 - [TEST_STEP][PASSED] - isRequiredTextPresent = true: null

25-09-2024T18:07:57 - [TEST_STEP][PASSED] - if (isRequiredTextPresent): null

25-09-2024T18:07:57 - [TEST_STEP][PASSED] - if (verifyTextPresent("Address Line 1 is required", false)): null

25-09-2024T18:07:57 - [MESSAGE][PASSED] - Text 'Address Line 1 is required' is present on page 

25-09-2024T18:07:57 - [TEST_STEP][PASSED] - isRequiredTextPresent = true: null

25-09-2024T18:07:57 - [TEST_STEP][PASSED] - if (isRequiredTextPresent): null

25-09-2024T18:07:57 - [TEST_STEP][PASSED] - if (verifyTextPresent("ZIP Code is required", false)): null

25-09-2024T18:07:57 - [MESSAGE][PASSED] - Text 'ZIP Code is required' is present on page 

25-09-2024T18:07:57 - [TEST_STEP][PASSED] - isRequiredTextPresent = true: null

25-09-2024T18:07:57 - [TEST_STEP][PASSED] - if (isRequiredTextPresent): null

25-09-2024T18:07:57 - [TEST_STEP][PASSED] - if (verifyTextPresent("City is required", false)): null

25-09-2024T18:07:58 - [MESSAGE][PASSED] - Text 'City is required' is present on page 

25-09-2024T18:07:58 - [TEST_STEP][PASSED] - isRequiredTextPresent = true: null

25-09-2024T18:07:58 - [TEST_STEP][PASSED] - if (isRequiredTextPresent): null

25-09-2024T18:07:58 - [TEST_STEP][PASSED] - if (verifyTextPresent("State is required", false)): null

25-09-2024T18:07:58 - [MESSAGE][PASSED] - Text 'State is required' is present on page 

25-09-2024T18:07:58 - [TEST_STEP][PASSED] - isRequiredTextPresent = true: null

25-09-2024T18:07:58 - [TEST_STEP][PASSED] - if (isRequiredTextPresent): null

25-09-2024T18:07:58 - [TEST_STEP][PASSED] - if (verifyTextPresent("Email address is required.", false)): null

25-09-2024T18:07:58 - [MESSAGE][PASSED] - Text 'Email address is required.' is present on page 

25-09-2024T18:07:58 - [TEST_STEP][PASSED] - isRequiredTextPresent = true: null

25-09-2024T18:07:58 - [TEST_STEP][PASSED] - if (isRequiredTextPresent): null

25-09-2024T18:07:58 - [TEST_STEP][PASSED] - if (verifyTextPresent("You must review and accept the ACH terms and conditions in order to process an electronic debit transaction.", false)): null

25-09-2024T18:07:59 - [MESSAGE][PASSED] - Text 'You must review and accept the ACH terms and conditions in order to process an electronic debit transaction.' is present on page 

25-09-2024T18:07:59 - [TEST_STEP][PASSED] - isRequiredTextPresent = true: null

25-09-2024T18:07:59 - [TEST_STEP][PASSED] - if (isRequiredTextPresent): pages.WriteExcel.demoKey is PASSED

25-09-2024T18:07:59 - [TEST_STEP][PASSED] - println("All the missing required fields error messages are present"): null

25-09-2024T18:07:59 - [TEST_STEP][PASSED] - markPassed("All the missing required fields error messages are present"): All the missing required fields error messages are present

25-09-2024T18:07:59 - [MESSAGE][PASSED] - All the missing required fields error messages are present

25-09-2024T18:07:59 - [TEST_STEP][PASSED] - resText = "Pass": null

25-09-2024T18:07:59 - [TEST_STEP][PASSED] - pages.WriteExcel.demoKey(resText, datText, resColumn, datCloumn, fileLoc, nameSheet, row): pages.WriteExcel.demoKey is PASSED

25-09-2024T18:07:59 - [MESSAGE][PASSED] - pages.WriteExcel.demoKey is PASSED

25-09-2024T18:07:59 - [TEST_STEP][PASSED] - closeBrowser(): Browser is closed

25-09-2024T18:07:59 - [MESSAGE][PASSED] - Browser is closed]]></system-out>
         <system-err><![CDATA[]]></system-err>
      </testcase>
      <testcase name="Test Cases/IntegratedWeb/IWP25/Error/NoOverPayErrorCC" time="69.466" classname="Test Cases/IntegratedWeb/IWP25/Error/NoOverPayErrorCC" status="PASSED">
         <system-out><![CDATA[25-09-2024T18:07:59 - [TEST_CASE][PASSED] - Test Cases/IntegratedWeb/IWP25/Error/NoOverPayErrorCC: Test Cases/IntegratedWeb/IWP25/Error/NoOverPayErrorCC

25-09-2024T18:08:00 - [TEST_STEP][PASSED] - resText = "Fail": null

25-09-2024T18:08:00 - [TEST_STEP][PASSED] - resColumn = "Result": null

25-09-2024T18:08:00 - [TEST_STEP][PASSED] - datCloumn = "Date": null

25-09-2024T18:08:00 - [TEST_STEP][PASSED] - fileLoc = "KatalonData/IWPTestData/VRelay25Payments.xlsx": null

25-09-2024T18:08:00 - [TEST_STEP][PASSED] - numOfRows = <not implemented yet for class: org.codehaus.groovy.ast.expr.EmptyExpression>: null

25-09-2024T18:08:00 - [TEST_STEP][PASSED] - dataFile = <not implemented yet for class: org.codehaus.groovy.ast.expr.EmptyExpression>: null

25-09-2024T18:08:00 - [TEST_STEP][PASSED] - nameSheet = <not implemented yet for class: org.codehaus.groovy.ast.expr.EmptyExpression>: null

25-09-2024T18:08:00 - [TEST_STEP][PASSED] - dataFileEmulator = <not implemented yet for class: org.codehaus.groovy.ast.expr.EmptyExpression>: null

25-09-2024T18:08:00 - [TEST_STEP][PASSED] - nameSheet = "NoOverPayErrorCC": null

25-09-2024T18:08:00 - [TEST_STEP][PASSED] - dataFile = "IWPTestData/IWP25NoOverPayErrorCC": null

25-09-2024T18:08:00 - [TEST_STEP][PASSED] - dataFileEmulator = "IWPTestData/EmulatorData": null

25-09-2024T18:08:00 - [TEST_STEP][PASSED] - numOfRows = findTestData(dataFile).getRowNumbers(): null

25-09-2024T18:08:00 - [TEST_STEP][PASSED] - println("Number of Records: " + numOfRows): null

25-09-2024T18:08:00 - [TEST_STEP][PASSED] - for ([row = 1, row <= numOfRows, (row++)]): Browser is closed

25-09-2024T18:08:00 - [TEST_STEP][PASSED] - ExecuteTC = findTestData(dataFile).getValue("Execute", row): null

25-09-2024T18:08:00 - [TEST_STEP][PASSED] - out.println("Value of Execute is : " + ExecuteTC): null

25-09-2024T18:08:00 - [TEST_STEP][PASSED] - if (ExecuteTC.equalsIgnoreCase("Y")): null

25-09-2024T18:08:00 - [TEST_STEP][PASSED] - out.println("Begin Record Number: " + row): null

25-09-2024T18:08:00 - [TEST_STEP][PASSED] - today = new java.util.Date(): null

25-09-2024T18:08:00 - [TEST_STEP][PASSED] - println(today): null

25-09-2024T18:08:00 - [TEST_STEP][PASSED] - datText = today: null

25-09-2024T18:08:00 - [TEST_STEP][PASSED] - EmulatorDataKey = findTestData(dataFile).getValue("EmulatorData", row): null

25-09-2024T18:08:00 - [TEST_STEP][PASSED] - out.println("Value of Emulator Key is : " + EmulatorDataKey): null

25-09-2024T18:08:00 - [TEST_STEP][PASSED] - iwpPages.emulatorIWP30.setDataEmulator_DD(EmulatorDataKey): iwpPages.emulatorIWP30.setDataEmulator_DD is PASSED

25-09-2024T18:08:00 - [MESSAGE][INFO] - Starting 'Edge Chromium' driver

25-09-2024T18:08:00 - [MESSAGE][INFO] - User set preference: ['acceptInsecureCerts', 'true']

25-09-2024T18:08:02 - [MESSAGE][INFO] - Action delay is set to 0 milliseconds

25-09-2024T18:08:05 - [MESSAGE][PASSED] - Browser is opened with url: 'https://qa.velocitypayment.com/agency/config.do?action=editor&message_version=2_5'

25-09-2024T18:08:05 - [MESSAGE][PASSED] - Current window maximized

25-09-2024T18:08:06 - [MESSAGE][PASSED] - All options with value '2.5' are selected in object 'Object Repository/IWP30/Page_VRelay30Emulator/MV'  using regular expression

25-09-2024T18:08:07 - [MESSAGE][PASSED] - Text '10.50' is set on object 'Object Repository/IWP30/Page_VRelay30Emulator/Amount'

25-09-2024T18:08:08 - [MESSAGE][PASSED] - Text 'YDdlQPThwPDs' is set on object 'Object Repository/IWP30/Page_VRelay30Emulator/CAN'

25-09-2024T18:08:08 - [MESSAGE][PASSED] - Text 'PayNow' is set on object 'Object Repository/IWP30/Page_VRelay30Emulator/Action'

25-09-2024T18:08:09 - [MESSAGE][PASSED] - Text 'en_US' is set on object 'Object Repository/IWP30/Page_VRelay30Emulator/Lang'

25-09-2024T18:08:09 - [MESSAGE][PASSED] - Text 'Curlonty' is set on object 'Object Repository/IWP30/Page_VRelay30Emulator/Fname'

25-09-2024T18:08:10 - [MESSAGE][PASSED] - Text 'Lachuga' is set on object 'Object Repository/IWP30/Page_VRelay30Emulator/Lname'

25-09-2024T18:08:11 - [MESSAGE][PASSED] - Text '258 Underwood rd' is set on object 'Object Repository/IWP30/Page_VRelay30Emulator/AL1'

25-09-2024T18:08:11 - [MESSAGE][PASSED] - Text 'Suite 600' is set on object 'Object Repository/IWP30/Page_VRelay30Emulator/AL2'

25-09-2024T18:08:12 - [MESSAGE][PASSED] - Text '840' is set on object 'Object Repository/IWP30/Page_VRelay30Emulator/Country'

25-09-2024T18:08:13 - [MESSAGE][PASSED] - Text 'Arlington' is set on object 'Object Repository/IWP30/Page_VRelay30Emulator/City'

25-09-2024T18:08:13 - [MESSAGE][PASSED] - Text 'VA' is set on object 'Object Repository/IWP30/Page_VRelay30Emulator/State'

25-09-2024T18:08:14 - [MESSAGE][PASSED] - Text '22201' is set on object 'Object Repository/IWP30/Page_VRelay30Emulator/ZIP'

25-09-2024T18:08:14 - [MESSAGE][PASSED] - Text '' is set on object 'Object Repository/IWP30/Page_VRelay30Emulator/Order'

25-09-2024T18:08:15 - [MESSAGE][PASSED] - Text '' is set on object 'Object Repository/IWP30/Page_VRelay30Emulator/Company'

25-09-2024T18:08:16 - [MESSAGE][PASSED] - Text '' is set on object 'Object Repository/IWP30/Page_VRelay30Emulator/Email'

25-09-2024T18:08:16 - [MESSAGE][PASSED] - Text 'udf data 1' is set on object 'Object Repository/IWP30/Page_VRelay30Emulator/UDF1'

25-09-2024T18:08:17 - [MESSAGE][PASSED] - Text 'udf data 2' is set on object 'Object Repository/IWP30/Page_VRelay30Emulator/UDF2'

25-09-2024T18:08:17 - [MESSAGE][PASSED] - Text '' is set on object 'Object Repository/IWP30/Page_VRelay30Emulator/UDF3'

25-09-2024T18:08:18 - [MESSAGE][PASSED] - Text '' is set on object 'Object Repository/IWP30/Page_VRelay30Emulator/UDF4'

25-09-2024T18:08:19 - [MESSAGE][PASSED] - Text '' is set on object 'Object Repository/IWP30/Page_VRelay30Emulator/UDF5'

25-09-2024T18:08:19 - [MESSAGE][PASSED] - Text '' is set on object 'Object Repository/IWP30/Page_VRelay30Emulator/UDF6'

25-09-2024T18:08:20 - [MESSAGE][PASSED] - Text '' is set on object 'Object Repository/IWP30/Page_VRelay30Emulator/UDF7'

25-09-2024T18:08:20 - [MESSAGE][PASSED] - Text '' is set on object 'Object Repository/IWP30/Page_VRelay30Emulator/UDF8'

25-09-2024T18:08:21 - [MESSAGE][PASSED] - Text '' is set on object 'Object Repository/IWP30/Page_VRelay30Emulator/UDF9'

25-09-2024T18:08:22 - [MESSAGE][PASSED] - Text '' is set on object 'Object Repository/IWP30/Page_VRelay30Emulator/UDF10'

25-09-2024T18:08:23 - [MESSAGE][PASSED] - Object: 'Object Repository/IWP30/Page_VRelay30Emulator/Submit' is clicked on

25-09-2024T18:08:27 - [MESSAGE][PASSED] - Browser is closed

25-09-2024T18:08:31 - [MESSAGE][PASSED] - iwpPages.emulatorIWP30.setDataEmulator_DD is PASSED

25-09-2024T18:08:31 - [TEST_STEP][PASSED] - testHarnessURL = urlTestHarness: null

25-09-2024T18:08:31 - [TEST_STEP][PASSED] - openBrowser(testHarnessURL): Browser is opened with url: 'https://dev-algorithm.govolution.com/vrelaytest/QA/version_2_2/vrelaytest.html'

25-09-2024T18:08:31 - [MESSAGE][INFO] - Starting 'Edge Chromium' driver

25-09-2024T18:08:31 - [MESSAGE][INFO] - User set preference: ['acceptInsecureCerts', 'true']

25-09-2024T18:08:33 - [MESSAGE][INFO] - Action delay is set to 0 milliseconds

25-09-2024T18:08:37 - [MESSAGE][PASSED] - Browser is opened with url: 'https://dev-algorithm.govolution.com/vrelaytest/QA/version_2_2/vrelaytest.html'

25-09-2024T18:08:37 - [TEST_STEP][PASSED] - maximizeWindow(): Current window maximized

25-09-2024T18:08:37 - [MESSAGE][PASSED] - Current window maximized

25-09-2024T18:08:37 - [TEST_STEP][PASSED] - iwpPages.TestHarnessPage.setDataMethod(row, dataFile): iwpPages.TestHarnessPage.setDataMethod is PASSED

25-09-2024T18:08:37 - [MESSAGE][PASSED] - Object 'Object Repository/IWP30/Page_QATestHarness/RemittanceID' is present

25-09-2024T18:08:38 - [MESSAGE][PASSED] - Text '652' is set on object 'Object Repository/IWP30/Page_QATestHarness/ApplicationID'

25-09-2024T18:08:39 - [MESSAGE][PASSED] - Text '2.5' is set on object 'Object Repository/IWP30/Page_QATestHarness/MessageVersion'

25-09-2024T18:08:39 - [MESSAGE][PASSED] - Text '4Cb7IPpgxefz' is set on object 'Object Repository/IWP30/Page_QATestHarness/RemittanceID'

25-09-2024T18:08:43 - [MESSAGE][PASSED] - Object: 'Object Repository/IWP30/Page_QATestHarness/SubmitButton' is clicked on

25-09-2024T18:08:43 - [MESSAGE][PASSED] - iwpPages.TestHarnessPage.setDataMethod is PASSED

25-09-2024T18:08:43 - [TEST_STEP][PASSED] - click(findTestObject("Object Repository/IWP30/Page_SelectPaymentMethod/PayByCreditCard")): Object: 'Object Repository/IWP30/Page_SelectPaymentMethod/PayByCreditCard' is clicked on

25-09-2024T18:08:44 - [MESSAGE][PASSED] - Object: 'Object Repository/IWP30/Page_SelectPaymentMethod/PayByCreditCard' is clicked on

25-09-2024T18:08:44 - [TEST_STEP][PASSED] - click(findTestObject("Object Repository/IWP30/Page_SelectPaymentMethod/MakePaymentButton")): Object: 'Object Repository/IWP30/Page_SelectPaymentMethod/MakePaymentButton' is clicked on

25-09-2024T18:08:45 - [MESSAGE][PASSED] - Object: 'Object Repository/IWP30/Page_SelectPaymentMethod/MakePaymentButton' is clicked on

25-09-2024T18:08:45 - [TEST_STEP][PASSED] - iwpPages.ccPaymentEntryPage.setDataCCPM(row, dataFile): iwpPages.ccPaymentEntryPage.setDataCCPM is PASSED

25-09-2024T18:08:46 - [MESSAGE][PASSED] - Object 'Object Repository/IWP30/Page_CCPaymentEntry/Name' is present

25-09-2024T18:08:47 - [MESSAGE][PASSED] - Text '11.50' is set on object 'Object Repository/IWP30/Page_CCPaymentEntry/Amount'

25-09-2024T18:08:47 - [MESSAGE][PASSED] - Object 'Object Repository/IWP30/Page_CCPaymentEntry/Name' is present

25-09-2024T18:08:48 - [MESSAGE][PASSED] - Text 'Kavita Ranawati' is set on object 'Object Repository/IWP30/Page_CCPaymentEntry/Name'

25-09-2024T18:08:48 - [MESSAGE][PASSED] - Object 'Object Repository/IWP30/Page_CCPaymentEntry/CardNumber' is present

25-09-2024T18:08:49 - [MESSAGE][PASSED] - Text '4111111111111111' is set on object 'Object Repository/IWP30/Page_CCPaymentEntry/CardNumber'

25-09-2024T18:08:49 - [MESSAGE][PASSED] - Object 'Object Repository/IWP30/Page_CCPaymentEntry/Month' is present

25-09-2024T18:08:49 - [MESSAGE][PASSED] - All options with label '09' are selected in object 'Object Repository/IWP30/Page_CCPaymentEntry/Month' 

25-09-2024T18:08:51 - [MESSAGE][PASSED] - Object 'Object Repository/IWP30/Page_CCPaymentEntry/Year' is present

25-09-2024T18:08:51 - [MESSAGE][PASSED] - All options with label '2028' are selected in object 'Object Repository/IWP30/Page_CCPaymentEntry/Year' 

25-09-2024T18:08:52 - [MESSAGE][PASSED] - Text '365 Main Avenue' is set on object 'Object Repository/IWP30/Page_CCPaymentEntry/AL1'

25-09-2024T18:08:53 - [MESSAGE][PASSED] - Text '22201' is set on object 'Object Repository/IWP30/Page_CCPaymentEntry/ZIP'

25-09-2024T18:08:53 - [MESSAGE][PASSED] - Object 'Object Repository/IWP30/Page_CCPaymentEntry/EmailAddress' is present

25-09-2024T18:08:54 - [MESSAGE][PASSED] - Text 'iahmed@govolution.com' is set on object 'Object Repository/IWP30/Page_CCPaymentEntry/EmailAddress'

25-09-2024T18:08:54 - [MESSAGE][PASSED] - Object 'Object Repository/IWP30/Page_CCPaymentEntry/TermCondCheckBox' is present

25-09-2024T18:08:55 - [MESSAGE][PASSED] - Object 'Object Repository/IWP30/Page_CCPaymentEntry/TermCondCheckBox' is checked

25-09-2024T18:08:55 - [MESSAGE][PASSED] - Object 'Object Repository/IWP30/Page_CCPaymentEntry/ContinueButton' is present

25-09-2024T18:08:58 - [MESSAGE][PASSED] - Object: 'Object Repository/IWP30/Page_CCPaymentEntry/ContinueButton' is clicked on

25-09-2024T18:08:58 - [MESSAGE][PASSED] - iwpPages.ccPaymentEntryPage.setDataCCPM is PASSED

25-09-2024T18:08:58 - [TEST_STEP][PASSED] - Thread.sleep(10000): null

25-09-2024T18:09:08 - [TEST_STEP][PASSED] - if (verifyTextPresent("Payment amounts more than 10.50 are not accepted", false)): null

25-09-2024T18:09:08 - [MESSAGE][PASSED] - Text 'Payment amounts more than 10.50 are not accepted' is present on page 

25-09-2024T18:09:08 - [TEST_STEP][PASSED] - println("Over Pay Error message shown"): null

25-09-2024T18:09:08 - [TEST_STEP][PASSED] - markPassed("Over Pay Error message shown"): Over Pay Error message shown

25-09-2024T18:09:08 - [MESSAGE][PASSED] - Over Pay Error message shown

25-09-2024T18:09:08 - [TEST_STEP][PASSED] - resText = "Pass": null

25-09-2024T18:09:08 - [TEST_STEP][PASSED] - pages.WriteExcel.demoKey(resText, datText, resColumn, datCloumn, fileLoc, nameSheet, row): pages.WriteExcel.demoKey is PASSED

25-09-2024T18:09:08 - [MESSAGE][PASSED] - pages.WriteExcel.demoKey is PASSED

25-09-2024T18:09:08 - [TEST_STEP][PASSED] - closeBrowser(): Browser is closed

25-09-2024T18:09:09 - [MESSAGE][PASSED] - Browser is closed]]></system-out>
         <system-err><![CDATA[]]></system-err>
      </testcase>
      <testcase name="Test Cases/IntegratedWeb/IWP25/Error/NoOverPayErrorCorp" time="66.798" classname="Test Cases/IntegratedWeb/IWP25/Error/NoOverPayErrorCorp" status="PASSED">
         <system-out><![CDATA[25-09-2024T18:09:09 - [TEST_CASE][PASSED] - Test Cases/IntegratedWeb/IWP25/Error/NoOverPayErrorCorp: Test Cases/IntegratedWeb/IWP25/Error/NoOverPayErrorCorp

25-09-2024T18:09:09 - [TEST_STEP][PASSED] - resText = "Fail": null

25-09-2024T18:09:09 - [TEST_STEP][PASSED] - resColumn = "Result": null

25-09-2024T18:09:09 - [TEST_STEP][PASSED] - datCloumn = "Date": null

25-09-2024T18:09:09 - [TEST_STEP][PASSED] - fileLoc = "KatalonData/IWPTestData/VRelay25Payments.xlsx": null

25-09-2024T18:09:09 - [TEST_STEP][PASSED] - numOfRows = <not implemented yet for class: org.codehaus.groovy.ast.expr.EmptyExpression>: null

25-09-2024T18:09:09 - [TEST_STEP][PASSED] - dataFile = <not implemented yet for class: org.codehaus.groovy.ast.expr.EmptyExpression>: null

25-09-2024T18:09:09 - [TEST_STEP][PASSED] - nameSheet = <not implemented yet for class: org.codehaus.groovy.ast.expr.EmptyExpression>: null

25-09-2024T18:09:09 - [TEST_STEP][PASSED] - dataFileEmulator = <not implemented yet for class: org.codehaus.groovy.ast.expr.EmptyExpression>: null

25-09-2024T18:09:09 - [TEST_STEP][PASSED] - nameSheet = "NoOverPayErrorCorp": null

25-09-2024T18:09:09 - [TEST_STEP][PASSED] - dataFile = "IWPTestData/IWP25NoOverPayErrorCorp": null

25-09-2024T18:09:09 - [TEST_STEP][PASSED] - dataFileEmulator = "IWPTestData/EmulatorData": null

25-09-2024T18:09:09 - [TEST_STEP][PASSED] - numOfRows = findTestData(dataFile).getRowNumbers(): null

25-09-2024T18:09:09 - [TEST_STEP][PASSED] - println("Number of Records: " + numOfRows): null

25-09-2024T18:09:09 - [TEST_STEP][PASSED] - for ([row = 1, row <= numOfRows, (row++)]): Browser is closed

25-09-2024T18:09:09 - [TEST_STEP][PASSED] - ExecuteTC = findTestData(dataFile).getValue("Execute", row): null

25-09-2024T18:09:09 - [TEST_STEP][PASSED] - out.println("Value of Execute is : " + ExecuteTC): null

25-09-2024T18:09:09 - [TEST_STEP][PASSED] - if (ExecuteTC.equalsIgnoreCase("Y")): null

25-09-2024T18:09:09 - [TEST_STEP][PASSED] - out.println("Begin Record Number: " + row): null

25-09-2024T18:09:09 - [TEST_STEP][PASSED] - today = new java.util.Date(): null

25-09-2024T18:09:09 - [TEST_STEP][PASSED] - println(today): null

25-09-2024T18:09:09 - [TEST_STEP][PASSED] - datText = today: null

25-09-2024T18:09:09 - [TEST_STEP][PASSED] - EmulatorDataKey = findTestData(dataFile).getValue("EmulatorData", row): null

25-09-2024T18:09:09 - [TEST_STEP][PASSED] - out.println("Value of Emulator Key is : " + EmulatorDataKey): null

25-09-2024T18:09:09 - [TEST_STEP][PASSED] - iwpPages.emulatorIWP30.setDataEmulator_DD(EmulatorDataKey): iwpPages.emulatorIWP30.setDataEmulator_DD is PASSED

25-09-2024T18:09:09 - [MESSAGE][INFO] - Starting 'Edge Chromium' driver

25-09-2024T18:09:09 - [MESSAGE][INFO] - User set preference: ['acceptInsecureCerts', 'true']

25-09-2024T18:09:12 - [MESSAGE][INFO] - Action delay is set to 0 milliseconds

25-09-2024T18:09:14 - [MESSAGE][PASSED] - Browser is opened with url: 'https://qa.velocitypayment.com/agency/config.do?action=editor&message_version=2_5'

25-09-2024T18:09:15 - [MESSAGE][PASSED] - Current window maximized

25-09-2024T18:09:15 - [MESSAGE][PASSED] - All options with value '2.5' are selected in object 'Object Repository/IWP30/Page_VRelay30Emulator/MV'  using regular expression

25-09-2024T18:09:16 - [MESSAGE][PASSED] - Text '10.50' is set on object 'Object Repository/IWP30/Page_VRelay30Emulator/Amount'

25-09-2024T18:09:17 - [MESSAGE][PASSED] - Text 'yiyS3GvYz5iO' is set on object 'Object Repository/IWP30/Page_VRelay30Emulator/CAN'

25-09-2024T18:09:17 - [MESSAGE][PASSED] - Text 'PayNow' is set on object 'Object Repository/IWP30/Page_VRelay30Emulator/Action'

25-09-2024T18:09:18 - [MESSAGE][PASSED] - Text 'en_US' is set on object 'Object Repository/IWP30/Page_VRelay30Emulator/Lang'

25-09-2024T18:09:19 - [MESSAGE][PASSED] - Text 'Curlonty' is set on object 'Object Repository/IWP30/Page_VRelay30Emulator/Fname'

25-09-2024T18:09:19 - [MESSAGE][PASSED] - Text 'Lachuga' is set on object 'Object Repository/IWP30/Page_VRelay30Emulator/Lname'

25-09-2024T18:09:20 - [MESSAGE][PASSED] - Text '258 Underwood rd' is set on object 'Object Repository/IWP30/Page_VRelay30Emulator/AL1'

25-09-2024T18:09:21 - [MESSAGE][PASSED] - Text 'Suite 600' is set on object 'Object Repository/IWP30/Page_VRelay30Emulator/AL2'

25-09-2024T18:09:21 - [MESSAGE][PASSED] - Text '840' is set on object 'Object Repository/IWP30/Page_VRelay30Emulator/Country'

25-09-2024T18:09:22 - [MESSAGE][PASSED] - Text 'Arlington' is set on object 'Object Repository/IWP30/Page_VRelay30Emulator/City'

25-09-2024T18:09:22 - [MESSAGE][PASSED] - Text 'VA' is set on object 'Object Repository/IWP30/Page_VRelay30Emulator/State'

25-09-2024T18:09:23 - [MESSAGE][PASSED] - Text '22201' is set on object 'Object Repository/IWP30/Page_VRelay30Emulator/ZIP'

25-09-2024T18:09:24 - [MESSAGE][PASSED] - Text '' is set on object 'Object Repository/IWP30/Page_VRelay30Emulator/Order'

25-09-2024T18:09:24 - [MESSAGE][PASSED] - Text '' is set on object 'Object Repository/IWP30/Page_VRelay30Emulator/Company'

25-09-2024T18:09:25 - [MESSAGE][PASSED] - Text '' is set on object 'Object Repository/IWP30/Page_VRelay30Emulator/Email'

25-09-2024T18:09:25 - [MESSAGE][PASSED] - Text 'udf data 1' is set on object 'Object Repository/IWP30/Page_VRelay30Emulator/UDF1'

25-09-2024T18:09:26 - [MESSAGE][PASSED] - Text 'udf data 2' is set on object 'Object Repository/IWP30/Page_VRelay30Emulator/UDF2'

25-09-2024T18:09:26 - [MESSAGE][PASSED] - Text '' is set on object 'Object Repository/IWP30/Page_VRelay30Emulator/UDF3'

25-09-2024T18:09:27 - [MESSAGE][PASSED] - Text '' is set on object 'Object Repository/IWP30/Page_VRelay30Emulator/UDF4'

25-09-2024T18:09:28 - [MESSAGE][PASSED] - Text '' is set on object 'Object Repository/IWP30/Page_VRelay30Emulator/UDF5'

25-09-2024T18:09:28 - [MESSAGE][PASSED] - Text '' is set on object 'Object Repository/IWP30/Page_VRelay30Emulator/UDF6'

25-09-2024T18:09:29 - [MESSAGE][PASSED] - Text '' is set on object 'Object Repository/IWP30/Page_VRelay30Emulator/UDF7'

25-09-2024T18:09:29 - [MESSAGE][PASSED] - Text '' is set on object 'Object Repository/IWP30/Page_VRelay30Emulator/UDF8'

25-09-2024T18:09:30 - [MESSAGE][PASSED] - Text '' is set on object 'Object Repository/IWP30/Page_VRelay30Emulator/UDF9'

25-09-2024T18:09:30 - [MESSAGE][PASSED] - Text '' is set on object 'Object Repository/IWP30/Page_VRelay30Emulator/UDF10'

25-09-2024T18:09:32 - [MESSAGE][PASSED] - Object: 'Object Repository/IWP30/Page_VRelay30Emulator/Submit' is clicked on

25-09-2024T18:09:36 - [MESSAGE][PASSED] - Browser is closed

25-09-2024T18:09:40 - [MESSAGE][PASSED] - iwpPages.emulatorIWP30.setDataEmulator_DD is PASSED

25-09-2024T18:09:40 - [TEST_STEP][PASSED] - testHarnessURL = urlTestHarness: null

25-09-2024T18:09:40 - [TEST_STEP][PASSED] - openBrowser(testHarnessURL): Browser is opened with url: 'https://dev-algorithm.govolution.com/vrelaytest/QA/version_2_2/vrelaytest.html'

25-09-2024T18:09:40 - [MESSAGE][INFO] - Starting 'Edge Chromium' driver

25-09-2024T18:09:40 - [MESSAGE][INFO] - User set preference: ['acceptInsecureCerts', 'true']

25-09-2024T18:09:42 - [MESSAGE][INFO] - Action delay is set to 0 milliseconds

25-09-2024T18:09:46 - [MESSAGE][PASSED] - Browser is opened with url: 'https://dev-algorithm.govolution.com/vrelaytest/QA/version_2_2/vrelaytest.html'

25-09-2024T18:09:46 - [TEST_STEP][PASSED] - maximizeWindow(): Current window maximized

25-09-2024T18:09:46 - [MESSAGE][PASSED] - Current window maximized

25-09-2024T18:09:46 - [TEST_STEP][PASSED] - iwpPages.TestHarnessPage.setDataMethod(row, dataFile): iwpPages.TestHarnessPage.setDataMethod is PASSED

25-09-2024T18:09:46 - [MESSAGE][PASSED] - Object 'Object Repository/IWP30/Page_QATestHarness/RemittanceID' is present

25-09-2024T18:09:47 - [MESSAGE][PASSED] - Text '652' is set on object 'Object Repository/IWP30/Page_QATestHarness/ApplicationID'

25-09-2024T18:09:48 - [MESSAGE][PASSED] - Text '2.5' is set on object 'Object Repository/IWP30/Page_QATestHarness/MessageVersion'

25-09-2024T18:09:48 - [MESSAGE][PASSED] - Text 'jraF5EQsY6P6' is set on object 'Object Repository/IWP30/Page_QATestHarness/RemittanceID'

25-09-2024T18:09:52 - [MESSAGE][PASSED] - Object: 'Object Repository/IWP30/Page_QATestHarness/SubmitButton' is clicked on

25-09-2024T18:09:52 - [MESSAGE][PASSED] - iwpPages.TestHarnessPage.setDataMethod is PASSED

25-09-2024T18:09:52 - [TEST_STEP][PASSED] - click(findTestObject("Object Repository/IWP30/Page_SelectPaymentMethod/PayByCorporateCheck")): Object: 'Object Repository/IWP30/Page_SelectPaymentMethod/PayByCorporateCheck' is clicked on

25-09-2024T18:09:52 - [MESSAGE][PASSED] - Object: 'Object Repository/IWP30/Page_SelectPaymentMethod/PayByCorporateCheck' is clicked on

25-09-2024T18:09:52 - [TEST_STEP][PASSED] - click(findTestObject("Object Repository/IWP30/Page_SelectPaymentMethod/MakePaymentButton")): Object: 'Object Repository/IWP30/Page_SelectPaymentMethod/MakePaymentButton' is clicked on

25-09-2024T18:09:54 - [MESSAGE][PASSED] - Object: 'Object Repository/IWP30/Page_SelectPaymentMethod/MakePaymentButton' is clicked on

25-09-2024T18:09:54 - [TEST_STEP][PASSED] - iwpPages.achCorporatePaymentEntryPage.setDataCorporate(row, dataFile): iwpPages.achCorporatePaymentEntryPage.setDataCorporate is PASSED

25-09-2024T18:09:55 - [MESSAGE][PASSED] - Object 'Object Repository/IWP30/Page_ACHCorporatePaymentEntry/txt_accountNumber' is present

25-09-2024T18:09:55 - [MESSAGE][PASSED] - Object 'Object Repository/IWP30/Page_ACHCorporatePaymentEntry/input_CompanyName' is present

25-09-2024T18:09:56 - [MESSAGE][PASSED] - Text 'My Company' is set on object 'Object Repository/IWP30/Page_ACHCorporatePaymentEntry/input_CompanyName'

25-09-2024T18:09:56 - [MESSAGE][PASSED] - Object 'Object Repository/IWP30/Page_ACHCorporatePaymentEntry/input_EIN' is present

25-09-2024T18:09:57 - [MESSAGE][PASSED] - Text '123456789' is set on object 'Object Repository/IWP30/Page_ACHCorporatePaymentEntry/input_EIN'

25-09-2024T18:09:57 - [MESSAGE][PASSED] - Text '11.50' is set on object 'Object Repository/IWP30/Page_ACHCorporatePaymentEntry/txt_Amount'

25-09-2024T18:09:58 - [MESSAGE][PASSED] - Object 'Object Repository/IWP30/Page_ACHCorporatePaymentEntry/txt_routingNumber' is present

25-09-2024T18:09:58 - [MESSAGE][PASSED] - Text '256072691' is set on object 'Object Repository/IWP30/Page_ACHCorporatePaymentEntry/txt_routingNumber'

25-09-2024T18:09:59 - [MESSAGE][PASSED] - Object 'Object Repository/IWP30/Page_ACHCorporatePaymentEntry/txt_accountNumber' is present

25-09-2024T18:10:00 - [MESSAGE][PASSED] - Text '12344444' is set on object 'Object Repository/IWP30/Page_ACHCorporatePaymentEntry/txt_accountNumber'

25-09-2024T18:10:00 - [MESSAGE][PASSED] - Object 'Object Repository/IWP30/Page_ACHCorporatePaymentEntry/txt_confirmAccountNumber' is present

25-09-2024T18:10:01 - [MESSAGE][PASSED] - Text '12344444' is set on object 'Object Repository/IWP30/Page_ACHCorporatePaymentEntry/txt_confirmAccountNumber'

25-09-2024T18:10:01 - [MESSAGE][PASSED] - Object 'Object Repository/IWP30/Page_ACHCorporatePaymentEntry/txt_Email' is present

25-09-2024T18:10:02 - [MESSAGE][PASSED] - Text 'iahmed@govolution.com' is set on object 'Object Repository/IWP30/Page_ACHCorporatePaymentEntry/txt_Email'

25-09-2024T18:10:02 - [MESSAGE][PASSED] - Object 'Object Repository/IWP30/Page_ACHCorporatePaymentEntry/cb_TermsAndCond' is present

25-09-2024T18:10:02 - [MESSAGE][PASSED] - Object: 'Object Repository/IWP30/Page_ACHCorporatePaymentEntry/cb_TermsAndCond' is clicked on

25-09-2024T18:10:03 - [MESSAGE][PASSED] - Object 'Object Repository/IWP30/Page_ACHCorporatePaymentEntry/btn_Continue' is present

25-09-2024T18:10:05 - [MESSAGE][PASSED] - Object: 'Object Repository/IWP30/Page_ACHCorporatePaymentEntry/btn_Continue' is clicked on

25-09-2024T18:10:05 - [MESSAGE][PASSED] - iwpPages.achCorporatePaymentEntryPage.setDataCorporate is PASSED

25-09-2024T18:10:05 - [TEST_STEP][PASSED] - Thread.sleep(10000): null

25-09-2024T18:10:15 - [TEST_STEP][PASSED] - if (verifyTextPresent("Payment amounts more than 10.50 are not accepted", false)): null

25-09-2024T18:10:15 - [MESSAGE][PASSED] - Text 'Payment amounts more than 10.50 are not accepted' is present on page 

25-09-2024T18:10:15 - [TEST_STEP][PASSED] - println("Over Pay Error message shown"): null

25-09-2024T18:10:15 - [TEST_STEP][PASSED] - markPassed("Over Pay Error message shown"): Over Pay Error message shown

25-09-2024T18:10:15 - [MESSAGE][PASSED] - Over Pay Error message shown

25-09-2024T18:10:15 - [TEST_STEP][PASSED] - resText = "Pass": null

25-09-2024T18:10:15 - [TEST_STEP][PASSED] - pages.WriteExcel.demoKey(resText, datText, resColumn, datCloumn, fileLoc, nameSheet, row): pages.WriteExcel.demoKey is PASSED

25-09-2024T18:10:15 - [MESSAGE][PASSED] - pages.WriteExcel.demoKey is PASSED

25-09-2024T18:10:15 - [TEST_STEP][PASSED] - closeBrowser(): Browser is closed

25-09-2024T18:10:16 - [MESSAGE][PASSED] - Browser is closed]]></system-out>
         <system-err><![CDATA[]]></system-err>
      </testcase>
      <testcase name="Test Cases/IntegratedWeb/IWP25/Error/NoOverPayErrorPC" time="73.901" classname="Test Cases/IntegratedWeb/IWP25/Error/NoOverPayErrorPC" status="PASSED">
         <system-out><![CDATA[25-09-2024T18:10:16 - [TEST_CASE][PASSED] - Test Cases/IntegratedWeb/IWP25/Error/NoOverPayErrorPC: Test Cases/IntegratedWeb/IWP25/Error/NoOverPayErrorPC

25-09-2024T18:10:16 - [TEST_STEP][PASSED] - resText = "Fail": null

25-09-2024T18:10:16 - [TEST_STEP][PASSED] - resColumn = "Result": null

25-09-2024T18:10:16 - [TEST_STEP][PASSED] - datCloumn = "Date": null

25-09-2024T18:10:16 - [TEST_STEP][PASSED] - fileLoc = "KatalonData/IWPTestData/VRelay25Payments.xlsx": null

25-09-2024T18:10:16 - [TEST_STEP][PASSED] - numOfRows = <not implemented yet for class: org.codehaus.groovy.ast.expr.EmptyExpression>: null

25-09-2024T18:10:16 - [TEST_STEP][PASSED] - dataFile = <not implemented yet for class: org.codehaus.groovy.ast.expr.EmptyExpression>: null

25-09-2024T18:10:16 - [TEST_STEP][PASSED] - nameSheet = <not implemented yet for class: org.codehaus.groovy.ast.expr.EmptyExpression>: null

25-09-2024T18:10:16 - [TEST_STEP][PASSED] - dataFileEmulator = <not implemented yet for class: org.codehaus.groovy.ast.expr.EmptyExpression>: null

25-09-2024T18:10:16 - [TEST_STEP][PASSED] - nameSheet = "NoOverPayErrorPC": null

25-09-2024T18:10:16 - [TEST_STEP][PASSED] - dataFile = "IWPTestData/IWP25NoOverPayErrorPC": null

25-09-2024T18:10:16 - [TEST_STEP][PASSED] - dataFileEmulator = "IWPTestData/EmulatorData": null

25-09-2024T18:10:16 - [TEST_STEP][PASSED] - numOfRows = findTestData(dataFile).getRowNumbers(): null

25-09-2024T18:10:16 - [TEST_STEP][PASSED] - println("Number of Records: " + numOfRows): null

25-09-2024T18:10:16 - [TEST_STEP][PASSED] - for ([row = 1, row <= numOfRows, (row++)]): Browser is closed

25-09-2024T18:10:16 - [TEST_STEP][PASSED] - ExecuteTC = findTestData(dataFile).getValue("Execute", row): null

25-09-2024T18:10:16 - [TEST_STEP][PASSED] - out.println("Value of Execute is : " + ExecuteTC): null

25-09-2024T18:10:16 - [TEST_STEP][PASSED] - if (ExecuteTC.equalsIgnoreCase("Y")): null

25-09-2024T18:10:16 - [TEST_STEP][PASSED] - out.println("Begin Record Number: " + row): null

25-09-2024T18:10:16 - [TEST_STEP][PASSED] - today = new java.util.Date(): null

25-09-2024T18:10:16 - [TEST_STEP][PASSED] - println(today): null

25-09-2024T18:10:16 - [TEST_STEP][PASSED] - datText = today: null

25-09-2024T18:10:16 - [TEST_STEP][PASSED] - EmulatorDataKey = findTestData(dataFile).getValue("EmulatorData", row): null

25-09-2024T18:10:16 - [TEST_STEP][PASSED] - out.println("Value of Emulator Key is : " + EmulatorDataKey): null

25-09-2024T18:10:16 - [TEST_STEP][PASSED] - iwpPages.emulatorIWP30.setDataEmulator_DD(EmulatorDataKey): iwpPages.emulatorIWP30.setDataEmulator_DD is PASSED

25-09-2024T18:10:16 - [MESSAGE][INFO] - Starting 'Edge Chromium' driver

25-09-2024T18:10:16 - [MESSAGE][INFO] - User set preference: ['acceptInsecureCerts', 'true']

25-09-2024T18:10:18 - [MESSAGE][INFO] - Action delay is set to 0 milliseconds

25-09-2024T18:10:21 - [MESSAGE][PASSED] - Browser is opened with url: 'https://qa.velocitypayment.com/agency/config.do?action=editor&message_version=2_5'

25-09-2024T18:10:21 - [MESSAGE][PASSED] - Current window maximized

25-09-2024T18:10:22 - [MESSAGE][PASSED] - All options with value '2.5' are selected in object 'Object Repository/IWP30/Page_VRelay30Emulator/MV'  using regular expression

25-09-2024T18:10:23 - [MESSAGE][PASSED] - Text '10.50' is set on object 'Object Repository/IWP30/Page_VRelay30Emulator/Amount'

25-09-2024T18:10:24 - [MESSAGE][PASSED] - Text 'ZshRxvNIiy9T' is set on object 'Object Repository/IWP30/Page_VRelay30Emulator/CAN'

25-09-2024T18:10:24 - [MESSAGE][PASSED] - Text 'PayNow' is set on object 'Object Repository/IWP30/Page_VRelay30Emulator/Action'

25-09-2024T18:10:25 - [MESSAGE][PASSED] - Text 'en_US' is set on object 'Object Repository/IWP30/Page_VRelay30Emulator/Lang'

25-09-2024T18:10:26 - [MESSAGE][PASSED] - Text 'Curlonty' is set on object 'Object Repository/IWP30/Page_VRelay30Emulator/Fname'

25-09-2024T18:10:26 - [MESSAGE][PASSED] - Text 'Lachuga' is set on object 'Object Repository/IWP30/Page_VRelay30Emulator/Lname'

25-09-2024T18:10:27 - [MESSAGE][PASSED] - Text '258 Underwood rd' is set on object 'Object Repository/IWP30/Page_VRelay30Emulator/AL1'

25-09-2024T18:10:27 - [MESSAGE][PASSED] - Text 'Suite 600' is set on object 'Object Repository/IWP30/Page_VRelay30Emulator/AL2'

25-09-2024T18:10:28 - [MESSAGE][PASSED] - Text '840' is set on object 'Object Repository/IWP30/Page_VRelay30Emulator/Country'

25-09-2024T18:10:29 - [MESSAGE][PASSED] - Text 'Arlington' is set on object 'Object Repository/IWP30/Page_VRelay30Emulator/City'

25-09-2024T18:10:29 - [MESSAGE][PASSED] - Text 'VA' is set on object 'Object Repository/IWP30/Page_VRelay30Emulator/State'

25-09-2024T18:10:30 - [MESSAGE][PASSED] - Text '22201' is set on object 'Object Repository/IWP30/Page_VRelay30Emulator/ZIP'

25-09-2024T18:10:31 - [MESSAGE][PASSED] - Text '' is set on object 'Object Repository/IWP30/Page_VRelay30Emulator/Order'

25-09-2024T18:10:31 - [MESSAGE][PASSED] - Text '' is set on object 'Object Repository/IWP30/Page_VRelay30Emulator/Company'

25-09-2024T18:10:32 - [MESSAGE][PASSED] - Text '' is set on object 'Object Repository/IWP30/Page_VRelay30Emulator/Email'

25-09-2024T18:10:32 - [MESSAGE][PASSED] - Text 'udf data 1' is set on object 'Object Repository/IWP30/Page_VRelay30Emulator/UDF1'

25-09-2024T18:10:33 - [MESSAGE][PASSED] - Text 'udf data 2' is set on object 'Object Repository/IWP30/Page_VRelay30Emulator/UDF2'

25-09-2024T18:10:33 - [MESSAGE][PASSED] - Text '' is set on object 'Object Repository/IWP30/Page_VRelay30Emulator/UDF3'

25-09-2024T18:10:34 - [MESSAGE][PASSED] - Text '' is set on object 'Object Repository/IWP30/Page_VRelay30Emulator/UDF4'

25-09-2024T18:10:35 - [MESSAGE][PASSED] - Text '' is set on object 'Object Repository/IWP30/Page_VRelay30Emulator/UDF5'

25-09-2024T18:10:35 - [MESSAGE][PASSED] - Text '' is set on object 'Object Repository/IWP30/Page_VRelay30Emulator/UDF6'

25-09-2024T18:10:36 - [MESSAGE][PASSED] - Text '' is set on object 'Object Repository/IWP30/Page_VRelay30Emulator/UDF7'

25-09-2024T18:10:36 - [MESSAGE][PASSED] - Text '' is set on object 'Object Repository/IWP30/Page_VRelay30Emulator/UDF8'

25-09-2024T18:10:37 - [MESSAGE][PASSED] - Text '' is set on object 'Object Repository/IWP30/Page_VRelay30Emulator/UDF9'

25-09-2024T18:10:38 - [MESSAGE][PASSED] - Text '' is set on object 'Object Repository/IWP30/Page_VRelay30Emulator/UDF10'

25-09-2024T18:10:39 - [MESSAGE][PASSED] - Object: 'Object Repository/IWP30/Page_VRelay30Emulator/Submit' is clicked on

25-09-2024T18:10:43 - [MESSAGE][PASSED] - Browser is closed

25-09-2024T18:10:47 - [MESSAGE][PASSED] - iwpPages.emulatorIWP30.setDataEmulator_DD is PASSED

25-09-2024T18:10:47 - [TEST_STEP][PASSED] - testHarnessURL = urlTestHarness: null

25-09-2024T18:10:47 - [TEST_STEP][PASSED] - openBrowser(testHarnessURL): Browser is opened with url: 'https://dev-algorithm.govolution.com/vrelaytest/QA/version_2_2/vrelaytest.html'

25-09-2024T18:10:47 - [MESSAGE][INFO] - Starting 'Edge Chromium' driver

25-09-2024T18:10:47 - [MESSAGE][INFO] - User set preference: ['acceptInsecureCerts', 'true']

25-09-2024T18:10:49 - [MESSAGE][INFO] - Action delay is set to 0 milliseconds

25-09-2024T18:10:55 - [MESSAGE][PASSED] - Browser is opened with url: 'https://dev-algorithm.govolution.com/vrelaytest/QA/version_2_2/vrelaytest.html'

25-09-2024T18:10:55 - [TEST_STEP][PASSED] - maximizeWindow(): Current window maximized

25-09-2024T18:10:55 - [MESSAGE][PASSED] - Current window maximized

25-09-2024T18:10:55 - [TEST_STEP][PASSED] - iwpPages.TestHarnessPage.setDataMethod(row, dataFile): iwpPages.TestHarnessPage.setDataMethod is PASSED

25-09-2024T18:10:55 - [MESSAGE][PASSED] - Object 'Object Repository/IWP30/Page_QATestHarness/RemittanceID' is present

25-09-2024T18:10:56 - [MESSAGE][PASSED] - Text '652' is set on object 'Object Repository/IWP30/Page_QATestHarness/ApplicationID'

25-09-2024T18:10:57 - [MESSAGE][PASSED] - Text '2.5' is set on object 'Object Repository/IWP30/Page_QATestHarness/MessageVersion'

25-09-2024T18:10:57 - [MESSAGE][PASSED] - Text 'BNSZvwhUfOmW' is set on object 'Object Repository/IWP30/Page_QATestHarness/RemittanceID'

25-09-2024T18:11:01 - [MESSAGE][PASSED] - Object: 'Object Repository/IWP30/Page_QATestHarness/SubmitButton' is clicked on

25-09-2024T18:11:01 - [MESSAGE][PASSED] - iwpPages.TestHarnessPage.setDataMethod is PASSED

25-09-2024T18:11:01 - [TEST_STEP][PASSED] - click(findTestObject("Object Repository/IWP30/Page_SelectPaymentMethod/PayByPersonalCheck")): Object: 'Object Repository/IWP30/Page_SelectPaymentMethod/PayByPersonalCheck' is clicked on

25-09-2024T18:11:02 - [MESSAGE][PASSED] - Object: 'Object Repository/IWP30/Page_SelectPaymentMethod/PayByPersonalCheck' is clicked on

25-09-2024T18:11:02 - [TEST_STEP][PASSED] - click(findTestObject("Object Repository/IWP30/Page_SelectPaymentMethod/MakePaymentButton")): Object: 'Object Repository/IWP30/Page_SelectPaymentMethod/MakePaymentButton' is clicked on

25-09-2024T18:11:04 - [MESSAGE][PASSED] - Object: 'Object Repository/IWP30/Page_SelectPaymentMethod/MakePaymentButton' is clicked on

25-09-2024T18:11:04 - [TEST_STEP][PASSED] - iwpPages.achPersonalPaymentEntryPage.setDataACHPPM(row, dataFile): iwpPages.achPersonalPaymentEntryPage.setDataACHPPM is PASSED

25-09-2024T18:11:05 - [MESSAGE][PASSED] - Object 'Object Repository/IWP30/Page_ACHPersonalPaymentEntry/txt_accountNumber' is present

25-09-2024T18:11:05 - [MESSAGE][PASSED] - Text '11.50' is set on object 'Object Repository/IWP30/Page_ACHPersonalPaymentEntry/txt_Amount'

25-09-2024T18:11:06 - [MESSAGE][PASSED] - Object 'Object Repository/IWP30/Page_ACHPersonalPaymentEntry/txt_UDF2' is present

25-09-2024T18:11:06 - [MESSAGE][PASSED] - Object 'Object Repository/IWP30/Page_ACHPersonalPaymentEntry/txt_Firstname' is present

25-09-2024T18:11:07 - [MESSAGE][PASSED] - Text 'Elizath' is set on object 'Object Repository/IWP30/Page_ACHPersonalPaymentEntry/txt_Firstname'

25-09-2024T18:11:07 - [MESSAGE][PASSED] - Object 'Object Repository/IWP30/Page_ACHPersonalPaymentEntry/txt_Lastname' is present

25-09-2024T18:11:08 - [MESSAGE][PASSED] - Text 'Christine' is set on object 'Object Repository/IWP30/Page_ACHPersonalPaymentEntry/txt_Lastname'

25-09-2024T18:11:08 - [MESSAGE][PASSED] - Object 'Object Repository/IWP30/Page_ACHPersonalPaymentEntry/txt_routingNumber' is present

25-09-2024T18:11:08 - [MESSAGE][PASSED] - Text '256072691' is set on object 'Object Repository/IWP30/Page_ACHPersonalPaymentEntry/txt_routingNumber'

25-09-2024T18:11:09 - [MESSAGE][PASSED] - Object 'Object Repository/IWP30/Page_ACHPersonalPaymentEntry/txt_accountNumber' is present

25-09-2024T18:11:10 - [MESSAGE][PASSED] - Text '12344444' is set on object 'Object Repository/IWP30/Page_ACHPersonalPaymentEntry/txt_accountNumber'

25-09-2024T18:11:11 - [MESSAGE][PASSED] - Object 'Object Repository/IWP30/Page_ACHPersonalPaymentEntry/txt_confirmAccountNumber' is present

25-09-2024T18:11:11 - [MESSAGE][PASSED] - Text '12344444' is set on object 'Object Repository/IWP30/Page_ACHPersonalPaymentEntry/txt_confirmAccountNumber'

25-09-2024T18:11:12 - [MESSAGE][PASSED] - Object 'Object Repository/IWP30/Page_ACHPersonalPaymentEntry/rd_accountType' is present

25-09-2024T18:11:12 - [MESSAGE][PASSED] - Modify property of object successfully

25-09-2024T18:11:12 - [MESSAGE][PASSED] - Object: 'Object Repository/IWP30/Page_ACHPersonalPaymentEntry/rd_accountType' is clicked on

25-09-2024T18:11:12 - [MESSAGE][PASSED] - Object 'Object Repository/IWP30/Page_ACHPersonalPaymentEntry/txt_Email' is present

25-09-2024T18:11:13 - [MESSAGE][PASSED] - Text 'iahmed@govolution.com' is set on object 'Object Repository/IWP30/Page_ACHPersonalPaymentEntry/txt_Email'

25-09-2024T18:11:13 - [MESSAGE][PASSED] - Object 'Object Repository/IWP30/Page_ACHPersonalPaymentEntry/cb_TermsAndCond' is present

25-09-2024T18:11:13 - [MESSAGE][PASSED] - Object: 'Object Repository/IWP30/Page_ACHPersonalPaymentEntry/cb_TermsAndCond' is clicked on

25-09-2024T18:11:14 - [MESSAGE][PASSED] - Object 'Object Repository/IWP30/Page_ACHPersonalPaymentEntry/btn_Continue' is present

25-09-2024T18:11:16 - [MESSAGE][PASSED] - Object: 'Object Repository/IWP30/Page_ACHPersonalPaymentEntry/btn_Continue' is clicked on

25-09-2024T18:11:16 - [MESSAGE][PASSED] - iwpPages.achPersonalPaymentEntryPage.setDataACHPPM is PASSED

25-09-2024T18:11:16 - [TEST_STEP][PASSED] - Thread.sleep(10000): null

25-09-2024T18:11:26 - [TEST_STEP][PASSED] - if (verifyTextPresent("Payment amounts more than 10.50 are not accepted", false)): null

25-09-2024T18:11:26 - [MESSAGE][PASSED] - Text 'Payment amounts more than 10.50 are not accepted' is present on page 

25-09-2024T18:11:26 - [TEST_STEP][PASSED] - println("Over Pay Error message shown"): null

25-09-2024T18:11:26 - [TEST_STEP][PASSED] - markPassed("Over Pay Error message shown"): Over Pay Error message shown

25-09-2024T18:11:26 - [MESSAGE][PASSED] - Over Pay Error message shown

25-09-2024T18:11:26 - [TEST_STEP][PASSED] - resText = "Pass": null

25-09-2024T18:11:26 - [TEST_STEP][PASSED] - pages.WriteExcel.demoKey(resText, datText, resColumn, datCloumn, fileLoc, nameSheet, row): pages.WriteExcel.demoKey is PASSED

25-09-2024T18:11:26 - [MESSAGE][PASSED] - pages.WriteExcel.demoKey is PASSED

25-09-2024T18:11:26 - [TEST_STEP][PASSED] - closeBrowser(): Browser is closed

25-09-2024T18:11:30 - [MESSAGE][PASSED] - Browser is closed]]></system-out>
         <system-err><![CDATA[]]></system-err>
      </testcase>
      <testcase name="Test Cases/IntegratedWeb/IWP25/Error/NoOverPayErrorPS" time="68.601" classname="Test Cases/IntegratedWeb/IWP25/Error/NoOverPayErrorPS" status="PASSED">
         <system-out><![CDATA[25-09-2024T18:11:30 - [TEST_CASE][PASSED] - Test Cases/IntegratedWeb/IWP25/Error/NoOverPayErrorPS: Test Cases/IntegratedWeb/IWP25/Error/NoOverPayErrorPS

25-09-2024T18:11:30 - [TEST_STEP][PASSED] - resText = "Fail": null

25-09-2024T18:11:30 - [TEST_STEP][PASSED] - resColumn = "Result": null

25-09-2024T18:11:30 - [TEST_STEP][PASSED] - datCloumn = "Date": null

25-09-2024T18:11:30 - [TEST_STEP][PASSED] - fileLoc = "KatalonData/IWPTestData/VRelay25Payments.xlsx": null

25-09-2024T18:11:30 - [TEST_STEP][PASSED] - numOfRows = <not implemented yet for class: org.codehaus.groovy.ast.expr.EmptyExpression>: null

25-09-2024T18:11:30 - [TEST_STEP][PASSED] - dataFile = <not implemented yet for class: org.codehaus.groovy.ast.expr.EmptyExpression>: null

25-09-2024T18:11:30 - [TEST_STEP][PASSED] - nameSheet = <not implemented yet for class: org.codehaus.groovy.ast.expr.EmptyExpression>: null

25-09-2024T18:11:30 - [TEST_STEP][PASSED] - dataFileEmulator = <not implemented yet for class: org.codehaus.groovy.ast.expr.EmptyExpression>: null

25-09-2024T18:11:30 - [TEST_STEP][PASSED] - nameSheet = "NoOverPayErrorPS": null

25-09-2024T18:11:30 - [TEST_STEP][PASSED] - dataFile = "IWPTestData/IWP25NoOverPayErrorPS": null

25-09-2024T18:11:30 - [TEST_STEP][PASSED] - dataFileEmulator = "IWPTestData/EmulatorData": null

25-09-2024T18:11:30 - [TEST_STEP][PASSED] - numOfRows = findTestData(dataFile).getRowNumbers(): null

25-09-2024T18:11:30 - [TEST_STEP][PASSED] - println("Number of Records: " + numOfRows): null

25-09-2024T18:11:30 - [TEST_STEP][PASSED] - for ([row = 1, row <= numOfRows, (row++)]): Browser is closed

25-09-2024T18:11:30 - [TEST_STEP][PASSED] - ExecuteTC = findTestData(dataFile).getValue("Execute", row): null

25-09-2024T18:11:30 - [TEST_STEP][PASSED] - out.println("Value of Execute is : " + ExecuteTC): null

25-09-2024T18:11:30 - [TEST_STEP][PASSED] - if (ExecuteTC.equalsIgnoreCase("Y")): null

25-09-2024T18:11:30 - [TEST_STEP][PASSED] - out.println("Begin Record Number: " + row): null

25-09-2024T18:11:30 - [TEST_STEP][PASSED] - today = new java.util.Date(): null

25-09-2024T18:11:30 - [TEST_STEP][PASSED] - println(today): null

25-09-2024T18:11:30 - [TEST_STEP][PASSED] - datText = today: null

25-09-2024T18:11:30 - [TEST_STEP][PASSED] - EmulatorDataKey = findTestData(dataFile).getValue("EmulatorData", row): null

25-09-2024T18:11:30 - [TEST_STEP][PASSED] - out.println("Value of Emulator Key is : " + EmulatorDataKey): null

25-09-2024T18:11:30 - [TEST_STEP][PASSED] - iwpPages.emulatorIWP30.setDataEmulator_DD(EmulatorDataKey): iwpPages.emulatorIWP30.setDataEmulator_DD is PASSED

25-09-2024T18:11:31 - [MESSAGE][INFO] - Starting 'Edge Chromium' driver

25-09-2024T18:11:31 - [MESSAGE][INFO] - User set preference: ['acceptInsecureCerts', 'true']

25-09-2024T18:11:33 - [MESSAGE][INFO] - Action delay is set to 0 milliseconds

25-09-2024T18:11:36 - [MESSAGE][PASSED] - Browser is opened with url: 'https://qa.velocitypayment.com/agency/config.do?action=editor&message_version=2_5'

25-09-2024T18:11:37 - [MESSAGE][PASSED] - Current window maximized

25-09-2024T18:11:38 - [MESSAGE][PASSED] - All options with value '2.5' are selected in object 'Object Repository/IWP30/Page_VRelay30Emulator/MV'  using regular expression

25-09-2024T18:11:38 - [MESSAGE][PASSED] - Text '10.50' is set on object 'Object Repository/IWP30/Page_VRelay30Emulator/Amount'

25-09-2024T18:11:39 - [MESSAGE][PASSED] - Text 'WdqNAhGmudIm' is set on object 'Object Repository/IWP30/Page_VRelay30Emulator/CAN'

25-09-2024T18:11:40 - [MESSAGE][PASSED] - Text 'PayNow' is set on object 'Object Repository/IWP30/Page_VRelay30Emulator/Action'

25-09-2024T18:11:40 - [MESSAGE][PASSED] - Text 'en_US' is set on object 'Object Repository/IWP30/Page_VRelay30Emulator/Lang'

25-09-2024T18:11:41 - [MESSAGE][PASSED] - Text 'Curlonty' is set on object 'Object Repository/IWP30/Page_VRelay30Emulator/Fname'

25-09-2024T18:11:42 - [MESSAGE][PASSED] - Text 'Lachuga' is set on object 'Object Repository/IWP30/Page_VRelay30Emulator/Lname'

25-09-2024T18:11:42 - [MESSAGE][PASSED] - Text '258 Underwood rd' is set on object 'Object Repository/IWP30/Page_VRelay30Emulator/AL1'

25-09-2024T18:11:43 - [MESSAGE][PASSED] - Text 'Suite 600' is set on object 'Object Repository/IWP30/Page_VRelay30Emulator/AL2'

25-09-2024T18:11:43 - [MESSAGE][PASSED] - Text '840' is set on object 'Object Repository/IWP30/Page_VRelay30Emulator/Country'

25-09-2024T18:11:44 - [MESSAGE][PASSED] - Text 'Arlington' is set on object 'Object Repository/IWP30/Page_VRelay30Emulator/City'

25-09-2024T18:11:45 - [MESSAGE][PASSED] - Text 'VA' is set on object 'Object Repository/IWP30/Page_VRelay30Emulator/State'

25-09-2024T18:11:45 - [MESSAGE][PASSED] - Text '22201' is set on object 'Object Repository/IWP30/Page_VRelay30Emulator/ZIP'

25-09-2024T18:11:46 - [MESSAGE][PASSED] - Text '' is set on object 'Object Repository/IWP30/Page_VRelay30Emulator/Order'

25-09-2024T18:11:47 - [MESSAGE][PASSED] - Text '' is set on object 'Object Repository/IWP30/Page_VRelay30Emulator/Company'

25-09-2024T18:11:47 - [MESSAGE][PASSED] - Text '' is set on object 'Object Repository/IWP30/Page_VRelay30Emulator/Email'

25-09-2024T18:11:48 - [MESSAGE][PASSED] - Text 'udf data 1' is set on object 'Object Repository/IWP30/Page_VRelay30Emulator/UDF1'

25-09-2024T18:11:48 - [MESSAGE][PASSED] - Text 'udf data 2' is set on object 'Object Repository/IWP30/Page_VRelay30Emulator/UDF2'

25-09-2024T18:11:49 - [MESSAGE][PASSED] - Text '' is set on object 'Object Repository/IWP30/Page_VRelay30Emulator/UDF3'

25-09-2024T18:11:50 - [MESSAGE][PASSED] - Text '' is set on object 'Object Repository/IWP30/Page_VRelay30Emulator/UDF4'

25-09-2024T18:11:50 - [MESSAGE][PASSED] - Text '' is set on object 'Object Repository/IWP30/Page_VRelay30Emulator/UDF5'

25-09-2024T18:11:51 - [MESSAGE][PASSED] - Text '' is set on object 'Object Repository/IWP30/Page_VRelay30Emulator/UDF6'

25-09-2024T18:11:51 - [MESSAGE][PASSED] - Text '' is set on object 'Object Repository/IWP30/Page_VRelay30Emulator/UDF7'

25-09-2024T18:11:52 - [MESSAGE][PASSED] - Text '' is set on object 'Object Repository/IWP30/Page_VRelay30Emulator/UDF8'

25-09-2024T18:11:53 - [MESSAGE][PASSED] - Text '' is set on object 'Object Repository/IWP30/Page_VRelay30Emulator/UDF9'

25-09-2024T18:11:53 - [MESSAGE][PASSED] - Text '' is set on object 'Object Repository/IWP30/Page_VRelay30Emulator/UDF10'

25-09-2024T18:11:55 - [MESSAGE][PASSED] - Object: 'Object Repository/IWP30/Page_VRelay30Emulator/Submit' is clicked on

25-09-2024T18:11:59 - [MESSAGE][PASSED] - Browser is closed

25-09-2024T18:12:03 - [MESSAGE][PASSED] - iwpPages.emulatorIWP30.setDataEmulator_DD is PASSED

25-09-2024T18:12:03 - [TEST_STEP][PASSED] - testHarnessURL = urlTestHarness: null

25-09-2024T18:12:03 - [TEST_STEP][PASSED] - openBrowser(testHarnessURL): Browser is opened with url: 'https://dev-algorithm.govolution.com/vrelaytest/QA/version_2_2/vrelaytest.html'

25-09-2024T18:12:03 - [MESSAGE][INFO] - Starting 'Edge Chromium' driver

25-09-2024T18:12:03 - [MESSAGE][INFO] - User set preference: ['acceptInsecureCerts', 'true']

25-09-2024T18:12:05 - [MESSAGE][INFO] - Action delay is set to 0 milliseconds

25-09-2024T18:12:09 - [MESSAGE][PASSED] - Browser is opened with url: 'https://dev-algorithm.govolution.com/vrelaytest/QA/version_2_2/vrelaytest.html'

25-09-2024T18:12:09 - [TEST_STEP][PASSED] - maximizeWindow(): Current window maximized

25-09-2024T18:12:09 - [MESSAGE][PASSED] - Current window maximized

25-09-2024T18:12:09 - [TEST_STEP][PASSED] - iwpPages.TestHarnessPage.setDataMethod(row, dataFile): iwpPages.TestHarnessPage.setDataMethod is PASSED

25-09-2024T18:12:09 - [MESSAGE][PASSED] - Object 'Object Repository/IWP30/Page_QATestHarness/RemittanceID' is present

25-09-2024T18:12:10 - [MESSAGE][PASSED] - Text '652' is set on object 'Object Repository/IWP30/Page_QATestHarness/ApplicationID'

25-09-2024T18:12:10 - [MESSAGE][PASSED] - Text '2.5' is set on object 'Object Repository/IWP30/Page_QATestHarness/MessageVersion'

25-09-2024T18:12:11 - [MESSAGE][PASSED] - Text 'SeTTt6Ho6upw' is set on object 'Object Repository/IWP30/Page_QATestHarness/RemittanceID'

25-09-2024T18:12:14 - [MESSAGE][PASSED] - Object: 'Object Repository/IWP30/Page_QATestHarness/SubmitButton' is clicked on

25-09-2024T18:12:14 - [MESSAGE][PASSED] - iwpPages.TestHarnessPage.setDataMethod is PASSED

25-09-2024T18:12:14 - [TEST_STEP][PASSED] - click(findTestObject("Object Repository/IWP30/Page_SelectPaymentMethod/PayByPersonalCheck")): Object: 'Object Repository/IWP30/Page_SelectPaymentMethod/PayByPersonalCheck' is clicked on

25-09-2024T18:12:14 - [MESSAGE][PASSED] - Object: 'Object Repository/IWP30/Page_SelectPaymentMethod/PayByPersonalCheck' is clicked on

25-09-2024T18:12:14 - [TEST_STEP][PASSED] - click(findTestObject("Object Repository/IWP30/Page_SelectPaymentMethod/MakePaymentButton")): Object: 'Object Repository/IWP30/Page_SelectPaymentMethod/MakePaymentButton' is clicked on

25-09-2024T18:12:16 - [MESSAGE][PASSED] - Object: 'Object Repository/IWP30/Page_SelectPaymentMethod/MakePaymentButton' is clicked on

25-09-2024T18:12:16 - [TEST_STEP][PASSED] - iwpPages.achPersonalPaymentEntryPage.setDataACHPPM(row, dataFile): iwpPages.achPersonalPaymentEntryPage.setDataACHPPM is PASSED

25-09-2024T18:12:17 - [MESSAGE][PASSED] - Object 'Object Repository/IWP30/Page_ACHPersonalPaymentEntry/txt_accountNumber' is present

25-09-2024T18:12:18 - [MESSAGE][PASSED] - Text '11.50' is set on object 'Object Repository/IWP30/Page_ACHPersonalPaymentEntry/txt_Amount'

25-09-2024T18:12:18 - [MESSAGE][PASSED] - Object 'Object Repository/IWP30/Page_ACHPersonalPaymentEntry/txt_UDF2' is present

25-09-2024T18:12:18 - [MESSAGE][PASSED] - Object 'Object Repository/IWP30/Page_ACHPersonalPaymentEntry/txt_Firstname' is present

25-09-2024T18:12:19 - [MESSAGE][PASSED] - Text 'Elizath' is set on object 'Object Repository/IWP30/Page_ACHPersonalPaymentEntry/txt_Firstname'

25-09-2024T18:12:19 - [MESSAGE][PASSED] - Object 'Object Repository/IWP30/Page_ACHPersonalPaymentEntry/txt_Lastname' is present

25-09-2024T18:12:20 - [MESSAGE][PASSED] - Text 'Christine' is set on object 'Object Repository/IWP30/Page_ACHPersonalPaymentEntry/txt_Lastname'

25-09-2024T18:12:20 - [MESSAGE][PASSED] - Object 'Object Repository/IWP30/Page_ACHPersonalPaymentEntry/txt_routingNumber' is present

25-09-2024T18:12:20 - [MESSAGE][PASSED] - Text '256072691' is set on object 'Object Repository/IWP30/Page_ACHPersonalPaymentEntry/txt_routingNumber'

25-09-2024T18:12:21 - [MESSAGE][PASSED] - Object 'Object Repository/IWP30/Page_ACHPersonalPaymentEntry/txt_accountNumber' is present

25-09-2024T18:12:22 - [MESSAGE][PASSED] - Text '12344444' is set on object 'Object Repository/IWP30/Page_ACHPersonalPaymentEntry/txt_accountNumber'

25-09-2024T18:12:22 - [MESSAGE][PASSED] - Object 'Object Repository/IWP30/Page_ACHPersonalPaymentEntry/txt_confirmAccountNumber' is present

25-09-2024T18:12:23 - [MESSAGE][PASSED] - Text '12344444' is set on object 'Object Repository/IWP30/Page_ACHPersonalPaymentEntry/txt_confirmAccountNumber'

25-09-2024T18:12:23 - [MESSAGE][PASSED] - Object 'Object Repository/IWP30/Page_ACHPersonalPaymentEntry/rd_accountType' is present

25-09-2024T18:12:23 - [MESSAGE][PASSED] - Modify property of object successfully

25-09-2024T18:12:24 - [MESSAGE][PASSED] - Object: 'Object Repository/IWP30/Page_ACHPersonalPaymentEntry/rd_accountType' is clicked on

25-09-2024T18:12:24 - [MESSAGE][PASSED] - Object 'Object Repository/IWP30/Page_ACHPersonalPaymentEntry/txt_Email' is present

25-09-2024T18:12:24 - [MESSAGE][PASSED] - Text 'iahmed@govolution.com' is set on object 'Object Repository/IWP30/Page_ACHPersonalPaymentEntry/txt_Email'

25-09-2024T18:12:25 - [MESSAGE][PASSED] - Object 'Object Repository/IWP30/Page_ACHPersonalPaymentEntry/cb_TermsAndCond' is present

25-09-2024T18:12:25 - [MESSAGE][PASSED] - Object: 'Object Repository/IWP30/Page_ACHPersonalPaymentEntry/cb_TermsAndCond' is clicked on

25-09-2024T18:12:25 - [MESSAGE][PASSED] - Object 'Object Repository/IWP30/Page_ACHPersonalPaymentEntry/btn_Continue' is present

25-09-2024T18:12:27 - [MESSAGE][PASSED] - Object: 'Object Repository/IWP30/Page_ACHPersonalPaymentEntry/btn_Continue' is clicked on

25-09-2024T18:12:27 - [MESSAGE][PASSED] - iwpPages.achPersonalPaymentEntryPage.setDataACHPPM is PASSED

25-09-2024T18:12:27 - [TEST_STEP][PASSED] - Thread.sleep(10000): null

25-09-2024T18:12:37 - [TEST_STEP][PASSED] - if (verifyTextPresent("Payment amounts more than 10.50 are not accepted", false)): null

25-09-2024T18:12:38 - [MESSAGE][PASSED] - Text 'Payment amounts more than 10.50 are not accepted' is present on page 

25-09-2024T18:12:38 - [TEST_STEP][PASSED] - println("Over Pay Error message shown"): null

25-09-2024T18:12:38 - [TEST_STEP][PASSED] - markPassed("Over Pay Error message shown"): Over Pay Error message shown

25-09-2024T18:12:38 - [MESSAGE][PASSED] - Over Pay Error message shown

25-09-2024T18:12:38 - [TEST_STEP][PASSED] - resText = "Pass": null

25-09-2024T18:12:38 - [TEST_STEP][PASSED] - pages.WriteExcel.demoKey(resText, datText, resColumn, datCloumn, fileLoc, nameSheet, row): pages.WriteExcel.demoKey is PASSED

25-09-2024T18:12:38 - [MESSAGE][PASSED] - pages.WriteExcel.demoKey is PASSED

25-09-2024T18:12:38 - [TEST_STEP][PASSED] - closeBrowser(): Browser is closed

25-09-2024T18:12:38 - [MESSAGE][PASSED] - Browser is closed]]></system-out>
         <system-err><![CDATA[]]></system-err>
      </testcase>
      <testcase name="Test Cases/IntegratedWeb/IWP25/Error/NoUnderPayErrorCC" time="67.692" classname="Test Cases/IntegratedWeb/IWP25/Error/NoUnderPayErrorCC" status="PASSED">
         <system-out><![CDATA[25-09-2024T18:12:38 - [TEST_CASE][PASSED] - Test Cases/IntegratedWeb/IWP25/Error/NoUnderPayErrorCC: Test Cases/IntegratedWeb/IWP25/Error/NoUnderPayErrorCC

25-09-2024T18:12:39 - [TEST_STEP][PASSED] - resText = "Fail": null

25-09-2024T18:12:39 - [TEST_STEP][PASSED] - resColumn = "Result": null

25-09-2024T18:12:39 - [TEST_STEP][PASSED] - datCloumn = "Date": null

25-09-2024T18:12:39 - [TEST_STEP][PASSED] - fileLoc = "KatalonData/IWPTestData/VRelay25Payments.xlsx": null

25-09-2024T18:12:39 - [TEST_STEP][PASSED] - numOfRows = <not implemented yet for class: org.codehaus.groovy.ast.expr.EmptyExpression>: null

25-09-2024T18:12:39 - [TEST_STEP][PASSED] - dataFile = <not implemented yet for class: org.codehaus.groovy.ast.expr.EmptyExpression>: null

25-09-2024T18:12:39 - [TEST_STEP][PASSED] - nameSheet = <not implemented yet for class: org.codehaus.groovy.ast.expr.EmptyExpression>: null

25-09-2024T18:12:39 - [TEST_STEP][PASSED] - dataFileEmulator = <not implemented yet for class: org.codehaus.groovy.ast.expr.EmptyExpression>: null

25-09-2024T18:12:39 - [TEST_STEP][PASSED] - nameSheet = "NoUnderPayErrorCC": null

25-09-2024T18:12:39 - [TEST_STEP][PASSED] - dataFile = "IWPTestData/IWP25NoUnderPayErrorCC": null

25-09-2024T18:12:39 - [TEST_STEP][PASSED] - dataFileEmulator = "IWPTestData/EmulatorData": null

25-09-2024T18:12:39 - [TEST_STEP][PASSED] - numOfRows = findTestData(dataFile).getRowNumbers(): null

25-09-2024T18:12:39 - [TEST_STEP][PASSED] - println("Number of Records: " + numOfRows): null

25-09-2024T18:12:39 - [TEST_STEP][PASSED] - for ([row = 1, row <= numOfRows, (row++)]): Browser is closed

25-09-2024T18:12:39 - [TEST_STEP][PASSED] - ExecuteTC = findTestData(dataFile).getValue("Execute", row): null

25-09-2024T18:12:39 - [TEST_STEP][PASSED] - out.println("Value of Execute is : " + ExecuteTC): null

25-09-2024T18:12:39 - [TEST_STEP][PASSED] - if (ExecuteTC.equalsIgnoreCase("Y")): null

25-09-2024T18:12:39 - [TEST_STEP][PASSED] - out.println("Begin Record Number: " + row): null

25-09-2024T18:12:39 - [TEST_STEP][PASSED] - today = new java.util.Date(): null

25-09-2024T18:12:39 - [TEST_STEP][PASSED] - println(today): null

25-09-2024T18:12:39 - [TEST_STEP][PASSED] - datText = today: null

25-09-2024T18:12:39 - [TEST_STEP][PASSED] - EmulatorDataKey = findTestData(dataFile).getValue("EmulatorData", row): null

25-09-2024T18:12:39 - [TEST_STEP][PASSED] - out.println("Value of Emulator Key is : " + EmulatorDataKey): null

25-09-2024T18:12:39 - [TEST_STEP][PASSED] - iwpPages.emulatorIWP30.setDataEmulator_DD(EmulatorDataKey): iwpPages.emulatorIWP30.setDataEmulator_DD is PASSED

25-09-2024T18:12:39 - [MESSAGE][INFO] - Starting 'Edge Chromium' driver

25-09-2024T18:12:39 - [MESSAGE][INFO] - User set preference: ['acceptInsecureCerts', 'true']

25-09-2024T18:12:41 - [MESSAGE][INFO] - Action delay is set to 0 milliseconds

25-09-2024T18:12:44 - [MESSAGE][PASSED] - Browser is opened with url: 'https://qa.velocitypayment.com/agency/config.do?action=editor&message_version=2_5'

25-09-2024T18:12:44 - [MESSAGE][PASSED] - Current window maximized

25-09-2024T18:12:45 - [MESSAGE][PASSED] - All options with value '2.5' are selected in object 'Object Repository/IWP30/Page_VRelay30Emulator/MV'  using regular expression

25-09-2024T18:12:46 - [MESSAGE][PASSED] - Text '10.50' is set on object 'Object Repository/IWP30/Page_VRelay30Emulator/Amount'

25-09-2024T18:12:46 - [MESSAGE][PASSED] - Text 'd2lZXizt6haX' is set on object 'Object Repository/IWP30/Page_VRelay30Emulator/CAN'

25-09-2024T18:12:47 - [MESSAGE][PASSED] - Text 'PayNow' is set on object 'Object Repository/IWP30/Page_VRelay30Emulator/Action'

25-09-2024T18:12:48 - [MESSAGE][PASSED] - Text 'en_US' is set on object 'Object Repository/IWP30/Page_VRelay30Emulator/Lang'

25-09-2024T18:12:48 - [MESSAGE][PASSED] - Text 'Curlonty' is set on object 'Object Repository/IWP30/Page_VRelay30Emulator/Fname'

25-09-2024T18:12:49 - [MESSAGE][PASSED] - Text 'Lachuga' is set on object 'Object Repository/IWP30/Page_VRelay30Emulator/Lname'

25-09-2024T18:12:49 - [MESSAGE][PASSED] - Text '258 Underwood rd' is set on object 'Object Repository/IWP30/Page_VRelay30Emulator/AL1'

25-09-2024T18:12:50 - [MESSAGE][PASSED] - Text 'Suite 600' is set on object 'Object Repository/IWP30/Page_VRelay30Emulator/AL2'

25-09-2024T18:12:51 - [MESSAGE][PASSED] - Text '840' is set on object 'Object Repository/IWP30/Page_VRelay30Emulator/Country'

25-09-2024T18:12:51 - [MESSAGE][PASSED] - Text 'Arlington' is set on object 'Object Repository/IWP30/Page_VRelay30Emulator/City'

25-09-2024T18:12:52 - [MESSAGE][PASSED] - Text 'VA' is set on object 'Object Repository/IWP30/Page_VRelay30Emulator/State'

25-09-2024T18:12:53 - [MESSAGE][PASSED] - Text '22201' is set on object 'Object Repository/IWP30/Page_VRelay30Emulator/ZIP'

25-09-2024T18:12:53 - [MESSAGE][PASSED] - Text '' is set on object 'Object Repository/IWP30/Page_VRelay30Emulator/Order'

25-09-2024T18:12:54 - [MESSAGE][PASSED] - Text '' is set on object 'Object Repository/IWP30/Page_VRelay30Emulator/Company'

25-09-2024T18:12:54 - [MESSAGE][PASSED] - Text '' is set on object 'Object Repository/IWP30/Page_VRelay30Emulator/Email'

25-09-2024T18:12:55 - [MESSAGE][PASSED] - Text 'udf data 1' is set on object 'Object Repository/IWP30/Page_VRelay30Emulator/UDF1'

25-09-2024T18:12:55 - [MESSAGE][PASSED] - Text 'udf data 2' is set on object 'Object Repository/IWP30/Page_VRelay30Emulator/UDF2'

25-09-2024T18:12:56 - [MESSAGE][PASSED] - Text '' is set on object 'Object Repository/IWP30/Page_VRelay30Emulator/UDF3'

25-09-2024T18:12:57 - [MESSAGE][PASSED] - Text '' is set on object 'Object Repository/IWP30/Page_VRelay30Emulator/UDF4'

25-09-2024T18:12:57 - [MESSAGE][PASSED] - Text '' is set on object 'Object Repository/IWP30/Page_VRelay30Emulator/UDF5'

25-09-2024T18:12:58 - [MESSAGE][PASSED] - Text '' is set on object 'Object Repository/IWP30/Page_VRelay30Emulator/UDF6'

25-09-2024T18:12:58 - [MESSAGE][PASSED] - Text '' is set on object 'Object Repository/IWP30/Page_VRelay30Emulator/UDF7'

25-09-2024T18:12:59 - [MESSAGE][PASSED] - Text '' is set on object 'Object Repository/IWP30/Page_VRelay30Emulator/UDF8'

25-09-2024T18:13:00 - [MESSAGE][PASSED] - Text '' is set on object 'Object Repository/IWP30/Page_VRelay30Emulator/UDF9'

25-09-2024T18:13:00 - [MESSAGE][PASSED] - Text '' is set on object 'Object Repository/IWP30/Page_VRelay30Emulator/UDF10'

25-09-2024T18:13:01 - [MESSAGE][PASSED] - Object: 'Object Repository/IWP30/Page_VRelay30Emulator/Submit' is clicked on

25-09-2024T18:13:06 - [MESSAGE][PASSED] - Browser is closed

25-09-2024T18:13:10 - [MESSAGE][PASSED] - iwpPages.emulatorIWP30.setDataEmulator_DD is PASSED

25-09-2024T18:13:10 - [TEST_STEP][PASSED] - testHarnessURL = urlTestHarness: null

25-09-2024T18:13:10 - [TEST_STEP][PASSED] - openBrowser(testHarnessURL): Browser is opened with url: 'https://dev-algorithm.govolution.com/vrelaytest/QA/version_2_2/vrelaytest.html'

25-09-2024T18:13:10 - [MESSAGE][INFO] - Starting 'Edge Chromium' driver

25-09-2024T18:13:10 - [MESSAGE][INFO] - User set preference: ['acceptInsecureCerts', 'true']

25-09-2024T18:13:12 - [MESSAGE][INFO] - Action delay is set to 0 milliseconds

25-09-2024T18:13:15 - [MESSAGE][PASSED] - Browser is opened with url: 'https://dev-algorithm.govolution.com/vrelaytest/QA/version_2_2/vrelaytest.html'

25-09-2024T18:13:15 - [TEST_STEP][PASSED] - maximizeWindow(): Current window maximized

25-09-2024T18:13:15 - [MESSAGE][PASSED] - Current window maximized

25-09-2024T18:13:15 - [TEST_STEP][PASSED] - iwpPages.TestHarnessPage.setDataMethod(row, dataFile): iwpPages.TestHarnessPage.setDataMethod is PASSED

25-09-2024T18:13:15 - [MESSAGE][PASSED] - Object 'Object Repository/IWP30/Page_QATestHarness/RemittanceID' is present

25-09-2024T18:13:16 - [MESSAGE][PASSED] - Text '653' is set on object 'Object Repository/IWP30/Page_QATestHarness/ApplicationID'

25-09-2024T18:13:16 - [MESSAGE][PASSED] - Text '2.5' is set on object 'Object Repository/IWP30/Page_QATestHarness/MessageVersion'

25-09-2024T18:13:17 - [MESSAGE][PASSED] - Text 'bsD9lR82iYi0' is set on object 'Object Repository/IWP30/Page_QATestHarness/RemittanceID'

25-09-2024T18:13:21 - [MESSAGE][PASSED] - Object: 'Object Repository/IWP30/Page_QATestHarness/SubmitButton' is clicked on

25-09-2024T18:13:21 - [MESSAGE][PASSED] - iwpPages.TestHarnessPage.setDataMethod is PASSED

25-09-2024T18:13:21 - [TEST_STEP][PASSED] - click(findTestObject("Object Repository/IWP30/Page_SelectPaymentMethod/PayByCreditCard")): Object: 'Object Repository/IWP30/Page_SelectPaymentMethod/PayByCreditCard' is clicked on

25-09-2024T18:13:22 - [MESSAGE][PASSED] - Object: 'Object Repository/IWP30/Page_SelectPaymentMethod/PayByCreditCard' is clicked on

25-09-2024T18:13:22 - [TEST_STEP][PASSED] - click(findTestObject("Object Repository/IWP30/Page_SelectPaymentMethod/MakePaymentButton")): Object: 'Object Repository/IWP30/Page_SelectPaymentMethod/MakePaymentButton' is clicked on

25-09-2024T18:13:24 - [MESSAGE][PASSED] - Object: 'Object Repository/IWP30/Page_SelectPaymentMethod/MakePaymentButton' is clicked on

25-09-2024T18:13:24 - [TEST_STEP][PASSED] - iwpPages.ccPaymentEntryPage.setDataCCPM(row, dataFile): iwpPages.ccPaymentEntryPage.setDataCCPM is PASSED

25-09-2024T18:13:25 - [MESSAGE][PASSED] - Object 'Object Repository/IWP30/Page_CCPaymentEntry/Name' is present

25-09-2024T18:13:25 - [MESSAGE][PASSED] - Text '9.50' is set on object 'Object Repository/IWP30/Page_CCPaymentEntry/Amount'

25-09-2024T18:13:26 - [MESSAGE][PASSED] - Object 'Object Repository/IWP30/Page_CCPaymentEntry/Name' is present

25-09-2024T18:13:26 - [MESSAGE][PASSED] - Text 'Kavita Ranawati' is set on object 'Object Repository/IWP30/Page_CCPaymentEntry/Name'

25-09-2024T18:13:27 - [MESSAGE][PASSED] - Object 'Object Repository/IWP30/Page_CCPaymentEntry/CardNumber' is present

25-09-2024T18:13:27 - [MESSAGE][PASSED] - Text '4111111111111111' is set on object 'Object Repository/IWP30/Page_CCPaymentEntry/CardNumber'

25-09-2024T18:13:27 - [MESSAGE][PASSED] - Object 'Object Repository/IWP30/Page_CCPaymentEntry/Month' is present

25-09-2024T18:13:28 - [MESSAGE][PASSED] - All options with label '09' are selected in object 'Object Repository/IWP30/Page_CCPaymentEntry/Month' 

25-09-2024T18:13:29 - [MESSAGE][PASSED] - Object 'Object Repository/IWP30/Page_CCPaymentEntry/Year' is present

25-09-2024T18:13:29 - [MESSAGE][PASSED] - All options with label '2028' are selected in object 'Object Repository/IWP30/Page_CCPaymentEntry/Year' 

25-09-2024T18:13:30 - [MESSAGE][PASSED] - Text '365 Main Avenue' is set on object 'Object Repository/IWP30/Page_CCPaymentEntry/AL1'

25-09-2024T18:13:31 - [MESSAGE][PASSED] - Text '22201' is set on object 'Object Repository/IWP30/Page_CCPaymentEntry/ZIP'

25-09-2024T18:13:31 - [MESSAGE][PASSED] - Object 'Object Repository/IWP30/Page_CCPaymentEntry/EmailAddress' is present

25-09-2024T18:13:32 - [MESSAGE][PASSED] - Text 'iahmed@govolution.com' is set on object 'Object Repository/IWP30/Page_CCPaymentEntry/EmailAddress'

25-09-2024T18:13:32 - [MESSAGE][PASSED] - Object 'Object Repository/IWP30/Page_CCPaymentEntry/TermCondCheckBox' is present

25-09-2024T18:13:33 - [MESSAGE][PASSED] - Object 'Object Repository/IWP30/Page_CCPaymentEntry/TermCondCheckBox' is checked

25-09-2024T18:13:33 - [MESSAGE][PASSED] - Object 'Object Repository/IWP30/Page_CCPaymentEntry/ContinueButton' is present

25-09-2024T18:13:35 - [MESSAGE][PASSED] - Object: 'Object Repository/IWP30/Page_CCPaymentEntry/ContinueButton' is clicked on

25-09-2024T18:13:35 - [MESSAGE][PASSED] - iwpPages.ccPaymentEntryPage.setDataCCPM is PASSED

25-09-2024T18:13:35 - [TEST_STEP][PASSED] - Thread.sleep(10000): null

25-09-2024T18:13:45 - [TEST_STEP][PASSED] - if (verifyTextPresent("Payment amounts less than 10.50 are not accepted", false)): null

25-09-2024T18:13:45 - [MESSAGE][PASSED] - Text 'Payment amounts less than 10.50 are not accepted' is present on page 

25-09-2024T18:13:45 - [TEST_STEP][PASSED] - println("UnderPay Error message shown"): null

25-09-2024T18:13:45 - [TEST_STEP][PASSED] - markPassed("Under Pay Error message shown"): Under Pay Error message shown

25-09-2024T18:13:45 - [MESSAGE][PASSED] - Under Pay Error message shown

25-09-2024T18:13:45 - [TEST_STEP][PASSED] - resText = "Pass": null

25-09-2024T18:13:45 - [TEST_STEP][PASSED] - pages.WriteExcel.demoKey(resText, datText, resColumn, datCloumn, fileLoc, nameSheet, row): pages.WriteExcel.demoKey is PASSED

25-09-2024T18:13:45 - [MESSAGE][PASSED] - pages.WriteExcel.demoKey is PASSED

25-09-2024T18:13:45 - [TEST_STEP][PASSED] - closeBrowser(): Browser is closed

25-09-2024T18:13:46 - [MESSAGE][PASSED] - Browser is closed]]></system-out>
         <system-err><![CDATA[]]></system-err>
      </testcase>
      <testcase name="Test Cases/IntegratedWeb/IWP25/Error/NoUnderPayErrorCorp" time="69.662" classname="Test Cases/IntegratedWeb/IWP25/Error/NoUnderPayErrorCorp" status="PASSED">
         <system-out><![CDATA[25-09-2024T18:13:46 - [TEST_CASE][PASSED] - Test Cases/IntegratedWeb/IWP25/Error/NoUnderPayErrorCorp: Test Cases/IntegratedWeb/IWP25/Error/NoUnderPayErrorCorp

25-09-2024T18:13:46 - [TEST_STEP][PASSED] - resText = "Fail": null

25-09-2024T18:13:46 - [TEST_STEP][PASSED] - resColumn = "Result": null

25-09-2024T18:13:46 - [TEST_STEP][PASSED] - datCloumn = "Date": null

25-09-2024T18:13:46 - [TEST_STEP][PASSED] - fileLoc = "KatalonData/IWPTestData/VRelay25Payments.xlsx": null

25-09-2024T18:13:46 - [TEST_STEP][PASSED] - numOfRows = <not implemented yet for class: org.codehaus.groovy.ast.expr.EmptyExpression>: null

25-09-2024T18:13:46 - [TEST_STEP][PASSED] - dataFile = <not implemented yet for class: org.codehaus.groovy.ast.expr.EmptyExpression>: null

25-09-2024T18:13:46 - [TEST_STEP][PASSED] - nameSheet = <not implemented yet for class: org.codehaus.groovy.ast.expr.EmptyExpression>: null

25-09-2024T18:13:46 - [TEST_STEP][PASSED] - dataFileEmulator = <not implemented yet for class: org.codehaus.groovy.ast.expr.EmptyExpression>: null

25-09-2024T18:13:46 - [TEST_STEP][PASSED] - nameSheet = "NoUnderPayErrorCorp": null

25-09-2024T18:13:46 - [TEST_STEP][PASSED] - dataFile = "IWPTestData/IWP25NoUnderPayErrorCorp": null

25-09-2024T18:13:46 - [TEST_STEP][PASSED] - dataFileEmulator = "IWPTestData/EmulatorData": null

25-09-2024T18:13:46 - [TEST_STEP][PASSED] - numOfRows = findTestData(dataFile).getRowNumbers(): null

25-09-2024T18:13:46 - [TEST_STEP][PASSED] - println("Number of Records: " + numOfRows): null

25-09-2024T18:13:46 - [TEST_STEP][PASSED] - for ([row = 1, row <= numOfRows, (row++)]): Browser is closed

25-09-2024T18:13:46 - [TEST_STEP][PASSED] - ExecuteTC = findTestData(dataFile).getValue("Execute", row): null

25-09-2024T18:13:46 - [TEST_STEP][PASSED] - out.println("Value of Execute is : " + ExecuteTC): null

25-09-2024T18:13:46 - [TEST_STEP][PASSED] - if (ExecuteTC.equalsIgnoreCase("Y")): null

25-09-2024T18:13:46 - [TEST_STEP][PASSED] - out.println("Begin Record Number: " + row): null

25-09-2024T18:13:46 - [TEST_STEP][PASSED] - today = new java.util.Date(): null

25-09-2024T18:13:46 - [TEST_STEP][PASSED] - println(today): null

25-09-2024T18:13:46 - [TEST_STEP][PASSED] - datText = today: null

25-09-2024T18:13:46 - [TEST_STEP][PASSED] - EmulatorDataKey = findTestData(dataFile).getValue("EmulatorData", row): null

25-09-2024T18:13:46 - [TEST_STEP][PASSED] - out.println("Value of Emulator Key is : " + EmulatorDataKey): null

25-09-2024T18:13:46 - [TEST_STEP][PASSED] - iwpPages.emulatorIWP30.setDataEmulator_DD(EmulatorDataKey): iwpPages.emulatorIWP30.setDataEmulator_DD is PASSED

25-09-2024T18:13:47 - [MESSAGE][INFO] - Starting 'Edge Chromium' driver

25-09-2024T18:13:47 - [MESSAGE][INFO] - User set preference: ['acceptInsecureCerts', 'true']

25-09-2024T18:13:49 - [MESSAGE][INFO] - Action delay is set to 0 milliseconds

25-09-2024T18:13:52 - [MESSAGE][PASSED] - Browser is opened with url: 'https://qa.velocitypayment.com/agency/config.do?action=editor&message_version=2_5'

25-09-2024T18:13:52 - [MESSAGE][PASSED] - Current window maximized

25-09-2024T18:13:53 - [MESSAGE][PASSED] - All options with value '2.5' are selected in object 'Object Repository/IWP30/Page_VRelay30Emulator/MV'  using regular expression

25-09-2024T18:13:54 - [MESSAGE][PASSED] - Text '10.50' is set on object 'Object Repository/IWP30/Page_VRelay30Emulator/Amount'

25-09-2024T18:13:54 - [MESSAGE][PASSED] - Text 'oHmtjlcZcRWV' is set on object 'Object Repository/IWP30/Page_VRelay30Emulator/CAN'

25-09-2024T18:13:55 - [MESSAGE][PASSED] - Text 'PayNow' is set on object 'Object Repository/IWP30/Page_VRelay30Emulator/Action'

25-09-2024T18:13:55 - [MESSAGE][PASSED] - Text 'en_US' is set on object 'Object Repository/IWP30/Page_VRelay30Emulator/Lang'

25-09-2024T18:13:56 - [MESSAGE][PASSED] - Text 'Curlonty' is set on object 'Object Repository/IWP30/Page_VRelay30Emulator/Fname'

25-09-2024T18:13:57 - [MESSAGE][PASSED] - Text 'Lachuga' is set on object 'Object Repository/IWP30/Page_VRelay30Emulator/Lname'

25-09-2024T18:13:57 - [MESSAGE][PASSED] - Text '258 Underwood rd' is set on object 'Object Repository/IWP30/Page_VRelay30Emulator/AL1'

25-09-2024T18:13:58 - [MESSAGE][PASSED] - Text 'Suite 600' is set on object 'Object Repository/IWP30/Page_VRelay30Emulator/AL2'

25-09-2024T18:13:58 - [MESSAGE][PASSED] - Text '840' is set on object 'Object Repository/IWP30/Page_VRelay30Emulator/Country'

25-09-2024T18:13:59 - [MESSAGE][PASSED] - Text 'Arlington' is set on object 'Object Repository/IWP30/Page_VRelay30Emulator/City'

25-09-2024T18:14:00 - [MESSAGE][PASSED] - Text 'VA' is set on object 'Object Repository/IWP30/Page_VRelay30Emulator/State'

25-09-2024T18:14:00 - [MESSAGE][PASSED] - Text '22201' is set on object 'Object Repository/IWP30/Page_VRelay30Emulator/ZIP'

25-09-2024T18:14:01 - [MESSAGE][PASSED] - Text '' is set on object 'Object Repository/IWP30/Page_VRelay30Emulator/Order'

25-09-2024T18:14:01 - [MESSAGE][PASSED] - Text '' is set on object 'Object Repository/IWP30/Page_VRelay30Emulator/Company'

25-09-2024T18:14:02 - [MESSAGE][PASSED] - Text '' is set on object 'Object Repository/IWP30/Page_VRelay30Emulator/Email'

25-09-2024T18:14:03 - [MESSAGE][PASSED] - Text 'udf data 1' is set on object 'Object Repository/IWP30/Page_VRelay30Emulator/UDF1'

25-09-2024T18:14:03 - [MESSAGE][PASSED] - Text 'udf data 2' is set on object 'Object Repository/IWP30/Page_VRelay30Emulator/UDF2'

25-09-2024T18:14:04 - [MESSAGE][PASSED] - Text '' is set on object 'Object Repository/IWP30/Page_VRelay30Emulator/UDF3'

25-09-2024T18:14:04 - [MESSAGE][PASSED] - Text '' is set on object 'Object Repository/IWP30/Page_VRelay30Emulator/UDF4'

25-09-2024T18:14:05 - [MESSAGE][PASSED] - Text '' is set on object 'Object Repository/IWP30/Page_VRelay30Emulator/UDF5'

25-09-2024T18:14:05 - [MESSAGE][PASSED] - Text '' is set on object 'Object Repository/IWP30/Page_VRelay30Emulator/UDF6'

25-09-2024T18:14:06 - [MESSAGE][PASSED] - Text '' is set on object 'Object Repository/IWP30/Page_VRelay30Emulator/UDF7'

25-09-2024T18:14:07 - [MESSAGE][PASSED] - Text '' is set on object 'Object Repository/IWP30/Page_VRelay30Emulator/UDF8'

25-09-2024T18:14:07 - [MESSAGE][PASSED] - Text '' is set on object 'Object Repository/IWP30/Page_VRelay30Emulator/UDF9'

25-09-2024T18:14:08 - [MESSAGE][PASSED] - Text '' is set on object 'Object Repository/IWP30/Page_VRelay30Emulator/UDF10'

25-09-2024T18:14:09 - [MESSAGE][PASSED] - Object: 'Object Repository/IWP30/Page_VRelay30Emulator/Submit' is clicked on

25-09-2024T18:14:13 - [MESSAGE][PASSED] - Browser is closed

25-09-2024T18:14:17 - [MESSAGE][PASSED] - iwpPages.emulatorIWP30.setDataEmulator_DD is PASSED

25-09-2024T18:14:17 - [TEST_STEP][PASSED] - testHarnessURL = urlTestHarness: null

25-09-2024T18:14:17 - [TEST_STEP][PASSED] - openBrowser(testHarnessURL): Browser is opened with url: 'https://dev-algorithm.govolution.com/vrelaytest/QA/version_2_2/vrelaytest.html'

25-09-2024T18:14:17 - [MESSAGE][INFO] - Starting 'Edge Chromium' driver

25-09-2024T18:14:17 - [MESSAGE][INFO] - User set preference: ['acceptInsecureCerts', 'true']

25-09-2024T18:14:19 - [MESSAGE][INFO] - Action delay is set to 0 milliseconds

25-09-2024T18:14:24 - [MESSAGE][PASSED] - Browser is opened with url: 'https://dev-algorithm.govolution.com/vrelaytest/QA/version_2_2/vrelaytest.html'

25-09-2024T18:14:24 - [TEST_STEP][PASSED] - maximizeWindow(): Current window maximized

25-09-2024T18:14:24 - [MESSAGE][PASSED] - Current window maximized

25-09-2024T18:14:24 - [TEST_STEP][PASSED] - iwpPages.TestHarnessPage.setDataMethod(row, dataFile): iwpPages.TestHarnessPage.setDataMethod is PASSED

25-09-2024T18:14:24 - [MESSAGE][PASSED] - Object 'Object Repository/IWP30/Page_QATestHarness/RemittanceID' is present

25-09-2024T18:14:25 - [MESSAGE][PASSED] - Text '653' is set on object 'Object Repository/IWP30/Page_QATestHarness/ApplicationID'

25-09-2024T18:14:25 - [MESSAGE][PASSED] - Text '2.5' is set on object 'Object Repository/IWP30/Page_QATestHarness/MessageVersion'

25-09-2024T18:14:26 - [MESSAGE][PASSED] - Text 'W6IVK0ujJBxR' is set on object 'Object Repository/IWP30/Page_QATestHarness/RemittanceID'

25-09-2024T18:14:29 - [MESSAGE][PASSED] - Object: 'Object Repository/IWP30/Page_QATestHarness/SubmitButton' is clicked on

25-09-2024T18:14:29 - [MESSAGE][PASSED] - iwpPages.TestHarnessPage.setDataMethod is PASSED

25-09-2024T18:14:29 - [TEST_STEP][PASSED] - click(findTestObject("Object Repository/IWP30/Page_SelectPaymentMethod/PayByCorporateCheck")): Object: 'Object Repository/IWP30/Page_SelectPaymentMethod/PayByCorporateCheck' is clicked on

25-09-2024T18:14:29 - [MESSAGE][PASSED] - Object: 'Object Repository/IWP30/Page_SelectPaymentMethod/PayByCorporateCheck' is clicked on

25-09-2024T18:14:29 - [TEST_STEP][PASSED] - click(findTestObject("Object Repository/IWP30/Page_SelectPaymentMethod/MakePaymentButton")): Object: 'Object Repository/IWP30/Page_SelectPaymentMethod/MakePaymentButton' is clicked on

25-09-2024T18:14:31 - [MESSAGE][PASSED] - Object: 'Object Repository/IWP30/Page_SelectPaymentMethod/MakePaymentButton' is clicked on

25-09-2024T18:14:31 - [TEST_STEP][PASSED] - iwpPages.achCorporatePaymentEntryPage.setDataCorporate(row, dataFile): iwpPages.achCorporatePaymentEntryPage.setDataCorporate is PASSED

25-09-2024T18:14:32 - [MESSAGE][PASSED] - Object 'Object Repository/IWP30/Page_ACHCorporatePaymentEntry/txt_accountNumber' is present

25-09-2024T18:14:32 - [MESSAGE][PASSED] - Object 'Object Repository/IWP30/Page_ACHCorporatePaymentEntry/input_CompanyName' is present

25-09-2024T18:14:33 - [MESSAGE][PASSED] - Text 'My Company' is set on object 'Object Repository/IWP30/Page_ACHCorporatePaymentEntry/input_CompanyName'

25-09-2024T18:14:33 - [MESSAGE][PASSED] - Object 'Object Repository/IWP30/Page_ACHCorporatePaymentEntry/input_EIN' is present

25-09-2024T18:14:34 - [MESSAGE][PASSED] - Text '123456789' is set on object 'Object Repository/IWP30/Page_ACHCorporatePaymentEntry/input_EIN'

25-09-2024T18:14:34 - [MESSAGE][PASSED] - Text '9.50' is set on object 'Object Repository/IWP30/Page_ACHCorporatePaymentEntry/txt_Amount'

25-09-2024T18:14:35 - [MESSAGE][PASSED] - Object 'Object Repository/IWP30/Page_ACHCorporatePaymentEntry/txt_routingNumber' is present

25-09-2024T18:14:35 - [MESSAGE][PASSED] - Text '256072691' is set on object 'Object Repository/IWP30/Page_ACHCorporatePaymentEntry/txt_routingNumber'

25-09-2024T18:14:35 - [MESSAGE][PASSED] - Object 'Object Repository/IWP30/Page_ACHCorporatePaymentEntry/txt_accountNumber' is present

25-09-2024T18:14:37 - [MESSAGE][PASSED] - Text '12344444' is set on object 'Object Repository/IWP30/Page_ACHCorporatePaymentEntry/txt_accountNumber'

25-09-2024T18:14:37 - [MESSAGE][PASSED] - Object 'Object Repository/IWP30/Page_ACHCorporatePaymentEntry/txt_confirmAccountNumber' is present

25-09-2024T18:14:38 - [MESSAGE][PASSED] - Text '12344444' is set on object 'Object Repository/IWP30/Page_ACHCorporatePaymentEntry/txt_confirmAccountNumber'

25-09-2024T18:14:38 - [MESSAGE][PASSED] - Object 'Object Repository/IWP30/Page_ACHCorporatePaymentEntry/txt_Email' is present

25-09-2024T18:14:39 - [MESSAGE][PASSED] - Text 'iahmed@govolution.com' is set on object 'Object Repository/IWP30/Page_ACHCorporatePaymentEntry/txt_Email'

25-09-2024T18:14:39 - [MESSAGE][PASSED] - Object 'Object Repository/IWP30/Page_ACHCorporatePaymentEntry/cb_TermsAndCond' is present

25-09-2024T18:14:39 - [MESSAGE][PASSED] - Object: 'Object Repository/IWP30/Page_ACHCorporatePaymentEntry/cb_TermsAndCond' is clicked on

25-09-2024T18:14:40 - [MESSAGE][PASSED] - Object 'Object Repository/IWP30/Page_ACHCorporatePaymentEntry/btn_Continue' is present

25-09-2024T18:14:42 - [MESSAGE][PASSED] - Object: 'Object Repository/IWP30/Page_ACHCorporatePaymentEntry/btn_Continue' is clicked on

25-09-2024T18:14:42 - [MESSAGE][PASSED] - iwpPages.achCorporatePaymentEntryPage.setDataCorporate is PASSED

25-09-2024T18:14:42 - [TEST_STEP][PASSED] - Thread.sleep(10000): null

25-09-2024T18:14:52 - [TEST_STEP][PASSED] - if (verifyTextPresent("Payment amounts less than 10.50 are not accepted", false)): null

25-09-2024T18:14:52 - [MESSAGE][PASSED] - Text 'Payment amounts less than 10.50 are not accepted' is present on page 

25-09-2024T18:14:52 - [TEST_STEP][PASSED] - println("UnderPay Error message shown"): null

25-09-2024T18:14:52 - [TEST_STEP][PASSED] - markPassed("Under Pay Error message shown"): Under Pay Error message shown

25-09-2024T18:14:52 - [MESSAGE][PASSED] - Under Pay Error message shown

25-09-2024T18:14:52 - [TEST_STEP][PASSED] - resText = "Pass": null

25-09-2024T18:14:52 - [TEST_STEP][PASSED] - pages.WriteExcel.demoKey(resText, datText, resColumn, datCloumn, fileLoc, nameSheet, row): pages.WriteExcel.demoKey is PASSED

25-09-2024T18:14:52 - [MESSAGE][PASSED] - pages.WriteExcel.demoKey is PASSED

25-09-2024T18:14:52 - [TEST_STEP][PASSED] - closeBrowser(): Browser is closed

25-09-2024T18:14:56 - [MESSAGE][PASSED] - Browser is closed]]></system-out>
         <system-err><![CDATA[]]></system-err>
      </testcase>
      <testcase name="Test Cases/IntegratedWeb/IWP25/Error/NoUnderPayErrorPC" time="96.335" classname="Test Cases/IntegratedWeb/IWP25/Error/NoUnderPayErrorPC" status="PASSED">
         <system-out><![CDATA[25-09-2024T18:14:56 - [TEST_CASE][PASSED] - Test Cases/IntegratedWeb/IWP25/Error/NoUnderPayErrorPC: Test Cases/IntegratedWeb/IWP25/Error/NoUnderPayErrorPC

25-09-2024T18:14:56 - [TEST_STEP][PASSED] - resText = "Fail": null

25-09-2024T18:14:56 - [TEST_STEP][PASSED] - resColumn = "Result": null

25-09-2024T18:14:56 - [TEST_STEP][PASSED] - datCloumn = "Date": null

25-09-2024T18:14:56 - [TEST_STEP][PASSED] - fileLoc = "KatalonData/IWPTestData/VRelay25Payments.xlsx": null

25-09-2024T18:14:56 - [TEST_STEP][PASSED] - numOfRows = <not implemented yet for class: org.codehaus.groovy.ast.expr.EmptyExpression>: null

25-09-2024T18:14:56 - [TEST_STEP][PASSED] - dataFile = <not implemented yet for class: org.codehaus.groovy.ast.expr.EmptyExpression>: null

25-09-2024T18:14:56 - [TEST_STEP][PASSED] - nameSheet = <not implemented yet for class: org.codehaus.groovy.ast.expr.EmptyExpression>: null

25-09-2024T18:14:56 - [TEST_STEP][PASSED] - dataFileEmulator = <not implemented yet for class: org.codehaus.groovy.ast.expr.EmptyExpression>: null

25-09-2024T18:14:56 - [TEST_STEP][PASSED] - nameSheet = "NoUnderPayErrorPC": null

25-09-2024T18:14:56 - [TEST_STEP][PASSED] - dataFile = "IWPTestData/IWP25NoUnderPayErrorPC": null

25-09-2024T18:14:56 - [TEST_STEP][PASSED] - dataFileEmulator = "IWPTestData/EmulatorData": null

25-09-2024T18:14:56 - [TEST_STEP][PASSED] - numOfRows = findTestData(dataFile).getRowNumbers(): null

25-09-2024T18:14:56 - [TEST_STEP][PASSED] - println("Number of Records: " + numOfRows): null

25-09-2024T18:14:56 - [TEST_STEP][PASSED] - for ([row = 1, row <= numOfRows, (row++)]): Browser is closed

25-09-2024T18:14:56 - [TEST_STEP][PASSED] - ExecuteTC = findTestData(dataFile).getValue("Execute", row): null

25-09-2024T18:14:56 - [TEST_STEP][PASSED] - out.println("Value of Execute is : " + ExecuteTC): null

25-09-2024T18:14:56 - [TEST_STEP][PASSED] - if (ExecuteTC.equalsIgnoreCase("Y")): null

25-09-2024T18:14:56 - [TEST_STEP][PASSED] - out.println("Begin Record Number: " + row): null

25-09-2024T18:14:56 - [TEST_STEP][PASSED] - today = new java.util.Date(): null

25-09-2024T18:14:56 - [TEST_STEP][PASSED] - println(today): null

25-09-2024T18:14:56 - [TEST_STEP][PASSED] - datText = today: null

25-09-2024T18:14:56 - [TEST_STEP][PASSED] - EmulatorDataKey = findTestData(dataFile).getValue("EmulatorData", row): null

25-09-2024T18:14:56 - [TEST_STEP][PASSED] - out.println("Value of Emulator Key is : " + EmulatorDataKey): null

25-09-2024T18:14:56 - [TEST_STEP][PASSED] - iwpPages.emulatorIWP30.setDataEmulator_DD(EmulatorDataKey): iwpPages.emulatorIWP30.setDataEmulator_DD is PASSED

25-09-2024T18:14:56 - [MESSAGE][INFO] - Starting 'Edge Chromium' driver

25-09-2024T18:14:56 - [MESSAGE][INFO] - User set preference: ['acceptInsecureCerts', 'true']

25-09-2024T18:14:58 - [MESSAGE][INFO] - Action delay is set to 0 milliseconds

25-09-2024T18:15:31 - [MESSAGE][PASSED] - Browser is opened with url: 'https://qa.velocitypayment.com/agency/config.do?action=editor&message_version=2_5'

25-09-2024T18:15:31 - [MESSAGE][PASSED] - Current window maximized

25-09-2024T18:15:32 - [MESSAGE][PASSED] - All options with value '2.5' are selected in object 'Object Repository/IWP30/Page_VRelay30Emulator/MV'  using regular expression

25-09-2024T18:15:32 - [MESSAGE][PASSED] - Text '10.50' is set on object 'Object Repository/IWP30/Page_VRelay30Emulator/Amount'

25-09-2024T18:15:33 - [MESSAGE][PASSED] - Text 'yFJVIXbAev7P' is set on object 'Object Repository/IWP30/Page_VRelay30Emulator/CAN'

25-09-2024T18:15:34 - [MESSAGE][PASSED] - Text 'PayNow' is set on object 'Object Repository/IWP30/Page_VRelay30Emulator/Action'

25-09-2024T18:15:34 - [MESSAGE][PASSED] - Text 'en_US' is set on object 'Object Repository/IWP30/Page_VRelay30Emulator/Lang'

25-09-2024T18:15:35 - [MESSAGE][PASSED] - Text 'Curlonty' is set on object 'Object Repository/IWP30/Page_VRelay30Emulator/Fname'

25-09-2024T18:15:36 - [MESSAGE][PASSED] - Text 'Lachuga' is set on object 'Object Repository/IWP30/Page_VRelay30Emulator/Lname'

25-09-2024T18:15:36 - [MESSAGE][PASSED] - Text '258 Underwood rd' is set on object 'Object Repository/IWP30/Page_VRelay30Emulator/AL1'

25-09-2024T18:15:37 - [MESSAGE][PASSED] - Text 'Suite 600' is set on object 'Object Repository/IWP30/Page_VRelay30Emulator/AL2'

25-09-2024T18:15:37 - [MESSAGE][PASSED] - Text '840' is set on object 'Object Repository/IWP30/Page_VRelay30Emulator/Country'

25-09-2024T18:15:38 - [MESSAGE][PASSED] - Text 'Arlington' is set on object 'Object Repository/IWP30/Page_VRelay30Emulator/City'

25-09-2024T18:15:39 - [MESSAGE][PASSED] - Text 'VA' is set on object 'Object Repository/IWP30/Page_VRelay30Emulator/State'

25-09-2024T18:15:39 - [MESSAGE][PASSED] - Text '22201' is set on object 'Object Repository/IWP30/Page_VRelay30Emulator/ZIP'

25-09-2024T18:15:40 - [MESSAGE][PASSED] - Text '' is set on object 'Object Repository/IWP30/Page_VRelay30Emulator/Order'

25-09-2024T18:15:40 - [MESSAGE][PASSED] - Text '' is set on object 'Object Repository/IWP30/Page_VRelay30Emulator/Company'

25-09-2024T18:15:41 - [MESSAGE][PASSED] - Text '' is set on object 'Object Repository/IWP30/Page_VRelay30Emulator/Email'

25-09-2024T18:15:41 - [MESSAGE][PASSED] - Text 'udf data 1' is set on object 'Object Repository/IWP30/Page_VRelay30Emulator/UDF1'

25-09-2024T18:15:42 - [MESSAGE][PASSED] - Text 'udf data 2' is set on object 'Object Repository/IWP30/Page_VRelay30Emulator/UDF2'

25-09-2024T18:15:43 - [MESSAGE][PASSED] - Text '' is set on object 'Object Repository/IWP30/Page_VRelay30Emulator/UDF3'

25-09-2024T18:15:43 - [MESSAGE][PASSED] - Text '' is set on object 'Object Repository/IWP30/Page_VRelay30Emulator/UDF4'

25-09-2024T18:15:44 - [MESSAGE][PASSED] - Text '' is set on object 'Object Repository/IWP30/Page_VRelay30Emulator/UDF5'

25-09-2024T18:15:44 - [MESSAGE][PASSED] - Text '' is set on object 'Object Repository/IWP30/Page_VRelay30Emulator/UDF6'

25-09-2024T18:15:45 - [MESSAGE][PASSED] - Text '' is set on object 'Object Repository/IWP30/Page_VRelay30Emulator/UDF7'

25-09-2024T18:15:46 - [MESSAGE][PASSED] - Text '' is set on object 'Object Repository/IWP30/Page_VRelay30Emulator/UDF8'

25-09-2024T18:15:46 - [MESSAGE][PASSED] - Text '' is set on object 'Object Repository/IWP30/Page_VRelay30Emulator/UDF9'

25-09-2024T18:15:47 - [MESSAGE][PASSED] - Text '' is set on object 'Object Repository/IWP30/Page_VRelay30Emulator/UDF10'

25-09-2024T18:15:48 - [MESSAGE][PASSED] - Object: 'Object Repository/IWP30/Page_VRelay30Emulator/Submit' is clicked on

25-09-2024T18:15:52 - [MESSAGE][PASSED] - Browser is closed

25-09-2024T18:15:56 - [MESSAGE][PASSED] - iwpPages.emulatorIWP30.setDataEmulator_DD is PASSED

25-09-2024T18:15:56 - [TEST_STEP][PASSED] - testHarnessURL = urlTestHarness: null

25-09-2024T18:15:56 - [TEST_STEP][PASSED] - openBrowser(testHarnessURL): Browser is opened with url: 'https://dev-algorithm.govolution.com/vrelaytest/QA/version_2_2/vrelaytest.html'

25-09-2024T18:15:56 - [MESSAGE][INFO] - Starting 'Edge Chromium' driver

25-09-2024T18:15:56 - [MESSAGE][INFO] - User set preference: ['acceptInsecureCerts', 'true']

25-09-2024T18:15:58 - [MESSAGE][INFO] - Action delay is set to 0 milliseconds

25-09-2024T18:16:02 - [MESSAGE][PASSED] - Browser is opened with url: 'https://dev-algorithm.govolution.com/vrelaytest/QA/version_2_2/vrelaytest.html'

25-09-2024T18:16:02 - [TEST_STEP][PASSED] - maximizeWindow(): Current window maximized

25-09-2024T18:16:02 - [MESSAGE][PASSED] - Current window maximized

25-09-2024T18:16:02 - [TEST_STEP][PASSED] - iwpPages.TestHarnessPage.setDataMethod(row, dataFile): iwpPages.TestHarnessPage.setDataMethod is PASSED

25-09-2024T18:16:02 - [MESSAGE][PASSED] - Object 'Object Repository/IWP30/Page_QATestHarness/RemittanceID' is present

25-09-2024T18:16:03 - [MESSAGE][PASSED] - Text '653' is set on object 'Object Repository/IWP30/Page_QATestHarness/ApplicationID'

25-09-2024T18:16:03 - [MESSAGE][PASSED] - Text '2.5' is set on object 'Object Repository/IWP30/Page_QATestHarness/MessageVersion'

25-09-2024T18:16:04 - [MESSAGE][PASSED] - Text '4N6ek9VAU0mK' is set on object 'Object Repository/IWP30/Page_QATestHarness/RemittanceID'

25-09-2024T18:16:07 - [MESSAGE][PASSED] - Object: 'Object Repository/IWP30/Page_QATestHarness/SubmitButton' is clicked on

25-09-2024T18:16:07 - [MESSAGE][PASSED] - iwpPages.TestHarnessPage.setDataMethod is PASSED

25-09-2024T18:16:07 - [TEST_STEP][PASSED] - click(findTestObject("Object Repository/IWP30/Page_SelectPaymentMethod/PayByPersonalCheck")): Object: 'Object Repository/IWP30/Page_SelectPaymentMethod/PayByPersonalCheck' is clicked on

25-09-2024T18:16:07 - [MESSAGE][PASSED] - Object: 'Object Repository/IWP30/Page_SelectPaymentMethod/PayByPersonalCheck' is clicked on

25-09-2024T18:16:07 - [TEST_STEP][PASSED] - click(findTestObject("Object Repository/IWP30/Page_SelectPaymentMethod/MakePaymentButton")): Object: 'Object Repository/IWP30/Page_SelectPaymentMethod/MakePaymentButton' is clicked on

25-09-2024T18:16:09 - [MESSAGE][PASSED] - Object: 'Object Repository/IWP30/Page_SelectPaymentMethod/MakePaymentButton' is clicked on

25-09-2024T18:16:09 - [TEST_STEP][PASSED] - iwpPages.achPersonalPaymentEntryPage.setDataACHPPM(row, dataFile): iwpPages.achPersonalPaymentEntryPage.setDataACHPPM is PASSED

25-09-2024T18:16:10 - [MESSAGE][PASSED] - Object 'Object Repository/IWP30/Page_ACHPersonalPaymentEntry/txt_accountNumber' is present

25-09-2024T18:16:11 - [MESSAGE][PASSED] - Text '9.50' is set on object 'Object Repository/IWP30/Page_ACHPersonalPaymentEntry/txt_Amount'

25-09-2024T18:16:11 - [MESSAGE][PASSED] - Object 'Object Repository/IWP30/Page_ACHPersonalPaymentEntry/txt_UDF2' is present

25-09-2024T18:16:11 - [MESSAGE][PASSED] - Object 'Object Repository/IWP30/Page_ACHPersonalPaymentEntry/txt_Firstname' is present

25-09-2024T18:16:12 - [MESSAGE][PASSED] - Text 'Elizath' is set on object 'Object Repository/IWP30/Page_ACHPersonalPaymentEntry/txt_Firstname'

25-09-2024T18:16:12 - [MESSAGE][PASSED] - Object 'Object Repository/IWP30/Page_ACHPersonalPaymentEntry/txt_Lastname' is present

25-09-2024T18:16:13 - [MESSAGE][PASSED] - Text 'Christine' is set on object 'Object Repository/IWP30/Page_ACHPersonalPaymentEntry/txt_Lastname'

25-09-2024T18:16:13 - [MESSAGE][PASSED] - Object 'Object Repository/IWP30/Page_ACHPersonalPaymentEntry/txt_routingNumber' is present

25-09-2024T18:16:14 - [MESSAGE][PASSED] - Text '256072691' is set on object 'Object Repository/IWP30/Page_ACHPersonalPaymentEntry/txt_routingNumber'

25-09-2024T18:16:14 - [MESSAGE][PASSED] - Object 'Object Repository/IWP30/Page_ACHPersonalPaymentEntry/txt_accountNumber' is present

25-09-2024T18:16:16 - [MESSAGE][PASSED] - Text '12344444' is set on object 'Object Repository/IWP30/Page_ACHPersonalPaymentEntry/txt_accountNumber'

25-09-2024T18:16:16 - [MESSAGE][PASSED] - Object 'Object Repository/IWP30/Page_ACHPersonalPaymentEntry/txt_confirmAccountNumber' is present

25-09-2024T18:16:17 - [MESSAGE][PASSED] - Text '12344444' is set on object 'Object Repository/IWP30/Page_ACHPersonalPaymentEntry/txt_confirmAccountNumber'

25-09-2024T18:16:17 - [MESSAGE][PASSED] - Object 'Object Repository/IWP30/Page_ACHPersonalPaymentEntry/rd_accountType' is present

25-09-2024T18:16:17 - [MESSAGE][PASSED] - Modify property of object successfully

25-09-2024T18:16:17 - [MESSAGE][PASSED] - Object: 'Object Repository/IWP30/Page_ACHPersonalPaymentEntry/rd_accountType' is clicked on

25-09-2024T18:16:17 - [MESSAGE][PASSED] - Object 'Object Repository/IWP30/Page_ACHPersonalPaymentEntry/txt_Email' is present

25-09-2024T18:16:18 - [MESSAGE][PASSED] - Text 'iahmed@govolution.com' is set on object 'Object Repository/IWP30/Page_ACHPersonalPaymentEntry/txt_Email'

25-09-2024T18:16:18 - [MESSAGE][PASSED] - Object 'Object Repository/IWP30/Page_ACHPersonalPaymentEntry/cb_TermsAndCond' is present

25-09-2024T18:16:19 - [MESSAGE][PASSED] - Object: 'Object Repository/IWP30/Page_ACHPersonalPaymentEntry/cb_TermsAndCond' is clicked on

25-09-2024T18:16:19 - [MESSAGE][PASSED] - Object 'Object Repository/IWP30/Page_ACHPersonalPaymentEntry/btn_Continue' is present

25-09-2024T18:16:21 - [MESSAGE][PASSED] - Object: 'Object Repository/IWP30/Page_ACHPersonalPaymentEntry/btn_Continue' is clicked on

25-09-2024T18:16:21 - [MESSAGE][PASSED] - iwpPages.achPersonalPaymentEntryPage.setDataACHPPM is PASSED

25-09-2024T18:16:21 - [TEST_STEP][PASSED] - Thread.sleep(10000): null

25-09-2024T18:16:31 - [TEST_STEP][PASSED] - if (verifyTextPresent("Payment amounts less than 10.50 are not accepted", false)): null

25-09-2024T18:16:31 - [MESSAGE][PASSED] - Text 'Payment amounts less than 10.50 are not accepted' is present on page 

25-09-2024T18:16:31 - [TEST_STEP][PASSED] - println("UnderPay Error message shown"): null

25-09-2024T18:16:31 - [TEST_STEP][PASSED] - markPassed("Under Pay Error message shown"): Under Pay Error message shown

25-09-2024T18:16:31 - [MESSAGE][PASSED] - Under Pay Error message shown

25-09-2024T18:16:31 - [TEST_STEP][PASSED] - resText = "Pass": null

25-09-2024T18:16:31 - [TEST_STEP][PASSED] - pages.WriteExcel.demoKey(resText, datText, resColumn, datCloumn, fileLoc, nameSheet, row): pages.WriteExcel.demoKey is PASSED

25-09-2024T18:16:31 - [MESSAGE][PASSED] - pages.WriteExcel.demoKey is PASSED

25-09-2024T18:16:31 - [TEST_STEP][PASSED] - closeBrowser(): Browser is closed

25-09-2024T18:16:32 - [MESSAGE][PASSED] - Browser is closed]]></system-out>
         <system-err><![CDATA[]]></system-err>
      </testcase>
      <testcase name="Test Cases/IntegratedWeb/IWP25/Error/NoUnderPayErrorPS" time="68.934" classname="Test Cases/IntegratedWeb/IWP25/Error/NoUnderPayErrorPS" status="PASSED">
         <system-out><![CDATA[25-09-2024T18:16:32 - [TEST_CASE][PASSED] - Test Cases/IntegratedWeb/IWP25/Error/NoUnderPayErrorPS: Test Cases/IntegratedWeb/IWP25/Error/NoUnderPayErrorPS

25-09-2024T18:16:32 - [TEST_STEP][PASSED] - resText = "Fail": null

25-09-2024T18:16:32 - [TEST_STEP][PASSED] - resColumn = "Result": null

25-09-2024T18:16:32 - [TEST_STEP][PASSED] - datCloumn = "Date": null

25-09-2024T18:16:32 - [TEST_STEP][PASSED] - fileLoc = "KatalonData/IWPTestData/VRelay25Payments.xlsx": null

25-09-2024T18:16:32 - [TEST_STEP][PASSED] - numOfRows = <not implemented yet for class: org.codehaus.groovy.ast.expr.EmptyExpression>: null

25-09-2024T18:16:32 - [TEST_STEP][PASSED] - dataFile = <not implemented yet for class: org.codehaus.groovy.ast.expr.EmptyExpression>: null

25-09-2024T18:16:32 - [TEST_STEP][PASSED] - nameSheet = <not implemented yet for class: org.codehaus.groovy.ast.expr.EmptyExpression>: null

25-09-2024T18:16:32 - [TEST_STEP][PASSED] - dataFileEmulator = <not implemented yet for class: org.codehaus.groovy.ast.expr.EmptyExpression>: null

25-09-2024T18:16:32 - [TEST_STEP][PASSED] - nameSheet = "NoUnderPayErrorPS": null

25-09-2024T18:16:32 - [TEST_STEP][PASSED] - dataFile = "IWPTestData/IWP25NoUnderPayErrorPS": null

25-09-2024T18:16:32 - [TEST_STEP][PASSED] - dataFileEmulator = "IWPTestData/EmulatorData": null

25-09-2024T18:16:32 - [TEST_STEP][PASSED] - numOfRows = findTestData(dataFile).getRowNumbers(): null

25-09-2024T18:16:32 - [TEST_STEP][PASSED] - println("Number of Records: " + numOfRows): null

25-09-2024T18:16:32 - [TEST_STEP][PASSED] - for ([row = 1, row <= numOfRows, (row++)]): Browser is closed

25-09-2024T18:16:32 - [TEST_STEP][PASSED] - ExecuteTC = findTestData(dataFile).getValue("Execute", row): null

25-09-2024T18:16:32 - [TEST_STEP][PASSED] - out.println("Value of Execute is : " + ExecuteTC): null

25-09-2024T18:16:32 - [TEST_STEP][PASSED] - if (ExecuteTC.equalsIgnoreCase("Y")): null

25-09-2024T18:16:32 - [TEST_STEP][PASSED] - out.println("Begin Record Number: " + row): null

25-09-2024T18:16:32 - [TEST_STEP][PASSED] - today = new java.util.Date(): null

25-09-2024T18:16:32 - [TEST_STEP][PASSED] - println(today): null

25-09-2024T18:16:32 - [TEST_STEP][PASSED] - datText = today: null

25-09-2024T18:16:32 - [TEST_STEP][PASSED] - EmulatorDataKey = findTestData(dataFile).getValue("EmulatorData", row): null

25-09-2024T18:16:32 - [TEST_STEP][PASSED] - out.println("Value of Emulator Key is : " + EmulatorDataKey): null

25-09-2024T18:16:32 - [TEST_STEP][PASSED] - iwpPages.emulatorIWP30.setDataEmulator_DD(EmulatorDataKey): iwpPages.emulatorIWP30.setDataEmulator_DD is PASSED

25-09-2024T18:16:33 - [MESSAGE][INFO] - Starting 'Edge Chromium' driver

25-09-2024T18:16:33 - [MESSAGE][INFO] - User set preference: ['acceptInsecureCerts', 'true']

25-09-2024T18:16:35 - [MESSAGE][INFO] - Action delay is set to 0 milliseconds

25-09-2024T18:16:39 - [MESSAGE][PASSED] - Browser is opened with url: 'https://qa.velocitypayment.com/agency/config.do?action=editor&message_version=2_5'

25-09-2024T18:16:39 - [MESSAGE][PASSED] - Current window maximized

25-09-2024T18:16:40 - [MESSAGE][PASSED] - All options with value '2.5' are selected in object 'Object Repository/IWP30/Page_VRelay30Emulator/MV'  using regular expression

25-09-2024T18:16:41 - [MESSAGE][PASSED] - Text '10.50' is set on object 'Object Repository/IWP30/Page_VRelay30Emulator/Amount'

25-09-2024T18:16:42 - [MESSAGE][PASSED] - Text 'm2Q17zXHAMNY' is set on object 'Object Repository/IWP30/Page_VRelay30Emulator/CAN'

25-09-2024T18:16:43 - [MESSAGE][PASSED] - Text 'PayNow' is set on object 'Object Repository/IWP30/Page_VRelay30Emulator/Action'

25-09-2024T18:16:43 - [MESSAGE][PASSED] - Text 'en_US' is set on object 'Object Repository/IWP30/Page_VRelay30Emulator/Lang'

25-09-2024T18:16:44 - [MESSAGE][PASSED] - Text 'Curlonty' is set on object 'Object Repository/IWP30/Page_VRelay30Emulator/Fname'

25-09-2024T18:16:44 - [MESSAGE][PASSED] - Text 'Lachuga' is set on object 'Object Repository/IWP30/Page_VRelay30Emulator/Lname'

25-09-2024T18:16:45 - [MESSAGE][PASSED] - Text '258 Underwood rd' is set on object 'Object Repository/IWP30/Page_VRelay30Emulator/AL1'

25-09-2024T18:16:46 - [MESSAGE][PASSED] - Text 'Suite 600' is set on object 'Object Repository/IWP30/Page_VRelay30Emulator/AL2'

25-09-2024T18:16:46 - [MESSAGE][PASSED] - Text '840' is set on object 'Object Repository/IWP30/Page_VRelay30Emulator/Country'

25-09-2024T18:16:47 - [MESSAGE][PASSED] - Text 'Arlington' is set on object 'Object Repository/IWP30/Page_VRelay30Emulator/City'

25-09-2024T18:16:47 - [MESSAGE][PASSED] - Text 'VA' is set on object 'Object Repository/IWP30/Page_VRelay30Emulator/State'

25-09-2024T18:16:48 - [MESSAGE][PASSED] - Text '22201' is set on object 'Object Repository/IWP30/Page_VRelay30Emulator/ZIP'

25-09-2024T18:16:49 - [MESSAGE][PASSED] - Text '' is set on object 'Object Repository/IWP30/Page_VRelay30Emulator/Order'

25-09-2024T18:16:49 - [MESSAGE][PASSED] - Text '' is set on object 'Object Repository/IWP30/Page_VRelay30Emulator/Company'

25-09-2024T18:16:50 - [MESSAGE][PASSED] - Text '' is set on object 'Object Repository/IWP30/Page_VRelay30Emulator/Email'

25-09-2024T18:16:50 - [MESSAGE][PASSED] - Text 'udf data 1' is set on object 'Object Repository/IWP30/Page_VRelay30Emulator/UDF1'

25-09-2024T18:16:51 - [MESSAGE][PASSED] - Text 'udf data 2' is set on object 'Object Repository/IWP30/Page_VRelay30Emulator/UDF2'

25-09-2024T18:16:51 - [MESSAGE][PASSED] - Text '' is set on object 'Object Repository/IWP30/Page_VRelay30Emulator/UDF3'

25-09-2024T18:16:52 - [MESSAGE][PASSED] - Text '' is set on object 'Object Repository/IWP30/Page_VRelay30Emulator/UDF4'

25-09-2024T18:16:53 - [MESSAGE][PASSED] - Text '' is set on object 'Object Repository/IWP30/Page_VRelay30Emulator/UDF5'

25-09-2024T18:16:53 - [MESSAGE][PASSED] - Text '' is set on object 'Object Repository/IWP30/Page_VRelay30Emulator/UDF6'

25-09-2024T18:16:54 - [MESSAGE][PASSED] - Text '' is set on object 'Object Repository/IWP30/Page_VRelay30Emulator/UDF7'

25-09-2024T18:16:54 - [MESSAGE][PASSED] - Text '' is set on object 'Object Repository/IWP30/Page_VRelay30Emulator/UDF8'

25-09-2024T18:16:55 - [MESSAGE][PASSED] - Text '' is set on object 'Object Repository/IWP30/Page_VRelay30Emulator/UDF9'

25-09-2024T18:16:55 - [MESSAGE][PASSED] - Text '' is set on object 'Object Repository/IWP30/Page_VRelay30Emulator/UDF10'

25-09-2024T18:16:57 - [MESSAGE][PASSED] - Object: 'Object Repository/IWP30/Page_VRelay30Emulator/Submit' is clicked on

25-09-2024T18:17:01 - [MESSAGE][PASSED] - Browser is closed

25-09-2024T18:17:05 - [MESSAGE][PASSED] - iwpPages.emulatorIWP30.setDataEmulator_DD is PASSED

25-09-2024T18:17:05 - [TEST_STEP][PASSED] - testHarnessURL = urlTestHarness: null

25-09-2024T18:17:05 - [TEST_STEP][PASSED] - openBrowser(testHarnessURL): Browser is opened with url: 'https://dev-algorithm.govolution.com/vrelaytest/QA/version_2_2/vrelaytest.html'

25-09-2024T18:17:05 - [MESSAGE][INFO] - Starting 'Edge Chromium' driver

25-09-2024T18:17:05 - [MESSAGE][INFO] - User set preference: ['acceptInsecureCerts', 'true']

25-09-2024T18:17:07 - [MESSAGE][INFO] - Action delay is set to 0 milliseconds

25-09-2024T18:17:11 - [MESSAGE][PASSED] - Browser is opened with url: 'https://dev-algorithm.govolution.com/vrelaytest/QA/version_2_2/vrelaytest.html'

25-09-2024T18:17:11 - [TEST_STEP][PASSED] - maximizeWindow(): Current window maximized

25-09-2024T18:17:11 - [MESSAGE][PASSED] - Current window maximized

25-09-2024T18:17:11 - [TEST_STEP][PASSED] - iwpPages.TestHarnessPage.setDataMethod(row, dataFile): iwpPages.TestHarnessPage.setDataMethod is PASSED

25-09-2024T18:17:11 - [MESSAGE][PASSED] - Object 'Object Repository/IWP30/Page_QATestHarness/RemittanceID' is present

25-09-2024T18:17:12 - [MESSAGE][PASSED] - Text '653' is set on object 'Object Repository/IWP30/Page_QATestHarness/ApplicationID'

25-09-2024T18:17:13 - [MESSAGE][PASSED] - Text '2.5' is set on object 'Object Repository/IWP30/Page_QATestHarness/MessageVersion'

25-09-2024T18:17:13 - [MESSAGE][PASSED] - Text '1mviOARrEJ9M' is set on object 'Object Repository/IWP30/Page_QATestHarness/RemittanceID'

25-09-2024T18:17:16 - [MESSAGE][PASSED] - Object: 'Object Repository/IWP30/Page_QATestHarness/SubmitButton' is clicked on

25-09-2024T18:17:16 - [MESSAGE][PASSED] - iwpPages.TestHarnessPage.setDataMethod is PASSED

25-09-2024T18:17:16 - [TEST_STEP][PASSED] - click(findTestObject("Object Repository/IWP30/Page_SelectPaymentMethod/PayByPersonalCheck")): Object: 'Object Repository/IWP30/Page_SelectPaymentMethod/PayByPersonalCheck' is clicked on

25-09-2024T18:17:17 - [MESSAGE][PASSED] - Object: 'Object Repository/IWP30/Page_SelectPaymentMethod/PayByPersonalCheck' is clicked on

25-09-2024T18:17:17 - [TEST_STEP][PASSED] - click(findTestObject("Object Repository/IWP30/Page_SelectPaymentMethod/MakePaymentButton")): Object: 'Object Repository/IWP30/Page_SelectPaymentMethod/MakePaymentButton' is clicked on

25-09-2024T18:17:18 - [MESSAGE][PASSED] - Object: 'Object Repository/IWP30/Page_SelectPaymentMethod/MakePaymentButton' is clicked on

25-09-2024T18:17:18 - [TEST_STEP][PASSED] - iwpPages.achPersonalPaymentEntryPage.setDataACHPPM(row, dataFile): iwpPages.achPersonalPaymentEntryPage.setDataACHPPM is PASSED

25-09-2024T18:17:19 - [MESSAGE][PASSED] - Object 'Object Repository/IWP30/Page_ACHPersonalPaymentEntry/txt_accountNumber' is present

25-09-2024T18:17:20 - [MESSAGE][PASSED] - Text '9.50' is set on object 'Object Repository/IWP30/Page_ACHPersonalPaymentEntry/txt_Amount'

25-09-2024T18:17:20 - [MESSAGE][PASSED] - Object 'Object Repository/IWP30/Page_ACHPersonalPaymentEntry/txt_UDF2' is present

25-09-2024T18:17:21 - [MESSAGE][PASSED] - Object 'Object Repository/IWP30/Page_ACHPersonalPaymentEntry/txt_Firstname' is present

25-09-2024T18:17:21 - [MESSAGE][PASSED] - Text 'Elizath' is set on object 'Object Repository/IWP30/Page_ACHPersonalPaymentEntry/txt_Firstname'

25-09-2024T18:17:21 - [MESSAGE][PASSED] - Object 'Object Repository/IWP30/Page_ACHPersonalPaymentEntry/txt_Lastname' is present

25-09-2024T18:17:22 - [MESSAGE][PASSED] - Text 'Christine' is set on object 'Object Repository/IWP30/Page_ACHPersonalPaymentEntry/txt_Lastname'

25-09-2024T18:17:22 - [MESSAGE][PASSED] - Object 'Object Repository/IWP30/Page_ACHPersonalPaymentEntry/txt_routingNumber' is present

25-09-2024T18:17:23 - [MESSAGE][PASSED] - Text '256072691' is set on object 'Object Repository/IWP30/Page_ACHPersonalPaymentEntry/txt_routingNumber'

25-09-2024T18:17:23 - [MESSAGE][PASSED] - Object 'Object Repository/IWP30/Page_ACHPersonalPaymentEntry/txt_accountNumber' is present

25-09-2024T18:17:25 - [MESSAGE][PASSED] - Text '12344444' is set on object 'Object Repository/IWP30/Page_ACHPersonalPaymentEntry/txt_accountNumber'

25-09-2024T18:17:25 - [MESSAGE][PASSED] - Object 'Object Repository/IWP30/Page_ACHPersonalPaymentEntry/txt_confirmAccountNumber' is present

25-09-2024T18:17:26 - [MESSAGE][PASSED] - Text '12344444' is set on object 'Object Repository/IWP30/Page_ACHPersonalPaymentEntry/txt_confirmAccountNumber'

25-09-2024T18:17:26 - [MESSAGE][PASSED] - Object 'Object Repository/IWP30/Page_ACHPersonalPaymentEntry/rd_accountType' is present

25-09-2024T18:17:26 - [MESSAGE][PASSED] - Modify property of object successfully

25-09-2024T18:17:26 - [MESSAGE][PASSED] - Object: 'Object Repository/IWP30/Page_ACHPersonalPaymentEntry/rd_accountType' is clicked on

25-09-2024T18:17:26 - [MESSAGE][PASSED] - Object 'Object Repository/IWP30/Page_ACHPersonalPaymentEntry/txt_Email' is present

25-09-2024T18:17:27 - [MESSAGE][PASSED] - Text 'iahmed@govolution.com' is set on object 'Object Repository/IWP30/Page_ACHPersonalPaymentEntry/txt_Email'

25-09-2024T18:17:27 - [MESSAGE][PASSED] - Object 'Object Repository/IWP30/Page_ACHPersonalPaymentEntry/cb_TermsAndCond' is present

25-09-2024T18:17:28 - [MESSAGE][PASSED] - Object: 'Object Repository/IWP30/Page_ACHPersonalPaymentEntry/cb_TermsAndCond' is clicked on

25-09-2024T18:17:28 - [MESSAGE][PASSED] - Object 'Object Repository/IWP30/Page_ACHPersonalPaymentEntry/btn_Continue' is present

25-09-2024T18:17:30 - [MESSAGE][PASSED] - Object: 'Object Repository/IWP30/Page_ACHPersonalPaymentEntry/btn_Continue' is clicked on

25-09-2024T18:17:30 - [MESSAGE][PASSED] - iwpPages.achPersonalPaymentEntryPage.setDataACHPPM is PASSED

25-09-2024T18:17:30 - [TEST_STEP][PASSED] - Thread.sleep(10000): null

25-09-2024T18:17:40 - [TEST_STEP][PASSED] - if (verifyTextPresent("Payment amounts less than 10.50 are not accepted", false)): null

25-09-2024T18:17:40 - [MESSAGE][PASSED] - Text 'Payment amounts less than 10.50 are not accepted' is present on page 

25-09-2024T18:17:40 - [TEST_STEP][PASSED] - println("UnderPay Error message shown"): null

25-09-2024T18:17:40 - [TEST_STEP][PASSED] - markPassed("Under Pay Error message shown"): Under Pay Error message shown

25-09-2024T18:17:40 - [MESSAGE][PASSED] - Under Pay Error message shown

25-09-2024T18:17:40 - [TEST_STEP][PASSED] - resText = "Pass": null

25-09-2024T18:17:40 - [TEST_STEP][PASSED] - pages.WriteExcel.demoKey(resText, datText, resColumn, datCloumn, fileLoc, nameSheet, row): pages.WriteExcel.demoKey is PASSED

25-09-2024T18:17:40 - [MESSAGE][PASSED] - pages.WriteExcel.demoKey is PASSED

25-09-2024T18:17:40 - [TEST_STEP][PASSED] - closeBrowser(): Browser is closed

25-09-2024T18:17:41 - [MESSAGE][PASSED] - Browser is closed]]></system-out>
         <system-err><![CDATA[]]></system-err>
      </testcase>
      <system-out><![CDATA[25-09-2024T17:54:38 - [TEST_SUITE][PASSED] - QA_IWP2.5_Error: Test Cases/IntegratedWeb/IWP25/Error/NoUnderPayErrorPS]]></system-out>
      <system-err><![CDATA[]]></system-err>
   </testsuite>
</testsuites>
