<?xml version="1.0" encoding="UTF-8"?>
<testsuites name="RAD_UI_TestSuite" time="10.677" tests="1" failures="0" errors="0">
   <testsuite name="RAD_UI_TestSuite" tests="1" failures="0" errors="0" time="10.677" skipped="0" timestamp="2021-10-18 18:57:50" hostname="iahmed - DESKTOP-B2QI6NS.govolution.com" id="Test Suites/RAD_TestSuite/RAD_UI_TestSuite">
      <properties>
         <property name="deviceName" value=""/>
         <property name="devicePlatform" value=""/>
         <property name="logFolder" value="E:\\Cloned-Project-Katalon\\VPS-Katalon\\Reports\\20211018_185746\\RAD_TestSuite\\RAD_UI_TestSuite\\20211018_185747"/>
         <property name="logFiles" value="E:\\Cloned-Project-Katalon\\VPS-Katalon\\Reports\\20211018_185746\\RAD_TestSuite\\RAD_UI_TestSuite\\20211018_185747\\execution0.log"/>
         <property name="attachments" value=""/>
         <property name="hostName" value="iahmed - DESKTOP-B2QI6NS.govolution.com"/>
         <property name="os" value="Windows 10 64bit"/>
         <property name="katalonVersion" value="8.0.5.208"/>
         <property name="browser" value="Edge Chromium 94"/>
         <property name="hostAddress" value="172.30.2.167"/>
         <property name="sessionId" value="e7a730fe489c6acbca36f809a0f98d4a"/>
         <property name="seleniumVersion" value="3.141.59"/>
         <property name="proxyInformation" value="ProxyInformation { proxyOption=NO_PROXY, proxyServerType=HTTP, username=, password=********, proxyServerAddress=, proxyServerPort=0, executionList=&quot;&quot;, isApplyToDesiredCapabilities=true }"/>
         <property name="platform" value="Windows 10"/>
      </properties>
      <testcase name="Test Cases/RAD_TestCases/MRF_TestCases/EstimatedTax_MRF_TC" time="8.848" classname="Test Cases/RAD_TestCases/MRF_TestCases/EstimatedTax_MRF_TC" status="PASSED">
         <system-out><![CDATA[2021-10-18 18:57:51 - [TEST_CASE][PASSED] - Test Cases/RAD_TestCases/MRF_TestCases/EstimatedTax_MRF_TC: Test Cases/RAD_TestCases/MRF_TestCases/EstimatedTax_MRF_TC

2021-10-18 18:57:51 - [TEST_STEP][PASSED] - openBrowser(""): Browser is opened with url: ''

2021-10-18 18:57:52 - [MESSAGE][INFO] - Starting 'Edge Chromium' driver

2021-10-18 18:57:53 - [MESSAGE][INFO] - Action delay is set to 0 milliseconds

2021-10-18 18:57:56 - [MESSAGE][PASSED] - Browser is opened with url: ''

2021-10-18 18:57:56 - [TEST_STEP][PASSED] - maximizeWindow(): Current window maximized

2021-10-18 18:57:56 - [MESSAGE][PASSED] - Current window maximized

2021-10-18 18:57:56 - [TEST_STEP][PASSED] - navigateToUrl(RADurl): Navigate to 'https://qa.velocitypayment.com/client/rad/index.html' successfully

2021-10-18 18:57:57 - [MESSAGE][PASSED] - Navigate to 'https://qa.velocitypayment.com/client/rad/index.html' successfully

2021-10-18 18:57:57 - [TEST_STEP][PASSED] - orPath_Landing = "Object Repository/RAD_Pages/Landing_Page": null

2021-10-18 18:57:57 - [TEST_STEP][PASSED] - orPath_Amount = "Object Repository/RAD_Pages/PaymentAmount_Page": null

2021-10-18 18:57:57 - [TEST_STEP][PASSED] - selectOptionByLabel(findTestObject(orPath_Landing + "/dd_TaxType"), "Estimated Tax", false): All options with label 'Estimated Tax' are selected in object 'Object Repository/RAD_Pages/Landing_Page/dd_TaxType' 

2021-10-18 18:57:58 - [MESSAGE][PASSED] - All options with label 'Estimated Tax' are selected in object 'Object Repository/RAD_Pages/Landing_Page/dd_TaxType' 

2021-10-18 18:57:58 - [TEST_STEP][PASSED] - scrollToElement(findTestObject(orPath_Landing + "/button_Continue"), 3): Scroll to object 'Object Repository/RAD_Pages/Landing_Page/button_Continue' successfully

2021-10-18 18:57:58 - [MESSAGE][PASSED] - Scroll to object 'Object Repository/RAD_Pages/Landing_Page/button_Continue' successfully

2021-10-18 18:57:58 - [TEST_STEP][PASSED] - click(findTestObject(orPath_Landing + "/button_Continue")): Object: 'Object Repository/RAD_Pages/Landing_Page/button_Continue' is clicked on

2021-10-18 18:57:58 - [MESSAGE][PASSED] - Object: 'Object Repository/RAD_Pages/Landing_Page/button_Continue' is clicked on

2021-10-18 18:57:58 - [TEST_STEP][PASSED] - verifyTextPresent("Select a payment type", true): Text 'Select a payment type' is present on page  using regular expression

2021-10-18 18:57:59 - [MESSAGE][PASSED] - Text 'Select a payment type' is present on page  using regular expression

2021-10-18 18:57:59 - [TEST_STEP][PASSED] - verifyTextPresent("Select a filing year", true): Text 'Select a filing year' is present on page  using regular expression

2021-10-18 18:57:59 - [MESSAGE][PASSED] - Text 'Select a filing year' is present on page  using regular expression

2021-10-18 18:57:59 - [TEST_STEP][PASSED] - verifyTextPresent("Enter first name", true): Text 'Enter first name' is present on page  using regular expression

2021-10-18 18:57:59 - [MESSAGE][PASSED] - Text 'Enter first name' is present on page  using regular expression

2021-10-18 18:57:59 - [TEST_STEP][PASSED] - verifyTextPresent("Enter last name", true): Text 'Enter last name' is present on page  using regular expression

2021-10-18 18:57:59 - [MESSAGE][PASSED] - Text 'Enter last name' is present on page  using regular expression

2021-10-18 18:57:59 - [TEST_STEP][PASSED] - verifyTextPresent("Please enter a valid SSN with 9 digits", true): Text 'Please enter a valid SSN with 9 digits' is present on page  using regular expression

2021-10-18 18:57:59 - [MESSAGE][PASSED] - Text 'Please enter a valid SSN with 9 digits' is present on page  using regular expression

2021-10-18 18:57:59 - [TEST_STEP][PASSED] - verifyTextPresent("The SSN and Re-type SSN do not match", true): Text 'The SSN and Re-type SSN do not match' is present on page  using regular expression

2021-10-18 18:58:00 - [MESSAGE][PASSED] - Text 'The SSN and Re-type SSN do not match' is present on page  using regular expression]]></system-out>
         <system-err><![CDATA[]]></system-err>
      </testcase>
      <system-out><![CDATA[2021-10-18 18:57:50 - [TEST_SUITE][PASSED] - RAD_UI_TestSuite: Test Cases/RAD_TestCases/MRF_TestCases/EstimatedTax_MRF_TC]]></system-out>
      <system-err><![CDATA[]]></system-err>
   </testsuite>
</testsuites>
