<?xml version="1.0" encoding="UTF-8"?>
<testsuites name="QA_IWP2.5_Regression" time="11192.791" tests="114" failures="6" errors="0">
   <testsuite name="QA_IWP2.5_Regression" tests="114" failures="6" errors="0" time="11192.791" skipped="0" timestamp="04-10-2024T22:47:26" hostname="t476046 - TXD87096.deluxe.com" id="Test Suites/QA/IWP2.5/QA_IWP2.5_Regression">
      <properties>
         <property name="deviceName" value=""/>
         <property name="devicePlatform"/>
         <property name="logFolder" value="C:\\Users\\t476046\\Documents\\katalon\\VPS-Katalon\\Reports\\20241004_224709\\QA\\IWP2.5\\QA_IWP2.5_Regression\\20241004_224709"/>
         <property name="logFiles" value="C:\\Users\\t476046\\Documents\\katalon\\VPS-Katalon\\Reports\\20241004_224709\\QA\\IWP2.5\\QA_IWP2.5_Regression\\20241004_224709\\execution0.log, C:\\Users\\t476046\\Documents\\katalon\\VPS-Katalon\\Reports\\20241004_224709\\QA\\IWP2.5\\QA_IWP2.5_Regression\\20241004_224709\\execution1.log, C:\\Users\\t476046\\Documents\\katalon\\VPS-Katalon\\Reports\\20241004_224709\\QA\\IWP2.5\\QA_IWP2.5_Regression\\20241004_224709\\execution2.log"/>
         <property name="attachments" value="C:\\Users\\t476046\\Documents\\katalon\\VPS-Katalon\\Reports\\20241004_224709\\QA\\IWP2.5\\QA_IWP2.5_Regression\\20241004_224709\\1728062327919.png, C:\\Users\\t476046\\Documents\\katalon\\VPS-Katalon\\Reports\\20241004_224709\\QA\\IWP2.5\\QA_IWP2.5_Regression\\20241004_224709\\1728062747554.png"/>
         <property name="hostName" value="t476046 - TXD87096.deluxe.com"/>
         <property name="os" value="Windows 10 64bit"/>
         <property name="katalonVersion" value="9.6.0.217"/>
         <property name="browser" value="Edge Chromium 129"/>
         <property name="hostAddress" value="10.203.40.166"/>
         <property name="sessionId" value="768357686993e59e0b0b8d0b864a99c5"/>
         <property name="seleniumVersion" value="3.141.59"/>
         <property name="proxyInformation" value="ProxyInformation { proxyOption=NO_PROXY, proxyServerType=HTTP, username=, password=********, proxyServerAddress=, proxyServerPort=0, executionList=&quot;&quot;, isApplyToDesiredCapabilities=true }"/>
         <property name="platform" value="Windows 10"/>
      </properties>
      <testcase name="Test Cases/IntegratedWeb/IWP25/Payments/CCDeferredCorp" time="83.306" classname="Test Cases/IntegratedWeb/IWP25/Payments/CCDeferredCorp" status="FAILED">
         <failure type="FAILED" message="Test Cases/IntegratedWeb/IWP25/Payments/CCDeferredCorp FAILED.&#xa;Reason:&#xa;com.kms.katalon.core.exception.StepFailedException: No alert found (Root cause: com.kms.katalon.core.exception.StepFailedException: No alert found&#xa;	at com.kms.katalon.core.webui.keyword.internal.WebUIKeywordMain.stepFailed(WebUIKeywordMain.groovy:64)&#xa;	at com.kms.katalon.core.webui.keyword.builtin.AcceptAlertKeyword$_acceptAlert_closure1.doCall(AcceptAlertKeyword.groovy:78)&#xa;	at com.kms.katalon.core.webui.keyword.builtin.AcceptAlertKeyword$_acceptAlert_closure1.call(AcceptAlertKeyword.groovy)&#xa;	at com.kms.katalon.core.webui.keyword.internal.WebUIKeywordMain.runKeyword(WebUIKeywordMain.groovy:20)&#xa;	at com.kms.katalon.core.webui.keyword.builtin.AcceptAlertKeyword.acceptAlert(AcceptAlertKeyword.groovy:71)&#xa;	at com.kms.katalon.core.webui.keyword.builtin.AcceptAlertKeyword.execute(AcceptAlertKeyword.groovy:66)&#xa;	at com.kms.katalon.core.keyword.internal.KeywordExecutor.executeKeywordForPlatform(KeywordExecutor.groovy:74)&#xa;	at com.kms.katalon.core.webui.keyword.WebUiBuiltInKeywords.acceptAlert(WebUiBuiltInKeywords.groovy:1561)&#xa;	at CCDeferredCorp.run(CCDeferredCorp:112)&#xa;	at com.kms.katalon.core.main.ScriptEngine.run(ScriptEngine.java:194)&#xa;	at com.kms.katalon.core.main.ScriptEngine.runScriptAsRawText(ScriptEngine.java:119)&#xa;	at com.kms.katalon.core.main.TestCaseExecutor.runScript(TestCaseExecutor.java:448)&#xa;	at com.kms.katalon.core.main.TestCaseExecutor.doExecute(TestCaseExecutor.java:439)&#xa;	at com.kms.katalon.core.main.TestCaseExecutor.processExecutionPhase(TestCaseExecutor.java:418)&#xa;	at com.kms.katalon.core.main.TestCaseExecutor.accessMainPhase(TestCaseExecutor.java:410)&#xa;	at com.kms.katalon.core.main.TestCaseExecutor.execute(TestCaseExecutor.java:285)&#xa;	at com.kms.katalon.core.common.CommonExecutor.accessTestCaseMainPhase(CommonExecutor.java:65)&#xa;	at com.kms.katalon.core.main.TestSuiteExecutor.accessTestSuiteMainPhase(TestSuiteExecutor.java:150)&#xa;	at com.kms.katalon.core.main.TestSuiteExecutor.execute(TestSuiteExecutor.java:106)&#xa;	at com.kms.katalon.core.main.TestCaseMain.startTestSuite(TestCaseMain.java:180)&#xa;	at TempTestSuite1728062229059.run(TempTestSuite1728062229059.groovy:35)&#xa;	at java.base/jdk.internal.reflect.NativeMethodAccessorImpl.invoke0(Native Method)&#xa;	at java.base/jdk.internal.reflect.NativeMethodAccessorImpl.invoke(NativeMethodAccessorImpl.java:77)&#xa;	at java.base/jdk.internal.reflect.DelegatingMethodAccessorImpl.invoke(DelegatingMethodAccessorImpl.java:43)&#xa;)&#xa;	at com.kms.katalon.core.keyword.internal.KeywordMain.stepFailed(KeywordMain.groovy:39)&#xa;	at com.kms.katalon.core.webui.keyword.internal.WebUIKeywordMain.stepFailed(WebUIKeywordMain.groovy:64)&#xa;	at com.kms.katalon.core.webui.keyword.builtin.AcceptAlertKeyword$_acceptAlert_closure1.doCall(AcceptAlertKeyword.groovy:78)&#xa;	at com.kms.katalon.core.webui.keyword.builtin.AcceptAlertKeyword$_acceptAlert_closure1.call(AcceptAlertKeyword.groovy)&#xa;	at com.kms.katalon.core.webui.keyword.internal.WebUIKeywordMain.runKeyword(WebUIKeywordMain.groovy:20)&#xa;	at com.kms.katalon.core.webui.keyword.builtin.AcceptAlertKeyword.acceptAlert(AcceptAlertKeyword.groovy:71)&#xa;	at com.kms.katalon.core.webui.keyword.builtin.AcceptAlertKeyword.execute(AcceptAlertKeyword.groovy:66)&#xa;	at com.kms.katalon.core.keyword.internal.KeywordExecutor.executeKeywordForPlatform(KeywordExecutor.groovy:74)&#xa;	at com.kms.katalon.core.webui.keyword.WebUiBuiltInKeywords.acceptAlert(WebUiBuiltInKeywords.groovy:1561)&#xa;	at CCDeferredCorp.run(CCDeferredCorp:112)&#xa;	at com.kms.katalon.core.main.ScriptEngine.run(ScriptEngine.java:194)&#xa;	at com.kms.katalon.core.main.ScriptEngine.runScriptAsRawText(ScriptEngine.java:119)&#xa;	at com.kms.katalon.core.main.TestCaseExecutor.runScript(TestCaseExecutor.java:448)&#xa;	at com.kms.katalon.core.main.TestCaseExecutor.doExecute(TestCaseExecutor.java:439)&#xa;	at com.kms.katalon.core.main.TestCaseExecutor.processExecutionPhase(TestCaseExecutor.java:418)&#xa;	at com.kms.katalon.core.main.TestCaseExecutor.accessMainPhase(TestCaseExecutor.java:410)&#xa;	at com.kms.katalon.core.main.TestCaseExecutor.execute(TestCaseExecutor.java:285)&#xa;	at com.kms.katalon.core.common.CommonExecutor.accessTestCaseMainPhase(CommonExecutor.java:65)&#xa;	at com.kms.katalon.core.main.TestSuiteExecutor.accessTestSuiteMainPhase(TestSuiteExecutor.java:150)&#xa;	at com.kms.katalon.core.main.TestSuiteExecutor.execute(TestSuiteExecutor.java:106)&#xa;	at com.kms.katalon.core.main.TestCaseMain.startTestSuite(TestCaseMain.java:180)&#xa;	at TempTestSuite1728062229059.run(TempTestSuite1728062229059.groovy:35)&#xa;	at java.base/jdk.internal.reflect.NativeMethodAccessorImpl.invoke0(Native Method)&#xa;	at java.base/jdk.internal.reflect.NativeMethodAccessorImpl.invoke(NativeMethodAccessorImpl.java:77)&#xa;	at java.base/jdk.internal.reflect.DelegatingMethodAccessorImpl.invoke(DelegatingMethodAccessorImpl.java:43)&#xa;Caused by: com.kms.katalon.core.exception.StepFailedException: No alert found&#xa;	... 24 more&#xa;"/>
         <system-out><![CDATA[04-10-2024T22:47:26 - [TEST_CASE][FAILED] - Test Cases/IntegratedWeb/IWP25/Payments/CCDeferredCorp: Test Cases/IntegratedWeb/IWP25/Payments/CCDeferredCorp FAILED.
Reason:
com.kms.katalon.core.exception.StepFailedException: No alert found (Root cause: com.kms.katalon.core.exception.StepFailedException: No alert found
	at com.kms.katalon.core.webui.keyword.internal.WebUIKeywordMain.stepFailed(WebUIKeywordMain.groovy:64)
	at com.kms.katalon.core.webui.keyword.builtin.AcceptAlertKeyword$_acceptAlert_closure1.doCall(AcceptAlertKeyword.groovy:78)
	at com.kms.katalon.core.webui.keyword.builtin.AcceptAlertKeyword$_acceptAlert_closure1.call(AcceptAlertKeyword.groovy)
	at com.kms.katalon.core.webui.keyword.internal.WebUIKeywordMain.runKeyword(WebUIKeywordMain.groovy:20)
	at com.kms.katalon.core.webui.keyword.builtin.AcceptAlertKeyword.acceptAlert(AcceptAlertKeyword.groovy:71)
	at com.kms.katalon.core.webui.keyword.builtin.AcceptAlertKeyword.execute(AcceptAlertKeyword.groovy:66)
	at com.kms.katalon.core.keyword.internal.KeywordExecutor.executeKeywordForPlatform(KeywordExecutor.groovy:74)
	at com.kms.katalon.core.webui.keyword.WebUiBuiltInKeywords.acceptAlert(WebUiBuiltInKeywords.groovy:1561)
	at CCDeferredCorp.run(CCDeferredCorp:112)
	at com.kms.katalon.core.main.ScriptEngine.run(ScriptEngine.java:194)
	at com.kms.katalon.core.main.ScriptEngine.runScriptAsRawText(ScriptEngine.java:119)
	at com.kms.katalon.core.main.TestCaseExecutor.runScript(TestCaseExecutor.java:448)
	at com.kms.katalon.core.main.TestCaseExecutor.doExecute(TestCaseExecutor.java:439)
	at com.kms.katalon.core.main.TestCaseExecutor.processExecutionPhase(TestCaseExecutor.java:418)
	at com.kms.katalon.core.main.TestCaseExecutor.accessMainPhase(TestCaseExecutor.java:410)
	at com.kms.katalon.core.main.TestCaseExecutor.execute(TestCaseExecutor.java:285)
	at com.kms.katalon.core.common.CommonExecutor.accessTestCaseMainPhase(CommonExecutor.java:65)
	at com.kms.katalon.core.main.TestSuiteExecutor.accessTestSuiteMainPhase(TestSuiteExecutor.java:150)
	at com.kms.katalon.core.main.TestSuiteExecutor.execute(TestSuiteExecutor.java:106)
	at com.kms.katalon.core.main.TestCaseMain.startTestSuite(TestCaseMain.java:180)
	at TempTestSuite1728062229059.run(TempTestSuite1728062229059.groovy:35)
	at java.base/jdk.internal.reflect.NativeMethodAccessorImpl.invoke0(Native Method)
	at java.base/jdk.internal.reflect.NativeMethodAccessorImpl.invoke(NativeMethodAccessorImpl.java:77)
	at java.base/jdk.internal.reflect.DelegatingMethodAccessorImpl.invoke(DelegatingMethodAccessorImpl.java:43)
)
	at com.kms.katalon.core.keyword.internal.KeywordMain.stepFailed(KeywordMain.groovy:39)
	at com.kms.katalon.core.webui.keyword.internal.WebUIKeywordMain.stepFailed(WebUIKeywordMain.groovy:64)
	at com.kms.katalon.core.webui.keyword.builtin.AcceptAlertKeyword$_acceptAlert_closure1.doCall(AcceptAlertKeyword.groovy:78)
	at com.kms.katalon.core.webui.keyword.builtin.AcceptAlertKeyword$_acceptAlert_closure1.call(AcceptAlertKeyword.groovy)
	at com.kms.katalon.core.webui.keyword.internal.WebUIKeywordMain.runKeyword(WebUIKeywordMain.groovy:20)
	at com.kms.katalon.core.webui.keyword.builtin.AcceptAlertKeyword.acceptAlert(AcceptAlertKeyword.groovy:71)
	at com.kms.katalon.core.webui.keyword.builtin.AcceptAlertKeyword.execute(AcceptAlertKeyword.groovy:66)
	at com.kms.katalon.core.keyword.internal.KeywordExecutor.executeKeywordForPlatform(KeywordExecutor.groovy:74)
	at com.kms.katalon.core.webui.keyword.WebUiBuiltInKeywords.acceptAlert(WebUiBuiltInKeywords.groovy:1561)
	at CCDeferredCorp.run(CCDeferredCorp:112)
	at com.kms.katalon.core.main.ScriptEngine.run(ScriptEngine.java:194)
	at com.kms.katalon.core.main.ScriptEngine.runScriptAsRawText(ScriptEngine.java:119)
	at com.kms.katalon.core.main.TestCaseExecutor.runScript(TestCaseExecutor.java:448)
	at com.kms.katalon.core.main.TestCaseExecutor.doExecute(TestCaseExecutor.java:439)
	at com.kms.katalon.core.main.TestCaseExecutor.processExecutionPhase(TestCaseExecutor.java:418)
	at com.kms.katalon.core.main.TestCaseExecutor.accessMainPhase(TestCaseExecutor.java:410)
	at com.kms.katalon.core.main.TestCaseExecutor.execute(TestCaseExecutor.java:285)
	at com.kms.katalon.core.common.CommonExecutor.accessTestCaseMainPhase(CommonExecutor.java:65)
	at com.kms.katalon.core.main.TestSuiteExecutor.accessTestSuiteMainPhase(TestSuiteExecutor.java:150)
	at com.kms.katalon.core.main.TestSuiteExecutor.execute(TestSuiteExecutor.java:106)
	at com.kms.katalon.core.main.TestCaseMain.startTestSuite(TestCaseMain.java:180)
	at TempTestSuite1728062229059.run(TempTestSuite1728062229059.groovy:35)
	at java.base/jdk.internal.reflect.NativeMethodAccessorImpl.invoke0(Native Method)
	at java.base/jdk.internal.reflect.NativeMethodAccessorImpl.invoke(NativeMethodAccessorImpl.java:77)
	at java.base/jdk.internal.reflect.DelegatingMethodAccessorImpl.invoke(DelegatingMethodAccessorImpl.java:43)
Caused by: com.kms.katalon.core.exception.StepFailedException: No alert found
	... 24 more


04-10-2024T22:47:27 - [TEST_STEP][PASSED] - resText = "Fail": null

04-10-2024T22:47:27 - [TEST_STEP][PASSED] - resColumn = "Result": null

04-10-2024T22:47:27 - [TEST_STEP][PASSED] - datCloumn = "Date": null

04-10-2024T22:47:27 - [TEST_STEP][PASSED] - fileLoc = "KatalonData/IWPTestData/VRelay25PaymentsExtension.xlsx": null

04-10-2024T22:47:27 - [TEST_STEP][PASSED] - numOfRows = <not implemented yet for class: org.codehaus.groovy.ast.expr.EmptyExpression>: null

04-10-2024T22:47:27 - [TEST_STEP][PASSED] - dataFile = <not implemented yet for class: org.codehaus.groovy.ast.expr.EmptyExpression>: null

04-10-2024T22:47:27 - [TEST_STEP][PASSED] - nameSheet = <not implemented yet for class: org.codehaus.groovy.ast.expr.EmptyExpression>: null

04-10-2024T22:47:27 - [TEST_STEP][PASSED] - dataFileEmulator = <not implemented yet for class: org.codehaus.groovy.ast.expr.EmptyExpression>: null

04-10-2024T22:47:27 - [TEST_STEP][PASSED] - isRequiredTextPresent = false: null

04-10-2024T22:47:27 - [TEST_STEP][PASSED] - nameSheet = "CCDeferredPlanCorp": null

04-10-2024T22:47:27 - [TEST_STEP][PASSED] - dataFile = "IWPTestData/IWP25CCDeferredCorp": null

04-10-2024T22:47:27 - [TEST_STEP][PASSED] - dataFileEmulator = "IWPTestData/EmulatorData": null

04-10-2024T22:47:27 - [TEST_STEP][PASSED] - numOfRows = findTestData(dataFile).getRowNumbers(): null

04-10-2024T22:47:29 - [TEST_STEP][PASSED] - println("Number of Records: " + numOfRows): null

04-10-2024T22:47:29 - [TEST_STEP][PASSED] - for ([row = 1, row <= numOfRows, (row++)]): Browser is closed

04-10-2024T22:47:29 - [TEST_STEP][PASSED] - ExecuteTC = findTestData(dataFile).getValue("Execute", row): null

04-10-2024T22:47:29 - [TEST_STEP][PASSED] - out.println("Value of Execute is : " + ExecuteTC): null

04-10-2024T22:47:29 - [TEST_STEP][PASSED] - if (ExecuteTC.equalsIgnoreCase("Y")): null

04-10-2024T22:47:29 - [TEST_STEP][PASSED] - out.println("Begin Record Number: " + row): null

04-10-2024T22:47:29 - [TEST_STEP][PASSED] - today = new java.util.Date(): null

04-10-2024T22:47:29 - [TEST_STEP][PASSED] - println(today): null

04-10-2024T22:47:29 - [TEST_STEP][PASSED] - datText = today: null

04-10-2024T22:47:29 - [TEST_STEP][PASSED] - EmulatorDataKey = findTestData(dataFile).getValue("EmulatorData", row): null

04-10-2024T22:47:29 - [TEST_STEP][PASSED] - out.println("Value of Emulator Key is : " + EmulatorDataKey): null

04-10-2024T22:47:29 - [TEST_STEP][PASSED] - iwpPages.emulatorIWP30.setDataEmulator_DD(EmulatorDataKey): iwpPages.emulatorIWP30.setDataEmulator_DD is PASSED

04-10-2024T22:47:31 - [MESSAGE][INFO] - Starting 'Edge Chromium' driver

04-10-2024T22:47:31 - [MESSAGE][INFO] - User set preference: ['acceptInsecureCerts', 'true']

04-10-2024T22:47:34 - [MESSAGE][INFO] - Action delay is set to 0 milliseconds

04-10-2024T22:47:39 - [MESSAGE][PASSED] - Browser is opened with url: 'https://qa.velocitypayment.com/agency/config.do?action=editor&message_version=2_5'

04-10-2024T22:47:39 - [MESSAGE][PASSED] - Current window maximized

04-10-2024T22:47:40 - [MESSAGE][PASSED] - All options with value '2.5' are selected in object 'Object Repository/IWP30/Page_VRelay30Emulator/MV'  using regular expression

04-10-2024T22:47:41 - [MESSAGE][PASSED] - Text '10.50' is set on object 'Object Repository/IWP30/Page_VRelay30Emulator/Amount'

04-10-2024T22:47:42 - [MESSAGE][PASSED] - Text 'V8GR80WeoGQ7' is set on object 'Object Repository/IWP30/Page_VRelay30Emulator/CAN'

04-10-2024T22:47:42 - [MESSAGE][PASSED] - Text 'PayNow' is set on object 'Object Repository/IWP30/Page_VRelay30Emulator/Action'

04-10-2024T22:47:43 - [MESSAGE][PASSED] - Text 'en_US' is set on object 'Object Repository/IWP30/Page_VRelay30Emulator/Lang'

04-10-2024T22:47:44 - [MESSAGE][PASSED] - Text '' is set on object 'Object Repository/IWP30/Page_VRelay30Emulator/Fname'

04-10-2024T22:47:44 - [MESSAGE][PASSED] - Text '' is set on object 'Object Repository/IWP30/Page_VRelay30Emulator/Lname'

04-10-2024T22:47:45 - [MESSAGE][PASSED] - Text '' is set on object 'Object Repository/IWP30/Page_VRelay30Emulator/AL1'

04-10-2024T22:47:45 - [MESSAGE][PASSED] - Text '' is set on object 'Object Repository/IWP30/Page_VRelay30Emulator/AL2'

04-10-2024T22:47:46 - [MESSAGE][PASSED] - Text '' is set on object 'Object Repository/IWP30/Page_VRelay30Emulator/Country'

04-10-2024T22:47:47 - [MESSAGE][PASSED] - Text '' is set on object 'Object Repository/IWP30/Page_VRelay30Emulator/City'

04-10-2024T22:47:47 - [MESSAGE][PASSED] - Text '' is set on object 'Object Repository/IWP30/Page_VRelay30Emulator/State'

04-10-2024T22:47:48 - [MESSAGE][PASSED] - Text '' is set on object 'Object Repository/IWP30/Page_VRelay30Emulator/ZIP'

04-10-2024T22:47:48 - [MESSAGE][PASSED] - Text '' is set on object 'Object Repository/IWP30/Page_VRelay30Emulator/Order'

04-10-2024T22:47:49 - [MESSAGE][PASSED] - Text '' is set on object 'Object Repository/IWP30/Page_VRelay30Emulator/Company'

04-10-2024T22:47:50 - [MESSAGE][PASSED] - Text '' is set on object 'Object Repository/IWP30/Page_VRelay30Emulator/Email'

04-10-2024T22:47:50 - [MESSAGE][PASSED] - Text '' is set on object 'Object Repository/IWP30/Page_VRelay30Emulator/UDF1'

04-10-2024T22:47:51 - [MESSAGE][PASSED] - Text '' is set on object 'Object Repository/IWP30/Page_VRelay30Emulator/UDF2'

04-10-2024T22:47:51 - [MESSAGE][PASSED] - Text '' is set on object 'Object Repository/IWP30/Page_VRelay30Emulator/UDF3'

04-10-2024T22:47:52 - [MESSAGE][PASSED] - Text 'udf data 4' is set on object 'Object Repository/IWP30/Page_VRelay30Emulator/UDF4'

04-10-2024T22:47:53 - [MESSAGE][PASSED] - Text 'udf data 5' is set on object 'Object Repository/IWP30/Page_VRelay30Emulator/UDF5'

04-10-2024T22:47:53 - [MESSAGE][PASSED] - Text '' is set on object 'Object Repository/IWP30/Page_VRelay30Emulator/UDF6'

04-10-2024T22:47:54 - [MESSAGE][PASSED] - Text '' is set on object 'Object Repository/IWP30/Page_VRelay30Emulator/UDF7'

04-10-2024T22:47:55 - [MESSAGE][PASSED] - Text '' is set on object 'Object Repository/IWP30/Page_VRelay30Emulator/UDF8'

04-10-2024T22:47:55 - [MESSAGE][PASSED] - Text 'udf data 9' is set on object 'Object Repository/IWP30/Page_VRelay30Emulator/UDF9'

04-10-2024T22:47:56 - [MESSAGE][PASSED] - Text 'udf data 10' is set on object 'Object Repository/IWP30/Page_VRelay30Emulator/UDF10'

04-10-2024T22:47:57 - [MESSAGE][PASSED] - Object: 'Object Repository/IWP30/Page_VRelay30Emulator/Submit' is clicked on

04-10-2024T22:48:02 - [MESSAGE][PASSED] - Browser is closed

04-10-2024T22:48:06 - [MESSAGE][PASSED] - iwpPages.emulatorIWP30.setDataEmulator_DD is PASSED

04-10-2024T22:48:06 - [TEST_STEP][PASSED] - testHarnessURL = urlTestHarness: null

04-10-2024T22:48:06 - [TEST_STEP][PASSED] - openBrowser(testHarnessURL): Browser is opened with url: 'https://dev-algorithm.govolution.com/vrelaytest/QA/version_2_2/vrelaytest.html'

04-10-2024T22:48:06 - [MESSAGE][INFO] - Starting 'Edge Chromium' driver

04-10-2024T22:48:06 - [MESSAGE][INFO] - User set preference: ['acceptInsecureCerts', 'true']

04-10-2024T22:48:08 - [MESSAGE][INFO] - Action delay is set to 0 milliseconds

04-10-2024T22:48:11 - [MESSAGE][PASSED] - Browser is opened with url: 'https://dev-algorithm.govolution.com/vrelaytest/QA/version_2_2/vrelaytest.html'

04-10-2024T22:48:11 - [TEST_STEP][PASSED] - maximizeWindow(): Current window maximized

04-10-2024T22:48:11 - [MESSAGE][PASSED] - Current window maximized

04-10-2024T22:48:11 - [TEST_STEP][PASSED] - iwpPages.TestHarnessPage.setDataMethod(row, dataFile): iwpPages.TestHarnessPage.setDataMethod is PASSED

04-10-2024T22:48:12 - [MESSAGE][PASSED] - Object 'Object Repository/IWP30/Page_QATestHarness/RemittanceID' is present

04-10-2024T22:48:13 - [MESSAGE][PASSED] - Text '638' is set on object 'Object Repository/IWP30/Page_QATestHarness/ApplicationID'

04-10-2024T22:48:13 - [MESSAGE][PASSED] - Text '2.5' is set on object 'Object Repository/IWP30/Page_QATestHarness/MessageVersion'

04-10-2024T22:48:14 - [MESSAGE][PASSED] - Text 'T4P6sw06H0Wt' is set on object 'Object Repository/IWP30/Page_QATestHarness/RemittanceID'

04-10-2024T22:48:18 - [MESSAGE][PASSED] - Object: 'Object Repository/IWP30/Page_QATestHarness/SubmitButton' is clicked on

04-10-2024T22:48:18 - [MESSAGE][PASSED] - iwpPages.TestHarnessPage.setDataMethod is PASSED

04-10-2024T22:48:18 - [TEST_STEP][PASSED] - click(findTestObject("Object Repository/IWP30/Page_SelectPaymentMethod/PayByCorporateCheck")): Object: 'Object Repository/IWP30/Page_SelectPaymentMethod/PayByCorporateCheck' is clicked on

04-10-2024T22:48:18 - [MESSAGE][PASSED] - Object: 'Object Repository/IWP30/Page_SelectPaymentMethod/PayByCorporateCheck' is clicked on

04-10-2024T22:48:18 - [TEST_STEP][PASSED] - click(findTestObject("Object Repository/IWP30/Page_SelectPaymentMethod/MakePaymentButton")): Object: 'Object Repository/IWP30/Page_SelectPaymentMethod/MakePaymentButton' is clicked on

04-10-2024T22:48:20 - [MESSAGE][PASSED] - Object: 'Object Repository/IWP30/Page_SelectPaymentMethod/MakePaymentButton' is clicked on

04-10-2024T22:48:20 - [TEST_STEP][PASSED] - iwpPages.achCorporatePaymentEntryPage.setDataCorporate(row, dataFile): iwpPages.achCorporatePaymentEntryPage.setDataCorporate is PASSED

04-10-2024T22:48:22 - [MESSAGE][PASSED] - Object 'Object Repository/IWP30/Page_ACHCorporatePaymentEntry/txt_accountNumber' is present

04-10-2024T22:48:22 - [MESSAGE][PASSED] - Object 'Object Repository/IWP30/Page_ACHCorporatePaymentEntry/input_CompanyName' is present

04-10-2024T22:48:23 - [MESSAGE][PASSED] - Text 'My Company' is set on object 'Object Repository/IWP30/Page_ACHCorporatePaymentEntry/input_CompanyName'

04-10-2024T22:48:23 - [MESSAGE][PASSED] - Object 'Object Repository/IWP30/Page_ACHCorporatePaymentEntry/input_EIN' is present

04-10-2024T22:48:23 - [MESSAGE][PASSED] - Text '123456789' is set on object 'Object Repository/IWP30/Page_ACHCorporatePaymentEntry/input_EIN'

04-10-2024T22:48:24 - [MESSAGE][PASSED] - Text '10.50' is set on object 'Object Repository/IWP30/Page_ACHCorporatePaymentEntry/txt_Amount'

04-10-2024T22:48:25 - [MESSAGE][PASSED] - Text 'udf data 2' is set on object 'Object Repository/IWP30/Page_ACHCorporatePaymentEntry/txt_UDF2'

04-10-2024T22:48:25 - [MESSAGE][PASSED] - Text 'udf data 3' is set on object 'Object Repository/IWP30/Page_ACHCorporatePaymentEntry/txt_UDF3'

04-10-2024T22:48:26 - [MESSAGE][PASSED] - All options with label 'Orange' are selected in object 'Object Repository/IWP30/Page_ACHCorporatePaymentEntry/dd_UDF7' 

04-10-2024T22:48:26 - [MESSAGE][PASSED] - All options with label 'Soccer' are selected in object 'Object Repository/IWP30/Page_ACHCorporatePaymentEntry/dd_UDF8' 

04-10-2024T22:48:27 - [MESSAGE][PASSED] - Object 'Object Repository/IWP30/Page_ACHCorporatePaymentEntry/txt_routingNumber' is present

04-10-2024T22:48:27 - [MESSAGE][PASSED] - Text '256072691' is set on object 'Object Repository/IWP30/Page_ACHCorporatePaymentEntry/txt_routingNumber'

04-10-2024T22:48:28 - [MESSAGE][PASSED] - Object 'Object Repository/IWP30/Page_ACHCorporatePaymentEntry/txt_accountNumber' is present

04-10-2024T22:48:29 - [MESSAGE][PASSED] - Text '12344444' is set on object 'Object Repository/IWP30/Page_ACHCorporatePaymentEntry/txt_accountNumber'

04-10-2024T22:48:29 - [MESSAGE][PASSED] - Object 'Object Repository/IWP30/Page_ACHCorporatePaymentEntry/txt_confirmAccountNumber' is present

04-10-2024T22:48:30 - [MESSAGE][PASSED] - Text '12344444' is set on object 'Object Repository/IWP30/Page_ACHCorporatePaymentEntry/txt_confirmAccountNumber'

04-10-2024T22:48:30 - [MESSAGE][PASSED] - Execute JavaScript '
				   document.getElementById('processDate').value = '08/09/2025'
				  ' successfully

04-10-2024T22:48:31 - [MESSAGE][PASSED] - Text '365 Main Avenue' is set on object 'Object Repository/IWP30/Page_ACHCorporatePaymentEntry/txt_AL1'

04-10-2024T22:48:31 - [MESSAGE][PASSED] - Text '22201' is set on object 'Object Repository/IWP30/Page_ACHCorporatePaymentEntry/txt_ZIP'

04-10-2024T22:48:32 - [MESSAGE][PASSED] - Object 'Object Repository/IWP30/Page_ACHCorporatePaymentEntry/txt_Email' is present

04-10-2024T22:48:33 - [MESSAGE][PASSED] - Text 'iahmed@govolution.com' is set on object 'Object Repository/IWP30/Page_ACHCorporatePaymentEntry/txt_Email'

04-10-2024T22:48:33 - [MESSAGE][PASSED] - Object 'Object Repository/IWP30/Page_ACHCorporatePaymentEntry/cb_TermsAndCond' is present

04-10-2024T22:48:33 - [MESSAGE][PASSED] - Object: 'Object Repository/IWP30/Page_ACHCorporatePaymentEntry/cb_TermsAndCond' is clicked on

04-10-2024T22:48:33 - [MESSAGE][PASSED] - Object 'Object Repository/IWP30/Page_ACHCorporatePaymentEntry/btn_Continue' is present

04-10-2024T22:48:35 - [MESSAGE][PASSED] - Object: 'Object Repository/IWP30/Page_ACHCorporatePaymentEntry/btn_Continue' is clicked on

04-10-2024T22:48:35 - [MESSAGE][PASSED] - iwpPages.achCorporatePaymentEntryPage.setDataCorporate is PASSED

04-10-2024T22:48:35 - [TEST_STEP][PASSED] - click(findTestObject("Object Repository/IWP30/Page_Confirmation/ConfirmButton")): Object: 'Object Repository/IWP30/Page_Confirmation/ConfirmButton' is clicked on

04-10-2024T22:48:36 - [MESSAGE][PASSED] - Object: 'Object Repository/IWP30/Page_Confirmation/ConfirmButton' is clicked on

04-10-2024T22:48:36 - [TEST_STEP][PASSED] - Thread.sleep(2000): null

04-10-2024T22:48:38 - [TEST_STEP][PASSED] - if (verifyTextPresent("Deferred", false)): null

04-10-2024T22:48:39 - [MESSAGE][PASSED] - Text 'Deferred' is present on page 

04-10-2024T22:48:39 - [TEST_STEP][PASSED] - println("Deferred is present on page. Deferred Pay is created"): null

04-10-2024T22:48:39 - [TEST_STEP][PASSED] - click(findTestObject("Object Repository/IWP30/Page_Receipt/ViewScheduledPaymentsButton")): Object: 'Object Repository/IWP30/Page_Receipt/ViewScheduledPaymentsButton' is clicked on

04-10-2024T22:48:39 - [MESSAGE][PASSED] - Object: 'Object Repository/IWP30/Page_Receipt/ViewScheduledPaymentsButton' is clicked on

04-10-2024T22:48:39 - [TEST_STEP][PASSED] - switchToWindowTitle("View Scheduled Payments"): Switched to window with title: 'View Scheduled Payments'

04-10-2024T22:48:39 - [MESSAGE][PASSED] - Switched to window with title: 'View Scheduled Payments'

04-10-2024T22:48:39 - [TEST_STEP][PASSED] - Thread.sleep(5000): null

04-10-2024T22:48:44 - [TEST_STEP][PASSED] - if (verifyTextPresent("View Scheduled Payments", false)): null

04-10-2024T22:48:45 - [MESSAGE][PASSED] - Text 'View Scheduled Payments' is present on page 

04-10-2024T22:48:45 - [TEST_STEP][PASSED] - click(findTestObject("Object Repository/IWP30/Page_ScheduledPayments/cancel_payment")): Object: 'Object Repository/IWP30/Page_ScheduledPayments/cancel_payment' is clicked on

04-10-2024T22:48:46 - [MESSAGE][PASSED] - Object: 'Object Repository/IWP30/Page_ScheduledPayments/cancel_payment' is clicked on

04-10-2024T22:48:46 - [TEST_STEP][PASSED] - if (verifyTextPresent("Cancel Payment Plan", false)): null

04-10-2024T22:48:47 - [MESSAGE][PASSED] - Text 'Cancel Payment Plan' is present on page 

04-10-2024T22:48:47 - [TEST_STEP][PASSED] - click(findTestObject("Object Repository/IWP30/Page_PaymentPlan/btn_cancel")): Object: 'Object Repository/IWP30/Page_PaymentPlan/btn_cancel' is clicked on

04-10-2024T22:48:47 - [MESSAGE][PASSED] - Object: 'Object Repository/IWP30/Page_PaymentPlan/btn_cancel' is clicked on

04-10-2024T22:48:47 - [TEST_STEP][FAILED] - acceptAlert(): No alert found (Root cause: com.kms.katalon.core.exception.StepFailedException: No alert found
	at com.kms.katalon.core.webui.keyword.internal.WebUIKeywordMain.stepFailed(WebUIKeywordMain.groovy:64)
	at com.kms.katalon.core.webui.keyword.builtin.AcceptAlertKeyword$_acceptAlert_closure1.doCall(AcceptAlertKeyword.groovy:78)
	at com.kms.katalon.core.webui.keyword.builtin.AcceptAlertKeyword$_acceptAlert_closure1.call(AcceptAlertKeyword.groovy)
	at com.kms.katalon.core.webui.keyword.internal.WebUIKeywordMain.runKeyword(WebUIKeywordMain.groovy:20)
	at com.kms.katalon.core.webui.keyword.builtin.AcceptAlertKeyword.acceptAlert(AcceptAlertKeyword.groovy:71)
	at com.kms.katalon.core.webui.keyword.builtin.AcceptAlertKeyword.execute(AcceptAlertKeyword.groovy:66)
	at com.kms.katalon.core.keyword.internal.KeywordExecutor.executeKeywordForPlatform(KeywordExecutor.groovy:74)
	at com.kms.katalon.core.webui.keyword.WebUiBuiltInKeywords.acceptAlert(WebUiBuiltInKeywords.groovy:1561)
	at CCDeferredCorp.run(CCDeferredCorp:112)
	at com.kms.katalon.core.main.ScriptEngine.run(ScriptEngine.java:194)
	at com.kms.katalon.core.main.ScriptEngine.runScriptAsRawText(ScriptEngine.java:119)
	at com.kms.katalon.core.main.TestCaseExecutor.runScript(TestCaseExecutor.java:448)
	at com.kms.katalon.core.main.TestCaseExecutor.doExecute(TestCaseExecutor.java:439)
	at com.kms.katalon.core.main.TestCaseExecutor.processExecutionPhase(TestCaseExecutor.java:418)
	at com.kms.katalon.core.main.TestCaseExecutor.accessMainPhase(TestCaseExecutor.java:410)
	at com.kms.katalon.core.main.TestCaseExecutor.execute(TestCaseExecutor.java:285)
	at com.kms.katalon.core.common.CommonExecutor.accessTestCaseMainPhase(CommonExecutor.java:65)
	at com.kms.katalon.core.main.TestSuiteExecutor.accessTestSuiteMainPhase(TestSuiteExecutor.java:150)
	at com.kms.katalon.core.main.TestSuiteExecutor.execute(TestSuiteExecutor.java:106)
	at com.kms.katalon.core.main.TestCaseMain.startTestSuite(TestCaseMain.java:180)
	at TempTestSuite1728062229059.run(TempTestSuite1728062229059.groovy:35)
	at java.base/jdk.internal.reflect.NativeMethodAccessorImpl.invoke0(Native Method)
	at java.base/jdk.internal.reflect.NativeMethodAccessorImpl.invoke(NativeMethodAccessorImpl.java:77)
	at java.base/jdk.internal.reflect.DelegatingMethodAccessorImpl.invoke(DelegatingMethodAccessorImpl.java:43)
)

04-10-2024T22:48:48 - [MESSAGE][FAILED] - No alert found (Root cause: com.kms.katalon.core.exception.StepFailedException: No alert found
	at com.kms.katalon.core.webui.keyword.internal.WebUIKeywordMain.stepFailed(WebUIKeywordMain.groovy:64)
	at com.kms.katalon.core.webui.keyword.builtin.AcceptAlertKeyword$_acceptAlert_closure1.doCall(AcceptAlertKeyword.groovy:78)
	at com.kms.katalon.core.webui.keyword.builtin.AcceptAlertKeyword$_acceptAlert_closure1.call(AcceptAlertKeyword.groovy)
	at com.kms.katalon.core.webui.keyword.internal.WebUIKeywordMain.runKeyword(WebUIKeywordMain.groovy:20)
	at com.kms.katalon.core.webui.keyword.builtin.AcceptAlertKeyword.acceptAlert(AcceptAlertKeyword.groovy:71)
	at com.kms.katalon.core.webui.keyword.builtin.AcceptAlertKeyword.execute(AcceptAlertKeyword.groovy:66)
	at com.kms.katalon.core.keyword.internal.KeywordExecutor.executeKeywordForPlatform(KeywordExecutor.groovy:74)
	at com.kms.katalon.core.webui.keyword.WebUiBuiltInKeywords.acceptAlert(WebUiBuiltInKeywords.groovy:1561)
	at CCDeferredCorp.run(CCDeferredCorp:112)
	at com.kms.katalon.core.main.ScriptEngine.run(ScriptEngine.java:194)
	at com.kms.katalon.core.main.ScriptEngine.runScriptAsRawText(ScriptEngine.java:119)
	at com.kms.katalon.core.main.TestCaseExecutor.runScript(TestCaseExecutor.java:448)
	at com.kms.katalon.core.main.TestCaseExecutor.doExecute(TestCaseExecutor.java:439)
	at com.kms.katalon.core.main.TestCaseExecutor.processExecutionPhase(TestCaseExecutor.java:418)
	at com.kms.katalon.core.main.TestCaseExecutor.accessMainPhase(TestCaseExecutor.java:410)
	at com.kms.katalon.core.main.TestCaseExecutor.execute(TestCaseExecutor.java:285)
	at com.kms.katalon.core.common.CommonExecutor.accessTestCaseMainPhase(CommonExecutor.java:65)
	at com.kms.katalon.core.main.TestSuiteExecutor.accessTestSuiteMainPhase(TestSuiteExecutor.java:150)
	at com.kms.katalon.core.main.TestSuiteExecutor.execute(TestSuiteExecutor.java:106)
	at com.kms.katalon.core.main.TestCaseMain.startTestSuite(TestCaseMain.java:180)
	at TempTestSuite1728062229059.run(TempTestSuite1728062229059.groovy:35)
	at java.base/jdk.internal.reflect.NativeMethodAccessorImpl.invoke0(Native Method)
	at java.base/jdk.internal.reflect.NativeMethodAccessorImpl.invoke(NativeMethodAccessorImpl.java:77)
	at java.base/jdk.internal.reflect.DelegatingMethodAccessorImpl.invoke(DelegatingMethodAccessorImpl.java:43)
)
[[ATTACHMENT|C:\\Users\\t476046\\Documents\\katalon\\VPS-Katalon\\Reports\\20241004_224709\\QA\\IWP2.5\\QA_IWP2.5_Regression\\20241004_224709\\1728062327919.png]]

04-10-2024T22:48:48 - [TEST_STEP][FAILED] - if (verifyTextPresent("Your payment plan has been successfully canceled", false)): Text 'Your payment plan has been successfully canceled' is not present on page  (Root cause: com.kms.katalon.core.exception.StepFailedException: Text 'Your payment plan has been successfully canceled' is not present on page 
	at com.kms.katalon.core.webui.keyword.internal.WebUIKeywordMain.stepFailed(WebUIKeywordMain.groovy:64)
	at com.kms.katalon.core.webui.keyword.builtin.VerifyTextPresentKeyword$_verifyTextPresent_closure1.doCall(VerifyTextPresentKeyword.groovy:79)
	at com.kms.katalon.core.webui.keyword.builtin.VerifyTextPresentKeyword$_verifyTextPresent_closure1.call(VerifyTextPresentKeyword.groovy)
	at com.kms.katalon.core.webui.keyword.internal.WebUIKeywordMain.runKeyword(WebUIKeywordMain.groovy:20)
	at com.kms.katalon.core.webui.keyword.builtin.VerifyTextPresentKeyword.verifyTextPresent(VerifyTextPresentKeyword.groovy:83)
	at com.kms.katalon.core.webui.keyword.builtin.VerifyTextPresentKeyword.execute(VerifyTextPresentKeyword.groovy:68)
	at com.kms.katalon.core.keyword.internal.KeywordExecutor.executeKeywordForPlatform(KeywordExecutor.groovy:74)
	at com.kms.katalon.core.webui.keyword.WebUiBuiltInKeywords.verifyTextPresent(WebUiBuiltInKeywords.groovy:1762)
	at CCDeferredCorp.run(CCDeferredCorp:116)
	at com.kms.katalon.core.main.ScriptEngine.run(ScriptEngine.java:194)
	at com.kms.katalon.core.main.ScriptEngine.runScriptAsRawText(ScriptEngine.java:119)
	at com.kms.katalon.core.main.TestCaseExecutor.runScript(TestCaseExecutor.java:448)
	at com.kms.katalon.core.main.TestCaseExecutor.doExecute(TestCaseExecutor.java:439)
	at com.kms.katalon.core.main.TestCaseExecutor.processExecutionPhase(TestCaseExecutor.java:418)
	at com.kms.katalon.core.main.TestCaseExecutor.accessMainPhase(TestCaseExecutor.java:410)
	at com.kms.katalon.core.main.TestCaseExecutor.execute(TestCaseExecutor.java:285)
	at com.kms.katalon.core.common.CommonExecutor.accessTestCaseMainPhase(CommonExecutor.java:65)
	at com.kms.katalon.core.main.TestSuiteExecutor.accessTestSuiteMainPhase(TestSuiteExecutor.java:150)
	at com.kms.katalon.core.main.TestSuiteExecutor.execute(TestSuiteExecutor.java:106)
	at com.kms.katalon.core.main.TestCaseMain.startTestSuite(TestCaseMain.java:180)
	at TempTestSuite1728062229059.run(TempTestSuite1728062229059.groovy:35)
	at java.base/jdk.internal.reflect.NativeMethodAccessorImpl.invoke0(Native Method)
	at java.base/jdk.internal.reflect.NativeMethodAccessorImpl.invoke(NativeMethodAccessorImpl.java:77)
	at java.base/jdk.internal.reflect.DelegatingMethodAccessorImpl.invoke(DelegatingMethodAccessorImpl.java:43)
)

04-10-2024T22:48:48 - [MESSAGE][FAILED] - Text 'Your payment plan has been successfully canceled' is not present on page  (Root cause: com.kms.katalon.core.exception.StepFailedException: Text 'Your payment plan has been successfully canceled' is not present on page 
	at com.kms.katalon.core.webui.keyword.internal.WebUIKeywordMain.stepFailed(WebUIKeywordMain.groovy:64)
	at com.kms.katalon.core.webui.keyword.builtin.VerifyTextPresentKeyword$_verifyTextPresent_closure1.doCall(VerifyTextPresentKeyword.groovy:79)
	at com.kms.katalon.core.webui.keyword.builtin.VerifyTextPresentKeyword$_verifyTextPresent_closure1.call(VerifyTextPresentKeyword.groovy)
	at com.kms.katalon.core.webui.keyword.internal.WebUIKeywordMain.runKeyword(WebUIKeywordMain.groovy:20)
	at com.kms.katalon.core.webui.keyword.builtin.VerifyTextPresentKeyword.verifyTextPresent(VerifyTextPresentKeyword.groovy:83)
	at com.kms.katalon.core.webui.keyword.builtin.VerifyTextPresentKeyword.execute(VerifyTextPresentKeyword.groovy:68)
	at com.kms.katalon.core.keyword.internal.KeywordExecutor.executeKeywordForPlatform(KeywordExecutor.groovy:74)
	at com.kms.katalon.core.webui.keyword.WebUiBuiltInKeywords.verifyTextPresent(WebUiBuiltInKeywords.groovy:1762)
	at CCDeferredCorp.run(CCDeferredCorp:116)
	at com.kms.katalon.core.main.ScriptEngine.run(ScriptEngine.java:194)
	at com.kms.katalon.core.main.ScriptEngine.runScriptAsRawText(ScriptEngine.java:119)
	at com.kms.katalon.core.main.TestCaseExecutor.runScript(TestCaseExecutor.java:448)
	at com.kms.katalon.core.main.TestCaseExecutor.doExecute(TestCaseExecutor.java:439)
	at com.kms.katalon.core.main.TestCaseExecutor.processExecutionPhase(TestCaseExecutor.java:418)
	at com.kms.katalon.core.main.TestCaseExecutor.accessMainPhase(TestCaseExecutor.java:410)
	at com.kms.katalon.core.main.TestCaseExecutor.execute(TestCaseExecutor.java:285)
	at com.kms.katalon.core.common.CommonExecutor.accessTestCaseMainPhase(CommonExecutor.java:65)
	at com.kms.katalon.core.main.TestSuiteExecutor.accessTestSuiteMainPhase(TestSuiteExecutor.java:150)
	at com.kms.katalon.core.main.TestSuiteExecutor.execute(TestSuiteExecutor.java:106)
	at com.kms.katalon.core.main.TestCaseMain.startTestSuite(TestCaseMain.java:180)
	at TempTestSuite1728062229059.run(TempTestSuite1728062229059.groovy:35)
	at java.base/jdk.internal.reflect.NativeMethodAccessorImpl.invoke0(Native Method)
	at java.base/jdk.internal.reflect.NativeMethodAccessorImpl.invoke(NativeMethodAccessorImpl.java:77)
	at java.base/jdk.internal.reflect.DelegatingMethodAccessorImpl.invoke(DelegatingMethodAccessorImpl.java:43)
)

04-10-2024T22:48:48 - [TEST_STEP][FAILED] - else: null

04-10-2024T22:48:48 - [TEST_STEP][FAILED] - markFailed("Your payment plan is not created and cancelled"): Your payment plan is not created and cancelled

04-10-2024T22:48:48 - [MESSAGE][FAILED] - Your payment plan is not created and cancelled

04-10-2024T22:48:48 - [TEST_STEP][PASSED] - resText = "Fail": null

04-10-2024T22:48:48 - [TEST_STEP][PASSED] - pages.WriteExcel.demoKey(resText, datText, resColumn, datCloumn, fileLoc, nameSheet, row): pages.WriteExcel.demoKey is PASSED

04-10-2024T22:48:48 - [MESSAGE][PASSED] - pages.WriteExcel.demoKey is PASSED

04-10-2024T22:48:48 - [TEST_STEP][PASSED] - closeBrowser(): Browser is closed

04-10-2024T22:48:50 - [MESSAGE][PASSED] - Browser is closed]]></system-out>
         <system-err><![CDATA[04-10-2024T22:47:26 - [TEST_CASE][FAILED] - Test Cases/IntegratedWeb/IWP25/Payments/CCDeferredCorp: Test Cases/IntegratedWeb/IWP25/Payments/CCDeferredCorp FAILED.
Reason:
com.kms.katalon.core.exception.StepFailedException: No alert found (Root cause: com.kms.katalon.core.exception.StepFailedException: No alert found
	at com.kms.katalon.core.webui.keyword.internal.WebUIKeywordMain.stepFailed(WebUIKeywordMain.groovy:64)
	at com.kms.katalon.core.webui.keyword.builtin.AcceptAlertKeyword$_acceptAlert_closure1.doCall(AcceptAlertKeyword.groovy:78)
	at com.kms.katalon.core.webui.keyword.builtin.AcceptAlertKeyword$_acceptAlert_closure1.call(AcceptAlertKeyword.groovy)
	at com.kms.katalon.core.webui.keyword.internal.WebUIKeywordMain.runKeyword(WebUIKeywordMain.groovy:20)
	at com.kms.katalon.core.webui.keyword.builtin.AcceptAlertKeyword.acceptAlert(AcceptAlertKeyword.groovy:71)
	at com.kms.katalon.core.webui.keyword.builtin.AcceptAlertKeyword.execute(AcceptAlertKeyword.groovy:66)
	at com.kms.katalon.core.keyword.internal.KeywordExecutor.executeKeywordForPlatform(KeywordExecutor.groovy:74)
	at com.kms.katalon.core.webui.keyword.WebUiBuiltInKeywords.acceptAlert(WebUiBuiltInKeywords.groovy:1561)
	at CCDeferredCorp.run(CCDeferredCorp:112)
	at com.kms.katalon.core.main.ScriptEngine.run(ScriptEngine.java:194)
	at com.kms.katalon.core.main.ScriptEngine.runScriptAsRawText(ScriptEngine.java:119)
	at com.kms.katalon.core.main.TestCaseExecutor.runScript(TestCaseExecutor.java:448)
	at com.kms.katalon.core.main.TestCaseExecutor.doExecute(TestCaseExecutor.java:439)
	at com.kms.katalon.core.main.TestCaseExecutor.processExecutionPhase(TestCaseExecutor.java:418)
	at com.kms.katalon.core.main.TestCaseExecutor.accessMainPhase(TestCaseExecutor.java:410)
	at com.kms.katalon.core.main.TestCaseExecutor.execute(TestCaseExecutor.java:285)
	at com.kms.katalon.core.common.CommonExecutor.accessTestCaseMainPhase(CommonExecutor.java:65)
	at com.kms.katalon.core.main.TestSuiteExecutor.accessTestSuiteMainPhase(TestSuiteExecutor.java:150)
	at com.kms.katalon.core.main.TestSuiteExecutor.execute(TestSuiteExecutor.java:106)
	at com.kms.katalon.core.main.TestCaseMain.startTestSuite(TestCaseMain.java:180)
	at TempTestSuite1728062229059.run(TempTestSuite1728062229059.groovy:35)
	at java.base/jdk.internal.reflect.NativeMethodAccessorImpl.invoke0(Native Method)
	at java.base/jdk.internal.reflect.NativeMethodAccessorImpl.invoke(NativeMethodAccessorImpl.java:77)
	at java.base/jdk.internal.reflect.DelegatingMethodAccessorImpl.invoke(DelegatingMethodAccessorImpl.java:43)
)
	at com.kms.katalon.core.keyword.internal.KeywordMain.stepFailed(KeywordMain.groovy:39)
	at com.kms.katalon.core.webui.keyword.internal.WebUIKeywordMain.stepFailed(WebUIKeywordMain.groovy:64)
	at com.kms.katalon.core.webui.keyword.builtin.AcceptAlertKeyword$_acceptAlert_closure1.doCall(AcceptAlertKeyword.groovy:78)
	at com.kms.katalon.core.webui.keyword.builtin.AcceptAlertKeyword$_acceptAlert_closure1.call(AcceptAlertKeyword.groovy)
	at com.kms.katalon.core.webui.keyword.internal.WebUIKeywordMain.runKeyword(WebUIKeywordMain.groovy:20)
	at com.kms.katalon.core.webui.keyword.builtin.AcceptAlertKeyword.acceptAlert(AcceptAlertKeyword.groovy:71)
	at com.kms.katalon.core.webui.keyword.builtin.AcceptAlertKeyword.execute(AcceptAlertKeyword.groovy:66)
	at com.kms.katalon.core.keyword.internal.KeywordExecutor.executeKeywordForPlatform(KeywordExecutor.groovy:74)
	at com.kms.katalon.core.webui.keyword.WebUiBuiltInKeywords.acceptAlert(WebUiBuiltInKeywords.groovy:1561)
	at CCDeferredCorp.run(CCDeferredCorp:112)
	at com.kms.katalon.core.main.ScriptEngine.run(ScriptEngine.java:194)
	at com.kms.katalon.core.main.ScriptEngine.runScriptAsRawText(ScriptEngine.java:119)
	at com.kms.katalon.core.main.TestCaseExecutor.runScript(TestCaseExecutor.java:448)
	at com.kms.katalon.core.main.TestCaseExecutor.doExecute(TestCaseExecutor.java:439)
	at com.kms.katalon.core.main.TestCaseExecutor.processExecutionPhase(TestCaseExecutor.java:418)
	at com.kms.katalon.core.main.TestCaseExecutor.accessMainPhase(TestCaseExecutor.java:410)
	at com.kms.katalon.core.main.TestCaseExecutor.execute(TestCaseExecutor.java:285)
	at com.kms.katalon.core.common.CommonExecutor.accessTestCaseMainPhase(CommonExecutor.java:65)
	at com.kms.katalon.core.main.TestSuiteExecutor.accessTestSuiteMainPhase(TestSuiteExecutor.java:150)
	at com.kms.katalon.core.main.TestSuiteExecutor.execute(TestSuiteExecutor.java:106)
	at com.kms.katalon.core.main.TestCaseMain.startTestSuite(TestCaseMain.java:180)
	at TempTestSuite1728062229059.run(TempTestSuite1728062229059.groovy:35)
	at java.base/jdk.internal.reflect.NativeMethodAccessorImpl.invoke0(Native Method)
	at java.base/jdk.internal.reflect.NativeMethodAccessorImpl.invoke(NativeMethodAccessorImpl.java:77)
	at java.base/jdk.internal.reflect.DelegatingMethodAccessorImpl.invoke(DelegatingMethodAccessorImpl.java:43)
Caused by: com.kms.katalon.core.exception.StepFailedException: No alert found
	... 24 more]]></system-err>
      </testcase>
      <testcase name="Test Cases/IntegratedWeb/IWP25/Payments/CCDeferredCredit" time="74.544" classname="Test Cases/IntegratedWeb/IWP25/Payments/CCDeferredCredit" status="PASSED">
         <system-out><![CDATA[04-10-2024T22:48:50 - [TEST_CASE][PASSED] - Test Cases/IntegratedWeb/IWP25/Payments/CCDeferredCredit: Test Cases/IntegratedWeb/IWP25/Payments/CCDeferredCredit

04-10-2024T22:48:50 - [TEST_STEP][PASSED] - resText = "Fail": null

04-10-2024T22:48:50 - [TEST_STEP][PASSED] - resColumn = "Result": null

04-10-2024T22:48:50 - [TEST_STEP][PASSED] - datCloumn = "Date": null

04-10-2024T22:48:50 - [TEST_STEP][PASSED] - fileLoc = "KatalonData/IWPTestData/VRelay25PaymentsExtension.xlsx": null

04-10-2024T22:48:50 - [TEST_STEP][PASSED] - numOfRows = <not implemented yet for class: org.codehaus.groovy.ast.expr.EmptyExpression>: null

04-10-2024T22:48:50 - [TEST_STEP][PASSED] - dataFile = <not implemented yet for class: org.codehaus.groovy.ast.expr.EmptyExpression>: null

04-10-2024T22:48:50 - [TEST_STEP][PASSED] - nameSheet = <not implemented yet for class: org.codehaus.groovy.ast.expr.EmptyExpression>: null

04-10-2024T22:48:50 - [TEST_STEP][PASSED] - dataFileEmulator = <not implemented yet for class: org.codehaus.groovy.ast.expr.EmptyExpression>: null

04-10-2024T22:48:50 - [TEST_STEP][PASSED] - isRequiredTextPresent = false: null

04-10-2024T22:48:50 - [TEST_STEP][PASSED] - nameSheet = "CCDeferredPlanCredit": null

04-10-2024T22:48:50 - [TEST_STEP][PASSED] - dataFile = "IWPTestData/IWP25CCDeferredCredit": null

04-10-2024T22:48:50 - [TEST_STEP][PASSED] - dataFileEmulator = "IWPTestData/EmulatorData": null

04-10-2024T22:48:50 - [TEST_STEP][PASSED] - numOfRows = findTestData(dataFile).getRowNumbers(): null

04-10-2024T22:48:50 - [TEST_STEP][PASSED] - println("Number of Records: " + numOfRows): null

04-10-2024T22:48:50 - [TEST_STEP][PASSED] - for ([row = 1, row <= numOfRows, (row++)]): Browser is closed

04-10-2024T22:48:50 - [TEST_STEP][PASSED] - ExecuteTC = findTestData(dataFile).getValue("Execute", row): null

04-10-2024T22:48:50 - [TEST_STEP][PASSED] - out.println("Value of Execute is : " + ExecuteTC): null

04-10-2024T22:48:50 - [TEST_STEP][PASSED] - if (ExecuteTC.equalsIgnoreCase("Y")): null

04-10-2024T22:48:50 - [TEST_STEP][PASSED] - out.println("Begin Record Number: " + row): null

04-10-2024T22:48:50 - [TEST_STEP][PASSED] - today = new java.util.Date(): null

04-10-2024T22:48:50 - [TEST_STEP][PASSED] - println(today): null

04-10-2024T22:48:50 - [TEST_STEP][PASSED] - datText = today: null

04-10-2024T22:48:50 - [TEST_STEP][PASSED] - EmulatorDataKey = findTestData(dataFile).getValue("EmulatorData", row): null

04-10-2024T22:48:51 - [TEST_STEP][PASSED] - out.println("Value of Emulator Key is : " + EmulatorDataKey): null

04-10-2024T22:48:51 - [TEST_STEP][PASSED] - iwpPages.emulatorIWP30.setDataEmulator_DD(EmulatorDataKey): iwpPages.emulatorIWP30.setDataEmulator_DD is PASSED

04-10-2024T22:48:51 - [MESSAGE][INFO] - Starting 'Edge Chromium' driver

04-10-2024T22:48:51 - [MESSAGE][INFO] - User set preference: ['acceptInsecureCerts', 'true']

04-10-2024T22:48:54 - [MESSAGE][INFO] - Action delay is set to 0 milliseconds

04-10-2024T22:48:57 - [MESSAGE][PASSED] - Browser is opened with url: 'https://qa.velocitypayment.com/agency/config.do?action=editor&message_version=2_5'

04-10-2024T22:48:57 - [MESSAGE][PASSED] - Current window maximized

04-10-2024T22:48:58 - [MESSAGE][PASSED] - All options with value '2.5' are selected in object 'Object Repository/IWP30/Page_VRelay30Emulator/MV'  using regular expression

04-10-2024T22:48:59 - [MESSAGE][PASSED] - Text '10.50' is set on object 'Object Repository/IWP30/Page_VRelay30Emulator/Amount'

04-10-2024T22:48:59 - [MESSAGE][PASSED] - Text 'PlQu1UFFMFR3' is set on object 'Object Repository/IWP30/Page_VRelay30Emulator/CAN'

04-10-2024T22:49:00 - [MESSAGE][PASSED] - Text 'PayNow' is set on object 'Object Repository/IWP30/Page_VRelay30Emulator/Action'

04-10-2024T22:49:01 - [MESSAGE][PASSED] - Text 'en_US' is set on object 'Object Repository/IWP30/Page_VRelay30Emulator/Lang'

04-10-2024T22:49:01 - [MESSAGE][PASSED] - Text '' is set on object 'Object Repository/IWP30/Page_VRelay30Emulator/Fname'

04-10-2024T22:49:02 - [MESSAGE][PASSED] - Text '' is set on object 'Object Repository/IWP30/Page_VRelay30Emulator/Lname'

04-10-2024T22:49:02 - [MESSAGE][PASSED] - Text '' is set on object 'Object Repository/IWP30/Page_VRelay30Emulator/AL1'

04-10-2024T22:49:03 - [MESSAGE][PASSED] - Text '' is set on object 'Object Repository/IWP30/Page_VRelay30Emulator/AL2'

04-10-2024T22:49:04 - [MESSAGE][PASSED] - Text '' is set on object 'Object Repository/IWP30/Page_VRelay30Emulator/Country'

04-10-2024T22:49:04 - [MESSAGE][PASSED] - Text '' is set on object 'Object Repository/IWP30/Page_VRelay30Emulator/City'

04-10-2024T22:49:05 - [MESSAGE][PASSED] - Text '' is set on object 'Object Repository/IWP30/Page_VRelay30Emulator/State'

04-10-2024T22:49:05 - [MESSAGE][PASSED] - Text '' is set on object 'Object Repository/IWP30/Page_VRelay30Emulator/ZIP'

04-10-2024T22:49:06 - [MESSAGE][PASSED] - Text '' is set on object 'Object Repository/IWP30/Page_VRelay30Emulator/Order'

04-10-2024T22:49:06 - [MESSAGE][PASSED] - Text '' is set on object 'Object Repository/IWP30/Page_VRelay30Emulator/Company'

04-10-2024T22:49:07 - [MESSAGE][PASSED] - Text '' is set on object 'Object Repository/IWP30/Page_VRelay30Emulator/Email'

04-10-2024T22:49:08 - [MESSAGE][PASSED] - Text '' is set on object 'Object Repository/IWP30/Page_VRelay30Emulator/UDF1'

04-10-2024T22:49:08 - [MESSAGE][PASSED] - Text '' is set on object 'Object Repository/IWP30/Page_VRelay30Emulator/UDF2'

04-10-2024T22:49:09 - [MESSAGE][PASSED] - Text '' is set on object 'Object Repository/IWP30/Page_VRelay30Emulator/UDF3'

04-10-2024T22:49:09 - [MESSAGE][PASSED] - Text 'udf data 4' is set on object 'Object Repository/IWP30/Page_VRelay30Emulator/UDF4'

04-10-2024T22:49:10 - [MESSAGE][PASSED] - Text 'udf data 5' is set on object 'Object Repository/IWP30/Page_VRelay30Emulator/UDF5'

04-10-2024T22:49:10 - [MESSAGE][PASSED] - Text '' is set on object 'Object Repository/IWP30/Page_VRelay30Emulator/UDF6'

04-10-2024T22:49:11 - [MESSAGE][PASSED] - Text '' is set on object 'Object Repository/IWP30/Page_VRelay30Emulator/UDF7'

04-10-2024T22:49:12 - [MESSAGE][PASSED] - Text '' is set on object 'Object Repository/IWP30/Page_VRelay30Emulator/UDF8'

04-10-2024T22:49:12 - [MESSAGE][PASSED] - Text 'udf data 9' is set on object 'Object Repository/IWP30/Page_VRelay30Emulator/UDF9'

04-10-2024T22:49:13 - [MESSAGE][PASSED] - Text 'udf data 10' is set on object 'Object Repository/IWP30/Page_VRelay30Emulator/UDF10'

04-10-2024T22:49:14 - [MESSAGE][PASSED] - Object: 'Object Repository/IWP30/Page_VRelay30Emulator/Submit' is clicked on

04-10-2024T22:49:18 - [MESSAGE][PASSED] - Browser is closed

04-10-2024T22:49:22 - [MESSAGE][PASSED] - iwpPages.emulatorIWP30.setDataEmulator_DD is PASSED

04-10-2024T22:49:22 - [TEST_STEP][PASSED] - testHarnessURL = urlTestHarness: null

04-10-2024T22:49:22 - [TEST_STEP][PASSED] - openBrowser(testHarnessURL): Browser is opened with url: 'https://dev-algorithm.govolution.com/vrelaytest/QA/version_2_2/vrelaytest.html'

04-10-2024T22:49:22 - [MESSAGE][INFO] - Starting 'Edge Chromium' driver

04-10-2024T22:49:22 - [MESSAGE][INFO] - User set preference: ['acceptInsecureCerts', 'true']

04-10-2024T22:49:24 - [MESSAGE][INFO] - Action delay is set to 0 milliseconds

04-10-2024T22:49:28 - [MESSAGE][PASSED] - Browser is opened with url: 'https://dev-algorithm.govolution.com/vrelaytest/QA/version_2_2/vrelaytest.html'

04-10-2024T22:49:28 - [TEST_STEP][PASSED] - maximizeWindow(): Current window maximized

04-10-2024T22:49:28 - [MESSAGE][PASSED] - Current window maximized

04-10-2024T22:49:28 - [TEST_STEP][PASSED] - iwpPages.TestHarnessPage.setDataMethod(row, dataFile): iwpPages.TestHarnessPage.setDataMethod is PASSED

04-10-2024T22:49:28 - [MESSAGE][PASSED] - Object 'Object Repository/IWP30/Page_QATestHarness/RemittanceID' is present

04-10-2024T22:49:29 - [MESSAGE][PASSED] - Text '638' is set on object 'Object Repository/IWP30/Page_QATestHarness/ApplicationID'

04-10-2024T22:49:30 - [MESSAGE][PASSED] - Text '2.5' is set on object 'Object Repository/IWP30/Page_QATestHarness/MessageVersion'

04-10-2024T22:49:30 - [MESSAGE][PASSED] - Text 'jqsAX4VX786j' is set on object 'Object Repository/IWP30/Page_QATestHarness/RemittanceID'

04-10-2024T22:49:33 - [MESSAGE][PASSED] - Object: 'Object Repository/IWP30/Page_QATestHarness/SubmitButton' is clicked on

04-10-2024T22:49:33 - [MESSAGE][PASSED] - iwpPages.TestHarnessPage.setDataMethod is PASSED

04-10-2024T22:49:33 - [TEST_STEP][PASSED] - click(findTestObject("Object Repository/IWP30/Page_SelectPaymentMethod/PayByCreditCard")): Object: 'Object Repository/IWP30/Page_SelectPaymentMethod/PayByCreditCard' is clicked on

04-10-2024T22:49:34 - [MESSAGE][PASSED] - Object: 'Object Repository/IWP30/Page_SelectPaymentMethod/PayByCreditCard' is clicked on

04-10-2024T22:49:34 - [TEST_STEP][PASSED] - click(findTestObject("Object Repository/IWP30/Page_SelectPaymentMethod/MakePaymentButton")): Object: 'Object Repository/IWP30/Page_SelectPaymentMethod/MakePaymentButton' is clicked on

04-10-2024T22:49:35 - [MESSAGE][PASSED] - Object: 'Object Repository/IWP30/Page_SelectPaymentMethod/MakePaymentButton' is clicked on

04-10-2024T22:49:35 - [TEST_STEP][PASSED] - iwpPages.ccPaymentEntryPage.setDataCCPM(row, dataFile): iwpPages.ccPaymentEntryPage.setDataCCPM is PASSED

04-10-2024T22:49:37 - [MESSAGE][PASSED] - Object 'Object Repository/IWP30/Page_CCPaymentEntry/Name' is present

04-10-2024T22:49:37 - [MESSAGE][PASSED] - Text '10.50' is set on object 'Object Repository/IWP30/Page_CCPaymentEntry/Amount'

04-10-2024T22:49:38 - [MESSAGE][PASSED] - Text 'udf data 2' is set on object 'Object Repository/IWP30/Page_CCPaymentEntry/UserDefined2'

04-10-2024T22:49:38 - [MESSAGE][PASSED] - Text 'udf data 3' is set on object 'Object Repository/IWP30/Page_CCPaymentEntry/UserDefined3'

04-10-2024T22:49:39 - [MESSAGE][PASSED] - All options with label 'Orange' are selected in object 'Object Repository/IWP30/Page_CCPaymentEntry/UserDefined7' 

04-10-2024T22:49:40 - [MESSAGE][PASSED] - All options with label 'Soccer' are selected in object 'Object Repository/IWP30/Page_CCPaymentEntry/UserDefined8' 

04-10-2024T22:49:40 - [MESSAGE][PASSED] - Object 'Object Repository/IWP30/Page_CCPaymentEntry/Name' is present

04-10-2024T22:49:40 - [MESSAGE][PASSED] - Text 'Kavita Ranawati' is set on object 'Object Repository/IWP30/Page_CCPaymentEntry/Name'

04-10-2024T22:49:41 - [MESSAGE][PASSED] - Object 'Object Repository/IWP30/Page_CCPaymentEntry/CardNumber' is present

04-10-2024T22:49:41 - [MESSAGE][PASSED] - Text '4111111111111111' is set on object 'Object Repository/IWP30/Page_CCPaymentEntry/CardNumber'

04-10-2024T22:49:42 - [MESSAGE][PASSED] - Text '123' is set on object 'Object Repository/IWP30/Page_CCPaymentEntry/SPC'

04-10-2024T22:49:43 - [MESSAGE][PASSED] - Object 'Object Repository/IWP30/Page_CCPaymentEntry/Month' is present

04-10-2024T22:49:43 - [MESSAGE][PASSED] - All options with label '01' are selected in object 'Object Repository/IWP30/Page_CCPaymentEntry/Month' 

04-10-2024T22:49:44 - [MESSAGE][PASSED] - Object 'Object Repository/IWP30/Page_CCPaymentEntry/Year' is present

04-10-2024T22:49:44 - [MESSAGE][PASSED] - All options with label '2028' are selected in object 'Object Repository/IWP30/Page_CCPaymentEntry/Year' 

04-10-2024T22:49:44 - [MESSAGE][PASSED] - Execute JavaScript '
				   document.getElementById('processDate').value = '08/09/2025'
				  ' successfully

04-10-2024T22:49:45 - [MESSAGE][PASSED] - Text '365 Main Avenue' is set on object 'Object Repository/IWP30/Page_CCPaymentEntry/AL1'

04-10-2024T22:49:46 - [MESSAGE][PASSED] - Text '22201' is set on object 'Object Repository/IWP30/Page_CCPaymentEntry/ZIP'

04-10-2024T22:49:46 - [MESSAGE][PASSED] - Object 'Object Repository/IWP30/Page_CCPaymentEntry/EmailAddress' is present

04-10-2024T22:49:47 - [MESSAGE][PASSED] - Text 'iahmed@govolution.com' is set on object 'Object Repository/IWP30/Page_CCPaymentEntry/EmailAddress'

04-10-2024T22:49:47 - [MESSAGE][PASSED] - Object 'Object Repository/IWP30/Page_CCPaymentEntry/TermCondCheckBox' is present

04-10-2024T22:49:47 - [MESSAGE][PASSED] - Object 'Object Repository/IWP30/Page_CCPaymentEntry/TermCondCheckBox' is checked

04-10-2024T22:49:48 - [MESSAGE][PASSED] - Object 'Object Repository/IWP30/Page_CCPaymentEntry/ContinueButton' is present

04-10-2024T22:49:49 - [MESSAGE][PASSED] - Object: 'Object Repository/IWP30/Page_CCPaymentEntry/ContinueButton' is clicked on

04-10-2024T22:49:49 - [MESSAGE][PASSED] - iwpPages.ccPaymentEntryPage.setDataCCPM is PASSED

04-10-2024T22:49:49 - [TEST_STEP][PASSED] - click(findTestObject("Object Repository/IWP30/Page_Confirmation/ConfirmButton")): Object: 'Object Repository/IWP30/Page_Confirmation/ConfirmButton' is clicked on

04-10-2024T22:49:51 - [MESSAGE][PASSED] - Object: 'Object Repository/IWP30/Page_Confirmation/ConfirmButton' is clicked on

04-10-2024T22:49:51 - [TEST_STEP][PASSED] - Thread.sleep(2000): null

04-10-2024T22:49:53 - [TEST_STEP][PASSED] - if (verifyTextPresent("Deferred", false)): null

04-10-2024T22:49:53 - [MESSAGE][PASSED] - Text 'Deferred' is present on page 

04-10-2024T22:49:53 - [TEST_STEP][PASSED] - println("Deferred is present on page. Deferred Pay is created"): null

04-10-2024T22:49:53 - [TEST_STEP][PASSED] - click(findTestObject("Object Repository/IWP30/Page_Receipt/ViewScheduledPaymentsButton")): Object: 'Object Repository/IWP30/Page_Receipt/ViewScheduledPaymentsButton' is clicked on

04-10-2024T22:49:54 - [MESSAGE][PASSED] - Object: 'Object Repository/IWP30/Page_Receipt/ViewScheduledPaymentsButton' is clicked on

04-10-2024T22:49:54 - [TEST_STEP][PASSED] - switchToWindowTitle("View Scheduled Payments"): Switched to window with title: 'View Scheduled Payments'

04-10-2024T22:49:54 - [MESSAGE][PASSED] - Switched to window with title: 'View Scheduled Payments'

04-10-2024T22:49:54 - [TEST_STEP][PASSED] - Thread.sleep(5000): null

04-10-2024T22:49:59 - [TEST_STEP][PASSED] - if (verifyTextPresent("View Scheduled Payments", false)): null

04-10-2024T22:49:59 - [MESSAGE][PASSED] - Text 'View Scheduled Payments' is present on page 

04-10-2024T22:49:59 - [TEST_STEP][PASSED] - click(findTestObject("Object Repository/IWP30/Page_ScheduledPayments/cancel_payment")): Object: 'Object Repository/IWP30/Page_ScheduledPayments/cancel_payment' is clicked on

04-10-2024T22:50:01 - [MESSAGE][PASSED] - Object: 'Object Repository/IWP30/Page_ScheduledPayments/cancel_payment' is clicked on

04-10-2024T22:50:01 - [TEST_STEP][PASSED] - if (verifyTextPresent("Cancel Payment Plan", false)): null

04-10-2024T22:50:01 - [MESSAGE][PASSED] - Text 'Cancel Payment Plan' is present on page 

04-10-2024T22:50:01 - [TEST_STEP][PASSED] - click(findTestObject("Object Repository/IWP30/Page_PaymentPlan/btn_cancel")): Object: 'Object Repository/IWP30/Page_PaymentPlan/btn_cancel' is clicked on

04-10-2024T22:50:02 - [MESSAGE][PASSED] - Object: 'Object Repository/IWP30/Page_PaymentPlan/btn_cancel' is clicked on

04-10-2024T22:50:02 - [TEST_STEP][PASSED] - acceptAlert(): Alert accepted

04-10-2024T22:50:02 - [MESSAGE][PASSED] - Alert accepted

04-10-2024T22:50:02 - [TEST_STEP][PASSED] - if (verifyTextPresent("Your payment plan has been successfully canceled", false)): null

04-10-2024T22:50:03 - [MESSAGE][PASSED] - Text 'Your payment plan has been successfully canceled' is present on page 

04-10-2024T22:50:03 - [TEST_STEP][PASSED] - markPassed("Your payment plan has been successfully created and canceled"): Your payment plan has been successfully created and canceled

04-10-2024T22:50:03 - [MESSAGE][PASSED] - Your payment plan has been successfully created and canceled

04-10-2024T22:50:03 - [TEST_STEP][PASSED] - resText = "Pass": null

04-10-2024T22:50:03 - [TEST_STEP][PASSED] - println(row): null

04-10-2024T22:50:03 - [TEST_STEP][PASSED] - pages.WriteExcel.demoKey(resText, datText, resColumn, datCloumn, fileLoc, nameSheet, row): pages.WriteExcel.demoKey is PASSED

04-10-2024T22:50:04 - [MESSAGE][PASSED] - pages.WriteExcel.demoKey is PASSED

04-10-2024T22:50:04 - [TEST_STEP][PASSED] - closeBrowser(): Browser is closed

04-10-2024T22:50:04 - [MESSAGE][PASSED] - Browser is closed]]></system-out>
         <system-err><![CDATA[]]></system-err>
      </testcase>
      <testcase name="Test Cases/IntegratedWeb/IWP25/Payments/CCDeferredPC" time="74.912" classname="Test Cases/IntegratedWeb/IWP25/Payments/CCDeferredPC" status="PASSED">
         <system-out><![CDATA[04-10-2024T22:50:04 - [TEST_CASE][PASSED] - Test Cases/IntegratedWeb/IWP25/Payments/CCDeferredPC: Test Cases/IntegratedWeb/IWP25/Payments/CCDeferredPC

04-10-2024T22:50:05 - [TEST_STEP][PASSED] - resText = "Fail": null

04-10-2024T22:50:05 - [TEST_STEP][PASSED] - resColumn = "Result": null

04-10-2024T22:50:05 - [TEST_STEP][PASSED] - datCloumn = "Date": null

04-10-2024T22:50:05 - [TEST_STEP][PASSED] - fileLoc = "KatalonData/IWPTestData/VRelay25PaymentsExtension.xlsx": null

04-10-2024T22:50:05 - [TEST_STEP][PASSED] - numOfRows = <not implemented yet for class: org.codehaus.groovy.ast.expr.EmptyExpression>: null

04-10-2024T22:50:05 - [TEST_STEP][PASSED] - dataFile = <not implemented yet for class: org.codehaus.groovy.ast.expr.EmptyExpression>: null

04-10-2024T22:50:05 - [TEST_STEP][PASSED] - nameSheet = <not implemented yet for class: org.codehaus.groovy.ast.expr.EmptyExpression>: null

04-10-2024T22:50:05 - [TEST_STEP][PASSED] - dataFileEmulator = <not implemented yet for class: org.codehaus.groovy.ast.expr.EmptyExpression>: null

04-10-2024T22:50:05 - [TEST_STEP][PASSED] - isRequiredTextPresent = false: null

04-10-2024T22:50:05 - [TEST_STEP][PASSED] - nameSheet = "CCDeferredPlanPC": null

04-10-2024T22:50:05 - [TEST_STEP][PASSED] - dataFile = "IWPTestData/IWP25CCDeferredPC": null

04-10-2024T22:50:05 - [TEST_STEP][PASSED] - dataFileEmulator = "IWPTestData/EmulatorData": null

04-10-2024T22:50:05 - [TEST_STEP][PASSED] - numOfRows = findTestData(dataFile).getRowNumbers(): null

04-10-2024T22:50:05 - [TEST_STEP][PASSED] - println("Number of Records: " + numOfRows): null

04-10-2024T22:50:05 - [TEST_STEP][PASSED] - for ([row = 1, row <= numOfRows, (row++)]): Browser is closed

04-10-2024T22:50:05 - [TEST_STEP][PASSED] - ExecuteTC = findTestData(dataFile).getValue("Execute", row): null

04-10-2024T22:50:05 - [TEST_STEP][PASSED] - out.println("Value of Execute is : " + ExecuteTC): null

04-10-2024T22:50:05 - [TEST_STEP][PASSED] - if (ExecuteTC.equalsIgnoreCase("Y")): null

04-10-2024T22:50:05 - [TEST_STEP][PASSED] - out.println("Begin Record Number: " + row): null

04-10-2024T22:50:05 - [TEST_STEP][PASSED] - today = new java.util.Date(): null

04-10-2024T22:50:05 - [TEST_STEP][PASSED] - println(today): null

04-10-2024T22:50:05 - [TEST_STEP][PASSED] - datText = today: null

04-10-2024T22:50:05 - [TEST_STEP][PASSED] - EmulatorDataKey = findTestData(dataFile).getValue("EmulatorData", row): null

04-10-2024T22:50:05 - [TEST_STEP][PASSED] - out.println("Value of Emulator Key is : " + EmulatorDataKey): null

04-10-2024T22:50:05 - [TEST_STEP][PASSED] - iwpPages.emulatorIWP30.setDataEmulator_DD(EmulatorDataKey): iwpPages.emulatorIWP30.setDataEmulator_DD is PASSED

04-10-2024T22:50:05 - [MESSAGE][INFO] - Starting 'Edge Chromium' driver

04-10-2024T22:50:05 - [MESSAGE][INFO] - User set preference: ['acceptInsecureCerts', 'true']

04-10-2024T22:50:07 - [MESSAGE][INFO] - Action delay is set to 0 milliseconds

04-10-2024T22:50:10 - [MESSAGE][PASSED] - Browser is opened with url: 'https://qa.velocitypayment.com/agency/config.do?action=editor&message_version=2_5'

04-10-2024T22:50:11 - [MESSAGE][PASSED] - Current window maximized

04-10-2024T22:50:11 - [MESSAGE][PASSED] - All options with value '2.5' are selected in object 'Object Repository/IWP30/Page_VRelay30Emulator/MV'  using regular expression

04-10-2024T22:50:12 - [MESSAGE][PASSED] - Text '10.50' is set on object 'Object Repository/IWP30/Page_VRelay30Emulator/Amount'

04-10-2024T22:50:13 - [MESSAGE][PASSED] - Text '9tpGGaCfi4vN' is set on object 'Object Repository/IWP30/Page_VRelay30Emulator/CAN'

04-10-2024T22:50:13 - [MESSAGE][PASSED] - Text 'PayNow' is set on object 'Object Repository/IWP30/Page_VRelay30Emulator/Action'

04-10-2024T22:50:14 - [MESSAGE][PASSED] - Text 'en_US' is set on object 'Object Repository/IWP30/Page_VRelay30Emulator/Lang'

04-10-2024T22:50:15 - [MESSAGE][PASSED] - Text '' is set on object 'Object Repository/IWP30/Page_VRelay30Emulator/Fname'

04-10-2024T22:50:15 - [MESSAGE][PASSED] - Text '' is set on object 'Object Repository/IWP30/Page_VRelay30Emulator/Lname'

04-10-2024T22:50:16 - [MESSAGE][PASSED] - Text '' is set on object 'Object Repository/IWP30/Page_VRelay30Emulator/AL1'

04-10-2024T22:50:17 - [MESSAGE][PASSED] - Text '' is set on object 'Object Repository/IWP30/Page_VRelay30Emulator/AL2'

04-10-2024T22:50:17 - [MESSAGE][PASSED] - Text '' is set on object 'Object Repository/IWP30/Page_VRelay30Emulator/Country'

04-10-2024T22:50:18 - [MESSAGE][PASSED] - Text '' is set on object 'Object Repository/IWP30/Page_VRelay30Emulator/City'

04-10-2024T22:50:18 - [MESSAGE][PASSED] - Text '' is set on object 'Object Repository/IWP30/Page_VRelay30Emulator/State'

04-10-2024T22:50:19 - [MESSAGE][PASSED] - Text '' is set on object 'Object Repository/IWP30/Page_VRelay30Emulator/ZIP'

04-10-2024T22:50:19 - [MESSAGE][PASSED] - Text '' is set on object 'Object Repository/IWP30/Page_VRelay30Emulator/Order'

04-10-2024T22:50:20 - [MESSAGE][PASSED] - Text '' is set on object 'Object Repository/IWP30/Page_VRelay30Emulator/Company'

04-10-2024T22:50:21 - [MESSAGE][PASSED] - Text '' is set on object 'Object Repository/IWP30/Page_VRelay30Emulator/Email'

04-10-2024T22:50:21 - [MESSAGE][PASSED] - Text '' is set on object 'Object Repository/IWP30/Page_VRelay30Emulator/UDF1'

04-10-2024T22:50:22 - [MESSAGE][PASSED] - Text '' is set on object 'Object Repository/IWP30/Page_VRelay30Emulator/UDF2'

04-10-2024T22:50:22 - [MESSAGE][PASSED] - Text '' is set on object 'Object Repository/IWP30/Page_VRelay30Emulator/UDF3'

04-10-2024T22:50:23 - [MESSAGE][PASSED] - Text 'udf data 4' is set on object 'Object Repository/IWP30/Page_VRelay30Emulator/UDF4'

04-10-2024T22:50:24 - [MESSAGE][PASSED] - Text 'udf data 5' is set on object 'Object Repository/IWP30/Page_VRelay30Emulator/UDF5'

04-10-2024T22:50:24 - [MESSAGE][PASSED] - Text '' is set on object 'Object Repository/IWP30/Page_VRelay30Emulator/UDF6'

04-10-2024T22:50:25 - [MESSAGE][PASSED] - Text '' is set on object 'Object Repository/IWP30/Page_VRelay30Emulator/UDF7'

04-10-2024T22:50:25 - [MESSAGE][PASSED] - Text '' is set on object 'Object Repository/IWP30/Page_VRelay30Emulator/UDF8'

04-10-2024T22:50:26 - [MESSAGE][PASSED] - Text 'udf data 9' is set on object 'Object Repository/IWP30/Page_VRelay30Emulator/UDF9'

04-10-2024T22:50:27 - [MESSAGE][PASSED] - Text 'udf data 10' is set on object 'Object Repository/IWP30/Page_VRelay30Emulator/UDF10'

04-10-2024T22:50:28 - [MESSAGE][PASSED] - Object: 'Object Repository/IWP30/Page_VRelay30Emulator/Submit' is clicked on

04-10-2024T22:50:32 - [MESSAGE][PASSED] - Browser is closed

04-10-2024T22:50:36 - [MESSAGE][PASSED] - iwpPages.emulatorIWP30.setDataEmulator_DD is PASSED

04-10-2024T22:50:36 - [TEST_STEP][PASSED] - testHarnessURL = urlTestHarness: null

04-10-2024T22:50:36 - [TEST_STEP][PASSED] - openBrowser(testHarnessURL): Browser is opened with url: 'https://dev-algorithm.govolution.com/vrelaytest/QA/version_2_2/vrelaytest.html'

04-10-2024T22:50:36 - [MESSAGE][INFO] - Starting 'Edge Chromium' driver

04-10-2024T22:50:36 - [MESSAGE][INFO] - User set preference: ['acceptInsecureCerts', 'true']

04-10-2024T22:50:39 - [MESSAGE][INFO] - Action delay is set to 0 milliseconds

04-10-2024T22:50:43 - [MESSAGE][PASSED] - Browser is opened with url: 'https://dev-algorithm.govolution.com/vrelaytest/QA/version_2_2/vrelaytest.html'

04-10-2024T22:50:43 - [TEST_STEP][PASSED] - maximizeWindow(): Current window maximized

04-10-2024T22:50:43 - [MESSAGE][PASSED] - Current window maximized

04-10-2024T22:50:43 - [TEST_STEP][PASSED] - iwpPages.TestHarnessPage.setDataMethod(row, dataFile): iwpPages.TestHarnessPage.setDataMethod is PASSED

04-10-2024T22:50:43 - [MESSAGE][PASSED] - Object 'Object Repository/IWP30/Page_QATestHarness/RemittanceID' is present

04-10-2024T22:50:44 - [MESSAGE][PASSED] - Text '638' is set on object 'Object Repository/IWP30/Page_QATestHarness/ApplicationID'

04-10-2024T22:50:44 - [MESSAGE][PASSED] - Text '2.5' is set on object 'Object Repository/IWP30/Page_QATestHarness/MessageVersion'

04-10-2024T22:50:45 - [MESSAGE][PASSED] - Text 'EHbG80tsYnE5' is set on object 'Object Repository/IWP30/Page_QATestHarness/RemittanceID'

04-10-2024T22:50:48 - [MESSAGE][PASSED] - Object: 'Object Repository/IWP30/Page_QATestHarness/SubmitButton' is clicked on

04-10-2024T22:50:48 - [MESSAGE][PASSED] - iwpPages.TestHarnessPage.setDataMethod is PASSED

04-10-2024T22:50:48 - [TEST_STEP][PASSED] - click(findTestObject("Object Repository/IWP30/Page_SelectPaymentMethod/PayByPersonalCheck")): Object: 'Object Repository/IWP30/Page_SelectPaymentMethod/PayByPersonalCheck' is clicked on

04-10-2024T22:50:48 - [MESSAGE][PASSED] - Object: 'Object Repository/IWP30/Page_SelectPaymentMethod/PayByPersonalCheck' is clicked on

04-10-2024T22:50:48 - [TEST_STEP][PASSED] - click(findTestObject("Object Repository/IWP30/Page_SelectPaymentMethod/MakePaymentButton")): Object: 'Object Repository/IWP30/Page_SelectPaymentMethod/MakePaymentButton' is clicked on

04-10-2024T22:50:50 - [MESSAGE][PASSED] - Object: 'Object Repository/IWP30/Page_SelectPaymentMethod/MakePaymentButton' is clicked on

04-10-2024T22:50:50 - [TEST_STEP][PASSED] - iwpPages.achPersonalPaymentEntryPage.setDataACHPPM(row, dataFile): iwpPages.achPersonalPaymentEntryPage.setDataACHPPM is PASSED

04-10-2024T22:50:51 - [MESSAGE][PASSED] - Object 'Object Repository/IWP30/Page_ACHPersonalPaymentEntry/txt_accountNumber' is present

04-10-2024T22:50:52 - [MESSAGE][PASSED] - Text '10.50' is set on object 'Object Repository/IWP30/Page_ACHPersonalPaymentEntry/txt_Amount'

04-10-2024T22:50:52 - [MESSAGE][PASSED] - Object 'Object Repository/IWP30/Page_ACHPersonalPaymentEntry/txt_UDF2' is present

04-10-2024T22:50:53 - [MESSAGE][PASSED] - Text 'udf data 2' is set on object 'Object Repository/IWP30/Page_ACHPersonalPaymentEntry/txt_UDF2'

04-10-2024T22:50:53 - [MESSAGE][PASSED] - Text 'udf data 3' is set on object 'Object Repository/IWP30/Page_ACHPersonalPaymentEntry/txt_UDF3'

04-10-2024T22:50:54 - [MESSAGE][PASSED] - All options with label 'Orange' are selected in object 'Object Repository/IWP30/Page_ACHPersonalPaymentEntry/dd_UDF7' 

04-10-2024T22:50:54 - [MESSAGE][PASSED] - All options with label 'Soccer' are selected in object 'Object Repository/IWP30/Page_ACHPersonalPaymentEntry/dd_UDF8' 

04-10-2024T22:50:55 - [MESSAGE][PASSED] - Object 'Object Repository/IWP30/Page_ACHPersonalPaymentEntry/txt_Firstname' is present

04-10-2024T22:50:55 - [MESSAGE][PASSED] - Text 'Elizath' is set on object 'Object Repository/IWP30/Page_ACHPersonalPaymentEntry/txt_Firstname'

04-10-2024T22:50:55 - [MESSAGE][PASSED] - Object 'Object Repository/IWP30/Page_ACHPersonalPaymentEntry/txt_Lastname' is present

04-10-2024T22:50:56 - [MESSAGE][PASSED] - Text 'Christine' is set on object 'Object Repository/IWP30/Page_ACHPersonalPaymentEntry/txt_Lastname'

04-10-2024T22:50:56 - [MESSAGE][PASSED] - Object 'Object Repository/IWP30/Page_ACHPersonalPaymentEntry/txt_routingNumber' is present

04-10-2024T22:50:57 - [MESSAGE][PASSED] - Text '256072691' is set on object 'Object Repository/IWP30/Page_ACHPersonalPaymentEntry/txt_routingNumber'

04-10-2024T22:50:57 - [MESSAGE][PASSED] - Object 'Object Repository/IWP30/Page_ACHPersonalPaymentEntry/txt_accountNumber' is present

04-10-2024T22:50:58 - [MESSAGE][PASSED] - Text '12344444' is set on object 'Object Repository/IWP30/Page_ACHPersonalPaymentEntry/txt_accountNumber'

04-10-2024T22:50:59 - [MESSAGE][PASSED] - Object 'Object Repository/IWP30/Page_ACHPersonalPaymentEntry/txt_confirmAccountNumber' is present

04-10-2024T22:50:59 - [MESSAGE][PASSED] - Text '12344444' is set on object 'Object Repository/IWP30/Page_ACHPersonalPaymentEntry/txt_confirmAccountNumber'

04-10-2024T22:51:00 - [MESSAGE][PASSED] - Object 'Object Repository/IWP30/Page_ACHPersonalPaymentEntry/rd_accountType' is present

04-10-2024T22:51:00 - [MESSAGE][PASSED] - Modify property of object successfully

04-10-2024T22:51:00 - [MESSAGE][PASSED] - Object: 'Object Repository/IWP30/Page_ACHPersonalPaymentEntry/rd_accountType' is clicked on

04-10-2024T22:51:00 - [MESSAGE][PASSED] - Execute JavaScript '
				   document.getElementById('processDate').value = '08/09/2025'
				  ' successfully

04-10-2024T22:51:01 - [MESSAGE][PASSED] - Text '365 Main Avenue' is set on object 'Object Repository/IWP30/Page_ACHPersonalPaymentEntry/txt_AL1'

04-10-2024T22:51:01 - [MESSAGE][PASSED] - Text '22201' is set on object 'Object Repository/IWP30/Page_ACHPersonalPaymentEntry/txt_ZIP'

04-10-2024T22:51:02 - [MESSAGE][PASSED] - Object 'Object Repository/IWP30/Page_ACHPersonalPaymentEntry/txt_Email' is present

04-10-2024T22:51:03 - [MESSAGE][PASSED] - Text 'iahmed@govolution.com' is set on object 'Object Repository/IWP30/Page_ACHPersonalPaymentEntry/txt_Email'

04-10-2024T22:51:03 - [MESSAGE][PASSED] - Object 'Object Repository/IWP30/Page_ACHPersonalPaymentEntry/cb_TermsAndCond' is present

04-10-2024T22:51:03 - [MESSAGE][PASSED] - Object: 'Object Repository/IWP30/Page_ACHPersonalPaymentEntry/cb_TermsAndCond' is clicked on

04-10-2024T22:51:03 - [MESSAGE][PASSED] - Object 'Object Repository/IWP30/Page_ACHPersonalPaymentEntry/btn_Continue' is present

04-10-2024T22:51:05 - [MESSAGE][PASSED] - Object: 'Object Repository/IWP30/Page_ACHPersonalPaymentEntry/btn_Continue' is clicked on

04-10-2024T22:51:05 - [MESSAGE][PASSED] - iwpPages.achPersonalPaymentEntryPage.setDataACHPPM is PASSED

04-10-2024T22:51:05 - [TEST_STEP][PASSED] - click(findTestObject("Object Repository/IWP30/Page_Confirmation/ConfirmButton")): Object: 'Object Repository/IWP30/Page_Confirmation/ConfirmButton' is clicked on

04-10-2024T22:51:06 - [MESSAGE][PASSED] - Object: 'Object Repository/IWP30/Page_Confirmation/ConfirmButton' is clicked on

04-10-2024T22:51:06 - [TEST_STEP][PASSED] - Thread.sleep(2000): null

04-10-2024T22:51:08 - [TEST_STEP][PASSED] - if (verifyTextPresent("Deferred", false)): null

04-10-2024T22:51:09 - [MESSAGE][PASSED] - Text 'Deferred' is present on page 

04-10-2024T22:51:09 - [TEST_STEP][PASSED] - println("Deferred is present on page. Deferred Pay is created"): null

04-10-2024T22:51:09 - [TEST_STEP][PASSED] - click(findTestObject("Object Repository/IWP30/Page_Receipt/ViewScheduledPaymentsButton")): Object: 'Object Repository/IWP30/Page_Receipt/ViewScheduledPaymentsButton' is clicked on

04-10-2024T22:51:09 - [MESSAGE][PASSED] - Object: 'Object Repository/IWP30/Page_Receipt/ViewScheduledPaymentsButton' is clicked on

04-10-2024T22:51:09 - [TEST_STEP][PASSED] - switchToWindowTitle("View Scheduled Payments"): Switched to window with title: 'View Scheduled Payments'

04-10-2024T22:51:09 - [MESSAGE][PASSED] - Switched to window with title: 'View Scheduled Payments'

04-10-2024T22:51:09 - [TEST_STEP][PASSED] - Thread.sleep(5000): null

04-10-2024T22:51:14 - [TEST_STEP][PASSED] - if (verifyTextPresent("View Scheduled Payments", false)): null

04-10-2024T22:51:15 - [MESSAGE][PASSED] - Text 'View Scheduled Payments' is present on page 

04-10-2024T22:51:15 - [TEST_STEP][PASSED] - click(findTestObject("Object Repository/IWP30/Page_ScheduledPayments/cancel_payment")): Object: 'Object Repository/IWP30/Page_ScheduledPayments/cancel_payment' is clicked on

04-10-2024T22:51:16 - [MESSAGE][PASSED] - Object: 'Object Repository/IWP30/Page_ScheduledPayments/cancel_payment' is clicked on

04-10-2024T22:51:16 - [TEST_STEP][PASSED] - if (verifyTextPresent("Cancel Payment Plan", false)): null

04-10-2024T22:51:17 - [MESSAGE][PASSED] - Text 'Cancel Payment Plan' is present on page 

04-10-2024T22:51:17 - [TEST_STEP][PASSED] - click(findTestObject("Object Repository/IWP30/Page_PaymentPlan/btn_cancel")): Object: 'Object Repository/IWP30/Page_PaymentPlan/btn_cancel' is clicked on

04-10-2024T22:51:17 - [MESSAGE][PASSED] - Object: 'Object Repository/IWP30/Page_PaymentPlan/btn_cancel' is clicked on

04-10-2024T22:51:17 - [TEST_STEP][PASSED] - acceptAlert(): Alert accepted

04-10-2024T22:51:17 - [MESSAGE][PASSED] - Alert accepted

04-10-2024T22:51:17 - [TEST_STEP][PASSED] - if (verifyTextPresent("Your payment plan has been successfully canceled", false)): null

04-10-2024T22:51:18 - [MESSAGE][PASSED] - Text 'Your payment plan has been successfully canceled' is present on page 

04-10-2024T22:51:18 - [TEST_STEP][PASSED] - markPassed("Your payment plan has been successfully created and canceled"): Your payment plan has been successfully created and canceled

04-10-2024T22:51:18 - [MESSAGE][PASSED] - Your payment plan has been successfully created and canceled

04-10-2024T22:51:18 - [TEST_STEP][PASSED] - resText = "Pass": null

04-10-2024T22:51:18 - [TEST_STEP][PASSED] - println(row): null

04-10-2024T22:51:18 - [TEST_STEP][PASSED] - pages.WriteExcel.demoKey(resText, datText, resColumn, datCloumn, fileLoc, nameSheet, row): pages.WriteExcel.demoKey is PASSED

04-10-2024T22:51:19 - [MESSAGE][PASSED] - pages.WriteExcel.demoKey is PASSED

04-10-2024T22:51:19 - [TEST_STEP][PASSED] - closeBrowser(): Browser is closed

04-10-2024T22:51:19 - [MESSAGE][PASSED] - Browser is closed]]></system-out>
         <system-err><![CDATA[]]></system-err>
      </testcase>
      <testcase name="Test Cases/IntegratedWeb/IWP25/Payments/CCDeferredPS" time="72.898" classname="Test Cases/IntegratedWeb/IWP25/Payments/CCDeferredPS" status="PASSED">
         <system-out><![CDATA[04-10-2024T22:51:19 - [TEST_CASE][PASSED] - Test Cases/IntegratedWeb/IWP25/Payments/CCDeferredPS: Test Cases/IntegratedWeb/IWP25/Payments/CCDeferredPS

04-10-2024T22:51:19 - [TEST_STEP][PASSED] - resText = "Fail": null

04-10-2024T22:51:19 - [TEST_STEP][PASSED] - resColumn = "Result": null

04-10-2024T22:51:19 - [TEST_STEP][PASSED] - datCloumn = "Date": null

04-10-2024T22:51:19 - [TEST_STEP][PASSED] - fileLoc = "KatalonData/IWPTestData/VRelay25PaymentsExtension.xlsx": null

04-10-2024T22:51:19 - [TEST_STEP][PASSED] - numOfRows = <not implemented yet for class: org.codehaus.groovy.ast.expr.EmptyExpression>: null

04-10-2024T22:51:19 - [TEST_STEP][PASSED] - dataFile = <not implemented yet for class: org.codehaus.groovy.ast.expr.EmptyExpression>: null

04-10-2024T22:51:19 - [TEST_STEP][PASSED] - nameSheet = <not implemented yet for class: org.codehaus.groovy.ast.expr.EmptyExpression>: null

04-10-2024T22:51:19 - [TEST_STEP][PASSED] - dataFileEmulator = <not implemented yet for class: org.codehaus.groovy.ast.expr.EmptyExpression>: null

04-10-2024T22:51:19 - [TEST_STEP][PASSED] - isRequiredTextPresent = false: null

04-10-2024T22:51:19 - [TEST_STEP][PASSED] - nameSheet = "CCDeferredPlanPS": null

04-10-2024T22:51:19 - [TEST_STEP][PASSED] - dataFile = "IWPTestData/IWP25CCDeferredPS": null

04-10-2024T22:51:19 - [TEST_STEP][PASSED] - dataFileEmulator = "IWPTestData/EmulatorData": null

04-10-2024T22:51:19 - [TEST_STEP][PASSED] - numOfRows = findTestData(dataFile).getRowNumbers(): null

04-10-2024T22:51:20 - [TEST_STEP][PASSED] - println("Number of Records: " + numOfRows): null

04-10-2024T22:51:20 - [TEST_STEP][PASSED] - for ([row = 1, row <= numOfRows, (row++)]): Browser is closed

04-10-2024T22:51:20 - [TEST_STEP][PASSED] - ExecuteTC = findTestData(dataFile).getValue("Execute", row): null

04-10-2024T22:51:20 - [TEST_STEP][PASSED] - out.println("Value of Execute is : " + ExecuteTC): null

04-10-2024T22:51:20 - [TEST_STEP][PASSED] - if (ExecuteTC.equalsIgnoreCase("Y")): null

04-10-2024T22:51:20 - [TEST_STEP][PASSED] - out.println("Begin Record Number: " + row): null

04-10-2024T22:51:20 - [TEST_STEP][PASSED] - today = new java.util.Date(): null

04-10-2024T22:51:20 - [TEST_STEP][PASSED] - println(today): null

04-10-2024T22:51:20 - [TEST_STEP][PASSED] - datText = today: null

04-10-2024T22:51:20 - [TEST_STEP][PASSED] - EmulatorDataKey = findTestData(dataFile).getValue("EmulatorData", row): null

04-10-2024T22:51:20 - [TEST_STEP][PASSED] - out.println("Value of Emulator Key is : " + EmulatorDataKey): null

04-10-2024T22:51:20 - [TEST_STEP][PASSED] - iwpPages.emulatorIWP30.setDataEmulator_DD(EmulatorDataKey): iwpPages.emulatorIWP30.setDataEmulator_DD is PASSED

04-10-2024T22:51:20 - [MESSAGE][INFO] - Starting 'Edge Chromium' driver

04-10-2024T22:51:20 - [MESSAGE][INFO] - User set preference: ['acceptInsecureCerts', 'true']

04-10-2024T22:51:22 - [MESSAGE][INFO] - Action delay is set to 0 milliseconds

04-10-2024T22:51:25 - [MESSAGE][PASSED] - Browser is opened with url: 'https://qa.velocitypayment.com/agency/config.do?action=editor&message_version=2_5'

04-10-2024T22:51:25 - [MESSAGE][PASSED] - Current window maximized

04-10-2024T22:51:26 - [MESSAGE][PASSED] - All options with value '2.5' are selected in object 'Object Repository/IWP30/Page_VRelay30Emulator/MV'  using regular expression

04-10-2024T22:51:27 - [MESSAGE][PASSED] - Text '10.50' is set on object 'Object Repository/IWP30/Page_VRelay30Emulator/Amount'

04-10-2024T22:51:27 - [MESSAGE][PASSED] - Text 'Ek5jHXGDe4ar' is set on object 'Object Repository/IWP30/Page_VRelay30Emulator/CAN'

04-10-2024T22:51:28 - [MESSAGE][PASSED] - Text 'PayNow' is set on object 'Object Repository/IWP30/Page_VRelay30Emulator/Action'

04-10-2024T22:51:29 - [MESSAGE][PASSED] - Text 'en_US' is set on object 'Object Repository/IWP30/Page_VRelay30Emulator/Lang'

04-10-2024T22:51:29 - [MESSAGE][PASSED] - Text '' is set on object 'Object Repository/IWP30/Page_VRelay30Emulator/Fname'

04-10-2024T22:51:30 - [MESSAGE][PASSED] - Text '' is set on object 'Object Repository/IWP30/Page_VRelay30Emulator/Lname'

04-10-2024T22:51:30 - [MESSAGE][PASSED] - Text '' is set on object 'Object Repository/IWP30/Page_VRelay30Emulator/AL1'

04-10-2024T22:51:31 - [MESSAGE][PASSED] - Text '' is set on object 'Object Repository/IWP30/Page_VRelay30Emulator/AL2'

04-10-2024T22:51:31 - [MESSAGE][PASSED] - Text '' is set on object 'Object Repository/IWP30/Page_VRelay30Emulator/Country'

04-10-2024T22:51:32 - [MESSAGE][PASSED] - Text '' is set on object 'Object Repository/IWP30/Page_VRelay30Emulator/City'

04-10-2024T22:51:33 - [MESSAGE][PASSED] - Text '' is set on object 'Object Repository/IWP30/Page_VRelay30Emulator/State'

04-10-2024T22:51:33 - [MESSAGE][PASSED] - Text '' is set on object 'Object Repository/IWP30/Page_VRelay30Emulator/ZIP'

04-10-2024T22:51:34 - [MESSAGE][PASSED] - Text '' is set on object 'Object Repository/IWP30/Page_VRelay30Emulator/Order'

04-10-2024T22:51:34 - [MESSAGE][PASSED] - Text '' is set on object 'Object Repository/IWP30/Page_VRelay30Emulator/Company'

04-10-2024T22:51:35 - [MESSAGE][PASSED] - Text '' is set on object 'Object Repository/IWP30/Page_VRelay30Emulator/Email'

04-10-2024T22:51:35 - [MESSAGE][PASSED] - Text '' is set on object 'Object Repository/IWP30/Page_VRelay30Emulator/UDF1'

04-10-2024T22:51:36 - [MESSAGE][PASSED] - Text '' is set on object 'Object Repository/IWP30/Page_VRelay30Emulator/UDF2'

04-10-2024T22:51:37 - [MESSAGE][PASSED] - Text '' is set on object 'Object Repository/IWP30/Page_VRelay30Emulator/UDF3'

04-10-2024T22:51:37 - [MESSAGE][PASSED] - Text 'udf data 4' is set on object 'Object Repository/IWP30/Page_VRelay30Emulator/UDF4'

04-10-2024T22:51:38 - [MESSAGE][PASSED] - Text 'udf data 5' is set on object 'Object Repository/IWP30/Page_VRelay30Emulator/UDF5'

04-10-2024T22:51:38 - [MESSAGE][PASSED] - Text '' is set on object 'Object Repository/IWP30/Page_VRelay30Emulator/UDF6'

04-10-2024T22:51:39 - [MESSAGE][PASSED] - Text '' is set on object 'Object Repository/IWP30/Page_VRelay30Emulator/UDF7'

04-10-2024T22:51:39 - [MESSAGE][PASSED] - Text '' is set on object 'Object Repository/IWP30/Page_VRelay30Emulator/UDF8'

04-10-2024T22:51:40 - [MESSAGE][PASSED] - Text 'udf data 9' is set on object 'Object Repository/IWP30/Page_VRelay30Emulator/UDF9'

04-10-2024T22:51:41 - [MESSAGE][PASSED] - Text 'udf data 10' is set on object 'Object Repository/IWP30/Page_VRelay30Emulator/UDF10'

04-10-2024T22:51:42 - [MESSAGE][PASSED] - Object: 'Object Repository/IWP30/Page_VRelay30Emulator/Submit' is clicked on

04-10-2024T22:51:47 - [MESSAGE][PASSED] - Browser is closed

04-10-2024T22:51:51 - [MESSAGE][PASSED] - iwpPages.emulatorIWP30.setDataEmulator_DD is PASSED

04-10-2024T22:51:51 - [TEST_STEP][PASSED] - testHarnessURL = urlTestHarness: null

04-10-2024T22:51:51 - [TEST_STEP][PASSED] - openBrowser(testHarnessURL): Browser is opened with url: 'https://dev-algorithm.govolution.com/vrelaytest/QA/version_2_2/vrelaytest.html'

04-10-2024T22:51:51 - [MESSAGE][INFO] - Starting 'Edge Chromium' driver

04-10-2024T22:51:51 - [MESSAGE][INFO] - User set preference: ['acceptInsecureCerts', 'true']

04-10-2024T22:51:53 - [MESSAGE][INFO] - Action delay is set to 0 milliseconds

04-10-2024T22:51:56 - [MESSAGE][PASSED] - Browser is opened with url: 'https://dev-algorithm.govolution.com/vrelaytest/QA/version_2_2/vrelaytest.html'

04-10-2024T22:51:56 - [TEST_STEP][PASSED] - maximizeWindow(): Current window maximized

04-10-2024T22:51:56 - [MESSAGE][PASSED] - Current window maximized

04-10-2024T22:51:56 - [TEST_STEP][PASSED] - iwpPages.TestHarnessPage.setDataMethod(row, dataFile): iwpPages.TestHarnessPage.setDataMethod is PASSED

04-10-2024T22:51:57 - [MESSAGE][PASSED] - Object 'Object Repository/IWP30/Page_QATestHarness/RemittanceID' is present

04-10-2024T22:51:57 - [MESSAGE][PASSED] - Text '638' is set on object 'Object Repository/IWP30/Page_QATestHarness/ApplicationID'

04-10-2024T22:51:58 - [MESSAGE][PASSED] - Text '2.5' is set on object 'Object Repository/IWP30/Page_QATestHarness/MessageVersion'

04-10-2024T22:51:58 - [MESSAGE][PASSED] - Text 'epPDjgnD1vVH' is set on object 'Object Repository/IWP30/Page_QATestHarness/RemittanceID'

04-10-2024T22:52:01 - [MESSAGE][PASSED] - Object: 'Object Repository/IWP30/Page_QATestHarness/SubmitButton' is clicked on

04-10-2024T22:52:01 - [MESSAGE][PASSED] - iwpPages.TestHarnessPage.setDataMethod is PASSED

04-10-2024T22:52:01 - [TEST_STEP][PASSED] - click(findTestObject("Object Repository/IWP30/Page_SelectPaymentMethod/PayByPersonalCheck")): Object: 'Object Repository/IWP30/Page_SelectPaymentMethod/PayByPersonalCheck' is clicked on

04-10-2024T22:52:02 - [MESSAGE][PASSED] - Object: 'Object Repository/IWP30/Page_SelectPaymentMethod/PayByPersonalCheck' is clicked on

04-10-2024T22:52:02 - [TEST_STEP][PASSED] - click(findTestObject("Object Repository/IWP30/Page_SelectPaymentMethod/MakePaymentButton")): Object: 'Object Repository/IWP30/Page_SelectPaymentMethod/MakePaymentButton' is clicked on

04-10-2024T22:52:03 - [MESSAGE][PASSED] - Object: 'Object Repository/IWP30/Page_SelectPaymentMethod/MakePaymentButton' is clicked on

04-10-2024T22:52:03 - [TEST_STEP][PASSED] - iwpPages.achPersonalPaymentEntryPage.setDataACHPPM(row, dataFile): iwpPages.achPersonalPaymentEntryPage.setDataACHPPM is PASSED

04-10-2024T22:52:04 - [MESSAGE][PASSED] - Object 'Object Repository/IWP30/Page_ACHPersonalPaymentEntry/txt_accountNumber' is present

04-10-2024T22:52:05 - [MESSAGE][PASSED] - Text '10.50' is set on object 'Object Repository/IWP30/Page_ACHPersonalPaymentEntry/txt_Amount'

04-10-2024T22:52:05 - [MESSAGE][PASSED] - Object 'Object Repository/IWP30/Page_ACHPersonalPaymentEntry/txt_UDF2' is present

04-10-2024T22:52:06 - [MESSAGE][PASSED] - Text 'udf data 2' is set on object 'Object Repository/IWP30/Page_ACHPersonalPaymentEntry/txt_UDF2'

04-10-2024T22:52:06 - [MESSAGE][PASSED] - Text 'udf data 3' is set on object 'Object Repository/IWP30/Page_ACHPersonalPaymentEntry/txt_UDF3'

04-10-2024T22:52:07 - [MESSAGE][PASSED] - All options with label 'Orange' are selected in object 'Object Repository/IWP30/Page_ACHPersonalPaymentEntry/dd_UDF7' 

04-10-2024T22:52:07 - [MESSAGE][PASSED] - All options with label 'Soccer' are selected in object 'Object Repository/IWP30/Page_ACHPersonalPaymentEntry/dd_UDF8' 

04-10-2024T22:52:08 - [MESSAGE][PASSED] - Object 'Object Repository/IWP30/Page_ACHPersonalPaymentEntry/txt_Firstname' is present

04-10-2024T22:52:08 - [MESSAGE][PASSED] - Text 'Elizath' is set on object 'Object Repository/IWP30/Page_ACHPersonalPaymentEntry/txt_Firstname'

04-10-2024T22:52:08 - [MESSAGE][PASSED] - Object 'Object Repository/IWP30/Page_ACHPersonalPaymentEntry/txt_Lastname' is present

04-10-2024T22:52:09 - [MESSAGE][PASSED] - Text 'Christine' is set on object 'Object Repository/IWP30/Page_ACHPersonalPaymentEntry/txt_Lastname'

04-10-2024T22:52:09 - [MESSAGE][PASSED] - Object 'Object Repository/IWP30/Page_ACHPersonalPaymentEntry/txt_routingNumber' is present

04-10-2024T22:52:10 - [MESSAGE][PASSED] - Text '256072691' is set on object 'Object Repository/IWP30/Page_ACHPersonalPaymentEntry/txt_routingNumber'

04-10-2024T22:52:10 - [MESSAGE][PASSED] - Object 'Object Repository/IWP30/Page_ACHPersonalPaymentEntry/txt_accountNumber' is present

04-10-2024T22:52:11 - [MESSAGE][PASSED] - Text '12344444' is set on object 'Object Repository/IWP30/Page_ACHPersonalPaymentEntry/txt_accountNumber'

04-10-2024T22:52:12 - [MESSAGE][PASSED] - Object 'Object Repository/IWP30/Page_ACHPersonalPaymentEntry/txt_confirmAccountNumber' is present

04-10-2024T22:52:13 - [MESSAGE][PASSED] - Text '12344444' is set on object 'Object Repository/IWP30/Page_ACHPersonalPaymentEntry/txt_confirmAccountNumber'

04-10-2024T22:52:13 - [MESSAGE][PASSED] - Object 'Object Repository/IWP30/Page_ACHPersonalPaymentEntry/rd_accountType' is present

04-10-2024T22:52:13 - [MESSAGE][PASSED] - Modify property of object successfully

04-10-2024T22:52:13 - [MESSAGE][PASSED] - Object: 'Object Repository/IWP30/Page_ACHPersonalPaymentEntry/rd_accountType' is clicked on

04-10-2024T22:52:13 - [MESSAGE][PASSED] - Execute JavaScript '
				   document.getElementById('processDate').value = '08/09/2025'
				  ' successfully

04-10-2024T22:52:14 - [MESSAGE][PASSED] - Text '365 Main Avenue' is set on object 'Object Repository/IWP30/Page_ACHPersonalPaymentEntry/txt_AL1'

04-10-2024T22:52:14 - [MESSAGE][PASSED] - Text '22201' is set on object 'Object Repository/IWP30/Page_ACHPersonalPaymentEntry/txt_ZIP'

04-10-2024T22:52:15 - [MESSAGE][PASSED] - Object 'Object Repository/IWP30/Page_ACHPersonalPaymentEntry/txt_Email' is present

04-10-2024T22:52:16 - [MESSAGE][PASSED] - Text 'iahmed@govolution.com' is set on object 'Object Repository/IWP30/Page_ACHPersonalPaymentEntry/txt_Email'

04-10-2024T22:52:16 - [MESSAGE][PASSED] - Object 'Object Repository/IWP30/Page_ACHPersonalPaymentEntry/cb_TermsAndCond' is present

04-10-2024T22:52:16 - [MESSAGE][PASSED] - Object: 'Object Repository/IWP30/Page_ACHPersonalPaymentEntry/cb_TermsAndCond' is clicked on

04-10-2024T22:52:16 - [MESSAGE][PASSED] - Object 'Object Repository/IWP30/Page_ACHPersonalPaymentEntry/btn_Continue' is present

04-10-2024T22:52:18 - [MESSAGE][PASSED] - Object: 'Object Repository/IWP30/Page_ACHPersonalPaymentEntry/btn_Continue' is clicked on

04-10-2024T22:52:18 - [MESSAGE][PASSED] - iwpPages.achPersonalPaymentEntryPage.setDataACHPPM is PASSED

04-10-2024T22:52:18 - [TEST_STEP][PASSED] - click(findTestObject("Object Repository/IWP30/Page_Confirmation/ConfirmButton")): Object: 'Object Repository/IWP30/Page_Confirmation/ConfirmButton' is clicked on

04-10-2024T22:52:19 - [MESSAGE][PASSED] - Object: 'Object Repository/IWP30/Page_Confirmation/ConfirmButton' is clicked on

04-10-2024T22:52:19 - [TEST_STEP][PASSED] - Thread.sleep(2000): null

04-10-2024T22:52:21 - [TEST_STEP][PASSED] - if (verifyTextPresent("Deferred", false)): null

04-10-2024T22:52:22 - [MESSAGE][PASSED] - Text 'Deferred' is present on page 

04-10-2024T22:52:22 - [TEST_STEP][PASSED] - println("Deferred is present on page. Deferred Pay is created"): null

04-10-2024T22:52:22 - [TEST_STEP][PASSED] - click(findTestObject("Object Repository/IWP30/Page_Receipt/ViewScheduledPaymentsButton")): Object: 'Object Repository/IWP30/Page_Receipt/ViewScheduledPaymentsButton' is clicked on

04-10-2024T22:52:22 - [MESSAGE][PASSED] - Object: 'Object Repository/IWP30/Page_Receipt/ViewScheduledPaymentsButton' is clicked on

04-10-2024T22:52:22 - [TEST_STEP][PASSED] - switchToWindowTitle("View Scheduled Payments"): Switched to window with title: 'View Scheduled Payments'

04-10-2024T22:52:22 - [MESSAGE][PASSED] - Switched to window with title: 'View Scheduled Payments'

04-10-2024T22:52:22 - [TEST_STEP][PASSED] - Thread.sleep(5000): null

04-10-2024T22:52:27 - [TEST_STEP][PASSED] - if (verifyTextPresent("View Scheduled Payments", false)): null

04-10-2024T22:52:28 - [MESSAGE][PASSED] - Text 'View Scheduled Payments' is present on page 

04-10-2024T22:52:28 - [TEST_STEP][PASSED] - click(findTestObject("Object Repository/IWP30/Page_ScheduledPayments/cancel_payment")): Object: 'Object Repository/IWP30/Page_ScheduledPayments/cancel_payment' is clicked on

04-10-2024T22:52:29 - [MESSAGE][PASSED] - Object: 'Object Repository/IWP30/Page_ScheduledPayments/cancel_payment' is clicked on

04-10-2024T22:52:29 - [TEST_STEP][PASSED] - if (verifyTextPresent("Cancel Payment Plan", false)): null

04-10-2024T22:52:30 - [MESSAGE][PASSED] - Text 'Cancel Payment Plan' is present on page 

04-10-2024T22:52:30 - [TEST_STEP][PASSED] - click(findTestObject("Object Repository/IWP30/Page_PaymentPlan/btn_cancel")): Object: 'Object Repository/IWP30/Page_PaymentPlan/btn_cancel' is clicked on

04-10-2024T22:52:30 - [MESSAGE][PASSED] - Object: 'Object Repository/IWP30/Page_PaymentPlan/btn_cancel' is clicked on

04-10-2024T22:52:30 - [TEST_STEP][PASSED] - acceptAlert(): Alert accepted

04-10-2024T22:52:30 - [MESSAGE][PASSED] - Alert accepted

04-10-2024T22:52:30 - [TEST_STEP][PASSED] - if (verifyTextPresent("Your payment plan has been successfully canceled", false)): null

04-10-2024T22:52:31 - [MESSAGE][PASSED] - Text 'Your payment plan has been successfully canceled' is present on page 

04-10-2024T22:52:31 - [TEST_STEP][PASSED] - markPassed("Your payment plan has been successfully created and canceled"): Your payment plan has been successfully created and canceled

04-10-2024T22:52:31 - [MESSAGE][PASSED] - Your payment plan has been successfully created and canceled

04-10-2024T22:52:31 - [TEST_STEP][PASSED] - resText = "Pass": null

04-10-2024T22:52:31 - [TEST_STEP][PASSED] - println(row): null

04-10-2024T22:52:31 - [TEST_STEP][PASSED] - pages.WriteExcel.demoKey(resText, datText, resColumn, datCloumn, fileLoc, nameSheet, row): pages.WriteExcel.demoKey is PASSED

04-10-2024T22:52:31 - [MESSAGE][PASSED] - pages.WriteExcel.demoKey is PASSED

04-10-2024T22:52:31 - [TEST_STEP][PASSED] - closeBrowser(): Browser is closed

04-10-2024T22:52:32 - [MESSAGE][PASSED] - Browser is closed]]></system-out>
         <system-err><![CDATA[]]></system-err>
      </testcase>
      <testcase name="Test Cases/IntegratedWeb/IWP25/Payments/CMCDeferredCorp" time="82.802" classname="Test Cases/IntegratedWeb/IWP25/Payments/CMCDeferredCorp" status="PASSED">
         <system-out><![CDATA[04-10-2024T22:52:32 - [TEST_CASE][PASSED] - Test Cases/IntegratedWeb/IWP25/Payments/CMCDeferredCorp: Test Cases/IntegratedWeb/IWP25/Payments/CMCDeferredCorp

04-10-2024T22:52:33 - [TEST_STEP][PASSED] - resText = "Fail": null

04-10-2024T22:52:33 - [TEST_STEP][PASSED] - resColumn = "Result": null

04-10-2024T22:52:33 - [TEST_STEP][PASSED] - datCloumn = "Date": null

04-10-2024T22:52:33 - [TEST_STEP][PASSED] - fileLoc = "KatalonData/IWPTestData/VRelay25PaymentsExtension.xlsx": null

04-10-2024T22:52:33 - [TEST_STEP][PASSED] - numOfRows = <not implemented yet for class: org.codehaus.groovy.ast.expr.EmptyExpression>: null

04-10-2024T22:52:33 - [TEST_STEP][PASSED] - dataFile = <not implemented yet for class: org.codehaus.groovy.ast.expr.EmptyExpression>: null

04-10-2024T22:52:33 - [TEST_STEP][PASSED] - nameSheet = <not implemented yet for class: org.codehaus.groovy.ast.expr.EmptyExpression>: null

04-10-2024T22:52:33 - [TEST_STEP][PASSED] - dataFileEmulator = <not implemented yet for class: org.codehaus.groovy.ast.expr.EmptyExpression>: null

04-10-2024T22:52:33 - [TEST_STEP][PASSED] - isRequiredTextPresent = false: null

04-10-2024T22:52:33 - [TEST_STEP][PASSED] - nameSheet = "CMCDeferredPlanCorp": null

04-10-2024T22:52:33 - [TEST_STEP][PASSED] - dataFile = "IWPTestData/IWP25CMCDeferredCorp": null

04-10-2024T22:52:33 - [TEST_STEP][PASSED] - dataFileEmulator = "IWPTestData/EmulatorData": null

04-10-2024T22:52:33 - [TEST_STEP][PASSED] - numOfRows = findTestData(dataFile).getRowNumbers(): null

04-10-2024T22:52:33 - [TEST_STEP][PASSED] - println("Number of Records: " + numOfRows): null

04-10-2024T22:52:33 - [TEST_STEP][PASSED] - for ([row = 1, row <= numOfRows, (row++)]): Browser is closed

04-10-2024T22:52:33 - [TEST_STEP][PASSED] - ExecuteTC = findTestData(dataFile).getValue("Execute", row): null

04-10-2024T22:52:33 - [TEST_STEP][PASSED] - out.println("Value of Execute is : " + ExecuteTC): null

04-10-2024T22:52:33 - [TEST_STEP][PASSED] - if (ExecuteTC.equalsIgnoreCase("Y")): null

04-10-2024T22:52:33 - [TEST_STEP][PASSED] - out.println("Begin Record Number: " + row): null

04-10-2024T22:52:33 - [TEST_STEP][PASSED] - today = new java.util.Date(): null

04-10-2024T22:52:33 - [TEST_STEP][PASSED] - println(today): null

04-10-2024T22:52:33 - [TEST_STEP][PASSED] - datText = today: null

04-10-2024T22:52:33 - [TEST_STEP][PASSED] - EmulatorDataKey = findTestData(dataFile).getValue("EmulatorData", row): null

04-10-2024T22:52:33 - [TEST_STEP][PASSED] - out.println("Value of Emulator Key is : " + EmulatorDataKey): null

04-10-2024T22:52:33 - [TEST_STEP][PASSED] - iwpPages.emulatorIWP30.setDataEmulator_DD(EmulatorDataKey): iwpPages.emulatorIWP30.setDataEmulator_DD is PASSED

04-10-2024T22:52:33 - [MESSAGE][INFO] - Starting 'Edge Chromium' driver

04-10-2024T22:52:33 - [MESSAGE][INFO] - User set preference: ['acceptInsecureCerts', 'true']

04-10-2024T22:52:35 - [MESSAGE][INFO] - Action delay is set to 0 milliseconds

04-10-2024T22:52:39 - [MESSAGE][PASSED] - Browser is opened with url: 'https://qa.velocitypayment.com/agency/config.do?action=editor&message_version=2_5'

04-10-2024T22:52:39 - [MESSAGE][PASSED] - Current window maximized

04-10-2024T22:52:40 - [MESSAGE][PASSED] - All options with value '2.5' are selected in object 'Object Repository/IWP30/Page_VRelay30Emulator/MV'  using regular expression

04-10-2024T22:52:40 - [MESSAGE][PASSED] - Text '10.50' is set on object 'Object Repository/IWP30/Page_VRelay30Emulator/Amount'

04-10-2024T22:52:41 - [MESSAGE][PASSED] - Text 'ix704okU2bw4' is set on object 'Object Repository/IWP30/Page_VRelay30Emulator/CAN'

04-10-2024T22:52:42 - [MESSAGE][PASSED] - Text 'PayNow' is set on object 'Object Repository/IWP30/Page_VRelay30Emulator/Action'

04-10-2024T22:52:42 - [MESSAGE][PASSED] - Text 'en_US' is set on object 'Object Repository/IWP30/Page_VRelay30Emulator/Lang'

04-10-2024T22:52:43 - [MESSAGE][PASSED] - Text '' is set on object 'Object Repository/IWP30/Page_VRelay30Emulator/Fname'

04-10-2024T22:52:44 - [MESSAGE][PASSED] - Text '' is set on object 'Object Repository/IWP30/Page_VRelay30Emulator/Lname'

04-10-2024T22:52:44 - [MESSAGE][PASSED] - Text '' is set on object 'Object Repository/IWP30/Page_VRelay30Emulator/AL1'

04-10-2024T22:52:45 - [MESSAGE][PASSED] - Text '' is set on object 'Object Repository/IWP30/Page_VRelay30Emulator/AL2'

04-10-2024T22:52:45 - [MESSAGE][PASSED] - Text '' is set on object 'Object Repository/IWP30/Page_VRelay30Emulator/Country'

04-10-2024T22:52:46 - [MESSAGE][PASSED] - Text '' is set on object 'Object Repository/IWP30/Page_VRelay30Emulator/City'

04-10-2024T22:52:46 - [MESSAGE][PASSED] - Text '' is set on object 'Object Repository/IWP30/Page_VRelay30Emulator/State'

04-10-2024T22:52:47 - [MESSAGE][PASSED] - Text '' is set on object 'Object Repository/IWP30/Page_VRelay30Emulator/ZIP'

04-10-2024T22:52:48 - [MESSAGE][PASSED] - Text '' is set on object 'Object Repository/IWP30/Page_VRelay30Emulator/Order'

04-10-2024T22:52:48 - [MESSAGE][PASSED] - Text '' is set on object 'Object Repository/IWP30/Page_VRelay30Emulator/Company'

04-10-2024T22:52:49 - [MESSAGE][PASSED] - Text '' is set on object 'Object Repository/IWP30/Page_VRelay30Emulator/Email'

04-10-2024T22:52:49 - [MESSAGE][PASSED] - Text '' is set on object 'Object Repository/IWP30/Page_VRelay30Emulator/UDF1'

04-10-2024T22:52:50 - [MESSAGE][PASSED] - Text '' is set on object 'Object Repository/IWP30/Page_VRelay30Emulator/UDF2'

04-10-2024T22:52:50 - [MESSAGE][PASSED] - Text '' is set on object 'Object Repository/IWP30/Page_VRelay30Emulator/UDF3'

04-10-2024T22:52:51 - [MESSAGE][PASSED] - Text 'udf data 4' is set on object 'Object Repository/IWP30/Page_VRelay30Emulator/UDF4'

04-10-2024T22:52:52 - [MESSAGE][PASSED] - Text 'udf data 5' is set on object 'Object Repository/IWP30/Page_VRelay30Emulator/UDF5'

04-10-2024T22:52:52 - [MESSAGE][PASSED] - Text '' is set on object 'Object Repository/IWP30/Page_VRelay30Emulator/UDF6'

04-10-2024T22:52:53 - [MESSAGE][PASSED] - Text '' is set on object 'Object Repository/IWP30/Page_VRelay30Emulator/UDF7'

04-10-2024T22:52:53 - [MESSAGE][PASSED] - Text '' is set on object 'Object Repository/IWP30/Page_VRelay30Emulator/UDF8'

04-10-2024T22:52:54 - [MESSAGE][PASSED] - Text 'udf data 9' is set on object 'Object Repository/IWP30/Page_VRelay30Emulator/UDF9'

04-10-2024T22:52:55 - [MESSAGE][PASSED] - Text 'udf data 10' is set on object 'Object Repository/IWP30/Page_VRelay30Emulator/UDF10'

04-10-2024T22:52:56 - [MESSAGE][PASSED] - Object: 'Object Repository/IWP30/Page_VRelay30Emulator/Submit' is clicked on

04-10-2024T22:53:00 - [MESSAGE][PASSED] - Browser is closed

04-10-2024T22:53:04 - [MESSAGE][PASSED] - iwpPages.emulatorIWP30.setDataEmulator_DD is PASSED

04-10-2024T22:53:04 - [TEST_STEP][PASSED] - testHarnessURL = urlTestHarness: null

04-10-2024T22:53:04 - [TEST_STEP][PASSED] - openBrowser(testHarnessURL): Browser is opened with url: 'https://dev-algorithm.govolution.com/vrelaytest/QA/version_2_2/vrelaytest.html'

04-10-2024T22:53:04 - [MESSAGE][INFO] - Starting 'Edge Chromium' driver

04-10-2024T22:53:04 - [MESSAGE][INFO] - User set preference: ['acceptInsecureCerts', 'true']

04-10-2024T22:53:06 - [MESSAGE][INFO] - Action delay is set to 0 milliseconds

04-10-2024T22:53:10 - [MESSAGE][PASSED] - Browser is opened with url: 'https://dev-algorithm.govolution.com/vrelaytest/QA/version_2_2/vrelaytest.html'

04-10-2024T22:53:10 - [TEST_STEP][PASSED] - maximizeWindow(): Current window maximized

04-10-2024T22:53:10 - [MESSAGE][PASSED] - Current window maximized

04-10-2024T22:53:10 - [TEST_STEP][PASSED] - iwpPages.TestHarnessPage.setDataMethod(row, dataFile): iwpPages.TestHarnessPage.setDataMethod is PASSED

04-10-2024T22:53:10 - [MESSAGE][PASSED] - Object 'Object Repository/IWP30/Page_QATestHarness/RemittanceID' is present

04-10-2024T22:53:11 - [MESSAGE][PASSED] - Text '638' is set on object 'Object Repository/IWP30/Page_QATestHarness/ApplicationID'

04-10-2024T22:53:11 - [MESSAGE][PASSED] - Text '2.5' is set on object 'Object Repository/IWP30/Page_QATestHarness/MessageVersion'

04-10-2024T22:53:12 - [MESSAGE][PASSED] - Text 'MZBRUe7k2chL' is set on object 'Object Repository/IWP30/Page_QATestHarness/RemittanceID'

04-10-2024T22:53:16 - [MESSAGE][PASSED] - Object: 'Object Repository/IWP30/Page_QATestHarness/SubmitButton' is clicked on

04-10-2024T22:53:16 - [MESSAGE][PASSED] - iwpPages.TestHarnessPage.setDataMethod is PASSED

04-10-2024T22:53:16 - [TEST_STEP][PASSED] - click(findTestObject("Object Repository/IWP30/Page_SelectPaymentMethod/PayByCorporateCheck")): Object: 'Object Repository/IWP30/Page_SelectPaymentMethod/PayByCorporateCheck' is clicked on

04-10-2024T22:53:16 - [MESSAGE][PASSED] - Object: 'Object Repository/IWP30/Page_SelectPaymentMethod/PayByCorporateCheck' is clicked on

04-10-2024T22:53:16 - [TEST_STEP][PASSED] - click(findTestObject("Object Repository/IWP30/Page_SelectPaymentMethod/MakePaymentButton")): Object: 'Object Repository/IWP30/Page_SelectPaymentMethod/MakePaymentButton' is clicked on

04-10-2024T22:53:19 - [MESSAGE][PASSED] - Object: 'Object Repository/IWP30/Page_SelectPaymentMethod/MakePaymentButton' is clicked on

04-10-2024T22:53:19 - [TEST_STEP][PASSED] - iwpPages.achCorporatePaymentEntryPage.setDataCorporate(row, dataFile): iwpPages.achCorporatePaymentEntryPage.setDataCorporate is PASSED

04-10-2024T22:53:20 - [MESSAGE][PASSED] - Object 'Object Repository/IWP30/Page_ACHCorporatePaymentEntry/txt_accountNumber' is present

04-10-2024T22:53:20 - [MESSAGE][PASSED] - Object 'Object Repository/IWP30/Page_ACHCorporatePaymentEntry/input_CompanyName' is present

04-10-2024T22:53:21 - [MESSAGE][PASSED] - Text 'My Company' is set on object 'Object Repository/IWP30/Page_ACHCorporatePaymentEntry/input_CompanyName'

04-10-2024T22:53:21 - [MESSAGE][PASSED] - Object 'Object Repository/IWP30/Page_ACHCorporatePaymentEntry/input_EIN' is present

04-10-2024T22:53:22 - [MESSAGE][PASSED] - Text '123456789' is set on object 'Object Repository/IWP30/Page_ACHCorporatePaymentEntry/input_EIN'

04-10-2024T22:53:22 - [MESSAGE][PASSED] - Text '10.50' is set on object 'Object Repository/IWP30/Page_ACHCorporatePaymentEntry/txt_Amount'

04-10-2024T22:53:23 - [MESSAGE][PASSED] - Text 'udf data 2' is set on object 'Object Repository/IWP30/Page_ACHCorporatePaymentEntry/txt_UDF2'

04-10-2024T22:53:24 - [MESSAGE][PASSED] - Text 'udf data 3' is set on object 'Object Repository/IWP30/Page_ACHCorporatePaymentEntry/txt_UDF3'

04-10-2024T22:53:24 - [MESSAGE][PASSED] - All options with label 'Orange' are selected in object 'Object Repository/IWP30/Page_ACHCorporatePaymentEntry/dd_UDF7' 

04-10-2024T22:53:25 - [MESSAGE][PASSED] - All options with label 'Soccer' are selected in object 'Object Repository/IWP30/Page_ACHCorporatePaymentEntry/dd_UDF8' 

04-10-2024T22:53:25 - [MESSAGE][PASSED] - Object 'Object Repository/IWP30/Page_ACHCorporatePaymentEntry/txt_routingNumber' is present

04-10-2024T22:53:26 - [MESSAGE][PASSED] - Text '256072691' is set on object 'Object Repository/IWP30/Page_ACHCorporatePaymentEntry/txt_routingNumber'

04-10-2024T22:53:26 - [MESSAGE][PASSED] - Object 'Object Repository/IWP30/Page_ACHCorporatePaymentEntry/txt_accountNumber' is present

04-10-2024T22:53:27 - [MESSAGE][PASSED] - Text '12344444' is set on object 'Object Repository/IWP30/Page_ACHCorporatePaymentEntry/txt_accountNumber'

04-10-2024T22:53:28 - [MESSAGE][PASSED] - Object 'Object Repository/IWP30/Page_ACHCorporatePaymentEntry/txt_confirmAccountNumber' is present

04-10-2024T22:53:28 - [MESSAGE][PASSED] - Text '12344444' is set on object 'Object Repository/IWP30/Page_ACHCorporatePaymentEntry/txt_confirmAccountNumber'

04-10-2024T22:53:28 - [MESSAGE][PASSED] - Execute JavaScript '
				   document.getElementById('processDate').value = '08/09/2025'
				  ' successfully

04-10-2024T22:53:29 - [MESSAGE][PASSED] - Text '365 Main Avenue' is set on object 'Object Repository/IWP30/Page_ACHCorporatePaymentEntry/txt_AL1'

04-10-2024T22:53:29 - [MESSAGE][PASSED] - Text '22201' is set on object 'Object Repository/IWP30/Page_ACHCorporatePaymentEntry/txt_ZIP'

04-10-2024T22:53:30 - [MESSAGE][PASSED] - Object 'Object Repository/IWP30/Page_ACHCorporatePaymentEntry/txt_Email' is present

04-10-2024T22:53:31 - [MESSAGE][PASSED] - Text 'iahmed@govolution.com' is set on object 'Object Repository/IWP30/Page_ACHCorporatePaymentEntry/txt_Email'

04-10-2024T22:53:31 - [MESSAGE][PASSED] - Object 'Object Repository/IWP30/Page_ACHCorporatePaymentEntry/cb_TermsAndCond' is present

04-10-2024T22:53:31 - [MESSAGE][PASSED] - Object: 'Object Repository/IWP30/Page_ACHCorporatePaymentEntry/cb_TermsAndCond' is clicked on

04-10-2024T22:53:32 - [MESSAGE][PASSED] - Object 'Object Repository/IWP30/Page_ACHCorporatePaymentEntry/btn_Continue' is present

04-10-2024T22:53:33 - [MESSAGE][PASSED] - Object: 'Object Repository/IWP30/Page_ACHCorporatePaymentEntry/btn_Continue' is clicked on

04-10-2024T22:53:33 - [MESSAGE][PASSED] - iwpPages.achCorporatePaymentEntryPage.setDataCorporate is PASSED

04-10-2024T22:53:33 - [TEST_STEP][PASSED] - click(findTestObject("Object Repository/IWP30/Page_Confirmation/ConfirmButton")): Object: 'Object Repository/IWP30/Page_Confirmation/ConfirmButton' is clicked on

04-10-2024T22:53:34 - [MESSAGE][PASSED] - Object: 'Object Repository/IWP30/Page_Confirmation/ConfirmButton' is clicked on

04-10-2024T22:53:34 - [TEST_STEP][PASSED] - Thread.sleep(2000): null

04-10-2024T22:53:36 - [TEST_STEP][PASSED] - if (verifyTextPresent("Deferred", false)): null

04-10-2024T22:53:37 - [MESSAGE][PASSED] - Text 'Deferred' is present on page 

04-10-2024T22:53:37 - [TEST_STEP][PASSED] - println("Deferred is present on page. Deferred Pay is created"): null

04-10-2024T22:53:37 - [TEST_STEP][PASSED] - click(findTestObject("Object Repository/IWP30/Page_Receipt/ViewScheduledPaymentsButton")): Object: 'Object Repository/IWP30/Page_Receipt/ViewScheduledPaymentsButton' is clicked on

04-10-2024T22:53:37 - [MESSAGE][PASSED] - Object: 'Object Repository/IWP30/Page_Receipt/ViewScheduledPaymentsButton' is clicked on

04-10-2024T22:53:37 - [TEST_STEP][PASSED] - switchToWindowTitle("View Scheduled Payments"): Switched to window with title: 'View Scheduled Payments'

04-10-2024T22:53:37 - [MESSAGE][PASSED] - Switched to window with title: 'View Scheduled Payments'

04-10-2024T22:53:37 - [TEST_STEP][PASSED] - Thread.sleep(5000): null

04-10-2024T22:53:42 - [TEST_STEP][PASSED] - if (verifyTextPresent("View Scheduled Payments", false)): null

04-10-2024T22:53:43 - [MESSAGE][PASSED] - Text 'View Scheduled Payments' is present on page 

04-10-2024T22:53:43 - [TEST_STEP][PASSED] - click(findTestObject("Object Repository/IWP30/Page_ScheduledPayments/edit_payment")): Object: 'Object Repository/IWP30/Page_ScheduledPayments/edit_payment' is clicked on

04-10-2024T22:53:46 - [MESSAGE][PASSED] - Object: 'Object Repository/IWP30/Page_ScheduledPayments/edit_payment' is clicked on

04-10-2024T22:53:46 - [TEST_STEP][PASSED] - iwpPages.editSchedulePayment.setDataSchedPayment(row, dataFile): iwpPages.editSchedulePayment.setDataSchedPayment is PASSED

04-10-2024T22:53:46 - [MESSAGE][PASSED] - Text 'Edit Payment Plan' is present on page 

04-10-2024T22:53:47 - [MESSAGE][PASSED] - All options with label 'Orange' are selected in object 'Object Repository/IWP30/Page_CCPaymentEntry/UserDefined7' 

04-10-2024T22:53:47 - [MESSAGE][PASSED] - All options with label 'Soccer' are selected in object 'Object Repository/IWP30/Page_CCPaymentEntry/UserDefined8' 

04-10-2024T22:53:47 - [MESSAGE][PASSED] - Execute JavaScript '
				   document.getElementById('processDate').value = '08/09/2045'
				  ' successfully

04-10-2024T22:53:47 - [MESSAGE][PASSED] - iwpPages.editSchedulePayment.setDataSchedPayment is PASSED

04-10-2024T22:53:47 - [TEST_STEP][PASSED] - click(findTestObject("Object Repository/Page_EditSchedPayment/chkbox_acceptterms")): Object: 'Object Repository/Page_EditSchedPayment/chkbox_acceptterms' is clicked on

04-10-2024T22:53:48 - [MESSAGE][PASSED] - Object: 'Object Repository/Page_EditSchedPayment/chkbox_acceptterms' is clicked on

04-10-2024T22:53:48 - [TEST_STEP][PASSED] - click(findTestObject("Object Repository/Page_EditSchedPayment/btn_update")): Object: 'Object Repository/Page_EditSchedPayment/btn_update' is clicked on

04-10-2024T22:53:50 - [MESSAGE][PASSED] - Object: 'Object Repository/Page_EditSchedPayment/btn_update' is clicked on

04-10-2024T22:53:50 - [TEST_STEP][PASSED] - if (verifyTextPresent("Successful Payment Plan Update", false)): null

04-10-2024T22:53:50 - [MESSAGE][PASSED] - Text 'Successful Payment Plan Update' is present on page 

04-10-2024T22:53:50 - [TEST_STEP][PASSED] - click(findTestObject("Object Repository/IWP30/Page_SuccesfulUpdate/btn_back")): Object: 'Object Repository/IWP30/Page_SuccesfulUpdate/btn_back' is clicked on

04-10-2024T22:53:51 - [MESSAGE][PASSED] - Object: 'Object Repository/IWP30/Page_SuccesfulUpdate/btn_back' is clicked on

04-10-2024T22:53:51 - [TEST_STEP][PASSED] - click(findTestObject("Object Repository/IWP30/Page_ScheduledPayments/cancel_payment")): Object: 'Object Repository/IWP30/Page_ScheduledPayments/cancel_payment' is clicked on

04-10-2024T22:53:52 - [MESSAGE][PASSED] - Object: 'Object Repository/IWP30/Page_ScheduledPayments/cancel_payment' is clicked on

04-10-2024T22:53:52 - [TEST_STEP][PASSED] - if (verifyTextPresent("Cancel Payment Plan", false)): null

04-10-2024T22:53:53 - [MESSAGE][PASSED] - Text 'Cancel Payment Plan' is present on page 

04-10-2024T22:53:53 - [TEST_STEP][PASSED] - click(findTestObject("Object Repository/IWP30/Page_PaymentPlan/btn_cancel")): Object: 'Object Repository/IWP30/Page_PaymentPlan/btn_cancel' is clicked on

04-10-2024T22:53:53 - [MESSAGE][PASSED] - Object: 'Object Repository/IWP30/Page_PaymentPlan/btn_cancel' is clicked on

04-10-2024T22:53:53 - [TEST_STEP][PASSED] - acceptAlert(): Alert accepted

04-10-2024T22:53:53 - [MESSAGE][PASSED] - Alert accepted

04-10-2024T22:53:53 - [TEST_STEP][PASSED] - if (verifyTextPresent("Your payment plan has been successfully canceled", false)): null

04-10-2024T22:53:54 - [MESSAGE][PASSED] - Text 'Your payment plan has been successfully canceled' is present on page 

04-10-2024T22:53:54 - [TEST_STEP][PASSED] - markPassed("Your payment plan has been successfully created, modified and canceled"): Your payment plan has been successfully created, modified and canceled

04-10-2024T22:53:54 - [MESSAGE][PASSED] - Your payment plan has been successfully created, modified and canceled

04-10-2024T22:53:54 - [TEST_STEP][PASSED] - resText = "Pass": null

04-10-2024T22:53:54 - [TEST_STEP][PASSED] - println(row): null

04-10-2024T22:53:54 - [TEST_STEP][PASSED] - pages.WriteExcel.demoKey(resText, datText, resColumn, datCloumn, fileLoc, nameSheet, row): pages.WriteExcel.demoKey is PASSED

04-10-2024T22:53:54 - [MESSAGE][PASSED] - pages.WriteExcel.demoKey is PASSED

04-10-2024T22:53:54 - [TEST_STEP][PASSED] - closeBrowser(): Browser is closed

04-10-2024T22:53:55 - [MESSAGE][PASSED] - Browser is closed]]></system-out>
         <system-err><![CDATA[]]></system-err>
      </testcase>
      <testcase name="Test Cases/IntegratedWeb/IWP25/Payments/CMCDeferredCredit" time="129.247" classname="Test Cases/IntegratedWeb/IWP25/Payments/CMCDeferredCredit" status="FAILED">
         <failure type="FAILED" message="Test Cases/IntegratedWeb/IWP25/Payments/CMCDeferredCredit FAILED.&#xa;Reason:&#xa;com.kms.katalon.core.exception.StepFailedException: Cannot find window with title: 'View Scheduled Payments' (Root cause: com.kms.katalon.core.exception.StepFailedException: Cannot find window with title: 'View Scheduled Payments'&#xa;	at com.kms.katalon.core.webui.keyword.internal.WebUIKeywordMain.stepFailed(WebUIKeywordMain.groovy:64)&#xa;	at com.kms.katalon.core.webui.keyword.builtin.SwitchToWindowTitleKeyword$_switchToWindowTitle_closure1.doCall(SwitchToWindowTitleKeyword.groovy:82)&#xa;	at com.kms.katalon.core.webui.keyword.builtin.SwitchToWindowTitleKeyword$_switchToWindowTitle_closure1.call(SwitchToWindowTitleKeyword.groovy)&#xa;	at com.kms.katalon.core.webui.keyword.internal.WebUIKeywordMain.runKeyword(WebUIKeywordMain.groovy:20)&#xa;	at com.kms.katalon.core.webui.keyword.builtin.SwitchToWindowTitleKeyword.switchToWindowTitle(SwitchToWindowTitleKeyword.groovy:84)&#xa;	at com.kms.katalon.core.webui.keyword.builtin.SwitchToWindowTitleKeyword.execute(SwitchToWindowTitleKeyword.groovy:67)&#xa;	at com.kms.katalon.core.keyword.internal.KeywordExecutor.executeKeywordForPlatform(KeywordExecutor.groovy:74)&#xa;	at com.kms.katalon.core.webui.keyword.WebUiBuiltInKeywords.switchToWindowTitle(WebUiBuiltInKeywords.groovy:1822)&#xa;	at CMCDeferredCredit.run(CMCDeferredCredit:95)&#xa;	at com.kms.katalon.core.main.ScriptEngine.run(ScriptEngine.java:194)&#xa;	at com.kms.katalon.core.main.ScriptEngine.runScriptAsRawText(ScriptEngine.java:119)&#xa;	at com.kms.katalon.core.main.TestCaseExecutor.runScript(TestCaseExecutor.java:448)&#xa;	at com.kms.katalon.core.main.TestCaseExecutor.doExecute(TestCaseExecutor.java:439)&#xa;	at com.kms.katalon.core.main.TestCaseExecutor.processExecutionPhase(TestCaseExecutor.java:418)&#xa;	at com.kms.katalon.core.main.TestCaseExecutor.accessMainPhase(TestCaseExecutor.java:410)&#xa;	at com.kms.katalon.core.main.TestCaseExecutor.execute(TestCaseExecutor.java:285)&#xa;	at com.kms.katalon.core.common.CommonExecutor.accessTestCaseMainPhase(CommonExecutor.java:65)&#xa;	at com.kms.katalon.core.main.TestSuiteExecutor.accessTestSuiteMainPhase(TestSuiteExecutor.java:150)&#xa;	at com.kms.katalon.core.main.TestSuiteExecutor.execute(TestSuiteExecutor.java:106)&#xa;	at com.kms.katalon.core.main.TestCaseMain.startTestSuite(TestCaseMain.java:180)&#xa;	at TempTestSuite1728062229059.run(TempTestSuite1728062229059.groovy:35)&#xa;	at java.base/jdk.internal.reflect.NativeMethodAccessorImpl.invoke0(Native Method)&#xa;	at java.base/jdk.internal.reflect.NativeMethodAccessorImpl.invoke(NativeMethodAccessorImpl.java:77)&#xa;	at java.base/jdk.internal.reflect.DelegatingMethodAccessorImpl.invoke(DelegatingMethodAccessorImpl.java:43)&#xa;)&#xa;	at com.kms.katalon.core.keyword.internal.KeywordMain.stepFailed(KeywordMain.groovy:39)&#xa;	at com.kms.katalon.core.webui.keyword.internal.WebUIKeywordMain.stepFailed(WebUIKeywordMain.groovy:64)&#xa;	at com.kms.katalon.core.webui.keyword.builtin.SwitchToWindowTitleKeyword$_switchToWindowTitle_closure1.doCall(SwitchToWindowTitleKeyword.groovy:82)&#xa;	at com.kms.katalon.core.webui.keyword.builtin.SwitchToWindowTitleKeyword$_switchToWindowTitle_closure1.call(SwitchToWindowTitleKeyword.groovy)&#xa;	at com.kms.katalon.core.webui.keyword.internal.WebUIKeywordMain.runKeyword(WebUIKeywordMain.groovy:20)&#xa;	at com.kms.katalon.core.webui.keyword.builtin.SwitchToWindowTitleKeyword.switchToWindowTitle(SwitchToWindowTitleKeyword.groovy:84)&#xa;	at com.kms.katalon.core.webui.keyword.builtin.SwitchToWindowTitleKeyword.execute(SwitchToWindowTitleKeyword.groovy:67)&#xa;	at com.kms.katalon.core.keyword.internal.KeywordExecutor.executeKeywordForPlatform(KeywordExecutor.groovy:74)&#xa;	at com.kms.katalon.core.webui.keyword.WebUiBuiltInKeywords.switchToWindowTitle(WebUiBuiltInKeywords.groovy:1822)&#xa;	at CMCDeferredCredit.run(CMCDeferredCredit:95)&#xa;	at com.kms.katalon.core.main.ScriptEngine.run(ScriptEngine.java:194)&#xa;	at com.kms.katalon.core.main.ScriptEngine.runScriptAsRawText(ScriptEngine.java:119)&#xa;	at com.kms.katalon.core.main.TestCaseExecutor.runScript(TestCaseExecutor.java:448)&#xa;	at com.kms.katalon.core.main.TestCaseExecutor.doExecute(TestCaseExecutor.java:439)&#xa;	at com.kms.katalon.core.main.TestCaseExecutor.processExecutionPhase(TestCaseExecutor.java:418)&#xa;	at com.kms.katalon.core.main.TestCaseExecutor.accessMainPhase(TestCaseExecutor.java:410)&#xa;	at com.kms.katalon.core.main.TestCaseExecutor.execute(TestCaseExecutor.java:285)&#xa;	at com.kms.katalon.core.common.CommonExecutor.accessTestCaseMainPhase(CommonExecutor.java:65)&#xa;	at com.kms.katalon.core.main.TestSuiteExecutor.accessTestSuiteMainPhase(TestSuiteExecutor.java:150)&#xa;	at com.kms.katalon.core.main.TestSuiteExecutor.execute(TestSuiteExecutor.java:106)&#xa;	at com.kms.katalon.core.main.TestCaseMain.startTestSuite(TestCaseMain.java:180)&#xa;	at TempTestSuite1728062229059.run(TempTestSuite1728062229059.groovy:35)&#xa;	at java.base/jdk.internal.reflect.NativeMethodAccessorImpl.invoke0(Native Method)&#xa;	at java.base/jdk.internal.reflect.NativeMethodAccessorImpl.invoke(NativeMethodAccessorImpl.java:77)&#xa;	at java.base/jdk.internal.reflect.DelegatingMethodAccessorImpl.invoke(DelegatingMethodAccessorImpl.java:43)&#xa;Caused by: com.kms.katalon.core.exception.StepFailedException: Cannot find window with title: 'View Scheduled Payments'&#xa;	... 24 more&#xa;"/>
         <system-out><![CDATA[04-10-2024T22:53:55 - [TEST_CASE][FAILED] - Test Cases/IntegratedWeb/IWP25/Payments/CMCDeferredCredit: Test Cases/IntegratedWeb/IWP25/Payments/CMCDeferredCredit FAILED.
Reason:
com.kms.katalon.core.exception.StepFailedException: Cannot find window with title: 'View Scheduled Payments' (Root cause: com.kms.katalon.core.exception.StepFailedException: Cannot find window with title: 'View Scheduled Payments'
	at com.kms.katalon.core.webui.keyword.internal.WebUIKeywordMain.stepFailed(WebUIKeywordMain.groovy:64)
	at com.kms.katalon.core.webui.keyword.builtin.SwitchToWindowTitleKeyword$_switchToWindowTitle_closure1.doCall(SwitchToWindowTitleKeyword.groovy:82)
	at com.kms.katalon.core.webui.keyword.builtin.SwitchToWindowTitleKeyword$_switchToWindowTitle_closure1.call(SwitchToWindowTitleKeyword.groovy)
	at com.kms.katalon.core.webui.keyword.internal.WebUIKeywordMain.runKeyword(WebUIKeywordMain.groovy:20)
	at com.kms.katalon.core.webui.keyword.builtin.SwitchToWindowTitleKeyword.switchToWindowTitle(SwitchToWindowTitleKeyword.groovy:84)
	at com.kms.katalon.core.webui.keyword.builtin.SwitchToWindowTitleKeyword.execute(SwitchToWindowTitleKeyword.groovy:67)
	at com.kms.katalon.core.keyword.internal.KeywordExecutor.executeKeywordForPlatform(KeywordExecutor.groovy:74)
	at com.kms.katalon.core.webui.keyword.WebUiBuiltInKeywords.switchToWindowTitle(WebUiBuiltInKeywords.groovy:1822)
	at CMCDeferredCredit.run(CMCDeferredCredit:95)
	at com.kms.katalon.core.main.ScriptEngine.run(ScriptEngine.java:194)
	at com.kms.katalon.core.main.ScriptEngine.runScriptAsRawText(ScriptEngine.java:119)
	at com.kms.katalon.core.main.TestCaseExecutor.runScript(TestCaseExecutor.java:448)
	at com.kms.katalon.core.main.TestCaseExecutor.doExecute(TestCaseExecutor.java:439)
	at com.kms.katalon.core.main.TestCaseExecutor.processExecutionPhase(TestCaseExecutor.java:418)
	at com.kms.katalon.core.main.TestCaseExecutor.accessMainPhase(TestCaseExecutor.java:410)
	at com.kms.katalon.core.main.TestCaseExecutor.execute(TestCaseExecutor.java:285)
	at com.kms.katalon.core.common.CommonExecutor.accessTestCaseMainPhase(CommonExecutor.java:65)
	at com.kms.katalon.core.main.TestSuiteExecutor.accessTestSuiteMainPhase(TestSuiteExecutor.java:150)
	at com.kms.katalon.core.main.TestSuiteExecutor.execute(TestSuiteExecutor.java:106)
	at com.kms.katalon.core.main.TestCaseMain.startTestSuite(TestCaseMain.java:180)
	at TempTestSuite1728062229059.run(TempTestSuite1728062229059.groovy:35)
	at java.base/jdk.internal.reflect.NativeMethodAccessorImpl.invoke0(Native Method)
	at java.base/jdk.internal.reflect.NativeMethodAccessorImpl.invoke(NativeMethodAccessorImpl.java:77)
	at java.base/jdk.internal.reflect.DelegatingMethodAccessorImpl.invoke(DelegatingMethodAccessorImpl.java:43)
)
	at com.kms.katalon.core.keyword.internal.KeywordMain.stepFailed(KeywordMain.groovy:39)
	at com.kms.katalon.core.webui.keyword.internal.WebUIKeywordMain.stepFailed(WebUIKeywordMain.groovy:64)
	at com.kms.katalon.core.webui.keyword.builtin.SwitchToWindowTitleKeyword$_switchToWindowTitle_closure1.doCall(SwitchToWindowTitleKeyword.groovy:82)
	at com.kms.katalon.core.webui.keyword.builtin.SwitchToWindowTitleKeyword$_switchToWindowTitle_closure1.call(SwitchToWindowTitleKeyword.groovy)
	at com.kms.katalon.core.webui.keyword.internal.WebUIKeywordMain.runKeyword(WebUIKeywordMain.groovy:20)
	at com.kms.katalon.core.webui.keyword.builtin.SwitchToWindowTitleKeyword.switchToWindowTitle(SwitchToWindowTitleKeyword.groovy:84)
	at com.kms.katalon.core.webui.keyword.builtin.SwitchToWindowTitleKeyword.execute(SwitchToWindowTitleKeyword.groovy:67)
	at com.kms.katalon.core.keyword.internal.KeywordExecutor.executeKeywordForPlatform(KeywordExecutor.groovy:74)
	at com.kms.katalon.core.webui.keyword.WebUiBuiltInKeywords.switchToWindowTitle(WebUiBuiltInKeywords.groovy:1822)
	at CMCDeferredCredit.run(CMCDeferredCredit:95)
	at com.kms.katalon.core.main.ScriptEngine.run(ScriptEngine.java:194)
	at com.kms.katalon.core.main.ScriptEngine.runScriptAsRawText(ScriptEngine.java:119)
	at com.kms.katalon.core.main.TestCaseExecutor.runScript(TestCaseExecutor.java:448)
	at com.kms.katalon.core.main.TestCaseExecutor.doExecute(TestCaseExecutor.java:439)
	at com.kms.katalon.core.main.TestCaseExecutor.processExecutionPhase(TestCaseExecutor.java:418)
	at com.kms.katalon.core.main.TestCaseExecutor.accessMainPhase(TestCaseExecutor.java:410)
	at com.kms.katalon.core.main.TestCaseExecutor.execute(TestCaseExecutor.java:285)
	at com.kms.katalon.core.common.CommonExecutor.accessTestCaseMainPhase(CommonExecutor.java:65)
	at com.kms.katalon.core.main.TestSuiteExecutor.accessTestSuiteMainPhase(TestSuiteExecutor.java:150)
	at com.kms.katalon.core.main.TestSuiteExecutor.execute(TestSuiteExecutor.java:106)
	at com.kms.katalon.core.main.TestCaseMain.startTestSuite(TestCaseMain.java:180)
	at TempTestSuite1728062229059.run(TempTestSuite1728062229059.groovy:35)
	at java.base/jdk.internal.reflect.NativeMethodAccessorImpl.invoke0(Native Method)
	at java.base/jdk.internal.reflect.NativeMethodAccessorImpl.invoke(NativeMethodAccessorImpl.java:77)
	at java.base/jdk.internal.reflect.DelegatingMethodAccessorImpl.invoke(DelegatingMethodAccessorImpl.java:43)
Caused by: com.kms.katalon.core.exception.StepFailedException: Cannot find window with title: 'View Scheduled Payments'
	... 24 more


04-10-2024T22:53:55 - [TEST_STEP][PASSED] - resText = "Fail": null

04-10-2024T22:53:55 - [TEST_STEP][PASSED] - resColumn = "Result": null

04-10-2024T22:53:55 - [TEST_STEP][PASSED] - datCloumn = "Date": null

04-10-2024T22:53:55 - [TEST_STEP][PASSED] - fileLoc = "KatalonData/IWPTestData/VRelay25PaymentsExtension.xlsx": null

04-10-2024T22:53:55 - [TEST_STEP][PASSED] - numOfRows = <not implemented yet for class: org.codehaus.groovy.ast.expr.EmptyExpression>: null

04-10-2024T22:53:55 - [TEST_STEP][PASSED] - dataFile = <not implemented yet for class: org.codehaus.groovy.ast.expr.EmptyExpression>: null

04-10-2024T22:53:55 - [TEST_STEP][PASSED] - nameSheet = <not implemented yet for class: org.codehaus.groovy.ast.expr.EmptyExpression>: null

04-10-2024T22:53:55 - [TEST_STEP][PASSED] - dataFileEmulator = <not implemented yet for class: org.codehaus.groovy.ast.expr.EmptyExpression>: null

04-10-2024T22:53:55 - [TEST_STEP][PASSED] - isRequiredTextPresent = false: null

04-10-2024T22:53:55 - [TEST_STEP][PASSED] - nameSheet = "CMCDeferredPlanCredit": null

04-10-2024T22:53:55 - [TEST_STEP][PASSED] - dataFile = "IWPTestData/IWP25CMCDeferredCredit": null

04-10-2024T22:53:55 - [TEST_STEP][PASSED] - dataFileEmulator = "IWPTestData/EmulatorData": null

04-10-2024T22:53:55 - [TEST_STEP][PASSED] - numOfRows = findTestData(dataFile).getRowNumbers(): null

04-10-2024T22:53:55 - [TEST_STEP][PASSED] - println("Number of Records: " + numOfRows): null

04-10-2024T22:53:55 - [TEST_STEP][PASSED] - for ([row = 1, row <= numOfRows, (row++)]): Browser is closed

04-10-2024T22:53:55 - [TEST_STEP][PASSED] - ExecuteTC = findTestData(dataFile).getValue("Execute", row): null

04-10-2024T22:53:55 - [TEST_STEP][PASSED] - out.println("Value of Execute is : " + ExecuteTC): null

04-10-2024T22:53:55 - [TEST_STEP][PASSED] - if (ExecuteTC.equalsIgnoreCase("Y")): null

04-10-2024T22:53:55 - [TEST_STEP][PASSED] - out.println("Begin Record Number: " + row): null

04-10-2024T22:53:55 - [TEST_STEP][PASSED] - today = new java.util.Date(): null

04-10-2024T22:53:55 - [TEST_STEP][PASSED] - println(today): null

04-10-2024T22:53:55 - [TEST_STEP][PASSED] - datText = today: null

04-10-2024T22:53:55 - [TEST_STEP][PASSED] - EmulatorDataKey = findTestData(dataFile).getValue("EmulatorData", row): null

04-10-2024T22:53:55 - [TEST_STEP][PASSED] - out.println("Value of Emulator Key is : " + EmulatorDataKey): null

04-10-2024T22:53:55 - [TEST_STEP][PASSED] - iwpPages.emulatorIWP30.setDataEmulator_DD(EmulatorDataKey): iwpPages.emulatorIWP30.setDataEmulator_DD is PASSED

04-10-2024T22:53:56 - [MESSAGE][INFO] - Starting 'Edge Chromium' driver

04-10-2024T22:53:56 - [MESSAGE][INFO] - User set preference: ['acceptInsecureCerts', 'true']

04-10-2024T22:53:58 - [MESSAGE][INFO] - Action delay is set to 0 milliseconds

04-10-2024T22:54:01 - [MESSAGE][PASSED] - Browser is opened with url: 'https://qa.velocitypayment.com/agency/config.do?action=editor&message_version=2_5'

04-10-2024T22:54:01 - [MESSAGE][PASSED] - Current window maximized

04-10-2024T22:54:02 - [MESSAGE][PASSED] - All options with value '2.5' are selected in object 'Object Repository/IWP30/Page_VRelay30Emulator/MV'  using regular expression

04-10-2024T22:54:03 - [MESSAGE][PASSED] - Text '10.50' is set on object 'Object Repository/IWP30/Page_VRelay30Emulator/Amount'

04-10-2024T22:54:04 - [MESSAGE][PASSED] - Text 'WH8rSzUMpkor' is set on object 'Object Repository/IWP30/Page_VRelay30Emulator/CAN'

04-10-2024T22:54:04 - [MESSAGE][PASSED] - Text 'PayNow' is set on object 'Object Repository/IWP30/Page_VRelay30Emulator/Action'

04-10-2024T22:54:05 - [MESSAGE][PASSED] - Text 'en_US' is set on object 'Object Repository/IWP30/Page_VRelay30Emulator/Lang'

04-10-2024T22:54:05 - [MESSAGE][PASSED] - Text '' is set on object 'Object Repository/IWP30/Page_VRelay30Emulator/Fname'

04-10-2024T22:54:06 - [MESSAGE][PASSED] - Text '' is set on object 'Object Repository/IWP30/Page_VRelay30Emulator/Lname'

04-10-2024T22:54:07 - [MESSAGE][PASSED] - Text '' is set on object 'Object Repository/IWP30/Page_VRelay30Emulator/AL1'

04-10-2024T22:54:07 - [MESSAGE][PASSED] - Text '' is set on object 'Object Repository/IWP30/Page_VRelay30Emulator/AL2'

04-10-2024T22:54:08 - [MESSAGE][PASSED] - Text '' is set on object 'Object Repository/IWP30/Page_VRelay30Emulator/Country'

04-10-2024T22:54:08 - [MESSAGE][PASSED] - Text '' is set on object 'Object Repository/IWP30/Page_VRelay30Emulator/City'

04-10-2024T22:54:09 - [MESSAGE][PASSED] - Text '' is set on object 'Object Repository/IWP30/Page_VRelay30Emulator/State'

04-10-2024T22:54:09 - [MESSAGE][PASSED] - Text '' is set on object 'Object Repository/IWP30/Page_VRelay30Emulator/ZIP'

04-10-2024T22:54:10 - [MESSAGE][PASSED] - Text '' is set on object 'Object Repository/IWP30/Page_VRelay30Emulator/Order'

04-10-2024T22:54:11 - [MESSAGE][PASSED] - Text '' is set on object 'Object Repository/IWP30/Page_VRelay30Emulator/Company'

04-10-2024T22:54:11 - [MESSAGE][PASSED] - Text '' is set on object 'Object Repository/IWP30/Page_VRelay30Emulator/Email'

04-10-2024T22:54:12 - [MESSAGE][PASSED] - Text '' is set on object 'Object Repository/IWP30/Page_VRelay30Emulator/UDF1'

04-10-2024T22:54:12 - [MESSAGE][PASSED] - Text '' is set on object 'Object Repository/IWP30/Page_VRelay30Emulator/UDF2'

04-10-2024T22:54:13 - [MESSAGE][PASSED] - Text '' is set on object 'Object Repository/IWP30/Page_VRelay30Emulator/UDF3'

04-10-2024T22:54:14 - [MESSAGE][PASSED] - Text 'udf data 4' is set on object 'Object Repository/IWP30/Page_VRelay30Emulator/UDF4'

04-10-2024T22:54:14 - [MESSAGE][PASSED] - Text 'udf data 5' is set on object 'Object Repository/IWP30/Page_VRelay30Emulator/UDF5'

04-10-2024T22:54:15 - [MESSAGE][PASSED] - Text '' is set on object 'Object Repository/IWP30/Page_VRelay30Emulator/UDF6'

04-10-2024T22:54:15 - [MESSAGE][PASSED] - Text '' is set on object 'Object Repository/IWP30/Page_VRelay30Emulator/UDF7'

04-10-2024T22:54:16 - [MESSAGE][PASSED] - Text '' is set on object 'Object Repository/IWP30/Page_VRelay30Emulator/UDF8'

04-10-2024T22:54:17 - [MESSAGE][PASSED] - Text 'udf data 9' is set on object 'Object Repository/IWP30/Page_VRelay30Emulator/UDF9'

04-10-2024T22:54:17 - [MESSAGE][PASSED] - Text 'udf data 10' is set on object 'Object Repository/IWP30/Page_VRelay30Emulator/UDF10'

04-10-2024T22:54:18 - [MESSAGE][PASSED] - Object: 'Object Repository/IWP30/Page_VRelay30Emulator/Submit' is clicked on

04-10-2024T22:54:23 - [MESSAGE][PASSED] - Browser is closed

04-10-2024T22:54:27 - [MESSAGE][PASSED] - iwpPages.emulatorIWP30.setDataEmulator_DD is PASSED

04-10-2024T22:54:27 - [TEST_STEP][PASSED] - testHarnessURL = urlTestHarness: null

04-10-2024T22:54:27 - [TEST_STEP][PASSED] - openBrowser(testHarnessURL): Browser is opened with url: 'https://dev-algorithm.govolution.com/vrelaytest/QA/version_2_2/vrelaytest.html'

04-10-2024T22:54:27 - [MESSAGE][INFO] - Starting 'Edge Chromium' driver

04-10-2024T22:54:27 - [MESSAGE][INFO] - User set preference: ['acceptInsecureCerts', 'true']

04-10-2024T22:54:29 - [MESSAGE][INFO] - Action delay is set to 0 milliseconds

04-10-2024T22:54:33 - [MESSAGE][PASSED] - Browser is opened with url: 'https://dev-algorithm.govolution.com/vrelaytest/QA/version_2_2/vrelaytest.html'

04-10-2024T22:54:33 - [TEST_STEP][PASSED] - maximizeWindow(): Current window maximized

04-10-2024T22:54:33 - [MESSAGE][PASSED] - Current window maximized

04-10-2024T22:54:33 - [TEST_STEP][PASSED] - iwpPages.TestHarnessPage.setDataMethod(row, dataFile): iwpPages.TestHarnessPage.setDataMethod is PASSED

04-10-2024T22:54:33 - [MESSAGE][PASSED] - Object 'Object Repository/IWP30/Page_QATestHarness/RemittanceID' is present

04-10-2024T22:54:34 - [MESSAGE][PASSED] - Text '638' is set on object 'Object Repository/IWP30/Page_QATestHarness/ApplicationID'

04-10-2024T22:54:34 - [MESSAGE][PASSED] - Text '2.5' is set on object 'Object Repository/IWP30/Page_QATestHarness/MessageVersion'

04-10-2024T22:54:35 - [MESSAGE][PASSED] - Text 'vzjhMNKMZYgG' is set on object 'Object Repository/IWP30/Page_QATestHarness/RemittanceID'

04-10-2024T22:54:38 - [MESSAGE][PASSED] - Object: 'Object Repository/IWP30/Page_QATestHarness/SubmitButton' is clicked on

04-10-2024T22:54:38 - [MESSAGE][PASSED] - iwpPages.TestHarnessPage.setDataMethod is PASSED

04-10-2024T22:54:38 - [TEST_STEP][PASSED] - click(findTestObject("Object Repository/IWP30/Page_SelectPaymentMethod/PayByCreditCard")): Object: 'Object Repository/IWP30/Page_SelectPaymentMethod/PayByCreditCard' is clicked on

04-10-2024T22:54:39 - [MESSAGE][PASSED] - Object: 'Object Repository/IWP30/Page_SelectPaymentMethod/PayByCreditCard' is clicked on

04-10-2024T22:54:39 - [TEST_STEP][PASSED] - click(findTestObject("Object Repository/IWP30/Page_SelectPaymentMethod/MakePaymentButton")): Object: 'Object Repository/IWP30/Page_SelectPaymentMethod/MakePaymentButton' is clicked on

04-10-2024T22:54:40 - [MESSAGE][PASSED] - Object: 'Object Repository/IWP30/Page_SelectPaymentMethod/MakePaymentButton' is clicked on

04-10-2024T22:54:40 - [TEST_STEP][PASSED] - iwpPages.ccPaymentEntryPage.setDataCCPM(row, dataFile): iwpPages.ccPaymentEntryPage.setDataCCPM is PASSED

04-10-2024T22:54:41 - [MESSAGE][PASSED] - Object 'Object Repository/IWP30/Page_CCPaymentEntry/Name' is present

04-10-2024T22:54:42 - [MESSAGE][PASSED] - Text '10.50' is set on object 'Object Repository/IWP30/Page_CCPaymentEntry/Amount'

04-10-2024T22:54:43 - [MESSAGE][PASSED] - Text 'udf data 2' is set on object 'Object Repository/IWP30/Page_CCPaymentEntry/UserDefined2'

04-10-2024T22:54:43 - [MESSAGE][PASSED] - Text 'udf data 3' is set on object 'Object Repository/IWP30/Page_CCPaymentEntry/UserDefined3'

04-10-2024T22:54:44 - [MESSAGE][PASSED] - All options with label 'Orange' are selected in object 'Object Repository/IWP30/Page_CCPaymentEntry/UserDefined7' 

04-10-2024T22:54:44 - [MESSAGE][PASSED] - All options with label 'Soccer' are selected in object 'Object Repository/IWP30/Page_CCPaymentEntry/UserDefined8' 

04-10-2024T22:54:44 - [MESSAGE][PASSED] - Object 'Object Repository/IWP30/Page_CCPaymentEntry/Name' is present

04-10-2024T22:54:45 - [MESSAGE][PASSED] - Text 'Kavita Ranawati' is set on object 'Object Repository/IWP30/Page_CCPaymentEntry/Name'

04-10-2024T22:54:45 - [MESSAGE][PASSED] - Object 'Object Repository/IWP30/Page_CCPaymentEntry/CardNumber' is present

04-10-2024T22:54:46 - [MESSAGE][PASSED] - Text '4111111111111111' is set on object 'Object Repository/IWP30/Page_CCPaymentEntry/CardNumber'

04-10-2024T22:54:47 - [MESSAGE][PASSED] - Text '123' is set on object 'Object Repository/IWP30/Page_CCPaymentEntry/SPC'

04-10-2024T22:54:48 - [MESSAGE][PASSED] - Object 'Object Repository/IWP30/Page_CCPaymentEntry/Month' is present

04-10-2024T22:54:48 - [MESSAGE][PASSED] - All options with label '01' are selected in object 'Object Repository/IWP30/Page_CCPaymentEntry/Month' 

04-10-2024T22:54:48 - [MESSAGE][PASSED] - Object 'Object Repository/IWP30/Page_CCPaymentEntry/Year' is present

04-10-2024T22:54:49 - [MESSAGE][PASSED] - All options with label '2028' are selected in object 'Object Repository/IWP30/Page_CCPaymentEntry/Year' 

04-10-2024T22:54:49 - [MESSAGE][PASSED] - Execute JavaScript '
				   document.getElementById('processDate').value = '08/09/2025'
				  ' successfully

04-10-2024T22:54:49 - [MESSAGE][PASSED] - Text '365 Main Avenue' is set on object 'Object Repository/IWP30/Page_CCPaymentEntry/AL1'

04-10-2024T22:54:50 - [MESSAGE][PASSED] - Text '22201' is set on object 'Object Repository/IWP30/Page_CCPaymentEntry/ZIP'

04-10-2024T22:54:50 - [MESSAGE][PASSED] - Object 'Object Repository/IWP30/Page_CCPaymentEntry/EmailAddress' is present

04-10-2024T22:54:51 - [MESSAGE][PASSED] - Text 'iahmed@govolution.com' is set on object 'Object Repository/IWP30/Page_CCPaymentEntry/EmailAddress'

04-10-2024T22:54:52 - [MESSAGE][PASSED] - Object 'Object Repository/IWP30/Page_CCPaymentEntry/TermCondCheckBox' is present

04-10-2024T22:54:52 - [MESSAGE][PASSED] - Object 'Object Repository/IWP30/Page_CCPaymentEntry/TermCondCheckBox' is checked

04-10-2024T22:54:52 - [MESSAGE][PASSED] - Object 'Object Repository/IWP30/Page_CCPaymentEntry/ContinueButton' is present

04-10-2024T22:54:54 - [MESSAGE][PASSED] - Object: 'Object Repository/IWP30/Page_CCPaymentEntry/ContinueButton' is clicked on

04-10-2024T22:54:54 - [MESSAGE][PASSED] - iwpPages.ccPaymentEntryPage.setDataCCPM is PASSED

04-10-2024T22:54:54 - [TEST_STEP][PASSED] - click(findTestObject("Object Repository/IWP30/Page_Confirmation/ConfirmButton")): Object: 'Object Repository/IWP30/Page_Confirmation/ConfirmButton' is clicked on

04-10-2024T22:54:56 - [MESSAGE][PASSED] - Object: 'Object Repository/IWP30/Page_Confirmation/ConfirmButton' is clicked on

04-10-2024T22:54:56 - [TEST_STEP][PASSED] - Thread.sleep(2000): null

04-10-2024T22:54:58 - [TEST_STEP][PASSED] - if (verifyTextPresent("Deferred", false)): null

04-10-2024T22:54:59 - [MESSAGE][PASSED] - Text 'Deferred' is present on page 

04-10-2024T22:54:59 - [TEST_STEP][PASSED] - println("Deferred is present on page. Deferred Pay is created"): null

04-10-2024T22:54:59 - [TEST_STEP][PASSED] - click(findTestObject("Object Repository/IWP30/Page_Receipt/ViewScheduledPaymentsButton")): Object: 'Object Repository/IWP30/Page_Receipt/ViewScheduledPaymentsButton' is clicked on

04-10-2024T22:54:59 - [MESSAGE][PASSED] - Object: 'Object Repository/IWP30/Page_Receipt/ViewScheduledPaymentsButton' is clicked on

04-10-2024T22:54:59 - [TEST_STEP][FAILED] - switchToWindowTitle("View Scheduled Payments"): Cannot find window with title: 'View Scheduled Payments' (Root cause: com.kms.katalon.core.exception.StepFailedException: Cannot find window with title: 'View Scheduled Payments'
	at com.kms.katalon.core.webui.keyword.internal.WebUIKeywordMain.stepFailed(WebUIKeywordMain.groovy:64)
	at com.kms.katalon.core.webui.keyword.builtin.SwitchToWindowTitleKeyword$_switchToWindowTitle_closure1.doCall(SwitchToWindowTitleKeyword.groovy:82)
	at com.kms.katalon.core.webui.keyword.builtin.SwitchToWindowTitleKeyword$_switchToWindowTitle_closure1.call(SwitchToWindowTitleKeyword.groovy)
	at com.kms.katalon.core.webui.keyword.internal.WebUIKeywordMain.runKeyword(WebUIKeywordMain.groovy:20)
	at com.kms.katalon.core.webui.keyword.builtin.SwitchToWindowTitleKeyword.switchToWindowTitle(SwitchToWindowTitleKeyword.groovy:84)
	at com.kms.katalon.core.webui.keyword.builtin.SwitchToWindowTitleKeyword.execute(SwitchToWindowTitleKeyword.groovy:67)
	at com.kms.katalon.core.keyword.internal.KeywordExecutor.executeKeywordForPlatform(KeywordExecutor.groovy:74)
	at com.kms.katalon.core.webui.keyword.WebUiBuiltInKeywords.switchToWindowTitle(WebUiBuiltInKeywords.groovy:1822)
	at CMCDeferredCredit.run(CMCDeferredCredit:95)
	at com.kms.katalon.core.main.ScriptEngine.run(ScriptEngine.java:194)
	at com.kms.katalon.core.main.ScriptEngine.runScriptAsRawText(ScriptEngine.java:119)
	at com.kms.katalon.core.main.TestCaseExecutor.runScript(TestCaseExecutor.java:448)
	at com.kms.katalon.core.main.TestCaseExecutor.doExecute(TestCaseExecutor.java:439)
	at com.kms.katalon.core.main.TestCaseExecutor.processExecutionPhase(TestCaseExecutor.java:418)
	at com.kms.katalon.core.main.TestCaseExecutor.accessMainPhase(TestCaseExecutor.java:410)
	at com.kms.katalon.core.main.TestCaseExecutor.execute(TestCaseExecutor.java:285)
	at com.kms.katalon.core.common.CommonExecutor.accessTestCaseMainPhase(CommonExecutor.java:65)
	at com.kms.katalon.core.main.TestSuiteExecutor.accessTestSuiteMainPhase(TestSuiteExecutor.java:150)
	at com.kms.katalon.core.main.TestSuiteExecutor.execute(TestSuiteExecutor.java:106)
	at com.kms.katalon.core.main.TestCaseMain.startTestSuite(TestCaseMain.java:180)
	at TempTestSuite1728062229059.run(TempTestSuite1728062229059.groovy:35)
	at java.base/jdk.internal.reflect.NativeMethodAccessorImpl.invoke0(Native Method)
	at java.base/jdk.internal.reflect.NativeMethodAccessorImpl.invoke(NativeMethodAccessorImpl.java:77)
	at java.base/jdk.internal.reflect.DelegatingMethodAccessorImpl.invoke(DelegatingMethodAccessorImpl.java:43)
)

04-10-2024T22:55:47 - [MESSAGE][FAILED] - Cannot find window with title: 'View Scheduled Payments' (Root cause: com.kms.katalon.core.exception.StepFailedException: Cannot find window with title: 'View Scheduled Payments'
	at com.kms.katalon.core.webui.keyword.internal.WebUIKeywordMain.stepFailed(WebUIKeywordMain.groovy:64)
	at com.kms.katalon.core.webui.keyword.builtin.SwitchToWindowTitleKeyword$_switchToWindowTitle_closure1.doCall(SwitchToWindowTitleKeyword.groovy:82)
	at com.kms.katalon.core.webui.keyword.builtin.SwitchToWindowTitleKeyword$_switchToWindowTitle_closure1.call(SwitchToWindowTitleKeyword.groovy)
	at com.kms.katalon.core.webui.keyword.internal.WebUIKeywordMain.runKeyword(WebUIKeywordMain.groovy:20)
	at com.kms.katalon.core.webui.keyword.builtin.SwitchToWindowTitleKeyword.switchToWindowTitle(SwitchToWindowTitleKeyword.groovy:84)
	at com.kms.katalon.core.webui.keyword.builtin.SwitchToWindowTitleKeyword.execute(SwitchToWindowTitleKeyword.groovy:67)
	at com.kms.katalon.core.keyword.internal.KeywordExecutor.executeKeywordForPlatform(KeywordExecutor.groovy:74)
	at com.kms.katalon.core.webui.keyword.WebUiBuiltInKeywords.switchToWindowTitle(WebUiBuiltInKeywords.groovy:1822)
	at CMCDeferredCredit.run(CMCDeferredCredit:95)
	at com.kms.katalon.core.main.ScriptEngine.run(ScriptEngine.java:194)
	at com.kms.katalon.core.main.ScriptEngine.runScriptAsRawText(ScriptEngine.java:119)
	at com.kms.katalon.core.main.TestCaseExecutor.runScript(TestCaseExecutor.java:448)
	at com.kms.katalon.core.main.TestCaseExecutor.doExecute(TestCaseExecutor.java:439)
	at com.kms.katalon.core.main.TestCaseExecutor.processExecutionPhase(TestCaseExecutor.java:418)
	at com.kms.katalon.core.main.TestCaseExecutor.accessMainPhase(TestCaseExecutor.java:410)
	at com.kms.katalon.core.main.TestCaseExecutor.execute(TestCaseExecutor.java:285)
	at com.kms.katalon.core.common.CommonExecutor.accessTestCaseMainPhase(CommonExecutor.java:65)
	at com.kms.katalon.core.main.TestSuiteExecutor.accessTestSuiteMainPhase(TestSuiteExecutor.java:150)
	at com.kms.katalon.core.main.TestSuiteExecutor.execute(TestSuiteExecutor.java:106)
	at com.kms.katalon.core.main.TestCaseMain.startTestSuite(TestCaseMain.java:180)
	at TempTestSuite1728062229059.run(TempTestSuite1728062229059.groovy:35)
	at java.base/jdk.internal.reflect.NativeMethodAccessorImpl.invoke0(Native Method)
	at java.base/jdk.internal.reflect.NativeMethodAccessorImpl.invoke(NativeMethodAccessorImpl.java:77)
	at java.base/jdk.internal.reflect.DelegatingMethodAccessorImpl.invoke(DelegatingMethodAccessorImpl.java:43)
)
[[ATTACHMENT|C:\\Users\\t476046\\Documents\\katalon\\VPS-Katalon\\Reports\\20241004_224709\\QA\\IWP2.5\\QA_IWP2.5_Regression\\20241004_224709\\1728062747554.png]]

04-10-2024T22:55:47 - [TEST_STEP][PASSED] - Thread.sleep(5000): null

04-10-2024T22:55:52 - [TEST_STEP][PASSED] - if (verifyTextPresent("View Scheduled Payments", false)): null

04-10-2024T22:55:52 - [MESSAGE][PASSED] - Text 'View Scheduled Payments' is present on page 

04-10-2024T22:55:52 - [TEST_STEP][PASSED] - click(findTestObject("Object Repository/IWP30/Page_ScheduledPayments/edit_payment")): Object: 'Object Repository/IWP30/Page_ScheduledPayments/edit_payment' is clicked on

04-10-2024T22:55:54 - [MESSAGE][PASSED] - Object: 'Object Repository/IWP30/Page_ScheduledPayments/edit_payment' is clicked on

04-10-2024T22:55:54 - [TEST_STEP][PASSED] - iwpPages.editSchedulePayment.setDataSchedPayment(row, dataFile): iwpPages.editSchedulePayment.setDataSchedPayment is PASSED

04-10-2024T22:55:55 - [MESSAGE][PASSED] - Text 'Edit Payment Plan' is present on page 

04-10-2024T22:55:56 - [MESSAGE][PASSED] - All options with label 'Orange' are selected in object 'Object Repository/IWP30/Page_CCPaymentEntry/UserDefined7' 

04-10-2024T22:55:56 - [MESSAGE][PASSED] - All options with label 'Soccer' are selected in object 'Object Repository/IWP30/Page_CCPaymentEntry/UserDefined8' 

04-10-2024T22:55:57 - [MESSAGE][PASSED] - Text '123' is set on object 'Object Repository/IWP30/Page_CCPaymentEntry/SPC'

04-10-2024T22:55:57 - [MESSAGE][PASSED] - Execute JavaScript '
				   document.getElementById('processDate').value = '08/09/2045'
				  ' successfully

04-10-2024T22:55:57 - [MESSAGE][PASSED] - iwpPages.editSchedulePayment.setDataSchedPayment is PASSED

04-10-2024T22:55:57 - [TEST_STEP][PASSED] - click(findTestObject("Object Repository/Page_EditSchedPayment/chkbox_acceptterms")): Object: 'Object Repository/Page_EditSchedPayment/chkbox_acceptterms' is clicked on

04-10-2024T22:55:57 - [MESSAGE][PASSED] - Object: 'Object Repository/Page_EditSchedPayment/chkbox_acceptterms' is clicked on

04-10-2024T22:55:57 - [TEST_STEP][PASSED] - click(findTestObject("Object Repository/Page_EditSchedPayment/btn_update")): Object: 'Object Repository/Page_EditSchedPayment/btn_update' is clicked on

04-10-2024T22:55:59 - [MESSAGE][PASSED] - Object: 'Object Repository/Page_EditSchedPayment/btn_update' is clicked on

04-10-2024T22:55:59 - [TEST_STEP][PASSED] - if (verifyTextPresent("Successful Payment Plan Update", false)): null

04-10-2024T22:55:59 - [MESSAGE][PASSED] - Text 'Successful Payment Plan Update' is present on page 

04-10-2024T22:55:59 - [TEST_STEP][PASSED] - click(findTestObject("Object Repository/IWP30/Page_SuccesfulUpdate/btn_back")): Object: 'Object Repository/IWP30/Page_SuccesfulUpdate/btn_back' is clicked on

04-10-2024T22:56:00 - [MESSAGE][PASSED] - Object: 'Object Repository/IWP30/Page_SuccesfulUpdate/btn_back' is clicked on

04-10-2024T22:56:00 - [TEST_STEP][PASSED] - click(findTestObject("Object Repository/IWP30/Page_ScheduledPayments/cancel_payment")): Object: 'Object Repository/IWP30/Page_ScheduledPayments/cancel_payment' is clicked on

04-10-2024T22:56:01 - [MESSAGE][PASSED] - Object: 'Object Repository/IWP30/Page_ScheduledPayments/cancel_payment' is clicked on

04-10-2024T22:56:01 - [TEST_STEP][PASSED] - if (verifyTextPresent("Cancel Payment Plan", false)): null

04-10-2024T22:56:02 - [MESSAGE][PASSED] - Text 'Cancel Payment Plan' is present on page 

04-10-2024T22:56:02 - [TEST_STEP][PASSED] - click(findTestObject("Object Repository/IWP30/Page_PaymentPlan/btn_cancel")): Object: 'Object Repository/IWP30/Page_PaymentPlan/btn_cancel' is clicked on

04-10-2024T22:56:02 - [MESSAGE][PASSED] - Object: 'Object Repository/IWP30/Page_PaymentPlan/btn_cancel' is clicked on

04-10-2024T22:56:02 - [TEST_STEP][PASSED] - acceptAlert(): Alert accepted

04-10-2024T22:56:02 - [MESSAGE][PASSED] - Alert accepted

04-10-2024T22:56:02 - [TEST_STEP][PASSED] - if (verifyTextPresent("Your payment plan has been successfully canceled", false)): null

04-10-2024T22:56:03 - [MESSAGE][PASSED] - Text 'Your payment plan has been successfully canceled' is present on page 

04-10-2024T22:56:03 - [TEST_STEP][PASSED] - markPassed("Your payment plan has been successfully created, modified and canceled"): Your payment plan has been successfully created, modified and canceled

04-10-2024T22:56:03 - [MESSAGE][PASSED] - Your payment plan has been successfully created, modified and canceled

04-10-2024T22:56:03 - [TEST_STEP][PASSED] - resText = "Pass": null

04-10-2024T22:56:03 - [TEST_STEP][PASSED] - println(row): null

04-10-2024T22:56:03 - [TEST_STEP][PASSED] - pages.WriteExcel.demoKey(resText, datText, resColumn, datCloumn, fileLoc, nameSheet, row): pages.WriteExcel.demoKey is PASSED

04-10-2024T22:56:04 - [MESSAGE][PASSED] - pages.WriteExcel.demoKey is PASSED

04-10-2024T22:56:04 - [TEST_STEP][PASSED] - closeBrowser(): Browser is closed

04-10-2024T22:56:04 - [MESSAGE][PASSED] - Browser is closed]]></system-out>
         <system-err><![CDATA[04-10-2024T22:53:55 - [TEST_CASE][FAILED] - Test Cases/IntegratedWeb/IWP25/Payments/CMCDeferredCredit: Test Cases/IntegratedWeb/IWP25/Payments/CMCDeferredCredit FAILED.
Reason:
com.kms.katalon.core.exception.StepFailedException: Cannot find window with title: 'View Scheduled Payments' (Root cause: com.kms.katalon.core.exception.StepFailedException: Cannot find window with title: 'View Scheduled Payments'
	at com.kms.katalon.core.webui.keyword.internal.WebUIKeywordMain.stepFailed(WebUIKeywordMain.groovy:64)
	at com.kms.katalon.core.webui.keyword.builtin.SwitchToWindowTitleKeyword$_switchToWindowTitle_closure1.doCall(SwitchToWindowTitleKeyword.groovy:82)
	at com.kms.katalon.core.webui.keyword.builtin.SwitchToWindowTitleKeyword$_switchToWindowTitle_closure1.call(SwitchToWindowTitleKeyword.groovy)
	at com.kms.katalon.core.webui.keyword.internal.WebUIKeywordMain.runKeyword(WebUIKeywordMain.groovy:20)
	at com.kms.katalon.core.webui.keyword.builtin.SwitchToWindowTitleKeyword.switchToWindowTitle(SwitchToWindowTitleKeyword.groovy:84)
	at com.kms.katalon.core.webui.keyword.builtin.SwitchToWindowTitleKeyword.execute(SwitchToWindowTitleKeyword.groovy:67)
	at com.kms.katalon.core.keyword.internal.KeywordExecutor.executeKeywordForPlatform(KeywordExecutor.groovy:74)
	at com.kms.katalon.core.webui.keyword.WebUiBuiltInKeywords.switchToWindowTitle(WebUiBuiltInKeywords.groovy:1822)
	at CMCDeferredCredit.run(CMCDeferredCredit:95)
	at com.kms.katalon.core.main.ScriptEngine.run(ScriptEngine.java:194)
	at com.kms.katalon.core.main.ScriptEngine.runScriptAsRawText(ScriptEngine.java:119)
	at com.kms.katalon.core.main.TestCaseExecutor.runScript(TestCaseExecutor.java:448)
	at com.kms.katalon.core.main.TestCaseExecutor.doExecute(TestCaseExecutor.java:439)
	at com.kms.katalon.core.main.TestCaseExecutor.processExecutionPhase(TestCaseExecutor.java:418)
	at com.kms.katalon.core.main.TestCaseExecutor.accessMainPhase(TestCaseExecutor.java:410)
	at com.kms.katalon.core.main.TestCaseExecutor.execute(TestCaseExecutor.java:285)
	at com.kms.katalon.core.common.CommonExecutor.accessTestCaseMainPhase(CommonExecutor.java:65)
	at com.kms.katalon.core.main.TestSuiteExecutor.accessTestSuiteMainPhase(TestSuiteExecutor.java:150)
	at com.kms.katalon.core.main.TestSuiteExecutor.execute(TestSuiteExecutor.java:106)
	at com.kms.katalon.core.main.TestCaseMain.startTestSuite(TestCaseMain.java:180)
	at TempTestSuite1728062229059.run(TempTestSuite1728062229059.groovy:35)
	at java.base/jdk.internal.reflect.NativeMethodAccessorImpl.invoke0(Native Method)
	at java.base/jdk.internal.reflect.NativeMethodAccessorImpl.invoke(NativeMethodAccessorImpl.java:77)
	at java.base/jdk.internal.reflect.DelegatingMethodAccessorImpl.invoke(DelegatingMethodAccessorImpl.java:43)
)
	at com.kms.katalon.core.keyword.internal.KeywordMain.stepFailed(KeywordMain.groovy:39)
	at com.kms.katalon.core.webui.keyword.internal.WebUIKeywordMain.stepFailed(WebUIKeywordMain.groovy:64)
	at com.kms.katalon.core.webui.keyword.builtin.SwitchToWindowTitleKeyword$_switchToWindowTitle_closure1.doCall(SwitchToWindowTitleKeyword.groovy:82)
	at com.kms.katalon.core.webui.keyword.builtin.SwitchToWindowTitleKeyword$_switchToWindowTitle_closure1.call(SwitchToWindowTitleKeyword.groovy)
	at com.kms.katalon.core.webui.keyword.internal.WebUIKeywordMain.runKeyword(WebUIKeywordMain.groovy:20)
	at com.kms.katalon.core.webui.keyword.builtin.SwitchToWindowTitleKeyword.switchToWindowTitle(SwitchToWindowTitleKeyword.groovy:84)
	at com.kms.katalon.core.webui.keyword.builtin.SwitchToWindowTitleKeyword.execute(SwitchToWindowTitleKeyword.groovy:67)
	at com.kms.katalon.core.keyword.internal.KeywordExecutor.executeKeywordForPlatform(KeywordExecutor.groovy:74)
	at com.kms.katalon.core.webui.keyword.WebUiBuiltInKeywords.switchToWindowTitle(WebUiBuiltInKeywords.groovy:1822)
	at CMCDeferredCredit.run(CMCDeferredCredit:95)
	at com.kms.katalon.core.main.ScriptEngine.run(ScriptEngine.java:194)
	at com.kms.katalon.core.main.ScriptEngine.runScriptAsRawText(ScriptEngine.java:119)
	at com.kms.katalon.core.main.TestCaseExecutor.runScript(TestCaseExecutor.java:448)
	at com.kms.katalon.core.main.TestCaseExecutor.doExecute(TestCaseExecutor.java:439)
	at com.kms.katalon.core.main.TestCaseExecutor.processExecutionPhase(TestCaseExecutor.java:418)
	at com.kms.katalon.core.main.TestCaseExecutor.accessMainPhase(TestCaseExecutor.java:410)
	at com.kms.katalon.core.main.TestCaseExecutor.execute(TestCaseExecutor.java:285)
	at com.kms.katalon.core.common.CommonExecutor.accessTestCaseMainPhase(CommonExecutor.java:65)
	at com.kms.katalon.core.main.TestSuiteExecutor.accessTestSuiteMainPhase(TestSuiteExecutor.java:150)
	at com.kms.katalon.core.main.TestSuiteExecutor.execute(TestSuiteExecutor.java:106)
	at com.kms.katalon.core.main.TestCaseMain.startTestSuite(TestCaseMain.java:180)
	at TempTestSuite1728062229059.run(TempTestSuite1728062229059.groovy:35)
	at java.base/jdk.internal.reflect.NativeMethodAccessorImpl.invoke0(Native Method)
	at java.base/jdk.internal.reflect.NativeMethodAccessorImpl.invoke(NativeMethodAccessorImpl.java:77)
	at java.base/jdk.internal.reflect.DelegatingMethodAccessorImpl.invoke(DelegatingMethodAccessorImpl.java:43)
Caused by: com.kms.katalon.core.exception.StepFailedException: Cannot find window with title: 'View Scheduled Payments'
	... 24 more]]></system-err>
      </testcase>
      <testcase name="Test Cases/IntegratedWeb/IWP25/Payments/CMCDeferredPC" time="80.769" classname="Test Cases/IntegratedWeb/IWP25/Payments/CMCDeferredPC" status="PASSED">
         <system-out><![CDATA[04-10-2024T22:56:04 - [TEST_CASE][PASSED] - Test Cases/IntegratedWeb/IWP25/Payments/CMCDeferredPC: Test Cases/IntegratedWeb/IWP25/Payments/CMCDeferredPC

04-10-2024T22:56:04 - [TEST_STEP][PASSED] - resText = "Fail": null

04-10-2024T22:56:04 - [TEST_STEP][PASSED] - resColumn = "Result": null

04-10-2024T22:56:04 - [TEST_STEP][PASSED] - datCloumn = "Date": null

04-10-2024T22:56:04 - [TEST_STEP][PASSED] - fileLoc = "KatalonData/IWPTestData/VRelay25PaymentsExtension.xlsx": null

04-10-2024T22:56:04 - [TEST_STEP][PASSED] - numOfRows = <not implemented yet for class: org.codehaus.groovy.ast.expr.EmptyExpression>: null

04-10-2024T22:56:04 - [TEST_STEP][PASSED] - dataFile = <not implemented yet for class: org.codehaus.groovy.ast.expr.EmptyExpression>: null

04-10-2024T22:56:04 - [TEST_STEP][PASSED] - nameSheet = <not implemented yet for class: org.codehaus.groovy.ast.expr.EmptyExpression>: null

04-10-2024T22:56:04 - [TEST_STEP][PASSED] - dataFileEmulator = <not implemented yet for class: org.codehaus.groovy.ast.expr.EmptyExpression>: null

04-10-2024T22:56:04 - [TEST_STEP][PASSED] - isRequiredTextPresent = false: null

04-10-2024T22:56:04 - [TEST_STEP][PASSED] - nameSheet = "CMCDeferredPlanPC": null

04-10-2024T22:56:04 - [TEST_STEP][PASSED] - dataFile = "IWPTestData/IWP25CMCDeferredPC": null

04-10-2024T22:56:04 - [TEST_STEP][PASSED] - dataFileEmulator = "IWPTestData/EmulatorData": null

04-10-2024T22:56:04 - [TEST_STEP][PASSED] - numOfRows = findTestData(dataFile).getRowNumbers(): null

04-10-2024T22:56:05 - [TEST_STEP][PASSED] - println("Number of Records: " + numOfRows): null

04-10-2024T22:56:05 - [TEST_STEP][PASSED] - for ([row = 1, row <= numOfRows, (row++)]): Browser is closed

04-10-2024T22:56:05 - [TEST_STEP][PASSED] - ExecuteTC = findTestData(dataFile).getValue("Execute", row): null

04-10-2024T22:56:05 - [TEST_STEP][PASSED] - out.println("Value of Execute is : " + ExecuteTC): null

04-10-2024T22:56:05 - [TEST_STEP][PASSED] - if (ExecuteTC.equalsIgnoreCase("Y")): null

04-10-2024T22:56:05 - [TEST_STEP][PASSED] - out.println("Begin Record Number: " + row): null

04-10-2024T22:56:05 - [TEST_STEP][PASSED] - today = new java.util.Date(): null

04-10-2024T22:56:05 - [TEST_STEP][PASSED] - println(today): null

04-10-2024T22:56:05 - [TEST_STEP][PASSED] - datText = today: null

04-10-2024T22:56:05 - [TEST_STEP][PASSED] - EmulatorDataKey = findTestData(dataFile).getValue("EmulatorData", row): null

04-10-2024T22:56:05 - [TEST_STEP][PASSED] - out.println("Value of Emulator Key is : " + EmulatorDataKey): null

04-10-2024T22:56:05 - [TEST_STEP][PASSED] - iwpPages.emulatorIWP30.setDataEmulator_DD(EmulatorDataKey): iwpPages.emulatorIWP30.setDataEmulator_DD is PASSED

04-10-2024T22:56:05 - [MESSAGE][INFO] - Starting 'Edge Chromium' driver

04-10-2024T22:56:05 - [MESSAGE][INFO] - User set preference: ['acceptInsecureCerts', 'true']

04-10-2024T22:56:07 - [MESSAGE][INFO] - Action delay is set to 0 milliseconds

04-10-2024T22:56:10 - [MESSAGE][PASSED] - Browser is opened with url: 'https://qa.velocitypayment.com/agency/config.do?action=editor&message_version=2_5'

04-10-2024T22:56:10 - [MESSAGE][PASSED] - Current window maximized

04-10-2024T22:56:11 - [MESSAGE][PASSED] - All options with value '2.5' are selected in object 'Object Repository/IWP30/Page_VRelay30Emulator/MV'  using regular expression

04-10-2024T22:56:12 - [MESSAGE][PASSED] - Text '10.50' is set on object 'Object Repository/IWP30/Page_VRelay30Emulator/Amount'

04-10-2024T22:56:13 - [MESSAGE][PASSED] - Text 'TgL7yyS75Y6N' is set on object 'Object Repository/IWP30/Page_VRelay30Emulator/CAN'

04-10-2024T22:56:13 - [MESSAGE][PASSED] - Text 'PayNow' is set on object 'Object Repository/IWP30/Page_VRelay30Emulator/Action'

04-10-2024T22:56:14 - [MESSAGE][PASSED] - Text 'en_US' is set on object 'Object Repository/IWP30/Page_VRelay30Emulator/Lang'

04-10-2024T22:56:14 - [MESSAGE][PASSED] - Text '' is set on object 'Object Repository/IWP30/Page_VRelay30Emulator/Fname'

04-10-2024T22:56:15 - [MESSAGE][PASSED] - Text '' is set on object 'Object Repository/IWP30/Page_VRelay30Emulator/Lname'

04-10-2024T22:56:16 - [MESSAGE][PASSED] - Text '' is set on object 'Object Repository/IWP30/Page_VRelay30Emulator/AL1'

04-10-2024T22:56:16 - [MESSAGE][PASSED] - Text '' is set on object 'Object Repository/IWP30/Page_VRelay30Emulator/AL2'

04-10-2024T22:56:17 - [MESSAGE][PASSED] - Text '' is set on object 'Object Repository/IWP30/Page_VRelay30Emulator/Country'

04-10-2024T22:56:18 - [MESSAGE][PASSED] - Text '' is set on object 'Object Repository/IWP30/Page_VRelay30Emulator/City'

04-10-2024T22:56:18 - [MESSAGE][PASSED] - Text '' is set on object 'Object Repository/IWP30/Page_VRelay30Emulator/State'

04-10-2024T22:56:19 - [MESSAGE][PASSED] - Text '' is set on object 'Object Repository/IWP30/Page_VRelay30Emulator/ZIP'

04-10-2024T22:56:19 - [MESSAGE][PASSED] - Text '' is set on object 'Object Repository/IWP30/Page_VRelay30Emulator/Order'

04-10-2024T22:56:20 - [MESSAGE][PASSED] - Text '' is set on object 'Object Repository/IWP30/Page_VRelay30Emulator/Company'

04-10-2024T22:56:20 - [MESSAGE][PASSED] - Text '' is set on object 'Object Repository/IWP30/Page_VRelay30Emulator/Email'

04-10-2024T22:56:21 - [MESSAGE][PASSED] - Text '' is set on object 'Object Repository/IWP30/Page_VRelay30Emulator/UDF1'

04-10-2024T22:56:22 - [MESSAGE][PASSED] - Text '' is set on object 'Object Repository/IWP30/Page_VRelay30Emulator/UDF2'

04-10-2024T22:56:22 - [MESSAGE][PASSED] - Text '' is set on object 'Object Repository/IWP30/Page_VRelay30Emulator/UDF3'

04-10-2024T22:56:23 - [MESSAGE][PASSED] - Text 'udf data 4' is set on object 'Object Repository/IWP30/Page_VRelay30Emulator/UDF4'

04-10-2024T22:56:23 - [MESSAGE][PASSED] - Text 'udf data 5' is set on object 'Object Repository/IWP30/Page_VRelay30Emulator/UDF5'

04-10-2024T22:56:24 - [MESSAGE][PASSED] - Text '' is set on object 'Object Repository/IWP30/Page_VRelay30Emulator/UDF6'

04-10-2024T22:56:25 - [MESSAGE][PASSED] - Text '' is set on object 'Object Repository/IWP30/Page_VRelay30Emulator/UDF7'

04-10-2024T22:56:25 - [MESSAGE][PASSED] - Text '' is set on object 'Object Repository/IWP30/Page_VRelay30Emulator/UDF8'

04-10-2024T22:56:26 - [MESSAGE][PASSED] - Text 'udf data 9' is set on object 'Object Repository/IWP30/Page_VRelay30Emulator/UDF9'

04-10-2024T22:56:26 - [MESSAGE][PASSED] - Text 'udf data 10' is set on object 'Object Repository/IWP30/Page_VRelay30Emulator/UDF10'

04-10-2024T22:56:28 - [MESSAGE][PASSED] - Object: 'Object Repository/IWP30/Page_VRelay30Emulator/Submit' is clicked on

04-10-2024T22:56:32 - [MESSAGE][PASSED] - Browser is closed

04-10-2024T22:56:36 - [MESSAGE][PASSED] - iwpPages.emulatorIWP30.setDataEmulator_DD is PASSED

04-10-2024T22:56:36 - [TEST_STEP][PASSED] - testHarnessURL = urlTestHarness: null

04-10-2024T22:56:36 - [TEST_STEP][PASSED] - openBrowser(testHarnessURL): Browser is opened with url: 'https://dev-algorithm.govolution.com/vrelaytest/QA/version_2_2/vrelaytest.html'

04-10-2024T22:56:36 - [MESSAGE][INFO] - Starting 'Edge Chromium' driver

04-10-2024T22:56:36 - [MESSAGE][INFO] - User set preference: ['acceptInsecureCerts', 'true']

04-10-2024T22:56:38 - [MESSAGE][INFO] - Action delay is set to 0 milliseconds

04-10-2024T22:56:42 - [MESSAGE][PASSED] - Browser is opened with url: 'https://dev-algorithm.govolution.com/vrelaytest/QA/version_2_2/vrelaytest.html'

04-10-2024T22:56:42 - [TEST_STEP][PASSED] - maximizeWindow(): Current window maximized

04-10-2024T22:56:42 - [MESSAGE][PASSED] - Current window maximized

04-10-2024T22:56:42 - [TEST_STEP][PASSED] - iwpPages.TestHarnessPage.setDataMethod(row, dataFile): iwpPages.TestHarnessPage.setDataMethod is PASSED

04-10-2024T22:56:42 - [MESSAGE][PASSED] - Object 'Object Repository/IWP30/Page_QATestHarness/RemittanceID' is present

04-10-2024T22:56:43 - [MESSAGE][PASSED] - Text '638' is set on object 'Object Repository/IWP30/Page_QATestHarness/ApplicationID'

04-10-2024T22:56:43 - [MESSAGE][PASSED] - Text '2.5' is set on object 'Object Repository/IWP30/Page_QATestHarness/MessageVersion'

04-10-2024T22:56:44 - [MESSAGE][PASSED] - Text 'dqieJjNWlAqG' is set on object 'Object Repository/IWP30/Page_QATestHarness/RemittanceID'

04-10-2024T22:56:47 - [MESSAGE][PASSED] - Object: 'Object Repository/IWP30/Page_QATestHarness/SubmitButton' is clicked on

04-10-2024T22:56:47 - [MESSAGE][PASSED] - iwpPages.TestHarnessPage.setDataMethod is PASSED

04-10-2024T22:56:47 - [TEST_STEP][PASSED] - click(findTestObject("Object Repository/IWP30/Page_SelectPaymentMethod/PayByPersonalCheck")): Object: 'Object Repository/IWP30/Page_SelectPaymentMethod/PayByPersonalCheck' is clicked on

04-10-2024T22:56:48 - [MESSAGE][PASSED] - Object: 'Object Repository/IWP30/Page_SelectPaymentMethod/PayByPersonalCheck' is clicked on

04-10-2024T22:56:48 - [TEST_STEP][PASSED] - click(findTestObject("Object Repository/IWP30/Page_SelectPaymentMethod/MakePaymentButton")): Object: 'Object Repository/IWP30/Page_SelectPaymentMethod/MakePaymentButton' is clicked on

04-10-2024T22:56:49 - [MESSAGE][PASSED] - Object: 'Object Repository/IWP30/Page_SelectPaymentMethod/MakePaymentButton' is clicked on

04-10-2024T22:56:49 - [TEST_STEP][PASSED] - iwpPages.achPersonalPaymentEntryPage.setDataACHPPM(row, dataFile): iwpPages.achPersonalPaymentEntryPage.setDataACHPPM is PASSED

04-10-2024T22:56:50 - [MESSAGE][PASSED] - Object 'Object Repository/IWP30/Page_ACHPersonalPaymentEntry/txt_accountNumber' is present

04-10-2024T22:56:51 - [MESSAGE][PASSED] - Text '10.50' is set on object 'Object Repository/IWP30/Page_ACHPersonalPaymentEntry/txt_Amount'

04-10-2024T22:56:51 - [MESSAGE][PASSED] - Object 'Object Repository/IWP30/Page_ACHPersonalPaymentEntry/txt_UDF2' is present

04-10-2024T22:56:52 - [MESSAGE][PASSED] - Text 'udf data 2' is set on object 'Object Repository/IWP30/Page_ACHPersonalPaymentEntry/txt_UDF2'

04-10-2024T22:56:52 - [MESSAGE][PASSED] - Text 'udf data 3' is set on object 'Object Repository/IWP30/Page_ACHPersonalPaymentEntry/txt_UDF3'

04-10-2024T22:56:53 - [MESSAGE][PASSED] - All options with label 'Orange' are selected in object 'Object Repository/IWP30/Page_ACHPersonalPaymentEntry/dd_UDF7' 

04-10-2024T22:56:53 - [MESSAGE][PASSED] - All options with label 'Soccer' are selected in object 'Object Repository/IWP30/Page_ACHPersonalPaymentEntry/dd_UDF8' 

04-10-2024T22:56:54 - [MESSAGE][PASSED] - Object 'Object Repository/IWP30/Page_ACHPersonalPaymentEntry/txt_Firstname' is present

04-10-2024T22:56:54 - [MESSAGE][PASSED] - Text 'Elizath' is set on object 'Object Repository/IWP30/Page_ACHPersonalPaymentEntry/txt_Firstname'

04-10-2024T22:56:55 - [MESSAGE][PASSED] - Object 'Object Repository/IWP30/Page_ACHPersonalPaymentEntry/txt_Lastname' is present

04-10-2024T22:56:55 - [MESSAGE][PASSED] - Text 'Christine' is set on object 'Object Repository/IWP30/Page_ACHPersonalPaymentEntry/txt_Lastname'

04-10-2024T22:56:55 - [MESSAGE][PASSED] - Object 'Object Repository/IWP30/Page_ACHPersonalPaymentEntry/txt_routingNumber' is present

04-10-2024T22:56:56 - [MESSAGE][PASSED] - Text '256072691' is set on object 'Object Repository/IWP30/Page_ACHPersonalPaymentEntry/txt_routingNumber'

04-10-2024T22:56:56 - [MESSAGE][PASSED] - Object 'Object Repository/IWP30/Page_ACHPersonalPaymentEntry/txt_accountNumber' is present

04-10-2024T22:56:58 - [MESSAGE][PASSED] - Text '12344444' is set on object 'Object Repository/IWP30/Page_ACHPersonalPaymentEntry/txt_accountNumber'

04-10-2024T22:56:58 - [MESSAGE][PASSED] - Object 'Object Repository/IWP30/Page_ACHPersonalPaymentEntry/txt_confirmAccountNumber' is present

04-10-2024T22:56:59 - [MESSAGE][PASSED] - Text '12344444' is set on object 'Object Repository/IWP30/Page_ACHPersonalPaymentEntry/txt_confirmAccountNumber'

04-10-2024T22:56:59 - [MESSAGE][PASSED] - Object 'Object Repository/IWP30/Page_ACHPersonalPaymentEntry/rd_accountType' is present

04-10-2024T22:56:59 - [MESSAGE][PASSED] - Modify property of object successfully

04-10-2024T22:56:59 - [MESSAGE][PASSED] - Object: 'Object Repository/IWP30/Page_ACHPersonalPaymentEntry/rd_accountType' is clicked on

04-10-2024T22:56:59 - [MESSAGE][PASSED] - Execute JavaScript '
				   document.getElementById('processDate').value = '08/09/2025'
				  ' successfully

04-10-2024T22:57:00 - [MESSAGE][PASSED] - Text '365 Main Avenue' is set on object 'Object Repository/IWP30/Page_ACHPersonalPaymentEntry/txt_AL1'

04-10-2024T22:57:00 - [MESSAGE][PASSED] - Text '22201' is set on object 'Object Repository/IWP30/Page_ACHPersonalPaymentEntry/txt_ZIP'

04-10-2024T22:57:01 - [MESSAGE][PASSED] - Object 'Object Repository/IWP30/Page_ACHPersonalPaymentEntry/txt_Email' is present

04-10-2024T22:57:02 - [MESSAGE][PASSED] - Text 'iahmed@govolution.com' is set on object 'Object Repository/IWP30/Page_ACHPersonalPaymentEntry/txt_Email'

04-10-2024T22:57:02 - [MESSAGE][PASSED] - Object 'Object Repository/IWP30/Page_ACHPersonalPaymentEntry/cb_TermsAndCond' is present

04-10-2024T22:57:02 - [MESSAGE][PASSED] - Object: 'Object Repository/IWP30/Page_ACHPersonalPaymentEntry/cb_TermsAndCond' is clicked on

04-10-2024T22:57:02 - [MESSAGE][PASSED] - Object 'Object Repository/IWP30/Page_ACHPersonalPaymentEntry/btn_Continue' is present

04-10-2024T22:57:04 - [MESSAGE][PASSED] - Object: 'Object Repository/IWP30/Page_ACHPersonalPaymentEntry/btn_Continue' is clicked on

04-10-2024T22:57:04 - [MESSAGE][PASSED] - iwpPages.achPersonalPaymentEntryPage.setDataACHPPM is PASSED

04-10-2024T22:57:04 - [TEST_STEP][PASSED] - click(findTestObject("Object Repository/IWP30/Page_Confirmation/ConfirmButton")): Object: 'Object Repository/IWP30/Page_Confirmation/ConfirmButton' is clicked on

04-10-2024T22:57:06 - [MESSAGE][PASSED] - Object: 'Object Repository/IWP30/Page_Confirmation/ConfirmButton' is clicked on

04-10-2024T22:57:06 - [TEST_STEP][PASSED] - Thread.sleep(2000): null

04-10-2024T22:57:08 - [TEST_STEP][PASSED] - if (verifyTextPresent("Deferred", false)): null

04-10-2024T22:57:08 - [MESSAGE][PASSED] - Text 'Deferred' is present on page 

04-10-2024T22:57:08 - [TEST_STEP][PASSED] - println("Deferred is present on page. Deferred Pay is created"): null

04-10-2024T22:57:08 - [TEST_STEP][PASSED] - click(findTestObject("Object Repository/IWP30/Page_Receipt/ViewScheduledPaymentsButton")): Object: 'Object Repository/IWP30/Page_Receipt/ViewScheduledPaymentsButton' is clicked on

04-10-2024T22:57:08 - [MESSAGE][PASSED] - Object: 'Object Repository/IWP30/Page_Receipt/ViewScheduledPaymentsButton' is clicked on

04-10-2024T22:57:08 - [TEST_STEP][PASSED] - switchToWindowTitle("View Scheduled Payments"): Switched to window with title: 'View Scheduled Payments'

04-10-2024T22:57:08 - [MESSAGE][PASSED] - Switched to window with title: 'View Scheduled Payments'

04-10-2024T22:57:08 - [TEST_STEP][PASSED] - Thread.sleep(5000): null

04-10-2024T22:57:14 - [TEST_STEP][PASSED] - if (verifyTextPresent("View Scheduled Payments", false)): null

04-10-2024T22:57:14 - [MESSAGE][PASSED] - Text 'View Scheduled Payments' is present on page 

04-10-2024T22:57:14 - [TEST_STEP][PASSED] - click(findTestObject("Object Repository/IWP30/Page_ScheduledPayments/edit_payment")): Object: 'Object Repository/IWP30/Page_ScheduledPayments/edit_payment' is clicked on

04-10-2024T22:57:16 - [MESSAGE][PASSED] - Object: 'Object Repository/IWP30/Page_ScheduledPayments/edit_payment' is clicked on

04-10-2024T22:57:16 - [TEST_STEP][PASSED] - iwpPages.editSchedulePayment.setDataSchedPayment(row, dataFile): iwpPages.editSchedulePayment.setDataSchedPayment is PASSED

04-10-2024T22:57:16 - [MESSAGE][PASSED] - Text 'Edit Payment Plan' is present on page 

04-10-2024T22:57:17 - [MESSAGE][PASSED] - All options with label 'Orange' are selected in object 'Object Repository/IWP30/Page_CCPaymentEntry/UserDefined7' 

04-10-2024T22:57:17 - [MESSAGE][PASSED] - All options with label 'Soccer' are selected in object 'Object Repository/IWP30/Page_CCPaymentEntry/UserDefined8' 

04-10-2024T22:57:17 - [MESSAGE][PASSED] - Execute JavaScript '
				   document.getElementById('processDate').value = '08/09/2045'
				  ' successfully

04-10-2024T22:57:17 - [MESSAGE][PASSED] - iwpPages.editSchedulePayment.setDataSchedPayment is PASSED

04-10-2024T22:57:17 - [TEST_STEP][PASSED] - click(findTestObject("Object Repository/Page_EditSchedPayment/chkbox_acceptterms")): Object: 'Object Repository/Page_EditSchedPayment/chkbox_acceptterms' is clicked on

04-10-2024T22:57:18 - [MESSAGE][PASSED] - Object: 'Object Repository/Page_EditSchedPayment/chkbox_acceptterms' is clicked on

04-10-2024T22:57:18 - [TEST_STEP][PASSED] - click(findTestObject("Object Repository/Page_EditSchedPayment/btn_update")): Object: 'Object Repository/Page_EditSchedPayment/btn_update' is clicked on

04-10-2024T22:57:20 - [MESSAGE][PASSED] - Object: 'Object Repository/Page_EditSchedPayment/btn_update' is clicked on

04-10-2024T22:57:20 - [TEST_STEP][PASSED] - if (verifyTextPresent("Successful Payment Plan Update", false)): null

04-10-2024T22:57:20 - [MESSAGE][PASSED] - Text 'Successful Payment Plan Update' is present on page 

04-10-2024T22:57:20 - [TEST_STEP][PASSED] - click(findTestObject("Object Repository/IWP30/Page_SuccesfulUpdate/btn_back")): Object: 'Object Repository/IWP30/Page_SuccesfulUpdate/btn_back' is clicked on

04-10-2024T22:57:21 - [MESSAGE][PASSED] - Object: 'Object Repository/IWP30/Page_SuccesfulUpdate/btn_back' is clicked on

04-10-2024T22:57:21 - [TEST_STEP][PASSED] - click(findTestObject("Object Repository/IWP30/Page_ScheduledPayments/cancel_payment")): Object: 'Object Repository/IWP30/Page_ScheduledPayments/cancel_payment' is clicked on

04-10-2024T22:57:21 - [MESSAGE][PASSED] - Object: 'Object Repository/IWP30/Page_ScheduledPayments/cancel_payment' is clicked on

04-10-2024T22:57:21 - [TEST_STEP][PASSED] - if (verifyTextPresent("Cancel Payment Plan", false)): null

04-10-2024T22:57:23 - [MESSAGE][PASSED] - Text 'Cancel Payment Plan' is present on page 

04-10-2024T22:57:23 - [TEST_STEP][PASSED] - click(findTestObject("Object Repository/IWP30/Page_PaymentPlan/btn_cancel")): Object: 'Object Repository/IWP30/Page_PaymentPlan/btn_cancel' is clicked on

04-10-2024T22:57:23 - [MESSAGE][PASSED] - Object: 'Object Repository/IWP30/Page_PaymentPlan/btn_cancel' is clicked on

04-10-2024T22:57:23 - [TEST_STEP][PASSED] - acceptAlert(): Alert accepted

04-10-2024T22:57:23 - [MESSAGE][PASSED] - Alert accepted

04-10-2024T22:57:23 - [TEST_STEP][PASSED] - if (verifyTextPresent("Your payment plan has been successfully canceled", false)): null

04-10-2024T22:57:24 - [MESSAGE][PASSED] - Text 'Your payment plan has been successfully canceled' is present on page 

04-10-2024T22:57:24 - [TEST_STEP][PASSED] - markPassed("Your payment plan has been successfully created, modified and canceled"): Your payment plan has been successfully created, modified and canceled

04-10-2024T22:57:24 - [MESSAGE][PASSED] - Your payment plan has been successfully created, modified and canceled

04-10-2024T22:57:24 - [TEST_STEP][PASSED] - resText = "Pass": null

04-10-2024T22:57:24 - [TEST_STEP][PASSED] - println(row): null

04-10-2024T22:57:24 - [TEST_STEP][PASSED] - pages.WriteExcel.demoKey(resText, datText, resColumn, datCloumn, fileLoc, nameSheet, row): pages.WriteExcel.demoKey is PASSED

04-10-2024T22:57:24 - [MESSAGE][PASSED] - pages.WriteExcel.demoKey is PASSED

04-10-2024T22:57:24 - [TEST_STEP][PASSED] - closeBrowser(): Browser is closed

04-10-2024T22:57:25 - [MESSAGE][PASSED] - Browser is closed]]></system-out>
         <system-err><![CDATA[]]></system-err>
      </testcase>
      <testcase name="Test Cases/IntegratedWeb/IWP25/Payments/CMCDeferredPS" time="79.356" classname="Test Cases/IntegratedWeb/IWP25/Payments/CMCDeferredPS" status="PASSED">
         <system-out><![CDATA[04-10-2024T22:57:25 - [TEST_CASE][PASSED] - Test Cases/IntegratedWeb/IWP25/Payments/CMCDeferredPS: Test Cases/IntegratedWeb/IWP25/Payments/CMCDeferredPS

04-10-2024T22:57:25 - [TEST_STEP][PASSED] - resText = "Fail": null

04-10-2024T22:57:25 - [TEST_STEP][PASSED] - resColumn = "Result": null

04-10-2024T22:57:25 - [TEST_STEP][PASSED] - datCloumn = "Date": null

04-10-2024T22:57:25 - [TEST_STEP][PASSED] - fileLoc = "KatalonData/IWPTestData/VRelay25PaymentsExtension.xlsx": null

04-10-2024T22:57:25 - [TEST_STEP][PASSED] - numOfRows = <not implemented yet for class: org.codehaus.groovy.ast.expr.EmptyExpression>: null

04-10-2024T22:57:25 - [TEST_STEP][PASSED] - dataFile = <not implemented yet for class: org.codehaus.groovy.ast.expr.EmptyExpression>: null

04-10-2024T22:57:25 - [TEST_STEP][PASSED] - nameSheet = <not implemented yet for class: org.codehaus.groovy.ast.expr.EmptyExpression>: null

04-10-2024T22:57:25 - [TEST_STEP][PASSED] - dataFileEmulator = <not implemented yet for class: org.codehaus.groovy.ast.expr.EmptyExpression>: null

04-10-2024T22:57:25 - [TEST_STEP][PASSED] - isRequiredTextPresent = false: null

04-10-2024T22:57:25 - [TEST_STEP][PASSED] - nameSheet = "CMCDeferredPlanPS": null

04-10-2024T22:57:25 - [TEST_STEP][PASSED] - dataFile = "IWPTestData/IWP25CMCDeferredPS": null

04-10-2024T22:57:25 - [TEST_STEP][PASSED] - dataFileEmulator = "IWPTestData/EmulatorData": null

04-10-2024T22:57:25 - [TEST_STEP][PASSED] - numOfRows = findTestData(dataFile).getRowNumbers(): null

04-10-2024T22:57:25 - [TEST_STEP][PASSED] - println("Number of Records: " + numOfRows): null

04-10-2024T22:57:25 - [TEST_STEP][PASSED] - for ([row = 1, row <= numOfRows, (row++)]): Browser is closed

04-10-2024T22:57:25 - [TEST_STEP][PASSED] - ExecuteTC = findTestData(dataFile).getValue("Execute", row): null

04-10-2024T22:57:25 - [TEST_STEP][PASSED] - out.println("Value of Execute is : " + ExecuteTC): null

04-10-2024T22:57:25 - [TEST_STEP][PASSED] - if (ExecuteTC.equalsIgnoreCase("Y")): null

04-10-2024T22:57:25 - [TEST_STEP][PASSED] - out.println("Begin Record Number: " + row): null

04-10-2024T22:57:25 - [TEST_STEP][PASSED] - today = new java.util.Date(): null

04-10-2024T22:57:25 - [TEST_STEP][PASSED] - println(today): null

04-10-2024T22:57:25 - [TEST_STEP][PASSED] - datText = today: null

04-10-2024T22:57:25 - [TEST_STEP][PASSED] - EmulatorDataKey = findTestData(dataFile).getValue("EmulatorData", row): null

04-10-2024T22:57:25 - [TEST_STEP][PASSED] - out.println("Value of Emulator Key is : " + EmulatorDataKey): null

04-10-2024T22:57:25 - [TEST_STEP][PASSED] - iwpPages.emulatorIWP30.setDataEmulator_DD(EmulatorDataKey): iwpPages.emulatorIWP30.setDataEmulator_DD is PASSED

04-10-2024T22:57:26 - [MESSAGE][INFO] - Starting 'Edge Chromium' driver

04-10-2024T22:57:26 - [MESSAGE][INFO] - User set preference: ['acceptInsecureCerts', 'true']

04-10-2024T22:57:28 - [MESSAGE][INFO] - Action delay is set to 0 milliseconds

04-10-2024T22:57:31 - [MESSAGE][PASSED] - Browser is opened with url: 'https://qa.velocitypayment.com/agency/config.do?action=editor&message_version=2_5'

04-10-2024T22:57:31 - [MESSAGE][PASSED] - Current window maximized

04-10-2024T22:57:32 - [MESSAGE][PASSED] - All options with value '2.5' are selected in object 'Object Repository/IWP30/Page_VRelay30Emulator/MV'  using regular expression

04-10-2024T22:57:33 - [MESSAGE][PASSED] - Text '10.50' is set on object 'Object Repository/IWP30/Page_VRelay30Emulator/Amount'

04-10-2024T22:57:34 - [MESSAGE][PASSED] - Text 'bKfUI9LtKUMp' is set on object 'Object Repository/IWP30/Page_VRelay30Emulator/CAN'

04-10-2024T22:57:34 - [MESSAGE][PASSED] - Text 'PayNow' is set on object 'Object Repository/IWP30/Page_VRelay30Emulator/Action'

04-10-2024T22:57:35 - [MESSAGE][PASSED] - Text 'en_US' is set on object 'Object Repository/IWP30/Page_VRelay30Emulator/Lang'

04-10-2024T22:57:35 - [MESSAGE][PASSED] - Text '' is set on object 'Object Repository/IWP30/Page_VRelay30Emulator/Fname'

04-10-2024T22:57:36 - [MESSAGE][PASSED] - Text '' is set on object 'Object Repository/IWP30/Page_VRelay30Emulator/Lname'

04-10-2024T22:57:37 - [MESSAGE][PASSED] - Text '' is set on object 'Object Repository/IWP30/Page_VRelay30Emulator/AL1'

04-10-2024T22:57:37 - [MESSAGE][PASSED] - Text '' is set on object 'Object Repository/IWP30/Page_VRelay30Emulator/AL2'

04-10-2024T22:57:38 - [MESSAGE][PASSED] - Text '' is set on object 'Object Repository/IWP30/Page_VRelay30Emulator/Country'

04-10-2024T22:57:38 - [MESSAGE][PASSED] - Text '' is set on object 'Object Repository/IWP30/Page_VRelay30Emulator/City'

04-10-2024T22:57:39 - [MESSAGE][PASSED] - Text '' is set on object 'Object Repository/IWP30/Page_VRelay30Emulator/State'

04-10-2024T22:57:40 - [MESSAGE][PASSED] - Text '' is set on object 'Object Repository/IWP30/Page_VRelay30Emulator/ZIP'

04-10-2024T22:57:40 - [MESSAGE][PASSED] - Text '' is set on object 'Object Repository/IWP30/Page_VRelay30Emulator/Order'

04-10-2024T22:57:41 - [MESSAGE][PASSED] - Text '' is set on object 'Object Repository/IWP30/Page_VRelay30Emulator/Company'

04-10-2024T22:57:41 - [MESSAGE][PASSED] - Text '' is set on object 'Object Repository/IWP30/Page_VRelay30Emulator/Email'

04-10-2024T22:57:42 - [MESSAGE][PASSED] - Text '' is set on object 'Object Repository/IWP30/Page_VRelay30Emulator/UDF1'

04-10-2024T22:57:42 - [MESSAGE][PASSED] - Text '' is set on object 'Object Repository/IWP30/Page_VRelay30Emulator/UDF2'

04-10-2024T22:57:43 - [MESSAGE][PASSED] - Text '' is set on object 'Object Repository/IWP30/Page_VRelay30Emulator/UDF3'

04-10-2024T22:57:44 - [MESSAGE][PASSED] - Text 'udf data 4' is set on object 'Object Repository/IWP30/Page_VRelay30Emulator/UDF4'

04-10-2024T22:57:44 - [MESSAGE][PASSED] - Text 'udf data 5' is set on object 'Object Repository/IWP30/Page_VRelay30Emulator/UDF5'

04-10-2024T22:57:45 - [MESSAGE][PASSED] - Text '' is set on object 'Object Repository/IWP30/Page_VRelay30Emulator/UDF6'

04-10-2024T22:57:45 - [MESSAGE][PASSED] - Text '' is set on object 'Object Repository/IWP30/Page_VRelay30Emulator/UDF7'

04-10-2024T22:57:46 - [MESSAGE][PASSED] - Text '' is set on object 'Object Repository/IWP30/Page_VRelay30Emulator/UDF8'

04-10-2024T22:57:46 - [MESSAGE][PASSED] - Text 'udf data 9' is set on object 'Object Repository/IWP30/Page_VRelay30Emulator/UDF9'

04-10-2024T22:57:47 - [MESSAGE][PASSED] - Text 'udf data 10' is set on object 'Object Repository/IWP30/Page_VRelay30Emulator/UDF10'

04-10-2024T22:57:48 - [MESSAGE][PASSED] - Object: 'Object Repository/IWP30/Page_VRelay30Emulator/Submit' is clicked on

04-10-2024T22:57:53 - [MESSAGE][PASSED] - Browser is closed

04-10-2024T22:57:57 - [MESSAGE][PASSED] - iwpPages.emulatorIWP30.setDataEmulator_DD is PASSED

04-10-2024T22:57:57 - [TEST_STEP][PASSED] - testHarnessURL = urlTestHarness: null

04-10-2024T22:57:57 - [TEST_STEP][PASSED] - openBrowser(testHarnessURL): Browser is opened with url: 'https://dev-algorithm.govolution.com/vrelaytest/QA/version_2_2/vrelaytest.html'

04-10-2024T22:57:57 - [MESSAGE][INFO] - Starting 'Edge Chromium' driver

04-10-2024T22:57:57 - [MESSAGE][INFO] - User set preference: ['acceptInsecureCerts', 'true']

04-10-2024T22:57:59 - [MESSAGE][INFO] - Action delay is set to 0 milliseconds

04-10-2024T22:58:02 - [MESSAGE][PASSED] - Browser is opened with url: 'https://dev-algorithm.govolution.com/vrelaytest/QA/version_2_2/vrelaytest.html'

04-10-2024T22:58:02 - [TEST_STEP][PASSED] - maximizeWindow(): Current window maximized

04-10-2024T22:58:02 - [MESSAGE][PASSED] - Current window maximized

04-10-2024T22:58:02 - [TEST_STEP][PASSED] - iwpPages.TestHarnessPage.setDataMethod(row, dataFile): iwpPages.TestHarnessPage.setDataMethod is PASSED

04-10-2024T22:58:03 - [MESSAGE][PASSED] - Object 'Object Repository/IWP30/Page_QATestHarness/RemittanceID' is present

04-10-2024T22:58:03 - [MESSAGE][PASSED] - Text '638' is set on object 'Object Repository/IWP30/Page_QATestHarness/ApplicationID'

04-10-2024T22:58:04 - [MESSAGE][PASSED] - Text '2.5' is set on object 'Object Repository/IWP30/Page_QATestHarness/MessageVersion'

04-10-2024T22:58:05 - [MESSAGE][PASSED] - Text 'Drljcxw3TdxH' is set on object 'Object Repository/IWP30/Page_QATestHarness/RemittanceID'

04-10-2024T22:58:08 - [MESSAGE][PASSED] - Object: 'Object Repository/IWP30/Page_QATestHarness/SubmitButton' is clicked on

04-10-2024T22:58:08 - [MESSAGE][PASSED] - iwpPages.TestHarnessPage.setDataMethod is PASSED

04-10-2024T22:58:08 - [TEST_STEP][PASSED] - click(findTestObject("Object Repository/IWP30/Page_SelectPaymentMethod/PayByPersonalCheck")): Object: 'Object Repository/IWP30/Page_SelectPaymentMethod/PayByPersonalCheck' is clicked on

04-10-2024T22:58:08 - [MESSAGE][PASSED] - Object: 'Object Repository/IWP30/Page_SelectPaymentMethod/PayByPersonalCheck' is clicked on

04-10-2024T22:58:08 - [TEST_STEP][PASSED] - click(findTestObject("Object Repository/IWP30/Page_SelectPaymentMethod/MakePaymentButton")): Object: 'Object Repository/IWP30/Page_SelectPaymentMethod/MakePaymentButton' is clicked on

04-10-2024T22:58:10 - [MESSAGE][PASSED] - Object: 'Object Repository/IWP30/Page_SelectPaymentMethod/MakePaymentButton' is clicked on

04-10-2024T22:58:10 - [TEST_STEP][PASSED] - iwpPages.achPersonalPaymentEntryPage.setDataACHPPM(row, dataFile): iwpPages.achPersonalPaymentEntryPage.setDataACHPPM is PASSED

04-10-2024T22:58:11 - [MESSAGE][PASSED] - Object 'Object Repository/IWP30/Page_ACHPersonalPaymentEntry/txt_accountNumber' is present

04-10-2024T22:58:11 - [MESSAGE][PASSED] - Text '10.50' is set on object 'Object Repository/IWP30/Page_ACHPersonalPaymentEntry/txt_Amount'

04-10-2024T22:58:11 - [MESSAGE][PASSED] - Object 'Object Repository/IWP30/Page_ACHPersonalPaymentEntry/txt_UDF2' is present

04-10-2024T22:58:12 - [MESSAGE][PASSED] - Text 'udf data 2' is set on object 'Object Repository/IWP30/Page_ACHPersonalPaymentEntry/txt_UDF2'

04-10-2024T22:58:13 - [MESSAGE][PASSED] - Text 'udf data 3' is set on object 'Object Repository/IWP30/Page_ACHPersonalPaymentEntry/txt_UDF3'

04-10-2024T22:58:13 - [MESSAGE][PASSED] - All options with label 'Orange' are selected in object 'Object Repository/IWP30/Page_ACHPersonalPaymentEntry/dd_UDF7' 

04-10-2024T22:58:14 - [MESSAGE][PASSED] - All options with label 'Soccer' are selected in object 'Object Repository/IWP30/Page_ACHPersonalPaymentEntry/dd_UDF8' 

04-10-2024T22:58:14 - [MESSAGE][PASSED] - Object 'Object Repository/IWP30/Page_ACHPersonalPaymentEntry/txt_Firstname' is present

04-10-2024T22:58:15 - [MESSAGE][PASSED] - Text 'Elizath' is set on object 'Object Repository/IWP30/Page_ACHPersonalPaymentEntry/txt_Firstname'

04-10-2024T22:58:15 - [MESSAGE][PASSED] - Object 'Object Repository/IWP30/Page_ACHPersonalPaymentEntry/txt_Lastname' is present

04-10-2024T22:58:16 - [MESSAGE][PASSED] - Text 'Christine' is set on object 'Object Repository/IWP30/Page_ACHPersonalPaymentEntry/txt_Lastname'

04-10-2024T22:58:16 - [MESSAGE][PASSED] - Object 'Object Repository/IWP30/Page_ACHPersonalPaymentEntry/txt_routingNumber' is present

04-10-2024T22:58:16 - [MESSAGE][PASSED] - Text '256072691' is set on object 'Object Repository/IWP30/Page_ACHPersonalPaymentEntry/txt_routingNumber'

04-10-2024T22:58:17 - [MESSAGE][PASSED] - Object 'Object Repository/IWP30/Page_ACHPersonalPaymentEntry/txt_accountNumber' is present

04-10-2024T22:58:18 - [MESSAGE][PASSED] - Text '12344444' is set on object 'Object Repository/IWP30/Page_ACHPersonalPaymentEntry/txt_accountNumber'

04-10-2024T22:58:18 - [MESSAGE][PASSED] - Object 'Object Repository/IWP30/Page_ACHPersonalPaymentEntry/txt_confirmAccountNumber' is present

04-10-2024T22:58:19 - [MESSAGE][PASSED] - Text '12344444' is set on object 'Object Repository/IWP30/Page_ACHPersonalPaymentEntry/txt_confirmAccountNumber'

04-10-2024T22:58:19 - [MESSAGE][PASSED] - Object 'Object Repository/IWP30/Page_ACHPersonalPaymentEntry/rd_accountType' is present

04-10-2024T22:58:19 - [MESSAGE][PASSED] - Modify property of object successfully

04-10-2024T22:58:20 - [MESSAGE][PASSED] - Object: 'Object Repository/IWP30/Page_ACHPersonalPaymentEntry/rd_accountType' is clicked on

04-10-2024T22:58:20 - [MESSAGE][PASSED] - Execute JavaScript '
				   document.getElementById('processDate').value = '08/09/2025'
				  ' successfully

04-10-2024T22:58:20 - [MESSAGE][PASSED] - Text '365 Main Avenue' is set on object 'Object Repository/IWP30/Page_ACHPersonalPaymentEntry/txt_AL1'

04-10-2024T22:58:21 - [MESSAGE][PASSED] - Text '22201' is set on object 'Object Repository/IWP30/Page_ACHPersonalPaymentEntry/txt_ZIP'

04-10-2024T22:58:21 - [MESSAGE][PASSED] - Object 'Object Repository/IWP30/Page_ACHPersonalPaymentEntry/txt_Email' is present

04-10-2024T22:58:22 - [MESSAGE][PASSED] - Text 'iahmed@govolution.com' is set on object 'Object Repository/IWP30/Page_ACHPersonalPaymentEntry/txt_Email'

04-10-2024T22:58:22 - [MESSAGE][PASSED] - Object 'Object Repository/IWP30/Page_ACHPersonalPaymentEntry/cb_TermsAndCond' is present

04-10-2024T22:58:23 - [MESSAGE][PASSED] - Object: 'Object Repository/IWP30/Page_ACHPersonalPaymentEntry/cb_TermsAndCond' is clicked on

04-10-2024T22:58:23 - [MESSAGE][PASSED] - Object 'Object Repository/IWP30/Page_ACHPersonalPaymentEntry/btn_Continue' is present

04-10-2024T22:58:24 - [MESSAGE][PASSED] - Object: 'Object Repository/IWP30/Page_ACHPersonalPaymentEntry/btn_Continue' is clicked on

04-10-2024T22:58:24 - [MESSAGE][PASSED] - iwpPages.achPersonalPaymentEntryPage.setDataACHPPM is PASSED

04-10-2024T22:58:24 - [TEST_STEP][PASSED] - click(findTestObject("Object Repository/IWP30/Page_Confirmation/ConfirmButton")): Object: 'Object Repository/IWP30/Page_Confirmation/ConfirmButton' is clicked on

04-10-2024T22:58:26 - [MESSAGE][PASSED] - Object: 'Object Repository/IWP30/Page_Confirmation/ConfirmButton' is clicked on

04-10-2024T22:58:26 - [TEST_STEP][PASSED] - Thread.sleep(2000): null

04-10-2024T22:58:28 - [TEST_STEP][PASSED] - if (verifyTextPresent("Deferred", false)): null

04-10-2024T22:58:28 - [MESSAGE][PASSED] - Text 'Deferred' is present on page 

04-10-2024T22:58:28 - [TEST_STEP][PASSED] - println("Deferred is present on page. Deferred Pay is created"): null

04-10-2024T22:58:28 - [TEST_STEP][PASSED] - click(findTestObject("Object Repository/IWP30/Page_Receipt/ViewScheduledPaymentsButton")): Object: 'Object Repository/IWP30/Page_Receipt/ViewScheduledPaymentsButton' is clicked on

04-10-2024T22:58:28 - [MESSAGE][PASSED] - Object: 'Object Repository/IWP30/Page_Receipt/ViewScheduledPaymentsButton' is clicked on

04-10-2024T22:58:28 - [TEST_STEP][PASSED] - switchToWindowTitle("View Scheduled Payments"): Switched to window with title: 'View Scheduled Payments'

04-10-2024T22:58:29 - [MESSAGE][PASSED] - Switched to window with title: 'View Scheduled Payments'

04-10-2024T22:58:29 - [TEST_STEP][PASSED] - Thread.sleep(5000): null

04-10-2024T22:58:34 - [TEST_STEP][PASSED] - if (verifyTextPresent("View Scheduled Payments", false)): null

04-10-2024T22:58:34 - [MESSAGE][PASSED] - Text 'View Scheduled Payments' is present on page 

04-10-2024T22:58:34 - [TEST_STEP][PASSED] - click(findTestObject("Object Repository/IWP30/Page_ScheduledPayments/edit_payment")): Object: 'Object Repository/IWP30/Page_ScheduledPayments/edit_payment' is clicked on

04-10-2024T22:58:35 - [MESSAGE][PASSED] - Object: 'Object Repository/IWP30/Page_ScheduledPayments/edit_payment' is clicked on

04-10-2024T22:58:35 - [TEST_STEP][PASSED] - iwpPages.editSchedulePayment.setDataSchedPayment(row, dataFile): iwpPages.editSchedulePayment.setDataSchedPayment is PASSED

04-10-2024T22:58:36 - [MESSAGE][PASSED] - Text 'Edit Payment Plan' is present on page 

04-10-2024T22:58:37 - [MESSAGE][PASSED] - All options with label 'Orange' are selected in object 'Object Repository/IWP30/Page_CCPaymentEntry/UserDefined7' 

04-10-2024T22:58:37 - [MESSAGE][PASSED] - All options with label 'Soccer' are selected in object 'Object Repository/IWP30/Page_CCPaymentEntry/UserDefined8' 

04-10-2024T22:58:37 - [MESSAGE][PASSED] - Execute JavaScript '
				   document.getElementById('processDate').value = '08/09/2045'
				  ' successfully

04-10-2024T22:58:37 - [MESSAGE][PASSED] - iwpPages.editSchedulePayment.setDataSchedPayment is PASSED

04-10-2024T22:58:37 - [TEST_STEP][PASSED] - click(findTestObject("Object Repository/Page_EditSchedPayment/chkbox_acceptterms")): Object: 'Object Repository/Page_EditSchedPayment/chkbox_acceptterms' is clicked on

04-10-2024T22:58:38 - [MESSAGE][PASSED] - Object: 'Object Repository/Page_EditSchedPayment/chkbox_acceptterms' is clicked on

04-10-2024T22:58:38 - [TEST_STEP][PASSED] - click(findTestObject("Object Repository/Page_EditSchedPayment/btn_update")): Object: 'Object Repository/Page_EditSchedPayment/btn_update' is clicked on

04-10-2024T22:58:39 - [MESSAGE][PASSED] - Object: 'Object Repository/Page_EditSchedPayment/btn_update' is clicked on

04-10-2024T22:58:39 - [TEST_STEP][PASSED] - if (verifyTextPresent("Successful Payment Plan Update", false)): null

04-10-2024T22:58:40 - [MESSAGE][PASSED] - Text 'Successful Payment Plan Update' is present on page 

04-10-2024T22:58:40 - [TEST_STEP][PASSED] - click(findTestObject("Object Repository/IWP30/Page_SuccesfulUpdate/btn_back")): Object: 'Object Repository/IWP30/Page_SuccesfulUpdate/btn_back' is clicked on

04-10-2024T22:58:40 - [MESSAGE][PASSED] - Object: 'Object Repository/IWP30/Page_SuccesfulUpdate/btn_back' is clicked on

04-10-2024T22:58:40 - [TEST_STEP][PASSED] - click(findTestObject("Object Repository/IWP30/Page_ScheduledPayments/cancel_payment")): Object: 'Object Repository/IWP30/Page_ScheduledPayments/cancel_payment' is clicked on

04-10-2024T22:58:41 - [MESSAGE][PASSED] - Object: 'Object Repository/IWP30/Page_ScheduledPayments/cancel_payment' is clicked on

04-10-2024T22:58:41 - [TEST_STEP][PASSED] - if (verifyTextPresent("Cancel Payment Plan", false)): null

04-10-2024T22:58:42 - [MESSAGE][PASSED] - Text 'Cancel Payment Plan' is present on page 

04-10-2024T22:58:42 - [TEST_STEP][PASSED] - click(findTestObject("Object Repository/IWP30/Page_PaymentPlan/btn_cancel")): Object: 'Object Repository/IWP30/Page_PaymentPlan/btn_cancel' is clicked on

04-10-2024T22:58:42 - [MESSAGE][PASSED] - Object: 'Object Repository/IWP30/Page_PaymentPlan/btn_cancel' is clicked on

04-10-2024T22:58:42 - [TEST_STEP][PASSED] - acceptAlert(): Alert accepted

04-10-2024T22:58:42 - [MESSAGE][PASSED] - Alert accepted

04-10-2024T22:58:42 - [TEST_STEP][PASSED] - if (verifyTextPresent("Your payment plan has been successfully canceled", false)): null

04-10-2024T22:58:44 - [MESSAGE][PASSED] - Text 'Your payment plan has been successfully canceled' is present on page 

04-10-2024T22:58:44 - [TEST_STEP][PASSED] - markPassed("Your payment plan has been successfully created, modified and canceled"): Your payment plan has been successfully created, modified and canceled

04-10-2024T22:58:44 - [MESSAGE][PASSED] - Your payment plan has been successfully created, modified and canceled

04-10-2024T22:58:44 - [TEST_STEP][PASSED] - resText = "Pass": null

04-10-2024T22:58:44 - [TEST_STEP][PASSED] - println(row): null

04-10-2024T22:58:44 - [TEST_STEP][PASSED] - pages.WriteExcel.demoKey(resText, datText, resColumn, datCloumn, fileLoc, nameSheet, row): pages.WriteExcel.demoKey is PASSED

04-10-2024T22:58:44 - [MESSAGE][PASSED] - pages.WriteExcel.demoKey is PASSED

04-10-2024T22:58:44 - [TEST_STEP][PASSED] - closeBrowser(): Browser is closed

04-10-2024T22:58:44 - [MESSAGE][PASSED] - Browser is closed]]></system-out>
         <system-err><![CDATA[]]></system-err>
      </testcase>
      <testcase name="Test Cases/IntegratedWeb/IWP25/Payments/NoModifyAmountCC" time="65.364" classname="Test Cases/IntegratedWeb/IWP25/Payments/NoModifyAmountCC" status="PASSED">
         <system-out><![CDATA[04-10-2024T22:58:44 - [TEST_CASE][PASSED] - Test Cases/IntegratedWeb/IWP25/Payments/NoModifyAmountCC: Test Cases/IntegratedWeb/IWP25/Payments/NoModifyAmountCC

04-10-2024T22:58:45 - [TEST_STEP][PASSED] - resText = "Fail": null

04-10-2024T22:58:45 - [TEST_STEP][PASSED] - resColumn = "Result": null

04-10-2024T22:58:45 - [TEST_STEP][PASSED] - datCloumn = "Date": null

04-10-2024T22:58:45 - [TEST_STEP][PASSED] - fileLoc = "KatalonData/IWPTestData/VRelay25Payments.xlsx": null

04-10-2024T22:58:45 - [TEST_STEP][PASSED] - numOfRows = <not implemented yet for class: org.codehaus.groovy.ast.expr.EmptyExpression>: null

04-10-2024T22:58:45 - [TEST_STEP][PASSED] - dataFile = <not implemented yet for class: org.codehaus.groovy.ast.expr.EmptyExpression>: null

04-10-2024T22:58:45 - [TEST_STEP][PASSED] - nameSheet = <not implemented yet for class: org.codehaus.groovy.ast.expr.EmptyExpression>: null

04-10-2024T22:58:45 - [TEST_STEP][PASSED] - dataFileEmulator = <not implemented yet for class: org.codehaus.groovy.ast.expr.EmptyExpression>: null

04-10-2024T22:58:45 - [TEST_STEP][PASSED] - nameSheet = "NoModifyAmountCC": null

04-10-2024T22:58:45 - [TEST_STEP][PASSED] - dataFile = "IWPTestData/IWP25NoModifyAmountCC": null

04-10-2024T22:58:45 - [TEST_STEP][PASSED] - dataFileEmulator = "IWPTestData/EmulatorData": null

04-10-2024T22:58:45 - [TEST_STEP][PASSED] - numOfRows = findTestData(dataFile).getRowNumbers(): null

04-10-2024T22:58:45 - [TEST_STEP][PASSED] - println("Number of Records: " + numOfRows): null

04-10-2024T22:58:45 - [TEST_STEP][PASSED] - for ([row = 1, row <= numOfRows, (row++)]): Browser is closed

04-10-2024T22:58:45 - [TEST_STEP][PASSED] - ExecuteTC = findTestData(dataFile).getValue("Execute", row): null

04-10-2024T22:58:45 - [TEST_STEP][PASSED] - out.println("Value of Execute is : " + ExecuteTC): null

04-10-2024T22:58:45 - [TEST_STEP][PASSED] - if (ExecuteTC.equalsIgnoreCase("Y")): null

04-10-2024T22:58:45 - [TEST_STEP][PASSED] - out.println("Begin Record Number: " + row): null

04-10-2024T22:58:45 - [TEST_STEP][PASSED] - today = new java.util.Date(): null

04-10-2024T22:58:45 - [TEST_STEP][PASSED] - println(today): null

04-10-2024T22:58:45 - [TEST_STEP][PASSED] - datText = today: null

04-10-2024T22:58:45 - [TEST_STEP][PASSED] - EmulatorDataKey = findTestData(dataFile).getValue("EmulatorData", row): null

04-10-2024T22:58:45 - [TEST_STEP][PASSED] - out.println("Value of Emulator Key is : " + EmulatorDataKey): null

04-10-2024T22:58:45 - [TEST_STEP][PASSED] - iwpPages.emulatorIWP30.setDataEmulator_DD(EmulatorDataKey): iwpPages.emulatorIWP30.setDataEmulator_DD is PASSED

04-10-2024T22:58:45 - [MESSAGE][INFO] - Starting 'Edge Chromium' driver

04-10-2024T22:58:45 - [MESSAGE][INFO] - User set preference: ['acceptInsecureCerts', 'true']

04-10-2024T22:58:47 - [MESSAGE][INFO] - Action delay is set to 0 milliseconds

04-10-2024T22:58:51 - [MESSAGE][PASSED] - Browser is opened with url: 'https://qa.velocitypayment.com/agency/config.do?action=editor&message_version=2_5'

04-10-2024T22:58:51 - [MESSAGE][PASSED] - Current window maximized

04-10-2024T22:58:52 - [MESSAGE][PASSED] - All options with value '2.5' are selected in object 'Object Repository/IWP30/Page_VRelay30Emulator/MV'  using regular expression

04-10-2024T22:58:52 - [MESSAGE][PASSED] - Text '10.50' is set on object 'Object Repository/IWP30/Page_VRelay30Emulator/Amount'

04-10-2024T22:58:53 - [MESSAGE][PASSED] - Text 'SNJeqifq3xv9' is set on object 'Object Repository/IWP30/Page_VRelay30Emulator/CAN'

04-10-2024T22:58:54 - [MESSAGE][PASSED] - Text 'PayNow' is set on object 'Object Repository/IWP30/Page_VRelay30Emulator/Action'

04-10-2024T22:58:54 - [MESSAGE][PASSED] - Text 'en_US' is set on object 'Object Repository/IWP30/Page_VRelay30Emulator/Lang'

04-10-2024T22:58:55 - [MESSAGE][PASSED] - Text 'Jasmine' is set on object 'Object Repository/IWP30/Page_VRelay30Emulator/Fname'

04-10-2024T22:58:56 - [MESSAGE][PASSED] - Text 'Patrinol' is set on object 'Object Repository/IWP30/Page_VRelay30Emulator/Lname'

04-10-2024T22:58:56 - [MESSAGE][PASSED] - Text '258 Underwood rd' is set on object 'Object Repository/IWP30/Page_VRelay30Emulator/AL1'

04-10-2024T22:58:57 - [MESSAGE][PASSED] - Text 'Suite 600' is set on object 'Object Repository/IWP30/Page_VRelay30Emulator/AL2'

04-10-2024T22:58:57 - [MESSAGE][PASSED] - Text '840' is set on object 'Object Repository/IWP30/Page_VRelay30Emulator/Country'

04-10-2024T22:58:58 - [MESSAGE][PASSED] - Text 'Arlington' is set on object 'Object Repository/IWP30/Page_VRelay30Emulator/City'

04-10-2024T22:58:59 - [MESSAGE][PASSED] - Text 'VA' is set on object 'Object Repository/IWP30/Page_VRelay30Emulator/State'

04-10-2024T22:58:59 - [MESSAGE][PASSED] - Text '22201' is set on object 'Object Repository/IWP30/Page_VRelay30Emulator/ZIP'

04-10-2024T22:59:00 - [MESSAGE][PASSED] - Text '' is set on object 'Object Repository/IWP30/Page_VRelay30Emulator/Order'

04-10-2024T22:59:00 - [MESSAGE][PASSED] - Text 'Some Company' is set on object 'Object Repository/IWP30/Page_VRelay30Emulator/Company'

04-10-2024T22:59:01 - [MESSAGE][PASSED] - Text 'iahmed@govolution.com' is set on object 'Object Repository/IWP30/Page_VRelay30Emulator/Email'

04-10-2024T22:59:02 - [MESSAGE][PASSED] - Text 'udf data 1' is set on object 'Object Repository/IWP30/Page_VRelay30Emulator/UDF1'

04-10-2024T22:59:02 - [MESSAGE][PASSED] - Text 'udf data 2' is set on object 'Object Repository/IWP30/Page_VRelay30Emulator/UDF2'

04-10-2024T22:59:03 - [MESSAGE][PASSED] - Text 'udf data 3' is set on object 'Object Repository/IWP30/Page_VRelay30Emulator/UDF3'

04-10-2024T22:59:03 - [MESSAGE][PASSED] - Text 'udf data 4' is set on object 'Object Repository/IWP30/Page_VRelay30Emulator/UDF4'

04-10-2024T22:59:04 - [MESSAGE][PASSED] - Text 'udf data 5' is set on object 'Object Repository/IWP30/Page_VRelay30Emulator/UDF5'

04-10-2024T22:59:05 - [MESSAGE][PASSED] - Text 'udf data 6' is set on object 'Object Repository/IWP30/Page_VRelay30Emulator/UDF6'

04-10-2024T22:59:05 - [MESSAGE][PASSED] - Text 'Orange' is set on object 'Object Repository/IWP30/Page_VRelay30Emulator/UDF7'

04-10-2024T22:59:06 - [MESSAGE][PASSED] - Text 'Soccer' is set on object 'Object Repository/IWP30/Page_VRelay30Emulator/UDF8'

04-10-2024T22:59:06 - [MESSAGE][PASSED] - Text 'udf data 9' is set on object 'Object Repository/IWP30/Page_VRelay30Emulator/UDF9'

04-10-2024T22:59:07 - [MESSAGE][PASSED] - Text 'udf data 10' is set on object 'Object Repository/IWP30/Page_VRelay30Emulator/UDF10'

04-10-2024T22:59:08 - [MESSAGE][PASSED] - Object: 'Object Repository/IWP30/Page_VRelay30Emulator/Submit' is clicked on

04-10-2024T22:59:13 - [MESSAGE][PASSED] - Browser is closed

04-10-2024T22:59:17 - [MESSAGE][PASSED] - iwpPages.emulatorIWP30.setDataEmulator_DD is PASSED

04-10-2024T22:59:17 - [TEST_STEP][PASSED] - testHarnessURL = urlTestHarness: null

04-10-2024T22:59:17 - [TEST_STEP][PASSED] - openBrowser(testHarnessURL): Browser is opened with url: 'https://dev-algorithm.govolution.com/vrelaytest/QA/version_2_2/vrelaytest.html'

04-10-2024T22:59:17 - [MESSAGE][INFO] - Starting 'Edge Chromium' driver

04-10-2024T22:59:17 - [MESSAGE][INFO] - User set preference: ['acceptInsecureCerts', 'true']

04-10-2024T22:59:19 - [MESSAGE][INFO] - Action delay is set to 0 milliseconds

04-10-2024T22:59:22 - [MESSAGE][PASSED] - Browser is opened with url: 'https://dev-algorithm.govolution.com/vrelaytest/QA/version_2_2/vrelaytest.html'

04-10-2024T22:59:22 - [TEST_STEP][PASSED] - maximizeWindow(): Current window maximized

04-10-2024T22:59:23 - [MESSAGE][PASSED] - Current window maximized

04-10-2024T22:59:23 - [TEST_STEP][PASSED] - iwpPages.TestHarnessPage.setDataMethod(row, dataFile): iwpPages.TestHarnessPage.setDataMethod is PASSED

04-10-2024T22:59:23 - [MESSAGE][PASSED] - Object 'Object Repository/IWP30/Page_QATestHarness/RemittanceID' is present

04-10-2024T22:59:24 - [MESSAGE][PASSED] - Text '654' is set on object 'Object Repository/IWP30/Page_QATestHarness/ApplicationID'

04-10-2024T22:59:24 - [MESSAGE][PASSED] - Text '2.5' is set on object 'Object Repository/IWP30/Page_QATestHarness/MessageVersion'

04-10-2024T22:59:25 - [MESSAGE][PASSED] - Text '99N8UKmcyoLG' is set on object 'Object Repository/IWP30/Page_QATestHarness/RemittanceID'

04-10-2024T22:59:28 - [MESSAGE][PASSED] - Object: 'Object Repository/IWP30/Page_QATestHarness/SubmitButton' is clicked on

04-10-2024T22:59:28 - [MESSAGE][PASSED] - iwpPages.TestHarnessPage.setDataMethod is PASSED

04-10-2024T22:59:28 - [TEST_STEP][PASSED] - click(findTestObject("Object Repository/IWP30/Page_SelectPaymentMethod/PayByCreditCard")): Object: 'Object Repository/IWP30/Page_SelectPaymentMethod/PayByCreditCard' is clicked on

04-10-2024T22:59:28 - [MESSAGE][PASSED] - Object: 'Object Repository/IWP30/Page_SelectPaymentMethod/PayByCreditCard' is clicked on

04-10-2024T22:59:28 - [TEST_STEP][PASSED] - click(findTestObject("Object Repository/IWP30/Page_SelectPaymentMethod/MakePaymentButton")): Object: 'Object Repository/IWP30/Page_SelectPaymentMethod/MakePaymentButton' is clicked on

04-10-2024T22:59:30 - [MESSAGE][PASSED] - Object: 'Object Repository/IWP30/Page_SelectPaymentMethod/MakePaymentButton' is clicked on

04-10-2024T22:59:30 - [TEST_STEP][PASSED] - if (verifyElementNotPresent(findTestObject("Object Repository/IWP30/Page_CCPaymentEntry/Amount"), 30) && verifyTextPresent("$10.50", false)): null

04-10-2024T22:59:31 - [MESSAGE][PASSED] - Web element with id: 'Object Repository/IWP30/Page_CCPaymentEntry/Amount' located by 'By.xpath: //*[@type = 'text' and @name = 'amount' and @alt = 'Amount']' is not present after '30' second(s)

04-10-2024T22:59:31 - [MESSAGE][PASSED] - Text '$10.50' is present on page 

04-10-2024T22:59:31 - [TEST_STEP][PASSED] - iwpPages.ccPaymentEntryPage.setDataCCPM(row, dataFile): iwpPages.ccPaymentEntryPage.setDataCCPM is PASSED

04-10-2024T22:59:32 - [MESSAGE][PASSED] - Object 'Object Repository/IWP30/Page_CCPaymentEntry/Name' is present

04-10-2024T22:59:32 - [MESSAGE][PASSED] - Object 'Object Repository/IWP30/Page_CCPaymentEntry/Name' is present

04-10-2024T22:59:32 - [MESSAGE][PASSED] - Object 'Object Repository/IWP30/Page_CCPaymentEntry/CardNumber' is present

04-10-2024T22:59:33 - [MESSAGE][PASSED] - Text '5146312200000035' is set on object 'Object Repository/IWP30/Page_CCPaymentEntry/CardNumber'

04-10-2024T22:59:33 - [MESSAGE][PASSED] - Object 'Object Repository/IWP30/Page_CCPaymentEntry/Month' is present

04-10-2024T22:59:34 - [MESSAGE][PASSED] - All options with label '09' are selected in object 'Object Repository/IWP30/Page_CCPaymentEntry/Month' 

04-10-2024T22:59:34 - [MESSAGE][PASSED] - Object 'Object Repository/IWP30/Page_CCPaymentEntry/Year' is present

04-10-2024T22:59:35 - [MESSAGE][PASSED] - All options with label '2028' are selected in object 'Object Repository/IWP30/Page_CCPaymentEntry/Year' 

04-10-2024T22:59:35 - [MESSAGE][PASSED] - Object 'Object Repository/IWP30/Page_CCPaymentEntry/EmailAddress' is present

04-10-2024T22:59:35 - [MESSAGE][PASSED] - Object 'Object Repository/IWP30/Page_CCPaymentEntry/TermCondCheckBox' is present

04-10-2024T22:59:36 - [MESSAGE][PASSED] - Object 'Object Repository/IWP30/Page_CCPaymentEntry/TermCondCheckBox' is checked

04-10-2024T22:59:36 - [MESSAGE][PASSED] - Object 'Object Repository/IWP30/Page_CCPaymentEntry/ContinueButton' is present

04-10-2024T22:59:37 - [MESSAGE][PASSED] - Object: 'Object Repository/IWP30/Page_CCPaymentEntry/ContinueButton' is clicked on

04-10-2024T22:59:37 - [MESSAGE][PASSED] - iwpPages.ccPaymentEntryPage.setDataCCPM is PASSED

04-10-2024T22:59:37 - [TEST_STEP][PASSED] - click(findTestObject("Object Repository/IWP30/Page_Confirmation/ConfirmButton")): Object: 'Object Repository/IWP30/Page_Confirmation/ConfirmButton' is clicked on

04-10-2024T22:59:39 - [MESSAGE][PASSED] - Object: 'Object Repository/IWP30/Page_Confirmation/ConfirmButton' is clicked on

04-10-2024T22:59:39 - [TEST_STEP][PASSED] - Thread.sleep(10000): null

04-10-2024T22:59:49 - [TEST_STEP][PASSED] - if (verifyTextPresent("Successful Payment Receipt", false)): null

04-10-2024T22:59:49 - [MESSAGE][PASSED] - Text 'Successful Payment Receipt' is present on page 

04-10-2024T22:59:49 - [TEST_STEP][PASSED] - println("Successful Payment Receipt text is present on the Receipt page"): null

04-10-2024T22:59:49 - [TEST_STEP][PASSED] - markPassed("Successful Payment Receipt text is present on the Receipt page"): Successful Payment Receipt text is present on the Receipt page

04-10-2024T22:59:49 - [MESSAGE][PASSED] - Successful Payment Receipt text is present on the Receipt page

04-10-2024T22:59:49 - [TEST_STEP][PASSED] - resText = "Pass": null

04-10-2024T22:59:49 - [TEST_STEP][PASSED] - pages.WriteExcel.demoKey(resText, datText, resColumn, datCloumn, fileLoc, nameSheet, row): pages.WriteExcel.demoKey is PASSED

04-10-2024T22:59:49 - [MESSAGE][PASSED] - pages.WriteExcel.demoKey is PASSED

04-10-2024T22:59:49 - [TEST_STEP][PASSED] - closeBrowser(): Browser is closed

04-10-2024T22:59:50 - [MESSAGE][PASSED] - Browser is closed]]></system-out>
         <system-err><![CDATA[]]></system-err>
      </testcase>
      <testcase name="Test Cases/IntegratedWeb/IWP25/Payments/NoModifyAmountCorp" time="66.426" classname="Test Cases/IntegratedWeb/IWP25/Payments/NoModifyAmountCorp" status="PASSED">
         <system-out><![CDATA[04-10-2024T22:59:50 - [TEST_CASE][PASSED] - Test Cases/IntegratedWeb/IWP25/Payments/NoModifyAmountCorp: Test Cases/IntegratedWeb/IWP25/Payments/NoModifyAmountCorp

04-10-2024T22:59:50 - [TEST_STEP][PASSED] - resText = "Fail": null

04-10-2024T22:59:50 - [TEST_STEP][PASSED] - resColumn = "Result": null

04-10-2024T22:59:50 - [TEST_STEP][PASSED] - datCloumn = "Date": null

04-10-2024T22:59:50 - [TEST_STEP][PASSED] - fileLoc = "KatalonData/IWPTestData/VRelay25Payments.xlsx": null

04-10-2024T22:59:50 - [TEST_STEP][PASSED] - numOfRows = <not implemented yet for class: org.codehaus.groovy.ast.expr.EmptyExpression>: null

04-10-2024T22:59:50 - [TEST_STEP][PASSED] - dataFile = <not implemented yet for class: org.codehaus.groovy.ast.expr.EmptyExpression>: null

04-10-2024T22:59:50 - [TEST_STEP][PASSED] - nameSheet = <not implemented yet for class: org.codehaus.groovy.ast.expr.EmptyExpression>: null

04-10-2024T22:59:50 - [TEST_STEP][PASSED] - dataFileEmulator = <not implemented yet for class: org.codehaus.groovy.ast.expr.EmptyExpression>: null

04-10-2024T22:59:50 - [TEST_STEP][PASSED] - nameSheet = "NoModifyAmountCorp": null

04-10-2024T22:59:50 - [TEST_STEP][PASSED] - dataFile = "IWPTestData/IWP25NoModifyAmountCorp": null

04-10-2024T22:59:50 - [TEST_STEP][PASSED] - dataFileEmulator = "IWPTestData/EmulatorData": null

04-10-2024T22:59:50 - [TEST_STEP][PASSED] - numOfRows = findTestData(dataFile).getRowNumbers(): null

04-10-2024T22:59:50 - [TEST_STEP][PASSED] - println("Number of Records: " + numOfRows): null

04-10-2024T22:59:50 - [TEST_STEP][PASSED] - for ([row = 1, row <= numOfRows, (row++)]): Browser is closed

04-10-2024T22:59:50 - [TEST_STEP][PASSED] - ExecuteTC = findTestData(dataFile).getValue("Execute", row): null

04-10-2024T22:59:50 - [TEST_STEP][PASSED] - out.println("Value of Execute is : " + ExecuteTC): null

04-10-2024T22:59:50 - [TEST_STEP][PASSED] - if (ExecuteTC.equalsIgnoreCase("Y")): null

04-10-2024T22:59:50 - [TEST_STEP][PASSED] - out.println("Begin Record Number: " + row): null

04-10-2024T22:59:50 - [TEST_STEP][PASSED] - today = new java.util.Date(): null

04-10-2024T22:59:50 - [TEST_STEP][PASSED] - println(today): null

04-10-2024T22:59:50 - [TEST_STEP][PASSED] - datText = today: null

04-10-2024T22:59:50 - [TEST_STEP][PASSED] - EmulatorDataKey = findTestData(dataFile).getValue("EmulatorData", row): null

04-10-2024T22:59:50 - [TEST_STEP][PASSED] - out.println("Value of Emulator Key is : " + EmulatorDataKey): null

04-10-2024T22:59:50 - [TEST_STEP][PASSED] - iwpPages.emulatorIWP30.setDataEmulator_DD(EmulatorDataKey): iwpPages.emulatorIWP30.setDataEmulator_DD is PASSED

04-10-2024T22:59:50 - [MESSAGE][INFO] - Starting 'Edge Chromium' driver

04-10-2024T22:59:50 - [MESSAGE][INFO] - User set preference: ['acceptInsecureCerts', 'true']

04-10-2024T22:59:52 - [MESSAGE][INFO] - Action delay is set to 0 milliseconds

04-10-2024T22:59:56 - [MESSAGE][PASSED] - Browser is opened with url: 'https://qa.velocitypayment.com/agency/config.do?action=editor&message_version=2_5'

04-10-2024T22:59:56 - [MESSAGE][PASSED] - Current window maximized

04-10-2024T22:59:57 - [MESSAGE][PASSED] - All options with value '2.5' are selected in object 'Object Repository/IWP30/Page_VRelay30Emulator/MV'  using regular expression

04-10-2024T22:59:57 - [MESSAGE][PASSED] - Text '10.50' is set on object 'Object Repository/IWP30/Page_VRelay30Emulator/Amount'

04-10-2024T22:59:58 - [MESSAGE][PASSED] - Text 'SfUvdCnjUuhq' is set on object 'Object Repository/IWP30/Page_VRelay30Emulator/CAN'

04-10-2024T22:59:59 - [MESSAGE][PASSED] - Text 'PayNow' is set on object 'Object Repository/IWP30/Page_VRelay30Emulator/Action'

04-10-2024T22:59:59 - [MESSAGE][PASSED] - Text 'en_US' is set on object 'Object Repository/IWP30/Page_VRelay30Emulator/Lang'

04-10-2024T23:00:00 - [MESSAGE][PASSED] - Text 'Jasmine' is set on object 'Object Repository/IWP30/Page_VRelay30Emulator/Fname'

04-10-2024T23:00:01 - [MESSAGE][PASSED] - Text 'Patrinol' is set on object 'Object Repository/IWP30/Page_VRelay30Emulator/Lname'

04-10-2024T23:00:01 - [MESSAGE][PASSED] - Text '258 Underwood rd' is set on object 'Object Repository/IWP30/Page_VRelay30Emulator/AL1'

04-10-2024T23:00:02 - [MESSAGE][PASSED] - Text 'Suite 600' is set on object 'Object Repository/IWP30/Page_VRelay30Emulator/AL2'

04-10-2024T23:00:02 - [MESSAGE][PASSED] - Text '840' is set on object 'Object Repository/IWP30/Page_VRelay30Emulator/Country'

04-10-2024T23:00:03 - [MESSAGE][PASSED] - Text 'Arlington' is set on object 'Object Repository/IWP30/Page_VRelay30Emulator/City'

04-10-2024T23:00:04 - [MESSAGE][PASSED] - Text 'VA' is set on object 'Object Repository/IWP30/Page_VRelay30Emulator/State'

04-10-2024T23:00:04 - [MESSAGE][PASSED] - Text '22201' is set on object 'Object Repository/IWP30/Page_VRelay30Emulator/ZIP'

04-10-2024T23:00:05 - [MESSAGE][PASSED] - Text '' is set on object 'Object Repository/IWP30/Page_VRelay30Emulator/Order'

04-10-2024T23:00:05 - [MESSAGE][PASSED] - Text 'Some Company' is set on object 'Object Repository/IWP30/Page_VRelay30Emulator/Company'

04-10-2024T23:00:06 - [MESSAGE][PASSED] - Text 'iahmed@govolution.com' is set on object 'Object Repository/IWP30/Page_VRelay30Emulator/Email'

04-10-2024T23:00:07 - [MESSAGE][PASSED] - Text 'udf data 1' is set on object 'Object Repository/IWP30/Page_VRelay30Emulator/UDF1'

04-10-2024T23:00:07 - [MESSAGE][PASSED] - Text 'udf data 2' is set on object 'Object Repository/IWP30/Page_VRelay30Emulator/UDF2'

04-10-2024T23:00:08 - [MESSAGE][PASSED] - Text 'udf data 3' is set on object 'Object Repository/IWP30/Page_VRelay30Emulator/UDF3'

04-10-2024T23:00:08 - [MESSAGE][PASSED] - Text 'udf data 4' is set on object 'Object Repository/IWP30/Page_VRelay30Emulator/UDF4'

04-10-2024T23:00:09 - [MESSAGE][PASSED] - Text 'udf data 5' is set on object 'Object Repository/IWP30/Page_VRelay30Emulator/UDF5'

04-10-2024T23:00:09 - [MESSAGE][PASSED] - Text 'udf data 6' is set on object 'Object Repository/IWP30/Page_VRelay30Emulator/UDF6'

04-10-2024T23:00:10 - [MESSAGE][PASSED] - Text 'Orange' is set on object 'Object Repository/IWP30/Page_VRelay30Emulator/UDF7'

04-10-2024T23:00:11 - [MESSAGE][PASSED] - Text 'Soccer' is set on object 'Object Repository/IWP30/Page_VRelay30Emulator/UDF8'

04-10-2024T23:00:11 - [MESSAGE][PASSED] - Text 'udf data 9' is set on object 'Object Repository/IWP30/Page_VRelay30Emulator/UDF9'

04-10-2024T23:00:12 - [MESSAGE][PASSED] - Text 'udf data 10' is set on object 'Object Repository/IWP30/Page_VRelay30Emulator/UDF10'

04-10-2024T23:00:13 - [MESSAGE][PASSED] - Object: 'Object Repository/IWP30/Page_VRelay30Emulator/Submit' is clicked on

04-10-2024T23:00:17 - [MESSAGE][PASSED] - Browser is closed

04-10-2024T23:00:21 - [MESSAGE][PASSED] - iwpPages.emulatorIWP30.setDataEmulator_DD is PASSED

04-10-2024T23:00:21 - [TEST_STEP][PASSED] - testHarnessURL = urlTestHarness: null

04-10-2024T23:00:21 - [TEST_STEP][PASSED] - openBrowser(testHarnessURL): Browser is opened with url: 'https://dev-algorithm.govolution.com/vrelaytest/QA/version_2_2/vrelaytest.html'

04-10-2024T23:00:21 - [MESSAGE][INFO] - Starting 'Edge Chromium' driver

04-10-2024T23:00:21 - [MESSAGE][INFO] - User set preference: ['acceptInsecureCerts', 'true']

04-10-2024T23:00:24 - [MESSAGE][INFO] - Action delay is set to 0 milliseconds

04-10-2024T23:00:28 - [MESSAGE][PASSED] - Browser is opened with url: 'https://dev-algorithm.govolution.com/vrelaytest/QA/version_2_2/vrelaytest.html'

04-10-2024T23:00:28 - [TEST_STEP][PASSED] - maximizeWindow(): Current window maximized

04-10-2024T23:00:28 - [MESSAGE][PASSED] - Current window maximized

04-10-2024T23:00:28 - [TEST_STEP][PASSED] - iwpPages.TestHarnessPage.setDataMethod(row, dataFile): iwpPages.TestHarnessPage.setDataMethod is PASSED

04-10-2024T23:00:28 - [MESSAGE][PASSED] - Object 'Object Repository/IWP30/Page_QATestHarness/RemittanceID' is present

04-10-2024T23:00:29 - [MESSAGE][PASSED] - Text '654' is set on object 'Object Repository/IWP30/Page_QATestHarness/ApplicationID'

04-10-2024T23:00:29 - [MESSAGE][PASSED] - Text '2.5' is set on object 'Object Repository/IWP30/Page_QATestHarness/MessageVersion'

04-10-2024T23:00:30 - [MESSAGE][PASSED] - Text 'c6jHlgEnd7Ir' is set on object 'Object Repository/IWP30/Page_QATestHarness/RemittanceID'

04-10-2024T23:00:33 - [MESSAGE][PASSED] - Object: 'Object Repository/IWP30/Page_QATestHarness/SubmitButton' is clicked on

04-10-2024T23:00:33 - [MESSAGE][PASSED] - iwpPages.TestHarnessPage.setDataMethod is PASSED

04-10-2024T23:00:33 - [TEST_STEP][PASSED] - click(findTestObject("Object Repository/IWP30/Page_SelectPaymentMethod/PayByCorporateCheck")): Object: 'Object Repository/IWP30/Page_SelectPaymentMethod/PayByCorporateCheck' is clicked on

04-10-2024T23:00:34 - [MESSAGE][PASSED] - Object: 'Object Repository/IWP30/Page_SelectPaymentMethod/PayByCorporateCheck' is clicked on

04-10-2024T23:00:34 - [TEST_STEP][PASSED] - click(findTestObject("Object Repository/IWP30/Page_SelectPaymentMethod/MakePaymentButton")): Object: 'Object Repository/IWP30/Page_SelectPaymentMethod/MakePaymentButton' is clicked on

04-10-2024T23:00:36 - [MESSAGE][PASSED] - Object: 'Object Repository/IWP30/Page_SelectPaymentMethod/MakePaymentButton' is clicked on

04-10-2024T23:00:36 - [TEST_STEP][PASSED] - if (verifyElementNotPresent(findTestObject("Object Repository/IWP30/Page_ACHCorporatePaymentEntry/txt_Amount"), 30) && verifyTextPresent("$ 10.50", false)): null

04-10-2024T23:00:36 - [MESSAGE][PASSED] - Web element with id: 'Object Repository/IWP30/Page_ACHCorporatePaymentEntry/txt_Amount' located by 'By.xpath: //*[@type = 'text' and @name = 'amount' and @alt = 'Amount']' is not present after '30' second(s)

04-10-2024T23:00:37 - [MESSAGE][PASSED] - Text '$ 10.50' is present on page 

04-10-2024T23:00:37 - [TEST_STEP][PASSED] - iwpPages.achCorporatePaymentEntryPage.setDataCorporate(row, dataFile): iwpPages.achCorporatePaymentEntryPage.setDataCorporate is PASSED

04-10-2024T23:00:37 - [MESSAGE][PASSED] - Object 'Object Repository/IWP30/Page_ACHCorporatePaymentEntry/txt_accountNumber' is present

04-10-2024T23:00:38 - [MESSAGE][PASSED] - Object 'Object Repository/IWP30/Page_ACHCorporatePaymentEntry/input_CompanyName' is present

04-10-2024T23:00:38 - [MESSAGE][PASSED] - Object 'Object Repository/IWP30/Page_ACHCorporatePaymentEntry/input_EIN' is present

04-10-2024T23:00:39 - [MESSAGE][PASSED] - Text '123456789' is set on object 'Object Repository/IWP30/Page_ACHCorporatePaymentEntry/input_EIN'

04-10-2024T23:00:39 - [MESSAGE][PASSED] - Object 'Object Repository/IWP30/Page_ACHCorporatePaymentEntry/txt_routingNumber' is present

04-10-2024T23:00:39 - [MESSAGE][PASSED] - Text '256072691' is set on object 'Object Repository/IWP30/Page_ACHCorporatePaymentEntry/txt_routingNumber'

04-10-2024T23:00:40 - [MESSAGE][PASSED] - Object 'Object Repository/IWP30/Page_ACHCorporatePaymentEntry/txt_accountNumber' is present

04-10-2024T23:00:41 - [MESSAGE][PASSED] - Text '12344444' is set on object 'Object Repository/IWP30/Page_ACHCorporatePaymentEntry/txt_accountNumber'

04-10-2024T23:00:41 - [MESSAGE][PASSED] - Object 'Object Repository/IWP30/Page_ACHCorporatePaymentEntry/txt_confirmAccountNumber' is present

04-10-2024T23:00:42 - [MESSAGE][PASSED] - Text '12344444' is set on object 'Object Repository/IWP30/Page_ACHCorporatePaymentEntry/txt_confirmAccountNumber'

04-10-2024T23:00:42 - [MESSAGE][PASSED] - Object 'Object Repository/IWP30/Page_ACHCorporatePaymentEntry/txt_Email' is present

04-10-2024T23:00:42 - [MESSAGE][PASSED] - Object 'Object Repository/IWP30/Page_ACHCorporatePaymentEntry/cb_TermsAndCond' is present

04-10-2024T23:00:42 - [MESSAGE][PASSED] - Object: 'Object Repository/IWP30/Page_ACHCorporatePaymentEntry/cb_TermsAndCond' is clicked on

04-10-2024T23:00:43 - [MESSAGE][PASSED] - Object 'Object Repository/IWP30/Page_ACHCorporatePaymentEntry/btn_Continue' is present

04-10-2024T23:00:44 - [MESSAGE][PASSED] - Object: 'Object Repository/IWP30/Page_ACHCorporatePaymentEntry/btn_Continue' is clicked on

04-10-2024T23:00:44 - [MESSAGE][PASSED] - iwpPages.achCorporatePaymentEntryPage.setDataCorporate is PASSED

04-10-2024T23:00:44 - [TEST_STEP][PASSED] - click(findTestObject("Object Repository/IWP30/Page_Confirmation/ConfirmButton")): Object: 'Object Repository/IWP30/Page_Confirmation/ConfirmButton' is clicked on

04-10-2024T23:00:45 - [MESSAGE][PASSED] - Object: 'Object Repository/IWP30/Page_Confirmation/ConfirmButton' is clicked on

04-10-2024T23:00:45 - [TEST_STEP][PASSED] - Thread.sleep(10000): null

04-10-2024T23:00:55 - [TEST_STEP][PASSED] - if (verifyTextPresent("Successful Payment Receipt", false)): null

04-10-2024T23:00:55 - [MESSAGE][PASSED] - Text 'Successful Payment Receipt' is present on page 

04-10-2024T23:00:55 - [TEST_STEP][PASSED] - println("Successful Payment Receipt text is present on the Receipt page"): null

04-10-2024T23:00:55 - [TEST_STEP][PASSED] - markPassed("Successful Payment Receipt text is present on the Receipt page"): Successful Payment Receipt text is present on the Receipt page

04-10-2024T23:00:55 - [MESSAGE][PASSED] - Successful Payment Receipt text is present on the Receipt page

04-10-2024T23:00:55 - [TEST_STEP][PASSED] - resText = "Pass": null

04-10-2024T23:00:55 - [TEST_STEP][PASSED] - pages.WriteExcel.demoKey(resText, datText, resColumn, datCloumn, fileLoc, nameSheet, row): pages.WriteExcel.demoKey is PASSED

04-10-2024T23:00:55 - [MESSAGE][PASSED] - pages.WriteExcel.demoKey is PASSED

04-10-2024T23:00:55 - [TEST_STEP][PASSED] - closeBrowser(): Browser is closed

04-10-2024T23:00:56 - [MESSAGE][PASSED] - Browser is closed]]></system-out>
         <system-err><![CDATA[]]></system-err>
      </testcase>
      <testcase name="Test Cases/IntegratedWeb/IWP25/Payments/NoModifyAmountPC" time="66.473" classname="Test Cases/IntegratedWeb/IWP25/Payments/NoModifyAmountPC" status="PASSED">
         <system-out><![CDATA[04-10-2024T23:00:56 - [TEST_CASE][PASSED] - Test Cases/IntegratedWeb/IWP25/Payments/NoModifyAmountPC: Test Cases/IntegratedWeb/IWP25/Payments/NoModifyAmountPC

04-10-2024T23:00:56 - [TEST_STEP][PASSED] - resText = "Fail": null

04-10-2024T23:00:56 - [TEST_STEP][PASSED] - resColumn = "Result": null

04-10-2024T23:00:56 - [TEST_STEP][PASSED] - datCloumn = "Date": null

04-10-2024T23:00:56 - [TEST_STEP][PASSED] - fileLoc = "KatalonData/IWPTestData/VRelay25Payments.xlsx": null

04-10-2024T23:00:56 - [TEST_STEP][PASSED] - numOfRows = <not implemented yet for class: org.codehaus.groovy.ast.expr.EmptyExpression>: null

04-10-2024T23:00:56 - [TEST_STEP][PASSED] - dataFile = <not implemented yet for class: org.codehaus.groovy.ast.expr.EmptyExpression>: null

04-10-2024T23:00:56 - [TEST_STEP][PASSED] - nameSheet = <not implemented yet for class: org.codehaus.groovy.ast.expr.EmptyExpression>: null

04-10-2024T23:00:56 - [TEST_STEP][PASSED] - dataFileEmulator = <not implemented yet for class: org.codehaus.groovy.ast.expr.EmptyExpression>: null

04-10-2024T23:00:56 - [TEST_STEP][PASSED] - nameSheet = "NoModifyAmountPC": null

04-10-2024T23:00:56 - [TEST_STEP][PASSED] - dataFile = "IWPTestData/IWP25NoModifyAmountPC": null

04-10-2024T23:00:56 - [TEST_STEP][PASSED] - dataFileEmulator = "IWPTestData/EmulatorData": null

04-10-2024T23:00:56 - [TEST_STEP][PASSED] - numOfRows = findTestData(dataFile).getRowNumbers(): null

04-10-2024T23:00:57 - [TEST_STEP][PASSED] - println("Number of Records: " + numOfRows): null

04-10-2024T23:00:57 - [TEST_STEP][PASSED] - for ([row = 1, row <= numOfRows, (row++)]): Browser is closed

04-10-2024T23:00:57 - [TEST_STEP][PASSED] - ExecuteTC = findTestData(dataFile).getValue("Execute", row): null

04-10-2024T23:00:57 - [TEST_STEP][PASSED] - out.println("Value of Execute is : " + ExecuteTC): null

04-10-2024T23:00:57 - [TEST_STEP][PASSED] - if (ExecuteTC.equalsIgnoreCase("Y")): null

04-10-2024T23:00:57 - [TEST_STEP][PASSED] - out.println("Begin Record Number: " + row): null

04-10-2024T23:00:57 - [TEST_STEP][PASSED] - today = new java.util.Date(): null

04-10-2024T23:00:57 - [TEST_STEP][PASSED] - println(today): null

04-10-2024T23:00:57 - [TEST_STEP][PASSED] - datText = today: null

04-10-2024T23:00:57 - [TEST_STEP][PASSED] - EmulatorDataKey = findTestData(dataFile).getValue("EmulatorData", row): null

04-10-2024T23:00:57 - [TEST_STEP][PASSED] - out.println("Value of Emulator Key is : " + EmulatorDataKey): null

04-10-2024T23:00:57 - [TEST_STEP][PASSED] - iwpPages.emulatorIWP30.setDataEmulator_DD(EmulatorDataKey): iwpPages.emulatorIWP30.setDataEmulator_DD is PASSED

04-10-2024T23:00:57 - [MESSAGE][INFO] - Starting 'Edge Chromium' driver

04-10-2024T23:00:57 - [MESSAGE][INFO] - User set preference: ['acceptInsecureCerts', 'true']

04-10-2024T23:00:59 - [MESSAGE][INFO] - Action delay is set to 0 milliseconds

04-10-2024T23:01:02 - [MESSAGE][PASSED] - Browser is opened with url: 'https://qa.velocitypayment.com/agency/config.do?action=editor&message_version=2_5'

04-10-2024T23:01:02 - [MESSAGE][PASSED] - Current window maximized

04-10-2024T23:01:03 - [MESSAGE][PASSED] - All options with value '2.5' are selected in object 'Object Repository/IWP30/Page_VRelay30Emulator/MV'  using regular expression

04-10-2024T23:01:03 - [MESSAGE][PASSED] - Text '10.50' is set on object 'Object Repository/IWP30/Page_VRelay30Emulator/Amount'

04-10-2024T23:01:04 - [MESSAGE][PASSED] - Text 'L1AMxWh8iTFK' is set on object 'Object Repository/IWP30/Page_VRelay30Emulator/CAN'

04-10-2024T23:01:05 - [MESSAGE][PASSED] - Text 'PayNow' is set on object 'Object Repository/IWP30/Page_VRelay30Emulator/Action'

04-10-2024T23:01:05 - [MESSAGE][PASSED] - Text 'en_US' is set on object 'Object Repository/IWP30/Page_VRelay30Emulator/Lang'

04-10-2024T23:01:06 - [MESSAGE][PASSED] - Text 'Jasmine' is set on object 'Object Repository/IWP30/Page_VRelay30Emulator/Fname'

04-10-2024T23:01:06 - [MESSAGE][PASSED] - Text 'Patrinol' is set on object 'Object Repository/IWP30/Page_VRelay30Emulator/Lname'

04-10-2024T23:01:07 - [MESSAGE][PASSED] - Text '258 Underwood rd' is set on object 'Object Repository/IWP30/Page_VRelay30Emulator/AL1'

04-10-2024T23:01:08 - [MESSAGE][PASSED] - Text 'Suite 600' is set on object 'Object Repository/IWP30/Page_VRelay30Emulator/AL2'

04-10-2024T23:01:08 - [MESSAGE][PASSED] - Text '840' is set on object 'Object Repository/IWP30/Page_VRelay30Emulator/Country'

04-10-2024T23:01:09 - [MESSAGE][PASSED] - Text 'Arlington' is set on object 'Object Repository/IWP30/Page_VRelay30Emulator/City'

04-10-2024T23:01:09 - [MESSAGE][PASSED] - Text 'VA' is set on object 'Object Repository/IWP30/Page_VRelay30Emulator/State'

04-10-2024T23:01:10 - [MESSAGE][PASSED] - Text '22201' is set on object 'Object Repository/IWP30/Page_VRelay30Emulator/ZIP'

04-10-2024T23:01:11 - [MESSAGE][PASSED] - Text '' is set on object 'Object Repository/IWP30/Page_VRelay30Emulator/Order'

04-10-2024T23:01:11 - [MESSAGE][PASSED] - Text 'Some Company' is set on object 'Object Repository/IWP30/Page_VRelay30Emulator/Company'

04-10-2024T23:01:12 - [MESSAGE][PASSED] - Text 'iahmed@govolution.com' is set on object 'Object Repository/IWP30/Page_VRelay30Emulator/Email'

04-10-2024T23:01:12 - [MESSAGE][PASSED] - Text 'udf data 1' is set on object 'Object Repository/IWP30/Page_VRelay30Emulator/UDF1'

04-10-2024T23:01:13 - [MESSAGE][PASSED] - Text 'udf data 2' is set on object 'Object Repository/IWP30/Page_VRelay30Emulator/UDF2'

04-10-2024T23:01:14 - [MESSAGE][PASSED] - Text 'udf data 3' is set on object 'Object Repository/IWP30/Page_VRelay30Emulator/UDF3'

04-10-2024T23:01:14 - [MESSAGE][PASSED] - Text 'udf data 4' is set on object 'Object Repository/IWP30/Page_VRelay30Emulator/UDF4'

04-10-2024T23:01:15 - [MESSAGE][PASSED] - Text 'udf data 5' is set on object 'Object Repository/IWP30/Page_VRelay30Emulator/UDF5'

04-10-2024T23:01:15 - [MESSAGE][PASSED] - Text 'udf data 6' is set on object 'Object Repository/IWP30/Page_VRelay30Emulator/UDF6'

04-10-2024T23:01:16 - [MESSAGE][PASSED] - Text 'Orange' is set on object 'Object Repository/IWP30/Page_VRelay30Emulator/UDF7'

04-10-2024T23:01:17 - [MESSAGE][PASSED] - Text 'Soccer' is set on object 'Object Repository/IWP30/Page_VRelay30Emulator/UDF8'

04-10-2024T23:01:17 - [MESSAGE][PASSED] - Text 'udf data 9' is set on object 'Object Repository/IWP30/Page_VRelay30Emulator/UDF9'

04-10-2024T23:01:18 - [MESSAGE][PASSED] - Text 'udf data 10' is set on object 'Object Repository/IWP30/Page_VRelay30Emulator/UDF10'

04-10-2024T23:01:19 - [MESSAGE][PASSED] - Object: 'Object Repository/IWP30/Page_VRelay30Emulator/Submit' is clicked on

04-10-2024T23:01:23 - [MESSAGE][PASSED] - Browser is closed

04-10-2024T23:01:27 - [MESSAGE][PASSED] - iwpPages.emulatorIWP30.setDataEmulator_DD is PASSED

04-10-2024T23:01:27 - [TEST_STEP][PASSED] - testHarnessURL = urlTestHarness: null

04-10-2024T23:01:27 - [TEST_STEP][PASSED] - openBrowser(testHarnessURL): Browser is opened with url: 'https://dev-algorithm.govolution.com/vrelaytest/QA/version_2_2/vrelaytest.html'

04-10-2024T23:01:27 - [MESSAGE][INFO] - Starting 'Edge Chromium' driver

04-10-2024T23:01:28 - [MESSAGE][INFO] - User set preference: ['acceptInsecureCerts', 'true']

04-10-2024T23:01:30 - [MESSAGE][INFO] - Action delay is set to 0 milliseconds

04-10-2024T23:01:33 - [MESSAGE][PASSED] - Browser is opened with url: 'https://dev-algorithm.govolution.com/vrelaytest/QA/version_2_2/vrelaytest.html'

04-10-2024T23:01:33 - [TEST_STEP][PASSED] - maximizeWindow(): Current window maximized

04-10-2024T23:01:33 - [MESSAGE][PASSED] - Current window maximized

04-10-2024T23:01:33 - [TEST_STEP][PASSED] - iwpPages.TestHarnessPage.setDataMethod(row, dataFile): iwpPages.TestHarnessPage.setDataMethod is PASSED

04-10-2024T23:01:33 - [MESSAGE][PASSED] - Object 'Object Repository/IWP30/Page_QATestHarness/RemittanceID' is present

04-10-2024T23:01:34 - [MESSAGE][PASSED] - Text '654' is set on object 'Object Repository/IWP30/Page_QATestHarness/ApplicationID'

04-10-2024T23:01:35 - [MESSAGE][PASSED] - Text '2.5' is set on object 'Object Repository/IWP30/Page_QATestHarness/MessageVersion'

04-10-2024T23:01:35 - [MESSAGE][PASSED] - Text 'sRZLMZ3H11LJ' is set on object 'Object Repository/IWP30/Page_QATestHarness/RemittanceID'

04-10-2024T23:01:38 - [MESSAGE][PASSED] - Object: 'Object Repository/IWP30/Page_QATestHarness/SubmitButton' is clicked on

04-10-2024T23:01:38 - [MESSAGE][PASSED] - iwpPages.TestHarnessPage.setDataMethod is PASSED

04-10-2024T23:01:38 - [TEST_STEP][PASSED] - click(findTestObject("Object Repository/IWP30/Page_SelectPaymentMethod/PayByPersonalCheck")): Object: 'Object Repository/IWP30/Page_SelectPaymentMethod/PayByPersonalCheck' is clicked on

04-10-2024T23:01:39 - [MESSAGE][PASSED] - Object: 'Object Repository/IWP30/Page_SelectPaymentMethod/PayByPersonalCheck' is clicked on

04-10-2024T23:01:39 - [TEST_STEP][PASSED] - click(findTestObject("Object Repository/IWP30/Page_SelectPaymentMethod/MakePaymentButton")): Object: 'Object Repository/IWP30/Page_SelectPaymentMethod/MakePaymentButton' is clicked on

04-10-2024T23:01:41 - [MESSAGE][PASSED] - Object: 'Object Repository/IWP30/Page_SelectPaymentMethod/MakePaymentButton' is clicked on

04-10-2024T23:01:41 - [TEST_STEP][PASSED] - if (verifyElementNotPresent(findTestObject("Object Repository/IWP30/Page_ACHPersonalPaymentEntry/txt_Amount"), 30) && verifyTextPresent("$ 10.50", false)): null

04-10-2024T23:01:41 - [MESSAGE][PASSED] - Web element with id: 'Object Repository/IWP30/Page_ACHPersonalPaymentEntry/txt_Amount' located by 'By.xpath: //*[@type = 'text' and @name = 'amount']' is not present after '30' second(s)

04-10-2024T23:01:41 - [MESSAGE][PASSED] - Text '$ 10.50' is present on page 

04-10-2024T23:01:41 - [TEST_STEP][PASSED] - iwpPages.achPersonalPaymentEntryPage.setDataACHPPM(row, dataFile): iwpPages.achPersonalPaymentEntryPage.setDataACHPPM is PASSED

04-10-2024T23:01:42 - [MESSAGE][PASSED] - Object 'Object Repository/IWP30/Page_ACHPersonalPaymentEntry/txt_accountNumber' is present

04-10-2024T23:01:42 - [MESSAGE][PASSED] - Object 'Object Repository/IWP30/Page_ACHPersonalPaymentEntry/txt_UDF2' is present

04-10-2024T23:01:43 - [MESSAGE][PASSED] - Object 'Object Repository/IWP30/Page_ACHPersonalPaymentEntry/txt_Firstname' is present

04-10-2024T23:01:43 - [MESSAGE][PASSED] - Text 'Elizath' is set on object 'Object Repository/IWP30/Page_ACHPersonalPaymentEntry/txt_Firstname'

04-10-2024T23:01:44 - [MESSAGE][PASSED] - Object 'Object Repository/IWP30/Page_ACHPersonalPaymentEntry/txt_Lastname' is present

04-10-2024T23:01:44 - [MESSAGE][PASSED] - Text 'Christine' is set on object 'Object Repository/IWP30/Page_ACHPersonalPaymentEntry/txt_Lastname'

04-10-2024T23:01:44 - [MESSAGE][PASSED] - Object 'Object Repository/IWP30/Page_ACHPersonalPaymentEntry/txt_routingNumber' is present

04-10-2024T23:01:45 - [MESSAGE][PASSED] - Text '256072691' is set on object 'Object Repository/IWP30/Page_ACHPersonalPaymentEntry/txt_routingNumber'

04-10-2024T23:01:45 - [MESSAGE][PASSED] - Object 'Object Repository/IWP30/Page_ACHPersonalPaymentEntry/txt_accountNumber' is present

04-10-2024T23:01:47 - [MESSAGE][PASSED] - Text '12344444' is set on object 'Object Repository/IWP30/Page_ACHPersonalPaymentEntry/txt_accountNumber'

04-10-2024T23:01:47 - [MESSAGE][PASSED] - Object 'Object Repository/IWP30/Page_ACHPersonalPaymentEntry/txt_confirmAccountNumber' is present

04-10-2024T23:01:48 - [MESSAGE][PASSED] - Text '12344444' is set on object 'Object Repository/IWP30/Page_ACHPersonalPaymentEntry/txt_confirmAccountNumber'

04-10-2024T23:01:48 - [MESSAGE][PASSED] - Object 'Object Repository/IWP30/Page_ACHPersonalPaymentEntry/rd_accountType' is present

04-10-2024T23:01:48 - [MESSAGE][PASSED] - Modify property of object successfully

04-10-2024T23:01:48 - [MESSAGE][PASSED] - Object: 'Object Repository/IWP30/Page_ACHPersonalPaymentEntry/rd_accountType' is clicked on

04-10-2024T23:01:49 - [MESSAGE][PASSED] - Object 'Object Repository/IWP30/Page_ACHPersonalPaymentEntry/txt_Email' is present

04-10-2024T23:01:49 - [MESSAGE][PASSED] - Object 'Object Repository/IWP30/Page_ACHPersonalPaymentEntry/cb_TermsAndCond' is present

04-10-2024T23:01:49 - [MESSAGE][PASSED] - Object: 'Object Repository/IWP30/Page_ACHPersonalPaymentEntry/cb_TermsAndCond' is clicked on

04-10-2024T23:01:49 - [MESSAGE][PASSED] - Object 'Object Repository/IWP30/Page_ACHPersonalPaymentEntry/btn_Continue' is present

04-10-2024T23:01:50 - [MESSAGE][PASSED] - Object: 'Object Repository/IWP30/Page_ACHPersonalPaymentEntry/btn_Continue' is clicked on

04-10-2024T23:01:50 - [MESSAGE][PASSED] - iwpPages.achPersonalPaymentEntryPage.setDataACHPPM is PASSED

04-10-2024T23:01:50 - [TEST_STEP][PASSED] - click(findTestObject("Object Repository/IWP30/Page_Confirmation/ConfirmButton")): Object: 'Object Repository/IWP30/Page_Confirmation/ConfirmButton' is clicked on

04-10-2024T23:01:52 - [MESSAGE][PASSED] - Object: 'Object Repository/IWP30/Page_Confirmation/ConfirmButton' is clicked on

04-10-2024T23:01:52 - [TEST_STEP][PASSED] - Thread.sleep(10000): null

04-10-2024T23:02:02 - [TEST_STEP][PASSED] - if (verifyTextPresent("Successful Payment Receipt", false)): null

04-10-2024T23:02:02 - [MESSAGE][PASSED] - Text 'Successful Payment Receipt' is present on page 

04-10-2024T23:02:02 - [TEST_STEP][PASSED] - println("Successful Payment Receipt text is present on the Receipt page"): null

04-10-2024T23:02:02 - [TEST_STEP][PASSED] - markPassed("Successful Payment Receipt text is present on the Receipt page"): Successful Payment Receipt text is present on the Receipt page

04-10-2024T23:02:02 - [MESSAGE][PASSED] - Successful Payment Receipt text is present on the Receipt page

04-10-2024T23:02:02 - [TEST_STEP][PASSED] - resText = "Pass": null

04-10-2024T23:02:02 - [TEST_STEP][PASSED] - pages.WriteExcel.demoKey(resText, datText, resColumn, datCloumn, fileLoc, nameSheet, row): pages.WriteExcel.demoKey is PASSED

04-10-2024T23:02:02 - [MESSAGE][PASSED] - pages.WriteExcel.demoKey is PASSED

04-10-2024T23:02:02 - [TEST_STEP][PASSED] - closeBrowser(): Browser is closed

04-10-2024T23:02:03 - [MESSAGE][PASSED] - Browser is closed]]></system-out>
         <system-err><![CDATA[]]></system-err>
      </testcase>
      <testcase name="Test Cases/IntegratedWeb/IWP25/Payments/NoModifyAmountPS" time="66.509" classname="Test Cases/IntegratedWeb/IWP25/Payments/NoModifyAmountPS" status="PASSED">
         <system-out><![CDATA[04-10-2024T23:02:03 - [TEST_CASE][PASSED] - Test Cases/IntegratedWeb/IWP25/Payments/NoModifyAmountPS: Test Cases/IntegratedWeb/IWP25/Payments/NoModifyAmountPS

04-10-2024T23:02:03 - [TEST_STEP][PASSED] - resText = "Fail": null

04-10-2024T23:02:03 - [TEST_STEP][PASSED] - resColumn = "Result": null

04-10-2024T23:02:03 - [TEST_STEP][PASSED] - datCloumn = "Date": null

04-10-2024T23:02:03 - [TEST_STEP][PASSED] - fileLoc = "KatalonData/IWPTestData/VRelay25Payments.xlsx": null

04-10-2024T23:02:03 - [TEST_STEP][PASSED] - numOfRows = <not implemented yet for class: org.codehaus.groovy.ast.expr.EmptyExpression>: null

04-10-2024T23:02:03 - [TEST_STEP][PASSED] - dataFile = <not implemented yet for class: org.codehaus.groovy.ast.expr.EmptyExpression>: null

04-10-2024T23:02:03 - [TEST_STEP][PASSED] - nameSheet = <not implemented yet for class: org.codehaus.groovy.ast.expr.EmptyExpression>: null

04-10-2024T23:02:03 - [TEST_STEP][PASSED] - dataFileEmulator = <not implemented yet for class: org.codehaus.groovy.ast.expr.EmptyExpression>: null

04-10-2024T23:02:03 - [TEST_STEP][PASSED] - nameSheet = "NoModifyAmountPS": null

04-10-2024T23:02:03 - [TEST_STEP][PASSED] - dataFile = "IWPTestData/IWP25NoModifyAmountPS": null

04-10-2024T23:02:03 - [TEST_STEP][PASSED] - dataFileEmulator = "IWPTestData/EmulatorData": null

04-10-2024T23:02:03 - [TEST_STEP][PASSED] - numOfRows = findTestData(dataFile).getRowNumbers(): null

04-10-2024T23:02:03 - [TEST_STEP][PASSED] - println("Number of Records: " + numOfRows): null

04-10-2024T23:02:03 - [TEST_STEP][PASSED] - for ([row = 1, row <= numOfRows, (row++)]): Browser is closed

04-10-2024T23:02:03 - [TEST_STEP][PASSED] - ExecuteTC = findTestData(dataFile).getValue("Execute", row): null

04-10-2024T23:02:03 - [TEST_STEP][PASSED] - out.println("Value of Execute is : " + ExecuteTC): null

04-10-2024T23:02:03 - [TEST_STEP][PASSED] - if (ExecuteTC.equalsIgnoreCase("Y")): null

04-10-2024T23:02:03 - [TEST_STEP][PASSED] - out.println("Begin Record Number: " + row): null

04-10-2024T23:02:03 - [TEST_STEP][PASSED] - today = new java.util.Date(): null

04-10-2024T23:02:03 - [TEST_STEP][PASSED] - println(today): null

04-10-2024T23:02:03 - [TEST_STEP][PASSED] - datText = today: null

04-10-2024T23:02:03 - [TEST_STEP][PASSED] - EmulatorDataKey = findTestData(dataFile).getValue("EmulatorData", row): null

04-10-2024T23:02:03 - [TEST_STEP][PASSED] - out.println("Value of Emulator Key is : " + EmulatorDataKey): null

04-10-2024T23:02:03 - [TEST_STEP][PASSED] - iwpPages.emulatorIWP30.setDataEmulator_DD(EmulatorDataKey): iwpPages.emulatorIWP30.setDataEmulator_DD is PASSED

04-10-2024T23:02:03 - [MESSAGE][INFO] - Starting 'Edge Chromium' driver

04-10-2024T23:02:03 - [MESSAGE][INFO] - User set preference: ['acceptInsecureCerts', 'true']

04-10-2024T23:02:05 - [MESSAGE][INFO] - Action delay is set to 0 milliseconds

04-10-2024T23:02:08 - [MESSAGE][PASSED] - Browser is opened with url: 'https://qa.velocitypayment.com/agency/config.do?action=editor&message_version=2_5'

04-10-2024T23:02:08 - [MESSAGE][PASSED] - Current window maximized

04-10-2024T23:02:09 - [MESSAGE][PASSED] - All options with value '2.5' are selected in object 'Object Repository/IWP30/Page_VRelay30Emulator/MV'  using regular expression

04-10-2024T23:02:10 - [MESSAGE][PASSED] - Text '10.50' is set on object 'Object Repository/IWP30/Page_VRelay30Emulator/Amount'

04-10-2024T23:02:11 - [MESSAGE][PASSED] - Text 'V6GlCW2aYM56' is set on object 'Object Repository/IWP30/Page_VRelay30Emulator/CAN'

04-10-2024T23:02:11 - [MESSAGE][PASSED] - Text 'PayNow' is set on object 'Object Repository/IWP30/Page_VRelay30Emulator/Action'

04-10-2024T23:02:12 - [MESSAGE][PASSED] - Text 'en_US' is set on object 'Object Repository/IWP30/Page_VRelay30Emulator/Lang'

04-10-2024T23:02:13 - [MESSAGE][PASSED] - Text 'Jasmine' is set on object 'Object Repository/IWP30/Page_VRelay30Emulator/Fname'

04-10-2024T23:02:13 - [MESSAGE][PASSED] - Text 'Patrinol' is set on object 'Object Repository/IWP30/Page_VRelay30Emulator/Lname'

04-10-2024T23:02:14 - [MESSAGE][PASSED] - Text '258 Underwood rd' is set on object 'Object Repository/IWP30/Page_VRelay30Emulator/AL1'

04-10-2024T23:02:14 - [MESSAGE][PASSED] - Text 'Suite 600' is set on object 'Object Repository/IWP30/Page_VRelay30Emulator/AL2'

04-10-2024T23:02:15 - [MESSAGE][PASSED] - Text '840' is set on object 'Object Repository/IWP30/Page_VRelay30Emulator/Country'

04-10-2024T23:02:16 - [MESSAGE][PASSED] - Text 'Arlington' is set on object 'Object Repository/IWP30/Page_VRelay30Emulator/City'

04-10-2024T23:02:16 - [MESSAGE][PASSED] - Text 'VA' is set on object 'Object Repository/IWP30/Page_VRelay30Emulator/State'

04-10-2024T23:02:17 - [MESSAGE][PASSED] - Text '22201' is set on object 'Object Repository/IWP30/Page_VRelay30Emulator/ZIP'

04-10-2024T23:02:17 - [MESSAGE][PASSED] - Text '' is set on object 'Object Repository/IWP30/Page_VRelay30Emulator/Order'

04-10-2024T23:02:18 - [MESSAGE][PASSED] - Text 'Some Company' is set on object 'Object Repository/IWP30/Page_VRelay30Emulator/Company'

04-10-2024T23:02:19 - [MESSAGE][PASSED] - Text 'iahmed@govolution.com' is set on object 'Object Repository/IWP30/Page_VRelay30Emulator/Email'

04-10-2024T23:02:19 - [MESSAGE][PASSED] - Text 'udf data 1' is set on object 'Object Repository/IWP30/Page_VRelay30Emulator/UDF1'

04-10-2024T23:02:20 - [MESSAGE][PASSED] - Text 'udf data 2' is set on object 'Object Repository/IWP30/Page_VRelay30Emulator/UDF2'

04-10-2024T23:02:20 - [MESSAGE][PASSED] - Text 'udf data 3' is set on object 'Object Repository/IWP30/Page_VRelay30Emulator/UDF3'

04-10-2024T23:02:21 - [MESSAGE][PASSED] - Text 'udf data 4' is set on object 'Object Repository/IWP30/Page_VRelay30Emulator/UDF4'

04-10-2024T23:02:21 - [MESSAGE][PASSED] - Text 'udf data 5' is set on object 'Object Repository/IWP30/Page_VRelay30Emulator/UDF5'

04-10-2024T23:02:22 - [MESSAGE][PASSED] - Text 'udf data 6' is set on object 'Object Repository/IWP30/Page_VRelay30Emulator/UDF6'

04-10-2024T23:02:23 - [MESSAGE][PASSED] - Text 'Orange' is set on object 'Object Repository/IWP30/Page_VRelay30Emulator/UDF7'

04-10-2024T23:02:23 - [MESSAGE][PASSED] - Text 'Soccer' is set on object 'Object Repository/IWP30/Page_VRelay30Emulator/UDF8'

04-10-2024T23:02:24 - [MESSAGE][PASSED] - Text 'udf data 9' is set on object 'Object Repository/IWP30/Page_VRelay30Emulator/UDF9'

04-10-2024T23:02:25 - [MESSAGE][PASSED] - Text 'udf data 10' is set on object 'Object Repository/IWP30/Page_VRelay30Emulator/UDF10'

04-10-2024T23:02:26 - [MESSAGE][PASSED] - Object: 'Object Repository/IWP30/Page_VRelay30Emulator/Submit' is clicked on

04-10-2024T23:02:30 - [MESSAGE][PASSED] - Browser is closed

04-10-2024T23:02:34 - [MESSAGE][PASSED] - iwpPages.emulatorIWP30.setDataEmulator_DD is PASSED

04-10-2024T23:02:34 - [TEST_STEP][PASSED] - testHarnessURL = urlTestHarness: null

04-10-2024T23:02:34 - [TEST_STEP][PASSED] - openBrowser(testHarnessURL): Browser is opened with url: 'https://dev-algorithm.govolution.com/vrelaytest/QA/version_2_2/vrelaytest.html'

04-10-2024T23:02:34 - [MESSAGE][INFO] - Starting 'Edge Chromium' driver

04-10-2024T23:02:34 - [MESSAGE][INFO] - User set preference: ['acceptInsecureCerts', 'true']

04-10-2024T23:02:36 - [MESSAGE][INFO] - Action delay is set to 0 milliseconds

04-10-2024T23:02:40 - [MESSAGE][PASSED] - Browser is opened with url: 'https://dev-algorithm.govolution.com/vrelaytest/QA/version_2_2/vrelaytest.html'

04-10-2024T23:02:40 - [TEST_STEP][PASSED] - maximizeWindow(): Current window maximized

04-10-2024T23:02:40 - [MESSAGE][PASSED] - Current window maximized

04-10-2024T23:02:40 - [TEST_STEP][PASSED] - iwpPages.TestHarnessPage.setDataMethod(row, dataFile): iwpPages.TestHarnessPage.setDataMethod is PASSED

04-10-2024T23:02:40 - [MESSAGE][PASSED] - Object 'Object Repository/IWP30/Page_QATestHarness/RemittanceID' is present

04-10-2024T23:02:41 - [MESSAGE][PASSED] - Text '654' is set on object 'Object Repository/IWP30/Page_QATestHarness/ApplicationID'

04-10-2024T23:02:41 - [MESSAGE][PASSED] - Text '2.5' is set on object 'Object Repository/IWP30/Page_QATestHarness/MessageVersion'

04-10-2024T23:02:42 - [MESSAGE][PASSED] - Text 'vR0A11BqBL7a' is set on object 'Object Repository/IWP30/Page_QATestHarness/RemittanceID'

04-10-2024T23:02:45 - [MESSAGE][PASSED] - Object: 'Object Repository/IWP30/Page_QATestHarness/SubmitButton' is clicked on

04-10-2024T23:02:45 - [MESSAGE][PASSED] - iwpPages.TestHarnessPage.setDataMethod is PASSED

04-10-2024T23:02:45 - [TEST_STEP][PASSED] - click(findTestObject("Object Repository/IWP30/Page_SelectPaymentMethod/PayByPersonalCheck")): Object: 'Object Repository/IWP30/Page_SelectPaymentMethod/PayByPersonalCheck' is clicked on

04-10-2024T23:02:45 - [MESSAGE][PASSED] - Object: 'Object Repository/IWP30/Page_SelectPaymentMethod/PayByPersonalCheck' is clicked on

04-10-2024T23:02:45 - [TEST_STEP][PASSED] - click(findTestObject("Object Repository/IWP30/Page_SelectPaymentMethod/MakePaymentButton")): Object: 'Object Repository/IWP30/Page_SelectPaymentMethod/MakePaymentButton' is clicked on

04-10-2024T23:02:47 - [MESSAGE][PASSED] - Object: 'Object Repository/IWP30/Page_SelectPaymentMethod/MakePaymentButton' is clicked on

04-10-2024T23:02:47 - [TEST_STEP][PASSED] - if (verifyElementNotPresent(findTestObject("Object Repository/IWP30/Page_ACHPersonalPaymentEntry/txt_Amount"), 30) && verifyTextPresent("$ 10.50", false)): null

04-10-2024T23:02:48 - [MESSAGE][PASSED] - Web element with id: 'Object Repository/IWP30/Page_ACHPersonalPaymentEntry/txt_Amount' located by 'By.xpath: //*[@type = 'text' and @name = 'amount']' is not present after '30' second(s)

04-10-2024T23:02:48 - [MESSAGE][PASSED] - Text '$ 10.50' is present on page 

04-10-2024T23:02:48 - [TEST_STEP][PASSED] - iwpPages.achPersonalPaymentEntryPage.setDataACHPPM(row, dataFile): iwpPages.achPersonalPaymentEntryPage.setDataACHPPM is PASSED

04-10-2024T23:02:49 - [MESSAGE][PASSED] - Object 'Object Repository/IWP30/Page_ACHPersonalPaymentEntry/txt_accountNumber' is present

04-10-2024T23:02:49 - [MESSAGE][PASSED] - Object 'Object Repository/IWP30/Page_ACHPersonalPaymentEntry/txt_UDF2' is present

04-10-2024T23:02:49 - [MESSAGE][PASSED] - Object 'Object Repository/IWP30/Page_ACHPersonalPaymentEntry/txt_Firstname' is present

04-10-2024T23:02:50 - [MESSAGE][PASSED] - Text 'Elizath' is set on object 'Object Repository/IWP30/Page_ACHPersonalPaymentEntry/txt_Firstname'

04-10-2024T23:02:50 - [MESSAGE][PASSED] - Object 'Object Repository/IWP30/Page_ACHPersonalPaymentEntry/txt_Lastname' is present

04-10-2024T23:02:51 - [MESSAGE][PASSED] - Text 'Christine' is set on object 'Object Repository/IWP30/Page_ACHPersonalPaymentEntry/txt_Lastname'

04-10-2024T23:02:51 - [MESSAGE][PASSED] - Object 'Object Repository/IWP30/Page_ACHPersonalPaymentEntry/txt_routingNumber' is present

04-10-2024T23:02:51 - [MESSAGE][PASSED] - Text '256072691' is set on object 'Object Repository/IWP30/Page_ACHPersonalPaymentEntry/txt_routingNumber'

04-10-2024T23:02:52 - [MESSAGE][PASSED] - Object 'Object Repository/IWP30/Page_ACHPersonalPaymentEntry/txt_accountNumber' is present

04-10-2024T23:02:53 - [MESSAGE][PASSED] - Text '12344444' is set on object 'Object Repository/IWP30/Page_ACHPersonalPaymentEntry/txt_accountNumber'

04-10-2024T23:02:54 - [MESSAGE][PASSED] - Object 'Object Repository/IWP30/Page_ACHPersonalPaymentEntry/txt_confirmAccountNumber' is present

04-10-2024T23:02:54 - [MESSAGE][PASSED] - Text '12344444' is set on object 'Object Repository/IWP30/Page_ACHPersonalPaymentEntry/txt_confirmAccountNumber'

04-10-2024T23:02:54 - [MESSAGE][PASSED] - Object 'Object Repository/IWP30/Page_ACHPersonalPaymentEntry/rd_accountType' is present

04-10-2024T23:02:54 - [MESSAGE][PASSED] - Modify property of object successfully

04-10-2024T23:02:55 - [MESSAGE][PASSED] - Object: 'Object Repository/IWP30/Page_ACHPersonalPaymentEntry/rd_accountType' is clicked on

04-10-2024T23:02:55 - [MESSAGE][PASSED] - Object 'Object Repository/IWP30/Page_ACHPersonalPaymentEntry/txt_Email' is present

04-10-2024T23:02:55 - [MESSAGE][PASSED] - Object 'Object Repository/IWP30/Page_ACHPersonalPaymentEntry/cb_TermsAndCond' is present

04-10-2024T23:02:56 - [MESSAGE][PASSED] - Object: 'Object Repository/IWP30/Page_ACHPersonalPaymentEntry/cb_TermsAndCond' is clicked on

04-10-2024T23:02:56 - [MESSAGE][PASSED] - Object 'Object Repository/IWP30/Page_ACHPersonalPaymentEntry/btn_Continue' is present

04-10-2024T23:02:57 - [MESSAGE][PASSED] - Object: 'Object Repository/IWP30/Page_ACHPersonalPaymentEntry/btn_Continue' is clicked on

04-10-2024T23:02:57 - [MESSAGE][PASSED] - iwpPages.achPersonalPaymentEntryPage.setDataACHPPM is PASSED

04-10-2024T23:02:57 - [TEST_STEP][PASSED] - click(findTestObject("Object Repository/IWP30/Page_Confirmation/ConfirmButton")): Object: 'Object Repository/IWP30/Page_Confirmation/ConfirmButton' is clicked on

04-10-2024T23:02:58 - [MESSAGE][PASSED] - Object: 'Object Repository/IWP30/Page_Confirmation/ConfirmButton' is clicked on

04-10-2024T23:02:58 - [TEST_STEP][PASSED] - Thread.sleep(10000): null

04-10-2024T23:03:08 - [TEST_STEP][PASSED] - if (verifyTextPresent("Successful Payment Receipt", false)): null

04-10-2024T23:03:08 - [MESSAGE][PASSED] - Text 'Successful Payment Receipt' is present on page 

04-10-2024T23:03:08 - [TEST_STEP][PASSED] - println("Successful Payment Receipt text is present on the Receipt page"): null

04-10-2024T23:03:08 - [TEST_STEP][PASSED] - markPassed("Successful Payment Receipt text is present on the Receipt page"): Successful Payment Receipt text is present on the Receipt page

04-10-2024T23:03:08 - [MESSAGE][PASSED] - Successful Payment Receipt text is present on the Receipt page

04-10-2024T23:03:08 - [TEST_STEP][PASSED] - resText = "Pass": null

04-10-2024T23:03:08 - [TEST_STEP][PASSED] - pages.WriteExcel.demoKey(resText, datText, resColumn, datCloumn, fileLoc, nameSheet, row): pages.WriteExcel.demoKey is PASSED

04-10-2024T23:03:09 - [MESSAGE][PASSED] - pages.WriteExcel.demoKey is PASSED

04-10-2024T23:03:09 - [TEST_STEP][PASSED] - closeBrowser(): Browser is closed

04-10-2024T23:03:09 - [MESSAGE][PASSED] - Browser is closed]]></system-out>
         <system-err><![CDATA[]]></system-err>
      </testcase>
      <testcase name="Test Cases/IntegratedWeb/IWP25/Payments/OverAndUnderPayCorp" time="132.566" classname="Test Cases/IntegratedWeb/IWP25/Payments/OverAndUnderPayCorp" status="PASSED">
         <system-out><![CDATA[04-10-2024T23:03:09 - [TEST_CASE][PASSED] - Test Cases/IntegratedWeb/IWP25/Payments/OverAndUnderPayCorp: Test Cases/IntegratedWeb/IWP25/Payments/OverAndUnderPayCorp

04-10-2024T23:03:09 - [TEST_STEP][PASSED] - resText = "Fail": null

04-10-2024T23:03:09 - [TEST_STEP][PASSED] - resColumn = "Result": null

04-10-2024T23:03:09 - [TEST_STEP][PASSED] - datCloumn = "Date": null

04-10-2024T23:03:09 - [TEST_STEP][PASSED] - fileLoc = "KatalonData/IWPTestData/VRelay25Payments.xlsx": null

04-10-2024T23:03:09 - [TEST_STEP][PASSED] - numOfRows = <not implemented yet for class: org.codehaus.groovy.ast.expr.EmptyExpression>: null

04-10-2024T23:03:09 - [TEST_STEP][PASSED] - dataFile = <not implemented yet for class: org.codehaus.groovy.ast.expr.EmptyExpression>: null

04-10-2024T23:03:09 - [TEST_STEP][PASSED] - nameSheet = <not implemented yet for class: org.codehaus.groovy.ast.expr.EmptyExpression>: null

04-10-2024T23:03:09 - [TEST_STEP][PASSED] - dataFileEmulator = <not implemented yet for class: org.codehaus.groovy.ast.expr.EmptyExpression>: null

04-10-2024T23:03:09 - [TEST_STEP][PASSED] - isRequiredTextPresent = false: null

04-10-2024T23:03:09 - [TEST_STEP][PASSED] - nameSheet = "OverAndUnderPayCorp": null

04-10-2024T23:03:09 - [TEST_STEP][PASSED] - dataFile = "IWPTestData/IWP25OverAndUnderPayCorp": null

04-10-2024T23:03:09 - [TEST_STEP][PASSED] - dataFileEmulator = "IWPTestData/EmulatorData": null

04-10-2024T23:03:09 - [TEST_STEP][PASSED] - numOfRows = findTestData(dataFile).getRowNumbers(): null

04-10-2024T23:03:10 - [TEST_STEP][PASSED] - println("Number of Records: " + numOfRows): null

04-10-2024T23:03:10 - [TEST_STEP][PASSED] - for ([row = 1, row <= numOfRows, (row++)]): Browser is closed

04-10-2024T23:03:10 - [TEST_STEP][PASSED] - ExecuteTC = findTestData(dataFile).getValue("Execute", row): null

04-10-2024T23:03:10 - [TEST_STEP][PASSED] - out.println("Value of Execute is : " + ExecuteTC): null

04-10-2024T23:03:10 - [TEST_STEP][PASSED] - if (ExecuteTC.equalsIgnoreCase("Y")): null

04-10-2024T23:03:10 - [TEST_STEP][PASSED] - out.println("Begin Record Number: " + row): null

04-10-2024T23:03:10 - [TEST_STEP][PASSED] - today = new java.util.Date(): null

04-10-2024T23:03:10 - [TEST_STEP][PASSED] - println(today): null

04-10-2024T23:03:10 - [TEST_STEP][PASSED] - datText = today: null

04-10-2024T23:03:10 - [TEST_STEP][PASSED] - EmulatorDataKey = findTestData(dataFile).getValue("EmulatorData", row): null

04-10-2024T23:03:10 - [TEST_STEP][PASSED] - out.println("Value of Emulator Key is : " + EmulatorDataKey): null

04-10-2024T23:03:10 - [TEST_STEP][PASSED] - iwpPages.emulatorIWP30.setDataEmulator_DD(EmulatorDataKey): iwpPages.emulatorIWP30.setDataEmulator_DD is PASSED

04-10-2024T23:03:10 - [MESSAGE][INFO] - Starting 'Edge Chromium' driver

04-10-2024T23:03:10 - [MESSAGE][INFO] - User set preference: ['acceptInsecureCerts', 'true']

04-10-2024T23:03:12 - [MESSAGE][INFO] - Action delay is set to 0 milliseconds

04-10-2024T23:03:15 - [MESSAGE][PASSED] - Browser is opened with url: 'https://qa.velocitypayment.com/agency/config.do?action=editor&message_version=2_5'

04-10-2024T23:03:15 - [MESSAGE][PASSED] - Current window maximized

04-10-2024T23:03:16 - [MESSAGE][PASSED] - All options with value '2.5' are selected in object 'Object Repository/IWP30/Page_VRelay30Emulator/MV'  using regular expression

04-10-2024T23:03:16 - [MESSAGE][PASSED] - Text '10.50' is set on object 'Object Repository/IWP30/Page_VRelay30Emulator/Amount'

04-10-2024T23:03:17 - [MESSAGE][PASSED] - Text 'oXYk742pab8v' is set on object 'Object Repository/IWP30/Page_VRelay30Emulator/CAN'

04-10-2024T23:03:18 - [MESSAGE][PASSED] - Text 'PayNow' is set on object 'Object Repository/IWP30/Page_VRelay30Emulator/Action'

04-10-2024T23:03:18 - [MESSAGE][PASSED] - Text 'en_US' is set on object 'Object Repository/IWP30/Page_VRelay30Emulator/Lang'

04-10-2024T23:03:19 - [MESSAGE][PASSED] - Text 'Jasmine' is set on object 'Object Repository/IWP30/Page_VRelay30Emulator/Fname'

04-10-2024T23:03:19 - [MESSAGE][PASSED] - Text 'Patrinol' is set on object 'Object Repository/IWP30/Page_VRelay30Emulator/Lname'

04-10-2024T23:03:20 - [MESSAGE][PASSED] - Text '258 Underwood rd' is set on object 'Object Repository/IWP30/Page_VRelay30Emulator/AL1'

04-10-2024T23:03:21 - [MESSAGE][PASSED] - Text 'Suite 600' is set on object 'Object Repository/IWP30/Page_VRelay30Emulator/AL2'

04-10-2024T23:03:21 - [MESSAGE][PASSED] - Text '840' is set on object 'Object Repository/IWP30/Page_VRelay30Emulator/Country'

04-10-2024T23:03:22 - [MESSAGE][PASSED] - Text 'Arlington' is set on object 'Object Repository/IWP30/Page_VRelay30Emulator/City'

04-10-2024T23:03:22 - [MESSAGE][PASSED] - Text 'VA' is set on object 'Object Repository/IWP30/Page_VRelay30Emulator/State'

04-10-2024T23:03:23 - [MESSAGE][PASSED] - Text '22201' is set on object 'Object Repository/IWP30/Page_VRelay30Emulator/ZIP'

04-10-2024T23:03:24 - [MESSAGE][PASSED] - Text '' is set on object 'Object Repository/IWP30/Page_VRelay30Emulator/Order'

04-10-2024T23:03:24 - [MESSAGE][PASSED] - Text 'Some Company' is set on object 'Object Repository/IWP30/Page_VRelay30Emulator/Company'

04-10-2024T23:03:25 - [MESSAGE][PASSED] - Text 'iahmed@govolution.com' is set on object 'Object Repository/IWP30/Page_VRelay30Emulator/Email'

04-10-2024T23:03:25 - [MESSAGE][PASSED] - Text 'udf data 1' is set on object 'Object Repository/IWP30/Page_VRelay30Emulator/UDF1'

04-10-2024T23:03:26 - [MESSAGE][PASSED] - Text 'udf data 2' is set on object 'Object Repository/IWP30/Page_VRelay30Emulator/UDF2'

04-10-2024T23:03:27 - [MESSAGE][PASSED] - Text 'udf data 3' is set on object 'Object Repository/IWP30/Page_VRelay30Emulator/UDF3'

04-10-2024T23:03:27 - [MESSAGE][PASSED] - Text 'udf data 4' is set on object 'Object Repository/IWP30/Page_VRelay30Emulator/UDF4'

04-10-2024T23:03:28 - [MESSAGE][PASSED] - Text 'udf data 5' is set on object 'Object Repository/IWP30/Page_VRelay30Emulator/UDF5'

04-10-2024T23:03:28 - [MESSAGE][PASSED] - Text 'udf data 6' is set on object 'Object Repository/IWP30/Page_VRelay30Emulator/UDF6'

04-10-2024T23:03:29 - [MESSAGE][PASSED] - Text 'Orange' is set on object 'Object Repository/IWP30/Page_VRelay30Emulator/UDF7'

04-10-2024T23:03:30 - [MESSAGE][PASSED] - Text 'Soccer' is set on object 'Object Repository/IWP30/Page_VRelay30Emulator/UDF8'

04-10-2024T23:03:30 - [MESSAGE][PASSED] - Text 'udf data 9' is set on object 'Object Repository/IWP30/Page_VRelay30Emulator/UDF9'

04-10-2024T23:03:31 - [MESSAGE][PASSED] - Text 'udf data 10' is set on object 'Object Repository/IWP30/Page_VRelay30Emulator/UDF10'

04-10-2024T23:03:32 - [MESSAGE][PASSED] - Object: 'Object Repository/IWP30/Page_VRelay30Emulator/Submit' is clicked on

04-10-2024T23:03:37 - [MESSAGE][PASSED] - Browser is closed

04-10-2024T23:03:41 - [MESSAGE][PASSED] - iwpPages.emulatorIWP30.setDataEmulator_DD is PASSED

04-10-2024T23:03:41 - [TEST_STEP][PASSED] - testHarnessURL = urlTestHarness: null

04-10-2024T23:03:41 - [TEST_STEP][PASSED] - openBrowser(testHarnessURL): Browser is opened with url: 'https://dev-algorithm.govolution.com/vrelaytest/QA/version_2_2/vrelaytest.html'

04-10-2024T23:03:41 - [MESSAGE][INFO] - Starting 'Edge Chromium' driver

04-10-2024T23:03:41 - [MESSAGE][INFO] - User set preference: ['acceptInsecureCerts', 'true']

04-10-2024T23:03:43 - [MESSAGE][INFO] - Action delay is set to 0 milliseconds

04-10-2024T23:03:46 - [MESSAGE][PASSED] - Browser is opened with url: 'https://dev-algorithm.govolution.com/vrelaytest/QA/version_2_2/vrelaytest.html'

04-10-2024T23:03:46 - [TEST_STEP][PASSED] - maximizeWindow(): Current window maximized

04-10-2024T23:03:46 - [MESSAGE][PASSED] - Current window maximized

04-10-2024T23:03:46 - [TEST_STEP][PASSED] - iwpPages.TestHarnessPage.setDataMethod(row, dataFile): iwpPages.TestHarnessPage.setDataMethod is PASSED

04-10-2024T23:03:47 - [MESSAGE][PASSED] - Object 'Object Repository/IWP30/Page_QATestHarness/RemittanceID' is present

04-10-2024T23:03:47 - [MESSAGE][PASSED] - Text '638' is set on object 'Object Repository/IWP30/Page_QATestHarness/ApplicationID'

04-10-2024T23:03:48 - [MESSAGE][PASSED] - Text '2.5' is set on object 'Object Repository/IWP30/Page_QATestHarness/MessageVersion'

04-10-2024T23:03:49 - [MESSAGE][PASSED] - Text 'pnVG6Fb5RvT3' is set on object 'Object Repository/IWP30/Page_QATestHarness/RemittanceID'

04-10-2024T23:03:51 - [MESSAGE][PASSED] - Object: 'Object Repository/IWP30/Page_QATestHarness/SubmitButton' is clicked on

04-10-2024T23:03:51 - [MESSAGE][PASSED] - iwpPages.TestHarnessPage.setDataMethod is PASSED

04-10-2024T23:03:51 - [TEST_STEP][PASSED] - click(findTestObject("Object Repository/IWP30/Page_SelectPaymentMethod/PayByCorporateCheck")): Object: 'Object Repository/IWP30/Page_SelectPaymentMethod/PayByCorporateCheck' is clicked on

04-10-2024T23:03:52 - [MESSAGE][PASSED] - Object: 'Object Repository/IWP30/Page_SelectPaymentMethod/PayByCorporateCheck' is clicked on

04-10-2024T23:03:52 - [TEST_STEP][PASSED] - click(findTestObject("Object Repository/IWP30/Page_SelectPaymentMethod/MakePaymentButton")): Object: 'Object Repository/IWP30/Page_SelectPaymentMethod/MakePaymentButton' is clicked on

04-10-2024T23:03:54 - [MESSAGE][PASSED] - Object: 'Object Repository/IWP30/Page_SelectPaymentMethod/MakePaymentButton' is clicked on

04-10-2024T23:03:54 - [TEST_STEP][PASSED] - iwpPages.achCorporatePaymentEntryPage.setDataCorporate(row, dataFile): iwpPages.achCorporatePaymentEntryPage.setDataCorporate is PASSED

04-10-2024T23:03:55 - [MESSAGE][PASSED] - Object 'Object Repository/IWP30/Page_ACHCorporatePaymentEntry/txt_accountNumber' is present

04-10-2024T23:03:55 - [MESSAGE][PASSED] - Object 'Object Repository/IWP30/Page_ACHCorporatePaymentEntry/input_CompanyName' is present

04-10-2024T23:03:55 - [MESSAGE][PASSED] - Text 'My Company' is set on object 'Object Repository/IWP30/Page_ACHCorporatePaymentEntry/input_CompanyName'

04-10-2024T23:03:56 - [MESSAGE][PASSED] - Object 'Object Repository/IWP30/Page_ACHCorporatePaymentEntry/input_EIN' is present

04-10-2024T23:03:56 - [MESSAGE][PASSED] - Text '123456789' is set on object 'Object Repository/IWP30/Page_ACHCorporatePaymentEntry/input_EIN'

04-10-2024T23:03:57 - [MESSAGE][PASSED] - Text '11.50' is set on object 'Object Repository/IWP30/Page_ACHCorporatePaymentEntry/txt_Amount'

04-10-2024T23:03:57 - [MESSAGE][PASSED] - All options with label 'Soccer' are selected in object 'Object Repository/IWP30/Page_ACHCorporatePaymentEntry/dd_UDF8' 

04-10-2024T23:03:58 - [MESSAGE][PASSED] - Object 'Object Repository/IWP30/Page_ACHCorporatePaymentEntry/txt_routingNumber' is present

04-10-2024T23:03:58 - [MESSAGE][PASSED] - Text '256072691' is set on object 'Object Repository/IWP30/Page_ACHCorporatePaymentEntry/txt_routingNumber'

04-10-2024T23:03:59 - [MESSAGE][PASSED] - Object 'Object Repository/IWP30/Page_ACHCorporatePaymentEntry/txt_accountNumber' is present

04-10-2024T23:04:00 - [MESSAGE][PASSED] - Text '12344444' is set on object 'Object Repository/IWP30/Page_ACHCorporatePaymentEntry/txt_accountNumber'

04-10-2024T23:04:00 - [MESSAGE][PASSED] - Object 'Object Repository/IWP30/Page_ACHCorporatePaymentEntry/txt_confirmAccountNumber' is present

04-10-2024T23:04:01 - [MESSAGE][PASSED] - Text '12344444' is set on object 'Object Repository/IWP30/Page_ACHCorporatePaymentEntry/txt_confirmAccountNumber'

04-10-2024T23:04:01 - [MESSAGE][PASSED] - Object 'Object Repository/IWP30/Page_ACHCorporatePaymentEntry/txt_Email' is present

04-10-2024T23:04:02 - [MESSAGE][PASSED] - Object 'Object Repository/IWP30/Page_ACHCorporatePaymentEntry/cb_TermsAndCond' is present

04-10-2024T23:04:02 - [MESSAGE][PASSED] - Object: 'Object Repository/IWP30/Page_ACHCorporatePaymentEntry/cb_TermsAndCond' is clicked on

04-10-2024T23:04:02 - [MESSAGE][PASSED] - Object 'Object Repository/IWP30/Page_ACHCorporatePaymentEntry/btn_Continue' is present

04-10-2024T23:04:03 - [MESSAGE][PASSED] - Object: 'Object Repository/IWP30/Page_ACHCorporatePaymentEntry/btn_Continue' is clicked on

04-10-2024T23:04:03 - [MESSAGE][PASSED] - iwpPages.achCorporatePaymentEntryPage.setDataCorporate is PASSED

04-10-2024T23:04:03 - [TEST_STEP][PASSED] - click(findTestObject("Object Repository/IWP30/Page_Confirmation/ConfirmButton")): Object: 'Object Repository/IWP30/Page_Confirmation/ConfirmButton' is clicked on

04-10-2024T23:04:04 - [MESSAGE][PASSED] - Object: 'Object Repository/IWP30/Page_Confirmation/ConfirmButton' is clicked on

04-10-2024T23:04:04 - [TEST_STEP][PASSED] - Thread.sleep(10000): null

04-10-2024T23:04:14 - [TEST_STEP][PASSED] - if (verifyTextPresent("Successful Payment Receipt", false)): null

04-10-2024T23:04:15 - [MESSAGE][PASSED] - Text 'Successful Payment Receipt' is present on page 

04-10-2024T23:04:15 - [TEST_STEP][PASSED] - println("Successful Payment Receipt text is present on the Receipt page"): null

04-10-2024T23:04:15 - [TEST_STEP][PASSED] - markPassed("Successful Payment Receipt text is present on the Receipt page"): Successful Payment Receipt text is present on the Receipt page

04-10-2024T23:04:15 - [MESSAGE][PASSED] - Successful Payment Receipt text is present on the Receipt page

04-10-2024T23:04:15 - [TEST_STEP][PASSED] - resText = "Pass": null

04-10-2024T23:04:15 - [TEST_STEP][PASSED] - pages.WriteExcel.demoKey(resText, datText, resColumn, datCloumn, fileLoc, nameSheet, row): pages.WriteExcel.demoKey is PASSED

04-10-2024T23:04:15 - [MESSAGE][PASSED] - pages.WriteExcel.demoKey is PASSED

04-10-2024T23:04:15 - [TEST_STEP][PASSED] - closeBrowser(): Browser is closed

04-10-2024T23:04:15 - [MESSAGE][PASSED] - Browser is closed

04-10-2024T23:04:15 - [TEST_STEP][PASSED] - ExecuteTC = findTestData(dataFile).getValue("Execute", row): null

04-10-2024T23:04:15 - [TEST_STEP][PASSED] - out.println("Value of Execute is : " + ExecuteTC): null

04-10-2024T23:04:15 - [TEST_STEP][PASSED] - if (ExecuteTC.equalsIgnoreCase("Y")): null

04-10-2024T23:04:15 - [TEST_STEP][PASSED] - out.println("Begin Record Number: " + row): null

04-10-2024T23:04:15 - [TEST_STEP][PASSED] - today = new java.util.Date(): null

04-10-2024T23:04:15 - [TEST_STEP][PASSED] - println(today): null

04-10-2024T23:04:15 - [TEST_STEP][PASSED] - datText = today: null

04-10-2024T23:04:15 - [TEST_STEP][PASSED] - EmulatorDataKey = findTestData(dataFile).getValue("EmulatorData", row): null

04-10-2024T23:04:15 - [TEST_STEP][PASSED] - out.println("Value of Emulator Key is : " + EmulatorDataKey): null

04-10-2024T23:04:15 - [TEST_STEP][PASSED] - iwpPages.emulatorIWP30.setDataEmulator_DD(EmulatorDataKey): iwpPages.emulatorIWP30.setDataEmulator_DD is PASSED

04-10-2024T23:04:16 - [MESSAGE][INFO] - Starting 'Edge Chromium' driver

04-10-2024T23:04:16 - [MESSAGE][INFO] - User set preference: ['acceptInsecureCerts', 'true']

04-10-2024T23:04:18 - [MESSAGE][INFO] - Action delay is set to 0 milliseconds

04-10-2024T23:04:21 - [MESSAGE][PASSED] - Browser is opened with url: 'https://qa.velocitypayment.com/agency/config.do?action=editor&message_version=2_5'

04-10-2024T23:04:21 - [MESSAGE][PASSED] - Current window maximized

04-10-2024T23:04:22 - [MESSAGE][PASSED] - All options with value '2.5' are selected in object 'Object Repository/IWP30/Page_VRelay30Emulator/MV'  using regular expression

04-10-2024T23:04:22 - [MESSAGE][PASSED] - Text '10.50' is set on object 'Object Repository/IWP30/Page_VRelay30Emulator/Amount'

04-10-2024T23:04:23 - [MESSAGE][PASSED] - Text 'hYzZiwXCDHmd' is set on object 'Object Repository/IWP30/Page_VRelay30Emulator/CAN'

04-10-2024T23:04:24 - [MESSAGE][PASSED] - Text 'PayNow' is set on object 'Object Repository/IWP30/Page_VRelay30Emulator/Action'

04-10-2024T23:04:24 - [MESSAGE][PASSED] - Text 'en_US' is set on object 'Object Repository/IWP30/Page_VRelay30Emulator/Lang'

04-10-2024T23:04:25 - [MESSAGE][PASSED] - Text 'Jasmine' is set on object 'Object Repository/IWP30/Page_VRelay30Emulator/Fname'

04-10-2024T23:04:26 - [MESSAGE][PASSED] - Text 'Patrinol' is set on object 'Object Repository/IWP30/Page_VRelay30Emulator/Lname'

04-10-2024T23:04:26 - [MESSAGE][PASSED] - Text '258 Underwood rd' is set on object 'Object Repository/IWP30/Page_VRelay30Emulator/AL1'

04-10-2024T23:04:27 - [MESSAGE][PASSED] - Text 'Suite 600' is set on object 'Object Repository/IWP30/Page_VRelay30Emulator/AL2'

04-10-2024T23:04:27 - [MESSAGE][PASSED] - Text '840' is set on object 'Object Repository/IWP30/Page_VRelay30Emulator/Country'

04-10-2024T23:04:28 - [MESSAGE][PASSED] - Text 'Arlington' is set on object 'Object Repository/IWP30/Page_VRelay30Emulator/City'

04-10-2024T23:04:29 - [MESSAGE][PASSED] - Text 'VA' is set on object 'Object Repository/IWP30/Page_VRelay30Emulator/State'

04-10-2024T23:04:29 - [MESSAGE][PASSED] - Text '22201' is set on object 'Object Repository/IWP30/Page_VRelay30Emulator/ZIP'

04-10-2024T23:04:30 - [MESSAGE][PASSED] - Text '' is set on object 'Object Repository/IWP30/Page_VRelay30Emulator/Order'

04-10-2024T23:04:30 - [MESSAGE][PASSED] - Text 'Some Company' is set on object 'Object Repository/IWP30/Page_VRelay30Emulator/Company'

04-10-2024T23:04:31 - [MESSAGE][PASSED] - Text 'iahmed@govolution.com' is set on object 'Object Repository/IWP30/Page_VRelay30Emulator/Email'

04-10-2024T23:04:31 - [MESSAGE][PASSED] - Text 'udf data 1' is set on object 'Object Repository/IWP30/Page_VRelay30Emulator/UDF1'

04-10-2024T23:04:32 - [MESSAGE][PASSED] - Text 'udf data 2' is set on object 'Object Repository/IWP30/Page_VRelay30Emulator/UDF2'

04-10-2024T23:04:33 - [MESSAGE][PASSED] - Text 'udf data 3' is set on object 'Object Repository/IWP30/Page_VRelay30Emulator/UDF3'

04-10-2024T23:04:33 - [MESSAGE][PASSED] - Text 'udf data 4' is set on object 'Object Repository/IWP30/Page_VRelay30Emulator/UDF4'

04-10-2024T23:04:34 - [MESSAGE][PASSED] - Text 'udf data 5' is set on object 'Object Repository/IWP30/Page_VRelay30Emulator/UDF5'

04-10-2024T23:04:34 - [MESSAGE][PASSED] - Text 'udf data 6' is set on object 'Object Repository/IWP30/Page_VRelay30Emulator/UDF6'

04-10-2024T23:04:35 - [MESSAGE][PASSED] - Text 'Orange' is set on object 'Object Repository/IWP30/Page_VRelay30Emulator/UDF7'

04-10-2024T23:04:36 - [MESSAGE][PASSED] - Text 'Soccer' is set on object 'Object Repository/IWP30/Page_VRelay30Emulator/UDF8'

04-10-2024T23:04:36 - [MESSAGE][PASSED] - Text 'udf data 9' is set on object 'Object Repository/IWP30/Page_VRelay30Emulator/UDF9'

04-10-2024T23:04:37 - [MESSAGE][PASSED] - Text 'udf data 10' is set on object 'Object Repository/IWP30/Page_VRelay30Emulator/UDF10'

04-10-2024T23:04:38 - [MESSAGE][PASSED] - Object: 'Object Repository/IWP30/Page_VRelay30Emulator/Submit' is clicked on

04-10-2024T23:04:42 - [MESSAGE][PASSED] - Browser is closed

04-10-2024T23:04:46 - [MESSAGE][PASSED] - iwpPages.emulatorIWP30.setDataEmulator_DD is PASSED

04-10-2024T23:04:46 - [TEST_STEP][PASSED] - testHarnessURL = urlTestHarness: null

04-10-2024T23:04:46 - [TEST_STEP][PASSED] - openBrowser(testHarnessURL): Browser is opened with url: 'https://dev-algorithm.govolution.com/vrelaytest/QA/version_2_2/vrelaytest.html'

04-10-2024T23:04:46 - [MESSAGE][INFO] - Starting 'Edge Chromium' driver

04-10-2024T23:04:46 - [MESSAGE][INFO] - User set preference: ['acceptInsecureCerts', 'true']

04-10-2024T23:04:48 - [MESSAGE][INFO] - Action delay is set to 0 milliseconds

04-10-2024T23:04:52 - [MESSAGE][PASSED] - Browser is opened with url: 'https://dev-algorithm.govolution.com/vrelaytest/QA/version_2_2/vrelaytest.html'

04-10-2024T23:04:52 - [TEST_STEP][PASSED] - maximizeWindow(): Current window maximized

04-10-2024T23:04:52 - [MESSAGE][PASSED] - Current window maximized

04-10-2024T23:04:52 - [TEST_STEP][PASSED] - iwpPages.TestHarnessPage.setDataMethod(row, dataFile): iwpPages.TestHarnessPage.setDataMethod is PASSED

04-10-2024T23:04:52 - [MESSAGE][PASSED] - Object 'Object Repository/IWP30/Page_QATestHarness/RemittanceID' is present

04-10-2024T23:04:53 - [MESSAGE][PASSED] - Text '638' is set on object 'Object Repository/IWP30/Page_QATestHarness/ApplicationID'

04-10-2024T23:04:54 - [MESSAGE][PASSED] - Text '2.5' is set on object 'Object Repository/IWP30/Page_QATestHarness/MessageVersion'

04-10-2024T23:04:54 - [MESSAGE][PASSED] - Text '3GMwAMdnXeBf' is set on object 'Object Repository/IWP30/Page_QATestHarness/RemittanceID'

04-10-2024T23:04:58 - [MESSAGE][PASSED] - Object: 'Object Repository/IWP30/Page_QATestHarness/SubmitButton' is clicked on

04-10-2024T23:04:58 - [MESSAGE][PASSED] - iwpPages.TestHarnessPage.setDataMethod is PASSED

04-10-2024T23:04:58 - [TEST_STEP][PASSED] - click(findTestObject("Object Repository/IWP30/Page_SelectPaymentMethod/PayByCorporateCheck")): Object: 'Object Repository/IWP30/Page_SelectPaymentMethod/PayByCorporateCheck' is clicked on

04-10-2024T23:04:58 - [MESSAGE][PASSED] - Object: 'Object Repository/IWP30/Page_SelectPaymentMethod/PayByCorporateCheck' is clicked on

04-10-2024T23:04:58 - [TEST_STEP][PASSED] - click(findTestObject("Object Repository/IWP30/Page_SelectPaymentMethod/MakePaymentButton")): Object: 'Object Repository/IWP30/Page_SelectPaymentMethod/MakePaymentButton' is clicked on

04-10-2024T23:05:00 - [MESSAGE][PASSED] - Object: 'Object Repository/IWP30/Page_SelectPaymentMethod/MakePaymentButton' is clicked on

04-10-2024T23:05:00 - [TEST_STEP][PASSED] - iwpPages.achCorporatePaymentEntryPage.setDataCorporate(row, dataFile): iwpPages.achCorporatePaymentEntryPage.setDataCorporate is PASSED

04-10-2024T23:05:01 - [MESSAGE][PASSED] - Object 'Object Repository/IWP30/Page_ACHCorporatePaymentEntry/txt_accountNumber' is present

04-10-2024T23:05:01 - [MESSAGE][PASSED] - Object 'Object Repository/IWP30/Page_ACHCorporatePaymentEntry/input_CompanyName' is present

04-10-2024T23:05:02 - [MESSAGE][PASSED] - Text 'My Company' is set on object 'Object Repository/IWP30/Page_ACHCorporatePaymentEntry/input_CompanyName'

04-10-2024T23:05:02 - [MESSAGE][PASSED] - Object 'Object Repository/IWP30/Page_ACHCorporatePaymentEntry/input_EIN' is present

04-10-2024T23:05:02 - [MESSAGE][PASSED] - Text '123456789' is set on object 'Object Repository/IWP30/Page_ACHCorporatePaymentEntry/input_EIN'

04-10-2024T23:05:03 - [MESSAGE][PASSED] - Text '9.50' is set on object 'Object Repository/IWP30/Page_ACHCorporatePaymentEntry/txt_Amount'

04-10-2024T23:05:04 - [MESSAGE][PASSED] - All options with label 'Soccer' are selected in object 'Object Repository/IWP30/Page_ACHCorporatePaymentEntry/dd_UDF8' 

04-10-2024T23:05:04 - [MESSAGE][PASSED] - Object 'Object Repository/IWP30/Page_ACHCorporatePaymentEntry/txt_routingNumber' is present

04-10-2024T23:05:04 - [MESSAGE][PASSED] - Text '256072691' is set on object 'Object Repository/IWP30/Page_ACHCorporatePaymentEntry/txt_routingNumber'

04-10-2024T23:05:05 - [MESSAGE][PASSED] - Object 'Object Repository/IWP30/Page_ACHCorporatePaymentEntry/txt_accountNumber' is present

04-10-2024T23:05:06 - [MESSAGE][PASSED] - Text '12344444' is set on object 'Object Repository/IWP30/Page_ACHCorporatePaymentEntry/txt_accountNumber'

04-10-2024T23:05:06 - [MESSAGE][PASSED] - Object 'Object Repository/IWP30/Page_ACHCorporatePaymentEntry/txt_confirmAccountNumber' is present

04-10-2024T23:05:07 - [MESSAGE][PASSED] - Text '12344444' is set on object 'Object Repository/IWP30/Page_ACHCorporatePaymentEntry/txt_confirmAccountNumber'

04-10-2024T23:05:07 - [MESSAGE][PASSED] - Object 'Object Repository/IWP30/Page_ACHCorporatePaymentEntry/txt_Email' is present

04-10-2024T23:05:08 - [MESSAGE][PASSED] - Object 'Object Repository/IWP30/Page_ACHCorporatePaymentEntry/cb_TermsAndCond' is present

04-10-2024T23:05:08 - [MESSAGE][PASSED] - Object: 'Object Repository/IWP30/Page_ACHCorporatePaymentEntry/cb_TermsAndCond' is clicked on

04-10-2024T23:05:08 - [MESSAGE][PASSED] - Object 'Object Repository/IWP30/Page_ACHCorporatePaymentEntry/btn_Continue' is present

04-10-2024T23:05:09 - [MESSAGE][PASSED] - Object: 'Object Repository/IWP30/Page_ACHCorporatePaymentEntry/btn_Continue' is clicked on

04-10-2024T23:05:09 - [MESSAGE][PASSED] - iwpPages.achCorporatePaymentEntryPage.setDataCorporate is PASSED

04-10-2024T23:05:09 - [TEST_STEP][PASSED] - click(findTestObject("Object Repository/IWP30/Page_Confirmation/ConfirmButton")): Object: 'Object Repository/IWP30/Page_Confirmation/ConfirmButton' is clicked on

04-10-2024T23:05:11 - [MESSAGE][PASSED] - Object: 'Object Repository/IWP30/Page_Confirmation/ConfirmButton' is clicked on

04-10-2024T23:05:11 - [TEST_STEP][PASSED] - Thread.sleep(10000): null

04-10-2024T23:05:21 - [TEST_STEP][PASSED] - if (verifyTextPresent("Successful Payment Receipt", false)): null

04-10-2024T23:05:21 - [MESSAGE][PASSED] - Text 'Successful Payment Receipt' is present on page 

04-10-2024T23:05:21 - [TEST_STEP][PASSED] - println("Successful Payment Receipt text is present on the Receipt page"): null

04-10-2024T23:05:21 - [TEST_STEP][PASSED] - markPassed("Successful Payment Receipt text is present on the Receipt page"): Successful Payment Receipt text is present on the Receipt page

04-10-2024T23:05:21 - [MESSAGE][PASSED] - Successful Payment Receipt text is present on the Receipt page

04-10-2024T23:05:21 - [TEST_STEP][PASSED] - resText = "Pass": null

04-10-2024T23:05:21 - [TEST_STEP][PASSED] - pages.WriteExcel.demoKey(resText, datText, resColumn, datCloumn, fileLoc, nameSheet, row): pages.WriteExcel.demoKey is PASSED

04-10-2024T23:05:21 - [MESSAGE][PASSED] - pages.WriteExcel.demoKey is PASSED

04-10-2024T23:05:21 - [TEST_STEP][PASSED] - closeBrowser(): Browser is closed

04-10-2024T23:05:22 - [MESSAGE][PASSED] - Browser is closed]]></system-out>
         <system-err><![CDATA[]]></system-err>
      </testcase>
      <testcase name="Test Cases/IntegratedWeb/IWP25/Payments/OverAndUnderPayCredit" time="132.526" classname="Test Cases/IntegratedWeb/IWP25/Payments/OverAndUnderPayCredit" status="PASSED">
         <system-out><![CDATA[04-10-2024T23:05:22 - [TEST_CASE][PASSED] - Test Cases/IntegratedWeb/IWP25/Payments/OverAndUnderPayCredit: Test Cases/IntegratedWeb/IWP25/Payments/OverAndUnderPayCredit

04-10-2024T23:05:22 - [TEST_STEP][PASSED] - resText = "Fail": null

04-10-2024T23:05:22 - [TEST_STEP][PASSED] - resColumn = "Result": null

04-10-2024T23:05:22 - [TEST_STEP][PASSED] - datCloumn = "Date": null

04-10-2024T23:05:22 - [TEST_STEP][PASSED] - fileLoc = "KatalonData/IWPTestData/VRelay25Payments.xlsx": null

04-10-2024T23:05:22 - [TEST_STEP][PASSED] - numOfRows = <not implemented yet for class: org.codehaus.groovy.ast.expr.EmptyExpression>: null

04-10-2024T23:05:22 - [TEST_STEP][PASSED] - dataFile = <not implemented yet for class: org.codehaus.groovy.ast.expr.EmptyExpression>: null

04-10-2024T23:05:22 - [TEST_STEP][PASSED] - nameSheet = <not implemented yet for class: org.codehaus.groovy.ast.expr.EmptyExpression>: null

04-10-2024T23:05:22 - [TEST_STEP][PASSED] - dataFileEmulator = <not implemented yet for class: org.codehaus.groovy.ast.expr.EmptyExpression>: null

04-10-2024T23:05:22 - [TEST_STEP][PASSED] - isRequiredTextPresent = false: null

04-10-2024T23:05:22 - [TEST_STEP][PASSED] - nameSheet = "OverAndUnderPayCredit": null

04-10-2024T23:05:22 - [TEST_STEP][PASSED] - dataFile = "IWPTestData/IWP25OverAndUnderPayCredit": null

04-10-2024T23:05:22 - [TEST_STEP][PASSED] - dataFileEmulator = "IWPTestData/EmulatorData": null

04-10-2024T23:05:22 - [TEST_STEP][PASSED] - numOfRows = findTestData(dataFile).getRowNumbers(): null

04-10-2024T23:05:22 - [TEST_STEP][PASSED] - println("Number of Records: " + numOfRows): null

04-10-2024T23:05:22 - [TEST_STEP][PASSED] - for ([row = 1, row <= numOfRows, (row++)]): Browser is closed

04-10-2024T23:05:22 - [TEST_STEP][PASSED] - ExecuteTC = findTestData(dataFile).getValue("Execute", row): null

04-10-2024T23:05:22 - [TEST_STEP][PASSED] - out.println("Value of Execute is : " + ExecuteTC): null

04-10-2024T23:05:22 - [TEST_STEP][PASSED] - if (ExecuteTC.equalsIgnoreCase("Y")): null

04-10-2024T23:05:22 - [TEST_STEP][PASSED] - out.println("Begin Record Number: " + row): null

04-10-2024T23:05:22 - [TEST_STEP][PASSED] - today = new java.util.Date(): null

04-10-2024T23:05:22 - [TEST_STEP][PASSED] - println(today): null

04-10-2024T23:05:22 - [TEST_STEP][PASSED] - datText = today: null

04-10-2024T23:05:22 - [TEST_STEP][PASSED] - EmulatorDataKey = findTestData(dataFile).getValue("EmulatorData", row): null

04-10-2024T23:05:22 - [TEST_STEP][PASSED] - out.println("Value of Emulator Key is : " + EmulatorDataKey): null

04-10-2024T23:05:22 - [TEST_STEP][PASSED] - iwpPages.emulatorIWP30.setDataEmulator_DD(EmulatorDataKey): iwpPages.emulatorIWP30.setDataEmulator_DD is PASSED

04-10-2024T23:05:23 - [MESSAGE][INFO] - Starting 'Edge Chromium' driver

04-10-2024T23:05:23 - [MESSAGE][INFO] - User set preference: ['acceptInsecureCerts', 'true']

04-10-2024T23:05:25 - [MESSAGE][INFO] - Action delay is set to 0 milliseconds

04-10-2024T23:05:29 - [MESSAGE][PASSED] - Browser is opened with url: 'https://qa.velocitypayment.com/agency/config.do?action=editor&message_version=2_5'

04-10-2024T23:05:29 - [MESSAGE][PASSED] - Current window maximized

04-10-2024T23:05:30 - [MESSAGE][PASSED] - All options with value '2.5' are selected in object 'Object Repository/IWP30/Page_VRelay30Emulator/MV'  using regular expression

04-10-2024T23:05:30 - [MESSAGE][PASSED] - Text '10.50' is set on object 'Object Repository/IWP30/Page_VRelay30Emulator/Amount'

04-10-2024T23:05:31 - [MESSAGE][PASSED] - Text 'RQ72wEwR213M' is set on object 'Object Repository/IWP30/Page_VRelay30Emulator/CAN'

04-10-2024T23:05:32 - [MESSAGE][PASSED] - Text 'PayNow' is set on object 'Object Repository/IWP30/Page_VRelay30Emulator/Action'

04-10-2024T23:05:32 - [MESSAGE][PASSED] - Text 'en_US' is set on object 'Object Repository/IWP30/Page_VRelay30Emulator/Lang'

04-10-2024T23:05:33 - [MESSAGE][PASSED] - Text 'Jasmine' is set on object 'Object Repository/IWP30/Page_VRelay30Emulator/Fname'

04-10-2024T23:05:33 - [MESSAGE][PASSED] - Text 'Patrinol' is set on object 'Object Repository/IWP30/Page_VRelay30Emulator/Lname'

04-10-2024T23:05:34 - [MESSAGE][PASSED] - Text '258 Underwood rd' is set on object 'Object Repository/IWP30/Page_VRelay30Emulator/AL1'

04-10-2024T23:05:35 - [MESSAGE][PASSED] - Text 'Suite 600' is set on object 'Object Repository/IWP30/Page_VRelay30Emulator/AL2'

04-10-2024T23:05:35 - [MESSAGE][PASSED] - Text '840' is set on object 'Object Repository/IWP30/Page_VRelay30Emulator/Country'

04-10-2024T23:05:36 - [MESSAGE][PASSED] - Text 'Arlington' is set on object 'Object Repository/IWP30/Page_VRelay30Emulator/City'

04-10-2024T23:05:36 - [MESSAGE][PASSED] - Text 'VA' is set on object 'Object Repository/IWP30/Page_VRelay30Emulator/State'

04-10-2024T23:05:37 - [MESSAGE][PASSED] - Text '22201' is set on object 'Object Repository/IWP30/Page_VRelay30Emulator/ZIP'

04-10-2024T23:05:38 - [MESSAGE][PASSED] - Text '' is set on object 'Object Repository/IWP30/Page_VRelay30Emulator/Order'

04-10-2024T23:05:38 - [MESSAGE][PASSED] - Text 'Some Company' is set on object 'Object Repository/IWP30/Page_VRelay30Emulator/Company'

04-10-2024T23:05:39 - [MESSAGE][PASSED] - Text 'iahmed@govolution.com' is set on object 'Object Repository/IWP30/Page_VRelay30Emulator/Email'

04-10-2024T23:05:39 - [MESSAGE][PASSED] - Text 'udf data 1' is set on object 'Object Repository/IWP30/Page_VRelay30Emulator/UDF1'

04-10-2024T23:05:40 - [MESSAGE][PASSED] - Text 'udf data 2' is set on object 'Object Repository/IWP30/Page_VRelay30Emulator/UDF2'

04-10-2024T23:05:41 - [MESSAGE][PASSED] - Text 'udf data 3' is set on object 'Object Repository/IWP30/Page_VRelay30Emulator/UDF3'

04-10-2024T23:05:41 - [MESSAGE][PASSED] - Text 'udf data 4' is set on object 'Object Repository/IWP30/Page_VRelay30Emulator/UDF4'

04-10-2024T23:05:42 - [MESSAGE][PASSED] - Text 'udf data 5' is set on object 'Object Repository/IWP30/Page_VRelay30Emulator/UDF5'

04-10-2024T23:05:42 - [MESSAGE][PASSED] - Text 'udf data 6' is set on object 'Object Repository/IWP30/Page_VRelay30Emulator/UDF6'

04-10-2024T23:05:43 - [MESSAGE][PASSED] - Text 'Orange' is set on object 'Object Repository/IWP30/Page_VRelay30Emulator/UDF7'

04-10-2024T23:05:44 - [MESSAGE][PASSED] - Text 'Soccer' is set on object 'Object Repository/IWP30/Page_VRelay30Emulator/UDF8'

04-10-2024T23:05:44 - [MESSAGE][PASSED] - Text 'udf data 9' is set on object 'Object Repository/IWP30/Page_VRelay30Emulator/UDF9'

04-10-2024T23:05:45 - [MESSAGE][PASSED] - Text 'udf data 10' is set on object 'Object Repository/IWP30/Page_VRelay30Emulator/UDF10'

04-10-2024T23:05:46 - [MESSAGE][PASSED] - Object: 'Object Repository/IWP30/Page_VRelay30Emulator/Submit' is clicked on

04-10-2024T23:05:50 - [MESSAGE][PASSED] - Browser is closed

04-10-2024T23:05:54 - [MESSAGE][PASSED] - iwpPages.emulatorIWP30.setDataEmulator_DD is PASSED

04-10-2024T23:05:54 - [TEST_STEP][PASSED] - testHarnessURL = urlTestHarness: null

04-10-2024T23:05:54 - [TEST_STEP][PASSED] - openBrowser(testHarnessURL): Browser is opened with url: 'https://dev-algorithm.govolution.com/vrelaytest/QA/version_2_2/vrelaytest.html'

04-10-2024T23:05:54 - [MESSAGE][INFO] - Starting 'Edge Chromium' driver

04-10-2024T23:05:54 - [MESSAGE][INFO] - User set preference: ['acceptInsecureCerts', 'true']

04-10-2024T23:05:57 - [MESSAGE][INFO] - Action delay is set to 0 milliseconds

04-10-2024T23:06:00 - [MESSAGE][PASSED] - Browser is opened with url: 'https://dev-algorithm.govolution.com/vrelaytest/QA/version_2_2/vrelaytest.html'

04-10-2024T23:06:00 - [TEST_STEP][PASSED] - maximizeWindow(): Current window maximized

04-10-2024T23:06:00 - [MESSAGE][PASSED] - Current window maximized

04-10-2024T23:06:00 - [TEST_STEP][PASSED] - iwpPages.TestHarnessPage.setDataMethod(row, dataFile): iwpPages.TestHarnessPage.setDataMethod is PASSED

04-10-2024T23:06:01 - [MESSAGE][PASSED] - Object 'Object Repository/IWP30/Page_QATestHarness/RemittanceID' is present

04-10-2024T23:06:01 - [MESSAGE][PASSED] - Text '638' is set on object 'Object Repository/IWP30/Page_QATestHarness/ApplicationID'

04-10-2024T23:06:02 - [MESSAGE][PASSED] - Text '2.5' is set on object 'Object Repository/IWP30/Page_QATestHarness/MessageVersion'

04-10-2024T23:06:03 - [MESSAGE][PASSED] - Text '8UJmV6SMDMaB' is set on object 'Object Repository/IWP30/Page_QATestHarness/RemittanceID'

04-10-2024T23:06:06 - [MESSAGE][PASSED] - Object: 'Object Repository/IWP30/Page_QATestHarness/SubmitButton' is clicked on

04-10-2024T23:06:06 - [MESSAGE][PASSED] - iwpPages.TestHarnessPage.setDataMethod is PASSED

04-10-2024T23:06:06 - [TEST_STEP][PASSED] - click(findTestObject("Object Repository/IWP30/Page_SelectPaymentMethod/PayByCreditCard")): Object: 'Object Repository/IWP30/Page_SelectPaymentMethod/PayByCreditCard' is clicked on

04-10-2024T23:06:07 - [MESSAGE][PASSED] - Object: 'Object Repository/IWP30/Page_SelectPaymentMethod/PayByCreditCard' is clicked on

04-10-2024T23:06:07 - [TEST_STEP][PASSED] - click(findTestObject("Object Repository/IWP30/Page_SelectPaymentMethod/MakePaymentButton")): Object: 'Object Repository/IWP30/Page_SelectPaymentMethod/MakePaymentButton' is clicked on

04-10-2024T23:06:09 - [MESSAGE][PASSED] - Object: 'Object Repository/IWP30/Page_SelectPaymentMethod/MakePaymentButton' is clicked on

04-10-2024T23:06:09 - [TEST_STEP][PASSED] - iwpPages.ccPaymentEntryPage.setDataCCPM(row, dataFile): iwpPages.ccPaymentEntryPage.setDataCCPM is PASSED

04-10-2024T23:06:10 - [MESSAGE][PASSED] - Object 'Object Repository/IWP30/Page_CCPaymentEntry/Name' is present

04-10-2024T23:06:10 - [MESSAGE][PASSED] - Text '11.50' is set on object 'Object Repository/IWP30/Page_CCPaymentEntry/Amount'

04-10-2024T23:06:11 - [MESSAGE][PASSED] - All options with label 'Soccer' are selected in object 'Object Repository/IWP30/Page_CCPaymentEntry/UserDefined8' 

04-10-2024T23:06:11 - [MESSAGE][PASSED] - Object 'Object Repository/IWP30/Page_CCPaymentEntry/Name' is present

04-10-2024T23:06:11 - [MESSAGE][PASSED] - Object 'Object Repository/IWP30/Page_CCPaymentEntry/CardNumber' is present

04-10-2024T23:06:12 - [MESSAGE][PASSED] - Text '4111111111111111' is set on object 'Object Repository/IWP30/Page_CCPaymentEntry/CardNumber'

04-10-2024T23:06:13 - [MESSAGE][PASSED] - Text '123' is set on object 'Object Repository/IWP30/Page_CCPaymentEntry/SPC'

04-10-2024T23:06:13 - [MESSAGE][PASSED] - Object 'Object Repository/IWP30/Page_CCPaymentEntry/Month' is present

04-10-2024T23:06:14 - [MESSAGE][PASSED] - All options with label '09' are selected in object 'Object Repository/IWP30/Page_CCPaymentEntry/Month' 

04-10-2024T23:06:14 - [MESSAGE][PASSED] - Object 'Object Repository/IWP30/Page_CCPaymentEntry/Year' is present

04-10-2024T23:06:14 - [MESSAGE][PASSED] - All options with label '2028' are selected in object 'Object Repository/IWP30/Page_CCPaymentEntry/Year' 

04-10-2024T23:06:15 - [MESSAGE][PASSED] - Object 'Object Repository/IWP30/Page_CCPaymentEntry/EmailAddress' is present

04-10-2024T23:06:15 - [MESSAGE][PASSED] - Object 'Object Repository/IWP30/Page_CCPaymentEntry/TermCondCheckBox' is present

04-10-2024T23:06:15 - [MESSAGE][PASSED] - Object 'Object Repository/IWP30/Page_CCPaymentEntry/TermCondCheckBox' is checked

04-10-2024T23:06:15 - [MESSAGE][PASSED] - Object 'Object Repository/IWP30/Page_CCPaymentEntry/ContinueButton' is present

04-10-2024T23:06:17 - [MESSAGE][PASSED] - Object: 'Object Repository/IWP30/Page_CCPaymentEntry/ContinueButton' is clicked on

04-10-2024T23:06:17 - [MESSAGE][PASSED] - iwpPages.ccPaymentEntryPage.setDataCCPM is PASSED

04-10-2024T23:06:17 - [TEST_STEP][PASSED] - click(findTestObject("Object Repository/IWP30/Page_Confirmation/ConfirmButton")): Object: 'Object Repository/IWP30/Page_Confirmation/ConfirmButton' is clicked on

04-10-2024T23:06:18 - [MESSAGE][PASSED] - Object: 'Object Repository/IWP30/Page_Confirmation/ConfirmButton' is clicked on

04-10-2024T23:06:18 - [TEST_STEP][PASSED] - Thread.sleep(10000): null

04-10-2024T23:06:28 - [TEST_STEP][PASSED] - if (verifyTextPresent("Successful Payment Receipt", false)): null

04-10-2024T23:06:28 - [MESSAGE][PASSED] - Text 'Successful Payment Receipt' is present on page 

04-10-2024T23:06:28 - [TEST_STEP][PASSED] - println("Successful Payment Receipt text is present on the Receipt page"): null

04-10-2024T23:06:28 - [TEST_STEP][PASSED] - markPassed("Successful Payment Receipt text is present on the Receipt page"): Successful Payment Receipt text is present on the Receipt page

04-10-2024T23:06:28 - [MESSAGE][PASSED] - Successful Payment Receipt text is present on the Receipt page

04-10-2024T23:06:28 - [TEST_STEP][PASSED] - resText = "Pass": null

04-10-2024T23:06:28 - [TEST_STEP][PASSED] - pages.WriteExcel.demoKey(resText, datText, resColumn, datCloumn, fileLoc, nameSheet, row): pages.WriteExcel.demoKey is PASSED

04-10-2024T23:06:29 - [MESSAGE][PASSED] - pages.WriteExcel.demoKey is PASSED

04-10-2024T23:06:29 - [TEST_STEP][PASSED] - closeBrowser(): Browser is closed

04-10-2024T23:06:29 - [MESSAGE][PASSED] - Browser is closed

04-10-2024T23:06:29 - [TEST_STEP][PASSED] - ExecuteTC = findTestData(dataFile).getValue("Execute", row): null

04-10-2024T23:06:30 - [TEST_STEP][PASSED] - out.println("Value of Execute is : " + ExecuteTC): null

04-10-2024T23:06:30 - [TEST_STEP][PASSED] - if (ExecuteTC.equalsIgnoreCase("Y")): null

04-10-2024T23:06:30 - [TEST_STEP][PASSED] - out.println("Begin Record Number: " + row): null

04-10-2024T23:06:30 - [TEST_STEP][PASSED] - today = new java.util.Date(): null

04-10-2024T23:06:30 - [TEST_STEP][PASSED] - println(today): null

04-10-2024T23:06:30 - [TEST_STEP][PASSED] - datText = today: null

04-10-2024T23:06:30 - [TEST_STEP][PASSED] - EmulatorDataKey = findTestData(dataFile).getValue("EmulatorData", row): null

04-10-2024T23:06:30 - [TEST_STEP][PASSED] - out.println("Value of Emulator Key is : " + EmulatorDataKey): null

04-10-2024T23:06:30 - [TEST_STEP][PASSED] - iwpPages.emulatorIWP30.setDataEmulator_DD(EmulatorDataKey): iwpPages.emulatorIWP30.setDataEmulator_DD is PASSED

04-10-2024T23:06:30 - [MESSAGE][INFO] - Starting 'Edge Chromium' driver

04-10-2024T23:06:30 - [MESSAGE][INFO] - User set preference: ['acceptInsecureCerts', 'true']

04-10-2024T23:06:32 - [MESSAGE][INFO] - Action delay is set to 0 milliseconds

04-10-2024T23:06:35 - [MESSAGE][PASSED] - Browser is opened with url: 'https://qa.velocitypayment.com/agency/config.do?action=editor&message_version=2_5'

04-10-2024T23:06:35 - [MESSAGE][PASSED] - Current window maximized

04-10-2024T23:06:36 - [MESSAGE][PASSED] - All options with value '2.5' are selected in object 'Object Repository/IWP30/Page_VRelay30Emulator/MV'  using regular expression

04-10-2024T23:06:36 - [MESSAGE][PASSED] - Text '10.50' is set on object 'Object Repository/IWP30/Page_VRelay30Emulator/Amount'

04-10-2024T23:06:37 - [MESSAGE][PASSED] - Text '3v14Swv8JTaO' is set on object 'Object Repository/IWP30/Page_VRelay30Emulator/CAN'

04-10-2024T23:06:38 - [MESSAGE][PASSED] - Text 'PayNow' is set on object 'Object Repository/IWP30/Page_VRelay30Emulator/Action'

04-10-2024T23:06:38 - [MESSAGE][PASSED] - Text 'en_US' is set on object 'Object Repository/IWP30/Page_VRelay30Emulator/Lang'

04-10-2024T23:06:39 - [MESSAGE][PASSED] - Text 'Jasmine' is set on object 'Object Repository/IWP30/Page_VRelay30Emulator/Fname'

04-10-2024T23:06:39 - [MESSAGE][PASSED] - Text 'Patrinol' is set on object 'Object Repository/IWP30/Page_VRelay30Emulator/Lname'

04-10-2024T23:06:40 - [MESSAGE][PASSED] - Text '258 Underwood rd' is set on object 'Object Repository/IWP30/Page_VRelay30Emulator/AL1'

04-10-2024T23:06:41 - [MESSAGE][PASSED] - Text 'Suite 600' is set on object 'Object Repository/IWP30/Page_VRelay30Emulator/AL2'

04-10-2024T23:06:41 - [MESSAGE][PASSED] - Text '840' is set on object 'Object Repository/IWP30/Page_VRelay30Emulator/Country'

04-10-2024T23:06:42 - [MESSAGE][PASSED] - Text 'Arlington' is set on object 'Object Repository/IWP30/Page_VRelay30Emulator/City'

04-10-2024T23:06:42 - [MESSAGE][PASSED] - Text 'VA' is set on object 'Object Repository/IWP30/Page_VRelay30Emulator/State'

04-10-2024T23:06:43 - [MESSAGE][PASSED] - Text '22201' is set on object 'Object Repository/IWP30/Page_VRelay30Emulator/ZIP'

04-10-2024T23:06:43 - [MESSAGE][PASSED] - Text '' is set on object 'Object Repository/IWP30/Page_VRelay30Emulator/Order'

04-10-2024T23:06:44 - [MESSAGE][PASSED] - Text 'Some Company' is set on object 'Object Repository/IWP30/Page_VRelay30Emulator/Company'

04-10-2024T23:06:45 - [MESSAGE][PASSED] - Text 'iahmed@govolution.com' is set on object 'Object Repository/IWP30/Page_VRelay30Emulator/Email'

04-10-2024T23:06:45 - [MESSAGE][PASSED] - Text 'udf data 1' is set on object 'Object Repository/IWP30/Page_VRelay30Emulator/UDF1'

04-10-2024T23:06:46 - [MESSAGE][PASSED] - Text 'udf data 2' is set on object 'Object Repository/IWP30/Page_VRelay30Emulator/UDF2'

04-10-2024T23:06:46 - [MESSAGE][PASSED] - Text 'udf data 3' is set on object 'Object Repository/IWP30/Page_VRelay30Emulator/UDF3'

04-10-2024T23:06:47 - [MESSAGE][PASSED] - Text 'udf data 4' is set on object 'Object Repository/IWP30/Page_VRelay30Emulator/UDF4'

04-10-2024T23:06:48 - [MESSAGE][PASSED] - Text 'udf data 5' is set on object 'Object Repository/IWP30/Page_VRelay30Emulator/UDF5'

04-10-2024T23:06:48 - [MESSAGE][PASSED] - Text 'udf data 6' is set on object 'Object Repository/IWP30/Page_VRelay30Emulator/UDF6'

04-10-2024T23:06:49 - [MESSAGE][PASSED] - Text 'Orange' is set on object 'Object Repository/IWP30/Page_VRelay30Emulator/UDF7'

04-10-2024T23:06:49 - [MESSAGE][PASSED] - Text 'Soccer' is set on object 'Object Repository/IWP30/Page_VRelay30Emulator/UDF8'

04-10-2024T23:06:50 - [MESSAGE][PASSED] - Text 'udf data 9' is set on object 'Object Repository/IWP30/Page_VRelay30Emulator/UDF9'

04-10-2024T23:06:51 - [MESSAGE][PASSED] - Text 'udf data 10' is set on object 'Object Repository/IWP30/Page_VRelay30Emulator/UDF10'

04-10-2024T23:06:52 - [MESSAGE][PASSED] - Object: 'Object Repository/IWP30/Page_VRelay30Emulator/Submit' is clicked on

04-10-2024T23:06:56 - [MESSAGE][PASSED] - Browser is closed

04-10-2024T23:07:01 - [MESSAGE][PASSED] - iwpPages.emulatorIWP30.setDataEmulator_DD is PASSED

04-10-2024T23:07:01 - [TEST_STEP][PASSED] - testHarnessURL = urlTestHarness: null

04-10-2024T23:07:01 - [TEST_STEP][PASSED] - openBrowser(testHarnessURL): Browser is opened with url: 'https://dev-algorithm.govolution.com/vrelaytest/QA/version_2_2/vrelaytest.html'

04-10-2024T23:07:01 - [MESSAGE][INFO] - Starting 'Edge Chromium' driver

04-10-2024T23:07:01 - [MESSAGE][INFO] - User set preference: ['acceptInsecureCerts', 'true']

04-10-2024T23:07:03 - [MESSAGE][INFO] - Action delay is set to 0 milliseconds

04-10-2024T23:07:06 - [MESSAGE][PASSED] - Browser is opened with url: 'https://dev-algorithm.govolution.com/vrelaytest/QA/version_2_2/vrelaytest.html'

04-10-2024T23:07:06 - [TEST_STEP][PASSED] - maximizeWindow(): Current window maximized

04-10-2024T23:07:06 - [MESSAGE][PASSED] - Current window maximized

04-10-2024T23:07:06 - [TEST_STEP][PASSED] - iwpPages.TestHarnessPage.setDataMethod(row, dataFile): iwpPages.TestHarnessPage.setDataMethod is PASSED

04-10-2024T23:07:07 - [MESSAGE][PASSED] - Object 'Object Repository/IWP30/Page_QATestHarness/RemittanceID' is present

04-10-2024T23:07:07 - [MESSAGE][PASSED] - Text '638' is set on object 'Object Repository/IWP30/Page_QATestHarness/ApplicationID'

04-10-2024T23:07:08 - [MESSAGE][PASSED] - Text '2.5' is set on object 'Object Repository/IWP30/Page_QATestHarness/MessageVersion'

04-10-2024T23:07:08 - [MESSAGE][PASSED] - Text 'igbJAGcEOrm3' is set on object 'Object Repository/IWP30/Page_QATestHarness/RemittanceID'

04-10-2024T23:07:11 - [MESSAGE][PASSED] - Object: 'Object Repository/IWP30/Page_QATestHarness/SubmitButton' is clicked on

04-10-2024T23:07:11 - [MESSAGE][PASSED] - iwpPages.TestHarnessPage.setDataMethod is PASSED

04-10-2024T23:07:11 - [TEST_STEP][PASSED] - click(findTestObject("Object Repository/IWP30/Page_SelectPaymentMethod/PayByCreditCard")): Object: 'Object Repository/IWP30/Page_SelectPaymentMethod/PayByCreditCard' is clicked on

04-10-2024T23:07:12 - [MESSAGE][PASSED] - Object: 'Object Repository/IWP30/Page_SelectPaymentMethod/PayByCreditCard' is clicked on

04-10-2024T23:07:12 - [TEST_STEP][PASSED] - click(findTestObject("Object Repository/IWP30/Page_SelectPaymentMethod/MakePaymentButton")): Object: 'Object Repository/IWP30/Page_SelectPaymentMethod/MakePaymentButton' is clicked on

04-10-2024T23:07:14 - [MESSAGE][PASSED] - Object: 'Object Repository/IWP30/Page_SelectPaymentMethod/MakePaymentButton' is clicked on

04-10-2024T23:07:14 - [TEST_STEP][PASSED] - iwpPages.ccPaymentEntryPage.setDataCCPM(row, dataFile): iwpPages.ccPaymentEntryPage.setDataCCPM is PASSED

04-10-2024T23:07:15 - [MESSAGE][PASSED] - Object 'Object Repository/IWP30/Page_CCPaymentEntry/Name' is present

04-10-2024T23:07:15 - [MESSAGE][PASSED] - Text '9.50' is set on object 'Object Repository/IWP30/Page_CCPaymentEntry/Amount'

04-10-2024T23:07:16 - [MESSAGE][PASSED] - All options with label 'Soccer' are selected in object 'Object Repository/IWP30/Page_CCPaymentEntry/UserDefined8' 

04-10-2024T23:07:16 - [MESSAGE][PASSED] - Object 'Object Repository/IWP30/Page_CCPaymentEntry/Name' is present

04-10-2024T23:07:16 - [MESSAGE][PASSED] - Object 'Object Repository/IWP30/Page_CCPaymentEntry/CardNumber' is present

04-10-2024T23:07:17 - [MESSAGE][PASSED] - Text '4111111111111111' is set on object 'Object Repository/IWP30/Page_CCPaymentEntry/CardNumber'

04-10-2024T23:07:18 - [MESSAGE][PASSED] - Text '123' is set on object 'Object Repository/IWP30/Page_CCPaymentEntry/SPC'

04-10-2024T23:07:18 - [MESSAGE][PASSED] - Object 'Object Repository/IWP30/Page_CCPaymentEntry/Month' is present

04-10-2024T23:07:19 - [MESSAGE][PASSED] - All options with label '09' are selected in object 'Object Repository/IWP30/Page_CCPaymentEntry/Month' 

04-10-2024T23:07:19 - [MESSAGE][PASSED] - Object 'Object Repository/IWP30/Page_CCPaymentEntry/Year' is present

04-10-2024T23:07:19 - [MESSAGE][PASSED] - All options with label '2028' are selected in object 'Object Repository/IWP30/Page_CCPaymentEntry/Year' 

04-10-2024T23:07:20 - [MESSAGE][PASSED] - Object 'Object Repository/IWP30/Page_CCPaymentEntry/EmailAddress' is present

04-10-2024T23:07:20 - [MESSAGE][PASSED] - Object 'Object Repository/IWP30/Page_CCPaymentEntry/TermCondCheckBox' is present

04-10-2024T23:07:20 - [MESSAGE][PASSED] - Object 'Object Repository/IWP30/Page_CCPaymentEntry/TermCondCheckBox' is checked

04-10-2024T23:07:20 - [MESSAGE][PASSED] - Object 'Object Repository/IWP30/Page_CCPaymentEntry/ContinueButton' is present

04-10-2024T23:07:22 - [MESSAGE][PASSED] - Object: 'Object Repository/IWP30/Page_CCPaymentEntry/ContinueButton' is clicked on

04-10-2024T23:07:22 - [MESSAGE][PASSED] - iwpPages.ccPaymentEntryPage.setDataCCPM is PASSED

04-10-2024T23:07:22 - [TEST_STEP][PASSED] - click(findTestObject("Object Repository/IWP30/Page_Confirmation/ConfirmButton")): Object: 'Object Repository/IWP30/Page_Confirmation/ConfirmButton' is clicked on

04-10-2024T23:07:23 - [MESSAGE][PASSED] - Object: 'Object Repository/IWP30/Page_Confirmation/ConfirmButton' is clicked on

04-10-2024T23:07:23 - [TEST_STEP][PASSED] - Thread.sleep(10000): null

04-10-2024T23:07:33 - [TEST_STEP][PASSED] - if (verifyTextPresent("Successful Payment Receipt", false)): null

04-10-2024T23:07:34 - [MESSAGE][PASSED] - Text 'Successful Payment Receipt' is present on page 

04-10-2024T23:07:34 - [TEST_STEP][PASSED] - println("Successful Payment Receipt text is present on the Receipt page"): null

04-10-2024T23:07:34 - [TEST_STEP][PASSED] - markPassed("Successful Payment Receipt text is present on the Receipt page"): Successful Payment Receipt text is present on the Receipt page

04-10-2024T23:07:34 - [MESSAGE][PASSED] - Successful Payment Receipt text is present on the Receipt page

04-10-2024T23:07:34 - [TEST_STEP][PASSED] - resText = "Pass": null

04-10-2024T23:07:34 - [TEST_STEP][PASSED] - pages.WriteExcel.demoKey(resText, datText, resColumn, datCloumn, fileLoc, nameSheet, row): pages.WriteExcel.demoKey is PASSED

04-10-2024T23:07:34 - [MESSAGE][PASSED] - pages.WriteExcel.demoKey is PASSED

04-10-2024T23:07:34 - [TEST_STEP][PASSED] - closeBrowser(): Browser is closed

04-10-2024T23:07:34 - [MESSAGE][PASSED] - Browser is closed]]></system-out>
         <system-err><![CDATA[]]></system-err>
      </testcase>
      <testcase name="Test Cases/IntegratedWeb/IWP25/Payments/OverAndUnderPayPC" time="134.512" classname="Test Cases/IntegratedWeb/IWP25/Payments/OverAndUnderPayPC" status="PASSED">
         <system-out><![CDATA[04-10-2024T23:07:34 - [TEST_CASE][PASSED] - Test Cases/IntegratedWeb/IWP25/Payments/OverAndUnderPayPC: Test Cases/IntegratedWeb/IWP25/Payments/OverAndUnderPayPC

04-10-2024T23:07:35 - [TEST_STEP][PASSED] - resText = "Fail": null

04-10-2024T23:07:35 - [TEST_STEP][PASSED] - resColumn = "Result": null

04-10-2024T23:07:35 - [TEST_STEP][PASSED] - datCloumn = "Date": null

04-10-2024T23:07:35 - [TEST_STEP][PASSED] - fileLoc = "KatalonData/IWPTestData/VRelay25Payments.xlsx": null

04-10-2024T23:07:35 - [TEST_STEP][PASSED] - numOfRows = <not implemented yet for class: org.codehaus.groovy.ast.expr.EmptyExpression>: null

04-10-2024T23:07:35 - [TEST_STEP][PASSED] - dataFile = <not implemented yet for class: org.codehaus.groovy.ast.expr.EmptyExpression>: null

04-10-2024T23:07:35 - [TEST_STEP][PASSED] - nameSheet = <not implemented yet for class: org.codehaus.groovy.ast.expr.EmptyExpression>: null

04-10-2024T23:07:35 - [TEST_STEP][PASSED] - dataFileEmulator = <not implemented yet for class: org.codehaus.groovy.ast.expr.EmptyExpression>: null

04-10-2024T23:07:35 - [TEST_STEP][PASSED] - isRequiredTextPresent = false: null

04-10-2024T23:07:35 - [TEST_STEP][PASSED] - nameSheet = "OverAndUnderPayPC": null

04-10-2024T23:07:35 - [TEST_STEP][PASSED] - dataFile = "IWPTestData/IWP25OverAndUnderPayPC": null

04-10-2024T23:07:35 - [TEST_STEP][PASSED] - dataFileEmulator = "IWPTestData/EmulatorData": null

04-10-2024T23:07:35 - [TEST_STEP][PASSED] - numOfRows = findTestData(dataFile).getRowNumbers(): null

04-10-2024T23:07:35 - [TEST_STEP][PASSED] - println("Number of Records: " + numOfRows): null

04-10-2024T23:07:35 - [TEST_STEP][PASSED] - for ([row = 1, row <= numOfRows, (row++)]): Browser is closed

04-10-2024T23:07:35 - [TEST_STEP][PASSED] - ExecuteTC = findTestData(dataFile).getValue("Execute", row): null

04-10-2024T23:07:35 - [TEST_STEP][PASSED] - out.println("Value of Execute is : " + ExecuteTC): null

04-10-2024T23:07:35 - [TEST_STEP][PASSED] - if (ExecuteTC.equalsIgnoreCase("Y")): null

04-10-2024T23:07:35 - [TEST_STEP][PASSED] - out.println("Begin Record Number: " + row): null

04-10-2024T23:07:35 - [TEST_STEP][PASSED] - today = new java.util.Date(): null

04-10-2024T23:07:35 - [TEST_STEP][PASSED] - println(today): null

04-10-2024T23:07:35 - [TEST_STEP][PASSED] - datText = today: null

04-10-2024T23:07:35 - [TEST_STEP][PASSED] - EmulatorDataKey = findTestData(dataFile).getValue("EmulatorData", row): null

04-10-2024T23:07:35 - [TEST_STEP][PASSED] - out.println("Value of Emulator Key is : " + EmulatorDataKey): null

04-10-2024T23:07:35 - [TEST_STEP][PASSED] - iwpPages.emulatorIWP30.setDataEmulator_DD(EmulatorDataKey): iwpPages.emulatorIWP30.setDataEmulator_DD is PASSED

04-10-2024T23:07:35 - [MESSAGE][INFO] - Starting 'Edge Chromium' driver

04-10-2024T23:07:35 - [MESSAGE][INFO] - User set preference: ['acceptInsecureCerts', 'true']

04-10-2024T23:07:37 - [MESSAGE][INFO] - Action delay is set to 0 milliseconds

04-10-2024T23:07:40 - [MESSAGE][PASSED] - Browser is opened with url: 'https://qa.velocitypayment.com/agency/config.do?action=editor&message_version=2_5'

04-10-2024T23:07:40 - [MESSAGE][PASSED] - Current window maximized

04-10-2024T23:07:41 - [MESSAGE][PASSED] - All options with value '2.5' are selected in object 'Object Repository/IWP30/Page_VRelay30Emulator/MV'  using regular expression

04-10-2024T23:07:42 - [MESSAGE][PASSED] - Text '10.50' is set on object 'Object Repository/IWP30/Page_VRelay30Emulator/Amount'

04-10-2024T23:07:43 - [MESSAGE][PASSED] - Text 'jEpmvpnIJzYj' is set on object 'Object Repository/IWP30/Page_VRelay30Emulator/CAN'

04-10-2024T23:07:43 - [MESSAGE][PASSED] - Text 'PayNow' is set on object 'Object Repository/IWP30/Page_VRelay30Emulator/Action'

04-10-2024T23:07:44 - [MESSAGE][PASSED] - Text 'en_US' is set on object 'Object Repository/IWP30/Page_VRelay30Emulator/Lang'

04-10-2024T23:07:44 - [MESSAGE][PASSED] - Text 'Jasmine' is set on object 'Object Repository/IWP30/Page_VRelay30Emulator/Fname'

04-10-2024T23:07:45 - [MESSAGE][PASSED] - Text 'Patrinol' is set on object 'Object Repository/IWP30/Page_VRelay30Emulator/Lname'

04-10-2024T23:07:46 - [MESSAGE][PASSED] - Text '258 Underwood rd' is set on object 'Object Repository/IWP30/Page_VRelay30Emulator/AL1'

04-10-2024T23:07:46 - [MESSAGE][PASSED] - Text 'Suite 600' is set on object 'Object Repository/IWP30/Page_VRelay30Emulator/AL2'

04-10-2024T23:07:47 - [MESSAGE][PASSED] - Text '840' is set on object 'Object Repository/IWP30/Page_VRelay30Emulator/Country'

04-10-2024T23:07:47 - [MESSAGE][PASSED] - Text 'Arlington' is set on object 'Object Repository/IWP30/Page_VRelay30Emulator/City'

04-10-2024T23:07:48 - [MESSAGE][PASSED] - Text 'VA' is set on object 'Object Repository/IWP30/Page_VRelay30Emulator/State'

04-10-2024T23:07:49 - [MESSAGE][PASSED] - Text '22201' is set on object 'Object Repository/IWP30/Page_VRelay30Emulator/ZIP'

04-10-2024T23:07:49 - [MESSAGE][PASSED] - Text '' is set on object 'Object Repository/IWP30/Page_VRelay30Emulator/Order'

04-10-2024T23:07:50 - [MESSAGE][PASSED] - Text 'Some Company' is set on object 'Object Repository/IWP30/Page_VRelay30Emulator/Company'

04-10-2024T23:07:50 - [MESSAGE][PASSED] - Text 'iahmed@govolution.com' is set on object 'Object Repository/IWP30/Page_VRelay30Emulator/Email'

04-10-2024T23:07:51 - [MESSAGE][PASSED] - Text 'udf data 1' is set on object 'Object Repository/IWP30/Page_VRelay30Emulator/UDF1'

04-10-2024T23:07:52 - [MESSAGE][PASSED] - Text 'udf data 2' is set on object 'Object Repository/IWP30/Page_VRelay30Emulator/UDF2'

04-10-2024T23:07:52 - [MESSAGE][PASSED] - Text 'udf data 3' is set on object 'Object Repository/IWP30/Page_VRelay30Emulator/UDF3'

04-10-2024T23:07:53 - [MESSAGE][PASSED] - Text 'udf data 4' is set on object 'Object Repository/IWP30/Page_VRelay30Emulator/UDF4'

04-10-2024T23:07:53 - [MESSAGE][PASSED] - Text 'udf data 5' is set on object 'Object Repository/IWP30/Page_VRelay30Emulator/UDF5'

04-10-2024T23:07:54 - [MESSAGE][PASSED] - Text 'udf data 6' is set on object 'Object Repository/IWP30/Page_VRelay30Emulator/UDF6'

04-10-2024T23:07:54 - [MESSAGE][PASSED] - Text 'Orange' is set on object 'Object Repository/IWP30/Page_VRelay30Emulator/UDF7'

04-10-2024T23:07:55 - [MESSAGE][PASSED] - Text 'Soccer' is set on object 'Object Repository/IWP30/Page_VRelay30Emulator/UDF8'

04-10-2024T23:07:56 - [MESSAGE][PASSED] - Text 'udf data 9' is set on object 'Object Repository/IWP30/Page_VRelay30Emulator/UDF9'

04-10-2024T23:07:56 - [MESSAGE][PASSED] - Text 'udf data 10' is set on object 'Object Repository/IWP30/Page_VRelay30Emulator/UDF10'

04-10-2024T23:07:57 - [MESSAGE][PASSED] - Object: 'Object Repository/IWP30/Page_VRelay30Emulator/Submit' is clicked on

04-10-2024T23:08:02 - [MESSAGE][PASSED] - Browser is closed

04-10-2024T23:08:06 - [MESSAGE][PASSED] - iwpPages.emulatorIWP30.setDataEmulator_DD is PASSED

04-10-2024T23:08:06 - [TEST_STEP][PASSED] - testHarnessURL = urlTestHarness: null

04-10-2024T23:08:06 - [TEST_STEP][PASSED] - openBrowser(testHarnessURL): Browser is opened with url: 'https://dev-algorithm.govolution.com/vrelaytest/QA/version_2_2/vrelaytest.html'

04-10-2024T23:08:06 - [MESSAGE][INFO] - Starting 'Edge Chromium' driver

04-10-2024T23:08:06 - [MESSAGE][INFO] - User set preference: ['acceptInsecureCerts', 'true']

04-10-2024T23:08:08 - [MESSAGE][INFO] - Action delay is set to 0 milliseconds

04-10-2024T23:08:12 - [MESSAGE][PASSED] - Browser is opened with url: 'https://dev-algorithm.govolution.com/vrelaytest/QA/version_2_2/vrelaytest.html'

04-10-2024T23:08:12 - [TEST_STEP][PASSED] - maximizeWindow(): Current window maximized

04-10-2024T23:08:12 - [MESSAGE][PASSED] - Current window maximized

04-10-2024T23:08:12 - [TEST_STEP][PASSED] - iwpPages.TestHarnessPage.setDataMethod(row, dataFile): iwpPages.TestHarnessPage.setDataMethod is PASSED

04-10-2024T23:08:12 - [MESSAGE][PASSED] - Object 'Object Repository/IWP30/Page_QATestHarness/RemittanceID' is present

04-10-2024T23:08:13 - [MESSAGE][PASSED] - Text '638' is set on object 'Object Repository/IWP30/Page_QATestHarness/ApplicationID'

04-10-2024T23:08:13 - [MESSAGE][PASSED] - Text '2.5' is set on object 'Object Repository/IWP30/Page_QATestHarness/MessageVersion'

04-10-2024T23:08:14 - [MESSAGE][PASSED] - Text 'nrzm88EfIV9k' is set on object 'Object Repository/IWP30/Page_QATestHarness/RemittanceID'

04-10-2024T23:08:17 - [MESSAGE][PASSED] - Object: 'Object Repository/IWP30/Page_QATestHarness/SubmitButton' is clicked on

04-10-2024T23:08:17 - [MESSAGE][PASSED] - iwpPages.TestHarnessPage.setDataMethod is PASSED

04-10-2024T23:08:17 - [TEST_STEP][PASSED] - click(findTestObject("Object Repository/IWP30/Page_SelectPaymentMethod/PayByPersonalCheck")): Object: 'Object Repository/IWP30/Page_SelectPaymentMethod/PayByPersonalCheck' is clicked on

04-10-2024T23:08:17 - [MESSAGE][PASSED] - Object: 'Object Repository/IWP30/Page_SelectPaymentMethod/PayByPersonalCheck' is clicked on

04-10-2024T23:08:17 - [TEST_STEP][PASSED] - click(findTestObject("Object Repository/IWP30/Page_SelectPaymentMethod/MakePaymentButton")): Object: 'Object Repository/IWP30/Page_SelectPaymentMethod/MakePaymentButton' is clicked on

04-10-2024T23:08:19 - [MESSAGE][PASSED] - Object: 'Object Repository/IWP30/Page_SelectPaymentMethod/MakePaymentButton' is clicked on

04-10-2024T23:08:19 - [TEST_STEP][PASSED] - iwpPages.achPersonalPaymentEntryPage.setDataACHPPM(row, dataFile): iwpPages.achPersonalPaymentEntryPage.setDataACHPPM is PASSED

04-10-2024T23:08:20 - [MESSAGE][PASSED] - Object 'Object Repository/IWP30/Page_ACHPersonalPaymentEntry/txt_accountNumber' is present

04-10-2024T23:08:20 - [MESSAGE][PASSED] - Text '11.50' is set on object 'Object Repository/IWP30/Page_ACHPersonalPaymentEntry/txt_Amount'

04-10-2024T23:08:21 - [MESSAGE][PASSED] - Object 'Object Repository/IWP30/Page_ACHPersonalPaymentEntry/txt_UDF2' is present

04-10-2024T23:08:21 - [MESSAGE][PASSED] - All options with label 'Soccer' are selected in object 'Object Repository/IWP30/Page_ACHPersonalPaymentEntry/dd_UDF8' 

04-10-2024T23:08:21 - [MESSAGE][PASSED] - Object 'Object Repository/IWP30/Page_ACHPersonalPaymentEntry/txt_Firstname' is present

04-10-2024T23:08:22 - [MESSAGE][PASSED] - Text 'Elizath' is set on object 'Object Repository/IWP30/Page_ACHPersonalPaymentEntry/txt_Firstname'

04-10-2024T23:08:22 - [MESSAGE][PASSED] - Object 'Object Repository/IWP30/Page_ACHPersonalPaymentEntry/txt_Lastname' is present

04-10-2024T23:08:23 - [MESSAGE][PASSED] - Text 'Christine' is set on object 'Object Repository/IWP30/Page_ACHPersonalPaymentEntry/txt_Lastname'

04-10-2024T23:08:23 - [MESSAGE][PASSED] - Object 'Object Repository/IWP30/Page_ACHPersonalPaymentEntry/txt_routingNumber' is present

04-10-2024T23:08:24 - [MESSAGE][PASSED] - Text '256072691' is set on object 'Object Repository/IWP30/Page_ACHPersonalPaymentEntry/txt_routingNumber'

04-10-2024T23:08:24 - [MESSAGE][PASSED] - Object 'Object Repository/IWP30/Page_ACHPersonalPaymentEntry/txt_accountNumber' is present

04-10-2024T23:08:25 - [MESSAGE][PASSED] - Text '12344444' is set on object 'Object Repository/IWP30/Page_ACHPersonalPaymentEntry/txt_accountNumber'

04-10-2024T23:08:26 - [MESSAGE][PASSED] - Object 'Object Repository/IWP30/Page_ACHPersonalPaymentEntry/txt_confirmAccountNumber' is present

04-10-2024T23:08:26 - [MESSAGE][PASSED] - Text '12344444' is set on object 'Object Repository/IWP30/Page_ACHPersonalPaymentEntry/txt_confirmAccountNumber'

04-10-2024T23:08:27 - [MESSAGE][PASSED] - Object 'Object Repository/IWP30/Page_ACHPersonalPaymentEntry/rd_accountType' is present

04-10-2024T23:08:27 - [MESSAGE][PASSED] - Modify property of object successfully

04-10-2024T23:08:27 - [MESSAGE][PASSED] - Object: 'Object Repository/IWP30/Page_ACHPersonalPaymentEntry/rd_accountType' is clicked on

04-10-2024T23:08:27 - [MESSAGE][PASSED] - Object 'Object Repository/IWP30/Page_ACHPersonalPaymentEntry/txt_Email' is present

04-10-2024T23:08:27 - [MESSAGE][PASSED] - Object 'Object Repository/IWP30/Page_ACHPersonalPaymentEntry/cb_TermsAndCond' is present

04-10-2024T23:08:28 - [MESSAGE][PASSED] - Object: 'Object Repository/IWP30/Page_ACHPersonalPaymentEntry/cb_TermsAndCond' is clicked on

04-10-2024T23:08:28 - [MESSAGE][PASSED] - Object 'Object Repository/IWP30/Page_ACHPersonalPaymentEntry/btn_Continue' is present

04-10-2024T23:08:29 - [MESSAGE][PASSED] - Object: 'Object Repository/IWP30/Page_ACHPersonalPaymentEntry/btn_Continue' is clicked on

04-10-2024T23:08:29 - [MESSAGE][PASSED] - iwpPages.achPersonalPaymentEntryPage.setDataACHPPM is PASSED

04-10-2024T23:08:29 - [TEST_STEP][PASSED] - click(findTestObject("Object Repository/IWP30/Page_Confirmation/ConfirmButton")): Object: 'Object Repository/IWP30/Page_Confirmation/ConfirmButton' is clicked on

04-10-2024T23:08:30 - [MESSAGE][PASSED] - Object: 'Object Repository/IWP30/Page_Confirmation/ConfirmButton' is clicked on

04-10-2024T23:08:30 - [TEST_STEP][PASSED] - Thread.sleep(10000): null

04-10-2024T23:08:40 - [TEST_STEP][PASSED] - if (verifyTextPresent("Successful Payment Receipt", false)): null

04-10-2024T23:08:41 - [MESSAGE][PASSED] - Text 'Successful Payment Receipt' is present on page 

04-10-2024T23:08:41 - [TEST_STEP][PASSED] - println("Successful Payment Receipt text is present on the Receipt page"): null

04-10-2024T23:08:41 - [TEST_STEP][PASSED] - markPassed("Successful Payment Receipt text is present on the Receipt page"): Successful Payment Receipt text is present on the Receipt page

04-10-2024T23:08:41 - [MESSAGE][PASSED] - Successful Payment Receipt text is present on the Receipt page

04-10-2024T23:08:41 - [TEST_STEP][PASSED] - resText = "Pass": null

04-10-2024T23:08:41 - [TEST_STEP][PASSED] - pages.WriteExcel.demoKey(resText, datText, resColumn, datCloumn, fileLoc, nameSheet, row): pages.WriteExcel.demoKey is PASSED

04-10-2024T23:08:41 - [MESSAGE][PASSED] - pages.WriteExcel.demoKey is PASSED

04-10-2024T23:08:41 - [TEST_STEP][PASSED] - closeBrowser(): Browser is closed

04-10-2024T23:08:41 - [MESSAGE][PASSED] - Browser is closed

04-10-2024T23:08:41 - [TEST_STEP][PASSED] - ExecuteTC = findTestData(dataFile).getValue("Execute", row): null

04-10-2024T23:08:41 - [TEST_STEP][PASSED] - out.println("Value of Execute is : " + ExecuteTC): null

04-10-2024T23:08:41 - [TEST_STEP][PASSED] - if (ExecuteTC.equalsIgnoreCase("Y")): null

04-10-2024T23:08:41 - [TEST_STEP][PASSED] - out.println("Begin Record Number: " + row): null

04-10-2024T23:08:41 - [TEST_STEP][PASSED] - today = new java.util.Date(): null

04-10-2024T23:08:41 - [TEST_STEP][PASSED] - println(today): null

04-10-2024T23:08:41 - [TEST_STEP][PASSED] - datText = today: null

04-10-2024T23:08:41 - [TEST_STEP][PASSED] - EmulatorDataKey = findTestData(dataFile).getValue("EmulatorData", row): null

04-10-2024T23:08:41 - [TEST_STEP][PASSED] - out.println("Value of Emulator Key is : " + EmulatorDataKey): null

04-10-2024T23:08:41 - [TEST_STEP][PASSED] - iwpPages.emulatorIWP30.setDataEmulator_DD(EmulatorDataKey): iwpPages.emulatorIWP30.setDataEmulator_DD is PASSED

04-10-2024T23:08:42 - [MESSAGE][INFO] - Starting 'Edge Chromium' driver

04-10-2024T23:08:42 - [MESSAGE][INFO] - User set preference: ['acceptInsecureCerts', 'true']

04-10-2024T23:08:44 - [MESSAGE][INFO] - Action delay is set to 0 milliseconds

04-10-2024T23:08:46 - [MESSAGE][PASSED] - Browser is opened with url: 'https://qa.velocitypayment.com/agency/config.do?action=editor&message_version=2_5'

04-10-2024T23:08:47 - [MESSAGE][PASSED] - Current window maximized

04-10-2024T23:08:47 - [MESSAGE][PASSED] - All options with value '2.5' are selected in object 'Object Repository/IWP30/Page_VRelay30Emulator/MV'  using regular expression

04-10-2024T23:08:48 - [MESSAGE][PASSED] - Text '10.50' is set on object 'Object Repository/IWP30/Page_VRelay30Emulator/Amount'

04-10-2024T23:08:49 - [MESSAGE][PASSED] - Text 'ktLrcDovSrk7' is set on object 'Object Repository/IWP30/Page_VRelay30Emulator/CAN'

04-10-2024T23:08:50 - [MESSAGE][PASSED] - Text 'PayNow' is set on object 'Object Repository/IWP30/Page_VRelay30Emulator/Action'

04-10-2024T23:08:50 - [MESSAGE][PASSED] - Text 'en_US' is set on object 'Object Repository/IWP30/Page_VRelay30Emulator/Lang'

04-10-2024T23:08:51 - [MESSAGE][PASSED] - Text 'Jasmine' is set on object 'Object Repository/IWP30/Page_VRelay30Emulator/Fname'

04-10-2024T23:08:51 - [MESSAGE][PASSED] - Text 'Patrinol' is set on object 'Object Repository/IWP30/Page_VRelay30Emulator/Lname'

04-10-2024T23:08:52 - [MESSAGE][PASSED] - Text '258 Underwood rd' is set on object 'Object Repository/IWP30/Page_VRelay30Emulator/AL1'

04-10-2024T23:08:53 - [MESSAGE][PASSED] - Text 'Suite 600' is set on object 'Object Repository/IWP30/Page_VRelay30Emulator/AL2'

04-10-2024T23:08:53 - [MESSAGE][PASSED] - Text '840' is set on object 'Object Repository/IWP30/Page_VRelay30Emulator/Country'

04-10-2024T23:08:54 - [MESSAGE][PASSED] - Text 'Arlington' is set on object 'Object Repository/IWP30/Page_VRelay30Emulator/City'

04-10-2024T23:08:54 - [MESSAGE][PASSED] - Text 'VA' is set on object 'Object Repository/IWP30/Page_VRelay30Emulator/State'

04-10-2024T23:08:55 - [MESSAGE][PASSED] - Text '22201' is set on object 'Object Repository/IWP30/Page_VRelay30Emulator/ZIP'

04-10-2024T23:08:56 - [MESSAGE][PASSED] - Text '' is set on object 'Object Repository/IWP30/Page_VRelay30Emulator/Order'

04-10-2024T23:08:57 - [MESSAGE][PASSED] - Text 'Some Company' is set on object 'Object Repository/IWP30/Page_VRelay30Emulator/Company'

04-10-2024T23:08:57 - [MESSAGE][PASSED] - Text 'iahmed@govolution.com' is set on object 'Object Repository/IWP30/Page_VRelay30Emulator/Email'

04-10-2024T23:08:58 - [MESSAGE][PASSED] - Text 'udf data 1' is set on object 'Object Repository/IWP30/Page_VRelay30Emulator/UDF1'

04-10-2024T23:08:58 - [MESSAGE][PASSED] - Text 'udf data 2' is set on object 'Object Repository/IWP30/Page_VRelay30Emulator/UDF2'

04-10-2024T23:08:59 - [MESSAGE][PASSED] - Text 'udf data 3' is set on object 'Object Repository/IWP30/Page_VRelay30Emulator/UDF3'

04-10-2024T23:08:59 - [MESSAGE][PASSED] - Text 'udf data 4' is set on object 'Object Repository/IWP30/Page_VRelay30Emulator/UDF4'

04-10-2024T23:09:00 - [MESSAGE][PASSED] - Text 'udf data 5' is set on object 'Object Repository/IWP30/Page_VRelay30Emulator/UDF5'

04-10-2024T23:09:01 - [MESSAGE][PASSED] - Text 'udf data 6' is set on object 'Object Repository/IWP30/Page_VRelay30Emulator/UDF6'

04-10-2024T23:09:01 - [MESSAGE][PASSED] - Text 'Orange' is set on object 'Object Repository/IWP30/Page_VRelay30Emulator/UDF7'

04-10-2024T23:09:02 - [MESSAGE][PASSED] - Text 'Soccer' is set on object 'Object Repository/IWP30/Page_VRelay30Emulator/UDF8'

04-10-2024T23:09:02 - [MESSAGE][PASSED] - Text 'udf data 9' is set on object 'Object Repository/IWP30/Page_VRelay30Emulator/UDF9'

04-10-2024T23:09:03 - [MESSAGE][PASSED] - Text 'udf data 10' is set on object 'Object Repository/IWP30/Page_VRelay30Emulator/UDF10'

04-10-2024T23:09:04 - [MESSAGE][PASSED] - Object: 'Object Repository/IWP30/Page_VRelay30Emulator/Submit' is clicked on

04-10-2024T23:09:09 - [MESSAGE][PASSED] - Browser is closed

04-10-2024T23:09:13 - [MESSAGE][PASSED] - iwpPages.emulatorIWP30.setDataEmulator_DD is PASSED

04-10-2024T23:09:13 - [TEST_STEP][PASSED] - testHarnessURL = urlTestHarness: null

04-10-2024T23:09:13 - [TEST_STEP][PASSED] - openBrowser(testHarnessURL): Browser is opened with url: 'https://dev-algorithm.govolution.com/vrelaytest/QA/version_2_2/vrelaytest.html'

04-10-2024T23:09:13 - [MESSAGE][INFO] - Starting 'Edge Chromium' driver

04-10-2024T23:09:13 - [MESSAGE][INFO] - User set preference: ['acceptInsecureCerts', 'true']

04-10-2024T23:09:15 - [MESSAGE][INFO] - Action delay is set to 0 milliseconds

04-10-2024T23:09:18 - [MESSAGE][PASSED] - Browser is opened with url: 'https://dev-algorithm.govolution.com/vrelaytest/QA/version_2_2/vrelaytest.html'

04-10-2024T23:09:18 - [TEST_STEP][PASSED] - maximizeWindow(): Current window maximized

04-10-2024T23:09:18 - [MESSAGE][PASSED] - Current window maximized

04-10-2024T23:09:18 - [TEST_STEP][PASSED] - iwpPages.TestHarnessPage.setDataMethod(row, dataFile): iwpPages.TestHarnessPage.setDataMethod is PASSED

04-10-2024T23:09:19 - [MESSAGE][PASSED] - Object 'Object Repository/IWP30/Page_QATestHarness/RemittanceID' is present

04-10-2024T23:09:19 - [MESSAGE][PASSED] - Text '638' is set on object 'Object Repository/IWP30/Page_QATestHarness/ApplicationID'

04-10-2024T23:09:20 - [MESSAGE][PASSED] - Text '2.5' is set on object 'Object Repository/IWP30/Page_QATestHarness/MessageVersion'

04-10-2024T23:09:21 - [MESSAGE][PASSED] - Text 'NFMUyrPHBG5j' is set on object 'Object Repository/IWP30/Page_QATestHarness/RemittanceID'

04-10-2024T23:09:23 - [MESSAGE][PASSED] - Object: 'Object Repository/IWP30/Page_QATestHarness/SubmitButton' is clicked on

04-10-2024T23:09:23 - [MESSAGE][PASSED] - iwpPages.TestHarnessPage.setDataMethod is PASSED

04-10-2024T23:09:23 - [TEST_STEP][PASSED] - click(findTestObject("Object Repository/IWP30/Page_SelectPaymentMethod/PayByPersonalCheck")): Object: 'Object Repository/IWP30/Page_SelectPaymentMethod/PayByPersonalCheck' is clicked on

04-10-2024T23:09:24 - [MESSAGE][PASSED] - Object: 'Object Repository/IWP30/Page_SelectPaymentMethod/PayByPersonalCheck' is clicked on

04-10-2024T23:09:24 - [TEST_STEP][PASSED] - click(findTestObject("Object Repository/IWP30/Page_SelectPaymentMethod/MakePaymentButton")): Object: 'Object Repository/IWP30/Page_SelectPaymentMethod/MakePaymentButton' is clicked on

04-10-2024T23:09:26 - [MESSAGE][PASSED] - Object: 'Object Repository/IWP30/Page_SelectPaymentMethod/MakePaymentButton' is clicked on

04-10-2024T23:09:26 - [TEST_STEP][PASSED] - iwpPages.achPersonalPaymentEntryPage.setDataACHPPM(row, dataFile): iwpPages.achPersonalPaymentEntryPage.setDataACHPPM is PASSED

04-10-2024T23:09:27 - [MESSAGE][PASSED] - Object 'Object Repository/IWP30/Page_ACHPersonalPaymentEntry/txt_accountNumber' is present

04-10-2024T23:09:28 - [MESSAGE][PASSED] - Text '9.50' is set on object 'Object Repository/IWP30/Page_ACHPersonalPaymentEntry/txt_Amount'

04-10-2024T23:09:28 - [MESSAGE][PASSED] - Object 'Object Repository/IWP30/Page_ACHPersonalPaymentEntry/txt_UDF2' is present

04-10-2024T23:09:29 - [MESSAGE][PASSED] - All options with label 'Soccer' are selected in object 'Object Repository/IWP30/Page_ACHPersonalPaymentEntry/dd_UDF8' 

04-10-2024T23:09:29 - [MESSAGE][PASSED] - Object 'Object Repository/IWP30/Page_ACHPersonalPaymentEntry/txt_Firstname' is present

04-10-2024T23:09:29 - [MESSAGE][PASSED] - Text 'Elizath' is set on object 'Object Repository/IWP30/Page_ACHPersonalPaymentEntry/txt_Firstname'

04-10-2024T23:09:30 - [MESSAGE][PASSED] - Object 'Object Repository/IWP30/Page_ACHPersonalPaymentEntry/txt_Lastname' is present

04-10-2024T23:09:30 - [MESSAGE][PASSED] - Text 'Christine' is set on object 'Object Repository/IWP30/Page_ACHPersonalPaymentEntry/txt_Lastname'

04-10-2024T23:09:31 - [MESSAGE][PASSED] - Object 'Object Repository/IWP30/Page_ACHPersonalPaymentEntry/txt_routingNumber' is present

04-10-2024T23:09:31 - [MESSAGE][PASSED] - Text '256072691' is set on object 'Object Repository/IWP30/Page_ACHPersonalPaymentEntry/txt_routingNumber'

04-10-2024T23:09:31 - [MESSAGE][PASSED] - Object 'Object Repository/IWP30/Page_ACHPersonalPaymentEntry/txt_accountNumber' is present

04-10-2024T23:09:33 - [MESSAGE][PASSED] - Text '12344444' is set on object 'Object Repository/IWP30/Page_ACHPersonalPaymentEntry/txt_accountNumber'

04-10-2024T23:09:33 - [MESSAGE][PASSED] - Object 'Object Repository/IWP30/Page_ACHPersonalPaymentEntry/txt_confirmAccountNumber' is present

04-10-2024T23:09:34 - [MESSAGE][PASSED] - Text '12344444' is set on object 'Object Repository/IWP30/Page_ACHPersonalPaymentEntry/txt_confirmAccountNumber'

04-10-2024T23:09:34 - [MESSAGE][PASSED] - Object 'Object Repository/IWP30/Page_ACHPersonalPaymentEntry/rd_accountType' is present

04-10-2024T23:09:34 - [MESSAGE][PASSED] - Modify property of object successfully

04-10-2024T23:09:34 - [MESSAGE][PASSED] - Object: 'Object Repository/IWP30/Page_ACHPersonalPaymentEntry/rd_accountType' is clicked on

04-10-2024T23:09:35 - [MESSAGE][PASSED] - Object 'Object Repository/IWP30/Page_ACHPersonalPaymentEntry/txt_Email' is present

04-10-2024T23:09:35 - [MESSAGE][PASSED] - Object 'Object Repository/IWP30/Page_ACHPersonalPaymentEntry/cb_TermsAndCond' is present

04-10-2024T23:09:35 - [MESSAGE][PASSED] - Object: 'Object Repository/IWP30/Page_ACHPersonalPaymentEntry/cb_TermsAndCond' is clicked on

04-10-2024T23:09:35 - [MESSAGE][PASSED] - Object 'Object Repository/IWP30/Page_ACHPersonalPaymentEntry/btn_Continue' is present

04-10-2024T23:09:37 - [MESSAGE][PASSED] - Object: 'Object Repository/IWP30/Page_ACHPersonalPaymentEntry/btn_Continue' is clicked on

04-10-2024T23:09:37 - [MESSAGE][PASSED] - iwpPages.achPersonalPaymentEntryPage.setDataACHPPM is PASSED

04-10-2024T23:09:37 - [TEST_STEP][PASSED] - click(findTestObject("Object Repository/IWP30/Page_Confirmation/ConfirmButton")): Object: 'Object Repository/IWP30/Page_Confirmation/ConfirmButton' is clicked on

04-10-2024T23:09:38 - [MESSAGE][PASSED] - Object: 'Object Repository/IWP30/Page_Confirmation/ConfirmButton' is clicked on

04-10-2024T23:09:38 - [TEST_STEP][PASSED] - Thread.sleep(10000): null

04-10-2024T23:09:48 - [TEST_STEP][PASSED] - if (verifyTextPresent("Successful Payment Receipt", false)): null

04-10-2024T23:09:48 - [MESSAGE][PASSED] - Text 'Successful Payment Receipt' is present on page 

04-10-2024T23:09:48 - [TEST_STEP][PASSED] - println("Successful Payment Receipt text is present on the Receipt page"): null

04-10-2024T23:09:48 - [TEST_STEP][PASSED] - markPassed("Successful Payment Receipt text is present on the Receipt page"): Successful Payment Receipt text is present on the Receipt page

04-10-2024T23:09:48 - [MESSAGE][PASSED] - Successful Payment Receipt text is present on the Receipt page

04-10-2024T23:09:48 - [TEST_STEP][PASSED] - resText = "Pass": null

04-10-2024T23:09:48 - [TEST_STEP][PASSED] - pages.WriteExcel.demoKey(resText, datText, resColumn, datCloumn, fileLoc, nameSheet, row): pages.WriteExcel.demoKey is PASSED

04-10-2024T23:09:48 - [MESSAGE][PASSED] - pages.WriteExcel.demoKey is PASSED

04-10-2024T23:09:48 - [TEST_STEP][PASSED] - closeBrowser(): Browser is closed

04-10-2024T23:09:49 - [MESSAGE][PASSED] - Browser is closed]]></system-out>
         <system-err><![CDATA[]]></system-err>
      </testcase>
      <testcase name="Test Cases/IntegratedWeb/IWP25/Payments/OverAndUnderPayPS" time="135.379" classname="Test Cases/IntegratedWeb/IWP25/Payments/OverAndUnderPayPS" status="PASSED">
         <system-out><![CDATA[04-10-2024T23:09:49 - [TEST_CASE][PASSED] - Test Cases/IntegratedWeb/IWP25/Payments/OverAndUnderPayPS: Test Cases/IntegratedWeb/IWP25/Payments/OverAndUnderPayPS

04-10-2024T23:09:49 - [TEST_STEP][PASSED] - resText = "Fail": null

04-10-2024T23:09:49 - [TEST_STEP][PASSED] - resColumn = "Result": null

04-10-2024T23:09:49 - [TEST_STEP][PASSED] - datCloumn = "Date": null

04-10-2024T23:09:49 - [TEST_STEP][PASSED] - fileLoc = "KatalonData/IWPTestData/VRelay25Payments.xlsx": null

04-10-2024T23:09:49 - [TEST_STEP][PASSED] - numOfRows = <not implemented yet for class: org.codehaus.groovy.ast.expr.EmptyExpression>: null

04-10-2024T23:09:49 - [TEST_STEP][PASSED] - dataFile = <not implemented yet for class: org.codehaus.groovy.ast.expr.EmptyExpression>: null

04-10-2024T23:09:49 - [TEST_STEP][PASSED] - nameSheet = <not implemented yet for class: org.codehaus.groovy.ast.expr.EmptyExpression>: null

04-10-2024T23:09:49 - [TEST_STEP][PASSED] - dataFileEmulator = <not implemented yet for class: org.codehaus.groovy.ast.expr.EmptyExpression>: null

04-10-2024T23:09:49 - [TEST_STEP][PASSED] - isRequiredTextPresent = false: null

04-10-2024T23:09:49 - [TEST_STEP][PASSED] - nameSheet = "OverAndUnderPayPS": null

04-10-2024T23:09:49 - [TEST_STEP][PASSED] - dataFile = "IWPTestData/IWP25OverAndUnderPayPS": null

04-10-2024T23:09:49 - [TEST_STEP][PASSED] - dataFileEmulator = "IWPTestData/EmulatorData": null

04-10-2024T23:09:49 - [TEST_STEP][PASSED] - numOfRows = findTestData(dataFile).getRowNumbers(): null

04-10-2024T23:09:49 - [TEST_STEP][PASSED] - println("Number of Records: " + numOfRows): null

04-10-2024T23:09:49 - [TEST_STEP][PASSED] - for ([row = 1, row <= numOfRows, (row++)]): Browser is closed

04-10-2024T23:09:49 - [TEST_STEP][PASSED] - ExecuteTC = findTestData(dataFile).getValue("Execute", row): null

04-10-2024T23:09:49 - [TEST_STEP][PASSED] - out.println("Value of Execute is : " + ExecuteTC): null

04-10-2024T23:09:49 - [TEST_STEP][PASSED] - if (ExecuteTC.equalsIgnoreCase("Y")): null

04-10-2024T23:09:49 - [TEST_STEP][PASSED] - out.println("Begin Record Number: " + row): null

04-10-2024T23:09:49 - [TEST_STEP][PASSED] - today = new java.util.Date(): null

04-10-2024T23:09:49 - [TEST_STEP][PASSED] - println(today): null

04-10-2024T23:09:49 - [TEST_STEP][PASSED] - datText = today: null

04-10-2024T23:09:49 - [TEST_STEP][PASSED] - EmulatorDataKey = findTestData(dataFile).getValue("EmulatorData", row): null

04-10-2024T23:09:49 - [TEST_STEP][PASSED] - out.println("Value of Emulator Key is : " + EmulatorDataKey): null

04-10-2024T23:09:49 - [TEST_STEP][PASSED] - iwpPages.emulatorIWP30.setDataEmulator_DD(EmulatorDataKey): iwpPages.emulatorIWP30.setDataEmulator_DD is PASSED

04-10-2024T23:09:49 - [MESSAGE][INFO] - Starting 'Edge Chromium' driver

04-10-2024T23:09:49 - [MESSAGE][INFO] - User set preference: ['acceptInsecureCerts', 'true']

04-10-2024T23:09:51 - [MESSAGE][INFO] - Action delay is set to 0 milliseconds

04-10-2024T23:09:55 - [MESSAGE][PASSED] - Browser is opened with url: 'https://qa.velocitypayment.com/agency/config.do?action=editor&message_version=2_5'

04-10-2024T23:09:55 - [MESSAGE][PASSED] - Current window maximized

04-10-2024T23:09:56 - [MESSAGE][PASSED] - All options with value '2.5' are selected in object 'Object Repository/IWP30/Page_VRelay30Emulator/MV'  using regular expression

04-10-2024T23:09:57 - [MESSAGE][PASSED] - Text '10.50' is set on object 'Object Repository/IWP30/Page_VRelay30Emulator/Amount'

04-10-2024T23:09:57 - [MESSAGE][PASSED] - Text 'VKvJrFPEWfHc' is set on object 'Object Repository/IWP30/Page_VRelay30Emulator/CAN'

04-10-2024T23:09:58 - [MESSAGE][PASSED] - Text 'PayNow' is set on object 'Object Repository/IWP30/Page_VRelay30Emulator/Action'

04-10-2024T23:09:58 - [MESSAGE][PASSED] - Text 'en_US' is set on object 'Object Repository/IWP30/Page_VRelay30Emulator/Lang'

04-10-2024T23:09:59 - [MESSAGE][PASSED] - Text 'Jasmine' is set on object 'Object Repository/IWP30/Page_VRelay30Emulator/Fname'

04-10-2024T23:10:00 - [MESSAGE][PASSED] - Text 'Patrinol' is set on object 'Object Repository/IWP30/Page_VRelay30Emulator/Lname'

04-10-2024T23:10:00 - [MESSAGE][PASSED] - Text '258 Underwood rd' is set on object 'Object Repository/IWP30/Page_VRelay30Emulator/AL1'

04-10-2024T23:10:01 - [MESSAGE][PASSED] - Text 'Suite 600' is set on object 'Object Repository/IWP30/Page_VRelay30Emulator/AL2'

04-10-2024T23:10:01 - [MESSAGE][PASSED] - Text '840' is set on object 'Object Repository/IWP30/Page_VRelay30Emulator/Country'

04-10-2024T23:10:02 - [MESSAGE][PASSED] - Text 'Arlington' is set on object 'Object Repository/IWP30/Page_VRelay30Emulator/City'

04-10-2024T23:10:03 - [MESSAGE][PASSED] - Text 'VA' is set on object 'Object Repository/IWP30/Page_VRelay30Emulator/State'

04-10-2024T23:10:03 - [MESSAGE][PASSED] - Text '22201' is set on object 'Object Repository/IWP30/Page_VRelay30Emulator/ZIP'

04-10-2024T23:10:04 - [MESSAGE][PASSED] - Text '' is set on object 'Object Repository/IWP30/Page_VRelay30Emulator/Order'

04-10-2024T23:10:04 - [MESSAGE][PASSED] - Text 'Some Company' is set on object 'Object Repository/IWP30/Page_VRelay30Emulator/Company'

04-10-2024T23:10:05 - [MESSAGE][PASSED] - Text 'iahmed@govolution.com' is set on object 'Object Repository/IWP30/Page_VRelay30Emulator/Email'

04-10-2024T23:10:06 - [MESSAGE][PASSED] - Text 'udf data 1' is set on object 'Object Repository/IWP30/Page_VRelay30Emulator/UDF1'

04-10-2024T23:10:06 - [MESSAGE][PASSED] - Text 'udf data 2' is set on object 'Object Repository/IWP30/Page_VRelay30Emulator/UDF2'

04-10-2024T23:10:07 - [MESSAGE][PASSED] - Text 'udf data 3' is set on object 'Object Repository/IWP30/Page_VRelay30Emulator/UDF3'

04-10-2024T23:10:07 - [MESSAGE][PASSED] - Text 'udf data 4' is set on object 'Object Repository/IWP30/Page_VRelay30Emulator/UDF4'

04-10-2024T23:10:08 - [MESSAGE][PASSED] - Text 'udf data 5' is set on object 'Object Repository/IWP30/Page_VRelay30Emulator/UDF5'

04-10-2024T23:10:09 - [MESSAGE][PASSED] - Text 'udf data 6' is set on object 'Object Repository/IWP30/Page_VRelay30Emulator/UDF6'

04-10-2024T23:10:09 - [MESSAGE][PASSED] - Text 'Orange' is set on object 'Object Repository/IWP30/Page_VRelay30Emulator/UDF7'

04-10-2024T23:10:10 - [MESSAGE][PASSED] - Text 'Soccer' is set on object 'Object Repository/IWP30/Page_VRelay30Emulator/UDF8'

04-10-2024T23:10:10 - [MESSAGE][PASSED] - Text 'udf data 9' is set on object 'Object Repository/IWP30/Page_VRelay30Emulator/UDF9'

04-10-2024T23:10:11 - [MESSAGE][PASSED] - Text 'udf data 10' is set on object 'Object Repository/IWP30/Page_VRelay30Emulator/UDF10'

04-10-2024T23:10:12 - [MESSAGE][PASSED] - Object: 'Object Repository/IWP30/Page_VRelay30Emulator/Submit' is clicked on

04-10-2024T23:10:17 - [MESSAGE][PASSED] - Browser is closed

04-10-2024T23:10:21 - [MESSAGE][PASSED] - iwpPages.emulatorIWP30.setDataEmulator_DD is PASSED

04-10-2024T23:10:21 - [TEST_STEP][PASSED] - testHarnessURL = urlTestHarness: null

04-10-2024T23:10:21 - [TEST_STEP][PASSED] - openBrowser(testHarnessURL): Browser is opened with url: 'https://dev-algorithm.govolution.com/vrelaytest/QA/version_2_2/vrelaytest.html'

04-10-2024T23:10:21 - [MESSAGE][INFO] - Starting 'Edge Chromium' driver

04-10-2024T23:10:21 - [MESSAGE][INFO] - User set preference: ['acceptInsecureCerts', 'true']

04-10-2024T23:10:23 - [MESSAGE][INFO] - Action delay is set to 0 milliseconds

04-10-2024T23:10:27 - [MESSAGE][PASSED] - Browser is opened with url: 'https://dev-algorithm.govolution.com/vrelaytest/QA/version_2_2/vrelaytest.html'

04-10-2024T23:10:27 - [TEST_STEP][PASSED] - maximizeWindow(): Current window maximized

04-10-2024T23:10:27 - [MESSAGE][PASSED] - Current window maximized

04-10-2024T23:10:27 - [TEST_STEP][PASSED] - iwpPages.TestHarnessPage.setDataMethod(row, dataFile): iwpPages.TestHarnessPage.setDataMethod is PASSED

04-10-2024T23:10:27 - [MESSAGE][PASSED] - Object 'Object Repository/IWP30/Page_QATestHarness/RemittanceID' is present

04-10-2024T23:10:28 - [MESSAGE][PASSED] - Text '638' is set on object 'Object Repository/IWP30/Page_QATestHarness/ApplicationID'

04-10-2024T23:10:28 - [MESSAGE][PASSED] - Text '2.5' is set on object 'Object Repository/IWP30/Page_QATestHarness/MessageVersion'

04-10-2024T23:10:29 - [MESSAGE][PASSED] - Text '1DaixnO7JnMo' is set on object 'Object Repository/IWP30/Page_QATestHarness/RemittanceID'

04-10-2024T23:10:32 - [MESSAGE][PASSED] - Object: 'Object Repository/IWP30/Page_QATestHarness/SubmitButton' is clicked on

04-10-2024T23:10:32 - [MESSAGE][PASSED] - iwpPages.TestHarnessPage.setDataMethod is PASSED

04-10-2024T23:10:32 - [TEST_STEP][PASSED] - click(findTestObject("Object Repository/IWP30/Page_SelectPaymentMethod/PayByPersonalCheck")): Object: 'Object Repository/IWP30/Page_SelectPaymentMethod/PayByPersonalCheck' is clicked on

04-10-2024T23:10:32 - [MESSAGE][PASSED] - Object: 'Object Repository/IWP30/Page_SelectPaymentMethod/PayByPersonalCheck' is clicked on

04-10-2024T23:10:32 - [TEST_STEP][PASSED] - click(findTestObject("Object Repository/IWP30/Page_SelectPaymentMethod/MakePaymentButton")): Object: 'Object Repository/IWP30/Page_SelectPaymentMethod/MakePaymentButton' is clicked on

04-10-2024T23:10:34 - [MESSAGE][PASSED] - Object: 'Object Repository/IWP30/Page_SelectPaymentMethod/MakePaymentButton' is clicked on

04-10-2024T23:10:34 - [TEST_STEP][PASSED] - iwpPages.achPersonalPaymentEntryPage.setDataACHPPM(row, dataFile): iwpPages.achPersonalPaymentEntryPage.setDataACHPPM is PASSED

04-10-2024T23:10:35 - [MESSAGE][PASSED] - Object 'Object Repository/IWP30/Page_ACHPersonalPaymentEntry/txt_accountNumber' is present

04-10-2024T23:10:36 - [MESSAGE][PASSED] - Text '11.50' is set on object 'Object Repository/IWP30/Page_ACHPersonalPaymentEntry/txt_Amount'

04-10-2024T23:10:36 - [MESSAGE][PASSED] - Object 'Object Repository/IWP30/Page_ACHPersonalPaymentEntry/txt_UDF2' is present

04-10-2024T23:10:36 - [MESSAGE][PASSED] - All options with label 'Soccer' are selected in object 'Object Repository/IWP30/Page_ACHPersonalPaymentEntry/dd_UDF8' 

04-10-2024T23:10:37 - [MESSAGE][PASSED] - Object 'Object Repository/IWP30/Page_ACHPersonalPaymentEntry/txt_Firstname' is present

04-10-2024T23:10:37 - [MESSAGE][PASSED] - Text 'Elizath' is set on object 'Object Repository/IWP30/Page_ACHPersonalPaymentEntry/txt_Firstname'

04-10-2024T23:10:37 - [MESSAGE][PASSED] - Object 'Object Repository/IWP30/Page_ACHPersonalPaymentEntry/txt_Lastname' is present

04-10-2024T23:10:38 - [MESSAGE][PASSED] - Text 'Christine' is set on object 'Object Repository/IWP30/Page_ACHPersonalPaymentEntry/txt_Lastname'

04-10-2024T23:10:38 - [MESSAGE][PASSED] - Object 'Object Repository/IWP30/Page_ACHPersonalPaymentEntry/txt_routingNumber' is present

04-10-2024T23:10:39 - [MESSAGE][PASSED] - Text '256072691' is set on object 'Object Repository/IWP30/Page_ACHPersonalPaymentEntry/txt_routingNumber'

04-10-2024T23:10:39 - [MESSAGE][PASSED] - Object 'Object Repository/IWP30/Page_ACHPersonalPaymentEntry/txt_accountNumber' is present

04-10-2024T23:10:40 - [MESSAGE][PASSED] - Text '12344444' is set on object 'Object Repository/IWP30/Page_ACHPersonalPaymentEntry/txt_accountNumber'

04-10-2024T23:10:41 - [MESSAGE][PASSED] - Object 'Object Repository/IWP30/Page_ACHPersonalPaymentEntry/txt_confirmAccountNumber' is present

04-10-2024T23:10:41 - [MESSAGE][PASSED] - Text '12344444' is set on object 'Object Repository/IWP30/Page_ACHPersonalPaymentEntry/txt_confirmAccountNumber'

04-10-2024T23:10:42 - [MESSAGE][PASSED] - Object 'Object Repository/IWP30/Page_ACHPersonalPaymentEntry/rd_accountType' is present

04-10-2024T23:10:42 - [MESSAGE][PASSED] - Modify property of object successfully

04-10-2024T23:10:42 - [MESSAGE][PASSED] - Object: 'Object Repository/IWP30/Page_ACHPersonalPaymentEntry/rd_accountType' is clicked on

04-10-2024T23:10:42 - [MESSAGE][PASSED] - Object 'Object Repository/IWP30/Page_ACHPersonalPaymentEntry/txt_Email' is present

04-10-2024T23:10:42 - [MESSAGE][PASSED] - Object 'Object Repository/IWP30/Page_ACHPersonalPaymentEntry/cb_TermsAndCond' is present

04-10-2024T23:10:43 - [MESSAGE][PASSED] - Object: 'Object Repository/IWP30/Page_ACHPersonalPaymentEntry/cb_TermsAndCond' is clicked on

04-10-2024T23:10:43 - [MESSAGE][PASSED] - Object 'Object Repository/IWP30/Page_ACHPersonalPaymentEntry/btn_Continue' is present

04-10-2024T23:10:44 - [MESSAGE][PASSED] - Object: 'Object Repository/IWP30/Page_ACHPersonalPaymentEntry/btn_Continue' is clicked on

04-10-2024T23:10:44 - [MESSAGE][PASSED] - iwpPages.achPersonalPaymentEntryPage.setDataACHPPM is PASSED

04-10-2024T23:10:44 - [TEST_STEP][PASSED] - click(findTestObject("Object Repository/IWP30/Page_Confirmation/ConfirmButton")): Object: 'Object Repository/IWP30/Page_Confirmation/ConfirmButton' is clicked on

04-10-2024T23:10:45 - [MESSAGE][PASSED] - Object: 'Object Repository/IWP30/Page_Confirmation/ConfirmButton' is clicked on

04-10-2024T23:10:45 - [TEST_STEP][PASSED] - Thread.sleep(10000): null

04-10-2024T23:10:55 - [TEST_STEP][PASSED] - if (verifyTextPresent("Successful Payment Receipt", false)): null

04-10-2024T23:10:56 - [MESSAGE][PASSED] - Text 'Successful Payment Receipt' is present on page 

04-10-2024T23:10:56 - [TEST_STEP][PASSED] - println("Successful Payment Receipt text is present on the Receipt page"): null

04-10-2024T23:10:56 - [TEST_STEP][PASSED] - markPassed("Successful Payment Receipt text is present on the Receipt page"): Successful Payment Receipt text is present on the Receipt page

04-10-2024T23:10:56 - [MESSAGE][PASSED] - Successful Payment Receipt text is present on the Receipt page

04-10-2024T23:10:56 - [TEST_STEP][PASSED] - resText = "Pass": null

04-10-2024T23:10:56 - [TEST_STEP][PASSED] - pages.WriteExcel.demoKey(resText, datText, resColumn, datCloumn, fileLoc, nameSheet, row): pages.WriteExcel.demoKey is PASSED

04-10-2024T23:10:56 - [MESSAGE][PASSED] - pages.WriteExcel.demoKey is PASSED

04-10-2024T23:10:56 - [TEST_STEP][PASSED] - closeBrowser(): Browser is closed

04-10-2024T23:10:56 - [MESSAGE][PASSED] - Browser is closed

04-10-2024T23:10:56 - [TEST_STEP][PASSED] - ExecuteTC = findTestData(dataFile).getValue("Execute", row): null

04-10-2024T23:10:56 - [TEST_STEP][PASSED] - out.println("Value of Execute is : " + ExecuteTC): null

04-10-2024T23:10:56 - [TEST_STEP][PASSED] - if (ExecuteTC.equalsIgnoreCase("Y")): null

04-10-2024T23:10:56 - [TEST_STEP][PASSED] - out.println("Begin Record Number: " + row): null

04-10-2024T23:10:56 - [TEST_STEP][PASSED] - today = new java.util.Date(): null

04-10-2024T23:10:56 - [TEST_STEP][PASSED] - println(today): null

04-10-2024T23:10:56 - [TEST_STEP][PASSED] - datText = today: null

04-10-2024T23:10:56 - [TEST_STEP][PASSED] - EmulatorDataKey = findTestData(dataFile).getValue("EmulatorData", row): null

04-10-2024T23:10:56 - [TEST_STEP][PASSED] - out.println("Value of Emulator Key is : " + EmulatorDataKey): null

04-10-2024T23:10:56 - [TEST_STEP][PASSED] - iwpPages.emulatorIWP30.setDataEmulator_DD(EmulatorDataKey): iwpPages.emulatorIWP30.setDataEmulator_DD is PASSED

04-10-2024T23:10:57 - [MESSAGE][INFO] - Starting 'Edge Chromium' driver

04-10-2024T23:10:57 - [MESSAGE][INFO] - User set preference: ['acceptInsecureCerts', 'true']

04-10-2024T23:10:59 - [MESSAGE][INFO] - Action delay is set to 0 milliseconds

04-10-2024T23:11:02 - [MESSAGE][PASSED] - Browser is opened with url: 'https://qa.velocitypayment.com/agency/config.do?action=editor&message_version=2_5'

04-10-2024T23:11:02 - [MESSAGE][PASSED] - Current window maximized

04-10-2024T23:11:03 - [MESSAGE][PASSED] - All options with value '2.5' are selected in object 'Object Repository/IWP30/Page_VRelay30Emulator/MV'  using regular expression

04-10-2024T23:11:04 - [MESSAGE][PASSED] - Text '10.50' is set on object 'Object Repository/IWP30/Page_VRelay30Emulator/Amount'

04-10-2024T23:11:04 - [MESSAGE][PASSED] - Text 'JTl4U3qOeRZc' is set on object 'Object Repository/IWP30/Page_VRelay30Emulator/CAN'

04-10-2024T23:11:05 - [MESSAGE][PASSED] - Text 'PayNow' is set on object 'Object Repository/IWP30/Page_VRelay30Emulator/Action'

04-10-2024T23:11:06 - [MESSAGE][PASSED] - Text 'en_US' is set on object 'Object Repository/IWP30/Page_VRelay30Emulator/Lang'

04-10-2024T23:11:06 - [MESSAGE][PASSED] - Text 'Jasmine' is set on object 'Object Repository/IWP30/Page_VRelay30Emulator/Fname'

04-10-2024T23:11:07 - [MESSAGE][PASSED] - Text 'Patrinol' is set on object 'Object Repository/IWP30/Page_VRelay30Emulator/Lname'

04-10-2024T23:11:07 - [MESSAGE][PASSED] - Text '258 Underwood rd' is set on object 'Object Repository/IWP30/Page_VRelay30Emulator/AL1'

04-10-2024T23:11:08 - [MESSAGE][PASSED] - Text 'Suite 600' is set on object 'Object Repository/IWP30/Page_VRelay30Emulator/AL2'

04-10-2024T23:11:09 - [MESSAGE][PASSED] - Text '840' is set on object 'Object Repository/IWP30/Page_VRelay30Emulator/Country'

04-10-2024T23:11:09 - [MESSAGE][PASSED] - Text 'Arlington' is set on object 'Object Repository/IWP30/Page_VRelay30Emulator/City'

04-10-2024T23:11:10 - [MESSAGE][PASSED] - Text 'VA' is set on object 'Object Repository/IWP30/Page_VRelay30Emulator/State'

04-10-2024T23:11:10 - [MESSAGE][PASSED] - Text '22201' is set on object 'Object Repository/IWP30/Page_VRelay30Emulator/ZIP'

04-10-2024T23:11:11 - [MESSAGE][PASSED] - Text '' is set on object 'Object Repository/IWP30/Page_VRelay30Emulator/Order'

04-10-2024T23:11:12 - [MESSAGE][PASSED] - Text 'Some Company' is set on object 'Object Repository/IWP30/Page_VRelay30Emulator/Company'

04-10-2024T23:11:12 - [MESSAGE][PASSED] - Text 'iahmed@govolution.com' is set on object 'Object Repository/IWP30/Page_VRelay30Emulator/Email'

04-10-2024T23:11:13 - [MESSAGE][PASSED] - Text 'udf data 1' is set on object 'Object Repository/IWP30/Page_VRelay30Emulator/UDF1'

04-10-2024T23:11:13 - [MESSAGE][PASSED] - Text 'udf data 2' is set on object 'Object Repository/IWP30/Page_VRelay30Emulator/UDF2'

04-10-2024T23:11:14 - [MESSAGE][PASSED] - Text 'udf data 3' is set on object 'Object Repository/IWP30/Page_VRelay30Emulator/UDF3'

04-10-2024T23:11:15 - [MESSAGE][PASSED] - Text 'udf data 4' is set on object 'Object Repository/IWP30/Page_VRelay30Emulator/UDF4'

04-10-2024T23:11:15 - [MESSAGE][PASSED] - Text 'udf data 5' is set on object 'Object Repository/IWP30/Page_VRelay30Emulator/UDF5'

04-10-2024T23:11:16 - [MESSAGE][PASSED] - Text 'udf data 6' is set on object 'Object Repository/IWP30/Page_VRelay30Emulator/UDF6'

04-10-2024T23:11:16 - [MESSAGE][PASSED] - Text 'Orange' is set on object 'Object Repository/IWP30/Page_VRelay30Emulator/UDF7'

04-10-2024T23:11:17 - [MESSAGE][PASSED] - Text 'Soccer' is set on object 'Object Repository/IWP30/Page_VRelay30Emulator/UDF8'

04-10-2024T23:11:18 - [MESSAGE][PASSED] - Text 'udf data 9' is set on object 'Object Repository/IWP30/Page_VRelay30Emulator/UDF9'

04-10-2024T23:11:18 - [MESSAGE][PASSED] - Text 'udf data 10' is set on object 'Object Repository/IWP30/Page_VRelay30Emulator/UDF10'

04-10-2024T23:11:19 - [MESSAGE][PASSED] - Object: 'Object Repository/IWP30/Page_VRelay30Emulator/Submit' is clicked on

04-10-2024T23:11:24 - [MESSAGE][PASSED] - Browser is closed

04-10-2024T23:11:28 - [MESSAGE][PASSED] - iwpPages.emulatorIWP30.setDataEmulator_DD is PASSED

04-10-2024T23:11:28 - [TEST_STEP][PASSED] - testHarnessURL = urlTestHarness: null

04-10-2024T23:11:28 - [TEST_STEP][PASSED] - openBrowser(testHarnessURL): Browser is opened with url: 'https://dev-algorithm.govolution.com/vrelaytest/QA/version_2_2/vrelaytest.html'

04-10-2024T23:11:28 - [MESSAGE][INFO] - Starting 'Edge Chromium' driver

04-10-2024T23:11:28 - [MESSAGE][INFO] - User set preference: ['acceptInsecureCerts', 'true']

04-10-2024T23:11:30 - [MESSAGE][INFO] - Action delay is set to 0 milliseconds

04-10-2024T23:11:33 - [MESSAGE][PASSED] - Browser is opened with url: 'https://dev-algorithm.govolution.com/vrelaytest/QA/version_2_2/vrelaytest.html'

04-10-2024T23:11:33 - [TEST_STEP][PASSED] - maximizeWindow(): Current window maximized

04-10-2024T23:11:34 - [MESSAGE][PASSED] - Current window maximized

04-10-2024T23:11:34 - [TEST_STEP][PASSED] - iwpPages.TestHarnessPage.setDataMethod(row, dataFile): iwpPages.TestHarnessPage.setDataMethod is PASSED

04-10-2024T23:11:34 - [MESSAGE][PASSED] - Object 'Object Repository/IWP30/Page_QATestHarness/RemittanceID' is present

04-10-2024T23:11:34 - [MESSAGE][PASSED] - Text '638' is set on object 'Object Repository/IWP30/Page_QATestHarness/ApplicationID'

04-10-2024T23:11:35 - [MESSAGE][PASSED] - Text '2.5' is set on object 'Object Repository/IWP30/Page_QATestHarness/MessageVersion'

04-10-2024T23:11:36 - [MESSAGE][PASSED] - Text 'RuVErp9vOMDZ' is set on object 'Object Repository/IWP30/Page_QATestHarness/RemittanceID'

04-10-2024T23:11:39 - [MESSAGE][PASSED] - Object: 'Object Repository/IWP30/Page_QATestHarness/SubmitButton' is clicked on

04-10-2024T23:11:39 - [MESSAGE][PASSED] - iwpPages.TestHarnessPage.setDataMethod is PASSED

04-10-2024T23:11:39 - [TEST_STEP][PASSED] - click(findTestObject("Object Repository/IWP30/Page_SelectPaymentMethod/PayByPersonalCheck")): Object: 'Object Repository/IWP30/Page_SelectPaymentMethod/PayByPersonalCheck' is clicked on

04-10-2024T23:11:40 - [MESSAGE][PASSED] - Object: 'Object Repository/IWP30/Page_SelectPaymentMethod/PayByPersonalCheck' is clicked on

04-10-2024T23:11:40 - [TEST_STEP][PASSED] - click(findTestObject("Object Repository/IWP30/Page_SelectPaymentMethod/MakePaymentButton")): Object: 'Object Repository/IWP30/Page_SelectPaymentMethod/MakePaymentButton' is clicked on

04-10-2024T23:11:41 - [MESSAGE][PASSED] - Object: 'Object Repository/IWP30/Page_SelectPaymentMethod/MakePaymentButton' is clicked on

04-10-2024T23:11:41 - [TEST_STEP][PASSED] - iwpPages.achPersonalPaymentEntryPage.setDataACHPPM(row, dataFile): iwpPages.achPersonalPaymentEntryPage.setDataACHPPM is PASSED

04-10-2024T23:11:42 - [MESSAGE][PASSED] - Object 'Object Repository/IWP30/Page_ACHPersonalPaymentEntry/txt_accountNumber' is present

04-10-2024T23:11:43 - [MESSAGE][PASSED] - Text '9.50' is set on object 'Object Repository/IWP30/Page_ACHPersonalPaymentEntry/txt_Amount'

04-10-2024T23:11:43 - [MESSAGE][PASSED] - Object 'Object Repository/IWP30/Page_ACHPersonalPaymentEntry/txt_UDF2' is present

04-10-2024T23:11:44 - [MESSAGE][PASSED] - All options with label 'Soccer' are selected in object 'Object Repository/IWP30/Page_ACHPersonalPaymentEntry/dd_UDF8' 

04-10-2024T23:11:44 - [MESSAGE][PASSED] - Object 'Object Repository/IWP30/Page_ACHPersonalPaymentEntry/txt_Firstname' is present

04-10-2024T23:11:45 - [MESSAGE][PASSED] - Text 'Elizath' is set on object 'Object Repository/IWP30/Page_ACHPersonalPaymentEntry/txt_Firstname'

04-10-2024T23:11:45 - [MESSAGE][PASSED] - Object 'Object Repository/IWP30/Page_ACHPersonalPaymentEntry/txt_Lastname' is present

04-10-2024T23:11:45 - [MESSAGE][PASSED] - Text 'Christine' is set on object 'Object Repository/IWP30/Page_ACHPersonalPaymentEntry/txt_Lastname'

04-10-2024T23:11:46 - [MESSAGE][PASSED] - Object 'Object Repository/IWP30/Page_ACHPersonalPaymentEntry/txt_routingNumber' is present

04-10-2024T23:11:46 - [MESSAGE][PASSED] - Text '256072691' is set on object 'Object Repository/IWP30/Page_ACHPersonalPaymentEntry/txt_routingNumber'

04-10-2024T23:11:46 - [MESSAGE][PASSED] - Object 'Object Repository/IWP30/Page_ACHPersonalPaymentEntry/txt_accountNumber' is present

04-10-2024T23:11:48 - [MESSAGE][PASSED] - Text '12344444' is set on object 'Object Repository/IWP30/Page_ACHPersonalPaymentEntry/txt_accountNumber'

04-10-2024T23:11:49 - [MESSAGE][PASSED] - Object 'Object Repository/IWP30/Page_ACHPersonalPaymentEntry/txt_confirmAccountNumber' is present

04-10-2024T23:11:49 - [MESSAGE][PASSED] - Text '12344444' is set on object 'Object Repository/IWP30/Page_ACHPersonalPaymentEntry/txt_confirmAccountNumber'

04-10-2024T23:11:49 - [MESSAGE][PASSED] - Object 'Object Repository/IWP30/Page_ACHPersonalPaymentEntry/rd_accountType' is present

04-10-2024T23:11:49 - [MESSAGE][PASSED] - Modify property of object successfully

04-10-2024T23:11:50 - [MESSAGE][PASSED] - Object: 'Object Repository/IWP30/Page_ACHPersonalPaymentEntry/rd_accountType' is clicked on

04-10-2024T23:11:50 - [MESSAGE][PASSED] - Object 'Object Repository/IWP30/Page_ACHPersonalPaymentEntry/txt_Email' is present

04-10-2024T23:11:50 - [MESSAGE][PASSED] - Object 'Object Repository/IWP30/Page_ACHPersonalPaymentEntry/cb_TermsAndCond' is present

04-10-2024T23:11:51 - [MESSAGE][PASSED] - Object: 'Object Repository/IWP30/Page_ACHPersonalPaymentEntry/cb_TermsAndCond' is clicked on

04-10-2024T23:11:51 - [MESSAGE][PASSED] - Object 'Object Repository/IWP30/Page_ACHPersonalPaymentEntry/btn_Continue' is present

04-10-2024T23:11:52 - [MESSAGE][PASSED] - Object: 'Object Repository/IWP30/Page_ACHPersonalPaymentEntry/btn_Continue' is clicked on

04-10-2024T23:11:52 - [MESSAGE][PASSED] - iwpPages.achPersonalPaymentEntryPage.setDataACHPPM is PASSED

04-10-2024T23:11:52 - [TEST_STEP][PASSED] - click(findTestObject("Object Repository/IWP30/Page_Confirmation/ConfirmButton")): Object: 'Object Repository/IWP30/Page_Confirmation/ConfirmButton' is clicked on

04-10-2024T23:11:53 - [MESSAGE][PASSED] - Object: 'Object Repository/IWP30/Page_Confirmation/ConfirmButton' is clicked on

04-10-2024T23:11:53 - [TEST_STEP][PASSED] - Thread.sleep(10000): null

04-10-2024T23:12:03 - [TEST_STEP][PASSED] - if (verifyTextPresent("Successful Payment Receipt", false)): null

04-10-2024T23:12:04 - [MESSAGE][PASSED] - Text 'Successful Payment Receipt' is present on page 

04-10-2024T23:12:04 - [TEST_STEP][PASSED] - println("Successful Payment Receipt text is present on the Receipt page"): null

04-10-2024T23:12:04 - [TEST_STEP][PASSED] - markPassed("Successful Payment Receipt text is present on the Receipt page"): Successful Payment Receipt text is present on the Receipt page

04-10-2024T23:12:04 - [MESSAGE][PASSED] - Successful Payment Receipt text is present on the Receipt page

04-10-2024T23:12:04 - [TEST_STEP][PASSED] - resText = "Pass": null

04-10-2024T23:12:04 - [TEST_STEP][PASSED] - pages.WriteExcel.demoKey(resText, datText, resColumn, datCloumn, fileLoc, nameSheet, row): pages.WriteExcel.demoKey is PASSED

04-10-2024T23:12:04 - [MESSAGE][PASSED] - pages.WriteExcel.demoKey is PASSED

04-10-2024T23:12:04 - [TEST_STEP][PASSED] - closeBrowser(): Browser is closed

04-10-2024T23:12:04 - [MESSAGE][PASSED] - Browser is closed]]></system-out>
         <system-err><![CDATA[]]></system-err>
      </testcase>
      <testcase name="Test Cases/IntegratedWeb/IWP25/Payments/PayNowCorpDCF" time="172.098" classname="Test Cases/IntegratedWeb/IWP25/Payments/PayNowCorpDCF" status="PASSED">
         <system-out><![CDATA[04-10-2024T23:12:04 - [TEST_CASE][PASSED] - Test Cases/IntegratedWeb/IWP25/Payments/PayNowCorpDCF: Test Cases/IntegratedWeb/IWP25/Payments/PayNowCorpDCF

04-10-2024T23:12:05 - [TEST_STEP][PASSED] - resText = "Fail": null

04-10-2024T23:12:05 - [TEST_STEP][PASSED] - resColumn = "Result": null

04-10-2024T23:12:05 - [TEST_STEP][PASSED] - datCloumn = "Date": null

04-10-2024T23:12:05 - [TEST_STEP][PASSED] - fileLoc = "KatalonData/IWPTestData/VRelay25Payments.xlsx": null

04-10-2024T23:12:05 - [TEST_STEP][PASSED] - numOfRows = <not implemented yet for class: org.codehaus.groovy.ast.expr.EmptyExpression>: null

04-10-2024T23:12:05 - [TEST_STEP][PASSED] - dataFile = <not implemented yet for class: org.codehaus.groovy.ast.expr.EmptyExpression>: null

04-10-2024T23:12:05 - [TEST_STEP][PASSED] - nameSheet = <not implemented yet for class: org.codehaus.groovy.ast.expr.EmptyExpression>: null

04-10-2024T23:12:05 - [TEST_STEP][PASSED] - dataFileEmulator = <not implemented yet for class: org.codehaus.groovy.ast.expr.EmptyExpression>: null

04-10-2024T23:12:05 - [TEST_STEP][PASSED] - isRequiredTextPresent = false: null

04-10-2024T23:12:05 - [TEST_STEP][PASSED] - nameSheet = "PayNowCorpDCF": null

04-10-2024T23:12:05 - [TEST_STEP][PASSED] - dataFile = "IWPTestData/IWP25PayNowCorpDCF": null

04-10-2024T23:12:05 - [TEST_STEP][PASSED] - dataFileEmulator = "IWPTestData/EmulatorData": null

04-10-2024T23:12:05 - [TEST_STEP][PASSED] - numOfRows = findTestData(dataFile).getRowNumbers(): null

04-10-2024T23:12:05 - [TEST_STEP][PASSED] - println("Number of Records: " + numOfRows): null

04-10-2024T23:12:05 - [TEST_STEP][PASSED] - for ([row = 1, row <= numOfRows, (row++)]): Browser is closed

04-10-2024T23:12:05 - [TEST_STEP][PASSED] - ExecuteTC = findTestData(dataFile).getValue("Execute", row): null

04-10-2024T23:12:05 - [TEST_STEP][PASSED] - out.println("Value of Execute is : " + ExecuteTC): null

04-10-2024T23:12:05 - [TEST_STEP][PASSED] - if (ExecuteTC.equalsIgnoreCase("Y")): null

04-10-2024T23:12:05 - [TEST_STEP][PASSED] - out.println("Begin Record Number: " + row): null

04-10-2024T23:12:05 - [TEST_STEP][PASSED] - today = new java.util.Date(): null

04-10-2024T23:12:05 - [TEST_STEP][PASSED] - println(today): null

04-10-2024T23:12:05 - [TEST_STEP][PASSED] - datText = today: null

04-10-2024T23:12:05 - [TEST_STEP][PASSED] - EmulatorDataKey = findTestData(dataFile).getValue("EmulatorData", row): null

04-10-2024T23:12:05 - [TEST_STEP][PASSED] - out.println("Value of Emulator Key is : " + EmulatorDataKey): null

04-10-2024T23:12:05 - [TEST_STEP][PASSED] - iwpPages.emulatorIWP30.setDataEmulator_DD(EmulatorDataKey): iwpPages.emulatorIWP30.setDataEmulator_DD is PASSED

04-10-2024T23:12:05 - [MESSAGE][INFO] - Starting 'Edge Chromium' driver

04-10-2024T23:12:05 - [MESSAGE][INFO] - User set preference: ['acceptInsecureCerts', 'true']

04-10-2024T23:12:07 - [MESSAGE][INFO] - Action delay is set to 0 milliseconds

04-10-2024T23:12:10 - [MESSAGE][PASSED] - Browser is opened with url: 'https://qa.velocitypayment.com/agency/config.do?action=editor&message_version=2_5'

04-10-2024T23:12:10 - [MESSAGE][PASSED] - Current window maximized

04-10-2024T23:12:11 - [MESSAGE][PASSED] - All options with value '2.5' are selected in object 'Object Repository/IWP30/Page_VRelay30Emulator/MV'  using regular expression

04-10-2024T23:12:12 - [MESSAGE][PASSED] - Text '10.50' is set on object 'Object Repository/IWP30/Page_VRelay30Emulator/Amount'

04-10-2024T23:12:13 - [MESSAGE][PASSED] - Text 'oUhafzZxS0AN' is set on object 'Object Repository/IWP30/Page_VRelay30Emulator/CAN'

04-10-2024T23:12:13 - [MESSAGE][PASSED] - Text 'PayNow' is set on object 'Object Repository/IWP30/Page_VRelay30Emulator/Action'

04-10-2024T23:12:14 - [MESSAGE][PASSED] - Text 'en_US' is set on object 'Object Repository/IWP30/Page_VRelay30Emulator/Lang'

04-10-2024T23:12:14 - [MESSAGE][PASSED] - Text '' is set on object 'Object Repository/IWP30/Page_VRelay30Emulator/Fname'

04-10-2024T23:12:15 - [MESSAGE][PASSED] - Text '' is set on object 'Object Repository/IWP30/Page_VRelay30Emulator/Lname'

04-10-2024T23:12:15 - [MESSAGE][PASSED] - Text '' is set on object 'Object Repository/IWP30/Page_VRelay30Emulator/AL1'

04-10-2024T23:12:16 - [MESSAGE][PASSED] - Text '' is set on object 'Object Repository/IWP30/Page_VRelay30Emulator/AL2'

04-10-2024T23:12:17 - [MESSAGE][PASSED] - Text '' is set on object 'Object Repository/IWP30/Page_VRelay30Emulator/Country'

04-10-2024T23:12:17 - [MESSAGE][PASSED] - Text '' is set on object 'Object Repository/IWP30/Page_VRelay30Emulator/City'

04-10-2024T23:12:18 - [MESSAGE][PASSED] - Text '' is set on object 'Object Repository/IWP30/Page_VRelay30Emulator/State'

04-10-2024T23:12:18 - [MESSAGE][PASSED] - Text '' is set on object 'Object Repository/IWP30/Page_VRelay30Emulator/ZIP'

04-10-2024T23:12:19 - [MESSAGE][PASSED] - Text '' is set on object 'Object Repository/IWP30/Page_VRelay30Emulator/Order'

04-10-2024T23:12:19 - [MESSAGE][PASSED] - Text '' is set on object 'Object Repository/IWP30/Page_VRelay30Emulator/Company'

04-10-2024T23:12:20 - [MESSAGE][PASSED] - Text '' is set on object 'Object Repository/IWP30/Page_VRelay30Emulator/Email'

04-10-2024T23:12:21 - [MESSAGE][PASSED] - Text '' is set on object 'Object Repository/IWP30/Page_VRelay30Emulator/UDF1'

04-10-2024T23:12:21 - [MESSAGE][PASSED] - Text '' is set on object 'Object Repository/IWP30/Page_VRelay30Emulator/UDF2'

04-10-2024T23:12:22 - [MESSAGE][PASSED] - Text '' is set on object 'Object Repository/IWP30/Page_VRelay30Emulator/UDF3'

04-10-2024T23:12:22 - [MESSAGE][PASSED] - Text 'udf data 4' is set on object 'Object Repository/IWP30/Page_VRelay30Emulator/UDF4'

04-10-2024T23:12:23 - [MESSAGE][PASSED] - Text 'udf data 5' is set on object 'Object Repository/IWP30/Page_VRelay30Emulator/UDF5'

04-10-2024T23:12:24 - [MESSAGE][PASSED] - Text '' is set on object 'Object Repository/IWP30/Page_VRelay30Emulator/UDF6'

04-10-2024T23:12:24 - [MESSAGE][PASSED] - Text '' is set on object 'Object Repository/IWP30/Page_VRelay30Emulator/UDF7'

04-10-2024T23:12:25 - [MESSAGE][PASSED] - Text '' is set on object 'Object Repository/IWP30/Page_VRelay30Emulator/UDF8'

04-10-2024T23:12:25 - [MESSAGE][PASSED] - Text 'udf data 9' is set on object 'Object Repository/IWP30/Page_VRelay30Emulator/UDF9'

04-10-2024T23:12:26 - [MESSAGE][PASSED] - Text 'udf data 10' is set on object 'Object Repository/IWP30/Page_VRelay30Emulator/UDF10'

04-10-2024T23:12:27 - [MESSAGE][PASSED] - Object: 'Object Repository/IWP30/Page_VRelay30Emulator/Submit' is clicked on

04-10-2024T23:12:32 - [MESSAGE][PASSED] - Browser is closed

04-10-2024T23:12:36 - [MESSAGE][PASSED] - iwpPages.emulatorIWP30.setDataEmulator_DD is PASSED

04-10-2024T23:12:36 - [TEST_STEP][PASSED] - testHarnessURL = urlTestHarness: null

04-10-2024T23:12:36 - [TEST_STEP][PASSED] - openBrowser(testHarnessURL): Browser is opened with url: 'https://dev-algorithm.govolution.com/vrelaytest/QA/version_2_2/vrelaytest.html'

04-10-2024T23:12:36 - [MESSAGE][INFO] - Starting 'Edge Chromium' driver

04-10-2024T23:12:36 - [MESSAGE][INFO] - User set preference: ['acceptInsecureCerts', 'true']

04-10-2024T23:12:38 - [MESSAGE][INFO] - Action delay is set to 0 milliseconds

04-10-2024T23:12:42 - [MESSAGE][PASSED] - Browser is opened with url: 'https://dev-algorithm.govolution.com/vrelaytest/QA/version_2_2/vrelaytest.html'

04-10-2024T23:12:42 - [TEST_STEP][PASSED] - maximizeWindow(): Current window maximized

04-10-2024T23:12:42 - [MESSAGE][PASSED] - Current window maximized

04-10-2024T23:12:42 - [TEST_STEP][PASSED] - iwpPages.TestHarnessPage.setDataMethod(row, dataFile): iwpPages.TestHarnessPage.setDataMethod is PASSED

04-10-2024T23:12:42 - [MESSAGE][PASSED] - Object 'Object Repository/IWP30/Page_QATestHarness/RemittanceID' is present

04-10-2024T23:12:43 - [MESSAGE][PASSED] - Text '640' is set on object 'Object Repository/IWP30/Page_QATestHarness/ApplicationID'

04-10-2024T23:12:43 - [MESSAGE][PASSED] - Text '2.5' is set on object 'Object Repository/IWP30/Page_QATestHarness/MessageVersion'

04-10-2024T23:12:44 - [MESSAGE][PASSED] - Text 'BmzAaKP1iexv' is set on object 'Object Repository/IWP30/Page_QATestHarness/RemittanceID'

04-10-2024T23:12:47 - [MESSAGE][PASSED] - Object: 'Object Repository/IWP30/Page_QATestHarness/SubmitButton' is clicked on

04-10-2024T23:12:47 - [MESSAGE][PASSED] - iwpPages.TestHarnessPage.setDataMethod is PASSED

04-10-2024T23:12:47 - [TEST_STEP][PASSED] - click(findTestObject("Object Repository/IWP30/Page_SelectPaymentMethod/PayByCorporateCheck")): Object: 'Object Repository/IWP30/Page_SelectPaymentMethod/PayByCorporateCheck' is clicked on

04-10-2024T23:12:47 - [MESSAGE][PASSED] - Object: 'Object Repository/IWP30/Page_SelectPaymentMethod/PayByCorporateCheck' is clicked on

04-10-2024T23:12:47 - [TEST_STEP][PASSED] - click(findTestObject("Object Repository/IWP30/Page_SelectPaymentMethod/MakePaymentButton")): Object: 'Object Repository/IWP30/Page_SelectPaymentMethod/MakePaymentButton' is clicked on

04-10-2024T23:12:49 - [MESSAGE][PASSED] - Object: 'Object Repository/IWP30/Page_SelectPaymentMethod/MakePaymentButton' is clicked on

04-10-2024T23:12:49 - [TEST_STEP][PASSED] - iwpPages.achCorporatePaymentEntryPage.setDataCorporate(row, dataFile): iwpPages.achCorporatePaymentEntryPage.setDataCorporate is PASSED

04-10-2024T23:12:50 - [MESSAGE][PASSED] - Object 'Object Repository/IWP30/Page_ACHCorporatePaymentEntry/txt_accountNumber' is present

04-10-2024T23:12:50 - [MESSAGE][PASSED] - Object 'Object Repository/IWP30/Page_ACHCorporatePaymentEntry/input_CompanyName' is present

04-10-2024T23:12:50 - [MESSAGE][PASSED] - Text 'My Company' is set on object 'Object Repository/IWP30/Page_ACHCorporatePaymentEntry/input_CompanyName'

04-10-2024T23:12:51 - [MESSAGE][PASSED] - Object 'Object Repository/IWP30/Page_ACHCorporatePaymentEntry/input_EIN' is present

04-10-2024T23:12:51 - [MESSAGE][PASSED] - Text '123456789' is set on object 'Object Repository/IWP30/Page_ACHCorporatePaymentEntry/input_EIN'

04-10-2024T23:12:52 - [MESSAGE][PASSED] - Text '10.50' is set on object 'Object Repository/IWP30/Page_ACHCorporatePaymentEntry/txt_Amount'

04-10-2024T23:12:53 - [MESSAGE][PASSED] - Text 'udf data 2' is set on object 'Object Repository/IWP30/Page_ACHCorporatePaymentEntry/txt_UDF2'

04-10-2024T23:12:53 - [MESSAGE][PASSED] - Text 'udf data 3' is set on object 'Object Repository/IWP30/Page_ACHCorporatePaymentEntry/txt_UDF3'

04-10-2024T23:12:54 - [MESSAGE][PASSED] - All options with label 'Orange' are selected in object 'Object Repository/IWP30/Page_ACHCorporatePaymentEntry/dd_UDF7' 

04-10-2024T23:12:54 - [MESSAGE][PASSED] - All options with label 'Soccer' are selected in object 'Object Repository/IWP30/Page_ACHCorporatePaymentEntry/dd_UDF8' 

04-10-2024T23:12:55 - [MESSAGE][PASSED] - Object 'Object Repository/IWP30/Page_ACHCorporatePaymentEntry/txt_routingNumber' is present

04-10-2024T23:12:55 - [MESSAGE][PASSED] - Text '256072691' is set on object 'Object Repository/IWP30/Page_ACHCorporatePaymentEntry/txt_routingNumber'

04-10-2024T23:12:55 - [MESSAGE][PASSED] - Object 'Object Repository/IWP30/Page_ACHCorporatePaymentEntry/txt_accountNumber' is present

04-10-2024T23:12:57 - [MESSAGE][PASSED] - Text '12344444' is set on object 'Object Repository/IWP30/Page_ACHCorporatePaymentEntry/txt_accountNumber'

04-10-2024T23:12:57 - [MESSAGE][PASSED] - Object 'Object Repository/IWP30/Page_ACHCorporatePaymentEntry/txt_confirmAccountNumber' is present

04-10-2024T23:12:58 - [MESSAGE][PASSED] - Text '12344444' is set on object 'Object Repository/IWP30/Page_ACHCorporatePaymentEntry/txt_confirmAccountNumber'

04-10-2024T23:12:58 - [MESSAGE][PASSED] - Text '365 Main Avenue' is set on object 'Object Repository/IWP30/Page_ACHCorporatePaymentEntry/txt_AL1'

04-10-2024T23:12:59 - [MESSAGE][PASSED] - Text '22201' is set on object 'Object Repository/IWP30/Page_ACHCorporatePaymentEntry/txt_ZIP'

04-10-2024T23:12:59 - [MESSAGE][PASSED] - Object 'Object Repository/IWP30/Page_ACHCorporatePaymentEntry/txt_Email' is present

04-10-2024T23:13:00 - [MESSAGE][PASSED] - Text 'iahmed@govolution.com' is set on object 'Object Repository/IWP30/Page_ACHCorporatePaymentEntry/txt_Email'

04-10-2024T23:13:01 - [MESSAGE][PASSED] - Object 'Object Repository/IWP30/Page_ACHCorporatePaymentEntry/cb_TermsAndCond' is present

04-10-2024T23:13:01 - [MESSAGE][PASSED] - Object: 'Object Repository/IWP30/Page_ACHCorporatePaymentEntry/cb_TermsAndCond' is clicked on

04-10-2024T23:13:01 - [MESSAGE][PASSED] - Object 'Object Repository/IWP30/Page_ACHCorporatePaymentEntry/btn_Continue' is present

04-10-2024T23:13:02 - [MESSAGE][PASSED] - Object: 'Object Repository/IWP30/Page_ACHCorporatePaymentEntry/btn_Continue' is clicked on

04-10-2024T23:13:02 - [MESSAGE][PASSED] - iwpPages.achCorporatePaymentEntryPage.setDataCorporate is PASSED

04-10-2024T23:13:02 - [TEST_STEP][PASSED] - click(findTestObject("Object Repository/IWP30/Page_Confirmation/ConfirmButton")): Object: 'Object Repository/IWP30/Page_Confirmation/ConfirmButton' is clicked on

04-10-2024T23:13:04 - [MESSAGE][PASSED] - Object: 'Object Repository/IWP30/Page_Confirmation/ConfirmButton' is clicked on

04-10-2024T23:13:04 - [TEST_STEP][PASSED] - Thread.sleep(5000): null

04-10-2024T23:13:09 - [TEST_STEP][PASSED] - println("I am on real estate page"): null

04-10-2024T23:13:09 - [TEST_STEP][PASSED] - if (verifyTextPresent("Make a Real Estate Payment", false)): null

04-10-2024T23:13:09 - [MESSAGE][PASSED] - Text 'Make a Real Estate Payment' is present on page 

04-10-2024T23:13:09 - [TEST_STEP][PASSED] - isRequiredTextPresent = true: null

04-10-2024T23:13:09 - [TEST_STEP][PASSED] - println(isRequiredTextPresent): null

04-10-2024T23:13:09 - [TEST_STEP][PASSED] - if (isRequiredTextPresent): null

04-10-2024T23:13:09 - [TEST_STEP][PASSED] - if (verifyTextPresent("This transaction is subject to a Convenience Fees of $2.00.", false)): null

04-10-2024T23:13:10 - [MESSAGE][PASSED] - Text 'This transaction is subject to a Convenience Fees of $2.00.' is present on page 

04-10-2024T23:13:10 - [TEST_STEP][PASSED] - isRequiredTextPresent = true: null

04-10-2024T23:13:10 - [TEST_STEP][PASSED] - println(isRequiredTextPresent): null

04-10-2024T23:13:10 - [TEST_STEP][PASSED] - if (isRequiredTextPresent): null

04-10-2024T23:13:10 - [TEST_STEP][PASSED] - if (verifyTextPresent("Payment Amount:  $10.50", false)): null

04-10-2024T23:13:10 - [MESSAGE][PASSED] - Text 'Payment Amount:  $10.50' is present on page 

04-10-2024T23:13:10 - [TEST_STEP][PASSED] - isRequiredTextPresent = true: null

04-10-2024T23:13:10 - [TEST_STEP][PASSED] - if (isRequiredTextPresent): null

04-10-2024T23:13:10 - [TEST_STEP][PASSED] - if (verifyTextPresent("Convenience Fees:  $2.00", false)): null

04-10-2024T23:13:10 - [MESSAGE][PASSED] - Text 'Convenience Fees:  $2.00' is present on page 

04-10-2024T23:13:10 - [TEST_STEP][PASSED] - isRequiredTextPresent = true: null

04-10-2024T23:13:10 - [TEST_STEP][PASSED] - if (isRequiredTextPresent): null

04-10-2024T23:13:10 - [TEST_STEP][PASSED] - if (verifyTextPresent("Total Amount:  $12.50", false)): null

04-10-2024T23:13:10 - [MESSAGE][PASSED] - Text 'Total Amount:  $12.50' is present on page 

04-10-2024T23:13:10 - [TEST_STEP][PASSED] - isRequiredTextPresent = true: null

04-10-2024T23:13:10 - [TEST_STEP][PASSED] - if (isRequiredTextPresent): null

04-10-2024T23:13:10 - [TEST_STEP][PASSED] - if (verifyTextPresent("Two transactions will appear on your bank statement, one in the amount of $10.50 and one in the amount of $2.00.", false)): null

04-10-2024T23:13:11 - [MESSAGE][PASSED] - Text 'Two transactions will appear on your bank statement, one in the amount of $10.50 and one in the amount of $2.00.' is present on page 

04-10-2024T23:13:11 - [TEST_STEP][PASSED] - isRequiredTextPresent = true: null

04-10-2024T23:13:11 - [TEST_STEP][PASSED] - Thread.sleep(10000): null

04-10-2024T23:13:21 - [TEST_STEP][PASSED] - click(findTestObject("Object Repository/IWP30/Page_ConvenienceFees/btn_convFeeNotifyAction")): Object: 'Object Repository/IWP30/Page_ConvenienceFees/btn_convFeeNotifyAction' is clicked on

04-10-2024T23:13:22 - [MESSAGE][PASSED] - Object: 'Object Repository/IWP30/Page_ConvenienceFees/btn_convFeeNotifyAction' is clicked on

04-10-2024T23:13:22 - [TEST_STEP][PASSED] - Thread.sleep(10000): null

04-10-2024T23:13:32 - [TEST_STEP][PASSED] - if (verifyTextPresent("Successful Payment Receipt", false)): null

04-10-2024T23:13:33 - [MESSAGE][PASSED] - Text 'Successful Payment Receipt' is present on page 

04-10-2024T23:13:33 - [TEST_STEP][PASSED] - println("Successful Payment Receipt text is present on the Receipt page"): null

04-10-2024T23:13:33 - [TEST_STEP][PASSED] - markPassed("Successful Payment Receipt text is present on the Receipt page"): Successful Payment Receipt text is present on the Receipt page

04-10-2024T23:13:33 - [MESSAGE][PASSED] - Successful Payment Receipt text is present on the Receipt page

04-10-2024T23:13:33 - [TEST_STEP][PASSED] - resText = "Pass": null

04-10-2024T23:13:33 - [TEST_STEP][PASSED] - pages.WriteExcel.demoKey(resText, datText, resColumn, datCloumn, fileLoc, nameSheet, row): pages.WriteExcel.demoKey is PASSED

04-10-2024T23:13:33 - [MESSAGE][PASSED] - pages.WriteExcel.demoKey is PASSED

04-10-2024T23:13:33 - [TEST_STEP][PASSED] - closeBrowser(): Browser is closed

04-10-2024T23:13:33 - [MESSAGE][PASSED] - Browser is closed

04-10-2024T23:13:33 - [TEST_STEP][PASSED] - ExecuteTC = findTestData(dataFile).getValue("Execute", row): null

04-10-2024T23:13:33 - [TEST_STEP][PASSED] - out.println("Value of Execute is : " + ExecuteTC): null

04-10-2024T23:13:33 - [TEST_STEP][PASSED] - if (ExecuteTC.equalsIgnoreCase("Y")): null

04-10-2024T23:13:33 - [TEST_STEP][PASSED] - out.println("Begin Record Number: " + row): null

04-10-2024T23:13:33 - [TEST_STEP][PASSED] - today = new java.util.Date(): null

04-10-2024T23:13:33 - [TEST_STEP][PASSED] - println(today): null

04-10-2024T23:13:33 - [TEST_STEP][PASSED] - datText = today: null

04-10-2024T23:13:33 - [TEST_STEP][PASSED] - EmulatorDataKey = findTestData(dataFile).getValue("EmulatorData", row): null

04-10-2024T23:13:33 - [TEST_STEP][PASSED] - out.println("Value of Emulator Key is : " + EmulatorDataKey): null

04-10-2024T23:13:33 - [TEST_STEP][PASSED] - iwpPages.emulatorIWP30.setDataEmulator_DD(EmulatorDataKey): iwpPages.emulatorIWP30.setDataEmulator_DD is PASSED

04-10-2024T23:13:34 - [MESSAGE][INFO] - Starting 'Edge Chromium' driver

04-10-2024T23:13:34 - [MESSAGE][INFO] - User set preference: ['acceptInsecureCerts', 'true']

04-10-2024T23:13:36 - [MESSAGE][INFO] - Action delay is set to 0 milliseconds

04-10-2024T23:13:39 - [MESSAGE][PASSED] - Browser is opened with url: 'https://qa.velocitypayment.com/agency/config.do?action=editor&message_version=2_5'

04-10-2024T23:13:39 - [MESSAGE][PASSED] - Current window maximized

04-10-2024T23:13:40 - [MESSAGE][PASSED] - All options with value '2.5' are selected in object 'Object Repository/IWP30/Page_VRelay30Emulator/MV'  using regular expression

04-10-2024T23:13:40 - [MESSAGE][PASSED] - Text '10.50' is set on object 'Object Repository/IWP30/Page_VRelay30Emulator/Amount'

04-10-2024T23:13:41 - [MESSAGE][PASSED] - Text 'gNA1ogM3QLkW' is set on object 'Object Repository/IWP30/Page_VRelay30Emulator/CAN'

04-10-2024T23:13:42 - [MESSAGE][PASSED] - Text 'PayNow' is set on object 'Object Repository/IWP30/Page_VRelay30Emulator/Action'

04-10-2024T23:13:42 - [MESSAGE][PASSED] - Text 'en_US' is set on object 'Object Repository/IWP30/Page_VRelay30Emulator/Lang'

04-10-2024T23:13:43 - [MESSAGE][PASSED] - Text 'Jasmine' is set on object 'Object Repository/IWP30/Page_VRelay30Emulator/Fname'

04-10-2024T23:13:44 - [MESSAGE][PASSED] - Text 'Patrinol' is set on object 'Object Repository/IWP30/Page_VRelay30Emulator/Lname'

04-10-2024T23:13:44 - [MESSAGE][PASSED] - Text '258 Underwood rd' is set on object 'Object Repository/IWP30/Page_VRelay30Emulator/AL1'

04-10-2024T23:13:45 - [MESSAGE][PASSED] - Text 'Suite 600' is set on object 'Object Repository/IWP30/Page_VRelay30Emulator/AL2'

04-10-2024T23:13:45 - [MESSAGE][PASSED] - Text '840' is set on object 'Object Repository/IWP30/Page_VRelay30Emulator/Country'

04-10-2024T23:13:46 - [MESSAGE][PASSED] - Text 'Arlington' is set on object 'Object Repository/IWP30/Page_VRelay30Emulator/City'

04-10-2024T23:13:46 - [MESSAGE][PASSED] - Text 'VA' is set on object 'Object Repository/IWP30/Page_VRelay30Emulator/State'

04-10-2024T23:13:47 - [MESSAGE][PASSED] - Text '22201' is set on object 'Object Repository/IWP30/Page_VRelay30Emulator/ZIP'

04-10-2024T23:13:48 - [MESSAGE][PASSED] - Text '' is set on object 'Object Repository/IWP30/Page_VRelay30Emulator/Order'

04-10-2024T23:13:48 - [MESSAGE][PASSED] - Text 'Some Company' is set on object 'Object Repository/IWP30/Page_VRelay30Emulator/Company'

04-10-2024T23:13:49 - [MESSAGE][PASSED] - Text 'iahmed@govolution.com' is set on object 'Object Repository/IWP30/Page_VRelay30Emulator/Email'

04-10-2024T23:13:50 - [MESSAGE][PASSED] - Text 'udf data 1' is set on object 'Object Repository/IWP30/Page_VRelay30Emulator/UDF1'

04-10-2024T23:13:50 - [MESSAGE][PASSED] - Text 'udf data 2' is set on object 'Object Repository/IWP30/Page_VRelay30Emulator/UDF2'

04-10-2024T23:13:51 - [MESSAGE][PASSED] - Text 'udf data 3' is set on object 'Object Repository/IWP30/Page_VRelay30Emulator/UDF3'

04-10-2024T23:13:51 - [MESSAGE][PASSED] - Text 'udf data 4' is set on object 'Object Repository/IWP30/Page_VRelay30Emulator/UDF4'

04-10-2024T23:13:52 - [MESSAGE][PASSED] - Text 'udf data 5' is set on object 'Object Repository/IWP30/Page_VRelay30Emulator/UDF5'

04-10-2024T23:13:53 - [MESSAGE][PASSED] - Text 'udf data 6' is set on object 'Object Repository/IWP30/Page_VRelay30Emulator/UDF6'

04-10-2024T23:13:53 - [MESSAGE][PASSED] - Text 'Orange' is set on object 'Object Repository/IWP30/Page_VRelay30Emulator/UDF7'

04-10-2024T23:13:54 - [MESSAGE][PASSED] - Text 'Soccer' is set on object 'Object Repository/IWP30/Page_VRelay30Emulator/UDF8'

04-10-2024T23:13:54 - [MESSAGE][PASSED] - Text 'udf data 9' is set on object 'Object Repository/IWP30/Page_VRelay30Emulator/UDF9'

04-10-2024T23:13:55 - [MESSAGE][PASSED] - Text 'udf data 10' is set on object 'Object Repository/IWP30/Page_VRelay30Emulator/UDF10'

04-10-2024T23:13:56 - [MESSAGE][PASSED] - Object: 'Object Repository/IWP30/Page_VRelay30Emulator/Submit' is clicked on

04-10-2024T23:14:00 - [MESSAGE][PASSED] - Browser is closed

04-10-2024T23:14:04 - [MESSAGE][PASSED] - iwpPages.emulatorIWP30.setDataEmulator_DD is PASSED

04-10-2024T23:14:04 - [TEST_STEP][PASSED] - testHarnessURL = urlTestHarness: null

04-10-2024T23:14:05 - [TEST_STEP][PASSED] - openBrowser(testHarnessURL): Browser is opened with url: 'https://dev-algorithm.govolution.com/vrelaytest/QA/version_2_2/vrelaytest.html'

04-10-2024T23:14:05 - [MESSAGE][INFO] - Starting 'Edge Chromium' driver

04-10-2024T23:14:05 - [MESSAGE][INFO] - User set preference: ['acceptInsecureCerts', 'true']

04-10-2024T23:14:07 - [MESSAGE][INFO] - Action delay is set to 0 milliseconds

04-10-2024T23:14:10 - [MESSAGE][PASSED] - Browser is opened with url: 'https://dev-algorithm.govolution.com/vrelaytest/QA/version_2_2/vrelaytest.html'

04-10-2024T23:14:10 - [TEST_STEP][PASSED] - maximizeWindow(): Current window maximized

04-10-2024T23:14:10 - [MESSAGE][PASSED] - Current window maximized

04-10-2024T23:14:10 - [TEST_STEP][PASSED] - iwpPages.TestHarnessPage.setDataMethod(row, dataFile): iwpPages.TestHarnessPage.setDataMethod is PASSED

04-10-2024T23:14:10 - [MESSAGE][PASSED] - Object 'Object Repository/IWP30/Page_QATestHarness/RemittanceID' is present

04-10-2024T23:14:11 - [MESSAGE][PASSED] - Text '640' is set on object 'Object Repository/IWP30/Page_QATestHarness/ApplicationID'

04-10-2024T23:14:12 - [MESSAGE][PASSED] - Text '2.5' is set on object 'Object Repository/IWP30/Page_QATestHarness/MessageVersion'

04-10-2024T23:14:12 - [MESSAGE][PASSED] - Text 'WybgmpeZ0ZfN' is set on object 'Object Repository/IWP30/Page_QATestHarness/RemittanceID'

04-10-2024T23:14:16 - [MESSAGE][PASSED] - Object: 'Object Repository/IWP30/Page_QATestHarness/SubmitButton' is clicked on

04-10-2024T23:14:16 - [MESSAGE][PASSED] - iwpPages.TestHarnessPage.setDataMethod is PASSED

04-10-2024T23:14:16 - [TEST_STEP][PASSED] - click(findTestObject("Object Repository/IWP30/Page_SelectPaymentMethod/PayByCorporateCheck")): Object: 'Object Repository/IWP30/Page_SelectPaymentMethod/PayByCorporateCheck' is clicked on

04-10-2024T23:14:16 - [MESSAGE][PASSED] - Object: 'Object Repository/IWP30/Page_SelectPaymentMethod/PayByCorporateCheck' is clicked on

04-10-2024T23:14:16 - [TEST_STEP][PASSED] - click(findTestObject("Object Repository/IWP30/Page_SelectPaymentMethod/MakePaymentButton")): Object: 'Object Repository/IWP30/Page_SelectPaymentMethod/MakePaymentButton' is clicked on

04-10-2024T23:14:18 - [MESSAGE][PASSED] - Object: 'Object Repository/IWP30/Page_SelectPaymentMethod/MakePaymentButton' is clicked on

04-10-2024T23:14:18 - [TEST_STEP][PASSED] - iwpPages.achCorporatePaymentEntryPage.setDataCorporate(row, dataFile): iwpPages.achCorporatePaymentEntryPage.setDataCorporate is PASSED

04-10-2024T23:14:19 - [MESSAGE][PASSED] - Object 'Object Repository/IWP30/Page_ACHCorporatePaymentEntry/txt_accountNumber' is present

04-10-2024T23:14:19 - [MESSAGE][PASSED] - Object 'Object Repository/IWP30/Page_ACHCorporatePaymentEntry/input_CompanyName' is present

04-10-2024T23:14:19 - [MESSAGE][PASSED] - Object 'Object Repository/IWP30/Page_ACHCorporatePaymentEntry/input_EIN' is present

04-10-2024T23:14:20 - [MESSAGE][PASSED] - Text '123456789' is set on object 'Object Repository/IWP30/Page_ACHCorporatePaymentEntry/input_EIN'

04-10-2024T23:14:20 - [MESSAGE][PASSED] - All options with label 'Soccer' are selected in object 'Object Repository/IWP30/Page_ACHCorporatePaymentEntry/dd_UDF8' 

04-10-2024T23:14:21 - [MESSAGE][PASSED] - Object 'Object Repository/IWP30/Page_ACHCorporatePaymentEntry/txt_routingNumber' is present

04-10-2024T23:14:21 - [MESSAGE][PASSED] - Text '256072691' is set on object 'Object Repository/IWP30/Page_ACHCorporatePaymentEntry/txt_routingNumber'

04-10-2024T23:14:21 - [MESSAGE][PASSED] - Object 'Object Repository/IWP30/Page_ACHCorporatePaymentEntry/txt_accountNumber' is present

04-10-2024T23:14:22 - [MESSAGE][PASSED] - Text '12344444' is set on object 'Object Repository/IWP30/Page_ACHCorporatePaymentEntry/txt_accountNumber'

04-10-2024T23:14:23 - [MESSAGE][PASSED] - Object 'Object Repository/IWP30/Page_ACHCorporatePaymentEntry/txt_confirmAccountNumber' is present

04-10-2024T23:14:23 - [MESSAGE][PASSED] - Text '12344444' is set on object 'Object Repository/IWP30/Page_ACHCorporatePaymentEntry/txt_confirmAccountNumber'

04-10-2024T23:14:24 - [MESSAGE][PASSED] - Object 'Object Repository/IWP30/Page_ACHCorporatePaymentEntry/txt_Email' is present

04-10-2024T23:14:24 - [MESSAGE][PASSED] - Object 'Object Repository/IWP30/Page_ACHCorporatePaymentEntry/cb_TermsAndCond' is present

04-10-2024T23:14:24 - [MESSAGE][PASSED] - Object: 'Object Repository/IWP30/Page_ACHCorporatePaymentEntry/cb_TermsAndCond' is clicked on

04-10-2024T23:14:24 - [MESSAGE][PASSED] - Object 'Object Repository/IWP30/Page_ACHCorporatePaymentEntry/btn_Continue' is present

04-10-2024T23:14:26 - [MESSAGE][PASSED] - Object: 'Object Repository/IWP30/Page_ACHCorporatePaymentEntry/btn_Continue' is clicked on

04-10-2024T23:14:26 - [MESSAGE][PASSED] - iwpPages.achCorporatePaymentEntryPage.setDataCorporate is PASSED

04-10-2024T23:14:26 - [TEST_STEP][PASSED] - click(findTestObject("Object Repository/IWP30/Page_Confirmation/ConfirmButton")): Object: 'Object Repository/IWP30/Page_Confirmation/ConfirmButton' is clicked on

04-10-2024T23:14:27 - [MESSAGE][PASSED] - Object: 'Object Repository/IWP30/Page_Confirmation/ConfirmButton' is clicked on

04-10-2024T23:14:27 - [TEST_STEP][PASSED] - Thread.sleep(5000): null

04-10-2024T23:14:32 - [TEST_STEP][PASSED] - println("I am on real estate page"): null

04-10-2024T23:14:32 - [TEST_STEP][PASSED] - if (verifyTextPresent("Make a Real Estate Payment", false)): null

04-10-2024T23:14:32 - [MESSAGE][PASSED] - Text 'Make a Real Estate Payment' is present on page 

04-10-2024T23:14:32 - [TEST_STEP][PASSED] - isRequiredTextPresent = true: null

04-10-2024T23:14:32 - [TEST_STEP][PASSED] - println(isRequiredTextPresent): null

04-10-2024T23:14:32 - [TEST_STEP][PASSED] - if (isRequiredTextPresent): null

04-10-2024T23:14:32 - [TEST_STEP][PASSED] - if (verifyTextPresent("This transaction is subject to a Convenience Fees of $2.00.", false)): null

04-10-2024T23:14:32 - [MESSAGE][PASSED] - Text 'This transaction is subject to a Convenience Fees of $2.00.' is present on page 

04-10-2024T23:14:32 - [TEST_STEP][PASSED] - isRequiredTextPresent = true: null

04-10-2024T23:14:32 - [TEST_STEP][PASSED] - println(isRequiredTextPresent): null

04-10-2024T23:14:32 - [TEST_STEP][PASSED] - if (isRequiredTextPresent): null

04-10-2024T23:14:32 - [TEST_STEP][PASSED] - if (verifyTextPresent("Payment Amount:  $10.50", false)): null

04-10-2024T23:14:33 - [MESSAGE][PASSED] - Text 'Payment Amount:  $10.50' is present on page 

04-10-2024T23:14:33 - [TEST_STEP][PASSED] - isRequiredTextPresent = true: null

04-10-2024T23:14:33 - [TEST_STEP][PASSED] - if (isRequiredTextPresent): null

04-10-2024T23:14:33 - [TEST_STEP][PASSED] - if (verifyTextPresent("Convenience Fees:  $2.00", false)): null

04-10-2024T23:14:33 - [MESSAGE][PASSED] - Text 'Convenience Fees:  $2.00' is present on page 

04-10-2024T23:14:33 - [TEST_STEP][PASSED] - isRequiredTextPresent = true: null

04-10-2024T23:14:33 - [TEST_STEP][PASSED] - if (isRequiredTextPresent): null

04-10-2024T23:14:33 - [TEST_STEP][PASSED] - if (verifyTextPresent("Total Amount:  $12.50", false)): null

04-10-2024T23:14:33 - [MESSAGE][PASSED] - Text 'Total Amount:  $12.50' is present on page 

04-10-2024T23:14:33 - [TEST_STEP][PASSED] - isRequiredTextPresent = true: null

04-10-2024T23:14:33 - [TEST_STEP][PASSED] - if (isRequiredTextPresent): null

04-10-2024T23:14:33 - [TEST_STEP][PASSED] - if (verifyTextPresent("Two transactions will appear on your bank statement, one in the amount of $10.50 and one in the amount of $2.00.", false)): null

04-10-2024T23:14:34 - [MESSAGE][PASSED] - Text 'Two transactions will appear on your bank statement, one in the amount of $10.50 and one in the amount of $2.00.' is present on page 

04-10-2024T23:14:34 - [TEST_STEP][PASSED] - isRequiredTextPresent = true: null

04-10-2024T23:14:34 - [TEST_STEP][PASSED] - Thread.sleep(10000): null

04-10-2024T23:14:44 - [TEST_STEP][PASSED] - click(findTestObject("Object Repository/IWP30/Page_ConvenienceFees/btn_convFeeNotifyAction")): Object: 'Object Repository/IWP30/Page_ConvenienceFees/btn_convFeeNotifyAction' is clicked on

04-10-2024T23:14:45 - [MESSAGE][PASSED] - Object: 'Object Repository/IWP30/Page_ConvenienceFees/btn_convFeeNotifyAction' is clicked on

04-10-2024T23:14:45 - [TEST_STEP][PASSED] - Thread.sleep(10000): null

04-10-2024T23:14:55 - [TEST_STEP][PASSED] - if (verifyTextPresent("Successful Payment Receipt", false)): null

04-10-2024T23:14:56 - [MESSAGE][PASSED] - Text 'Successful Payment Receipt' is present on page 

04-10-2024T23:14:56 - [TEST_STEP][PASSED] - println("Successful Payment Receipt text is present on the Receipt page"): null

04-10-2024T23:14:56 - [TEST_STEP][PASSED] - markPassed("Successful Payment Receipt text is present on the Receipt page"): Successful Payment Receipt text is present on the Receipt page

04-10-2024T23:14:56 - [MESSAGE][PASSED] - Successful Payment Receipt text is present on the Receipt page

04-10-2024T23:14:56 - [TEST_STEP][PASSED] - resText = "Pass": null

04-10-2024T23:14:56 - [TEST_STEP][PASSED] - pages.WriteExcel.demoKey(resText, datText, resColumn, datCloumn, fileLoc, nameSheet, row): pages.WriteExcel.demoKey is PASSED

04-10-2024T23:14:56 - [MESSAGE][PASSED] - pages.WriteExcel.demoKey is PASSED

04-10-2024T23:14:56 - [TEST_STEP][PASSED] - closeBrowser(): Browser is closed

04-10-2024T23:14:56 - [MESSAGE][PASSED] - Browser is closed]]></system-out>
         <system-err><![CDATA[]]></system-err>
      </testcase>
      <testcase name="Test Cases/IntegratedWeb/IWP25/Payments/PayNowCorporate" time="203.537" classname="Test Cases/IntegratedWeb/IWP25/Payments/PayNowCorporate" status="PASSED">
         <system-out><![CDATA[04-10-2024T23:14:56 - [TEST_CASE][PASSED] - Test Cases/IntegratedWeb/IWP25/Payments/PayNowCorporate: Test Cases/IntegratedWeb/IWP25/Payments/PayNowCorporate

04-10-2024T23:14:57 - [TEST_STEP][PASSED] - resText = "Fail": null

04-10-2024T23:14:57 - [TEST_STEP][PASSED] - resColumn = "Result": null

04-10-2024T23:14:57 - [TEST_STEP][PASSED] - datCloumn = "Date": null

04-10-2024T23:14:57 - [TEST_STEP][PASSED] - fileLoc = "KatalonData/IWPTestData/VRelay25Payments.xlsx": null

04-10-2024T23:14:57 - [TEST_STEP][PASSED] - numOfRows = <not implemented yet for class: org.codehaus.groovy.ast.expr.EmptyExpression>: null

04-10-2024T23:14:57 - [TEST_STEP][PASSED] - dataFile = <not implemented yet for class: org.codehaus.groovy.ast.expr.EmptyExpression>: null

04-10-2024T23:14:57 - [TEST_STEP][PASSED] - nameSheet = <not implemented yet for class: org.codehaus.groovy.ast.expr.EmptyExpression>: null

04-10-2024T23:14:57 - [TEST_STEP][PASSED] - dataFileEmulator = <not implemented yet for class: org.codehaus.groovy.ast.expr.EmptyExpression>: null

04-10-2024T23:14:57 - [TEST_STEP][PASSED] - nameSheet = "PayNowCorp": null

04-10-2024T23:14:57 - [TEST_STEP][PASSED] - dataFile = "IWPTestData/IWP25PayNowCorp": null

04-10-2024T23:14:57 - [TEST_STEP][PASSED] - dataFileEmulator = "IWPTestData/EmulatorData": null

04-10-2024T23:14:57 - [TEST_STEP][PASSED] - numOfRows = findTestData(dataFile).getRowNumbers(): null

04-10-2024T23:14:57 - [TEST_STEP][PASSED] - println("Number of Records: " + numOfRows): null

04-10-2024T23:14:57 - [TEST_STEP][PASSED] - for ([row = 1, row <= numOfRows, (row++)]): Browser is closed

04-10-2024T23:14:57 - [TEST_STEP][PASSED] - ExecuteTC = findTestData(dataFile).getValue("Execute", row): null

04-10-2024T23:14:57 - [TEST_STEP][PASSED] - out.println("Value of Execute is : " + ExecuteTC): null

04-10-2024T23:14:57 - [TEST_STEP][PASSED] - if (ExecuteTC.equalsIgnoreCase("Y")): null

04-10-2024T23:14:57 - [TEST_STEP][PASSED] - out.println("Begin Record Number: " + row): null

04-10-2024T23:14:57 - [TEST_STEP][PASSED] - today = new java.util.Date(): null

04-10-2024T23:14:57 - [TEST_STEP][PASSED] - println(today): null

04-10-2024T23:14:57 - [TEST_STEP][PASSED] - datText = today: null

04-10-2024T23:14:57 - [TEST_STEP][PASSED] - EmulatorDataKey = findTestData(dataFile).getValue("EmulatorData", row): null

04-10-2024T23:14:57 - [TEST_STEP][PASSED] - out.println("Value of Emulator Key is : " + EmulatorDataKey): null

04-10-2024T23:14:57 - [TEST_STEP][PASSED] - iwpPages.emulatorIWP30.setDataEmulator_DD(EmulatorDataKey): iwpPages.emulatorIWP30.setDataEmulator_DD is PASSED

04-10-2024T23:14:57 - [MESSAGE][INFO] - Starting 'Edge Chromium' driver

04-10-2024T23:14:57 - [MESSAGE][INFO] - User set preference: ['acceptInsecureCerts', 'true']

04-10-2024T23:14:59 - [MESSAGE][INFO] - Action delay is set to 0 milliseconds

04-10-2024T23:15:02 - [MESSAGE][PASSED] - Browser is opened with url: 'https://qa.velocitypayment.com/agency/config.do?action=editor&message_version=2_5'

04-10-2024T23:15:02 - [MESSAGE][PASSED] - Current window maximized

04-10-2024T23:15:03 - [MESSAGE][PASSED] - All options with value '2.5' are selected in object 'Object Repository/IWP30/Page_VRelay30Emulator/MV'  using regular expression

04-10-2024T23:15:04 - [MESSAGE][PASSED] - Text '10.50' is set on object 'Object Repository/IWP30/Page_VRelay30Emulator/Amount'

04-10-2024T23:15:05 - [MESSAGE][PASSED] - Text 'b6USrNYNBtas' is set on object 'Object Repository/IWP30/Page_VRelay30Emulator/CAN'

04-10-2024T23:15:05 - [MESSAGE][PASSED] - Text 'PayNow' is set on object 'Object Repository/IWP30/Page_VRelay30Emulator/Action'

04-10-2024T23:15:06 - [MESSAGE][PASSED] - Text 'en_US' is set on object 'Object Repository/IWP30/Page_VRelay30Emulator/Lang'

04-10-2024T23:15:06 - [MESSAGE][PASSED] - Text '' is set on object 'Object Repository/IWP30/Page_VRelay30Emulator/Fname'

04-10-2024T23:15:07 - [MESSAGE][PASSED] - Text '' is set on object 'Object Repository/IWP30/Page_VRelay30Emulator/Lname'

04-10-2024T23:15:07 - [MESSAGE][PASSED] - Text '' is set on object 'Object Repository/IWP30/Page_VRelay30Emulator/AL1'

04-10-2024T23:15:08 - [MESSAGE][PASSED] - Text '' is set on object 'Object Repository/IWP30/Page_VRelay30Emulator/AL2'

04-10-2024T23:15:09 - [MESSAGE][PASSED] - Text '' is set on object 'Object Repository/IWP30/Page_VRelay30Emulator/Country'

04-10-2024T23:15:09 - [MESSAGE][PASSED] - Text '' is set on object 'Object Repository/IWP30/Page_VRelay30Emulator/City'

04-10-2024T23:15:10 - [MESSAGE][PASSED] - Text '' is set on object 'Object Repository/IWP30/Page_VRelay30Emulator/State'

04-10-2024T23:15:10 - [MESSAGE][PASSED] - Text '' is set on object 'Object Repository/IWP30/Page_VRelay30Emulator/ZIP'

04-10-2024T23:15:11 - [MESSAGE][PASSED] - Text '' is set on object 'Object Repository/IWP30/Page_VRelay30Emulator/Order'

04-10-2024T23:15:11 - [MESSAGE][PASSED] - Text '' is set on object 'Object Repository/IWP30/Page_VRelay30Emulator/Company'

04-10-2024T23:15:12 - [MESSAGE][PASSED] - Text '' is set on object 'Object Repository/IWP30/Page_VRelay30Emulator/Email'

04-10-2024T23:15:13 - [MESSAGE][PASSED] - Text '' is set on object 'Object Repository/IWP30/Page_VRelay30Emulator/UDF1'

04-10-2024T23:15:13 - [MESSAGE][PASSED] - Text '' is set on object 'Object Repository/IWP30/Page_VRelay30Emulator/UDF2'

04-10-2024T23:15:14 - [MESSAGE][PASSED] - Text '' is set on object 'Object Repository/IWP30/Page_VRelay30Emulator/UDF3'

04-10-2024T23:15:14 - [MESSAGE][PASSED] - Text 'udf data 4' is set on object 'Object Repository/IWP30/Page_VRelay30Emulator/UDF4'

04-10-2024T23:15:15 - [MESSAGE][PASSED] - Text 'udf data 5' is set on object 'Object Repository/IWP30/Page_VRelay30Emulator/UDF5'

04-10-2024T23:15:16 - [MESSAGE][PASSED] - Text '' is set on object 'Object Repository/IWP30/Page_VRelay30Emulator/UDF6'

04-10-2024T23:15:16 - [MESSAGE][PASSED] - Text '' is set on object 'Object Repository/IWP30/Page_VRelay30Emulator/UDF7'

04-10-2024T23:15:17 - [MESSAGE][PASSED] - Text '' is set on object 'Object Repository/IWP30/Page_VRelay30Emulator/UDF8'

04-10-2024T23:15:17 - [MESSAGE][PASSED] - Text 'udf data 9' is set on object 'Object Repository/IWP30/Page_VRelay30Emulator/UDF9'

04-10-2024T23:15:18 - [MESSAGE][PASSED] - Text 'udf data 10' is set on object 'Object Repository/IWP30/Page_VRelay30Emulator/UDF10'

04-10-2024T23:15:19 - [MESSAGE][PASSED] - Object: 'Object Repository/IWP30/Page_VRelay30Emulator/Submit' is clicked on

04-10-2024T23:15:23 - [MESSAGE][PASSED] - Browser is closed

04-10-2024T23:15:27 - [MESSAGE][PASSED] - iwpPages.emulatorIWP30.setDataEmulator_DD is PASSED

04-10-2024T23:15:27 - [TEST_STEP][PASSED] - testHarnessURL = urlTestHarness: null

04-10-2024T23:15:27 - [TEST_STEP][PASSED] - openBrowser(testHarnessURL): Browser is opened with url: 'https://dev-algorithm.govolution.com/vrelaytest/QA/version_2_2/vrelaytest.html'

04-10-2024T23:15:27 - [MESSAGE][INFO] - Starting 'Edge Chromium' driver

04-10-2024T23:15:27 - [MESSAGE][INFO] - User set preference: ['acceptInsecureCerts', 'true']

04-10-2024T23:15:30 - [MESSAGE][INFO] - Action delay is set to 0 milliseconds

04-10-2024T23:15:33 - [MESSAGE][PASSED] - Browser is opened with url: 'https://dev-algorithm.govolution.com/vrelaytest/QA/version_2_2/vrelaytest.html'

04-10-2024T23:15:33 - [TEST_STEP][PASSED] - maximizeWindow(): Current window maximized

04-10-2024T23:15:33 - [MESSAGE][PASSED] - Current window maximized

04-10-2024T23:15:33 - [TEST_STEP][PASSED] - iwpPages.TestHarnessPage.setDataMethod(row, dataFile): iwpPages.TestHarnessPage.setDataMethod is PASSED

04-10-2024T23:15:33 - [MESSAGE][PASSED] - Object 'Object Repository/IWP30/Page_QATestHarness/RemittanceID' is present

04-10-2024T23:15:34 - [MESSAGE][PASSED] - Text '638' is set on object 'Object Repository/IWP30/Page_QATestHarness/ApplicationID'

04-10-2024T23:15:35 - [MESSAGE][PASSED] - Text '2.5' is set on object 'Object Repository/IWP30/Page_QATestHarness/MessageVersion'

04-10-2024T23:15:35 - [MESSAGE][PASSED] - Text 't7yQnYtQUsUM' is set on object 'Object Repository/IWP30/Page_QATestHarness/RemittanceID'

04-10-2024T23:15:38 - [MESSAGE][PASSED] - Object: 'Object Repository/IWP30/Page_QATestHarness/SubmitButton' is clicked on

04-10-2024T23:15:38 - [MESSAGE][PASSED] - iwpPages.TestHarnessPage.setDataMethod is PASSED

04-10-2024T23:15:38 - [TEST_STEP][PASSED] - click(findTestObject("Object Repository/IWP30/Page_SelectPaymentMethod/PayByCorporateCheck")): Object: 'Object Repository/IWP30/Page_SelectPaymentMethod/PayByCorporateCheck' is clicked on

04-10-2024T23:15:39 - [MESSAGE][PASSED] - Object: 'Object Repository/IWP30/Page_SelectPaymentMethod/PayByCorporateCheck' is clicked on

04-10-2024T23:15:39 - [TEST_STEP][PASSED] - click(findTestObject("Object Repository/IWP30/Page_SelectPaymentMethod/MakePaymentButton")): Object: 'Object Repository/IWP30/Page_SelectPaymentMethod/MakePaymentButton' is clicked on

04-10-2024T23:15:40 - [MESSAGE][PASSED] - Object: 'Object Repository/IWP30/Page_SelectPaymentMethod/MakePaymentButton' is clicked on

04-10-2024T23:15:40 - [TEST_STEP][PASSED] - iwpPages.achCorporatePaymentEntryPage.setDataCorporate(row, dataFile): iwpPages.achCorporatePaymentEntryPage.setDataCorporate is PASSED

04-10-2024T23:15:41 - [MESSAGE][PASSED] - Object 'Object Repository/IWP30/Page_ACHCorporatePaymentEntry/txt_accountNumber' is present

04-10-2024T23:15:41 - [MESSAGE][PASSED] - Object 'Object Repository/IWP30/Page_ACHCorporatePaymentEntry/input_CompanyName' is present

04-10-2024T23:15:42 - [MESSAGE][PASSED] - Text 'My Company' is set on object 'Object Repository/IWP30/Page_ACHCorporatePaymentEntry/input_CompanyName'

04-10-2024T23:15:42 - [MESSAGE][PASSED] - Object 'Object Repository/IWP30/Page_ACHCorporatePaymentEntry/input_EIN' is present

04-10-2024T23:15:43 - [MESSAGE][PASSED] - Text '123456789' is set on object 'Object Repository/IWP30/Page_ACHCorporatePaymentEntry/input_EIN'

04-10-2024T23:15:43 - [MESSAGE][PASSED] - Text '10.50' is set on object 'Object Repository/IWP30/Page_ACHCorporatePaymentEntry/txt_Amount'

04-10-2024T23:15:44 - [MESSAGE][PASSED] - Text 'udf data 2' is set on object 'Object Repository/IWP30/Page_ACHCorporatePaymentEntry/txt_UDF2'

04-10-2024T23:15:45 - [MESSAGE][PASSED] - Text 'udf data 3' is set on object 'Object Repository/IWP30/Page_ACHCorporatePaymentEntry/txt_UDF3'

04-10-2024T23:15:45 - [MESSAGE][PASSED] - All options with label 'Orange' are selected in object 'Object Repository/IWP30/Page_ACHCorporatePaymentEntry/dd_UDF7' 

04-10-2024T23:15:46 - [MESSAGE][PASSED] - All options with label 'Soccer' are selected in object 'Object Repository/IWP30/Page_ACHCorporatePaymentEntry/dd_UDF8' 

04-10-2024T23:15:46 - [MESSAGE][PASSED] - Object 'Object Repository/IWP30/Page_ACHCorporatePaymentEntry/txt_routingNumber' is present

04-10-2024T23:15:47 - [MESSAGE][PASSED] - Text '256072691' is set on object 'Object Repository/IWP30/Page_ACHCorporatePaymentEntry/txt_routingNumber'

04-10-2024T23:15:47 - [MESSAGE][PASSED] - Object 'Object Repository/IWP30/Page_ACHCorporatePaymentEntry/txt_accountNumber' is present

04-10-2024T23:15:49 - [MESSAGE][PASSED] - Text '12344444' is set on object 'Object Repository/IWP30/Page_ACHCorporatePaymentEntry/txt_accountNumber'

04-10-2024T23:15:49 - [MESSAGE][PASSED] - Object 'Object Repository/IWP30/Page_ACHCorporatePaymentEntry/txt_confirmAccountNumber' is present

04-10-2024T23:15:50 - [MESSAGE][PASSED] - Text '12344444' is set on object 'Object Repository/IWP30/Page_ACHCorporatePaymentEntry/txt_confirmAccountNumber'

04-10-2024T23:15:50 - [MESSAGE][PASSED] - Text '365 Main Avenue' is set on object 'Object Repository/IWP30/Page_ACHCorporatePaymentEntry/txt_AL1'

04-10-2024T23:15:51 - [MESSAGE][PASSED] - Text '22201' is set on object 'Object Repository/IWP30/Page_ACHCorporatePaymentEntry/txt_ZIP'

04-10-2024T23:15:51 - [MESSAGE][PASSED] - Object 'Object Repository/IWP30/Page_ACHCorporatePaymentEntry/txt_Email' is present

04-10-2024T23:15:52 - [MESSAGE][PASSED] - Text 'iahmed@govolution.com' is set on object 'Object Repository/IWP30/Page_ACHCorporatePaymentEntry/txt_Email'

04-10-2024T23:15:52 - [MESSAGE][PASSED] - Object 'Object Repository/IWP30/Page_ACHCorporatePaymentEntry/cb_TermsAndCond' is present

04-10-2024T23:15:53 - [MESSAGE][PASSED] - Object: 'Object Repository/IWP30/Page_ACHCorporatePaymentEntry/cb_TermsAndCond' is clicked on

04-10-2024T23:15:53 - [MESSAGE][PASSED] - Object 'Object Repository/IWP30/Page_ACHCorporatePaymentEntry/btn_Continue' is present

04-10-2024T23:15:54 - [MESSAGE][PASSED] - Object: 'Object Repository/IWP30/Page_ACHCorporatePaymentEntry/btn_Continue' is clicked on

04-10-2024T23:15:54 - [MESSAGE][PASSED] - iwpPages.achCorporatePaymentEntryPage.setDataCorporate is PASSED

04-10-2024T23:15:54 - [TEST_STEP][PASSED] - click(findTestObject("Object Repository/IWP30/Page_Confirmation/ConfirmButton")): Object: 'Object Repository/IWP30/Page_Confirmation/ConfirmButton' is clicked on

04-10-2024T23:15:56 - [MESSAGE][PASSED] - Object: 'Object Repository/IWP30/Page_Confirmation/ConfirmButton' is clicked on

04-10-2024T23:15:56 - [TEST_STEP][PASSED] - Thread.sleep(10000): null

04-10-2024T23:16:06 - [TEST_STEP][PASSED] - if (verifyTextPresent("Successful Payment Receipt", false)): null

04-10-2024T23:16:06 - [MESSAGE][PASSED] - Text 'Successful Payment Receipt' is present on page 

04-10-2024T23:16:06 - [TEST_STEP][PASSED] - println("Successful Payment Receipt text is present on the Receipt page"): null

04-10-2024T23:16:06 - [TEST_STEP][PASSED] - markPassed("Successful Payment Receipt text is present on the Receipt page"): Successful Payment Receipt text is present on the Receipt page

04-10-2024T23:16:06 - [MESSAGE][PASSED] - Successful Payment Receipt text is present on the Receipt page

04-10-2024T23:16:06 - [TEST_STEP][PASSED] - resText = "Pass": null

04-10-2024T23:16:06 - [TEST_STEP][PASSED] - pages.WriteExcel.demoKey(resText, datText, resColumn, datCloumn, fileLoc, nameSheet, row): pages.WriteExcel.demoKey is PASSED

04-10-2024T23:16:06 - [MESSAGE][PASSED] - pages.WriteExcel.demoKey is PASSED

04-10-2024T23:16:06 - [TEST_STEP][PASSED] - closeBrowser(): Browser is closed

04-10-2024T23:16:07 - [MESSAGE][PASSED] - Browser is closed

04-10-2024T23:16:07 - [TEST_STEP][PASSED] - ExecuteTC = findTestData(dataFile).getValue("Execute", row): null

04-10-2024T23:16:07 - [TEST_STEP][PASSED] - out.println("Value of Execute is : " + ExecuteTC): null

04-10-2024T23:16:07 - [TEST_STEP][PASSED] - if (ExecuteTC.equalsIgnoreCase("Y")): null

04-10-2024T23:16:07 - [TEST_STEP][PASSED] - out.println("Begin Record Number: " + row): null

04-10-2024T23:16:07 - [TEST_STEP][PASSED] - today = new java.util.Date(): null

04-10-2024T23:16:07 - [TEST_STEP][PASSED] - println(today): null

04-10-2024T23:16:07 - [TEST_STEP][PASSED] - datText = today: null

04-10-2024T23:16:07 - [TEST_STEP][PASSED] - EmulatorDataKey = findTestData(dataFile).getValue("EmulatorData", row): null

04-10-2024T23:16:07 - [TEST_STEP][PASSED] - out.println("Value of Emulator Key is : " + EmulatorDataKey): null

04-10-2024T23:16:07 - [TEST_STEP][PASSED] - iwpPages.emulatorIWP30.setDataEmulator_DD(EmulatorDataKey): iwpPages.emulatorIWP30.setDataEmulator_DD is PASSED

04-10-2024T23:16:07 - [MESSAGE][INFO] - Starting 'Edge Chromium' driver

04-10-2024T23:16:07 - [MESSAGE][INFO] - User set preference: ['acceptInsecureCerts', 'true']

04-10-2024T23:16:09 - [MESSAGE][INFO] - Action delay is set to 0 milliseconds

04-10-2024T23:16:12 - [MESSAGE][PASSED] - Browser is opened with url: 'https://qa.velocitypayment.com/agency/config.do?action=editor&message_version=2_5'

04-10-2024T23:16:12 - [MESSAGE][PASSED] - Current window maximized

04-10-2024T23:16:13 - [MESSAGE][PASSED] - All options with value '2.5' are selected in object 'Object Repository/IWP30/Page_VRelay30Emulator/MV'  using regular expression

04-10-2024T23:16:14 - [MESSAGE][PASSED] - Text '10.50' is set on object 'Object Repository/IWP30/Page_VRelay30Emulator/Amount'

04-10-2024T23:16:15 - [MESSAGE][PASSED] - Text 'S0s3ZQwuQDe4' is set on object 'Object Repository/IWP30/Page_VRelay30Emulator/CAN'

04-10-2024T23:16:15 - [MESSAGE][PASSED] - Text 'PayNow' is set on object 'Object Repository/IWP30/Page_VRelay30Emulator/Action'

04-10-2024T23:16:16 - [MESSAGE][PASSED] - Text 'en_US' is set on object 'Object Repository/IWP30/Page_VRelay30Emulator/Lang'

04-10-2024T23:16:17 - [MESSAGE][PASSED] - Text 'Jasmine' is set on object 'Object Repository/IWP30/Page_VRelay30Emulator/Fname'

04-10-2024T23:16:17 - [MESSAGE][PASSED] - Text 'Patrinol' is set on object 'Object Repository/IWP30/Page_VRelay30Emulator/Lname'

04-10-2024T23:16:18 - [MESSAGE][PASSED] - Text '258 Underwood rd' is set on object 'Object Repository/IWP30/Page_VRelay30Emulator/AL1'

04-10-2024T23:16:18 - [MESSAGE][PASSED] - Text 'Suite 600' is set on object 'Object Repository/IWP30/Page_VRelay30Emulator/AL2'

04-10-2024T23:16:19 - [MESSAGE][PASSED] - Text '840' is set on object 'Object Repository/IWP30/Page_VRelay30Emulator/Country'

04-10-2024T23:16:20 - [MESSAGE][PASSED] - Text 'Arlington' is set on object 'Object Repository/IWP30/Page_VRelay30Emulator/City'

04-10-2024T23:16:20 - [MESSAGE][PASSED] - Text 'VA' is set on object 'Object Repository/IWP30/Page_VRelay30Emulator/State'

04-10-2024T23:16:21 - [MESSAGE][PASSED] - Text '22201' is set on object 'Object Repository/IWP30/Page_VRelay30Emulator/ZIP'

04-10-2024T23:16:21 - [MESSAGE][PASSED] - Text '' is set on object 'Object Repository/IWP30/Page_VRelay30Emulator/Order'

04-10-2024T23:16:22 - [MESSAGE][PASSED] - Text 'Some Company' is set on object 'Object Repository/IWP30/Page_VRelay30Emulator/Company'

04-10-2024T23:16:23 - [MESSAGE][PASSED] - Text 'iahmed@govolution.com' is set on object 'Object Repository/IWP30/Page_VRelay30Emulator/Email'

04-10-2024T23:16:23 - [MESSAGE][PASSED] - Text 'udf data 1' is set on object 'Object Repository/IWP30/Page_VRelay30Emulator/UDF1'

04-10-2024T23:16:24 - [MESSAGE][PASSED] - Text 'udf data 2' is set on object 'Object Repository/IWP30/Page_VRelay30Emulator/UDF2'

04-10-2024T23:16:24 - [MESSAGE][PASSED] - Text 'udf data 3' is set on object 'Object Repository/IWP30/Page_VRelay30Emulator/UDF3'

04-10-2024T23:16:25 - [MESSAGE][PASSED] - Text 'udf data 4' is set on object 'Object Repository/IWP30/Page_VRelay30Emulator/UDF4'

04-10-2024T23:16:25 - [MESSAGE][PASSED] - Text 'udf data 5' is set on object 'Object Repository/IWP30/Page_VRelay30Emulator/UDF5'

04-10-2024T23:16:26 - [MESSAGE][PASSED] - Text 'udf data 6' is set on object 'Object Repository/IWP30/Page_VRelay30Emulator/UDF6'

04-10-2024T23:16:27 - [MESSAGE][PASSED] - Text 'Orange' is set on object 'Object Repository/IWP30/Page_VRelay30Emulator/UDF7'

04-10-2024T23:16:27 - [MESSAGE][PASSED] - Text 'Soccer' is set on object 'Object Repository/IWP30/Page_VRelay30Emulator/UDF8'

04-10-2024T23:16:28 - [MESSAGE][PASSED] - Text 'udf data 9' is set on object 'Object Repository/IWP30/Page_VRelay30Emulator/UDF9'

04-10-2024T23:16:28 - [MESSAGE][PASSED] - Text 'udf data 10' is set on object 'Object Repository/IWP30/Page_VRelay30Emulator/UDF10'

04-10-2024T23:16:30 - [MESSAGE][PASSED] - Object: 'Object Repository/IWP30/Page_VRelay30Emulator/Submit' is clicked on

04-10-2024T23:16:34 - [MESSAGE][PASSED] - Browser is closed

04-10-2024T23:16:38 - [MESSAGE][PASSED] - iwpPages.emulatorIWP30.setDataEmulator_DD is PASSED

04-10-2024T23:16:38 - [TEST_STEP][PASSED] - testHarnessURL = urlTestHarness: null

04-10-2024T23:16:38 - [TEST_STEP][PASSED] - openBrowser(testHarnessURL): Browser is opened with url: 'https://dev-algorithm.govolution.com/vrelaytest/QA/version_2_2/vrelaytest.html'

04-10-2024T23:16:38 - [MESSAGE][INFO] - Starting 'Edge Chromium' driver

04-10-2024T23:16:38 - [MESSAGE][INFO] - User set preference: ['acceptInsecureCerts', 'true']

04-10-2024T23:16:40 - [MESSAGE][INFO] - Action delay is set to 0 milliseconds

04-10-2024T23:16:44 - [MESSAGE][PASSED] - Browser is opened with url: 'https://dev-algorithm.govolution.com/vrelaytest/QA/version_2_2/vrelaytest.html'

04-10-2024T23:16:44 - [TEST_STEP][PASSED] - maximizeWindow(): Current window maximized

04-10-2024T23:16:44 - [MESSAGE][PASSED] - Current window maximized

04-10-2024T23:16:44 - [TEST_STEP][PASSED] - iwpPages.TestHarnessPage.setDataMethod(row, dataFile): iwpPages.TestHarnessPage.setDataMethod is PASSED

04-10-2024T23:16:44 - [MESSAGE][PASSED] - Object 'Object Repository/IWP30/Page_QATestHarness/RemittanceID' is present

04-10-2024T23:16:45 - [MESSAGE][PASSED] - Text '638' is set on object 'Object Repository/IWP30/Page_QATestHarness/ApplicationID'

04-10-2024T23:16:45 - [MESSAGE][PASSED] - Text '2.5' is set on object 'Object Repository/IWP30/Page_QATestHarness/MessageVersion'

04-10-2024T23:16:46 - [MESSAGE][PASSED] - Text '5c1JQIrqQ9mc' is set on object 'Object Repository/IWP30/Page_QATestHarness/RemittanceID'

04-10-2024T23:16:49 - [MESSAGE][PASSED] - Object: 'Object Repository/IWP30/Page_QATestHarness/SubmitButton' is clicked on

04-10-2024T23:16:49 - [MESSAGE][PASSED] - iwpPages.TestHarnessPage.setDataMethod is PASSED

04-10-2024T23:16:49 - [TEST_STEP][PASSED] - click(findTestObject("Object Repository/IWP30/Page_SelectPaymentMethod/PayByCorporateCheck")): Object: 'Object Repository/IWP30/Page_SelectPaymentMethod/PayByCorporateCheck' is clicked on

04-10-2024T23:16:50 - [MESSAGE][PASSED] - Object: 'Object Repository/IWP30/Page_SelectPaymentMethod/PayByCorporateCheck' is clicked on

04-10-2024T23:16:50 - [TEST_STEP][PASSED] - click(findTestObject("Object Repository/IWP30/Page_SelectPaymentMethod/MakePaymentButton")): Object: 'Object Repository/IWP30/Page_SelectPaymentMethod/MakePaymentButton' is clicked on

04-10-2024T23:16:52 - [MESSAGE][PASSED] - Object: 'Object Repository/IWP30/Page_SelectPaymentMethod/MakePaymentButton' is clicked on

04-10-2024T23:16:52 - [TEST_STEP][PASSED] - iwpPages.achCorporatePaymentEntryPage.setDataCorporate(row, dataFile): iwpPages.achCorporatePaymentEntryPage.setDataCorporate is PASSED

04-10-2024T23:16:52 - [MESSAGE][PASSED] - Object 'Object Repository/IWP30/Page_ACHCorporatePaymentEntry/txt_accountNumber' is present

04-10-2024T23:16:53 - [MESSAGE][PASSED] - Object 'Object Repository/IWP30/Page_ACHCorporatePaymentEntry/input_CompanyName' is present

04-10-2024T23:16:53 - [MESSAGE][PASSED] - Object 'Object Repository/IWP30/Page_ACHCorporatePaymentEntry/input_EIN' is present

04-10-2024T23:16:54 - [MESSAGE][PASSED] - Text '123456789' is set on object 'Object Repository/IWP30/Page_ACHCorporatePaymentEntry/input_EIN'

04-10-2024T23:16:54 - [MESSAGE][PASSED] - All options with label 'Soccer' are selected in object 'Object Repository/IWP30/Page_ACHCorporatePaymentEntry/dd_UDF8' 

04-10-2024T23:16:54 - [MESSAGE][PASSED] - Object 'Object Repository/IWP30/Page_ACHCorporatePaymentEntry/txt_routingNumber' is present

04-10-2024T23:16:55 - [MESSAGE][PASSED] - Text '256072691' is set on object 'Object Repository/IWP30/Page_ACHCorporatePaymentEntry/txt_routingNumber'

04-10-2024T23:16:55 - [MESSAGE][PASSED] - Object 'Object Repository/IWP30/Page_ACHCorporatePaymentEntry/txt_accountNumber' is present

04-10-2024T23:16:56 - [MESSAGE][PASSED] - Text '12344444' is set on object 'Object Repository/IWP30/Page_ACHCorporatePaymentEntry/txt_accountNumber'

04-10-2024T23:16:57 - [MESSAGE][PASSED] - Object 'Object Repository/IWP30/Page_ACHCorporatePaymentEntry/txt_confirmAccountNumber' is present

04-10-2024T23:16:57 - [MESSAGE][PASSED] - Text '12344444' is set on object 'Object Repository/IWP30/Page_ACHCorporatePaymentEntry/txt_confirmAccountNumber'

04-10-2024T23:16:57 - [MESSAGE][PASSED] - Object 'Object Repository/IWP30/Page_ACHCorporatePaymentEntry/txt_Email' is present

04-10-2024T23:16:58 - [MESSAGE][PASSED] - Object 'Object Repository/IWP30/Page_ACHCorporatePaymentEntry/cb_TermsAndCond' is present

04-10-2024T23:16:58 - [MESSAGE][PASSED] - Object: 'Object Repository/IWP30/Page_ACHCorporatePaymentEntry/cb_TermsAndCond' is clicked on

04-10-2024T23:16:58 - [MESSAGE][PASSED] - Object 'Object Repository/IWP30/Page_ACHCorporatePaymentEntry/btn_Continue' is present

04-10-2024T23:16:59 - [MESSAGE][PASSED] - Object: 'Object Repository/IWP30/Page_ACHCorporatePaymentEntry/btn_Continue' is clicked on

04-10-2024T23:16:59 - [MESSAGE][PASSED] - iwpPages.achCorporatePaymentEntryPage.setDataCorporate is PASSED

04-10-2024T23:16:59 - [TEST_STEP][PASSED] - click(findTestObject("Object Repository/IWP30/Page_Confirmation/ConfirmButton")): Object: 'Object Repository/IWP30/Page_Confirmation/ConfirmButton' is clicked on

04-10-2024T23:17:01 - [MESSAGE][PASSED] - Object: 'Object Repository/IWP30/Page_Confirmation/ConfirmButton' is clicked on

04-10-2024T23:17:01 - [TEST_STEP][PASSED] - Thread.sleep(10000): null

04-10-2024T23:17:11 - [TEST_STEP][PASSED] - if (verifyTextPresent("Successful Payment Receipt", false)): null

04-10-2024T23:17:11 - [MESSAGE][PASSED] - Text 'Successful Payment Receipt' is present on page 

04-10-2024T23:17:11 - [TEST_STEP][PASSED] - println("Successful Payment Receipt text is present on the Receipt page"): null

04-10-2024T23:17:11 - [TEST_STEP][PASSED] - markPassed("Successful Payment Receipt text is present on the Receipt page"): Successful Payment Receipt text is present on the Receipt page

04-10-2024T23:17:11 - [MESSAGE][PASSED] - Successful Payment Receipt text is present on the Receipt page

04-10-2024T23:17:11 - [TEST_STEP][PASSED] - resText = "Pass": null

04-10-2024T23:17:11 - [TEST_STEP][PASSED] - pages.WriteExcel.demoKey(resText, datText, resColumn, datCloumn, fileLoc, nameSheet, row): pages.WriteExcel.demoKey is PASSED

04-10-2024T23:17:11 - [MESSAGE][PASSED] - pages.WriteExcel.demoKey is PASSED

04-10-2024T23:17:11 - [TEST_STEP][PASSED] - closeBrowser(): Browser is closed

04-10-2024T23:17:12 - [MESSAGE][PASSED] - Browser is closed

04-10-2024T23:17:12 - [TEST_STEP][PASSED] - ExecuteTC = findTestData(dataFile).getValue("Execute", row): null

04-10-2024T23:17:12 - [TEST_STEP][PASSED] - out.println("Value of Execute is : " + ExecuteTC): null

04-10-2024T23:17:12 - [TEST_STEP][PASSED] - if (ExecuteTC.equalsIgnoreCase("Y")): null

04-10-2024T23:17:12 - [TEST_STEP][PASSED] - out.println("Begin Record Number: " + row): null

04-10-2024T23:17:12 - [TEST_STEP][PASSED] - today = new java.util.Date(): null

04-10-2024T23:17:12 - [TEST_STEP][PASSED] - println(today): null

04-10-2024T23:17:12 - [TEST_STEP][PASSED] - datText = today: null

04-10-2024T23:17:12 - [TEST_STEP][PASSED] - EmulatorDataKey = findTestData(dataFile).getValue("EmulatorData", row): null

04-10-2024T23:17:12 - [TEST_STEP][PASSED] - out.println("Value of Emulator Key is : " + EmulatorDataKey): null

04-10-2024T23:17:12 - [TEST_STEP][PASSED] - iwpPages.emulatorIWP30.setDataEmulator_DD(EmulatorDataKey): iwpPages.emulatorIWP30.setDataEmulator_DD is PASSED

04-10-2024T23:17:12 - [MESSAGE][INFO] - Starting 'Edge Chromium' driver

04-10-2024T23:17:12 - [MESSAGE][INFO] - User set preference: ['acceptInsecureCerts', 'true']

04-10-2024T23:17:14 - [MESSAGE][INFO] - Action delay is set to 0 milliseconds

04-10-2024T23:17:17 - [MESSAGE][PASSED] - Browser is opened with url: 'https://qa.velocitypayment.com/agency/config.do?action=editor&message_version=2_5'

04-10-2024T23:17:17 - [MESSAGE][PASSED] - Current window maximized

04-10-2024T23:17:18 - [MESSAGE][PASSED] - All options with value '2.5' are selected in object 'Object Repository/IWP30/Page_VRelay30Emulator/MV'  using regular expression

04-10-2024T23:17:18 - [MESSAGE][PASSED] - Text '10.50' is set on object 'Object Repository/IWP30/Page_VRelay30Emulator/Amount'

04-10-2024T23:17:19 - [MESSAGE][PASSED] - Text 'jYtjeNDO446F' is set on object 'Object Repository/IWP30/Page_VRelay30Emulator/CAN'

04-10-2024T23:17:20 - [MESSAGE][PASSED] - Text 'PayNow' is set on object 'Object Repository/IWP30/Page_VRelay30Emulator/Action'

04-10-2024T23:17:20 - [MESSAGE][PASSED] - Text 'en_US' is set on object 'Object Repository/IWP30/Page_VRelay30Emulator/Lang'

04-10-2024T23:17:21 - [MESSAGE][PASSED] - Text '' is set on object 'Object Repository/IWP30/Page_VRelay30Emulator/Fname'

04-10-2024T23:17:21 - [MESSAGE][PASSED] - Text '' is set on object 'Object Repository/IWP30/Page_VRelay30Emulator/Lname'

04-10-2024T23:17:22 - [MESSAGE][PASSED] - Text '' is set on object 'Object Repository/IWP30/Page_VRelay30Emulator/AL1'

04-10-2024T23:17:23 - [MESSAGE][PASSED] - Text '' is set on object 'Object Repository/IWP30/Page_VRelay30Emulator/AL2'

04-10-2024T23:17:23 - [MESSAGE][PASSED] - Text '' is set on object 'Object Repository/IWP30/Page_VRelay30Emulator/Country'

04-10-2024T23:17:24 - [MESSAGE][PASSED] - Text '' is set on object 'Object Repository/IWP30/Page_VRelay30Emulator/City'

04-10-2024T23:17:24 - [MESSAGE][PASSED] - Text '' is set on object 'Object Repository/IWP30/Page_VRelay30Emulator/State'

04-10-2024T23:17:25 - [MESSAGE][PASSED] - Text '' is set on object 'Object Repository/IWP30/Page_VRelay30Emulator/ZIP'

04-10-2024T23:17:26 - [MESSAGE][PASSED] - Text '' is set on object 'Object Repository/IWP30/Page_VRelay30Emulator/Order'

04-10-2024T23:17:26 - [MESSAGE][PASSED] - Text '' is set on object 'Object Repository/IWP30/Page_VRelay30Emulator/Company'

04-10-2024T23:17:27 - [MESSAGE][PASSED] - Text '' is set on object 'Object Repository/IWP30/Page_VRelay30Emulator/Email'

04-10-2024T23:17:27 - [MESSAGE][PASSED] - Text '' is set on object 'Object Repository/IWP30/Page_VRelay30Emulator/UDF1'

04-10-2024T23:17:28 - [MESSAGE][PASSED] - Text '' is set on object 'Object Repository/IWP30/Page_VRelay30Emulator/UDF2'

04-10-2024T23:17:28 - [MESSAGE][PASSED] - Text '' is set on object 'Object Repository/IWP30/Page_VRelay30Emulator/UDF3'

04-10-2024T23:17:29 - [MESSAGE][PASSED] - Text 'udf data 4' is set on object 'Object Repository/IWP30/Page_VRelay30Emulator/UDF4'

04-10-2024T23:17:30 - [MESSAGE][PASSED] - Text 'udf data 5' is set on object 'Object Repository/IWP30/Page_VRelay30Emulator/UDF5'

04-10-2024T23:17:30 - [MESSAGE][PASSED] - Text '' is set on object 'Object Repository/IWP30/Page_VRelay30Emulator/UDF6'

04-10-2024T23:17:31 - [MESSAGE][PASSED] - Text '' is set on object 'Object Repository/IWP30/Page_VRelay30Emulator/UDF7'

04-10-2024T23:17:31 - [MESSAGE][PASSED] - Text '' is set on object 'Object Repository/IWP30/Page_VRelay30Emulator/UDF8'

04-10-2024T23:17:32 - [MESSAGE][PASSED] - Text 'udf data 9' is set on object 'Object Repository/IWP30/Page_VRelay30Emulator/UDF9'

04-10-2024T23:17:32 - [MESSAGE][PASSED] - Text 'udf data 10' is set on object 'Object Repository/IWP30/Page_VRelay30Emulator/UDF10'

04-10-2024T23:17:34 - [MESSAGE][PASSED] - Object: 'Object Repository/IWP30/Page_VRelay30Emulator/Submit' is clicked on

04-10-2024T23:17:38 - [MESSAGE][PASSED] - Browser is closed

04-10-2024T23:17:42 - [MESSAGE][PASSED] - iwpPages.emulatorIWP30.setDataEmulator_DD is PASSED

04-10-2024T23:17:42 - [TEST_STEP][PASSED] - testHarnessURL = urlTestHarness: null

04-10-2024T23:17:42 - [TEST_STEP][PASSED] - openBrowser(testHarnessURL): Browser is opened with url: 'https://dev-algorithm.govolution.com/vrelaytest/QA/version_2_2/vrelaytest.html'

04-10-2024T23:17:42 - [MESSAGE][INFO] - Starting 'Edge Chromium' driver

04-10-2024T23:17:42 - [MESSAGE][INFO] - User set preference: ['acceptInsecureCerts', 'true']

04-10-2024T23:17:44 - [MESSAGE][INFO] - Action delay is set to 0 milliseconds

04-10-2024T23:17:48 - [MESSAGE][PASSED] - Browser is opened with url: 'https://dev-algorithm.govolution.com/vrelaytest/QA/version_2_2/vrelaytest.html'

04-10-2024T23:17:48 - [TEST_STEP][PASSED] - maximizeWindow(): Current window maximized

04-10-2024T23:17:48 - [MESSAGE][PASSED] - Current window maximized

04-10-2024T23:17:48 - [TEST_STEP][PASSED] - iwpPages.TestHarnessPage.setDataMethod(row, dataFile): iwpPages.TestHarnessPage.setDataMethod is PASSED

04-10-2024T23:17:48 - [MESSAGE][PASSED] - Object 'Object Repository/IWP30/Page_QATestHarness/RemittanceID' is present

04-10-2024T23:17:49 - [MESSAGE][PASSED] - Text '638' is set on object 'Object Repository/IWP30/Page_QATestHarness/ApplicationID'

04-10-2024T23:17:50 - [MESSAGE][PASSED] - Text '2.5' is set on object 'Object Repository/IWP30/Page_QATestHarness/MessageVersion'

04-10-2024T23:17:50 - [MESSAGE][PASSED] - Text 'dP31Rr9abmOf' is set on object 'Object Repository/IWP30/Page_QATestHarness/RemittanceID'

04-10-2024T23:17:53 - [MESSAGE][PASSED] - Object: 'Object Repository/IWP30/Page_QATestHarness/SubmitButton' is clicked on

04-10-2024T23:17:53 - [MESSAGE][PASSED] - iwpPages.TestHarnessPage.setDataMethod is PASSED

04-10-2024T23:17:53 - [TEST_STEP][PASSED] - click(findTestObject("Object Repository/IWP30/Page_SelectPaymentMethod/PayByCorporateCheck")): Object: 'Object Repository/IWP30/Page_SelectPaymentMethod/PayByCorporateCheck' is clicked on

04-10-2024T23:17:54 - [MESSAGE][PASSED] - Object: 'Object Repository/IWP30/Page_SelectPaymentMethod/PayByCorporateCheck' is clicked on

04-10-2024T23:17:54 - [TEST_STEP][PASSED] - click(findTestObject("Object Repository/IWP30/Page_SelectPaymentMethod/MakePaymentButton")): Object: 'Object Repository/IWP30/Page_SelectPaymentMethod/MakePaymentButton' is clicked on

04-10-2024T23:17:55 - [MESSAGE][PASSED] - Object: 'Object Repository/IWP30/Page_SelectPaymentMethod/MakePaymentButton' is clicked on

04-10-2024T23:17:55 - [TEST_STEP][PASSED] - iwpPages.achCorporatePaymentEntryPage.setDataCorporate(row, dataFile): iwpPages.achCorporatePaymentEntryPage.setDataCorporate is PASSED

04-10-2024T23:17:56 - [MESSAGE][PASSED] - Object 'Object Repository/IWP30/Page_ACHCorporatePaymentEntry/txt_accountNumber' is present

04-10-2024T23:17:57 - [MESSAGE][PASSED] - Object 'Object Repository/IWP30/Page_ACHCorporatePaymentEntry/input_CompanyName' is present

04-10-2024T23:17:57 - [MESSAGE][PASSED] - Text 'My Company' is set on object 'Object Repository/IWP30/Page_ACHCorporatePaymentEntry/input_CompanyName'

04-10-2024T23:17:58 - [MESSAGE][PASSED] - Object 'Object Repository/IWP30/Page_ACHCorporatePaymentEntry/input_EIN' is present

04-10-2024T23:17:58 - [MESSAGE][PASSED] - Text '10.50' is set on object 'Object Repository/IWP30/Page_ACHCorporatePaymentEntry/txt_Amount'

04-10-2024T23:17:59 - [MESSAGE][PASSED] - Text 'udf data 3' is set on object 'Object Repository/IWP30/Page_ACHCorporatePaymentEntry/txt_UDF3'

04-10-2024T23:17:59 - [MESSAGE][PASSED] - All options with label 'Soccer' are selected in object 'Object Repository/IWP30/Page_ACHCorporatePaymentEntry/dd_UDF8' 

04-10-2024T23:18:00 - [MESSAGE][PASSED] - Object 'Object Repository/IWP30/Page_ACHCorporatePaymentEntry/txt_routingNumber' is present

04-10-2024T23:18:00 - [MESSAGE][PASSED] - Text '256072691' is set on object 'Object Repository/IWP30/Page_ACHCorporatePaymentEntry/txt_routingNumber'

04-10-2024T23:18:00 - [MESSAGE][PASSED] - Object 'Object Repository/IWP30/Page_ACHCorporatePaymentEntry/txt_accountNumber' is present

04-10-2024T23:18:02 - [MESSAGE][PASSED] - Text '12344444' is set on object 'Object Repository/IWP30/Page_ACHCorporatePaymentEntry/txt_accountNumber'

04-10-2024T23:18:02 - [MESSAGE][PASSED] - Object 'Object Repository/IWP30/Page_ACHCorporatePaymentEntry/txt_confirmAccountNumber' is present

04-10-2024T23:18:03 - [MESSAGE][PASSED] - Text '12344444' is set on object 'Object Repository/IWP30/Page_ACHCorporatePaymentEntry/txt_confirmAccountNumber'

04-10-2024T23:18:03 - [MESSAGE][PASSED] - Text '365 Main Avenue' is set on object 'Object Repository/IWP30/Page_ACHCorporatePaymentEntry/txt_AL1'

04-10-2024T23:18:04 - [MESSAGE][PASSED] - Text '22201' is set on object 'Object Repository/IWP30/Page_ACHCorporatePaymentEntry/txt_ZIP'

04-10-2024T23:18:04 - [MESSAGE][PASSED] - Object 'Object Repository/IWP30/Page_ACHCorporatePaymentEntry/txt_Email' is present

04-10-2024T23:18:05 - [MESSAGE][PASSED] - Text 'iahmed@govolution.com' is set on object 'Object Repository/IWP30/Page_ACHCorporatePaymentEntry/txt_Email'

04-10-2024T23:18:06 - [MESSAGE][PASSED] - Object 'Object Repository/IWP30/Page_ACHCorporatePaymentEntry/cb_TermsAndCond' is present

04-10-2024T23:18:06 - [MESSAGE][PASSED] - Object: 'Object Repository/IWP30/Page_ACHCorporatePaymentEntry/cb_TermsAndCond' is clicked on

04-10-2024T23:18:06 - [MESSAGE][PASSED] - Object 'Object Repository/IWP30/Page_ACHCorporatePaymentEntry/btn_Continue' is present

04-10-2024T23:18:07 - [MESSAGE][PASSED] - Object: 'Object Repository/IWP30/Page_ACHCorporatePaymentEntry/btn_Continue' is clicked on

04-10-2024T23:18:07 - [MESSAGE][PASSED] - iwpPages.achCorporatePaymentEntryPage.setDataCorporate is PASSED

04-10-2024T23:18:07 - [TEST_STEP][PASSED] - click(findTestObject("Object Repository/IWP30/Page_Confirmation/ConfirmButton")): Object: 'Object Repository/IWP30/Page_Confirmation/ConfirmButton' is clicked on

04-10-2024T23:18:09 - [MESSAGE][PASSED] - Object: 'Object Repository/IWP30/Page_Confirmation/ConfirmButton' is clicked on

04-10-2024T23:18:09 - [TEST_STEP][PASSED] - Thread.sleep(10000): null

04-10-2024T23:18:19 - [TEST_STEP][PASSED] - if (verifyTextPresent("Successful Payment Receipt", false)): null

04-10-2024T23:18:19 - [MESSAGE][PASSED] - Text 'Successful Payment Receipt' is present on page 

04-10-2024T23:18:19 - [TEST_STEP][PASSED] - println("Successful Payment Receipt text is present on the Receipt page"): null

04-10-2024T23:18:19 - [TEST_STEP][PASSED] - markPassed("Successful Payment Receipt text is present on the Receipt page"): Successful Payment Receipt text is present on the Receipt page

04-10-2024T23:18:19 - [MESSAGE][PASSED] - Successful Payment Receipt text is present on the Receipt page

04-10-2024T23:18:19 - [TEST_STEP][PASSED] - resText = "Pass": null

04-10-2024T23:18:19 - [TEST_STEP][PASSED] - pages.WriteExcel.demoKey(resText, datText, resColumn, datCloumn, fileLoc, nameSheet, row): pages.WriteExcel.demoKey is PASSED

04-10-2024T23:18:19 - [MESSAGE][PASSED] - pages.WriteExcel.demoKey is PASSED

04-10-2024T23:18:19 - [TEST_STEP][PASSED] - closeBrowser(): Browser is closed

04-10-2024T23:18:20 - [MESSAGE][PASSED] - Browser is closed]]></system-out>
         <system-err><![CDATA[]]></system-err>
      </testcase>
      <testcase name="Test Cases/IntegratedWeb/IWP25/Payments/PayNowCorpSCF" time="172.248" classname="Test Cases/IntegratedWeb/IWP25/Payments/PayNowCorpSCF" status="PASSED">
         <system-out><![CDATA[04-10-2024T23:18:20 - [TEST_CASE][PASSED] - Test Cases/IntegratedWeb/IWP25/Payments/PayNowCorpSCF: Test Cases/IntegratedWeb/IWP25/Payments/PayNowCorpSCF

04-10-2024T23:18:20 - [TEST_STEP][PASSED] - resText = "Fail": null

04-10-2024T23:18:20 - [TEST_STEP][PASSED] - resColumn = "Result": null

04-10-2024T23:18:20 - [TEST_STEP][PASSED] - datCloumn = "Date": null

04-10-2024T23:18:20 - [TEST_STEP][PASSED] - fileLoc = "KatalonData/IWPTestData/VRelay25Payments.xlsx": null

04-10-2024T23:18:20 - [TEST_STEP][PASSED] - numOfRows = <not implemented yet for class: org.codehaus.groovy.ast.expr.EmptyExpression>: null

04-10-2024T23:18:20 - [TEST_STEP][PASSED] - dataFile = <not implemented yet for class: org.codehaus.groovy.ast.expr.EmptyExpression>: null

04-10-2024T23:18:20 - [TEST_STEP][PASSED] - nameSheet = <not implemented yet for class: org.codehaus.groovy.ast.expr.EmptyExpression>: null

04-10-2024T23:18:20 - [TEST_STEP][PASSED] - dataFileEmulator = <not implemented yet for class: org.codehaus.groovy.ast.expr.EmptyExpression>: null

04-10-2024T23:18:20 - [TEST_STEP][PASSED] - isRequiredTextPresent = false: null

04-10-2024T23:18:20 - [TEST_STEP][PASSED] - nameSheet = "PayNowCorpSCF": null

04-10-2024T23:18:20 - [TEST_STEP][PASSED] - dataFile = "IWPTestData/IWP25PayNowCorpSCF": null

04-10-2024T23:18:20 - [TEST_STEP][PASSED] - dataFileEmulator = "IWPTestData/EmulatorData": null

04-10-2024T23:18:20 - [TEST_STEP][PASSED] - numOfRows = findTestData(dataFile).getRowNumbers(): null

04-10-2024T23:18:20 - [TEST_STEP][PASSED] - println("Number of Records: " + numOfRows): null

04-10-2024T23:18:20 - [TEST_STEP][PASSED] - for ([row = 1, row <= numOfRows, (row++)]): Browser is closed

04-10-2024T23:18:20 - [TEST_STEP][PASSED] - ExecuteTC = findTestData(dataFile).getValue("Execute", row): null

04-10-2024T23:18:20 - [TEST_STEP][PASSED] - out.println("Value of Execute is : " + ExecuteTC): null

04-10-2024T23:18:20 - [TEST_STEP][PASSED] - if (ExecuteTC.equalsIgnoreCase("Y")): null

04-10-2024T23:18:20 - [TEST_STEP][PASSED] - out.println("Begin Record Number: " + row): null

04-10-2024T23:18:20 - [TEST_STEP][PASSED] - today = new java.util.Date(): null

04-10-2024T23:18:20 - [TEST_STEP][PASSED] - println(today): null

04-10-2024T23:18:20 - [TEST_STEP][PASSED] - datText = today: null

04-10-2024T23:18:20 - [TEST_STEP][PASSED] - EmulatorDataKey = findTestData(dataFile).getValue("EmulatorData", row): null

04-10-2024T23:18:20 - [TEST_STEP][PASSED] - out.println("Value of Emulator Key is : " + EmulatorDataKey): null

04-10-2024T23:18:20 - [TEST_STEP][PASSED] - iwpPages.emulatorIWP30.setDataEmulator_DD(EmulatorDataKey): iwpPages.emulatorIWP30.setDataEmulator_DD is PASSED

04-10-2024T23:18:21 - [MESSAGE][INFO] - Starting 'Edge Chromium' driver

04-10-2024T23:18:21 - [MESSAGE][INFO] - User set preference: ['acceptInsecureCerts', 'true']

04-10-2024T23:18:23 - [MESSAGE][INFO] - Action delay is set to 0 milliseconds

04-10-2024T23:18:26 - [MESSAGE][PASSED] - Browser is opened with url: 'https://qa.velocitypayment.com/agency/config.do?action=editor&message_version=2_5'

04-10-2024T23:18:26 - [MESSAGE][PASSED] - Current window maximized

04-10-2024T23:18:27 - [MESSAGE][PASSED] - All options with value '2.5' are selected in object 'Object Repository/IWP30/Page_VRelay30Emulator/MV'  using regular expression

04-10-2024T23:18:27 - [MESSAGE][PASSED] - Text '10.50' is set on object 'Object Repository/IWP30/Page_VRelay30Emulator/Amount'

04-10-2024T23:18:28 - [MESSAGE][PASSED] - Text 'HrJNVyUrErHf' is set on object 'Object Repository/IWP30/Page_VRelay30Emulator/CAN'

04-10-2024T23:18:29 - [MESSAGE][PASSED] - Text 'PayNow' is set on object 'Object Repository/IWP30/Page_VRelay30Emulator/Action'

04-10-2024T23:18:29 - [MESSAGE][PASSED] - Text 'en_US' is set on object 'Object Repository/IWP30/Page_VRelay30Emulator/Lang'

04-10-2024T23:18:30 - [MESSAGE][PASSED] - Text '' is set on object 'Object Repository/IWP30/Page_VRelay30Emulator/Fname'

04-10-2024T23:18:30 - [MESSAGE][PASSED] - Text '' is set on object 'Object Repository/IWP30/Page_VRelay30Emulator/Lname'

04-10-2024T23:18:31 - [MESSAGE][PASSED] - Text '' is set on object 'Object Repository/IWP30/Page_VRelay30Emulator/AL1'

04-10-2024T23:18:32 - [MESSAGE][PASSED] - Text '' is set on object 'Object Repository/IWP30/Page_VRelay30Emulator/AL2'

04-10-2024T23:18:32 - [MESSAGE][PASSED] - Text '' is set on object 'Object Repository/IWP30/Page_VRelay30Emulator/Country'

04-10-2024T23:18:33 - [MESSAGE][PASSED] - Text '' is set on object 'Object Repository/IWP30/Page_VRelay30Emulator/City'

04-10-2024T23:18:33 - [MESSAGE][PASSED] - Text '' is set on object 'Object Repository/IWP30/Page_VRelay30Emulator/State'

04-10-2024T23:18:34 - [MESSAGE][PASSED] - Text '' is set on object 'Object Repository/IWP30/Page_VRelay30Emulator/ZIP'

04-10-2024T23:18:34 - [MESSAGE][PASSED] - Text '' is set on object 'Object Repository/IWP30/Page_VRelay30Emulator/Order'

04-10-2024T23:18:35 - [MESSAGE][PASSED] - Text '' is set on object 'Object Repository/IWP30/Page_VRelay30Emulator/Company'

04-10-2024T23:18:36 - [MESSAGE][PASSED] - Text '' is set on object 'Object Repository/IWP30/Page_VRelay30Emulator/Email'

04-10-2024T23:18:36 - [MESSAGE][PASSED] - Text '' is set on object 'Object Repository/IWP30/Page_VRelay30Emulator/UDF1'

04-10-2024T23:18:37 - [MESSAGE][PASSED] - Text '' is set on object 'Object Repository/IWP30/Page_VRelay30Emulator/UDF2'

04-10-2024T23:18:37 - [MESSAGE][PASSED] - Text '' is set on object 'Object Repository/IWP30/Page_VRelay30Emulator/UDF3'

04-10-2024T23:18:38 - [MESSAGE][PASSED] - Text 'udf data 4' is set on object 'Object Repository/IWP30/Page_VRelay30Emulator/UDF4'

04-10-2024T23:18:39 - [MESSAGE][PASSED] - Text 'udf data 5' is set on object 'Object Repository/IWP30/Page_VRelay30Emulator/UDF5'

04-10-2024T23:18:39 - [MESSAGE][PASSED] - Text '' is set on object 'Object Repository/IWP30/Page_VRelay30Emulator/UDF6'

04-10-2024T23:18:40 - [MESSAGE][PASSED] - Text '' is set on object 'Object Repository/IWP30/Page_VRelay30Emulator/UDF7'

04-10-2024T23:18:40 - [MESSAGE][PASSED] - Text '' is set on object 'Object Repository/IWP30/Page_VRelay30Emulator/UDF8'

04-10-2024T23:18:41 - [MESSAGE][PASSED] - Text 'udf data 9' is set on object 'Object Repository/IWP30/Page_VRelay30Emulator/UDF9'

04-10-2024T23:18:41 - [MESSAGE][PASSED] - Text 'udf data 10' is set on object 'Object Repository/IWP30/Page_VRelay30Emulator/UDF10'

04-10-2024T23:18:43 - [MESSAGE][PASSED] - Object: 'Object Repository/IWP30/Page_VRelay30Emulator/Submit' is clicked on

04-10-2024T23:18:47 - [MESSAGE][PASSED] - Browser is closed

04-10-2024T23:18:51 - [MESSAGE][PASSED] - iwpPages.emulatorIWP30.setDataEmulator_DD is PASSED

04-10-2024T23:18:51 - [TEST_STEP][PASSED] - testHarnessURL = urlTestHarness: null

04-10-2024T23:18:51 - [TEST_STEP][PASSED] - openBrowser(testHarnessURL): Browser is opened with url: 'https://dev-algorithm.govolution.com/vrelaytest/QA/version_2_2/vrelaytest.html'

04-10-2024T23:18:51 - [MESSAGE][INFO] - Starting 'Edge Chromium' driver

04-10-2024T23:18:51 - [MESSAGE][INFO] - User set preference: ['acceptInsecureCerts', 'true']

04-10-2024T23:18:53 - [MESSAGE][INFO] - Action delay is set to 0 milliseconds

04-10-2024T23:18:57 - [MESSAGE][PASSED] - Browser is opened with url: 'https://dev-algorithm.govolution.com/vrelaytest/QA/version_2_2/vrelaytest.html'

04-10-2024T23:18:57 - [TEST_STEP][PASSED] - maximizeWindow(): Current window maximized

04-10-2024T23:18:57 - [MESSAGE][PASSED] - Current window maximized

04-10-2024T23:18:57 - [TEST_STEP][PASSED] - iwpPages.TestHarnessPage.setDataMethod(row, dataFile): iwpPages.TestHarnessPage.setDataMethod is PASSED

04-10-2024T23:18:57 - [MESSAGE][PASSED] - Object 'Object Repository/IWP30/Page_QATestHarness/RemittanceID' is present

04-10-2024T23:18:58 - [MESSAGE][PASSED] - Text '639' is set on object 'Object Repository/IWP30/Page_QATestHarness/ApplicationID'

04-10-2024T23:18:58 - [MESSAGE][PASSED] - Text '2.5' is set on object 'Object Repository/IWP30/Page_QATestHarness/MessageVersion'

04-10-2024T23:18:59 - [MESSAGE][PASSED] - Text 'QBOCi1ZgrgWe' is set on object 'Object Repository/IWP30/Page_QATestHarness/RemittanceID'

04-10-2024T23:19:02 - [MESSAGE][PASSED] - Object: 'Object Repository/IWP30/Page_QATestHarness/SubmitButton' is clicked on

04-10-2024T23:19:02 - [MESSAGE][PASSED] - iwpPages.TestHarnessPage.setDataMethod is PASSED

04-10-2024T23:19:02 - [TEST_STEP][PASSED] - click(findTestObject("Object Repository/IWP30/Page_SelectPaymentMethod/PayByCorporateCheck")): Object: 'Object Repository/IWP30/Page_SelectPaymentMethod/PayByCorporateCheck' is clicked on

04-10-2024T23:19:03 - [MESSAGE][PASSED] - Object: 'Object Repository/IWP30/Page_SelectPaymentMethod/PayByCorporateCheck' is clicked on

04-10-2024T23:19:03 - [TEST_STEP][PASSED] - click(findTestObject("Object Repository/IWP30/Page_SelectPaymentMethod/MakePaymentButton")): Object: 'Object Repository/IWP30/Page_SelectPaymentMethod/MakePaymentButton' is clicked on

04-10-2024T23:19:04 - [MESSAGE][PASSED] - Object: 'Object Repository/IWP30/Page_SelectPaymentMethod/MakePaymentButton' is clicked on

04-10-2024T23:19:04 - [TEST_STEP][PASSED] - iwpPages.achCorporatePaymentEntryPage.setDataCorporate(row, dataFile): iwpPages.achCorporatePaymentEntryPage.setDataCorporate is PASSED

04-10-2024T23:19:05 - [MESSAGE][PASSED] - Object 'Object Repository/IWP30/Page_ACHCorporatePaymentEntry/txt_accountNumber' is present

04-10-2024T23:19:05 - [MESSAGE][PASSED] - Object 'Object Repository/IWP30/Page_ACHCorporatePaymentEntry/input_CompanyName' is present

04-10-2024T23:19:06 - [MESSAGE][PASSED] - Text 'My Company' is set on object 'Object Repository/IWP30/Page_ACHCorporatePaymentEntry/input_CompanyName'

04-10-2024T23:19:06 - [MESSAGE][PASSED] - Object 'Object Repository/IWP30/Page_ACHCorporatePaymentEntry/input_EIN' is present

04-10-2024T23:19:07 - [MESSAGE][PASSED] - Text '123456789' is set on object 'Object Repository/IWP30/Page_ACHCorporatePaymentEntry/input_EIN'

04-10-2024T23:19:07 - [MESSAGE][PASSED] - Text '10.50' is set on object 'Object Repository/IWP30/Page_ACHCorporatePaymentEntry/txt_Amount'

04-10-2024T23:19:08 - [MESSAGE][PASSED] - Text 'udf data 2' is set on object 'Object Repository/IWP30/Page_ACHCorporatePaymentEntry/txt_UDF2'

04-10-2024T23:19:08 - [MESSAGE][PASSED] - Text 'udf data 3' is set on object 'Object Repository/IWP30/Page_ACHCorporatePaymentEntry/txt_UDF3'

04-10-2024T23:19:09 - [MESSAGE][PASSED] - All options with label 'Orange' are selected in object 'Object Repository/IWP30/Page_ACHCorporatePaymentEntry/dd_UDF7' 

04-10-2024T23:19:10 - [MESSAGE][PASSED] - All options with label 'Soccer' are selected in object 'Object Repository/IWP30/Page_ACHCorporatePaymentEntry/dd_UDF8' 

04-10-2024T23:19:10 - [MESSAGE][PASSED] - Object 'Object Repository/IWP30/Page_ACHCorporatePaymentEntry/txt_routingNumber' is present

04-10-2024T23:19:10 - [MESSAGE][PASSED] - Text '256072691' is set on object 'Object Repository/IWP30/Page_ACHCorporatePaymentEntry/txt_routingNumber'

04-10-2024T23:19:11 - [MESSAGE][PASSED] - Object 'Object Repository/IWP30/Page_ACHCorporatePaymentEntry/txt_accountNumber' is present

04-10-2024T23:19:12 - [MESSAGE][PASSED] - Text '12344444' is set on object 'Object Repository/IWP30/Page_ACHCorporatePaymentEntry/txt_accountNumber'

04-10-2024T23:19:12 - [MESSAGE][PASSED] - Object 'Object Repository/IWP30/Page_ACHCorporatePaymentEntry/txt_confirmAccountNumber' is present

04-10-2024T23:19:13 - [MESSAGE][PASSED] - Text '12344444' is set on object 'Object Repository/IWP30/Page_ACHCorporatePaymentEntry/txt_confirmAccountNumber'

04-10-2024T23:19:14 - [MESSAGE][PASSED] - Text '365 Main Avenue' is set on object 'Object Repository/IWP30/Page_ACHCorporatePaymentEntry/txt_AL1'

04-10-2024T23:19:14 - [MESSAGE][PASSED] - Text '22201' is set on object 'Object Repository/IWP30/Page_ACHCorporatePaymentEntry/txt_ZIP'

04-10-2024T23:19:14 - [MESSAGE][PASSED] - Object 'Object Repository/IWP30/Page_ACHCorporatePaymentEntry/txt_Email' is present

04-10-2024T23:19:15 - [MESSAGE][PASSED] - Text 'iahmed@govolution.com' is set on object 'Object Repository/IWP30/Page_ACHCorporatePaymentEntry/txt_Email'

04-10-2024T23:19:16 - [MESSAGE][PASSED] - Object 'Object Repository/IWP30/Page_ACHCorporatePaymentEntry/cb_TermsAndCond' is present

04-10-2024T23:19:16 - [MESSAGE][PASSED] - Object: 'Object Repository/IWP30/Page_ACHCorporatePaymentEntry/cb_TermsAndCond' is clicked on

04-10-2024T23:19:16 - [MESSAGE][PASSED] - Object 'Object Repository/IWP30/Page_ACHCorporatePaymentEntry/btn_Continue' is present

04-10-2024T23:19:17 - [MESSAGE][PASSED] - Object: 'Object Repository/IWP30/Page_ACHCorporatePaymentEntry/btn_Continue' is clicked on

04-10-2024T23:19:17 - [MESSAGE][PASSED] - iwpPages.achCorporatePaymentEntryPage.setDataCorporate is PASSED

04-10-2024T23:19:17 - [TEST_STEP][PASSED] - click(findTestObject("Object Repository/IWP30/Page_Confirmation/ConfirmButton")): Object: 'Object Repository/IWP30/Page_Confirmation/ConfirmButton' is clicked on

04-10-2024T23:19:19 - [MESSAGE][PASSED] - Object: 'Object Repository/IWP30/Page_Confirmation/ConfirmButton' is clicked on

04-10-2024T23:19:19 - [TEST_STEP][PASSED] - Thread.sleep(5000): null

04-10-2024T23:19:24 - [TEST_STEP][PASSED] - if (verifyTextPresent("Make a Real Estate Payment", false)): null

04-10-2024T23:19:24 - [MESSAGE][PASSED] - Text 'Make a Real Estate Payment' is present on page 

04-10-2024T23:19:24 - [TEST_STEP][PASSED] - isRequiredTextPresent = true: null

04-10-2024T23:19:24 - [TEST_STEP][PASSED] - println(isRequiredTextPresent): null

04-10-2024T23:19:24 - [TEST_STEP][PASSED] - if (isRequiredTextPresent): null

04-10-2024T23:19:24 - [TEST_STEP][PASSED] - if (verifyTextPresent("This transaction is subject to a Convenience Fees of $2.00.", false)): null

04-10-2024T23:19:24 - [MESSAGE][PASSED] - Text 'This transaction is subject to a Convenience Fees of $2.00.' is present on page 

04-10-2024T23:19:24 - [TEST_STEP][PASSED] - isRequiredTextPresent = true: null

04-10-2024T23:19:24 - [TEST_STEP][PASSED] - println(isRequiredTextPresent): null

04-10-2024T23:19:24 - [TEST_STEP][PASSED] - if (isRequiredTextPresent): null

04-10-2024T23:19:24 - [TEST_STEP][PASSED] - if (verifyTextPresent("Payment Amount:  $10.50", false)): null

04-10-2024T23:19:25 - [MESSAGE][PASSED] - Text 'Payment Amount:  $10.50' is present on page 

04-10-2024T23:19:25 - [TEST_STEP][PASSED] - isRequiredTextPresent = true: null

04-10-2024T23:19:25 - [TEST_STEP][PASSED] - if (isRequiredTextPresent): null

04-10-2024T23:19:25 - [TEST_STEP][PASSED] - if (verifyTextPresent("Convenience Fees:  $2.00", false)): null

04-10-2024T23:19:25 - [MESSAGE][PASSED] - Text 'Convenience Fees:  $2.00' is present on page 

04-10-2024T23:19:25 - [TEST_STEP][PASSED] - isRequiredTextPresent = true: null

04-10-2024T23:19:25 - [TEST_STEP][PASSED] - if (isRequiredTextPresent): null

04-10-2024T23:19:25 - [TEST_STEP][PASSED] - if (verifyTextPresent("Total Amount:  $12.50", false)): null

04-10-2024T23:19:25 - [MESSAGE][PASSED] - Text 'Total Amount:  $12.50' is present on page 

04-10-2024T23:19:25 - [TEST_STEP][PASSED] - isRequiredTextPresent = true: null

04-10-2024T23:19:25 - [TEST_STEP][PASSED] - if (isRequiredTextPresent): null

04-10-2024T23:19:25 - [TEST_STEP][PASSED] - if (verifyTextPresent("One transaction in the amount of $12.50 will appear on your bank statement.", false)): null

04-10-2024T23:19:25 - [MESSAGE][PASSED] - Text 'One transaction in the amount of $12.50 will appear on your bank statement.' is present on page 

04-10-2024T23:19:25 - [TEST_STEP][PASSED] - isRequiredTextPresent = true: null

04-10-2024T23:19:25 - [TEST_STEP][PASSED] - Thread.sleep(10000): null

04-10-2024T23:19:35 - [TEST_STEP][PASSED] - click(findTestObject("Object Repository/IWP30/Page_ConvenienceFees/btn_convFeeNotifyAction")): Object: 'Object Repository/IWP30/Page_ConvenienceFees/btn_convFeeNotifyAction' is clicked on

04-10-2024T23:19:37 - [MESSAGE][PASSED] - Object: 'Object Repository/IWP30/Page_ConvenienceFees/btn_convFeeNotifyAction' is clicked on

04-10-2024T23:19:37 - [TEST_STEP][PASSED] - Thread.sleep(10000): null

04-10-2024T23:19:47 - [TEST_STEP][PASSED] - if (verifyTextPresent("Successful Payment Receipt", false)): null

04-10-2024T23:19:47 - [MESSAGE][PASSED] - Text 'Successful Payment Receipt' is present on page 

04-10-2024T23:19:47 - [TEST_STEP][PASSED] - println("Successful Payment Receipt text is present on the Receipt page"): null

04-10-2024T23:19:47 - [TEST_STEP][PASSED] - markPassed("Successful Payment Receipt text is present on the Receipt page"): Successful Payment Receipt text is present on the Receipt page

04-10-2024T23:19:47 - [MESSAGE][PASSED] - Successful Payment Receipt text is present on the Receipt page

04-10-2024T23:19:47 - [TEST_STEP][PASSED] - resText = "Pass": null

04-10-2024T23:19:47 - [TEST_STEP][PASSED] - pages.WriteExcel.demoKey(resText, datText, resColumn, datCloumn, fileLoc, nameSheet, row): pages.WriteExcel.demoKey is PASSED

04-10-2024T23:19:47 - [MESSAGE][PASSED] - pages.WriteExcel.demoKey is PASSED

04-10-2024T23:19:48 - [TEST_STEP][PASSED] - closeBrowser(): Browser is closed

04-10-2024T23:19:48 - [MESSAGE][PASSED] - Browser is closed

04-10-2024T23:19:48 - [TEST_STEP][PASSED] - ExecuteTC = findTestData(dataFile).getValue("Execute", row): null

04-10-2024T23:19:48 - [TEST_STEP][PASSED] - out.println("Value of Execute is : " + ExecuteTC): null

04-10-2024T23:19:48 - [TEST_STEP][PASSED] - if (ExecuteTC.equalsIgnoreCase("Y")): null

04-10-2024T23:19:48 - [TEST_STEP][PASSED] - out.println("Begin Record Number: " + row): null

04-10-2024T23:19:48 - [TEST_STEP][PASSED] - today = new java.util.Date(): null

04-10-2024T23:19:48 - [TEST_STEP][PASSED] - println(today): null

04-10-2024T23:19:48 - [TEST_STEP][PASSED] - datText = today: null

04-10-2024T23:19:48 - [TEST_STEP][PASSED] - EmulatorDataKey = findTestData(dataFile).getValue("EmulatorData", row): null

04-10-2024T23:19:48 - [TEST_STEP][PASSED] - out.println("Value of Emulator Key is : " + EmulatorDataKey): null

04-10-2024T23:19:48 - [TEST_STEP][PASSED] - iwpPages.emulatorIWP30.setDataEmulator_DD(EmulatorDataKey): iwpPages.emulatorIWP30.setDataEmulator_DD is PASSED

04-10-2024T23:19:48 - [MESSAGE][INFO] - Starting 'Edge Chromium' driver

04-10-2024T23:19:48 - [MESSAGE][INFO] - User set preference: ['acceptInsecureCerts', 'true']

04-10-2024T23:19:51 - [MESSAGE][INFO] - Action delay is set to 0 milliseconds

04-10-2024T23:19:54 - [MESSAGE][PASSED] - Browser is opened with url: 'https://qa.velocitypayment.com/agency/config.do?action=editor&message_version=2_5'

04-10-2024T23:19:54 - [MESSAGE][PASSED] - Current window maximized

04-10-2024T23:19:55 - [MESSAGE][PASSED] - All options with value '2.5' are selected in object 'Object Repository/IWP30/Page_VRelay30Emulator/MV'  using regular expression

04-10-2024T23:19:56 - [MESSAGE][PASSED] - Text '10.50' is set on object 'Object Repository/IWP30/Page_VRelay30Emulator/Amount'

04-10-2024T23:19:56 - [MESSAGE][PASSED] - Text 'qAMbX1Gk9AGX' is set on object 'Object Repository/IWP30/Page_VRelay30Emulator/CAN'

04-10-2024T23:19:57 - [MESSAGE][PASSED] - Text 'PayNow' is set on object 'Object Repository/IWP30/Page_VRelay30Emulator/Action'

04-10-2024T23:19:57 - [MESSAGE][PASSED] - Text 'en_US' is set on object 'Object Repository/IWP30/Page_VRelay30Emulator/Lang'

04-10-2024T23:19:58 - [MESSAGE][PASSED] - Text 'Jasmine' is set on object 'Object Repository/IWP30/Page_VRelay30Emulator/Fname'

04-10-2024T23:19:59 - [MESSAGE][PASSED] - Text 'Patrinol' is set on object 'Object Repository/IWP30/Page_VRelay30Emulator/Lname'

04-10-2024T23:19:59 - [MESSAGE][PASSED] - Text '258 Underwood rd' is set on object 'Object Repository/IWP30/Page_VRelay30Emulator/AL1'

04-10-2024T23:20:00 - [MESSAGE][PASSED] - Text 'Suite 600' is set on object 'Object Repository/IWP30/Page_VRelay30Emulator/AL2'

04-10-2024T23:20:00 - [MESSAGE][PASSED] - Text '840' is set on object 'Object Repository/IWP30/Page_VRelay30Emulator/Country'

04-10-2024T23:20:01 - [MESSAGE][PASSED] - Text 'Arlington' is set on object 'Object Repository/IWP30/Page_VRelay30Emulator/City'

04-10-2024T23:20:02 - [MESSAGE][PASSED] - Text 'VA' is set on object 'Object Repository/IWP30/Page_VRelay30Emulator/State'

04-10-2024T23:20:02 - [MESSAGE][PASSED] - Text '22201' is set on object 'Object Repository/IWP30/Page_VRelay30Emulator/ZIP'

04-10-2024T23:20:03 - [MESSAGE][PASSED] - Text '' is set on object 'Object Repository/IWP30/Page_VRelay30Emulator/Order'

04-10-2024T23:20:03 - [MESSAGE][PASSED] - Text 'Some Company' is set on object 'Object Repository/IWP30/Page_VRelay30Emulator/Company'

04-10-2024T23:20:04 - [MESSAGE][PASSED] - Text 'iahmed@govolution.com' is set on object 'Object Repository/IWP30/Page_VRelay30Emulator/Email'

04-10-2024T23:20:05 - [MESSAGE][PASSED] - Text 'udf data 1' is set on object 'Object Repository/IWP30/Page_VRelay30Emulator/UDF1'

04-10-2024T23:20:05 - [MESSAGE][PASSED] - Text 'udf data 2' is set on object 'Object Repository/IWP30/Page_VRelay30Emulator/UDF2'

04-10-2024T23:20:06 - [MESSAGE][PASSED] - Text 'udf data 3' is set on object 'Object Repository/IWP30/Page_VRelay30Emulator/UDF3'

04-10-2024T23:20:06 - [MESSAGE][PASSED] - Text 'udf data 4' is set on object 'Object Repository/IWP30/Page_VRelay30Emulator/UDF4'

04-10-2024T23:20:07 - [MESSAGE][PASSED] - Text 'udf data 5' is set on object 'Object Repository/IWP30/Page_VRelay30Emulator/UDF5'

04-10-2024T23:20:08 - [MESSAGE][PASSED] - Text 'udf data 6' is set on object 'Object Repository/IWP30/Page_VRelay30Emulator/UDF6'

04-10-2024T23:20:08 - [MESSAGE][PASSED] - Text 'Orange' is set on object 'Object Repository/IWP30/Page_VRelay30Emulator/UDF7'

04-10-2024T23:20:09 - [MESSAGE][PASSED] - Text 'Soccer' is set on object 'Object Repository/IWP30/Page_VRelay30Emulator/UDF8'

04-10-2024T23:20:09 - [MESSAGE][PASSED] - Text 'udf data 9' is set on object 'Object Repository/IWP30/Page_VRelay30Emulator/UDF9'

04-10-2024T23:20:10 - [MESSAGE][PASSED] - Text 'udf data 10' is set on object 'Object Repository/IWP30/Page_VRelay30Emulator/UDF10'

04-10-2024T23:20:11 - [MESSAGE][PASSED] - Object: 'Object Repository/IWP30/Page_VRelay30Emulator/Submit' is clicked on

04-10-2024T23:20:16 - [MESSAGE][PASSED] - Browser is closed

04-10-2024T23:20:20 - [MESSAGE][PASSED] - iwpPages.emulatorIWP30.setDataEmulator_DD is PASSED

04-10-2024T23:20:20 - [TEST_STEP][PASSED] - testHarnessURL = urlTestHarness: null

04-10-2024T23:20:20 - [TEST_STEP][PASSED] - openBrowser(testHarnessURL): Browser is opened with url: 'https://dev-algorithm.govolution.com/vrelaytest/QA/version_2_2/vrelaytest.html'

04-10-2024T23:20:20 - [MESSAGE][INFO] - Starting 'Edge Chromium' driver

04-10-2024T23:20:20 - [MESSAGE][INFO] - User set preference: ['acceptInsecureCerts', 'true']

04-10-2024T23:20:22 - [MESSAGE][INFO] - Action delay is set to 0 milliseconds

04-10-2024T23:20:26 - [MESSAGE][PASSED] - Browser is opened with url: 'https://dev-algorithm.govolution.com/vrelaytest/QA/version_2_2/vrelaytest.html'

04-10-2024T23:20:26 - [TEST_STEP][PASSED] - maximizeWindow(): Current window maximized

04-10-2024T23:20:26 - [MESSAGE][PASSED] - Current window maximized

04-10-2024T23:20:26 - [TEST_STEP][PASSED] - iwpPages.TestHarnessPage.setDataMethod(row, dataFile): iwpPages.TestHarnessPage.setDataMethod is PASSED

04-10-2024T23:20:26 - [MESSAGE][PASSED] - Object 'Object Repository/IWP30/Page_QATestHarness/RemittanceID' is present

04-10-2024T23:20:27 - [MESSAGE][PASSED] - Text '639' is set on object 'Object Repository/IWP30/Page_QATestHarness/ApplicationID'

04-10-2024T23:20:28 - [MESSAGE][PASSED] - Text '2.5' is set on object 'Object Repository/IWP30/Page_QATestHarness/MessageVersion'

04-10-2024T23:20:28 - [MESSAGE][PASSED] - Text 'z2ET1OWsCOS4' is set on object 'Object Repository/IWP30/Page_QATestHarness/RemittanceID'

04-10-2024T23:20:31 - [MESSAGE][PASSED] - Object: 'Object Repository/IWP30/Page_QATestHarness/SubmitButton' is clicked on

04-10-2024T23:20:31 - [MESSAGE][PASSED] - iwpPages.TestHarnessPage.setDataMethod is PASSED

04-10-2024T23:20:31 - [TEST_STEP][PASSED] - click(findTestObject("Object Repository/IWP30/Page_SelectPaymentMethod/PayByCorporateCheck")): Object: 'Object Repository/IWP30/Page_SelectPaymentMethod/PayByCorporateCheck' is clicked on

04-10-2024T23:20:31 - [MESSAGE][PASSED] - Object: 'Object Repository/IWP30/Page_SelectPaymentMethod/PayByCorporateCheck' is clicked on

04-10-2024T23:20:31 - [TEST_STEP][PASSED] - click(findTestObject("Object Repository/IWP30/Page_SelectPaymentMethod/MakePaymentButton")): Object: 'Object Repository/IWP30/Page_SelectPaymentMethod/MakePaymentButton' is clicked on

04-10-2024T23:20:34 - [MESSAGE][PASSED] - Object: 'Object Repository/IWP30/Page_SelectPaymentMethod/MakePaymentButton' is clicked on

04-10-2024T23:20:34 - [TEST_STEP][PASSED] - iwpPages.achCorporatePaymentEntryPage.setDataCorporate(row, dataFile): iwpPages.achCorporatePaymentEntryPage.setDataCorporate is PASSED

04-10-2024T23:20:35 - [MESSAGE][PASSED] - Object 'Object Repository/IWP30/Page_ACHCorporatePaymentEntry/txt_accountNumber' is present

04-10-2024T23:20:35 - [MESSAGE][PASSED] - Object 'Object Repository/IWP30/Page_ACHCorporatePaymentEntry/input_CompanyName' is present

04-10-2024T23:20:35 - [MESSAGE][PASSED] - Object 'Object Repository/IWP30/Page_ACHCorporatePaymentEntry/input_EIN' is present

04-10-2024T23:20:36 - [MESSAGE][PASSED] - Text '123456789' is set on object 'Object Repository/IWP30/Page_ACHCorporatePaymentEntry/input_EIN'

04-10-2024T23:20:36 - [MESSAGE][PASSED] - All options with label 'Soccer' are selected in object 'Object Repository/IWP30/Page_ACHCorporatePaymentEntry/dd_UDF8' 

04-10-2024T23:20:36 - [MESSAGE][PASSED] - Object 'Object Repository/IWP30/Page_ACHCorporatePaymentEntry/txt_routingNumber' is present

04-10-2024T23:20:37 - [MESSAGE][PASSED] - Text '256072691' is set on object 'Object Repository/IWP30/Page_ACHCorporatePaymentEntry/txt_routingNumber'

04-10-2024T23:20:37 - [MESSAGE][PASSED] - Object 'Object Repository/IWP30/Page_ACHCorporatePaymentEntry/txt_accountNumber' is present

04-10-2024T23:20:38 - [MESSAGE][PASSED] - Text '12344444' is set on object 'Object Repository/IWP30/Page_ACHCorporatePaymentEntry/txt_accountNumber'

04-10-2024T23:20:39 - [MESSAGE][PASSED] - Object 'Object Repository/IWP30/Page_ACHCorporatePaymentEntry/txt_confirmAccountNumber' is present

04-10-2024T23:20:39 - [MESSAGE][PASSED] - Text '12344444' is set on object 'Object Repository/IWP30/Page_ACHCorporatePaymentEntry/txt_confirmAccountNumber'

04-10-2024T23:20:40 - [MESSAGE][PASSED] - Object 'Object Repository/IWP30/Page_ACHCorporatePaymentEntry/txt_Email' is present

04-10-2024T23:20:40 - [MESSAGE][PASSED] - Object 'Object Repository/IWP30/Page_ACHCorporatePaymentEntry/cb_TermsAndCond' is present

04-10-2024T23:20:40 - [MESSAGE][PASSED] - Object: 'Object Repository/IWP30/Page_ACHCorporatePaymentEntry/cb_TermsAndCond' is clicked on

04-10-2024T23:20:40 - [MESSAGE][PASSED] - Object 'Object Repository/IWP30/Page_ACHCorporatePaymentEntry/btn_Continue' is present

04-10-2024T23:20:42 - [MESSAGE][PASSED] - Object: 'Object Repository/IWP30/Page_ACHCorporatePaymentEntry/btn_Continue' is clicked on

04-10-2024T23:20:42 - [MESSAGE][PASSED] - iwpPages.achCorporatePaymentEntryPage.setDataCorporate is PASSED

04-10-2024T23:20:42 - [TEST_STEP][PASSED] - click(findTestObject("Object Repository/IWP30/Page_Confirmation/ConfirmButton")): Object: 'Object Repository/IWP30/Page_Confirmation/ConfirmButton' is clicked on

04-10-2024T23:20:43 - [MESSAGE][PASSED] - Object: 'Object Repository/IWP30/Page_Confirmation/ConfirmButton' is clicked on

04-10-2024T23:20:43 - [TEST_STEP][PASSED] - Thread.sleep(5000): null

04-10-2024T23:20:48 - [TEST_STEP][PASSED] - if (verifyTextPresent("Make a Real Estate Payment", false)): null

04-10-2024T23:20:48 - [MESSAGE][PASSED] - Text 'Make a Real Estate Payment' is present on page 

04-10-2024T23:20:48 - [TEST_STEP][PASSED] - isRequiredTextPresent = true: null

04-10-2024T23:20:48 - [TEST_STEP][PASSED] - println(isRequiredTextPresent): null

04-10-2024T23:20:48 - [TEST_STEP][PASSED] - if (isRequiredTextPresent): null

04-10-2024T23:20:48 - [TEST_STEP][PASSED] - if (verifyTextPresent("This transaction is subject to a Convenience Fees of $2.00.", false)): null

04-10-2024T23:20:49 - [MESSAGE][PASSED] - Text 'This transaction is subject to a Convenience Fees of $2.00.' is present on page 

04-10-2024T23:20:49 - [TEST_STEP][PASSED] - isRequiredTextPresent = true: null

04-10-2024T23:20:49 - [TEST_STEP][PASSED] - println(isRequiredTextPresent): null

04-10-2024T23:20:49 - [TEST_STEP][PASSED] - if (isRequiredTextPresent): null

04-10-2024T23:20:49 - [TEST_STEP][PASSED] - if (verifyTextPresent("Payment Amount:  $10.50", false)): null

04-10-2024T23:20:49 - [MESSAGE][PASSED] - Text 'Payment Amount:  $10.50' is present on page 

04-10-2024T23:20:49 - [TEST_STEP][PASSED] - isRequiredTextPresent = true: null

04-10-2024T23:20:49 - [TEST_STEP][PASSED] - if (isRequiredTextPresent): null

04-10-2024T23:20:49 - [TEST_STEP][PASSED] - if (verifyTextPresent("Convenience Fees:  $2.00", false)): null

04-10-2024T23:20:49 - [MESSAGE][PASSED] - Text 'Convenience Fees:  $2.00' is present on page 

04-10-2024T23:20:49 - [TEST_STEP][PASSED] - isRequiredTextPresent = true: null

04-10-2024T23:20:49 - [TEST_STEP][PASSED] - if (isRequiredTextPresent): null

04-10-2024T23:20:49 - [TEST_STEP][PASSED] - if (verifyTextPresent("Total Amount:  $12.50", false)): null

04-10-2024T23:20:49 - [MESSAGE][PASSED] - Text 'Total Amount:  $12.50' is present on page 

04-10-2024T23:20:49 - [TEST_STEP][PASSED] - isRequiredTextPresent = true: null

04-10-2024T23:20:49 - [TEST_STEP][PASSED] - if (isRequiredTextPresent): null

04-10-2024T23:20:49 - [TEST_STEP][PASSED] - if (verifyTextPresent("One transaction in the amount of $12.50 will appear on your bank statement.", false)): null

04-10-2024T23:20:50 - [MESSAGE][PASSED] - Text 'One transaction in the amount of $12.50 will appear on your bank statement.' is present on page 

04-10-2024T23:20:50 - [TEST_STEP][PASSED] - isRequiredTextPresent = true: null

04-10-2024T23:20:50 - [TEST_STEP][PASSED] - Thread.sleep(10000): null

04-10-2024T23:21:00 - [TEST_STEP][PASSED] - click(findTestObject("Object Repository/IWP30/Page_ConvenienceFees/btn_convFeeNotifyAction")): Object: 'Object Repository/IWP30/Page_ConvenienceFees/btn_convFeeNotifyAction' is clicked on

04-10-2024T23:21:01 - [MESSAGE][PASSED] - Object: 'Object Repository/IWP30/Page_ConvenienceFees/btn_convFeeNotifyAction' is clicked on

04-10-2024T23:21:01 - [TEST_STEP][PASSED] - Thread.sleep(10000): null

04-10-2024T23:21:11 - [TEST_STEP][PASSED] - if (verifyTextPresent("Successful Payment Receipt", false)): null

04-10-2024T23:21:11 - [MESSAGE][PASSED] - Text 'Successful Payment Receipt' is present on page 

04-10-2024T23:21:11 - [TEST_STEP][PASSED] - println("Successful Payment Receipt text is present on the Receipt page"): null

04-10-2024T23:21:11 - [TEST_STEP][PASSED] - markPassed("Successful Payment Receipt text is present on the Receipt page"): Successful Payment Receipt text is present on the Receipt page

04-10-2024T23:21:11 - [MESSAGE][PASSED] - Successful Payment Receipt text is present on the Receipt page

04-10-2024T23:21:11 - [TEST_STEP][PASSED] - resText = "Pass": null

04-10-2024T23:21:11 - [TEST_STEP][PASSED] - pages.WriteExcel.demoKey(resText, datText, resColumn, datCloumn, fileLoc, nameSheet, row): pages.WriteExcel.demoKey is PASSED

04-10-2024T23:21:12 - [MESSAGE][PASSED] - pages.WriteExcel.demoKey is PASSED

04-10-2024T23:21:12 - [TEST_STEP][PASSED] - closeBrowser(): Browser is closed

04-10-2024T23:21:12 - [MESSAGE][PASSED] - Browser is closed]]></system-out>
         <system-err><![CDATA[]]></system-err>
      </testcase>
      <testcase name="Test Cases/IntegratedWeb/IWP25/Payments/PayNowCreditDCF" time="172.018" classname="Test Cases/IntegratedWeb/IWP25/Payments/PayNowCreditDCF" status="PASSED">
         <system-out><![CDATA[04-10-2024T23:21:12 - [TEST_CASE][PASSED] - Test Cases/IntegratedWeb/IWP25/Payments/PayNowCreditDCF: Test Cases/IntegratedWeb/IWP25/Payments/PayNowCreditDCF

04-10-2024T23:21:13 - [TEST_STEP][PASSED] - resText = "Fail": null

04-10-2024T23:21:13 - [TEST_STEP][PASSED] - resColumn = "Result": null

04-10-2024T23:21:13 - [TEST_STEP][PASSED] - datCloumn = "Date": null

04-10-2024T23:21:13 - [TEST_STEP][PASSED] - fileLoc = "KatalonData/IWPTestData/VRelay25Payments.xlsx": null

04-10-2024T23:21:13 - [TEST_STEP][PASSED] - numOfRows = <not implemented yet for class: org.codehaus.groovy.ast.expr.EmptyExpression>: null

04-10-2024T23:21:13 - [TEST_STEP][PASSED] - dataFile = <not implemented yet for class: org.codehaus.groovy.ast.expr.EmptyExpression>: null

04-10-2024T23:21:13 - [TEST_STEP][PASSED] - nameSheet = <not implemented yet for class: org.codehaus.groovy.ast.expr.EmptyExpression>: null

04-10-2024T23:21:13 - [TEST_STEP][PASSED] - dataFileEmulator = <not implemented yet for class: org.codehaus.groovy.ast.expr.EmptyExpression>: null

04-10-2024T23:21:13 - [TEST_STEP][PASSED] - isRequiredTextPresent = false: null

04-10-2024T23:21:13 - [TEST_STEP][PASSED] - nameSheet = "PayNowCreditDCF": null

04-10-2024T23:21:13 - [TEST_STEP][PASSED] - dataFile = "IWPTestData/PayNowCreditDCF": null

04-10-2024T23:21:13 - [TEST_STEP][PASSED] - dataFileEmulator = "IWPTestData/EmulatorData": null

04-10-2024T23:21:13 - [TEST_STEP][PASSED] - numOfRows = findTestData(dataFile).getRowNumbers(): null

04-10-2024T23:21:13 - [TEST_STEP][PASSED] - println("Number of Records: " + numOfRows): null

04-10-2024T23:21:13 - [TEST_STEP][PASSED] - for ([row = 1, row <= numOfRows, (row++)]): Browser is closed

04-10-2024T23:21:13 - [TEST_STEP][PASSED] - ExecuteTC = findTestData(dataFile).getValue("Execute", row): null

04-10-2024T23:21:13 - [TEST_STEP][PASSED] - out.println("Value of Execute is : " + ExecuteTC): null

04-10-2024T23:21:13 - [TEST_STEP][PASSED] - if (ExecuteTC.equalsIgnoreCase("Y")): null

04-10-2024T23:21:13 - [TEST_STEP][PASSED] - out.println("Begin Record Number: " + row): null

04-10-2024T23:21:13 - [TEST_STEP][PASSED] - today = new java.util.Date(): null

04-10-2024T23:21:13 - [TEST_STEP][PASSED] - println(today): null

04-10-2024T23:21:13 - [TEST_STEP][PASSED] - datText = today: null

04-10-2024T23:21:13 - [TEST_STEP][PASSED] - EmulatorDataKey = findTestData(dataFile).getValue("EmulatorData", row): null

04-10-2024T23:21:13 - [TEST_STEP][PASSED] - out.println("Value of Emulator Key is : " + EmulatorDataKey): null

04-10-2024T23:21:13 - [TEST_STEP][PASSED] - iwpPages.emulatorIWP30.setDataEmulator_DD(EmulatorDataKey): iwpPages.emulatorIWP30.setDataEmulator_DD is PASSED

04-10-2024T23:21:13 - [MESSAGE][INFO] - Starting 'Edge Chromium' driver

04-10-2024T23:21:13 - [MESSAGE][INFO] - User set preference: ['acceptInsecureCerts', 'true']

04-10-2024T23:21:15 - [MESSAGE][INFO] - Action delay is set to 0 milliseconds

04-10-2024T23:21:18 - [MESSAGE][PASSED] - Browser is opened with url: 'https://qa.velocitypayment.com/agency/config.do?action=editor&message_version=2_5'

04-10-2024T23:21:18 - [MESSAGE][PASSED] - Current window maximized

04-10-2024T23:21:19 - [MESSAGE][PASSED] - All options with value '2.5' are selected in object 'Object Repository/IWP30/Page_VRelay30Emulator/MV'  using regular expression

04-10-2024T23:21:20 - [MESSAGE][PASSED] - Text '10.50' is set on object 'Object Repository/IWP30/Page_VRelay30Emulator/Amount'

04-10-2024T23:21:20 - [MESSAGE][PASSED] - Text 'B9Sr2Rw4qNUH' is set on object 'Object Repository/IWP30/Page_VRelay30Emulator/CAN'

04-10-2024T23:21:21 - [MESSAGE][PASSED] - Text 'PayNow' is set on object 'Object Repository/IWP30/Page_VRelay30Emulator/Action'

04-10-2024T23:21:22 - [MESSAGE][PASSED] - Text 'en_US' is set on object 'Object Repository/IWP30/Page_VRelay30Emulator/Lang'

04-10-2024T23:21:22 - [MESSAGE][PASSED] - Text 'Jasmine' is set on object 'Object Repository/IWP30/Page_VRelay30Emulator/Fname'

04-10-2024T23:21:23 - [MESSAGE][PASSED] - Text 'Patrinol' is set on object 'Object Repository/IWP30/Page_VRelay30Emulator/Lname'

04-10-2024T23:21:24 - [MESSAGE][PASSED] - Text '258 Underwood rd' is set on object 'Object Repository/IWP30/Page_VRelay30Emulator/AL1'

04-10-2024T23:21:24 - [MESSAGE][PASSED] - Text 'Suite 600' is set on object 'Object Repository/IWP30/Page_VRelay30Emulator/AL2'

04-10-2024T23:21:25 - [MESSAGE][PASSED] - Text '840' is set on object 'Object Repository/IWP30/Page_VRelay30Emulator/Country'

04-10-2024T23:21:25 - [MESSAGE][PASSED] - Text 'Arlington' is set on object 'Object Repository/IWP30/Page_VRelay30Emulator/City'

04-10-2024T23:21:26 - [MESSAGE][PASSED] - Text 'VA' is set on object 'Object Repository/IWP30/Page_VRelay30Emulator/State'

04-10-2024T23:21:26 - [MESSAGE][PASSED] - Text '22201' is set on object 'Object Repository/IWP30/Page_VRelay30Emulator/ZIP'

04-10-2024T23:21:27 - [MESSAGE][PASSED] - Text '' is set on object 'Object Repository/IWP30/Page_VRelay30Emulator/Order'

04-10-2024T23:21:28 - [MESSAGE][PASSED] - Text 'Some Company' is set on object 'Object Repository/IWP30/Page_VRelay30Emulator/Company'

04-10-2024T23:21:28 - [MESSAGE][PASSED] - Text 'iahmed@govolution.com' is set on object 'Object Repository/IWP30/Page_VRelay30Emulator/Email'

04-10-2024T23:21:29 - [MESSAGE][PASSED] - Text 'udf data 1' is set on object 'Object Repository/IWP30/Page_VRelay30Emulator/UDF1'

04-10-2024T23:21:29 - [MESSAGE][PASSED] - Text 'udf data 2' is set on object 'Object Repository/IWP30/Page_VRelay30Emulator/UDF2'

04-10-2024T23:21:30 - [MESSAGE][PASSED] - Text 'udf data 3' is set on object 'Object Repository/IWP30/Page_VRelay30Emulator/UDF3'

04-10-2024T23:21:31 - [MESSAGE][PASSED] - Text 'udf data 4' is set on object 'Object Repository/IWP30/Page_VRelay30Emulator/UDF4'

04-10-2024T23:21:31 - [MESSAGE][PASSED] - Text 'udf data 5' is set on object 'Object Repository/IWP30/Page_VRelay30Emulator/UDF5'

04-10-2024T23:21:32 - [MESSAGE][PASSED] - Text 'udf data 6' is set on object 'Object Repository/IWP30/Page_VRelay30Emulator/UDF6'

04-10-2024T23:21:32 - [MESSAGE][PASSED] - Text 'Orange' is set on object 'Object Repository/IWP30/Page_VRelay30Emulator/UDF7'

04-10-2024T23:21:33 - [MESSAGE][PASSED] - Text 'Soccer' is set on object 'Object Repository/IWP30/Page_VRelay30Emulator/UDF8'

04-10-2024T23:21:34 - [MESSAGE][PASSED] - Text 'udf data 9' is set on object 'Object Repository/IWP30/Page_VRelay30Emulator/UDF9'

04-10-2024T23:21:34 - [MESSAGE][PASSED] - Text 'udf data 10' is set on object 'Object Repository/IWP30/Page_VRelay30Emulator/UDF10'

04-10-2024T23:21:36 - [MESSAGE][PASSED] - Object: 'Object Repository/IWP30/Page_VRelay30Emulator/Submit' is clicked on

04-10-2024T23:21:40 - [MESSAGE][PASSED] - Browser is closed

04-10-2024T23:21:44 - [MESSAGE][PASSED] - iwpPages.emulatorIWP30.setDataEmulator_DD is PASSED

04-10-2024T23:21:44 - [TEST_STEP][PASSED] - testHarnessURL = urlTestHarness: null

04-10-2024T23:21:44 - [TEST_STEP][PASSED] - openBrowser(testHarnessURL): Browser is opened with url: 'https://dev-algorithm.govolution.com/vrelaytest/QA/version_2_2/vrelaytest.html'

04-10-2024T23:21:44 - [MESSAGE][INFO] - Starting 'Edge Chromium' driver

04-10-2024T23:21:44 - [MESSAGE][INFO] - User set preference: ['acceptInsecureCerts', 'true']

04-10-2024T23:21:46 - [MESSAGE][INFO] - Action delay is set to 0 milliseconds

04-10-2024T23:21:50 - [MESSAGE][PASSED] - Browser is opened with url: 'https://dev-algorithm.govolution.com/vrelaytest/QA/version_2_2/vrelaytest.html'

04-10-2024T23:21:50 - [TEST_STEP][PASSED] - maximizeWindow(): Current window maximized

04-10-2024T23:21:50 - [MESSAGE][PASSED] - Current window maximized

04-10-2024T23:21:50 - [TEST_STEP][PASSED] - iwpPages.TestHarnessPage.setDataMethod(row, dataFile): iwpPages.TestHarnessPage.setDataMethod is PASSED

04-10-2024T23:21:50 - [MESSAGE][PASSED] - Object 'Object Repository/IWP30/Page_QATestHarness/RemittanceID' is present

04-10-2024T23:21:51 - [MESSAGE][PASSED] - Text '640' is set on object 'Object Repository/IWP30/Page_QATestHarness/ApplicationID'

04-10-2024T23:21:51 - [MESSAGE][PASSED] - Text '2.5' is set on object 'Object Repository/IWP30/Page_QATestHarness/MessageVersion'

04-10-2024T23:21:52 - [MESSAGE][PASSED] - Text 'MueQWYzUzzzF' is set on object 'Object Repository/IWP30/Page_QATestHarness/RemittanceID'

04-10-2024T23:21:55 - [MESSAGE][PASSED] - Object: 'Object Repository/IWP30/Page_QATestHarness/SubmitButton' is clicked on

04-10-2024T23:21:55 - [MESSAGE][PASSED] - iwpPages.TestHarnessPage.setDataMethod is PASSED

04-10-2024T23:21:55 - [TEST_STEP][PASSED] - click(findTestObject("Object Repository/IWP30/Page_SelectPaymentMethod/PayByCreditCard")): Object: 'Object Repository/IWP30/Page_SelectPaymentMethod/PayByCreditCard' is clicked on

04-10-2024T23:21:56 - [MESSAGE][PASSED] - Object: 'Object Repository/IWP30/Page_SelectPaymentMethod/PayByCreditCard' is clicked on

04-10-2024T23:21:56 - [TEST_STEP][PASSED] - click(findTestObject("Object Repository/IWP30/Page_SelectPaymentMethod/MakePaymentButton")): Object: 'Object Repository/IWP30/Page_SelectPaymentMethod/MakePaymentButton' is clicked on

04-10-2024T23:21:58 - [MESSAGE][PASSED] - Object: 'Object Repository/IWP30/Page_SelectPaymentMethod/MakePaymentButton' is clicked on

04-10-2024T23:21:58 - [TEST_STEP][PASSED] - iwpPages.ccPaymentEntryPage.setDataCCPM(row, dataFile): iwpPages.ccPaymentEntryPage.setDataCCPM is PASSED

04-10-2024T23:21:59 - [MESSAGE][PASSED] - Object 'Object Repository/IWP30/Page_CCPaymentEntry/Name' is present

04-10-2024T23:21:59 - [MESSAGE][PASSED] - All options with label 'Soccer' are selected in object 'Object Repository/IWP30/Page_CCPaymentEntry/UserDefined8' 

04-10-2024T23:21:59 - [MESSAGE][PASSED] - Object 'Object Repository/IWP30/Page_CCPaymentEntry/Name' is present

04-10-2024T23:22:00 - [MESSAGE][PASSED] - Object 'Object Repository/IWP30/Page_CCPaymentEntry/CardNumber' is present

04-10-2024T23:22:00 - [MESSAGE][PASSED] - Text '4761730000000011' is set on object 'Object Repository/IWP30/Page_CCPaymentEntry/CardNumber'

04-10-2024T23:22:01 - [MESSAGE][PASSED] - Text '123' is set on object 'Object Repository/IWP30/Page_CCPaymentEntry/SPC'

04-10-2024T23:22:01 - [MESSAGE][PASSED] - Object 'Object Repository/IWP30/Page_CCPaymentEntry/Month' is present

04-10-2024T23:22:02 - [MESSAGE][PASSED] - All options with label '09' are selected in object 'Object Repository/IWP30/Page_CCPaymentEntry/Month' 

04-10-2024T23:22:02 - [MESSAGE][PASSED] - Object 'Object Repository/IWP30/Page_CCPaymentEntry/Year' is present

04-10-2024T23:22:03 - [MESSAGE][PASSED] - All options with label '2028' are selected in object 'Object Repository/IWP30/Page_CCPaymentEntry/Year' 

04-10-2024T23:22:03 - [MESSAGE][PASSED] - Object 'Object Repository/IWP30/Page_CCPaymentEntry/EmailAddress' is present

04-10-2024T23:22:03 - [MESSAGE][PASSED] - Object 'Object Repository/IWP30/Page_CCPaymentEntry/TermCondCheckBox' is present

04-10-2024T23:22:04 - [MESSAGE][PASSED] - Object 'Object Repository/IWP30/Page_CCPaymentEntry/TermCondCheckBox' is checked

04-10-2024T23:22:04 - [MESSAGE][PASSED] - Object 'Object Repository/IWP30/Page_CCPaymentEntry/ContinueButton' is present

04-10-2024T23:22:05 - [MESSAGE][PASSED] - Object: 'Object Repository/IWP30/Page_CCPaymentEntry/ContinueButton' is clicked on

04-10-2024T23:22:05 - [MESSAGE][PASSED] - iwpPages.ccPaymentEntryPage.setDataCCPM is PASSED

04-10-2024T23:22:05 - [TEST_STEP][PASSED] - click(findTestObject("Object Repository/IWP30/Page_Confirmation/ConfirmButton")): Object: 'Object Repository/IWP30/Page_Confirmation/ConfirmButton' is clicked on

04-10-2024T23:22:07 - [MESSAGE][PASSED] - Object: 'Object Repository/IWP30/Page_Confirmation/ConfirmButton' is clicked on

04-10-2024T23:22:07 - [TEST_STEP][PASSED] - Thread.sleep(5000): null

04-10-2024T23:22:12 - [TEST_STEP][PASSED] - println("I am on real estate page"): null

04-10-2024T23:22:12 - [TEST_STEP][PASSED] - if (verifyTextPresent("Make a Real Estate Payment", false)): null

04-10-2024T23:22:12 - [MESSAGE][PASSED] - Text 'Make a Real Estate Payment' is present on page 

04-10-2024T23:22:12 - [TEST_STEP][PASSED] - isRequiredTextPresent = true: null

04-10-2024T23:22:12 - [TEST_STEP][PASSED] - println(isRequiredTextPresent): null

04-10-2024T23:22:12 - [TEST_STEP][PASSED] - if (isRequiredTextPresent): null

04-10-2024T23:22:12 - [TEST_STEP][PASSED] - if (verifyTextPresent("This transaction is subject to a Convenience Fees of $2.00.", false)): null

04-10-2024T23:22:13 - [MESSAGE][PASSED] - Text 'This transaction is subject to a Convenience Fees of $2.00.' is present on page 

04-10-2024T23:22:13 - [TEST_STEP][PASSED] - isRequiredTextPresent = true: null

04-10-2024T23:22:13 - [TEST_STEP][PASSED] - println(isRequiredTextPresent): null

04-10-2024T23:22:13 - [TEST_STEP][PASSED] - if (isRequiredTextPresent): null

04-10-2024T23:22:13 - [TEST_STEP][PASSED] - if (verifyTextPresent("Payment Amount:  $10.50", false)): null

04-10-2024T23:22:13 - [MESSAGE][PASSED] - Text 'Payment Amount:  $10.50' is present on page 

04-10-2024T23:22:13 - [TEST_STEP][PASSED] - isRequiredTextPresent = true: null

04-10-2024T23:22:13 - [TEST_STEP][PASSED] - if (isRequiredTextPresent): null

04-10-2024T23:22:13 - [TEST_STEP][PASSED] - if (verifyTextPresent("Convenience Fees:  $2.00", false)): null

04-10-2024T23:22:13 - [MESSAGE][PASSED] - Text 'Convenience Fees:  $2.00' is present on page 

04-10-2024T23:22:13 - [TEST_STEP][PASSED] - isRequiredTextPresent = true: null

04-10-2024T23:22:13 - [TEST_STEP][PASSED] - if (isRequiredTextPresent): null

04-10-2024T23:22:13 - [TEST_STEP][PASSED] - if (verifyTextPresent("Total Amount:  $12.50", false)): null

04-10-2024T23:22:13 - [MESSAGE][PASSED] - Text 'Total Amount:  $12.50' is present on page 

04-10-2024T23:22:13 - [TEST_STEP][PASSED] - isRequiredTextPresent = true: null

04-10-2024T23:22:13 - [TEST_STEP][PASSED] - if (isRequiredTextPresent): null

04-10-2024T23:22:13 - [TEST_STEP][PASSED] - if (verifyTextPresent("Two transactions will appear on your bank statement, one in the amount of $10.50 and one in the amount of $2.00.", false)): null

04-10-2024T23:22:14 - [MESSAGE][PASSED] - Text 'Two transactions will appear on your bank statement, one in the amount of $10.50 and one in the amount of $2.00.' is present on page 

04-10-2024T23:22:14 - [TEST_STEP][PASSED] - isRequiredTextPresent = true: null

04-10-2024T23:22:14 - [TEST_STEP][PASSED] - Thread.sleep(10000): null

04-10-2024T23:22:24 - [TEST_STEP][PASSED] - click(findTestObject("Object Repository/IWP30/Page_ConvenienceFees/btn_convFeeNotifyAction")): Object: 'Object Repository/IWP30/Page_ConvenienceFees/btn_convFeeNotifyAction' is clicked on

04-10-2024T23:22:25 - [MESSAGE][PASSED] - Object: 'Object Repository/IWP30/Page_ConvenienceFees/btn_convFeeNotifyAction' is clicked on

04-10-2024T23:22:25 - [TEST_STEP][PASSED] - Thread.sleep(10000): null

04-10-2024T23:22:35 - [TEST_STEP][PASSED] - if (verifyTextPresent("Successful Payment Receipt", false)): null

04-10-2024T23:22:36 - [MESSAGE][PASSED] - Text 'Successful Payment Receipt' is present on page 

04-10-2024T23:22:36 - [TEST_STEP][PASSED] - println("Successful Payment Receipt text is present on the Receipt page"): null

04-10-2024T23:22:36 - [TEST_STEP][PASSED] - markPassed("Successful Payment Receipt text is present on the Receipt page"): Successful Payment Receipt text is present on the Receipt page

04-10-2024T23:22:36 - [MESSAGE][PASSED] - Successful Payment Receipt text is present on the Receipt page

04-10-2024T23:22:36 - [TEST_STEP][PASSED] - resText = "Pass": null

04-10-2024T23:22:36 - [TEST_STEP][PASSED] - pages.WriteExcel.demoKey(resText, datText, resColumn, datCloumn, fileLoc, nameSheet, row): pages.WriteExcel.demoKey is PASSED

04-10-2024T23:22:36 - [MESSAGE][PASSED] - pages.WriteExcel.demoKey is PASSED

04-10-2024T23:22:36 - [TEST_STEP][PASSED] - closeBrowser(): Browser is closed

04-10-2024T23:22:36 - [MESSAGE][PASSED] - Browser is closed

04-10-2024T23:22:36 - [TEST_STEP][PASSED] - ExecuteTC = findTestData(dataFile).getValue("Execute", row): null

04-10-2024T23:22:36 - [TEST_STEP][PASSED] - out.println("Value of Execute is : " + ExecuteTC): null

04-10-2024T23:22:36 - [TEST_STEP][PASSED] - if (ExecuteTC.equalsIgnoreCase("Y")): null

04-10-2024T23:22:36 - [TEST_STEP][PASSED] - out.println("Begin Record Number: " + row): null

04-10-2024T23:22:36 - [TEST_STEP][PASSED] - today = new java.util.Date(): null

04-10-2024T23:22:36 - [TEST_STEP][PASSED] - println(today): null

04-10-2024T23:22:36 - [TEST_STEP][PASSED] - datText = today: null

04-10-2024T23:22:36 - [TEST_STEP][PASSED] - EmulatorDataKey = findTestData(dataFile).getValue("EmulatorData", row): null

04-10-2024T23:22:36 - [TEST_STEP][PASSED] - out.println("Value of Emulator Key is : " + EmulatorDataKey): null

04-10-2024T23:22:36 - [TEST_STEP][PASSED] - iwpPages.emulatorIWP30.setDataEmulator_DD(EmulatorDataKey): iwpPages.emulatorIWP30.setDataEmulator_DD is PASSED

04-10-2024T23:22:37 - [MESSAGE][INFO] - Starting 'Edge Chromium' driver

04-10-2024T23:22:37 - [MESSAGE][INFO] - User set preference: ['acceptInsecureCerts', 'true']

04-10-2024T23:22:39 - [MESSAGE][INFO] - Action delay is set to 0 milliseconds

04-10-2024T23:22:42 - [MESSAGE][PASSED] - Browser is opened with url: 'https://qa.velocitypayment.com/agency/config.do?action=editor&message_version=2_5'

04-10-2024T23:22:42 - [MESSAGE][PASSED] - Current window maximized

04-10-2024T23:22:43 - [MESSAGE][PASSED] - All options with value '2.5' are selected in object 'Object Repository/IWP30/Page_VRelay30Emulator/MV'  using regular expression

04-10-2024T23:22:43 - [MESSAGE][PASSED] - Text '10.50' is set on object 'Object Repository/IWP30/Page_VRelay30Emulator/Amount'

04-10-2024T23:22:44 - [MESSAGE][PASSED] - Text 'ptn6lH7B87vO' is set on object 'Object Repository/IWP30/Page_VRelay30Emulator/CAN'

04-10-2024T23:22:45 - [MESSAGE][PASSED] - Text 'PayNow' is set on object 'Object Repository/IWP30/Page_VRelay30Emulator/Action'

04-10-2024T23:22:45 - [MESSAGE][PASSED] - Text 'en_US' is set on object 'Object Repository/IWP30/Page_VRelay30Emulator/Lang'

04-10-2024T23:22:46 - [MESSAGE][PASSED] - Text '' is set on object 'Object Repository/IWP30/Page_VRelay30Emulator/Fname'

04-10-2024T23:22:46 - [MESSAGE][PASSED] - Text '' is set on object 'Object Repository/IWP30/Page_VRelay30Emulator/Lname'

04-10-2024T23:22:47 - [MESSAGE][PASSED] - Text '' is set on object 'Object Repository/IWP30/Page_VRelay30Emulator/AL1'

04-10-2024T23:22:48 - [MESSAGE][PASSED] - Text '' is set on object 'Object Repository/IWP30/Page_VRelay30Emulator/AL2'

04-10-2024T23:22:48 - [MESSAGE][PASSED] - Text '' is set on object 'Object Repository/IWP30/Page_VRelay30Emulator/Country'

04-10-2024T23:22:49 - [MESSAGE][PASSED] - Text '' is set on object 'Object Repository/IWP30/Page_VRelay30Emulator/City'

04-10-2024T23:22:49 - [MESSAGE][PASSED] - Text '' is set on object 'Object Repository/IWP30/Page_VRelay30Emulator/State'

04-10-2024T23:22:50 - [MESSAGE][PASSED] - Text '' is set on object 'Object Repository/IWP30/Page_VRelay30Emulator/ZIP'

04-10-2024T23:22:51 - [MESSAGE][PASSED] - Text '' is set on object 'Object Repository/IWP30/Page_VRelay30Emulator/Order'

04-10-2024T23:22:51 - [MESSAGE][PASSED] - Text '' is set on object 'Object Repository/IWP30/Page_VRelay30Emulator/Company'

04-10-2024T23:22:52 - [MESSAGE][PASSED] - Text '' is set on object 'Object Repository/IWP30/Page_VRelay30Emulator/Email'

04-10-2024T23:22:52 - [MESSAGE][PASSED] - Text '' is set on object 'Object Repository/IWP30/Page_VRelay30Emulator/UDF1'

04-10-2024T23:22:53 - [MESSAGE][PASSED] - Text '' is set on object 'Object Repository/IWP30/Page_VRelay30Emulator/UDF2'

04-10-2024T23:22:53 - [MESSAGE][PASSED] - Text '' is set on object 'Object Repository/IWP30/Page_VRelay30Emulator/UDF3'

04-10-2024T23:22:54 - [MESSAGE][PASSED] - Text 'udf data 4' is set on object 'Object Repository/IWP30/Page_VRelay30Emulator/UDF4'

04-10-2024T23:22:55 - [MESSAGE][PASSED] - Text 'udf data 5' is set on object 'Object Repository/IWP30/Page_VRelay30Emulator/UDF5'

04-10-2024T23:22:55 - [MESSAGE][PASSED] - Text '' is set on object 'Object Repository/IWP30/Page_VRelay30Emulator/UDF6'

04-10-2024T23:22:56 - [MESSAGE][PASSED] - Text '' is set on object 'Object Repository/IWP30/Page_VRelay30Emulator/UDF7'

04-10-2024T23:22:56 - [MESSAGE][PASSED] - Text '' is set on object 'Object Repository/IWP30/Page_VRelay30Emulator/UDF8'

04-10-2024T23:22:57 - [MESSAGE][PASSED] - Text 'udf data 9' is set on object 'Object Repository/IWP30/Page_VRelay30Emulator/UDF9'

04-10-2024T23:22:58 - [MESSAGE][PASSED] - Text 'udf data 10' is set on object 'Object Repository/IWP30/Page_VRelay30Emulator/UDF10'

04-10-2024T23:22:59 - [MESSAGE][PASSED] - Object: 'Object Repository/IWP30/Page_VRelay30Emulator/Submit' is clicked on

04-10-2024T23:23:03 - [MESSAGE][PASSED] - Browser is closed

04-10-2024T23:23:07 - [MESSAGE][PASSED] - iwpPages.emulatorIWP30.setDataEmulator_DD is PASSED

04-10-2024T23:23:07 - [TEST_STEP][PASSED] - testHarnessURL = urlTestHarness: null

04-10-2024T23:23:07 - [TEST_STEP][PASSED] - openBrowser(testHarnessURL): Browser is opened with url: 'https://dev-algorithm.govolution.com/vrelaytest/QA/version_2_2/vrelaytest.html'

04-10-2024T23:23:07 - [MESSAGE][INFO] - Starting 'Edge Chromium' driver

04-10-2024T23:23:07 - [MESSAGE][INFO] - User set preference: ['acceptInsecureCerts', 'true']

04-10-2024T23:23:09 - [MESSAGE][INFO] - Action delay is set to 0 milliseconds

04-10-2024T23:23:13 - [MESSAGE][PASSED] - Browser is opened with url: 'https://dev-algorithm.govolution.com/vrelaytest/QA/version_2_2/vrelaytest.html'

04-10-2024T23:23:13 - [TEST_STEP][PASSED] - maximizeWindow(): Current window maximized

04-10-2024T23:23:13 - [MESSAGE][PASSED] - Current window maximized

04-10-2024T23:23:13 - [TEST_STEP][PASSED] - iwpPages.TestHarnessPage.setDataMethod(row, dataFile): iwpPages.TestHarnessPage.setDataMethod is PASSED

04-10-2024T23:23:13 - [MESSAGE][PASSED] - Object 'Object Repository/IWP30/Page_QATestHarness/RemittanceID' is present

04-10-2024T23:23:14 - [MESSAGE][PASSED] - Text '640' is set on object 'Object Repository/IWP30/Page_QATestHarness/ApplicationID'

04-10-2024T23:23:15 - [MESSAGE][PASSED] - Text '2.5' is set on object 'Object Repository/IWP30/Page_QATestHarness/MessageVersion'

04-10-2024T23:23:15 - [MESSAGE][PASSED] - Text 'rENjGxejemj2' is set on object 'Object Repository/IWP30/Page_QATestHarness/RemittanceID'

04-10-2024T23:23:18 - [MESSAGE][PASSED] - Object: 'Object Repository/IWP30/Page_QATestHarness/SubmitButton' is clicked on

04-10-2024T23:23:18 - [MESSAGE][PASSED] - iwpPages.TestHarnessPage.setDataMethod is PASSED

04-10-2024T23:23:18 - [TEST_STEP][PASSED] - click(findTestObject("Object Repository/IWP30/Page_SelectPaymentMethod/PayByCreditCard")): Object: 'Object Repository/IWP30/Page_SelectPaymentMethod/PayByCreditCard' is clicked on

04-10-2024T23:23:19 - [MESSAGE][PASSED] - Object: 'Object Repository/IWP30/Page_SelectPaymentMethod/PayByCreditCard' is clicked on

04-10-2024T23:23:19 - [TEST_STEP][PASSED] - click(findTestObject("Object Repository/IWP30/Page_SelectPaymentMethod/MakePaymentButton")): Object: 'Object Repository/IWP30/Page_SelectPaymentMethod/MakePaymentButton' is clicked on

04-10-2024T23:23:20 - [MESSAGE][PASSED] - Object: 'Object Repository/IWP30/Page_SelectPaymentMethod/MakePaymentButton' is clicked on

04-10-2024T23:23:20 - [TEST_STEP][PASSED] - iwpPages.ccPaymentEntryPage.setDataCCPM(row, dataFile): iwpPages.ccPaymentEntryPage.setDataCCPM is PASSED

04-10-2024T23:23:21 - [MESSAGE][PASSED] - Object 'Object Repository/IWP30/Page_CCPaymentEntry/Name' is present

04-10-2024T23:23:22 - [MESSAGE][PASSED] - Text '10.50' is set on object 'Object Repository/IWP30/Page_CCPaymentEntry/Amount'

04-10-2024T23:23:23 - [MESSAGE][PASSED] - Text 'udf data 2' is set on object 'Object Repository/IWP30/Page_CCPaymentEntry/UserDefined2'

04-10-2024T23:23:23 - [MESSAGE][PASSED] - Text 'udf data 3' is set on object 'Object Repository/IWP30/Page_CCPaymentEntry/UserDefined3'

04-10-2024T23:23:24 - [MESSAGE][PASSED] - All options with label 'Orange' are selected in object 'Object Repository/IWP30/Page_CCPaymentEntry/UserDefined7' 

04-10-2024T23:23:24 - [MESSAGE][PASSED] - All options with label 'Soccer' are selected in object 'Object Repository/IWP30/Page_CCPaymentEntry/UserDefined8' 

04-10-2024T23:23:25 - [MESSAGE][PASSED] - Object 'Object Repository/IWP30/Page_CCPaymentEntry/Name' is present

04-10-2024T23:23:25 - [MESSAGE][PASSED] - Text 'Kavita Ranawati' is set on object 'Object Repository/IWP30/Page_CCPaymentEntry/Name'

04-10-2024T23:23:25 - [MESSAGE][PASSED] - Object 'Object Repository/IWP30/Page_CCPaymentEntry/CardNumber' is present

04-10-2024T23:23:26 - [MESSAGE][PASSED] - Text '4111111111111111' is set on object 'Object Repository/IWP30/Page_CCPaymentEntry/CardNumber'

04-10-2024T23:23:27 - [MESSAGE][PASSED] - Text '123' is set on object 'Object Repository/IWP30/Page_CCPaymentEntry/SPC'

04-10-2024T23:23:27 - [MESSAGE][PASSED] - Object 'Object Repository/IWP30/Page_CCPaymentEntry/Month' is present

04-10-2024T23:23:28 - [MESSAGE][PASSED] - All options with label '09' are selected in object 'Object Repository/IWP30/Page_CCPaymentEntry/Month' 

04-10-2024T23:23:28 - [MESSAGE][PASSED] - Object 'Object Repository/IWP30/Page_CCPaymentEntry/Year' is present

04-10-2024T23:23:29 - [MESSAGE][PASSED] - All options with label '2028' are selected in object 'Object Repository/IWP30/Page_CCPaymentEntry/Year' 

04-10-2024T23:23:29 - [MESSAGE][PASSED] - Text '365 Main Avenue' is set on object 'Object Repository/IWP30/Page_CCPaymentEntry/AL1'

04-10-2024T23:23:30 - [MESSAGE][PASSED] - Text '22201' is set on object 'Object Repository/IWP30/Page_CCPaymentEntry/ZIP'

04-10-2024T23:23:30 - [MESSAGE][PASSED] - Object 'Object Repository/IWP30/Page_CCPaymentEntry/EmailAddress' is present

04-10-2024T23:23:31 - [MESSAGE][PASSED] - Text 'iahmed@govolution.com' is set on object 'Object Repository/IWP30/Page_CCPaymentEntry/EmailAddress'

04-10-2024T23:23:32 - [MESSAGE][PASSED] - Object 'Object Repository/IWP30/Page_CCPaymentEntry/TermCondCheckBox' is present

04-10-2024T23:23:32 - [MESSAGE][PASSED] - Object 'Object Repository/IWP30/Page_CCPaymentEntry/TermCondCheckBox' is checked

04-10-2024T23:23:32 - [MESSAGE][PASSED] - Object 'Object Repository/IWP30/Page_CCPaymentEntry/ContinueButton' is present

04-10-2024T23:23:33 - [MESSAGE][PASSED] - Object: 'Object Repository/IWP30/Page_CCPaymentEntry/ContinueButton' is clicked on

04-10-2024T23:23:33 - [MESSAGE][PASSED] - iwpPages.ccPaymentEntryPage.setDataCCPM is PASSED

04-10-2024T23:23:33 - [TEST_STEP][PASSED] - click(findTestObject("Object Repository/IWP30/Page_Confirmation/ConfirmButton")): Object: 'Object Repository/IWP30/Page_Confirmation/ConfirmButton' is clicked on

04-10-2024T23:23:35 - [MESSAGE][PASSED] - Object: 'Object Repository/IWP30/Page_Confirmation/ConfirmButton' is clicked on

04-10-2024T23:23:35 - [TEST_STEP][PASSED] - Thread.sleep(5000): null

04-10-2024T23:23:40 - [TEST_STEP][PASSED] - println("I am on real estate page"): null

04-10-2024T23:23:40 - [TEST_STEP][PASSED] - if (verifyTextPresent("Make a Real Estate Payment", false)): null

04-10-2024T23:23:40 - [MESSAGE][PASSED] - Text 'Make a Real Estate Payment' is present on page 

04-10-2024T23:23:40 - [TEST_STEP][PASSED] - isRequiredTextPresent = true: null

04-10-2024T23:23:40 - [TEST_STEP][PASSED] - println(isRequiredTextPresent): null

04-10-2024T23:23:40 - [TEST_STEP][PASSED] - if (isRequiredTextPresent): null

04-10-2024T23:23:40 - [TEST_STEP][PASSED] - if (verifyTextPresent("This transaction is subject to a Convenience Fees of $2.00.", false)): null

04-10-2024T23:23:40 - [MESSAGE][PASSED] - Text 'This transaction is subject to a Convenience Fees of $2.00.' is present on page 

04-10-2024T23:23:40 - [TEST_STEP][PASSED] - isRequiredTextPresent = true: null

04-10-2024T23:23:40 - [TEST_STEP][PASSED] - println(isRequiredTextPresent): null

04-10-2024T23:23:40 - [TEST_STEP][PASSED] - if (isRequiredTextPresent): null

04-10-2024T23:23:40 - [TEST_STEP][PASSED] - if (verifyTextPresent("Payment Amount:  $10.50", false)): null

04-10-2024T23:23:41 - [MESSAGE][PASSED] - Text 'Payment Amount:  $10.50' is present on page 

04-10-2024T23:23:41 - [TEST_STEP][PASSED] - isRequiredTextPresent = true: null

04-10-2024T23:23:41 - [TEST_STEP][PASSED] - if (isRequiredTextPresent): null

04-10-2024T23:23:41 - [TEST_STEP][PASSED] - if (verifyTextPresent("Convenience Fees:  $2.00", false)): null

04-10-2024T23:23:41 - [MESSAGE][PASSED] - Text 'Convenience Fees:  $2.00' is present on page 

04-10-2024T23:23:41 - [TEST_STEP][PASSED] - isRequiredTextPresent = true: null

04-10-2024T23:23:41 - [TEST_STEP][PASSED] - if (isRequiredTextPresent): null

04-10-2024T23:23:41 - [TEST_STEP][PASSED] - if (verifyTextPresent("Total Amount:  $12.50", false)): null

04-10-2024T23:23:41 - [MESSAGE][PASSED] - Text 'Total Amount:  $12.50' is present on page 

04-10-2024T23:23:41 - [TEST_STEP][PASSED] - isRequiredTextPresent = true: null

04-10-2024T23:23:41 - [TEST_STEP][PASSED] - if (isRequiredTextPresent): null

04-10-2024T23:23:41 - [TEST_STEP][PASSED] - if (verifyTextPresent("Two transactions will appear on your bank statement, one in the amount of $10.50 and one in the amount of $2.00.", false)): null

04-10-2024T23:23:41 - [MESSAGE][PASSED] - Text 'Two transactions will appear on your bank statement, one in the amount of $10.50 and one in the amount of $2.00.' is present on page 

04-10-2024T23:23:41 - [TEST_STEP][PASSED] - isRequiredTextPresent = true: null

04-10-2024T23:23:41 - [TEST_STEP][PASSED] - Thread.sleep(10000): null

04-10-2024T23:23:51 - [TEST_STEP][PASSED] - click(findTestObject("Object Repository/IWP30/Page_ConvenienceFees/btn_convFeeNotifyAction")): Object: 'Object Repository/IWP30/Page_ConvenienceFees/btn_convFeeNotifyAction' is clicked on

04-10-2024T23:23:53 - [MESSAGE][PASSED] - Object: 'Object Repository/IWP30/Page_ConvenienceFees/btn_convFeeNotifyAction' is clicked on

04-10-2024T23:23:53 - [TEST_STEP][PASSED] - Thread.sleep(10000): null

04-10-2024T23:24:03 - [TEST_STEP][PASSED] - if (verifyTextPresent("Successful Payment Receipt", false)): null

04-10-2024T23:24:03 - [MESSAGE][PASSED] - Text 'Successful Payment Receipt' is present on page 

04-10-2024T23:24:03 - [TEST_STEP][PASSED] - println("Successful Payment Receipt text is present on the Receipt page"): null

04-10-2024T23:24:03 - [TEST_STEP][PASSED] - markPassed("Successful Payment Receipt text is present on the Receipt page"): Successful Payment Receipt text is present on the Receipt page

04-10-2024T23:24:03 - [MESSAGE][PASSED] - Successful Payment Receipt text is present on the Receipt page

04-10-2024T23:24:03 - [TEST_STEP][PASSED] - resText = "Pass": null

04-10-2024T23:24:03 - [TEST_STEP][PASSED] - pages.WriteExcel.demoKey(resText, datText, resColumn, datCloumn, fileLoc, nameSheet, row): pages.WriteExcel.demoKey is PASSED

04-10-2024T23:24:03 - [MESSAGE][PASSED] - pages.WriteExcel.demoKey is PASSED

04-10-2024T23:24:03 - [TEST_STEP][PASSED] - closeBrowser(): Browser is closed

04-10-2024T23:24:04 - [MESSAGE][PASSED] - Browser is closed]]></system-out>
         <system-err><![CDATA[]]></system-err>
      </testcase>
      <testcase name="Test Cases/IntegratedWeb/IWP25/Payments/PayNowCreditSCF" time="172.5" classname="Test Cases/IntegratedWeb/IWP25/Payments/PayNowCreditSCF" status="PASSED">
         <system-out><![CDATA[04-10-2024T23:24:04 - [TEST_CASE][PASSED] - Test Cases/IntegratedWeb/IWP25/Payments/PayNowCreditSCF: Test Cases/IntegratedWeb/IWP25/Payments/PayNowCreditSCF

04-10-2024T23:24:04 - [TEST_STEP][PASSED] - resText = "Fail": null

04-10-2024T23:24:04 - [TEST_STEP][PASSED] - resColumn = "Result": null

04-10-2024T23:24:04 - [TEST_STEP][PASSED] - datCloumn = "Date": null

04-10-2024T23:24:04 - [TEST_STEP][PASSED] - fileLoc = "KatalonData/IWPTestData/VRelay25Payments.xlsx": null

04-10-2024T23:24:04 - [TEST_STEP][PASSED] - numOfRows = <not implemented yet for class: org.codehaus.groovy.ast.expr.EmptyExpression>: null

04-10-2024T23:24:04 - [TEST_STEP][PASSED] - dataFile = <not implemented yet for class: org.codehaus.groovy.ast.expr.EmptyExpression>: null

04-10-2024T23:24:04 - [TEST_STEP][PASSED] - nameSheet = <not implemented yet for class: org.codehaus.groovy.ast.expr.EmptyExpression>: null

04-10-2024T23:24:04 - [TEST_STEP][PASSED] - dataFileEmulator = <not implemented yet for class: org.codehaus.groovy.ast.expr.EmptyExpression>: null

04-10-2024T23:24:04 - [TEST_STEP][PASSED] - isRequiredTextPresent = false: null

04-10-2024T23:24:04 - [TEST_STEP][PASSED] - nameSheet = "PayNowCreditSCF": null

04-10-2024T23:24:04 - [TEST_STEP][PASSED] - dataFile = "IWPTestData/PayNowCreditSCF": null

04-10-2024T23:24:04 - [TEST_STEP][PASSED] - dataFileEmulator = "IWPTestData/EmulatorData": null

04-10-2024T23:24:04 - [TEST_STEP][PASSED] - numOfRows = findTestData(dataFile).getRowNumbers(): null

04-10-2024T23:24:05 - [TEST_STEP][PASSED] - println("Number of Records: " + numOfRows): null

04-10-2024T23:24:05 - [TEST_STEP][PASSED] - for ([row = 1, row <= numOfRows, (row++)]): Browser is closed

04-10-2024T23:24:05 - [TEST_STEP][PASSED] - ExecuteTC = findTestData(dataFile).getValue("Execute", row): null

04-10-2024T23:24:05 - [TEST_STEP][PASSED] - out.println("Value of Execute is : " + ExecuteTC): null

04-10-2024T23:24:05 - [TEST_STEP][PASSED] - if (ExecuteTC.equalsIgnoreCase("Y")): null

04-10-2024T23:24:05 - [TEST_STEP][PASSED] - out.println("Begin Record Number: " + row): null

04-10-2024T23:24:05 - [TEST_STEP][PASSED] - today = new java.util.Date(): null

04-10-2024T23:24:05 - [TEST_STEP][PASSED] - println(today): null

04-10-2024T23:24:05 - [TEST_STEP][PASSED] - datText = today: null

04-10-2024T23:24:05 - [TEST_STEP][PASSED] - EmulatorDataKey = findTestData(dataFile).getValue("EmulatorData", row): null

04-10-2024T23:24:05 - [TEST_STEP][PASSED] - out.println("Value of Emulator Key is : " + EmulatorDataKey): null

04-10-2024T23:24:05 - [TEST_STEP][PASSED] - iwpPages.emulatorIWP30.setDataEmulator_DD(EmulatorDataKey): iwpPages.emulatorIWP30.setDataEmulator_DD is PASSED

04-10-2024T23:24:05 - [MESSAGE][INFO] - Starting 'Edge Chromium' driver

04-10-2024T23:24:05 - [MESSAGE][INFO] - User set preference: ['acceptInsecureCerts', 'true']

04-10-2024T23:24:07 - [MESSAGE][INFO] - Action delay is set to 0 milliseconds

04-10-2024T23:24:10 - [MESSAGE][PASSED] - Browser is opened with url: 'https://qa.velocitypayment.com/agency/config.do?action=editor&message_version=2_5'

04-10-2024T23:24:10 - [MESSAGE][PASSED] - Current window maximized

04-10-2024T23:24:11 - [MESSAGE][PASSED] - All options with value '2.5' are selected in object 'Object Repository/IWP30/Page_VRelay30Emulator/MV'  using regular expression

04-10-2024T23:24:12 - [MESSAGE][PASSED] - Text '10.50' is set on object 'Object Repository/IWP30/Page_VRelay30Emulator/Amount'

04-10-2024T23:24:12 - [MESSAGE][PASSED] - Text 'P3OolRZddzYS' is set on object 'Object Repository/IWP30/Page_VRelay30Emulator/CAN'

04-10-2024T23:24:13 - [MESSAGE][PASSED] - Text 'PayNow' is set on object 'Object Repository/IWP30/Page_VRelay30Emulator/Action'

04-10-2024T23:24:14 - [MESSAGE][PASSED] - Text 'en_US' is set on object 'Object Repository/IWP30/Page_VRelay30Emulator/Lang'

04-10-2024T23:24:14 - [MESSAGE][PASSED] - Text 'Jasmine' is set on object 'Object Repository/IWP30/Page_VRelay30Emulator/Fname'

04-10-2024T23:24:15 - [MESSAGE][PASSED] - Text 'Patrinol' is set on object 'Object Repository/IWP30/Page_VRelay30Emulator/Lname'

04-10-2024T23:24:15 - [MESSAGE][PASSED] - Text '258 Underwood rd' is set on object 'Object Repository/IWP30/Page_VRelay30Emulator/AL1'

04-10-2024T23:24:16 - [MESSAGE][PASSED] - Text 'Suite 600' is set on object 'Object Repository/IWP30/Page_VRelay30Emulator/AL2'

04-10-2024T23:24:17 - [MESSAGE][PASSED] - Text '840' is set on object 'Object Repository/IWP30/Page_VRelay30Emulator/Country'

04-10-2024T23:24:17 - [MESSAGE][PASSED] - Text 'Arlington' is set on object 'Object Repository/IWP30/Page_VRelay30Emulator/City'

04-10-2024T23:24:18 - [MESSAGE][PASSED] - Text 'VA' is set on object 'Object Repository/IWP30/Page_VRelay30Emulator/State'

04-10-2024T23:24:18 - [MESSAGE][PASSED] - Text '22201' is set on object 'Object Repository/IWP30/Page_VRelay30Emulator/ZIP'

04-10-2024T23:24:19 - [MESSAGE][PASSED] - Text '' is set on object 'Object Repository/IWP30/Page_VRelay30Emulator/Order'

04-10-2024T23:24:19 - [MESSAGE][PASSED] - Text 'Some Company' is set on object 'Object Repository/IWP30/Page_VRelay30Emulator/Company'

04-10-2024T23:24:20 - [MESSAGE][PASSED] - Text 'iahmed@govolution.com' is set on object 'Object Repository/IWP30/Page_VRelay30Emulator/Email'

04-10-2024T23:24:21 - [MESSAGE][PASSED] - Text 'udf data 1' is set on object 'Object Repository/IWP30/Page_VRelay30Emulator/UDF1'

04-10-2024T23:24:21 - [MESSAGE][PASSED] - Text 'udf data 2' is set on object 'Object Repository/IWP30/Page_VRelay30Emulator/UDF2'

04-10-2024T23:24:22 - [MESSAGE][PASSED] - Text 'udf data 3' is set on object 'Object Repository/IWP30/Page_VRelay30Emulator/UDF3'

04-10-2024T23:24:22 - [MESSAGE][PASSED] - Text 'udf data 4' is set on object 'Object Repository/IWP30/Page_VRelay30Emulator/UDF4'

04-10-2024T23:24:23 - [MESSAGE][PASSED] - Text 'udf data 5' is set on object 'Object Repository/IWP30/Page_VRelay30Emulator/UDF5'

04-10-2024T23:24:24 - [MESSAGE][PASSED] - Text 'udf data 6' is set on object 'Object Repository/IWP30/Page_VRelay30Emulator/UDF6'

04-10-2024T23:24:24 - [MESSAGE][PASSED] - Text 'Orange' is set on object 'Object Repository/IWP30/Page_VRelay30Emulator/UDF7'

04-10-2024T23:24:25 - [MESSAGE][PASSED] - Text 'Soccer' is set on object 'Object Repository/IWP30/Page_VRelay30Emulator/UDF8'

04-10-2024T23:24:25 - [MESSAGE][PASSED] - Text 'udf data 9' is set on object 'Object Repository/IWP30/Page_VRelay30Emulator/UDF9'

04-10-2024T23:24:26 - [MESSAGE][PASSED] - Text 'udf data 10' is set on object 'Object Repository/IWP30/Page_VRelay30Emulator/UDF10'

04-10-2024T23:24:27 - [MESSAGE][PASSED] - Object: 'Object Repository/IWP30/Page_VRelay30Emulator/Submit' is clicked on

04-10-2024T23:24:32 - [MESSAGE][PASSED] - Browser is closed

04-10-2024T23:24:36 - [MESSAGE][PASSED] - iwpPages.emulatorIWP30.setDataEmulator_DD is PASSED

04-10-2024T23:24:36 - [TEST_STEP][PASSED] - testHarnessURL = urlTestHarness: null

04-10-2024T23:24:36 - [TEST_STEP][PASSED] - openBrowser(testHarnessURL): Browser is opened with url: 'https://dev-algorithm.govolution.com/vrelaytest/QA/version_2_2/vrelaytest.html'

04-10-2024T23:24:36 - [MESSAGE][INFO] - Starting 'Edge Chromium' driver

04-10-2024T23:24:36 - [MESSAGE][INFO] - User set preference: ['acceptInsecureCerts', 'true']

04-10-2024T23:24:38 - [MESSAGE][INFO] - Action delay is set to 0 milliseconds

04-10-2024T23:24:41 - [MESSAGE][PASSED] - Browser is opened with url: 'https://dev-algorithm.govolution.com/vrelaytest/QA/version_2_2/vrelaytest.html'

04-10-2024T23:24:41 - [TEST_STEP][PASSED] - maximizeWindow(): Current window maximized

04-10-2024T23:24:41 - [MESSAGE][PASSED] - Current window maximized

04-10-2024T23:24:41 - [TEST_STEP][PASSED] - iwpPages.TestHarnessPage.setDataMethod(row, dataFile): iwpPages.TestHarnessPage.setDataMethod is PASSED

04-10-2024T23:24:42 - [MESSAGE][PASSED] - Object 'Object Repository/IWP30/Page_QATestHarness/RemittanceID' is present

04-10-2024T23:24:42 - [MESSAGE][PASSED] - Text '639' is set on object 'Object Repository/IWP30/Page_QATestHarness/ApplicationID'

04-10-2024T23:24:43 - [MESSAGE][PASSED] - Text '2.5' is set on object 'Object Repository/IWP30/Page_QATestHarness/MessageVersion'

04-10-2024T23:24:44 - [MESSAGE][PASSED] - Text 'CE55J1cWPSvx' is set on object 'Object Repository/IWP30/Page_QATestHarness/RemittanceID'

04-10-2024T23:24:48 - [MESSAGE][PASSED] - Object: 'Object Repository/IWP30/Page_QATestHarness/SubmitButton' is clicked on

04-10-2024T23:24:48 - [MESSAGE][PASSED] - iwpPages.TestHarnessPage.setDataMethod is PASSED

04-10-2024T23:24:48 - [TEST_STEP][PASSED] - click(findTestObject("Object Repository/IWP30/Page_SelectPaymentMethod/PayByCreditCard")): Object: 'Object Repository/IWP30/Page_SelectPaymentMethod/PayByCreditCard' is clicked on

04-10-2024T23:24:49 - [MESSAGE][PASSED] - Object: 'Object Repository/IWP30/Page_SelectPaymentMethod/PayByCreditCard' is clicked on

04-10-2024T23:24:49 - [TEST_STEP][PASSED] - click(findTestObject("Object Repository/IWP30/Page_SelectPaymentMethod/MakePaymentButton")): Object: 'Object Repository/IWP30/Page_SelectPaymentMethod/MakePaymentButton' is clicked on

04-10-2024T23:24:50 - [MESSAGE][PASSED] - Object: 'Object Repository/IWP30/Page_SelectPaymentMethod/MakePaymentButton' is clicked on

04-10-2024T23:24:50 - [TEST_STEP][PASSED] - iwpPages.ccPaymentEntryPage.setDataCCPM(row, dataFile): iwpPages.ccPaymentEntryPage.setDataCCPM is PASSED

04-10-2024T23:24:51 - [MESSAGE][PASSED] - Object 'Object Repository/IWP30/Page_CCPaymentEntry/Name' is present

04-10-2024T23:24:52 - [MESSAGE][PASSED] - All options with label 'Soccer' are selected in object 'Object Repository/IWP30/Page_CCPaymentEntry/UserDefined8' 

04-10-2024T23:24:52 - [MESSAGE][PASSED] - Object 'Object Repository/IWP30/Page_CCPaymentEntry/Name' is present

04-10-2024T23:24:52 - [MESSAGE][PASSED] - Object 'Object Repository/IWP30/Page_CCPaymentEntry/CardNumber' is present

04-10-2024T23:24:53 - [MESSAGE][PASSED] - Text '5146312200000035' is set on object 'Object Repository/IWP30/Page_CCPaymentEntry/CardNumber'

04-10-2024T23:24:54 - [MESSAGE][PASSED] - Text '123' is set on object 'Object Repository/IWP30/Page_CCPaymentEntry/SPC'

04-10-2024T23:24:54 - [MESSAGE][PASSED] - Object 'Object Repository/IWP30/Page_CCPaymentEntry/Month' is present

04-10-2024T23:24:55 - [MESSAGE][PASSED] - All options with label '09' are selected in object 'Object Repository/IWP30/Page_CCPaymentEntry/Month' 

04-10-2024T23:24:55 - [MESSAGE][PASSED] - Object 'Object Repository/IWP30/Page_CCPaymentEntry/Year' is present

04-10-2024T23:24:55 - [MESSAGE][PASSED] - All options with label '2028' are selected in object 'Object Repository/IWP30/Page_CCPaymentEntry/Year' 

04-10-2024T23:24:56 - [MESSAGE][PASSED] - Object 'Object Repository/IWP30/Page_CCPaymentEntry/EmailAddress' is present

04-10-2024T23:24:56 - [MESSAGE][PASSED] - Object 'Object Repository/IWP30/Page_CCPaymentEntry/TermCondCheckBox' is present

04-10-2024T23:24:56 - [MESSAGE][PASSED] - Object 'Object Repository/IWP30/Page_CCPaymentEntry/TermCondCheckBox' is checked

04-10-2024T23:24:56 - [MESSAGE][PASSED] - Object 'Object Repository/IWP30/Page_CCPaymentEntry/ContinueButton' is present

04-10-2024T23:24:58 - [MESSAGE][PASSED] - Object: 'Object Repository/IWP30/Page_CCPaymentEntry/ContinueButton' is clicked on

04-10-2024T23:24:58 - [MESSAGE][PASSED] - iwpPages.ccPaymentEntryPage.setDataCCPM is PASSED

04-10-2024T23:24:58 - [TEST_STEP][PASSED] - click(findTestObject("Object Repository/IWP30/Page_Confirmation/ConfirmButton")): Object: 'Object Repository/IWP30/Page_Confirmation/ConfirmButton' is clicked on

04-10-2024T23:24:59 - [MESSAGE][PASSED] - Object: 'Object Repository/IWP30/Page_Confirmation/ConfirmButton' is clicked on

04-10-2024T23:24:59 - [TEST_STEP][PASSED] - Thread.sleep(5000): null

04-10-2024T23:25:04 - [TEST_STEP][PASSED] - if (verifyTextPresent("Make a Real Estate Payment", false)): null

04-10-2024T23:25:04 - [MESSAGE][PASSED] - Text 'Make a Real Estate Payment' is present on page 

04-10-2024T23:25:04 - [TEST_STEP][PASSED] - isRequiredTextPresent = true: null

04-10-2024T23:25:04 - [TEST_STEP][PASSED] - println(isRequiredTextPresent): null

04-10-2024T23:25:04 - [TEST_STEP][PASSED] - if (isRequiredTextPresent): null

04-10-2024T23:25:04 - [TEST_STEP][PASSED] - if (verifyTextPresent("This transaction is subject to a Convenience Fees of $2.00.", false)): null

04-10-2024T23:25:05 - [MESSAGE][PASSED] - Text 'This transaction is subject to a Convenience Fees of $2.00.' is present on page 

04-10-2024T23:25:05 - [TEST_STEP][PASSED] - isRequiredTextPresent = true: null

04-10-2024T23:25:05 - [TEST_STEP][PASSED] - println(isRequiredTextPresent): null

04-10-2024T23:25:05 - [TEST_STEP][PASSED] - if (isRequiredTextPresent): null

04-10-2024T23:25:05 - [TEST_STEP][PASSED] - if (verifyTextPresent("Payment Amount:  $10.50", false)): null

04-10-2024T23:25:05 - [MESSAGE][PASSED] - Text 'Payment Amount:  $10.50' is present on page 

04-10-2024T23:25:05 - [TEST_STEP][PASSED] - isRequiredTextPresent = true: null

04-10-2024T23:25:05 - [TEST_STEP][PASSED] - if (isRequiredTextPresent): null

04-10-2024T23:25:05 - [TEST_STEP][PASSED] - if (verifyTextPresent("Convenience Fees:  $2.00", false)): null

04-10-2024T23:25:05 - [MESSAGE][PASSED] - Text 'Convenience Fees:  $2.00' is present on page 

04-10-2024T23:25:05 - [TEST_STEP][PASSED] - isRequiredTextPresent = true: null

04-10-2024T23:25:05 - [TEST_STEP][PASSED] - if (isRequiredTextPresent): null

04-10-2024T23:25:05 - [TEST_STEP][PASSED] - if (verifyTextPresent("Total Amount:  $12.50", false)): null

04-10-2024T23:25:05 - [MESSAGE][PASSED] - Text 'Total Amount:  $12.50' is present on page 

04-10-2024T23:25:05 - [TEST_STEP][PASSED] - isRequiredTextPresent = true: null

04-10-2024T23:25:05 - [TEST_STEP][PASSED] - if (isRequiredTextPresent): null

04-10-2024T23:25:05 - [TEST_STEP][PASSED] - if (verifyTextPresent("One transaction in the amount of $12.50 will appear on your bank statement.", false)): null

04-10-2024T23:25:06 - [MESSAGE][PASSED] - Text 'One transaction in the amount of $12.50 will appear on your bank statement.' is present on page 

04-10-2024T23:25:06 - [TEST_STEP][PASSED] - isRequiredTextPresent = true: null

04-10-2024T23:25:06 - [TEST_STEP][PASSED] - Thread.sleep(10000): null

04-10-2024T23:25:16 - [TEST_STEP][PASSED] - click(findTestObject("Object Repository/IWP30/Page_ConvenienceFees/btn_convFeeNotifyAction")): Object: 'Object Repository/IWP30/Page_ConvenienceFees/btn_convFeeNotifyAction' is clicked on

04-10-2024T23:25:17 - [MESSAGE][PASSED] - Object: 'Object Repository/IWP30/Page_ConvenienceFees/btn_convFeeNotifyAction' is clicked on

04-10-2024T23:25:17 - [TEST_STEP][PASSED] - Thread.sleep(10000): null

04-10-2024T23:25:27 - [TEST_STEP][PASSED] - if (verifyTextPresent("Successful Payment Receipt", false)): null

04-10-2024T23:25:27 - [MESSAGE][PASSED] - Text 'Successful Payment Receipt' is present on page 

04-10-2024T23:25:27 - [TEST_STEP][PASSED] - println("Successful Payment Receipt text is present on the Receipt page"): null

04-10-2024T23:25:27 - [TEST_STEP][PASSED] - markPassed("Successful Payment Receipt text is present on the Receipt page"): Successful Payment Receipt text is present on the Receipt page

04-10-2024T23:25:27 - [MESSAGE][PASSED] - Successful Payment Receipt text is present on the Receipt page

04-10-2024T23:25:27 - [TEST_STEP][PASSED] - resText = "Pass": null

04-10-2024T23:25:27 - [TEST_STEP][PASSED] - pages.WriteExcel.demoKey(resText, datText, resColumn, datCloumn, fileLoc, nameSheet, row): pages.WriteExcel.demoKey is PASSED

04-10-2024T23:25:28 - [MESSAGE][PASSED] - pages.WriteExcel.demoKey is PASSED

04-10-2024T23:25:28 - [TEST_STEP][PASSED] - closeBrowser(): Browser is closed

04-10-2024T23:25:28 - [MESSAGE][PASSED] - Browser is closed

04-10-2024T23:25:28 - [TEST_STEP][PASSED] - ExecuteTC = findTestData(dataFile).getValue("Execute", row): null

04-10-2024T23:25:28 - [TEST_STEP][PASSED] - out.println("Value of Execute is : " + ExecuteTC): null

04-10-2024T23:25:28 - [TEST_STEP][PASSED] - if (ExecuteTC.equalsIgnoreCase("Y")): null

04-10-2024T23:25:28 - [TEST_STEP][PASSED] - out.println("Begin Record Number: " + row): null

04-10-2024T23:25:28 - [TEST_STEP][PASSED] - today = new java.util.Date(): null

04-10-2024T23:25:28 - [TEST_STEP][PASSED] - println(today): null

04-10-2024T23:25:28 - [TEST_STEP][PASSED] - datText = today: null

04-10-2024T23:25:28 - [TEST_STEP][PASSED] - EmulatorDataKey = findTestData(dataFile).getValue("EmulatorData", row): null

04-10-2024T23:25:28 - [TEST_STEP][PASSED] - out.println("Value of Emulator Key is : " + EmulatorDataKey): null

04-10-2024T23:25:28 - [TEST_STEP][PASSED] - iwpPages.emulatorIWP30.setDataEmulator_DD(EmulatorDataKey): iwpPages.emulatorIWP30.setDataEmulator_DD is PASSED

04-10-2024T23:25:28 - [MESSAGE][INFO] - Starting 'Edge Chromium' driver

04-10-2024T23:25:28 - [MESSAGE][INFO] - User set preference: ['acceptInsecureCerts', 'true']

04-10-2024T23:25:31 - [MESSAGE][INFO] - Action delay is set to 0 milliseconds

04-10-2024T23:25:34 - [MESSAGE][PASSED] - Browser is opened with url: 'https://qa.velocitypayment.com/agency/config.do?action=editor&message_version=2_5'

04-10-2024T23:25:34 - [MESSAGE][PASSED] - Current window maximized

04-10-2024T23:25:35 - [MESSAGE][PASSED] - All options with value '2.5' are selected in object 'Object Repository/IWP30/Page_VRelay30Emulator/MV'  using regular expression

04-10-2024T23:25:35 - [MESSAGE][PASSED] - Text '10.50' is set on object 'Object Repository/IWP30/Page_VRelay30Emulator/Amount'

04-10-2024T23:25:36 - [MESSAGE][PASSED] - Text 'hjwWguELbWQf' is set on object 'Object Repository/IWP30/Page_VRelay30Emulator/CAN'

04-10-2024T23:25:36 - [MESSAGE][PASSED] - Text 'PayNow' is set on object 'Object Repository/IWP30/Page_VRelay30Emulator/Action'

04-10-2024T23:25:37 - [MESSAGE][PASSED] - Text 'en_US' is set on object 'Object Repository/IWP30/Page_VRelay30Emulator/Lang'

04-10-2024T23:25:38 - [MESSAGE][PASSED] - Text '' is set on object 'Object Repository/IWP30/Page_VRelay30Emulator/Fname'

04-10-2024T23:25:38 - [MESSAGE][PASSED] - Text '' is set on object 'Object Repository/IWP30/Page_VRelay30Emulator/Lname'

04-10-2024T23:25:39 - [MESSAGE][PASSED] - Text '' is set on object 'Object Repository/IWP30/Page_VRelay30Emulator/AL1'

04-10-2024T23:25:39 - [MESSAGE][PASSED] - Text '' is set on object 'Object Repository/IWP30/Page_VRelay30Emulator/AL2'

04-10-2024T23:25:40 - [MESSAGE][PASSED] - Text '' is set on object 'Object Repository/IWP30/Page_VRelay30Emulator/Country'

04-10-2024T23:25:41 - [MESSAGE][PASSED] - Text '' is set on object 'Object Repository/IWP30/Page_VRelay30Emulator/City'

04-10-2024T23:25:41 - [MESSAGE][PASSED] - Text '' is set on object 'Object Repository/IWP30/Page_VRelay30Emulator/State'

04-10-2024T23:25:42 - [MESSAGE][PASSED] - Text '' is set on object 'Object Repository/IWP30/Page_VRelay30Emulator/ZIP'

04-10-2024T23:25:42 - [MESSAGE][PASSED] - Text '' is set on object 'Object Repository/IWP30/Page_VRelay30Emulator/Order'

04-10-2024T23:25:43 - [MESSAGE][PASSED] - Text '' is set on object 'Object Repository/IWP30/Page_VRelay30Emulator/Company'

04-10-2024T23:25:43 - [MESSAGE][PASSED] - Text '' is set on object 'Object Repository/IWP30/Page_VRelay30Emulator/Email'

04-10-2024T23:25:44 - [MESSAGE][PASSED] - Text '' is set on object 'Object Repository/IWP30/Page_VRelay30Emulator/UDF1'

04-10-2024T23:25:45 - [MESSAGE][PASSED] - Text '' is set on object 'Object Repository/IWP30/Page_VRelay30Emulator/UDF2'

04-10-2024T23:25:45 - [MESSAGE][PASSED] - Text '' is set on object 'Object Repository/IWP30/Page_VRelay30Emulator/UDF3'

04-10-2024T23:25:46 - [MESSAGE][PASSED] - Text 'udf data 4' is set on object 'Object Repository/IWP30/Page_VRelay30Emulator/UDF4'

04-10-2024T23:25:46 - [MESSAGE][PASSED] - Text 'udf data 5' is set on object 'Object Repository/IWP30/Page_VRelay30Emulator/UDF5'

04-10-2024T23:25:47 - [MESSAGE][PASSED] - Text '' is set on object 'Object Repository/IWP30/Page_VRelay30Emulator/UDF6'

04-10-2024T23:25:47 - [MESSAGE][PASSED] - Text '' is set on object 'Object Repository/IWP30/Page_VRelay30Emulator/UDF7'

04-10-2024T23:25:48 - [MESSAGE][PASSED] - Text '' is set on object 'Object Repository/IWP30/Page_VRelay30Emulator/UDF8'

04-10-2024T23:25:49 - [MESSAGE][PASSED] - Text 'udf data 9' is set on object 'Object Repository/IWP30/Page_VRelay30Emulator/UDF9'

04-10-2024T23:25:49 - [MESSAGE][PASSED] - Text 'udf data 10' is set on object 'Object Repository/IWP30/Page_VRelay30Emulator/UDF10'

04-10-2024T23:25:50 - [MESSAGE][PASSED] - Object: 'Object Repository/IWP30/Page_VRelay30Emulator/Submit' is clicked on

04-10-2024T23:25:55 - [MESSAGE][PASSED] - Browser is closed

04-10-2024T23:25:59 - [MESSAGE][PASSED] - iwpPages.emulatorIWP30.setDataEmulator_DD is PASSED

04-10-2024T23:25:59 - [TEST_STEP][PASSED] - testHarnessURL = urlTestHarness: null

04-10-2024T23:25:59 - [TEST_STEP][PASSED] - openBrowser(testHarnessURL): Browser is opened with url: 'https://dev-algorithm.govolution.com/vrelaytest/QA/version_2_2/vrelaytest.html'

04-10-2024T23:25:59 - [MESSAGE][INFO] - Starting 'Edge Chromium' driver

04-10-2024T23:25:59 - [MESSAGE][INFO] - User set preference: ['acceptInsecureCerts', 'true']

04-10-2024T23:26:01 - [MESSAGE][INFO] - Action delay is set to 0 milliseconds

04-10-2024T23:26:04 - [MESSAGE][PASSED] - Browser is opened with url: 'https://dev-algorithm.govolution.com/vrelaytest/QA/version_2_2/vrelaytest.html'

04-10-2024T23:26:04 - [TEST_STEP][PASSED] - maximizeWindow(): Current window maximized

04-10-2024T23:26:04 - [MESSAGE][PASSED] - Current window maximized

04-10-2024T23:26:04 - [TEST_STEP][PASSED] - iwpPages.TestHarnessPage.setDataMethod(row, dataFile): iwpPages.TestHarnessPage.setDataMethod is PASSED

04-10-2024T23:26:05 - [MESSAGE][PASSED] - Object 'Object Repository/IWP30/Page_QATestHarness/RemittanceID' is present

04-10-2024T23:26:05 - [MESSAGE][PASSED] - Text '639' is set on object 'Object Repository/IWP30/Page_QATestHarness/ApplicationID'

04-10-2024T23:26:06 - [MESSAGE][PASSED] - Text '2.5' is set on object 'Object Repository/IWP30/Page_QATestHarness/MessageVersion'

04-10-2024T23:26:07 - [MESSAGE][PASSED] - Text 'z8O1qKA6BZsg' is set on object 'Object Repository/IWP30/Page_QATestHarness/RemittanceID'

04-10-2024T23:26:10 - [MESSAGE][PASSED] - Object: 'Object Repository/IWP30/Page_QATestHarness/SubmitButton' is clicked on

04-10-2024T23:26:10 - [MESSAGE][PASSED] - iwpPages.TestHarnessPage.setDataMethod is PASSED

04-10-2024T23:26:10 - [TEST_STEP][PASSED] - click(findTestObject("Object Repository/IWP30/Page_SelectPaymentMethod/PayByCreditCard")): Object: 'Object Repository/IWP30/Page_SelectPaymentMethod/PayByCreditCard' is clicked on

04-10-2024T23:26:10 - [MESSAGE][PASSED] - Object: 'Object Repository/IWP30/Page_SelectPaymentMethod/PayByCreditCard' is clicked on

04-10-2024T23:26:10 - [TEST_STEP][PASSED] - click(findTestObject("Object Repository/IWP30/Page_SelectPaymentMethod/MakePaymentButton")): Object: 'Object Repository/IWP30/Page_SelectPaymentMethod/MakePaymentButton' is clicked on

04-10-2024T23:26:12 - [MESSAGE][PASSED] - Object: 'Object Repository/IWP30/Page_SelectPaymentMethod/MakePaymentButton' is clicked on

04-10-2024T23:26:12 - [TEST_STEP][PASSED] - iwpPages.ccPaymentEntryPage.setDataCCPM(row, dataFile): iwpPages.ccPaymentEntryPage.setDataCCPM is PASSED

04-10-2024T23:26:13 - [MESSAGE][PASSED] - Object 'Object Repository/IWP30/Page_CCPaymentEntry/Name' is present

04-10-2024T23:26:14 - [MESSAGE][PASSED] - Text '10.50' is set on object 'Object Repository/IWP30/Page_CCPaymentEntry/Amount'

04-10-2024T23:26:14 - [MESSAGE][PASSED] - Text 'udf data 2' is set on object 'Object Repository/IWP30/Page_CCPaymentEntry/UserDefined2'

04-10-2024T23:26:15 - [MESSAGE][PASSED] - Text 'udf data 3' is set on object 'Object Repository/IWP30/Page_CCPaymentEntry/UserDefined3'

04-10-2024T23:26:15 - [MESSAGE][PASSED] - All options with label 'Orange' are selected in object 'Object Repository/IWP30/Page_CCPaymentEntry/UserDefined7' 

04-10-2024T23:26:16 - [MESSAGE][PASSED] - All options with label 'Soccer' are selected in object 'Object Repository/IWP30/Page_CCPaymentEntry/UserDefined8' 

04-10-2024T23:26:16 - [MESSAGE][PASSED] - Object 'Object Repository/IWP30/Page_CCPaymentEntry/Name' is present

04-10-2024T23:26:17 - [MESSAGE][PASSED] - Text 'Kavita Ranawati' is set on object 'Object Repository/IWP30/Page_CCPaymentEntry/Name'

04-10-2024T23:26:17 - [MESSAGE][PASSED] - Object 'Object Repository/IWP30/Page_CCPaymentEntry/CardNumber' is present

04-10-2024T23:26:18 - [MESSAGE][PASSED] - Text '4111111111111111' is set on object 'Object Repository/IWP30/Page_CCPaymentEntry/CardNumber'

04-10-2024T23:26:18 - [MESSAGE][PASSED] - Text '123' is set on object 'Object Repository/IWP30/Page_CCPaymentEntry/SPC'

04-10-2024T23:26:19 - [MESSAGE][PASSED] - Object 'Object Repository/IWP30/Page_CCPaymentEntry/Month' is present

04-10-2024T23:26:20 - [MESSAGE][PASSED] - All options with label '09' are selected in object 'Object Repository/IWP30/Page_CCPaymentEntry/Month' 

04-10-2024T23:26:20 - [MESSAGE][PASSED] - Object 'Object Repository/IWP30/Page_CCPaymentEntry/Year' is present

04-10-2024T23:26:21 - [MESSAGE][PASSED] - All options with label '2028' are selected in object 'Object Repository/IWP30/Page_CCPaymentEntry/Year' 

04-10-2024T23:26:21 - [MESSAGE][PASSED] - Text '365 Main Avenue' is set on object 'Object Repository/IWP30/Page_CCPaymentEntry/AL1'

04-10-2024T23:26:22 - [MESSAGE][PASSED] - Text '22201' is set on object 'Object Repository/IWP30/Page_CCPaymentEntry/ZIP'

04-10-2024T23:26:22 - [MESSAGE][PASSED] - Object 'Object Repository/IWP30/Page_CCPaymentEntry/EmailAddress' is present

04-10-2024T23:26:23 - [MESSAGE][PASSED] - Text 'iahmed@govolution.com' is set on object 'Object Repository/IWP30/Page_CCPaymentEntry/EmailAddress'

04-10-2024T23:26:23 - [MESSAGE][PASSED] - Object 'Object Repository/IWP30/Page_CCPaymentEntry/TermCondCheckBox' is present

04-10-2024T23:26:24 - [MESSAGE][PASSED] - Object 'Object Repository/IWP30/Page_CCPaymentEntry/TermCondCheckBox' is checked

04-10-2024T23:26:24 - [MESSAGE][PASSED] - Object 'Object Repository/IWP30/Page_CCPaymentEntry/ContinueButton' is present

04-10-2024T23:26:25 - [MESSAGE][PASSED] - Object: 'Object Repository/IWP30/Page_CCPaymentEntry/ContinueButton' is clicked on

04-10-2024T23:26:25 - [MESSAGE][PASSED] - iwpPages.ccPaymentEntryPage.setDataCCPM is PASSED

04-10-2024T23:26:25 - [TEST_STEP][PASSED] - click(findTestObject("Object Repository/IWP30/Page_Confirmation/ConfirmButton")): Object: 'Object Repository/IWP30/Page_Confirmation/ConfirmButton' is clicked on

04-10-2024T23:26:27 - [MESSAGE][PASSED] - Object: 'Object Repository/IWP30/Page_Confirmation/ConfirmButton' is clicked on

04-10-2024T23:26:27 - [TEST_STEP][PASSED] - Thread.sleep(5000): null

04-10-2024T23:26:32 - [TEST_STEP][PASSED] - if (verifyTextPresent("Make a Real Estate Payment", false)): null

04-10-2024T23:26:32 - [MESSAGE][PASSED] - Text 'Make a Real Estate Payment' is present on page 

04-10-2024T23:26:32 - [TEST_STEP][PASSED] - isRequiredTextPresent = true: null

04-10-2024T23:26:32 - [TEST_STEP][PASSED] - println(isRequiredTextPresent): null

04-10-2024T23:26:32 - [TEST_STEP][PASSED] - if (isRequiredTextPresent): null

04-10-2024T23:26:32 - [TEST_STEP][PASSED] - if (verifyTextPresent("This transaction is subject to a Convenience Fees of $2.00.", false)): null

04-10-2024T23:26:32 - [MESSAGE][PASSED] - Text 'This transaction is subject to a Convenience Fees of $2.00.' is present on page 

04-10-2024T23:26:32 - [TEST_STEP][PASSED] - isRequiredTextPresent = true: null

04-10-2024T23:26:32 - [TEST_STEP][PASSED] - println(isRequiredTextPresent): null

04-10-2024T23:26:32 - [TEST_STEP][PASSED] - if (isRequiredTextPresent): null

04-10-2024T23:26:32 - [TEST_STEP][PASSED] - if (verifyTextPresent("Payment Amount:  $10.50", false)): null

04-10-2024T23:26:33 - [MESSAGE][PASSED] - Text 'Payment Amount:  $10.50' is present on page 

04-10-2024T23:26:33 - [TEST_STEP][PASSED] - isRequiredTextPresent = true: null

04-10-2024T23:26:33 - [TEST_STEP][PASSED] - if (isRequiredTextPresent): null

04-10-2024T23:26:33 - [TEST_STEP][PASSED] - if (verifyTextPresent("Convenience Fees:  $2.00", false)): null

04-10-2024T23:26:33 - [MESSAGE][PASSED] - Text 'Convenience Fees:  $2.00' is present on page 

04-10-2024T23:26:33 - [TEST_STEP][PASSED] - isRequiredTextPresent = true: null

04-10-2024T23:26:33 - [TEST_STEP][PASSED] - if (isRequiredTextPresent): null

04-10-2024T23:26:33 - [TEST_STEP][PASSED] - if (verifyTextPresent("Total Amount:  $12.50", false)): null

04-10-2024T23:26:33 - [MESSAGE][PASSED] - Text 'Total Amount:  $12.50' is present on page 

04-10-2024T23:26:33 - [TEST_STEP][PASSED] - isRequiredTextPresent = true: null

04-10-2024T23:26:33 - [TEST_STEP][PASSED] - if (isRequiredTextPresent): null

04-10-2024T23:26:33 - [TEST_STEP][PASSED] - if (verifyTextPresent("One transaction in the amount of $12.50 will appear on your bank statement.", false)): null

04-10-2024T23:26:33 - [MESSAGE][PASSED] - Text 'One transaction in the amount of $12.50 will appear on your bank statement.' is present on page 

04-10-2024T23:26:33 - [TEST_STEP][PASSED] - isRequiredTextPresent = true: null

04-10-2024T23:26:33 - [TEST_STEP][PASSED] - Thread.sleep(10000): null

04-10-2024T23:26:43 - [TEST_STEP][PASSED] - click(findTestObject("Object Repository/IWP30/Page_ConvenienceFees/btn_convFeeNotifyAction")): Object: 'Object Repository/IWP30/Page_ConvenienceFees/btn_convFeeNotifyAction' is clicked on

04-10-2024T23:26:46 - [MESSAGE][PASSED] - Object: 'Object Repository/IWP30/Page_ConvenienceFees/btn_convFeeNotifyAction' is clicked on

04-10-2024T23:26:46 - [TEST_STEP][PASSED] - Thread.sleep(10000): null

04-10-2024T23:26:56 - [TEST_STEP][PASSED] - if (verifyTextPresent("Successful Payment Receipt", false)): null

04-10-2024T23:26:56 - [MESSAGE][PASSED] - Text 'Successful Payment Receipt' is present on page 

04-10-2024T23:26:56 - [TEST_STEP][PASSED] - println("Successful Payment Receipt text is present on the Receipt page"): null

04-10-2024T23:26:56 - [TEST_STEP][PASSED] - markPassed("Successful Payment Receipt text is present on the Receipt page"): Successful Payment Receipt text is present on the Receipt page

04-10-2024T23:26:56 - [MESSAGE][PASSED] - Successful Payment Receipt text is present on the Receipt page

04-10-2024T23:26:56 - [TEST_STEP][PASSED] - resText = "Pass": null

04-10-2024T23:26:56 - [TEST_STEP][PASSED] - pages.WriteExcel.demoKey(resText, datText, resColumn, datCloumn, fileLoc, nameSheet, row): pages.WriteExcel.demoKey is PASSED

04-10-2024T23:26:56 - [MESSAGE][PASSED] - pages.WriteExcel.demoKey is PASSED

04-10-2024T23:26:56 - [TEST_STEP][PASSED] - closeBrowser(): Browser is closed

04-10-2024T23:26:57 - [MESSAGE][PASSED] - Browser is closed]]></system-out>
         <system-err><![CDATA[]]></system-err>
      </testcase>
      <testcase name="Test Cases/IntegratedWeb/IWP25/Payments/PayNowPersonalCheckDCF" time="175.534" classname="Test Cases/IntegratedWeb/IWP25/Payments/PayNowPersonalCheckDCF" status="PASSED">
         <system-out><![CDATA[04-10-2024T23:26:57 - [TEST_CASE][PASSED] - Test Cases/IntegratedWeb/IWP25/Payments/PayNowPersonalCheckDCF: Test Cases/IntegratedWeb/IWP25/Payments/PayNowPersonalCheckDCF

04-10-2024T23:26:57 - [TEST_STEP][PASSED] - resText = "Fail": null

04-10-2024T23:26:57 - [TEST_STEP][PASSED] - resColumn = "Result": null

04-10-2024T23:26:57 - [TEST_STEP][PASSED] - datCloumn = "Date": null

04-10-2024T23:26:57 - [TEST_STEP][PASSED] - fileLoc = "KatalonData/IWPTestData/VRelay25Payments.xlsx": null

04-10-2024T23:26:57 - [TEST_STEP][PASSED] - numOfRows = <not implemented yet for class: org.codehaus.groovy.ast.expr.EmptyExpression>: null

04-10-2024T23:26:57 - [TEST_STEP][PASSED] - dataFile = <not implemented yet for class: org.codehaus.groovy.ast.expr.EmptyExpression>: null

04-10-2024T23:26:57 - [TEST_STEP][PASSED] - nameSheet = <not implemented yet for class: org.codehaus.groovy.ast.expr.EmptyExpression>: null

04-10-2024T23:26:57 - [TEST_STEP][PASSED] - dataFileEmulator = <not implemented yet for class: org.codehaus.groovy.ast.expr.EmptyExpression>: null

04-10-2024T23:26:57 - [TEST_STEP][PASSED] - isRequiredTextPresent = false: null

04-10-2024T23:26:57 - [TEST_STEP][PASSED] - nameSheet = "PayNowPersonalCheckDCF": null

04-10-2024T23:26:57 - [TEST_STEP][PASSED] - dataFile = "IWPTestData/IWP25PayNowPersonalCheckDCF": null

04-10-2024T23:26:57 - [TEST_STEP][PASSED] - dataFileEmulator = "IWPTestData/EmulatorData": null

04-10-2024T23:26:57 - [TEST_STEP][PASSED] - numOfRows = findTestData(dataFile).getRowNumbers(): null

04-10-2024T23:26:57 - [TEST_STEP][PASSED] - println("Number of Records: " + numOfRows): null

04-10-2024T23:26:57 - [TEST_STEP][PASSED] - for ([row = 1, row <= numOfRows, (row++)]): Browser is closed

04-10-2024T23:26:57 - [TEST_STEP][PASSED] - ExecuteTC = findTestData(dataFile).getValue("Execute", row): null

04-10-2024T23:26:57 - [TEST_STEP][PASSED] - out.println("Value of Execute is : " + ExecuteTC): null

04-10-2024T23:26:57 - [TEST_STEP][PASSED] - if (ExecuteTC.equalsIgnoreCase("Y")): null

04-10-2024T23:26:57 - [TEST_STEP][PASSED] - out.println("Begin Record Number: " + row): null

04-10-2024T23:26:57 - [TEST_STEP][PASSED] - today = new java.util.Date(): null

04-10-2024T23:26:57 - [TEST_STEP][PASSED] - println(today): null

04-10-2024T23:26:57 - [TEST_STEP][PASSED] - datText = today: null

04-10-2024T23:26:57 - [TEST_STEP][PASSED] - EmulatorDataKey = findTestData(dataFile).getValue("EmulatorData", row): null

04-10-2024T23:26:57 - [TEST_STEP][PASSED] - out.println("Value of Emulator Key is : " + EmulatorDataKey): null

04-10-2024T23:26:57 - [TEST_STEP][PASSED] - iwpPages.emulatorIWP30.setDataEmulator_DD(EmulatorDataKey): iwpPages.emulatorIWP30.setDataEmulator_DD is PASSED

04-10-2024T23:26:57 - [MESSAGE][INFO] - Starting 'Edge Chromium' driver

04-10-2024T23:26:57 - [MESSAGE][INFO] - User set preference: ['acceptInsecureCerts', 'true']

04-10-2024T23:26:59 - [MESSAGE][INFO] - Action delay is set to 0 milliseconds

04-10-2024T23:27:02 - [MESSAGE][PASSED] - Browser is opened with url: 'https://qa.velocitypayment.com/agency/config.do?action=editor&message_version=2_5'

04-10-2024T23:27:02 - [MESSAGE][PASSED] - Current window maximized

04-10-2024T23:27:03 - [MESSAGE][PASSED] - All options with value '2.5' are selected in object 'Object Repository/IWP30/Page_VRelay30Emulator/MV'  using regular expression

04-10-2024T23:27:04 - [MESSAGE][PASSED] - Text '10.50' is set on object 'Object Repository/IWP30/Page_VRelay30Emulator/Amount'

04-10-2024T23:27:05 - [MESSAGE][PASSED] - Text 'ogZm9mkLx2ch' is set on object 'Object Repository/IWP30/Page_VRelay30Emulator/CAN'

04-10-2024T23:27:05 - [MESSAGE][PASSED] - Text 'PayNow' is set on object 'Object Repository/IWP30/Page_VRelay30Emulator/Action'

04-10-2024T23:27:06 - [MESSAGE][PASSED] - Text 'en_US' is set on object 'Object Repository/IWP30/Page_VRelay30Emulator/Lang'

04-10-2024T23:27:07 - [MESSAGE][PASSED] - Text '' is set on object 'Object Repository/IWP30/Page_VRelay30Emulator/Fname'

04-10-2024T23:27:07 - [MESSAGE][PASSED] - Text '' is set on object 'Object Repository/IWP30/Page_VRelay30Emulator/Lname'

04-10-2024T23:27:08 - [MESSAGE][PASSED] - Text '' is set on object 'Object Repository/IWP30/Page_VRelay30Emulator/AL1'

04-10-2024T23:27:08 - [MESSAGE][PASSED] - Text '' is set on object 'Object Repository/IWP30/Page_VRelay30Emulator/AL2'

04-10-2024T23:27:09 - [MESSAGE][PASSED] - Text '' is set on object 'Object Repository/IWP30/Page_VRelay30Emulator/Country'

04-10-2024T23:27:10 - [MESSAGE][PASSED] - Text '' is set on object 'Object Repository/IWP30/Page_VRelay30Emulator/City'

04-10-2024T23:27:10 - [MESSAGE][PASSED] - Text '' is set on object 'Object Repository/IWP30/Page_VRelay30Emulator/State'

04-10-2024T23:27:11 - [MESSAGE][PASSED] - Text '' is set on object 'Object Repository/IWP30/Page_VRelay30Emulator/ZIP'

04-10-2024T23:27:11 - [MESSAGE][PASSED] - Text '' is set on object 'Object Repository/IWP30/Page_VRelay30Emulator/Order'

04-10-2024T23:27:12 - [MESSAGE][PASSED] - Text '' is set on object 'Object Repository/IWP30/Page_VRelay30Emulator/Company'

04-10-2024T23:27:12 - [MESSAGE][PASSED] - Text '' is set on object 'Object Repository/IWP30/Page_VRelay30Emulator/Email'

04-10-2024T23:27:13 - [MESSAGE][PASSED] - Text '' is set on object 'Object Repository/IWP30/Page_VRelay30Emulator/UDF1'

04-10-2024T23:27:14 - [MESSAGE][PASSED] - Text '' is set on object 'Object Repository/IWP30/Page_VRelay30Emulator/UDF2'

04-10-2024T23:27:14 - [MESSAGE][PASSED] - Text '' is set on object 'Object Repository/IWP30/Page_VRelay30Emulator/UDF3'

04-10-2024T23:27:15 - [MESSAGE][PASSED] - Text 'udf data 4' is set on object 'Object Repository/IWP30/Page_VRelay30Emulator/UDF4'

04-10-2024T23:27:15 - [MESSAGE][PASSED] - Text 'udf data 5' is set on object 'Object Repository/IWP30/Page_VRelay30Emulator/UDF5'

04-10-2024T23:27:16 - [MESSAGE][PASSED] - Text '' is set on object 'Object Repository/IWP30/Page_VRelay30Emulator/UDF6'

04-10-2024T23:27:17 - [MESSAGE][PASSED] - Text '' is set on object 'Object Repository/IWP30/Page_VRelay30Emulator/UDF7'

04-10-2024T23:27:17 - [MESSAGE][PASSED] - Text '' is set on object 'Object Repository/IWP30/Page_VRelay30Emulator/UDF8'

04-10-2024T23:27:18 - [MESSAGE][PASSED] - Text 'udf data 9' is set on object 'Object Repository/IWP30/Page_VRelay30Emulator/UDF9'

04-10-2024T23:27:18 - [MESSAGE][PASSED] - Text 'udf data 10' is set on object 'Object Repository/IWP30/Page_VRelay30Emulator/UDF10'

04-10-2024T23:27:20 - [MESSAGE][PASSED] - Object: 'Object Repository/IWP30/Page_VRelay30Emulator/Submit' is clicked on

04-10-2024T23:27:24 - [MESSAGE][PASSED] - Browser is closed

04-10-2024T23:27:28 - [MESSAGE][PASSED] - iwpPages.emulatorIWP30.setDataEmulator_DD is PASSED

04-10-2024T23:27:28 - [TEST_STEP][PASSED] - testHarnessURL = urlTestHarness: null

04-10-2024T23:27:28 - [TEST_STEP][PASSED] - openBrowser(testHarnessURL): Browser is opened with url: 'https://dev-algorithm.govolution.com/vrelaytest/QA/version_2_2/vrelaytest.html'

04-10-2024T23:27:28 - [MESSAGE][INFO] - Starting 'Edge Chromium' driver

04-10-2024T23:27:28 - [MESSAGE][INFO] - User set preference: ['acceptInsecureCerts', 'true']

04-10-2024T23:27:30 - [MESSAGE][INFO] - Action delay is set to 0 milliseconds

04-10-2024T23:27:33 - [MESSAGE][PASSED] - Browser is opened with url: 'https://dev-algorithm.govolution.com/vrelaytest/QA/version_2_2/vrelaytest.html'

04-10-2024T23:27:33 - [TEST_STEP][PASSED] - maximizeWindow(): Current window maximized

04-10-2024T23:27:33 - [MESSAGE][PASSED] - Current window maximized

04-10-2024T23:27:33 - [TEST_STEP][PASSED] - iwpPages.TestHarnessPage.setDataMethod(row, dataFile): iwpPages.TestHarnessPage.setDataMethod is PASSED

04-10-2024T23:27:34 - [MESSAGE][PASSED] - Object 'Object Repository/IWP30/Page_QATestHarness/RemittanceID' is present

04-10-2024T23:27:34 - [MESSAGE][PASSED] - Text '640' is set on object 'Object Repository/IWP30/Page_QATestHarness/ApplicationID'

04-10-2024T23:27:35 - [MESSAGE][PASSED] - Text '2.5' is set on object 'Object Repository/IWP30/Page_QATestHarness/MessageVersion'

04-10-2024T23:27:36 - [MESSAGE][PASSED] - Text 'BekEfdSb1Ubo' is set on object 'Object Repository/IWP30/Page_QATestHarness/RemittanceID'

04-10-2024T23:27:40 - [MESSAGE][PASSED] - Object: 'Object Repository/IWP30/Page_QATestHarness/SubmitButton' is clicked on

04-10-2024T23:27:40 - [MESSAGE][PASSED] - iwpPages.TestHarnessPage.setDataMethod is PASSED

04-10-2024T23:27:40 - [TEST_STEP][PASSED] - click(findTestObject("Object Repository/IWP30/Page_SelectPaymentMethod/PayByPersonalCheck")): Object: 'Object Repository/IWP30/Page_SelectPaymentMethod/PayByPersonalCheck' is clicked on

04-10-2024T23:27:41 - [MESSAGE][PASSED] - Object: 'Object Repository/IWP30/Page_SelectPaymentMethod/PayByPersonalCheck' is clicked on

04-10-2024T23:27:41 - [TEST_STEP][PASSED] - click(findTestObject("Object Repository/IWP30/Page_SelectPaymentMethod/MakePaymentButton")): Object: 'Object Repository/IWP30/Page_SelectPaymentMethod/MakePaymentButton' is clicked on

04-10-2024T23:27:42 - [MESSAGE][PASSED] - Object: 'Object Repository/IWP30/Page_SelectPaymentMethod/MakePaymentButton' is clicked on

04-10-2024T23:27:42 - [TEST_STEP][PASSED] - iwpPages.achPersonalPaymentEntryPage.setDataACHPPM(row, dataFile): iwpPages.achPersonalPaymentEntryPage.setDataACHPPM is PASSED

04-10-2024T23:27:43 - [MESSAGE][PASSED] - Object 'Object Repository/IWP30/Page_ACHPersonalPaymentEntry/txt_accountNumber' is present

04-10-2024T23:27:44 - [MESSAGE][PASSED] - Text '10.50' is set on object 'Object Repository/IWP30/Page_ACHPersonalPaymentEntry/txt_Amount'

04-10-2024T23:27:44 - [MESSAGE][PASSED] - Object 'Object Repository/IWP30/Page_ACHPersonalPaymentEntry/txt_UDF2' is present

04-10-2024T23:27:44 - [MESSAGE][PASSED] - Text 'udf data 2' is set on object 'Object Repository/IWP30/Page_ACHPersonalPaymentEntry/txt_UDF2'

04-10-2024T23:27:45 - [MESSAGE][PASSED] - Text 'udf data 3' is set on object 'Object Repository/IWP30/Page_ACHPersonalPaymentEntry/txt_UDF3'

04-10-2024T23:27:46 - [MESSAGE][PASSED] - All options with label 'Orange' are selected in object 'Object Repository/IWP30/Page_ACHPersonalPaymentEntry/dd_UDF7' 

04-10-2024T23:27:46 - [MESSAGE][PASSED] - All options with label 'Soccer' are selected in object 'Object Repository/IWP30/Page_ACHPersonalPaymentEntry/dd_UDF8' 

04-10-2024T23:27:46 - [MESSAGE][PASSED] - Object 'Object Repository/IWP30/Page_ACHPersonalPaymentEntry/txt_Firstname' is present

04-10-2024T23:27:47 - [MESSAGE][PASSED] - Text 'Elizath' is set on object 'Object Repository/IWP30/Page_ACHPersonalPaymentEntry/txt_Firstname'

04-10-2024T23:27:47 - [MESSAGE][PASSED] - Object 'Object Repository/IWP30/Page_ACHPersonalPaymentEntry/txt_Lastname' is present

04-10-2024T23:27:48 - [MESSAGE][PASSED] - Text 'Christine' is set on object 'Object Repository/IWP30/Page_ACHPersonalPaymentEntry/txt_Lastname'

04-10-2024T23:27:48 - [MESSAGE][PASSED] - Object 'Object Repository/IWP30/Page_ACHPersonalPaymentEntry/txt_routingNumber' is present

04-10-2024T23:27:49 - [MESSAGE][PASSED] - Text '256072691' is set on object 'Object Repository/IWP30/Page_ACHPersonalPaymentEntry/txt_routingNumber'

04-10-2024T23:27:49 - [MESSAGE][PASSED] - Object 'Object Repository/IWP30/Page_ACHPersonalPaymentEntry/txt_accountNumber' is present

04-10-2024T23:27:50 - [MESSAGE][PASSED] - Text '12344444' is set on object 'Object Repository/IWP30/Page_ACHPersonalPaymentEntry/txt_accountNumber'

04-10-2024T23:27:51 - [MESSAGE][PASSED] - Object 'Object Repository/IWP30/Page_ACHPersonalPaymentEntry/txt_confirmAccountNumber' is present

04-10-2024T23:27:51 - [MESSAGE][PASSED] - Text '12344444' is set on object 'Object Repository/IWP30/Page_ACHPersonalPaymentEntry/txt_confirmAccountNumber'

04-10-2024T23:27:52 - [MESSAGE][PASSED] - Object 'Object Repository/IWP30/Page_ACHPersonalPaymentEntry/rd_accountType' is present

04-10-2024T23:27:52 - [MESSAGE][PASSED] - Modify property of object successfully

04-10-2024T23:27:52 - [MESSAGE][PASSED] - Object: 'Object Repository/IWP30/Page_ACHPersonalPaymentEntry/rd_accountType' is clicked on

04-10-2024T23:27:53 - [MESSAGE][PASSED] - Text '365 Main Avenue' is set on object 'Object Repository/IWP30/Page_ACHPersonalPaymentEntry/txt_AL1'

04-10-2024T23:27:53 - [MESSAGE][PASSED] - Text '22201' is set on object 'Object Repository/IWP30/Page_ACHPersonalPaymentEntry/txt_ZIP'

04-10-2024T23:27:53 - [MESSAGE][PASSED] - Object 'Object Repository/IWP30/Page_ACHPersonalPaymentEntry/txt_Email' is present

04-10-2024T23:27:54 - [MESSAGE][PASSED] - Text 'iahmed@govolution.com' is set on object 'Object Repository/IWP30/Page_ACHPersonalPaymentEntry/txt_Email'

04-10-2024T23:27:55 - [MESSAGE][PASSED] - Object 'Object Repository/IWP30/Page_ACHPersonalPaymentEntry/cb_TermsAndCond' is present

04-10-2024T23:27:55 - [MESSAGE][PASSED] - Object: 'Object Repository/IWP30/Page_ACHPersonalPaymentEntry/cb_TermsAndCond' is clicked on

04-10-2024T23:27:55 - [MESSAGE][PASSED] - Object 'Object Repository/IWP30/Page_ACHPersonalPaymentEntry/btn_Continue' is present

04-10-2024T23:27:56 - [MESSAGE][PASSED] - Object: 'Object Repository/IWP30/Page_ACHPersonalPaymentEntry/btn_Continue' is clicked on

04-10-2024T23:27:56 - [MESSAGE][PASSED] - iwpPages.achPersonalPaymentEntryPage.setDataACHPPM is PASSED

04-10-2024T23:27:56 - [TEST_STEP][PASSED] - click(findTestObject("Object Repository/IWP30/Page_Confirmation/ConfirmButton")): Object: 'Object Repository/IWP30/Page_Confirmation/ConfirmButton' is clicked on

04-10-2024T23:27:58 - [MESSAGE][PASSED] - Object: 'Object Repository/IWP30/Page_Confirmation/ConfirmButton' is clicked on

04-10-2024T23:27:58 - [TEST_STEP][PASSED] - Thread.sleep(5000): null

04-10-2024T23:28:03 - [TEST_STEP][PASSED] - println("I am on real estate page"): null

04-10-2024T23:28:03 - [TEST_STEP][PASSED] - if (verifyTextPresent("Make a Real Estate Payment", false)): null

04-10-2024T23:28:03 - [MESSAGE][PASSED] - Text 'Make a Real Estate Payment' is present on page 

04-10-2024T23:28:03 - [TEST_STEP][PASSED] - isRequiredTextPresent = true: null

04-10-2024T23:28:03 - [TEST_STEP][PASSED] - println(isRequiredTextPresent): null

04-10-2024T23:28:03 - [TEST_STEP][PASSED] - if (isRequiredTextPresent): null

04-10-2024T23:28:03 - [TEST_STEP][PASSED] - if (verifyTextPresent("This transaction is subject to a Convenience Fees of $2.00.", false)): null

04-10-2024T23:28:03 - [MESSAGE][PASSED] - Text 'This transaction is subject to a Convenience Fees of $2.00.' is present on page 

04-10-2024T23:28:03 - [TEST_STEP][PASSED] - isRequiredTextPresent = true: null

04-10-2024T23:28:03 - [TEST_STEP][PASSED] - println(isRequiredTextPresent): null

04-10-2024T23:28:03 - [TEST_STEP][PASSED] - if (isRequiredTextPresent): null

04-10-2024T23:28:03 - [TEST_STEP][PASSED] - if (verifyTextPresent("Payment Amount:  $10.50", false)): null

04-10-2024T23:28:04 - [MESSAGE][PASSED] - Text 'Payment Amount:  $10.50' is present on page 

04-10-2024T23:28:04 - [TEST_STEP][PASSED] - isRequiredTextPresent = true: null

04-10-2024T23:28:04 - [TEST_STEP][PASSED] - if (isRequiredTextPresent): null

04-10-2024T23:28:04 - [TEST_STEP][PASSED] - if (verifyTextPresent("Convenience Fees:  $2.00", false)): null

04-10-2024T23:28:04 - [MESSAGE][PASSED] - Text 'Convenience Fees:  $2.00' is present on page 

04-10-2024T23:28:04 - [TEST_STEP][PASSED] - isRequiredTextPresent = true: null

04-10-2024T23:28:04 - [TEST_STEP][PASSED] - if (isRequiredTextPresent): null

04-10-2024T23:28:04 - [TEST_STEP][PASSED] - if (verifyTextPresent("Total Amount:  $12.50", false)): null

04-10-2024T23:28:04 - [MESSAGE][PASSED] - Text 'Total Amount:  $12.50' is present on page 

04-10-2024T23:28:04 - [TEST_STEP][PASSED] - isRequiredTextPresent = true: null

04-10-2024T23:28:04 - [TEST_STEP][PASSED] - if (isRequiredTextPresent): null

04-10-2024T23:28:04 - [TEST_STEP][PASSED] - if (verifyTextPresent("Two transactions will appear on your bank statement, one in the amount of $10.50 and one in the amount of $2.00.", false)): null

04-10-2024T23:28:04 - [MESSAGE][PASSED] - Text 'Two transactions will appear on your bank statement, one in the amount of $10.50 and one in the amount of $2.00.' is present on page 

04-10-2024T23:28:04 - [TEST_STEP][PASSED] - isRequiredTextPresent = true: null

04-10-2024T23:28:04 - [TEST_STEP][PASSED] - Thread.sleep(10000): null

04-10-2024T23:28:14 - [TEST_STEP][PASSED] - click(findTestObject("Object Repository/IWP30/Page_ConvenienceFees/btn_convFeeNotifyAction")): Object: 'Object Repository/IWP30/Page_ConvenienceFees/btn_convFeeNotifyAction' is clicked on

04-10-2024T23:28:16 - [MESSAGE][PASSED] - Object: 'Object Repository/IWP30/Page_ConvenienceFees/btn_convFeeNotifyAction' is clicked on

04-10-2024T23:28:16 - [TEST_STEP][PASSED] - Thread.sleep(10000): null

04-10-2024T23:28:26 - [TEST_STEP][PASSED] - if (verifyTextPresent("Successful Payment Receipt", false)): null

04-10-2024T23:28:26 - [MESSAGE][PASSED] - Text 'Successful Payment Receipt' is present on page 

04-10-2024T23:28:26 - [TEST_STEP][PASSED] - println("Successful Payment Receipt text is present on the Receipt page"): null

04-10-2024T23:28:26 - [TEST_STEP][PASSED] - markPassed("Successful Payment Receipt text is present on the Receipt page"): Successful Payment Receipt text is present on the Receipt page

04-10-2024T23:28:26 - [MESSAGE][PASSED] - Successful Payment Receipt text is present on the Receipt page

04-10-2024T23:28:26 - [TEST_STEP][PASSED] - resText = "Pass": null

04-10-2024T23:28:26 - [TEST_STEP][PASSED] - pages.WriteExcel.demoKey(resText, datText, resColumn, datCloumn, fileLoc, nameSheet, row): pages.WriteExcel.demoKey is PASSED

04-10-2024T23:28:26 - [MESSAGE][PASSED] - pages.WriteExcel.demoKey is PASSED

04-10-2024T23:28:26 - [TEST_STEP][PASSED] - closeBrowser(): Browser is closed

04-10-2024T23:28:27 - [MESSAGE][PASSED] - Browser is closed

04-10-2024T23:28:27 - [TEST_STEP][PASSED] - ExecuteTC = findTestData(dataFile).getValue("Execute", row): null

04-10-2024T23:28:27 - [TEST_STEP][PASSED] - out.println("Value of Execute is : " + ExecuteTC): null

04-10-2024T23:28:27 - [TEST_STEP][PASSED] - if (ExecuteTC.equalsIgnoreCase("Y")): null

04-10-2024T23:28:27 - [TEST_STEP][PASSED] - out.println("Begin Record Number: " + row): null

04-10-2024T23:28:27 - [TEST_STEP][PASSED] - today = new java.util.Date(): null

04-10-2024T23:28:27 - [TEST_STEP][PASSED] - println(today): null

04-10-2024T23:28:27 - [TEST_STEP][PASSED] - datText = today: null

04-10-2024T23:28:27 - [TEST_STEP][PASSED] - EmulatorDataKey = findTestData(dataFile).getValue("EmulatorData", row): null

04-10-2024T23:28:27 - [TEST_STEP][PASSED] - out.println("Value of Emulator Key is : " + EmulatorDataKey): null

04-10-2024T23:28:27 - [TEST_STEP][PASSED] - iwpPages.emulatorIWP30.setDataEmulator_DD(EmulatorDataKey): iwpPages.emulatorIWP30.setDataEmulator_DD is PASSED

04-10-2024T23:28:27 - [MESSAGE][INFO] - Starting 'Edge Chromium' driver

04-10-2024T23:28:27 - [MESSAGE][INFO] - User set preference: ['acceptInsecureCerts', 'true']

04-10-2024T23:28:29 - [MESSAGE][INFO] - Action delay is set to 0 milliseconds

04-10-2024T23:28:32 - [MESSAGE][PASSED] - Browser is opened with url: 'https://qa.velocitypayment.com/agency/config.do?action=editor&message_version=2_5'

04-10-2024T23:28:32 - [MESSAGE][PASSED] - Current window maximized

04-10-2024T23:28:33 - [MESSAGE][PASSED] - All options with value '2.5' are selected in object 'Object Repository/IWP30/Page_VRelay30Emulator/MV'  using regular expression

04-10-2024T23:28:34 - [MESSAGE][PASSED] - Text '10.50' is set on object 'Object Repository/IWP30/Page_VRelay30Emulator/Amount'

04-10-2024T23:28:34 - [MESSAGE][PASSED] - Text 'FelxiVcCUtQ4' is set on object 'Object Repository/IWP30/Page_VRelay30Emulator/CAN'

04-10-2024T23:28:35 - [MESSAGE][PASSED] - Text 'PayNow' is set on object 'Object Repository/IWP30/Page_VRelay30Emulator/Action'

04-10-2024T23:28:35 - [MESSAGE][PASSED] - Text 'en_US' is set on object 'Object Repository/IWP30/Page_VRelay30Emulator/Lang'

04-10-2024T23:28:36 - [MESSAGE][PASSED] - Text 'Jasmine' is set on object 'Object Repository/IWP30/Page_VRelay30Emulator/Fname'

04-10-2024T23:28:37 - [MESSAGE][PASSED] - Text 'Patrinol' is set on object 'Object Repository/IWP30/Page_VRelay30Emulator/Lname'

04-10-2024T23:28:37 - [MESSAGE][PASSED] - Text '258 Underwood rd' is set on object 'Object Repository/IWP30/Page_VRelay30Emulator/AL1'

04-10-2024T23:28:38 - [MESSAGE][PASSED] - Text 'Suite 600' is set on object 'Object Repository/IWP30/Page_VRelay30Emulator/AL2'

04-10-2024T23:28:38 - [MESSAGE][PASSED] - Text '840' is set on object 'Object Repository/IWP30/Page_VRelay30Emulator/Country'

04-10-2024T23:28:39 - [MESSAGE][PASSED] - Text 'Arlington' is set on object 'Object Repository/IWP30/Page_VRelay30Emulator/City'

04-10-2024T23:28:40 - [MESSAGE][PASSED] - Text 'VA' is set on object 'Object Repository/IWP30/Page_VRelay30Emulator/State'

04-10-2024T23:28:40 - [MESSAGE][PASSED] - Text '22201' is set on object 'Object Repository/IWP30/Page_VRelay30Emulator/ZIP'

04-10-2024T23:28:41 - [MESSAGE][PASSED] - Text '' is set on object 'Object Repository/IWP30/Page_VRelay30Emulator/Order'

04-10-2024T23:28:41 - [MESSAGE][PASSED] - Text 'Some Company' is set on object 'Object Repository/IWP30/Page_VRelay30Emulator/Company'

04-10-2024T23:28:42 - [MESSAGE][PASSED] - Text 'iahmed@govolution.com' is set on object 'Object Repository/IWP30/Page_VRelay30Emulator/Email'

04-10-2024T23:28:43 - [MESSAGE][PASSED] - Text 'udf data 1' is set on object 'Object Repository/IWP30/Page_VRelay30Emulator/UDF1'

04-10-2024T23:28:43 - [MESSAGE][PASSED] - Text 'udf data 2' is set on object 'Object Repository/IWP30/Page_VRelay30Emulator/UDF2'

04-10-2024T23:28:44 - [MESSAGE][PASSED] - Text 'udf data 3' is set on object 'Object Repository/IWP30/Page_VRelay30Emulator/UDF3'

04-10-2024T23:28:44 - [MESSAGE][PASSED] - Text 'udf data 4' is set on object 'Object Repository/IWP30/Page_VRelay30Emulator/UDF4'

04-10-2024T23:28:45 - [MESSAGE][PASSED] - Text 'udf data 5' is set on object 'Object Repository/IWP30/Page_VRelay30Emulator/UDF5'

04-10-2024T23:28:46 - [MESSAGE][PASSED] - Text 'udf data 6' is set on object 'Object Repository/IWP30/Page_VRelay30Emulator/UDF6'

04-10-2024T23:28:46 - [MESSAGE][PASSED] - Text 'Orange' is set on object 'Object Repository/IWP30/Page_VRelay30Emulator/UDF7'

04-10-2024T23:28:47 - [MESSAGE][PASSED] - Text 'Soccer' is set on object 'Object Repository/IWP30/Page_VRelay30Emulator/UDF8'

04-10-2024T23:28:47 - [MESSAGE][PASSED] - Text 'udf data 9' is set on object 'Object Repository/IWP30/Page_VRelay30Emulator/UDF9'

04-10-2024T23:28:48 - [MESSAGE][PASSED] - Text 'udf data 10' is set on object 'Object Repository/IWP30/Page_VRelay30Emulator/UDF10'

04-10-2024T23:28:49 - [MESSAGE][PASSED] - Object: 'Object Repository/IWP30/Page_VRelay30Emulator/Submit' is clicked on

04-10-2024T23:28:54 - [MESSAGE][PASSED] - Browser is closed

04-10-2024T23:28:58 - [MESSAGE][PASSED] - iwpPages.emulatorIWP30.setDataEmulator_DD is PASSED

04-10-2024T23:28:58 - [TEST_STEP][PASSED] - testHarnessURL = urlTestHarness: null

04-10-2024T23:28:58 - [TEST_STEP][PASSED] - openBrowser(testHarnessURL): Browser is opened with url: 'https://dev-algorithm.govolution.com/vrelaytest/QA/version_2_2/vrelaytest.html'

04-10-2024T23:28:58 - [MESSAGE][INFO] - Starting 'Edge Chromium' driver

04-10-2024T23:28:58 - [MESSAGE][INFO] - User set preference: ['acceptInsecureCerts', 'true']

04-10-2024T23:29:00 - [MESSAGE][INFO] - Action delay is set to 0 milliseconds

04-10-2024T23:29:03 - [MESSAGE][PASSED] - Browser is opened with url: 'https://dev-algorithm.govolution.com/vrelaytest/QA/version_2_2/vrelaytest.html'

04-10-2024T23:29:03 - [TEST_STEP][PASSED] - maximizeWindow(): Current window maximized

04-10-2024T23:29:03 - [MESSAGE][PASSED] - Current window maximized

04-10-2024T23:29:03 - [TEST_STEP][PASSED] - iwpPages.TestHarnessPage.setDataMethod(row, dataFile): iwpPages.TestHarnessPage.setDataMethod is PASSED

04-10-2024T23:29:04 - [MESSAGE][PASSED] - Object 'Object Repository/IWP30/Page_QATestHarness/RemittanceID' is present

04-10-2024T23:29:04 - [MESSAGE][PASSED] - Text '640' is set on object 'Object Repository/IWP30/Page_QATestHarness/ApplicationID'

04-10-2024T23:29:05 - [MESSAGE][PASSED] - Text '2.5' is set on object 'Object Repository/IWP30/Page_QATestHarness/MessageVersion'

04-10-2024T23:29:06 - [MESSAGE][PASSED] - Text 'G7bUR565jK5M' is set on object 'Object Repository/IWP30/Page_QATestHarness/RemittanceID'

04-10-2024T23:29:09 - [MESSAGE][PASSED] - Object: 'Object Repository/IWP30/Page_QATestHarness/SubmitButton' is clicked on

04-10-2024T23:29:09 - [MESSAGE][PASSED] - iwpPages.TestHarnessPage.setDataMethod is PASSED

04-10-2024T23:29:09 - [TEST_STEP][PASSED] - click(findTestObject("Object Repository/IWP30/Page_SelectPaymentMethod/PayByPersonalCheck")): Object: 'Object Repository/IWP30/Page_SelectPaymentMethod/PayByPersonalCheck' is clicked on

04-10-2024T23:29:10 - [MESSAGE][PASSED] - Object: 'Object Repository/IWP30/Page_SelectPaymentMethod/PayByPersonalCheck' is clicked on

04-10-2024T23:29:10 - [TEST_STEP][PASSED] - click(findTestObject("Object Repository/IWP30/Page_SelectPaymentMethod/MakePaymentButton")): Object: 'Object Repository/IWP30/Page_SelectPaymentMethod/MakePaymentButton' is clicked on

04-10-2024T23:29:12 - [MESSAGE][PASSED] - Object: 'Object Repository/IWP30/Page_SelectPaymentMethod/MakePaymentButton' is clicked on

04-10-2024T23:29:12 - [TEST_STEP][PASSED] - iwpPages.achPersonalPaymentEntryPage.setDataACHPPM(row, dataFile): iwpPages.achPersonalPaymentEntryPage.setDataACHPPM is PASSED

04-10-2024T23:29:13 - [MESSAGE][PASSED] - Object 'Object Repository/IWP30/Page_ACHPersonalPaymentEntry/txt_accountNumber' is present

04-10-2024T23:29:13 - [MESSAGE][PASSED] - Object 'Object Repository/IWP30/Page_ACHPersonalPaymentEntry/txt_UDF2' is present

04-10-2024T23:29:13 - [MESSAGE][PASSED] - All options with label 'Soccer' are selected in object 'Object Repository/IWP30/Page_ACHPersonalPaymentEntry/dd_UDF8' 

04-10-2024T23:29:14 - [MESSAGE][PASSED] - Object 'Object Repository/IWP30/Page_ACHPersonalPaymentEntry/txt_Firstname' is present

04-10-2024T23:29:14 - [MESSAGE][PASSED] - Text 'Elizath' is set on object 'Object Repository/IWP30/Page_ACHPersonalPaymentEntry/txt_Firstname'

04-10-2024T23:29:14 - [MESSAGE][PASSED] - Object 'Object Repository/IWP30/Page_ACHPersonalPaymentEntry/txt_Lastname' is present

04-10-2024T23:29:15 - [MESSAGE][PASSED] - Text 'Christine' is set on object 'Object Repository/IWP30/Page_ACHPersonalPaymentEntry/txt_Lastname'

04-10-2024T23:29:15 - [MESSAGE][PASSED] - Object 'Object Repository/IWP30/Page_ACHPersonalPaymentEntry/txt_routingNumber' is present

04-10-2024T23:29:16 - [MESSAGE][PASSED] - Text '256072691' is set on object 'Object Repository/IWP30/Page_ACHPersonalPaymentEntry/txt_routingNumber'

04-10-2024T23:29:16 - [MESSAGE][PASSED] - Object 'Object Repository/IWP30/Page_ACHPersonalPaymentEntry/txt_accountNumber' is present

04-10-2024T23:29:17 - [MESSAGE][PASSED] - Text '12344444' is set on object 'Object Repository/IWP30/Page_ACHPersonalPaymentEntry/txt_accountNumber'

04-10-2024T23:29:18 - [MESSAGE][PASSED] - Object 'Object Repository/IWP30/Page_ACHPersonalPaymentEntry/txt_confirmAccountNumber' is present

04-10-2024T23:29:19 - [MESSAGE][PASSED] - Text '12344444' is set on object 'Object Repository/IWP30/Page_ACHPersonalPaymentEntry/txt_confirmAccountNumber'

04-10-2024T23:29:19 - [MESSAGE][PASSED] - Object 'Object Repository/IWP30/Page_ACHPersonalPaymentEntry/rd_accountType' is present

04-10-2024T23:29:19 - [MESSAGE][PASSED] - Modify property of object successfully

04-10-2024T23:29:19 - [MESSAGE][PASSED] - Object: 'Object Repository/IWP30/Page_ACHPersonalPaymentEntry/rd_accountType' is clicked on

04-10-2024T23:29:19 - [MESSAGE][PASSED] - Object 'Object Repository/IWP30/Page_ACHPersonalPaymentEntry/txt_Email' is present

04-10-2024T23:29:20 - [MESSAGE][PASSED] - Object 'Object Repository/IWP30/Page_ACHPersonalPaymentEntry/cb_TermsAndCond' is present

04-10-2024T23:29:20 - [MESSAGE][PASSED] - Object: 'Object Repository/IWP30/Page_ACHPersonalPaymentEntry/cb_TermsAndCond' is clicked on

04-10-2024T23:29:20 - [MESSAGE][PASSED] - Object 'Object Repository/IWP30/Page_ACHPersonalPaymentEntry/btn_Continue' is present

04-10-2024T23:29:21 - [MESSAGE][PASSED] - Object: 'Object Repository/IWP30/Page_ACHPersonalPaymentEntry/btn_Continue' is clicked on

04-10-2024T23:29:21 - [MESSAGE][PASSED] - iwpPages.achPersonalPaymentEntryPage.setDataACHPPM is PASSED

04-10-2024T23:29:21 - [TEST_STEP][PASSED] - click(findTestObject("Object Repository/IWP30/Page_Confirmation/ConfirmButton")): Object: 'Object Repository/IWP30/Page_Confirmation/ConfirmButton' is clicked on

04-10-2024T23:29:23 - [MESSAGE][PASSED] - Object: 'Object Repository/IWP30/Page_Confirmation/ConfirmButton' is clicked on

04-10-2024T23:29:23 - [TEST_STEP][PASSED] - Thread.sleep(5000): null

04-10-2024T23:29:28 - [TEST_STEP][PASSED] - println("I am on real estate page"): null

04-10-2024T23:29:28 - [TEST_STEP][PASSED] - if (verifyTextPresent("Make a Real Estate Payment", false)): null

04-10-2024T23:29:28 - [MESSAGE][PASSED] - Text 'Make a Real Estate Payment' is present on page 

04-10-2024T23:29:28 - [TEST_STEP][PASSED] - isRequiredTextPresent = true: null

04-10-2024T23:29:28 - [TEST_STEP][PASSED] - println(isRequiredTextPresent): null

04-10-2024T23:29:28 - [TEST_STEP][PASSED] - if (isRequiredTextPresent): null

04-10-2024T23:29:28 - [TEST_STEP][PASSED] - if (verifyTextPresent("This transaction is subject to a Convenience Fees of $2.00.", false)): null

04-10-2024T23:29:28 - [MESSAGE][PASSED] - Text 'This transaction is subject to a Convenience Fees of $2.00.' is present on page 

04-10-2024T23:29:28 - [TEST_STEP][PASSED] - isRequiredTextPresent = true: null

04-10-2024T23:29:28 - [TEST_STEP][PASSED] - println(isRequiredTextPresent): null

04-10-2024T23:29:28 - [TEST_STEP][PASSED] - if (isRequiredTextPresent): null

04-10-2024T23:29:28 - [TEST_STEP][PASSED] - if (verifyTextPresent("Payment Amount:  $10.50", false)): null

04-10-2024T23:29:29 - [MESSAGE][PASSED] - Text 'Payment Amount:  $10.50' is present on page 

04-10-2024T23:29:29 - [TEST_STEP][PASSED] - isRequiredTextPresent = true: null

04-10-2024T23:29:29 - [TEST_STEP][PASSED] - if (isRequiredTextPresent): null

04-10-2024T23:29:29 - [TEST_STEP][PASSED] - if (verifyTextPresent("Convenience Fees:  $2.00", false)): null

04-10-2024T23:29:29 - [MESSAGE][PASSED] - Text 'Convenience Fees:  $2.00' is present on page 

04-10-2024T23:29:29 - [TEST_STEP][PASSED] - isRequiredTextPresent = true: null

04-10-2024T23:29:29 - [TEST_STEP][PASSED] - if (isRequiredTextPresent): null

04-10-2024T23:29:29 - [TEST_STEP][PASSED] - if (verifyTextPresent("Total Amount:  $12.50", false)): null

04-10-2024T23:29:29 - [MESSAGE][PASSED] - Text 'Total Amount:  $12.50' is present on page 

04-10-2024T23:29:29 - [TEST_STEP][PASSED] - isRequiredTextPresent = true: null

04-10-2024T23:29:29 - [TEST_STEP][PASSED] - if (isRequiredTextPresent): null

04-10-2024T23:29:29 - [TEST_STEP][PASSED] - if (verifyTextPresent("Two transactions will appear on your bank statement, one in the amount of $10.50 and one in the amount of $2.00.", false)): null

04-10-2024T23:29:29 - [MESSAGE][PASSED] - Text 'Two transactions will appear on your bank statement, one in the amount of $10.50 and one in the amount of $2.00.' is present on page 

04-10-2024T23:29:29 - [TEST_STEP][PASSED] - isRequiredTextPresent = true: null

04-10-2024T23:29:29 - [TEST_STEP][PASSED] - Thread.sleep(10000): null

04-10-2024T23:29:39 - [TEST_STEP][PASSED] - click(findTestObject("Object Repository/IWP30/Page_ConvenienceFees/btn_convFeeNotifyAction")): Object: 'Object Repository/IWP30/Page_ConvenienceFees/btn_convFeeNotifyAction' is clicked on

04-10-2024T23:29:41 - [MESSAGE][PASSED] - Object: 'Object Repository/IWP30/Page_ConvenienceFees/btn_convFeeNotifyAction' is clicked on

04-10-2024T23:29:41 - [TEST_STEP][PASSED] - Thread.sleep(10000): null

04-10-2024T23:29:51 - [TEST_STEP][PASSED] - if (verifyTextPresent("Successful Payment Receipt", false)): null

04-10-2024T23:29:51 - [MESSAGE][PASSED] - Text 'Successful Payment Receipt' is present on page 

04-10-2024T23:29:51 - [TEST_STEP][PASSED] - println("Successful Payment Receipt text is present on the Receipt page"): null

04-10-2024T23:29:51 - [TEST_STEP][PASSED] - markPassed("Successful Payment Receipt text is present on the Receipt page"): Successful Payment Receipt text is present on the Receipt page

04-10-2024T23:29:51 - [MESSAGE][PASSED] - Successful Payment Receipt text is present on the Receipt page

04-10-2024T23:29:51 - [TEST_STEP][PASSED] - resText = "Pass": null

04-10-2024T23:29:51 - [TEST_STEP][PASSED] - pages.WriteExcel.demoKey(resText, datText, resColumn, datCloumn, fileLoc, nameSheet, row): pages.WriteExcel.demoKey is PASSED

04-10-2024T23:29:51 - [MESSAGE][PASSED] - pages.WriteExcel.demoKey is PASSED

04-10-2024T23:29:51 - [TEST_STEP][PASSED] - closeBrowser(): Browser is closed

04-10-2024T23:29:52 - [MESSAGE][PASSED] - Browser is closed]]></system-out>
         <system-err><![CDATA[]]></system-err>
      </testcase>
      <testcase name="Test Cases/IntegratedWeb/IWP25/Payments/PayNowPersonalCheckSCF" time="175.772" classname="Test Cases/IntegratedWeb/IWP25/Payments/PayNowPersonalCheckSCF" status="PASSED">
         <system-out><![CDATA[04-10-2024T23:29:52 - [TEST_CASE][PASSED] - Test Cases/IntegratedWeb/IWP25/Payments/PayNowPersonalCheckSCF: Test Cases/IntegratedWeb/IWP25/Payments/PayNowPersonalCheckSCF

04-10-2024T23:29:52 - [TEST_STEP][PASSED] - resText = "Fail": null

04-10-2024T23:29:52 - [TEST_STEP][PASSED] - resColumn = "Result": null

04-10-2024T23:29:52 - [TEST_STEP][PASSED] - datCloumn = "Date": null

04-10-2024T23:29:52 - [TEST_STEP][PASSED] - fileLoc = "KatalonData/IWPTestData/VRelay25Payments.xlsx": null

04-10-2024T23:29:52 - [TEST_STEP][PASSED] - numOfRows = <not implemented yet for class: org.codehaus.groovy.ast.expr.EmptyExpression>: null

04-10-2024T23:29:52 - [TEST_STEP][PASSED] - dataFile = <not implemented yet for class: org.codehaus.groovy.ast.expr.EmptyExpression>: null

04-10-2024T23:29:52 - [TEST_STEP][PASSED] - nameSheet = <not implemented yet for class: org.codehaus.groovy.ast.expr.EmptyExpression>: null

04-10-2024T23:29:52 - [TEST_STEP][PASSED] - dataFileEmulator = <not implemented yet for class: org.codehaus.groovy.ast.expr.EmptyExpression>: null

04-10-2024T23:29:52 - [TEST_STEP][PASSED] - isRequiredTextPresent = false: null

04-10-2024T23:29:52 - [TEST_STEP][PASSED] - nameSheet = "PayNowPersonalCheckSCF": null

04-10-2024T23:29:52 - [TEST_STEP][PASSED] - dataFile = "IWPTestData/IWP25PayNowPersonalCheckSCF": null

04-10-2024T23:29:52 - [TEST_STEP][PASSED] - dataFileEmulator = "IWPTestData/EmulatorData": null

04-10-2024T23:29:52 - [TEST_STEP][PASSED] - numOfRows = findTestData(dataFile).getRowNumbers(): null

04-10-2024T23:29:53 - [TEST_STEP][PASSED] - println("Number of Records: " + numOfRows): null

04-10-2024T23:29:53 - [TEST_STEP][PASSED] - for ([row = 1, row <= numOfRows, (row++)]): Browser is closed

04-10-2024T23:29:53 - [TEST_STEP][PASSED] - ExecuteTC = findTestData(dataFile).getValue("Execute", row): null

04-10-2024T23:29:53 - [TEST_STEP][PASSED] - out.println("Value of Execute is : " + ExecuteTC): null

04-10-2024T23:29:53 - [TEST_STEP][PASSED] - if (ExecuteTC.equalsIgnoreCase("Y")): null

04-10-2024T23:29:53 - [TEST_STEP][PASSED] - out.println("Begin Record Number: " + row): null

04-10-2024T23:29:53 - [TEST_STEP][PASSED] - today = new java.util.Date(): null

04-10-2024T23:29:53 - [TEST_STEP][PASSED] - println(today): null

04-10-2024T23:29:53 - [TEST_STEP][PASSED] - datText = today: null

04-10-2024T23:29:53 - [TEST_STEP][PASSED] - EmulatorDataKey = findTestData(dataFile).getValue("EmulatorData", row): null

04-10-2024T23:29:53 - [TEST_STEP][PASSED] - out.println("Value of Emulator Key is : " + EmulatorDataKey): null

04-10-2024T23:29:53 - [TEST_STEP][PASSED] - iwpPages.emulatorIWP30.setDataEmulator_DD(EmulatorDataKey): iwpPages.emulatorIWP30.setDataEmulator_DD is PASSED

04-10-2024T23:29:53 - [MESSAGE][INFO] - Starting 'Edge Chromium' driver

04-10-2024T23:29:53 - [MESSAGE][INFO] - User set preference: ['acceptInsecureCerts', 'true']

04-10-2024T23:29:55 - [MESSAGE][INFO] - Action delay is set to 0 milliseconds

04-10-2024T23:29:58 - [MESSAGE][PASSED] - Browser is opened with url: 'https://qa.velocitypayment.com/agency/config.do?action=editor&message_version=2_5'

04-10-2024T23:29:58 - [MESSAGE][PASSED] - Current window maximized

04-10-2024T23:29:59 - [MESSAGE][PASSED] - All options with value '2.5' are selected in object 'Object Repository/IWP30/Page_VRelay30Emulator/MV'  using regular expression

04-10-2024T23:30:00 - [MESSAGE][PASSED] - Text '10.50' is set on object 'Object Repository/IWP30/Page_VRelay30Emulator/Amount'

04-10-2024T23:30:01 - [MESSAGE][PASSED] - Text 'XYFYway6hxCs' is set on object 'Object Repository/IWP30/Page_VRelay30Emulator/CAN'

04-10-2024T23:30:01 - [MESSAGE][PASSED] - Text 'PayNow' is set on object 'Object Repository/IWP30/Page_VRelay30Emulator/Action'

04-10-2024T23:30:02 - [MESSAGE][PASSED] - Text 'en_US' is set on object 'Object Repository/IWP30/Page_VRelay30Emulator/Lang'

04-10-2024T23:30:02 - [MESSAGE][PASSED] - Text '' is set on object 'Object Repository/IWP30/Page_VRelay30Emulator/Fname'

04-10-2024T23:30:03 - [MESSAGE][PASSED] - Text '' is set on object 'Object Repository/IWP30/Page_VRelay30Emulator/Lname'

04-10-2024T23:30:04 - [MESSAGE][PASSED] - Text '' is set on object 'Object Repository/IWP30/Page_VRelay30Emulator/AL1'

04-10-2024T23:30:04 - [MESSAGE][PASSED] - Text '' is set on object 'Object Repository/IWP30/Page_VRelay30Emulator/AL2'

04-10-2024T23:30:05 - [MESSAGE][PASSED] - Text '' is set on object 'Object Repository/IWP30/Page_VRelay30Emulator/Country'

04-10-2024T23:30:05 - [MESSAGE][PASSED] - Text '' is set on object 'Object Repository/IWP30/Page_VRelay30Emulator/City'

04-10-2024T23:30:06 - [MESSAGE][PASSED] - Text '' is set on object 'Object Repository/IWP30/Page_VRelay30Emulator/State'

04-10-2024T23:30:07 - [MESSAGE][PASSED] - Text '' is set on object 'Object Repository/IWP30/Page_VRelay30Emulator/ZIP'

04-10-2024T23:30:07 - [MESSAGE][PASSED] - Text '' is set on object 'Object Repository/IWP30/Page_VRelay30Emulator/Order'

04-10-2024T23:30:08 - [MESSAGE][PASSED] - Text '' is set on object 'Object Repository/IWP30/Page_VRelay30Emulator/Company'

04-10-2024T23:30:08 - [MESSAGE][PASSED] - Text '' is set on object 'Object Repository/IWP30/Page_VRelay30Emulator/Email'

04-10-2024T23:30:09 - [MESSAGE][PASSED] - Text '' is set on object 'Object Repository/IWP30/Page_VRelay30Emulator/UDF1'

04-10-2024T23:30:09 - [MESSAGE][PASSED] - Text '' is set on object 'Object Repository/IWP30/Page_VRelay30Emulator/UDF2'

04-10-2024T23:30:10 - [MESSAGE][PASSED] - Text '' is set on object 'Object Repository/IWP30/Page_VRelay30Emulator/UDF3'

04-10-2024T23:30:11 - [MESSAGE][PASSED] - Text 'udf data 4' is set on object 'Object Repository/IWP30/Page_VRelay30Emulator/UDF4'

04-10-2024T23:30:11 - [MESSAGE][PASSED] - Text 'udf data 5' is set on object 'Object Repository/IWP30/Page_VRelay30Emulator/UDF5'

04-10-2024T23:30:12 - [MESSAGE][PASSED] - Text '' is set on object 'Object Repository/IWP30/Page_VRelay30Emulator/UDF6'

04-10-2024T23:30:12 - [MESSAGE][PASSED] - Text '' is set on object 'Object Repository/IWP30/Page_VRelay30Emulator/UDF7'

04-10-2024T23:30:13 - [MESSAGE][PASSED] - Text '' is set on object 'Object Repository/IWP30/Page_VRelay30Emulator/UDF8'

04-10-2024T23:30:13 - [MESSAGE][PASSED] - Text 'udf data 9' is set on object 'Object Repository/IWP30/Page_VRelay30Emulator/UDF9'

04-10-2024T23:30:14 - [MESSAGE][PASSED] - Text 'udf data 10' is set on object 'Object Repository/IWP30/Page_VRelay30Emulator/UDF10'

04-10-2024T23:30:15 - [MESSAGE][PASSED] - Object: 'Object Repository/IWP30/Page_VRelay30Emulator/Submit' is clicked on

04-10-2024T23:30:20 - [MESSAGE][PASSED] - Browser is closed

04-10-2024T23:30:24 - [MESSAGE][PASSED] - iwpPages.emulatorIWP30.setDataEmulator_DD is PASSED

04-10-2024T23:30:24 - [TEST_STEP][PASSED] - testHarnessURL = urlTestHarness: null

04-10-2024T23:30:24 - [TEST_STEP][PASSED] - openBrowser(testHarnessURL): Browser is opened with url: 'https://dev-algorithm.govolution.com/vrelaytest/QA/version_2_2/vrelaytest.html'

04-10-2024T23:30:24 - [MESSAGE][INFO] - Starting 'Edge Chromium' driver

04-10-2024T23:30:24 - [MESSAGE][INFO] - User set preference: ['acceptInsecureCerts', 'true']

04-10-2024T23:30:26 - [MESSAGE][INFO] - Action delay is set to 0 milliseconds

04-10-2024T23:30:29 - [MESSAGE][PASSED] - Browser is opened with url: 'https://dev-algorithm.govolution.com/vrelaytest/QA/version_2_2/vrelaytest.html'

04-10-2024T23:30:29 - [TEST_STEP][PASSED] - maximizeWindow(): Current window maximized

04-10-2024T23:30:29 - [MESSAGE][PASSED] - Current window maximized

04-10-2024T23:30:29 - [TEST_STEP][PASSED] - iwpPages.TestHarnessPage.setDataMethod(row, dataFile): iwpPages.TestHarnessPage.setDataMethod is PASSED

04-10-2024T23:30:30 - [MESSAGE][PASSED] - Object 'Object Repository/IWP30/Page_QATestHarness/RemittanceID' is present

04-10-2024T23:30:30 - [MESSAGE][PASSED] - Text '639' is set on object 'Object Repository/IWP30/Page_QATestHarness/ApplicationID'

04-10-2024T23:30:31 - [MESSAGE][PASSED] - Text '2.5' is set on object 'Object Repository/IWP30/Page_QATestHarness/MessageVersion'

04-10-2024T23:30:32 - [MESSAGE][PASSED] - Text '65krcqkMe1L0' is set on object 'Object Repository/IWP30/Page_QATestHarness/RemittanceID'

04-10-2024T23:30:35 - [MESSAGE][PASSED] - Object: 'Object Repository/IWP30/Page_QATestHarness/SubmitButton' is clicked on

04-10-2024T23:30:35 - [MESSAGE][PASSED] - iwpPages.TestHarnessPage.setDataMethod is PASSED

04-10-2024T23:30:35 - [TEST_STEP][PASSED] - click(findTestObject("Object Repository/IWP30/Page_SelectPaymentMethod/PayByPersonalCheck")): Object: 'Object Repository/IWP30/Page_SelectPaymentMethod/PayByPersonalCheck' is clicked on

04-10-2024T23:30:36 - [MESSAGE][PASSED] - Object: 'Object Repository/IWP30/Page_SelectPaymentMethod/PayByPersonalCheck' is clicked on

04-10-2024T23:30:36 - [TEST_STEP][PASSED] - click(findTestObject("Object Repository/IWP30/Page_SelectPaymentMethod/MakePaymentButton")): Object: 'Object Repository/IWP30/Page_SelectPaymentMethod/MakePaymentButton' is clicked on

04-10-2024T23:30:37 - [MESSAGE][PASSED] - Object: 'Object Repository/IWP30/Page_SelectPaymentMethod/MakePaymentButton' is clicked on

04-10-2024T23:30:37 - [TEST_STEP][PASSED] - iwpPages.achPersonalPaymentEntryPage.setDataACHPPM(row, dataFile): iwpPages.achPersonalPaymentEntryPage.setDataACHPPM is PASSED

04-10-2024T23:30:38 - [MESSAGE][PASSED] - Object 'Object Repository/IWP30/Page_ACHPersonalPaymentEntry/txt_accountNumber' is present

04-10-2024T23:30:39 - [MESSAGE][PASSED] - Text '10.50' is set on object 'Object Repository/IWP30/Page_ACHPersonalPaymentEntry/txt_Amount'

04-10-2024T23:30:39 - [MESSAGE][PASSED] - Object 'Object Repository/IWP30/Page_ACHPersonalPaymentEntry/txt_UDF2' is present

04-10-2024T23:30:40 - [MESSAGE][PASSED] - Text 'udf data 2' is set on object 'Object Repository/IWP30/Page_ACHPersonalPaymentEntry/txt_UDF2'

04-10-2024T23:30:40 - [MESSAGE][PASSED] - Text 'udf data 3' is set on object 'Object Repository/IWP30/Page_ACHPersonalPaymentEntry/txt_UDF3'

04-10-2024T23:30:41 - [MESSAGE][PASSED] - All options with label 'Orange' are selected in object 'Object Repository/IWP30/Page_ACHPersonalPaymentEntry/dd_UDF7' 

04-10-2024T23:30:41 - [MESSAGE][PASSED] - All options with label 'Soccer' are selected in object 'Object Repository/IWP30/Page_ACHPersonalPaymentEntry/dd_UDF8' 

04-10-2024T23:30:42 - [MESSAGE][PASSED] - Object 'Object Repository/IWP30/Page_ACHPersonalPaymentEntry/txt_Firstname' is present

04-10-2024T23:30:42 - [MESSAGE][PASSED] - Text 'Elizath' is set on object 'Object Repository/IWP30/Page_ACHPersonalPaymentEntry/txt_Firstname'

04-10-2024T23:30:43 - [MESSAGE][PASSED] - Object 'Object Repository/IWP30/Page_ACHPersonalPaymentEntry/txt_Lastname' is present

04-10-2024T23:30:43 - [MESSAGE][PASSED] - Text 'Christine' is set on object 'Object Repository/IWP30/Page_ACHPersonalPaymentEntry/txt_Lastname'

04-10-2024T23:30:43 - [MESSAGE][PASSED] - Object 'Object Repository/IWP30/Page_ACHPersonalPaymentEntry/txt_routingNumber' is present

04-10-2024T23:30:44 - [MESSAGE][PASSED] - Text '256072691' is set on object 'Object Repository/IWP30/Page_ACHPersonalPaymentEntry/txt_routingNumber'

04-10-2024T23:30:44 - [MESSAGE][PASSED] - Object 'Object Repository/IWP30/Page_ACHPersonalPaymentEntry/txt_accountNumber' is present

04-10-2024T23:30:46 - [MESSAGE][PASSED] - Text '12344444' is set on object 'Object Repository/IWP30/Page_ACHPersonalPaymentEntry/txt_accountNumber'

04-10-2024T23:30:46 - [MESSAGE][PASSED] - Object 'Object Repository/IWP30/Page_ACHPersonalPaymentEntry/txt_confirmAccountNumber' is present

04-10-2024T23:30:47 - [MESSAGE][PASSED] - Text '12344444' is set on object 'Object Repository/IWP30/Page_ACHPersonalPaymentEntry/txt_confirmAccountNumber'

04-10-2024T23:30:47 - [MESSAGE][PASSED] - Object 'Object Repository/IWP30/Page_ACHPersonalPaymentEntry/rd_accountType' is present

04-10-2024T23:30:47 - [MESSAGE][PASSED] - Modify property of object successfully

04-10-2024T23:30:47 - [MESSAGE][PASSED] - Object: 'Object Repository/IWP30/Page_ACHPersonalPaymentEntry/rd_accountType' is clicked on

04-10-2024T23:30:48 - [MESSAGE][PASSED] - Text '365 Main Avenue' is set on object 'Object Repository/IWP30/Page_ACHPersonalPaymentEntry/txt_AL1'

04-10-2024T23:30:48 - [MESSAGE][PASSED] - Text '22201' is set on object 'Object Repository/IWP30/Page_ACHPersonalPaymentEntry/txt_ZIP'

04-10-2024T23:30:49 - [MESSAGE][PASSED] - Object 'Object Repository/IWP30/Page_ACHPersonalPaymentEntry/txt_Email' is present

04-10-2024T23:30:49 - [MESSAGE][PASSED] - Text 'iahmed@govolution.com' is set on object 'Object Repository/IWP30/Page_ACHPersonalPaymentEntry/txt_Email'

04-10-2024T23:30:50 - [MESSAGE][PASSED] - Object 'Object Repository/IWP30/Page_ACHPersonalPaymentEntry/cb_TermsAndCond' is present

04-10-2024T23:30:50 - [MESSAGE][PASSED] - Object: 'Object Repository/IWP30/Page_ACHPersonalPaymentEntry/cb_TermsAndCond' is clicked on

04-10-2024T23:30:50 - [MESSAGE][PASSED] - Object 'Object Repository/IWP30/Page_ACHPersonalPaymentEntry/btn_Continue' is present

04-10-2024T23:30:52 - [MESSAGE][PASSED] - Object: 'Object Repository/IWP30/Page_ACHPersonalPaymentEntry/btn_Continue' is clicked on

04-10-2024T23:30:52 - [MESSAGE][PASSED] - iwpPages.achPersonalPaymentEntryPage.setDataACHPPM is PASSED

04-10-2024T23:30:52 - [TEST_STEP][PASSED] - click(findTestObject("Object Repository/IWP30/Page_Confirmation/ConfirmButton")): Object: 'Object Repository/IWP30/Page_Confirmation/ConfirmButton' is clicked on

04-10-2024T23:30:53 - [MESSAGE][PASSED] - Object: 'Object Repository/IWP30/Page_Confirmation/ConfirmButton' is clicked on

04-10-2024T23:30:53 - [TEST_STEP][PASSED] - Thread.sleep(5000): null

04-10-2024T23:30:58 - [TEST_STEP][PASSED] - if (verifyTextPresent("Make a Real Estate Payment", false)): null

04-10-2024T23:30:58 - [MESSAGE][PASSED] - Text 'Make a Real Estate Payment' is present on page 

04-10-2024T23:30:58 - [TEST_STEP][PASSED] - isRequiredTextPresent = true: null

04-10-2024T23:30:58 - [TEST_STEP][PASSED] - println(isRequiredTextPresent): null

04-10-2024T23:30:58 - [TEST_STEP][PASSED] - if (isRequiredTextPresent): null

04-10-2024T23:30:58 - [TEST_STEP][PASSED] - if (verifyTextPresent("This transaction is subject to a Convenience Fees of $2.00.", false)): null

04-10-2024T23:30:58 - [MESSAGE][PASSED] - Text 'This transaction is subject to a Convenience Fees of $2.00.' is present on page 

04-10-2024T23:30:58 - [TEST_STEP][PASSED] - isRequiredTextPresent = true: null

04-10-2024T23:30:58 - [TEST_STEP][PASSED] - println(isRequiredTextPresent): null

04-10-2024T23:30:58 - [TEST_STEP][PASSED] - if (isRequiredTextPresent): null

04-10-2024T23:30:58 - [TEST_STEP][PASSED] - if (verifyTextPresent("Payment Amount:  $10.50", false)): null

04-10-2024T23:30:59 - [MESSAGE][PASSED] - Text 'Payment Amount:  $10.50' is present on page 

04-10-2024T23:30:59 - [TEST_STEP][PASSED] - isRequiredTextPresent = true: null

04-10-2024T23:30:59 - [TEST_STEP][PASSED] - if (isRequiredTextPresent): null

04-10-2024T23:30:59 - [TEST_STEP][PASSED] - if (verifyTextPresent("Convenience Fees:  $2.00", false)): null

04-10-2024T23:30:59 - [MESSAGE][PASSED] - Text 'Convenience Fees:  $2.00' is present on page 

04-10-2024T23:30:59 - [TEST_STEP][PASSED] - isRequiredTextPresent = true: null

04-10-2024T23:30:59 - [TEST_STEP][PASSED] - if (isRequiredTextPresent): null

04-10-2024T23:30:59 - [TEST_STEP][PASSED] - if (verifyTextPresent("Total Amount:  $12.50", false)): null

04-10-2024T23:30:59 - [MESSAGE][PASSED] - Text 'Total Amount:  $12.50' is present on page 

04-10-2024T23:30:59 - [TEST_STEP][PASSED] - isRequiredTextPresent = true: null

04-10-2024T23:30:59 - [TEST_STEP][PASSED] - if (isRequiredTextPresent): null

04-10-2024T23:30:59 - [TEST_STEP][PASSED] - if (verifyTextPresent("One transaction in the amount of $12.50 will appear on your bank statement.", false)): null

04-10-2024T23:31:00 - [MESSAGE][PASSED] - Text 'One transaction in the amount of $12.50 will appear on your bank statement.' is present on page 

04-10-2024T23:31:00 - [TEST_STEP][PASSED] - isRequiredTextPresent = true: null

04-10-2024T23:31:00 - [TEST_STEP][PASSED] - Thread.sleep(10000): null

04-10-2024T23:31:10 - [TEST_STEP][PASSED] - click(findTestObject("Object Repository/IWP30/Page_ConvenienceFees/btn_convFeeNotifyAction")): Object: 'Object Repository/IWP30/Page_ConvenienceFees/btn_convFeeNotifyAction' is clicked on

04-10-2024T23:31:11 - [MESSAGE][PASSED] - Object: 'Object Repository/IWP30/Page_ConvenienceFees/btn_convFeeNotifyAction' is clicked on

04-10-2024T23:31:11 - [TEST_STEP][PASSED] - Thread.sleep(10000): null

04-10-2024T23:31:21 - [TEST_STEP][PASSED] - if (verifyTextPresent("Successful Payment Receipt", false)): null

04-10-2024T23:31:21 - [MESSAGE][PASSED] - Text 'Successful Payment Receipt' is present on page 

04-10-2024T23:31:21 - [TEST_STEP][PASSED] - println("Successful Payment Receipt text is present on the Receipt page"): null

04-10-2024T23:31:21 - [TEST_STEP][PASSED] - markPassed("Successful Payment Receipt text is present on the Receipt page"): Successful Payment Receipt text is present on the Receipt page

04-10-2024T23:31:21 - [MESSAGE][PASSED] - Successful Payment Receipt text is present on the Receipt page

04-10-2024T23:31:21 - [TEST_STEP][PASSED] - resText = "Pass": null

04-10-2024T23:31:21 - [TEST_STEP][PASSED] - pages.WriteExcel.demoKey(resText, datText, resColumn, datCloumn, fileLoc, nameSheet, row): pages.WriteExcel.demoKey is PASSED

04-10-2024T23:31:21 - [MESSAGE][PASSED] - pages.WriteExcel.demoKey is PASSED

04-10-2024T23:31:21 - [TEST_STEP][PASSED] - closeBrowser(): Browser is closed

04-10-2024T23:31:22 - [MESSAGE][PASSED] - Browser is closed

04-10-2024T23:31:22 - [TEST_STEP][PASSED] - ExecuteTC = findTestData(dataFile).getValue("Execute", row): null

04-10-2024T23:31:22 - [TEST_STEP][PASSED] - out.println("Value of Execute is : " + ExecuteTC): null

04-10-2024T23:31:22 - [TEST_STEP][PASSED] - if (ExecuteTC.equalsIgnoreCase("Y")): null

04-10-2024T23:31:22 - [TEST_STEP][PASSED] - out.println("Begin Record Number: " + row): null

04-10-2024T23:31:22 - [TEST_STEP][PASSED] - today = new java.util.Date(): null

04-10-2024T23:31:22 - [TEST_STEP][PASSED] - println(today): null

04-10-2024T23:31:22 - [TEST_STEP][PASSED] - datText = today: null

04-10-2024T23:31:22 - [TEST_STEP][PASSED] - EmulatorDataKey = findTestData(dataFile).getValue("EmulatorData", row): null

04-10-2024T23:31:22 - [TEST_STEP][PASSED] - out.println("Value of Emulator Key is : " + EmulatorDataKey): null

04-10-2024T23:31:22 - [TEST_STEP][PASSED] - iwpPages.emulatorIWP30.setDataEmulator_DD(EmulatorDataKey): iwpPages.emulatorIWP30.setDataEmulator_DD is PASSED

04-10-2024T23:31:22 - [MESSAGE][INFO] - Starting 'Edge Chromium' driver

04-10-2024T23:31:22 - [MESSAGE][INFO] - User set preference: ['acceptInsecureCerts', 'true']

04-10-2024T23:31:24 - [MESSAGE][INFO] - Action delay is set to 0 milliseconds

04-10-2024T23:31:27 - [MESSAGE][PASSED] - Browser is opened with url: 'https://qa.velocitypayment.com/agency/config.do?action=editor&message_version=2_5'

04-10-2024T23:31:27 - [MESSAGE][PASSED] - Current window maximized

04-10-2024T23:31:28 - [MESSAGE][PASSED] - All options with value '2.5' are selected in object 'Object Repository/IWP30/Page_VRelay30Emulator/MV'  using regular expression

04-10-2024T23:31:29 - [MESSAGE][PASSED] - Text '10.50' is set on object 'Object Repository/IWP30/Page_VRelay30Emulator/Amount'

04-10-2024T23:31:30 - [MESSAGE][PASSED] - Text 'e7jcnFMH1YMN' is set on object 'Object Repository/IWP30/Page_VRelay30Emulator/CAN'

04-10-2024T23:31:30 - [MESSAGE][PASSED] - Text 'PayNow' is set on object 'Object Repository/IWP30/Page_VRelay30Emulator/Action'

04-10-2024T23:31:31 - [MESSAGE][PASSED] - Text 'en_US' is set on object 'Object Repository/IWP30/Page_VRelay30Emulator/Lang'

04-10-2024T23:31:32 - [MESSAGE][PASSED] - Text 'Jasmine' is set on object 'Object Repository/IWP30/Page_VRelay30Emulator/Fname'

04-10-2024T23:31:32 - [MESSAGE][PASSED] - Text 'Patrinol' is set on object 'Object Repository/IWP30/Page_VRelay30Emulator/Lname'

04-10-2024T23:31:33 - [MESSAGE][PASSED] - Text '258 Underwood rd' is set on object 'Object Repository/IWP30/Page_VRelay30Emulator/AL1'

04-10-2024T23:31:33 - [MESSAGE][PASSED] - Text 'Suite 600' is set on object 'Object Repository/IWP30/Page_VRelay30Emulator/AL2'

04-10-2024T23:31:34 - [MESSAGE][PASSED] - Text '840' is set on object 'Object Repository/IWP30/Page_VRelay30Emulator/Country'

04-10-2024T23:31:35 - [MESSAGE][PASSED] - Text 'Arlington' is set on object 'Object Repository/IWP30/Page_VRelay30Emulator/City'

04-10-2024T23:31:35 - [MESSAGE][PASSED] - Text 'VA' is set on object 'Object Repository/IWP30/Page_VRelay30Emulator/State'

04-10-2024T23:31:36 - [MESSAGE][PASSED] - Text '22201' is set on object 'Object Repository/IWP30/Page_VRelay30Emulator/ZIP'

04-10-2024T23:31:36 - [MESSAGE][PASSED] - Text '' is set on object 'Object Repository/IWP30/Page_VRelay30Emulator/Order'

04-10-2024T23:31:37 - [MESSAGE][PASSED] - Text 'Some Company' is set on object 'Object Repository/IWP30/Page_VRelay30Emulator/Company'

04-10-2024T23:31:38 - [MESSAGE][PASSED] - Text 'iahmed@govolution.com' is set on object 'Object Repository/IWP30/Page_VRelay30Emulator/Email'

04-10-2024T23:31:38 - [MESSAGE][PASSED] - Text 'udf data 1' is set on object 'Object Repository/IWP30/Page_VRelay30Emulator/UDF1'

04-10-2024T23:31:39 - [MESSAGE][PASSED] - Text 'udf data 2' is set on object 'Object Repository/IWP30/Page_VRelay30Emulator/UDF2'

04-10-2024T23:31:39 - [MESSAGE][PASSED] - Text 'udf data 3' is set on object 'Object Repository/IWP30/Page_VRelay30Emulator/UDF3'

04-10-2024T23:31:40 - [MESSAGE][PASSED] - Text 'udf data 4' is set on object 'Object Repository/IWP30/Page_VRelay30Emulator/UDF4'

04-10-2024T23:31:40 - [MESSAGE][PASSED] - Text 'udf data 5' is set on object 'Object Repository/IWP30/Page_VRelay30Emulator/UDF5'

04-10-2024T23:31:41 - [MESSAGE][PASSED] - Text 'udf data 6' is set on object 'Object Repository/IWP30/Page_VRelay30Emulator/UDF6'

04-10-2024T23:31:42 - [MESSAGE][PASSED] - Text 'Orange' is set on object 'Object Repository/IWP30/Page_VRelay30Emulator/UDF7'

04-10-2024T23:31:42 - [MESSAGE][PASSED] - Text 'Soccer' is set on object 'Object Repository/IWP30/Page_VRelay30Emulator/UDF8'

04-10-2024T23:31:43 - [MESSAGE][PASSED] - Text 'udf data 9' is set on object 'Object Repository/IWP30/Page_VRelay30Emulator/UDF9'

04-10-2024T23:31:43 - [MESSAGE][PASSED] - Text 'udf data 10' is set on object 'Object Repository/IWP30/Page_VRelay30Emulator/UDF10'

04-10-2024T23:31:45 - [MESSAGE][PASSED] - Object: 'Object Repository/IWP30/Page_VRelay30Emulator/Submit' is clicked on

04-10-2024T23:31:49 - [MESSAGE][PASSED] - Browser is closed

04-10-2024T23:31:53 - [MESSAGE][PASSED] - iwpPages.emulatorIWP30.setDataEmulator_DD is PASSED

04-10-2024T23:31:53 - [TEST_STEP][PASSED] - testHarnessURL = urlTestHarness: null

04-10-2024T23:31:53 - [TEST_STEP][PASSED] - openBrowser(testHarnessURL): Browser is opened with url: 'https://dev-algorithm.govolution.com/vrelaytest/QA/version_2_2/vrelaytest.html'

04-10-2024T23:31:53 - [MESSAGE][INFO] - Starting 'Edge Chromium' driver

04-10-2024T23:31:53 - [MESSAGE][INFO] - User set preference: ['acceptInsecureCerts', 'true']

04-10-2024T23:31:55 - [MESSAGE][INFO] - Action delay is set to 0 milliseconds

04-10-2024T23:31:59 - [MESSAGE][PASSED] - Browser is opened with url: 'https://dev-algorithm.govolution.com/vrelaytest/QA/version_2_2/vrelaytest.html'

04-10-2024T23:31:59 - [TEST_STEP][PASSED] - maximizeWindow(): Current window maximized

04-10-2024T23:31:59 - [MESSAGE][PASSED] - Current window maximized

04-10-2024T23:31:59 - [TEST_STEP][PASSED] - iwpPages.TestHarnessPage.setDataMethod(row, dataFile): iwpPages.TestHarnessPage.setDataMethod is PASSED

04-10-2024T23:31:59 - [MESSAGE][PASSED] - Object 'Object Repository/IWP30/Page_QATestHarness/RemittanceID' is present

04-10-2024T23:32:00 - [MESSAGE][PASSED] - Text '639' is set on object 'Object Repository/IWP30/Page_QATestHarness/ApplicationID'

04-10-2024T23:32:00 - [MESSAGE][PASSED] - Text '2.5' is set on object 'Object Repository/IWP30/Page_QATestHarness/MessageVersion'

04-10-2024T23:32:01 - [MESSAGE][PASSED] - Text 'pX6E8t8WqNV0' is set on object 'Object Repository/IWP30/Page_QATestHarness/RemittanceID'

04-10-2024T23:32:05 - [MESSAGE][PASSED] - Object: 'Object Repository/IWP30/Page_QATestHarness/SubmitButton' is clicked on

04-10-2024T23:32:05 - [MESSAGE][PASSED] - iwpPages.TestHarnessPage.setDataMethod is PASSED

04-10-2024T23:32:05 - [TEST_STEP][PASSED] - click(findTestObject("Object Repository/IWP30/Page_SelectPaymentMethod/PayByPersonalCheck")): Object: 'Object Repository/IWP30/Page_SelectPaymentMethod/PayByPersonalCheck' is clicked on

04-10-2024T23:32:06 - [MESSAGE][PASSED] - Object: 'Object Repository/IWP30/Page_SelectPaymentMethod/PayByPersonalCheck' is clicked on

04-10-2024T23:32:06 - [TEST_STEP][PASSED] - click(findTestObject("Object Repository/IWP30/Page_SelectPaymentMethod/MakePaymentButton")): Object: 'Object Repository/IWP30/Page_SelectPaymentMethod/MakePaymentButton' is clicked on

04-10-2024T23:32:08 - [MESSAGE][PASSED] - Object: 'Object Repository/IWP30/Page_SelectPaymentMethod/MakePaymentButton' is clicked on

04-10-2024T23:32:08 - [TEST_STEP][PASSED] - iwpPages.achPersonalPaymentEntryPage.setDataACHPPM(row, dataFile): iwpPages.achPersonalPaymentEntryPage.setDataACHPPM is PASSED

04-10-2024T23:32:09 - [MESSAGE][PASSED] - Object 'Object Repository/IWP30/Page_ACHPersonalPaymentEntry/txt_accountNumber' is present

04-10-2024T23:32:09 - [MESSAGE][PASSED] - Object 'Object Repository/IWP30/Page_ACHPersonalPaymentEntry/txt_UDF2' is present

04-10-2024T23:32:09 - [MESSAGE][PASSED] - All options with label 'Soccer' are selected in object 'Object Repository/IWP30/Page_ACHPersonalPaymentEntry/dd_UDF8' 

04-10-2024T23:32:10 - [MESSAGE][PASSED] - Object 'Object Repository/IWP30/Page_ACHPersonalPaymentEntry/txt_Firstname' is present

04-10-2024T23:32:10 - [MESSAGE][PASSED] - Text 'Elizath' is set on object 'Object Repository/IWP30/Page_ACHPersonalPaymentEntry/txt_Firstname'

04-10-2024T23:32:11 - [MESSAGE][PASSED] - Object 'Object Repository/IWP30/Page_ACHPersonalPaymentEntry/txt_Lastname' is present

04-10-2024T23:32:11 - [MESSAGE][PASSED] - Text 'Christine' is set on object 'Object Repository/IWP30/Page_ACHPersonalPaymentEntry/txt_Lastname'

04-10-2024T23:32:11 - [MESSAGE][PASSED] - Object 'Object Repository/IWP30/Page_ACHPersonalPaymentEntry/txt_routingNumber' is present

04-10-2024T23:32:12 - [MESSAGE][PASSED] - Text '256072691' is set on object 'Object Repository/IWP30/Page_ACHPersonalPaymentEntry/txt_routingNumber'

04-10-2024T23:32:12 - [MESSAGE][PASSED] - Object 'Object Repository/IWP30/Page_ACHPersonalPaymentEntry/txt_accountNumber' is present

04-10-2024T23:32:14 - [MESSAGE][PASSED] - Text '12344444' is set on object 'Object Repository/IWP30/Page_ACHPersonalPaymentEntry/txt_accountNumber'

04-10-2024T23:32:14 - [MESSAGE][PASSED] - Object 'Object Repository/IWP30/Page_ACHPersonalPaymentEntry/txt_confirmAccountNumber' is present

04-10-2024T23:32:15 - [MESSAGE][PASSED] - Text '12344444' is set on object 'Object Repository/IWP30/Page_ACHPersonalPaymentEntry/txt_confirmAccountNumber'

04-10-2024T23:32:15 - [MESSAGE][PASSED] - Object 'Object Repository/IWP30/Page_ACHPersonalPaymentEntry/rd_accountType' is present

04-10-2024T23:32:15 - [MESSAGE][PASSED] - Modify property of object successfully

04-10-2024T23:32:15 - [MESSAGE][PASSED] - Object: 'Object Repository/IWP30/Page_ACHPersonalPaymentEntry/rd_accountType' is clicked on

04-10-2024T23:32:15 - [MESSAGE][PASSED] - Object 'Object Repository/IWP30/Page_ACHPersonalPaymentEntry/txt_Email' is present

04-10-2024T23:32:16 - [MESSAGE][PASSED] - Object 'Object Repository/IWP30/Page_ACHPersonalPaymentEntry/cb_TermsAndCond' is present

04-10-2024T23:32:16 - [MESSAGE][PASSED] - Object: 'Object Repository/IWP30/Page_ACHPersonalPaymentEntry/cb_TermsAndCond' is clicked on

04-10-2024T23:32:16 - [MESSAGE][PASSED] - Object 'Object Repository/IWP30/Page_ACHPersonalPaymentEntry/btn_Continue' is present

04-10-2024T23:32:17 - [MESSAGE][PASSED] - Object: 'Object Repository/IWP30/Page_ACHPersonalPaymentEntry/btn_Continue' is clicked on

04-10-2024T23:32:17 - [MESSAGE][PASSED] - iwpPages.achPersonalPaymentEntryPage.setDataACHPPM is PASSED

04-10-2024T23:32:17 - [TEST_STEP][PASSED] - click(findTestObject("Object Repository/IWP30/Page_Confirmation/ConfirmButton")): Object: 'Object Repository/IWP30/Page_Confirmation/ConfirmButton' is clicked on

04-10-2024T23:32:19 - [MESSAGE][PASSED] - Object: 'Object Repository/IWP30/Page_Confirmation/ConfirmButton' is clicked on

04-10-2024T23:32:19 - [TEST_STEP][PASSED] - Thread.sleep(5000): null

04-10-2024T23:32:24 - [TEST_STEP][PASSED] - if (verifyTextPresent("Make a Real Estate Payment", false)): null

04-10-2024T23:32:24 - [MESSAGE][PASSED] - Text 'Make a Real Estate Payment' is present on page 

04-10-2024T23:32:24 - [TEST_STEP][PASSED] - isRequiredTextPresent = true: null

04-10-2024T23:32:24 - [TEST_STEP][PASSED] - println(isRequiredTextPresent): null

04-10-2024T23:32:24 - [TEST_STEP][PASSED] - if (isRequiredTextPresent): null

04-10-2024T23:32:24 - [TEST_STEP][PASSED] - if (verifyTextPresent("This transaction is subject to a Convenience Fees of $2.00.", false)): null

04-10-2024T23:32:24 - [MESSAGE][PASSED] - Text 'This transaction is subject to a Convenience Fees of $2.00.' is present on page 

04-10-2024T23:32:24 - [TEST_STEP][PASSED] - isRequiredTextPresent = true: null

04-10-2024T23:32:24 - [TEST_STEP][PASSED] - println(isRequiredTextPresent): null

04-10-2024T23:32:24 - [TEST_STEP][PASSED] - if (isRequiredTextPresent): null

04-10-2024T23:32:24 - [TEST_STEP][PASSED] - if (verifyTextPresent("Payment Amount:  $10.50", false)): null

04-10-2024T23:32:25 - [MESSAGE][PASSED] - Text 'Payment Amount:  $10.50' is present on page 

04-10-2024T23:32:25 - [TEST_STEP][PASSED] - isRequiredTextPresent = true: null

04-10-2024T23:32:25 - [TEST_STEP][PASSED] - if (isRequiredTextPresent): null

04-10-2024T23:32:25 - [TEST_STEP][PASSED] - if (verifyTextPresent("Convenience Fees:  $2.00", false)): null

04-10-2024T23:32:25 - [MESSAGE][PASSED] - Text 'Convenience Fees:  $2.00' is present on page 

04-10-2024T23:32:25 - [TEST_STEP][PASSED] - isRequiredTextPresent = true: null

04-10-2024T23:32:25 - [TEST_STEP][PASSED] - if (isRequiredTextPresent): null

04-10-2024T23:32:25 - [TEST_STEP][PASSED] - if (verifyTextPresent("Total Amount:  $12.50", false)): null

04-10-2024T23:32:25 - [MESSAGE][PASSED] - Text 'Total Amount:  $12.50' is present on page 

04-10-2024T23:32:25 - [TEST_STEP][PASSED] - isRequiredTextPresent = true: null

04-10-2024T23:32:25 - [TEST_STEP][PASSED] - if (isRequiredTextPresent): null

04-10-2024T23:32:25 - [TEST_STEP][PASSED] - if (verifyTextPresent("One transaction in the amount of $12.50 will appear on your bank statement.", false)): null

04-10-2024T23:32:25 - [MESSAGE][PASSED] - Text 'One transaction in the amount of $12.50 will appear on your bank statement.' is present on page 

04-10-2024T23:32:25 - [TEST_STEP][PASSED] - isRequiredTextPresent = true: null

04-10-2024T23:32:25 - [TEST_STEP][PASSED] - Thread.sleep(10000): null

04-10-2024T23:32:35 - [TEST_STEP][PASSED] - click(findTestObject("Object Repository/IWP30/Page_ConvenienceFees/btn_convFeeNotifyAction")): Object: 'Object Repository/IWP30/Page_ConvenienceFees/btn_convFeeNotifyAction' is clicked on

04-10-2024T23:32:37 - [MESSAGE][PASSED] - Object: 'Object Repository/IWP30/Page_ConvenienceFees/btn_convFeeNotifyAction' is clicked on

04-10-2024T23:32:37 - [TEST_STEP][PASSED] - Thread.sleep(10000): null

04-10-2024T23:32:47 - [TEST_STEP][PASSED] - if (verifyTextPresent("Successful Payment Receipt", false)): null

04-10-2024T23:32:47 - [MESSAGE][PASSED] - Text 'Successful Payment Receipt' is present on page 

04-10-2024T23:32:47 - [TEST_STEP][PASSED] - println("Successful Payment Receipt text is present on the Receipt page"): null

04-10-2024T23:32:47 - [TEST_STEP][PASSED] - markPassed("Successful Payment Receipt text is present on the Receipt page"): Successful Payment Receipt text is present on the Receipt page

04-10-2024T23:32:47 - [MESSAGE][PASSED] - Successful Payment Receipt text is present on the Receipt page

04-10-2024T23:32:47 - [TEST_STEP][PASSED] - resText = "Pass": null

04-10-2024T23:32:47 - [TEST_STEP][PASSED] - pages.WriteExcel.demoKey(resText, datText, resColumn, datCloumn, fileLoc, nameSheet, row): pages.WriteExcel.demoKey is PASSED

04-10-2024T23:32:47 - [MESSAGE][PASSED] - pages.WriteExcel.demoKey is PASSED

04-10-2024T23:32:47 - [TEST_STEP][PASSED] - closeBrowser(): Browser is closed

04-10-2024T23:32:48 - [MESSAGE][PASSED] - Browser is closed]]></system-out>
         <system-err><![CDATA[]]></system-err>
      </testcase>
      <testcase name="Test Cases/IntegratedWeb/IWP25/Payments/PayNowPersonalSavingsDCF" time="176.259" classname="Test Cases/IntegratedWeb/IWP25/Payments/PayNowPersonalSavingsDCF" status="PASSED">
         <system-out><![CDATA[04-10-2024T23:32:48 - [TEST_CASE][PASSED] - Test Cases/IntegratedWeb/IWP25/Payments/PayNowPersonalSavingsDCF: Test Cases/IntegratedWeb/IWP25/Payments/PayNowPersonalSavingsDCF

04-10-2024T23:32:48 - [TEST_STEP][PASSED] - resText = "Fail": null

04-10-2024T23:32:48 - [TEST_STEP][PASSED] - resColumn = "Result": null

04-10-2024T23:32:48 - [TEST_STEP][PASSED] - datCloumn = "Date": null

04-10-2024T23:32:48 - [TEST_STEP][PASSED] - fileLoc = "KatalonData/IWPTestData/VRelay25Payments.xlsx": null

04-10-2024T23:32:48 - [TEST_STEP][PASSED] - numOfRows = <not implemented yet for class: org.codehaus.groovy.ast.expr.EmptyExpression>: null

04-10-2024T23:32:48 - [TEST_STEP][PASSED] - dataFile = <not implemented yet for class: org.codehaus.groovy.ast.expr.EmptyExpression>: null

04-10-2024T23:32:48 - [TEST_STEP][PASSED] - nameSheet = <not implemented yet for class: org.codehaus.groovy.ast.expr.EmptyExpression>: null

04-10-2024T23:32:48 - [TEST_STEP][PASSED] - dataFileEmulator = <not implemented yet for class: org.codehaus.groovy.ast.expr.EmptyExpression>: null

04-10-2024T23:32:48 - [TEST_STEP][PASSED] - isRequiredTextPresent = false: null

04-10-2024T23:32:48 - [TEST_STEP][PASSED] - nameSheet = "PayNowPersonalCheckDCF": null

04-10-2024T23:32:48 - [TEST_STEP][PASSED] - dataFile = "IWPTestData/IWP25PayNowPersonalCheckDCF": null

04-10-2024T23:32:48 - [TEST_STEP][PASSED] - dataFileEmulator = "IWPTestData/EmulatorData": null

04-10-2024T23:32:48 - [TEST_STEP][PASSED] - numOfRows = findTestData(dataFile).getRowNumbers(): null

04-10-2024T23:32:48 - [TEST_STEP][PASSED] - println("Number of Records: " + numOfRows): null

04-10-2024T23:32:48 - [TEST_STEP][PASSED] - for ([row = 1, row <= numOfRows, (row++)]): Browser is closed

04-10-2024T23:32:48 - [TEST_STEP][PASSED] - ExecuteTC = findTestData(dataFile).getValue("Execute", row): null

04-10-2024T23:32:48 - [TEST_STEP][PASSED] - out.println("Value of Execute is : " + ExecuteTC): null

04-10-2024T23:32:48 - [TEST_STEP][PASSED] - if (ExecuteTC.equalsIgnoreCase("Y")): null

04-10-2024T23:32:48 - [TEST_STEP][PASSED] - out.println("Begin Record Number: " + row): null

04-10-2024T23:32:48 - [TEST_STEP][PASSED] - today = new java.util.Date(): null

04-10-2024T23:32:48 - [TEST_STEP][PASSED] - println(today): null

04-10-2024T23:32:48 - [TEST_STEP][PASSED] - datText = today: null

04-10-2024T23:32:48 - [TEST_STEP][PASSED] - EmulatorDataKey = findTestData(dataFile).getValue("EmulatorData", row): null

04-10-2024T23:32:48 - [TEST_STEP][PASSED] - out.println("Value of Emulator Key is : " + EmulatorDataKey): null

04-10-2024T23:32:48 - [TEST_STEP][PASSED] - iwpPages.emulatorIWP30.setDataEmulator_DD(EmulatorDataKey): iwpPages.emulatorIWP30.setDataEmulator_DD is PASSED

04-10-2024T23:32:48 - [MESSAGE][INFO] - Starting 'Edge Chromium' driver

04-10-2024T23:32:48 - [MESSAGE][INFO] - User set preference: ['acceptInsecureCerts', 'true']

04-10-2024T23:32:51 - [MESSAGE][INFO] - Action delay is set to 0 milliseconds

04-10-2024T23:32:54 - [MESSAGE][PASSED] - Browser is opened with url: 'https://qa.velocitypayment.com/agency/config.do?action=editor&message_version=2_5'

04-10-2024T23:32:54 - [MESSAGE][PASSED] - Current window maximized

04-10-2024T23:32:55 - [MESSAGE][PASSED] - All options with value '2.5' are selected in object 'Object Repository/IWP30/Page_VRelay30Emulator/MV'  using regular expression

04-10-2024T23:32:55 - [MESSAGE][PASSED] - Text '10.50' is set on object 'Object Repository/IWP30/Page_VRelay30Emulator/Amount'

04-10-2024T23:32:56 - [MESSAGE][PASSED] - Text 'Ic2gXbyzrsvz' is set on object 'Object Repository/IWP30/Page_VRelay30Emulator/CAN'

04-10-2024T23:32:57 - [MESSAGE][PASSED] - Text 'PayNow' is set on object 'Object Repository/IWP30/Page_VRelay30Emulator/Action'

04-10-2024T23:32:57 - [MESSAGE][PASSED] - Text 'en_US' is set on object 'Object Repository/IWP30/Page_VRelay30Emulator/Lang'

04-10-2024T23:32:58 - [MESSAGE][PASSED] - Text '' is set on object 'Object Repository/IWP30/Page_VRelay30Emulator/Fname'

04-10-2024T23:32:58 - [MESSAGE][PASSED] - Text '' is set on object 'Object Repository/IWP30/Page_VRelay30Emulator/Lname'

04-10-2024T23:32:59 - [MESSAGE][PASSED] - Text '' is set on object 'Object Repository/IWP30/Page_VRelay30Emulator/AL1'

04-10-2024T23:33:00 - [MESSAGE][PASSED] - Text '' is set on object 'Object Repository/IWP30/Page_VRelay30Emulator/AL2'

04-10-2024T23:33:00 - [MESSAGE][PASSED] - Text '' is set on object 'Object Repository/IWP30/Page_VRelay30Emulator/Country'

04-10-2024T23:33:01 - [MESSAGE][PASSED] - Text '' is set on object 'Object Repository/IWP30/Page_VRelay30Emulator/City'

04-10-2024T23:33:01 - [MESSAGE][PASSED] - Text '' is set on object 'Object Repository/IWP30/Page_VRelay30Emulator/State'

04-10-2024T23:33:02 - [MESSAGE][PASSED] - Text '' is set on object 'Object Repository/IWP30/Page_VRelay30Emulator/ZIP'

04-10-2024T23:33:02 - [MESSAGE][PASSED] - Text '' is set on object 'Object Repository/IWP30/Page_VRelay30Emulator/Order'

04-10-2024T23:33:03 - [MESSAGE][PASSED] - Text '' is set on object 'Object Repository/IWP30/Page_VRelay30Emulator/Company'

04-10-2024T23:33:04 - [MESSAGE][PASSED] - Text '' is set on object 'Object Repository/IWP30/Page_VRelay30Emulator/Email'

04-10-2024T23:33:04 - [MESSAGE][PASSED] - Text '' is set on object 'Object Repository/IWP30/Page_VRelay30Emulator/UDF1'

04-10-2024T23:33:05 - [MESSAGE][PASSED] - Text '' is set on object 'Object Repository/IWP30/Page_VRelay30Emulator/UDF2'

04-10-2024T23:33:05 - [MESSAGE][PASSED] - Text '' is set on object 'Object Repository/IWP30/Page_VRelay30Emulator/UDF3'

04-10-2024T23:33:06 - [MESSAGE][PASSED] - Text 'udf data 4' is set on object 'Object Repository/IWP30/Page_VRelay30Emulator/UDF4'

04-10-2024T23:33:06 - [MESSAGE][PASSED] - Text 'udf data 5' is set on object 'Object Repository/IWP30/Page_VRelay30Emulator/UDF5'

04-10-2024T23:33:07 - [MESSAGE][PASSED] - Text '' is set on object 'Object Repository/IWP30/Page_VRelay30Emulator/UDF6'

04-10-2024T23:33:08 - [MESSAGE][PASSED] - Text '' is set on object 'Object Repository/IWP30/Page_VRelay30Emulator/UDF7'

04-10-2024T23:33:08 - [MESSAGE][PASSED] - Text '' is set on object 'Object Repository/IWP30/Page_VRelay30Emulator/UDF8'

04-10-2024T23:33:09 - [MESSAGE][PASSED] - Text 'udf data 9' is set on object 'Object Repository/IWP30/Page_VRelay30Emulator/UDF9'

04-10-2024T23:33:09 - [MESSAGE][PASSED] - Text 'udf data 10' is set on object 'Object Repository/IWP30/Page_VRelay30Emulator/UDF10'

04-10-2024T23:33:11 - [MESSAGE][PASSED] - Object: 'Object Repository/IWP30/Page_VRelay30Emulator/Submit' is clicked on

04-10-2024T23:33:15 - [MESSAGE][PASSED] - Browser is closed

04-10-2024T23:33:19 - [MESSAGE][PASSED] - iwpPages.emulatorIWP30.setDataEmulator_DD is PASSED

04-10-2024T23:33:19 - [TEST_STEP][PASSED] - testHarnessURL = urlTestHarness: null

04-10-2024T23:33:19 - [TEST_STEP][PASSED] - openBrowser(testHarnessURL): Browser is opened with url: 'https://dev-algorithm.govolution.com/vrelaytest/QA/version_2_2/vrelaytest.html'

04-10-2024T23:33:19 - [MESSAGE][INFO] - Starting 'Edge Chromium' driver

04-10-2024T23:33:19 - [MESSAGE][INFO] - User set preference: ['acceptInsecureCerts', 'true']

04-10-2024T23:33:21 - [MESSAGE][INFO] - Action delay is set to 0 milliseconds

04-10-2024T23:33:25 - [MESSAGE][PASSED] - Browser is opened with url: 'https://dev-algorithm.govolution.com/vrelaytest/QA/version_2_2/vrelaytest.html'

04-10-2024T23:33:25 - [TEST_STEP][PASSED] - maximizeWindow(): Current window maximized

04-10-2024T23:33:25 - [MESSAGE][PASSED] - Current window maximized

04-10-2024T23:33:25 - [TEST_STEP][PASSED] - iwpPages.TestHarnessPage.setDataMethod(row, dataFile): iwpPages.TestHarnessPage.setDataMethod is PASSED

04-10-2024T23:33:25 - [MESSAGE][PASSED] - Object 'Object Repository/IWP30/Page_QATestHarness/RemittanceID' is present

04-10-2024T23:33:26 - [MESSAGE][PASSED] - Text '640' is set on object 'Object Repository/IWP30/Page_QATestHarness/ApplicationID'

04-10-2024T23:33:26 - [MESSAGE][PASSED] - Text '2.5' is set on object 'Object Repository/IWP30/Page_QATestHarness/MessageVersion'

04-10-2024T23:33:27 - [MESSAGE][PASSED] - Text '1wNAgK1FzGCm' is set on object 'Object Repository/IWP30/Page_QATestHarness/RemittanceID'

04-10-2024T23:33:30 - [MESSAGE][PASSED] - Object: 'Object Repository/IWP30/Page_QATestHarness/SubmitButton' is clicked on

04-10-2024T23:33:30 - [MESSAGE][PASSED] - iwpPages.TestHarnessPage.setDataMethod is PASSED

04-10-2024T23:33:30 - [TEST_STEP][PASSED] - click(findTestObject("Object Repository/IWP30/Page_SelectPaymentMethod/PayByPersonalCheck")): Object: 'Object Repository/IWP30/Page_SelectPaymentMethod/PayByPersonalCheck' is clicked on

04-10-2024T23:33:31 - [MESSAGE][PASSED] - Object: 'Object Repository/IWP30/Page_SelectPaymentMethod/PayByPersonalCheck' is clicked on

04-10-2024T23:33:31 - [TEST_STEP][PASSED] - click(findTestObject("Object Repository/IWP30/Page_SelectPaymentMethod/MakePaymentButton")): Object: 'Object Repository/IWP30/Page_SelectPaymentMethod/MakePaymentButton' is clicked on

04-10-2024T23:33:32 - [MESSAGE][PASSED] - Object: 'Object Repository/IWP30/Page_SelectPaymentMethod/MakePaymentButton' is clicked on

04-10-2024T23:33:32 - [TEST_STEP][PASSED] - iwpPages.achPersonalPaymentEntryPage.setDataACHPPM(row, dataFile): iwpPages.achPersonalPaymentEntryPage.setDataACHPPM is PASSED

04-10-2024T23:33:33 - [MESSAGE][PASSED] - Object 'Object Repository/IWP30/Page_ACHPersonalPaymentEntry/txt_accountNumber' is present

04-10-2024T23:33:34 - [MESSAGE][PASSED] - Text '10.50' is set on object 'Object Repository/IWP30/Page_ACHPersonalPaymentEntry/txt_Amount'

04-10-2024T23:33:34 - [MESSAGE][PASSED] - Object 'Object Repository/IWP30/Page_ACHPersonalPaymentEntry/txt_UDF2' is present

04-10-2024T23:33:35 - [MESSAGE][PASSED] - Text 'udf data 2' is set on object 'Object Repository/IWP30/Page_ACHPersonalPaymentEntry/txt_UDF2'

04-10-2024T23:33:35 - [MESSAGE][PASSED] - Text 'udf data 3' is set on object 'Object Repository/IWP30/Page_ACHPersonalPaymentEntry/txt_UDF3'

04-10-2024T23:33:36 - [MESSAGE][PASSED] - All options with label 'Orange' are selected in object 'Object Repository/IWP30/Page_ACHPersonalPaymentEntry/dd_UDF7' 

04-10-2024T23:33:37 - [MESSAGE][PASSED] - All options with label 'Soccer' are selected in object 'Object Repository/IWP30/Page_ACHPersonalPaymentEntry/dd_UDF8' 

04-10-2024T23:33:37 - [MESSAGE][PASSED] - Object 'Object Repository/IWP30/Page_ACHPersonalPaymentEntry/txt_Firstname' is present

04-10-2024T23:33:37 - [MESSAGE][PASSED] - Text 'Elizath' is set on object 'Object Repository/IWP30/Page_ACHPersonalPaymentEntry/txt_Firstname'

04-10-2024T23:33:38 - [MESSAGE][PASSED] - Object 'Object Repository/IWP30/Page_ACHPersonalPaymentEntry/txt_Lastname' is present

04-10-2024T23:33:38 - [MESSAGE][PASSED] - Text 'Christine' is set on object 'Object Repository/IWP30/Page_ACHPersonalPaymentEntry/txt_Lastname'

04-10-2024T23:33:38 - [MESSAGE][PASSED] - Object 'Object Repository/IWP30/Page_ACHPersonalPaymentEntry/txt_routingNumber' is present

04-10-2024T23:33:39 - [MESSAGE][PASSED] - Text '256072691' is set on object 'Object Repository/IWP30/Page_ACHPersonalPaymentEntry/txt_routingNumber'

04-10-2024T23:33:39 - [MESSAGE][PASSED] - Object 'Object Repository/IWP30/Page_ACHPersonalPaymentEntry/txt_accountNumber' is present

04-10-2024T23:33:41 - [MESSAGE][PASSED] - Text '12344444' is set on object 'Object Repository/IWP30/Page_ACHPersonalPaymentEntry/txt_accountNumber'

04-10-2024T23:33:41 - [MESSAGE][PASSED] - Object 'Object Repository/IWP30/Page_ACHPersonalPaymentEntry/txt_confirmAccountNumber' is present

04-10-2024T23:33:42 - [MESSAGE][PASSED] - Text '12344444' is set on object 'Object Repository/IWP30/Page_ACHPersonalPaymentEntry/txt_confirmAccountNumber'

04-10-2024T23:33:42 - [MESSAGE][PASSED] - Object 'Object Repository/IWP30/Page_ACHPersonalPaymentEntry/rd_accountType' is present

04-10-2024T23:33:42 - [MESSAGE][PASSED] - Modify property of object successfully

04-10-2024T23:33:42 - [MESSAGE][PASSED] - Object: 'Object Repository/IWP30/Page_ACHPersonalPaymentEntry/rd_accountType' is clicked on

04-10-2024T23:33:43 - [MESSAGE][PASSED] - Text '365 Main Avenue' is set on object 'Object Repository/IWP30/Page_ACHPersonalPaymentEntry/txt_AL1'

04-10-2024T23:33:43 - [MESSAGE][PASSED] - Text '22201' is set on object 'Object Repository/IWP30/Page_ACHPersonalPaymentEntry/txt_ZIP'

04-10-2024T23:33:44 - [MESSAGE][PASSED] - Object 'Object Repository/IWP30/Page_ACHPersonalPaymentEntry/txt_Email' is present

04-10-2024T23:33:45 - [MESSAGE][PASSED] - Text 'iahmed@govolution.com' is set on object 'Object Repository/IWP30/Page_ACHPersonalPaymentEntry/txt_Email'

04-10-2024T23:33:45 - [MESSAGE][PASSED] - Object 'Object Repository/IWP30/Page_ACHPersonalPaymentEntry/cb_TermsAndCond' is present

04-10-2024T23:33:45 - [MESSAGE][PASSED] - Object: 'Object Repository/IWP30/Page_ACHPersonalPaymentEntry/cb_TermsAndCond' is clicked on

04-10-2024T23:33:46 - [MESSAGE][PASSED] - Object 'Object Repository/IWP30/Page_ACHPersonalPaymentEntry/btn_Continue' is present

04-10-2024T23:33:47 - [MESSAGE][PASSED] - Object: 'Object Repository/IWP30/Page_ACHPersonalPaymentEntry/btn_Continue' is clicked on

04-10-2024T23:33:47 - [MESSAGE][PASSED] - iwpPages.achPersonalPaymentEntryPage.setDataACHPPM is PASSED

04-10-2024T23:33:47 - [TEST_STEP][PASSED] - click(findTestObject("Object Repository/IWP30/Page_Confirmation/ConfirmButton")): Object: 'Object Repository/IWP30/Page_Confirmation/ConfirmButton' is clicked on

04-10-2024T23:33:48 - [MESSAGE][PASSED] - Object: 'Object Repository/IWP30/Page_Confirmation/ConfirmButton' is clicked on

04-10-2024T23:33:48 - [TEST_STEP][PASSED] - Thread.sleep(5000): null

04-10-2024T23:33:53 - [TEST_STEP][PASSED] - println("I am on real estate page"): null

04-10-2024T23:33:53 - [TEST_STEP][PASSED] - if (verifyTextPresent("Make a Real Estate Payment", false)): null

04-10-2024T23:33:53 - [MESSAGE][PASSED] - Text 'Make a Real Estate Payment' is present on page 

04-10-2024T23:33:53 - [TEST_STEP][PASSED] - isRequiredTextPresent = true: null

04-10-2024T23:33:53 - [TEST_STEP][PASSED] - println(isRequiredTextPresent): null

04-10-2024T23:33:53 - [TEST_STEP][PASSED] - if (isRequiredTextPresent): null

04-10-2024T23:33:53 - [TEST_STEP][PASSED] - if (verifyTextPresent("This transaction is subject to a Convenience Fees of $2.00.", false)): null

04-10-2024T23:33:54 - [MESSAGE][PASSED] - Text 'This transaction is subject to a Convenience Fees of $2.00.' is present on page 

04-10-2024T23:33:54 - [TEST_STEP][PASSED] - isRequiredTextPresent = true: null

04-10-2024T23:33:54 - [TEST_STEP][PASSED] - println(isRequiredTextPresent): null

04-10-2024T23:33:54 - [TEST_STEP][PASSED] - if (isRequiredTextPresent): null

04-10-2024T23:33:54 - [TEST_STEP][PASSED] - if (verifyTextPresent("Payment Amount:  $10.50", false)): null

04-10-2024T23:33:54 - [MESSAGE][PASSED] - Text 'Payment Amount:  $10.50' is present on page 

04-10-2024T23:33:54 - [TEST_STEP][PASSED] - isRequiredTextPresent = true: null

04-10-2024T23:33:54 - [TEST_STEP][PASSED] - if (isRequiredTextPresent): null

04-10-2024T23:33:54 - [TEST_STEP][PASSED] - if (verifyTextPresent("Convenience Fees:  $2.00", false)): null

04-10-2024T23:33:54 - [MESSAGE][PASSED] - Text 'Convenience Fees:  $2.00' is present on page 

04-10-2024T23:33:54 - [TEST_STEP][PASSED] - isRequiredTextPresent = true: null

04-10-2024T23:33:54 - [TEST_STEP][PASSED] - if (isRequiredTextPresent): null

04-10-2024T23:33:54 - [TEST_STEP][PASSED] - if (verifyTextPresent("Total Amount:  $12.50", false)): null

04-10-2024T23:33:55 - [MESSAGE][PASSED] - Text 'Total Amount:  $12.50' is present on page 

04-10-2024T23:33:55 - [TEST_STEP][PASSED] - isRequiredTextPresent = true: null

04-10-2024T23:33:55 - [TEST_STEP][PASSED] - if (isRequiredTextPresent): null

04-10-2024T23:33:55 - [TEST_STEP][PASSED] - if (verifyTextPresent("Two transactions will appear on your bank statement, one in the amount of $10.50 and one in the amount of $2.00.", false)): null

04-10-2024T23:33:55 - [MESSAGE][PASSED] - Text 'Two transactions will appear on your bank statement, one in the amount of $10.50 and one in the amount of $2.00.' is present on page 

04-10-2024T23:33:55 - [TEST_STEP][PASSED] - isRequiredTextPresent = true: null

04-10-2024T23:33:55 - [TEST_STEP][PASSED] - Thread.sleep(10000): null

04-10-2024T23:34:05 - [TEST_STEP][PASSED] - click(findTestObject("Object Repository/IWP30/Page_ConvenienceFees/btn_convFeeNotifyAction")): Object: 'Object Repository/IWP30/Page_ConvenienceFees/btn_convFeeNotifyAction' is clicked on

04-10-2024T23:34:07 - [MESSAGE][PASSED] - Object: 'Object Repository/IWP30/Page_ConvenienceFees/btn_convFeeNotifyAction' is clicked on

04-10-2024T23:34:07 - [TEST_STEP][PASSED] - Thread.sleep(10000): null

04-10-2024T23:34:17 - [TEST_STEP][PASSED] - if (verifyTextPresent("Successful Payment Receipt", false)): null

04-10-2024T23:34:17 - [MESSAGE][PASSED] - Text 'Successful Payment Receipt' is present on page 

04-10-2024T23:34:17 - [TEST_STEP][PASSED] - println("Successful Payment Receipt text is present on the Receipt page"): null

04-10-2024T23:34:17 - [TEST_STEP][PASSED] - markPassed("Successful Payment Receipt text is present on the Receipt page"): Successful Payment Receipt text is present on the Receipt page

04-10-2024T23:34:17 - [MESSAGE][PASSED] - Successful Payment Receipt text is present on the Receipt page

04-10-2024T23:34:17 - [TEST_STEP][PASSED] - resText = "Pass": null

04-10-2024T23:34:17 - [TEST_STEP][PASSED] - pages.WriteExcel.demoKey(resText, datText, resColumn, datCloumn, fileLoc, nameSheet, row): pages.WriteExcel.demoKey is PASSED

04-10-2024T23:34:17 - [MESSAGE][PASSED] - pages.WriteExcel.demoKey is PASSED

04-10-2024T23:34:17 - [TEST_STEP][PASSED] - closeBrowser(): Browser is closed

04-10-2024T23:34:17 - [MESSAGE][PASSED] - Browser is closed

04-10-2024T23:34:17 - [TEST_STEP][PASSED] - ExecuteTC = findTestData(dataFile).getValue("Execute", row): null

04-10-2024T23:34:18 - [TEST_STEP][PASSED] - out.println("Value of Execute is : " + ExecuteTC): null

04-10-2024T23:34:18 - [TEST_STEP][PASSED] - if (ExecuteTC.equalsIgnoreCase("Y")): null

04-10-2024T23:34:18 - [TEST_STEP][PASSED] - out.println("Begin Record Number: " + row): null

04-10-2024T23:34:18 - [TEST_STEP][PASSED] - today = new java.util.Date(): null

04-10-2024T23:34:18 - [TEST_STEP][PASSED] - println(today): null

04-10-2024T23:34:18 - [TEST_STEP][PASSED] - datText = today: null

04-10-2024T23:34:18 - [TEST_STEP][PASSED] - EmulatorDataKey = findTestData(dataFile).getValue("EmulatorData", row): null

04-10-2024T23:34:18 - [TEST_STEP][PASSED] - out.println("Value of Emulator Key is : " + EmulatorDataKey): null

04-10-2024T23:34:18 - [TEST_STEP][PASSED] - iwpPages.emulatorIWP30.setDataEmulator_DD(EmulatorDataKey): iwpPages.emulatorIWP30.setDataEmulator_DD is PASSED

04-10-2024T23:34:18 - [MESSAGE][INFO] - Starting 'Edge Chromium' driver

04-10-2024T23:34:18 - [MESSAGE][INFO] - User set preference: ['acceptInsecureCerts', 'true']

04-10-2024T23:34:20 - [MESSAGE][INFO] - Action delay is set to 0 milliseconds

04-10-2024T23:34:23 - [MESSAGE][PASSED] - Browser is opened with url: 'https://qa.velocitypayment.com/agency/config.do?action=editor&message_version=2_5'

04-10-2024T23:34:23 - [MESSAGE][PASSED] - Current window maximized

04-10-2024T23:34:24 - [MESSAGE][PASSED] - All options with value '2.5' are selected in object 'Object Repository/IWP30/Page_VRelay30Emulator/MV'  using regular expression

04-10-2024T23:34:25 - [MESSAGE][PASSED] - Text '10.50' is set on object 'Object Repository/IWP30/Page_VRelay30Emulator/Amount'

04-10-2024T23:34:25 - [MESSAGE][PASSED] - Text 'MES6NRrxp3O4' is set on object 'Object Repository/IWP30/Page_VRelay30Emulator/CAN'

04-10-2024T23:34:26 - [MESSAGE][PASSED] - Text 'PayNow' is set on object 'Object Repository/IWP30/Page_VRelay30Emulator/Action'

04-10-2024T23:34:27 - [MESSAGE][PASSED] - Text 'en_US' is set on object 'Object Repository/IWP30/Page_VRelay30Emulator/Lang'

04-10-2024T23:34:27 - [MESSAGE][PASSED] - Text 'Jasmine' is set on object 'Object Repository/IWP30/Page_VRelay30Emulator/Fname'

04-10-2024T23:34:28 - [MESSAGE][PASSED] - Text 'Patrinol' is set on object 'Object Repository/IWP30/Page_VRelay30Emulator/Lname'

04-10-2024T23:34:28 - [MESSAGE][PASSED] - Text '258 Underwood rd' is set on object 'Object Repository/IWP30/Page_VRelay30Emulator/AL1'

04-10-2024T23:34:29 - [MESSAGE][PASSED] - Text 'Suite 600' is set on object 'Object Repository/IWP30/Page_VRelay30Emulator/AL2'

04-10-2024T23:34:30 - [MESSAGE][PASSED] - Text '840' is set on object 'Object Repository/IWP30/Page_VRelay30Emulator/Country'

04-10-2024T23:34:30 - [MESSAGE][PASSED] - Text 'Arlington' is set on object 'Object Repository/IWP30/Page_VRelay30Emulator/City'

04-10-2024T23:34:31 - [MESSAGE][PASSED] - Text 'VA' is set on object 'Object Repository/IWP30/Page_VRelay30Emulator/State'

04-10-2024T23:34:31 - [MESSAGE][PASSED] - Text '22201' is set on object 'Object Repository/IWP30/Page_VRelay30Emulator/ZIP'

04-10-2024T23:34:32 - [MESSAGE][PASSED] - Text '' is set on object 'Object Repository/IWP30/Page_VRelay30Emulator/Order'

04-10-2024T23:34:33 - [MESSAGE][PASSED] - Text 'Some Company' is set on object 'Object Repository/IWP30/Page_VRelay30Emulator/Company'

04-10-2024T23:34:33 - [MESSAGE][PASSED] - Text 'iahmed@govolution.com' is set on object 'Object Repository/IWP30/Page_VRelay30Emulator/Email'

04-10-2024T23:34:34 - [MESSAGE][PASSED] - Text 'udf data 1' is set on object 'Object Repository/IWP30/Page_VRelay30Emulator/UDF1'

04-10-2024T23:34:34 - [MESSAGE][PASSED] - Text 'udf data 2' is set on object 'Object Repository/IWP30/Page_VRelay30Emulator/UDF2'

04-10-2024T23:34:35 - [MESSAGE][PASSED] - Text 'udf data 3' is set on object 'Object Repository/IWP30/Page_VRelay30Emulator/UDF3'

04-10-2024T23:34:36 - [MESSAGE][PASSED] - Text 'udf data 4' is set on object 'Object Repository/IWP30/Page_VRelay30Emulator/UDF4'

04-10-2024T23:34:36 - [MESSAGE][PASSED] - Text 'udf data 5' is set on object 'Object Repository/IWP30/Page_VRelay30Emulator/UDF5'

04-10-2024T23:34:37 - [MESSAGE][PASSED] - Text 'udf data 6' is set on object 'Object Repository/IWP30/Page_VRelay30Emulator/UDF6'

04-10-2024T23:34:37 - [MESSAGE][PASSED] - Text 'Orange' is set on object 'Object Repository/IWP30/Page_VRelay30Emulator/UDF7'

04-10-2024T23:34:38 - [MESSAGE][PASSED] - Text 'Soccer' is set on object 'Object Repository/IWP30/Page_VRelay30Emulator/UDF8'

04-10-2024T23:34:39 - [MESSAGE][PASSED] - Text 'udf data 9' is set on object 'Object Repository/IWP30/Page_VRelay30Emulator/UDF9'

04-10-2024T23:34:39 - [MESSAGE][PASSED] - Text 'udf data 10' is set on object 'Object Repository/IWP30/Page_VRelay30Emulator/UDF10'

04-10-2024T23:34:40 - [MESSAGE][PASSED] - Object: 'Object Repository/IWP30/Page_VRelay30Emulator/Submit' is clicked on

04-10-2024T23:34:45 - [MESSAGE][PASSED] - Browser is closed

04-10-2024T23:34:49 - [MESSAGE][PASSED] - iwpPages.emulatorIWP30.setDataEmulator_DD is PASSED

04-10-2024T23:34:49 - [TEST_STEP][PASSED] - testHarnessURL = urlTestHarness: null

04-10-2024T23:34:49 - [TEST_STEP][PASSED] - openBrowser(testHarnessURL): Browser is opened with url: 'https://dev-algorithm.govolution.com/vrelaytest/QA/version_2_2/vrelaytest.html'

04-10-2024T23:34:49 - [MESSAGE][INFO] - Starting 'Edge Chromium' driver

04-10-2024T23:34:49 - [MESSAGE][INFO] - User set preference: ['acceptInsecureCerts', 'true']

04-10-2024T23:34:51 - [MESSAGE][INFO] - Action delay is set to 0 milliseconds

04-10-2024T23:34:54 - [MESSAGE][PASSED] - Browser is opened with url: 'https://dev-algorithm.govolution.com/vrelaytest/QA/version_2_2/vrelaytest.html'

04-10-2024T23:34:54 - [TEST_STEP][PASSED] - maximizeWindow(): Current window maximized

04-10-2024T23:34:54 - [MESSAGE][PASSED] - Current window maximized

04-10-2024T23:34:54 - [TEST_STEP][PASSED] - iwpPages.TestHarnessPage.setDataMethod(row, dataFile): iwpPages.TestHarnessPage.setDataMethod is PASSED

04-10-2024T23:34:55 - [MESSAGE][PASSED] - Object 'Object Repository/IWP30/Page_QATestHarness/RemittanceID' is present

04-10-2024T23:34:55 - [MESSAGE][PASSED] - Text '640' is set on object 'Object Repository/IWP30/Page_QATestHarness/ApplicationID'

04-10-2024T23:34:56 - [MESSAGE][PASSED] - Text '2.5' is set on object 'Object Repository/IWP30/Page_QATestHarness/MessageVersion'

04-10-2024T23:34:57 - [MESSAGE][PASSED] - Text '7gvtVW7D0Dhc' is set on object 'Object Repository/IWP30/Page_QATestHarness/RemittanceID'

04-10-2024T23:35:01 - [MESSAGE][PASSED] - Object: 'Object Repository/IWP30/Page_QATestHarness/SubmitButton' is clicked on

04-10-2024T23:35:01 - [MESSAGE][PASSED] - iwpPages.TestHarnessPage.setDataMethod is PASSED

04-10-2024T23:35:01 - [TEST_STEP][PASSED] - click(findTestObject("Object Repository/IWP30/Page_SelectPaymentMethod/PayByPersonalCheck")): Object: 'Object Repository/IWP30/Page_SelectPaymentMethod/PayByPersonalCheck' is clicked on

04-10-2024T23:35:02 - [MESSAGE][PASSED] - Object: 'Object Repository/IWP30/Page_SelectPaymentMethod/PayByPersonalCheck' is clicked on

04-10-2024T23:35:02 - [TEST_STEP][PASSED] - click(findTestObject("Object Repository/IWP30/Page_SelectPaymentMethod/MakePaymentButton")): Object: 'Object Repository/IWP30/Page_SelectPaymentMethod/MakePaymentButton' is clicked on

04-10-2024T23:35:04 - [MESSAGE][PASSED] - Object: 'Object Repository/IWP30/Page_SelectPaymentMethod/MakePaymentButton' is clicked on

04-10-2024T23:35:04 - [TEST_STEP][PASSED] - iwpPages.achPersonalPaymentEntryPage.setDataACHPPM(row, dataFile): iwpPages.achPersonalPaymentEntryPage.setDataACHPPM is PASSED

04-10-2024T23:35:05 - [MESSAGE][PASSED] - Object 'Object Repository/IWP30/Page_ACHPersonalPaymentEntry/txt_accountNumber' is present

04-10-2024T23:35:05 - [MESSAGE][PASSED] - Object 'Object Repository/IWP30/Page_ACHPersonalPaymentEntry/txt_UDF2' is present

04-10-2024T23:35:05 - [MESSAGE][PASSED] - All options with label 'Soccer' are selected in object 'Object Repository/IWP30/Page_ACHPersonalPaymentEntry/dd_UDF8' 

04-10-2024T23:35:06 - [MESSAGE][PASSED] - Object 'Object Repository/IWP30/Page_ACHPersonalPaymentEntry/txt_Firstname' is present

04-10-2024T23:35:06 - [MESSAGE][PASSED] - Text 'Elizath' is set on object 'Object Repository/IWP30/Page_ACHPersonalPaymentEntry/txt_Firstname'

04-10-2024T23:35:06 - [MESSAGE][PASSED] - Object 'Object Repository/IWP30/Page_ACHPersonalPaymentEntry/txt_Lastname' is present

04-10-2024T23:35:07 - [MESSAGE][PASSED] - Text 'Christine' is set on object 'Object Repository/IWP30/Page_ACHPersonalPaymentEntry/txt_Lastname'

04-10-2024T23:35:07 - [MESSAGE][PASSED] - Object 'Object Repository/IWP30/Page_ACHPersonalPaymentEntry/txt_routingNumber' is present

04-10-2024T23:35:08 - [MESSAGE][PASSED] - Text '256072691' is set on object 'Object Repository/IWP30/Page_ACHPersonalPaymentEntry/txt_routingNumber'

04-10-2024T23:35:08 - [MESSAGE][PASSED] - Object 'Object Repository/IWP30/Page_ACHPersonalPaymentEntry/txt_accountNumber' is present

04-10-2024T23:35:10 - [MESSAGE][PASSED] - Text '12344444' is set on object 'Object Repository/IWP30/Page_ACHPersonalPaymentEntry/txt_accountNumber'

04-10-2024T23:35:10 - [MESSAGE][PASSED] - Object 'Object Repository/IWP30/Page_ACHPersonalPaymentEntry/txt_confirmAccountNumber' is present

04-10-2024T23:35:11 - [MESSAGE][PASSED] - Text '12344444' is set on object 'Object Repository/IWP30/Page_ACHPersonalPaymentEntry/txt_confirmAccountNumber'

04-10-2024T23:35:11 - [MESSAGE][PASSED] - Object 'Object Repository/IWP30/Page_ACHPersonalPaymentEntry/rd_accountType' is present

04-10-2024T23:35:11 - [MESSAGE][PASSED] - Modify property of object successfully

04-10-2024T23:35:11 - [MESSAGE][PASSED] - Object: 'Object Repository/IWP30/Page_ACHPersonalPaymentEntry/rd_accountType' is clicked on

04-10-2024T23:35:11 - [MESSAGE][PASSED] - Object 'Object Repository/IWP30/Page_ACHPersonalPaymentEntry/txt_Email' is present

04-10-2024T23:35:12 - [MESSAGE][PASSED] - Object 'Object Repository/IWP30/Page_ACHPersonalPaymentEntry/cb_TermsAndCond' is present

04-10-2024T23:35:12 - [MESSAGE][PASSED] - Object: 'Object Repository/IWP30/Page_ACHPersonalPaymentEntry/cb_TermsAndCond' is clicked on

04-10-2024T23:35:12 - [MESSAGE][PASSED] - Object 'Object Repository/IWP30/Page_ACHPersonalPaymentEntry/btn_Continue' is present

04-10-2024T23:35:13 - [MESSAGE][PASSED] - Object: 'Object Repository/IWP30/Page_ACHPersonalPaymentEntry/btn_Continue' is clicked on

04-10-2024T23:35:13 - [MESSAGE][PASSED] - iwpPages.achPersonalPaymentEntryPage.setDataACHPPM is PASSED

04-10-2024T23:35:13 - [TEST_STEP][PASSED] - click(findTestObject("Object Repository/IWP30/Page_Confirmation/ConfirmButton")): Object: 'Object Repository/IWP30/Page_Confirmation/ConfirmButton' is clicked on

04-10-2024T23:35:15 - [MESSAGE][PASSED] - Object: 'Object Repository/IWP30/Page_Confirmation/ConfirmButton' is clicked on

04-10-2024T23:35:15 - [TEST_STEP][PASSED] - Thread.sleep(5000): null

04-10-2024T23:35:20 - [TEST_STEP][PASSED] - println("I am on real estate page"): null

04-10-2024T23:35:20 - [TEST_STEP][PASSED] - if (verifyTextPresent("Make a Real Estate Payment", false)): null

04-10-2024T23:35:20 - [MESSAGE][PASSED] - Text 'Make a Real Estate Payment' is present on page 

04-10-2024T23:35:20 - [TEST_STEP][PASSED] - isRequiredTextPresent = true: null

04-10-2024T23:35:20 - [TEST_STEP][PASSED] - println(isRequiredTextPresent): null

04-10-2024T23:35:20 - [TEST_STEP][PASSED] - if (isRequiredTextPresent): null

04-10-2024T23:35:20 - [TEST_STEP][PASSED] - if (verifyTextPresent("This transaction is subject to a Convenience Fees of $2.00.", false)): null

04-10-2024T23:35:20 - [MESSAGE][PASSED] - Text 'This transaction is subject to a Convenience Fees of $2.00.' is present on page 

04-10-2024T23:35:20 - [TEST_STEP][PASSED] - isRequiredTextPresent = true: null

04-10-2024T23:35:20 - [TEST_STEP][PASSED] - println(isRequiredTextPresent): null

04-10-2024T23:35:20 - [TEST_STEP][PASSED] - if (isRequiredTextPresent): null

04-10-2024T23:35:20 - [TEST_STEP][PASSED] - if (verifyTextPresent("Payment Amount:  $10.50", false)): null

04-10-2024T23:35:21 - [MESSAGE][PASSED] - Text 'Payment Amount:  $10.50' is present on page 

04-10-2024T23:35:21 - [TEST_STEP][PASSED] - isRequiredTextPresent = true: null

04-10-2024T23:35:21 - [TEST_STEP][PASSED] - if (isRequiredTextPresent): null

04-10-2024T23:35:21 - [TEST_STEP][PASSED] - if (verifyTextPresent("Convenience Fees:  $2.00", false)): null

04-10-2024T23:35:21 - [MESSAGE][PASSED] - Text 'Convenience Fees:  $2.00' is present on page 

04-10-2024T23:35:21 - [TEST_STEP][PASSED] - isRequiredTextPresent = true: null

04-10-2024T23:35:21 - [TEST_STEP][PASSED] - if (isRequiredTextPresent): null

04-10-2024T23:35:21 - [TEST_STEP][PASSED] - if (verifyTextPresent("Total Amount:  $12.50", false)): null

04-10-2024T23:35:21 - [MESSAGE][PASSED] - Text 'Total Amount:  $12.50' is present on page 

04-10-2024T23:35:21 - [TEST_STEP][PASSED] - isRequiredTextPresent = true: null

04-10-2024T23:35:21 - [TEST_STEP][PASSED] - if (isRequiredTextPresent): null

04-10-2024T23:35:21 - [TEST_STEP][PASSED] - if (verifyTextPresent("Two transactions will appear on your bank statement, one in the amount of $10.50 and one in the amount of $2.00.", false)): null

04-10-2024T23:35:22 - [MESSAGE][PASSED] - Text 'Two transactions will appear on your bank statement, one in the amount of $10.50 and one in the amount of $2.00.' is present on page 

04-10-2024T23:35:22 - [TEST_STEP][PASSED] - isRequiredTextPresent = true: null

04-10-2024T23:35:22 - [TEST_STEP][PASSED] - Thread.sleep(10000): null

04-10-2024T23:35:32 - [TEST_STEP][PASSED] - click(findTestObject("Object Repository/IWP30/Page_ConvenienceFees/btn_convFeeNotifyAction")): Object: 'Object Repository/IWP30/Page_ConvenienceFees/btn_convFeeNotifyAction' is clicked on

04-10-2024T23:35:33 - [MESSAGE][PASSED] - Object: 'Object Repository/IWP30/Page_ConvenienceFees/btn_convFeeNotifyAction' is clicked on

04-10-2024T23:35:33 - [TEST_STEP][PASSED] - Thread.sleep(10000): null

04-10-2024T23:35:43 - [TEST_STEP][PASSED] - if (verifyTextPresent("Successful Payment Receipt", false)): null

04-10-2024T23:35:43 - [MESSAGE][PASSED] - Text 'Successful Payment Receipt' is present on page 

04-10-2024T23:35:43 - [TEST_STEP][PASSED] - println("Successful Payment Receipt text is present on the Receipt page"): null

04-10-2024T23:35:43 - [TEST_STEP][PASSED] - markPassed("Successful Payment Receipt text is present on the Receipt page"): Successful Payment Receipt text is present on the Receipt page

04-10-2024T23:35:43 - [MESSAGE][PASSED] - Successful Payment Receipt text is present on the Receipt page

04-10-2024T23:35:43 - [TEST_STEP][PASSED] - resText = "Pass": null

04-10-2024T23:35:43 - [TEST_STEP][PASSED] - pages.WriteExcel.demoKey(resText, datText, resColumn, datCloumn, fileLoc, nameSheet, row): pages.WriteExcel.demoKey is PASSED

04-10-2024T23:35:44 - [MESSAGE][PASSED] - pages.WriteExcel.demoKey is PASSED

04-10-2024T23:35:44 - [TEST_STEP][PASSED] - closeBrowser(): Browser is closed

04-10-2024T23:35:44 - [MESSAGE][PASSED] - Browser is closed]]></system-out>
         <system-err><![CDATA[]]></system-err>
      </testcase>
      <testcase name="Test Cases/IntegratedWeb/IWP25/Payments/PayNowPersonalSavingsSCF" time="176.013" classname="Test Cases/IntegratedWeb/IWP25/Payments/PayNowPersonalSavingsSCF" status="PASSED">
         <system-out><![CDATA[04-10-2024T23:35:44 - [TEST_CASE][PASSED] - Test Cases/IntegratedWeb/IWP25/Payments/PayNowPersonalSavingsSCF: Test Cases/IntegratedWeb/IWP25/Payments/PayNowPersonalSavingsSCF

04-10-2024T23:35:45 - [TEST_STEP][PASSED] - resText = "Fail": null

04-10-2024T23:35:45 - [TEST_STEP][PASSED] - resColumn = "Result": null

04-10-2024T23:35:45 - [TEST_STEP][PASSED] - datCloumn = "Date": null

04-10-2024T23:35:45 - [TEST_STEP][PASSED] - fileLoc = "KatalonData/IWPTestData/VRelay25Payments.xlsx": null

04-10-2024T23:35:45 - [TEST_STEP][PASSED] - numOfRows = <not implemented yet for class: org.codehaus.groovy.ast.expr.EmptyExpression>: null

04-10-2024T23:35:45 - [TEST_STEP][PASSED] - dataFile = <not implemented yet for class: org.codehaus.groovy.ast.expr.EmptyExpression>: null

04-10-2024T23:35:45 - [TEST_STEP][PASSED] - nameSheet = <not implemented yet for class: org.codehaus.groovy.ast.expr.EmptyExpression>: null

04-10-2024T23:35:45 - [TEST_STEP][PASSED] - dataFileEmulator = <not implemented yet for class: org.codehaus.groovy.ast.expr.EmptyExpression>: null

04-10-2024T23:35:45 - [TEST_STEP][PASSED] - isRequiredTextPresent = false: null

04-10-2024T23:35:45 - [TEST_STEP][PASSED] - nameSheet = "PayNowPersonalSavingsSCF": null

04-10-2024T23:35:45 - [TEST_STEP][PASSED] - dataFile = "IWPTestData/IWP25PayNowPersonalSavingsSCF": null

04-10-2024T23:35:45 - [TEST_STEP][PASSED] - dataFileEmulator = "IWPTestData/EmulatorData": null

04-10-2024T23:35:45 - [TEST_STEP][PASSED] - numOfRows = findTestData(dataFile).getRowNumbers(): null

04-10-2024T23:35:45 - [TEST_STEP][PASSED] - println("Number of Records: " + numOfRows): null

04-10-2024T23:35:45 - [TEST_STEP][PASSED] - for ([row = 1, row <= numOfRows, (row++)]): Browser is closed

04-10-2024T23:35:45 - [TEST_STEP][PASSED] - ExecuteTC = findTestData(dataFile).getValue("Execute", row): null

04-10-2024T23:35:45 - [TEST_STEP][PASSED] - out.println("Value of Execute is : " + ExecuteTC): null

04-10-2024T23:35:45 - [TEST_STEP][PASSED] - if (ExecuteTC.equalsIgnoreCase("Y")): null

04-10-2024T23:35:45 - [TEST_STEP][PASSED] - out.println("Begin Record Number: " + row): null

04-10-2024T23:35:45 - [TEST_STEP][PASSED] - today = new java.util.Date(): null

04-10-2024T23:35:45 - [TEST_STEP][PASSED] - println(today): null

04-10-2024T23:35:45 - [TEST_STEP][PASSED] - datText = today: null

04-10-2024T23:35:45 - [TEST_STEP][PASSED] - EmulatorDataKey = findTestData(dataFile).getValue("EmulatorData", row): null

04-10-2024T23:35:45 - [TEST_STEP][PASSED] - out.println("Value of Emulator Key is : " + EmulatorDataKey): null

04-10-2024T23:35:45 - [TEST_STEP][PASSED] - iwpPages.emulatorIWP30.setDataEmulator_DD(EmulatorDataKey): iwpPages.emulatorIWP30.setDataEmulator_DD is PASSED

04-10-2024T23:35:45 - [MESSAGE][INFO] - Starting 'Edge Chromium' driver

04-10-2024T23:35:45 - [MESSAGE][INFO] - User set preference: ['acceptInsecureCerts', 'true']

04-10-2024T23:35:47 - [MESSAGE][INFO] - Action delay is set to 0 milliseconds

04-10-2024T23:35:50 - [MESSAGE][PASSED] - Browser is opened with url: 'https://qa.velocitypayment.com/agency/config.do?action=editor&message_version=2_5'

04-10-2024T23:35:50 - [MESSAGE][PASSED] - Current window maximized

04-10-2024T23:35:51 - [MESSAGE][PASSED] - All options with value '2.5' are selected in object 'Object Repository/IWP30/Page_VRelay30Emulator/MV'  using regular expression

04-10-2024T23:35:52 - [MESSAGE][PASSED] - Text '10.50' is set on object 'Object Repository/IWP30/Page_VRelay30Emulator/Amount'

04-10-2024T23:35:52 - [MESSAGE][PASSED] - Text 'UUcSPIfiEkEq' is set on object 'Object Repository/IWP30/Page_VRelay30Emulator/CAN'

04-10-2024T23:35:53 - [MESSAGE][PASSED] - Text 'PayNow' is set on object 'Object Repository/IWP30/Page_VRelay30Emulator/Action'

04-10-2024T23:35:54 - [MESSAGE][PASSED] - Text 'en_US' is set on object 'Object Repository/IWP30/Page_VRelay30Emulator/Lang'

04-10-2024T23:35:54 - [MESSAGE][PASSED] - Text '' is set on object 'Object Repository/IWP30/Page_VRelay30Emulator/Fname'

04-10-2024T23:35:55 - [MESSAGE][PASSED] - Text '' is set on object 'Object Repository/IWP30/Page_VRelay30Emulator/Lname'

04-10-2024T23:35:55 - [MESSAGE][PASSED] - Text '' is set on object 'Object Repository/IWP30/Page_VRelay30Emulator/AL1'

04-10-2024T23:35:56 - [MESSAGE][PASSED] - Text '' is set on object 'Object Repository/IWP30/Page_VRelay30Emulator/AL2'

04-10-2024T23:35:56 - [MESSAGE][PASSED] - Text '' is set on object 'Object Repository/IWP30/Page_VRelay30Emulator/Country'

04-10-2024T23:35:57 - [MESSAGE][PASSED] - Text '' is set on object 'Object Repository/IWP30/Page_VRelay30Emulator/City'

04-10-2024T23:35:58 - [MESSAGE][PASSED] - Text '' is set on object 'Object Repository/IWP30/Page_VRelay30Emulator/State'

04-10-2024T23:35:58 - [MESSAGE][PASSED] - Text '' is set on object 'Object Repository/IWP30/Page_VRelay30Emulator/ZIP'

04-10-2024T23:35:59 - [MESSAGE][PASSED] - Text '' is set on object 'Object Repository/IWP30/Page_VRelay30Emulator/Order'

04-10-2024T23:35:59 - [MESSAGE][PASSED] - Text '' is set on object 'Object Repository/IWP30/Page_VRelay30Emulator/Company'

04-10-2024T23:36:00 - [MESSAGE][PASSED] - Text '' is set on object 'Object Repository/IWP30/Page_VRelay30Emulator/Email'

04-10-2024T23:36:01 - [MESSAGE][PASSED] - Text '' is set on object 'Object Repository/IWP30/Page_VRelay30Emulator/UDF1'

04-10-2024T23:36:01 - [MESSAGE][PASSED] - Text '' is set on object 'Object Repository/IWP30/Page_VRelay30Emulator/UDF2'

04-10-2024T23:36:02 - [MESSAGE][PASSED] - Text '' is set on object 'Object Repository/IWP30/Page_VRelay30Emulator/UDF3'

04-10-2024T23:36:02 - [MESSAGE][PASSED] - Text 'udf data 4' is set on object 'Object Repository/IWP30/Page_VRelay30Emulator/UDF4'

04-10-2024T23:36:03 - [MESSAGE][PASSED] - Text 'udf data 5' is set on object 'Object Repository/IWP30/Page_VRelay30Emulator/UDF5'

04-10-2024T23:36:04 - [MESSAGE][PASSED] - Text '' is set on object 'Object Repository/IWP30/Page_VRelay30Emulator/UDF6'

04-10-2024T23:36:04 - [MESSAGE][PASSED] - Text '' is set on object 'Object Repository/IWP30/Page_VRelay30Emulator/UDF7'

04-10-2024T23:36:05 - [MESSAGE][PASSED] - Text '' is set on object 'Object Repository/IWP30/Page_VRelay30Emulator/UDF8'

04-10-2024T23:36:05 - [MESSAGE][PASSED] - Text 'udf data 9' is set on object 'Object Repository/IWP30/Page_VRelay30Emulator/UDF9'

04-10-2024T23:36:06 - [MESSAGE][PASSED] - Text 'udf data 10' is set on object 'Object Repository/IWP30/Page_VRelay30Emulator/UDF10'

04-10-2024T23:36:07 - [MESSAGE][PASSED] - Object: 'Object Repository/IWP30/Page_VRelay30Emulator/Submit' is clicked on

04-10-2024T23:36:11 - [MESSAGE][PASSED] - Browser is closed

04-10-2024T23:36:15 - [MESSAGE][PASSED] - iwpPages.emulatorIWP30.setDataEmulator_DD is PASSED

04-10-2024T23:36:15 - [TEST_STEP][PASSED] - testHarnessURL = urlTestHarness: null

04-10-2024T23:36:15 - [TEST_STEP][PASSED] - openBrowser(testHarnessURL): Browser is opened with url: 'https://dev-algorithm.govolution.com/vrelaytest/QA/version_2_2/vrelaytest.html'

04-10-2024T23:36:15 - [MESSAGE][INFO] - Starting 'Edge Chromium' driver

04-10-2024T23:36:15 - [MESSAGE][INFO] - User set preference: ['acceptInsecureCerts', 'true']

04-10-2024T23:36:18 - [MESSAGE][INFO] - Action delay is set to 0 milliseconds

04-10-2024T23:36:21 - [MESSAGE][PASSED] - Browser is opened with url: 'https://dev-algorithm.govolution.com/vrelaytest/QA/version_2_2/vrelaytest.html'

04-10-2024T23:36:21 - [TEST_STEP][PASSED] - maximizeWindow(): Current window maximized

04-10-2024T23:36:21 - [MESSAGE][PASSED] - Current window maximized

04-10-2024T23:36:21 - [TEST_STEP][PASSED] - iwpPages.TestHarnessPage.setDataMethod(row, dataFile): iwpPages.TestHarnessPage.setDataMethod is PASSED

04-10-2024T23:36:22 - [MESSAGE][PASSED] - Object 'Object Repository/IWP30/Page_QATestHarness/RemittanceID' is present

04-10-2024T23:36:22 - [MESSAGE][PASSED] - Text '639' is set on object 'Object Repository/IWP30/Page_QATestHarness/ApplicationID'

04-10-2024T23:36:23 - [MESSAGE][PASSED] - Text '2.5' is set on object 'Object Repository/IWP30/Page_QATestHarness/MessageVersion'

04-10-2024T23:36:24 - [MESSAGE][PASSED] - Text 'IVIKMl1YnaFn' is set on object 'Object Repository/IWP30/Page_QATestHarness/RemittanceID'

04-10-2024T23:36:28 - [MESSAGE][PASSED] - Object: 'Object Repository/IWP30/Page_QATestHarness/SubmitButton' is clicked on

04-10-2024T23:36:28 - [MESSAGE][PASSED] - iwpPages.TestHarnessPage.setDataMethod is PASSED

04-10-2024T23:36:28 - [TEST_STEP][PASSED] - click(findTestObject("Object Repository/IWP30/Page_SelectPaymentMethod/PayByPersonalCheck")): Object: 'Object Repository/IWP30/Page_SelectPaymentMethod/PayByPersonalCheck' is clicked on

04-10-2024T23:36:29 - [MESSAGE][PASSED] - Object: 'Object Repository/IWP30/Page_SelectPaymentMethod/PayByPersonalCheck' is clicked on

04-10-2024T23:36:29 - [TEST_STEP][PASSED] - click(findTestObject("Object Repository/IWP30/Page_SelectPaymentMethod/MakePaymentButton")): Object: 'Object Repository/IWP30/Page_SelectPaymentMethod/MakePaymentButton' is clicked on

04-10-2024T23:36:30 - [MESSAGE][PASSED] - Object: 'Object Repository/IWP30/Page_SelectPaymentMethod/MakePaymentButton' is clicked on

04-10-2024T23:36:30 - [TEST_STEP][PASSED] - iwpPages.achPersonalPaymentEntryPage.setDataACHPPM(row, dataFile): iwpPages.achPersonalPaymentEntryPage.setDataACHPPM is PASSED

04-10-2024T23:36:31 - [MESSAGE][PASSED] - Object 'Object Repository/IWP30/Page_ACHPersonalPaymentEntry/txt_accountNumber' is present

04-10-2024T23:36:32 - [MESSAGE][PASSED] - Text '10.50' is set on object 'Object Repository/IWP30/Page_ACHPersonalPaymentEntry/txt_Amount'

04-10-2024T23:36:32 - [MESSAGE][PASSED] - Object 'Object Repository/IWP30/Page_ACHPersonalPaymentEntry/txt_UDF2' is present

04-10-2024T23:36:33 - [MESSAGE][PASSED] - Text 'udf data 2' is set on object 'Object Repository/IWP30/Page_ACHPersonalPaymentEntry/txt_UDF2'

04-10-2024T23:36:34 - [MESSAGE][PASSED] - Text 'udf data 3' is set on object 'Object Repository/IWP30/Page_ACHPersonalPaymentEntry/txt_UDF3'

04-10-2024T23:36:34 - [MESSAGE][PASSED] - All options with label 'Orange' are selected in object 'Object Repository/IWP30/Page_ACHPersonalPaymentEntry/dd_UDF7' 

04-10-2024T23:36:35 - [MESSAGE][PASSED] - All options with label 'Soccer' are selected in object 'Object Repository/IWP30/Page_ACHPersonalPaymentEntry/dd_UDF8' 

04-10-2024T23:36:35 - [MESSAGE][PASSED] - Object 'Object Repository/IWP30/Page_ACHPersonalPaymentEntry/txt_Firstname' is present

04-10-2024T23:36:36 - [MESSAGE][PASSED] - Text 'Elizath' is set on object 'Object Repository/IWP30/Page_ACHPersonalPaymentEntry/txt_Firstname'

04-10-2024T23:36:36 - [MESSAGE][PASSED] - Object 'Object Repository/IWP30/Page_ACHPersonalPaymentEntry/txt_Lastname' is present

04-10-2024T23:36:36 - [MESSAGE][PASSED] - Text 'Christine' is set on object 'Object Repository/IWP30/Page_ACHPersonalPaymentEntry/txt_Lastname'

04-10-2024T23:36:37 - [MESSAGE][PASSED] - Object 'Object Repository/IWP30/Page_ACHPersonalPaymentEntry/txt_routingNumber' is present

04-10-2024T23:36:37 - [MESSAGE][PASSED] - Text '256072691' is set on object 'Object Repository/IWP30/Page_ACHPersonalPaymentEntry/txt_routingNumber'

04-10-2024T23:36:37 - [MESSAGE][PASSED] - Object 'Object Repository/IWP30/Page_ACHPersonalPaymentEntry/txt_accountNumber' is present

04-10-2024T23:36:39 - [MESSAGE][PASSED] - Text '12344444' is set on object 'Object Repository/IWP30/Page_ACHPersonalPaymentEntry/txt_accountNumber'

04-10-2024T23:36:39 - [MESSAGE][PASSED] - Object 'Object Repository/IWP30/Page_ACHPersonalPaymentEntry/txt_confirmAccountNumber' is present

04-10-2024T23:36:40 - [MESSAGE][PASSED] - Text '12344444' is set on object 'Object Repository/IWP30/Page_ACHPersonalPaymentEntry/txt_confirmAccountNumber'

04-10-2024T23:36:40 - [MESSAGE][PASSED] - Object 'Object Repository/IWP30/Page_ACHPersonalPaymentEntry/rd_accountType' is present

04-10-2024T23:36:40 - [MESSAGE][PASSED] - Modify property of object successfully

04-10-2024T23:36:40 - [MESSAGE][PASSED] - Object: 'Object Repository/IWP30/Page_ACHPersonalPaymentEntry/rd_accountType' is clicked on

04-10-2024T23:36:41 - [MESSAGE][PASSED] - Text '365 Main Avenue' is set on object 'Object Repository/IWP30/Page_ACHPersonalPaymentEntry/txt_AL1'

04-10-2024T23:36:42 - [MESSAGE][PASSED] - Text '22201' is set on object 'Object Repository/IWP30/Page_ACHPersonalPaymentEntry/txt_ZIP'

04-10-2024T23:36:42 - [MESSAGE][PASSED] - Object 'Object Repository/IWP30/Page_ACHPersonalPaymentEntry/txt_Email' is present

04-10-2024T23:36:43 - [MESSAGE][PASSED] - Text 'iahmed@govolution.com' is set on object 'Object Repository/IWP30/Page_ACHPersonalPaymentEntry/txt_Email'

04-10-2024T23:36:43 - [MESSAGE][PASSED] - Object 'Object Repository/IWP30/Page_ACHPersonalPaymentEntry/cb_TermsAndCond' is present

04-10-2024T23:36:44 - [MESSAGE][PASSED] - Object: 'Object Repository/IWP30/Page_ACHPersonalPaymentEntry/cb_TermsAndCond' is clicked on

04-10-2024T23:36:44 - [MESSAGE][PASSED] - Object 'Object Repository/IWP30/Page_ACHPersonalPaymentEntry/btn_Continue' is present

04-10-2024T23:36:45 - [MESSAGE][PASSED] - Object: 'Object Repository/IWP30/Page_ACHPersonalPaymentEntry/btn_Continue' is clicked on

04-10-2024T23:36:45 - [MESSAGE][PASSED] - iwpPages.achPersonalPaymentEntryPage.setDataACHPPM is PASSED

04-10-2024T23:36:45 - [TEST_STEP][PASSED] - click(findTestObject("Object Repository/IWP30/Page_Confirmation/ConfirmButton")): Object: 'Object Repository/IWP30/Page_Confirmation/ConfirmButton' is clicked on

04-10-2024T23:36:46 - [MESSAGE][PASSED] - Object: 'Object Repository/IWP30/Page_Confirmation/ConfirmButton' is clicked on

04-10-2024T23:36:46 - [TEST_STEP][PASSED] - Thread.sleep(5000): null

04-10-2024T23:36:51 - [TEST_STEP][PASSED] - if (verifyTextPresent("Make a Real Estate Payment", false)): null

04-10-2024T23:36:52 - [MESSAGE][PASSED] - Text 'Make a Real Estate Payment' is present on page 

04-10-2024T23:36:52 - [TEST_STEP][PASSED] - isRequiredTextPresent = true: null

04-10-2024T23:36:52 - [TEST_STEP][PASSED] - println(isRequiredTextPresent): null

04-10-2024T23:36:52 - [TEST_STEP][PASSED] - if (isRequiredTextPresent): null

04-10-2024T23:36:52 - [TEST_STEP][PASSED] - if (verifyTextPresent("This transaction is subject to a Convenience Fees of $2.00.", false)): null

04-10-2024T23:36:52 - [MESSAGE][PASSED] - Text 'This transaction is subject to a Convenience Fees of $2.00.' is present on page 

04-10-2024T23:36:52 - [TEST_STEP][PASSED] - isRequiredTextPresent = true: null

04-10-2024T23:36:52 - [TEST_STEP][PASSED] - println(isRequiredTextPresent): null

04-10-2024T23:36:52 - [TEST_STEP][PASSED] - if (isRequiredTextPresent): null

04-10-2024T23:36:52 - [TEST_STEP][PASSED] - if (verifyTextPresent("Payment Amount:  $10.50", false)): null

04-10-2024T23:36:52 - [MESSAGE][PASSED] - Text 'Payment Amount:  $10.50' is present on page 

04-10-2024T23:36:52 - [TEST_STEP][PASSED] - isRequiredTextPresent = true: null

04-10-2024T23:36:52 - [TEST_STEP][PASSED] - if (isRequiredTextPresent): null

04-10-2024T23:36:52 - [TEST_STEP][PASSED] - if (verifyTextPresent("Convenience Fees:  $2.00", false)): null

04-10-2024T23:36:52 - [MESSAGE][PASSED] - Text 'Convenience Fees:  $2.00' is present on page 

04-10-2024T23:36:52 - [TEST_STEP][PASSED] - isRequiredTextPresent = true: null

04-10-2024T23:36:52 - [TEST_STEP][PASSED] - if (isRequiredTextPresent): null

04-10-2024T23:36:52 - [TEST_STEP][PASSED] - if (verifyTextPresent("Total Amount:  $12.50", false)): null

04-10-2024T23:36:53 - [MESSAGE][PASSED] - Text 'Total Amount:  $12.50' is present on page 

04-10-2024T23:36:53 - [TEST_STEP][PASSED] - isRequiredTextPresent = true: null

04-10-2024T23:36:53 - [TEST_STEP][PASSED] - if (isRequiredTextPresent): null

04-10-2024T23:36:53 - [TEST_STEP][PASSED] - if (verifyTextPresent("One transaction in the amount of $12.50 will appear on your bank statement.", false)): null

04-10-2024T23:36:53 - [MESSAGE][PASSED] - Text 'One transaction in the amount of $12.50 will appear on your bank statement.' is present on page 

04-10-2024T23:36:53 - [TEST_STEP][PASSED] - isRequiredTextPresent = true: null

04-10-2024T23:36:53 - [TEST_STEP][PASSED] - Thread.sleep(10000): null

04-10-2024T23:37:03 - [TEST_STEP][PASSED] - click(findTestObject("Object Repository/IWP30/Page_ConvenienceFees/btn_convFeeNotifyAction")): Object: 'Object Repository/IWP30/Page_ConvenienceFees/btn_convFeeNotifyAction' is clicked on

04-10-2024T23:37:05 - [MESSAGE][PASSED] - Object: 'Object Repository/IWP30/Page_ConvenienceFees/btn_convFeeNotifyAction' is clicked on

04-10-2024T23:37:05 - [TEST_STEP][PASSED] - Thread.sleep(10000): null

04-10-2024T23:37:15 - [TEST_STEP][PASSED] - if (verifyTextPresent("Successful Payment Receipt", false)): null

04-10-2024T23:37:15 - [MESSAGE][PASSED] - Text 'Successful Payment Receipt' is present on page 

04-10-2024T23:37:15 - [TEST_STEP][PASSED] - println("Successful Payment Receipt text is present on the Receipt page"): null

04-10-2024T23:37:15 - [TEST_STEP][PASSED] - markPassed("Successful Payment Receipt text is present on the Receipt page"): Successful Payment Receipt text is present on the Receipt page

04-10-2024T23:37:15 - [MESSAGE][PASSED] - Successful Payment Receipt text is present on the Receipt page

04-10-2024T23:37:15 - [TEST_STEP][PASSED] - resText = "Pass": null

04-10-2024T23:37:15 - [TEST_STEP][PASSED] - pages.WriteExcel.demoKey(resText, datText, resColumn, datCloumn, fileLoc, nameSheet, row): pages.WriteExcel.demoKey is PASSED

04-10-2024T23:37:15 - [MESSAGE][PASSED] - pages.WriteExcel.demoKey is PASSED

04-10-2024T23:37:15 - [TEST_STEP][PASSED] - closeBrowser(): Browser is closed

04-10-2024T23:37:15 - [MESSAGE][PASSED] - Browser is closed

04-10-2024T23:37:15 - [TEST_STEP][PASSED] - ExecuteTC = findTestData(dataFile).getValue("Execute", row): null

04-10-2024T23:37:15 - [TEST_STEP][PASSED] - out.println("Value of Execute is : " + ExecuteTC): null

04-10-2024T23:37:15 - [TEST_STEP][PASSED] - if (ExecuteTC.equalsIgnoreCase("Y")): null

04-10-2024T23:37:15 - [TEST_STEP][PASSED] - out.println("Begin Record Number: " + row): null

04-10-2024T23:37:15 - [TEST_STEP][PASSED] - today = new java.util.Date(): null

04-10-2024T23:37:15 - [TEST_STEP][PASSED] - println(today): null

04-10-2024T23:37:15 - [TEST_STEP][PASSED] - datText = today: null

04-10-2024T23:37:15 - [TEST_STEP][PASSED] - EmulatorDataKey = findTestData(dataFile).getValue("EmulatorData", row): null

04-10-2024T23:37:15 - [TEST_STEP][PASSED] - out.println("Value of Emulator Key is : " + EmulatorDataKey): null

04-10-2024T23:37:15 - [TEST_STEP][PASSED] - iwpPages.emulatorIWP30.setDataEmulator_DD(EmulatorDataKey): iwpPages.emulatorIWP30.setDataEmulator_DD is PASSED

04-10-2024T23:37:16 - [MESSAGE][INFO] - Starting 'Edge Chromium' driver

04-10-2024T23:37:16 - [MESSAGE][INFO] - User set preference: ['acceptInsecureCerts', 'true']

04-10-2024T23:37:18 - [MESSAGE][INFO] - Action delay is set to 0 milliseconds

04-10-2024T23:37:21 - [MESSAGE][PASSED] - Browser is opened with url: 'https://qa.velocitypayment.com/agency/config.do?action=editor&message_version=2_5'

04-10-2024T23:37:21 - [MESSAGE][PASSED] - Current window maximized

04-10-2024T23:37:22 - [MESSAGE][PASSED] - All options with value '2.5' are selected in object 'Object Repository/IWP30/Page_VRelay30Emulator/MV'  using regular expression

04-10-2024T23:37:22 - [MESSAGE][PASSED] - Text '10.50' is set on object 'Object Repository/IWP30/Page_VRelay30Emulator/Amount'

04-10-2024T23:37:23 - [MESSAGE][PASSED] - Text 'RTiS5yhE90ti' is set on object 'Object Repository/IWP30/Page_VRelay30Emulator/CAN'

04-10-2024T23:37:24 - [MESSAGE][PASSED] - Text 'PayNow' is set on object 'Object Repository/IWP30/Page_VRelay30Emulator/Action'

04-10-2024T23:37:24 - [MESSAGE][PASSED] - Text 'en_US' is set on object 'Object Repository/IWP30/Page_VRelay30Emulator/Lang'

04-10-2024T23:37:25 - [MESSAGE][PASSED] - Text 'Jasmine' is set on object 'Object Repository/IWP30/Page_VRelay30Emulator/Fname'

04-10-2024T23:37:26 - [MESSAGE][PASSED] - Text 'Patrinol' is set on object 'Object Repository/IWP30/Page_VRelay30Emulator/Lname'

04-10-2024T23:37:26 - [MESSAGE][PASSED] - Text '258 Underwood rd' is set on object 'Object Repository/IWP30/Page_VRelay30Emulator/AL1'

04-10-2024T23:37:27 - [MESSAGE][PASSED] - Text 'Suite 600' is set on object 'Object Repository/IWP30/Page_VRelay30Emulator/AL2'

04-10-2024T23:37:27 - [MESSAGE][PASSED] - Text '840' is set on object 'Object Repository/IWP30/Page_VRelay30Emulator/Country'

04-10-2024T23:37:28 - [MESSAGE][PASSED] - Text 'Arlington' is set on object 'Object Repository/IWP30/Page_VRelay30Emulator/City'

04-10-2024T23:37:29 - [MESSAGE][PASSED] - Text 'VA' is set on object 'Object Repository/IWP30/Page_VRelay30Emulator/State'

04-10-2024T23:37:29 - [MESSAGE][PASSED] - Text '22201' is set on object 'Object Repository/IWP30/Page_VRelay30Emulator/ZIP'

04-10-2024T23:37:30 - [MESSAGE][PASSED] - Text '' is set on object 'Object Repository/IWP30/Page_VRelay30Emulator/Order'

04-10-2024T23:37:30 - [MESSAGE][PASSED] - Text 'Some Company' is set on object 'Object Repository/IWP30/Page_VRelay30Emulator/Company'

04-10-2024T23:37:31 - [MESSAGE][PASSED] - Text 'iahmed@govolution.com' is set on object 'Object Repository/IWP30/Page_VRelay30Emulator/Email'

04-10-2024T23:37:32 - [MESSAGE][PASSED] - Text 'udf data 1' is set on object 'Object Repository/IWP30/Page_VRelay30Emulator/UDF1'

04-10-2024T23:37:32 - [MESSAGE][PASSED] - Text 'udf data 2' is set on object 'Object Repository/IWP30/Page_VRelay30Emulator/UDF2'

04-10-2024T23:37:33 - [MESSAGE][PASSED] - Text 'udf data 3' is set on object 'Object Repository/IWP30/Page_VRelay30Emulator/UDF3'

04-10-2024T23:37:33 - [MESSAGE][PASSED] - Text 'udf data 4' is set on object 'Object Repository/IWP30/Page_VRelay30Emulator/UDF4'

04-10-2024T23:37:34 - [MESSAGE][PASSED] - Text 'udf data 5' is set on object 'Object Repository/IWP30/Page_VRelay30Emulator/UDF5'

04-10-2024T23:37:35 - [MESSAGE][PASSED] - Text 'udf data 6' is set on object 'Object Repository/IWP30/Page_VRelay30Emulator/UDF6'

04-10-2024T23:37:35 - [MESSAGE][PASSED] - Text 'Orange' is set on object 'Object Repository/IWP30/Page_VRelay30Emulator/UDF7'

04-10-2024T23:37:36 - [MESSAGE][PASSED] - Text 'Soccer' is set on object 'Object Repository/IWP30/Page_VRelay30Emulator/UDF8'

04-10-2024T23:37:37 - [MESSAGE][PASSED] - Text 'udf data 9' is set on object 'Object Repository/IWP30/Page_VRelay30Emulator/UDF9'

04-10-2024T23:37:37 - [MESSAGE][PASSED] - Text 'udf data 10' is set on object 'Object Repository/IWP30/Page_VRelay30Emulator/UDF10'

04-10-2024T23:37:38 - [MESSAGE][PASSED] - Object: 'Object Repository/IWP30/Page_VRelay30Emulator/Submit' is clicked on

04-10-2024T23:37:43 - [MESSAGE][PASSED] - Browser is closed

04-10-2024T23:37:47 - [MESSAGE][PASSED] - iwpPages.emulatorIWP30.setDataEmulator_DD is PASSED

04-10-2024T23:37:47 - [TEST_STEP][PASSED] - testHarnessURL = urlTestHarness: null

04-10-2024T23:37:47 - [TEST_STEP][PASSED] - openBrowser(testHarnessURL): Browser is opened with url: 'https://dev-algorithm.govolution.com/vrelaytest/QA/version_2_2/vrelaytest.html'

04-10-2024T23:37:47 - [MESSAGE][INFO] - Starting 'Edge Chromium' driver

04-10-2024T23:37:47 - [MESSAGE][INFO] - User set preference: ['acceptInsecureCerts', 'true']

04-10-2024T23:37:49 - [MESSAGE][INFO] - Action delay is set to 0 milliseconds

04-10-2024T23:37:52 - [MESSAGE][PASSED] - Browser is opened with url: 'https://dev-algorithm.govolution.com/vrelaytest/QA/version_2_2/vrelaytest.html'

04-10-2024T23:37:52 - [TEST_STEP][PASSED] - maximizeWindow(): Current window maximized

04-10-2024T23:37:53 - [MESSAGE][PASSED] - Current window maximized

04-10-2024T23:37:53 - [TEST_STEP][PASSED] - iwpPages.TestHarnessPage.setDataMethod(row, dataFile): iwpPages.TestHarnessPage.setDataMethod is PASSED

04-10-2024T23:37:53 - [MESSAGE][PASSED] - Object 'Object Repository/IWP30/Page_QATestHarness/RemittanceID' is present

04-10-2024T23:37:54 - [MESSAGE][PASSED] - Text '639' is set on object 'Object Repository/IWP30/Page_QATestHarness/ApplicationID'

04-10-2024T23:37:54 - [MESSAGE][PASSED] - Text '2.5' is set on object 'Object Repository/IWP30/Page_QATestHarness/MessageVersion'

04-10-2024T23:37:55 - [MESSAGE][PASSED] - Text '8BRQhtdP4Kpl' is set on object 'Object Repository/IWP30/Page_QATestHarness/RemittanceID'

04-10-2024T23:37:58 - [MESSAGE][PASSED] - Object: 'Object Repository/IWP30/Page_QATestHarness/SubmitButton' is clicked on

04-10-2024T23:37:58 - [MESSAGE][PASSED] - iwpPages.TestHarnessPage.setDataMethod is PASSED

04-10-2024T23:37:58 - [TEST_STEP][PASSED] - click(findTestObject("Object Repository/IWP30/Page_SelectPaymentMethod/PayByPersonalCheck")): Object: 'Object Repository/IWP30/Page_SelectPaymentMethod/PayByPersonalCheck' is clicked on

04-10-2024T23:37:58 - [MESSAGE][PASSED] - Object: 'Object Repository/IWP30/Page_SelectPaymentMethod/PayByPersonalCheck' is clicked on

04-10-2024T23:37:58 - [TEST_STEP][PASSED] - click(findTestObject("Object Repository/IWP30/Page_SelectPaymentMethod/MakePaymentButton")): Object: 'Object Repository/IWP30/Page_SelectPaymentMethod/MakePaymentButton' is clicked on

04-10-2024T23:38:00 - [MESSAGE][PASSED] - Object: 'Object Repository/IWP30/Page_SelectPaymentMethod/MakePaymentButton' is clicked on

04-10-2024T23:38:00 - [TEST_STEP][PASSED] - iwpPages.achPersonalPaymentEntryPage.setDataACHPPM(row, dataFile): iwpPages.achPersonalPaymentEntryPage.setDataACHPPM is PASSED

04-10-2024T23:38:01 - [MESSAGE][PASSED] - Object 'Object Repository/IWP30/Page_ACHPersonalPaymentEntry/txt_accountNumber' is present

04-10-2024T23:38:01 - [MESSAGE][PASSED] - Object 'Object Repository/IWP30/Page_ACHPersonalPaymentEntry/txt_UDF2' is present

04-10-2024T23:38:02 - [MESSAGE][PASSED] - All options with label 'Soccer' are selected in object 'Object Repository/IWP30/Page_ACHPersonalPaymentEntry/dd_UDF8' 

04-10-2024T23:38:02 - [MESSAGE][PASSED] - Object 'Object Repository/IWP30/Page_ACHPersonalPaymentEntry/txt_Firstname' is present

04-10-2024T23:38:03 - [MESSAGE][PASSED] - Text 'Elizath' is set on object 'Object Repository/IWP30/Page_ACHPersonalPaymentEntry/txt_Firstname'

04-10-2024T23:38:03 - [MESSAGE][PASSED] - Object 'Object Repository/IWP30/Page_ACHPersonalPaymentEntry/txt_Lastname' is present

04-10-2024T23:38:04 - [MESSAGE][PASSED] - Text 'Christine' is set on object 'Object Repository/IWP30/Page_ACHPersonalPaymentEntry/txt_Lastname'

04-10-2024T23:38:04 - [MESSAGE][PASSED] - Object 'Object Repository/IWP30/Page_ACHPersonalPaymentEntry/txt_routingNumber' is present

04-10-2024T23:38:04 - [MESSAGE][PASSED] - Text '256072691' is set on object 'Object Repository/IWP30/Page_ACHPersonalPaymentEntry/txt_routingNumber'

04-10-2024T23:38:05 - [MESSAGE][PASSED] - Object 'Object Repository/IWP30/Page_ACHPersonalPaymentEntry/txt_accountNumber' is present

04-10-2024T23:38:06 - [MESSAGE][PASSED] - Text '12344444' is set on object 'Object Repository/IWP30/Page_ACHPersonalPaymentEntry/txt_accountNumber'

04-10-2024T23:38:06 - [MESSAGE][PASSED] - Object 'Object Repository/IWP30/Page_ACHPersonalPaymentEntry/txt_confirmAccountNumber' is present

04-10-2024T23:38:07 - [MESSAGE][PASSED] - Text '12344444' is set on object 'Object Repository/IWP30/Page_ACHPersonalPaymentEntry/txt_confirmAccountNumber'

04-10-2024T23:38:07 - [MESSAGE][PASSED] - Object 'Object Repository/IWP30/Page_ACHPersonalPaymentEntry/rd_accountType' is present

04-10-2024T23:38:07 - [MESSAGE][PASSED] - Modify property of object successfully

04-10-2024T23:38:08 - [MESSAGE][PASSED] - Object: 'Object Repository/IWP30/Page_ACHPersonalPaymentEntry/rd_accountType' is clicked on

04-10-2024T23:38:08 - [MESSAGE][PASSED] - Object 'Object Repository/IWP30/Page_ACHPersonalPaymentEntry/txt_Email' is present

04-10-2024T23:38:08 - [MESSAGE][PASSED] - Object 'Object Repository/IWP30/Page_ACHPersonalPaymentEntry/cb_TermsAndCond' is present

04-10-2024T23:38:08 - [MESSAGE][PASSED] - Object: 'Object Repository/IWP30/Page_ACHPersonalPaymentEntry/cb_TermsAndCond' is clicked on

04-10-2024T23:38:09 - [MESSAGE][PASSED] - Object 'Object Repository/IWP30/Page_ACHPersonalPaymentEntry/btn_Continue' is present

04-10-2024T23:38:10 - [MESSAGE][PASSED] - Object: 'Object Repository/IWP30/Page_ACHPersonalPaymentEntry/btn_Continue' is clicked on

04-10-2024T23:38:10 - [MESSAGE][PASSED] - iwpPages.achPersonalPaymentEntryPage.setDataACHPPM is PASSED

04-10-2024T23:38:10 - [TEST_STEP][PASSED] - click(findTestObject("Object Repository/IWP30/Page_Confirmation/ConfirmButton")): Object: 'Object Repository/IWP30/Page_Confirmation/ConfirmButton' is clicked on

04-10-2024T23:38:11 - [MESSAGE][PASSED] - Object: 'Object Repository/IWP30/Page_Confirmation/ConfirmButton' is clicked on

04-10-2024T23:38:11 - [TEST_STEP][PASSED] - Thread.sleep(5000): null

04-10-2024T23:38:16 - [TEST_STEP][PASSED] - if (verifyTextPresent("Make a Real Estate Payment", false)): null

04-10-2024T23:38:17 - [MESSAGE][PASSED] - Text 'Make a Real Estate Payment' is present on page 

04-10-2024T23:38:17 - [TEST_STEP][PASSED] - isRequiredTextPresent = true: null

04-10-2024T23:38:17 - [TEST_STEP][PASSED] - println(isRequiredTextPresent): null

04-10-2024T23:38:17 - [TEST_STEP][PASSED] - if (isRequiredTextPresent): null

04-10-2024T23:38:17 - [TEST_STEP][PASSED] - if (verifyTextPresent("This transaction is subject to a Convenience Fees of $2.00.", false)): null

04-10-2024T23:38:17 - [MESSAGE][PASSED] - Text 'This transaction is subject to a Convenience Fees of $2.00.' is present on page 

04-10-2024T23:38:17 - [TEST_STEP][PASSED] - isRequiredTextPresent = true: null

04-10-2024T23:38:17 - [TEST_STEP][PASSED] - println(isRequiredTextPresent): null

04-10-2024T23:38:17 - [TEST_STEP][PASSED] - if (isRequiredTextPresent): null

04-10-2024T23:38:17 - [TEST_STEP][PASSED] - if (verifyTextPresent("Payment Amount:  $10.50", false)): null

04-10-2024T23:38:17 - [MESSAGE][PASSED] - Text 'Payment Amount:  $10.50' is present on page 

04-10-2024T23:38:17 - [TEST_STEP][PASSED] - isRequiredTextPresent = true: null

04-10-2024T23:38:17 - [TEST_STEP][PASSED] - if (isRequiredTextPresent): null

04-10-2024T23:38:17 - [TEST_STEP][PASSED] - if (verifyTextPresent("Convenience Fees:  $2.00", false)): null

04-10-2024T23:38:17 - [MESSAGE][PASSED] - Text 'Convenience Fees:  $2.00' is present on page 

04-10-2024T23:38:17 - [TEST_STEP][PASSED] - isRequiredTextPresent = true: null

04-10-2024T23:38:17 - [TEST_STEP][PASSED] - if (isRequiredTextPresent): null

04-10-2024T23:38:17 - [TEST_STEP][PASSED] - if (verifyTextPresent("Total Amount:  $12.50", false)): null

04-10-2024T23:38:18 - [MESSAGE][PASSED] - Text 'Total Amount:  $12.50' is present on page 

04-10-2024T23:38:18 - [TEST_STEP][PASSED] - isRequiredTextPresent = true: null

04-10-2024T23:38:18 - [TEST_STEP][PASSED] - if (isRequiredTextPresent): null

04-10-2024T23:38:18 - [TEST_STEP][PASSED] - if (verifyTextPresent("One transaction in the amount of $12.50 will appear on your bank statement.", false)): null

04-10-2024T23:38:18 - [MESSAGE][PASSED] - Text 'One transaction in the amount of $12.50 will appear on your bank statement.' is present on page 

04-10-2024T23:38:18 - [TEST_STEP][PASSED] - isRequiredTextPresent = true: null

04-10-2024T23:38:18 - [TEST_STEP][PASSED] - Thread.sleep(10000): null

04-10-2024T23:38:28 - [TEST_STEP][PASSED] - click(findTestObject("Object Repository/IWP30/Page_ConvenienceFees/btn_convFeeNotifyAction")): Object: 'Object Repository/IWP30/Page_ConvenienceFees/btn_convFeeNotifyAction' is clicked on

04-10-2024T23:38:29 - [MESSAGE][PASSED] - Object: 'Object Repository/IWP30/Page_ConvenienceFees/btn_convFeeNotifyAction' is clicked on

04-10-2024T23:38:29 - [TEST_STEP][PASSED] - Thread.sleep(10000): null

04-10-2024T23:38:39 - [TEST_STEP][PASSED] - if (verifyTextPresent("Successful Payment Receipt", false)): null

04-10-2024T23:38:40 - [MESSAGE][PASSED] - Text 'Successful Payment Receipt' is present on page 

04-10-2024T23:38:40 - [TEST_STEP][PASSED] - println("Successful Payment Receipt text is present on the Receipt page"): null

04-10-2024T23:38:40 - [TEST_STEP][PASSED] - markPassed("Successful Payment Receipt text is present on the Receipt page"): Successful Payment Receipt text is present on the Receipt page

04-10-2024T23:38:40 - [MESSAGE][PASSED] - Successful Payment Receipt text is present on the Receipt page

04-10-2024T23:38:40 - [TEST_STEP][PASSED] - resText = "Pass": null

04-10-2024T23:38:40 - [TEST_STEP][PASSED] - pages.WriteExcel.demoKey(resText, datText, resColumn, datCloumn, fileLoc, nameSheet, row): pages.WriteExcel.demoKey is PASSED

04-10-2024T23:38:40 - [MESSAGE][PASSED] - pages.WriteExcel.demoKey is PASSED

04-10-2024T23:38:40 - [TEST_STEP][PASSED] - closeBrowser(): Browser is closed

04-10-2024T23:38:40 - [MESSAGE][PASSED] - Browser is closed]]></system-out>
         <system-err><![CDATA[]]></system-err>
      </testcase>
      <testcase name="Test Cases/IntegratedWeb/IWP25/Payments/PayNowSuccesfulPaymentCC" time="65.306" classname="Test Cases/IntegratedWeb/IWP25/Payments/PayNowSuccesfulPaymentCC" status="PASSED">
         <system-out><![CDATA[04-10-2024T23:38:40 - [TEST_CASE][PASSED] - Test Cases/IntegratedWeb/IWP25/Payments/PayNowSuccesfulPaymentCC: Test Cases/IntegratedWeb/IWP25/Payments/PayNowSuccesfulPaymentCC

04-10-2024T23:38:41 - [TEST_STEP][PASSED] - resText = "Fail": null

04-10-2024T23:38:41 - [TEST_STEP][PASSED] - resColumn = "Result": null

04-10-2024T23:38:41 - [TEST_STEP][PASSED] - datCloumn = "Date": null

04-10-2024T23:38:41 - [TEST_STEP][PASSED] - fileLoc = "KatalonData/IWPTestData/VRelay25Payments.xlsx": null

04-10-2024T23:38:41 - [TEST_STEP][PASSED] - numOfRows = <not implemented yet for class: org.codehaus.groovy.ast.expr.EmptyExpression>: null

04-10-2024T23:38:41 - [TEST_STEP][PASSED] - dataFile = <not implemented yet for class: org.codehaus.groovy.ast.expr.EmptyExpression>: null

04-10-2024T23:38:41 - [TEST_STEP][PASSED] - nameSheet = <not implemented yet for class: org.codehaus.groovy.ast.expr.EmptyExpression>: null

04-10-2024T23:38:41 - [TEST_STEP][PASSED] - dataFileEmulator = <not implemented yet for class: org.codehaus.groovy.ast.expr.EmptyExpression>: null

04-10-2024T23:38:41 - [TEST_STEP][PASSED] - nameSheet = "PayNowCC": null

04-10-2024T23:38:41 - [TEST_STEP][PASSED] - dataFile = "IWPTestData/IWP25PayNowCC": null

04-10-2024T23:38:41 - [TEST_STEP][PASSED] - dataFileEmulator = "IWPTestData/EmulatorData": null

04-10-2024T23:38:41 - [TEST_STEP][PASSED] - numOfRows = findTestData(dataFile).getRowNumbers(): null

04-10-2024T23:38:41 - [TEST_STEP][PASSED] - println("Number of Records: " + numOfRows): null

04-10-2024T23:38:41 - [TEST_STEP][PASSED] - for ([row = 1, row <= 1, (row++)]): Browser is closed

04-10-2024T23:38:41 - [TEST_STEP][PASSED] - ExecuteTC = findTestData(dataFile).getValue("Execute", row): null

04-10-2024T23:38:41 - [TEST_STEP][PASSED] - out.println("Value of Execute is : " + ExecuteTC): null

04-10-2024T23:38:41 - [TEST_STEP][PASSED] - if (ExecuteTC.equalsIgnoreCase("Y")): null

04-10-2024T23:38:41 - [TEST_STEP][PASSED] - out.println("Begin Record Number: " + row): null

04-10-2024T23:38:41 - [TEST_STEP][PASSED] - today = new java.util.Date(): null

04-10-2024T23:38:41 - [TEST_STEP][PASSED] - println(today): null

04-10-2024T23:38:41 - [TEST_STEP][PASSED] - datText = today: null

04-10-2024T23:38:41 - [TEST_STEP][PASSED] - EmulatorDataKey = findTestData(dataFile).getValue("EmulatorData", row): null

04-10-2024T23:38:41 - [TEST_STEP][PASSED] - out.println("Value of Emulator Key is : " + EmulatorDataKey): null

04-10-2024T23:38:41 - [TEST_STEP][PASSED] - iwpPages.emulatorIWP30.setDataEmulator_DD(EmulatorDataKey): iwpPages.emulatorIWP30.setDataEmulator_DD is PASSED

04-10-2024T23:38:41 - [MESSAGE][INFO] - Starting 'Edge Chromium' driver

04-10-2024T23:38:41 - [MESSAGE][INFO] - User set preference: ['acceptInsecureCerts', 'true']

04-10-2024T23:38:43 - [MESSAGE][INFO] - Action delay is set to 0 milliseconds

04-10-2024T23:38:46 - [MESSAGE][PASSED] - Browser is opened with url: 'https://qa.velocitypayment.com/agency/config.do?action=editor&message_version=2_5'

04-10-2024T23:38:46 - [MESSAGE][PASSED] - Current window maximized

04-10-2024T23:38:47 - [MESSAGE][PASSED] - All options with value '2.5' are selected in object 'Object Repository/IWP30/Page_VRelay30Emulator/MV'  using regular expression

04-10-2024T23:38:48 - [MESSAGE][PASSED] - Text '10.50' is set on object 'Object Repository/IWP30/Page_VRelay30Emulator/Amount'

04-10-2024T23:38:49 - [MESSAGE][PASSED] - Text 'S1EXkr5hGjsc' is set on object 'Object Repository/IWP30/Page_VRelay30Emulator/CAN'

04-10-2024T23:38:49 - [MESSAGE][PASSED] - Text 'PayNow' is set on object 'Object Repository/IWP30/Page_VRelay30Emulator/Action'

04-10-2024T23:38:50 - [MESSAGE][PASSED] - Text 'en_US' is set on object 'Object Repository/IWP30/Page_VRelay30Emulator/Lang'

04-10-2024T23:38:50 - [MESSAGE][PASSED] - Text 'Jasmine' is set on object 'Object Repository/IWP30/Page_VRelay30Emulator/Fname'

04-10-2024T23:38:51 - [MESSAGE][PASSED] - Text 'Patrinol' is set on object 'Object Repository/IWP30/Page_VRelay30Emulator/Lname'

04-10-2024T23:38:52 - [MESSAGE][PASSED] - Text '258 Underwood rd' is set on object 'Object Repository/IWP30/Page_VRelay30Emulator/AL1'

04-10-2024T23:38:52 - [MESSAGE][PASSED] - Text 'Suite 600' is set on object 'Object Repository/IWP30/Page_VRelay30Emulator/AL2'

04-10-2024T23:38:53 - [MESSAGE][PASSED] - Text '840' is set on object 'Object Repository/IWP30/Page_VRelay30Emulator/Country'

04-10-2024T23:38:54 - [MESSAGE][PASSED] - Text 'Arlington' is set on object 'Object Repository/IWP30/Page_VRelay30Emulator/City'

04-10-2024T23:38:54 - [MESSAGE][PASSED] - Text 'VA' is set on object 'Object Repository/IWP30/Page_VRelay30Emulator/State'

04-10-2024T23:38:55 - [MESSAGE][PASSED] - Text '22201' is set on object 'Object Repository/IWP30/Page_VRelay30Emulator/ZIP'

04-10-2024T23:38:55 - [MESSAGE][PASSED] - Text '' is set on object 'Object Repository/IWP30/Page_VRelay30Emulator/Order'

04-10-2024T23:38:56 - [MESSAGE][PASSED] - Text 'Some Company' is set on object 'Object Repository/IWP30/Page_VRelay30Emulator/Company'

04-10-2024T23:38:57 - [MESSAGE][PASSED] - Text 'iahmed@govolution.com' is set on object 'Object Repository/IWP30/Page_VRelay30Emulator/Email'

04-10-2024T23:38:57 - [MESSAGE][PASSED] - Text 'udf data 1' is set on object 'Object Repository/IWP30/Page_VRelay30Emulator/UDF1'

04-10-2024T23:38:58 - [MESSAGE][PASSED] - Text 'udf data 2' is set on object 'Object Repository/IWP30/Page_VRelay30Emulator/UDF2'

04-10-2024T23:38:58 - [MESSAGE][PASSED] - Text 'udf data 3' is set on object 'Object Repository/IWP30/Page_VRelay30Emulator/UDF3'

04-10-2024T23:38:59 - [MESSAGE][PASSED] - Text 'udf data 4' is set on object 'Object Repository/IWP30/Page_VRelay30Emulator/UDF4'

04-10-2024T23:39:00 - [MESSAGE][PASSED] - Text 'udf data 5' is set on object 'Object Repository/IWP30/Page_VRelay30Emulator/UDF5'

04-10-2024T23:39:00 - [MESSAGE][PASSED] - Text 'udf data 6' is set on object 'Object Repository/IWP30/Page_VRelay30Emulator/UDF6'

04-10-2024T23:39:01 - [MESSAGE][PASSED] - Text 'Orange' is set on object 'Object Repository/IWP30/Page_VRelay30Emulator/UDF7'

04-10-2024T23:39:01 - [MESSAGE][PASSED] - Text 'Soccer' is set on object 'Object Repository/IWP30/Page_VRelay30Emulator/UDF8'

04-10-2024T23:39:02 - [MESSAGE][PASSED] - Text 'udf data 9' is set on object 'Object Repository/IWP30/Page_VRelay30Emulator/UDF9'

04-10-2024T23:39:03 - [MESSAGE][PASSED] - Text 'udf data 10' is set on object 'Object Repository/IWP30/Page_VRelay30Emulator/UDF10'

04-10-2024T23:39:04 - [MESSAGE][PASSED] - Object: 'Object Repository/IWP30/Page_VRelay30Emulator/Submit' is clicked on

04-10-2024T23:39:08 - [MESSAGE][PASSED] - Browser is closed

04-10-2024T23:39:12 - [MESSAGE][PASSED] - iwpPages.emulatorIWP30.setDataEmulator_DD is PASSED

04-10-2024T23:39:12 - [TEST_STEP][PASSED] - testHarnessURL = urlTestHarness: null

04-10-2024T23:39:12 - [TEST_STEP][PASSED] - openBrowser(testHarnessURL): Browser is opened with url: 'https://dev-algorithm.govolution.com/vrelaytest/QA/version_2_2/vrelaytest.html'

04-10-2024T23:39:12 - [MESSAGE][INFO] - Starting 'Edge Chromium' driver

04-10-2024T23:39:12 - [MESSAGE][INFO] - User set preference: ['acceptInsecureCerts', 'true']

04-10-2024T23:39:14 - [MESSAGE][INFO] - Action delay is set to 0 milliseconds

04-10-2024T23:39:18 - [MESSAGE][PASSED] - Browser is opened with url: 'https://dev-algorithm.govolution.com/vrelaytest/QA/version_2_2/vrelaytest.html'

04-10-2024T23:39:18 - [TEST_STEP][PASSED] - maximizeWindow(): Current window maximized

04-10-2024T23:39:18 - [MESSAGE][PASSED] - Current window maximized

04-10-2024T23:39:18 - [TEST_STEP][PASSED] - iwpPages.TestHarnessPage.setDataMethod(row, dataFile): iwpPages.TestHarnessPage.setDataMethod is PASSED

04-10-2024T23:39:18 - [MESSAGE][PASSED] - Object 'Object Repository/IWP30/Page_QATestHarness/RemittanceID' is present

04-10-2024T23:39:19 - [MESSAGE][PASSED] - Text '638' is set on object 'Object Repository/IWP30/Page_QATestHarness/ApplicationID'

04-10-2024T23:39:19 - [MESSAGE][PASSED] - Text '2.5' is set on object 'Object Repository/IWP30/Page_QATestHarness/MessageVersion'

04-10-2024T23:39:20 - [MESSAGE][PASSED] - Text 'wya0z5WOPTCU' is set on object 'Object Repository/IWP30/Page_QATestHarness/RemittanceID'

04-10-2024T23:39:23 - [MESSAGE][PASSED] - Object: 'Object Repository/IWP30/Page_QATestHarness/SubmitButton' is clicked on

04-10-2024T23:39:23 - [MESSAGE][PASSED] - iwpPages.TestHarnessPage.setDataMethod is PASSED

04-10-2024T23:39:23 - [TEST_STEP][PASSED] - check(findTestObject("Object Repository/IWP30/Page_SelectPaymentMethod/PayByCreditCard")): Object 'Object Repository/IWP30/Page_SelectPaymentMethod/PayByCreditCard' is checked

04-10-2024T23:39:24 - [MESSAGE][PASSED] - Object 'Object Repository/IWP30/Page_SelectPaymentMethod/PayByCreditCard' is checked

04-10-2024T23:39:24 - [TEST_STEP][PASSED] - click(findTestObject("Object Repository/IWP30/Page_SelectPaymentMethod/MakePaymentButton")): Object: 'Object Repository/IWP30/Page_SelectPaymentMethod/MakePaymentButton' is clicked on

04-10-2024T23:39:26 - [MESSAGE][PASSED] - Object: 'Object Repository/IWP30/Page_SelectPaymentMethod/MakePaymentButton' is clicked on

04-10-2024T23:39:26 - [TEST_STEP][PASSED] - iwpPages.ccPaymentEntryPage.setDataCCPM(row, dataFile): iwpPages.ccPaymentEntryPage.setDataCCPM is PASSED

04-10-2024T23:39:27 - [MESSAGE][PASSED] - Object 'Object Repository/IWP30/Page_CCPaymentEntry/Name' is present

04-10-2024T23:39:27 - [MESSAGE][PASSED] - All options with label 'Soccer' are selected in object 'Object Repository/IWP30/Page_CCPaymentEntry/UserDefined8' 

04-10-2024T23:39:27 - [MESSAGE][PASSED] - Object 'Object Repository/IWP30/Page_CCPaymentEntry/Name' is present

04-10-2024T23:39:28 - [MESSAGE][PASSED] - Object 'Object Repository/IWP30/Page_CCPaymentEntry/CardNumber' is present

04-10-2024T23:39:28 - [MESSAGE][PASSED] - Text '5146312200000035' is set on object 'Object Repository/IWP30/Page_CCPaymentEntry/CardNumber'

04-10-2024T23:39:29 - [MESSAGE][PASSED] - Text '123' is set on object 'Object Repository/IWP30/Page_CCPaymentEntry/SPC'

04-10-2024T23:39:29 - [MESSAGE][PASSED] - Object 'Object Repository/IWP30/Page_CCPaymentEntry/Month' is present

04-10-2024T23:39:30 - [MESSAGE][PASSED] - All options with label '09' are selected in object 'Object Repository/IWP30/Page_CCPaymentEntry/Month' 

04-10-2024T23:39:30 - [MESSAGE][PASSED] - Object 'Object Repository/IWP30/Page_CCPaymentEntry/Year' is present

04-10-2024T23:39:31 - [MESSAGE][PASSED] - All options with label '2028' are selected in object 'Object Repository/IWP30/Page_CCPaymentEntry/Year' 

04-10-2024T23:39:31 - [MESSAGE][PASSED] - Object 'Object Repository/IWP30/Page_CCPaymentEntry/EmailAddress' is present

04-10-2024T23:39:31 - [MESSAGE][PASSED] - Object 'Object Repository/IWP30/Page_CCPaymentEntry/TermCondCheckBox' is present

04-10-2024T23:39:31 - [MESSAGE][PASSED] - Object 'Object Repository/IWP30/Page_CCPaymentEntry/TermCondCheckBox' is checked

04-10-2024T23:39:32 - [MESSAGE][PASSED] - Object 'Object Repository/IWP30/Page_CCPaymentEntry/ContinueButton' is present

04-10-2024T23:39:33 - [MESSAGE][PASSED] - Object: 'Object Repository/IWP30/Page_CCPaymentEntry/ContinueButton' is clicked on

04-10-2024T23:39:33 - [MESSAGE][PASSED] - iwpPages.ccPaymentEntryPage.setDataCCPM is PASSED

04-10-2024T23:39:33 - [TEST_STEP][PASSED] - click(findTestObject("Object Repository/IWP30/Page_Confirmation/ConfirmButton")): Object: 'Object Repository/IWP30/Page_Confirmation/ConfirmButton' is clicked on

04-10-2024T23:39:35 - [MESSAGE][PASSED] - Object: 'Object Repository/IWP30/Page_Confirmation/ConfirmButton' is clicked on

04-10-2024T23:39:35 - [TEST_STEP][PASSED] - Thread.sleep(10000): null

04-10-2024T23:39:45 - [TEST_STEP][PASSED] - if (verifyTextPresent("Successful Payment Receipt", false)): null

04-10-2024T23:39:45 - [MESSAGE][PASSED] - Text 'Successful Payment Receipt' is present on page 

04-10-2024T23:39:45 - [TEST_STEP][PASSED] - println("Successful Payment Receipt text is present on the Receipt page"): null

04-10-2024T23:39:45 - [TEST_STEP][PASSED] - markPassed("Successful Payment Receipt text is present on the Receipt page"): Successful Payment Receipt text is present on the Receipt page

04-10-2024T23:39:45 - [MESSAGE][PASSED] - Successful Payment Receipt text is present on the Receipt page

04-10-2024T23:39:45 - [TEST_STEP][PASSED] - resText = "Pass": null

04-10-2024T23:39:45 - [TEST_STEP][PASSED] - pages.WriteExcel.demoKey(resText, datText, resColumn, datCloumn, fileLoc, nameSheet, row): pages.WriteExcel.demoKey is PASSED

04-10-2024T23:39:45 - [MESSAGE][PASSED] - pages.WriteExcel.demoKey is PASSED

04-10-2024T23:39:45 - [TEST_STEP][PASSED] - closeBrowser(): Browser is closed

04-10-2024T23:39:46 - [MESSAGE][PASSED] - Browser is closed]]></system-out>
         <system-err><![CDATA[]]></system-err>
      </testcase>
      <testcase name="Test Cases/IntegratedWeb/IWP25/Payments/VerifyCancelReceiptLabelsDeferredCC" time="81.718" classname="Test Cases/IntegratedWeb/IWP25/Payments/VerifyCancelReceiptLabelsDeferredCC" status="PASSED">
         <system-out><![CDATA[04-10-2024T23:39:46 - [TEST_CASE][PASSED] - Test Cases/IntegratedWeb/IWP25/Payments/VerifyCancelReceiptLabelsDeferredCC: Test Cases/IntegratedWeb/IWP25/Payments/VerifyCancelReceiptLabelsDeferredCC

04-10-2024T23:39:46 - [TEST_STEP][PASSED] - resText = "Fail": null

04-10-2024T23:39:46 - [TEST_STEP][PASSED] - resColumn = "Result": null

04-10-2024T23:39:46 - [TEST_STEP][PASSED] - datCloumn = "Date": null

04-10-2024T23:39:46 - [TEST_STEP][PASSED] - fileLoc = "KatalonData/IWPTestData/VRelay25PaymentsExtension.xlsx": null

04-10-2024T23:39:46 - [TEST_STEP][PASSED] - numOfRows = <not implemented yet for class: org.codehaus.groovy.ast.expr.EmptyExpression>: null

04-10-2024T23:39:46 - [TEST_STEP][PASSED] - dataFile = <not implemented yet for class: org.codehaus.groovy.ast.expr.EmptyExpression>: null

04-10-2024T23:39:46 - [TEST_STEP][PASSED] - nameSheet = <not implemented yet for class: org.codehaus.groovy.ast.expr.EmptyExpression>: null

04-10-2024T23:39:46 - [TEST_STEP][PASSED] - dataFileEmulator = <not implemented yet for class: org.codehaus.groovy.ast.expr.EmptyExpression>: null

04-10-2024T23:39:46 - [TEST_STEP][PASSED] - isRequiredTextPresent = false: null

04-10-2024T23:39:46 - [TEST_STEP][PASSED] - nameSheet = "VerifyCancelLabelDeferredCredit": null

04-10-2024T23:39:46 - [TEST_STEP][PASSED] - dataFile = getExcelDataWithDefaultSheet("KatalonData/IWPTestData/VRelay25PaymentsExtension.xlsx", nameSheet, true): null

04-10-2024T23:39:46 - [TEST_STEP][PASSED] - dataFileEmulator = "IWPTestData/EmulatorData": null

04-10-2024T23:39:46 - [TEST_STEP][PASSED] - numOfRows = dataFile.getRowNumbers(): null

04-10-2024T23:39:46 - [TEST_STEP][PASSED] - println("Number of Records: " + numOfRows): null

04-10-2024T23:39:46 - [TEST_STEP][PASSED] - for ([row = 1, row <= numOfRows, (row++)]): Browser is closed

04-10-2024T23:39:46 - [TEST_STEP][PASSED] - ExecuteTC = dataFile.getValue("Execute", row): null

04-10-2024T23:39:46 - [TEST_STEP][PASSED] - out.println("Value of Execute is : " + ExecuteTC): null

04-10-2024T23:39:46 - [TEST_STEP][PASSED] - if (ExecuteTC.equalsIgnoreCase("Y")): null

04-10-2024T23:39:46 - [TEST_STEP][PASSED] - out.println("Begin Record Number: " + row): null

04-10-2024T23:39:46 - [TEST_STEP][PASSED] - today = new java.util.Date(): null

04-10-2024T23:39:46 - [TEST_STEP][PASSED] - println(today): null

04-10-2024T23:39:46 - [TEST_STEP][PASSED] - datText = today: null

04-10-2024T23:39:46 - [TEST_STEP][PASSED] - EmulatorDataKey = dataFile.getValue("EmulatorData", row): null

04-10-2024T23:39:46 - [TEST_STEP][PASSED] - out.println("Value of Emulator Key is : " + EmulatorDataKey): null

04-10-2024T23:39:46 - [TEST_STEP][PASSED] - iwpPages.emulatorIWP30.setDataEmulator_DD(EmulatorDataKey): iwpPages.emulatorIWP30.setDataEmulator_DD is PASSED

04-10-2024T23:39:46 - [MESSAGE][INFO] - Starting 'Edge Chromium' driver

04-10-2024T23:39:46 - [MESSAGE][INFO] - User set preference: ['acceptInsecureCerts', 'true']

04-10-2024T23:39:48 - [MESSAGE][INFO] - Action delay is set to 0 milliseconds

04-10-2024T23:39:52 - [MESSAGE][PASSED] - Browser is opened with url: 'https://qa.velocitypayment.com/agency/config.do?action=editor&message_version=2_5'

04-10-2024T23:39:52 - [MESSAGE][PASSED] - Current window maximized

04-10-2024T23:39:53 - [MESSAGE][PASSED] - All options with value '2.5' are selected in object 'Object Repository/IWP30/Page_VRelay30Emulator/MV'  using regular expression

04-10-2024T23:39:54 - [MESSAGE][PASSED] - Text '10.50' is set on object 'Object Repository/IWP30/Page_VRelay30Emulator/Amount'

04-10-2024T23:39:54 - [MESSAGE][PASSED] - Text 'KEfc3pDn62Ne' is set on object 'Object Repository/IWP30/Page_VRelay30Emulator/CAN'

04-10-2024T23:39:55 - [MESSAGE][PASSED] - Text 'PayNow' is set on object 'Object Repository/IWP30/Page_VRelay30Emulator/Action'

04-10-2024T23:39:56 - [MESSAGE][PASSED] - Text 'en_US' is set on object 'Object Repository/IWP30/Page_VRelay30Emulator/Lang'

04-10-2024T23:39:56 - [MESSAGE][PASSED] - Text '' is set on object 'Object Repository/IWP30/Page_VRelay30Emulator/Fname'

04-10-2024T23:39:57 - [MESSAGE][PASSED] - Text '' is set on object 'Object Repository/IWP30/Page_VRelay30Emulator/Lname'

04-10-2024T23:39:57 - [MESSAGE][PASSED] - Text '' is set on object 'Object Repository/IWP30/Page_VRelay30Emulator/AL1'

04-10-2024T23:39:58 - [MESSAGE][PASSED] - Text '' is set on object 'Object Repository/IWP30/Page_VRelay30Emulator/AL2'

04-10-2024T23:39:59 - [MESSAGE][PASSED] - Text '' is set on object 'Object Repository/IWP30/Page_VRelay30Emulator/Country'

04-10-2024T23:39:59 - [MESSAGE][PASSED] - Text '' is set on object 'Object Repository/IWP30/Page_VRelay30Emulator/City'

04-10-2024T23:40:00 - [MESSAGE][PASSED] - Text '' is set on object 'Object Repository/IWP30/Page_VRelay30Emulator/State'

04-10-2024T23:40:00 - [MESSAGE][PASSED] - Text '' is set on object 'Object Repository/IWP30/Page_VRelay30Emulator/ZIP'

04-10-2024T23:40:01 - [MESSAGE][PASSED] - Text '' is set on object 'Object Repository/IWP30/Page_VRelay30Emulator/Order'

04-10-2024T23:40:01 - [MESSAGE][PASSED] - Text '' is set on object 'Object Repository/IWP30/Page_VRelay30Emulator/Company'

04-10-2024T23:40:02 - [MESSAGE][PASSED] - Text '' is set on object 'Object Repository/IWP30/Page_VRelay30Emulator/Email'

04-10-2024T23:40:03 - [MESSAGE][PASSED] - Text '' is set on object 'Object Repository/IWP30/Page_VRelay30Emulator/UDF1'

04-10-2024T23:40:03 - [MESSAGE][PASSED] - Text '' is set on object 'Object Repository/IWP30/Page_VRelay30Emulator/UDF2'

04-10-2024T23:40:04 - [MESSAGE][PASSED] - Text '' is set on object 'Object Repository/IWP30/Page_VRelay30Emulator/UDF3'

04-10-2024T23:40:04 - [MESSAGE][PASSED] - Text 'udf data 4' is set on object 'Object Repository/IWP30/Page_VRelay30Emulator/UDF4'

04-10-2024T23:40:05 - [MESSAGE][PASSED] - Text 'udf data 5' is set on object 'Object Repository/IWP30/Page_VRelay30Emulator/UDF5'

04-10-2024T23:40:05 - [MESSAGE][PASSED] - Text '' is set on object 'Object Repository/IWP30/Page_VRelay30Emulator/UDF6'

04-10-2024T23:40:06 - [MESSAGE][PASSED] - Text '' is set on object 'Object Repository/IWP30/Page_VRelay30Emulator/UDF7'

04-10-2024T23:40:07 - [MESSAGE][PASSED] - Text '' is set on object 'Object Repository/IWP30/Page_VRelay30Emulator/UDF8'

04-10-2024T23:40:07 - [MESSAGE][PASSED] - Text 'udf data 9' is set on object 'Object Repository/IWP30/Page_VRelay30Emulator/UDF9'

04-10-2024T23:40:08 - [MESSAGE][PASSED] - Text 'udf data 10' is set on object 'Object Repository/IWP30/Page_VRelay30Emulator/UDF10'

04-10-2024T23:40:09 - [MESSAGE][PASSED] - Object: 'Object Repository/IWP30/Page_VRelay30Emulator/Submit' is clicked on

04-10-2024T23:40:13 - [MESSAGE][PASSED] - Browser is closed

04-10-2024T23:40:17 - [MESSAGE][PASSED] - iwpPages.emulatorIWP30.setDataEmulator_DD is PASSED

04-10-2024T23:40:17 - [TEST_STEP][PASSED] - testHarnessURL = urlTestHarness: null

04-10-2024T23:40:17 - [TEST_STEP][PASSED] - openBrowser(testHarnessURL): Browser is opened with url: 'https://dev-algorithm.govolution.com/vrelaytest/QA/version_2_2/vrelaytest.html'

04-10-2024T23:40:17 - [MESSAGE][INFO] - Starting 'Edge Chromium' driver

04-10-2024T23:40:17 - [MESSAGE][INFO] - User set preference: ['acceptInsecureCerts', 'true']

04-10-2024T23:40:19 - [MESSAGE][INFO] - Action delay is set to 0 milliseconds

04-10-2024T23:40:23 - [MESSAGE][PASSED] - Browser is opened with url: 'https://dev-algorithm.govolution.com/vrelaytest/QA/version_2_2/vrelaytest.html'

04-10-2024T23:40:23 - [TEST_STEP][PASSED] - maximizeWindow(): Current window maximized

04-10-2024T23:40:23 - [MESSAGE][PASSED] - Current window maximized

04-10-2024T23:40:23 - [TEST_STEP][PASSED] - iwpPages.TestHarnessPage.setDataMethodEF(row, dataFile): iwpPages.TestHarnessPage.setDataMethodEF is PASSED

04-10-2024T23:40:23 - [MESSAGE][PASSED] - Object 'Object Repository/IWP30/Page_QATestHarness/RemittanceID' is present

04-10-2024T23:40:24 - [MESSAGE][PASSED] - Text '638' is set on object 'Object Repository/IWP30/Page_QATestHarness/ApplicationID'

04-10-2024T23:40:25 - [MESSAGE][PASSED] - Text '2.5' is set on object 'Object Repository/IWP30/Page_QATestHarness/MessageVersion'

04-10-2024T23:40:25 - [MESSAGE][PASSED] - Text 'LQbF1wqI60Ge' is set on object 'Object Repository/IWP30/Page_QATestHarness/RemittanceID'

04-10-2024T23:40:28 - [MESSAGE][PASSED] - Object: 'Object Repository/IWP30/Page_QATestHarness/SubmitButton' is clicked on

04-10-2024T23:40:28 - [MESSAGE][PASSED] - iwpPages.TestHarnessPage.setDataMethodEF is PASSED

04-10-2024T23:40:28 - [TEST_STEP][PASSED] - click(findTestObject("Object Repository/IWP30/Page_SelectPaymentMethod/PayByCreditCard")): Object: 'Object Repository/IWP30/Page_SelectPaymentMethod/PayByCreditCard' is clicked on

04-10-2024T23:40:29 - [MESSAGE][PASSED] - Object: 'Object Repository/IWP30/Page_SelectPaymentMethod/PayByCreditCard' is clicked on

04-10-2024T23:40:29 - [TEST_STEP][PASSED] - click(findTestObject("Object Repository/IWP30/Page_SelectPaymentMethod/MakePaymentButton")): Object: 'Object Repository/IWP30/Page_SelectPaymentMethod/MakePaymentButton' is clicked on

04-10-2024T23:40:31 - [MESSAGE][PASSED] - Object: 'Object Repository/IWP30/Page_SelectPaymentMethod/MakePaymentButton' is clicked on

04-10-2024T23:40:31 - [TEST_STEP][PASSED] - iwpPages.ccPaymentEntryPage.setDataCCPM(row, dataFile): iwpPages.ccPaymentEntryPage.setDataCCPM is PASSED

04-10-2024T23:40:32 - [MESSAGE][PASSED] - Object 'Object Repository/IWP30/Page_CCPaymentEntry/Name' is present

04-10-2024T23:40:32 - [MESSAGE][PASSED] - Text '10.50' is set on object 'Object Repository/IWP30/Page_CCPaymentEntry/Amount'

04-10-2024T23:40:33 - [MESSAGE][PASSED] - Text 'udf data 2' is set on object 'Object Repository/IWP30/Page_CCPaymentEntry/UserDefined2'

04-10-2024T23:40:34 - [MESSAGE][PASSED] - Text 'udf data 3' is set on object 'Object Repository/IWP30/Page_CCPaymentEntry/UserDefined3'

04-10-2024T23:40:34 - [MESSAGE][PASSED] - All options with label 'Orange' are selected in object 'Object Repository/IWP30/Page_CCPaymentEntry/UserDefined7' 

04-10-2024T23:40:35 - [MESSAGE][PASSED] - All options with label 'Soccer' are selected in object 'Object Repository/IWP30/Page_CCPaymentEntry/UserDefined8' 

04-10-2024T23:40:35 - [MESSAGE][PASSED] - Object 'Object Repository/IWP30/Page_CCPaymentEntry/Name' is present

04-10-2024T23:40:35 - [MESSAGE][PASSED] - Text 'Kavita Ranawati' is set on object 'Object Repository/IWP30/Page_CCPaymentEntry/Name'

04-10-2024T23:40:36 - [MESSAGE][PASSED] - Object 'Object Repository/IWP30/Page_CCPaymentEntry/CardNumber' is present

04-10-2024T23:40:36 - [MESSAGE][PASSED] - Text '4111111111111111' is set on object 'Object Repository/IWP30/Page_CCPaymentEntry/CardNumber'

04-10-2024T23:40:37 - [MESSAGE][PASSED] - Text '123' is set on object 'Object Repository/IWP30/Page_CCPaymentEntry/SPC'

04-10-2024T23:40:38 - [MESSAGE][PASSED] - Object 'Object Repository/IWP30/Page_CCPaymentEntry/Month' is present

04-10-2024T23:40:38 - [MESSAGE][PASSED] - All options with label '01' are selected in object 'Object Repository/IWP30/Page_CCPaymentEntry/Month' 

04-10-2024T23:40:39 - [MESSAGE][PASSED] - Object 'Object Repository/IWP30/Page_CCPaymentEntry/Year' is present

04-10-2024T23:40:39 - [MESSAGE][PASSED] - All options with label '2028' are selected in object 'Object Repository/IWP30/Page_CCPaymentEntry/Year' 

04-10-2024T23:40:39 - [MESSAGE][PASSED] - Execute JavaScript '
				   document.getElementById('processDate').value = '08/09/2025'
				  ' successfully

04-10-2024T23:40:40 - [MESSAGE][PASSED] - Text '365 Main Avenue' is set on object 'Object Repository/IWP30/Page_CCPaymentEntry/AL1'

04-10-2024T23:40:40 - [MESSAGE][PASSED] - Text 'Ohio' is set on object 'Object Repository/IWP30/Page_CCPaymentEntry/AL2'

04-10-2024T23:40:41 - [MESSAGE][PASSED] - Text '22201' is set on object 'Object Repository/IWP30/Page_CCPaymentEntry/ZIP'

04-10-2024T23:40:41 - [MESSAGE][PASSED] - Object 'Object Repository/IWP30/Page_CCPaymentEntry/EmailAddress' is present

04-10-2024T23:40:42 - [MESSAGE][PASSED] - Text 'iahmed@govolution.com' is set on object 'Object Repository/IWP30/Page_CCPaymentEntry/EmailAddress'

04-10-2024T23:40:43 - [MESSAGE][PASSED] - Object 'Object Repository/IWP30/Page_CCPaymentEntry/TermCondCheckBox' is present

04-10-2024T23:40:43 - [MESSAGE][PASSED] - Object 'Object Repository/IWP30/Page_CCPaymentEntry/TermCondCheckBox' is checked

04-10-2024T23:40:43 - [MESSAGE][PASSED] - Object 'Object Repository/IWP30/Page_CCPaymentEntry/ContinueButton' is present

04-10-2024T23:40:45 - [MESSAGE][PASSED] - Object: 'Object Repository/IWP30/Page_CCPaymentEntry/ContinueButton' is clicked on

04-10-2024T23:40:45 - [MESSAGE][PASSED] - iwpPages.ccPaymentEntryPage.setDataCCPM is PASSED

04-10-2024T23:40:45 - [TEST_STEP][PASSED] - click(findTestObject("Object Repository/IWP30/Page_Confirmation/ConfirmButton")): Object: 'Object Repository/IWP30/Page_Confirmation/ConfirmButton' is clicked on

04-10-2024T23:40:47 - [MESSAGE][PASSED] - Object: 'Object Repository/IWP30/Page_Confirmation/ConfirmButton' is clicked on

04-10-2024T23:40:47 - [TEST_STEP][PASSED] - Thread.sleep(2000): null

04-10-2024T23:40:49 - [TEST_STEP][PASSED] - if (verifyTextPresent("Deferred", false)): null

04-10-2024T23:40:49 - [MESSAGE][PASSED] - Text 'Deferred' is present on page 

04-10-2024T23:40:49 - [TEST_STEP][PASSED] - click(findTestObject("Object Repository/IWP30/Page_Receipt/ViewScheduledPaymentsButton")): Object: 'Object Repository/IWP30/Page_Receipt/ViewScheduledPaymentsButton' is clicked on

04-10-2024T23:40:49 - [MESSAGE][PASSED] - Object: 'Object Repository/IWP30/Page_Receipt/ViewScheduledPaymentsButton' is clicked on

04-10-2024T23:40:49 - [TEST_STEP][PASSED] - switchToWindowTitle("View Scheduled Payments"): Switched to window with title: 'View Scheduled Payments'

04-10-2024T23:40:49 - [MESSAGE][PASSED] - Switched to window with title: 'View Scheduled Payments'

04-10-2024T23:40:49 - [TEST_STEP][PASSED] - Thread.sleep(5000): null

04-10-2024T23:40:54 - [TEST_STEP][PASSED] - if (verifyTextPresent("View Scheduled Payments", false)): null

04-10-2024T23:40:55 - [MESSAGE][PASSED] - Text 'View Scheduled Payments' is present on page 

04-10-2024T23:40:55 - [TEST_STEP][PASSED] - click(findTestObject("Object Repository/IWP30/Page_ScheduledPayments/cancel_payment")): Object: 'Object Repository/IWP30/Page_ScheduledPayments/cancel_payment' is clicked on

04-10-2024T23:40:56 - [MESSAGE][PASSED] - Object: 'Object Repository/IWP30/Page_ScheduledPayments/cancel_payment' is clicked on

04-10-2024T23:40:56 - [TEST_STEP][PASSED] - if (verifyTextPresent("Cancel Payment Plan", false)): null

04-10-2024T23:40:57 - [MESSAGE][PASSED] - Text 'Cancel Payment Plan' is present on page 

04-10-2024T23:40:57 - [TEST_STEP][PASSED] - click(findTestObject("Object Repository/IWP30/Page_PaymentPlan/btn_cancel")): Object: 'Object Repository/IWP30/Page_PaymentPlan/btn_cancel' is clicked on

04-10-2024T23:40:57 - [MESSAGE][PASSED] - Object: 'Object Repository/IWP30/Page_PaymentPlan/btn_cancel' is clicked on

04-10-2024T23:40:57 - [TEST_STEP][PASSED] - acceptAlert(): Alert accepted

04-10-2024T23:40:57 - [MESSAGE][PASSED] - Alert accepted

04-10-2024T23:40:57 - [TEST_STEP][PASSED] - if (verifyTextPresent("Your payment plan has been successfully canceled", false)): null

04-10-2024T23:40:59 - [MESSAGE][PASSED] - Text 'Your payment plan has been successfully canceled' is present on page 

04-10-2024T23:40:59 - [TEST_STEP][PASSED] - isRequiredTextPresent = true: null

04-10-2024T23:40:59 - [TEST_STEP][PASSED] - println(isRequiredTextPresent): null

04-10-2024T23:40:59 - [TEST_STEP][PASSED] - if (isRequiredTextPresent): null

04-10-2024T23:40:59 - [TEST_STEP][PASSED] - if (verifyTextPresent("CAN Label:", false)): null

04-10-2024T23:40:59 - [MESSAGE][PASSED] - Text 'CAN Label:' is present on page 

04-10-2024T23:40:59 - [TEST_STEP][PASSED] - isRequiredTextPresent = true: null

04-10-2024T23:40:59 - [TEST_STEP][PASSED] - println(isRequiredTextPresent): null

04-10-2024T23:40:59 - [TEST_STEP][PASSED] - if (isRequiredTextPresent): null

04-10-2024T23:40:59 - [TEST_STEP][PASSED] - if (verifyTextPresent("Please verify the following information:", false)): null

04-10-2024T23:40:59 - [MESSAGE][PASSED] - Text 'Please verify the following information:' is present on page 

04-10-2024T23:40:59 - [TEST_STEP][PASSED] - isRequiredTextPresent = true: null

04-10-2024T23:40:59 - [TEST_STEP][PASSED] - println(isRequiredTextPresent): null

04-10-2024T23:40:59 - [TEST_STEP][PASSED] - if (isRequiredTextPresent): null

04-10-2024T23:40:59 - [TEST_STEP][PASSED] - if (verifyTextPresent("Payment Information:", false)): null

04-10-2024T23:40:59 - [MESSAGE][PASSED] - Text 'Payment Information:' is present on page 

04-10-2024T23:40:59 - [TEST_STEP][PASSED] - isRequiredTextPresent = true: null

04-10-2024T23:40:59 - [TEST_STEP][PASSED] - println(isRequiredTextPresent): null

04-10-2024T23:40:59 - [TEST_STEP][PASSED] - if (isRequiredTextPresent): null

04-10-2024T23:40:59 - [TEST_STEP][PASSED] - if (verifyTextPresent("UDF2 Label:", false)): null

04-10-2024T23:41:00 - [MESSAGE][PASSED] - Text 'UDF2 Label:' is present on page 

04-10-2024T23:41:00 - [TEST_STEP][PASSED] - isRequiredTextPresent = true: null

04-10-2024T23:41:00 - [TEST_STEP][PASSED] - println(isRequiredTextPresent): null

04-10-2024T23:41:00 - [TEST_STEP][PASSED] - if (isRequiredTextPresent): null

04-10-2024T23:41:00 - [TEST_STEP][PASSED] - if (verifyTextPresent("UDF3 Label:", false)): null

04-10-2024T23:41:00 - [MESSAGE][PASSED] - Text 'UDF3 Label:' is present on page 

04-10-2024T23:41:00 - [TEST_STEP][PASSED] - isRequiredTextPresent = true: null

04-10-2024T23:41:00 - [TEST_STEP][PASSED] - println(isRequiredTextPresent): null

04-10-2024T23:41:00 - [TEST_STEP][PASSED] - if (isRequiredTextPresent): null

04-10-2024T23:41:00 - [TEST_STEP][PASSED] - if (verifyTextPresent("UDF4 Label:", false)): null

04-10-2024T23:41:00 - [MESSAGE][PASSED] - Text 'UDF4 Label:' is present on page 

04-10-2024T23:41:00 - [TEST_STEP][PASSED] - isRequiredTextPresent = true: null

04-10-2024T23:41:00 - [TEST_STEP][PASSED] - println(isRequiredTextPresent): null

04-10-2024T23:41:00 - [TEST_STEP][PASSED] - if (isRequiredTextPresent): null

04-10-2024T23:41:00 - [TEST_STEP][PASSED] - if (verifyTextPresent("UDF7 Label:", false)): null

04-10-2024T23:41:01 - [MESSAGE][PASSED] - Text 'UDF7 Label:' is present on page 

04-10-2024T23:41:01 - [TEST_STEP][PASSED] - isRequiredTextPresent = true: null

04-10-2024T23:41:01 - [TEST_STEP][PASSED] - println(isRequiredTextPresent): null

04-10-2024T23:41:01 - [TEST_STEP][PASSED] - if (isRequiredTextPresent): null

04-10-2024T23:41:01 - [TEST_STEP][PASSED] - if (verifyTextPresent("UDF8 Label:", false)): null

04-10-2024T23:41:01 - [MESSAGE][PASSED] - Text 'UDF8 Label:' is present on page 

04-10-2024T23:41:01 - [TEST_STEP][PASSED] - isRequiredTextPresent = true: null

04-10-2024T23:41:01 - [TEST_STEP][PASSED] - println(isRequiredTextPresent): null

04-10-2024T23:41:01 - [TEST_STEP][PASSED] - if (isRequiredTextPresent): null

04-10-2024T23:41:01 - [TEST_STEP][PASSED] - if (verifyTextPresent("UDF9 Label:", false)): null

04-10-2024T23:41:01 - [MESSAGE][PASSED] - Text 'UDF9 Label:' is present on page 

04-10-2024T23:41:01 - [TEST_STEP][PASSED] - isRequiredTextPresent = true: null

04-10-2024T23:41:01 - [TEST_STEP][PASSED] - println(isRequiredTextPresent): null

04-10-2024T23:41:01 - [TEST_STEP][PASSED] - if (isRequiredTextPresent): null

04-10-2024T23:41:01 - [TEST_STEP][PASSED] - if (verifyTextPresent("Card Information", false)): null

04-10-2024T23:41:01 - [MESSAGE][PASSED] - Text 'Card Information' is present on page 

04-10-2024T23:41:01 - [TEST_STEP][PASSED] - isRequiredTextPresent = true: null

04-10-2024T23:41:01 - [TEST_STEP][PASSED] - println(isRequiredTextPresent): null

04-10-2024T23:41:01 - [TEST_STEP][PASSED] - if (isRequiredTextPresent): null

04-10-2024T23:41:01 - [TEST_STEP][PASSED] - if (verifyTextPresent("Cardholder's Name:", false)): null

04-10-2024T23:41:02 - [MESSAGE][PASSED] - Text 'Cardholder's Name:' is present on page 

04-10-2024T23:41:02 - [TEST_STEP][PASSED] - isRequiredTextPresent = true: null

04-10-2024T23:41:02 - [TEST_STEP][PASSED] - println(isRequiredTextPresent): null

04-10-2024T23:41:02 - [TEST_STEP][PASSED] - if (isRequiredTextPresent): null

04-10-2024T23:41:02 - [TEST_STEP][PASSED] - if (verifyTextPresent("Card Type:", false)): null

04-10-2024T23:41:02 - [MESSAGE][PASSED] - Text 'Card Type:' is present on page 

04-10-2024T23:41:02 - [TEST_STEP][PASSED] - isRequiredTextPresent = true: null

04-10-2024T23:41:02 - [TEST_STEP][PASSED] - println(isRequiredTextPresent): null

04-10-2024T23:41:02 - [TEST_STEP][PASSED] - if (isRequiredTextPresent): null

04-10-2024T23:41:02 - [TEST_STEP][PASSED] - if (verifyTextPresent("Card Number:", false)): null

04-10-2024T23:41:02 - [MESSAGE][PASSED] - Text 'Card Number:' is present on page 

04-10-2024T23:41:02 - [TEST_STEP][PASSED] - isRequiredTextPresent = true: null

04-10-2024T23:41:02 - [TEST_STEP][PASSED] - println(isRequiredTextPresent): null

04-10-2024T23:41:02 - [TEST_STEP][PASSED] - if (isRequiredTextPresent): null

04-10-2024T23:41:02 - [TEST_STEP][PASSED] - if (verifyTextPresent("Card Security Code:", false)): null

04-10-2024T23:41:02 - [MESSAGE][PASSED] - Text 'Card Security Code:' is present on page 

04-10-2024T23:41:02 - [TEST_STEP][PASSED] - isRequiredTextPresent = true: null

04-10-2024T23:41:02 - [TEST_STEP][PASSED] - println(isRequiredTextPresent): null

04-10-2024T23:41:02 - [TEST_STEP][PASSED] - if (isRequiredTextPresent): null

04-10-2024T23:41:02 - [TEST_STEP][PASSED] - if (verifyTextPresent("Expiration Date:", false)): null

04-10-2024T23:41:03 - [MESSAGE][PASSED] - Text 'Expiration Date:' is present on page 

04-10-2024T23:41:03 - [TEST_STEP][PASSED] - isRequiredTextPresent = true: null

04-10-2024T23:41:03 - [TEST_STEP][PASSED] - println(isRequiredTextPresent): null

04-10-2024T23:41:03 - [TEST_STEP][PASSED] - if (isRequiredTextPresent): null

04-10-2024T23:41:03 - [TEST_STEP][PASSED] - if (verifyTextPresent("Billing Information:", false)): null

04-10-2024T23:41:03 - [MESSAGE][PASSED] - Text 'Billing Information:' is present on page 

04-10-2024T23:41:03 - [TEST_STEP][PASSED] - isRequiredTextPresent = true: null

04-10-2024T23:41:03 - [TEST_STEP][PASSED] - println(isRequiredTextPresent): null

04-10-2024T23:41:03 - [TEST_STEP][PASSED] - if (isRequiredTextPresent): null

04-10-2024T23:41:03 - [TEST_STEP][PASSED] - if (verifyTextPresent("Address Line 1:", false)): null

04-10-2024T23:41:03 - [MESSAGE][PASSED] - Text 'Address Line 1:' is present on page 

04-10-2024T23:41:03 - [TEST_STEP][PASSED] - isRequiredTextPresent = true: null

04-10-2024T23:41:03 - [TEST_STEP][PASSED] - println(isRequiredTextPresent): null

04-10-2024T23:41:03 - [TEST_STEP][PASSED] - if (isRequiredTextPresent): null

04-10-2024T23:41:03 - [TEST_STEP][PASSED] - if (verifyTextPresent("Address Line 2:", false)): null

04-10-2024T23:41:04 - [MESSAGE][PASSED] - Text 'Address Line 2:' is present on page 

04-10-2024T23:41:04 - [TEST_STEP][PASSED] - isRequiredTextPresent = true: null

04-10-2024T23:41:04 - [TEST_STEP][PASSED] - println(isRequiredTextPresent): null

04-10-2024T23:41:04 - [TEST_STEP][PASSED] - if (isRequiredTextPresent): null

04-10-2024T23:41:04 - [TEST_STEP][PASSED] - if (verifyTextPresent("Country:", false)): null

04-10-2024T23:41:04 - [MESSAGE][PASSED] - Text 'Country:' is present on page 

04-10-2024T23:41:04 - [TEST_STEP][PASSED] - isRequiredTextPresent = true: null

04-10-2024T23:41:04 - [TEST_STEP][PASSED] - println(isRequiredTextPresent): null

04-10-2024T23:41:04 - [TEST_STEP][PASSED] - if (isRequiredTextPresent): null

04-10-2024T23:41:04 - [TEST_STEP][PASSED] - if (verifyTextNotPresent("City:", false)): null

04-10-2024T23:41:04 - [MESSAGE][PASSED] - Text 'City:' is not present on page

04-10-2024T23:41:04 - [TEST_STEP][PASSED] - isRequiredTextPresent = true: null

04-10-2024T23:41:04 - [TEST_STEP][PASSED] - println(isRequiredTextPresent): null

04-10-2024T23:41:04 - [TEST_STEP][PASSED] - if (isRequiredTextPresent): null

04-10-2024T23:41:04 - [TEST_STEP][PASSED] - if (verifyTextPresent("State:", false)): null

04-10-2024T23:41:04 - [MESSAGE][PASSED] - Text 'State:' is present on page 

04-10-2024T23:41:04 - [TEST_STEP][PASSED] - isRequiredTextPresent = true: null

04-10-2024T23:41:04 - [TEST_STEP][PASSED] - println(isRequiredTextPresent): null

04-10-2024T23:41:04 - [TEST_STEP][PASSED] - if (isRequiredTextPresent): null

04-10-2024T23:41:04 - [TEST_STEP][PASSED] - if (verifyTextPresent("ZIP Code:", false)): null

04-10-2024T23:41:05 - [MESSAGE][PASSED] - Text 'ZIP Code:' is present on page 

04-10-2024T23:41:05 - [TEST_STEP][PASSED] - isRequiredTextPresent = true: null

04-10-2024T23:41:05 - [TEST_STEP][PASSED] - println(isRequiredTextPresent): null

04-10-2024T23:41:05 - [TEST_STEP][PASSED] - if (isRequiredTextPresent): null

04-10-2024T23:41:05 - [TEST_STEP][PASSED] - if (verifyTextPresent("Email Address:", false)): null

04-10-2024T23:41:05 - [MESSAGE][PASSED] - Text 'Email Address:' is present on page 

04-10-2024T23:41:05 - [TEST_STEP][PASSED] - isRequiredTextPresent = true: null

04-10-2024T23:41:05 - [TEST_STEP][PASSED] - println(isRequiredTextPresent): null

04-10-2024T23:41:05 - [TEST_STEP][PASSED] - if (isRequiredTextPresent): null

04-10-2024T23:41:05 - [TEST_STEP][PASSED] - if (verifyTextPresent("Payment Plan Information:", false)): null

04-10-2024T23:41:05 - [MESSAGE][PASSED] - Text 'Payment Plan Information:' is present on page 

04-10-2024T23:41:05 - [TEST_STEP][PASSED] - isRequiredTextPresent = true: null

04-10-2024T23:41:05 - [TEST_STEP][PASSED] - println(isRequiredTextPresent): null

04-10-2024T23:41:05 - [TEST_STEP][PASSED] - if (isRequiredTextPresent): null

04-10-2024T23:41:05 - [TEST_STEP][PASSED] - if (verifyTextPresent("Payment Plan Type:", false)): null

04-10-2024T23:41:06 - [MESSAGE][PASSED] - Text 'Payment Plan Type:' is present on page 

04-10-2024T23:41:06 - [TEST_STEP][PASSED] - isRequiredTextPresent = true: null

04-10-2024T23:41:06 - [TEST_STEP][PASSED] - println(isRequiredTextPresent): null

04-10-2024T23:41:06 - [TEST_STEP][PASSED] - if (isRequiredTextPresent): null

04-10-2024T23:41:06 - [TEST_STEP][PASSED] - if (verifyTextPresent("Payment Plan Status:", false)): null

04-10-2024T23:41:06 - [MESSAGE][PASSED] - Text 'Payment Plan Status:' is present on page 

04-10-2024T23:41:06 - [TEST_STEP][PASSED] - isRequiredTextPresent = true: null

04-10-2024T23:41:06 - [TEST_STEP][PASSED] - println(isRequiredTextPresent): null

04-10-2024T23:41:06 - [TEST_STEP][PASSED] - if (isRequiredTextPresent): null

04-10-2024T23:41:06 - [TEST_STEP][PASSED] - if (verifyTextPresent("Payment Plan ID:", false)): null

04-10-2024T23:41:06 - [MESSAGE][PASSED] - Text 'Payment Plan ID:' is present on page 

04-10-2024T23:41:06 - [TEST_STEP][PASSED] - isRequiredTextPresent = true: null

04-10-2024T23:41:06 - [TEST_STEP][PASSED] - println(isRequiredTextPresent): null

04-10-2024T23:41:06 - [TEST_STEP][PASSED] - if (isRequiredTextPresent): null

04-10-2024T23:41:06 - [TEST_STEP][PASSED] - if (verifyTextPresent("Payment Plan Start Date:", false)): null

04-10-2024T23:41:06 - [MESSAGE][PASSED] - Text 'Payment Plan Start Date:' is present on page 

04-10-2024T23:41:06 - [TEST_STEP][PASSED] - isRequiredTextPresent = true: null

04-10-2024T23:41:06 - [TEST_STEP][PASSED] - println(isRequiredTextPresent): null

04-10-2024T23:41:06 - [TEST_STEP][PASSED] - if (isRequiredTextPresent): null

04-10-2024T23:41:06 - [TEST_STEP][PASSED] - if (verifyTextPresent("Amount:", false)): null

04-10-2024T23:41:07 - [MESSAGE][PASSED] - Text 'Amount:' is present on page 

04-10-2024T23:41:07 - [TEST_STEP][PASSED] - isRequiredTextPresent = true: null

04-10-2024T23:41:07 - [TEST_STEP][PASSED] - println(isRequiredTextPresent): null

04-10-2024T23:41:07 - [TEST_STEP][PASSED] - if (isRequiredTextPresent == true): pages.WriteExcel.demoKey is PASSED

04-10-2024T23:41:07 - [TEST_STEP][PASSED] - println("All the relevant texts are present on Receipt Page"): null

04-10-2024T23:41:07 - [TEST_STEP][PASSED] - markPassed("All the relevant texts are present on Receipt Page"): All the relevant texts are present on Receipt Page

04-10-2024T23:41:07 - [MESSAGE][PASSED] - All the relevant texts are present on Receipt Page

04-10-2024T23:41:07 - [TEST_STEP][PASSED] - resText = "Pass": null

04-10-2024T23:41:07 - [TEST_STEP][PASSED] - pages.WriteExcel.demoKey(resText, datText, resColumn, datCloumn, fileLoc, nameSheet, row): pages.WriteExcel.demoKey is PASSED

04-10-2024T23:41:07 - [MESSAGE][PASSED] - pages.WriteExcel.demoKey is PASSED

04-10-2024T23:41:07 - [TEST_STEP][PASSED] - closeBrowser(): Browser is closed

04-10-2024T23:41:07 - [MESSAGE][PASSED] - Browser is closed]]></system-out>
         <system-err><![CDATA[]]></system-err>
      </testcase>
      <testcase name="Test Cases/IntegratedWeb/IWP25/Payments/VerifyCancelReceiptLabelsDeferredCorp" time="80.742" classname="Test Cases/IntegratedWeb/IWP25/Payments/VerifyCancelReceiptLabelsDeferredCorp" status="PASSED">
         <system-out><![CDATA[04-10-2024T23:41:07 - [TEST_CASE][PASSED] - Test Cases/IntegratedWeb/IWP25/Payments/VerifyCancelReceiptLabelsDeferredCorp: Test Cases/IntegratedWeb/IWP25/Payments/VerifyCancelReceiptLabelsDeferredCorp

04-10-2024T23:41:08 - [TEST_STEP][PASSED] - resText = "Fail": null

04-10-2024T23:41:08 - [TEST_STEP][PASSED] - resColumn = "Result": null

04-10-2024T23:41:08 - [TEST_STEP][PASSED] - datCloumn = "Date": null

04-10-2024T23:41:08 - [TEST_STEP][PASSED] - fileLoc = "KatalonData/IWPTestData/VRelay25PaymentsExtension.xlsx": null

04-10-2024T23:41:08 - [TEST_STEP][PASSED] - numOfRows = <not implemented yet for class: org.codehaus.groovy.ast.expr.EmptyExpression>: null

04-10-2024T23:41:08 - [TEST_STEP][PASSED] - dataFile = <not implemented yet for class: org.codehaus.groovy.ast.expr.EmptyExpression>: null

04-10-2024T23:41:08 - [TEST_STEP][PASSED] - nameSheet = <not implemented yet for class: org.codehaus.groovy.ast.expr.EmptyExpression>: null

04-10-2024T23:41:08 - [TEST_STEP][PASSED] - dataFileEmulator = <not implemented yet for class: org.codehaus.groovy.ast.expr.EmptyExpression>: null

04-10-2024T23:41:08 - [TEST_STEP][PASSED] - isRequiredTextPresent = false: null

04-10-2024T23:41:08 - [TEST_STEP][PASSED] - nameSheet = "VerifyCancelLabelDeferredCorp": null

04-10-2024T23:41:08 - [TEST_STEP][PASSED] - dataFile = getExcelDataWithDefaultSheet("KatalonData/IWPTestData/VRelay25PaymentsExtension.xlsx", nameSheet, true): null

04-10-2024T23:41:08 - [TEST_STEP][PASSED] - dataFileEmulator = "IWPTestData/EmulatorData": null

04-10-2024T23:41:08 - [TEST_STEP][PASSED] - numOfRows = dataFile.getRowNumbers(): null

04-10-2024T23:41:08 - [TEST_STEP][PASSED] - println("Number of Records: " + numOfRows): null

04-10-2024T23:41:08 - [TEST_STEP][PASSED] - for ([row = 1, row <= numOfRows, (row++)]): Browser is closed

04-10-2024T23:41:08 - [TEST_STEP][PASSED] - ExecuteTC = dataFile.getValue("Execute", row): null

04-10-2024T23:41:08 - [TEST_STEP][PASSED] - out.println("Value of Execute is : " + ExecuteTC): null

04-10-2024T23:41:08 - [TEST_STEP][PASSED] - if (ExecuteTC.equalsIgnoreCase("Y")): null

04-10-2024T23:41:08 - [TEST_STEP][PASSED] - out.println("Begin Record Number: " + row): null

04-10-2024T23:41:08 - [TEST_STEP][PASSED] - today = new java.util.Date(): null

04-10-2024T23:41:08 - [TEST_STEP][PASSED] - println(today): null

04-10-2024T23:41:08 - [TEST_STEP][PASSED] - datText = today: null

04-10-2024T23:41:08 - [TEST_STEP][PASSED] - EmulatorDataKey = dataFile.getValue("EmulatorData", row): null

04-10-2024T23:41:08 - [TEST_STEP][PASSED] - out.println("Value of Emulator Key is : " + EmulatorDataKey): null

04-10-2024T23:41:08 - [TEST_STEP][PASSED] - iwpPages.emulatorIWP30.setDataEmulator_DD(EmulatorDataKey): iwpPages.emulatorIWP30.setDataEmulator_DD is PASSED

04-10-2024T23:41:08 - [MESSAGE][INFO] - Starting 'Edge Chromium' driver

04-10-2024T23:41:08 - [MESSAGE][INFO] - User set preference: ['acceptInsecureCerts', 'true']

04-10-2024T23:41:10 - [MESSAGE][INFO] - Action delay is set to 0 milliseconds

04-10-2024T23:41:14 - [MESSAGE][PASSED] - Browser is opened with url: 'https://qa.velocitypayment.com/agency/config.do?action=editor&message_version=2_5'

04-10-2024T23:41:14 - [MESSAGE][PASSED] - Current window maximized

04-10-2024T23:41:15 - [MESSAGE][PASSED] - All options with value '2.5' are selected in object 'Object Repository/IWP30/Page_VRelay30Emulator/MV'  using regular expression

04-10-2024T23:41:15 - [MESSAGE][PASSED] - Text '10.50' is set on object 'Object Repository/IWP30/Page_VRelay30Emulator/Amount'

04-10-2024T23:41:16 - [MESSAGE][PASSED] - Text 'ZcCy9Camfbc8' is set on object 'Object Repository/IWP30/Page_VRelay30Emulator/CAN'

04-10-2024T23:41:17 - [MESSAGE][PASSED] - Text 'PayNow' is set on object 'Object Repository/IWP30/Page_VRelay30Emulator/Action'

04-10-2024T23:41:17 - [MESSAGE][PASSED] - Text 'en_US' is set on object 'Object Repository/IWP30/Page_VRelay30Emulator/Lang'

04-10-2024T23:41:18 - [MESSAGE][PASSED] - Text '' is set on object 'Object Repository/IWP30/Page_VRelay30Emulator/Fname'

04-10-2024T23:41:18 - [MESSAGE][PASSED] - Text '' is set on object 'Object Repository/IWP30/Page_VRelay30Emulator/Lname'

04-10-2024T23:41:19 - [MESSAGE][PASSED] - Text '' is set on object 'Object Repository/IWP30/Page_VRelay30Emulator/AL1'

04-10-2024T23:41:20 - [MESSAGE][PASSED] - Text '' is set on object 'Object Repository/IWP30/Page_VRelay30Emulator/AL2'

04-10-2024T23:41:20 - [MESSAGE][PASSED] - Text '' is set on object 'Object Repository/IWP30/Page_VRelay30Emulator/Country'

04-10-2024T23:41:21 - [MESSAGE][PASSED] - Text '' is set on object 'Object Repository/IWP30/Page_VRelay30Emulator/City'

04-10-2024T23:41:21 - [MESSAGE][PASSED] - Text '' is set on object 'Object Repository/IWP30/Page_VRelay30Emulator/State'

04-10-2024T23:41:22 - [MESSAGE][PASSED] - Text '' is set on object 'Object Repository/IWP30/Page_VRelay30Emulator/ZIP'

04-10-2024T23:41:23 - [MESSAGE][PASSED] - Text '' is set on object 'Object Repository/IWP30/Page_VRelay30Emulator/Order'

04-10-2024T23:41:23 - [MESSAGE][PASSED] - Text '' is set on object 'Object Repository/IWP30/Page_VRelay30Emulator/Company'

04-10-2024T23:41:24 - [MESSAGE][PASSED] - Text '' is set on object 'Object Repository/IWP30/Page_VRelay30Emulator/Email'

04-10-2024T23:41:24 - [MESSAGE][PASSED] - Text '' is set on object 'Object Repository/IWP30/Page_VRelay30Emulator/UDF1'

04-10-2024T23:41:25 - [MESSAGE][PASSED] - Text '' is set on object 'Object Repository/IWP30/Page_VRelay30Emulator/UDF2'

04-10-2024T23:41:25 - [MESSAGE][PASSED] - Text '' is set on object 'Object Repository/IWP30/Page_VRelay30Emulator/UDF3'

04-10-2024T23:41:26 - [MESSAGE][PASSED] - Text 'udf data 4' is set on object 'Object Repository/IWP30/Page_VRelay30Emulator/UDF4'

04-10-2024T23:41:27 - [MESSAGE][PASSED] - Text 'udf data 5' is set on object 'Object Repository/IWP30/Page_VRelay30Emulator/UDF5'

04-10-2024T23:41:27 - [MESSAGE][PASSED] - Text '' is set on object 'Object Repository/IWP30/Page_VRelay30Emulator/UDF6'

04-10-2024T23:41:28 - [MESSAGE][PASSED] - Text '' is set on object 'Object Repository/IWP30/Page_VRelay30Emulator/UDF7'

04-10-2024T23:41:28 - [MESSAGE][PASSED] - Text '' is set on object 'Object Repository/IWP30/Page_VRelay30Emulator/UDF8'

04-10-2024T23:41:29 - [MESSAGE][PASSED] - Text 'udf data 9' is set on object 'Object Repository/IWP30/Page_VRelay30Emulator/UDF9'

04-10-2024T23:41:30 - [MESSAGE][PASSED] - Text 'udf data 10' is set on object 'Object Repository/IWP30/Page_VRelay30Emulator/UDF10'

04-10-2024T23:41:31 - [MESSAGE][PASSED] - Object: 'Object Repository/IWP30/Page_VRelay30Emulator/Submit' is clicked on

04-10-2024T23:41:35 - [MESSAGE][PASSED] - Browser is closed

04-10-2024T23:41:39 - [MESSAGE][PASSED] - iwpPages.emulatorIWP30.setDataEmulator_DD is PASSED

04-10-2024T23:41:39 - [TEST_STEP][PASSED] - testHarnessURL = urlTestHarness: null

04-10-2024T23:41:39 - [TEST_STEP][PASSED] - openBrowser(testHarnessURL): Browser is opened with url: 'https://dev-algorithm.govolution.com/vrelaytest/QA/version_2_2/vrelaytest.html'

04-10-2024T23:41:39 - [MESSAGE][INFO] - Starting 'Edge Chromium' driver

04-10-2024T23:41:39 - [MESSAGE][INFO] - User set preference: ['acceptInsecureCerts', 'true']

04-10-2024T23:41:41 - [MESSAGE][INFO] - Action delay is set to 0 milliseconds

04-10-2024T23:41:45 - [MESSAGE][PASSED] - Browser is opened with url: 'https://dev-algorithm.govolution.com/vrelaytest/QA/version_2_2/vrelaytest.html'

04-10-2024T23:41:45 - [TEST_STEP][PASSED] - maximizeWindow(): Current window maximized

04-10-2024T23:41:45 - [MESSAGE][PASSED] - Current window maximized

04-10-2024T23:41:45 - [TEST_STEP][PASSED] - iwpPages.TestHarnessPage.setDataMethodEF(row, dataFile): iwpPages.TestHarnessPage.setDataMethodEF is PASSED

04-10-2024T23:41:45 - [MESSAGE][PASSED] - Object 'Object Repository/IWP30/Page_QATestHarness/RemittanceID' is present

04-10-2024T23:41:46 - [MESSAGE][PASSED] - Text '638' is set on object 'Object Repository/IWP30/Page_QATestHarness/ApplicationID'

04-10-2024T23:41:47 - [MESSAGE][PASSED] - Text '2.5' is set on object 'Object Repository/IWP30/Page_QATestHarness/MessageVersion'

04-10-2024T23:41:47 - [MESSAGE][PASSED] - Text 'NZhF3b5OTG19' is set on object 'Object Repository/IWP30/Page_QATestHarness/RemittanceID'

04-10-2024T23:41:50 - [MESSAGE][PASSED] - Object: 'Object Repository/IWP30/Page_QATestHarness/SubmitButton' is clicked on

04-10-2024T23:41:50 - [MESSAGE][PASSED] - iwpPages.TestHarnessPage.setDataMethodEF is PASSED

04-10-2024T23:41:50 - [TEST_STEP][PASSED] - click(findTestObject("Object Repository/IWP30/Page_SelectPaymentMethod/PayByCorporateCheck")): Object: 'Object Repository/IWP30/Page_SelectPaymentMethod/PayByCorporateCheck' is clicked on

04-10-2024T23:41:51 - [MESSAGE][PASSED] - Object: 'Object Repository/IWP30/Page_SelectPaymentMethod/PayByCorporateCheck' is clicked on

04-10-2024T23:41:51 - [TEST_STEP][PASSED] - click(findTestObject("Object Repository/IWP30/Page_SelectPaymentMethod/MakePaymentButton")): Object: 'Object Repository/IWP30/Page_SelectPaymentMethod/MakePaymentButton' is clicked on

04-10-2024T23:41:52 - [MESSAGE][PASSED] - Object: 'Object Repository/IWP30/Page_SelectPaymentMethod/MakePaymentButton' is clicked on

04-10-2024T23:41:52 - [TEST_STEP][PASSED] - iwpPages.achCorporatePaymentEntryPage.setDataCorporate(row, dataFile): iwpPages.achCorporatePaymentEntryPage.setDataCorporate is PASSED

04-10-2024T23:41:53 - [MESSAGE][PASSED] - Object 'Object Repository/IWP30/Page_ACHCorporatePaymentEntry/txt_accountNumber' is present

04-10-2024T23:41:53 - [MESSAGE][PASSED] - Object 'Object Repository/IWP30/Page_ACHCorporatePaymentEntry/input_CompanyName' is present

04-10-2024T23:41:54 - [MESSAGE][PASSED] - Text 'My Company' is set on object 'Object Repository/IWP30/Page_ACHCorporatePaymentEntry/input_CompanyName'

04-10-2024T23:41:54 - [MESSAGE][PASSED] - Object 'Object Repository/IWP30/Page_ACHCorporatePaymentEntry/input_EIN' is present

04-10-2024T23:41:54 - [MESSAGE][PASSED] - Text '123456789' is set on object 'Object Repository/IWP30/Page_ACHCorporatePaymentEntry/input_EIN'

04-10-2024T23:41:55 - [MESSAGE][PASSED] - Text '10.50' is set on object 'Object Repository/IWP30/Page_ACHCorporatePaymentEntry/txt_Amount'

04-10-2024T23:41:56 - [MESSAGE][PASSED] - Text 'udf data 2' is set on object 'Object Repository/IWP30/Page_ACHCorporatePaymentEntry/txt_UDF2'

04-10-2024T23:41:56 - [MESSAGE][PASSED] - Text 'udf data 3' is set on object 'Object Repository/IWP30/Page_ACHCorporatePaymentEntry/txt_UDF3'

04-10-2024T23:41:57 - [MESSAGE][PASSED] - All options with label 'Orange' are selected in object 'Object Repository/IWP30/Page_ACHCorporatePaymentEntry/dd_UDF7' 

04-10-2024T23:41:57 - [MESSAGE][PASSED] - All options with label 'Soccer' are selected in object 'Object Repository/IWP30/Page_ACHCorporatePaymentEntry/dd_UDF8' 

04-10-2024T23:41:58 - [MESSAGE][PASSED] - Object 'Object Repository/IWP30/Page_ACHCorporatePaymentEntry/txt_routingNumber' is present

04-10-2024T23:41:58 - [MESSAGE][PASSED] - Text '256072691' is set on object 'Object Repository/IWP30/Page_ACHCorporatePaymentEntry/txt_routingNumber'

04-10-2024T23:41:59 - [MESSAGE][PASSED] - Object 'Object Repository/IWP30/Page_ACHCorporatePaymentEntry/txt_accountNumber' is present

04-10-2024T23:42:00 - [MESSAGE][PASSED] - Text '12344444' is set on object 'Object Repository/IWP30/Page_ACHCorporatePaymentEntry/txt_accountNumber'

04-10-2024T23:42:00 - [MESSAGE][PASSED] - Object 'Object Repository/IWP30/Page_ACHCorporatePaymentEntry/txt_confirmAccountNumber' is present

04-10-2024T23:42:01 - [MESSAGE][PASSED] - Text '12344444' is set on object 'Object Repository/IWP30/Page_ACHCorporatePaymentEntry/txt_confirmAccountNumber'

04-10-2024T23:42:01 - [MESSAGE][PASSED] - Execute JavaScript '
				   document.getElementById('processDate').value = '08/09/2025'
				  ' successfully

04-10-2024T23:42:02 - [MESSAGE][PASSED] - Text '365 Main Avenue' is set on object 'Object Repository/IWP30/Page_ACHCorporatePaymentEntry/txt_AL1'

04-10-2024T23:42:02 - [MESSAGE][PASSED] - Text 'Ohio' is set on object 'Object Repository/IWP30/Page_ACHCorporatePaymentEntry/txt_AL2'

04-10-2024T23:42:03 - [MESSAGE][PASSED] - Text '22201' is set on object 'Object Repository/IWP30/Page_ACHCorporatePaymentEntry/txt_ZIP'

04-10-2024T23:42:03 - [MESSAGE][PASSED] - Object 'Object Repository/IWP30/Page_ACHCorporatePaymentEntry/txt_Email' is present

04-10-2024T23:42:04 - [MESSAGE][PASSED] - Text 'iahmed@govolution.com' is set on object 'Object Repository/IWP30/Page_ACHCorporatePaymentEntry/txt_Email'

04-10-2024T23:42:04 - [MESSAGE][PASSED] - Object 'Object Repository/IWP30/Page_ACHCorporatePaymentEntry/cb_TermsAndCond' is present

04-10-2024T23:42:05 - [MESSAGE][PASSED] - Object: 'Object Repository/IWP30/Page_ACHCorporatePaymentEntry/cb_TermsAndCond' is clicked on

04-10-2024T23:42:05 - [MESSAGE][PASSED] - Object 'Object Repository/IWP30/Page_ACHCorporatePaymentEntry/btn_Continue' is present

04-10-2024T23:42:06 - [MESSAGE][PASSED] - Object: 'Object Repository/IWP30/Page_ACHCorporatePaymentEntry/btn_Continue' is clicked on

04-10-2024T23:42:06 - [MESSAGE][PASSED] - iwpPages.achCorporatePaymentEntryPage.setDataCorporate is PASSED

04-10-2024T23:42:06 - [TEST_STEP][PASSED] - click(findTestObject("Object Repository/IWP30/Page_Confirmation/ConfirmButton")): Object: 'Object Repository/IWP30/Page_Confirmation/ConfirmButton' is clicked on

04-10-2024T23:42:08 - [MESSAGE][PASSED] - Object: 'Object Repository/IWP30/Page_Confirmation/ConfirmButton' is clicked on

04-10-2024T23:42:08 - [TEST_STEP][PASSED] - Thread.sleep(2000): null

04-10-2024T23:42:10 - [TEST_STEP][PASSED] - if (verifyTextPresent("Deferred", false)): null

04-10-2024T23:42:10 - [MESSAGE][PASSED] - Text 'Deferred' is present on page 

04-10-2024T23:42:10 - [TEST_STEP][PASSED] - click(findTestObject("Object Repository/IWP30/Page_Receipt/ViewScheduledPaymentsButton")): Object: 'Object Repository/IWP30/Page_Receipt/ViewScheduledPaymentsButton' is clicked on

04-10-2024T23:42:11 - [MESSAGE][PASSED] - Object: 'Object Repository/IWP30/Page_Receipt/ViewScheduledPaymentsButton' is clicked on

04-10-2024T23:42:11 - [TEST_STEP][PASSED] - switchToWindowTitle("View Scheduled Payments"): Switched to window with title: 'View Scheduled Payments'

04-10-2024T23:42:11 - [MESSAGE][PASSED] - Switched to window with title: 'View Scheduled Payments'

04-10-2024T23:42:11 - [TEST_STEP][PASSED] - Thread.sleep(5000): null

04-10-2024T23:42:16 - [TEST_STEP][PASSED] - if (verifyTextPresent("View Scheduled Payments", false)): null

04-10-2024T23:42:16 - [MESSAGE][PASSED] - Text 'View Scheduled Payments' is present on page 

04-10-2024T23:42:16 - [TEST_STEP][PASSED] - click(findTestObject("Object Repository/IWP30/Page_ScheduledPayments/cancel_payment")): Object: 'Object Repository/IWP30/Page_ScheduledPayments/cancel_payment' is clicked on

04-10-2024T23:42:18 - [MESSAGE][PASSED] - Object: 'Object Repository/IWP30/Page_ScheduledPayments/cancel_payment' is clicked on

04-10-2024T23:42:18 - [TEST_STEP][PASSED] - if (verifyTextPresent("Cancel Payment Plan", false)): null

04-10-2024T23:42:18 - [MESSAGE][PASSED] - Text 'Cancel Payment Plan' is present on page 

04-10-2024T23:42:18 - [TEST_STEP][PASSED] - click(findTestObject("Object Repository/IWP30/Page_PaymentPlan/btn_cancel")): Object: 'Object Repository/IWP30/Page_PaymentPlan/btn_cancel' is clicked on

04-10-2024T23:42:18 - [MESSAGE][PASSED] - Object: 'Object Repository/IWP30/Page_PaymentPlan/btn_cancel' is clicked on

04-10-2024T23:42:18 - [TEST_STEP][PASSED] - acceptAlert(): Alert accepted

04-10-2024T23:42:18 - [MESSAGE][PASSED] - Alert accepted

04-10-2024T23:42:18 - [TEST_STEP][PASSED] - if (verifyTextPresent("Your payment plan has been successfully canceled", false)): null

04-10-2024T23:42:20 - [MESSAGE][PASSED] - Text 'Your payment plan has been successfully canceled' is present on page 

04-10-2024T23:42:20 - [TEST_STEP][PASSED] - isRequiredTextPresent = true: null

04-10-2024T23:42:20 - [TEST_STEP][PASSED] - println(isRequiredTextPresent): null

04-10-2024T23:42:20 - [TEST_STEP][PASSED] - if (isRequiredTextPresent): null

04-10-2024T23:42:20 - [TEST_STEP][PASSED] - if (verifyTextPresent("CAN Label:", false)): null

04-10-2024T23:42:20 - [MESSAGE][PASSED] - Text 'CAN Label:' is present on page 

04-10-2024T23:42:20 - [TEST_STEP][PASSED] - isRequiredTextPresent = true: null

04-10-2024T23:42:20 - [TEST_STEP][PASSED] - println(isRequiredTextPresent): null

04-10-2024T23:42:20 - [TEST_STEP][PASSED] - if (isRequiredTextPresent): null

04-10-2024T23:42:20 - [TEST_STEP][PASSED] - if (verifyTextPresent("Please verify the following information:", false)): null

04-10-2024T23:42:20 - [MESSAGE][PASSED] - Text 'Please verify the following information:' is present on page 

04-10-2024T23:42:20 - [TEST_STEP][PASSED] - isRequiredTextPresent = true: null

04-10-2024T23:42:20 - [TEST_STEP][PASSED] - println(isRequiredTextPresent): null

04-10-2024T23:42:20 - [TEST_STEP][PASSED] - if (isRequiredTextPresent): null

04-10-2024T23:42:20 - [TEST_STEP][PASSED] - if (verifyTextPresent("Payment Information:", false)): null

04-10-2024T23:42:21 - [MESSAGE][PASSED] - Text 'Payment Information:' is present on page 

04-10-2024T23:42:21 - [TEST_STEP][PASSED] - isRequiredTextPresent = true: null

04-10-2024T23:42:21 - [TEST_STEP][PASSED] - println(isRequiredTextPresent): null

04-10-2024T23:42:21 - [TEST_STEP][PASSED] - if (isRequiredTextPresent): null

04-10-2024T23:42:21 - [TEST_STEP][PASSED] - if (verifyTextPresent("UDF2 Label:", false)): null

04-10-2024T23:42:21 - [MESSAGE][PASSED] - Text 'UDF2 Label:' is present on page 

04-10-2024T23:42:21 - [TEST_STEP][PASSED] - isRequiredTextPresent = true: null

04-10-2024T23:42:21 - [TEST_STEP][PASSED] - println(isRequiredTextPresent): null

04-10-2024T23:42:21 - [TEST_STEP][PASSED] - if (isRequiredTextPresent): null

04-10-2024T23:42:21 - [TEST_STEP][PASSED] - if (verifyTextPresent("UDF3 Label:", false)): null

04-10-2024T23:42:21 - [MESSAGE][PASSED] - Text 'UDF3 Label:' is present on page 

04-10-2024T23:42:21 - [TEST_STEP][PASSED] - isRequiredTextPresent = true: null

04-10-2024T23:42:21 - [TEST_STEP][PASSED] - println(isRequiredTextPresent): null

04-10-2024T23:42:21 - [TEST_STEP][PASSED] - if (isRequiredTextPresent): null

04-10-2024T23:42:21 - [TEST_STEP][PASSED] - if (verifyTextPresent("UDF4 Label:", false)): null

04-10-2024T23:42:21 - [MESSAGE][PASSED] - Text 'UDF4 Label:' is present on page 

04-10-2024T23:42:21 - [TEST_STEP][PASSED] - isRequiredTextPresent = true: null

04-10-2024T23:42:21 - [TEST_STEP][PASSED] - println(isRequiredTextPresent): null

04-10-2024T23:42:21 - [TEST_STEP][PASSED] - if (isRequiredTextPresent): null

04-10-2024T23:42:21 - [TEST_STEP][PASSED] - if (verifyTextPresent("UDF7 Label:", false)): null

04-10-2024T23:42:22 - [MESSAGE][PASSED] - Text 'UDF7 Label:' is present on page 

04-10-2024T23:42:22 - [TEST_STEP][PASSED] - isRequiredTextPresent = true: null

04-10-2024T23:42:22 - [TEST_STEP][PASSED] - println(isRequiredTextPresent): null

04-10-2024T23:42:22 - [TEST_STEP][PASSED] - if (isRequiredTextPresent): null

04-10-2024T23:42:22 - [TEST_STEP][PASSED] - if (verifyTextPresent("UDF8 Label:", false)): null

04-10-2024T23:42:22 - [MESSAGE][PASSED] - Text 'UDF8 Label:' is present on page 

04-10-2024T23:42:22 - [TEST_STEP][PASSED] - isRequiredTextPresent = true: null

04-10-2024T23:42:22 - [TEST_STEP][PASSED] - println(isRequiredTextPresent): null

04-10-2024T23:42:22 - [TEST_STEP][PASSED] - if (isRequiredTextPresent): null

04-10-2024T23:42:22 - [TEST_STEP][PASSED] - if (verifyTextPresent("UDF9 Label:", false)): null

04-10-2024T23:42:22 - [MESSAGE][PASSED] - Text 'UDF9 Label:' is present on page 

04-10-2024T23:42:22 - [TEST_STEP][PASSED] - isRequiredTextPresent = true: null

04-10-2024T23:42:22 - [TEST_STEP][PASSED] - println(isRequiredTextPresent): null

04-10-2024T23:42:22 - [TEST_STEP][PASSED] - if (isRequiredTextPresent): null

04-10-2024T23:42:22 - [TEST_STEP][PASSED] - if (verifyTextPresent("Account Information", false)): null

04-10-2024T23:42:22 - [MESSAGE][PASSED] - Text 'Account Information' is present on page 

04-10-2024T23:42:22 - [TEST_STEP][PASSED] - isRequiredTextPresent = true: null

04-10-2024T23:42:22 - [TEST_STEP][PASSED] - println(isRequiredTextPresent): null

04-10-2024T23:42:22 - [TEST_STEP][PASSED] - if (isRequiredTextPresent): null

04-10-2024T23:42:22 - [TEST_STEP][PASSED] - if (verifyTextPresent("Routing Transit Number:", false)): null

04-10-2024T23:42:23 - [MESSAGE][PASSED] - Text 'Routing Transit Number:' is present on page 

04-10-2024T23:42:23 - [TEST_STEP][PASSED] - isRequiredTextPresent = true: null

04-10-2024T23:42:23 - [TEST_STEP][PASSED] - println(isRequiredTextPresent): null

04-10-2024T23:42:23 - [TEST_STEP][PASSED] - if (isRequiredTextPresent): null

04-10-2024T23:42:23 - [TEST_STEP][PASSED] - if (verifyTextPresent("Account Number:", false)): null

04-10-2024T23:42:23 - [MESSAGE][PASSED] - Text 'Account Number:' is present on page 

04-10-2024T23:42:23 - [TEST_STEP][PASSED] - isRequiredTextPresent = true: null

04-10-2024T23:42:23 - [TEST_STEP][PASSED] - println(isRequiredTextPresent): null

04-10-2024T23:42:23 - [TEST_STEP][PASSED] - if (isRequiredTextPresent): null

04-10-2024T23:42:23 - [TEST_STEP][PASSED] - if (verifyTextPresent("Company Name:", false)): null

04-10-2024T23:42:23 - [MESSAGE][PASSED] - Text 'Company Name:' is present on page 

04-10-2024T23:42:23 - [TEST_STEP][PASSED] - isRequiredTextPresent = true: null

04-10-2024T23:42:23 - [TEST_STEP][PASSED] - println(isRequiredTextPresent): null

04-10-2024T23:42:23 - [TEST_STEP][PASSED] - if (isRequiredTextPresent): null

04-10-2024T23:42:23 - [TEST_STEP][PASSED] - if (verifyTextPresent("Employer Identification Number (EIN):", false)): null

04-10-2024T23:42:24 - [MESSAGE][PASSED] - Text 'Employer Identification Number (EIN):' is present on page 

04-10-2024T23:42:24 - [TEST_STEP][PASSED] - isRequiredTextPresent = true: null

04-10-2024T23:42:24 - [TEST_STEP][PASSED] - println(isRequiredTextPresent): null

04-10-2024T23:42:24 - [TEST_STEP][PASSED] - if (isRequiredTextPresent): null

04-10-2024T23:42:24 - [TEST_STEP][PASSED] - if (verifyTextPresent("Type of Account:", false)): null

04-10-2024T23:42:24 - [MESSAGE][PASSED] - Text 'Type of Account:' is present on page 

04-10-2024T23:42:24 - [TEST_STEP][PASSED] - isRequiredTextPresent = true: null

04-10-2024T23:42:24 - [TEST_STEP][PASSED] - println(isRequiredTextPresent): null

04-10-2024T23:42:24 - [TEST_STEP][PASSED] - if (isRequiredTextPresent): null

04-10-2024T23:42:24 - [TEST_STEP][PASSED] - if (verifyTextPresent("Address Line 1:", false)): null

04-10-2024T23:42:24 - [MESSAGE][PASSED] - Text 'Address Line 1:' is present on page 

04-10-2024T23:42:24 - [TEST_STEP][PASSED] - isRequiredTextPresent = true: null

04-10-2024T23:42:24 - [TEST_STEP][PASSED] - println(isRequiredTextPresent): null

04-10-2024T23:42:24 - [TEST_STEP][PASSED] - if (isRequiredTextPresent): null

04-10-2024T23:42:24 - [TEST_STEP][PASSED] - if (verifyTextPresent("Address Line 2:", false)): null

04-10-2024T23:42:24 - [MESSAGE][PASSED] - Text 'Address Line 2:' is present on page 

04-10-2024T23:42:24 - [TEST_STEP][PASSED] - isRequiredTextPresent = true: null

04-10-2024T23:42:24 - [TEST_STEP][PASSED] - println(isRequiredTextPresent): null

04-10-2024T23:42:24 - [TEST_STEP][PASSED] - if (isRequiredTextPresent): null

04-10-2024T23:42:24 - [TEST_STEP][PASSED] - if (verifyTextPresent("Country:", false)): null

04-10-2024T23:42:25 - [MESSAGE][PASSED] - Text 'Country:' is present on page 

04-10-2024T23:42:25 - [TEST_STEP][PASSED] - isRequiredTextPresent = true: null

04-10-2024T23:42:25 - [TEST_STEP][PASSED] - println(isRequiredTextPresent): null

04-10-2024T23:42:25 - [TEST_STEP][PASSED] - if (isRequiredTextPresent): null

04-10-2024T23:42:25 - [TEST_STEP][PASSED] - if (verifyTextPresent("City:", false)): null

04-10-2024T23:42:25 - [MESSAGE][PASSED] - Text 'City:' is present on page 

04-10-2024T23:42:25 - [TEST_STEP][PASSED] - isRequiredTextPresent = true: null

04-10-2024T23:42:25 - [TEST_STEP][PASSED] - println(isRequiredTextPresent): null

04-10-2024T23:42:25 - [TEST_STEP][PASSED] - if (isRequiredTextPresent): null

04-10-2024T23:42:25 - [TEST_STEP][PASSED] - if (verifyTextPresent("State:", false)): null

04-10-2024T23:42:25 - [MESSAGE][PASSED] - Text 'State:' is present on page 

04-10-2024T23:42:25 - [TEST_STEP][PASSED] - isRequiredTextPresent = true: null

04-10-2024T23:42:25 - [TEST_STEP][PASSED] - println(isRequiredTextPresent): null

04-10-2024T23:42:25 - [TEST_STEP][PASSED] - if (isRequiredTextPresent): null

04-10-2024T23:42:25 - [TEST_STEP][PASSED] - if (verifyTextPresent("ZIP Code:", false)): null

04-10-2024T23:42:26 - [MESSAGE][PASSED] - Text 'ZIP Code:' is present on page 

04-10-2024T23:42:26 - [TEST_STEP][PASSED] - isRequiredTextPresent = true: null

04-10-2024T23:42:26 - [TEST_STEP][PASSED] - println(isRequiredTextPresent): null

04-10-2024T23:42:26 - [TEST_STEP][PASSED] - if (isRequiredTextPresent): null

04-10-2024T23:42:26 - [TEST_STEP][PASSED] - if (verifyTextPresent("Email Address:", false)): null

04-10-2024T23:42:26 - [MESSAGE][PASSED] - Text 'Email Address:' is present on page 

04-10-2024T23:42:26 - [TEST_STEP][PASSED] - isRequiredTextPresent = true: null

04-10-2024T23:42:26 - [TEST_STEP][PASSED] - println(isRequiredTextPresent): null

04-10-2024T23:42:26 - [TEST_STEP][PASSED] - if (isRequiredTextPresent): null

04-10-2024T23:42:26 - [TEST_STEP][PASSED] - if (verifyTextPresent("Payment Plan Information:", false)): null

04-10-2024T23:42:26 - [MESSAGE][PASSED] - Text 'Payment Plan Information:' is present on page 

04-10-2024T23:42:26 - [TEST_STEP][PASSED] - isRequiredTextPresent = true: null

04-10-2024T23:42:26 - [TEST_STEP][PASSED] - println(isRequiredTextPresent): null

04-10-2024T23:42:26 - [TEST_STEP][PASSED] - if (isRequiredTextPresent): null

04-10-2024T23:42:26 - [TEST_STEP][PASSED] - if (verifyTextPresent("Payment Plan Type:", false)): null

04-10-2024T23:42:26 - [MESSAGE][PASSED] - Text 'Payment Plan Type:' is present on page 

04-10-2024T23:42:26 - [TEST_STEP][PASSED] - isRequiredTextPresent = true: null

04-10-2024T23:42:26 - [TEST_STEP][PASSED] - println(isRequiredTextPresent): null

04-10-2024T23:42:26 - [TEST_STEP][PASSED] - if (isRequiredTextPresent): null

04-10-2024T23:42:26 - [TEST_STEP][PASSED] - if (verifyTextPresent("Payment Plan Status:", false)): null

04-10-2024T23:42:27 - [MESSAGE][PASSED] - Text 'Payment Plan Status:' is present on page 

04-10-2024T23:42:27 - [TEST_STEP][PASSED] - isRequiredTextPresent = true: null

04-10-2024T23:42:27 - [TEST_STEP][PASSED] - println(isRequiredTextPresent): null

04-10-2024T23:42:27 - [TEST_STEP][PASSED] - if (isRequiredTextPresent): null

04-10-2024T23:42:27 - [TEST_STEP][PASSED] - if (verifyTextPresent("Payment Plan ID:", false)): null

04-10-2024T23:42:27 - [MESSAGE][PASSED] - Text 'Payment Plan ID:' is present on page 

04-10-2024T23:42:27 - [TEST_STEP][PASSED] - isRequiredTextPresent = true: null

04-10-2024T23:42:27 - [TEST_STEP][PASSED] - println(isRequiredTextPresent): null

04-10-2024T23:42:27 - [TEST_STEP][PASSED] - if (isRequiredTextPresent): null

04-10-2024T23:42:27 - [TEST_STEP][PASSED] - if (verifyTextPresent("Payment Plan Start Date:", false)): null

04-10-2024T23:42:27 - [MESSAGE][PASSED] - Text 'Payment Plan Start Date:' is present on page 

04-10-2024T23:42:27 - [TEST_STEP][PASSED] - isRequiredTextPresent = true: null

04-10-2024T23:42:27 - [TEST_STEP][PASSED] - println(isRequiredTextPresent): null

04-10-2024T23:42:27 - [TEST_STEP][PASSED] - if (isRequiredTextPresent): null

04-10-2024T23:42:27 - [TEST_STEP][PASSED] - if (verifyTextPresent("Amount:", false)): null

04-10-2024T23:42:27 - [MESSAGE][PASSED] - Text 'Amount:' is present on page 

04-10-2024T23:42:27 - [TEST_STEP][PASSED] - isRequiredTextPresent = true: null

04-10-2024T23:42:27 - [TEST_STEP][PASSED] - println(isRequiredTextPresent): null

04-10-2024T23:42:27 - [TEST_STEP][PASSED] - if (isRequiredTextPresent == true): pages.WriteExcel.demoKey is PASSED

04-10-2024T23:42:27 - [TEST_STEP][PASSED] - println("All the relevant texts are present on Receipt Page"): null

04-10-2024T23:42:27 - [TEST_STEP][PASSED] - markPassed("All the relevant texts are present on Receipt Page"): All the relevant texts are present on Receipt Page

04-10-2024T23:42:27 - [MESSAGE][PASSED] - All the relevant texts are present on Receipt Page

04-10-2024T23:42:27 - [TEST_STEP][PASSED] - resText = "Pass": null

04-10-2024T23:42:27 - [TEST_STEP][PASSED] - pages.WriteExcel.demoKey(resText, datText, resColumn, datCloumn, fileLoc, nameSheet, row): pages.WriteExcel.demoKey is PASSED

04-10-2024T23:42:27 - [MESSAGE][PASSED] - pages.WriteExcel.demoKey is PASSED

04-10-2024T23:42:27 - [TEST_STEP][PASSED] - closeBrowser(): Browser is closed

04-10-2024T23:42:28 - [MESSAGE][PASSED] - Browser is closed]]></system-out>
         <system-err><![CDATA[]]></system-err>
      </testcase>
      <testcase name="Test Cases/IntegratedWeb/IWP25/Payments/VerifyCancelReceiptLabelsDeferredPC" time="81.289" classname="Test Cases/IntegratedWeb/IWP25/Payments/VerifyCancelReceiptLabelsDeferredPC" status="PASSED">
         <system-out><![CDATA[04-10-2024T23:42:28 - [TEST_CASE][PASSED] - Test Cases/IntegratedWeb/IWP25/Payments/VerifyCancelReceiptLabelsDeferredPC: Test Cases/IntegratedWeb/IWP25/Payments/VerifyCancelReceiptLabelsDeferredPC

04-10-2024T23:42:28 - [TEST_STEP][PASSED] - resText = "Fail": null

04-10-2024T23:42:28 - [TEST_STEP][PASSED] - resColumn = "Result": null

04-10-2024T23:42:29 - [TEST_STEP][PASSED] - datCloumn = "Date": null

04-10-2024T23:42:29 - [TEST_STEP][PASSED] - fileLoc = "KatalonData/IWPTestData/VRelay25PaymentsExtension.xlsx": null

04-10-2024T23:42:29 - [TEST_STEP][PASSED] - numOfRows = <not implemented yet for class: org.codehaus.groovy.ast.expr.EmptyExpression>: null

04-10-2024T23:42:29 - [TEST_STEP][PASSED] - dataFile = <not implemented yet for class: org.codehaus.groovy.ast.expr.EmptyExpression>: null

04-10-2024T23:42:29 - [TEST_STEP][PASSED] - nameSheet = <not implemented yet for class: org.codehaus.groovy.ast.expr.EmptyExpression>: null

04-10-2024T23:42:29 - [TEST_STEP][PASSED] - dataFileEmulator = <not implemented yet for class: org.codehaus.groovy.ast.expr.EmptyExpression>: null

04-10-2024T23:42:29 - [TEST_STEP][PASSED] - isRequiredTextPresent = false: null

04-10-2024T23:42:29 - [TEST_STEP][PASSED] - nameSheet = "VerifyCancelLabelDeferredPC": null

04-10-2024T23:42:29 - [TEST_STEP][PASSED] - dataFile = getExcelDataWithDefaultSheet("KatalonData/IWPTestData/VRelay25PaymentsExtension.xlsx", nameSheet, true): null

04-10-2024T23:42:29 - [TEST_STEP][PASSED] - dataFileEmulator = "IWPTestData/EmulatorData": null

04-10-2024T23:42:29 - [TEST_STEP][PASSED] - numOfRows = dataFile.getRowNumbers(): null

04-10-2024T23:42:29 - [TEST_STEP][PASSED] - println("Number of Records: " + numOfRows): null

04-10-2024T23:42:29 - [TEST_STEP][PASSED] - for ([row = 1, row <= numOfRows, (row++)]): Browser is closed

04-10-2024T23:42:29 - [TEST_STEP][PASSED] - ExecuteTC = dataFile.getValue("Execute", row): null

04-10-2024T23:42:29 - [TEST_STEP][PASSED] - out.println("Value of Execute is : " + ExecuteTC): null

04-10-2024T23:42:29 - [TEST_STEP][PASSED] - if (ExecuteTC.equalsIgnoreCase("Y")): null

04-10-2024T23:42:29 - [TEST_STEP][PASSED] - out.println("Begin Record Number: " + row): null

04-10-2024T23:42:29 - [TEST_STEP][PASSED] - today = new java.util.Date(): null

04-10-2024T23:42:29 - [TEST_STEP][PASSED] - println(today): null

04-10-2024T23:42:29 - [TEST_STEP][PASSED] - datText = today: null

04-10-2024T23:42:29 - [TEST_STEP][PASSED] - EmulatorDataKey = dataFile.getValue("EmulatorData", row): null

04-10-2024T23:42:29 - [TEST_STEP][PASSED] - out.println("Value of Emulator Key is : " + EmulatorDataKey): null

04-10-2024T23:42:29 - [TEST_STEP][PASSED] - iwpPages.emulatorIWP30.setDataEmulator_DD(EmulatorDataKey): iwpPages.emulatorIWP30.setDataEmulator_DD is PASSED

04-10-2024T23:42:29 - [MESSAGE][INFO] - Starting 'Edge Chromium' driver

04-10-2024T23:42:29 - [MESSAGE][INFO] - User set preference: ['acceptInsecureCerts', 'true']

04-10-2024T23:42:31 - [MESSAGE][INFO] - Action delay is set to 0 milliseconds

04-10-2024T23:42:34 - [MESSAGE][PASSED] - Browser is opened with url: 'https://qa.velocitypayment.com/agency/config.do?action=editor&message_version=2_5'

04-10-2024T23:42:34 - [MESSAGE][PASSED] - Current window maximized

04-10-2024T23:42:35 - [MESSAGE][PASSED] - All options with value '2.5' are selected in object 'Object Repository/IWP30/Page_VRelay30Emulator/MV'  using regular expression

04-10-2024T23:42:36 - [MESSAGE][PASSED] - Text '10.50' is set on object 'Object Repository/IWP30/Page_VRelay30Emulator/Amount'

04-10-2024T23:42:37 - [MESSAGE][PASSED] - Text 'xBR1xpmapjRo' is set on object 'Object Repository/IWP30/Page_VRelay30Emulator/CAN'

04-10-2024T23:42:37 - [MESSAGE][PASSED] - Text 'PayNow' is set on object 'Object Repository/IWP30/Page_VRelay30Emulator/Action'

04-10-2024T23:42:38 - [MESSAGE][PASSED] - Text 'en_US' is set on object 'Object Repository/IWP30/Page_VRelay30Emulator/Lang'

04-10-2024T23:42:38 - [MESSAGE][PASSED] - Text '' is set on object 'Object Repository/IWP30/Page_VRelay30Emulator/Fname'

04-10-2024T23:42:39 - [MESSAGE][PASSED] - Text '' is set on object 'Object Repository/IWP30/Page_VRelay30Emulator/Lname'

04-10-2024T23:42:40 - [MESSAGE][PASSED] - Text '' is set on object 'Object Repository/IWP30/Page_VRelay30Emulator/AL1'

04-10-2024T23:42:40 - [MESSAGE][PASSED] - Text '' is set on object 'Object Repository/IWP30/Page_VRelay30Emulator/AL2'

04-10-2024T23:42:41 - [MESSAGE][PASSED] - Text '' is set on object 'Object Repository/IWP30/Page_VRelay30Emulator/Country'

04-10-2024T23:42:41 - [MESSAGE][PASSED] - Text '' is set on object 'Object Repository/IWP30/Page_VRelay30Emulator/City'

04-10-2024T23:42:42 - [MESSAGE][PASSED] - Text '' is set on object 'Object Repository/IWP30/Page_VRelay30Emulator/State'

04-10-2024T23:42:42 - [MESSAGE][PASSED] - Text '' is set on object 'Object Repository/IWP30/Page_VRelay30Emulator/ZIP'

04-10-2024T23:42:43 - [MESSAGE][PASSED] - Text '' is set on object 'Object Repository/IWP30/Page_VRelay30Emulator/Order'

04-10-2024T23:42:44 - [MESSAGE][PASSED] - Text '' is set on object 'Object Repository/IWP30/Page_VRelay30Emulator/Company'

04-10-2024T23:42:44 - [MESSAGE][PASSED] - Text '' is set on object 'Object Repository/IWP30/Page_VRelay30Emulator/Email'

04-10-2024T23:42:45 - [MESSAGE][PASSED] - Text '' is set on object 'Object Repository/IWP30/Page_VRelay30Emulator/UDF1'

04-10-2024T23:42:45 - [MESSAGE][PASSED] - Text '' is set on object 'Object Repository/IWP30/Page_VRelay30Emulator/UDF2'

04-10-2024T23:42:46 - [MESSAGE][PASSED] - Text '' is set on object 'Object Repository/IWP30/Page_VRelay30Emulator/UDF3'

04-10-2024T23:42:46 - [MESSAGE][PASSED] - Text 'udf data 4' is set on object 'Object Repository/IWP30/Page_VRelay30Emulator/UDF4'

04-10-2024T23:42:47 - [MESSAGE][PASSED] - Text 'udf data 5' is set on object 'Object Repository/IWP30/Page_VRelay30Emulator/UDF5'

04-10-2024T23:42:48 - [MESSAGE][PASSED] - Text '' is set on object 'Object Repository/IWP30/Page_VRelay30Emulator/UDF6'

04-10-2024T23:42:48 - [MESSAGE][PASSED] - Text '' is set on object 'Object Repository/IWP30/Page_VRelay30Emulator/UDF7'

04-10-2024T23:42:49 - [MESSAGE][PASSED] - Text '' is set on object 'Object Repository/IWP30/Page_VRelay30Emulator/UDF8'

04-10-2024T23:42:49 - [MESSAGE][PASSED] - Text 'udf data 9' is set on object 'Object Repository/IWP30/Page_VRelay30Emulator/UDF9'

04-10-2024T23:42:50 - [MESSAGE][PASSED] - Text 'udf data 10' is set on object 'Object Repository/IWP30/Page_VRelay30Emulator/UDF10'

04-10-2024T23:42:51 - [MESSAGE][PASSED] - Object: 'Object Repository/IWP30/Page_VRelay30Emulator/Submit' is clicked on

04-10-2024T23:42:56 - [MESSAGE][PASSED] - Browser is closed

04-10-2024T23:43:00 - [MESSAGE][PASSED] - iwpPages.emulatorIWP30.setDataEmulator_DD is PASSED

04-10-2024T23:43:00 - [TEST_STEP][PASSED] - testHarnessURL = urlTestHarness: null

04-10-2024T23:43:00 - [TEST_STEP][PASSED] - openBrowser(testHarnessURL): Browser is opened with url: 'https://dev-algorithm.govolution.com/vrelaytest/QA/version_2_2/vrelaytest.html'

04-10-2024T23:43:00 - [MESSAGE][INFO] - Starting 'Edge Chromium' driver

04-10-2024T23:43:00 - [MESSAGE][INFO] - User set preference: ['acceptInsecureCerts', 'true']

04-10-2024T23:43:02 - [MESSAGE][INFO] - Action delay is set to 0 milliseconds

04-10-2024T23:43:05 - [MESSAGE][PASSED] - Browser is opened with url: 'https://dev-algorithm.govolution.com/vrelaytest/QA/version_2_2/vrelaytest.html'

04-10-2024T23:43:05 - [TEST_STEP][PASSED] - maximizeWindow(): Current window maximized

04-10-2024T23:43:05 - [MESSAGE][PASSED] - Current window maximized

04-10-2024T23:43:05 - [TEST_STEP][PASSED] - iwpPages.TestHarnessPage.setDataMethodEF(row, dataFile): iwpPages.TestHarnessPage.setDataMethodEF is PASSED

04-10-2024T23:43:05 - [MESSAGE][PASSED] - Object 'Object Repository/IWP30/Page_QATestHarness/RemittanceID' is present

04-10-2024T23:43:06 - [MESSAGE][PASSED] - Text '638' is set on object 'Object Repository/IWP30/Page_QATestHarness/ApplicationID'

04-10-2024T23:43:07 - [MESSAGE][PASSED] - Text '2.5' is set on object 'Object Repository/IWP30/Page_QATestHarness/MessageVersion'

04-10-2024T23:43:07 - [MESSAGE][PASSED] - Text 'jf2yQRW9d0uT' is set on object 'Object Repository/IWP30/Page_QATestHarness/RemittanceID'

04-10-2024T23:43:10 - [MESSAGE][PASSED] - Object: 'Object Repository/IWP30/Page_QATestHarness/SubmitButton' is clicked on

04-10-2024T23:43:10 - [MESSAGE][PASSED] - iwpPages.TestHarnessPage.setDataMethodEF is PASSED

04-10-2024T23:43:10 - [TEST_STEP][PASSED] - click(findTestObject("Object Repository/IWP30/Page_SelectPaymentMethod/PayByPersonalCheck")): Object: 'Object Repository/IWP30/Page_SelectPaymentMethod/PayByPersonalCheck' is clicked on

04-10-2024T23:43:11 - [MESSAGE][PASSED] - Object: 'Object Repository/IWP30/Page_SelectPaymentMethod/PayByPersonalCheck' is clicked on

04-10-2024T23:43:11 - [TEST_STEP][PASSED] - click(findTestObject("Object Repository/IWP30/Page_SelectPaymentMethod/MakePaymentButton")): Object: 'Object Repository/IWP30/Page_SelectPaymentMethod/MakePaymentButton' is clicked on

04-10-2024T23:43:12 - [MESSAGE][PASSED] - Object: 'Object Repository/IWP30/Page_SelectPaymentMethod/MakePaymentButton' is clicked on

04-10-2024T23:43:12 - [TEST_STEP][PASSED] - iwpPages.achPersonalPaymentEntryPage.setDataACHPPM(row, dataFile): iwpPages.achPersonalPaymentEntryPage.setDataACHPPM is PASSED

04-10-2024T23:43:13 - [MESSAGE][PASSED] - Object 'Object Repository/IWP30/Page_ACHPersonalPaymentEntry/txt_accountNumber' is present

04-10-2024T23:43:13 - [MESSAGE][PASSED] - Text '10.50' is set on object 'Object Repository/IWP30/Page_ACHPersonalPaymentEntry/txt_Amount'

04-10-2024T23:43:13 - [MESSAGE][PASSED] - Object 'Object Repository/IWP30/Page_ACHPersonalPaymentEntry/txt_UDF2' is present

04-10-2024T23:43:14 - [MESSAGE][PASSED] - Text 'udf data 2' is set on object 'Object Repository/IWP30/Page_ACHPersonalPaymentEntry/txt_UDF2'

04-10-2024T23:43:15 - [MESSAGE][PASSED] - Text 'udf data 3' is set on object 'Object Repository/IWP30/Page_ACHPersonalPaymentEntry/txt_UDF3'

04-10-2024T23:43:15 - [MESSAGE][PASSED] - All options with label 'Orange' are selected in object 'Object Repository/IWP30/Page_ACHPersonalPaymentEntry/dd_UDF7' 

04-10-2024T23:43:16 - [MESSAGE][PASSED] - All options with label 'Soccer' are selected in object 'Object Repository/IWP30/Page_ACHPersonalPaymentEntry/dd_UDF8' 

04-10-2024T23:43:16 - [MESSAGE][PASSED] - Object 'Object Repository/IWP30/Page_ACHPersonalPaymentEntry/txt_Firstname' is present

04-10-2024T23:43:17 - [MESSAGE][PASSED] - Text 'Elizath' is set on object 'Object Repository/IWP30/Page_ACHPersonalPaymentEntry/txt_Firstname'

04-10-2024T23:43:17 - [MESSAGE][PASSED] - Object 'Object Repository/IWP30/Page_ACHPersonalPaymentEntry/txt_Lastname' is present

04-10-2024T23:43:17 - [MESSAGE][PASSED] - Text 'Christine' is set on object 'Object Repository/IWP30/Page_ACHPersonalPaymentEntry/txt_Lastname'

04-10-2024T23:43:18 - [MESSAGE][PASSED] - Object 'Object Repository/IWP30/Page_ACHPersonalPaymentEntry/txt_routingNumber' is present

04-10-2024T23:43:18 - [MESSAGE][PASSED] - Text '256072691' is set on object 'Object Repository/IWP30/Page_ACHPersonalPaymentEntry/txt_routingNumber'

04-10-2024T23:43:19 - [MESSAGE][PASSED] - Object 'Object Repository/IWP30/Page_ACHPersonalPaymentEntry/txt_accountNumber' is present

04-10-2024T23:43:20 - [MESSAGE][PASSED] - Text '12344444' is set on object 'Object Repository/IWP30/Page_ACHPersonalPaymentEntry/txt_accountNumber'

04-10-2024T23:43:20 - [MESSAGE][PASSED] - Object 'Object Repository/IWP30/Page_ACHPersonalPaymentEntry/txt_confirmAccountNumber' is present

04-10-2024T23:43:21 - [MESSAGE][PASSED] - Text '12344444' is set on object 'Object Repository/IWP30/Page_ACHPersonalPaymentEntry/txt_confirmAccountNumber'

04-10-2024T23:43:21 - [MESSAGE][PASSED] - Object 'Object Repository/IWP30/Page_ACHPersonalPaymentEntry/rd_accountType' is present

04-10-2024T23:43:21 - [MESSAGE][PASSED] - Modify property of object successfully

04-10-2024T23:43:21 - [MESSAGE][PASSED] - Object: 'Object Repository/IWP30/Page_ACHPersonalPaymentEntry/rd_accountType' is clicked on

04-10-2024T23:43:21 - [MESSAGE][PASSED] - Execute JavaScript '
				   document.getElementById('processDate').value = '08/09/2025'
				  ' successfully

04-10-2024T23:43:22 - [MESSAGE][PASSED] - Text '365 Main Avenue' is set on object 'Object Repository/IWP30/Page_ACHPersonalPaymentEntry/txt_AL1'

04-10-2024T23:43:23 - [MESSAGE][PASSED] - Text 'Ohio' is set on object 'Object Repository/IWP30/Page_ACHPersonalPaymentEntry/txt_AL2'

04-10-2024T23:43:23 - [MESSAGE][PASSED] - Text '22201' is set on object 'Object Repository/IWP30/Page_ACHPersonalPaymentEntry/txt_ZIP'

04-10-2024T23:43:24 - [MESSAGE][PASSED] - Object 'Object Repository/IWP30/Page_ACHPersonalPaymentEntry/txt_Email' is present

04-10-2024T23:43:24 - [MESSAGE][PASSED] - Text 'iahmed@govolution.com' is set on object 'Object Repository/IWP30/Page_ACHPersonalPaymentEntry/txt_Email'

04-10-2024T23:43:25 - [MESSAGE][PASSED] - Object 'Object Repository/IWP30/Page_ACHPersonalPaymentEntry/cb_TermsAndCond' is present

04-10-2024T23:43:25 - [MESSAGE][PASSED] - Object: 'Object Repository/IWP30/Page_ACHPersonalPaymentEntry/cb_TermsAndCond' is clicked on

04-10-2024T23:43:25 - [MESSAGE][PASSED] - Object 'Object Repository/IWP30/Page_ACHPersonalPaymentEntry/btn_Continue' is present

04-10-2024T23:43:27 - [MESSAGE][PASSED] - Object: 'Object Repository/IWP30/Page_ACHPersonalPaymentEntry/btn_Continue' is clicked on

04-10-2024T23:43:27 - [MESSAGE][PASSED] - iwpPages.achPersonalPaymentEntryPage.setDataACHPPM is PASSED

04-10-2024T23:43:27 - [TEST_STEP][PASSED] - click(findTestObject("Object Repository/IWP30/Page_Confirmation/ConfirmButton")): Object: 'Object Repository/IWP30/Page_Confirmation/ConfirmButton' is clicked on

04-10-2024T23:43:28 - [MESSAGE][PASSED] - Object: 'Object Repository/IWP30/Page_Confirmation/ConfirmButton' is clicked on

04-10-2024T23:43:28 - [TEST_STEP][PASSED] - Thread.sleep(2000): null

04-10-2024T23:43:30 - [TEST_STEP][PASSED] - if (verifyTextPresent("Deferred", false)): null

04-10-2024T23:43:31 - [MESSAGE][PASSED] - Text 'Deferred' is present on page 

04-10-2024T23:43:31 - [TEST_STEP][PASSED] - click(findTestObject("Object Repository/IWP30/Page_Receipt/ViewScheduledPaymentsButton")): Object: 'Object Repository/IWP30/Page_Receipt/ViewScheduledPaymentsButton' is clicked on

04-10-2024T23:43:31 - [MESSAGE][PASSED] - Object: 'Object Repository/IWP30/Page_Receipt/ViewScheduledPaymentsButton' is clicked on

04-10-2024T23:43:31 - [TEST_STEP][PASSED] - switchToWindowTitle("View Scheduled Payments"): Switched to window with title: 'View Scheduled Payments'

04-10-2024T23:43:31 - [MESSAGE][PASSED] - Switched to window with title: 'View Scheduled Payments'

04-10-2024T23:43:31 - [TEST_STEP][PASSED] - Thread.sleep(5000): null

04-10-2024T23:43:36 - [TEST_STEP][PASSED] - if (verifyTextPresent("View Scheduled Payments", false)): null

04-10-2024T23:43:36 - [MESSAGE][PASSED] - Text 'View Scheduled Payments' is present on page 

04-10-2024T23:43:36 - [TEST_STEP][PASSED] - click(findTestObject("Object Repository/IWP30/Page_ScheduledPayments/cancel_payment")): Object: 'Object Repository/IWP30/Page_ScheduledPayments/cancel_payment' is clicked on

04-10-2024T23:43:38 - [MESSAGE][PASSED] - Object: 'Object Repository/IWP30/Page_ScheduledPayments/cancel_payment' is clicked on

04-10-2024T23:43:38 - [TEST_STEP][PASSED] - if (verifyTextPresent("Cancel Payment Plan", false)): null

04-10-2024T23:43:38 - [MESSAGE][PASSED] - Text 'Cancel Payment Plan' is present on page 

04-10-2024T23:43:38 - [TEST_STEP][PASSED] - click(findTestObject("Object Repository/IWP30/Page_PaymentPlan/btn_cancel")): Object: 'Object Repository/IWP30/Page_PaymentPlan/btn_cancel' is clicked on

04-10-2024T23:43:39 - [MESSAGE][PASSED] - Object: 'Object Repository/IWP30/Page_PaymentPlan/btn_cancel' is clicked on

04-10-2024T23:43:39 - [TEST_STEP][PASSED] - acceptAlert(): Alert accepted

04-10-2024T23:43:39 - [MESSAGE][PASSED] - Alert accepted

04-10-2024T23:43:39 - [TEST_STEP][PASSED] - if (verifyTextPresent("Your payment plan has been successfully canceled", false)): null

04-10-2024T23:43:40 - [MESSAGE][PASSED] - Text 'Your payment plan has been successfully canceled' is present on page 

04-10-2024T23:43:40 - [TEST_STEP][PASSED] - isRequiredTextPresent = true: null

04-10-2024T23:43:40 - [TEST_STEP][PASSED] - println(isRequiredTextPresent): null

04-10-2024T23:43:40 - [TEST_STEP][PASSED] - if (isRequiredTextPresent): null

04-10-2024T23:43:40 - [TEST_STEP][PASSED] - if (verifyTextPresent("CAN Label:", false)): null

04-10-2024T23:43:40 - [MESSAGE][PASSED] - Text 'CAN Label:' is present on page 

04-10-2024T23:43:40 - [TEST_STEP][PASSED] - isRequiredTextPresent = true: null

04-10-2024T23:43:40 - [TEST_STEP][PASSED] - println(isRequiredTextPresent): null

04-10-2024T23:43:40 - [TEST_STEP][PASSED] - if (isRequiredTextPresent): null

04-10-2024T23:43:40 - [TEST_STEP][PASSED] - if (verifyTextPresent("Please verify the following information:", false)): null

04-10-2024T23:43:41 - [MESSAGE][PASSED] - Text 'Please verify the following information:' is present on page 

04-10-2024T23:43:41 - [TEST_STEP][PASSED] - isRequiredTextPresent = true: null

04-10-2024T23:43:41 - [TEST_STEP][PASSED] - println(isRequiredTextPresent): null

04-10-2024T23:43:41 - [TEST_STEP][PASSED] - if (isRequiredTextPresent): null

04-10-2024T23:43:41 - [TEST_STEP][PASSED] - if (verifyTextPresent("Payment Information:", false)): null

04-10-2024T23:43:41 - [MESSAGE][PASSED] - Text 'Payment Information:' is present on page 

04-10-2024T23:43:41 - [TEST_STEP][PASSED] - isRequiredTextPresent = true: null

04-10-2024T23:43:41 - [TEST_STEP][PASSED] - println(isRequiredTextPresent): null

04-10-2024T23:43:41 - [TEST_STEP][PASSED] - if (isRequiredTextPresent): null

04-10-2024T23:43:41 - [TEST_STEP][PASSED] - if (verifyTextPresent("UDF2 Label:", false)): null

04-10-2024T23:43:41 - [MESSAGE][PASSED] - Text 'UDF2 Label:' is present on page 

04-10-2024T23:43:41 - [TEST_STEP][PASSED] - isRequiredTextPresent = true: null

04-10-2024T23:43:41 - [TEST_STEP][PASSED] - println(isRequiredTextPresent): null

04-10-2024T23:43:41 - [TEST_STEP][PASSED] - if (isRequiredTextPresent): null

04-10-2024T23:43:41 - [TEST_STEP][PASSED] - if (verifyTextPresent("UDF3 Label:", false)): null

04-10-2024T23:43:42 - [MESSAGE][PASSED] - Text 'UDF3 Label:' is present on page 

04-10-2024T23:43:42 - [TEST_STEP][PASSED] - isRequiredTextPresent = true: null

04-10-2024T23:43:42 - [TEST_STEP][PASSED] - println(isRequiredTextPresent): null

04-10-2024T23:43:42 - [TEST_STEP][PASSED] - if (isRequiredTextPresent): null

04-10-2024T23:43:42 - [TEST_STEP][PASSED] - if (verifyTextPresent("UDF4 Label:", false)): null

04-10-2024T23:43:42 - [MESSAGE][PASSED] - Text 'UDF4 Label:' is present on page 

04-10-2024T23:43:42 - [TEST_STEP][PASSED] - isRequiredTextPresent = true: null

04-10-2024T23:43:42 - [TEST_STEP][PASSED] - println(isRequiredTextPresent): null

04-10-2024T23:43:42 - [TEST_STEP][PASSED] - if (isRequiredTextPresent): null

04-10-2024T23:43:42 - [TEST_STEP][PASSED] - if (verifyTextPresent("UDF7 Label:", false)): null

04-10-2024T23:43:42 - [MESSAGE][PASSED] - Text 'UDF7 Label:' is present on page 

04-10-2024T23:43:42 - [TEST_STEP][PASSED] - isRequiredTextPresent = true: null

04-10-2024T23:43:42 - [TEST_STEP][PASSED] - println(isRequiredTextPresent): null

04-10-2024T23:43:42 - [TEST_STEP][PASSED] - if (isRequiredTextPresent): null

04-10-2024T23:43:42 - [TEST_STEP][PASSED] - if (verifyTextPresent("UDF8 Label:", false)): null

04-10-2024T23:43:43 - [MESSAGE][PASSED] - Text 'UDF8 Label:' is present on page 

04-10-2024T23:43:43 - [TEST_STEP][PASSED] - isRequiredTextPresent = true: null

04-10-2024T23:43:43 - [TEST_STEP][PASSED] - println(isRequiredTextPresent): null

04-10-2024T23:43:43 - [TEST_STEP][PASSED] - if (isRequiredTextPresent): null

04-10-2024T23:43:43 - [TEST_STEP][PASSED] - if (verifyTextPresent("UDF9 Label:", false)): null

04-10-2024T23:43:43 - [MESSAGE][PASSED] - Text 'UDF9 Label:' is present on page 

04-10-2024T23:43:43 - [TEST_STEP][PASSED] - isRequiredTextPresent = true: null

04-10-2024T23:43:43 - [TEST_STEP][PASSED] - println(isRequiredTextPresent): null

04-10-2024T23:43:43 - [TEST_STEP][PASSED] - if (isRequiredTextPresent): null

04-10-2024T23:43:43 - [TEST_STEP][PASSED] - if (verifyTextPresent("Account Information", false)): null

04-10-2024T23:43:43 - [MESSAGE][PASSED] - Text 'Account Information' is present on page 

04-10-2024T23:43:43 - [TEST_STEP][PASSED] - isRequiredTextPresent = true: null

04-10-2024T23:43:43 - [TEST_STEP][PASSED] - println(isRequiredTextPresent): null

04-10-2024T23:43:43 - [TEST_STEP][PASSED] - if (isRequiredTextPresent): null

04-10-2024T23:43:43 - [TEST_STEP][PASSED] - if (verifyTextPresent("First Name on Check:", false)): null

04-10-2024T23:43:44 - [MESSAGE][PASSED] - Text 'First Name on Check:' is present on page 

04-10-2024T23:43:44 - [TEST_STEP][PASSED] - isRequiredTextPresent = true: null

04-10-2024T23:43:44 - [TEST_STEP][PASSED] - println(isRequiredTextPresent): null

04-10-2024T23:43:44 - [TEST_STEP][PASSED] - if (isRequiredTextPresent): null

04-10-2024T23:43:44 - [TEST_STEP][PASSED] - if (verifyTextPresent("Last Name on Check:", false)): null

04-10-2024T23:43:44 - [MESSAGE][PASSED] - Text 'Last Name on Check:' is present on page 

04-10-2024T23:43:44 - [TEST_STEP][PASSED] - isRequiredTextPresent = true: null

04-10-2024T23:43:44 - [TEST_STEP][PASSED] - println(isRequiredTextPresent): null

04-10-2024T23:43:44 - [TEST_STEP][PASSED] - if (isRequiredTextPresent): null

04-10-2024T23:43:44 - [TEST_STEP][PASSED] - if (verifyTextPresent("Routing Transit Number:", false)): null

04-10-2024T23:43:44 - [MESSAGE][PASSED] - Text 'Routing Transit Number:' is present on page 

04-10-2024T23:43:44 - [TEST_STEP][PASSED] - isRequiredTextPresent = true: null

04-10-2024T23:43:44 - [TEST_STEP][PASSED] - println(isRequiredTextPresent): null

04-10-2024T23:43:44 - [TEST_STEP][PASSED] - if (isRequiredTextPresent): null

04-10-2024T23:43:44 - [TEST_STEP][PASSED] - if (verifyTextPresent("Account Number:", false)): null

04-10-2024T23:43:44 - [MESSAGE][PASSED] - Text 'Account Number:' is present on page 

04-10-2024T23:43:44 - [TEST_STEP][PASSED] - isRequiredTextPresent = true: null

04-10-2024T23:43:44 - [TEST_STEP][PASSED] - println(isRequiredTextPresent): null

04-10-2024T23:43:44 - [TEST_STEP][PASSED] - if (isRequiredTextPresent): null

04-10-2024T23:43:44 - [TEST_STEP][PASSED] - if (verifyTextPresent("Type of Account:", false)): null

04-10-2024T23:43:45 - [MESSAGE][PASSED] - Text 'Type of Account:' is present on page 

04-10-2024T23:43:45 - [TEST_STEP][PASSED] - isRequiredTextPresent = true: null

04-10-2024T23:43:45 - [TEST_STEP][PASSED] - println(isRequiredTextPresent): null

04-10-2024T23:43:45 - [TEST_STEP][PASSED] - if (isRequiredTextPresent): null

04-10-2024T23:43:45 - [TEST_STEP][PASSED] - if (verifyTextPresent("Address Line 1:", false)): null

04-10-2024T23:43:45 - [MESSAGE][PASSED] - Text 'Address Line 1:' is present on page 

04-10-2024T23:43:45 - [TEST_STEP][PASSED] - isRequiredTextPresent = true: null

04-10-2024T23:43:45 - [TEST_STEP][PASSED] - println(isRequiredTextPresent): null

04-10-2024T23:43:45 - [TEST_STEP][PASSED] - if (isRequiredTextPresent): null

04-10-2024T23:43:45 - [TEST_STEP][PASSED] - if (verifyTextPresent("Address Line 2:", false)): null

04-10-2024T23:43:45 - [MESSAGE][PASSED] - Text 'Address Line 2:' is present on page 

04-10-2024T23:43:45 - [TEST_STEP][PASSED] - isRequiredTextPresent = true: null

04-10-2024T23:43:45 - [TEST_STEP][PASSED] - println(isRequiredTextPresent): null

04-10-2024T23:43:45 - [TEST_STEP][PASSED] - if (isRequiredTextPresent): null

04-10-2024T23:43:45 - [TEST_STEP][PASSED] - if (verifyTextPresent("Country:", false)): null

04-10-2024T23:43:45 - [MESSAGE][PASSED] - Text 'Country:' is present on page 

04-10-2024T23:43:45 - [TEST_STEP][PASSED] - isRequiredTextPresent = true: null

04-10-2024T23:43:45 - [TEST_STEP][PASSED] - println(isRequiredTextPresent): null

04-10-2024T23:43:45 - [TEST_STEP][PASSED] - if (isRequiredTextPresent): null

04-10-2024T23:43:45 - [TEST_STEP][PASSED] - if (verifyTextPresent("City:", false)): null

04-10-2024T23:43:46 - [MESSAGE][PASSED] - Text 'City:' is present on page 

04-10-2024T23:43:46 - [TEST_STEP][PASSED] - isRequiredTextPresent = true: null

04-10-2024T23:43:46 - [TEST_STEP][PASSED] - println(isRequiredTextPresent): null

04-10-2024T23:43:46 - [TEST_STEP][PASSED] - if (isRequiredTextPresent): null

04-10-2024T23:43:46 - [TEST_STEP][PASSED] - if (verifyTextPresent("State:", false)): null

04-10-2024T23:43:46 - [MESSAGE][PASSED] - Text 'State:' is present on page 

04-10-2024T23:43:46 - [TEST_STEP][PASSED] - isRequiredTextPresent = true: null

04-10-2024T23:43:46 - [TEST_STEP][PASSED] - println(isRequiredTextPresent): null

04-10-2024T23:43:46 - [TEST_STEP][PASSED] - if (isRequiredTextPresent): null

04-10-2024T23:43:46 - [TEST_STEP][PASSED] - if (verifyTextPresent("ZIP Code:", false)): null

04-10-2024T23:43:46 - [MESSAGE][PASSED] - Text 'ZIP Code:' is present on page 

04-10-2024T23:43:46 - [TEST_STEP][PASSED] - isRequiredTextPresent = true: null

04-10-2024T23:43:46 - [TEST_STEP][PASSED] - println(isRequiredTextPresent): null

04-10-2024T23:43:46 - [TEST_STEP][PASSED] - if (isRequiredTextPresent): null

04-10-2024T23:43:46 - [TEST_STEP][PASSED] - if (verifyTextPresent("Email Address:", false)): null

04-10-2024T23:43:47 - [MESSAGE][PASSED] - Text 'Email Address:' is present on page 

04-10-2024T23:43:47 - [TEST_STEP][PASSED] - isRequiredTextPresent = true: null

04-10-2024T23:43:47 - [TEST_STEP][PASSED] - println(isRequiredTextPresent): null

04-10-2024T23:43:47 - [TEST_STEP][PASSED] - if (isRequiredTextPresent): null

04-10-2024T23:43:47 - [TEST_STEP][PASSED] - if (verifyTextPresent("Payment Plan Information:", false)): null

04-10-2024T23:43:47 - [MESSAGE][PASSED] - Text 'Payment Plan Information:' is present on page 

04-10-2024T23:43:47 - [TEST_STEP][PASSED] - isRequiredTextPresent = true: null

04-10-2024T23:43:47 - [TEST_STEP][PASSED] - println(isRequiredTextPresent): null

04-10-2024T23:43:47 - [TEST_STEP][PASSED] - if (isRequiredTextPresent): null

04-10-2024T23:43:47 - [TEST_STEP][PASSED] - if (verifyTextPresent("Payment Plan Type:", false)): null

04-10-2024T23:43:47 - [MESSAGE][PASSED] - Text 'Payment Plan Type:' is present on page 

04-10-2024T23:43:47 - [TEST_STEP][PASSED] - isRequiredTextPresent = true: null

04-10-2024T23:43:47 - [TEST_STEP][PASSED] - println(isRequiredTextPresent): null

04-10-2024T23:43:47 - [TEST_STEP][PASSED] - if (isRequiredTextPresent): null

04-10-2024T23:43:47 - [TEST_STEP][PASSED] - if (verifyTextPresent("Payment Plan Status:", false)): null

04-10-2024T23:43:47 - [MESSAGE][PASSED] - Text 'Payment Plan Status:' is present on page 

04-10-2024T23:43:47 - [TEST_STEP][PASSED] - isRequiredTextPresent = true: null

04-10-2024T23:43:47 - [TEST_STEP][PASSED] - println(isRequiredTextPresent): null

04-10-2024T23:43:47 - [TEST_STEP][PASSED] - if (isRequiredTextPresent): null

04-10-2024T23:43:47 - [TEST_STEP][PASSED] - if (verifyTextPresent("Payment Plan ID:", false)): null

04-10-2024T23:43:48 - [MESSAGE][PASSED] - Text 'Payment Plan ID:' is present on page 

04-10-2024T23:43:48 - [TEST_STEP][PASSED] - isRequiredTextPresent = true: null

04-10-2024T23:43:48 - [TEST_STEP][PASSED] - println(isRequiredTextPresent): null

04-10-2024T23:43:48 - [TEST_STEP][PASSED] - if (isRequiredTextPresent): null

04-10-2024T23:43:48 - [TEST_STEP][PASSED] - if (verifyTextPresent("Payment Plan Start Date:", false)): null

04-10-2024T23:43:48 - [MESSAGE][PASSED] - Text 'Payment Plan Start Date:' is present on page 

04-10-2024T23:43:48 - [TEST_STEP][PASSED] - isRequiredTextPresent = true: null

04-10-2024T23:43:48 - [TEST_STEP][PASSED] - println(isRequiredTextPresent): null

04-10-2024T23:43:48 - [TEST_STEP][PASSED] - if (isRequiredTextPresent): null

04-10-2024T23:43:48 - [TEST_STEP][PASSED] - if (verifyTextPresent("Amount:", false)): null

04-10-2024T23:43:48 - [MESSAGE][PASSED] - Text 'Amount:' is present on page 

04-10-2024T23:43:48 - [TEST_STEP][PASSED] - isRequiredTextPresent = true: null

04-10-2024T23:43:48 - [TEST_STEP][PASSED] - println(isRequiredTextPresent): null

04-10-2024T23:43:48 - [TEST_STEP][PASSED] - if (isRequiredTextPresent == true): pages.WriteExcel.demoKey is PASSED

04-10-2024T23:43:48 - [TEST_STEP][PASSED] - println("All the relevant texts are present on Receipt Page"): null

04-10-2024T23:43:48 - [TEST_STEP][PASSED] - markPassed("All the relevant texts are present on Receipt Page"): All the relevant texts are present on Receipt Page

04-10-2024T23:43:48 - [MESSAGE][PASSED] - All the relevant texts are present on Receipt Page

04-10-2024T23:43:48 - [TEST_STEP][PASSED] - resText = "Pass": null

04-10-2024T23:43:48 - [TEST_STEP][PASSED] - pages.WriteExcel.demoKey(resText, datText, resColumn, datCloumn, fileLoc, nameSheet, row): pages.WriteExcel.demoKey is PASSED

04-10-2024T23:43:48 - [MESSAGE][PASSED] - pages.WriteExcel.demoKey is PASSED

04-10-2024T23:43:48 - [TEST_STEP][PASSED] - closeBrowser(): Browser is closed

04-10-2024T23:43:49 - [MESSAGE][PASSED] - Browser is closed]]></system-out>
         <system-err><![CDATA[]]></system-err>
      </testcase>
      <testcase name="Test Cases/IntegratedWeb/IWP25/Payments/VerifyCancelReceiptLabelsDeferredPS" time="81.277" classname="Test Cases/IntegratedWeb/IWP25/Payments/VerifyCancelReceiptLabelsDeferredPS" status="PASSED">
         <system-out><![CDATA[04-10-2024T23:43:49 - [TEST_CASE][PASSED] - Test Cases/IntegratedWeb/IWP25/Payments/VerifyCancelReceiptLabelsDeferredPS: Test Cases/IntegratedWeb/IWP25/Payments/VerifyCancelReceiptLabelsDeferredPS

04-10-2024T23:43:50 - [TEST_STEP][PASSED] - resText = "Fail": null

04-10-2024T23:43:50 - [TEST_STEP][PASSED] - resColumn = "Result": null

04-10-2024T23:43:50 - [TEST_STEP][PASSED] - datCloumn = "Date": null

04-10-2024T23:43:50 - [TEST_STEP][PASSED] - fileLoc = "KatalonData/IWPTestData/VRelay25PaymentsExtension.xlsx": null

04-10-2024T23:43:50 - [TEST_STEP][PASSED] - numOfRows = <not implemented yet for class: org.codehaus.groovy.ast.expr.EmptyExpression>: null

04-10-2024T23:43:50 - [TEST_STEP][PASSED] - dataFile = <not implemented yet for class: org.codehaus.groovy.ast.expr.EmptyExpression>: null

04-10-2024T23:43:50 - [TEST_STEP][PASSED] - nameSheet = <not implemented yet for class: org.codehaus.groovy.ast.expr.EmptyExpression>: null

04-10-2024T23:43:50 - [TEST_STEP][PASSED] - dataFileEmulator = <not implemented yet for class: org.codehaus.groovy.ast.expr.EmptyExpression>: null

04-10-2024T23:43:50 - [TEST_STEP][PASSED] - isRequiredTextPresent = false: null

04-10-2024T23:43:50 - [TEST_STEP][PASSED] - nameSheet = "VerifyCancelLabelDeferredPS": null

04-10-2024T23:43:50 - [TEST_STEP][PASSED] - dataFile = getExcelDataWithDefaultSheet("KatalonData/IWPTestData/VRelay25PaymentsExtension.xlsx", nameSheet, true): null

04-10-2024T23:43:50 - [TEST_STEP][PASSED] - dataFileEmulator = "IWPTestData/EmulatorData": null

04-10-2024T23:43:50 - [TEST_STEP][PASSED] - numOfRows = dataFile.getRowNumbers(): null

04-10-2024T23:43:50 - [TEST_STEP][PASSED] - println("Number of Records: " + numOfRows): null

04-10-2024T23:43:50 - [TEST_STEP][PASSED] - for ([row = 1, row <= numOfRows, (row++)]): Browser is closed

04-10-2024T23:43:50 - [TEST_STEP][PASSED] - ExecuteTC = dataFile.getValue("Execute", row): null

04-10-2024T23:43:50 - [TEST_STEP][PASSED] - out.println("Value of Execute is : " + ExecuteTC): null

04-10-2024T23:43:50 - [TEST_STEP][PASSED] - if (ExecuteTC.equalsIgnoreCase("Y")): null

04-10-2024T23:43:50 - [TEST_STEP][PASSED] - out.println("Begin Record Number: " + row): null

04-10-2024T23:43:50 - [TEST_STEP][PASSED] - today = new java.util.Date(): null

04-10-2024T23:43:50 - [TEST_STEP][PASSED] - println(today): null

04-10-2024T23:43:50 - [TEST_STEP][PASSED] - datText = today: null

04-10-2024T23:43:50 - [TEST_STEP][PASSED] - EmulatorDataKey = dataFile.getValue("EmulatorData", row): null

04-10-2024T23:43:50 - [TEST_STEP][PASSED] - out.println("Value of Emulator Key is : " + EmulatorDataKey): null

04-10-2024T23:43:50 - [TEST_STEP][PASSED] - iwpPages.emulatorIWP30.setDataEmulator_DD(EmulatorDataKey): iwpPages.emulatorIWP30.setDataEmulator_DD is PASSED

04-10-2024T23:43:50 - [MESSAGE][INFO] - Starting 'Edge Chromium' driver

04-10-2024T23:43:50 - [MESSAGE][INFO] - User set preference: ['acceptInsecureCerts', 'true']

04-10-2024T23:43:52 - [MESSAGE][INFO] - Action delay is set to 0 milliseconds

04-10-2024T23:43:56 - [MESSAGE][PASSED] - Browser is opened with url: 'https://qa.velocitypayment.com/agency/config.do?action=editor&message_version=2_5'

04-10-2024T23:43:56 - [MESSAGE][PASSED] - Current window maximized

04-10-2024T23:43:57 - [MESSAGE][PASSED] - All options with value '2.5' are selected in object 'Object Repository/IWP30/Page_VRelay30Emulator/MV'  using regular expression

04-10-2024T23:43:57 - [MESSAGE][PASSED] - Text '10.50' is set on object 'Object Repository/IWP30/Page_VRelay30Emulator/Amount'

04-10-2024T23:43:58 - [MESSAGE][PASSED] - Text '7Mvr3MjVcr4c' is set on object 'Object Repository/IWP30/Page_VRelay30Emulator/CAN'

04-10-2024T23:43:59 - [MESSAGE][PASSED] - Text 'PayNow' is set on object 'Object Repository/IWP30/Page_VRelay30Emulator/Action'

04-10-2024T23:43:59 - [MESSAGE][PASSED] - Text 'en_US' is set on object 'Object Repository/IWP30/Page_VRelay30Emulator/Lang'

04-10-2024T23:44:00 - [MESSAGE][PASSED] - Text '' is set on object 'Object Repository/IWP30/Page_VRelay30Emulator/Fname'

04-10-2024T23:44:01 - [MESSAGE][PASSED] - Text '' is set on object 'Object Repository/IWP30/Page_VRelay30Emulator/Lname'

04-10-2024T23:44:01 - [MESSAGE][PASSED] - Text '' is set on object 'Object Repository/IWP30/Page_VRelay30Emulator/AL1'

04-10-2024T23:44:02 - [MESSAGE][PASSED] - Text '' is set on object 'Object Repository/IWP30/Page_VRelay30Emulator/AL2'

04-10-2024T23:44:02 - [MESSAGE][PASSED] - Text '' is set on object 'Object Repository/IWP30/Page_VRelay30Emulator/Country'

04-10-2024T23:44:03 - [MESSAGE][PASSED] - Text '' is set on object 'Object Repository/IWP30/Page_VRelay30Emulator/City'

04-10-2024T23:44:03 - [MESSAGE][PASSED] - Text '' is set on object 'Object Repository/IWP30/Page_VRelay30Emulator/State'

04-10-2024T23:44:04 - [MESSAGE][PASSED] - Text '' is set on object 'Object Repository/IWP30/Page_VRelay30Emulator/ZIP'

04-10-2024T23:44:05 - [MESSAGE][PASSED] - Text '' is set on object 'Object Repository/IWP30/Page_VRelay30Emulator/Order'

04-10-2024T23:44:05 - [MESSAGE][PASSED] - Text '' is set on object 'Object Repository/IWP30/Page_VRelay30Emulator/Company'

04-10-2024T23:44:06 - [MESSAGE][PASSED] - Text '' is set on object 'Object Repository/IWP30/Page_VRelay30Emulator/Email'

04-10-2024T23:44:06 - [MESSAGE][PASSED] - Text '' is set on object 'Object Repository/IWP30/Page_VRelay30Emulator/UDF1'

04-10-2024T23:44:07 - [MESSAGE][PASSED] - Text '' is set on object 'Object Repository/IWP30/Page_VRelay30Emulator/UDF2'

04-10-2024T23:44:08 - [MESSAGE][PASSED] - Text '' is set on object 'Object Repository/IWP30/Page_VRelay30Emulator/UDF3'

04-10-2024T23:44:08 - [MESSAGE][PASSED] - Text 'udf data 4' is set on object 'Object Repository/IWP30/Page_VRelay30Emulator/UDF4'

04-10-2024T23:44:09 - [MESSAGE][PASSED] - Text 'udf data 5' is set on object 'Object Repository/IWP30/Page_VRelay30Emulator/UDF5'

04-10-2024T23:44:09 - [MESSAGE][PASSED] - Text '' is set on object 'Object Repository/IWP30/Page_VRelay30Emulator/UDF6'

04-10-2024T23:44:10 - [MESSAGE][PASSED] - Text '' is set on object 'Object Repository/IWP30/Page_VRelay30Emulator/UDF7'

04-10-2024T23:44:11 - [MESSAGE][PASSED] - Text '' is set on object 'Object Repository/IWP30/Page_VRelay30Emulator/UDF8'

04-10-2024T23:44:11 - [MESSAGE][PASSED] - Text 'udf data 9' is set on object 'Object Repository/IWP30/Page_VRelay30Emulator/UDF9'

04-10-2024T23:44:12 - [MESSAGE][PASSED] - Text 'udf data 10' is set on object 'Object Repository/IWP30/Page_VRelay30Emulator/UDF10'

04-10-2024T23:44:13 - [MESSAGE][PASSED] - Object: 'Object Repository/IWP30/Page_VRelay30Emulator/Submit' is clicked on

04-10-2024T23:44:17 - [MESSAGE][PASSED] - Browser is closed

04-10-2024T23:44:21 - [MESSAGE][PASSED] - iwpPages.emulatorIWP30.setDataEmulator_DD is PASSED

04-10-2024T23:44:21 - [TEST_STEP][PASSED] - testHarnessURL = urlTestHarness: null

04-10-2024T23:44:21 - [TEST_STEP][PASSED] - openBrowser(testHarnessURL): Browser is opened with url: 'https://dev-algorithm.govolution.com/vrelaytest/QA/version_2_2/vrelaytest.html'

04-10-2024T23:44:21 - [MESSAGE][INFO] - Starting 'Edge Chromium' driver

04-10-2024T23:44:21 - [MESSAGE][INFO] - User set preference: ['acceptInsecureCerts', 'true']

04-10-2024T23:44:23 - [MESSAGE][INFO] - Action delay is set to 0 milliseconds

04-10-2024T23:44:27 - [MESSAGE][PASSED] - Browser is opened with url: 'https://dev-algorithm.govolution.com/vrelaytest/QA/version_2_2/vrelaytest.html'

04-10-2024T23:44:27 - [TEST_STEP][PASSED] - maximizeWindow(): Current window maximized

04-10-2024T23:44:27 - [MESSAGE][PASSED] - Current window maximized

04-10-2024T23:44:27 - [TEST_STEP][PASSED] - iwpPages.TestHarnessPage.setDataMethodEF(row, dataFile): iwpPages.TestHarnessPage.setDataMethodEF is PASSED

04-10-2024T23:44:27 - [MESSAGE][PASSED] - Object 'Object Repository/IWP30/Page_QATestHarness/RemittanceID' is present

04-10-2024T23:44:28 - [MESSAGE][PASSED] - Text '638' is set on object 'Object Repository/IWP30/Page_QATestHarness/ApplicationID'

04-10-2024T23:44:29 - [MESSAGE][PASSED] - Text '2.5' is set on object 'Object Repository/IWP30/Page_QATestHarness/MessageVersion'

04-10-2024T23:44:29 - [MESSAGE][PASSED] - Text 'nij8YDlR91s4' is set on object 'Object Repository/IWP30/Page_QATestHarness/RemittanceID'

04-10-2024T23:44:32 - [MESSAGE][PASSED] - Object: 'Object Repository/IWP30/Page_QATestHarness/SubmitButton' is clicked on

04-10-2024T23:44:32 - [MESSAGE][PASSED] - iwpPages.TestHarnessPage.setDataMethodEF is PASSED

04-10-2024T23:44:32 - [TEST_STEP][PASSED] - click(findTestObject("Object Repository/IWP30/Page_SelectPaymentMethod/PayByPersonalCheck")): Object: 'Object Repository/IWP30/Page_SelectPaymentMethod/PayByPersonalCheck' is clicked on

04-10-2024T23:44:33 - [MESSAGE][PASSED] - Object: 'Object Repository/IWP30/Page_SelectPaymentMethod/PayByPersonalCheck' is clicked on

04-10-2024T23:44:33 - [TEST_STEP][PASSED] - click(findTestObject("Object Repository/IWP30/Page_SelectPaymentMethod/MakePaymentButton")): Object: 'Object Repository/IWP30/Page_SelectPaymentMethod/MakePaymentButton' is clicked on

04-10-2024T23:44:34 - [MESSAGE][PASSED] - Object: 'Object Repository/IWP30/Page_SelectPaymentMethod/MakePaymentButton' is clicked on

04-10-2024T23:44:34 - [TEST_STEP][PASSED] - iwpPages.achPersonalPaymentEntryPage.setDataACHPPM(row, dataFile): iwpPages.achPersonalPaymentEntryPage.setDataACHPPM is PASSED

04-10-2024T23:44:35 - [MESSAGE][PASSED] - Object 'Object Repository/IWP30/Page_ACHPersonalPaymentEntry/txt_accountNumber' is present

04-10-2024T23:44:35 - [MESSAGE][PASSED] - Text '10.50' is set on object 'Object Repository/IWP30/Page_ACHPersonalPaymentEntry/txt_Amount'

04-10-2024T23:44:35 - [MESSAGE][PASSED] - Object 'Object Repository/IWP30/Page_ACHPersonalPaymentEntry/txt_UDF2' is present

04-10-2024T23:44:36 - [MESSAGE][PASSED] - Text 'udf data 2' is set on object 'Object Repository/IWP30/Page_ACHPersonalPaymentEntry/txt_UDF2'

04-10-2024T23:44:37 - [MESSAGE][PASSED] - Text 'udf data 3' is set on object 'Object Repository/IWP30/Page_ACHPersonalPaymentEntry/txt_UDF3'

04-10-2024T23:44:37 - [MESSAGE][PASSED] - All options with label 'Orange' are selected in object 'Object Repository/IWP30/Page_ACHPersonalPaymentEntry/dd_UDF7' 

04-10-2024T23:44:38 - [MESSAGE][PASSED] - All options with label 'Soccer' are selected in object 'Object Repository/IWP30/Page_ACHPersonalPaymentEntry/dd_UDF8' 

04-10-2024T23:44:38 - [MESSAGE][PASSED] - Object 'Object Repository/IWP30/Page_ACHPersonalPaymentEntry/txt_Firstname' is present

04-10-2024T23:44:39 - [MESSAGE][PASSED] - Text 'Elizath' is set on object 'Object Repository/IWP30/Page_ACHPersonalPaymentEntry/txt_Firstname'

04-10-2024T23:44:39 - [MESSAGE][PASSED] - Object 'Object Repository/IWP30/Page_ACHPersonalPaymentEntry/txt_Lastname' is present

04-10-2024T23:44:40 - [MESSAGE][PASSED] - Text 'Christine' is set on object 'Object Repository/IWP30/Page_ACHPersonalPaymentEntry/txt_Lastname'

04-10-2024T23:44:40 - [MESSAGE][PASSED] - Object 'Object Repository/IWP30/Page_ACHPersonalPaymentEntry/txt_routingNumber' is present

04-10-2024T23:44:40 - [MESSAGE][PASSED] - Text '256072691' is set on object 'Object Repository/IWP30/Page_ACHPersonalPaymentEntry/txt_routingNumber'

04-10-2024T23:44:41 - [MESSAGE][PASSED] - Object 'Object Repository/IWP30/Page_ACHPersonalPaymentEntry/txt_accountNumber' is present

04-10-2024T23:44:42 - [MESSAGE][PASSED] - Text '12344444' is set on object 'Object Repository/IWP30/Page_ACHPersonalPaymentEntry/txt_accountNumber'

04-10-2024T23:44:42 - [MESSAGE][PASSED] - Object 'Object Repository/IWP30/Page_ACHPersonalPaymentEntry/txt_confirmAccountNumber' is present

04-10-2024T23:44:43 - [MESSAGE][PASSED] - Text '12344444' is set on object 'Object Repository/IWP30/Page_ACHPersonalPaymentEntry/txt_confirmAccountNumber'

04-10-2024T23:44:43 - [MESSAGE][PASSED] - Object 'Object Repository/IWP30/Page_ACHPersonalPaymentEntry/rd_accountType' is present

04-10-2024T23:44:43 - [MESSAGE][PASSED] - Modify property of object successfully

04-10-2024T23:44:44 - [MESSAGE][PASSED] - Object: 'Object Repository/IWP30/Page_ACHPersonalPaymentEntry/rd_accountType' is clicked on

04-10-2024T23:44:44 - [MESSAGE][PASSED] - Execute JavaScript '
				   document.getElementById('processDate').value = '08/09/2025'
				  ' successfully

04-10-2024T23:44:44 - [MESSAGE][PASSED] - Text '365 Main Avenue' is set on object 'Object Repository/IWP30/Page_ACHPersonalPaymentEntry/txt_AL1'

04-10-2024T23:44:45 - [MESSAGE][PASSED] - Text 'Ohio' is set on object 'Object Repository/IWP30/Page_ACHPersonalPaymentEntry/txt_AL2'

04-10-2024T23:44:45 - [MESSAGE][PASSED] - Text '22201' is set on object 'Object Repository/IWP30/Page_ACHPersonalPaymentEntry/txt_ZIP'

04-10-2024T23:44:46 - [MESSAGE][PASSED] - Object 'Object Repository/IWP30/Page_ACHPersonalPaymentEntry/txt_Email' is present

04-10-2024T23:44:47 - [MESSAGE][PASSED] - Text 'iahmed@govolution.com' is set on object 'Object Repository/IWP30/Page_ACHPersonalPaymentEntry/txt_Email'

04-10-2024T23:44:47 - [MESSAGE][PASSED] - Object 'Object Repository/IWP30/Page_ACHPersonalPaymentEntry/cb_TermsAndCond' is present

04-10-2024T23:44:47 - [MESSAGE][PASSED] - Object: 'Object Repository/IWP30/Page_ACHPersonalPaymentEntry/cb_TermsAndCond' is clicked on

04-10-2024T23:44:48 - [MESSAGE][PASSED] - Object 'Object Repository/IWP30/Page_ACHPersonalPaymentEntry/btn_Continue' is present

04-10-2024T23:44:49 - [MESSAGE][PASSED] - Object: 'Object Repository/IWP30/Page_ACHPersonalPaymentEntry/btn_Continue' is clicked on

04-10-2024T23:44:49 - [MESSAGE][PASSED] - iwpPages.achPersonalPaymentEntryPage.setDataACHPPM is PASSED

04-10-2024T23:44:49 - [TEST_STEP][PASSED] - click(findTestObject("Object Repository/IWP30/Page_Confirmation/ConfirmButton")): Object: 'Object Repository/IWP30/Page_Confirmation/ConfirmButton' is clicked on

04-10-2024T23:44:50 - [MESSAGE][PASSED] - Object: 'Object Repository/IWP30/Page_Confirmation/ConfirmButton' is clicked on

04-10-2024T23:44:50 - [TEST_STEP][PASSED] - Thread.sleep(2000): null

04-10-2024T23:44:52 - [TEST_STEP][PASSED] - if (verifyTextPresent("Deferred", false)): null

04-10-2024T23:44:53 - [MESSAGE][PASSED] - Text 'Deferred' is present on page 

04-10-2024T23:44:53 - [TEST_STEP][PASSED] - click(findTestObject("Object Repository/IWP30/Page_Receipt/ViewScheduledPaymentsButton")): Object: 'Object Repository/IWP30/Page_Receipt/ViewScheduledPaymentsButton' is clicked on

04-10-2024T23:44:53 - [MESSAGE][PASSED] - Object: 'Object Repository/IWP30/Page_Receipt/ViewScheduledPaymentsButton' is clicked on

04-10-2024T23:44:53 - [TEST_STEP][PASSED] - switchToWindowTitle("View Scheduled Payments"): Switched to window with title: 'View Scheduled Payments'

04-10-2024T23:44:53 - [MESSAGE][PASSED] - Switched to window with title: 'View Scheduled Payments'

04-10-2024T23:44:53 - [TEST_STEP][PASSED] - Thread.sleep(5000): null

04-10-2024T23:44:58 - [TEST_STEP][PASSED] - if (verifyTextPresent("View Scheduled Payments", false)): null

04-10-2024T23:44:59 - [MESSAGE][PASSED] - Text 'View Scheduled Payments' is present on page 

04-10-2024T23:44:59 - [TEST_STEP][PASSED] - click(findTestObject("Object Repository/IWP30/Page_ScheduledPayments/cancel_payment")): Object: 'Object Repository/IWP30/Page_ScheduledPayments/cancel_payment' is clicked on

04-10-2024T23:45:00 - [MESSAGE][PASSED] - Object: 'Object Repository/IWP30/Page_ScheduledPayments/cancel_payment' is clicked on

04-10-2024T23:45:00 - [TEST_STEP][PASSED] - if (verifyTextPresent("Cancel Payment Plan", false)): null

04-10-2024T23:45:01 - [MESSAGE][PASSED] - Text 'Cancel Payment Plan' is present on page 

04-10-2024T23:45:01 - [TEST_STEP][PASSED] - click(findTestObject("Object Repository/IWP30/Page_PaymentPlan/btn_cancel")): Object: 'Object Repository/IWP30/Page_PaymentPlan/btn_cancel' is clicked on

04-10-2024T23:45:01 - [MESSAGE][PASSED] - Object: 'Object Repository/IWP30/Page_PaymentPlan/btn_cancel' is clicked on

04-10-2024T23:45:01 - [TEST_STEP][PASSED] - acceptAlert(): Alert accepted

04-10-2024T23:45:01 - [MESSAGE][PASSED] - Alert accepted

04-10-2024T23:45:01 - [TEST_STEP][PASSED] - if (verifyTextPresent("Your payment plan has been successfully canceled", false)): null

04-10-2024T23:45:02 - [MESSAGE][PASSED] - Text 'Your payment plan has been successfully canceled' is present on page 

04-10-2024T23:45:02 - [TEST_STEP][PASSED] - isRequiredTextPresent = true: null

04-10-2024T23:45:02 - [TEST_STEP][PASSED] - println(isRequiredTextPresent): null

04-10-2024T23:45:02 - [TEST_STEP][PASSED] - if (isRequiredTextPresent): null

04-10-2024T23:45:02 - [TEST_STEP][PASSED] - if (verifyTextPresent("CAN Label:", false)): null

04-10-2024T23:45:03 - [MESSAGE][PASSED] - Text 'CAN Label:' is present on page 

04-10-2024T23:45:03 - [TEST_STEP][PASSED] - isRequiredTextPresent = true: null

04-10-2024T23:45:03 - [TEST_STEP][PASSED] - println(isRequiredTextPresent): null

04-10-2024T23:45:03 - [TEST_STEP][PASSED] - if (isRequiredTextPresent): null

04-10-2024T23:45:03 - [TEST_STEP][PASSED] - if (verifyTextPresent("Please verify the following information:", false)): null

04-10-2024T23:45:03 - [MESSAGE][PASSED] - Text 'Please verify the following information:' is present on page 

04-10-2024T23:45:03 - [TEST_STEP][PASSED] - isRequiredTextPresent = true: null

04-10-2024T23:45:03 - [TEST_STEP][PASSED] - println(isRequiredTextPresent): null

04-10-2024T23:45:03 - [TEST_STEP][PASSED] - if (isRequiredTextPresent): null

04-10-2024T23:45:03 - [TEST_STEP][PASSED] - if (verifyTextPresent("Payment Information:", false)): null

04-10-2024T23:45:03 - [MESSAGE][PASSED] - Text 'Payment Information:' is present on page 

04-10-2024T23:45:03 - [TEST_STEP][PASSED] - isRequiredTextPresent = true: null

04-10-2024T23:45:03 - [TEST_STEP][PASSED] - println(isRequiredTextPresent): null

04-10-2024T23:45:03 - [TEST_STEP][PASSED] - if (isRequiredTextPresent): null

04-10-2024T23:45:03 - [TEST_STEP][PASSED] - if (verifyTextPresent("UDF2 Label:", false)): null

04-10-2024T23:45:03 - [MESSAGE][PASSED] - Text 'UDF2 Label:' is present on page 

04-10-2024T23:45:03 - [TEST_STEP][PASSED] - isRequiredTextPresent = true: null

04-10-2024T23:45:03 - [TEST_STEP][PASSED] - println(isRequiredTextPresent): null

04-10-2024T23:45:03 - [TEST_STEP][PASSED] - if (isRequiredTextPresent): null

04-10-2024T23:45:03 - [TEST_STEP][PASSED] - if (verifyTextPresent("UDF3 Label:", false)): null

04-10-2024T23:45:04 - [MESSAGE][PASSED] - Text 'UDF3 Label:' is present on page 

04-10-2024T23:45:04 - [TEST_STEP][PASSED] - isRequiredTextPresent = true: null

04-10-2024T23:45:04 - [TEST_STEP][PASSED] - println(isRequiredTextPresent): null

04-10-2024T23:45:04 - [TEST_STEP][PASSED] - if (isRequiredTextPresent): null

04-10-2024T23:45:04 - [TEST_STEP][PASSED] - if (verifyTextPresent("UDF4 Label:", false)): null

04-10-2024T23:45:04 - [MESSAGE][PASSED] - Text 'UDF4 Label:' is present on page 

04-10-2024T23:45:04 - [TEST_STEP][PASSED] - isRequiredTextPresent = true: null

04-10-2024T23:45:04 - [TEST_STEP][PASSED] - println(isRequiredTextPresent): null

04-10-2024T23:45:04 - [TEST_STEP][PASSED] - if (isRequiredTextPresent): null

04-10-2024T23:45:04 - [TEST_STEP][PASSED] - if (verifyTextPresent("UDF7 Label:", false)): null

04-10-2024T23:45:04 - [MESSAGE][PASSED] - Text 'UDF7 Label:' is present on page 

04-10-2024T23:45:04 - [TEST_STEP][PASSED] - isRequiredTextPresent = true: null

04-10-2024T23:45:04 - [TEST_STEP][PASSED] - println(isRequiredTextPresent): null

04-10-2024T23:45:04 - [TEST_STEP][PASSED] - if (isRequiredTextPresent): null

04-10-2024T23:45:04 - [TEST_STEP][PASSED] - if (verifyTextPresent("UDF8 Label:", false)): null

04-10-2024T23:45:05 - [MESSAGE][PASSED] - Text 'UDF8 Label:' is present on page 

04-10-2024T23:45:05 - [TEST_STEP][PASSED] - isRequiredTextPresent = true: null

04-10-2024T23:45:05 - [TEST_STEP][PASSED] - println(isRequiredTextPresent): null

04-10-2024T23:45:05 - [TEST_STEP][PASSED] - if (isRequiredTextPresent): null

04-10-2024T23:45:05 - [TEST_STEP][PASSED] - if (verifyTextPresent("UDF9 Label:", false)): null

04-10-2024T23:45:05 - [MESSAGE][PASSED] - Text 'UDF9 Label:' is present on page 

04-10-2024T23:45:05 - [TEST_STEP][PASSED] - isRequiredTextPresent = true: null

04-10-2024T23:45:05 - [TEST_STEP][PASSED] - println(isRequiredTextPresent): null

04-10-2024T23:45:05 - [TEST_STEP][PASSED] - if (isRequiredTextPresent): null

04-10-2024T23:45:05 - [TEST_STEP][PASSED] - if (verifyTextPresent("Account Information", false)): null

04-10-2024T23:45:05 - [MESSAGE][PASSED] - Text 'Account Information' is present on page 

04-10-2024T23:45:05 - [TEST_STEP][PASSED] - isRequiredTextPresent = true: null

04-10-2024T23:45:05 - [TEST_STEP][PASSED] - println(isRequiredTextPresent): null

04-10-2024T23:45:05 - [TEST_STEP][PASSED] - if (isRequiredTextPresent): null

04-10-2024T23:45:05 - [TEST_STEP][PASSED] - if (verifyTextPresent("First Name on Check:", false)): null

04-10-2024T23:45:05 - [MESSAGE][PASSED] - Text 'First Name on Check:' is present on page 

04-10-2024T23:45:05 - [TEST_STEP][PASSED] - isRequiredTextPresent = true: null

04-10-2024T23:45:05 - [TEST_STEP][PASSED] - println(isRequiredTextPresent): null

04-10-2024T23:45:05 - [TEST_STEP][PASSED] - if (isRequiredTextPresent): null

04-10-2024T23:45:05 - [TEST_STEP][PASSED] - if (verifyTextPresent("Last Name on Check:", false)): null

04-10-2024T23:45:06 - [MESSAGE][PASSED] - Text 'Last Name on Check:' is present on page 

04-10-2024T23:45:06 - [TEST_STEP][PASSED] - isRequiredTextPresent = true: null

04-10-2024T23:45:06 - [TEST_STEP][PASSED] - println(isRequiredTextPresent): null

04-10-2024T23:45:06 - [TEST_STEP][PASSED] - if (isRequiredTextPresent): null

04-10-2024T23:45:06 - [TEST_STEP][PASSED] - if (verifyTextPresent("Routing Transit Number:", false)): null

04-10-2024T23:45:06 - [MESSAGE][PASSED] - Text 'Routing Transit Number:' is present on page 

04-10-2024T23:45:06 - [TEST_STEP][PASSED] - isRequiredTextPresent = true: null

04-10-2024T23:45:06 - [TEST_STEP][PASSED] - println(isRequiredTextPresent): null

04-10-2024T23:45:06 - [TEST_STEP][PASSED] - if (isRequiredTextPresent): null

04-10-2024T23:45:06 - [TEST_STEP][PASSED] - if (verifyTextPresent("Account Number:", false)): null

04-10-2024T23:45:06 - [MESSAGE][PASSED] - Text 'Account Number:' is present on page 

04-10-2024T23:45:06 - [TEST_STEP][PASSED] - isRequiredTextPresent = true: null

04-10-2024T23:45:06 - [TEST_STEP][PASSED] - println(isRequiredTextPresent): null

04-10-2024T23:45:06 - [TEST_STEP][PASSED] - if (isRequiredTextPresent): null

04-10-2024T23:45:06 - [TEST_STEP][PASSED] - if (verifyTextPresent("Type of Account:", false)): null

04-10-2024T23:45:07 - [MESSAGE][PASSED] - Text 'Type of Account:' is present on page 

04-10-2024T23:45:07 - [TEST_STEP][PASSED] - isRequiredTextPresent = true: null

04-10-2024T23:45:07 - [TEST_STEP][PASSED] - println(isRequiredTextPresent): null

04-10-2024T23:45:07 - [TEST_STEP][PASSED] - if (isRequiredTextPresent): null

04-10-2024T23:45:07 - [TEST_STEP][PASSED] - if (verifyTextPresent("Address Line 1:", false)): null

04-10-2024T23:45:07 - [MESSAGE][PASSED] - Text 'Address Line 1:' is present on page 

04-10-2024T23:45:07 - [TEST_STEP][PASSED] - isRequiredTextPresent = true: null

04-10-2024T23:45:07 - [TEST_STEP][PASSED] - println(isRequiredTextPresent): null

04-10-2024T23:45:07 - [TEST_STEP][PASSED] - if (isRequiredTextPresent): null

04-10-2024T23:45:07 - [TEST_STEP][PASSED] - if (verifyTextPresent("Address Line 2:", false)): null

04-10-2024T23:45:07 - [MESSAGE][PASSED] - Text 'Address Line 2:' is present on page 

04-10-2024T23:45:07 - [TEST_STEP][PASSED] - isRequiredTextPresent = true: null

04-10-2024T23:45:07 - [TEST_STEP][PASSED] - println(isRequiredTextPresent): null

04-10-2024T23:45:07 - [TEST_STEP][PASSED] - if (isRequiredTextPresent): null

04-10-2024T23:45:07 - [TEST_STEP][PASSED] - if (verifyTextPresent("Country:", false)): null

04-10-2024T23:45:07 - [MESSAGE][PASSED] - Text 'Country:' is present on page 

04-10-2024T23:45:07 - [TEST_STEP][PASSED] - isRequiredTextPresent = true: null

04-10-2024T23:45:07 - [TEST_STEP][PASSED] - println(isRequiredTextPresent): null

04-10-2024T23:45:07 - [TEST_STEP][PASSED] - if (isRequiredTextPresent): null

04-10-2024T23:45:07 - [TEST_STEP][PASSED] - if (verifyTextPresent("City:", false)): null

04-10-2024T23:45:08 - [MESSAGE][PASSED] - Text 'City:' is present on page 

04-10-2024T23:45:08 - [TEST_STEP][PASSED] - isRequiredTextPresent = true: null

04-10-2024T23:45:08 - [TEST_STEP][PASSED] - println(isRequiredTextPresent): null

04-10-2024T23:45:08 - [TEST_STEP][PASSED] - if (isRequiredTextPresent): null

04-10-2024T23:45:08 - [TEST_STEP][PASSED] - if (verifyTextPresent("State:", false)): null

04-10-2024T23:45:08 - [MESSAGE][PASSED] - Text 'State:' is present on page 

04-10-2024T23:45:08 - [TEST_STEP][PASSED] - isRequiredTextPresent = true: null

04-10-2024T23:45:08 - [TEST_STEP][PASSED] - println(isRequiredTextPresent): null

04-10-2024T23:45:08 - [TEST_STEP][PASSED] - if (isRequiredTextPresent): null

04-10-2024T23:45:08 - [TEST_STEP][PASSED] - if (verifyTextPresent("ZIP Code:", false)): null

04-10-2024T23:45:08 - [MESSAGE][PASSED] - Text 'ZIP Code:' is present on page 

04-10-2024T23:45:08 - [TEST_STEP][PASSED] - isRequiredTextPresent = true: null

04-10-2024T23:45:08 - [TEST_STEP][PASSED] - println(isRequiredTextPresent): null

04-10-2024T23:45:08 - [TEST_STEP][PASSED] - if (isRequiredTextPresent): null

04-10-2024T23:45:08 - [TEST_STEP][PASSED] - if (verifyTextPresent("Email Address:", false)): null

04-10-2024T23:45:08 - [MESSAGE][PASSED] - Text 'Email Address:' is present on page 

04-10-2024T23:45:08 - [TEST_STEP][PASSED] - isRequiredTextPresent = true: null

04-10-2024T23:45:08 - [TEST_STEP][PASSED] - println(isRequiredTextPresent): null

04-10-2024T23:45:08 - [TEST_STEP][PASSED] - if (isRequiredTextPresent): null

04-10-2024T23:45:08 - [TEST_STEP][PASSED] - if (verifyTextPresent("Payment Plan Information:", false)): null

04-10-2024T23:45:09 - [MESSAGE][PASSED] - Text 'Payment Plan Information:' is present on page 

04-10-2024T23:45:09 - [TEST_STEP][PASSED] - isRequiredTextPresent = true: null

04-10-2024T23:45:09 - [TEST_STEP][PASSED] - println(isRequiredTextPresent): null

04-10-2024T23:45:09 - [TEST_STEP][PASSED] - if (isRequiredTextPresent): null

04-10-2024T23:45:09 - [TEST_STEP][PASSED] - if (verifyTextPresent("Payment Plan Type:", false)): null

04-10-2024T23:45:09 - [MESSAGE][PASSED] - Text 'Payment Plan Type:' is present on page 

04-10-2024T23:45:09 - [TEST_STEP][PASSED] - isRequiredTextPresent = true: null

04-10-2024T23:45:09 - [TEST_STEP][PASSED] - println(isRequiredTextPresent): null

04-10-2024T23:45:09 - [TEST_STEP][PASSED] - if (isRequiredTextPresent): null

04-10-2024T23:45:09 - [TEST_STEP][PASSED] - if (verifyTextPresent("Payment Plan Status:", false)): null

04-10-2024T23:45:09 - [MESSAGE][PASSED] - Text 'Payment Plan Status:' is present on page 

04-10-2024T23:45:09 - [TEST_STEP][PASSED] - isRequiredTextPresent = true: null

04-10-2024T23:45:09 - [TEST_STEP][PASSED] - println(isRequiredTextPresent): null

04-10-2024T23:45:09 - [TEST_STEP][PASSED] - if (isRequiredTextPresent): null

04-10-2024T23:45:09 - [TEST_STEP][PASSED] - if (verifyTextPresent("Payment Plan ID:", false)): null

04-10-2024T23:45:10 - [MESSAGE][PASSED] - Text 'Payment Plan ID:' is present on page 

04-10-2024T23:45:10 - [TEST_STEP][PASSED] - isRequiredTextPresent = true: null

04-10-2024T23:45:10 - [TEST_STEP][PASSED] - println(isRequiredTextPresent): null

04-10-2024T23:45:10 - [TEST_STEP][PASSED] - if (isRequiredTextPresent): null

04-10-2024T23:45:10 - [TEST_STEP][PASSED] - if (verifyTextPresent("Payment Plan Start Date:", false)): null

04-10-2024T23:45:10 - [MESSAGE][PASSED] - Text 'Payment Plan Start Date:' is present on page 

04-10-2024T23:45:10 - [TEST_STEP][PASSED] - isRequiredTextPresent = true: null

04-10-2024T23:45:10 - [TEST_STEP][PASSED] - println(isRequiredTextPresent): null

04-10-2024T23:45:10 - [TEST_STEP][PASSED] - if (isRequiredTextPresent): null

04-10-2024T23:45:10 - [TEST_STEP][PASSED] - if (verifyTextPresent("Amount:", false)): null

04-10-2024T23:45:10 - [MESSAGE][PASSED] - Text 'Amount:' is present on page 

04-10-2024T23:45:10 - [TEST_STEP][PASSED] - isRequiredTextPresent = true: null

04-10-2024T23:45:10 - [TEST_STEP][PASSED] - println(isRequiredTextPresent): null

04-10-2024T23:45:10 - [TEST_STEP][PASSED] - if (isRequiredTextPresent == true): pages.WriteExcel.demoKey is PASSED

04-10-2024T23:45:10 - [TEST_STEP][PASSED] - println("All the relevant texts are present on Receipt Page"): null

04-10-2024T23:45:10 - [TEST_STEP][PASSED] - markPassed("All the relevant texts are present on Receipt Page"): All the relevant texts are present on Receipt Page

04-10-2024T23:45:10 - [MESSAGE][PASSED] - All the relevant texts are present on Receipt Page

04-10-2024T23:45:10 - [TEST_STEP][PASSED] - resText = "Pass": null

04-10-2024T23:45:10 - [TEST_STEP][PASSED] - pages.WriteExcel.demoKey(resText, datText, resColumn, datCloumn, fileLoc, nameSheet, row): pages.WriteExcel.demoKey is PASSED

04-10-2024T23:45:10 - [MESSAGE][PASSED] - pages.WriteExcel.demoKey is PASSED

04-10-2024T23:45:10 - [TEST_STEP][PASSED] - closeBrowser(): Browser is closed

04-10-2024T23:45:11 - [MESSAGE][PASSED] - Browser is closed]]></system-out>
         <system-err><![CDATA[]]></system-err>
      </testcase>
      <testcase name="Test Cases/IntegratedWeb/IWP25/Payments/VerifyConfirmPageLabelsCC" time="59.216" classname="Test Cases/IntegratedWeb/IWP25/Payments/VerifyConfirmPageLabelsCC" status="FAILED">
         <failure type="FAILED" message="Test Cases/IntegratedWeb/IWP25/Payments/VerifyConfirmPageLabelsCC FAILED.&#xa;Reason:&#xa;com.kms.katalon.core.exception.StepFailedException: Text 'Confirm Payment Information' is not present on page  (Root cause: com.kms.katalon.core.exception.StepFailedException: Text 'Confirm Payment Information' is not present on page &#xa;	at com.kms.katalon.core.webui.keyword.internal.WebUIKeywordMain.stepFailed(WebUIKeywordMain.groovy:64)&#xa;	at com.kms.katalon.core.webui.keyword.builtin.VerifyTextPresentKeyword$_verifyTextPresent_closure1.doCall(VerifyTextPresentKeyword.groovy:79)&#xa;	at com.kms.katalon.core.webui.keyword.builtin.VerifyTextPresentKeyword$_verifyTextPresent_closure1.call(VerifyTextPresentKeyword.groovy)&#xa;	at com.kms.katalon.core.webui.keyword.internal.WebUIKeywordMain.runKeyword(WebUIKeywordMain.groovy:20)&#xa;	at com.kms.katalon.core.webui.keyword.builtin.VerifyTextPresentKeyword.verifyTextPresent(VerifyTextPresentKeyword.groovy:83)&#xa;	at com.kms.katalon.core.webui.keyword.builtin.VerifyTextPresentKeyword.execute(VerifyTextPresentKeyword.groovy:68)&#xa;	at com.kms.katalon.core.keyword.internal.KeywordExecutor.executeKeywordForPlatform(KeywordExecutor.groovy:74)&#xa;	at com.kms.katalon.core.webui.keyword.WebUiBuiltInKeywords.verifyTextPresent(WebUiBuiltInKeywords.groovy:1762)&#xa;	at VerifyConfirmPageLabelsCC.run(VerifyConfirmPageLabelsCC:97)&#xa;	at com.kms.katalon.core.main.ScriptEngine.run(ScriptEngine.java:194)&#xa;	at com.kms.katalon.core.main.ScriptEngine.runScriptAsRawText(ScriptEngine.java:119)&#xa;	at com.kms.katalon.core.main.TestCaseExecutor.runScript(TestCaseExecutor.java:448)&#xa;	at com.kms.katalon.core.main.TestCaseExecutor.doExecute(TestCaseExecutor.java:439)&#xa;	at com.kms.katalon.core.main.TestCaseExecutor.processExecutionPhase(TestCaseExecutor.java:418)&#xa;	at com.kms.katalon.core.main.TestCaseExecutor.accessMainPhase(TestCaseExecutor.java:410)&#xa;	at com.kms.katalon.core.main.TestCaseExecutor.execute(TestCaseExecutor.java:285)&#xa;	at com.kms.katalon.core.common.CommonExecutor.accessTestCaseMainPhase(CommonExecutor.java:65)&#xa;	at com.kms.katalon.core.main.TestSuiteExecutor.accessTestSuiteMainPhase(TestSuiteExecutor.java:150)&#xa;	at com.kms.katalon.core.main.TestSuiteExecutor.execute(TestSuiteExecutor.java:106)&#xa;	at com.kms.katalon.core.main.TestCaseMain.startTestSuite(TestCaseMain.java:180)&#xa;	at TempTestSuite1728062229059.run(TempTestSuite1728062229059.groovy:35)&#xa;	at java.base/jdk.internal.reflect.NativeMethodAccessorImpl.invoke0(Native Method)&#xa;	at java.base/jdk.internal.reflect.NativeMethodAccessorImpl.invoke(NativeMethodAccessorImpl.java:77)&#xa;	at java.base/jdk.internal.reflect.DelegatingMethodAccessorImpl.invoke(DelegatingMethodAccessorImpl.java:43)&#xa;)&#xa;	at com.kms.katalon.core.keyword.internal.KeywordMain.stepFailed(KeywordMain.groovy:39)&#xa;	at com.kms.katalon.core.webui.keyword.internal.WebUIKeywordMain.stepFailed(WebUIKeywordMain.groovy:64)&#xa;	at com.kms.katalon.core.webui.keyword.builtin.VerifyTextPresentKeyword$_verifyTextPresent_closure1.doCall(VerifyTextPresentKeyword.groovy:79)&#xa;	at com.kms.katalon.core.webui.keyword.builtin.VerifyTextPresentKeyword$_verifyTextPresent_closure1.call(VerifyTextPresentKeyword.groovy)&#xa;	at com.kms.katalon.core.webui.keyword.internal.WebUIKeywordMain.runKeyword(WebUIKeywordMain.groovy:20)&#xa;	at com.kms.katalon.core.webui.keyword.builtin.VerifyTextPresentKeyword.verifyTextPresent(VerifyTextPresentKeyword.groovy:83)&#xa;	at com.kms.katalon.core.webui.keyword.builtin.VerifyTextPresentKeyword.execute(VerifyTextPresentKeyword.groovy:68)&#xa;	at com.kms.katalon.core.keyword.internal.KeywordExecutor.executeKeywordForPlatform(KeywordExecutor.groovy:74)&#xa;	at com.kms.katalon.core.webui.keyword.WebUiBuiltInKeywords.verifyTextPresent(WebUiBuiltInKeywords.groovy:1762)&#xa;	at VerifyConfirmPageLabelsCC.run(VerifyConfirmPageLabelsCC:97)&#xa;	at com.kms.katalon.core.main.ScriptEngine.run(ScriptEngine.java:194)&#xa;	at com.kms.katalon.core.main.ScriptEngine.runScriptAsRawText(ScriptEngine.java:119)&#xa;	at com.kms.katalon.core.main.TestCaseExecutor.runScript(TestCaseExecutor.java:448)&#xa;	at com.kms.katalon.core.main.TestCaseExecutor.doExecute(TestCaseExecutor.java:439)&#xa;	at com.kms.katalon.core.main.TestCaseExecutor.processExecutionPhase(TestCaseExecutor.java:418)&#xa;	at com.kms.katalon.core.main.TestCaseExecutor.accessMainPhase(TestCaseExecutor.java:410)&#xa;	at com.kms.katalon.core.main.TestCaseExecutor.execute(TestCaseExecutor.java:285)&#xa;	at com.kms.katalon.core.common.CommonExecutor.accessTestCaseMainPhase(CommonExecutor.java:65)&#xa;	at com.kms.katalon.core.main.TestSuiteExecutor.accessTestSuiteMainPhase(TestSuiteExecutor.java:150)&#xa;	at com.kms.katalon.core.main.TestSuiteExecutor.execute(TestSuiteExecutor.java:106)&#xa;	at com.kms.katalon.core.main.TestCaseMain.startTestSuite(TestCaseMain.java:180)&#xa;	at TempTestSuite1728062229059.run(TempTestSuite1728062229059.groovy:35)&#xa;	at java.base/jdk.internal.reflect.NativeMethodAccessorImpl.invoke0(Native Method)&#xa;	at java.base/jdk.internal.reflect.NativeMethodAccessorImpl.invoke(NativeMethodAccessorImpl.java:77)&#xa;	at java.base/jdk.internal.reflect.DelegatingMethodAccessorImpl.invoke(DelegatingMethodAccessorImpl.java:43)&#xa;Caused by: com.kms.katalon.core.exception.StepFailedException: Text 'Confirm Payment Information' is not present on page &#xa;	... 24 more&#xa;"/>
         <system-out><![CDATA[04-10-2024T23:45:11 - [TEST_CASE][FAILED] - Test Cases/IntegratedWeb/IWP25/Payments/VerifyConfirmPageLabelsCC: Test Cases/IntegratedWeb/IWP25/Payments/VerifyConfirmPageLabelsCC FAILED.
Reason:
com.kms.katalon.core.exception.StepFailedException: Text 'Confirm Payment Information' is not present on page  (Root cause: com.kms.katalon.core.exception.StepFailedException: Text 'Confirm Payment Information' is not present on page 
	at com.kms.katalon.core.webui.keyword.internal.WebUIKeywordMain.stepFailed(WebUIKeywordMain.groovy:64)
	at com.kms.katalon.core.webui.keyword.builtin.VerifyTextPresentKeyword$_verifyTextPresent_closure1.doCall(VerifyTextPresentKeyword.groovy:79)
	at com.kms.katalon.core.webui.keyword.builtin.VerifyTextPresentKeyword$_verifyTextPresent_closure1.call(VerifyTextPresentKeyword.groovy)
	at com.kms.katalon.core.webui.keyword.internal.WebUIKeywordMain.runKeyword(WebUIKeywordMain.groovy:20)
	at com.kms.katalon.core.webui.keyword.builtin.VerifyTextPresentKeyword.verifyTextPresent(VerifyTextPresentKeyword.groovy:83)
	at com.kms.katalon.core.webui.keyword.builtin.VerifyTextPresentKeyword.execute(VerifyTextPresentKeyword.groovy:68)
	at com.kms.katalon.core.keyword.internal.KeywordExecutor.executeKeywordForPlatform(KeywordExecutor.groovy:74)
	at com.kms.katalon.core.webui.keyword.WebUiBuiltInKeywords.verifyTextPresent(WebUiBuiltInKeywords.groovy:1762)
	at VerifyConfirmPageLabelsCC.run(VerifyConfirmPageLabelsCC:97)
	at com.kms.katalon.core.main.ScriptEngine.run(ScriptEngine.java:194)
	at com.kms.katalon.core.main.ScriptEngine.runScriptAsRawText(ScriptEngine.java:119)
	at com.kms.katalon.core.main.TestCaseExecutor.runScript(TestCaseExecutor.java:448)
	at com.kms.katalon.core.main.TestCaseExecutor.doExecute(TestCaseExecutor.java:439)
	at com.kms.katalon.core.main.TestCaseExecutor.processExecutionPhase(TestCaseExecutor.java:418)
	at com.kms.katalon.core.main.TestCaseExecutor.accessMainPhase(TestCaseExecutor.java:410)
	at com.kms.katalon.core.main.TestCaseExecutor.execute(TestCaseExecutor.java:285)
	at com.kms.katalon.core.common.CommonExecutor.accessTestCaseMainPhase(CommonExecutor.java:65)
	at com.kms.katalon.core.main.TestSuiteExecutor.accessTestSuiteMainPhase(TestSuiteExecutor.java:150)
	at com.kms.katalon.core.main.TestSuiteExecutor.execute(TestSuiteExecutor.java:106)
	at com.kms.katalon.core.main.TestCaseMain.startTestSuite(TestCaseMain.java:180)
	at TempTestSuite1728062229059.run(TempTestSuite1728062229059.groovy:35)
	at java.base/jdk.internal.reflect.NativeMethodAccessorImpl.invoke0(Native Method)
	at java.base/jdk.internal.reflect.NativeMethodAccessorImpl.invoke(NativeMethodAccessorImpl.java:77)
	at java.base/jdk.internal.reflect.DelegatingMethodAccessorImpl.invoke(DelegatingMethodAccessorImpl.java:43)
)
	at com.kms.katalon.core.keyword.internal.KeywordMain.stepFailed(KeywordMain.groovy:39)
	at com.kms.katalon.core.webui.keyword.internal.WebUIKeywordMain.stepFailed(WebUIKeywordMain.groovy:64)
	at com.kms.katalon.core.webui.keyword.builtin.VerifyTextPresentKeyword$_verifyTextPresent_closure1.doCall(VerifyTextPresentKeyword.groovy:79)
	at com.kms.katalon.core.webui.keyword.builtin.VerifyTextPresentKeyword$_verifyTextPresent_closure1.call(VerifyTextPresentKeyword.groovy)
	at com.kms.katalon.core.webui.keyword.internal.WebUIKeywordMain.runKeyword(WebUIKeywordMain.groovy:20)
	at com.kms.katalon.core.webui.keyword.builtin.VerifyTextPresentKeyword.verifyTextPresent(VerifyTextPresentKeyword.groovy:83)
	at com.kms.katalon.core.webui.keyword.builtin.VerifyTextPresentKeyword.execute(VerifyTextPresentKeyword.groovy:68)
	at com.kms.katalon.core.keyword.internal.KeywordExecutor.executeKeywordForPlatform(KeywordExecutor.groovy:74)
	at com.kms.katalon.core.webui.keyword.WebUiBuiltInKeywords.verifyTextPresent(WebUiBuiltInKeywords.groovy:1762)
	at VerifyConfirmPageLabelsCC.run(VerifyConfirmPageLabelsCC:97)
	at com.kms.katalon.core.main.ScriptEngine.run(ScriptEngine.java:194)
	at com.kms.katalon.core.main.ScriptEngine.runScriptAsRawText(ScriptEngine.java:119)
	at com.kms.katalon.core.main.TestCaseExecutor.runScript(TestCaseExecutor.java:448)
	at com.kms.katalon.core.main.TestCaseExecutor.doExecute(TestCaseExecutor.java:439)
	at com.kms.katalon.core.main.TestCaseExecutor.processExecutionPhase(TestCaseExecutor.java:418)
	at com.kms.katalon.core.main.TestCaseExecutor.accessMainPhase(TestCaseExecutor.java:410)
	at com.kms.katalon.core.main.TestCaseExecutor.execute(TestCaseExecutor.java:285)
	at com.kms.katalon.core.common.CommonExecutor.accessTestCaseMainPhase(CommonExecutor.java:65)
	at com.kms.katalon.core.main.TestSuiteExecutor.accessTestSuiteMainPhase(TestSuiteExecutor.java:150)
	at com.kms.katalon.core.main.TestSuiteExecutor.execute(TestSuiteExecutor.java:106)
	at com.kms.katalon.core.main.TestCaseMain.startTestSuite(TestCaseMain.java:180)
	at TempTestSuite1728062229059.run(TempTestSuite1728062229059.groovy:35)
	at java.base/jdk.internal.reflect.NativeMethodAccessorImpl.invoke0(Native Method)
	at java.base/jdk.internal.reflect.NativeMethodAccessorImpl.invoke(NativeMethodAccessorImpl.java:77)
	at java.base/jdk.internal.reflect.DelegatingMethodAccessorImpl.invoke(DelegatingMethodAccessorImpl.java:43)
Caused by: com.kms.katalon.core.exception.StepFailedException: Text 'Confirm Payment Information' is not present on page 
	... 24 more


04-10-2024T23:45:11 - [TEST_STEP][PASSED] - resText = "Fail": null

04-10-2024T23:45:11 - [TEST_STEP][PASSED] - resColumn = "Result": null

04-10-2024T23:45:11 - [TEST_STEP][PASSED] - datCloumn = "Date": null

04-10-2024T23:45:11 - [TEST_STEP][PASSED] - fileLoc = "KatalonData/IWPTestData/VRelay25Payments.xlsx": null

04-10-2024T23:45:11 - [TEST_STEP][PASSED] - numOfRows = <not implemented yet for class: org.codehaus.groovy.ast.expr.EmptyExpression>: null

04-10-2024T23:45:11 - [TEST_STEP][PASSED] - dataFile = <not implemented yet for class: org.codehaus.groovy.ast.expr.EmptyExpression>: null

04-10-2024T23:45:11 - [TEST_STEP][PASSED] - nameSheet = <not implemented yet for class: org.codehaus.groovy.ast.expr.EmptyExpression>: null

04-10-2024T23:45:11 - [TEST_STEP][PASSED] - dataFileEmulator = <not implemented yet for class: org.codehaus.groovy.ast.expr.EmptyExpression>: null

04-10-2024T23:45:11 - [TEST_STEP][PASSED] - isRequiredTextPresent = false: null

04-10-2024T23:45:11 - [TEST_STEP][PASSED] - nameSheet = "VerifyConfirmPageLabelsCredit": null

04-10-2024T23:45:11 - [TEST_STEP][PASSED] - dataFile = "IWPTestData/IWP25VerifyConfirmPageLabelsCC": null

04-10-2024T23:45:11 - [TEST_STEP][PASSED] - dataFileEmulator = "IWPTestData/EmulatorData": null

04-10-2024T23:45:11 - [TEST_STEP][PASSED] - numOfRows = findTestData(dataFile).getRowNumbers(): null

04-10-2024T23:45:11 - [TEST_STEP][PASSED] - println("Number of Records: " + numOfRows): null

04-10-2024T23:45:11 - [TEST_STEP][FAILED] - for ([row = 1, row <= numOfRows, (row++)]): null

04-10-2024T23:45:11 - [TEST_STEP][PASSED] - ExecuteTC = findTestData(dataFile).getValue("Execute", row): null

04-10-2024T23:45:11 - [TEST_STEP][PASSED] - out.println("Value of Execute is : " + ExecuteTC): null

04-10-2024T23:45:11 - [TEST_STEP][FAILED] - if (ExecuteTC.equalsIgnoreCase("Y")): null

04-10-2024T23:45:11 - [TEST_STEP][PASSED] - out.println("Begin Record Number: " + row): null

04-10-2024T23:45:11 - [TEST_STEP][PASSED] - today = new java.util.Date(): null

04-10-2024T23:45:11 - [TEST_STEP][PASSED] - println(today): null

04-10-2024T23:45:11 - [TEST_STEP][PASSED] - datText = today: null

04-10-2024T23:45:11 - [TEST_STEP][PASSED] - EmulatorDataKey = findTestData(dataFile).getValue("EmulatorData", row): null

04-10-2024T23:45:11 - [TEST_STEP][PASSED] - out.println("Value of Emulator Key is : " + EmulatorDataKey): null

04-10-2024T23:45:11 - [TEST_STEP][PASSED] - iwpPages.emulatorIWP30.setDataEmulator_DD(EmulatorDataKey): iwpPages.emulatorIWP30.setDataEmulator_DD is PASSED

04-10-2024T23:45:11 - [MESSAGE][INFO] - Starting 'Edge Chromium' driver

04-10-2024T23:45:11 - [MESSAGE][INFO] - User set preference: ['acceptInsecureCerts', 'true']

04-10-2024T23:45:14 - [MESSAGE][INFO] - Action delay is set to 0 milliseconds

04-10-2024T23:45:17 - [MESSAGE][PASSED] - Browser is opened with url: 'https://qa.velocitypayment.com/agency/config.do?action=editor&message_version=2_5'

04-10-2024T23:45:17 - [MESSAGE][PASSED] - Current window maximized

04-10-2024T23:45:18 - [MESSAGE][PASSED] - All options with value '2.5' are selected in object 'Object Repository/IWP30/Page_VRelay30Emulator/MV'  using regular expression

04-10-2024T23:45:19 - [MESSAGE][PASSED] - Text '10.50' is set on object 'Object Repository/IWP30/Page_VRelay30Emulator/Amount'

04-10-2024T23:45:19 - [MESSAGE][PASSED] - Text '9ifEus1lY90R' is set on object 'Object Repository/IWP30/Page_VRelay30Emulator/CAN'

04-10-2024T23:45:20 - [MESSAGE][PASSED] - Text 'PayNow' is set on object 'Object Repository/IWP30/Page_VRelay30Emulator/Action'

04-10-2024T23:45:20 - [MESSAGE][PASSED] - Text 'en_US' is set on object 'Object Repository/IWP30/Page_VRelay30Emulator/Lang'

04-10-2024T23:45:21 - [MESSAGE][PASSED] - Text '' is set on object 'Object Repository/IWP30/Page_VRelay30Emulator/Fname'

04-10-2024T23:45:22 - [MESSAGE][PASSED] - Text '' is set on object 'Object Repository/IWP30/Page_VRelay30Emulator/Lname'

04-10-2024T23:45:22 - [MESSAGE][PASSED] - Text '' is set on object 'Object Repository/IWP30/Page_VRelay30Emulator/AL1'

04-10-2024T23:45:23 - [MESSAGE][PASSED] - Text '' is set on object 'Object Repository/IWP30/Page_VRelay30Emulator/AL2'

04-10-2024T23:45:23 - [MESSAGE][PASSED] - Text '' is set on object 'Object Repository/IWP30/Page_VRelay30Emulator/Country'

04-10-2024T23:45:24 - [MESSAGE][PASSED] - Text '' is set on object 'Object Repository/IWP30/Page_VRelay30Emulator/City'

04-10-2024T23:45:25 - [MESSAGE][PASSED] - Text '' is set on object 'Object Repository/IWP30/Page_VRelay30Emulator/State'

04-10-2024T23:45:25 - [MESSAGE][PASSED] - Text '' is set on object 'Object Repository/IWP30/Page_VRelay30Emulator/ZIP'

04-10-2024T23:45:26 - [MESSAGE][PASSED] - Text '' is set on object 'Object Repository/IWP30/Page_VRelay30Emulator/Order'

04-10-2024T23:45:26 - [MESSAGE][PASSED] - Text '' is set on object 'Object Repository/IWP30/Page_VRelay30Emulator/Company'

04-10-2024T23:45:27 - [MESSAGE][PASSED] - Text '' is set on object 'Object Repository/IWP30/Page_VRelay30Emulator/Email'

04-10-2024T23:45:27 - [MESSAGE][PASSED] - Text '' is set on object 'Object Repository/IWP30/Page_VRelay30Emulator/UDF1'

04-10-2024T23:45:28 - [MESSAGE][PASSED] - Text '' is set on object 'Object Repository/IWP30/Page_VRelay30Emulator/UDF2'

04-10-2024T23:45:29 - [MESSAGE][PASSED] - Text '' is set on object 'Object Repository/IWP30/Page_VRelay30Emulator/UDF3'

04-10-2024T23:45:29 - [MESSAGE][PASSED] - Text 'udf data 4' is set on object 'Object Repository/IWP30/Page_VRelay30Emulator/UDF4'

04-10-2024T23:45:30 - [MESSAGE][PASSED] - Text 'udf data 5' is set on object 'Object Repository/IWP30/Page_VRelay30Emulator/UDF5'

04-10-2024T23:45:30 - [MESSAGE][PASSED] - Text '' is set on object 'Object Repository/IWP30/Page_VRelay30Emulator/UDF6'

04-10-2024T23:45:31 - [MESSAGE][PASSED] - Text '' is set on object 'Object Repository/IWP30/Page_VRelay30Emulator/UDF7'

04-10-2024T23:45:31 - [MESSAGE][PASSED] - Text '' is set on object 'Object Repository/IWP30/Page_VRelay30Emulator/UDF8'

04-10-2024T23:45:32 - [MESSAGE][PASSED] - Text 'udf data 9' is set on object 'Object Repository/IWP30/Page_VRelay30Emulator/UDF9'

04-10-2024T23:45:33 - [MESSAGE][PASSED] - Text 'udf data 10' is set on object 'Object Repository/IWP30/Page_VRelay30Emulator/UDF10'

04-10-2024T23:45:34 - [MESSAGE][PASSED] - Object: 'Object Repository/IWP30/Page_VRelay30Emulator/Submit' is clicked on

04-10-2024T23:45:38 - [MESSAGE][PASSED] - Browser is closed

04-10-2024T23:45:42 - [MESSAGE][PASSED] - iwpPages.emulatorIWP30.setDataEmulator_DD is PASSED

04-10-2024T23:45:42 - [TEST_STEP][PASSED] - testHarnessURL = urlTestHarness: null

04-10-2024T23:45:42 - [TEST_STEP][PASSED] - openBrowser(testHarnessURL): Browser is opened with url: 'https://dev-algorithm.govolution.com/vrelaytest/QA/version_2_2/vrelaytest.html'

04-10-2024T23:45:42 - [MESSAGE][INFO] - Starting 'Edge Chromium' driver

04-10-2024T23:45:42 - [MESSAGE][INFO] - User set preference: ['acceptInsecureCerts', 'true']

04-10-2024T23:45:44 - [MESSAGE][INFO] - Action delay is set to 0 milliseconds

04-10-2024T23:45:48 - [MESSAGE][PASSED] - Browser is opened with url: 'https://dev-algorithm.govolution.com/vrelaytest/QA/version_2_2/vrelaytest.html'

04-10-2024T23:45:48 - [TEST_STEP][PASSED] - maximizeWindow(): Current window maximized

04-10-2024T23:45:48 - [MESSAGE][PASSED] - Current window maximized

04-10-2024T23:45:48 - [TEST_STEP][PASSED] - iwpPages.TestHarnessPage.setDataMethod(row, dataFile): iwpPages.TestHarnessPage.setDataMethod is PASSED

04-10-2024T23:45:48 - [MESSAGE][PASSED] - Object 'Object Repository/IWP30/Page_QATestHarness/RemittanceID' is present

04-10-2024T23:45:49 - [MESSAGE][PASSED] - Text '638' is set on object 'Object Repository/IWP30/Page_QATestHarness/ApplicationID'

04-10-2024T23:45:49 - [MESSAGE][PASSED] - Text '2.5' is set on object 'Object Repository/IWP30/Page_QATestHarness/MessageVersion'

04-10-2024T23:45:50 - [MESSAGE][PASSED] - Text 'eWqbkwIUUBfc' is set on object 'Object Repository/IWP30/Page_QATestHarness/RemittanceID'

04-10-2024T23:45:53 - [MESSAGE][PASSED] - Object: 'Object Repository/IWP30/Page_QATestHarness/SubmitButton' is clicked on

04-10-2024T23:45:53 - [MESSAGE][PASSED] - iwpPages.TestHarnessPage.setDataMethod is PASSED

04-10-2024T23:45:53 - [TEST_STEP][PASSED] - click(findTestObject("Object Repository/IWP30/Page_SelectPaymentMethod/PayByCreditCard")): Object: 'Object Repository/IWP30/Page_SelectPaymentMethod/PayByCreditCard' is clicked on

04-10-2024T23:45:54 - [MESSAGE][PASSED] - Object: 'Object Repository/IWP30/Page_SelectPaymentMethod/PayByCreditCard' is clicked on

04-10-2024T23:45:54 - [TEST_STEP][PASSED] - click(findTestObject("Object Repository/IWP30/Page_SelectPaymentMethod/MakePaymentButton")): Object: 'Object Repository/IWP30/Page_SelectPaymentMethod/MakePaymentButton' is clicked on

04-10-2024T23:45:55 - [MESSAGE][PASSED] - Object: 'Object Repository/IWP30/Page_SelectPaymentMethod/MakePaymentButton' is clicked on

04-10-2024T23:45:55 - [TEST_STEP][PASSED] - iwpPages.ccPaymentEntryPage.setDataCCPM(row, dataFile): iwpPages.ccPaymentEntryPage.setDataCCPM is PASSED

04-10-2024T23:45:56 - [MESSAGE][PASSED] - Object 'Object Repository/IWP30/Page_CCPaymentEntry/Name' is present

04-10-2024T23:45:57 - [MESSAGE][PASSED] - Text '10.50' is set on object 'Object Repository/IWP30/Page_CCPaymentEntry/Amount'

04-10-2024T23:45:58 - [MESSAGE][PASSED] - Text 'udf data 2' is set on object 'Object Repository/IWP30/Page_CCPaymentEntry/UserDefined2'

04-10-2024T23:45:58 - [MESSAGE][PASSED] - Text 'udf data 3' is set on object 'Object Repository/IWP30/Page_CCPaymentEntry/UserDefined3'

04-10-2024T23:45:59 - [MESSAGE][PASSED] - All options with label 'Orange' are selected in object 'Object Repository/IWP30/Page_CCPaymentEntry/UserDefined7' 

04-10-2024T23:45:59 - [MESSAGE][PASSED] - All options with label 'Soccer' are selected in object 'Object Repository/IWP30/Page_CCPaymentEntry/UserDefined8' 

04-10-2024T23:46:00 - [MESSAGE][PASSED] - Object 'Object Repository/IWP30/Page_CCPaymentEntry/Name' is present

04-10-2024T23:46:00 - [MESSAGE][PASSED] - Text 'Kavita Ranawati' is set on object 'Object Repository/IWP30/Page_CCPaymentEntry/Name'

04-10-2024T23:46:00 - [MESSAGE][PASSED] - Object 'Object Repository/IWP30/Page_CCPaymentEntry/CardNumber' is present

04-10-2024T23:46:01 - [MESSAGE][PASSED] - Text '4111111111111111' is set on object 'Object Repository/IWP30/Page_CCPaymentEntry/CardNumber'

04-10-2024T23:46:02 - [MESSAGE][PASSED] - Text '123' is set on object 'Object Repository/IWP30/Page_CCPaymentEntry/SPC'

04-10-2024T23:46:03 - [MESSAGE][PASSED] - Object 'Object Repository/IWP30/Page_CCPaymentEntry/Month' is present

04-10-2024T23:46:03 - [MESSAGE][PASSED] - All options with label '09' are selected in object 'Object Repository/IWP30/Page_CCPaymentEntry/Month' 

04-10-2024T23:46:04 - [MESSAGE][PASSED] - Object 'Object Repository/IWP30/Page_CCPaymentEntry/Year' is present

04-10-2024T23:46:04 - [MESSAGE][PASSED] - All options with label '2028' are selected in object 'Object Repository/IWP30/Page_CCPaymentEntry/Year' 

04-10-2024T23:46:05 - [MESSAGE][PASSED] - Text '365 Main Avenue' is set on object 'Object Repository/IWP30/Page_CCPaymentEntry/AL1'

04-10-2024T23:46:06 - [MESSAGE][PASSED] - Text '22201' is set on object 'Object Repository/IWP30/Page_CCPaymentEntry/ZIP'

04-10-2024T23:46:06 - [MESSAGE][PASSED] - Object 'Object Repository/IWP30/Page_CCPaymentEntry/EmailAddress' is present

04-10-2024T23:46:07 - [MESSAGE][PASSED] - Text 'iahmed@govolution.com' is set on object 'Object Repository/IWP30/Page_CCPaymentEntry/EmailAddress'

04-10-2024T23:46:07 - [MESSAGE][PASSED] - Object 'Object Repository/IWP30/Page_CCPaymentEntry/TermCondCheckBox' is present

04-10-2024T23:46:07 - [MESSAGE][PASSED] - Object 'Object Repository/IWP30/Page_CCPaymentEntry/TermCondCheckBox' is checked

04-10-2024T23:46:08 - [MESSAGE][PASSED] - Object 'Object Repository/IWP30/Page_CCPaymentEntry/ContinueButton' is present

04-10-2024T23:46:09 - [MESSAGE][PASSED] - Object: 'Object Repository/IWP30/Page_CCPaymentEntry/ContinueButton' is clicked on

04-10-2024T23:46:09 - [MESSAGE][PASSED] - iwpPages.ccPaymentEntryPage.setDataCCPM is PASSED

04-10-2024T23:46:09 - [TEST_STEP][PASSED] - if (verifyTextPresent("Make a Real Estate Payment", false)): null

04-10-2024T23:46:09 - [MESSAGE][PASSED] - Text 'Make a Real Estate Payment' is present on page 

04-10-2024T23:46:09 - [TEST_STEP][PASSED] - isRequiredTextPresent = true: null

04-10-2024T23:46:09 - [TEST_STEP][PASSED] - println(isRequiredTextPresent): null

04-10-2024T23:46:09 - [TEST_STEP][FAILED] - if (isRequiredTextPresent): null

04-10-2024T23:46:09 - [TEST_STEP][FAILED] - if (verifyTextPresent("Confirm Payment Information", false)): Text 'Confirm Payment Information' is not present on page  (Root cause: com.kms.katalon.core.exception.StepFailedException: Text 'Confirm Payment Information' is not present on page 
	at com.kms.katalon.core.webui.keyword.internal.WebUIKeywordMain.stepFailed(WebUIKeywordMain.groovy:64)
	at com.kms.katalon.core.webui.keyword.builtin.VerifyTextPresentKeyword$_verifyTextPresent_closure1.doCall(VerifyTextPresentKeyword.groovy:79)
	at com.kms.katalon.core.webui.keyword.builtin.VerifyTextPresentKeyword$_verifyTextPresent_closure1.call(VerifyTextPresentKeyword.groovy)
	at com.kms.katalon.core.webui.keyword.internal.WebUIKeywordMain.runKeyword(WebUIKeywordMain.groovy:20)
	at com.kms.katalon.core.webui.keyword.builtin.VerifyTextPresentKeyword.verifyTextPresent(VerifyTextPresentKeyword.groovy:83)
	at com.kms.katalon.core.webui.keyword.builtin.VerifyTextPresentKeyword.execute(VerifyTextPresentKeyword.groovy:68)
	at com.kms.katalon.core.keyword.internal.KeywordExecutor.executeKeywordForPlatform(KeywordExecutor.groovy:74)
	at com.kms.katalon.core.webui.keyword.WebUiBuiltInKeywords.verifyTextPresent(WebUiBuiltInKeywords.groovy:1762)
	at VerifyConfirmPageLabelsCC.run(VerifyConfirmPageLabelsCC:97)
	at com.kms.katalon.core.main.ScriptEngine.run(ScriptEngine.java:194)
	at com.kms.katalon.core.main.ScriptEngine.runScriptAsRawText(ScriptEngine.java:119)
	at com.kms.katalon.core.main.TestCaseExecutor.runScript(TestCaseExecutor.java:448)
	at com.kms.katalon.core.main.TestCaseExecutor.doExecute(TestCaseExecutor.java:439)
	at com.kms.katalon.core.main.TestCaseExecutor.processExecutionPhase(TestCaseExecutor.java:418)
	at com.kms.katalon.core.main.TestCaseExecutor.accessMainPhase(TestCaseExecutor.java:410)
	at com.kms.katalon.core.main.TestCaseExecutor.execute(TestCaseExecutor.java:285)
	at com.kms.katalon.core.common.CommonExecutor.accessTestCaseMainPhase(CommonExecutor.java:65)
	at com.kms.katalon.core.main.TestSuiteExecutor.accessTestSuiteMainPhase(TestSuiteExecutor.java:150)
	at com.kms.katalon.core.main.TestSuiteExecutor.execute(TestSuiteExecutor.java:106)
	at com.kms.katalon.core.main.TestCaseMain.startTestSuite(TestCaseMain.java:180)
	at TempTestSuite1728062229059.run(TempTestSuite1728062229059.groovy:35)
	at java.base/jdk.internal.reflect.NativeMethodAccessorImpl.invoke0(Native Method)
	at java.base/jdk.internal.reflect.NativeMethodAccessorImpl.invoke(NativeMethodAccessorImpl.java:77)
	at java.base/jdk.internal.reflect.DelegatingMethodAccessorImpl.invoke(DelegatingMethodAccessorImpl.java:43)
)

04-10-2024T23:46:10 - [MESSAGE][FAILED] - Text 'Confirm Payment Information' is not present on page  (Root cause: com.kms.katalon.core.exception.StepFailedException: Text 'Confirm Payment Information' is not present on page 
	at com.kms.katalon.core.webui.keyword.internal.WebUIKeywordMain.stepFailed(WebUIKeywordMain.groovy:64)
	at com.kms.katalon.core.webui.keyword.builtin.VerifyTextPresentKeyword$_verifyTextPresent_closure1.doCall(VerifyTextPresentKeyword.groovy:79)
	at com.kms.katalon.core.webui.keyword.builtin.VerifyTextPresentKeyword$_verifyTextPresent_closure1.call(VerifyTextPresentKeyword.groovy)
	at com.kms.katalon.core.webui.keyword.internal.WebUIKeywordMain.runKeyword(WebUIKeywordMain.groovy:20)
	at com.kms.katalon.core.webui.keyword.builtin.VerifyTextPresentKeyword.verifyTextPresent(VerifyTextPresentKeyword.groovy:83)
	at com.kms.katalon.core.webui.keyword.builtin.VerifyTextPresentKeyword.execute(VerifyTextPresentKeyword.groovy:68)
	at com.kms.katalon.core.keyword.internal.KeywordExecutor.executeKeywordForPlatform(KeywordExecutor.groovy:74)
	at com.kms.katalon.core.webui.keyword.WebUiBuiltInKeywords.verifyTextPresent(WebUiBuiltInKeywords.groovy:1762)
	at VerifyConfirmPageLabelsCC.run(VerifyConfirmPageLabelsCC:97)
	at com.kms.katalon.core.main.ScriptEngine.run(ScriptEngine.java:194)
	at com.kms.katalon.core.main.ScriptEngine.runScriptAsRawText(ScriptEngine.java:119)
	at com.kms.katalon.core.main.TestCaseExecutor.runScript(TestCaseExecutor.java:448)
	at com.kms.katalon.core.main.TestCaseExecutor.doExecute(TestCaseExecutor.java:439)
	at com.kms.katalon.core.main.TestCaseExecutor.processExecutionPhase(TestCaseExecutor.java:418)
	at com.kms.katalon.core.main.TestCaseExecutor.accessMainPhase(TestCaseExecutor.java:410)
	at com.kms.katalon.core.main.TestCaseExecutor.execute(TestCaseExecutor.java:285)
	at com.kms.katalon.core.common.CommonExecutor.accessTestCaseMainPhase(CommonExecutor.java:65)
	at com.kms.katalon.core.main.TestSuiteExecutor.accessTestSuiteMainPhase(TestSuiteExecutor.java:150)
	at com.kms.katalon.core.main.TestSuiteExecutor.execute(TestSuiteExecutor.java:106)
	at com.kms.katalon.core.main.TestCaseMain.startTestSuite(TestCaseMain.java:180)
	at TempTestSuite1728062229059.run(TempTestSuite1728062229059.groovy:35)
	at java.base/jdk.internal.reflect.NativeMethodAccessorImpl.invoke0(Native Method)
	at java.base/jdk.internal.reflect.NativeMethodAccessorImpl.invoke(NativeMethodAccessorImpl.java:77)
	at java.base/jdk.internal.reflect.DelegatingMethodAccessorImpl.invoke(DelegatingMethodAccessorImpl.java:43)
)

04-10-2024T23:46:10 - [TEST_STEP][PASSED] - else: null

04-10-2024T23:46:10 - [TEST_STEP][PASSED] - isRequiredTextPresent = false: null

04-10-2024T23:46:10 - [TEST_STEP][PASSED] - if (isRequiredTextPresent): null

04-10-2024T23:46:10 - [TEST_STEP][PASSED] - if (isRequiredTextPresent): null

04-10-2024T23:46:10 - [TEST_STEP][PASSED] - if (isRequiredTextPresent): null

04-10-2024T23:46:10 - [TEST_STEP][PASSED] - if (isRequiredTextPresent): null

04-10-2024T23:46:10 - [TEST_STEP][PASSED] - if (isRequiredTextPresent): null

04-10-2024T23:46:10 - [TEST_STEP][PASSED] - if (isRequiredTextPresent): null

04-10-2024T23:46:10 - [TEST_STEP][PASSED] - if (isRequiredTextPresent): null

04-10-2024T23:46:10 - [TEST_STEP][PASSED] - if (isRequiredTextPresent): null

04-10-2024T23:46:10 - [TEST_STEP][PASSED] - if (isRequiredTextPresent): null

04-10-2024T23:46:10 - [TEST_STEP][PASSED] - if (isRequiredTextPresent): null

04-10-2024T23:46:10 - [TEST_STEP][PASSED] - if (isRequiredTextPresent): null

04-10-2024T23:46:10 - [TEST_STEP][PASSED] - if (isRequiredTextPresent): null

04-10-2024T23:46:10 - [TEST_STEP][PASSED] - if (isRequiredTextPresent): null

04-10-2024T23:46:10 - [TEST_STEP][PASSED] - if (isRequiredTextPresent): null

04-10-2024T23:46:10 - [TEST_STEP][PASSED] - if (isRequiredTextPresent): null

04-10-2024T23:46:10 - [TEST_STEP][PASSED] - if (isRequiredTextPresent): null

04-10-2024T23:46:10 - [TEST_STEP][PASSED] - if (isRequiredTextPresent): null

04-10-2024T23:46:10 - [TEST_STEP][PASSED] - if (isRequiredTextPresent): null

04-10-2024T23:46:10 - [TEST_STEP][PASSED] - if (isRequiredTextPresent): null

04-10-2024T23:46:10 - [TEST_STEP][PASSED] - if (isRequiredTextPresent): null

04-10-2024T23:46:10 - [TEST_STEP][PASSED] - if (isRequiredTextPresent): null

04-10-2024T23:46:10 - [TEST_STEP][PASSED] - if (isRequiredTextPresent): null

04-10-2024T23:46:10 - [TEST_STEP][PASSED] - if (isRequiredTextPresent): null

04-10-2024T23:46:10 - [TEST_STEP][PASSED] - if (isRequiredTextPresent): null

04-10-2024T23:46:10 - [TEST_STEP][PASSED] - if (isRequiredTextPresent): null

04-10-2024T23:46:10 - [TEST_STEP][PASSED] - if (isRequiredTextPresent): null

04-10-2024T23:46:10 - [TEST_STEP][PASSED] - if (isRequiredTextPresent == true): null

04-10-2024T23:46:10 - [TEST_STEP][PASSED] - else: pages.WriteExcel.demoKey is PASSED

04-10-2024T23:46:10 - [TEST_STEP][PASSED] - println("Some texts are missing on the Confirm page"): null

04-10-2024T23:46:10 - [TEST_STEP][PASSED] - resText = "Fail": null

04-10-2024T23:46:10 - [TEST_STEP][PASSED] - pages.WriteExcel.demoKey(resText, datText, resColumn, datCloumn, fileLoc, nameSheet, row): pages.WriteExcel.demoKey is PASSED

04-10-2024T23:46:10 - [MESSAGE][PASSED] - pages.WriteExcel.demoKey is PASSED]]></system-out>
         <system-err><![CDATA[04-10-2024T23:45:11 - [TEST_CASE][FAILED] - Test Cases/IntegratedWeb/IWP25/Payments/VerifyConfirmPageLabelsCC: Test Cases/IntegratedWeb/IWP25/Payments/VerifyConfirmPageLabelsCC FAILED.
Reason:
com.kms.katalon.core.exception.StepFailedException: Text 'Confirm Payment Information' is not present on page  (Root cause: com.kms.katalon.core.exception.StepFailedException: Text 'Confirm Payment Information' is not present on page 
	at com.kms.katalon.core.webui.keyword.internal.WebUIKeywordMain.stepFailed(WebUIKeywordMain.groovy:64)
	at com.kms.katalon.core.webui.keyword.builtin.VerifyTextPresentKeyword$_verifyTextPresent_closure1.doCall(VerifyTextPresentKeyword.groovy:79)
	at com.kms.katalon.core.webui.keyword.builtin.VerifyTextPresentKeyword$_verifyTextPresent_closure1.call(VerifyTextPresentKeyword.groovy)
	at com.kms.katalon.core.webui.keyword.internal.WebUIKeywordMain.runKeyword(WebUIKeywordMain.groovy:20)
	at com.kms.katalon.core.webui.keyword.builtin.VerifyTextPresentKeyword.verifyTextPresent(VerifyTextPresentKeyword.groovy:83)
	at com.kms.katalon.core.webui.keyword.builtin.VerifyTextPresentKeyword.execute(VerifyTextPresentKeyword.groovy:68)
	at com.kms.katalon.core.keyword.internal.KeywordExecutor.executeKeywordForPlatform(KeywordExecutor.groovy:74)
	at com.kms.katalon.core.webui.keyword.WebUiBuiltInKeywords.verifyTextPresent(WebUiBuiltInKeywords.groovy:1762)
	at VerifyConfirmPageLabelsCC.run(VerifyConfirmPageLabelsCC:97)
	at com.kms.katalon.core.main.ScriptEngine.run(ScriptEngine.java:194)
	at com.kms.katalon.core.main.ScriptEngine.runScriptAsRawText(ScriptEngine.java:119)
	at com.kms.katalon.core.main.TestCaseExecutor.runScript(TestCaseExecutor.java:448)
	at com.kms.katalon.core.main.TestCaseExecutor.doExecute(TestCaseExecutor.java:439)
	at com.kms.katalon.core.main.TestCaseExecutor.processExecutionPhase(TestCaseExecutor.java:418)
	at com.kms.katalon.core.main.TestCaseExecutor.accessMainPhase(TestCaseExecutor.java:410)
	at com.kms.katalon.core.main.TestCaseExecutor.execute(TestCaseExecutor.java:285)
	at com.kms.katalon.core.common.CommonExecutor.accessTestCaseMainPhase(CommonExecutor.java:65)
	at com.kms.katalon.core.main.TestSuiteExecutor.accessTestSuiteMainPhase(TestSuiteExecutor.java:150)
	at com.kms.katalon.core.main.TestSuiteExecutor.execute(TestSuiteExecutor.java:106)
	at com.kms.katalon.core.main.TestCaseMain.startTestSuite(TestCaseMain.java:180)
	at TempTestSuite1728062229059.run(TempTestSuite1728062229059.groovy:35)
	at java.base/jdk.internal.reflect.NativeMethodAccessorImpl.invoke0(Native Method)
	at java.base/jdk.internal.reflect.NativeMethodAccessorImpl.invoke(NativeMethodAccessorImpl.java:77)
	at java.base/jdk.internal.reflect.DelegatingMethodAccessorImpl.invoke(DelegatingMethodAccessorImpl.java:43)
)
	at com.kms.katalon.core.keyword.internal.KeywordMain.stepFailed(KeywordMain.groovy:39)
	at com.kms.katalon.core.webui.keyword.internal.WebUIKeywordMain.stepFailed(WebUIKeywordMain.groovy:64)
	at com.kms.katalon.core.webui.keyword.builtin.VerifyTextPresentKeyword$_verifyTextPresent_closure1.doCall(VerifyTextPresentKeyword.groovy:79)
	at com.kms.katalon.core.webui.keyword.builtin.VerifyTextPresentKeyword$_verifyTextPresent_closure1.call(VerifyTextPresentKeyword.groovy)
	at com.kms.katalon.core.webui.keyword.internal.WebUIKeywordMain.runKeyword(WebUIKeywordMain.groovy:20)
	at com.kms.katalon.core.webui.keyword.builtin.VerifyTextPresentKeyword.verifyTextPresent(VerifyTextPresentKeyword.groovy:83)
	at com.kms.katalon.core.webui.keyword.builtin.VerifyTextPresentKeyword.execute(VerifyTextPresentKeyword.groovy:68)
	at com.kms.katalon.core.keyword.internal.KeywordExecutor.executeKeywordForPlatform(KeywordExecutor.groovy:74)
	at com.kms.katalon.core.webui.keyword.WebUiBuiltInKeywords.verifyTextPresent(WebUiBuiltInKeywords.groovy:1762)
	at VerifyConfirmPageLabelsCC.run(VerifyConfirmPageLabelsCC:97)
	at com.kms.katalon.core.main.ScriptEngine.run(ScriptEngine.java:194)
	at com.kms.katalon.core.main.ScriptEngine.runScriptAsRawText(ScriptEngine.java:119)
	at com.kms.katalon.core.main.TestCaseExecutor.runScript(TestCaseExecutor.java:448)
	at com.kms.katalon.core.main.TestCaseExecutor.doExecute(TestCaseExecutor.java:439)
	at com.kms.katalon.core.main.TestCaseExecutor.processExecutionPhase(TestCaseExecutor.java:418)
	at com.kms.katalon.core.main.TestCaseExecutor.accessMainPhase(TestCaseExecutor.java:410)
	at com.kms.katalon.core.main.TestCaseExecutor.execute(TestCaseExecutor.java:285)
	at com.kms.katalon.core.common.CommonExecutor.accessTestCaseMainPhase(CommonExecutor.java:65)
	at com.kms.katalon.core.main.TestSuiteExecutor.accessTestSuiteMainPhase(TestSuiteExecutor.java:150)
	at com.kms.katalon.core.main.TestSuiteExecutor.execute(TestSuiteExecutor.java:106)
	at com.kms.katalon.core.main.TestCaseMain.startTestSuite(TestCaseMain.java:180)
	at TempTestSuite1728062229059.run(TempTestSuite1728062229059.groovy:35)
	at java.base/jdk.internal.reflect.NativeMethodAccessorImpl.invoke0(Native Method)
	at java.base/jdk.internal.reflect.NativeMethodAccessorImpl.invoke(NativeMethodAccessorImpl.java:77)
	at java.base/jdk.internal.reflect.DelegatingMethodAccessorImpl.invoke(DelegatingMethodAccessorImpl.java:43)
Caused by: com.kms.katalon.core.exception.StepFailedException: Text 'Confirm Payment Information' is not present on page 
	... 24 more]]></system-err>
      </testcase>
      <testcase name="Test Cases/IntegratedWeb/IWP25/Payments/VerifyConfirmPageLabelsCorp" time="65.488" classname="Test Cases/IntegratedWeb/IWP25/Payments/VerifyConfirmPageLabelsCorp" status="PASSED">
         <system-out><![CDATA[04-10-2024T23:46:10 - [TEST_CASE][PASSED] - Test Cases/IntegratedWeb/IWP25/Payments/VerifyConfirmPageLabelsCorp: Test Cases/IntegratedWeb/IWP25/Payments/VerifyConfirmPageLabelsCorp

04-10-2024T23:46:10 - [TEST_STEP][PASSED] - resText = "Fail": null

04-10-2024T23:46:10 - [TEST_STEP][PASSED] - resColumn = "Result": null

04-10-2024T23:46:10 - [TEST_STEP][PASSED] - datCloumn = "Date": null

04-10-2024T23:46:10 - [TEST_STEP][PASSED] - fileLoc = "KatalonData/IWPTestData/VRelay25Payments.xlsx": null

04-10-2024T23:46:10 - [TEST_STEP][PASSED] - numOfRows = <not implemented yet for class: org.codehaus.groovy.ast.expr.EmptyExpression>: null

04-10-2024T23:46:10 - [TEST_STEP][PASSED] - dataFile = <not implemented yet for class: org.codehaus.groovy.ast.expr.EmptyExpression>: null

04-10-2024T23:46:10 - [TEST_STEP][PASSED] - nameSheet = <not implemented yet for class: org.codehaus.groovy.ast.expr.EmptyExpression>: null

04-10-2024T23:46:10 - [TEST_STEP][PASSED] - dataFileEmulator = <not implemented yet for class: org.codehaus.groovy.ast.expr.EmptyExpression>: null

04-10-2024T23:46:10 - [TEST_STEP][PASSED] - isRequiredTextPresent = false: null

04-10-2024T23:46:10 - [TEST_STEP][PASSED] - nameSheet = "VerifyConfirmPageLabelsCorp": null

04-10-2024T23:46:10 - [TEST_STEP][PASSED] - dataFile = "IWPTestData/IWP25VerifyConfirmPageLabelsCorp": null

04-10-2024T23:46:10 - [TEST_STEP][PASSED] - dataFileEmulator = "IWPTestData/EmulatorData": null

04-10-2024T23:46:10 - [TEST_STEP][PASSED] - numOfRows = findTestData(dataFile).getRowNumbers(): null

04-10-2024T23:46:10 - [TEST_STEP][PASSED] - println("Number of Records: " + numOfRows): null

04-10-2024T23:46:10 - [TEST_STEP][PASSED] - for ([row = 1, row <= numOfRows, (row++)]): Browser is closed

04-10-2024T23:46:10 - [TEST_STEP][PASSED] - ExecuteTC = findTestData(dataFile).getValue("Execute", row): null

04-10-2024T23:46:10 - [TEST_STEP][PASSED] - out.println("Value of Execute is : " + ExecuteTC): null

04-10-2024T23:46:10 - [TEST_STEP][PASSED] - if (ExecuteTC.equalsIgnoreCase("Y")): pages.WriteExcel.demoKey is PASSED

04-10-2024T23:46:10 - [TEST_STEP][PASSED] - out.println("Begin Record Number: " + row): null

04-10-2024T23:46:10 - [TEST_STEP][PASSED] - today = new java.util.Date(): null

04-10-2024T23:46:10 - [TEST_STEP][PASSED] - println(today): null

04-10-2024T23:46:10 - [TEST_STEP][PASSED] - datText = today: null

04-10-2024T23:46:10 - [TEST_STEP][PASSED] - EmulatorDataKey = findTestData(dataFile).getValue("EmulatorData", row): null

04-10-2024T23:46:10 - [TEST_STEP][PASSED] - out.println("Value of Emulator Key is : " + EmulatorDataKey): null

04-10-2024T23:46:10 - [TEST_STEP][PASSED] - iwpPages.emulatorIWP30.setDataEmulator_DD(EmulatorDataKey): iwpPages.emulatorIWP30.setDataEmulator_DD is PASSED

04-10-2024T23:46:11 - [MESSAGE][WARNING] - A browser is already opened. Closing browser and opening a new one

04-10-2024T23:46:11 - [MESSAGE][INFO] - Starting 'Edge Chromium' driver

04-10-2024T23:46:11 - [MESSAGE][INFO] - User set preference: ['acceptInsecureCerts', 'true']

04-10-2024T23:46:13 - [MESSAGE][INFO] - Action delay is set to 0 milliseconds

04-10-2024T23:46:16 - [MESSAGE][PASSED] - Browser is opened with url: 'https://qa.velocitypayment.com/agency/config.do?action=editor&message_version=2_5'

04-10-2024T23:46:16 - [MESSAGE][PASSED] - Current window maximized

04-10-2024T23:46:17 - [MESSAGE][PASSED] - All options with value '2.5' are selected in object 'Object Repository/IWP30/Page_VRelay30Emulator/MV'  using regular expression

04-10-2024T23:46:18 - [MESSAGE][PASSED] - Text '10.50' is set on object 'Object Repository/IWP30/Page_VRelay30Emulator/Amount'

04-10-2024T23:46:19 - [MESSAGE][PASSED] - Text 'xnXDGyXndW9z' is set on object 'Object Repository/IWP30/Page_VRelay30Emulator/CAN'

04-10-2024T23:46:19 - [MESSAGE][PASSED] - Text 'PayNow' is set on object 'Object Repository/IWP30/Page_VRelay30Emulator/Action'

04-10-2024T23:46:20 - [MESSAGE][PASSED] - Text 'en_US' is set on object 'Object Repository/IWP30/Page_VRelay30Emulator/Lang'

04-10-2024T23:46:21 - [MESSAGE][PASSED] - Text '' is set on object 'Object Repository/IWP30/Page_VRelay30Emulator/Fname'

04-10-2024T23:46:21 - [MESSAGE][PASSED] - Text '' is set on object 'Object Repository/IWP30/Page_VRelay30Emulator/Lname'

04-10-2024T23:46:22 - [MESSAGE][PASSED] - Text '' is set on object 'Object Repository/IWP30/Page_VRelay30Emulator/AL1'

04-10-2024T23:46:22 - [MESSAGE][PASSED] - Text '' is set on object 'Object Repository/IWP30/Page_VRelay30Emulator/AL2'

04-10-2024T23:46:23 - [MESSAGE][PASSED] - Text '' is set on object 'Object Repository/IWP30/Page_VRelay30Emulator/Country'

04-10-2024T23:46:24 - [MESSAGE][PASSED] - Text '' is set on object 'Object Repository/IWP30/Page_VRelay30Emulator/City'

04-10-2024T23:46:24 - [MESSAGE][PASSED] - Text '' is set on object 'Object Repository/IWP30/Page_VRelay30Emulator/State'

04-10-2024T23:46:25 - [MESSAGE][PASSED] - Text '' is set on object 'Object Repository/IWP30/Page_VRelay30Emulator/ZIP'

04-10-2024T23:46:25 - [MESSAGE][PASSED] - Text '' is set on object 'Object Repository/IWP30/Page_VRelay30Emulator/Order'

04-10-2024T23:46:26 - [MESSAGE][PASSED] - Text '' is set on object 'Object Repository/IWP30/Page_VRelay30Emulator/Company'

04-10-2024T23:46:26 - [MESSAGE][PASSED] - Text '' is set on object 'Object Repository/IWP30/Page_VRelay30Emulator/Email'

04-10-2024T23:46:27 - [MESSAGE][PASSED] - Text '' is set on object 'Object Repository/IWP30/Page_VRelay30Emulator/UDF1'

04-10-2024T23:46:28 - [MESSAGE][PASSED] - Text '' is set on object 'Object Repository/IWP30/Page_VRelay30Emulator/UDF2'

04-10-2024T23:46:28 - [MESSAGE][PASSED] - Text '' is set on object 'Object Repository/IWP30/Page_VRelay30Emulator/UDF3'

04-10-2024T23:46:29 - [MESSAGE][PASSED] - Text 'udf data 4' is set on object 'Object Repository/IWP30/Page_VRelay30Emulator/UDF4'

04-10-2024T23:46:29 - [MESSAGE][PASSED] - Text 'udf data 5' is set on object 'Object Repository/IWP30/Page_VRelay30Emulator/UDF5'

04-10-2024T23:46:30 - [MESSAGE][PASSED] - Text '' is set on object 'Object Repository/IWP30/Page_VRelay30Emulator/UDF6'

04-10-2024T23:46:30 - [MESSAGE][PASSED] - Text '' is set on object 'Object Repository/IWP30/Page_VRelay30Emulator/UDF7'

04-10-2024T23:46:31 - [MESSAGE][PASSED] - Text '' is set on object 'Object Repository/IWP30/Page_VRelay30Emulator/UDF8'

04-10-2024T23:46:32 - [MESSAGE][PASSED] - Text 'udf data 9' is set on object 'Object Repository/IWP30/Page_VRelay30Emulator/UDF9'

04-10-2024T23:46:32 - [MESSAGE][PASSED] - Text 'udf data 10' is set on object 'Object Repository/IWP30/Page_VRelay30Emulator/UDF10'

04-10-2024T23:46:33 - [MESSAGE][PASSED] - Object: 'Object Repository/IWP30/Page_VRelay30Emulator/Submit' is clicked on

04-10-2024T23:46:38 - [MESSAGE][PASSED] - Browser is closed

04-10-2024T23:46:42 - [MESSAGE][PASSED] - iwpPages.emulatorIWP30.setDataEmulator_DD is PASSED

04-10-2024T23:46:42 - [TEST_STEP][PASSED] - testHarnessURL = urlTestHarness: null

04-10-2024T23:46:42 - [TEST_STEP][PASSED] - openBrowser(testHarnessURL): Browser is opened with url: 'https://dev-algorithm.govolution.com/vrelaytest/QA/version_2_2/vrelaytest.html'

04-10-2024T23:46:42 - [MESSAGE][INFO] - Starting 'Edge Chromium' driver

04-10-2024T23:46:42 - [MESSAGE][INFO] - User set preference: ['acceptInsecureCerts', 'true']

04-10-2024T23:46:44 - [MESSAGE][INFO] - Action delay is set to 0 milliseconds

04-10-2024T23:46:47 - [MESSAGE][PASSED] - Browser is opened with url: 'https://dev-algorithm.govolution.com/vrelaytest/QA/version_2_2/vrelaytest.html'

04-10-2024T23:46:47 - [TEST_STEP][PASSED] - maximizeWindow(): Current window maximized

04-10-2024T23:46:47 - [MESSAGE][PASSED] - Current window maximized

04-10-2024T23:46:47 - [TEST_STEP][PASSED] - iwpPages.TestHarnessPage.setDataMethod(row, dataFile): iwpPages.TestHarnessPage.setDataMethod is PASSED

04-10-2024T23:46:48 - [MESSAGE][PASSED] - Object 'Object Repository/IWP30/Page_QATestHarness/RemittanceID' is present

04-10-2024T23:46:48 - [MESSAGE][PASSED] - Text '638' is set on object 'Object Repository/IWP30/Page_QATestHarness/ApplicationID'

04-10-2024T23:46:49 - [MESSAGE][PASSED] - Text '2.5' is set on object 'Object Repository/IWP30/Page_QATestHarness/MessageVersion'

04-10-2024T23:46:50 - [MESSAGE][PASSED] - Text 'tIVIFDy78J6X' is set on object 'Object Repository/IWP30/Page_QATestHarness/RemittanceID'

04-10-2024T23:46:52 - [MESSAGE][PASSED] - Object: 'Object Repository/IWP30/Page_QATestHarness/SubmitButton' is clicked on

04-10-2024T23:46:52 - [MESSAGE][PASSED] - iwpPages.TestHarnessPage.setDataMethod is PASSED

04-10-2024T23:46:52 - [TEST_STEP][PASSED] - click(findTestObject("Object Repository/IWP30/Page_SelectPaymentMethod/PayByCorporateCheck")): Object: 'Object Repository/IWP30/Page_SelectPaymentMethod/PayByCorporateCheck' is clicked on

04-10-2024T23:46:53 - [MESSAGE][PASSED] - Object: 'Object Repository/IWP30/Page_SelectPaymentMethod/PayByCorporateCheck' is clicked on

04-10-2024T23:46:53 - [TEST_STEP][PASSED] - click(findTestObject("Object Repository/IWP30/Page_SelectPaymentMethod/MakePaymentButton")): Object: 'Object Repository/IWP30/Page_SelectPaymentMethod/MakePaymentButton' is clicked on

04-10-2024T23:46:55 - [MESSAGE][PASSED] - Object: 'Object Repository/IWP30/Page_SelectPaymentMethod/MakePaymentButton' is clicked on

04-10-2024T23:46:55 - [TEST_STEP][PASSED] - iwpPages.achCorporatePaymentEntryPage.setDataCorporate(row, dataFile): iwpPages.achCorporatePaymentEntryPage.setDataCorporate is PASSED

04-10-2024T23:46:56 - [MESSAGE][PASSED] - Object 'Object Repository/IWP30/Page_ACHCorporatePaymentEntry/txt_accountNumber' is present

04-10-2024T23:46:56 - [MESSAGE][PASSED] - Object 'Object Repository/IWP30/Page_ACHCorporatePaymentEntry/input_CompanyName' is present

04-10-2024T23:46:57 - [MESSAGE][PASSED] - Text 'My Company' is set on object 'Object Repository/IWP30/Page_ACHCorporatePaymentEntry/input_CompanyName'

04-10-2024T23:46:57 - [MESSAGE][PASSED] - Object 'Object Repository/IWP30/Page_ACHCorporatePaymentEntry/input_EIN' is present

04-10-2024T23:46:58 - [MESSAGE][PASSED] - Text '10.50' is set on object 'Object Repository/IWP30/Page_ACHCorporatePaymentEntry/txt_Amount'

04-10-2024T23:46:59 - [MESSAGE][PASSED] - Text 'udf data 3' is set on object 'Object Repository/IWP30/Page_ACHCorporatePaymentEntry/txt_UDF3'

04-10-2024T23:46:59 - [MESSAGE][PASSED] - All options with label 'Soccer' are selected in object 'Object Repository/IWP30/Page_ACHCorporatePaymentEntry/dd_UDF8' 

04-10-2024T23:46:59 - [MESSAGE][PASSED] - Object 'Object Repository/IWP30/Page_ACHCorporatePaymentEntry/txt_routingNumber' is present

04-10-2024T23:47:00 - [MESSAGE][PASSED] - Text '256072691' is set on object 'Object Repository/IWP30/Page_ACHCorporatePaymentEntry/txt_routingNumber'

04-10-2024T23:47:00 - [MESSAGE][PASSED] - Object 'Object Repository/IWP30/Page_ACHCorporatePaymentEntry/txt_accountNumber' is present

04-10-2024T23:47:02 - [MESSAGE][PASSED] - Text '12344444' is set on object 'Object Repository/IWP30/Page_ACHCorporatePaymentEntry/txt_accountNumber'

04-10-2024T23:47:02 - [MESSAGE][PASSED] - Object 'Object Repository/IWP30/Page_ACHCorporatePaymentEntry/txt_confirmAccountNumber' is present

04-10-2024T23:47:03 - [MESSAGE][PASSED] - Text '12344444' is set on object 'Object Repository/IWP30/Page_ACHCorporatePaymentEntry/txt_confirmAccountNumber'

04-10-2024T23:47:03 - [MESSAGE][PASSED] - Text '365 Main Avenue' is set on object 'Object Repository/IWP30/Page_ACHCorporatePaymentEntry/txt_AL1'

04-10-2024T23:47:04 - [MESSAGE][PASSED] - Text '22201' is set on object 'Object Repository/IWP30/Page_ACHCorporatePaymentEntry/txt_ZIP'

04-10-2024T23:47:04 - [MESSAGE][PASSED] - Object 'Object Repository/IWP30/Page_ACHCorporatePaymentEntry/txt_Email' is present

04-10-2024T23:47:05 - [MESSAGE][PASSED] - Text 'iahmed@govolution.com' is set on object 'Object Repository/IWP30/Page_ACHCorporatePaymentEntry/txt_Email'

04-10-2024T23:47:05 - [MESSAGE][PASSED] - Object 'Object Repository/IWP30/Page_ACHCorporatePaymentEntry/cb_TermsAndCond' is present

04-10-2024T23:47:06 - [MESSAGE][PASSED] - Object: 'Object Repository/IWP30/Page_ACHCorporatePaymentEntry/cb_TermsAndCond' is clicked on

04-10-2024T23:47:06 - [MESSAGE][PASSED] - Object 'Object Repository/IWP30/Page_ACHCorporatePaymentEntry/btn_Continue' is present

04-10-2024T23:47:07 - [MESSAGE][PASSED] - Object: 'Object Repository/IWP30/Page_ACHCorporatePaymentEntry/btn_Continue' is clicked on

04-10-2024T23:47:07 - [MESSAGE][PASSED] - iwpPages.achCorporatePaymentEntryPage.setDataCorporate is PASSED

04-10-2024T23:47:07 - [TEST_STEP][PASSED] - if (verifyTextPresent("Make a Real Estate Payment", false)): null

04-10-2024T23:47:08 - [MESSAGE][PASSED] - Text 'Make a Real Estate Payment' is present on page 

04-10-2024T23:47:08 - [TEST_STEP][PASSED] - isRequiredTextPresent = true: null

04-10-2024T23:47:08 - [TEST_STEP][PASSED] - println(isRequiredTextPresent): null

04-10-2024T23:47:08 - [TEST_STEP][PASSED] - if (isRequiredTextPresent): null

04-10-2024T23:47:08 - [TEST_STEP][PASSED] - if (verifyTextPresent("Confirm Payment Information", false)): null

04-10-2024T23:47:08 - [MESSAGE][PASSED] - Text 'Confirm Payment Information' is present on page 

04-10-2024T23:47:08 - [TEST_STEP][PASSED] - isRequiredTextPresent = true: null

04-10-2024T23:47:08 - [TEST_STEP][PASSED] - println(isRequiredTextPresent): null

04-10-2024T23:47:08 - [TEST_STEP][PASSED] - if (isRequiredTextPresent): null

04-10-2024T23:47:08 - [TEST_STEP][PASSED] - if (verifyTextPresent("Please verify the following information:", false)): null

04-10-2024T23:47:08 - [MESSAGE][PASSED] - Text 'Please verify the following information:' is present on page 

04-10-2024T23:47:08 - [TEST_STEP][PASSED] - isRequiredTextPresent = true: null

04-10-2024T23:47:08 - [TEST_STEP][PASSED] - if (isRequiredTextPresent): null

04-10-2024T23:47:08 - [TEST_STEP][PASSED] - if (verifyTextPresent("Payment Information:", false)): null

04-10-2024T23:47:08 - [MESSAGE][PASSED] - Text 'Payment Information:' is present on page 

04-10-2024T23:47:08 - [TEST_STEP][PASSED] - isRequiredTextPresent = true: null

04-10-2024T23:47:08 - [TEST_STEP][PASSED] - if (isRequiredTextPresent): null

04-10-2024T23:47:08 - [TEST_STEP][PASSED] - if (verifyTextPresent("CAN Label:", false)): null

04-10-2024T23:47:09 - [MESSAGE][PASSED] - Text 'CAN Label:' is present on page 

04-10-2024T23:47:09 - [TEST_STEP][PASSED] - isRequiredTextPresent = true: null

04-10-2024T23:47:09 - [TEST_STEP][PASSED] - if (isRequiredTextPresent): null

04-10-2024T23:47:09 - [TEST_STEP][PASSED] - if (verifyTextPresent("Tax Amount:", false)): null

04-10-2024T23:47:09 - [MESSAGE][PASSED] - Text 'Tax Amount:' is present on page 

04-10-2024T23:47:09 - [TEST_STEP][PASSED] - isRequiredTextPresent = true: null

04-10-2024T23:47:09 - [TEST_STEP][PASSED] - if (isRequiredTextPresent): null

04-10-2024T23:47:09 - [TEST_STEP][PASSED] - if (verifyTextPresent("Amount:", false)): null

04-10-2024T23:47:09 - [MESSAGE][PASSED] - Text 'Amount:' is present on page 

04-10-2024T23:47:09 - [TEST_STEP][PASSED] - isRequiredTextPresent = true: null

04-10-2024T23:47:09 - [TEST_STEP][PASSED] - if (isRequiredTextPresent): null

04-10-2024T23:47:09 - [TEST_STEP][PASSED] - if (verifyTextPresent("UDF3 Label:", false)): null

04-10-2024T23:47:10 - [MESSAGE][PASSED] - Text 'UDF3 Label:' is present on page 

04-10-2024T23:47:10 - [TEST_STEP][PASSED] - isRequiredTextPresent = true: null

04-10-2024T23:47:10 - [TEST_STEP][PASSED] - if (isRequiredTextPresent): null

04-10-2024T23:47:10 - [TEST_STEP][PASSED] - if (verifyTextPresent("UDF4 Label:", false)): null

04-10-2024T23:47:10 - [MESSAGE][PASSED] - Text 'UDF4 Label:' is present on page 

04-10-2024T23:47:10 - [TEST_STEP][PASSED] - isRequiredTextPresent = true: null

04-10-2024T23:47:10 - [TEST_STEP][PASSED] - if (isRequiredTextPresent): null

04-10-2024T23:47:10 - [TEST_STEP][PASSED] - if (verifyTextPresent("UDF8 Label:", false)): null

04-10-2024T23:47:10 - [MESSAGE][PASSED] - Text 'UDF8 Label:' is present on page 

04-10-2024T23:47:10 - [TEST_STEP][PASSED] - isRequiredTextPresent = true: null

04-10-2024T23:47:10 - [TEST_STEP][PASSED] - if (isRequiredTextPresent): null

04-10-2024T23:47:10 - [TEST_STEP][PASSED] - if (verifyTextPresent("UDF9 Label:", false)): null

04-10-2024T23:47:10 - [MESSAGE][PASSED] - Text 'UDF9 Label:' is present on page 

04-10-2024T23:47:10 - [TEST_STEP][PASSED] - isRequiredTextPresent = true: null

04-10-2024T23:47:10 - [TEST_STEP][PASSED] - if (isRequiredTextPresent): null

04-10-2024T23:47:10 - [TEST_STEP][PASSED] - if (verifyTextPresent("UDF8 Label:", false)): null

04-10-2024T23:47:11 - [MESSAGE][PASSED] - Text 'UDF8 Label:' is present on page 

04-10-2024T23:47:11 - [TEST_STEP][PASSED] - isRequiredTextPresent = true: null

04-10-2024T23:47:11 - [TEST_STEP][PASSED] - if (isRequiredTextPresent): null

04-10-2024T23:47:11 - [TEST_STEP][PASSED] - if (verifyTextPresent("UDF9 Label:", false)): null

04-10-2024T23:47:11 - [MESSAGE][PASSED] - Text 'UDF9 Label:' is present on page 

04-10-2024T23:47:11 - [TEST_STEP][PASSED] - isRequiredTextPresent = true: null

04-10-2024T23:47:11 - [TEST_STEP][PASSED] - if (isRequiredTextPresent): null

04-10-2024T23:47:11 - [TEST_STEP][PASSED] - if (verifyTextPresent("Account Information:", false)): null

04-10-2024T23:47:11 - [MESSAGE][PASSED] - Text 'Account Information:' is present on page 

04-10-2024T23:47:11 - [TEST_STEP][PASSED] - isRequiredTextPresent = true: null

04-10-2024T23:47:11 - [TEST_STEP][PASSED] - if (isRequiredTextPresent): null

04-10-2024T23:47:11 - [TEST_STEP][PASSED] - if (verifyTextPresent("Company Name:", false)): null

04-10-2024T23:47:11 - [MESSAGE][PASSED] - Text 'Company Name:' is present on page 

04-10-2024T23:47:11 - [TEST_STEP][PASSED] - isRequiredTextPresent = true: null

04-10-2024T23:47:11 - [TEST_STEP][PASSED] - if (isRequiredTextPresent): null

04-10-2024T23:47:11 - [TEST_STEP][PASSED] - if (verifyTextPresent("Routing Transit Number:", false)): null

04-10-2024T23:47:12 - [MESSAGE][PASSED] - Text 'Routing Transit Number:' is present on page 

04-10-2024T23:47:12 - [TEST_STEP][PASSED] - isRequiredTextPresent = true: null

04-10-2024T23:47:12 - [TEST_STEP][PASSED] - if (isRequiredTextPresent): null

04-10-2024T23:47:12 - [TEST_STEP][PASSED] - if (verifyTextPresent("Account Number:", false)): null

04-10-2024T23:47:12 - [MESSAGE][PASSED] - Text 'Account Number:' is present on page 

04-10-2024T23:47:12 - [TEST_STEP][PASSED] - isRequiredTextPresent = true: null

04-10-2024T23:47:12 - [TEST_STEP][PASSED] - if (isRequiredTextPresent): null

04-10-2024T23:47:12 - [TEST_STEP][PASSED] - if (verifyTextPresent("Employer Identification Number (EIN):", false)): null

04-10-2024T23:47:12 - [MESSAGE][PASSED] - Text 'Employer Identification Number (EIN):' is present on page 

04-10-2024T23:47:12 - [TEST_STEP][PASSED] - isRequiredTextPresent = true: null

04-10-2024T23:47:12 - [TEST_STEP][PASSED] - if (isRequiredTextPresent): null

04-10-2024T23:47:12 - [TEST_STEP][PASSED] - if (verifyTextPresent("Type of Account:", false)): null

04-10-2024T23:47:13 - [MESSAGE][PASSED] - Text 'Type of Account:' is present on page 

04-10-2024T23:47:13 - [TEST_STEP][PASSED] - isRequiredTextPresent = true: null

04-10-2024T23:47:13 - [TEST_STEP][PASSED] - if (isRequiredTextPresent): null

04-10-2024T23:47:13 - [TEST_STEP][PASSED] - if (verifyTextPresent("Payment Date:", false)): null

04-10-2024T23:47:13 - [MESSAGE][PASSED] - Text 'Payment Date:' is present on page 

04-10-2024T23:47:13 - [TEST_STEP][PASSED] - isRequiredTextPresent = true: null

04-10-2024T23:47:13 - [TEST_STEP][PASSED] - if (isRequiredTextPresent): null

04-10-2024T23:47:13 - [TEST_STEP][PASSED] - if (verifyTextPresent("Address Line 1:", false)): null

04-10-2024T23:47:13 - [MESSAGE][PASSED] - Text 'Address Line 1:' is present on page 

04-10-2024T23:47:13 - [TEST_STEP][PASSED] - isRequiredTextPresent = true: null

04-10-2024T23:47:13 - [TEST_STEP][PASSED] - if (isRequiredTextPresent): null

04-10-2024T23:47:13 - [TEST_STEP][PASSED] - if (verifyTextPresent("Country:", false)): null

04-10-2024T23:47:13 - [MESSAGE][PASSED] - Text 'Country:' is present on page 

04-10-2024T23:47:13 - [TEST_STEP][PASSED] - isRequiredTextPresent = true: null

04-10-2024T23:47:13 - [TEST_STEP][PASSED] - if (isRequiredTextPresent): null

04-10-2024T23:47:13 - [TEST_STEP][PASSED] - if (verifyTextPresent("City:", false)): null

04-10-2024T23:47:14 - [MESSAGE][PASSED] - Text 'City:' is present on page 

04-10-2024T23:47:14 - [TEST_STEP][PASSED] - isRequiredTextPresent = true: null

04-10-2024T23:47:14 - [TEST_STEP][PASSED] - if (isRequiredTextPresent): null

04-10-2024T23:47:14 - [TEST_STEP][PASSED] - if (verifyTextPresent("State:", false)): null

04-10-2024T23:47:14 - [MESSAGE][PASSED] - Text 'State:' is present on page 

04-10-2024T23:47:14 - [TEST_STEP][PASSED] - isRequiredTextPresent = true: null

04-10-2024T23:47:14 - [TEST_STEP][PASSED] - if (isRequiredTextPresent): null

04-10-2024T23:47:14 - [TEST_STEP][PASSED] - if (verifyTextPresent("ZIP Code:", false)): null

04-10-2024T23:47:14 - [MESSAGE][PASSED] - Text 'ZIP Code:' is present on page 

04-10-2024T23:47:14 - [TEST_STEP][PASSED] - isRequiredTextPresent = true: null

04-10-2024T23:47:14 - [TEST_STEP][PASSED] - if (isRequiredTextPresent): null

04-10-2024T23:47:14 - [TEST_STEP][PASSED] - if (verifyTextPresent("Email Address:", false)): null

04-10-2024T23:47:14 - [MESSAGE][PASSED] - Text 'Email Address:' is present on page 

04-10-2024T23:47:14 - [TEST_STEP][PASSED] - isRequiredTextPresent = true: null

04-10-2024T23:47:14 - [TEST_STEP][PASSED] - if (isRequiredTextPresent): null

04-10-2024T23:47:14 - [TEST_STEP][PASSED] - if (verifyTextPresent("Is this information correct?", false)): null

04-10-2024T23:47:15 - [MESSAGE][PASSED] - Text 'Is this information correct?' is present on page 

04-10-2024T23:47:15 - [TEST_STEP][PASSED] - isRequiredTextPresent = true: null

04-10-2024T23:47:15 - [TEST_STEP][PASSED] - if (isRequiredTextPresent == true): pages.WriteExcel.demoKey is PASSED

04-10-2024T23:47:15 - [TEST_STEP][PASSED] - println("All the relevant texts are present on Confirm Page"): null

04-10-2024T23:47:15 - [TEST_STEP][PASSED] - markPassed("All the relevant texts are present on Confirm Page"): All the relevant texts are present on Confirm Page

04-10-2024T23:47:15 - [MESSAGE][PASSED] - All the relevant texts are present on Confirm Page

04-10-2024T23:47:15 - [TEST_STEP][PASSED] - resText = "Pass": null

04-10-2024T23:47:15 - [TEST_STEP][PASSED] - pages.WriteExcel.demoKey(resText, datText, resColumn, datCloumn, fileLoc, nameSheet, row): pages.WriteExcel.demoKey is PASSED

04-10-2024T23:47:15 - [MESSAGE][PASSED] - pages.WriteExcel.demoKey is PASSED

04-10-2024T23:47:15 - [TEST_STEP][PASSED] - closeBrowser(): Browser is closed

04-10-2024T23:47:15 - [MESSAGE][PASSED] - Browser is closed]]></system-out>
         <system-err><![CDATA[]]></system-err>
      </testcase>
      <testcase name="Test Cases/IntegratedWeb/IWP25/Payments/VerifyConfirmPageLabelsPC" time="72.812" classname="Test Cases/IntegratedWeb/IWP25/Payments/VerifyConfirmPageLabelsPC" status="PASSED">
         <system-out><![CDATA[04-10-2024T23:47:15 - [TEST_CASE][PASSED] - Test Cases/IntegratedWeb/IWP25/Payments/VerifyConfirmPageLabelsPC: Test Cases/IntegratedWeb/IWP25/Payments/VerifyConfirmPageLabelsPC

04-10-2024T23:47:16 - [TEST_STEP][PASSED] - resText = "Fail": null

04-10-2024T23:47:16 - [TEST_STEP][PASSED] - resColumn = "Result": null

04-10-2024T23:47:16 - [TEST_STEP][PASSED] - datCloumn = "Date": null

04-10-2024T23:47:16 - [TEST_STEP][PASSED] - fileLoc = "KatalonData/IWPTestData/VRelay25Payments.xlsx": null

04-10-2024T23:47:16 - [TEST_STEP][PASSED] - numOfRows = <not implemented yet for class: org.codehaus.groovy.ast.expr.EmptyExpression>: null

04-10-2024T23:47:16 - [TEST_STEP][PASSED] - dataFile = <not implemented yet for class: org.codehaus.groovy.ast.expr.EmptyExpression>: null

04-10-2024T23:47:16 - [TEST_STEP][PASSED] - nameSheet = <not implemented yet for class: org.codehaus.groovy.ast.expr.EmptyExpression>: null

04-10-2024T23:47:16 - [TEST_STEP][PASSED] - dataFileEmulator = <not implemented yet for class: org.codehaus.groovy.ast.expr.EmptyExpression>: null

04-10-2024T23:47:16 - [TEST_STEP][PASSED] - isRequiredTextPresent = false: null

04-10-2024T23:47:16 - [TEST_STEP][PASSED] - nameSheet = "VerifyConfirmPageLabelsPC": null

04-10-2024T23:47:16 - [TEST_STEP][PASSED] - dataFile = "IWPTestData/IWP25VerifyConfirmPageLabelsPC": null

04-10-2024T23:47:16 - [TEST_STEP][PASSED] - dataFileEmulator = "IWPTestData/EmulatorData": null

04-10-2024T23:47:16 - [TEST_STEP][PASSED] - numOfRows = findTestData(dataFile).getRowNumbers(): null

04-10-2024T23:47:16 - [TEST_STEP][PASSED] - println("Number of Records: " + numOfRows): null

04-10-2024T23:47:16 - [TEST_STEP][PASSED] - for ([row = 1, row <= numOfRows, (row++)]): Browser is closed

04-10-2024T23:47:16 - [TEST_STEP][PASSED] - ExecuteTC = findTestData(dataFile).getValue("Execute", row): null

04-10-2024T23:47:16 - [TEST_STEP][PASSED] - out.println("Value of Execute is : " + ExecuteTC): null

04-10-2024T23:47:16 - [TEST_STEP][PASSED] - if (ExecuteTC.equalsIgnoreCase("Y")): null

04-10-2024T23:47:16 - [TEST_STEP][PASSED] - out.println("Begin Record Number: " + row): null

04-10-2024T23:47:16 - [TEST_STEP][PASSED] - today = new java.util.Date(): null

04-10-2024T23:47:16 - [TEST_STEP][PASSED] - println(today): null

04-10-2024T23:47:16 - [TEST_STEP][PASSED] - datText = today: null

04-10-2024T23:47:16 - [TEST_STEP][PASSED] - EmulatorDataKey = findTestData(dataFile).getValue("EmulatorData", row): null

04-10-2024T23:47:16 - [TEST_STEP][PASSED] - out.println("Value of Emulator Key is : " + EmulatorDataKey): null

04-10-2024T23:47:16 - [TEST_STEP][PASSED] - iwpPages.emulatorIWP30.setDataEmulator_DD(EmulatorDataKey): iwpPages.emulatorIWP30.setDataEmulator_DD is PASSED

04-10-2024T23:47:16 - [MESSAGE][INFO] - Starting 'Edge Chromium' driver

04-10-2024T23:47:16 - [MESSAGE][INFO] - User set preference: ['acceptInsecureCerts', 'true']

04-10-2024T23:47:18 - [MESSAGE][INFO] - Action delay is set to 0 milliseconds

04-10-2024T23:47:21 - [MESSAGE][PASSED] - Browser is opened with url: 'https://qa.velocitypayment.com/agency/config.do?action=editor&message_version=2_5'

04-10-2024T23:47:21 - [MESSAGE][PASSED] - Current window maximized

04-10-2024T23:47:22 - [MESSAGE][PASSED] - All options with value '2.5' are selected in object 'Object Repository/IWP30/Page_VRelay30Emulator/MV'  using regular expression

04-10-2024T23:47:23 - [MESSAGE][PASSED] - Text '10.50' is set on object 'Object Repository/IWP30/Page_VRelay30Emulator/Amount'

04-10-2024T23:47:24 - [MESSAGE][PASSED] - Text '3qn13NK9lZF5' is set on object 'Object Repository/IWP30/Page_VRelay30Emulator/CAN'

04-10-2024T23:47:24 - [MESSAGE][PASSED] - Text 'PayNow' is set on object 'Object Repository/IWP30/Page_VRelay30Emulator/Action'

04-10-2024T23:47:25 - [MESSAGE][PASSED] - Text 'en_US' is set on object 'Object Repository/IWP30/Page_VRelay30Emulator/Lang'

04-10-2024T23:47:26 - [MESSAGE][PASSED] - Text '' is set on object 'Object Repository/IWP30/Page_VRelay30Emulator/Fname'

04-10-2024T23:47:26 - [MESSAGE][PASSED] - Text '' is set on object 'Object Repository/IWP30/Page_VRelay30Emulator/Lname'

04-10-2024T23:47:27 - [MESSAGE][PASSED] - Text '' is set on object 'Object Repository/IWP30/Page_VRelay30Emulator/AL1'

04-10-2024T23:47:27 - [MESSAGE][PASSED] - Text '' is set on object 'Object Repository/IWP30/Page_VRelay30Emulator/AL2'

04-10-2024T23:47:28 - [MESSAGE][PASSED] - Text '' is set on object 'Object Repository/IWP30/Page_VRelay30Emulator/Country'

04-10-2024T23:47:29 - [MESSAGE][PASSED] - Text '' is set on object 'Object Repository/IWP30/Page_VRelay30Emulator/City'

04-10-2024T23:47:29 - [MESSAGE][PASSED] - Text '' is set on object 'Object Repository/IWP30/Page_VRelay30Emulator/State'

04-10-2024T23:47:30 - [MESSAGE][PASSED] - Text '' is set on object 'Object Repository/IWP30/Page_VRelay30Emulator/ZIP'

04-10-2024T23:47:30 - [MESSAGE][PASSED] - Text '' is set on object 'Object Repository/IWP30/Page_VRelay30Emulator/Order'

04-10-2024T23:47:31 - [MESSAGE][PASSED] - Text '' is set on object 'Object Repository/IWP30/Page_VRelay30Emulator/Company'

04-10-2024T23:47:31 - [MESSAGE][PASSED] - Text '' is set on object 'Object Repository/IWP30/Page_VRelay30Emulator/Email'

04-10-2024T23:47:32 - [MESSAGE][PASSED] - Text '' is set on object 'Object Repository/IWP30/Page_VRelay30Emulator/UDF1'

04-10-2024T23:47:33 - [MESSAGE][PASSED] - Text '' is set on object 'Object Repository/IWP30/Page_VRelay30Emulator/UDF2'

04-10-2024T23:47:33 - [MESSAGE][PASSED] - Text '' is set on object 'Object Repository/IWP30/Page_VRelay30Emulator/UDF3'

04-10-2024T23:47:34 - [MESSAGE][PASSED] - Text 'udf data 4' is set on object 'Object Repository/IWP30/Page_VRelay30Emulator/UDF4'

04-10-2024T23:47:34 - [MESSAGE][PASSED] - Text 'udf data 5' is set on object 'Object Repository/IWP30/Page_VRelay30Emulator/UDF5'

04-10-2024T23:47:35 - [MESSAGE][PASSED] - Text '' is set on object 'Object Repository/IWP30/Page_VRelay30Emulator/UDF6'

04-10-2024T23:47:35 - [MESSAGE][PASSED] - Text '' is set on object 'Object Repository/IWP30/Page_VRelay30Emulator/UDF7'

04-10-2024T23:47:36 - [MESSAGE][PASSED] - Text '' is set on object 'Object Repository/IWP30/Page_VRelay30Emulator/UDF8'

04-10-2024T23:47:37 - [MESSAGE][PASSED] - Text 'udf data 9' is set on object 'Object Repository/IWP30/Page_VRelay30Emulator/UDF9'

04-10-2024T23:47:37 - [MESSAGE][PASSED] - Text 'udf data 10' is set on object 'Object Repository/IWP30/Page_VRelay30Emulator/UDF10'

04-10-2024T23:47:39 - [MESSAGE][PASSED] - Object: 'Object Repository/IWP30/Page_VRelay30Emulator/Submit' is clicked on

04-10-2024T23:47:43 - [MESSAGE][PASSED] - Browser is closed

04-10-2024T23:47:47 - [MESSAGE][PASSED] - iwpPages.emulatorIWP30.setDataEmulator_DD is PASSED

04-10-2024T23:47:47 - [TEST_STEP][PASSED] - testHarnessURL = urlTestHarness: null

04-10-2024T23:47:47 - [TEST_STEP][PASSED] - openBrowser(testHarnessURL): Browser is opened with url: 'https://dev-algorithm.govolution.com/vrelaytest/QA/version_2_2/vrelaytest.html'

04-10-2024T23:47:47 - [MESSAGE][INFO] - Starting 'Edge Chromium' driver

04-10-2024T23:47:47 - [MESSAGE][INFO] - User set preference: ['acceptInsecureCerts', 'true']

04-10-2024T23:47:49 - [MESSAGE][INFO] - Action delay is set to 0 milliseconds

04-10-2024T23:47:53 - [MESSAGE][PASSED] - Browser is opened with url: 'https://dev-algorithm.govolution.com/vrelaytest/QA/version_2_2/vrelaytest.html'

04-10-2024T23:47:53 - [TEST_STEP][PASSED] - maximizeWindow(): Current window maximized

04-10-2024T23:47:53 - [MESSAGE][PASSED] - Current window maximized

04-10-2024T23:47:53 - [TEST_STEP][PASSED] - iwpPages.TestHarnessPage.setDataMethod(row, dataFile): iwpPages.TestHarnessPage.setDataMethod is PASSED

04-10-2024T23:47:53 - [MESSAGE][PASSED] - Object 'Object Repository/IWP30/Page_QATestHarness/RemittanceID' is present

04-10-2024T23:47:54 - [MESSAGE][PASSED] - Text '638' is set on object 'Object Repository/IWP30/Page_QATestHarness/ApplicationID'

04-10-2024T23:47:54 - [MESSAGE][PASSED] - Text '2.5' is set on object 'Object Repository/IWP30/Page_QATestHarness/MessageVersion'

04-10-2024T23:47:55 - [MESSAGE][PASSED] - Text '2Et1HWkGhz1Z' is set on object 'Object Repository/IWP30/Page_QATestHarness/RemittanceID'

04-10-2024T23:47:58 - [MESSAGE][PASSED] - Object: 'Object Repository/IWP30/Page_QATestHarness/SubmitButton' is clicked on

04-10-2024T23:47:58 - [MESSAGE][PASSED] - iwpPages.TestHarnessPage.setDataMethod is PASSED

04-10-2024T23:47:58 - [TEST_STEP][PASSED] - click(findTestObject("Object Repository/IWP30/Page_SelectPaymentMethod/PayByPersonalCheck")): Object: 'Object Repository/IWP30/Page_SelectPaymentMethod/PayByPersonalCheck' is clicked on

04-10-2024T23:47:59 - [MESSAGE][PASSED] - Object: 'Object Repository/IWP30/Page_SelectPaymentMethod/PayByPersonalCheck' is clicked on

04-10-2024T23:47:59 - [TEST_STEP][PASSED] - click(findTestObject("Object Repository/IWP30/Page_SelectPaymentMethod/MakePaymentButton")): Object: 'Object Repository/IWP30/Page_SelectPaymentMethod/MakePaymentButton' is clicked on

04-10-2024T23:48:01 - [MESSAGE][PASSED] - Object: 'Object Repository/IWP30/Page_SelectPaymentMethod/MakePaymentButton' is clicked on

04-10-2024T23:48:01 - [TEST_STEP][PASSED] - iwpPages.achPersonalPaymentEntryPage.setDataACHPPM(row, dataFile): iwpPages.achPersonalPaymentEntryPage.setDataACHPPM is PASSED

04-10-2024T23:48:02 - [MESSAGE][PASSED] - Object 'Object Repository/IWP30/Page_ACHPersonalPaymentEntry/txt_accountNumber' is present

04-10-2024T23:48:02 - [MESSAGE][PASSED] - Text '10.50' is set on object 'Object Repository/IWP30/Page_ACHPersonalPaymentEntry/txt_Amount'

04-10-2024T23:48:02 - [MESSAGE][PASSED] - Object 'Object Repository/IWP30/Page_ACHPersonalPaymentEntry/txt_UDF2' is present

04-10-2024T23:48:03 - [MESSAGE][PASSED] - Text 'udf data 2' is set on object 'Object Repository/IWP30/Page_ACHPersonalPaymentEntry/txt_UDF2'

04-10-2024T23:48:04 - [MESSAGE][PASSED] - Text 'udf data 3' is set on object 'Object Repository/IWP30/Page_ACHPersonalPaymentEntry/txt_UDF3'

04-10-2024T23:48:04 - [MESSAGE][PASSED] - All options with label 'Orange' are selected in object 'Object Repository/IWP30/Page_ACHPersonalPaymentEntry/dd_UDF7' 

04-10-2024T23:48:05 - [MESSAGE][PASSED] - All options with label 'Soccer' are selected in object 'Object Repository/IWP30/Page_ACHPersonalPaymentEntry/dd_UDF8' 

04-10-2024T23:48:05 - [MESSAGE][PASSED] - Object 'Object Repository/IWP30/Page_ACHPersonalPaymentEntry/txt_Firstname' is present

04-10-2024T23:48:06 - [MESSAGE][PASSED] - Text 'Curlonty' is set on object 'Object Repository/IWP30/Page_ACHPersonalPaymentEntry/txt_Firstname'

04-10-2024T23:48:06 - [MESSAGE][PASSED] - Object 'Object Repository/IWP30/Page_ACHPersonalPaymentEntry/txt_Lastname' is present

04-10-2024T23:48:06 - [MESSAGE][PASSED] - Text 'Lachuga' is set on object 'Object Repository/IWP30/Page_ACHPersonalPaymentEntry/txt_Lastname'

04-10-2024T23:48:07 - [MESSAGE][PASSED] - Object 'Object Repository/IWP30/Page_ACHPersonalPaymentEntry/txt_routingNumber' is present

04-10-2024T23:48:07 - [MESSAGE][PASSED] - Text '256072691' is set on object 'Object Repository/IWP30/Page_ACHPersonalPaymentEntry/txt_routingNumber'

04-10-2024T23:48:07 - [MESSAGE][PASSED] - Object 'Object Repository/IWP30/Page_ACHPersonalPaymentEntry/txt_accountNumber' is present

04-10-2024T23:48:09 - [MESSAGE][PASSED] - Text '12342222' is set on object 'Object Repository/IWP30/Page_ACHPersonalPaymentEntry/txt_accountNumber'

04-10-2024T23:48:09 - [MESSAGE][PASSED] - Object 'Object Repository/IWP30/Page_ACHPersonalPaymentEntry/txt_confirmAccountNumber' is present

04-10-2024T23:48:10 - [MESSAGE][PASSED] - Text '12342222' is set on object 'Object Repository/IWP30/Page_ACHPersonalPaymentEntry/txt_confirmAccountNumber'

04-10-2024T23:48:10 - [MESSAGE][PASSED] - Object 'Object Repository/IWP30/Page_ACHPersonalPaymentEntry/rd_accountType' is present

04-10-2024T23:48:10 - [MESSAGE][PASSED] - Modify property of object successfully

04-10-2024T23:48:10 - [MESSAGE][PASSED] - Object: 'Object Repository/IWP30/Page_ACHPersonalPaymentEntry/rd_accountType' is clicked on

04-10-2024T23:48:11 - [MESSAGE][PASSED] - Text '365 Main Avenue' is set on object 'Object Repository/IWP30/Page_ACHPersonalPaymentEntry/txt_AL1'

04-10-2024T23:48:12 - [MESSAGE][PASSED] - Text '22201' is set on object 'Object Repository/IWP30/Page_ACHPersonalPaymentEntry/txt_ZIP'

04-10-2024T23:48:12 - [MESSAGE][PASSED] - Object 'Object Repository/IWP30/Page_ACHPersonalPaymentEntry/txt_Email' is present

04-10-2024T23:48:13 - [MESSAGE][PASSED] - Text 'iahmed@govolution.com' is set on object 'Object Repository/IWP30/Page_ACHPersonalPaymentEntry/txt_Email'

04-10-2024T23:48:13 - [MESSAGE][PASSED] - Object 'Object Repository/IWP30/Page_ACHPersonalPaymentEntry/cb_TermsAndCond' is present

04-10-2024T23:48:14 - [MESSAGE][PASSED] - Object: 'Object Repository/IWP30/Page_ACHPersonalPaymentEntry/cb_TermsAndCond' is clicked on

04-10-2024T23:48:14 - [MESSAGE][PASSED] - Object 'Object Repository/IWP30/Page_ACHPersonalPaymentEntry/btn_Continue' is present

04-10-2024T23:48:15 - [MESSAGE][PASSED] - Object: 'Object Repository/IWP30/Page_ACHPersonalPaymentEntry/btn_Continue' is clicked on

04-10-2024T23:48:15 - [MESSAGE][PASSED] - iwpPages.achPersonalPaymentEntryPage.setDataACHPPM is PASSED

04-10-2024T23:48:15 - [TEST_STEP][PASSED] - Thread.sleep(5000): null

04-10-2024T23:48:20 - [TEST_STEP][PASSED] - if (verifyTextPresent("Make a Real Estate Payment", false)): null

04-10-2024T23:48:20 - [MESSAGE][PASSED] - Text 'Make a Real Estate Payment' is present on page 

04-10-2024T23:48:20 - [TEST_STEP][PASSED] - isRequiredTextPresent = true: null

04-10-2024T23:48:20 - [TEST_STEP][PASSED] - println(isRequiredTextPresent): null

04-10-2024T23:48:20 - [TEST_STEP][PASSED] - if (isRequiredTextPresent): null

04-10-2024T23:48:20 - [TEST_STEP][PASSED] - if (verifyTextPresent("Confirm Payment Information", false)): null

04-10-2024T23:48:21 - [MESSAGE][PASSED] - Text 'Confirm Payment Information' is present on page 

04-10-2024T23:48:21 - [TEST_STEP][PASSED] - isRequiredTextPresent = true: null

04-10-2024T23:48:21 - [TEST_STEP][PASSED] - println(isRequiredTextPresent): null

04-10-2024T23:48:21 - [TEST_STEP][PASSED] - if (isRequiredTextPresent): null

04-10-2024T23:48:21 - [TEST_STEP][PASSED] - if (verifyTextPresent("Please verify the following information:", false)): null

04-10-2024T23:48:21 - [MESSAGE][PASSED] - Text 'Please verify the following information:' is present on page 

04-10-2024T23:48:21 - [TEST_STEP][PASSED] - isRequiredTextPresent = true: null

04-10-2024T23:48:21 - [TEST_STEP][PASSED] - if (isRequiredTextPresent): null

04-10-2024T23:48:21 - [TEST_STEP][PASSED] - if (verifyTextPresent("Payment Information:", false)): null

04-10-2024T23:48:21 - [MESSAGE][PASSED] - Text 'Payment Information:' is present on page 

04-10-2024T23:48:21 - [TEST_STEP][PASSED] - isRequiredTextPresent = true: null

04-10-2024T23:48:21 - [TEST_STEP][PASSED] - if (isRequiredTextPresent): null

04-10-2024T23:48:21 - [TEST_STEP][PASSED] - if (verifyTextPresent("Tax Amount:", false)): null

04-10-2024T23:48:21 - [MESSAGE][PASSED] - Text 'Tax Amount:' is present on page 

04-10-2024T23:48:21 - [TEST_STEP][PASSED] - isRequiredTextPresent = true: null

04-10-2024T23:48:21 - [TEST_STEP][PASSED] - if (isRequiredTextPresent): null

04-10-2024T23:48:21 - [TEST_STEP][PASSED] - if (verifyTextPresent("Amount:", false)): null

04-10-2024T23:48:22 - [MESSAGE][PASSED] - Text 'Amount:' is present on page 

04-10-2024T23:48:22 - [TEST_STEP][PASSED] - isRequiredTextPresent = true: null

04-10-2024T23:48:22 - [TEST_STEP][PASSED] - if (isRequiredTextPresent): null

04-10-2024T23:48:22 - [TEST_STEP][PASSED] - if (verifyTextPresent("UDF2 Label:", false)): null

04-10-2024T23:48:22 - [MESSAGE][PASSED] - Text 'UDF2 Label:' is present on page 

04-10-2024T23:48:22 - [TEST_STEP][PASSED] - isRequiredTextPresent = true: null

04-10-2024T23:48:22 - [TEST_STEP][PASSED] - if (isRequiredTextPresent): null

04-10-2024T23:48:22 - [TEST_STEP][PASSED] - if (verifyTextPresent("UDF3 Label:", false)): null

04-10-2024T23:48:22 - [MESSAGE][PASSED] - Text 'UDF3 Label:' is present on page 

04-10-2024T23:48:22 - [TEST_STEP][PASSED] - isRequiredTextPresent = true: null

04-10-2024T23:48:22 - [TEST_STEP][PASSED] - if (isRequiredTextPresent): null

04-10-2024T23:48:22 - [TEST_STEP][PASSED] - if (verifyTextPresent("UDF4 Label:", false)): null

04-10-2024T23:48:23 - [MESSAGE][PASSED] - Text 'UDF4 Label:' is present on page 

04-10-2024T23:48:23 - [TEST_STEP][PASSED] - isRequiredTextPresent = true: null

04-10-2024T23:48:23 - [TEST_STEP][PASSED] - if (isRequiredTextPresent): null

04-10-2024T23:48:23 - [TEST_STEP][PASSED] - if (verifyTextPresent("UDF7 Label:", false)): null

04-10-2024T23:48:23 - [MESSAGE][PASSED] - Text 'UDF7 Label:' is present on page 

04-10-2024T23:48:23 - [TEST_STEP][PASSED] - isRequiredTextPresent = true: null

04-10-2024T23:48:23 - [TEST_STEP][PASSED] - if (isRequiredTextPresent): null

04-10-2024T23:48:23 - [TEST_STEP][PASSED] - if (verifyTextPresent("UDF8 Label:", false)): null

04-10-2024T23:48:23 - [MESSAGE][PASSED] - Text 'UDF8 Label:' is present on page 

04-10-2024T23:48:23 - [TEST_STEP][PASSED] - isRequiredTextPresent = true: null

04-10-2024T23:48:23 - [TEST_STEP][PASSED] - if (isRequiredTextPresent): null

04-10-2024T23:48:23 - [TEST_STEP][PASSED] - if (verifyTextPresent("UDF9 Label:", false)): null

04-10-2024T23:48:23 - [MESSAGE][PASSED] - Text 'UDF9 Label:' is present on page 

04-10-2024T23:48:23 - [TEST_STEP][PASSED] - isRequiredTextPresent = true: null

04-10-2024T23:48:23 - [TEST_STEP][PASSED] - if (isRequiredTextPresent): null

04-10-2024T23:48:23 - [TEST_STEP][PASSED] - if (verifyTextPresent("UDF9 Label:", false)): null

04-10-2024T23:48:24 - [MESSAGE][PASSED] - Text 'UDF9 Label:' is present on page 

04-10-2024T23:48:24 - [TEST_STEP][PASSED] - isRequiredTextPresent = true: null

04-10-2024T23:48:24 - [TEST_STEP][PASSED] - if (isRequiredTextPresent): null

04-10-2024T23:48:24 - [TEST_STEP][PASSED] - if (verifyTextPresent("Account Information:", false)): null

04-10-2024T23:48:24 - [MESSAGE][PASSED] - Text 'Account Information:' is present on page 

04-10-2024T23:48:24 - [TEST_STEP][PASSED] - isRequiredTextPresent = true: null

04-10-2024T23:48:24 - [TEST_STEP][PASSED] - if (isRequiredTextPresent): null

04-10-2024T23:48:24 - [TEST_STEP][PASSED] - if (verifyTextPresent("First Name on Check:", false)): null

04-10-2024T23:48:24 - [MESSAGE][PASSED] - Text 'First Name on Check:' is present on page 

04-10-2024T23:48:24 - [TEST_STEP][PASSED] - isRequiredTextPresent = true: null

04-10-2024T23:48:24 - [TEST_STEP][PASSED] - if (isRequiredTextPresent): null

04-10-2024T23:48:24 - [TEST_STEP][PASSED] - if (verifyTextPresent("Last Name on Check:", false)): null

04-10-2024T23:48:25 - [MESSAGE][PASSED] - Text 'Last Name on Check:' is present on page 

04-10-2024T23:48:25 - [TEST_STEP][PASSED] - isRequiredTextPresent = true: null

04-10-2024T23:48:25 - [TEST_STEP][PASSED] - if (isRequiredTextPresent): null

04-10-2024T23:48:25 - [TEST_STEP][PASSED] - if (verifyTextPresent("Routing Transit Number:", false)): null

04-10-2024T23:48:25 - [MESSAGE][PASSED] - Text 'Routing Transit Number:' is present on page 

04-10-2024T23:48:25 - [TEST_STEP][PASSED] - isRequiredTextPresent = true: null

04-10-2024T23:48:25 - [TEST_STEP][PASSED] - if (isRequiredTextPresent): null

04-10-2024T23:48:25 - [TEST_STEP][PASSED] - if (verifyTextPresent("Account Number:", false)): null

04-10-2024T23:48:25 - [MESSAGE][PASSED] - Text 'Account Number:' is present on page 

04-10-2024T23:48:25 - [TEST_STEP][PASSED] - isRequiredTextPresent = true: null

04-10-2024T23:48:25 - [TEST_STEP][PASSED] - if (isRequiredTextPresent): null

04-10-2024T23:48:25 - [TEST_STEP][PASSED] - if (verifyTextPresent("Type of Account:", false)): null

04-10-2024T23:48:25 - [MESSAGE][PASSED] - Text 'Type of Account:' is present on page 

04-10-2024T23:48:25 - [TEST_STEP][PASSED] - isRequiredTextPresent = true: null

04-10-2024T23:48:25 - [TEST_STEP][PASSED] - if (isRequiredTextPresent): null

04-10-2024T23:48:25 - [TEST_STEP][PASSED] - if (verifyTextPresent("Payment Date:", false)): null

04-10-2024T23:48:26 - [MESSAGE][PASSED] - Text 'Payment Date:' is present on page 

04-10-2024T23:48:26 - [TEST_STEP][PASSED] - isRequiredTextPresent = true: null

04-10-2024T23:48:26 - [TEST_STEP][PASSED] - if (isRequiredTextPresent): null

04-10-2024T23:48:26 - [TEST_STEP][PASSED] - if (verifyTextPresent("Address Line 1:", false)): null

04-10-2024T23:48:26 - [MESSAGE][PASSED] - Text 'Address Line 1:' is present on page 

04-10-2024T23:48:26 - [TEST_STEP][PASSED] - isRequiredTextPresent = true: null

04-10-2024T23:48:26 - [TEST_STEP][PASSED] - if (isRequiredTextPresent): null

04-10-2024T23:48:26 - [TEST_STEP][PASSED] - if (verifyTextPresent("Country:", false)): null

04-10-2024T23:48:26 - [MESSAGE][PASSED] - Text 'Country:' is present on page 

04-10-2024T23:48:26 - [TEST_STEP][PASSED] - isRequiredTextPresent = true: null

04-10-2024T23:48:26 - [TEST_STEP][PASSED] - if (isRequiredTextPresent): null

04-10-2024T23:48:26 - [TEST_STEP][PASSED] - if (verifyTextPresent("City:", false)): null

04-10-2024T23:48:27 - [MESSAGE][PASSED] - Text 'City:' is present on page 

04-10-2024T23:48:27 - [TEST_STEP][PASSED] - isRequiredTextPresent = true: null

04-10-2024T23:48:27 - [TEST_STEP][PASSED] - if (isRequiredTextPresent): null

04-10-2024T23:48:27 - [TEST_STEP][PASSED] - if (verifyTextPresent("State:", false)): null

04-10-2024T23:48:27 - [MESSAGE][PASSED] - Text 'State:' is present on page 

04-10-2024T23:48:27 - [TEST_STEP][PASSED] - isRequiredTextPresent = true: null

04-10-2024T23:48:27 - [TEST_STEP][PASSED] - if (isRequiredTextPresent): null

04-10-2024T23:48:27 - [TEST_STEP][PASSED] - if (verifyTextPresent("ZIP Code:", false)): null

04-10-2024T23:48:27 - [MESSAGE][PASSED] - Text 'ZIP Code:' is present on page 

04-10-2024T23:48:27 - [TEST_STEP][PASSED] - isRequiredTextPresent = true: null

04-10-2024T23:48:27 - [TEST_STEP][PASSED] - if (isRequiredTextPresent): null

04-10-2024T23:48:27 - [TEST_STEP][PASSED] - if (verifyTextPresent("Email Address:", false)): null

04-10-2024T23:48:27 - [MESSAGE][PASSED] - Text 'Email Address:' is present on page 

04-10-2024T23:48:27 - [TEST_STEP][PASSED] - isRequiredTextPresent = true: null

04-10-2024T23:48:27 - [TEST_STEP][PASSED] - if (isRequiredTextPresent): null

04-10-2024T23:48:27 - [TEST_STEP][PASSED] - if (verifyTextPresent("Is this information correct?", false)): null

04-10-2024T23:48:28 - [MESSAGE][PASSED] - Text 'Is this information correct?' is present on page 

04-10-2024T23:48:28 - [TEST_STEP][PASSED] - isRequiredTextPresent = true: null

04-10-2024T23:48:28 - [TEST_STEP][PASSED] - closeBrowser(): Browser is closed

04-10-2024T23:48:28 - [MESSAGE][PASSED] - Browser is closed]]></system-out>
         <system-err><![CDATA[]]></system-err>
      </testcase>
      <testcase name="Test Cases/IntegratedWeb/IWP25/Payments/VerifyConfirmPageLabelsPS" time="71.981" classname="Test Cases/IntegratedWeb/IWP25/Payments/VerifyConfirmPageLabelsPS" status="PASSED">
         <system-out><![CDATA[04-10-2024T23:48:28 - [TEST_CASE][PASSED] - Test Cases/IntegratedWeb/IWP25/Payments/VerifyConfirmPageLabelsPS: Test Cases/IntegratedWeb/IWP25/Payments/VerifyConfirmPageLabelsPS

04-10-2024T23:48:29 - [TEST_STEP][PASSED] - resText = "Fail": null

04-10-2024T23:48:29 - [TEST_STEP][PASSED] - resColumn = "Result": null

04-10-2024T23:48:29 - [TEST_STEP][PASSED] - datCloumn = "Date": null

04-10-2024T23:48:29 - [TEST_STEP][PASSED] - fileLoc = "KatalonData/IWPTestData/VRelay25Payments.xlsx": null

04-10-2024T23:48:29 - [TEST_STEP][PASSED] - numOfRows = <not implemented yet for class: org.codehaus.groovy.ast.expr.EmptyExpression>: null

04-10-2024T23:48:29 - [TEST_STEP][PASSED] - dataFile = <not implemented yet for class: org.codehaus.groovy.ast.expr.EmptyExpression>: null

04-10-2024T23:48:29 - [TEST_STEP][PASSED] - nameSheet = <not implemented yet for class: org.codehaus.groovy.ast.expr.EmptyExpression>: null

04-10-2024T23:48:29 - [TEST_STEP][PASSED] - dataFileEmulator = <not implemented yet for class: org.codehaus.groovy.ast.expr.EmptyExpression>: null

04-10-2024T23:48:29 - [TEST_STEP][PASSED] - isRequiredTextPresent = false: null

04-10-2024T23:48:29 - [TEST_STEP][PASSED] - nameSheet = "VerifyConfirmPageLabelsPS": null

04-10-2024T23:48:29 - [TEST_STEP][PASSED] - dataFile = "IWPTestData/IWP25VerifyConfirmPageLabelsPS": null

04-10-2024T23:48:29 - [TEST_STEP][PASSED] - dataFileEmulator = "IWPTestData/EmulatorData": null

04-10-2024T23:48:29 - [TEST_STEP][PASSED] - numOfRows = findTestData(dataFile).getRowNumbers(): null

04-10-2024T23:48:29 - [TEST_STEP][PASSED] - println("Number of Records: " + numOfRows): null

04-10-2024T23:48:29 - [TEST_STEP][PASSED] - for ([row = 1, row <= numOfRows, (row++)]): Browser is closed

04-10-2024T23:48:29 - [TEST_STEP][PASSED] - ExecuteTC = findTestData(dataFile).getValue("Execute", row): null

04-10-2024T23:48:29 - [TEST_STEP][PASSED] - out.println("Value of Execute is : " + ExecuteTC): null

04-10-2024T23:48:29 - [TEST_STEP][PASSED] - if (ExecuteTC.equalsIgnoreCase("Y")): null

04-10-2024T23:48:29 - [TEST_STEP][PASSED] - out.println("Begin Record Number: " + row): null

04-10-2024T23:48:29 - [TEST_STEP][PASSED] - today = new java.util.Date(): null

04-10-2024T23:48:29 - [TEST_STEP][PASSED] - println(today): null

04-10-2024T23:48:29 - [TEST_STEP][PASSED] - datText = today: null

04-10-2024T23:48:29 - [TEST_STEP][PASSED] - EmulatorDataKey = findTestData(dataFile).getValue("EmulatorData", row): null

04-10-2024T23:48:29 - [TEST_STEP][PASSED] - out.println("Value of Emulator Key is : " + EmulatorDataKey): null

04-10-2024T23:48:29 - [TEST_STEP][PASSED] - iwpPages.emulatorIWP30.setDataEmulator_DD(EmulatorDataKey): iwpPages.emulatorIWP30.setDataEmulator_DD is PASSED

04-10-2024T23:48:29 - [MESSAGE][INFO] - Starting 'Edge Chromium' driver

04-10-2024T23:48:29 - [MESSAGE][INFO] - User set preference: ['acceptInsecureCerts', 'true']

04-10-2024T23:48:31 - [MESSAGE][INFO] - Action delay is set to 0 milliseconds

04-10-2024T23:48:34 - [MESSAGE][PASSED] - Browser is opened with url: 'https://qa.velocitypayment.com/agency/config.do?action=editor&message_version=2_5'

04-10-2024T23:48:35 - [MESSAGE][PASSED] - Current window maximized

04-10-2024T23:48:35 - [MESSAGE][PASSED] - All options with value '2.5' are selected in object 'Object Repository/IWP30/Page_VRelay30Emulator/MV'  using regular expression

04-10-2024T23:48:36 - [MESSAGE][PASSED] - Text '10.50' is set on object 'Object Repository/IWP30/Page_VRelay30Emulator/Amount'

04-10-2024T23:48:37 - [MESSAGE][PASSED] - Text '6HDZX5LO6uYw' is set on object 'Object Repository/IWP30/Page_VRelay30Emulator/CAN'

04-10-2024T23:48:37 - [MESSAGE][PASSED] - Text 'PayNow' is set on object 'Object Repository/IWP30/Page_VRelay30Emulator/Action'

04-10-2024T23:48:38 - [MESSAGE][PASSED] - Text 'en_US' is set on object 'Object Repository/IWP30/Page_VRelay30Emulator/Lang'

04-10-2024T23:48:39 - [MESSAGE][PASSED] - Text '' is set on object 'Object Repository/IWP30/Page_VRelay30Emulator/Fname'

04-10-2024T23:48:39 - [MESSAGE][PASSED] - Text '' is set on object 'Object Repository/IWP30/Page_VRelay30Emulator/Lname'

04-10-2024T23:48:40 - [MESSAGE][PASSED] - Text '' is set on object 'Object Repository/IWP30/Page_VRelay30Emulator/AL1'

04-10-2024T23:48:40 - [MESSAGE][PASSED] - Text '' is set on object 'Object Repository/IWP30/Page_VRelay30Emulator/AL2'

04-10-2024T23:48:41 - [MESSAGE][PASSED] - Text '' is set on object 'Object Repository/IWP30/Page_VRelay30Emulator/Country'

04-10-2024T23:48:42 - [MESSAGE][PASSED] - Text '' is set on object 'Object Repository/IWP30/Page_VRelay30Emulator/City'

04-10-2024T23:48:42 - [MESSAGE][PASSED] - Text '' is set on object 'Object Repository/IWP30/Page_VRelay30Emulator/State'

04-10-2024T23:48:43 - [MESSAGE][PASSED] - Text '' is set on object 'Object Repository/IWP30/Page_VRelay30Emulator/ZIP'

04-10-2024T23:48:43 - [MESSAGE][PASSED] - Text '' is set on object 'Object Repository/IWP30/Page_VRelay30Emulator/Order'

04-10-2024T23:48:44 - [MESSAGE][PASSED] - Text '' is set on object 'Object Repository/IWP30/Page_VRelay30Emulator/Company'

04-10-2024T23:48:44 - [MESSAGE][PASSED] - Text '' is set on object 'Object Repository/IWP30/Page_VRelay30Emulator/Email'

04-10-2024T23:48:45 - [MESSAGE][PASSED] - Text '' is set on object 'Object Repository/IWP30/Page_VRelay30Emulator/UDF1'

04-10-2024T23:48:46 - [MESSAGE][PASSED] - Text '' is set on object 'Object Repository/IWP30/Page_VRelay30Emulator/UDF2'

04-10-2024T23:48:46 - [MESSAGE][PASSED] - Text '' is set on object 'Object Repository/IWP30/Page_VRelay30Emulator/UDF3'

04-10-2024T23:48:47 - [MESSAGE][PASSED] - Text 'udf data 4' is set on object 'Object Repository/IWP30/Page_VRelay30Emulator/UDF4'

04-10-2024T23:48:47 - [MESSAGE][PASSED] - Text 'udf data 5' is set on object 'Object Repository/IWP30/Page_VRelay30Emulator/UDF5'

04-10-2024T23:48:48 - [MESSAGE][PASSED] - Text '' is set on object 'Object Repository/IWP30/Page_VRelay30Emulator/UDF6'

04-10-2024T23:48:48 - [MESSAGE][PASSED] - Text '' is set on object 'Object Repository/IWP30/Page_VRelay30Emulator/UDF7'

04-10-2024T23:48:49 - [MESSAGE][PASSED] - Text '' is set on object 'Object Repository/IWP30/Page_VRelay30Emulator/UDF8'

04-10-2024T23:48:50 - [MESSAGE][PASSED] - Text 'udf data 9' is set on object 'Object Repository/IWP30/Page_VRelay30Emulator/UDF9'

04-10-2024T23:48:50 - [MESSAGE][PASSED] - Text 'udf data 10' is set on object 'Object Repository/IWP30/Page_VRelay30Emulator/UDF10'

04-10-2024T23:48:51 - [MESSAGE][PASSED] - Object: 'Object Repository/IWP30/Page_VRelay30Emulator/Submit' is clicked on

04-10-2024T23:48:56 - [MESSAGE][PASSED] - Browser is closed

04-10-2024T23:49:00 - [MESSAGE][PASSED] - iwpPages.emulatorIWP30.setDataEmulator_DD is PASSED

04-10-2024T23:49:00 - [TEST_STEP][PASSED] - testHarnessURL = urlTestHarness: null

04-10-2024T23:49:00 - [TEST_STEP][PASSED] - openBrowser(testHarnessURL): Browser is opened with url: 'https://dev-algorithm.govolution.com/vrelaytest/QA/version_2_2/vrelaytest.html'

04-10-2024T23:49:00 - [MESSAGE][INFO] - Starting 'Edge Chromium' driver

04-10-2024T23:49:00 - [MESSAGE][INFO] - User set preference: ['acceptInsecureCerts', 'true']

04-10-2024T23:49:02 - [MESSAGE][INFO] - Action delay is set to 0 milliseconds

04-10-2024T23:49:05 - [MESSAGE][PASSED] - Browser is opened with url: 'https://dev-algorithm.govolution.com/vrelaytest/QA/version_2_2/vrelaytest.html'

04-10-2024T23:49:05 - [TEST_STEP][PASSED] - maximizeWindow(): Current window maximized

04-10-2024T23:49:05 - [MESSAGE][PASSED] - Current window maximized

04-10-2024T23:49:05 - [TEST_STEP][PASSED] - iwpPages.TestHarnessPage.setDataMethod(row, dataFile): iwpPages.TestHarnessPage.setDataMethod is PASSED

04-10-2024T23:49:06 - [MESSAGE][PASSED] - Object 'Object Repository/IWP30/Page_QATestHarness/RemittanceID' is present

04-10-2024T23:49:06 - [MESSAGE][PASSED] - Text '638' is set on object 'Object Repository/IWP30/Page_QATestHarness/ApplicationID'

04-10-2024T23:49:07 - [MESSAGE][PASSED] - Text '2.5' is set on object 'Object Repository/IWP30/Page_QATestHarness/MessageVersion'

04-10-2024T23:49:08 - [MESSAGE][PASSED] - Text 'HjANNeptt8bj' is set on object 'Object Repository/IWP30/Page_QATestHarness/RemittanceID'

04-10-2024T23:49:10 - [MESSAGE][PASSED] - Object: 'Object Repository/IWP30/Page_QATestHarness/SubmitButton' is clicked on

04-10-2024T23:49:10 - [MESSAGE][PASSED] - iwpPages.TestHarnessPage.setDataMethod is PASSED

04-10-2024T23:49:10 - [TEST_STEP][PASSED] - click(findTestObject("Object Repository/IWP30/Page_SelectPaymentMethod/PayByPersonalCheck")): Object: 'Object Repository/IWP30/Page_SelectPaymentMethod/PayByPersonalCheck' is clicked on

04-10-2024T23:49:11 - [MESSAGE][PASSED] - Object: 'Object Repository/IWP30/Page_SelectPaymentMethod/PayByPersonalCheck' is clicked on

04-10-2024T23:49:11 - [TEST_STEP][PASSED] - click(findTestObject("Object Repository/IWP30/Page_SelectPaymentMethod/MakePaymentButton")): Object: 'Object Repository/IWP30/Page_SelectPaymentMethod/MakePaymentButton' is clicked on

04-10-2024T23:49:13 - [MESSAGE][PASSED] - Object: 'Object Repository/IWP30/Page_SelectPaymentMethod/MakePaymentButton' is clicked on

04-10-2024T23:49:13 - [TEST_STEP][PASSED] - iwpPages.achPersonalPaymentEntryPage.setDataACHPPM(row, dataFile): iwpPages.achPersonalPaymentEntryPage.setDataACHPPM is PASSED

04-10-2024T23:49:14 - [MESSAGE][PASSED] - Object 'Object Repository/IWP30/Page_ACHPersonalPaymentEntry/txt_accountNumber' is present

04-10-2024T23:49:14 - [MESSAGE][PASSED] - Text '10.50' is set on object 'Object Repository/IWP30/Page_ACHPersonalPaymentEntry/txt_Amount'

04-10-2024T23:49:14 - [MESSAGE][PASSED] - Object 'Object Repository/IWP30/Page_ACHPersonalPaymentEntry/txt_UDF2' is present

04-10-2024T23:49:15 - [MESSAGE][PASSED] - Text 'udf data 2' is set on object 'Object Repository/IWP30/Page_ACHPersonalPaymentEntry/txt_UDF2'

04-10-2024T23:49:16 - [MESSAGE][PASSED] - Text 'udf data 3' is set on object 'Object Repository/IWP30/Page_ACHPersonalPaymentEntry/txt_UDF3'

04-10-2024T23:49:16 - [MESSAGE][PASSED] - All options with label 'Orange' are selected in object 'Object Repository/IWP30/Page_ACHPersonalPaymentEntry/dd_UDF7' 

04-10-2024T23:49:17 - [MESSAGE][PASSED] - All options with label 'Soccer' are selected in object 'Object Repository/IWP30/Page_ACHPersonalPaymentEntry/dd_UDF8' 

04-10-2024T23:49:17 - [MESSAGE][PASSED] - Object 'Object Repository/IWP30/Page_ACHPersonalPaymentEntry/txt_Firstname' is present

04-10-2024T23:49:18 - [MESSAGE][PASSED] - Text 'Curlonty' is set on object 'Object Repository/IWP30/Page_ACHPersonalPaymentEntry/txt_Firstname'

04-10-2024T23:49:18 - [MESSAGE][PASSED] - Object 'Object Repository/IWP30/Page_ACHPersonalPaymentEntry/txt_Lastname' is present

04-10-2024T23:49:18 - [MESSAGE][PASSED] - Text 'Lachuga' is set on object 'Object Repository/IWP30/Page_ACHPersonalPaymentEntry/txt_Lastname'

04-10-2024T23:49:19 - [MESSAGE][PASSED] - Object 'Object Repository/IWP30/Page_ACHPersonalPaymentEntry/txt_routingNumber' is present

04-10-2024T23:49:19 - [MESSAGE][PASSED] - Text '256072691' is set on object 'Object Repository/IWP30/Page_ACHPersonalPaymentEntry/txt_routingNumber'

04-10-2024T23:49:20 - [MESSAGE][PASSED] - Object 'Object Repository/IWP30/Page_ACHPersonalPaymentEntry/txt_accountNumber' is present

04-10-2024T23:49:21 - [MESSAGE][PASSED] - Text '12342222' is set on object 'Object Repository/IWP30/Page_ACHPersonalPaymentEntry/txt_accountNumber'

04-10-2024T23:49:21 - [MESSAGE][PASSED] - Object 'Object Repository/IWP30/Page_ACHPersonalPaymentEntry/txt_confirmAccountNumber' is present

04-10-2024T23:49:22 - [MESSAGE][PASSED] - Text '12342222' is set on object 'Object Repository/IWP30/Page_ACHPersonalPaymentEntry/txt_confirmAccountNumber'

04-10-2024T23:49:22 - [MESSAGE][PASSED] - Object 'Object Repository/IWP30/Page_ACHPersonalPaymentEntry/rd_accountType' is present

04-10-2024T23:49:22 - [MESSAGE][PASSED] - Modify property of object successfully

04-10-2024T23:49:22 - [MESSAGE][PASSED] - Object: 'Object Repository/IWP30/Page_ACHPersonalPaymentEntry/rd_accountType' is clicked on

04-10-2024T23:49:23 - [MESSAGE][PASSED] - Text '365 Main Avenue' is set on object 'Object Repository/IWP30/Page_ACHPersonalPaymentEntry/txt_AL1'

04-10-2024T23:49:24 - [MESSAGE][PASSED] - Text '22201' is set on object 'Object Repository/IWP30/Page_ACHPersonalPaymentEntry/txt_ZIP'

04-10-2024T23:49:24 - [MESSAGE][PASSED] - Object 'Object Repository/IWP30/Page_ACHPersonalPaymentEntry/txt_Email' is present

04-10-2024T23:49:25 - [MESSAGE][PASSED] - Text 'iahmed@govolution.com' is set on object 'Object Repository/IWP30/Page_ACHPersonalPaymentEntry/txt_Email'

04-10-2024T23:49:26 - [MESSAGE][PASSED] - Object 'Object Repository/IWP30/Page_ACHPersonalPaymentEntry/cb_TermsAndCond' is present

04-10-2024T23:49:26 - [MESSAGE][PASSED] - Object: 'Object Repository/IWP30/Page_ACHPersonalPaymentEntry/cb_TermsAndCond' is clicked on

04-10-2024T23:49:26 - [MESSAGE][PASSED] - Object 'Object Repository/IWP30/Page_ACHPersonalPaymentEntry/btn_Continue' is present

04-10-2024T23:49:27 - [MESSAGE][PASSED] - Object: 'Object Repository/IWP30/Page_ACHPersonalPaymentEntry/btn_Continue' is clicked on

04-10-2024T23:49:27 - [MESSAGE][PASSED] - iwpPages.achPersonalPaymentEntryPage.setDataACHPPM is PASSED

04-10-2024T23:49:27 - [TEST_STEP][PASSED] - Thread.sleep(5000): null

04-10-2024T23:49:32 - [TEST_STEP][PASSED] - if (verifyTextPresent("Make a Real Estate Payment", false)): null

04-10-2024T23:49:33 - [MESSAGE][PASSED] - Text 'Make a Real Estate Payment' is present on page 

04-10-2024T23:49:33 - [TEST_STEP][PASSED] - isRequiredTextPresent = true: null

04-10-2024T23:49:33 - [TEST_STEP][PASSED] - println(isRequiredTextPresent): null

04-10-2024T23:49:33 - [TEST_STEP][PASSED] - if (isRequiredTextPresent): null

04-10-2024T23:49:33 - [TEST_STEP][PASSED] - if (verifyTextPresent("Confirm Payment Information", false)): null

04-10-2024T23:49:33 - [MESSAGE][PASSED] - Text 'Confirm Payment Information' is present on page 

04-10-2024T23:49:33 - [TEST_STEP][PASSED] - isRequiredTextPresent = true: null

04-10-2024T23:49:33 - [TEST_STEP][PASSED] - println(isRequiredTextPresent): null

04-10-2024T23:49:33 - [TEST_STEP][PASSED] - if (isRequiredTextPresent): null

04-10-2024T23:49:33 - [TEST_STEP][PASSED] - if (verifyTextPresent("Please verify the following information:", false)): null

04-10-2024T23:49:33 - [MESSAGE][PASSED] - Text 'Please verify the following information:' is present on page 

04-10-2024T23:49:33 - [TEST_STEP][PASSED] - isRequiredTextPresent = true: null

04-10-2024T23:49:33 - [TEST_STEP][PASSED] - if (isRequiredTextPresent): null

04-10-2024T23:49:33 - [TEST_STEP][PASSED] - if (verifyTextPresent("Payment Information:", false)): null

04-10-2024T23:49:33 - [MESSAGE][PASSED] - Text 'Payment Information:' is present on page 

04-10-2024T23:49:33 - [TEST_STEP][PASSED] - isRequiredTextPresent = true: null

04-10-2024T23:49:33 - [TEST_STEP][PASSED] - if (isRequiredTextPresent): null

04-10-2024T23:49:33 - [TEST_STEP][PASSED] - if (verifyTextPresent("Tax Amount:", false)): null

04-10-2024T23:49:34 - [MESSAGE][PASSED] - Text 'Tax Amount:' is present on page 

04-10-2024T23:49:34 - [TEST_STEP][PASSED] - isRequiredTextPresent = true: null

04-10-2024T23:49:34 - [TEST_STEP][PASSED] - if (isRequiredTextPresent): null

04-10-2024T23:49:34 - [TEST_STEP][PASSED] - if (verifyTextPresent("Amount:", false)): null

04-10-2024T23:49:34 - [MESSAGE][PASSED] - Text 'Amount:' is present on page 

04-10-2024T23:49:34 - [TEST_STEP][PASSED] - isRequiredTextPresent = true: null

04-10-2024T23:49:34 - [TEST_STEP][PASSED] - if (isRequiredTextPresent): null

04-10-2024T23:49:34 - [TEST_STEP][PASSED] - if (verifyTextPresent("UDF2 Label:", false)): null

04-10-2024T23:49:34 - [MESSAGE][PASSED] - Text 'UDF2 Label:' is present on page 

04-10-2024T23:49:34 - [TEST_STEP][PASSED] - isRequiredTextPresent = true: null

04-10-2024T23:49:34 - [TEST_STEP][PASSED] - if (isRequiredTextPresent): null

04-10-2024T23:49:34 - [TEST_STEP][PASSED] - if (verifyTextPresent("UDF3 Label:", false)): null

04-10-2024T23:49:35 - [MESSAGE][PASSED] - Text 'UDF3 Label:' is present on page 

04-10-2024T23:49:35 - [TEST_STEP][PASSED] - isRequiredTextPresent = true: null

04-10-2024T23:49:35 - [TEST_STEP][PASSED] - if (isRequiredTextPresent): null

04-10-2024T23:49:35 - [TEST_STEP][PASSED] - if (verifyTextPresent("UDF4 Label:", false)): null

04-10-2024T23:49:35 - [MESSAGE][PASSED] - Text 'UDF4 Label:' is present on page 

04-10-2024T23:49:35 - [TEST_STEP][PASSED] - isRequiredTextPresent = true: null

04-10-2024T23:49:35 - [TEST_STEP][PASSED] - if (isRequiredTextPresent): null

04-10-2024T23:49:35 - [TEST_STEP][PASSED] - if (verifyTextPresent("UDF7 Label:", false)): null

04-10-2024T23:49:35 - [MESSAGE][PASSED] - Text 'UDF7 Label:' is present on page 

04-10-2024T23:49:35 - [TEST_STEP][PASSED] - isRequiredTextPresent = true: null

04-10-2024T23:49:35 - [TEST_STEP][PASSED] - if (isRequiredTextPresent): null

04-10-2024T23:49:35 - [TEST_STEP][PASSED] - if (verifyTextPresent("UDF8 Label:", false)): null

04-10-2024T23:49:35 - [MESSAGE][PASSED] - Text 'UDF8 Label:' is present on page 

04-10-2024T23:49:35 - [TEST_STEP][PASSED] - isRequiredTextPresent = true: null

04-10-2024T23:49:35 - [TEST_STEP][PASSED] - if (isRequiredTextPresent): null

04-10-2024T23:49:35 - [TEST_STEP][PASSED] - if (verifyTextPresent("UDF9 Label:", false)): null

04-10-2024T23:49:36 - [MESSAGE][PASSED] - Text 'UDF9 Label:' is present on page 

04-10-2024T23:49:36 - [TEST_STEP][PASSED] - isRequiredTextPresent = true: null

04-10-2024T23:49:36 - [TEST_STEP][PASSED] - if (isRequiredTextPresent): null

04-10-2024T23:49:36 - [TEST_STEP][PASSED] - if (verifyTextPresent("UDF9 Label:", false)): null

04-10-2024T23:49:36 - [MESSAGE][PASSED] - Text 'UDF9 Label:' is present on page 

04-10-2024T23:49:36 - [TEST_STEP][PASSED] - isRequiredTextPresent = true: null

04-10-2024T23:49:36 - [TEST_STEP][PASSED] - if (isRequiredTextPresent): null

04-10-2024T23:49:36 - [TEST_STEP][PASSED] - if (verifyTextPresent("Account Information:", false)): null

04-10-2024T23:49:36 - [MESSAGE][PASSED] - Text 'Account Information:' is present on page 

04-10-2024T23:49:36 - [TEST_STEP][PASSED] - isRequiredTextPresent = true: null

04-10-2024T23:49:36 - [TEST_STEP][PASSED] - if (isRequiredTextPresent): null

04-10-2024T23:49:36 - [TEST_STEP][PASSED] - if (verifyTextPresent("First Name on Check:", false)): null

04-10-2024T23:49:36 - [MESSAGE][PASSED] - Text 'First Name on Check:' is present on page 

04-10-2024T23:49:36 - [TEST_STEP][PASSED] - isRequiredTextPresent = true: null

04-10-2024T23:49:36 - [TEST_STEP][PASSED] - if (isRequiredTextPresent): null

04-10-2024T23:49:36 - [TEST_STEP][PASSED] - if (verifyTextPresent("Last Name on Check:", false)): null

04-10-2024T23:49:37 - [MESSAGE][PASSED] - Text 'Last Name on Check:' is present on page 

04-10-2024T23:49:37 - [TEST_STEP][PASSED] - isRequiredTextPresent = true: null

04-10-2024T23:49:37 - [TEST_STEP][PASSED] - if (isRequiredTextPresent): null

04-10-2024T23:49:37 - [TEST_STEP][PASSED] - if (verifyTextPresent("Routing Transit Number:", false)): null

04-10-2024T23:49:37 - [MESSAGE][PASSED] - Text 'Routing Transit Number:' is present on page 

04-10-2024T23:49:37 - [TEST_STEP][PASSED] - isRequiredTextPresent = true: null

04-10-2024T23:49:37 - [TEST_STEP][PASSED] - if (isRequiredTextPresent): null

04-10-2024T23:49:37 - [TEST_STEP][PASSED] - if (verifyTextPresent("Account Number:", false)): null

04-10-2024T23:49:37 - [MESSAGE][PASSED] - Text 'Account Number:' is present on page 

04-10-2024T23:49:37 - [TEST_STEP][PASSED] - isRequiredTextPresent = true: null

04-10-2024T23:49:37 - [TEST_STEP][PASSED] - if (isRequiredTextPresent): null

04-10-2024T23:49:37 - [TEST_STEP][PASSED] - if (verifyTextPresent("Type of Account:", false)): null

04-10-2024T23:49:37 - [MESSAGE][PASSED] - Text 'Type of Account:' is present on page 

04-10-2024T23:49:37 - [TEST_STEP][PASSED] - isRequiredTextPresent = true: null

04-10-2024T23:49:38 - [TEST_STEP][PASSED] - if (isRequiredTextPresent): null

04-10-2024T23:49:38 - [TEST_STEP][PASSED] - if (verifyTextPresent("Payment Date:", false)): null

04-10-2024T23:49:38 - [MESSAGE][PASSED] - Text 'Payment Date:' is present on page 

04-10-2024T23:49:38 - [TEST_STEP][PASSED] - isRequiredTextPresent = true: null

04-10-2024T23:49:38 - [TEST_STEP][PASSED] - if (isRequiredTextPresent): null

04-10-2024T23:49:38 - [TEST_STEP][PASSED] - if (verifyTextPresent("Address Line 1:", false)): null

04-10-2024T23:49:38 - [MESSAGE][PASSED] - Text 'Address Line 1:' is present on page 

04-10-2024T23:49:38 - [TEST_STEP][PASSED] - isRequiredTextPresent = true: null

04-10-2024T23:49:38 - [TEST_STEP][PASSED] - if (isRequiredTextPresent): null

04-10-2024T23:49:38 - [TEST_STEP][PASSED] - if (verifyTextPresent("Country:", false)): null

04-10-2024T23:49:38 - [MESSAGE][PASSED] - Text 'Country:' is present on page 

04-10-2024T23:49:38 - [TEST_STEP][PASSED] - isRequiredTextPresent = true: null

04-10-2024T23:49:38 - [TEST_STEP][PASSED] - if (isRequiredTextPresent): null

04-10-2024T23:49:38 - [TEST_STEP][PASSED] - if (verifyTextPresent("City:", false)): null

04-10-2024T23:49:39 - [MESSAGE][PASSED] - Text 'City:' is present on page 

04-10-2024T23:49:39 - [TEST_STEP][PASSED] - isRequiredTextPresent = true: null

04-10-2024T23:49:39 - [TEST_STEP][PASSED] - if (isRequiredTextPresent): null

04-10-2024T23:49:39 - [TEST_STEP][PASSED] - if (verifyTextPresent("State:", false)): null

04-10-2024T23:49:39 - [MESSAGE][PASSED] - Text 'State:' is present on page 

04-10-2024T23:49:39 - [TEST_STEP][PASSED] - isRequiredTextPresent = true: null

04-10-2024T23:49:39 - [TEST_STEP][PASSED] - if (isRequiredTextPresent): null

04-10-2024T23:49:39 - [TEST_STEP][PASSED] - if (verifyTextPresent("ZIP Code:", false)): null

04-10-2024T23:49:39 - [MESSAGE][PASSED] - Text 'ZIP Code:' is present on page 

04-10-2024T23:49:39 - [TEST_STEP][PASSED] - isRequiredTextPresent = true: null

04-10-2024T23:49:39 - [TEST_STEP][PASSED] - if (isRequiredTextPresent): null

04-10-2024T23:49:39 - [TEST_STEP][PASSED] - if (verifyTextPresent("Email Address:", false)): null

04-10-2024T23:49:39 - [MESSAGE][PASSED] - Text 'Email Address:' is present on page 

04-10-2024T23:49:39 - [TEST_STEP][PASSED] - isRequiredTextPresent = true: null

04-10-2024T23:49:39 - [TEST_STEP][PASSED] - if (isRequiredTextPresent): null

04-10-2024T23:49:39 - [TEST_STEP][PASSED] - if (verifyTextPresent("Is this information correct?", false)): null

04-10-2024T23:49:40 - [MESSAGE][PASSED] - Text 'Is this information correct?' is present on page 

04-10-2024T23:49:40 - [TEST_STEP][PASSED] - isRequiredTextPresent = true: null

04-10-2024T23:49:40 - [TEST_STEP][PASSED] - closeBrowser(): Browser is closed

04-10-2024T23:49:40 - [MESSAGE][PASSED] - Browser is closed]]></system-out>
         <system-err><![CDATA[]]></system-err>
      </testcase>
      <testcase name="Test Cases/IntegratedWeb/IWP25/Payments/VerifyCreateReceiptLabelsDeferredCC" time="71.006" classname="Test Cases/IntegratedWeb/IWP25/Payments/VerifyCreateReceiptLabelsDeferredCC" status="PASSED">
         <system-out><![CDATA[04-10-2024T23:49:40 - [TEST_CASE][PASSED] - Test Cases/IntegratedWeb/IWP25/Payments/VerifyCreateReceiptLabelsDeferredCC: Test Cases/IntegratedWeb/IWP25/Payments/VerifyCreateReceiptLabelsDeferredCC

04-10-2024T23:49:41 - [TEST_STEP][PASSED] - resText = "Fail": null

04-10-2024T23:49:41 - [TEST_STEP][PASSED] - resColumn = "Result": null

04-10-2024T23:49:41 - [TEST_STEP][PASSED] - datCloumn = "Date": null

04-10-2024T23:49:41 - [TEST_STEP][PASSED] - fileLoc = "KatalonData/IWPTestData/VRelay25PaymentsExtension.xlsx": null

04-10-2024T23:49:41 - [TEST_STEP][PASSED] - numOfRows = <not implemented yet for class: org.codehaus.groovy.ast.expr.EmptyExpression>: null

04-10-2024T23:49:41 - [TEST_STEP][PASSED] - dataFile = <not implemented yet for class: org.codehaus.groovy.ast.expr.EmptyExpression>: null

04-10-2024T23:49:41 - [TEST_STEP][PASSED] - nameSheet = <not implemented yet for class: org.codehaus.groovy.ast.expr.EmptyExpression>: null

04-10-2024T23:49:41 - [TEST_STEP][PASSED] - dataFileEmulator = <not implemented yet for class: org.codehaus.groovy.ast.expr.EmptyExpression>: null

04-10-2024T23:49:41 - [TEST_STEP][PASSED] - isRequiredTextPresent = false: null

04-10-2024T23:49:41 - [TEST_STEP][PASSED] - nameSheet = "VerifyCreateLabelDeferredCredit": null

04-10-2024T23:49:41 - [TEST_STEP][PASSED] - dataFile = getExcelDataWithDefaultSheet("KatalonData/IWPTestData/VRelay25PaymentsExtension.xlsx", nameSheet, true): null

04-10-2024T23:49:41 - [TEST_STEP][PASSED] - dataFileEmulator = "IWPTestData/EmulatorData": null

04-10-2024T23:49:41 - [TEST_STEP][PASSED] - numOfRows = dataFile.getRowNumbers(): null

04-10-2024T23:49:41 - [TEST_STEP][PASSED] - println("Number of Records: " + numOfRows): null

04-10-2024T23:49:41 - [TEST_STEP][PASSED] - for ([row = 1, row <= numOfRows, (row++)]): Browser is closed

04-10-2024T23:49:41 - [TEST_STEP][PASSED] - ExecuteTC = dataFile.getValue("Execute", row): null

04-10-2024T23:49:41 - [TEST_STEP][PASSED] - out.println("Value of Execute is : " + ExecuteTC): null

04-10-2024T23:49:41 - [TEST_STEP][PASSED] - if (ExecuteTC.equalsIgnoreCase("Y")): null

04-10-2024T23:49:41 - [TEST_STEP][PASSED] - out.println("Begin Record Number: " + row): null

04-10-2024T23:49:41 - [TEST_STEP][PASSED] - today = new java.util.Date(): null

04-10-2024T23:49:41 - [TEST_STEP][PASSED] - println(today): null

04-10-2024T23:49:41 - [TEST_STEP][PASSED] - datText = today: null

04-10-2024T23:49:41 - [TEST_STEP][PASSED] - EmulatorDataKey = dataFile.getValue("EmulatorData", row): null

04-10-2024T23:49:41 - [TEST_STEP][PASSED] - out.println("Value of Emulator Key is : " + EmulatorDataKey): null

04-10-2024T23:49:41 - [TEST_STEP][PASSED] - iwpPages.emulatorIWP30.setDataEmulator_DD(EmulatorDataKey): iwpPages.emulatorIWP30.setDataEmulator_DD is PASSED

04-10-2024T23:49:41 - [MESSAGE][INFO] - Starting 'Edge Chromium' driver

04-10-2024T23:49:41 - [MESSAGE][INFO] - User set preference: ['acceptInsecureCerts', 'true']

04-10-2024T23:49:43 - [MESSAGE][INFO] - Action delay is set to 0 milliseconds

04-10-2024T23:49:46 - [MESSAGE][PASSED] - Browser is opened with url: 'https://qa.velocitypayment.com/agency/config.do?action=editor&message_version=2_5'

04-10-2024T23:49:47 - [MESSAGE][PASSED] - Current window maximized

04-10-2024T23:49:47 - [MESSAGE][PASSED] - All options with value '2.5' are selected in object 'Object Repository/IWP30/Page_VRelay30Emulator/MV'  using regular expression

04-10-2024T23:49:48 - [MESSAGE][PASSED] - Text '10.50' is set on object 'Object Repository/IWP30/Page_VRelay30Emulator/Amount'

04-10-2024T23:49:49 - [MESSAGE][PASSED] - Text 'nFKt3aQfRQUj' is set on object 'Object Repository/IWP30/Page_VRelay30Emulator/CAN'

04-10-2024T23:49:49 - [MESSAGE][PASSED] - Text 'PayNow' is set on object 'Object Repository/IWP30/Page_VRelay30Emulator/Action'

04-10-2024T23:49:50 - [MESSAGE][PASSED] - Text 'en_US' is set on object 'Object Repository/IWP30/Page_VRelay30Emulator/Lang'

04-10-2024T23:49:51 - [MESSAGE][PASSED] - Text '' is set on object 'Object Repository/IWP30/Page_VRelay30Emulator/Fname'

04-10-2024T23:49:51 - [MESSAGE][PASSED] - Text '' is set on object 'Object Repository/IWP30/Page_VRelay30Emulator/Lname'

04-10-2024T23:49:52 - [MESSAGE][PASSED] - Text '' is set on object 'Object Repository/IWP30/Page_VRelay30Emulator/AL1'

04-10-2024T23:49:52 - [MESSAGE][PASSED] - Text '' is set on object 'Object Repository/IWP30/Page_VRelay30Emulator/AL2'

04-10-2024T23:49:53 - [MESSAGE][PASSED] - Text '' is set on object 'Object Repository/IWP30/Page_VRelay30Emulator/Country'

04-10-2024T23:49:53 - [MESSAGE][PASSED] - Text '' is set on object 'Object Repository/IWP30/Page_VRelay30Emulator/City'

04-10-2024T23:49:54 - [MESSAGE][PASSED] - Text '' is set on object 'Object Repository/IWP30/Page_VRelay30Emulator/State'

04-10-2024T23:49:55 - [MESSAGE][PASSED] - Text '' is set on object 'Object Repository/IWP30/Page_VRelay30Emulator/ZIP'

04-10-2024T23:49:55 - [MESSAGE][PASSED] - Text '' is set on object 'Object Repository/IWP30/Page_VRelay30Emulator/Order'

04-10-2024T23:49:56 - [MESSAGE][PASSED] - Text '' is set on object 'Object Repository/IWP30/Page_VRelay30Emulator/Company'

04-10-2024T23:49:56 - [MESSAGE][PASSED] - Text '' is set on object 'Object Repository/IWP30/Page_VRelay30Emulator/Email'

04-10-2024T23:49:57 - [MESSAGE][PASSED] - Text '' is set on object 'Object Repository/IWP30/Page_VRelay30Emulator/UDF1'

04-10-2024T23:49:58 - [MESSAGE][PASSED] - Text '' is set on object 'Object Repository/IWP30/Page_VRelay30Emulator/UDF2'

04-10-2024T23:49:58 - [MESSAGE][PASSED] - Text '' is set on object 'Object Repository/IWP30/Page_VRelay30Emulator/UDF3'

04-10-2024T23:49:59 - [MESSAGE][PASSED] - Text 'udf data 4' is set on object 'Object Repository/IWP30/Page_VRelay30Emulator/UDF4'

04-10-2024T23:49:59 - [MESSAGE][PASSED] - Text 'udf data 5' is set on object 'Object Repository/IWP30/Page_VRelay30Emulator/UDF5'

04-10-2024T23:50:00 - [MESSAGE][PASSED] - Text '' is set on object 'Object Repository/IWP30/Page_VRelay30Emulator/UDF6'

04-10-2024T23:50:00 - [MESSAGE][PASSED] - Text '' is set on object 'Object Repository/IWP30/Page_VRelay30Emulator/UDF7'

04-10-2024T23:50:01 - [MESSAGE][PASSED] - Text '' is set on object 'Object Repository/IWP30/Page_VRelay30Emulator/UDF8'

04-10-2024T23:50:02 - [MESSAGE][PASSED] - Text 'udf data 9' is set on object 'Object Repository/IWP30/Page_VRelay30Emulator/UDF9'

04-10-2024T23:50:02 - [MESSAGE][PASSED] - Text 'udf data 10' is set on object 'Object Repository/IWP30/Page_VRelay30Emulator/UDF10'

04-10-2024T23:50:03 - [MESSAGE][PASSED] - Object: 'Object Repository/IWP30/Page_VRelay30Emulator/Submit' is clicked on

04-10-2024T23:50:08 - [MESSAGE][PASSED] - Browser is closed

04-10-2024T23:50:12 - [MESSAGE][PASSED] - iwpPages.emulatorIWP30.setDataEmulator_DD is PASSED

04-10-2024T23:50:12 - [TEST_STEP][PASSED] - testHarnessURL = urlTestHarness: null

04-10-2024T23:50:12 - [TEST_STEP][PASSED] - openBrowser(testHarnessURL): Browser is opened with url: 'https://dev-algorithm.govolution.com/vrelaytest/QA/version_2_2/vrelaytest.html'

04-10-2024T23:50:12 - [MESSAGE][INFO] - Starting 'Edge Chromium' driver

04-10-2024T23:50:12 - [MESSAGE][INFO] - User set preference: ['acceptInsecureCerts', 'true']

04-10-2024T23:50:14 - [MESSAGE][INFO] - Action delay is set to 0 milliseconds

04-10-2024T23:50:17 - [MESSAGE][PASSED] - Browser is opened with url: 'https://dev-algorithm.govolution.com/vrelaytest/QA/version_2_2/vrelaytest.html'

04-10-2024T23:50:17 - [TEST_STEP][PASSED] - maximizeWindow(): Current window maximized

04-10-2024T23:50:17 - [MESSAGE][PASSED] - Current window maximized

04-10-2024T23:50:17 - [TEST_STEP][PASSED] - iwpPages.TestHarnessPage.setDataMethodEF(row, dataFile): iwpPages.TestHarnessPage.setDataMethodEF is PASSED

04-10-2024T23:50:18 - [MESSAGE][PASSED] - Object 'Object Repository/IWP30/Page_QATestHarness/RemittanceID' is present

04-10-2024T23:50:18 - [MESSAGE][PASSED] - Text '638' is set on object 'Object Repository/IWP30/Page_QATestHarness/ApplicationID'

04-10-2024T23:50:19 - [MESSAGE][PASSED] - Text '2.5' is set on object 'Object Repository/IWP30/Page_QATestHarness/MessageVersion'

04-10-2024T23:50:19 - [MESSAGE][PASSED] - Text 'fiUkWvRDLCZd' is set on object 'Object Repository/IWP30/Page_QATestHarness/RemittanceID'

04-10-2024T23:50:23 - [MESSAGE][PASSED] - Object: 'Object Repository/IWP30/Page_QATestHarness/SubmitButton' is clicked on

04-10-2024T23:50:23 - [MESSAGE][PASSED] - iwpPages.TestHarnessPage.setDataMethodEF is PASSED

04-10-2024T23:50:23 - [TEST_STEP][PASSED] - click(findTestObject("Object Repository/IWP30/Page_SelectPaymentMethod/PayByCreditCard")): Object: 'Object Repository/IWP30/Page_SelectPaymentMethod/PayByCreditCard' is clicked on

04-10-2024T23:50:24 - [MESSAGE][PASSED] - Object: 'Object Repository/IWP30/Page_SelectPaymentMethod/PayByCreditCard' is clicked on

04-10-2024T23:50:24 - [TEST_STEP][PASSED] - click(findTestObject("Object Repository/IWP30/Page_SelectPaymentMethod/MakePaymentButton")): Object: 'Object Repository/IWP30/Page_SelectPaymentMethod/MakePaymentButton' is clicked on

04-10-2024T23:50:26 - [MESSAGE][PASSED] - Object: 'Object Repository/IWP30/Page_SelectPaymentMethod/MakePaymentButton' is clicked on

04-10-2024T23:50:26 - [TEST_STEP][PASSED] - iwpPages.ccPaymentEntryPage.setDataCCPM(row, dataFile): iwpPages.ccPaymentEntryPage.setDataCCPM is PASSED

04-10-2024T23:50:26 - [MESSAGE][PASSED] - Object 'Object Repository/IWP30/Page_CCPaymentEntry/Name' is present

04-10-2024T23:50:27 - [MESSAGE][PASSED] - Text '10.50' is set on object 'Object Repository/IWP30/Page_CCPaymentEntry/Amount'

04-10-2024T23:50:27 - [MESSAGE][PASSED] - Text 'udf data 2' is set on object 'Object Repository/IWP30/Page_CCPaymentEntry/UserDefined2'

04-10-2024T23:50:28 - [MESSAGE][PASSED] - Text 'udf data 3' is set on object 'Object Repository/IWP30/Page_CCPaymentEntry/UserDefined3'

04-10-2024T23:50:28 - [MESSAGE][PASSED] - All options with label 'Orange' are selected in object 'Object Repository/IWP30/Page_CCPaymentEntry/UserDefined7' 

04-10-2024T23:50:29 - [MESSAGE][PASSED] - All options with label 'Soccer' are selected in object 'Object Repository/IWP30/Page_CCPaymentEntry/UserDefined8' 

04-10-2024T23:50:29 - [MESSAGE][PASSED] - Object 'Object Repository/IWP30/Page_CCPaymentEntry/Name' is present

04-10-2024T23:50:30 - [MESSAGE][PASSED] - Text 'Kavita Ranawati' is set on object 'Object Repository/IWP30/Page_CCPaymentEntry/Name'

04-10-2024T23:50:30 - [MESSAGE][PASSED] - Object 'Object Repository/IWP30/Page_CCPaymentEntry/CardNumber' is present

04-10-2024T23:50:31 - [MESSAGE][PASSED] - Text '4111111111111111' is set on object 'Object Repository/IWP30/Page_CCPaymentEntry/CardNumber'

04-10-2024T23:50:31 - [MESSAGE][PASSED] - Text '123' is set on object 'Object Repository/IWP30/Page_CCPaymentEntry/SPC'

04-10-2024T23:50:32 - [MESSAGE][PASSED] - Object 'Object Repository/IWP30/Page_CCPaymentEntry/Month' is present

04-10-2024T23:50:33 - [MESSAGE][PASSED] - All options with label '01' are selected in object 'Object Repository/IWP30/Page_CCPaymentEntry/Month' 

04-10-2024T23:50:33 - [MESSAGE][PASSED] - Object 'Object Repository/IWP30/Page_CCPaymentEntry/Year' is present

04-10-2024T23:50:34 - [MESSAGE][PASSED] - All options with label '2028' are selected in object 'Object Repository/IWP30/Page_CCPaymentEntry/Year' 

04-10-2024T23:50:34 - [MESSAGE][PASSED] - Execute JavaScript '
				   document.getElementById('processDate').value = '08/09/2025'
				  ' successfully

04-10-2024T23:50:34 - [MESSAGE][PASSED] - Text '365 Main Avenue' is set on object 'Object Repository/IWP30/Page_CCPaymentEntry/AL1'

04-10-2024T23:50:35 - [MESSAGE][PASSED] - Text 'Ohio' is set on object 'Object Repository/IWP30/Page_CCPaymentEntry/AL2'

04-10-2024T23:50:35 - [MESSAGE][PASSED] - Text '22201' is set on object 'Object Repository/IWP30/Page_CCPaymentEntry/ZIP'

04-10-2024T23:50:36 - [MESSAGE][PASSED] - Object 'Object Repository/IWP30/Page_CCPaymentEntry/EmailAddress' is present

04-10-2024T23:50:36 - [MESSAGE][PASSED] - Text 'iahmed@govolution.com' is set on object 'Object Repository/IWP30/Page_CCPaymentEntry/EmailAddress'

04-10-2024T23:50:37 - [MESSAGE][PASSED] - Object 'Object Repository/IWP30/Page_CCPaymentEntry/TermCondCheckBox' is present

04-10-2024T23:50:37 - [MESSAGE][PASSED] - Object 'Object Repository/IWP30/Page_CCPaymentEntry/TermCondCheckBox' is checked

04-10-2024T23:50:37 - [MESSAGE][PASSED] - Object 'Object Repository/IWP30/Page_CCPaymentEntry/ContinueButton' is present

04-10-2024T23:50:39 - [MESSAGE][PASSED] - Object: 'Object Repository/IWP30/Page_CCPaymentEntry/ContinueButton' is clicked on

04-10-2024T23:50:39 - [MESSAGE][PASSED] - iwpPages.ccPaymentEntryPage.setDataCCPM is PASSED

04-10-2024T23:50:39 - [TEST_STEP][PASSED] - click(findTestObject("Object Repository/IWP30/Page_Confirmation/ConfirmButton")): Object: 'Object Repository/IWP30/Page_Confirmation/ConfirmButton' is clicked on

04-10-2024T23:50:41 - [MESSAGE][PASSED] - Object: 'Object Repository/IWP30/Page_Confirmation/ConfirmButton' is clicked on

04-10-2024T23:50:41 - [TEST_STEP][PASSED] - Thread.sleep(2000): null

04-10-2024T23:50:43 - [TEST_STEP][PASSED] - if (verifyTextPresent("Deferred", false)): null

04-10-2024T23:50:43 - [MESSAGE][PASSED] - Text 'Deferred' is present on page 

04-10-2024T23:50:43 - [TEST_STEP][PASSED] - if (verifyTextPresent("Your payment plan has been successfully created", false)): null

04-10-2024T23:50:43 - [MESSAGE][PASSED] - Text 'Your payment plan has been successfully created' is present on page 

04-10-2024T23:50:43 - [TEST_STEP][PASSED] - isRequiredTextPresent = true: null

04-10-2024T23:50:43 - [TEST_STEP][PASSED] - println(isRequiredTextPresent): null

04-10-2024T23:50:43 - [TEST_STEP][PASSED] - if (isRequiredTextPresent): null

04-10-2024T23:50:43 - [TEST_STEP][PASSED] - if (verifyTextPresent("CAN Label:", false)): null

04-10-2024T23:50:44 - [MESSAGE][PASSED] - Text 'CAN Label:' is present on page 

04-10-2024T23:50:44 - [TEST_STEP][PASSED] - isRequiredTextPresent = true: null

04-10-2024T23:50:44 - [TEST_STEP][PASSED] - println(isRequiredTextPresent): null

04-10-2024T23:50:44 - [TEST_STEP][PASSED] - if (isRequiredTextPresent): null

04-10-2024T23:50:44 - [TEST_STEP][PASSED] - if (verifyTextPresent("Remittance ID:", false)): null

04-10-2024T23:50:44 - [MESSAGE][PASSED] - Text 'Remittance ID:' is present on page 

04-10-2024T23:50:44 - [TEST_STEP][PASSED] - isRequiredTextPresent = true: null

04-10-2024T23:50:44 - [TEST_STEP][PASSED] - println(isRequiredTextPresent): null

04-10-2024T23:50:44 - [TEST_STEP][PASSED] - if (isRequiredTextPresent): null

04-10-2024T23:50:44 - [TEST_STEP][PASSED] - if (verifyTextPresent("UDF2 Label:", false)): null

04-10-2024T23:50:44 - [MESSAGE][PASSED] - Text 'UDF2 Label:' is present on page 

04-10-2024T23:50:44 - [TEST_STEP][PASSED] - isRequiredTextPresent = true: null

04-10-2024T23:50:44 - [TEST_STEP][PASSED] - println(isRequiredTextPresent): null

04-10-2024T23:50:44 - [TEST_STEP][PASSED] - if (isRequiredTextPresent): null

04-10-2024T23:50:44 - [TEST_STEP][PASSED] - if (verifyTextPresent("UDF3 Label:", false)): null

04-10-2024T23:50:44 - [MESSAGE][PASSED] - Text 'UDF3 Label:' is present on page 

04-10-2024T23:50:44 - [TEST_STEP][PASSED] - isRequiredTextPresent = true: null

04-10-2024T23:50:44 - [TEST_STEP][PASSED] - println(isRequiredTextPresent): null

04-10-2024T23:50:44 - [TEST_STEP][PASSED] - if (isRequiredTextPresent): null

04-10-2024T23:50:44 - [TEST_STEP][PASSED] - if (verifyTextPresent("UDF4 Label:", false)): null

04-10-2024T23:50:45 - [MESSAGE][PASSED] - Text 'UDF4 Label:' is present on page 

04-10-2024T23:50:45 - [TEST_STEP][PASSED] - isRequiredTextPresent = true: null

04-10-2024T23:50:45 - [TEST_STEP][PASSED] - println(isRequiredTextPresent): null

04-10-2024T23:50:45 - [TEST_STEP][PASSED] - if (isRequiredTextPresent): null

04-10-2024T23:50:45 - [TEST_STEP][PASSED] - if (verifyTextPresent("UDF7 Label:", false)): null

04-10-2024T23:50:45 - [MESSAGE][PASSED] - Text 'UDF7 Label:' is present on page 

04-10-2024T23:50:45 - [TEST_STEP][PASSED] - isRequiredTextPresent = true: null

04-10-2024T23:50:45 - [TEST_STEP][PASSED] - println(isRequiredTextPresent): null

04-10-2024T23:50:45 - [TEST_STEP][PASSED] - if (isRequiredTextPresent): null

04-10-2024T23:50:45 - [TEST_STEP][PASSED] - if (verifyTextPresent("UDF8 Label:", false)): null

04-10-2024T23:50:45 - [MESSAGE][PASSED] - Text 'UDF8 Label:' is present on page 

04-10-2024T23:50:45 - [TEST_STEP][PASSED] - isRequiredTextPresent = true: null

04-10-2024T23:50:45 - [TEST_STEP][PASSED] - println(isRequiredTextPresent): null

04-10-2024T23:50:45 - [TEST_STEP][PASSED] - if (isRequiredTextPresent): null

04-10-2024T23:50:45 - [TEST_STEP][PASSED] - if (verifyTextPresent("UDF9 Label:", false)): null

04-10-2024T23:50:46 - [MESSAGE][PASSED] - Text 'UDF9 Label:' is present on page 

04-10-2024T23:50:46 - [TEST_STEP][PASSED] - isRequiredTextPresent = true: null

04-10-2024T23:50:46 - [TEST_STEP][PASSED] - println(isRequiredTextPresent): null

04-10-2024T23:50:46 - [TEST_STEP][PASSED] - if (isRequiredTextPresent): null

04-10-2024T23:50:46 - [TEST_STEP][PASSED] - if (verifyTextPresent("Transaction Type:", false)): null

04-10-2024T23:50:46 - [MESSAGE][PASSED] - Text 'Transaction Type:' is present on page 

04-10-2024T23:50:46 - [TEST_STEP][PASSED] - isRequiredTextPresent = true: null

04-10-2024T23:50:46 - [TEST_STEP][PASSED] - println(isRequiredTextPresent): null

04-10-2024T23:50:46 - [TEST_STEP][PASSED] - if (isRequiredTextPresent): null

04-10-2024T23:50:46 - [TEST_STEP][PASSED] - if (verifyTextPresent("Amount:", false)): null

04-10-2024T23:50:46 - [MESSAGE][PASSED] - Text 'Amount:' is present on page 

04-10-2024T23:50:46 - [TEST_STEP][PASSED] - isRequiredTextPresent = true: null

04-10-2024T23:50:46 - [TEST_STEP][PASSED] - println(isRequiredTextPresent): null

04-10-2024T23:50:46 - [TEST_STEP][PASSED] - if (isRequiredTextPresent): null

04-10-2024T23:50:46 - [TEST_STEP][PASSED] - if (verifyTextPresent("Card Information:", false)): null

04-10-2024T23:50:46 - [MESSAGE][PASSED] - Text 'Card Information:' is present on page 

04-10-2024T23:50:46 - [TEST_STEP][PASSED] - isRequiredTextPresent = true: null

04-10-2024T23:50:46 - [TEST_STEP][PASSED] - println(isRequiredTextPresent): null

04-10-2024T23:50:46 - [TEST_STEP][PASSED] - if (isRequiredTextPresent): null

04-10-2024T23:50:46 - [TEST_STEP][PASSED] - if (verifyTextPresent("Card Type:", false)): null

04-10-2024T23:50:47 - [MESSAGE][PASSED] - Text 'Card Type:' is present on page 

04-10-2024T23:50:47 - [TEST_STEP][PASSED] - isRequiredTextPresent = true: null

04-10-2024T23:50:47 - [TEST_STEP][PASSED] - println(isRequiredTextPresent): null

04-10-2024T23:50:47 - [TEST_STEP][PASSED] - if (isRequiredTextPresent): null

04-10-2024T23:50:47 - [TEST_STEP][PASSED] - if (verifyTextPresent("Name of Account:", false)): null

04-10-2024T23:50:47 - [MESSAGE][PASSED] - Text 'Name of Account:' is present on page 

04-10-2024T23:50:47 - [TEST_STEP][PASSED] - isRequiredTextPresent = true: null

04-10-2024T23:50:47 - [TEST_STEP][PASSED] - println(isRequiredTextPresent): null

04-10-2024T23:50:47 - [TEST_STEP][PASSED] - if (isRequiredTextPresent): null

04-10-2024T23:50:47 - [TEST_STEP][PASSED] - if (verifyTextPresent("Card Number:", false)): null

04-10-2024T23:50:47 - [MESSAGE][PASSED] - Text 'Card Number:' is present on page 

04-10-2024T23:50:47 - [TEST_STEP][PASSED] - isRequiredTextPresent = true: null

04-10-2024T23:50:47 - [TEST_STEP][PASSED] - println(isRequiredTextPresent): null

04-10-2024T23:50:47 - [TEST_STEP][PASSED] - if (isRequiredTextPresent): null

04-10-2024T23:50:47 - [TEST_STEP][PASSED] - if (verifyTextPresent("Expiration Date:", false)): null

04-10-2024T23:50:47 - [MESSAGE][PASSED] - Text 'Expiration Date:' is present on page 

04-10-2024T23:50:47 - [TEST_STEP][PASSED] - isRequiredTextPresent = true: null

04-10-2024T23:50:47 - [TEST_STEP][PASSED] - println(isRequiredTextPresent): null

04-10-2024T23:50:47 - [TEST_STEP][PASSED] - if (isRequiredTextPresent): null

04-10-2024T23:50:47 - [TEST_STEP][PASSED] - if (verifyTextPresent("Billing Information:", false)): null

04-10-2024T23:50:48 - [MESSAGE][PASSED] - Text 'Billing Information:' is present on page 

04-10-2024T23:50:48 - [TEST_STEP][PASSED] - isRequiredTextPresent = true: null

04-10-2024T23:50:48 - [TEST_STEP][PASSED] - println(isRequiredTextPresent): null

04-10-2024T23:50:48 - [TEST_STEP][PASSED] - if (isRequiredTextPresent): null

04-10-2024T23:50:48 - [TEST_STEP][PASSED] - if (verifyTextPresent("Address Line 1:", false)): null

04-10-2024T23:50:48 - [MESSAGE][PASSED] - Text 'Address Line 1:' is present on page 

04-10-2024T23:50:48 - [TEST_STEP][PASSED] - isRequiredTextPresent = true: null

04-10-2024T23:50:48 - [TEST_STEP][PASSED] - println(isRequiredTextPresent): null

04-10-2024T23:50:48 - [TEST_STEP][PASSED] - if (isRequiredTextPresent): null

04-10-2024T23:50:48 - [TEST_STEP][PASSED] - if (verifyTextPresent("Address Line 2:", false)): null

04-10-2024T23:50:48 - [MESSAGE][PASSED] - Text 'Address Line 2:' is present on page 

04-10-2024T23:50:48 - [TEST_STEP][PASSED] - isRequiredTextPresent = true: null

04-10-2024T23:50:48 - [TEST_STEP][PASSED] - println(isRequiredTextPresent): null

04-10-2024T23:50:48 - [TEST_STEP][PASSED] - if (isRequiredTextPresent): null

04-10-2024T23:50:48 - [TEST_STEP][PASSED] - if (verifyTextPresent("Country:", false)): null

04-10-2024T23:50:49 - [MESSAGE][PASSED] - Text 'Country:' is present on page 

04-10-2024T23:50:49 - [TEST_STEP][PASSED] - isRequiredTextPresent = true: null

04-10-2024T23:50:49 - [TEST_STEP][PASSED] - println(isRequiredTextPresent): null

04-10-2024T23:50:49 - [TEST_STEP][PASSED] - if (isRequiredTextPresent): null

04-10-2024T23:50:49 - [TEST_STEP][PASSED] - if (verifyTextPresent("City:", false)): null

04-10-2024T23:50:49 - [MESSAGE][PASSED] - Text 'City:' is present on page 

04-10-2024T23:50:49 - [TEST_STEP][PASSED] - isRequiredTextPresent = true: null

04-10-2024T23:50:49 - [TEST_STEP][PASSED] - println(isRequiredTextPresent): null

04-10-2024T23:50:49 - [TEST_STEP][PASSED] - if (isRequiredTextPresent): null

04-10-2024T23:50:49 - [TEST_STEP][PASSED] - if (verifyTextPresent("State:", false)): null

04-10-2024T23:50:49 - [MESSAGE][PASSED] - Text 'State:' is present on page 

04-10-2024T23:50:49 - [TEST_STEP][PASSED] - isRequiredTextPresent = true: null

04-10-2024T23:50:49 - [TEST_STEP][PASSED] - println(isRequiredTextPresent): null

04-10-2024T23:50:49 - [TEST_STEP][PASSED] - if (isRequiredTextPresent): null

04-10-2024T23:50:49 - [TEST_STEP][PASSED] - if (verifyTextPresent("Zip Code:", false)): null

04-10-2024T23:50:49 - [MESSAGE][PASSED] - Text 'Zip Code:' is present on page 

04-10-2024T23:50:49 - [TEST_STEP][PASSED] - isRequiredTextPresent = true: null

04-10-2024T23:50:49 - [TEST_STEP][PASSED] - println(isRequiredTextPresent): null

04-10-2024T23:50:49 - [TEST_STEP][PASSED] - if (isRequiredTextPresent): null

04-10-2024T23:50:49 - [TEST_STEP][PASSED] - if (verifyTextPresent("Plan Information:", false)): null

04-10-2024T23:50:50 - [MESSAGE][PASSED] - Text 'Plan Information:' is present on page 

04-10-2024T23:50:50 - [TEST_STEP][PASSED] - isRequiredTextPresent = true: null

04-10-2024T23:50:50 - [TEST_STEP][PASSED] - println(isRequiredTextPresent): null

04-10-2024T23:50:50 - [TEST_STEP][PASSED] - if (isRequiredTextPresent): null

04-10-2024T23:50:50 - [TEST_STEP][PASSED] - if (verifyTextPresent("Payment Plan Type:", false)): null

04-10-2024T23:50:50 - [MESSAGE][PASSED] - Text 'Payment Plan Type:' is present on page 

04-10-2024T23:50:50 - [TEST_STEP][PASSED] - isRequiredTextPresent = true: null

04-10-2024T23:50:50 - [TEST_STEP][PASSED] - println(isRequiredTextPresent): null

04-10-2024T23:50:50 - [TEST_STEP][PASSED] - if (isRequiredTextPresent): null

04-10-2024T23:50:50 - [TEST_STEP][PASSED] - if (verifyTextPresent("Payment Plan ID:", false)): null

04-10-2024T23:50:50 - [MESSAGE][PASSED] - Text 'Payment Plan ID:' is present on page 

04-10-2024T23:50:50 - [TEST_STEP][PASSED] - isRequiredTextPresent = true: null

04-10-2024T23:50:50 - [TEST_STEP][PASSED] - println(isRequiredTextPresent): null

04-10-2024T23:50:50 - [TEST_STEP][PASSED] - if (isRequiredTextPresent): null

04-10-2024T23:50:50 - [TEST_STEP][PASSED] - if (verifyTextPresent("Payment Date:", false)): null

04-10-2024T23:50:51 - [MESSAGE][PASSED] - Text 'Payment Date:' is present on page 

04-10-2024T23:50:51 - [TEST_STEP][PASSED] - isRequiredTextPresent = true: null

04-10-2024T23:50:51 - [TEST_STEP][PASSED] - println(isRequiredTextPresent): null

04-10-2024T23:50:51 - [TEST_STEP][PASSED] - if (isRequiredTextPresent == true): pages.WriteExcel.demoKey is PASSED

04-10-2024T23:50:51 - [TEST_STEP][PASSED] - println("All the relevant texts are present on Receipt Page"): null

04-10-2024T23:50:51 - [TEST_STEP][PASSED] - markPassed("All the relevant texts are present on Receipt Page"): All the relevant texts are present on Receipt Page

04-10-2024T23:50:51 - [MESSAGE][PASSED] - All the relevant texts are present on Receipt Page

04-10-2024T23:50:51 - [TEST_STEP][PASSED] - resText = "Pass": null

04-10-2024T23:50:51 - [TEST_STEP][PASSED] - pages.WriteExcel.demoKey(resText, datText, resColumn, datCloumn, fileLoc, nameSheet, row): pages.WriteExcel.demoKey is PASSED

04-10-2024T23:50:51 - [MESSAGE][PASSED] - pages.WriteExcel.demoKey is PASSED

04-10-2024T23:50:51 - [TEST_STEP][PASSED] - closeBrowser(): Browser is closed

04-10-2024T23:50:51 - [MESSAGE][PASSED] - Browser is closed]]></system-out>
         <system-err><![CDATA[]]></system-err>
      </testcase>
      <testcase name="Test Cases/IntegratedWeb/IWP25/Payments/VerifyCreateReceiptLabelsDeferredCorp" time="71.902" classname="Test Cases/IntegratedWeb/IWP25/Payments/VerifyCreateReceiptLabelsDeferredCorp" status="PASSED">
         <system-out><![CDATA[04-10-2024T23:50:51 - [TEST_CASE][PASSED] - Test Cases/IntegratedWeb/IWP25/Payments/VerifyCreateReceiptLabelsDeferredCorp: Test Cases/IntegratedWeb/IWP25/Payments/VerifyCreateReceiptLabelsDeferredCorp

04-10-2024T23:50:52 - [TEST_STEP][PASSED] - resText = "Fail": null

04-10-2024T23:50:52 - [TEST_STEP][PASSED] - resColumn = "Result": null

04-10-2024T23:50:52 - [TEST_STEP][PASSED] - datCloumn = "Date": null

04-10-2024T23:50:52 - [TEST_STEP][PASSED] - fileLoc = "KatalonData/IWPTestData/VRelay25PaymentsExtension.xlsx": null

04-10-2024T23:50:52 - [TEST_STEP][PASSED] - numOfRows = <not implemented yet for class: org.codehaus.groovy.ast.expr.EmptyExpression>: null

04-10-2024T23:50:52 - [TEST_STEP][PASSED] - dataFile = <not implemented yet for class: org.codehaus.groovy.ast.expr.EmptyExpression>: null

04-10-2024T23:50:52 - [TEST_STEP][PASSED] - nameSheet = <not implemented yet for class: org.codehaus.groovy.ast.expr.EmptyExpression>: null

04-10-2024T23:50:52 - [TEST_STEP][PASSED] - dataFileEmulator = <not implemented yet for class: org.codehaus.groovy.ast.expr.EmptyExpression>: null

04-10-2024T23:50:52 - [TEST_STEP][PASSED] - isRequiredTextPresent = false: null

04-10-2024T23:50:52 - [TEST_STEP][PASSED] - nameSheet = "VerifyCreateLabelDeferredCorp": null

04-10-2024T23:50:52 - [TEST_STEP][PASSED] - dataFile = getExcelDataWithDefaultSheet("KatalonData/IWPTestData/VRelay25PaymentsExtension.xlsx", nameSheet, true): null

04-10-2024T23:50:52 - [TEST_STEP][PASSED] - dataFileEmulator = "IWPTestData/EmulatorData": null

04-10-2024T23:50:52 - [TEST_STEP][PASSED] - numOfRows = dataFile.getRowNumbers(): null

04-10-2024T23:50:52 - [TEST_STEP][PASSED] - println("Number of Records: " + numOfRows): null

04-10-2024T23:50:52 - [TEST_STEP][PASSED] - for ([row = 1, row <= numOfRows, (row++)]): Browser is closed

04-10-2024T23:50:52 - [TEST_STEP][PASSED] - ExecuteTC = dataFile.getValue("Execute", row): null

04-10-2024T23:50:52 - [TEST_STEP][PASSED] - out.println("Value of Execute is : " + ExecuteTC): null

04-10-2024T23:50:52 - [TEST_STEP][PASSED] - if (ExecuteTC.equalsIgnoreCase("Y")): null

04-10-2024T23:50:52 - [TEST_STEP][PASSED] - out.println("Begin Record Number: " + row): null

04-10-2024T23:50:52 - [TEST_STEP][PASSED] - today = new java.util.Date(): null

04-10-2024T23:50:52 - [TEST_STEP][PASSED] - println(today): null

04-10-2024T23:50:52 - [TEST_STEP][PASSED] - datText = today: null

04-10-2024T23:50:52 - [TEST_STEP][PASSED] - EmulatorDataKey = dataFile.getValue("EmulatorData", row): null

04-10-2024T23:50:52 - [TEST_STEP][PASSED] - out.println("Value of Emulator Key is : " + EmulatorDataKey): null

04-10-2024T23:50:52 - [TEST_STEP][PASSED] - iwpPages.emulatorIWP30.setDataEmulator_DD(EmulatorDataKey): iwpPages.emulatorIWP30.setDataEmulator_DD is PASSED

04-10-2024T23:50:52 - [MESSAGE][INFO] - Starting 'Edge Chromium' driver

04-10-2024T23:50:52 - [MESSAGE][INFO] - User set preference: ['acceptInsecureCerts', 'true']

04-10-2024T23:50:54 - [MESSAGE][INFO] - Action delay is set to 0 milliseconds

04-10-2024T23:50:58 - [MESSAGE][PASSED] - Browser is opened with url: 'https://qa.velocitypayment.com/agency/config.do?action=editor&message_version=2_5'

04-10-2024T23:50:58 - [MESSAGE][PASSED] - Current window maximized

04-10-2024T23:50:59 - [MESSAGE][PASSED] - All options with value '2.5' are selected in object 'Object Repository/IWP30/Page_VRelay30Emulator/MV'  using regular expression

04-10-2024T23:50:59 - [MESSAGE][PASSED] - Text '10.50' is set on object 'Object Repository/IWP30/Page_VRelay30Emulator/Amount'

04-10-2024T23:51:00 - [MESSAGE][PASSED] - Text 'G2b7elvPC76i' is set on object 'Object Repository/IWP30/Page_VRelay30Emulator/CAN'

04-10-2024T23:51:01 - [MESSAGE][PASSED] - Text 'PayNow' is set on object 'Object Repository/IWP30/Page_VRelay30Emulator/Action'

04-10-2024T23:51:01 - [MESSAGE][PASSED] - Text 'en_US' is set on object 'Object Repository/IWP30/Page_VRelay30Emulator/Lang'

04-10-2024T23:51:02 - [MESSAGE][PASSED] - Text '' is set on object 'Object Repository/IWP30/Page_VRelay30Emulator/Fname'

04-10-2024T23:51:03 - [MESSAGE][PASSED] - Text '' is set on object 'Object Repository/IWP30/Page_VRelay30Emulator/Lname'

04-10-2024T23:51:03 - [MESSAGE][PASSED] - Text '' is set on object 'Object Repository/IWP30/Page_VRelay30Emulator/AL1'

04-10-2024T23:51:04 - [MESSAGE][PASSED] - Text '' is set on object 'Object Repository/IWP30/Page_VRelay30Emulator/AL2'

04-10-2024T23:51:04 - [MESSAGE][PASSED] - Text '' is set on object 'Object Repository/IWP30/Page_VRelay30Emulator/Country'

04-10-2024T23:51:05 - [MESSAGE][PASSED] - Text '' is set on object 'Object Repository/IWP30/Page_VRelay30Emulator/City'

04-10-2024T23:51:05 - [MESSAGE][PASSED] - Text '' is set on object 'Object Repository/IWP30/Page_VRelay30Emulator/State'

04-10-2024T23:51:06 - [MESSAGE][PASSED] - Text '' is set on object 'Object Repository/IWP30/Page_VRelay30Emulator/ZIP'

04-10-2024T23:51:07 - [MESSAGE][PASSED] - Text '' is set on object 'Object Repository/IWP30/Page_VRelay30Emulator/Order'

04-10-2024T23:51:07 - [MESSAGE][PASSED] - Text '' is set on object 'Object Repository/IWP30/Page_VRelay30Emulator/Company'

04-10-2024T23:51:08 - [MESSAGE][PASSED] - Text '' is set on object 'Object Repository/IWP30/Page_VRelay30Emulator/Email'

04-10-2024T23:51:08 - [MESSAGE][PASSED] - Text '' is set on object 'Object Repository/IWP30/Page_VRelay30Emulator/UDF1'

04-10-2024T23:51:09 - [MESSAGE][PASSED] - Text '' is set on object 'Object Repository/IWP30/Page_VRelay30Emulator/UDF2'

04-10-2024T23:51:09 - [MESSAGE][PASSED] - Text '' is set on object 'Object Repository/IWP30/Page_VRelay30Emulator/UDF3'

04-10-2024T23:51:10 - [MESSAGE][PASSED] - Text 'udf data 4' is set on object 'Object Repository/IWP30/Page_VRelay30Emulator/UDF4'

04-10-2024T23:51:11 - [MESSAGE][PASSED] - Text 'udf data 5' is set on object 'Object Repository/IWP30/Page_VRelay30Emulator/UDF5'

04-10-2024T23:51:11 - [MESSAGE][PASSED] - Text '' is set on object 'Object Repository/IWP30/Page_VRelay30Emulator/UDF6'

04-10-2024T23:51:12 - [MESSAGE][PASSED] - Text '' is set on object 'Object Repository/IWP30/Page_VRelay30Emulator/UDF7'

04-10-2024T23:51:12 - [MESSAGE][PASSED] - Text '' is set on object 'Object Repository/IWP30/Page_VRelay30Emulator/UDF8'

04-10-2024T23:51:13 - [MESSAGE][PASSED] - Text 'udf data 9' is set on object 'Object Repository/IWP30/Page_VRelay30Emulator/UDF9'

04-10-2024T23:51:13 - [MESSAGE][PASSED] - Text 'udf data 10' is set on object 'Object Repository/IWP30/Page_VRelay30Emulator/UDF10'

04-10-2024T23:51:15 - [MESSAGE][PASSED] - Object: 'Object Repository/IWP30/Page_VRelay30Emulator/Submit' is clicked on

04-10-2024T23:51:19 - [MESSAGE][PASSED] - Browser is closed

04-10-2024T23:51:23 - [MESSAGE][PASSED] - iwpPages.emulatorIWP30.setDataEmulator_DD is PASSED

04-10-2024T23:51:23 - [TEST_STEP][PASSED] - testHarnessURL = urlTestHarness: null

04-10-2024T23:51:23 - [TEST_STEP][PASSED] - openBrowser(testHarnessURL): Browser is opened with url: 'https://dev-algorithm.govolution.com/vrelaytest/QA/version_2_2/vrelaytest.html'

04-10-2024T23:51:23 - [MESSAGE][INFO] - Starting 'Edge Chromium' driver

04-10-2024T23:51:23 - [MESSAGE][INFO] - User set preference: ['acceptInsecureCerts', 'true']

04-10-2024T23:51:25 - [MESSAGE][INFO] - Action delay is set to 0 milliseconds

04-10-2024T23:51:29 - [MESSAGE][PASSED] - Browser is opened with url: 'https://dev-algorithm.govolution.com/vrelaytest/QA/version_2_2/vrelaytest.html'

04-10-2024T23:51:29 - [TEST_STEP][PASSED] - maximizeWindow(): Current window maximized

04-10-2024T23:51:29 - [MESSAGE][PASSED] - Current window maximized

04-10-2024T23:51:29 - [TEST_STEP][PASSED] - iwpPages.TestHarnessPage.setDataMethodEF(row, dataFile): iwpPages.TestHarnessPage.setDataMethodEF is PASSED

04-10-2024T23:51:29 - [MESSAGE][PASSED] - Object 'Object Repository/IWP30/Page_QATestHarness/RemittanceID' is present

04-10-2024T23:51:30 - [MESSAGE][PASSED] - Text '638' is set on object 'Object Repository/IWP30/Page_QATestHarness/ApplicationID'

04-10-2024T23:51:31 - [MESSAGE][PASSED] - Text '2.5' is set on object 'Object Repository/IWP30/Page_QATestHarness/MessageVersion'

04-10-2024T23:51:31 - [MESSAGE][PASSED] - Text 'ptOjzVX3A6RL' is set on object 'Object Repository/IWP30/Page_QATestHarness/RemittanceID'

04-10-2024T23:51:35 - [MESSAGE][PASSED] - Object: 'Object Repository/IWP30/Page_QATestHarness/SubmitButton' is clicked on

04-10-2024T23:51:35 - [MESSAGE][PASSED] - iwpPages.TestHarnessPage.setDataMethodEF is PASSED

04-10-2024T23:51:35 - [TEST_STEP][PASSED] - click(findTestObject("Object Repository/IWP30/Page_SelectPaymentMethod/PayByCorporateCheck")): Object: 'Object Repository/IWP30/Page_SelectPaymentMethod/PayByCorporateCheck' is clicked on

04-10-2024T23:51:36 - [MESSAGE][PASSED] - Object: 'Object Repository/IWP30/Page_SelectPaymentMethod/PayByCorporateCheck' is clicked on

04-10-2024T23:51:36 - [TEST_STEP][PASSED] - click(findTestObject("Object Repository/IWP30/Page_SelectPaymentMethod/MakePaymentButton")): Object: 'Object Repository/IWP30/Page_SelectPaymentMethod/MakePaymentButton' is clicked on

04-10-2024T23:51:37 - [MESSAGE][PASSED] - Object: 'Object Repository/IWP30/Page_SelectPaymentMethod/MakePaymentButton' is clicked on

04-10-2024T23:51:37 - [TEST_STEP][PASSED] - iwpPages.achCorporatePaymentEntryPage.setDataCorporate(row, dataFile): iwpPages.achCorporatePaymentEntryPage.setDataCorporate is PASSED

04-10-2024T23:51:38 - [MESSAGE][PASSED] - Object 'Object Repository/IWP30/Page_ACHCorporatePaymentEntry/txt_accountNumber' is present

04-10-2024T23:51:38 - [MESSAGE][PASSED] - Object 'Object Repository/IWP30/Page_ACHCorporatePaymentEntry/input_CompanyName' is present

04-10-2024T23:51:38 - [MESSAGE][PASSED] - Text 'My Company' is set on object 'Object Repository/IWP30/Page_ACHCorporatePaymentEntry/input_CompanyName'

04-10-2024T23:51:39 - [MESSAGE][PASSED] - Object 'Object Repository/IWP30/Page_ACHCorporatePaymentEntry/input_EIN' is present

04-10-2024T23:51:39 - [MESSAGE][PASSED] - Text '123456789' is set on object 'Object Repository/IWP30/Page_ACHCorporatePaymentEntry/input_EIN'

04-10-2024T23:51:40 - [MESSAGE][PASSED] - Text '10.50' is set on object 'Object Repository/IWP30/Page_ACHCorporatePaymentEntry/txt_Amount'

04-10-2024T23:51:40 - [MESSAGE][PASSED] - Text 'udf data 2' is set on object 'Object Repository/IWP30/Page_ACHCorporatePaymentEntry/txt_UDF2'

04-10-2024T23:51:41 - [MESSAGE][PASSED] - Text 'udf data 3' is set on object 'Object Repository/IWP30/Page_ACHCorporatePaymentEntry/txt_UDF3'

04-10-2024T23:51:42 - [MESSAGE][PASSED] - All options with label 'Orange' are selected in object 'Object Repository/IWP30/Page_ACHCorporatePaymentEntry/dd_UDF7' 

04-10-2024T23:51:42 - [MESSAGE][PASSED] - All options with label 'Soccer' are selected in object 'Object Repository/IWP30/Page_ACHCorporatePaymentEntry/dd_UDF8' 

04-10-2024T23:51:42 - [MESSAGE][PASSED] - Object 'Object Repository/IWP30/Page_ACHCorporatePaymentEntry/txt_routingNumber' is present

04-10-2024T23:51:43 - [MESSAGE][PASSED] - Text '256072691' is set on object 'Object Repository/IWP30/Page_ACHCorporatePaymentEntry/txt_routingNumber'

04-10-2024T23:51:43 - [MESSAGE][PASSED] - Object 'Object Repository/IWP30/Page_ACHCorporatePaymentEntry/txt_accountNumber' is present

04-10-2024T23:51:45 - [MESSAGE][PASSED] - Text '12344444' is set on object 'Object Repository/IWP30/Page_ACHCorporatePaymentEntry/txt_accountNumber'

04-10-2024T23:51:45 - [MESSAGE][PASSED] - Object 'Object Repository/IWP30/Page_ACHCorporatePaymentEntry/txt_confirmAccountNumber' is present

04-10-2024T23:51:46 - [MESSAGE][PASSED] - Text '12344444' is set on object 'Object Repository/IWP30/Page_ACHCorporatePaymentEntry/txt_confirmAccountNumber'

04-10-2024T23:51:46 - [MESSAGE][PASSED] - Execute JavaScript '
				   document.getElementById('processDate').value = '08/09/2025'
				  ' successfully

04-10-2024T23:51:46 - [MESSAGE][PASSED] - Text '365 Main Avenue' is set on object 'Object Repository/IWP30/Page_ACHCorporatePaymentEntry/txt_AL1'

04-10-2024T23:51:47 - [MESSAGE][PASSED] - Text 'Ohio' is set on object 'Object Repository/IWP30/Page_ACHCorporatePaymentEntry/txt_AL2'

04-10-2024T23:51:47 - [MESSAGE][PASSED] - Text '22201' is set on object 'Object Repository/IWP30/Page_ACHCorporatePaymentEntry/txt_ZIP'

04-10-2024T23:51:48 - [MESSAGE][PASSED] - Object 'Object Repository/IWP30/Page_ACHCorporatePaymentEntry/txt_Email' is present

04-10-2024T23:51:49 - [MESSAGE][PASSED] - Text 'iahmed@govolution.com' is set on object 'Object Repository/IWP30/Page_ACHCorporatePaymentEntry/txt_Email'

04-10-2024T23:51:49 - [MESSAGE][PASSED] - Object 'Object Repository/IWP30/Page_ACHCorporatePaymentEntry/cb_TermsAndCond' is present

04-10-2024T23:51:49 - [MESSAGE][PASSED] - Object: 'Object Repository/IWP30/Page_ACHCorporatePaymentEntry/cb_TermsAndCond' is clicked on

04-10-2024T23:51:50 - [MESSAGE][PASSED] - Object 'Object Repository/IWP30/Page_ACHCorporatePaymentEntry/btn_Continue' is present

04-10-2024T23:51:51 - [MESSAGE][PASSED] - Object: 'Object Repository/IWP30/Page_ACHCorporatePaymentEntry/btn_Continue' is clicked on

04-10-2024T23:51:51 - [MESSAGE][PASSED] - iwpPages.achCorporatePaymentEntryPage.setDataCorporate is PASSED

04-10-2024T23:51:51 - [TEST_STEP][PASSED] - click(findTestObject("Object Repository/IWP30/Page_Confirmation/ConfirmButton")): Object: 'Object Repository/IWP30/Page_Confirmation/ConfirmButton' is clicked on

04-10-2024T23:51:52 - [MESSAGE][PASSED] - Object: 'Object Repository/IWP30/Page_Confirmation/ConfirmButton' is clicked on

04-10-2024T23:51:52 - [TEST_STEP][PASSED] - Thread.sleep(2000): null

04-10-2024T23:51:54 - [TEST_STEP][PASSED] - if (verifyTextPresent("Deferred", false)): null

04-10-2024T23:51:55 - [MESSAGE][PASSED] - Text 'Deferred' is present on page 

04-10-2024T23:51:55 - [TEST_STEP][PASSED] - if (verifyTextPresent("Your payment plan has been successfully created", false)): null

04-10-2024T23:51:55 - [MESSAGE][PASSED] - Text 'Your payment plan has been successfully created' is present on page 

04-10-2024T23:51:55 - [TEST_STEP][PASSED] - isRequiredTextPresent = true: null

04-10-2024T23:51:55 - [TEST_STEP][PASSED] - println(isRequiredTextPresent): null

04-10-2024T23:51:55 - [TEST_STEP][PASSED] - if (isRequiredTextPresent): null

04-10-2024T23:51:55 - [TEST_STEP][PASSED] - if (verifyTextPresent("CAN Label:", false)): null

04-10-2024T23:51:55 - [MESSAGE][PASSED] - Text 'CAN Label:' is present on page 

04-10-2024T23:51:55 - [TEST_STEP][PASSED] - isRequiredTextPresent = true: null

04-10-2024T23:51:55 - [TEST_STEP][PASSED] - println(isRequiredTextPresent): null

04-10-2024T23:51:55 - [TEST_STEP][PASSED] - if (isRequiredTextPresent): null

04-10-2024T23:51:55 - [TEST_STEP][PASSED] - if (verifyTextPresent("Remittance ID:", false)): null

04-10-2024T23:51:55 - [MESSAGE][PASSED] - Text 'Remittance ID:' is present on page 

04-10-2024T23:51:55 - [TEST_STEP][PASSED] - isRequiredTextPresent = true: null

04-10-2024T23:51:55 - [TEST_STEP][PASSED] - println(isRequiredTextPresent): null

04-10-2024T23:51:55 - [TEST_STEP][PASSED] - if (isRequiredTextPresent): null

04-10-2024T23:51:55 - [TEST_STEP][PASSED] - if (verifyTextPresent("UDF2 Label:", false)): null

04-10-2024T23:51:56 - [MESSAGE][PASSED] - Text 'UDF2 Label:' is present on page 

04-10-2024T23:51:56 - [TEST_STEP][PASSED] - isRequiredTextPresent = true: null

04-10-2024T23:51:56 - [TEST_STEP][PASSED] - println(isRequiredTextPresent): null

04-10-2024T23:51:56 - [TEST_STEP][PASSED] - if (isRequiredTextPresent): null

04-10-2024T23:51:56 - [TEST_STEP][PASSED] - if (verifyTextPresent("UDF3 Label:", false)): null

04-10-2024T23:51:56 - [MESSAGE][PASSED] - Text 'UDF3 Label:' is present on page 

04-10-2024T23:51:56 - [TEST_STEP][PASSED] - isRequiredTextPresent = true: null

04-10-2024T23:51:56 - [TEST_STEP][PASSED] - println(isRequiredTextPresent): null

04-10-2024T23:51:56 - [TEST_STEP][PASSED] - if (isRequiredTextPresent): null

04-10-2024T23:51:56 - [TEST_STEP][PASSED] - if (verifyTextPresent("UDF4 Label:", false)): null

04-10-2024T23:51:56 - [MESSAGE][PASSED] - Text 'UDF4 Label:' is present on page 

04-10-2024T23:51:56 - [TEST_STEP][PASSED] - isRequiredTextPresent = true: null

04-10-2024T23:51:56 - [TEST_STEP][PASSED] - println(isRequiredTextPresent): null

04-10-2024T23:51:56 - [TEST_STEP][PASSED] - if (isRequiredTextPresent): null

04-10-2024T23:51:56 - [TEST_STEP][PASSED] - if (verifyTextPresent("UDF7 Label:", false)): null

04-10-2024T23:51:57 - [MESSAGE][PASSED] - Text 'UDF7 Label:' is present on page 

04-10-2024T23:51:57 - [TEST_STEP][PASSED] - isRequiredTextPresent = true: null

04-10-2024T23:51:57 - [TEST_STEP][PASSED] - println(isRequiredTextPresent): null

04-10-2024T23:51:57 - [TEST_STEP][PASSED] - if (isRequiredTextPresent): null

04-10-2024T23:51:57 - [TEST_STEP][PASSED] - if (verifyTextPresent("UDF8 Label:", false)): null

04-10-2024T23:51:57 - [MESSAGE][PASSED] - Text 'UDF8 Label:' is present on page 

04-10-2024T23:51:57 - [TEST_STEP][PASSED] - isRequiredTextPresent = true: null

04-10-2024T23:51:57 - [TEST_STEP][PASSED] - println(isRequiredTextPresent): null

04-10-2024T23:51:57 - [TEST_STEP][PASSED] - if (isRequiredTextPresent): null

04-10-2024T23:51:57 - [TEST_STEP][PASSED] - if (verifyTextPresent("UDF9 Label:", false)): null

04-10-2024T23:51:57 - [MESSAGE][PASSED] - Text 'UDF9 Label:' is present on page 

04-10-2024T23:51:57 - [TEST_STEP][PASSED] - isRequiredTextPresent = true: null

04-10-2024T23:51:57 - [TEST_STEP][PASSED] - println(isRequiredTextPresent): null

04-10-2024T23:51:57 - [TEST_STEP][PASSED] - if (isRequiredTextPresent): null

04-10-2024T23:51:57 - [TEST_STEP][PASSED] - if (verifyTextPresent("Transaction Type:", false)): null

04-10-2024T23:51:57 - [MESSAGE][PASSED] - Text 'Transaction Type:' is present on page 

04-10-2024T23:51:57 - [TEST_STEP][PASSED] - isRequiredTextPresent = true: null

04-10-2024T23:51:57 - [TEST_STEP][PASSED] - println(isRequiredTextPresent): null

04-10-2024T23:51:57 - [TEST_STEP][PASSED] - if (isRequiredTextPresent): null

04-10-2024T23:51:57 - [TEST_STEP][PASSED] - if (verifyTextPresent("Amount:", false)): null

04-10-2024T23:51:58 - [MESSAGE][PASSED] - Text 'Amount:' is present on page 

04-10-2024T23:51:58 - [TEST_STEP][PASSED] - isRequiredTextPresent = true: null

04-10-2024T23:51:58 - [TEST_STEP][PASSED] - println(isRequiredTextPresent): null

04-10-2024T23:51:58 - [TEST_STEP][PASSED] - if (isRequiredTextPresent): null

04-10-2024T23:51:58 - [TEST_STEP][PASSED] - if (verifyTextPresent("Check Information:", false)): null

04-10-2024T23:51:58 - [MESSAGE][PASSED] - Text 'Check Information:' is present on page 

04-10-2024T23:51:58 - [TEST_STEP][PASSED] - isRequiredTextPresent = true: null

04-10-2024T23:51:58 - [TEST_STEP][PASSED] - println(isRequiredTextPresent): null

04-10-2024T23:51:58 - [TEST_STEP][PASSED] - if (isRequiredTextPresent): null

04-10-2024T23:51:58 - [TEST_STEP][PASSED] - if (verifyTextPresent("Account Type:", false)): null

04-10-2024T23:51:58 - [MESSAGE][PASSED] - Text 'Account Type:' is present on page 

04-10-2024T23:51:58 - [TEST_STEP][PASSED] - isRequiredTextPresent = true: null

04-10-2024T23:51:58 - [TEST_STEP][PASSED] - println(isRequiredTextPresent): null

04-10-2024T23:51:58 - [TEST_STEP][PASSED] - if (isRequiredTextPresent): null

04-10-2024T23:51:58 - [TEST_STEP][PASSED] - if (verifyTextPresent("Employer Identification Number(EIN):", false)): null

04-10-2024T23:51:59 - [MESSAGE][PASSED] - Text 'Employer Identification Number(EIN):' is present on page 

04-10-2024T23:51:59 - [TEST_STEP][PASSED] - isRequiredTextPresent = true: null

04-10-2024T23:51:59 - [TEST_STEP][PASSED] - println(isRequiredTextPresent): null

04-10-2024T23:51:59 - [TEST_STEP][PASSED] - if (isRequiredTextPresent): null

04-10-2024T23:51:59 - [TEST_STEP][PASSED] - if (verifyTextPresent("Account Number:", false)): null

04-10-2024T23:51:59 - [MESSAGE][PASSED] - Text 'Account Number:' is present on page 

04-10-2024T23:51:59 - [TEST_STEP][PASSED] - isRequiredTextPresent = true: null

04-10-2024T23:51:59 - [TEST_STEP][PASSED] - println(isRequiredTextPresent): null

04-10-2024T23:51:59 - [TEST_STEP][PASSED] - if (isRequiredTextPresent): null

04-10-2024T23:51:59 - [TEST_STEP][PASSED] - if (verifyTextPresent("Routing Number:", false)): null

04-10-2024T23:51:59 - [MESSAGE][PASSED] - Text 'Routing Number:' is present on page 

04-10-2024T23:51:59 - [TEST_STEP][PASSED] - isRequiredTextPresent = true: null

04-10-2024T23:51:59 - [TEST_STEP][PASSED] - println(isRequiredTextPresent): null

04-10-2024T23:51:59 - [TEST_STEP][PASSED] - if (isRequiredTextPresent): null

04-10-2024T23:51:59 - [TEST_STEP][PASSED] - if (verifyTextPresent("Company Name:", false)): null

04-10-2024T23:51:59 - [MESSAGE][PASSED] - Text 'Company Name:' is present on page 

04-10-2024T23:51:59 - [TEST_STEP][PASSED] - isRequiredTextPresent = true: null

04-10-2024T23:51:59 - [TEST_STEP][PASSED] - println(isRequiredTextPresent): null

04-10-2024T23:51:59 - [TEST_STEP][PASSED] - if (isRequiredTextPresent): null

04-10-2024T23:51:59 - [TEST_STEP][PASSED] - if (verifyTextPresent("Billing Information:", false)): null

04-10-2024T23:52:00 - [MESSAGE][PASSED] - Text 'Billing Information:' is present on page 

04-10-2024T23:52:00 - [TEST_STEP][PASSED] - isRequiredTextPresent = true: null

04-10-2024T23:52:00 - [TEST_STEP][PASSED] - println(isRequiredTextPresent): null

04-10-2024T23:52:00 - [TEST_STEP][PASSED] - if (isRequiredTextPresent): null

04-10-2024T23:52:00 - [TEST_STEP][PASSED] - if (verifyTextPresent("Address Line 1:", false)): null

04-10-2024T23:52:00 - [MESSAGE][PASSED] - Text 'Address Line 1:' is present on page 

04-10-2024T23:52:00 - [TEST_STEP][PASSED] - isRequiredTextPresent = true: null

04-10-2024T23:52:00 - [TEST_STEP][PASSED] - println(isRequiredTextPresent): null

04-10-2024T23:52:00 - [TEST_STEP][PASSED] - if (isRequiredTextPresent): null

04-10-2024T23:52:00 - [TEST_STEP][PASSED] - if (verifyTextPresent("Address Line 2:", false)): null

04-10-2024T23:52:00 - [MESSAGE][PASSED] - Text 'Address Line 2:' is present on page 

04-10-2024T23:52:00 - [TEST_STEP][PASSED] - isRequiredTextPresent = true: null

04-10-2024T23:52:00 - [TEST_STEP][PASSED] - println(isRequiredTextPresent): null

04-10-2024T23:52:00 - [TEST_STEP][PASSED] - if (isRequiredTextPresent): null

04-10-2024T23:52:00 - [TEST_STEP][PASSED] - if (verifyTextPresent("Country:", false)): null

04-10-2024T23:52:01 - [MESSAGE][PASSED] - Text 'Country:' is present on page 

04-10-2024T23:52:01 - [TEST_STEP][PASSED] - isRequiredTextPresent = true: null

04-10-2024T23:52:01 - [TEST_STEP][PASSED] - println(isRequiredTextPresent): null

04-10-2024T23:52:01 - [TEST_STEP][PASSED] - if (isRequiredTextPresent): null

04-10-2024T23:52:01 - [TEST_STEP][PASSED] - if (verifyTextPresent("City:", false)): null

04-10-2024T23:52:01 - [MESSAGE][PASSED] - Text 'City:' is present on page 

04-10-2024T23:52:01 - [TEST_STEP][PASSED] - isRequiredTextPresent = true: null

04-10-2024T23:52:01 - [TEST_STEP][PASSED] - println(isRequiredTextPresent): null

04-10-2024T23:52:01 - [TEST_STEP][PASSED] - if (isRequiredTextPresent): null

04-10-2024T23:52:01 - [TEST_STEP][PASSED] - if (verifyTextPresent("State:", false)): null

04-10-2024T23:52:01 - [MESSAGE][PASSED] - Text 'State:' is present on page 

04-10-2024T23:52:01 - [TEST_STEP][PASSED] - isRequiredTextPresent = true: null

04-10-2024T23:52:01 - [TEST_STEP][PASSED] - println(isRequiredTextPresent): null

04-10-2024T23:52:01 - [TEST_STEP][PASSED] - if (isRequiredTextPresent): null

04-10-2024T23:52:01 - [TEST_STEP][PASSED] - if (verifyTextPresent("Zip Code:", false)): null

04-10-2024T23:52:01 - [MESSAGE][PASSED] - Text 'Zip Code:' is present on page 

04-10-2024T23:52:01 - [TEST_STEP][PASSED] - isRequiredTextPresent = true: null

04-10-2024T23:52:01 - [TEST_STEP][PASSED] - println(isRequiredTextPresent): null

04-10-2024T23:52:01 - [TEST_STEP][PASSED] - if (isRequiredTextPresent): null

04-10-2024T23:52:01 - [TEST_STEP][PASSED] - if (verifyTextPresent("Plan Information:", false)): null

04-10-2024T23:52:02 - [MESSAGE][PASSED] - Text 'Plan Information:' is present on page 

04-10-2024T23:52:02 - [TEST_STEP][PASSED] - isRequiredTextPresent = true: null

04-10-2024T23:52:02 - [TEST_STEP][PASSED] - println(isRequiredTextPresent): null

04-10-2024T23:52:02 - [TEST_STEP][PASSED] - if (isRequiredTextPresent): null

04-10-2024T23:52:02 - [TEST_STEP][PASSED] - if (verifyTextPresent("Payment Plan Type:", false)): null

04-10-2024T23:52:02 - [MESSAGE][PASSED] - Text 'Payment Plan Type:' is present on page 

04-10-2024T23:52:02 - [TEST_STEP][PASSED] - isRequiredTextPresent = true: null

04-10-2024T23:52:02 - [TEST_STEP][PASSED] - println(isRequiredTextPresent): null

04-10-2024T23:52:02 - [TEST_STEP][PASSED] - if (isRequiredTextPresent): null

04-10-2024T23:52:02 - [TEST_STEP][PASSED] - if (verifyTextPresent("Payment Plan ID:", false)): null

04-10-2024T23:52:02 - [MESSAGE][PASSED] - Text 'Payment Plan ID:' is present on page 

04-10-2024T23:52:02 - [TEST_STEP][PASSED] - isRequiredTextPresent = true: null

04-10-2024T23:52:02 - [TEST_STEP][PASSED] - println(isRequiredTextPresent): null

04-10-2024T23:52:02 - [TEST_STEP][PASSED] - if (isRequiredTextPresent): null

04-10-2024T23:52:02 - [TEST_STEP][PASSED] - if (verifyTextPresent("Payment Date:", false)): null

04-10-2024T23:52:03 - [MESSAGE][PASSED] - Text 'Payment Date:' is present on page 

04-10-2024T23:52:03 - [TEST_STEP][PASSED] - isRequiredTextPresent = true: null

04-10-2024T23:52:03 - [TEST_STEP][PASSED] - println(isRequiredTextPresent): null

04-10-2024T23:52:03 - [TEST_STEP][PASSED] - if (isRequiredTextPresent == true): pages.WriteExcel.demoKey is PASSED

04-10-2024T23:52:03 - [TEST_STEP][PASSED] - println("All the relevant texts are present on Receipt Page"): null

04-10-2024T23:52:03 - [TEST_STEP][PASSED] - markPassed("All the relevant texts are present on Receipt Page"): All the relevant texts are present on Receipt Page

04-10-2024T23:52:03 - [MESSAGE][PASSED] - All the relevant texts are present on Receipt Page

04-10-2024T23:52:03 - [TEST_STEP][PASSED] - resText = "Pass": null

04-10-2024T23:52:03 - [TEST_STEP][PASSED] - pages.WriteExcel.demoKey(resText, datText, resColumn, datCloumn, fileLoc, nameSheet, row): pages.WriteExcel.demoKey is PASSED

04-10-2024T23:52:03 - [MESSAGE][PASSED] - pages.WriteExcel.demoKey is PASSED

04-10-2024T23:52:03 - [TEST_STEP][PASSED] - closeBrowser(): Browser is closed

04-10-2024T23:52:03 - [MESSAGE][PASSED] - Browser is closed]]></system-out>
         <system-err><![CDATA[]]></system-err>
      </testcase>
      <testcase name="Test Cases/IntegratedWeb/IWP25/Payments/VerifyCreateReceiptLabelsDeferredPC" time="70.986" classname="Test Cases/IntegratedWeb/IWP25/Payments/VerifyCreateReceiptLabelsDeferredPC" status="PASSED">
         <system-out><![CDATA[04-10-2024T23:52:03 - [TEST_CASE][PASSED] - Test Cases/IntegratedWeb/IWP25/Payments/VerifyCreateReceiptLabelsDeferredPC: Test Cases/IntegratedWeb/IWP25/Payments/VerifyCreateReceiptLabelsDeferredPC

04-10-2024T23:52:04 - [TEST_STEP][PASSED] - resText = "Fail": null

04-10-2024T23:52:04 - [TEST_STEP][PASSED] - resColumn = "Result": null

04-10-2024T23:52:04 - [TEST_STEP][PASSED] - datCloumn = "Date": null

04-10-2024T23:52:04 - [TEST_STEP][PASSED] - fileLoc = "KatalonData/IWPTestData/VRelay25PaymentsExtension.xlsx": null

04-10-2024T23:52:04 - [TEST_STEP][PASSED] - numOfRows = <not implemented yet for class: org.codehaus.groovy.ast.expr.EmptyExpression>: null

04-10-2024T23:52:04 - [TEST_STEP][PASSED] - dataFile = <not implemented yet for class: org.codehaus.groovy.ast.expr.EmptyExpression>: null

04-10-2024T23:52:04 - [TEST_STEP][PASSED] - nameSheet = <not implemented yet for class: org.codehaus.groovy.ast.expr.EmptyExpression>: null

04-10-2024T23:52:04 - [TEST_STEP][PASSED] - dataFileEmulator = <not implemented yet for class: org.codehaus.groovy.ast.expr.EmptyExpression>: null

04-10-2024T23:52:04 - [TEST_STEP][PASSED] - isRequiredTextPresent = false: null

04-10-2024T23:52:04 - [TEST_STEP][PASSED] - nameSheet = "VerifyCreateLabelDeferredPC": null

04-10-2024T23:52:04 - [TEST_STEP][PASSED] - dataFile = getExcelDataWithDefaultSheet("KatalonData/IWPTestData/VRelay25PaymentsExtension.xlsx", nameSheet, true): null

04-10-2024T23:52:04 - [TEST_STEP][PASSED] - dataFileEmulator = "IWPTestData/EmulatorData": null

04-10-2024T23:52:04 - [TEST_STEP][PASSED] - numOfRows = dataFile.getRowNumbers(): null

04-10-2024T23:52:04 - [TEST_STEP][PASSED] - println("Number of Records: " + numOfRows): null

04-10-2024T23:52:04 - [TEST_STEP][PASSED] - for ([row = 1, row <= numOfRows, (row++)]): Browser is closed

04-10-2024T23:52:04 - [TEST_STEP][PASSED] - ExecuteTC = dataFile.getValue("Execute", row): null

04-10-2024T23:52:04 - [TEST_STEP][PASSED] - out.println("Value of Execute is : " + ExecuteTC): null

04-10-2024T23:52:04 - [TEST_STEP][PASSED] - if (ExecuteTC.equalsIgnoreCase("Y")): null

04-10-2024T23:52:04 - [TEST_STEP][PASSED] - out.println("Begin Record Number: " + row): null

04-10-2024T23:52:04 - [TEST_STEP][PASSED] - today = new java.util.Date(): null

04-10-2024T23:52:04 - [TEST_STEP][PASSED] - println(today): null

04-10-2024T23:52:04 - [TEST_STEP][PASSED] - datText = today: null

04-10-2024T23:52:04 - [TEST_STEP][PASSED] - EmulatorDataKey = dataFile.getValue("EmulatorData", row): null

04-10-2024T23:52:04 - [TEST_STEP][PASSED] - out.println("Value of Emulator Key is : " + EmulatorDataKey): null

04-10-2024T23:52:04 - [TEST_STEP][PASSED] - iwpPages.emulatorIWP30.setDataEmulator_DD(EmulatorDataKey): iwpPages.emulatorIWP30.setDataEmulator_DD is PASSED

04-10-2024T23:52:04 - [MESSAGE][INFO] - Starting 'Edge Chromium' driver

04-10-2024T23:52:04 - [MESSAGE][INFO] - User set preference: ['acceptInsecureCerts', 'true']

04-10-2024T23:52:06 - [MESSAGE][INFO] - Action delay is set to 0 milliseconds

04-10-2024T23:52:09 - [MESSAGE][PASSED] - Browser is opened with url: 'https://qa.velocitypayment.com/agency/config.do?action=editor&message_version=2_5'

04-10-2024T23:52:10 - [MESSAGE][PASSED] - Current window maximized

04-10-2024T23:52:10 - [MESSAGE][PASSED] - All options with value '2.5' are selected in object 'Object Repository/IWP30/Page_VRelay30Emulator/MV'  using regular expression

04-10-2024T23:52:11 - [MESSAGE][PASSED] - Text '10.50' is set on object 'Object Repository/IWP30/Page_VRelay30Emulator/Amount'

04-10-2024T23:52:12 - [MESSAGE][PASSED] - Text 'GwVmGwE6wCcg' is set on object 'Object Repository/IWP30/Page_VRelay30Emulator/CAN'

04-10-2024T23:52:12 - [MESSAGE][PASSED] - Text 'PayNow' is set on object 'Object Repository/IWP30/Page_VRelay30Emulator/Action'

04-10-2024T23:52:13 - [MESSAGE][PASSED] - Text 'en_US' is set on object 'Object Repository/IWP30/Page_VRelay30Emulator/Lang'

04-10-2024T23:52:14 - [MESSAGE][PASSED] - Text '' is set on object 'Object Repository/IWP30/Page_VRelay30Emulator/Fname'

04-10-2024T23:52:14 - [MESSAGE][PASSED] - Text '' is set on object 'Object Repository/IWP30/Page_VRelay30Emulator/Lname'

04-10-2024T23:52:15 - [MESSAGE][PASSED] - Text '' is set on object 'Object Repository/IWP30/Page_VRelay30Emulator/AL1'

04-10-2024T23:52:15 - [MESSAGE][PASSED] - Text '' is set on object 'Object Repository/IWP30/Page_VRelay30Emulator/AL2'

04-10-2024T23:52:16 - [MESSAGE][PASSED] - Text '' is set on object 'Object Repository/IWP30/Page_VRelay30Emulator/Country'

04-10-2024T23:52:16 - [MESSAGE][PASSED] - Text '' is set on object 'Object Repository/IWP30/Page_VRelay30Emulator/City'

04-10-2024T23:52:17 - [MESSAGE][PASSED] - Text '' is set on object 'Object Repository/IWP30/Page_VRelay30Emulator/State'

04-10-2024T23:52:18 - [MESSAGE][PASSED] - Text '' is set on object 'Object Repository/IWP30/Page_VRelay30Emulator/ZIP'

04-10-2024T23:52:18 - [MESSAGE][PASSED] - Text '' is set on object 'Object Repository/IWP30/Page_VRelay30Emulator/Order'

04-10-2024T23:52:19 - [MESSAGE][PASSED] - Text '' is set on object 'Object Repository/IWP30/Page_VRelay30Emulator/Company'

04-10-2024T23:52:19 - [MESSAGE][PASSED] - Text '' is set on object 'Object Repository/IWP30/Page_VRelay30Emulator/Email'

04-10-2024T23:52:20 - [MESSAGE][PASSED] - Text '' is set on object 'Object Repository/IWP30/Page_VRelay30Emulator/UDF1'

04-10-2024T23:52:20 - [MESSAGE][PASSED] - Text '' is set on object 'Object Repository/IWP30/Page_VRelay30Emulator/UDF2'

04-10-2024T23:52:21 - [MESSAGE][PASSED] - Text '' is set on object 'Object Repository/IWP30/Page_VRelay30Emulator/UDF3'

04-10-2024T23:52:22 - [MESSAGE][PASSED] - Text 'udf data 4' is set on object 'Object Repository/IWP30/Page_VRelay30Emulator/UDF4'

04-10-2024T23:52:22 - [MESSAGE][PASSED] - Text 'udf data 5' is set on object 'Object Repository/IWP30/Page_VRelay30Emulator/UDF5'

04-10-2024T23:52:23 - [MESSAGE][PASSED] - Text '' is set on object 'Object Repository/IWP30/Page_VRelay30Emulator/UDF6'

04-10-2024T23:52:23 - [MESSAGE][PASSED] - Text '' is set on object 'Object Repository/IWP30/Page_VRelay30Emulator/UDF7'

04-10-2024T23:52:24 - [MESSAGE][PASSED] - Text '' is set on object 'Object Repository/IWP30/Page_VRelay30Emulator/UDF8'

04-10-2024T23:52:25 - [MESSAGE][PASSED] - Text 'udf data 9' is set on object 'Object Repository/IWP30/Page_VRelay30Emulator/UDF9'

04-10-2024T23:52:25 - [MESSAGE][PASSED] - Text 'udf data 10' is set on object 'Object Repository/IWP30/Page_VRelay30Emulator/UDF10'

04-10-2024T23:52:26 - [MESSAGE][PASSED] - Object: 'Object Repository/IWP30/Page_VRelay30Emulator/Submit' is clicked on

04-10-2024T23:52:31 - [MESSAGE][PASSED] - Browser is closed

04-10-2024T23:52:35 - [MESSAGE][PASSED] - iwpPages.emulatorIWP30.setDataEmulator_DD is PASSED

04-10-2024T23:52:35 - [TEST_STEP][PASSED] - testHarnessURL = urlTestHarness: null

04-10-2024T23:52:35 - [TEST_STEP][PASSED] - openBrowser(testHarnessURL): Browser is opened with url: 'https://dev-algorithm.govolution.com/vrelaytest/QA/version_2_2/vrelaytest.html'

04-10-2024T23:52:35 - [MESSAGE][INFO] - Starting 'Edge Chromium' driver

04-10-2024T23:52:35 - [MESSAGE][INFO] - User set preference: ['acceptInsecureCerts', 'true']

04-10-2024T23:52:37 - [MESSAGE][INFO] - Action delay is set to 0 milliseconds

04-10-2024T23:52:40 - [MESSAGE][PASSED] - Browser is opened with url: 'https://dev-algorithm.govolution.com/vrelaytest/QA/version_2_2/vrelaytest.html'

04-10-2024T23:52:40 - [TEST_STEP][PASSED] - maximizeWindow(): Current window maximized

04-10-2024T23:52:40 - [MESSAGE][PASSED] - Current window maximized

04-10-2024T23:52:40 - [TEST_STEP][PASSED] - iwpPages.TestHarnessPage.setDataMethodEF(row, dataFile): iwpPages.TestHarnessPage.setDataMethodEF is PASSED

04-10-2024T23:52:41 - [MESSAGE][PASSED] - Object 'Object Repository/IWP30/Page_QATestHarness/RemittanceID' is present

04-10-2024T23:52:41 - [MESSAGE][PASSED] - Text '638' is set on object 'Object Repository/IWP30/Page_QATestHarness/ApplicationID'

04-10-2024T23:52:42 - [MESSAGE][PASSED] - Text '2.5' is set on object 'Object Repository/IWP30/Page_QATestHarness/MessageVersion'

04-10-2024T23:52:43 - [MESSAGE][PASSED] - Text 'uNPKztZGvTjw' is set on object 'Object Repository/IWP30/Page_QATestHarness/RemittanceID'

04-10-2024T23:52:46 - [MESSAGE][PASSED] - Object: 'Object Repository/IWP30/Page_QATestHarness/SubmitButton' is clicked on

04-10-2024T23:52:46 - [MESSAGE][PASSED] - iwpPages.TestHarnessPage.setDataMethodEF is PASSED

04-10-2024T23:52:46 - [TEST_STEP][PASSED] - click(findTestObject("Object Repository/IWP30/Page_SelectPaymentMethod/PayByPersonalCheck")): Object: 'Object Repository/IWP30/Page_SelectPaymentMethod/PayByPersonalCheck' is clicked on

04-10-2024T23:52:46 - [MESSAGE][PASSED] - Object: 'Object Repository/IWP30/Page_SelectPaymentMethod/PayByPersonalCheck' is clicked on

04-10-2024T23:52:46 - [TEST_STEP][PASSED] - click(findTestObject("Object Repository/IWP30/Page_SelectPaymentMethod/MakePaymentButton")): Object: 'Object Repository/IWP30/Page_SelectPaymentMethod/MakePaymentButton' is clicked on

04-10-2024T23:52:48 - [MESSAGE][PASSED] - Object: 'Object Repository/IWP30/Page_SelectPaymentMethod/MakePaymentButton' is clicked on

04-10-2024T23:52:48 - [TEST_STEP][PASSED] - iwpPages.achPersonalPaymentEntryPage.setDataACHPPM(row, dataFile): iwpPages.achPersonalPaymentEntryPage.setDataACHPPM is PASSED

04-10-2024T23:52:48 - [MESSAGE][PASSED] - Object 'Object Repository/IWP30/Page_ACHPersonalPaymentEntry/txt_accountNumber' is present

04-10-2024T23:52:49 - [MESSAGE][PASSED] - Text '10.50' is set on object 'Object Repository/IWP30/Page_ACHPersonalPaymentEntry/txt_Amount'

04-10-2024T23:52:49 - [MESSAGE][PASSED] - Object 'Object Repository/IWP30/Page_ACHPersonalPaymentEntry/txt_UDF2' is present

04-10-2024T23:52:49 - [MESSAGE][PASSED] - Text 'udf data 2' is set on object 'Object Repository/IWP30/Page_ACHPersonalPaymentEntry/txt_UDF2'

04-10-2024T23:52:50 - [MESSAGE][PASSED] - Text 'udf data 3' is set on object 'Object Repository/IWP30/Page_ACHPersonalPaymentEntry/txt_UDF3'

04-10-2024T23:52:51 - [MESSAGE][PASSED] - All options with label 'Orange' are selected in object 'Object Repository/IWP30/Page_ACHPersonalPaymentEntry/dd_UDF7' 

04-10-2024T23:52:51 - [MESSAGE][PASSED] - All options with label 'Soccer' are selected in object 'Object Repository/IWP30/Page_ACHPersonalPaymentEntry/dd_UDF8' 

04-10-2024T23:52:51 - [MESSAGE][PASSED] - Object 'Object Repository/IWP30/Page_ACHPersonalPaymentEntry/txt_Firstname' is present

04-10-2024T23:52:52 - [MESSAGE][PASSED] - Text 'Elizath' is set on object 'Object Repository/IWP30/Page_ACHPersonalPaymentEntry/txt_Firstname'

04-10-2024T23:52:52 - [MESSAGE][PASSED] - Object 'Object Repository/IWP30/Page_ACHPersonalPaymentEntry/txt_Lastname' is present

04-10-2024T23:52:53 - [MESSAGE][PASSED] - Text 'Christine' is set on object 'Object Repository/IWP30/Page_ACHPersonalPaymentEntry/txt_Lastname'

04-10-2024T23:52:53 - [MESSAGE][PASSED] - Object 'Object Repository/IWP30/Page_ACHPersonalPaymentEntry/txt_routingNumber' is present

04-10-2024T23:52:54 - [MESSAGE][PASSED] - Text '256072691' is set on object 'Object Repository/IWP30/Page_ACHPersonalPaymentEntry/txt_routingNumber'

04-10-2024T23:52:54 - [MESSAGE][PASSED] - Object 'Object Repository/IWP30/Page_ACHPersonalPaymentEntry/txt_accountNumber' is present

04-10-2024T23:52:55 - [MESSAGE][PASSED] - Text '12344444' is set on object 'Object Repository/IWP30/Page_ACHPersonalPaymentEntry/txt_accountNumber'

04-10-2024T23:52:56 - [MESSAGE][PASSED] - Object 'Object Repository/IWP30/Page_ACHPersonalPaymentEntry/txt_confirmAccountNumber' is present

04-10-2024T23:52:56 - [MESSAGE][PASSED] - Text '12344444' is set on object 'Object Repository/IWP30/Page_ACHPersonalPaymentEntry/txt_confirmAccountNumber'

04-10-2024T23:52:57 - [MESSAGE][PASSED] - Object 'Object Repository/IWP30/Page_ACHPersonalPaymentEntry/rd_accountType' is present

04-10-2024T23:52:57 - [MESSAGE][PASSED] - Modify property of object successfully

04-10-2024T23:52:57 - [MESSAGE][PASSED] - Object: 'Object Repository/IWP30/Page_ACHPersonalPaymentEntry/rd_accountType' is clicked on

04-10-2024T23:52:57 - [MESSAGE][PASSED] - Execute JavaScript '
				   document.getElementById('processDate').value = '08/09/2025'
				  ' successfully

04-10-2024T23:52:58 - [MESSAGE][PASSED] - Text '365 Main Avenue' is set on object 'Object Repository/IWP30/Page_ACHPersonalPaymentEntry/txt_AL1'

04-10-2024T23:52:58 - [MESSAGE][PASSED] - Text 'Ohio' is set on object 'Object Repository/IWP30/Page_ACHPersonalPaymentEntry/txt_AL2'

04-10-2024T23:52:59 - [MESSAGE][PASSED] - Text '22201' is set on object 'Object Repository/IWP30/Page_ACHPersonalPaymentEntry/txt_ZIP'

04-10-2024T23:52:59 - [MESSAGE][PASSED] - Object 'Object Repository/IWP30/Page_ACHPersonalPaymentEntry/txt_Email' is present

04-10-2024T23:53:00 - [MESSAGE][PASSED] - Text 'iahmed@govolution.com' is set on object 'Object Repository/IWP30/Page_ACHPersonalPaymentEntry/txt_Email'

04-10-2024T23:53:00 - [MESSAGE][PASSED] - Object 'Object Repository/IWP30/Page_ACHPersonalPaymentEntry/cb_TermsAndCond' is present

04-10-2024T23:53:01 - [MESSAGE][PASSED] - Object: 'Object Repository/IWP30/Page_ACHPersonalPaymentEntry/cb_TermsAndCond' is clicked on

04-10-2024T23:53:01 - [MESSAGE][PASSED] - Object 'Object Repository/IWP30/Page_ACHPersonalPaymentEntry/btn_Continue' is present

04-10-2024T23:53:02 - [MESSAGE][PASSED] - Object: 'Object Repository/IWP30/Page_ACHPersonalPaymentEntry/btn_Continue' is clicked on

04-10-2024T23:53:02 - [MESSAGE][PASSED] - iwpPages.achPersonalPaymentEntryPage.setDataACHPPM is PASSED

04-10-2024T23:53:02 - [TEST_STEP][PASSED] - click(findTestObject("Object Repository/IWP30/Page_Confirmation/ConfirmButton")): Object: 'Object Repository/IWP30/Page_Confirmation/ConfirmButton' is clicked on

04-10-2024T23:53:04 - [MESSAGE][PASSED] - Object: 'Object Repository/IWP30/Page_Confirmation/ConfirmButton' is clicked on

04-10-2024T23:53:04 - [TEST_STEP][PASSED] - Thread.sleep(2000): null

04-10-2024T23:53:06 - [TEST_STEP][PASSED] - if (verifyTextPresent("Deferred", false)): null

04-10-2024T23:53:06 - [MESSAGE][PASSED] - Text 'Deferred' is present on page 

04-10-2024T23:53:06 - [TEST_STEP][PASSED] - if (verifyTextPresent("Your payment plan has been successfully created", false)): null

04-10-2024T23:53:06 - [MESSAGE][PASSED] - Text 'Your payment plan has been successfully created' is present on page 

04-10-2024T23:53:06 - [TEST_STEP][PASSED] - isRequiredTextPresent = true: null

04-10-2024T23:53:06 - [TEST_STEP][PASSED] - println(isRequiredTextPresent): null

04-10-2024T23:53:06 - [TEST_STEP][PASSED] - if (isRequiredTextPresent): null

04-10-2024T23:53:06 - [TEST_STEP][PASSED] - if (verifyTextPresent("CAN Label:", false)): null

04-10-2024T23:53:07 - [MESSAGE][PASSED] - Text 'CAN Label:' is present on page 

04-10-2024T23:53:07 - [TEST_STEP][PASSED] - isRequiredTextPresent = true: null

04-10-2024T23:53:07 - [TEST_STEP][PASSED] - println(isRequiredTextPresent): null

04-10-2024T23:53:07 - [TEST_STEP][PASSED] - if (isRequiredTextPresent): null

04-10-2024T23:53:07 - [TEST_STEP][PASSED] - if (verifyTextPresent("Remittance ID:", false)): null

04-10-2024T23:53:07 - [MESSAGE][PASSED] - Text 'Remittance ID:' is present on page 

04-10-2024T23:53:07 - [TEST_STEP][PASSED] - isRequiredTextPresent = true: null

04-10-2024T23:53:07 - [TEST_STEP][PASSED] - println(isRequiredTextPresent): null

04-10-2024T23:53:07 - [TEST_STEP][PASSED] - if (isRequiredTextPresent): null

04-10-2024T23:53:07 - [TEST_STEP][PASSED] - if (verifyTextPresent("UDF2 Label:", false)): null

04-10-2024T23:53:07 - [MESSAGE][PASSED] - Text 'UDF2 Label:' is present on page 

04-10-2024T23:53:07 - [TEST_STEP][PASSED] - isRequiredTextPresent = true: null

04-10-2024T23:53:07 - [TEST_STEP][PASSED] - println(isRequiredTextPresent): null

04-10-2024T23:53:07 - [TEST_STEP][PASSED] - if (isRequiredTextPresent): null

04-10-2024T23:53:07 - [TEST_STEP][PASSED] - if (verifyTextPresent("UDF3 Label:", false)): null

04-10-2024T23:53:07 - [MESSAGE][PASSED] - Text 'UDF3 Label:' is present on page 

04-10-2024T23:53:07 - [TEST_STEP][PASSED] - isRequiredTextPresent = true: null

04-10-2024T23:53:07 - [TEST_STEP][PASSED] - println(isRequiredTextPresent): null

04-10-2024T23:53:07 - [TEST_STEP][PASSED] - if (isRequiredTextPresent): null

04-10-2024T23:53:07 - [TEST_STEP][PASSED] - if (verifyTextPresent("UDF4 Label:", false)): null

04-10-2024T23:53:08 - [MESSAGE][PASSED] - Text 'UDF4 Label:' is present on page 

04-10-2024T23:53:08 - [TEST_STEP][PASSED] - isRequiredTextPresent = true: null

04-10-2024T23:53:08 - [TEST_STEP][PASSED] - println(isRequiredTextPresent): null

04-10-2024T23:53:08 - [TEST_STEP][PASSED] - if (isRequiredTextPresent): null

04-10-2024T23:53:08 - [TEST_STEP][PASSED] - if (verifyTextPresent("UDF7 Label:", false)): null

04-10-2024T23:53:08 - [MESSAGE][PASSED] - Text 'UDF7 Label:' is present on page 

04-10-2024T23:53:08 - [TEST_STEP][PASSED] - isRequiredTextPresent = true: null

04-10-2024T23:53:08 - [TEST_STEP][PASSED] - println(isRequiredTextPresent): null

04-10-2024T23:53:08 - [TEST_STEP][PASSED] - if (isRequiredTextPresent): null

04-10-2024T23:53:08 - [TEST_STEP][PASSED] - if (verifyTextPresent("UDF8 Label:", false)): null

04-10-2024T23:53:08 - [MESSAGE][PASSED] - Text 'UDF8 Label:' is present on page 

04-10-2024T23:53:08 - [TEST_STEP][PASSED] - isRequiredTextPresent = true: null

04-10-2024T23:53:08 - [TEST_STEP][PASSED] - println(isRequiredTextPresent): null

04-10-2024T23:53:08 - [TEST_STEP][PASSED] - if (isRequiredTextPresent): null

04-10-2024T23:53:08 - [TEST_STEP][PASSED] - if (verifyTextPresent("UDF9 Label:", false)): null

04-10-2024T23:53:08 - [MESSAGE][PASSED] - Text 'UDF9 Label:' is present on page 

04-10-2024T23:53:08 - [TEST_STEP][PASSED] - isRequiredTextPresent = true: null

04-10-2024T23:53:08 - [TEST_STEP][PASSED] - println(isRequiredTextPresent): null

04-10-2024T23:53:08 - [TEST_STEP][PASSED] - if (isRequiredTextPresent): null

04-10-2024T23:53:08 - [TEST_STEP][PASSED] - if (verifyTextPresent("Transaction Type:", false)): null

04-10-2024T23:53:09 - [MESSAGE][PASSED] - Text 'Transaction Type:' is present on page 

04-10-2024T23:53:09 - [TEST_STEP][PASSED] - isRequiredTextPresent = true: null

04-10-2024T23:53:09 - [TEST_STEP][PASSED] - println(isRequiredTextPresent): null

04-10-2024T23:53:09 - [TEST_STEP][PASSED] - if (isRequiredTextPresent): null

04-10-2024T23:53:09 - [TEST_STEP][PASSED] - if (verifyTextPresent("Amount:", false)): null

04-10-2024T23:53:09 - [MESSAGE][PASSED] - Text 'Amount:' is present on page 

04-10-2024T23:53:09 - [TEST_STEP][PASSED] - isRequiredTextPresent = true: null

04-10-2024T23:53:09 - [TEST_STEP][PASSED] - println(isRequiredTextPresent): null

04-10-2024T23:53:09 - [TEST_STEP][PASSED] - if (isRequiredTextPresent): null

04-10-2024T23:53:09 - [TEST_STEP][PASSED] - if (verifyTextPresent("Check Information:", false)): null

04-10-2024T23:53:09 - [MESSAGE][PASSED] - Text 'Check Information:' is present on page 

04-10-2024T23:53:09 - [TEST_STEP][PASSED] - isRequiredTextPresent = true: null

04-10-2024T23:53:09 - [TEST_STEP][PASSED] - println(isRequiredTextPresent): null

04-10-2024T23:53:09 - [TEST_STEP][PASSED] - if (isRequiredTextPresent): null

04-10-2024T23:53:09 - [TEST_STEP][PASSED] - if (verifyTextPresent("Account Type:", false)): null

04-10-2024T23:53:10 - [MESSAGE][PASSED] - Text 'Account Type:' is present on page 

04-10-2024T23:53:10 - [TEST_STEP][PASSED] - isRequiredTextPresent = true: null

04-10-2024T23:53:10 - [TEST_STEP][PASSED] - println(isRequiredTextPresent): null

04-10-2024T23:53:10 - [TEST_STEP][PASSED] - if (isRequiredTextPresent): null

04-10-2024T23:53:10 - [TEST_STEP][PASSED] - if (verifyTextPresent("Account Number:", false)): null

04-10-2024T23:53:10 - [MESSAGE][PASSED] - Text 'Account Number:' is present on page 

04-10-2024T23:53:10 - [TEST_STEP][PASSED] - isRequiredTextPresent = true: null

04-10-2024T23:53:10 - [TEST_STEP][PASSED] - println(isRequiredTextPresent): null

04-10-2024T23:53:10 - [TEST_STEP][PASSED] - if (isRequiredTextPresent): null

04-10-2024T23:53:10 - [TEST_STEP][PASSED] - if (verifyTextPresent("Routing Number:", false)): null

04-10-2024T23:53:10 - [MESSAGE][PASSED] - Text 'Routing Number:' is present on page 

04-10-2024T23:53:10 - [TEST_STEP][PASSED] - isRequiredTextPresent = true: null

04-10-2024T23:53:10 - [TEST_STEP][PASSED] - println(isRequiredTextPresent): null

04-10-2024T23:53:10 - [TEST_STEP][PASSED] - if (isRequiredTextPresent): null

04-10-2024T23:53:10 - [TEST_STEP][PASSED] - if (verifyTextPresent("Name of Account:", false)): null

04-10-2024T23:53:10 - [MESSAGE][PASSED] - Text 'Name of Account:' is present on page 

04-10-2024T23:53:10 - [TEST_STEP][PASSED] - isRequiredTextPresent = true: null

04-10-2024T23:53:10 - [TEST_STEP][PASSED] - println(isRequiredTextPresent): null

04-10-2024T23:53:10 - [TEST_STEP][PASSED] - if (isRequiredTextPresent): null

04-10-2024T23:53:10 - [TEST_STEP][PASSED] - if (verifyTextPresent("Billing Information:", false)): null

04-10-2024T23:53:11 - [MESSAGE][PASSED] - Text 'Billing Information:' is present on page 

04-10-2024T23:53:11 - [TEST_STEP][PASSED] - isRequiredTextPresent = true: null

04-10-2024T23:53:11 - [TEST_STEP][PASSED] - println(isRequiredTextPresent): null

04-10-2024T23:53:11 - [TEST_STEP][PASSED] - if (isRequiredTextPresent): null

04-10-2024T23:53:11 - [TEST_STEP][PASSED] - if (verifyTextPresent("Address Line 1:", false)): null

04-10-2024T23:53:11 - [MESSAGE][PASSED] - Text 'Address Line 1:' is present on page 

04-10-2024T23:53:11 - [TEST_STEP][PASSED] - isRequiredTextPresent = true: null

04-10-2024T23:53:11 - [TEST_STEP][PASSED] - println(isRequiredTextPresent): null

04-10-2024T23:53:11 - [TEST_STEP][PASSED] - if (isRequiredTextPresent): null

04-10-2024T23:53:11 - [TEST_STEP][PASSED] - if (verifyTextPresent("Address Line 2:", false)): null

04-10-2024T23:53:11 - [MESSAGE][PASSED] - Text 'Address Line 2:' is present on page 

04-10-2024T23:53:11 - [TEST_STEP][PASSED] - isRequiredTextPresent = true: null

04-10-2024T23:53:11 - [TEST_STEP][PASSED] - println(isRequiredTextPresent): null

04-10-2024T23:53:11 - [TEST_STEP][PASSED] - if (isRequiredTextPresent): null

04-10-2024T23:53:11 - [TEST_STEP][PASSED] - if (verifyTextPresent("Country:", false)): null

04-10-2024T23:53:12 - [MESSAGE][PASSED] - Text 'Country:' is present on page 

04-10-2024T23:53:12 - [TEST_STEP][PASSED] - isRequiredTextPresent = true: null

04-10-2024T23:53:12 - [TEST_STEP][PASSED] - println(isRequiredTextPresent): null

04-10-2024T23:53:12 - [TEST_STEP][PASSED] - if (isRequiredTextPresent): null

04-10-2024T23:53:12 - [TEST_STEP][PASSED] - if (verifyTextPresent("City:", false)): null

04-10-2024T23:53:12 - [MESSAGE][PASSED] - Text 'City:' is present on page 

04-10-2024T23:53:12 - [TEST_STEP][PASSED] - isRequiredTextPresent = true: null

04-10-2024T23:53:12 - [TEST_STEP][PASSED] - println(isRequiredTextPresent): null

04-10-2024T23:53:12 - [TEST_STEP][PASSED] - if (isRequiredTextPresent): null

04-10-2024T23:53:12 - [TEST_STEP][PASSED] - if (verifyTextPresent("State:", false)): null

04-10-2024T23:53:12 - [MESSAGE][PASSED] - Text 'State:' is present on page 

04-10-2024T23:53:12 - [TEST_STEP][PASSED] - isRequiredTextPresent = true: null

04-10-2024T23:53:12 - [TEST_STEP][PASSED] - println(isRequiredTextPresent): null

04-10-2024T23:53:12 - [TEST_STEP][PASSED] - if (isRequiredTextPresent): null

04-10-2024T23:53:12 - [TEST_STEP][PASSED] - if (verifyTextPresent("Zip Code:", false)): null

04-10-2024T23:53:12 - [MESSAGE][PASSED] - Text 'Zip Code:' is present on page 

04-10-2024T23:53:12 - [TEST_STEP][PASSED] - isRequiredTextPresent = true: null

04-10-2024T23:53:12 - [TEST_STEP][PASSED] - println(isRequiredTextPresent): null

04-10-2024T23:53:12 - [TEST_STEP][PASSED] - if (isRequiredTextPresent): null

04-10-2024T23:53:12 - [TEST_STEP][PASSED] - if (verifyTextPresent("Plan Information:", false)): null

04-10-2024T23:53:13 - [MESSAGE][PASSED] - Text 'Plan Information:' is present on page 

04-10-2024T23:53:13 - [TEST_STEP][PASSED] - isRequiredTextPresent = true: null

04-10-2024T23:53:13 - [TEST_STEP][PASSED] - println(isRequiredTextPresent): null

04-10-2024T23:53:13 - [TEST_STEP][PASSED] - if (isRequiredTextPresent): null

04-10-2024T23:53:13 - [TEST_STEP][PASSED] - if (verifyTextPresent("Payment Plan Type:", false)): null

04-10-2024T23:53:13 - [MESSAGE][PASSED] - Text 'Payment Plan Type:' is present on page 

04-10-2024T23:53:13 - [TEST_STEP][PASSED] - isRequiredTextPresent = true: null

04-10-2024T23:53:13 - [TEST_STEP][PASSED] - println(isRequiredTextPresent): null

04-10-2024T23:53:13 - [TEST_STEP][PASSED] - if (isRequiredTextPresent): null

04-10-2024T23:53:13 - [TEST_STEP][PASSED] - if (verifyTextPresent("Payment Plan ID:", false)): null

04-10-2024T23:53:13 - [MESSAGE][PASSED] - Text 'Payment Plan ID:' is present on page 

04-10-2024T23:53:13 - [TEST_STEP][PASSED] - isRequiredTextPresent = true: null

04-10-2024T23:53:13 - [TEST_STEP][PASSED] - println(isRequiredTextPresent): null

04-10-2024T23:53:13 - [TEST_STEP][PASSED] - if (isRequiredTextPresent): null

04-10-2024T23:53:13 - [TEST_STEP][PASSED] - if (verifyTextPresent("Payment Date:", false)): null

04-10-2024T23:53:14 - [MESSAGE][PASSED] - Text 'Payment Date:' is present on page 

04-10-2024T23:53:14 - [TEST_STEP][PASSED] - isRequiredTextPresent = true: null

04-10-2024T23:53:14 - [TEST_STEP][PASSED] - println(isRequiredTextPresent): null

04-10-2024T23:53:14 - [TEST_STEP][PASSED] - if (isRequiredTextPresent == true): pages.WriteExcel.demoKey is PASSED

04-10-2024T23:53:14 - [TEST_STEP][PASSED] - println("All the relevant texts are present on Receipt Page"): null

04-10-2024T23:53:14 - [TEST_STEP][PASSED] - markPassed("All the relevant texts are present on Receipt Page"): All the relevant texts are present on Receipt Page

04-10-2024T23:53:14 - [MESSAGE][PASSED] - All the relevant texts are present on Receipt Page

04-10-2024T23:53:14 - [TEST_STEP][PASSED] - resText = "Pass": null

04-10-2024T23:53:14 - [TEST_STEP][PASSED] - pages.WriteExcel.demoKey(resText, datText, resColumn, datCloumn, fileLoc, nameSheet, row): pages.WriteExcel.demoKey is PASSED

04-10-2024T23:53:14 - [MESSAGE][PASSED] - pages.WriteExcel.demoKey is PASSED

04-10-2024T23:53:14 - [TEST_STEP][PASSED] - closeBrowser(): Browser is closed

04-10-2024T23:53:14 - [MESSAGE][PASSED] - Browser is closed]]></system-out>
         <system-err><![CDATA[]]></system-err>
      </testcase>
      <testcase name="Test Cases/IntegratedWeb/IWP25/Payments/VerifyCreateReceiptLabelsDeferredPS" time="71.698" classname="Test Cases/IntegratedWeb/IWP25/Payments/VerifyCreateReceiptLabelsDeferredPS" status="PASSED">
         <system-out><![CDATA[04-10-2024T23:53:14 - [TEST_CASE][PASSED] - Test Cases/IntegratedWeb/IWP25/Payments/VerifyCreateReceiptLabelsDeferredPS: Test Cases/IntegratedWeb/IWP25/Payments/VerifyCreateReceiptLabelsDeferredPS

04-10-2024T23:53:15 - [TEST_STEP][PASSED] - resText = "Fail": null

04-10-2024T23:53:15 - [TEST_STEP][PASSED] - resColumn = "Result": null

04-10-2024T23:53:15 - [TEST_STEP][PASSED] - datCloumn = "Date": null

04-10-2024T23:53:15 - [TEST_STEP][PASSED] - fileLoc = "KatalonData/IWPTestData/VRelay25PaymentsExtension.xlsx": null

04-10-2024T23:53:15 - [TEST_STEP][PASSED] - numOfRows = <not implemented yet for class: org.codehaus.groovy.ast.expr.EmptyExpression>: null

04-10-2024T23:53:15 - [TEST_STEP][PASSED] - dataFile = <not implemented yet for class: org.codehaus.groovy.ast.expr.EmptyExpression>: null

04-10-2024T23:53:15 - [TEST_STEP][PASSED] - nameSheet = <not implemented yet for class: org.codehaus.groovy.ast.expr.EmptyExpression>: null

04-10-2024T23:53:15 - [TEST_STEP][PASSED] - dataFileEmulator = <not implemented yet for class: org.codehaus.groovy.ast.expr.EmptyExpression>: null

04-10-2024T23:53:15 - [TEST_STEP][PASSED] - isRequiredTextPresent = false: null

04-10-2024T23:53:15 - [TEST_STEP][PASSED] - nameSheet = "VerifyCreateLabelDeferredPS": null

04-10-2024T23:53:15 - [TEST_STEP][PASSED] - dataFile = getExcelDataWithDefaultSheet("KatalonData/IWPTestData/VRelay25PaymentsExtension.xlsx", nameSheet, true): null

04-10-2024T23:53:15 - [TEST_STEP][PASSED] - dataFileEmulator = "IWPTestData/EmulatorData": null

04-10-2024T23:53:15 - [TEST_STEP][PASSED] - numOfRows = dataFile.getRowNumbers(): null

04-10-2024T23:53:15 - [TEST_STEP][PASSED] - println("Number of Records: " + numOfRows): null

04-10-2024T23:53:15 - [TEST_STEP][PASSED] - for ([row = 1, row <= numOfRows, (row++)]): Browser is closed

04-10-2024T23:53:15 - [TEST_STEP][PASSED] - ExecuteTC = dataFile.getValue("Execute", row): null

04-10-2024T23:53:15 - [TEST_STEP][PASSED] - out.println("Value of Execute is : " + ExecuteTC): null

04-10-2024T23:53:15 - [TEST_STEP][PASSED] - if (ExecuteTC.equalsIgnoreCase("Y")): null

04-10-2024T23:53:15 - [TEST_STEP][PASSED] - out.println("Begin Record Number: " + row): null

04-10-2024T23:53:15 - [TEST_STEP][PASSED] - today = new java.util.Date(): null

04-10-2024T23:53:15 - [TEST_STEP][PASSED] - println(today): null

04-10-2024T23:53:15 - [TEST_STEP][PASSED] - datText = today: null

04-10-2024T23:53:15 - [TEST_STEP][PASSED] - EmulatorDataKey = dataFile.getValue("EmulatorData", row): null

04-10-2024T23:53:15 - [TEST_STEP][PASSED] - out.println("Value of Emulator Key is : " + EmulatorDataKey): null

04-10-2024T23:53:15 - [TEST_STEP][PASSED] - iwpPages.emulatorIWP30.setDataEmulator_DD(EmulatorDataKey): iwpPages.emulatorIWP30.setDataEmulator_DD is PASSED

04-10-2024T23:53:15 - [MESSAGE][INFO] - Starting 'Edge Chromium' driver

04-10-2024T23:53:15 - [MESSAGE][INFO] - User set preference: ['acceptInsecureCerts', 'true']

04-10-2024T23:53:17 - [MESSAGE][INFO] - Action delay is set to 0 milliseconds

04-10-2024T23:53:20 - [MESSAGE][PASSED] - Browser is opened with url: 'https://qa.velocitypayment.com/agency/config.do?action=editor&message_version=2_5'

04-10-2024T23:53:20 - [MESSAGE][PASSED] - Current window maximized

04-10-2024T23:53:21 - [MESSAGE][PASSED] - All options with value '2.5' are selected in object 'Object Repository/IWP30/Page_VRelay30Emulator/MV'  using regular expression

04-10-2024T23:53:22 - [MESSAGE][PASSED] - Text '10.50' is set on object 'Object Repository/IWP30/Page_VRelay30Emulator/Amount'

04-10-2024T23:53:23 - [MESSAGE][PASSED] - Text 'AVQPgmjGtD3n' is set on object 'Object Repository/IWP30/Page_VRelay30Emulator/CAN'

04-10-2024T23:53:23 - [MESSAGE][PASSED] - Text 'PayNow' is set on object 'Object Repository/IWP30/Page_VRelay30Emulator/Action'

04-10-2024T23:53:24 - [MESSAGE][PASSED] - Text 'en_US' is set on object 'Object Repository/IWP30/Page_VRelay30Emulator/Lang'

04-10-2024T23:53:24 - [MESSAGE][PASSED] - Text '' is set on object 'Object Repository/IWP30/Page_VRelay30Emulator/Fname'

04-10-2024T23:53:25 - [MESSAGE][PASSED] - Text '' is set on object 'Object Repository/IWP30/Page_VRelay30Emulator/Lname'

04-10-2024T23:53:26 - [MESSAGE][PASSED] - Text '' is set on object 'Object Repository/IWP30/Page_VRelay30Emulator/AL1'

04-10-2024T23:53:26 - [MESSAGE][PASSED] - Text '' is set on object 'Object Repository/IWP30/Page_VRelay30Emulator/AL2'

04-10-2024T23:53:27 - [MESSAGE][PASSED] - Text '' is set on object 'Object Repository/IWP30/Page_VRelay30Emulator/Country'

04-10-2024T23:53:27 - [MESSAGE][PASSED] - Text '' is set on object 'Object Repository/IWP30/Page_VRelay30Emulator/City'

04-10-2024T23:53:28 - [MESSAGE][PASSED] - Text '' is set on object 'Object Repository/IWP30/Page_VRelay30Emulator/State'

04-10-2024T23:53:29 - [MESSAGE][PASSED] - Text '' is set on object 'Object Repository/IWP30/Page_VRelay30Emulator/ZIP'

04-10-2024T23:53:29 - [MESSAGE][PASSED] - Text '' is set on object 'Object Repository/IWP30/Page_VRelay30Emulator/Order'

04-10-2024T23:53:30 - [MESSAGE][PASSED] - Text '' is set on object 'Object Repository/IWP30/Page_VRelay30Emulator/Company'

04-10-2024T23:53:30 - [MESSAGE][PASSED] - Text '' is set on object 'Object Repository/IWP30/Page_VRelay30Emulator/Email'

04-10-2024T23:53:31 - [MESSAGE][PASSED] - Text '' is set on object 'Object Repository/IWP30/Page_VRelay30Emulator/UDF1'

04-10-2024T23:53:31 - [MESSAGE][PASSED] - Text '' is set on object 'Object Repository/IWP30/Page_VRelay30Emulator/UDF2'

04-10-2024T23:53:32 - [MESSAGE][PASSED] - Text '' is set on object 'Object Repository/IWP30/Page_VRelay30Emulator/UDF3'

04-10-2024T23:53:33 - [MESSAGE][PASSED] - Text 'udf data 4' is set on object 'Object Repository/IWP30/Page_VRelay30Emulator/UDF4'

04-10-2024T23:53:33 - [MESSAGE][PASSED] - Text 'udf data 5' is set on object 'Object Repository/IWP30/Page_VRelay30Emulator/UDF5'

04-10-2024T23:53:34 - [MESSAGE][PASSED] - Text '' is set on object 'Object Repository/IWP30/Page_VRelay30Emulator/UDF6'

04-10-2024T23:53:34 - [MESSAGE][PASSED] - Text '' is set on object 'Object Repository/IWP30/Page_VRelay30Emulator/UDF7'

04-10-2024T23:53:35 - [MESSAGE][PASSED] - Text '' is set on object 'Object Repository/IWP30/Page_VRelay30Emulator/UDF8'

04-10-2024T23:53:35 - [MESSAGE][PASSED] - Text 'udf data 9' is set on object 'Object Repository/IWP30/Page_VRelay30Emulator/UDF9'

04-10-2024T23:53:36 - [MESSAGE][PASSED] - Text 'udf data 10' is set on object 'Object Repository/IWP30/Page_VRelay30Emulator/UDF10'

04-10-2024T23:53:37 - [MESSAGE][PASSED] - Object: 'Object Repository/IWP30/Page_VRelay30Emulator/Submit' is clicked on

04-10-2024T23:53:42 - [MESSAGE][PASSED] - Browser is closed

04-10-2024T23:53:46 - [MESSAGE][PASSED] - iwpPages.emulatorIWP30.setDataEmulator_DD is PASSED

04-10-2024T23:53:46 - [TEST_STEP][PASSED] - testHarnessURL = urlTestHarness: null

04-10-2024T23:53:46 - [TEST_STEP][PASSED] - openBrowser(testHarnessURL): Browser is opened with url: 'https://dev-algorithm.govolution.com/vrelaytest/QA/version_2_2/vrelaytest.html'

04-10-2024T23:53:46 - [MESSAGE][INFO] - Starting 'Edge Chromium' driver

04-10-2024T23:53:46 - [MESSAGE][INFO] - User set preference: ['acceptInsecureCerts', 'true']

04-10-2024T23:53:48 - [MESSAGE][INFO] - Action delay is set to 0 milliseconds

04-10-2024T23:53:51 - [MESSAGE][PASSED] - Browser is opened with url: 'https://dev-algorithm.govolution.com/vrelaytest/QA/version_2_2/vrelaytest.html'

04-10-2024T23:53:51 - [TEST_STEP][PASSED] - maximizeWindow(): Current window maximized

04-10-2024T23:53:51 - [MESSAGE][PASSED] - Current window maximized

04-10-2024T23:53:51 - [TEST_STEP][PASSED] - iwpPages.TestHarnessPage.setDataMethodEF(row, dataFile): iwpPages.TestHarnessPage.setDataMethodEF is PASSED

04-10-2024T23:53:52 - [MESSAGE][PASSED] - Object 'Object Repository/IWP30/Page_QATestHarness/RemittanceID' is present

04-10-2024T23:53:52 - [MESSAGE][PASSED] - Text '638' is set on object 'Object Repository/IWP30/Page_QATestHarness/ApplicationID'

04-10-2024T23:53:53 - [MESSAGE][PASSED] - Text '2.5' is set on object 'Object Repository/IWP30/Page_QATestHarness/MessageVersion'

04-10-2024T23:53:54 - [MESSAGE][PASSED] - Text 'cFjw21ZYjLAK' is set on object 'Object Repository/IWP30/Page_QATestHarness/RemittanceID'

04-10-2024T23:53:57 - [MESSAGE][PASSED] - Object: 'Object Repository/IWP30/Page_QATestHarness/SubmitButton' is clicked on

04-10-2024T23:53:57 - [MESSAGE][PASSED] - iwpPages.TestHarnessPage.setDataMethodEF is PASSED

04-10-2024T23:53:57 - [TEST_STEP][PASSED] - click(findTestObject("Object Repository/IWP30/Page_SelectPaymentMethod/PayByPersonalCheck")): Object: 'Object Repository/IWP30/Page_SelectPaymentMethod/PayByPersonalCheck' is clicked on

04-10-2024T23:53:57 - [MESSAGE][PASSED] - Object: 'Object Repository/IWP30/Page_SelectPaymentMethod/PayByPersonalCheck' is clicked on

04-10-2024T23:53:57 - [TEST_STEP][PASSED] - click(findTestObject("Object Repository/IWP30/Page_SelectPaymentMethod/MakePaymentButton")): Object: 'Object Repository/IWP30/Page_SelectPaymentMethod/MakePaymentButton' is clicked on

04-10-2024T23:53:59 - [MESSAGE][PASSED] - Object: 'Object Repository/IWP30/Page_SelectPaymentMethod/MakePaymentButton' is clicked on

04-10-2024T23:53:59 - [TEST_STEP][PASSED] - iwpPages.achPersonalPaymentEntryPage.setDataACHPPM(row, dataFile): iwpPages.achPersonalPaymentEntryPage.setDataACHPPM is PASSED

04-10-2024T23:54:00 - [MESSAGE][PASSED] - Object 'Object Repository/IWP30/Page_ACHPersonalPaymentEntry/txt_accountNumber' is present

04-10-2024T23:54:00 - [MESSAGE][PASSED] - Text '10.50' is set on object 'Object Repository/IWP30/Page_ACHPersonalPaymentEntry/txt_Amount'

04-10-2024T23:54:01 - [MESSAGE][PASSED] - Object 'Object Repository/IWP30/Page_ACHPersonalPaymentEntry/txt_UDF2' is present

04-10-2024T23:54:01 - [MESSAGE][PASSED] - Text 'udf data 2' is set on object 'Object Repository/IWP30/Page_ACHPersonalPaymentEntry/txt_UDF2'

04-10-2024T23:54:02 - [MESSAGE][PASSED] - Text 'udf data 3' is set on object 'Object Repository/IWP30/Page_ACHPersonalPaymentEntry/txt_UDF3'

04-10-2024T23:54:02 - [MESSAGE][PASSED] - All options with label 'Orange' are selected in object 'Object Repository/IWP30/Page_ACHPersonalPaymentEntry/dd_UDF7' 

04-10-2024T23:54:03 - [MESSAGE][PASSED] - All options with label 'Soccer' are selected in object 'Object Repository/IWP30/Page_ACHPersonalPaymentEntry/dd_UDF8' 

04-10-2024T23:54:03 - [MESSAGE][PASSED] - Object 'Object Repository/IWP30/Page_ACHPersonalPaymentEntry/txt_Firstname' is present

04-10-2024T23:54:04 - [MESSAGE][PASSED] - Text 'Elizath' is set on object 'Object Repository/IWP30/Page_ACHPersonalPaymentEntry/txt_Firstname'

04-10-2024T23:54:04 - [MESSAGE][PASSED] - Object 'Object Repository/IWP30/Page_ACHPersonalPaymentEntry/txt_Lastname' is present

04-10-2024T23:54:05 - [MESSAGE][PASSED] - Text 'Christine' is set on object 'Object Repository/IWP30/Page_ACHPersonalPaymentEntry/txt_Lastname'

04-10-2024T23:54:05 - [MESSAGE][PASSED] - Object 'Object Repository/IWP30/Page_ACHPersonalPaymentEntry/txt_routingNumber' is present

04-10-2024T23:54:05 - [MESSAGE][PASSED] - Text '256072691' is set on object 'Object Repository/IWP30/Page_ACHPersonalPaymentEntry/txt_routingNumber'

04-10-2024T23:54:06 - [MESSAGE][PASSED] - Object 'Object Repository/IWP30/Page_ACHPersonalPaymentEntry/txt_accountNumber' is present

04-10-2024T23:54:07 - [MESSAGE][PASSED] - Text '12344444' is set on object 'Object Repository/IWP30/Page_ACHPersonalPaymentEntry/txt_accountNumber'

04-10-2024T23:54:07 - [MESSAGE][PASSED] - Object 'Object Repository/IWP30/Page_ACHPersonalPaymentEntry/txt_confirmAccountNumber' is present

04-10-2024T23:54:08 - [MESSAGE][PASSED] - Text '12344444' is set on object 'Object Repository/IWP30/Page_ACHPersonalPaymentEntry/txt_confirmAccountNumber'

04-10-2024T23:54:08 - [MESSAGE][PASSED] - Object 'Object Repository/IWP30/Page_ACHPersonalPaymentEntry/rd_accountType' is present

04-10-2024T23:54:08 - [MESSAGE][PASSED] - Modify property of object successfully

04-10-2024T23:54:09 - [MESSAGE][PASSED] - Object: 'Object Repository/IWP30/Page_ACHPersonalPaymentEntry/rd_accountType' is clicked on

04-10-2024T23:54:09 - [MESSAGE][PASSED] - Execute JavaScript '
				   document.getElementById('processDate').value = '08/09/2025'
				  ' successfully

04-10-2024T23:54:09 - [MESSAGE][PASSED] - Text '365 Main Avenue' is set on object 'Object Repository/IWP30/Page_ACHPersonalPaymentEntry/txt_AL1'

04-10-2024T23:54:10 - [MESSAGE][PASSED] - Text 'Ohio' is set on object 'Object Repository/IWP30/Page_ACHPersonalPaymentEntry/txt_AL2'

04-10-2024T23:54:10 - [MESSAGE][PASSED] - Text '22201' is set on object 'Object Repository/IWP30/Page_ACHPersonalPaymentEntry/txt_ZIP'

04-10-2024T23:54:11 - [MESSAGE][PASSED] - Object 'Object Repository/IWP30/Page_ACHPersonalPaymentEntry/txt_Email' is present

04-10-2024T23:54:12 - [MESSAGE][PASSED] - Text 'iahmed@govolution.com' is set on object 'Object Repository/IWP30/Page_ACHPersonalPaymentEntry/txt_Email'

04-10-2024T23:54:12 - [MESSAGE][PASSED] - Object 'Object Repository/IWP30/Page_ACHPersonalPaymentEntry/cb_TermsAndCond' is present

04-10-2024T23:54:12 - [MESSAGE][PASSED] - Object: 'Object Repository/IWP30/Page_ACHPersonalPaymentEntry/cb_TermsAndCond' is clicked on

04-10-2024T23:54:13 - [MESSAGE][PASSED] - Object 'Object Repository/IWP30/Page_ACHPersonalPaymentEntry/btn_Continue' is present

04-10-2024T23:54:14 - [MESSAGE][PASSED] - Object: 'Object Repository/IWP30/Page_ACHPersonalPaymentEntry/btn_Continue' is clicked on

04-10-2024T23:54:14 - [MESSAGE][PASSED] - iwpPages.achPersonalPaymentEntryPage.setDataACHPPM is PASSED

04-10-2024T23:54:14 - [TEST_STEP][PASSED] - click(findTestObject("Object Repository/IWP30/Page_Confirmation/ConfirmButton")): Object: 'Object Repository/IWP30/Page_Confirmation/ConfirmButton' is clicked on

04-10-2024T23:54:15 - [MESSAGE][PASSED] - Object: 'Object Repository/IWP30/Page_Confirmation/ConfirmButton' is clicked on

04-10-2024T23:54:15 - [TEST_STEP][PASSED] - Thread.sleep(2000): null

04-10-2024T23:54:17 - [TEST_STEP][PASSED] - if (verifyTextPresent("Deferred", false)): null

04-10-2024T23:54:18 - [MESSAGE][PASSED] - Text 'Deferred' is present on page 

04-10-2024T23:54:18 - [TEST_STEP][PASSED] - if (verifyTextPresent("Your payment plan has been successfully created", false)): null

04-10-2024T23:54:18 - [MESSAGE][PASSED] - Text 'Your payment plan has been successfully created' is present on page 

04-10-2024T23:54:18 - [TEST_STEP][PASSED] - isRequiredTextPresent = true: null

04-10-2024T23:54:18 - [TEST_STEP][PASSED] - println(isRequiredTextPresent): null

04-10-2024T23:54:18 - [TEST_STEP][PASSED] - if (isRequiredTextPresent): null

04-10-2024T23:54:18 - [TEST_STEP][PASSED] - if (verifyTextPresent("CAN Label:", false)): null

04-10-2024T23:54:18 - [MESSAGE][PASSED] - Text 'CAN Label:' is present on page 

04-10-2024T23:54:18 - [TEST_STEP][PASSED] - isRequiredTextPresent = true: null

04-10-2024T23:54:18 - [TEST_STEP][PASSED] - println(isRequiredTextPresent): null

04-10-2024T23:54:18 - [TEST_STEP][PASSED] - if (isRequiredTextPresent): null

04-10-2024T23:54:18 - [TEST_STEP][PASSED] - if (verifyTextPresent("Remittance ID:", false)): null

04-10-2024T23:54:18 - [MESSAGE][PASSED] - Text 'Remittance ID:' is present on page 

04-10-2024T23:54:18 - [TEST_STEP][PASSED] - isRequiredTextPresent = true: null

04-10-2024T23:54:18 - [TEST_STEP][PASSED] - println(isRequiredTextPresent): null

04-10-2024T23:54:18 - [TEST_STEP][PASSED] - if (isRequiredTextPresent): null

04-10-2024T23:54:18 - [TEST_STEP][PASSED] - if (verifyTextPresent("UDF2 Label:", false)): null

04-10-2024T23:54:19 - [MESSAGE][PASSED] - Text 'UDF2 Label:' is present on page 

04-10-2024T23:54:19 - [TEST_STEP][PASSED] - isRequiredTextPresent = true: null

04-10-2024T23:54:19 - [TEST_STEP][PASSED] - println(isRequiredTextPresent): null

04-10-2024T23:54:19 - [TEST_STEP][PASSED] - if (isRequiredTextPresent): null

04-10-2024T23:54:19 - [TEST_STEP][PASSED] - if (verifyTextPresent("UDF3 Label:", false)): null

04-10-2024T23:54:19 - [MESSAGE][PASSED] - Text 'UDF3 Label:' is present on page 

04-10-2024T23:54:19 - [TEST_STEP][PASSED] - isRequiredTextPresent = true: null

04-10-2024T23:54:19 - [TEST_STEP][PASSED] - println(isRequiredTextPresent): null

04-10-2024T23:54:19 - [TEST_STEP][PASSED] - if (isRequiredTextPresent): null

04-10-2024T23:54:19 - [TEST_STEP][PASSED] - if (verifyTextPresent("UDF4 Label:", false)): null

04-10-2024T23:54:19 - [MESSAGE][PASSED] - Text 'UDF4 Label:' is present on page 

04-10-2024T23:54:19 - [TEST_STEP][PASSED] - isRequiredTextPresent = true: null

04-10-2024T23:54:19 - [TEST_STEP][PASSED] - println(isRequiredTextPresent): null

04-10-2024T23:54:19 - [TEST_STEP][PASSED] - if (isRequiredTextPresent): null

04-10-2024T23:54:19 - [TEST_STEP][PASSED] - if (verifyTextPresent("UDF7 Label:", false)): null

04-10-2024T23:54:20 - [MESSAGE][PASSED] - Text 'UDF7 Label:' is present on page 

04-10-2024T23:54:20 - [TEST_STEP][PASSED] - isRequiredTextPresent = true: null

04-10-2024T23:54:20 - [TEST_STEP][PASSED] - println(isRequiredTextPresent): null

04-10-2024T23:54:20 - [TEST_STEP][PASSED] - if (isRequiredTextPresent): null

04-10-2024T23:54:20 - [TEST_STEP][PASSED] - if (verifyTextPresent("UDF8 Label:", false)): null

04-10-2024T23:54:20 - [MESSAGE][PASSED] - Text 'UDF8 Label:' is present on page 

04-10-2024T23:54:20 - [TEST_STEP][PASSED] - isRequiredTextPresent = true: null

04-10-2024T23:54:20 - [TEST_STEP][PASSED] - println(isRequiredTextPresent): null

04-10-2024T23:54:20 - [TEST_STEP][PASSED] - if (isRequiredTextPresent): null

04-10-2024T23:54:20 - [TEST_STEP][PASSED] - if (verifyTextPresent("UDF9 Label:", false)): null

04-10-2024T23:54:20 - [MESSAGE][PASSED] - Text 'UDF9 Label:' is present on page 

04-10-2024T23:54:20 - [TEST_STEP][PASSED] - isRequiredTextPresent = true: null

04-10-2024T23:54:20 - [TEST_STEP][PASSED] - println(isRequiredTextPresent): null

04-10-2024T23:54:20 - [TEST_STEP][PASSED] - if (isRequiredTextPresent): null

04-10-2024T23:54:20 - [TEST_STEP][PASSED] - if (verifyTextPresent("Transaction Type:", false)): null

04-10-2024T23:54:20 - [MESSAGE][PASSED] - Text 'Transaction Type:' is present on page 

04-10-2024T23:54:20 - [TEST_STEP][PASSED] - isRequiredTextPresent = true: null

04-10-2024T23:54:20 - [TEST_STEP][PASSED] - println(isRequiredTextPresent): null

04-10-2024T23:54:20 - [TEST_STEP][PASSED] - if (isRequiredTextPresent): null

04-10-2024T23:54:20 - [TEST_STEP][PASSED] - if (verifyTextPresent("Amount:", false)): null

04-10-2024T23:54:21 - [MESSAGE][PASSED] - Text 'Amount:' is present on page 

04-10-2024T23:54:21 - [TEST_STEP][PASSED] - isRequiredTextPresent = true: null

04-10-2024T23:54:21 - [TEST_STEP][PASSED] - println(isRequiredTextPresent): null

04-10-2024T23:54:21 - [TEST_STEP][PASSED] - if (isRequiredTextPresent): null

04-10-2024T23:54:21 - [TEST_STEP][PASSED] - if (verifyTextPresent("Check Information:", false)): null

04-10-2024T23:54:21 - [MESSAGE][PASSED] - Text 'Check Information:' is present on page 

04-10-2024T23:54:21 - [TEST_STEP][PASSED] - isRequiredTextPresent = true: null

04-10-2024T23:54:21 - [TEST_STEP][PASSED] - println(isRequiredTextPresent): null

04-10-2024T23:54:21 - [TEST_STEP][PASSED] - if (isRequiredTextPresent): null

04-10-2024T23:54:21 - [TEST_STEP][PASSED] - if (verifyTextPresent("Account Type:", false)): null

04-10-2024T23:54:21 - [MESSAGE][PASSED] - Text 'Account Type:' is present on page 

04-10-2024T23:54:21 - [TEST_STEP][PASSED] - isRequiredTextPresent = true: null

04-10-2024T23:54:21 - [TEST_STEP][PASSED] - println(isRequiredTextPresent): null

04-10-2024T23:54:21 - [TEST_STEP][PASSED] - if (isRequiredTextPresent): null

04-10-2024T23:54:21 - [TEST_STEP][PASSED] - if (verifyTextPresent("Account Number:", false)): null

04-10-2024T23:54:22 - [MESSAGE][PASSED] - Text 'Account Number:' is present on page 

04-10-2024T23:54:22 - [TEST_STEP][PASSED] - isRequiredTextPresent = true: null

04-10-2024T23:54:22 - [TEST_STEP][PASSED] - println(isRequiredTextPresent): null

04-10-2024T23:54:22 - [TEST_STEP][PASSED] - if (isRequiredTextPresent): null

04-10-2024T23:54:22 - [TEST_STEP][PASSED] - if (verifyTextPresent("Routing Number:", false)): null

04-10-2024T23:54:22 - [MESSAGE][PASSED] - Text 'Routing Number:' is present on page 

04-10-2024T23:54:22 - [TEST_STEP][PASSED] - isRequiredTextPresent = true: null

04-10-2024T23:54:22 - [TEST_STEP][PASSED] - println(isRequiredTextPresent): null

04-10-2024T23:54:22 - [TEST_STEP][PASSED] - if (isRequiredTextPresent): null

04-10-2024T23:54:22 - [TEST_STEP][PASSED] - if (verifyTextPresent("Name of Account:", false)): null

04-10-2024T23:54:22 - [MESSAGE][PASSED] - Text 'Name of Account:' is present on page 

04-10-2024T23:54:22 - [TEST_STEP][PASSED] - isRequiredTextPresent = true: null

04-10-2024T23:54:22 - [TEST_STEP][PASSED] - println(isRequiredTextPresent): null

04-10-2024T23:54:22 - [TEST_STEP][PASSED] - if (isRequiredTextPresent): null

04-10-2024T23:54:22 - [TEST_STEP][PASSED] - if (verifyTextPresent("Billing Information:", false)): null

04-10-2024T23:54:22 - [MESSAGE][PASSED] - Text 'Billing Information:' is present on page 

04-10-2024T23:54:22 - [TEST_STEP][PASSED] - isRequiredTextPresent = true: null

04-10-2024T23:54:22 - [TEST_STEP][PASSED] - println(isRequiredTextPresent): null

04-10-2024T23:54:22 - [TEST_STEP][PASSED] - if (isRequiredTextPresent): null

04-10-2024T23:54:22 - [TEST_STEP][PASSED] - if (verifyTextPresent("Address Line 1:", false)): null

04-10-2024T23:54:23 - [MESSAGE][PASSED] - Text 'Address Line 1:' is present on page 

04-10-2024T23:54:23 - [TEST_STEP][PASSED] - isRequiredTextPresent = true: null

04-10-2024T23:54:23 - [TEST_STEP][PASSED] - println(isRequiredTextPresent): null

04-10-2024T23:54:23 - [TEST_STEP][PASSED] - if (isRequiredTextPresent): null

04-10-2024T23:54:23 - [TEST_STEP][PASSED] - if (verifyTextPresent("Address Line 2:", false)): null

04-10-2024T23:54:23 - [MESSAGE][PASSED] - Text 'Address Line 2:' is present on page 

04-10-2024T23:54:23 - [TEST_STEP][PASSED] - isRequiredTextPresent = true: null

04-10-2024T23:54:23 - [TEST_STEP][PASSED] - println(isRequiredTextPresent): null

04-10-2024T23:54:23 - [TEST_STEP][PASSED] - if (isRequiredTextPresent): null

04-10-2024T23:54:23 - [TEST_STEP][PASSED] - if (verifyTextPresent("Country:", false)): null

04-10-2024T23:54:23 - [MESSAGE][PASSED] - Text 'Country:' is present on page 

04-10-2024T23:54:23 - [TEST_STEP][PASSED] - isRequiredTextPresent = true: null

04-10-2024T23:54:23 - [TEST_STEP][PASSED] - println(isRequiredTextPresent): null

04-10-2024T23:54:23 - [TEST_STEP][PASSED] - if (isRequiredTextPresent): null

04-10-2024T23:54:23 - [TEST_STEP][PASSED] - if (verifyTextPresent("City:", false)): null

04-10-2024T23:54:23 - [MESSAGE][PASSED] - Text 'City:' is present on page 

04-10-2024T23:54:23 - [TEST_STEP][PASSED] - isRequiredTextPresent = true: null

04-10-2024T23:54:23 - [TEST_STEP][PASSED] - println(isRequiredTextPresent): null

04-10-2024T23:54:23 - [TEST_STEP][PASSED] - if (isRequiredTextPresent): null

04-10-2024T23:54:23 - [TEST_STEP][PASSED] - if (verifyTextPresent("State:", false)): null

04-10-2024T23:54:24 - [MESSAGE][PASSED] - Text 'State:' is present on page 

04-10-2024T23:54:24 - [TEST_STEP][PASSED] - isRequiredTextPresent = true: null

04-10-2024T23:54:24 - [TEST_STEP][PASSED] - println(isRequiredTextPresent): null

04-10-2024T23:54:24 - [TEST_STEP][PASSED] - if (isRequiredTextPresent): null

04-10-2024T23:54:24 - [TEST_STEP][PASSED] - if (verifyTextPresent("Zip Code:", false)): null

04-10-2024T23:54:24 - [MESSAGE][PASSED] - Text 'Zip Code:' is present on page 

04-10-2024T23:54:24 - [TEST_STEP][PASSED] - isRequiredTextPresent = true: null

04-10-2024T23:54:24 - [TEST_STEP][PASSED] - println(isRequiredTextPresent): null

04-10-2024T23:54:24 - [TEST_STEP][PASSED] - if (isRequiredTextPresent): null

04-10-2024T23:54:24 - [TEST_STEP][PASSED] - if (verifyTextPresent("Plan Information:", false)): null

04-10-2024T23:54:24 - [MESSAGE][PASSED] - Text 'Plan Information:' is present on page 

04-10-2024T23:54:24 - [TEST_STEP][PASSED] - isRequiredTextPresent = true: null

04-10-2024T23:54:24 - [TEST_STEP][PASSED] - println(isRequiredTextPresent): null

04-10-2024T23:54:24 - [TEST_STEP][PASSED] - if (isRequiredTextPresent): null

04-10-2024T23:54:24 - [TEST_STEP][PASSED] - if (verifyTextPresent("Payment Plan Type:", false)): null

04-10-2024T23:54:25 - [MESSAGE][PASSED] - Text 'Payment Plan Type:' is present on page 

04-10-2024T23:54:25 - [TEST_STEP][PASSED] - isRequiredTextPresent = true: null

04-10-2024T23:54:25 - [TEST_STEP][PASSED] - println(isRequiredTextPresent): null

04-10-2024T23:54:25 - [TEST_STEP][PASSED] - if (isRequiredTextPresent): null

04-10-2024T23:54:25 - [TEST_STEP][PASSED] - if (verifyTextPresent("Payment Plan ID:", false)): null

04-10-2024T23:54:25 - [MESSAGE][PASSED] - Text 'Payment Plan ID:' is present on page 

04-10-2024T23:54:25 - [TEST_STEP][PASSED] - isRequiredTextPresent = true: null

04-10-2024T23:54:25 - [TEST_STEP][PASSED] - println(isRequiredTextPresent): null

04-10-2024T23:54:25 - [TEST_STEP][PASSED] - if (isRequiredTextPresent): null

04-10-2024T23:54:25 - [TEST_STEP][PASSED] - if (verifyTextPresent("Payment Date:", false)): null

04-10-2024T23:54:25 - [MESSAGE][PASSED] - Text 'Payment Date:' is present on page 

04-10-2024T23:54:25 - [TEST_STEP][PASSED] - isRequiredTextPresent = true: null

04-10-2024T23:54:25 - [TEST_STEP][PASSED] - println(isRequiredTextPresent): null

04-10-2024T23:54:25 - [TEST_STEP][PASSED] - if (isRequiredTextPresent == true): pages.WriteExcel.demoKey is PASSED

04-10-2024T23:54:25 - [TEST_STEP][PASSED] - println("All the relevant texts are present on Receipt Page"): null

04-10-2024T23:54:25 - [TEST_STEP][PASSED] - markPassed("All the relevant texts are present on Receipt Page"): All the relevant texts are present on Receipt Page

04-10-2024T23:54:25 - [MESSAGE][PASSED] - All the relevant texts are present on Receipt Page

04-10-2024T23:54:25 - [TEST_STEP][PASSED] - resText = "Pass": null

04-10-2024T23:54:25 - [TEST_STEP][PASSED] - pages.WriteExcel.demoKey(resText, datText, resColumn, datCloumn, fileLoc, nameSheet, row): pages.WriteExcel.demoKey is PASSED

04-10-2024T23:54:25 - [MESSAGE][PASSED] - pages.WriteExcel.demoKey is PASSED

04-10-2024T23:54:25 - [TEST_STEP][PASSED] - closeBrowser(): Browser is closed

04-10-2024T23:54:26 - [MESSAGE][PASSED] - Browser is closed]]></system-out>
         <system-err><![CDATA[]]></system-err>
      </testcase>
      <testcase name="Test Cases/IntegratedWeb/IWP25/Payments/VerifyEditReceiptLabelsDeferredCC" time="84.227" classname="Test Cases/IntegratedWeb/IWP25/Payments/VerifyEditReceiptLabelsDeferredCC" status="PASSED">
         <system-out><![CDATA[04-10-2024T23:54:26 - [TEST_CASE][PASSED] - Test Cases/IntegratedWeb/IWP25/Payments/VerifyEditReceiptLabelsDeferredCC: Test Cases/IntegratedWeb/IWP25/Payments/VerifyEditReceiptLabelsDeferredCC

04-10-2024T23:54:26 - [TEST_STEP][PASSED] - resText = "Fail": null

04-10-2024T23:54:26 - [TEST_STEP][PASSED] - resColumn = "Result": null

04-10-2024T23:54:26 - [TEST_STEP][PASSED] - datCloumn = "Date": null

04-10-2024T23:54:26 - [TEST_STEP][PASSED] - fileLoc = "KatalonData/IWPTestData/VRelay25PaymentsExtension.xlsx": null

04-10-2024T23:54:26 - [TEST_STEP][PASSED] - numOfRows = <not implemented yet for class: org.codehaus.groovy.ast.expr.EmptyExpression>: null

04-10-2024T23:54:26 - [TEST_STEP][PASSED] - nameSheet = <not implemented yet for class: org.codehaus.groovy.ast.expr.EmptyExpression>: null

04-10-2024T23:54:26 - [TEST_STEP][PASSED] - dataFileEmulator = <not implemented yet for class: org.codehaus.groovy.ast.expr.EmptyExpression>: null

04-10-2024T23:54:26 - [TEST_STEP][PASSED] - isRequiredTextPresent = false: null

04-10-2024T23:54:26 - [TEST_STEP][PASSED] - nameSheet = "VerifyEditLabelDeferredCredit": null

04-10-2024T23:54:26 - [TEST_STEP][PASSED] - dataFile = getExcelDataWithDefaultSheet("KatalonData/IWPTestData/VRelay25PaymentsExtension.xlsx", nameSheet, true): null

04-10-2024T23:54:26 - [TEST_STEP][PASSED] - dataFileEmulator = "IWPTestData/EmulatorData": null

04-10-2024T23:54:26 - [TEST_STEP][PASSED] - numOfRows = dataFile.getRowNumbers(): null

04-10-2024T23:54:26 - [TEST_STEP][PASSED] - println("Number of Records: " + numOfRows): null

04-10-2024T23:54:26 - [TEST_STEP][PASSED] - columnNames = dataFile.getColumnNames(): null

04-10-2024T23:54:26 - [TEST_STEP][PASSED] - println(columnNames[0]): null

04-10-2024T23:54:26 - [TEST_STEP][PASSED] - for ([row = 1, row <= numOfRows, (row++)]): Browser is closed

04-10-2024T23:54:26 - [TEST_STEP][PASSED] - ExecuteTC = dataFile.getValue("Execute", row): null

04-10-2024T23:54:26 - [TEST_STEP][PASSED] - out.println("Value of Execute is : " + ExecuteTC): null

04-10-2024T23:54:26 - [TEST_STEP][PASSED] - if (ExecuteTC.equalsIgnoreCase("Y")): null

04-10-2024T23:54:26 - [TEST_STEP][PASSED] - out.println("Begin Record Number: " + row): null

04-10-2024T23:54:26 - [TEST_STEP][PASSED] - today = new java.util.Date(): null

04-10-2024T23:54:26 - [TEST_STEP][PASSED] - println(today): null

04-10-2024T23:54:26 - [TEST_STEP][PASSED] - datText = today: null

04-10-2024T23:54:26 - [TEST_STEP][PASSED] - EmulatorDataKey = dataFile.getValue("EmulatorData", row): null

04-10-2024T23:54:26 - [TEST_STEP][PASSED] - out.println("Value of Emulator Key is : " + EmulatorDataKey): null

04-10-2024T23:54:26 - [TEST_STEP][PASSED] - iwpPages.emulatorIWP30.setDataEmulator_DD(EmulatorDataKey): iwpPages.emulatorIWP30.setDataEmulator_DD is PASSED

04-10-2024T23:54:27 - [MESSAGE][INFO] - Starting 'Edge Chromium' driver

04-10-2024T23:54:27 - [MESSAGE][INFO] - User set preference: ['acceptInsecureCerts', 'true']

04-10-2024T23:54:29 - [MESSAGE][INFO] - Action delay is set to 0 milliseconds

04-10-2024T23:54:33 - [MESSAGE][PASSED] - Browser is opened with url: 'https://qa.velocitypayment.com/agency/config.do?action=editor&message_version=2_5'

04-10-2024T23:54:33 - [MESSAGE][PASSED] - Current window maximized

04-10-2024T23:54:34 - [MESSAGE][PASSED] - All options with value '2.5' are selected in object 'Object Repository/IWP30/Page_VRelay30Emulator/MV'  using regular expression

04-10-2024T23:54:34 - [MESSAGE][PASSED] - Text '10.50' is set on object 'Object Repository/IWP30/Page_VRelay30Emulator/Amount'

04-10-2024T23:54:35 - [MESSAGE][PASSED] - Text 'Xy1DZbNexRtm' is set on object 'Object Repository/IWP30/Page_VRelay30Emulator/CAN'

04-10-2024T23:54:36 - [MESSAGE][PASSED] - Text 'PayNow' is set on object 'Object Repository/IWP30/Page_VRelay30Emulator/Action'

04-10-2024T23:54:36 - [MESSAGE][PASSED] - Text 'en_US' is set on object 'Object Repository/IWP30/Page_VRelay30Emulator/Lang'

04-10-2024T23:54:37 - [MESSAGE][PASSED] - Text '' is set on object 'Object Repository/IWP30/Page_VRelay30Emulator/Fname'

04-10-2024T23:54:37 - [MESSAGE][PASSED] - Text '' is set on object 'Object Repository/IWP30/Page_VRelay30Emulator/Lname'

04-10-2024T23:54:38 - [MESSAGE][PASSED] - Text '' is set on object 'Object Repository/IWP30/Page_VRelay30Emulator/AL1'

04-10-2024T23:54:38 - [MESSAGE][PASSED] - Text '' is set on object 'Object Repository/IWP30/Page_VRelay30Emulator/AL2'

04-10-2024T23:54:39 - [MESSAGE][PASSED] - Text '' is set on object 'Object Repository/IWP30/Page_VRelay30Emulator/Country'

04-10-2024T23:54:40 - [MESSAGE][PASSED] - Text '' is set on object 'Object Repository/IWP30/Page_VRelay30Emulator/City'

04-10-2024T23:54:40 - [MESSAGE][PASSED] - Text '' is set on object 'Object Repository/IWP30/Page_VRelay30Emulator/State'

04-10-2024T23:54:41 - [MESSAGE][PASSED] - Text '' is set on object 'Object Repository/IWP30/Page_VRelay30Emulator/ZIP'

04-10-2024T23:54:41 - [MESSAGE][PASSED] - Text '' is set on object 'Object Repository/IWP30/Page_VRelay30Emulator/Order'

04-10-2024T23:54:42 - [MESSAGE][PASSED] - Text '' is set on object 'Object Repository/IWP30/Page_VRelay30Emulator/Company'

04-10-2024T23:54:42 - [MESSAGE][PASSED] - Text '' is set on object 'Object Repository/IWP30/Page_VRelay30Emulator/Email'

04-10-2024T23:54:43 - [MESSAGE][PASSED] - Text '' is set on object 'Object Repository/IWP30/Page_VRelay30Emulator/UDF1'

04-10-2024T23:54:44 - [MESSAGE][PASSED] - Text '' is set on object 'Object Repository/IWP30/Page_VRelay30Emulator/UDF2'

04-10-2024T23:54:44 - [MESSAGE][PASSED] - Text '' is set on object 'Object Repository/IWP30/Page_VRelay30Emulator/UDF3'

04-10-2024T23:54:45 - [MESSAGE][PASSED] - Text 'udf data 4' is set on object 'Object Repository/IWP30/Page_VRelay30Emulator/UDF4'

04-10-2024T23:54:45 - [MESSAGE][PASSED] - Text 'udf data 5' is set on object 'Object Repository/IWP30/Page_VRelay30Emulator/UDF5'

04-10-2024T23:54:46 - [MESSAGE][PASSED] - Text '' is set on object 'Object Repository/IWP30/Page_VRelay30Emulator/UDF6'

04-10-2024T23:54:47 - [MESSAGE][PASSED] - Text '' is set on object 'Object Repository/IWP30/Page_VRelay30Emulator/UDF7'

04-10-2024T23:54:47 - [MESSAGE][PASSED] - Text '' is set on object 'Object Repository/IWP30/Page_VRelay30Emulator/UDF8'

04-10-2024T23:54:48 - [MESSAGE][PASSED] - Text 'udf data 9' is set on object 'Object Repository/IWP30/Page_VRelay30Emulator/UDF9'

04-10-2024T23:54:48 - [MESSAGE][PASSED] - Text 'udf data 10' is set on object 'Object Repository/IWP30/Page_VRelay30Emulator/UDF10'

04-10-2024T23:54:50 - [MESSAGE][PASSED] - Object: 'Object Repository/IWP30/Page_VRelay30Emulator/Submit' is clicked on

04-10-2024T23:54:54 - [MESSAGE][PASSED] - Browser is closed

04-10-2024T23:54:58 - [MESSAGE][PASSED] - iwpPages.emulatorIWP30.setDataEmulator_DD is PASSED

04-10-2024T23:54:58 - [TEST_STEP][PASSED] - testHarnessURL = urlTestHarness: null

04-10-2024T23:54:58 - [TEST_STEP][PASSED] - openBrowser(testHarnessURL): Browser is opened with url: 'https://dev-algorithm.govolution.com/vrelaytest/QA/version_2_2/vrelaytest.html'

04-10-2024T23:54:58 - [MESSAGE][INFO] - Starting 'Edge Chromium' driver

04-10-2024T23:54:58 - [MESSAGE][INFO] - User set preference: ['acceptInsecureCerts', 'true']

04-10-2024T23:55:00 - [MESSAGE][INFO] - Action delay is set to 0 milliseconds

04-10-2024T23:55:04 - [MESSAGE][PASSED] - Browser is opened with url: 'https://dev-algorithm.govolution.com/vrelaytest/QA/version_2_2/vrelaytest.html'

04-10-2024T23:55:04 - [TEST_STEP][PASSED] - maximizeWindow(): Current window maximized

04-10-2024T23:55:04 - [MESSAGE][PASSED] - Current window maximized

04-10-2024T23:55:04 - [TEST_STEP][PASSED] - iwpPages.TestHarnessPage.setDataMethodEF(row, dataFile): iwpPages.TestHarnessPage.setDataMethodEF is PASSED

04-10-2024T23:55:04 - [MESSAGE][PASSED] - Object 'Object Repository/IWP30/Page_QATestHarness/RemittanceID' is present

04-10-2024T23:55:05 - [MESSAGE][PASSED] - Text '638' is set on object 'Object Repository/IWP30/Page_QATestHarness/ApplicationID'

04-10-2024T23:55:06 - [MESSAGE][PASSED] - Text '2.5' is set on object 'Object Repository/IWP30/Page_QATestHarness/MessageVersion'

04-10-2024T23:55:06 - [MESSAGE][PASSED] - Text 'wvZyfNon43PQ' is set on object 'Object Repository/IWP30/Page_QATestHarness/RemittanceID'

04-10-2024T23:55:09 - [MESSAGE][PASSED] - Object: 'Object Repository/IWP30/Page_QATestHarness/SubmitButton' is clicked on

04-10-2024T23:55:09 - [MESSAGE][PASSED] - iwpPages.TestHarnessPage.setDataMethodEF is PASSED

04-10-2024T23:55:09 - [TEST_STEP][PASSED] - click(findTestObject("Object Repository/IWP30/Page_SelectPaymentMethod/PayByCreditCard")): Object: 'Object Repository/IWP30/Page_SelectPaymentMethod/PayByCreditCard' is clicked on

04-10-2024T23:55:10 - [MESSAGE][PASSED] - Object: 'Object Repository/IWP30/Page_SelectPaymentMethod/PayByCreditCard' is clicked on

04-10-2024T23:55:10 - [TEST_STEP][PASSED] - click(findTestObject("Object Repository/IWP30/Page_SelectPaymentMethod/MakePaymentButton")): Object: 'Object Repository/IWP30/Page_SelectPaymentMethod/MakePaymentButton' is clicked on

04-10-2024T23:55:11 - [MESSAGE][PASSED] - Object: 'Object Repository/IWP30/Page_SelectPaymentMethod/MakePaymentButton' is clicked on

04-10-2024T23:55:11 - [TEST_STEP][PASSED] - iwpPages.ccPaymentEntryPage.setDataCCPM(row, dataFile): iwpPages.ccPaymentEntryPage.setDataCCPM is PASSED

04-10-2024T23:55:12 - [MESSAGE][PASSED] - Object 'Object Repository/IWP30/Page_CCPaymentEntry/Name' is present

04-10-2024T23:55:12 - [MESSAGE][PASSED] - Text '10.50' is set on object 'Object Repository/IWP30/Page_CCPaymentEntry/Amount'

04-10-2024T23:55:13 - [MESSAGE][PASSED] - Text 'udf data 2' is set on object 'Object Repository/IWP30/Page_CCPaymentEntry/UserDefined2'

04-10-2024T23:55:13 - [MESSAGE][PASSED] - Text 'udf data 3' is set on object 'Object Repository/IWP30/Page_CCPaymentEntry/UserDefined3'

04-10-2024T23:55:14 - [MESSAGE][PASSED] - All options with label 'Orange' are selected in object 'Object Repository/IWP30/Page_CCPaymentEntry/UserDefined7' 

04-10-2024T23:55:15 - [MESSAGE][PASSED] - All options with label 'Soccer' are selected in object 'Object Repository/IWP30/Page_CCPaymentEntry/UserDefined8' 

04-10-2024T23:55:15 - [MESSAGE][PASSED] - Object 'Object Repository/IWP30/Page_CCPaymentEntry/Name' is present

04-10-2024T23:55:15 - [MESSAGE][PASSED] - Text 'Kavita Ranawati' is set on object 'Object Repository/IWP30/Page_CCPaymentEntry/Name'

04-10-2024T23:55:16 - [MESSAGE][PASSED] - Object 'Object Repository/IWP30/Page_CCPaymentEntry/CardNumber' is present

04-10-2024T23:55:16 - [MESSAGE][PASSED] - Text '4111111111111111' is set on object 'Object Repository/IWP30/Page_CCPaymentEntry/CardNumber'

04-10-2024T23:55:17 - [MESSAGE][PASSED] - Text '123' is set on object 'Object Repository/IWP30/Page_CCPaymentEntry/SPC'

04-10-2024T23:55:18 - [MESSAGE][PASSED] - Object 'Object Repository/IWP30/Page_CCPaymentEntry/Month' is present

04-10-2024T23:55:18 - [MESSAGE][PASSED] - All options with label '01' are selected in object 'Object Repository/IWP30/Page_CCPaymentEntry/Month' 

04-10-2024T23:55:19 - [MESSAGE][PASSED] - Object 'Object Repository/IWP30/Page_CCPaymentEntry/Year' is present

04-10-2024T23:55:19 - [MESSAGE][PASSED] - All options with label '2028' are selected in object 'Object Repository/IWP30/Page_CCPaymentEntry/Year' 

04-10-2024T23:55:19 - [MESSAGE][PASSED] - Execute JavaScript '
				   document.getElementById('processDate').value = '08/09/2025'
				  ' successfully

04-10-2024T23:55:20 - [MESSAGE][PASSED] - Text '365 Main Avenue' is set on object 'Object Repository/IWP30/Page_CCPaymentEntry/AL1'

04-10-2024T23:55:20 - [MESSAGE][PASSED] - Text 'Ohio' is set on object 'Object Repository/IWP30/Page_CCPaymentEntry/AL2'

04-10-2024T23:55:21 - [MESSAGE][PASSED] - Text '22201' is set on object 'Object Repository/IWP30/Page_CCPaymentEntry/ZIP'

04-10-2024T23:55:21 - [MESSAGE][PASSED] - Object 'Object Repository/IWP30/Page_CCPaymentEntry/EmailAddress' is present

04-10-2024T23:55:22 - [MESSAGE][PASSED] - Text 'iahmed@govolution.com' is set on object 'Object Repository/IWP30/Page_CCPaymentEntry/EmailAddress'

04-10-2024T23:55:23 - [MESSAGE][PASSED] - Object 'Object Repository/IWP30/Page_CCPaymentEntry/TermCondCheckBox' is present

04-10-2024T23:55:23 - [MESSAGE][PASSED] - Object 'Object Repository/IWP30/Page_CCPaymentEntry/TermCondCheckBox' is checked

04-10-2024T23:55:23 - [MESSAGE][PASSED] - Object 'Object Repository/IWP30/Page_CCPaymentEntry/ContinueButton' is present

04-10-2024T23:55:25 - [MESSAGE][PASSED] - Object: 'Object Repository/IWP30/Page_CCPaymentEntry/ContinueButton' is clicked on

04-10-2024T23:55:25 - [MESSAGE][PASSED] - iwpPages.ccPaymentEntryPage.setDataCCPM is PASSED

04-10-2024T23:55:25 - [TEST_STEP][PASSED] - click(findTestObject("Object Repository/IWP30/Page_Confirmation/ConfirmButton")): Object: 'Object Repository/IWP30/Page_Confirmation/ConfirmButton' is clicked on

04-10-2024T23:55:27 - [MESSAGE][PASSED] - Object: 'Object Repository/IWP30/Page_Confirmation/ConfirmButton' is clicked on

04-10-2024T23:55:27 - [TEST_STEP][PASSED] - Thread.sleep(2000): null

04-10-2024T23:55:29 - [TEST_STEP][PASSED] - if (verifyTextPresent("Deferred", false)): null

04-10-2024T23:55:29 - [MESSAGE][PASSED] - Text 'Deferred' is present on page 

04-10-2024T23:55:29 - [TEST_STEP][PASSED] - click(findTestObject("Object Repository/IWP30/Page_Receipt/ViewScheduledPaymentsButton")): Object: 'Object Repository/IWP30/Page_Receipt/ViewScheduledPaymentsButton' is clicked on

04-10-2024T23:55:30 - [MESSAGE][PASSED] - Object: 'Object Repository/IWP30/Page_Receipt/ViewScheduledPaymentsButton' is clicked on

04-10-2024T23:55:30 - [TEST_STEP][PASSED] - switchToWindowTitle("View Scheduled Payments"): Switched to window with title: 'View Scheduled Payments'

04-10-2024T23:55:30 - [MESSAGE][PASSED] - Switched to window with title: 'View Scheduled Payments'

04-10-2024T23:55:30 - [TEST_STEP][PASSED] - Thread.sleep(5000): null

04-10-2024T23:55:35 - [TEST_STEP][PASSED] - if (verifyTextPresent("View Scheduled Payments", false)): null

04-10-2024T23:55:35 - [MESSAGE][PASSED] - Text 'View Scheduled Payments' is present on page 

04-10-2024T23:55:35 - [TEST_STEP][PASSED] - click(findTestObject("Object Repository/IWP30/Page_ScheduledPayments/edit_payment")): Object: 'Object Repository/IWP30/Page_ScheduledPayments/edit_payment' is clicked on

04-10-2024T23:55:37 - [MESSAGE][PASSED] - Object: 'Object Repository/IWP30/Page_ScheduledPayments/edit_payment' is clicked on

04-10-2024T23:55:37 - [TEST_STEP][PASSED] - iwpPages.editSchedulePayment.setDataSchedPaymentEF(row, dataFile): iwpPages.editSchedulePayment.setDataSchedPaymentEF is PASSED

04-10-2024T23:55:38 - [MESSAGE][PASSED] - Text 'Edit Payment Plan' is present on page 

04-10-2024T23:55:38 - [MESSAGE][PASSED] - All options with label 'Orange' are selected in object 'Object Repository/IWP30/Page_CCPaymentEntry/UserDefined7' 

04-10-2024T23:55:39 - [MESSAGE][PASSED] - All options with label 'Soccer' are selected in object 'Object Repository/IWP30/Page_CCPaymentEntry/UserDefined8' 

04-10-2024T23:55:39 - [MESSAGE][PASSED] - Text '123' is set on object 'Object Repository/IWP30/Page_CCPaymentEntry/SPC'

04-10-2024T23:55:39 - [MESSAGE][PASSED] - Execute JavaScript '
				   document.getElementById('processDate').value = '08/09/2045'
				  ' successfully

04-10-2024T23:55:39 - [MESSAGE][PASSED] - iwpPages.editSchedulePayment.setDataSchedPaymentEF is PASSED

04-10-2024T23:55:39 - [TEST_STEP][PASSED] - click(findTestObject("Object Repository/Page_EditSchedPayment/chkbox_acceptterms")): Object: 'Object Repository/Page_EditSchedPayment/chkbox_acceptterms' is clicked on

04-10-2024T23:55:40 - [MESSAGE][PASSED] - Object: 'Object Repository/Page_EditSchedPayment/chkbox_acceptterms' is clicked on

04-10-2024T23:55:40 - [TEST_STEP][PASSED] - click(findTestObject("Object Repository/Page_EditSchedPayment/btn_update")): Object: 'Object Repository/Page_EditSchedPayment/btn_update' is clicked on

04-10-2024T23:55:42 - [MESSAGE][PASSED] - Object: 'Object Repository/Page_EditSchedPayment/btn_update' is clicked on

04-10-2024T23:55:42 - [TEST_STEP][PASSED] - if (verifyTextPresent("Successful Payment Plan Update", false)): null

04-10-2024T23:55:42 - [MESSAGE][PASSED] - Text 'Successful Payment Plan Update' is present on page 

04-10-2024T23:55:42 - [TEST_STEP][PASSED] - isRequiredTextPresent = true: null

04-10-2024T23:55:42 - [TEST_STEP][PASSED] - println(isRequiredTextPresent): null

04-10-2024T23:55:42 - [TEST_STEP][PASSED] - if (isRequiredTextPresent): null

04-10-2024T23:55:42 - [TEST_STEP][PASSED] - if (verifyTextPresent("CAN Label:", false)): null

04-10-2024T23:55:42 - [MESSAGE][PASSED] - Text 'CAN Label:' is present on page 

04-10-2024T23:55:42 - [TEST_STEP][PASSED] - isRequiredTextPresent = true: null

04-10-2024T23:55:42 - [TEST_STEP][PASSED] - println(isRequiredTextPresent): null

04-10-2024T23:55:42 - [TEST_STEP][PASSED] - if (isRequiredTextPresent): null

04-10-2024T23:55:42 - [TEST_STEP][PASSED] - if (verifyTextPresent("Remittance ID:", false)): null

04-10-2024T23:55:43 - [MESSAGE][PASSED] - Text 'Remittance ID:' is present on page 

04-10-2024T23:55:43 - [TEST_STEP][PASSED] - isRequiredTextPresent = true: null

04-10-2024T23:55:43 - [TEST_STEP][PASSED] - println(isRequiredTextPresent): null

04-10-2024T23:55:43 - [TEST_STEP][PASSED] - if (isRequiredTextPresent): null

04-10-2024T23:55:43 - [TEST_STEP][PASSED] - if (verifyTextPresent("UDF2 Label:", false)): null

04-10-2024T23:55:43 - [MESSAGE][PASSED] - Text 'UDF2 Label:' is present on page 

04-10-2024T23:55:43 - [TEST_STEP][PASSED] - isRequiredTextPresent = true: null

04-10-2024T23:55:43 - [TEST_STEP][PASSED] - println(isRequiredTextPresent): null

04-10-2024T23:55:43 - [TEST_STEP][PASSED] - if (isRequiredTextPresent): null

04-10-2024T23:55:43 - [TEST_STEP][PASSED] - if (verifyTextPresent("UDF3 Label:", false)): null

04-10-2024T23:55:43 - [MESSAGE][PASSED] - Text 'UDF3 Label:' is present on page 

04-10-2024T23:55:43 - [TEST_STEP][PASSED] - isRequiredTextPresent = true: null

04-10-2024T23:55:43 - [TEST_STEP][PASSED] - println(isRequiredTextPresent): null

04-10-2024T23:55:43 - [TEST_STEP][PASSED] - if (isRequiredTextPresent): null

04-10-2024T23:55:43 - [TEST_STEP][PASSED] - if (verifyTextPresent("UDF4 Label:", false)): null

04-10-2024T23:55:43 - [MESSAGE][PASSED] - Text 'UDF4 Label:' is present on page 

04-10-2024T23:55:43 - [TEST_STEP][PASSED] - isRequiredTextPresent = true: null

04-10-2024T23:55:43 - [TEST_STEP][PASSED] - println(isRequiredTextPresent): null

04-10-2024T23:55:43 - [TEST_STEP][PASSED] - if (isRequiredTextPresent): null

04-10-2024T23:55:43 - [TEST_STEP][PASSED] - if (verifyTextPresent("UDF7 Label:", false)): null

04-10-2024T23:55:44 - [MESSAGE][PASSED] - Text 'UDF7 Label:' is present on page 

04-10-2024T23:55:44 - [TEST_STEP][PASSED] - isRequiredTextPresent = true: null

04-10-2024T23:55:44 - [TEST_STEP][PASSED] - println(isRequiredTextPresent): null

04-10-2024T23:55:44 - [TEST_STEP][PASSED] - if (isRequiredTextPresent): null

04-10-2024T23:55:44 - [TEST_STEP][PASSED] - if (verifyTextPresent("UDF8 Label:", false)): null

04-10-2024T23:55:44 - [MESSAGE][PASSED] - Text 'UDF8 Label:' is present on page 

04-10-2024T23:55:44 - [TEST_STEP][PASSED] - isRequiredTextPresent = true: null

04-10-2024T23:55:44 - [TEST_STEP][PASSED] - println(isRequiredTextPresent): null

04-10-2024T23:55:44 - [TEST_STEP][PASSED] - if (isRequiredTextPresent): null

04-10-2024T23:55:44 - [TEST_STEP][PASSED] - if (verifyTextPresent("UDF9 Label:", false)): null

04-10-2024T23:55:44 - [MESSAGE][PASSED] - Text 'UDF9 Label:' is present on page 

04-10-2024T23:55:44 - [TEST_STEP][PASSED] - isRequiredTextPresent = true: null

04-10-2024T23:55:44 - [TEST_STEP][PASSED] - println(isRequiredTextPresent): null

04-10-2024T23:55:44 - [TEST_STEP][PASSED] - if (isRequiredTextPresent): null

04-10-2024T23:55:44 - [TEST_STEP][PASSED] - if (verifyTextPresent("Transaction Type:", false)): null

04-10-2024T23:55:45 - [MESSAGE][PASSED] - Text 'Transaction Type:' is present on page 

04-10-2024T23:55:45 - [TEST_STEP][PASSED] - isRequiredTextPresent = true: null

04-10-2024T23:55:45 - [TEST_STEP][PASSED] - println(isRequiredTextPresent): null

04-10-2024T23:55:45 - [TEST_STEP][PASSED] - if (isRequiredTextPresent): null

04-10-2024T23:55:45 - [TEST_STEP][PASSED] - if (verifyTextPresent("Amount:", false)): null

04-10-2024T23:55:45 - [MESSAGE][PASSED] - Text 'Amount:' is present on page 

04-10-2024T23:55:45 - [TEST_STEP][PASSED] - isRequiredTextPresent = true: null

04-10-2024T23:55:45 - [TEST_STEP][PASSED] - println(isRequiredTextPresent): null

04-10-2024T23:55:45 - [TEST_STEP][PASSED] - if (isRequiredTextPresent): null

04-10-2024T23:55:45 - [TEST_STEP][PASSED] - if (verifyTextPresent("Card Information:", false)): null

04-10-2024T23:55:45 - [MESSAGE][PASSED] - Text 'Card Information:' is present on page 

04-10-2024T23:55:45 - [TEST_STEP][PASSED] - isRequiredTextPresent = true: null

04-10-2024T23:55:45 - [TEST_STEP][PASSED] - println(isRequiredTextPresent): null

04-10-2024T23:55:45 - [TEST_STEP][PASSED] - if (isRequiredTextPresent): null

04-10-2024T23:55:45 - [TEST_STEP][PASSED] - if (verifyTextPresent("Card Type:", false)): null

04-10-2024T23:55:45 - [MESSAGE][PASSED] - Text 'Card Type:' is present on page 

04-10-2024T23:55:45 - [TEST_STEP][PASSED] - isRequiredTextPresent = true: null

04-10-2024T23:55:45 - [TEST_STEP][PASSED] - println(isRequiredTextPresent): null

04-10-2024T23:55:45 - [TEST_STEP][PASSED] - if (isRequiredTextPresent): null

04-10-2024T23:55:45 - [TEST_STEP][PASSED] - if (verifyTextPresent("Name of Account:", false)): null

04-10-2024T23:55:46 - [MESSAGE][PASSED] - Text 'Name of Account:' is present on page 

04-10-2024T23:55:46 - [TEST_STEP][PASSED] - isRequiredTextPresent = true: null

04-10-2024T23:55:46 - [TEST_STEP][PASSED] - println(isRequiredTextPresent): null

04-10-2024T23:55:46 - [TEST_STEP][PASSED] - if (isRequiredTextPresent): null

04-10-2024T23:55:46 - [TEST_STEP][PASSED] - if (verifyTextPresent("Card Number:", false)): null

04-10-2024T23:55:46 - [MESSAGE][PASSED] - Text 'Card Number:' is present on page 

04-10-2024T23:55:46 - [TEST_STEP][PASSED] - isRequiredTextPresent = true: null

04-10-2024T23:55:46 - [TEST_STEP][PASSED] - println(isRequiredTextPresent): null

04-10-2024T23:55:46 - [TEST_STEP][PASSED] - if (isRequiredTextPresent): null

04-10-2024T23:55:46 - [TEST_STEP][PASSED] - if (verifyTextPresent("Expiration Date:", false)): null

04-10-2024T23:55:46 - [MESSAGE][PASSED] - Text 'Expiration Date:' is present on page 

04-10-2024T23:55:46 - [TEST_STEP][PASSED] - isRequiredTextPresent = true: null

04-10-2024T23:55:46 - [TEST_STEP][PASSED] - println(isRequiredTextPresent): null

04-10-2024T23:55:46 - [TEST_STEP][PASSED] - if (isRequiredTextPresent): null

04-10-2024T23:55:46 - [TEST_STEP][PASSED] - if (verifyTextPresent("Billing Information:", false)): null

04-10-2024T23:55:47 - [MESSAGE][PASSED] - Text 'Billing Information:' is present on page 

04-10-2024T23:55:47 - [TEST_STEP][PASSED] - isRequiredTextPresent = true: null

04-10-2024T23:55:47 - [TEST_STEP][PASSED] - println(isRequiredTextPresent): null

04-10-2024T23:55:47 - [TEST_STEP][PASSED] - if (isRequiredTextPresent): null

04-10-2024T23:55:47 - [TEST_STEP][PASSED] - if (verifyTextPresent("Address Line 1:", false)): null

04-10-2024T23:55:47 - [MESSAGE][PASSED] - Text 'Address Line 1:' is present on page 

04-10-2024T23:55:47 - [TEST_STEP][PASSED] - isRequiredTextPresent = true: null

04-10-2024T23:55:47 - [TEST_STEP][PASSED] - println(isRequiredTextPresent): null

04-10-2024T23:55:47 - [TEST_STEP][PASSED] - if (isRequiredTextPresent): null

04-10-2024T23:55:47 - [TEST_STEP][PASSED] - if (verifyTextPresent("Address Line 2:", false)): null

04-10-2024T23:55:47 - [MESSAGE][PASSED] - Text 'Address Line 2:' is present on page 

04-10-2024T23:55:47 - [TEST_STEP][PASSED] - isRequiredTextPresent = true: null

04-10-2024T23:55:47 - [TEST_STEP][PASSED] - println(isRequiredTextPresent): null

04-10-2024T23:55:47 - [TEST_STEP][PASSED] - if (isRequiredTextPresent): null

04-10-2024T23:55:47 - [TEST_STEP][PASSED] - if (verifyTextPresent("Country:", false)): null

04-10-2024T23:55:47 - [MESSAGE][PASSED] - Text 'Country:' is present on page 

04-10-2024T23:55:47 - [TEST_STEP][PASSED] - isRequiredTextPresent = true: null

04-10-2024T23:55:47 - [TEST_STEP][PASSED] - println(isRequiredTextPresent): null

04-10-2024T23:55:47 - [TEST_STEP][PASSED] - if (isRequiredTextPresent): null

04-10-2024T23:55:47 - [TEST_STEP][PASSED] - if (verifyTextPresent("City:", false)): null

04-10-2024T23:55:48 - [MESSAGE][PASSED] - Text 'City:' is present on page 

04-10-2024T23:55:48 - [TEST_STEP][PASSED] - isRequiredTextPresent = true: null

04-10-2024T23:55:48 - [TEST_STEP][PASSED] - println(isRequiredTextPresent): null

04-10-2024T23:55:48 - [TEST_STEP][PASSED] - if (isRequiredTextPresent): null

04-10-2024T23:55:48 - [TEST_STEP][PASSED] - if (verifyTextPresent("State:", false)): null

04-10-2024T23:55:48 - [MESSAGE][PASSED] - Text 'State:' is present on page 

04-10-2024T23:55:48 - [TEST_STEP][PASSED] - isRequiredTextPresent = true: null

04-10-2024T23:55:48 - [TEST_STEP][PASSED] - println(isRequiredTextPresent): null

04-10-2024T23:55:48 - [TEST_STEP][PASSED] - if (isRequiredTextPresent): null

04-10-2024T23:55:48 - [TEST_STEP][PASSED] - if (verifyTextPresent("Zip Code:", false)): null

04-10-2024T23:55:48 - [MESSAGE][PASSED] - Text 'Zip Code:' is present on page 

04-10-2024T23:55:48 - [TEST_STEP][PASSED] - isRequiredTextPresent = true: null

04-10-2024T23:55:48 - [TEST_STEP][PASSED] - println(isRequiredTextPresent): null

04-10-2024T23:55:48 - [TEST_STEP][PASSED] - if (isRequiredTextPresent): null

04-10-2024T23:55:48 - [TEST_STEP][PASSED] - if (verifyTextPresent("Plan Information:", false)): null

04-10-2024T23:55:49 - [MESSAGE][PASSED] - Text 'Plan Information:' is present on page 

04-10-2024T23:55:49 - [TEST_STEP][PASSED] - isRequiredTextPresent = true: null

04-10-2024T23:55:49 - [TEST_STEP][PASSED] - println(isRequiredTextPresent): null

04-10-2024T23:55:49 - [TEST_STEP][PASSED] - if (isRequiredTextPresent): null

04-10-2024T23:55:49 - [TEST_STEP][PASSED] - if (verifyTextPresent("Payment Plan Type:", false)): null

04-10-2024T23:55:49 - [MESSAGE][PASSED] - Text 'Payment Plan Type:' is present on page 

04-10-2024T23:55:49 - [TEST_STEP][PASSED] - isRequiredTextPresent = true: null

04-10-2024T23:55:49 - [TEST_STEP][PASSED] - println(isRequiredTextPresent): null

04-10-2024T23:55:49 - [TEST_STEP][PASSED] - if (isRequiredTextPresent): null

04-10-2024T23:55:49 - [TEST_STEP][PASSED] - if (verifyTextPresent("Payment Plan ID:", false)): null

04-10-2024T23:55:49 - [MESSAGE][PASSED] - Text 'Payment Plan ID:' is present on page 

04-10-2024T23:55:49 - [TEST_STEP][PASSED] - isRequiredTextPresent = true: null

04-10-2024T23:55:49 - [TEST_STEP][PASSED] - println(isRequiredTextPresent): null

04-10-2024T23:55:49 - [TEST_STEP][PASSED] - if (isRequiredTextPresent): null

04-10-2024T23:55:49 - [TEST_STEP][PASSED] - if (verifyTextPresent("Start Date:", false)): null

04-10-2024T23:55:49 - [MESSAGE][PASSED] - Text 'Start Date:' is present on page 

04-10-2024T23:55:49 - [TEST_STEP][PASSED] - isRequiredTextPresent = true: null

04-10-2024T23:55:49 - [TEST_STEP][PASSED] - println(isRequiredTextPresent): null

04-10-2024T23:55:49 - [TEST_STEP][PASSED] - if (isRequiredTextPresent == true): pages.WriteExcel.demoKey is PASSED

04-10-2024T23:55:49 - [TEST_STEP][PASSED] - println("All the relevant texts are present on Receipt Page"): null

04-10-2024T23:55:49 - [TEST_STEP][PASSED] - markPassed("All the relevant texts are present on Receipt Page"): All the relevant texts are present on Receipt Page

04-10-2024T23:55:49 - [MESSAGE][PASSED] - All the relevant texts are present on Receipt Page

04-10-2024T23:55:49 - [TEST_STEP][PASSED] - resText = "Pass": null

04-10-2024T23:55:49 - [TEST_STEP][PASSED] - pages.WriteExcel.demoKey(resText, datText, resColumn, datCloumn, fileLoc, nameSheet, row): pages.WriteExcel.demoKey is PASSED

04-10-2024T23:55:49 - [MESSAGE][PASSED] - pages.WriteExcel.demoKey is PASSED

04-10-2024T23:55:49 - [TEST_STEP][PASSED] - closeBrowser(): Browser is closed

04-10-2024T23:55:50 - [MESSAGE][PASSED] - Browser is closed]]></system-out>
         <system-err><![CDATA[]]></system-err>
      </testcase>
      <testcase name="Test Cases/IntegratedWeb/IWP25/Payments/VerifyEditReceiptLabelsDeferredCorp" time="85.125" classname="Test Cases/IntegratedWeb/IWP25/Payments/VerifyEditReceiptLabelsDeferredCorp" status="PASSED">
         <system-out><![CDATA[04-10-2024T23:55:50 - [TEST_CASE][PASSED] - Test Cases/IntegratedWeb/IWP25/Payments/VerifyEditReceiptLabelsDeferredCorp: Test Cases/IntegratedWeb/IWP25/Payments/VerifyEditReceiptLabelsDeferredCorp

04-10-2024T23:55:51 - [TEST_STEP][PASSED] - resText = "Fail": null

04-10-2024T23:55:51 - [TEST_STEP][PASSED] - resColumn = "Result": null

04-10-2024T23:55:51 - [TEST_STEP][PASSED] - datCloumn = "Date": null

04-10-2024T23:55:51 - [TEST_STEP][PASSED] - fileLoc = "KatalonData/IWPTestData/VRelay25PaymentsExtension.xlsx": null

04-10-2024T23:55:51 - [TEST_STEP][PASSED] - numOfRows = <not implemented yet for class: org.codehaus.groovy.ast.expr.EmptyExpression>: null

04-10-2024T23:55:51 - [TEST_STEP][PASSED] - nameSheet = <not implemented yet for class: org.codehaus.groovy.ast.expr.EmptyExpression>: null

04-10-2024T23:55:51 - [TEST_STEP][PASSED] - dataFileEmulator = <not implemented yet for class: org.codehaus.groovy.ast.expr.EmptyExpression>: null

04-10-2024T23:55:51 - [TEST_STEP][PASSED] - isRequiredTextPresent = false: null

04-10-2024T23:55:51 - [TEST_STEP][PASSED] - nameSheet = "VerifyEditLabelDeferredCorp": null

04-10-2024T23:55:51 - [TEST_STEP][PASSED] - dataFile = getExcelDataWithDefaultSheet("KatalonData/IWPTestData/VRelay25PaymentsExtension.xlsx", nameSheet, true): null

04-10-2024T23:55:51 - [TEST_STEP][PASSED] - dataFileEmulator = "IWPTestData/EmulatorData": null

04-10-2024T23:55:51 - [TEST_STEP][PASSED] - numOfRows = dataFile.getRowNumbers(): null

04-10-2024T23:55:51 - [TEST_STEP][PASSED] - println("Number of Records: " + numOfRows): null

04-10-2024T23:55:51 - [TEST_STEP][PASSED] - columnNames = dataFile.getColumnNames(): null

04-10-2024T23:55:51 - [TEST_STEP][PASSED] - println(columnNames[0]): null

04-10-2024T23:55:51 - [TEST_STEP][PASSED] - for ([row = 1, row <= numOfRows, (row++)]): Browser is closed

04-10-2024T23:55:51 - [TEST_STEP][PASSED] - ExecuteTC = dataFile.getValue("Execute", row): null

04-10-2024T23:55:51 - [TEST_STEP][PASSED] - out.println("Value of Execute is : " + ExecuteTC): null

04-10-2024T23:55:51 - [TEST_STEP][PASSED] - if (ExecuteTC.equalsIgnoreCase("Y")): null

04-10-2024T23:55:51 - [TEST_STEP][PASSED] - out.println("Begin Record Number: " + row): null

04-10-2024T23:55:51 - [TEST_STEP][PASSED] - today = new java.util.Date(): null

04-10-2024T23:55:51 - [TEST_STEP][PASSED] - println(today): null

04-10-2024T23:55:51 - [TEST_STEP][PASSED] - datText = today: null

04-10-2024T23:55:51 - [TEST_STEP][PASSED] - EmulatorDataKey = dataFile.getValue("EmulatorData", row): null

04-10-2024T23:55:51 - [TEST_STEP][PASSED] - out.println("Value of Emulator Key is : " + EmulatorDataKey): null

04-10-2024T23:55:51 - [TEST_STEP][PASSED] - iwpPages.emulatorIWP30.setDataEmulator_DD(EmulatorDataKey): iwpPages.emulatorIWP30.setDataEmulator_DD is PASSED

04-10-2024T23:55:51 - [MESSAGE][INFO] - Starting 'Edge Chromium' driver

04-10-2024T23:55:51 - [MESSAGE][INFO] - User set preference: ['acceptInsecureCerts', 'true']

04-10-2024T23:55:53 - [MESSAGE][INFO] - Action delay is set to 0 milliseconds

04-10-2024T23:55:58 - [MESSAGE][PASSED] - Browser is opened with url: 'https://qa.velocitypayment.com/agency/config.do?action=editor&message_version=2_5'

04-10-2024T23:55:58 - [MESSAGE][PASSED] - Current window maximized

04-10-2024T23:55:59 - [MESSAGE][PASSED] - All options with value '2.5' are selected in object 'Object Repository/IWP30/Page_VRelay30Emulator/MV'  using regular expression

04-10-2024T23:55:59 - [MESSAGE][PASSED] - Text '10.50' is set on object 'Object Repository/IWP30/Page_VRelay30Emulator/Amount'

04-10-2024T23:56:00 - [MESSAGE][PASSED] - Text 'xkCXx2BQLygq' is set on object 'Object Repository/IWP30/Page_VRelay30Emulator/CAN'

04-10-2024T23:56:01 - [MESSAGE][PASSED] - Text 'PayNow' is set on object 'Object Repository/IWP30/Page_VRelay30Emulator/Action'

04-10-2024T23:56:01 - [MESSAGE][PASSED] - Text 'en_US' is set on object 'Object Repository/IWP30/Page_VRelay30Emulator/Lang'

04-10-2024T23:56:02 - [MESSAGE][PASSED] - Text '' is set on object 'Object Repository/IWP30/Page_VRelay30Emulator/Fname'

04-10-2024T23:56:02 - [MESSAGE][PASSED] - Text '' is set on object 'Object Repository/IWP30/Page_VRelay30Emulator/Lname'

04-10-2024T23:56:03 - [MESSAGE][PASSED] - Text '' is set on object 'Object Repository/IWP30/Page_VRelay30Emulator/AL1'

04-10-2024T23:56:04 - [MESSAGE][PASSED] - Text '' is set on object 'Object Repository/IWP30/Page_VRelay30Emulator/AL2'

04-10-2024T23:56:04 - [MESSAGE][PASSED] - Text '' is set on object 'Object Repository/IWP30/Page_VRelay30Emulator/Country'

04-10-2024T23:56:05 - [MESSAGE][PASSED] - Text '' is set on object 'Object Repository/IWP30/Page_VRelay30Emulator/City'

04-10-2024T23:56:05 - [MESSAGE][PASSED] - Text '' is set on object 'Object Repository/IWP30/Page_VRelay30Emulator/State'

04-10-2024T23:56:06 - [MESSAGE][PASSED] - Text '' is set on object 'Object Repository/IWP30/Page_VRelay30Emulator/ZIP'

04-10-2024T23:56:07 - [MESSAGE][PASSED] - Text '' is set on object 'Object Repository/IWP30/Page_VRelay30Emulator/Order'

04-10-2024T23:56:07 - [MESSAGE][PASSED] - Text '' is set on object 'Object Repository/IWP30/Page_VRelay30Emulator/Company'

04-10-2024T23:56:08 - [MESSAGE][PASSED] - Text '' is set on object 'Object Repository/IWP30/Page_VRelay30Emulator/Email'

04-10-2024T23:56:08 - [MESSAGE][PASSED] - Text '' is set on object 'Object Repository/IWP30/Page_VRelay30Emulator/UDF1'

04-10-2024T23:56:09 - [MESSAGE][PASSED] - Text '' is set on object 'Object Repository/IWP30/Page_VRelay30Emulator/UDF2'

04-10-2024T23:56:10 - [MESSAGE][PASSED] - Text '' is set on object 'Object Repository/IWP30/Page_VRelay30Emulator/UDF3'

04-10-2024T23:56:10 - [MESSAGE][PASSED] - Text 'udf data 4' is set on object 'Object Repository/IWP30/Page_VRelay30Emulator/UDF4'

04-10-2024T23:56:11 - [MESSAGE][PASSED] - Text 'udf data 5' is set on object 'Object Repository/IWP30/Page_VRelay30Emulator/UDF5'

04-10-2024T23:56:11 - [MESSAGE][PASSED] - Text '' is set on object 'Object Repository/IWP30/Page_VRelay30Emulator/UDF6'

04-10-2024T23:56:12 - [MESSAGE][PASSED] - Text '' is set on object 'Object Repository/IWP30/Page_VRelay30Emulator/UDF7'

04-10-2024T23:56:13 - [MESSAGE][PASSED] - Text '' is set on object 'Object Repository/IWP30/Page_VRelay30Emulator/UDF8'

04-10-2024T23:56:13 - [MESSAGE][PASSED] - Text 'udf data 9' is set on object 'Object Repository/IWP30/Page_VRelay30Emulator/UDF9'

04-10-2024T23:56:14 - [MESSAGE][PASSED] - Text 'udf data 10' is set on object 'Object Repository/IWP30/Page_VRelay30Emulator/UDF10'

04-10-2024T23:56:15 - [MESSAGE][PASSED] - Object: 'Object Repository/IWP30/Page_VRelay30Emulator/Submit' is clicked on

04-10-2024T23:56:19 - [MESSAGE][PASSED] - Browser is closed

04-10-2024T23:56:23 - [MESSAGE][PASSED] - iwpPages.emulatorIWP30.setDataEmulator_DD is PASSED

04-10-2024T23:56:23 - [TEST_STEP][PASSED] - testHarnessURL = urlTestHarness: null

04-10-2024T23:56:23 - [TEST_STEP][PASSED] - openBrowser(testHarnessURL): Browser is opened with url: 'https://dev-algorithm.govolution.com/vrelaytest/QA/version_2_2/vrelaytest.html'

04-10-2024T23:56:23 - [MESSAGE][INFO] - Starting 'Edge Chromium' driver

04-10-2024T23:56:23 - [MESSAGE][INFO] - User set preference: ['acceptInsecureCerts', 'true']

04-10-2024T23:56:25 - [MESSAGE][INFO] - Action delay is set to 0 milliseconds

04-10-2024T23:56:29 - [MESSAGE][PASSED] - Browser is opened with url: 'https://dev-algorithm.govolution.com/vrelaytest/QA/version_2_2/vrelaytest.html'

04-10-2024T23:56:29 - [TEST_STEP][PASSED] - maximizeWindow(): Current window maximized

04-10-2024T23:56:29 - [MESSAGE][PASSED] - Current window maximized

04-10-2024T23:56:29 - [TEST_STEP][PASSED] - iwpPages.TestHarnessPage.setDataMethodEF(row, dataFile): iwpPages.TestHarnessPage.setDataMethodEF is PASSED

04-10-2024T23:56:29 - [MESSAGE][PASSED] - Object 'Object Repository/IWP30/Page_QATestHarness/RemittanceID' is present

04-10-2024T23:56:30 - [MESSAGE][PASSED] - Text '638' is set on object 'Object Repository/IWP30/Page_QATestHarness/ApplicationID'

04-10-2024T23:56:30 - [MESSAGE][PASSED] - Text '2.5' is set on object 'Object Repository/IWP30/Page_QATestHarness/MessageVersion'

04-10-2024T23:56:31 - [MESSAGE][PASSED] - Text '5dl1xzMXCghF' is set on object 'Object Repository/IWP30/Page_QATestHarness/RemittanceID'

04-10-2024T23:56:35 - [MESSAGE][PASSED] - Object: 'Object Repository/IWP30/Page_QATestHarness/SubmitButton' is clicked on

04-10-2024T23:56:35 - [MESSAGE][PASSED] - iwpPages.TestHarnessPage.setDataMethodEF is PASSED

04-10-2024T23:56:35 - [TEST_STEP][PASSED] - click(findTestObject("Object Repository/IWP30/Page_SelectPaymentMethod/PayByCorporateCheck")): Object: 'Object Repository/IWP30/Page_SelectPaymentMethod/PayByCorporateCheck' is clicked on

04-10-2024T23:56:36 - [MESSAGE][PASSED] - Object: 'Object Repository/IWP30/Page_SelectPaymentMethod/PayByCorporateCheck' is clicked on

04-10-2024T23:56:36 - [TEST_STEP][PASSED] - click(findTestObject("Object Repository/IWP30/Page_SelectPaymentMethod/MakePaymentButton")): Object: 'Object Repository/IWP30/Page_SelectPaymentMethod/MakePaymentButton' is clicked on

04-10-2024T23:56:37 - [MESSAGE][PASSED] - Object: 'Object Repository/IWP30/Page_SelectPaymentMethod/MakePaymentButton' is clicked on

04-10-2024T23:56:37 - [TEST_STEP][PASSED] - iwpPages.achCorporatePaymentEntryPage.setDataCorporate(row, dataFile): iwpPages.achCorporatePaymentEntryPage.setDataCorporate is PASSED

04-10-2024T23:56:38 - [MESSAGE][PASSED] - Object 'Object Repository/IWP30/Page_ACHCorporatePaymentEntry/txt_accountNumber' is present

04-10-2024T23:56:38 - [MESSAGE][PASSED] - Object 'Object Repository/IWP30/Page_ACHCorporatePaymentEntry/input_CompanyName' is present

04-10-2024T23:56:39 - [MESSAGE][PASSED] - Text 'My Company' is set on object 'Object Repository/IWP30/Page_ACHCorporatePaymentEntry/input_CompanyName'

04-10-2024T23:56:39 - [MESSAGE][PASSED] - Object 'Object Repository/IWP30/Page_ACHCorporatePaymentEntry/input_EIN' is present

04-10-2024T23:56:40 - [MESSAGE][PASSED] - Text '123456789' is set on object 'Object Repository/IWP30/Page_ACHCorporatePaymentEntry/input_EIN'

04-10-2024T23:56:40 - [MESSAGE][PASSED] - Text '10.50' is set on object 'Object Repository/IWP30/Page_ACHCorporatePaymentEntry/txt_Amount'

04-10-2024T23:56:41 - [MESSAGE][PASSED] - Text 'udf data 2' is set on object 'Object Repository/IWP30/Page_ACHCorporatePaymentEntry/txt_UDF2'

04-10-2024T23:56:41 - [MESSAGE][PASSED] - Text 'udf data 3' is set on object 'Object Repository/IWP30/Page_ACHCorporatePaymentEntry/txt_UDF3'

04-10-2024T23:56:42 - [MESSAGE][PASSED] - All options with label 'Orange' are selected in object 'Object Repository/IWP30/Page_ACHCorporatePaymentEntry/dd_UDF7' 

04-10-2024T23:56:42 - [MESSAGE][PASSED] - All options with label 'Soccer' are selected in object 'Object Repository/IWP30/Page_ACHCorporatePaymentEntry/dd_UDF8' 

04-10-2024T23:56:43 - [MESSAGE][PASSED] - Object 'Object Repository/IWP30/Page_ACHCorporatePaymentEntry/txt_routingNumber' is present

04-10-2024T23:56:43 - [MESSAGE][PASSED] - Text '256072691' is set on object 'Object Repository/IWP30/Page_ACHCorporatePaymentEntry/txt_routingNumber'

04-10-2024T23:56:44 - [MESSAGE][PASSED] - Object 'Object Repository/IWP30/Page_ACHCorporatePaymentEntry/txt_accountNumber' is present

04-10-2024T23:56:45 - [MESSAGE][PASSED] - Text '12344444' is set on object 'Object Repository/IWP30/Page_ACHCorporatePaymentEntry/txt_accountNumber'

04-10-2024T23:56:45 - [MESSAGE][PASSED] - Object 'Object Repository/IWP30/Page_ACHCorporatePaymentEntry/txt_confirmAccountNumber' is present

04-10-2024T23:56:46 - [MESSAGE][PASSED] - Text '12344444' is set on object 'Object Repository/IWP30/Page_ACHCorporatePaymentEntry/txt_confirmAccountNumber'

04-10-2024T23:56:46 - [MESSAGE][PASSED] - Execute JavaScript '
				   document.getElementById('processDate').value = '08/09/2025'
				  ' successfully

04-10-2024T23:56:46 - [MESSAGE][PASSED] - Text '365 Main Avenue' is set on object 'Object Repository/IWP30/Page_ACHCorporatePaymentEntry/txt_AL1'

04-10-2024T23:56:47 - [MESSAGE][PASSED] - Text 'Ohio' is set on object 'Object Repository/IWP30/Page_ACHCorporatePaymentEntry/txt_AL2'

04-10-2024T23:56:48 - [MESSAGE][PASSED] - Text '22201' is set on object 'Object Repository/IWP30/Page_ACHCorporatePaymentEntry/txt_ZIP'

04-10-2024T23:56:48 - [MESSAGE][PASSED] - Object 'Object Repository/IWP30/Page_ACHCorporatePaymentEntry/txt_Email' is present

04-10-2024T23:56:49 - [MESSAGE][PASSED] - Text 'iahmed@govolution.com' is set on object 'Object Repository/IWP30/Page_ACHCorporatePaymentEntry/txt_Email'

04-10-2024T23:56:49 - [MESSAGE][PASSED] - Object 'Object Repository/IWP30/Page_ACHCorporatePaymentEntry/cb_TermsAndCond' is present

04-10-2024T23:56:50 - [MESSAGE][PASSED] - Object: 'Object Repository/IWP30/Page_ACHCorporatePaymentEntry/cb_TermsAndCond' is clicked on

04-10-2024T23:56:50 - [MESSAGE][PASSED] - Object 'Object Repository/IWP30/Page_ACHCorporatePaymentEntry/btn_Continue' is present

04-10-2024T23:56:51 - [MESSAGE][PASSED] - Object: 'Object Repository/IWP30/Page_ACHCorporatePaymentEntry/btn_Continue' is clicked on

04-10-2024T23:56:51 - [MESSAGE][PASSED] - iwpPages.achCorporatePaymentEntryPage.setDataCorporate is PASSED

04-10-2024T23:56:51 - [TEST_STEP][PASSED] - click(findTestObject("Object Repository/IWP30/Page_Confirmation/ConfirmButton")): Object: 'Object Repository/IWP30/Page_Confirmation/ConfirmButton' is clicked on

04-10-2024T23:56:53 - [MESSAGE][PASSED] - Object: 'Object Repository/IWP30/Page_Confirmation/ConfirmButton' is clicked on

04-10-2024T23:56:53 - [TEST_STEP][PASSED] - Thread.sleep(2000): null

04-10-2024T23:56:55 - [TEST_STEP][PASSED] - if (verifyTextPresent("Deferred", false)): null

04-10-2024T23:56:55 - [MESSAGE][PASSED] - Text 'Deferred' is present on page 

04-10-2024T23:56:55 - [TEST_STEP][PASSED] - click(findTestObject("Object Repository/IWP30/Page_Receipt/ViewScheduledPaymentsButton")): Object: 'Object Repository/IWP30/Page_Receipt/ViewScheduledPaymentsButton' is clicked on

04-10-2024T23:56:55 - [MESSAGE][PASSED] - Object: 'Object Repository/IWP30/Page_Receipt/ViewScheduledPaymentsButton' is clicked on

04-10-2024T23:56:55 - [TEST_STEP][PASSED] - switchToWindowTitle("View Scheduled Payments"): Switched to window with title: 'View Scheduled Payments'

04-10-2024T23:56:56 - [MESSAGE][PASSED] - Switched to window with title: 'View Scheduled Payments'

04-10-2024T23:56:56 - [TEST_STEP][PASSED] - Thread.sleep(5000): null

04-10-2024T23:57:01 - [TEST_STEP][PASSED] - if (verifyTextPresent("View Scheduled Payments", false)): null

04-10-2024T23:57:01 - [MESSAGE][PASSED] - Text 'View Scheduled Payments' is present on page 

04-10-2024T23:57:01 - [TEST_STEP][PASSED] - click(findTestObject("Object Repository/IWP30/Page_ScheduledPayments/edit_payment")): Object: 'Object Repository/IWP30/Page_ScheduledPayments/edit_payment' is clicked on

04-10-2024T23:57:03 - [MESSAGE][PASSED] - Object: 'Object Repository/IWP30/Page_ScheduledPayments/edit_payment' is clicked on

04-10-2024T23:57:03 - [TEST_STEP][PASSED] - iwpPages.editSchedulePayment.setDataSchedPaymentEF(row, dataFile): iwpPages.editSchedulePayment.setDataSchedPaymentEF is PASSED

04-10-2024T23:57:04 - [MESSAGE][PASSED] - Text 'Edit Payment Plan' is present on page 

04-10-2024T23:57:04 - [MESSAGE][PASSED] - All options with label 'Orange' are selected in object 'Object Repository/IWP30/Page_CCPaymentEntry/UserDefined7' 

04-10-2024T23:57:05 - [MESSAGE][PASSED] - All options with label 'Soccer' are selected in object 'Object Repository/IWP30/Page_CCPaymentEntry/UserDefined8' 

04-10-2024T23:57:05 - [MESSAGE][PASSED] - Execute JavaScript '
				   document.getElementById('processDate').value = '08/09/2045'
				  ' successfully

04-10-2024T23:57:05 - [MESSAGE][PASSED] - iwpPages.editSchedulePayment.setDataSchedPaymentEF is PASSED

04-10-2024T23:57:05 - [TEST_STEP][PASSED] - click(findTestObject("Object Repository/Page_EditSchedPayment/chkbox_acceptterms")): Object: 'Object Repository/Page_EditSchedPayment/chkbox_acceptterms' is clicked on

04-10-2024T23:57:05 - [MESSAGE][PASSED] - Object: 'Object Repository/Page_EditSchedPayment/chkbox_acceptterms' is clicked on

04-10-2024T23:57:05 - [TEST_STEP][PASSED] - click(findTestObject("Object Repository/Page_EditSchedPayment/btn_update")): Object: 'Object Repository/Page_EditSchedPayment/btn_update' is clicked on

04-10-2024T23:57:07 - [MESSAGE][PASSED] - Object: 'Object Repository/Page_EditSchedPayment/btn_update' is clicked on

04-10-2024T23:57:07 - [TEST_STEP][PASSED] - if (verifyTextPresent("Successful Payment Plan Update", false)): null

04-10-2024T23:57:07 - [MESSAGE][PASSED] - Text 'Successful Payment Plan Update' is present on page 

04-10-2024T23:57:07 - [TEST_STEP][PASSED] - isRequiredTextPresent = true: null

04-10-2024T23:57:07 - [TEST_STEP][PASSED] - println(isRequiredTextPresent): null

04-10-2024T23:57:07 - [TEST_STEP][PASSED] - if (isRequiredTextPresent): null

04-10-2024T23:57:07 - [TEST_STEP][PASSED] - if (verifyTextPresent("CAN Label:", false)): null

04-10-2024T23:57:08 - [MESSAGE][PASSED] - Text 'CAN Label:' is present on page 

04-10-2024T23:57:08 - [TEST_STEP][PASSED] - isRequiredTextPresent = true: null

04-10-2024T23:57:08 - [TEST_STEP][PASSED] - println(isRequiredTextPresent): null

04-10-2024T23:57:08 - [TEST_STEP][PASSED] - if (isRequiredTextPresent): null

04-10-2024T23:57:08 - [TEST_STEP][PASSED] - if (verifyTextPresent("Remittance ID:", false)): null

04-10-2024T23:57:08 - [MESSAGE][PASSED] - Text 'Remittance ID:' is present on page 

04-10-2024T23:57:08 - [TEST_STEP][PASSED] - isRequiredTextPresent = true: null

04-10-2024T23:57:08 - [TEST_STEP][PASSED] - println(isRequiredTextPresent): null

04-10-2024T23:57:08 - [TEST_STEP][PASSED] - if (isRequiredTextPresent): null

04-10-2024T23:57:08 - [TEST_STEP][PASSED] - if (verifyTextPresent("UDF2 Label:", false)): null

04-10-2024T23:57:08 - [MESSAGE][PASSED] - Text 'UDF2 Label:' is present on page 

04-10-2024T23:57:08 - [TEST_STEP][PASSED] - isRequiredTextPresent = true: null

04-10-2024T23:57:08 - [TEST_STEP][PASSED] - println(isRequiredTextPresent): null

04-10-2024T23:57:08 - [TEST_STEP][PASSED] - if (isRequiredTextPresent): null

04-10-2024T23:57:08 - [TEST_STEP][PASSED] - if (verifyTextPresent("UDF3 Label:", false)): null

04-10-2024T23:57:08 - [MESSAGE][PASSED] - Text 'UDF3 Label:' is present on page 

04-10-2024T23:57:08 - [TEST_STEP][PASSED] - isRequiredTextPresent = true: null

04-10-2024T23:57:08 - [TEST_STEP][PASSED] - println(isRequiredTextPresent): null

04-10-2024T23:57:08 - [TEST_STEP][PASSED] - if (isRequiredTextPresent): null

04-10-2024T23:57:08 - [TEST_STEP][PASSED] - if (verifyTextPresent("UDF4 Label:", false)): null

04-10-2024T23:57:09 - [MESSAGE][PASSED] - Text 'UDF4 Label:' is present on page 

04-10-2024T23:57:09 - [TEST_STEP][PASSED] - isRequiredTextPresent = true: null

04-10-2024T23:57:09 - [TEST_STEP][PASSED] - println(isRequiredTextPresent): null

04-10-2024T23:57:09 - [TEST_STEP][PASSED] - if (isRequiredTextPresent): null

04-10-2024T23:57:09 - [TEST_STEP][PASSED] - if (verifyTextPresent("UDF7 Label:", false)): null

04-10-2024T23:57:09 - [MESSAGE][PASSED] - Text 'UDF7 Label:' is present on page 

04-10-2024T23:57:09 - [TEST_STEP][PASSED] - isRequiredTextPresent = true: null

04-10-2024T23:57:09 - [TEST_STEP][PASSED] - println(isRequiredTextPresent): null

04-10-2024T23:57:09 - [TEST_STEP][PASSED] - if (isRequiredTextPresent): null

04-10-2024T23:57:09 - [TEST_STEP][PASSED] - if (verifyTextPresent("UDF8 Label:", false)): null

04-10-2024T23:57:09 - [MESSAGE][PASSED] - Text 'UDF8 Label:' is present on page 

04-10-2024T23:57:09 - [TEST_STEP][PASSED] - isRequiredTextPresent = true: null

04-10-2024T23:57:09 - [TEST_STEP][PASSED] - println(isRequiredTextPresent): null

04-10-2024T23:57:09 - [TEST_STEP][PASSED] - if (isRequiredTextPresent): null

04-10-2024T23:57:09 - [TEST_STEP][PASSED] - if (verifyTextPresent("UDF9 Label:", false)): null

04-10-2024T23:57:09 - [MESSAGE][PASSED] - Text 'UDF9 Label:' is present on page 

04-10-2024T23:57:09 - [TEST_STEP][PASSED] - isRequiredTextPresent = true: null

04-10-2024T23:57:09 - [TEST_STEP][PASSED] - println(isRequiredTextPresent): null

04-10-2024T23:57:09 - [TEST_STEP][PASSED] - if (isRequiredTextPresent): null

04-10-2024T23:57:09 - [TEST_STEP][PASSED] - if (verifyTextPresent("Transaction Type:", false)): null

04-10-2024T23:57:10 - [MESSAGE][PASSED] - Text 'Transaction Type:' is present on page 

04-10-2024T23:57:10 - [TEST_STEP][PASSED] - isRequiredTextPresent = true: null

04-10-2024T23:57:10 - [TEST_STEP][PASSED] - println(isRequiredTextPresent): null

04-10-2024T23:57:10 - [TEST_STEP][PASSED] - if (isRequiredTextPresent): null

04-10-2024T23:57:10 - [TEST_STEP][PASSED] - if (verifyTextPresent("Amount:", false)): null

04-10-2024T23:57:10 - [MESSAGE][PASSED] - Text 'Amount:' is present on page 

04-10-2024T23:57:10 - [TEST_STEP][PASSED] - isRequiredTextPresent = true: null

04-10-2024T23:57:10 - [TEST_STEP][PASSED] - println(isRequiredTextPresent): null

04-10-2024T23:57:10 - [TEST_STEP][PASSED] - if (isRequiredTextPresent): null

04-10-2024T23:57:10 - [TEST_STEP][PASSED] - if (verifyTextPresent("Check Information:", false)): null

04-10-2024T23:57:10 - [MESSAGE][PASSED] - Text 'Check Information:' is present on page 

04-10-2024T23:57:10 - [TEST_STEP][PASSED] - isRequiredTextPresent = true: null

04-10-2024T23:57:10 - [TEST_STEP][PASSED] - println(isRequiredTextPresent): null

04-10-2024T23:57:10 - [TEST_STEP][PASSED] - if (isRequiredTextPresent): null

04-10-2024T23:57:10 - [TEST_STEP][PASSED] - if (verifyTextPresent("Account Type:", false)): null

04-10-2024T23:57:11 - [MESSAGE][PASSED] - Text 'Account Type:' is present on page 

04-10-2024T23:57:11 - [TEST_STEP][PASSED] - isRequiredTextPresent = true: null

04-10-2024T23:57:11 - [TEST_STEP][PASSED] - println(isRequiredTextPresent): null

04-10-2024T23:57:11 - [TEST_STEP][PASSED] - if (isRequiredTextPresent): null

04-10-2024T23:57:11 - [TEST_STEP][PASSED] - if (verifyTextPresent("Employer Identification Number(EIN):", false)): null

04-10-2024T23:57:11 - [MESSAGE][PASSED] - Text 'Employer Identification Number(EIN):' is present on page 

04-10-2024T23:57:11 - [TEST_STEP][PASSED] - isRequiredTextPresent = true: null

04-10-2024T23:57:11 - [TEST_STEP][PASSED] - println(isRequiredTextPresent): null

04-10-2024T23:57:11 - [TEST_STEP][PASSED] - if (isRequiredTextPresent): null

04-10-2024T23:57:11 - [TEST_STEP][PASSED] - if (verifyTextPresent("Account Number:", false)): null

04-10-2024T23:57:11 - [MESSAGE][PASSED] - Text 'Account Number:' is present on page 

04-10-2024T23:57:11 - [TEST_STEP][PASSED] - isRequiredTextPresent = true: null

04-10-2024T23:57:11 - [TEST_STEP][PASSED] - println(isRequiredTextPresent): null

04-10-2024T23:57:11 - [TEST_STEP][PASSED] - if (isRequiredTextPresent): null

04-10-2024T23:57:11 - [TEST_STEP][PASSED] - if (verifyTextPresent("Routing Number:", false)): null

04-10-2024T23:57:11 - [MESSAGE][PASSED] - Text 'Routing Number:' is present on page 

04-10-2024T23:57:11 - [TEST_STEP][PASSED] - isRequiredTextPresent = true: null

04-10-2024T23:57:11 - [TEST_STEP][PASSED] - println(isRequiredTextPresent): null

04-10-2024T23:57:11 - [TEST_STEP][PASSED] - if (isRequiredTextPresent): null

04-10-2024T23:57:11 - [TEST_STEP][PASSED] - if (verifyTextPresent("Company Name:", false)): null

04-10-2024T23:57:12 - [MESSAGE][PASSED] - Text 'Company Name:' is present on page 

04-10-2024T23:57:12 - [TEST_STEP][PASSED] - isRequiredTextPresent = true: null

04-10-2024T23:57:12 - [TEST_STEP][PASSED] - println(isRequiredTextPresent): null

04-10-2024T23:57:12 - [TEST_STEP][PASSED] - if (isRequiredTextPresent): null

04-10-2024T23:57:12 - [TEST_STEP][PASSED] - if (verifyTextPresent("Billing Information:", false)): null

04-10-2024T23:57:12 - [MESSAGE][PASSED] - Text 'Billing Information:' is present on page 

04-10-2024T23:57:12 - [TEST_STEP][PASSED] - isRequiredTextPresent = true: null

04-10-2024T23:57:12 - [TEST_STEP][PASSED] - println(isRequiredTextPresent): null

04-10-2024T23:57:12 - [TEST_STEP][PASSED] - if (isRequiredTextPresent): null

04-10-2024T23:57:12 - [TEST_STEP][PASSED] - if (verifyTextPresent("Address Line 1:", false)): null

04-10-2024T23:57:12 - [MESSAGE][PASSED] - Text 'Address Line 1:' is present on page 

04-10-2024T23:57:12 - [TEST_STEP][PASSED] - isRequiredTextPresent = true: null

04-10-2024T23:57:12 - [TEST_STEP][PASSED] - println(isRequiredTextPresent): null

04-10-2024T23:57:12 - [TEST_STEP][PASSED] - if (isRequiredTextPresent): null

04-10-2024T23:57:12 - [TEST_STEP][PASSED] - if (verifyTextPresent("Address Line 2:", false)): null

04-10-2024T23:57:12 - [MESSAGE][PASSED] - Text 'Address Line 2:' is present on page 

04-10-2024T23:57:12 - [TEST_STEP][PASSED] - isRequiredTextPresent = true: null

04-10-2024T23:57:12 - [TEST_STEP][PASSED] - println(isRequiredTextPresent): null

04-10-2024T23:57:12 - [TEST_STEP][PASSED] - if (isRequiredTextPresent): null

04-10-2024T23:57:12 - [TEST_STEP][PASSED] - if (verifyTextPresent("Country:", false)): null

04-10-2024T23:57:13 - [MESSAGE][PASSED] - Text 'Country:' is present on page 

04-10-2024T23:57:13 - [TEST_STEP][PASSED] - isRequiredTextPresent = true: null

04-10-2024T23:57:13 - [TEST_STEP][PASSED] - println(isRequiredTextPresent): null

04-10-2024T23:57:13 - [TEST_STEP][PASSED] - if (isRequiredTextPresent): null

04-10-2024T23:57:13 - [TEST_STEP][PASSED] - if (verifyTextPresent("City:", false)): null

04-10-2024T23:57:13 - [MESSAGE][PASSED] - Text 'City:' is present on page 

04-10-2024T23:57:13 - [TEST_STEP][PASSED] - isRequiredTextPresent = true: null

04-10-2024T23:57:13 - [TEST_STEP][PASSED] - println(isRequiredTextPresent): null

04-10-2024T23:57:13 - [TEST_STEP][PASSED] - if (isRequiredTextPresent): null

04-10-2024T23:57:13 - [TEST_STEP][PASSED] - if (verifyTextPresent("State:", false)): null

04-10-2024T23:57:13 - [MESSAGE][PASSED] - Text 'State:' is present on page 

04-10-2024T23:57:13 - [TEST_STEP][PASSED] - isRequiredTextPresent = true: null

04-10-2024T23:57:13 - [TEST_STEP][PASSED] - println(isRequiredTextPresent): null

04-10-2024T23:57:13 - [TEST_STEP][PASSED] - if (isRequiredTextPresent): null

04-10-2024T23:57:13 - [TEST_STEP][PASSED] - if (verifyTextPresent("Zip Code:", false)): null

04-10-2024T23:57:14 - [MESSAGE][PASSED] - Text 'Zip Code:' is present on page 

04-10-2024T23:57:14 - [TEST_STEP][PASSED] - isRequiredTextPresent = true: null

04-10-2024T23:57:14 - [TEST_STEP][PASSED] - println(isRequiredTextPresent): null

04-10-2024T23:57:14 - [TEST_STEP][PASSED] - if (isRequiredTextPresent): null

04-10-2024T23:57:14 - [TEST_STEP][PASSED] - if (verifyTextPresent("Plan Information:", false)): null

04-10-2024T23:57:14 - [MESSAGE][PASSED] - Text 'Plan Information:' is present on page 

04-10-2024T23:57:14 - [TEST_STEP][PASSED] - isRequiredTextPresent = true: null

04-10-2024T23:57:14 - [TEST_STEP][PASSED] - println(isRequiredTextPresent): null

04-10-2024T23:57:14 - [TEST_STEP][PASSED] - if (isRequiredTextPresent): null

04-10-2024T23:57:14 - [TEST_STEP][PASSED] - if (verifyTextPresent("Payment Plan Type:", false)): null

04-10-2024T23:57:14 - [MESSAGE][PASSED] - Text 'Payment Plan Type:' is present on page 

04-10-2024T23:57:14 - [TEST_STEP][PASSED] - isRequiredTextPresent = true: null

04-10-2024T23:57:14 - [TEST_STEP][PASSED] - println(isRequiredTextPresent): null

04-10-2024T23:57:14 - [TEST_STEP][PASSED] - if (isRequiredTextPresent): null

04-10-2024T23:57:14 - [TEST_STEP][PASSED] - if (verifyTextPresent("Payment Plan ID:", false)): null

04-10-2024T23:57:14 - [MESSAGE][PASSED] - Text 'Payment Plan ID:' is present on page 

04-10-2024T23:57:14 - [TEST_STEP][PASSED] - isRequiredTextPresent = true: null

04-10-2024T23:57:14 - [TEST_STEP][PASSED] - println(isRequiredTextPresent): null

04-10-2024T23:57:14 - [TEST_STEP][PASSED] - if (isRequiredTextPresent): null

04-10-2024T23:57:14 - [TEST_STEP][PASSED] - if (verifyTextPresent("Start Date:", false)): null

04-10-2024T23:57:15 - [MESSAGE][PASSED] - Text 'Start Date:' is present on page 

04-10-2024T23:57:15 - [TEST_STEP][PASSED] - isRequiredTextPresent = true: null

04-10-2024T23:57:15 - [TEST_STEP][PASSED] - println(isRequiredTextPresent): null

04-10-2024T23:57:15 - [TEST_STEP][PASSED] - if (isRequiredTextPresent == true): pages.WriteExcel.demoKey is PASSED

04-10-2024T23:57:15 - [TEST_STEP][PASSED] - println("All the relevant texts are present on Receipt Page"): null

04-10-2024T23:57:15 - [TEST_STEP][PASSED] - markPassed("All the relevant texts are present on Receipt Page"): All the relevant texts are present on Receipt Page

04-10-2024T23:57:15 - [MESSAGE][PASSED] - All the relevant texts are present on Receipt Page

04-10-2024T23:57:15 - [TEST_STEP][PASSED] - resText = "Pass": null

04-10-2024T23:57:15 - [TEST_STEP][PASSED] - pages.WriteExcel.demoKey(resText, datText, resColumn, datCloumn, fileLoc, nameSheet, row): pages.WriteExcel.demoKey is PASSED

04-10-2024T23:57:15 - [MESSAGE][PASSED] - pages.WriteExcel.demoKey is PASSED

04-10-2024T23:57:15 - [TEST_STEP][PASSED] - closeBrowser(): Browser is closed

04-10-2024T23:57:15 - [MESSAGE][PASSED] - Browser is closed]]></system-out>
         <system-err><![CDATA[]]></system-err>
      </testcase>
      <testcase name="Test Cases/IntegratedWeb/IWP25/Payments/VerifyEditReceiptLabelsDeferredPC" time="82.87" classname="Test Cases/IntegratedWeb/IWP25/Payments/VerifyEditReceiptLabelsDeferredPC" status="PASSED">
         <system-out><![CDATA[04-10-2024T23:57:15 - [TEST_CASE][PASSED] - Test Cases/IntegratedWeb/IWP25/Payments/VerifyEditReceiptLabelsDeferredPC: Test Cases/IntegratedWeb/IWP25/Payments/VerifyEditReceiptLabelsDeferredPC

04-10-2024T23:57:16 - [TEST_STEP][PASSED] - resText = "Fail": null

04-10-2024T23:57:16 - [TEST_STEP][PASSED] - resColumn = "Result": null

04-10-2024T23:57:16 - [TEST_STEP][PASSED] - datCloumn = "Date": null

04-10-2024T23:57:16 - [TEST_STEP][PASSED] - fileLoc = "KatalonData/IWPTestData/VRelay25PaymentsExtension.xlsx": null

04-10-2024T23:57:16 - [TEST_STEP][PASSED] - numOfRows = <not implemented yet for class: org.codehaus.groovy.ast.expr.EmptyExpression>: null

04-10-2024T23:57:16 - [TEST_STEP][PASSED] - nameSheet = <not implemented yet for class: org.codehaus.groovy.ast.expr.EmptyExpression>: null

04-10-2024T23:57:16 - [TEST_STEP][PASSED] - dataFileEmulator = <not implemented yet for class: org.codehaus.groovy.ast.expr.EmptyExpression>: null

04-10-2024T23:57:16 - [TEST_STEP][PASSED] - isRequiredTextPresent = false: null

04-10-2024T23:57:16 - [TEST_STEP][PASSED] - nameSheet = "VerifyEditLabelDeferredPC": null

04-10-2024T23:57:16 - [TEST_STEP][PASSED] - dataFile = getExcelDataWithDefaultSheet("KatalonData/IWPTestData/VRelay25PaymentsExtension.xlsx", nameSheet, true): null

04-10-2024T23:57:16 - [TEST_STEP][PASSED] - dataFileEmulator = "IWPTestData/EmulatorData": null

04-10-2024T23:57:16 - [TEST_STEP][PASSED] - numOfRows = dataFile.getRowNumbers(): null

04-10-2024T23:57:16 - [TEST_STEP][PASSED] - println("Number of Records: " + numOfRows): null

04-10-2024T23:57:16 - [TEST_STEP][PASSED] - columnNames = dataFile.getColumnNames(): null

04-10-2024T23:57:16 - [TEST_STEP][PASSED] - println(columnNames[0]): null

04-10-2024T23:57:16 - [TEST_STEP][PASSED] - for ([row = 1, row <= numOfRows, (row++)]): Browser is closed

04-10-2024T23:57:16 - [TEST_STEP][PASSED] - ExecuteTC = dataFile.getValue("Execute", row): null

04-10-2024T23:57:16 - [TEST_STEP][PASSED] - out.println("Value of Execute is : " + ExecuteTC): null

04-10-2024T23:57:16 - [TEST_STEP][PASSED] - if (ExecuteTC.equalsIgnoreCase("Y")): null

04-10-2024T23:57:16 - [TEST_STEP][PASSED] - out.println("Begin Record Number: " + row): null

04-10-2024T23:57:16 - [TEST_STEP][PASSED] - today = new java.util.Date(): null

04-10-2024T23:57:16 - [TEST_STEP][PASSED] - println(today): null

04-10-2024T23:57:16 - [TEST_STEP][PASSED] - datText = today: null

04-10-2024T23:57:16 - [TEST_STEP][PASSED] - EmulatorDataKey = dataFile.getValue("EmulatorData", row): null

04-10-2024T23:57:16 - [TEST_STEP][PASSED] - out.println("Value of Emulator Key is : " + EmulatorDataKey): null

04-10-2024T23:57:16 - [TEST_STEP][PASSED] - iwpPages.emulatorIWP30.setDataEmulator_DD(EmulatorDataKey): iwpPages.emulatorIWP30.setDataEmulator_DD is PASSED

04-10-2024T23:57:16 - [MESSAGE][INFO] - Starting 'Edge Chromium' driver

04-10-2024T23:57:16 - [MESSAGE][INFO] - User set preference: ['acceptInsecureCerts', 'true']

04-10-2024T23:57:18 - [MESSAGE][INFO] - Action delay is set to 0 milliseconds

04-10-2024T23:57:21 - [MESSAGE][PASSED] - Browser is opened with url: 'https://qa.velocitypayment.com/agency/config.do?action=editor&message_version=2_5'

04-10-2024T23:57:21 - [MESSAGE][PASSED] - Current window maximized

04-10-2024T23:57:22 - [MESSAGE][PASSED] - All options with value '2.5' are selected in object 'Object Repository/IWP30/Page_VRelay30Emulator/MV'  using regular expression

04-10-2024T23:57:23 - [MESSAGE][PASSED] - Text '10.50' is set on object 'Object Repository/IWP30/Page_VRelay30Emulator/Amount'

04-10-2024T23:57:24 - [MESSAGE][PASSED] - Text 'ZtzyHV1O3f0Y' is set on object 'Object Repository/IWP30/Page_VRelay30Emulator/CAN'

04-10-2024T23:57:24 - [MESSAGE][PASSED] - Text 'PayNow' is set on object 'Object Repository/IWP30/Page_VRelay30Emulator/Action'

04-10-2024T23:57:25 - [MESSAGE][PASSED] - Text 'en_US' is set on object 'Object Repository/IWP30/Page_VRelay30Emulator/Lang'

04-10-2024T23:57:26 - [MESSAGE][PASSED] - Text '' is set on object 'Object Repository/IWP30/Page_VRelay30Emulator/Fname'

04-10-2024T23:57:26 - [MESSAGE][PASSED] - Text '' is set on object 'Object Repository/IWP30/Page_VRelay30Emulator/Lname'

04-10-2024T23:57:27 - [MESSAGE][PASSED] - Text '' is set on object 'Object Repository/IWP30/Page_VRelay30Emulator/AL1'

04-10-2024T23:57:28 - [MESSAGE][PASSED] - Text '' is set on object 'Object Repository/IWP30/Page_VRelay30Emulator/AL2'

04-10-2024T23:57:28 - [MESSAGE][PASSED] - Text '' is set on object 'Object Repository/IWP30/Page_VRelay30Emulator/Country'

04-10-2024T23:57:29 - [MESSAGE][PASSED] - Text '' is set on object 'Object Repository/IWP30/Page_VRelay30Emulator/City'

04-10-2024T23:57:29 - [MESSAGE][PASSED] - Text '' is set on object 'Object Repository/IWP30/Page_VRelay30Emulator/State'

04-10-2024T23:57:30 - [MESSAGE][PASSED] - Text '' is set on object 'Object Repository/IWP30/Page_VRelay30Emulator/ZIP'

04-10-2024T23:57:30 - [MESSAGE][PASSED] - Text '' is set on object 'Object Repository/IWP30/Page_VRelay30Emulator/Order'

04-10-2024T23:57:31 - [MESSAGE][PASSED] - Text '' is set on object 'Object Repository/IWP30/Page_VRelay30Emulator/Company'

04-10-2024T23:57:32 - [MESSAGE][PASSED] - Text '' is set on object 'Object Repository/IWP30/Page_VRelay30Emulator/Email'

04-10-2024T23:57:32 - [MESSAGE][PASSED] - Text '' is set on object 'Object Repository/IWP30/Page_VRelay30Emulator/UDF1'

04-10-2024T23:57:33 - [MESSAGE][PASSED] - Text '' is set on object 'Object Repository/IWP30/Page_VRelay30Emulator/UDF2'

04-10-2024T23:57:33 - [MESSAGE][PASSED] - Text '' is set on object 'Object Repository/IWP30/Page_VRelay30Emulator/UDF3'

04-10-2024T23:57:34 - [MESSAGE][PASSED] - Text 'udf data 4' is set on object 'Object Repository/IWP30/Page_VRelay30Emulator/UDF4'

04-10-2024T23:57:34 - [MESSAGE][PASSED] - Text 'udf data 5' is set on object 'Object Repository/IWP30/Page_VRelay30Emulator/UDF5'

04-10-2024T23:57:35 - [MESSAGE][PASSED] - Text '' is set on object 'Object Repository/IWP30/Page_VRelay30Emulator/UDF6'

04-10-2024T23:57:36 - [MESSAGE][PASSED] - Text '' is set on object 'Object Repository/IWP30/Page_VRelay30Emulator/UDF7'

04-10-2024T23:57:36 - [MESSAGE][PASSED] - Text '' is set on object 'Object Repository/IWP30/Page_VRelay30Emulator/UDF8'

04-10-2024T23:57:37 - [MESSAGE][PASSED] - Text 'udf data 9' is set on object 'Object Repository/IWP30/Page_VRelay30Emulator/UDF9'

04-10-2024T23:57:37 - [MESSAGE][PASSED] - Text 'udf data 10' is set on object 'Object Repository/IWP30/Page_VRelay30Emulator/UDF10'

04-10-2024T23:57:39 - [MESSAGE][PASSED] - Object: 'Object Repository/IWP30/Page_VRelay30Emulator/Submit' is clicked on

04-10-2024T23:57:43 - [MESSAGE][PASSED] - Browser is closed

04-10-2024T23:57:47 - [MESSAGE][PASSED] - iwpPages.emulatorIWP30.setDataEmulator_DD is PASSED

04-10-2024T23:57:47 - [TEST_STEP][PASSED] - testHarnessURL = urlTestHarness: null

04-10-2024T23:57:47 - [TEST_STEP][PASSED] - openBrowser(testHarnessURL): Browser is opened with url: 'https://dev-algorithm.govolution.com/vrelaytest/QA/version_2_2/vrelaytest.html'

04-10-2024T23:57:47 - [MESSAGE][INFO] - Starting 'Edge Chromium' driver

04-10-2024T23:57:47 - [MESSAGE][INFO] - User set preference: ['acceptInsecureCerts', 'true']

04-10-2024T23:57:49 - [MESSAGE][INFO] - Action delay is set to 0 milliseconds

04-10-2024T23:57:52 - [MESSAGE][PASSED] - Browser is opened with url: 'https://dev-algorithm.govolution.com/vrelaytest/QA/version_2_2/vrelaytest.html'

04-10-2024T23:57:53 - [TEST_STEP][PASSED] - maximizeWindow(): Current window maximized

04-10-2024T23:57:53 - [MESSAGE][PASSED] - Current window maximized

04-10-2024T23:57:53 - [TEST_STEP][PASSED] - iwpPages.TestHarnessPage.setDataMethodEF(row, dataFile): iwpPages.TestHarnessPage.setDataMethodEF is PASSED

04-10-2024T23:57:53 - [MESSAGE][PASSED] - Object 'Object Repository/IWP30/Page_QATestHarness/RemittanceID' is present

04-10-2024T23:57:53 - [MESSAGE][PASSED] - Text '638' is set on object 'Object Repository/IWP30/Page_QATestHarness/ApplicationID'

04-10-2024T23:57:54 - [MESSAGE][PASSED] - Text '2.5' is set on object 'Object Repository/IWP30/Page_QATestHarness/MessageVersion'

04-10-2024T23:57:55 - [MESSAGE][PASSED] - Text 'yCFjinXkpJoT' is set on object 'Object Repository/IWP30/Page_QATestHarness/RemittanceID'

04-10-2024T23:57:58 - [MESSAGE][PASSED] - Object: 'Object Repository/IWP30/Page_QATestHarness/SubmitButton' is clicked on

04-10-2024T23:57:58 - [MESSAGE][PASSED] - iwpPages.TestHarnessPage.setDataMethodEF is PASSED

04-10-2024T23:57:58 - [TEST_STEP][PASSED] - click(findTestObject("Object Repository/IWP30/Page_SelectPaymentMethod/PayByPersonalCheck")): Object: 'Object Repository/IWP30/Page_SelectPaymentMethod/PayByPersonalCheck' is clicked on

04-10-2024T23:57:59 - [MESSAGE][PASSED] - Object: 'Object Repository/IWP30/Page_SelectPaymentMethod/PayByPersonalCheck' is clicked on

04-10-2024T23:57:59 - [TEST_STEP][PASSED] - click(findTestObject("Object Repository/IWP30/Page_SelectPaymentMethod/MakePaymentButton")): Object: 'Object Repository/IWP30/Page_SelectPaymentMethod/MakePaymentButton' is clicked on

04-10-2024T23:58:00 - [MESSAGE][PASSED] - Object: 'Object Repository/IWP30/Page_SelectPaymentMethod/MakePaymentButton' is clicked on

04-10-2024T23:58:00 - [TEST_STEP][PASSED] - iwpPages.achPersonalPaymentEntryPage.setDataACHPPM(row, dataFile): iwpPages.achPersonalPaymentEntryPage.setDataACHPPM is PASSED

04-10-2024T23:58:01 - [MESSAGE][PASSED] - Object 'Object Repository/IWP30/Page_ACHPersonalPaymentEntry/txt_accountNumber' is present

04-10-2024T23:58:01 - [MESSAGE][PASSED] - Text '10.50' is set on object 'Object Repository/IWP30/Page_ACHPersonalPaymentEntry/txt_Amount'

04-10-2024T23:58:02 - [MESSAGE][PASSED] - Object 'Object Repository/IWP30/Page_ACHPersonalPaymentEntry/txt_UDF2' is present

04-10-2024T23:58:02 - [MESSAGE][PASSED] - Text 'udf data 2' is set on object 'Object Repository/IWP30/Page_ACHPersonalPaymentEntry/txt_UDF2'

04-10-2024T23:58:03 - [MESSAGE][PASSED] - Text 'udf data 3' is set on object 'Object Repository/IWP30/Page_ACHPersonalPaymentEntry/txt_UDF3'

04-10-2024T23:58:03 - [MESSAGE][PASSED] - All options with label 'Orange' are selected in object 'Object Repository/IWP30/Page_ACHPersonalPaymentEntry/dd_UDF7' 

04-10-2024T23:58:04 - [MESSAGE][PASSED] - All options with label 'Soccer' are selected in object 'Object Repository/IWP30/Page_ACHPersonalPaymentEntry/dd_UDF8' 

04-10-2024T23:58:04 - [MESSAGE][PASSED] - Object 'Object Repository/IWP30/Page_ACHPersonalPaymentEntry/txt_Firstname' is present

04-10-2024T23:58:05 - [MESSAGE][PASSED] - Text 'Elizath' is set on object 'Object Repository/IWP30/Page_ACHPersonalPaymentEntry/txt_Firstname'

04-10-2024T23:58:05 - [MESSAGE][PASSED] - Object 'Object Repository/IWP30/Page_ACHPersonalPaymentEntry/txt_Lastname' is present

04-10-2024T23:58:05 - [MESSAGE][PASSED] - Text 'Christine' is set on object 'Object Repository/IWP30/Page_ACHPersonalPaymentEntry/txt_Lastname'

04-10-2024T23:58:06 - [MESSAGE][PASSED] - Object 'Object Repository/IWP30/Page_ACHPersonalPaymentEntry/txt_routingNumber' is present

04-10-2024T23:58:06 - [MESSAGE][PASSED] - Text '256072691' is set on object 'Object Repository/IWP30/Page_ACHPersonalPaymentEntry/txt_routingNumber'

04-10-2024T23:58:07 - [MESSAGE][PASSED] - Object 'Object Repository/IWP30/Page_ACHPersonalPaymentEntry/txt_accountNumber' is present

04-10-2024T23:58:08 - [MESSAGE][PASSED] - Text '12344444' is set on object 'Object Repository/IWP30/Page_ACHPersonalPaymentEntry/txt_accountNumber'

04-10-2024T23:58:08 - [MESSAGE][PASSED] - Object 'Object Repository/IWP30/Page_ACHPersonalPaymentEntry/txt_confirmAccountNumber' is present

04-10-2024T23:58:09 - [MESSAGE][PASSED] - Text '12344444' is set on object 'Object Repository/IWP30/Page_ACHPersonalPaymentEntry/txt_confirmAccountNumber'

04-10-2024T23:58:09 - [MESSAGE][PASSED] - Object 'Object Repository/IWP30/Page_ACHPersonalPaymentEntry/rd_accountType' is present

04-10-2024T23:58:09 - [MESSAGE][PASSED] - Modify property of object successfully

04-10-2024T23:58:09 - [MESSAGE][PASSED] - Object: 'Object Repository/IWP30/Page_ACHPersonalPaymentEntry/rd_accountType' is clicked on

04-10-2024T23:58:09 - [MESSAGE][PASSED] - Execute JavaScript '
				   document.getElementById('processDate').value = '08/09/2025'
				  ' successfully

04-10-2024T23:58:10 - [MESSAGE][PASSED] - Text '365 Main Avenue' is set on object 'Object Repository/IWP30/Page_ACHPersonalPaymentEntry/txt_AL1'

04-10-2024T23:58:11 - [MESSAGE][PASSED] - Text 'Ohio' is set on object 'Object Repository/IWP30/Page_ACHPersonalPaymentEntry/txt_AL2'

04-10-2024T23:58:11 - [MESSAGE][PASSED] - Text '22201' is set on object 'Object Repository/IWP30/Page_ACHPersonalPaymentEntry/txt_ZIP'

04-10-2024T23:58:12 - [MESSAGE][PASSED] - Object 'Object Repository/IWP30/Page_ACHPersonalPaymentEntry/txt_Email' is present

04-10-2024T23:58:12 - [MESSAGE][PASSED] - Text 'iahmed@govolution.com' is set on object 'Object Repository/IWP30/Page_ACHPersonalPaymentEntry/txt_Email'

04-10-2024T23:58:13 - [MESSAGE][PASSED] - Object 'Object Repository/IWP30/Page_ACHPersonalPaymentEntry/cb_TermsAndCond' is present

04-10-2024T23:58:13 - [MESSAGE][PASSED] - Object: 'Object Repository/IWP30/Page_ACHPersonalPaymentEntry/cb_TermsAndCond' is clicked on

04-10-2024T23:58:13 - [MESSAGE][PASSED] - Object 'Object Repository/IWP30/Page_ACHPersonalPaymentEntry/btn_Continue' is present

04-10-2024T23:58:15 - [MESSAGE][PASSED] - Object: 'Object Repository/IWP30/Page_ACHPersonalPaymentEntry/btn_Continue' is clicked on

04-10-2024T23:58:15 - [MESSAGE][PASSED] - iwpPages.achPersonalPaymentEntryPage.setDataACHPPM is PASSED

04-10-2024T23:58:15 - [TEST_STEP][PASSED] - click(findTestObject("Object Repository/IWP30/Page_Confirmation/ConfirmButton")): Object: 'Object Repository/IWP30/Page_Confirmation/ConfirmButton' is clicked on

04-10-2024T23:58:16 - [MESSAGE][PASSED] - Object: 'Object Repository/IWP30/Page_Confirmation/ConfirmButton' is clicked on

04-10-2024T23:58:16 - [TEST_STEP][PASSED] - Thread.sleep(2000): null

04-10-2024T23:58:18 - [TEST_STEP][PASSED] - if (verifyTextPresent("Deferred", false)): null

04-10-2024T23:58:18 - [MESSAGE][PASSED] - Text 'Deferred' is present on page 

04-10-2024T23:58:18 - [TEST_STEP][PASSED] - click(findTestObject("Object Repository/IWP30/Page_Receipt/ViewScheduledPaymentsButton")): Object: 'Object Repository/IWP30/Page_Receipt/ViewScheduledPaymentsButton' is clicked on

04-10-2024T23:58:19 - [MESSAGE][PASSED] - Object: 'Object Repository/IWP30/Page_Receipt/ViewScheduledPaymentsButton' is clicked on

04-10-2024T23:58:19 - [TEST_STEP][PASSED] - switchToWindowTitle("View Scheduled Payments"): Switched to window with title: 'View Scheduled Payments'

04-10-2024T23:58:19 - [MESSAGE][PASSED] - Switched to window with title: 'View Scheduled Payments'

04-10-2024T23:58:19 - [TEST_STEP][PASSED] - Thread.sleep(5000): null

04-10-2024T23:58:24 - [TEST_STEP][PASSED] - if (verifyTextPresent("View Scheduled Payments", false)): null

04-10-2024T23:58:24 - [MESSAGE][PASSED] - Text 'View Scheduled Payments' is present on page 

04-10-2024T23:58:24 - [TEST_STEP][PASSED] - click(findTestObject("Object Repository/IWP30/Page_ScheduledPayments/edit_payment")): Object: 'Object Repository/IWP30/Page_ScheduledPayments/edit_payment' is clicked on

04-10-2024T23:58:26 - [MESSAGE][PASSED] - Object: 'Object Repository/IWP30/Page_ScheduledPayments/edit_payment' is clicked on

04-10-2024T23:58:26 - [TEST_STEP][PASSED] - iwpPages.editSchedulePayment.setDataSchedPaymentEF(row, dataFile): iwpPages.editSchedulePayment.setDataSchedPaymentEF is PASSED

04-10-2024T23:58:27 - [MESSAGE][PASSED] - Text 'Edit Payment Plan' is present on page 

04-10-2024T23:58:27 - [MESSAGE][PASSED] - All options with label 'Orange' are selected in object 'Object Repository/IWP30/Page_CCPaymentEntry/UserDefined7' 

04-10-2024T23:58:28 - [MESSAGE][PASSED] - All options with label 'Soccer' are selected in object 'Object Repository/IWP30/Page_CCPaymentEntry/UserDefined8' 

04-10-2024T23:58:28 - [MESSAGE][PASSED] - Execute JavaScript '
				   document.getElementById('processDate').value = '08/09/2045'
				  ' successfully

04-10-2024T23:58:28 - [MESSAGE][PASSED] - iwpPages.editSchedulePayment.setDataSchedPaymentEF is PASSED

04-10-2024T23:58:28 - [TEST_STEP][PASSED] - click(findTestObject("Object Repository/Page_EditSchedPayment/chkbox_acceptterms")): Object: 'Object Repository/Page_EditSchedPayment/chkbox_acceptterms' is clicked on

04-10-2024T23:58:28 - [MESSAGE][PASSED] - Object: 'Object Repository/Page_EditSchedPayment/chkbox_acceptterms' is clicked on

04-10-2024T23:58:28 - [TEST_STEP][PASSED] - click(findTestObject("Object Repository/Page_EditSchedPayment/btn_update")): Object: 'Object Repository/Page_EditSchedPayment/btn_update' is clicked on

04-10-2024T23:58:30 - [MESSAGE][PASSED] - Object: 'Object Repository/Page_EditSchedPayment/btn_update' is clicked on

04-10-2024T23:58:30 - [TEST_STEP][PASSED] - if (verifyTextPresent("Successful Payment Plan Update", false)): null

04-10-2024T23:58:30 - [MESSAGE][PASSED] - Text 'Successful Payment Plan Update' is present on page 

04-10-2024T23:58:30 - [TEST_STEP][PASSED] - isRequiredTextPresent = true: null

04-10-2024T23:58:30 - [TEST_STEP][PASSED] - println(isRequiredTextPresent): null

04-10-2024T23:58:30 - [TEST_STEP][PASSED] - if (isRequiredTextPresent): null

04-10-2024T23:58:30 - [TEST_STEP][PASSED] - if (verifyTextPresent("CAN Label:", false)): null

04-10-2024T23:58:31 - [MESSAGE][PASSED] - Text 'CAN Label:' is present on page 

04-10-2024T23:58:31 - [TEST_STEP][PASSED] - isRequiredTextPresent = true: null

04-10-2024T23:58:31 - [TEST_STEP][PASSED] - println(isRequiredTextPresent): null

04-10-2024T23:58:31 - [TEST_STEP][PASSED] - if (isRequiredTextPresent): null

04-10-2024T23:58:31 - [TEST_STEP][PASSED] - if (verifyTextPresent("Remittance ID:", false)): null

04-10-2024T23:58:31 - [MESSAGE][PASSED] - Text 'Remittance ID:' is present on page 

04-10-2024T23:58:31 - [TEST_STEP][PASSED] - isRequiredTextPresent = true: null

04-10-2024T23:58:31 - [TEST_STEP][PASSED] - println(isRequiredTextPresent): null

04-10-2024T23:58:31 - [TEST_STEP][PASSED] - if (isRequiredTextPresent): null

04-10-2024T23:58:31 - [TEST_STEP][PASSED] - if (verifyTextPresent("UDF2 Label:", false)): null

04-10-2024T23:58:31 - [MESSAGE][PASSED] - Text 'UDF2 Label:' is present on page 

04-10-2024T23:58:31 - [TEST_STEP][PASSED] - isRequiredTextPresent = true: null

04-10-2024T23:58:31 - [TEST_STEP][PASSED] - println(isRequiredTextPresent): null

04-10-2024T23:58:31 - [TEST_STEP][PASSED] - if (isRequiredTextPresent): null

04-10-2024T23:58:31 - [TEST_STEP][PASSED] - if (verifyTextPresent("UDF3 Label:", false)): null

04-10-2024T23:58:32 - [MESSAGE][PASSED] - Text 'UDF3 Label:' is present on page 

04-10-2024T23:58:32 - [TEST_STEP][PASSED] - isRequiredTextPresent = true: null

04-10-2024T23:58:32 - [TEST_STEP][PASSED] - println(isRequiredTextPresent): null

04-10-2024T23:58:32 - [TEST_STEP][PASSED] - if (isRequiredTextPresent): null

04-10-2024T23:58:32 - [TEST_STEP][PASSED] - if (verifyTextPresent("UDF4 Label:", false)): null

04-10-2024T23:58:32 - [MESSAGE][PASSED] - Text 'UDF4 Label:' is present on page 

04-10-2024T23:58:32 - [TEST_STEP][PASSED] - isRequiredTextPresent = true: null

04-10-2024T23:58:32 - [TEST_STEP][PASSED] - println(isRequiredTextPresent): null

04-10-2024T23:58:32 - [TEST_STEP][PASSED] - if (isRequiredTextPresent): null

04-10-2024T23:58:32 - [TEST_STEP][PASSED] - if (verifyTextPresent("UDF7 Label:", false)): null

04-10-2024T23:58:32 - [MESSAGE][PASSED] - Text 'UDF7 Label:' is present on page 

04-10-2024T23:58:32 - [TEST_STEP][PASSED] - isRequiredTextPresent = true: null

04-10-2024T23:58:32 - [TEST_STEP][PASSED] - println(isRequiredTextPresent): null

04-10-2024T23:58:32 - [TEST_STEP][PASSED] - if (isRequiredTextPresent): null

04-10-2024T23:58:32 - [TEST_STEP][PASSED] - if (verifyTextPresent("UDF8 Label:", false)): null

04-10-2024T23:58:32 - [MESSAGE][PASSED] - Text 'UDF8 Label:' is present on page 

04-10-2024T23:58:32 - [TEST_STEP][PASSED] - isRequiredTextPresent = true: null

04-10-2024T23:58:32 - [TEST_STEP][PASSED] - println(isRequiredTextPresent): null

04-10-2024T23:58:32 - [TEST_STEP][PASSED] - if (isRequiredTextPresent): null

04-10-2024T23:58:32 - [TEST_STEP][PASSED] - if (verifyTextPresent("UDF9 Label:", false)): null

04-10-2024T23:58:33 - [MESSAGE][PASSED] - Text 'UDF9 Label:' is present on page 

04-10-2024T23:58:33 - [TEST_STEP][PASSED] - isRequiredTextPresent = true: null

04-10-2024T23:58:33 - [TEST_STEP][PASSED] - println(isRequiredTextPresent): null

04-10-2024T23:58:33 - [TEST_STEP][PASSED] - if (isRequiredTextPresent): null

04-10-2024T23:58:33 - [TEST_STEP][PASSED] - if (verifyTextPresent("Transaction Type:", false)): null

04-10-2024T23:58:33 - [MESSAGE][PASSED] - Text 'Transaction Type:' is present on page 

04-10-2024T23:58:33 - [TEST_STEP][PASSED] - isRequiredTextPresent = true: null

04-10-2024T23:58:33 - [TEST_STEP][PASSED] - println(isRequiredTextPresent): null

04-10-2024T23:58:33 - [TEST_STEP][PASSED] - if (isRequiredTextPresent): null

04-10-2024T23:58:33 - [TEST_STEP][PASSED] - if (verifyTextPresent("Amount:", false)): null

04-10-2024T23:58:33 - [MESSAGE][PASSED] - Text 'Amount:' is present on page 

04-10-2024T23:58:33 - [TEST_STEP][PASSED] - isRequiredTextPresent = true: null

04-10-2024T23:58:33 - [TEST_STEP][PASSED] - println(isRequiredTextPresent): null

04-10-2024T23:58:33 - [TEST_STEP][PASSED] - if (isRequiredTextPresent): null

04-10-2024T23:58:33 - [TEST_STEP][PASSED] - if (verifyTextPresent("Check Information:", false)): null

04-10-2024T23:58:33 - [MESSAGE][PASSED] - Text 'Check Information:' is present on page 

04-10-2024T23:58:33 - [TEST_STEP][PASSED] - isRequiredTextPresent = true: null

04-10-2024T23:58:33 - [TEST_STEP][PASSED] - println(isRequiredTextPresent): null

04-10-2024T23:58:33 - [TEST_STEP][PASSED] - if (isRequiredTextPresent): null

04-10-2024T23:58:33 - [TEST_STEP][PASSED] - if (verifyTextPresent("Account Type:", false)): null

04-10-2024T23:58:34 - [MESSAGE][PASSED] - Text 'Account Type:' is present on page 

04-10-2024T23:58:34 - [TEST_STEP][PASSED] - isRequiredTextPresent = true: null

04-10-2024T23:58:34 - [TEST_STEP][PASSED] - println(isRequiredTextPresent): null

04-10-2024T23:58:34 - [TEST_STEP][PASSED] - if (isRequiredTextPresent): null

04-10-2024T23:58:34 - [TEST_STEP][PASSED] - if (verifyTextPresent("Account Number:", false)): null

04-10-2024T23:58:34 - [MESSAGE][PASSED] - Text 'Account Number:' is present on page 

04-10-2024T23:58:34 - [TEST_STEP][PASSED] - isRequiredTextPresent = true: null

04-10-2024T23:58:34 - [TEST_STEP][PASSED] - println(isRequiredTextPresent): null

04-10-2024T23:58:34 - [TEST_STEP][PASSED] - if (isRequiredTextPresent): null

04-10-2024T23:58:34 - [TEST_STEP][PASSED] - if (verifyTextPresent("Routing Number:", false)): null

04-10-2024T23:58:34 - [MESSAGE][PASSED] - Text 'Routing Number:' is present on page 

04-10-2024T23:58:34 - [TEST_STEP][PASSED] - isRequiredTextPresent = true: null

04-10-2024T23:58:34 - [TEST_STEP][PASSED] - println(isRequiredTextPresent): null

04-10-2024T23:58:34 - [TEST_STEP][PASSED] - if (isRequiredTextPresent): null

04-10-2024T23:58:34 - [TEST_STEP][PASSED] - if (verifyTextPresent("Name of Account:", false)): null

04-10-2024T23:58:35 - [MESSAGE][PASSED] - Text 'Name of Account:' is present on page 

04-10-2024T23:58:35 - [TEST_STEP][PASSED] - isRequiredTextPresent = true: null

04-10-2024T23:58:35 - [TEST_STEP][PASSED] - println(isRequiredTextPresent): null

04-10-2024T23:58:35 - [TEST_STEP][PASSED] - if (isRequiredTextPresent): null

04-10-2024T23:58:35 - [TEST_STEP][PASSED] - if (verifyTextPresent("Billing Information:", false)): null

04-10-2024T23:58:35 - [MESSAGE][PASSED] - Text 'Billing Information:' is present on page 

04-10-2024T23:58:35 - [TEST_STEP][PASSED] - isRequiredTextPresent = true: null

04-10-2024T23:58:35 - [TEST_STEP][PASSED] - println(isRequiredTextPresent): null

04-10-2024T23:58:35 - [TEST_STEP][PASSED] - if (isRequiredTextPresent): null

04-10-2024T23:58:35 - [TEST_STEP][PASSED] - if (verifyTextPresent("Address Line 1:", false)): null

04-10-2024T23:58:35 - [MESSAGE][PASSED] - Text 'Address Line 1:' is present on page 

04-10-2024T23:58:35 - [TEST_STEP][PASSED] - isRequiredTextPresent = true: null

04-10-2024T23:58:35 - [TEST_STEP][PASSED] - println(isRequiredTextPresent): null

04-10-2024T23:58:35 - [TEST_STEP][PASSED] - if (isRequiredTextPresent): null

04-10-2024T23:58:35 - [TEST_STEP][PASSED] - if (verifyTextPresent("Address Line 2:", false)): null

04-10-2024T23:58:35 - [MESSAGE][PASSED] - Text 'Address Line 2:' is present on page 

04-10-2024T23:58:35 - [TEST_STEP][PASSED] - isRequiredTextPresent = true: null

04-10-2024T23:58:35 - [TEST_STEP][PASSED] - println(isRequiredTextPresent): null

04-10-2024T23:58:35 - [TEST_STEP][PASSED] - if (isRequiredTextPresent): null

04-10-2024T23:58:35 - [TEST_STEP][PASSED] - if (verifyTextPresent("Country:", false)): null

04-10-2024T23:58:36 - [MESSAGE][PASSED] - Text 'Country:' is present on page 

04-10-2024T23:58:36 - [TEST_STEP][PASSED] - isRequiredTextPresent = true: null

04-10-2024T23:58:36 - [TEST_STEP][PASSED] - println(isRequiredTextPresent): null

04-10-2024T23:58:36 - [TEST_STEP][PASSED] - if (isRequiredTextPresent): null

04-10-2024T23:58:36 - [TEST_STEP][PASSED] - if (verifyTextPresent("City:", false)): null

04-10-2024T23:58:36 - [MESSAGE][PASSED] - Text 'City:' is present on page 

04-10-2024T23:58:36 - [TEST_STEP][PASSED] - isRequiredTextPresent = true: null

04-10-2024T23:58:36 - [TEST_STEP][PASSED] - println(isRequiredTextPresent): null

04-10-2024T23:58:36 - [TEST_STEP][PASSED] - if (isRequiredTextPresent): null

04-10-2024T23:58:36 - [TEST_STEP][PASSED] - if (verifyTextPresent("State:", false)): null

04-10-2024T23:58:36 - [MESSAGE][PASSED] - Text 'State:' is present on page 

04-10-2024T23:58:36 - [TEST_STEP][PASSED] - isRequiredTextPresent = true: null

04-10-2024T23:58:36 - [TEST_STEP][PASSED] - println(isRequiredTextPresent): null

04-10-2024T23:58:36 - [TEST_STEP][PASSED] - if (isRequiredTextPresent): null

04-10-2024T23:58:36 - [TEST_STEP][PASSED] - if (verifyTextPresent("Zip Code:", false)): null

04-10-2024T23:58:36 - [MESSAGE][PASSED] - Text 'Zip Code:' is present on page 

04-10-2024T23:58:36 - [TEST_STEP][PASSED] - isRequiredTextPresent = true: null

04-10-2024T23:58:36 - [TEST_STEP][PASSED] - println(isRequiredTextPresent): null

04-10-2024T23:58:36 - [TEST_STEP][PASSED] - if (isRequiredTextPresent): null

04-10-2024T23:58:36 - [TEST_STEP][PASSED] - if (verifyTextPresent("Plan Information:", false)): null

04-10-2024T23:58:37 - [MESSAGE][PASSED] - Text 'Plan Information:' is present on page 

04-10-2024T23:58:37 - [TEST_STEP][PASSED] - isRequiredTextPresent = true: null

04-10-2024T23:58:37 - [TEST_STEP][PASSED] - println(isRequiredTextPresent): null

04-10-2024T23:58:37 - [TEST_STEP][PASSED] - if (isRequiredTextPresent): null

04-10-2024T23:58:37 - [TEST_STEP][PASSED] - if (verifyTextPresent("Payment Plan Type:", false)): null

04-10-2024T23:58:37 - [MESSAGE][PASSED] - Text 'Payment Plan Type:' is present on page 

04-10-2024T23:58:37 - [TEST_STEP][PASSED] - isRequiredTextPresent = true: null

04-10-2024T23:58:37 - [TEST_STEP][PASSED] - println(isRequiredTextPresent): null

04-10-2024T23:58:37 - [TEST_STEP][PASSED] - if (isRequiredTextPresent): null

04-10-2024T23:58:37 - [TEST_STEP][PASSED] - if (verifyTextPresent("Payment Plan ID:", false)): null

04-10-2024T23:58:37 - [MESSAGE][PASSED] - Text 'Payment Plan ID:' is present on page 

04-10-2024T23:58:37 - [TEST_STEP][PASSED] - isRequiredTextPresent = true: null

04-10-2024T23:58:37 - [TEST_STEP][PASSED] - println(isRequiredTextPresent): null

04-10-2024T23:58:37 - [TEST_STEP][PASSED] - if (isRequiredTextPresent): null

04-10-2024T23:58:37 - [TEST_STEP][PASSED] - if (verifyTextPresent("Start Date:", false)): null

04-10-2024T23:58:38 - [MESSAGE][PASSED] - Text 'Start Date:' is present on page 

04-10-2024T23:58:38 - [TEST_STEP][PASSED] - isRequiredTextPresent = true: null

04-10-2024T23:58:38 - [TEST_STEP][PASSED] - println(isRequiredTextPresent): null

04-10-2024T23:58:38 - [TEST_STEP][PASSED] - if (isRequiredTextPresent == true): pages.WriteExcel.demoKey is PASSED

04-10-2024T23:58:38 - [TEST_STEP][PASSED] - println("All the relevant texts are present on Receipt Page"): null

04-10-2024T23:58:38 - [TEST_STEP][PASSED] - markPassed("All the relevant texts are present on Receipt Page"): All the relevant texts are present on Receipt Page

04-10-2024T23:58:38 - [MESSAGE][PASSED] - All the relevant texts are present on Receipt Page

04-10-2024T23:58:38 - [TEST_STEP][PASSED] - resText = "Pass": null

04-10-2024T23:58:38 - [TEST_STEP][PASSED] - pages.WriteExcel.demoKey(resText, datText, resColumn, datCloumn, fileLoc, nameSheet, row): pages.WriteExcel.demoKey is PASSED

04-10-2024T23:58:38 - [MESSAGE][PASSED] - pages.WriteExcel.demoKey is PASSED

04-10-2024T23:58:38 - [TEST_STEP][PASSED] - closeBrowser(): Browser is closed

04-10-2024T23:58:38 - [MESSAGE][PASSED] - Browser is closed]]></system-out>
         <system-err><![CDATA[]]></system-err>
      </testcase>
      <testcase name="Test Cases/IntegratedWeb/IWP25/Payments/VerifyEditReceiptLabelsDeferredPS" time="82.647" classname="Test Cases/IntegratedWeb/IWP25/Payments/VerifyEditReceiptLabelsDeferredPS" status="PASSED">
         <system-out><![CDATA[04-10-2024T23:58:38 - [TEST_CASE][PASSED] - Test Cases/IntegratedWeb/IWP25/Payments/VerifyEditReceiptLabelsDeferredPS: Test Cases/IntegratedWeb/IWP25/Payments/VerifyEditReceiptLabelsDeferredPS

04-10-2024T23:58:38 - [TEST_STEP][PASSED] - resText = "Fail": null

04-10-2024T23:58:38 - [TEST_STEP][PASSED] - resColumn = "Result": null

04-10-2024T23:58:38 - [TEST_STEP][PASSED] - datCloumn = "Date": null

04-10-2024T23:58:38 - [TEST_STEP][PASSED] - fileLoc = "KatalonData/IWPTestData/VRelay25PaymentsExtension.xlsx": null

04-10-2024T23:58:38 - [TEST_STEP][PASSED] - numOfRows = <not implemented yet for class: org.codehaus.groovy.ast.expr.EmptyExpression>: null

04-10-2024T23:58:38 - [TEST_STEP][PASSED] - nameSheet = <not implemented yet for class: org.codehaus.groovy.ast.expr.EmptyExpression>: null

04-10-2024T23:58:38 - [TEST_STEP][PASSED] - dataFileEmulator = <not implemented yet for class: org.codehaus.groovy.ast.expr.EmptyExpression>: null

04-10-2024T23:58:38 - [TEST_STEP][PASSED] - isRequiredTextPresent = false: null

04-10-2024T23:58:38 - [TEST_STEP][PASSED] - nameSheet = "VerifyEditLabelDeferredPS": null

04-10-2024T23:58:38 - [TEST_STEP][PASSED] - dataFile = getExcelDataWithDefaultSheet("KatalonData/IWPTestData/VRelay25PaymentsExtension.xlsx", nameSheet, true): null

04-10-2024T23:58:39 - [TEST_STEP][PASSED] - dataFileEmulator = "IWPTestData/EmulatorData": null

04-10-2024T23:58:39 - [TEST_STEP][PASSED] - numOfRows = dataFile.getRowNumbers(): null

04-10-2024T23:58:39 - [TEST_STEP][PASSED] - println("Number of Records: " + numOfRows): null

04-10-2024T23:58:39 - [TEST_STEP][PASSED] - columnNames = dataFile.getColumnNames(): null

04-10-2024T23:58:39 - [TEST_STEP][PASSED] - println(columnNames[0]): null

04-10-2024T23:58:39 - [TEST_STEP][PASSED] - for ([row = 1, row <= numOfRows, (row++)]): Browser is closed

04-10-2024T23:58:39 - [TEST_STEP][PASSED] - ExecuteTC = dataFile.getValue("Execute", row): null

04-10-2024T23:58:39 - [TEST_STEP][PASSED] - out.println("Value of Execute is : " + ExecuteTC): null

04-10-2024T23:58:39 - [TEST_STEP][PASSED] - if (ExecuteTC.equalsIgnoreCase("Y")): null

04-10-2024T23:58:39 - [TEST_STEP][PASSED] - out.println("Begin Record Number: " + row): null

04-10-2024T23:58:39 - [TEST_STEP][PASSED] - today = new java.util.Date(): null

04-10-2024T23:58:39 - [TEST_STEP][PASSED] - println(today): null

04-10-2024T23:58:39 - [TEST_STEP][PASSED] - datText = today: null

04-10-2024T23:58:39 - [TEST_STEP][PASSED] - EmulatorDataKey = dataFile.getValue("EmulatorData", row): null

04-10-2024T23:58:39 - [TEST_STEP][PASSED] - out.println("Value of Emulator Key is : " + EmulatorDataKey): null

04-10-2024T23:58:39 - [TEST_STEP][PASSED] - iwpPages.emulatorIWP30.setDataEmulator_DD(EmulatorDataKey): iwpPages.emulatorIWP30.setDataEmulator_DD is PASSED

04-10-2024T23:58:39 - [MESSAGE][INFO] - Starting 'Edge Chromium' driver

04-10-2024T23:58:39 - [MESSAGE][INFO] - User set preference: ['acceptInsecureCerts', 'true']

04-10-2024T23:58:41 - [MESSAGE][INFO] - Action delay is set to 0 milliseconds

04-10-2024T23:58:44 - [MESSAGE][PASSED] - Browser is opened with url: 'https://qa.velocitypayment.com/agency/config.do?action=editor&message_version=2_5'

04-10-2024T23:58:44 - [MESSAGE][PASSED] - Current window maximized

04-10-2024T23:58:45 - [MESSAGE][PASSED] - All options with value '2.5' are selected in object 'Object Repository/IWP30/Page_VRelay30Emulator/MV'  using regular expression

04-10-2024T23:58:46 - [MESSAGE][PASSED] - Text '10.50' is set on object 'Object Repository/IWP30/Page_VRelay30Emulator/Amount'

04-10-2024T23:58:46 - [MESSAGE][PASSED] - Text 'Ums4DJ5kl8aH' is set on object 'Object Repository/IWP30/Page_VRelay30Emulator/CAN'

04-10-2024T23:58:47 - [MESSAGE][PASSED] - Text 'PayNow' is set on object 'Object Repository/IWP30/Page_VRelay30Emulator/Action'

04-10-2024T23:58:48 - [MESSAGE][PASSED] - Text 'en_US' is set on object 'Object Repository/IWP30/Page_VRelay30Emulator/Lang'

04-10-2024T23:58:48 - [MESSAGE][PASSED] - Text '' is set on object 'Object Repository/IWP30/Page_VRelay30Emulator/Fname'

04-10-2024T23:58:49 - [MESSAGE][PASSED] - Text '' is set on object 'Object Repository/IWP30/Page_VRelay30Emulator/Lname'

04-10-2024T23:58:49 - [MESSAGE][PASSED] - Text '' is set on object 'Object Repository/IWP30/Page_VRelay30Emulator/AL1'

04-10-2024T23:58:50 - [MESSAGE][PASSED] - Text '' is set on object 'Object Repository/IWP30/Page_VRelay30Emulator/AL2'

04-10-2024T23:58:50 - [MESSAGE][PASSED] - Text '' is set on object 'Object Repository/IWP30/Page_VRelay30Emulator/Country'

04-10-2024T23:58:51 - [MESSAGE][PASSED] - Text '' is set on object 'Object Repository/IWP30/Page_VRelay30Emulator/City'

04-10-2024T23:58:52 - [MESSAGE][PASSED] - Text '' is set on object 'Object Repository/IWP30/Page_VRelay30Emulator/State'

04-10-2024T23:58:52 - [MESSAGE][PASSED] - Text '' is set on object 'Object Repository/IWP30/Page_VRelay30Emulator/ZIP'

04-10-2024T23:58:53 - [MESSAGE][PASSED] - Text '' is set on object 'Object Repository/IWP30/Page_VRelay30Emulator/Order'

04-10-2024T23:58:53 - [MESSAGE][PASSED] - Text '' is set on object 'Object Repository/IWP30/Page_VRelay30Emulator/Company'

04-10-2024T23:58:54 - [MESSAGE][PASSED] - Text '' is set on object 'Object Repository/IWP30/Page_VRelay30Emulator/Email'

04-10-2024T23:58:54 - [MESSAGE][PASSED] - Text '' is set on object 'Object Repository/IWP30/Page_VRelay30Emulator/UDF1'

04-10-2024T23:58:55 - [MESSAGE][PASSED] - Text '' is set on object 'Object Repository/IWP30/Page_VRelay30Emulator/UDF2'

04-10-2024T23:58:56 - [MESSAGE][PASSED] - Text '' is set on object 'Object Repository/IWP30/Page_VRelay30Emulator/UDF3'

04-10-2024T23:58:56 - [MESSAGE][PASSED] - Text 'udf data 4' is set on object 'Object Repository/IWP30/Page_VRelay30Emulator/UDF4'

04-10-2024T23:58:57 - [MESSAGE][PASSED] - Text 'udf data 5' is set on object 'Object Repository/IWP30/Page_VRelay30Emulator/UDF5'

04-10-2024T23:58:57 - [MESSAGE][PASSED] - Text '' is set on object 'Object Repository/IWP30/Page_VRelay30Emulator/UDF6'

04-10-2024T23:58:58 - [MESSAGE][PASSED] - Text '' is set on object 'Object Repository/IWP30/Page_VRelay30Emulator/UDF7'

04-10-2024T23:58:58 - [MESSAGE][PASSED] - Text '' is set on object 'Object Repository/IWP30/Page_VRelay30Emulator/UDF8'

04-10-2024T23:58:59 - [MESSAGE][PASSED] - Text 'udf data 9' is set on object 'Object Repository/IWP30/Page_VRelay30Emulator/UDF9'

04-10-2024T23:59:00 - [MESSAGE][PASSED] - Text 'udf data 10' is set on object 'Object Repository/IWP30/Page_VRelay30Emulator/UDF10'

04-10-2024T23:59:01 - [MESSAGE][PASSED] - Object: 'Object Repository/IWP30/Page_VRelay30Emulator/Submit' is clicked on

04-10-2024T23:59:05 - [MESSAGE][PASSED] - Browser is closed

04-10-2024T23:59:09 - [MESSAGE][PASSED] - iwpPages.emulatorIWP30.setDataEmulator_DD is PASSED

04-10-2024T23:59:09 - [TEST_STEP][PASSED] - testHarnessURL = urlTestHarness: null

04-10-2024T23:59:09 - [TEST_STEP][PASSED] - openBrowser(testHarnessURL): Browser is opened with url: 'https://dev-algorithm.govolution.com/vrelaytest/QA/version_2_2/vrelaytest.html'

04-10-2024T23:59:09 - [MESSAGE][INFO] - Starting 'Edge Chromium' driver

04-10-2024T23:59:09 - [MESSAGE][INFO] - User set preference: ['acceptInsecureCerts', 'true']

04-10-2024T23:59:11 - [MESSAGE][INFO] - Action delay is set to 0 milliseconds

04-10-2024T23:59:15 - [MESSAGE][PASSED] - Browser is opened with url: 'https://dev-algorithm.govolution.com/vrelaytest/QA/version_2_2/vrelaytest.html'

04-10-2024T23:59:15 - [TEST_STEP][PASSED] - maximizeWindow(): Current window maximized

04-10-2024T23:59:15 - [MESSAGE][PASSED] - Current window maximized

04-10-2024T23:59:15 - [TEST_STEP][PASSED] - iwpPages.TestHarnessPage.setDataMethodEF(row, dataFile): iwpPages.TestHarnessPage.setDataMethodEF is PASSED

04-10-2024T23:59:15 - [MESSAGE][PASSED] - Object 'Object Repository/IWP30/Page_QATestHarness/RemittanceID' is present

04-10-2024T23:59:16 - [MESSAGE][PASSED] - Text '638' is set on object 'Object Repository/IWP30/Page_QATestHarness/ApplicationID'

04-10-2024T23:59:16 - [MESSAGE][PASSED] - Text '2.5' is set on object 'Object Repository/IWP30/Page_QATestHarness/MessageVersion'

04-10-2024T23:59:17 - [MESSAGE][PASSED] - Text '8vUa3XbTZjlz' is set on object 'Object Repository/IWP30/Page_QATestHarness/RemittanceID'

04-10-2024T23:59:20 - [MESSAGE][PASSED] - Object: 'Object Repository/IWP30/Page_QATestHarness/SubmitButton' is clicked on

04-10-2024T23:59:20 - [MESSAGE][PASSED] - iwpPages.TestHarnessPage.setDataMethodEF is PASSED

04-10-2024T23:59:20 - [TEST_STEP][PASSED] - click(findTestObject("Object Repository/IWP30/Page_SelectPaymentMethod/PayByPersonalCheck")): Object: 'Object Repository/IWP30/Page_SelectPaymentMethod/PayByPersonalCheck' is clicked on

04-10-2024T23:59:21 - [MESSAGE][PASSED] - Object: 'Object Repository/IWP30/Page_SelectPaymentMethod/PayByPersonalCheck' is clicked on

04-10-2024T23:59:21 - [TEST_STEP][PASSED] - click(findTestObject("Object Repository/IWP30/Page_SelectPaymentMethod/MakePaymentButton")): Object: 'Object Repository/IWP30/Page_SelectPaymentMethod/MakePaymentButton' is clicked on

04-10-2024T23:59:22 - [MESSAGE][PASSED] - Object: 'Object Repository/IWP30/Page_SelectPaymentMethod/MakePaymentButton' is clicked on

04-10-2024T23:59:22 - [TEST_STEP][PASSED] - iwpPages.achPersonalPaymentEntryPage.setDataACHPPM(row, dataFile): iwpPages.achPersonalPaymentEntryPage.setDataACHPPM is PASSED

04-10-2024T23:59:23 - [MESSAGE][PASSED] - Object 'Object Repository/IWP30/Page_ACHPersonalPaymentEntry/txt_accountNumber' is present

04-10-2024T23:59:23 - [MESSAGE][PASSED] - Text '10.50' is set on object 'Object Repository/IWP30/Page_ACHPersonalPaymentEntry/txt_Amount'

04-10-2024T23:59:24 - [MESSAGE][PASSED] - Object 'Object Repository/IWP30/Page_ACHPersonalPaymentEntry/txt_UDF2' is present

04-10-2024T23:59:24 - [MESSAGE][PASSED] - Text 'udf data 2' is set on object 'Object Repository/IWP30/Page_ACHPersonalPaymentEntry/txt_UDF2'

04-10-2024T23:59:25 - [MESSAGE][PASSED] - Text 'udf data 3' is set on object 'Object Repository/IWP30/Page_ACHPersonalPaymentEntry/txt_UDF3'

04-10-2024T23:59:25 - [MESSAGE][PASSED] - All options with label 'Orange' are selected in object 'Object Repository/IWP30/Page_ACHPersonalPaymentEntry/dd_UDF7' 

04-10-2024T23:59:26 - [MESSAGE][PASSED] - All options with label 'Soccer' are selected in object 'Object Repository/IWP30/Page_ACHPersonalPaymentEntry/dd_UDF8' 

04-10-2024T23:59:26 - [MESSAGE][PASSED] - Object 'Object Repository/IWP30/Page_ACHPersonalPaymentEntry/txt_Firstname' is present

04-10-2024T23:59:27 - [MESSAGE][PASSED] - Text 'Elizath' is set on object 'Object Repository/IWP30/Page_ACHPersonalPaymentEntry/txt_Firstname'

04-10-2024T23:59:27 - [MESSAGE][PASSED] - Object 'Object Repository/IWP30/Page_ACHPersonalPaymentEntry/txt_Lastname' is present

04-10-2024T23:59:28 - [MESSAGE][PASSED] - Text 'Christine' is set on object 'Object Repository/IWP30/Page_ACHPersonalPaymentEntry/txt_Lastname'

04-10-2024T23:59:28 - [MESSAGE][PASSED] - Object 'Object Repository/IWP30/Page_ACHPersonalPaymentEntry/txt_routingNumber' is present

04-10-2024T23:59:28 - [MESSAGE][PASSED] - Text '256072691' is set on object 'Object Repository/IWP30/Page_ACHPersonalPaymentEntry/txt_routingNumber'

04-10-2024T23:59:29 - [MESSAGE][PASSED] - Object 'Object Repository/IWP30/Page_ACHPersonalPaymentEntry/txt_accountNumber' is present

04-10-2024T23:59:30 - [MESSAGE][PASSED] - Text '12344444' is set on object 'Object Repository/IWP30/Page_ACHPersonalPaymentEntry/txt_accountNumber'

04-10-2024T23:59:31 - [MESSAGE][PASSED] - Object 'Object Repository/IWP30/Page_ACHPersonalPaymentEntry/txt_confirmAccountNumber' is present

04-10-2024T23:59:31 - [MESSAGE][PASSED] - Text '12344444' is set on object 'Object Repository/IWP30/Page_ACHPersonalPaymentEntry/txt_confirmAccountNumber'

04-10-2024T23:59:31 - [MESSAGE][PASSED] - Object 'Object Repository/IWP30/Page_ACHPersonalPaymentEntry/rd_accountType' is present

04-10-2024T23:59:31 - [MESSAGE][PASSED] - Modify property of object successfully

04-10-2024T23:59:32 - [MESSAGE][PASSED] - Object: 'Object Repository/IWP30/Page_ACHPersonalPaymentEntry/rd_accountType' is clicked on

04-10-2024T23:59:32 - [MESSAGE][PASSED] - Execute JavaScript '
				   document.getElementById('processDate').value = '08/09/2025'
				  ' successfully

04-10-2024T23:59:32 - [MESSAGE][PASSED] - Text '365 Main Avenue' is set on object 'Object Repository/IWP30/Page_ACHPersonalPaymentEntry/txt_AL1'

04-10-2024T23:59:33 - [MESSAGE][PASSED] - Text 'Ohio' is set on object 'Object Repository/IWP30/Page_ACHPersonalPaymentEntry/txt_AL2'

04-10-2024T23:59:34 - [MESSAGE][PASSED] - Text '22201' is set on object 'Object Repository/IWP30/Page_ACHPersonalPaymentEntry/txt_ZIP'

04-10-2024T23:59:34 - [MESSAGE][PASSED] - Object 'Object Repository/IWP30/Page_ACHPersonalPaymentEntry/txt_Email' is present

04-10-2024T23:59:35 - [MESSAGE][PASSED] - Text 'iahmed@govolution.com' is set on object 'Object Repository/IWP30/Page_ACHPersonalPaymentEntry/txt_Email'

04-10-2024T23:59:35 - [MESSAGE][PASSED] - Object 'Object Repository/IWP30/Page_ACHPersonalPaymentEntry/cb_TermsAndCond' is present

04-10-2024T23:59:35 - [MESSAGE][PASSED] - Object: 'Object Repository/IWP30/Page_ACHPersonalPaymentEntry/cb_TermsAndCond' is clicked on

04-10-2024T23:59:36 - [MESSAGE][PASSED] - Object 'Object Repository/IWP30/Page_ACHPersonalPaymentEntry/btn_Continue' is present

04-10-2024T23:59:37 - [MESSAGE][PASSED] - Object: 'Object Repository/IWP30/Page_ACHPersonalPaymentEntry/btn_Continue' is clicked on

04-10-2024T23:59:37 - [MESSAGE][PASSED] - iwpPages.achPersonalPaymentEntryPage.setDataACHPPM is PASSED

04-10-2024T23:59:37 - [TEST_STEP][PASSED] - click(findTestObject("Object Repository/IWP30/Page_Confirmation/ConfirmButton")): Object: 'Object Repository/IWP30/Page_Confirmation/ConfirmButton' is clicked on

04-10-2024T23:59:38 - [MESSAGE][PASSED] - Object: 'Object Repository/IWP30/Page_Confirmation/ConfirmButton' is clicked on

04-10-2024T23:59:38 - [TEST_STEP][PASSED] - Thread.sleep(2000): null

04-10-2024T23:59:40 - [TEST_STEP][PASSED] - if (verifyTextPresent("Deferred", false)): null

04-10-2024T23:59:41 - [MESSAGE][PASSED] - Text 'Deferred' is present on page 

04-10-2024T23:59:41 - [TEST_STEP][PASSED] - click(findTestObject("Object Repository/IWP30/Page_Receipt/ViewScheduledPaymentsButton")): Object: 'Object Repository/IWP30/Page_Receipt/ViewScheduledPaymentsButton' is clicked on

04-10-2024T23:59:41 - [MESSAGE][PASSED] - Object: 'Object Repository/IWP30/Page_Receipt/ViewScheduledPaymentsButton' is clicked on

04-10-2024T23:59:41 - [TEST_STEP][PASSED] - switchToWindowTitle("View Scheduled Payments"): Switched to window with title: 'View Scheduled Payments'

04-10-2024T23:59:41 - [MESSAGE][PASSED] - Switched to window with title: 'View Scheduled Payments'

04-10-2024T23:59:41 - [TEST_STEP][PASSED] - Thread.sleep(5000): null

04-10-2024T23:59:46 - [TEST_STEP][PASSED] - if (verifyTextPresent("View Scheduled Payments", false)): null

04-10-2024T23:59:47 - [MESSAGE][PASSED] - Text 'View Scheduled Payments' is present on page 

04-10-2024T23:59:47 - [TEST_STEP][PASSED] - click(findTestObject("Object Repository/IWP30/Page_ScheduledPayments/edit_payment")): Object: 'Object Repository/IWP30/Page_ScheduledPayments/edit_payment' is clicked on

04-10-2024T23:59:48 - [MESSAGE][PASSED] - Object: 'Object Repository/IWP30/Page_ScheduledPayments/edit_payment' is clicked on

04-10-2024T23:59:48 - [TEST_STEP][PASSED] - iwpPages.editSchedulePayment.setDataSchedPaymentEF(row, dataFile): iwpPages.editSchedulePayment.setDataSchedPaymentEF is PASSED

04-10-2024T23:59:50 - [MESSAGE][PASSED] - Text 'Edit Payment Plan' is present on page 

04-10-2024T23:59:50 - [MESSAGE][PASSED] - All options with label 'Orange' are selected in object 'Object Repository/IWP30/Page_CCPaymentEntry/UserDefined7' 

04-10-2024T23:59:51 - [MESSAGE][PASSED] - All options with label 'Soccer' are selected in object 'Object Repository/IWP30/Page_CCPaymentEntry/UserDefined8' 

04-10-2024T23:59:51 - [MESSAGE][PASSED] - Execute JavaScript '
				   document.getElementById('processDate').value = '08/09/2045'
				  ' successfully

04-10-2024T23:59:51 - [MESSAGE][PASSED] - iwpPages.editSchedulePayment.setDataSchedPaymentEF is PASSED

04-10-2024T23:59:51 - [TEST_STEP][PASSED] - click(findTestObject("Object Repository/Page_EditSchedPayment/chkbox_acceptterms")): Object: 'Object Repository/Page_EditSchedPayment/chkbox_acceptterms' is clicked on

04-10-2024T23:59:51 - [MESSAGE][PASSED] - Object: 'Object Repository/Page_EditSchedPayment/chkbox_acceptterms' is clicked on

04-10-2024T23:59:51 - [TEST_STEP][PASSED] - click(findTestObject("Object Repository/Page_EditSchedPayment/btn_update")): Object: 'Object Repository/Page_EditSchedPayment/btn_update' is clicked on

04-10-2024T23:59:53 - [MESSAGE][PASSED] - Object: 'Object Repository/Page_EditSchedPayment/btn_update' is clicked on

04-10-2024T23:59:53 - [TEST_STEP][PASSED] - if (verifyTextPresent("Successful Payment Plan Update", false)): null

04-10-2024T23:59:53 - [MESSAGE][PASSED] - Text 'Successful Payment Plan Update' is present on page 

04-10-2024T23:59:53 - [TEST_STEP][PASSED] - isRequiredTextPresent = true: null

04-10-2024T23:59:53 - [TEST_STEP][PASSED] - println(isRequiredTextPresent): null

04-10-2024T23:59:53 - [TEST_STEP][PASSED] - if (isRequiredTextPresent): null

04-10-2024T23:59:53 - [TEST_STEP][PASSED] - if (verifyTextPresent("CAN Label:", false)): null

04-10-2024T23:59:53 - [MESSAGE][PASSED] - Text 'CAN Label:' is present on page 

04-10-2024T23:59:53 - [TEST_STEP][PASSED] - isRequiredTextPresent = true: null

04-10-2024T23:59:53 - [TEST_STEP][PASSED] - println(isRequiredTextPresent): null

04-10-2024T23:59:53 - [TEST_STEP][PASSED] - if (isRequiredTextPresent): null

04-10-2024T23:59:53 - [TEST_STEP][PASSED] - if (verifyTextPresent("Remittance ID:", false)): null

04-10-2024T23:59:54 - [MESSAGE][PASSED] - Text 'Remittance ID:' is present on page 

04-10-2024T23:59:54 - [TEST_STEP][PASSED] - isRequiredTextPresent = true: null

04-10-2024T23:59:54 - [TEST_STEP][PASSED] - println(isRequiredTextPresent): null

04-10-2024T23:59:54 - [TEST_STEP][PASSED] - if (isRequiredTextPresent): null

04-10-2024T23:59:54 - [TEST_STEP][PASSED] - if (verifyTextPresent("UDF2 Label:", false)): null

04-10-2024T23:59:54 - [MESSAGE][PASSED] - Text 'UDF2 Label:' is present on page 

04-10-2024T23:59:54 - [TEST_STEP][PASSED] - isRequiredTextPresent = true: null

04-10-2024T23:59:54 - [TEST_STEP][PASSED] - println(isRequiredTextPresent): null

04-10-2024T23:59:54 - [TEST_STEP][PASSED] - if (isRequiredTextPresent): null

04-10-2024T23:59:54 - [TEST_STEP][PASSED] - if (verifyTextPresent("UDF3 Label:", false)): null

04-10-2024T23:59:54 - [MESSAGE][PASSED] - Text 'UDF3 Label:' is present on page 

04-10-2024T23:59:54 - [TEST_STEP][PASSED] - isRequiredTextPresent = true: null

04-10-2024T23:59:54 - [TEST_STEP][PASSED] - println(isRequiredTextPresent): null

04-10-2024T23:59:54 - [TEST_STEP][PASSED] - if (isRequiredTextPresent): null

04-10-2024T23:59:54 - [TEST_STEP][PASSED] - if (verifyTextPresent("UDF4 Label:", false)): null

04-10-2024T23:59:54 - [MESSAGE][PASSED] - Text 'UDF4 Label:' is present on page 

04-10-2024T23:59:54 - [TEST_STEP][PASSED] - isRequiredTextPresent = true: null

04-10-2024T23:59:54 - [TEST_STEP][PASSED] - println(isRequiredTextPresent): null

04-10-2024T23:59:54 - [TEST_STEP][PASSED] - if (isRequiredTextPresent): null

04-10-2024T23:59:54 - [TEST_STEP][PASSED] - if (verifyTextPresent("UDF7 Label:", false)): null

04-10-2024T23:59:55 - [MESSAGE][PASSED] - Text 'UDF7 Label:' is present on page 

04-10-2024T23:59:55 - [TEST_STEP][PASSED] - isRequiredTextPresent = true: null

04-10-2024T23:59:55 - [TEST_STEP][PASSED] - println(isRequiredTextPresent): null

04-10-2024T23:59:55 - [TEST_STEP][PASSED] - if (isRequiredTextPresent): null

04-10-2024T23:59:55 - [TEST_STEP][PASSED] - if (verifyTextPresent("UDF8 Label:", false)): null

04-10-2024T23:59:55 - [MESSAGE][PASSED] - Text 'UDF8 Label:' is present on page 

04-10-2024T23:59:55 - [TEST_STEP][PASSED] - isRequiredTextPresent = true: null

04-10-2024T23:59:55 - [TEST_STEP][PASSED] - println(isRequiredTextPresent): null

04-10-2024T23:59:55 - [TEST_STEP][PASSED] - if (isRequiredTextPresent): null

04-10-2024T23:59:55 - [TEST_STEP][PASSED] - if (verifyTextPresent("UDF9 Label:", false)): null

04-10-2024T23:59:55 - [MESSAGE][PASSED] - Text 'UDF9 Label:' is present on page 

04-10-2024T23:59:55 - [TEST_STEP][PASSED] - isRequiredTextPresent = true: null

04-10-2024T23:59:55 - [TEST_STEP][PASSED] - println(isRequiredTextPresent): null

04-10-2024T23:59:55 - [TEST_STEP][PASSED] - if (isRequiredTextPresent): null

04-10-2024T23:59:55 - [TEST_STEP][PASSED] - if (verifyTextPresent("Transaction Type:", false)): null

04-10-2024T23:59:56 - [MESSAGE][PASSED] - Text 'Transaction Type:' is present on page 

04-10-2024T23:59:56 - [TEST_STEP][PASSED] - isRequiredTextPresent = true: null

04-10-2024T23:59:56 - [TEST_STEP][PASSED] - println(isRequiredTextPresent): null

04-10-2024T23:59:56 - [TEST_STEP][PASSED] - if (isRequiredTextPresent): null

04-10-2024T23:59:56 - [TEST_STEP][PASSED] - if (verifyTextPresent("Amount:", false)): null

04-10-2024T23:59:56 - [MESSAGE][PASSED] - Text 'Amount:' is present on page 

04-10-2024T23:59:56 - [TEST_STEP][PASSED] - isRequiredTextPresent = true: null

04-10-2024T23:59:56 - [TEST_STEP][PASSED] - println(isRequiredTextPresent): null

04-10-2024T23:59:56 - [TEST_STEP][PASSED] - if (isRequiredTextPresent): null

04-10-2024T23:59:56 - [TEST_STEP][PASSED] - if (verifyTextPresent("Check Information:", false)): null

04-10-2024T23:59:56 - [MESSAGE][PASSED] - Text 'Check Information:' is present on page 

04-10-2024T23:59:56 - [TEST_STEP][PASSED] - isRequiredTextPresent = true: null

04-10-2024T23:59:56 - [TEST_STEP][PASSED] - println(isRequiredTextPresent): null

04-10-2024T23:59:56 - [TEST_STEP][PASSED] - if (isRequiredTextPresent): null

04-10-2024T23:59:56 - [TEST_STEP][PASSED] - if (verifyTextPresent("Account Type:", false)): null

04-10-2024T23:59:56 - [MESSAGE][PASSED] - Text 'Account Type:' is present on page 

04-10-2024T23:59:56 - [TEST_STEP][PASSED] - isRequiredTextPresent = true: null

04-10-2024T23:59:56 - [TEST_STEP][PASSED] - println(isRequiredTextPresent): null

04-10-2024T23:59:56 - [TEST_STEP][PASSED] - if (isRequiredTextPresent): null

04-10-2024T23:59:56 - [TEST_STEP][PASSED] - if (verifyTextPresent("Account Number:", false)): null

04-10-2024T23:59:57 - [MESSAGE][PASSED] - Text 'Account Number:' is present on page 

04-10-2024T23:59:57 - [TEST_STEP][PASSED] - isRequiredTextPresent = true: null

04-10-2024T23:59:57 - [TEST_STEP][PASSED] - println(isRequiredTextPresent): null

04-10-2024T23:59:57 - [TEST_STEP][PASSED] - if (isRequiredTextPresent): null

04-10-2024T23:59:57 - [TEST_STEP][PASSED] - if (verifyTextPresent("Routing Number:", false)): null

04-10-2024T23:59:57 - [MESSAGE][PASSED] - Text 'Routing Number:' is present on page 

04-10-2024T23:59:57 - [TEST_STEP][PASSED] - isRequiredTextPresent = true: null

04-10-2024T23:59:57 - [TEST_STEP][PASSED] - println(isRequiredTextPresent): null

04-10-2024T23:59:57 - [TEST_STEP][PASSED] - if (isRequiredTextPresent): null

04-10-2024T23:59:57 - [TEST_STEP][PASSED] - if (verifyTextPresent("Name of Account:", false)): null

04-10-2024T23:59:57 - [MESSAGE][PASSED] - Text 'Name of Account:' is present on page 

04-10-2024T23:59:57 - [TEST_STEP][PASSED] - isRequiredTextPresent = true: null

04-10-2024T23:59:57 - [TEST_STEP][PASSED] - println(isRequiredTextPresent): null

04-10-2024T23:59:57 - [TEST_STEP][PASSED] - if (isRequiredTextPresent): null

04-10-2024T23:59:57 - [TEST_STEP][PASSED] - if (verifyTextPresent("Billing Information:", false)): null

04-10-2024T23:59:57 - [MESSAGE][PASSED] - Text 'Billing Information:' is present on page 

04-10-2024T23:59:57 - [TEST_STEP][PASSED] - isRequiredTextPresent = true: null

04-10-2024T23:59:57 - [TEST_STEP][PASSED] - println(isRequiredTextPresent): null

04-10-2024T23:59:57 - [TEST_STEP][PASSED] - if (isRequiredTextPresent): null

04-10-2024T23:59:57 - [TEST_STEP][PASSED] - if (verifyTextPresent("Address Line 1:", false)): null

04-10-2024T23:59:58 - [MESSAGE][PASSED] - Text 'Address Line 1:' is present on page 

04-10-2024T23:59:58 - [TEST_STEP][PASSED] - isRequiredTextPresent = true: null

04-10-2024T23:59:58 - [TEST_STEP][PASSED] - println(isRequiredTextPresent): null

04-10-2024T23:59:58 - [TEST_STEP][PASSED] - if (isRequiredTextPresent): null

04-10-2024T23:59:58 - [TEST_STEP][PASSED] - if (verifyTextPresent("Address Line 2:", false)): null

04-10-2024T23:59:58 - [MESSAGE][PASSED] - Text 'Address Line 2:' is present on page 

04-10-2024T23:59:58 - [TEST_STEP][PASSED] - isRequiredTextPresent = true: null

04-10-2024T23:59:58 - [TEST_STEP][PASSED] - println(isRequiredTextPresent): null

04-10-2024T23:59:58 - [TEST_STEP][PASSED] - if (isRequiredTextPresent): null

04-10-2024T23:59:58 - [TEST_STEP][PASSED] - if (verifyTextPresent("Country:", false)): null

04-10-2024T23:59:58 - [MESSAGE][PASSED] - Text 'Country:' is present on page 

04-10-2024T23:59:58 - [TEST_STEP][PASSED] - isRequiredTextPresent = true: null

04-10-2024T23:59:58 - [TEST_STEP][PASSED] - println(isRequiredTextPresent): null

04-10-2024T23:59:58 - [TEST_STEP][PASSED] - if (isRequiredTextPresent): null

04-10-2024T23:59:58 - [TEST_STEP][PASSED] - if (verifyTextPresent("City:", false)): null

04-10-2024T23:59:59 - [MESSAGE][PASSED] - Text 'City:' is present on page 

04-10-2024T23:59:59 - [TEST_STEP][PASSED] - isRequiredTextPresent = true: null

04-10-2024T23:59:59 - [TEST_STEP][PASSED] - println(isRequiredTextPresent): null

04-10-2024T23:59:59 - [TEST_STEP][PASSED] - if (isRequiredTextPresent): null

04-10-2024T23:59:59 - [TEST_STEP][PASSED] - if (verifyTextPresent("State:", false)): null

04-10-2024T23:59:59 - [MESSAGE][PASSED] - Text 'State:' is present on page 

04-10-2024T23:59:59 - [TEST_STEP][PASSED] - isRequiredTextPresent = true: null

04-10-2024T23:59:59 - [TEST_STEP][PASSED] - println(isRequiredTextPresent): null

04-10-2024T23:59:59 - [TEST_STEP][PASSED] - if (isRequiredTextPresent): null

04-10-2024T23:59:59 - [TEST_STEP][PASSED] - if (verifyTextPresent("Zip Code:", false)): null

04-10-2024T23:59:59 - [MESSAGE][PASSED] - Text 'Zip Code:' is present on page 

04-10-2024T23:59:59 - [TEST_STEP][PASSED] - isRequiredTextPresent = true: null

04-10-2024T23:59:59 - [TEST_STEP][PASSED] - println(isRequiredTextPresent): null

04-10-2024T23:59:59 - [TEST_STEP][PASSED] - if (isRequiredTextPresent): null

04-10-2024T23:59:59 - [TEST_STEP][PASSED] - if (verifyTextPresent("Plan Information:", false)): null

04-10-2024T23:59:59 - [MESSAGE][PASSED] - Text 'Plan Information:' is present on page 

04-10-2024T23:59:59 - [TEST_STEP][PASSED] - isRequiredTextPresent = true: null

04-10-2024T23:59:59 - [TEST_STEP][PASSED] - println(isRequiredTextPresent): null

04-10-2024T23:59:59 - [TEST_STEP][PASSED] - if (isRequiredTextPresent): null

04-10-2024T23:59:59 - [TEST_STEP][PASSED] - if (verifyTextPresent("Payment Plan Type:", false)): null

05-10-2024T00:00:00 - [MESSAGE][PASSED] - Text 'Payment Plan Type:' is present on page 

05-10-2024T00:00:00 - [TEST_STEP][PASSED] - isRequiredTextPresent = true: null

05-10-2024T00:00:00 - [TEST_STEP][PASSED] - println(isRequiredTextPresent): null

05-10-2024T00:00:00 - [TEST_STEP][PASSED] - if (isRequiredTextPresent): null

05-10-2024T00:00:00 - [TEST_STEP][PASSED] - if (verifyTextPresent("Payment Plan ID:", false)): null

05-10-2024T00:00:00 - [MESSAGE][PASSED] - Text 'Payment Plan ID:' is present on page 

05-10-2024T00:00:00 - [TEST_STEP][PASSED] - isRequiredTextPresent = true: null

05-10-2024T00:00:00 - [TEST_STEP][PASSED] - println(isRequiredTextPresent): null

05-10-2024T00:00:00 - [TEST_STEP][PASSED] - if (isRequiredTextPresent): null

05-10-2024T00:00:00 - [TEST_STEP][PASSED] - if (verifyTextPresent("Start Date:", false)): null

05-10-2024T00:00:00 - [MESSAGE][PASSED] - Text 'Start Date:' is present on page 

05-10-2024T00:00:00 - [TEST_STEP][PASSED] - isRequiredTextPresent = true: null

05-10-2024T00:00:00 - [TEST_STEP][PASSED] - println(isRequiredTextPresent): null

05-10-2024T00:00:00 - [TEST_STEP][PASSED] - if (isRequiredTextPresent == true): pages.WriteExcel.demoKey is PASSED

05-10-2024T00:00:00 - [TEST_STEP][PASSED] - println("All the relevant texts are present on Receipt Page"): null

05-10-2024T00:00:00 - [TEST_STEP][PASSED] - markPassed("All the relevant texts are present on Receipt Page"): All the relevant texts are present on Receipt Page

05-10-2024T00:00:00 - [MESSAGE][PASSED] - All the relevant texts are present on Receipt Page

05-10-2024T00:00:00 - [TEST_STEP][PASSED] - resText = "Pass": null

05-10-2024T00:00:00 - [TEST_STEP][PASSED] - pages.WriteExcel.demoKey(resText, datText, resColumn, datCloumn, fileLoc, nameSheet, row): pages.WriteExcel.demoKey is PASSED

05-10-2024T00:00:00 - [MESSAGE][PASSED] - pages.WriteExcel.demoKey is PASSED

05-10-2024T00:00:00 - [TEST_STEP][PASSED] - closeBrowser(): Browser is closed

05-10-2024T00:00:01 - [MESSAGE][PASSED] - Browser is closed]]></system-out>
         <system-err><![CDATA[]]></system-err>
      </testcase>
      <testcase name="Test Cases/IntegratedWeb/IWP25/Payments/VerifyReceiptPageLabelsCC" time="74.644" classname="Test Cases/IntegratedWeb/IWP25/Payments/VerifyReceiptPageLabelsCC" status="PASSED">
         <system-out><![CDATA[05-10-2024T00:00:01 - [TEST_CASE][PASSED] - Test Cases/IntegratedWeb/IWP25/Payments/VerifyReceiptPageLabelsCC: Test Cases/IntegratedWeb/IWP25/Payments/VerifyReceiptPageLabelsCC

05-10-2024T00:00:01 - [TEST_STEP][PASSED] - resText = "Fail": null

05-10-2024T00:00:01 - [TEST_STEP][PASSED] - resColumn = "Result": null

05-10-2024T00:00:01 - [TEST_STEP][PASSED] - datCloumn = "Date": null

05-10-2024T00:00:01 - [TEST_STEP][PASSED] - fileLoc = "KatalonData/IWPTestData/VRelay25Payments.xlsx": null

05-10-2024T00:00:01 - [TEST_STEP][PASSED] - numOfRows = <not implemented yet for class: org.codehaus.groovy.ast.expr.EmptyExpression>: null

05-10-2024T00:00:01 - [TEST_STEP][PASSED] - dataFile = <not implemented yet for class: org.codehaus.groovy.ast.expr.EmptyExpression>: null

05-10-2024T00:00:01 - [TEST_STEP][PASSED] - nameSheet = <not implemented yet for class: org.codehaus.groovy.ast.expr.EmptyExpression>: null

05-10-2024T00:00:01 - [TEST_STEP][PASSED] - dataFileEmulator = <not implemented yet for class: org.codehaus.groovy.ast.expr.EmptyExpression>: null

05-10-2024T00:00:01 - [TEST_STEP][PASSED] - isRequiredTextPresent = false: null

05-10-2024T00:00:01 - [TEST_STEP][PASSED] - nameSheet = "VerifyReceiptPageLabelsCredit": null

05-10-2024T00:00:01 - [TEST_STEP][PASSED] - dataFile = "IWPTestData/IWP25VerifyReceiptPageLabelsCC": null

05-10-2024T00:00:01 - [TEST_STEP][PASSED] - dataFileEmulator = "IWPTestData/EmulatorData": null

05-10-2024T00:00:01 - [TEST_STEP][PASSED] - numOfRows = findTestData(dataFile).getRowNumbers(): null

05-10-2024T00:00:01 - [TEST_STEP][PASSED] - println("Number of Records: " + numOfRows): null

05-10-2024T00:00:01 - [TEST_STEP][PASSED] - for ([row = 1, row <= numOfRows, (row++)]): Browser is closed

05-10-2024T00:00:01 - [TEST_STEP][PASSED] - ExecuteTC = findTestData(dataFile).getValue("Execute", row): null

05-10-2024T00:00:01 - [TEST_STEP][PASSED] - out.println("Value of Execute is : " + ExecuteTC): null

05-10-2024T00:00:01 - [TEST_STEP][PASSED] - if (ExecuteTC.equalsIgnoreCase("Y")): pages.WriteExcel.demoKey is PASSED

05-10-2024T00:00:01 - [TEST_STEP][PASSED] - out.println("Begin Record Number: " + row): null

05-10-2024T00:00:01 - [TEST_STEP][PASSED] - today = new java.util.Date(): null

05-10-2024T00:00:01 - [TEST_STEP][PASSED] - println(today): null

05-10-2024T00:00:01 - [TEST_STEP][PASSED] - datText = today: null

05-10-2024T00:00:01 - [TEST_STEP][PASSED] - EmulatorDataKey = findTestData(dataFile).getValue("EmulatorData", row): null

05-10-2024T00:00:01 - [TEST_STEP][PASSED] - out.println("Value of Emulator Key is : " + EmulatorDataKey): null

05-10-2024T00:00:01 - [TEST_STEP][PASSED] - iwpPages.emulatorIWP30.setDataEmulator_DD(EmulatorDataKey): iwpPages.emulatorIWP30.setDataEmulator_DD is PASSED

05-10-2024T00:00:02 - [MESSAGE][INFO] - Starting 'Edge Chromium' driver

05-10-2024T00:00:02 - [MESSAGE][INFO] - User set preference: ['acceptInsecureCerts', 'true']

05-10-2024T00:00:04 - [MESSAGE][INFO] - Action delay is set to 0 milliseconds

05-10-2024T00:00:08 - [MESSAGE][PASSED] - Browser is opened with url: 'https://qa.velocitypayment.com/agency/config.do?action=editor&message_version=2_5'

05-10-2024T00:00:08 - [MESSAGE][PASSED] - Current window maximized

05-10-2024T00:00:09 - [MESSAGE][PASSED] - All options with value '2.5' are selected in object 'Object Repository/IWP30/Page_VRelay30Emulator/MV'  using regular expression

05-10-2024T00:00:10 - [MESSAGE][PASSED] - Text '10.50' is set on object 'Object Repository/IWP30/Page_VRelay30Emulator/Amount'

05-10-2024T00:00:10 - [MESSAGE][PASSED] - Text 'azziPdo43gmv' is set on object 'Object Repository/IWP30/Page_VRelay30Emulator/CAN'

05-10-2024T00:00:11 - [MESSAGE][PASSED] - Text 'PayNow' is set on object 'Object Repository/IWP30/Page_VRelay30Emulator/Action'

05-10-2024T00:00:11 - [MESSAGE][PASSED] - Text 'en_US' is set on object 'Object Repository/IWP30/Page_VRelay30Emulator/Lang'

05-10-2024T00:00:12 - [MESSAGE][PASSED] - Text '' is set on object 'Object Repository/IWP30/Page_VRelay30Emulator/Fname'

05-10-2024T00:00:13 - [MESSAGE][PASSED] - Text '' is set on object 'Object Repository/IWP30/Page_VRelay30Emulator/Lname'

05-10-2024T00:00:13 - [MESSAGE][PASSED] - Text '' is set on object 'Object Repository/IWP30/Page_VRelay30Emulator/AL1'

05-10-2024T00:00:14 - [MESSAGE][PASSED] - Text '' is set on object 'Object Repository/IWP30/Page_VRelay30Emulator/AL2'

05-10-2024T00:00:14 - [MESSAGE][PASSED] - Text '' is set on object 'Object Repository/IWP30/Page_VRelay30Emulator/Country'

05-10-2024T00:00:15 - [MESSAGE][PASSED] - Text '' is set on object 'Object Repository/IWP30/Page_VRelay30Emulator/City'

05-10-2024T00:00:15 - [MESSAGE][PASSED] - Text '' is set on object 'Object Repository/IWP30/Page_VRelay30Emulator/State'

05-10-2024T00:00:16 - [MESSAGE][PASSED] - Text '' is set on object 'Object Repository/IWP30/Page_VRelay30Emulator/ZIP'

05-10-2024T00:00:17 - [MESSAGE][PASSED] - Text '' is set on object 'Object Repository/IWP30/Page_VRelay30Emulator/Order'

05-10-2024T00:00:17 - [MESSAGE][PASSED] - Text '' is set on object 'Object Repository/IWP30/Page_VRelay30Emulator/Company'

05-10-2024T00:00:18 - [MESSAGE][PASSED] - Text '' is set on object 'Object Repository/IWP30/Page_VRelay30Emulator/Email'

05-10-2024T00:00:18 - [MESSAGE][PASSED] - Text '' is set on object 'Object Repository/IWP30/Page_VRelay30Emulator/UDF1'

05-10-2024T00:00:19 - [MESSAGE][PASSED] - Text '' is set on object 'Object Repository/IWP30/Page_VRelay30Emulator/UDF2'

05-10-2024T00:00:19 - [MESSAGE][PASSED] - Text '' is set on object 'Object Repository/IWP30/Page_VRelay30Emulator/UDF3'

05-10-2024T00:00:20 - [MESSAGE][PASSED] - Text 'udf data 4' is set on object 'Object Repository/IWP30/Page_VRelay30Emulator/UDF4'

05-10-2024T00:00:21 - [MESSAGE][PASSED] - Text 'udf data 5' is set on object 'Object Repository/IWP30/Page_VRelay30Emulator/UDF5'

05-10-2024T00:00:21 - [MESSAGE][PASSED] - Text '' is set on object 'Object Repository/IWP30/Page_VRelay30Emulator/UDF6'

05-10-2024T00:00:22 - [MESSAGE][PASSED] - Text '' is set on object 'Object Repository/IWP30/Page_VRelay30Emulator/UDF7'

05-10-2024T00:00:22 - [MESSAGE][PASSED] - Text '' is set on object 'Object Repository/IWP30/Page_VRelay30Emulator/UDF8'

05-10-2024T00:00:23 - [MESSAGE][PASSED] - Text 'udf data 9' is set on object 'Object Repository/IWP30/Page_VRelay30Emulator/UDF9'

05-10-2024T00:00:24 - [MESSAGE][PASSED] - Text 'udf data 10' is set on object 'Object Repository/IWP30/Page_VRelay30Emulator/UDF10'

05-10-2024T00:00:25 - [MESSAGE][PASSED] - Object: 'Object Repository/IWP30/Page_VRelay30Emulator/Submit' is clicked on

05-10-2024T00:00:29 - [MESSAGE][PASSED] - Browser is closed

05-10-2024T00:00:33 - [MESSAGE][PASSED] - iwpPages.emulatorIWP30.setDataEmulator_DD is PASSED

05-10-2024T00:00:33 - [TEST_STEP][PASSED] - testHarnessURL = urlTestHarness: null

05-10-2024T00:00:33 - [TEST_STEP][PASSED] - openBrowser(testHarnessURL): Browser is opened with url: 'https://dev-algorithm.govolution.com/vrelaytest/QA/version_2_2/vrelaytest.html'

05-10-2024T00:00:33 - [MESSAGE][INFO] - Starting 'Edge Chromium' driver

05-10-2024T00:00:33 - [MESSAGE][INFO] - User set preference: ['acceptInsecureCerts', 'true']

05-10-2024T00:00:35 - [MESSAGE][INFO] - Action delay is set to 0 milliseconds

05-10-2024T00:00:39 - [MESSAGE][PASSED] - Browser is opened with url: 'https://dev-algorithm.govolution.com/vrelaytest/QA/version_2_2/vrelaytest.html'

05-10-2024T00:00:39 - [TEST_STEP][PASSED] - maximizeWindow(): Current window maximized

05-10-2024T00:00:39 - [MESSAGE][PASSED] - Current window maximized

05-10-2024T00:00:39 - [TEST_STEP][PASSED] - iwpPages.TestHarnessPage.setDataMethod(row, dataFile): iwpPages.TestHarnessPage.setDataMethod is PASSED

05-10-2024T00:00:39 - [MESSAGE][PASSED] - Object 'Object Repository/IWP30/Page_QATestHarness/RemittanceID' is present

05-10-2024T00:00:40 - [MESSAGE][PASSED] - Text '638' is set on object 'Object Repository/IWP30/Page_QATestHarness/ApplicationID'

05-10-2024T00:00:40 - [MESSAGE][PASSED] - Text '2.5' is set on object 'Object Repository/IWP30/Page_QATestHarness/MessageVersion'

05-10-2024T00:00:41 - [MESSAGE][PASSED] - Text 'uyymSzeFN0ZM' is set on object 'Object Repository/IWP30/Page_QATestHarness/RemittanceID'

05-10-2024T00:00:44 - [MESSAGE][PASSED] - Object: 'Object Repository/IWP30/Page_QATestHarness/SubmitButton' is clicked on

05-10-2024T00:00:44 - [MESSAGE][PASSED] - iwpPages.TestHarnessPage.setDataMethod is PASSED

05-10-2024T00:00:44 - [TEST_STEP][PASSED] - click(findTestObject("Object Repository/IWP30/Page_SelectPaymentMethod/PayByCreditCard")): Object: 'Object Repository/IWP30/Page_SelectPaymentMethod/PayByCreditCard' is clicked on

05-10-2024T00:00:45 - [MESSAGE][PASSED] - Object: 'Object Repository/IWP30/Page_SelectPaymentMethod/PayByCreditCard' is clicked on

05-10-2024T00:00:45 - [TEST_STEP][PASSED] - click(findTestObject("Object Repository/IWP30/Page_SelectPaymentMethod/MakePaymentButton")): Object: 'Object Repository/IWP30/Page_SelectPaymentMethod/MakePaymentButton' is clicked on

05-10-2024T00:00:46 - [MESSAGE][PASSED] - Object: 'Object Repository/IWP30/Page_SelectPaymentMethod/MakePaymentButton' is clicked on

05-10-2024T00:00:46 - [TEST_STEP][PASSED] - iwpPages.ccPaymentEntryPage.setDataCCPM(row, dataFile): iwpPages.ccPaymentEntryPage.setDataCCPM is PASSED

05-10-2024T00:00:47 - [MESSAGE][PASSED] - Object 'Object Repository/IWP30/Page_CCPaymentEntry/Name' is present

05-10-2024T00:00:48 - [MESSAGE][PASSED] - Text '10.50' is set on object 'Object Repository/IWP30/Page_CCPaymentEntry/Amount'

05-10-2024T00:00:48 - [MESSAGE][PASSED] - Text 'udf data 2' is set on object 'Object Repository/IWP30/Page_CCPaymentEntry/UserDefined2'

05-10-2024T00:00:49 - [MESSAGE][PASSED] - Text 'udf data 3' is set on object 'Object Repository/IWP30/Page_CCPaymentEntry/UserDefined3'

05-10-2024T00:00:50 - [MESSAGE][PASSED] - All options with label 'Orange' are selected in object 'Object Repository/IWP30/Page_CCPaymentEntry/UserDefined7' 

05-10-2024T00:00:50 - [MESSAGE][PASSED] - All options with label 'Soccer' are selected in object 'Object Repository/IWP30/Page_CCPaymentEntry/UserDefined8' 

05-10-2024T00:00:50 - [MESSAGE][PASSED] - Object 'Object Repository/IWP30/Page_CCPaymentEntry/Name' is present

05-10-2024T00:00:51 - [MESSAGE][PASSED] - Text 'Kavita Ranawati' is set on object 'Object Repository/IWP30/Page_CCPaymentEntry/Name'

05-10-2024T00:00:51 - [MESSAGE][PASSED] - Object 'Object Repository/IWP30/Page_CCPaymentEntry/CardNumber' is present

05-10-2024T00:00:52 - [MESSAGE][PASSED] - Text '4111111111111111' is set on object 'Object Repository/IWP30/Page_CCPaymentEntry/CardNumber'

05-10-2024T00:00:52 - [MESSAGE][PASSED] - Text '123' is set on object 'Object Repository/IWP30/Page_CCPaymentEntry/SPC'

05-10-2024T00:00:53 - [MESSAGE][PASSED] - Object 'Object Repository/IWP30/Page_CCPaymentEntry/Month' is present

05-10-2024T00:00:54 - [MESSAGE][PASSED] - All options with label '09' are selected in object 'Object Repository/IWP30/Page_CCPaymentEntry/Month' 

05-10-2024T00:00:54 - [MESSAGE][PASSED] - Object 'Object Repository/IWP30/Page_CCPaymentEntry/Year' is present

05-10-2024T00:00:55 - [MESSAGE][PASSED] - All options with label '2028' are selected in object 'Object Repository/IWP30/Page_CCPaymentEntry/Year' 

05-10-2024T00:00:55 - [MESSAGE][PASSED] - Text '365 Main Avenue' is set on object 'Object Repository/IWP30/Page_CCPaymentEntry/AL1'

05-10-2024T00:00:56 - [MESSAGE][PASSED] - Text '22201' is set on object 'Object Repository/IWP30/Page_CCPaymentEntry/ZIP'

05-10-2024T00:00:56 - [MESSAGE][PASSED] - Object 'Object Repository/IWP30/Page_CCPaymentEntry/EmailAddress' is present

05-10-2024T00:00:57 - [MESSAGE][PASSED] - Text 'iahmed@govolution.com' is set on object 'Object Repository/IWP30/Page_CCPaymentEntry/EmailAddress'

05-10-2024T00:00:57 - [MESSAGE][PASSED] - Object 'Object Repository/IWP30/Page_CCPaymentEntry/TermCondCheckBox' is present

05-10-2024T00:00:58 - [MESSAGE][PASSED] - Object 'Object Repository/IWP30/Page_CCPaymentEntry/TermCondCheckBox' is checked

05-10-2024T00:00:58 - [MESSAGE][PASSED] - Object 'Object Repository/IWP30/Page_CCPaymentEntry/ContinueButton' is present

05-10-2024T00:00:59 - [MESSAGE][PASSED] - Object: 'Object Repository/IWP30/Page_CCPaymentEntry/ContinueButton' is clicked on

05-10-2024T00:00:59 - [MESSAGE][PASSED] - iwpPages.ccPaymentEntryPage.setDataCCPM is PASSED

05-10-2024T00:00:59 - [TEST_STEP][PASSED] - click(findTestObject("Object Repository/IWP30/Page_Confirmation/ConfirmButton")): Object: 'Object Repository/IWP30/Page_Confirmation/ConfirmButton' is clicked on

05-10-2024T00:01:01 - [MESSAGE][PASSED] - Object: 'Object Repository/IWP30/Page_Confirmation/ConfirmButton' is clicked on

05-10-2024T00:01:01 - [TEST_STEP][PASSED] - Thread.sleep(5000): null

05-10-2024T00:01:06 - [TEST_STEP][PASSED] - if (verifyTextPresent("Make a Real Estate Payment", false)): null

05-10-2024T00:01:08 - [MESSAGE][PASSED] - Text 'Make a Real Estate Payment' is present on page 

05-10-2024T00:01:08 - [TEST_STEP][PASSED] - isRequiredTextPresent = true: null

05-10-2024T00:01:08 - [TEST_STEP][PASSED] - println(isRequiredTextPresent): null

05-10-2024T00:01:08 - [TEST_STEP][PASSED] - if (isRequiredTextPresent): null

05-10-2024T00:01:08 - [TEST_STEP][PASSED] - if (verifyTextPresent("Successful Payment Receipt", false)): null

05-10-2024T00:01:08 - [MESSAGE][PASSED] - Text 'Successful Payment Receipt' is present on page 

05-10-2024T00:01:08 - [TEST_STEP][PASSED] - isRequiredTextPresent = true: null

05-10-2024T00:01:08 - [TEST_STEP][PASSED] - println(isRequiredTextPresent): null

05-10-2024T00:01:08 - [TEST_STEP][PASSED] - if (isRequiredTextPresent): null

05-10-2024T00:01:08 - [TEST_STEP][PASSED] - if (verifyTextPresent("Please print this receipt for your records", false)): null

05-10-2024T00:01:08 - [MESSAGE][PASSED] - Text 'Please print this receipt for your records' is present on page 

05-10-2024T00:01:08 - [TEST_STEP][PASSED] - isRequiredTextPresent = true: null

05-10-2024T00:01:08 - [TEST_STEP][PASSED] - if (isRequiredTextPresent): null

05-10-2024T00:01:08 - [TEST_STEP][PASSED] - if (verifyTextPresent("Remittance ID:", false)): null

05-10-2024T00:01:08 - [MESSAGE][PASSED] - Text 'Remittance ID:' is present on page 

05-10-2024T00:01:08 - [TEST_STEP][PASSED] - isRequiredTextPresent = true: null

05-10-2024T00:01:08 - [TEST_STEP][PASSED] - if (isRequiredTextPresent): null

05-10-2024T00:01:08 - [TEST_STEP][PASSED] - if (verifyTextPresent("Payment ID:", false)): null

05-10-2024T00:01:09 - [MESSAGE][PASSED] - Text 'Payment ID:' is present on page 

05-10-2024T00:01:09 - [TEST_STEP][PASSED] - isRequiredTextPresent = true: null

05-10-2024T00:01:09 - [TEST_STEP][PASSED] - if (isRequiredTextPresent): null

05-10-2024T00:01:09 - [TEST_STEP][PASSED] - if (verifyTextPresent("CAN Label:", false)): null

05-10-2024T00:01:09 - [MESSAGE][PASSED] - Text 'CAN Label:' is present on page 

05-10-2024T00:01:09 - [TEST_STEP][PASSED] - isRequiredTextPresent = true: null

05-10-2024T00:01:09 - [TEST_STEP][PASSED] - if (isRequiredTextPresent): null

05-10-2024T00:01:09 - [TEST_STEP][PASSED] - if (verifyTextPresent("Received:", false)): null

05-10-2024T00:01:09 - [MESSAGE][PASSED] - Text 'Received:' is present on page 

05-10-2024T00:01:09 - [TEST_STEP][PASSED] - isRequiredTextPresent = true: null

05-10-2024T00:01:09 - [TEST_STEP][PASSED] - if (isRequiredTextPresent): null

05-10-2024T00:01:09 - [TEST_STEP][PASSED] - if (verifyTextPresent("UDF1 Label:", false)): null

05-10-2024T00:01:10 - [MESSAGE][PASSED] - Text 'UDF1 Label:' is present on page 

05-10-2024T00:01:10 - [TEST_STEP][PASSED] - isRequiredTextPresent = true: null

05-10-2024T00:01:10 - [TEST_STEP][PASSED] - if (isRequiredTextPresent): null

05-10-2024T00:01:10 - [TEST_STEP][PASSED] - if (verifyTextPresent("UDF2 Label:", false)): null

05-10-2024T00:01:10 - [MESSAGE][PASSED] - Text 'UDF2 Label:' is present on page 

05-10-2024T00:01:10 - [TEST_STEP][PASSED] - isRequiredTextPresent = true: null

05-10-2024T00:01:10 - [TEST_STEP][PASSED] - if (isRequiredTextPresent): null

05-10-2024T00:01:10 - [TEST_STEP][PASSED] - if (verifyTextPresent("UDF3 Label:", false)): null

05-10-2024T00:01:10 - [MESSAGE][PASSED] - Text 'UDF3 Label:' is present on page 

05-10-2024T00:01:10 - [TEST_STEP][PASSED] - isRequiredTextPresent = true: null

05-10-2024T00:01:10 - [TEST_STEP][PASSED] - if (isRequiredTextPresent): null

05-10-2024T00:01:10 - [TEST_STEP][PASSED] - if (verifyTextPresent("UDF4 Label:", false)): null

05-10-2024T00:01:10 - [MESSAGE][PASSED] - Text 'UDF4 Label:' is present on page 

05-10-2024T00:01:10 - [TEST_STEP][PASSED] - isRequiredTextPresent = true: null

05-10-2024T00:01:10 - [TEST_STEP][PASSED] - if (isRequiredTextPresent): null

05-10-2024T00:01:10 - [TEST_STEP][PASSED] - if (verifyTextPresent("UDF6 Label:", false)): null

05-10-2024T00:01:11 - [MESSAGE][PASSED] - Text 'UDF6 Label:' is present on page 

05-10-2024T00:01:11 - [TEST_STEP][PASSED] - isRequiredTextPresent = true: null

05-10-2024T00:01:11 - [TEST_STEP][PASSED] - if (isRequiredTextPresent): null

05-10-2024T00:01:11 - [TEST_STEP][PASSED] - if (verifyTextPresent("UDF7 Label:", false)): null

05-10-2024T00:01:11 - [MESSAGE][PASSED] - Text 'UDF7 Label:' is present on page 

05-10-2024T00:01:11 - [TEST_STEP][PASSED] - isRequiredTextPresent = true: null

05-10-2024T00:01:11 - [TEST_STEP][PASSED] - if (isRequiredTextPresent): null

05-10-2024T00:01:11 - [TEST_STEP][PASSED] - if (verifyTextPresent("UDF8 Label:", false)): null

05-10-2024T00:01:11 - [MESSAGE][PASSED] - Text 'UDF8 Label:' is present on page 

05-10-2024T00:01:11 - [TEST_STEP][PASSED] - isRequiredTextPresent = true: null

05-10-2024T00:01:11 - [TEST_STEP][PASSED] - if (isRequiredTextPresent): null

05-10-2024T00:01:11 - [TEST_STEP][PASSED] - if (verifyTextPresent("UDF9 Label:", false)): null

05-10-2024T00:01:11 - [MESSAGE][PASSED] - Text 'UDF9 Label:' is present on page 

05-10-2024T00:01:11 - [TEST_STEP][PASSED] - isRequiredTextPresent = true: null

05-10-2024T00:01:11 - [TEST_STEP][PASSED] - if (isRequiredTextPresent): null

05-10-2024T00:01:11 - [TEST_STEP][PASSED] - if (verifyTextPresent("Tax Amount:", false)): null

05-10-2024T00:01:12 - [MESSAGE][PASSED] - Text 'Tax Amount:' is present on page 

05-10-2024T00:01:12 - [TEST_STEP][PASSED] - isRequiredTextPresent = true: null

05-10-2024T00:01:12 - [TEST_STEP][PASSED] - if (isRequiredTextPresent): null

05-10-2024T00:01:12 - [TEST_STEP][PASSED] - if (verifyTextPresent("Amount:", false)): null

05-10-2024T00:01:12 - [MESSAGE][PASSED] - Text 'Amount:' is present on page 

05-10-2024T00:01:12 - [TEST_STEP][PASSED] - isRequiredTextPresent = true: null

05-10-2024T00:01:12 - [TEST_STEP][PASSED] - if (isRequiredTextPresent): null

05-10-2024T00:01:12 - [TEST_STEP][PASSED] - if (verifyTextPresent("Transaction Type:", false)): null

05-10-2024T00:01:12 - [MESSAGE][PASSED] - Text 'Transaction Type:' is present on page 

05-10-2024T00:01:12 - [TEST_STEP][PASSED] - isRequiredTextPresent = true: null

05-10-2024T00:01:12 - [TEST_STEP][PASSED] - if (isRequiredTextPresent): null

05-10-2024T00:01:12 - [TEST_STEP][PASSED] - if (verifyTextPresent("Card Information:", false)): null

05-10-2024T00:01:13 - [MESSAGE][PASSED] - Text 'Card Information:' is present on page 

05-10-2024T00:01:13 - [TEST_STEP][PASSED] - isRequiredTextPresent = true: null

05-10-2024T00:01:13 - [TEST_STEP][PASSED] - if (isRequiredTextPresent): null

05-10-2024T00:01:13 - [TEST_STEP][PASSED] - if (verifyTextPresent("Billing Information:", false)): null

05-10-2024T00:01:13 - [MESSAGE][PASSED] - Text 'Billing Information:' is present on page 

05-10-2024T00:01:13 - [TEST_STEP][PASSED] - isRequiredTextPresent = true: null

05-10-2024T00:01:13 - [TEST_STEP][PASSED] - if (isRequiredTextPresent): null

05-10-2024T00:01:13 - [TEST_STEP][PASSED] - if (verifyTextPresent("Address Line 1:", false)): null

05-10-2024T00:01:13 - [MESSAGE][PASSED] - Text 'Address Line 1:' is present on page 

05-10-2024T00:01:13 - [TEST_STEP][PASSED] - isRequiredTextPresent = true: null

05-10-2024T00:01:13 - [TEST_STEP][PASSED] - if (isRequiredTextPresent): null

05-10-2024T00:01:13 - [TEST_STEP][PASSED] - if (verifyTextPresent("Address Line 2:", false)): null

05-10-2024T00:01:13 - [MESSAGE][PASSED] - Text 'Address Line 2:' is present on page 

05-10-2024T00:01:13 - [TEST_STEP][PASSED] - isRequiredTextPresent = true: null

05-10-2024T00:01:13 - [TEST_STEP][PASSED] - if (isRequiredTextPresent): null

05-10-2024T00:01:13 - [TEST_STEP][PASSED] - if (verifyTextPresent("Country:", false)): null

05-10-2024T00:01:14 - [MESSAGE][PASSED] - Text 'Country:' is present on page 

05-10-2024T00:01:14 - [TEST_STEP][PASSED] - isRequiredTextPresent = true: null

05-10-2024T00:01:14 - [TEST_STEP][PASSED] - if (isRequiredTextPresent): null

05-10-2024T00:01:14 - [TEST_STEP][PASSED] - if (verifyTextPresent("City:", false)): null

05-10-2024T00:01:14 - [MESSAGE][PASSED] - Text 'City:' is present on page 

05-10-2024T00:01:14 - [TEST_STEP][PASSED] - isRequiredTextPresent = true: null

05-10-2024T00:01:14 - [TEST_STEP][PASSED] - if (isRequiredTextPresent): null

05-10-2024T00:01:14 - [TEST_STEP][PASSED] - if (verifyTextPresent("State:", false)): null

05-10-2024T00:01:14 - [MESSAGE][PASSED] - Text 'State:' is present on page 

05-10-2024T00:01:14 - [TEST_STEP][PASSED] - isRequiredTextPresent = true: null

05-10-2024T00:01:14 - [TEST_STEP][PASSED] - if (isRequiredTextPresent): null

05-10-2024T00:01:14 - [TEST_STEP][PASSED] - if (verifyTextPresent("ZIP Code:", false)): null

05-10-2024T00:01:14 - [MESSAGE][PASSED] - Text 'ZIP Code:' is present on page 

05-10-2024T00:01:14 - [TEST_STEP][PASSED] - isRequiredTextPresent = true: null

05-10-2024T00:01:14 - [TEST_STEP][PASSED] - if (isRequiredTextPresent): null

05-10-2024T00:01:14 - [TEST_STEP][PASSED] - if (verifyTextPresent("Please click here to make another payment.", false)): null

05-10-2024T00:01:15 - [MESSAGE][PASSED] - Text 'Please click here to make another payment.' is present on page 

05-10-2024T00:01:15 - [TEST_STEP][PASSED] - isRequiredTextPresent = true: null

05-10-2024T00:01:15 - [TEST_STEP][PASSED] - if (isRequiredTextPresent == true): pages.WriteExcel.demoKey is PASSED

05-10-2024T00:01:15 - [TEST_STEP][PASSED] - println("All the relevant texts are present on Receipt Page"): null

05-10-2024T00:01:15 - [TEST_STEP][PASSED] - markPassed("All the relevant texts are present on Receipt Page"): All the relevant texts are present on Receipt Page

05-10-2024T00:01:15 - [MESSAGE][PASSED] - All the relevant texts are present on Receipt Page

05-10-2024T00:01:15 - [TEST_STEP][PASSED] - resText = "Pass": null

05-10-2024T00:01:15 - [TEST_STEP][PASSED] - pages.WriteExcel.demoKey(resText, datText, resColumn, datCloumn, fileLoc, nameSheet, row): pages.WriteExcel.demoKey is PASSED

05-10-2024T00:01:15 - [MESSAGE][PASSED] - pages.WriteExcel.demoKey is PASSED

05-10-2024T00:01:15 - [TEST_STEP][PASSED] - closeBrowser(): Browser is closed

05-10-2024T00:01:15 - [MESSAGE][PASSED] - Browser is closed]]></system-out>
         <system-err><![CDATA[]]></system-err>
      </testcase>
      <testcase name="Test Cases/IntegratedWeb/IWP25/Payments/VerifyReceiptPageLabelsCorp" time="72.399" classname="Test Cases/IntegratedWeb/IWP25/Payments/VerifyReceiptPageLabelsCorp" status="PASSED">
         <system-out><![CDATA[05-10-2024T00:01:15 - [TEST_CASE][PASSED] - Test Cases/IntegratedWeb/IWP25/Payments/VerifyReceiptPageLabelsCorp: Test Cases/IntegratedWeb/IWP25/Payments/VerifyReceiptPageLabelsCorp

05-10-2024T00:01:16 - [TEST_STEP][PASSED] - resText = "Fail": null

05-10-2024T00:01:16 - [TEST_STEP][PASSED] - resColumn = "Result": null

05-10-2024T00:01:16 - [TEST_STEP][PASSED] - datCloumn = "Date": null

05-10-2024T00:01:16 - [TEST_STEP][PASSED] - fileLoc = "KatalonData/IWPTestData/VRelay25Payments.xlsx": null

05-10-2024T00:01:16 - [TEST_STEP][PASSED] - numOfRows = <not implemented yet for class: org.codehaus.groovy.ast.expr.EmptyExpression>: null

05-10-2024T00:01:16 - [TEST_STEP][PASSED] - dataFile = <not implemented yet for class: org.codehaus.groovy.ast.expr.EmptyExpression>: null

05-10-2024T00:01:16 - [TEST_STEP][PASSED] - nameSheet = <not implemented yet for class: org.codehaus.groovy.ast.expr.EmptyExpression>: null

05-10-2024T00:01:16 - [TEST_STEP][PASSED] - dataFileEmulator = <not implemented yet for class: org.codehaus.groovy.ast.expr.EmptyExpression>: null

05-10-2024T00:01:16 - [TEST_STEP][PASSED] - isRequiredTextPresent = false: null

05-10-2024T00:01:16 - [TEST_STEP][PASSED] - nameSheet = "VerifyReceiptPageLabelsCorp": null

05-10-2024T00:01:16 - [TEST_STEP][PASSED] - dataFile = "IWPTestData/IWP25VerifyReceiptPageLabelsCorp": null

05-10-2024T00:01:16 - [TEST_STEP][PASSED] - dataFileEmulator = "IWPTestData/EmulatorData": null

05-10-2024T00:01:16 - [TEST_STEP][PASSED] - numOfRows = findTestData(dataFile).getRowNumbers(): null

05-10-2024T00:01:16 - [TEST_STEP][PASSED] - println("Number of Records: " + numOfRows): null

05-10-2024T00:01:16 - [TEST_STEP][PASSED] - for ([row = 1, row <= numOfRows, (row++)]): Browser is closed

05-10-2024T00:01:16 - [TEST_STEP][PASSED] - ExecuteTC = findTestData(dataFile).getValue("Execute", row): null

05-10-2024T00:01:16 - [TEST_STEP][PASSED] - out.println("Value of Execute is : " + ExecuteTC): null

05-10-2024T00:01:16 - [TEST_STEP][PASSED] - if (ExecuteTC.equalsIgnoreCase("Y")): pages.WriteExcel.demoKey is PASSED

05-10-2024T00:01:16 - [TEST_STEP][PASSED] - out.println("Begin Record Number: " + row): null

05-10-2024T00:01:16 - [TEST_STEP][PASSED] - today = new java.util.Date(): null

05-10-2024T00:01:16 - [TEST_STEP][PASSED] - println(today): null

05-10-2024T00:01:16 - [TEST_STEP][PASSED] - datText = today: null

05-10-2024T00:01:16 - [TEST_STEP][PASSED] - EmulatorDataKey = findTestData(dataFile).getValue("EmulatorData", row): null

05-10-2024T00:01:16 - [TEST_STEP][PASSED] - out.println("Value of Emulator Key is : " + EmulatorDataKey): null

05-10-2024T00:01:16 - [TEST_STEP][PASSED] - iwpPages.emulatorIWP30.setDataEmulator_DD(EmulatorDataKey): iwpPages.emulatorIWP30.setDataEmulator_DD is PASSED

05-10-2024T00:01:16 - [MESSAGE][INFO] - Starting 'Edge Chromium' driver

05-10-2024T00:01:16 - [MESSAGE][INFO] - User set preference: ['acceptInsecureCerts', 'true']

05-10-2024T00:01:18 - [MESSAGE][INFO] - Action delay is set to 0 milliseconds

05-10-2024T00:01:21 - [MESSAGE][PASSED] - Browser is opened with url: 'https://qa.velocitypayment.com/agency/config.do?action=editor&message_version=2_5'

05-10-2024T00:01:21 - [MESSAGE][PASSED] - Current window maximized

05-10-2024T00:01:22 - [MESSAGE][PASSED] - All options with value '2.5' are selected in object 'Object Repository/IWP30/Page_VRelay30Emulator/MV'  using regular expression

05-10-2024T00:01:23 - [MESSAGE][PASSED] - Text '10.50' is set on object 'Object Repository/IWP30/Page_VRelay30Emulator/Amount'

05-10-2024T00:01:24 - [MESSAGE][PASSED] - Text 'T5an9i59NYUI' is set on object 'Object Repository/IWP30/Page_VRelay30Emulator/CAN'

05-10-2024T00:01:24 - [MESSAGE][PASSED] - Text 'PayNow' is set on object 'Object Repository/IWP30/Page_VRelay30Emulator/Action'

05-10-2024T00:01:25 - [MESSAGE][PASSED] - Text 'en_US' is set on object 'Object Repository/IWP30/Page_VRelay30Emulator/Lang'

05-10-2024T00:01:25 - [MESSAGE][PASSED] - Text '' is set on object 'Object Repository/IWP30/Page_VRelay30Emulator/Fname'

05-10-2024T00:01:26 - [MESSAGE][PASSED] - Text '' is set on object 'Object Repository/IWP30/Page_VRelay30Emulator/Lname'

05-10-2024T00:01:27 - [MESSAGE][PASSED] - Text '' is set on object 'Object Repository/IWP30/Page_VRelay30Emulator/AL1'

05-10-2024T00:01:27 - [MESSAGE][PASSED] - Text '' is set on object 'Object Repository/IWP30/Page_VRelay30Emulator/AL2'

05-10-2024T00:01:28 - [MESSAGE][PASSED] - Text '' is set on object 'Object Repository/IWP30/Page_VRelay30Emulator/Country'

05-10-2024T00:01:28 - [MESSAGE][PASSED] - Text '' is set on object 'Object Repository/IWP30/Page_VRelay30Emulator/City'

05-10-2024T00:01:29 - [MESSAGE][PASSED] - Text '' is set on object 'Object Repository/IWP30/Page_VRelay30Emulator/State'

05-10-2024T00:01:29 - [MESSAGE][PASSED] - Text '' is set on object 'Object Repository/IWP30/Page_VRelay30Emulator/ZIP'

05-10-2024T00:01:30 - [MESSAGE][PASSED] - Text '' is set on object 'Object Repository/IWP30/Page_VRelay30Emulator/Order'

05-10-2024T00:01:31 - [MESSAGE][PASSED] - Text '' is set on object 'Object Repository/IWP30/Page_VRelay30Emulator/Company'

05-10-2024T00:01:31 - [MESSAGE][PASSED] - Text '' is set on object 'Object Repository/IWP30/Page_VRelay30Emulator/Email'

05-10-2024T00:01:32 - [MESSAGE][PASSED] - Text '' is set on object 'Object Repository/IWP30/Page_VRelay30Emulator/UDF1'

05-10-2024T00:01:32 - [MESSAGE][PASSED] - Text '' is set on object 'Object Repository/IWP30/Page_VRelay30Emulator/UDF2'

05-10-2024T00:01:33 - [MESSAGE][PASSED] - Text '' is set on object 'Object Repository/IWP30/Page_VRelay30Emulator/UDF3'

05-10-2024T00:01:33 - [MESSAGE][PASSED] - Text 'udf data 4' is set on object 'Object Repository/IWP30/Page_VRelay30Emulator/UDF4'

05-10-2024T00:01:34 - [MESSAGE][PASSED] - Text 'udf data 5' is set on object 'Object Repository/IWP30/Page_VRelay30Emulator/UDF5'

05-10-2024T00:01:35 - [MESSAGE][PASSED] - Text '' is set on object 'Object Repository/IWP30/Page_VRelay30Emulator/UDF6'

05-10-2024T00:01:35 - [MESSAGE][PASSED] - Text '' is set on object 'Object Repository/IWP30/Page_VRelay30Emulator/UDF7'

05-10-2024T00:01:36 - [MESSAGE][PASSED] - Text '' is set on object 'Object Repository/IWP30/Page_VRelay30Emulator/UDF8'

05-10-2024T00:01:36 - [MESSAGE][PASSED] - Text 'udf data 9' is set on object 'Object Repository/IWP30/Page_VRelay30Emulator/UDF9'

05-10-2024T00:01:37 - [MESSAGE][PASSED] - Text 'udf data 10' is set on object 'Object Repository/IWP30/Page_VRelay30Emulator/UDF10'

05-10-2024T00:01:38 - [MESSAGE][PASSED] - Object: 'Object Repository/IWP30/Page_VRelay30Emulator/Submit' is clicked on

05-10-2024T00:01:43 - [MESSAGE][PASSED] - Browser is closed

05-10-2024T00:01:47 - [MESSAGE][PASSED] - iwpPages.emulatorIWP30.setDataEmulator_DD is PASSED

05-10-2024T00:01:47 - [TEST_STEP][PASSED] - testHarnessURL = urlTestHarness: null

05-10-2024T00:01:47 - [TEST_STEP][PASSED] - openBrowser(testHarnessURL): Browser is opened with url: 'https://dev-algorithm.govolution.com/vrelaytest/QA/version_2_2/vrelaytest.html'

05-10-2024T00:01:47 - [MESSAGE][INFO] - Starting 'Edge Chromium' driver

05-10-2024T00:01:47 - [MESSAGE][INFO] - User set preference: ['acceptInsecureCerts', 'true']

05-10-2024T00:01:49 - [MESSAGE][INFO] - Action delay is set to 0 milliseconds

05-10-2024T00:01:52 - [MESSAGE][PASSED] - Browser is opened with url: 'https://dev-algorithm.govolution.com/vrelaytest/QA/version_2_2/vrelaytest.html'

05-10-2024T00:01:52 - [TEST_STEP][PASSED] - maximizeWindow(): Current window maximized

05-10-2024T00:01:52 - [MESSAGE][PASSED] - Current window maximized

05-10-2024T00:01:52 - [TEST_STEP][PASSED] - iwpPages.TestHarnessPage.setDataMethod(row, dataFile): iwpPages.TestHarnessPage.setDataMethod is PASSED

05-10-2024T00:01:52 - [MESSAGE][PASSED] - Object 'Object Repository/IWP30/Page_QATestHarness/RemittanceID' is present

05-10-2024T00:01:53 - [MESSAGE][PASSED] - Text '638' is set on object 'Object Repository/IWP30/Page_QATestHarness/ApplicationID'

05-10-2024T00:01:54 - [MESSAGE][PASSED] - Text '2.5' is set on object 'Object Repository/IWP30/Page_QATestHarness/MessageVersion'

05-10-2024T00:01:54 - [MESSAGE][PASSED] - Text '2jzijmXskvqe' is set on object 'Object Repository/IWP30/Page_QATestHarness/RemittanceID'

05-10-2024T00:01:58 - [MESSAGE][PASSED] - Object: 'Object Repository/IWP30/Page_QATestHarness/SubmitButton' is clicked on

05-10-2024T00:01:58 - [MESSAGE][PASSED] - iwpPages.TestHarnessPage.setDataMethod is PASSED

05-10-2024T00:01:58 - [TEST_STEP][PASSED] - click(findTestObject("Object Repository/IWP30/Page_SelectPaymentMethod/PayByCorporateCheck")): Object: 'Object Repository/IWP30/Page_SelectPaymentMethod/PayByCorporateCheck' is clicked on

05-10-2024T00:01:58 - [MESSAGE][PASSED] - Object: 'Object Repository/IWP30/Page_SelectPaymentMethod/PayByCorporateCheck' is clicked on

05-10-2024T00:01:58 - [TEST_STEP][PASSED] - click(findTestObject("Object Repository/IWP30/Page_SelectPaymentMethod/MakePaymentButton")): Object: 'Object Repository/IWP30/Page_SelectPaymentMethod/MakePaymentButton' is clicked on

05-10-2024T00:02:00 - [MESSAGE][PASSED] - Object: 'Object Repository/IWP30/Page_SelectPaymentMethod/MakePaymentButton' is clicked on

05-10-2024T00:02:00 - [TEST_STEP][PASSED] - iwpPages.achCorporatePaymentEntryPage.setDataCorporate(row, dataFile): iwpPages.achCorporatePaymentEntryPage.setDataCorporate is PASSED

05-10-2024T00:02:01 - [MESSAGE][PASSED] - Object 'Object Repository/IWP30/Page_ACHCorporatePaymentEntry/txt_accountNumber' is present

05-10-2024T00:02:01 - [MESSAGE][PASSED] - Object 'Object Repository/IWP30/Page_ACHCorporatePaymentEntry/input_CompanyName' is present

05-10-2024T00:02:01 - [MESSAGE][PASSED] - Text 'My Company' is set on object 'Object Repository/IWP30/Page_ACHCorporatePaymentEntry/input_CompanyName'

05-10-2024T00:02:02 - [MESSAGE][PASSED] - Object 'Object Repository/IWP30/Page_ACHCorporatePaymentEntry/input_EIN' is present

05-10-2024T00:02:02 - [MESSAGE][PASSED] - Text '10.50' is set on object 'Object Repository/IWP30/Page_ACHCorporatePaymentEntry/txt_Amount'

05-10-2024T00:02:03 - [MESSAGE][PASSED] - Text 'udf data 3' is set on object 'Object Repository/IWP30/Page_ACHCorporatePaymentEntry/txt_UDF3'

05-10-2024T00:02:03 - [MESSAGE][PASSED] - All options with label 'Soccer' are selected in object 'Object Repository/IWP30/Page_ACHCorporatePaymentEntry/dd_UDF8' 

05-10-2024T00:02:04 - [MESSAGE][PASSED] - Object 'Object Repository/IWP30/Page_ACHCorporatePaymentEntry/txt_routingNumber' is present

05-10-2024T00:02:04 - [MESSAGE][PASSED] - Text '256072691' is set on object 'Object Repository/IWP30/Page_ACHCorporatePaymentEntry/txt_routingNumber'

05-10-2024T00:02:05 - [MESSAGE][PASSED] - Object 'Object Repository/IWP30/Page_ACHCorporatePaymentEntry/txt_accountNumber' is present

05-10-2024T00:02:06 - [MESSAGE][PASSED] - Text '12344444' is set on object 'Object Repository/IWP30/Page_ACHCorporatePaymentEntry/txt_accountNumber'

05-10-2024T00:02:06 - [MESSAGE][PASSED] - Object 'Object Repository/IWP30/Page_ACHCorporatePaymentEntry/txt_confirmAccountNumber' is present

05-10-2024T00:02:07 - [MESSAGE][PASSED] - Text '12344444' is set on object 'Object Repository/IWP30/Page_ACHCorporatePaymentEntry/txt_confirmAccountNumber'

05-10-2024T00:02:08 - [MESSAGE][PASSED] - Text '365 Main Avenue' is set on object 'Object Repository/IWP30/Page_ACHCorporatePaymentEntry/txt_AL1'

05-10-2024T00:02:08 - [MESSAGE][PASSED] - Text '22201' is set on object 'Object Repository/IWP30/Page_ACHCorporatePaymentEntry/txt_ZIP'

05-10-2024T00:02:08 - [MESSAGE][PASSED] - Object 'Object Repository/IWP30/Page_ACHCorporatePaymentEntry/txt_Email' is present

05-10-2024T00:02:09 - [MESSAGE][PASSED] - Text 'iahmed@govolution.com' is set on object 'Object Repository/IWP30/Page_ACHCorporatePaymentEntry/txt_Email'

05-10-2024T00:02:10 - [MESSAGE][PASSED] - Object 'Object Repository/IWP30/Page_ACHCorporatePaymentEntry/cb_TermsAndCond' is present

05-10-2024T00:02:10 - [MESSAGE][PASSED] - Object: 'Object Repository/IWP30/Page_ACHCorporatePaymentEntry/cb_TermsAndCond' is clicked on

05-10-2024T00:02:10 - [MESSAGE][PASSED] - Object 'Object Repository/IWP30/Page_ACHCorporatePaymentEntry/btn_Continue' is present

05-10-2024T00:02:11 - [MESSAGE][PASSED] - Object: 'Object Repository/IWP30/Page_ACHCorporatePaymentEntry/btn_Continue' is clicked on

05-10-2024T00:02:11 - [MESSAGE][PASSED] - iwpPages.achCorporatePaymentEntryPage.setDataCorporate is PASSED

05-10-2024T00:02:11 - [TEST_STEP][PASSED] - click(findTestObject("Object Repository/IWP30/Page_Confirmation/ConfirmButton")): Object: 'Object Repository/IWP30/Page_Confirmation/ConfirmButton' is clicked on

05-10-2024T00:02:13 - [MESSAGE][PASSED] - Object: 'Object Repository/IWP30/Page_Confirmation/ConfirmButton' is clicked on

05-10-2024T00:02:13 - [TEST_STEP][PASSED] - Thread.sleep(5000): null

05-10-2024T00:02:18 - [TEST_STEP][PASSED] - if (verifyTextPresent("Make a Real Estate Payment", false)): null

05-10-2024T00:02:19 - [MESSAGE][PASSED] - Text 'Make a Real Estate Payment' is present on page 

05-10-2024T00:02:19 - [TEST_STEP][PASSED] - isRequiredTextPresent = true: null

05-10-2024T00:02:19 - [TEST_STEP][PASSED] - println(isRequiredTextPresent): null

05-10-2024T00:02:19 - [TEST_STEP][PASSED] - if (isRequiredTextPresent): null

05-10-2024T00:02:19 - [TEST_STEP][PASSED] - if (verifyTextPresent("Successful Payment Receipt", false)): null

05-10-2024T00:02:20 - [MESSAGE][PASSED] - Text 'Successful Payment Receipt' is present on page 

05-10-2024T00:02:20 - [TEST_STEP][PASSED] - isRequiredTextPresent = true: null

05-10-2024T00:02:20 - [TEST_STEP][PASSED] - println(isRequiredTextPresent): null

05-10-2024T00:02:20 - [TEST_STEP][PASSED] - if (isRequiredTextPresent): null

05-10-2024T00:02:20 - [TEST_STEP][PASSED] - if (verifyTextPresent("Please print this receipt for your records", false)): null

05-10-2024T00:02:20 - [MESSAGE][PASSED] - Text 'Please print this receipt for your records' is present on page 

05-10-2024T00:02:20 - [TEST_STEP][PASSED] - isRequiredTextPresent = true: null

05-10-2024T00:02:20 - [TEST_STEP][PASSED] - if (isRequiredTextPresent): null

05-10-2024T00:02:20 - [TEST_STEP][PASSED] - if (verifyTextPresent("Remittance ID:", false)): null

05-10-2024T00:02:20 - [MESSAGE][PASSED] - Text 'Remittance ID:' is present on page 

05-10-2024T00:02:20 - [TEST_STEP][PASSED] - isRequiredTextPresent = true: null

05-10-2024T00:02:20 - [TEST_STEP][PASSED] - if (isRequiredTextPresent): null

05-10-2024T00:02:20 - [TEST_STEP][PASSED] - if (verifyTextPresent("Payment ID:", false)): null

05-10-2024T00:02:21 - [MESSAGE][PASSED] - Text 'Payment ID:' is present on page 

05-10-2024T00:02:21 - [TEST_STEP][PASSED] - isRequiredTextPresent = true: null

05-10-2024T00:02:21 - [TEST_STEP][PASSED] - if (isRequiredTextPresent): null

05-10-2024T00:02:21 - [TEST_STEP][PASSED] - if (verifyTextPresent("CAN Label:", false)): null

05-10-2024T00:02:21 - [MESSAGE][PASSED] - Text 'CAN Label:' is present on page 

05-10-2024T00:02:21 - [TEST_STEP][PASSED] - isRequiredTextPresent = true: null

05-10-2024T00:02:21 - [TEST_STEP][PASSED] - if (isRequiredTextPresent): null

05-10-2024T00:02:21 - [TEST_STEP][PASSED] - if (verifyTextPresent("Received:", false)): null

05-10-2024T00:02:21 - [MESSAGE][PASSED] - Text 'Received:' is present on page 

05-10-2024T00:02:21 - [TEST_STEP][PASSED] - isRequiredTextPresent = true: null

05-10-2024T00:02:21 - [TEST_STEP][PASSED] - if (isRequiredTextPresent): null

05-10-2024T00:02:21 - [TEST_STEP][PASSED] - if (verifyTextPresent("UDF1 Label:", false)): null

05-10-2024T00:02:21 - [MESSAGE][PASSED] - Text 'UDF1 Label:' is present on page 

05-10-2024T00:02:21 - [TEST_STEP][PASSED] - isRequiredTextPresent = true: null

05-10-2024T00:02:21 - [TEST_STEP][PASSED] - if (isRequiredTextPresent): null

05-10-2024T00:02:21 - [TEST_STEP][PASSED] - if (verifyTextPresent("UDF2 Label:", false)): null

05-10-2024T00:02:22 - [MESSAGE][PASSED] - Text 'UDF2 Label:' is present on page 

05-10-2024T00:02:22 - [TEST_STEP][PASSED] - isRequiredTextPresent = true: null

05-10-2024T00:02:22 - [TEST_STEP][PASSED] - if (isRequiredTextPresent): null

05-10-2024T00:02:22 - [TEST_STEP][PASSED] - if (verifyTextPresent("UDF3 Label:", false)): null

05-10-2024T00:02:22 - [MESSAGE][PASSED] - Text 'UDF3 Label:' is present on page 

05-10-2024T00:02:22 - [TEST_STEP][PASSED] - isRequiredTextPresent = true: null

05-10-2024T00:02:22 - [TEST_STEP][PASSED] - if (isRequiredTextPresent): null

05-10-2024T00:02:22 - [TEST_STEP][PASSED] - if (verifyTextPresent("UDF4 Label:", false)): null

05-10-2024T00:02:22 - [MESSAGE][PASSED] - Text 'UDF4 Label:' is present on page 

05-10-2024T00:02:22 - [TEST_STEP][PASSED] - isRequiredTextPresent = true: null

05-10-2024T00:02:22 - [TEST_STEP][PASSED] - if (isRequiredTextPresent): null

05-10-2024T00:02:22 - [TEST_STEP][PASSED] - if (verifyTextPresent("UDF6 Label:", false)): null

05-10-2024T00:02:22 - [MESSAGE][PASSED] - Text 'UDF6 Label:' is present on page 

05-10-2024T00:02:22 - [TEST_STEP][PASSED] - isRequiredTextPresent = true: null

05-10-2024T00:02:22 - [TEST_STEP][PASSED] - if (isRequiredTextPresent): null

05-10-2024T00:02:22 - [TEST_STEP][PASSED] - if (verifyTextPresent("UDF7 Label:", false)): null

05-10-2024T00:02:23 - [MESSAGE][PASSED] - Text 'UDF7 Label:' is present on page 

05-10-2024T00:02:23 - [TEST_STEP][PASSED] - isRequiredTextPresent = true: null

05-10-2024T00:02:23 - [TEST_STEP][PASSED] - if (isRequiredTextPresent): null

05-10-2024T00:02:23 - [TEST_STEP][PASSED] - if (verifyTextPresent("UDF8 Label:", false)): null

05-10-2024T00:02:23 - [MESSAGE][PASSED] - Text 'UDF8 Label:' is present on page 

05-10-2024T00:02:23 - [TEST_STEP][PASSED] - isRequiredTextPresent = true: null

05-10-2024T00:02:23 - [TEST_STEP][PASSED] - if (isRequiredTextPresent): null

05-10-2024T00:02:23 - [TEST_STEP][PASSED] - if (verifyTextPresent("UDF9 Label:", false)): null

05-10-2024T00:02:23 - [MESSAGE][PASSED] - Text 'UDF9 Label:' is present on page 

05-10-2024T00:02:23 - [TEST_STEP][PASSED] - isRequiredTextPresent = true: null

05-10-2024T00:02:23 - [TEST_STEP][PASSED] - if (isRequiredTextPresent): null

05-10-2024T00:02:23 - [TEST_STEP][PASSED] - if (verifyTextPresent("Tax Amount:", false)): null

05-10-2024T00:02:24 - [MESSAGE][PASSED] - Text 'Tax Amount:' is present on page 

05-10-2024T00:02:24 - [TEST_STEP][PASSED] - isRequiredTextPresent = true: null

05-10-2024T00:02:24 - [TEST_STEP][PASSED] - if (isRequiredTextPresent): null

05-10-2024T00:02:24 - [TEST_STEP][PASSED] - if (verifyTextPresent("Amount:", false)): null

05-10-2024T00:02:24 - [MESSAGE][PASSED] - Text 'Amount:' is present on page 

05-10-2024T00:02:24 - [TEST_STEP][PASSED] - isRequiredTextPresent = true: null

05-10-2024T00:02:24 - [TEST_STEP][PASSED] - if (isRequiredTextPresent): null

05-10-2024T00:02:24 - [TEST_STEP][PASSED] - if (verifyTextPresent("Transaction Type:", false)): null

05-10-2024T00:02:24 - [MESSAGE][PASSED] - Text 'Transaction Type:' is present on page 

05-10-2024T00:02:24 - [TEST_STEP][PASSED] - isRequiredTextPresent = true: null

05-10-2024T00:02:24 - [TEST_STEP][PASSED] - if (isRequiredTextPresent): null

05-10-2024T00:02:24 - [TEST_STEP][PASSED] - if (verifyTextPresent("Check Information:", false)): null

05-10-2024T00:02:24 - [MESSAGE][PASSED] - Text 'Check Information:' is present on page 

05-10-2024T00:02:24 - [TEST_STEP][PASSED] - isRequiredTextPresent = true: null

05-10-2024T00:02:24 - [TEST_STEP][PASSED] - if (isRequiredTextPresent): null

05-10-2024T00:02:24 - [TEST_STEP][PASSED] - if (verifyTextPresent("Company's Name:", false)): null

05-10-2024T00:02:25 - [MESSAGE][PASSED] - Text 'Company's Name:' is present on page 

05-10-2024T00:02:25 - [TEST_STEP][PASSED] - isRequiredTextPresent = true: null

05-10-2024T00:02:25 - [TEST_STEP][PASSED] - if (isRequiredTextPresent): null

05-10-2024T00:02:25 - [TEST_STEP][PASSED] - if (verifyTextPresent("Routing Number:", false)): null

05-10-2024T00:02:25 - [MESSAGE][PASSED] - Text 'Routing Number:' is present on page 

05-10-2024T00:02:25 - [TEST_STEP][PASSED] - isRequiredTextPresent = true: null

05-10-2024T00:02:25 - [TEST_STEP][PASSED] - if (isRequiredTextPresent): null

05-10-2024T00:02:25 - [TEST_STEP][PASSED] - if (verifyTextPresent("Account Number:", false)): null

05-10-2024T00:02:25 - [MESSAGE][PASSED] - Text 'Account Number:' is present on page 

05-10-2024T00:02:25 - [TEST_STEP][PASSED] - isRequiredTextPresent = true: null

05-10-2024T00:02:25 - [TEST_STEP][PASSED] - if (isRequiredTextPresent): null

05-10-2024T00:02:25 - [TEST_STEP][PASSED] - if (verifyTextPresent("Account Type:", false)): null

05-10-2024T00:02:25 - [MESSAGE][PASSED] - Text 'Account Type:' is present on page 

05-10-2024T00:02:25 - [TEST_STEP][PASSED] - isRequiredTextPresent = true: null

05-10-2024T00:02:25 - [TEST_STEP][PASSED] - if (isRequiredTextPresent): null

05-10-2024T00:02:25 - [TEST_STEP][PASSED] - if (verifyTextPresent("Billing Information:", false)): null

05-10-2024T00:02:26 - [MESSAGE][PASSED] - Text 'Billing Information:' is present on page 

05-10-2024T00:02:26 - [TEST_STEP][PASSED] - isRequiredTextPresent = true: null

05-10-2024T00:02:26 - [TEST_STEP][PASSED] - if (isRequiredTextPresent): null

05-10-2024T00:02:26 - [TEST_STEP][PASSED] - if (verifyTextPresent("Address Line 1:", false)): null

05-10-2024T00:02:26 - [MESSAGE][PASSED] - Text 'Address Line 1:' is present on page 

05-10-2024T00:02:26 - [TEST_STEP][PASSED] - isRequiredTextPresent = true: null

05-10-2024T00:02:26 - [TEST_STEP][PASSED] - if (isRequiredTextPresent): null

05-10-2024T00:02:26 - [TEST_STEP][PASSED] - if (verifyTextPresent("Country:", false)): null

05-10-2024T00:02:26 - [MESSAGE][PASSED] - Text 'Country:' is present on page 

05-10-2024T00:02:26 - [TEST_STEP][PASSED] - isRequiredTextPresent = true: null

05-10-2024T00:02:26 - [TEST_STEP][PASSED] - if (isRequiredTextPresent): null

05-10-2024T00:02:26 - [TEST_STEP][PASSED] - if (verifyTextPresent("City:", false)): null

05-10-2024T00:02:26 - [MESSAGE][PASSED] - Text 'City:' is present on page 

05-10-2024T00:02:26 - [TEST_STEP][PASSED] - isRequiredTextPresent = true: null

05-10-2024T00:02:26 - [TEST_STEP][PASSED] - if (isRequiredTextPresent): null

05-10-2024T00:02:26 - [TEST_STEP][PASSED] - if (verifyTextPresent("State:", false)): null

05-10-2024T00:02:27 - [MESSAGE][PASSED] - Text 'State:' is present on page 

05-10-2024T00:02:27 - [TEST_STEP][PASSED] - isRequiredTextPresent = true: null

05-10-2024T00:02:27 - [TEST_STEP][PASSED] - if (isRequiredTextPresent): null

05-10-2024T00:02:27 - [TEST_STEP][PASSED] - if (verifyTextPresent("ZIP Code:", false)): null

05-10-2024T00:02:27 - [MESSAGE][PASSED] - Text 'ZIP Code:' is present on page 

05-10-2024T00:02:27 - [TEST_STEP][PASSED] - isRequiredTextPresent = true: null

05-10-2024T00:02:27 - [TEST_STEP][PASSED] - if (isRequiredTextPresent): null

05-10-2024T00:02:27 - [TEST_STEP][PASSED] - if (verifyTextPresent("Please click here to make another payment.", false)): null

05-10-2024T00:02:27 - [MESSAGE][PASSED] - Text 'Please click here to make another payment.' is present on page 

05-10-2024T00:02:27 - [TEST_STEP][PASSED] - isRequiredTextPresent = true: null

05-10-2024T00:02:27 - [TEST_STEP][PASSED] - if (isRequiredTextPresent == true): pages.WriteExcel.demoKey is PASSED

05-10-2024T00:02:27 - [TEST_STEP][PASSED] - println("All the relevant texts are present on Receipt Page"): null

05-10-2024T00:02:27 - [TEST_STEP][PASSED] - markPassed("All the relevant texts are present on Receipt Page"): All the relevant texts are present on Receipt Page

05-10-2024T00:02:27 - [MESSAGE][PASSED] - All the relevant texts are present on Receipt Page

05-10-2024T00:02:27 - [TEST_STEP][PASSED] - resText = "Pass": null

05-10-2024T00:02:27 - [TEST_STEP][PASSED] - pages.WriteExcel.demoKey(resText, datText, resColumn, datCloumn, fileLoc, nameSheet, row): pages.WriteExcel.demoKey is PASSED

05-10-2024T00:02:27 - [MESSAGE][PASSED] - pages.WriteExcel.demoKey is PASSED

05-10-2024T00:02:27 - [TEST_STEP][PASSED] - closeBrowser(): Browser is closed

05-10-2024T00:02:28 - [MESSAGE][PASSED] - Browser is closed]]></system-out>
         <system-err><![CDATA[]]></system-err>
      </testcase>
      <testcase name="Test Cases/IntegratedWeb/IWP25/Payments/VerifyReceiptPageLabelsPC" time="83.421" classname="Test Cases/IntegratedWeb/IWP25/Payments/VerifyReceiptPageLabelsPC" status="PASSED">
         <system-out><![CDATA[05-10-2024T00:02:28 - [TEST_CASE][PASSED] - Test Cases/IntegratedWeb/IWP25/Payments/VerifyReceiptPageLabelsPC: Test Cases/IntegratedWeb/IWP25/Payments/VerifyReceiptPageLabelsPC

05-10-2024T00:02:28 - [TEST_STEP][PASSED] - resText = "Fail": null

05-10-2024T00:02:28 - [TEST_STEP][PASSED] - resColumn = "Result": null

05-10-2024T00:02:28 - [TEST_STEP][PASSED] - datCloumn = "Date": null

05-10-2024T00:02:28 - [TEST_STEP][PASSED] - fileLoc = "KatalonData/IWPTestData/VRelay25Payments.xlsx": null

05-10-2024T00:02:28 - [TEST_STEP][PASSED] - numOfRows = <not implemented yet for class: org.codehaus.groovy.ast.expr.EmptyExpression>: null

05-10-2024T00:02:28 - [TEST_STEP][PASSED] - dataFile = <not implemented yet for class: org.codehaus.groovy.ast.expr.EmptyExpression>: null

05-10-2024T00:02:28 - [TEST_STEP][PASSED] - nameSheet = <not implemented yet for class: org.codehaus.groovy.ast.expr.EmptyExpression>: null

05-10-2024T00:02:28 - [TEST_STEP][PASSED] - dataFileEmulator = <not implemented yet for class: org.codehaus.groovy.ast.expr.EmptyExpression>: null

05-10-2024T00:02:28 - [TEST_STEP][PASSED] - isRequiredTextPresent = false: null

05-10-2024T00:02:28 - [TEST_STEP][PASSED] - nameSheet = "VerifyReceiptPageLabelsPC": null

05-10-2024T00:02:28 - [TEST_STEP][PASSED] - dataFile = "IWPTestData/IWP25VerifyReceiptPageLabelsPC": null

05-10-2024T00:02:28 - [TEST_STEP][PASSED] - dataFileEmulator = "IWPTestData/EmulatorData": null

05-10-2024T00:02:28 - [TEST_STEP][PASSED] - numOfRows = findTestData(dataFile).getRowNumbers(): null

05-10-2024T00:02:28 - [TEST_STEP][PASSED] - println("Number of Records: " + numOfRows): null

05-10-2024T00:02:28 - [TEST_STEP][PASSED] - for ([row = 1, row <= numOfRows, (row++)]): Browser is closed

05-10-2024T00:02:28 - [TEST_STEP][PASSED] - ExecuteTC = findTestData(dataFile).getValue("Execute", row): null

05-10-2024T00:02:28 - [TEST_STEP][PASSED] - out.println("Value of Execute is : " + ExecuteTC): null

05-10-2024T00:02:28 - [TEST_STEP][PASSED] - if (ExecuteTC.equalsIgnoreCase("Y")): pages.WriteExcel.demoKey is PASSED

05-10-2024T00:02:28 - [TEST_STEP][PASSED] - out.println("Begin Record Number: " + row): null

05-10-2024T00:02:28 - [TEST_STEP][PASSED] - today = new java.util.Date(): null

05-10-2024T00:02:28 - [TEST_STEP][PASSED] - println(today): null

05-10-2024T00:02:28 - [TEST_STEP][PASSED] - datText = today: null

05-10-2024T00:02:28 - [TEST_STEP][PASSED] - EmulatorDataKey = findTestData(dataFile).getValue("EmulatorData", row): null

05-10-2024T00:02:28 - [TEST_STEP][PASSED] - out.println("Value of Emulator Key is : " + EmulatorDataKey): null

05-10-2024T00:02:28 - [TEST_STEP][PASSED] - iwpPages.emulatorIWP30.setDataEmulator_DD(EmulatorDataKey): iwpPages.emulatorIWP30.setDataEmulator_DD is PASSED

05-10-2024T00:02:29 - [MESSAGE][INFO] - Starting 'Edge Chromium' driver

05-10-2024T00:02:29 - [MESSAGE][INFO] - User set preference: ['acceptInsecureCerts', 'true']

05-10-2024T00:02:31 - [MESSAGE][INFO] - Action delay is set to 0 milliseconds

05-10-2024T00:02:34 - [MESSAGE][PASSED] - Browser is opened with url: 'https://qa.velocitypayment.com/agency/config.do?action=editor&message_version=2_5'

05-10-2024T00:02:34 - [MESSAGE][PASSED] - Current window maximized

05-10-2024T00:02:35 - [MESSAGE][PASSED] - All options with value '2.5' are selected in object 'Object Repository/IWP30/Page_VRelay30Emulator/MV'  using regular expression

05-10-2024T00:02:36 - [MESSAGE][PASSED] - Text '10.50' is set on object 'Object Repository/IWP30/Page_VRelay30Emulator/Amount'

05-10-2024T00:02:36 - [MESSAGE][PASSED] - Text '8bJSr2VU5VBQ' is set on object 'Object Repository/IWP30/Page_VRelay30Emulator/CAN'

05-10-2024T00:02:37 - [MESSAGE][PASSED] - Text 'PayNow' is set on object 'Object Repository/IWP30/Page_VRelay30Emulator/Action'

05-10-2024T00:02:38 - [MESSAGE][PASSED] - Text 'en_US' is set on object 'Object Repository/IWP30/Page_VRelay30Emulator/Lang'

05-10-2024T00:02:38 - [MESSAGE][PASSED] - Text '' is set on object 'Object Repository/IWP30/Page_VRelay30Emulator/Fname'

05-10-2024T00:02:39 - [MESSAGE][PASSED] - Text '' is set on object 'Object Repository/IWP30/Page_VRelay30Emulator/Lname'

05-10-2024T00:02:39 - [MESSAGE][PASSED] - Text '' is set on object 'Object Repository/IWP30/Page_VRelay30Emulator/AL1'

05-10-2024T00:02:40 - [MESSAGE][PASSED] - Text '' is set on object 'Object Repository/IWP30/Page_VRelay30Emulator/AL2'

05-10-2024T00:02:40 - [MESSAGE][PASSED] - Text '' is set on object 'Object Repository/IWP30/Page_VRelay30Emulator/Country'

05-10-2024T00:02:41 - [MESSAGE][PASSED] - Text '' is set on object 'Object Repository/IWP30/Page_VRelay30Emulator/City'

05-10-2024T00:02:42 - [MESSAGE][PASSED] - Text '' is set on object 'Object Repository/IWP30/Page_VRelay30Emulator/State'

05-10-2024T00:02:42 - [MESSAGE][PASSED] - Text '' is set on object 'Object Repository/IWP30/Page_VRelay30Emulator/ZIP'

05-10-2024T00:02:43 - [MESSAGE][PASSED] - Text '' is set on object 'Object Repository/IWP30/Page_VRelay30Emulator/Order'

05-10-2024T00:02:43 - [MESSAGE][PASSED] - Text '' is set on object 'Object Repository/IWP30/Page_VRelay30Emulator/Company'

05-10-2024T00:02:44 - [MESSAGE][PASSED] - Text '' is set on object 'Object Repository/IWP30/Page_VRelay30Emulator/Email'

05-10-2024T00:02:44 - [MESSAGE][PASSED] - Text '' is set on object 'Object Repository/IWP30/Page_VRelay30Emulator/UDF1'

05-10-2024T00:02:45 - [MESSAGE][PASSED] - Text '' is set on object 'Object Repository/IWP30/Page_VRelay30Emulator/UDF2'

05-10-2024T00:02:46 - [MESSAGE][PASSED] - Text '' is set on object 'Object Repository/IWP30/Page_VRelay30Emulator/UDF3'

05-10-2024T00:02:46 - [MESSAGE][PASSED] - Text 'udf data 4' is set on object 'Object Repository/IWP30/Page_VRelay30Emulator/UDF4'

05-10-2024T00:02:47 - [MESSAGE][PASSED] - Text 'udf data 5' is set on object 'Object Repository/IWP30/Page_VRelay30Emulator/UDF5'

05-10-2024T00:02:47 - [MESSAGE][PASSED] - Text '' is set on object 'Object Repository/IWP30/Page_VRelay30Emulator/UDF6'

05-10-2024T00:02:48 - [MESSAGE][PASSED] - Text '' is set on object 'Object Repository/IWP30/Page_VRelay30Emulator/UDF7'

05-10-2024T00:02:48 - [MESSAGE][PASSED] - Text '' is set on object 'Object Repository/IWP30/Page_VRelay30Emulator/UDF8'

05-10-2024T00:02:49 - [MESSAGE][PASSED] - Text 'udf data 9' is set on object 'Object Repository/IWP30/Page_VRelay30Emulator/UDF9'

05-10-2024T00:02:50 - [MESSAGE][PASSED] - Text 'udf data 10' is set on object 'Object Repository/IWP30/Page_VRelay30Emulator/UDF10'

05-10-2024T00:02:51 - [MESSAGE][PASSED] - Object: 'Object Repository/IWP30/Page_VRelay30Emulator/Submit' is clicked on

05-10-2024T00:02:55 - [MESSAGE][PASSED] - Browser is closed

05-10-2024T00:02:59 - [MESSAGE][PASSED] - iwpPages.emulatorIWP30.setDataEmulator_DD is PASSED

05-10-2024T00:02:59 - [TEST_STEP][PASSED] - testHarnessURL = urlTestHarness: null

05-10-2024T00:02:59 - [TEST_STEP][PASSED] - openBrowser(testHarnessURL): Browser is opened with url: 'https://dev-algorithm.govolution.com/vrelaytest/QA/version_2_2/vrelaytest.html'

05-10-2024T00:02:59 - [MESSAGE][INFO] - Starting 'Edge Chromium' driver

05-10-2024T00:02:59 - [MESSAGE][INFO] - User set preference: ['acceptInsecureCerts', 'true']

05-10-2024T00:03:01 - [MESSAGE][INFO] - Action delay is set to 0 milliseconds

05-10-2024T00:03:05 - [MESSAGE][PASSED] - Browser is opened with url: 'https://dev-algorithm.govolution.com/vrelaytest/QA/version_2_2/vrelaytest.html'

05-10-2024T00:03:05 - [TEST_STEP][PASSED] - maximizeWindow(): Current window maximized

05-10-2024T00:03:05 - [MESSAGE][PASSED] - Current window maximized

05-10-2024T00:03:05 - [TEST_STEP][PASSED] - iwpPages.TestHarnessPage.setDataMethod(row, dataFile): iwpPages.TestHarnessPage.setDataMethod is PASSED

05-10-2024T00:03:05 - [MESSAGE][PASSED] - Object 'Object Repository/IWP30/Page_QATestHarness/RemittanceID' is present

05-10-2024T00:03:06 - [MESSAGE][PASSED] - Text '638' is set on object 'Object Repository/IWP30/Page_QATestHarness/ApplicationID'

05-10-2024T00:03:07 - [MESSAGE][PASSED] - Text '2.5' is set on object 'Object Repository/IWP30/Page_QATestHarness/MessageVersion'

05-10-2024T00:03:07 - [MESSAGE][PASSED] - Text 'Hv6W5hF1l0qq' is set on object 'Object Repository/IWP30/Page_QATestHarness/RemittanceID'

05-10-2024T00:03:10 - [MESSAGE][PASSED] - Object: 'Object Repository/IWP30/Page_QATestHarness/SubmitButton' is clicked on

05-10-2024T00:03:10 - [MESSAGE][PASSED] - iwpPages.TestHarnessPage.setDataMethod is PASSED

05-10-2024T00:03:10 - [TEST_STEP][PASSED] - click(findTestObject("Object Repository/IWP30/Page_SelectPaymentMethod/PayByPersonalCheck")): Object: 'Object Repository/IWP30/Page_SelectPaymentMethod/PayByPersonalCheck' is clicked on

05-10-2024T00:03:11 - [MESSAGE][PASSED] - Object: 'Object Repository/IWP30/Page_SelectPaymentMethod/PayByPersonalCheck' is clicked on

05-10-2024T00:03:11 - [TEST_STEP][PASSED] - click(findTestObject("Object Repository/IWP30/Page_SelectPaymentMethod/MakePaymentButton")): Object: 'Object Repository/IWP30/Page_SelectPaymentMethod/MakePaymentButton' is clicked on

05-10-2024T00:03:12 - [MESSAGE][PASSED] - Object: 'Object Repository/IWP30/Page_SelectPaymentMethod/MakePaymentButton' is clicked on

05-10-2024T00:03:12 - [TEST_STEP][PASSED] - iwpPages.achPersonalPaymentEntryPage.setDataACHPPM(row, dataFile): iwpPages.achPersonalPaymentEntryPage.setDataACHPPM is PASSED

05-10-2024T00:03:13 - [MESSAGE][PASSED] - Object 'Object Repository/IWP30/Page_ACHPersonalPaymentEntry/txt_accountNumber' is present

05-10-2024T00:03:14 - [MESSAGE][PASSED] - Text '10.50' is set on object 'Object Repository/IWP30/Page_ACHPersonalPaymentEntry/txt_Amount'

05-10-2024T00:03:14 - [MESSAGE][PASSED] - Object 'Object Repository/IWP30/Page_ACHPersonalPaymentEntry/txt_UDF2' is present

05-10-2024T00:03:15 - [MESSAGE][PASSED] - Text 'udf data 2' is set on object 'Object Repository/IWP30/Page_ACHPersonalPaymentEntry/txt_UDF2'

05-10-2024T00:03:15 - [MESSAGE][PASSED] - Text 'udf data 3' is set on object 'Object Repository/IWP30/Page_ACHPersonalPaymentEntry/txt_UDF3'

05-10-2024T00:03:16 - [MESSAGE][PASSED] - All options with label 'Orange' are selected in object 'Object Repository/IWP30/Page_ACHPersonalPaymentEntry/dd_UDF7' 

05-10-2024T00:03:16 - [MESSAGE][PASSED] - All options with label 'Soccer' are selected in object 'Object Repository/IWP30/Page_ACHPersonalPaymentEntry/dd_UDF8' 

05-10-2024T00:03:17 - [MESSAGE][PASSED] - Object 'Object Repository/IWP30/Page_ACHPersonalPaymentEntry/txt_Firstname' is present

05-10-2024T00:03:17 - [MESSAGE][PASSED] - Text 'Curlonty' is set on object 'Object Repository/IWP30/Page_ACHPersonalPaymentEntry/txt_Firstname'

05-10-2024T00:03:17 - [MESSAGE][PASSED] - Object 'Object Repository/IWP30/Page_ACHPersonalPaymentEntry/txt_Lastname' is present

05-10-2024T00:03:18 - [MESSAGE][PASSED] - Text 'Lachuga' is set on object 'Object Repository/IWP30/Page_ACHPersonalPaymentEntry/txt_Lastname'

05-10-2024T00:03:18 - [MESSAGE][PASSED] - Object 'Object Repository/IWP30/Page_ACHPersonalPaymentEntry/txt_routingNumber' is present

05-10-2024T00:03:19 - [MESSAGE][PASSED] - Text '256072691' is set on object 'Object Repository/IWP30/Page_ACHPersonalPaymentEntry/txt_routingNumber'

05-10-2024T00:03:19 - [MESSAGE][PASSED] - Object 'Object Repository/IWP30/Page_ACHPersonalPaymentEntry/txt_accountNumber' is present

05-10-2024T00:03:21 - [MESSAGE][PASSED] - Text '12342222' is set on object 'Object Repository/IWP30/Page_ACHPersonalPaymentEntry/txt_accountNumber'

05-10-2024T00:03:21 - [MESSAGE][PASSED] - Object 'Object Repository/IWP30/Page_ACHPersonalPaymentEntry/txt_confirmAccountNumber' is present

05-10-2024T00:03:22 - [MESSAGE][PASSED] - Text '12342222' is set on object 'Object Repository/IWP30/Page_ACHPersonalPaymentEntry/txt_confirmAccountNumber'

05-10-2024T00:03:22 - [MESSAGE][PASSED] - Object 'Object Repository/IWP30/Page_ACHPersonalPaymentEntry/rd_accountType' is present

05-10-2024T00:03:22 - [MESSAGE][PASSED] - Modify property of object successfully

05-10-2024T00:03:22 - [MESSAGE][PASSED] - Object: 'Object Repository/IWP30/Page_ACHPersonalPaymentEntry/rd_accountType' is clicked on

05-10-2024T00:03:23 - [MESSAGE][PASSED] - Text '365 Main Avenue' is set on object 'Object Repository/IWP30/Page_ACHPersonalPaymentEntry/txt_AL1'

05-10-2024T00:03:23 - [MESSAGE][PASSED] - Text '22201' is set on object 'Object Repository/IWP30/Page_ACHPersonalPaymentEntry/txt_ZIP'

05-10-2024T00:03:24 - [MESSAGE][PASSED] - Object 'Object Repository/IWP30/Page_ACHPersonalPaymentEntry/txt_Email' is present

05-10-2024T00:03:24 - [MESSAGE][PASSED] - Text 'iahmed@govolution.com' is set on object 'Object Repository/IWP30/Page_ACHPersonalPaymentEntry/txt_Email'

05-10-2024T00:03:25 - [MESSAGE][PASSED] - Object 'Object Repository/IWP30/Page_ACHPersonalPaymentEntry/cb_TermsAndCond' is present

05-10-2024T00:03:25 - [MESSAGE][PASSED] - Object: 'Object Repository/IWP30/Page_ACHPersonalPaymentEntry/cb_TermsAndCond' is clicked on

05-10-2024T00:03:25 - [MESSAGE][PASSED] - Object 'Object Repository/IWP30/Page_ACHPersonalPaymentEntry/btn_Continue' is present

05-10-2024T00:03:26 - [MESSAGE][PASSED] - Object: 'Object Repository/IWP30/Page_ACHPersonalPaymentEntry/btn_Continue' is clicked on

05-10-2024T00:03:26 - [MESSAGE][PASSED] - iwpPages.achPersonalPaymentEntryPage.setDataACHPPM is PASSED

05-10-2024T00:03:26 - [TEST_STEP][PASSED] - click(findTestObject("Object Repository/IWP30/Page_Confirmation/ConfirmButton")): Object: 'Object Repository/IWP30/Page_Confirmation/ConfirmButton' is clicked on

05-10-2024T00:03:28 - [MESSAGE][PASSED] - Object: 'Object Repository/IWP30/Page_Confirmation/ConfirmButton' is clicked on

05-10-2024T00:03:28 - [TEST_STEP][PASSED] - Thread.sleep(15000): null

05-10-2024T00:03:43 - [TEST_STEP][PASSED] - if (verifyTextPresent("Make a Real Estate Payment", false)): null

05-10-2024T00:03:43 - [MESSAGE][PASSED] - Text 'Make a Real Estate Payment' is present on page 

05-10-2024T00:03:43 - [TEST_STEP][PASSED] - isRequiredTextPresent = true: null

05-10-2024T00:03:43 - [TEST_STEP][PASSED] - println(isRequiredTextPresent): null

05-10-2024T00:03:43 - [TEST_STEP][PASSED] - if (isRequiredTextPresent): null

05-10-2024T00:03:43 - [TEST_STEP][PASSED] - if (verifyTextPresent("Successful Payment Receipt", false)): null

05-10-2024T00:03:43 - [MESSAGE][PASSED] - Text 'Successful Payment Receipt' is present on page 

05-10-2024T00:03:43 - [TEST_STEP][PASSED] - isRequiredTextPresent = true: null

05-10-2024T00:03:43 - [TEST_STEP][PASSED] - println(isRequiredTextPresent): null

05-10-2024T00:03:43 - [TEST_STEP][PASSED] - if (isRequiredTextPresent): null

05-10-2024T00:03:43 - [TEST_STEP][PASSED] - if (verifyTextPresent("Please print this receipt for your records", false)): null

05-10-2024T00:03:44 - [MESSAGE][PASSED] - Text 'Please print this receipt for your records' is present on page 

05-10-2024T00:03:44 - [TEST_STEP][PASSED] - isRequiredTextPresent = true: null

05-10-2024T00:03:44 - [TEST_STEP][PASSED] - if (isRequiredTextPresent): null

05-10-2024T00:03:44 - [TEST_STEP][PASSED] - if (verifyTextPresent("Remittance ID:", false)): null

05-10-2024T00:03:44 - [MESSAGE][PASSED] - Text 'Remittance ID:' is present on page 

05-10-2024T00:03:44 - [TEST_STEP][PASSED] - isRequiredTextPresent = true: null

05-10-2024T00:03:44 - [TEST_STEP][PASSED] - if (isRequiredTextPresent): null

05-10-2024T00:03:44 - [TEST_STEP][PASSED] - if (verifyTextPresent("Payment ID:", false)): null

05-10-2024T00:03:44 - [MESSAGE][PASSED] - Text 'Payment ID:' is present on page 

05-10-2024T00:03:44 - [TEST_STEP][PASSED] - isRequiredTextPresent = true: null

05-10-2024T00:03:44 - [TEST_STEP][PASSED] - if (isRequiredTextPresent): null

05-10-2024T00:03:44 - [TEST_STEP][PASSED] - if (verifyTextPresent("CAN Label:", false)): null

05-10-2024T00:03:44 - [MESSAGE][PASSED] - Text 'CAN Label:' is present on page 

05-10-2024T00:03:44 - [TEST_STEP][PASSED] - isRequiredTextPresent = true: null

05-10-2024T00:03:44 - [TEST_STEP][PASSED] - if (isRequiredTextPresent): null

05-10-2024T00:03:44 - [TEST_STEP][PASSED] - if (verifyTextPresent("Received:", false)): null

05-10-2024T00:03:45 - [MESSAGE][PASSED] - Text 'Received:' is present on page 

05-10-2024T00:03:45 - [TEST_STEP][PASSED] - isRequiredTextPresent = true: null

05-10-2024T00:03:45 - [TEST_STEP][PASSED] - if (isRequiredTextPresent): null

05-10-2024T00:03:45 - [TEST_STEP][PASSED] - if (verifyTextPresent("UDF1 Label:", false)): null

05-10-2024T00:03:45 - [MESSAGE][PASSED] - Text 'UDF1 Label:' is present on page 

05-10-2024T00:03:45 - [TEST_STEP][PASSED] - isRequiredTextPresent = true: null

05-10-2024T00:03:45 - [TEST_STEP][PASSED] - if (isRequiredTextPresent): null

05-10-2024T00:03:45 - [TEST_STEP][PASSED] - if (verifyTextPresent("UDF2 Label:", false)): null

05-10-2024T00:03:45 - [MESSAGE][PASSED] - Text 'UDF2 Label:' is present on page 

05-10-2024T00:03:45 - [TEST_STEP][PASSED] - isRequiredTextPresent = true: null

05-10-2024T00:03:45 - [TEST_STEP][PASSED] - if (isRequiredTextPresent): null

05-10-2024T00:03:45 - [TEST_STEP][PASSED] - if (verifyTextPresent("UDF3 Label:", false)): null

05-10-2024T00:03:45 - [MESSAGE][PASSED] - Text 'UDF3 Label:' is present on page 

05-10-2024T00:03:45 - [TEST_STEP][PASSED] - isRequiredTextPresent = true: null

05-10-2024T00:03:45 - [TEST_STEP][PASSED] - if (isRequiredTextPresent): null

05-10-2024T00:03:45 - [TEST_STEP][PASSED] - if (verifyTextPresent("UDF4 Label:", false)): null

05-10-2024T00:03:46 - [MESSAGE][PASSED] - Text 'UDF4 Label:' is present on page 

05-10-2024T00:03:46 - [TEST_STEP][PASSED] - isRequiredTextPresent = true: null

05-10-2024T00:03:46 - [TEST_STEP][PASSED] - if (isRequiredTextPresent): null

05-10-2024T00:03:46 - [TEST_STEP][PASSED] - if (verifyTextPresent("UDF6 Label:", false)): null

05-10-2024T00:03:46 - [MESSAGE][PASSED] - Text 'UDF6 Label:' is present on page 

05-10-2024T00:03:46 - [TEST_STEP][PASSED] - isRequiredTextPresent = true: null

05-10-2024T00:03:46 - [TEST_STEP][PASSED] - if (isRequiredTextPresent): null

05-10-2024T00:03:46 - [TEST_STEP][PASSED] - if (verifyTextPresent("UDF7 Label:", false)): null

05-10-2024T00:03:46 - [MESSAGE][PASSED] - Text 'UDF7 Label:' is present on page 

05-10-2024T00:03:46 - [TEST_STEP][PASSED] - isRequiredTextPresent = true: null

05-10-2024T00:03:46 - [TEST_STEP][PASSED] - if (isRequiredTextPresent): null

05-10-2024T00:03:46 - [TEST_STEP][PASSED] - if (verifyTextPresent("UDF8 Label:", false)): null

05-10-2024T00:03:46 - [MESSAGE][PASSED] - Text 'UDF8 Label:' is present on page 

05-10-2024T00:03:46 - [TEST_STEP][PASSED] - isRequiredTextPresent = true: null

05-10-2024T00:03:46 - [TEST_STEP][PASSED] - if (isRequiredTextPresent): null

05-10-2024T00:03:46 - [TEST_STEP][PASSED] - if (verifyTextPresent("UDF9 Label:", false)): null

05-10-2024T00:03:47 - [MESSAGE][PASSED] - Text 'UDF9 Label:' is present on page 

05-10-2024T00:03:47 - [TEST_STEP][PASSED] - isRequiredTextPresent = true: null

05-10-2024T00:03:47 - [TEST_STEP][PASSED] - if (isRequiredTextPresent): null

05-10-2024T00:03:47 - [TEST_STEP][PASSED] - if (verifyTextPresent("Tax Amount:", false)): null

05-10-2024T00:03:47 - [MESSAGE][PASSED] - Text 'Tax Amount:' is present on page 

05-10-2024T00:03:47 - [TEST_STEP][PASSED] - isRequiredTextPresent = true: null

05-10-2024T00:03:47 - [TEST_STEP][PASSED] - if (isRequiredTextPresent): null

05-10-2024T00:03:47 - [TEST_STEP][PASSED] - if (verifyTextPresent("Amount:", false)): null

05-10-2024T00:03:47 - [MESSAGE][PASSED] - Text 'Amount:' is present on page 

05-10-2024T00:03:47 - [TEST_STEP][PASSED] - isRequiredTextPresent = true: null

05-10-2024T00:03:47 - [TEST_STEP][PASSED] - if (isRequiredTextPresent): null

05-10-2024T00:03:47 - [TEST_STEP][PASSED] - if (verifyTextPresent("Transaction Type:", false)): null

05-10-2024T00:03:48 - [MESSAGE][PASSED] - Text 'Transaction Type:' is present on page 

05-10-2024T00:03:48 - [TEST_STEP][PASSED] - isRequiredTextPresent = true: null

05-10-2024T00:03:48 - [TEST_STEP][PASSED] - if (isRequiredTextPresent): null

05-10-2024T00:03:48 - [TEST_STEP][PASSED] - if (verifyTextPresent("Check Information:", false)): null

05-10-2024T00:03:48 - [MESSAGE][PASSED] - Text 'Check Information:' is present on page 

05-10-2024T00:03:48 - [TEST_STEP][PASSED] - isRequiredTextPresent = true: null

05-10-2024T00:03:48 - [TEST_STEP][PASSED] - if (isRequiredTextPresent): null

05-10-2024T00:03:48 - [TEST_STEP][PASSED] - if (verifyTextPresent("Name on Account:", false)): null

05-10-2024T00:03:48 - [MESSAGE][PASSED] - Text 'Name on Account:' is present on page 

05-10-2024T00:03:48 - [TEST_STEP][PASSED] - isRequiredTextPresent = true: null

05-10-2024T00:03:48 - [TEST_STEP][PASSED] - if (isRequiredTextPresent): null

05-10-2024T00:03:48 - [TEST_STEP][PASSED] - if (verifyTextPresent("Routing Number:", false)): null

05-10-2024T00:03:48 - [MESSAGE][PASSED] - Text 'Routing Number:' is present on page 

05-10-2024T00:03:48 - [TEST_STEP][PASSED] - isRequiredTextPresent = true: null

05-10-2024T00:03:48 - [TEST_STEP][PASSED] - if (isRequiredTextPresent): null

05-10-2024T00:03:48 - [TEST_STEP][PASSED] - if (verifyTextPresent("Account Number:", false)): null

05-10-2024T00:03:49 - [MESSAGE][PASSED] - Text 'Account Number:' is present on page 

05-10-2024T00:03:49 - [TEST_STEP][PASSED] - isRequiredTextPresent = true: null

05-10-2024T00:03:49 - [TEST_STEP][PASSED] - if (isRequiredTextPresent): null

05-10-2024T00:03:49 - [TEST_STEP][PASSED] - if (verifyTextPresent("Account Type:", false)): null

05-10-2024T00:03:49 - [MESSAGE][PASSED] - Text 'Account Type:' is present on page 

05-10-2024T00:03:49 - [TEST_STEP][PASSED] - isRequiredTextPresent = true: null

05-10-2024T00:03:49 - [TEST_STEP][PASSED] - if (isRequiredTextPresent): null

05-10-2024T00:03:49 - [TEST_STEP][PASSED] - if (verifyTextPresent("Billing Information:", false)): null

05-10-2024T00:03:49 - [MESSAGE][PASSED] - Text 'Billing Information:' is present on page 

05-10-2024T00:03:49 - [TEST_STEP][PASSED] - isRequiredTextPresent = true: null

05-10-2024T00:03:49 - [TEST_STEP][PASSED] - if (isRequiredTextPresent): null

05-10-2024T00:03:49 - [TEST_STEP][PASSED] - if (verifyTextPresent("Address Line 1:", false)): null

05-10-2024T00:03:49 - [MESSAGE][PASSED] - Text 'Address Line 1:' is present on page 

05-10-2024T00:03:49 - [TEST_STEP][PASSED] - isRequiredTextPresent = true: null

05-10-2024T00:03:49 - [TEST_STEP][PASSED] - if (isRequiredTextPresent): null

05-10-2024T00:03:49 - [TEST_STEP][PASSED] - if (verifyTextPresent("Country:", false)): null

05-10-2024T00:03:50 - [MESSAGE][PASSED] - Text 'Country:' is present on page 

05-10-2024T00:03:50 - [TEST_STEP][PASSED] - isRequiredTextPresent = true: null

05-10-2024T00:03:50 - [TEST_STEP][PASSED] - if (isRequiredTextPresent): null

05-10-2024T00:03:50 - [TEST_STEP][PASSED] - if (verifyTextPresent("City:", false)): null

05-10-2024T00:03:50 - [MESSAGE][PASSED] - Text 'City:' is present on page 

05-10-2024T00:03:50 - [TEST_STEP][PASSED] - isRequiredTextPresent = true: null

05-10-2024T00:03:50 - [TEST_STEP][PASSED] - if (isRequiredTextPresent): null

05-10-2024T00:03:50 - [TEST_STEP][PASSED] - if (verifyTextPresent("State:", false)): null

05-10-2024T00:03:50 - [MESSAGE][PASSED] - Text 'State:' is present on page 

05-10-2024T00:03:50 - [TEST_STEP][PASSED] - isRequiredTextPresent = true: null

05-10-2024T00:03:50 - [TEST_STEP][PASSED] - if (isRequiredTextPresent): null

05-10-2024T00:03:50 - [TEST_STEP][PASSED] - if (verifyTextPresent("ZIP Code:", false)): null

05-10-2024T00:03:50 - [MESSAGE][PASSED] - Text 'ZIP Code:' is present on page 

05-10-2024T00:03:50 - [TEST_STEP][PASSED] - isRequiredTextPresent = true: null

05-10-2024T00:03:50 - [TEST_STEP][PASSED] - if (isRequiredTextPresent): null

05-10-2024T00:03:50 - [TEST_STEP][PASSED] - if (verifyTextPresent("Please click here to make another payment.", false)): null

05-10-2024T00:03:51 - [MESSAGE][PASSED] - Text 'Please click here to make another payment.' is present on page 

05-10-2024T00:03:51 - [TEST_STEP][PASSED] - isRequiredTextPresent = true: null

05-10-2024T00:03:51 - [TEST_STEP][PASSED] - if (isRequiredTextPresent == true): pages.WriteExcel.demoKey is PASSED

05-10-2024T00:03:51 - [TEST_STEP][PASSED] - println("All the relevant texts are present on Receipt Page"): null

05-10-2024T00:03:51 - [TEST_STEP][PASSED] - markPassed("All the relevant texts are present on Receipt Page"): All the relevant texts are present on Receipt Page

05-10-2024T00:03:51 - [MESSAGE][PASSED] - All the relevant texts are present on Receipt Page

05-10-2024T00:03:51 - [TEST_STEP][PASSED] - resText = "Pass": null

05-10-2024T00:03:51 - [TEST_STEP][PASSED] - pages.WriteExcel.demoKey(resText, datText, resColumn, datCloumn, fileLoc, nameSheet, row): pages.WriteExcel.demoKey is PASSED

05-10-2024T00:03:51 - [MESSAGE][PASSED] - pages.WriteExcel.demoKey is PASSED

05-10-2024T00:03:51 - [TEST_STEP][PASSED] - closeBrowser(): Browser is closed

05-10-2024T00:03:51 - [MESSAGE][PASSED] - Browser is closed]]></system-out>
         <system-err><![CDATA[]]></system-err>
      </testcase>
      <testcase name="Test Cases/IntegratedWeb/IWP25/Payments/VerifyReceiptPageLabelsPS" time="83.527" classname="Test Cases/IntegratedWeb/IWP25/Payments/VerifyReceiptPageLabelsPS" status="PASSED">
         <system-out><![CDATA[05-10-2024T00:03:51 - [TEST_CASE][PASSED] - Test Cases/IntegratedWeb/IWP25/Payments/VerifyReceiptPageLabelsPS: Test Cases/IntegratedWeb/IWP25/Payments/VerifyReceiptPageLabelsPS

05-10-2024T00:03:52 - [TEST_STEP][PASSED] - resText = "Fail": null

05-10-2024T00:03:52 - [TEST_STEP][PASSED] - resColumn = "Result": null

05-10-2024T00:03:52 - [TEST_STEP][PASSED] - datCloumn = "Date": null

05-10-2024T00:03:52 - [TEST_STEP][PASSED] - fileLoc = "KatalonData/IWPTestData/VRelay25Payments.xlsx": null

05-10-2024T00:03:52 - [TEST_STEP][PASSED] - numOfRows = <not implemented yet for class: org.codehaus.groovy.ast.expr.EmptyExpression>: null

05-10-2024T00:03:52 - [TEST_STEP][PASSED] - dataFile = <not implemented yet for class: org.codehaus.groovy.ast.expr.EmptyExpression>: null

05-10-2024T00:03:52 - [TEST_STEP][PASSED] - nameSheet = <not implemented yet for class: org.codehaus.groovy.ast.expr.EmptyExpression>: null

05-10-2024T00:03:52 - [TEST_STEP][PASSED] - dataFileEmulator = <not implemented yet for class: org.codehaus.groovy.ast.expr.EmptyExpression>: null

05-10-2024T00:03:52 - [TEST_STEP][PASSED] - isRequiredTextPresent = false: null

05-10-2024T00:03:52 - [TEST_STEP][PASSED] - nameSheet = "VerifyReceiptPageLabelsPS": null

05-10-2024T00:03:52 - [TEST_STEP][PASSED] - dataFile = "IWPTestData/IWP25VerifyReceiptPageLabelsPS": null

05-10-2024T00:03:52 - [TEST_STEP][PASSED] - dataFileEmulator = "IWPTestData/EmulatorData": null

05-10-2024T00:03:52 - [TEST_STEP][PASSED] - numOfRows = findTestData(dataFile).getRowNumbers(): null

05-10-2024T00:03:52 - [TEST_STEP][PASSED] - println("Number of Records: " + numOfRows): null

05-10-2024T00:03:52 - [TEST_STEP][PASSED] - for ([row = 1, row <= numOfRows, (row++)]): Browser is closed

05-10-2024T00:03:52 - [TEST_STEP][PASSED] - ExecuteTC = findTestData(dataFile).getValue("Execute", row): null

05-10-2024T00:03:52 - [TEST_STEP][PASSED] - out.println("Value of Execute is : " + ExecuteTC): null

05-10-2024T00:03:52 - [TEST_STEP][PASSED] - if (ExecuteTC.equalsIgnoreCase("Y")): pages.WriteExcel.demoKey is PASSED

05-10-2024T00:03:52 - [TEST_STEP][PASSED] - out.println("Begin Record Number: " + row): null

05-10-2024T00:03:52 - [TEST_STEP][PASSED] - today = new java.util.Date(): null

05-10-2024T00:03:52 - [TEST_STEP][PASSED] - println(today): null

05-10-2024T00:03:52 - [TEST_STEP][PASSED] - datText = today: null

05-10-2024T00:03:52 - [TEST_STEP][PASSED] - EmulatorDataKey = findTestData(dataFile).getValue("EmulatorData", row): null

05-10-2024T00:03:52 - [TEST_STEP][PASSED] - out.println("Value of Emulator Key is : " + EmulatorDataKey): null

05-10-2024T00:03:52 - [TEST_STEP][PASSED] - iwpPages.emulatorIWP30.setDataEmulator_DD(EmulatorDataKey): iwpPages.emulatorIWP30.setDataEmulator_DD is PASSED

05-10-2024T00:03:52 - [MESSAGE][INFO] - Starting 'Edge Chromium' driver

05-10-2024T00:03:52 - [MESSAGE][INFO] - User set preference: ['acceptInsecureCerts', 'true']

05-10-2024T00:03:54 - [MESSAGE][INFO] - Action delay is set to 0 milliseconds

05-10-2024T00:03:58 - [MESSAGE][PASSED] - Browser is opened with url: 'https://qa.velocitypayment.com/agency/config.do?action=editor&message_version=2_5'

05-10-2024T00:03:58 - [MESSAGE][PASSED] - Current window maximized

05-10-2024T00:03:59 - [MESSAGE][PASSED] - All options with value '2.5' are selected in object 'Object Repository/IWP30/Page_VRelay30Emulator/MV'  using regular expression

05-10-2024T00:03:59 - [MESSAGE][PASSED] - Text '10.50' is set on object 'Object Repository/IWP30/Page_VRelay30Emulator/Amount'

05-10-2024T00:04:00 - [MESSAGE][PASSED] - Text '40V73vpmS1QQ' is set on object 'Object Repository/IWP30/Page_VRelay30Emulator/CAN'

05-10-2024T00:04:01 - [MESSAGE][PASSED] - Text 'PayNow' is set on object 'Object Repository/IWP30/Page_VRelay30Emulator/Action'

05-10-2024T00:04:01 - [MESSAGE][PASSED] - Text 'en_US' is set on object 'Object Repository/IWP30/Page_VRelay30Emulator/Lang'

05-10-2024T00:04:02 - [MESSAGE][PASSED] - Text '' is set on object 'Object Repository/IWP30/Page_VRelay30Emulator/Fname'

05-10-2024T00:04:02 - [MESSAGE][PASSED] - Text '' is set on object 'Object Repository/IWP30/Page_VRelay30Emulator/Lname'

05-10-2024T00:04:03 - [MESSAGE][PASSED] - Text '' is set on object 'Object Repository/IWP30/Page_VRelay30Emulator/AL1'

05-10-2024T00:04:03 - [MESSAGE][PASSED] - Text '' is set on object 'Object Repository/IWP30/Page_VRelay30Emulator/AL2'

05-10-2024T00:04:04 - [MESSAGE][PASSED] - Text '' is set on object 'Object Repository/IWP30/Page_VRelay30Emulator/Country'

05-10-2024T00:04:05 - [MESSAGE][PASSED] - Text '' is set on object 'Object Repository/IWP30/Page_VRelay30Emulator/City'

05-10-2024T00:04:05 - [MESSAGE][PASSED] - Text '' is set on object 'Object Repository/IWP30/Page_VRelay30Emulator/State'

05-10-2024T00:04:06 - [MESSAGE][PASSED] - Text '' is set on object 'Object Repository/IWP30/Page_VRelay30Emulator/ZIP'

05-10-2024T00:04:06 - [MESSAGE][PASSED] - Text '' is set on object 'Object Repository/IWP30/Page_VRelay30Emulator/Order'

05-10-2024T00:04:07 - [MESSAGE][PASSED] - Text '' is set on object 'Object Repository/IWP30/Page_VRelay30Emulator/Company'

05-10-2024T00:04:08 - [MESSAGE][PASSED] - Text '' is set on object 'Object Repository/IWP30/Page_VRelay30Emulator/Email'

05-10-2024T00:04:08 - [MESSAGE][PASSED] - Text '' is set on object 'Object Repository/IWP30/Page_VRelay30Emulator/UDF1'

05-10-2024T00:04:09 - [MESSAGE][PASSED] - Text '' is set on object 'Object Repository/IWP30/Page_VRelay30Emulator/UDF2'

05-10-2024T00:04:09 - [MESSAGE][PASSED] - Text '' is set on object 'Object Repository/IWP30/Page_VRelay30Emulator/UDF3'

05-10-2024T00:04:10 - [MESSAGE][PASSED] - Text 'udf data 4' is set on object 'Object Repository/IWP30/Page_VRelay30Emulator/UDF4'

05-10-2024T00:04:10 - [MESSAGE][PASSED] - Text 'udf data 5' is set on object 'Object Repository/IWP30/Page_VRelay30Emulator/UDF5'

05-10-2024T00:04:11 - [MESSAGE][PASSED] - Text '' is set on object 'Object Repository/IWP30/Page_VRelay30Emulator/UDF6'

05-10-2024T00:04:12 - [MESSAGE][PASSED] - Text '' is set on object 'Object Repository/IWP30/Page_VRelay30Emulator/UDF7'

05-10-2024T00:04:12 - [MESSAGE][PASSED] - Text '' is set on object 'Object Repository/IWP30/Page_VRelay30Emulator/UDF8'

05-10-2024T00:04:13 - [MESSAGE][PASSED] - Text 'udf data 9' is set on object 'Object Repository/IWP30/Page_VRelay30Emulator/UDF9'

05-10-2024T00:04:13 - [MESSAGE][PASSED] - Text 'udf data 10' is set on object 'Object Repository/IWP30/Page_VRelay30Emulator/UDF10'

05-10-2024T00:04:14 - [MESSAGE][PASSED] - Object: 'Object Repository/IWP30/Page_VRelay30Emulator/Submit' is clicked on

05-10-2024T00:04:19 - [MESSAGE][PASSED] - Browser is closed

05-10-2024T00:04:23 - [MESSAGE][PASSED] - iwpPages.emulatorIWP30.setDataEmulator_DD is PASSED

05-10-2024T00:04:23 - [TEST_STEP][PASSED] - testHarnessURL = urlTestHarness: null

05-10-2024T00:04:23 - [TEST_STEP][PASSED] - openBrowser(testHarnessURL): Browser is opened with url: 'https://dev-algorithm.govolution.com/vrelaytest/QA/version_2_2/vrelaytest.html'

05-10-2024T00:04:23 - [MESSAGE][INFO] - Starting 'Edge Chromium' driver

05-10-2024T00:04:23 - [MESSAGE][INFO] - User set preference: ['acceptInsecureCerts', 'true']

05-10-2024T00:04:25 - [MESSAGE][INFO] - Action delay is set to 0 milliseconds

05-10-2024T00:04:29 - [MESSAGE][PASSED] - Browser is opened with url: 'https://dev-algorithm.govolution.com/vrelaytest/QA/version_2_2/vrelaytest.html'

05-10-2024T00:04:29 - [TEST_STEP][PASSED] - maximizeWindow(): Current window maximized

05-10-2024T00:04:29 - [MESSAGE][PASSED] - Current window maximized

05-10-2024T00:04:29 - [TEST_STEP][PASSED] - iwpPages.TestHarnessPage.setDataMethod(row, dataFile): iwpPages.TestHarnessPage.setDataMethod is PASSED

05-10-2024T00:04:29 - [MESSAGE][PASSED] - Object 'Object Repository/IWP30/Page_QATestHarness/RemittanceID' is present

05-10-2024T00:04:30 - [MESSAGE][PASSED] - Text '638' is set on object 'Object Repository/IWP30/Page_QATestHarness/ApplicationID'

05-10-2024T00:04:30 - [MESSAGE][PASSED] - Text '2.5' is set on object 'Object Repository/IWP30/Page_QATestHarness/MessageVersion'

05-10-2024T00:04:31 - [MESSAGE][PASSED] - Text '4YHALUjivIM2' is set on object 'Object Repository/IWP30/Page_QATestHarness/RemittanceID'

05-10-2024T00:04:34 - [MESSAGE][PASSED] - Object: 'Object Repository/IWP30/Page_QATestHarness/SubmitButton' is clicked on

05-10-2024T00:04:34 - [MESSAGE][PASSED] - iwpPages.TestHarnessPage.setDataMethod is PASSED

05-10-2024T00:04:34 - [TEST_STEP][PASSED] - click(findTestObject("Object Repository/IWP30/Page_SelectPaymentMethod/PayByPersonalCheck")): Object: 'Object Repository/IWP30/Page_SelectPaymentMethod/PayByPersonalCheck' is clicked on

05-10-2024T00:04:34 - [MESSAGE][PASSED] - Object: 'Object Repository/IWP30/Page_SelectPaymentMethod/PayByPersonalCheck' is clicked on

05-10-2024T00:04:34 - [TEST_STEP][PASSED] - click(findTestObject("Object Repository/IWP30/Page_SelectPaymentMethod/MakePaymentButton")): Object: 'Object Repository/IWP30/Page_SelectPaymentMethod/MakePaymentButton' is clicked on

05-10-2024T00:04:36 - [MESSAGE][PASSED] - Object: 'Object Repository/IWP30/Page_SelectPaymentMethod/MakePaymentButton' is clicked on

05-10-2024T00:04:36 - [TEST_STEP][PASSED] - iwpPages.achPersonalPaymentEntryPage.setDataACHPPM(row, dataFile): iwpPages.achPersonalPaymentEntryPage.setDataACHPPM is PASSED

05-10-2024T00:04:37 - [MESSAGE][PASSED] - Object 'Object Repository/IWP30/Page_ACHPersonalPaymentEntry/txt_accountNumber' is present

05-10-2024T00:04:37 - [MESSAGE][PASSED] - Text '10.50' is set on object 'Object Repository/IWP30/Page_ACHPersonalPaymentEntry/txt_Amount'

05-10-2024T00:04:38 - [MESSAGE][PASSED] - Object 'Object Repository/IWP30/Page_ACHPersonalPaymentEntry/txt_UDF2' is present

05-10-2024T00:04:38 - [MESSAGE][PASSED] - Text 'udf data 2' is set on object 'Object Repository/IWP30/Page_ACHPersonalPaymentEntry/txt_UDF2'

05-10-2024T00:04:39 - [MESSAGE][PASSED] - Text 'udf data 3' is set on object 'Object Repository/IWP30/Page_ACHPersonalPaymentEntry/txt_UDF3'

05-10-2024T00:04:39 - [MESSAGE][PASSED] - All options with label 'Orange' are selected in object 'Object Repository/IWP30/Page_ACHPersonalPaymentEntry/dd_UDF7' 

05-10-2024T00:04:40 - [MESSAGE][PASSED] - All options with label 'Soccer' are selected in object 'Object Repository/IWP30/Page_ACHPersonalPaymentEntry/dd_UDF8' 

05-10-2024T00:04:40 - [MESSAGE][PASSED] - Object 'Object Repository/IWP30/Page_ACHPersonalPaymentEntry/txt_Firstname' is present

05-10-2024T00:04:41 - [MESSAGE][PASSED] - Text 'Curlonty' is set on object 'Object Repository/IWP30/Page_ACHPersonalPaymentEntry/txt_Firstname'

05-10-2024T00:04:41 - [MESSAGE][PASSED] - Object 'Object Repository/IWP30/Page_ACHPersonalPaymentEntry/txt_Lastname' is present

05-10-2024T00:04:42 - [MESSAGE][PASSED] - Text 'Lachuga' is set on object 'Object Repository/IWP30/Page_ACHPersonalPaymentEntry/txt_Lastname'

05-10-2024T00:04:42 - [MESSAGE][PASSED] - Object 'Object Repository/IWP30/Page_ACHPersonalPaymentEntry/txt_routingNumber' is present

05-10-2024T00:04:43 - [MESSAGE][PASSED] - Text '256072691' is set on object 'Object Repository/IWP30/Page_ACHPersonalPaymentEntry/txt_routingNumber'

05-10-2024T00:04:43 - [MESSAGE][PASSED] - Object 'Object Repository/IWP30/Page_ACHPersonalPaymentEntry/txt_accountNumber' is present

05-10-2024T00:04:44 - [MESSAGE][PASSED] - Text '12342222' is set on object 'Object Repository/IWP30/Page_ACHPersonalPaymentEntry/txt_accountNumber'

05-10-2024T00:04:45 - [MESSAGE][PASSED] - Object 'Object Repository/IWP30/Page_ACHPersonalPaymentEntry/txt_confirmAccountNumber' is present

05-10-2024T00:04:45 - [MESSAGE][PASSED] - Text '12342222' is set on object 'Object Repository/IWP30/Page_ACHPersonalPaymentEntry/txt_confirmAccountNumber'

05-10-2024T00:04:45 - [MESSAGE][PASSED] - Object 'Object Repository/IWP30/Page_ACHPersonalPaymentEntry/rd_accountType' is present

05-10-2024T00:04:45 - [MESSAGE][PASSED] - Modify property of object successfully

05-10-2024T00:04:46 - [MESSAGE][PASSED] - Object: 'Object Repository/IWP30/Page_ACHPersonalPaymentEntry/rd_accountType' is clicked on

05-10-2024T00:04:46 - [MESSAGE][PASSED] - Text '365 Main Avenue' is set on object 'Object Repository/IWP30/Page_ACHPersonalPaymentEntry/txt_AL1'

05-10-2024T00:04:47 - [MESSAGE][PASSED] - Text '22201' is set on object 'Object Repository/IWP30/Page_ACHPersonalPaymentEntry/txt_ZIP'

05-10-2024T00:04:47 - [MESSAGE][PASSED] - Object 'Object Repository/IWP30/Page_ACHPersonalPaymentEntry/txt_Email' is present

05-10-2024T00:04:48 - [MESSAGE][PASSED] - Text 'iahmed@govolution.com' is set on object 'Object Repository/IWP30/Page_ACHPersonalPaymentEntry/txt_Email'

05-10-2024T00:04:48 - [MESSAGE][PASSED] - Object 'Object Repository/IWP30/Page_ACHPersonalPaymentEntry/cb_TermsAndCond' is present

05-10-2024T00:04:49 - [MESSAGE][PASSED] - Object: 'Object Repository/IWP30/Page_ACHPersonalPaymentEntry/cb_TermsAndCond' is clicked on

05-10-2024T00:04:49 - [MESSAGE][PASSED] - Object 'Object Repository/IWP30/Page_ACHPersonalPaymentEntry/btn_Continue' is present

05-10-2024T00:04:50 - [MESSAGE][PASSED] - Object: 'Object Repository/IWP30/Page_ACHPersonalPaymentEntry/btn_Continue' is clicked on

05-10-2024T00:04:50 - [MESSAGE][PASSED] - iwpPages.achPersonalPaymentEntryPage.setDataACHPPM is PASSED

05-10-2024T00:04:50 - [TEST_STEP][PASSED] - click(findTestObject("Object Repository/IWP30/Page_Confirmation/ConfirmButton")): Object: 'Object Repository/IWP30/Page_Confirmation/ConfirmButton' is clicked on

05-10-2024T00:04:51 - [MESSAGE][PASSED] - Object: 'Object Repository/IWP30/Page_Confirmation/ConfirmButton' is clicked on

05-10-2024T00:04:51 - [TEST_STEP][PASSED] - Thread.sleep(15000): null

05-10-2024T00:05:07 - [TEST_STEP][PASSED] - if (verifyTextPresent("Make a Real Estate Payment", false)): null

05-10-2024T00:05:07 - [MESSAGE][PASSED] - Text 'Make a Real Estate Payment' is present on page 

05-10-2024T00:05:07 - [TEST_STEP][PASSED] - isRequiredTextPresent = true: null

05-10-2024T00:05:07 - [TEST_STEP][PASSED] - println(isRequiredTextPresent): null

05-10-2024T00:05:07 - [TEST_STEP][PASSED] - if (isRequiredTextPresent): null

05-10-2024T00:05:07 - [TEST_STEP][PASSED] - if (verifyTextPresent("Successful Payment Receipt", false)): null

05-10-2024T00:05:07 - [MESSAGE][PASSED] - Text 'Successful Payment Receipt' is present on page 

05-10-2024T00:05:07 - [TEST_STEP][PASSED] - isRequiredTextPresent = true: null

05-10-2024T00:05:07 - [TEST_STEP][PASSED] - println(isRequiredTextPresent): null

05-10-2024T00:05:07 - [TEST_STEP][PASSED] - if (isRequiredTextPresent): null

05-10-2024T00:05:07 - [TEST_STEP][PASSED] - if (verifyTextPresent("Please print this receipt for your records", false)): null

05-10-2024T00:05:07 - [MESSAGE][PASSED] - Text 'Please print this receipt for your records' is present on page 

05-10-2024T00:05:07 - [TEST_STEP][PASSED] - isRequiredTextPresent = true: null

05-10-2024T00:05:07 - [TEST_STEP][PASSED] - if (isRequiredTextPresent): null

05-10-2024T00:05:07 - [TEST_STEP][PASSED] - if (verifyTextPresent("Remittance ID:", false)): null

05-10-2024T00:05:08 - [MESSAGE][PASSED] - Text 'Remittance ID:' is present on page 

05-10-2024T00:05:08 - [TEST_STEP][PASSED] - isRequiredTextPresent = true: null

05-10-2024T00:05:08 - [TEST_STEP][PASSED] - if (isRequiredTextPresent): null

05-10-2024T00:05:08 - [TEST_STEP][PASSED] - if (verifyTextPresent("Payment ID:", false)): null

05-10-2024T00:05:08 - [MESSAGE][PASSED] - Text 'Payment ID:' is present on page 

05-10-2024T00:05:08 - [TEST_STEP][PASSED] - isRequiredTextPresent = true: null

05-10-2024T00:05:08 - [TEST_STEP][PASSED] - if (isRequiredTextPresent): null

05-10-2024T00:05:08 - [TEST_STEP][PASSED] - if (verifyTextPresent("CAN Label:", false)): null

05-10-2024T00:05:08 - [MESSAGE][PASSED] - Text 'CAN Label:' is present on page 

05-10-2024T00:05:08 - [TEST_STEP][PASSED] - isRequiredTextPresent = true: null

05-10-2024T00:05:08 - [TEST_STEP][PASSED] - if (isRequiredTextPresent): null

05-10-2024T00:05:08 - [TEST_STEP][PASSED] - if (verifyTextPresent("Received:", false)): null

05-10-2024T00:05:08 - [MESSAGE][PASSED] - Text 'Received:' is present on page 

05-10-2024T00:05:08 - [TEST_STEP][PASSED] - isRequiredTextPresent = true: null

05-10-2024T00:05:08 - [TEST_STEP][PASSED] - if (isRequiredTextPresent): null

05-10-2024T00:05:08 - [TEST_STEP][PASSED] - if (verifyTextPresent("UDF1 Label:", false)): null

05-10-2024T00:05:09 - [MESSAGE][PASSED] - Text 'UDF1 Label:' is present on page 

05-10-2024T00:05:09 - [TEST_STEP][PASSED] - isRequiredTextPresent = true: null

05-10-2024T00:05:09 - [TEST_STEP][PASSED] - if (isRequiredTextPresent): null

05-10-2024T00:05:09 - [TEST_STEP][PASSED] - if (verifyTextPresent("UDF2 Label:", false)): null

05-10-2024T00:05:09 - [MESSAGE][PASSED] - Text 'UDF2 Label:' is present on page 

05-10-2024T00:05:09 - [TEST_STEP][PASSED] - isRequiredTextPresent = true: null

05-10-2024T00:05:09 - [TEST_STEP][PASSED] - if (isRequiredTextPresent): null

05-10-2024T00:05:09 - [TEST_STEP][PASSED] - if (verifyTextPresent("UDF3 Label:", false)): null

05-10-2024T00:05:09 - [MESSAGE][PASSED] - Text 'UDF3 Label:' is present on page 

05-10-2024T00:05:09 - [TEST_STEP][PASSED] - isRequiredTextPresent = true: null

05-10-2024T00:05:09 - [TEST_STEP][PASSED] - if (isRequiredTextPresent): null

05-10-2024T00:05:09 - [TEST_STEP][PASSED] - if (verifyTextPresent("UDF4 Label:", false)): null

05-10-2024T00:05:09 - [MESSAGE][PASSED] - Text 'UDF4 Label:' is present on page 

05-10-2024T00:05:09 - [TEST_STEP][PASSED] - isRequiredTextPresent = true: null

05-10-2024T00:05:09 - [TEST_STEP][PASSED] - if (isRequiredTextPresent): null

05-10-2024T00:05:09 - [TEST_STEP][PASSED] - if (verifyTextPresent("UDF6 Label:", false)): null

05-10-2024T00:05:10 - [MESSAGE][PASSED] - Text 'UDF6 Label:' is present on page 

05-10-2024T00:05:10 - [TEST_STEP][PASSED] - isRequiredTextPresent = true: null

05-10-2024T00:05:10 - [TEST_STEP][PASSED] - if (isRequiredTextPresent): null

05-10-2024T00:05:10 - [TEST_STEP][PASSED] - if (verifyTextPresent("UDF7 Label:", false)): null

05-10-2024T00:05:10 - [MESSAGE][PASSED] - Text 'UDF7 Label:' is present on page 

05-10-2024T00:05:10 - [TEST_STEP][PASSED] - isRequiredTextPresent = true: null

05-10-2024T00:05:10 - [TEST_STEP][PASSED] - if (isRequiredTextPresent): null

05-10-2024T00:05:10 - [TEST_STEP][PASSED] - if (verifyTextPresent("UDF8 Label:", false)): null

05-10-2024T00:05:10 - [MESSAGE][PASSED] - Text 'UDF8 Label:' is present on page 

05-10-2024T00:05:10 - [TEST_STEP][PASSED] - isRequiredTextPresent = true: null

05-10-2024T00:05:10 - [TEST_STEP][PASSED] - if (isRequiredTextPresent): null

05-10-2024T00:05:10 - [TEST_STEP][PASSED] - if (verifyTextPresent("UDF9 Label:", false)): null

05-10-2024T00:05:10 - [MESSAGE][PASSED] - Text 'UDF9 Label:' is present on page 

05-10-2024T00:05:10 - [TEST_STEP][PASSED] - isRequiredTextPresent = true: null

05-10-2024T00:05:10 - [TEST_STEP][PASSED] - if (isRequiredTextPresent): null

05-10-2024T00:05:10 - [TEST_STEP][PASSED] - if (verifyTextPresent("Tax Amount:", false)): null

05-10-2024T00:05:11 - [MESSAGE][PASSED] - Text 'Tax Amount:' is present on page 

05-10-2024T00:05:11 - [TEST_STEP][PASSED] - isRequiredTextPresent = true: null

05-10-2024T00:05:11 - [TEST_STEP][PASSED] - if (isRequiredTextPresent): null

05-10-2024T00:05:11 - [TEST_STEP][PASSED] - if (verifyTextPresent("Amount:", false)): null

05-10-2024T00:05:11 - [MESSAGE][PASSED] - Text 'Amount:' is present on page 

05-10-2024T00:05:11 - [TEST_STEP][PASSED] - isRequiredTextPresent = true: null

05-10-2024T00:05:11 - [TEST_STEP][PASSED] - if (isRequiredTextPresent): null

05-10-2024T00:05:11 - [TEST_STEP][PASSED] - if (verifyTextPresent("Transaction Type:", false)): null

05-10-2024T00:05:11 - [MESSAGE][PASSED] - Text 'Transaction Type:' is present on page 

05-10-2024T00:05:11 - [TEST_STEP][PASSED] - isRequiredTextPresent = true: null

05-10-2024T00:05:11 - [TEST_STEP][PASSED] - if (isRequiredTextPresent): null

05-10-2024T00:05:11 - [TEST_STEP][PASSED] - if (verifyTextPresent("Check Information:", false)): null

05-10-2024T00:05:11 - [MESSAGE][PASSED] - Text 'Check Information:' is present on page 

05-10-2024T00:05:11 - [TEST_STEP][PASSED] - isRequiredTextPresent = true: null

05-10-2024T00:05:11 - [TEST_STEP][PASSED] - if (isRequiredTextPresent): null

05-10-2024T00:05:11 - [TEST_STEP][PASSED] - if (verifyTextPresent("Name on Account:", false)): null

05-10-2024T00:05:12 - [MESSAGE][PASSED] - Text 'Name on Account:' is present on page 

05-10-2024T00:05:12 - [TEST_STEP][PASSED] - isRequiredTextPresent = true: null

05-10-2024T00:05:12 - [TEST_STEP][PASSED] - if (isRequiredTextPresent): null

05-10-2024T00:05:12 - [TEST_STEP][PASSED] - if (verifyTextPresent("Routing Number:", false)): null

05-10-2024T00:05:12 - [MESSAGE][PASSED] - Text 'Routing Number:' is present on page 

05-10-2024T00:05:12 - [TEST_STEP][PASSED] - isRequiredTextPresent = true: null

05-10-2024T00:05:12 - [TEST_STEP][PASSED] - if (isRequiredTextPresent): null

05-10-2024T00:05:12 - [TEST_STEP][PASSED] - if (verifyTextPresent("Account Number:", false)): null

05-10-2024T00:05:12 - [MESSAGE][PASSED] - Text 'Account Number:' is present on page 

05-10-2024T00:05:12 - [TEST_STEP][PASSED] - isRequiredTextPresent = true: null

05-10-2024T00:05:12 - [TEST_STEP][PASSED] - if (isRequiredTextPresent): null

05-10-2024T00:05:12 - [TEST_STEP][PASSED] - if (verifyTextPresent("Account Type:", false)): null

05-10-2024T00:05:12 - [MESSAGE][PASSED] - Text 'Account Type:' is present on page 

05-10-2024T00:05:12 - [TEST_STEP][PASSED] - isRequiredTextPresent = true: null

05-10-2024T00:05:12 - [TEST_STEP][PASSED] - if (isRequiredTextPresent): null

05-10-2024T00:05:12 - [TEST_STEP][PASSED] - if (verifyTextPresent("Billing Information:", false)): null

05-10-2024T00:05:13 - [MESSAGE][PASSED] - Text 'Billing Information:' is present on page 

05-10-2024T00:05:13 - [TEST_STEP][PASSED] - isRequiredTextPresent = true: null

05-10-2024T00:05:13 - [TEST_STEP][PASSED] - if (isRequiredTextPresent): null

05-10-2024T00:05:13 - [TEST_STEP][PASSED] - if (verifyTextPresent("Address Line 1:", false)): null

05-10-2024T00:05:13 - [MESSAGE][PASSED] - Text 'Address Line 1:' is present on page 

05-10-2024T00:05:13 - [TEST_STEP][PASSED] - isRequiredTextPresent = true: null

05-10-2024T00:05:13 - [TEST_STEP][PASSED] - if (isRequiredTextPresent): null

05-10-2024T00:05:13 - [TEST_STEP][PASSED] - if (verifyTextPresent("Country:", false)): null

05-10-2024T00:05:13 - [MESSAGE][PASSED] - Text 'Country:' is present on page 

05-10-2024T00:05:13 - [TEST_STEP][PASSED] - isRequiredTextPresent = true: null

05-10-2024T00:05:13 - [TEST_STEP][PASSED] - if (isRequiredTextPresent): null

05-10-2024T00:05:13 - [TEST_STEP][PASSED] - if (verifyTextPresent("City:", false)): null

05-10-2024T00:05:13 - [MESSAGE][PASSED] - Text 'City:' is present on page 

05-10-2024T00:05:13 - [TEST_STEP][PASSED] - isRequiredTextPresent = true: null

05-10-2024T00:05:13 - [TEST_STEP][PASSED] - if (isRequiredTextPresent): null

05-10-2024T00:05:13 - [TEST_STEP][PASSED] - if (verifyTextPresent("State:", false)): null

05-10-2024T00:05:14 - [MESSAGE][PASSED] - Text 'State:' is present on page 

05-10-2024T00:05:14 - [TEST_STEP][PASSED] - isRequiredTextPresent = true: null

05-10-2024T00:05:14 - [TEST_STEP][PASSED] - if (isRequiredTextPresent): null

05-10-2024T00:05:14 - [TEST_STEP][PASSED] - if (verifyTextPresent("ZIP Code:", false)): null

05-10-2024T00:05:14 - [MESSAGE][PASSED] - Text 'ZIP Code:' is present on page 

05-10-2024T00:05:14 - [TEST_STEP][PASSED] - isRequiredTextPresent = true: null

05-10-2024T00:05:14 - [TEST_STEP][PASSED] - if (isRequiredTextPresent): null

05-10-2024T00:05:14 - [TEST_STEP][PASSED] - if (verifyTextPresent("Please click here to make another payment.", false)): null

05-10-2024T00:05:14 - [MESSAGE][PASSED] - Text 'Please click here to make another payment.' is present on page 

05-10-2024T00:05:14 - [TEST_STEP][PASSED] - isRequiredTextPresent = true: null

05-10-2024T00:05:14 - [TEST_STEP][PASSED] - if (isRequiredTextPresent == true): pages.WriteExcel.demoKey is PASSED

05-10-2024T00:05:14 - [TEST_STEP][PASSED] - println("All the relevant texts are present on Receipt Page"): null

05-10-2024T00:05:14 - [TEST_STEP][PASSED] - markPassed("All the relevant texts are present on Receipt Page"): All the relevant texts are present on Receipt Page

05-10-2024T00:05:14 - [MESSAGE][PASSED] - All the relevant texts are present on Receipt Page

05-10-2024T00:05:14 - [TEST_STEP][PASSED] - resText = "Pass": null

05-10-2024T00:05:14 - [TEST_STEP][PASSED] - pages.WriteExcel.demoKey(resText, datText, resColumn, datCloumn, fileLoc, nameSheet, row): pages.WriteExcel.demoKey is PASSED

05-10-2024T00:05:14 - [MESSAGE][PASSED] - pages.WriteExcel.demoKey is PASSED

05-10-2024T00:05:14 - [TEST_STEP][PASSED] - closeBrowser(): Browser is closed

05-10-2024T00:05:15 - [MESSAGE][PASSED] - Browser is closed]]></system-out>
         <system-err><![CDATA[]]></system-err>
      </testcase>
      <testcase name="Test Cases/IntegratedWeb/IWP25/Payments/CCAutoPayCorp" time="75.709" classname="Test Cases/IntegratedWeb/IWP25/Payments/CCAutoPayCorp" status="PASSED">
         <system-out><![CDATA[05-10-2024T00:05:15 - [TEST_CASE][PASSED] - Test Cases/IntegratedWeb/IWP25/Payments/CCAutoPayCorp: Test Cases/IntegratedWeb/IWP25/Payments/CCAutoPayCorp

05-10-2024T00:05:15 - [TEST_STEP][PASSED] - resText = "Fail": null

05-10-2024T00:05:15 - [TEST_STEP][PASSED] - resColumn = "Result": null

05-10-2024T00:05:15 - [TEST_STEP][PASSED] - datCloumn = "Date": null

05-10-2024T00:05:15 - [TEST_STEP][PASSED] - fileLoc = "KatalonData/IWPTestData/VRelay25PaymentsExtension.xlsx": null

05-10-2024T00:05:15 - [TEST_STEP][PASSED] - numOfRows = <not implemented yet for class: org.codehaus.groovy.ast.expr.EmptyExpression>: null

05-10-2024T00:05:15 - [TEST_STEP][PASSED] - dataFile = <not implemented yet for class: org.codehaus.groovy.ast.expr.EmptyExpression>: null

05-10-2024T00:05:15 - [TEST_STEP][PASSED] - nameSheet = <not implemented yet for class: org.codehaus.groovy.ast.expr.EmptyExpression>: null

05-10-2024T00:05:15 - [TEST_STEP][PASSED] - dataFileEmulator = <not implemented yet for class: org.codehaus.groovy.ast.expr.EmptyExpression>: null

05-10-2024T00:05:15 - [TEST_STEP][PASSED] - isRequiredTextPresent = false: null

05-10-2024T00:05:15 - [TEST_STEP][PASSED] - nameSheet = "CCAutoPayPlanCorp": null

05-10-2024T00:05:15 - [TEST_STEP][PASSED] - dataFile = getExcelDataWithDefaultSheet("KatalonData/IWPTestData/VRelay25PaymentsExtension.xlsx", nameSheet, true): null

05-10-2024T00:05:15 - [TEST_STEP][PASSED] - dataFileEmulator = "IWPTestData/EmulatorData": null

05-10-2024T00:05:15 - [TEST_STEP][PASSED] - numOfRows = dataFile.getRowNumbers(): null

05-10-2024T00:05:15 - [TEST_STEP][PASSED] - println("Number of Records: " + numOfRows): null

05-10-2024T00:05:15 - [TEST_STEP][PASSED] - columnNames = dataFile.getColumnNames(): null

05-10-2024T00:05:15 - [TEST_STEP][PASSED] - println(columnNames[0]): null

05-10-2024T00:05:15 - [TEST_STEP][PASSED] - for ([row = 1, row <= numOfRows, (row++)]): Browser is closed

05-10-2024T00:05:15 - [TEST_STEP][PASSED] - ExecuteTC = dataFile.getValue("Execute", row): null

05-10-2024T00:05:15 - [TEST_STEP][PASSED] - out.println("Value of Execute is : " + ExecuteTC): null

05-10-2024T00:05:15 - [TEST_STEP][PASSED] - if (ExecuteTC.equalsIgnoreCase("Y")): null

05-10-2024T00:05:15 - [TEST_STEP][PASSED] - out.println("Begin Record Number: " + row): null

05-10-2024T00:05:15 - [TEST_STEP][PASSED] - today = new java.util.Date(): null

05-10-2024T00:05:15 - [TEST_STEP][PASSED] - println(today): null

05-10-2024T00:05:15 - [TEST_STEP][PASSED] - datText = today: null

05-10-2024T00:05:15 - [TEST_STEP][PASSED] - EmulatorDataKey = dataFile.getValue("EmulatorData", row): null

05-10-2024T00:05:15 - [TEST_STEP][PASSED] - out.println("Value of Emulator Key is : " + EmulatorDataKey): null

05-10-2024T00:05:15 - [TEST_STEP][PASSED] - iwpPages.emulatorIWP30.setDataEmulator_DD(EmulatorDataKey): iwpPages.emulatorIWP30.setDataEmulator_DD is PASSED

05-10-2024T00:05:16 - [MESSAGE][INFO] - Starting 'Edge Chromium' driver

05-10-2024T00:05:16 - [MESSAGE][INFO] - User set preference: ['acceptInsecureCerts', 'true']

05-10-2024T00:05:18 - [MESSAGE][INFO] - Action delay is set to 0 milliseconds

05-10-2024T00:05:21 - [MESSAGE][PASSED] - Browser is opened with url: 'https://qa.velocitypayment.com/agency/config.do?action=editor&message_version=2_5'

05-10-2024T00:05:21 - [MESSAGE][PASSED] - Current window maximized

05-10-2024T00:05:22 - [MESSAGE][PASSED] - All options with value '2.5' are selected in object 'Object Repository/IWP30/Page_VRelay30Emulator/MV'  using regular expression

05-10-2024T00:05:23 - [MESSAGE][PASSED] - Text '10.50' is set on object 'Object Repository/IWP30/Page_VRelay30Emulator/Amount'

05-10-2024T00:05:24 - [MESSAGE][PASSED] - Text '3xSkyEoGXthy' is set on object 'Object Repository/IWP30/Page_VRelay30Emulator/CAN'

05-10-2024T00:05:24 - [MESSAGE][PASSED] - Text 'AutoPay' is set on object 'Object Repository/IWP30/Page_VRelay30Emulator/Action'

05-10-2024T00:05:25 - [MESSAGE][PASSED] - Text 'en_US' is set on object 'Object Repository/IWP30/Page_VRelay30Emulator/Lang'

05-10-2024T00:05:26 - [MESSAGE][PASSED] - Text '' is set on object 'Object Repository/IWP30/Page_VRelay30Emulator/Fname'

05-10-2024T00:05:26 - [MESSAGE][PASSED] - Text '' is set on object 'Object Repository/IWP30/Page_VRelay30Emulator/Lname'

05-10-2024T00:05:27 - [MESSAGE][PASSED] - Text '' is set on object 'Object Repository/IWP30/Page_VRelay30Emulator/AL1'

05-10-2024T00:05:27 - [MESSAGE][PASSED] - Text '' is set on object 'Object Repository/IWP30/Page_VRelay30Emulator/AL2'

05-10-2024T00:05:28 - [MESSAGE][PASSED] - Text '' is set on object 'Object Repository/IWP30/Page_VRelay30Emulator/Country'

05-10-2024T00:05:29 - [MESSAGE][PASSED] - Text '' is set on object 'Object Repository/IWP30/Page_VRelay30Emulator/City'

05-10-2024T00:05:29 - [MESSAGE][PASSED] - Text '' is set on object 'Object Repository/IWP30/Page_VRelay30Emulator/State'

05-10-2024T00:05:30 - [MESSAGE][PASSED] - Text '' is set on object 'Object Repository/IWP30/Page_VRelay30Emulator/ZIP'

05-10-2024T00:05:30 - [MESSAGE][PASSED] - Text '' is set on object 'Object Repository/IWP30/Page_VRelay30Emulator/Order'

05-10-2024T00:05:31 - [MESSAGE][PASSED] - Text '' is set on object 'Object Repository/IWP30/Page_VRelay30Emulator/Company'

05-10-2024T00:05:31 - [MESSAGE][PASSED] - Text '' is set on object 'Object Repository/IWP30/Page_VRelay30Emulator/Email'

05-10-2024T00:05:32 - [MESSAGE][PASSED] - Text '' is set on object 'Object Repository/IWP30/Page_VRelay30Emulator/UDF1'

05-10-2024T00:05:33 - [MESSAGE][PASSED] - Text '' is set on object 'Object Repository/IWP30/Page_VRelay30Emulator/UDF2'

05-10-2024T00:05:33 - [MESSAGE][PASSED] - Text '' is set on object 'Object Repository/IWP30/Page_VRelay30Emulator/UDF3'

05-10-2024T00:05:34 - [MESSAGE][PASSED] - Text 'udf data 4' is set on object 'Object Repository/IWP30/Page_VRelay30Emulator/UDF4'

05-10-2024T00:05:34 - [MESSAGE][PASSED] - Text 'udf data 5' is set on object 'Object Repository/IWP30/Page_VRelay30Emulator/UDF5'

05-10-2024T00:05:35 - [MESSAGE][PASSED] - Text '' is set on object 'Object Repository/IWP30/Page_VRelay30Emulator/UDF6'

05-10-2024T00:05:36 - [MESSAGE][PASSED] - Text '' is set on object 'Object Repository/IWP30/Page_VRelay30Emulator/UDF7'

05-10-2024T00:05:36 - [MESSAGE][PASSED] - Text '' is set on object 'Object Repository/IWP30/Page_VRelay30Emulator/UDF8'

05-10-2024T00:05:37 - [MESSAGE][PASSED] - Text 'udf data 9' is set on object 'Object Repository/IWP30/Page_VRelay30Emulator/UDF9'

05-10-2024T00:05:37 - [MESSAGE][PASSED] - Text 'udf data 10' is set on object 'Object Repository/IWP30/Page_VRelay30Emulator/UDF10'

05-10-2024T00:05:39 - [MESSAGE][PASSED] - Object: 'Object Repository/IWP30/Page_VRelay30Emulator/Submit' is clicked on

05-10-2024T00:05:43 - [MESSAGE][PASSED] - Browser is closed

05-10-2024T00:05:47 - [MESSAGE][PASSED] - iwpPages.emulatorIWP30.setDataEmulator_DD is PASSED

05-10-2024T00:05:47 - [TEST_STEP][PASSED] - testHarnessURL = urlTestHarness: null

05-10-2024T00:05:47 - [TEST_STEP][PASSED] - openBrowser(testHarnessURL): Browser is opened with url: 'https://dev-algorithm.govolution.com/vrelaytest/QA/version_2_2/vrelaytest.html'

05-10-2024T00:05:47 - [MESSAGE][INFO] - Starting 'Edge Chromium' driver

05-10-2024T00:05:47 - [MESSAGE][INFO] - User set preference: ['acceptInsecureCerts', 'true']

05-10-2024T00:05:49 - [MESSAGE][INFO] - Action delay is set to 0 milliseconds

05-10-2024T00:05:53 - [MESSAGE][PASSED] - Browser is opened with url: 'https://dev-algorithm.govolution.com/vrelaytest/QA/version_2_2/vrelaytest.html'

05-10-2024T00:05:53 - [TEST_STEP][PASSED] - maximizeWindow(): Current window maximized

05-10-2024T00:05:53 - [MESSAGE][PASSED] - Current window maximized

05-10-2024T00:05:53 - [TEST_STEP][PASSED] - iwpPages.TestHarnessPage.setDataMethodEF(row, dataFile): iwpPages.TestHarnessPage.setDataMethodEF is PASSED

05-10-2024T00:05:53 - [MESSAGE][PASSED] - Object 'Object Repository/IWP30/Page_QATestHarness/RemittanceID' is present

05-10-2024T00:05:54 - [MESSAGE][PASSED] - Text '638' is set on object 'Object Repository/IWP30/Page_QATestHarness/ApplicationID'

05-10-2024T00:05:54 - [MESSAGE][PASSED] - Text '2.5' is set on object 'Object Repository/IWP30/Page_QATestHarness/MessageVersion'

05-10-2024T00:05:55 - [MESSAGE][PASSED] - Text 'vGSI2dPJpIir' is set on object 'Object Repository/IWP30/Page_QATestHarness/RemittanceID'

05-10-2024T00:05:58 - [MESSAGE][PASSED] - Object: 'Object Repository/IWP30/Page_QATestHarness/SubmitButton' is clicked on

05-10-2024T00:05:58 - [MESSAGE][PASSED] - iwpPages.TestHarnessPage.setDataMethodEF is PASSED

05-10-2024T00:05:58 - [TEST_STEP][PASSED] - click(findTestObject("Object Repository/IWP30/Page_SelectPaymentMethod/PayByCorporateCheck")): Object: 'Object Repository/IWP30/Page_SelectPaymentMethod/PayByCorporateCheck' is clicked on

05-10-2024T00:05:58 - [MESSAGE][PASSED] - Object: 'Object Repository/IWP30/Page_SelectPaymentMethod/PayByCorporateCheck' is clicked on

05-10-2024T00:05:58 - [TEST_STEP][PASSED] - click(findTestObject("Object Repository/IWP30/Page_SelectPaymentMethod/MakePaymentButton")): Object: 'Object Repository/IWP30/Page_SelectPaymentMethod/MakePaymentButton' is clicked on

05-10-2024T00:06:00 - [MESSAGE][PASSED] - Object: 'Object Repository/IWP30/Page_SelectPaymentMethod/MakePaymentButton' is clicked on

05-10-2024T00:06:00 - [TEST_STEP][PASSED] - iwpPages.achCorporatePaymentEntryPage.setDataCorporate(row, dataFile): iwpPages.achCorporatePaymentEntryPage.setDataCorporate is PASSED

05-10-2024T00:06:00 - [MESSAGE][PASSED] - Object 'Object Repository/IWP30/Page_ACHCorporatePaymentEntry/txt_accountNumber' is present

05-10-2024T00:06:01 - [MESSAGE][PASSED] - Object 'Object Repository/IWP30/Page_ACHCorporatePaymentEntry/input_CompanyName' is present

05-10-2024T00:06:01 - [MESSAGE][PASSED] - Text 'My Company' is set on object 'Object Repository/IWP30/Page_ACHCorporatePaymentEntry/input_CompanyName'

05-10-2024T00:06:01 - [MESSAGE][PASSED] - Object 'Object Repository/IWP30/Page_ACHCorporatePaymentEntry/input_EIN' is present

05-10-2024T00:06:02 - [MESSAGE][PASSED] - Text '123456789' is set on object 'Object Repository/IWP30/Page_ACHCorporatePaymentEntry/input_EIN'

05-10-2024T00:06:03 - [MESSAGE][PASSED] - Text 'udf data 2' is set on object 'Object Repository/IWP30/Page_ACHCorporatePaymentEntry/txt_UDF2'

05-10-2024T00:06:03 - [MESSAGE][PASSED] - Text 'udf data 3' is set on object 'Object Repository/IWP30/Page_ACHCorporatePaymentEntry/txt_UDF3'

05-10-2024T00:06:04 - [MESSAGE][PASSED] - All options with label 'Orange' are selected in object 'Object Repository/IWP30/Page_ACHCorporatePaymentEntry/dd_UDF7' 

05-10-2024T00:06:04 - [MESSAGE][PASSED] - All options with label 'Soccer' are selected in object 'Object Repository/IWP30/Page_ACHCorporatePaymentEntry/dd_UDF8' 

05-10-2024T00:06:05 - [MESSAGE][PASSED] - Object 'Object Repository/IWP30/Page_ACHCorporatePaymentEntry/txt_routingNumber' is present

05-10-2024T00:06:05 - [MESSAGE][PASSED] - Text '256072691' is set on object 'Object Repository/IWP30/Page_ACHCorporatePaymentEntry/txt_routingNumber'

05-10-2024T00:06:05 - [MESSAGE][PASSED] - Object 'Object Repository/IWP30/Page_ACHCorporatePaymentEntry/txt_accountNumber' is present

05-10-2024T00:06:07 - [MESSAGE][PASSED] - Text '12344444' is set on object 'Object Repository/IWP30/Page_ACHCorporatePaymentEntry/txt_accountNumber'

05-10-2024T00:06:07 - [MESSAGE][PASSED] - Object 'Object Repository/IWP30/Page_ACHCorporatePaymentEntry/txt_confirmAccountNumber' is present

05-10-2024T00:06:08 - [MESSAGE][PASSED] - Text '12344444' is set on object 'Object Repository/IWP30/Page_ACHCorporatePaymentEntry/txt_confirmAccountNumber'

05-10-2024T00:06:08 - [MESSAGE][PASSED] - Text '365 Main Avenue' is set on object 'Object Repository/IWP30/Page_ACHCorporatePaymentEntry/txt_AL1'

05-10-2024T00:06:09 - [MESSAGE][PASSED] - Text '22201' is set on object 'Object Repository/IWP30/Page_ACHCorporatePaymentEntry/txt_ZIP'

05-10-2024T00:06:09 - [MESSAGE][PASSED] - Object 'Object Repository/IWP30/Page_ACHCorporatePaymentEntry/txt_Email' is present

05-10-2024T00:06:10 - [MESSAGE][PASSED] - Text 'iahmed@govolution.com' is set on object 'Object Repository/IWP30/Page_ACHCorporatePaymentEntry/txt_Email'

05-10-2024T00:06:10 - [MESSAGE][PASSED] - Object 'Object Repository/IWP30/Page_ACHCorporatePaymentEntry/cb_TermsAndCond' is present

05-10-2024T00:06:11 - [MESSAGE][PASSED] - Object: 'Object Repository/IWP30/Page_ACHCorporatePaymentEntry/cb_TermsAndCond' is clicked on

05-10-2024T00:06:11 - [MESSAGE][PASSED] - Object 'Object Repository/IWP30/Page_ACHCorporatePaymentEntry/btn_Continue' is present

05-10-2024T00:06:12 - [MESSAGE][PASSED] - Object: 'Object Repository/IWP30/Page_ACHCorporatePaymentEntry/btn_Continue' is clicked on

05-10-2024T00:06:12 - [MESSAGE][PASSED] - iwpPages.achCorporatePaymentEntryPage.setDataCorporate is PASSED

05-10-2024T00:06:12 - [TEST_STEP][PASSED] - click(findTestObject("Object Repository/IWP30/Page_Confirmation/ConfirmButton")): Object: 'Object Repository/IWP30/Page_Confirmation/ConfirmButton' is clicked on

05-10-2024T00:06:14 - [MESSAGE][PASSED] - Object: 'Object Repository/IWP30/Page_Confirmation/ConfirmButton' is clicked on

05-10-2024T00:06:14 - [TEST_STEP][PASSED] - Thread.sleep(2000): null

05-10-2024T00:06:16 - [TEST_STEP][PASSED] - if (verifyTextPresent("AutoPay", false)): null

05-10-2024T00:06:16 - [MESSAGE][PASSED] - Text 'AutoPay' is present on page 

05-10-2024T00:06:16 - [TEST_STEP][PASSED] - println("Autopay is present on page. Autopay is created"): null

05-10-2024T00:06:16 - [TEST_STEP][PASSED] - openBrowser(testHarnessURL): Browser is opened with url: 'https://dev-algorithm.govolution.com/vrelaytest/QA/version_2_2/vrelaytest.html'

05-10-2024T00:06:16 - [MESSAGE][WARNING] - A browser is already opened. Closing browser and opening a new one

05-10-2024T00:06:17 - [MESSAGE][INFO] - Starting 'Edge Chromium' driver

05-10-2024T00:06:17 - [MESSAGE][INFO] - User set preference: ['acceptInsecureCerts', 'true']

05-10-2024T00:06:19 - [MESSAGE][INFO] - Action delay is set to 0 milliseconds

05-10-2024T00:06:22 - [MESSAGE][PASSED] - Browser is opened with url: 'https://dev-algorithm.govolution.com/vrelaytest/QA/version_2_2/vrelaytest.html'

05-10-2024T00:06:22 - [TEST_STEP][PASSED] - maximizeWindow(): Current window maximized

05-10-2024T00:06:22 - [MESSAGE][PASSED] - Current window maximized

05-10-2024T00:06:22 - [TEST_STEP][PASSED] - iwpPages.TestHarnessPage.setDataMethodEF(row, dataFile): iwpPages.TestHarnessPage.setDataMethodEF is PASSED

05-10-2024T00:06:22 - [MESSAGE][PASSED] - Object 'Object Repository/IWP30/Page_QATestHarness/RemittanceID' is present

05-10-2024T00:06:23 - [MESSAGE][PASSED] - Text '638' is set on object 'Object Repository/IWP30/Page_QATestHarness/ApplicationID'

05-10-2024T00:06:24 - [MESSAGE][PASSED] - Text '2.5' is set on object 'Object Repository/IWP30/Page_QATestHarness/MessageVersion'

05-10-2024T00:06:24 - [MESSAGE][PASSED] - Text 'YzArsnm2lSHG' is set on object 'Object Repository/IWP30/Page_QATestHarness/RemittanceID'

05-10-2024T00:06:27 - [MESSAGE][PASSED] - Object: 'Object Repository/IWP30/Page_QATestHarness/SubmitButton' is clicked on

05-10-2024T00:06:27 - [MESSAGE][PASSED] - iwpPages.TestHarnessPage.setDataMethodEF is PASSED

05-10-2024T00:06:27 - [TEST_STEP][PASSED] - click(findTestObject("Object Repository/IWP30/Page_ManagePlan_Autopay/btn_cancel")): Object: 'Object Repository/IWP30/Page_ManagePlan_Autopay/btn_cancel' is clicked on

05-10-2024T00:06:28 - [MESSAGE][PASSED] - Object: 'Object Repository/IWP30/Page_ManagePlan_Autopay/btn_cancel' is clicked on

05-10-2024T00:06:28 - [TEST_STEP][PASSED] - click(findTestObject("Object Repository/IWP30/Page_CancelPlan/btn_cancel")): Object: 'Object Repository/IWP30/Page_CancelPlan/btn_cancel' is clicked on

05-10-2024T00:06:29 - [MESSAGE][PASSED] - Object: 'Object Repository/IWP30/Page_CancelPlan/btn_cancel' is clicked on

05-10-2024T00:06:29 - [TEST_STEP][PASSED] - if (verifyTextPresent("Your payment plan has been cancelled successfully", false)): null

05-10-2024T00:06:30 - [MESSAGE][PASSED] - Text 'Your payment plan has been cancelled successfully' is present on page 

05-10-2024T00:06:30 - [TEST_STEP][PASSED] - markPassed("Your payment plan has been successfully created and canceled"): Your payment plan has been successfully created and canceled

05-10-2024T00:06:30 - [MESSAGE][PASSED] - Your payment plan has been successfully created and canceled

05-10-2024T00:06:30 - [TEST_STEP][PASSED] - resText = "Pass": null

05-10-2024T00:06:30 - [TEST_STEP][PASSED] - println(row): null

05-10-2024T00:06:30 - [TEST_STEP][PASSED] - pages.WriteExcel.demoKey(resText, datText, resColumn, datCloumn, fileLoc, nameSheet, row): pages.WriteExcel.demoKey is PASSED

05-10-2024T00:06:30 - [MESSAGE][PASSED] - pages.WriteExcel.demoKey is PASSED

05-10-2024T00:06:30 - [TEST_STEP][PASSED] - closeBrowser(): Browser is closed

05-10-2024T00:06:31 - [MESSAGE][PASSED] - Browser is closed]]></system-out>
         <system-err><![CDATA[]]></system-err>
      </testcase>
      <testcase name="Test Cases/IntegratedWeb/IWP25/Payments/CCAutoPayCredit" time="75.98" classname="Test Cases/IntegratedWeb/IWP25/Payments/CCAutoPayCredit" status="PASSED">
         <system-out><![CDATA[05-10-2024T00:06:31 - [TEST_CASE][PASSED] - Test Cases/IntegratedWeb/IWP25/Payments/CCAutoPayCredit: Test Cases/IntegratedWeb/IWP25/Payments/CCAutoPayCredit

05-10-2024T00:06:31 - [TEST_STEP][PASSED] - resText = "Fail": null

05-10-2024T00:06:31 - [TEST_STEP][PASSED] - resColumn = "Result": null

05-10-2024T00:06:31 - [TEST_STEP][PASSED] - datCloumn = "Date": null

05-10-2024T00:06:31 - [TEST_STEP][PASSED] - fileLoc = "KatalonData/IWPTestData/VRelay25PaymentsExtension.xlsx": null

05-10-2024T00:06:31 - [TEST_STEP][PASSED] - numOfRows = <not implemented yet for class: org.codehaus.groovy.ast.expr.EmptyExpression>: null

05-10-2024T00:06:31 - [TEST_STEP][PASSED] - dataFile = <not implemented yet for class: org.codehaus.groovy.ast.expr.EmptyExpression>: null

05-10-2024T00:06:31 - [TEST_STEP][PASSED] - nameSheet = <not implemented yet for class: org.codehaus.groovy.ast.expr.EmptyExpression>: null

05-10-2024T00:06:31 - [TEST_STEP][PASSED] - dataFileEmulator = <not implemented yet for class: org.codehaus.groovy.ast.expr.EmptyExpression>: null

05-10-2024T00:06:31 - [TEST_STEP][PASSED] - isRequiredTextPresent = false: null

05-10-2024T00:06:31 - [TEST_STEP][PASSED] - nameSheet = "CCAutoPayPlanCredit": null

05-10-2024T00:06:31 - [TEST_STEP][PASSED] - dataFile = getExcelDataWithDefaultSheet("KatalonData/IWPTestData/VRelay25PaymentsExtension.xlsx", nameSheet, true): null

05-10-2024T00:06:31 - [TEST_STEP][PASSED] - dataFileEmulator = "IWPTestData/EmulatorData": null

05-10-2024T00:06:31 - [TEST_STEP][PASSED] - numOfRows = dataFile.getRowNumbers(): null

05-10-2024T00:06:31 - [TEST_STEP][PASSED] - println("Number of Records: " + numOfRows): null

05-10-2024T00:06:31 - [TEST_STEP][PASSED] - columnNames = dataFile.getColumnNames(): null

05-10-2024T00:06:31 - [TEST_STEP][PASSED] - println(columnNames[0]): null

05-10-2024T00:06:31 - [TEST_STEP][PASSED] - for ([row = 1, row <= numOfRows, (row++)]): Browser is closed

05-10-2024T00:06:31 - [TEST_STEP][PASSED] - ExecuteTC = dataFile.getValue("Execute", row): null

05-10-2024T00:06:31 - [TEST_STEP][PASSED] - out.println("Value of Execute is : " + ExecuteTC): null

05-10-2024T00:06:31 - [TEST_STEP][PASSED] - if (ExecuteTC.equalsIgnoreCase("Y")): null

05-10-2024T00:06:31 - [TEST_STEP][PASSED] - out.println("Begin Record Number: " + row): null

05-10-2024T00:06:31 - [TEST_STEP][PASSED] - today = new java.util.Date(): null

05-10-2024T00:06:31 - [TEST_STEP][PASSED] - println(today): null

05-10-2024T00:06:31 - [TEST_STEP][PASSED] - datText = today: null

05-10-2024T00:06:31 - [TEST_STEP][PASSED] - EmulatorDataKey = dataFile.getValue("EmulatorData", row): null

05-10-2024T00:06:31 - [TEST_STEP][PASSED] - out.println("Value of Emulator Key is : " + EmulatorDataKey): null

05-10-2024T00:06:31 - [TEST_STEP][PASSED] - iwpPages.emulatorIWP30.setDataEmulator_DD(EmulatorDataKey): iwpPages.emulatorIWP30.setDataEmulator_DD is PASSED

05-10-2024T00:06:31 - [MESSAGE][INFO] - Starting 'Edge Chromium' driver

05-10-2024T00:06:31 - [MESSAGE][INFO] - User set preference: ['acceptInsecureCerts', 'true']

05-10-2024T00:06:33 - [MESSAGE][INFO] - Action delay is set to 0 milliseconds

05-10-2024T00:06:37 - [MESSAGE][PASSED] - Browser is opened with url: 'https://qa.velocitypayment.com/agency/config.do?action=editor&message_version=2_5'

05-10-2024T00:06:37 - [MESSAGE][PASSED] - Current window maximized

05-10-2024T00:06:37 - [MESSAGE][PASSED] - All options with value '2.5' are selected in object 'Object Repository/IWP30/Page_VRelay30Emulator/MV'  using regular expression

05-10-2024T00:06:38 - [MESSAGE][PASSED] - Text '10.50' is set on object 'Object Repository/IWP30/Page_VRelay30Emulator/Amount'

05-10-2024T00:06:39 - [MESSAGE][PASSED] - Text 'ygeagRi5M3x5' is set on object 'Object Repository/IWP30/Page_VRelay30Emulator/CAN'

05-10-2024T00:06:39 - [MESSAGE][PASSED] - Text 'AutoPay' is set on object 'Object Repository/IWP30/Page_VRelay30Emulator/Action'

05-10-2024T00:06:40 - [MESSAGE][PASSED] - Text 'en_US' is set on object 'Object Repository/IWP30/Page_VRelay30Emulator/Lang'

05-10-2024T00:06:41 - [MESSAGE][PASSED] - Text '' is set on object 'Object Repository/IWP30/Page_VRelay30Emulator/Fname'

05-10-2024T00:06:41 - [MESSAGE][PASSED] - Text '' is set on object 'Object Repository/IWP30/Page_VRelay30Emulator/Lname'

05-10-2024T00:06:42 - [MESSAGE][PASSED] - Text '' is set on object 'Object Repository/IWP30/Page_VRelay30Emulator/AL1'

05-10-2024T00:06:42 - [MESSAGE][PASSED] - Text '' is set on object 'Object Repository/IWP30/Page_VRelay30Emulator/AL2'

05-10-2024T00:06:43 - [MESSAGE][PASSED] - Text '' is set on object 'Object Repository/IWP30/Page_VRelay30Emulator/Country'

05-10-2024T00:06:43 - [MESSAGE][PASSED] - Text '' is set on object 'Object Repository/IWP30/Page_VRelay30Emulator/City'

05-10-2024T00:06:44 - [MESSAGE][PASSED] - Text '' is set on object 'Object Repository/IWP30/Page_VRelay30Emulator/State'

05-10-2024T00:06:45 - [MESSAGE][PASSED] - Text '' is set on object 'Object Repository/IWP30/Page_VRelay30Emulator/ZIP'

05-10-2024T00:06:45 - [MESSAGE][PASSED] - Text '' is set on object 'Object Repository/IWP30/Page_VRelay30Emulator/Order'

05-10-2024T00:06:46 - [MESSAGE][PASSED] - Text '' is set on object 'Object Repository/IWP30/Page_VRelay30Emulator/Company'

05-10-2024T00:06:46 - [MESSAGE][PASSED] - Text '' is set on object 'Object Repository/IWP30/Page_VRelay30Emulator/Email'

05-10-2024T00:06:47 - [MESSAGE][PASSED] - Text '' is set on object 'Object Repository/IWP30/Page_VRelay30Emulator/UDF1'

05-10-2024T00:06:47 - [MESSAGE][PASSED] - Text '' is set on object 'Object Repository/IWP30/Page_VRelay30Emulator/UDF2'

05-10-2024T00:06:48 - [MESSAGE][PASSED] - Text '' is set on object 'Object Repository/IWP30/Page_VRelay30Emulator/UDF3'

05-10-2024T00:06:49 - [MESSAGE][PASSED] - Text 'udf data 4' is set on object 'Object Repository/IWP30/Page_VRelay30Emulator/UDF4'

05-10-2024T00:06:49 - [MESSAGE][PASSED] - Text 'udf data 5' is set on object 'Object Repository/IWP30/Page_VRelay30Emulator/UDF5'

05-10-2024T00:06:50 - [MESSAGE][PASSED] - Text '' is set on object 'Object Repository/IWP30/Page_VRelay30Emulator/UDF6'

05-10-2024T00:06:50 - [MESSAGE][PASSED] - Text '' is set on object 'Object Repository/IWP30/Page_VRelay30Emulator/UDF7'

05-10-2024T00:06:51 - [MESSAGE][PASSED] - Text '' is set on object 'Object Repository/IWP30/Page_VRelay30Emulator/UDF8'

05-10-2024T00:06:51 - [MESSAGE][PASSED] - Text 'udf data 9' is set on object 'Object Repository/IWP30/Page_VRelay30Emulator/UDF9'

05-10-2024T00:06:52 - [MESSAGE][PASSED] - Text 'udf data 10' is set on object 'Object Repository/IWP30/Page_VRelay30Emulator/UDF10'

05-10-2024T00:06:53 - [MESSAGE][PASSED] - Object: 'Object Repository/IWP30/Page_VRelay30Emulator/Submit' is clicked on

05-10-2024T00:06:58 - [MESSAGE][PASSED] - Browser is closed

05-10-2024T00:07:02 - [MESSAGE][PASSED] - iwpPages.emulatorIWP30.setDataEmulator_DD is PASSED

05-10-2024T00:07:02 - [TEST_STEP][PASSED] - testHarnessURL = urlTestHarness: null

05-10-2024T00:07:02 - [TEST_STEP][PASSED] - openBrowser(testHarnessURL): Browser is opened with url: 'https://dev-algorithm.govolution.com/vrelaytest/QA/version_2_2/vrelaytest.html'

05-10-2024T00:07:02 - [MESSAGE][INFO] - Starting 'Edge Chromium' driver

05-10-2024T00:07:02 - [MESSAGE][INFO] - User set preference: ['acceptInsecureCerts', 'true']

05-10-2024T00:07:04 - [MESSAGE][INFO] - Action delay is set to 0 milliseconds

05-10-2024T00:07:07 - [MESSAGE][PASSED] - Browser is opened with url: 'https://dev-algorithm.govolution.com/vrelaytest/QA/version_2_2/vrelaytest.html'

05-10-2024T00:07:07 - [TEST_STEP][PASSED] - maximizeWindow(): Current window maximized

05-10-2024T00:07:08 - [MESSAGE][PASSED] - Current window maximized

05-10-2024T00:07:08 - [TEST_STEP][PASSED] - iwpPages.TestHarnessPage.setDataMethodEF(row, dataFile): iwpPages.TestHarnessPage.setDataMethodEF is PASSED

05-10-2024T00:07:08 - [MESSAGE][PASSED] - Object 'Object Repository/IWP30/Page_QATestHarness/RemittanceID' is present

05-10-2024T00:07:08 - [MESSAGE][PASSED] - Text '638' is set on object 'Object Repository/IWP30/Page_QATestHarness/ApplicationID'

05-10-2024T00:07:09 - [MESSAGE][PASSED] - Text '2.5' is set on object 'Object Repository/IWP30/Page_QATestHarness/MessageVersion'

05-10-2024T00:07:10 - [MESSAGE][PASSED] - Text 'hbzyrERPTL9A' is set on object 'Object Repository/IWP30/Page_QATestHarness/RemittanceID'

05-10-2024T00:07:13 - [MESSAGE][PASSED] - Object: 'Object Repository/IWP30/Page_QATestHarness/SubmitButton' is clicked on

05-10-2024T00:07:13 - [MESSAGE][PASSED] - iwpPages.TestHarnessPage.setDataMethodEF is PASSED

05-10-2024T00:07:13 - [TEST_STEP][PASSED] - click(findTestObject("Object Repository/IWP30/Page_SelectPaymentMethod/PayByCreditCard")): Object: 'Object Repository/IWP30/Page_SelectPaymentMethod/PayByCreditCard' is clicked on

05-10-2024T00:07:13 - [MESSAGE][PASSED] - Object: 'Object Repository/IWP30/Page_SelectPaymentMethod/PayByCreditCard' is clicked on

05-10-2024T00:07:13 - [TEST_STEP][PASSED] - click(findTestObject("Object Repository/IWP30/Page_SelectPaymentMethod/MakePaymentButton")): Object: 'Object Repository/IWP30/Page_SelectPaymentMethod/MakePaymentButton' is clicked on

05-10-2024T00:07:15 - [MESSAGE][PASSED] - Object: 'Object Repository/IWP30/Page_SelectPaymentMethod/MakePaymentButton' is clicked on

05-10-2024T00:07:15 - [TEST_STEP][PASSED] - iwpPages.ccPaymentEntryPage.setDataCCPM(row, dataFile): iwpPages.ccPaymentEntryPage.setDataCCPM is PASSED

05-10-2024T00:07:16 - [MESSAGE][PASSED] - Object 'Object Repository/IWP30/Page_CCPaymentEntry/Name' is present

05-10-2024T00:07:16 - [MESSAGE][PASSED] - Text 'udf data 2' is set on object 'Object Repository/IWP30/Page_CCPaymentEntry/UserDefined2'

05-10-2024T00:07:17 - [MESSAGE][PASSED] - Text 'udf data 3' is set on object 'Object Repository/IWP30/Page_CCPaymentEntry/UserDefined3'

05-10-2024T00:07:18 - [MESSAGE][PASSED] - All options with label 'Orange' are selected in object 'Object Repository/IWP30/Page_CCPaymentEntry/UserDefined7' 

05-10-2024T00:07:18 - [MESSAGE][PASSED] - All options with label 'Soccer' are selected in object 'Object Repository/IWP30/Page_CCPaymentEntry/UserDefined8' 

05-10-2024T00:07:18 - [MESSAGE][PASSED] - Object 'Object Repository/IWP30/Page_CCPaymentEntry/Name' is present

05-10-2024T00:07:19 - [MESSAGE][PASSED] - Text 'Kavita Ranawati' is set on object 'Object Repository/IWP30/Page_CCPaymentEntry/Name'

05-10-2024T00:07:19 - [MESSAGE][PASSED] - Object 'Object Repository/IWP30/Page_CCPaymentEntry/CardNumber' is present

05-10-2024T00:07:20 - [MESSAGE][PASSED] - Text '4111111111111111' is set on object 'Object Repository/IWP30/Page_CCPaymentEntry/CardNumber'

05-10-2024T00:07:20 - [MESSAGE][PASSED] - Text '123' is set on object 'Object Repository/IWP30/Page_CCPaymentEntry/SPC'

05-10-2024T00:07:21 - [MESSAGE][PASSED] - Object 'Object Repository/IWP30/Page_CCPaymentEntry/Month' is present

05-10-2024T00:07:21 - [MESSAGE][PASSED] - All options with label '01' are selected in object 'Object Repository/IWP30/Page_CCPaymentEntry/Month' 

05-10-2024T00:07:21 - [MESSAGE][PASSED] - Object 'Object Repository/IWP30/Page_CCPaymentEntry/Year' is present

05-10-2024T00:07:22 - [MESSAGE][PASSED] - All options with label '2028' are selected in object 'Object Repository/IWP30/Page_CCPaymentEntry/Year' 

05-10-2024T00:07:22 - [MESSAGE][PASSED] - Text '365 Main Avenue' is set on object 'Object Repository/IWP30/Page_CCPaymentEntry/AL1'

05-10-2024T00:07:23 - [MESSAGE][PASSED] - Text '22201' is set on object 'Object Repository/IWP30/Page_CCPaymentEntry/ZIP'

05-10-2024T00:07:23 - [MESSAGE][PASSED] - Object 'Object Repository/IWP30/Page_CCPaymentEntry/EmailAddress' is present

05-10-2024T00:07:25 - [MESSAGE][PASSED] - Text 'iahmed@govolution.com' is set on object 'Object Repository/IWP30/Page_CCPaymentEntry/EmailAddress'

05-10-2024T00:07:25 - [MESSAGE][PASSED] - Object 'Object Repository/IWP30/Page_CCPaymentEntry/TermCondCheckBox' is present

05-10-2024T00:07:25 - [MESSAGE][PASSED] - Object 'Object Repository/IWP30/Page_CCPaymentEntry/TermCondCheckBox' is checked

05-10-2024T00:07:26 - [MESSAGE][PASSED] - Object 'Object Repository/IWP30/Page_CCPaymentEntry/ContinueButton' is present

05-10-2024T00:07:27 - [MESSAGE][PASSED] - Object: 'Object Repository/IWP30/Page_CCPaymentEntry/ContinueButton' is clicked on

05-10-2024T00:07:27 - [MESSAGE][PASSED] - iwpPages.ccPaymentEntryPage.setDataCCPM is PASSED

05-10-2024T00:07:27 - [TEST_STEP][PASSED] - click(findTestObject("Object Repository/IWP30/Page_Confirmation/ConfirmButton")): Object: 'Object Repository/IWP30/Page_Confirmation/ConfirmButton' is clicked on

05-10-2024T00:07:29 - [MESSAGE][PASSED] - Object: 'Object Repository/IWP30/Page_Confirmation/ConfirmButton' is clicked on

05-10-2024T00:07:29 - [TEST_STEP][PASSED] - Thread.sleep(2000): null

05-10-2024T00:07:31 - [TEST_STEP][PASSED] - if (verifyTextPresent("AutoPay", false)): null

05-10-2024T00:07:32 - [MESSAGE][PASSED] - Text 'AutoPay' is present on page 

05-10-2024T00:07:32 - [TEST_STEP][PASSED] - println("Autopay is present on page. Autopay is created"): null

05-10-2024T00:07:32 - [TEST_STEP][PASSED] - openBrowser(testHarnessURL): Browser is opened with url: 'https://dev-algorithm.govolution.com/vrelaytest/QA/version_2_2/vrelaytest.html'

05-10-2024T00:07:32 - [MESSAGE][WARNING] - A browser is already opened. Closing browser and opening a new one

05-10-2024T00:07:32 - [MESSAGE][INFO] - Starting 'Edge Chromium' driver

05-10-2024T00:07:32 - [MESSAGE][INFO] - User set preference: ['acceptInsecureCerts', 'true']

05-10-2024T00:07:34 - [MESSAGE][INFO] - Action delay is set to 0 milliseconds

05-10-2024T00:07:38 - [MESSAGE][PASSED] - Browser is opened with url: 'https://dev-algorithm.govolution.com/vrelaytest/QA/version_2_2/vrelaytest.html'

05-10-2024T00:07:38 - [TEST_STEP][PASSED] - maximizeWindow(): Current window maximized

05-10-2024T00:07:38 - [MESSAGE][PASSED] - Current window maximized

05-10-2024T00:07:38 - [TEST_STEP][PASSED] - iwpPages.TestHarnessPage.setDataMethodEF(row, dataFile): iwpPages.TestHarnessPage.setDataMethodEF is PASSED

05-10-2024T00:07:38 - [MESSAGE][PASSED] - Object 'Object Repository/IWP30/Page_QATestHarness/RemittanceID' is present

05-10-2024T00:07:39 - [MESSAGE][PASSED] - Text '638' is set on object 'Object Repository/IWP30/Page_QATestHarness/ApplicationID'

05-10-2024T00:07:40 - [MESSAGE][PASSED] - Text '2.5' is set on object 'Object Repository/IWP30/Page_QATestHarness/MessageVersion'

05-10-2024T00:07:40 - [MESSAGE][PASSED] - Text 'yOdKEvAPeP58' is set on object 'Object Repository/IWP30/Page_QATestHarness/RemittanceID'

05-10-2024T00:07:43 - [MESSAGE][PASSED] - Object: 'Object Repository/IWP30/Page_QATestHarness/SubmitButton' is clicked on

05-10-2024T00:07:43 - [MESSAGE][PASSED] - iwpPages.TestHarnessPage.setDataMethodEF is PASSED

05-10-2024T00:07:43 - [TEST_STEP][PASSED] - click(findTestObject("Object Repository/IWP30/Page_ManagePlan_Autopay/btn_cancel")): Object: 'Object Repository/IWP30/Page_ManagePlan_Autopay/btn_cancel' is clicked on

05-10-2024T00:07:44 - [MESSAGE][PASSED] - Object: 'Object Repository/IWP30/Page_ManagePlan_Autopay/btn_cancel' is clicked on

05-10-2024T00:07:44 - [TEST_STEP][PASSED] - click(findTestObject("Object Repository/IWP30/Page_CancelPlan/btn_cancel")): Object: 'Object Repository/IWP30/Page_CancelPlan/btn_cancel' is clicked on

05-10-2024T00:07:45 - [MESSAGE][PASSED] - Object: 'Object Repository/IWP30/Page_CancelPlan/btn_cancel' is clicked on

05-10-2024T00:07:45 - [TEST_STEP][PASSED] - if (verifyTextPresent("Your payment plan has been cancelled successfully", false)): null

05-10-2024T00:07:46 - [MESSAGE][PASSED] - Text 'Your payment plan has been cancelled successfully' is present on page 

05-10-2024T00:07:46 - [TEST_STEP][PASSED] - markPassed("Your payment plan has been successfully created and canceled"): Your payment plan has been successfully created and canceled

05-10-2024T00:07:46 - [MESSAGE][PASSED] - Your payment plan has been successfully created and canceled

05-10-2024T00:07:46 - [TEST_STEP][PASSED] - resText = "Pass": null

05-10-2024T00:07:46 - [TEST_STEP][PASSED] - println(row): null

05-10-2024T00:07:46 - [TEST_STEP][PASSED] - pages.WriteExcel.demoKey(resText, datText, resColumn, datCloumn, fileLoc, nameSheet, row): pages.WriteExcel.demoKey is PASSED

05-10-2024T00:07:46 - [MESSAGE][PASSED] - pages.WriteExcel.demoKey is PASSED

05-10-2024T00:07:46 - [TEST_STEP][PASSED] - closeBrowser(): Browser is closed

05-10-2024T00:07:47 - [MESSAGE][PASSED] - Browser is closed]]></system-out>
         <system-err><![CDATA[]]></system-err>
      </testcase>
      <testcase name="Test Cases/IntegratedWeb/IWP25/Payments/CCAutoPayPC" time="77.35" classname="Test Cases/IntegratedWeb/IWP25/Payments/CCAutoPayPC" status="PASSED">
         <system-out><![CDATA[05-10-2024T00:07:47 - [TEST_CASE][PASSED] - Test Cases/IntegratedWeb/IWP25/Payments/CCAutoPayPC: Test Cases/IntegratedWeb/IWP25/Payments/CCAutoPayPC

05-10-2024T00:07:47 - [TEST_STEP][PASSED] - resText = "Fail": null

05-10-2024T00:07:47 - [TEST_STEP][PASSED] - resColumn = "Result": null

05-10-2024T00:07:47 - [TEST_STEP][PASSED] - datCloumn = "Date": null

05-10-2024T00:07:47 - [TEST_STEP][PASSED] - fileLoc = "KatalonData/IWPTestData/VRelay25PaymentsExtension.xlsx": null

05-10-2024T00:07:47 - [TEST_STEP][PASSED] - numOfRows = <not implemented yet for class: org.codehaus.groovy.ast.expr.EmptyExpression>: null

05-10-2024T00:07:47 - [TEST_STEP][PASSED] - dataFile = <not implemented yet for class: org.codehaus.groovy.ast.expr.EmptyExpression>: null

05-10-2024T00:07:47 - [TEST_STEP][PASSED] - nameSheet = <not implemented yet for class: org.codehaus.groovy.ast.expr.EmptyExpression>: null

05-10-2024T00:07:47 - [TEST_STEP][PASSED] - dataFileEmulator = <not implemented yet for class: org.codehaus.groovy.ast.expr.EmptyExpression>: null

05-10-2024T00:07:47 - [TEST_STEP][PASSED] - isRequiredTextPresent = false: null

05-10-2024T00:07:47 - [TEST_STEP][PASSED] - nameSheet = "CCAutoPayPlanPC": null

05-10-2024T00:07:47 - [TEST_STEP][PASSED] - dataFile = getExcelDataWithDefaultSheet("KatalonData/IWPTestData/VRelay25PaymentsExtension.xlsx", nameSheet, true): null

05-10-2024T00:07:47 - [TEST_STEP][PASSED] - dataFileEmulator = "IWPTestData/EmulatorData": null

05-10-2024T00:07:47 - [TEST_STEP][PASSED] - numOfRows = dataFile.getRowNumbers(): null

05-10-2024T00:07:47 - [TEST_STEP][PASSED] - println("Number of Records: " + numOfRows): null

05-10-2024T00:07:47 - [TEST_STEP][PASSED] - for ([row = 1, row <= numOfRows, (row++)]): Browser is closed

05-10-2024T00:07:47 - [TEST_STEP][PASSED] - ExecuteTC = dataFile.getValue("Execute", row): null

05-10-2024T00:07:47 - [TEST_STEP][PASSED] - out.println("Value of Execute is : " + ExecuteTC): null

05-10-2024T00:07:47 - [TEST_STEP][PASSED] - if (ExecuteTC.equalsIgnoreCase("Y")): null

05-10-2024T00:07:47 - [TEST_STEP][PASSED] - out.println("Begin Record Number: " + row): null

05-10-2024T00:07:47 - [TEST_STEP][PASSED] - today = new java.util.Date(): null

05-10-2024T00:07:47 - [TEST_STEP][PASSED] - println(today): null

05-10-2024T00:07:47 - [TEST_STEP][PASSED] - datText = today: null

05-10-2024T00:07:47 - [TEST_STEP][PASSED] - EmulatorDataKey = dataFile.getValue("EmulatorData", row): null

05-10-2024T00:07:47 - [TEST_STEP][PASSED] - out.println("Value of Emulator Key is : " + EmulatorDataKey): null

05-10-2024T00:07:47 - [TEST_STEP][PASSED] - iwpPages.emulatorIWP30.setDataEmulator_DD(EmulatorDataKey): iwpPages.emulatorIWP30.setDataEmulator_DD is PASSED

05-10-2024T00:07:47 - [MESSAGE][INFO] - Starting 'Edge Chromium' driver

05-10-2024T00:07:47 - [MESSAGE][INFO] - User set preference: ['acceptInsecureCerts', 'true']

05-10-2024T00:07:49 - [MESSAGE][INFO] - Action delay is set to 0 milliseconds

05-10-2024T00:07:52 - [MESSAGE][PASSED] - Browser is opened with url: 'https://qa.velocitypayment.com/agency/config.do?action=editor&message_version=2_5'

05-10-2024T00:07:53 - [MESSAGE][PASSED] - Current window maximized

05-10-2024T00:07:53 - [MESSAGE][PASSED] - All options with value '2.5' are selected in object 'Object Repository/IWP30/Page_VRelay30Emulator/MV'  using regular expression

05-10-2024T00:07:54 - [MESSAGE][PASSED] - Text '10.50' is set on object 'Object Repository/IWP30/Page_VRelay30Emulator/Amount'

05-10-2024T00:07:55 - [MESSAGE][PASSED] - Text 'F8bgTUmisyzY' is set on object 'Object Repository/IWP30/Page_VRelay30Emulator/CAN'

05-10-2024T00:07:55 - [MESSAGE][PASSED] - Text 'AutoPay' is set on object 'Object Repository/IWP30/Page_VRelay30Emulator/Action'

05-10-2024T00:07:56 - [MESSAGE][PASSED] - Text 'en_US' is set on object 'Object Repository/IWP30/Page_VRelay30Emulator/Lang'

05-10-2024T00:07:57 - [MESSAGE][PASSED] - Text '' is set on object 'Object Repository/IWP30/Page_VRelay30Emulator/Fname'

05-10-2024T00:07:57 - [MESSAGE][PASSED] - Text '' is set on object 'Object Repository/IWP30/Page_VRelay30Emulator/Lname'

05-10-2024T00:07:58 - [MESSAGE][PASSED] - Text '' is set on object 'Object Repository/IWP30/Page_VRelay30Emulator/AL1'

05-10-2024T00:07:58 - [MESSAGE][PASSED] - Text '' is set on object 'Object Repository/IWP30/Page_VRelay30Emulator/AL2'

05-10-2024T00:07:59 - [MESSAGE][PASSED] - Text '' is set on object 'Object Repository/IWP30/Page_VRelay30Emulator/Country'

05-10-2024T00:07:59 - [MESSAGE][PASSED] - Text '' is set on object 'Object Repository/IWP30/Page_VRelay30Emulator/City'

05-10-2024T00:08:00 - [MESSAGE][PASSED] - Text '' is set on object 'Object Repository/IWP30/Page_VRelay30Emulator/State'

05-10-2024T00:08:01 - [MESSAGE][PASSED] - Text '' is set on object 'Object Repository/IWP30/Page_VRelay30Emulator/ZIP'

05-10-2024T00:08:01 - [MESSAGE][PASSED] - Text '' is set on object 'Object Repository/IWP30/Page_VRelay30Emulator/Order'

05-10-2024T00:08:02 - [MESSAGE][PASSED] - Text '' is set on object 'Object Repository/IWP30/Page_VRelay30Emulator/Company'

05-10-2024T00:08:02 - [MESSAGE][PASSED] - Text '' is set on object 'Object Repository/IWP30/Page_VRelay30Emulator/Email'

05-10-2024T00:08:03 - [MESSAGE][PASSED] - Text '' is set on object 'Object Repository/IWP30/Page_VRelay30Emulator/UDF1'

05-10-2024T00:08:03 - [MESSAGE][PASSED] - Text '' is set on object 'Object Repository/IWP30/Page_VRelay30Emulator/UDF2'

05-10-2024T00:08:04 - [MESSAGE][PASSED] - Text '' is set on object 'Object Repository/IWP30/Page_VRelay30Emulator/UDF3'

05-10-2024T00:08:05 - [MESSAGE][PASSED] - Text 'udf data 4' is set on object 'Object Repository/IWP30/Page_VRelay30Emulator/UDF4'

05-10-2024T00:08:05 - [MESSAGE][PASSED] - Text 'udf data 5' is set on object 'Object Repository/IWP30/Page_VRelay30Emulator/UDF5'

05-10-2024T00:08:06 - [MESSAGE][PASSED] - Text '' is set on object 'Object Repository/IWP30/Page_VRelay30Emulator/UDF6'

05-10-2024T00:08:06 - [MESSAGE][PASSED] - Text '' is set on object 'Object Repository/IWP30/Page_VRelay30Emulator/UDF7'

05-10-2024T00:08:07 - [MESSAGE][PASSED] - Text '' is set on object 'Object Repository/IWP30/Page_VRelay30Emulator/UDF8'

05-10-2024T00:08:08 - [MESSAGE][PASSED] - Text 'udf data 9' is set on object 'Object Repository/IWP30/Page_VRelay30Emulator/UDF9'

05-10-2024T00:08:08 - [MESSAGE][PASSED] - Text 'udf data 10' is set on object 'Object Repository/IWP30/Page_VRelay30Emulator/UDF10'

05-10-2024T00:08:09 - [MESSAGE][PASSED] - Object: 'Object Repository/IWP30/Page_VRelay30Emulator/Submit' is clicked on

05-10-2024T00:08:14 - [MESSAGE][PASSED] - Browser is closed

05-10-2024T00:08:18 - [MESSAGE][PASSED] - iwpPages.emulatorIWP30.setDataEmulator_DD is PASSED

05-10-2024T00:08:18 - [TEST_STEP][PASSED] - testHarnessURL = urlTestHarness: null

05-10-2024T00:08:18 - [TEST_STEP][PASSED] - openBrowser(testHarnessURL): Browser is opened with url: 'https://dev-algorithm.govolution.com/vrelaytest/QA/version_2_2/vrelaytest.html'

05-10-2024T00:08:18 - [MESSAGE][INFO] - Starting 'Edge Chromium' driver

05-10-2024T00:08:18 - [MESSAGE][INFO] - User set preference: ['acceptInsecureCerts', 'true']

05-10-2024T00:08:20 - [MESSAGE][INFO] - Action delay is set to 0 milliseconds

05-10-2024T00:08:23 - [MESSAGE][PASSED] - Browser is opened with url: 'https://dev-algorithm.govolution.com/vrelaytest/QA/version_2_2/vrelaytest.html'

05-10-2024T00:08:23 - [TEST_STEP][PASSED] - maximizeWindow(): Current window maximized

05-10-2024T00:08:24 - [MESSAGE][PASSED] - Current window maximized

05-10-2024T00:08:24 - [TEST_STEP][PASSED] - iwpPages.TestHarnessPage.setDataMethodEF(row, dataFile): iwpPages.TestHarnessPage.setDataMethodEF is PASSED

05-10-2024T00:08:24 - [MESSAGE][PASSED] - Object 'Object Repository/IWP30/Page_QATestHarness/RemittanceID' is present

05-10-2024T00:08:25 - [MESSAGE][PASSED] - Text '638' is set on object 'Object Repository/IWP30/Page_QATestHarness/ApplicationID'

05-10-2024T00:08:25 - [MESSAGE][PASSED] - Text '2.5' is set on object 'Object Repository/IWP30/Page_QATestHarness/MessageVersion'

05-10-2024T00:08:26 - [MESSAGE][PASSED] - Text 'Kx9eKU6JOqEE' is set on object 'Object Repository/IWP30/Page_QATestHarness/RemittanceID'

05-10-2024T00:08:29 - [MESSAGE][PASSED] - Object: 'Object Repository/IWP30/Page_QATestHarness/SubmitButton' is clicked on

05-10-2024T00:08:29 - [MESSAGE][PASSED] - iwpPages.TestHarnessPage.setDataMethodEF is PASSED

05-10-2024T00:08:29 - [TEST_STEP][PASSED] - click(findTestObject("Object Repository/IWP30/Page_SelectPaymentMethod/PayByPersonalCheck")): Object: 'Object Repository/IWP30/Page_SelectPaymentMethod/PayByPersonalCheck' is clicked on

05-10-2024T00:08:29 - [MESSAGE][PASSED] - Object: 'Object Repository/IWP30/Page_SelectPaymentMethod/PayByPersonalCheck' is clicked on

05-10-2024T00:08:29 - [TEST_STEP][PASSED] - click(findTestObject("Object Repository/IWP30/Page_SelectPaymentMethod/MakePaymentButton")): Object: 'Object Repository/IWP30/Page_SelectPaymentMethod/MakePaymentButton' is clicked on

05-10-2024T00:08:31 - [MESSAGE][PASSED] - Object: 'Object Repository/IWP30/Page_SelectPaymentMethod/MakePaymentButton' is clicked on

05-10-2024T00:08:31 - [TEST_STEP][PASSED] - iwpPages.achPersonalPaymentEntryPage.setDataACHPPM(row, dataFile): iwpPages.achPersonalPaymentEntryPage.setDataACHPPM is PASSED

05-10-2024T00:08:31 - [MESSAGE][PASSED] - Object 'Object Repository/IWP30/Page_ACHPersonalPaymentEntry/txt_accountNumber' is present

05-10-2024T00:08:32 - [MESSAGE][PASSED] - Object 'Object Repository/IWP30/Page_ACHPersonalPaymentEntry/txt_UDF2' is present

05-10-2024T00:08:32 - [MESSAGE][PASSED] - Text 'udf data 2' is set on object 'Object Repository/IWP30/Page_ACHPersonalPaymentEntry/txt_UDF2'

05-10-2024T00:08:33 - [MESSAGE][PASSED] - Text 'udf data 3' is set on object 'Object Repository/IWP30/Page_ACHPersonalPaymentEntry/txt_UDF3'

05-10-2024T00:08:33 - [MESSAGE][PASSED] - All options with label 'Orange' are selected in object 'Object Repository/IWP30/Page_ACHPersonalPaymentEntry/dd_UDF7' 

05-10-2024T00:08:34 - [MESSAGE][PASSED] - All options with label 'Soccer' are selected in object 'Object Repository/IWP30/Page_ACHPersonalPaymentEntry/dd_UDF8' 

05-10-2024T00:08:34 - [MESSAGE][PASSED] - Object 'Object Repository/IWP30/Page_ACHPersonalPaymentEntry/txt_Firstname' is present

05-10-2024T00:08:35 - [MESSAGE][PASSED] - Text 'Elizath' is set on object 'Object Repository/IWP30/Page_ACHPersonalPaymentEntry/txt_Firstname'

05-10-2024T00:08:35 - [MESSAGE][PASSED] - Object 'Object Repository/IWP30/Page_ACHPersonalPaymentEntry/txt_Lastname' is present

05-10-2024T00:08:36 - [MESSAGE][PASSED] - Text 'Christine' is set on object 'Object Repository/IWP30/Page_ACHPersonalPaymentEntry/txt_Lastname'

05-10-2024T00:08:36 - [MESSAGE][PASSED] - Object 'Object Repository/IWP30/Page_ACHPersonalPaymentEntry/txt_routingNumber' is present

05-10-2024T00:08:37 - [MESSAGE][PASSED] - Text '256072691' is set on object 'Object Repository/IWP30/Page_ACHPersonalPaymentEntry/txt_routingNumber'

05-10-2024T00:08:37 - [MESSAGE][PASSED] - Object 'Object Repository/IWP30/Page_ACHPersonalPaymentEntry/txt_accountNumber' is present

05-10-2024T00:08:38 - [MESSAGE][PASSED] - Text '12344444' is set on object 'Object Repository/IWP30/Page_ACHPersonalPaymentEntry/txt_accountNumber'

05-10-2024T00:08:39 - [MESSAGE][PASSED] - Object 'Object Repository/IWP30/Page_ACHPersonalPaymentEntry/txt_confirmAccountNumber' is present

05-10-2024T00:08:39 - [MESSAGE][PASSED] - Text '12344444' is set on object 'Object Repository/IWP30/Page_ACHPersonalPaymentEntry/txt_confirmAccountNumber'

05-10-2024T00:08:39 - [MESSAGE][PASSED] - Object 'Object Repository/IWP30/Page_ACHPersonalPaymentEntry/rd_accountType' is present

05-10-2024T00:08:39 - [MESSAGE][PASSED] - Modify property of object successfully

05-10-2024T00:08:40 - [MESSAGE][PASSED] - Object: 'Object Repository/IWP30/Page_ACHPersonalPaymentEntry/rd_accountType' is clicked on

05-10-2024T00:08:40 - [MESSAGE][PASSED] - Text '365 Main Avenue' is set on object 'Object Repository/IWP30/Page_ACHPersonalPaymentEntry/txt_AL1'

05-10-2024T00:08:41 - [MESSAGE][PASSED] - Text '22201' is set on object 'Object Repository/IWP30/Page_ACHPersonalPaymentEntry/txt_ZIP'

05-10-2024T00:08:41 - [MESSAGE][PASSED] - Object 'Object Repository/IWP30/Page_ACHPersonalPaymentEntry/txt_Email' is present

05-10-2024T00:08:42 - [MESSAGE][PASSED] - Text 'iahmed@govolution.com' is set on object 'Object Repository/IWP30/Page_ACHPersonalPaymentEntry/txt_Email'

05-10-2024T00:08:43 - [MESSAGE][PASSED] - Object 'Object Repository/IWP30/Page_ACHPersonalPaymentEntry/cb_TermsAndCond' is present

05-10-2024T00:08:43 - [MESSAGE][PASSED] - Object: 'Object Repository/IWP30/Page_ACHPersonalPaymentEntry/cb_TermsAndCond' is clicked on

05-10-2024T00:08:43 - [MESSAGE][PASSED] - Object 'Object Repository/IWP30/Page_ACHPersonalPaymentEntry/btn_Continue' is present

05-10-2024T00:08:44 - [MESSAGE][PASSED] - Object: 'Object Repository/IWP30/Page_ACHPersonalPaymentEntry/btn_Continue' is clicked on

05-10-2024T00:08:44 - [MESSAGE][PASSED] - iwpPages.achPersonalPaymentEntryPage.setDataACHPPM is PASSED

05-10-2024T00:08:44 - [TEST_STEP][PASSED] - click(findTestObject("Object Repository/IWP30/Page_Confirmation/ConfirmButton")): Object: 'Object Repository/IWP30/Page_Confirmation/ConfirmButton' is clicked on

05-10-2024T00:08:46 - [MESSAGE][PASSED] - Object: 'Object Repository/IWP30/Page_Confirmation/ConfirmButton' is clicked on

05-10-2024T00:08:46 - [TEST_STEP][PASSED] - Thread.sleep(2000): null

05-10-2024T00:08:48 - [TEST_STEP][PASSED] - if (verifyTextPresent("AutoPay", false)): null

05-10-2024T00:08:48 - [MESSAGE][PASSED] - Text 'AutoPay' is present on page 

05-10-2024T00:08:48 - [TEST_STEP][PASSED] - println("Autopay is present on page. Autopay is created"): null

05-10-2024T00:08:48 - [TEST_STEP][PASSED] - openBrowser(testHarnessURL): Browser is opened with url: 'https://dev-algorithm.govolution.com/vrelaytest/QA/version_2_2/vrelaytest.html'

05-10-2024T00:08:48 - [MESSAGE][WARNING] - A browser is already opened. Closing browser and opening a new one

05-10-2024T00:08:49 - [MESSAGE][INFO] - Starting 'Edge Chromium' driver

05-10-2024T00:08:49 - [MESSAGE][INFO] - User set preference: ['acceptInsecureCerts', 'true']

05-10-2024T00:08:51 - [MESSAGE][INFO] - Action delay is set to 0 milliseconds

05-10-2024T00:08:55 - [MESSAGE][PASSED] - Browser is opened with url: 'https://dev-algorithm.govolution.com/vrelaytest/QA/version_2_2/vrelaytest.html'

05-10-2024T00:08:55 - [TEST_STEP][PASSED] - maximizeWindow(): Current window maximized

05-10-2024T00:08:55 - [MESSAGE][PASSED] - Current window maximized

05-10-2024T00:08:55 - [TEST_STEP][PASSED] - iwpPages.TestHarnessPage.setDataMethodEF(row, dataFile): iwpPages.TestHarnessPage.setDataMethodEF is PASSED

05-10-2024T00:08:55 - [MESSAGE][PASSED] - Object 'Object Repository/IWP30/Page_QATestHarness/RemittanceID' is present

05-10-2024T00:08:56 - [MESSAGE][PASSED] - Text '638' is set on object 'Object Repository/IWP30/Page_QATestHarness/ApplicationID'

05-10-2024T00:08:57 - [MESSAGE][PASSED] - Text '2.5' is set on object 'Object Repository/IWP30/Page_QATestHarness/MessageVersion'

05-10-2024T00:08:57 - [MESSAGE][PASSED] - Text 'gWsRXSH5Nql8' is set on object 'Object Repository/IWP30/Page_QATestHarness/RemittanceID'

05-10-2024T00:09:01 - [MESSAGE][PASSED] - Object: 'Object Repository/IWP30/Page_QATestHarness/SubmitButton' is clicked on

05-10-2024T00:09:01 - [MESSAGE][PASSED] - iwpPages.TestHarnessPage.setDataMethodEF is PASSED

05-10-2024T00:09:01 - [TEST_STEP][PASSED] - click(findTestObject("Object Repository/IWP30/Page_ManagePlan_Autopay/btn_cancel")): Object: 'Object Repository/IWP30/Page_ManagePlan_Autopay/btn_cancel' is clicked on

05-10-2024T00:09:01 - [MESSAGE][PASSED] - Object: 'Object Repository/IWP30/Page_ManagePlan_Autopay/btn_cancel' is clicked on

05-10-2024T00:09:01 - [TEST_STEP][PASSED] - click(findTestObject("Object Repository/IWP30/Page_CancelPlan/btn_cancel")): Object: 'Object Repository/IWP30/Page_CancelPlan/btn_cancel' is clicked on

05-10-2024T00:09:03 - [MESSAGE][PASSED] - Object: 'Object Repository/IWP30/Page_CancelPlan/btn_cancel' is clicked on

05-10-2024T00:09:03 - [TEST_STEP][PASSED] - if (verifyTextPresent("Your payment plan has been cancelled successfully", false)): null

05-10-2024T00:09:03 - [MESSAGE][PASSED] - Text 'Your payment plan has been cancelled successfully' is present on page 

05-10-2024T00:09:03 - [TEST_STEP][PASSED] - markPassed("Your payment plan has been successfully created and canceled"): Your payment plan has been successfully created and canceled

05-10-2024T00:09:03 - [MESSAGE][PASSED] - Your payment plan has been successfully created and canceled

05-10-2024T00:09:03 - [TEST_STEP][PASSED] - resText = "Pass": null

05-10-2024T00:09:03 - [TEST_STEP][PASSED] - println(row): null

05-10-2024T00:09:03 - [TEST_STEP][PASSED] - pages.WriteExcel.demoKey(resText, datText, resColumn, datCloumn, fileLoc, nameSheet, row): pages.WriteExcel.demoKey is PASSED

05-10-2024T00:09:03 - [MESSAGE][PASSED] - pages.WriteExcel.demoKey is PASSED

05-10-2024T00:09:03 - [TEST_STEP][PASSED] - closeBrowser(): Browser is closed

05-10-2024T00:09:04 - [MESSAGE][PASSED] - Browser is closed]]></system-out>
         <system-err><![CDATA[]]></system-err>
      </testcase>
      <testcase name="Test Cases/IntegratedWeb/IWP25/Payments/CCAutoPayPS" time="77.82" classname="Test Cases/IntegratedWeb/IWP25/Payments/CCAutoPayPS" status="PASSED">
         <system-out><![CDATA[05-10-2024T00:09:04 - [TEST_CASE][PASSED] - Test Cases/IntegratedWeb/IWP25/Payments/CCAutoPayPS: Test Cases/IntegratedWeb/IWP25/Payments/CCAutoPayPS

05-10-2024T00:09:04 - [TEST_STEP][PASSED] - resText = "Fail": null

05-10-2024T00:09:04 - [TEST_STEP][PASSED] - resColumn = "Result": null

05-10-2024T00:09:04 - [TEST_STEP][PASSED] - datCloumn = "Date": null

05-10-2024T00:09:04 - [TEST_STEP][PASSED] - fileLoc = "KatalonData/IWPTestData/VRelay25PaymentsExtension.xlsx": null

05-10-2024T00:09:04 - [TEST_STEP][PASSED] - numOfRows = <not implemented yet for class: org.codehaus.groovy.ast.expr.EmptyExpression>: null

05-10-2024T00:09:04 - [TEST_STEP][PASSED] - dataFile = <not implemented yet for class: org.codehaus.groovy.ast.expr.EmptyExpression>: null

05-10-2024T00:09:04 - [TEST_STEP][PASSED] - nameSheet = <not implemented yet for class: org.codehaus.groovy.ast.expr.EmptyExpression>: null

05-10-2024T00:09:04 - [TEST_STEP][PASSED] - dataFileEmulator = <not implemented yet for class: org.codehaus.groovy.ast.expr.EmptyExpression>: null

05-10-2024T00:09:04 - [TEST_STEP][PASSED] - isRequiredTextPresent = false: null

05-10-2024T00:09:04 - [TEST_STEP][PASSED] - nameSheet = "CCAutoPayPlanPS": null

05-10-2024T00:09:04 - [TEST_STEP][PASSED] - dataFile = getExcelDataWithDefaultSheet("KatalonData/IWPTestData/VRelay25PaymentsExtension.xlsx", nameSheet, true): null

05-10-2024T00:09:04 - [TEST_STEP][PASSED] - dataFileEmulator = "IWPTestData/EmulatorData": null

05-10-2024T00:09:04 - [TEST_STEP][PASSED] - numOfRows = dataFile.getRowNumbers(): null

05-10-2024T00:09:04 - [TEST_STEP][PASSED] - println("Number of Records: " + numOfRows): null

05-10-2024T00:09:04 - [TEST_STEP][PASSED] - for ([row = 1, row <= numOfRows, (row++)]): Browser is closed

05-10-2024T00:09:04 - [TEST_STEP][PASSED] - ExecuteTC = dataFile.getValue("Execute", row): null

05-10-2024T00:09:04 - [TEST_STEP][PASSED] - out.println("Value of Execute is : " + ExecuteTC): null

05-10-2024T00:09:04 - [TEST_STEP][PASSED] - if (ExecuteTC.equalsIgnoreCase("Y")): null

05-10-2024T00:09:04 - [TEST_STEP][PASSED] - out.println("Begin Record Number: " + row): null

05-10-2024T00:09:04 - [TEST_STEP][PASSED] - today = new java.util.Date(): null

05-10-2024T00:09:04 - [TEST_STEP][PASSED] - println(today): null

05-10-2024T00:09:04 - [TEST_STEP][PASSED] - datText = today: null

05-10-2024T00:09:04 - [TEST_STEP][PASSED] - EmulatorDataKey = dataFile.getValue("EmulatorData", row): null

05-10-2024T00:09:04 - [TEST_STEP][PASSED] - out.println("Value of Emulator Key is : " + EmulatorDataKey): null

05-10-2024T00:09:04 - [TEST_STEP][PASSED] - iwpPages.emulatorIWP30.setDataEmulator_DD(EmulatorDataKey): iwpPages.emulatorIWP30.setDataEmulator_DD is PASSED

05-10-2024T00:09:05 - [MESSAGE][INFO] - Starting 'Edge Chromium' driver

05-10-2024T00:09:05 - [MESSAGE][INFO] - User set preference: ['acceptInsecureCerts', 'true']

05-10-2024T00:09:07 - [MESSAGE][INFO] - Action delay is set to 0 milliseconds

05-10-2024T00:09:10 - [MESSAGE][PASSED] - Browser is opened with url: 'https://qa.velocitypayment.com/agency/config.do?action=editor&message_version=2_5'

05-10-2024T00:09:10 - [MESSAGE][PASSED] - Current window maximized

05-10-2024T00:09:11 - [MESSAGE][PASSED] - All options with value '2.5' are selected in object 'Object Repository/IWP30/Page_VRelay30Emulator/MV'  using regular expression

05-10-2024T00:09:12 - [MESSAGE][PASSED] - Text '10.50' is set on object 'Object Repository/IWP30/Page_VRelay30Emulator/Amount'

05-10-2024T00:09:12 - [MESSAGE][PASSED] - Text 'va8T5skQUOBw' is set on object 'Object Repository/IWP30/Page_VRelay30Emulator/CAN'

05-10-2024T00:09:13 - [MESSAGE][PASSED] - Text 'AutoPay' is set on object 'Object Repository/IWP30/Page_VRelay30Emulator/Action'

05-10-2024T00:09:14 - [MESSAGE][PASSED] - Text 'en_US' is set on object 'Object Repository/IWP30/Page_VRelay30Emulator/Lang'

05-10-2024T00:09:14 - [MESSAGE][PASSED] - Text '' is set on object 'Object Repository/IWP30/Page_VRelay30Emulator/Fname'

05-10-2024T00:09:15 - [MESSAGE][PASSED] - Text '' is set on object 'Object Repository/IWP30/Page_VRelay30Emulator/Lname'

05-10-2024T00:09:15 - [MESSAGE][PASSED] - Text '' is set on object 'Object Repository/IWP30/Page_VRelay30Emulator/AL1'

05-10-2024T00:09:16 - [MESSAGE][PASSED] - Text '' is set on object 'Object Repository/IWP30/Page_VRelay30Emulator/AL2'

05-10-2024T00:09:16 - [MESSAGE][PASSED] - Text '' is set on object 'Object Repository/IWP30/Page_VRelay30Emulator/Country'

05-10-2024T00:09:17 - [MESSAGE][PASSED] - Text '' is set on object 'Object Repository/IWP30/Page_VRelay30Emulator/City'

05-10-2024T00:09:18 - [MESSAGE][PASSED] - Text '' is set on object 'Object Repository/IWP30/Page_VRelay30Emulator/State'

05-10-2024T00:09:18 - [MESSAGE][PASSED] - Text '' is set on object 'Object Repository/IWP30/Page_VRelay30Emulator/ZIP'

05-10-2024T00:09:19 - [MESSAGE][PASSED] - Text '' is set on object 'Object Repository/IWP30/Page_VRelay30Emulator/Order'

05-10-2024T00:09:19 - [MESSAGE][PASSED] - Text '' is set on object 'Object Repository/IWP30/Page_VRelay30Emulator/Company'

05-10-2024T00:09:20 - [MESSAGE][PASSED] - Text '' is set on object 'Object Repository/IWP30/Page_VRelay30Emulator/Email'

05-10-2024T00:09:20 - [MESSAGE][PASSED] - Text '' is set on object 'Object Repository/IWP30/Page_VRelay30Emulator/UDF1'

05-10-2024T00:09:21 - [MESSAGE][PASSED] - Text '' is set on object 'Object Repository/IWP30/Page_VRelay30Emulator/UDF2'

05-10-2024T00:09:22 - [MESSAGE][PASSED] - Text '' is set on object 'Object Repository/IWP30/Page_VRelay30Emulator/UDF3'

05-10-2024T00:09:22 - [MESSAGE][PASSED] - Text 'udf data 4' is set on object 'Object Repository/IWP30/Page_VRelay30Emulator/UDF4'

05-10-2024T00:09:23 - [MESSAGE][PASSED] - Text 'udf data 5' is set on object 'Object Repository/IWP30/Page_VRelay30Emulator/UDF5'

05-10-2024T00:09:23 - [MESSAGE][PASSED] - Text '' is set on object 'Object Repository/IWP30/Page_VRelay30Emulator/UDF6'

05-10-2024T00:09:24 - [MESSAGE][PASSED] - Text '' is set on object 'Object Repository/IWP30/Page_VRelay30Emulator/UDF7'

05-10-2024T00:09:25 - [MESSAGE][PASSED] - Text '' is set on object 'Object Repository/IWP30/Page_VRelay30Emulator/UDF8'

05-10-2024T00:09:25 - [MESSAGE][PASSED] - Text 'udf data 9' is set on object 'Object Repository/IWP30/Page_VRelay30Emulator/UDF9'

05-10-2024T00:09:26 - [MESSAGE][PASSED] - Text 'udf data 10' is set on object 'Object Repository/IWP30/Page_VRelay30Emulator/UDF10'

05-10-2024T00:09:27 - [MESSAGE][PASSED] - Object: 'Object Repository/IWP30/Page_VRelay30Emulator/Submit' is clicked on

05-10-2024T00:09:31 - [MESSAGE][PASSED] - Browser is closed

05-10-2024T00:09:35 - [MESSAGE][PASSED] - iwpPages.emulatorIWP30.setDataEmulator_DD is PASSED

05-10-2024T00:09:35 - [TEST_STEP][PASSED] - testHarnessURL = urlTestHarness: null

05-10-2024T00:09:35 - [TEST_STEP][PASSED] - openBrowser(testHarnessURL): Browser is opened with url: 'https://dev-algorithm.govolution.com/vrelaytest/QA/version_2_2/vrelaytest.html'

05-10-2024T00:09:35 - [MESSAGE][INFO] - Starting 'Edge Chromium' driver

05-10-2024T00:09:35 - [MESSAGE][INFO] - User set preference: ['acceptInsecureCerts', 'true']

05-10-2024T00:09:37 - [MESSAGE][INFO] - Action delay is set to 0 milliseconds

05-10-2024T00:09:41 - [MESSAGE][PASSED] - Browser is opened with url: 'https://dev-algorithm.govolution.com/vrelaytest/QA/version_2_2/vrelaytest.html'

05-10-2024T00:09:41 - [TEST_STEP][PASSED] - maximizeWindow(): Current window maximized

05-10-2024T00:09:41 - [MESSAGE][PASSED] - Current window maximized

05-10-2024T00:09:41 - [TEST_STEP][PASSED] - iwpPages.TestHarnessPage.setDataMethodEF(row, dataFile): iwpPages.TestHarnessPage.setDataMethodEF is PASSED

05-10-2024T00:09:42 - [MESSAGE][PASSED] - Object 'Object Repository/IWP30/Page_QATestHarness/RemittanceID' is present

05-10-2024T00:09:42 - [MESSAGE][PASSED] - Text '638' is set on object 'Object Repository/IWP30/Page_QATestHarness/ApplicationID'

05-10-2024T00:09:43 - [MESSAGE][PASSED] - Text '2.5' is set on object 'Object Repository/IWP30/Page_QATestHarness/MessageVersion'

05-10-2024T00:09:43 - [MESSAGE][PASSED] - Text 'N4tHe45qrEvT' is set on object 'Object Repository/IWP30/Page_QATestHarness/RemittanceID'

05-10-2024T00:09:47 - [MESSAGE][PASSED] - Object: 'Object Repository/IWP30/Page_QATestHarness/SubmitButton' is clicked on

05-10-2024T00:09:47 - [MESSAGE][PASSED] - iwpPages.TestHarnessPage.setDataMethodEF is PASSED

05-10-2024T00:09:47 - [TEST_STEP][PASSED] - click(findTestObject("Object Repository/IWP30/Page_SelectPaymentMethod/PayByPersonalCheck")): Object: 'Object Repository/IWP30/Page_SelectPaymentMethod/PayByPersonalCheck' is clicked on

05-10-2024T00:09:48 - [MESSAGE][PASSED] - Object: 'Object Repository/IWP30/Page_SelectPaymentMethod/PayByPersonalCheck' is clicked on

05-10-2024T00:09:48 - [TEST_STEP][PASSED] - click(findTestObject("Object Repository/IWP30/Page_SelectPaymentMethod/MakePaymentButton")): Object: 'Object Repository/IWP30/Page_SelectPaymentMethod/MakePaymentButton' is clicked on

05-10-2024T00:09:49 - [MESSAGE][PASSED] - Object: 'Object Repository/IWP30/Page_SelectPaymentMethod/MakePaymentButton' is clicked on

05-10-2024T00:09:49 - [TEST_STEP][PASSED] - iwpPages.achPersonalPaymentEntryPage.setDataACHPPM(row, dataFile): iwpPages.achPersonalPaymentEntryPage.setDataACHPPM is PASSED

05-10-2024T00:09:50 - [MESSAGE][PASSED] - Object 'Object Repository/IWP30/Page_ACHPersonalPaymentEntry/txt_accountNumber' is present

05-10-2024T00:09:50 - [MESSAGE][PASSED] - Object 'Object Repository/IWP30/Page_ACHPersonalPaymentEntry/txt_UDF2' is present

05-10-2024T00:09:51 - [MESSAGE][PASSED] - Text 'udf data 2' is set on object 'Object Repository/IWP30/Page_ACHPersonalPaymentEntry/txt_UDF2'

05-10-2024T00:09:51 - [MESSAGE][PASSED] - Text 'udf data 3' is set on object 'Object Repository/IWP30/Page_ACHPersonalPaymentEntry/txt_UDF3'

05-10-2024T00:09:52 - [MESSAGE][PASSED] - All options with label 'Orange' are selected in object 'Object Repository/IWP30/Page_ACHPersonalPaymentEntry/dd_UDF7' 

05-10-2024T00:09:52 - [MESSAGE][PASSED] - All options with label 'Soccer' are selected in object 'Object Repository/IWP30/Page_ACHPersonalPaymentEntry/dd_UDF8' 

05-10-2024T00:09:53 - [MESSAGE][PASSED] - Object 'Object Repository/IWP30/Page_ACHPersonalPaymentEntry/txt_Firstname' is present

05-10-2024T00:09:53 - [MESSAGE][PASSED] - Text 'Elizath' is set on object 'Object Repository/IWP30/Page_ACHPersonalPaymentEntry/txt_Firstname'

05-10-2024T00:09:53 - [MESSAGE][PASSED] - Object 'Object Repository/IWP30/Page_ACHPersonalPaymentEntry/txt_Lastname' is present

05-10-2024T00:09:54 - [MESSAGE][PASSED] - Text 'Christine' is set on object 'Object Repository/IWP30/Page_ACHPersonalPaymentEntry/txt_Lastname'

05-10-2024T00:09:54 - [MESSAGE][PASSED] - Object 'Object Repository/IWP30/Page_ACHPersonalPaymentEntry/txt_routingNumber' is present

05-10-2024T00:09:55 - [MESSAGE][PASSED] - Text '256072691' is set on object 'Object Repository/IWP30/Page_ACHPersonalPaymentEntry/txt_routingNumber'

05-10-2024T00:09:55 - [MESSAGE][PASSED] - Object 'Object Repository/IWP30/Page_ACHPersonalPaymentEntry/txt_accountNumber' is present

05-10-2024T00:09:56 - [MESSAGE][PASSED] - Text '12344444' is set on object 'Object Repository/IWP30/Page_ACHPersonalPaymentEntry/txt_accountNumber'

05-10-2024T00:09:57 - [MESSAGE][PASSED] - Object 'Object Repository/IWP30/Page_ACHPersonalPaymentEntry/txt_confirmAccountNumber' is present

05-10-2024T00:09:57 - [MESSAGE][PASSED] - Text '12344444' is set on object 'Object Repository/IWP30/Page_ACHPersonalPaymentEntry/txt_confirmAccountNumber'

05-10-2024T00:09:58 - [MESSAGE][PASSED] - Object 'Object Repository/IWP30/Page_ACHPersonalPaymentEntry/rd_accountType' is present

05-10-2024T00:09:58 - [MESSAGE][PASSED] - Modify property of object successfully

05-10-2024T00:09:58 - [MESSAGE][PASSED] - Object: 'Object Repository/IWP30/Page_ACHPersonalPaymentEntry/rd_accountType' is clicked on

05-10-2024T00:09:59 - [MESSAGE][PASSED] - Text '365 Main Avenue' is set on object 'Object Repository/IWP30/Page_ACHPersonalPaymentEntry/txt_AL1'

05-10-2024T00:09:59 - [MESSAGE][PASSED] - Text '22201' is set on object 'Object Repository/IWP30/Page_ACHPersonalPaymentEntry/txt_ZIP'

05-10-2024T00:10:00 - [MESSAGE][PASSED] - Object 'Object Repository/IWP30/Page_ACHPersonalPaymentEntry/txt_Email' is present

05-10-2024T00:10:00 - [MESSAGE][PASSED] - Text 'iahmed@govolution.com' is set on object 'Object Repository/IWP30/Page_ACHPersonalPaymentEntry/txt_Email'

05-10-2024T00:10:01 - [MESSAGE][PASSED] - Object 'Object Repository/IWP30/Page_ACHPersonalPaymentEntry/cb_TermsAndCond' is present

05-10-2024T00:10:01 - [MESSAGE][PASSED] - Object: 'Object Repository/IWP30/Page_ACHPersonalPaymentEntry/cb_TermsAndCond' is clicked on

05-10-2024T00:10:01 - [MESSAGE][PASSED] - Object 'Object Repository/IWP30/Page_ACHPersonalPaymentEntry/btn_Continue' is present

05-10-2024T00:10:03 - [MESSAGE][PASSED] - Object: 'Object Repository/IWP30/Page_ACHPersonalPaymentEntry/btn_Continue' is clicked on

05-10-2024T00:10:03 - [MESSAGE][PASSED] - iwpPages.achPersonalPaymentEntryPage.setDataACHPPM is PASSED

05-10-2024T00:10:03 - [TEST_STEP][PASSED] - click(findTestObject("Object Repository/IWP30/Page_Confirmation/ConfirmButton")): Object: 'Object Repository/IWP30/Page_Confirmation/ConfirmButton' is clicked on

05-10-2024T00:10:05 - [MESSAGE][PASSED] - Object: 'Object Repository/IWP30/Page_Confirmation/ConfirmButton' is clicked on

05-10-2024T00:10:05 - [TEST_STEP][PASSED] - Thread.sleep(2000): null

05-10-2024T00:10:07 - [TEST_STEP][PASSED] - if (verifyTextPresent("AutoPay", false)): null

05-10-2024T00:10:07 - [MESSAGE][PASSED] - Text 'AutoPay' is present on page 

05-10-2024T00:10:07 - [TEST_STEP][PASSED] - println("Autopay is present on page. Autopay is created"): null

05-10-2024T00:10:07 - [TEST_STEP][PASSED] - openBrowser(testHarnessURL): Browser is opened with url: 'https://dev-algorithm.govolution.com/vrelaytest/QA/version_2_2/vrelaytest.html'

05-10-2024T00:10:07 - [MESSAGE][WARNING] - A browser is already opened. Closing browser and opening a new one

05-10-2024T00:10:07 - [MESSAGE][INFO] - Starting 'Edge Chromium' driver

05-10-2024T00:10:07 - [MESSAGE][INFO] - User set preference: ['acceptInsecureCerts', 'true']

05-10-2024T00:10:10 - [MESSAGE][INFO] - Action delay is set to 0 milliseconds

05-10-2024T00:10:13 - [MESSAGE][PASSED] - Browser is opened with url: 'https://dev-algorithm.govolution.com/vrelaytest/QA/version_2_2/vrelaytest.html'

05-10-2024T00:10:13 - [TEST_STEP][PASSED] - maximizeWindow(): Current window maximized

05-10-2024T00:10:13 - [MESSAGE][PASSED] - Current window maximized

05-10-2024T00:10:13 - [TEST_STEP][PASSED] - iwpPages.TestHarnessPage.setDataMethodEF(row, dataFile): iwpPages.TestHarnessPage.setDataMethodEF is PASSED

05-10-2024T00:10:13 - [MESSAGE][PASSED] - Object 'Object Repository/IWP30/Page_QATestHarness/RemittanceID' is present

05-10-2024T00:10:14 - [MESSAGE][PASSED] - Text '638' is set on object 'Object Repository/IWP30/Page_QATestHarness/ApplicationID'

05-10-2024T00:10:15 - [MESSAGE][PASSED] - Text '2.5' is set on object 'Object Repository/IWP30/Page_QATestHarness/MessageVersion'

05-10-2024T00:10:15 - [MESSAGE][PASSED] - Text 'x8hT4EP9QCnT' is set on object 'Object Repository/IWP30/Page_QATestHarness/RemittanceID'

05-10-2024T00:10:18 - [MESSAGE][PASSED] - Object: 'Object Repository/IWP30/Page_QATestHarness/SubmitButton' is clicked on

05-10-2024T00:10:18 - [MESSAGE][PASSED] - iwpPages.TestHarnessPage.setDataMethodEF is PASSED

05-10-2024T00:10:18 - [TEST_STEP][PASSED] - click(findTestObject("Object Repository/IWP30/Page_ManagePlan_Autopay/btn_cancel")): Object: 'Object Repository/IWP30/Page_ManagePlan_Autopay/btn_cancel' is clicked on

05-10-2024T00:10:19 - [MESSAGE][PASSED] - Object: 'Object Repository/IWP30/Page_ManagePlan_Autopay/btn_cancel' is clicked on

05-10-2024T00:10:19 - [TEST_STEP][PASSED] - click(findTestObject("Object Repository/IWP30/Page_CancelPlan/btn_cancel")): Object: 'Object Repository/IWP30/Page_CancelPlan/btn_cancel' is clicked on

05-10-2024T00:10:20 - [MESSAGE][PASSED] - Object: 'Object Repository/IWP30/Page_CancelPlan/btn_cancel' is clicked on

05-10-2024T00:10:20 - [TEST_STEP][PASSED] - if (verifyTextPresent("Your payment plan has been cancelled successfully", false)): null

05-10-2024T00:10:21 - [MESSAGE][PASSED] - Text 'Your payment plan has been cancelled successfully' is present on page 

05-10-2024T00:10:21 - [TEST_STEP][PASSED] - markPassed("Your payment plan has been successfully created and canceled"): Your payment plan has been successfully created and canceled

05-10-2024T00:10:21 - [MESSAGE][PASSED] - Your payment plan has been successfully created and canceled

05-10-2024T00:10:21 - [TEST_STEP][PASSED] - resText = "Pass": null

05-10-2024T00:10:21 - [TEST_STEP][PASSED] - println(row): null

05-10-2024T00:10:21 - [TEST_STEP][PASSED] - pages.WriteExcel.demoKey(resText, datText, resColumn, datCloumn, fileLoc, nameSheet, row): pages.WriteExcel.demoKey is PASSED

05-10-2024T00:10:21 - [MESSAGE][PASSED] - pages.WriteExcel.demoKey is PASSED

05-10-2024T00:10:21 - [TEST_STEP][PASSED] - closeBrowser(): Browser is closed

05-10-2024T00:10:22 - [MESSAGE][PASSED] - Browser is closed]]></system-out>
         <system-err><![CDATA[]]></system-err>
      </testcase>
      <testcase name="Test Cases/IntegratedWeb/IWP25/Payments/CCDeferredCorp" time="73.221" classname="Test Cases/IntegratedWeb/IWP25/Payments/CCDeferredCorp" status="PASSED">
         <system-out><![CDATA[05-10-2024T00:10:22 - [TEST_CASE][PASSED] - Test Cases/IntegratedWeb/IWP25/Payments/CCDeferredCorp: Test Cases/IntegratedWeb/IWP25/Payments/CCDeferredCorp

05-10-2024T00:10:22 - [TEST_STEP][PASSED] - resText = "Fail": null

05-10-2024T00:10:22 - [TEST_STEP][PASSED] - resColumn = "Result": null

05-10-2024T00:10:22 - [TEST_STEP][PASSED] - datCloumn = "Date": null

05-10-2024T00:10:22 - [TEST_STEP][PASSED] - fileLoc = "KatalonData/IWPTestData/VRelay25PaymentsExtension.xlsx": null

05-10-2024T00:10:22 - [TEST_STEP][PASSED] - numOfRows = <not implemented yet for class: org.codehaus.groovy.ast.expr.EmptyExpression>: null

05-10-2024T00:10:22 - [TEST_STEP][PASSED] - dataFile = <not implemented yet for class: org.codehaus.groovy.ast.expr.EmptyExpression>: null

05-10-2024T00:10:22 - [TEST_STEP][PASSED] - nameSheet = <not implemented yet for class: org.codehaus.groovy.ast.expr.EmptyExpression>: null

05-10-2024T00:10:22 - [TEST_STEP][PASSED] - dataFileEmulator = <not implemented yet for class: org.codehaus.groovy.ast.expr.EmptyExpression>: null

05-10-2024T00:10:22 - [TEST_STEP][PASSED] - isRequiredTextPresent = false: null

05-10-2024T00:10:22 - [TEST_STEP][PASSED] - nameSheet = "CCDeferredPlanCorp": null

05-10-2024T00:10:22 - [TEST_STEP][PASSED] - dataFile = "IWPTestData/IWP25CCDeferredCorp": null

05-10-2024T00:10:22 - [TEST_STEP][PASSED] - dataFileEmulator = "IWPTestData/EmulatorData": null

05-10-2024T00:10:22 - [TEST_STEP][PASSED] - numOfRows = findTestData(dataFile).getRowNumbers(): null

05-10-2024T00:10:22 - [TEST_STEP][PASSED] - println("Number of Records: " + numOfRows): null

05-10-2024T00:10:22 - [TEST_STEP][PASSED] - for ([row = 1, row <= numOfRows, (row++)]): Browser is closed

05-10-2024T00:10:22 - [TEST_STEP][PASSED] - ExecuteTC = findTestData(dataFile).getValue("Execute", row): null

05-10-2024T00:10:22 - [TEST_STEP][PASSED] - out.println("Value of Execute is : " + ExecuteTC): null

05-10-2024T00:10:22 - [TEST_STEP][PASSED] - if (ExecuteTC.equalsIgnoreCase("Y")): null

05-10-2024T00:10:22 - [TEST_STEP][PASSED] - out.println("Begin Record Number: " + row): null

05-10-2024T00:10:22 - [TEST_STEP][PASSED] - today = new java.util.Date(): null

05-10-2024T00:10:22 - [TEST_STEP][PASSED] - println(today): null

05-10-2024T00:10:22 - [TEST_STEP][PASSED] - datText = today: null

05-10-2024T00:10:22 - [TEST_STEP][PASSED] - EmulatorDataKey = findTestData(dataFile).getValue("EmulatorData", row): null

05-10-2024T00:10:22 - [TEST_STEP][PASSED] - out.println("Value of Emulator Key is : " + EmulatorDataKey): null

05-10-2024T00:10:22 - [TEST_STEP][PASSED] - iwpPages.emulatorIWP30.setDataEmulator_DD(EmulatorDataKey): iwpPages.emulatorIWP30.setDataEmulator_DD is PASSED

05-10-2024T00:10:22 - [MESSAGE][INFO] - Starting 'Edge Chromium' driver

05-10-2024T00:10:22 - [MESSAGE][INFO] - User set preference: ['acceptInsecureCerts', 'true']

05-10-2024T00:10:24 - [MESSAGE][INFO] - Action delay is set to 0 milliseconds

05-10-2024T00:10:28 - [MESSAGE][PASSED] - Browser is opened with url: 'https://qa.velocitypayment.com/agency/config.do?action=editor&message_version=2_5'

05-10-2024T00:10:28 - [MESSAGE][PASSED] - Current window maximized

05-10-2024T00:10:29 - [MESSAGE][PASSED] - All options with value '2.5' are selected in object 'Object Repository/IWP30/Page_VRelay30Emulator/MV'  using regular expression

05-10-2024T00:10:30 - [MESSAGE][PASSED] - Text '10.50' is set on object 'Object Repository/IWP30/Page_VRelay30Emulator/Amount'

05-10-2024T00:10:31 - [MESSAGE][PASSED] - Text 'QHnNJOSQd9MS' is set on object 'Object Repository/IWP30/Page_VRelay30Emulator/CAN'

05-10-2024T00:10:31 - [MESSAGE][PASSED] - Text 'PayNow' is set on object 'Object Repository/IWP30/Page_VRelay30Emulator/Action'

05-10-2024T00:10:32 - [MESSAGE][PASSED] - Text 'en_US' is set on object 'Object Repository/IWP30/Page_VRelay30Emulator/Lang'

05-10-2024T00:10:32 - [MESSAGE][PASSED] - Text '' is set on object 'Object Repository/IWP30/Page_VRelay30Emulator/Fname'

05-10-2024T00:10:33 - [MESSAGE][PASSED] - Text '' is set on object 'Object Repository/IWP30/Page_VRelay30Emulator/Lname'

05-10-2024T00:10:34 - [MESSAGE][PASSED] - Text '' is set on object 'Object Repository/IWP30/Page_VRelay30Emulator/AL1'

05-10-2024T00:10:34 - [MESSAGE][PASSED] - Text '' is set on object 'Object Repository/IWP30/Page_VRelay30Emulator/AL2'

05-10-2024T00:10:35 - [MESSAGE][PASSED] - Text '' is set on object 'Object Repository/IWP30/Page_VRelay30Emulator/Country'

05-10-2024T00:10:35 - [MESSAGE][PASSED] - Text '' is set on object 'Object Repository/IWP30/Page_VRelay30Emulator/City'

05-10-2024T00:10:36 - [MESSAGE][PASSED] - Text '' is set on object 'Object Repository/IWP30/Page_VRelay30Emulator/State'

05-10-2024T00:10:36 - [MESSAGE][PASSED] - Text '' is set on object 'Object Repository/IWP30/Page_VRelay30Emulator/ZIP'

05-10-2024T00:10:37 - [MESSAGE][PASSED] - Text '' is set on object 'Object Repository/IWP30/Page_VRelay30Emulator/Order'

05-10-2024T00:10:38 - [MESSAGE][PASSED] - Text '' is set on object 'Object Repository/IWP30/Page_VRelay30Emulator/Company'

05-10-2024T00:10:38 - [MESSAGE][PASSED] - Text '' is set on object 'Object Repository/IWP30/Page_VRelay30Emulator/Email'

05-10-2024T00:10:39 - [MESSAGE][PASSED] - Text '' is set on object 'Object Repository/IWP30/Page_VRelay30Emulator/UDF1'

05-10-2024T00:10:39 - [MESSAGE][PASSED] - Text '' is set on object 'Object Repository/IWP30/Page_VRelay30Emulator/UDF2'

05-10-2024T00:10:40 - [MESSAGE][PASSED] - Text '' is set on object 'Object Repository/IWP30/Page_VRelay30Emulator/UDF3'

05-10-2024T00:10:40 - [MESSAGE][PASSED] - Text 'udf data 4' is set on object 'Object Repository/IWP30/Page_VRelay30Emulator/UDF4'

05-10-2024T00:10:41 - [MESSAGE][PASSED] - Text 'udf data 5' is set on object 'Object Repository/IWP30/Page_VRelay30Emulator/UDF5'

05-10-2024T00:10:42 - [MESSAGE][PASSED] - Text '' is set on object 'Object Repository/IWP30/Page_VRelay30Emulator/UDF6'

05-10-2024T00:10:42 - [MESSAGE][PASSED] - Text '' is set on object 'Object Repository/IWP30/Page_VRelay30Emulator/UDF7'

05-10-2024T00:10:43 - [MESSAGE][PASSED] - Text '' is set on object 'Object Repository/IWP30/Page_VRelay30Emulator/UDF8'

05-10-2024T00:10:43 - [MESSAGE][PASSED] - Text 'udf data 9' is set on object 'Object Repository/IWP30/Page_VRelay30Emulator/UDF9'

05-10-2024T00:10:44 - [MESSAGE][PASSED] - Text 'udf data 10' is set on object 'Object Repository/IWP30/Page_VRelay30Emulator/UDF10'

05-10-2024T00:10:45 - [MESSAGE][PASSED] - Object: 'Object Repository/IWP30/Page_VRelay30Emulator/Submit' is clicked on

05-10-2024T00:10:50 - [MESSAGE][PASSED] - Browser is closed

05-10-2024T00:10:54 - [MESSAGE][PASSED] - iwpPages.emulatorIWP30.setDataEmulator_DD is PASSED

05-10-2024T00:10:54 - [TEST_STEP][PASSED] - testHarnessURL = urlTestHarness: null

05-10-2024T00:10:54 - [TEST_STEP][PASSED] - openBrowser(testHarnessURL): Browser is opened with url: 'https://dev-algorithm.govolution.com/vrelaytest/QA/version_2_2/vrelaytest.html'

05-10-2024T00:10:54 - [MESSAGE][INFO] - Starting 'Edge Chromium' driver

05-10-2024T00:10:54 - [MESSAGE][INFO] - User set preference: ['acceptInsecureCerts', 'true']

05-10-2024T00:10:56 - [MESSAGE][INFO] - Action delay is set to 0 milliseconds

05-10-2024T00:10:59 - [MESSAGE][PASSED] - Browser is opened with url: 'https://dev-algorithm.govolution.com/vrelaytest/QA/version_2_2/vrelaytest.html'

05-10-2024T00:10:59 - [TEST_STEP][PASSED] - maximizeWindow(): Current window maximized

05-10-2024T00:11:00 - [MESSAGE][PASSED] - Current window maximized

05-10-2024T00:11:00 - [TEST_STEP][PASSED] - iwpPages.TestHarnessPage.setDataMethod(row, dataFile): iwpPages.TestHarnessPage.setDataMethod is PASSED

05-10-2024T00:11:00 - [MESSAGE][PASSED] - Object 'Object Repository/IWP30/Page_QATestHarness/RemittanceID' is present

05-10-2024T00:11:01 - [MESSAGE][PASSED] - Text '638' is set on object 'Object Repository/IWP30/Page_QATestHarness/ApplicationID'

05-10-2024T00:11:01 - [MESSAGE][PASSED] - Text '2.5' is set on object 'Object Repository/IWP30/Page_QATestHarness/MessageVersion'

05-10-2024T00:11:02 - [MESSAGE][PASSED] - Text 'BEG572aenziI' is set on object 'Object Repository/IWP30/Page_QATestHarness/RemittanceID'

05-10-2024T00:11:05 - [MESSAGE][PASSED] - Object: 'Object Repository/IWP30/Page_QATestHarness/SubmitButton' is clicked on

05-10-2024T00:11:05 - [MESSAGE][PASSED] - iwpPages.TestHarnessPage.setDataMethod is PASSED

05-10-2024T00:11:05 - [TEST_STEP][PASSED] - click(findTestObject("Object Repository/IWP30/Page_SelectPaymentMethod/PayByCorporateCheck")): Object: 'Object Repository/IWP30/Page_SelectPaymentMethod/PayByCorporateCheck' is clicked on

05-10-2024T00:11:05 - [MESSAGE][PASSED] - Object: 'Object Repository/IWP30/Page_SelectPaymentMethod/PayByCorporateCheck' is clicked on

05-10-2024T00:11:05 - [TEST_STEP][PASSED] - click(findTestObject("Object Repository/IWP30/Page_SelectPaymentMethod/MakePaymentButton")): Object: 'Object Repository/IWP30/Page_SelectPaymentMethod/MakePaymentButton' is clicked on

05-10-2024T00:11:07 - [MESSAGE][PASSED] - Object: 'Object Repository/IWP30/Page_SelectPaymentMethod/MakePaymentButton' is clicked on

05-10-2024T00:11:07 - [TEST_STEP][PASSED] - iwpPages.achCorporatePaymentEntryPage.setDataCorporate(row, dataFile): iwpPages.achCorporatePaymentEntryPage.setDataCorporate is PASSED

05-10-2024T00:11:08 - [MESSAGE][PASSED] - Object 'Object Repository/IWP30/Page_ACHCorporatePaymentEntry/txt_accountNumber' is present

05-10-2024T00:11:08 - [MESSAGE][PASSED] - Object 'Object Repository/IWP30/Page_ACHCorporatePaymentEntry/input_CompanyName' is present

05-10-2024T00:11:09 - [MESSAGE][PASSED] - Text 'My Company' is set on object 'Object Repository/IWP30/Page_ACHCorporatePaymentEntry/input_CompanyName'

05-10-2024T00:11:09 - [MESSAGE][PASSED] - Object 'Object Repository/IWP30/Page_ACHCorporatePaymentEntry/input_EIN' is present

05-10-2024T00:11:09 - [MESSAGE][PASSED] - Text '123456789' is set on object 'Object Repository/IWP30/Page_ACHCorporatePaymentEntry/input_EIN'

05-10-2024T00:11:10 - [MESSAGE][PASSED] - Text '10.50' is set on object 'Object Repository/IWP30/Page_ACHCorporatePaymentEntry/txt_Amount'

05-10-2024T00:11:11 - [MESSAGE][PASSED] - Text 'udf data 2' is set on object 'Object Repository/IWP30/Page_ACHCorporatePaymentEntry/txt_UDF2'

05-10-2024T00:11:11 - [MESSAGE][PASSED] - Text 'udf data 3' is set on object 'Object Repository/IWP30/Page_ACHCorporatePaymentEntry/txt_UDF3'

05-10-2024T00:11:12 - [MESSAGE][PASSED] - All options with label 'Orange' are selected in object 'Object Repository/IWP30/Page_ACHCorporatePaymentEntry/dd_UDF7' 

05-10-2024T00:11:12 - [MESSAGE][PASSED] - All options with label 'Soccer' are selected in object 'Object Repository/IWP30/Page_ACHCorporatePaymentEntry/dd_UDF8' 

05-10-2024T00:11:13 - [MESSAGE][PASSED] - Object 'Object Repository/IWP30/Page_ACHCorporatePaymentEntry/txt_routingNumber' is present

05-10-2024T00:11:13 - [MESSAGE][PASSED] - Text '256072691' is set on object 'Object Repository/IWP30/Page_ACHCorporatePaymentEntry/txt_routingNumber'

05-10-2024T00:11:14 - [MESSAGE][PASSED] - Object 'Object Repository/IWP30/Page_ACHCorporatePaymentEntry/txt_accountNumber' is present

05-10-2024T00:11:15 - [MESSAGE][PASSED] - Text '12344444' is set on object 'Object Repository/IWP30/Page_ACHCorporatePaymentEntry/txt_accountNumber'

05-10-2024T00:11:15 - [MESSAGE][PASSED] - Object 'Object Repository/IWP30/Page_ACHCorporatePaymentEntry/txt_confirmAccountNumber' is present

05-10-2024T00:11:16 - [MESSAGE][PASSED] - Text '12344444' is set on object 'Object Repository/IWP30/Page_ACHCorporatePaymentEntry/txt_confirmAccountNumber'

05-10-2024T00:11:16 - [MESSAGE][PASSED] - Execute JavaScript '
				   document.getElementById('processDate').value = '08/09/2025'
				  ' successfully

05-10-2024T00:11:17 - [MESSAGE][PASSED] - Text '365 Main Avenue' is set on object 'Object Repository/IWP30/Page_ACHCorporatePaymentEntry/txt_AL1'

05-10-2024T00:11:17 - [MESSAGE][PASSED] - Text '22201' is set on object 'Object Repository/IWP30/Page_ACHCorporatePaymentEntry/txt_ZIP'

05-10-2024T00:11:17 - [MESSAGE][PASSED] - Object 'Object Repository/IWP30/Page_ACHCorporatePaymentEntry/txt_Email' is present

05-10-2024T00:11:18 - [MESSAGE][PASSED] - Text 'iahmed@govolution.com' is set on object 'Object Repository/IWP30/Page_ACHCorporatePaymentEntry/txt_Email'

05-10-2024T00:11:19 - [MESSAGE][PASSED] - Object 'Object Repository/IWP30/Page_ACHCorporatePaymentEntry/cb_TermsAndCond' is present

05-10-2024T00:11:19 - [MESSAGE][PASSED] - Object: 'Object Repository/IWP30/Page_ACHCorporatePaymentEntry/cb_TermsAndCond' is clicked on

05-10-2024T00:11:19 - [MESSAGE][PASSED] - Object 'Object Repository/IWP30/Page_ACHCorporatePaymentEntry/btn_Continue' is present

05-10-2024T00:11:20 - [MESSAGE][PASSED] - Object: 'Object Repository/IWP30/Page_ACHCorporatePaymentEntry/btn_Continue' is clicked on

05-10-2024T00:11:20 - [MESSAGE][PASSED] - iwpPages.achCorporatePaymentEntryPage.setDataCorporate is PASSED

05-10-2024T00:11:20 - [TEST_STEP][PASSED] - click(findTestObject("Object Repository/IWP30/Page_Confirmation/ConfirmButton")): Object: 'Object Repository/IWP30/Page_Confirmation/ConfirmButton' is clicked on

05-10-2024T00:11:22 - [MESSAGE][PASSED] - Object: 'Object Repository/IWP30/Page_Confirmation/ConfirmButton' is clicked on

05-10-2024T00:11:22 - [TEST_STEP][PASSED] - Thread.sleep(2000): null

05-10-2024T00:11:24 - [TEST_STEP][PASSED] - if (verifyTextPresent("Deferred", false)): null

05-10-2024T00:11:24 - [MESSAGE][PASSED] - Text 'Deferred' is present on page 

05-10-2024T00:11:24 - [TEST_STEP][PASSED] - println("Deferred is present on page. Deferred Pay is created"): null

05-10-2024T00:11:24 - [TEST_STEP][PASSED] - click(findTestObject("Object Repository/IWP30/Page_Receipt/ViewScheduledPaymentsButton")): Object: 'Object Repository/IWP30/Page_Receipt/ViewScheduledPaymentsButton' is clicked on

05-10-2024T00:11:25 - [MESSAGE][PASSED] - Object: 'Object Repository/IWP30/Page_Receipt/ViewScheduledPaymentsButton' is clicked on

05-10-2024T00:11:25 - [TEST_STEP][PASSED] - switchToWindowTitle("View Scheduled Payments"): Switched to window with title: 'View Scheduled Payments'

05-10-2024T00:11:25 - [MESSAGE][PASSED] - Switched to window with title: 'View Scheduled Payments'

05-10-2024T00:11:25 - [TEST_STEP][PASSED] - Thread.sleep(5000): null

05-10-2024T00:11:30 - [TEST_STEP][PASSED] - if (verifyTextPresent("View Scheduled Payments", false)): null

05-10-2024T00:11:30 - [MESSAGE][PASSED] - Text 'View Scheduled Payments' is present on page 

05-10-2024T00:11:30 - [TEST_STEP][PASSED] - click(findTestObject("Object Repository/IWP30/Page_ScheduledPayments/cancel_payment")): Object: 'Object Repository/IWP30/Page_ScheduledPayments/cancel_payment' is clicked on

05-10-2024T00:11:32 - [MESSAGE][PASSED] - Object: 'Object Repository/IWP30/Page_ScheduledPayments/cancel_payment' is clicked on

05-10-2024T00:11:32 - [TEST_STEP][PASSED] - if (verifyTextPresent("Cancel Payment Plan", false)): null

05-10-2024T00:11:32 - [MESSAGE][PASSED] - Text 'Cancel Payment Plan' is present on page 

05-10-2024T00:11:32 - [TEST_STEP][PASSED] - click(findTestObject("Object Repository/IWP30/Page_PaymentPlan/btn_cancel")): Object: 'Object Repository/IWP30/Page_PaymentPlan/btn_cancel' is clicked on

05-10-2024T00:11:33 - [MESSAGE][PASSED] - Object: 'Object Repository/IWP30/Page_PaymentPlan/btn_cancel' is clicked on

05-10-2024T00:11:33 - [TEST_STEP][PASSED] - acceptAlert(): Alert accepted

05-10-2024T00:11:33 - [MESSAGE][PASSED] - Alert accepted

05-10-2024T00:11:33 - [TEST_STEP][PASSED] - if (verifyTextPresent("Your payment plan has been successfully canceled", false)): null

05-10-2024T00:11:34 - [MESSAGE][PASSED] - Text 'Your payment plan has been successfully canceled' is present on page 

05-10-2024T00:11:34 - [TEST_STEP][PASSED] - markPassed("Your payment plan has been successfully created and canceled"): Your payment plan has been successfully created and canceled

05-10-2024T00:11:34 - [MESSAGE][PASSED] - Your payment plan has been successfully created and canceled

05-10-2024T00:11:34 - [TEST_STEP][PASSED] - resText = "Pass": null

05-10-2024T00:11:34 - [TEST_STEP][PASSED] - println(row): null

05-10-2024T00:11:34 - [TEST_STEP][PASSED] - pages.WriteExcel.demoKey(resText, datText, resColumn, datCloumn, fileLoc, nameSheet, row): pages.WriteExcel.demoKey is PASSED

05-10-2024T00:11:34 - [MESSAGE][PASSED] - pages.WriteExcel.demoKey is PASSED

05-10-2024T00:11:34 - [TEST_STEP][PASSED] - closeBrowser(): Browser is closed

05-10-2024T00:11:35 - [MESSAGE][PASSED] - Browser is closed]]></system-out>
         <system-err><![CDATA[]]></system-err>
      </testcase>
      <testcase name="Test Cases/IntegratedWeb/IWP25/Payments/CCDeferredCredit" time="72.485" classname="Test Cases/IntegratedWeb/IWP25/Payments/CCDeferredCredit" status="PASSED">
         <system-out><![CDATA[05-10-2024T00:11:35 - [TEST_CASE][PASSED] - Test Cases/IntegratedWeb/IWP25/Payments/CCDeferredCredit: Test Cases/IntegratedWeb/IWP25/Payments/CCDeferredCredit

05-10-2024T00:11:35 - [TEST_STEP][PASSED] - resText = "Fail": null

05-10-2024T00:11:35 - [TEST_STEP][PASSED] - resColumn = "Result": null

05-10-2024T00:11:35 - [TEST_STEP][PASSED] - datCloumn = "Date": null

05-10-2024T00:11:35 - [TEST_STEP][PASSED] - fileLoc = "KatalonData/IWPTestData/VRelay25PaymentsExtension.xlsx": null

05-10-2024T00:11:35 - [TEST_STEP][PASSED] - numOfRows = <not implemented yet for class: org.codehaus.groovy.ast.expr.EmptyExpression>: null

05-10-2024T00:11:35 - [TEST_STEP][PASSED] - dataFile = <not implemented yet for class: org.codehaus.groovy.ast.expr.EmptyExpression>: null

05-10-2024T00:11:35 - [TEST_STEP][PASSED] - nameSheet = <not implemented yet for class: org.codehaus.groovy.ast.expr.EmptyExpression>: null

05-10-2024T00:11:35 - [TEST_STEP][PASSED] - dataFileEmulator = <not implemented yet for class: org.codehaus.groovy.ast.expr.EmptyExpression>: null

05-10-2024T00:11:35 - [TEST_STEP][PASSED] - isRequiredTextPresent = false: null

05-10-2024T00:11:35 - [TEST_STEP][PASSED] - nameSheet = "CCDeferredPlanCredit": null

05-10-2024T00:11:35 - [TEST_STEP][PASSED] - dataFile = "IWPTestData/IWP25CCDeferredCredit": null

05-10-2024T00:11:35 - [TEST_STEP][PASSED] - dataFileEmulator = "IWPTestData/EmulatorData": null

05-10-2024T00:11:35 - [TEST_STEP][PASSED] - numOfRows = findTestData(dataFile).getRowNumbers(): null

05-10-2024T00:11:35 - [TEST_STEP][PASSED] - println("Number of Records: " + numOfRows): null

05-10-2024T00:11:35 - [TEST_STEP][PASSED] - for ([row = 1, row <= numOfRows, (row++)]): Browser is closed

05-10-2024T00:11:35 - [TEST_STEP][PASSED] - ExecuteTC = findTestData(dataFile).getValue("Execute", row): null

05-10-2024T00:11:35 - [TEST_STEP][PASSED] - out.println("Value of Execute is : " + ExecuteTC): null

05-10-2024T00:11:35 - [TEST_STEP][PASSED] - if (ExecuteTC.equalsIgnoreCase("Y")): null

05-10-2024T00:11:35 - [TEST_STEP][PASSED] - out.println("Begin Record Number: " + row): null

05-10-2024T00:11:35 - [TEST_STEP][PASSED] - today = new java.util.Date(): null

05-10-2024T00:11:35 - [TEST_STEP][PASSED] - println(today): null

05-10-2024T00:11:35 - [TEST_STEP][PASSED] - datText = today: null

05-10-2024T00:11:35 - [TEST_STEP][PASSED] - EmulatorDataKey = findTestData(dataFile).getValue("EmulatorData", row): null

05-10-2024T00:11:35 - [TEST_STEP][PASSED] - out.println("Value of Emulator Key is : " + EmulatorDataKey): null

05-10-2024T00:11:35 - [TEST_STEP][PASSED] - iwpPages.emulatorIWP30.setDataEmulator_DD(EmulatorDataKey): iwpPages.emulatorIWP30.setDataEmulator_DD is PASSED

05-10-2024T00:11:36 - [MESSAGE][INFO] - Starting 'Edge Chromium' driver

05-10-2024T00:11:36 - [MESSAGE][INFO] - User set preference: ['acceptInsecureCerts', 'true']

05-10-2024T00:11:38 - [MESSAGE][INFO] - Action delay is set to 0 milliseconds

05-10-2024T00:11:41 - [MESSAGE][PASSED] - Browser is opened with url: 'https://qa.velocitypayment.com/agency/config.do?action=editor&message_version=2_5'

05-10-2024T00:11:41 - [MESSAGE][PASSED] - Current window maximized

05-10-2024T00:11:42 - [MESSAGE][PASSED] - All options with value '2.5' are selected in object 'Object Repository/IWP30/Page_VRelay30Emulator/MV'  using regular expression

05-10-2024T00:11:42 - [MESSAGE][PASSED] - Text '10.50' is set on object 'Object Repository/IWP30/Page_VRelay30Emulator/Amount'

05-10-2024T00:11:43 - [MESSAGE][PASSED] - Text 'rI1KQ1ipTJ7r' is set on object 'Object Repository/IWP30/Page_VRelay30Emulator/CAN'

05-10-2024T00:11:44 - [MESSAGE][PASSED] - Text 'PayNow' is set on object 'Object Repository/IWP30/Page_VRelay30Emulator/Action'

05-10-2024T00:11:44 - [MESSAGE][PASSED] - Text 'en_US' is set on object 'Object Repository/IWP30/Page_VRelay30Emulator/Lang'

05-10-2024T00:11:45 - [MESSAGE][PASSED] - Text '' is set on object 'Object Repository/IWP30/Page_VRelay30Emulator/Fname'

05-10-2024T00:11:46 - [MESSAGE][PASSED] - Text '' is set on object 'Object Repository/IWP30/Page_VRelay30Emulator/Lname'

05-10-2024T00:11:46 - [MESSAGE][PASSED] - Text '' is set on object 'Object Repository/IWP30/Page_VRelay30Emulator/AL1'

05-10-2024T00:11:47 - [MESSAGE][PASSED] - Text '' is set on object 'Object Repository/IWP30/Page_VRelay30Emulator/AL2'

05-10-2024T00:11:47 - [MESSAGE][PASSED] - Text '' is set on object 'Object Repository/IWP30/Page_VRelay30Emulator/Country'

05-10-2024T00:11:48 - [MESSAGE][PASSED] - Text '' is set on object 'Object Repository/IWP30/Page_VRelay30Emulator/City'

05-10-2024T00:11:49 - [MESSAGE][PASSED] - Text '' is set on object 'Object Repository/IWP30/Page_VRelay30Emulator/State'

05-10-2024T00:11:49 - [MESSAGE][PASSED] - Text '' is set on object 'Object Repository/IWP30/Page_VRelay30Emulator/ZIP'

05-10-2024T00:11:50 - [MESSAGE][PASSED] - Text '' is set on object 'Object Repository/IWP30/Page_VRelay30Emulator/Order'

05-10-2024T00:11:50 - [MESSAGE][PASSED] - Text '' is set on object 'Object Repository/IWP30/Page_VRelay30Emulator/Company'

05-10-2024T00:11:51 - [MESSAGE][PASSED] - Text '' is set on object 'Object Repository/IWP30/Page_VRelay30Emulator/Email'

05-10-2024T00:11:51 - [MESSAGE][PASSED] - Text '' is set on object 'Object Repository/IWP30/Page_VRelay30Emulator/UDF1'

05-10-2024T00:11:52 - [MESSAGE][PASSED] - Text '' is set on object 'Object Repository/IWP30/Page_VRelay30Emulator/UDF2'

05-10-2024T00:11:53 - [MESSAGE][PASSED] - Text '' is set on object 'Object Repository/IWP30/Page_VRelay30Emulator/UDF3'

05-10-2024T00:11:53 - [MESSAGE][PASSED] - Text 'udf data 4' is set on object 'Object Repository/IWP30/Page_VRelay30Emulator/UDF4'

05-10-2024T00:11:54 - [MESSAGE][PASSED] - Text 'udf data 5' is set on object 'Object Repository/IWP30/Page_VRelay30Emulator/UDF5'

05-10-2024T00:11:54 - [MESSAGE][PASSED] - Text '' is set on object 'Object Repository/IWP30/Page_VRelay30Emulator/UDF6'

05-10-2024T00:11:55 - [MESSAGE][PASSED] - Text '' is set on object 'Object Repository/IWP30/Page_VRelay30Emulator/UDF7'

05-10-2024T00:11:56 - [MESSAGE][PASSED] - Text '' is set on object 'Object Repository/IWP30/Page_VRelay30Emulator/UDF8'

05-10-2024T00:11:56 - [MESSAGE][PASSED] - Text 'udf data 9' is set on object 'Object Repository/IWP30/Page_VRelay30Emulator/UDF9'

05-10-2024T00:11:57 - [MESSAGE][PASSED] - Text 'udf data 10' is set on object 'Object Repository/IWP30/Page_VRelay30Emulator/UDF10'

05-10-2024T00:11:58 - [MESSAGE][PASSED] - Object: 'Object Repository/IWP30/Page_VRelay30Emulator/Submit' is clicked on

05-10-2024T00:12:02 - [MESSAGE][PASSED] - Browser is closed

05-10-2024T00:12:07 - [MESSAGE][PASSED] - iwpPages.emulatorIWP30.setDataEmulator_DD is PASSED

05-10-2024T00:12:07 - [TEST_STEP][PASSED] - testHarnessURL = urlTestHarness: null

05-10-2024T00:12:07 - [TEST_STEP][PASSED] - openBrowser(testHarnessURL): Browser is opened with url: 'https://dev-algorithm.govolution.com/vrelaytest/QA/version_2_2/vrelaytest.html'

05-10-2024T00:12:07 - [MESSAGE][INFO] - Starting 'Edge Chromium' driver

05-10-2024T00:12:07 - [MESSAGE][INFO] - User set preference: ['acceptInsecureCerts', 'true']

05-10-2024T00:12:09 - [MESSAGE][INFO] - Action delay is set to 0 milliseconds

05-10-2024T00:12:12 - [MESSAGE][PASSED] - Browser is opened with url: 'https://dev-algorithm.govolution.com/vrelaytest/QA/version_2_2/vrelaytest.html'

05-10-2024T00:12:12 - [TEST_STEP][PASSED] - maximizeWindow(): Current window maximized

05-10-2024T00:12:12 - [MESSAGE][PASSED] - Current window maximized

05-10-2024T00:12:12 - [TEST_STEP][PASSED] - iwpPages.TestHarnessPage.setDataMethod(row, dataFile): iwpPages.TestHarnessPage.setDataMethod is PASSED

05-10-2024T00:12:12 - [MESSAGE][PASSED] - Object 'Object Repository/IWP30/Page_QATestHarness/RemittanceID' is present

05-10-2024T00:12:13 - [MESSAGE][PASSED] - Text '638' is set on object 'Object Repository/IWP30/Page_QATestHarness/ApplicationID'

05-10-2024T00:12:14 - [MESSAGE][PASSED] - Text '2.5' is set on object 'Object Repository/IWP30/Page_QATestHarness/MessageVersion'

05-10-2024T00:12:14 - [MESSAGE][PASSED] - Text 'dP7JwMO1xHYz' is set on object 'Object Repository/IWP30/Page_QATestHarness/RemittanceID'

05-10-2024T00:12:18 - [MESSAGE][PASSED] - Object: 'Object Repository/IWP30/Page_QATestHarness/SubmitButton' is clicked on

05-10-2024T00:12:18 - [MESSAGE][PASSED] - iwpPages.TestHarnessPage.setDataMethod is PASSED

05-10-2024T00:12:18 - [TEST_STEP][PASSED] - click(findTestObject("Object Repository/IWP30/Page_SelectPaymentMethod/PayByCreditCard")): Object: 'Object Repository/IWP30/Page_SelectPaymentMethod/PayByCreditCard' is clicked on

05-10-2024T00:12:19 - [MESSAGE][PASSED] - Object: 'Object Repository/IWP30/Page_SelectPaymentMethod/PayByCreditCard' is clicked on

05-10-2024T00:12:19 - [TEST_STEP][PASSED] - click(findTestObject("Object Repository/IWP30/Page_SelectPaymentMethod/MakePaymentButton")): Object: 'Object Repository/IWP30/Page_SelectPaymentMethod/MakePaymentButton' is clicked on

05-10-2024T00:12:20 - [MESSAGE][PASSED] - Object: 'Object Repository/IWP30/Page_SelectPaymentMethod/MakePaymentButton' is clicked on

05-10-2024T00:12:20 - [TEST_STEP][PASSED] - iwpPages.ccPaymentEntryPage.setDataCCPM(row, dataFile): iwpPages.ccPaymentEntryPage.setDataCCPM is PASSED

05-10-2024T00:12:21 - [MESSAGE][PASSED] - Object 'Object Repository/IWP30/Page_CCPaymentEntry/Name' is present

05-10-2024T00:12:21 - [MESSAGE][PASSED] - Text '10.50' is set on object 'Object Repository/IWP30/Page_CCPaymentEntry/Amount'

05-10-2024T00:12:22 - [MESSAGE][PASSED] - Text 'udf data 2' is set on object 'Object Repository/IWP30/Page_CCPaymentEntry/UserDefined2'

05-10-2024T00:12:23 - [MESSAGE][PASSED] - Text 'udf data 3' is set on object 'Object Repository/IWP30/Page_CCPaymentEntry/UserDefined3'

05-10-2024T00:12:23 - [MESSAGE][PASSED] - All options with label 'Orange' are selected in object 'Object Repository/IWP30/Page_CCPaymentEntry/UserDefined7' 

05-10-2024T00:12:24 - [MESSAGE][PASSED] - All options with label 'Soccer' are selected in object 'Object Repository/IWP30/Page_CCPaymentEntry/UserDefined8' 

05-10-2024T00:12:24 - [MESSAGE][PASSED] - Object 'Object Repository/IWP30/Page_CCPaymentEntry/Name' is present

05-10-2024T00:12:25 - [MESSAGE][PASSED] - Text 'Kavita Ranawati' is set on object 'Object Repository/IWP30/Page_CCPaymentEntry/Name'

05-10-2024T00:12:25 - [MESSAGE][PASSED] - Object 'Object Repository/IWP30/Page_CCPaymentEntry/CardNumber' is present

05-10-2024T00:12:26 - [MESSAGE][PASSED] - Text '4111111111111111' is set on object 'Object Repository/IWP30/Page_CCPaymentEntry/CardNumber'

05-10-2024T00:12:26 - [MESSAGE][PASSED] - Text '123' is set on object 'Object Repository/IWP30/Page_CCPaymentEntry/SPC'

05-10-2024T00:12:27 - [MESSAGE][PASSED] - Object 'Object Repository/IWP30/Page_CCPaymentEntry/Month' is present

05-10-2024T00:12:28 - [MESSAGE][PASSED] - All options with label '01' are selected in object 'Object Repository/IWP30/Page_CCPaymentEntry/Month' 

05-10-2024T00:12:28 - [MESSAGE][PASSED] - Object 'Object Repository/IWP30/Page_CCPaymentEntry/Year' is present

05-10-2024T00:12:28 - [MESSAGE][PASSED] - All options with label '2028' are selected in object 'Object Repository/IWP30/Page_CCPaymentEntry/Year' 

05-10-2024T00:12:28 - [MESSAGE][PASSED] - Execute JavaScript '
				   document.getElementById('processDate').value = '08/09/2025'
				  ' successfully

05-10-2024T00:12:29 - [MESSAGE][PASSED] - Text '365 Main Avenue' is set on object 'Object Repository/IWP30/Page_CCPaymentEntry/AL1'

05-10-2024T00:12:30 - [MESSAGE][PASSED] - Text '22201' is set on object 'Object Repository/IWP30/Page_CCPaymentEntry/ZIP'

05-10-2024T00:12:30 - [MESSAGE][PASSED] - Object 'Object Repository/IWP30/Page_CCPaymentEntry/EmailAddress' is present

05-10-2024T00:12:31 - [MESSAGE][PASSED] - Text 'iahmed@govolution.com' is set on object 'Object Repository/IWP30/Page_CCPaymentEntry/EmailAddress'

05-10-2024T00:12:31 - [MESSAGE][PASSED] - Object 'Object Repository/IWP30/Page_CCPaymentEntry/TermCondCheckBox' is present

05-10-2024T00:12:31 - [MESSAGE][PASSED] - Object 'Object Repository/IWP30/Page_CCPaymentEntry/TermCondCheckBox' is checked

05-10-2024T00:12:32 - [MESSAGE][PASSED] - Object 'Object Repository/IWP30/Page_CCPaymentEntry/ContinueButton' is present

05-10-2024T00:12:33 - [MESSAGE][PASSED] - Object: 'Object Repository/IWP30/Page_CCPaymentEntry/ContinueButton' is clicked on

05-10-2024T00:12:33 - [MESSAGE][PASSED] - iwpPages.ccPaymentEntryPage.setDataCCPM is PASSED

05-10-2024T00:12:33 - [TEST_STEP][PASSED] - click(findTestObject("Object Repository/IWP30/Page_Confirmation/ConfirmButton")): Object: 'Object Repository/IWP30/Page_Confirmation/ConfirmButton' is clicked on

05-10-2024T00:12:35 - [MESSAGE][PASSED] - Object: 'Object Repository/IWP30/Page_Confirmation/ConfirmButton' is clicked on

05-10-2024T00:12:35 - [TEST_STEP][PASSED] - Thread.sleep(2000): null

05-10-2024T00:12:37 - [TEST_STEP][PASSED] - if (verifyTextPresent("Deferred", false)): null

05-10-2024T00:12:37 - [MESSAGE][PASSED] - Text 'Deferred' is present on page 

05-10-2024T00:12:37 - [TEST_STEP][PASSED] - println("Deferred is present on page. Deferred Pay is created"): null

05-10-2024T00:12:37 - [TEST_STEP][PASSED] - click(findTestObject("Object Repository/IWP30/Page_Receipt/ViewScheduledPaymentsButton")): Object: 'Object Repository/IWP30/Page_Receipt/ViewScheduledPaymentsButton' is clicked on

05-10-2024T00:12:38 - [MESSAGE][PASSED] - Object: 'Object Repository/IWP30/Page_Receipt/ViewScheduledPaymentsButton' is clicked on

05-10-2024T00:12:38 - [TEST_STEP][PASSED] - switchToWindowTitle("View Scheduled Payments"): Switched to window with title: 'View Scheduled Payments'

05-10-2024T00:12:38 - [MESSAGE][PASSED] - Switched to window with title: 'View Scheduled Payments'

05-10-2024T00:12:38 - [TEST_STEP][PASSED] - Thread.sleep(5000): null

05-10-2024T00:12:43 - [TEST_STEP][PASSED] - if (verifyTextPresent("View Scheduled Payments", false)): null

05-10-2024T00:12:43 - [MESSAGE][PASSED] - Text 'View Scheduled Payments' is present on page 

05-10-2024T00:12:43 - [TEST_STEP][PASSED] - click(findTestObject("Object Repository/IWP30/Page_ScheduledPayments/cancel_payment")): Object: 'Object Repository/IWP30/Page_ScheduledPayments/cancel_payment' is clicked on

05-10-2024T00:12:45 - [MESSAGE][PASSED] - Object: 'Object Repository/IWP30/Page_ScheduledPayments/cancel_payment' is clicked on

05-10-2024T00:12:45 - [TEST_STEP][PASSED] - if (verifyTextPresent("Cancel Payment Plan", false)): null

05-10-2024T00:12:45 - [MESSAGE][PASSED] - Text 'Cancel Payment Plan' is present on page 

05-10-2024T00:12:45 - [TEST_STEP][PASSED] - click(findTestObject("Object Repository/IWP30/Page_PaymentPlan/btn_cancel")): Object: 'Object Repository/IWP30/Page_PaymentPlan/btn_cancel' is clicked on

05-10-2024T00:12:46 - [MESSAGE][PASSED] - Object: 'Object Repository/IWP30/Page_PaymentPlan/btn_cancel' is clicked on

05-10-2024T00:12:46 - [TEST_STEP][PASSED] - acceptAlert(): Alert accepted

05-10-2024T00:12:46 - [MESSAGE][PASSED] - Alert accepted

05-10-2024T00:12:46 - [TEST_STEP][PASSED] - if (verifyTextPresent("Your payment plan has been successfully canceled", false)): null

05-10-2024T00:12:47 - [MESSAGE][PASSED] - Text 'Your payment plan has been successfully canceled' is present on page 

05-10-2024T00:12:47 - [TEST_STEP][PASSED] - markPassed("Your payment plan has been successfully created and canceled"): Your payment plan has been successfully created and canceled

05-10-2024T00:12:47 - [MESSAGE][PASSED] - Your payment plan has been successfully created and canceled

05-10-2024T00:12:47 - [TEST_STEP][PASSED] - resText = "Pass": null

05-10-2024T00:12:47 - [TEST_STEP][PASSED] - println(row): null

05-10-2024T00:12:47 - [TEST_STEP][PASSED] - pages.WriteExcel.demoKey(resText, datText, resColumn, datCloumn, fileLoc, nameSheet, row): pages.WriteExcel.demoKey is PASSED

05-10-2024T00:12:47 - [MESSAGE][PASSED] - pages.WriteExcel.demoKey is PASSED

05-10-2024T00:12:47 - [TEST_STEP][PASSED] - closeBrowser(): Browser is closed

05-10-2024T00:12:48 - [MESSAGE][PASSED] - Browser is closed]]></system-out>
         <system-err><![CDATA[]]></system-err>
      </testcase>
      <testcase name="Test Cases/IntegratedWeb/IWP25/Payments/CCDeferredPC" time="72.894" classname="Test Cases/IntegratedWeb/IWP25/Payments/CCDeferredPC" status="PASSED">
         <system-out><![CDATA[05-10-2024T00:12:48 - [TEST_CASE][PASSED] - Test Cases/IntegratedWeb/IWP25/Payments/CCDeferredPC: Test Cases/IntegratedWeb/IWP25/Payments/CCDeferredPC

05-10-2024T00:12:48 - [TEST_STEP][PASSED] - resText = "Fail": null

05-10-2024T00:12:48 - [TEST_STEP][PASSED] - resColumn = "Result": null

05-10-2024T00:12:48 - [TEST_STEP][PASSED] - datCloumn = "Date": null

05-10-2024T00:12:48 - [TEST_STEP][PASSED] - fileLoc = "KatalonData/IWPTestData/VRelay25PaymentsExtension.xlsx": null

05-10-2024T00:12:48 - [TEST_STEP][PASSED] - numOfRows = <not implemented yet for class: org.codehaus.groovy.ast.expr.EmptyExpression>: null

05-10-2024T00:12:48 - [TEST_STEP][PASSED] - dataFile = <not implemented yet for class: org.codehaus.groovy.ast.expr.EmptyExpression>: null

05-10-2024T00:12:48 - [TEST_STEP][PASSED] - nameSheet = <not implemented yet for class: org.codehaus.groovy.ast.expr.EmptyExpression>: null

05-10-2024T00:12:48 - [TEST_STEP][PASSED] - dataFileEmulator = <not implemented yet for class: org.codehaus.groovy.ast.expr.EmptyExpression>: null

05-10-2024T00:12:48 - [TEST_STEP][PASSED] - isRequiredTextPresent = false: null

05-10-2024T00:12:48 - [TEST_STEP][PASSED] - nameSheet = "CCDeferredPlanPC": null

05-10-2024T00:12:48 - [TEST_STEP][PASSED] - dataFile = "IWPTestData/IWP25CCDeferredPC": null

05-10-2024T00:12:48 - [TEST_STEP][PASSED] - dataFileEmulator = "IWPTestData/EmulatorData": null

05-10-2024T00:12:48 - [TEST_STEP][PASSED] - numOfRows = findTestData(dataFile).getRowNumbers(): null

05-10-2024T00:12:48 - [TEST_STEP][PASSED] - println("Number of Records: " + numOfRows): null

05-10-2024T00:12:48 - [TEST_STEP][PASSED] - for ([row = 1, row <= numOfRows, (row++)]): Browser is closed

05-10-2024T00:12:48 - [TEST_STEP][PASSED] - ExecuteTC = findTestData(dataFile).getValue("Execute", row): null

05-10-2024T00:12:48 - [TEST_STEP][PASSED] - out.println("Value of Execute is : " + ExecuteTC): null

05-10-2024T00:12:48 - [TEST_STEP][PASSED] - if (ExecuteTC.equalsIgnoreCase("Y")): null

05-10-2024T00:12:48 - [TEST_STEP][PASSED] - out.println("Begin Record Number: " + row): null

05-10-2024T00:12:48 - [TEST_STEP][PASSED] - today = new java.util.Date(): null

05-10-2024T00:12:48 - [TEST_STEP][PASSED] - println(today): null

05-10-2024T00:12:48 - [TEST_STEP][PASSED] - datText = today: null

05-10-2024T00:12:48 - [TEST_STEP][PASSED] - EmulatorDataKey = findTestData(dataFile).getValue("EmulatorData", row): null

05-10-2024T00:12:48 - [TEST_STEP][PASSED] - out.println("Value of Emulator Key is : " + EmulatorDataKey): null

05-10-2024T00:12:48 - [TEST_STEP][PASSED] - iwpPages.emulatorIWP30.setDataEmulator_DD(EmulatorDataKey): iwpPages.emulatorIWP30.setDataEmulator_DD is PASSED

05-10-2024T00:12:48 - [MESSAGE][INFO] - Starting 'Edge Chromium' driver

05-10-2024T00:12:48 - [MESSAGE][INFO] - User set preference: ['acceptInsecureCerts', 'true']

05-10-2024T00:12:50 - [MESSAGE][INFO] - Action delay is set to 0 milliseconds

05-10-2024T00:12:54 - [MESSAGE][PASSED] - Browser is opened with url: 'https://qa.velocitypayment.com/agency/config.do?action=editor&message_version=2_5'

05-10-2024T00:12:54 - [MESSAGE][PASSED] - Current window maximized

05-10-2024T00:12:55 - [MESSAGE][PASSED] - All options with value '2.5' are selected in object 'Object Repository/IWP30/Page_VRelay30Emulator/MV'  using regular expression

05-10-2024T00:12:55 - [MESSAGE][PASSED] - Text '10.50' is set on object 'Object Repository/IWP30/Page_VRelay30Emulator/Amount'

05-10-2024T00:12:56 - [MESSAGE][PASSED] - Text '181ua2Spe6lg' is set on object 'Object Repository/IWP30/Page_VRelay30Emulator/CAN'

05-10-2024T00:12:57 - [MESSAGE][PASSED] - Text 'PayNow' is set on object 'Object Repository/IWP30/Page_VRelay30Emulator/Action'

05-10-2024T00:12:57 - [MESSAGE][PASSED] - Text 'en_US' is set on object 'Object Repository/IWP30/Page_VRelay30Emulator/Lang'

05-10-2024T00:12:58 - [MESSAGE][PASSED] - Text '' is set on object 'Object Repository/IWP30/Page_VRelay30Emulator/Fname'

05-10-2024T00:12:58 - [MESSAGE][PASSED] - Text '' is set on object 'Object Repository/IWP30/Page_VRelay30Emulator/Lname'

05-10-2024T00:12:59 - [MESSAGE][PASSED] - Text '' is set on object 'Object Repository/IWP30/Page_VRelay30Emulator/AL1'

05-10-2024T00:12:59 - [MESSAGE][PASSED] - Text '' is set on object 'Object Repository/IWP30/Page_VRelay30Emulator/AL2'

05-10-2024T00:13:00 - [MESSAGE][PASSED] - Text '' is set on object 'Object Repository/IWP30/Page_VRelay30Emulator/Country'

05-10-2024T00:13:01 - [MESSAGE][PASSED] - Text '' is set on object 'Object Repository/IWP30/Page_VRelay30Emulator/City'

05-10-2024T00:13:01 - [MESSAGE][PASSED] - Text '' is set on object 'Object Repository/IWP30/Page_VRelay30Emulator/State'

05-10-2024T00:13:02 - [MESSAGE][PASSED] - Text '' is set on object 'Object Repository/IWP30/Page_VRelay30Emulator/ZIP'

05-10-2024T00:13:02 - [MESSAGE][PASSED] - Text '' is set on object 'Object Repository/IWP30/Page_VRelay30Emulator/Order'

05-10-2024T00:13:03 - [MESSAGE][PASSED] - Text '' is set on object 'Object Repository/IWP30/Page_VRelay30Emulator/Company'

05-10-2024T00:13:04 - [MESSAGE][PASSED] - Text '' is set on object 'Object Repository/IWP30/Page_VRelay30Emulator/Email'

05-10-2024T00:13:04 - [MESSAGE][PASSED] - Text '' is set on object 'Object Repository/IWP30/Page_VRelay30Emulator/UDF1'

05-10-2024T00:13:05 - [MESSAGE][PASSED] - Text '' is set on object 'Object Repository/IWP30/Page_VRelay30Emulator/UDF2'

05-10-2024T00:13:05 - [MESSAGE][PASSED] - Text '' is set on object 'Object Repository/IWP30/Page_VRelay30Emulator/UDF3'

05-10-2024T00:13:06 - [MESSAGE][PASSED] - Text 'udf data 4' is set on object 'Object Repository/IWP30/Page_VRelay30Emulator/UDF4'

05-10-2024T00:13:06 - [MESSAGE][PASSED] - Text 'udf data 5' is set on object 'Object Repository/IWP30/Page_VRelay30Emulator/UDF5'

05-10-2024T00:13:07 - [MESSAGE][PASSED] - Text '' is set on object 'Object Repository/IWP30/Page_VRelay30Emulator/UDF6'

05-10-2024T00:13:08 - [MESSAGE][PASSED] - Text '' is set on object 'Object Repository/IWP30/Page_VRelay30Emulator/UDF7'

05-10-2024T00:13:08 - [MESSAGE][PASSED] - Text '' is set on object 'Object Repository/IWP30/Page_VRelay30Emulator/UDF8'

05-10-2024T00:13:09 - [MESSAGE][PASSED] - Text 'udf data 9' is set on object 'Object Repository/IWP30/Page_VRelay30Emulator/UDF9'

05-10-2024T00:13:09 - [MESSAGE][PASSED] - Text 'udf data 10' is set on object 'Object Repository/IWP30/Page_VRelay30Emulator/UDF10'

05-10-2024T00:13:11 - [MESSAGE][PASSED] - Object: 'Object Repository/IWP30/Page_VRelay30Emulator/Submit' is clicked on

05-10-2024T00:13:15 - [MESSAGE][PASSED] - Browser is closed

05-10-2024T00:13:19 - [MESSAGE][PASSED] - iwpPages.emulatorIWP30.setDataEmulator_DD is PASSED

05-10-2024T00:13:19 - [TEST_STEP][PASSED] - testHarnessURL = urlTestHarness: null

05-10-2024T00:13:19 - [TEST_STEP][PASSED] - openBrowser(testHarnessURL): Browser is opened with url: 'https://dev-algorithm.govolution.com/vrelaytest/QA/version_2_2/vrelaytest.html'

05-10-2024T00:13:19 - [MESSAGE][INFO] - Starting 'Edge Chromium' driver

05-10-2024T00:13:19 - [MESSAGE][INFO] - User set preference: ['acceptInsecureCerts', 'true']

05-10-2024T00:13:21 - [MESSAGE][INFO] - Action delay is set to 0 milliseconds

05-10-2024T00:13:24 - [MESSAGE][PASSED] - Browser is opened with url: 'https://dev-algorithm.govolution.com/vrelaytest/QA/version_2_2/vrelaytest.html'

05-10-2024T00:13:24 - [TEST_STEP][PASSED] - maximizeWindow(): Current window maximized

05-10-2024T00:13:25 - [MESSAGE][PASSED] - Current window maximized

05-10-2024T00:13:25 - [TEST_STEP][PASSED] - iwpPages.TestHarnessPage.setDataMethod(row, dataFile): iwpPages.TestHarnessPage.setDataMethod is PASSED

05-10-2024T00:13:25 - [MESSAGE][PASSED] - Object 'Object Repository/IWP30/Page_QATestHarness/RemittanceID' is present

05-10-2024T00:13:26 - [MESSAGE][PASSED] - Text '638' is set on object 'Object Repository/IWP30/Page_QATestHarness/ApplicationID'

05-10-2024T00:13:26 - [MESSAGE][PASSED] - Text '2.5' is set on object 'Object Repository/IWP30/Page_QATestHarness/MessageVersion'

05-10-2024T00:13:27 - [MESSAGE][PASSED] - Text 'hBBMSYtTJStO' is set on object 'Object Repository/IWP30/Page_QATestHarness/RemittanceID'

05-10-2024T00:13:30 - [MESSAGE][PASSED] - Object: 'Object Repository/IWP30/Page_QATestHarness/SubmitButton' is clicked on

05-10-2024T00:13:30 - [MESSAGE][PASSED] - iwpPages.TestHarnessPage.setDataMethod is PASSED

05-10-2024T00:13:30 - [TEST_STEP][PASSED] - click(findTestObject("Object Repository/IWP30/Page_SelectPaymentMethod/PayByPersonalCheck")): Object: 'Object Repository/IWP30/Page_SelectPaymentMethod/PayByPersonalCheck' is clicked on

05-10-2024T00:13:30 - [MESSAGE][PASSED] - Object: 'Object Repository/IWP30/Page_SelectPaymentMethod/PayByPersonalCheck' is clicked on

05-10-2024T00:13:30 - [TEST_STEP][PASSED] - click(findTestObject("Object Repository/IWP30/Page_SelectPaymentMethod/MakePaymentButton")): Object: 'Object Repository/IWP30/Page_SelectPaymentMethod/MakePaymentButton' is clicked on

05-10-2024T00:13:32 - [MESSAGE][PASSED] - Object: 'Object Repository/IWP30/Page_SelectPaymentMethod/MakePaymentButton' is clicked on

05-10-2024T00:13:32 - [TEST_STEP][PASSED] - iwpPages.achPersonalPaymentEntryPage.setDataACHPPM(row, dataFile): iwpPages.achPersonalPaymentEntryPage.setDataACHPPM is PASSED

05-10-2024T00:13:33 - [MESSAGE][PASSED] - Object 'Object Repository/IWP30/Page_ACHPersonalPaymentEntry/txt_accountNumber' is present

05-10-2024T00:13:34 - [MESSAGE][PASSED] - Text '10.50' is set on object 'Object Repository/IWP30/Page_ACHPersonalPaymentEntry/txt_Amount'

05-10-2024T00:13:34 - [MESSAGE][PASSED] - Object 'Object Repository/IWP30/Page_ACHPersonalPaymentEntry/txt_UDF2' is present

05-10-2024T00:13:34 - [MESSAGE][PASSED] - Text 'udf data 2' is set on object 'Object Repository/IWP30/Page_ACHPersonalPaymentEntry/txt_UDF2'

05-10-2024T00:13:35 - [MESSAGE][PASSED] - Text 'udf data 3' is set on object 'Object Repository/IWP30/Page_ACHPersonalPaymentEntry/txt_UDF3'

05-10-2024T00:13:36 - [MESSAGE][PASSED] - All options with label 'Orange' are selected in object 'Object Repository/IWP30/Page_ACHPersonalPaymentEntry/dd_UDF7' 

05-10-2024T00:13:36 - [MESSAGE][PASSED] - All options with label 'Soccer' are selected in object 'Object Repository/IWP30/Page_ACHPersonalPaymentEntry/dd_UDF8' 

05-10-2024T00:13:36 - [MESSAGE][PASSED] - Object 'Object Repository/IWP30/Page_ACHPersonalPaymentEntry/txt_Firstname' is present

05-10-2024T00:13:37 - [MESSAGE][PASSED] - Text 'Elizath' is set on object 'Object Repository/IWP30/Page_ACHPersonalPaymentEntry/txt_Firstname'

05-10-2024T00:13:37 - [MESSAGE][PASSED] - Object 'Object Repository/IWP30/Page_ACHPersonalPaymentEntry/txt_Lastname' is present

05-10-2024T00:13:38 - [MESSAGE][PASSED] - Text 'Christine' is set on object 'Object Repository/IWP30/Page_ACHPersonalPaymentEntry/txt_Lastname'

05-10-2024T00:13:38 - [MESSAGE][PASSED] - Object 'Object Repository/IWP30/Page_ACHPersonalPaymentEntry/txt_routingNumber' is present

05-10-2024T00:13:39 - [MESSAGE][PASSED] - Text '256072691' is set on object 'Object Repository/IWP30/Page_ACHPersonalPaymentEntry/txt_routingNumber'

05-10-2024T00:13:39 - [MESSAGE][PASSED] - Object 'Object Repository/IWP30/Page_ACHPersonalPaymentEntry/txt_accountNumber' is present

05-10-2024T00:13:40 - [MESSAGE][PASSED] - Text '12344444' is set on object 'Object Repository/IWP30/Page_ACHPersonalPaymentEntry/txt_accountNumber'

05-10-2024T00:13:41 - [MESSAGE][PASSED] - Object 'Object Repository/IWP30/Page_ACHPersonalPaymentEntry/txt_confirmAccountNumber' is present

05-10-2024T00:13:41 - [MESSAGE][PASSED] - Text '12344444' is set on object 'Object Repository/IWP30/Page_ACHPersonalPaymentEntry/txt_confirmAccountNumber'

05-10-2024T00:13:42 - [MESSAGE][PASSED] - Object 'Object Repository/IWP30/Page_ACHPersonalPaymentEntry/rd_accountType' is present

05-10-2024T00:13:42 - [MESSAGE][PASSED] - Modify property of object successfully

05-10-2024T00:13:42 - [MESSAGE][PASSED] - Object: 'Object Repository/IWP30/Page_ACHPersonalPaymentEntry/rd_accountType' is clicked on

05-10-2024T00:13:42 - [MESSAGE][PASSED] - Execute JavaScript '
				   document.getElementById('processDate').value = '08/09/2025'
				  ' successfully

05-10-2024T00:13:42 - [MESSAGE][PASSED] - Text '365 Main Avenue' is set on object 'Object Repository/IWP30/Page_ACHPersonalPaymentEntry/txt_AL1'

05-10-2024T00:13:43 - [MESSAGE][PASSED] - Text '22201' is set on object 'Object Repository/IWP30/Page_ACHPersonalPaymentEntry/txt_ZIP'

05-10-2024T00:13:43 - [MESSAGE][PASSED] - Object 'Object Repository/IWP30/Page_ACHPersonalPaymentEntry/txt_Email' is present

05-10-2024T00:13:44 - [MESSAGE][PASSED] - Text 'iahmed@govolution.com' is set on object 'Object Repository/IWP30/Page_ACHPersonalPaymentEntry/txt_Email'

05-10-2024T00:13:45 - [MESSAGE][PASSED] - Object 'Object Repository/IWP30/Page_ACHPersonalPaymentEntry/cb_TermsAndCond' is present

05-10-2024T00:13:45 - [MESSAGE][PASSED] - Object: 'Object Repository/IWP30/Page_ACHPersonalPaymentEntry/cb_TermsAndCond' is clicked on

05-10-2024T00:13:45 - [MESSAGE][PASSED] - Object 'Object Repository/IWP30/Page_ACHPersonalPaymentEntry/btn_Continue' is present

05-10-2024T00:13:46 - [MESSAGE][PASSED] - Object: 'Object Repository/IWP30/Page_ACHPersonalPaymentEntry/btn_Continue' is clicked on

05-10-2024T00:13:46 - [MESSAGE][PASSED] - iwpPages.achPersonalPaymentEntryPage.setDataACHPPM is PASSED

05-10-2024T00:13:46 - [TEST_STEP][PASSED] - click(findTestObject("Object Repository/IWP30/Page_Confirmation/ConfirmButton")): Object: 'Object Repository/IWP30/Page_Confirmation/ConfirmButton' is clicked on

05-10-2024T00:13:48 - [MESSAGE][PASSED] - Object: 'Object Repository/IWP30/Page_Confirmation/ConfirmButton' is clicked on

05-10-2024T00:13:48 - [TEST_STEP][PASSED] - Thread.sleep(2000): null

05-10-2024T00:13:50 - [TEST_STEP][PASSED] - if (verifyTextPresent("Deferred", false)): null

05-10-2024T00:13:50 - [MESSAGE][PASSED] - Text 'Deferred' is present on page 

05-10-2024T00:13:50 - [TEST_STEP][PASSED] - println("Deferred is present on page. Deferred Pay is created"): null

05-10-2024T00:13:50 - [TEST_STEP][PASSED] - click(findTestObject("Object Repository/IWP30/Page_Receipt/ViewScheduledPaymentsButton")): Object: 'Object Repository/IWP30/Page_Receipt/ViewScheduledPaymentsButton' is clicked on

05-10-2024T00:13:51 - [MESSAGE][PASSED] - Object: 'Object Repository/IWP30/Page_Receipt/ViewScheduledPaymentsButton' is clicked on

05-10-2024T00:13:51 - [TEST_STEP][PASSED] - switchToWindowTitle("View Scheduled Payments"): Switched to window with title: 'View Scheduled Payments'

05-10-2024T00:13:51 - [MESSAGE][PASSED] - Switched to window with title: 'View Scheduled Payments'

05-10-2024T00:13:51 - [TEST_STEP][PASSED] - Thread.sleep(5000): null

05-10-2024T00:13:56 - [TEST_STEP][PASSED] - if (verifyTextPresent("View Scheduled Payments", false)): null

05-10-2024T00:13:56 - [MESSAGE][PASSED] - Text 'View Scheduled Payments' is present on page 

05-10-2024T00:13:56 - [TEST_STEP][PASSED] - click(findTestObject("Object Repository/IWP30/Page_ScheduledPayments/cancel_payment")): Object: 'Object Repository/IWP30/Page_ScheduledPayments/cancel_payment' is clicked on

05-10-2024T00:13:58 - [MESSAGE][PASSED] - Object: 'Object Repository/IWP30/Page_ScheduledPayments/cancel_payment' is clicked on

05-10-2024T00:13:58 - [TEST_STEP][PASSED] - if (verifyTextPresent("Cancel Payment Plan", false)): null

05-10-2024T00:13:58 - [MESSAGE][PASSED] - Text 'Cancel Payment Plan' is present on page 

05-10-2024T00:13:58 - [TEST_STEP][PASSED] - click(findTestObject("Object Repository/IWP30/Page_PaymentPlan/btn_cancel")): Object: 'Object Repository/IWP30/Page_PaymentPlan/btn_cancel' is clicked on

05-10-2024T00:13:58 - [MESSAGE][PASSED] - Object: 'Object Repository/IWP30/Page_PaymentPlan/btn_cancel' is clicked on

05-10-2024T00:13:58 - [TEST_STEP][PASSED] - acceptAlert(): Alert accepted

05-10-2024T00:13:58 - [MESSAGE][PASSED] - Alert accepted

05-10-2024T00:13:58 - [TEST_STEP][PASSED] - if (verifyTextPresent("Your payment plan has been successfully canceled", false)): null

05-10-2024T00:14:00 - [MESSAGE][PASSED] - Text 'Your payment plan has been successfully canceled' is present on page 

05-10-2024T00:14:00 - [TEST_STEP][PASSED] - markPassed("Your payment plan has been successfully created and canceled"): Your payment plan has been successfully created and canceled

05-10-2024T00:14:00 - [MESSAGE][PASSED] - Your payment plan has been successfully created and canceled

05-10-2024T00:14:00 - [TEST_STEP][PASSED] - resText = "Pass": null

05-10-2024T00:14:00 - [TEST_STEP][PASSED] - println(row): null

05-10-2024T00:14:00 - [TEST_STEP][PASSED] - pages.WriteExcel.demoKey(resText, datText, resColumn, datCloumn, fileLoc, nameSheet, row): pages.WriteExcel.demoKey is PASSED

05-10-2024T00:14:00 - [MESSAGE][PASSED] - pages.WriteExcel.demoKey is PASSED

05-10-2024T00:14:00 - [TEST_STEP][PASSED] - closeBrowser(): Browser is closed

05-10-2024T00:14:00 - [MESSAGE][PASSED] - Browser is closed]]></system-out>
         <system-err><![CDATA[]]></system-err>
      </testcase>
      <testcase name="Test Cases/IntegratedWeb/IWP25/Payments/CCDeferredPS" time="72.92" classname="Test Cases/IntegratedWeb/IWP25/Payments/CCDeferredPS" status="PASSED">
         <system-out><![CDATA[05-10-2024T00:14:00 - [TEST_CASE][PASSED] - Test Cases/IntegratedWeb/IWP25/Payments/CCDeferredPS: Test Cases/IntegratedWeb/IWP25/Payments/CCDeferredPS

05-10-2024T00:14:01 - [TEST_STEP][PASSED] - resText = "Fail": null

05-10-2024T00:14:01 - [TEST_STEP][PASSED] - resColumn = "Result": null

05-10-2024T00:14:01 - [TEST_STEP][PASSED] - datCloumn = "Date": null

05-10-2024T00:14:01 - [TEST_STEP][PASSED] - fileLoc = "KatalonData/IWPTestData/VRelay25PaymentsExtension.xlsx": null

05-10-2024T00:14:01 - [TEST_STEP][PASSED] - numOfRows = <not implemented yet for class: org.codehaus.groovy.ast.expr.EmptyExpression>: null

05-10-2024T00:14:01 - [TEST_STEP][PASSED] - dataFile = <not implemented yet for class: org.codehaus.groovy.ast.expr.EmptyExpression>: null

05-10-2024T00:14:01 - [TEST_STEP][PASSED] - nameSheet = <not implemented yet for class: org.codehaus.groovy.ast.expr.EmptyExpression>: null

05-10-2024T00:14:01 - [TEST_STEP][PASSED] - dataFileEmulator = <not implemented yet for class: org.codehaus.groovy.ast.expr.EmptyExpression>: null

05-10-2024T00:14:01 - [TEST_STEP][PASSED] - isRequiredTextPresent = false: null

05-10-2024T00:14:01 - [TEST_STEP][PASSED] - nameSheet = "CCDeferredPlanPS": null

05-10-2024T00:14:01 - [TEST_STEP][PASSED] - dataFile = "IWPTestData/IWP25CCDeferredPS": null

05-10-2024T00:14:01 - [TEST_STEP][PASSED] - dataFileEmulator = "IWPTestData/EmulatorData": null

05-10-2024T00:14:01 - [TEST_STEP][PASSED] - numOfRows = findTestData(dataFile).getRowNumbers(): null

05-10-2024T00:14:01 - [TEST_STEP][PASSED] - println("Number of Records: " + numOfRows): null

05-10-2024T00:14:01 - [TEST_STEP][PASSED] - for ([row = 1, row <= numOfRows, (row++)]): Browser is closed

05-10-2024T00:14:01 - [TEST_STEP][PASSED] - ExecuteTC = findTestData(dataFile).getValue("Execute", row): null

05-10-2024T00:14:01 - [TEST_STEP][PASSED] - out.println("Value of Execute is : " + ExecuteTC): null

05-10-2024T00:14:01 - [TEST_STEP][PASSED] - if (ExecuteTC.equalsIgnoreCase("Y")): null

05-10-2024T00:14:01 - [TEST_STEP][PASSED] - out.println("Begin Record Number: " + row): null

05-10-2024T00:14:01 - [TEST_STEP][PASSED] - today = new java.util.Date(): null

05-10-2024T00:14:01 - [TEST_STEP][PASSED] - println(today): null

05-10-2024T00:14:01 - [TEST_STEP][PASSED] - datText = today: null

05-10-2024T00:14:01 - [TEST_STEP][PASSED] - EmulatorDataKey = findTestData(dataFile).getValue("EmulatorData", row): null

05-10-2024T00:14:01 - [TEST_STEP][PASSED] - out.println("Value of Emulator Key is : " + EmulatorDataKey): null

05-10-2024T00:14:01 - [TEST_STEP][PASSED] - iwpPages.emulatorIWP30.setDataEmulator_DD(EmulatorDataKey): iwpPages.emulatorIWP30.setDataEmulator_DD is PASSED

05-10-2024T00:14:01 - [MESSAGE][INFO] - Starting 'Edge Chromium' driver

05-10-2024T00:14:01 - [MESSAGE][INFO] - User set preference: ['acceptInsecureCerts', 'true']

05-10-2024T00:14:03 - [MESSAGE][INFO] - Action delay is set to 0 milliseconds

05-10-2024T00:14:06 - [MESSAGE][PASSED] - Browser is opened with url: 'https://qa.velocitypayment.com/agency/config.do?action=editor&message_version=2_5'

05-10-2024T00:14:06 - [MESSAGE][PASSED] - Current window maximized

05-10-2024T00:14:07 - [MESSAGE][PASSED] - All options with value '2.5' are selected in object 'Object Repository/IWP30/Page_VRelay30Emulator/MV'  using regular expression

05-10-2024T00:14:08 - [MESSAGE][PASSED] - Text '10.50' is set on object 'Object Repository/IWP30/Page_VRelay30Emulator/Amount'

05-10-2024T00:14:09 - [MESSAGE][PASSED] - Text '7Gf37dQbpZ9x' is set on object 'Object Repository/IWP30/Page_VRelay30Emulator/CAN'

05-10-2024T00:14:09 - [MESSAGE][PASSED] - Text 'PayNow' is set on object 'Object Repository/IWP30/Page_VRelay30Emulator/Action'

05-10-2024T00:14:10 - [MESSAGE][PASSED] - Text 'en_US' is set on object 'Object Repository/IWP30/Page_VRelay30Emulator/Lang'

05-10-2024T00:14:10 - [MESSAGE][PASSED] - Text '' is set on object 'Object Repository/IWP30/Page_VRelay30Emulator/Fname'

05-10-2024T00:14:11 - [MESSAGE][PASSED] - Text '' is set on object 'Object Repository/IWP30/Page_VRelay30Emulator/Lname'

05-10-2024T00:14:12 - [MESSAGE][PASSED] - Text '' is set on object 'Object Repository/IWP30/Page_VRelay30Emulator/AL1'

05-10-2024T00:14:12 - [MESSAGE][PASSED] - Text '' is set on object 'Object Repository/IWP30/Page_VRelay30Emulator/AL2'

05-10-2024T00:14:13 - [MESSAGE][PASSED] - Text '' is set on object 'Object Repository/IWP30/Page_VRelay30Emulator/Country'

05-10-2024T00:14:13 - [MESSAGE][PASSED] - Text '' is set on object 'Object Repository/IWP30/Page_VRelay30Emulator/City'

05-10-2024T00:14:14 - [MESSAGE][PASSED] - Text '' is set on object 'Object Repository/IWP30/Page_VRelay30Emulator/State'

05-10-2024T00:14:14 - [MESSAGE][PASSED] - Text '' is set on object 'Object Repository/IWP30/Page_VRelay30Emulator/ZIP'

05-10-2024T00:14:15 - [MESSAGE][PASSED] - Text '' is set on object 'Object Repository/IWP30/Page_VRelay30Emulator/Order'

05-10-2024T00:14:16 - [MESSAGE][PASSED] - Text '' is set on object 'Object Repository/IWP30/Page_VRelay30Emulator/Company'

05-10-2024T00:14:16 - [MESSAGE][PASSED] - Text '' is set on object 'Object Repository/IWP30/Page_VRelay30Emulator/Email'

05-10-2024T00:14:17 - [MESSAGE][PASSED] - Text '' is set on object 'Object Repository/IWP30/Page_VRelay30Emulator/UDF1'

05-10-2024T00:14:17 - [MESSAGE][PASSED] - Text '' is set on object 'Object Repository/IWP30/Page_VRelay30Emulator/UDF2'

05-10-2024T00:14:18 - [MESSAGE][PASSED] - Text '' is set on object 'Object Repository/IWP30/Page_VRelay30Emulator/UDF3'

05-10-2024T00:14:18 - [MESSAGE][PASSED] - Text 'udf data 4' is set on object 'Object Repository/IWP30/Page_VRelay30Emulator/UDF4'

05-10-2024T00:14:19 - [MESSAGE][PASSED] - Text 'udf data 5' is set on object 'Object Repository/IWP30/Page_VRelay30Emulator/UDF5'

05-10-2024T00:14:20 - [MESSAGE][PASSED] - Text '' is set on object 'Object Repository/IWP30/Page_VRelay30Emulator/UDF6'

05-10-2024T00:14:20 - [MESSAGE][PASSED] - Text '' is set on object 'Object Repository/IWP30/Page_VRelay30Emulator/UDF7'

05-10-2024T00:14:21 - [MESSAGE][PASSED] - Text '' is set on object 'Object Repository/IWP30/Page_VRelay30Emulator/UDF8'

05-10-2024T00:14:21 - [MESSAGE][PASSED] - Text 'udf data 9' is set on object 'Object Repository/IWP30/Page_VRelay30Emulator/UDF9'

05-10-2024T00:14:22 - [MESSAGE][PASSED] - Text 'udf data 10' is set on object 'Object Repository/IWP30/Page_VRelay30Emulator/UDF10'

05-10-2024T00:14:23 - [MESSAGE][PASSED] - Object: 'Object Repository/IWP30/Page_VRelay30Emulator/Submit' is clicked on

05-10-2024T00:14:28 - [MESSAGE][PASSED] - Browser is closed

05-10-2024T00:14:32 - [MESSAGE][PASSED] - iwpPages.emulatorIWP30.setDataEmulator_DD is PASSED

05-10-2024T00:14:32 - [TEST_STEP][PASSED] - testHarnessURL = urlTestHarness: null

05-10-2024T00:14:32 - [TEST_STEP][PASSED] - openBrowser(testHarnessURL): Browser is opened with url: 'https://dev-algorithm.govolution.com/vrelaytest/QA/version_2_2/vrelaytest.html'

05-10-2024T00:14:32 - [MESSAGE][INFO] - Starting 'Edge Chromium' driver

05-10-2024T00:14:32 - [MESSAGE][INFO] - User set preference: ['acceptInsecureCerts', 'true']

05-10-2024T00:14:34 - [MESSAGE][INFO] - Action delay is set to 0 milliseconds

05-10-2024T00:14:37 - [MESSAGE][PASSED] - Browser is opened with url: 'https://dev-algorithm.govolution.com/vrelaytest/QA/version_2_2/vrelaytest.html'

05-10-2024T00:14:37 - [TEST_STEP][PASSED] - maximizeWindow(): Current window maximized

05-10-2024T00:14:37 - [MESSAGE][PASSED] - Current window maximized

05-10-2024T00:14:37 - [TEST_STEP][PASSED] - iwpPages.TestHarnessPage.setDataMethod(row, dataFile): iwpPages.TestHarnessPage.setDataMethod is PASSED

05-10-2024T00:14:38 - [MESSAGE][PASSED] - Object 'Object Repository/IWP30/Page_QATestHarness/RemittanceID' is present

05-10-2024T00:14:38 - [MESSAGE][PASSED] - Text '638' is set on object 'Object Repository/IWP30/Page_QATestHarness/ApplicationID'

05-10-2024T00:14:39 - [MESSAGE][PASSED] - Text '2.5' is set on object 'Object Repository/IWP30/Page_QATestHarness/MessageVersion'

05-10-2024T00:14:39 - [MESSAGE][PASSED] - Text 'cuSid6qCBVEO' is set on object 'Object Repository/IWP30/Page_QATestHarness/RemittanceID'

05-10-2024T00:14:42 - [MESSAGE][PASSED] - Object: 'Object Repository/IWP30/Page_QATestHarness/SubmitButton' is clicked on

05-10-2024T00:14:42 - [MESSAGE][PASSED] - iwpPages.TestHarnessPage.setDataMethod is PASSED

05-10-2024T00:14:42 - [TEST_STEP][PASSED] - click(findTestObject("Object Repository/IWP30/Page_SelectPaymentMethod/PayByPersonalCheck")): Object: 'Object Repository/IWP30/Page_SelectPaymentMethod/PayByPersonalCheck' is clicked on

05-10-2024T00:14:43 - [MESSAGE][PASSED] - Object: 'Object Repository/IWP30/Page_SelectPaymentMethod/PayByPersonalCheck' is clicked on

05-10-2024T00:14:43 - [TEST_STEP][PASSED] - click(findTestObject("Object Repository/IWP30/Page_SelectPaymentMethod/MakePaymentButton")): Object: 'Object Repository/IWP30/Page_SelectPaymentMethod/MakePaymentButton' is clicked on

05-10-2024T00:14:45 - [MESSAGE][PASSED] - Object: 'Object Repository/IWP30/Page_SelectPaymentMethod/MakePaymentButton' is clicked on

05-10-2024T00:14:45 - [TEST_STEP][PASSED] - iwpPages.achPersonalPaymentEntryPage.setDataACHPPM(row, dataFile): iwpPages.achPersonalPaymentEntryPage.setDataACHPPM is PASSED

05-10-2024T00:14:46 - [MESSAGE][PASSED] - Object 'Object Repository/IWP30/Page_ACHPersonalPaymentEntry/txt_accountNumber' is present

05-10-2024T00:14:46 - [MESSAGE][PASSED] - Text '10.50' is set on object 'Object Repository/IWP30/Page_ACHPersonalPaymentEntry/txt_Amount'

05-10-2024T00:14:46 - [MESSAGE][PASSED] - Object 'Object Repository/IWP30/Page_ACHPersonalPaymentEntry/txt_UDF2' is present

05-10-2024T00:14:47 - [MESSAGE][PASSED] - Text 'udf data 2' is set on object 'Object Repository/IWP30/Page_ACHPersonalPaymentEntry/txt_UDF2'

05-10-2024T00:14:48 - [MESSAGE][PASSED] - Text 'udf data 3' is set on object 'Object Repository/IWP30/Page_ACHPersonalPaymentEntry/txt_UDF3'

05-10-2024T00:14:48 - [MESSAGE][PASSED] - All options with label 'Orange' are selected in object 'Object Repository/IWP30/Page_ACHPersonalPaymentEntry/dd_UDF7' 

05-10-2024T00:14:49 - [MESSAGE][PASSED] - All options with label 'Soccer' are selected in object 'Object Repository/IWP30/Page_ACHPersonalPaymentEntry/dd_UDF8' 

05-10-2024T00:14:49 - [MESSAGE][PASSED] - Object 'Object Repository/IWP30/Page_ACHPersonalPaymentEntry/txt_Firstname' is present

05-10-2024T00:14:50 - [MESSAGE][PASSED] - Text 'Elizath' is set on object 'Object Repository/IWP30/Page_ACHPersonalPaymentEntry/txt_Firstname'

05-10-2024T00:14:50 - [MESSAGE][PASSED] - Object 'Object Repository/IWP30/Page_ACHPersonalPaymentEntry/txt_Lastname' is present

05-10-2024T00:14:50 - [MESSAGE][PASSED] - Text 'Christine' is set on object 'Object Repository/IWP30/Page_ACHPersonalPaymentEntry/txt_Lastname'

05-10-2024T00:14:51 - [MESSAGE][PASSED] - Object 'Object Repository/IWP30/Page_ACHPersonalPaymentEntry/txt_routingNumber' is present

05-10-2024T00:14:51 - [MESSAGE][PASSED] - Text '256072691' is set on object 'Object Repository/IWP30/Page_ACHPersonalPaymentEntry/txt_routingNumber'

05-10-2024T00:14:51 - [MESSAGE][PASSED] - Object 'Object Repository/IWP30/Page_ACHPersonalPaymentEntry/txt_accountNumber' is present

05-10-2024T00:14:53 - [MESSAGE][PASSED] - Text '12344444' is set on object 'Object Repository/IWP30/Page_ACHPersonalPaymentEntry/txt_accountNumber'

05-10-2024T00:14:53 - [MESSAGE][PASSED] - Object 'Object Repository/IWP30/Page_ACHPersonalPaymentEntry/txt_confirmAccountNumber' is present

05-10-2024T00:14:54 - [MESSAGE][PASSED] - Text '12344444' is set on object 'Object Repository/IWP30/Page_ACHPersonalPaymentEntry/txt_confirmAccountNumber'

05-10-2024T00:14:54 - [MESSAGE][PASSED] - Object 'Object Repository/IWP30/Page_ACHPersonalPaymentEntry/rd_accountType' is present

05-10-2024T00:14:54 - [MESSAGE][PASSED] - Modify property of object successfully

05-10-2024T00:14:54 - [MESSAGE][PASSED] - Object: 'Object Repository/IWP30/Page_ACHPersonalPaymentEntry/rd_accountType' is clicked on

05-10-2024T00:14:54 - [MESSAGE][PASSED] - Execute JavaScript '
				   document.getElementById('processDate').value = '08/09/2025'
				  ' successfully

05-10-2024T00:14:55 - [MESSAGE][PASSED] - Text '365 Main Avenue' is set on object 'Object Repository/IWP30/Page_ACHPersonalPaymentEntry/txt_AL1'

05-10-2024T00:14:56 - [MESSAGE][PASSED] - Text '22201' is set on object 'Object Repository/IWP30/Page_ACHPersonalPaymentEntry/txt_ZIP'

05-10-2024T00:14:56 - [MESSAGE][PASSED] - Object 'Object Repository/IWP30/Page_ACHPersonalPaymentEntry/txt_Email' is present

05-10-2024T00:14:57 - [MESSAGE][PASSED] - Text 'iahmed@govolution.com' is set on object 'Object Repository/IWP30/Page_ACHPersonalPaymentEntry/txt_Email'

05-10-2024T00:14:57 - [MESSAGE][PASSED] - Object 'Object Repository/IWP30/Page_ACHPersonalPaymentEntry/cb_TermsAndCond' is present

05-10-2024T00:14:58 - [MESSAGE][PASSED] - Object: 'Object Repository/IWP30/Page_ACHPersonalPaymentEntry/cb_TermsAndCond' is clicked on

05-10-2024T00:14:58 - [MESSAGE][PASSED] - Object 'Object Repository/IWP30/Page_ACHPersonalPaymentEntry/btn_Continue' is present

05-10-2024T00:14:59 - [MESSAGE][PASSED] - Object: 'Object Repository/IWP30/Page_ACHPersonalPaymentEntry/btn_Continue' is clicked on

05-10-2024T00:14:59 - [MESSAGE][PASSED] - iwpPages.achPersonalPaymentEntryPage.setDataACHPPM is PASSED

05-10-2024T00:14:59 - [TEST_STEP][PASSED] - click(findTestObject("Object Repository/IWP30/Page_Confirmation/ConfirmButton")): Object: 'Object Repository/IWP30/Page_Confirmation/ConfirmButton' is clicked on

05-10-2024T00:15:01 - [MESSAGE][PASSED] - Object: 'Object Repository/IWP30/Page_Confirmation/ConfirmButton' is clicked on

05-10-2024T00:15:01 - [TEST_STEP][PASSED] - Thread.sleep(2000): null

05-10-2024T00:15:03 - [TEST_STEP][PASSED] - if (verifyTextPresent("Deferred", false)): null

05-10-2024T00:15:03 - [MESSAGE][PASSED] - Text 'Deferred' is present on page 

05-10-2024T00:15:03 - [TEST_STEP][PASSED] - println("Deferred is present on page. Deferred Pay is created"): null

05-10-2024T00:15:03 - [TEST_STEP][PASSED] - click(findTestObject("Object Repository/IWP30/Page_Receipt/ViewScheduledPaymentsButton")): Object: 'Object Repository/IWP30/Page_Receipt/ViewScheduledPaymentsButton' is clicked on

05-10-2024T00:15:03 - [MESSAGE][PASSED] - Object: 'Object Repository/IWP30/Page_Receipt/ViewScheduledPaymentsButton' is clicked on

05-10-2024T00:15:03 - [TEST_STEP][PASSED] - switchToWindowTitle("View Scheduled Payments"): Switched to window with title: 'View Scheduled Payments'

05-10-2024T00:15:04 - [MESSAGE][PASSED] - Switched to window with title: 'View Scheduled Payments'

05-10-2024T00:15:04 - [TEST_STEP][PASSED] - Thread.sleep(5000): null

05-10-2024T00:15:09 - [TEST_STEP][PASSED] - if (verifyTextPresent("View Scheduled Payments", false)): null

05-10-2024T00:15:09 - [MESSAGE][PASSED] - Text 'View Scheduled Payments' is present on page 

05-10-2024T00:15:09 - [TEST_STEP][PASSED] - click(findTestObject("Object Repository/IWP30/Page_ScheduledPayments/cancel_payment")): Object: 'Object Repository/IWP30/Page_ScheduledPayments/cancel_payment' is clicked on

05-10-2024T00:15:10 - [MESSAGE][PASSED] - Object: 'Object Repository/IWP30/Page_ScheduledPayments/cancel_payment' is clicked on

05-10-2024T00:15:10 - [TEST_STEP][PASSED] - if (verifyTextPresent("Cancel Payment Plan", false)): null

05-10-2024T00:15:11 - [MESSAGE][PASSED] - Text 'Cancel Payment Plan' is present on page 

05-10-2024T00:15:11 - [TEST_STEP][PASSED] - click(findTestObject("Object Repository/IWP30/Page_PaymentPlan/btn_cancel")): Object: 'Object Repository/IWP30/Page_PaymentPlan/btn_cancel' is clicked on

05-10-2024T00:15:11 - [MESSAGE][PASSED] - Object: 'Object Repository/IWP30/Page_PaymentPlan/btn_cancel' is clicked on

05-10-2024T00:15:11 - [TEST_STEP][PASSED] - acceptAlert(): Alert accepted

05-10-2024T00:15:11 - [MESSAGE][PASSED] - Alert accepted

05-10-2024T00:15:11 - [TEST_STEP][PASSED] - if (verifyTextPresent("Your payment plan has been successfully canceled", false)): null

05-10-2024T00:15:13 - [MESSAGE][PASSED] - Text 'Your payment plan has been successfully canceled' is present on page 

05-10-2024T00:15:13 - [TEST_STEP][PASSED] - markPassed("Your payment plan has been successfully created and canceled"): Your payment plan has been successfully created and canceled

05-10-2024T00:15:13 - [MESSAGE][PASSED] - Your payment plan has been successfully created and canceled

05-10-2024T00:15:13 - [TEST_STEP][PASSED] - resText = "Pass": null

05-10-2024T00:15:13 - [TEST_STEP][PASSED] - println(row): null

05-10-2024T00:15:13 - [TEST_STEP][PASSED] - pages.WriteExcel.demoKey(resText, datText, resColumn, datCloumn, fileLoc, nameSheet, row): pages.WriteExcel.demoKey is PASSED

05-10-2024T00:15:13 - [MESSAGE][PASSED] - pages.WriteExcel.demoKey is PASSED

05-10-2024T00:15:13 - [TEST_STEP][PASSED] - closeBrowser(): Browser is closed

05-10-2024T00:15:13 - [MESSAGE][PASSED] - Browser is closed]]></system-out>
         <system-err><![CDATA[]]></system-err>
      </testcase>
      <testcase name="Test Cases/IntegratedWeb/IWP25/Payments/CMCAutoPayCorp" time="80.36" classname="Test Cases/IntegratedWeb/IWP25/Payments/CMCAutoPayCorp" status="PASSED">
         <system-out><![CDATA[05-10-2024T00:15:13 - [TEST_CASE][PASSED] - Test Cases/IntegratedWeb/IWP25/Payments/CMCAutoPayCorp: Test Cases/IntegratedWeb/IWP25/Payments/CMCAutoPayCorp

05-10-2024T00:15:14 - [TEST_STEP][PASSED] - resText = "Fail": null

05-10-2024T00:15:14 - [TEST_STEP][PASSED] - resColumn = "Result": null

05-10-2024T00:15:14 - [TEST_STEP][PASSED] - datCloumn = "Date": null

05-10-2024T00:15:14 - [TEST_STEP][PASSED] - fileLoc = "KatalonData/IWPTestData/VRelay25PaymentsExtension.xlsx": null

05-10-2024T00:15:14 - [TEST_STEP][PASSED] - numOfRows = <not implemented yet for class: org.codehaus.groovy.ast.expr.EmptyExpression>: null

05-10-2024T00:15:14 - [TEST_STEP][PASSED] - dataFile = <not implemented yet for class: org.codehaus.groovy.ast.expr.EmptyExpression>: null

05-10-2024T00:15:14 - [TEST_STEP][PASSED] - nameSheet = <not implemented yet for class: org.codehaus.groovy.ast.expr.EmptyExpression>: null

05-10-2024T00:15:14 - [TEST_STEP][PASSED] - dataFileEmulator = <not implemented yet for class: org.codehaus.groovy.ast.expr.EmptyExpression>: null

05-10-2024T00:15:14 - [TEST_STEP][PASSED] - isRequiredTextPresent = false: null

05-10-2024T00:15:14 - [TEST_STEP][PASSED] - nameSheet = "CMCAutoPayPlanCorp": null

05-10-2024T00:15:14 - [TEST_STEP][PASSED] - dataFile = getExcelDataWithDefaultSheet("KatalonData/IWPTestData/VRelay25PaymentsExtension.xlsx", nameSheet, true): null

05-10-2024T00:15:14 - [TEST_STEP][PASSED] - dataFileEmulator = "IWPTestData/EmulatorData": null

05-10-2024T00:15:14 - [TEST_STEP][PASSED] - numOfRows = dataFile.getRowNumbers(): null

05-10-2024T00:15:14 - [TEST_STEP][PASSED] - println("Number of Records: " + numOfRows): null

05-10-2024T00:15:14 - [TEST_STEP][PASSED] - for ([row = 1, row <= numOfRows, (row++)]): Browser is closed

05-10-2024T00:15:14 - [TEST_STEP][PASSED] - ExecuteTC = dataFile.getValue("Execute", row): null

05-10-2024T00:15:14 - [TEST_STEP][PASSED] - out.println("Value of Execute is : " + ExecuteTC): null

05-10-2024T00:15:14 - [TEST_STEP][PASSED] - if (ExecuteTC.equalsIgnoreCase("Y")): null

05-10-2024T00:15:14 - [TEST_STEP][PASSED] - out.println("Begin Record Number: " + row): null

05-10-2024T00:15:14 - [TEST_STEP][PASSED] - today = new java.util.Date(): null

05-10-2024T00:15:14 - [TEST_STEP][PASSED] - println(today): null

05-10-2024T00:15:14 - [TEST_STEP][PASSED] - datText = today: null

05-10-2024T00:15:14 - [TEST_STEP][PASSED] - EmulatorDataKey = dataFile.getValue("EmulatorData", row): null

05-10-2024T00:15:14 - [TEST_STEP][PASSED] - out.println("Value of Emulator Key is : " + EmulatorDataKey): null

05-10-2024T00:15:14 - [TEST_STEP][PASSED] - iwpPages.emulatorIWP30.setDataEmulator_DD(EmulatorDataKey): iwpPages.emulatorIWP30.setDataEmulator_DD is PASSED

05-10-2024T00:15:14 - [MESSAGE][INFO] - Starting 'Edge Chromium' driver

05-10-2024T00:15:14 - [MESSAGE][INFO] - User set preference: ['acceptInsecureCerts', 'true']

05-10-2024T00:15:16 - [MESSAGE][INFO] - Action delay is set to 0 milliseconds

05-10-2024T00:15:20 - [MESSAGE][PASSED] - Browser is opened with url: 'https://qa.velocitypayment.com/agency/config.do?action=editor&message_version=2_5'

05-10-2024T00:15:20 - [MESSAGE][PASSED] - Current window maximized

05-10-2024T00:15:21 - [MESSAGE][PASSED] - All options with value '2.5' are selected in object 'Object Repository/IWP30/Page_VRelay30Emulator/MV'  using regular expression

05-10-2024T00:15:21 - [MESSAGE][PASSED] - Text '10.50' is set on object 'Object Repository/IWP30/Page_VRelay30Emulator/Amount'

05-10-2024T00:15:22 - [MESSAGE][PASSED] - Text 'GkbloiHPOIKv' is set on object 'Object Repository/IWP30/Page_VRelay30Emulator/CAN'

05-10-2024T00:15:23 - [MESSAGE][PASSED] - Text 'AutoPay' is set on object 'Object Repository/IWP30/Page_VRelay30Emulator/Action'

05-10-2024T00:15:23 - [MESSAGE][PASSED] - Text 'en_US' is set on object 'Object Repository/IWP30/Page_VRelay30Emulator/Lang'

05-10-2024T00:15:24 - [MESSAGE][PASSED] - Text '' is set on object 'Object Repository/IWP30/Page_VRelay30Emulator/Fname'

05-10-2024T00:15:25 - [MESSAGE][PASSED] - Text '' is set on object 'Object Repository/IWP30/Page_VRelay30Emulator/Lname'

05-10-2024T00:15:25 - [MESSAGE][PASSED] - Text '' is set on object 'Object Repository/IWP30/Page_VRelay30Emulator/AL1'

05-10-2024T00:15:26 - [MESSAGE][PASSED] - Text '' is set on object 'Object Repository/IWP30/Page_VRelay30Emulator/AL2'

05-10-2024T00:15:26 - [MESSAGE][PASSED] - Text '' is set on object 'Object Repository/IWP30/Page_VRelay30Emulator/Country'

05-10-2024T00:15:27 - [MESSAGE][PASSED] - Text '' is set on object 'Object Repository/IWP30/Page_VRelay30Emulator/City'

05-10-2024T00:15:27 - [MESSAGE][PASSED] - Text '' is set on object 'Object Repository/IWP30/Page_VRelay30Emulator/State'

05-10-2024T00:15:28 - [MESSAGE][PASSED] - Text '' is set on object 'Object Repository/IWP30/Page_VRelay30Emulator/ZIP'

05-10-2024T00:15:29 - [MESSAGE][PASSED] - Text '' is set on object 'Object Repository/IWP30/Page_VRelay30Emulator/Order'

05-10-2024T00:15:29 - [MESSAGE][PASSED] - Text '' is set on object 'Object Repository/IWP30/Page_VRelay30Emulator/Company'

05-10-2024T00:15:30 - [MESSAGE][PASSED] - Text '' is set on object 'Object Repository/IWP30/Page_VRelay30Emulator/Email'

05-10-2024T00:15:30 - [MESSAGE][PASSED] - Text '' is set on object 'Object Repository/IWP30/Page_VRelay30Emulator/UDF1'

05-10-2024T00:15:31 - [MESSAGE][PASSED] - Text '' is set on object 'Object Repository/IWP30/Page_VRelay30Emulator/UDF2'

05-10-2024T00:15:31 - [MESSAGE][PASSED] - Text '' is set on object 'Object Repository/IWP30/Page_VRelay30Emulator/UDF3'

05-10-2024T00:15:32 - [MESSAGE][PASSED] - Text 'udf data 4' is set on object 'Object Repository/IWP30/Page_VRelay30Emulator/UDF4'

05-10-2024T00:15:33 - [MESSAGE][PASSED] - Text 'udf data 5' is set on object 'Object Repository/IWP30/Page_VRelay30Emulator/UDF5'

05-10-2024T00:15:33 - [MESSAGE][PASSED] - Text '' is set on object 'Object Repository/IWP30/Page_VRelay30Emulator/UDF6'

05-10-2024T00:15:34 - [MESSAGE][PASSED] - Text '' is set on object 'Object Repository/IWP30/Page_VRelay30Emulator/UDF7'

05-10-2024T00:15:34 - [MESSAGE][PASSED] - Text '' is set on object 'Object Repository/IWP30/Page_VRelay30Emulator/UDF8'

05-10-2024T00:15:35 - [MESSAGE][PASSED] - Text 'udf data 9' is set on object 'Object Repository/IWP30/Page_VRelay30Emulator/UDF9'

05-10-2024T00:15:36 - [MESSAGE][PASSED] - Text 'udf data 10' is set on object 'Object Repository/IWP30/Page_VRelay30Emulator/UDF10'

05-10-2024T00:15:37 - [MESSAGE][PASSED] - Object: 'Object Repository/IWP30/Page_VRelay30Emulator/Submit' is clicked on

05-10-2024T00:15:41 - [MESSAGE][PASSED] - Browser is closed

05-10-2024T00:15:45 - [MESSAGE][PASSED] - iwpPages.emulatorIWP30.setDataEmulator_DD is PASSED

05-10-2024T00:15:45 - [TEST_STEP][PASSED] - testHarnessURL = urlTestHarness: null

05-10-2024T00:15:45 - [TEST_STEP][PASSED] - openBrowser(testHarnessURL): Browser is opened with url: 'https://dev-algorithm.govolution.com/vrelaytest/QA/version_2_2/vrelaytest.html'

05-10-2024T00:15:45 - [MESSAGE][INFO] - Starting 'Edge Chromium' driver

05-10-2024T00:15:45 - [MESSAGE][INFO] - User set preference: ['acceptInsecureCerts', 'true']

05-10-2024T00:15:47 - [MESSAGE][INFO] - Action delay is set to 0 milliseconds

05-10-2024T00:15:50 - [MESSAGE][PASSED] - Browser is opened with url: 'https://dev-algorithm.govolution.com/vrelaytest/QA/version_2_2/vrelaytest.html'

05-10-2024T00:15:50 - [TEST_STEP][PASSED] - maximizeWindow(): Current window maximized

05-10-2024T00:15:51 - [MESSAGE][PASSED] - Current window maximized

05-10-2024T00:15:51 - [TEST_STEP][PASSED] - iwpPages.TestHarnessPage.setDataMethodEF(row, dataFile): iwpPages.TestHarnessPage.setDataMethodEF is PASSED

05-10-2024T00:15:51 - [MESSAGE][PASSED] - Object 'Object Repository/IWP30/Page_QATestHarness/RemittanceID' is present

05-10-2024T00:15:51 - [MESSAGE][PASSED] - Text '638' is set on object 'Object Repository/IWP30/Page_QATestHarness/ApplicationID'

05-10-2024T00:15:52 - [MESSAGE][PASSED] - Text '2.5' is set on object 'Object Repository/IWP30/Page_QATestHarness/MessageVersion'

05-10-2024T00:15:53 - [MESSAGE][PASSED] - Text '4CUL5JDAX4KY' is set on object 'Object Repository/IWP30/Page_QATestHarness/RemittanceID'

05-10-2024T00:15:57 - [MESSAGE][PASSED] - Object: 'Object Repository/IWP30/Page_QATestHarness/SubmitButton' is clicked on

05-10-2024T00:15:57 - [MESSAGE][PASSED] - iwpPages.TestHarnessPage.setDataMethodEF is PASSED

05-10-2024T00:15:57 - [TEST_STEP][PASSED] - click(findTestObject("Object Repository/IWP30/Page_SelectPaymentMethod/PayByCorporateCheck")): Object: 'Object Repository/IWP30/Page_SelectPaymentMethod/PayByCorporateCheck' is clicked on

05-10-2024T00:15:58 - [MESSAGE][PASSED] - Object: 'Object Repository/IWP30/Page_SelectPaymentMethod/PayByCorporateCheck' is clicked on

05-10-2024T00:15:58 - [TEST_STEP][PASSED] - click(findTestObject("Object Repository/IWP30/Page_SelectPaymentMethod/MakePaymentButton")): Object: 'Object Repository/IWP30/Page_SelectPaymentMethod/MakePaymentButton' is clicked on

05-10-2024T00:16:00 - [MESSAGE][PASSED] - Object: 'Object Repository/IWP30/Page_SelectPaymentMethod/MakePaymentButton' is clicked on

05-10-2024T00:16:00 - [TEST_STEP][PASSED] - iwpPages.achCorporatePaymentEntryPage.setDataCorporate(row, dataFile): iwpPages.achCorporatePaymentEntryPage.setDataCorporate is PASSED

05-10-2024T00:16:00 - [MESSAGE][PASSED] - Object 'Object Repository/IWP30/Page_ACHCorporatePaymentEntry/txt_accountNumber' is present

05-10-2024T00:16:00 - [MESSAGE][PASSED] - Object 'Object Repository/IWP30/Page_ACHCorporatePaymentEntry/input_CompanyName' is present

05-10-2024T00:16:01 - [MESSAGE][PASSED] - Text 'My Company' is set on object 'Object Repository/IWP30/Page_ACHCorporatePaymentEntry/input_CompanyName'

05-10-2024T00:16:01 - [MESSAGE][PASSED] - Object 'Object Repository/IWP30/Page_ACHCorporatePaymentEntry/input_EIN' is present

05-10-2024T00:16:02 - [MESSAGE][PASSED] - Text '123456789' is set on object 'Object Repository/IWP30/Page_ACHCorporatePaymentEntry/input_EIN'

05-10-2024T00:16:03 - [MESSAGE][PASSED] - Text 'udf data 2' is set on object 'Object Repository/IWP30/Page_ACHCorporatePaymentEntry/txt_UDF2'

05-10-2024T00:16:03 - [MESSAGE][PASSED] - Text 'udf data 3' is set on object 'Object Repository/IWP30/Page_ACHCorporatePaymentEntry/txt_UDF3'

05-10-2024T00:16:04 - [MESSAGE][PASSED] - All options with label 'Orange' are selected in object 'Object Repository/IWP30/Page_ACHCorporatePaymentEntry/dd_UDF7' 

05-10-2024T00:16:04 - [MESSAGE][PASSED] - All options with label 'Soccer' are selected in object 'Object Repository/IWP30/Page_ACHCorporatePaymentEntry/dd_UDF8' 

05-10-2024T00:16:05 - [MESSAGE][PASSED] - Object 'Object Repository/IWP30/Page_ACHCorporatePaymentEntry/txt_routingNumber' is present

05-10-2024T00:16:05 - [MESSAGE][PASSED] - Text '256072691' is set on object 'Object Repository/IWP30/Page_ACHCorporatePaymentEntry/txt_routingNumber'

05-10-2024T00:16:05 - [MESSAGE][PASSED] - Object 'Object Repository/IWP30/Page_ACHCorporatePaymentEntry/txt_accountNumber' is present

05-10-2024T00:16:07 - [MESSAGE][PASSED] - Text '12344444' is set on object 'Object Repository/IWP30/Page_ACHCorporatePaymentEntry/txt_accountNumber'

05-10-2024T00:16:07 - [MESSAGE][PASSED] - Object 'Object Repository/IWP30/Page_ACHCorporatePaymentEntry/txt_confirmAccountNumber' is present

05-10-2024T00:16:08 - [MESSAGE][PASSED] - Text '12344444' is set on object 'Object Repository/IWP30/Page_ACHCorporatePaymentEntry/txt_confirmAccountNumber'

05-10-2024T00:16:09 - [MESSAGE][PASSED] - Text '365 Main Avenue' is set on object 'Object Repository/IWP30/Page_ACHCorporatePaymentEntry/txt_AL1'

05-10-2024T00:16:09 - [MESSAGE][PASSED] - Text '22201' is set on object 'Object Repository/IWP30/Page_ACHCorporatePaymentEntry/txt_ZIP'

05-10-2024T00:16:09 - [MESSAGE][PASSED] - Object 'Object Repository/IWP30/Page_ACHCorporatePaymentEntry/txt_Email' is present

05-10-2024T00:16:10 - [MESSAGE][PASSED] - Text 'iahmed@govolution.com' is set on object 'Object Repository/IWP30/Page_ACHCorporatePaymentEntry/txt_Email'

05-10-2024T00:16:11 - [MESSAGE][PASSED] - Object 'Object Repository/IWP30/Page_ACHCorporatePaymentEntry/cb_TermsAndCond' is present

05-10-2024T00:16:11 - [MESSAGE][PASSED] - Object: 'Object Repository/IWP30/Page_ACHCorporatePaymentEntry/cb_TermsAndCond' is clicked on

05-10-2024T00:16:11 - [MESSAGE][PASSED] - Object 'Object Repository/IWP30/Page_ACHCorporatePaymentEntry/btn_Continue' is present

05-10-2024T00:16:12 - [MESSAGE][PASSED] - Object: 'Object Repository/IWP30/Page_ACHCorporatePaymentEntry/btn_Continue' is clicked on

05-10-2024T00:16:12 - [MESSAGE][PASSED] - iwpPages.achCorporatePaymentEntryPage.setDataCorporate is PASSED

05-10-2024T00:16:12 - [TEST_STEP][PASSED] - click(findTestObject("Object Repository/IWP30/Page_Confirmation/ConfirmButton")): Object: 'Object Repository/IWP30/Page_Confirmation/ConfirmButton' is clicked on

05-10-2024T00:16:14 - [MESSAGE][PASSED] - Object: 'Object Repository/IWP30/Page_Confirmation/ConfirmButton' is clicked on

05-10-2024T00:16:14 - [TEST_STEP][PASSED] - Thread.sleep(2000): null

05-10-2024T00:16:16 - [TEST_STEP][PASSED] - if (verifyTextPresent("AutoPay", false)): null

05-10-2024T00:16:16 - [MESSAGE][PASSED] - Text 'AutoPay' is present on page 

05-10-2024T00:16:16 - [TEST_STEP][PASSED] - openBrowser(testHarnessURL): Browser is opened with url: 'https://dev-algorithm.govolution.com/vrelaytest/QA/version_2_2/vrelaytest.html'

05-10-2024T00:16:16 - [MESSAGE][WARNING] - A browser is already opened. Closing browser and opening a new one

05-10-2024T00:16:17 - [MESSAGE][INFO] - Starting 'Edge Chromium' driver

05-10-2024T00:16:17 - [MESSAGE][INFO] - User set preference: ['acceptInsecureCerts', 'true']

05-10-2024T00:16:19 - [MESSAGE][INFO] - Action delay is set to 0 milliseconds

05-10-2024T00:16:22 - [MESSAGE][PASSED] - Browser is opened with url: 'https://dev-algorithm.govolution.com/vrelaytest/QA/version_2_2/vrelaytest.html'

05-10-2024T00:16:22 - [TEST_STEP][PASSED] - maximizeWindow(): Current window maximized

05-10-2024T00:16:23 - [MESSAGE][PASSED] - Current window maximized

05-10-2024T00:16:23 - [TEST_STEP][PASSED] - iwpPages.TestHarnessPage.setDataMethodEF(row, dataFile): iwpPages.TestHarnessPage.setDataMethodEF is PASSED

05-10-2024T00:16:23 - [MESSAGE][PASSED] - Object 'Object Repository/IWP30/Page_QATestHarness/RemittanceID' is present

05-10-2024T00:16:23 - [MESSAGE][PASSED] - Text '638' is set on object 'Object Repository/IWP30/Page_QATestHarness/ApplicationID'

05-10-2024T00:16:24 - [MESSAGE][PASSED] - Text '2.5' is set on object 'Object Repository/IWP30/Page_QATestHarness/MessageVersion'

05-10-2024T00:16:25 - [MESSAGE][PASSED] - Text 'C9mfpiSODgAY' is set on object 'Object Repository/IWP30/Page_QATestHarness/RemittanceID'

05-10-2024T00:16:28 - [MESSAGE][PASSED] - Object: 'Object Repository/IWP30/Page_QATestHarness/SubmitButton' is clicked on

05-10-2024T00:16:28 - [MESSAGE][PASSED] - iwpPages.TestHarnessPage.setDataMethodEF is PASSED

05-10-2024T00:16:28 - [TEST_STEP][PASSED] - click(findTestObject("Object Repository/IWP30/Page_ManagePlan_Autopay/btn_modify")): Object: 'Object Repository/IWP30/Page_ManagePlan_Autopay/btn_modify' is clicked on

05-10-2024T00:16:28 - [MESSAGE][PASSED] - Object: 'Object Repository/IWP30/Page_ManagePlan_Autopay/btn_modify' is clicked on

05-10-2024T00:16:28 - [TEST_STEP][PASSED] - click(findTestObject("Object Repository/IWP30/Page_Modify/btn_savechanges")): Object: 'Object Repository/IWP30/Page_Modify/btn_savechanges' is clicked on

05-10-2024T00:16:30 - [MESSAGE][PASSED] - Object: 'Object Repository/IWP30/Page_Modify/btn_savechanges' is clicked on

05-10-2024T00:16:30 - [TEST_STEP][PASSED] - if (verifyTextPresent("Edits to your payment plan were completed successfully", false)): null

05-10-2024T00:16:31 - [MESSAGE][PASSED] - Text 'Edits to your payment plan were completed successfully' is present on page 

05-10-2024T00:16:31 - [TEST_STEP][PASSED] - click(findTestObject("Object Repository/IWP30/Page_ManagePlan_Autopay/btn_cancel")): Object: 'Object Repository/IWP30/Page_ManagePlan_Autopay/btn_cancel' is clicked on

05-10-2024T00:16:31 - [MESSAGE][PASSED] - Object: 'Object Repository/IWP30/Page_ManagePlan_Autopay/btn_cancel' is clicked on

05-10-2024T00:16:31 - [TEST_STEP][PASSED] - click(findTestObject("Object Repository/IWP30/Page_CancelPlan/btn_cancel")): Object: 'Object Repository/IWP30/Page_CancelPlan/btn_cancel' is clicked on

05-10-2024T00:16:33 - [MESSAGE][PASSED] - Object: 'Object Repository/IWP30/Page_CancelPlan/btn_cancel' is clicked on

05-10-2024T00:16:33 - [TEST_STEP][PASSED] - if (verifyTextPresent("Your payment plan has been cancelled successfully", false)): null

05-10-2024T00:16:33 - [MESSAGE][PASSED] - Text 'Your payment plan has been cancelled successfully' is present on page 

05-10-2024T00:16:33 - [TEST_STEP][PASSED] - markPassed("Your payment plan has been successfully created and canceled"): Your payment plan has been successfully created and canceled

05-10-2024T00:16:33 - [MESSAGE][PASSED] - Your payment plan has been successfully created and canceled

05-10-2024T00:16:33 - [TEST_STEP][PASSED] - resText = "Pass": null

05-10-2024T00:16:33 - [TEST_STEP][PASSED] - println(row): null

05-10-2024T00:16:33 - [TEST_STEP][PASSED] - pages.WriteExcel.demoKey(resText, datText, resColumn, datCloumn, fileLoc, nameSheet, row): pages.WriteExcel.demoKey is PASSED

05-10-2024T00:16:33 - [MESSAGE][PASSED] - pages.WriteExcel.demoKey is PASSED

05-10-2024T00:16:33 - [TEST_STEP][PASSED] - closeBrowser(): Browser is closed

05-10-2024T00:16:34 - [MESSAGE][PASSED] - Browser is closed]]></system-out>
         <system-err><![CDATA[]]></system-err>
      </testcase>
      <testcase name="Test Cases/IntegratedWeb/IWP25/Payments/CMCAutoPayCredit" time="76.622" classname="Test Cases/IntegratedWeb/IWP25/Payments/CMCAutoPayCredit" status="FAILED">
         <failure type="FAILED" message="Test Cases/IntegratedWeb/IWP25/Payments/CMCAutoPayCredit FAILED.&#xa;Reason:&#xa;com.kms.katalon.core.exception.StepFailedException: Text 'Edits to your payment plan were completed successfully' is not present on page  (Root cause: com.kms.katalon.core.exception.StepFailedException: Text 'Edits to your payment plan were completed successfully' is not present on page &#xa;	at com.kms.katalon.core.webui.keyword.internal.WebUIKeywordMain.stepFailed(WebUIKeywordMain.groovy:64)&#xa;	at com.kms.katalon.core.webui.keyword.builtin.VerifyTextPresentKeyword$_verifyTextPresent_closure1.doCall(VerifyTextPresentKeyword.groovy:79)&#xa;	at com.kms.katalon.core.webui.keyword.builtin.VerifyTextPresentKeyword$_verifyTextPresent_closure1.call(VerifyTextPresentKeyword.groovy)&#xa;	at com.kms.katalon.core.webui.keyword.internal.WebUIKeywordMain.runKeyword(WebUIKeywordMain.groovy:20)&#xa;	at com.kms.katalon.core.webui.keyword.builtin.VerifyTextPresentKeyword.verifyTextPresent(VerifyTextPresentKeyword.groovy:83)&#xa;	at com.kms.katalon.core.webui.keyword.builtin.VerifyTextPresentKeyword.execute(VerifyTextPresentKeyword.groovy:68)&#xa;	at com.kms.katalon.core.keyword.internal.KeywordExecutor.executeKeywordForPlatform(KeywordExecutor.groovy:74)&#xa;	at com.kms.katalon.core.webui.keyword.WebUiBuiltInKeywords.verifyTextPresent(WebUiBuiltInKeywords.groovy:1762)&#xa;	at CMCAutoPayCredit.run(CMCAutoPayCredit:103)&#xa;	at com.kms.katalon.core.main.ScriptEngine.run(ScriptEngine.java:194)&#xa;	at com.kms.katalon.core.main.ScriptEngine.runScriptAsRawText(ScriptEngine.java:119)&#xa;	at com.kms.katalon.core.main.TestCaseExecutor.runScript(TestCaseExecutor.java:448)&#xa;	at com.kms.katalon.core.main.TestCaseExecutor.doExecute(TestCaseExecutor.java:439)&#xa;	at com.kms.katalon.core.main.TestCaseExecutor.processExecutionPhase(TestCaseExecutor.java:418)&#xa;	at com.kms.katalon.core.main.TestCaseExecutor.accessMainPhase(TestCaseExecutor.java:410)&#xa;	at com.kms.katalon.core.main.TestCaseExecutor.execute(TestCaseExecutor.java:285)&#xa;	at com.kms.katalon.core.common.CommonExecutor.accessTestCaseMainPhase(CommonExecutor.java:65)&#xa;	at com.kms.katalon.core.main.TestSuiteExecutor.accessTestSuiteMainPhase(TestSuiteExecutor.java:150)&#xa;	at com.kms.katalon.core.main.TestSuiteExecutor.execute(TestSuiteExecutor.java:106)&#xa;	at com.kms.katalon.core.main.TestCaseMain.startTestSuite(TestCaseMain.java:180)&#xa;	at TempTestSuite1728062229059.run(TempTestSuite1728062229059.groovy:35)&#xa;	at java.base/jdk.internal.reflect.NativeMethodAccessorImpl.invoke0(Native Method)&#xa;	at java.base/jdk.internal.reflect.NativeMethodAccessorImpl.invoke(NativeMethodAccessorImpl.java:77)&#xa;	at java.base/jdk.internal.reflect.DelegatingMethodAccessorImpl.invoke(DelegatingMethodAccessorImpl.java:43)&#xa;)&#xa;	at com.kms.katalon.core.keyword.internal.KeywordMain.stepFailed(KeywordMain.groovy:39)&#xa;	at com.kms.katalon.core.webui.keyword.internal.WebUIKeywordMain.stepFailed(WebUIKeywordMain.groovy:64)&#xa;	at com.kms.katalon.core.webui.keyword.builtin.VerifyTextPresentKeyword$_verifyTextPresent_closure1.doCall(VerifyTextPresentKeyword.groovy:79)&#xa;	at com.kms.katalon.core.webui.keyword.builtin.VerifyTextPresentKeyword$_verifyTextPresent_closure1.call(VerifyTextPresentKeyword.groovy)&#xa;	at com.kms.katalon.core.webui.keyword.internal.WebUIKeywordMain.runKeyword(WebUIKeywordMain.groovy:20)&#xa;	at com.kms.katalon.core.webui.keyword.builtin.VerifyTextPresentKeyword.verifyTextPresent(VerifyTextPresentKeyword.groovy:83)&#xa;	at com.kms.katalon.core.webui.keyword.builtin.VerifyTextPresentKeyword.execute(VerifyTextPresentKeyword.groovy:68)&#xa;	at com.kms.katalon.core.keyword.internal.KeywordExecutor.executeKeywordForPlatform(KeywordExecutor.groovy:74)&#xa;	at com.kms.katalon.core.webui.keyword.WebUiBuiltInKeywords.verifyTextPresent(WebUiBuiltInKeywords.groovy:1762)&#xa;	at CMCAutoPayCredit.run(CMCAutoPayCredit:103)&#xa;	at com.kms.katalon.core.main.ScriptEngine.run(ScriptEngine.java:194)&#xa;	at com.kms.katalon.core.main.ScriptEngine.runScriptAsRawText(ScriptEngine.java:119)&#xa;	at com.kms.katalon.core.main.TestCaseExecutor.runScript(TestCaseExecutor.java:448)&#xa;	at com.kms.katalon.core.main.TestCaseExecutor.doExecute(TestCaseExecutor.java:439)&#xa;	at com.kms.katalon.core.main.TestCaseExecutor.processExecutionPhase(TestCaseExecutor.java:418)&#xa;	at com.kms.katalon.core.main.TestCaseExecutor.accessMainPhase(TestCaseExecutor.java:410)&#xa;	at com.kms.katalon.core.main.TestCaseExecutor.execute(TestCaseExecutor.java:285)&#xa;	at com.kms.katalon.core.common.CommonExecutor.accessTestCaseMainPhase(CommonExecutor.java:65)&#xa;	at com.kms.katalon.core.main.TestSuiteExecutor.accessTestSuiteMainPhase(TestSuiteExecutor.java:150)&#xa;	at com.kms.katalon.core.main.TestSuiteExecutor.execute(TestSuiteExecutor.java:106)&#xa;	at com.kms.katalon.core.main.TestCaseMain.startTestSuite(TestCaseMain.java:180)&#xa;	at TempTestSuite1728062229059.run(TempTestSuite1728062229059.groovy:35)&#xa;	at java.base/jdk.internal.reflect.NativeMethodAccessorImpl.invoke0(Native Method)&#xa;	at java.base/jdk.internal.reflect.NativeMethodAccessorImpl.invoke(NativeMethodAccessorImpl.java:77)&#xa;	at java.base/jdk.internal.reflect.DelegatingMethodAccessorImpl.invoke(DelegatingMethodAccessorImpl.java:43)&#xa;Caused by: com.kms.katalon.core.exception.StepFailedException: Text 'Edits to your payment plan were completed successfully' is not present on page &#xa;	... 24 more&#xa;"/>
         <system-out><![CDATA[05-10-2024T00:16:34 - [TEST_CASE][FAILED] - Test Cases/IntegratedWeb/IWP25/Payments/CMCAutoPayCredit: Test Cases/IntegratedWeb/IWP25/Payments/CMCAutoPayCredit FAILED.
Reason:
com.kms.katalon.core.exception.StepFailedException: Text 'Edits to your payment plan were completed successfully' is not present on page  (Root cause: com.kms.katalon.core.exception.StepFailedException: Text 'Edits to your payment plan were completed successfully' is not present on page 
	at com.kms.katalon.core.webui.keyword.internal.WebUIKeywordMain.stepFailed(WebUIKeywordMain.groovy:64)
	at com.kms.katalon.core.webui.keyword.builtin.VerifyTextPresentKeyword$_verifyTextPresent_closure1.doCall(VerifyTextPresentKeyword.groovy:79)
	at com.kms.katalon.core.webui.keyword.builtin.VerifyTextPresentKeyword$_verifyTextPresent_closure1.call(VerifyTextPresentKeyword.groovy)
	at com.kms.katalon.core.webui.keyword.internal.WebUIKeywordMain.runKeyword(WebUIKeywordMain.groovy:20)
	at com.kms.katalon.core.webui.keyword.builtin.VerifyTextPresentKeyword.verifyTextPresent(VerifyTextPresentKeyword.groovy:83)
	at com.kms.katalon.core.webui.keyword.builtin.VerifyTextPresentKeyword.execute(VerifyTextPresentKeyword.groovy:68)
	at com.kms.katalon.core.keyword.internal.KeywordExecutor.executeKeywordForPlatform(KeywordExecutor.groovy:74)
	at com.kms.katalon.core.webui.keyword.WebUiBuiltInKeywords.verifyTextPresent(WebUiBuiltInKeywords.groovy:1762)
	at CMCAutoPayCredit.run(CMCAutoPayCredit:103)
	at com.kms.katalon.core.main.ScriptEngine.run(ScriptEngine.java:194)
	at com.kms.katalon.core.main.ScriptEngine.runScriptAsRawText(ScriptEngine.java:119)
	at com.kms.katalon.core.main.TestCaseExecutor.runScript(TestCaseExecutor.java:448)
	at com.kms.katalon.core.main.TestCaseExecutor.doExecute(TestCaseExecutor.java:439)
	at com.kms.katalon.core.main.TestCaseExecutor.processExecutionPhase(TestCaseExecutor.java:418)
	at com.kms.katalon.core.main.TestCaseExecutor.accessMainPhase(TestCaseExecutor.java:410)
	at com.kms.katalon.core.main.TestCaseExecutor.execute(TestCaseExecutor.java:285)
	at com.kms.katalon.core.common.CommonExecutor.accessTestCaseMainPhase(CommonExecutor.java:65)
	at com.kms.katalon.core.main.TestSuiteExecutor.accessTestSuiteMainPhase(TestSuiteExecutor.java:150)
	at com.kms.katalon.core.main.TestSuiteExecutor.execute(TestSuiteExecutor.java:106)
	at com.kms.katalon.core.main.TestCaseMain.startTestSuite(TestCaseMain.java:180)
	at TempTestSuite1728062229059.run(TempTestSuite1728062229059.groovy:35)
	at java.base/jdk.internal.reflect.NativeMethodAccessorImpl.invoke0(Native Method)
	at java.base/jdk.internal.reflect.NativeMethodAccessorImpl.invoke(NativeMethodAccessorImpl.java:77)
	at java.base/jdk.internal.reflect.DelegatingMethodAccessorImpl.invoke(DelegatingMethodAccessorImpl.java:43)
)
	at com.kms.katalon.core.keyword.internal.KeywordMain.stepFailed(KeywordMain.groovy:39)
	at com.kms.katalon.core.webui.keyword.internal.WebUIKeywordMain.stepFailed(WebUIKeywordMain.groovy:64)
	at com.kms.katalon.core.webui.keyword.builtin.VerifyTextPresentKeyword$_verifyTextPresent_closure1.doCall(VerifyTextPresentKeyword.groovy:79)
	at com.kms.katalon.core.webui.keyword.builtin.VerifyTextPresentKeyword$_verifyTextPresent_closure1.call(VerifyTextPresentKeyword.groovy)
	at com.kms.katalon.core.webui.keyword.internal.WebUIKeywordMain.runKeyword(WebUIKeywordMain.groovy:20)
	at com.kms.katalon.core.webui.keyword.builtin.VerifyTextPresentKeyword.verifyTextPresent(VerifyTextPresentKeyword.groovy:83)
	at com.kms.katalon.core.webui.keyword.builtin.VerifyTextPresentKeyword.execute(VerifyTextPresentKeyword.groovy:68)
	at com.kms.katalon.core.keyword.internal.KeywordExecutor.executeKeywordForPlatform(KeywordExecutor.groovy:74)
	at com.kms.katalon.core.webui.keyword.WebUiBuiltInKeywords.verifyTextPresent(WebUiBuiltInKeywords.groovy:1762)
	at CMCAutoPayCredit.run(CMCAutoPayCredit:103)
	at com.kms.katalon.core.main.ScriptEngine.run(ScriptEngine.java:194)
	at com.kms.katalon.core.main.ScriptEngine.runScriptAsRawText(ScriptEngine.java:119)
	at com.kms.katalon.core.main.TestCaseExecutor.runScript(TestCaseExecutor.java:448)
	at com.kms.katalon.core.main.TestCaseExecutor.doExecute(TestCaseExecutor.java:439)
	at com.kms.katalon.core.main.TestCaseExecutor.processExecutionPhase(TestCaseExecutor.java:418)
	at com.kms.katalon.core.main.TestCaseExecutor.accessMainPhase(TestCaseExecutor.java:410)
	at com.kms.katalon.core.main.TestCaseExecutor.execute(TestCaseExecutor.java:285)
	at com.kms.katalon.core.common.CommonExecutor.accessTestCaseMainPhase(CommonExecutor.java:65)
	at com.kms.katalon.core.main.TestSuiteExecutor.accessTestSuiteMainPhase(TestSuiteExecutor.java:150)
	at com.kms.katalon.core.main.TestSuiteExecutor.execute(TestSuiteExecutor.java:106)
	at com.kms.katalon.core.main.TestCaseMain.startTestSuite(TestCaseMain.java:180)
	at TempTestSuite1728062229059.run(TempTestSuite1728062229059.groovy:35)
	at java.base/jdk.internal.reflect.NativeMethodAccessorImpl.invoke0(Native Method)
	at java.base/jdk.internal.reflect.NativeMethodAccessorImpl.invoke(NativeMethodAccessorImpl.java:77)
	at java.base/jdk.internal.reflect.DelegatingMethodAccessorImpl.invoke(DelegatingMethodAccessorImpl.java:43)
Caused by: com.kms.katalon.core.exception.StepFailedException: Text 'Edits to your payment plan were completed successfully' is not present on page 
	... 24 more


05-10-2024T00:16:34 - [TEST_STEP][PASSED] - resText = "Fail": null

05-10-2024T00:16:34 - [TEST_STEP][PASSED] - resColumn = "Result": null

05-10-2024T00:16:34 - [TEST_STEP][PASSED] - datCloumn = "Date": null

05-10-2024T00:16:34 - [TEST_STEP][PASSED] - fileLoc = "KatalonData/IWPTestData/VRelay25PaymentsExtension.xlsx": null

05-10-2024T00:16:34 - [TEST_STEP][PASSED] - numOfRows = <not implemented yet for class: org.codehaus.groovy.ast.expr.EmptyExpression>: null

05-10-2024T00:16:34 - [TEST_STEP][PASSED] - dataFile = <not implemented yet for class: org.codehaus.groovy.ast.expr.EmptyExpression>: null

05-10-2024T00:16:34 - [TEST_STEP][PASSED] - nameSheet = <not implemented yet for class: org.codehaus.groovy.ast.expr.EmptyExpression>: null

05-10-2024T00:16:34 - [TEST_STEP][PASSED] - dataFileEmulator = <not implemented yet for class: org.codehaus.groovy.ast.expr.EmptyExpression>: null

05-10-2024T00:16:34 - [TEST_STEP][PASSED] - isRequiredTextPresent = false: null

05-10-2024T00:16:34 - [TEST_STEP][PASSED] - nameSheet = "CMCAutoPayPlanCredit": null

05-10-2024T00:16:34 - [TEST_STEP][PASSED] - dataFile = getExcelDataWithDefaultSheet("KatalonData/IWPTestData/VRelay25PaymentsExtension.xlsx", nameSheet, true): null

05-10-2024T00:16:34 - [TEST_STEP][PASSED] - dataFileEmulator = "IWPTestData/EmulatorData": null

05-10-2024T00:16:34 - [TEST_STEP][PASSED] - numOfRows = dataFile.getRowNumbers(): null

05-10-2024T00:16:34 - [TEST_STEP][PASSED] - println("Number of Records: " + numOfRows): null

05-10-2024T00:16:34 - [TEST_STEP][PASSED] - for ([row = 1, row <= numOfRows, (row++)]): Browser is closed

05-10-2024T00:16:34 - [TEST_STEP][PASSED] - ExecuteTC = dataFile.getValue("Execute", row): null

05-10-2024T00:16:34 - [TEST_STEP][PASSED] - out.println("Value of Execute is : " + ExecuteTC): null

05-10-2024T00:16:34 - [TEST_STEP][PASSED] - if (ExecuteTC.equalsIgnoreCase("Y")): null

05-10-2024T00:16:34 - [TEST_STEP][PASSED] - out.println("Begin Record Number: " + row): null

05-10-2024T00:16:34 - [TEST_STEP][PASSED] - today = new java.util.Date(): null

05-10-2024T00:16:34 - [TEST_STEP][PASSED] - println(today): null

05-10-2024T00:16:34 - [TEST_STEP][PASSED] - datText = today: null

05-10-2024T00:16:34 - [TEST_STEP][PASSED] - EmulatorDataKey = dataFile.getValue("EmulatorData", row): null

05-10-2024T00:16:34 - [TEST_STEP][PASSED] - out.println("Value of Emulator Key is : " + EmulatorDataKey): null

05-10-2024T00:16:34 - [TEST_STEP][PASSED] - iwpPages.emulatorIWP30.setDataEmulator_DD(EmulatorDataKey): iwpPages.emulatorIWP30.setDataEmulator_DD is PASSED

05-10-2024T00:16:34 - [MESSAGE][INFO] - Starting 'Edge Chromium' driver

05-10-2024T00:16:34 - [MESSAGE][INFO] - User set preference: ['acceptInsecureCerts', 'true']

05-10-2024T00:16:37 - [MESSAGE][INFO] - Action delay is set to 0 milliseconds

05-10-2024T00:16:40 - [MESSAGE][PASSED] - Browser is opened with url: 'https://qa.velocitypayment.com/agency/config.do?action=editor&message_version=2_5'

05-10-2024T00:16:40 - [MESSAGE][PASSED] - Current window maximized

05-10-2024T00:16:41 - [MESSAGE][PASSED] - All options with value '2.5' are selected in object 'Object Repository/IWP30/Page_VRelay30Emulator/MV'  using regular expression

05-10-2024T00:16:42 - [MESSAGE][PASSED] - Text '10.50' is set on object 'Object Repository/IWP30/Page_VRelay30Emulator/Amount'

05-10-2024T00:16:42 - [MESSAGE][PASSED] - Text 'y1ImAPORMqkl' is set on object 'Object Repository/IWP30/Page_VRelay30Emulator/CAN'

05-10-2024T00:16:43 - [MESSAGE][PASSED] - Text 'AutoPay' is set on object 'Object Repository/IWP30/Page_VRelay30Emulator/Action'

05-10-2024T00:16:44 - [MESSAGE][PASSED] - Text 'en_US' is set on object 'Object Repository/IWP30/Page_VRelay30Emulator/Lang'

05-10-2024T00:16:44 - [MESSAGE][PASSED] - Text '' is set on object 'Object Repository/IWP30/Page_VRelay30Emulator/Fname'

05-10-2024T00:16:45 - [MESSAGE][PASSED] - Text '' is set on object 'Object Repository/IWP30/Page_VRelay30Emulator/Lname'

05-10-2024T00:16:45 - [MESSAGE][PASSED] - Text '' is set on object 'Object Repository/IWP30/Page_VRelay30Emulator/AL1'

05-10-2024T00:16:46 - [MESSAGE][PASSED] - Text '' is set on object 'Object Repository/IWP30/Page_VRelay30Emulator/AL2'

05-10-2024T00:16:46 - [MESSAGE][PASSED] - Text '' is set on object 'Object Repository/IWP30/Page_VRelay30Emulator/Country'

05-10-2024T00:16:47 - [MESSAGE][PASSED] - Text '' is set on object 'Object Repository/IWP30/Page_VRelay30Emulator/City'

05-10-2024T00:16:48 - [MESSAGE][PASSED] - Text '' is set on object 'Object Repository/IWP30/Page_VRelay30Emulator/State'

05-10-2024T00:16:48 - [MESSAGE][PASSED] - Text '' is set on object 'Object Repository/IWP30/Page_VRelay30Emulator/ZIP'

05-10-2024T00:16:49 - [MESSAGE][PASSED] - Text '' is set on object 'Object Repository/IWP30/Page_VRelay30Emulator/Order'

05-10-2024T00:16:49 - [MESSAGE][PASSED] - Text '' is set on object 'Object Repository/IWP30/Page_VRelay30Emulator/Company'

05-10-2024T00:16:50 - [MESSAGE][PASSED] - Text '' is set on object 'Object Repository/IWP30/Page_VRelay30Emulator/Email'

05-10-2024T00:16:50 - [MESSAGE][PASSED] - Text '' is set on object 'Object Repository/IWP30/Page_VRelay30Emulator/UDF1'

05-10-2024T00:16:51 - [MESSAGE][PASSED] - Text '' is set on object 'Object Repository/IWP30/Page_VRelay30Emulator/UDF2'

05-10-2024T00:16:52 - [MESSAGE][PASSED] - Text '' is set on object 'Object Repository/IWP30/Page_VRelay30Emulator/UDF3'

05-10-2024T00:16:52 - [MESSAGE][PASSED] - Text 'udf data 4' is set on object 'Object Repository/IWP30/Page_VRelay30Emulator/UDF4'

05-10-2024T00:16:53 - [MESSAGE][PASSED] - Text 'udf data 5' is set on object 'Object Repository/IWP30/Page_VRelay30Emulator/UDF5'

05-10-2024T00:16:53 - [MESSAGE][PASSED] - Text '' is set on object 'Object Repository/IWP30/Page_VRelay30Emulator/UDF6'

05-10-2024T00:16:54 - [MESSAGE][PASSED] - Text '' is set on object 'Object Repository/IWP30/Page_VRelay30Emulator/UDF7'

05-10-2024T00:16:54 - [MESSAGE][PASSED] - Text '' is set on object 'Object Repository/IWP30/Page_VRelay30Emulator/UDF8'

05-10-2024T00:16:55 - [MESSAGE][PASSED] - Text 'udf data 9' is set on object 'Object Repository/IWP30/Page_VRelay30Emulator/UDF9'

05-10-2024T00:16:56 - [MESSAGE][PASSED] - Text 'udf data 10' is set on object 'Object Repository/IWP30/Page_VRelay30Emulator/UDF10'

05-10-2024T00:16:57 - [MESSAGE][PASSED] - Object: 'Object Repository/IWP30/Page_VRelay30Emulator/Submit' is clicked on

05-10-2024T00:17:01 - [MESSAGE][PASSED] - Browser is closed

05-10-2024T00:17:05 - [MESSAGE][PASSED] - iwpPages.emulatorIWP30.setDataEmulator_DD is PASSED

05-10-2024T00:17:05 - [TEST_STEP][PASSED] - testHarnessURL = urlTestHarness: null

05-10-2024T00:17:05 - [TEST_STEP][PASSED] - openBrowser(testHarnessURL): Browser is opened with url: 'https://dev-algorithm.govolution.com/vrelaytest/QA/version_2_2/vrelaytest.html'

05-10-2024T00:17:05 - [MESSAGE][INFO] - Starting 'Edge Chromium' driver

05-10-2024T00:17:05 - [MESSAGE][INFO] - User set preference: ['acceptInsecureCerts', 'true']

05-10-2024T00:17:07 - [MESSAGE][INFO] - Action delay is set to 0 milliseconds

05-10-2024T00:17:11 - [MESSAGE][PASSED] - Browser is opened with url: 'https://dev-algorithm.govolution.com/vrelaytest/QA/version_2_2/vrelaytest.html'

05-10-2024T00:17:11 - [TEST_STEP][PASSED] - maximizeWindow(): Current window maximized

05-10-2024T00:17:11 - [MESSAGE][PASSED] - Current window maximized

05-10-2024T00:17:11 - [TEST_STEP][PASSED] - iwpPages.TestHarnessPage.setDataMethodEF(row, dataFile): iwpPages.TestHarnessPage.setDataMethodEF is PASSED

05-10-2024T00:17:11 - [MESSAGE][PASSED] - Object 'Object Repository/IWP30/Page_QATestHarness/RemittanceID' is present

05-10-2024T00:17:12 - [MESSAGE][PASSED] - Text '638' is set on object 'Object Repository/IWP30/Page_QATestHarness/ApplicationID'

05-10-2024T00:17:12 - [MESSAGE][PASSED] - Text '2.5' is set on object 'Object Repository/IWP30/Page_QATestHarness/MessageVersion'

05-10-2024T00:17:13 - [MESSAGE][PASSED] - Text 'RFzimcQxJX2p' is set on object 'Object Repository/IWP30/Page_QATestHarness/RemittanceID'

05-10-2024T00:17:16 - [MESSAGE][PASSED] - Object: 'Object Repository/IWP30/Page_QATestHarness/SubmitButton' is clicked on

05-10-2024T00:17:16 - [MESSAGE][PASSED] - iwpPages.TestHarnessPage.setDataMethodEF is PASSED

05-10-2024T00:17:16 - [TEST_STEP][PASSED] - click(findTestObject("Object Repository/IWP30/Page_SelectPaymentMethod/PayByCreditCard")): Object: 'Object Repository/IWP30/Page_SelectPaymentMethod/PayByCreditCard' is clicked on

05-10-2024T00:17:16 - [MESSAGE][PASSED] - Object: 'Object Repository/IWP30/Page_SelectPaymentMethod/PayByCreditCard' is clicked on

05-10-2024T00:17:16 - [TEST_STEP][PASSED] - click(findTestObject("Object Repository/IWP30/Page_SelectPaymentMethod/MakePaymentButton")): Object: 'Object Repository/IWP30/Page_SelectPaymentMethod/MakePaymentButton' is clicked on

05-10-2024T00:17:18 - [MESSAGE][PASSED] - Object: 'Object Repository/IWP30/Page_SelectPaymentMethod/MakePaymentButton' is clicked on

05-10-2024T00:17:18 - [TEST_STEP][PASSED] - iwpPages.ccPaymentEntryPage.setDataCCPM(row, dataFile): iwpPages.ccPaymentEntryPage.setDataCCPM is PASSED

05-10-2024T00:17:19 - [MESSAGE][PASSED] - Object 'Object Repository/IWP30/Page_CCPaymentEntry/Name' is present

05-10-2024T00:17:19 - [MESSAGE][PASSED] - Text 'udf data 2' is set on object 'Object Repository/IWP30/Page_CCPaymentEntry/UserDefined2'

05-10-2024T00:17:20 - [MESSAGE][PASSED] - Text 'udf data 3' is set on object 'Object Repository/IWP30/Page_CCPaymentEntry/UserDefined3'

05-10-2024T00:17:20 - [MESSAGE][PASSED] - All options with label 'Orange' are selected in object 'Object Repository/IWP30/Page_CCPaymentEntry/UserDefined7' 

05-10-2024T00:17:21 - [MESSAGE][PASSED] - All options with label 'Soccer' are selected in object 'Object Repository/IWP30/Page_CCPaymentEntry/UserDefined8' 

05-10-2024T00:17:21 - [MESSAGE][PASSED] - Object 'Object Repository/IWP30/Page_CCPaymentEntry/Name' is present

05-10-2024T00:17:22 - [MESSAGE][PASSED] - Text 'Kavita Ranawati' is set on object 'Object Repository/IWP30/Page_CCPaymentEntry/Name'

05-10-2024T00:17:22 - [MESSAGE][PASSED] - Object 'Object Repository/IWP30/Page_CCPaymentEntry/CardNumber' is present

05-10-2024T00:17:23 - [MESSAGE][PASSED] - Text '4111111111111111' is set on object 'Object Repository/IWP30/Page_CCPaymentEntry/CardNumber'

05-10-2024T00:17:23 - [MESSAGE][PASSED] - Text '123' is set on object 'Object Repository/IWP30/Page_CCPaymentEntry/SPC'

05-10-2024T00:17:23 - [MESSAGE][PASSED] - Object 'Object Repository/IWP30/Page_CCPaymentEntry/Month' is present

05-10-2024T00:17:24 - [MESSAGE][PASSED] - All options with label '01' are selected in object 'Object Repository/IWP30/Page_CCPaymentEntry/Month' 

05-10-2024T00:17:24 - [MESSAGE][PASSED] - Object 'Object Repository/IWP30/Page_CCPaymentEntry/Year' is present

05-10-2024T00:17:25 - [MESSAGE][PASSED] - All options with label '2028' are selected in object 'Object Repository/IWP30/Page_CCPaymentEntry/Year' 

05-10-2024T00:17:25 - [MESSAGE][PASSED] - Text '365 Main Avenue' is set on object 'Object Repository/IWP30/Page_CCPaymentEntry/AL1'

05-10-2024T00:17:26 - [MESSAGE][PASSED] - Text '22201' is set on object 'Object Repository/IWP30/Page_CCPaymentEntry/ZIP'

05-10-2024T00:17:26 - [MESSAGE][PASSED] - Object 'Object Repository/IWP30/Page_CCPaymentEntry/EmailAddress' is present

05-10-2024T00:17:28 - [MESSAGE][PASSED] - Text 'iahmed@govolution.com' is set on object 'Object Repository/IWP30/Page_CCPaymentEntry/EmailAddress'

05-10-2024T00:17:28 - [MESSAGE][PASSED] - Object 'Object Repository/IWP30/Page_CCPaymentEntry/TermCondCheckBox' is present

05-10-2024T00:17:28 - [MESSAGE][PASSED] - Object 'Object Repository/IWP30/Page_CCPaymentEntry/TermCondCheckBox' is checked

05-10-2024T00:17:29 - [MESSAGE][PASSED] - Object 'Object Repository/IWP30/Page_CCPaymentEntry/ContinueButton' is present

05-10-2024T00:17:31 - [MESSAGE][PASSED] - Object: 'Object Repository/IWP30/Page_CCPaymentEntry/ContinueButton' is clicked on

05-10-2024T00:17:31 - [MESSAGE][PASSED] - iwpPages.ccPaymentEntryPage.setDataCCPM is PASSED

05-10-2024T00:17:31 - [TEST_STEP][PASSED] - click(findTestObject("Object Repository/IWP30/Page_Confirmation/ConfirmButton")): Object: 'Object Repository/IWP30/Page_Confirmation/ConfirmButton' is clicked on

05-10-2024T00:17:33 - [MESSAGE][PASSED] - Object: 'Object Repository/IWP30/Page_Confirmation/ConfirmButton' is clicked on

05-10-2024T00:17:33 - [TEST_STEP][PASSED] - Thread.sleep(2000): null

05-10-2024T00:17:35 - [TEST_STEP][PASSED] - if (verifyTextPresent("AutoPay", false)): null

05-10-2024T00:17:35 - [MESSAGE][PASSED] - Text 'AutoPay' is present on page 

05-10-2024T00:17:35 - [TEST_STEP][PASSED] - openBrowser(testHarnessURL): Browser is opened with url: 'https://dev-algorithm.govolution.com/vrelaytest/QA/version_2_2/vrelaytest.html'

05-10-2024T00:17:35 - [MESSAGE][WARNING] - A browser is already opened. Closing browser and opening a new one

05-10-2024T00:17:35 - [MESSAGE][INFO] - Starting 'Edge Chromium' driver

05-10-2024T00:17:35 - [MESSAGE][INFO] - User set preference: ['acceptInsecureCerts', 'true']

05-10-2024T00:17:37 - [MESSAGE][INFO] - Action delay is set to 0 milliseconds

05-10-2024T00:17:41 - [MESSAGE][PASSED] - Browser is opened with url: 'https://dev-algorithm.govolution.com/vrelaytest/QA/version_2_2/vrelaytest.html'

05-10-2024T00:17:41 - [TEST_STEP][PASSED] - maximizeWindow(): Current window maximized

05-10-2024T00:17:41 - [MESSAGE][PASSED] - Current window maximized

05-10-2024T00:17:41 - [TEST_STEP][PASSED] - iwpPages.TestHarnessPage.setDataMethodEF(row, dataFile): iwpPages.TestHarnessPage.setDataMethodEF is PASSED

05-10-2024T00:17:41 - [MESSAGE][PASSED] - Object 'Object Repository/IWP30/Page_QATestHarness/RemittanceID' is present

05-10-2024T00:17:42 - [MESSAGE][PASSED] - Text '638' is set on object 'Object Repository/IWP30/Page_QATestHarness/ApplicationID'

05-10-2024T00:17:43 - [MESSAGE][PASSED] - Text '2.5' is set on object 'Object Repository/IWP30/Page_QATestHarness/MessageVersion'

05-10-2024T00:17:43 - [MESSAGE][PASSED] - Text 'A4d1tsbowUTh' is set on object 'Object Repository/IWP30/Page_QATestHarness/RemittanceID'

05-10-2024T00:17:47 - [MESSAGE][PASSED] - Object: 'Object Repository/IWP30/Page_QATestHarness/SubmitButton' is clicked on

05-10-2024T00:17:47 - [MESSAGE][PASSED] - iwpPages.TestHarnessPage.setDataMethodEF is PASSED

05-10-2024T00:17:47 - [TEST_STEP][PASSED] - click(findTestObject("Object Repository/IWP30/Page_ManagePlan_Autopay/btn_modify")): Object: 'Object Repository/IWP30/Page_ManagePlan_Autopay/btn_modify' is clicked on

05-10-2024T00:17:48 - [MESSAGE][PASSED] - Object: 'Object Repository/IWP30/Page_ManagePlan_Autopay/btn_modify' is clicked on

05-10-2024T00:17:48 - [TEST_STEP][PASSED] - click(findTestObject("Object Repository/IWP30/Page_Modify/btn_savechanges")): Object: 'Object Repository/IWP30/Page_Modify/btn_savechanges' is clicked on

05-10-2024T00:17:50 - [MESSAGE][PASSED] - Object: 'Object Repository/IWP30/Page_Modify/btn_savechanges' is clicked on

05-10-2024T00:17:50 - [TEST_STEP][FAILED] - if (verifyTextPresent("Edits to your payment plan were completed successfully", false)): Text 'Edits to your payment plan were completed successfully' is not present on page  (Root cause: com.kms.katalon.core.exception.StepFailedException: Text 'Edits to your payment plan were completed successfully' is not present on page 
	at com.kms.katalon.core.webui.keyword.internal.WebUIKeywordMain.stepFailed(WebUIKeywordMain.groovy:64)
	at com.kms.katalon.core.webui.keyword.builtin.VerifyTextPresentKeyword$_verifyTextPresent_closure1.doCall(VerifyTextPresentKeyword.groovy:79)
	at com.kms.katalon.core.webui.keyword.builtin.VerifyTextPresentKeyword$_verifyTextPresent_closure1.call(VerifyTextPresentKeyword.groovy)
	at com.kms.katalon.core.webui.keyword.internal.WebUIKeywordMain.runKeyword(WebUIKeywordMain.groovy:20)
	at com.kms.katalon.core.webui.keyword.builtin.VerifyTextPresentKeyword.verifyTextPresent(VerifyTextPresentKeyword.groovy:83)
	at com.kms.katalon.core.webui.keyword.builtin.VerifyTextPresentKeyword.execute(VerifyTextPresentKeyword.groovy:68)
	at com.kms.katalon.core.keyword.internal.KeywordExecutor.executeKeywordForPlatform(KeywordExecutor.groovy:74)
	at com.kms.katalon.core.webui.keyword.WebUiBuiltInKeywords.verifyTextPresent(WebUiBuiltInKeywords.groovy:1762)
	at CMCAutoPayCredit.run(CMCAutoPayCredit:103)
	at com.kms.katalon.core.main.ScriptEngine.run(ScriptEngine.java:194)
	at com.kms.katalon.core.main.ScriptEngine.runScriptAsRawText(ScriptEngine.java:119)
	at com.kms.katalon.core.main.TestCaseExecutor.runScript(TestCaseExecutor.java:448)
	at com.kms.katalon.core.main.TestCaseExecutor.doExecute(TestCaseExecutor.java:439)
	at com.kms.katalon.core.main.TestCaseExecutor.processExecutionPhase(TestCaseExecutor.java:418)
	at com.kms.katalon.core.main.TestCaseExecutor.accessMainPhase(TestCaseExecutor.java:410)
	at com.kms.katalon.core.main.TestCaseExecutor.execute(TestCaseExecutor.java:285)
	at com.kms.katalon.core.common.CommonExecutor.accessTestCaseMainPhase(CommonExecutor.java:65)
	at com.kms.katalon.core.main.TestSuiteExecutor.accessTestSuiteMainPhase(TestSuiteExecutor.java:150)
	at com.kms.katalon.core.main.TestSuiteExecutor.execute(TestSuiteExecutor.java:106)
	at com.kms.katalon.core.main.TestCaseMain.startTestSuite(TestCaseMain.java:180)
	at TempTestSuite1728062229059.run(TempTestSuite1728062229059.groovy:35)
	at java.base/jdk.internal.reflect.NativeMethodAccessorImpl.invoke0(Native Method)
	at java.base/jdk.internal.reflect.NativeMethodAccessorImpl.invoke(NativeMethodAccessorImpl.java:77)
	at java.base/jdk.internal.reflect.DelegatingMethodAccessorImpl.invoke(DelegatingMethodAccessorImpl.java:43)
)

05-10-2024T00:17:50 - [MESSAGE][FAILED] - Text 'Edits to your payment plan were completed successfully' is not present on page  (Root cause: com.kms.katalon.core.exception.StepFailedException: Text 'Edits to your payment plan were completed successfully' is not present on page 
	at com.kms.katalon.core.webui.keyword.internal.WebUIKeywordMain.stepFailed(WebUIKeywordMain.groovy:64)
	at com.kms.katalon.core.webui.keyword.builtin.VerifyTextPresentKeyword$_verifyTextPresent_closure1.doCall(VerifyTextPresentKeyword.groovy:79)
	at com.kms.katalon.core.webui.keyword.builtin.VerifyTextPresentKeyword$_verifyTextPresent_closure1.call(VerifyTextPresentKeyword.groovy)
	at com.kms.katalon.core.webui.keyword.internal.WebUIKeywordMain.runKeyword(WebUIKeywordMain.groovy:20)
	at com.kms.katalon.core.webui.keyword.builtin.VerifyTextPresentKeyword.verifyTextPresent(VerifyTextPresentKeyword.groovy:83)
	at com.kms.katalon.core.webui.keyword.builtin.VerifyTextPresentKeyword.execute(VerifyTextPresentKeyword.groovy:68)
	at com.kms.katalon.core.keyword.internal.KeywordExecutor.executeKeywordForPlatform(KeywordExecutor.groovy:74)
	at com.kms.katalon.core.webui.keyword.WebUiBuiltInKeywords.verifyTextPresent(WebUiBuiltInKeywords.groovy:1762)
	at CMCAutoPayCredit.run(CMCAutoPayCredit:103)
	at com.kms.katalon.core.main.ScriptEngine.run(ScriptEngine.java:194)
	at com.kms.katalon.core.main.ScriptEngine.runScriptAsRawText(ScriptEngine.java:119)
	at com.kms.katalon.core.main.TestCaseExecutor.runScript(TestCaseExecutor.java:448)
	at com.kms.katalon.core.main.TestCaseExecutor.doExecute(TestCaseExecutor.java:439)
	at com.kms.katalon.core.main.TestCaseExecutor.processExecutionPhase(TestCaseExecutor.java:418)
	at com.kms.katalon.core.main.TestCaseExecutor.accessMainPhase(TestCaseExecutor.java:410)
	at com.kms.katalon.core.main.TestCaseExecutor.execute(TestCaseExecutor.java:285)
	at com.kms.katalon.core.common.CommonExecutor.accessTestCaseMainPhase(CommonExecutor.java:65)
	at com.kms.katalon.core.main.TestSuiteExecutor.accessTestSuiteMainPhase(TestSuiteExecutor.java:150)
	at com.kms.katalon.core.main.TestSuiteExecutor.execute(TestSuiteExecutor.java:106)
	at com.kms.katalon.core.main.TestCaseMain.startTestSuite(TestCaseMain.java:180)
	at TempTestSuite1728062229059.run(TempTestSuite1728062229059.groovy:35)
	at java.base/jdk.internal.reflect.NativeMethodAccessorImpl.invoke0(Native Method)
	at java.base/jdk.internal.reflect.NativeMethodAccessorImpl.invoke(NativeMethodAccessorImpl.java:77)
	at java.base/jdk.internal.reflect.DelegatingMethodAccessorImpl.invoke(DelegatingMethodAccessorImpl.java:43)
)

05-10-2024T00:17:50 - [TEST_STEP][PASSED] - closeBrowser(): Browser is closed

05-10-2024T00:17:50 - [MESSAGE][PASSED] - Browser is closed]]></system-out>
         <system-err><![CDATA[05-10-2024T00:16:34 - [TEST_CASE][FAILED] - Test Cases/IntegratedWeb/IWP25/Payments/CMCAutoPayCredit: Test Cases/IntegratedWeb/IWP25/Payments/CMCAutoPayCredit FAILED.
Reason:
com.kms.katalon.core.exception.StepFailedException: Text 'Edits to your payment plan were completed successfully' is not present on page  (Root cause: com.kms.katalon.core.exception.StepFailedException: Text 'Edits to your payment plan were completed successfully' is not present on page 
	at com.kms.katalon.core.webui.keyword.internal.WebUIKeywordMain.stepFailed(WebUIKeywordMain.groovy:64)
	at com.kms.katalon.core.webui.keyword.builtin.VerifyTextPresentKeyword$_verifyTextPresent_closure1.doCall(VerifyTextPresentKeyword.groovy:79)
	at com.kms.katalon.core.webui.keyword.builtin.VerifyTextPresentKeyword$_verifyTextPresent_closure1.call(VerifyTextPresentKeyword.groovy)
	at com.kms.katalon.core.webui.keyword.internal.WebUIKeywordMain.runKeyword(WebUIKeywordMain.groovy:20)
	at com.kms.katalon.core.webui.keyword.builtin.VerifyTextPresentKeyword.verifyTextPresent(VerifyTextPresentKeyword.groovy:83)
	at com.kms.katalon.core.webui.keyword.builtin.VerifyTextPresentKeyword.execute(VerifyTextPresentKeyword.groovy:68)
	at com.kms.katalon.core.keyword.internal.KeywordExecutor.executeKeywordForPlatform(KeywordExecutor.groovy:74)
	at com.kms.katalon.core.webui.keyword.WebUiBuiltInKeywords.verifyTextPresent(WebUiBuiltInKeywords.groovy:1762)
	at CMCAutoPayCredit.run(CMCAutoPayCredit:103)
	at com.kms.katalon.core.main.ScriptEngine.run(ScriptEngine.java:194)
	at com.kms.katalon.core.main.ScriptEngine.runScriptAsRawText(ScriptEngine.java:119)
	at com.kms.katalon.core.main.TestCaseExecutor.runScript(TestCaseExecutor.java:448)
	at com.kms.katalon.core.main.TestCaseExecutor.doExecute(TestCaseExecutor.java:439)
	at com.kms.katalon.core.main.TestCaseExecutor.processExecutionPhase(TestCaseExecutor.java:418)
	at com.kms.katalon.core.main.TestCaseExecutor.accessMainPhase(TestCaseExecutor.java:410)
	at com.kms.katalon.core.main.TestCaseExecutor.execute(TestCaseExecutor.java:285)
	at com.kms.katalon.core.common.CommonExecutor.accessTestCaseMainPhase(CommonExecutor.java:65)
	at com.kms.katalon.core.main.TestSuiteExecutor.accessTestSuiteMainPhase(TestSuiteExecutor.java:150)
	at com.kms.katalon.core.main.TestSuiteExecutor.execute(TestSuiteExecutor.java:106)
	at com.kms.katalon.core.main.TestCaseMain.startTestSuite(TestCaseMain.java:180)
	at TempTestSuite1728062229059.run(TempTestSuite1728062229059.groovy:35)
	at java.base/jdk.internal.reflect.NativeMethodAccessorImpl.invoke0(Native Method)
	at java.base/jdk.internal.reflect.NativeMethodAccessorImpl.invoke(NativeMethodAccessorImpl.java:77)
	at java.base/jdk.internal.reflect.DelegatingMethodAccessorImpl.invoke(DelegatingMethodAccessorImpl.java:43)
)
	at com.kms.katalon.core.keyword.internal.KeywordMain.stepFailed(KeywordMain.groovy:39)
	at com.kms.katalon.core.webui.keyword.internal.WebUIKeywordMain.stepFailed(WebUIKeywordMain.groovy:64)
	at com.kms.katalon.core.webui.keyword.builtin.VerifyTextPresentKeyword$_verifyTextPresent_closure1.doCall(VerifyTextPresentKeyword.groovy:79)
	at com.kms.katalon.core.webui.keyword.builtin.VerifyTextPresentKeyword$_verifyTextPresent_closure1.call(VerifyTextPresentKeyword.groovy)
	at com.kms.katalon.core.webui.keyword.internal.WebUIKeywordMain.runKeyword(WebUIKeywordMain.groovy:20)
	at com.kms.katalon.core.webui.keyword.builtin.VerifyTextPresentKeyword.verifyTextPresent(VerifyTextPresentKeyword.groovy:83)
	at com.kms.katalon.core.webui.keyword.builtin.VerifyTextPresentKeyword.execute(VerifyTextPresentKeyword.groovy:68)
	at com.kms.katalon.core.keyword.internal.KeywordExecutor.executeKeywordForPlatform(KeywordExecutor.groovy:74)
	at com.kms.katalon.core.webui.keyword.WebUiBuiltInKeywords.verifyTextPresent(WebUiBuiltInKeywords.groovy:1762)
	at CMCAutoPayCredit.run(CMCAutoPayCredit:103)
	at com.kms.katalon.core.main.ScriptEngine.run(ScriptEngine.java:194)
	at com.kms.katalon.core.main.ScriptEngine.runScriptAsRawText(ScriptEngine.java:119)
	at com.kms.katalon.core.main.TestCaseExecutor.runScript(TestCaseExecutor.java:448)
	at com.kms.katalon.core.main.TestCaseExecutor.doExecute(TestCaseExecutor.java:439)
	at com.kms.katalon.core.main.TestCaseExecutor.processExecutionPhase(TestCaseExecutor.java:418)
	at com.kms.katalon.core.main.TestCaseExecutor.accessMainPhase(TestCaseExecutor.java:410)
	at com.kms.katalon.core.main.TestCaseExecutor.execute(TestCaseExecutor.java:285)
	at com.kms.katalon.core.common.CommonExecutor.accessTestCaseMainPhase(CommonExecutor.java:65)
	at com.kms.katalon.core.main.TestSuiteExecutor.accessTestSuiteMainPhase(TestSuiteExecutor.java:150)
	at com.kms.katalon.core.main.TestSuiteExecutor.execute(TestSuiteExecutor.java:106)
	at com.kms.katalon.core.main.TestCaseMain.startTestSuite(TestCaseMain.java:180)
	at TempTestSuite1728062229059.run(TempTestSuite1728062229059.groovy:35)
	at java.base/jdk.internal.reflect.NativeMethodAccessorImpl.invoke0(Native Method)
	at java.base/jdk.internal.reflect.NativeMethodAccessorImpl.invoke(NativeMethodAccessorImpl.java:77)
	at java.base/jdk.internal.reflect.DelegatingMethodAccessorImpl.invoke(DelegatingMethodAccessorImpl.java:43)
Caused by: com.kms.katalon.core.exception.StepFailedException: Text 'Edits to your payment plan were completed successfully' is not present on page 
	... 24 more]]></system-err>
      </testcase>
      <testcase name="Test Cases/IntegratedWeb/IWP25/Payments/CMCAutoPayPC" time="78.032" classname="Test Cases/IntegratedWeb/IWP25/Payments/CMCAutoPayPC" status="PASSED">
         <system-out><![CDATA[05-10-2024T00:17:50 - [TEST_CASE][PASSED] - Test Cases/IntegratedWeb/IWP25/Payments/CMCAutoPayPC: Test Cases/IntegratedWeb/IWP25/Payments/CMCAutoPayPC

05-10-2024T00:17:51 - [TEST_STEP][PASSED] - resText = "Fail": null

05-10-2024T00:17:51 - [TEST_STEP][PASSED] - resColumn = "Result": null

05-10-2024T00:17:51 - [TEST_STEP][PASSED] - datCloumn = "Date": null

05-10-2024T00:17:51 - [TEST_STEP][PASSED] - fileLoc = "KatalonData/IWPTestData/VRelay25PaymentsExtension.xlsx": null

05-10-2024T00:17:51 - [TEST_STEP][PASSED] - numOfRows = <not implemented yet for class: org.codehaus.groovy.ast.expr.EmptyExpression>: null

05-10-2024T00:17:51 - [TEST_STEP][PASSED] - dataFile = <not implemented yet for class: org.codehaus.groovy.ast.expr.EmptyExpression>: null

05-10-2024T00:17:51 - [TEST_STEP][PASSED] - nameSheet = <not implemented yet for class: org.codehaus.groovy.ast.expr.EmptyExpression>: null

05-10-2024T00:17:51 - [TEST_STEP][PASSED] - dataFileEmulator = <not implemented yet for class: org.codehaus.groovy.ast.expr.EmptyExpression>: null

05-10-2024T00:17:51 - [TEST_STEP][PASSED] - isRequiredTextPresent = false: null

05-10-2024T00:17:51 - [TEST_STEP][PASSED] - nameSheet = "CMCAutoPayPlanPC": null

05-10-2024T00:17:51 - [TEST_STEP][PASSED] - dataFile = getExcelDataWithDefaultSheet("KatalonData/IWPTestData/VRelay25PaymentsExtension.xlsx", nameSheet, true): null

05-10-2024T00:17:51 - [TEST_STEP][PASSED] - dataFileEmulator = "IWPTestData/EmulatorData": null

05-10-2024T00:17:51 - [TEST_STEP][PASSED] - numOfRows = dataFile.getRowNumbers(): null

05-10-2024T00:17:51 - [TEST_STEP][PASSED] - println("Number of Records: " + numOfRows): null

05-10-2024T00:17:51 - [TEST_STEP][PASSED] - for ([row = 1, row <= numOfRows, (row++)]): Browser is closed

05-10-2024T00:17:51 - [TEST_STEP][PASSED] - ExecuteTC = dataFile.getValue("Execute", row): null

05-10-2024T00:17:51 - [TEST_STEP][PASSED] - out.println("Value of Execute is : " + ExecuteTC): null

05-10-2024T00:17:51 - [TEST_STEP][PASSED] - if (ExecuteTC.equalsIgnoreCase("Y")): null

05-10-2024T00:17:51 - [TEST_STEP][PASSED] - out.println("Begin Record Number: " + row): null

05-10-2024T00:17:51 - [TEST_STEP][PASSED] - today = new java.util.Date(): null

05-10-2024T00:17:51 - [TEST_STEP][PASSED] - println(today): null

05-10-2024T00:17:51 - [TEST_STEP][PASSED] - datText = today: null

05-10-2024T00:17:51 - [TEST_STEP][PASSED] - EmulatorDataKey = dataFile.getValue("EmulatorData", row): null

05-10-2024T00:17:51 - [TEST_STEP][PASSED] - out.println("Value of Emulator Key is : " + EmulatorDataKey): null

05-10-2024T00:17:51 - [TEST_STEP][PASSED] - iwpPages.emulatorIWP30.setDataEmulator_DD(EmulatorDataKey): iwpPages.emulatorIWP30.setDataEmulator_DD is PASSED

05-10-2024T00:17:51 - [MESSAGE][INFO] - Starting 'Edge Chromium' driver

05-10-2024T00:17:51 - [MESSAGE][INFO] - User set preference: ['acceptInsecureCerts', 'true']

05-10-2024T00:17:53 - [MESSAGE][INFO] - Action delay is set to 0 milliseconds

05-10-2024T00:17:57 - [MESSAGE][PASSED] - Browser is opened with url: 'https://qa.velocitypayment.com/agency/config.do?action=editor&message_version=2_5'

05-10-2024T00:17:57 - [MESSAGE][PASSED] - Current window maximized

05-10-2024T00:17:58 - [MESSAGE][PASSED] - All options with value '2.5' are selected in object 'Object Repository/IWP30/Page_VRelay30Emulator/MV'  using regular expression

05-10-2024T00:17:58 - [MESSAGE][PASSED] - Text '10.50' is set on object 'Object Repository/IWP30/Page_VRelay30Emulator/Amount'

05-10-2024T00:17:59 - [MESSAGE][PASSED] - Text 'dLXfHkj9yUsP' is set on object 'Object Repository/IWP30/Page_VRelay30Emulator/CAN'

05-10-2024T00:17:59 - [MESSAGE][PASSED] - Text 'AutoPay' is set on object 'Object Repository/IWP30/Page_VRelay30Emulator/Action'

05-10-2024T00:18:00 - [MESSAGE][PASSED] - Text 'en_US' is set on object 'Object Repository/IWP30/Page_VRelay30Emulator/Lang'

05-10-2024T00:18:01 - [MESSAGE][PASSED] - Text '' is set on object 'Object Repository/IWP30/Page_VRelay30Emulator/Fname'

05-10-2024T00:18:01 - [MESSAGE][PASSED] - Text '' is set on object 'Object Repository/IWP30/Page_VRelay30Emulator/Lname'

05-10-2024T00:18:02 - [MESSAGE][PASSED] - Text '' is set on object 'Object Repository/IWP30/Page_VRelay30Emulator/AL1'

05-10-2024T00:18:02 - [MESSAGE][PASSED] - Text '' is set on object 'Object Repository/IWP30/Page_VRelay30Emulator/AL2'

05-10-2024T00:18:03 - [MESSAGE][PASSED] - Text '' is set on object 'Object Repository/IWP30/Page_VRelay30Emulator/Country'

05-10-2024T00:18:04 - [MESSAGE][PASSED] - Text '' is set on object 'Object Repository/IWP30/Page_VRelay30Emulator/City'

05-10-2024T00:18:04 - [MESSAGE][PASSED] - Text '' is set on object 'Object Repository/IWP30/Page_VRelay30Emulator/State'

05-10-2024T00:18:05 - [MESSAGE][PASSED] - Text '' is set on object 'Object Repository/IWP30/Page_VRelay30Emulator/ZIP'

05-10-2024T00:18:05 - [MESSAGE][PASSED] - Text '' is set on object 'Object Repository/IWP30/Page_VRelay30Emulator/Order'

05-10-2024T00:18:06 - [MESSAGE][PASSED] - Text '' is set on object 'Object Repository/IWP30/Page_VRelay30Emulator/Company'

05-10-2024T00:18:06 - [MESSAGE][PASSED] - Text '' is set on object 'Object Repository/IWP30/Page_VRelay30Emulator/Email'

05-10-2024T00:18:07 - [MESSAGE][PASSED] - Text '' is set on object 'Object Repository/IWP30/Page_VRelay30Emulator/UDF1'

05-10-2024T00:18:08 - [MESSAGE][PASSED] - Text '' is set on object 'Object Repository/IWP30/Page_VRelay30Emulator/UDF2'

05-10-2024T00:18:08 - [MESSAGE][PASSED] - Text '' is set on object 'Object Repository/IWP30/Page_VRelay30Emulator/UDF3'

05-10-2024T00:18:09 - [MESSAGE][PASSED] - Text 'udf data 4' is set on object 'Object Repository/IWP30/Page_VRelay30Emulator/UDF4'

05-10-2024T00:18:09 - [MESSAGE][PASSED] - Text 'udf data 5' is set on object 'Object Repository/IWP30/Page_VRelay30Emulator/UDF5'

05-10-2024T00:18:10 - [MESSAGE][PASSED] - Text '' is set on object 'Object Repository/IWP30/Page_VRelay30Emulator/UDF6'

05-10-2024T00:18:10 - [MESSAGE][PASSED] - Text '' is set on object 'Object Repository/IWP30/Page_VRelay30Emulator/UDF7'

05-10-2024T00:18:11 - [MESSAGE][PASSED] - Text '' is set on object 'Object Repository/IWP30/Page_VRelay30Emulator/UDF8'

05-10-2024T00:18:12 - [MESSAGE][PASSED] - Text 'udf data 9' is set on object 'Object Repository/IWP30/Page_VRelay30Emulator/UDF9'

05-10-2024T00:18:12 - [MESSAGE][PASSED] - Text 'udf data 10' is set on object 'Object Repository/IWP30/Page_VRelay30Emulator/UDF10'

05-10-2024T00:18:13 - [MESSAGE][PASSED] - Object: 'Object Repository/IWP30/Page_VRelay30Emulator/Submit' is clicked on

05-10-2024T00:18:18 - [MESSAGE][PASSED] - Browser is closed

05-10-2024T00:18:22 - [MESSAGE][PASSED] - iwpPages.emulatorIWP30.setDataEmulator_DD is PASSED

05-10-2024T00:18:22 - [TEST_STEP][PASSED] - testHarnessURL = urlTestHarness: null

05-10-2024T00:18:22 - [TEST_STEP][PASSED] - openBrowser(testHarnessURL): Browser is opened with url: 'https://dev-algorithm.govolution.com/vrelaytest/QA/version_2_2/vrelaytest.html'

05-10-2024T00:18:22 - [MESSAGE][INFO] - Starting 'Edge Chromium' driver

05-10-2024T00:18:22 - [MESSAGE][INFO] - User set preference: ['acceptInsecureCerts', 'true']

05-10-2024T00:18:24 - [MESSAGE][INFO] - Action delay is set to 0 milliseconds

05-10-2024T00:18:26 - [MESSAGE][PASSED] - Browser is opened with url: 'https://dev-algorithm.govolution.com/vrelaytest/QA/version_2_2/vrelaytest.html'

05-10-2024T00:18:26 - [TEST_STEP][PASSED] - maximizeWindow(): Current window maximized

05-10-2024T00:18:27 - [MESSAGE][PASSED] - Current window maximized

05-10-2024T00:18:27 - [TEST_STEP][PASSED] - iwpPages.TestHarnessPage.setDataMethodEF(row, dataFile): iwpPages.TestHarnessPage.setDataMethodEF is PASSED

05-10-2024T00:18:27 - [MESSAGE][PASSED] - Object 'Object Repository/IWP30/Page_QATestHarness/RemittanceID' is present

05-10-2024T00:18:28 - [MESSAGE][PASSED] - Text '638' is set on object 'Object Repository/IWP30/Page_QATestHarness/ApplicationID'

05-10-2024T00:18:29 - [MESSAGE][PASSED] - Text '2.5' is set on object 'Object Repository/IWP30/Page_QATestHarness/MessageVersion'

05-10-2024T00:18:29 - [MESSAGE][PASSED] - Text 'omLFE2Q1BLTD' is set on object 'Object Repository/IWP30/Page_QATestHarness/RemittanceID'

05-10-2024T00:18:32 - [MESSAGE][PASSED] - Object: 'Object Repository/IWP30/Page_QATestHarness/SubmitButton' is clicked on

05-10-2024T00:18:32 - [MESSAGE][PASSED] - iwpPages.TestHarnessPage.setDataMethodEF is PASSED

05-10-2024T00:18:32 - [TEST_STEP][PASSED] - click(findTestObject("Object Repository/IWP30/Page_SelectPaymentMethod/PayByPersonalCheck")): Object: 'Object Repository/IWP30/Page_SelectPaymentMethod/PayByPersonalCheck' is clicked on

05-10-2024T00:18:33 - [MESSAGE][PASSED] - Object: 'Object Repository/IWP30/Page_SelectPaymentMethod/PayByPersonalCheck' is clicked on

05-10-2024T00:18:33 - [TEST_STEP][PASSED] - click(findTestObject("Object Repository/IWP30/Page_SelectPaymentMethod/MakePaymentButton")): Object: 'Object Repository/IWP30/Page_SelectPaymentMethod/MakePaymentButton' is clicked on

05-10-2024T00:18:34 - [MESSAGE][PASSED] - Object: 'Object Repository/IWP30/Page_SelectPaymentMethod/MakePaymentButton' is clicked on

05-10-2024T00:18:34 - [TEST_STEP][PASSED] - iwpPages.achPersonalPaymentEntryPage.setDataACHPPM(row, dataFile): iwpPages.achPersonalPaymentEntryPage.setDataACHPPM is PASSED

05-10-2024T00:18:35 - [MESSAGE][PASSED] - Object 'Object Repository/IWP30/Page_ACHPersonalPaymentEntry/txt_accountNumber' is present

05-10-2024T00:18:35 - [MESSAGE][PASSED] - Object 'Object Repository/IWP30/Page_ACHPersonalPaymentEntry/txt_UDF2' is present

05-10-2024T00:18:36 - [MESSAGE][PASSED] - Text 'udf data 2' is set on object 'Object Repository/IWP30/Page_ACHPersonalPaymentEntry/txt_UDF2'

05-10-2024T00:18:36 - [MESSAGE][PASSED] - Text 'udf data 3' is set on object 'Object Repository/IWP30/Page_ACHPersonalPaymentEntry/txt_UDF3'

05-10-2024T00:18:37 - [MESSAGE][PASSED] - All options with label 'Orange' are selected in object 'Object Repository/IWP30/Page_ACHPersonalPaymentEntry/dd_UDF7' 

05-10-2024T00:18:37 - [MESSAGE][PASSED] - All options with label 'Soccer' are selected in object 'Object Repository/IWP30/Page_ACHPersonalPaymentEntry/dd_UDF8' 

05-10-2024T00:18:38 - [MESSAGE][PASSED] - Object 'Object Repository/IWP30/Page_ACHPersonalPaymentEntry/txt_Firstname' is present

05-10-2024T00:18:38 - [MESSAGE][PASSED] - Text 'Elizath' is set on object 'Object Repository/IWP30/Page_ACHPersonalPaymentEntry/txt_Firstname'

05-10-2024T00:18:38 - [MESSAGE][PASSED] - Object 'Object Repository/IWP30/Page_ACHPersonalPaymentEntry/txt_Lastname' is present

05-10-2024T00:18:39 - [MESSAGE][PASSED] - Text 'Christine' is set on object 'Object Repository/IWP30/Page_ACHPersonalPaymentEntry/txt_Lastname'

05-10-2024T00:18:39 - [MESSAGE][PASSED] - Object 'Object Repository/IWP30/Page_ACHPersonalPaymentEntry/txt_routingNumber' is present

05-10-2024T00:18:40 - [MESSAGE][PASSED] - Text '256072691' is set on object 'Object Repository/IWP30/Page_ACHPersonalPaymentEntry/txt_routingNumber'

05-10-2024T00:18:40 - [MESSAGE][PASSED] - Object 'Object Repository/IWP30/Page_ACHPersonalPaymentEntry/txt_accountNumber' is present

05-10-2024T00:18:41 - [MESSAGE][PASSED] - Text '12344444' is set on object 'Object Repository/IWP30/Page_ACHPersonalPaymentEntry/txt_accountNumber'

05-10-2024T00:18:42 - [MESSAGE][PASSED] - Object 'Object Repository/IWP30/Page_ACHPersonalPaymentEntry/txt_confirmAccountNumber' is present

05-10-2024T00:18:42 - [MESSAGE][PASSED] - Text '12344444' is set on object 'Object Repository/IWP30/Page_ACHPersonalPaymentEntry/txt_confirmAccountNumber'

05-10-2024T00:18:43 - [MESSAGE][PASSED] - Object 'Object Repository/IWP30/Page_ACHPersonalPaymentEntry/rd_accountType' is present

05-10-2024T00:18:43 - [MESSAGE][PASSED] - Modify property of object successfully

05-10-2024T00:18:43 - [MESSAGE][PASSED] - Object: 'Object Repository/IWP30/Page_ACHPersonalPaymentEntry/rd_accountType' is clicked on

05-10-2024T00:18:44 - [MESSAGE][PASSED] - Text '365 Main Avenue' is set on object 'Object Repository/IWP30/Page_ACHPersonalPaymentEntry/txt_AL1'

05-10-2024T00:18:44 - [MESSAGE][PASSED] - Text '22201' is set on object 'Object Repository/IWP30/Page_ACHPersonalPaymentEntry/txt_ZIP'

05-10-2024T00:18:44 - [MESSAGE][PASSED] - Object 'Object Repository/IWP30/Page_ACHPersonalPaymentEntry/txt_Email' is present

05-10-2024T00:18:45 - [MESSAGE][PASSED] - Text 'iahmed@govolution.com' is set on object 'Object Repository/IWP30/Page_ACHPersonalPaymentEntry/txt_Email'

05-10-2024T00:18:46 - [MESSAGE][PASSED] - Object 'Object Repository/IWP30/Page_ACHPersonalPaymentEntry/cb_TermsAndCond' is present

05-10-2024T00:18:46 - [MESSAGE][PASSED] - Object: 'Object Repository/IWP30/Page_ACHPersonalPaymentEntry/cb_TermsAndCond' is clicked on

05-10-2024T00:18:46 - [MESSAGE][PASSED] - Object 'Object Repository/IWP30/Page_ACHPersonalPaymentEntry/btn_Continue' is present

05-10-2024T00:18:47 - [MESSAGE][PASSED] - Object: 'Object Repository/IWP30/Page_ACHPersonalPaymentEntry/btn_Continue' is clicked on

05-10-2024T00:18:47 - [MESSAGE][PASSED] - iwpPages.achPersonalPaymentEntryPage.setDataACHPPM is PASSED

05-10-2024T00:18:47 - [TEST_STEP][PASSED] - click(findTestObject("Object Repository/IWP30/Page_Confirmation/ConfirmButton")): Object: 'Object Repository/IWP30/Page_Confirmation/ConfirmButton' is clicked on

05-10-2024T00:18:49 - [MESSAGE][PASSED] - Object: 'Object Repository/IWP30/Page_Confirmation/ConfirmButton' is clicked on

05-10-2024T00:18:49 - [TEST_STEP][PASSED] - Thread.sleep(2000): null

05-10-2024T00:18:51 - [TEST_STEP][PASSED] - if (verifyTextPresent("AutoPay", false)): null

05-10-2024T00:18:51 - [MESSAGE][PASSED] - Text 'AutoPay' is present on page 

05-10-2024T00:18:51 - [TEST_STEP][PASSED] - openBrowser(testHarnessURL): Browser is opened with url: 'https://dev-algorithm.govolution.com/vrelaytest/QA/version_2_2/vrelaytest.html'

05-10-2024T00:18:51 - [MESSAGE][WARNING] - A browser is already opened. Closing browser and opening a new one

05-10-2024T00:18:52 - [MESSAGE][INFO] - Starting 'Edge Chromium' driver

05-10-2024T00:18:52 - [MESSAGE][INFO] - User set preference: ['acceptInsecureCerts', 'true']

05-10-2024T00:18:54 - [MESSAGE][INFO] - Action delay is set to 0 milliseconds

05-10-2024T00:18:57 - [MESSAGE][PASSED] - Browser is opened with url: 'https://dev-algorithm.govolution.com/vrelaytest/QA/version_2_2/vrelaytest.html'

05-10-2024T00:18:57 - [TEST_STEP][PASSED] - maximizeWindow(): Current window maximized

05-10-2024T00:18:58 - [MESSAGE][PASSED] - Current window maximized

05-10-2024T00:18:58 - [TEST_STEP][PASSED] - iwpPages.TestHarnessPage.setDataMethodEF(row, dataFile): iwpPages.TestHarnessPage.setDataMethodEF is PASSED

05-10-2024T00:18:58 - [MESSAGE][PASSED] - Object 'Object Repository/IWP30/Page_QATestHarness/RemittanceID' is present

05-10-2024T00:18:58 - [MESSAGE][PASSED] - Text '638' is set on object 'Object Repository/IWP30/Page_QATestHarness/ApplicationID'

05-10-2024T00:18:59 - [MESSAGE][PASSED] - Text '2.5' is set on object 'Object Repository/IWP30/Page_QATestHarness/MessageVersion'

05-10-2024T00:19:00 - [MESSAGE][PASSED] - Text 'WWGbDqwKR2n8' is set on object 'Object Repository/IWP30/Page_QATestHarness/RemittanceID'

05-10-2024T00:19:03 - [MESSAGE][PASSED] - Object: 'Object Repository/IWP30/Page_QATestHarness/SubmitButton' is clicked on

05-10-2024T00:19:03 - [MESSAGE][PASSED] - iwpPages.TestHarnessPage.setDataMethodEF is PASSED

05-10-2024T00:19:03 - [TEST_STEP][PASSED] - click(findTestObject("Object Repository/IWP30/Page_ManagePlan_Autopay/btn_modify")): Object: 'Object Repository/IWP30/Page_ManagePlan_Autopay/btn_modify' is clicked on

05-10-2024T00:19:03 - [MESSAGE][PASSED] - Object: 'Object Repository/IWP30/Page_ManagePlan_Autopay/btn_modify' is clicked on

05-10-2024T00:19:03 - [TEST_STEP][PASSED] - click(findTestObject("Object Repository/IWP30/Page_Modify/btn_savechanges")): Object: 'Object Repository/IWP30/Page_Modify/btn_savechanges' is clicked on

05-10-2024T00:19:05 - [MESSAGE][PASSED] - Object: 'Object Repository/IWP30/Page_Modify/btn_savechanges' is clicked on

05-10-2024T00:19:05 - [TEST_STEP][PASSED] - if (verifyTextPresent("Edits to your payment plan were completed successfully", false)): null

05-10-2024T00:19:05 - [MESSAGE][PASSED] - Text 'Edits to your payment plan were completed successfully' is present on page 

05-10-2024T00:19:05 - [TEST_STEP][PASSED] - click(findTestObject("Object Repository/IWP30/Page_ManagePlan_Autopay/btn_cancel")): Object: 'Object Repository/IWP30/Page_ManagePlan_Autopay/btn_cancel' is clicked on

05-10-2024T00:19:06 - [MESSAGE][PASSED] - Object: 'Object Repository/IWP30/Page_ManagePlan_Autopay/btn_cancel' is clicked on

05-10-2024T00:19:06 - [TEST_STEP][PASSED] - click(findTestObject("Object Repository/IWP30/Page_CancelPlan/btn_cancel")): Object: 'Object Repository/IWP30/Page_CancelPlan/btn_cancel' is clicked on

05-10-2024T00:19:07 - [MESSAGE][PASSED] - Object: 'Object Repository/IWP30/Page_CancelPlan/btn_cancel' is clicked on

05-10-2024T00:19:07 - [TEST_STEP][PASSED] - if (verifyTextPresent("Your payment plan has been cancelled successfully", false)): null

05-10-2024T00:19:08 - [MESSAGE][PASSED] - Text 'Your payment plan has been cancelled successfully' is present on page 

05-10-2024T00:19:08 - [TEST_STEP][PASSED] - markPassed("Your payment plan has been successfully created and canceled"): Your payment plan has been successfully created and canceled

05-10-2024T00:19:08 - [MESSAGE][PASSED] - Your payment plan has been successfully created and canceled

05-10-2024T00:19:08 - [TEST_STEP][PASSED] - resText = "Pass": null

05-10-2024T00:19:08 - [TEST_STEP][PASSED] - println(row): null

05-10-2024T00:19:08 - [TEST_STEP][PASSED] - pages.WriteExcel.demoKey(resText, datText, resColumn, datCloumn, fileLoc, nameSheet, row): pages.WriteExcel.demoKey is PASSED

05-10-2024T00:19:08 - [MESSAGE][PASSED] - pages.WriteExcel.demoKey is PASSED

05-10-2024T00:19:08 - [TEST_STEP][PASSED] - closeBrowser(): Browser is closed

05-10-2024T00:19:08 - [MESSAGE][PASSED] - Browser is closed]]></system-out>
         <system-err><![CDATA[]]></system-err>
      </testcase>
      <testcase name="Test Cases/IntegratedWeb/IWP25/Payments/CMCAutoPayPS" time="78.701" classname="Test Cases/IntegratedWeb/IWP25/Payments/CMCAutoPayPS" status="PASSED">
         <system-out><![CDATA[05-10-2024T00:19:08 - [TEST_CASE][PASSED] - Test Cases/IntegratedWeb/IWP25/Payments/CMCAutoPayPS: Test Cases/IntegratedWeb/IWP25/Payments/CMCAutoPayPS

05-10-2024T00:19:09 - [TEST_STEP][PASSED] - resText = "Fail": null

05-10-2024T00:19:09 - [TEST_STEP][PASSED] - resColumn = "Result": null

05-10-2024T00:19:09 - [TEST_STEP][PASSED] - datCloumn = "Date": null

05-10-2024T00:19:09 - [TEST_STEP][PASSED] - fileLoc = "KatalonData/IWPTestData/VRelay25PaymentsExtension.xlsx": null

05-10-2024T00:19:09 - [TEST_STEP][PASSED] - numOfRows = <not implemented yet for class: org.codehaus.groovy.ast.expr.EmptyExpression>: null

05-10-2024T00:19:09 - [TEST_STEP][PASSED] - dataFile = <not implemented yet for class: org.codehaus.groovy.ast.expr.EmptyExpression>: null

05-10-2024T00:19:09 - [TEST_STEP][PASSED] - nameSheet = <not implemented yet for class: org.codehaus.groovy.ast.expr.EmptyExpression>: null

05-10-2024T00:19:09 - [TEST_STEP][PASSED] - dataFileEmulator = <not implemented yet for class: org.codehaus.groovy.ast.expr.EmptyExpression>: null

05-10-2024T00:19:09 - [TEST_STEP][PASSED] - isRequiredTextPresent = false: null

05-10-2024T00:19:09 - [TEST_STEP][PASSED] - nameSheet = "CMCAutoPayPlanPS": null

05-10-2024T00:19:09 - [TEST_STEP][PASSED] - dataFile = getExcelDataWithDefaultSheet("KatalonData/IWPTestData/VRelay25PaymentsExtension.xlsx", nameSheet, true): null

05-10-2024T00:19:09 - [TEST_STEP][PASSED] - dataFileEmulator = "IWPTestData/EmulatorData": null

05-10-2024T00:19:09 - [TEST_STEP][PASSED] - numOfRows = dataFile.getRowNumbers(): null

05-10-2024T00:19:09 - [TEST_STEP][PASSED] - println("Number of Records: " + numOfRows): null

05-10-2024T00:19:09 - [TEST_STEP][PASSED] - for ([row = 1, row <= numOfRows, (row++)]): Browser is closed

05-10-2024T00:19:09 - [TEST_STEP][PASSED] - ExecuteTC = dataFile.getValue("Execute", row): null

05-10-2024T00:19:09 - [TEST_STEP][PASSED] - out.println("Value of Execute is : " + ExecuteTC): null

05-10-2024T00:19:09 - [TEST_STEP][PASSED] - if (ExecuteTC.equalsIgnoreCase("Y")): null

05-10-2024T00:19:09 - [TEST_STEP][PASSED] - out.println("Begin Record Number: " + row): null

05-10-2024T00:19:09 - [TEST_STEP][PASSED] - today = new java.util.Date(): null

05-10-2024T00:19:09 - [TEST_STEP][PASSED] - println(today): null

05-10-2024T00:19:09 - [TEST_STEP][PASSED] - datText = today: null

05-10-2024T00:19:09 - [TEST_STEP][PASSED] - EmulatorDataKey = dataFile.getValue("EmulatorData", row): null

05-10-2024T00:19:09 - [TEST_STEP][PASSED] - out.println("Value of Emulator Key is : " + EmulatorDataKey): null

05-10-2024T00:19:09 - [TEST_STEP][PASSED] - iwpPages.emulatorIWP30.setDataEmulator_DD(EmulatorDataKey): iwpPages.emulatorIWP30.setDataEmulator_DD is PASSED

05-10-2024T00:19:09 - [MESSAGE][INFO] - Starting 'Edge Chromium' driver

05-10-2024T00:19:09 - [MESSAGE][INFO] - User set preference: ['acceptInsecureCerts', 'true']

05-10-2024T00:19:11 - [MESSAGE][INFO] - Action delay is set to 0 milliseconds

05-10-2024T00:19:15 - [MESSAGE][PASSED] - Browser is opened with url: 'https://qa.velocitypayment.com/agency/config.do?action=editor&message_version=2_5'

05-10-2024T00:19:15 - [MESSAGE][PASSED] - Current window maximized

05-10-2024T00:19:16 - [MESSAGE][PASSED] - All options with value '2.5' are selected in object 'Object Repository/IWP30/Page_VRelay30Emulator/MV'  using regular expression

05-10-2024T00:19:16 - [MESSAGE][PASSED] - Text '10.50' is set on object 'Object Repository/IWP30/Page_VRelay30Emulator/Amount'

05-10-2024T00:19:17 - [MESSAGE][PASSED] - Text 'c468PyrdHLCc' is set on object 'Object Repository/IWP30/Page_VRelay30Emulator/CAN'

05-10-2024T00:19:18 - [MESSAGE][PASSED] - Text 'AutoPay' is set on object 'Object Repository/IWP30/Page_VRelay30Emulator/Action'

05-10-2024T00:19:18 - [MESSAGE][PASSED] - Text 'en_US' is set on object 'Object Repository/IWP30/Page_VRelay30Emulator/Lang'

05-10-2024T00:19:19 - [MESSAGE][PASSED] - Text '' is set on object 'Object Repository/IWP30/Page_VRelay30Emulator/Fname'

05-10-2024T00:19:19 - [MESSAGE][PASSED] - Text '' is set on object 'Object Repository/IWP30/Page_VRelay30Emulator/Lname'

05-10-2024T00:19:20 - [MESSAGE][PASSED] - Text '' is set on object 'Object Repository/IWP30/Page_VRelay30Emulator/AL1'

05-10-2024T00:19:20 - [MESSAGE][PASSED] - Text '' is set on object 'Object Repository/IWP30/Page_VRelay30Emulator/AL2'

05-10-2024T00:19:21 - [MESSAGE][PASSED] - Text '' is set on object 'Object Repository/IWP30/Page_VRelay30Emulator/Country'

05-10-2024T00:19:22 - [MESSAGE][PASSED] - Text '' is set on object 'Object Repository/IWP30/Page_VRelay30Emulator/City'

05-10-2024T00:19:22 - [MESSAGE][PASSED] - Text '' is set on object 'Object Repository/IWP30/Page_VRelay30Emulator/State'

05-10-2024T00:19:23 - [MESSAGE][PASSED] - Text '' is set on object 'Object Repository/IWP30/Page_VRelay30Emulator/ZIP'

05-10-2024T00:19:23 - [MESSAGE][PASSED] - Text '' is set on object 'Object Repository/IWP30/Page_VRelay30Emulator/Order'

05-10-2024T00:19:24 - [MESSAGE][PASSED] - Text '' is set on object 'Object Repository/IWP30/Page_VRelay30Emulator/Company'

05-10-2024T00:19:24 - [MESSAGE][PASSED] - Text '' is set on object 'Object Repository/IWP30/Page_VRelay30Emulator/Email'

05-10-2024T00:19:25 - [MESSAGE][PASSED] - Text '' is set on object 'Object Repository/IWP30/Page_VRelay30Emulator/UDF1'

05-10-2024T00:19:26 - [MESSAGE][PASSED] - Text '' is set on object 'Object Repository/IWP30/Page_VRelay30Emulator/UDF2'

05-10-2024T00:19:26 - [MESSAGE][PASSED] - Text '' is set on object 'Object Repository/IWP30/Page_VRelay30Emulator/UDF3'

05-10-2024T00:19:27 - [MESSAGE][PASSED] - Text 'udf data 4' is set on object 'Object Repository/IWP30/Page_VRelay30Emulator/UDF4'

05-10-2024T00:19:27 - [MESSAGE][PASSED] - Text 'udf data 5' is set on object 'Object Repository/IWP30/Page_VRelay30Emulator/UDF5'

05-10-2024T00:19:28 - [MESSAGE][PASSED] - Text '' is set on object 'Object Repository/IWP30/Page_VRelay30Emulator/UDF6'

05-10-2024T00:19:28 - [MESSAGE][PASSED] - Text '' is set on object 'Object Repository/IWP30/Page_VRelay30Emulator/UDF7'

05-10-2024T00:19:29 - [MESSAGE][PASSED] - Text '' is set on object 'Object Repository/IWP30/Page_VRelay30Emulator/UDF8'

05-10-2024T00:19:30 - [MESSAGE][PASSED] - Text 'udf data 9' is set on object 'Object Repository/IWP30/Page_VRelay30Emulator/UDF9'

05-10-2024T00:19:30 - [MESSAGE][PASSED] - Text 'udf data 10' is set on object 'Object Repository/IWP30/Page_VRelay30Emulator/UDF10'

05-10-2024T00:19:31 - [MESSAGE][PASSED] - Object: 'Object Repository/IWP30/Page_VRelay30Emulator/Submit' is clicked on

05-10-2024T00:19:36 - [MESSAGE][PASSED] - Browser is closed

05-10-2024T00:19:40 - [MESSAGE][PASSED] - iwpPages.emulatorIWP30.setDataEmulator_DD is PASSED

05-10-2024T00:19:40 - [TEST_STEP][PASSED] - testHarnessURL = urlTestHarness: null

05-10-2024T00:19:40 - [TEST_STEP][PASSED] - openBrowser(testHarnessURL): Browser is opened with url: 'https://dev-algorithm.govolution.com/vrelaytest/QA/version_2_2/vrelaytest.html'

05-10-2024T00:19:40 - [MESSAGE][INFO] - Starting 'Edge Chromium' driver

05-10-2024T00:19:40 - [MESSAGE][INFO] - User set preference: ['acceptInsecureCerts', 'true']

05-10-2024T00:19:42 - [MESSAGE][INFO] - Action delay is set to 0 milliseconds

05-10-2024T00:19:45 - [MESSAGE][PASSED] - Browser is opened with url: 'https://dev-algorithm.govolution.com/vrelaytest/QA/version_2_2/vrelaytest.html'

05-10-2024T00:19:45 - [TEST_STEP][PASSED] - maximizeWindow(): Current window maximized

05-10-2024T00:19:46 - [MESSAGE][PASSED] - Current window maximized

05-10-2024T00:19:46 - [TEST_STEP][PASSED] - iwpPages.TestHarnessPage.setDataMethodEF(row, dataFile): iwpPages.TestHarnessPage.setDataMethodEF is PASSED

05-10-2024T00:19:46 - [MESSAGE][PASSED] - Object 'Object Repository/IWP30/Page_QATestHarness/RemittanceID' is present

05-10-2024T00:19:46 - [MESSAGE][PASSED] - Text '638' is set on object 'Object Repository/IWP30/Page_QATestHarness/ApplicationID'

05-10-2024T00:19:47 - [MESSAGE][PASSED] - Text '2.5' is set on object 'Object Repository/IWP30/Page_QATestHarness/MessageVersion'

05-10-2024T00:19:48 - [MESSAGE][PASSED] - Text '7tLa2VMY5fwt' is set on object 'Object Repository/IWP30/Page_QATestHarness/RemittanceID'

05-10-2024T00:19:50 - [MESSAGE][PASSED] - Object: 'Object Repository/IWP30/Page_QATestHarness/SubmitButton' is clicked on

05-10-2024T00:19:50 - [MESSAGE][PASSED] - iwpPages.TestHarnessPage.setDataMethodEF is PASSED

05-10-2024T00:19:50 - [TEST_STEP][PASSED] - click(findTestObject("Object Repository/IWP30/Page_SelectPaymentMethod/PayByPersonalCheck")): Object: 'Object Repository/IWP30/Page_SelectPaymentMethod/PayByPersonalCheck' is clicked on

05-10-2024T00:19:51 - [MESSAGE][PASSED] - Object: 'Object Repository/IWP30/Page_SelectPaymentMethod/PayByPersonalCheck' is clicked on

05-10-2024T00:19:51 - [TEST_STEP][PASSED] - click(findTestObject("Object Repository/IWP30/Page_SelectPaymentMethod/MakePaymentButton")): Object: 'Object Repository/IWP30/Page_SelectPaymentMethod/MakePaymentButton' is clicked on

05-10-2024T00:19:53 - [MESSAGE][PASSED] - Object: 'Object Repository/IWP30/Page_SelectPaymentMethod/MakePaymentButton' is clicked on

05-10-2024T00:19:53 - [TEST_STEP][PASSED] - iwpPages.achPersonalPaymentEntryPage.setDataACHPPM(row, dataFile): iwpPages.achPersonalPaymentEntryPage.setDataACHPPM is PASSED

05-10-2024T00:19:53 - [MESSAGE][PASSED] - Object 'Object Repository/IWP30/Page_ACHPersonalPaymentEntry/txt_accountNumber' is present

05-10-2024T00:19:53 - [MESSAGE][PASSED] - Object 'Object Repository/IWP30/Page_ACHPersonalPaymentEntry/txt_UDF2' is present

05-10-2024T00:19:54 - [MESSAGE][PASSED] - Text 'udf data 2' is set on object 'Object Repository/IWP30/Page_ACHPersonalPaymentEntry/txt_UDF2'

05-10-2024T00:19:55 - [MESSAGE][PASSED] - Text 'udf data 3' is set on object 'Object Repository/IWP30/Page_ACHPersonalPaymentEntry/txt_UDF3'

05-10-2024T00:19:55 - [MESSAGE][PASSED] - All options with label 'Orange' are selected in object 'Object Repository/IWP30/Page_ACHPersonalPaymentEntry/dd_UDF7' 

05-10-2024T00:19:56 - [MESSAGE][PASSED] - All options with label 'Soccer' are selected in object 'Object Repository/IWP30/Page_ACHPersonalPaymentEntry/dd_UDF8' 

05-10-2024T00:19:56 - [MESSAGE][PASSED] - Object 'Object Repository/IWP30/Page_ACHPersonalPaymentEntry/txt_Firstname' is present

05-10-2024T00:19:57 - [MESSAGE][PASSED] - Text 'Elizath' is set on object 'Object Repository/IWP30/Page_ACHPersonalPaymentEntry/txt_Firstname'

05-10-2024T00:19:57 - [MESSAGE][PASSED] - Object 'Object Repository/IWP30/Page_ACHPersonalPaymentEntry/txt_Lastname' is present

05-10-2024T00:19:57 - [MESSAGE][PASSED] - Text 'Christine' is set on object 'Object Repository/IWP30/Page_ACHPersonalPaymentEntry/txt_Lastname'

05-10-2024T00:19:58 - [MESSAGE][PASSED] - Object 'Object Repository/IWP30/Page_ACHPersonalPaymentEntry/txt_routingNumber' is present

05-10-2024T00:19:58 - [MESSAGE][PASSED] - Text '256072691' is set on object 'Object Repository/IWP30/Page_ACHPersonalPaymentEntry/txt_routingNumber'

05-10-2024T00:19:58 - [MESSAGE][PASSED] - Object 'Object Repository/IWP30/Page_ACHPersonalPaymentEntry/txt_accountNumber' is present

05-10-2024T00:20:00 - [MESSAGE][PASSED] - Text '12344444' is set on object 'Object Repository/IWP30/Page_ACHPersonalPaymentEntry/txt_accountNumber'

05-10-2024T00:20:00 - [MESSAGE][PASSED] - Object 'Object Repository/IWP30/Page_ACHPersonalPaymentEntry/txt_confirmAccountNumber' is present

05-10-2024T00:20:01 - [MESSAGE][PASSED] - Text '12344444' is set on object 'Object Repository/IWP30/Page_ACHPersonalPaymentEntry/txt_confirmAccountNumber'

05-10-2024T00:20:01 - [MESSAGE][PASSED] - Object 'Object Repository/IWP30/Page_ACHPersonalPaymentEntry/rd_accountType' is present

05-10-2024T00:20:01 - [MESSAGE][PASSED] - Modify property of object successfully

05-10-2024T00:20:01 - [MESSAGE][PASSED] - Object: 'Object Repository/IWP30/Page_ACHPersonalPaymentEntry/rd_accountType' is clicked on

05-10-2024T00:20:02 - [MESSAGE][PASSED] - Text '365 Main Avenue' is set on object 'Object Repository/IWP30/Page_ACHPersonalPaymentEntry/txt_AL1'

05-10-2024T00:20:02 - [MESSAGE][PASSED] - Text '22201' is set on object 'Object Repository/IWP30/Page_ACHPersonalPaymentEntry/txt_ZIP'

05-10-2024T00:20:03 - [MESSAGE][PASSED] - Object 'Object Repository/IWP30/Page_ACHPersonalPaymentEntry/txt_Email' is present

05-10-2024T00:20:04 - [MESSAGE][PASSED] - Text 'iahmed@govolution.com' is set on object 'Object Repository/IWP30/Page_ACHPersonalPaymentEntry/txt_Email'

05-10-2024T00:20:04 - [MESSAGE][PASSED] - Object 'Object Repository/IWP30/Page_ACHPersonalPaymentEntry/cb_TermsAndCond' is present

05-10-2024T00:20:04 - [MESSAGE][PASSED] - Object: 'Object Repository/IWP30/Page_ACHPersonalPaymentEntry/cb_TermsAndCond' is clicked on

05-10-2024T00:20:05 - [MESSAGE][PASSED] - Object 'Object Repository/IWP30/Page_ACHPersonalPaymentEntry/btn_Continue' is present

05-10-2024T00:20:06 - [MESSAGE][PASSED] - Object: 'Object Repository/IWP30/Page_ACHPersonalPaymentEntry/btn_Continue' is clicked on

05-10-2024T00:20:06 - [MESSAGE][PASSED] - iwpPages.achPersonalPaymentEntryPage.setDataACHPPM is PASSED

05-10-2024T00:20:06 - [TEST_STEP][PASSED] - click(findTestObject("Object Repository/IWP30/Page_Confirmation/ConfirmButton")): Object: 'Object Repository/IWP30/Page_Confirmation/ConfirmButton' is clicked on

05-10-2024T00:20:07 - [MESSAGE][PASSED] - Object: 'Object Repository/IWP30/Page_Confirmation/ConfirmButton' is clicked on

05-10-2024T00:20:07 - [TEST_STEP][PASSED] - Thread.sleep(2000): null

05-10-2024T00:20:09 - [TEST_STEP][PASSED] - if (verifyTextPresent("AutoPay", false)): null

05-10-2024T00:20:10 - [MESSAGE][PASSED] - Text 'AutoPay' is present on page 

05-10-2024T00:20:10 - [TEST_STEP][PASSED] - openBrowser(testHarnessURL): Browser is opened with url: 'https://dev-algorithm.govolution.com/vrelaytest/QA/version_2_2/vrelaytest.html'

05-10-2024T00:20:10 - [MESSAGE][WARNING] - A browser is already opened. Closing browser and opening a new one

05-10-2024T00:20:10 - [MESSAGE][INFO] - Starting 'Edge Chromium' driver

05-10-2024T00:20:10 - [MESSAGE][INFO] - User set preference: ['acceptInsecureCerts', 'true']

05-10-2024T00:20:12 - [MESSAGE][INFO] - Action delay is set to 0 milliseconds

05-10-2024T00:20:16 - [MESSAGE][PASSED] - Browser is opened with url: 'https://dev-algorithm.govolution.com/vrelaytest/QA/version_2_2/vrelaytest.html'

05-10-2024T00:20:16 - [TEST_STEP][PASSED] - maximizeWindow(): Current window maximized

05-10-2024T00:20:16 - [MESSAGE][PASSED] - Current window maximized

05-10-2024T00:20:16 - [TEST_STEP][PASSED] - iwpPages.TestHarnessPage.setDataMethodEF(row, dataFile): iwpPages.TestHarnessPage.setDataMethodEF is PASSED

05-10-2024T00:20:16 - [MESSAGE][PASSED] - Object 'Object Repository/IWP30/Page_QATestHarness/RemittanceID' is present

05-10-2024T00:20:17 - [MESSAGE][PASSED] - Text '638' is set on object 'Object Repository/IWP30/Page_QATestHarness/ApplicationID'

05-10-2024T00:20:18 - [MESSAGE][PASSED] - Text '2.5' is set on object 'Object Repository/IWP30/Page_QATestHarness/MessageVersion'

05-10-2024T00:20:18 - [MESSAGE][PASSED] - Text '67wP3vL1xs5e' is set on object 'Object Repository/IWP30/Page_QATestHarness/RemittanceID'

05-10-2024T00:20:21 - [MESSAGE][PASSED] - Object: 'Object Repository/IWP30/Page_QATestHarness/SubmitButton' is clicked on

05-10-2024T00:20:21 - [MESSAGE][PASSED] - iwpPages.TestHarnessPage.setDataMethodEF is PASSED

05-10-2024T00:20:21 - [TEST_STEP][PASSED] - click(findTestObject("Object Repository/IWP30/Page_ManagePlan_Autopay/btn_modify")): Object: 'Object Repository/IWP30/Page_ManagePlan_Autopay/btn_modify' is clicked on

05-10-2024T00:20:22 - [MESSAGE][PASSED] - Object: 'Object Repository/IWP30/Page_ManagePlan_Autopay/btn_modify' is clicked on

05-10-2024T00:20:22 - [TEST_STEP][PASSED] - click(findTestObject("Object Repository/IWP30/Page_Modify/btn_savechanges")): Object: 'Object Repository/IWP30/Page_Modify/btn_savechanges' is clicked on

05-10-2024T00:20:23 - [MESSAGE][PASSED] - Object: 'Object Repository/IWP30/Page_Modify/btn_savechanges' is clicked on

05-10-2024T00:20:23 - [TEST_STEP][PASSED] - if (verifyTextPresent("Edits to your payment plan were completed successfully", false)): null

05-10-2024T00:20:24 - [MESSAGE][PASSED] - Text 'Edits to your payment plan were completed successfully' is present on page 

05-10-2024T00:20:24 - [TEST_STEP][PASSED] - click(findTestObject("Object Repository/IWP30/Page_ManagePlan_Autopay/btn_cancel")): Object: 'Object Repository/IWP30/Page_ManagePlan_Autopay/btn_cancel' is clicked on

05-10-2024T00:20:24 - [MESSAGE][PASSED] - Object: 'Object Repository/IWP30/Page_ManagePlan_Autopay/btn_cancel' is clicked on

05-10-2024T00:20:24 - [TEST_STEP][PASSED] - click(findTestObject("Object Repository/IWP30/Page_CancelPlan/btn_cancel")): Object: 'Object Repository/IWP30/Page_CancelPlan/btn_cancel' is clicked on

05-10-2024T00:20:26 - [MESSAGE][PASSED] - Object: 'Object Repository/IWP30/Page_CancelPlan/btn_cancel' is clicked on

05-10-2024T00:20:26 - [TEST_STEP][PASSED] - if (verifyTextPresent("Your payment plan has been cancelled successfully", false)): null

05-10-2024T00:20:26 - [MESSAGE][PASSED] - Text 'Your payment plan has been cancelled successfully' is present on page 

05-10-2024T00:20:26 - [TEST_STEP][PASSED] - markPassed("Your payment plan has been successfully created and canceled"): Your payment plan has been successfully created and canceled

05-10-2024T00:20:26 - [MESSAGE][PASSED] - Your payment plan has been successfully created and canceled

05-10-2024T00:20:26 - [TEST_STEP][PASSED] - resText = "Pass": null

05-10-2024T00:20:26 - [TEST_STEP][PASSED] - println(row): null

05-10-2024T00:20:26 - [TEST_STEP][PASSED] - pages.WriteExcel.demoKey(resText, datText, resColumn, datCloumn, fileLoc, nameSheet, row): pages.WriteExcel.demoKey is PASSED

05-10-2024T00:20:26 - [MESSAGE][PASSED] - pages.WriteExcel.demoKey is PASSED

05-10-2024T00:20:26 - [TEST_STEP][PASSED] - closeBrowser(): Browser is closed

05-10-2024T00:20:27 - [MESSAGE][PASSED] - Browser is closed]]></system-out>
         <system-err><![CDATA[]]></system-err>
      </testcase>
      <testcase name="Test Cases/IntegratedWeb/IWP25/Payments/CMCDeferredCorp" time="77.881" classname="Test Cases/IntegratedWeb/IWP25/Payments/CMCDeferredCorp" status="PASSED">
         <system-out><![CDATA[05-10-2024T00:20:27 - [TEST_CASE][PASSED] - Test Cases/IntegratedWeb/IWP25/Payments/CMCDeferredCorp: Test Cases/IntegratedWeb/IWP25/Payments/CMCDeferredCorp

05-10-2024T00:20:27 - [TEST_STEP][PASSED] - resText = "Fail": null

05-10-2024T00:20:27 - [TEST_STEP][PASSED] - resColumn = "Result": null

05-10-2024T00:20:27 - [TEST_STEP][PASSED] - datCloumn = "Date": null

05-10-2024T00:20:27 - [TEST_STEP][PASSED] - fileLoc = "KatalonData/IWPTestData/VRelay25PaymentsExtension.xlsx": null

05-10-2024T00:20:27 - [TEST_STEP][PASSED] - numOfRows = <not implemented yet for class: org.codehaus.groovy.ast.expr.EmptyExpression>: null

05-10-2024T00:20:27 - [TEST_STEP][PASSED] - dataFile = <not implemented yet for class: org.codehaus.groovy.ast.expr.EmptyExpression>: null

05-10-2024T00:20:27 - [TEST_STEP][PASSED] - nameSheet = <not implemented yet for class: org.codehaus.groovy.ast.expr.EmptyExpression>: null

05-10-2024T00:20:27 - [TEST_STEP][PASSED] - dataFileEmulator = <not implemented yet for class: org.codehaus.groovy.ast.expr.EmptyExpression>: null

05-10-2024T00:20:27 - [TEST_STEP][PASSED] - isRequiredTextPresent = false: null

05-10-2024T00:20:27 - [TEST_STEP][PASSED] - nameSheet = "CMCDeferredPlanCorp": null

05-10-2024T00:20:27 - [TEST_STEP][PASSED] - dataFile = "IWPTestData/IWP25CMCDeferredCorp": null

05-10-2024T00:20:27 - [TEST_STEP][PASSED] - dataFileEmulator = "IWPTestData/EmulatorData": null

05-10-2024T00:20:27 - [TEST_STEP][PASSED] - numOfRows = findTestData(dataFile).getRowNumbers(): null

05-10-2024T00:20:27 - [TEST_STEP][PASSED] - println("Number of Records: " + numOfRows): null

05-10-2024T00:20:27 - [TEST_STEP][PASSED] - for ([row = 1, row <= numOfRows, (row++)]): Browser is closed

05-10-2024T00:20:27 - [TEST_STEP][PASSED] - ExecuteTC = findTestData(dataFile).getValue("Execute", row): null

05-10-2024T00:20:27 - [TEST_STEP][PASSED] - out.println("Value of Execute is : " + ExecuteTC): null

05-10-2024T00:20:27 - [TEST_STEP][PASSED] - if (ExecuteTC.equalsIgnoreCase("Y")): null

05-10-2024T00:20:27 - [TEST_STEP][PASSED] - out.println("Begin Record Number: " + row): null

05-10-2024T00:20:27 - [TEST_STEP][PASSED] - today = new java.util.Date(): null

05-10-2024T00:20:27 - [TEST_STEP][PASSED] - println(today): null

05-10-2024T00:20:27 - [TEST_STEP][PASSED] - datText = today: null

05-10-2024T00:20:27 - [TEST_STEP][PASSED] - EmulatorDataKey = findTestData(dataFile).getValue("EmulatorData", row): null

05-10-2024T00:20:27 - [TEST_STEP][PASSED] - out.println("Value of Emulator Key is : " + EmulatorDataKey): null

05-10-2024T00:20:27 - [TEST_STEP][PASSED] - iwpPages.emulatorIWP30.setDataEmulator_DD(EmulatorDataKey): iwpPages.emulatorIWP30.setDataEmulator_DD is PASSED

05-10-2024T00:20:28 - [MESSAGE][INFO] - Starting 'Edge Chromium' driver

05-10-2024T00:20:28 - [MESSAGE][INFO] - User set preference: ['acceptInsecureCerts', 'true']

05-10-2024T00:20:30 - [MESSAGE][INFO] - Action delay is set to 0 milliseconds

05-10-2024T00:20:33 - [MESSAGE][PASSED] - Browser is opened with url: 'https://qa.velocitypayment.com/agency/config.do?action=editor&message_version=2_5'

05-10-2024T00:20:33 - [MESSAGE][PASSED] - Current window maximized

05-10-2024T00:20:34 - [MESSAGE][PASSED] - All options with value '2.5' are selected in object 'Object Repository/IWP30/Page_VRelay30Emulator/MV'  using regular expression

05-10-2024T00:20:35 - [MESSAGE][PASSED] - Text '10.50' is set on object 'Object Repository/IWP30/Page_VRelay30Emulator/Amount'

05-10-2024T00:20:35 - [MESSAGE][PASSED] - Text 'frza0tq1bx8I' is set on object 'Object Repository/IWP30/Page_VRelay30Emulator/CAN'

05-10-2024T00:20:36 - [MESSAGE][PASSED] - Text 'PayNow' is set on object 'Object Repository/IWP30/Page_VRelay30Emulator/Action'

05-10-2024T00:20:37 - [MESSAGE][PASSED] - Text 'en_US' is set on object 'Object Repository/IWP30/Page_VRelay30Emulator/Lang'

05-10-2024T00:20:37 - [MESSAGE][PASSED] - Text '' is set on object 'Object Repository/IWP30/Page_VRelay30Emulator/Fname'

05-10-2024T00:20:38 - [MESSAGE][PASSED] - Text '' is set on object 'Object Repository/IWP30/Page_VRelay30Emulator/Lname'

05-10-2024T00:20:38 - [MESSAGE][PASSED] - Text '' is set on object 'Object Repository/IWP30/Page_VRelay30Emulator/AL1'

05-10-2024T00:20:39 - [MESSAGE][PASSED] - Text '' is set on object 'Object Repository/IWP30/Page_VRelay30Emulator/AL2'

05-10-2024T00:20:40 - [MESSAGE][PASSED] - Text '' is set on object 'Object Repository/IWP30/Page_VRelay30Emulator/Country'

05-10-2024T00:20:40 - [MESSAGE][PASSED] - Text '' is set on object 'Object Repository/IWP30/Page_VRelay30Emulator/City'

05-10-2024T00:20:41 - [MESSAGE][PASSED] - Text '' is set on object 'Object Repository/IWP30/Page_VRelay30Emulator/State'

05-10-2024T00:20:41 - [MESSAGE][PASSED] - Text '' is set on object 'Object Repository/IWP30/Page_VRelay30Emulator/ZIP'

05-10-2024T00:20:42 - [MESSAGE][PASSED] - Text '' is set on object 'Object Repository/IWP30/Page_VRelay30Emulator/Order'

05-10-2024T00:20:42 - [MESSAGE][PASSED] - Text '' is set on object 'Object Repository/IWP30/Page_VRelay30Emulator/Company'

05-10-2024T00:20:43 - [MESSAGE][PASSED] - Text '' is set on object 'Object Repository/IWP30/Page_VRelay30Emulator/Email'

05-10-2024T00:20:44 - [MESSAGE][PASSED] - Text '' is set on object 'Object Repository/IWP30/Page_VRelay30Emulator/UDF1'

05-10-2024T00:20:44 - [MESSAGE][PASSED] - Text '' is set on object 'Object Repository/IWP30/Page_VRelay30Emulator/UDF2'

05-10-2024T00:20:45 - [MESSAGE][PASSED] - Text '' is set on object 'Object Repository/IWP30/Page_VRelay30Emulator/UDF3'

05-10-2024T00:20:45 - [MESSAGE][PASSED] - Text 'udf data 4' is set on object 'Object Repository/IWP30/Page_VRelay30Emulator/UDF4'

05-10-2024T00:20:46 - [MESSAGE][PASSED] - Text 'udf data 5' is set on object 'Object Repository/IWP30/Page_VRelay30Emulator/UDF5'

05-10-2024T00:20:47 - [MESSAGE][PASSED] - Text '' is set on object 'Object Repository/IWP30/Page_VRelay30Emulator/UDF6'

05-10-2024T00:20:47 - [MESSAGE][PASSED] - Text '' is set on object 'Object Repository/IWP30/Page_VRelay30Emulator/UDF7'

05-10-2024T00:20:48 - [MESSAGE][PASSED] - Text '' is set on object 'Object Repository/IWP30/Page_VRelay30Emulator/UDF8'

05-10-2024T00:20:48 - [MESSAGE][PASSED] - Text 'udf data 9' is set on object 'Object Repository/IWP30/Page_VRelay30Emulator/UDF9'

05-10-2024T00:20:49 - [MESSAGE][PASSED] - Text 'udf data 10' is set on object 'Object Repository/IWP30/Page_VRelay30Emulator/UDF10'

05-10-2024T00:20:50 - [MESSAGE][PASSED] - Object: 'Object Repository/IWP30/Page_VRelay30Emulator/Submit' is clicked on

05-10-2024T00:20:54 - [MESSAGE][PASSED] - Browser is closed

05-10-2024T00:20:58 - [MESSAGE][PASSED] - iwpPages.emulatorIWP30.setDataEmulator_DD is PASSED

05-10-2024T00:20:58 - [TEST_STEP][PASSED] - testHarnessURL = urlTestHarness: null

05-10-2024T00:20:58 - [TEST_STEP][PASSED] - openBrowser(testHarnessURL): Browser is opened with url: 'https://dev-algorithm.govolution.com/vrelaytest/QA/version_2_2/vrelaytest.html'

05-10-2024T00:20:58 - [MESSAGE][INFO] - Starting 'Edge Chromium' driver

05-10-2024T00:20:58 - [MESSAGE][INFO] - User set preference: ['acceptInsecureCerts', 'true']

05-10-2024T00:21:00 - [MESSAGE][INFO] - Action delay is set to 0 milliseconds

05-10-2024T00:21:04 - [MESSAGE][PASSED] - Browser is opened with url: 'https://dev-algorithm.govolution.com/vrelaytest/QA/version_2_2/vrelaytest.html'

05-10-2024T00:21:04 - [TEST_STEP][PASSED] - maximizeWindow(): Current window maximized

05-10-2024T00:21:04 - [MESSAGE][PASSED] - Current window maximized

05-10-2024T00:21:04 - [TEST_STEP][PASSED] - iwpPages.TestHarnessPage.setDataMethod(row, dataFile): iwpPages.TestHarnessPage.setDataMethod is PASSED

05-10-2024T00:21:04 - [MESSAGE][PASSED] - Object 'Object Repository/IWP30/Page_QATestHarness/RemittanceID' is present

05-10-2024T00:21:05 - [MESSAGE][PASSED] - Text '638' is set on object 'Object Repository/IWP30/Page_QATestHarness/ApplicationID'

05-10-2024T00:21:06 - [MESSAGE][PASSED] - Text '2.5' is set on object 'Object Repository/IWP30/Page_QATestHarness/MessageVersion'

05-10-2024T00:21:06 - [MESSAGE][PASSED] - Text 'LuOthSRkcRgn' is set on object 'Object Repository/IWP30/Page_QATestHarness/RemittanceID'

05-10-2024T00:21:09 - [MESSAGE][PASSED] - Object: 'Object Repository/IWP30/Page_QATestHarness/SubmitButton' is clicked on

05-10-2024T00:21:09 - [MESSAGE][PASSED] - iwpPages.TestHarnessPage.setDataMethod is PASSED

05-10-2024T00:21:09 - [TEST_STEP][PASSED] - click(findTestObject("Object Repository/IWP30/Page_SelectPaymentMethod/PayByCorporateCheck")): Object: 'Object Repository/IWP30/Page_SelectPaymentMethod/PayByCorporateCheck' is clicked on

05-10-2024T00:21:10 - [MESSAGE][PASSED] - Object: 'Object Repository/IWP30/Page_SelectPaymentMethod/PayByCorporateCheck' is clicked on

05-10-2024T00:21:10 - [TEST_STEP][PASSED] - click(findTestObject("Object Repository/IWP30/Page_SelectPaymentMethod/MakePaymentButton")): Object: 'Object Repository/IWP30/Page_SelectPaymentMethod/MakePaymentButton' is clicked on

05-10-2024T00:21:11 - [MESSAGE][PASSED] - Object: 'Object Repository/IWP30/Page_SelectPaymentMethod/MakePaymentButton' is clicked on

05-10-2024T00:21:11 - [TEST_STEP][PASSED] - iwpPages.achCorporatePaymentEntryPage.setDataCorporate(row, dataFile): iwpPages.achCorporatePaymentEntryPage.setDataCorporate is PASSED

05-10-2024T00:21:12 - [MESSAGE][PASSED] - Object 'Object Repository/IWP30/Page_ACHCorporatePaymentEntry/txt_accountNumber' is present

05-10-2024T00:21:12 - [MESSAGE][PASSED] - Object 'Object Repository/IWP30/Page_ACHCorporatePaymentEntry/input_CompanyName' is present

05-10-2024T00:21:13 - [MESSAGE][PASSED] - Text 'My Company' is set on object 'Object Repository/IWP30/Page_ACHCorporatePaymentEntry/input_CompanyName'

05-10-2024T00:21:13 - [MESSAGE][PASSED] - Object 'Object Repository/IWP30/Page_ACHCorporatePaymentEntry/input_EIN' is present

05-10-2024T00:21:14 - [MESSAGE][PASSED] - Text '123456789' is set on object 'Object Repository/IWP30/Page_ACHCorporatePaymentEntry/input_EIN'

05-10-2024T00:21:14 - [MESSAGE][PASSED] - Text '10.50' is set on object 'Object Repository/IWP30/Page_ACHCorporatePaymentEntry/txt_Amount'

05-10-2024T00:21:15 - [MESSAGE][PASSED] - Text 'udf data 2' is set on object 'Object Repository/IWP30/Page_ACHCorporatePaymentEntry/txt_UDF2'

05-10-2024T00:21:16 - [MESSAGE][PASSED] - Text 'udf data 3' is set on object 'Object Repository/IWP30/Page_ACHCorporatePaymentEntry/txt_UDF3'

05-10-2024T00:21:16 - [MESSAGE][PASSED] - All options with label 'Orange' are selected in object 'Object Repository/IWP30/Page_ACHCorporatePaymentEntry/dd_UDF7' 

05-10-2024T00:21:17 - [MESSAGE][PASSED] - All options with label 'Soccer' are selected in object 'Object Repository/IWP30/Page_ACHCorporatePaymentEntry/dd_UDF8' 

05-10-2024T00:21:17 - [MESSAGE][PASSED] - Object 'Object Repository/IWP30/Page_ACHCorporatePaymentEntry/txt_routingNumber' is present

05-10-2024T00:21:18 - [MESSAGE][PASSED] - Text '256072691' is set on object 'Object Repository/IWP30/Page_ACHCorporatePaymentEntry/txt_routingNumber'

05-10-2024T00:21:18 - [MESSAGE][PASSED] - Object 'Object Repository/IWP30/Page_ACHCorporatePaymentEntry/txt_accountNumber' is present

05-10-2024T00:21:19 - [MESSAGE][PASSED] - Text '12344444' is set on object 'Object Repository/IWP30/Page_ACHCorporatePaymentEntry/txt_accountNumber'

05-10-2024T00:21:20 - [MESSAGE][PASSED] - Object 'Object Repository/IWP30/Page_ACHCorporatePaymentEntry/txt_confirmAccountNumber' is present

05-10-2024T00:21:20 - [MESSAGE][PASSED] - Text '12344444' is set on object 'Object Repository/IWP30/Page_ACHCorporatePaymentEntry/txt_confirmAccountNumber'

05-10-2024T00:21:20 - [MESSAGE][PASSED] - Execute JavaScript '
				   document.getElementById('processDate').value = '08/09/2025'
				  ' successfully

05-10-2024T00:21:21 - [MESSAGE][PASSED] - Text '365 Main Avenue' is set on object 'Object Repository/IWP30/Page_ACHCorporatePaymentEntry/txt_AL1'

05-10-2024T00:21:21 - [MESSAGE][PASSED] - Text '22201' is set on object 'Object Repository/IWP30/Page_ACHCorporatePaymentEntry/txt_ZIP'

05-10-2024T00:21:22 - [MESSAGE][PASSED] - Object 'Object Repository/IWP30/Page_ACHCorporatePaymentEntry/txt_Email' is present

05-10-2024T00:21:23 - [MESSAGE][PASSED] - Text 'iahmed@govolution.com' is set on object 'Object Repository/IWP30/Page_ACHCorporatePaymentEntry/txt_Email'

05-10-2024T00:21:23 - [MESSAGE][PASSED] - Object 'Object Repository/IWP30/Page_ACHCorporatePaymentEntry/cb_TermsAndCond' is present

05-10-2024T00:21:23 - [MESSAGE][PASSED] - Object: 'Object Repository/IWP30/Page_ACHCorporatePaymentEntry/cb_TermsAndCond' is clicked on

05-10-2024T00:21:23 - [MESSAGE][PASSED] - Object 'Object Repository/IWP30/Page_ACHCorporatePaymentEntry/btn_Continue' is present

05-10-2024T00:21:25 - [MESSAGE][PASSED] - Object: 'Object Repository/IWP30/Page_ACHCorporatePaymentEntry/btn_Continue' is clicked on

05-10-2024T00:21:25 - [MESSAGE][PASSED] - iwpPages.achCorporatePaymentEntryPage.setDataCorporate is PASSED

05-10-2024T00:21:25 - [TEST_STEP][PASSED] - click(findTestObject("Object Repository/IWP30/Page_Confirmation/ConfirmButton")): Object: 'Object Repository/IWP30/Page_Confirmation/ConfirmButton' is clicked on

05-10-2024T00:21:26 - [MESSAGE][PASSED] - Object: 'Object Repository/IWP30/Page_Confirmation/ConfirmButton' is clicked on

05-10-2024T00:21:26 - [TEST_STEP][PASSED] - Thread.sleep(2000): null

05-10-2024T00:21:28 - [TEST_STEP][PASSED] - if (verifyTextPresent("Deferred", false)): null

05-10-2024T00:21:29 - [MESSAGE][PASSED] - Text 'Deferred' is present on page 

05-10-2024T00:21:29 - [TEST_STEP][PASSED] - println("Deferred is present on page. Deferred Pay is created"): null

05-10-2024T00:21:29 - [TEST_STEP][PASSED] - click(findTestObject("Object Repository/IWP30/Page_Receipt/ViewScheduledPaymentsButton")): Object: 'Object Repository/IWP30/Page_Receipt/ViewScheduledPaymentsButton' is clicked on

05-10-2024T00:21:29 - [MESSAGE][PASSED] - Object: 'Object Repository/IWP30/Page_Receipt/ViewScheduledPaymentsButton' is clicked on

05-10-2024T00:21:29 - [TEST_STEP][PASSED] - switchToWindowTitle("View Scheduled Payments"): Switched to window with title: 'View Scheduled Payments'

05-10-2024T00:21:29 - [MESSAGE][PASSED] - Switched to window with title: 'View Scheduled Payments'

05-10-2024T00:21:29 - [TEST_STEP][PASSED] - Thread.sleep(5000): null

05-10-2024T00:21:34 - [TEST_STEP][PASSED] - if (verifyTextPresent("View Scheduled Payments", false)): null

05-10-2024T00:21:35 - [MESSAGE][PASSED] - Text 'View Scheduled Payments' is present on page 

05-10-2024T00:21:35 - [TEST_STEP][PASSED] - click(findTestObject("Object Repository/IWP30/Page_ScheduledPayments/edit_payment")): Object: 'Object Repository/IWP30/Page_ScheduledPayments/edit_payment' is clicked on

05-10-2024T00:21:36 - [MESSAGE][PASSED] - Object: 'Object Repository/IWP30/Page_ScheduledPayments/edit_payment' is clicked on

05-10-2024T00:21:36 - [TEST_STEP][PASSED] - iwpPages.editSchedulePayment.setDataSchedPayment(row, dataFile): iwpPages.editSchedulePayment.setDataSchedPayment is PASSED

05-10-2024T00:21:37 - [MESSAGE][PASSED] - Text 'Edit Payment Plan' is present on page 

05-10-2024T00:21:38 - [MESSAGE][PASSED] - All options with label 'Orange' are selected in object 'Object Repository/IWP30/Page_CCPaymentEntry/UserDefined7' 

05-10-2024T00:21:38 - [MESSAGE][PASSED] - All options with label 'Soccer' are selected in object 'Object Repository/IWP30/Page_CCPaymentEntry/UserDefined8' 

05-10-2024T00:21:38 - [MESSAGE][PASSED] - Execute JavaScript '
				   document.getElementById('processDate').value = '08/09/2045'
				  ' successfully

05-10-2024T00:21:38 - [MESSAGE][PASSED] - iwpPages.editSchedulePayment.setDataSchedPayment is PASSED

05-10-2024T00:21:38 - [TEST_STEP][PASSED] - click(findTestObject("Object Repository/Page_EditSchedPayment/chkbox_acceptterms")): Object: 'Object Repository/Page_EditSchedPayment/chkbox_acceptterms' is clicked on

05-10-2024T00:21:38 - [MESSAGE][PASSED] - Object: 'Object Repository/Page_EditSchedPayment/chkbox_acceptterms' is clicked on

05-10-2024T00:21:38 - [TEST_STEP][PASSED] - click(findTestObject("Object Repository/Page_EditSchedPayment/btn_update")): Object: 'Object Repository/Page_EditSchedPayment/btn_update' is clicked on

05-10-2024T00:21:40 - [MESSAGE][PASSED] - Object: 'Object Repository/Page_EditSchedPayment/btn_update' is clicked on

05-10-2024T00:21:40 - [TEST_STEP][PASSED] - if (verifyTextPresent("Successful Payment Plan Update", false)): null

05-10-2024T00:21:41 - [MESSAGE][PASSED] - Text 'Successful Payment Plan Update' is present on page 

05-10-2024T00:21:41 - [TEST_STEP][PASSED] - click(findTestObject("Object Repository/IWP30/Page_SuccesfulUpdate/btn_back")): Object: 'Object Repository/IWP30/Page_SuccesfulUpdate/btn_back' is clicked on

05-10-2024T00:21:41 - [MESSAGE][PASSED] - Object: 'Object Repository/IWP30/Page_SuccesfulUpdate/btn_back' is clicked on

05-10-2024T00:21:41 - [TEST_STEP][PASSED] - click(findTestObject("Object Repository/IWP30/Page_ScheduledPayments/cancel_payment")): Object: 'Object Repository/IWP30/Page_ScheduledPayments/cancel_payment' is clicked on

05-10-2024T00:21:42 - [MESSAGE][PASSED] - Object: 'Object Repository/IWP30/Page_ScheduledPayments/cancel_payment' is clicked on

05-10-2024T00:21:42 - [TEST_STEP][PASSED] - if (verifyTextPresent("Cancel Payment Plan", false)): null

05-10-2024T00:21:43 - [MESSAGE][PASSED] - Text 'Cancel Payment Plan' is present on page 

05-10-2024T00:21:43 - [TEST_STEP][PASSED] - click(findTestObject("Object Repository/IWP30/Page_PaymentPlan/btn_cancel")): Object: 'Object Repository/IWP30/Page_PaymentPlan/btn_cancel' is clicked on

05-10-2024T00:21:43 - [MESSAGE][PASSED] - Object: 'Object Repository/IWP30/Page_PaymentPlan/btn_cancel' is clicked on

05-10-2024T00:21:43 - [TEST_STEP][PASSED] - acceptAlert(): Alert accepted

05-10-2024T00:21:43 - [MESSAGE][PASSED] - Alert accepted

05-10-2024T00:21:43 - [TEST_STEP][PASSED] - if (verifyTextPresent("Your payment plan has been successfully canceled", false)): null

05-10-2024T00:21:44 - [MESSAGE][PASSED] - Text 'Your payment plan has been successfully canceled' is present on page 

05-10-2024T00:21:44 - [TEST_STEP][PASSED] - markPassed("Your payment plan has been successfully created, modified and canceled"): Your payment plan has been successfully created, modified and canceled

05-10-2024T00:21:44 - [MESSAGE][PASSED] - Your payment plan has been successfully created, modified and canceled

05-10-2024T00:21:44 - [TEST_STEP][PASSED] - resText = "Pass": null

05-10-2024T00:21:44 - [TEST_STEP][PASSED] - println(row): null

05-10-2024T00:21:44 - [TEST_STEP][PASSED] - pages.WriteExcel.demoKey(resText, datText, resColumn, datCloumn, fileLoc, nameSheet, row): pages.WriteExcel.demoKey is PASSED

05-10-2024T00:21:45 - [MESSAGE][PASSED] - pages.WriteExcel.demoKey is PASSED

05-10-2024T00:21:45 - [TEST_STEP][PASSED] - closeBrowser(): Browser is closed

05-10-2024T00:21:45 - [MESSAGE][PASSED] - Browser is closed]]></system-out>
         <system-err><![CDATA[]]></system-err>
      </testcase>
      <testcase name="Test Cases/IntegratedWeb/IWP25/Payments/CMCDeferredCredit" time="79.908" classname="Test Cases/IntegratedWeb/IWP25/Payments/CMCDeferredCredit" status="PASSED">
         <system-out><![CDATA[05-10-2024T00:21:45 - [TEST_CASE][PASSED] - Test Cases/IntegratedWeb/IWP25/Payments/CMCDeferredCredit: Test Cases/IntegratedWeb/IWP25/Payments/CMCDeferredCredit

05-10-2024T00:21:45 - [TEST_STEP][PASSED] - resText = "Fail": null

05-10-2024T00:21:45 - [TEST_STEP][PASSED] - resColumn = "Result": null

05-10-2024T00:21:45 - [TEST_STEP][PASSED] - datCloumn = "Date": null

05-10-2024T00:21:45 - [TEST_STEP][PASSED] - fileLoc = "KatalonData/IWPTestData/VRelay25PaymentsExtension.xlsx": null

05-10-2024T00:21:45 - [TEST_STEP][PASSED] - numOfRows = <not implemented yet for class: org.codehaus.groovy.ast.expr.EmptyExpression>: null

05-10-2024T00:21:45 - [TEST_STEP][PASSED] - dataFile = <not implemented yet for class: org.codehaus.groovy.ast.expr.EmptyExpression>: null

05-10-2024T00:21:45 - [TEST_STEP][PASSED] - nameSheet = <not implemented yet for class: org.codehaus.groovy.ast.expr.EmptyExpression>: null

05-10-2024T00:21:45 - [TEST_STEP][PASSED] - dataFileEmulator = <not implemented yet for class: org.codehaus.groovy.ast.expr.EmptyExpression>: null

05-10-2024T00:21:45 - [TEST_STEP][PASSED] - isRequiredTextPresent = false: null

05-10-2024T00:21:45 - [TEST_STEP][PASSED] - nameSheet = "CMCDeferredPlanCredit": null

05-10-2024T00:21:45 - [TEST_STEP][PASSED] - dataFile = "IWPTestData/IWP25CMCDeferredCredit": null

05-10-2024T00:21:45 - [TEST_STEP][PASSED] - dataFileEmulator = "IWPTestData/EmulatorData": null

05-10-2024T00:21:45 - [TEST_STEP][PASSED] - numOfRows = findTestData(dataFile).getRowNumbers(): null

05-10-2024T00:21:45 - [TEST_STEP][PASSED] - println("Number of Records: " + numOfRows): null

05-10-2024T00:21:45 - [TEST_STEP][PASSED] - for ([row = 1, row <= numOfRows, (row++)]): Browser is closed

05-10-2024T00:21:45 - [TEST_STEP][PASSED] - ExecuteTC = findTestData(dataFile).getValue("Execute", row): null

05-10-2024T00:21:45 - [TEST_STEP][PASSED] - out.println("Value of Execute is : " + ExecuteTC): null

05-10-2024T00:21:45 - [TEST_STEP][PASSED] - if (ExecuteTC.equalsIgnoreCase("Y")): null

05-10-2024T00:21:45 - [TEST_STEP][PASSED] - out.println("Begin Record Number: " + row): null

05-10-2024T00:21:45 - [TEST_STEP][PASSED] - today = new java.util.Date(): null

05-10-2024T00:21:45 - [TEST_STEP][PASSED] - println(today): null

05-10-2024T00:21:45 - [TEST_STEP][PASSED] - datText = today: null

05-10-2024T00:21:45 - [TEST_STEP][PASSED] - EmulatorDataKey = findTestData(dataFile).getValue("EmulatorData", row): null

05-10-2024T00:21:45 - [TEST_STEP][PASSED] - out.println("Value of Emulator Key is : " + EmulatorDataKey): null

05-10-2024T00:21:45 - [TEST_STEP][PASSED] - iwpPages.emulatorIWP30.setDataEmulator_DD(EmulatorDataKey): iwpPages.emulatorIWP30.setDataEmulator_DD is PASSED

05-10-2024T00:21:46 - [MESSAGE][INFO] - Starting 'Edge Chromium' driver

05-10-2024T00:21:46 - [MESSAGE][INFO] - User set preference: ['acceptInsecureCerts', 'true']

05-10-2024T00:21:48 - [MESSAGE][INFO] - Action delay is set to 0 milliseconds

05-10-2024T00:21:51 - [MESSAGE][PASSED] - Browser is opened with url: 'https://qa.velocitypayment.com/agency/config.do?action=editor&message_version=2_5'

05-10-2024T00:21:51 - [MESSAGE][PASSED] - Current window maximized

05-10-2024T00:21:52 - [MESSAGE][PASSED] - All options with value '2.5' are selected in object 'Object Repository/IWP30/Page_VRelay30Emulator/MV'  using regular expression

05-10-2024T00:21:53 - [MESSAGE][PASSED] - Text '10.50' is set on object 'Object Repository/IWP30/Page_VRelay30Emulator/Amount'

05-10-2024T00:21:54 - [MESSAGE][PASSED] - Text 'UQTpIb3AWvGI' is set on object 'Object Repository/IWP30/Page_VRelay30Emulator/CAN'

05-10-2024T00:21:54 - [MESSAGE][PASSED] - Text 'PayNow' is set on object 'Object Repository/IWP30/Page_VRelay30Emulator/Action'

05-10-2024T00:21:55 - [MESSAGE][PASSED] - Text 'en_US' is set on object 'Object Repository/IWP30/Page_VRelay30Emulator/Lang'

05-10-2024T00:21:55 - [MESSAGE][PASSED] - Text '' is set on object 'Object Repository/IWP30/Page_VRelay30Emulator/Fname'

05-10-2024T00:21:56 - [MESSAGE][PASSED] - Text '' is set on object 'Object Repository/IWP30/Page_VRelay30Emulator/Lname'

05-10-2024T00:21:57 - [MESSAGE][PASSED] - Text '' is set on object 'Object Repository/IWP30/Page_VRelay30Emulator/AL1'

05-10-2024T00:21:57 - [MESSAGE][PASSED] - Text '' is set on object 'Object Repository/IWP30/Page_VRelay30Emulator/AL2'

05-10-2024T00:21:58 - [MESSAGE][PASSED] - Text '' is set on object 'Object Repository/IWP30/Page_VRelay30Emulator/Country'

05-10-2024T00:21:58 - [MESSAGE][PASSED] - Text '' is set on object 'Object Repository/IWP30/Page_VRelay30Emulator/City'

05-10-2024T00:21:59 - [MESSAGE][PASSED] - Text '' is set on object 'Object Repository/IWP30/Page_VRelay30Emulator/State'

05-10-2024T00:21:59 - [MESSAGE][PASSED] - Text '' is set on object 'Object Repository/IWP30/Page_VRelay30Emulator/ZIP'

05-10-2024T00:22:00 - [MESSAGE][PASSED] - Text '' is set on object 'Object Repository/IWP30/Page_VRelay30Emulator/Order'

05-10-2024T00:22:01 - [MESSAGE][PASSED] - Text '' is set on object 'Object Repository/IWP30/Page_VRelay30Emulator/Company'

05-10-2024T00:22:01 - [MESSAGE][PASSED] - Text '' is set on object 'Object Repository/IWP30/Page_VRelay30Emulator/Email'

05-10-2024T00:22:02 - [MESSAGE][PASSED] - Text '' is set on object 'Object Repository/IWP30/Page_VRelay30Emulator/UDF1'

05-10-2024T00:22:02 - [MESSAGE][PASSED] - Text '' is set on object 'Object Repository/IWP30/Page_VRelay30Emulator/UDF2'

05-10-2024T00:22:03 - [MESSAGE][PASSED] - Text '' is set on object 'Object Repository/IWP30/Page_VRelay30Emulator/UDF3'

05-10-2024T00:22:03 - [MESSAGE][PASSED] - Text 'udf data 4' is set on object 'Object Repository/IWP30/Page_VRelay30Emulator/UDF4'

05-10-2024T00:22:04 - [MESSAGE][PASSED] - Text 'udf data 5' is set on object 'Object Repository/IWP30/Page_VRelay30Emulator/UDF5'

05-10-2024T00:22:05 - [MESSAGE][PASSED] - Text '' is set on object 'Object Repository/IWP30/Page_VRelay30Emulator/UDF6'

05-10-2024T00:22:05 - [MESSAGE][PASSED] - Text '' is set on object 'Object Repository/IWP30/Page_VRelay30Emulator/UDF7'

05-10-2024T00:22:06 - [MESSAGE][PASSED] - Text '' is set on object 'Object Repository/IWP30/Page_VRelay30Emulator/UDF8'

05-10-2024T00:22:06 - [MESSAGE][PASSED] - Text 'udf data 9' is set on object 'Object Repository/IWP30/Page_VRelay30Emulator/UDF9'

05-10-2024T00:22:07 - [MESSAGE][PASSED] - Text 'udf data 10' is set on object 'Object Repository/IWP30/Page_VRelay30Emulator/UDF10'

05-10-2024T00:22:08 - [MESSAGE][PASSED] - Object: 'Object Repository/IWP30/Page_VRelay30Emulator/Submit' is clicked on

05-10-2024T00:22:13 - [MESSAGE][PASSED] - Browser is closed

05-10-2024T00:22:17 - [MESSAGE][PASSED] - iwpPages.emulatorIWP30.setDataEmulator_DD is PASSED

05-10-2024T00:22:17 - [TEST_STEP][PASSED] - testHarnessURL = urlTestHarness: null

05-10-2024T00:22:17 - [TEST_STEP][PASSED] - openBrowser(testHarnessURL): Browser is opened with url: 'https://dev-algorithm.govolution.com/vrelaytest/QA/version_2_2/vrelaytest.html'

05-10-2024T00:22:17 - [MESSAGE][INFO] - Starting 'Edge Chromium' driver

05-10-2024T00:22:17 - [MESSAGE][INFO] - User set preference: ['acceptInsecureCerts', 'true']

05-10-2024T00:22:19 - [MESSAGE][INFO] - Action delay is set to 0 milliseconds

05-10-2024T00:22:22 - [MESSAGE][PASSED] - Browser is opened with url: 'https://dev-algorithm.govolution.com/vrelaytest/QA/version_2_2/vrelaytest.html'

05-10-2024T00:22:22 - [TEST_STEP][PASSED] - maximizeWindow(): Current window maximized

05-10-2024T00:22:22 - [MESSAGE][PASSED] - Current window maximized

05-10-2024T00:22:22 - [TEST_STEP][PASSED] - iwpPages.TestHarnessPage.setDataMethod(row, dataFile): iwpPages.TestHarnessPage.setDataMethod is PASSED

05-10-2024T00:22:23 - [MESSAGE][PASSED] - Object 'Object Repository/IWP30/Page_QATestHarness/RemittanceID' is present

05-10-2024T00:22:23 - [MESSAGE][PASSED] - Text '638' is set on object 'Object Repository/IWP30/Page_QATestHarness/ApplicationID'

05-10-2024T00:22:24 - [MESSAGE][PASSED] - Text '2.5' is set on object 'Object Repository/IWP30/Page_QATestHarness/MessageVersion'

05-10-2024T00:22:25 - [MESSAGE][PASSED] - Text '80kqwqxIEb4y' is set on object 'Object Repository/IWP30/Page_QATestHarness/RemittanceID'

05-10-2024T00:22:27 - [MESSAGE][PASSED] - Object: 'Object Repository/IWP30/Page_QATestHarness/SubmitButton' is clicked on

05-10-2024T00:22:27 - [MESSAGE][PASSED] - iwpPages.TestHarnessPage.setDataMethod is PASSED

05-10-2024T00:22:27 - [TEST_STEP][PASSED] - click(findTestObject("Object Repository/IWP30/Page_SelectPaymentMethod/PayByCreditCard")): Object: 'Object Repository/IWP30/Page_SelectPaymentMethod/PayByCreditCard' is clicked on

05-10-2024T00:22:28 - [MESSAGE][PASSED] - Object: 'Object Repository/IWP30/Page_SelectPaymentMethod/PayByCreditCard' is clicked on

05-10-2024T00:22:28 - [TEST_STEP][PASSED] - click(findTestObject("Object Repository/IWP30/Page_SelectPaymentMethod/MakePaymentButton")): Object: 'Object Repository/IWP30/Page_SelectPaymentMethod/MakePaymentButton' is clicked on

05-10-2024T00:22:30 - [MESSAGE][PASSED] - Object: 'Object Repository/IWP30/Page_SelectPaymentMethod/MakePaymentButton' is clicked on

05-10-2024T00:22:30 - [TEST_STEP][PASSED] - iwpPages.ccPaymentEntryPage.setDataCCPM(row, dataFile): iwpPages.ccPaymentEntryPage.setDataCCPM is PASSED

05-10-2024T00:22:31 - [MESSAGE][PASSED] - Object 'Object Repository/IWP30/Page_CCPaymentEntry/Name' is present

05-10-2024T00:22:31 - [MESSAGE][PASSED] - Text '10.50' is set on object 'Object Repository/IWP30/Page_CCPaymentEntry/Amount'

05-10-2024T00:22:32 - [MESSAGE][PASSED] - Text 'udf data 2' is set on object 'Object Repository/IWP30/Page_CCPaymentEntry/UserDefined2'

05-10-2024T00:22:33 - [MESSAGE][PASSED] - Text 'udf data 3' is set on object 'Object Repository/IWP30/Page_CCPaymentEntry/UserDefined3'

05-10-2024T00:22:33 - [MESSAGE][PASSED] - All options with label 'Orange' are selected in object 'Object Repository/IWP30/Page_CCPaymentEntry/UserDefined7' 

05-10-2024T00:22:34 - [MESSAGE][PASSED] - All options with label 'Soccer' are selected in object 'Object Repository/IWP30/Page_CCPaymentEntry/UserDefined8' 

05-10-2024T00:22:34 - [MESSAGE][PASSED] - Object 'Object Repository/IWP30/Page_CCPaymentEntry/Name' is present

05-10-2024T00:22:35 - [MESSAGE][PASSED] - Text 'Kavita Ranawati' is set on object 'Object Repository/IWP30/Page_CCPaymentEntry/Name'

05-10-2024T00:22:35 - [MESSAGE][PASSED] - Object 'Object Repository/IWP30/Page_CCPaymentEntry/CardNumber' is present

05-10-2024T00:22:35 - [MESSAGE][PASSED] - Text '4111111111111111' is set on object 'Object Repository/IWP30/Page_CCPaymentEntry/CardNumber'

05-10-2024T00:22:36 - [MESSAGE][PASSED] - Text '123' is set on object 'Object Repository/IWP30/Page_CCPaymentEntry/SPC'

05-10-2024T00:22:37 - [MESSAGE][PASSED] - Object 'Object Repository/IWP30/Page_CCPaymentEntry/Month' is present

05-10-2024T00:22:38 - [MESSAGE][PASSED] - All options with label '01' are selected in object 'Object Repository/IWP30/Page_CCPaymentEntry/Month' 

05-10-2024T00:22:38 - [MESSAGE][PASSED] - Object 'Object Repository/IWP30/Page_CCPaymentEntry/Year' is present

05-10-2024T00:22:39 - [MESSAGE][PASSED] - All options with label '2028' are selected in object 'Object Repository/IWP30/Page_CCPaymentEntry/Year' 

05-10-2024T00:22:39 - [MESSAGE][PASSED] - Execute JavaScript '
				   document.getElementById('processDate').value = '08/09/2025'
				  ' successfully

05-10-2024T00:22:39 - [MESSAGE][PASSED] - Text '365 Main Avenue' is set on object 'Object Repository/IWP30/Page_CCPaymentEntry/AL1'

05-10-2024T00:22:40 - [MESSAGE][PASSED] - Text '22201' is set on object 'Object Repository/IWP30/Page_CCPaymentEntry/ZIP'

05-10-2024T00:22:40 - [MESSAGE][PASSED] - Object 'Object Repository/IWP30/Page_CCPaymentEntry/EmailAddress' is present

05-10-2024T00:22:41 - [MESSAGE][PASSED] - Text 'iahmed@govolution.com' is set on object 'Object Repository/IWP30/Page_CCPaymentEntry/EmailAddress'

05-10-2024T00:22:41 - [MESSAGE][PASSED] - Object 'Object Repository/IWP30/Page_CCPaymentEntry/TermCondCheckBox' is present

05-10-2024T00:22:42 - [MESSAGE][PASSED] - Object 'Object Repository/IWP30/Page_CCPaymentEntry/TermCondCheckBox' is checked

05-10-2024T00:22:42 - [MESSAGE][PASSED] - Object 'Object Repository/IWP30/Page_CCPaymentEntry/ContinueButton' is present

05-10-2024T00:22:43 - [MESSAGE][PASSED] - Object: 'Object Repository/IWP30/Page_CCPaymentEntry/ContinueButton' is clicked on

05-10-2024T00:22:43 - [MESSAGE][PASSED] - iwpPages.ccPaymentEntryPage.setDataCCPM is PASSED

05-10-2024T00:22:43 - [TEST_STEP][PASSED] - click(findTestObject("Object Repository/IWP30/Page_Confirmation/ConfirmButton")): Object: 'Object Repository/IWP30/Page_Confirmation/ConfirmButton' is clicked on

05-10-2024T00:22:45 - [MESSAGE][PASSED] - Object: 'Object Repository/IWP30/Page_Confirmation/ConfirmButton' is clicked on

05-10-2024T00:22:45 - [TEST_STEP][PASSED] - Thread.sleep(2000): null

05-10-2024T00:22:47 - [TEST_STEP][PASSED] - if (verifyTextPresent("Deferred", false)): null

05-10-2024T00:22:48 - [MESSAGE][PASSED] - Text 'Deferred' is present on page 

05-10-2024T00:22:48 - [TEST_STEP][PASSED] - println("Deferred is present on page. Deferred Pay is created"): null

05-10-2024T00:22:48 - [TEST_STEP][PASSED] - click(findTestObject("Object Repository/IWP30/Page_Receipt/ViewScheduledPaymentsButton")): Object: 'Object Repository/IWP30/Page_Receipt/ViewScheduledPaymentsButton' is clicked on

05-10-2024T00:22:48 - [MESSAGE][PASSED] - Object: 'Object Repository/IWP30/Page_Receipt/ViewScheduledPaymentsButton' is clicked on

05-10-2024T00:22:48 - [TEST_STEP][PASSED] - switchToWindowTitle("View Scheduled Payments"): Switched to window with title: 'View Scheduled Payments'

05-10-2024T00:22:48 - [MESSAGE][PASSED] - Switched to window with title: 'View Scheduled Payments'

05-10-2024T00:22:48 - [TEST_STEP][PASSED] - Thread.sleep(5000): null

05-10-2024T00:22:53 - [TEST_STEP][PASSED] - if (verifyTextPresent("View Scheduled Payments", false)): null

05-10-2024T00:22:54 - [MESSAGE][PASSED] - Text 'View Scheduled Payments' is present on page 

05-10-2024T00:22:54 - [TEST_STEP][PASSED] - click(findTestObject("Object Repository/IWP30/Page_ScheduledPayments/edit_payment")): Object: 'Object Repository/IWP30/Page_ScheduledPayments/edit_payment' is clicked on

05-10-2024T00:22:55 - [MESSAGE][PASSED] - Object: 'Object Repository/IWP30/Page_ScheduledPayments/edit_payment' is clicked on

05-10-2024T00:22:55 - [TEST_STEP][PASSED] - iwpPages.editSchedulePayment.setDataSchedPayment(row, dataFile): iwpPages.editSchedulePayment.setDataSchedPayment is PASSED

05-10-2024T00:22:56 - [MESSAGE][PASSED] - Text 'Edit Payment Plan' is present on page 

05-10-2024T00:22:57 - [MESSAGE][PASSED] - All options with label 'Orange' are selected in object 'Object Repository/IWP30/Page_CCPaymentEntry/UserDefined7' 

05-10-2024T00:22:57 - [MESSAGE][PASSED] - All options with label 'Soccer' are selected in object 'Object Repository/IWP30/Page_CCPaymentEntry/UserDefined8' 

05-10-2024T00:22:58 - [MESSAGE][PASSED] - Text '123' is set on object 'Object Repository/IWP30/Page_CCPaymentEntry/SPC'

05-10-2024T00:22:58 - [MESSAGE][PASSED] - Execute JavaScript '
				   document.getElementById('processDate').value = '08/09/2045'
				  ' successfully

05-10-2024T00:22:58 - [MESSAGE][PASSED] - iwpPages.editSchedulePayment.setDataSchedPayment is PASSED

05-10-2024T00:22:58 - [TEST_STEP][PASSED] - click(findTestObject("Object Repository/Page_EditSchedPayment/chkbox_acceptterms")): Object: 'Object Repository/Page_EditSchedPayment/chkbox_acceptterms' is clicked on

05-10-2024T00:22:58 - [MESSAGE][PASSED] - Object: 'Object Repository/Page_EditSchedPayment/chkbox_acceptterms' is clicked on

05-10-2024T00:22:58 - [TEST_STEP][PASSED] - click(findTestObject("Object Repository/Page_EditSchedPayment/btn_update")): Object: 'Object Repository/Page_EditSchedPayment/btn_update' is clicked on

05-10-2024T00:23:00 - [MESSAGE][PASSED] - Object: 'Object Repository/Page_EditSchedPayment/btn_update' is clicked on

05-10-2024T00:23:00 - [TEST_STEP][PASSED] - if (verifyTextPresent("Successful Payment Plan Update", false)): null

05-10-2024T00:23:00 - [MESSAGE][PASSED] - Text 'Successful Payment Plan Update' is present on page 

05-10-2024T00:23:00 - [TEST_STEP][PASSED] - click(findTestObject("Object Repository/IWP30/Page_SuccesfulUpdate/btn_back")): Object: 'Object Repository/IWP30/Page_SuccesfulUpdate/btn_back' is clicked on

05-10-2024T00:23:01 - [MESSAGE][PASSED] - Object: 'Object Repository/IWP30/Page_SuccesfulUpdate/btn_back' is clicked on

05-10-2024T00:23:01 - [TEST_STEP][PASSED] - click(findTestObject("Object Repository/IWP30/Page_ScheduledPayments/cancel_payment")): Object: 'Object Repository/IWP30/Page_ScheduledPayments/cancel_payment' is clicked on

05-10-2024T00:23:01 - [MESSAGE][PASSED] - Object: 'Object Repository/IWP30/Page_ScheduledPayments/cancel_payment' is clicked on

05-10-2024T00:23:01 - [TEST_STEP][PASSED] - if (verifyTextPresent("Cancel Payment Plan", false)): null

05-10-2024T00:23:03 - [MESSAGE][PASSED] - Text 'Cancel Payment Plan' is present on page 

05-10-2024T00:23:03 - [TEST_STEP][PASSED] - click(findTestObject("Object Repository/IWP30/Page_PaymentPlan/btn_cancel")): Object: 'Object Repository/IWP30/Page_PaymentPlan/btn_cancel' is clicked on

05-10-2024T00:23:03 - [MESSAGE][PASSED] - Object: 'Object Repository/IWP30/Page_PaymentPlan/btn_cancel' is clicked on

05-10-2024T00:23:03 - [TEST_STEP][PASSED] - acceptAlert(): Alert accepted

05-10-2024T00:23:03 - [MESSAGE][PASSED] - Alert accepted

05-10-2024T00:23:03 - [TEST_STEP][PASSED] - if (verifyTextPresent("Your payment plan has been successfully canceled", false)): null

05-10-2024T00:23:04 - [MESSAGE][PASSED] - Text 'Your payment plan has been successfully canceled' is present on page 

05-10-2024T00:23:04 - [TEST_STEP][PASSED] - markPassed("Your payment plan has been successfully created, modified and canceled"): Your payment plan has been successfully created, modified and canceled

05-10-2024T00:23:04 - [MESSAGE][PASSED] - Your payment plan has been successfully created, modified and canceled

05-10-2024T00:23:04 - [TEST_STEP][PASSED] - resText = "Pass": null

05-10-2024T00:23:04 - [TEST_STEP][PASSED] - println(row): null

05-10-2024T00:23:04 - [TEST_STEP][PASSED] - pages.WriteExcel.demoKey(resText, datText, resColumn, datCloumn, fileLoc, nameSheet, row): pages.WriteExcel.demoKey is PASSED

05-10-2024T00:23:04 - [MESSAGE][PASSED] - pages.WriteExcel.demoKey is PASSED

05-10-2024T00:23:04 - [TEST_STEP][PASSED] - closeBrowser(): Browser is closed

05-10-2024T00:23:05 - [MESSAGE][PASSED] - Browser is closed]]></system-out>
         <system-err><![CDATA[]]></system-err>
      </testcase>
      <testcase name="Test Cases/IntegratedWeb/IWP25/Payments/CMCDeferredPC" time="79.701" classname="Test Cases/IntegratedWeb/IWP25/Payments/CMCDeferredPC" status="PASSED">
         <system-out><![CDATA[05-10-2024T00:23:05 - [TEST_CASE][PASSED] - Test Cases/IntegratedWeb/IWP25/Payments/CMCDeferredPC: Test Cases/IntegratedWeb/IWP25/Payments/CMCDeferredPC

05-10-2024T00:23:05 - [TEST_STEP][PASSED] - resText = "Fail": null

05-10-2024T00:23:05 - [TEST_STEP][PASSED] - resColumn = "Result": null

05-10-2024T00:23:05 - [TEST_STEP][PASSED] - datCloumn = "Date": null

05-10-2024T00:23:05 - [TEST_STEP][PASSED] - fileLoc = "KatalonData/IWPTestData/VRelay25PaymentsExtension.xlsx": null

05-10-2024T00:23:05 - [TEST_STEP][PASSED] - numOfRows = <not implemented yet for class: org.codehaus.groovy.ast.expr.EmptyExpression>: null

05-10-2024T00:23:05 - [TEST_STEP][PASSED] - dataFile = <not implemented yet for class: org.codehaus.groovy.ast.expr.EmptyExpression>: null

05-10-2024T00:23:05 - [TEST_STEP][PASSED] - nameSheet = <not implemented yet for class: org.codehaus.groovy.ast.expr.EmptyExpression>: null

05-10-2024T00:23:05 - [TEST_STEP][PASSED] - dataFileEmulator = <not implemented yet for class: org.codehaus.groovy.ast.expr.EmptyExpression>: null

05-10-2024T00:23:05 - [TEST_STEP][PASSED] - isRequiredTextPresent = false: null

05-10-2024T00:23:05 - [TEST_STEP][PASSED] - nameSheet = "CMCDeferredPlanPC": null

05-10-2024T00:23:05 - [TEST_STEP][PASSED] - dataFile = "IWPTestData/IWP25CMCDeferredPC": null

05-10-2024T00:23:05 - [TEST_STEP][PASSED] - dataFileEmulator = "IWPTestData/EmulatorData": null

05-10-2024T00:23:05 - [TEST_STEP][PASSED] - numOfRows = findTestData(dataFile).getRowNumbers(): null

05-10-2024T00:23:05 - [TEST_STEP][PASSED] - println("Number of Records: " + numOfRows): null

05-10-2024T00:23:05 - [TEST_STEP][PASSED] - for ([row = 1, row <= numOfRows, (row++)]): Browser is closed

05-10-2024T00:23:05 - [TEST_STEP][PASSED] - ExecuteTC = findTestData(dataFile).getValue("Execute", row): null

05-10-2024T00:23:05 - [TEST_STEP][PASSED] - out.println("Value of Execute is : " + ExecuteTC): null

05-10-2024T00:23:05 - [TEST_STEP][PASSED] - if (ExecuteTC.equalsIgnoreCase("Y")): null

05-10-2024T00:23:05 - [TEST_STEP][PASSED] - out.println("Begin Record Number: " + row): null

05-10-2024T00:23:05 - [TEST_STEP][PASSED] - today = new java.util.Date(): null

05-10-2024T00:23:05 - [TEST_STEP][PASSED] - println(today): null

05-10-2024T00:23:05 - [TEST_STEP][PASSED] - datText = today: null

05-10-2024T00:23:05 - [TEST_STEP][PASSED] - EmulatorDataKey = findTestData(dataFile).getValue("EmulatorData", row): null

05-10-2024T00:23:05 - [TEST_STEP][PASSED] - out.println("Value of Emulator Key is : " + EmulatorDataKey): null

05-10-2024T00:23:05 - [TEST_STEP][PASSED] - iwpPages.emulatorIWP30.setDataEmulator_DD(EmulatorDataKey): iwpPages.emulatorIWP30.setDataEmulator_DD is PASSED

05-10-2024T00:23:06 - [MESSAGE][INFO] - Starting 'Edge Chromium' driver

05-10-2024T00:23:06 - [MESSAGE][INFO] - User set preference: ['acceptInsecureCerts', 'true']

05-10-2024T00:23:08 - [MESSAGE][INFO] - Action delay is set to 0 milliseconds

05-10-2024T00:23:11 - [MESSAGE][PASSED] - Browser is opened with url: 'https://qa.velocitypayment.com/agency/config.do?action=editor&message_version=2_5'

05-10-2024T00:23:11 - [MESSAGE][PASSED] - Current window maximized

05-10-2024T00:23:12 - [MESSAGE][PASSED] - All options with value '2.5' are selected in object 'Object Repository/IWP30/Page_VRelay30Emulator/MV'  using regular expression

05-10-2024T00:23:12 - [MESSAGE][PASSED] - Text '10.50' is set on object 'Object Repository/IWP30/Page_VRelay30Emulator/Amount'

05-10-2024T00:23:13 - [MESSAGE][PASSED] - Text 'OWoDilTLguEI' is set on object 'Object Repository/IWP30/Page_VRelay30Emulator/CAN'

05-10-2024T00:23:14 - [MESSAGE][PASSED] - Text 'PayNow' is set on object 'Object Repository/IWP30/Page_VRelay30Emulator/Action'

05-10-2024T00:23:14 - [MESSAGE][PASSED] - Text 'en_US' is set on object 'Object Repository/IWP30/Page_VRelay30Emulator/Lang'

05-10-2024T00:23:15 - [MESSAGE][PASSED] - Text '' is set on object 'Object Repository/IWP30/Page_VRelay30Emulator/Fname'

05-10-2024T00:23:15 - [MESSAGE][PASSED] - Text '' is set on object 'Object Repository/IWP30/Page_VRelay30Emulator/Lname'

05-10-2024T00:23:16 - [MESSAGE][PASSED] - Text '' is set on object 'Object Repository/IWP30/Page_VRelay30Emulator/AL1'

05-10-2024T00:23:17 - [MESSAGE][PASSED] - Text '' is set on object 'Object Repository/IWP30/Page_VRelay30Emulator/AL2'

05-10-2024T00:23:17 - [MESSAGE][PASSED] - Text '' is set on object 'Object Repository/IWP30/Page_VRelay30Emulator/Country'

05-10-2024T00:23:18 - [MESSAGE][PASSED] - Text '' is set on object 'Object Repository/IWP30/Page_VRelay30Emulator/City'

05-10-2024T00:23:18 - [MESSAGE][PASSED] - Text '' is set on object 'Object Repository/IWP30/Page_VRelay30Emulator/State'

05-10-2024T00:23:19 - [MESSAGE][PASSED] - Text '' is set on object 'Object Repository/IWP30/Page_VRelay30Emulator/ZIP'

05-10-2024T00:23:19 - [MESSAGE][PASSED] - Text '' is set on object 'Object Repository/IWP30/Page_VRelay30Emulator/Order'

05-10-2024T00:23:20 - [MESSAGE][PASSED] - Text '' is set on object 'Object Repository/IWP30/Page_VRelay30Emulator/Company'

05-10-2024T00:23:21 - [MESSAGE][PASSED] - Text '' is set on object 'Object Repository/IWP30/Page_VRelay30Emulator/Email'

05-10-2024T00:23:21 - [MESSAGE][PASSED] - Text '' is set on object 'Object Repository/IWP30/Page_VRelay30Emulator/UDF1'

05-10-2024T00:23:22 - [MESSAGE][PASSED] - Text '' is set on object 'Object Repository/IWP30/Page_VRelay30Emulator/UDF2'

05-10-2024T00:23:22 - [MESSAGE][PASSED] - Text '' is set on object 'Object Repository/IWP30/Page_VRelay30Emulator/UDF3'

05-10-2024T00:23:23 - [MESSAGE][PASSED] - Text 'udf data 4' is set on object 'Object Repository/IWP30/Page_VRelay30Emulator/UDF4'

05-10-2024T00:23:24 - [MESSAGE][PASSED] - Text 'udf data 5' is set on object 'Object Repository/IWP30/Page_VRelay30Emulator/UDF5'

05-10-2024T00:23:24 - [MESSAGE][PASSED] - Text '' is set on object 'Object Repository/IWP30/Page_VRelay30Emulator/UDF6'

05-10-2024T00:23:25 - [MESSAGE][PASSED] - Text '' is set on object 'Object Repository/IWP30/Page_VRelay30Emulator/UDF7'

05-10-2024T00:23:25 - [MESSAGE][PASSED] - Text '' is set on object 'Object Repository/IWP30/Page_VRelay30Emulator/UDF8'

05-10-2024T00:23:26 - [MESSAGE][PASSED] - Text 'udf data 9' is set on object 'Object Repository/IWP30/Page_VRelay30Emulator/UDF9'

05-10-2024T00:23:26 - [MESSAGE][PASSED] - Text 'udf data 10' is set on object 'Object Repository/IWP30/Page_VRelay30Emulator/UDF10'

05-10-2024T00:23:28 - [MESSAGE][PASSED] - Object: 'Object Repository/IWP30/Page_VRelay30Emulator/Submit' is clicked on

05-10-2024T00:23:32 - [MESSAGE][PASSED] - Browser is closed

05-10-2024T00:23:36 - [MESSAGE][PASSED] - iwpPages.emulatorIWP30.setDataEmulator_DD is PASSED

05-10-2024T00:23:36 - [TEST_STEP][PASSED] - testHarnessURL = urlTestHarness: null

05-10-2024T00:23:36 - [TEST_STEP][PASSED] - openBrowser(testHarnessURL): Browser is opened with url: 'https://dev-algorithm.govolution.com/vrelaytest/QA/version_2_2/vrelaytest.html'

05-10-2024T00:23:36 - [MESSAGE][INFO] - Starting 'Edge Chromium' driver

05-10-2024T00:23:36 - [MESSAGE][INFO] - User set preference: ['acceptInsecureCerts', 'true']

05-10-2024T00:23:38 - [MESSAGE][INFO] - Action delay is set to 0 milliseconds

05-10-2024T00:23:42 - [MESSAGE][PASSED] - Browser is opened with url: 'https://dev-algorithm.govolution.com/vrelaytest/QA/version_2_2/vrelaytest.html'

05-10-2024T00:23:42 - [TEST_STEP][PASSED] - maximizeWindow(): Current window maximized

05-10-2024T00:23:42 - [MESSAGE][PASSED] - Current window maximized

05-10-2024T00:23:42 - [TEST_STEP][PASSED] - iwpPages.TestHarnessPage.setDataMethod(row, dataFile): iwpPages.TestHarnessPage.setDataMethod is PASSED

05-10-2024T00:23:42 - [MESSAGE][PASSED] - Object 'Object Repository/IWP30/Page_QATestHarness/RemittanceID' is present

05-10-2024T00:23:43 - [MESSAGE][PASSED] - Text '638' is set on object 'Object Repository/IWP30/Page_QATestHarness/ApplicationID'

05-10-2024T00:23:43 - [MESSAGE][PASSED] - Text '2.5' is set on object 'Object Repository/IWP30/Page_QATestHarness/MessageVersion'

05-10-2024T00:23:44 - [MESSAGE][PASSED] - Text '9JBHnENMIZNe' is set on object 'Object Repository/IWP30/Page_QATestHarness/RemittanceID'

05-10-2024T00:23:47 - [MESSAGE][PASSED] - Object: 'Object Repository/IWP30/Page_QATestHarness/SubmitButton' is clicked on

05-10-2024T00:23:47 - [MESSAGE][PASSED] - iwpPages.TestHarnessPage.setDataMethod is PASSED

05-10-2024T00:23:47 - [TEST_STEP][PASSED] - click(findTestObject("Object Repository/IWP30/Page_SelectPaymentMethod/PayByPersonalCheck")): Object: 'Object Repository/IWP30/Page_SelectPaymentMethod/PayByPersonalCheck' is clicked on

05-10-2024T00:23:47 - [MESSAGE][PASSED] - Object: 'Object Repository/IWP30/Page_SelectPaymentMethod/PayByPersonalCheck' is clicked on

05-10-2024T00:23:47 - [TEST_STEP][PASSED] - click(findTestObject("Object Repository/IWP30/Page_SelectPaymentMethod/MakePaymentButton")): Object: 'Object Repository/IWP30/Page_SelectPaymentMethod/MakePaymentButton' is clicked on

05-10-2024T00:23:49 - [MESSAGE][PASSED] - Object: 'Object Repository/IWP30/Page_SelectPaymentMethod/MakePaymentButton' is clicked on

05-10-2024T00:23:49 - [TEST_STEP][PASSED] - iwpPages.achPersonalPaymentEntryPage.setDataACHPPM(row, dataFile): iwpPages.achPersonalPaymentEntryPage.setDataACHPPM is PASSED

05-10-2024T00:23:50 - [MESSAGE][PASSED] - Object 'Object Repository/IWP30/Page_ACHPersonalPaymentEntry/txt_accountNumber' is present

05-10-2024T00:23:50 - [MESSAGE][PASSED] - Text '10.50' is set on object 'Object Repository/IWP30/Page_ACHPersonalPaymentEntry/txt_Amount'

05-10-2024T00:23:50 - [MESSAGE][PASSED] - Object 'Object Repository/IWP30/Page_ACHPersonalPaymentEntry/txt_UDF2' is present

05-10-2024T00:23:51 - [MESSAGE][PASSED] - Text 'udf data 2' is set on object 'Object Repository/IWP30/Page_ACHPersonalPaymentEntry/txt_UDF2'

05-10-2024T00:23:52 - [MESSAGE][PASSED] - Text 'udf data 3' is set on object 'Object Repository/IWP30/Page_ACHPersonalPaymentEntry/txt_UDF3'

05-10-2024T00:23:52 - [MESSAGE][PASSED] - All options with label 'Orange' are selected in object 'Object Repository/IWP30/Page_ACHPersonalPaymentEntry/dd_UDF7' 

05-10-2024T00:23:53 - [MESSAGE][PASSED] - All options with label 'Soccer' are selected in object 'Object Repository/IWP30/Page_ACHPersonalPaymentEntry/dd_UDF8' 

05-10-2024T00:23:53 - [MESSAGE][PASSED] - Object 'Object Repository/IWP30/Page_ACHPersonalPaymentEntry/txt_Firstname' is present

05-10-2024T00:23:54 - [MESSAGE][PASSED] - Text 'Elizath' is set on object 'Object Repository/IWP30/Page_ACHPersonalPaymentEntry/txt_Firstname'

05-10-2024T00:23:54 - [MESSAGE][PASSED] - Object 'Object Repository/IWP30/Page_ACHPersonalPaymentEntry/txt_Lastname' is present

05-10-2024T00:23:54 - [MESSAGE][PASSED] - Text 'Christine' is set on object 'Object Repository/IWP30/Page_ACHPersonalPaymentEntry/txt_Lastname'

05-10-2024T00:23:55 - [MESSAGE][PASSED] - Object 'Object Repository/IWP30/Page_ACHPersonalPaymentEntry/txt_routingNumber' is present

05-10-2024T00:23:55 - [MESSAGE][PASSED] - Text '256072691' is set on object 'Object Repository/IWP30/Page_ACHPersonalPaymentEntry/txt_routingNumber'

05-10-2024T00:23:56 - [MESSAGE][PASSED] - Object 'Object Repository/IWP30/Page_ACHPersonalPaymentEntry/txt_accountNumber' is present

05-10-2024T00:23:57 - [MESSAGE][PASSED] - Text '12344444' is set on object 'Object Repository/IWP30/Page_ACHPersonalPaymentEntry/txt_accountNumber'

05-10-2024T00:23:57 - [MESSAGE][PASSED] - Object 'Object Repository/IWP30/Page_ACHPersonalPaymentEntry/txt_confirmAccountNumber' is present

05-10-2024T00:23:58 - [MESSAGE][PASSED] - Text '12344444' is set on object 'Object Repository/IWP30/Page_ACHPersonalPaymentEntry/txt_confirmAccountNumber'

05-10-2024T00:23:58 - [MESSAGE][PASSED] - Object 'Object Repository/IWP30/Page_ACHPersonalPaymentEntry/rd_accountType' is present

05-10-2024T00:23:58 - [MESSAGE][PASSED] - Modify property of object successfully

05-10-2024T00:23:59 - [MESSAGE][PASSED] - Object: 'Object Repository/IWP30/Page_ACHPersonalPaymentEntry/rd_accountType' is clicked on

05-10-2024T00:23:59 - [MESSAGE][PASSED] - Execute JavaScript '
				   document.getElementById('processDate').value = '08/09/2025'
				  ' successfully

05-10-2024T00:23:59 - [MESSAGE][PASSED] - Text '365 Main Avenue' is set on object 'Object Repository/IWP30/Page_ACHPersonalPaymentEntry/txt_AL1'

05-10-2024T00:24:00 - [MESSAGE][PASSED] - Text '22201' is set on object 'Object Repository/IWP30/Page_ACHPersonalPaymentEntry/txt_ZIP'

05-10-2024T00:24:00 - [MESSAGE][PASSED] - Object 'Object Repository/IWP30/Page_ACHPersonalPaymentEntry/txt_Email' is present

05-10-2024T00:24:01 - [MESSAGE][PASSED] - Text 'iahmed@govolution.com' is set on object 'Object Repository/IWP30/Page_ACHPersonalPaymentEntry/txt_Email'

05-10-2024T00:24:01 - [MESSAGE][PASSED] - Object 'Object Repository/IWP30/Page_ACHPersonalPaymentEntry/cb_TermsAndCond' is present

05-10-2024T00:24:02 - [MESSAGE][PASSED] - Object: 'Object Repository/IWP30/Page_ACHPersonalPaymentEntry/cb_TermsAndCond' is clicked on

05-10-2024T00:24:02 - [MESSAGE][PASSED] - Object 'Object Repository/IWP30/Page_ACHPersonalPaymentEntry/btn_Continue' is present

05-10-2024T00:24:03 - [MESSAGE][PASSED] - Object: 'Object Repository/IWP30/Page_ACHPersonalPaymentEntry/btn_Continue' is clicked on

05-10-2024T00:24:03 - [MESSAGE][PASSED] - iwpPages.achPersonalPaymentEntryPage.setDataACHPPM is PASSED

05-10-2024T00:24:03 - [TEST_STEP][PASSED] - click(findTestObject("Object Repository/IWP30/Page_Confirmation/ConfirmButton")): Object: 'Object Repository/IWP30/Page_Confirmation/ConfirmButton' is clicked on

05-10-2024T00:24:05 - [MESSAGE][PASSED] - Object: 'Object Repository/IWP30/Page_Confirmation/ConfirmButton' is clicked on

05-10-2024T00:24:05 - [TEST_STEP][PASSED] - Thread.sleep(2000): null

05-10-2024T00:24:07 - [TEST_STEP][PASSED] - if (verifyTextPresent("Deferred", false)): null

05-10-2024T00:24:07 - [MESSAGE][PASSED] - Text 'Deferred' is present on page 

05-10-2024T00:24:07 - [TEST_STEP][PASSED] - println("Deferred is present on page. Deferred Pay is created"): null

05-10-2024T00:24:07 - [TEST_STEP][PASSED] - click(findTestObject("Object Repository/IWP30/Page_Receipt/ViewScheduledPaymentsButton")): Object: 'Object Repository/IWP30/Page_Receipt/ViewScheduledPaymentsButton' is clicked on

05-10-2024T00:24:08 - [MESSAGE][PASSED] - Object: 'Object Repository/IWP30/Page_Receipt/ViewScheduledPaymentsButton' is clicked on

05-10-2024T00:24:08 - [TEST_STEP][PASSED] - switchToWindowTitle("View Scheduled Payments"): Switched to window with title: 'View Scheduled Payments'

05-10-2024T00:24:08 - [MESSAGE][PASSED] - Switched to window with title: 'View Scheduled Payments'

05-10-2024T00:24:08 - [TEST_STEP][PASSED] - Thread.sleep(5000): null

05-10-2024T00:24:13 - [TEST_STEP][PASSED] - if (verifyTextPresent("View Scheduled Payments", false)): null

05-10-2024T00:24:13 - [MESSAGE][PASSED] - Text 'View Scheduled Payments' is present on page 

05-10-2024T00:24:13 - [TEST_STEP][PASSED] - click(findTestObject("Object Repository/IWP30/Page_ScheduledPayments/edit_payment")): Object: 'Object Repository/IWP30/Page_ScheduledPayments/edit_payment' is clicked on

05-10-2024T00:24:16 - [MESSAGE][PASSED] - Object: 'Object Repository/IWP30/Page_ScheduledPayments/edit_payment' is clicked on

05-10-2024T00:24:16 - [TEST_STEP][PASSED] - iwpPages.editSchedulePayment.setDataSchedPayment(row, dataFile): iwpPages.editSchedulePayment.setDataSchedPayment is PASSED

05-10-2024T00:24:16 - [MESSAGE][PASSED] - Text 'Edit Payment Plan' is present on page 

05-10-2024T00:24:17 - [MESSAGE][PASSED] - All options with label 'Orange' are selected in object 'Object Repository/IWP30/Page_CCPaymentEntry/UserDefined7' 

05-10-2024T00:24:17 - [MESSAGE][PASSED] - All options with label 'Soccer' are selected in object 'Object Repository/IWP30/Page_CCPaymentEntry/UserDefined8' 

05-10-2024T00:24:17 - [MESSAGE][PASSED] - Execute JavaScript '
				   document.getElementById('processDate').value = '08/09/2045'
				  ' successfully

05-10-2024T00:24:17 - [MESSAGE][PASSED] - iwpPages.editSchedulePayment.setDataSchedPayment is PASSED

05-10-2024T00:24:17 - [TEST_STEP][PASSED] - click(findTestObject("Object Repository/Page_EditSchedPayment/chkbox_acceptterms")): Object: 'Object Repository/Page_EditSchedPayment/chkbox_acceptterms' is clicked on

05-10-2024T00:24:18 - [MESSAGE][PASSED] - Object: 'Object Repository/Page_EditSchedPayment/chkbox_acceptterms' is clicked on

05-10-2024T00:24:18 - [TEST_STEP][PASSED] - click(findTestObject("Object Repository/Page_EditSchedPayment/btn_update")): Object: 'Object Repository/Page_EditSchedPayment/btn_update' is clicked on

05-10-2024T00:24:19 - [MESSAGE][PASSED] - Object: 'Object Repository/Page_EditSchedPayment/btn_update' is clicked on

05-10-2024T00:24:19 - [TEST_STEP][PASSED] - if (verifyTextPresent("Successful Payment Plan Update", false)): null

05-10-2024T00:24:20 - [MESSAGE][PASSED] - Text 'Successful Payment Plan Update' is present on page 

05-10-2024T00:24:20 - [TEST_STEP][PASSED] - click(findTestObject("Object Repository/IWP30/Page_SuccesfulUpdate/btn_back")): Object: 'Object Repository/IWP30/Page_SuccesfulUpdate/btn_back' is clicked on

05-10-2024T00:24:21 - [MESSAGE][PASSED] - Object: 'Object Repository/IWP30/Page_SuccesfulUpdate/btn_back' is clicked on

05-10-2024T00:24:21 - [TEST_STEP][PASSED] - click(findTestObject("Object Repository/IWP30/Page_ScheduledPayments/cancel_payment")): Object: 'Object Repository/IWP30/Page_ScheduledPayments/cancel_payment' is clicked on

05-10-2024T00:24:21 - [MESSAGE][PASSED] - Object: 'Object Repository/IWP30/Page_ScheduledPayments/cancel_payment' is clicked on

05-10-2024T00:24:21 - [TEST_STEP][PASSED] - if (verifyTextPresent("Cancel Payment Plan", false)): null

05-10-2024T00:24:22 - [MESSAGE][PASSED] - Text 'Cancel Payment Plan' is present on page 

05-10-2024T00:24:22 - [TEST_STEP][PASSED] - click(findTestObject("Object Repository/IWP30/Page_PaymentPlan/btn_cancel")): Object: 'Object Repository/IWP30/Page_PaymentPlan/btn_cancel' is clicked on

05-10-2024T00:24:22 - [MESSAGE][PASSED] - Object: 'Object Repository/IWP30/Page_PaymentPlan/btn_cancel' is clicked on

05-10-2024T00:24:22 - [TEST_STEP][PASSED] - acceptAlert(): Alert accepted

05-10-2024T00:24:22 - [MESSAGE][PASSED] - Alert accepted

05-10-2024T00:24:22 - [TEST_STEP][PASSED] - if (verifyTextPresent("Your payment plan has been successfully canceled", false)): null

05-10-2024T00:24:24 - [MESSAGE][PASSED] - Text 'Your payment plan has been successfully canceled' is present on page 

05-10-2024T00:24:24 - [TEST_STEP][PASSED] - markPassed("Your payment plan has been successfully created, modified and canceled"): Your payment plan has been successfully created, modified and canceled

05-10-2024T00:24:24 - [MESSAGE][PASSED] - Your payment plan has been successfully created, modified and canceled

05-10-2024T00:24:24 - [TEST_STEP][PASSED] - resText = "Pass": null

05-10-2024T00:24:24 - [TEST_STEP][PASSED] - println(row): null

05-10-2024T00:24:24 - [TEST_STEP][PASSED] - pages.WriteExcel.demoKey(resText, datText, resColumn, datCloumn, fileLoc, nameSheet, row): pages.WriteExcel.demoKey is PASSED

05-10-2024T00:24:24 - [MESSAGE][PASSED] - pages.WriteExcel.demoKey is PASSED

05-10-2024T00:24:24 - [TEST_STEP][PASSED] - closeBrowser(): Browser is closed

05-10-2024T00:24:25 - [MESSAGE][PASSED] - Browser is closed]]></system-out>
         <system-err><![CDATA[]]></system-err>
      </testcase>
      <testcase name="Test Cases/IntegratedWeb/IWP25/Payments/CMCDeferredPS" time="78.976" classname="Test Cases/IntegratedWeb/IWP25/Payments/CMCDeferredPS" status="PASSED">
         <system-out><![CDATA[05-10-2024T00:24:25 - [TEST_CASE][PASSED] - Test Cases/IntegratedWeb/IWP25/Payments/CMCDeferredPS: Test Cases/IntegratedWeb/IWP25/Payments/CMCDeferredPS

05-10-2024T00:24:25 - [TEST_STEP][PASSED] - resText = "Fail": null

05-10-2024T00:24:25 - [TEST_STEP][PASSED] - resColumn = "Result": null

05-10-2024T00:24:25 - [TEST_STEP][PASSED] - datCloumn = "Date": null

05-10-2024T00:24:25 - [TEST_STEP][PASSED] - fileLoc = "KatalonData/IWPTestData/VRelay25PaymentsExtension.xlsx": null

05-10-2024T00:24:25 - [TEST_STEP][PASSED] - numOfRows = <not implemented yet for class: org.codehaus.groovy.ast.expr.EmptyExpression>: null

05-10-2024T00:24:25 - [TEST_STEP][PASSED] - dataFile = <not implemented yet for class: org.codehaus.groovy.ast.expr.EmptyExpression>: null

05-10-2024T00:24:25 - [TEST_STEP][PASSED] - nameSheet = <not implemented yet for class: org.codehaus.groovy.ast.expr.EmptyExpression>: null

05-10-2024T00:24:25 - [TEST_STEP][PASSED] - dataFileEmulator = <not implemented yet for class: org.codehaus.groovy.ast.expr.EmptyExpression>: null

05-10-2024T00:24:25 - [TEST_STEP][PASSED] - isRequiredTextPresent = false: null

05-10-2024T00:24:25 - [TEST_STEP][PASSED] - nameSheet = "CMCDeferredPlanPS": null

05-10-2024T00:24:25 - [TEST_STEP][PASSED] - dataFile = "IWPTestData/IWP25CMCDeferredPS": null

05-10-2024T00:24:25 - [TEST_STEP][PASSED] - dataFileEmulator = "IWPTestData/EmulatorData": null

05-10-2024T00:24:25 - [TEST_STEP][PASSED] - numOfRows = findTestData(dataFile).getRowNumbers(): null

05-10-2024T00:24:25 - [TEST_STEP][PASSED] - println("Number of Records: " + numOfRows): null

05-10-2024T00:24:25 - [TEST_STEP][PASSED] - for ([row = 1, row <= numOfRows, (row++)]): Browser is closed

05-10-2024T00:24:25 - [TEST_STEP][PASSED] - ExecuteTC = findTestData(dataFile).getValue("Execute", row): null

05-10-2024T00:24:25 - [TEST_STEP][PASSED] - out.println("Value of Execute is : " + ExecuteTC): null

05-10-2024T00:24:25 - [TEST_STEP][PASSED] - if (ExecuteTC.equalsIgnoreCase("Y")): null

05-10-2024T00:24:25 - [TEST_STEP][PASSED] - out.println("Begin Record Number: " + row): null

05-10-2024T00:24:25 - [TEST_STEP][PASSED] - today = new java.util.Date(): null

05-10-2024T00:24:25 - [TEST_STEP][PASSED] - println(today): null

05-10-2024T00:24:25 - [TEST_STEP][PASSED] - datText = today: null

05-10-2024T00:24:25 - [TEST_STEP][PASSED] - EmulatorDataKey = findTestData(dataFile).getValue("EmulatorData", row): null

05-10-2024T00:24:25 - [TEST_STEP][PASSED] - out.println("Value of Emulator Key is : " + EmulatorDataKey): null

05-10-2024T00:24:25 - [TEST_STEP][PASSED] - iwpPages.emulatorIWP30.setDataEmulator_DD(EmulatorDataKey): iwpPages.emulatorIWP30.setDataEmulator_DD is PASSED

05-10-2024T00:24:25 - [MESSAGE][INFO] - Starting 'Edge Chromium' driver

05-10-2024T00:24:25 - [MESSAGE][INFO] - User set preference: ['acceptInsecureCerts', 'true']

05-10-2024T00:24:27 - [MESSAGE][INFO] - Action delay is set to 0 milliseconds

05-10-2024T00:24:31 - [MESSAGE][PASSED] - Browser is opened with url: 'https://qa.velocitypayment.com/agency/config.do?action=editor&message_version=2_5'

05-10-2024T00:24:31 - [MESSAGE][PASSED] - Current window maximized

05-10-2024T00:24:32 - [MESSAGE][PASSED] - All options with value '2.5' are selected in object 'Object Repository/IWP30/Page_VRelay30Emulator/MV'  using regular expression

05-10-2024T00:24:32 - [MESSAGE][PASSED] - Text '10.50' is set on object 'Object Repository/IWP30/Page_VRelay30Emulator/Amount'

05-10-2024T00:24:33 - [MESSAGE][PASSED] - Text '58iq1mwqj0C6' is set on object 'Object Repository/IWP30/Page_VRelay30Emulator/CAN'

05-10-2024T00:24:33 - [MESSAGE][PASSED] - Text 'PayNow' is set on object 'Object Repository/IWP30/Page_VRelay30Emulator/Action'

05-10-2024T00:24:34 - [MESSAGE][PASSED] - Text 'en_US' is set on object 'Object Repository/IWP30/Page_VRelay30Emulator/Lang'

05-10-2024T00:24:35 - [MESSAGE][PASSED] - Text '' is set on object 'Object Repository/IWP30/Page_VRelay30Emulator/Fname'

05-10-2024T00:24:35 - [MESSAGE][PASSED] - Text '' is set on object 'Object Repository/IWP30/Page_VRelay30Emulator/Lname'

05-10-2024T00:24:36 - [MESSAGE][PASSED] - Text '' is set on object 'Object Repository/IWP30/Page_VRelay30Emulator/AL1'

05-10-2024T00:24:36 - [MESSAGE][PASSED] - Text '' is set on object 'Object Repository/IWP30/Page_VRelay30Emulator/AL2'

05-10-2024T00:24:37 - [MESSAGE][PASSED] - Text '' is set on object 'Object Repository/IWP30/Page_VRelay30Emulator/Country'

05-10-2024T00:24:38 - [MESSAGE][PASSED] - Text '' is set on object 'Object Repository/IWP30/Page_VRelay30Emulator/City'

05-10-2024T00:24:38 - [MESSAGE][PASSED] - Text '' is set on object 'Object Repository/IWP30/Page_VRelay30Emulator/State'

05-10-2024T00:24:39 - [MESSAGE][PASSED] - Text '' is set on object 'Object Repository/IWP30/Page_VRelay30Emulator/ZIP'

05-10-2024T00:24:39 - [MESSAGE][PASSED] - Text '' is set on object 'Object Repository/IWP30/Page_VRelay30Emulator/Order'

05-10-2024T00:24:40 - [MESSAGE][PASSED] - Text '' is set on object 'Object Repository/IWP30/Page_VRelay30Emulator/Company'

05-10-2024T00:24:40 - [MESSAGE][PASSED] - Text '' is set on object 'Object Repository/IWP30/Page_VRelay30Emulator/Email'

05-10-2024T00:24:41 - [MESSAGE][PASSED] - Text '' is set on object 'Object Repository/IWP30/Page_VRelay30Emulator/UDF1'

05-10-2024T00:24:42 - [MESSAGE][PASSED] - Text '' is set on object 'Object Repository/IWP30/Page_VRelay30Emulator/UDF2'

05-10-2024T00:24:42 - [MESSAGE][PASSED] - Text '' is set on object 'Object Repository/IWP30/Page_VRelay30Emulator/UDF3'

05-10-2024T00:24:43 - [MESSAGE][PASSED] - Text 'udf data 4' is set on object 'Object Repository/IWP30/Page_VRelay30Emulator/UDF4'

05-10-2024T00:24:43 - [MESSAGE][PASSED] - Text 'udf data 5' is set on object 'Object Repository/IWP30/Page_VRelay30Emulator/UDF5'

05-10-2024T00:24:44 - [MESSAGE][PASSED] - Text '' is set on object 'Object Repository/IWP30/Page_VRelay30Emulator/UDF6'

05-10-2024T00:24:44 - [MESSAGE][PASSED] - Text '' is set on object 'Object Repository/IWP30/Page_VRelay30Emulator/UDF7'

05-10-2024T00:24:45 - [MESSAGE][PASSED] - Text '' is set on object 'Object Repository/IWP30/Page_VRelay30Emulator/UDF8'

05-10-2024T00:24:46 - [MESSAGE][PASSED] - Text 'udf data 9' is set on object 'Object Repository/IWP30/Page_VRelay30Emulator/UDF9'

05-10-2024T00:24:46 - [MESSAGE][PASSED] - Text 'udf data 10' is set on object 'Object Repository/IWP30/Page_VRelay30Emulator/UDF10'

05-10-2024T00:24:47 - [MESSAGE][PASSED] - Object: 'Object Repository/IWP30/Page_VRelay30Emulator/Submit' is clicked on

05-10-2024T00:24:52 - [MESSAGE][PASSED] - Browser is closed

05-10-2024T00:24:56 - [MESSAGE][PASSED] - iwpPages.emulatorIWP30.setDataEmulator_DD is PASSED

05-10-2024T00:24:56 - [TEST_STEP][PASSED] - testHarnessURL = urlTestHarness: null

05-10-2024T00:24:56 - [TEST_STEP][PASSED] - openBrowser(testHarnessURL): Browser is opened with url: 'https://dev-algorithm.govolution.com/vrelaytest/QA/version_2_2/vrelaytest.html'

05-10-2024T00:24:56 - [MESSAGE][INFO] - Starting 'Edge Chromium' driver

05-10-2024T00:24:56 - [MESSAGE][INFO] - User set preference: ['acceptInsecureCerts', 'true']

05-10-2024T00:24:58 - [MESSAGE][INFO] - Action delay is set to 0 milliseconds

05-10-2024T00:25:02 - [MESSAGE][PASSED] - Browser is opened with url: 'https://dev-algorithm.govolution.com/vrelaytest/QA/version_2_2/vrelaytest.html'

05-10-2024T00:25:02 - [TEST_STEP][PASSED] - maximizeWindow(): Current window maximized

05-10-2024T00:25:02 - [MESSAGE][PASSED] - Current window maximized

05-10-2024T00:25:02 - [TEST_STEP][PASSED] - iwpPages.TestHarnessPage.setDataMethod(row, dataFile): iwpPages.TestHarnessPage.setDataMethod is PASSED

05-10-2024T00:25:02 - [MESSAGE][PASSED] - Object 'Object Repository/IWP30/Page_QATestHarness/RemittanceID' is present

05-10-2024T00:25:03 - [MESSAGE][PASSED] - Text '638' is set on object 'Object Repository/IWP30/Page_QATestHarness/ApplicationID'

05-10-2024T00:25:03 - [MESSAGE][PASSED] - Text '2.5' is set on object 'Object Repository/IWP30/Page_QATestHarness/MessageVersion'

05-10-2024T00:25:04 - [MESSAGE][PASSED] - Text 'VfAHC51rb9Jh' is set on object 'Object Repository/IWP30/Page_QATestHarness/RemittanceID'

05-10-2024T00:25:07 - [MESSAGE][PASSED] - Object: 'Object Repository/IWP30/Page_QATestHarness/SubmitButton' is clicked on

05-10-2024T00:25:07 - [MESSAGE][PASSED] - iwpPages.TestHarnessPage.setDataMethod is PASSED

05-10-2024T00:25:07 - [TEST_STEP][PASSED] - click(findTestObject("Object Repository/IWP30/Page_SelectPaymentMethod/PayByPersonalCheck")): Object: 'Object Repository/IWP30/Page_SelectPaymentMethod/PayByPersonalCheck' is clicked on

05-10-2024T00:25:08 - [MESSAGE][PASSED] - Object: 'Object Repository/IWP30/Page_SelectPaymentMethod/PayByPersonalCheck' is clicked on

05-10-2024T00:25:08 - [TEST_STEP][PASSED] - click(findTestObject("Object Repository/IWP30/Page_SelectPaymentMethod/MakePaymentButton")): Object: 'Object Repository/IWP30/Page_SelectPaymentMethod/MakePaymentButton' is clicked on

05-10-2024T00:25:09 - [MESSAGE][PASSED] - Object: 'Object Repository/IWP30/Page_SelectPaymentMethod/MakePaymentButton' is clicked on

05-10-2024T00:25:09 - [TEST_STEP][PASSED] - iwpPages.achPersonalPaymentEntryPage.setDataACHPPM(row, dataFile): iwpPages.achPersonalPaymentEntryPage.setDataACHPPM is PASSED

05-10-2024T00:25:10 - [MESSAGE][PASSED] - Object 'Object Repository/IWP30/Page_ACHPersonalPaymentEntry/txt_accountNumber' is present

05-10-2024T00:25:10 - [MESSAGE][PASSED] - Text '10.50' is set on object 'Object Repository/IWP30/Page_ACHPersonalPaymentEntry/txt_Amount'

05-10-2024T00:25:11 - [MESSAGE][PASSED] - Object 'Object Repository/IWP30/Page_ACHPersonalPaymentEntry/txt_UDF2' is present

05-10-2024T00:25:11 - [MESSAGE][PASSED] - Text 'udf data 2' is set on object 'Object Repository/IWP30/Page_ACHPersonalPaymentEntry/txt_UDF2'

05-10-2024T00:25:12 - [MESSAGE][PASSED] - Text 'udf data 3' is set on object 'Object Repository/IWP30/Page_ACHPersonalPaymentEntry/txt_UDF3'

05-10-2024T00:25:12 - [MESSAGE][PASSED] - All options with label 'Orange' are selected in object 'Object Repository/IWP30/Page_ACHPersonalPaymentEntry/dd_UDF7' 

05-10-2024T00:25:13 - [MESSAGE][PASSED] - All options with label 'Soccer' are selected in object 'Object Repository/IWP30/Page_ACHPersonalPaymentEntry/dd_UDF8' 

05-10-2024T00:25:13 - [MESSAGE][PASSED] - Object 'Object Repository/IWP30/Page_ACHPersonalPaymentEntry/txt_Firstname' is present

05-10-2024T00:25:14 - [MESSAGE][PASSED] - Text 'Elizath' is set on object 'Object Repository/IWP30/Page_ACHPersonalPaymentEntry/txt_Firstname'

05-10-2024T00:25:14 - [MESSAGE][PASSED] - Object 'Object Repository/IWP30/Page_ACHPersonalPaymentEntry/txt_Lastname' is present

05-10-2024T00:25:15 - [MESSAGE][PASSED] - Text 'Christine' is set on object 'Object Repository/IWP30/Page_ACHPersonalPaymentEntry/txt_Lastname'

05-10-2024T00:25:15 - [MESSAGE][PASSED] - Object 'Object Repository/IWP30/Page_ACHPersonalPaymentEntry/txt_routingNumber' is present

05-10-2024T00:25:15 - [MESSAGE][PASSED] - Text '256072691' is set on object 'Object Repository/IWP30/Page_ACHPersonalPaymentEntry/txt_routingNumber'

05-10-2024T00:25:16 - [MESSAGE][PASSED] - Object 'Object Repository/IWP30/Page_ACHPersonalPaymentEntry/txt_accountNumber' is present

05-10-2024T00:25:17 - [MESSAGE][PASSED] - Text '12344444' is set on object 'Object Repository/IWP30/Page_ACHPersonalPaymentEntry/txt_accountNumber'

05-10-2024T00:25:18 - [MESSAGE][PASSED] - Object 'Object Repository/IWP30/Page_ACHPersonalPaymentEntry/txt_confirmAccountNumber' is present

05-10-2024T00:25:18 - [MESSAGE][PASSED] - Text '12344444' is set on object 'Object Repository/IWP30/Page_ACHPersonalPaymentEntry/txt_confirmAccountNumber'

05-10-2024T00:25:18 - [MESSAGE][PASSED] - Object 'Object Repository/IWP30/Page_ACHPersonalPaymentEntry/rd_accountType' is present

05-10-2024T00:25:18 - [MESSAGE][PASSED] - Modify property of object successfully

05-10-2024T00:25:19 - [MESSAGE][PASSED] - Object: 'Object Repository/IWP30/Page_ACHPersonalPaymentEntry/rd_accountType' is clicked on

05-10-2024T00:25:19 - [MESSAGE][PASSED] - Execute JavaScript '
				   document.getElementById('processDate').value = '08/09/2025'
				  ' successfully

05-10-2024T00:25:19 - [MESSAGE][PASSED] - Text '365 Main Avenue' is set on object 'Object Repository/IWP30/Page_ACHPersonalPaymentEntry/txt_AL1'

05-10-2024T00:25:20 - [MESSAGE][PASSED] - Text '22201' is set on object 'Object Repository/IWP30/Page_ACHPersonalPaymentEntry/txt_ZIP'

05-10-2024T00:25:20 - [MESSAGE][PASSED] - Object 'Object Repository/IWP30/Page_ACHPersonalPaymentEntry/txt_Email' is present

05-10-2024T00:25:21 - [MESSAGE][PASSED] - Text 'iahmed@govolution.com' is set on object 'Object Repository/IWP30/Page_ACHPersonalPaymentEntry/txt_Email'

05-10-2024T00:25:21 - [MESSAGE][PASSED] - Object 'Object Repository/IWP30/Page_ACHPersonalPaymentEntry/cb_TermsAndCond' is present

05-10-2024T00:25:22 - [MESSAGE][PASSED] - Object: 'Object Repository/IWP30/Page_ACHPersonalPaymentEntry/cb_TermsAndCond' is clicked on

05-10-2024T00:25:22 - [MESSAGE][PASSED] - Object 'Object Repository/IWP30/Page_ACHPersonalPaymentEntry/btn_Continue' is present

05-10-2024T00:25:23 - [MESSAGE][PASSED] - Object: 'Object Repository/IWP30/Page_ACHPersonalPaymentEntry/btn_Continue' is clicked on

05-10-2024T00:25:23 - [MESSAGE][PASSED] - iwpPages.achPersonalPaymentEntryPage.setDataACHPPM is PASSED

05-10-2024T00:25:23 - [TEST_STEP][PASSED] - click(findTestObject("Object Repository/IWP30/Page_Confirmation/ConfirmButton")): Object: 'Object Repository/IWP30/Page_Confirmation/ConfirmButton' is clicked on

05-10-2024T00:25:25 - [MESSAGE][PASSED] - Object: 'Object Repository/IWP30/Page_Confirmation/ConfirmButton' is clicked on

05-10-2024T00:25:25 - [TEST_STEP][PASSED] - Thread.sleep(2000): null

05-10-2024T00:25:27 - [TEST_STEP][PASSED] - if (verifyTextPresent("Deferred", false)): null

05-10-2024T00:25:27 - [MESSAGE][PASSED] - Text 'Deferred' is present on page 

05-10-2024T00:25:27 - [TEST_STEP][PASSED] - println("Deferred is present on page. Deferred Pay is created"): null

05-10-2024T00:25:27 - [TEST_STEP][PASSED] - click(findTestObject("Object Repository/IWP30/Page_Receipt/ViewScheduledPaymentsButton")): Object: 'Object Repository/IWP30/Page_Receipt/ViewScheduledPaymentsButton' is clicked on

05-10-2024T00:25:28 - [MESSAGE][PASSED] - Object: 'Object Repository/IWP30/Page_Receipt/ViewScheduledPaymentsButton' is clicked on

05-10-2024T00:25:28 - [TEST_STEP][PASSED] - switchToWindowTitle("View Scheduled Payments"): Switched to window with title: 'View Scheduled Payments'

05-10-2024T00:25:28 - [MESSAGE][PASSED] - Switched to window with title: 'View Scheduled Payments'

05-10-2024T00:25:28 - [TEST_STEP][PASSED] - Thread.sleep(5000): null

05-10-2024T00:25:33 - [TEST_STEP][PASSED] - if (verifyTextPresent("View Scheduled Payments", false)): null

05-10-2024T00:25:33 - [MESSAGE][PASSED] - Text 'View Scheduled Payments' is present on page 

05-10-2024T00:25:33 - [TEST_STEP][PASSED] - click(findTestObject("Object Repository/IWP30/Page_ScheduledPayments/edit_payment")): Object: 'Object Repository/IWP30/Page_ScheduledPayments/edit_payment' is clicked on

05-10-2024T00:25:35 - [MESSAGE][PASSED] - Object: 'Object Repository/IWP30/Page_ScheduledPayments/edit_payment' is clicked on

05-10-2024T00:25:35 - [TEST_STEP][PASSED] - iwpPages.editSchedulePayment.setDataSchedPayment(row, dataFile): iwpPages.editSchedulePayment.setDataSchedPayment is PASSED

05-10-2024T00:25:36 - [MESSAGE][PASSED] - Text 'Edit Payment Plan' is present on page 

05-10-2024T00:25:36 - [MESSAGE][PASSED] - All options with label 'Orange' are selected in object 'Object Repository/IWP30/Page_CCPaymentEntry/UserDefined7' 

05-10-2024T00:25:37 - [MESSAGE][PASSED] - All options with label 'Soccer' are selected in object 'Object Repository/IWP30/Page_CCPaymentEntry/UserDefined8' 

05-10-2024T00:25:37 - [MESSAGE][PASSED] - Execute JavaScript '
				   document.getElementById('processDate').value = '08/09/2045'
				  ' successfully

05-10-2024T00:25:37 - [MESSAGE][PASSED] - iwpPages.editSchedulePayment.setDataSchedPayment is PASSED

05-10-2024T00:25:37 - [TEST_STEP][PASSED] - click(findTestObject("Object Repository/Page_EditSchedPayment/chkbox_acceptterms")): Object: 'Object Repository/Page_EditSchedPayment/chkbox_acceptterms' is clicked on

05-10-2024T00:25:37 - [MESSAGE][PASSED] - Object: 'Object Repository/Page_EditSchedPayment/chkbox_acceptterms' is clicked on

05-10-2024T00:25:37 - [TEST_STEP][PASSED] - click(findTestObject("Object Repository/Page_EditSchedPayment/btn_update")): Object: 'Object Repository/Page_EditSchedPayment/btn_update' is clicked on

05-10-2024T00:25:39 - [MESSAGE][PASSED] - Object: 'Object Repository/Page_EditSchedPayment/btn_update' is clicked on

05-10-2024T00:25:39 - [TEST_STEP][PASSED] - if (verifyTextPresent("Successful Payment Plan Update", false)): null

05-10-2024T00:25:39 - [MESSAGE][PASSED] - Text 'Successful Payment Plan Update' is present on page 

05-10-2024T00:25:39 - [TEST_STEP][PASSED] - click(findTestObject("Object Repository/IWP30/Page_SuccesfulUpdate/btn_back")): Object: 'Object Repository/IWP30/Page_SuccesfulUpdate/btn_back' is clicked on

05-10-2024T00:25:40 - [MESSAGE][PASSED] - Object: 'Object Repository/IWP30/Page_SuccesfulUpdate/btn_back' is clicked on

05-10-2024T00:25:40 - [TEST_STEP][PASSED] - click(findTestObject("Object Repository/IWP30/Page_ScheduledPayments/cancel_payment")): Object: 'Object Repository/IWP30/Page_ScheduledPayments/cancel_payment' is clicked on

05-10-2024T00:25:41 - [MESSAGE][PASSED] - Object: 'Object Repository/IWP30/Page_ScheduledPayments/cancel_payment' is clicked on

05-10-2024T00:25:41 - [TEST_STEP][PASSED] - if (verifyTextPresent("Cancel Payment Plan", false)): null

05-10-2024T00:25:41 - [MESSAGE][PASSED] - Text 'Cancel Payment Plan' is present on page 

05-10-2024T00:25:41 - [TEST_STEP][PASSED] - click(findTestObject("Object Repository/IWP30/Page_PaymentPlan/btn_cancel")): Object: 'Object Repository/IWP30/Page_PaymentPlan/btn_cancel' is clicked on

05-10-2024T00:25:42 - [MESSAGE][PASSED] - Object: 'Object Repository/IWP30/Page_PaymentPlan/btn_cancel' is clicked on

05-10-2024T00:25:42 - [TEST_STEP][PASSED] - acceptAlert(): Alert accepted

05-10-2024T00:25:42 - [MESSAGE][PASSED] - Alert accepted

05-10-2024T00:25:42 - [TEST_STEP][PASSED] - if (verifyTextPresent("Your payment plan has been successfully canceled", false)): null

05-10-2024T00:25:43 - [MESSAGE][PASSED] - Text 'Your payment plan has been successfully canceled' is present on page 

05-10-2024T00:25:43 - [TEST_STEP][PASSED] - markPassed("Your payment plan has been successfully created, modified and canceled"): Your payment plan has been successfully created, modified and canceled

05-10-2024T00:25:43 - [MESSAGE][PASSED] - Your payment plan has been successfully created, modified and canceled

05-10-2024T00:25:43 - [TEST_STEP][PASSED] - resText = "Pass": null

05-10-2024T00:25:43 - [TEST_STEP][PASSED] - println(row): null

05-10-2024T00:25:43 - [TEST_STEP][PASSED] - pages.WriteExcel.demoKey(resText, datText, resColumn, datCloumn, fileLoc, nameSheet, row): pages.WriteExcel.demoKey is PASSED

05-10-2024T00:25:43 - [MESSAGE][PASSED] - pages.WriteExcel.demoKey is PASSED

05-10-2024T00:25:43 - [TEST_STEP][PASSED] - closeBrowser(): Browser is closed

05-10-2024T00:25:44 - [MESSAGE][PASSED] - Browser is closed]]></system-out>
         <system-err><![CDATA[]]></system-err>
      </testcase>
      <testcase name="Test Cases/IntegratedWeb/IWP25/Payments/NoModifyAmountCC" time="64.864" classname="Test Cases/IntegratedWeb/IWP25/Payments/NoModifyAmountCC" status="PASSED">
         <system-out><![CDATA[05-10-2024T00:25:44 - [TEST_CASE][PASSED] - Test Cases/IntegratedWeb/IWP25/Payments/NoModifyAmountCC: Test Cases/IntegratedWeb/IWP25/Payments/NoModifyAmountCC

05-10-2024T00:25:44 - [TEST_STEP][PASSED] - resText = "Fail": null

05-10-2024T00:25:44 - [TEST_STEP][PASSED] - resColumn = "Result": null

05-10-2024T00:25:44 - [TEST_STEP][PASSED] - datCloumn = "Date": null

05-10-2024T00:25:44 - [TEST_STEP][PASSED] - fileLoc = "KatalonData/IWPTestData/VRelay25Payments.xlsx": null

05-10-2024T00:25:44 - [TEST_STEP][PASSED] - numOfRows = <not implemented yet for class: org.codehaus.groovy.ast.expr.EmptyExpression>: null

05-10-2024T00:25:44 - [TEST_STEP][PASSED] - dataFile = <not implemented yet for class: org.codehaus.groovy.ast.expr.EmptyExpression>: null

05-10-2024T00:25:44 - [TEST_STEP][PASSED] - nameSheet = <not implemented yet for class: org.codehaus.groovy.ast.expr.EmptyExpression>: null

05-10-2024T00:25:44 - [TEST_STEP][PASSED] - dataFileEmulator = <not implemented yet for class: org.codehaus.groovy.ast.expr.EmptyExpression>: null

05-10-2024T00:25:44 - [TEST_STEP][PASSED] - nameSheet = "NoModifyAmountCC": null

05-10-2024T00:25:44 - [TEST_STEP][PASSED] - dataFile = "IWPTestData/IWP25NoModifyAmountCC": null

05-10-2024T00:25:44 - [TEST_STEP][PASSED] - dataFileEmulator = "IWPTestData/EmulatorData": null

05-10-2024T00:25:44 - [TEST_STEP][PASSED] - numOfRows = findTestData(dataFile).getRowNumbers(): null

05-10-2024T00:25:44 - [TEST_STEP][PASSED] - println("Number of Records: " + numOfRows): null

05-10-2024T00:25:44 - [TEST_STEP][PASSED] - for ([row = 1, row <= numOfRows, (row++)]): Browser is closed

05-10-2024T00:25:44 - [TEST_STEP][PASSED] - ExecuteTC = findTestData(dataFile).getValue("Execute", row): null

05-10-2024T00:25:44 - [TEST_STEP][PASSED] - out.println("Value of Execute is : " + ExecuteTC): null

05-10-2024T00:25:44 - [TEST_STEP][PASSED] - if (ExecuteTC.equalsIgnoreCase("Y")): null

05-10-2024T00:25:44 - [TEST_STEP][PASSED] - out.println("Begin Record Number: " + row): null

05-10-2024T00:25:44 - [TEST_STEP][PASSED] - today = new java.util.Date(): null

05-10-2024T00:25:44 - [TEST_STEP][PASSED] - println(today): null

05-10-2024T00:25:44 - [TEST_STEP][PASSED] - datText = today: null

05-10-2024T00:25:44 - [TEST_STEP][PASSED] - EmulatorDataKey = findTestData(dataFile).getValue("EmulatorData", row): null

05-10-2024T00:25:44 - [TEST_STEP][PASSED] - out.println("Value of Emulator Key is : " + EmulatorDataKey): null

05-10-2024T00:25:44 - [TEST_STEP][PASSED] - iwpPages.emulatorIWP30.setDataEmulator_DD(EmulatorDataKey): iwpPages.emulatorIWP30.setDataEmulator_DD is PASSED

05-10-2024T00:25:44 - [MESSAGE][INFO] - Starting 'Edge Chromium' driver

05-10-2024T00:25:44 - [MESSAGE][INFO] - User set preference: ['acceptInsecureCerts', 'true']

05-10-2024T00:25:46 - [MESSAGE][INFO] - Action delay is set to 0 milliseconds

05-10-2024T00:25:50 - [MESSAGE][PASSED] - Browser is opened with url: 'https://qa.velocitypayment.com/agency/config.do?action=editor&message_version=2_5'

05-10-2024T00:25:50 - [MESSAGE][PASSED] - Current window maximized

05-10-2024T00:25:51 - [MESSAGE][PASSED] - All options with value '2.5' are selected in object 'Object Repository/IWP30/Page_VRelay30Emulator/MV'  using regular expression

05-10-2024T00:25:51 - [MESSAGE][PASSED] - Text '10.50' is set on object 'Object Repository/IWP30/Page_VRelay30Emulator/Amount'

05-10-2024T00:25:52 - [MESSAGE][PASSED] - Text 'YCQdw8yjXWRM' is set on object 'Object Repository/IWP30/Page_VRelay30Emulator/CAN'

05-10-2024T00:25:53 - [MESSAGE][PASSED] - Text 'PayNow' is set on object 'Object Repository/IWP30/Page_VRelay30Emulator/Action'

05-10-2024T00:25:53 - [MESSAGE][PASSED] - Text 'en_US' is set on object 'Object Repository/IWP30/Page_VRelay30Emulator/Lang'

05-10-2024T00:25:54 - [MESSAGE][PASSED] - Text 'Jasmine' is set on object 'Object Repository/IWP30/Page_VRelay30Emulator/Fname'

05-10-2024T00:25:54 - [MESSAGE][PASSED] - Text 'Patrinol' is set on object 'Object Repository/IWP30/Page_VRelay30Emulator/Lname'

05-10-2024T00:25:55 - [MESSAGE][PASSED] - Text '258 Underwood rd' is set on object 'Object Repository/IWP30/Page_VRelay30Emulator/AL1'

05-10-2024T00:25:56 - [MESSAGE][PASSED] - Text 'Suite 600' is set on object 'Object Repository/IWP30/Page_VRelay30Emulator/AL2'

05-10-2024T00:25:56 - [MESSAGE][PASSED] - Text '840' is set on object 'Object Repository/IWP30/Page_VRelay30Emulator/Country'

05-10-2024T00:25:57 - [MESSAGE][PASSED] - Text 'Arlington' is set on object 'Object Repository/IWP30/Page_VRelay30Emulator/City'

05-10-2024T00:25:57 - [MESSAGE][PASSED] - Text 'VA' is set on object 'Object Repository/IWP30/Page_VRelay30Emulator/State'

05-10-2024T00:25:58 - [MESSAGE][PASSED] - Text '22201' is set on object 'Object Repository/IWP30/Page_VRelay30Emulator/ZIP'

05-10-2024T00:25:59 - [MESSAGE][PASSED] - Text '' is set on object 'Object Repository/IWP30/Page_VRelay30Emulator/Order'

05-10-2024T00:25:59 - [MESSAGE][PASSED] - Text 'Some Company' is set on object 'Object Repository/IWP30/Page_VRelay30Emulator/Company'

05-10-2024T00:26:00 - [MESSAGE][PASSED] - Text 'iahmed@govolution.com' is set on object 'Object Repository/IWP30/Page_VRelay30Emulator/Email'

05-10-2024T00:26:00 - [MESSAGE][PASSED] - Text 'udf data 1' is set on object 'Object Repository/IWP30/Page_VRelay30Emulator/UDF1'

05-10-2024T00:26:01 - [MESSAGE][PASSED] - Text 'udf data 2' is set on object 'Object Repository/IWP30/Page_VRelay30Emulator/UDF2'

05-10-2024T00:26:02 - [MESSAGE][PASSED] - Text 'udf data 3' is set on object 'Object Repository/IWP30/Page_VRelay30Emulator/UDF3'

05-10-2024T00:26:02 - [MESSAGE][PASSED] - Text 'udf data 4' is set on object 'Object Repository/IWP30/Page_VRelay30Emulator/UDF4'

05-10-2024T00:26:03 - [MESSAGE][PASSED] - Text 'udf data 5' is set on object 'Object Repository/IWP30/Page_VRelay30Emulator/UDF5'

05-10-2024T00:26:03 - [MESSAGE][PASSED] - Text 'udf data 6' is set on object 'Object Repository/IWP30/Page_VRelay30Emulator/UDF6'

05-10-2024T00:26:04 - [MESSAGE][PASSED] - Text 'Orange' is set on object 'Object Repository/IWP30/Page_VRelay30Emulator/UDF7'

05-10-2024T00:26:05 - [MESSAGE][PASSED] - Text 'Soccer' is set on object 'Object Repository/IWP30/Page_VRelay30Emulator/UDF8'

05-10-2024T00:26:05 - [MESSAGE][PASSED] - Text 'udf data 9' is set on object 'Object Repository/IWP30/Page_VRelay30Emulator/UDF9'

05-10-2024T00:26:06 - [MESSAGE][PASSED] - Text 'udf data 10' is set on object 'Object Repository/IWP30/Page_VRelay30Emulator/UDF10'

05-10-2024T00:26:07 - [MESSAGE][PASSED] - Object: 'Object Repository/IWP30/Page_VRelay30Emulator/Submit' is clicked on

05-10-2024T00:26:11 - [MESSAGE][PASSED] - Browser is closed

05-10-2024T00:26:15 - [MESSAGE][PASSED] - iwpPages.emulatorIWP30.setDataEmulator_DD is PASSED

05-10-2024T00:26:15 - [TEST_STEP][PASSED] - testHarnessURL = urlTestHarness: null

05-10-2024T00:26:15 - [TEST_STEP][PASSED] - openBrowser(testHarnessURL): Browser is opened with url: 'https://dev-algorithm.govolution.com/vrelaytest/QA/version_2_2/vrelaytest.html'

05-10-2024T00:26:15 - [MESSAGE][INFO] - Starting 'Edge Chromium' driver

05-10-2024T00:26:15 - [MESSAGE][INFO] - User set preference: ['acceptInsecureCerts', 'true']

05-10-2024T00:26:17 - [MESSAGE][INFO] - Action delay is set to 0 milliseconds

05-10-2024T00:26:21 - [MESSAGE][PASSED] - Browser is opened with url: 'https://dev-algorithm.govolution.com/vrelaytest/QA/version_2_2/vrelaytest.html'

05-10-2024T00:26:21 - [TEST_STEP][PASSED] - maximizeWindow(): Current window maximized

05-10-2024T00:26:21 - [MESSAGE][PASSED] - Current window maximized

05-10-2024T00:26:21 - [TEST_STEP][PASSED] - iwpPages.TestHarnessPage.setDataMethod(row, dataFile): iwpPages.TestHarnessPage.setDataMethod is PASSED

05-10-2024T00:26:22 - [MESSAGE][PASSED] - Object 'Object Repository/IWP30/Page_QATestHarness/RemittanceID' is present

05-10-2024T00:26:22 - [MESSAGE][PASSED] - Text '654' is set on object 'Object Repository/IWP30/Page_QATestHarness/ApplicationID'

05-10-2024T00:26:23 - [MESSAGE][PASSED] - Text '2.5' is set on object 'Object Repository/IWP30/Page_QATestHarness/MessageVersion'

05-10-2024T00:26:23 - [MESSAGE][PASSED] - Text 'ucmZlQ50uv8H' is set on object 'Object Repository/IWP30/Page_QATestHarness/RemittanceID'

05-10-2024T00:26:27 - [MESSAGE][PASSED] - Object: 'Object Repository/IWP30/Page_QATestHarness/SubmitButton' is clicked on

05-10-2024T00:26:27 - [MESSAGE][PASSED] - iwpPages.TestHarnessPage.setDataMethod is PASSED

05-10-2024T00:26:27 - [TEST_STEP][PASSED] - click(findTestObject("Object Repository/IWP30/Page_SelectPaymentMethod/PayByCreditCard")): Object: 'Object Repository/IWP30/Page_SelectPaymentMethod/PayByCreditCard' is clicked on

05-10-2024T00:26:28 - [MESSAGE][PASSED] - Object: 'Object Repository/IWP30/Page_SelectPaymentMethod/PayByCreditCard' is clicked on

05-10-2024T00:26:28 - [TEST_STEP][PASSED] - click(findTestObject("Object Repository/IWP30/Page_SelectPaymentMethod/MakePaymentButton")): Object: 'Object Repository/IWP30/Page_SelectPaymentMethod/MakePaymentButton' is clicked on

05-10-2024T00:26:30 - [MESSAGE][PASSED] - Object: 'Object Repository/IWP30/Page_SelectPaymentMethod/MakePaymentButton' is clicked on

05-10-2024T00:26:30 - [TEST_STEP][PASSED] - if (verifyElementNotPresent(findTestObject("Object Repository/IWP30/Page_CCPaymentEntry/Amount"), 30) && verifyTextPresent("$10.50", false)): null

05-10-2024T00:26:30 - [MESSAGE][PASSED] - Web element with id: 'Object Repository/IWP30/Page_CCPaymentEntry/Amount' located by 'By.xpath: //*[@type = 'text' and @name = 'amount' and @alt = 'Amount']' is not present after '30' second(s)

05-10-2024T00:26:30 - [MESSAGE][PASSED] - Text '$10.50' is present on page 

05-10-2024T00:26:30 - [TEST_STEP][PASSED] - iwpPages.ccPaymentEntryPage.setDataCCPM(row, dataFile): iwpPages.ccPaymentEntryPage.setDataCCPM is PASSED

05-10-2024T00:26:31 - [MESSAGE][PASSED] - Object 'Object Repository/IWP30/Page_CCPaymentEntry/Name' is present

05-10-2024T00:26:31 - [MESSAGE][PASSED] - Object 'Object Repository/IWP30/Page_CCPaymentEntry/Name' is present

05-10-2024T00:26:32 - [MESSAGE][PASSED] - Object 'Object Repository/IWP30/Page_CCPaymentEntry/CardNumber' is present

05-10-2024T00:26:32 - [MESSAGE][PASSED] - Text '5146312200000035' is set on object 'Object Repository/IWP30/Page_CCPaymentEntry/CardNumber'

05-10-2024T00:26:33 - [MESSAGE][PASSED] - Object 'Object Repository/IWP30/Page_CCPaymentEntry/Month' is present

05-10-2024T00:26:33 - [MESSAGE][PASSED] - All options with label '09' are selected in object 'Object Repository/IWP30/Page_CCPaymentEntry/Month' 

05-10-2024T00:26:34 - [MESSAGE][PASSED] - Object 'Object Repository/IWP30/Page_CCPaymentEntry/Year' is present

05-10-2024T00:26:34 - [MESSAGE][PASSED] - All options with label '2028' are selected in object 'Object Repository/IWP30/Page_CCPaymentEntry/Year' 

05-10-2024T00:26:34 - [MESSAGE][PASSED] - Object 'Object Repository/IWP30/Page_CCPaymentEntry/EmailAddress' is present

05-10-2024T00:26:35 - [MESSAGE][PASSED] - Object 'Object Repository/IWP30/Page_CCPaymentEntry/TermCondCheckBox' is present

05-10-2024T00:26:35 - [MESSAGE][PASSED] - Object 'Object Repository/IWP30/Page_CCPaymentEntry/TermCondCheckBox' is checked

05-10-2024T00:26:35 - [MESSAGE][PASSED] - Object 'Object Repository/IWP30/Page_CCPaymentEntry/ContinueButton' is present

05-10-2024T00:26:36 - [MESSAGE][PASSED] - Object: 'Object Repository/IWP30/Page_CCPaymentEntry/ContinueButton' is clicked on

05-10-2024T00:26:36 - [MESSAGE][PASSED] - iwpPages.ccPaymentEntryPage.setDataCCPM is PASSED

05-10-2024T00:26:36 - [TEST_STEP][PASSED] - click(findTestObject("Object Repository/IWP30/Page_Confirmation/ConfirmButton")): Object: 'Object Repository/IWP30/Page_Confirmation/ConfirmButton' is clicked on

05-10-2024T00:26:38 - [MESSAGE][PASSED] - Object: 'Object Repository/IWP30/Page_Confirmation/ConfirmButton' is clicked on

05-10-2024T00:26:38 - [TEST_STEP][PASSED] - Thread.sleep(10000): null

05-10-2024T00:26:48 - [TEST_STEP][PASSED] - if (verifyTextPresent("Successful Payment Receipt", false)): null

05-10-2024T00:26:48 - [MESSAGE][PASSED] - Text 'Successful Payment Receipt' is present on page 

05-10-2024T00:26:48 - [TEST_STEP][PASSED] - println("Successful Payment Receipt text is present on the Receipt page"): null

05-10-2024T00:26:48 - [TEST_STEP][PASSED] - markPassed("Successful Payment Receipt text is present on the Receipt page"): Successful Payment Receipt text is present on the Receipt page

05-10-2024T00:26:48 - [MESSAGE][PASSED] - Successful Payment Receipt text is present on the Receipt page

05-10-2024T00:26:48 - [TEST_STEP][PASSED] - resText = "Pass": null

05-10-2024T00:26:48 - [TEST_STEP][PASSED] - pages.WriteExcel.demoKey(resText, datText, resColumn, datCloumn, fileLoc, nameSheet, row): pages.WriteExcel.demoKey is PASSED

05-10-2024T00:26:48 - [MESSAGE][PASSED] - pages.WriteExcel.demoKey is PASSED

05-10-2024T00:26:48 - [TEST_STEP][PASSED] - closeBrowser(): Browser is closed

05-10-2024T00:26:49 - [MESSAGE][PASSED] - Browser is closed]]></system-out>
         <system-err><![CDATA[]]></system-err>
      </testcase>
      <testcase name="Test Cases/IntegratedWeb/IWP25/Payments/NoModifyAmountCorp" time="65.643" classname="Test Cases/IntegratedWeb/IWP25/Payments/NoModifyAmountCorp" status="PASSED">
         <system-out><![CDATA[05-10-2024T00:26:49 - [TEST_CASE][PASSED] - Test Cases/IntegratedWeb/IWP25/Payments/NoModifyAmountCorp: Test Cases/IntegratedWeb/IWP25/Payments/NoModifyAmountCorp

05-10-2024T00:26:49 - [TEST_STEP][PASSED] - resText = "Fail": null

05-10-2024T00:26:49 - [TEST_STEP][PASSED] - resColumn = "Result": null

05-10-2024T00:26:49 - [TEST_STEP][PASSED] - datCloumn = "Date": null

05-10-2024T00:26:49 - [TEST_STEP][PASSED] - fileLoc = "KatalonData/IWPTestData/VRelay25Payments.xlsx": null

05-10-2024T00:26:49 - [TEST_STEP][PASSED] - numOfRows = <not implemented yet for class: org.codehaus.groovy.ast.expr.EmptyExpression>: null

05-10-2024T00:26:49 - [TEST_STEP][PASSED] - dataFile = <not implemented yet for class: org.codehaus.groovy.ast.expr.EmptyExpression>: null

05-10-2024T00:26:49 - [TEST_STEP][PASSED] - nameSheet = <not implemented yet for class: org.codehaus.groovy.ast.expr.EmptyExpression>: null

05-10-2024T00:26:49 - [TEST_STEP][PASSED] - dataFileEmulator = <not implemented yet for class: org.codehaus.groovy.ast.expr.EmptyExpression>: null

05-10-2024T00:26:49 - [TEST_STEP][PASSED] - nameSheet = "NoModifyAmountCorp": null

05-10-2024T00:26:49 - [TEST_STEP][PASSED] - dataFile = "IWPTestData/IWP25NoModifyAmountCorp": null

05-10-2024T00:26:49 - [TEST_STEP][PASSED] - dataFileEmulator = "IWPTestData/EmulatorData": null

05-10-2024T00:26:49 - [TEST_STEP][PASSED] - numOfRows = findTestData(dataFile).getRowNumbers(): null

05-10-2024T00:26:49 - [TEST_STEP][PASSED] - println("Number of Records: " + numOfRows): null

05-10-2024T00:26:49 - [TEST_STEP][PASSED] - for ([row = 1, row <= numOfRows, (row++)]): Browser is closed

05-10-2024T00:26:49 - [TEST_STEP][PASSED] - ExecuteTC = findTestData(dataFile).getValue("Execute", row): null

05-10-2024T00:26:49 - [TEST_STEP][PASSED] - out.println("Value of Execute is : " + ExecuteTC): null

05-10-2024T00:26:49 - [TEST_STEP][PASSED] - if (ExecuteTC.equalsIgnoreCase("Y")): null

05-10-2024T00:26:49 - [TEST_STEP][PASSED] - out.println("Begin Record Number: " + row): null

05-10-2024T00:26:49 - [TEST_STEP][PASSED] - today = new java.util.Date(): null

05-10-2024T00:26:49 - [TEST_STEP][PASSED] - println(today): null

05-10-2024T00:26:49 - [TEST_STEP][PASSED] - datText = today: null

05-10-2024T00:26:49 - [TEST_STEP][PASSED] - EmulatorDataKey = findTestData(dataFile).getValue("EmulatorData", row): null

05-10-2024T00:26:49 - [TEST_STEP][PASSED] - out.println("Value of Emulator Key is : " + EmulatorDataKey): null

05-10-2024T00:26:49 - [TEST_STEP][PASSED] - iwpPages.emulatorIWP30.setDataEmulator_DD(EmulatorDataKey): iwpPages.emulatorIWP30.setDataEmulator_DD is PASSED

05-10-2024T00:26:49 - [MESSAGE][INFO] - Starting 'Edge Chromium' driver

05-10-2024T00:26:49 - [MESSAGE][INFO] - User set preference: ['acceptInsecureCerts', 'true']

05-10-2024T00:26:51 - [MESSAGE][INFO] - Action delay is set to 0 milliseconds

05-10-2024T00:26:55 - [MESSAGE][PASSED] - Browser is opened with url: 'https://qa.velocitypayment.com/agency/config.do?action=editor&message_version=2_5'

05-10-2024T00:26:55 - [MESSAGE][PASSED] - Current window maximized

05-10-2024T00:26:56 - [MESSAGE][PASSED] - All options with value '2.5' are selected in object 'Object Repository/IWP30/Page_VRelay30Emulator/MV'  using regular expression

05-10-2024T00:26:56 - [MESSAGE][PASSED] - Text '10.50' is set on object 'Object Repository/IWP30/Page_VRelay30Emulator/Amount'

05-10-2024T00:26:57 - [MESSAGE][PASSED] - Text '6cwOxEOPdYxH' is set on object 'Object Repository/IWP30/Page_VRelay30Emulator/CAN'

05-10-2024T00:26:58 - [MESSAGE][PASSED] - Text 'PayNow' is set on object 'Object Repository/IWP30/Page_VRelay30Emulator/Action'

05-10-2024T00:26:58 - [MESSAGE][PASSED] - Text 'en_US' is set on object 'Object Repository/IWP30/Page_VRelay30Emulator/Lang'

05-10-2024T00:26:59 - [MESSAGE][PASSED] - Text 'Jasmine' is set on object 'Object Repository/IWP30/Page_VRelay30Emulator/Fname'

05-10-2024T00:27:00 - [MESSAGE][PASSED] - Text 'Patrinol' is set on object 'Object Repository/IWP30/Page_VRelay30Emulator/Lname'

05-10-2024T00:27:00 - [MESSAGE][PASSED] - Text '258 Underwood rd' is set on object 'Object Repository/IWP30/Page_VRelay30Emulator/AL1'

05-10-2024T00:27:01 - [MESSAGE][PASSED] - Text 'Suite 600' is set on object 'Object Repository/IWP30/Page_VRelay30Emulator/AL2'

05-10-2024T00:27:01 - [MESSAGE][PASSED] - Text '840' is set on object 'Object Repository/IWP30/Page_VRelay30Emulator/Country'

05-10-2024T00:27:02 - [MESSAGE][PASSED] - Text 'Arlington' is set on object 'Object Repository/IWP30/Page_VRelay30Emulator/City'

05-10-2024T00:27:03 - [MESSAGE][PASSED] - Text 'VA' is set on object 'Object Repository/IWP30/Page_VRelay30Emulator/State'

05-10-2024T00:27:03 - [MESSAGE][PASSED] - Text '22201' is set on object 'Object Repository/IWP30/Page_VRelay30Emulator/ZIP'

05-10-2024T00:27:04 - [MESSAGE][PASSED] - Text '' is set on object 'Object Repository/IWP30/Page_VRelay30Emulator/Order'

05-10-2024T00:27:04 - [MESSAGE][PASSED] - Text 'Some Company' is set on object 'Object Repository/IWP30/Page_VRelay30Emulator/Company'

05-10-2024T00:27:05 - [MESSAGE][PASSED] - Text 'iahmed@govolution.com' is set on object 'Object Repository/IWP30/Page_VRelay30Emulator/Email'

05-10-2024T00:27:06 - [MESSAGE][PASSED] - Text 'udf data 1' is set on object 'Object Repository/IWP30/Page_VRelay30Emulator/UDF1'

05-10-2024T00:27:06 - [MESSAGE][PASSED] - Text 'udf data 2' is set on object 'Object Repository/IWP30/Page_VRelay30Emulator/UDF2'

05-10-2024T00:27:07 - [MESSAGE][PASSED] - Text 'udf data 3' is set on object 'Object Repository/IWP30/Page_VRelay30Emulator/UDF3'

05-10-2024T00:27:08 - [MESSAGE][PASSED] - Text 'udf data 4' is set on object 'Object Repository/IWP30/Page_VRelay30Emulator/UDF4'

05-10-2024T00:27:08 - [MESSAGE][PASSED] - Text 'udf data 5' is set on object 'Object Repository/IWP30/Page_VRelay30Emulator/UDF5'

05-10-2024T00:27:09 - [MESSAGE][PASSED] - Text 'udf data 6' is set on object 'Object Repository/IWP30/Page_VRelay30Emulator/UDF6'

05-10-2024T00:27:09 - [MESSAGE][PASSED] - Text 'Orange' is set on object 'Object Repository/IWP30/Page_VRelay30Emulator/UDF7'

05-10-2024T00:27:10 - [MESSAGE][PASSED] - Text 'Soccer' is set on object 'Object Repository/IWP30/Page_VRelay30Emulator/UDF8'

05-10-2024T00:27:11 - [MESSAGE][PASSED] - Text 'udf data 9' is set on object 'Object Repository/IWP30/Page_VRelay30Emulator/UDF9'

05-10-2024T00:27:11 - [MESSAGE][PASSED] - Text 'udf data 10' is set on object 'Object Repository/IWP30/Page_VRelay30Emulator/UDF10'

05-10-2024T00:27:12 - [MESSAGE][PASSED] - Object: 'Object Repository/IWP30/Page_VRelay30Emulator/Submit' is clicked on

05-10-2024T00:27:17 - [MESSAGE][PASSED] - Browser is closed

05-10-2024T00:27:21 - [MESSAGE][PASSED] - iwpPages.emulatorIWP30.setDataEmulator_DD is PASSED

05-10-2024T00:27:21 - [TEST_STEP][PASSED] - testHarnessURL = urlTestHarness: null

05-10-2024T00:27:21 - [TEST_STEP][PASSED] - openBrowser(testHarnessURL): Browser is opened with url: 'https://dev-algorithm.govolution.com/vrelaytest/QA/version_2_2/vrelaytest.html'

05-10-2024T00:27:21 - [MESSAGE][INFO] - Starting 'Edge Chromium' driver

05-10-2024T00:27:21 - [MESSAGE][INFO] - User set preference: ['acceptInsecureCerts', 'true']

05-10-2024T00:27:23 - [MESSAGE][INFO] - Action delay is set to 0 milliseconds

05-10-2024T00:27:26 - [MESSAGE][PASSED] - Browser is opened with url: 'https://dev-algorithm.govolution.com/vrelaytest/QA/version_2_2/vrelaytest.html'

05-10-2024T00:27:26 - [TEST_STEP][PASSED] - maximizeWindow(): Current window maximized

05-10-2024T00:27:26 - [MESSAGE][PASSED] - Current window maximized

05-10-2024T00:27:26 - [TEST_STEP][PASSED] - iwpPages.TestHarnessPage.setDataMethod(row, dataFile): iwpPages.TestHarnessPage.setDataMethod is PASSED

05-10-2024T00:27:27 - [MESSAGE][PASSED] - Object 'Object Repository/IWP30/Page_QATestHarness/RemittanceID' is present

05-10-2024T00:27:27 - [MESSAGE][PASSED] - Text '654' is set on object 'Object Repository/IWP30/Page_QATestHarness/ApplicationID'

05-10-2024T00:27:28 - [MESSAGE][PASSED] - Text '2.5' is set on object 'Object Repository/IWP30/Page_QATestHarness/MessageVersion'

05-10-2024T00:27:29 - [MESSAGE][PASSED] - Text 'PqWZbsfQNOUf' is set on object 'Object Repository/IWP30/Page_QATestHarness/RemittanceID'

05-10-2024T00:27:32 - [MESSAGE][PASSED] - Object: 'Object Repository/IWP30/Page_QATestHarness/SubmitButton' is clicked on

05-10-2024T00:27:32 - [MESSAGE][PASSED] - iwpPages.TestHarnessPage.setDataMethod is PASSED

05-10-2024T00:27:32 - [TEST_STEP][PASSED] - click(findTestObject("Object Repository/IWP30/Page_SelectPaymentMethod/PayByCorporateCheck")): Object: 'Object Repository/IWP30/Page_SelectPaymentMethod/PayByCorporateCheck' is clicked on

05-10-2024T00:27:32 - [MESSAGE][PASSED] - Object: 'Object Repository/IWP30/Page_SelectPaymentMethod/PayByCorporateCheck' is clicked on

05-10-2024T00:27:32 - [TEST_STEP][PASSED] - click(findTestObject("Object Repository/IWP30/Page_SelectPaymentMethod/MakePaymentButton")): Object: 'Object Repository/IWP30/Page_SelectPaymentMethod/MakePaymentButton' is clicked on

05-10-2024T00:27:34 - [MESSAGE][PASSED] - Object: 'Object Repository/IWP30/Page_SelectPaymentMethod/MakePaymentButton' is clicked on

05-10-2024T00:27:34 - [TEST_STEP][PASSED] - if (verifyElementNotPresent(findTestObject("Object Repository/IWP30/Page_ACHCorporatePaymentEntry/txt_Amount"), 30) && verifyTextPresent("$ 10.50", false)): null

05-10-2024T00:27:34 - [MESSAGE][PASSED] - Web element with id: 'Object Repository/IWP30/Page_ACHCorporatePaymentEntry/txt_Amount' located by 'By.xpath: //*[@type = 'text' and @name = 'amount' and @alt = 'Amount']' is not present after '30' second(s)

05-10-2024T00:27:35 - [MESSAGE][PASSED] - Text '$ 10.50' is present on page 

05-10-2024T00:27:35 - [TEST_STEP][PASSED] - iwpPages.achCorporatePaymentEntryPage.setDataCorporate(row, dataFile): iwpPages.achCorporatePaymentEntryPage.setDataCorporate is PASSED

05-10-2024T00:27:36 - [MESSAGE][PASSED] - Object 'Object Repository/IWP30/Page_ACHCorporatePaymentEntry/txt_accountNumber' is present

05-10-2024T00:27:36 - [MESSAGE][PASSED] - Object 'Object Repository/IWP30/Page_ACHCorporatePaymentEntry/input_CompanyName' is present

05-10-2024T00:27:36 - [MESSAGE][PASSED] - Object 'Object Repository/IWP30/Page_ACHCorporatePaymentEntry/input_EIN' is present

05-10-2024T00:27:37 - [MESSAGE][PASSED] - Text '123456789' is set on object 'Object Repository/IWP30/Page_ACHCorporatePaymentEntry/input_EIN'

05-10-2024T00:27:37 - [MESSAGE][PASSED] - Object 'Object Repository/IWP30/Page_ACHCorporatePaymentEntry/txt_routingNumber' is present

05-10-2024T00:27:38 - [MESSAGE][PASSED] - Text '256072691' is set on object 'Object Repository/IWP30/Page_ACHCorporatePaymentEntry/txt_routingNumber'

05-10-2024T00:27:38 - [MESSAGE][PASSED] - Object 'Object Repository/IWP30/Page_ACHCorporatePaymentEntry/txt_accountNumber' is present

05-10-2024T00:27:39 - [MESSAGE][PASSED] - Text '12344444' is set on object 'Object Repository/IWP30/Page_ACHCorporatePaymentEntry/txt_accountNumber'

05-10-2024T00:27:39 - [MESSAGE][PASSED] - Object 'Object Repository/IWP30/Page_ACHCorporatePaymentEntry/txt_confirmAccountNumber' is present

05-10-2024T00:27:39 - [MESSAGE][PASSED] - Text '12344444' is set on object 'Object Repository/IWP30/Page_ACHCorporatePaymentEntry/txt_confirmAccountNumber'

05-10-2024T00:27:40 - [MESSAGE][PASSED] - Object 'Object Repository/IWP30/Page_ACHCorporatePaymentEntry/txt_Email' is present

05-10-2024T00:27:40 - [MESSAGE][PASSED] - Object 'Object Repository/IWP30/Page_ACHCorporatePaymentEntry/cb_TermsAndCond' is present

05-10-2024T00:27:40 - [MESSAGE][PASSED] - Object: 'Object Repository/IWP30/Page_ACHCorporatePaymentEntry/cb_TermsAndCond' is clicked on

05-10-2024T00:27:41 - [MESSAGE][PASSED] - Object 'Object Repository/IWP30/Page_ACHCorporatePaymentEntry/btn_Continue' is present

05-10-2024T00:27:42 - [MESSAGE][PASSED] - Object: 'Object Repository/IWP30/Page_ACHCorporatePaymentEntry/btn_Continue' is clicked on

05-10-2024T00:27:42 - [MESSAGE][PASSED] - iwpPages.achCorporatePaymentEntryPage.setDataCorporate is PASSED

05-10-2024T00:27:42 - [TEST_STEP][PASSED] - click(findTestObject("Object Repository/IWP30/Page_Confirmation/ConfirmButton")): Object: 'Object Repository/IWP30/Page_Confirmation/ConfirmButton' is clicked on

05-10-2024T00:27:43 - [MESSAGE][PASSED] - Object: 'Object Repository/IWP30/Page_Confirmation/ConfirmButton' is clicked on

05-10-2024T00:27:43 - [TEST_STEP][PASSED] - Thread.sleep(10000): null

05-10-2024T00:27:53 - [TEST_STEP][PASSED] - if (verifyTextPresent("Successful Payment Receipt", false)): null

05-10-2024T00:27:54 - [MESSAGE][PASSED] - Text 'Successful Payment Receipt' is present on page 

05-10-2024T00:27:54 - [TEST_STEP][PASSED] - println("Successful Payment Receipt text is present on the Receipt page"): null

05-10-2024T00:27:54 - [TEST_STEP][PASSED] - markPassed("Successful Payment Receipt text is present on the Receipt page"): Successful Payment Receipt text is present on the Receipt page

05-10-2024T00:27:54 - [MESSAGE][PASSED] - Successful Payment Receipt text is present on the Receipt page

05-10-2024T00:27:54 - [TEST_STEP][PASSED] - resText = "Pass": null

05-10-2024T00:27:54 - [TEST_STEP][PASSED] - pages.WriteExcel.demoKey(resText, datText, resColumn, datCloumn, fileLoc, nameSheet, row): pages.WriteExcel.demoKey is PASSED

05-10-2024T00:27:54 - [MESSAGE][PASSED] - pages.WriteExcel.demoKey is PASSED

05-10-2024T00:27:54 - [TEST_STEP][PASSED] - closeBrowser(): Browser is closed

05-10-2024T00:27:54 - [MESSAGE][PASSED] - Browser is closed]]></system-out>
         <system-err><![CDATA[]]></system-err>
      </testcase>
      <testcase name="Test Cases/IntegratedWeb/IWP25/Payments/NoModifyAmountPC" time="67.421" classname="Test Cases/IntegratedWeb/IWP25/Payments/NoModifyAmountPC" status="PASSED">
         <system-out><![CDATA[05-10-2024T00:27:54 - [TEST_CASE][PASSED] - Test Cases/IntegratedWeb/IWP25/Payments/NoModifyAmountPC: Test Cases/IntegratedWeb/IWP25/Payments/NoModifyAmountPC

05-10-2024T00:27:54 - [TEST_STEP][PASSED] - resText = "Fail": null

05-10-2024T00:27:54 - [TEST_STEP][PASSED] - resColumn = "Result": null

05-10-2024T00:27:54 - [TEST_STEP][PASSED] - datCloumn = "Date": null

05-10-2024T00:27:54 - [TEST_STEP][PASSED] - fileLoc = "KatalonData/IWPTestData/VRelay25Payments.xlsx": null

05-10-2024T00:27:54 - [TEST_STEP][PASSED] - numOfRows = <not implemented yet for class: org.codehaus.groovy.ast.expr.EmptyExpression>: null

05-10-2024T00:27:54 - [TEST_STEP][PASSED] - dataFile = <not implemented yet for class: org.codehaus.groovy.ast.expr.EmptyExpression>: null

05-10-2024T00:27:54 - [TEST_STEP][PASSED] - nameSheet = <not implemented yet for class: org.codehaus.groovy.ast.expr.EmptyExpression>: null

05-10-2024T00:27:54 - [TEST_STEP][PASSED] - dataFileEmulator = <not implemented yet for class: org.codehaus.groovy.ast.expr.EmptyExpression>: null

05-10-2024T00:27:54 - [TEST_STEP][PASSED] - nameSheet = "NoModifyAmountPC": null

05-10-2024T00:27:54 - [TEST_STEP][PASSED] - dataFile = "IWPTestData/IWP25NoModifyAmountPC": null

05-10-2024T00:27:54 - [TEST_STEP][PASSED] - dataFileEmulator = "IWPTestData/EmulatorData": null

05-10-2024T00:27:54 - [TEST_STEP][PASSED] - numOfRows = findTestData(dataFile).getRowNumbers(): null

05-10-2024T00:27:54 - [TEST_STEP][PASSED] - println("Number of Records: " + numOfRows): null

05-10-2024T00:27:54 - [TEST_STEP][PASSED] - for ([row = 1, row <= numOfRows, (row++)]): Browser is closed

05-10-2024T00:27:54 - [TEST_STEP][PASSED] - ExecuteTC = findTestData(dataFile).getValue("Execute", row): null

05-10-2024T00:27:54 - [TEST_STEP][PASSED] - out.println("Value of Execute is : " + ExecuteTC): null

05-10-2024T00:27:54 - [TEST_STEP][PASSED] - if (ExecuteTC.equalsIgnoreCase("Y")): null

05-10-2024T00:27:54 - [TEST_STEP][PASSED] - out.println("Begin Record Number: " + row): null

05-10-2024T00:27:54 - [TEST_STEP][PASSED] - today = new java.util.Date(): null

05-10-2024T00:27:54 - [TEST_STEP][PASSED] - println(today): null

05-10-2024T00:27:54 - [TEST_STEP][PASSED] - datText = today: null

05-10-2024T00:27:54 - [TEST_STEP][PASSED] - EmulatorDataKey = findTestData(dataFile).getValue("EmulatorData", row): null

05-10-2024T00:27:54 - [TEST_STEP][PASSED] - out.println("Value of Emulator Key is : " + EmulatorDataKey): null

05-10-2024T00:27:54 - [TEST_STEP][PASSED] - iwpPages.emulatorIWP30.setDataEmulator_DD(EmulatorDataKey): iwpPages.emulatorIWP30.setDataEmulator_DD is PASSED

05-10-2024T00:27:55 - [MESSAGE][INFO] - Starting 'Edge Chromium' driver

05-10-2024T00:27:55 - [MESSAGE][INFO] - User set preference: ['acceptInsecureCerts', 'true']

05-10-2024T00:27:57 - [MESSAGE][INFO] - Action delay is set to 0 milliseconds

05-10-2024T00:28:00 - [MESSAGE][PASSED] - Browser is opened with url: 'https://qa.velocitypayment.com/agency/config.do?action=editor&message_version=2_5'

05-10-2024T00:28:00 - [MESSAGE][PASSED] - Current window maximized

05-10-2024T00:28:01 - [MESSAGE][PASSED] - All options with value '2.5' are selected in object 'Object Repository/IWP30/Page_VRelay30Emulator/MV'  using regular expression

05-10-2024T00:28:02 - [MESSAGE][PASSED] - Text '10.50' is set on object 'Object Repository/IWP30/Page_VRelay30Emulator/Amount'

05-10-2024T00:28:02 - [MESSAGE][PASSED] - Text 'oW7u1hvMKf4B' is set on object 'Object Repository/IWP30/Page_VRelay30Emulator/CAN'

05-10-2024T00:28:03 - [MESSAGE][PASSED] - Text 'PayNow' is set on object 'Object Repository/IWP30/Page_VRelay30Emulator/Action'

05-10-2024T00:28:04 - [MESSAGE][PASSED] - Text 'en_US' is set on object 'Object Repository/IWP30/Page_VRelay30Emulator/Lang'

05-10-2024T00:28:04 - [MESSAGE][PASSED] - Text 'Jasmine' is set on object 'Object Repository/IWP30/Page_VRelay30Emulator/Fname'

05-10-2024T00:28:05 - [MESSAGE][PASSED] - Text 'Patrinol' is set on object 'Object Repository/IWP30/Page_VRelay30Emulator/Lname'

05-10-2024T00:28:05 - [MESSAGE][PASSED] - Text '258 Underwood rd' is set on object 'Object Repository/IWP30/Page_VRelay30Emulator/AL1'

05-10-2024T00:28:06 - [MESSAGE][PASSED] - Text 'Suite 600' is set on object 'Object Repository/IWP30/Page_VRelay30Emulator/AL2'

05-10-2024T00:28:07 - [MESSAGE][PASSED] - Text '840' is set on object 'Object Repository/IWP30/Page_VRelay30Emulator/Country'

05-10-2024T00:28:07 - [MESSAGE][PASSED] - Text 'Arlington' is set on object 'Object Repository/IWP30/Page_VRelay30Emulator/City'

05-10-2024T00:28:08 - [MESSAGE][PASSED] - Text 'VA' is set on object 'Object Repository/IWP30/Page_VRelay30Emulator/State'

05-10-2024T00:28:08 - [MESSAGE][PASSED] - Text '22201' is set on object 'Object Repository/IWP30/Page_VRelay30Emulator/ZIP'

05-10-2024T00:28:09 - [MESSAGE][PASSED] - Text '' is set on object 'Object Repository/IWP30/Page_VRelay30Emulator/Order'

05-10-2024T00:28:09 - [MESSAGE][PASSED] - Text 'Some Company' is set on object 'Object Repository/IWP30/Page_VRelay30Emulator/Company'

05-10-2024T00:28:10 - [MESSAGE][PASSED] - Text 'iahmed@govolution.com' is set on object 'Object Repository/IWP30/Page_VRelay30Emulator/Email'

05-10-2024T00:28:11 - [MESSAGE][PASSED] - Text 'udf data 1' is set on object 'Object Repository/IWP30/Page_VRelay30Emulator/UDF1'

05-10-2024T00:28:11 - [MESSAGE][PASSED] - Text 'udf data 2' is set on object 'Object Repository/IWP30/Page_VRelay30Emulator/UDF2'

05-10-2024T00:28:12 - [MESSAGE][PASSED] - Text 'udf data 3' is set on object 'Object Repository/IWP30/Page_VRelay30Emulator/UDF3'

05-10-2024T00:28:12 - [MESSAGE][PASSED] - Text 'udf data 4' is set on object 'Object Repository/IWP30/Page_VRelay30Emulator/UDF4'

05-10-2024T00:28:13 - [MESSAGE][PASSED] - Text 'udf data 5' is set on object 'Object Repository/IWP30/Page_VRelay30Emulator/UDF5'

05-10-2024T00:28:14 - [MESSAGE][PASSED] - Text 'udf data 6' is set on object 'Object Repository/IWP30/Page_VRelay30Emulator/UDF6'

05-10-2024T00:28:14 - [MESSAGE][PASSED] - Text 'Orange' is set on object 'Object Repository/IWP30/Page_VRelay30Emulator/UDF7'

05-10-2024T00:28:15 - [MESSAGE][PASSED] - Text 'Soccer' is set on object 'Object Repository/IWP30/Page_VRelay30Emulator/UDF8'

05-10-2024T00:28:15 - [MESSAGE][PASSED] - Text 'udf data 9' is set on object 'Object Repository/IWP30/Page_VRelay30Emulator/UDF9'

05-10-2024T00:28:16 - [MESSAGE][PASSED] - Text 'udf data 10' is set on object 'Object Repository/IWP30/Page_VRelay30Emulator/UDF10'

05-10-2024T00:28:17 - [MESSAGE][PASSED] - Object: 'Object Repository/IWP30/Page_VRelay30Emulator/Submit' is clicked on

05-10-2024T00:28:21 - [MESSAGE][PASSED] - Browser is closed

05-10-2024T00:28:26 - [MESSAGE][PASSED] - iwpPages.emulatorIWP30.setDataEmulator_DD is PASSED

05-10-2024T00:28:26 - [TEST_STEP][PASSED] - testHarnessURL = urlTestHarness: null

05-10-2024T00:28:26 - [TEST_STEP][PASSED] - openBrowser(testHarnessURL): Browser is opened with url: 'https://dev-algorithm.govolution.com/vrelaytest/QA/version_2_2/vrelaytest.html'

05-10-2024T00:28:26 - [MESSAGE][INFO] - Starting 'Edge Chromium' driver

05-10-2024T00:28:26 - [MESSAGE][INFO] - User set preference: ['acceptInsecureCerts', 'true']

05-10-2024T00:28:28 - [MESSAGE][INFO] - Action delay is set to 0 milliseconds

05-10-2024T00:28:31 - [MESSAGE][PASSED] - Browser is opened with url: 'https://dev-algorithm.govolution.com/vrelaytest/QA/version_2_2/vrelaytest.html'

05-10-2024T00:28:31 - [TEST_STEP][PASSED] - maximizeWindow(): Current window maximized

05-10-2024T00:28:31 - [MESSAGE][PASSED] - Current window maximized

05-10-2024T00:28:31 - [TEST_STEP][PASSED] - iwpPages.TestHarnessPage.setDataMethod(row, dataFile): iwpPages.TestHarnessPage.setDataMethod is PASSED

05-10-2024T00:28:31 - [MESSAGE][PASSED] - Object 'Object Repository/IWP30/Page_QATestHarness/RemittanceID' is present

05-10-2024T00:28:32 - [MESSAGE][PASSED] - Text '654' is set on object 'Object Repository/IWP30/Page_QATestHarness/ApplicationID'

05-10-2024T00:28:33 - [MESSAGE][PASSED] - Text '2.5' is set on object 'Object Repository/IWP30/Page_QATestHarness/MessageVersion'

05-10-2024T00:28:33 - [MESSAGE][PASSED] - Text '96UK4BPM8ZkP' is set on object 'Object Repository/IWP30/Page_QATestHarness/RemittanceID'

05-10-2024T00:28:36 - [MESSAGE][PASSED] - Object: 'Object Repository/IWP30/Page_QATestHarness/SubmitButton' is clicked on

05-10-2024T00:28:36 - [MESSAGE][PASSED] - iwpPages.TestHarnessPage.setDataMethod is PASSED

05-10-2024T00:28:36 - [TEST_STEP][PASSED] - click(findTestObject("Object Repository/IWP30/Page_SelectPaymentMethod/PayByPersonalCheck")): Object: 'Object Repository/IWP30/Page_SelectPaymentMethod/PayByPersonalCheck' is clicked on

05-10-2024T00:28:37 - [MESSAGE][PASSED] - Object: 'Object Repository/IWP30/Page_SelectPaymentMethod/PayByPersonalCheck' is clicked on

05-10-2024T00:28:37 - [TEST_STEP][PASSED] - click(findTestObject("Object Repository/IWP30/Page_SelectPaymentMethod/MakePaymentButton")): Object: 'Object Repository/IWP30/Page_SelectPaymentMethod/MakePaymentButton' is clicked on

05-10-2024T00:28:38 - [MESSAGE][PASSED] - Object: 'Object Repository/IWP30/Page_SelectPaymentMethod/MakePaymentButton' is clicked on

05-10-2024T00:28:38 - [TEST_STEP][PASSED] - if (verifyElementNotPresent(findTestObject("Object Repository/IWP30/Page_ACHPersonalPaymentEntry/txt_Amount"), 30) && verifyTextPresent("$ 10.50", false)): null

05-10-2024T00:28:39 - [MESSAGE][PASSED] - Web element with id: 'Object Repository/IWP30/Page_ACHPersonalPaymentEntry/txt_Amount' located by 'By.xpath: //*[@type = 'text' and @name = 'amount']' is not present after '30' second(s)

05-10-2024T00:28:39 - [MESSAGE][PASSED] - Text '$ 10.50' is present on page 

05-10-2024T00:28:39 - [TEST_STEP][PASSED] - iwpPages.achPersonalPaymentEntryPage.setDataACHPPM(row, dataFile): iwpPages.achPersonalPaymentEntryPage.setDataACHPPM is PASSED

05-10-2024T00:28:40 - [MESSAGE][PASSED] - Object 'Object Repository/IWP30/Page_ACHPersonalPaymentEntry/txt_accountNumber' is present

05-10-2024T00:28:40 - [MESSAGE][PASSED] - Object 'Object Repository/IWP30/Page_ACHPersonalPaymentEntry/txt_UDF2' is present

05-10-2024T00:28:40 - [MESSAGE][PASSED] - Object 'Object Repository/IWP30/Page_ACHPersonalPaymentEntry/txt_Firstname' is present

05-10-2024T00:28:41 - [MESSAGE][PASSED] - Text 'Elizath' is set on object 'Object Repository/IWP30/Page_ACHPersonalPaymentEntry/txt_Firstname'

05-10-2024T00:28:41 - [MESSAGE][PASSED] - Object 'Object Repository/IWP30/Page_ACHPersonalPaymentEntry/txt_Lastname' is present

05-10-2024T00:28:42 - [MESSAGE][PASSED] - Text 'Christine' is set on object 'Object Repository/IWP30/Page_ACHPersonalPaymentEntry/txt_Lastname'

05-10-2024T00:28:42 - [MESSAGE][PASSED] - Object 'Object Repository/IWP30/Page_ACHPersonalPaymentEntry/txt_routingNumber' is present

05-10-2024T00:28:43 - [MESSAGE][PASSED] - Text '256072691' is set on object 'Object Repository/IWP30/Page_ACHPersonalPaymentEntry/txt_routingNumber'

05-10-2024T00:28:43 - [MESSAGE][PASSED] - Object 'Object Repository/IWP30/Page_ACHPersonalPaymentEntry/txt_accountNumber' is present

05-10-2024T00:28:44 - [MESSAGE][PASSED] - Text '12344444' is set on object 'Object Repository/IWP30/Page_ACHPersonalPaymentEntry/txt_accountNumber'

05-10-2024T00:28:45 - [MESSAGE][PASSED] - Object 'Object Repository/IWP30/Page_ACHPersonalPaymentEntry/txt_confirmAccountNumber' is present

05-10-2024T00:28:45 - [MESSAGE][PASSED] - Text '12344444' is set on object 'Object Repository/IWP30/Page_ACHPersonalPaymentEntry/txt_confirmAccountNumber'

05-10-2024T00:28:46 - [MESSAGE][PASSED] - Object 'Object Repository/IWP30/Page_ACHPersonalPaymentEntry/rd_accountType' is present

05-10-2024T00:28:46 - [MESSAGE][PASSED] - Modify property of object successfully

05-10-2024T00:28:46 - [MESSAGE][PASSED] - Object: 'Object Repository/IWP30/Page_ACHPersonalPaymentEntry/rd_accountType' is clicked on

05-10-2024T00:28:46 - [MESSAGE][PASSED] - Object 'Object Repository/IWP30/Page_ACHPersonalPaymentEntry/txt_Email' is present

05-10-2024T00:28:46 - [MESSAGE][PASSED] - Object 'Object Repository/IWP30/Page_ACHPersonalPaymentEntry/cb_TermsAndCond' is present

05-10-2024T00:28:47 - [MESSAGE][PASSED] - Object: 'Object Repository/IWP30/Page_ACHPersonalPaymentEntry/cb_TermsAndCond' is clicked on

05-10-2024T00:28:47 - [MESSAGE][PASSED] - Object 'Object Repository/IWP30/Page_ACHPersonalPaymentEntry/btn_Continue' is present

05-10-2024T00:28:50 - [MESSAGE][PASSED] - Object: 'Object Repository/IWP30/Page_ACHPersonalPaymentEntry/btn_Continue' is clicked on

05-10-2024T00:28:50 - [MESSAGE][PASSED] - iwpPages.achPersonalPaymentEntryPage.setDataACHPPM is PASSED

05-10-2024T00:28:50 - [TEST_STEP][PASSED] - click(findTestObject("Object Repository/IWP30/Page_Confirmation/ConfirmButton")): Object: 'Object Repository/IWP30/Page_Confirmation/ConfirmButton' is clicked on

05-10-2024T00:28:51 - [MESSAGE][PASSED] - Object: 'Object Repository/IWP30/Page_Confirmation/ConfirmButton' is clicked on

05-10-2024T00:28:51 - [TEST_STEP][PASSED] - Thread.sleep(10000): null

05-10-2024T00:29:01 - [TEST_STEP][PASSED] - if (verifyTextPresent("Successful Payment Receipt", false)): null

05-10-2024T00:29:01 - [MESSAGE][PASSED] - Text 'Successful Payment Receipt' is present on page 

05-10-2024T00:29:01 - [TEST_STEP][PASSED] - println("Successful Payment Receipt text is present on the Receipt page"): null

05-10-2024T00:29:01 - [TEST_STEP][PASSED] - markPassed("Successful Payment Receipt text is present on the Receipt page"): Successful Payment Receipt text is present on the Receipt page

05-10-2024T00:29:01 - [MESSAGE][PASSED] - Successful Payment Receipt text is present on the Receipt page

05-10-2024T00:29:01 - [TEST_STEP][PASSED] - resText = "Pass": null

05-10-2024T00:29:01 - [TEST_STEP][PASSED] - pages.WriteExcel.demoKey(resText, datText, resColumn, datCloumn, fileLoc, nameSheet, row): pages.WriteExcel.demoKey is PASSED

05-10-2024T00:29:01 - [MESSAGE][PASSED] - pages.WriteExcel.demoKey is PASSED

05-10-2024T00:29:01 - [TEST_STEP][PASSED] - closeBrowser(): Browser is closed

05-10-2024T00:29:02 - [MESSAGE][PASSED] - Browser is closed]]></system-out>
         <system-err><![CDATA[]]></system-err>
      </testcase>
      <testcase name="Test Cases/IntegratedWeb/IWP25/Payments/NoModifyAmountPS" time="66.975" classname="Test Cases/IntegratedWeb/IWP25/Payments/NoModifyAmountPS" status="PASSED">
         <system-out><![CDATA[05-10-2024T00:29:02 - [TEST_CASE][PASSED] - Test Cases/IntegratedWeb/IWP25/Payments/NoModifyAmountPS: Test Cases/IntegratedWeb/IWP25/Payments/NoModifyAmountPS

05-10-2024T00:29:02 - [TEST_STEP][PASSED] - resText = "Fail": null

05-10-2024T00:29:02 - [TEST_STEP][PASSED] - resColumn = "Result": null

05-10-2024T00:29:02 - [TEST_STEP][PASSED] - datCloumn = "Date": null

05-10-2024T00:29:02 - [TEST_STEP][PASSED] - fileLoc = "KatalonData/IWPTestData/VRelay25Payments.xlsx": null

05-10-2024T00:29:02 - [TEST_STEP][PASSED] - numOfRows = <not implemented yet for class: org.codehaus.groovy.ast.expr.EmptyExpression>: null

05-10-2024T00:29:02 - [TEST_STEP][PASSED] - dataFile = <not implemented yet for class: org.codehaus.groovy.ast.expr.EmptyExpression>: null

05-10-2024T00:29:02 - [TEST_STEP][PASSED] - nameSheet = <not implemented yet for class: org.codehaus.groovy.ast.expr.EmptyExpression>: null

05-10-2024T00:29:02 - [TEST_STEP][PASSED] - dataFileEmulator = <not implemented yet for class: org.codehaus.groovy.ast.expr.EmptyExpression>: null

05-10-2024T00:29:02 - [TEST_STEP][PASSED] - nameSheet = "NoModifyAmountPS": null

05-10-2024T00:29:02 - [TEST_STEP][PASSED] - dataFile = "IWPTestData/IWP25NoModifyAmountPS": null

05-10-2024T00:29:02 - [TEST_STEP][PASSED] - dataFileEmulator = "IWPTestData/EmulatorData": null

05-10-2024T00:29:02 - [TEST_STEP][PASSED] - numOfRows = findTestData(dataFile).getRowNumbers(): null

05-10-2024T00:29:02 - [TEST_STEP][PASSED] - println("Number of Records: " + numOfRows): null

05-10-2024T00:29:02 - [TEST_STEP][PASSED] - for ([row = 1, row <= numOfRows, (row++)]): Browser is closed

05-10-2024T00:29:02 - [TEST_STEP][PASSED] - ExecuteTC = findTestData(dataFile).getValue("Execute", row): null

05-10-2024T00:29:02 - [TEST_STEP][PASSED] - out.println("Value of Execute is : " + ExecuteTC): null

05-10-2024T00:29:02 - [TEST_STEP][PASSED] - if (ExecuteTC.equalsIgnoreCase("Y")): null

05-10-2024T00:29:02 - [TEST_STEP][PASSED] - out.println("Begin Record Number: " + row): null

05-10-2024T00:29:02 - [TEST_STEP][PASSED] - today = new java.util.Date(): null

05-10-2024T00:29:02 - [TEST_STEP][PASSED] - println(today): null

05-10-2024T00:29:02 - [TEST_STEP][PASSED] - datText = today: null

05-10-2024T00:29:02 - [TEST_STEP][PASSED] - EmulatorDataKey = findTestData(dataFile).getValue("EmulatorData", row): null

05-10-2024T00:29:02 - [TEST_STEP][PASSED] - out.println("Value of Emulator Key is : " + EmulatorDataKey): null

05-10-2024T00:29:02 - [TEST_STEP][PASSED] - iwpPages.emulatorIWP30.setDataEmulator_DD(EmulatorDataKey): iwpPages.emulatorIWP30.setDataEmulator_DD is PASSED

05-10-2024T00:29:02 - [MESSAGE][INFO] - Starting 'Edge Chromium' driver

05-10-2024T00:29:02 - [MESSAGE][INFO] - User set preference: ['acceptInsecureCerts', 'true']

05-10-2024T00:29:04 - [MESSAGE][INFO] - Action delay is set to 0 milliseconds

05-10-2024T00:29:08 - [MESSAGE][PASSED] - Browser is opened with url: 'https://qa.velocitypayment.com/agency/config.do?action=editor&message_version=2_5'

05-10-2024T00:29:08 - [MESSAGE][PASSED] - Current window maximized

05-10-2024T00:29:09 - [MESSAGE][PASSED] - All options with value '2.5' are selected in object 'Object Repository/IWP30/Page_VRelay30Emulator/MV'  using regular expression

05-10-2024T00:29:09 - [MESSAGE][PASSED] - Text '10.50' is set on object 'Object Repository/IWP30/Page_VRelay30Emulator/Amount'

05-10-2024T00:29:10 - [MESSAGE][PASSED] - Text 'sRaGeyFSrXnx' is set on object 'Object Repository/IWP30/Page_VRelay30Emulator/CAN'

05-10-2024T00:29:11 - [MESSAGE][PASSED] - Text 'PayNow' is set on object 'Object Repository/IWP30/Page_VRelay30Emulator/Action'

05-10-2024T00:29:11 - [MESSAGE][PASSED] - Text 'en_US' is set on object 'Object Repository/IWP30/Page_VRelay30Emulator/Lang'

05-10-2024T00:29:12 - [MESSAGE][PASSED] - Text 'Jasmine' is set on object 'Object Repository/IWP30/Page_VRelay30Emulator/Fname'

05-10-2024T00:29:13 - [MESSAGE][PASSED] - Text 'Patrinol' is set on object 'Object Repository/IWP30/Page_VRelay30Emulator/Lname'

05-10-2024T00:29:13 - [MESSAGE][PASSED] - Text '258 Underwood rd' is set on object 'Object Repository/IWP30/Page_VRelay30Emulator/AL1'

05-10-2024T00:29:14 - [MESSAGE][PASSED] - Text 'Suite 600' is set on object 'Object Repository/IWP30/Page_VRelay30Emulator/AL2'

05-10-2024T00:29:14 - [MESSAGE][PASSED] - Text '840' is set on object 'Object Repository/IWP30/Page_VRelay30Emulator/Country'

05-10-2024T00:29:15 - [MESSAGE][PASSED] - Text 'Arlington' is set on object 'Object Repository/IWP30/Page_VRelay30Emulator/City'

05-10-2024T00:29:16 - [MESSAGE][PASSED] - Text 'VA' is set on object 'Object Repository/IWP30/Page_VRelay30Emulator/State'

05-10-2024T00:29:16 - [MESSAGE][PASSED] - Text '22201' is set on object 'Object Repository/IWP30/Page_VRelay30Emulator/ZIP'

05-10-2024T00:29:17 - [MESSAGE][PASSED] - Text '' is set on object 'Object Repository/IWP30/Page_VRelay30Emulator/Order'

05-10-2024T00:29:17 - [MESSAGE][PASSED] - Text 'Some Company' is set on object 'Object Repository/IWP30/Page_VRelay30Emulator/Company'

05-10-2024T00:29:18 - [MESSAGE][PASSED] - Text 'iahmed@govolution.com' is set on object 'Object Repository/IWP30/Page_VRelay30Emulator/Email'

05-10-2024T00:29:18 - [MESSAGE][PASSED] - Text 'udf data 1' is set on object 'Object Repository/IWP30/Page_VRelay30Emulator/UDF1'

05-10-2024T00:29:19 - [MESSAGE][PASSED] - Text 'udf data 2' is set on object 'Object Repository/IWP30/Page_VRelay30Emulator/UDF2'

05-10-2024T00:29:20 - [MESSAGE][PASSED] - Text 'udf data 3' is set on object 'Object Repository/IWP30/Page_VRelay30Emulator/UDF3'

05-10-2024T00:29:20 - [MESSAGE][PASSED] - Text 'udf data 4' is set on object 'Object Repository/IWP30/Page_VRelay30Emulator/UDF4'

05-10-2024T00:29:21 - [MESSAGE][PASSED] - Text 'udf data 5' is set on object 'Object Repository/IWP30/Page_VRelay30Emulator/UDF5'

05-10-2024T00:29:21 - [MESSAGE][PASSED] - Text 'udf data 6' is set on object 'Object Repository/IWP30/Page_VRelay30Emulator/UDF6'

05-10-2024T00:29:22 - [MESSAGE][PASSED] - Text 'Orange' is set on object 'Object Repository/IWP30/Page_VRelay30Emulator/UDF7'

05-10-2024T00:29:23 - [MESSAGE][PASSED] - Text 'Soccer' is set on object 'Object Repository/IWP30/Page_VRelay30Emulator/UDF8'

05-10-2024T00:29:23 - [MESSAGE][PASSED] - Text 'udf data 9' is set on object 'Object Repository/IWP30/Page_VRelay30Emulator/UDF9'

05-10-2024T00:29:24 - [MESSAGE][PASSED] - Text 'udf data 10' is set on object 'Object Repository/IWP30/Page_VRelay30Emulator/UDF10'

05-10-2024T00:29:25 - [MESSAGE][PASSED] - Object: 'Object Repository/IWP30/Page_VRelay30Emulator/Submit' is clicked on

05-10-2024T00:29:29 - [MESSAGE][PASSED] - Browser is closed

05-10-2024T00:29:33 - [MESSAGE][PASSED] - iwpPages.emulatorIWP30.setDataEmulator_DD is PASSED

05-10-2024T00:29:33 - [TEST_STEP][PASSED] - testHarnessURL = urlTestHarness: null

05-10-2024T00:29:33 - [TEST_STEP][PASSED] - openBrowser(testHarnessURL): Browser is opened with url: 'https://dev-algorithm.govolution.com/vrelaytest/QA/version_2_2/vrelaytest.html'

05-10-2024T00:29:33 - [MESSAGE][INFO] - Starting 'Edge Chromium' driver

05-10-2024T00:29:33 - [MESSAGE][INFO] - User set preference: ['acceptInsecureCerts', 'true']

05-10-2024T00:29:35 - [MESSAGE][INFO] - Action delay is set to 0 milliseconds

05-10-2024T00:29:39 - [MESSAGE][PASSED] - Browser is opened with url: 'https://dev-algorithm.govolution.com/vrelaytest/QA/version_2_2/vrelaytest.html'

05-10-2024T00:29:39 - [TEST_STEP][PASSED] - maximizeWindow(): Current window maximized

05-10-2024T00:29:39 - [MESSAGE][PASSED] - Current window maximized

05-10-2024T00:29:39 - [TEST_STEP][PASSED] - iwpPages.TestHarnessPage.setDataMethod(row, dataFile): iwpPages.TestHarnessPage.setDataMethod is PASSED

05-10-2024T00:29:39 - [MESSAGE][PASSED] - Object 'Object Repository/IWP30/Page_QATestHarness/RemittanceID' is present

05-10-2024T00:29:40 - [MESSAGE][PASSED] - Text '654' is set on object 'Object Repository/IWP30/Page_QATestHarness/ApplicationID'

05-10-2024T00:29:41 - [MESSAGE][PASSED] - Text '2.5' is set on object 'Object Repository/IWP30/Page_QATestHarness/MessageVersion'

05-10-2024T00:29:41 - [MESSAGE][PASSED] - Text '4InRKKDzuWqk' is set on object 'Object Repository/IWP30/Page_QATestHarness/RemittanceID'

05-10-2024T00:29:44 - [MESSAGE][PASSED] - Object: 'Object Repository/IWP30/Page_QATestHarness/SubmitButton' is clicked on

05-10-2024T00:29:44 - [MESSAGE][PASSED] - iwpPages.TestHarnessPage.setDataMethod is PASSED

05-10-2024T00:29:44 - [TEST_STEP][PASSED] - click(findTestObject("Object Repository/IWP30/Page_SelectPaymentMethod/PayByPersonalCheck")): Object: 'Object Repository/IWP30/Page_SelectPaymentMethod/PayByPersonalCheck' is clicked on

05-10-2024T00:29:45 - [MESSAGE][PASSED] - Object: 'Object Repository/IWP30/Page_SelectPaymentMethod/PayByPersonalCheck' is clicked on

05-10-2024T00:29:45 - [TEST_STEP][PASSED] - click(findTestObject("Object Repository/IWP30/Page_SelectPaymentMethod/MakePaymentButton")): Object: 'Object Repository/IWP30/Page_SelectPaymentMethod/MakePaymentButton' is clicked on

05-10-2024T00:29:46 - [MESSAGE][PASSED] - Object: 'Object Repository/IWP30/Page_SelectPaymentMethod/MakePaymentButton' is clicked on

05-10-2024T00:29:46 - [TEST_STEP][PASSED] - if (verifyElementNotPresent(findTestObject("Object Repository/IWP30/Page_ACHPersonalPaymentEntry/txt_Amount"), 30) && verifyTextPresent("$ 10.50", false)): null

05-10-2024T00:29:47 - [MESSAGE][PASSED] - Web element with id: 'Object Repository/IWP30/Page_ACHPersonalPaymentEntry/txt_Amount' located by 'By.xpath: //*[@type = 'text' and @name = 'amount']' is not present after '30' second(s)

05-10-2024T00:29:47 - [MESSAGE][PASSED] - Text '$ 10.50' is present on page 

05-10-2024T00:29:47 - [TEST_STEP][PASSED] - iwpPages.achPersonalPaymentEntryPage.setDataACHPPM(row, dataFile): iwpPages.achPersonalPaymentEntryPage.setDataACHPPM is PASSED

05-10-2024T00:29:48 - [MESSAGE][PASSED] - Object 'Object Repository/IWP30/Page_ACHPersonalPaymentEntry/txt_accountNumber' is present

05-10-2024T00:29:48 - [MESSAGE][PASSED] - Object 'Object Repository/IWP30/Page_ACHPersonalPaymentEntry/txt_UDF2' is present

05-10-2024T00:29:48 - [MESSAGE][PASSED] - Object 'Object Repository/IWP30/Page_ACHPersonalPaymentEntry/txt_Firstname' is present

05-10-2024T00:29:49 - [MESSAGE][PASSED] - Text 'Elizath' is set on object 'Object Repository/IWP30/Page_ACHPersonalPaymentEntry/txt_Firstname'

05-10-2024T00:29:49 - [MESSAGE][PASSED] - Object 'Object Repository/IWP30/Page_ACHPersonalPaymentEntry/txt_Lastname' is present

05-10-2024T00:29:50 - [MESSAGE][PASSED] - Text 'Christine' is set on object 'Object Repository/IWP30/Page_ACHPersonalPaymentEntry/txt_Lastname'

05-10-2024T00:29:50 - [MESSAGE][PASSED] - Object 'Object Repository/IWP30/Page_ACHPersonalPaymentEntry/txt_routingNumber' is present

05-10-2024T00:29:51 - [MESSAGE][PASSED] - Text '256072691' is set on object 'Object Repository/IWP30/Page_ACHPersonalPaymentEntry/txt_routingNumber'

05-10-2024T00:29:51 - [MESSAGE][PASSED] - Object 'Object Repository/IWP30/Page_ACHPersonalPaymentEntry/txt_accountNumber' is present

05-10-2024T00:29:52 - [MESSAGE][PASSED] - Text '12344444' is set on object 'Object Repository/IWP30/Page_ACHPersonalPaymentEntry/txt_accountNumber'

05-10-2024T00:29:53 - [MESSAGE][PASSED] - Object 'Object Repository/IWP30/Page_ACHPersonalPaymentEntry/txt_confirmAccountNumber' is present

05-10-2024T00:29:53 - [MESSAGE][PASSED] - Text '12344444' is set on object 'Object Repository/IWP30/Page_ACHPersonalPaymentEntry/txt_confirmAccountNumber'

05-10-2024T00:29:54 - [MESSAGE][PASSED] - Object 'Object Repository/IWP30/Page_ACHPersonalPaymentEntry/rd_accountType' is present

05-10-2024T00:29:54 - [MESSAGE][PASSED] - Modify property of object successfully

05-10-2024T00:29:54 - [MESSAGE][PASSED] - Object: 'Object Repository/IWP30/Page_ACHPersonalPaymentEntry/rd_accountType' is clicked on

05-10-2024T00:29:54 - [MESSAGE][PASSED] - Object 'Object Repository/IWP30/Page_ACHPersonalPaymentEntry/txt_Email' is present

05-10-2024T00:29:54 - [MESSAGE][PASSED] - Object 'Object Repository/IWP30/Page_ACHPersonalPaymentEntry/cb_TermsAndCond' is present

05-10-2024T00:29:55 - [MESSAGE][PASSED] - Object: 'Object Repository/IWP30/Page_ACHPersonalPaymentEntry/cb_TermsAndCond' is clicked on

05-10-2024T00:29:55 - [MESSAGE][PASSED] - Object 'Object Repository/IWP30/Page_ACHPersonalPaymentEntry/btn_Continue' is present

05-10-2024T00:29:56 - [MESSAGE][PASSED] - Object: 'Object Repository/IWP30/Page_ACHPersonalPaymentEntry/btn_Continue' is clicked on

05-10-2024T00:29:56 - [MESSAGE][PASSED] - iwpPages.achPersonalPaymentEntryPage.setDataACHPPM is PASSED

05-10-2024T00:29:56 - [TEST_STEP][PASSED] - click(findTestObject("Object Repository/IWP30/Page_Confirmation/ConfirmButton")): Object: 'Object Repository/IWP30/Page_Confirmation/ConfirmButton' is clicked on

05-10-2024T00:29:57 - [MESSAGE][PASSED] - Object: 'Object Repository/IWP30/Page_Confirmation/ConfirmButton' is clicked on

05-10-2024T00:29:57 - [TEST_STEP][PASSED] - Thread.sleep(10000): null

05-10-2024T00:30:07 - [TEST_STEP][PASSED] - if (verifyTextPresent("Successful Payment Receipt", false)): null

05-10-2024T00:30:07 - [MESSAGE][PASSED] - Text 'Successful Payment Receipt' is present on page 

05-10-2024T00:30:07 - [TEST_STEP][PASSED] - println("Successful Payment Receipt text is present on the Receipt page"): null

05-10-2024T00:30:07 - [TEST_STEP][PASSED] - markPassed("Successful Payment Receipt text is present on the Receipt page"): Successful Payment Receipt text is present on the Receipt page

05-10-2024T00:30:07 - [MESSAGE][PASSED] - Successful Payment Receipt text is present on the Receipt page

05-10-2024T00:30:07 - [TEST_STEP][PASSED] - resText = "Pass": null

05-10-2024T00:30:07 - [TEST_STEP][PASSED] - pages.WriteExcel.demoKey(resText, datText, resColumn, datCloumn, fileLoc, nameSheet, row): pages.WriteExcel.demoKey is PASSED

05-10-2024T00:30:08 - [MESSAGE][PASSED] - pages.WriteExcel.demoKey is PASSED

05-10-2024T00:30:08 - [TEST_STEP][PASSED] - closeBrowser(): Browser is closed

05-10-2024T00:30:09 - [MESSAGE][PASSED] - Browser is closed]]></system-out>
         <system-err><![CDATA[]]></system-err>
      </testcase>
      <testcase name="Test Cases/IntegratedWeb/IWP25/Payments/OverAndUnderPayCorp" time="133.249" classname="Test Cases/IntegratedWeb/IWP25/Payments/OverAndUnderPayCorp" status="PASSED">
         <system-out><![CDATA[05-10-2024T00:30:09 - [TEST_CASE][PASSED] - Test Cases/IntegratedWeb/IWP25/Payments/OverAndUnderPayCorp: Test Cases/IntegratedWeb/IWP25/Payments/OverAndUnderPayCorp

05-10-2024T00:30:09 - [TEST_STEP][PASSED] - resText = "Fail": null

05-10-2024T00:30:09 - [TEST_STEP][PASSED] - resColumn = "Result": null

05-10-2024T00:30:09 - [TEST_STEP][PASSED] - datCloumn = "Date": null

05-10-2024T00:30:09 - [TEST_STEP][PASSED] - fileLoc = "KatalonData/IWPTestData/VRelay25Payments.xlsx": null

05-10-2024T00:30:09 - [TEST_STEP][PASSED] - numOfRows = <not implemented yet for class: org.codehaus.groovy.ast.expr.EmptyExpression>: null

05-10-2024T00:30:09 - [TEST_STEP][PASSED] - dataFile = <not implemented yet for class: org.codehaus.groovy.ast.expr.EmptyExpression>: null

05-10-2024T00:30:09 - [TEST_STEP][PASSED] - nameSheet = <not implemented yet for class: org.codehaus.groovy.ast.expr.EmptyExpression>: null

05-10-2024T00:30:09 - [TEST_STEP][PASSED] - dataFileEmulator = <not implemented yet for class: org.codehaus.groovy.ast.expr.EmptyExpression>: null

05-10-2024T00:30:09 - [TEST_STEP][PASSED] - isRequiredTextPresent = false: null

05-10-2024T00:30:09 - [TEST_STEP][PASSED] - nameSheet = "OverAndUnderPayCorp": null

05-10-2024T00:30:09 - [TEST_STEP][PASSED] - dataFile = "IWPTestData/IWP25OverAndUnderPayCorp": null

05-10-2024T00:30:09 - [TEST_STEP][PASSED] - dataFileEmulator = "IWPTestData/EmulatorData": null

05-10-2024T00:30:09 - [TEST_STEP][PASSED] - numOfRows = findTestData(dataFile).getRowNumbers(): null

05-10-2024T00:30:09 - [TEST_STEP][PASSED] - println("Number of Records: " + numOfRows): null

05-10-2024T00:30:09 - [TEST_STEP][PASSED] - for ([row = 1, row <= numOfRows, (row++)]): Browser is closed

05-10-2024T00:30:09 - [TEST_STEP][PASSED] - ExecuteTC = findTestData(dataFile).getValue("Execute", row): null

05-10-2024T00:30:09 - [TEST_STEP][PASSED] - out.println("Value of Execute is : " + ExecuteTC): null

05-10-2024T00:30:09 - [TEST_STEP][PASSED] - if (ExecuteTC.equalsIgnoreCase("Y")): null

05-10-2024T00:30:09 - [TEST_STEP][PASSED] - out.println("Begin Record Number: " + row): null

05-10-2024T00:30:09 - [TEST_STEP][PASSED] - today = new java.util.Date(): null

05-10-2024T00:30:09 - [TEST_STEP][PASSED] - println(today): null

05-10-2024T00:30:09 - [TEST_STEP][PASSED] - datText = today: null

05-10-2024T00:30:09 - [TEST_STEP][PASSED] - EmulatorDataKey = findTestData(dataFile).getValue("EmulatorData", row): null

05-10-2024T00:30:09 - [TEST_STEP][PASSED] - out.println("Value of Emulator Key is : " + EmulatorDataKey): null

05-10-2024T00:30:09 - [TEST_STEP][PASSED] - iwpPages.emulatorIWP30.setDataEmulator_DD(EmulatorDataKey): iwpPages.emulatorIWP30.setDataEmulator_DD is PASSED

05-10-2024T00:30:09 - [MESSAGE][INFO] - Starting 'Edge Chromium' driver

05-10-2024T00:30:09 - [MESSAGE][INFO] - User set preference: ['acceptInsecureCerts', 'true']

05-10-2024T00:30:11 - [MESSAGE][INFO] - Action delay is set to 0 milliseconds

05-10-2024T00:30:15 - [MESSAGE][PASSED] - Browser is opened with url: 'https://qa.velocitypayment.com/agency/config.do?action=editor&message_version=2_5'

05-10-2024T00:30:15 - [MESSAGE][PASSED] - Current window maximized

05-10-2024T00:30:16 - [MESSAGE][PASSED] - All options with value '2.5' are selected in object 'Object Repository/IWP30/Page_VRelay30Emulator/MV'  using regular expression

05-10-2024T00:30:17 - [MESSAGE][PASSED] - Text '10.50' is set on object 'Object Repository/IWP30/Page_VRelay30Emulator/Amount'

05-10-2024T00:30:17 - [MESSAGE][PASSED] - Text 'HHodCXObAH9Y' is set on object 'Object Repository/IWP30/Page_VRelay30Emulator/CAN'

05-10-2024T00:30:18 - [MESSAGE][PASSED] - Text 'PayNow' is set on object 'Object Repository/IWP30/Page_VRelay30Emulator/Action'

05-10-2024T00:30:18 - [MESSAGE][PASSED] - Text 'en_US' is set on object 'Object Repository/IWP30/Page_VRelay30Emulator/Lang'

05-10-2024T00:30:19 - [MESSAGE][PASSED] - Text 'Jasmine' is set on object 'Object Repository/IWP30/Page_VRelay30Emulator/Fname'

05-10-2024T00:30:20 - [MESSAGE][PASSED] - Text 'Patrinol' is set on object 'Object Repository/IWP30/Page_VRelay30Emulator/Lname'

05-10-2024T00:30:20 - [MESSAGE][PASSED] - Text '258 Underwood rd' is set on object 'Object Repository/IWP30/Page_VRelay30Emulator/AL1'

05-10-2024T00:30:21 - [MESSAGE][PASSED] - Text 'Suite 600' is set on object 'Object Repository/IWP30/Page_VRelay30Emulator/AL2'

05-10-2024T00:30:21 - [MESSAGE][PASSED] - Text '840' is set on object 'Object Repository/IWP30/Page_VRelay30Emulator/Country'

05-10-2024T00:30:22 - [MESSAGE][PASSED] - Text 'Arlington' is set on object 'Object Repository/IWP30/Page_VRelay30Emulator/City'

05-10-2024T00:30:23 - [MESSAGE][PASSED] - Text 'VA' is set on object 'Object Repository/IWP30/Page_VRelay30Emulator/State'

05-10-2024T00:30:23 - [MESSAGE][PASSED] - Text '22201' is set on object 'Object Repository/IWP30/Page_VRelay30Emulator/ZIP'

05-10-2024T00:30:24 - [MESSAGE][PASSED] - Text '' is set on object 'Object Repository/IWP30/Page_VRelay30Emulator/Order'

05-10-2024T00:30:24 - [MESSAGE][PASSED] - Text 'Some Company' is set on object 'Object Repository/IWP30/Page_VRelay30Emulator/Company'

05-10-2024T00:30:25 - [MESSAGE][PASSED] - Text 'iahmed@govolution.com' is set on object 'Object Repository/IWP30/Page_VRelay30Emulator/Email'

05-10-2024T00:30:26 - [MESSAGE][PASSED] - Text 'udf data 1' is set on object 'Object Repository/IWP30/Page_VRelay30Emulator/UDF1'

05-10-2024T00:30:26 - [MESSAGE][PASSED] - Text 'udf data 2' is set on object 'Object Repository/IWP30/Page_VRelay30Emulator/UDF2'

05-10-2024T00:30:27 - [MESSAGE][PASSED] - Text 'udf data 3' is set on object 'Object Repository/IWP30/Page_VRelay30Emulator/UDF3'

05-10-2024T00:30:27 - [MESSAGE][PASSED] - Text 'udf data 4' is set on object 'Object Repository/IWP30/Page_VRelay30Emulator/UDF4'

05-10-2024T00:30:28 - [MESSAGE][PASSED] - Text 'udf data 5' is set on object 'Object Repository/IWP30/Page_VRelay30Emulator/UDF5'

05-10-2024T00:30:29 - [MESSAGE][PASSED] - Text 'udf data 6' is set on object 'Object Repository/IWP30/Page_VRelay30Emulator/UDF6'

05-10-2024T00:30:29 - [MESSAGE][PASSED] - Text 'Orange' is set on object 'Object Repository/IWP30/Page_VRelay30Emulator/UDF7'

05-10-2024T00:30:30 - [MESSAGE][PASSED] - Text 'Soccer' is set on object 'Object Repository/IWP30/Page_VRelay30Emulator/UDF8'

05-10-2024T00:30:30 - [MESSAGE][PASSED] - Text 'udf data 9' is set on object 'Object Repository/IWP30/Page_VRelay30Emulator/UDF9'

05-10-2024T00:30:31 - [MESSAGE][PASSED] - Text 'udf data 10' is set on object 'Object Repository/IWP30/Page_VRelay30Emulator/UDF10'

05-10-2024T00:30:32 - [MESSAGE][PASSED] - Object: 'Object Repository/IWP30/Page_VRelay30Emulator/Submit' is clicked on

05-10-2024T00:30:37 - [MESSAGE][PASSED] - Browser is closed

05-10-2024T00:30:41 - [MESSAGE][PASSED] - iwpPages.emulatorIWP30.setDataEmulator_DD is PASSED

05-10-2024T00:30:41 - [TEST_STEP][PASSED] - testHarnessURL = urlTestHarness: null

05-10-2024T00:30:41 - [TEST_STEP][PASSED] - openBrowser(testHarnessURL): Browser is opened with url: 'https://dev-algorithm.govolution.com/vrelaytest/QA/version_2_2/vrelaytest.html'

05-10-2024T00:30:41 - [MESSAGE][INFO] - Starting 'Edge Chromium' driver

05-10-2024T00:30:41 - [MESSAGE][INFO] - User set preference: ['acceptInsecureCerts', 'true']

05-10-2024T00:30:43 - [MESSAGE][INFO] - Action delay is set to 0 milliseconds

05-10-2024T00:30:46 - [MESSAGE][PASSED] - Browser is opened with url: 'https://dev-algorithm.govolution.com/vrelaytest/QA/version_2_2/vrelaytest.html'

05-10-2024T00:30:46 - [TEST_STEP][PASSED] - maximizeWindow(): Current window maximized

05-10-2024T00:30:46 - [MESSAGE][PASSED] - Current window maximized

05-10-2024T00:30:46 - [TEST_STEP][PASSED] - iwpPages.TestHarnessPage.setDataMethod(row, dataFile): iwpPages.TestHarnessPage.setDataMethod is PASSED

05-10-2024T00:30:47 - [MESSAGE][PASSED] - Object 'Object Repository/IWP30/Page_QATestHarness/RemittanceID' is present

05-10-2024T00:30:47 - [MESSAGE][PASSED] - Text '638' is set on object 'Object Repository/IWP30/Page_QATestHarness/ApplicationID'

05-10-2024T00:30:48 - [MESSAGE][PASSED] - Text '2.5' is set on object 'Object Repository/IWP30/Page_QATestHarness/MessageVersion'

05-10-2024T00:30:49 - [MESSAGE][PASSED] - Text 'QnSk7ALG5FUq' is set on object 'Object Repository/IWP30/Page_QATestHarness/RemittanceID'

05-10-2024T00:30:52 - [MESSAGE][PASSED] - Object: 'Object Repository/IWP30/Page_QATestHarness/SubmitButton' is clicked on

05-10-2024T00:30:52 - [MESSAGE][PASSED] - iwpPages.TestHarnessPage.setDataMethod is PASSED

05-10-2024T00:30:52 - [TEST_STEP][PASSED] - click(findTestObject("Object Repository/IWP30/Page_SelectPaymentMethod/PayByCorporateCheck")): Object: 'Object Repository/IWP30/Page_SelectPaymentMethod/PayByCorporateCheck' is clicked on

05-10-2024T00:30:52 - [MESSAGE][PASSED] - Object: 'Object Repository/IWP30/Page_SelectPaymentMethod/PayByCorporateCheck' is clicked on

05-10-2024T00:30:52 - [TEST_STEP][PASSED] - click(findTestObject("Object Repository/IWP30/Page_SelectPaymentMethod/MakePaymentButton")): Object: 'Object Repository/IWP30/Page_SelectPaymentMethod/MakePaymentButton' is clicked on

05-10-2024T00:30:54 - [MESSAGE][PASSED] - Object: 'Object Repository/IWP30/Page_SelectPaymentMethod/MakePaymentButton' is clicked on

05-10-2024T00:30:54 - [TEST_STEP][PASSED] - iwpPages.achCorporatePaymentEntryPage.setDataCorporate(row, dataFile): iwpPages.achCorporatePaymentEntryPage.setDataCorporate is PASSED

05-10-2024T00:30:55 - [MESSAGE][PASSED] - Object 'Object Repository/IWP30/Page_ACHCorporatePaymentEntry/txt_accountNumber' is present

05-10-2024T00:30:55 - [MESSAGE][PASSED] - Object 'Object Repository/IWP30/Page_ACHCorporatePaymentEntry/input_CompanyName' is present

05-10-2024T00:30:56 - [MESSAGE][PASSED] - Text 'My Company' is set on object 'Object Repository/IWP30/Page_ACHCorporatePaymentEntry/input_CompanyName'

05-10-2024T00:30:56 - [MESSAGE][PASSED] - Object 'Object Repository/IWP30/Page_ACHCorporatePaymentEntry/input_EIN' is present

05-10-2024T00:30:57 - [MESSAGE][PASSED] - Text '123456789' is set on object 'Object Repository/IWP30/Page_ACHCorporatePaymentEntry/input_EIN'

05-10-2024T00:30:57 - [MESSAGE][PASSED] - Text '11.50' is set on object 'Object Repository/IWP30/Page_ACHCorporatePaymentEntry/txt_Amount'

05-10-2024T00:30:58 - [MESSAGE][PASSED] - All options with label 'Soccer' are selected in object 'Object Repository/IWP30/Page_ACHCorporatePaymentEntry/dd_UDF8' 

05-10-2024T00:30:58 - [MESSAGE][PASSED] - Object 'Object Repository/IWP30/Page_ACHCorporatePaymentEntry/txt_routingNumber' is present

05-10-2024T00:30:59 - [MESSAGE][PASSED] - Text '256072691' is set on object 'Object Repository/IWP30/Page_ACHCorporatePaymentEntry/txt_routingNumber'

05-10-2024T00:30:59 - [MESSAGE][PASSED] - Object 'Object Repository/IWP30/Page_ACHCorporatePaymentEntry/txt_accountNumber' is present

05-10-2024T00:31:00 - [MESSAGE][PASSED] - Text '12344444' is set on object 'Object Repository/IWP30/Page_ACHCorporatePaymentEntry/txt_accountNumber'

05-10-2024T00:31:01 - [MESSAGE][PASSED] - Object 'Object Repository/IWP30/Page_ACHCorporatePaymentEntry/txt_confirmAccountNumber' is present

05-10-2024T00:31:01 - [MESSAGE][PASSED] - Text '12344444' is set on object 'Object Repository/IWP30/Page_ACHCorporatePaymentEntry/txt_confirmAccountNumber'

05-10-2024T00:31:02 - [MESSAGE][PASSED] - Object 'Object Repository/IWP30/Page_ACHCorporatePaymentEntry/txt_Email' is present

05-10-2024T00:31:02 - [MESSAGE][PASSED] - Object 'Object Repository/IWP30/Page_ACHCorporatePaymentEntry/cb_TermsAndCond' is present

05-10-2024T00:31:02 - [MESSAGE][PASSED] - Object: 'Object Repository/IWP30/Page_ACHCorporatePaymentEntry/cb_TermsAndCond' is clicked on

05-10-2024T00:31:02 - [MESSAGE][PASSED] - Object 'Object Repository/IWP30/Page_ACHCorporatePaymentEntry/btn_Continue' is present

05-10-2024T00:31:04 - [MESSAGE][PASSED] - Object: 'Object Repository/IWP30/Page_ACHCorporatePaymentEntry/btn_Continue' is clicked on

05-10-2024T00:31:04 - [MESSAGE][PASSED] - iwpPages.achCorporatePaymentEntryPage.setDataCorporate is PASSED

05-10-2024T00:31:04 - [TEST_STEP][PASSED] - click(findTestObject("Object Repository/IWP30/Page_Confirmation/ConfirmButton")): Object: 'Object Repository/IWP30/Page_Confirmation/ConfirmButton' is clicked on

05-10-2024T00:31:05 - [MESSAGE][PASSED] - Object: 'Object Repository/IWP30/Page_Confirmation/ConfirmButton' is clicked on

05-10-2024T00:31:05 - [TEST_STEP][PASSED] - Thread.sleep(10000): null

05-10-2024T00:31:15 - [TEST_STEP][PASSED] - if (verifyTextPresent("Successful Payment Receipt", false)): null

05-10-2024T00:31:15 - [MESSAGE][PASSED] - Text 'Successful Payment Receipt' is present on page 

05-10-2024T00:31:15 - [TEST_STEP][PASSED] - println("Successful Payment Receipt text is present on the Receipt page"): null

05-10-2024T00:31:15 - [TEST_STEP][PASSED] - markPassed("Successful Payment Receipt text is present on the Receipt page"): Successful Payment Receipt text is present on the Receipt page

05-10-2024T00:31:15 - [MESSAGE][PASSED] - Successful Payment Receipt text is present on the Receipt page

05-10-2024T00:31:15 - [TEST_STEP][PASSED] - resText = "Pass": null

05-10-2024T00:31:15 - [TEST_STEP][PASSED] - pages.WriteExcel.demoKey(resText, datText, resColumn, datCloumn, fileLoc, nameSheet, row): pages.WriteExcel.demoKey is PASSED

05-10-2024T00:31:15 - [MESSAGE][PASSED] - pages.WriteExcel.demoKey is PASSED

05-10-2024T00:31:15 - [TEST_STEP][PASSED] - closeBrowser(): Browser is closed

05-10-2024T00:31:16 - [MESSAGE][PASSED] - Browser is closed

05-10-2024T00:31:16 - [TEST_STEP][PASSED] - ExecuteTC = findTestData(dataFile).getValue("Execute", row): null

05-10-2024T00:31:16 - [TEST_STEP][PASSED] - out.println("Value of Execute is : " + ExecuteTC): null

05-10-2024T00:31:16 - [TEST_STEP][PASSED] - if (ExecuteTC.equalsIgnoreCase("Y")): null

05-10-2024T00:31:16 - [TEST_STEP][PASSED] - out.println("Begin Record Number: " + row): null

05-10-2024T00:31:16 - [TEST_STEP][PASSED] - today = new java.util.Date(): null

05-10-2024T00:31:16 - [TEST_STEP][PASSED] - println(today): null

05-10-2024T00:31:16 - [TEST_STEP][PASSED] - datText = today: null

05-10-2024T00:31:16 - [TEST_STEP][PASSED] - EmulatorDataKey = findTestData(dataFile).getValue("EmulatorData", row): null

05-10-2024T00:31:16 - [TEST_STEP][PASSED] - out.println("Value of Emulator Key is : " + EmulatorDataKey): null

05-10-2024T00:31:16 - [TEST_STEP][PASSED] - iwpPages.emulatorIWP30.setDataEmulator_DD(EmulatorDataKey): iwpPages.emulatorIWP30.setDataEmulator_DD is PASSED

05-10-2024T00:31:16 - [MESSAGE][INFO] - Starting 'Edge Chromium' driver

05-10-2024T00:31:16 - [MESSAGE][INFO] - User set preference: ['acceptInsecureCerts', 'true']

05-10-2024T00:31:18 - [MESSAGE][INFO] - Action delay is set to 0 milliseconds

05-10-2024T00:31:21 - [MESSAGE][PASSED] - Browser is opened with url: 'https://qa.velocitypayment.com/agency/config.do?action=editor&message_version=2_5'

05-10-2024T00:31:22 - [MESSAGE][PASSED] - Current window maximized

05-10-2024T00:31:22 - [MESSAGE][PASSED] - All options with value '2.5' are selected in object 'Object Repository/IWP30/Page_VRelay30Emulator/MV'  using regular expression

05-10-2024T00:31:23 - [MESSAGE][PASSED] - Text '10.50' is set on object 'Object Repository/IWP30/Page_VRelay30Emulator/Amount'

05-10-2024T00:31:24 - [MESSAGE][PASSED] - Text 'GYIQC4r8sqGD' is set on object 'Object Repository/IWP30/Page_VRelay30Emulator/CAN'

05-10-2024T00:31:24 - [MESSAGE][PASSED] - Text 'PayNow' is set on object 'Object Repository/IWP30/Page_VRelay30Emulator/Action'

05-10-2024T00:31:25 - [MESSAGE][PASSED] - Text 'en_US' is set on object 'Object Repository/IWP30/Page_VRelay30Emulator/Lang'

05-10-2024T00:31:26 - [MESSAGE][PASSED] - Text 'Jasmine' is set on object 'Object Repository/IWP30/Page_VRelay30Emulator/Fname'

05-10-2024T00:31:26 - [MESSAGE][PASSED] - Text 'Patrinol' is set on object 'Object Repository/IWP30/Page_VRelay30Emulator/Lname'

05-10-2024T00:31:27 - [MESSAGE][PASSED] - Text '258 Underwood rd' is set on object 'Object Repository/IWP30/Page_VRelay30Emulator/AL1'

05-10-2024T00:31:27 - [MESSAGE][PASSED] - Text 'Suite 600' is set on object 'Object Repository/IWP30/Page_VRelay30Emulator/AL2'

05-10-2024T00:31:28 - [MESSAGE][PASSED] - Text '840' is set on object 'Object Repository/IWP30/Page_VRelay30Emulator/Country'

05-10-2024T00:31:29 - [MESSAGE][PASSED] - Text 'Arlington' is set on object 'Object Repository/IWP30/Page_VRelay30Emulator/City'

05-10-2024T00:31:29 - [MESSAGE][PASSED] - Text 'VA' is set on object 'Object Repository/IWP30/Page_VRelay30Emulator/State'

05-10-2024T00:31:30 - [MESSAGE][PASSED] - Text '22201' is set on object 'Object Repository/IWP30/Page_VRelay30Emulator/ZIP'

05-10-2024T00:31:30 - [MESSAGE][PASSED] - Text '' is set on object 'Object Repository/IWP30/Page_VRelay30Emulator/Order'

05-10-2024T00:31:31 - [MESSAGE][PASSED] - Text 'Some Company' is set on object 'Object Repository/IWP30/Page_VRelay30Emulator/Company'

05-10-2024T00:31:32 - [MESSAGE][PASSED] - Text 'iahmed@govolution.com' is set on object 'Object Repository/IWP30/Page_VRelay30Emulator/Email'

05-10-2024T00:31:32 - [MESSAGE][PASSED] - Text 'udf data 1' is set on object 'Object Repository/IWP30/Page_VRelay30Emulator/UDF1'

05-10-2024T00:31:33 - [MESSAGE][PASSED] - Text 'udf data 2' is set on object 'Object Repository/IWP30/Page_VRelay30Emulator/UDF2'

05-10-2024T00:31:33 - [MESSAGE][PASSED] - Text 'udf data 3' is set on object 'Object Repository/IWP30/Page_VRelay30Emulator/UDF3'

05-10-2024T00:31:34 - [MESSAGE][PASSED] - Text 'udf data 4' is set on object 'Object Repository/IWP30/Page_VRelay30Emulator/UDF4'

05-10-2024T00:31:35 - [MESSAGE][PASSED] - Text 'udf data 5' is set on object 'Object Repository/IWP30/Page_VRelay30Emulator/UDF5'

05-10-2024T00:31:35 - [MESSAGE][PASSED] - Text 'udf data 6' is set on object 'Object Repository/IWP30/Page_VRelay30Emulator/UDF6'

05-10-2024T00:31:36 - [MESSAGE][PASSED] - Text 'Orange' is set on object 'Object Repository/IWP30/Page_VRelay30Emulator/UDF7'

05-10-2024T00:31:36 - [MESSAGE][PASSED] - Text 'Soccer' is set on object 'Object Repository/IWP30/Page_VRelay30Emulator/UDF8'

05-10-2024T00:31:37 - [MESSAGE][PASSED] - Text 'udf data 9' is set on object 'Object Repository/IWP30/Page_VRelay30Emulator/UDF9'

05-10-2024T00:31:37 - [MESSAGE][PASSED] - Text 'udf data 10' is set on object 'Object Repository/IWP30/Page_VRelay30Emulator/UDF10'

05-10-2024T00:31:39 - [MESSAGE][PASSED] - Object: 'Object Repository/IWP30/Page_VRelay30Emulator/Submit' is clicked on

05-10-2024T00:31:43 - [MESSAGE][PASSED] - Browser is closed

05-10-2024T00:31:47 - [MESSAGE][PASSED] - iwpPages.emulatorIWP30.setDataEmulator_DD is PASSED

05-10-2024T00:31:47 - [TEST_STEP][PASSED] - testHarnessURL = urlTestHarness: null

05-10-2024T00:31:47 - [TEST_STEP][PASSED] - openBrowser(testHarnessURL): Browser is opened with url: 'https://dev-algorithm.govolution.com/vrelaytest/QA/version_2_2/vrelaytest.html'

05-10-2024T00:31:47 - [MESSAGE][INFO] - Starting 'Edge Chromium' driver

05-10-2024T00:31:47 - [MESSAGE][INFO] - User set preference: ['acceptInsecureCerts', 'true']

05-10-2024T00:31:49 - [MESSAGE][INFO] - Action delay is set to 0 milliseconds

05-10-2024T00:31:53 - [MESSAGE][PASSED] - Browser is opened with url: 'https://dev-algorithm.govolution.com/vrelaytest/QA/version_2_2/vrelaytest.html'

05-10-2024T00:31:53 - [TEST_STEP][PASSED] - maximizeWindow(): Current window maximized

05-10-2024T00:31:53 - [MESSAGE][PASSED] - Current window maximized

05-10-2024T00:31:53 - [TEST_STEP][PASSED] - iwpPages.TestHarnessPage.setDataMethod(row, dataFile): iwpPages.TestHarnessPage.setDataMethod is PASSED

05-10-2024T00:31:53 - [MESSAGE][PASSED] - Object 'Object Repository/IWP30/Page_QATestHarness/RemittanceID' is present

05-10-2024T00:31:54 - [MESSAGE][PASSED] - Text '638' is set on object 'Object Repository/IWP30/Page_QATestHarness/ApplicationID'

05-10-2024T00:31:55 - [MESSAGE][PASSED] - Text '2.5' is set on object 'Object Repository/IWP30/Page_QATestHarness/MessageVersion'

05-10-2024T00:31:55 - [MESSAGE][PASSED] - Text 'MyVv3i6sjCBX' is set on object 'Object Repository/IWP30/Page_QATestHarness/RemittanceID'

05-10-2024T00:31:58 - [MESSAGE][PASSED] - Object: 'Object Repository/IWP30/Page_QATestHarness/SubmitButton' is clicked on

05-10-2024T00:31:58 - [MESSAGE][PASSED] - iwpPages.TestHarnessPage.setDataMethod is PASSED

05-10-2024T00:31:58 - [TEST_STEP][PASSED] - click(findTestObject("Object Repository/IWP30/Page_SelectPaymentMethod/PayByCorporateCheck")): Object: 'Object Repository/IWP30/Page_SelectPaymentMethod/PayByCorporateCheck' is clicked on

05-10-2024T00:31:58 - [MESSAGE][PASSED] - Object: 'Object Repository/IWP30/Page_SelectPaymentMethod/PayByCorporateCheck' is clicked on

05-10-2024T00:31:58 - [TEST_STEP][PASSED] - click(findTestObject("Object Repository/IWP30/Page_SelectPaymentMethod/MakePaymentButton")): Object: 'Object Repository/IWP30/Page_SelectPaymentMethod/MakePaymentButton' is clicked on

05-10-2024T00:32:00 - [MESSAGE][PASSED] - Object: 'Object Repository/IWP30/Page_SelectPaymentMethod/MakePaymentButton' is clicked on

05-10-2024T00:32:00 - [TEST_STEP][PASSED] - iwpPages.achCorporatePaymentEntryPage.setDataCorporate(row, dataFile): iwpPages.achCorporatePaymentEntryPage.setDataCorporate is PASSED

05-10-2024T00:32:01 - [MESSAGE][PASSED] - Object 'Object Repository/IWP30/Page_ACHCorporatePaymentEntry/txt_accountNumber' is present

05-10-2024T00:32:01 - [MESSAGE][PASSED] - Object 'Object Repository/IWP30/Page_ACHCorporatePaymentEntry/input_CompanyName' is present

05-10-2024T00:32:02 - [MESSAGE][PASSED] - Text 'My Company' is set on object 'Object Repository/IWP30/Page_ACHCorporatePaymentEntry/input_CompanyName'

05-10-2024T00:32:02 - [MESSAGE][PASSED] - Object 'Object Repository/IWP30/Page_ACHCorporatePaymentEntry/input_EIN' is present

05-10-2024T00:32:03 - [MESSAGE][PASSED] - Text '123456789' is set on object 'Object Repository/IWP30/Page_ACHCorporatePaymentEntry/input_EIN'

05-10-2024T00:32:04 - [MESSAGE][PASSED] - Text '9.50' is set on object 'Object Repository/IWP30/Page_ACHCorporatePaymentEntry/txt_Amount'

05-10-2024T00:32:04 - [MESSAGE][PASSED] - All options with label 'Soccer' are selected in object 'Object Repository/IWP30/Page_ACHCorporatePaymentEntry/dd_UDF8' 

05-10-2024T00:32:04 - [MESSAGE][PASSED] - Object 'Object Repository/IWP30/Page_ACHCorporatePaymentEntry/txt_routingNumber' is present

05-10-2024T00:32:05 - [MESSAGE][PASSED] - Text '256072691' is set on object 'Object Repository/IWP30/Page_ACHCorporatePaymentEntry/txt_routingNumber'

05-10-2024T00:32:05 - [MESSAGE][PASSED] - Object 'Object Repository/IWP30/Page_ACHCorporatePaymentEntry/txt_accountNumber' is present

05-10-2024T00:32:06 - [MESSAGE][PASSED] - Text '12344444' is set on object 'Object Repository/IWP30/Page_ACHCorporatePaymentEntry/txt_accountNumber'

05-10-2024T00:32:07 - [MESSAGE][PASSED] - Object 'Object Repository/IWP30/Page_ACHCorporatePaymentEntry/txt_confirmAccountNumber' is present

05-10-2024T00:32:08 - [MESSAGE][PASSED] - Text '12344444' is set on object 'Object Repository/IWP30/Page_ACHCorporatePaymentEntry/txt_confirmAccountNumber'

05-10-2024T00:32:08 - [MESSAGE][PASSED] - Object 'Object Repository/IWP30/Page_ACHCorporatePaymentEntry/txt_Email' is present

05-10-2024T00:32:08 - [MESSAGE][PASSED] - Object 'Object Repository/IWP30/Page_ACHCorporatePaymentEntry/cb_TermsAndCond' is present

05-10-2024T00:32:08 - [MESSAGE][PASSED] - Object: 'Object Repository/IWP30/Page_ACHCorporatePaymentEntry/cb_TermsAndCond' is clicked on

05-10-2024T00:32:09 - [MESSAGE][PASSED] - Object 'Object Repository/IWP30/Page_ACHCorporatePaymentEntry/btn_Continue' is present

05-10-2024T00:32:10 - [MESSAGE][PASSED] - Object: 'Object Repository/IWP30/Page_ACHCorporatePaymentEntry/btn_Continue' is clicked on

05-10-2024T00:32:10 - [MESSAGE][PASSED] - iwpPages.achCorporatePaymentEntryPage.setDataCorporate is PASSED

05-10-2024T00:32:10 - [TEST_STEP][PASSED] - click(findTestObject("Object Repository/IWP30/Page_Confirmation/ConfirmButton")): Object: 'Object Repository/IWP30/Page_Confirmation/ConfirmButton' is clicked on

05-10-2024T00:32:11 - [MESSAGE][PASSED] - Object: 'Object Repository/IWP30/Page_Confirmation/ConfirmButton' is clicked on

05-10-2024T00:32:11 - [TEST_STEP][PASSED] - Thread.sleep(10000): null

05-10-2024T00:32:21 - [TEST_STEP][PASSED] - if (verifyTextPresent("Successful Payment Receipt", false)): null

05-10-2024T00:32:21 - [MESSAGE][PASSED] - Text 'Successful Payment Receipt' is present on page 

05-10-2024T00:32:21 - [TEST_STEP][PASSED] - println("Successful Payment Receipt text is present on the Receipt page"): null

05-10-2024T00:32:21 - [TEST_STEP][PASSED] - markPassed("Successful Payment Receipt text is present on the Receipt page"): Successful Payment Receipt text is present on the Receipt page

05-10-2024T00:32:21 - [MESSAGE][PASSED] - Successful Payment Receipt text is present on the Receipt page

05-10-2024T00:32:21 - [TEST_STEP][PASSED] - resText = "Pass": null

05-10-2024T00:32:21 - [TEST_STEP][PASSED] - pages.WriteExcel.demoKey(resText, datText, resColumn, datCloumn, fileLoc, nameSheet, row): pages.WriteExcel.demoKey is PASSED

05-10-2024T00:32:21 - [MESSAGE][PASSED] - pages.WriteExcel.demoKey is PASSED

05-10-2024T00:32:21 - [TEST_STEP][PASSED] - closeBrowser(): Browser is closed

05-10-2024T00:32:22 - [MESSAGE][PASSED] - Browser is closed]]></system-out>
         <system-err><![CDATA[]]></system-err>
      </testcase>
      <testcase name="Test Cases/IntegratedWeb/IWP25/Payments/OverAndUnderPayCredit" time="132.844" classname="Test Cases/IntegratedWeb/IWP25/Payments/OverAndUnderPayCredit" status="PASSED">
         <system-out><![CDATA[05-10-2024T00:32:22 - [TEST_CASE][PASSED] - Test Cases/IntegratedWeb/IWP25/Payments/OverAndUnderPayCredit: Test Cases/IntegratedWeb/IWP25/Payments/OverAndUnderPayCredit

05-10-2024T00:32:22 - [TEST_STEP][PASSED] - resText = "Fail": null

05-10-2024T00:32:22 - [TEST_STEP][PASSED] - resColumn = "Result": null

05-10-2024T00:32:22 - [TEST_STEP][PASSED] - datCloumn = "Date": null

05-10-2024T00:32:22 - [TEST_STEP][PASSED] - fileLoc = "KatalonData/IWPTestData/VRelay25Payments.xlsx": null

05-10-2024T00:32:22 - [TEST_STEP][PASSED] - numOfRows = <not implemented yet for class: org.codehaus.groovy.ast.expr.EmptyExpression>: null

05-10-2024T00:32:22 - [TEST_STEP][PASSED] - dataFile = <not implemented yet for class: org.codehaus.groovy.ast.expr.EmptyExpression>: null

05-10-2024T00:32:22 - [TEST_STEP][PASSED] - nameSheet = <not implemented yet for class: org.codehaus.groovy.ast.expr.EmptyExpression>: null

05-10-2024T00:32:22 - [TEST_STEP][PASSED] - dataFileEmulator = <not implemented yet for class: org.codehaus.groovy.ast.expr.EmptyExpression>: null

05-10-2024T00:32:22 - [TEST_STEP][PASSED] - isRequiredTextPresent = false: null

05-10-2024T00:32:22 - [TEST_STEP][PASSED] - nameSheet = "OverAndUnderPayCredit": null

05-10-2024T00:32:22 - [TEST_STEP][PASSED] - dataFile = "IWPTestData/IWP25OverAndUnderPayCredit": null

05-10-2024T00:32:22 - [TEST_STEP][PASSED] - dataFileEmulator = "IWPTestData/EmulatorData": null

05-10-2024T00:32:22 - [TEST_STEP][PASSED] - numOfRows = findTestData(dataFile).getRowNumbers(): null

05-10-2024T00:32:22 - [TEST_STEP][PASSED] - println("Number of Records: " + numOfRows): null

05-10-2024T00:32:22 - [TEST_STEP][PASSED] - for ([row = 1, row <= numOfRows, (row++)]): Browser is closed

05-10-2024T00:32:22 - [TEST_STEP][PASSED] - ExecuteTC = findTestData(dataFile).getValue("Execute", row): null

05-10-2024T00:32:22 - [TEST_STEP][PASSED] - out.println("Value of Execute is : " + ExecuteTC): null

05-10-2024T00:32:22 - [TEST_STEP][PASSED] - if (ExecuteTC.equalsIgnoreCase("Y")): null

05-10-2024T00:32:22 - [TEST_STEP][PASSED] - out.println("Begin Record Number: " + row): null

05-10-2024T00:32:22 - [TEST_STEP][PASSED] - today = new java.util.Date(): null

05-10-2024T00:32:22 - [TEST_STEP][PASSED] - println(today): null

05-10-2024T00:32:22 - [TEST_STEP][PASSED] - datText = today: null

05-10-2024T00:32:22 - [TEST_STEP][PASSED] - EmulatorDataKey = findTestData(dataFile).getValue("EmulatorData", row): null

05-10-2024T00:32:22 - [TEST_STEP][PASSED] - out.println("Value of Emulator Key is : " + EmulatorDataKey): null

05-10-2024T00:32:22 - [TEST_STEP][PASSED] - iwpPages.emulatorIWP30.setDataEmulator_DD(EmulatorDataKey): iwpPages.emulatorIWP30.setDataEmulator_DD is PASSED

05-10-2024T00:32:23 - [MESSAGE][INFO] - Starting 'Edge Chromium' driver

05-10-2024T00:32:23 - [MESSAGE][INFO] - User set preference: ['acceptInsecureCerts', 'true']

05-10-2024T00:32:25 - [MESSAGE][INFO] - Action delay is set to 0 milliseconds

05-10-2024T00:32:28 - [MESSAGE][PASSED] - Browser is opened with url: 'https://qa.velocitypayment.com/agency/config.do?action=editor&message_version=2_5'

05-10-2024T00:32:28 - [MESSAGE][PASSED] - Current window maximized

05-10-2024T00:32:29 - [MESSAGE][PASSED] - All options with value '2.5' are selected in object 'Object Repository/IWP30/Page_VRelay30Emulator/MV'  using regular expression

05-10-2024T00:32:30 - [MESSAGE][PASSED] - Text '10.50' is set on object 'Object Repository/IWP30/Page_VRelay30Emulator/Amount'

05-10-2024T00:32:30 - [MESSAGE][PASSED] - Text 'fuyzTHGu02CC' is set on object 'Object Repository/IWP30/Page_VRelay30Emulator/CAN'

05-10-2024T00:32:31 - [MESSAGE][PASSED] - Text 'PayNow' is set on object 'Object Repository/IWP30/Page_VRelay30Emulator/Action'

05-10-2024T00:32:32 - [MESSAGE][PASSED] - Text 'en_US' is set on object 'Object Repository/IWP30/Page_VRelay30Emulator/Lang'

05-10-2024T00:32:32 - [MESSAGE][PASSED] - Text 'Jasmine' is set on object 'Object Repository/IWP30/Page_VRelay30Emulator/Fname'

05-10-2024T00:32:33 - [MESSAGE][PASSED] - Text 'Patrinol' is set on object 'Object Repository/IWP30/Page_VRelay30Emulator/Lname'

05-10-2024T00:32:33 - [MESSAGE][PASSED] - Text '258 Underwood rd' is set on object 'Object Repository/IWP30/Page_VRelay30Emulator/AL1'

05-10-2024T00:32:34 - [MESSAGE][PASSED] - Text 'Suite 600' is set on object 'Object Repository/IWP30/Page_VRelay30Emulator/AL2'

05-10-2024T00:32:35 - [MESSAGE][PASSED] - Text '840' is set on object 'Object Repository/IWP30/Page_VRelay30Emulator/Country'

05-10-2024T00:32:35 - [MESSAGE][PASSED] - Text 'Arlington' is set on object 'Object Repository/IWP30/Page_VRelay30Emulator/City'

05-10-2024T00:32:36 - [MESSAGE][PASSED] - Text 'VA' is set on object 'Object Repository/IWP30/Page_VRelay30Emulator/State'

05-10-2024T00:32:36 - [MESSAGE][PASSED] - Text '22201' is set on object 'Object Repository/IWP30/Page_VRelay30Emulator/ZIP'

05-10-2024T00:32:37 - [MESSAGE][PASSED] - Text '' is set on object 'Object Repository/IWP30/Page_VRelay30Emulator/Order'

05-10-2024T00:32:38 - [MESSAGE][PASSED] - Text 'Some Company' is set on object 'Object Repository/IWP30/Page_VRelay30Emulator/Company'

05-10-2024T00:32:38 - [MESSAGE][PASSED] - Text 'iahmed@govolution.com' is set on object 'Object Repository/IWP30/Page_VRelay30Emulator/Email'

05-10-2024T00:32:39 - [MESSAGE][PASSED] - Text 'udf data 1' is set on object 'Object Repository/IWP30/Page_VRelay30Emulator/UDF1'

05-10-2024T00:32:39 - [MESSAGE][PASSED] - Text 'udf data 2' is set on object 'Object Repository/IWP30/Page_VRelay30Emulator/UDF2'

05-10-2024T00:32:40 - [MESSAGE][PASSED] - Text 'udf data 3' is set on object 'Object Repository/IWP30/Page_VRelay30Emulator/UDF3'

05-10-2024T00:32:40 - [MESSAGE][PASSED] - Text 'udf data 4' is set on object 'Object Repository/IWP30/Page_VRelay30Emulator/UDF4'

05-10-2024T00:32:41 - [MESSAGE][PASSED] - Text 'udf data 5' is set on object 'Object Repository/IWP30/Page_VRelay30Emulator/UDF5'

05-10-2024T00:32:42 - [MESSAGE][PASSED] - Text 'udf data 6' is set on object 'Object Repository/IWP30/Page_VRelay30Emulator/UDF6'

05-10-2024T00:32:42 - [MESSAGE][PASSED] - Text 'Orange' is set on object 'Object Repository/IWP30/Page_VRelay30Emulator/UDF7'

05-10-2024T00:32:43 - [MESSAGE][PASSED] - Text 'Soccer' is set on object 'Object Repository/IWP30/Page_VRelay30Emulator/UDF8'

05-10-2024T00:32:43 - [MESSAGE][PASSED] - Text 'udf data 9' is set on object 'Object Repository/IWP30/Page_VRelay30Emulator/UDF9'

05-10-2024T00:32:44 - [MESSAGE][PASSED] - Text 'udf data 10' is set on object 'Object Repository/IWP30/Page_VRelay30Emulator/UDF10'

05-10-2024T00:32:45 - [MESSAGE][PASSED] - Object: 'Object Repository/IWP30/Page_VRelay30Emulator/Submit' is clicked on

05-10-2024T00:32:50 - [MESSAGE][PASSED] - Browser is closed

05-10-2024T00:32:54 - [MESSAGE][PASSED] - iwpPages.emulatorIWP30.setDataEmulator_DD is PASSED

05-10-2024T00:32:54 - [TEST_STEP][PASSED] - testHarnessURL = urlTestHarness: null

05-10-2024T00:32:54 - [TEST_STEP][PASSED] - openBrowser(testHarnessURL): Browser is opened with url: 'https://dev-algorithm.govolution.com/vrelaytest/QA/version_2_2/vrelaytest.html'

05-10-2024T00:32:54 - [MESSAGE][INFO] - Starting 'Edge Chromium' driver

05-10-2024T00:32:54 - [MESSAGE][INFO] - User set preference: ['acceptInsecureCerts', 'true']

05-10-2024T00:32:56 - [MESSAGE][INFO] - Action delay is set to 0 milliseconds

05-10-2024T00:32:59 - [MESSAGE][PASSED] - Browser is opened with url: 'https://dev-algorithm.govolution.com/vrelaytest/QA/version_2_2/vrelaytest.html'

05-10-2024T00:32:59 - [TEST_STEP][PASSED] - maximizeWindow(): Current window maximized

05-10-2024T00:32:59 - [MESSAGE][PASSED] - Current window maximized

05-10-2024T00:32:59 - [TEST_STEP][PASSED] - iwpPages.TestHarnessPage.setDataMethod(row, dataFile): iwpPages.TestHarnessPage.setDataMethod is PASSED

05-10-2024T00:33:00 - [MESSAGE][PASSED] - Object 'Object Repository/IWP30/Page_QATestHarness/RemittanceID' is present

05-10-2024T00:33:00 - [MESSAGE][PASSED] - Text '638' is set on object 'Object Repository/IWP30/Page_QATestHarness/ApplicationID'

05-10-2024T00:33:01 - [MESSAGE][PASSED] - Text '2.5' is set on object 'Object Repository/IWP30/Page_QATestHarness/MessageVersion'

05-10-2024T00:33:02 - [MESSAGE][PASSED] - Text 'atDwkEWTmSnt' is set on object 'Object Repository/IWP30/Page_QATestHarness/RemittanceID'

05-10-2024T00:33:05 - [MESSAGE][PASSED] - Object: 'Object Repository/IWP30/Page_QATestHarness/SubmitButton' is clicked on

05-10-2024T00:33:05 - [MESSAGE][PASSED] - iwpPages.TestHarnessPage.setDataMethod is PASSED

05-10-2024T00:33:05 - [TEST_STEP][PASSED] - click(findTestObject("Object Repository/IWP30/Page_SelectPaymentMethod/PayByCreditCard")): Object: 'Object Repository/IWP30/Page_SelectPaymentMethod/PayByCreditCard' is clicked on

05-10-2024T00:33:06 - [MESSAGE][PASSED] - Object: 'Object Repository/IWP30/Page_SelectPaymentMethod/PayByCreditCard' is clicked on

05-10-2024T00:33:06 - [TEST_STEP][PASSED] - click(findTestObject("Object Repository/IWP30/Page_SelectPaymentMethod/MakePaymentButton")): Object: 'Object Repository/IWP30/Page_SelectPaymentMethod/MakePaymentButton' is clicked on

05-10-2024T00:33:08 - [MESSAGE][PASSED] - Object: 'Object Repository/IWP30/Page_SelectPaymentMethod/MakePaymentButton' is clicked on

05-10-2024T00:33:08 - [TEST_STEP][PASSED] - iwpPages.ccPaymentEntryPage.setDataCCPM(row, dataFile): iwpPages.ccPaymentEntryPage.setDataCCPM is PASSED

05-10-2024T00:33:09 - [MESSAGE][PASSED] - Object 'Object Repository/IWP30/Page_CCPaymentEntry/Name' is present

05-10-2024T00:33:10 - [MESSAGE][PASSED] - Text '11.50' is set on object 'Object Repository/IWP30/Page_CCPaymentEntry/Amount'

05-10-2024T00:33:10 - [MESSAGE][PASSED] - All options with label 'Soccer' are selected in object 'Object Repository/IWP30/Page_CCPaymentEntry/UserDefined8' 

05-10-2024T00:33:10 - [MESSAGE][PASSED] - Object 'Object Repository/IWP30/Page_CCPaymentEntry/Name' is present

05-10-2024T00:33:11 - [MESSAGE][PASSED] - Object 'Object Repository/IWP30/Page_CCPaymentEntry/CardNumber' is present

05-10-2024T00:33:11 - [MESSAGE][PASSED] - Text '4111111111111111' is set on object 'Object Repository/IWP30/Page_CCPaymentEntry/CardNumber'

05-10-2024T00:33:12 - [MESSAGE][PASSED] - Text '123' is set on object 'Object Repository/IWP30/Page_CCPaymentEntry/SPC'

05-10-2024T00:33:12 - [MESSAGE][PASSED] - Object 'Object Repository/IWP30/Page_CCPaymentEntry/Month' is present

05-10-2024T00:33:13 - [MESSAGE][PASSED] - All options with label '09' are selected in object 'Object Repository/IWP30/Page_CCPaymentEntry/Month' 

05-10-2024T00:33:13 - [MESSAGE][PASSED] - Object 'Object Repository/IWP30/Page_CCPaymentEntry/Year' is present

05-10-2024T00:33:14 - [MESSAGE][PASSED] - All options with label '2028' are selected in object 'Object Repository/IWP30/Page_CCPaymentEntry/Year' 

05-10-2024T00:33:14 - [MESSAGE][PASSED] - Object 'Object Repository/IWP30/Page_CCPaymentEntry/EmailAddress' is present

05-10-2024T00:33:14 - [MESSAGE][PASSED] - Object 'Object Repository/IWP30/Page_CCPaymentEntry/TermCondCheckBox' is present

05-10-2024T00:33:14 - [MESSAGE][PASSED] - Object 'Object Repository/IWP30/Page_CCPaymentEntry/TermCondCheckBox' is checked

05-10-2024T00:33:15 - [MESSAGE][PASSED] - Object 'Object Repository/IWP30/Page_CCPaymentEntry/ContinueButton' is present

05-10-2024T00:33:16 - [MESSAGE][PASSED] - Object: 'Object Repository/IWP30/Page_CCPaymentEntry/ContinueButton' is clicked on

05-10-2024T00:33:16 - [MESSAGE][PASSED] - iwpPages.ccPaymentEntryPage.setDataCCPM is PASSED

05-10-2024T00:33:16 - [TEST_STEP][PASSED] - click(findTestObject("Object Repository/IWP30/Page_Confirmation/ConfirmButton")): Object: 'Object Repository/IWP30/Page_Confirmation/ConfirmButton' is clicked on

05-10-2024T00:33:18 - [MESSAGE][PASSED] - Object: 'Object Repository/IWP30/Page_Confirmation/ConfirmButton' is clicked on

05-10-2024T00:33:18 - [TEST_STEP][PASSED] - Thread.sleep(10000): null

05-10-2024T00:33:28 - [TEST_STEP][PASSED] - if (verifyTextPresent("Successful Payment Receipt", false)): null

05-10-2024T00:33:28 - [MESSAGE][PASSED] - Text 'Successful Payment Receipt' is present on page 

05-10-2024T00:33:28 - [TEST_STEP][PASSED] - println("Successful Payment Receipt text is present on the Receipt page"): null

05-10-2024T00:33:28 - [TEST_STEP][PASSED] - markPassed("Successful Payment Receipt text is present on the Receipt page"): Successful Payment Receipt text is present on the Receipt page

05-10-2024T00:33:28 - [MESSAGE][PASSED] - Successful Payment Receipt text is present on the Receipt page

05-10-2024T00:33:28 - [TEST_STEP][PASSED] - resText = "Pass": null

05-10-2024T00:33:28 - [TEST_STEP][PASSED] - pages.WriteExcel.demoKey(resText, datText, resColumn, datCloumn, fileLoc, nameSheet, row): pages.WriteExcel.demoKey is PASSED

05-10-2024T00:33:28 - [MESSAGE][PASSED] - pages.WriteExcel.demoKey is PASSED

05-10-2024T00:33:28 - [TEST_STEP][PASSED] - closeBrowser(): Browser is closed

05-10-2024T00:33:29 - [MESSAGE][PASSED] - Browser is closed

05-10-2024T00:33:29 - [TEST_STEP][PASSED] - ExecuteTC = findTestData(dataFile).getValue("Execute", row): null

05-10-2024T00:33:29 - [TEST_STEP][PASSED] - out.println("Value of Execute is : " + ExecuteTC): null

05-10-2024T00:33:29 - [TEST_STEP][PASSED] - if (ExecuteTC.equalsIgnoreCase("Y")): null

05-10-2024T00:33:29 - [TEST_STEP][PASSED] - out.println("Begin Record Number: " + row): null

05-10-2024T00:33:29 - [TEST_STEP][PASSED] - today = new java.util.Date(): null

05-10-2024T00:33:29 - [TEST_STEP][PASSED] - println(today): null

05-10-2024T00:33:29 - [TEST_STEP][PASSED] - datText = today: null

05-10-2024T00:33:29 - [TEST_STEP][PASSED] - EmulatorDataKey = findTestData(dataFile).getValue("EmulatorData", row): null

05-10-2024T00:33:29 - [TEST_STEP][PASSED] - out.println("Value of Emulator Key is : " + EmulatorDataKey): null

05-10-2024T00:33:29 - [TEST_STEP][PASSED] - iwpPages.emulatorIWP30.setDataEmulator_DD(EmulatorDataKey): iwpPages.emulatorIWP30.setDataEmulator_DD is PASSED

05-10-2024T00:33:29 - [MESSAGE][INFO] - Starting 'Edge Chromium' driver

05-10-2024T00:33:29 - [MESSAGE][INFO] - User set preference: ['acceptInsecureCerts', 'true']

05-10-2024T00:33:31 - [MESSAGE][INFO] - Action delay is set to 0 milliseconds

05-10-2024T00:33:34 - [MESSAGE][PASSED] - Browser is opened with url: 'https://qa.velocitypayment.com/agency/config.do?action=editor&message_version=2_5'

05-10-2024T00:33:34 - [MESSAGE][PASSED] - Current window maximized

05-10-2024T00:33:35 - [MESSAGE][PASSED] - All options with value '2.5' are selected in object 'Object Repository/IWP30/Page_VRelay30Emulator/MV'  using regular expression

05-10-2024T00:33:36 - [MESSAGE][PASSED] - Text '10.50' is set on object 'Object Repository/IWP30/Page_VRelay30Emulator/Amount'

05-10-2024T00:33:36 - [MESSAGE][PASSED] - Text 'mISb8T1qcWc9' is set on object 'Object Repository/IWP30/Page_VRelay30Emulator/CAN'

05-10-2024T00:33:37 - [MESSAGE][PASSED] - Text 'PayNow' is set on object 'Object Repository/IWP30/Page_VRelay30Emulator/Action'

05-10-2024T00:33:38 - [MESSAGE][PASSED] - Text 'en_US' is set on object 'Object Repository/IWP30/Page_VRelay30Emulator/Lang'

05-10-2024T00:33:38 - [MESSAGE][PASSED] - Text 'Jasmine' is set on object 'Object Repository/IWP30/Page_VRelay30Emulator/Fname'

05-10-2024T00:33:39 - [MESSAGE][PASSED] - Text 'Patrinol' is set on object 'Object Repository/IWP30/Page_VRelay30Emulator/Lname'

05-10-2024T00:33:40 - [MESSAGE][PASSED] - Text '258 Underwood rd' is set on object 'Object Repository/IWP30/Page_VRelay30Emulator/AL1'

05-10-2024T00:33:40 - [MESSAGE][PASSED] - Text 'Suite 600' is set on object 'Object Repository/IWP30/Page_VRelay30Emulator/AL2'

05-10-2024T00:33:41 - [MESSAGE][PASSED] - Text '840' is set on object 'Object Repository/IWP30/Page_VRelay30Emulator/Country'

05-10-2024T00:33:41 - [MESSAGE][PASSED] - Text 'Arlington' is set on object 'Object Repository/IWP30/Page_VRelay30Emulator/City'

05-10-2024T00:33:42 - [MESSAGE][PASSED] - Text 'VA' is set on object 'Object Repository/IWP30/Page_VRelay30Emulator/State'

05-10-2024T00:33:42 - [MESSAGE][PASSED] - Text '22201' is set on object 'Object Repository/IWP30/Page_VRelay30Emulator/ZIP'

05-10-2024T00:33:43 - [MESSAGE][PASSED] - Text '' is set on object 'Object Repository/IWP30/Page_VRelay30Emulator/Order'

05-10-2024T00:33:44 - [MESSAGE][PASSED] - Text 'Some Company' is set on object 'Object Repository/IWP30/Page_VRelay30Emulator/Company'

05-10-2024T00:33:44 - [MESSAGE][PASSED] - Text 'iahmed@govolution.com' is set on object 'Object Repository/IWP30/Page_VRelay30Emulator/Email'

05-10-2024T00:33:45 - [MESSAGE][PASSED] - Text 'udf data 1' is set on object 'Object Repository/IWP30/Page_VRelay30Emulator/UDF1'

05-10-2024T00:33:45 - [MESSAGE][PASSED] - Text 'udf data 2' is set on object 'Object Repository/IWP30/Page_VRelay30Emulator/UDF2'

05-10-2024T00:33:46 - [MESSAGE][PASSED] - Text 'udf data 3' is set on object 'Object Repository/IWP30/Page_VRelay30Emulator/UDF3'

05-10-2024T00:33:47 - [MESSAGE][PASSED] - Text 'udf data 4' is set on object 'Object Repository/IWP30/Page_VRelay30Emulator/UDF4'

05-10-2024T00:33:47 - [MESSAGE][PASSED] - Text 'udf data 5' is set on object 'Object Repository/IWP30/Page_VRelay30Emulator/UDF5'

05-10-2024T00:33:48 - [MESSAGE][PASSED] - Text 'udf data 6' is set on object 'Object Repository/IWP30/Page_VRelay30Emulator/UDF6'

05-10-2024T00:33:48 - [MESSAGE][PASSED] - Text 'Orange' is set on object 'Object Repository/IWP30/Page_VRelay30Emulator/UDF7'

05-10-2024T00:33:49 - [MESSAGE][PASSED] - Text 'Soccer' is set on object 'Object Repository/IWP30/Page_VRelay30Emulator/UDF8'

05-10-2024T00:33:50 - [MESSAGE][PASSED] - Text 'udf data 9' is set on object 'Object Repository/IWP30/Page_VRelay30Emulator/UDF9'

05-10-2024T00:33:50 - [MESSAGE][PASSED] - Text 'udf data 10' is set on object 'Object Repository/IWP30/Page_VRelay30Emulator/UDF10'

05-10-2024T00:33:51 - [MESSAGE][PASSED] - Object: 'Object Repository/IWP30/Page_VRelay30Emulator/Submit' is clicked on

05-10-2024T00:33:56 - [MESSAGE][PASSED] - Browser is closed

05-10-2024T00:34:00 - [MESSAGE][PASSED] - iwpPages.emulatorIWP30.setDataEmulator_DD is PASSED

05-10-2024T00:34:00 - [TEST_STEP][PASSED] - testHarnessURL = urlTestHarness: null

05-10-2024T00:34:00 - [TEST_STEP][PASSED] - openBrowser(testHarnessURL): Browser is opened with url: 'https://dev-algorithm.govolution.com/vrelaytest/QA/version_2_2/vrelaytest.html'

05-10-2024T00:34:00 - [MESSAGE][INFO] - Starting 'Edge Chromium' driver

05-10-2024T00:34:00 - [MESSAGE][INFO] - User set preference: ['acceptInsecureCerts', 'true']

05-10-2024T00:34:02 - [MESSAGE][INFO] - Action delay is set to 0 milliseconds

05-10-2024T00:34:06 - [MESSAGE][PASSED] - Browser is opened with url: 'https://dev-algorithm.govolution.com/vrelaytest/QA/version_2_2/vrelaytest.html'

05-10-2024T00:34:06 - [TEST_STEP][PASSED] - maximizeWindow(): Current window maximized

05-10-2024T00:34:06 - [MESSAGE][PASSED] - Current window maximized

05-10-2024T00:34:06 - [TEST_STEP][PASSED] - iwpPages.TestHarnessPage.setDataMethod(row, dataFile): iwpPages.TestHarnessPage.setDataMethod is PASSED

05-10-2024T00:34:06 - [MESSAGE][PASSED] - Object 'Object Repository/IWP30/Page_QATestHarness/RemittanceID' is present

05-10-2024T00:34:07 - [MESSAGE][PASSED] - Text '638' is set on object 'Object Repository/IWP30/Page_QATestHarness/ApplicationID'

05-10-2024T00:34:07 - [MESSAGE][PASSED] - Text '2.5' is set on object 'Object Repository/IWP30/Page_QATestHarness/MessageVersion'

05-10-2024T00:34:08 - [MESSAGE][PASSED] - Text 'TmmZ4J06Wo9g' is set on object 'Object Repository/IWP30/Page_QATestHarness/RemittanceID'

05-10-2024T00:34:12 - [MESSAGE][PASSED] - Object: 'Object Repository/IWP30/Page_QATestHarness/SubmitButton' is clicked on

05-10-2024T00:34:12 - [MESSAGE][PASSED] - iwpPages.TestHarnessPage.setDataMethod is PASSED

05-10-2024T00:34:12 - [TEST_STEP][PASSED] - click(findTestObject("Object Repository/IWP30/Page_SelectPaymentMethod/PayByCreditCard")): Object: 'Object Repository/IWP30/Page_SelectPaymentMethod/PayByCreditCard' is clicked on

05-10-2024T00:34:13 - [MESSAGE][PASSED] - Object: 'Object Repository/IWP30/Page_SelectPaymentMethod/PayByCreditCard' is clicked on

05-10-2024T00:34:13 - [TEST_STEP][PASSED] - click(findTestObject("Object Repository/IWP30/Page_SelectPaymentMethod/MakePaymentButton")): Object: 'Object Repository/IWP30/Page_SelectPaymentMethod/MakePaymentButton' is clicked on

05-10-2024T00:34:15 - [MESSAGE][PASSED] - Object: 'Object Repository/IWP30/Page_SelectPaymentMethod/MakePaymentButton' is clicked on

05-10-2024T00:34:15 - [TEST_STEP][PASSED] - iwpPages.ccPaymentEntryPage.setDataCCPM(row, dataFile): iwpPages.ccPaymentEntryPage.setDataCCPM is PASSED

05-10-2024T00:34:16 - [MESSAGE][PASSED] - Object 'Object Repository/IWP30/Page_CCPaymentEntry/Name' is present

05-10-2024T00:34:16 - [MESSAGE][PASSED] - Text '9.50' is set on object 'Object Repository/IWP30/Page_CCPaymentEntry/Amount'

05-10-2024T00:34:17 - [MESSAGE][PASSED] - All options with label 'Soccer' are selected in object 'Object Repository/IWP30/Page_CCPaymentEntry/UserDefined8' 

05-10-2024T00:34:17 - [MESSAGE][PASSED] - Object 'Object Repository/IWP30/Page_CCPaymentEntry/Name' is present

05-10-2024T00:34:17 - [MESSAGE][PASSED] - Object 'Object Repository/IWP30/Page_CCPaymentEntry/CardNumber' is present

05-10-2024T00:34:18 - [MESSAGE][PASSED] - Text '4111111111111111' is set on object 'Object Repository/IWP30/Page_CCPaymentEntry/CardNumber'

05-10-2024T00:34:18 - [MESSAGE][PASSED] - Text '123' is set on object 'Object Repository/IWP30/Page_CCPaymentEntry/SPC'

05-10-2024T00:34:19 - [MESSAGE][PASSED] - Object 'Object Repository/IWP30/Page_CCPaymentEntry/Month' is present

05-10-2024T00:34:19 - [MESSAGE][PASSED] - All options with label '09' are selected in object 'Object Repository/IWP30/Page_CCPaymentEntry/Month' 

05-10-2024T00:34:20 - [MESSAGE][PASSED] - Object 'Object Repository/IWP30/Page_CCPaymentEntry/Year' is present

05-10-2024T00:34:20 - [MESSAGE][PASSED] - All options with label '2028' are selected in object 'Object Repository/IWP30/Page_CCPaymentEntry/Year' 

05-10-2024T00:34:20 - [MESSAGE][PASSED] - Object 'Object Repository/IWP30/Page_CCPaymentEntry/EmailAddress' is present

05-10-2024T00:34:21 - [MESSAGE][PASSED] - Object 'Object Repository/IWP30/Page_CCPaymentEntry/TermCondCheckBox' is present

05-10-2024T00:34:21 - [MESSAGE][PASSED] - Object 'Object Repository/IWP30/Page_CCPaymentEntry/TermCondCheckBox' is checked

05-10-2024T00:34:21 - [MESSAGE][PASSED] - Object 'Object Repository/IWP30/Page_CCPaymentEntry/ContinueButton' is present

05-10-2024T00:34:22 - [MESSAGE][PASSED] - Object: 'Object Repository/IWP30/Page_CCPaymentEntry/ContinueButton' is clicked on

05-10-2024T00:34:22 - [MESSAGE][PASSED] - iwpPages.ccPaymentEntryPage.setDataCCPM is PASSED

05-10-2024T00:34:22 - [TEST_STEP][PASSED] - click(findTestObject("Object Repository/IWP30/Page_Confirmation/ConfirmButton")): Object: 'Object Repository/IWP30/Page_Confirmation/ConfirmButton' is clicked on

05-10-2024T00:34:24 - [MESSAGE][PASSED] - Object: 'Object Repository/IWP30/Page_Confirmation/ConfirmButton' is clicked on

05-10-2024T00:34:24 - [TEST_STEP][PASSED] - Thread.sleep(10000): null

05-10-2024T00:34:34 - [TEST_STEP][PASSED] - if (verifyTextPresent("Successful Payment Receipt", false)): null

05-10-2024T00:34:34 - [MESSAGE][PASSED] - Text 'Successful Payment Receipt' is present on page 

05-10-2024T00:34:34 - [TEST_STEP][PASSED] - println("Successful Payment Receipt text is present on the Receipt page"): null

05-10-2024T00:34:34 - [TEST_STEP][PASSED] - markPassed("Successful Payment Receipt text is present on the Receipt page"): Successful Payment Receipt text is present on the Receipt page

05-10-2024T00:34:34 - [MESSAGE][PASSED] - Successful Payment Receipt text is present on the Receipt page

05-10-2024T00:34:34 - [TEST_STEP][PASSED] - resText = "Pass": null

05-10-2024T00:34:34 - [TEST_STEP][PASSED] - pages.WriteExcel.demoKey(resText, datText, resColumn, datCloumn, fileLoc, nameSheet, row): pages.WriteExcel.demoKey is PASSED

05-10-2024T00:34:34 - [MESSAGE][PASSED] - pages.WriteExcel.demoKey is PASSED

05-10-2024T00:34:34 - [TEST_STEP][PASSED] - closeBrowser(): Browser is closed

05-10-2024T00:34:35 - [MESSAGE][PASSED] - Browser is closed]]></system-out>
         <system-err><![CDATA[]]></system-err>
      </testcase>
      <testcase name="Test Cases/IntegratedWeb/IWP25/Payments/OverAndUnderPayPC" time="136.134" classname="Test Cases/IntegratedWeb/IWP25/Payments/OverAndUnderPayPC" status="PASSED">
         <system-out><![CDATA[05-10-2024T00:34:35 - [TEST_CASE][PASSED] - Test Cases/IntegratedWeb/IWP25/Payments/OverAndUnderPayPC: Test Cases/IntegratedWeb/IWP25/Payments/OverAndUnderPayPC

05-10-2024T00:34:35 - [TEST_STEP][PASSED] - resText = "Fail": null

05-10-2024T00:34:35 - [TEST_STEP][PASSED] - resColumn = "Result": null

05-10-2024T00:34:35 - [TEST_STEP][PASSED] - datCloumn = "Date": null

05-10-2024T00:34:35 - [TEST_STEP][PASSED] - fileLoc = "KatalonData/IWPTestData/VRelay25Payments.xlsx": null

05-10-2024T00:34:35 - [TEST_STEP][PASSED] - numOfRows = <not implemented yet for class: org.codehaus.groovy.ast.expr.EmptyExpression>: null

05-10-2024T00:34:35 - [TEST_STEP][PASSED] - dataFile = <not implemented yet for class: org.codehaus.groovy.ast.expr.EmptyExpression>: null

05-10-2024T00:34:35 - [TEST_STEP][PASSED] - nameSheet = <not implemented yet for class: org.codehaus.groovy.ast.expr.EmptyExpression>: null

05-10-2024T00:34:35 - [TEST_STEP][PASSED] - dataFileEmulator = <not implemented yet for class: org.codehaus.groovy.ast.expr.EmptyExpression>: null

05-10-2024T00:34:35 - [TEST_STEP][PASSED] - isRequiredTextPresent = false: null

05-10-2024T00:34:35 - [TEST_STEP][PASSED] - nameSheet = "OverAndUnderPayPC": null

05-10-2024T00:34:35 - [TEST_STEP][PASSED] - dataFile = "IWPTestData/IWP25OverAndUnderPayPC": null

05-10-2024T00:34:35 - [TEST_STEP][PASSED] - dataFileEmulator = "IWPTestData/EmulatorData": null

05-10-2024T00:34:35 - [TEST_STEP][PASSED] - numOfRows = findTestData(dataFile).getRowNumbers(): null

05-10-2024T00:34:35 - [TEST_STEP][PASSED] - println("Number of Records: " + numOfRows): null

05-10-2024T00:34:35 - [TEST_STEP][PASSED] - for ([row = 1, row <= numOfRows, (row++)]): Browser is closed

05-10-2024T00:34:35 - [TEST_STEP][PASSED] - ExecuteTC = findTestData(dataFile).getValue("Execute", row): null

05-10-2024T00:34:35 - [TEST_STEP][PASSED] - out.println("Value of Execute is : " + ExecuteTC): null

05-10-2024T00:34:35 - [TEST_STEP][PASSED] - if (ExecuteTC.equalsIgnoreCase("Y")): null

05-10-2024T00:34:35 - [TEST_STEP][PASSED] - out.println("Begin Record Number: " + row): null

05-10-2024T00:34:35 - [TEST_STEP][PASSED] - today = new java.util.Date(): null

05-10-2024T00:34:35 - [TEST_STEP][PASSED] - println(today): null

05-10-2024T00:34:35 - [TEST_STEP][PASSED] - datText = today: null

05-10-2024T00:34:35 - [TEST_STEP][PASSED] - EmulatorDataKey = findTestData(dataFile).getValue("EmulatorData", row): null

05-10-2024T00:34:35 - [TEST_STEP][PASSED] - out.println("Value of Emulator Key is : " + EmulatorDataKey): null

05-10-2024T00:34:35 - [TEST_STEP][PASSED] - iwpPages.emulatorIWP30.setDataEmulator_DD(EmulatorDataKey): iwpPages.emulatorIWP30.setDataEmulator_DD is PASSED

05-10-2024T00:34:35 - [MESSAGE][INFO] - Starting 'Edge Chromium' driver

05-10-2024T00:34:35 - [MESSAGE][INFO] - User set preference: ['acceptInsecureCerts', 'true']

05-10-2024T00:34:37 - [MESSAGE][INFO] - Action delay is set to 0 milliseconds

05-10-2024T00:34:41 - [MESSAGE][PASSED] - Browser is opened with url: 'https://qa.velocitypayment.com/agency/config.do?action=editor&message_version=2_5'

05-10-2024T00:34:41 - [MESSAGE][PASSED] - Current window maximized

05-10-2024T00:34:42 - [MESSAGE][PASSED] - All options with value '2.5' are selected in object 'Object Repository/IWP30/Page_VRelay30Emulator/MV'  using regular expression

05-10-2024T00:34:42 - [MESSAGE][PASSED] - Text '10.50' is set on object 'Object Repository/IWP30/Page_VRelay30Emulator/Amount'

05-10-2024T00:34:43 - [MESSAGE][PASSED] - Text 'gBtpIP44YnQT' is set on object 'Object Repository/IWP30/Page_VRelay30Emulator/CAN'

05-10-2024T00:34:44 - [MESSAGE][PASSED] - Text 'PayNow' is set on object 'Object Repository/IWP30/Page_VRelay30Emulator/Action'

05-10-2024T00:34:44 - [MESSAGE][PASSED] - Text 'en_US' is set on object 'Object Repository/IWP30/Page_VRelay30Emulator/Lang'

05-10-2024T00:34:45 - [MESSAGE][PASSED] - Text 'Jasmine' is set on object 'Object Repository/IWP30/Page_VRelay30Emulator/Fname'

05-10-2024T00:34:45 - [MESSAGE][PASSED] - Text 'Patrinol' is set on object 'Object Repository/IWP30/Page_VRelay30Emulator/Lname'

05-10-2024T00:34:46 - [MESSAGE][PASSED] - Text '258 Underwood rd' is set on object 'Object Repository/IWP30/Page_VRelay30Emulator/AL1'

05-10-2024T00:34:47 - [MESSAGE][PASSED] - Text 'Suite 600' is set on object 'Object Repository/IWP30/Page_VRelay30Emulator/AL2'

05-10-2024T00:34:47 - [MESSAGE][PASSED] - Text '840' is set on object 'Object Repository/IWP30/Page_VRelay30Emulator/Country'

05-10-2024T00:34:48 - [MESSAGE][PASSED] - Text 'Arlington' is set on object 'Object Repository/IWP30/Page_VRelay30Emulator/City'

05-10-2024T00:34:48 - [MESSAGE][PASSED] - Text 'VA' is set on object 'Object Repository/IWP30/Page_VRelay30Emulator/State'

05-10-2024T00:34:49 - [MESSAGE][PASSED] - Text '22201' is set on object 'Object Repository/IWP30/Page_VRelay30Emulator/ZIP'

05-10-2024T00:34:49 - [MESSAGE][PASSED] - Text '' is set on object 'Object Repository/IWP30/Page_VRelay30Emulator/Order'

05-10-2024T00:34:50 - [MESSAGE][PASSED] - Text 'Some Company' is set on object 'Object Repository/IWP30/Page_VRelay30Emulator/Company'

05-10-2024T00:34:51 - [MESSAGE][PASSED] - Text 'iahmed@govolution.com' is set on object 'Object Repository/IWP30/Page_VRelay30Emulator/Email'

05-10-2024T00:34:51 - [MESSAGE][PASSED] - Text 'udf data 1' is set on object 'Object Repository/IWP30/Page_VRelay30Emulator/UDF1'

05-10-2024T00:34:52 - [MESSAGE][PASSED] - Text 'udf data 2' is set on object 'Object Repository/IWP30/Page_VRelay30Emulator/UDF2'

05-10-2024T00:34:52 - [MESSAGE][PASSED] - Text 'udf data 3' is set on object 'Object Repository/IWP30/Page_VRelay30Emulator/UDF3'

05-10-2024T00:34:53 - [MESSAGE][PASSED] - Text 'udf data 4' is set on object 'Object Repository/IWP30/Page_VRelay30Emulator/UDF4'

05-10-2024T00:34:54 - [MESSAGE][PASSED] - Text 'udf data 5' is set on object 'Object Repository/IWP30/Page_VRelay30Emulator/UDF5'

05-10-2024T00:34:54 - [MESSAGE][PASSED] - Text 'udf data 6' is set on object 'Object Repository/IWP30/Page_VRelay30Emulator/UDF6'

05-10-2024T00:34:55 - [MESSAGE][PASSED] - Text 'Orange' is set on object 'Object Repository/IWP30/Page_VRelay30Emulator/UDF7'

05-10-2024T00:34:55 - [MESSAGE][PASSED] - Text 'Soccer' is set on object 'Object Repository/IWP30/Page_VRelay30Emulator/UDF8'

05-10-2024T00:34:56 - [MESSAGE][PASSED] - Text 'udf data 9' is set on object 'Object Repository/IWP30/Page_VRelay30Emulator/UDF9'

05-10-2024T00:34:57 - [MESSAGE][PASSED] - Text 'udf data 10' is set on object 'Object Repository/IWP30/Page_VRelay30Emulator/UDF10'

05-10-2024T00:34:58 - [MESSAGE][PASSED] - Object: 'Object Repository/IWP30/Page_VRelay30Emulator/Submit' is clicked on

05-10-2024T00:35:02 - [MESSAGE][PASSED] - Browser is closed

05-10-2024T00:35:06 - [MESSAGE][PASSED] - iwpPages.emulatorIWP30.setDataEmulator_DD is PASSED

05-10-2024T00:35:06 - [TEST_STEP][PASSED] - testHarnessURL = urlTestHarness: null

05-10-2024T00:35:06 - [TEST_STEP][PASSED] - openBrowser(testHarnessURL): Browser is opened with url: 'https://dev-algorithm.govolution.com/vrelaytest/QA/version_2_2/vrelaytest.html'

05-10-2024T00:35:06 - [MESSAGE][INFO] - Starting 'Edge Chromium' driver

05-10-2024T00:35:06 - [MESSAGE][INFO] - User set preference: ['acceptInsecureCerts', 'true']

05-10-2024T00:35:08 - [MESSAGE][INFO] - Action delay is set to 0 milliseconds

05-10-2024T00:35:12 - [MESSAGE][PASSED] - Browser is opened with url: 'https://dev-algorithm.govolution.com/vrelaytest/QA/version_2_2/vrelaytest.html'

05-10-2024T00:35:12 - [TEST_STEP][PASSED] - maximizeWindow(): Current window maximized

05-10-2024T00:35:12 - [MESSAGE][PASSED] - Current window maximized

05-10-2024T00:35:12 - [TEST_STEP][PASSED] - iwpPages.TestHarnessPage.setDataMethod(row, dataFile): iwpPages.TestHarnessPage.setDataMethod is PASSED

05-10-2024T00:35:12 - [MESSAGE][PASSED] - Object 'Object Repository/IWP30/Page_QATestHarness/RemittanceID' is present

05-10-2024T00:35:13 - [MESSAGE][PASSED] - Text '638' is set on object 'Object Repository/IWP30/Page_QATestHarness/ApplicationID'

05-10-2024T00:35:14 - [MESSAGE][PASSED] - Text '2.5' is set on object 'Object Repository/IWP30/Page_QATestHarness/MessageVersion'

05-10-2024T00:35:14 - [MESSAGE][PASSED] - Text 'RH1ISgRuvAOC' is set on object 'Object Repository/IWP30/Page_QATestHarness/RemittanceID'

05-10-2024T00:35:17 - [MESSAGE][PASSED] - Object: 'Object Repository/IWP30/Page_QATestHarness/SubmitButton' is clicked on

05-10-2024T00:35:17 - [MESSAGE][PASSED] - iwpPages.TestHarnessPage.setDataMethod is PASSED

05-10-2024T00:35:18 - [TEST_STEP][PASSED] - click(findTestObject("Object Repository/IWP30/Page_SelectPaymentMethod/PayByPersonalCheck")): Object: 'Object Repository/IWP30/Page_SelectPaymentMethod/PayByPersonalCheck' is clicked on

05-10-2024T00:35:18 - [MESSAGE][PASSED] - Object: 'Object Repository/IWP30/Page_SelectPaymentMethod/PayByPersonalCheck' is clicked on

05-10-2024T00:35:18 - [TEST_STEP][PASSED] - click(findTestObject("Object Repository/IWP30/Page_SelectPaymentMethod/MakePaymentButton")): Object: 'Object Repository/IWP30/Page_SelectPaymentMethod/MakePaymentButton' is clicked on

05-10-2024T00:35:20 - [MESSAGE][PASSED] - Object: 'Object Repository/IWP30/Page_SelectPaymentMethod/MakePaymentButton' is clicked on

05-10-2024T00:35:20 - [TEST_STEP][PASSED] - iwpPages.achPersonalPaymentEntryPage.setDataACHPPM(row, dataFile): iwpPages.achPersonalPaymentEntryPage.setDataACHPPM is PASSED

05-10-2024T00:35:21 - [MESSAGE][PASSED] - Object 'Object Repository/IWP30/Page_ACHPersonalPaymentEntry/txt_accountNumber' is present

05-10-2024T00:35:22 - [MESSAGE][PASSED] - Text '11.50' is set on object 'Object Repository/IWP30/Page_ACHPersonalPaymentEntry/txt_Amount'

05-10-2024T00:35:22 - [MESSAGE][PASSED] - Object 'Object Repository/IWP30/Page_ACHPersonalPaymentEntry/txt_UDF2' is present

05-10-2024T00:35:23 - [MESSAGE][PASSED] - All options with label 'Soccer' are selected in object 'Object Repository/IWP30/Page_ACHPersonalPaymentEntry/dd_UDF8' 

05-10-2024T00:35:23 - [MESSAGE][PASSED] - Object 'Object Repository/IWP30/Page_ACHPersonalPaymentEntry/txt_Firstname' is present

05-10-2024T00:35:24 - [MESSAGE][PASSED] - Text 'Elizath' is set on object 'Object Repository/IWP30/Page_ACHPersonalPaymentEntry/txt_Firstname'

05-10-2024T00:35:24 - [MESSAGE][PASSED] - Object 'Object Repository/IWP30/Page_ACHPersonalPaymentEntry/txt_Lastname' is present

05-10-2024T00:35:24 - [MESSAGE][PASSED] - Text 'Christine' is set on object 'Object Repository/IWP30/Page_ACHPersonalPaymentEntry/txt_Lastname'

05-10-2024T00:35:25 - [MESSAGE][PASSED] - Object 'Object Repository/IWP30/Page_ACHPersonalPaymentEntry/txt_routingNumber' is present

05-10-2024T00:35:25 - [MESSAGE][PASSED] - Text '256072691' is set on object 'Object Repository/IWP30/Page_ACHPersonalPaymentEntry/txt_routingNumber'

05-10-2024T00:35:26 - [MESSAGE][PASSED] - Object 'Object Repository/IWP30/Page_ACHPersonalPaymentEntry/txt_accountNumber' is present

05-10-2024T00:35:27 - [MESSAGE][PASSED] - Text '12344444' is set on object 'Object Repository/IWP30/Page_ACHPersonalPaymentEntry/txt_accountNumber'

05-10-2024T00:35:27 - [MESSAGE][PASSED] - Object 'Object Repository/IWP30/Page_ACHPersonalPaymentEntry/txt_confirmAccountNumber' is present

05-10-2024T00:35:28 - [MESSAGE][PASSED] - Text '12344444' is set on object 'Object Repository/IWP30/Page_ACHPersonalPaymentEntry/txt_confirmAccountNumber'

05-10-2024T00:35:28 - [MESSAGE][PASSED] - Object 'Object Repository/IWP30/Page_ACHPersonalPaymentEntry/rd_accountType' is present

05-10-2024T00:35:28 - [MESSAGE][PASSED] - Modify property of object successfully

05-10-2024T00:35:28 - [MESSAGE][PASSED] - Object: 'Object Repository/IWP30/Page_ACHPersonalPaymentEntry/rd_accountType' is clicked on

05-10-2024T00:35:29 - [MESSAGE][PASSED] - Object 'Object Repository/IWP30/Page_ACHPersonalPaymentEntry/txt_Email' is present

05-10-2024T00:35:29 - [MESSAGE][PASSED] - Object 'Object Repository/IWP30/Page_ACHPersonalPaymentEntry/cb_TermsAndCond' is present

05-10-2024T00:35:29 - [MESSAGE][PASSED] - Object: 'Object Repository/IWP30/Page_ACHPersonalPaymentEntry/cb_TermsAndCond' is clicked on

05-10-2024T00:35:30 - [MESSAGE][PASSED] - Object 'Object Repository/IWP30/Page_ACHPersonalPaymentEntry/btn_Continue' is present

05-10-2024T00:35:31 - [MESSAGE][PASSED] - Object: 'Object Repository/IWP30/Page_ACHPersonalPaymentEntry/btn_Continue' is clicked on

05-10-2024T00:35:31 - [MESSAGE][PASSED] - iwpPages.achPersonalPaymentEntryPage.setDataACHPPM is PASSED

05-10-2024T00:35:31 - [TEST_STEP][PASSED] - click(findTestObject("Object Repository/IWP30/Page_Confirmation/ConfirmButton")): Object: 'Object Repository/IWP30/Page_Confirmation/ConfirmButton' is clicked on

05-10-2024T00:35:32 - [MESSAGE][PASSED] - Object: 'Object Repository/IWP30/Page_Confirmation/ConfirmButton' is clicked on

05-10-2024T00:35:32 - [TEST_STEP][PASSED] - Thread.sleep(10000): null

05-10-2024T00:35:42 - [TEST_STEP][PASSED] - if (verifyTextPresent("Successful Payment Receipt", false)): null

05-10-2024T00:35:42 - [MESSAGE][PASSED] - Text 'Successful Payment Receipt' is present on page 

05-10-2024T00:35:42 - [TEST_STEP][PASSED] - println("Successful Payment Receipt text is present on the Receipt page"): null

05-10-2024T00:35:42 - [TEST_STEP][PASSED] - markPassed("Successful Payment Receipt text is present on the Receipt page"): Successful Payment Receipt text is present on the Receipt page

05-10-2024T00:35:42 - [MESSAGE][PASSED] - Successful Payment Receipt text is present on the Receipt page

05-10-2024T00:35:42 - [TEST_STEP][PASSED] - resText = "Pass": null

05-10-2024T00:35:42 - [TEST_STEP][PASSED] - pages.WriteExcel.demoKey(resText, datText, resColumn, datCloumn, fileLoc, nameSheet, row): pages.WriteExcel.demoKey is PASSED

05-10-2024T00:35:42 - [MESSAGE][PASSED] - pages.WriteExcel.demoKey is PASSED

05-10-2024T00:35:42 - [TEST_STEP][PASSED] - closeBrowser(): Browser is closed

05-10-2024T00:35:43 - [MESSAGE][PASSED] - Browser is closed

05-10-2024T00:35:43 - [TEST_STEP][PASSED] - ExecuteTC = findTestData(dataFile).getValue("Execute", row): null

05-10-2024T00:35:43 - [TEST_STEP][PASSED] - out.println("Value of Execute is : " + ExecuteTC): null

05-10-2024T00:35:43 - [TEST_STEP][PASSED] - if (ExecuteTC.equalsIgnoreCase("Y")): null

05-10-2024T00:35:43 - [TEST_STEP][PASSED] - out.println("Begin Record Number: " + row): null

05-10-2024T00:35:43 - [TEST_STEP][PASSED] - today = new java.util.Date(): null

05-10-2024T00:35:43 - [TEST_STEP][PASSED] - println(today): null

05-10-2024T00:35:43 - [TEST_STEP][PASSED] - datText = today: null

05-10-2024T00:35:43 - [TEST_STEP][PASSED] - EmulatorDataKey = findTestData(dataFile).getValue("EmulatorData", row): null

05-10-2024T00:35:43 - [TEST_STEP][PASSED] - out.println("Value of Emulator Key is : " + EmulatorDataKey): null

05-10-2024T00:35:43 - [TEST_STEP][PASSED] - iwpPages.emulatorIWP30.setDataEmulator_DD(EmulatorDataKey): iwpPages.emulatorIWP30.setDataEmulator_DD is PASSED

05-10-2024T00:35:43 - [MESSAGE][INFO] - Starting 'Edge Chromium' driver

05-10-2024T00:35:43 - [MESSAGE][INFO] - User set preference: ['acceptInsecureCerts', 'true']

05-10-2024T00:35:46 - [MESSAGE][INFO] - Action delay is set to 0 milliseconds

05-10-2024T00:35:48 - [MESSAGE][PASSED] - Browser is opened with url: 'https://qa.velocitypayment.com/agency/config.do?action=editor&message_version=2_5'

05-10-2024T00:35:48 - [MESSAGE][PASSED] - Current window maximized

05-10-2024T00:35:49 - [MESSAGE][PASSED] - All options with value '2.5' are selected in object 'Object Repository/IWP30/Page_VRelay30Emulator/MV'  using regular expression

05-10-2024T00:35:50 - [MESSAGE][PASSED] - Text '10.50' is set on object 'Object Repository/IWP30/Page_VRelay30Emulator/Amount'

05-10-2024T00:35:51 - [MESSAGE][PASSED] - Text 'uZi77gaatyoi' is set on object 'Object Repository/IWP30/Page_VRelay30Emulator/CAN'

05-10-2024T00:35:51 - [MESSAGE][PASSED] - Text 'PayNow' is set on object 'Object Repository/IWP30/Page_VRelay30Emulator/Action'

05-10-2024T00:35:52 - [MESSAGE][PASSED] - Text 'en_US' is set on object 'Object Repository/IWP30/Page_VRelay30Emulator/Lang'

05-10-2024T00:35:53 - [MESSAGE][PASSED] - Text 'Jasmine' is set on object 'Object Repository/IWP30/Page_VRelay30Emulator/Fname'

05-10-2024T00:35:53 - [MESSAGE][PASSED] - Text 'Patrinol' is set on object 'Object Repository/IWP30/Page_VRelay30Emulator/Lname'

05-10-2024T00:35:54 - [MESSAGE][PASSED] - Text '258 Underwood rd' is set on object 'Object Repository/IWP30/Page_VRelay30Emulator/AL1'

05-10-2024T00:35:54 - [MESSAGE][PASSED] - Text 'Suite 600' is set on object 'Object Repository/IWP30/Page_VRelay30Emulator/AL2'

05-10-2024T00:35:55 - [MESSAGE][PASSED] - Text '840' is set on object 'Object Repository/IWP30/Page_VRelay30Emulator/Country'

05-10-2024T00:35:56 - [MESSAGE][PASSED] - Text 'Arlington' is set on object 'Object Repository/IWP30/Page_VRelay30Emulator/City'

05-10-2024T00:35:56 - [MESSAGE][PASSED] - Text 'VA' is set on object 'Object Repository/IWP30/Page_VRelay30Emulator/State'

05-10-2024T00:35:57 - [MESSAGE][PASSED] - Text '22201' is set on object 'Object Repository/IWP30/Page_VRelay30Emulator/ZIP'

05-10-2024T00:35:57 - [MESSAGE][PASSED] - Text '' is set on object 'Object Repository/IWP30/Page_VRelay30Emulator/Order'

05-10-2024T00:35:58 - [MESSAGE][PASSED] - Text 'Some Company' is set on object 'Object Repository/IWP30/Page_VRelay30Emulator/Company'

05-10-2024T00:35:59 - [MESSAGE][PASSED] - Text 'iahmed@govolution.com' is set on object 'Object Repository/IWP30/Page_VRelay30Emulator/Email'

05-10-2024T00:35:59 - [MESSAGE][PASSED] - Text 'udf data 1' is set on object 'Object Repository/IWP30/Page_VRelay30Emulator/UDF1'

05-10-2024T00:36:00 - [MESSAGE][PASSED] - Text 'udf data 2' is set on object 'Object Repository/IWP30/Page_VRelay30Emulator/UDF2'

05-10-2024T00:36:00 - [MESSAGE][PASSED] - Text 'udf data 3' is set on object 'Object Repository/IWP30/Page_VRelay30Emulator/UDF3'

05-10-2024T00:36:01 - [MESSAGE][PASSED] - Text 'udf data 4' is set on object 'Object Repository/IWP30/Page_VRelay30Emulator/UDF4'

05-10-2024T00:36:02 - [MESSAGE][PASSED] - Text 'udf data 5' is set on object 'Object Repository/IWP30/Page_VRelay30Emulator/UDF5'

05-10-2024T00:36:02 - [MESSAGE][PASSED] - Text 'udf data 6' is set on object 'Object Repository/IWP30/Page_VRelay30Emulator/UDF6'

05-10-2024T00:36:03 - [MESSAGE][PASSED] - Text 'Orange' is set on object 'Object Repository/IWP30/Page_VRelay30Emulator/UDF7'

05-10-2024T00:36:03 - [MESSAGE][PASSED] - Text 'Soccer' is set on object 'Object Repository/IWP30/Page_VRelay30Emulator/UDF8'

05-10-2024T00:36:04 - [MESSAGE][PASSED] - Text 'udf data 9' is set on object 'Object Repository/IWP30/Page_VRelay30Emulator/UDF9'

05-10-2024T00:36:05 - [MESSAGE][PASSED] - Text 'udf data 10' is set on object 'Object Repository/IWP30/Page_VRelay30Emulator/UDF10'

05-10-2024T00:36:06 - [MESSAGE][PASSED] - Object: 'Object Repository/IWP30/Page_VRelay30Emulator/Submit' is clicked on

05-10-2024T00:36:10 - [MESSAGE][PASSED] - Browser is closed

05-10-2024T00:36:14 - [MESSAGE][PASSED] - iwpPages.emulatorIWP30.setDataEmulator_DD is PASSED

05-10-2024T00:36:14 - [TEST_STEP][PASSED] - testHarnessURL = urlTestHarness: null

05-10-2024T00:36:14 - [TEST_STEP][PASSED] - openBrowser(testHarnessURL): Browser is opened with url: 'https://dev-algorithm.govolution.com/vrelaytest/QA/version_2_2/vrelaytest.html'

05-10-2024T00:36:14 - [MESSAGE][INFO] - Starting 'Edge Chromium' driver

05-10-2024T00:36:14 - [MESSAGE][INFO] - User set preference: ['acceptInsecureCerts', 'true']

05-10-2024T00:36:16 - [MESSAGE][INFO] - Action delay is set to 0 milliseconds

05-10-2024T00:36:20 - [MESSAGE][PASSED] - Browser is opened with url: 'https://dev-algorithm.govolution.com/vrelaytest/QA/version_2_2/vrelaytest.html'

05-10-2024T00:36:20 - [TEST_STEP][PASSED] - maximizeWindow(): Current window maximized

05-10-2024T00:36:20 - [MESSAGE][PASSED] - Current window maximized

05-10-2024T00:36:20 - [TEST_STEP][PASSED] - iwpPages.TestHarnessPage.setDataMethod(row, dataFile): iwpPages.TestHarnessPage.setDataMethod is PASSED

05-10-2024T00:36:20 - [MESSAGE][PASSED] - Object 'Object Repository/IWP30/Page_QATestHarness/RemittanceID' is present

05-10-2024T00:36:21 - [MESSAGE][PASSED] - Text '638' is set on object 'Object Repository/IWP30/Page_QATestHarness/ApplicationID'

05-10-2024T00:36:22 - [MESSAGE][PASSED] - Text '2.5' is set on object 'Object Repository/IWP30/Page_QATestHarness/MessageVersion'

05-10-2024T00:36:22 - [MESSAGE][PASSED] - Text '5bUBaBSepbe2' is set on object 'Object Repository/IWP30/Page_QATestHarness/RemittanceID'

05-10-2024T00:36:26 - [MESSAGE][PASSED] - Object: 'Object Repository/IWP30/Page_QATestHarness/SubmitButton' is clicked on

05-10-2024T00:36:26 - [MESSAGE][PASSED] - iwpPages.TestHarnessPage.setDataMethod is PASSED

05-10-2024T00:36:26 - [TEST_STEP][PASSED] - click(findTestObject("Object Repository/IWP30/Page_SelectPaymentMethod/PayByPersonalCheck")): Object: 'Object Repository/IWP30/Page_SelectPaymentMethod/PayByPersonalCheck' is clicked on

05-10-2024T00:36:26 - [MESSAGE][PASSED] - Object: 'Object Repository/IWP30/Page_SelectPaymentMethod/PayByPersonalCheck' is clicked on

05-10-2024T00:36:26 - [TEST_STEP][PASSED] - click(findTestObject("Object Repository/IWP30/Page_SelectPaymentMethod/MakePaymentButton")): Object: 'Object Repository/IWP30/Page_SelectPaymentMethod/MakePaymentButton' is clicked on

05-10-2024T00:36:28 - [MESSAGE][PASSED] - Object: 'Object Repository/IWP30/Page_SelectPaymentMethod/MakePaymentButton' is clicked on

05-10-2024T00:36:28 - [TEST_STEP][PASSED] - iwpPages.achPersonalPaymentEntryPage.setDataACHPPM(row, dataFile): iwpPages.achPersonalPaymentEntryPage.setDataACHPPM is PASSED

05-10-2024T00:36:29 - [MESSAGE][PASSED] - Object 'Object Repository/IWP30/Page_ACHPersonalPaymentEntry/txt_accountNumber' is present

05-10-2024T00:36:30 - [MESSAGE][PASSED] - Text '9.50' is set on object 'Object Repository/IWP30/Page_ACHPersonalPaymentEntry/txt_Amount'

05-10-2024T00:36:30 - [MESSAGE][PASSED] - Object 'Object Repository/IWP30/Page_ACHPersonalPaymentEntry/txt_UDF2' is present

05-10-2024T00:36:31 - [MESSAGE][PASSED] - All options with label 'Soccer' are selected in object 'Object Repository/IWP30/Page_ACHPersonalPaymentEntry/dd_UDF8' 

05-10-2024T00:36:31 - [MESSAGE][PASSED] - Object 'Object Repository/IWP30/Page_ACHPersonalPaymentEntry/txt_Firstname' is present

05-10-2024T00:36:31 - [MESSAGE][PASSED] - Text 'Elizath' is set on object 'Object Repository/IWP30/Page_ACHPersonalPaymentEntry/txt_Firstname'

05-10-2024T00:36:32 - [MESSAGE][PASSED] - Object 'Object Repository/IWP30/Page_ACHPersonalPaymentEntry/txt_Lastname' is present

05-10-2024T00:36:32 - [MESSAGE][PASSED] - Text 'Christine' is set on object 'Object Repository/IWP30/Page_ACHPersonalPaymentEntry/txt_Lastname'

05-10-2024T00:36:33 - [MESSAGE][PASSED] - Object 'Object Repository/IWP30/Page_ACHPersonalPaymentEntry/txt_routingNumber' is present

05-10-2024T00:36:33 - [MESSAGE][PASSED] - Text '256072691' is set on object 'Object Repository/IWP30/Page_ACHPersonalPaymentEntry/txt_routingNumber'

05-10-2024T00:36:33 - [MESSAGE][PASSED] - Object 'Object Repository/IWP30/Page_ACHPersonalPaymentEntry/txt_accountNumber' is present

05-10-2024T00:36:35 - [MESSAGE][PASSED] - Text '12344444' is set on object 'Object Repository/IWP30/Page_ACHPersonalPaymentEntry/txt_accountNumber'

05-10-2024T00:36:35 - [MESSAGE][PASSED] - Object 'Object Repository/IWP30/Page_ACHPersonalPaymentEntry/txt_confirmAccountNumber' is present

05-10-2024T00:36:36 - [MESSAGE][PASSED] - Text '12344444' is set on object 'Object Repository/IWP30/Page_ACHPersonalPaymentEntry/txt_confirmAccountNumber'

05-10-2024T00:36:36 - [MESSAGE][PASSED] - Object 'Object Repository/IWP30/Page_ACHPersonalPaymentEntry/rd_accountType' is present

05-10-2024T00:36:36 - [MESSAGE][PASSED] - Modify property of object successfully

05-10-2024T00:36:36 - [MESSAGE][PASSED] - Object: 'Object Repository/IWP30/Page_ACHPersonalPaymentEntry/rd_accountType' is clicked on

05-10-2024T00:36:37 - [MESSAGE][PASSED] - Object 'Object Repository/IWP30/Page_ACHPersonalPaymentEntry/txt_Email' is present

05-10-2024T00:36:37 - [MESSAGE][PASSED] - Object 'Object Repository/IWP30/Page_ACHPersonalPaymentEntry/cb_TermsAndCond' is present

05-10-2024T00:36:37 - [MESSAGE][PASSED] - Object: 'Object Repository/IWP30/Page_ACHPersonalPaymentEntry/cb_TermsAndCond' is clicked on

05-10-2024T00:36:37 - [MESSAGE][PASSED] - Object 'Object Repository/IWP30/Page_ACHPersonalPaymentEntry/btn_Continue' is present

05-10-2024T00:36:39 - [MESSAGE][PASSED] - Object: 'Object Repository/IWP30/Page_ACHPersonalPaymentEntry/btn_Continue' is clicked on

05-10-2024T00:36:39 - [MESSAGE][PASSED] - iwpPages.achPersonalPaymentEntryPage.setDataACHPPM is PASSED

05-10-2024T00:36:39 - [TEST_STEP][PASSED] - click(findTestObject("Object Repository/IWP30/Page_Confirmation/ConfirmButton")): Object: 'Object Repository/IWP30/Page_Confirmation/ConfirmButton' is clicked on

05-10-2024T00:36:40 - [MESSAGE][PASSED] - Object: 'Object Repository/IWP30/Page_Confirmation/ConfirmButton' is clicked on

05-10-2024T00:36:40 - [TEST_STEP][PASSED] - Thread.sleep(10000): null

05-10-2024T00:36:50 - [TEST_STEP][PASSED] - if (verifyTextPresent("Successful Payment Receipt", false)): null

05-10-2024T00:36:50 - [MESSAGE][PASSED] - Text 'Successful Payment Receipt' is present on page 

05-10-2024T00:36:50 - [TEST_STEP][PASSED] - println("Successful Payment Receipt text is present on the Receipt page"): null

05-10-2024T00:36:50 - [TEST_STEP][PASSED] - markPassed("Successful Payment Receipt text is present on the Receipt page"): Successful Payment Receipt text is present on the Receipt page

05-10-2024T00:36:50 - [MESSAGE][PASSED] - Successful Payment Receipt text is present on the Receipt page

05-10-2024T00:36:50 - [TEST_STEP][PASSED] - resText = "Pass": null

05-10-2024T00:36:50 - [TEST_STEP][PASSED] - pages.WriteExcel.demoKey(resText, datText, resColumn, datCloumn, fileLoc, nameSheet, row): pages.WriteExcel.demoKey is PASSED

05-10-2024T00:36:50 - [MESSAGE][PASSED] - pages.WriteExcel.demoKey is PASSED

05-10-2024T00:36:50 - [TEST_STEP][PASSED] - closeBrowser(): Browser is closed

05-10-2024T00:36:51 - [MESSAGE][PASSED] - Browser is closed]]></system-out>
         <system-err><![CDATA[]]></system-err>
      </testcase>
      <testcase name="Test Cases/IntegratedWeb/IWP25/Payments/OverAndUnderPayPS" time="133.882" classname="Test Cases/IntegratedWeb/IWP25/Payments/OverAndUnderPayPS" status="PASSED">
         <system-out><![CDATA[05-10-2024T00:36:51 - [TEST_CASE][PASSED] - Test Cases/IntegratedWeb/IWP25/Payments/OverAndUnderPayPS: Test Cases/IntegratedWeb/IWP25/Payments/OverAndUnderPayPS

05-10-2024T00:36:51 - [TEST_STEP][PASSED] - resText = "Fail": null

05-10-2024T00:36:51 - [TEST_STEP][PASSED] - resColumn = "Result": null

05-10-2024T00:36:51 - [TEST_STEP][PASSED] - datCloumn = "Date": null

05-10-2024T00:36:51 - [TEST_STEP][PASSED] - fileLoc = "KatalonData/IWPTestData/VRelay25Payments.xlsx": null

05-10-2024T00:36:51 - [TEST_STEP][PASSED] - numOfRows = <not implemented yet for class: org.codehaus.groovy.ast.expr.EmptyExpression>: null

05-10-2024T00:36:51 - [TEST_STEP][PASSED] - dataFile = <not implemented yet for class: org.codehaus.groovy.ast.expr.EmptyExpression>: null

05-10-2024T00:36:51 - [TEST_STEP][PASSED] - nameSheet = <not implemented yet for class: org.codehaus.groovy.ast.expr.EmptyExpression>: null

05-10-2024T00:36:51 - [TEST_STEP][PASSED] - dataFileEmulator = <not implemented yet for class: org.codehaus.groovy.ast.expr.EmptyExpression>: null

05-10-2024T00:36:51 - [TEST_STEP][PASSED] - isRequiredTextPresent = false: null

05-10-2024T00:36:51 - [TEST_STEP][PASSED] - nameSheet = "OverAndUnderPayPS": null

05-10-2024T00:36:51 - [TEST_STEP][PASSED] - dataFile = "IWPTestData/IWP25OverAndUnderPayPS": null

05-10-2024T00:36:51 - [TEST_STEP][PASSED] - dataFileEmulator = "IWPTestData/EmulatorData": null

05-10-2024T00:36:51 - [TEST_STEP][PASSED] - numOfRows = findTestData(dataFile).getRowNumbers(): null

05-10-2024T00:36:51 - [TEST_STEP][PASSED] - println("Number of Records: " + numOfRows): null

05-10-2024T00:36:51 - [TEST_STEP][PASSED] - for ([row = 1, row <= numOfRows, (row++)]): Browser is closed

05-10-2024T00:36:51 - [TEST_STEP][PASSED] - ExecuteTC = findTestData(dataFile).getValue("Execute", row): null

05-10-2024T00:36:51 - [TEST_STEP][PASSED] - out.println("Value of Execute is : " + ExecuteTC): null

05-10-2024T00:36:51 - [TEST_STEP][PASSED] - if (ExecuteTC.equalsIgnoreCase("Y")): null

05-10-2024T00:36:51 - [TEST_STEP][PASSED] - out.println("Begin Record Number: " + row): null

05-10-2024T00:36:51 - [TEST_STEP][PASSED] - today = new java.util.Date(): null

05-10-2024T00:36:51 - [TEST_STEP][PASSED] - println(today): null

05-10-2024T00:36:51 - [TEST_STEP][PASSED] - datText = today: null

05-10-2024T00:36:51 - [TEST_STEP][PASSED] - EmulatorDataKey = findTestData(dataFile).getValue("EmulatorData", row): null

05-10-2024T00:36:51 - [TEST_STEP][PASSED] - out.println("Value of Emulator Key is : " + EmulatorDataKey): null

05-10-2024T00:36:51 - [TEST_STEP][PASSED] - iwpPages.emulatorIWP30.setDataEmulator_DD(EmulatorDataKey): iwpPages.emulatorIWP30.setDataEmulator_DD is PASSED

05-10-2024T00:36:51 - [MESSAGE][INFO] - Starting 'Edge Chromium' driver

05-10-2024T00:36:51 - [MESSAGE][INFO] - User set preference: ['acceptInsecureCerts', 'true']

05-10-2024T00:36:53 - [MESSAGE][INFO] - Action delay is set to 0 milliseconds

05-10-2024T00:36:57 - [MESSAGE][PASSED] - Browser is opened with url: 'https://qa.velocitypayment.com/agency/config.do?action=editor&message_version=2_5'

05-10-2024T00:36:57 - [MESSAGE][PASSED] - Current window maximized

05-10-2024T00:36:58 - [MESSAGE][PASSED] - All options with value '2.5' are selected in object 'Object Repository/IWP30/Page_VRelay30Emulator/MV'  using regular expression

05-10-2024T00:36:58 - [MESSAGE][PASSED] - Text '10.50' is set on object 'Object Repository/IWP30/Page_VRelay30Emulator/Amount'

05-10-2024T00:36:59 - [MESSAGE][PASSED] - Text '0R9S3HOrz81r' is set on object 'Object Repository/IWP30/Page_VRelay30Emulator/CAN'

05-10-2024T00:37:00 - [MESSAGE][PASSED] - Text 'PayNow' is set on object 'Object Repository/IWP30/Page_VRelay30Emulator/Action'

05-10-2024T00:37:00 - [MESSAGE][PASSED] - Text 'en_US' is set on object 'Object Repository/IWP30/Page_VRelay30Emulator/Lang'

05-10-2024T00:37:01 - [MESSAGE][PASSED] - Text 'Jasmine' is set on object 'Object Repository/IWP30/Page_VRelay30Emulator/Fname'

05-10-2024T00:37:01 - [MESSAGE][PASSED] - Text 'Patrinol' is set on object 'Object Repository/IWP30/Page_VRelay30Emulator/Lname'

05-10-2024T00:37:02 - [MESSAGE][PASSED] - Text '258 Underwood rd' is set on object 'Object Repository/IWP30/Page_VRelay30Emulator/AL1'

05-10-2024T00:37:03 - [MESSAGE][PASSED] - Text 'Suite 600' is set on object 'Object Repository/IWP30/Page_VRelay30Emulator/AL2'

05-10-2024T00:37:03 - [MESSAGE][PASSED] - Text '840' is set on object 'Object Repository/IWP30/Page_VRelay30Emulator/Country'

05-10-2024T00:37:04 - [MESSAGE][PASSED] - Text 'Arlington' is set on object 'Object Repository/IWP30/Page_VRelay30Emulator/City'

05-10-2024T00:37:04 - [MESSAGE][PASSED] - Text 'VA' is set on object 'Object Repository/IWP30/Page_VRelay30Emulator/State'

05-10-2024T00:37:05 - [MESSAGE][PASSED] - Text '22201' is set on object 'Object Repository/IWP30/Page_VRelay30Emulator/ZIP'

05-10-2024T00:37:05 - [MESSAGE][PASSED] - Text '' is set on object 'Object Repository/IWP30/Page_VRelay30Emulator/Order'

05-10-2024T00:37:06 - [MESSAGE][PASSED] - Text 'Some Company' is set on object 'Object Repository/IWP30/Page_VRelay30Emulator/Company'

05-10-2024T00:37:07 - [MESSAGE][PASSED] - Text 'iahmed@govolution.com' is set on object 'Object Repository/IWP30/Page_VRelay30Emulator/Email'

05-10-2024T00:37:07 - [MESSAGE][PASSED] - Text 'udf data 1' is set on object 'Object Repository/IWP30/Page_VRelay30Emulator/UDF1'

05-10-2024T00:37:08 - [MESSAGE][PASSED] - Text 'udf data 2' is set on object 'Object Repository/IWP30/Page_VRelay30Emulator/UDF2'

05-10-2024T00:37:08 - [MESSAGE][PASSED] - Text 'udf data 3' is set on object 'Object Repository/IWP30/Page_VRelay30Emulator/UDF3'

05-10-2024T00:37:09 - [MESSAGE][PASSED] - Text 'udf data 4' is set on object 'Object Repository/IWP30/Page_VRelay30Emulator/UDF4'

05-10-2024T00:37:10 - [MESSAGE][PASSED] - Text 'udf data 5' is set on object 'Object Repository/IWP30/Page_VRelay30Emulator/UDF5'

05-10-2024T00:37:10 - [MESSAGE][PASSED] - Text 'udf data 6' is set on object 'Object Repository/IWP30/Page_VRelay30Emulator/UDF6'

05-10-2024T00:37:11 - [MESSAGE][PASSED] - Text 'Orange' is set on object 'Object Repository/IWP30/Page_VRelay30Emulator/UDF7'

05-10-2024T00:37:11 - [MESSAGE][PASSED] - Text 'Soccer' is set on object 'Object Repository/IWP30/Page_VRelay30Emulator/UDF8'

05-10-2024T00:37:12 - [MESSAGE][PASSED] - Text 'udf data 9' is set on object 'Object Repository/IWP30/Page_VRelay30Emulator/UDF9'

05-10-2024T00:37:13 - [MESSAGE][PASSED] - Text 'udf data 10' is set on object 'Object Repository/IWP30/Page_VRelay30Emulator/UDF10'

05-10-2024T00:37:14 - [MESSAGE][PASSED] - Object: 'Object Repository/IWP30/Page_VRelay30Emulator/Submit' is clicked on

05-10-2024T00:37:18 - [MESSAGE][PASSED] - Browser is closed

05-10-2024T00:37:22 - [MESSAGE][PASSED] - iwpPages.emulatorIWP30.setDataEmulator_DD is PASSED

05-10-2024T00:37:22 - [TEST_STEP][PASSED] - testHarnessURL = urlTestHarness: null

05-10-2024T00:37:22 - [TEST_STEP][PASSED] - openBrowser(testHarnessURL): Browser is opened with url: 'https://dev-algorithm.govolution.com/vrelaytest/QA/version_2_2/vrelaytest.html'

05-10-2024T00:37:22 - [MESSAGE][INFO] - Starting 'Edge Chromium' driver

05-10-2024T00:37:22 - [MESSAGE][INFO] - User set preference: ['acceptInsecureCerts', 'true']

05-10-2024T00:37:24 - [MESSAGE][INFO] - Action delay is set to 0 milliseconds

05-10-2024T00:37:28 - [MESSAGE][PASSED] - Browser is opened with url: 'https://dev-algorithm.govolution.com/vrelaytest/QA/version_2_2/vrelaytest.html'

05-10-2024T00:37:28 - [TEST_STEP][PASSED] - maximizeWindow(): Current window maximized

05-10-2024T00:37:28 - [MESSAGE][PASSED] - Current window maximized

05-10-2024T00:37:28 - [TEST_STEP][PASSED] - iwpPages.TestHarnessPage.setDataMethod(row, dataFile): iwpPages.TestHarnessPage.setDataMethod is PASSED

05-10-2024T00:37:28 - [MESSAGE][PASSED] - Object 'Object Repository/IWP30/Page_QATestHarness/RemittanceID' is present

05-10-2024T00:37:29 - [MESSAGE][PASSED] - Text '638' is set on object 'Object Repository/IWP30/Page_QATestHarness/ApplicationID'

05-10-2024T00:37:29 - [MESSAGE][PASSED] - Text '2.5' is set on object 'Object Repository/IWP30/Page_QATestHarness/MessageVersion'

05-10-2024T00:37:30 - [MESSAGE][PASSED] - Text 'ACeQkuSMPdBR' is set on object 'Object Repository/IWP30/Page_QATestHarness/RemittanceID'

05-10-2024T00:37:33 - [MESSAGE][PASSED] - Object: 'Object Repository/IWP30/Page_QATestHarness/SubmitButton' is clicked on

05-10-2024T00:37:33 - [MESSAGE][PASSED] - iwpPages.TestHarnessPage.setDataMethod is PASSED

05-10-2024T00:37:33 - [TEST_STEP][PASSED] - click(findTestObject("Object Repository/IWP30/Page_SelectPaymentMethod/PayByPersonalCheck")): Object: 'Object Repository/IWP30/Page_SelectPaymentMethod/PayByPersonalCheck' is clicked on

05-10-2024T00:37:34 - [MESSAGE][PASSED] - Object: 'Object Repository/IWP30/Page_SelectPaymentMethod/PayByPersonalCheck' is clicked on

05-10-2024T00:37:34 - [TEST_STEP][PASSED] - click(findTestObject("Object Repository/IWP30/Page_SelectPaymentMethod/MakePaymentButton")): Object: 'Object Repository/IWP30/Page_SelectPaymentMethod/MakePaymentButton' is clicked on

05-10-2024T00:37:35 - [MESSAGE][PASSED] - Object: 'Object Repository/IWP30/Page_SelectPaymentMethod/MakePaymentButton' is clicked on

05-10-2024T00:37:35 - [TEST_STEP][PASSED] - iwpPages.achPersonalPaymentEntryPage.setDataACHPPM(row, dataFile): iwpPages.achPersonalPaymentEntryPage.setDataACHPPM is PASSED

05-10-2024T00:37:36 - [MESSAGE][PASSED] - Object 'Object Repository/IWP30/Page_ACHPersonalPaymentEntry/txt_accountNumber' is present

05-10-2024T00:37:37 - [MESSAGE][PASSED] - Text '11.50' is set on object 'Object Repository/IWP30/Page_ACHPersonalPaymentEntry/txt_Amount'

05-10-2024T00:37:37 - [MESSAGE][PASSED] - Object 'Object Repository/IWP30/Page_ACHPersonalPaymentEntry/txt_UDF2' is present

05-10-2024T00:37:38 - [MESSAGE][PASSED] - All options with label 'Soccer' are selected in object 'Object Repository/IWP30/Page_ACHPersonalPaymentEntry/dd_UDF8' 

05-10-2024T00:37:38 - [MESSAGE][PASSED] - Object 'Object Repository/IWP30/Page_ACHPersonalPaymentEntry/txt_Firstname' is present

05-10-2024T00:37:39 - [MESSAGE][PASSED] - Text 'Elizath' is set on object 'Object Repository/IWP30/Page_ACHPersonalPaymentEntry/txt_Firstname'

05-10-2024T00:37:39 - [MESSAGE][PASSED] - Object 'Object Repository/IWP30/Page_ACHPersonalPaymentEntry/txt_Lastname' is present

05-10-2024T00:37:39 - [MESSAGE][PASSED] - Text 'Christine' is set on object 'Object Repository/IWP30/Page_ACHPersonalPaymentEntry/txt_Lastname'

05-10-2024T00:37:40 - [MESSAGE][PASSED] - Object 'Object Repository/IWP30/Page_ACHPersonalPaymentEntry/txt_routingNumber' is present

05-10-2024T00:37:40 - [MESSAGE][PASSED] - Text '256072691' is set on object 'Object Repository/IWP30/Page_ACHPersonalPaymentEntry/txt_routingNumber'

05-10-2024T00:37:40 - [MESSAGE][PASSED] - Object 'Object Repository/IWP30/Page_ACHPersonalPaymentEntry/txt_accountNumber' is present

05-10-2024T00:37:42 - [MESSAGE][PASSED] - Text '12344444' is set on object 'Object Repository/IWP30/Page_ACHPersonalPaymentEntry/txt_accountNumber'

05-10-2024T00:37:42 - [MESSAGE][PASSED] - Object 'Object Repository/IWP30/Page_ACHPersonalPaymentEntry/txt_confirmAccountNumber' is present

05-10-2024T00:37:43 - [MESSAGE][PASSED] - Text '12344444' is set on object 'Object Repository/IWP30/Page_ACHPersonalPaymentEntry/txt_confirmAccountNumber'

05-10-2024T00:37:43 - [MESSAGE][PASSED] - Object 'Object Repository/IWP30/Page_ACHPersonalPaymentEntry/rd_accountType' is present

05-10-2024T00:37:43 - [MESSAGE][PASSED] - Modify property of object successfully

05-10-2024T00:37:44 - [MESSAGE][PASSED] - Object: 'Object Repository/IWP30/Page_ACHPersonalPaymentEntry/rd_accountType' is clicked on

05-10-2024T00:37:44 - [MESSAGE][PASSED] - Object 'Object Repository/IWP30/Page_ACHPersonalPaymentEntry/txt_Email' is present

05-10-2024T00:37:44 - [MESSAGE][PASSED] - Object 'Object Repository/IWP30/Page_ACHPersonalPaymentEntry/cb_TermsAndCond' is present

05-10-2024T00:37:44 - [MESSAGE][PASSED] - Object: 'Object Repository/IWP30/Page_ACHPersonalPaymentEntry/cb_TermsAndCond' is clicked on

05-10-2024T00:37:45 - [MESSAGE][PASSED] - Object 'Object Repository/IWP30/Page_ACHPersonalPaymentEntry/btn_Continue' is present

05-10-2024T00:37:46 - [MESSAGE][PASSED] - Object: 'Object Repository/IWP30/Page_ACHPersonalPaymentEntry/btn_Continue' is clicked on

05-10-2024T00:37:46 - [MESSAGE][PASSED] - iwpPages.achPersonalPaymentEntryPage.setDataACHPPM is PASSED

05-10-2024T00:37:46 - [TEST_STEP][PASSED] - click(findTestObject("Object Repository/IWP30/Page_Confirmation/ConfirmButton")): Object: 'Object Repository/IWP30/Page_Confirmation/ConfirmButton' is clicked on

05-10-2024T00:37:47 - [MESSAGE][PASSED] - Object: 'Object Repository/IWP30/Page_Confirmation/ConfirmButton' is clicked on

05-10-2024T00:37:47 - [TEST_STEP][PASSED] - Thread.sleep(10000): null

05-10-2024T00:37:57 - [TEST_STEP][PASSED] - if (verifyTextPresent("Successful Payment Receipt", false)): null

05-10-2024T00:37:57 - [MESSAGE][PASSED] - Text 'Successful Payment Receipt' is present on page 

05-10-2024T00:37:57 - [TEST_STEP][PASSED] - println("Successful Payment Receipt text is present on the Receipt page"): null

05-10-2024T00:37:57 - [TEST_STEP][PASSED] - markPassed("Successful Payment Receipt text is present on the Receipt page"): Successful Payment Receipt text is present on the Receipt page

05-10-2024T00:37:57 - [MESSAGE][PASSED] - Successful Payment Receipt text is present on the Receipt page

05-10-2024T00:37:57 - [TEST_STEP][PASSED] - resText = "Pass": null

05-10-2024T00:37:57 - [TEST_STEP][PASSED] - pages.WriteExcel.demoKey(resText, datText, resColumn, datCloumn, fileLoc, nameSheet, row): pages.WriteExcel.demoKey is PASSED

05-10-2024T00:37:57 - [MESSAGE][PASSED] - pages.WriteExcel.demoKey is PASSED

05-10-2024T00:37:57 - [TEST_STEP][PASSED] - closeBrowser(): Browser is closed

05-10-2024T00:37:58 - [MESSAGE][PASSED] - Browser is closed

05-10-2024T00:37:58 - [TEST_STEP][PASSED] - ExecuteTC = findTestData(dataFile).getValue("Execute", row): null

05-10-2024T00:37:58 - [TEST_STEP][PASSED] - out.println("Value of Execute is : " + ExecuteTC): null

05-10-2024T00:37:58 - [TEST_STEP][PASSED] - if (ExecuteTC.equalsIgnoreCase("Y")): null

05-10-2024T00:37:58 - [TEST_STEP][PASSED] - out.println("Begin Record Number: " + row): null

05-10-2024T00:37:58 - [TEST_STEP][PASSED] - today = new java.util.Date(): null

05-10-2024T00:37:58 - [TEST_STEP][PASSED] - println(today): null

05-10-2024T00:37:58 - [TEST_STEP][PASSED] - datText = today: null

05-10-2024T00:37:58 - [TEST_STEP][PASSED] - EmulatorDataKey = findTestData(dataFile).getValue("EmulatorData", row): null

05-10-2024T00:37:58 - [TEST_STEP][PASSED] - out.println("Value of Emulator Key is : " + EmulatorDataKey): null

05-10-2024T00:37:58 - [TEST_STEP][PASSED] - iwpPages.emulatorIWP30.setDataEmulator_DD(EmulatorDataKey): iwpPages.emulatorIWP30.setDataEmulator_DD is PASSED

05-10-2024T00:37:58 - [MESSAGE][INFO] - Starting 'Edge Chromium' driver

05-10-2024T00:37:58 - [MESSAGE][INFO] - User set preference: ['acceptInsecureCerts', 'true']

05-10-2024T00:38:01 - [MESSAGE][INFO] - Action delay is set to 0 milliseconds

05-10-2024T00:38:04 - [MESSAGE][PASSED] - Browser is opened with url: 'https://qa.velocitypayment.com/agency/config.do?action=editor&message_version=2_5'

05-10-2024T00:38:04 - [MESSAGE][PASSED] - Current window maximized

05-10-2024T00:38:05 - [MESSAGE][PASSED] - All options with value '2.5' are selected in object 'Object Repository/IWP30/Page_VRelay30Emulator/MV'  using regular expression

05-10-2024T00:38:06 - [MESSAGE][PASSED] - Text '10.50' is set on object 'Object Repository/IWP30/Page_VRelay30Emulator/Amount'

05-10-2024T00:38:06 - [MESSAGE][PASSED] - Text 'fBQRsF6SrYKd' is set on object 'Object Repository/IWP30/Page_VRelay30Emulator/CAN'

05-10-2024T00:38:07 - [MESSAGE][PASSED] - Text 'PayNow' is set on object 'Object Repository/IWP30/Page_VRelay30Emulator/Action'

05-10-2024T00:38:08 - [MESSAGE][PASSED] - Text 'en_US' is set on object 'Object Repository/IWP30/Page_VRelay30Emulator/Lang'

05-10-2024T00:38:08 - [MESSAGE][PASSED] - Text 'Jasmine' is set on object 'Object Repository/IWP30/Page_VRelay30Emulator/Fname'

05-10-2024T00:38:09 - [MESSAGE][PASSED] - Text 'Patrinol' is set on object 'Object Repository/IWP30/Page_VRelay30Emulator/Lname'

05-10-2024T00:38:09 - [MESSAGE][PASSED] - Text '258 Underwood rd' is set on object 'Object Repository/IWP30/Page_VRelay30Emulator/AL1'

05-10-2024T00:38:10 - [MESSAGE][PASSED] - Text 'Suite 600' is set on object 'Object Repository/IWP30/Page_VRelay30Emulator/AL2'

05-10-2024T00:38:11 - [MESSAGE][PASSED] - Text '840' is set on object 'Object Repository/IWP30/Page_VRelay30Emulator/Country'

05-10-2024T00:38:11 - [MESSAGE][PASSED] - Text 'Arlington' is set on object 'Object Repository/IWP30/Page_VRelay30Emulator/City'

05-10-2024T00:38:12 - [MESSAGE][PASSED] - Text 'VA' is set on object 'Object Repository/IWP30/Page_VRelay30Emulator/State'

05-10-2024T00:38:12 - [MESSAGE][PASSED] - Text '22201' is set on object 'Object Repository/IWP30/Page_VRelay30Emulator/ZIP'

05-10-2024T00:38:13 - [MESSAGE][PASSED] - Text '' is set on object 'Object Repository/IWP30/Page_VRelay30Emulator/Order'

05-10-2024T00:38:14 - [MESSAGE][PASSED] - Text 'Some Company' is set on object 'Object Repository/IWP30/Page_VRelay30Emulator/Company'

05-10-2024T00:38:14 - [MESSAGE][PASSED] - Text 'iahmed@govolution.com' is set on object 'Object Repository/IWP30/Page_VRelay30Emulator/Email'

05-10-2024T00:38:15 - [MESSAGE][PASSED] - Text 'udf data 1' is set on object 'Object Repository/IWP30/Page_VRelay30Emulator/UDF1'

05-10-2024T00:38:15 - [MESSAGE][PASSED] - Text 'udf data 2' is set on object 'Object Repository/IWP30/Page_VRelay30Emulator/UDF2'

05-10-2024T00:38:16 - [MESSAGE][PASSED] - Text 'udf data 3' is set on object 'Object Repository/IWP30/Page_VRelay30Emulator/UDF3'

05-10-2024T00:38:17 - [MESSAGE][PASSED] - Text 'udf data 4' is set on object 'Object Repository/IWP30/Page_VRelay30Emulator/UDF4'

05-10-2024T00:38:17 - [MESSAGE][PASSED] - Text 'udf data 5' is set on object 'Object Repository/IWP30/Page_VRelay30Emulator/UDF5'

05-10-2024T00:38:18 - [MESSAGE][PASSED] - Text 'udf data 6' is set on object 'Object Repository/IWP30/Page_VRelay30Emulator/UDF6'

05-10-2024T00:38:18 - [MESSAGE][PASSED] - Text 'Orange' is set on object 'Object Repository/IWP30/Page_VRelay30Emulator/UDF7'

05-10-2024T00:38:19 - [MESSAGE][PASSED] - Text 'Soccer' is set on object 'Object Repository/IWP30/Page_VRelay30Emulator/UDF8'

05-10-2024T00:38:20 - [MESSAGE][PASSED] - Text 'udf data 9' is set on object 'Object Repository/IWP30/Page_VRelay30Emulator/UDF9'

05-10-2024T00:38:20 - [MESSAGE][PASSED] - Text 'udf data 10' is set on object 'Object Repository/IWP30/Page_VRelay30Emulator/UDF10'

05-10-2024T00:38:21 - [MESSAGE][PASSED] - Object: 'Object Repository/IWP30/Page_VRelay30Emulator/Submit' is clicked on

05-10-2024T00:38:26 - [MESSAGE][PASSED] - Browser is closed

05-10-2024T00:38:30 - [MESSAGE][PASSED] - iwpPages.emulatorIWP30.setDataEmulator_DD is PASSED

05-10-2024T00:38:30 - [TEST_STEP][PASSED] - testHarnessURL = urlTestHarness: null

05-10-2024T00:38:30 - [TEST_STEP][PASSED] - openBrowser(testHarnessURL): Browser is opened with url: 'https://dev-algorithm.govolution.com/vrelaytest/QA/version_2_2/vrelaytest.html'

05-10-2024T00:38:30 - [MESSAGE][INFO] - Starting 'Edge Chromium' driver

05-10-2024T00:38:30 - [MESSAGE][INFO] - User set preference: ['acceptInsecureCerts', 'true']

05-10-2024T00:38:32 - [MESSAGE][INFO] - Action delay is set to 0 milliseconds

05-10-2024T00:38:35 - [MESSAGE][PASSED] - Browser is opened with url: 'https://dev-algorithm.govolution.com/vrelaytest/QA/version_2_2/vrelaytest.html'

05-10-2024T00:38:35 - [TEST_STEP][PASSED] - maximizeWindow(): Current window maximized

05-10-2024T00:38:35 - [MESSAGE][PASSED] - Current window maximized

05-10-2024T00:38:35 - [TEST_STEP][PASSED] - iwpPages.TestHarnessPage.setDataMethod(row, dataFile): iwpPages.TestHarnessPage.setDataMethod is PASSED

05-10-2024T00:38:35 - [MESSAGE][PASSED] - Object 'Object Repository/IWP30/Page_QATestHarness/RemittanceID' is present

05-10-2024T00:38:36 - [MESSAGE][PASSED] - Text '638' is set on object 'Object Repository/IWP30/Page_QATestHarness/ApplicationID'

05-10-2024T00:38:37 - [MESSAGE][PASSED] - Text '2.5' is set on object 'Object Repository/IWP30/Page_QATestHarness/MessageVersion'

05-10-2024T00:38:37 - [MESSAGE][PASSED] - Text 'KrKnWRal1Cwa' is set on object 'Object Repository/IWP30/Page_QATestHarness/RemittanceID'

05-10-2024T00:38:40 - [MESSAGE][PASSED] - Object: 'Object Repository/IWP30/Page_QATestHarness/SubmitButton' is clicked on

05-10-2024T00:38:40 - [MESSAGE][PASSED] - iwpPages.TestHarnessPage.setDataMethod is PASSED

05-10-2024T00:38:40 - [TEST_STEP][PASSED] - click(findTestObject("Object Repository/IWP30/Page_SelectPaymentMethod/PayByPersonalCheck")): Object: 'Object Repository/IWP30/Page_SelectPaymentMethod/PayByPersonalCheck' is clicked on

05-10-2024T00:38:41 - [MESSAGE][PASSED] - Object: 'Object Repository/IWP30/Page_SelectPaymentMethod/PayByPersonalCheck' is clicked on

05-10-2024T00:38:41 - [TEST_STEP][PASSED] - click(findTestObject("Object Repository/IWP30/Page_SelectPaymentMethod/MakePaymentButton")): Object: 'Object Repository/IWP30/Page_SelectPaymentMethod/MakePaymentButton' is clicked on

05-10-2024T00:38:42 - [MESSAGE][PASSED] - Object: 'Object Repository/IWP30/Page_SelectPaymentMethod/MakePaymentButton' is clicked on

05-10-2024T00:38:42 - [TEST_STEP][PASSED] - iwpPages.achPersonalPaymentEntryPage.setDataACHPPM(row, dataFile): iwpPages.achPersonalPaymentEntryPage.setDataACHPPM is PASSED

05-10-2024T00:38:43 - [MESSAGE][PASSED] - Object 'Object Repository/IWP30/Page_ACHPersonalPaymentEntry/txt_accountNumber' is present

05-10-2024T00:38:44 - [MESSAGE][PASSED] - Text '9.50' is set on object 'Object Repository/IWP30/Page_ACHPersonalPaymentEntry/txt_Amount'

05-10-2024T00:38:44 - [MESSAGE][PASSED] - Object 'Object Repository/IWP30/Page_ACHPersonalPaymentEntry/txt_UDF2' is present

05-10-2024T00:38:45 - [MESSAGE][PASSED] - All options with label 'Soccer' are selected in object 'Object Repository/IWP30/Page_ACHPersonalPaymentEntry/dd_UDF8' 

05-10-2024T00:38:45 - [MESSAGE][PASSED] - Object 'Object Repository/IWP30/Page_ACHPersonalPaymentEntry/txt_Firstname' is present

05-10-2024T00:38:46 - [MESSAGE][PASSED] - Text 'Elizath' is set on object 'Object Repository/IWP30/Page_ACHPersonalPaymentEntry/txt_Firstname'

05-10-2024T00:38:46 - [MESSAGE][PASSED] - Object 'Object Repository/IWP30/Page_ACHPersonalPaymentEntry/txt_Lastname' is present

05-10-2024T00:38:46 - [MESSAGE][PASSED] - Text 'Christine' is set on object 'Object Repository/IWP30/Page_ACHPersonalPaymentEntry/txt_Lastname'

05-10-2024T00:38:47 - [MESSAGE][PASSED] - Object 'Object Repository/IWP30/Page_ACHPersonalPaymentEntry/txt_routingNumber' is present

05-10-2024T00:38:47 - [MESSAGE][PASSED] - Text '256072691' is set on object 'Object Repository/IWP30/Page_ACHPersonalPaymentEntry/txt_routingNumber'

05-10-2024T00:38:48 - [MESSAGE][PASSED] - Object 'Object Repository/IWP30/Page_ACHPersonalPaymentEntry/txt_accountNumber' is present

05-10-2024T00:38:49 - [MESSAGE][PASSED] - Text '12344444' is set on object 'Object Repository/IWP30/Page_ACHPersonalPaymentEntry/txt_accountNumber'

05-10-2024T00:38:49 - [MESSAGE][PASSED] - Object 'Object Repository/IWP30/Page_ACHPersonalPaymentEntry/txt_confirmAccountNumber' is present

05-10-2024T00:38:50 - [MESSAGE][PASSED] - Text '12344444' is set on object 'Object Repository/IWP30/Page_ACHPersonalPaymentEntry/txt_confirmAccountNumber'

05-10-2024T00:38:50 - [MESSAGE][PASSED] - Object 'Object Repository/IWP30/Page_ACHPersonalPaymentEntry/rd_accountType' is present

05-10-2024T00:38:50 - [MESSAGE][PASSED] - Modify property of object successfully

05-10-2024T00:38:50 - [MESSAGE][PASSED] - Object: 'Object Repository/IWP30/Page_ACHPersonalPaymentEntry/rd_accountType' is clicked on

05-10-2024T00:38:51 - [MESSAGE][PASSED] - Object 'Object Repository/IWP30/Page_ACHPersonalPaymentEntry/txt_Email' is present

05-10-2024T00:38:51 - [MESSAGE][PASSED] - Object 'Object Repository/IWP30/Page_ACHPersonalPaymentEntry/cb_TermsAndCond' is present

05-10-2024T00:38:51 - [MESSAGE][PASSED] - Object: 'Object Repository/IWP30/Page_ACHPersonalPaymentEntry/cb_TermsAndCond' is clicked on

05-10-2024T00:38:52 - [MESSAGE][PASSED] - Object 'Object Repository/IWP30/Page_ACHPersonalPaymentEntry/btn_Continue' is present

05-10-2024T00:38:53 - [MESSAGE][PASSED] - Object: 'Object Repository/IWP30/Page_ACHPersonalPaymentEntry/btn_Continue' is clicked on

05-10-2024T00:38:53 - [MESSAGE][PASSED] - iwpPages.achPersonalPaymentEntryPage.setDataACHPPM is PASSED

05-10-2024T00:38:53 - [TEST_STEP][PASSED] - click(findTestObject("Object Repository/IWP30/Page_Confirmation/ConfirmButton")): Object: 'Object Repository/IWP30/Page_Confirmation/ConfirmButton' is clicked on

05-10-2024T00:38:54 - [MESSAGE][PASSED] - Object: 'Object Repository/IWP30/Page_Confirmation/ConfirmButton' is clicked on

05-10-2024T00:38:54 - [TEST_STEP][PASSED] - Thread.sleep(10000): null

05-10-2024T00:39:04 - [TEST_STEP][PASSED] - if (verifyTextPresent("Successful Payment Receipt", false)): null

05-10-2024T00:39:04 - [MESSAGE][PASSED] - Text 'Successful Payment Receipt' is present on page 

05-10-2024T00:39:04 - [TEST_STEP][PASSED] - println("Successful Payment Receipt text is present on the Receipt page"): null

05-10-2024T00:39:04 - [TEST_STEP][PASSED] - markPassed("Successful Payment Receipt text is present on the Receipt page"): Successful Payment Receipt text is present on the Receipt page

05-10-2024T00:39:04 - [MESSAGE][PASSED] - Successful Payment Receipt text is present on the Receipt page

05-10-2024T00:39:04 - [TEST_STEP][PASSED] - resText = "Pass": null

05-10-2024T00:39:04 - [TEST_STEP][PASSED] - pages.WriteExcel.demoKey(resText, datText, resColumn, datCloumn, fileLoc, nameSheet, row): pages.WriteExcel.demoKey is PASSED

05-10-2024T00:39:04 - [MESSAGE][PASSED] - pages.WriteExcel.demoKey is PASSED

05-10-2024T00:39:04 - [TEST_STEP][PASSED] - closeBrowser(): Browser is closed

05-10-2024T00:39:05 - [MESSAGE][PASSED] - Browser is closed]]></system-out>
         <system-err><![CDATA[]]></system-err>
      </testcase>
      <testcase name="Test Cases/IntegratedWeb/IWP25/Payments/PayNowCorpDCF" time="172.471" classname="Test Cases/IntegratedWeb/IWP25/Payments/PayNowCorpDCF" status="PASSED">
         <system-out><![CDATA[05-10-2024T00:39:05 - [TEST_CASE][PASSED] - Test Cases/IntegratedWeb/IWP25/Payments/PayNowCorpDCF: Test Cases/IntegratedWeb/IWP25/Payments/PayNowCorpDCF

05-10-2024T00:39:05 - [TEST_STEP][PASSED] - resText = "Fail": null

05-10-2024T00:39:05 - [TEST_STEP][PASSED] - resColumn = "Result": null

05-10-2024T00:39:05 - [TEST_STEP][PASSED] - datCloumn = "Date": null

05-10-2024T00:39:05 - [TEST_STEP][PASSED] - fileLoc = "KatalonData/IWPTestData/VRelay25Payments.xlsx": null

05-10-2024T00:39:05 - [TEST_STEP][PASSED] - numOfRows = <not implemented yet for class: org.codehaus.groovy.ast.expr.EmptyExpression>: null

05-10-2024T00:39:05 - [TEST_STEP][PASSED] - dataFile = <not implemented yet for class: org.codehaus.groovy.ast.expr.EmptyExpression>: null

05-10-2024T00:39:05 - [TEST_STEP][PASSED] - nameSheet = <not implemented yet for class: org.codehaus.groovy.ast.expr.EmptyExpression>: null

05-10-2024T00:39:05 - [TEST_STEP][PASSED] - dataFileEmulator = <not implemented yet for class: org.codehaus.groovy.ast.expr.EmptyExpression>: null

05-10-2024T00:39:05 - [TEST_STEP][PASSED] - isRequiredTextPresent = false: null

05-10-2024T00:39:05 - [TEST_STEP][PASSED] - nameSheet = "PayNowCorpDCF": null

05-10-2024T00:39:05 - [TEST_STEP][PASSED] - dataFile = "IWPTestData/IWP25PayNowCorpDCF": null

05-10-2024T00:39:05 - [TEST_STEP][PASSED] - dataFileEmulator = "IWPTestData/EmulatorData": null

05-10-2024T00:39:05 - [TEST_STEP][PASSED] - numOfRows = findTestData(dataFile).getRowNumbers(): null

05-10-2024T00:39:05 - [TEST_STEP][PASSED] - println("Number of Records: " + numOfRows): null

05-10-2024T00:39:05 - [TEST_STEP][PASSED] - for ([row = 1, row <= numOfRows, (row++)]): Browser is closed

05-10-2024T00:39:05 - [TEST_STEP][PASSED] - ExecuteTC = findTestData(dataFile).getValue("Execute", row): null

05-10-2024T00:39:05 - [TEST_STEP][PASSED] - out.println("Value of Execute is : " + ExecuteTC): null

05-10-2024T00:39:05 - [TEST_STEP][PASSED] - if (ExecuteTC.equalsIgnoreCase("Y")): null

05-10-2024T00:39:05 - [TEST_STEP][PASSED] - out.println("Begin Record Number: " + row): null

05-10-2024T00:39:05 - [TEST_STEP][PASSED] - today = new java.util.Date(): null

05-10-2024T00:39:05 - [TEST_STEP][PASSED] - println(today): null

05-10-2024T00:39:05 - [TEST_STEP][PASSED] - datText = today: null

05-10-2024T00:39:05 - [TEST_STEP][PASSED] - EmulatorDataKey = findTestData(dataFile).getValue("EmulatorData", row): null

05-10-2024T00:39:05 - [TEST_STEP][PASSED] - out.println("Value of Emulator Key is : " + EmulatorDataKey): null

05-10-2024T00:39:05 - [TEST_STEP][PASSED] - iwpPages.emulatorIWP30.setDataEmulator_DD(EmulatorDataKey): iwpPages.emulatorIWP30.setDataEmulator_DD is PASSED

05-10-2024T00:39:05 - [MESSAGE][INFO] - Starting 'Edge Chromium' driver

05-10-2024T00:39:05 - [MESSAGE][INFO] - User set preference: ['acceptInsecureCerts', 'true']

05-10-2024T00:39:07 - [MESSAGE][INFO] - Action delay is set to 0 milliseconds

05-10-2024T00:39:11 - [MESSAGE][PASSED] - Browser is opened with url: 'https://qa.velocitypayment.com/agency/config.do?action=editor&message_version=2_5'

05-10-2024T00:39:11 - [MESSAGE][PASSED] - Current window maximized

05-10-2024T00:39:12 - [MESSAGE][PASSED] - All options with value '2.5' are selected in object 'Object Repository/IWP30/Page_VRelay30Emulator/MV'  using regular expression

05-10-2024T00:39:12 - [MESSAGE][PASSED] - Text '10.50' is set on object 'Object Repository/IWP30/Page_VRelay30Emulator/Amount'

05-10-2024T00:39:13 - [MESSAGE][PASSED] - Text 'MmTG4pkS4Cex' is set on object 'Object Repository/IWP30/Page_VRelay30Emulator/CAN'

05-10-2024T00:39:14 - [MESSAGE][PASSED] - Text 'PayNow' is set on object 'Object Repository/IWP30/Page_VRelay30Emulator/Action'

05-10-2024T00:39:14 - [MESSAGE][PASSED] - Text 'en_US' is set on object 'Object Repository/IWP30/Page_VRelay30Emulator/Lang'

05-10-2024T00:39:15 - [MESSAGE][PASSED] - Text '' is set on object 'Object Repository/IWP30/Page_VRelay30Emulator/Fname'

05-10-2024T00:39:16 - [MESSAGE][PASSED] - Text '' is set on object 'Object Repository/IWP30/Page_VRelay30Emulator/Lname'

05-10-2024T00:39:16 - [MESSAGE][PASSED] - Text '' is set on object 'Object Repository/IWP30/Page_VRelay30Emulator/AL1'

05-10-2024T00:39:17 - [MESSAGE][PASSED] - Text '' is set on object 'Object Repository/IWP30/Page_VRelay30Emulator/AL2'

05-10-2024T00:39:17 - [MESSAGE][PASSED] - Text '' is set on object 'Object Repository/IWP30/Page_VRelay30Emulator/Country'

05-10-2024T00:39:18 - [MESSAGE][PASSED] - Text '' is set on object 'Object Repository/IWP30/Page_VRelay30Emulator/City'

05-10-2024T00:39:18 - [MESSAGE][PASSED] - Text '' is set on object 'Object Repository/IWP30/Page_VRelay30Emulator/State'

05-10-2024T00:39:19 - [MESSAGE][PASSED] - Text '' is set on object 'Object Repository/IWP30/Page_VRelay30Emulator/ZIP'

05-10-2024T00:39:20 - [MESSAGE][PASSED] - Text '' is set on object 'Object Repository/IWP30/Page_VRelay30Emulator/Order'

05-10-2024T00:39:20 - [MESSAGE][PASSED] - Text '' is set on object 'Object Repository/IWP30/Page_VRelay30Emulator/Company'

05-10-2024T00:39:21 - [MESSAGE][PASSED] - Text '' is set on object 'Object Repository/IWP30/Page_VRelay30Emulator/Email'

05-10-2024T00:39:21 - [MESSAGE][PASSED] - Text '' is set on object 'Object Repository/IWP30/Page_VRelay30Emulator/UDF1'

05-10-2024T00:39:22 - [MESSAGE][PASSED] - Text '' is set on object 'Object Repository/IWP30/Page_VRelay30Emulator/UDF2'

05-10-2024T00:39:22 - [MESSAGE][PASSED] - Text '' is set on object 'Object Repository/IWP30/Page_VRelay30Emulator/UDF3'

05-10-2024T00:39:23 - [MESSAGE][PASSED] - Text 'udf data 4' is set on object 'Object Repository/IWP30/Page_VRelay30Emulator/UDF4'

05-10-2024T00:39:24 - [MESSAGE][PASSED] - Text 'udf data 5' is set on object 'Object Repository/IWP30/Page_VRelay30Emulator/UDF5'

05-10-2024T00:39:24 - [MESSAGE][PASSED] - Text '' is set on object 'Object Repository/IWP30/Page_VRelay30Emulator/UDF6'

05-10-2024T00:39:25 - [MESSAGE][PASSED] - Text '' is set on object 'Object Repository/IWP30/Page_VRelay30Emulator/UDF7'

05-10-2024T00:39:25 - [MESSAGE][PASSED] - Text '' is set on object 'Object Repository/IWP30/Page_VRelay30Emulator/UDF8'

05-10-2024T00:39:26 - [MESSAGE][PASSED] - Text 'udf data 9' is set on object 'Object Repository/IWP30/Page_VRelay30Emulator/UDF9'

05-10-2024T00:39:27 - [MESSAGE][PASSED] - Text 'udf data 10' is set on object 'Object Repository/IWP30/Page_VRelay30Emulator/UDF10'

05-10-2024T00:39:28 - [MESSAGE][PASSED] - Object: 'Object Repository/IWP30/Page_VRelay30Emulator/Submit' is clicked on

05-10-2024T00:39:32 - [MESSAGE][PASSED] - Browser is closed

05-10-2024T00:39:36 - [MESSAGE][PASSED] - iwpPages.emulatorIWP30.setDataEmulator_DD is PASSED

05-10-2024T00:39:36 - [TEST_STEP][PASSED] - testHarnessURL = urlTestHarness: null

05-10-2024T00:39:36 - [TEST_STEP][PASSED] - openBrowser(testHarnessURL): Browser is opened with url: 'https://dev-algorithm.govolution.com/vrelaytest/QA/version_2_2/vrelaytest.html'

05-10-2024T00:39:36 - [MESSAGE][INFO] - Starting 'Edge Chromium' driver

05-10-2024T00:39:36 - [MESSAGE][INFO] - User set preference: ['acceptInsecureCerts', 'true']

05-10-2024T00:39:38 - [MESSAGE][INFO] - Action delay is set to 0 milliseconds

05-10-2024T00:39:42 - [MESSAGE][PASSED] - Browser is opened with url: 'https://dev-algorithm.govolution.com/vrelaytest/QA/version_2_2/vrelaytest.html'

05-10-2024T00:39:42 - [TEST_STEP][PASSED] - maximizeWindow(): Current window maximized

05-10-2024T00:39:42 - [MESSAGE][PASSED] - Current window maximized

05-10-2024T00:39:42 - [TEST_STEP][PASSED] - iwpPages.TestHarnessPage.setDataMethod(row, dataFile): iwpPages.TestHarnessPage.setDataMethod is PASSED

05-10-2024T00:39:42 - [MESSAGE][PASSED] - Object 'Object Repository/IWP30/Page_QATestHarness/RemittanceID' is present

05-10-2024T00:39:43 - [MESSAGE][PASSED] - Text '640' is set on object 'Object Repository/IWP30/Page_QATestHarness/ApplicationID'

05-10-2024T00:39:43 - [MESSAGE][PASSED] - Text '2.5' is set on object 'Object Repository/IWP30/Page_QATestHarness/MessageVersion'

05-10-2024T00:39:44 - [MESSAGE][PASSED] - Text 'wSrzERLW51eW' is set on object 'Object Repository/IWP30/Page_QATestHarness/RemittanceID'

05-10-2024T00:39:47 - [MESSAGE][PASSED] - Object: 'Object Repository/IWP30/Page_QATestHarness/SubmitButton' is clicked on

05-10-2024T00:39:47 - [MESSAGE][PASSED] - iwpPages.TestHarnessPage.setDataMethod is PASSED

05-10-2024T00:39:47 - [TEST_STEP][PASSED] - click(findTestObject("Object Repository/IWP30/Page_SelectPaymentMethod/PayByCorporateCheck")): Object: 'Object Repository/IWP30/Page_SelectPaymentMethod/PayByCorporateCheck' is clicked on

05-10-2024T00:39:48 - [MESSAGE][PASSED] - Object: 'Object Repository/IWP30/Page_SelectPaymentMethod/PayByCorporateCheck' is clicked on

05-10-2024T00:39:48 - [TEST_STEP][PASSED] - click(findTestObject("Object Repository/IWP30/Page_SelectPaymentMethod/MakePaymentButton")): Object: 'Object Repository/IWP30/Page_SelectPaymentMethod/MakePaymentButton' is clicked on

05-10-2024T00:39:49 - [MESSAGE][PASSED] - Object: 'Object Repository/IWP30/Page_SelectPaymentMethod/MakePaymentButton' is clicked on

05-10-2024T00:39:49 - [TEST_STEP][PASSED] - iwpPages.achCorporatePaymentEntryPage.setDataCorporate(row, dataFile): iwpPages.achCorporatePaymentEntryPage.setDataCorporate is PASSED

05-10-2024T00:39:50 - [MESSAGE][PASSED] - Object 'Object Repository/IWP30/Page_ACHCorporatePaymentEntry/txt_accountNumber' is present

05-10-2024T00:39:50 - [MESSAGE][PASSED] - Object 'Object Repository/IWP30/Page_ACHCorporatePaymentEntry/input_CompanyName' is present

05-10-2024T00:39:51 - [MESSAGE][PASSED] - Text 'My Company' is set on object 'Object Repository/IWP30/Page_ACHCorporatePaymentEntry/input_CompanyName'

05-10-2024T00:39:51 - [MESSAGE][PASSED] - Object 'Object Repository/IWP30/Page_ACHCorporatePaymentEntry/input_EIN' is present

05-10-2024T00:39:52 - [MESSAGE][PASSED] - Text '123456789' is set on object 'Object Repository/IWP30/Page_ACHCorporatePaymentEntry/input_EIN'

05-10-2024T00:39:52 - [MESSAGE][PASSED] - Text '10.50' is set on object 'Object Repository/IWP30/Page_ACHCorporatePaymentEntry/txt_Amount'

05-10-2024T00:39:53 - [MESSAGE][PASSED] - Text 'udf data 2' is set on object 'Object Repository/IWP30/Page_ACHCorporatePaymentEntry/txt_UDF2'

05-10-2024T00:39:54 - [MESSAGE][PASSED] - Text 'udf data 3' is set on object 'Object Repository/IWP30/Page_ACHCorporatePaymentEntry/txt_UDF3'

05-10-2024T00:39:54 - [MESSAGE][PASSED] - All options with label 'Orange' are selected in object 'Object Repository/IWP30/Page_ACHCorporatePaymentEntry/dd_UDF7' 

05-10-2024T00:39:55 - [MESSAGE][PASSED] - All options with label 'Soccer' are selected in object 'Object Repository/IWP30/Page_ACHCorporatePaymentEntry/dd_UDF8' 

05-10-2024T00:39:55 - [MESSAGE][PASSED] - Object 'Object Repository/IWP30/Page_ACHCorporatePaymentEntry/txt_routingNumber' is present

05-10-2024T00:39:56 - [MESSAGE][PASSED] - Text '256072691' is set on object 'Object Repository/IWP30/Page_ACHCorporatePaymentEntry/txt_routingNumber'

05-10-2024T00:39:56 - [MESSAGE][PASSED] - Object 'Object Repository/IWP30/Page_ACHCorporatePaymentEntry/txt_accountNumber' is present

05-10-2024T00:39:57 - [MESSAGE][PASSED] - Text '12344444' is set on object 'Object Repository/IWP30/Page_ACHCorporatePaymentEntry/txt_accountNumber'

05-10-2024T00:39:58 - [MESSAGE][PASSED] - Object 'Object Repository/IWP30/Page_ACHCorporatePaymentEntry/txt_confirmAccountNumber' is present

05-10-2024T00:39:58 - [MESSAGE][PASSED] - Text '12344444' is set on object 'Object Repository/IWP30/Page_ACHCorporatePaymentEntry/txt_confirmAccountNumber'

05-10-2024T00:39:59 - [MESSAGE][PASSED] - Text '365 Main Avenue' is set on object 'Object Repository/IWP30/Page_ACHCorporatePaymentEntry/txt_AL1'

05-10-2024T00:39:59 - [MESSAGE][PASSED] - Text '22201' is set on object 'Object Repository/IWP30/Page_ACHCorporatePaymentEntry/txt_ZIP'

05-10-2024T00:40:00 - [MESSAGE][PASSED] - Object 'Object Repository/IWP30/Page_ACHCorporatePaymentEntry/txt_Email' is present

05-10-2024T00:40:01 - [MESSAGE][PASSED] - Text 'iahmed@govolution.com' is set on object 'Object Repository/IWP30/Page_ACHCorporatePaymentEntry/txt_Email'

05-10-2024T00:40:01 - [MESSAGE][PASSED] - Object 'Object Repository/IWP30/Page_ACHCorporatePaymentEntry/cb_TermsAndCond' is present

05-10-2024T00:40:01 - [MESSAGE][PASSED] - Object: 'Object Repository/IWP30/Page_ACHCorporatePaymentEntry/cb_TermsAndCond' is clicked on

05-10-2024T00:40:02 - [MESSAGE][PASSED] - Object 'Object Repository/IWP30/Page_ACHCorporatePaymentEntry/btn_Continue' is present

05-10-2024T00:40:03 - [MESSAGE][PASSED] - Object: 'Object Repository/IWP30/Page_ACHCorporatePaymentEntry/btn_Continue' is clicked on

05-10-2024T00:40:03 - [MESSAGE][PASSED] - iwpPages.achCorporatePaymentEntryPage.setDataCorporate is PASSED

05-10-2024T00:40:03 - [TEST_STEP][PASSED] - click(findTestObject("Object Repository/IWP30/Page_Confirmation/ConfirmButton")): Object: 'Object Repository/IWP30/Page_Confirmation/ConfirmButton' is clicked on

05-10-2024T00:40:05 - [MESSAGE][PASSED] - Object: 'Object Repository/IWP30/Page_Confirmation/ConfirmButton' is clicked on

05-10-2024T00:40:05 - [TEST_STEP][PASSED] - Thread.sleep(5000): null

05-10-2024T00:40:10 - [TEST_STEP][PASSED] - println("I am on real estate page"): null

05-10-2024T00:40:10 - [TEST_STEP][PASSED] - if (verifyTextPresent("Make a Real Estate Payment", false)): null

05-10-2024T00:40:10 - [MESSAGE][PASSED] - Text 'Make a Real Estate Payment' is present on page 

05-10-2024T00:40:10 - [TEST_STEP][PASSED] - isRequiredTextPresent = true: null

05-10-2024T00:40:10 - [TEST_STEP][PASSED] - println(isRequiredTextPresent): null

05-10-2024T00:40:10 - [TEST_STEP][PASSED] - if (isRequiredTextPresent): null

05-10-2024T00:40:10 - [TEST_STEP][PASSED] - if (verifyTextPresent("This transaction is subject to a Convenience Fees of $2.00.", false)): null

05-10-2024T00:40:10 - [MESSAGE][PASSED] - Text 'This transaction is subject to a Convenience Fees of $2.00.' is present on page 

05-10-2024T00:40:10 - [TEST_STEP][PASSED] - isRequiredTextPresent = true: null

05-10-2024T00:40:10 - [TEST_STEP][PASSED] - println(isRequiredTextPresent): null

05-10-2024T00:40:10 - [TEST_STEP][PASSED] - if (isRequiredTextPresent): null

05-10-2024T00:40:10 - [TEST_STEP][PASSED] - if (verifyTextPresent("Payment Amount:  $10.50", false)): null

05-10-2024T00:40:10 - [MESSAGE][PASSED] - Text 'Payment Amount:  $10.50' is present on page 

05-10-2024T00:40:10 - [TEST_STEP][PASSED] - isRequiredTextPresent = true: null

05-10-2024T00:40:10 - [TEST_STEP][PASSED] - if (isRequiredTextPresent): null

05-10-2024T00:40:10 - [TEST_STEP][PASSED] - if (verifyTextPresent("Convenience Fees:  $2.00", false)): null

05-10-2024T00:40:11 - [MESSAGE][PASSED] - Text 'Convenience Fees:  $2.00' is present on page 

05-10-2024T00:40:11 - [TEST_STEP][PASSED] - isRequiredTextPresent = true: null

05-10-2024T00:40:11 - [TEST_STEP][PASSED] - if (isRequiredTextPresent): null

05-10-2024T00:40:11 - [TEST_STEP][PASSED] - if (verifyTextPresent("Total Amount:  $12.50", false)): null

05-10-2024T00:40:11 - [MESSAGE][PASSED] - Text 'Total Amount:  $12.50' is present on page 

05-10-2024T00:40:11 - [TEST_STEP][PASSED] - isRequiredTextPresent = true: null

05-10-2024T00:40:11 - [TEST_STEP][PASSED] - if (isRequiredTextPresent): null

05-10-2024T00:40:11 - [TEST_STEP][PASSED] - if (verifyTextPresent("Two transactions will appear on your bank statement, one in the amount of $10.50 and one in the amount of $2.00.", false)): null

05-10-2024T00:40:11 - [MESSAGE][PASSED] - Text 'Two transactions will appear on your bank statement, one in the amount of $10.50 and one in the amount of $2.00.' is present on page 

05-10-2024T00:40:11 - [TEST_STEP][PASSED] - isRequiredTextPresent = true: null

05-10-2024T00:40:11 - [TEST_STEP][PASSED] - Thread.sleep(10000): null

05-10-2024T00:40:21 - [TEST_STEP][PASSED] - click(findTestObject("Object Repository/IWP30/Page_ConvenienceFees/btn_convFeeNotifyAction")): Object: 'Object Repository/IWP30/Page_ConvenienceFees/btn_convFeeNotifyAction' is clicked on

05-10-2024T00:40:23 - [MESSAGE][PASSED] - Object: 'Object Repository/IWP30/Page_ConvenienceFees/btn_convFeeNotifyAction' is clicked on

05-10-2024T00:40:23 - [TEST_STEP][PASSED] - Thread.sleep(10000): null

05-10-2024T00:40:33 - [TEST_STEP][PASSED] - if (verifyTextPresent("Successful Payment Receipt", false)): null

05-10-2024T00:40:33 - [MESSAGE][PASSED] - Text 'Successful Payment Receipt' is present on page 

05-10-2024T00:40:33 - [TEST_STEP][PASSED] - println("Successful Payment Receipt text is present on the Receipt page"): null

05-10-2024T00:40:33 - [TEST_STEP][PASSED] - markPassed("Successful Payment Receipt text is present on the Receipt page"): Successful Payment Receipt text is present on the Receipt page

05-10-2024T00:40:33 - [MESSAGE][PASSED] - Successful Payment Receipt text is present on the Receipt page

05-10-2024T00:40:33 - [TEST_STEP][PASSED] - resText = "Pass": null

05-10-2024T00:40:33 - [TEST_STEP][PASSED] - pages.WriteExcel.demoKey(resText, datText, resColumn, datCloumn, fileLoc, nameSheet, row): pages.WriteExcel.demoKey is PASSED

05-10-2024T00:40:33 - [MESSAGE][PASSED] - pages.WriteExcel.demoKey is PASSED

05-10-2024T00:40:33 - [TEST_STEP][PASSED] - closeBrowser(): Browser is closed

05-10-2024T00:40:33 - [MESSAGE][PASSED] - Browser is closed

05-10-2024T00:40:33 - [TEST_STEP][PASSED] - ExecuteTC = findTestData(dataFile).getValue("Execute", row): null

05-10-2024T00:40:34 - [TEST_STEP][PASSED] - out.println("Value of Execute is : " + ExecuteTC): null

05-10-2024T00:40:34 - [TEST_STEP][PASSED] - if (ExecuteTC.equalsIgnoreCase("Y")): null

05-10-2024T00:40:34 - [TEST_STEP][PASSED] - out.println("Begin Record Number: " + row): null

05-10-2024T00:40:34 - [TEST_STEP][PASSED] - today = new java.util.Date(): null

05-10-2024T00:40:34 - [TEST_STEP][PASSED] - println(today): null

05-10-2024T00:40:34 - [TEST_STEP][PASSED] - datText = today: null

05-10-2024T00:40:34 - [TEST_STEP][PASSED] - EmulatorDataKey = findTestData(dataFile).getValue("EmulatorData", row): null

05-10-2024T00:40:34 - [TEST_STEP][PASSED] - out.println("Value of Emulator Key is : " + EmulatorDataKey): null

05-10-2024T00:40:34 - [TEST_STEP][PASSED] - iwpPages.emulatorIWP30.setDataEmulator_DD(EmulatorDataKey): iwpPages.emulatorIWP30.setDataEmulator_DD is PASSED

05-10-2024T00:40:34 - [MESSAGE][INFO] - Starting 'Edge Chromium' driver

05-10-2024T00:40:34 - [MESSAGE][INFO] - User set preference: ['acceptInsecureCerts', 'true']

05-10-2024T00:40:36 - [MESSAGE][INFO] - Action delay is set to 0 milliseconds

05-10-2024T00:40:39 - [MESSAGE][PASSED] - Browser is opened with url: 'https://qa.velocitypayment.com/agency/config.do?action=editor&message_version=2_5'

05-10-2024T00:40:39 - [MESSAGE][PASSED] - Current window maximized

05-10-2024T00:40:40 - [MESSAGE][PASSED] - All options with value '2.5' are selected in object 'Object Repository/IWP30/Page_VRelay30Emulator/MV'  using regular expression

05-10-2024T00:40:41 - [MESSAGE][PASSED] - Text '10.50' is set on object 'Object Repository/IWP30/Page_VRelay30Emulator/Amount'

05-10-2024T00:40:42 - [MESSAGE][PASSED] - Text 'o6ars4EvEfmd' is set on object 'Object Repository/IWP30/Page_VRelay30Emulator/CAN'

05-10-2024T00:40:42 - [MESSAGE][PASSED] - Text 'PayNow' is set on object 'Object Repository/IWP30/Page_VRelay30Emulator/Action'

05-10-2024T00:40:43 - [MESSAGE][PASSED] - Text 'en_US' is set on object 'Object Repository/IWP30/Page_VRelay30Emulator/Lang'

05-10-2024T00:40:44 - [MESSAGE][PASSED] - Text 'Jasmine' is set on object 'Object Repository/IWP30/Page_VRelay30Emulator/Fname'

05-10-2024T00:40:44 - [MESSAGE][PASSED] - Text 'Patrinol' is set on object 'Object Repository/IWP30/Page_VRelay30Emulator/Lname'

05-10-2024T00:40:45 - [MESSAGE][PASSED] - Text '258 Underwood rd' is set on object 'Object Repository/IWP30/Page_VRelay30Emulator/AL1'

05-10-2024T00:40:45 - [MESSAGE][PASSED] - Text 'Suite 600' is set on object 'Object Repository/IWP30/Page_VRelay30Emulator/AL2'

05-10-2024T00:40:46 - [MESSAGE][PASSED] - Text '840' is set on object 'Object Repository/IWP30/Page_VRelay30Emulator/Country'

05-10-2024T00:40:47 - [MESSAGE][PASSED] - Text 'Arlington' is set on object 'Object Repository/IWP30/Page_VRelay30Emulator/City'

05-10-2024T00:40:47 - [MESSAGE][PASSED] - Text 'VA' is set on object 'Object Repository/IWP30/Page_VRelay30Emulator/State'

05-10-2024T00:40:48 - [MESSAGE][PASSED] - Text '22201' is set on object 'Object Repository/IWP30/Page_VRelay30Emulator/ZIP'

05-10-2024T00:40:48 - [MESSAGE][PASSED] - Text '' is set on object 'Object Repository/IWP30/Page_VRelay30Emulator/Order'

05-10-2024T00:40:49 - [MESSAGE][PASSED] - Text 'Some Company' is set on object 'Object Repository/IWP30/Page_VRelay30Emulator/Company'

05-10-2024T00:40:50 - [MESSAGE][PASSED] - Text 'iahmed@govolution.com' is set on object 'Object Repository/IWP30/Page_VRelay30Emulator/Email'

05-10-2024T00:40:50 - [MESSAGE][PASSED] - Text 'udf data 1' is set on object 'Object Repository/IWP30/Page_VRelay30Emulator/UDF1'

05-10-2024T00:40:51 - [MESSAGE][PASSED] - Text 'udf data 2' is set on object 'Object Repository/IWP30/Page_VRelay30Emulator/UDF2'

05-10-2024T00:40:51 - [MESSAGE][PASSED] - Text 'udf data 3' is set on object 'Object Repository/IWP30/Page_VRelay30Emulator/UDF3'

05-10-2024T00:40:52 - [MESSAGE][PASSED] - Text 'udf data 4' is set on object 'Object Repository/IWP30/Page_VRelay30Emulator/UDF4'

05-10-2024T00:40:52 - [MESSAGE][PASSED] - Text 'udf data 5' is set on object 'Object Repository/IWP30/Page_VRelay30Emulator/UDF5'

05-10-2024T00:40:53 - [MESSAGE][PASSED] - Text 'udf data 6' is set on object 'Object Repository/IWP30/Page_VRelay30Emulator/UDF6'

05-10-2024T00:40:54 - [MESSAGE][PASSED] - Text 'Orange' is set on object 'Object Repository/IWP30/Page_VRelay30Emulator/UDF7'

05-10-2024T00:40:54 - [MESSAGE][PASSED] - Text 'Soccer' is set on object 'Object Repository/IWP30/Page_VRelay30Emulator/UDF8'

05-10-2024T00:40:55 - [MESSAGE][PASSED] - Text 'udf data 9' is set on object 'Object Repository/IWP30/Page_VRelay30Emulator/UDF9'

05-10-2024T00:40:55 - [MESSAGE][PASSED] - Text 'udf data 10' is set on object 'Object Repository/IWP30/Page_VRelay30Emulator/UDF10'

05-10-2024T00:40:57 - [MESSAGE][PASSED] - Object: 'Object Repository/IWP30/Page_VRelay30Emulator/Submit' is clicked on

05-10-2024T00:41:01 - [MESSAGE][PASSED] - Browser is closed

05-10-2024T00:41:05 - [MESSAGE][PASSED] - iwpPages.emulatorIWP30.setDataEmulator_DD is PASSED

05-10-2024T00:41:05 - [TEST_STEP][PASSED] - testHarnessURL = urlTestHarness: null

05-10-2024T00:41:05 - [TEST_STEP][PASSED] - openBrowser(testHarnessURL): Browser is opened with url: 'https://dev-algorithm.govolution.com/vrelaytest/QA/version_2_2/vrelaytest.html'

05-10-2024T00:41:05 - [MESSAGE][INFO] - Starting 'Edge Chromium' driver

05-10-2024T00:41:05 - [MESSAGE][INFO] - User set preference: ['acceptInsecureCerts', 'true']

05-10-2024T00:41:07 - [MESSAGE][INFO] - Action delay is set to 0 milliseconds

05-10-2024T00:41:11 - [MESSAGE][PASSED] - Browser is opened with url: 'https://dev-algorithm.govolution.com/vrelaytest/QA/version_2_2/vrelaytest.html'

05-10-2024T00:41:11 - [TEST_STEP][PASSED] - maximizeWindow(): Current window maximized

05-10-2024T00:41:11 - [MESSAGE][PASSED] - Current window maximized

05-10-2024T00:41:11 - [TEST_STEP][PASSED] - iwpPages.TestHarnessPage.setDataMethod(row, dataFile): iwpPages.TestHarnessPage.setDataMethod is PASSED

05-10-2024T00:41:11 - [MESSAGE][PASSED] - Object 'Object Repository/IWP30/Page_QATestHarness/RemittanceID' is present

05-10-2024T00:41:12 - [MESSAGE][PASSED] - Text '640' is set on object 'Object Repository/IWP30/Page_QATestHarness/ApplicationID'

05-10-2024T00:41:12 - [MESSAGE][PASSED] - Text '2.5' is set on object 'Object Repository/IWP30/Page_QATestHarness/MessageVersion'

05-10-2024T00:41:13 - [MESSAGE][PASSED] - Text 'e2b4GDpnbhg4' is set on object 'Object Repository/IWP30/Page_QATestHarness/RemittanceID'

05-10-2024T00:41:16 - [MESSAGE][PASSED] - Object: 'Object Repository/IWP30/Page_QATestHarness/SubmitButton' is clicked on

05-10-2024T00:41:16 - [MESSAGE][PASSED] - iwpPages.TestHarnessPage.setDataMethod is PASSED

05-10-2024T00:41:16 - [TEST_STEP][PASSED] - click(findTestObject("Object Repository/IWP30/Page_SelectPaymentMethod/PayByCorporateCheck")): Object: 'Object Repository/IWP30/Page_SelectPaymentMethod/PayByCorporateCheck' is clicked on

05-10-2024T00:41:16 - [MESSAGE][PASSED] - Object: 'Object Repository/IWP30/Page_SelectPaymentMethod/PayByCorporateCheck' is clicked on

05-10-2024T00:41:16 - [TEST_STEP][PASSED] - click(findTestObject("Object Repository/IWP30/Page_SelectPaymentMethod/MakePaymentButton")): Object: 'Object Repository/IWP30/Page_SelectPaymentMethod/MakePaymentButton' is clicked on

05-10-2024T00:41:18 - [MESSAGE][PASSED] - Object: 'Object Repository/IWP30/Page_SelectPaymentMethod/MakePaymentButton' is clicked on

05-10-2024T00:41:18 - [TEST_STEP][PASSED] - iwpPages.achCorporatePaymentEntryPage.setDataCorporate(row, dataFile): iwpPages.achCorporatePaymentEntryPage.setDataCorporate is PASSED

05-10-2024T00:41:19 - [MESSAGE][PASSED] - Object 'Object Repository/IWP30/Page_ACHCorporatePaymentEntry/txt_accountNumber' is present

05-10-2024T00:41:19 - [MESSAGE][PASSED] - Object 'Object Repository/IWP30/Page_ACHCorporatePaymentEntry/input_CompanyName' is present

05-10-2024T00:41:20 - [MESSAGE][PASSED] - Object 'Object Repository/IWP30/Page_ACHCorporatePaymentEntry/input_EIN' is present

05-10-2024T00:41:20 - [MESSAGE][PASSED] - Text '123456789' is set on object 'Object Repository/IWP30/Page_ACHCorporatePaymentEntry/input_EIN'

05-10-2024T00:41:21 - [MESSAGE][PASSED] - All options with label 'Soccer' are selected in object 'Object Repository/IWP30/Page_ACHCorporatePaymentEntry/dd_UDF8' 

05-10-2024T00:41:21 - [MESSAGE][PASSED] - Object 'Object Repository/IWP30/Page_ACHCorporatePaymentEntry/txt_routingNumber' is present

05-10-2024T00:41:22 - [MESSAGE][PASSED] - Text '256072691' is set on object 'Object Repository/IWP30/Page_ACHCorporatePaymentEntry/txt_routingNumber'

05-10-2024T00:41:22 - [MESSAGE][PASSED] - Object 'Object Repository/IWP30/Page_ACHCorporatePaymentEntry/txt_accountNumber' is present

05-10-2024T00:41:23 - [MESSAGE][PASSED] - Text '12344444' is set on object 'Object Repository/IWP30/Page_ACHCorporatePaymentEntry/txt_accountNumber'

05-10-2024T00:41:23 - [MESSAGE][PASSED] - Object 'Object Repository/IWP30/Page_ACHCorporatePaymentEntry/txt_confirmAccountNumber' is present

05-10-2024T00:41:24 - [MESSAGE][PASSED] - Text '12344444' is set on object 'Object Repository/IWP30/Page_ACHCorporatePaymentEntry/txt_confirmAccountNumber'

05-10-2024T00:41:24 - [MESSAGE][PASSED] - Object 'Object Repository/IWP30/Page_ACHCorporatePaymentEntry/txt_Email' is present

05-10-2024T00:41:24 - [MESSAGE][PASSED] - Object 'Object Repository/IWP30/Page_ACHCorporatePaymentEntry/cb_TermsAndCond' is present

05-10-2024T00:41:25 - [MESSAGE][PASSED] - Object: 'Object Repository/IWP30/Page_ACHCorporatePaymentEntry/cb_TermsAndCond' is clicked on

05-10-2024T00:41:25 - [MESSAGE][PASSED] - Object 'Object Repository/IWP30/Page_ACHCorporatePaymentEntry/btn_Continue' is present

05-10-2024T00:41:26 - [MESSAGE][PASSED] - Object: 'Object Repository/IWP30/Page_ACHCorporatePaymentEntry/btn_Continue' is clicked on

05-10-2024T00:41:26 - [MESSAGE][PASSED] - iwpPages.achCorporatePaymentEntryPage.setDataCorporate is PASSED

05-10-2024T00:41:26 - [TEST_STEP][PASSED] - click(findTestObject("Object Repository/IWP30/Page_Confirmation/ConfirmButton")): Object: 'Object Repository/IWP30/Page_Confirmation/ConfirmButton' is clicked on

05-10-2024T00:41:28 - [MESSAGE][PASSED] - Object: 'Object Repository/IWP30/Page_Confirmation/ConfirmButton' is clicked on

05-10-2024T00:41:28 - [TEST_STEP][PASSED] - Thread.sleep(5000): null

05-10-2024T00:41:33 - [TEST_STEP][PASSED] - println("I am on real estate page"): null

05-10-2024T00:41:33 - [TEST_STEP][PASSED] - if (verifyTextPresent("Make a Real Estate Payment", false)): null

05-10-2024T00:41:33 - [MESSAGE][PASSED] - Text 'Make a Real Estate Payment' is present on page 

05-10-2024T00:41:33 - [TEST_STEP][PASSED] - isRequiredTextPresent = true: null

05-10-2024T00:41:33 - [TEST_STEP][PASSED] - println(isRequiredTextPresent): null

05-10-2024T00:41:33 - [TEST_STEP][PASSED] - if (isRequiredTextPresent): null

05-10-2024T00:41:33 - [TEST_STEP][PASSED] - if (verifyTextPresent("This transaction is subject to a Convenience Fees of $2.00.", false)): null

05-10-2024T00:41:33 - [MESSAGE][PASSED] - Text 'This transaction is subject to a Convenience Fees of $2.00.' is present on page 

05-10-2024T00:41:33 - [TEST_STEP][PASSED] - isRequiredTextPresent = true: null

05-10-2024T00:41:33 - [TEST_STEP][PASSED] - println(isRequiredTextPresent): null

05-10-2024T00:41:33 - [TEST_STEP][PASSED] - if (isRequiredTextPresent): null

05-10-2024T00:41:33 - [TEST_STEP][PASSED] - if (verifyTextPresent("Payment Amount:  $10.50", false)): null

05-10-2024T00:41:34 - [MESSAGE][PASSED] - Text 'Payment Amount:  $10.50' is present on page 

05-10-2024T00:41:34 - [TEST_STEP][PASSED] - isRequiredTextPresent = true: null

05-10-2024T00:41:34 - [TEST_STEP][PASSED] - if (isRequiredTextPresent): null

05-10-2024T00:41:34 - [TEST_STEP][PASSED] - if (verifyTextPresent("Convenience Fees:  $2.00", false)): null

05-10-2024T00:41:34 - [MESSAGE][PASSED] - Text 'Convenience Fees:  $2.00' is present on page 

05-10-2024T00:41:34 - [TEST_STEP][PASSED] - isRequiredTextPresent = true: null

05-10-2024T00:41:34 - [TEST_STEP][PASSED] - if (isRequiredTextPresent): null

05-10-2024T00:41:34 - [TEST_STEP][PASSED] - if (verifyTextPresent("Total Amount:  $12.50", false)): null

05-10-2024T00:41:34 - [MESSAGE][PASSED] - Text 'Total Amount:  $12.50' is present on page 

05-10-2024T00:41:34 - [TEST_STEP][PASSED] - isRequiredTextPresent = true: null

05-10-2024T00:41:34 - [TEST_STEP][PASSED] - if (isRequiredTextPresent): null

05-10-2024T00:41:34 - [TEST_STEP][PASSED] - if (verifyTextPresent("Two transactions will appear on your bank statement, one in the amount of $10.50 and one in the amount of $2.00.", false)): null

05-10-2024T00:41:34 - [MESSAGE][PASSED] - Text 'Two transactions will appear on your bank statement, one in the amount of $10.50 and one in the amount of $2.00.' is present on page 

05-10-2024T00:41:34 - [TEST_STEP][PASSED] - isRequiredTextPresent = true: null

05-10-2024T00:41:34 - [TEST_STEP][PASSED] - Thread.sleep(10000): null

05-10-2024T00:41:44 - [TEST_STEP][PASSED] - click(findTestObject("Object Repository/IWP30/Page_ConvenienceFees/btn_convFeeNotifyAction")): Object: 'Object Repository/IWP30/Page_ConvenienceFees/btn_convFeeNotifyAction' is clicked on

05-10-2024T00:41:46 - [MESSAGE][PASSED] - Object: 'Object Repository/IWP30/Page_ConvenienceFees/btn_convFeeNotifyAction' is clicked on

05-10-2024T00:41:46 - [TEST_STEP][PASSED] - Thread.sleep(10000): null

05-10-2024T00:41:56 - [TEST_STEP][PASSED] - if (verifyTextPresent("Successful Payment Receipt", false)): null

05-10-2024T00:41:56 - [MESSAGE][PASSED] - Text 'Successful Payment Receipt' is present on page 

05-10-2024T00:41:56 - [TEST_STEP][PASSED] - println("Successful Payment Receipt text is present on the Receipt page"): null

05-10-2024T00:41:56 - [TEST_STEP][PASSED] - markPassed("Successful Payment Receipt text is present on the Receipt page"): Successful Payment Receipt text is present on the Receipt page

05-10-2024T00:41:56 - [MESSAGE][PASSED] - Successful Payment Receipt text is present on the Receipt page

05-10-2024T00:41:56 - [TEST_STEP][PASSED] - resText = "Pass": null

05-10-2024T00:41:56 - [TEST_STEP][PASSED] - pages.WriteExcel.demoKey(resText, datText, resColumn, datCloumn, fileLoc, nameSheet, row): pages.WriteExcel.demoKey is PASSED

05-10-2024T00:41:56 - [MESSAGE][PASSED] - pages.WriteExcel.demoKey is PASSED

05-10-2024T00:41:56 - [TEST_STEP][PASSED] - closeBrowser(): Browser is closed

05-10-2024T00:41:57 - [MESSAGE][PASSED] - Browser is closed]]></system-out>
         <system-err><![CDATA[]]></system-err>
      </testcase>
      <testcase name="Test Cases/IntegratedWeb/IWP25/Payments/PayNowCorporate" time="215.602" classname="Test Cases/IntegratedWeb/IWP25/Payments/PayNowCorporate" status="PASSED">
         <system-out><![CDATA[05-10-2024T00:41:57 - [TEST_CASE][PASSED] - Test Cases/IntegratedWeb/IWP25/Payments/PayNowCorporate: Test Cases/IntegratedWeb/IWP25/Payments/PayNowCorporate

05-10-2024T00:41:57 - [TEST_STEP][PASSED] - resText = "Fail": null

05-10-2024T00:41:57 - [TEST_STEP][PASSED] - resColumn = "Result": null

05-10-2024T00:41:57 - [TEST_STEP][PASSED] - datCloumn = "Date": null

05-10-2024T00:41:57 - [TEST_STEP][PASSED] - fileLoc = "KatalonData/IWPTestData/VRelay25Payments.xlsx": null

05-10-2024T00:41:57 - [TEST_STEP][PASSED] - numOfRows = <not implemented yet for class: org.codehaus.groovy.ast.expr.EmptyExpression>: null

05-10-2024T00:41:57 - [TEST_STEP][PASSED] - dataFile = <not implemented yet for class: org.codehaus.groovy.ast.expr.EmptyExpression>: null

05-10-2024T00:41:57 - [TEST_STEP][PASSED] - nameSheet = <not implemented yet for class: org.codehaus.groovy.ast.expr.EmptyExpression>: null

05-10-2024T00:41:57 - [TEST_STEP][PASSED] - dataFileEmulator = <not implemented yet for class: org.codehaus.groovy.ast.expr.EmptyExpression>: null

05-10-2024T00:41:57 - [TEST_STEP][PASSED] - nameSheet = "PayNowCorp": null

05-10-2024T00:41:57 - [TEST_STEP][PASSED] - dataFile = "IWPTestData/IWP25PayNowCorp": null

05-10-2024T00:41:57 - [TEST_STEP][PASSED] - dataFileEmulator = "IWPTestData/EmulatorData": null

05-10-2024T00:41:57 - [TEST_STEP][PASSED] - numOfRows = findTestData(dataFile).getRowNumbers(): null

05-10-2024T00:41:57 - [TEST_STEP][PASSED] - println("Number of Records: " + numOfRows): null

05-10-2024T00:41:57 - [TEST_STEP][PASSED] - for ([row = 1, row <= numOfRows, (row++)]): Browser is closed

05-10-2024T00:41:57 - [TEST_STEP][PASSED] - ExecuteTC = findTestData(dataFile).getValue("Execute", row): null

05-10-2024T00:41:57 - [TEST_STEP][PASSED] - out.println("Value of Execute is : " + ExecuteTC): null

05-10-2024T00:41:57 - [TEST_STEP][PASSED] - if (ExecuteTC.equalsIgnoreCase("Y")): null

05-10-2024T00:41:57 - [TEST_STEP][PASSED] - out.println("Begin Record Number: " + row): null

05-10-2024T00:41:57 - [TEST_STEP][PASSED] - today = new java.util.Date(): null

05-10-2024T00:41:57 - [TEST_STEP][PASSED] - println(today): null

05-10-2024T00:41:57 - [TEST_STEP][PASSED] - datText = today: null

05-10-2024T00:41:57 - [TEST_STEP][PASSED] - EmulatorDataKey = findTestData(dataFile).getValue("EmulatorData", row): null

05-10-2024T00:41:58 - [TEST_STEP][PASSED] - out.println("Value of Emulator Key is : " + EmulatorDataKey): null

05-10-2024T00:41:58 - [TEST_STEP][PASSED] - iwpPages.emulatorIWP30.setDataEmulator_DD(EmulatorDataKey): iwpPages.emulatorIWP30.setDataEmulator_DD is PASSED

05-10-2024T00:41:58 - [MESSAGE][INFO] - Starting 'Edge Chromium' driver

05-10-2024T00:41:58 - [MESSAGE][INFO] - User set preference: ['acceptInsecureCerts', 'true']

05-10-2024T00:42:00 - [MESSAGE][INFO] - Action delay is set to 0 milliseconds

05-10-2024T00:42:04 - [MESSAGE][PASSED] - Browser is opened with url: 'https://qa.velocitypayment.com/agency/config.do?action=editor&message_version=2_5'

05-10-2024T00:42:04 - [MESSAGE][PASSED] - Current window maximized

05-10-2024T00:42:05 - [MESSAGE][PASSED] - All options with value '2.5' are selected in object 'Object Repository/IWP30/Page_VRelay30Emulator/MV'  using regular expression

05-10-2024T00:42:06 - [MESSAGE][PASSED] - Text '10.50' is set on object 'Object Repository/IWP30/Page_VRelay30Emulator/Amount'

05-10-2024T00:42:06 - [MESSAGE][PASSED] - Text 'IQtOUR9yvzM7' is set on object 'Object Repository/IWP30/Page_VRelay30Emulator/CAN'

05-10-2024T00:42:07 - [MESSAGE][PASSED] - Text 'PayNow' is set on object 'Object Repository/IWP30/Page_VRelay30Emulator/Action'

05-10-2024T00:42:08 - [MESSAGE][PASSED] - Text 'en_US' is set on object 'Object Repository/IWP30/Page_VRelay30Emulator/Lang'

05-10-2024T00:42:08 - [MESSAGE][PASSED] - Text '' is set on object 'Object Repository/IWP30/Page_VRelay30Emulator/Fname'

05-10-2024T00:42:09 - [MESSAGE][PASSED] - Text '' is set on object 'Object Repository/IWP30/Page_VRelay30Emulator/Lname'

05-10-2024T00:42:09 - [MESSAGE][PASSED] - Text '' is set on object 'Object Repository/IWP30/Page_VRelay30Emulator/AL1'

05-10-2024T00:42:10 - [MESSAGE][PASSED] - Text '' is set on object 'Object Repository/IWP30/Page_VRelay30Emulator/AL2'

05-10-2024T00:42:11 - [MESSAGE][PASSED] - Text '' is set on object 'Object Repository/IWP30/Page_VRelay30Emulator/Country'

05-10-2024T00:42:11 - [MESSAGE][PASSED] - Text '' is set on object 'Object Repository/IWP30/Page_VRelay30Emulator/City'

05-10-2024T00:42:12 - [MESSAGE][PASSED] - Text '' is set on object 'Object Repository/IWP30/Page_VRelay30Emulator/State'

05-10-2024T00:42:12 - [MESSAGE][PASSED] - Text '' is set on object 'Object Repository/IWP30/Page_VRelay30Emulator/ZIP'

05-10-2024T00:42:13 - [MESSAGE][PASSED] - Text '' is set on object 'Object Repository/IWP30/Page_VRelay30Emulator/Order'

05-10-2024T00:42:14 - [MESSAGE][PASSED] - Text '' is set on object 'Object Repository/IWP30/Page_VRelay30Emulator/Company'

05-10-2024T00:42:14 - [MESSAGE][PASSED] - Text '' is set on object 'Object Repository/IWP30/Page_VRelay30Emulator/Email'

05-10-2024T00:42:15 - [MESSAGE][PASSED] - Text '' is set on object 'Object Repository/IWP30/Page_VRelay30Emulator/UDF1'

05-10-2024T00:42:15 - [MESSAGE][PASSED] - Text '' is set on object 'Object Repository/IWP30/Page_VRelay30Emulator/UDF2'

05-10-2024T00:42:16 - [MESSAGE][PASSED] - Text '' is set on object 'Object Repository/IWP30/Page_VRelay30Emulator/UDF3'

05-10-2024T00:42:17 - [MESSAGE][PASSED] - Text 'udf data 4' is set on object 'Object Repository/IWP30/Page_VRelay30Emulator/UDF4'

05-10-2024T00:42:17 - [MESSAGE][PASSED] - Text 'udf data 5' is set on object 'Object Repository/IWP30/Page_VRelay30Emulator/UDF5'

05-10-2024T00:42:18 - [MESSAGE][PASSED] - Text '' is set on object 'Object Repository/IWP30/Page_VRelay30Emulator/UDF6'

05-10-2024T00:42:18 - [MESSAGE][PASSED] - Text '' is set on object 'Object Repository/IWP30/Page_VRelay30Emulator/UDF7'

05-10-2024T00:42:19 - [MESSAGE][PASSED] - Text '' is set on object 'Object Repository/IWP30/Page_VRelay30Emulator/UDF8'

05-10-2024T00:42:19 - [MESSAGE][PASSED] - Text 'udf data 9' is set on object 'Object Repository/IWP30/Page_VRelay30Emulator/UDF9'

05-10-2024T00:42:20 - [MESSAGE][PASSED] - Text 'udf data 10' is set on object 'Object Repository/IWP30/Page_VRelay30Emulator/UDF10'

05-10-2024T00:42:21 - [MESSAGE][PASSED] - Object: 'Object Repository/IWP30/Page_VRelay30Emulator/Submit' is clicked on

05-10-2024T00:42:26 - [MESSAGE][PASSED] - Browser is closed

05-10-2024T00:42:30 - [MESSAGE][PASSED] - iwpPages.emulatorIWP30.setDataEmulator_DD is PASSED

05-10-2024T00:42:30 - [TEST_STEP][PASSED] - testHarnessURL = urlTestHarness: null

05-10-2024T00:42:30 - [TEST_STEP][PASSED] - openBrowser(testHarnessURL): Browser is opened with url: 'https://dev-algorithm.govolution.com/vrelaytest/QA/version_2_2/vrelaytest.html'

05-10-2024T00:42:30 - [MESSAGE][INFO] - Starting 'Edge Chromium' driver

05-10-2024T00:42:30 - [MESSAGE][INFO] - User set preference: ['acceptInsecureCerts', 'true']

05-10-2024T00:42:32 - [MESSAGE][INFO] - Action delay is set to 0 milliseconds

05-10-2024T00:42:36 - [MESSAGE][PASSED] - Browser is opened with url: 'https://dev-algorithm.govolution.com/vrelaytest/QA/version_2_2/vrelaytest.html'

05-10-2024T00:42:36 - [TEST_STEP][PASSED] - maximizeWindow(): Current window maximized

05-10-2024T00:42:36 - [MESSAGE][PASSED] - Current window maximized

05-10-2024T00:42:36 - [TEST_STEP][PASSED] - iwpPages.TestHarnessPage.setDataMethod(row, dataFile): iwpPages.TestHarnessPage.setDataMethod is PASSED

05-10-2024T00:42:36 - [MESSAGE][PASSED] - Object 'Object Repository/IWP30/Page_QATestHarness/RemittanceID' is present

05-10-2024T00:42:37 - [MESSAGE][PASSED] - Text '638' is set on object 'Object Repository/IWP30/Page_QATestHarness/ApplicationID'

05-10-2024T00:42:37 - [MESSAGE][PASSED] - Text '2.5' is set on object 'Object Repository/IWP30/Page_QATestHarness/MessageVersion'

05-10-2024T00:42:38 - [MESSAGE][PASSED] - Text 'SJsPZrpoV0Rk' is set on object 'Object Repository/IWP30/Page_QATestHarness/RemittanceID'

05-10-2024T00:42:41 - [MESSAGE][PASSED] - Object: 'Object Repository/IWP30/Page_QATestHarness/SubmitButton' is clicked on

05-10-2024T00:42:41 - [MESSAGE][PASSED] - iwpPages.TestHarnessPage.setDataMethod is PASSED

05-10-2024T00:42:41 - [TEST_STEP][PASSED] - click(findTestObject("Object Repository/IWP30/Page_SelectPaymentMethod/PayByCorporateCheck")): Object: 'Object Repository/IWP30/Page_SelectPaymentMethod/PayByCorporateCheck' is clicked on

05-10-2024T00:42:42 - [MESSAGE][PASSED] - Object: 'Object Repository/IWP30/Page_SelectPaymentMethod/PayByCorporateCheck' is clicked on

05-10-2024T00:42:42 - [TEST_STEP][PASSED] - click(findTestObject("Object Repository/IWP30/Page_SelectPaymentMethod/MakePaymentButton")): Object: 'Object Repository/IWP30/Page_SelectPaymentMethod/MakePaymentButton' is clicked on

05-10-2024T00:42:43 - [MESSAGE][PASSED] - Object: 'Object Repository/IWP30/Page_SelectPaymentMethod/MakePaymentButton' is clicked on

05-10-2024T00:42:43 - [TEST_STEP][PASSED] - iwpPages.achCorporatePaymentEntryPage.setDataCorporate(row, dataFile): iwpPages.achCorporatePaymentEntryPage.setDataCorporate is PASSED

05-10-2024T00:42:44 - [MESSAGE][PASSED] - Object 'Object Repository/IWP30/Page_ACHCorporatePaymentEntry/txt_accountNumber' is present

05-10-2024T00:42:44 - [MESSAGE][PASSED] - Object 'Object Repository/IWP30/Page_ACHCorporatePaymentEntry/input_CompanyName' is present

05-10-2024T00:42:45 - [MESSAGE][PASSED] - Text 'My Company' is set on object 'Object Repository/IWP30/Page_ACHCorporatePaymentEntry/input_CompanyName'

05-10-2024T00:42:45 - [MESSAGE][PASSED] - Object 'Object Repository/IWP30/Page_ACHCorporatePaymentEntry/input_EIN' is present

05-10-2024T00:42:46 - [MESSAGE][PASSED] - Text '123456789' is set on object 'Object Repository/IWP30/Page_ACHCorporatePaymentEntry/input_EIN'

05-10-2024T00:42:47 - [MESSAGE][PASSED] - Text '10.50' is set on object 'Object Repository/IWP30/Page_ACHCorporatePaymentEntry/txt_Amount'

05-10-2024T00:42:47 - [MESSAGE][PASSED] - Text 'udf data 2' is set on object 'Object Repository/IWP30/Page_ACHCorporatePaymentEntry/txt_UDF2'

05-10-2024T00:42:48 - [MESSAGE][PASSED] - Text 'udf data 3' is set on object 'Object Repository/IWP30/Page_ACHCorporatePaymentEntry/txt_UDF3'

05-10-2024T00:42:48 - [MESSAGE][PASSED] - All options with label 'Orange' are selected in object 'Object Repository/IWP30/Page_ACHCorporatePaymentEntry/dd_UDF7' 

05-10-2024T00:42:49 - [MESSAGE][PASSED] - All options with label 'Soccer' are selected in object 'Object Repository/IWP30/Page_ACHCorporatePaymentEntry/dd_UDF8' 

05-10-2024T00:42:49 - [MESSAGE][PASSED] - Object 'Object Repository/IWP30/Page_ACHCorporatePaymentEntry/txt_routingNumber' is present

05-10-2024T00:42:50 - [MESSAGE][PASSED] - Text '256072691' is set on object 'Object Repository/IWP30/Page_ACHCorporatePaymentEntry/txt_routingNumber'

05-10-2024T00:42:50 - [MESSAGE][PASSED] - Object 'Object Repository/IWP30/Page_ACHCorporatePaymentEntry/txt_accountNumber' is present

05-10-2024T00:42:51 - [MESSAGE][PASSED] - Text '12344444' is set on object 'Object Repository/IWP30/Page_ACHCorporatePaymentEntry/txt_accountNumber'

05-10-2024T00:42:52 - [MESSAGE][PASSED] - Object 'Object Repository/IWP30/Page_ACHCorporatePaymentEntry/txt_confirmAccountNumber' is present

05-10-2024T00:42:52 - [MESSAGE][PASSED] - Text '12344444' is set on object 'Object Repository/IWP30/Page_ACHCorporatePaymentEntry/txt_confirmAccountNumber'

05-10-2024T00:42:53 - [MESSAGE][PASSED] - Text '365 Main Avenue' is set on object 'Object Repository/IWP30/Page_ACHCorporatePaymentEntry/txt_AL1'

05-10-2024T00:42:54 - [MESSAGE][PASSED] - Text '22201' is set on object 'Object Repository/IWP30/Page_ACHCorporatePaymentEntry/txt_ZIP'

05-10-2024T00:42:54 - [MESSAGE][PASSED] - Object 'Object Repository/IWP30/Page_ACHCorporatePaymentEntry/txt_Email' is present

05-10-2024T00:42:55 - [MESSAGE][PASSED] - Text 'iahmed@govolution.com' is set on object 'Object Repository/IWP30/Page_ACHCorporatePaymentEntry/txt_Email'

05-10-2024T00:42:55 - [MESSAGE][PASSED] - Object 'Object Repository/IWP30/Page_ACHCorporatePaymentEntry/cb_TermsAndCond' is present

05-10-2024T00:42:56 - [MESSAGE][PASSED] - Object: 'Object Repository/IWP30/Page_ACHCorporatePaymentEntry/cb_TermsAndCond' is clicked on

05-10-2024T00:42:56 - [MESSAGE][PASSED] - Object 'Object Repository/IWP30/Page_ACHCorporatePaymentEntry/btn_Continue' is present

05-10-2024T00:42:57 - [MESSAGE][PASSED] - Object: 'Object Repository/IWP30/Page_ACHCorporatePaymentEntry/btn_Continue' is clicked on

05-10-2024T00:42:57 - [MESSAGE][PASSED] - iwpPages.achCorporatePaymentEntryPage.setDataCorporate is PASSED

05-10-2024T00:42:57 - [TEST_STEP][PASSED] - click(findTestObject("Object Repository/IWP30/Page_Confirmation/ConfirmButton")): Object: 'Object Repository/IWP30/Page_Confirmation/ConfirmButton' is clicked on

05-10-2024T00:42:58 - [MESSAGE][PASSED] - Object: 'Object Repository/IWP30/Page_Confirmation/ConfirmButton' is clicked on

05-10-2024T00:42:58 - [TEST_STEP][PASSED] - Thread.sleep(10000): null

05-10-2024T00:43:08 - [TEST_STEP][PASSED] - if (verifyTextPresent("Successful Payment Receipt", false)): null

05-10-2024T00:43:09 - [MESSAGE][PASSED] - Text 'Successful Payment Receipt' is present on page 

05-10-2024T00:43:09 - [TEST_STEP][PASSED] - println("Successful Payment Receipt text is present on the Receipt page"): null

05-10-2024T00:43:09 - [TEST_STEP][PASSED] - markPassed("Successful Payment Receipt text is present on the Receipt page"): Successful Payment Receipt text is present on the Receipt page

05-10-2024T00:43:09 - [MESSAGE][PASSED] - Successful Payment Receipt text is present on the Receipt page

05-10-2024T00:43:09 - [TEST_STEP][PASSED] - resText = "Pass": null

05-10-2024T00:43:09 - [TEST_STEP][PASSED] - pages.WriteExcel.demoKey(resText, datText, resColumn, datCloumn, fileLoc, nameSheet, row): pages.WriteExcel.demoKey is PASSED

05-10-2024T00:43:09 - [MESSAGE][PASSED] - pages.WriteExcel.demoKey is PASSED

05-10-2024T00:43:09 - [TEST_STEP][PASSED] - closeBrowser(): Browser is closed

05-10-2024T00:43:10 - [MESSAGE][PASSED] - Browser is closed

05-10-2024T00:43:10 - [TEST_STEP][PASSED] - ExecuteTC = findTestData(dataFile).getValue("Execute", row): null

05-10-2024T00:43:10 - [TEST_STEP][PASSED] - out.println("Value of Execute is : " + ExecuteTC): null

05-10-2024T00:43:10 - [TEST_STEP][PASSED] - if (ExecuteTC.equalsIgnoreCase("Y")): null

05-10-2024T00:43:10 - [TEST_STEP][PASSED] - out.println("Begin Record Number: " + row): null

05-10-2024T00:43:10 - [TEST_STEP][PASSED] - today = new java.util.Date(): null

05-10-2024T00:43:10 - [TEST_STEP][PASSED] - println(today): null

05-10-2024T00:43:10 - [TEST_STEP][PASSED] - datText = today: null

05-10-2024T00:43:10 - [TEST_STEP][PASSED] - EmulatorDataKey = findTestData(dataFile).getValue("EmulatorData", row): null

05-10-2024T00:43:10 - [TEST_STEP][PASSED] - out.println("Value of Emulator Key is : " + EmulatorDataKey): null

05-10-2024T00:43:10 - [TEST_STEP][PASSED] - iwpPages.emulatorIWP30.setDataEmulator_DD(EmulatorDataKey): iwpPages.emulatorIWP30.setDataEmulator_DD is PASSED

05-10-2024T00:43:11 - [MESSAGE][INFO] - Starting 'Edge Chromium' driver

05-10-2024T00:43:11 - [MESSAGE][INFO] - User set preference: ['acceptInsecureCerts', 'true']

05-10-2024T00:43:13 - [MESSAGE][INFO] - Action delay is set to 0 milliseconds

05-10-2024T00:43:17 - [MESSAGE][PASSED] - Browser is opened with url: 'https://qa.velocitypayment.com/agency/config.do?action=editor&message_version=2_5'

05-10-2024T00:43:18 - [MESSAGE][PASSED] - Current window maximized

05-10-2024T00:43:19 - [MESSAGE][PASSED] - All options with value '2.5' are selected in object 'Object Repository/IWP30/Page_VRelay30Emulator/MV'  using regular expression

05-10-2024T00:43:20 - [MESSAGE][PASSED] - Text '10.50' is set on object 'Object Repository/IWP30/Page_VRelay30Emulator/Amount'

05-10-2024T00:43:20 - [MESSAGE][PASSED] - Text '0AsJK6jmRRNX' is set on object 'Object Repository/IWP30/Page_VRelay30Emulator/CAN'

05-10-2024T00:43:21 - [MESSAGE][PASSED] - Text 'PayNow' is set on object 'Object Repository/IWP30/Page_VRelay30Emulator/Action'

05-10-2024T00:43:22 - [MESSAGE][PASSED] - Text 'en_US' is set on object 'Object Repository/IWP30/Page_VRelay30Emulator/Lang'

05-10-2024T00:43:22 - [MESSAGE][PASSED] - Text 'Jasmine' is set on object 'Object Repository/IWP30/Page_VRelay30Emulator/Fname'

05-10-2024T00:43:23 - [MESSAGE][PASSED] - Text 'Patrinol' is set on object 'Object Repository/IWP30/Page_VRelay30Emulator/Lname'

05-10-2024T00:43:23 - [MESSAGE][PASSED] - Text '258 Underwood rd' is set on object 'Object Repository/IWP30/Page_VRelay30Emulator/AL1'

05-10-2024T00:43:24 - [MESSAGE][PASSED] - Text 'Suite 600' is set on object 'Object Repository/IWP30/Page_VRelay30Emulator/AL2'

05-10-2024T00:43:25 - [MESSAGE][PASSED] - Text '840' is set on object 'Object Repository/IWP30/Page_VRelay30Emulator/Country'

05-10-2024T00:43:25 - [MESSAGE][PASSED] - Text 'Arlington' is set on object 'Object Repository/IWP30/Page_VRelay30Emulator/City'

05-10-2024T00:43:26 - [MESSAGE][PASSED] - Text 'VA' is set on object 'Object Repository/IWP30/Page_VRelay30Emulator/State'

05-10-2024T00:43:27 - [MESSAGE][PASSED] - Text '22201' is set on object 'Object Repository/IWP30/Page_VRelay30Emulator/ZIP'

05-10-2024T00:43:27 - [MESSAGE][PASSED] - Text '' is set on object 'Object Repository/IWP30/Page_VRelay30Emulator/Order'

05-10-2024T00:43:28 - [MESSAGE][PASSED] - Text 'Some Company' is set on object 'Object Repository/IWP30/Page_VRelay30Emulator/Company'

05-10-2024T00:43:28 - [MESSAGE][PASSED] - Text 'iahmed@govolution.com' is set on object 'Object Repository/IWP30/Page_VRelay30Emulator/Email'

05-10-2024T00:43:29 - [MESSAGE][PASSED] - Text 'udf data 1' is set on object 'Object Repository/IWP30/Page_VRelay30Emulator/UDF1'

05-10-2024T00:43:30 - [MESSAGE][PASSED] - Text 'udf data 2' is set on object 'Object Repository/IWP30/Page_VRelay30Emulator/UDF2'

05-10-2024T00:43:30 - [MESSAGE][PASSED] - Text 'udf data 3' is set on object 'Object Repository/IWP30/Page_VRelay30Emulator/UDF3'

05-10-2024T00:43:31 - [MESSAGE][PASSED] - Text 'udf data 4' is set on object 'Object Repository/IWP30/Page_VRelay30Emulator/UDF4'

05-10-2024T00:43:31 - [MESSAGE][PASSED] - Text 'udf data 5' is set on object 'Object Repository/IWP30/Page_VRelay30Emulator/UDF5'

05-10-2024T00:43:32 - [MESSAGE][PASSED] - Text 'udf data 6' is set on object 'Object Repository/IWP30/Page_VRelay30Emulator/UDF6'

05-10-2024T00:43:33 - [MESSAGE][PASSED] - Text 'Orange' is set on object 'Object Repository/IWP30/Page_VRelay30Emulator/UDF7'

05-10-2024T00:43:33 - [MESSAGE][PASSED] - Text 'Soccer' is set on object 'Object Repository/IWP30/Page_VRelay30Emulator/UDF8'

05-10-2024T00:43:34 - [MESSAGE][PASSED] - Text 'udf data 9' is set on object 'Object Repository/IWP30/Page_VRelay30Emulator/UDF9'

05-10-2024T00:43:34 - [MESSAGE][PASSED] - Text 'udf data 10' is set on object 'Object Repository/IWP30/Page_VRelay30Emulator/UDF10'

05-10-2024T00:43:41 - [MESSAGE][PASSED] - Object: 'Object Repository/IWP30/Page_VRelay30Emulator/Submit' is clicked on

05-10-2024T00:43:45 - [MESSAGE][PASSED] - Browser is closed

05-10-2024T00:43:49 - [MESSAGE][PASSED] - iwpPages.emulatorIWP30.setDataEmulator_DD is PASSED

05-10-2024T00:43:49 - [TEST_STEP][PASSED] - testHarnessURL = urlTestHarness: null

05-10-2024T00:43:49 - [TEST_STEP][PASSED] - openBrowser(testHarnessURL): Browser is opened with url: 'https://dev-algorithm.govolution.com/vrelaytest/QA/version_2_2/vrelaytest.html'

05-10-2024T00:43:49 - [MESSAGE][INFO] - Starting 'Edge Chromium' driver

05-10-2024T00:43:49 - [MESSAGE][INFO] - User set preference: ['acceptInsecureCerts', 'true']

05-10-2024T00:43:51 - [MESSAGE][INFO] - Action delay is set to 0 milliseconds

05-10-2024T00:43:55 - [MESSAGE][PASSED] - Browser is opened with url: 'https://dev-algorithm.govolution.com/vrelaytest/QA/version_2_2/vrelaytest.html'

05-10-2024T00:43:55 - [TEST_STEP][PASSED] - maximizeWindow(): Current window maximized

05-10-2024T00:43:55 - [MESSAGE][PASSED] - Current window maximized

05-10-2024T00:43:55 - [TEST_STEP][PASSED] - iwpPages.TestHarnessPage.setDataMethod(row, dataFile): iwpPages.TestHarnessPage.setDataMethod is PASSED

05-10-2024T00:43:56 - [MESSAGE][PASSED] - Object 'Object Repository/IWP30/Page_QATestHarness/RemittanceID' is present

05-10-2024T00:43:56 - [MESSAGE][PASSED] - Text '638' is set on object 'Object Repository/IWP30/Page_QATestHarness/ApplicationID'

05-10-2024T00:43:57 - [MESSAGE][PASSED] - Text '2.5' is set on object 'Object Repository/IWP30/Page_QATestHarness/MessageVersion'

05-10-2024T00:43:58 - [MESSAGE][PASSED] - Text '4PA2Lgf6bORw' is set on object 'Object Repository/IWP30/Page_QATestHarness/RemittanceID'

05-10-2024T00:44:01 - [MESSAGE][PASSED] - Object: 'Object Repository/IWP30/Page_QATestHarness/SubmitButton' is clicked on

05-10-2024T00:44:01 - [MESSAGE][PASSED] - iwpPages.TestHarnessPage.setDataMethod is PASSED

05-10-2024T00:44:01 - [TEST_STEP][PASSED] - click(findTestObject("Object Repository/IWP30/Page_SelectPaymentMethod/PayByCorporateCheck")): Object: 'Object Repository/IWP30/Page_SelectPaymentMethod/PayByCorporateCheck' is clicked on

05-10-2024T00:44:01 - [MESSAGE][PASSED] - Object: 'Object Repository/IWP30/Page_SelectPaymentMethod/PayByCorporateCheck' is clicked on

05-10-2024T00:44:01 - [TEST_STEP][PASSED] - click(findTestObject("Object Repository/IWP30/Page_SelectPaymentMethod/MakePaymentButton")): Object: 'Object Repository/IWP30/Page_SelectPaymentMethod/MakePaymentButton' is clicked on

05-10-2024T00:44:03 - [MESSAGE][PASSED] - Object: 'Object Repository/IWP30/Page_SelectPaymentMethod/MakePaymentButton' is clicked on

05-10-2024T00:44:03 - [TEST_STEP][PASSED] - iwpPages.achCorporatePaymentEntryPage.setDataCorporate(row, dataFile): iwpPages.achCorporatePaymentEntryPage.setDataCorporate is PASSED

05-10-2024T00:44:04 - [MESSAGE][PASSED] - Object 'Object Repository/IWP30/Page_ACHCorporatePaymentEntry/txt_accountNumber' is present

05-10-2024T00:44:04 - [MESSAGE][PASSED] - Object 'Object Repository/IWP30/Page_ACHCorporatePaymentEntry/input_CompanyName' is present

05-10-2024T00:44:05 - [MESSAGE][PASSED] - Object 'Object Repository/IWP30/Page_ACHCorporatePaymentEntry/input_EIN' is present

05-10-2024T00:44:05 - [MESSAGE][PASSED] - Text '123456789' is set on object 'Object Repository/IWP30/Page_ACHCorporatePaymentEntry/input_EIN'

05-10-2024T00:44:06 - [MESSAGE][PASSED] - All options with label 'Soccer' are selected in object 'Object Repository/IWP30/Page_ACHCorporatePaymentEntry/dd_UDF8' 

05-10-2024T00:44:06 - [MESSAGE][PASSED] - Object 'Object Repository/IWP30/Page_ACHCorporatePaymentEntry/txt_routingNumber' is present

05-10-2024T00:44:07 - [MESSAGE][PASSED] - Text '256072691' is set on object 'Object Repository/IWP30/Page_ACHCorporatePaymentEntry/txt_routingNumber'

05-10-2024T00:44:07 - [MESSAGE][PASSED] - Object 'Object Repository/IWP30/Page_ACHCorporatePaymentEntry/txt_accountNumber' is present

05-10-2024T00:44:08 - [MESSAGE][PASSED] - Text '12344444' is set on object 'Object Repository/IWP30/Page_ACHCorporatePaymentEntry/txt_accountNumber'

05-10-2024T00:44:08 - [MESSAGE][PASSED] - Object 'Object Repository/IWP30/Page_ACHCorporatePaymentEntry/txt_confirmAccountNumber' is present

05-10-2024T00:44:09 - [MESSAGE][PASSED] - Text '12344444' is set on object 'Object Repository/IWP30/Page_ACHCorporatePaymentEntry/txt_confirmAccountNumber'

05-10-2024T00:44:09 - [MESSAGE][PASSED] - Object 'Object Repository/IWP30/Page_ACHCorporatePaymentEntry/txt_Email' is present

05-10-2024T00:44:09 - [MESSAGE][PASSED] - Object 'Object Repository/IWP30/Page_ACHCorporatePaymentEntry/cb_TermsAndCond' is present

05-10-2024T00:44:10 - [MESSAGE][PASSED] - Object: 'Object Repository/IWP30/Page_ACHCorporatePaymentEntry/cb_TermsAndCond' is clicked on

05-10-2024T00:44:10 - [MESSAGE][PASSED] - Object 'Object Repository/IWP30/Page_ACHCorporatePaymentEntry/btn_Continue' is present

05-10-2024T00:44:11 - [MESSAGE][PASSED] - Object: 'Object Repository/IWP30/Page_ACHCorporatePaymentEntry/btn_Continue' is clicked on

05-10-2024T00:44:11 - [MESSAGE][PASSED] - iwpPages.achCorporatePaymentEntryPage.setDataCorporate is PASSED

05-10-2024T00:44:11 - [TEST_STEP][PASSED] - click(findTestObject("Object Repository/IWP30/Page_Confirmation/ConfirmButton")): Object: 'Object Repository/IWP30/Page_Confirmation/ConfirmButton' is clicked on

05-10-2024T00:44:12 - [MESSAGE][PASSED] - Object: 'Object Repository/IWP30/Page_Confirmation/ConfirmButton' is clicked on

05-10-2024T00:44:12 - [TEST_STEP][PASSED] - Thread.sleep(10000): null

05-10-2024T00:44:22 - [TEST_STEP][PASSED] - if (verifyTextPresent("Successful Payment Receipt", false)): null

05-10-2024T00:44:23 - [MESSAGE][PASSED] - Text 'Successful Payment Receipt' is present on page 

05-10-2024T00:44:23 - [TEST_STEP][PASSED] - println("Successful Payment Receipt text is present on the Receipt page"): null

05-10-2024T00:44:23 - [TEST_STEP][PASSED] - markPassed("Successful Payment Receipt text is present on the Receipt page"): Successful Payment Receipt text is present on the Receipt page

05-10-2024T00:44:23 - [MESSAGE][PASSED] - Successful Payment Receipt text is present on the Receipt page

05-10-2024T00:44:23 - [TEST_STEP][PASSED] - resText = "Pass": null

05-10-2024T00:44:23 - [TEST_STEP][PASSED] - pages.WriteExcel.demoKey(resText, datText, resColumn, datCloumn, fileLoc, nameSheet, row): pages.WriteExcel.demoKey is PASSED

05-10-2024T00:44:23 - [MESSAGE][PASSED] - pages.WriteExcel.demoKey is PASSED

05-10-2024T00:44:23 - [TEST_STEP][PASSED] - closeBrowser(): Browser is closed

05-10-2024T00:44:23 - [MESSAGE][PASSED] - Browser is closed

05-10-2024T00:44:23 - [TEST_STEP][PASSED] - ExecuteTC = findTestData(dataFile).getValue("Execute", row): null

05-10-2024T00:44:23 - [TEST_STEP][PASSED] - out.println("Value of Execute is : " + ExecuteTC): null

05-10-2024T00:44:23 - [TEST_STEP][PASSED] - if (ExecuteTC.equalsIgnoreCase("Y")): null

05-10-2024T00:44:23 - [TEST_STEP][PASSED] - out.println("Begin Record Number: " + row): null

05-10-2024T00:44:23 - [TEST_STEP][PASSED] - today = new java.util.Date(): null

05-10-2024T00:44:23 - [TEST_STEP][PASSED] - println(today): null

05-10-2024T00:44:23 - [TEST_STEP][PASSED] - datText = today: null

05-10-2024T00:44:23 - [TEST_STEP][PASSED] - EmulatorDataKey = findTestData(dataFile).getValue("EmulatorData", row): null

05-10-2024T00:44:24 - [TEST_STEP][PASSED] - out.println("Value of Emulator Key is : " + EmulatorDataKey): null

05-10-2024T00:44:24 - [TEST_STEP][PASSED] - iwpPages.emulatorIWP30.setDataEmulator_DD(EmulatorDataKey): iwpPages.emulatorIWP30.setDataEmulator_DD is PASSED

05-10-2024T00:44:24 - [MESSAGE][INFO] - Starting 'Edge Chromium' driver

05-10-2024T00:44:24 - [MESSAGE][INFO] - User set preference: ['acceptInsecureCerts', 'true']

05-10-2024T00:44:26 - [MESSAGE][INFO] - Action delay is set to 0 milliseconds

05-10-2024T00:44:29 - [MESSAGE][PASSED] - Browser is opened with url: 'https://qa.velocitypayment.com/agency/config.do?action=editor&message_version=2_5'

05-10-2024T00:44:29 - [MESSAGE][PASSED] - Current window maximized

05-10-2024T00:44:30 - [MESSAGE][PASSED] - All options with value '2.5' are selected in object 'Object Repository/IWP30/Page_VRelay30Emulator/MV'  using regular expression

05-10-2024T00:44:31 - [MESSAGE][PASSED] - Text '10.50' is set on object 'Object Repository/IWP30/Page_VRelay30Emulator/Amount'

05-10-2024T00:44:32 - [MESSAGE][PASSED] - Text 'bZOHS4dCG3ee' is set on object 'Object Repository/IWP30/Page_VRelay30Emulator/CAN'

05-10-2024T00:44:32 - [MESSAGE][PASSED] - Text 'PayNow' is set on object 'Object Repository/IWP30/Page_VRelay30Emulator/Action'

05-10-2024T00:44:33 - [MESSAGE][PASSED] - Text 'en_US' is set on object 'Object Repository/IWP30/Page_VRelay30Emulator/Lang'

05-10-2024T00:44:33 - [MESSAGE][PASSED] - Text '' is set on object 'Object Repository/IWP30/Page_VRelay30Emulator/Fname'

05-10-2024T00:44:34 - [MESSAGE][PASSED] - Text '' is set on object 'Object Repository/IWP30/Page_VRelay30Emulator/Lname'

05-10-2024T00:44:35 - [MESSAGE][PASSED] - Text '' is set on object 'Object Repository/IWP30/Page_VRelay30Emulator/AL1'

05-10-2024T00:44:35 - [MESSAGE][PASSED] - Text '' is set on object 'Object Repository/IWP30/Page_VRelay30Emulator/AL2'

05-10-2024T00:44:36 - [MESSAGE][PASSED] - Text '' is set on object 'Object Repository/IWP30/Page_VRelay30Emulator/Country'

05-10-2024T00:44:36 - [MESSAGE][PASSED] - Text '' is set on object 'Object Repository/IWP30/Page_VRelay30Emulator/City'

05-10-2024T00:44:37 - [MESSAGE][PASSED] - Text '' is set on object 'Object Repository/IWP30/Page_VRelay30Emulator/State'

05-10-2024T00:44:38 - [MESSAGE][PASSED] - Text '' is set on object 'Object Repository/IWP30/Page_VRelay30Emulator/ZIP'

05-10-2024T00:44:38 - [MESSAGE][PASSED] - Text '' is set on object 'Object Repository/IWP30/Page_VRelay30Emulator/Order'

05-10-2024T00:44:39 - [MESSAGE][PASSED] - Text '' is set on object 'Object Repository/IWP30/Page_VRelay30Emulator/Company'

05-10-2024T00:44:39 - [MESSAGE][PASSED] - Text '' is set on object 'Object Repository/IWP30/Page_VRelay30Emulator/Email'

05-10-2024T00:44:40 - [MESSAGE][PASSED] - Text '' is set on object 'Object Repository/IWP30/Page_VRelay30Emulator/UDF1'

05-10-2024T00:44:40 - [MESSAGE][PASSED] - Text '' is set on object 'Object Repository/IWP30/Page_VRelay30Emulator/UDF2'

05-10-2024T00:44:41 - [MESSAGE][PASSED] - Text '' is set on object 'Object Repository/IWP30/Page_VRelay30Emulator/UDF3'

05-10-2024T00:44:42 - [MESSAGE][PASSED] - Text 'udf data 4' is set on object 'Object Repository/IWP30/Page_VRelay30Emulator/UDF4'

05-10-2024T00:44:42 - [MESSAGE][PASSED] - Text 'udf data 5' is set on object 'Object Repository/IWP30/Page_VRelay30Emulator/UDF5'

05-10-2024T00:44:43 - [MESSAGE][PASSED] - Text '' is set on object 'Object Repository/IWP30/Page_VRelay30Emulator/UDF6'

05-10-2024T00:44:43 - [MESSAGE][PASSED] - Text '' is set on object 'Object Repository/IWP30/Page_VRelay30Emulator/UDF7'

05-10-2024T00:44:44 - [MESSAGE][PASSED] - Text '' is set on object 'Object Repository/IWP30/Page_VRelay30Emulator/UDF8'

05-10-2024T00:44:45 - [MESSAGE][PASSED] - Text 'udf data 9' is set on object 'Object Repository/IWP30/Page_VRelay30Emulator/UDF9'

05-10-2024T00:44:45 - [MESSAGE][PASSED] - Text 'udf data 10' is set on object 'Object Repository/IWP30/Page_VRelay30Emulator/UDF10'

05-10-2024T00:44:46 - [MESSAGE][PASSED] - Object: 'Object Repository/IWP30/Page_VRelay30Emulator/Submit' is clicked on

05-10-2024T00:44:51 - [MESSAGE][PASSED] - Browser is closed

05-10-2024T00:44:55 - [MESSAGE][PASSED] - iwpPages.emulatorIWP30.setDataEmulator_DD is PASSED

05-10-2024T00:44:55 - [TEST_STEP][PASSED] - testHarnessURL = urlTestHarness: null

05-10-2024T00:44:55 - [TEST_STEP][PASSED] - openBrowser(testHarnessURL): Browser is opened with url: 'https://dev-algorithm.govolution.com/vrelaytest/QA/version_2_2/vrelaytest.html'

05-10-2024T00:44:55 - [MESSAGE][INFO] - Starting 'Edge Chromium' driver

05-10-2024T00:44:55 - [MESSAGE][INFO] - User set preference: ['acceptInsecureCerts', 'true']

05-10-2024T00:44:57 - [MESSAGE][INFO] - Action delay is set to 0 milliseconds

05-10-2024T00:45:01 - [MESSAGE][PASSED] - Browser is opened with url: 'https://dev-algorithm.govolution.com/vrelaytest/QA/version_2_2/vrelaytest.html'

05-10-2024T00:45:01 - [TEST_STEP][PASSED] - maximizeWindow(): Current window maximized

05-10-2024T00:45:01 - [MESSAGE][PASSED] - Current window maximized

05-10-2024T00:45:01 - [TEST_STEP][PASSED] - iwpPages.TestHarnessPage.setDataMethod(row, dataFile): iwpPages.TestHarnessPage.setDataMethod is PASSED

05-10-2024T00:45:02 - [MESSAGE][PASSED] - Object 'Object Repository/IWP30/Page_QATestHarness/RemittanceID' is present

05-10-2024T00:45:02 - [MESSAGE][PASSED] - Text '638' is set on object 'Object Repository/IWP30/Page_QATestHarness/ApplicationID'

05-10-2024T00:45:03 - [MESSAGE][PASSED] - Text '2.5' is set on object 'Object Repository/IWP30/Page_QATestHarness/MessageVersion'

05-10-2024T00:45:04 - [MESSAGE][PASSED] - Text 'P9S802H3yNvC' is set on object 'Object Repository/IWP30/Page_QATestHarness/RemittanceID'

05-10-2024T00:45:07 - [MESSAGE][PASSED] - Object: 'Object Repository/IWP30/Page_QATestHarness/SubmitButton' is clicked on

05-10-2024T00:45:07 - [MESSAGE][PASSED] - iwpPages.TestHarnessPage.setDataMethod is PASSED

05-10-2024T00:45:07 - [TEST_STEP][PASSED] - click(findTestObject("Object Repository/IWP30/Page_SelectPaymentMethod/PayByCorporateCheck")): Object: 'Object Repository/IWP30/Page_SelectPaymentMethod/PayByCorporateCheck' is clicked on

05-10-2024T00:45:07 - [MESSAGE][PASSED] - Object: 'Object Repository/IWP30/Page_SelectPaymentMethod/PayByCorporateCheck' is clicked on

05-10-2024T00:45:07 - [TEST_STEP][PASSED] - click(findTestObject("Object Repository/IWP30/Page_SelectPaymentMethod/MakePaymentButton")): Object: 'Object Repository/IWP30/Page_SelectPaymentMethod/MakePaymentButton' is clicked on

05-10-2024T00:45:09 - [MESSAGE][PASSED] - Object: 'Object Repository/IWP30/Page_SelectPaymentMethod/MakePaymentButton' is clicked on

05-10-2024T00:45:09 - [TEST_STEP][PASSED] - iwpPages.achCorporatePaymentEntryPage.setDataCorporate(row, dataFile): iwpPages.achCorporatePaymentEntryPage.setDataCorporate is PASSED

05-10-2024T00:45:10 - [MESSAGE][PASSED] - Object 'Object Repository/IWP30/Page_ACHCorporatePaymentEntry/txt_accountNumber' is present

05-10-2024T00:45:10 - [MESSAGE][PASSED] - Object 'Object Repository/IWP30/Page_ACHCorporatePaymentEntry/input_CompanyName' is present

05-10-2024T00:45:11 - [MESSAGE][PASSED] - Text 'My Company' is set on object 'Object Repository/IWP30/Page_ACHCorporatePaymentEntry/input_CompanyName'

05-10-2024T00:45:11 - [MESSAGE][PASSED] - Object 'Object Repository/IWP30/Page_ACHCorporatePaymentEntry/input_EIN' is present

05-10-2024T00:45:12 - [MESSAGE][PASSED] - Text '10.50' is set on object 'Object Repository/IWP30/Page_ACHCorporatePaymentEntry/txt_Amount'

05-10-2024T00:45:12 - [MESSAGE][PASSED] - Text 'udf data 3' is set on object 'Object Repository/IWP30/Page_ACHCorporatePaymentEntry/txt_UDF3'

05-10-2024T00:45:13 - [MESSAGE][PASSED] - All options with label 'Soccer' are selected in object 'Object Repository/IWP30/Page_ACHCorporatePaymentEntry/dd_UDF8' 

05-10-2024T00:45:13 - [MESSAGE][PASSED] - Object 'Object Repository/IWP30/Page_ACHCorporatePaymentEntry/txt_routingNumber' is present

05-10-2024T00:45:14 - [MESSAGE][PASSED] - Text '256072691' is set on object 'Object Repository/IWP30/Page_ACHCorporatePaymentEntry/txt_routingNumber'

05-10-2024T00:45:14 - [MESSAGE][PASSED] - Object 'Object Repository/IWP30/Page_ACHCorporatePaymentEntry/txt_accountNumber' is present

05-10-2024T00:45:15 - [MESSAGE][PASSED] - Text '12344444' is set on object 'Object Repository/IWP30/Page_ACHCorporatePaymentEntry/txt_accountNumber'

05-10-2024T00:45:16 - [MESSAGE][PASSED] - Object 'Object Repository/IWP30/Page_ACHCorporatePaymentEntry/txt_confirmAccountNumber' is present

05-10-2024T00:45:16 - [MESSAGE][PASSED] - Text '12344444' is set on object 'Object Repository/IWP30/Page_ACHCorporatePaymentEntry/txt_confirmAccountNumber'

05-10-2024T00:45:17 - [MESSAGE][PASSED] - Text '365 Main Avenue' is set on object 'Object Repository/IWP30/Page_ACHCorporatePaymentEntry/txt_AL1'

05-10-2024T00:45:17 - [MESSAGE][PASSED] - Text '22201' is set on object 'Object Repository/IWP30/Page_ACHCorporatePaymentEntry/txt_ZIP'

05-10-2024T00:45:18 - [MESSAGE][PASSED] - Object 'Object Repository/IWP30/Page_ACHCorporatePaymentEntry/txt_Email' is present

05-10-2024T00:45:19 - [MESSAGE][PASSED] - Text 'iahmed@govolution.com' is set on object 'Object Repository/IWP30/Page_ACHCorporatePaymentEntry/txt_Email'

05-10-2024T00:45:19 - [MESSAGE][PASSED] - Object 'Object Repository/IWP30/Page_ACHCorporatePaymentEntry/cb_TermsAndCond' is present

05-10-2024T00:45:19 - [MESSAGE][PASSED] - Object: 'Object Repository/IWP30/Page_ACHCorporatePaymentEntry/cb_TermsAndCond' is clicked on

05-10-2024T00:45:20 - [MESSAGE][PASSED] - Object 'Object Repository/IWP30/Page_ACHCorporatePaymentEntry/btn_Continue' is present

05-10-2024T00:45:21 - [MESSAGE][PASSED] - Object: 'Object Repository/IWP30/Page_ACHCorporatePaymentEntry/btn_Continue' is clicked on

05-10-2024T00:45:21 - [MESSAGE][PASSED] - iwpPages.achCorporatePaymentEntryPage.setDataCorporate is PASSED

05-10-2024T00:45:21 - [TEST_STEP][PASSED] - click(findTestObject("Object Repository/IWP30/Page_Confirmation/ConfirmButton")): Object: 'Object Repository/IWP30/Page_Confirmation/ConfirmButton' is clicked on

05-10-2024T00:45:22 - [MESSAGE][PASSED] - Object: 'Object Repository/IWP30/Page_Confirmation/ConfirmButton' is clicked on

05-10-2024T00:45:22 - [TEST_STEP][PASSED] - Thread.sleep(10000): null

05-10-2024T00:45:32 - [TEST_STEP][PASSED] - if (verifyTextPresent("Successful Payment Receipt", false)): null

05-10-2024T00:45:32 - [MESSAGE][PASSED] - Text 'Successful Payment Receipt' is present on page 

05-10-2024T00:45:32 - [TEST_STEP][PASSED] - println("Successful Payment Receipt text is present on the Receipt page"): null

05-10-2024T00:45:32 - [TEST_STEP][PASSED] - markPassed("Successful Payment Receipt text is present on the Receipt page"): Successful Payment Receipt text is present on the Receipt page

05-10-2024T00:45:32 - [MESSAGE][PASSED] - Successful Payment Receipt text is present on the Receipt page

05-10-2024T00:45:32 - [TEST_STEP][PASSED] - resText = "Pass": null

05-10-2024T00:45:32 - [TEST_STEP][PASSED] - pages.WriteExcel.demoKey(resText, datText, resColumn, datCloumn, fileLoc, nameSheet, row): pages.WriteExcel.demoKey is PASSED

05-10-2024T00:45:32 - [MESSAGE][PASSED] - pages.WriteExcel.demoKey is PASSED

05-10-2024T00:45:32 - [TEST_STEP][PASSED] - closeBrowser(): Browser is closed

05-10-2024T00:45:33 - [MESSAGE][PASSED] - Browser is closed]]></system-out>
         <system-err><![CDATA[]]></system-err>
      </testcase>
      <testcase name="Test Cases/IntegratedWeb/IWP25/Payments/PayNowCorpSCF" time="170.417" classname="Test Cases/IntegratedWeb/IWP25/Payments/PayNowCorpSCF" status="PASSED">
         <system-out><![CDATA[05-10-2024T00:45:33 - [TEST_CASE][PASSED] - Test Cases/IntegratedWeb/IWP25/Payments/PayNowCorpSCF: Test Cases/IntegratedWeb/IWP25/Payments/PayNowCorpSCF

05-10-2024T00:45:33 - [TEST_STEP][PASSED] - resText = "Fail": null

05-10-2024T00:45:33 - [TEST_STEP][PASSED] - resColumn = "Result": null

05-10-2024T00:45:33 - [TEST_STEP][PASSED] - datCloumn = "Date": null

05-10-2024T00:45:33 - [TEST_STEP][PASSED] - fileLoc = "KatalonData/IWPTestData/VRelay25Payments.xlsx": null

05-10-2024T00:45:33 - [TEST_STEP][PASSED] - numOfRows = <not implemented yet for class: org.codehaus.groovy.ast.expr.EmptyExpression>: null

05-10-2024T00:45:33 - [TEST_STEP][PASSED] - dataFile = <not implemented yet for class: org.codehaus.groovy.ast.expr.EmptyExpression>: null

05-10-2024T00:45:33 - [TEST_STEP][PASSED] - nameSheet = <not implemented yet for class: org.codehaus.groovy.ast.expr.EmptyExpression>: null

05-10-2024T00:45:33 - [TEST_STEP][PASSED] - dataFileEmulator = <not implemented yet for class: org.codehaus.groovy.ast.expr.EmptyExpression>: null

05-10-2024T00:45:33 - [TEST_STEP][PASSED] - isRequiredTextPresent = false: null

05-10-2024T00:45:33 - [TEST_STEP][PASSED] - nameSheet = "PayNowCorpSCF": null

05-10-2024T00:45:33 - [TEST_STEP][PASSED] - dataFile = "IWPTestData/IWP25PayNowCorpSCF": null

05-10-2024T00:45:33 - [TEST_STEP][PASSED] - dataFileEmulator = "IWPTestData/EmulatorData": null

05-10-2024T00:45:33 - [TEST_STEP][PASSED] - numOfRows = findTestData(dataFile).getRowNumbers(): null

05-10-2024T00:45:33 - [TEST_STEP][PASSED] - println("Number of Records: " + numOfRows): null

05-10-2024T00:45:33 - [TEST_STEP][PASSED] - for ([row = 1, row <= numOfRows, (row++)]): Browser is closed

05-10-2024T00:45:33 - [TEST_STEP][PASSED] - ExecuteTC = findTestData(dataFile).getValue("Execute", row): null

05-10-2024T00:45:33 - [TEST_STEP][PASSED] - out.println("Value of Execute is : " + ExecuteTC): null

05-10-2024T00:45:33 - [TEST_STEP][PASSED] - if (ExecuteTC.equalsIgnoreCase("Y")): null

05-10-2024T00:45:33 - [TEST_STEP][PASSED] - out.println("Begin Record Number: " + row): null

05-10-2024T00:45:33 - [TEST_STEP][PASSED] - today = new java.util.Date(): null

05-10-2024T00:45:33 - [TEST_STEP][PASSED] - println(today): null

05-10-2024T00:45:33 - [TEST_STEP][PASSED] - datText = today: null

05-10-2024T00:45:33 - [TEST_STEP][PASSED] - EmulatorDataKey = findTestData(dataFile).getValue("EmulatorData", row): null

05-10-2024T00:45:33 - [TEST_STEP][PASSED] - out.println("Value of Emulator Key is : " + EmulatorDataKey): null

05-10-2024T00:45:33 - [TEST_STEP][PASSED] - iwpPages.emulatorIWP30.setDataEmulator_DD(EmulatorDataKey): iwpPages.emulatorIWP30.setDataEmulator_DD is PASSED

05-10-2024T00:45:33 - [MESSAGE][INFO] - Starting 'Edge Chromium' driver

05-10-2024T00:45:33 - [MESSAGE][INFO] - User set preference: ['acceptInsecureCerts', 'true']

05-10-2024T00:45:35 - [MESSAGE][INFO] - Action delay is set to 0 milliseconds

05-10-2024T00:45:39 - [MESSAGE][PASSED] - Browser is opened with url: 'https://qa.velocitypayment.com/agency/config.do?action=editor&message_version=2_5'

05-10-2024T00:45:39 - [MESSAGE][PASSED] - Current window maximized

05-10-2024T00:45:40 - [MESSAGE][PASSED] - All options with value '2.5' are selected in object 'Object Repository/IWP30/Page_VRelay30Emulator/MV'  using regular expression

05-10-2024T00:45:40 - [MESSAGE][PASSED] - Text '10.50' is set on object 'Object Repository/IWP30/Page_VRelay30Emulator/Amount'

05-10-2024T00:45:41 - [MESSAGE][PASSED] - Text 'i7X288WvvSW2' is set on object 'Object Repository/IWP30/Page_VRelay30Emulator/CAN'

05-10-2024T00:45:42 - [MESSAGE][PASSED] - Text 'PayNow' is set on object 'Object Repository/IWP30/Page_VRelay30Emulator/Action'

05-10-2024T00:45:42 - [MESSAGE][PASSED] - Text 'en_US' is set on object 'Object Repository/IWP30/Page_VRelay30Emulator/Lang'

05-10-2024T00:45:43 - [MESSAGE][PASSED] - Text '' is set on object 'Object Repository/IWP30/Page_VRelay30Emulator/Fname'

05-10-2024T00:45:44 - [MESSAGE][PASSED] - Text '' is set on object 'Object Repository/IWP30/Page_VRelay30Emulator/Lname'

05-10-2024T00:45:44 - [MESSAGE][PASSED] - Text '' is set on object 'Object Repository/IWP30/Page_VRelay30Emulator/AL1'

05-10-2024T00:45:45 - [MESSAGE][PASSED] - Text '' is set on object 'Object Repository/IWP30/Page_VRelay30Emulator/AL2'

05-10-2024T00:45:45 - [MESSAGE][PASSED] - Text '' is set on object 'Object Repository/IWP30/Page_VRelay30Emulator/Country'

05-10-2024T00:45:46 - [MESSAGE][PASSED] - Text '' is set on object 'Object Repository/IWP30/Page_VRelay30Emulator/City'

05-10-2024T00:45:47 - [MESSAGE][PASSED] - Text '' is set on object 'Object Repository/IWP30/Page_VRelay30Emulator/State'

05-10-2024T00:45:47 - [MESSAGE][PASSED] - Text '' is set on object 'Object Repository/IWP30/Page_VRelay30Emulator/ZIP'

05-10-2024T00:45:48 - [MESSAGE][PASSED] - Text '' is set on object 'Object Repository/IWP30/Page_VRelay30Emulator/Order'

05-10-2024T00:45:48 - [MESSAGE][PASSED] - Text '' is set on object 'Object Repository/IWP30/Page_VRelay30Emulator/Company'

05-10-2024T00:45:49 - [MESSAGE][PASSED] - Text '' is set on object 'Object Repository/IWP30/Page_VRelay30Emulator/Email'

05-10-2024T00:45:49 - [MESSAGE][PASSED] - Text '' is set on object 'Object Repository/IWP30/Page_VRelay30Emulator/UDF1'

05-10-2024T00:45:50 - [MESSAGE][PASSED] - Text '' is set on object 'Object Repository/IWP30/Page_VRelay30Emulator/UDF2'

05-10-2024T00:45:51 - [MESSAGE][PASSED] - Text '' is set on object 'Object Repository/IWP30/Page_VRelay30Emulator/UDF3'

05-10-2024T00:45:51 - [MESSAGE][PASSED] - Text 'udf data 4' is set on object 'Object Repository/IWP30/Page_VRelay30Emulator/UDF4'

05-10-2024T00:45:52 - [MESSAGE][PASSED] - Text 'udf data 5' is set on object 'Object Repository/IWP30/Page_VRelay30Emulator/UDF5'

05-10-2024T00:45:52 - [MESSAGE][PASSED] - Text '' is set on object 'Object Repository/IWP30/Page_VRelay30Emulator/UDF6'

05-10-2024T00:45:53 - [MESSAGE][PASSED] - Text '' is set on object 'Object Repository/IWP30/Page_VRelay30Emulator/UDF7'

05-10-2024T00:45:53 - [MESSAGE][PASSED] - Text '' is set on object 'Object Repository/IWP30/Page_VRelay30Emulator/UDF8'

05-10-2024T00:45:54 - [MESSAGE][PASSED] - Text 'udf data 9' is set on object 'Object Repository/IWP30/Page_VRelay30Emulator/UDF9'

05-10-2024T00:45:55 - [MESSAGE][PASSED] - Text 'udf data 10' is set on object 'Object Repository/IWP30/Page_VRelay30Emulator/UDF10'

05-10-2024T00:45:56 - [MESSAGE][PASSED] - Object: 'Object Repository/IWP30/Page_VRelay30Emulator/Submit' is clicked on

05-10-2024T00:46:00 - [MESSAGE][PASSED] - Browser is closed

05-10-2024T00:46:04 - [MESSAGE][PASSED] - iwpPages.emulatorIWP30.setDataEmulator_DD is PASSED

05-10-2024T00:46:04 - [TEST_STEP][PASSED] - testHarnessURL = urlTestHarness: null

05-10-2024T00:46:04 - [TEST_STEP][PASSED] - openBrowser(testHarnessURL): Browser is opened with url: 'https://dev-algorithm.govolution.com/vrelaytest/QA/version_2_2/vrelaytest.html'

05-10-2024T00:46:04 - [MESSAGE][INFO] - Starting 'Edge Chromium' driver

05-10-2024T00:46:04 - [MESSAGE][INFO] - User set preference: ['acceptInsecureCerts', 'true']

05-10-2024T00:46:06 - [MESSAGE][INFO] - Action delay is set to 0 milliseconds

05-10-2024T00:46:10 - [MESSAGE][PASSED] - Browser is opened with url: 'https://dev-algorithm.govolution.com/vrelaytest/QA/version_2_2/vrelaytest.html'

05-10-2024T00:46:10 - [TEST_STEP][PASSED] - maximizeWindow(): Current window maximized

05-10-2024T00:46:10 - [MESSAGE][PASSED] - Current window maximized

05-10-2024T00:46:10 - [TEST_STEP][PASSED] - iwpPages.TestHarnessPage.setDataMethod(row, dataFile): iwpPages.TestHarnessPage.setDataMethod is PASSED

05-10-2024T00:46:10 - [MESSAGE][PASSED] - Object 'Object Repository/IWP30/Page_QATestHarness/RemittanceID' is present

05-10-2024T00:46:11 - [MESSAGE][PASSED] - Text '639' is set on object 'Object Repository/IWP30/Page_QATestHarness/ApplicationID'

05-10-2024T00:46:12 - [MESSAGE][PASSED] - Text '2.5' is set on object 'Object Repository/IWP30/Page_QATestHarness/MessageVersion'

05-10-2024T00:46:12 - [MESSAGE][PASSED] - Text 'xgWaTEqIIN28' is set on object 'Object Repository/IWP30/Page_QATestHarness/RemittanceID'

05-10-2024T00:46:15 - [MESSAGE][PASSED] - Object: 'Object Repository/IWP30/Page_QATestHarness/SubmitButton' is clicked on

05-10-2024T00:46:15 - [MESSAGE][PASSED] - iwpPages.TestHarnessPage.setDataMethod is PASSED

05-10-2024T00:46:15 - [TEST_STEP][PASSED] - click(findTestObject("Object Repository/IWP30/Page_SelectPaymentMethod/PayByCorporateCheck")): Object: 'Object Repository/IWP30/Page_SelectPaymentMethod/PayByCorporateCheck' is clicked on

05-10-2024T00:46:15 - [MESSAGE][PASSED] - Object: 'Object Repository/IWP30/Page_SelectPaymentMethod/PayByCorporateCheck' is clicked on

05-10-2024T00:46:15 - [TEST_STEP][PASSED] - click(findTestObject("Object Repository/IWP30/Page_SelectPaymentMethod/MakePaymentButton")): Object: 'Object Repository/IWP30/Page_SelectPaymentMethod/MakePaymentButton' is clicked on

05-10-2024T00:46:17 - [MESSAGE][PASSED] - Object: 'Object Repository/IWP30/Page_SelectPaymentMethod/MakePaymentButton' is clicked on

05-10-2024T00:46:17 - [TEST_STEP][PASSED] - iwpPages.achCorporatePaymentEntryPage.setDataCorporate(row, dataFile): iwpPages.achCorporatePaymentEntryPage.setDataCorporate is PASSED

05-10-2024T00:46:18 - [MESSAGE][PASSED] - Object 'Object Repository/IWP30/Page_ACHCorporatePaymentEntry/txt_accountNumber' is present

05-10-2024T00:46:18 - [MESSAGE][PASSED] - Object 'Object Repository/IWP30/Page_ACHCorporatePaymentEntry/input_CompanyName' is present

05-10-2024T00:46:19 - [MESSAGE][PASSED] - Text 'My Company' is set on object 'Object Repository/IWP30/Page_ACHCorporatePaymentEntry/input_CompanyName'

05-10-2024T00:46:19 - [MESSAGE][PASSED] - Object 'Object Repository/IWP30/Page_ACHCorporatePaymentEntry/input_EIN' is present

05-10-2024T00:46:20 - [MESSAGE][PASSED] - Text '123456789' is set on object 'Object Repository/IWP30/Page_ACHCorporatePaymentEntry/input_EIN'

05-10-2024T00:46:20 - [MESSAGE][PASSED] - Text '10.50' is set on object 'Object Repository/IWP30/Page_ACHCorporatePaymentEntry/txt_Amount'

05-10-2024T00:46:21 - [MESSAGE][PASSED] - Text 'udf data 2' is set on object 'Object Repository/IWP30/Page_ACHCorporatePaymentEntry/txt_UDF2'

05-10-2024T00:46:21 - [MESSAGE][PASSED] - Text 'udf data 3' is set on object 'Object Repository/IWP30/Page_ACHCorporatePaymentEntry/txt_UDF3'

05-10-2024T00:46:22 - [MESSAGE][PASSED] - All options with label 'Orange' are selected in object 'Object Repository/IWP30/Page_ACHCorporatePaymentEntry/dd_UDF7' 

05-10-2024T00:46:22 - [MESSAGE][PASSED] - All options with label 'Soccer' are selected in object 'Object Repository/IWP30/Page_ACHCorporatePaymentEntry/dd_UDF8' 

05-10-2024T00:46:23 - [MESSAGE][PASSED] - Object 'Object Repository/IWP30/Page_ACHCorporatePaymentEntry/txt_routingNumber' is present

05-10-2024T00:46:23 - [MESSAGE][PASSED] - Text '256072691' is set on object 'Object Repository/IWP30/Page_ACHCorporatePaymentEntry/txt_routingNumber'

05-10-2024T00:46:24 - [MESSAGE][PASSED] - Object 'Object Repository/IWP30/Page_ACHCorporatePaymentEntry/txt_accountNumber' is present

05-10-2024T00:46:25 - [MESSAGE][PASSED] - Text '12344444' is set on object 'Object Repository/IWP30/Page_ACHCorporatePaymentEntry/txt_accountNumber'

05-10-2024T00:46:25 - [MESSAGE][PASSED] - Object 'Object Repository/IWP30/Page_ACHCorporatePaymentEntry/txt_confirmAccountNumber' is present

05-10-2024T00:46:26 - [MESSAGE][PASSED] - Text '12344444' is set on object 'Object Repository/IWP30/Page_ACHCorporatePaymentEntry/txt_confirmAccountNumber'

05-10-2024T00:46:27 - [MESSAGE][PASSED] - Text '365 Main Avenue' is set on object 'Object Repository/IWP30/Page_ACHCorporatePaymentEntry/txt_AL1'

05-10-2024T00:46:27 - [MESSAGE][PASSED] - Text '22201' is set on object 'Object Repository/IWP30/Page_ACHCorporatePaymentEntry/txt_ZIP'

05-10-2024T00:46:27 - [MESSAGE][PASSED] - Object 'Object Repository/IWP30/Page_ACHCorporatePaymentEntry/txt_Email' is present

05-10-2024T00:46:28 - [MESSAGE][PASSED] - Text 'iahmed@govolution.com' is set on object 'Object Repository/IWP30/Page_ACHCorporatePaymentEntry/txt_Email'

05-10-2024T00:46:29 - [MESSAGE][PASSED] - Object 'Object Repository/IWP30/Page_ACHCorporatePaymentEntry/cb_TermsAndCond' is present

05-10-2024T00:46:29 - [MESSAGE][PASSED] - Object: 'Object Repository/IWP30/Page_ACHCorporatePaymentEntry/cb_TermsAndCond' is clicked on

05-10-2024T00:46:29 - [MESSAGE][PASSED] - Object 'Object Repository/IWP30/Page_ACHCorporatePaymentEntry/btn_Continue' is present

05-10-2024T00:46:30 - [MESSAGE][PASSED] - Object: 'Object Repository/IWP30/Page_ACHCorporatePaymentEntry/btn_Continue' is clicked on

05-10-2024T00:46:30 - [MESSAGE][PASSED] - iwpPages.achCorporatePaymentEntryPage.setDataCorporate is PASSED

05-10-2024T00:46:30 - [TEST_STEP][PASSED] - click(findTestObject("Object Repository/IWP30/Page_Confirmation/ConfirmButton")): Object: 'Object Repository/IWP30/Page_Confirmation/ConfirmButton' is clicked on

05-10-2024T00:46:32 - [MESSAGE][PASSED] - Object: 'Object Repository/IWP30/Page_Confirmation/ConfirmButton' is clicked on

05-10-2024T00:46:32 - [TEST_STEP][PASSED] - Thread.sleep(5000): null

05-10-2024T00:46:37 - [TEST_STEP][PASSED] - if (verifyTextPresent("Make a Real Estate Payment", false)): null

05-10-2024T00:46:37 - [MESSAGE][PASSED] - Text 'Make a Real Estate Payment' is present on page 

05-10-2024T00:46:37 - [TEST_STEP][PASSED] - isRequiredTextPresent = true: null

05-10-2024T00:46:37 - [TEST_STEP][PASSED] - println(isRequiredTextPresent): null

05-10-2024T00:46:37 - [TEST_STEP][PASSED] - if (isRequiredTextPresent): null

05-10-2024T00:46:37 - [TEST_STEP][PASSED] - if (verifyTextPresent("This transaction is subject to a Convenience Fees of $2.00.", false)): null

05-10-2024T00:46:37 - [MESSAGE][PASSED] - Text 'This transaction is subject to a Convenience Fees of $2.00.' is present on page 

05-10-2024T00:46:37 - [TEST_STEP][PASSED] - isRequiredTextPresent = true: null

05-10-2024T00:46:37 - [TEST_STEP][PASSED] - println(isRequiredTextPresent): null

05-10-2024T00:46:37 - [TEST_STEP][PASSED] - if (isRequiredTextPresent): null

05-10-2024T00:46:37 - [TEST_STEP][PASSED] - if (verifyTextPresent("Payment Amount:  $10.50", false)): null

05-10-2024T00:46:38 - [MESSAGE][PASSED] - Text 'Payment Amount:  $10.50' is present on page 

05-10-2024T00:46:38 - [TEST_STEP][PASSED] - isRequiredTextPresent = true: null

05-10-2024T00:46:38 - [TEST_STEP][PASSED] - if (isRequiredTextPresent): null

05-10-2024T00:46:38 - [TEST_STEP][PASSED] - if (verifyTextPresent("Convenience Fees:  $2.00", false)): null

05-10-2024T00:46:38 - [MESSAGE][PASSED] - Text 'Convenience Fees:  $2.00' is present on page 

05-10-2024T00:46:38 - [TEST_STEP][PASSED] - isRequiredTextPresent = true: null

05-10-2024T00:46:38 - [TEST_STEP][PASSED] - if (isRequiredTextPresent): null

05-10-2024T00:46:38 - [TEST_STEP][PASSED] - if (verifyTextPresent("Total Amount:  $12.50", false)): null

05-10-2024T00:46:38 - [MESSAGE][PASSED] - Text 'Total Amount:  $12.50' is present on page 

05-10-2024T00:46:38 - [TEST_STEP][PASSED] - isRequiredTextPresent = true: null

05-10-2024T00:46:38 - [TEST_STEP][PASSED] - if (isRequiredTextPresent): null

05-10-2024T00:46:38 - [TEST_STEP][PASSED] - if (verifyTextPresent("One transaction in the amount of $12.50 will appear on your bank statement.", false)): null

05-10-2024T00:46:38 - [MESSAGE][PASSED] - Text 'One transaction in the amount of $12.50 will appear on your bank statement.' is present on page 

05-10-2024T00:46:38 - [TEST_STEP][PASSED] - isRequiredTextPresent = true: null

05-10-2024T00:46:38 - [TEST_STEP][PASSED] - Thread.sleep(10000): null

05-10-2024T00:46:48 - [TEST_STEP][PASSED] - click(findTestObject("Object Repository/IWP30/Page_ConvenienceFees/btn_convFeeNotifyAction")): Object: 'Object Repository/IWP30/Page_ConvenienceFees/btn_convFeeNotifyAction' is clicked on

05-10-2024T00:46:50 - [MESSAGE][PASSED] - Object: 'Object Repository/IWP30/Page_ConvenienceFees/btn_convFeeNotifyAction' is clicked on

05-10-2024T00:46:50 - [TEST_STEP][PASSED] - Thread.sleep(10000): null

05-10-2024T00:47:00 - [TEST_STEP][PASSED] - if (verifyTextPresent("Successful Payment Receipt", false)): null

05-10-2024T00:47:00 - [MESSAGE][PASSED] - Text 'Successful Payment Receipt' is present on page 

05-10-2024T00:47:00 - [TEST_STEP][PASSED] - println("Successful Payment Receipt text is present on the Receipt page"): null

05-10-2024T00:47:00 - [TEST_STEP][PASSED] - markPassed("Successful Payment Receipt text is present on the Receipt page"): Successful Payment Receipt text is present on the Receipt page

05-10-2024T00:47:00 - [MESSAGE][PASSED] - Successful Payment Receipt text is present on the Receipt page

05-10-2024T00:47:00 - [TEST_STEP][PASSED] - resText = "Pass": null

05-10-2024T00:47:00 - [TEST_STEP][PASSED] - pages.WriteExcel.demoKey(resText, datText, resColumn, datCloumn, fileLoc, nameSheet, row): pages.WriteExcel.demoKey is PASSED

05-10-2024T00:47:00 - [MESSAGE][PASSED] - pages.WriteExcel.demoKey is PASSED

05-10-2024T00:47:00 - [TEST_STEP][PASSED] - closeBrowser(): Browser is closed

05-10-2024T00:47:01 - [MESSAGE][PASSED] - Browser is closed

05-10-2024T00:47:01 - [TEST_STEP][PASSED] - ExecuteTC = findTestData(dataFile).getValue("Execute", row): null

05-10-2024T00:47:01 - [TEST_STEP][PASSED] - out.println("Value of Execute is : " + ExecuteTC): null

05-10-2024T00:47:01 - [TEST_STEP][PASSED] - if (ExecuteTC.equalsIgnoreCase("Y")): null

05-10-2024T00:47:01 - [TEST_STEP][PASSED] - out.println("Begin Record Number: " + row): null

05-10-2024T00:47:01 - [TEST_STEP][PASSED] - today = new java.util.Date(): null

05-10-2024T00:47:01 - [TEST_STEP][PASSED] - println(today): null

05-10-2024T00:47:01 - [TEST_STEP][PASSED] - datText = today: null

05-10-2024T00:47:01 - [TEST_STEP][PASSED] - EmulatorDataKey = findTestData(dataFile).getValue("EmulatorData", row): null

05-10-2024T00:47:01 - [TEST_STEP][PASSED] - out.println("Value of Emulator Key is : " + EmulatorDataKey): null

05-10-2024T00:47:01 - [TEST_STEP][PASSED] - iwpPages.emulatorIWP30.setDataEmulator_DD(EmulatorDataKey): iwpPages.emulatorIWP30.setDataEmulator_DD is PASSED

05-10-2024T00:47:01 - [MESSAGE][INFO] - Starting 'Edge Chromium' driver

05-10-2024T00:47:01 - [MESSAGE][INFO] - User set preference: ['acceptInsecureCerts', 'true']

05-10-2024T00:47:03 - [MESSAGE][INFO] - Action delay is set to 0 milliseconds

05-10-2024T00:47:06 - [MESSAGE][PASSED] - Browser is opened with url: 'https://qa.velocitypayment.com/agency/config.do?action=editor&message_version=2_5'

05-10-2024T00:47:06 - [MESSAGE][PASSED] - Current window maximized

05-10-2024T00:47:07 - [MESSAGE][PASSED] - All options with value '2.5' are selected in object 'Object Repository/IWP30/Page_VRelay30Emulator/MV'  using regular expression

05-10-2024T00:47:08 - [MESSAGE][PASSED] - Text '10.50' is set on object 'Object Repository/IWP30/Page_VRelay30Emulator/Amount'

05-10-2024T00:47:08 - [MESSAGE][PASSED] - Text 'o8ZfeAcZy4qP' is set on object 'Object Repository/IWP30/Page_VRelay30Emulator/CAN'

05-10-2024T00:47:09 - [MESSAGE][PASSED] - Text 'PayNow' is set on object 'Object Repository/IWP30/Page_VRelay30Emulator/Action'

05-10-2024T00:47:10 - [MESSAGE][PASSED] - Text 'en_US' is set on object 'Object Repository/IWP30/Page_VRelay30Emulator/Lang'

05-10-2024T00:47:10 - [MESSAGE][PASSED] - Text 'Jasmine' is set on object 'Object Repository/IWP30/Page_VRelay30Emulator/Fname'

05-10-2024T00:47:11 - [MESSAGE][PASSED] - Text 'Patrinol' is set on object 'Object Repository/IWP30/Page_VRelay30Emulator/Lname'

05-10-2024T00:47:11 - [MESSAGE][PASSED] - Text '258 Underwood rd' is set on object 'Object Repository/IWP30/Page_VRelay30Emulator/AL1'

05-10-2024T00:47:12 - [MESSAGE][PASSED] - Text 'Suite 600' is set on object 'Object Repository/IWP30/Page_VRelay30Emulator/AL2'

05-10-2024T00:47:13 - [MESSAGE][PASSED] - Text '840' is set on object 'Object Repository/IWP30/Page_VRelay30Emulator/Country'

05-10-2024T00:47:13 - [MESSAGE][PASSED] - Text 'Arlington' is set on object 'Object Repository/IWP30/Page_VRelay30Emulator/City'

05-10-2024T00:47:14 - [MESSAGE][PASSED] - Text 'VA' is set on object 'Object Repository/IWP30/Page_VRelay30Emulator/State'

05-10-2024T00:47:14 - [MESSAGE][PASSED] - Text '22201' is set on object 'Object Repository/IWP30/Page_VRelay30Emulator/ZIP'

05-10-2024T00:47:15 - [MESSAGE][PASSED] - Text '' is set on object 'Object Repository/IWP30/Page_VRelay30Emulator/Order'

05-10-2024T00:47:15 - [MESSAGE][PASSED] - Text 'Some Company' is set on object 'Object Repository/IWP30/Page_VRelay30Emulator/Company'

05-10-2024T00:47:16 - [MESSAGE][PASSED] - Text 'iahmed@govolution.com' is set on object 'Object Repository/IWP30/Page_VRelay30Emulator/Email'

05-10-2024T00:47:17 - [MESSAGE][PASSED] - Text 'udf data 1' is set on object 'Object Repository/IWP30/Page_VRelay30Emulator/UDF1'

05-10-2024T00:47:17 - [MESSAGE][PASSED] - Text 'udf data 2' is set on object 'Object Repository/IWP30/Page_VRelay30Emulator/UDF2'

05-10-2024T00:47:18 - [MESSAGE][PASSED] - Text 'udf data 3' is set on object 'Object Repository/IWP30/Page_VRelay30Emulator/UDF3'

05-10-2024T00:47:18 - [MESSAGE][PASSED] - Text 'udf data 4' is set on object 'Object Repository/IWP30/Page_VRelay30Emulator/UDF4'

05-10-2024T00:47:19 - [MESSAGE][PASSED] - Text 'udf data 5' is set on object 'Object Repository/IWP30/Page_VRelay30Emulator/UDF5'

05-10-2024T00:47:20 - [MESSAGE][PASSED] - Text 'udf data 6' is set on object 'Object Repository/IWP30/Page_VRelay30Emulator/UDF6'

05-10-2024T00:47:20 - [MESSAGE][PASSED] - Text 'Orange' is set on object 'Object Repository/IWP30/Page_VRelay30Emulator/UDF7'

05-10-2024T00:47:21 - [MESSAGE][PASSED] - Text 'Soccer' is set on object 'Object Repository/IWP30/Page_VRelay30Emulator/UDF8'

05-10-2024T00:47:21 - [MESSAGE][PASSED] - Text 'udf data 9' is set on object 'Object Repository/IWP30/Page_VRelay30Emulator/UDF9'

05-10-2024T00:47:22 - [MESSAGE][PASSED] - Text 'udf data 10' is set on object 'Object Repository/IWP30/Page_VRelay30Emulator/UDF10'

05-10-2024T00:47:23 - [MESSAGE][PASSED] - Object: 'Object Repository/IWP30/Page_VRelay30Emulator/Submit' is clicked on

05-10-2024T00:47:27 - [MESSAGE][PASSED] - Browser is closed

05-10-2024T00:47:31 - [MESSAGE][PASSED] - iwpPages.emulatorIWP30.setDataEmulator_DD is PASSED

05-10-2024T00:47:31 - [TEST_STEP][PASSED] - testHarnessURL = urlTestHarness: null

05-10-2024T00:47:31 - [TEST_STEP][PASSED] - openBrowser(testHarnessURL): Browser is opened with url: 'https://dev-algorithm.govolution.com/vrelaytest/QA/version_2_2/vrelaytest.html'

05-10-2024T00:47:31 - [MESSAGE][INFO] - Starting 'Edge Chromium' driver

05-10-2024T00:47:31 - [MESSAGE][INFO] - User set preference: ['acceptInsecureCerts', 'true']

05-10-2024T00:47:33 - [MESSAGE][INFO] - Action delay is set to 0 milliseconds

05-10-2024T00:47:37 - [MESSAGE][PASSED] - Browser is opened with url: 'https://dev-algorithm.govolution.com/vrelaytest/QA/version_2_2/vrelaytest.html'

05-10-2024T00:47:37 - [TEST_STEP][PASSED] - maximizeWindow(): Current window maximized

05-10-2024T00:47:37 - [MESSAGE][PASSED] - Current window maximized

05-10-2024T00:47:37 - [TEST_STEP][PASSED] - iwpPages.TestHarnessPage.setDataMethod(row, dataFile): iwpPages.TestHarnessPage.setDataMethod is PASSED

05-10-2024T00:47:37 - [MESSAGE][PASSED] - Object 'Object Repository/IWP30/Page_QATestHarness/RemittanceID' is present

05-10-2024T00:47:38 - [MESSAGE][PASSED] - Text '639' is set on object 'Object Repository/IWP30/Page_QATestHarness/ApplicationID'

05-10-2024T00:47:39 - [MESSAGE][PASSED] - Text '2.5' is set on object 'Object Repository/IWP30/Page_QATestHarness/MessageVersion'

05-10-2024T00:47:39 - [MESSAGE][PASSED] - Text '3fQsPZ5lCFZA' is set on object 'Object Repository/IWP30/Page_QATestHarness/RemittanceID'

05-10-2024T00:47:43 - [MESSAGE][PASSED] - Object: 'Object Repository/IWP30/Page_QATestHarness/SubmitButton' is clicked on

05-10-2024T00:47:43 - [MESSAGE][PASSED] - iwpPages.TestHarnessPage.setDataMethod is PASSED

05-10-2024T00:47:43 - [TEST_STEP][PASSED] - click(findTestObject("Object Repository/IWP30/Page_SelectPaymentMethod/PayByCorporateCheck")): Object: 'Object Repository/IWP30/Page_SelectPaymentMethod/PayByCorporateCheck' is clicked on

05-10-2024T00:47:43 - [MESSAGE][PASSED] - Object: 'Object Repository/IWP30/Page_SelectPaymentMethod/PayByCorporateCheck' is clicked on

05-10-2024T00:47:43 - [TEST_STEP][PASSED] - click(findTestObject("Object Repository/IWP30/Page_SelectPaymentMethod/MakePaymentButton")): Object: 'Object Repository/IWP30/Page_SelectPaymentMethod/MakePaymentButton' is clicked on

05-10-2024T00:47:45 - [MESSAGE][PASSED] - Object: 'Object Repository/IWP30/Page_SelectPaymentMethod/MakePaymentButton' is clicked on

05-10-2024T00:47:45 - [TEST_STEP][PASSED] - iwpPages.achCorporatePaymentEntryPage.setDataCorporate(row, dataFile): iwpPages.achCorporatePaymentEntryPage.setDataCorporate is PASSED

05-10-2024T00:47:46 - [MESSAGE][PASSED] - Object 'Object Repository/IWP30/Page_ACHCorporatePaymentEntry/txt_accountNumber' is present

05-10-2024T00:47:46 - [MESSAGE][PASSED] - Object 'Object Repository/IWP30/Page_ACHCorporatePaymentEntry/input_CompanyName' is present

05-10-2024T00:47:46 - [MESSAGE][PASSED] - Object 'Object Repository/IWP30/Page_ACHCorporatePaymentEntry/input_EIN' is present

05-10-2024T00:47:47 - [MESSAGE][PASSED] - Text '123456789' is set on object 'Object Repository/IWP30/Page_ACHCorporatePaymentEntry/input_EIN'

05-10-2024T00:47:48 - [MESSAGE][PASSED] - All options with label 'Soccer' are selected in object 'Object Repository/IWP30/Page_ACHCorporatePaymentEntry/dd_UDF8' 

05-10-2024T00:47:48 - [MESSAGE][PASSED] - Object 'Object Repository/IWP30/Page_ACHCorporatePaymentEntry/txt_routingNumber' is present

05-10-2024T00:47:48 - [MESSAGE][PASSED] - Text '256072691' is set on object 'Object Repository/IWP30/Page_ACHCorporatePaymentEntry/txt_routingNumber'

05-10-2024T00:47:49 - [MESSAGE][PASSED] - Object 'Object Repository/IWP30/Page_ACHCorporatePaymentEntry/txt_accountNumber' is present

05-10-2024T00:47:50 - [MESSAGE][PASSED] - Text '12344444' is set on object 'Object Repository/IWP30/Page_ACHCorporatePaymentEntry/txt_accountNumber'

05-10-2024T00:47:50 - [MESSAGE][PASSED] - Object 'Object Repository/IWP30/Page_ACHCorporatePaymentEntry/txt_confirmAccountNumber' is present

05-10-2024T00:47:51 - [MESSAGE][PASSED] - Text '12344444' is set on object 'Object Repository/IWP30/Page_ACHCorporatePaymentEntry/txt_confirmAccountNumber'

05-10-2024T00:47:51 - [MESSAGE][PASSED] - Object 'Object Repository/IWP30/Page_ACHCorporatePaymentEntry/txt_Email' is present

05-10-2024T00:47:51 - [MESSAGE][PASSED] - Object 'Object Repository/IWP30/Page_ACHCorporatePaymentEntry/cb_TermsAndCond' is present

05-10-2024T00:47:51 - [MESSAGE][PASSED] - Object: 'Object Repository/IWP30/Page_ACHCorporatePaymentEntry/cb_TermsAndCond' is clicked on

05-10-2024T00:47:52 - [MESSAGE][PASSED] - Object 'Object Repository/IWP30/Page_ACHCorporatePaymentEntry/btn_Continue' is present

05-10-2024T00:47:53 - [MESSAGE][PASSED] - Object: 'Object Repository/IWP30/Page_ACHCorporatePaymentEntry/btn_Continue' is clicked on

05-10-2024T00:47:53 - [MESSAGE][PASSED] - iwpPages.achCorporatePaymentEntryPage.setDataCorporate is PASSED

05-10-2024T00:47:53 - [TEST_STEP][PASSED] - click(findTestObject("Object Repository/IWP30/Page_Confirmation/ConfirmButton")): Object: 'Object Repository/IWP30/Page_Confirmation/ConfirmButton' is clicked on

05-10-2024T00:47:54 - [MESSAGE][PASSED] - Object: 'Object Repository/IWP30/Page_Confirmation/ConfirmButton' is clicked on

05-10-2024T00:47:54 - [TEST_STEP][PASSED] - Thread.sleep(5000): null

05-10-2024T00:47:59 - [TEST_STEP][PASSED] - if (verifyTextPresent("Make a Real Estate Payment", false)): null

05-10-2024T00:48:00 - [MESSAGE][PASSED] - Text 'Make a Real Estate Payment' is present on page 

05-10-2024T00:48:00 - [TEST_STEP][PASSED] - isRequiredTextPresent = true: null

05-10-2024T00:48:00 - [TEST_STEP][PASSED] - println(isRequiredTextPresent): null

05-10-2024T00:48:00 - [TEST_STEP][PASSED] - if (isRequiredTextPresent): null

05-10-2024T00:48:00 - [TEST_STEP][PASSED] - if (verifyTextPresent("This transaction is subject to a Convenience Fees of $2.00.", false)): null

05-10-2024T00:48:00 - [MESSAGE][PASSED] - Text 'This transaction is subject to a Convenience Fees of $2.00.' is present on page 

05-10-2024T00:48:00 - [TEST_STEP][PASSED] - isRequiredTextPresent = true: null

05-10-2024T00:48:00 - [TEST_STEP][PASSED] - println(isRequiredTextPresent): null

05-10-2024T00:48:00 - [TEST_STEP][PASSED] - if (isRequiredTextPresent): null

05-10-2024T00:48:00 - [TEST_STEP][PASSED] - if (verifyTextPresent("Payment Amount:  $10.50", false)): null

05-10-2024T00:48:00 - [MESSAGE][PASSED] - Text 'Payment Amount:  $10.50' is present on page 

05-10-2024T00:48:00 - [TEST_STEP][PASSED] - isRequiredTextPresent = true: null

05-10-2024T00:48:00 - [TEST_STEP][PASSED] - if (isRequiredTextPresent): null

05-10-2024T00:48:00 - [TEST_STEP][PASSED] - if (verifyTextPresent("Convenience Fees:  $2.00", false)): null

05-10-2024T00:48:00 - [MESSAGE][PASSED] - Text 'Convenience Fees:  $2.00' is present on page 

05-10-2024T00:48:00 - [TEST_STEP][PASSED] - isRequiredTextPresent = true: null

05-10-2024T00:48:00 - [TEST_STEP][PASSED] - if (isRequiredTextPresent): null

05-10-2024T00:48:00 - [TEST_STEP][PASSED] - if (verifyTextPresent("Total Amount:  $12.50", false)): null

05-10-2024T00:48:01 - [MESSAGE][PASSED] - Text 'Total Amount:  $12.50' is present on page 

05-10-2024T00:48:01 - [TEST_STEP][PASSED] - isRequiredTextPresent = true: null

05-10-2024T00:48:01 - [TEST_STEP][PASSED] - if (isRequiredTextPresent): null

05-10-2024T00:48:01 - [TEST_STEP][PASSED] - if (verifyTextPresent("One transaction in the amount of $12.50 will appear on your bank statement.", false)): null

05-10-2024T00:48:01 - [MESSAGE][PASSED] - Text 'One transaction in the amount of $12.50 will appear on your bank statement.' is present on page 

05-10-2024T00:48:01 - [TEST_STEP][PASSED] - isRequiredTextPresent = true: null

05-10-2024T00:48:01 - [TEST_STEP][PASSED] - Thread.sleep(10000): null

05-10-2024T00:48:11 - [TEST_STEP][PASSED] - click(findTestObject("Object Repository/IWP30/Page_ConvenienceFees/btn_convFeeNotifyAction")): Object: 'Object Repository/IWP30/Page_ConvenienceFees/btn_convFeeNotifyAction' is clicked on

05-10-2024T00:48:13 - [MESSAGE][PASSED] - Object: 'Object Repository/IWP30/Page_ConvenienceFees/btn_convFeeNotifyAction' is clicked on

05-10-2024T00:48:13 - [TEST_STEP][PASSED] - Thread.sleep(10000): null

05-10-2024T00:48:23 - [TEST_STEP][PASSED] - if (verifyTextPresent("Successful Payment Receipt", false)): null

05-10-2024T00:48:23 - [MESSAGE][PASSED] - Text 'Successful Payment Receipt' is present on page 

05-10-2024T00:48:23 - [TEST_STEP][PASSED] - println("Successful Payment Receipt text is present on the Receipt page"): null

05-10-2024T00:48:23 - [TEST_STEP][PASSED] - markPassed("Successful Payment Receipt text is present on the Receipt page"): Successful Payment Receipt text is present on the Receipt page

05-10-2024T00:48:23 - [MESSAGE][PASSED] - Successful Payment Receipt text is present on the Receipt page

05-10-2024T00:48:23 - [TEST_STEP][PASSED] - resText = "Pass": null

05-10-2024T00:48:23 - [TEST_STEP][PASSED] - pages.WriteExcel.demoKey(resText, datText, resColumn, datCloumn, fileLoc, nameSheet, row): pages.WriteExcel.demoKey is PASSED

05-10-2024T00:48:23 - [MESSAGE][PASSED] - pages.WriteExcel.demoKey is PASSED

05-10-2024T00:48:23 - [TEST_STEP][PASSED] - closeBrowser(): Browser is closed

05-10-2024T00:48:23 - [MESSAGE][PASSED] - Browser is closed]]></system-out>
         <system-err><![CDATA[]]></system-err>
      </testcase>
      <testcase name="Test Cases/IntegratedWeb/IWP25/Payments/PayNowCreditDCF" time="170.227" classname="Test Cases/IntegratedWeb/IWP25/Payments/PayNowCreditDCF" status="PASSED">
         <system-out><![CDATA[05-10-2024T00:48:23 - [TEST_CASE][PASSED] - Test Cases/IntegratedWeb/IWP25/Payments/PayNowCreditDCF: Test Cases/IntegratedWeb/IWP25/Payments/PayNowCreditDCF

05-10-2024T00:48:23 - [TEST_STEP][PASSED] - resText = "Fail": null

05-10-2024T00:48:23 - [TEST_STEP][PASSED] - resColumn = "Result": null

05-10-2024T00:48:23 - [TEST_STEP][PASSED] - datCloumn = "Date": null

05-10-2024T00:48:23 - [TEST_STEP][PASSED] - fileLoc = "KatalonData/IWPTestData/VRelay25Payments.xlsx": null

05-10-2024T00:48:23 - [TEST_STEP][PASSED] - numOfRows = <not implemented yet for class: org.codehaus.groovy.ast.expr.EmptyExpression>: null

05-10-2024T00:48:23 - [TEST_STEP][PASSED] - dataFile = <not implemented yet for class: org.codehaus.groovy.ast.expr.EmptyExpression>: null

05-10-2024T00:48:23 - [TEST_STEP][PASSED] - nameSheet = <not implemented yet for class: org.codehaus.groovy.ast.expr.EmptyExpression>: null

05-10-2024T00:48:23 - [TEST_STEP][PASSED] - dataFileEmulator = <not implemented yet for class: org.codehaus.groovy.ast.expr.EmptyExpression>: null

05-10-2024T00:48:23 - [TEST_STEP][PASSED] - isRequiredTextPresent = false: null

05-10-2024T00:48:23 - [TEST_STEP][PASSED] - nameSheet = "PayNowCreditDCF": null

05-10-2024T00:48:23 - [TEST_STEP][PASSED] - dataFile = "IWPTestData/PayNowCreditDCF": null

05-10-2024T00:48:23 - [TEST_STEP][PASSED] - dataFileEmulator = "IWPTestData/EmulatorData": null

05-10-2024T00:48:23 - [TEST_STEP][PASSED] - numOfRows = findTestData(dataFile).getRowNumbers(): null

05-10-2024T00:48:23 - [TEST_STEP][PASSED] - println("Number of Records: " + numOfRows): null

05-10-2024T00:48:23 - [TEST_STEP][PASSED] - for ([row = 1, row <= numOfRows, (row++)]): Browser is closed

05-10-2024T00:48:23 - [TEST_STEP][PASSED] - ExecuteTC = findTestData(dataFile).getValue("Execute", row): null

05-10-2024T00:48:23 - [TEST_STEP][PASSED] - out.println("Value of Execute is : " + ExecuteTC): null

05-10-2024T00:48:23 - [TEST_STEP][PASSED] - if (ExecuteTC.equalsIgnoreCase("Y")): null

05-10-2024T00:48:23 - [TEST_STEP][PASSED] - out.println("Begin Record Number: " + row): null

05-10-2024T00:48:23 - [TEST_STEP][PASSED] - today = new java.util.Date(): null

05-10-2024T00:48:23 - [TEST_STEP][PASSED] - println(today): null

05-10-2024T00:48:23 - [TEST_STEP][PASSED] - datText = today: null

05-10-2024T00:48:23 - [TEST_STEP][PASSED] - EmulatorDataKey = findTestData(dataFile).getValue("EmulatorData", row): null

05-10-2024T00:48:24 - [TEST_STEP][PASSED] - out.println("Value of Emulator Key is : " + EmulatorDataKey): null

05-10-2024T00:48:24 - [TEST_STEP][PASSED] - iwpPages.emulatorIWP30.setDataEmulator_DD(EmulatorDataKey): iwpPages.emulatorIWP30.setDataEmulator_DD is PASSED

05-10-2024T00:48:24 - [MESSAGE][INFO] - Starting 'Edge Chromium' driver

05-10-2024T00:48:24 - [MESSAGE][INFO] - User set preference: ['acceptInsecureCerts', 'true']

05-10-2024T00:48:26 - [MESSAGE][INFO] - Action delay is set to 0 milliseconds

05-10-2024T00:48:29 - [MESSAGE][PASSED] - Browser is opened with url: 'https://qa.velocitypayment.com/agency/config.do?action=editor&message_version=2_5'

05-10-2024T00:48:29 - [MESSAGE][PASSED] - Current window maximized

05-10-2024T00:48:30 - [MESSAGE][PASSED] - All options with value '2.5' are selected in object 'Object Repository/IWP30/Page_VRelay30Emulator/MV'  using regular expression

05-10-2024T00:48:31 - [MESSAGE][PASSED] - Text '10.50' is set on object 'Object Repository/IWP30/Page_VRelay30Emulator/Amount'

05-10-2024T00:48:31 - [MESSAGE][PASSED] - Text 'k98AbYXbz8zu' is set on object 'Object Repository/IWP30/Page_VRelay30Emulator/CAN'

05-10-2024T00:48:32 - [MESSAGE][PASSED] - Text 'PayNow' is set on object 'Object Repository/IWP30/Page_VRelay30Emulator/Action'

05-10-2024T00:48:32 - [MESSAGE][PASSED] - Text 'en_US' is set on object 'Object Repository/IWP30/Page_VRelay30Emulator/Lang'

05-10-2024T00:48:33 - [MESSAGE][PASSED] - Text 'Jasmine' is set on object 'Object Repository/IWP30/Page_VRelay30Emulator/Fname'

05-10-2024T00:48:34 - [MESSAGE][PASSED] - Text 'Patrinol' is set on object 'Object Repository/IWP30/Page_VRelay30Emulator/Lname'

05-10-2024T00:48:34 - [MESSAGE][PASSED] - Text '258 Underwood rd' is set on object 'Object Repository/IWP30/Page_VRelay30Emulator/AL1'

05-10-2024T00:48:35 - [MESSAGE][PASSED] - Text 'Suite 600' is set on object 'Object Repository/IWP30/Page_VRelay30Emulator/AL2'

05-10-2024T00:48:35 - [MESSAGE][PASSED] - Text '840' is set on object 'Object Repository/IWP30/Page_VRelay30Emulator/Country'

05-10-2024T00:48:36 - [MESSAGE][PASSED] - Text 'Arlington' is set on object 'Object Repository/IWP30/Page_VRelay30Emulator/City'

05-10-2024T00:48:37 - [MESSAGE][PASSED] - Text 'VA' is set on object 'Object Repository/IWP30/Page_VRelay30Emulator/State'

05-10-2024T00:48:37 - [MESSAGE][PASSED] - Text '22201' is set on object 'Object Repository/IWP30/Page_VRelay30Emulator/ZIP'

05-10-2024T00:48:38 - [MESSAGE][PASSED] - Text '' is set on object 'Object Repository/IWP30/Page_VRelay30Emulator/Order'

05-10-2024T00:48:38 - [MESSAGE][PASSED] - Text 'Some Company' is set on object 'Object Repository/IWP30/Page_VRelay30Emulator/Company'

05-10-2024T00:48:39 - [MESSAGE][PASSED] - Text 'iahmed@govolution.com' is set on object 'Object Repository/IWP30/Page_VRelay30Emulator/Email'

05-10-2024T00:48:39 - [MESSAGE][PASSED] - Text 'udf data 1' is set on object 'Object Repository/IWP30/Page_VRelay30Emulator/UDF1'

05-10-2024T00:48:40 - [MESSAGE][PASSED] - Text 'udf data 2' is set on object 'Object Repository/IWP30/Page_VRelay30Emulator/UDF2'

05-10-2024T00:48:41 - [MESSAGE][PASSED] - Text 'udf data 3' is set on object 'Object Repository/IWP30/Page_VRelay30Emulator/UDF3'

05-10-2024T00:48:41 - [MESSAGE][PASSED] - Text 'udf data 4' is set on object 'Object Repository/IWP30/Page_VRelay30Emulator/UDF4'

05-10-2024T00:48:42 - [MESSAGE][PASSED] - Text 'udf data 5' is set on object 'Object Repository/IWP30/Page_VRelay30Emulator/UDF5'

05-10-2024T00:48:42 - [MESSAGE][PASSED] - Text 'udf data 6' is set on object 'Object Repository/IWP30/Page_VRelay30Emulator/UDF6'

05-10-2024T00:48:43 - [MESSAGE][PASSED] - Text 'Orange' is set on object 'Object Repository/IWP30/Page_VRelay30Emulator/UDF7'

05-10-2024T00:48:44 - [MESSAGE][PASSED] - Text 'Soccer' is set on object 'Object Repository/IWP30/Page_VRelay30Emulator/UDF8'

05-10-2024T00:48:44 - [MESSAGE][PASSED] - Text 'udf data 9' is set on object 'Object Repository/IWP30/Page_VRelay30Emulator/UDF9'

05-10-2024T00:48:45 - [MESSAGE][PASSED] - Text 'udf data 10' is set on object 'Object Repository/IWP30/Page_VRelay30Emulator/UDF10'

05-10-2024T00:48:46 - [MESSAGE][PASSED] - Object: 'Object Repository/IWP30/Page_VRelay30Emulator/Submit' is clicked on

05-10-2024T00:48:50 - [MESSAGE][PASSED] - Browser is closed

05-10-2024T00:48:54 - [MESSAGE][PASSED] - iwpPages.emulatorIWP30.setDataEmulator_DD is PASSED

05-10-2024T00:48:54 - [TEST_STEP][PASSED] - testHarnessURL = urlTestHarness: null

05-10-2024T00:48:54 - [TEST_STEP][PASSED] - openBrowser(testHarnessURL): Browser is opened with url: 'https://dev-algorithm.govolution.com/vrelaytest/QA/version_2_2/vrelaytest.html'

05-10-2024T00:48:54 - [MESSAGE][INFO] - Starting 'Edge Chromium' driver

05-10-2024T00:48:54 - [MESSAGE][INFO] - User set preference: ['acceptInsecureCerts', 'true']

05-10-2024T00:48:56 - [MESSAGE][INFO] - Action delay is set to 0 milliseconds

05-10-2024T00:49:00 - [MESSAGE][PASSED] - Browser is opened with url: 'https://dev-algorithm.govolution.com/vrelaytest/QA/version_2_2/vrelaytest.html'

05-10-2024T00:49:00 - [TEST_STEP][PASSED] - maximizeWindow(): Current window maximized

05-10-2024T00:49:00 - [MESSAGE][PASSED] - Current window maximized

05-10-2024T00:49:00 - [TEST_STEP][PASSED] - iwpPages.TestHarnessPage.setDataMethod(row, dataFile): iwpPages.TestHarnessPage.setDataMethod is PASSED

05-10-2024T00:49:00 - [MESSAGE][PASSED] - Object 'Object Repository/IWP30/Page_QATestHarness/RemittanceID' is present

05-10-2024T00:49:01 - [MESSAGE][PASSED] - Text '640' is set on object 'Object Repository/IWP30/Page_QATestHarness/ApplicationID'

05-10-2024T00:49:02 - [MESSAGE][PASSED] - Text '2.5' is set on object 'Object Repository/IWP30/Page_QATestHarness/MessageVersion'

05-10-2024T00:49:02 - [MESSAGE][PASSED] - Text '5u23RsAhrKrW' is set on object 'Object Repository/IWP30/Page_QATestHarness/RemittanceID'

05-10-2024T00:49:05 - [MESSAGE][PASSED] - Object: 'Object Repository/IWP30/Page_QATestHarness/SubmitButton' is clicked on

05-10-2024T00:49:05 - [MESSAGE][PASSED] - iwpPages.TestHarnessPage.setDataMethod is PASSED

05-10-2024T00:49:05 - [TEST_STEP][PASSED] - click(findTestObject("Object Repository/IWP30/Page_SelectPaymentMethod/PayByCreditCard")): Object: 'Object Repository/IWP30/Page_SelectPaymentMethod/PayByCreditCard' is clicked on

05-10-2024T00:49:06 - [MESSAGE][PASSED] - Object: 'Object Repository/IWP30/Page_SelectPaymentMethod/PayByCreditCard' is clicked on

05-10-2024T00:49:06 - [TEST_STEP][PASSED] - click(findTestObject("Object Repository/IWP30/Page_SelectPaymentMethod/MakePaymentButton")): Object: 'Object Repository/IWP30/Page_SelectPaymentMethod/MakePaymentButton' is clicked on

05-10-2024T00:49:07 - [MESSAGE][PASSED] - Object: 'Object Repository/IWP30/Page_SelectPaymentMethod/MakePaymentButton' is clicked on

05-10-2024T00:49:07 - [TEST_STEP][PASSED] - iwpPages.ccPaymentEntryPage.setDataCCPM(row, dataFile): iwpPages.ccPaymentEntryPage.setDataCCPM is PASSED

05-10-2024T00:49:08 - [MESSAGE][PASSED] - Object 'Object Repository/IWP30/Page_CCPaymentEntry/Name' is present

05-10-2024T00:49:09 - [MESSAGE][PASSED] - All options with label 'Soccer' are selected in object 'Object Repository/IWP30/Page_CCPaymentEntry/UserDefined8' 

05-10-2024T00:49:09 - [MESSAGE][PASSED] - Object 'Object Repository/IWP30/Page_CCPaymentEntry/Name' is present

05-10-2024T00:49:09 - [MESSAGE][PASSED] - Object 'Object Repository/IWP30/Page_CCPaymentEntry/CardNumber' is present

05-10-2024T00:49:10 - [MESSAGE][PASSED] - Text '4761730000000011' is set on object 'Object Repository/IWP30/Page_CCPaymentEntry/CardNumber'

05-10-2024T00:49:11 - [MESSAGE][PASSED] - Text '123' is set on object 'Object Repository/IWP30/Page_CCPaymentEntry/SPC'

05-10-2024T00:49:11 - [MESSAGE][PASSED] - Object 'Object Repository/IWP30/Page_CCPaymentEntry/Month' is present

05-10-2024T00:49:12 - [MESSAGE][PASSED] - All options with label '09' are selected in object 'Object Repository/IWP30/Page_CCPaymentEntry/Month' 

05-10-2024T00:49:12 - [MESSAGE][PASSED] - Object 'Object Repository/IWP30/Page_CCPaymentEntry/Year' is present

05-10-2024T00:49:12 - [MESSAGE][PASSED] - All options with label '2028' are selected in object 'Object Repository/IWP30/Page_CCPaymentEntry/Year' 

05-10-2024T00:49:13 - [MESSAGE][PASSED] - Object 'Object Repository/IWP30/Page_CCPaymentEntry/EmailAddress' is present

05-10-2024T00:49:13 - [MESSAGE][PASSED] - Object 'Object Repository/IWP30/Page_CCPaymentEntry/TermCondCheckBox' is present

05-10-2024T00:49:13 - [MESSAGE][PASSED] - Object 'Object Repository/IWP30/Page_CCPaymentEntry/TermCondCheckBox' is checked

05-10-2024T00:49:13 - [MESSAGE][PASSED] - Object 'Object Repository/IWP30/Page_CCPaymentEntry/ContinueButton' is present

05-10-2024T00:49:15 - [MESSAGE][PASSED] - Object: 'Object Repository/IWP30/Page_CCPaymentEntry/ContinueButton' is clicked on

05-10-2024T00:49:15 - [MESSAGE][PASSED] - iwpPages.ccPaymentEntryPage.setDataCCPM is PASSED

05-10-2024T00:49:15 - [TEST_STEP][PASSED] - click(findTestObject("Object Repository/IWP30/Page_Confirmation/ConfirmButton")): Object: 'Object Repository/IWP30/Page_Confirmation/ConfirmButton' is clicked on

05-10-2024T00:49:16 - [MESSAGE][PASSED] - Object: 'Object Repository/IWP30/Page_Confirmation/ConfirmButton' is clicked on

05-10-2024T00:49:16 - [TEST_STEP][PASSED] - Thread.sleep(5000): null

05-10-2024T00:49:21 - [TEST_STEP][PASSED] - println("I am on real estate page"): null

05-10-2024T00:49:21 - [TEST_STEP][PASSED] - if (verifyTextPresent("Make a Real Estate Payment", false)): null

05-10-2024T00:49:22 - [MESSAGE][PASSED] - Text 'Make a Real Estate Payment' is present on page 

05-10-2024T00:49:22 - [TEST_STEP][PASSED] - isRequiredTextPresent = true: null

05-10-2024T00:49:22 - [TEST_STEP][PASSED] - println(isRequiredTextPresent): null

05-10-2024T00:49:22 - [TEST_STEP][PASSED] - if (isRequiredTextPresent): null

05-10-2024T00:49:22 - [TEST_STEP][PASSED] - if (verifyTextPresent("This transaction is subject to a Convenience Fees of $2.00.", false)): null

05-10-2024T00:49:22 - [MESSAGE][PASSED] - Text 'This transaction is subject to a Convenience Fees of $2.00.' is present on page 

05-10-2024T00:49:22 - [TEST_STEP][PASSED] - isRequiredTextPresent = true: null

05-10-2024T00:49:22 - [TEST_STEP][PASSED] - println(isRequiredTextPresent): null

05-10-2024T00:49:22 - [TEST_STEP][PASSED] - if (isRequiredTextPresent): null

05-10-2024T00:49:22 - [TEST_STEP][PASSED] - if (verifyTextPresent("Payment Amount:  $10.50", false)): null

05-10-2024T00:49:22 - [MESSAGE][PASSED] - Text 'Payment Amount:  $10.50' is present on page 

05-10-2024T00:49:22 - [TEST_STEP][PASSED] - isRequiredTextPresent = true: null

05-10-2024T00:49:22 - [TEST_STEP][PASSED] - if (isRequiredTextPresent): null

05-10-2024T00:49:22 - [TEST_STEP][PASSED] - if (verifyTextPresent("Convenience Fees:  $2.00", false)): null

05-10-2024T00:49:22 - [MESSAGE][PASSED] - Text 'Convenience Fees:  $2.00' is present on page 

05-10-2024T00:49:22 - [TEST_STEP][PASSED] - isRequiredTextPresent = true: null

05-10-2024T00:49:22 - [TEST_STEP][PASSED] - if (isRequiredTextPresent): null

05-10-2024T00:49:22 - [TEST_STEP][PASSED] - if (verifyTextPresent("Total Amount:  $12.50", false)): null

05-10-2024T00:49:23 - [MESSAGE][PASSED] - Text 'Total Amount:  $12.50' is present on page 

05-10-2024T00:49:23 - [TEST_STEP][PASSED] - isRequiredTextPresent = true: null

05-10-2024T00:49:23 - [TEST_STEP][PASSED] - if (isRequiredTextPresent): null

05-10-2024T00:49:23 - [TEST_STEP][PASSED] - if (verifyTextPresent("Two transactions will appear on your bank statement, one in the amount of $10.50 and one in the amount of $2.00.", false)): null

05-10-2024T00:49:23 - [MESSAGE][PASSED] - Text 'Two transactions will appear on your bank statement, one in the amount of $10.50 and one in the amount of $2.00.' is present on page 

05-10-2024T00:49:23 - [TEST_STEP][PASSED] - isRequiredTextPresent = true: null

05-10-2024T00:49:23 - [TEST_STEP][PASSED] - Thread.sleep(10000): null

05-10-2024T00:49:33 - [TEST_STEP][PASSED] - click(findTestObject("Object Repository/IWP30/Page_ConvenienceFees/btn_convFeeNotifyAction")): Object: 'Object Repository/IWP30/Page_ConvenienceFees/btn_convFeeNotifyAction' is clicked on

05-10-2024T00:49:35 - [MESSAGE][PASSED] - Object: 'Object Repository/IWP30/Page_ConvenienceFees/btn_convFeeNotifyAction' is clicked on

05-10-2024T00:49:35 - [TEST_STEP][PASSED] - Thread.sleep(10000): null

05-10-2024T00:49:45 - [TEST_STEP][PASSED] - if (verifyTextPresent("Successful Payment Receipt", false)): null

05-10-2024T00:49:45 - [MESSAGE][PASSED] - Text 'Successful Payment Receipt' is present on page 

05-10-2024T00:49:45 - [TEST_STEP][PASSED] - println("Successful Payment Receipt text is present on the Receipt page"): null

05-10-2024T00:49:45 - [TEST_STEP][PASSED] - markPassed("Successful Payment Receipt text is present on the Receipt page"): Successful Payment Receipt text is present on the Receipt page

05-10-2024T00:49:45 - [MESSAGE][PASSED] - Successful Payment Receipt text is present on the Receipt page

05-10-2024T00:49:45 - [TEST_STEP][PASSED] - resText = "Pass": null

05-10-2024T00:49:45 - [TEST_STEP][PASSED] - pages.WriteExcel.demoKey(resText, datText, resColumn, datCloumn, fileLoc, nameSheet, row): pages.WriteExcel.demoKey is PASSED

05-10-2024T00:49:45 - [MESSAGE][PASSED] - pages.WriteExcel.demoKey is PASSED

05-10-2024T00:49:45 - [TEST_STEP][PASSED] - closeBrowser(): Browser is closed

05-10-2024T00:49:45 - [MESSAGE][PASSED] - Browser is closed

05-10-2024T00:49:45 - [TEST_STEP][PASSED] - ExecuteTC = findTestData(dataFile).getValue("Execute", row): null

05-10-2024T00:49:45 - [TEST_STEP][PASSED] - out.println("Value of Execute is : " + ExecuteTC): null

05-10-2024T00:49:45 - [TEST_STEP][PASSED] - if (ExecuteTC.equalsIgnoreCase("Y")): null

05-10-2024T00:49:45 - [TEST_STEP][PASSED] - out.println("Begin Record Number: " + row): null

05-10-2024T00:49:45 - [TEST_STEP][PASSED] - today = new java.util.Date(): null

05-10-2024T00:49:45 - [TEST_STEP][PASSED] - println(today): null

05-10-2024T00:49:45 - [TEST_STEP][PASSED] - datText = today: null

05-10-2024T00:49:45 - [TEST_STEP][PASSED] - EmulatorDataKey = findTestData(dataFile).getValue("EmulatorData", row): null

05-10-2024T00:49:45 - [TEST_STEP][PASSED] - out.println("Value of Emulator Key is : " + EmulatorDataKey): null

05-10-2024T00:49:45 - [TEST_STEP][PASSED] - iwpPages.emulatorIWP30.setDataEmulator_DD(EmulatorDataKey): iwpPages.emulatorIWP30.setDataEmulator_DD is PASSED

05-10-2024T00:49:46 - [MESSAGE][INFO] - Starting 'Edge Chromium' driver

05-10-2024T00:49:46 - [MESSAGE][INFO] - User set preference: ['acceptInsecureCerts', 'true']

05-10-2024T00:49:48 - [MESSAGE][INFO] - Action delay is set to 0 milliseconds

05-10-2024T00:49:51 - [MESSAGE][PASSED] - Browser is opened with url: 'https://qa.velocitypayment.com/agency/config.do?action=editor&message_version=2_5'

05-10-2024T00:49:51 - [MESSAGE][PASSED] - Current window maximized

05-10-2024T00:49:52 - [MESSAGE][PASSED] - All options with value '2.5' are selected in object 'Object Repository/IWP30/Page_VRelay30Emulator/MV'  using regular expression

05-10-2024T00:49:53 - [MESSAGE][PASSED] - Text '10.50' is set on object 'Object Repository/IWP30/Page_VRelay30Emulator/Amount'

05-10-2024T00:49:53 - [MESSAGE][PASSED] - Text '0RlAj28hkGER' is set on object 'Object Repository/IWP30/Page_VRelay30Emulator/CAN'

05-10-2024T00:49:54 - [MESSAGE][PASSED] - Text 'PayNow' is set on object 'Object Repository/IWP30/Page_VRelay30Emulator/Action'

05-10-2024T00:49:54 - [MESSAGE][PASSED] - Text 'en_US' is set on object 'Object Repository/IWP30/Page_VRelay30Emulator/Lang'

05-10-2024T00:49:55 - [MESSAGE][PASSED] - Text '' is set on object 'Object Repository/IWP30/Page_VRelay30Emulator/Fname'

05-10-2024T00:49:56 - [MESSAGE][PASSED] - Text '' is set on object 'Object Repository/IWP30/Page_VRelay30Emulator/Lname'

05-10-2024T00:49:56 - [MESSAGE][PASSED] - Text '' is set on object 'Object Repository/IWP30/Page_VRelay30Emulator/AL1'

05-10-2024T00:49:57 - [MESSAGE][PASSED] - Text '' is set on object 'Object Repository/IWP30/Page_VRelay30Emulator/AL2'

05-10-2024T00:49:57 - [MESSAGE][PASSED] - Text '' is set on object 'Object Repository/IWP30/Page_VRelay30Emulator/Country'

05-10-2024T00:49:58 - [MESSAGE][PASSED] - Text '' is set on object 'Object Repository/IWP30/Page_VRelay30Emulator/City'

05-10-2024T00:49:59 - [MESSAGE][PASSED] - Text '' is set on object 'Object Repository/IWP30/Page_VRelay30Emulator/State'

05-10-2024T00:49:59 - [MESSAGE][PASSED] - Text '' is set on object 'Object Repository/IWP30/Page_VRelay30Emulator/ZIP'

05-10-2024T00:50:00 - [MESSAGE][PASSED] - Text '' is set on object 'Object Repository/IWP30/Page_VRelay30Emulator/Order'

05-10-2024T00:50:00 - [MESSAGE][PASSED] - Text '' is set on object 'Object Repository/IWP30/Page_VRelay30Emulator/Company'

05-10-2024T00:50:01 - [MESSAGE][PASSED] - Text '' is set on object 'Object Repository/IWP30/Page_VRelay30Emulator/Email'

05-10-2024T00:50:01 - [MESSAGE][PASSED] - Text '' is set on object 'Object Repository/IWP30/Page_VRelay30Emulator/UDF1'

05-10-2024T00:50:02 - [MESSAGE][PASSED] - Text '' is set on object 'Object Repository/IWP30/Page_VRelay30Emulator/UDF2'

05-10-2024T00:50:03 - [MESSAGE][PASSED] - Text '' is set on object 'Object Repository/IWP30/Page_VRelay30Emulator/UDF3'

05-10-2024T00:50:03 - [MESSAGE][PASSED] - Text 'udf data 4' is set on object 'Object Repository/IWP30/Page_VRelay30Emulator/UDF4'

05-10-2024T00:50:04 - [MESSAGE][PASSED] - Text 'udf data 5' is set on object 'Object Repository/IWP30/Page_VRelay30Emulator/UDF5'

05-10-2024T00:50:04 - [MESSAGE][PASSED] - Text '' is set on object 'Object Repository/IWP30/Page_VRelay30Emulator/UDF6'

05-10-2024T00:50:05 - [MESSAGE][PASSED] - Text '' is set on object 'Object Repository/IWP30/Page_VRelay30Emulator/UDF7'

05-10-2024T00:50:05 - [MESSAGE][PASSED] - Text '' is set on object 'Object Repository/IWP30/Page_VRelay30Emulator/UDF8'

05-10-2024T00:50:06 - [MESSAGE][PASSED] - Text 'udf data 9' is set on object 'Object Repository/IWP30/Page_VRelay30Emulator/UDF9'

05-10-2024T00:50:07 - [MESSAGE][PASSED] - Text 'udf data 10' is set on object 'Object Repository/IWP30/Page_VRelay30Emulator/UDF10'

05-10-2024T00:50:08 - [MESSAGE][PASSED] - Object: 'Object Repository/IWP30/Page_VRelay30Emulator/Submit' is clicked on

05-10-2024T00:50:12 - [MESSAGE][PASSED] - Browser is closed

05-10-2024T00:50:16 - [MESSAGE][PASSED] - iwpPages.emulatorIWP30.setDataEmulator_DD is PASSED

05-10-2024T00:50:16 - [TEST_STEP][PASSED] - testHarnessURL = urlTestHarness: null

05-10-2024T00:50:16 - [TEST_STEP][PASSED] - openBrowser(testHarnessURL): Browser is opened with url: 'https://dev-algorithm.govolution.com/vrelaytest/QA/version_2_2/vrelaytest.html'

05-10-2024T00:50:16 - [MESSAGE][INFO] - Starting 'Edge Chromium' driver

05-10-2024T00:50:16 - [MESSAGE][INFO] - User set preference: ['acceptInsecureCerts', 'true']

05-10-2024T00:50:18 - [MESSAGE][INFO] - Action delay is set to 0 milliseconds

05-10-2024T00:50:21 - [MESSAGE][PASSED] - Browser is opened with url: 'https://dev-algorithm.govolution.com/vrelaytest/QA/version_2_2/vrelaytest.html'

05-10-2024T00:50:21 - [TEST_STEP][PASSED] - maximizeWindow(): Current window maximized

05-10-2024T00:50:22 - [MESSAGE][PASSED] - Current window maximized

05-10-2024T00:50:22 - [TEST_STEP][PASSED] - iwpPages.TestHarnessPage.setDataMethod(row, dataFile): iwpPages.TestHarnessPage.setDataMethod is PASSED

05-10-2024T00:50:22 - [MESSAGE][PASSED] - Object 'Object Repository/IWP30/Page_QATestHarness/RemittanceID' is present

05-10-2024T00:50:23 - [MESSAGE][PASSED] - Text '640' is set on object 'Object Repository/IWP30/Page_QATestHarness/ApplicationID'

05-10-2024T00:50:23 - [MESSAGE][PASSED] - Text '2.5' is set on object 'Object Repository/IWP30/Page_QATestHarness/MessageVersion'

05-10-2024T00:50:24 - [MESSAGE][PASSED] - Text 'DIPqQJCN7mmu' is set on object 'Object Repository/IWP30/Page_QATestHarness/RemittanceID'

05-10-2024T00:50:27 - [MESSAGE][PASSED] - Object: 'Object Repository/IWP30/Page_QATestHarness/SubmitButton' is clicked on

05-10-2024T00:50:27 - [MESSAGE][PASSED] - iwpPages.TestHarnessPage.setDataMethod is PASSED

05-10-2024T00:50:27 - [TEST_STEP][PASSED] - click(findTestObject("Object Repository/IWP30/Page_SelectPaymentMethod/PayByCreditCard")): Object: 'Object Repository/IWP30/Page_SelectPaymentMethod/PayByCreditCard' is clicked on

05-10-2024T00:50:28 - [MESSAGE][PASSED] - Object: 'Object Repository/IWP30/Page_SelectPaymentMethod/PayByCreditCard' is clicked on

05-10-2024T00:50:28 - [TEST_STEP][PASSED] - click(findTestObject("Object Repository/IWP30/Page_SelectPaymentMethod/MakePaymentButton")): Object: 'Object Repository/IWP30/Page_SelectPaymentMethod/MakePaymentButton' is clicked on

05-10-2024T00:50:30 - [MESSAGE][PASSED] - Object: 'Object Repository/IWP30/Page_SelectPaymentMethod/MakePaymentButton' is clicked on

05-10-2024T00:50:30 - [TEST_STEP][PASSED] - iwpPages.ccPaymentEntryPage.setDataCCPM(row, dataFile): iwpPages.ccPaymentEntryPage.setDataCCPM is PASSED

05-10-2024T00:50:31 - [MESSAGE][PASSED] - Object 'Object Repository/IWP30/Page_CCPaymentEntry/Name' is present

05-10-2024T00:50:32 - [MESSAGE][PASSED] - Text '10.50' is set on object 'Object Repository/IWP30/Page_CCPaymentEntry/Amount'

05-10-2024T00:50:32 - [MESSAGE][PASSED] - Text 'udf data 2' is set on object 'Object Repository/IWP30/Page_CCPaymentEntry/UserDefined2'

05-10-2024T00:50:33 - [MESSAGE][PASSED] - Text 'udf data 3' is set on object 'Object Repository/IWP30/Page_CCPaymentEntry/UserDefined3'

05-10-2024T00:50:33 - [MESSAGE][PASSED] - All options with label 'Orange' are selected in object 'Object Repository/IWP30/Page_CCPaymentEntry/UserDefined7' 

05-10-2024T00:50:34 - [MESSAGE][PASSED] - All options with label 'Soccer' are selected in object 'Object Repository/IWP30/Page_CCPaymentEntry/UserDefined8' 

05-10-2024T00:50:34 - [MESSAGE][PASSED] - Object 'Object Repository/IWP30/Page_CCPaymentEntry/Name' is present

05-10-2024T00:50:35 - [MESSAGE][PASSED] - Text 'Kavita Ranawati' is set on object 'Object Repository/IWP30/Page_CCPaymentEntry/Name'

05-10-2024T00:50:35 - [MESSAGE][PASSED] - Object 'Object Repository/IWP30/Page_CCPaymentEntry/CardNumber' is present

05-10-2024T00:50:36 - [MESSAGE][PASSED] - Text '4111111111111111' is set on object 'Object Repository/IWP30/Page_CCPaymentEntry/CardNumber'

05-10-2024T00:50:36 - [MESSAGE][PASSED] - Text '123' is set on object 'Object Repository/IWP30/Page_CCPaymentEntry/SPC'

05-10-2024T00:50:37 - [MESSAGE][PASSED] - Object 'Object Repository/IWP30/Page_CCPaymentEntry/Month' is present

05-10-2024T00:50:38 - [MESSAGE][PASSED] - All options with label '09' are selected in object 'Object Repository/IWP30/Page_CCPaymentEntry/Month' 

05-10-2024T00:50:38 - [MESSAGE][PASSED] - Object 'Object Repository/IWP30/Page_CCPaymentEntry/Year' is present

05-10-2024T00:50:38 - [MESSAGE][PASSED] - All options with label '2028' are selected in object 'Object Repository/IWP30/Page_CCPaymentEntry/Year' 

05-10-2024T00:50:39 - [MESSAGE][PASSED] - Text '365 Main Avenue' is set on object 'Object Repository/IWP30/Page_CCPaymentEntry/AL1'

05-10-2024T00:50:40 - [MESSAGE][PASSED] - Text '22201' is set on object 'Object Repository/IWP30/Page_CCPaymentEntry/ZIP'

05-10-2024T00:50:40 - [MESSAGE][PASSED] - Object 'Object Repository/IWP30/Page_CCPaymentEntry/EmailAddress' is present

05-10-2024T00:50:41 - [MESSAGE][PASSED] - Text 'iahmed@govolution.com' is set on object 'Object Repository/IWP30/Page_CCPaymentEntry/EmailAddress'

05-10-2024T00:50:41 - [MESSAGE][PASSED] - Object 'Object Repository/IWP30/Page_CCPaymentEntry/TermCondCheckBox' is present

05-10-2024T00:50:41 - [MESSAGE][PASSED] - Object 'Object Repository/IWP30/Page_CCPaymentEntry/TermCondCheckBox' is checked

05-10-2024T00:50:42 - [MESSAGE][PASSED] - Object 'Object Repository/IWP30/Page_CCPaymentEntry/ContinueButton' is present

05-10-2024T00:50:43 - [MESSAGE][PASSED] - Object: 'Object Repository/IWP30/Page_CCPaymentEntry/ContinueButton' is clicked on

05-10-2024T00:50:43 - [MESSAGE][PASSED] - iwpPages.ccPaymentEntryPage.setDataCCPM is PASSED

05-10-2024T00:50:43 - [TEST_STEP][PASSED] - click(findTestObject("Object Repository/IWP30/Page_Confirmation/ConfirmButton")): Object: 'Object Repository/IWP30/Page_Confirmation/ConfirmButton' is clicked on

05-10-2024T00:50:44 - [MESSAGE][PASSED] - Object: 'Object Repository/IWP30/Page_Confirmation/ConfirmButton' is clicked on

05-10-2024T00:50:44 - [TEST_STEP][PASSED] - Thread.sleep(5000): null

05-10-2024T00:50:49 - [TEST_STEP][PASSED] - println("I am on real estate page"): null

05-10-2024T00:50:49 - [TEST_STEP][PASSED] - if (verifyTextPresent("Make a Real Estate Payment", false)): null

05-10-2024T00:50:50 - [MESSAGE][PASSED] - Text 'Make a Real Estate Payment' is present on page 

05-10-2024T00:50:50 - [TEST_STEP][PASSED] - isRequiredTextPresent = true: null

05-10-2024T00:50:50 - [TEST_STEP][PASSED] - println(isRequiredTextPresent): null

05-10-2024T00:50:50 - [TEST_STEP][PASSED] - if (isRequiredTextPresent): null

05-10-2024T00:50:50 - [TEST_STEP][PASSED] - if (verifyTextPresent("This transaction is subject to a Convenience Fees of $2.00.", false)): null

05-10-2024T00:50:50 - [MESSAGE][PASSED] - Text 'This transaction is subject to a Convenience Fees of $2.00.' is present on page 

05-10-2024T00:50:50 - [TEST_STEP][PASSED] - isRequiredTextPresent = true: null

05-10-2024T00:50:50 - [TEST_STEP][PASSED] - println(isRequiredTextPresent): null

05-10-2024T00:50:50 - [TEST_STEP][PASSED] - if (isRequiredTextPresent): null

05-10-2024T00:50:50 - [TEST_STEP][PASSED] - if (verifyTextPresent("Payment Amount:  $10.50", false)): null

05-10-2024T00:50:50 - [MESSAGE][PASSED] - Text 'Payment Amount:  $10.50' is present on page 

05-10-2024T00:50:50 - [TEST_STEP][PASSED] - isRequiredTextPresent = true: null

05-10-2024T00:50:50 - [TEST_STEP][PASSED] - if (isRequiredTextPresent): null

05-10-2024T00:50:50 - [TEST_STEP][PASSED] - if (verifyTextPresent("Convenience Fees:  $2.00", false)): null

05-10-2024T00:50:50 - [MESSAGE][PASSED] - Text 'Convenience Fees:  $2.00' is present on page 

05-10-2024T00:50:50 - [TEST_STEP][PASSED] - isRequiredTextPresent = true: null

05-10-2024T00:50:50 - [TEST_STEP][PASSED] - if (isRequiredTextPresent): null

05-10-2024T00:50:50 - [TEST_STEP][PASSED] - if (verifyTextPresent("Total Amount:  $12.50", false)): null

05-10-2024T00:50:51 - [MESSAGE][PASSED] - Text 'Total Amount:  $12.50' is present on page 

05-10-2024T00:50:51 - [TEST_STEP][PASSED] - isRequiredTextPresent = true: null

05-10-2024T00:50:51 - [TEST_STEP][PASSED] - if (isRequiredTextPresent): null

05-10-2024T00:50:51 - [TEST_STEP][PASSED] - if (verifyTextPresent("Two transactions will appear on your bank statement, one in the amount of $10.50 and one in the amount of $2.00.", false)): null

05-10-2024T00:50:51 - [MESSAGE][PASSED] - Text 'Two transactions will appear on your bank statement, one in the amount of $10.50 and one in the amount of $2.00.' is present on page 

05-10-2024T00:50:51 - [TEST_STEP][PASSED] - isRequiredTextPresent = true: null

05-10-2024T00:50:51 - [TEST_STEP][PASSED] - Thread.sleep(10000): null

05-10-2024T00:51:01 - [TEST_STEP][PASSED] - click(findTestObject("Object Repository/IWP30/Page_ConvenienceFees/btn_convFeeNotifyAction")): Object: 'Object Repository/IWP30/Page_ConvenienceFees/btn_convFeeNotifyAction' is clicked on

05-10-2024T00:51:03 - [MESSAGE][PASSED] - Object: 'Object Repository/IWP30/Page_ConvenienceFees/btn_convFeeNotifyAction' is clicked on

05-10-2024T00:51:03 - [TEST_STEP][PASSED] - Thread.sleep(10000): null

05-10-2024T00:51:13 - [TEST_STEP][PASSED] - if (verifyTextPresent("Successful Payment Receipt", false)): null

05-10-2024T00:51:13 - [MESSAGE][PASSED] - Text 'Successful Payment Receipt' is present on page 

05-10-2024T00:51:13 - [TEST_STEP][PASSED] - println("Successful Payment Receipt text is present on the Receipt page"): null

05-10-2024T00:51:13 - [TEST_STEP][PASSED] - markPassed("Successful Payment Receipt text is present on the Receipt page"): Successful Payment Receipt text is present on the Receipt page

05-10-2024T00:51:13 - [MESSAGE][PASSED] - Successful Payment Receipt text is present on the Receipt page

05-10-2024T00:51:13 - [TEST_STEP][PASSED] - resText = "Pass": null

05-10-2024T00:51:13 - [TEST_STEP][PASSED] - pages.WriteExcel.demoKey(resText, datText, resColumn, datCloumn, fileLoc, nameSheet, row): pages.WriteExcel.demoKey is PASSED

05-10-2024T00:51:13 - [MESSAGE][PASSED] - pages.WriteExcel.demoKey is PASSED

05-10-2024T00:51:13 - [TEST_STEP][PASSED] - closeBrowser(): Browser is closed

05-10-2024T00:51:14 - [MESSAGE][PASSED] - Browser is closed]]></system-out>
         <system-err><![CDATA[]]></system-err>
      </testcase>
      <testcase name="Test Cases/IntegratedWeb/IWP25/Payments/PayNowCreditSCF" time="168.318" classname="Test Cases/IntegratedWeb/IWP25/Payments/PayNowCreditSCF" status="PASSED">
         <system-out><![CDATA[05-10-2024T00:51:14 - [TEST_CASE][PASSED] - Test Cases/IntegratedWeb/IWP25/Payments/PayNowCreditSCF: Test Cases/IntegratedWeb/IWP25/Payments/PayNowCreditSCF

05-10-2024T00:51:14 - [TEST_STEP][PASSED] - resText = "Fail": null

05-10-2024T00:51:14 - [TEST_STEP][PASSED] - resColumn = "Result": null

05-10-2024T00:51:14 - [TEST_STEP][PASSED] - datCloumn = "Date": null

05-10-2024T00:51:14 - [TEST_STEP][PASSED] - fileLoc = "KatalonData/IWPTestData/VRelay25Payments.xlsx": null

05-10-2024T00:51:14 - [TEST_STEP][PASSED] - numOfRows = <not implemented yet for class: org.codehaus.groovy.ast.expr.EmptyExpression>: null

05-10-2024T00:51:14 - [TEST_STEP][PASSED] - dataFile = <not implemented yet for class: org.codehaus.groovy.ast.expr.EmptyExpression>: null

05-10-2024T00:51:14 - [TEST_STEP][PASSED] - nameSheet = <not implemented yet for class: org.codehaus.groovy.ast.expr.EmptyExpression>: null

05-10-2024T00:51:14 - [TEST_STEP][PASSED] - dataFileEmulator = <not implemented yet for class: org.codehaus.groovy.ast.expr.EmptyExpression>: null

05-10-2024T00:51:14 - [TEST_STEP][PASSED] - isRequiredTextPresent = false: null

05-10-2024T00:51:14 - [TEST_STEP][PASSED] - nameSheet = "PayNowCreditSCF": null

05-10-2024T00:51:14 - [TEST_STEP][PASSED] - dataFile = "IWPTestData/PayNowCreditSCF": null

05-10-2024T00:51:14 - [TEST_STEP][PASSED] - dataFileEmulator = "IWPTestData/EmulatorData": null

05-10-2024T00:51:14 - [TEST_STEP][PASSED] - numOfRows = findTestData(dataFile).getRowNumbers(): null

05-10-2024T00:51:14 - [TEST_STEP][PASSED] - println("Number of Records: " + numOfRows): null

05-10-2024T00:51:14 - [TEST_STEP][PASSED] - for ([row = 1, row <= numOfRows, (row++)]): Browser is closed

05-10-2024T00:51:14 - [TEST_STEP][PASSED] - ExecuteTC = findTestData(dataFile).getValue("Execute", row): null

05-10-2024T00:51:14 - [TEST_STEP][PASSED] - out.println("Value of Execute is : " + ExecuteTC): null

05-10-2024T00:51:14 - [TEST_STEP][PASSED] - if (ExecuteTC.equalsIgnoreCase("Y")): null

05-10-2024T00:51:14 - [TEST_STEP][PASSED] - out.println("Begin Record Number: " + row): null

05-10-2024T00:51:14 - [TEST_STEP][PASSED] - today = new java.util.Date(): null

05-10-2024T00:51:14 - [TEST_STEP][PASSED] - println(today): null

05-10-2024T00:51:14 - [TEST_STEP][PASSED] - datText = today: null

05-10-2024T00:51:14 - [TEST_STEP][PASSED] - EmulatorDataKey = findTestData(dataFile).getValue("EmulatorData", row): null

05-10-2024T00:51:14 - [TEST_STEP][PASSED] - out.println("Value of Emulator Key is : " + EmulatorDataKey): null

05-10-2024T00:51:14 - [TEST_STEP][PASSED] - iwpPages.emulatorIWP30.setDataEmulator_DD(EmulatorDataKey): iwpPages.emulatorIWP30.setDataEmulator_DD is PASSED

05-10-2024T00:51:14 - [MESSAGE][INFO] - Starting 'Edge Chromium' driver

05-10-2024T00:51:14 - [MESSAGE][INFO] - User set preference: ['acceptInsecureCerts', 'true']

05-10-2024T00:51:16 - [MESSAGE][INFO] - Action delay is set to 0 milliseconds

05-10-2024T00:51:19 - [MESSAGE][PASSED] - Browser is opened with url: 'https://qa.velocitypayment.com/agency/config.do?action=editor&message_version=2_5'

05-10-2024T00:51:19 - [MESSAGE][PASSED] - Current window maximized

05-10-2024T00:51:20 - [MESSAGE][PASSED] - All options with value '2.5' are selected in object 'Object Repository/IWP30/Page_VRelay30Emulator/MV'  using regular expression

05-10-2024T00:51:21 - [MESSAGE][PASSED] - Text '10.50' is set on object 'Object Repository/IWP30/Page_VRelay30Emulator/Amount'

05-10-2024T00:51:22 - [MESSAGE][PASSED] - Text 'y426JVSxuTic' is set on object 'Object Repository/IWP30/Page_VRelay30Emulator/CAN'

05-10-2024T00:51:22 - [MESSAGE][PASSED] - Text 'PayNow' is set on object 'Object Repository/IWP30/Page_VRelay30Emulator/Action'

05-10-2024T00:51:23 - [MESSAGE][PASSED] - Text 'en_US' is set on object 'Object Repository/IWP30/Page_VRelay30Emulator/Lang'

05-10-2024T00:51:23 - [MESSAGE][PASSED] - Text 'Jasmine' is set on object 'Object Repository/IWP30/Page_VRelay30Emulator/Fname'

05-10-2024T00:51:24 - [MESSAGE][PASSED] - Text 'Patrinol' is set on object 'Object Repository/IWP30/Page_VRelay30Emulator/Lname'

05-10-2024T00:51:25 - [MESSAGE][PASSED] - Text '258 Underwood rd' is set on object 'Object Repository/IWP30/Page_VRelay30Emulator/AL1'

05-10-2024T00:51:25 - [MESSAGE][PASSED] - Text 'Suite 600' is set on object 'Object Repository/IWP30/Page_VRelay30Emulator/AL2'

05-10-2024T00:51:26 - [MESSAGE][PASSED] - Text '840' is set on object 'Object Repository/IWP30/Page_VRelay30Emulator/Country'

05-10-2024T00:51:26 - [MESSAGE][PASSED] - Text 'Arlington' is set on object 'Object Repository/IWP30/Page_VRelay30Emulator/City'

05-10-2024T00:51:27 - [MESSAGE][PASSED] - Text 'VA' is set on object 'Object Repository/IWP30/Page_VRelay30Emulator/State'

05-10-2024T00:51:28 - [MESSAGE][PASSED] - Text '22201' is set on object 'Object Repository/IWP30/Page_VRelay30Emulator/ZIP'

05-10-2024T00:51:28 - [MESSAGE][PASSED] - Text '' is set on object 'Object Repository/IWP30/Page_VRelay30Emulator/Order'

05-10-2024T00:51:29 - [MESSAGE][PASSED] - Text 'Some Company' is set on object 'Object Repository/IWP30/Page_VRelay30Emulator/Company'

05-10-2024T00:51:29 - [MESSAGE][PASSED] - Text 'iahmed@govolution.com' is set on object 'Object Repository/IWP30/Page_VRelay30Emulator/Email'

05-10-2024T00:51:30 - [MESSAGE][PASSED] - Text 'udf data 1' is set on object 'Object Repository/IWP30/Page_VRelay30Emulator/UDF1'

05-10-2024T00:51:30 - [MESSAGE][PASSED] - Text 'udf data 2' is set on object 'Object Repository/IWP30/Page_VRelay30Emulator/UDF2'

05-10-2024T00:51:31 - [MESSAGE][PASSED] - Text 'udf data 3' is set on object 'Object Repository/IWP30/Page_VRelay30Emulator/UDF3'

05-10-2024T00:51:32 - [MESSAGE][PASSED] - Text 'udf data 4' is set on object 'Object Repository/IWP30/Page_VRelay30Emulator/UDF4'

05-10-2024T00:51:32 - [MESSAGE][PASSED] - Text 'udf data 5' is set on object 'Object Repository/IWP30/Page_VRelay30Emulator/UDF5'

05-10-2024T00:51:33 - [MESSAGE][PASSED] - Text 'udf data 6' is set on object 'Object Repository/IWP30/Page_VRelay30Emulator/UDF6'

05-10-2024T00:51:33 - [MESSAGE][PASSED] - Text 'Orange' is set on object 'Object Repository/IWP30/Page_VRelay30Emulator/UDF7'

05-10-2024T00:51:34 - [MESSAGE][PASSED] - Text 'Soccer' is set on object 'Object Repository/IWP30/Page_VRelay30Emulator/UDF8'

05-10-2024T00:51:35 - [MESSAGE][PASSED] - Text 'udf data 9' is set on object 'Object Repository/IWP30/Page_VRelay30Emulator/UDF9'

05-10-2024T00:51:35 - [MESSAGE][PASSED] - Text 'udf data 10' is set on object 'Object Repository/IWP30/Page_VRelay30Emulator/UDF10'

05-10-2024T00:51:36 - [MESSAGE][PASSED] - Object: 'Object Repository/IWP30/Page_VRelay30Emulator/Submit' is clicked on

05-10-2024T00:51:41 - [MESSAGE][PASSED] - Browser is closed

05-10-2024T00:51:45 - [MESSAGE][PASSED] - iwpPages.emulatorIWP30.setDataEmulator_DD is PASSED

05-10-2024T00:51:45 - [TEST_STEP][PASSED] - testHarnessURL = urlTestHarness: null

05-10-2024T00:51:45 - [TEST_STEP][PASSED] - openBrowser(testHarnessURL): Browser is opened with url: 'https://dev-algorithm.govolution.com/vrelaytest/QA/version_2_2/vrelaytest.html'

05-10-2024T00:51:45 - [MESSAGE][INFO] - Starting 'Edge Chromium' driver

05-10-2024T00:51:45 - [MESSAGE][INFO] - User set preference: ['acceptInsecureCerts', 'true']

05-10-2024T00:51:47 - [MESSAGE][INFO] - Action delay is set to 0 milliseconds

05-10-2024T00:51:50 - [MESSAGE][PASSED] - Browser is opened with url: 'https://dev-algorithm.govolution.com/vrelaytest/QA/version_2_2/vrelaytest.html'

05-10-2024T00:51:50 - [TEST_STEP][PASSED] - maximizeWindow(): Current window maximized

05-10-2024T00:51:50 - [MESSAGE][PASSED] - Current window maximized

05-10-2024T00:51:50 - [TEST_STEP][PASSED] - iwpPages.TestHarnessPage.setDataMethod(row, dataFile): iwpPages.TestHarnessPage.setDataMethod is PASSED

05-10-2024T00:51:50 - [MESSAGE][PASSED] - Object 'Object Repository/IWP30/Page_QATestHarness/RemittanceID' is present

05-10-2024T00:51:51 - [MESSAGE][PASSED] - Text '639' is set on object 'Object Repository/IWP30/Page_QATestHarness/ApplicationID'

05-10-2024T00:51:52 - [MESSAGE][PASSED] - Text '2.5' is set on object 'Object Repository/IWP30/Page_QATestHarness/MessageVersion'

05-10-2024T00:51:52 - [MESSAGE][PASSED] - Text 'GN1i7LbmyF66' is set on object 'Object Repository/IWP30/Page_QATestHarness/RemittanceID'

05-10-2024T00:51:55 - [MESSAGE][PASSED] - Object: 'Object Repository/IWP30/Page_QATestHarness/SubmitButton' is clicked on

05-10-2024T00:51:55 - [MESSAGE][PASSED] - iwpPages.TestHarnessPage.setDataMethod is PASSED

05-10-2024T00:51:55 - [TEST_STEP][PASSED] - click(findTestObject("Object Repository/IWP30/Page_SelectPaymentMethod/PayByCreditCard")): Object: 'Object Repository/IWP30/Page_SelectPaymentMethod/PayByCreditCard' is clicked on

05-10-2024T00:51:56 - [MESSAGE][PASSED] - Object: 'Object Repository/IWP30/Page_SelectPaymentMethod/PayByCreditCard' is clicked on

05-10-2024T00:51:56 - [TEST_STEP][PASSED] - click(findTestObject("Object Repository/IWP30/Page_SelectPaymentMethod/MakePaymentButton")): Object: 'Object Repository/IWP30/Page_SelectPaymentMethod/MakePaymentButton' is clicked on

05-10-2024T00:51:57 - [MESSAGE][PASSED] - Object: 'Object Repository/IWP30/Page_SelectPaymentMethod/MakePaymentButton' is clicked on

05-10-2024T00:51:57 - [TEST_STEP][PASSED] - iwpPages.ccPaymentEntryPage.setDataCCPM(row, dataFile): iwpPages.ccPaymentEntryPage.setDataCCPM is PASSED

05-10-2024T00:51:58 - [MESSAGE][PASSED] - Object 'Object Repository/IWP30/Page_CCPaymentEntry/Name' is present

05-10-2024T00:51:59 - [MESSAGE][PASSED] - All options with label 'Soccer' are selected in object 'Object Repository/IWP30/Page_CCPaymentEntry/UserDefined8' 

05-10-2024T00:51:59 - [MESSAGE][PASSED] - Object 'Object Repository/IWP30/Page_CCPaymentEntry/Name' is present

05-10-2024T00:51:59 - [MESSAGE][PASSED] - Object 'Object Repository/IWP30/Page_CCPaymentEntry/CardNumber' is present

05-10-2024T00:52:00 - [MESSAGE][PASSED] - Text '5146312200000035' is set on object 'Object Repository/IWP30/Page_CCPaymentEntry/CardNumber'

05-10-2024T00:52:01 - [MESSAGE][PASSED] - Text '123' is set on object 'Object Repository/IWP30/Page_CCPaymentEntry/SPC'

05-10-2024T00:52:01 - [MESSAGE][PASSED] - Object 'Object Repository/IWP30/Page_CCPaymentEntry/Month' is present

05-10-2024T00:52:02 - [MESSAGE][PASSED] - All options with label '09' are selected in object 'Object Repository/IWP30/Page_CCPaymentEntry/Month' 

05-10-2024T00:52:02 - [MESSAGE][PASSED] - Object 'Object Repository/IWP30/Page_CCPaymentEntry/Year' is present

05-10-2024T00:52:02 - [MESSAGE][PASSED] - All options with label '2028' are selected in object 'Object Repository/IWP30/Page_CCPaymentEntry/Year' 

05-10-2024T00:52:03 - [MESSAGE][PASSED] - Object 'Object Repository/IWP30/Page_CCPaymentEntry/EmailAddress' is present

05-10-2024T00:52:03 - [MESSAGE][PASSED] - Object 'Object Repository/IWP30/Page_CCPaymentEntry/TermCondCheckBox' is present

05-10-2024T00:52:03 - [MESSAGE][PASSED] - Object 'Object Repository/IWP30/Page_CCPaymentEntry/TermCondCheckBox' is checked

05-10-2024T00:52:03 - [MESSAGE][PASSED] - Object 'Object Repository/IWP30/Page_CCPaymentEntry/ContinueButton' is present

05-10-2024T00:52:05 - [MESSAGE][PASSED] - Object: 'Object Repository/IWP30/Page_CCPaymentEntry/ContinueButton' is clicked on

05-10-2024T00:52:05 - [MESSAGE][PASSED] - iwpPages.ccPaymentEntryPage.setDataCCPM is PASSED

05-10-2024T00:52:05 - [TEST_STEP][PASSED] - click(findTestObject("Object Repository/IWP30/Page_Confirmation/ConfirmButton")): Object: 'Object Repository/IWP30/Page_Confirmation/ConfirmButton' is clicked on

05-10-2024T00:52:06 - [MESSAGE][PASSED] - Object: 'Object Repository/IWP30/Page_Confirmation/ConfirmButton' is clicked on

05-10-2024T00:52:06 - [TEST_STEP][PASSED] - Thread.sleep(5000): null

05-10-2024T00:52:11 - [TEST_STEP][PASSED] - if (verifyTextPresent("Make a Real Estate Payment", false)): null

05-10-2024T00:52:11 - [MESSAGE][PASSED] - Text 'Make a Real Estate Payment' is present on page 

05-10-2024T00:52:11 - [TEST_STEP][PASSED] - isRequiredTextPresent = true: null

05-10-2024T00:52:11 - [TEST_STEP][PASSED] - println(isRequiredTextPresent): null

05-10-2024T00:52:11 - [TEST_STEP][PASSED] - if (isRequiredTextPresent): null

05-10-2024T00:52:11 - [TEST_STEP][PASSED] - if (verifyTextPresent("This transaction is subject to a Convenience Fees of $2.00.", false)): null

05-10-2024T00:52:12 - [MESSAGE][PASSED] - Text 'This transaction is subject to a Convenience Fees of $2.00.' is present on page 

05-10-2024T00:52:12 - [TEST_STEP][PASSED] - isRequiredTextPresent = true: null

05-10-2024T00:52:12 - [TEST_STEP][PASSED] - println(isRequiredTextPresent): null

05-10-2024T00:52:12 - [TEST_STEP][PASSED] - if (isRequiredTextPresent): null

05-10-2024T00:52:12 - [TEST_STEP][PASSED] - if (verifyTextPresent("Payment Amount:  $10.50", false)): null

05-10-2024T00:52:12 - [MESSAGE][PASSED] - Text 'Payment Amount:  $10.50' is present on page 

05-10-2024T00:52:12 - [TEST_STEP][PASSED] - isRequiredTextPresent = true: null

05-10-2024T00:52:12 - [TEST_STEP][PASSED] - if (isRequiredTextPresent): null

05-10-2024T00:52:12 - [TEST_STEP][PASSED] - if (verifyTextPresent("Convenience Fees:  $2.00", false)): null

05-10-2024T00:52:12 - [MESSAGE][PASSED] - Text 'Convenience Fees:  $2.00' is present on page 

05-10-2024T00:52:12 - [TEST_STEP][PASSED] - isRequiredTextPresent = true: null

05-10-2024T00:52:12 - [TEST_STEP][PASSED] - if (isRequiredTextPresent): null

05-10-2024T00:52:12 - [TEST_STEP][PASSED] - if (verifyTextPresent("Total Amount:  $12.50", false)): null

05-10-2024T00:52:12 - [MESSAGE][PASSED] - Text 'Total Amount:  $12.50' is present on page 

05-10-2024T00:52:12 - [TEST_STEP][PASSED] - isRequiredTextPresent = true: null

05-10-2024T00:52:12 - [TEST_STEP][PASSED] - if (isRequiredTextPresent): null

05-10-2024T00:52:12 - [TEST_STEP][PASSED] - if (verifyTextPresent("One transaction in the amount of $12.50 will appear on your bank statement.", false)): null

05-10-2024T00:52:13 - [MESSAGE][PASSED] - Text 'One transaction in the amount of $12.50 will appear on your bank statement.' is present on page 

05-10-2024T00:52:13 - [TEST_STEP][PASSED] - isRequiredTextPresent = true: null

05-10-2024T00:52:13 - [TEST_STEP][PASSED] - Thread.sleep(10000): null

05-10-2024T00:52:23 - [TEST_STEP][PASSED] - click(findTestObject("Object Repository/IWP30/Page_ConvenienceFees/btn_convFeeNotifyAction")): Object: 'Object Repository/IWP30/Page_ConvenienceFees/btn_convFeeNotifyAction' is clicked on

05-10-2024T00:52:24 - [MESSAGE][PASSED] - Object: 'Object Repository/IWP30/Page_ConvenienceFees/btn_convFeeNotifyAction' is clicked on

05-10-2024T00:52:24 - [TEST_STEP][PASSED] - Thread.sleep(10000): null

05-10-2024T00:52:34 - [TEST_STEP][PASSED] - if (verifyTextPresent("Successful Payment Receipt", false)): null

05-10-2024T00:52:35 - [MESSAGE][PASSED] - Text 'Successful Payment Receipt' is present on page 

05-10-2024T00:52:35 - [TEST_STEP][PASSED] - println("Successful Payment Receipt text is present on the Receipt page"): null

05-10-2024T00:52:35 - [TEST_STEP][PASSED] - markPassed("Successful Payment Receipt text is present on the Receipt page"): Successful Payment Receipt text is present on the Receipt page

05-10-2024T00:52:35 - [MESSAGE][PASSED] - Successful Payment Receipt text is present on the Receipt page

05-10-2024T00:52:35 - [TEST_STEP][PASSED] - resText = "Pass": null

05-10-2024T00:52:35 - [TEST_STEP][PASSED] - pages.WriteExcel.demoKey(resText, datText, resColumn, datCloumn, fileLoc, nameSheet, row): pages.WriteExcel.demoKey is PASSED

05-10-2024T00:52:35 - [MESSAGE][PASSED] - pages.WriteExcel.demoKey is PASSED

05-10-2024T00:52:35 - [TEST_STEP][PASSED] - closeBrowser(): Browser is closed

05-10-2024T00:52:35 - [MESSAGE][PASSED] - Browser is closed

05-10-2024T00:52:35 - [TEST_STEP][PASSED] - ExecuteTC = findTestData(dataFile).getValue("Execute", row): null

05-10-2024T00:52:35 - [TEST_STEP][PASSED] - out.println("Value of Execute is : " + ExecuteTC): null

05-10-2024T00:52:35 - [TEST_STEP][PASSED] - if (ExecuteTC.equalsIgnoreCase("Y")): null

05-10-2024T00:52:35 - [TEST_STEP][PASSED] - out.println("Begin Record Number: " + row): null

05-10-2024T00:52:35 - [TEST_STEP][PASSED] - today = new java.util.Date(): null

05-10-2024T00:52:35 - [TEST_STEP][PASSED] - println(today): null

05-10-2024T00:52:35 - [TEST_STEP][PASSED] - datText = today: null

05-10-2024T00:52:35 - [TEST_STEP][PASSED] - EmulatorDataKey = findTestData(dataFile).getValue("EmulatorData", row): null

05-10-2024T00:52:35 - [TEST_STEP][PASSED] - out.println("Value of Emulator Key is : " + EmulatorDataKey): null

05-10-2024T00:52:35 - [TEST_STEP][PASSED] - iwpPages.emulatorIWP30.setDataEmulator_DD(EmulatorDataKey): iwpPages.emulatorIWP30.setDataEmulator_DD is PASSED

05-10-2024T00:52:35 - [MESSAGE][INFO] - Starting 'Edge Chromium' driver

05-10-2024T00:52:35 - [MESSAGE][INFO] - User set preference: ['acceptInsecureCerts', 'true']

05-10-2024T00:52:37 - [MESSAGE][INFO] - Action delay is set to 0 milliseconds

05-10-2024T00:52:40 - [MESSAGE][PASSED] - Browser is opened with url: 'https://qa.velocitypayment.com/agency/config.do?action=editor&message_version=2_5'

05-10-2024T00:52:40 - [MESSAGE][PASSED] - Current window maximized

05-10-2024T00:52:41 - [MESSAGE][PASSED] - All options with value '2.5' are selected in object 'Object Repository/IWP30/Page_VRelay30Emulator/MV'  using regular expression

05-10-2024T00:52:42 - [MESSAGE][PASSED] - Text '10.50' is set on object 'Object Repository/IWP30/Page_VRelay30Emulator/Amount'

05-10-2024T00:52:43 - [MESSAGE][PASSED] - Text 'DnzjWeT2QjJd' is set on object 'Object Repository/IWP30/Page_VRelay30Emulator/CAN'

05-10-2024T00:52:43 - [MESSAGE][PASSED] - Text 'PayNow' is set on object 'Object Repository/IWP30/Page_VRelay30Emulator/Action'

05-10-2024T00:52:44 - [MESSAGE][PASSED] - Text 'en_US' is set on object 'Object Repository/IWP30/Page_VRelay30Emulator/Lang'

05-10-2024T00:52:44 - [MESSAGE][PASSED] - Text '' is set on object 'Object Repository/IWP30/Page_VRelay30Emulator/Fname'

05-10-2024T00:52:45 - [MESSAGE][PASSED] - Text '' is set on object 'Object Repository/IWP30/Page_VRelay30Emulator/Lname'

05-10-2024T00:52:46 - [MESSAGE][PASSED] - Text '' is set on object 'Object Repository/IWP30/Page_VRelay30Emulator/AL1'

05-10-2024T00:52:46 - [MESSAGE][PASSED] - Text '' is set on object 'Object Repository/IWP30/Page_VRelay30Emulator/AL2'

05-10-2024T00:52:47 - [MESSAGE][PASSED] - Text '' is set on object 'Object Repository/IWP30/Page_VRelay30Emulator/Country'

05-10-2024T00:52:47 - [MESSAGE][PASSED] - Text '' is set on object 'Object Repository/IWP30/Page_VRelay30Emulator/City'

05-10-2024T00:52:48 - [MESSAGE][PASSED] - Text '' is set on object 'Object Repository/IWP30/Page_VRelay30Emulator/State'

05-10-2024T00:52:48 - [MESSAGE][PASSED] - Text '' is set on object 'Object Repository/IWP30/Page_VRelay30Emulator/ZIP'

05-10-2024T00:52:49 - [MESSAGE][PASSED] - Text '' is set on object 'Object Repository/IWP30/Page_VRelay30Emulator/Order'

05-10-2024T00:52:50 - [MESSAGE][PASSED] - Text '' is set on object 'Object Repository/IWP30/Page_VRelay30Emulator/Company'

05-10-2024T00:52:50 - [MESSAGE][PASSED] - Text '' is set on object 'Object Repository/IWP30/Page_VRelay30Emulator/Email'

05-10-2024T00:52:51 - [MESSAGE][PASSED] - Text '' is set on object 'Object Repository/IWP30/Page_VRelay30Emulator/UDF1'

05-10-2024T00:52:51 - [MESSAGE][PASSED] - Text '' is set on object 'Object Repository/IWP30/Page_VRelay30Emulator/UDF2'

05-10-2024T00:52:52 - [MESSAGE][PASSED] - Text '' is set on object 'Object Repository/IWP30/Page_VRelay30Emulator/UDF3'

05-10-2024T00:52:52 - [MESSAGE][PASSED] - Text 'udf data 4' is set on object 'Object Repository/IWP30/Page_VRelay30Emulator/UDF4'

05-10-2024T00:52:53 - [MESSAGE][PASSED] - Text 'udf data 5' is set on object 'Object Repository/IWP30/Page_VRelay30Emulator/UDF5'

05-10-2024T00:52:54 - [MESSAGE][PASSED] - Text '' is set on object 'Object Repository/IWP30/Page_VRelay30Emulator/UDF6'

05-10-2024T00:52:54 - [MESSAGE][PASSED] - Text '' is set on object 'Object Repository/IWP30/Page_VRelay30Emulator/UDF7'

05-10-2024T00:52:55 - [MESSAGE][PASSED] - Text '' is set on object 'Object Repository/IWP30/Page_VRelay30Emulator/UDF8'

05-10-2024T00:52:55 - [MESSAGE][PASSED] - Text 'udf data 9' is set on object 'Object Repository/IWP30/Page_VRelay30Emulator/UDF9'

05-10-2024T00:52:56 - [MESSAGE][PASSED] - Text 'udf data 10' is set on object 'Object Repository/IWP30/Page_VRelay30Emulator/UDF10'

05-10-2024T00:52:57 - [MESSAGE][PASSED] - Object: 'Object Repository/IWP30/Page_VRelay30Emulator/Submit' is clicked on

05-10-2024T00:53:01 - [MESSAGE][PASSED] - Browser is closed

05-10-2024T00:53:05 - [MESSAGE][PASSED] - iwpPages.emulatorIWP30.setDataEmulator_DD is PASSED

05-10-2024T00:53:05 - [TEST_STEP][PASSED] - testHarnessURL = urlTestHarness: null

05-10-2024T00:53:05 - [TEST_STEP][PASSED] - openBrowser(testHarnessURL): Browser is opened with url: 'https://dev-algorithm.govolution.com/vrelaytest/QA/version_2_2/vrelaytest.html'

05-10-2024T00:53:05 - [MESSAGE][INFO] - Starting 'Edge Chromium' driver

05-10-2024T00:53:05 - [MESSAGE][INFO] - User set preference: ['acceptInsecureCerts', 'true']

05-10-2024T00:53:07 - [MESSAGE][INFO] - Action delay is set to 0 milliseconds

05-10-2024T00:53:11 - [MESSAGE][PASSED] - Browser is opened with url: 'https://dev-algorithm.govolution.com/vrelaytest/QA/version_2_2/vrelaytest.html'

05-10-2024T00:53:11 - [TEST_STEP][PASSED] - maximizeWindow(): Current window maximized

05-10-2024T00:53:11 - [MESSAGE][PASSED] - Current window maximized

05-10-2024T00:53:11 - [TEST_STEP][PASSED] - iwpPages.TestHarnessPage.setDataMethod(row, dataFile): iwpPages.TestHarnessPage.setDataMethod is PASSED

05-10-2024T00:53:11 - [MESSAGE][PASSED] - Object 'Object Repository/IWP30/Page_QATestHarness/RemittanceID' is present

05-10-2024T00:53:12 - [MESSAGE][PASSED] - Text '639' is set on object 'Object Repository/IWP30/Page_QATestHarness/ApplicationID'

05-10-2024T00:53:12 - [MESSAGE][PASSED] - Text '2.5' is set on object 'Object Repository/IWP30/Page_QATestHarness/MessageVersion'

05-10-2024T00:53:13 - [MESSAGE][PASSED] - Text 'FWVQVq2d1SYi' is set on object 'Object Repository/IWP30/Page_QATestHarness/RemittanceID'

05-10-2024T00:53:16 - [MESSAGE][PASSED] - Object: 'Object Repository/IWP30/Page_QATestHarness/SubmitButton' is clicked on

05-10-2024T00:53:16 - [MESSAGE][PASSED] - iwpPages.TestHarnessPage.setDataMethod is PASSED

05-10-2024T00:53:16 - [TEST_STEP][PASSED] - click(findTestObject("Object Repository/IWP30/Page_SelectPaymentMethod/PayByCreditCard")): Object: 'Object Repository/IWP30/Page_SelectPaymentMethod/PayByCreditCard' is clicked on

05-10-2024T00:53:17 - [MESSAGE][PASSED] - Object: 'Object Repository/IWP30/Page_SelectPaymentMethod/PayByCreditCard' is clicked on

05-10-2024T00:53:17 - [TEST_STEP][PASSED] - click(findTestObject("Object Repository/IWP30/Page_SelectPaymentMethod/MakePaymentButton")): Object: 'Object Repository/IWP30/Page_SelectPaymentMethod/MakePaymentButton' is clicked on

05-10-2024T00:53:18 - [MESSAGE][PASSED] - Object: 'Object Repository/IWP30/Page_SelectPaymentMethod/MakePaymentButton' is clicked on

05-10-2024T00:53:18 - [TEST_STEP][PASSED] - iwpPages.ccPaymentEntryPage.setDataCCPM(row, dataFile): iwpPages.ccPaymentEntryPage.setDataCCPM is PASSED

05-10-2024T00:53:19 - [MESSAGE][PASSED] - Object 'Object Repository/IWP30/Page_CCPaymentEntry/Name' is present

05-10-2024T00:53:20 - [MESSAGE][PASSED] - Text '10.50' is set on object 'Object Repository/IWP30/Page_CCPaymentEntry/Amount'

05-10-2024T00:53:20 - [MESSAGE][PASSED] - Text 'udf data 2' is set on object 'Object Repository/IWP30/Page_CCPaymentEntry/UserDefined2'

05-10-2024T00:53:21 - [MESSAGE][PASSED] - Text 'udf data 3' is set on object 'Object Repository/IWP30/Page_CCPaymentEntry/UserDefined3'

05-10-2024T00:53:22 - [MESSAGE][PASSED] - All options with label 'Orange' are selected in object 'Object Repository/IWP30/Page_CCPaymentEntry/UserDefined7' 

05-10-2024T00:53:22 - [MESSAGE][PASSED] - All options with label 'Soccer' are selected in object 'Object Repository/IWP30/Page_CCPaymentEntry/UserDefined8' 

05-10-2024T00:53:22 - [MESSAGE][PASSED] - Object 'Object Repository/IWP30/Page_CCPaymentEntry/Name' is present

05-10-2024T00:53:23 - [MESSAGE][PASSED] - Text 'Kavita Ranawati' is set on object 'Object Repository/IWP30/Page_CCPaymentEntry/Name'

05-10-2024T00:53:23 - [MESSAGE][PASSED] - Object 'Object Repository/IWP30/Page_CCPaymentEntry/CardNumber' is present

05-10-2024T00:53:24 - [MESSAGE][PASSED] - Text '4111111111111111' is set on object 'Object Repository/IWP30/Page_CCPaymentEntry/CardNumber'

05-10-2024T00:53:24 - [MESSAGE][PASSED] - Text '123' is set on object 'Object Repository/IWP30/Page_CCPaymentEntry/SPC'

05-10-2024T00:53:25 - [MESSAGE][PASSED] - Object 'Object Repository/IWP30/Page_CCPaymentEntry/Month' is present

05-10-2024T00:53:26 - [MESSAGE][PASSED] - All options with label '09' are selected in object 'Object Repository/IWP30/Page_CCPaymentEntry/Month' 

05-10-2024T00:53:26 - [MESSAGE][PASSED] - Object 'Object Repository/IWP30/Page_CCPaymentEntry/Year' is present

05-10-2024T00:53:27 - [MESSAGE][PASSED] - All options with label '2028' are selected in object 'Object Repository/IWP30/Page_CCPaymentEntry/Year' 

05-10-2024T00:53:27 - [MESSAGE][PASSED] - Text '365 Main Avenue' is set on object 'Object Repository/IWP30/Page_CCPaymentEntry/AL1'

05-10-2024T00:53:28 - [MESSAGE][PASSED] - Text '22201' is set on object 'Object Repository/IWP30/Page_CCPaymentEntry/ZIP'

05-10-2024T00:53:28 - [MESSAGE][PASSED] - Object 'Object Repository/IWP30/Page_CCPaymentEntry/EmailAddress' is present

05-10-2024T00:53:29 - [MESSAGE][PASSED] - Text 'iahmed@govolution.com' is set on object 'Object Repository/IWP30/Page_CCPaymentEntry/EmailAddress'

05-10-2024T00:53:29 - [MESSAGE][PASSED] - Object 'Object Repository/IWP30/Page_CCPaymentEntry/TermCondCheckBox' is present

05-10-2024T00:53:30 - [MESSAGE][PASSED] - Object 'Object Repository/IWP30/Page_CCPaymentEntry/TermCondCheckBox' is checked

05-10-2024T00:53:30 - [MESSAGE][PASSED] - Object 'Object Repository/IWP30/Page_CCPaymentEntry/ContinueButton' is present

05-10-2024T00:53:31 - [MESSAGE][PASSED] - Object: 'Object Repository/IWP30/Page_CCPaymentEntry/ContinueButton' is clicked on

05-10-2024T00:53:31 - [MESSAGE][PASSED] - iwpPages.ccPaymentEntryPage.setDataCCPM is PASSED

05-10-2024T00:53:31 - [TEST_STEP][PASSED] - click(findTestObject("Object Repository/IWP30/Page_Confirmation/ConfirmButton")): Object: 'Object Repository/IWP30/Page_Confirmation/ConfirmButton' is clicked on

05-10-2024T00:53:33 - [MESSAGE][PASSED] - Object: 'Object Repository/IWP30/Page_Confirmation/ConfirmButton' is clicked on

05-10-2024T00:53:33 - [TEST_STEP][PASSED] - Thread.sleep(5000): null

05-10-2024T00:53:38 - [TEST_STEP][PASSED] - if (verifyTextPresent("Make a Real Estate Payment", false)): null

05-10-2024T00:53:38 - [MESSAGE][PASSED] - Text 'Make a Real Estate Payment' is present on page 

05-10-2024T00:53:38 - [TEST_STEP][PASSED] - isRequiredTextPresent = true: null

05-10-2024T00:53:38 - [TEST_STEP][PASSED] - println(isRequiredTextPresent): null

05-10-2024T00:53:38 - [TEST_STEP][PASSED] - if (isRequiredTextPresent): null

05-10-2024T00:53:38 - [TEST_STEP][PASSED] - if (verifyTextPresent("This transaction is subject to a Convenience Fees of $2.00.", false)): null

05-10-2024T00:53:38 - [MESSAGE][PASSED] - Text 'This transaction is subject to a Convenience Fees of $2.00.' is present on page 

05-10-2024T00:53:38 - [TEST_STEP][PASSED] - isRequiredTextPresent = true: null

05-10-2024T00:53:38 - [TEST_STEP][PASSED] - println(isRequiredTextPresent): null

05-10-2024T00:53:38 - [TEST_STEP][PASSED] - if (isRequiredTextPresent): null

05-10-2024T00:53:38 - [TEST_STEP][PASSED] - if (verifyTextPresent("Payment Amount:  $10.50", false)): null

05-10-2024T00:53:39 - [MESSAGE][PASSED] - Text 'Payment Amount:  $10.50' is present on page 

05-10-2024T00:53:39 - [TEST_STEP][PASSED] - isRequiredTextPresent = true: null

05-10-2024T00:53:39 - [TEST_STEP][PASSED] - if (isRequiredTextPresent): null

05-10-2024T00:53:39 - [TEST_STEP][PASSED] - if (verifyTextPresent("Convenience Fees:  $2.00", false)): null

05-10-2024T00:53:39 - [MESSAGE][PASSED] - Text 'Convenience Fees:  $2.00' is present on page 

05-10-2024T00:53:39 - [TEST_STEP][PASSED] - isRequiredTextPresent = true: null

05-10-2024T00:53:39 - [TEST_STEP][PASSED] - if (isRequiredTextPresent): null

05-10-2024T00:53:39 - [TEST_STEP][PASSED] - if (verifyTextPresent("Total Amount:  $12.50", false)): null

05-10-2024T00:53:39 - [MESSAGE][PASSED] - Text 'Total Amount:  $12.50' is present on page 

05-10-2024T00:53:39 - [TEST_STEP][PASSED] - isRequiredTextPresent = true: null

05-10-2024T00:53:39 - [TEST_STEP][PASSED] - if (isRequiredTextPresent): null

05-10-2024T00:53:39 - [TEST_STEP][PASSED] - if (verifyTextPresent("One transaction in the amount of $12.50 will appear on your bank statement.", false)): null

05-10-2024T00:53:40 - [MESSAGE][PASSED] - Text 'One transaction in the amount of $12.50 will appear on your bank statement.' is present on page 

05-10-2024T00:53:40 - [TEST_STEP][PASSED] - isRequiredTextPresent = true: null

05-10-2024T00:53:40 - [TEST_STEP][PASSED] - Thread.sleep(10000): null

05-10-2024T00:53:50 - [TEST_STEP][PASSED] - click(findTestObject("Object Repository/IWP30/Page_ConvenienceFees/btn_convFeeNotifyAction")): Object: 'Object Repository/IWP30/Page_ConvenienceFees/btn_convFeeNotifyAction' is clicked on

05-10-2024T00:53:51 - [MESSAGE][PASSED] - Object: 'Object Repository/IWP30/Page_ConvenienceFees/btn_convFeeNotifyAction' is clicked on

05-10-2024T00:53:51 - [TEST_STEP][PASSED] - Thread.sleep(10000): null

05-10-2024T00:54:01 - [TEST_STEP][PASSED] - if (verifyTextPresent("Successful Payment Receipt", false)): null

05-10-2024T00:54:01 - [MESSAGE][PASSED] - Text 'Successful Payment Receipt' is present on page 

05-10-2024T00:54:01 - [TEST_STEP][PASSED] - println("Successful Payment Receipt text is present on the Receipt page"): null

05-10-2024T00:54:01 - [TEST_STEP][PASSED] - markPassed("Successful Payment Receipt text is present on the Receipt page"): Successful Payment Receipt text is present on the Receipt page

05-10-2024T00:54:01 - [MESSAGE][PASSED] - Successful Payment Receipt text is present on the Receipt page

05-10-2024T00:54:01 - [TEST_STEP][PASSED] - resText = "Pass": null

05-10-2024T00:54:01 - [TEST_STEP][PASSED] - pages.WriteExcel.demoKey(resText, datText, resColumn, datCloumn, fileLoc, nameSheet, row): pages.WriteExcel.demoKey is PASSED

05-10-2024T00:54:02 - [MESSAGE][PASSED] - pages.WriteExcel.demoKey is PASSED

05-10-2024T00:54:02 - [TEST_STEP][PASSED] - closeBrowser(): Browser is closed

05-10-2024T00:54:02 - [MESSAGE][PASSED] - Browser is closed]]></system-out>
         <system-err><![CDATA[]]></system-err>
      </testcase>
      <testcase name="Test Cases/IntegratedWeb/IWP25/Payments/PayNowPC" time="204.678" classname="Test Cases/IntegratedWeb/IWP25/Payments/PayNowPC" status="PASSED">
         <system-out><![CDATA[05-10-2024T00:54:02 - [TEST_CASE][PASSED] - Test Cases/IntegratedWeb/IWP25/Payments/PayNowPC: Test Cases/IntegratedWeb/IWP25/Payments/PayNowPC

05-10-2024T00:54:02 - [TEST_STEP][PASSED] - resText = "Fail": null

05-10-2024T00:54:02 - [TEST_STEP][PASSED] - resColumn = "Result": null

05-10-2024T00:54:02 - [TEST_STEP][PASSED] - datCloumn = "Date": null

05-10-2024T00:54:02 - [TEST_STEP][PASSED] - fileLoc = "KatalonData/IWPTestData/VRelay25Payments.xlsx": null

05-10-2024T00:54:02 - [TEST_STEP][PASSED] - numOfRows = <not implemented yet for class: org.codehaus.groovy.ast.expr.EmptyExpression>: null

05-10-2024T00:54:02 - [TEST_STEP][PASSED] - dataFile = <not implemented yet for class: org.codehaus.groovy.ast.expr.EmptyExpression>: null

05-10-2024T00:54:02 - [TEST_STEP][PASSED] - nameSheet = <not implemented yet for class: org.codehaus.groovy.ast.expr.EmptyExpression>: null

05-10-2024T00:54:02 - [TEST_STEP][PASSED] - dataFileEmulator = <not implemented yet for class: org.codehaus.groovy.ast.expr.EmptyExpression>: null

05-10-2024T00:54:02 - [TEST_STEP][PASSED] - isRequiredTextPresent = false: null

05-10-2024T00:54:02 - [TEST_STEP][PASSED] - nameSheet = "PayNowPC": null

05-10-2024T00:54:02 - [TEST_STEP][PASSED] - dataFile = "IWPTestData/IWP25PayNowPC": null

05-10-2024T00:54:02 - [TEST_STEP][PASSED] - dataFileEmulator = "IWPTestData/EmulatorData": null

05-10-2024T00:54:02 - [TEST_STEP][PASSED] - numOfRows = findTestData(dataFile).getRowNumbers(): null

05-10-2024T00:54:02 - [TEST_STEP][PASSED] - println("Number of Records: " + numOfRows): null

05-10-2024T00:54:02 - [TEST_STEP][PASSED] - for ([row = 1, row <= numOfRows, (row++)]): Browser is closed

05-10-2024T00:54:02 - [TEST_STEP][PASSED] - ExecuteTC = findTestData(dataFile).getValue("Execute", row): null

05-10-2024T00:54:02 - [TEST_STEP][PASSED] - out.println("Value of Execute is : " + ExecuteTC): null

05-10-2024T00:54:02 - [TEST_STEP][PASSED] - if (ExecuteTC.equalsIgnoreCase("Y")): null

05-10-2024T00:54:02 - [TEST_STEP][PASSED] - out.println("Begin Record Number: " + row): null

05-10-2024T00:54:02 - [TEST_STEP][PASSED] - today = new java.util.Date(): null

05-10-2024T00:54:02 - [TEST_STEP][PASSED] - println(today): null

05-10-2024T00:54:02 - [TEST_STEP][PASSED] - datText = today: null

05-10-2024T00:54:02 - [TEST_STEP][PASSED] - EmulatorDataKey = findTestData(dataFile).getValue("EmulatorData", row): null

05-10-2024T00:54:02 - [TEST_STEP][PASSED] - out.println("Value of Emulator Key is : " + EmulatorDataKey): null

05-10-2024T00:54:02 - [TEST_STEP][PASSED] - iwpPages.emulatorIWP30.setDataEmulator_DD(EmulatorDataKey): iwpPages.emulatorIWP30.setDataEmulator_DD is PASSED

05-10-2024T00:54:03 - [MESSAGE][INFO] - Starting 'Edge Chromium' driver

05-10-2024T00:54:03 - [MESSAGE][INFO] - User set preference: ['acceptInsecureCerts', 'true']

05-10-2024T00:54:05 - [MESSAGE][INFO] - Action delay is set to 0 milliseconds

05-10-2024T00:54:08 - [MESSAGE][PASSED] - Browser is opened with url: 'https://qa.velocitypayment.com/agency/config.do?action=editor&message_version=2_5'

05-10-2024T00:54:08 - [MESSAGE][PASSED] - Current window maximized

05-10-2024T00:54:09 - [MESSAGE][PASSED] - All options with value '2.5' are selected in object 'Object Repository/IWP30/Page_VRelay30Emulator/MV'  using regular expression

05-10-2024T00:54:10 - [MESSAGE][PASSED] - Text '10.50' is set on object 'Object Repository/IWP30/Page_VRelay30Emulator/Amount'

05-10-2024T00:54:10 - [MESSAGE][PASSED] - Text '0MCmHGFMbqvF' is set on object 'Object Repository/IWP30/Page_VRelay30Emulator/CAN'

05-10-2024T00:54:11 - [MESSAGE][PASSED] - Text 'PayNow' is set on object 'Object Repository/IWP30/Page_VRelay30Emulator/Action'

05-10-2024T00:54:12 - [MESSAGE][PASSED] - Text 'en_US' is set on object 'Object Repository/IWP30/Page_VRelay30Emulator/Lang'

05-10-2024T00:54:12 - [MESSAGE][PASSED] - Text '' is set on object 'Object Repository/IWP30/Page_VRelay30Emulator/Fname'

05-10-2024T00:54:13 - [MESSAGE][PASSED] - Text '' is set on object 'Object Repository/IWP30/Page_VRelay30Emulator/Lname'

05-10-2024T00:54:14 - [MESSAGE][PASSED] - Text '' is set on object 'Object Repository/IWP30/Page_VRelay30Emulator/AL1'

05-10-2024T00:54:14 - [MESSAGE][PASSED] - Text '' is set on object 'Object Repository/IWP30/Page_VRelay30Emulator/AL2'

05-10-2024T00:54:15 - [MESSAGE][PASSED] - Text '' is set on object 'Object Repository/IWP30/Page_VRelay30Emulator/Country'

05-10-2024T00:54:15 - [MESSAGE][PASSED] - Text '' is set on object 'Object Repository/IWP30/Page_VRelay30Emulator/City'

05-10-2024T00:54:16 - [MESSAGE][PASSED] - Text '' is set on object 'Object Repository/IWP30/Page_VRelay30Emulator/State'

05-10-2024T00:54:16 - [MESSAGE][PASSED] - Text '' is set on object 'Object Repository/IWP30/Page_VRelay30Emulator/ZIP'

05-10-2024T00:54:17 - [MESSAGE][PASSED] - Text '' is set on object 'Object Repository/IWP30/Page_VRelay30Emulator/Order'

05-10-2024T00:54:18 - [MESSAGE][PASSED] - Text '' is set on object 'Object Repository/IWP30/Page_VRelay30Emulator/Company'

05-10-2024T00:54:18 - [MESSAGE][PASSED] - Text '' is set on object 'Object Repository/IWP30/Page_VRelay30Emulator/Email'

05-10-2024T00:54:19 - [MESSAGE][PASSED] - Text '' is set on object 'Object Repository/IWP30/Page_VRelay30Emulator/UDF1'

05-10-2024T00:54:19 - [MESSAGE][PASSED] - Text '' is set on object 'Object Repository/IWP30/Page_VRelay30Emulator/UDF2'

05-10-2024T00:54:20 - [MESSAGE][PASSED] - Text '' is set on object 'Object Repository/IWP30/Page_VRelay30Emulator/UDF3'

05-10-2024T00:54:20 - [MESSAGE][PASSED] - Text 'udf data 4' is set on object 'Object Repository/IWP30/Page_VRelay30Emulator/UDF4'

05-10-2024T00:54:21 - [MESSAGE][PASSED] - Text 'udf data 5' is set on object 'Object Repository/IWP30/Page_VRelay30Emulator/UDF5'

05-10-2024T00:54:22 - [MESSAGE][PASSED] - Text '' is set on object 'Object Repository/IWP30/Page_VRelay30Emulator/UDF6'

05-10-2024T00:54:22 - [MESSAGE][PASSED] - Text '' is set on object 'Object Repository/IWP30/Page_VRelay30Emulator/UDF7'

05-10-2024T00:54:23 - [MESSAGE][PASSED] - Text '' is set on object 'Object Repository/IWP30/Page_VRelay30Emulator/UDF8'

05-10-2024T00:54:23 - [MESSAGE][PASSED] - Text 'udf data 9' is set on object 'Object Repository/IWP30/Page_VRelay30Emulator/UDF9'

05-10-2024T00:54:24 - [MESSAGE][PASSED] - Text 'udf data 10' is set on object 'Object Repository/IWP30/Page_VRelay30Emulator/UDF10'

05-10-2024T00:54:25 - [MESSAGE][PASSED] - Object: 'Object Repository/IWP30/Page_VRelay30Emulator/Submit' is clicked on

05-10-2024T00:54:29 - [MESSAGE][PASSED] - Browser is closed

05-10-2024T00:54:33 - [MESSAGE][PASSED] - iwpPages.emulatorIWP30.setDataEmulator_DD is PASSED

05-10-2024T00:54:33 - [TEST_STEP][PASSED] - testHarnessURL = urlTestHarness: null

05-10-2024T00:54:33 - [TEST_STEP][PASSED] - openBrowser(testHarnessURL): Browser is opened with url: 'https://dev-algorithm.govolution.com/vrelaytest/QA/version_2_2/vrelaytest.html'

05-10-2024T00:54:33 - [MESSAGE][INFO] - Starting 'Edge Chromium' driver

05-10-2024T00:54:33 - [MESSAGE][INFO] - User set preference: ['acceptInsecureCerts', 'true']

05-10-2024T00:54:35 - [MESSAGE][INFO] - Action delay is set to 0 milliseconds

05-10-2024T00:54:39 - [MESSAGE][PASSED] - Browser is opened with url: 'https://dev-algorithm.govolution.com/vrelaytest/QA/version_2_2/vrelaytest.html'

05-10-2024T00:54:39 - [TEST_STEP][PASSED] - maximizeWindow(): Current window maximized

05-10-2024T00:54:39 - [MESSAGE][PASSED] - Current window maximized

05-10-2024T00:54:39 - [TEST_STEP][PASSED] - iwpPages.TestHarnessPage.setDataMethod(row, dataFile): iwpPages.TestHarnessPage.setDataMethod is PASSED

05-10-2024T00:54:39 - [MESSAGE][PASSED] - Object 'Object Repository/IWP30/Page_QATestHarness/RemittanceID' is present

05-10-2024T00:54:40 - [MESSAGE][PASSED] - Text '638' is set on object 'Object Repository/IWP30/Page_QATestHarness/ApplicationID'

05-10-2024T00:54:40 - [MESSAGE][PASSED] - Text '2.5' is set on object 'Object Repository/IWP30/Page_QATestHarness/MessageVersion'

05-10-2024T00:54:41 - [MESSAGE][PASSED] - Text '9IFOm94trGhJ' is set on object 'Object Repository/IWP30/Page_QATestHarness/RemittanceID'

05-10-2024T00:54:44 - [MESSAGE][PASSED] - Object: 'Object Repository/IWP30/Page_QATestHarness/SubmitButton' is clicked on

05-10-2024T00:54:44 - [MESSAGE][PASSED] - iwpPages.TestHarnessPage.setDataMethod is PASSED

05-10-2024T00:54:44 - [TEST_STEP][PASSED] - click(findTestObject("Object Repository/IWP30/Page_SelectPaymentMethod/PayByPersonalCheck")): Object: 'Object Repository/IWP30/Page_SelectPaymentMethod/PayByPersonalCheck' is clicked on

05-10-2024T00:54:45 - [MESSAGE][PASSED] - Object: 'Object Repository/IWP30/Page_SelectPaymentMethod/PayByPersonalCheck' is clicked on

05-10-2024T00:54:45 - [TEST_STEP][PASSED] - click(findTestObject("Object Repository/IWP30/Page_SelectPaymentMethod/MakePaymentButton")): Object: 'Object Repository/IWP30/Page_SelectPaymentMethod/MakePaymentButton' is clicked on

05-10-2024T00:54:46 - [MESSAGE][PASSED] - Object: 'Object Repository/IWP30/Page_SelectPaymentMethod/MakePaymentButton' is clicked on

05-10-2024T00:54:46 - [TEST_STEP][PASSED] - iwpPages.achPersonalPaymentEntryPage.setDataACHPPM(row, dataFile): iwpPages.achPersonalPaymentEntryPage.setDataACHPPM is PASSED

05-10-2024T00:54:47 - [MESSAGE][PASSED] - Object 'Object Repository/IWP30/Page_ACHPersonalPaymentEntry/txt_accountNumber' is present

05-10-2024T00:54:48 - [MESSAGE][PASSED] - Text '10.50' is set on object 'Object Repository/IWP30/Page_ACHPersonalPaymentEntry/txt_Amount'

05-10-2024T00:54:48 - [MESSAGE][PASSED] - Object 'Object Repository/IWP30/Page_ACHPersonalPaymentEntry/txt_UDF2' is present

05-10-2024T00:54:48 - [MESSAGE][PASSED] - Text 'udf data 2' is set on object 'Object Repository/IWP30/Page_ACHPersonalPaymentEntry/txt_UDF2'

05-10-2024T00:54:49 - [MESSAGE][PASSED] - Text 'udf data 3' is set on object 'Object Repository/IWP30/Page_ACHPersonalPaymentEntry/txt_UDF3'

05-10-2024T00:54:50 - [MESSAGE][PASSED] - All options with label 'Orange' are selected in object 'Object Repository/IWP30/Page_ACHPersonalPaymentEntry/dd_UDF7' 

05-10-2024T00:54:50 - [MESSAGE][PASSED] - All options with label 'Soccer' are selected in object 'Object Repository/IWP30/Page_ACHPersonalPaymentEntry/dd_UDF8' 

05-10-2024T00:54:50 - [MESSAGE][PASSED] - Object 'Object Repository/IWP30/Page_ACHPersonalPaymentEntry/txt_Firstname' is present

05-10-2024T00:54:51 - [MESSAGE][PASSED] - Text 'Curlonty' is set on object 'Object Repository/IWP30/Page_ACHPersonalPaymentEntry/txt_Firstname'

05-10-2024T00:54:51 - [MESSAGE][PASSED] - Object 'Object Repository/IWP30/Page_ACHPersonalPaymentEntry/txt_Lastname' is present

05-10-2024T00:54:52 - [MESSAGE][PASSED] - Text 'Lachuga' is set on object 'Object Repository/IWP30/Page_ACHPersonalPaymentEntry/txt_Lastname'

05-10-2024T00:54:52 - [MESSAGE][PASSED] - Object 'Object Repository/IWP30/Page_ACHPersonalPaymentEntry/txt_routingNumber' is present

05-10-2024T00:54:53 - [MESSAGE][PASSED] - Text '256072691' is set on object 'Object Repository/IWP30/Page_ACHPersonalPaymentEntry/txt_routingNumber'

05-10-2024T00:54:53 - [MESSAGE][PASSED] - Object 'Object Repository/IWP30/Page_ACHPersonalPaymentEntry/txt_accountNumber' is present

05-10-2024T00:54:54 - [MESSAGE][PASSED] - Text '12342222' is set on object 'Object Repository/IWP30/Page_ACHPersonalPaymentEntry/txt_accountNumber'

05-10-2024T00:54:55 - [MESSAGE][PASSED] - Object 'Object Repository/IWP30/Page_ACHPersonalPaymentEntry/txt_confirmAccountNumber' is present

05-10-2024T00:54:55 - [MESSAGE][PASSED] - Text '12342222' is set on object 'Object Repository/IWP30/Page_ACHPersonalPaymentEntry/txt_confirmAccountNumber'

05-10-2024T00:54:56 - [MESSAGE][PASSED] - Object 'Object Repository/IWP30/Page_ACHPersonalPaymentEntry/rd_accountType' is present

05-10-2024T00:54:56 - [MESSAGE][PASSED] - Modify property of object successfully

05-10-2024T00:54:56 - [MESSAGE][PASSED] - Object: 'Object Repository/IWP30/Page_ACHPersonalPaymentEntry/rd_accountType' is clicked on

05-10-2024T00:54:57 - [MESSAGE][PASSED] - Text '365 Main Avenue' is set on object 'Object Repository/IWP30/Page_ACHPersonalPaymentEntry/txt_AL1'

05-10-2024T00:54:57 - [MESSAGE][PASSED] - Text '22201' is set on object 'Object Repository/IWP30/Page_ACHPersonalPaymentEntry/txt_ZIP'

05-10-2024T00:54:57 - [MESSAGE][PASSED] - Object 'Object Repository/IWP30/Page_ACHPersonalPaymentEntry/txt_Email' is present

05-10-2024T00:54:58 - [MESSAGE][PASSED] - Text 'iahmed@govolution.com' is set on object 'Object Repository/IWP30/Page_ACHPersonalPaymentEntry/txt_Email'

05-10-2024T00:54:59 - [MESSAGE][PASSED] - Object 'Object Repository/IWP30/Page_ACHPersonalPaymentEntry/cb_TermsAndCond' is present

05-10-2024T00:54:59 - [MESSAGE][PASSED] - Object: 'Object Repository/IWP30/Page_ACHPersonalPaymentEntry/cb_TermsAndCond' is clicked on

05-10-2024T00:54:59 - [MESSAGE][PASSED] - Object 'Object Repository/IWP30/Page_ACHPersonalPaymentEntry/btn_Continue' is present

05-10-2024T00:55:01 - [MESSAGE][PASSED] - Object: 'Object Repository/IWP30/Page_ACHPersonalPaymentEntry/btn_Continue' is clicked on

05-10-2024T00:55:01 - [MESSAGE][PASSED] - iwpPages.achPersonalPaymentEntryPage.setDataACHPPM is PASSED

05-10-2024T00:55:01 - [TEST_STEP][PASSED] - click(findTestObject("Object Repository/IWP30/Page_Confirmation/ConfirmButton")): Object: 'Object Repository/IWP30/Page_Confirmation/ConfirmButton' is clicked on

05-10-2024T00:55:02 - [MESSAGE][PASSED] - Object: 'Object Repository/IWP30/Page_Confirmation/ConfirmButton' is clicked on

05-10-2024T00:55:02 - [TEST_STEP][PASSED] - Thread.sleep(10000): null

05-10-2024T00:55:12 - [TEST_STEP][PASSED] - if (verifyTextPresent("Successful Payment Receipt", false)): null

05-10-2024T00:55:12 - [MESSAGE][PASSED] - Text 'Successful Payment Receipt' is present on page 

05-10-2024T00:55:12 - [TEST_STEP][PASSED] - println("Successful Payment Receipt text is present on the Receipt page"): null

05-10-2024T00:55:12 - [TEST_STEP][PASSED] - markPassed("Successful Payment Receipt text is present on the Receipt page"): Successful Payment Receipt text is present on the Receipt page

05-10-2024T00:55:12 - [MESSAGE][PASSED] - Successful Payment Receipt text is present on the Receipt page

05-10-2024T00:55:12 - [TEST_STEP][PASSED] - resText = "Pass": null

05-10-2024T00:55:12 - [TEST_STEP][PASSED] - pages.WriteExcel.demoKey(resText, datText, resColumn, datCloumn, fileLoc, nameSheet, row): pages.WriteExcel.demoKey is PASSED

05-10-2024T00:55:12 - [MESSAGE][PASSED] - pages.WriteExcel.demoKey is PASSED

05-10-2024T00:55:12 - [TEST_STEP][PASSED] - closeBrowser(): Browser is closed

05-10-2024T00:55:13 - [MESSAGE][PASSED] - Browser is closed

05-10-2024T00:55:13 - [TEST_STEP][PASSED] - ExecuteTC = findTestData(dataFile).getValue("Execute", row): null

05-10-2024T00:55:13 - [TEST_STEP][PASSED] - out.println("Value of Execute is : " + ExecuteTC): null

05-10-2024T00:55:13 - [TEST_STEP][PASSED] - if (ExecuteTC.equalsIgnoreCase("Y")): null

05-10-2024T00:55:13 - [TEST_STEP][PASSED] - out.println("Begin Record Number: " + row): null

05-10-2024T00:55:13 - [TEST_STEP][PASSED] - today = new java.util.Date(): null

05-10-2024T00:55:13 - [TEST_STEP][PASSED] - println(today): null

05-10-2024T00:55:13 - [TEST_STEP][PASSED] - datText = today: null

05-10-2024T00:55:13 - [TEST_STEP][PASSED] - EmulatorDataKey = findTestData(dataFile).getValue("EmulatorData", row): null

05-10-2024T00:55:13 - [TEST_STEP][PASSED] - out.println("Value of Emulator Key is : " + EmulatorDataKey): null

05-10-2024T00:55:13 - [TEST_STEP][PASSED] - iwpPages.emulatorIWP30.setDataEmulator_DD(EmulatorDataKey): iwpPages.emulatorIWP30.setDataEmulator_DD is PASSED

05-10-2024T00:55:13 - [MESSAGE][INFO] - Starting 'Edge Chromium' driver

05-10-2024T00:55:13 - [MESSAGE][INFO] - User set preference: ['acceptInsecureCerts', 'true']

05-10-2024T00:55:15 - [MESSAGE][INFO] - Action delay is set to 0 milliseconds

05-10-2024T00:55:18 - [MESSAGE][PASSED] - Browser is opened with url: 'https://qa.velocitypayment.com/agency/config.do?action=editor&message_version=2_5'

05-10-2024T00:55:18 - [MESSAGE][PASSED] - Current window maximized

05-10-2024T00:55:19 - [MESSAGE][PASSED] - All options with value '2.5' are selected in object 'Object Repository/IWP30/Page_VRelay30Emulator/MV'  using regular expression

05-10-2024T00:55:20 - [MESSAGE][PASSED] - Text '10.50' is set on object 'Object Repository/IWP30/Page_VRelay30Emulator/Amount'

05-10-2024T00:55:20 - [MESSAGE][PASSED] - Text '0YC4ZFjuv0xA' is set on object 'Object Repository/IWP30/Page_VRelay30Emulator/CAN'

05-10-2024T00:55:21 - [MESSAGE][PASSED] - Text 'PayNow' is set on object 'Object Repository/IWP30/Page_VRelay30Emulator/Action'

05-10-2024T00:55:22 - [MESSAGE][PASSED] - Text 'en_US' is set on object 'Object Repository/IWP30/Page_VRelay30Emulator/Lang'

05-10-2024T00:55:22 - [MESSAGE][PASSED] - Text 'Jasmine' is set on object 'Object Repository/IWP30/Page_VRelay30Emulator/Fname'

05-10-2024T00:55:23 - [MESSAGE][PASSED] - Text 'Patrinol' is set on object 'Object Repository/IWP30/Page_VRelay30Emulator/Lname'

05-10-2024T00:55:24 - [MESSAGE][PASSED] - Text '258 Underwood rd' is set on object 'Object Repository/IWP30/Page_VRelay30Emulator/AL1'

05-10-2024T00:55:24 - [MESSAGE][PASSED] - Text 'Suite 600' is set on object 'Object Repository/IWP30/Page_VRelay30Emulator/AL2'

05-10-2024T00:55:25 - [MESSAGE][PASSED] - Text '840' is set on object 'Object Repository/IWP30/Page_VRelay30Emulator/Country'

05-10-2024T00:55:25 - [MESSAGE][PASSED] - Text 'Arlington' is set on object 'Object Repository/IWP30/Page_VRelay30Emulator/City'

05-10-2024T00:55:26 - [MESSAGE][PASSED] - Text 'VA' is set on object 'Object Repository/IWP30/Page_VRelay30Emulator/State'

05-10-2024T00:55:26 - [MESSAGE][PASSED] - Text '22201' is set on object 'Object Repository/IWP30/Page_VRelay30Emulator/ZIP'

05-10-2024T00:55:27 - [MESSAGE][PASSED] - Text '' is set on object 'Object Repository/IWP30/Page_VRelay30Emulator/Order'

05-10-2024T00:55:28 - [MESSAGE][PASSED] - Text 'Some Company' is set on object 'Object Repository/IWP30/Page_VRelay30Emulator/Company'

05-10-2024T00:55:28 - [MESSAGE][PASSED] - Text 'iahmed@govolution.com' is set on object 'Object Repository/IWP30/Page_VRelay30Emulator/Email'

05-10-2024T00:55:29 - [MESSAGE][PASSED] - Text 'udf data 1' is set on object 'Object Repository/IWP30/Page_VRelay30Emulator/UDF1'

05-10-2024T00:55:29 - [MESSAGE][PASSED] - Text 'udf data 2' is set on object 'Object Repository/IWP30/Page_VRelay30Emulator/UDF2'

05-10-2024T00:55:30 - [MESSAGE][PASSED] - Text 'udf data 3' is set on object 'Object Repository/IWP30/Page_VRelay30Emulator/UDF3'

05-10-2024T00:55:31 - [MESSAGE][PASSED] - Text 'udf data 4' is set on object 'Object Repository/IWP30/Page_VRelay30Emulator/UDF4'

05-10-2024T00:55:31 - [MESSAGE][PASSED] - Text 'udf data 5' is set on object 'Object Repository/IWP30/Page_VRelay30Emulator/UDF5'

05-10-2024T00:55:32 - [MESSAGE][PASSED] - Text 'udf data 6' is set on object 'Object Repository/IWP30/Page_VRelay30Emulator/UDF6'

05-10-2024T00:55:32 - [MESSAGE][PASSED] - Text 'Orange' is set on object 'Object Repository/IWP30/Page_VRelay30Emulator/UDF7'

05-10-2024T00:55:33 - [MESSAGE][PASSED] - Text 'Soccer' is set on object 'Object Repository/IWP30/Page_VRelay30Emulator/UDF8'

05-10-2024T00:55:34 - [MESSAGE][PASSED] - Text 'udf data 9' is set on object 'Object Repository/IWP30/Page_VRelay30Emulator/UDF9'

05-10-2024T00:55:34 - [MESSAGE][PASSED] - Text 'udf data 10' is set on object 'Object Repository/IWP30/Page_VRelay30Emulator/UDF10'

05-10-2024T00:55:35 - [MESSAGE][PASSED] - Object: 'Object Repository/IWP30/Page_VRelay30Emulator/Submit' is clicked on

05-10-2024T00:55:40 - [MESSAGE][PASSED] - Browser is closed

05-10-2024T00:55:44 - [MESSAGE][PASSED] - iwpPages.emulatorIWP30.setDataEmulator_DD is PASSED

05-10-2024T00:55:44 - [TEST_STEP][PASSED] - testHarnessURL = urlTestHarness: null

05-10-2024T00:55:44 - [TEST_STEP][PASSED] - openBrowser(testHarnessURL): Browser is opened with url: 'https://dev-algorithm.govolution.com/vrelaytest/QA/version_2_2/vrelaytest.html'

05-10-2024T00:55:44 - [MESSAGE][INFO] - Starting 'Edge Chromium' driver

05-10-2024T00:55:44 - [MESSAGE][INFO] - User set preference: ['acceptInsecureCerts', 'true']

05-10-2024T00:55:46 - [MESSAGE][INFO] - Action delay is set to 0 milliseconds

05-10-2024T00:55:49 - [MESSAGE][PASSED] - Browser is opened with url: 'https://dev-algorithm.govolution.com/vrelaytest/QA/version_2_2/vrelaytest.html'

05-10-2024T00:55:49 - [TEST_STEP][PASSED] - maximizeWindow(): Current window maximized

05-10-2024T00:55:49 - [MESSAGE][PASSED] - Current window maximized

05-10-2024T00:55:49 - [TEST_STEP][PASSED] - iwpPages.TestHarnessPage.setDataMethod(row, dataFile): iwpPages.TestHarnessPage.setDataMethod is PASSED

05-10-2024T00:55:49 - [MESSAGE][PASSED] - Object 'Object Repository/IWP30/Page_QATestHarness/RemittanceID' is present

05-10-2024T00:55:50 - [MESSAGE][PASSED] - Text '638' is set on object 'Object Repository/IWP30/Page_QATestHarness/ApplicationID'

05-10-2024T00:55:51 - [MESSAGE][PASSED] - Text '2.5' is set on object 'Object Repository/IWP30/Page_QATestHarness/MessageVersion'

05-10-2024T00:55:51 - [MESSAGE][PASSED] - Text '6fzoVL9OhA4y' is set on object 'Object Repository/IWP30/Page_QATestHarness/RemittanceID'

05-10-2024T00:55:54 - [MESSAGE][PASSED] - Object: 'Object Repository/IWP30/Page_QATestHarness/SubmitButton' is clicked on

05-10-2024T00:55:54 - [MESSAGE][PASSED] - iwpPages.TestHarnessPage.setDataMethod is PASSED

05-10-2024T00:55:54 - [TEST_STEP][PASSED] - click(findTestObject("Object Repository/IWP30/Page_SelectPaymentMethod/PayByPersonalCheck")): Object: 'Object Repository/IWP30/Page_SelectPaymentMethod/PayByPersonalCheck' is clicked on

05-10-2024T00:55:55 - [MESSAGE][PASSED] - Object: 'Object Repository/IWP30/Page_SelectPaymentMethod/PayByPersonalCheck' is clicked on

05-10-2024T00:55:55 - [TEST_STEP][PASSED] - click(findTestObject("Object Repository/IWP30/Page_SelectPaymentMethod/MakePaymentButton")): Object: 'Object Repository/IWP30/Page_SelectPaymentMethod/MakePaymentButton' is clicked on

05-10-2024T00:55:57 - [MESSAGE][PASSED] - Object: 'Object Repository/IWP30/Page_SelectPaymentMethod/MakePaymentButton' is clicked on

05-10-2024T00:55:57 - [TEST_STEP][PASSED] - iwpPages.achPersonalPaymentEntryPage.setDataACHPPM(row, dataFile): iwpPages.achPersonalPaymentEntryPage.setDataACHPPM is PASSED

05-10-2024T00:55:58 - [MESSAGE][PASSED] - Object 'Object Repository/IWP30/Page_ACHPersonalPaymentEntry/txt_accountNumber' is present

05-10-2024T00:55:58 - [MESSAGE][PASSED] - Object 'Object Repository/IWP30/Page_ACHPersonalPaymentEntry/txt_UDF2' is present

05-10-2024T00:55:58 - [MESSAGE][PASSED] - All options with label 'Soccer' are selected in object 'Object Repository/IWP30/Page_ACHPersonalPaymentEntry/dd_UDF8' 

05-10-2024T00:55:59 - [MESSAGE][PASSED] - Object 'Object Repository/IWP30/Page_ACHPersonalPaymentEntry/txt_Firstname' is present

05-10-2024T00:55:59 - [MESSAGE][PASSED] - Object 'Object Repository/IWP30/Page_ACHPersonalPaymentEntry/txt_Lastname' is present

05-10-2024T00:55:59 - [MESSAGE][PASSED] - Object 'Object Repository/IWP30/Page_ACHPersonalPaymentEntry/txt_routingNumber' is present

05-10-2024T00:56:00 - [MESSAGE][PASSED] - Text '256072691' is set on object 'Object Repository/IWP30/Page_ACHPersonalPaymentEntry/txt_routingNumber'

05-10-2024T00:56:00 - [MESSAGE][PASSED] - Object 'Object Repository/IWP30/Page_ACHPersonalPaymentEntry/txt_accountNumber' is present

05-10-2024T00:56:01 - [MESSAGE][PASSED] - Text '12342222' is set on object 'Object Repository/IWP30/Page_ACHPersonalPaymentEntry/txt_accountNumber'

05-10-2024T00:56:01 - [MESSAGE][PASSED] - Object 'Object Repository/IWP30/Page_ACHPersonalPaymentEntry/txt_confirmAccountNumber' is present

05-10-2024T00:56:02 - [MESSAGE][PASSED] - Text '12342222' is set on object 'Object Repository/IWP30/Page_ACHPersonalPaymentEntry/txt_confirmAccountNumber'

05-10-2024T00:56:02 - [MESSAGE][PASSED] - Object 'Object Repository/IWP30/Page_ACHPersonalPaymentEntry/rd_accountType' is present

05-10-2024T00:56:02 - [MESSAGE][PASSED] - Modify property of object successfully

05-10-2024T00:56:02 - [MESSAGE][PASSED] - Object: 'Object Repository/IWP30/Page_ACHPersonalPaymentEntry/rd_accountType' is clicked on

05-10-2024T00:56:03 - [MESSAGE][PASSED] - Object 'Object Repository/IWP30/Page_ACHPersonalPaymentEntry/txt_Email' is present

05-10-2024T00:56:03 - [MESSAGE][PASSED] - Object 'Object Repository/IWP30/Page_ACHPersonalPaymentEntry/cb_TermsAndCond' is present

05-10-2024T00:56:03 - [MESSAGE][PASSED] - Object: 'Object Repository/IWP30/Page_ACHPersonalPaymentEntry/cb_TermsAndCond' is clicked on

05-10-2024T00:56:03 - [MESSAGE][PASSED] - Object 'Object Repository/IWP30/Page_ACHPersonalPaymentEntry/btn_Continue' is present

05-10-2024T00:56:05 - [MESSAGE][PASSED] - Object: 'Object Repository/IWP30/Page_ACHPersonalPaymentEntry/btn_Continue' is clicked on

05-10-2024T00:56:05 - [MESSAGE][PASSED] - iwpPages.achPersonalPaymentEntryPage.setDataACHPPM is PASSED

05-10-2024T00:56:05 - [TEST_STEP][PASSED] - click(findTestObject("Object Repository/IWP30/Page_Confirmation/ConfirmButton")): Object: 'Object Repository/IWP30/Page_Confirmation/ConfirmButton' is clicked on

05-10-2024T00:56:06 - [MESSAGE][PASSED] - Object: 'Object Repository/IWP30/Page_Confirmation/ConfirmButton' is clicked on

05-10-2024T00:56:06 - [TEST_STEP][PASSED] - Thread.sleep(10000): null

05-10-2024T00:56:16 - [TEST_STEP][PASSED] - if (verifyTextPresent("Successful Payment Receipt", false)): null

05-10-2024T00:56:16 - [MESSAGE][PASSED] - Text 'Successful Payment Receipt' is present on page 

05-10-2024T00:56:16 - [TEST_STEP][PASSED] - println("Successful Payment Receipt text is present on the Receipt page"): null

05-10-2024T00:56:16 - [TEST_STEP][PASSED] - markPassed("Successful Payment Receipt text is present on the Receipt page"): Successful Payment Receipt text is present on the Receipt page

05-10-2024T00:56:16 - [MESSAGE][PASSED] - Successful Payment Receipt text is present on the Receipt page

05-10-2024T00:56:16 - [TEST_STEP][PASSED] - resText = "Pass": null

05-10-2024T00:56:16 - [TEST_STEP][PASSED] - pages.WriteExcel.demoKey(resText, datText, resColumn, datCloumn, fileLoc, nameSheet, row): pages.WriteExcel.demoKey is PASSED

05-10-2024T00:56:16 - [MESSAGE][PASSED] - pages.WriteExcel.demoKey is PASSED

05-10-2024T00:56:16 - [TEST_STEP][PASSED] - closeBrowser(): Browser is closed

05-10-2024T00:56:17 - [MESSAGE][PASSED] - Browser is closed

05-10-2024T00:56:17 - [TEST_STEP][PASSED] - ExecuteTC = findTestData(dataFile).getValue("Execute", row): null

05-10-2024T00:56:17 - [TEST_STEP][PASSED] - out.println("Value of Execute is : " + ExecuteTC): null

05-10-2024T00:56:17 - [TEST_STEP][PASSED] - if (ExecuteTC.equalsIgnoreCase("Y")): null

05-10-2024T00:56:17 - [TEST_STEP][PASSED] - out.println("Begin Record Number: " + row): null

05-10-2024T00:56:17 - [TEST_STEP][PASSED] - today = new java.util.Date(): null

05-10-2024T00:56:17 - [TEST_STEP][PASSED] - println(today): null

05-10-2024T00:56:17 - [TEST_STEP][PASSED] - datText = today: null

05-10-2024T00:56:17 - [TEST_STEP][PASSED] - EmulatorDataKey = findTestData(dataFile).getValue("EmulatorData", row): null

05-10-2024T00:56:17 - [TEST_STEP][PASSED] - out.println("Value of Emulator Key is : " + EmulatorDataKey): null

05-10-2024T00:56:17 - [TEST_STEP][PASSED] - iwpPages.emulatorIWP30.setDataEmulator_DD(EmulatorDataKey): iwpPages.emulatorIWP30.setDataEmulator_DD is PASSED

05-10-2024T00:56:17 - [MESSAGE][INFO] - Starting 'Edge Chromium' driver

05-10-2024T00:56:17 - [MESSAGE][INFO] - User set preference: ['acceptInsecureCerts', 'true']

05-10-2024T00:56:19 - [MESSAGE][INFO] - Action delay is set to 0 milliseconds

05-10-2024T00:56:22 - [MESSAGE][PASSED] - Browser is opened with url: 'https://qa.velocitypayment.com/agency/config.do?action=editor&message_version=2_5'

05-10-2024T00:56:22 - [MESSAGE][PASSED] - Current window maximized

05-10-2024T00:56:23 - [MESSAGE][PASSED] - All options with value '2.5' are selected in object 'Object Repository/IWP30/Page_VRelay30Emulator/MV'  using regular expression

05-10-2024T00:56:24 - [MESSAGE][PASSED] - Text '10.50' is set on object 'Object Repository/IWP30/Page_VRelay30Emulator/Amount'

05-10-2024T00:56:25 - [MESSAGE][PASSED] - Text 'yViPULwEAXij' is set on object 'Object Repository/IWP30/Page_VRelay30Emulator/CAN'

05-10-2024T00:56:25 - [MESSAGE][PASSED] - Text 'PayNow' is set on object 'Object Repository/IWP30/Page_VRelay30Emulator/Action'

05-10-2024T00:56:26 - [MESSAGE][PASSED] - Text 'en_US' is set on object 'Object Repository/IWP30/Page_VRelay30Emulator/Lang'

05-10-2024T00:56:27 - [MESSAGE][PASSED] - Text '' is set on object 'Object Repository/IWP30/Page_VRelay30Emulator/Fname'

05-10-2024T00:56:27 - [MESSAGE][PASSED] - Text '' is set on object 'Object Repository/IWP30/Page_VRelay30Emulator/Lname'

05-10-2024T00:56:28 - [MESSAGE][PASSED] - Text '' is set on object 'Object Repository/IWP30/Page_VRelay30Emulator/AL1'

05-10-2024T00:56:28 - [MESSAGE][PASSED] - Text '' is set on object 'Object Repository/IWP30/Page_VRelay30Emulator/AL2'

05-10-2024T00:56:29 - [MESSAGE][PASSED] - Text '' is set on object 'Object Repository/IWP30/Page_VRelay30Emulator/Country'

05-10-2024T00:56:29 - [MESSAGE][PASSED] - Text '' is set on object 'Object Repository/IWP30/Page_VRelay30Emulator/City'

05-10-2024T00:56:30 - [MESSAGE][PASSED] - Text '' is set on object 'Object Repository/IWP30/Page_VRelay30Emulator/State'

05-10-2024T00:56:31 - [MESSAGE][PASSED] - Text '' is set on object 'Object Repository/IWP30/Page_VRelay30Emulator/ZIP'

05-10-2024T00:56:31 - [MESSAGE][PASSED] - Text '' is set on object 'Object Repository/IWP30/Page_VRelay30Emulator/Order'

05-10-2024T00:56:32 - [MESSAGE][PASSED] - Text '' is set on object 'Object Repository/IWP30/Page_VRelay30Emulator/Company'

05-10-2024T00:56:32 - [MESSAGE][PASSED] - Text '' is set on object 'Object Repository/IWP30/Page_VRelay30Emulator/Email'

05-10-2024T00:56:33 - [MESSAGE][PASSED] - Text '' is set on object 'Object Repository/IWP30/Page_VRelay30Emulator/UDF1'

05-10-2024T00:56:34 - [MESSAGE][PASSED] - Text '' is set on object 'Object Repository/IWP30/Page_VRelay30Emulator/UDF2'

05-10-2024T00:56:34 - [MESSAGE][PASSED] - Text '' is set on object 'Object Repository/IWP30/Page_VRelay30Emulator/UDF3'

05-10-2024T00:56:35 - [MESSAGE][PASSED] - Text 'udf data 4' is set on object 'Object Repository/IWP30/Page_VRelay30Emulator/UDF4'

05-10-2024T00:56:35 - [MESSAGE][PASSED] - Text 'udf data 5' is set on object 'Object Repository/IWP30/Page_VRelay30Emulator/UDF5'

05-10-2024T00:56:36 - [MESSAGE][PASSED] - Text '' is set on object 'Object Repository/IWP30/Page_VRelay30Emulator/UDF6'

05-10-2024T00:56:36 - [MESSAGE][PASSED] - Text '' is set on object 'Object Repository/IWP30/Page_VRelay30Emulator/UDF7'

05-10-2024T00:56:37 - [MESSAGE][PASSED] - Text '' is set on object 'Object Repository/IWP30/Page_VRelay30Emulator/UDF8'

05-10-2024T00:56:38 - [MESSAGE][PASSED] - Text 'udf data 9' is set on object 'Object Repository/IWP30/Page_VRelay30Emulator/UDF9'

05-10-2024T00:56:38 - [MESSAGE][PASSED] - Text 'udf data 10' is set on object 'Object Repository/IWP30/Page_VRelay30Emulator/UDF10'

05-10-2024T00:56:39 - [MESSAGE][PASSED] - Object: 'Object Repository/IWP30/Page_VRelay30Emulator/Submit' is clicked on

05-10-2024T00:56:44 - [MESSAGE][PASSED] - Browser is closed

05-10-2024T00:56:48 - [MESSAGE][PASSED] - iwpPages.emulatorIWP30.setDataEmulator_DD is PASSED

05-10-2024T00:56:48 - [TEST_STEP][PASSED] - testHarnessURL = urlTestHarness: null

05-10-2024T00:56:48 - [TEST_STEP][PASSED] - openBrowser(testHarnessURL): Browser is opened with url: 'https://dev-algorithm.govolution.com/vrelaytest/QA/version_2_2/vrelaytest.html'

05-10-2024T00:56:48 - [MESSAGE][INFO] - Starting 'Edge Chromium' driver

05-10-2024T00:56:48 - [MESSAGE][INFO] - User set preference: ['acceptInsecureCerts', 'true']

05-10-2024T00:56:50 - [MESSAGE][INFO] - Action delay is set to 0 milliseconds

05-10-2024T00:56:54 - [MESSAGE][PASSED] - Browser is opened with url: 'https://dev-algorithm.govolution.com/vrelaytest/QA/version_2_2/vrelaytest.html'

05-10-2024T00:56:54 - [TEST_STEP][PASSED] - maximizeWindow(): Current window maximized

05-10-2024T00:56:54 - [MESSAGE][PASSED] - Current window maximized

05-10-2024T00:56:54 - [TEST_STEP][PASSED] - iwpPages.TestHarnessPage.setDataMethod(row, dataFile): iwpPages.TestHarnessPage.setDataMethod is PASSED

05-10-2024T00:56:54 - [MESSAGE][PASSED] - Object 'Object Repository/IWP30/Page_QATestHarness/RemittanceID' is present

05-10-2024T00:56:55 - [MESSAGE][PASSED] - Text '638' is set on object 'Object Repository/IWP30/Page_QATestHarness/ApplicationID'

05-10-2024T00:56:55 - [MESSAGE][PASSED] - Text '2.5' is set on object 'Object Repository/IWP30/Page_QATestHarness/MessageVersion'

05-10-2024T00:56:56 - [MESSAGE][PASSED] - Text 'y3cbRvsh8szL' is set on object 'Object Repository/IWP30/Page_QATestHarness/RemittanceID'

05-10-2024T00:56:59 - [MESSAGE][PASSED] - Object: 'Object Repository/IWP30/Page_QATestHarness/SubmitButton' is clicked on

05-10-2024T00:56:59 - [MESSAGE][PASSED] - iwpPages.TestHarnessPage.setDataMethod is PASSED

05-10-2024T00:56:59 - [TEST_STEP][PASSED] - click(findTestObject("Object Repository/IWP30/Page_SelectPaymentMethod/PayByPersonalCheck")): Object: 'Object Repository/IWP30/Page_SelectPaymentMethod/PayByPersonalCheck' is clicked on

05-10-2024T00:56:59 - [MESSAGE][PASSED] - Object: 'Object Repository/IWP30/Page_SelectPaymentMethod/PayByPersonalCheck' is clicked on

05-10-2024T00:56:59 - [TEST_STEP][PASSED] - click(findTestObject("Object Repository/IWP30/Page_SelectPaymentMethod/MakePaymentButton")): Object: 'Object Repository/IWP30/Page_SelectPaymentMethod/MakePaymentButton' is clicked on

05-10-2024T00:57:01 - [MESSAGE][PASSED] - Object: 'Object Repository/IWP30/Page_SelectPaymentMethod/MakePaymentButton' is clicked on

05-10-2024T00:57:01 - [TEST_STEP][PASSED] - iwpPages.achPersonalPaymentEntryPage.setDataACHPPM(row, dataFile): iwpPages.achPersonalPaymentEntryPage.setDataACHPPM is PASSED

05-10-2024T00:57:02 - [MESSAGE][PASSED] - Object 'Object Repository/IWP30/Page_ACHPersonalPaymentEntry/txt_accountNumber' is present

05-10-2024T00:57:02 - [MESSAGE][PASSED] - Text '10.50' is set on object 'Object Repository/IWP30/Page_ACHPersonalPaymentEntry/txt_Amount'

05-10-2024T00:57:03 - [MESSAGE][PASSED] - Object 'Object Repository/IWP30/Page_ACHPersonalPaymentEntry/txt_UDF2' is present

05-10-2024T00:57:03 - [MESSAGE][PASSED] - Text 'udf data 3' is set on object 'Object Repository/IWP30/Page_ACHPersonalPaymentEntry/txt_UDF3'

05-10-2024T00:57:04 - [MESSAGE][PASSED] - All options with label 'Soccer' are selected in object 'Object Repository/IWP30/Page_ACHPersonalPaymentEntry/dd_UDF8' 

05-10-2024T00:57:04 - [MESSAGE][PASSED] - Object 'Object Repository/IWP30/Page_ACHPersonalPaymentEntry/txt_Firstname' is present

05-10-2024T00:57:05 - [MESSAGE][PASSED] - Text 'Curlonty' is set on object 'Object Repository/IWP30/Page_ACHPersonalPaymentEntry/txt_Firstname'

05-10-2024T00:57:05 - [MESSAGE][PASSED] - Object 'Object Repository/IWP30/Page_ACHPersonalPaymentEntry/txt_Lastname' is present

05-10-2024T00:57:05 - [MESSAGE][PASSED] - Text 'Lachuga' is set on object 'Object Repository/IWP30/Page_ACHPersonalPaymentEntry/txt_Lastname'

05-10-2024T00:57:06 - [MESSAGE][PASSED] - Object 'Object Repository/IWP30/Page_ACHPersonalPaymentEntry/txt_routingNumber' is present

05-10-2024T00:57:06 - [MESSAGE][PASSED] - Text '256072691' is set on object 'Object Repository/IWP30/Page_ACHPersonalPaymentEntry/txt_routingNumber'

05-10-2024T00:57:07 - [MESSAGE][PASSED] - Object 'Object Repository/IWP30/Page_ACHPersonalPaymentEntry/txt_accountNumber' is present

05-10-2024T00:57:08 - [MESSAGE][PASSED] - Text '12342222' is set on object 'Object Repository/IWP30/Page_ACHPersonalPaymentEntry/txt_accountNumber'

05-10-2024T00:57:08 - [MESSAGE][PASSED] - Object 'Object Repository/IWP30/Page_ACHPersonalPaymentEntry/txt_confirmAccountNumber' is present

05-10-2024T00:57:09 - [MESSAGE][PASSED] - Text '12342222' is set on object 'Object Repository/IWP30/Page_ACHPersonalPaymentEntry/txt_confirmAccountNumber'

05-10-2024T00:57:09 - [MESSAGE][PASSED] - Object 'Object Repository/IWP30/Page_ACHPersonalPaymentEntry/rd_accountType' is present

05-10-2024T00:57:09 - [MESSAGE][PASSED] - Modify property of object successfully

05-10-2024T00:57:09 - [MESSAGE][PASSED] - Object: 'Object Repository/IWP30/Page_ACHPersonalPaymentEntry/rd_accountType' is clicked on

05-10-2024T00:57:10 - [MESSAGE][PASSED] - Text '365 Main Avenue' is set on object 'Object Repository/IWP30/Page_ACHPersonalPaymentEntry/txt_AL1'

05-10-2024T00:57:11 - [MESSAGE][PASSED] - Text '22201' is set on object 'Object Repository/IWP30/Page_ACHPersonalPaymentEntry/txt_ZIP'

05-10-2024T00:57:11 - [MESSAGE][PASSED] - Object 'Object Repository/IWP30/Page_ACHPersonalPaymentEntry/txt_Email' is present

05-10-2024T00:57:12 - [MESSAGE][PASSED] - Text 'iahmed@govolution.com' is set on object 'Object Repository/IWP30/Page_ACHPersonalPaymentEntry/txt_Email'

05-10-2024T00:57:12 - [MESSAGE][PASSED] - Object 'Object Repository/IWP30/Page_ACHPersonalPaymentEntry/cb_TermsAndCond' is present

05-10-2024T00:57:13 - [MESSAGE][PASSED] - Object: 'Object Repository/IWP30/Page_ACHPersonalPaymentEntry/cb_TermsAndCond' is clicked on

05-10-2024T00:57:13 - [MESSAGE][PASSED] - Object 'Object Repository/IWP30/Page_ACHPersonalPaymentEntry/btn_Continue' is present

05-10-2024T00:57:14 - [MESSAGE][PASSED] - Object: 'Object Repository/IWP30/Page_ACHPersonalPaymentEntry/btn_Continue' is clicked on

05-10-2024T00:57:14 - [MESSAGE][PASSED] - iwpPages.achPersonalPaymentEntryPage.setDataACHPPM is PASSED

05-10-2024T00:57:14 - [TEST_STEP][PASSED] - click(findTestObject("Object Repository/IWP30/Page_Confirmation/ConfirmButton")): Object: 'Object Repository/IWP30/Page_Confirmation/ConfirmButton' is clicked on

05-10-2024T00:57:16 - [MESSAGE][PASSED] - Object: 'Object Repository/IWP30/Page_Confirmation/ConfirmButton' is clicked on

05-10-2024T00:57:16 - [TEST_STEP][PASSED] - Thread.sleep(10000): null

05-10-2024T00:57:26 - [TEST_STEP][PASSED] - if (verifyTextPresent("Successful Payment Receipt", false)): null

05-10-2024T00:57:26 - [MESSAGE][PASSED] - Text 'Successful Payment Receipt' is present on page 

05-10-2024T00:57:26 - [TEST_STEP][PASSED] - println("Successful Payment Receipt text is present on the Receipt page"): null

05-10-2024T00:57:26 - [TEST_STEP][PASSED] - markPassed("Successful Payment Receipt text is present on the Receipt page"): Successful Payment Receipt text is present on the Receipt page

05-10-2024T00:57:26 - [MESSAGE][PASSED] - Successful Payment Receipt text is present on the Receipt page

05-10-2024T00:57:26 - [TEST_STEP][PASSED] - resText = "Pass": null

05-10-2024T00:57:26 - [TEST_STEP][PASSED] - pages.WriteExcel.demoKey(resText, datText, resColumn, datCloumn, fileLoc, nameSheet, row): pages.WriteExcel.demoKey is PASSED

05-10-2024T00:57:26 - [MESSAGE][PASSED] - pages.WriteExcel.demoKey is PASSED

05-10-2024T00:57:26 - [TEST_STEP][PASSED] - closeBrowser(): Browser is closed

05-10-2024T00:57:27 - [MESSAGE][PASSED] - Browser is closed]]></system-out>
         <system-err><![CDATA[]]></system-err>
      </testcase>
      <testcase name="Test Cases/IntegratedWeb/IWP25/Payments/PayNowPersonalCheckDCF" time="173.084" classname="Test Cases/IntegratedWeb/IWP25/Payments/PayNowPersonalCheckDCF" status="PASSED">
         <system-out><![CDATA[05-10-2024T00:57:27 - [TEST_CASE][PASSED] - Test Cases/IntegratedWeb/IWP25/Payments/PayNowPersonalCheckDCF: Test Cases/IntegratedWeb/IWP25/Payments/PayNowPersonalCheckDCF

05-10-2024T00:57:27 - [TEST_STEP][PASSED] - resText = "Fail": null

05-10-2024T00:57:27 - [TEST_STEP][PASSED] - resColumn = "Result": null

05-10-2024T00:57:27 - [TEST_STEP][PASSED] - datCloumn = "Date": null

05-10-2024T00:57:27 - [TEST_STEP][PASSED] - fileLoc = "KatalonData/IWPTestData/VRelay25Payments.xlsx": null

05-10-2024T00:57:27 - [TEST_STEP][PASSED] - numOfRows = <not implemented yet for class: org.codehaus.groovy.ast.expr.EmptyExpression>: null

05-10-2024T00:57:27 - [TEST_STEP][PASSED] - dataFile = <not implemented yet for class: org.codehaus.groovy.ast.expr.EmptyExpression>: null

05-10-2024T00:57:27 - [TEST_STEP][PASSED] - nameSheet = <not implemented yet for class: org.codehaus.groovy.ast.expr.EmptyExpression>: null

05-10-2024T00:57:27 - [TEST_STEP][PASSED] - dataFileEmulator = <not implemented yet for class: org.codehaus.groovy.ast.expr.EmptyExpression>: null

05-10-2024T00:57:27 - [TEST_STEP][PASSED] - isRequiredTextPresent = false: null

05-10-2024T00:57:27 - [TEST_STEP][PASSED] - nameSheet = "PayNowPersonalCheckDCF": null

05-10-2024T00:57:27 - [TEST_STEP][PASSED] - dataFile = "IWPTestData/IWP25PayNowPersonalCheckDCF": null

05-10-2024T00:57:27 - [TEST_STEP][PASSED] - dataFileEmulator = "IWPTestData/EmulatorData": null

05-10-2024T00:57:27 - [TEST_STEP][PASSED] - numOfRows = findTestData(dataFile).getRowNumbers(): null

05-10-2024T00:57:27 - [TEST_STEP][PASSED] - println("Number of Records: " + numOfRows): null

05-10-2024T00:57:27 - [TEST_STEP][PASSED] - for ([row = 1, row <= numOfRows, (row++)]): Browser is closed

05-10-2024T00:57:27 - [TEST_STEP][PASSED] - ExecuteTC = findTestData(dataFile).getValue("Execute", row): null

05-10-2024T00:57:27 - [TEST_STEP][PASSED] - out.println("Value of Execute is : " + ExecuteTC): null

05-10-2024T00:57:27 - [TEST_STEP][PASSED] - if (ExecuteTC.equalsIgnoreCase("Y")): null

05-10-2024T00:57:27 - [TEST_STEP][PASSED] - out.println("Begin Record Number: " + row): null

05-10-2024T00:57:27 - [TEST_STEP][PASSED] - today = new java.util.Date(): null

05-10-2024T00:57:27 - [TEST_STEP][PASSED] - println(today): null

05-10-2024T00:57:27 - [TEST_STEP][PASSED] - datText = today: null

05-10-2024T00:57:27 - [TEST_STEP][PASSED] - EmulatorDataKey = findTestData(dataFile).getValue("EmulatorData", row): null

05-10-2024T00:57:27 - [TEST_STEP][PASSED] - out.println("Value of Emulator Key is : " + EmulatorDataKey): null

05-10-2024T00:57:27 - [TEST_STEP][PASSED] - iwpPages.emulatorIWP30.setDataEmulator_DD(EmulatorDataKey): iwpPages.emulatorIWP30.setDataEmulator_DD is PASSED

05-10-2024T00:57:27 - [MESSAGE][INFO] - Starting 'Edge Chromium' driver

05-10-2024T00:57:27 - [MESSAGE][INFO] - User set preference: ['acceptInsecureCerts', 'true']

05-10-2024T00:57:29 - [MESSAGE][INFO] - Action delay is set to 0 milliseconds

05-10-2024T00:57:32 - [MESSAGE][PASSED] - Browser is opened with url: 'https://qa.velocitypayment.com/agency/config.do?action=editor&message_version=2_5'

05-10-2024T00:57:32 - [MESSAGE][PASSED] - Current window maximized

05-10-2024T00:57:33 - [MESSAGE][PASSED] - All options with value '2.5' are selected in object 'Object Repository/IWP30/Page_VRelay30Emulator/MV'  using regular expression

05-10-2024T00:57:34 - [MESSAGE][PASSED] - Text '10.50' is set on object 'Object Repository/IWP30/Page_VRelay30Emulator/Amount'

05-10-2024T00:57:34 - [MESSAGE][PASSED] - Text '1mprFEDncIE8' is set on object 'Object Repository/IWP30/Page_VRelay30Emulator/CAN'

05-10-2024T00:57:35 - [MESSAGE][PASSED] - Text 'PayNow' is set on object 'Object Repository/IWP30/Page_VRelay30Emulator/Action'

05-10-2024T00:57:36 - [MESSAGE][PASSED] - Text 'en_US' is set on object 'Object Repository/IWP30/Page_VRelay30Emulator/Lang'

05-10-2024T00:57:36 - [MESSAGE][PASSED] - Text '' is set on object 'Object Repository/IWP30/Page_VRelay30Emulator/Fname'

05-10-2024T00:57:37 - [MESSAGE][PASSED] - Text '' is set on object 'Object Repository/IWP30/Page_VRelay30Emulator/Lname'

05-10-2024T00:57:37 - [MESSAGE][PASSED] - Text '' is set on object 'Object Repository/IWP30/Page_VRelay30Emulator/AL1'

05-10-2024T00:57:38 - [MESSAGE][PASSED] - Text '' is set on object 'Object Repository/IWP30/Page_VRelay30Emulator/AL2'

05-10-2024T00:57:39 - [MESSAGE][PASSED] - Text '' is set on object 'Object Repository/IWP30/Page_VRelay30Emulator/Country'

05-10-2024T00:57:39 - [MESSAGE][PASSED] - Text '' is set on object 'Object Repository/IWP30/Page_VRelay30Emulator/City'

05-10-2024T00:57:40 - [MESSAGE][PASSED] - Text '' is set on object 'Object Repository/IWP30/Page_VRelay30Emulator/State'

05-10-2024T00:57:40 - [MESSAGE][PASSED] - Text '' is set on object 'Object Repository/IWP30/Page_VRelay30Emulator/ZIP'

05-10-2024T00:57:41 - [MESSAGE][PASSED] - Text '' is set on object 'Object Repository/IWP30/Page_VRelay30Emulator/Order'

05-10-2024T00:57:41 - [MESSAGE][PASSED] - Text '' is set on object 'Object Repository/IWP30/Page_VRelay30Emulator/Company'

05-10-2024T00:57:42 - [MESSAGE][PASSED] - Text '' is set on object 'Object Repository/IWP30/Page_VRelay30Emulator/Email'

05-10-2024T00:57:42 - [MESSAGE][PASSED] - Text '' is set on object 'Object Repository/IWP30/Page_VRelay30Emulator/UDF1'

05-10-2024T00:57:43 - [MESSAGE][PASSED] - Text '' is set on object 'Object Repository/IWP30/Page_VRelay30Emulator/UDF2'

05-10-2024T00:57:44 - [MESSAGE][PASSED] - Text '' is set on object 'Object Repository/IWP30/Page_VRelay30Emulator/UDF3'

05-10-2024T00:57:44 - [MESSAGE][PASSED] - Text 'udf data 4' is set on object 'Object Repository/IWP30/Page_VRelay30Emulator/UDF4'

05-10-2024T00:57:45 - [MESSAGE][PASSED] - Text 'udf data 5' is set on object 'Object Repository/IWP30/Page_VRelay30Emulator/UDF5'

05-10-2024T00:57:45 - [MESSAGE][PASSED] - Text '' is set on object 'Object Repository/IWP30/Page_VRelay30Emulator/UDF6'

05-10-2024T00:57:46 - [MESSAGE][PASSED] - Text '' is set on object 'Object Repository/IWP30/Page_VRelay30Emulator/UDF7'

05-10-2024T00:57:46 - [MESSAGE][PASSED] - Text '' is set on object 'Object Repository/IWP30/Page_VRelay30Emulator/UDF8'

05-10-2024T00:57:47 - [MESSAGE][PASSED] - Text 'udf data 9' is set on object 'Object Repository/IWP30/Page_VRelay30Emulator/UDF9'

05-10-2024T00:57:48 - [MESSAGE][PASSED] - Text 'udf data 10' is set on object 'Object Repository/IWP30/Page_VRelay30Emulator/UDF10'

05-10-2024T00:57:49 - [MESSAGE][PASSED] - Object: 'Object Repository/IWP30/Page_VRelay30Emulator/Submit' is clicked on

05-10-2024T00:57:53 - [MESSAGE][PASSED] - Browser is closed

05-10-2024T00:57:57 - [MESSAGE][PASSED] - iwpPages.emulatorIWP30.setDataEmulator_DD is PASSED

05-10-2024T00:57:57 - [TEST_STEP][PASSED] - testHarnessURL = urlTestHarness: null

05-10-2024T00:57:57 - [TEST_STEP][PASSED] - openBrowser(testHarnessURL): Browser is opened with url: 'https://dev-algorithm.govolution.com/vrelaytest/QA/version_2_2/vrelaytest.html'

05-10-2024T00:57:57 - [MESSAGE][INFO] - Starting 'Edge Chromium' driver

05-10-2024T00:57:57 - [MESSAGE][INFO] - User set preference: ['acceptInsecureCerts', 'true']

05-10-2024T00:57:59 - [MESSAGE][INFO] - Action delay is set to 0 milliseconds

05-10-2024T00:58:03 - [MESSAGE][PASSED] - Browser is opened with url: 'https://dev-algorithm.govolution.com/vrelaytest/QA/version_2_2/vrelaytest.html'

05-10-2024T00:58:03 - [TEST_STEP][PASSED] - maximizeWindow(): Current window maximized

05-10-2024T00:58:03 - [MESSAGE][PASSED] - Current window maximized

05-10-2024T00:58:03 - [TEST_STEP][PASSED] - iwpPages.TestHarnessPage.setDataMethod(row, dataFile): iwpPages.TestHarnessPage.setDataMethod is PASSED

05-10-2024T00:58:03 - [MESSAGE][PASSED] - Object 'Object Repository/IWP30/Page_QATestHarness/RemittanceID' is present

05-10-2024T00:58:04 - [MESSAGE][PASSED] - Text '640' is set on object 'Object Repository/IWP30/Page_QATestHarness/ApplicationID'

05-10-2024T00:58:04 - [MESSAGE][PASSED] - Text '2.5' is set on object 'Object Repository/IWP30/Page_QATestHarness/MessageVersion'

05-10-2024T00:58:05 - [MESSAGE][PASSED] - Text 'pg1ePOwCexxm' is set on object 'Object Repository/IWP30/Page_QATestHarness/RemittanceID'

05-10-2024T00:58:08 - [MESSAGE][PASSED] - Object: 'Object Repository/IWP30/Page_QATestHarness/SubmitButton' is clicked on

05-10-2024T00:58:08 - [MESSAGE][PASSED] - iwpPages.TestHarnessPage.setDataMethod is PASSED

05-10-2024T00:58:08 - [TEST_STEP][PASSED] - click(findTestObject("Object Repository/IWP30/Page_SelectPaymentMethod/PayByPersonalCheck")): Object: 'Object Repository/IWP30/Page_SelectPaymentMethod/PayByPersonalCheck' is clicked on

05-10-2024T00:58:08 - [MESSAGE][PASSED] - Object: 'Object Repository/IWP30/Page_SelectPaymentMethod/PayByPersonalCheck' is clicked on

05-10-2024T00:58:08 - [TEST_STEP][PASSED] - click(findTestObject("Object Repository/IWP30/Page_SelectPaymentMethod/MakePaymentButton")): Object: 'Object Repository/IWP30/Page_SelectPaymentMethod/MakePaymentButton' is clicked on

05-10-2024T00:58:10 - [MESSAGE][PASSED] - Object: 'Object Repository/IWP30/Page_SelectPaymentMethod/MakePaymentButton' is clicked on

05-10-2024T00:58:10 - [TEST_STEP][PASSED] - iwpPages.achPersonalPaymentEntryPage.setDataACHPPM(row, dataFile): iwpPages.achPersonalPaymentEntryPage.setDataACHPPM is PASSED

05-10-2024T00:58:11 - [MESSAGE][PASSED] - Object 'Object Repository/IWP30/Page_ACHPersonalPaymentEntry/txt_accountNumber' is present

05-10-2024T00:58:11 - [MESSAGE][PASSED] - Text '10.50' is set on object 'Object Repository/IWP30/Page_ACHPersonalPaymentEntry/txt_Amount'

05-10-2024T00:58:12 - [MESSAGE][PASSED] - Object 'Object Repository/IWP30/Page_ACHPersonalPaymentEntry/txt_UDF2' is present

05-10-2024T00:58:12 - [MESSAGE][PASSED] - Text 'udf data 2' is set on object 'Object Repository/IWP30/Page_ACHPersonalPaymentEntry/txt_UDF2'

05-10-2024T00:58:13 - [MESSAGE][PASSED] - Text 'udf data 3' is set on object 'Object Repository/IWP30/Page_ACHPersonalPaymentEntry/txt_UDF3'

05-10-2024T00:58:13 - [MESSAGE][PASSED] - All options with label 'Orange' are selected in object 'Object Repository/IWP30/Page_ACHPersonalPaymentEntry/dd_UDF7' 

05-10-2024T00:58:14 - [MESSAGE][PASSED] - All options with label 'Soccer' are selected in object 'Object Repository/IWP30/Page_ACHPersonalPaymentEntry/dd_UDF8' 

05-10-2024T00:58:14 - [MESSAGE][PASSED] - Object 'Object Repository/IWP30/Page_ACHPersonalPaymentEntry/txt_Firstname' is present

05-10-2024T00:58:15 - [MESSAGE][PASSED] - Text 'Elizath' is set on object 'Object Repository/IWP30/Page_ACHPersonalPaymentEntry/txt_Firstname'

05-10-2024T00:58:15 - [MESSAGE][PASSED] - Object 'Object Repository/IWP30/Page_ACHPersonalPaymentEntry/txt_Lastname' is present

05-10-2024T00:58:16 - [MESSAGE][PASSED] - Text 'Christine' is set on object 'Object Repository/IWP30/Page_ACHPersonalPaymentEntry/txt_Lastname'

05-10-2024T00:58:16 - [MESSAGE][PASSED] - Object 'Object Repository/IWP30/Page_ACHPersonalPaymentEntry/txt_routingNumber' is present

05-10-2024T00:58:16 - [MESSAGE][PASSED] - Text '256072691' is set on object 'Object Repository/IWP30/Page_ACHPersonalPaymentEntry/txt_routingNumber'

05-10-2024T00:58:17 - [MESSAGE][PASSED] - Object 'Object Repository/IWP30/Page_ACHPersonalPaymentEntry/txt_accountNumber' is present

05-10-2024T00:58:18 - [MESSAGE][PASSED] - Text '12344444' is set on object 'Object Repository/IWP30/Page_ACHPersonalPaymentEntry/txt_accountNumber'

05-10-2024T00:58:18 - [MESSAGE][PASSED] - Object 'Object Repository/IWP30/Page_ACHPersonalPaymentEntry/txt_confirmAccountNumber' is present

05-10-2024T00:58:19 - [MESSAGE][PASSED] - Text '12344444' is set on object 'Object Repository/IWP30/Page_ACHPersonalPaymentEntry/txt_confirmAccountNumber'

05-10-2024T00:58:19 - [MESSAGE][PASSED] - Object 'Object Repository/IWP30/Page_ACHPersonalPaymentEntry/rd_accountType' is present

05-10-2024T00:58:19 - [MESSAGE][PASSED] - Modify property of object successfully

05-10-2024T00:58:20 - [MESSAGE][PASSED] - Object: 'Object Repository/IWP30/Page_ACHPersonalPaymentEntry/rd_accountType' is clicked on

05-10-2024T00:58:20 - [MESSAGE][PASSED] - Text '365 Main Avenue' is set on object 'Object Repository/IWP30/Page_ACHPersonalPaymentEntry/txt_AL1'

05-10-2024T00:58:21 - [MESSAGE][PASSED] - Text '22201' is set on object 'Object Repository/IWP30/Page_ACHPersonalPaymentEntry/txt_ZIP'

05-10-2024T00:58:21 - [MESSAGE][PASSED] - Object 'Object Repository/IWP30/Page_ACHPersonalPaymentEntry/txt_Email' is present

05-10-2024T00:58:22 - [MESSAGE][PASSED] - Text 'iahmed@govolution.com' is set on object 'Object Repository/IWP30/Page_ACHPersonalPaymentEntry/txt_Email'

05-10-2024T00:58:22 - [MESSAGE][PASSED] - Object 'Object Repository/IWP30/Page_ACHPersonalPaymentEntry/cb_TermsAndCond' is present

05-10-2024T00:58:23 - [MESSAGE][PASSED] - Object: 'Object Repository/IWP30/Page_ACHPersonalPaymentEntry/cb_TermsAndCond' is clicked on

05-10-2024T00:58:23 - [MESSAGE][PASSED] - Object 'Object Repository/IWP30/Page_ACHPersonalPaymentEntry/btn_Continue' is present

05-10-2024T00:58:24 - [MESSAGE][PASSED] - Object: 'Object Repository/IWP30/Page_ACHPersonalPaymentEntry/btn_Continue' is clicked on

05-10-2024T00:58:24 - [MESSAGE][PASSED] - iwpPages.achPersonalPaymentEntryPage.setDataACHPPM is PASSED

05-10-2024T00:58:24 - [TEST_STEP][PASSED] - click(findTestObject("Object Repository/IWP30/Page_Confirmation/ConfirmButton")): Object: 'Object Repository/IWP30/Page_Confirmation/ConfirmButton' is clicked on

05-10-2024T00:58:25 - [MESSAGE][PASSED] - Object: 'Object Repository/IWP30/Page_Confirmation/ConfirmButton' is clicked on

05-10-2024T00:58:25 - [TEST_STEP][PASSED] - Thread.sleep(5000): null

05-10-2024T00:58:30 - [TEST_STEP][PASSED] - println("I am on real estate page"): null

05-10-2024T00:58:30 - [TEST_STEP][PASSED] - if (verifyTextPresent("Make a Real Estate Payment", false)): null

05-10-2024T00:58:31 - [MESSAGE][PASSED] - Text 'Make a Real Estate Payment' is present on page 

05-10-2024T00:58:31 - [TEST_STEP][PASSED] - isRequiredTextPresent = true: null

05-10-2024T00:58:31 - [TEST_STEP][PASSED] - println(isRequiredTextPresent): null

05-10-2024T00:58:31 - [TEST_STEP][PASSED] - if (isRequiredTextPresent): null

05-10-2024T00:58:31 - [TEST_STEP][PASSED] - if (verifyTextPresent("This transaction is subject to a Convenience Fees of $2.00.", false)): null

05-10-2024T00:58:31 - [MESSAGE][PASSED] - Text 'This transaction is subject to a Convenience Fees of $2.00.' is present on page 

05-10-2024T00:58:31 - [TEST_STEP][PASSED] - isRequiredTextPresent = true: null

05-10-2024T00:58:31 - [TEST_STEP][PASSED] - println(isRequiredTextPresent): null

05-10-2024T00:58:31 - [TEST_STEP][PASSED] - if (isRequiredTextPresent): null

05-10-2024T00:58:31 - [TEST_STEP][PASSED] - if (verifyTextPresent("Payment Amount:  $10.50", false)): null

05-10-2024T00:58:31 - [MESSAGE][PASSED] - Text 'Payment Amount:  $10.50' is present on page 

05-10-2024T00:58:31 - [TEST_STEP][PASSED] - isRequiredTextPresent = true: null

05-10-2024T00:58:31 - [TEST_STEP][PASSED] - if (isRequiredTextPresent): null

05-10-2024T00:58:31 - [TEST_STEP][PASSED] - if (verifyTextPresent("Convenience Fees:  $2.00", false)): null

05-10-2024T00:58:32 - [MESSAGE][PASSED] - Text 'Convenience Fees:  $2.00' is present on page 

05-10-2024T00:58:32 - [TEST_STEP][PASSED] - isRequiredTextPresent = true: null

05-10-2024T00:58:32 - [TEST_STEP][PASSED] - if (isRequiredTextPresent): null

05-10-2024T00:58:32 - [TEST_STEP][PASSED] - if (verifyTextPresent("Total Amount:  $12.50", false)): null

05-10-2024T00:58:32 - [MESSAGE][PASSED] - Text 'Total Amount:  $12.50' is present on page 

05-10-2024T00:58:32 - [TEST_STEP][PASSED] - isRequiredTextPresent = true: null

05-10-2024T00:58:32 - [TEST_STEP][PASSED] - if (isRequiredTextPresent): null

05-10-2024T00:58:32 - [TEST_STEP][PASSED] - if (verifyTextPresent("Two transactions will appear on your bank statement, one in the amount of $10.50 and one in the amount of $2.00.", false)): null

05-10-2024T00:58:32 - [MESSAGE][PASSED] - Text 'Two transactions will appear on your bank statement, one in the amount of $10.50 and one in the amount of $2.00.' is present on page 

05-10-2024T00:58:32 - [TEST_STEP][PASSED] - isRequiredTextPresent = true: null

05-10-2024T00:58:32 - [TEST_STEP][PASSED] - Thread.sleep(10000): null

05-10-2024T00:58:42 - [TEST_STEP][PASSED] - click(findTestObject("Object Repository/IWP30/Page_ConvenienceFees/btn_convFeeNotifyAction")): Object: 'Object Repository/IWP30/Page_ConvenienceFees/btn_convFeeNotifyAction' is clicked on

05-10-2024T00:58:44 - [MESSAGE][PASSED] - Object: 'Object Repository/IWP30/Page_ConvenienceFees/btn_convFeeNotifyAction' is clicked on

05-10-2024T00:58:44 - [TEST_STEP][PASSED] - Thread.sleep(10000): null

05-10-2024T00:58:54 - [TEST_STEP][PASSED] - if (verifyTextPresent("Successful Payment Receipt", false)): null

05-10-2024T00:58:54 - [MESSAGE][PASSED] - Text 'Successful Payment Receipt' is present on page 

05-10-2024T00:58:54 - [TEST_STEP][PASSED] - println("Successful Payment Receipt text is present on the Receipt page"): null

05-10-2024T00:58:54 - [TEST_STEP][PASSED] - markPassed("Successful Payment Receipt text is present on the Receipt page"): Successful Payment Receipt text is present on the Receipt page

05-10-2024T00:58:54 - [MESSAGE][PASSED] - Successful Payment Receipt text is present on the Receipt page

05-10-2024T00:58:54 - [TEST_STEP][PASSED] - resText = "Pass": null

05-10-2024T00:58:54 - [TEST_STEP][PASSED] - pages.WriteExcel.demoKey(resText, datText, resColumn, datCloumn, fileLoc, nameSheet, row): pages.WriteExcel.demoKey is PASSED

05-10-2024T00:58:54 - [MESSAGE][PASSED] - pages.WriteExcel.demoKey is PASSED

05-10-2024T00:58:54 - [TEST_STEP][PASSED] - closeBrowser(): Browser is closed

05-10-2024T00:58:54 - [MESSAGE][PASSED] - Browser is closed

05-10-2024T00:58:54 - [TEST_STEP][PASSED] - ExecuteTC = findTestData(dataFile).getValue("Execute", row): null

05-10-2024T00:58:55 - [TEST_STEP][PASSED] - out.println("Value of Execute is : " + ExecuteTC): null

05-10-2024T00:58:55 - [TEST_STEP][PASSED] - if (ExecuteTC.equalsIgnoreCase("Y")): null

05-10-2024T00:58:55 - [TEST_STEP][PASSED] - out.println("Begin Record Number: " + row): null

05-10-2024T00:58:55 - [TEST_STEP][PASSED] - today = new java.util.Date(): null

05-10-2024T00:58:55 - [TEST_STEP][PASSED] - println(today): null

05-10-2024T00:58:55 - [TEST_STEP][PASSED] - datText = today: null

05-10-2024T00:58:55 - [TEST_STEP][PASSED] - EmulatorDataKey = findTestData(dataFile).getValue("EmulatorData", row): null

05-10-2024T00:58:55 - [TEST_STEP][PASSED] - out.println("Value of Emulator Key is : " + EmulatorDataKey): null

05-10-2024T00:58:55 - [TEST_STEP][PASSED] - iwpPages.emulatorIWP30.setDataEmulator_DD(EmulatorDataKey): iwpPages.emulatorIWP30.setDataEmulator_DD is PASSED

05-10-2024T00:58:55 - [MESSAGE][INFO] - Starting 'Edge Chromium' driver

05-10-2024T00:58:55 - [MESSAGE][INFO] - User set preference: ['acceptInsecureCerts', 'true']

05-10-2024T00:58:57 - [MESSAGE][INFO] - Action delay is set to 0 milliseconds

05-10-2024T00:59:00 - [MESSAGE][PASSED] - Browser is opened with url: 'https://qa.velocitypayment.com/agency/config.do?action=editor&message_version=2_5'

05-10-2024T00:59:00 - [MESSAGE][PASSED] - Current window maximized

05-10-2024T00:59:01 - [MESSAGE][PASSED] - All options with value '2.5' are selected in object 'Object Repository/IWP30/Page_VRelay30Emulator/MV'  using regular expression

05-10-2024T00:59:02 - [MESSAGE][PASSED] - Text '10.50' is set on object 'Object Repository/IWP30/Page_VRelay30Emulator/Amount'

05-10-2024T00:59:02 - [MESSAGE][PASSED] - Text 'ZBEre0MvIT6E' is set on object 'Object Repository/IWP30/Page_VRelay30Emulator/CAN'

05-10-2024T00:59:03 - [MESSAGE][PASSED] - Text 'PayNow' is set on object 'Object Repository/IWP30/Page_VRelay30Emulator/Action'

05-10-2024T00:59:03 - [MESSAGE][PASSED] - Text 'en_US' is set on object 'Object Repository/IWP30/Page_VRelay30Emulator/Lang'

05-10-2024T00:59:04 - [MESSAGE][PASSED] - Text 'Jasmine' is set on object 'Object Repository/IWP30/Page_VRelay30Emulator/Fname'

05-10-2024T00:59:05 - [MESSAGE][PASSED] - Text 'Patrinol' is set on object 'Object Repository/IWP30/Page_VRelay30Emulator/Lname'

05-10-2024T00:59:05 - [MESSAGE][PASSED] - Text '258 Underwood rd' is set on object 'Object Repository/IWP30/Page_VRelay30Emulator/AL1'

05-10-2024T00:59:06 - [MESSAGE][PASSED] - Text 'Suite 600' is set on object 'Object Repository/IWP30/Page_VRelay30Emulator/AL2'

05-10-2024T00:59:06 - [MESSAGE][PASSED] - Text '840' is set on object 'Object Repository/IWP30/Page_VRelay30Emulator/Country'

05-10-2024T00:59:07 - [MESSAGE][PASSED] - Text 'Arlington' is set on object 'Object Repository/IWP30/Page_VRelay30Emulator/City'

05-10-2024T00:59:08 - [MESSAGE][PASSED] - Text 'VA' is set on object 'Object Repository/IWP30/Page_VRelay30Emulator/State'

05-10-2024T00:59:08 - [MESSAGE][PASSED] - Text '22201' is set on object 'Object Repository/IWP30/Page_VRelay30Emulator/ZIP'

05-10-2024T00:59:09 - [MESSAGE][PASSED] - Text '' is set on object 'Object Repository/IWP30/Page_VRelay30Emulator/Order'

05-10-2024T00:59:09 - [MESSAGE][PASSED] - Text 'Some Company' is set on object 'Object Repository/IWP30/Page_VRelay30Emulator/Company'

05-10-2024T00:59:10 - [MESSAGE][PASSED] - Text 'iahmed@govolution.com' is set on object 'Object Repository/IWP30/Page_VRelay30Emulator/Email'

05-10-2024T00:59:10 - [MESSAGE][PASSED] - Text 'udf data 1' is set on object 'Object Repository/IWP30/Page_VRelay30Emulator/UDF1'

05-10-2024T00:59:11 - [MESSAGE][PASSED] - Text 'udf data 2' is set on object 'Object Repository/IWP30/Page_VRelay30Emulator/UDF2'

05-10-2024T00:59:12 - [MESSAGE][PASSED] - Text 'udf data 3' is set on object 'Object Repository/IWP30/Page_VRelay30Emulator/UDF3'

05-10-2024T00:59:12 - [MESSAGE][PASSED] - Text 'udf data 4' is set on object 'Object Repository/IWP30/Page_VRelay30Emulator/UDF4'

05-10-2024T00:59:13 - [MESSAGE][PASSED] - Text 'udf data 5' is set on object 'Object Repository/IWP30/Page_VRelay30Emulator/UDF5'

05-10-2024T00:59:13 - [MESSAGE][PASSED] - Text 'udf data 6' is set on object 'Object Repository/IWP30/Page_VRelay30Emulator/UDF6'

05-10-2024T00:59:14 - [MESSAGE][PASSED] - Text 'Orange' is set on object 'Object Repository/IWP30/Page_VRelay30Emulator/UDF7'

05-10-2024T00:59:15 - [MESSAGE][PASSED] - Text 'Soccer' is set on object 'Object Repository/IWP30/Page_VRelay30Emulator/UDF8'

05-10-2024T00:59:15 - [MESSAGE][PASSED] - Text 'udf data 9' is set on object 'Object Repository/IWP30/Page_VRelay30Emulator/UDF9'

05-10-2024T00:59:16 - [MESSAGE][PASSED] - Text 'udf data 10' is set on object 'Object Repository/IWP30/Page_VRelay30Emulator/UDF10'

05-10-2024T00:59:17 - [MESSAGE][PASSED] - Object: 'Object Repository/IWP30/Page_VRelay30Emulator/Submit' is clicked on

05-10-2024T00:59:21 - [MESSAGE][PASSED] - Browser is closed

05-10-2024T00:59:25 - [MESSAGE][PASSED] - iwpPages.emulatorIWP30.setDataEmulator_DD is PASSED

05-10-2024T00:59:25 - [TEST_STEP][PASSED] - testHarnessURL = urlTestHarness: null

05-10-2024T00:59:25 - [TEST_STEP][PASSED] - openBrowser(testHarnessURL): Browser is opened with url: 'https://dev-algorithm.govolution.com/vrelaytest/QA/version_2_2/vrelaytest.html'

05-10-2024T00:59:25 - [MESSAGE][INFO] - Starting 'Edge Chromium' driver

05-10-2024T00:59:25 - [MESSAGE][INFO] - User set preference: ['acceptInsecureCerts', 'true']

05-10-2024T00:59:27 - [MESSAGE][INFO] - Action delay is set to 0 milliseconds

05-10-2024T00:59:31 - [MESSAGE][PASSED] - Browser is opened with url: 'https://dev-algorithm.govolution.com/vrelaytest/QA/version_2_2/vrelaytest.html'

05-10-2024T00:59:31 - [TEST_STEP][PASSED] - maximizeWindow(): Current window maximized

05-10-2024T00:59:31 - [MESSAGE][PASSED] - Current window maximized

05-10-2024T00:59:31 - [TEST_STEP][PASSED] - iwpPages.TestHarnessPage.setDataMethod(row, dataFile): iwpPages.TestHarnessPage.setDataMethod is PASSED

05-10-2024T00:59:31 - [MESSAGE][PASSED] - Object 'Object Repository/IWP30/Page_QATestHarness/RemittanceID' is present

05-10-2024T00:59:32 - [MESSAGE][PASSED] - Text '640' is set on object 'Object Repository/IWP30/Page_QATestHarness/ApplicationID'

05-10-2024T00:59:32 - [MESSAGE][PASSED] - Text '2.5' is set on object 'Object Repository/IWP30/Page_QATestHarness/MessageVersion'

05-10-2024T00:59:33 - [MESSAGE][PASSED] - Text 'TprA2V5mLJfk' is set on object 'Object Repository/IWP30/Page_QATestHarness/RemittanceID'

05-10-2024T00:59:36 - [MESSAGE][PASSED] - Object: 'Object Repository/IWP30/Page_QATestHarness/SubmitButton' is clicked on

05-10-2024T00:59:36 - [MESSAGE][PASSED] - iwpPages.TestHarnessPage.setDataMethod is PASSED

05-10-2024T00:59:36 - [TEST_STEP][PASSED] - click(findTestObject("Object Repository/IWP30/Page_SelectPaymentMethod/PayByPersonalCheck")): Object: 'Object Repository/IWP30/Page_SelectPaymentMethod/PayByPersonalCheck' is clicked on

05-10-2024T00:59:37 - [MESSAGE][PASSED] - Object: 'Object Repository/IWP30/Page_SelectPaymentMethod/PayByPersonalCheck' is clicked on

05-10-2024T00:59:37 - [TEST_STEP][PASSED] - click(findTestObject("Object Repository/IWP30/Page_SelectPaymentMethod/MakePaymentButton")): Object: 'Object Repository/IWP30/Page_SelectPaymentMethod/MakePaymentButton' is clicked on

05-10-2024T00:59:38 - [MESSAGE][PASSED] - Object: 'Object Repository/IWP30/Page_SelectPaymentMethod/MakePaymentButton' is clicked on

05-10-2024T00:59:38 - [TEST_STEP][PASSED] - iwpPages.achPersonalPaymentEntryPage.setDataACHPPM(row, dataFile): iwpPages.achPersonalPaymentEntryPage.setDataACHPPM is PASSED

05-10-2024T00:59:39 - [MESSAGE][PASSED] - Object 'Object Repository/IWP30/Page_ACHPersonalPaymentEntry/txt_accountNumber' is present

05-10-2024T00:59:40 - [MESSAGE][PASSED] - Object 'Object Repository/IWP30/Page_ACHPersonalPaymentEntry/txt_UDF2' is present

05-10-2024T00:59:40 - [MESSAGE][PASSED] - All options with label 'Soccer' are selected in object 'Object Repository/IWP30/Page_ACHPersonalPaymentEntry/dd_UDF8' 

05-10-2024T00:59:40 - [MESSAGE][PASSED] - Object 'Object Repository/IWP30/Page_ACHPersonalPaymentEntry/txt_Firstname' is present

05-10-2024T00:59:41 - [MESSAGE][PASSED] - Text 'Elizath' is set on object 'Object Repository/IWP30/Page_ACHPersonalPaymentEntry/txt_Firstname'

05-10-2024T00:59:41 - [MESSAGE][PASSED] - Object 'Object Repository/IWP30/Page_ACHPersonalPaymentEntry/txt_Lastname' is present

05-10-2024T00:59:42 - [MESSAGE][PASSED] - Text 'Christine' is set on object 'Object Repository/IWP30/Page_ACHPersonalPaymentEntry/txt_Lastname'

05-10-2024T00:59:42 - [MESSAGE][PASSED] - Object 'Object Repository/IWP30/Page_ACHPersonalPaymentEntry/txt_routingNumber' is present

05-10-2024T00:59:43 - [MESSAGE][PASSED] - Text '256072691' is set on object 'Object Repository/IWP30/Page_ACHPersonalPaymentEntry/txt_routingNumber'

05-10-2024T00:59:43 - [MESSAGE][PASSED] - Object 'Object Repository/IWP30/Page_ACHPersonalPaymentEntry/txt_accountNumber' is present

05-10-2024T00:59:44 - [MESSAGE][PASSED] - Text '12344444' is set on object 'Object Repository/IWP30/Page_ACHPersonalPaymentEntry/txt_accountNumber'

05-10-2024T00:59:45 - [MESSAGE][PASSED] - Object 'Object Repository/IWP30/Page_ACHPersonalPaymentEntry/txt_confirmAccountNumber' is present

05-10-2024T00:59:45 - [MESSAGE][PASSED] - Text '12344444' is set on object 'Object Repository/IWP30/Page_ACHPersonalPaymentEntry/txt_confirmAccountNumber'

05-10-2024T00:59:46 - [MESSAGE][PASSED] - Object 'Object Repository/IWP30/Page_ACHPersonalPaymentEntry/rd_accountType' is present

05-10-2024T00:59:46 - [MESSAGE][PASSED] - Modify property of object successfully

05-10-2024T00:59:46 - [MESSAGE][PASSED] - Object: 'Object Repository/IWP30/Page_ACHPersonalPaymentEntry/rd_accountType' is clicked on

05-10-2024T00:59:46 - [MESSAGE][PASSED] - Object 'Object Repository/IWP30/Page_ACHPersonalPaymentEntry/txt_Email' is present

05-10-2024T00:59:46 - [MESSAGE][PASSED] - Object 'Object Repository/IWP30/Page_ACHPersonalPaymentEntry/cb_TermsAndCond' is present

05-10-2024T00:59:47 - [MESSAGE][PASSED] - Object: 'Object Repository/IWP30/Page_ACHPersonalPaymentEntry/cb_TermsAndCond' is clicked on

05-10-2024T00:59:47 - [MESSAGE][PASSED] - Object 'Object Repository/IWP30/Page_ACHPersonalPaymentEntry/btn_Continue' is present

05-10-2024T00:59:48 - [MESSAGE][PASSED] - Object: 'Object Repository/IWP30/Page_ACHPersonalPaymentEntry/btn_Continue' is clicked on

05-10-2024T00:59:48 - [MESSAGE][PASSED] - iwpPages.achPersonalPaymentEntryPage.setDataACHPPM is PASSED

05-10-2024T00:59:48 - [TEST_STEP][PASSED] - click(findTestObject("Object Repository/IWP30/Page_Confirmation/ConfirmButton")): Object: 'Object Repository/IWP30/Page_Confirmation/ConfirmButton' is clicked on

05-10-2024T00:59:49 - [MESSAGE][PASSED] - Object: 'Object Repository/IWP30/Page_Confirmation/ConfirmButton' is clicked on

05-10-2024T00:59:49 - [TEST_STEP][PASSED] - Thread.sleep(5000): null

05-10-2024T00:59:54 - [TEST_STEP][PASSED] - println("I am on real estate page"): null

05-10-2024T00:59:54 - [TEST_STEP][PASSED] - if (verifyTextPresent("Make a Real Estate Payment", false)): null

05-10-2024T00:59:55 - [MESSAGE][PASSED] - Text 'Make a Real Estate Payment' is present on page 

05-10-2024T00:59:55 - [TEST_STEP][PASSED] - isRequiredTextPresent = true: null

05-10-2024T00:59:55 - [TEST_STEP][PASSED] - println(isRequiredTextPresent): null

05-10-2024T00:59:55 - [TEST_STEP][PASSED] - if (isRequiredTextPresent): null

05-10-2024T00:59:55 - [TEST_STEP][PASSED] - if (verifyTextPresent("This transaction is subject to a Convenience Fees of $2.00.", false)): null

05-10-2024T00:59:55 - [MESSAGE][PASSED] - Text 'This transaction is subject to a Convenience Fees of $2.00.' is present on page 

05-10-2024T00:59:55 - [TEST_STEP][PASSED] - isRequiredTextPresent = true: null

05-10-2024T00:59:55 - [TEST_STEP][PASSED] - println(isRequiredTextPresent): null

05-10-2024T00:59:55 - [TEST_STEP][PASSED] - if (isRequiredTextPresent): null

05-10-2024T00:59:55 - [TEST_STEP][PASSED] - if (verifyTextPresent("Payment Amount:  $10.50", false)): null

05-10-2024T00:59:55 - [MESSAGE][PASSED] - Text 'Payment Amount:  $10.50' is present on page 

05-10-2024T00:59:55 - [TEST_STEP][PASSED] - isRequiredTextPresent = true: null

05-10-2024T00:59:55 - [TEST_STEP][PASSED] - if (isRequiredTextPresent): null

05-10-2024T00:59:55 - [TEST_STEP][PASSED] - if (verifyTextPresent("Convenience Fees:  $2.00", false)): null

05-10-2024T00:59:56 - [MESSAGE][PASSED] - Text 'Convenience Fees:  $2.00' is present on page 

05-10-2024T00:59:56 - [TEST_STEP][PASSED] - isRequiredTextPresent = true: null

05-10-2024T00:59:56 - [TEST_STEP][PASSED] - if (isRequiredTextPresent): null

05-10-2024T00:59:56 - [TEST_STEP][PASSED] - if (verifyTextPresent("Total Amount:  $12.50", false)): null

05-10-2024T00:59:56 - [MESSAGE][PASSED] - Text 'Total Amount:  $12.50' is present on page 

05-10-2024T00:59:56 - [TEST_STEP][PASSED] - isRequiredTextPresent = true: null

05-10-2024T00:59:56 - [TEST_STEP][PASSED] - if (isRequiredTextPresent): null

05-10-2024T00:59:56 - [TEST_STEP][PASSED] - if (verifyTextPresent("Two transactions will appear on your bank statement, one in the amount of $10.50 and one in the amount of $2.00.", false)): null

05-10-2024T00:59:56 - [MESSAGE][PASSED] - Text 'Two transactions will appear on your bank statement, one in the amount of $10.50 and one in the amount of $2.00.' is present on page 

05-10-2024T00:59:56 - [TEST_STEP][PASSED] - isRequiredTextPresent = true: null

05-10-2024T00:59:56 - [TEST_STEP][PASSED] - Thread.sleep(10000): null

05-10-2024T01:00:06 - [TEST_STEP][PASSED] - click(findTestObject("Object Repository/IWP30/Page_ConvenienceFees/btn_convFeeNotifyAction")): Object: 'Object Repository/IWP30/Page_ConvenienceFees/btn_convFeeNotifyAction' is clicked on

05-10-2024T01:00:08 - [MESSAGE][PASSED] - Object: 'Object Repository/IWP30/Page_ConvenienceFees/btn_convFeeNotifyAction' is clicked on

05-10-2024T01:00:08 - [TEST_STEP][PASSED] - Thread.sleep(10000): null

05-10-2024T01:00:18 - [TEST_STEP][PASSED] - if (verifyTextPresent("Successful Payment Receipt", false)): null

05-10-2024T01:00:19 - [MESSAGE][PASSED] - Text 'Successful Payment Receipt' is present on page 

05-10-2024T01:00:19 - [TEST_STEP][PASSED] - println("Successful Payment Receipt text is present on the Receipt page"): null

05-10-2024T01:00:19 - [TEST_STEP][PASSED] - markPassed("Successful Payment Receipt text is present on the Receipt page"): Successful Payment Receipt text is present on the Receipt page

05-10-2024T01:00:19 - [MESSAGE][PASSED] - Successful Payment Receipt text is present on the Receipt page

05-10-2024T01:00:19 - [TEST_STEP][PASSED] - resText = "Pass": null

05-10-2024T01:00:19 - [TEST_STEP][PASSED] - pages.WriteExcel.demoKey(resText, datText, resColumn, datCloumn, fileLoc, nameSheet, row): pages.WriteExcel.demoKey is PASSED

05-10-2024T01:00:19 - [MESSAGE][PASSED] - pages.WriteExcel.demoKey is PASSED

05-10-2024T01:00:19 - [TEST_STEP][PASSED] - closeBrowser(): Browser is closed

05-10-2024T01:00:20 - [MESSAGE][PASSED] - Browser is closed]]></system-out>
         <system-err><![CDATA[]]></system-err>
      </testcase>
      <testcase name="Test Cases/IntegratedWeb/IWP25/Payments/PayNowPersonalCheckSCF" time="174.91" classname="Test Cases/IntegratedWeb/IWP25/Payments/PayNowPersonalCheckSCF" status="PASSED">
         <system-out><![CDATA[05-10-2024T01:00:20 - [TEST_CASE][PASSED] - Test Cases/IntegratedWeb/IWP25/Payments/PayNowPersonalCheckSCF: Test Cases/IntegratedWeb/IWP25/Payments/PayNowPersonalCheckSCF

05-10-2024T01:00:20 - [TEST_STEP][PASSED] - resText = "Fail": null

05-10-2024T01:00:20 - [TEST_STEP][PASSED] - resColumn = "Result": null

05-10-2024T01:00:20 - [TEST_STEP][PASSED] - datCloumn = "Date": null

05-10-2024T01:00:20 - [TEST_STEP][PASSED] - fileLoc = "KatalonData/IWPTestData/VRelay25Payments.xlsx": null

05-10-2024T01:00:20 - [TEST_STEP][PASSED] - numOfRows = <not implemented yet for class: org.codehaus.groovy.ast.expr.EmptyExpression>: null

05-10-2024T01:00:20 - [TEST_STEP][PASSED] - dataFile = <not implemented yet for class: org.codehaus.groovy.ast.expr.EmptyExpression>: null

05-10-2024T01:00:20 - [TEST_STEP][PASSED] - nameSheet = <not implemented yet for class: org.codehaus.groovy.ast.expr.EmptyExpression>: null

05-10-2024T01:00:20 - [TEST_STEP][PASSED] - dataFileEmulator = <not implemented yet for class: org.codehaus.groovy.ast.expr.EmptyExpression>: null

05-10-2024T01:00:20 - [TEST_STEP][PASSED] - isRequiredTextPresent = false: null

05-10-2024T01:00:20 - [TEST_STEP][PASSED] - nameSheet = "PayNowPersonalCheckSCF": null

05-10-2024T01:00:20 - [TEST_STEP][PASSED] - dataFile = "IWPTestData/IWP25PayNowPersonalCheckSCF": null

05-10-2024T01:00:20 - [TEST_STEP][PASSED] - dataFileEmulator = "IWPTestData/EmulatorData": null

05-10-2024T01:00:20 - [TEST_STEP][PASSED] - numOfRows = findTestData(dataFile).getRowNumbers(): null

05-10-2024T01:00:20 - [TEST_STEP][PASSED] - println("Number of Records: " + numOfRows): null

05-10-2024T01:00:20 - [TEST_STEP][PASSED] - for ([row = 1, row <= numOfRows, (row++)]): Browser is closed

05-10-2024T01:00:20 - [TEST_STEP][PASSED] - ExecuteTC = findTestData(dataFile).getValue("Execute", row): null

05-10-2024T01:00:20 - [TEST_STEP][PASSED] - out.println("Value of Execute is : " + ExecuteTC): null

05-10-2024T01:00:20 - [TEST_STEP][PASSED] - if (ExecuteTC.equalsIgnoreCase("Y")): null

05-10-2024T01:00:20 - [TEST_STEP][PASSED] - out.println("Begin Record Number: " + row): null

05-10-2024T01:00:20 - [TEST_STEP][PASSED] - today = new java.util.Date(): null

05-10-2024T01:00:20 - [TEST_STEP][PASSED] - println(today): null

05-10-2024T01:00:20 - [TEST_STEP][PASSED] - datText = today: null

05-10-2024T01:00:20 - [TEST_STEP][PASSED] - EmulatorDataKey = findTestData(dataFile).getValue("EmulatorData", row): null

05-10-2024T01:00:20 - [TEST_STEP][PASSED] - out.println("Value of Emulator Key is : " + EmulatorDataKey): null

05-10-2024T01:00:20 - [TEST_STEP][PASSED] - iwpPages.emulatorIWP30.setDataEmulator_DD(EmulatorDataKey): iwpPages.emulatorIWP30.setDataEmulator_DD is PASSED

05-10-2024T01:00:20 - [MESSAGE][INFO] - Starting 'Edge Chromium' driver

05-10-2024T01:00:20 - [MESSAGE][INFO] - User set preference: ['acceptInsecureCerts', 'true']

05-10-2024T01:00:22 - [MESSAGE][INFO] - Action delay is set to 0 milliseconds

05-10-2024T01:00:26 - [MESSAGE][PASSED] - Browser is opened with url: 'https://qa.velocitypayment.com/agency/config.do?action=editor&message_version=2_5'

05-10-2024T01:00:26 - [MESSAGE][PASSED] - Current window maximized

05-10-2024T01:00:27 - [MESSAGE][PASSED] - All options with value '2.5' are selected in object 'Object Repository/IWP30/Page_VRelay30Emulator/MV'  using regular expression

05-10-2024T01:00:28 - [MESSAGE][PASSED] - Text '10.50' is set on object 'Object Repository/IWP30/Page_VRelay30Emulator/Amount'

05-10-2024T01:00:28 - [MESSAGE][PASSED] - Text '0OUrmELvz1Mq' is set on object 'Object Repository/IWP30/Page_VRelay30Emulator/CAN'

05-10-2024T01:00:29 - [MESSAGE][PASSED] - Text 'PayNow' is set on object 'Object Repository/IWP30/Page_VRelay30Emulator/Action'

05-10-2024T01:00:29 - [MESSAGE][PASSED] - Text 'en_US' is set on object 'Object Repository/IWP30/Page_VRelay30Emulator/Lang'

05-10-2024T01:00:30 - [MESSAGE][PASSED] - Text '' is set on object 'Object Repository/IWP30/Page_VRelay30Emulator/Fname'

05-10-2024T01:00:31 - [MESSAGE][PASSED] - Text '' is set on object 'Object Repository/IWP30/Page_VRelay30Emulator/Lname'

05-10-2024T01:00:31 - [MESSAGE][PASSED] - Text '' is set on object 'Object Repository/IWP30/Page_VRelay30Emulator/AL1'

05-10-2024T01:00:32 - [MESSAGE][PASSED] - Text '' is set on object 'Object Repository/IWP30/Page_VRelay30Emulator/AL2'

05-10-2024T01:00:32 - [MESSAGE][PASSED] - Text '' is set on object 'Object Repository/IWP30/Page_VRelay30Emulator/Country'

05-10-2024T01:00:33 - [MESSAGE][PASSED] - Text '' is set on object 'Object Repository/IWP30/Page_VRelay30Emulator/City'

05-10-2024T01:00:34 - [MESSAGE][PASSED] - Text '' is set on object 'Object Repository/IWP30/Page_VRelay30Emulator/State'

05-10-2024T01:00:34 - [MESSAGE][PASSED] - Text '' is set on object 'Object Repository/IWP30/Page_VRelay30Emulator/ZIP'

05-10-2024T01:00:35 - [MESSAGE][PASSED] - Text '' is set on object 'Object Repository/IWP30/Page_VRelay30Emulator/Order'

05-10-2024T01:00:35 - [MESSAGE][PASSED] - Text '' is set on object 'Object Repository/IWP30/Page_VRelay30Emulator/Company'

05-10-2024T01:00:36 - [MESSAGE][PASSED] - Text '' is set on object 'Object Repository/IWP30/Page_VRelay30Emulator/Email'

05-10-2024T01:00:36 - [MESSAGE][PASSED] - Text '' is set on object 'Object Repository/IWP30/Page_VRelay30Emulator/UDF1'

05-10-2024T01:00:37 - [MESSAGE][PASSED] - Text '' is set on object 'Object Repository/IWP30/Page_VRelay30Emulator/UDF2'

05-10-2024T01:00:38 - [MESSAGE][PASSED] - Text '' is set on object 'Object Repository/IWP30/Page_VRelay30Emulator/UDF3'

05-10-2024T01:00:38 - [MESSAGE][PASSED] - Text 'udf data 4' is set on object 'Object Repository/IWP30/Page_VRelay30Emulator/UDF4'

05-10-2024T01:00:39 - [MESSAGE][PASSED] - Text 'udf data 5' is set on object 'Object Repository/IWP30/Page_VRelay30Emulator/UDF5'

05-10-2024T01:00:39 - [MESSAGE][PASSED] - Text '' is set on object 'Object Repository/IWP30/Page_VRelay30Emulator/UDF6'

05-10-2024T01:00:40 - [MESSAGE][PASSED] - Text '' is set on object 'Object Repository/IWP30/Page_VRelay30Emulator/UDF7'

05-10-2024T01:00:40 - [MESSAGE][PASSED] - Text '' is set on object 'Object Repository/IWP30/Page_VRelay30Emulator/UDF8'

05-10-2024T01:00:41 - [MESSAGE][PASSED] - Text 'udf data 9' is set on object 'Object Repository/IWP30/Page_VRelay30Emulator/UDF9'

05-10-2024T01:00:42 - [MESSAGE][PASSED] - Text 'udf data 10' is set on object 'Object Repository/IWP30/Page_VRelay30Emulator/UDF10'

05-10-2024T01:00:43 - [MESSAGE][PASSED] - Object: 'Object Repository/IWP30/Page_VRelay30Emulator/Submit' is clicked on

05-10-2024T01:00:47 - [MESSAGE][PASSED] - Browser is closed

05-10-2024T01:00:51 - [MESSAGE][PASSED] - iwpPages.emulatorIWP30.setDataEmulator_DD is PASSED

05-10-2024T01:00:51 - [TEST_STEP][PASSED] - testHarnessURL = urlTestHarness: null

05-10-2024T01:00:51 - [TEST_STEP][PASSED] - openBrowser(testHarnessURL): Browser is opened with url: 'https://dev-algorithm.govolution.com/vrelaytest/QA/version_2_2/vrelaytest.html'

05-10-2024T01:00:51 - [MESSAGE][INFO] - Starting 'Edge Chromium' driver

05-10-2024T01:00:51 - [MESSAGE][INFO] - User set preference: ['acceptInsecureCerts', 'true']

05-10-2024T01:00:53 - [MESSAGE][INFO] - Action delay is set to 0 milliseconds

05-10-2024T01:00:56 - [MESSAGE][PASSED] - Browser is opened with url: 'https://dev-algorithm.govolution.com/vrelaytest/QA/version_2_2/vrelaytest.html'

05-10-2024T01:00:56 - [TEST_STEP][PASSED] - maximizeWindow(): Current window maximized

05-10-2024T01:00:57 - [MESSAGE][PASSED] - Current window maximized

05-10-2024T01:00:57 - [TEST_STEP][PASSED] - iwpPages.TestHarnessPage.setDataMethod(row, dataFile): iwpPages.TestHarnessPage.setDataMethod is PASSED

05-10-2024T01:00:57 - [MESSAGE][PASSED] - Object 'Object Repository/IWP30/Page_QATestHarness/RemittanceID' is present

05-10-2024T01:00:58 - [MESSAGE][PASSED] - Text '639' is set on object 'Object Repository/IWP30/Page_QATestHarness/ApplicationID'

05-10-2024T01:00:58 - [MESSAGE][PASSED] - Text '2.5' is set on object 'Object Repository/IWP30/Page_QATestHarness/MessageVersion'

05-10-2024T01:00:59 - [MESSAGE][PASSED] - Text 'sVIQrPXlhiCR' is set on object 'Object Repository/IWP30/Page_QATestHarness/RemittanceID'

05-10-2024T01:01:03 - [MESSAGE][PASSED] - Object: 'Object Repository/IWP30/Page_QATestHarness/SubmitButton' is clicked on

05-10-2024T01:01:03 - [MESSAGE][PASSED] - iwpPages.TestHarnessPage.setDataMethod is PASSED

05-10-2024T01:01:03 - [TEST_STEP][PASSED] - click(findTestObject("Object Repository/IWP30/Page_SelectPaymentMethod/PayByPersonalCheck")): Object: 'Object Repository/IWP30/Page_SelectPaymentMethod/PayByPersonalCheck' is clicked on

05-10-2024T01:01:04 - [MESSAGE][PASSED] - Object: 'Object Repository/IWP30/Page_SelectPaymentMethod/PayByPersonalCheck' is clicked on

05-10-2024T01:01:04 - [TEST_STEP][PASSED] - click(findTestObject("Object Repository/IWP30/Page_SelectPaymentMethod/MakePaymentButton")): Object: 'Object Repository/IWP30/Page_SelectPaymentMethod/MakePaymentButton' is clicked on

05-10-2024T01:01:05 - [MESSAGE][PASSED] - Object: 'Object Repository/IWP30/Page_SelectPaymentMethod/MakePaymentButton' is clicked on

05-10-2024T01:01:05 - [TEST_STEP][PASSED] - iwpPages.achPersonalPaymentEntryPage.setDataACHPPM(row, dataFile): iwpPages.achPersonalPaymentEntryPage.setDataACHPPM is PASSED

05-10-2024T01:01:06 - [MESSAGE][PASSED] - Object 'Object Repository/IWP30/Page_ACHPersonalPaymentEntry/txt_accountNumber' is present

05-10-2024T01:01:07 - [MESSAGE][PASSED] - Text '10.50' is set on object 'Object Repository/IWP30/Page_ACHPersonalPaymentEntry/txt_Amount'

05-10-2024T01:01:07 - [MESSAGE][PASSED] - Object 'Object Repository/IWP30/Page_ACHPersonalPaymentEntry/txt_UDF2' is present

05-10-2024T01:01:08 - [MESSAGE][PASSED] - Text 'udf data 2' is set on object 'Object Repository/IWP30/Page_ACHPersonalPaymentEntry/txt_UDF2'

05-10-2024T01:01:08 - [MESSAGE][PASSED] - Text 'udf data 3' is set on object 'Object Repository/IWP30/Page_ACHPersonalPaymentEntry/txt_UDF3'

05-10-2024T01:01:09 - [MESSAGE][PASSED] - All options with label 'Orange' are selected in object 'Object Repository/IWP30/Page_ACHPersonalPaymentEntry/dd_UDF7' 

05-10-2024T01:01:09 - [MESSAGE][PASSED] - All options with label 'Soccer' are selected in object 'Object Repository/IWP30/Page_ACHPersonalPaymentEntry/dd_UDF8' 

05-10-2024T01:01:10 - [MESSAGE][PASSED] - Object 'Object Repository/IWP30/Page_ACHPersonalPaymentEntry/txt_Firstname' is present

05-10-2024T01:01:10 - [MESSAGE][PASSED] - Text 'Elizath' is set on object 'Object Repository/IWP30/Page_ACHPersonalPaymentEntry/txt_Firstname'

05-10-2024T01:01:10 - [MESSAGE][PASSED] - Object 'Object Repository/IWP30/Page_ACHPersonalPaymentEntry/txt_Lastname' is present

05-10-2024T01:01:11 - [MESSAGE][PASSED] - Text 'Christine' is set on object 'Object Repository/IWP30/Page_ACHPersonalPaymentEntry/txt_Lastname'

05-10-2024T01:01:11 - [MESSAGE][PASSED] - Object 'Object Repository/IWP30/Page_ACHPersonalPaymentEntry/txt_routingNumber' is present

05-10-2024T01:01:12 - [MESSAGE][PASSED] - Text '256072691' is set on object 'Object Repository/IWP30/Page_ACHPersonalPaymentEntry/txt_routingNumber'

05-10-2024T01:01:12 - [MESSAGE][PASSED] - Object 'Object Repository/IWP30/Page_ACHPersonalPaymentEntry/txt_accountNumber' is present

05-10-2024T01:01:13 - [MESSAGE][PASSED] - Text '12344444' is set on object 'Object Repository/IWP30/Page_ACHPersonalPaymentEntry/txt_accountNumber'

05-10-2024T01:01:14 - [MESSAGE][PASSED] - Object 'Object Repository/IWP30/Page_ACHPersonalPaymentEntry/txt_confirmAccountNumber' is present

05-10-2024T01:01:15 - [MESSAGE][PASSED] - Text '12344444' is set on object 'Object Repository/IWP30/Page_ACHPersonalPaymentEntry/txt_confirmAccountNumber'

05-10-2024T01:01:15 - [MESSAGE][PASSED] - Object 'Object Repository/IWP30/Page_ACHPersonalPaymentEntry/rd_accountType' is present

05-10-2024T01:01:15 - [MESSAGE][PASSED] - Modify property of object successfully

05-10-2024T01:01:15 - [MESSAGE][PASSED] - Object: 'Object Repository/IWP30/Page_ACHPersonalPaymentEntry/rd_accountType' is clicked on

05-10-2024T01:01:16 - [MESSAGE][PASSED] - Text '365 Main Avenue' is set on object 'Object Repository/IWP30/Page_ACHPersonalPaymentEntry/txt_AL1'

05-10-2024T01:01:16 - [MESSAGE][PASSED] - Text '22201' is set on object 'Object Repository/IWP30/Page_ACHPersonalPaymentEntry/txt_ZIP'

05-10-2024T01:01:17 - [MESSAGE][PASSED] - Object 'Object Repository/IWP30/Page_ACHPersonalPaymentEntry/txt_Email' is present

05-10-2024T01:01:17 - [MESSAGE][PASSED] - Text 'iahmed@govolution.com' is set on object 'Object Repository/IWP30/Page_ACHPersonalPaymentEntry/txt_Email'

05-10-2024T01:01:18 - [MESSAGE][PASSED] - Object 'Object Repository/IWP30/Page_ACHPersonalPaymentEntry/cb_TermsAndCond' is present

05-10-2024T01:01:18 - [MESSAGE][PASSED] - Object: 'Object Repository/IWP30/Page_ACHPersonalPaymentEntry/cb_TermsAndCond' is clicked on

05-10-2024T01:01:18 - [MESSAGE][PASSED] - Object 'Object Repository/IWP30/Page_ACHPersonalPaymentEntry/btn_Continue' is present

05-10-2024T01:01:20 - [MESSAGE][PASSED] - Object: 'Object Repository/IWP30/Page_ACHPersonalPaymentEntry/btn_Continue' is clicked on

05-10-2024T01:01:20 - [MESSAGE][PASSED] - iwpPages.achPersonalPaymentEntryPage.setDataACHPPM is PASSED

05-10-2024T01:01:20 - [TEST_STEP][PASSED] - click(findTestObject("Object Repository/IWP30/Page_Confirmation/ConfirmButton")): Object: 'Object Repository/IWP30/Page_Confirmation/ConfirmButton' is clicked on

05-10-2024T01:01:21 - [MESSAGE][PASSED] - Object: 'Object Repository/IWP30/Page_Confirmation/ConfirmButton' is clicked on

05-10-2024T01:01:21 - [TEST_STEP][PASSED] - Thread.sleep(5000): null

05-10-2024T01:01:26 - [TEST_STEP][PASSED] - if (verifyTextPresent("Make a Real Estate Payment", false)): null

05-10-2024T01:01:26 - [MESSAGE][PASSED] - Text 'Make a Real Estate Payment' is present on page 

05-10-2024T01:01:26 - [TEST_STEP][PASSED] - isRequiredTextPresent = true: null

05-10-2024T01:01:26 - [TEST_STEP][PASSED] - println(isRequiredTextPresent): null

05-10-2024T01:01:26 - [TEST_STEP][PASSED] - if (isRequiredTextPresent): null

05-10-2024T01:01:26 - [TEST_STEP][PASSED] - if (verifyTextPresent("This transaction is subject to a Convenience Fees of $2.00.", false)): null

05-10-2024T01:01:27 - [MESSAGE][PASSED] - Text 'This transaction is subject to a Convenience Fees of $2.00.' is present on page 

05-10-2024T01:01:27 - [TEST_STEP][PASSED] - isRequiredTextPresent = true: null

05-10-2024T01:01:27 - [TEST_STEP][PASSED] - println(isRequiredTextPresent): null

05-10-2024T01:01:27 - [TEST_STEP][PASSED] - if (isRequiredTextPresent): null

05-10-2024T01:01:27 - [TEST_STEP][PASSED] - if (verifyTextPresent("Payment Amount:  $10.50", false)): null

05-10-2024T01:01:27 - [MESSAGE][PASSED] - Text 'Payment Amount:  $10.50' is present on page 

05-10-2024T01:01:27 - [TEST_STEP][PASSED] - isRequiredTextPresent = true: null

05-10-2024T01:01:27 - [TEST_STEP][PASSED] - if (isRequiredTextPresent): null

05-10-2024T01:01:27 - [TEST_STEP][PASSED] - if (verifyTextPresent("Convenience Fees:  $2.00", false)): null

05-10-2024T01:01:27 - [MESSAGE][PASSED] - Text 'Convenience Fees:  $2.00' is present on page 

05-10-2024T01:01:27 - [TEST_STEP][PASSED] - isRequiredTextPresent = true: null

05-10-2024T01:01:27 - [TEST_STEP][PASSED] - if (isRequiredTextPresent): null

05-10-2024T01:01:27 - [TEST_STEP][PASSED] - if (verifyTextPresent("Total Amount:  $12.50", false)): null

05-10-2024T01:01:27 - [MESSAGE][PASSED] - Text 'Total Amount:  $12.50' is present on page 

05-10-2024T01:01:27 - [TEST_STEP][PASSED] - isRequiredTextPresent = true: null

05-10-2024T01:01:27 - [TEST_STEP][PASSED] - if (isRequiredTextPresent): null

05-10-2024T01:01:27 - [TEST_STEP][PASSED] - if (verifyTextPresent("One transaction in the amount of $12.50 will appear on your bank statement.", false)): null

05-10-2024T01:01:28 - [MESSAGE][PASSED] - Text 'One transaction in the amount of $12.50 will appear on your bank statement.' is present on page 

05-10-2024T01:01:28 - [TEST_STEP][PASSED] - isRequiredTextPresent = true: null

05-10-2024T01:01:28 - [TEST_STEP][PASSED] - Thread.sleep(10000): null

05-10-2024T01:01:38 - [TEST_STEP][PASSED] - click(findTestObject("Object Repository/IWP30/Page_ConvenienceFees/btn_convFeeNotifyAction")): Object: 'Object Repository/IWP30/Page_ConvenienceFees/btn_convFeeNotifyAction' is clicked on

05-10-2024T01:01:39 - [MESSAGE][PASSED] - Object: 'Object Repository/IWP30/Page_ConvenienceFees/btn_convFeeNotifyAction' is clicked on

05-10-2024T01:01:39 - [TEST_STEP][PASSED] - Thread.sleep(10000): null

05-10-2024T01:01:49 - [TEST_STEP][PASSED] - if (verifyTextPresent("Successful Payment Receipt", false)): null

05-10-2024T01:01:50 - [MESSAGE][PASSED] - Text 'Successful Payment Receipt' is present on page 

05-10-2024T01:01:50 - [TEST_STEP][PASSED] - println("Successful Payment Receipt text is present on the Receipt page"): null

05-10-2024T01:01:50 - [TEST_STEP][PASSED] - markPassed("Successful Payment Receipt text is present on the Receipt page"): Successful Payment Receipt text is present on the Receipt page

05-10-2024T01:01:50 - [MESSAGE][PASSED] - Successful Payment Receipt text is present on the Receipt page

05-10-2024T01:01:50 - [TEST_STEP][PASSED] - resText = "Pass": null

05-10-2024T01:01:50 - [TEST_STEP][PASSED] - pages.WriteExcel.demoKey(resText, datText, resColumn, datCloumn, fileLoc, nameSheet, row): pages.WriteExcel.demoKey is PASSED

05-10-2024T01:01:50 - [MESSAGE][PASSED] - pages.WriteExcel.demoKey is PASSED

05-10-2024T01:01:50 - [TEST_STEP][PASSED] - closeBrowser(): Browser is closed

05-10-2024T01:01:50 - [MESSAGE][PASSED] - Browser is closed

05-10-2024T01:01:50 - [TEST_STEP][PASSED] - ExecuteTC = findTestData(dataFile).getValue("Execute", row): null

05-10-2024T01:01:50 - [TEST_STEP][PASSED] - out.println("Value of Execute is : " + ExecuteTC): null

05-10-2024T01:01:50 - [TEST_STEP][PASSED] - if (ExecuteTC.equalsIgnoreCase("Y")): null

05-10-2024T01:01:50 - [TEST_STEP][PASSED] - out.println("Begin Record Number: " + row): null

05-10-2024T01:01:50 - [TEST_STEP][PASSED] - today = new java.util.Date(): null

05-10-2024T01:01:50 - [TEST_STEP][PASSED] - println(today): null

05-10-2024T01:01:50 - [TEST_STEP][PASSED] - datText = today: null

05-10-2024T01:01:50 - [TEST_STEP][PASSED] - EmulatorDataKey = findTestData(dataFile).getValue("EmulatorData", row): null

05-10-2024T01:01:50 - [TEST_STEP][PASSED] - out.println("Value of Emulator Key is : " + EmulatorDataKey): null

05-10-2024T01:01:50 - [TEST_STEP][PASSED] - iwpPages.emulatorIWP30.setDataEmulator_DD(EmulatorDataKey): iwpPages.emulatorIWP30.setDataEmulator_DD is PASSED

05-10-2024T01:01:51 - [MESSAGE][INFO] - Starting 'Edge Chromium' driver

05-10-2024T01:01:51 - [MESSAGE][INFO] - User set preference: ['acceptInsecureCerts', 'true']

05-10-2024T01:01:52 - [MESSAGE][INFO] - Action delay is set to 0 milliseconds

05-10-2024T01:01:55 - [MESSAGE][PASSED] - Browser is opened with url: 'https://qa.velocitypayment.com/agency/config.do?action=editor&message_version=2_5'

05-10-2024T01:01:56 - [MESSAGE][PASSED] - Current window maximized

05-10-2024T01:01:56 - [MESSAGE][PASSED] - All options with value '2.5' are selected in object 'Object Repository/IWP30/Page_VRelay30Emulator/MV'  using regular expression

05-10-2024T01:01:57 - [MESSAGE][PASSED] - Text '10.50' is set on object 'Object Repository/IWP30/Page_VRelay30Emulator/Amount'

05-10-2024T01:01:58 - [MESSAGE][PASSED] - Text 'nwNQjFJSZDT1' is set on object 'Object Repository/IWP30/Page_VRelay30Emulator/CAN'

05-10-2024T01:01:59 - [MESSAGE][PASSED] - Text 'PayNow' is set on object 'Object Repository/IWP30/Page_VRelay30Emulator/Action'

05-10-2024T01:01:59 - [MESSAGE][PASSED] - Text 'en_US' is set on object 'Object Repository/IWP30/Page_VRelay30Emulator/Lang'

05-10-2024T01:02:00 - [MESSAGE][PASSED] - Text 'Jasmine' is set on object 'Object Repository/IWP30/Page_VRelay30Emulator/Fname'

05-10-2024T01:02:00 - [MESSAGE][PASSED] - Text 'Patrinol' is set on object 'Object Repository/IWP30/Page_VRelay30Emulator/Lname'

05-10-2024T01:02:01 - [MESSAGE][PASSED] - Text '258 Underwood rd' is set on object 'Object Repository/IWP30/Page_VRelay30Emulator/AL1'

05-10-2024T01:02:02 - [MESSAGE][PASSED] - Text 'Suite 600' is set on object 'Object Repository/IWP30/Page_VRelay30Emulator/AL2'

05-10-2024T01:02:02 - [MESSAGE][PASSED] - Text '840' is set on object 'Object Repository/IWP30/Page_VRelay30Emulator/Country'

05-10-2024T01:02:03 - [MESSAGE][PASSED] - Text 'Arlington' is set on object 'Object Repository/IWP30/Page_VRelay30Emulator/City'

05-10-2024T01:02:03 - [MESSAGE][PASSED] - Text 'VA' is set on object 'Object Repository/IWP30/Page_VRelay30Emulator/State'

05-10-2024T01:02:04 - [MESSAGE][PASSED] - Text '22201' is set on object 'Object Repository/IWP30/Page_VRelay30Emulator/ZIP'

05-10-2024T01:02:04 - [MESSAGE][PASSED] - Text '' is set on object 'Object Repository/IWP30/Page_VRelay30Emulator/Order'

05-10-2024T01:02:05 - [MESSAGE][PASSED] - Text 'Some Company' is set on object 'Object Repository/IWP30/Page_VRelay30Emulator/Company'

05-10-2024T01:02:06 - [MESSAGE][PASSED] - Text 'iahmed@govolution.com' is set on object 'Object Repository/IWP30/Page_VRelay30Emulator/Email'

05-10-2024T01:02:06 - [MESSAGE][PASSED] - Text 'udf data 1' is set on object 'Object Repository/IWP30/Page_VRelay30Emulator/UDF1'

05-10-2024T01:02:07 - [MESSAGE][PASSED] - Text 'udf data 2' is set on object 'Object Repository/IWP30/Page_VRelay30Emulator/UDF2'

05-10-2024T01:02:07 - [MESSAGE][PASSED] - Text 'udf data 3' is set on object 'Object Repository/IWP30/Page_VRelay30Emulator/UDF3'

05-10-2024T01:02:08 - [MESSAGE][PASSED] - Text 'udf data 4' is set on object 'Object Repository/IWP30/Page_VRelay30Emulator/UDF4'

05-10-2024T01:02:09 - [MESSAGE][PASSED] - Text 'udf data 5' is set on object 'Object Repository/IWP30/Page_VRelay30Emulator/UDF5'

05-10-2024T01:02:09 - [MESSAGE][PASSED] - Text 'udf data 6' is set on object 'Object Repository/IWP30/Page_VRelay30Emulator/UDF6'

05-10-2024T01:02:10 - [MESSAGE][PASSED] - Text 'Orange' is set on object 'Object Repository/IWP30/Page_VRelay30Emulator/UDF7'

05-10-2024T01:02:10 - [MESSAGE][PASSED] - Text 'Soccer' is set on object 'Object Repository/IWP30/Page_VRelay30Emulator/UDF8'

05-10-2024T01:02:11 - [MESSAGE][PASSED] - Text 'udf data 9' is set on object 'Object Repository/IWP30/Page_VRelay30Emulator/UDF9'

05-10-2024T01:02:12 - [MESSAGE][PASSED] - Text 'udf data 10' is set on object 'Object Repository/IWP30/Page_VRelay30Emulator/UDF10'

05-10-2024T01:02:13 - [MESSAGE][PASSED] - Object: 'Object Repository/IWP30/Page_VRelay30Emulator/Submit' is clicked on

05-10-2024T01:02:17 - [MESSAGE][PASSED] - Browser is closed

05-10-2024T01:02:21 - [MESSAGE][PASSED] - iwpPages.emulatorIWP30.setDataEmulator_DD is PASSED

05-10-2024T01:02:21 - [TEST_STEP][PASSED] - testHarnessURL = urlTestHarness: null

05-10-2024T01:02:21 - [TEST_STEP][PASSED] - openBrowser(testHarnessURL): Browser is opened with url: 'https://dev-algorithm.govolution.com/vrelaytest/QA/version_2_2/vrelaytest.html'

05-10-2024T01:02:21 - [MESSAGE][INFO] - Starting 'Edge Chromium' driver

05-10-2024T01:02:21 - [MESSAGE][INFO] - User set preference: ['acceptInsecureCerts', 'true']

05-10-2024T01:02:23 - [MESSAGE][INFO] - Action delay is set to 0 milliseconds

05-10-2024T01:02:27 - [MESSAGE][PASSED] - Browser is opened with url: 'https://dev-algorithm.govolution.com/vrelaytest/QA/version_2_2/vrelaytest.html'

05-10-2024T01:02:27 - [TEST_STEP][PASSED] - maximizeWindow(): Current window maximized

05-10-2024T01:02:27 - [MESSAGE][PASSED] - Current window maximized

05-10-2024T01:02:27 - [TEST_STEP][PASSED] - iwpPages.TestHarnessPage.setDataMethod(row, dataFile): iwpPages.TestHarnessPage.setDataMethod is PASSED

05-10-2024T01:02:28 - [MESSAGE][PASSED] - Object 'Object Repository/IWP30/Page_QATestHarness/RemittanceID' is present

05-10-2024T01:02:28 - [MESSAGE][PASSED] - Text '639' is set on object 'Object Repository/IWP30/Page_QATestHarness/ApplicationID'

05-10-2024T01:02:29 - [MESSAGE][PASSED] - Text '2.5' is set on object 'Object Repository/IWP30/Page_QATestHarness/MessageVersion'

05-10-2024T01:02:29 - [MESSAGE][PASSED] - Text 'QskpWs1V3su0' is set on object 'Object Repository/IWP30/Page_QATestHarness/RemittanceID'

05-10-2024T01:02:32 - [MESSAGE][PASSED] - Object: 'Object Repository/IWP30/Page_QATestHarness/SubmitButton' is clicked on

05-10-2024T01:02:32 - [MESSAGE][PASSED] - iwpPages.TestHarnessPage.setDataMethod is PASSED

05-10-2024T01:02:32 - [TEST_STEP][PASSED] - click(findTestObject("Object Repository/IWP30/Page_SelectPaymentMethod/PayByPersonalCheck")): Object: 'Object Repository/IWP30/Page_SelectPaymentMethod/PayByPersonalCheck' is clicked on

05-10-2024T01:02:33 - [MESSAGE][PASSED] - Object: 'Object Repository/IWP30/Page_SelectPaymentMethod/PayByPersonalCheck' is clicked on

05-10-2024T01:02:33 - [TEST_STEP][PASSED] - click(findTestObject("Object Repository/IWP30/Page_SelectPaymentMethod/MakePaymentButton")): Object: 'Object Repository/IWP30/Page_SelectPaymentMethod/MakePaymentButton' is clicked on

05-10-2024T01:02:34 - [MESSAGE][PASSED] - Object: 'Object Repository/IWP30/Page_SelectPaymentMethod/MakePaymentButton' is clicked on

05-10-2024T01:02:34 - [TEST_STEP][PASSED] - iwpPages.achPersonalPaymentEntryPage.setDataACHPPM(row, dataFile): iwpPages.achPersonalPaymentEntryPage.setDataACHPPM is PASSED

05-10-2024T01:02:35 - [MESSAGE][PASSED] - Object 'Object Repository/IWP30/Page_ACHPersonalPaymentEntry/txt_accountNumber' is present

05-10-2024T01:02:36 - [MESSAGE][PASSED] - Object 'Object Repository/IWP30/Page_ACHPersonalPaymentEntry/txt_UDF2' is present

05-10-2024T01:02:36 - [MESSAGE][PASSED] - All options with label 'Soccer' are selected in object 'Object Repository/IWP30/Page_ACHPersonalPaymentEntry/dd_UDF8' 

05-10-2024T01:02:36 - [MESSAGE][PASSED] - Object 'Object Repository/IWP30/Page_ACHPersonalPaymentEntry/txt_Firstname' is present

05-10-2024T01:02:37 - [MESSAGE][PASSED] - Text 'Elizath' is set on object 'Object Repository/IWP30/Page_ACHPersonalPaymentEntry/txt_Firstname'

05-10-2024T01:02:37 - [MESSAGE][PASSED] - Object 'Object Repository/IWP30/Page_ACHPersonalPaymentEntry/txt_Lastname' is present

05-10-2024T01:02:38 - [MESSAGE][PASSED] - Text 'Christine' is set on object 'Object Repository/IWP30/Page_ACHPersonalPaymentEntry/txt_Lastname'

05-10-2024T01:02:38 - [MESSAGE][PASSED] - Object 'Object Repository/IWP30/Page_ACHPersonalPaymentEntry/txt_routingNumber' is present

05-10-2024T01:02:39 - [MESSAGE][PASSED] - Text '256072691' is set on object 'Object Repository/IWP30/Page_ACHPersonalPaymentEntry/txt_routingNumber'

05-10-2024T01:02:39 - [MESSAGE][PASSED] - Object 'Object Repository/IWP30/Page_ACHPersonalPaymentEntry/txt_accountNumber' is present

05-10-2024T01:02:40 - [MESSAGE][PASSED] - Text '12344444' is set on object 'Object Repository/IWP30/Page_ACHPersonalPaymentEntry/txt_accountNumber'

05-10-2024T01:02:41 - [MESSAGE][PASSED] - Object 'Object Repository/IWP30/Page_ACHPersonalPaymentEntry/txt_confirmAccountNumber' is present

05-10-2024T01:02:41 - [MESSAGE][PASSED] - Text '12344444' is set on object 'Object Repository/IWP30/Page_ACHPersonalPaymentEntry/txt_confirmAccountNumber'

05-10-2024T01:02:42 - [MESSAGE][PASSED] - Object 'Object Repository/IWP30/Page_ACHPersonalPaymentEntry/rd_accountType' is present

05-10-2024T01:02:42 - [MESSAGE][PASSED] - Modify property of object successfully

05-10-2024T01:02:42 - [MESSAGE][PASSED] - Object: 'Object Repository/IWP30/Page_ACHPersonalPaymentEntry/rd_accountType' is clicked on

05-10-2024T01:02:42 - [MESSAGE][PASSED] - Object 'Object Repository/IWP30/Page_ACHPersonalPaymentEntry/txt_Email' is present

05-10-2024T01:02:42 - [MESSAGE][PASSED] - Object 'Object Repository/IWP30/Page_ACHPersonalPaymentEntry/cb_TermsAndCond' is present

05-10-2024T01:02:43 - [MESSAGE][PASSED] - Object: 'Object Repository/IWP30/Page_ACHPersonalPaymentEntry/cb_TermsAndCond' is clicked on

05-10-2024T01:02:43 - [MESSAGE][PASSED] - Object 'Object Repository/IWP30/Page_ACHPersonalPaymentEntry/btn_Continue' is present

05-10-2024T01:02:44 - [MESSAGE][PASSED] - Object: 'Object Repository/IWP30/Page_ACHPersonalPaymentEntry/btn_Continue' is clicked on

05-10-2024T01:02:44 - [MESSAGE][PASSED] - iwpPages.achPersonalPaymentEntryPage.setDataACHPPM is PASSED

05-10-2024T01:02:44 - [TEST_STEP][PASSED] - click(findTestObject("Object Repository/IWP30/Page_Confirmation/ConfirmButton")): Object: 'Object Repository/IWP30/Page_Confirmation/ConfirmButton' is clicked on

05-10-2024T01:02:46 - [MESSAGE][PASSED] - Object: 'Object Repository/IWP30/Page_Confirmation/ConfirmButton' is clicked on

05-10-2024T01:02:46 - [TEST_STEP][PASSED] - Thread.sleep(5000): null

05-10-2024T01:02:51 - [TEST_STEP][PASSED] - if (verifyTextPresent("Make a Real Estate Payment", false)): null

05-10-2024T01:02:51 - [MESSAGE][PASSED] - Text 'Make a Real Estate Payment' is present on page 

05-10-2024T01:02:51 - [TEST_STEP][PASSED] - isRequiredTextPresent = true: null

05-10-2024T01:02:51 - [TEST_STEP][PASSED] - println(isRequiredTextPresent): null

05-10-2024T01:02:51 - [TEST_STEP][PASSED] - if (isRequiredTextPresent): null

05-10-2024T01:02:51 - [TEST_STEP][PASSED] - if (verifyTextPresent("This transaction is subject to a Convenience Fees of $2.00.", false)): null

05-10-2024T01:02:51 - [MESSAGE][PASSED] - Text 'This transaction is subject to a Convenience Fees of $2.00.' is present on page 

05-10-2024T01:02:51 - [TEST_STEP][PASSED] - isRequiredTextPresent = true: null

05-10-2024T01:02:51 - [TEST_STEP][PASSED] - println(isRequiredTextPresent): null

05-10-2024T01:02:51 - [TEST_STEP][PASSED] - if (isRequiredTextPresent): null

05-10-2024T01:02:51 - [TEST_STEP][PASSED] - if (verifyTextPresent("Payment Amount:  $10.50", false)): null

05-10-2024T01:02:51 - [MESSAGE][PASSED] - Text 'Payment Amount:  $10.50' is present on page 

05-10-2024T01:02:51 - [TEST_STEP][PASSED] - isRequiredTextPresent = true: null

05-10-2024T01:02:51 - [TEST_STEP][PASSED] - if (isRequiredTextPresent): null

05-10-2024T01:02:51 - [TEST_STEP][PASSED] - if (verifyTextPresent("Convenience Fees:  $2.00", false)): null

05-10-2024T01:02:52 - [MESSAGE][PASSED] - Text 'Convenience Fees:  $2.00' is present on page 

05-10-2024T01:02:52 - [TEST_STEP][PASSED] - isRequiredTextPresent = true: null

05-10-2024T01:02:52 - [TEST_STEP][PASSED] - if (isRequiredTextPresent): null

05-10-2024T01:02:52 - [TEST_STEP][PASSED] - if (verifyTextPresent("Total Amount:  $12.50", false)): null

05-10-2024T01:02:52 - [MESSAGE][PASSED] - Text 'Total Amount:  $12.50' is present on page 

05-10-2024T01:02:52 - [TEST_STEP][PASSED] - isRequiredTextPresent = true: null

05-10-2024T01:02:52 - [TEST_STEP][PASSED] - if (isRequiredTextPresent): null

05-10-2024T01:02:52 - [TEST_STEP][PASSED] - if (verifyTextPresent("One transaction in the amount of $12.50 will appear on your bank statement.", false)): null

05-10-2024T01:02:52 - [MESSAGE][PASSED] - Text 'One transaction in the amount of $12.50 will appear on your bank statement.' is present on page 

05-10-2024T01:02:52 - [TEST_STEP][PASSED] - isRequiredTextPresent = true: null

05-10-2024T01:02:52 - [TEST_STEP][PASSED] - Thread.sleep(10000): null

05-10-2024T01:03:02 - [TEST_STEP][PASSED] - click(findTestObject("Object Repository/IWP30/Page_ConvenienceFees/btn_convFeeNotifyAction")): Object: 'Object Repository/IWP30/Page_ConvenienceFees/btn_convFeeNotifyAction' is clicked on

05-10-2024T01:03:04 - [MESSAGE][PASSED] - Object: 'Object Repository/IWP30/Page_ConvenienceFees/btn_convFeeNotifyAction' is clicked on

05-10-2024T01:03:04 - [TEST_STEP][PASSED] - Thread.sleep(10000): null

05-10-2024T01:03:14 - [TEST_STEP][PASSED] - if (verifyTextPresent("Successful Payment Receipt", false)): null

05-10-2024T01:03:14 - [MESSAGE][PASSED] - Text 'Successful Payment Receipt' is present on page 

05-10-2024T01:03:14 - [TEST_STEP][PASSED] - println("Successful Payment Receipt text is present on the Receipt page"): null

05-10-2024T01:03:14 - [TEST_STEP][PASSED] - markPassed("Successful Payment Receipt text is present on the Receipt page"): Successful Payment Receipt text is present on the Receipt page

05-10-2024T01:03:14 - [MESSAGE][PASSED] - Successful Payment Receipt text is present on the Receipt page

05-10-2024T01:03:14 - [TEST_STEP][PASSED] - resText = "Pass": null

05-10-2024T01:03:14 - [TEST_STEP][PASSED] - pages.WriteExcel.demoKey(resText, datText, resColumn, datCloumn, fileLoc, nameSheet, row): pages.WriteExcel.demoKey is PASSED

05-10-2024T01:03:14 - [MESSAGE][PASSED] - pages.WriteExcel.demoKey is PASSED

05-10-2024T01:03:14 - [TEST_STEP][PASSED] - closeBrowser(): Browser is closed

05-10-2024T01:03:15 - [MESSAGE][PASSED] - Browser is closed]]></system-out>
         <system-err><![CDATA[]]></system-err>
      </testcase>
      <testcase name="Test Cases/IntegratedWeb/IWP25/Payments/PayNowPersonalSavingsDCF" time="173.327" classname="Test Cases/IntegratedWeb/IWP25/Payments/PayNowPersonalSavingsDCF" status="PASSED">
         <system-out><![CDATA[05-10-2024T01:03:15 - [TEST_CASE][PASSED] - Test Cases/IntegratedWeb/IWP25/Payments/PayNowPersonalSavingsDCF: Test Cases/IntegratedWeb/IWP25/Payments/PayNowPersonalSavingsDCF

05-10-2024T01:03:15 - [TEST_STEP][PASSED] - resText = "Fail": null

05-10-2024T01:03:15 - [TEST_STEP][PASSED] - resColumn = "Result": null

05-10-2024T01:03:15 - [TEST_STEP][PASSED] - datCloumn = "Date": null

05-10-2024T01:03:15 - [TEST_STEP][PASSED] - fileLoc = "KatalonData/IWPTestData/VRelay25Payments.xlsx": null

05-10-2024T01:03:15 - [TEST_STEP][PASSED] - numOfRows = <not implemented yet for class: org.codehaus.groovy.ast.expr.EmptyExpression>: null

05-10-2024T01:03:15 - [TEST_STEP][PASSED] - dataFile = <not implemented yet for class: org.codehaus.groovy.ast.expr.EmptyExpression>: null

05-10-2024T01:03:15 - [TEST_STEP][PASSED] - nameSheet = <not implemented yet for class: org.codehaus.groovy.ast.expr.EmptyExpression>: null

05-10-2024T01:03:15 - [TEST_STEP][PASSED] - dataFileEmulator = <not implemented yet for class: org.codehaus.groovy.ast.expr.EmptyExpression>: null

05-10-2024T01:03:15 - [TEST_STEP][PASSED] - isRequiredTextPresent = false: null

05-10-2024T01:03:15 - [TEST_STEP][PASSED] - nameSheet = "PayNowPersonalCheckDCF": null

05-10-2024T01:03:15 - [TEST_STEP][PASSED] - dataFile = "IWPTestData/IWP25PayNowPersonalCheckDCF": null

05-10-2024T01:03:15 - [TEST_STEP][PASSED] - dataFileEmulator = "IWPTestData/EmulatorData": null

05-10-2024T01:03:15 - [TEST_STEP][PASSED] - numOfRows = findTestData(dataFile).getRowNumbers(): null

05-10-2024T01:03:15 - [TEST_STEP][PASSED] - println("Number of Records: " + numOfRows): null

05-10-2024T01:03:15 - [TEST_STEP][PASSED] - for ([row = 1, row <= numOfRows, (row++)]): Browser is closed

05-10-2024T01:03:15 - [TEST_STEP][PASSED] - ExecuteTC = findTestData(dataFile).getValue("Execute", row): null

05-10-2024T01:03:15 - [TEST_STEP][PASSED] - out.println("Value of Execute is : " + ExecuteTC): null

05-10-2024T01:03:15 - [TEST_STEP][PASSED] - if (ExecuteTC.equalsIgnoreCase("Y")): null

05-10-2024T01:03:15 - [TEST_STEP][PASSED] - out.println("Begin Record Number: " + row): null

05-10-2024T01:03:15 - [TEST_STEP][PASSED] - today = new java.util.Date(): null

05-10-2024T01:03:15 - [TEST_STEP][PASSED] - println(today): null

05-10-2024T01:03:15 - [TEST_STEP][PASSED] - datText = today: null

05-10-2024T01:03:15 - [TEST_STEP][PASSED] - EmulatorDataKey = findTestData(dataFile).getValue("EmulatorData", row): null

05-10-2024T01:03:15 - [TEST_STEP][PASSED] - out.println("Value of Emulator Key is : " + EmulatorDataKey): null

05-10-2024T01:03:15 - [TEST_STEP][PASSED] - iwpPages.emulatorIWP30.setDataEmulator_DD(EmulatorDataKey): iwpPages.emulatorIWP30.setDataEmulator_DD is PASSED

05-10-2024T01:03:15 - [MESSAGE][INFO] - Starting 'Edge Chromium' driver

05-10-2024T01:03:15 - [MESSAGE][INFO] - User set preference: ['acceptInsecureCerts', 'true']

05-10-2024T01:03:17 - [MESSAGE][INFO] - Action delay is set to 0 milliseconds

05-10-2024T01:03:20 - [MESSAGE][PASSED] - Browser is opened with url: 'https://qa.velocitypayment.com/agency/config.do?action=editor&message_version=2_5'

05-10-2024T01:03:20 - [MESSAGE][PASSED] - Current window maximized

05-10-2024T01:03:21 - [MESSAGE][PASSED] - All options with value '2.5' are selected in object 'Object Repository/IWP30/Page_VRelay30Emulator/MV'  using regular expression

05-10-2024T01:03:22 - [MESSAGE][PASSED] - Text '10.50' is set on object 'Object Repository/IWP30/Page_VRelay30Emulator/Amount'

05-10-2024T01:03:22 - [MESSAGE][PASSED] - Text 'cVyfweUZo4Kk' is set on object 'Object Repository/IWP30/Page_VRelay30Emulator/CAN'

05-10-2024T01:03:23 - [MESSAGE][PASSED] - Text 'PayNow' is set on object 'Object Repository/IWP30/Page_VRelay30Emulator/Action'

05-10-2024T01:03:24 - [MESSAGE][PASSED] - Text 'en_US' is set on object 'Object Repository/IWP30/Page_VRelay30Emulator/Lang'

05-10-2024T01:03:24 - [MESSAGE][PASSED] - Text '' is set on object 'Object Repository/IWP30/Page_VRelay30Emulator/Fname'

05-10-2024T01:03:25 - [MESSAGE][PASSED] - Text '' is set on object 'Object Repository/IWP30/Page_VRelay30Emulator/Lname'

05-10-2024T01:03:25 - [MESSAGE][PASSED] - Text '' is set on object 'Object Repository/IWP30/Page_VRelay30Emulator/AL1'

05-10-2024T01:03:26 - [MESSAGE][PASSED] - Text '' is set on object 'Object Repository/IWP30/Page_VRelay30Emulator/AL2'

05-10-2024T01:03:26 - [MESSAGE][PASSED] - Text '' is set on object 'Object Repository/IWP30/Page_VRelay30Emulator/Country'

05-10-2024T01:03:27 - [MESSAGE][PASSED] - Text '' is set on object 'Object Repository/IWP30/Page_VRelay30Emulator/City'

05-10-2024T01:03:28 - [MESSAGE][PASSED] - Text '' is set on object 'Object Repository/IWP30/Page_VRelay30Emulator/State'

05-10-2024T01:03:28 - [MESSAGE][PASSED] - Text '' is set on object 'Object Repository/IWP30/Page_VRelay30Emulator/ZIP'

05-10-2024T01:03:29 - [MESSAGE][PASSED] - Text '' is set on object 'Object Repository/IWP30/Page_VRelay30Emulator/Order'

05-10-2024T01:03:29 - [MESSAGE][PASSED] - Text '' is set on object 'Object Repository/IWP30/Page_VRelay30Emulator/Company'

05-10-2024T01:03:30 - [MESSAGE][PASSED] - Text '' is set on object 'Object Repository/IWP30/Page_VRelay30Emulator/Email'

05-10-2024T01:03:31 - [MESSAGE][PASSED] - Text '' is set on object 'Object Repository/IWP30/Page_VRelay30Emulator/UDF1'

05-10-2024T01:03:31 - [MESSAGE][PASSED] - Text '' is set on object 'Object Repository/IWP30/Page_VRelay30Emulator/UDF2'

05-10-2024T01:03:32 - [MESSAGE][PASSED] - Text '' is set on object 'Object Repository/IWP30/Page_VRelay30Emulator/UDF3'

05-10-2024T01:03:32 - [MESSAGE][PASSED] - Text 'udf data 4' is set on object 'Object Repository/IWP30/Page_VRelay30Emulator/UDF4'

05-10-2024T01:03:33 - [MESSAGE][PASSED] - Text 'udf data 5' is set on object 'Object Repository/IWP30/Page_VRelay30Emulator/UDF5'

05-10-2024T01:03:33 - [MESSAGE][PASSED] - Text '' is set on object 'Object Repository/IWP30/Page_VRelay30Emulator/UDF6'

05-10-2024T01:03:34 - [MESSAGE][PASSED] - Text '' is set on object 'Object Repository/IWP30/Page_VRelay30Emulator/UDF7'

05-10-2024T01:03:35 - [MESSAGE][PASSED] - Text '' is set on object 'Object Repository/IWP30/Page_VRelay30Emulator/UDF8'

05-10-2024T01:03:35 - [MESSAGE][PASSED] - Text 'udf data 9' is set on object 'Object Repository/IWP30/Page_VRelay30Emulator/UDF9'

05-10-2024T01:03:36 - [MESSAGE][PASSED] - Text 'udf data 10' is set on object 'Object Repository/IWP30/Page_VRelay30Emulator/UDF10'

05-10-2024T01:03:37 - [MESSAGE][PASSED] - Object: 'Object Repository/IWP30/Page_VRelay30Emulator/Submit' is clicked on

05-10-2024T01:03:41 - [MESSAGE][PASSED] - Browser is closed

05-10-2024T01:03:45 - [MESSAGE][PASSED] - iwpPages.emulatorIWP30.setDataEmulator_DD is PASSED

05-10-2024T01:03:45 - [TEST_STEP][PASSED] - testHarnessURL = urlTestHarness: null

05-10-2024T01:03:45 - [TEST_STEP][PASSED] - openBrowser(testHarnessURL): Browser is opened with url: 'https://dev-algorithm.govolution.com/vrelaytest/QA/version_2_2/vrelaytest.html'

05-10-2024T01:03:45 - [MESSAGE][INFO] - Starting 'Edge Chromium' driver

05-10-2024T01:03:45 - [MESSAGE][INFO] - User set preference: ['acceptInsecureCerts', 'true']

05-10-2024T01:03:47 - [MESSAGE][INFO] - Action delay is set to 0 milliseconds

05-10-2024T01:03:51 - [MESSAGE][PASSED] - Browser is opened with url: 'https://dev-algorithm.govolution.com/vrelaytest/QA/version_2_2/vrelaytest.html'

05-10-2024T01:03:51 - [TEST_STEP][PASSED] - maximizeWindow(): Current window maximized

05-10-2024T01:03:51 - [MESSAGE][PASSED] - Current window maximized

05-10-2024T01:03:51 - [TEST_STEP][PASSED] - iwpPages.TestHarnessPage.setDataMethod(row, dataFile): iwpPages.TestHarnessPage.setDataMethod is PASSED

05-10-2024T01:03:51 - [MESSAGE][PASSED] - Object 'Object Repository/IWP30/Page_QATestHarness/RemittanceID' is present

05-10-2024T01:03:52 - [MESSAGE][PASSED] - Text '640' is set on object 'Object Repository/IWP30/Page_QATestHarness/ApplicationID'

05-10-2024T01:03:52 - [MESSAGE][PASSED] - Text '2.5' is set on object 'Object Repository/IWP30/Page_QATestHarness/MessageVersion'

05-10-2024T01:03:53 - [MESSAGE][PASSED] - Text '4VOwZb8xbvGH' is set on object 'Object Repository/IWP30/Page_QATestHarness/RemittanceID'

05-10-2024T01:03:56 - [MESSAGE][PASSED] - Object: 'Object Repository/IWP30/Page_QATestHarness/SubmitButton' is clicked on

05-10-2024T01:03:56 - [MESSAGE][PASSED] - iwpPages.TestHarnessPage.setDataMethod is PASSED

05-10-2024T01:03:56 - [TEST_STEP][PASSED] - click(findTestObject("Object Repository/IWP30/Page_SelectPaymentMethod/PayByPersonalCheck")): Object: 'Object Repository/IWP30/Page_SelectPaymentMethod/PayByPersonalCheck' is clicked on

05-10-2024T01:03:57 - [MESSAGE][PASSED] - Object: 'Object Repository/IWP30/Page_SelectPaymentMethod/PayByPersonalCheck' is clicked on

05-10-2024T01:03:57 - [TEST_STEP][PASSED] - click(findTestObject("Object Repository/IWP30/Page_SelectPaymentMethod/MakePaymentButton")): Object: 'Object Repository/IWP30/Page_SelectPaymentMethod/MakePaymentButton' is clicked on

05-10-2024T01:03:59 - [MESSAGE][PASSED] - Object: 'Object Repository/IWP30/Page_SelectPaymentMethod/MakePaymentButton' is clicked on

05-10-2024T01:03:59 - [TEST_STEP][PASSED] - iwpPages.achPersonalPaymentEntryPage.setDataACHPPM(row, dataFile): iwpPages.achPersonalPaymentEntryPage.setDataACHPPM is PASSED

05-10-2024T01:04:00 - [MESSAGE][PASSED] - Object 'Object Repository/IWP30/Page_ACHPersonalPaymentEntry/txt_accountNumber' is present

05-10-2024T01:04:00 - [MESSAGE][PASSED] - Text '10.50' is set on object 'Object Repository/IWP30/Page_ACHPersonalPaymentEntry/txt_Amount'

05-10-2024T01:04:00 - [MESSAGE][PASSED] - Object 'Object Repository/IWP30/Page_ACHPersonalPaymentEntry/txt_UDF2' is present

05-10-2024T01:04:01 - [MESSAGE][PASSED] - Text 'udf data 2' is set on object 'Object Repository/IWP30/Page_ACHPersonalPaymentEntry/txt_UDF2'

05-10-2024T01:04:02 - [MESSAGE][PASSED] - Text 'udf data 3' is set on object 'Object Repository/IWP30/Page_ACHPersonalPaymentEntry/txt_UDF3'

05-10-2024T01:04:02 - [MESSAGE][PASSED] - All options with label 'Orange' are selected in object 'Object Repository/IWP30/Page_ACHPersonalPaymentEntry/dd_UDF7' 

05-10-2024T01:04:03 - [MESSAGE][PASSED] - All options with label 'Soccer' are selected in object 'Object Repository/IWP30/Page_ACHPersonalPaymentEntry/dd_UDF8' 

05-10-2024T01:04:03 - [MESSAGE][PASSED] - Object 'Object Repository/IWP30/Page_ACHPersonalPaymentEntry/txt_Firstname' is present

05-10-2024T01:04:04 - [MESSAGE][PASSED] - Text 'Elizath' is set on object 'Object Repository/IWP30/Page_ACHPersonalPaymentEntry/txt_Firstname'

05-10-2024T01:04:04 - [MESSAGE][PASSED] - Object 'Object Repository/IWP30/Page_ACHPersonalPaymentEntry/txt_Lastname' is present

05-10-2024T01:04:04 - [MESSAGE][PASSED] - Text 'Christine' is set on object 'Object Repository/IWP30/Page_ACHPersonalPaymentEntry/txt_Lastname'

05-10-2024T01:04:05 - [MESSAGE][PASSED] - Object 'Object Repository/IWP30/Page_ACHPersonalPaymentEntry/txt_routingNumber' is present

05-10-2024T01:04:05 - [MESSAGE][PASSED] - Text '256072691' is set on object 'Object Repository/IWP30/Page_ACHPersonalPaymentEntry/txt_routingNumber'

05-10-2024T01:04:06 - [MESSAGE][PASSED] - Object 'Object Repository/IWP30/Page_ACHPersonalPaymentEntry/txt_accountNumber' is present

05-10-2024T01:04:07 - [MESSAGE][PASSED] - Text '12344444' is set on object 'Object Repository/IWP30/Page_ACHPersonalPaymentEntry/txt_accountNumber'

05-10-2024T01:04:07 - [MESSAGE][PASSED] - Object 'Object Repository/IWP30/Page_ACHPersonalPaymentEntry/txt_confirmAccountNumber' is present

05-10-2024T01:04:08 - [MESSAGE][PASSED] - Text '12344444' is set on object 'Object Repository/IWP30/Page_ACHPersonalPaymentEntry/txt_confirmAccountNumber'

05-10-2024T01:04:08 - [MESSAGE][PASSED] - Object 'Object Repository/IWP30/Page_ACHPersonalPaymentEntry/rd_accountType' is present

05-10-2024T01:04:08 - [MESSAGE][PASSED] - Modify property of object successfully

05-10-2024T01:04:08 - [MESSAGE][PASSED] - Object: 'Object Repository/IWP30/Page_ACHPersonalPaymentEntry/rd_accountType' is clicked on

05-10-2024T01:04:09 - [MESSAGE][PASSED] - Text '365 Main Avenue' is set on object 'Object Repository/IWP30/Page_ACHPersonalPaymentEntry/txt_AL1'

05-10-2024T01:04:10 - [MESSAGE][PASSED] - Text '22201' is set on object 'Object Repository/IWP30/Page_ACHPersonalPaymentEntry/txt_ZIP'

05-10-2024T01:04:10 - [MESSAGE][PASSED] - Object 'Object Repository/IWP30/Page_ACHPersonalPaymentEntry/txt_Email' is present

05-10-2024T01:04:11 - [MESSAGE][PASSED] - Text 'iahmed@govolution.com' is set on object 'Object Repository/IWP30/Page_ACHPersonalPaymentEntry/txt_Email'

05-10-2024T01:04:11 - [MESSAGE][PASSED] - Object 'Object Repository/IWP30/Page_ACHPersonalPaymentEntry/cb_TermsAndCond' is present

05-10-2024T01:04:12 - [MESSAGE][PASSED] - Object: 'Object Repository/IWP30/Page_ACHPersonalPaymentEntry/cb_TermsAndCond' is clicked on

05-10-2024T01:04:12 - [MESSAGE][PASSED] - Object 'Object Repository/IWP30/Page_ACHPersonalPaymentEntry/btn_Continue' is present

05-10-2024T01:04:13 - [MESSAGE][PASSED] - Object: 'Object Repository/IWP30/Page_ACHPersonalPaymentEntry/btn_Continue' is clicked on

05-10-2024T01:04:13 - [MESSAGE][PASSED] - iwpPages.achPersonalPaymentEntryPage.setDataACHPPM is PASSED

05-10-2024T01:04:13 - [TEST_STEP][PASSED] - click(findTestObject("Object Repository/IWP30/Page_Confirmation/ConfirmButton")): Object: 'Object Repository/IWP30/Page_Confirmation/ConfirmButton' is clicked on

05-10-2024T01:04:14 - [MESSAGE][PASSED] - Object: 'Object Repository/IWP30/Page_Confirmation/ConfirmButton' is clicked on

05-10-2024T01:04:14 - [TEST_STEP][PASSED] - Thread.sleep(5000): null

05-10-2024T01:04:19 - [TEST_STEP][PASSED] - println("I am on real estate page"): null

05-10-2024T01:04:19 - [TEST_STEP][PASSED] - if (verifyTextPresent("Make a Real Estate Payment", false)): null

05-10-2024T01:04:20 - [MESSAGE][PASSED] - Text 'Make a Real Estate Payment' is present on page 

05-10-2024T01:04:20 - [TEST_STEP][PASSED] - isRequiredTextPresent = true: null

05-10-2024T01:04:20 - [TEST_STEP][PASSED] - println(isRequiredTextPresent): null

05-10-2024T01:04:20 - [TEST_STEP][PASSED] - if (isRequiredTextPresent): null

05-10-2024T01:04:20 - [TEST_STEP][PASSED] - if (verifyTextPresent("This transaction is subject to a Convenience Fees of $2.00.", false)): null

05-10-2024T01:04:20 - [MESSAGE][PASSED] - Text 'This transaction is subject to a Convenience Fees of $2.00.' is present on page 

05-10-2024T01:04:20 - [TEST_STEP][PASSED] - isRequiredTextPresent = true: null

05-10-2024T01:04:20 - [TEST_STEP][PASSED] - println(isRequiredTextPresent): null

05-10-2024T01:04:20 - [TEST_STEP][PASSED] - if (isRequiredTextPresent): null

05-10-2024T01:04:20 - [TEST_STEP][PASSED] - if (verifyTextPresent("Payment Amount:  $10.50", false)): null

05-10-2024T01:04:20 - [MESSAGE][PASSED] - Text 'Payment Amount:  $10.50' is present on page 

05-10-2024T01:04:20 - [TEST_STEP][PASSED] - isRequiredTextPresent = true: null

05-10-2024T01:04:20 - [TEST_STEP][PASSED] - if (isRequiredTextPresent): null

05-10-2024T01:04:20 - [TEST_STEP][PASSED] - if (verifyTextPresent("Convenience Fees:  $2.00", false)): null

05-10-2024T01:04:20 - [MESSAGE][PASSED] - Text 'Convenience Fees:  $2.00' is present on page 

05-10-2024T01:04:20 - [TEST_STEP][PASSED] - isRequiredTextPresent = true: null

05-10-2024T01:04:20 - [TEST_STEP][PASSED] - if (isRequiredTextPresent): null

05-10-2024T01:04:20 - [TEST_STEP][PASSED] - if (verifyTextPresent("Total Amount:  $12.50", false)): null

05-10-2024T01:04:21 - [MESSAGE][PASSED] - Text 'Total Amount:  $12.50' is present on page 

05-10-2024T01:04:21 - [TEST_STEP][PASSED] - isRequiredTextPresent = true: null

05-10-2024T01:04:21 - [TEST_STEP][PASSED] - if (isRequiredTextPresent): null

05-10-2024T01:04:21 - [TEST_STEP][PASSED] - if (verifyTextPresent("Two transactions will appear on your bank statement, one in the amount of $10.50 and one in the amount of $2.00.", false)): null

05-10-2024T01:04:21 - [MESSAGE][PASSED] - Text 'Two transactions will appear on your bank statement, one in the amount of $10.50 and one in the amount of $2.00.' is present on page 

05-10-2024T01:04:21 - [TEST_STEP][PASSED] - isRequiredTextPresent = true: null

05-10-2024T01:04:21 - [TEST_STEP][PASSED] - Thread.sleep(10000): null

05-10-2024T01:04:31 - [TEST_STEP][PASSED] - click(findTestObject("Object Repository/IWP30/Page_ConvenienceFees/btn_convFeeNotifyAction")): Object: 'Object Repository/IWP30/Page_ConvenienceFees/btn_convFeeNotifyAction' is clicked on

05-10-2024T01:04:33 - [MESSAGE][PASSED] - Object: 'Object Repository/IWP30/Page_ConvenienceFees/btn_convFeeNotifyAction' is clicked on

05-10-2024T01:04:33 - [TEST_STEP][PASSED] - Thread.sleep(10000): null

05-10-2024T01:04:43 - [TEST_STEP][PASSED] - if (verifyTextPresent("Successful Payment Receipt", false)): null

05-10-2024T01:04:43 - [MESSAGE][PASSED] - Text 'Successful Payment Receipt' is present on page 

05-10-2024T01:04:43 - [TEST_STEP][PASSED] - println("Successful Payment Receipt text is present on the Receipt page"): null

05-10-2024T01:04:43 - [TEST_STEP][PASSED] - markPassed("Successful Payment Receipt text is present on the Receipt page"): Successful Payment Receipt text is present on the Receipt page

05-10-2024T01:04:43 - [MESSAGE][PASSED] - Successful Payment Receipt text is present on the Receipt page

05-10-2024T01:04:43 - [TEST_STEP][PASSED] - resText = "Pass": null

05-10-2024T01:04:43 - [TEST_STEP][PASSED] - pages.WriteExcel.demoKey(resText, datText, resColumn, datCloumn, fileLoc, nameSheet, row): pages.WriteExcel.demoKey is PASSED

05-10-2024T01:04:43 - [MESSAGE][PASSED] - pages.WriteExcel.demoKey is PASSED

05-10-2024T01:04:43 - [TEST_STEP][PASSED] - closeBrowser(): Browser is closed

05-10-2024T01:04:44 - [MESSAGE][PASSED] - Browser is closed

05-10-2024T01:04:44 - [TEST_STEP][PASSED] - ExecuteTC = findTestData(dataFile).getValue("Execute", row): null

05-10-2024T01:04:44 - [TEST_STEP][PASSED] - out.println("Value of Execute is : " + ExecuteTC): null

05-10-2024T01:04:44 - [TEST_STEP][PASSED] - if (ExecuteTC.equalsIgnoreCase("Y")): null

05-10-2024T01:04:44 - [TEST_STEP][PASSED] - out.println("Begin Record Number: " + row): null

05-10-2024T01:04:44 - [TEST_STEP][PASSED] - today = new java.util.Date(): null

05-10-2024T01:04:44 - [TEST_STEP][PASSED] - println(today): null

05-10-2024T01:04:44 - [TEST_STEP][PASSED] - datText = today: null

05-10-2024T01:04:44 - [TEST_STEP][PASSED] - EmulatorDataKey = findTestData(dataFile).getValue("EmulatorData", row): null

05-10-2024T01:04:44 - [TEST_STEP][PASSED] - out.println("Value of Emulator Key is : " + EmulatorDataKey): null

05-10-2024T01:04:44 - [TEST_STEP][PASSED] - iwpPages.emulatorIWP30.setDataEmulator_DD(EmulatorDataKey): iwpPages.emulatorIWP30.setDataEmulator_DD is PASSED

05-10-2024T01:04:44 - [MESSAGE][INFO] - Starting 'Edge Chromium' driver

05-10-2024T01:04:44 - [MESSAGE][INFO] - User set preference: ['acceptInsecureCerts', 'true']

05-10-2024T01:04:46 - [MESSAGE][INFO] - Action delay is set to 0 milliseconds

05-10-2024T01:04:49 - [MESSAGE][PASSED] - Browser is opened with url: 'https://qa.velocitypayment.com/agency/config.do?action=editor&message_version=2_5'

05-10-2024T01:04:49 - [MESSAGE][PASSED] - Current window maximized

05-10-2024T01:04:50 - [MESSAGE][PASSED] - All options with value '2.5' are selected in object 'Object Repository/IWP30/Page_VRelay30Emulator/MV'  using regular expression

05-10-2024T01:04:50 - [MESSAGE][PASSED] - Text '10.50' is set on object 'Object Repository/IWP30/Page_VRelay30Emulator/Amount'

05-10-2024T01:04:51 - [MESSAGE][PASSED] - Text 'ZytO3fmQqrQN' is set on object 'Object Repository/IWP30/Page_VRelay30Emulator/CAN'

05-10-2024T01:04:51 - [MESSAGE][PASSED] - Text 'PayNow' is set on object 'Object Repository/IWP30/Page_VRelay30Emulator/Action'

05-10-2024T01:04:52 - [MESSAGE][PASSED] - Text 'en_US' is set on object 'Object Repository/IWP30/Page_VRelay30Emulator/Lang'

05-10-2024T01:04:53 - [MESSAGE][PASSED] - Text 'Jasmine' is set on object 'Object Repository/IWP30/Page_VRelay30Emulator/Fname'

05-10-2024T01:04:53 - [MESSAGE][PASSED] - Text 'Patrinol' is set on object 'Object Repository/IWP30/Page_VRelay30Emulator/Lname'

05-10-2024T01:04:54 - [MESSAGE][PASSED] - Text '258 Underwood rd' is set on object 'Object Repository/IWP30/Page_VRelay30Emulator/AL1'

05-10-2024T01:04:54 - [MESSAGE][PASSED] - Text 'Suite 600' is set on object 'Object Repository/IWP30/Page_VRelay30Emulator/AL2'

05-10-2024T01:04:55 - [MESSAGE][PASSED] - Text '840' is set on object 'Object Repository/IWP30/Page_VRelay30Emulator/Country'

05-10-2024T01:04:56 - [MESSAGE][PASSED] - Text 'Arlington' is set on object 'Object Repository/IWP30/Page_VRelay30Emulator/City'

05-10-2024T01:04:56 - [MESSAGE][PASSED] - Text 'VA' is set on object 'Object Repository/IWP30/Page_VRelay30Emulator/State'

05-10-2024T01:04:57 - [MESSAGE][PASSED] - Text '22201' is set on object 'Object Repository/IWP30/Page_VRelay30Emulator/ZIP'

05-10-2024T01:04:57 - [MESSAGE][PASSED] - Text '' is set on object 'Object Repository/IWP30/Page_VRelay30Emulator/Order'

05-10-2024T01:04:58 - [MESSAGE][PASSED] - Text 'Some Company' is set on object 'Object Repository/IWP30/Page_VRelay30Emulator/Company'

05-10-2024T01:04:58 - [MESSAGE][PASSED] - Text 'iahmed@govolution.com' is set on object 'Object Repository/IWP30/Page_VRelay30Emulator/Email'

05-10-2024T01:04:59 - [MESSAGE][PASSED] - Text 'udf data 1' is set on object 'Object Repository/IWP30/Page_VRelay30Emulator/UDF1'

05-10-2024T01:05:00 - [MESSAGE][PASSED] - Text 'udf data 2' is set on object 'Object Repository/IWP30/Page_VRelay30Emulator/UDF2'

05-10-2024T01:05:00 - [MESSAGE][PASSED] - Text 'udf data 3' is set on object 'Object Repository/IWP30/Page_VRelay30Emulator/UDF3'

05-10-2024T01:05:01 - [MESSAGE][PASSED] - Text 'udf data 4' is set on object 'Object Repository/IWP30/Page_VRelay30Emulator/UDF4'

05-10-2024T01:05:01 - [MESSAGE][PASSED] - Text 'udf data 5' is set on object 'Object Repository/IWP30/Page_VRelay30Emulator/UDF5'

05-10-2024T01:05:02 - [MESSAGE][PASSED] - Text 'udf data 6' is set on object 'Object Repository/IWP30/Page_VRelay30Emulator/UDF6'

05-10-2024T01:05:03 - [MESSAGE][PASSED] - Text 'Orange' is set on object 'Object Repository/IWP30/Page_VRelay30Emulator/UDF7'

05-10-2024T01:05:03 - [MESSAGE][PASSED] - Text 'Soccer' is set on object 'Object Repository/IWP30/Page_VRelay30Emulator/UDF8'

05-10-2024T01:05:04 - [MESSAGE][PASSED] - Text 'udf data 9' is set on object 'Object Repository/IWP30/Page_VRelay30Emulator/UDF9'

05-10-2024T01:05:04 - [MESSAGE][PASSED] - Text 'udf data 10' is set on object 'Object Repository/IWP30/Page_VRelay30Emulator/UDF10'

05-10-2024T01:05:06 - [MESSAGE][PASSED] - Object: 'Object Repository/IWP30/Page_VRelay30Emulator/Submit' is clicked on

05-10-2024T01:05:10 - [MESSAGE][PASSED] - Browser is closed

05-10-2024T01:05:14 - [MESSAGE][PASSED] - iwpPages.emulatorIWP30.setDataEmulator_DD is PASSED

05-10-2024T01:05:14 - [TEST_STEP][PASSED] - testHarnessURL = urlTestHarness: null

05-10-2024T01:05:14 - [TEST_STEP][PASSED] - openBrowser(testHarnessURL): Browser is opened with url: 'https://dev-algorithm.govolution.com/vrelaytest/QA/version_2_2/vrelaytest.html'

05-10-2024T01:05:14 - [MESSAGE][INFO] - Starting 'Edge Chromium' driver

05-10-2024T01:05:14 - [MESSAGE][INFO] - User set preference: ['acceptInsecureCerts', 'true']

05-10-2024T01:05:16 - [MESSAGE][INFO] - Action delay is set to 0 milliseconds

05-10-2024T01:05:19 - [MESSAGE][PASSED] - Browser is opened with url: 'https://dev-algorithm.govolution.com/vrelaytest/QA/version_2_2/vrelaytest.html'

05-10-2024T01:05:19 - [TEST_STEP][PASSED] - maximizeWindow(): Current window maximized

05-10-2024T01:05:19 - [MESSAGE][PASSED] - Current window maximized

05-10-2024T01:05:19 - [TEST_STEP][PASSED] - iwpPages.TestHarnessPage.setDataMethod(row, dataFile): iwpPages.TestHarnessPage.setDataMethod is PASSED

05-10-2024T01:05:20 - [MESSAGE][PASSED] - Object 'Object Repository/IWP30/Page_QATestHarness/RemittanceID' is present

05-10-2024T01:05:20 - [MESSAGE][PASSED] - Text '640' is set on object 'Object Repository/IWP30/Page_QATestHarness/ApplicationID'

05-10-2024T01:05:21 - [MESSAGE][PASSED] - Text '2.5' is set on object 'Object Repository/IWP30/Page_QATestHarness/MessageVersion'

05-10-2024T01:05:22 - [MESSAGE][PASSED] - Text 'LjKR8kqLuJsU' is set on object 'Object Repository/IWP30/Page_QATestHarness/RemittanceID'

05-10-2024T01:05:25 - [MESSAGE][PASSED] - Object: 'Object Repository/IWP30/Page_QATestHarness/SubmitButton' is clicked on

05-10-2024T01:05:25 - [MESSAGE][PASSED] - iwpPages.TestHarnessPage.setDataMethod is PASSED

05-10-2024T01:05:25 - [TEST_STEP][PASSED] - click(findTestObject("Object Repository/IWP30/Page_SelectPaymentMethod/PayByPersonalCheck")): Object: 'Object Repository/IWP30/Page_SelectPaymentMethod/PayByPersonalCheck' is clicked on

05-10-2024T01:05:25 - [MESSAGE][PASSED] - Object: 'Object Repository/IWP30/Page_SelectPaymentMethod/PayByPersonalCheck' is clicked on

05-10-2024T01:05:25 - [TEST_STEP][PASSED] - click(findTestObject("Object Repository/IWP30/Page_SelectPaymentMethod/MakePaymentButton")): Object: 'Object Repository/IWP30/Page_SelectPaymentMethod/MakePaymentButton' is clicked on

05-10-2024T01:05:27 - [MESSAGE][PASSED] - Object: 'Object Repository/IWP30/Page_SelectPaymentMethod/MakePaymentButton' is clicked on

05-10-2024T01:05:27 - [TEST_STEP][PASSED] - iwpPages.achPersonalPaymentEntryPage.setDataACHPPM(row, dataFile): iwpPages.achPersonalPaymentEntryPage.setDataACHPPM is PASSED

05-10-2024T01:05:29 - [MESSAGE][PASSED] - Object 'Object Repository/IWP30/Page_ACHPersonalPaymentEntry/txt_accountNumber' is present

05-10-2024T01:05:29 - [MESSAGE][PASSED] - Object 'Object Repository/IWP30/Page_ACHPersonalPaymentEntry/txt_UDF2' is present

05-10-2024T01:05:29 - [MESSAGE][PASSED] - All options with label 'Soccer' are selected in object 'Object Repository/IWP30/Page_ACHPersonalPaymentEntry/dd_UDF8' 

05-10-2024T01:05:30 - [MESSAGE][PASSED] - Object 'Object Repository/IWP30/Page_ACHPersonalPaymentEntry/txt_Firstname' is present

05-10-2024T01:05:30 - [MESSAGE][PASSED] - Text 'Elizath' is set on object 'Object Repository/IWP30/Page_ACHPersonalPaymentEntry/txt_Firstname'

05-10-2024T01:05:30 - [MESSAGE][PASSED] - Object 'Object Repository/IWP30/Page_ACHPersonalPaymentEntry/txt_Lastname' is present

05-10-2024T01:05:31 - [MESSAGE][PASSED] - Text 'Christine' is set on object 'Object Repository/IWP30/Page_ACHPersonalPaymentEntry/txt_Lastname'

05-10-2024T01:05:31 - [MESSAGE][PASSED] - Object 'Object Repository/IWP30/Page_ACHPersonalPaymentEntry/txt_routingNumber' is present

05-10-2024T01:05:32 - [MESSAGE][PASSED] - Text '256072691' is set on object 'Object Repository/IWP30/Page_ACHPersonalPaymentEntry/txt_routingNumber'

05-10-2024T01:05:32 - [MESSAGE][PASSED] - Object 'Object Repository/IWP30/Page_ACHPersonalPaymentEntry/txt_accountNumber' is present

05-10-2024T01:05:34 - [MESSAGE][PASSED] - Text '12344444' is set on object 'Object Repository/IWP30/Page_ACHPersonalPaymentEntry/txt_accountNumber'

05-10-2024T01:05:34 - [MESSAGE][PASSED] - Object 'Object Repository/IWP30/Page_ACHPersonalPaymentEntry/txt_confirmAccountNumber' is present

05-10-2024T01:05:35 - [MESSAGE][PASSED] - Text '12344444' is set on object 'Object Repository/IWP30/Page_ACHPersonalPaymentEntry/txt_confirmAccountNumber'

05-10-2024T01:05:35 - [MESSAGE][PASSED] - Object 'Object Repository/IWP30/Page_ACHPersonalPaymentEntry/rd_accountType' is present

05-10-2024T01:05:35 - [MESSAGE][PASSED] - Modify property of object successfully

05-10-2024T01:05:35 - [MESSAGE][PASSED] - Object: 'Object Repository/IWP30/Page_ACHPersonalPaymentEntry/rd_accountType' is clicked on

05-10-2024T01:05:35 - [MESSAGE][PASSED] - Object 'Object Repository/IWP30/Page_ACHPersonalPaymentEntry/txt_Email' is present

05-10-2024T01:05:36 - [MESSAGE][PASSED] - Object 'Object Repository/IWP30/Page_ACHPersonalPaymentEntry/cb_TermsAndCond' is present

05-10-2024T01:05:36 - [MESSAGE][PASSED] - Object: 'Object Repository/IWP30/Page_ACHPersonalPaymentEntry/cb_TermsAndCond' is clicked on

05-10-2024T01:05:36 - [MESSAGE][PASSED] - Object 'Object Repository/IWP30/Page_ACHPersonalPaymentEntry/btn_Continue' is present

05-10-2024T01:05:37 - [MESSAGE][PASSED] - Object: 'Object Repository/IWP30/Page_ACHPersonalPaymentEntry/btn_Continue' is clicked on

05-10-2024T01:05:37 - [MESSAGE][PASSED] - iwpPages.achPersonalPaymentEntryPage.setDataACHPPM is PASSED

05-10-2024T01:05:37 - [TEST_STEP][PASSED] - click(findTestObject("Object Repository/IWP30/Page_Confirmation/ConfirmButton")): Object: 'Object Repository/IWP30/Page_Confirmation/ConfirmButton' is clicked on

05-10-2024T01:05:39 - [MESSAGE][PASSED] - Object: 'Object Repository/IWP30/Page_Confirmation/ConfirmButton' is clicked on

05-10-2024T01:05:39 - [TEST_STEP][PASSED] - Thread.sleep(5000): null

05-10-2024T01:05:44 - [TEST_STEP][PASSED] - println("I am on real estate page"): null

05-10-2024T01:05:44 - [TEST_STEP][PASSED] - if (verifyTextPresent("Make a Real Estate Payment", false)): null

05-10-2024T01:05:44 - [MESSAGE][PASSED] - Text 'Make a Real Estate Payment' is present on page 

05-10-2024T01:05:44 - [TEST_STEP][PASSED] - isRequiredTextPresent = true: null

05-10-2024T01:05:44 - [TEST_STEP][PASSED] - println(isRequiredTextPresent): null

05-10-2024T01:05:44 - [TEST_STEP][PASSED] - if (isRequiredTextPresent): null

05-10-2024T01:05:44 - [TEST_STEP][PASSED] - if (verifyTextPresent("This transaction is subject to a Convenience Fees of $2.00.", false)): null

05-10-2024T01:05:44 - [MESSAGE][PASSED] - Text 'This transaction is subject to a Convenience Fees of $2.00.' is present on page 

05-10-2024T01:05:44 - [TEST_STEP][PASSED] - isRequiredTextPresent = true: null

05-10-2024T01:05:44 - [TEST_STEP][PASSED] - println(isRequiredTextPresent): null

05-10-2024T01:05:44 - [TEST_STEP][PASSED] - if (isRequiredTextPresent): null

05-10-2024T01:05:44 - [TEST_STEP][PASSED] - if (verifyTextPresent("Payment Amount:  $10.50", false)): null

05-10-2024T01:05:45 - [MESSAGE][PASSED] - Text 'Payment Amount:  $10.50' is present on page 

05-10-2024T01:05:45 - [TEST_STEP][PASSED] - isRequiredTextPresent = true: null

05-10-2024T01:05:45 - [TEST_STEP][PASSED] - if (isRequiredTextPresent): null

05-10-2024T01:05:45 - [TEST_STEP][PASSED] - if (verifyTextPresent("Convenience Fees:  $2.00", false)): null

05-10-2024T01:05:45 - [MESSAGE][PASSED] - Text 'Convenience Fees:  $2.00' is present on page 

05-10-2024T01:05:45 - [TEST_STEP][PASSED] - isRequiredTextPresent = true: null

05-10-2024T01:05:45 - [TEST_STEP][PASSED] - if (isRequiredTextPresent): null

05-10-2024T01:05:45 - [TEST_STEP][PASSED] - if (verifyTextPresent("Total Amount:  $12.50", false)): null

05-10-2024T01:05:45 - [MESSAGE][PASSED] - Text 'Total Amount:  $12.50' is present on page 

05-10-2024T01:05:45 - [TEST_STEP][PASSED] - isRequiredTextPresent = true: null

05-10-2024T01:05:45 - [TEST_STEP][PASSED] - if (isRequiredTextPresent): null

05-10-2024T01:05:45 - [TEST_STEP][PASSED] - if (verifyTextPresent("Two transactions will appear on your bank statement, one in the amount of $10.50 and one in the amount of $2.00.", false)): null

05-10-2024T01:05:46 - [MESSAGE][PASSED] - Text 'Two transactions will appear on your bank statement, one in the amount of $10.50 and one in the amount of $2.00.' is present on page 

05-10-2024T01:05:46 - [TEST_STEP][PASSED] - isRequiredTextPresent = true: null

05-10-2024T01:05:46 - [TEST_STEP][PASSED] - Thread.sleep(10000): null

05-10-2024T01:05:56 - [TEST_STEP][PASSED] - click(findTestObject("Object Repository/IWP30/Page_ConvenienceFees/btn_convFeeNotifyAction")): Object: 'Object Repository/IWP30/Page_ConvenienceFees/btn_convFeeNotifyAction' is clicked on

05-10-2024T01:05:57 - [MESSAGE][PASSED] - Object: 'Object Repository/IWP30/Page_ConvenienceFees/btn_convFeeNotifyAction' is clicked on

05-10-2024T01:05:57 - [TEST_STEP][PASSED] - Thread.sleep(10000): null

05-10-2024T01:06:07 - [TEST_STEP][PASSED] - if (verifyTextPresent("Successful Payment Receipt", false)): null

05-10-2024T01:06:07 - [MESSAGE][PASSED] - Text 'Successful Payment Receipt' is present on page 

05-10-2024T01:06:07 - [TEST_STEP][PASSED] - println("Successful Payment Receipt text is present on the Receipt page"): null

05-10-2024T01:06:07 - [TEST_STEP][PASSED] - markPassed("Successful Payment Receipt text is present on the Receipt page"): Successful Payment Receipt text is present on the Receipt page

05-10-2024T01:06:07 - [MESSAGE][PASSED] - Successful Payment Receipt text is present on the Receipt page

05-10-2024T01:06:07 - [TEST_STEP][PASSED] - resText = "Pass": null

05-10-2024T01:06:07 - [TEST_STEP][PASSED] - pages.WriteExcel.demoKey(resText, datText, resColumn, datCloumn, fileLoc, nameSheet, row): pages.WriteExcel.demoKey is PASSED

05-10-2024T01:06:07 - [MESSAGE][PASSED] - pages.WriteExcel.demoKey is PASSED

05-10-2024T01:06:07 - [TEST_STEP][PASSED] - closeBrowser(): Browser is closed

05-10-2024T01:06:08 - [MESSAGE][PASSED] - Browser is closed]]></system-out>
         <system-err><![CDATA[]]></system-err>
      </testcase>
      <testcase name="Test Cases/IntegratedWeb/IWP25/Payments/PayNowPersonalSavingsSCF" time="171.717" classname="Test Cases/IntegratedWeb/IWP25/Payments/PayNowPersonalSavingsSCF" status="PASSED">
         <system-out><![CDATA[05-10-2024T01:06:08 - [TEST_CASE][PASSED] - Test Cases/IntegratedWeb/IWP25/Payments/PayNowPersonalSavingsSCF: Test Cases/IntegratedWeb/IWP25/Payments/PayNowPersonalSavingsSCF

05-10-2024T01:06:08 - [TEST_STEP][PASSED] - resText = "Fail": null

05-10-2024T01:06:08 - [TEST_STEP][PASSED] - resColumn = "Result": null

05-10-2024T01:06:08 - [TEST_STEP][PASSED] - datCloumn = "Date": null

05-10-2024T01:06:08 - [TEST_STEP][PASSED] - fileLoc = "KatalonData/IWPTestData/VRelay25Payments.xlsx": null

05-10-2024T01:06:08 - [TEST_STEP][PASSED] - numOfRows = <not implemented yet for class: org.codehaus.groovy.ast.expr.EmptyExpression>: null

05-10-2024T01:06:08 - [TEST_STEP][PASSED] - dataFile = <not implemented yet for class: org.codehaus.groovy.ast.expr.EmptyExpression>: null

05-10-2024T01:06:08 - [TEST_STEP][PASSED] - nameSheet = <not implemented yet for class: org.codehaus.groovy.ast.expr.EmptyExpression>: null

05-10-2024T01:06:08 - [TEST_STEP][PASSED] - dataFileEmulator = <not implemented yet for class: org.codehaus.groovy.ast.expr.EmptyExpression>: null

05-10-2024T01:06:08 - [TEST_STEP][PASSED] - isRequiredTextPresent = false: null

05-10-2024T01:06:08 - [TEST_STEP][PASSED] - nameSheet = "PayNowPersonalSavingsSCF": null

05-10-2024T01:06:08 - [TEST_STEP][PASSED] - dataFile = "IWPTestData/IWP25PayNowPersonalSavingsSCF": null

05-10-2024T01:06:08 - [TEST_STEP][PASSED] - dataFileEmulator = "IWPTestData/EmulatorData": null

05-10-2024T01:06:08 - [TEST_STEP][PASSED] - numOfRows = findTestData(dataFile).getRowNumbers(): null

05-10-2024T01:06:08 - [TEST_STEP][PASSED] - println("Number of Records: " + numOfRows): null

05-10-2024T01:06:08 - [TEST_STEP][PASSED] - for ([row = 1, row <= numOfRows, (row++)]): Browser is closed

05-10-2024T01:06:08 - [TEST_STEP][PASSED] - ExecuteTC = findTestData(dataFile).getValue("Execute", row): null

05-10-2024T01:06:08 - [TEST_STEP][PASSED] - out.println("Value of Execute is : " + ExecuteTC): null

05-10-2024T01:06:08 - [TEST_STEP][PASSED] - if (ExecuteTC.equalsIgnoreCase("Y")): null

05-10-2024T01:06:08 - [TEST_STEP][PASSED] - out.println("Begin Record Number: " + row): null

05-10-2024T01:06:08 - [TEST_STEP][PASSED] - today = new java.util.Date(): null

05-10-2024T01:06:08 - [TEST_STEP][PASSED] - println(today): null

05-10-2024T01:06:08 - [TEST_STEP][PASSED] - datText = today: null

05-10-2024T01:06:08 - [TEST_STEP][PASSED] - EmulatorDataKey = findTestData(dataFile).getValue("EmulatorData", row): null

05-10-2024T01:06:08 - [TEST_STEP][PASSED] - out.println("Value of Emulator Key is : " + EmulatorDataKey): null

05-10-2024T01:06:08 - [TEST_STEP][PASSED] - iwpPages.emulatorIWP30.setDataEmulator_DD(EmulatorDataKey): iwpPages.emulatorIWP30.setDataEmulator_DD is PASSED

05-10-2024T01:06:08 - [MESSAGE][INFO] - Starting 'Edge Chromium' driver

05-10-2024T01:06:08 - [MESSAGE][INFO] - User set preference: ['acceptInsecureCerts', 'true']

05-10-2024T01:06:10 - [MESSAGE][INFO] - Action delay is set to 0 milliseconds

05-10-2024T01:06:14 - [MESSAGE][PASSED] - Browser is opened with url: 'https://qa.velocitypayment.com/agency/config.do?action=editor&message_version=2_5'

05-10-2024T01:06:14 - [MESSAGE][PASSED] - Current window maximized

05-10-2024T01:06:15 - [MESSAGE][PASSED] - All options with value '2.5' are selected in object 'Object Repository/IWP30/Page_VRelay30Emulator/MV'  using regular expression

05-10-2024T01:06:15 - [MESSAGE][PASSED] - Text '10.50' is set on object 'Object Repository/IWP30/Page_VRelay30Emulator/Amount'

05-10-2024T01:06:16 - [MESSAGE][PASSED] - Text '2uzCVlHFHoR4' is set on object 'Object Repository/IWP30/Page_VRelay30Emulator/CAN'

05-10-2024T01:06:16 - [MESSAGE][PASSED] - Text 'PayNow' is set on object 'Object Repository/IWP30/Page_VRelay30Emulator/Action'

05-10-2024T01:06:17 - [MESSAGE][PASSED] - Text 'en_US' is set on object 'Object Repository/IWP30/Page_VRelay30Emulator/Lang'

05-10-2024T01:06:18 - [MESSAGE][PASSED] - Text '' is set on object 'Object Repository/IWP30/Page_VRelay30Emulator/Fname'

05-10-2024T01:06:18 - [MESSAGE][PASSED] - Text '' is set on object 'Object Repository/IWP30/Page_VRelay30Emulator/Lname'

05-10-2024T01:06:19 - [MESSAGE][PASSED] - Text '' is set on object 'Object Repository/IWP30/Page_VRelay30Emulator/AL1'

05-10-2024T01:06:19 - [MESSAGE][PASSED] - Text '' is set on object 'Object Repository/IWP30/Page_VRelay30Emulator/AL2'

05-10-2024T01:06:20 - [MESSAGE][PASSED] - Text '' is set on object 'Object Repository/IWP30/Page_VRelay30Emulator/Country'

05-10-2024T01:06:20 - [MESSAGE][PASSED] - Text '' is set on object 'Object Repository/IWP30/Page_VRelay30Emulator/City'

05-10-2024T01:06:21 - [MESSAGE][PASSED] - Text '' is set on object 'Object Repository/IWP30/Page_VRelay30Emulator/State'

05-10-2024T01:06:22 - [MESSAGE][PASSED] - Text '' is set on object 'Object Repository/IWP30/Page_VRelay30Emulator/ZIP'

05-10-2024T01:06:22 - [MESSAGE][PASSED] - Text '' is set on object 'Object Repository/IWP30/Page_VRelay30Emulator/Order'

05-10-2024T01:06:23 - [MESSAGE][PASSED] - Text '' is set on object 'Object Repository/IWP30/Page_VRelay30Emulator/Company'

05-10-2024T01:06:23 - [MESSAGE][PASSED] - Text '' is set on object 'Object Repository/IWP30/Page_VRelay30Emulator/Email'

05-10-2024T01:06:24 - [MESSAGE][PASSED] - Text '' is set on object 'Object Repository/IWP30/Page_VRelay30Emulator/UDF1'

05-10-2024T01:06:24 - [MESSAGE][PASSED] - Text '' is set on object 'Object Repository/IWP30/Page_VRelay30Emulator/UDF2'

05-10-2024T01:06:25 - [MESSAGE][PASSED] - Text '' is set on object 'Object Repository/IWP30/Page_VRelay30Emulator/UDF3'

05-10-2024T01:06:26 - [MESSAGE][PASSED] - Text 'udf data 4' is set on object 'Object Repository/IWP30/Page_VRelay30Emulator/UDF4'

05-10-2024T01:06:26 - [MESSAGE][PASSED] - Text 'udf data 5' is set on object 'Object Repository/IWP30/Page_VRelay30Emulator/UDF5'

05-10-2024T01:06:27 - [MESSAGE][PASSED] - Text '' is set on object 'Object Repository/IWP30/Page_VRelay30Emulator/UDF6'

05-10-2024T01:06:27 - [MESSAGE][PASSED] - Text '' is set on object 'Object Repository/IWP30/Page_VRelay30Emulator/UDF7'

05-10-2024T01:06:28 - [MESSAGE][PASSED] - Text '' is set on object 'Object Repository/IWP30/Page_VRelay30Emulator/UDF8'

05-10-2024T01:06:29 - [MESSAGE][PASSED] - Text 'udf data 9' is set on object 'Object Repository/IWP30/Page_VRelay30Emulator/UDF9'

05-10-2024T01:06:29 - [MESSAGE][PASSED] - Text 'udf data 10' is set on object 'Object Repository/IWP30/Page_VRelay30Emulator/UDF10'

05-10-2024T01:06:30 - [MESSAGE][PASSED] - Object: 'Object Repository/IWP30/Page_VRelay30Emulator/Submit' is clicked on

05-10-2024T01:06:35 - [MESSAGE][PASSED] - Browser is closed

05-10-2024T01:06:39 - [MESSAGE][PASSED] - iwpPages.emulatorIWP30.setDataEmulator_DD is PASSED

05-10-2024T01:06:39 - [TEST_STEP][PASSED] - testHarnessURL = urlTestHarness: null

05-10-2024T01:06:39 - [TEST_STEP][PASSED] - openBrowser(testHarnessURL): Browser is opened with url: 'https://dev-algorithm.govolution.com/vrelaytest/QA/version_2_2/vrelaytest.html'

05-10-2024T01:06:39 - [MESSAGE][INFO] - Starting 'Edge Chromium' driver

05-10-2024T01:06:39 - [MESSAGE][INFO] - User set preference: ['acceptInsecureCerts', 'true']

05-10-2024T01:06:41 - [MESSAGE][INFO] - Action delay is set to 0 milliseconds

05-10-2024T01:06:44 - [MESSAGE][PASSED] - Browser is opened with url: 'https://dev-algorithm.govolution.com/vrelaytest/QA/version_2_2/vrelaytest.html'

05-10-2024T01:06:44 - [TEST_STEP][PASSED] - maximizeWindow(): Current window maximized

05-10-2024T01:06:44 - [MESSAGE][PASSED] - Current window maximized

05-10-2024T01:06:44 - [TEST_STEP][PASSED] - iwpPages.TestHarnessPage.setDataMethod(row, dataFile): iwpPages.TestHarnessPage.setDataMethod is PASSED

05-10-2024T01:06:44 - [MESSAGE][PASSED] - Object 'Object Repository/IWP30/Page_QATestHarness/RemittanceID' is present

05-10-2024T01:06:45 - [MESSAGE][PASSED] - Text '639' is set on object 'Object Repository/IWP30/Page_QATestHarness/ApplicationID'

05-10-2024T01:06:46 - [MESSAGE][PASSED] - Text '2.5' is set on object 'Object Repository/IWP30/Page_QATestHarness/MessageVersion'

05-10-2024T01:06:46 - [MESSAGE][PASSED] - Text 'MhjPnfZjJls6' is set on object 'Object Repository/IWP30/Page_QATestHarness/RemittanceID'

05-10-2024T01:06:49 - [MESSAGE][PASSED] - Object: 'Object Repository/IWP30/Page_QATestHarness/SubmitButton' is clicked on

05-10-2024T01:06:49 - [MESSAGE][PASSED] - iwpPages.TestHarnessPage.setDataMethod is PASSED

05-10-2024T01:06:49 - [TEST_STEP][PASSED] - click(findTestObject("Object Repository/IWP30/Page_SelectPaymentMethod/PayByPersonalCheck")): Object: 'Object Repository/IWP30/Page_SelectPaymentMethod/PayByPersonalCheck' is clicked on

05-10-2024T01:06:50 - [MESSAGE][PASSED] - Object: 'Object Repository/IWP30/Page_SelectPaymentMethod/PayByPersonalCheck' is clicked on

05-10-2024T01:06:50 - [TEST_STEP][PASSED] - click(findTestObject("Object Repository/IWP30/Page_SelectPaymentMethod/MakePaymentButton")): Object: 'Object Repository/IWP30/Page_SelectPaymentMethod/MakePaymentButton' is clicked on

05-10-2024T01:06:51 - [MESSAGE][PASSED] - Object: 'Object Repository/IWP30/Page_SelectPaymentMethod/MakePaymentButton' is clicked on

05-10-2024T01:06:51 - [TEST_STEP][PASSED] - iwpPages.achPersonalPaymentEntryPage.setDataACHPPM(row, dataFile): iwpPages.achPersonalPaymentEntryPage.setDataACHPPM is PASSED

05-10-2024T01:06:52 - [MESSAGE][PASSED] - Object 'Object Repository/IWP30/Page_ACHPersonalPaymentEntry/txt_accountNumber' is present

05-10-2024T01:06:52 - [MESSAGE][PASSED] - Text '10.50' is set on object 'Object Repository/IWP30/Page_ACHPersonalPaymentEntry/txt_Amount'

05-10-2024T01:06:53 - [MESSAGE][PASSED] - Object 'Object Repository/IWP30/Page_ACHPersonalPaymentEntry/txt_UDF2' is present

05-10-2024T01:06:53 - [MESSAGE][PASSED] - Text 'udf data 2' is set on object 'Object Repository/IWP30/Page_ACHPersonalPaymentEntry/txt_UDF2'

05-10-2024T01:06:54 - [MESSAGE][PASSED] - Text 'udf data 3' is set on object 'Object Repository/IWP30/Page_ACHPersonalPaymentEntry/txt_UDF3'

05-10-2024T01:06:54 - [MESSAGE][PASSED] - All options with label 'Orange' are selected in object 'Object Repository/IWP30/Page_ACHPersonalPaymentEntry/dd_UDF7' 

05-10-2024T01:06:55 - [MESSAGE][PASSED] - All options with label 'Soccer' are selected in object 'Object Repository/IWP30/Page_ACHPersonalPaymentEntry/dd_UDF8' 

05-10-2024T01:06:55 - [MESSAGE][PASSED] - Object 'Object Repository/IWP30/Page_ACHPersonalPaymentEntry/txt_Firstname' is present

05-10-2024T01:06:56 - [MESSAGE][PASSED] - Text 'Elizath' is set on object 'Object Repository/IWP30/Page_ACHPersonalPaymentEntry/txt_Firstname'

05-10-2024T01:06:56 - [MESSAGE][PASSED] - Object 'Object Repository/IWP30/Page_ACHPersonalPaymentEntry/txt_Lastname' is present

05-10-2024T01:06:57 - [MESSAGE][PASSED] - Text 'Christine' is set on object 'Object Repository/IWP30/Page_ACHPersonalPaymentEntry/txt_Lastname'

05-10-2024T01:06:57 - [MESSAGE][PASSED] - Object 'Object Repository/IWP30/Page_ACHPersonalPaymentEntry/txt_routingNumber' is present

05-10-2024T01:06:58 - [MESSAGE][PASSED] - Text '256072691' is set on object 'Object Repository/IWP30/Page_ACHPersonalPaymentEntry/txt_routingNumber'

05-10-2024T01:06:58 - [MESSAGE][PASSED] - Object 'Object Repository/IWP30/Page_ACHPersonalPaymentEntry/txt_accountNumber' is present

05-10-2024T01:06:59 - [MESSAGE][PASSED] - Text '12344444' is set on object 'Object Repository/IWP30/Page_ACHPersonalPaymentEntry/txt_accountNumber'

05-10-2024T01:07:00 - [MESSAGE][PASSED] - Object 'Object Repository/IWP30/Page_ACHPersonalPaymentEntry/txt_confirmAccountNumber' is present

05-10-2024T01:07:00 - [MESSAGE][PASSED] - Text '12344444' is set on object 'Object Repository/IWP30/Page_ACHPersonalPaymentEntry/txt_confirmAccountNumber'

05-10-2024T01:07:00 - [MESSAGE][PASSED] - Object 'Object Repository/IWP30/Page_ACHPersonalPaymentEntry/rd_accountType' is present

05-10-2024T01:07:00 - [MESSAGE][PASSED] - Modify property of object successfully

05-10-2024T01:07:01 - [MESSAGE][PASSED] - Object: 'Object Repository/IWP30/Page_ACHPersonalPaymentEntry/rd_accountType' is clicked on

05-10-2024T01:07:01 - [MESSAGE][PASSED] - Text '365 Main Avenue' is set on object 'Object Repository/IWP30/Page_ACHPersonalPaymentEntry/txt_AL1'

05-10-2024T01:07:02 - [MESSAGE][PASSED] - Text '22201' is set on object 'Object Repository/IWP30/Page_ACHPersonalPaymentEntry/txt_ZIP'

05-10-2024T01:07:02 - [MESSAGE][PASSED] - Object 'Object Repository/IWP30/Page_ACHPersonalPaymentEntry/txt_Email' is present

05-10-2024T01:07:03 - [MESSAGE][PASSED] - Text 'iahmed@govolution.com' is set on object 'Object Repository/IWP30/Page_ACHPersonalPaymentEntry/txt_Email'

05-10-2024T01:07:04 - [MESSAGE][PASSED] - Object 'Object Repository/IWP30/Page_ACHPersonalPaymentEntry/cb_TermsAndCond' is present

05-10-2024T01:07:04 - [MESSAGE][PASSED] - Object: 'Object Repository/IWP30/Page_ACHPersonalPaymentEntry/cb_TermsAndCond' is clicked on

05-10-2024T01:07:04 - [MESSAGE][PASSED] - Object 'Object Repository/IWP30/Page_ACHPersonalPaymentEntry/btn_Continue' is present

05-10-2024T01:07:05 - [MESSAGE][PASSED] - Object: 'Object Repository/IWP30/Page_ACHPersonalPaymentEntry/btn_Continue' is clicked on

05-10-2024T01:07:05 - [MESSAGE][PASSED] - iwpPages.achPersonalPaymentEntryPage.setDataACHPPM is PASSED

05-10-2024T01:07:05 - [TEST_STEP][PASSED] - click(findTestObject("Object Repository/IWP30/Page_Confirmation/ConfirmButton")): Object: 'Object Repository/IWP30/Page_Confirmation/ConfirmButton' is clicked on

05-10-2024T01:07:07 - [MESSAGE][PASSED] - Object: 'Object Repository/IWP30/Page_Confirmation/ConfirmButton' is clicked on

05-10-2024T01:07:07 - [TEST_STEP][PASSED] - Thread.sleep(5000): null

05-10-2024T01:07:12 - [TEST_STEP][PASSED] - if (verifyTextPresent("Make a Real Estate Payment", false)): null

05-10-2024T01:07:12 - [MESSAGE][PASSED] - Text 'Make a Real Estate Payment' is present on page 

05-10-2024T01:07:12 - [TEST_STEP][PASSED] - isRequiredTextPresent = true: null

05-10-2024T01:07:12 - [TEST_STEP][PASSED] - println(isRequiredTextPresent): null

05-10-2024T01:07:12 - [TEST_STEP][PASSED] - if (isRequiredTextPresent): null

05-10-2024T01:07:12 - [TEST_STEP][PASSED] - if (verifyTextPresent("This transaction is subject to a Convenience Fees of $2.00.", false)): null

05-10-2024T01:07:12 - [MESSAGE][PASSED] - Text 'This transaction is subject to a Convenience Fees of $2.00.' is present on page 

05-10-2024T01:07:12 - [TEST_STEP][PASSED] - isRequiredTextPresent = true: null

05-10-2024T01:07:12 - [TEST_STEP][PASSED] - println(isRequiredTextPresent): null

05-10-2024T01:07:12 - [TEST_STEP][PASSED] - if (isRequiredTextPresent): null

05-10-2024T01:07:12 - [TEST_STEP][PASSED] - if (verifyTextPresent("Payment Amount:  $10.50", false)): null

05-10-2024T01:07:12 - [MESSAGE][PASSED] - Text 'Payment Amount:  $10.50' is present on page 

05-10-2024T01:07:12 - [TEST_STEP][PASSED] - isRequiredTextPresent = true: null

05-10-2024T01:07:12 - [TEST_STEP][PASSED] - if (isRequiredTextPresent): null

05-10-2024T01:07:12 - [TEST_STEP][PASSED] - if (verifyTextPresent("Convenience Fees:  $2.00", false)): null

05-10-2024T01:07:13 - [MESSAGE][PASSED] - Text 'Convenience Fees:  $2.00' is present on page 

05-10-2024T01:07:13 - [TEST_STEP][PASSED] - isRequiredTextPresent = true: null

05-10-2024T01:07:13 - [TEST_STEP][PASSED] - if (isRequiredTextPresent): null

05-10-2024T01:07:13 - [TEST_STEP][PASSED] - if (verifyTextPresent("Total Amount:  $12.50", false)): null

05-10-2024T01:07:13 - [MESSAGE][PASSED] - Text 'Total Amount:  $12.50' is present on page 

05-10-2024T01:07:13 - [TEST_STEP][PASSED] - isRequiredTextPresent = true: null

05-10-2024T01:07:13 - [TEST_STEP][PASSED] - if (isRequiredTextPresent): null

05-10-2024T01:07:13 - [TEST_STEP][PASSED] - if (verifyTextPresent("One transaction in the amount of $12.50 will appear on your bank statement.", false)): null

05-10-2024T01:07:13 - [MESSAGE][PASSED] - Text 'One transaction in the amount of $12.50 will appear on your bank statement.' is present on page 

05-10-2024T01:07:13 - [TEST_STEP][PASSED] - isRequiredTextPresent = true: null

05-10-2024T01:07:13 - [TEST_STEP][PASSED] - Thread.sleep(10000): null

05-10-2024T01:07:23 - [TEST_STEP][PASSED] - click(findTestObject("Object Repository/IWP30/Page_ConvenienceFees/btn_convFeeNotifyAction")): Object: 'Object Repository/IWP30/Page_ConvenienceFees/btn_convFeeNotifyAction' is clicked on

05-10-2024T01:07:25 - [MESSAGE][PASSED] - Object: 'Object Repository/IWP30/Page_ConvenienceFees/btn_convFeeNotifyAction' is clicked on

05-10-2024T01:07:25 - [TEST_STEP][PASSED] - Thread.sleep(10000): null

05-10-2024T01:07:35 - [TEST_STEP][PASSED] - if (verifyTextPresent("Successful Payment Receipt", false)): null

05-10-2024T01:07:35 - [MESSAGE][PASSED] - Text 'Successful Payment Receipt' is present on page 

05-10-2024T01:07:35 - [TEST_STEP][PASSED] - println("Successful Payment Receipt text is present on the Receipt page"): null

05-10-2024T01:07:35 - [TEST_STEP][PASSED] - markPassed("Successful Payment Receipt text is present on the Receipt page"): Successful Payment Receipt text is present on the Receipt page

05-10-2024T01:07:35 - [MESSAGE][PASSED] - Successful Payment Receipt text is present on the Receipt page

05-10-2024T01:07:35 - [TEST_STEP][PASSED] - resText = "Pass": null

05-10-2024T01:07:35 - [TEST_STEP][PASSED] - pages.WriteExcel.demoKey(resText, datText, resColumn, datCloumn, fileLoc, nameSheet, row): pages.WriteExcel.demoKey is PASSED

05-10-2024T01:07:35 - [MESSAGE][PASSED] - pages.WriteExcel.demoKey is PASSED

05-10-2024T01:07:35 - [TEST_STEP][PASSED] - closeBrowser(): Browser is closed

05-10-2024T01:07:36 - [MESSAGE][PASSED] - Browser is closed

05-10-2024T01:07:36 - [TEST_STEP][PASSED] - ExecuteTC = findTestData(dataFile).getValue("Execute", row): null

05-10-2024T01:07:36 - [TEST_STEP][PASSED] - out.println("Value of Execute is : " + ExecuteTC): null

05-10-2024T01:07:36 - [TEST_STEP][PASSED] - if (ExecuteTC.equalsIgnoreCase("Y")): null

05-10-2024T01:07:36 - [TEST_STEP][PASSED] - out.println("Begin Record Number: " + row): null

05-10-2024T01:07:36 - [TEST_STEP][PASSED] - today = new java.util.Date(): null

05-10-2024T01:07:36 - [TEST_STEP][PASSED] - println(today): null

05-10-2024T01:07:36 - [TEST_STEP][PASSED] - datText = today: null

05-10-2024T01:07:36 - [TEST_STEP][PASSED] - EmulatorDataKey = findTestData(dataFile).getValue("EmulatorData", row): null

05-10-2024T01:07:36 - [TEST_STEP][PASSED] - out.println("Value of Emulator Key is : " + EmulatorDataKey): null

05-10-2024T01:07:36 - [TEST_STEP][PASSED] - iwpPages.emulatorIWP30.setDataEmulator_DD(EmulatorDataKey): iwpPages.emulatorIWP30.setDataEmulator_DD is PASSED

05-10-2024T01:07:36 - [MESSAGE][INFO] - Starting 'Edge Chromium' driver

05-10-2024T01:07:36 - [MESSAGE][INFO] - User set preference: ['acceptInsecureCerts', 'true']

05-10-2024T01:07:38 - [MESSAGE][INFO] - Action delay is set to 0 milliseconds

05-10-2024T01:07:41 - [MESSAGE][PASSED] - Browser is opened with url: 'https://qa.velocitypayment.com/agency/config.do?action=editor&message_version=2_5'

05-10-2024T01:07:41 - [MESSAGE][PASSED] - Current window maximized

05-10-2024T01:07:42 - [MESSAGE][PASSED] - All options with value '2.5' are selected in object 'Object Repository/IWP30/Page_VRelay30Emulator/MV'  using regular expression

05-10-2024T01:07:43 - [MESSAGE][PASSED] - Text '10.50' is set on object 'Object Repository/IWP30/Page_VRelay30Emulator/Amount'

05-10-2024T01:07:43 - [MESSAGE][PASSED] - Text 'nMj7RW1OhnPe' is set on object 'Object Repository/IWP30/Page_VRelay30Emulator/CAN'

05-10-2024T01:07:44 - [MESSAGE][PASSED] - Text 'PayNow' is set on object 'Object Repository/IWP30/Page_VRelay30Emulator/Action'

05-10-2024T01:07:45 - [MESSAGE][PASSED] - Text 'en_US' is set on object 'Object Repository/IWP30/Page_VRelay30Emulator/Lang'

05-10-2024T01:07:45 - [MESSAGE][PASSED] - Text 'Jasmine' is set on object 'Object Repository/IWP30/Page_VRelay30Emulator/Fname'

05-10-2024T01:07:46 - [MESSAGE][PASSED] - Text 'Patrinol' is set on object 'Object Repository/IWP30/Page_VRelay30Emulator/Lname'

05-10-2024T01:07:47 - [MESSAGE][PASSED] - Text '258 Underwood rd' is set on object 'Object Repository/IWP30/Page_VRelay30Emulator/AL1'

05-10-2024T01:07:47 - [MESSAGE][PASSED] - Text 'Suite 600' is set on object 'Object Repository/IWP30/Page_VRelay30Emulator/AL2'

05-10-2024T01:07:48 - [MESSAGE][PASSED] - Text '840' is set on object 'Object Repository/IWP30/Page_VRelay30Emulator/Country'

05-10-2024T01:07:48 - [MESSAGE][PASSED] - Text 'Arlington' is set on object 'Object Repository/IWP30/Page_VRelay30Emulator/City'

05-10-2024T01:07:49 - [MESSAGE][PASSED] - Text 'VA' is set on object 'Object Repository/IWP30/Page_VRelay30Emulator/State'

05-10-2024T01:07:49 - [MESSAGE][PASSED] - Text '22201' is set on object 'Object Repository/IWP30/Page_VRelay30Emulator/ZIP'

05-10-2024T01:07:50 - [MESSAGE][PASSED] - Text '' is set on object 'Object Repository/IWP30/Page_VRelay30Emulator/Order'

05-10-2024T01:07:51 - [MESSAGE][PASSED] - Text 'Some Company' is set on object 'Object Repository/IWP30/Page_VRelay30Emulator/Company'

05-10-2024T01:07:51 - [MESSAGE][PASSED] - Text 'iahmed@govolution.com' is set on object 'Object Repository/IWP30/Page_VRelay30Emulator/Email'

05-10-2024T01:07:52 - [MESSAGE][PASSED] - Text 'udf data 1' is set on object 'Object Repository/IWP30/Page_VRelay30Emulator/UDF1'

05-10-2024T01:07:52 - [MESSAGE][PASSED] - Text 'udf data 2' is set on object 'Object Repository/IWP30/Page_VRelay30Emulator/UDF2'

05-10-2024T01:07:53 - [MESSAGE][PASSED] - Text 'udf data 3' is set on object 'Object Repository/IWP30/Page_VRelay30Emulator/UDF3'

05-10-2024T01:07:54 - [MESSAGE][PASSED] - Text 'udf data 4' is set on object 'Object Repository/IWP30/Page_VRelay30Emulator/UDF4'

05-10-2024T01:07:54 - [MESSAGE][PASSED] - Text 'udf data 5' is set on object 'Object Repository/IWP30/Page_VRelay30Emulator/UDF5'

05-10-2024T01:07:55 - [MESSAGE][PASSED] - Text 'udf data 6' is set on object 'Object Repository/IWP30/Page_VRelay30Emulator/UDF6'

05-10-2024T01:07:55 - [MESSAGE][PASSED] - Text 'Orange' is set on object 'Object Repository/IWP30/Page_VRelay30Emulator/UDF7'

05-10-2024T01:07:56 - [MESSAGE][PASSED] - Text 'Soccer' is set on object 'Object Repository/IWP30/Page_VRelay30Emulator/UDF8'

05-10-2024T01:07:56 - [MESSAGE][PASSED] - Text 'udf data 9' is set on object 'Object Repository/IWP30/Page_VRelay30Emulator/UDF9'

05-10-2024T01:07:57 - [MESSAGE][PASSED] - Text 'udf data 10' is set on object 'Object Repository/IWP30/Page_VRelay30Emulator/UDF10'

05-10-2024T01:07:58 - [MESSAGE][PASSED] - Object: 'Object Repository/IWP30/Page_VRelay30Emulator/Submit' is clicked on

05-10-2024T01:08:03 - [MESSAGE][PASSED] - Browser is closed

05-10-2024T01:08:07 - [MESSAGE][PASSED] - iwpPages.emulatorIWP30.setDataEmulator_DD is PASSED

05-10-2024T01:08:07 - [TEST_STEP][PASSED] - testHarnessURL = urlTestHarness: null

05-10-2024T01:08:07 - [TEST_STEP][PASSED] - openBrowser(testHarnessURL): Browser is opened with url: 'https://dev-algorithm.govolution.com/vrelaytest/QA/version_2_2/vrelaytest.html'

05-10-2024T01:08:07 - [MESSAGE][INFO] - Starting 'Edge Chromium' driver

05-10-2024T01:08:07 - [MESSAGE][INFO] - User set preference: ['acceptInsecureCerts', 'true']

05-10-2024T01:08:09 - [MESSAGE][INFO] - Action delay is set to 0 milliseconds

05-10-2024T01:08:12 - [MESSAGE][PASSED] - Browser is opened with url: 'https://dev-algorithm.govolution.com/vrelaytest/QA/version_2_2/vrelaytest.html'

05-10-2024T01:08:12 - [TEST_STEP][PASSED] - maximizeWindow(): Current window maximized

05-10-2024T01:08:12 - [MESSAGE][PASSED] - Current window maximized

05-10-2024T01:08:12 - [TEST_STEP][PASSED] - iwpPages.TestHarnessPage.setDataMethod(row, dataFile): iwpPages.TestHarnessPage.setDataMethod is PASSED

05-10-2024T01:08:13 - [MESSAGE][PASSED] - Object 'Object Repository/IWP30/Page_QATestHarness/RemittanceID' is present

05-10-2024T01:08:13 - [MESSAGE][PASSED] - Text '639' is set on object 'Object Repository/IWP30/Page_QATestHarness/ApplicationID'

05-10-2024T01:08:14 - [MESSAGE][PASSED] - Text '2.5' is set on object 'Object Repository/IWP30/Page_QATestHarness/MessageVersion'

05-10-2024T01:08:15 - [MESSAGE][PASSED] - Text 'd8GMNmFzl1qh' is set on object 'Object Repository/IWP30/Page_QATestHarness/RemittanceID'

05-10-2024T01:08:17 - [MESSAGE][PASSED] - Object: 'Object Repository/IWP30/Page_QATestHarness/SubmitButton' is clicked on

05-10-2024T01:08:17 - [MESSAGE][PASSED] - iwpPages.TestHarnessPage.setDataMethod is PASSED

05-10-2024T01:08:17 - [TEST_STEP][PASSED] - click(findTestObject("Object Repository/IWP30/Page_SelectPaymentMethod/PayByPersonalCheck")): Object: 'Object Repository/IWP30/Page_SelectPaymentMethod/PayByPersonalCheck' is clicked on

05-10-2024T01:08:18 - [MESSAGE][PASSED] - Object: 'Object Repository/IWP30/Page_SelectPaymentMethod/PayByPersonalCheck' is clicked on

05-10-2024T01:08:18 - [TEST_STEP][PASSED] - click(findTestObject("Object Repository/IWP30/Page_SelectPaymentMethod/MakePaymentButton")): Object: 'Object Repository/IWP30/Page_SelectPaymentMethod/MakePaymentButton' is clicked on

05-10-2024T01:08:20 - [MESSAGE][PASSED] - Object: 'Object Repository/IWP30/Page_SelectPaymentMethod/MakePaymentButton' is clicked on

05-10-2024T01:08:20 - [TEST_STEP][PASSED] - iwpPages.achPersonalPaymentEntryPage.setDataACHPPM(row, dataFile): iwpPages.achPersonalPaymentEntryPage.setDataACHPPM is PASSED

05-10-2024T01:08:21 - [MESSAGE][PASSED] - Object 'Object Repository/IWP30/Page_ACHPersonalPaymentEntry/txt_accountNumber' is present

05-10-2024T01:08:21 - [MESSAGE][PASSED] - Object 'Object Repository/IWP30/Page_ACHPersonalPaymentEntry/txt_UDF2' is present

05-10-2024T01:08:21 - [MESSAGE][PASSED] - All options with label 'Soccer' are selected in object 'Object Repository/IWP30/Page_ACHPersonalPaymentEntry/dd_UDF8' 

05-10-2024T01:08:22 - [MESSAGE][PASSED] - Object 'Object Repository/IWP30/Page_ACHPersonalPaymentEntry/txt_Firstname' is present

05-10-2024T01:08:22 - [MESSAGE][PASSED] - Text 'Elizath' is set on object 'Object Repository/IWP30/Page_ACHPersonalPaymentEntry/txt_Firstname'

05-10-2024T01:08:22 - [MESSAGE][PASSED] - Object 'Object Repository/IWP30/Page_ACHPersonalPaymentEntry/txt_Lastname' is present

05-10-2024T01:08:23 - [MESSAGE][PASSED] - Text 'Christine' is set on object 'Object Repository/IWP30/Page_ACHPersonalPaymentEntry/txt_Lastname'

05-10-2024T01:08:23 - [MESSAGE][PASSED] - Object 'Object Repository/IWP30/Page_ACHPersonalPaymentEntry/txt_routingNumber' is present

05-10-2024T01:08:24 - [MESSAGE][PASSED] - Text '256072691' is set on object 'Object Repository/IWP30/Page_ACHPersonalPaymentEntry/txt_routingNumber'

05-10-2024T01:08:24 - [MESSAGE][PASSED] - Object 'Object Repository/IWP30/Page_ACHPersonalPaymentEntry/txt_accountNumber' is present

05-10-2024T01:08:25 - [MESSAGE][PASSED] - Text '12344444' is set on object 'Object Repository/IWP30/Page_ACHPersonalPaymentEntry/txt_accountNumber'

05-10-2024T01:08:26 - [MESSAGE][PASSED] - Object 'Object Repository/IWP30/Page_ACHPersonalPaymentEntry/txt_confirmAccountNumber' is present

05-10-2024T01:08:27 - [MESSAGE][PASSED] - Text '12344444' is set on object 'Object Repository/IWP30/Page_ACHPersonalPaymentEntry/txt_confirmAccountNumber'

05-10-2024T01:08:27 - [MESSAGE][PASSED] - Object 'Object Repository/IWP30/Page_ACHPersonalPaymentEntry/rd_accountType' is present

05-10-2024T01:08:27 - [MESSAGE][PASSED] - Modify property of object successfully

05-10-2024T01:08:27 - [MESSAGE][PASSED] - Object: 'Object Repository/IWP30/Page_ACHPersonalPaymentEntry/rd_accountType' is clicked on

05-10-2024T01:08:27 - [MESSAGE][PASSED] - Object 'Object Repository/IWP30/Page_ACHPersonalPaymentEntry/txt_Email' is present

05-10-2024T01:08:28 - [MESSAGE][PASSED] - Object 'Object Repository/IWP30/Page_ACHPersonalPaymentEntry/cb_TermsAndCond' is present

05-10-2024T01:08:28 - [MESSAGE][PASSED] - Object: 'Object Repository/IWP30/Page_ACHPersonalPaymentEntry/cb_TermsAndCond' is clicked on

05-10-2024T01:08:28 - [MESSAGE][PASSED] - Object 'Object Repository/IWP30/Page_ACHPersonalPaymentEntry/btn_Continue' is present

05-10-2024T01:08:29 - [MESSAGE][PASSED] - Object: 'Object Repository/IWP30/Page_ACHPersonalPaymentEntry/btn_Continue' is clicked on

05-10-2024T01:08:29 - [MESSAGE][PASSED] - iwpPages.achPersonalPaymentEntryPage.setDataACHPPM is PASSED

05-10-2024T01:08:29 - [TEST_STEP][PASSED] - click(findTestObject("Object Repository/IWP30/Page_Confirmation/ConfirmButton")): Object: 'Object Repository/IWP30/Page_Confirmation/ConfirmButton' is clicked on

05-10-2024T01:08:31 - [MESSAGE][PASSED] - Object: 'Object Repository/IWP30/Page_Confirmation/ConfirmButton' is clicked on

05-10-2024T01:08:31 - [TEST_STEP][PASSED] - Thread.sleep(5000): null

05-10-2024T01:08:36 - [TEST_STEP][PASSED] - if (verifyTextPresent("Make a Real Estate Payment", false)): null

05-10-2024T01:08:36 - [MESSAGE][PASSED] - Text 'Make a Real Estate Payment' is present on page 

05-10-2024T01:08:36 - [TEST_STEP][PASSED] - isRequiredTextPresent = true: null

05-10-2024T01:08:36 - [TEST_STEP][PASSED] - println(isRequiredTextPresent): null

05-10-2024T01:08:36 - [TEST_STEP][PASSED] - if (isRequiredTextPresent): null

05-10-2024T01:08:36 - [TEST_STEP][PASSED] - if (verifyTextPresent("This transaction is subject to a Convenience Fees of $2.00.", false)): null

05-10-2024T01:08:36 - [MESSAGE][PASSED] - Text 'This transaction is subject to a Convenience Fees of $2.00.' is present on page 

05-10-2024T01:08:36 - [TEST_STEP][PASSED] - isRequiredTextPresent = true: null

05-10-2024T01:08:36 - [TEST_STEP][PASSED] - println(isRequiredTextPresent): null

05-10-2024T01:08:36 - [TEST_STEP][PASSED] - if (isRequiredTextPresent): null

05-10-2024T01:08:36 - [TEST_STEP][PASSED] - if (verifyTextPresent("Payment Amount:  $10.50", false)): null

05-10-2024T01:08:36 - [MESSAGE][PASSED] - Text 'Payment Amount:  $10.50' is present on page 

05-10-2024T01:08:36 - [TEST_STEP][PASSED] - isRequiredTextPresent = true: null

05-10-2024T01:08:36 - [TEST_STEP][PASSED] - if (isRequiredTextPresent): null

05-10-2024T01:08:36 - [TEST_STEP][PASSED] - if (verifyTextPresent("Convenience Fees:  $2.00", false)): null

05-10-2024T01:08:37 - [MESSAGE][PASSED] - Text 'Convenience Fees:  $2.00' is present on page 

05-10-2024T01:08:37 - [TEST_STEP][PASSED] - isRequiredTextPresent = true: null

05-10-2024T01:08:37 - [TEST_STEP][PASSED] - if (isRequiredTextPresent): null

05-10-2024T01:08:37 - [TEST_STEP][PASSED] - if (verifyTextPresent("Total Amount:  $12.50", false)): null

05-10-2024T01:08:37 - [MESSAGE][PASSED] - Text 'Total Amount:  $12.50' is present on page 

05-10-2024T01:08:37 - [TEST_STEP][PASSED] - isRequiredTextPresent = true: null

05-10-2024T01:08:37 - [TEST_STEP][PASSED] - if (isRequiredTextPresent): null

05-10-2024T01:08:37 - [TEST_STEP][PASSED] - if (verifyTextPresent("One transaction in the amount of $12.50 will appear on your bank statement.", false)): null

05-10-2024T01:08:37 - [MESSAGE][PASSED] - Text 'One transaction in the amount of $12.50 will appear on your bank statement.' is present on page 

05-10-2024T01:08:37 - [TEST_STEP][PASSED] - isRequiredTextPresent = true: null

05-10-2024T01:08:37 - [TEST_STEP][PASSED] - Thread.sleep(10000): null

05-10-2024T01:08:47 - [TEST_STEP][PASSED] - click(findTestObject("Object Repository/IWP30/Page_ConvenienceFees/btn_convFeeNotifyAction")): Object: 'Object Repository/IWP30/Page_ConvenienceFees/btn_convFeeNotifyAction' is clicked on

05-10-2024T01:08:49 - [MESSAGE][PASSED] - Object: 'Object Repository/IWP30/Page_ConvenienceFees/btn_convFeeNotifyAction' is clicked on

05-10-2024T01:08:49 - [TEST_STEP][PASSED] - Thread.sleep(10000): null

05-10-2024T01:08:59 - [TEST_STEP][PASSED] - if (verifyTextPresent("Successful Payment Receipt", false)): null

05-10-2024T01:08:59 - [MESSAGE][PASSED] - Text 'Successful Payment Receipt' is present on page 

05-10-2024T01:08:59 - [TEST_STEP][PASSED] - println("Successful Payment Receipt text is present on the Receipt page"): null

05-10-2024T01:08:59 - [TEST_STEP][PASSED] - markPassed("Successful Payment Receipt text is present on the Receipt page"): Successful Payment Receipt text is present on the Receipt page

05-10-2024T01:08:59 - [MESSAGE][PASSED] - Successful Payment Receipt text is present on the Receipt page

05-10-2024T01:08:59 - [TEST_STEP][PASSED] - resText = "Pass": null

05-10-2024T01:08:59 - [TEST_STEP][PASSED] - pages.WriteExcel.demoKey(resText, datText, resColumn, datCloumn, fileLoc, nameSheet, row): pages.WriteExcel.demoKey is PASSED

05-10-2024T01:08:59 - [MESSAGE][PASSED] - pages.WriteExcel.demoKey is PASSED

05-10-2024T01:08:59 - [TEST_STEP][PASSED] - closeBrowser(): Browser is closed

05-10-2024T01:09:00 - [MESSAGE][PASSED] - Browser is closed]]></system-out>
         <system-err><![CDATA[]]></system-err>
      </testcase>
      <testcase name="Test Cases/IntegratedWeb/IWP25/Payments/PayNowPS" time="203.616" classname="Test Cases/IntegratedWeb/IWP25/Payments/PayNowPS" status="PASSED">
         <system-out><![CDATA[05-10-2024T01:09:00 - [TEST_CASE][PASSED] - Test Cases/IntegratedWeb/IWP25/Payments/PayNowPS: Test Cases/IntegratedWeb/IWP25/Payments/PayNowPS

05-10-2024T01:09:00 - [TEST_STEP][PASSED] - resText = "Fail": null

05-10-2024T01:09:00 - [TEST_STEP][PASSED] - resColumn = "Result": null

05-10-2024T01:09:00 - [TEST_STEP][PASSED] - datCloumn = "Date": null

05-10-2024T01:09:00 - [TEST_STEP][PASSED] - fileLoc = "KatalonData/IWPTestData/VRelay25Payments.xlsx": null

05-10-2024T01:09:00 - [TEST_STEP][PASSED] - numOfRows = <not implemented yet for class: org.codehaus.groovy.ast.expr.EmptyExpression>: null

05-10-2024T01:09:00 - [TEST_STEP][PASSED] - dataFile = <not implemented yet for class: org.codehaus.groovy.ast.expr.EmptyExpression>: null

05-10-2024T01:09:00 - [TEST_STEP][PASSED] - nameSheet = <not implemented yet for class: org.codehaus.groovy.ast.expr.EmptyExpression>: null

05-10-2024T01:09:00 - [TEST_STEP][PASSED] - dataFileEmulator = <not implemented yet for class: org.codehaus.groovy.ast.expr.EmptyExpression>: null

05-10-2024T01:09:00 - [TEST_STEP][PASSED] - isRequiredTextPresent = false: null

05-10-2024T01:09:00 - [TEST_STEP][PASSED] - nameSheet = "PayNowPS": null

05-10-2024T01:09:00 - [TEST_STEP][PASSED] - dataFile = "IWPTestData/IWP25PayNowPS": null

05-10-2024T01:09:00 - [TEST_STEP][PASSED] - dataFileEmulator = "IWPTestData/EmulatorData": null

05-10-2024T01:09:00 - [TEST_STEP][PASSED] - numOfRows = findTestData(dataFile).getRowNumbers(): null

05-10-2024T01:09:00 - [TEST_STEP][PASSED] - println("Number of Records: " + numOfRows): null

05-10-2024T01:09:00 - [TEST_STEP][PASSED] - for ([row = 1, row <= numOfRows, (row++)]): Browser is closed

05-10-2024T01:09:00 - [TEST_STEP][PASSED] - ExecuteTC = findTestData(dataFile).getValue("Execute", row): null

05-10-2024T01:09:00 - [TEST_STEP][PASSED] - out.println("Value of Execute is : " + ExecuteTC): null

05-10-2024T01:09:00 - [TEST_STEP][PASSED] - if (ExecuteTC.equalsIgnoreCase("Y")): null

05-10-2024T01:09:00 - [TEST_STEP][PASSED] - out.println("Begin Record Number: " + row): null

05-10-2024T01:09:00 - [TEST_STEP][PASSED] - today = new java.util.Date(): null

05-10-2024T01:09:00 - [TEST_STEP][PASSED] - println(today): null

05-10-2024T01:09:00 - [TEST_STEP][PASSED] - datText = today: null

05-10-2024T01:09:00 - [TEST_STEP][PASSED] - EmulatorDataKey = findTestData(dataFile).getValue("EmulatorData", row): null

05-10-2024T01:09:00 - [TEST_STEP][PASSED] - out.println("Value of Emulator Key is : " + EmulatorDataKey): null

05-10-2024T01:09:00 - [TEST_STEP][PASSED] - iwpPages.emulatorIWP30.setDataEmulator_DD(EmulatorDataKey): iwpPages.emulatorIWP30.setDataEmulator_DD is PASSED

05-10-2024T01:09:00 - [MESSAGE][INFO] - Starting 'Edge Chromium' driver

05-10-2024T01:09:00 - [MESSAGE][INFO] - User set preference: ['acceptInsecureCerts', 'true']

05-10-2024T01:09:02 - [MESSAGE][INFO] - Action delay is set to 0 milliseconds

05-10-2024T01:09:05 - [MESSAGE][PASSED] - Browser is opened with url: 'https://qa.velocitypayment.com/agency/config.do?action=editor&message_version=2_5'

05-10-2024T01:09:06 - [MESSAGE][PASSED] - Current window maximized

05-10-2024T01:09:07 - [MESSAGE][PASSED] - All options with value '2.5' are selected in object 'Object Repository/IWP30/Page_VRelay30Emulator/MV'  using regular expression

05-10-2024T01:09:07 - [MESSAGE][PASSED] - Text '10.50' is set on object 'Object Repository/IWP30/Page_VRelay30Emulator/Amount'

05-10-2024T01:09:08 - [MESSAGE][PASSED] - Text 'rwuhtVSGtfuZ' is set on object 'Object Repository/IWP30/Page_VRelay30Emulator/CAN'

05-10-2024T01:09:09 - [MESSAGE][PASSED] - Text 'PayNow' is set on object 'Object Repository/IWP30/Page_VRelay30Emulator/Action'

05-10-2024T01:09:09 - [MESSAGE][PASSED] - Text 'en_US' is set on object 'Object Repository/IWP30/Page_VRelay30Emulator/Lang'

05-10-2024T01:09:10 - [MESSAGE][PASSED] - Text '' is set on object 'Object Repository/IWP30/Page_VRelay30Emulator/Fname'

05-10-2024T01:09:10 - [MESSAGE][PASSED] - Text '' is set on object 'Object Repository/IWP30/Page_VRelay30Emulator/Lname'

05-10-2024T01:09:11 - [MESSAGE][PASSED] - Text '' is set on object 'Object Repository/IWP30/Page_VRelay30Emulator/AL1'

05-10-2024T01:09:11 - [MESSAGE][PASSED] - Text '' is set on object 'Object Repository/IWP30/Page_VRelay30Emulator/AL2'

05-10-2024T01:09:12 - [MESSAGE][PASSED] - Text '' is set on object 'Object Repository/IWP30/Page_VRelay30Emulator/Country'

05-10-2024T01:09:13 - [MESSAGE][PASSED] - Text '' is set on object 'Object Repository/IWP30/Page_VRelay30Emulator/City'

05-10-2024T01:09:13 - [MESSAGE][PASSED] - Text '' is set on object 'Object Repository/IWP30/Page_VRelay30Emulator/State'

05-10-2024T01:09:14 - [MESSAGE][PASSED] - Text '' is set on object 'Object Repository/IWP30/Page_VRelay30Emulator/ZIP'

05-10-2024T01:09:14 - [MESSAGE][PASSED] - Text '' is set on object 'Object Repository/IWP30/Page_VRelay30Emulator/Order'

05-10-2024T01:09:15 - [MESSAGE][PASSED] - Text '' is set on object 'Object Repository/IWP30/Page_VRelay30Emulator/Company'

05-10-2024T01:09:15 - [MESSAGE][PASSED] - Text '' is set on object 'Object Repository/IWP30/Page_VRelay30Emulator/Email'

05-10-2024T01:09:16 - [MESSAGE][PASSED] - Text '' is set on object 'Object Repository/IWP30/Page_VRelay30Emulator/UDF1'

05-10-2024T01:09:17 - [MESSAGE][PASSED] - Text '' is set on object 'Object Repository/IWP30/Page_VRelay30Emulator/UDF2'

05-10-2024T01:09:17 - [MESSAGE][PASSED] - Text '' is set on object 'Object Repository/IWP30/Page_VRelay30Emulator/UDF3'

05-10-2024T01:09:18 - [MESSAGE][PASSED] - Text 'udf data 4' is set on object 'Object Repository/IWP30/Page_VRelay30Emulator/UDF4'

05-10-2024T01:09:18 - [MESSAGE][PASSED] - Text 'udf data 5' is set on object 'Object Repository/IWP30/Page_VRelay30Emulator/UDF5'

05-10-2024T01:09:19 - [MESSAGE][PASSED] - Text '' is set on object 'Object Repository/IWP30/Page_VRelay30Emulator/UDF6'

05-10-2024T01:09:19 - [MESSAGE][PASSED] - Text '' is set on object 'Object Repository/IWP30/Page_VRelay30Emulator/UDF7'

05-10-2024T01:09:20 - [MESSAGE][PASSED] - Text '' is set on object 'Object Repository/IWP30/Page_VRelay30Emulator/UDF8'

05-10-2024T01:09:21 - [MESSAGE][PASSED] - Text 'udf data 9' is set on object 'Object Repository/IWP30/Page_VRelay30Emulator/UDF9'

05-10-2024T01:09:21 - [MESSAGE][PASSED] - Text 'udf data 10' is set on object 'Object Repository/IWP30/Page_VRelay30Emulator/UDF10'

05-10-2024T01:09:22 - [MESSAGE][PASSED] - Object: 'Object Repository/IWP30/Page_VRelay30Emulator/Submit' is clicked on

05-10-2024T01:09:27 - [MESSAGE][PASSED] - Browser is closed

05-10-2024T01:09:31 - [MESSAGE][PASSED] - iwpPages.emulatorIWP30.setDataEmulator_DD is PASSED

05-10-2024T01:09:31 - [TEST_STEP][PASSED] - testHarnessURL = urlTestHarness: null

05-10-2024T01:09:31 - [TEST_STEP][PASSED] - openBrowser(testHarnessURL): Browser is opened with url: 'https://dev-algorithm.govolution.com/vrelaytest/QA/version_2_2/vrelaytest.html'

05-10-2024T01:09:31 - [MESSAGE][INFO] - Starting 'Edge Chromium' driver

05-10-2024T01:09:31 - [MESSAGE][INFO] - User set preference: ['acceptInsecureCerts', 'true']

05-10-2024T01:09:33 - [MESSAGE][INFO] - Action delay is set to 0 milliseconds

05-10-2024T01:09:36 - [MESSAGE][PASSED] - Browser is opened with url: 'https://dev-algorithm.govolution.com/vrelaytest/QA/version_2_2/vrelaytest.html'

05-10-2024T01:09:36 - [TEST_STEP][PASSED] - maximizeWindow(): Current window maximized

05-10-2024T01:09:36 - [MESSAGE][PASSED] - Current window maximized

05-10-2024T01:09:36 - [TEST_STEP][PASSED] - iwpPages.TestHarnessPage.setDataMethod(row, dataFile): iwpPages.TestHarnessPage.setDataMethod is PASSED

05-10-2024T01:09:36 - [MESSAGE][PASSED] - Object 'Object Repository/IWP30/Page_QATestHarness/RemittanceID' is present

05-10-2024T01:09:37 - [MESSAGE][PASSED] - Text '638' is set on object 'Object Repository/IWP30/Page_QATestHarness/ApplicationID'

05-10-2024T01:09:38 - [MESSAGE][PASSED] - Text '2.5' is set on object 'Object Repository/IWP30/Page_QATestHarness/MessageVersion'

05-10-2024T01:09:38 - [MESSAGE][PASSED] - Text 'wI3teQlfAKFz' is set on object 'Object Repository/IWP30/Page_QATestHarness/RemittanceID'

05-10-2024T01:09:42 - [MESSAGE][PASSED] - Object: 'Object Repository/IWP30/Page_QATestHarness/SubmitButton' is clicked on

05-10-2024T01:09:42 - [MESSAGE][PASSED] - iwpPages.TestHarnessPage.setDataMethod is PASSED

05-10-2024T01:09:42 - [TEST_STEP][PASSED] - click(findTestObject("Object Repository/IWP30/Page_SelectPaymentMethod/PayByPersonalCheck")): Object: 'Object Repository/IWP30/Page_SelectPaymentMethod/PayByPersonalCheck' is clicked on

05-10-2024T01:09:42 - [MESSAGE][PASSED] - Object: 'Object Repository/IWP30/Page_SelectPaymentMethod/PayByPersonalCheck' is clicked on

05-10-2024T01:09:42 - [TEST_STEP][PASSED] - click(findTestObject("Object Repository/IWP30/Page_SelectPaymentMethod/MakePaymentButton")): Object: 'Object Repository/IWP30/Page_SelectPaymentMethod/MakePaymentButton' is clicked on

05-10-2024T01:09:43 - [MESSAGE][PASSED] - Object: 'Object Repository/IWP30/Page_SelectPaymentMethod/MakePaymentButton' is clicked on

05-10-2024T01:09:43 - [TEST_STEP][PASSED] - iwpPages.achPersonalPaymentEntryPage.setDataACHPPM(row, dataFile): iwpPages.achPersonalPaymentEntryPage.setDataACHPPM is PASSED

05-10-2024T01:09:44 - [MESSAGE][PASSED] - Object 'Object Repository/IWP30/Page_ACHPersonalPaymentEntry/txt_accountNumber' is present

05-10-2024T01:09:45 - [MESSAGE][PASSED] - Text '10.50' is set on object 'Object Repository/IWP30/Page_ACHPersonalPaymentEntry/txt_Amount'

05-10-2024T01:09:45 - [MESSAGE][PASSED] - Object 'Object Repository/IWP30/Page_ACHPersonalPaymentEntry/txt_UDF2' is present

05-10-2024T01:09:46 - [MESSAGE][PASSED] - Text 'udf data 2' is set on object 'Object Repository/IWP30/Page_ACHPersonalPaymentEntry/txt_UDF2'

05-10-2024T01:09:47 - [MESSAGE][PASSED] - Text 'udf data 3' is set on object 'Object Repository/IWP30/Page_ACHPersonalPaymentEntry/txt_UDF3'

05-10-2024T01:09:47 - [MESSAGE][PASSED] - All options with label 'Orange' are selected in object 'Object Repository/IWP30/Page_ACHPersonalPaymentEntry/dd_UDF7' 

05-10-2024T01:09:48 - [MESSAGE][PASSED] - All options with label 'Soccer' are selected in object 'Object Repository/IWP30/Page_ACHPersonalPaymentEntry/dd_UDF8' 

05-10-2024T01:09:48 - [MESSAGE][PASSED] - Object 'Object Repository/IWP30/Page_ACHPersonalPaymentEntry/txt_Firstname' is present

05-10-2024T01:09:48 - [MESSAGE][PASSED] - Text 'Curlonty' is set on object 'Object Repository/IWP30/Page_ACHPersonalPaymentEntry/txt_Firstname'

05-10-2024T01:09:49 - [MESSAGE][PASSED] - Object 'Object Repository/IWP30/Page_ACHPersonalPaymentEntry/txt_Lastname' is present

05-10-2024T01:09:49 - [MESSAGE][PASSED] - Text 'Lachuga' is set on object 'Object Repository/IWP30/Page_ACHPersonalPaymentEntry/txt_Lastname'

05-10-2024T01:09:50 - [MESSAGE][PASSED] - Object 'Object Repository/IWP30/Page_ACHPersonalPaymentEntry/txt_routingNumber' is present

05-10-2024T01:09:50 - [MESSAGE][PASSED] - Text '256072691' is set on object 'Object Repository/IWP30/Page_ACHPersonalPaymentEntry/txt_routingNumber'

05-10-2024T01:09:50 - [MESSAGE][PASSED] - Object 'Object Repository/IWP30/Page_ACHPersonalPaymentEntry/txt_accountNumber' is present

05-10-2024T01:09:52 - [MESSAGE][PASSED] - Text '12342222' is set on object 'Object Repository/IWP30/Page_ACHPersonalPaymentEntry/txt_accountNumber'

05-10-2024T01:09:52 - [MESSAGE][PASSED] - Object 'Object Repository/IWP30/Page_ACHPersonalPaymentEntry/txt_confirmAccountNumber' is present

05-10-2024T01:09:53 - [MESSAGE][PASSED] - Text '12342222' is set on object 'Object Repository/IWP30/Page_ACHPersonalPaymentEntry/txt_confirmAccountNumber'

05-10-2024T01:09:53 - [MESSAGE][PASSED] - Object 'Object Repository/IWP30/Page_ACHPersonalPaymentEntry/rd_accountType' is present

05-10-2024T01:09:53 - [MESSAGE][PASSED] - Modify property of object successfully

05-10-2024T01:09:53 - [MESSAGE][PASSED] - Object: 'Object Repository/IWP30/Page_ACHPersonalPaymentEntry/rd_accountType' is clicked on

05-10-2024T01:09:54 - [MESSAGE][PASSED] - Text '365 Main Avenue' is set on object 'Object Repository/IWP30/Page_ACHPersonalPaymentEntry/txt_AL1'

05-10-2024T01:09:55 - [MESSAGE][PASSED] - Text '22201' is set on object 'Object Repository/IWP30/Page_ACHPersonalPaymentEntry/txt_ZIP'

05-10-2024T01:09:55 - [MESSAGE][PASSED] - Object 'Object Repository/IWP30/Page_ACHPersonalPaymentEntry/txt_Email' is present

05-10-2024T01:09:56 - [MESSAGE][PASSED] - Text 'iahmed@govolution.com' is set on object 'Object Repository/IWP30/Page_ACHPersonalPaymentEntry/txt_Email'

05-10-2024T01:09:56 - [MESSAGE][PASSED] - Object 'Object Repository/IWP30/Page_ACHPersonalPaymentEntry/cb_TermsAndCond' is present

05-10-2024T01:09:56 - [MESSAGE][PASSED] - Object: 'Object Repository/IWP30/Page_ACHPersonalPaymentEntry/cb_TermsAndCond' is clicked on

05-10-2024T01:09:57 - [MESSAGE][PASSED] - Object 'Object Repository/IWP30/Page_ACHPersonalPaymentEntry/btn_Continue' is present

05-10-2024T01:09:58 - [MESSAGE][PASSED] - Object: 'Object Repository/IWP30/Page_ACHPersonalPaymentEntry/btn_Continue' is clicked on

05-10-2024T01:09:58 - [MESSAGE][PASSED] - iwpPages.achPersonalPaymentEntryPage.setDataACHPPM is PASSED

05-10-2024T01:09:58 - [TEST_STEP][PASSED] - click(findTestObject("Object Repository/IWP30/Page_Confirmation/ConfirmButton")): Object: 'Object Repository/IWP30/Page_Confirmation/ConfirmButton' is clicked on

05-10-2024T01:09:59 - [MESSAGE][PASSED] - Object: 'Object Repository/IWP30/Page_Confirmation/ConfirmButton' is clicked on

05-10-2024T01:09:59 - [TEST_STEP][PASSED] - Thread.sleep(10000): null

05-10-2024T01:10:09 - [TEST_STEP][PASSED] - if (verifyTextPresent("Successful Payment Receipt", false)): null

05-10-2024T01:10:09 - [MESSAGE][PASSED] - Text 'Successful Payment Receipt' is present on page 

05-10-2024T01:10:09 - [TEST_STEP][PASSED] - println("Successful Payment Receipt text is present on the Receipt page"): null

05-10-2024T01:10:09 - [TEST_STEP][PASSED] - markPassed("Successful Payment Receipt text is present on the Receipt page"): Successful Payment Receipt text is present on the Receipt page

05-10-2024T01:10:09 - [MESSAGE][PASSED] - Successful Payment Receipt text is present on the Receipt page

05-10-2024T01:10:09 - [TEST_STEP][PASSED] - resText = "Pass": null

05-10-2024T01:10:09 - [TEST_STEP][PASSED] - pages.WriteExcel.demoKey(resText, datText, resColumn, datCloumn, fileLoc, nameSheet, row): pages.WriteExcel.demoKey is PASSED

05-10-2024T01:10:09 - [MESSAGE][PASSED] - pages.WriteExcel.demoKey is PASSED

05-10-2024T01:10:09 - [TEST_STEP][PASSED] - closeBrowser(): Browser is closed

05-10-2024T01:10:10 - [MESSAGE][PASSED] - Browser is closed

05-10-2024T01:10:10 - [TEST_STEP][PASSED] - ExecuteTC = findTestData(dataFile).getValue("Execute", row): null

05-10-2024T01:10:10 - [TEST_STEP][PASSED] - out.println("Value of Execute is : " + ExecuteTC): null

05-10-2024T01:10:10 - [TEST_STEP][PASSED] - if (ExecuteTC.equalsIgnoreCase("Y")): null

05-10-2024T01:10:10 - [TEST_STEP][PASSED] - out.println("Begin Record Number: " + row): null

05-10-2024T01:10:10 - [TEST_STEP][PASSED] - today = new java.util.Date(): null

05-10-2024T01:10:10 - [TEST_STEP][PASSED] - println(today): null

05-10-2024T01:10:10 - [TEST_STEP][PASSED] - datText = today: null

05-10-2024T01:10:10 - [TEST_STEP][PASSED] - EmulatorDataKey = findTestData(dataFile).getValue("EmulatorData", row): null

05-10-2024T01:10:10 - [TEST_STEP][PASSED] - out.println("Value of Emulator Key is : " + EmulatorDataKey): null

05-10-2024T01:10:10 - [TEST_STEP][PASSED] - iwpPages.emulatorIWP30.setDataEmulator_DD(EmulatorDataKey): iwpPages.emulatorIWP30.setDataEmulator_DD is PASSED

05-10-2024T01:10:10 - [MESSAGE][INFO] - Starting 'Edge Chromium' driver

05-10-2024T01:10:10 - [MESSAGE][INFO] - User set preference: ['acceptInsecureCerts', 'true']

05-10-2024T01:10:12 - [MESSAGE][INFO] - Action delay is set to 0 milliseconds

05-10-2024T01:10:15 - [MESSAGE][PASSED] - Browser is opened with url: 'https://qa.velocitypayment.com/agency/config.do?action=editor&message_version=2_5'

05-10-2024T01:10:15 - [MESSAGE][PASSED] - Current window maximized

05-10-2024T01:10:16 - [MESSAGE][PASSED] - All options with value '2.5' are selected in object 'Object Repository/IWP30/Page_VRelay30Emulator/MV'  using regular expression

05-10-2024T01:10:16 - [MESSAGE][PASSED] - Text '10.50' is set on object 'Object Repository/IWP30/Page_VRelay30Emulator/Amount'

05-10-2024T01:10:17 - [MESSAGE][PASSED] - Text '5jeiWnA7Waqx' is set on object 'Object Repository/IWP30/Page_VRelay30Emulator/CAN'

05-10-2024T01:10:18 - [MESSAGE][PASSED] - Text 'PayNow' is set on object 'Object Repository/IWP30/Page_VRelay30Emulator/Action'

05-10-2024T01:10:18 - [MESSAGE][PASSED] - Text 'en_US' is set on object 'Object Repository/IWP30/Page_VRelay30Emulator/Lang'

05-10-2024T01:10:19 - [MESSAGE][PASSED] - Text 'Jasmine' is set on object 'Object Repository/IWP30/Page_VRelay30Emulator/Fname'

05-10-2024T01:10:20 - [MESSAGE][PASSED] - Text 'Patrinol' is set on object 'Object Repository/IWP30/Page_VRelay30Emulator/Lname'

05-10-2024T01:10:20 - [MESSAGE][PASSED] - Text '258 Underwood rd' is set on object 'Object Repository/IWP30/Page_VRelay30Emulator/AL1'

05-10-2024T01:10:21 - [MESSAGE][PASSED] - Text 'Suite 600' is set on object 'Object Repository/IWP30/Page_VRelay30Emulator/AL2'

05-10-2024T01:10:21 - [MESSAGE][PASSED] - Text '840' is set on object 'Object Repository/IWP30/Page_VRelay30Emulator/Country'

05-10-2024T01:10:22 - [MESSAGE][PASSED] - Text 'Arlington' is set on object 'Object Repository/IWP30/Page_VRelay30Emulator/City'

05-10-2024T01:10:23 - [MESSAGE][PASSED] - Text 'VA' is set on object 'Object Repository/IWP30/Page_VRelay30Emulator/State'

05-10-2024T01:10:23 - [MESSAGE][PASSED] - Text '22201' is set on object 'Object Repository/IWP30/Page_VRelay30Emulator/ZIP'

05-10-2024T01:10:24 - [MESSAGE][PASSED] - Text '' is set on object 'Object Repository/IWP30/Page_VRelay30Emulator/Order'

05-10-2024T01:10:24 - [MESSAGE][PASSED] - Text 'Some Company' is set on object 'Object Repository/IWP30/Page_VRelay30Emulator/Company'

05-10-2024T01:10:25 - [MESSAGE][PASSED] - Text 'iahmed@govolution.com' is set on object 'Object Repository/IWP30/Page_VRelay30Emulator/Email'

05-10-2024T01:10:26 - [MESSAGE][PASSED] - Text 'udf data 1' is set on object 'Object Repository/IWP30/Page_VRelay30Emulator/UDF1'

05-10-2024T01:10:26 - [MESSAGE][PASSED] - Text 'udf data 2' is set on object 'Object Repository/IWP30/Page_VRelay30Emulator/UDF2'

05-10-2024T01:10:27 - [MESSAGE][PASSED] - Text 'udf data 3' is set on object 'Object Repository/IWP30/Page_VRelay30Emulator/UDF3'

05-10-2024T01:10:27 - [MESSAGE][PASSED] - Text 'udf data 4' is set on object 'Object Repository/IWP30/Page_VRelay30Emulator/UDF4'

05-10-2024T01:10:28 - [MESSAGE][PASSED] - Text 'udf data 5' is set on object 'Object Repository/IWP30/Page_VRelay30Emulator/UDF5'

05-10-2024T01:10:29 - [MESSAGE][PASSED] - Text 'udf data 6' is set on object 'Object Repository/IWP30/Page_VRelay30Emulator/UDF6'

05-10-2024T01:10:29 - [MESSAGE][PASSED] - Text 'Orange' is set on object 'Object Repository/IWP30/Page_VRelay30Emulator/UDF7'

05-10-2024T01:10:30 - [MESSAGE][PASSED] - Text 'Soccer' is set on object 'Object Repository/IWP30/Page_VRelay30Emulator/UDF8'

05-10-2024T01:10:30 - [MESSAGE][PASSED] - Text 'udf data 9' is set on object 'Object Repository/IWP30/Page_VRelay30Emulator/UDF9'

05-10-2024T01:10:31 - [MESSAGE][PASSED] - Text 'udf data 10' is set on object 'Object Repository/IWP30/Page_VRelay30Emulator/UDF10'

05-10-2024T01:10:32 - [MESSAGE][PASSED] - Object: 'Object Repository/IWP30/Page_VRelay30Emulator/Submit' is clicked on

05-10-2024T01:10:36 - [MESSAGE][PASSED] - Browser is closed

05-10-2024T01:10:41 - [MESSAGE][PASSED] - iwpPages.emulatorIWP30.setDataEmulator_DD is PASSED

05-10-2024T01:10:41 - [TEST_STEP][PASSED] - testHarnessURL = urlTestHarness: null

05-10-2024T01:10:41 - [TEST_STEP][PASSED] - openBrowser(testHarnessURL): Browser is opened with url: 'https://dev-algorithm.govolution.com/vrelaytest/QA/version_2_2/vrelaytest.html'

05-10-2024T01:10:41 - [MESSAGE][INFO] - Starting 'Edge Chromium' driver

05-10-2024T01:10:41 - [MESSAGE][INFO] - User set preference: ['acceptInsecureCerts', 'true']

05-10-2024T01:10:43 - [MESSAGE][INFO] - Action delay is set to 0 milliseconds

05-10-2024T01:10:46 - [MESSAGE][PASSED] - Browser is opened with url: 'https://dev-algorithm.govolution.com/vrelaytest/QA/version_2_2/vrelaytest.html'

05-10-2024T01:10:46 - [TEST_STEP][PASSED] - maximizeWindow(): Current window maximized

05-10-2024T01:10:46 - [MESSAGE][PASSED] - Current window maximized

05-10-2024T01:10:46 - [TEST_STEP][PASSED] - iwpPages.TestHarnessPage.setDataMethod(row, dataFile): iwpPages.TestHarnessPage.setDataMethod is PASSED

05-10-2024T01:10:46 - [MESSAGE][PASSED] - Object 'Object Repository/IWP30/Page_QATestHarness/RemittanceID' is present

05-10-2024T01:10:47 - [MESSAGE][PASSED] - Text '638' is set on object 'Object Repository/IWP30/Page_QATestHarness/ApplicationID'

05-10-2024T01:10:47 - [MESSAGE][PASSED] - Text '2.5' is set on object 'Object Repository/IWP30/Page_QATestHarness/MessageVersion'

05-10-2024T01:10:48 - [MESSAGE][PASSED] - Text 'WI12lWfvR108' is set on object 'Object Repository/IWP30/Page_QATestHarness/RemittanceID'

05-10-2024T01:10:52 - [MESSAGE][PASSED] - Object: 'Object Repository/IWP30/Page_QATestHarness/SubmitButton' is clicked on

05-10-2024T01:10:52 - [MESSAGE][PASSED] - iwpPages.TestHarnessPage.setDataMethod is PASSED

05-10-2024T01:10:52 - [TEST_STEP][PASSED] - click(findTestObject("Object Repository/IWP30/Page_SelectPaymentMethod/PayByPersonalCheck")): Object: 'Object Repository/IWP30/Page_SelectPaymentMethod/PayByPersonalCheck' is clicked on

05-10-2024T01:10:53 - [MESSAGE][PASSED] - Object: 'Object Repository/IWP30/Page_SelectPaymentMethod/PayByPersonalCheck' is clicked on

05-10-2024T01:10:53 - [TEST_STEP][PASSED] - click(findTestObject("Object Repository/IWP30/Page_SelectPaymentMethod/MakePaymentButton")): Object: 'Object Repository/IWP30/Page_SelectPaymentMethod/MakePaymentButton' is clicked on

05-10-2024T01:10:55 - [MESSAGE][PASSED] - Object: 'Object Repository/IWP30/Page_SelectPaymentMethod/MakePaymentButton' is clicked on

05-10-2024T01:10:55 - [TEST_STEP][PASSED] - iwpPages.achPersonalPaymentEntryPage.setDataACHPPM(row, dataFile): iwpPages.achPersonalPaymentEntryPage.setDataACHPPM is PASSED

05-10-2024T01:10:56 - [MESSAGE][PASSED] - Object 'Object Repository/IWP30/Page_ACHPersonalPaymentEntry/txt_accountNumber' is present

05-10-2024T01:10:56 - [MESSAGE][PASSED] - Object 'Object Repository/IWP30/Page_ACHPersonalPaymentEntry/txt_UDF2' is present

05-10-2024T01:10:57 - [MESSAGE][PASSED] - All options with label 'Soccer' are selected in object 'Object Repository/IWP30/Page_ACHPersonalPaymentEntry/dd_UDF8' 

05-10-2024T01:10:57 - [MESSAGE][PASSED] - Object 'Object Repository/IWP30/Page_ACHPersonalPaymentEntry/txt_Firstname' is present

05-10-2024T01:10:57 - [MESSAGE][PASSED] - Object 'Object Repository/IWP30/Page_ACHPersonalPaymentEntry/txt_Lastname' is present

05-10-2024T01:10:57 - [MESSAGE][PASSED] - Object 'Object Repository/IWP30/Page_ACHPersonalPaymentEntry/txt_routingNumber' is present

05-10-2024T01:10:58 - [MESSAGE][PASSED] - Text '256072691' is set on object 'Object Repository/IWP30/Page_ACHPersonalPaymentEntry/txt_routingNumber'

05-10-2024T01:10:58 - [MESSAGE][PASSED] - Object 'Object Repository/IWP30/Page_ACHPersonalPaymentEntry/txt_accountNumber' is present

05-10-2024T01:10:59 - [MESSAGE][PASSED] - Text '12342222' is set on object 'Object Repository/IWP30/Page_ACHPersonalPaymentEntry/txt_accountNumber'

05-10-2024T01:11:00 - [MESSAGE][PASSED] - Object 'Object Repository/IWP30/Page_ACHPersonalPaymentEntry/txt_confirmAccountNumber' is present

05-10-2024T01:11:00 - [MESSAGE][PASSED] - Text '12342222' is set on object 'Object Repository/IWP30/Page_ACHPersonalPaymentEntry/txt_confirmAccountNumber'

05-10-2024T01:11:00 - [MESSAGE][PASSED] - Object 'Object Repository/IWP30/Page_ACHPersonalPaymentEntry/rd_accountType' is present

05-10-2024T01:11:00 - [MESSAGE][PASSED] - Modify property of object successfully

05-10-2024T01:11:01 - [MESSAGE][PASSED] - Object: 'Object Repository/IWP30/Page_ACHPersonalPaymentEntry/rd_accountType' is clicked on

05-10-2024T01:11:01 - [MESSAGE][PASSED] - Object 'Object Repository/IWP30/Page_ACHPersonalPaymentEntry/txt_Email' is present

05-10-2024T01:11:01 - [MESSAGE][PASSED] - Object 'Object Repository/IWP30/Page_ACHPersonalPaymentEntry/cb_TermsAndCond' is present

05-10-2024T01:11:02 - [MESSAGE][PASSED] - Object: 'Object Repository/IWP30/Page_ACHPersonalPaymentEntry/cb_TermsAndCond' is clicked on

05-10-2024T01:11:02 - [MESSAGE][PASSED] - Object 'Object Repository/IWP30/Page_ACHPersonalPaymentEntry/btn_Continue' is present

05-10-2024T01:11:03 - [MESSAGE][PASSED] - Object: 'Object Repository/IWP30/Page_ACHPersonalPaymentEntry/btn_Continue' is clicked on

05-10-2024T01:11:03 - [MESSAGE][PASSED] - iwpPages.achPersonalPaymentEntryPage.setDataACHPPM is PASSED

05-10-2024T01:11:03 - [TEST_STEP][PASSED] - click(findTestObject("Object Repository/IWP30/Page_Confirmation/ConfirmButton")): Object: 'Object Repository/IWP30/Page_Confirmation/ConfirmButton' is clicked on

05-10-2024T01:11:04 - [MESSAGE][PASSED] - Object: 'Object Repository/IWP30/Page_Confirmation/ConfirmButton' is clicked on

05-10-2024T01:11:04 - [TEST_STEP][PASSED] - Thread.sleep(10000): null

05-10-2024T01:11:14 - [TEST_STEP][PASSED] - if (verifyTextPresent("Successful Payment Receipt", false)): null

05-10-2024T01:11:14 - [MESSAGE][PASSED] - Text 'Successful Payment Receipt' is present on page 

05-10-2024T01:11:14 - [TEST_STEP][PASSED] - println("Successful Payment Receipt text is present on the Receipt page"): null

05-10-2024T01:11:14 - [TEST_STEP][PASSED] - markPassed("Successful Payment Receipt text is present on the Receipt page"): Successful Payment Receipt text is present on the Receipt page

05-10-2024T01:11:14 - [MESSAGE][PASSED] - Successful Payment Receipt text is present on the Receipt page

05-10-2024T01:11:14 - [TEST_STEP][PASSED] - resText = "Pass": null

05-10-2024T01:11:14 - [TEST_STEP][PASSED] - pages.WriteExcel.demoKey(resText, datText, resColumn, datCloumn, fileLoc, nameSheet, row): pages.WriteExcel.demoKey is PASSED

05-10-2024T01:11:15 - [MESSAGE][PASSED] - pages.WriteExcel.demoKey is PASSED

05-10-2024T01:11:15 - [TEST_STEP][PASSED] - closeBrowser(): Browser is closed

05-10-2024T01:11:15 - [MESSAGE][PASSED] - Browser is closed

05-10-2024T01:11:15 - [TEST_STEP][PASSED] - ExecuteTC = findTestData(dataFile).getValue("Execute", row): null

05-10-2024T01:11:15 - [TEST_STEP][PASSED] - out.println("Value of Execute is : " + ExecuteTC): null

05-10-2024T01:11:15 - [TEST_STEP][PASSED] - if (ExecuteTC.equalsIgnoreCase("Y")): null

05-10-2024T01:11:15 - [TEST_STEP][PASSED] - out.println("Begin Record Number: " + row): null

05-10-2024T01:11:15 - [TEST_STEP][PASSED] - today = new java.util.Date(): null

05-10-2024T01:11:15 - [TEST_STEP][PASSED] - println(today): null

05-10-2024T01:11:15 - [TEST_STEP][PASSED] - datText = today: null

05-10-2024T01:11:15 - [TEST_STEP][PASSED] - EmulatorDataKey = findTestData(dataFile).getValue("EmulatorData", row): null

05-10-2024T01:11:15 - [TEST_STEP][PASSED] - out.println("Value of Emulator Key is : " + EmulatorDataKey): null

05-10-2024T01:11:15 - [TEST_STEP][PASSED] - iwpPages.emulatorIWP30.setDataEmulator_DD(EmulatorDataKey): iwpPages.emulatorIWP30.setDataEmulator_DD is PASSED

05-10-2024T01:11:15 - [MESSAGE][INFO] - Starting 'Edge Chromium' driver

05-10-2024T01:11:15 - [MESSAGE][INFO] - User set preference: ['acceptInsecureCerts', 'true']

05-10-2024T01:11:17 - [MESSAGE][INFO] - Action delay is set to 0 milliseconds

05-10-2024T01:11:20 - [MESSAGE][PASSED] - Browser is opened with url: 'https://qa.velocitypayment.com/agency/config.do?action=editor&message_version=2_5'

05-10-2024T01:11:20 - [MESSAGE][PASSED] - Current window maximized

05-10-2024T01:11:21 - [MESSAGE][PASSED] - All options with value '2.5' are selected in object 'Object Repository/IWP30/Page_VRelay30Emulator/MV'  using regular expression

05-10-2024T01:11:22 - [MESSAGE][PASSED] - Text '10.50' is set on object 'Object Repository/IWP30/Page_VRelay30Emulator/Amount'

05-10-2024T01:11:23 - [MESSAGE][PASSED] - Text 'xDuVAIkUYX1D' is set on object 'Object Repository/IWP30/Page_VRelay30Emulator/CAN'

05-10-2024T01:11:23 - [MESSAGE][PASSED] - Text 'PayNow' is set on object 'Object Repository/IWP30/Page_VRelay30Emulator/Action'

05-10-2024T01:11:24 - [MESSAGE][PASSED] - Text 'en_US' is set on object 'Object Repository/IWP30/Page_VRelay30Emulator/Lang'

05-10-2024T01:11:24 - [MESSAGE][PASSED] - Text '' is set on object 'Object Repository/IWP30/Page_VRelay30Emulator/Fname'

05-10-2024T01:11:25 - [MESSAGE][PASSED] - Text '' is set on object 'Object Repository/IWP30/Page_VRelay30Emulator/Lname'

05-10-2024T01:11:25 - [MESSAGE][PASSED] - Text '' is set on object 'Object Repository/IWP30/Page_VRelay30Emulator/AL1'

05-10-2024T01:11:26 - [MESSAGE][PASSED] - Text '' is set on object 'Object Repository/IWP30/Page_VRelay30Emulator/AL2'

05-10-2024T01:11:27 - [MESSAGE][PASSED] - Text '' is set on object 'Object Repository/IWP30/Page_VRelay30Emulator/Country'

05-10-2024T01:11:27 - [MESSAGE][PASSED] - Text '' is set on object 'Object Repository/IWP30/Page_VRelay30Emulator/City'

05-10-2024T01:11:28 - [MESSAGE][PASSED] - Text '' is set on object 'Object Repository/IWP30/Page_VRelay30Emulator/State'

05-10-2024T01:11:28 - [MESSAGE][PASSED] - Text '' is set on object 'Object Repository/IWP30/Page_VRelay30Emulator/ZIP'

05-10-2024T01:11:29 - [MESSAGE][PASSED] - Text '' is set on object 'Object Repository/IWP30/Page_VRelay30Emulator/Order'

05-10-2024T01:11:29 - [MESSAGE][PASSED] - Text '' is set on object 'Object Repository/IWP30/Page_VRelay30Emulator/Company'

05-10-2024T01:11:30 - [MESSAGE][PASSED] - Text '' is set on object 'Object Repository/IWP30/Page_VRelay30Emulator/Email'

05-10-2024T01:11:31 - [MESSAGE][PASSED] - Text '' is set on object 'Object Repository/IWP30/Page_VRelay30Emulator/UDF1'

05-10-2024T01:11:31 - [MESSAGE][PASSED] - Text '' is set on object 'Object Repository/IWP30/Page_VRelay30Emulator/UDF2'

05-10-2024T01:11:32 - [MESSAGE][PASSED] - Text '' is set on object 'Object Repository/IWP30/Page_VRelay30Emulator/UDF3'

05-10-2024T01:11:32 - [MESSAGE][PASSED] - Text 'udf data 4' is set on object 'Object Repository/IWP30/Page_VRelay30Emulator/UDF4'

05-10-2024T01:11:33 - [MESSAGE][PASSED] - Text 'udf data 5' is set on object 'Object Repository/IWP30/Page_VRelay30Emulator/UDF5'

05-10-2024T01:11:33 - [MESSAGE][PASSED] - Text '' is set on object 'Object Repository/IWP30/Page_VRelay30Emulator/UDF6'

05-10-2024T01:11:34 - [MESSAGE][PASSED] - Text '' is set on object 'Object Repository/IWP30/Page_VRelay30Emulator/UDF7'

05-10-2024T01:11:35 - [MESSAGE][PASSED] - Text '' is set on object 'Object Repository/IWP30/Page_VRelay30Emulator/UDF8'

05-10-2024T01:11:35 - [MESSAGE][PASSED] - Text 'udf data 9' is set on object 'Object Repository/IWP30/Page_VRelay30Emulator/UDF9'

05-10-2024T01:11:36 - [MESSAGE][PASSED] - Text 'udf data 10' is set on object 'Object Repository/IWP30/Page_VRelay30Emulator/UDF10'

05-10-2024T01:11:37 - [MESSAGE][PASSED] - Object: 'Object Repository/IWP30/Page_VRelay30Emulator/Submit' is clicked on

05-10-2024T01:11:41 - [MESSAGE][PASSED] - Browser is closed

05-10-2024T01:11:45 - [MESSAGE][PASSED] - iwpPages.emulatorIWP30.setDataEmulator_DD is PASSED

05-10-2024T01:11:45 - [TEST_STEP][PASSED] - testHarnessURL = urlTestHarness: null

05-10-2024T01:11:45 - [TEST_STEP][PASSED] - openBrowser(testHarnessURL): Browser is opened with url: 'https://dev-algorithm.govolution.com/vrelaytest/QA/version_2_2/vrelaytest.html'

05-10-2024T01:11:45 - [MESSAGE][INFO] - Starting 'Edge Chromium' driver

05-10-2024T01:11:45 - [MESSAGE][INFO] - User set preference: ['acceptInsecureCerts', 'true']

05-10-2024T01:11:47 - [MESSAGE][INFO] - Action delay is set to 0 milliseconds

05-10-2024T01:11:51 - [MESSAGE][PASSED] - Browser is opened with url: 'https://dev-algorithm.govolution.com/vrelaytest/QA/version_2_2/vrelaytest.html'

05-10-2024T01:11:51 - [TEST_STEP][PASSED] - maximizeWindow(): Current window maximized

05-10-2024T01:11:51 - [MESSAGE][PASSED] - Current window maximized

05-10-2024T01:11:51 - [TEST_STEP][PASSED] - iwpPages.TestHarnessPage.setDataMethod(row, dataFile): iwpPages.TestHarnessPage.setDataMethod is PASSED

05-10-2024T01:11:51 - [MESSAGE][PASSED] - Object 'Object Repository/IWP30/Page_QATestHarness/RemittanceID' is present

05-10-2024T01:11:52 - [MESSAGE][PASSED] - Text '638' is set on object 'Object Repository/IWP30/Page_QATestHarness/ApplicationID'

05-10-2024T01:11:52 - [MESSAGE][PASSED] - Text '2.5' is set on object 'Object Repository/IWP30/Page_QATestHarness/MessageVersion'

05-10-2024T01:11:53 - [MESSAGE][PASSED] - Text 'd8SkgWZ58nvz' is set on object 'Object Repository/IWP30/Page_QATestHarness/RemittanceID'

05-10-2024T01:11:56 - [MESSAGE][PASSED] - Object: 'Object Repository/IWP30/Page_QATestHarness/SubmitButton' is clicked on

05-10-2024T01:11:56 - [MESSAGE][PASSED] - iwpPages.TestHarnessPage.setDataMethod is PASSED

05-10-2024T01:11:56 - [TEST_STEP][PASSED] - click(findTestObject("Object Repository/IWP30/Page_SelectPaymentMethod/PayByPersonalCheck")): Object: 'Object Repository/IWP30/Page_SelectPaymentMethod/PayByPersonalCheck' is clicked on

05-10-2024T01:11:56 - [MESSAGE][PASSED] - Object: 'Object Repository/IWP30/Page_SelectPaymentMethod/PayByPersonalCheck' is clicked on

05-10-2024T01:11:56 - [TEST_STEP][PASSED] - click(findTestObject("Object Repository/IWP30/Page_SelectPaymentMethod/MakePaymentButton")): Object: 'Object Repository/IWP30/Page_SelectPaymentMethod/MakePaymentButton' is clicked on

05-10-2024T01:11:58 - [MESSAGE][PASSED] - Object: 'Object Repository/IWP30/Page_SelectPaymentMethod/MakePaymentButton' is clicked on

05-10-2024T01:11:58 - [TEST_STEP][PASSED] - iwpPages.achPersonalPaymentEntryPage.setDataACHPPM(row, dataFile): iwpPages.achPersonalPaymentEntryPage.setDataACHPPM is PASSED

05-10-2024T01:11:59 - [MESSAGE][PASSED] - Object 'Object Repository/IWP30/Page_ACHPersonalPaymentEntry/txt_accountNumber' is present

05-10-2024T01:11:59 - [MESSAGE][PASSED] - Text '10.50' is set on object 'Object Repository/IWP30/Page_ACHPersonalPaymentEntry/txt_Amount'

05-10-2024T01:12:00 - [MESSAGE][PASSED] - Object 'Object Repository/IWP30/Page_ACHPersonalPaymentEntry/txt_UDF2' is present

05-10-2024T01:12:00 - [MESSAGE][PASSED] - Text 'udf data 3' is set on object 'Object Repository/IWP30/Page_ACHPersonalPaymentEntry/txt_UDF3'

05-10-2024T01:12:01 - [MESSAGE][PASSED] - All options with label 'Soccer' are selected in object 'Object Repository/IWP30/Page_ACHPersonalPaymentEntry/dd_UDF8' 

05-10-2024T01:12:01 - [MESSAGE][PASSED] - Object 'Object Repository/IWP30/Page_ACHPersonalPaymentEntry/txt_Firstname' is present

05-10-2024T01:12:02 - [MESSAGE][PASSED] - Text 'Curlonty' is set on object 'Object Repository/IWP30/Page_ACHPersonalPaymentEntry/txt_Firstname'

05-10-2024T01:12:02 - [MESSAGE][PASSED] - Object 'Object Repository/IWP30/Page_ACHPersonalPaymentEntry/txt_Lastname' is present

05-10-2024T01:12:03 - [MESSAGE][PASSED] - Text 'Lachuga' is set on object 'Object Repository/IWP30/Page_ACHPersonalPaymentEntry/txt_Lastname'

05-10-2024T01:12:03 - [MESSAGE][PASSED] - Object 'Object Repository/IWP30/Page_ACHPersonalPaymentEntry/txt_routingNumber' is present

05-10-2024T01:12:03 - [MESSAGE][PASSED] - Text '256072691' is set on object 'Object Repository/IWP30/Page_ACHPersonalPaymentEntry/txt_routingNumber'

05-10-2024T01:12:04 - [MESSAGE][PASSED] - Object 'Object Repository/IWP30/Page_ACHPersonalPaymentEntry/txt_accountNumber' is present

05-10-2024T01:12:05 - [MESSAGE][PASSED] - Text '12342222' is set on object 'Object Repository/IWP30/Page_ACHPersonalPaymentEntry/txt_accountNumber'

05-10-2024T01:12:05 - [MESSAGE][PASSED] - Object 'Object Repository/IWP30/Page_ACHPersonalPaymentEntry/txt_confirmAccountNumber' is present

05-10-2024T01:12:06 - [MESSAGE][PASSED] - Text '12342222' is set on object 'Object Repository/IWP30/Page_ACHPersonalPaymentEntry/txt_confirmAccountNumber'

05-10-2024T01:12:06 - [MESSAGE][PASSED] - Object 'Object Repository/IWP30/Page_ACHPersonalPaymentEntry/rd_accountType' is present

05-10-2024T01:12:06 - [MESSAGE][PASSED] - Modify property of object successfully

05-10-2024T01:12:07 - [MESSAGE][PASSED] - Object: 'Object Repository/IWP30/Page_ACHPersonalPaymentEntry/rd_accountType' is clicked on

05-10-2024T01:12:07 - [MESSAGE][PASSED] - Text '365 Main Avenue' is set on object 'Object Repository/IWP30/Page_ACHPersonalPaymentEntry/txt_AL1'

05-10-2024T01:12:08 - [MESSAGE][PASSED] - Text '22201' is set on object 'Object Repository/IWP30/Page_ACHPersonalPaymentEntry/txt_ZIP'

05-10-2024T01:12:08 - [MESSAGE][PASSED] - Object 'Object Repository/IWP30/Page_ACHPersonalPaymentEntry/txt_Email' is present

05-10-2024T01:12:09 - [MESSAGE][PASSED] - Text 'iahmed@govolution.com' is set on object 'Object Repository/IWP30/Page_ACHPersonalPaymentEntry/txt_Email'

05-10-2024T01:12:09 - [MESSAGE][PASSED] - Object 'Object Repository/IWP30/Page_ACHPersonalPaymentEntry/cb_TermsAndCond' is present

05-10-2024T01:12:10 - [MESSAGE][PASSED] - Object: 'Object Repository/IWP30/Page_ACHPersonalPaymentEntry/cb_TermsAndCond' is clicked on

05-10-2024T01:12:10 - [MESSAGE][PASSED] - Object 'Object Repository/IWP30/Page_ACHPersonalPaymentEntry/btn_Continue' is present

05-10-2024T01:12:11 - [MESSAGE][PASSED] - Object: 'Object Repository/IWP30/Page_ACHPersonalPaymentEntry/btn_Continue' is clicked on

05-10-2024T01:12:11 - [MESSAGE][PASSED] - iwpPages.achPersonalPaymentEntryPage.setDataACHPPM is PASSED

05-10-2024T01:12:11 - [TEST_STEP][PASSED] - click(findTestObject("Object Repository/IWP30/Page_Confirmation/ConfirmButton")): Object: 'Object Repository/IWP30/Page_Confirmation/ConfirmButton' is clicked on

05-10-2024T01:12:12 - [MESSAGE][PASSED] - Object: 'Object Repository/IWP30/Page_Confirmation/ConfirmButton' is clicked on

05-10-2024T01:12:12 - [TEST_STEP][PASSED] - Thread.sleep(10000): null

05-10-2024T01:12:22 - [TEST_STEP][PASSED] - if (verifyTextPresent("Successful Payment Receipt", false)): null

05-10-2024T01:12:23 - [MESSAGE][PASSED] - Text 'Successful Payment Receipt' is present on page 

05-10-2024T01:12:23 - [TEST_STEP][PASSED] - println("Successful Payment Receipt text is present on the Receipt page"): null

05-10-2024T01:12:23 - [TEST_STEP][PASSED] - markPassed("Successful Payment Receipt text is present on the Receipt page"): Successful Payment Receipt text is present on the Receipt page

05-10-2024T01:12:23 - [MESSAGE][PASSED] - Successful Payment Receipt text is present on the Receipt page

05-10-2024T01:12:23 - [TEST_STEP][PASSED] - resText = "Pass": null

05-10-2024T01:12:23 - [TEST_STEP][PASSED] - pages.WriteExcel.demoKey(resText, datText, resColumn, datCloumn, fileLoc, nameSheet, row): pages.WriteExcel.demoKey is PASSED

05-10-2024T01:12:23 - [MESSAGE][PASSED] - pages.WriteExcel.demoKey is PASSED

05-10-2024T01:12:23 - [TEST_STEP][PASSED] - closeBrowser(): Browser is closed

05-10-2024T01:12:23 - [MESSAGE][PASSED] - Browser is closed]]></system-out>
         <system-err><![CDATA[]]></system-err>
      </testcase>
      <testcase name="Test Cases/IntegratedWeb/IWP25/Payments/PayNowSuccesfulPaymentCC" time="64.237" classname="Test Cases/IntegratedWeb/IWP25/Payments/PayNowSuccesfulPaymentCC" status="PASSED">
         <system-out><![CDATA[05-10-2024T01:12:23 - [TEST_CASE][PASSED] - Test Cases/IntegratedWeb/IWP25/Payments/PayNowSuccesfulPaymentCC: Test Cases/IntegratedWeb/IWP25/Payments/PayNowSuccesfulPaymentCC

05-10-2024T01:12:23 - [TEST_STEP][PASSED] - resText = "Fail": null

05-10-2024T01:12:23 - [TEST_STEP][PASSED] - resColumn = "Result": null

05-10-2024T01:12:23 - [TEST_STEP][PASSED] - datCloumn = "Date": null

05-10-2024T01:12:23 - [TEST_STEP][PASSED] - fileLoc = "KatalonData/IWPTestData/VRelay25Payments.xlsx": null

05-10-2024T01:12:23 - [TEST_STEP][PASSED] - numOfRows = <not implemented yet for class: org.codehaus.groovy.ast.expr.EmptyExpression>: null

05-10-2024T01:12:23 - [TEST_STEP][PASSED] - dataFile = <not implemented yet for class: org.codehaus.groovy.ast.expr.EmptyExpression>: null

05-10-2024T01:12:23 - [TEST_STEP][PASSED] - nameSheet = <not implemented yet for class: org.codehaus.groovy.ast.expr.EmptyExpression>: null

05-10-2024T01:12:23 - [TEST_STEP][PASSED] - dataFileEmulator = <not implemented yet for class: org.codehaus.groovy.ast.expr.EmptyExpression>: null

05-10-2024T01:12:23 - [TEST_STEP][PASSED] - nameSheet = "PayNowCC": null

05-10-2024T01:12:23 - [TEST_STEP][PASSED] - dataFile = "IWPTestData/IWP25PayNowCC": null

05-10-2024T01:12:23 - [TEST_STEP][PASSED] - dataFileEmulator = "IWPTestData/EmulatorData": null

05-10-2024T01:12:23 - [TEST_STEP][PASSED] - numOfRows = findTestData(dataFile).getRowNumbers(): null

05-10-2024T01:12:23 - [TEST_STEP][PASSED] - println("Number of Records: " + numOfRows): null

05-10-2024T01:12:23 - [TEST_STEP][PASSED] - for ([row = 1, row <= 1, (row++)]): Browser is closed

05-10-2024T01:12:23 - [TEST_STEP][PASSED] - ExecuteTC = findTestData(dataFile).getValue("Execute", row): null

05-10-2024T01:12:23 - [TEST_STEP][PASSED] - out.println("Value of Execute is : " + ExecuteTC): null

05-10-2024T01:12:23 - [TEST_STEP][PASSED] - if (ExecuteTC.equalsIgnoreCase("Y")): null

05-10-2024T01:12:23 - [TEST_STEP][PASSED] - out.println("Begin Record Number: " + row): null

05-10-2024T01:12:23 - [TEST_STEP][PASSED] - today = new java.util.Date(): null

05-10-2024T01:12:23 - [TEST_STEP][PASSED] - println(today): null

05-10-2024T01:12:23 - [TEST_STEP][PASSED] - datText = today: null

05-10-2024T01:12:23 - [TEST_STEP][PASSED] - EmulatorDataKey = findTestData(dataFile).getValue("EmulatorData", row): null

05-10-2024T01:12:23 - [TEST_STEP][PASSED] - out.println("Value of Emulator Key is : " + EmulatorDataKey): null

05-10-2024T01:12:23 - [TEST_STEP][PASSED] - iwpPages.emulatorIWP30.setDataEmulator_DD(EmulatorDataKey): iwpPages.emulatorIWP30.setDataEmulator_DD is PASSED

05-10-2024T01:12:24 - [MESSAGE][INFO] - Starting 'Edge Chromium' driver

05-10-2024T01:12:24 - [MESSAGE][INFO] - User set preference: ['acceptInsecureCerts', 'true']

05-10-2024T01:12:26 - [MESSAGE][INFO] - Action delay is set to 0 milliseconds

05-10-2024T01:12:29 - [MESSAGE][PASSED] - Browser is opened with url: 'https://qa.velocitypayment.com/agency/config.do?action=editor&message_version=2_5'

05-10-2024T01:12:29 - [MESSAGE][PASSED] - Current window maximized

05-10-2024T01:12:30 - [MESSAGE][PASSED] - All options with value '2.5' are selected in object 'Object Repository/IWP30/Page_VRelay30Emulator/MV'  using regular expression

05-10-2024T01:12:31 - [MESSAGE][PASSED] - Text '10.50' is set on object 'Object Repository/IWP30/Page_VRelay30Emulator/Amount'

05-10-2024T01:12:31 - [MESSAGE][PASSED] - Text '6rJjcHBSNA5n' is set on object 'Object Repository/IWP30/Page_VRelay30Emulator/CAN'

05-10-2024T01:12:32 - [MESSAGE][PASSED] - Text 'PayNow' is set on object 'Object Repository/IWP30/Page_VRelay30Emulator/Action'

05-10-2024T01:12:32 - [MESSAGE][PASSED] - Text 'en_US' is set on object 'Object Repository/IWP30/Page_VRelay30Emulator/Lang'

05-10-2024T01:12:33 - [MESSAGE][PASSED] - Text 'Jasmine' is set on object 'Object Repository/IWP30/Page_VRelay30Emulator/Fname'

05-10-2024T01:12:34 - [MESSAGE][PASSED] - Text 'Patrinol' is set on object 'Object Repository/IWP30/Page_VRelay30Emulator/Lname'

05-10-2024T01:12:34 - [MESSAGE][PASSED] - Text '258 Underwood rd' is set on object 'Object Repository/IWP30/Page_VRelay30Emulator/AL1'

05-10-2024T01:12:35 - [MESSAGE][PASSED] - Text 'Suite 600' is set on object 'Object Repository/IWP30/Page_VRelay30Emulator/AL2'

05-10-2024T01:12:35 - [MESSAGE][PASSED] - Text '840' is set on object 'Object Repository/IWP30/Page_VRelay30Emulator/Country'

05-10-2024T01:12:36 - [MESSAGE][PASSED] - Text 'Arlington' is set on object 'Object Repository/IWP30/Page_VRelay30Emulator/City'

05-10-2024T01:12:37 - [MESSAGE][PASSED] - Text 'VA' is set on object 'Object Repository/IWP30/Page_VRelay30Emulator/State'

05-10-2024T01:12:37 - [MESSAGE][PASSED] - Text '22201' is set on object 'Object Repository/IWP30/Page_VRelay30Emulator/ZIP'

05-10-2024T01:12:38 - [MESSAGE][PASSED] - Text '' is set on object 'Object Repository/IWP30/Page_VRelay30Emulator/Order'

05-10-2024T01:12:38 - [MESSAGE][PASSED] - Text 'Some Company' is set on object 'Object Repository/IWP30/Page_VRelay30Emulator/Company'

05-10-2024T01:12:39 - [MESSAGE][PASSED] - Text 'iahmed@govolution.com' is set on object 'Object Repository/IWP30/Page_VRelay30Emulator/Email'

05-10-2024T01:12:40 - [MESSAGE][PASSED] - Text 'udf data 1' is set on object 'Object Repository/IWP30/Page_VRelay30Emulator/UDF1'

05-10-2024T01:12:40 - [MESSAGE][PASSED] - Text 'udf data 2' is set on object 'Object Repository/IWP30/Page_VRelay30Emulator/UDF2'

05-10-2024T01:12:41 - [MESSAGE][PASSED] - Text 'udf data 3' is set on object 'Object Repository/IWP30/Page_VRelay30Emulator/UDF3'

05-10-2024T01:12:41 - [MESSAGE][PASSED] - Text 'udf data 4' is set on object 'Object Repository/IWP30/Page_VRelay30Emulator/UDF4'

05-10-2024T01:12:42 - [MESSAGE][PASSED] - Text 'udf data 5' is set on object 'Object Repository/IWP30/Page_VRelay30Emulator/UDF5'

05-10-2024T01:12:42 - [MESSAGE][PASSED] - Text 'udf data 6' is set on object 'Object Repository/IWP30/Page_VRelay30Emulator/UDF6'

05-10-2024T01:12:43 - [MESSAGE][PASSED] - Text 'Orange' is set on object 'Object Repository/IWP30/Page_VRelay30Emulator/UDF7'

05-10-2024T01:12:44 - [MESSAGE][PASSED] - Text 'Soccer' is set on object 'Object Repository/IWP30/Page_VRelay30Emulator/UDF8'

05-10-2024T01:12:44 - [MESSAGE][PASSED] - Text 'udf data 9' is set on object 'Object Repository/IWP30/Page_VRelay30Emulator/UDF9'

05-10-2024T01:12:45 - [MESSAGE][PASSED] - Text 'udf data 10' is set on object 'Object Repository/IWP30/Page_VRelay30Emulator/UDF10'

05-10-2024T01:12:46 - [MESSAGE][PASSED] - Object: 'Object Repository/IWP30/Page_VRelay30Emulator/Submit' is clicked on

05-10-2024T01:12:50 - [MESSAGE][PASSED] - Browser is closed

05-10-2024T01:12:55 - [MESSAGE][PASSED] - iwpPages.emulatorIWP30.setDataEmulator_DD is PASSED

05-10-2024T01:12:55 - [TEST_STEP][PASSED] - testHarnessURL = urlTestHarness: null

05-10-2024T01:12:55 - [TEST_STEP][PASSED] - openBrowser(testHarnessURL): Browser is opened with url: 'https://dev-algorithm.govolution.com/vrelaytest/QA/version_2_2/vrelaytest.html'

05-10-2024T01:12:55 - [MESSAGE][INFO] - Starting 'Edge Chromium' driver

05-10-2024T01:12:55 - [MESSAGE][INFO] - User set preference: ['acceptInsecureCerts', 'true']

05-10-2024T01:12:57 - [MESSAGE][INFO] - Action delay is set to 0 milliseconds

05-10-2024T01:12:59 - [MESSAGE][PASSED] - Browser is opened with url: 'https://dev-algorithm.govolution.com/vrelaytest/QA/version_2_2/vrelaytest.html'

05-10-2024T01:12:59 - [TEST_STEP][PASSED] - maximizeWindow(): Current window maximized

05-10-2024T01:13:00 - [MESSAGE][PASSED] - Current window maximized

05-10-2024T01:13:00 - [TEST_STEP][PASSED] - iwpPages.TestHarnessPage.setDataMethod(row, dataFile): iwpPages.TestHarnessPage.setDataMethod is PASSED

05-10-2024T01:13:00 - [MESSAGE][PASSED] - Object 'Object Repository/IWP30/Page_QATestHarness/RemittanceID' is present

05-10-2024T01:13:01 - [MESSAGE][PASSED] - Text '638' is set on object 'Object Repository/IWP30/Page_QATestHarness/ApplicationID'

05-10-2024T01:13:02 - [MESSAGE][PASSED] - Text '2.5' is set on object 'Object Repository/IWP30/Page_QATestHarness/MessageVersion'

05-10-2024T01:13:02 - [MESSAGE][PASSED] - Text '3mVcaQzy7YhS' is set on object 'Object Repository/IWP30/Page_QATestHarness/RemittanceID'

05-10-2024T01:13:05 - [MESSAGE][PASSED] - Object: 'Object Repository/IWP30/Page_QATestHarness/SubmitButton' is clicked on

05-10-2024T01:13:05 - [MESSAGE][PASSED] - iwpPages.TestHarnessPage.setDataMethod is PASSED

05-10-2024T01:13:05 - [TEST_STEP][PASSED] - check(findTestObject("Object Repository/IWP30/Page_SelectPaymentMethod/PayByCreditCard")): Object 'Object Repository/IWP30/Page_SelectPaymentMethod/PayByCreditCard' is checked

05-10-2024T01:13:06 - [MESSAGE][PASSED] - Object 'Object Repository/IWP30/Page_SelectPaymentMethod/PayByCreditCard' is checked

05-10-2024T01:13:06 - [TEST_STEP][PASSED] - click(findTestObject("Object Repository/IWP30/Page_SelectPaymentMethod/MakePaymentButton")): Object: 'Object Repository/IWP30/Page_SelectPaymentMethod/MakePaymentButton' is clicked on

05-10-2024T01:13:08 - [MESSAGE][PASSED] - Object: 'Object Repository/IWP30/Page_SelectPaymentMethod/MakePaymentButton' is clicked on

05-10-2024T01:13:08 - [TEST_STEP][PASSED] - iwpPages.ccPaymentEntryPage.setDataCCPM(row, dataFile): iwpPages.ccPaymentEntryPage.setDataCCPM is PASSED

05-10-2024T01:13:09 - [MESSAGE][PASSED] - Object 'Object Repository/IWP30/Page_CCPaymentEntry/Name' is present

05-10-2024T01:13:09 - [MESSAGE][PASSED] - All options with label 'Soccer' are selected in object 'Object Repository/IWP30/Page_CCPaymentEntry/UserDefined8' 

05-10-2024T01:13:09 - [MESSAGE][PASSED] - Object 'Object Repository/IWP30/Page_CCPaymentEntry/Name' is present

05-10-2024T01:13:10 - [MESSAGE][PASSED] - Object 'Object Repository/IWP30/Page_CCPaymentEntry/CardNumber' is present

05-10-2024T01:13:10 - [MESSAGE][PASSED] - Text '5146312200000035' is set on object 'Object Repository/IWP30/Page_CCPaymentEntry/CardNumber'

05-10-2024T01:13:11 - [MESSAGE][PASSED] - Text '123' is set on object 'Object Repository/IWP30/Page_CCPaymentEntry/SPC'

05-10-2024T01:13:11 - [MESSAGE][PASSED] - Object 'Object Repository/IWP30/Page_CCPaymentEntry/Month' is present

05-10-2024T01:13:12 - [MESSAGE][PASSED] - All options with label '09' are selected in object 'Object Repository/IWP30/Page_CCPaymentEntry/Month' 

05-10-2024T01:13:12 - [MESSAGE][PASSED] - Object 'Object Repository/IWP30/Page_CCPaymentEntry/Year' is present

05-10-2024T01:13:13 - [MESSAGE][PASSED] - All options with label '2028' are selected in object 'Object Repository/IWP30/Page_CCPaymentEntry/Year' 

05-10-2024T01:13:13 - [MESSAGE][PASSED] - Object 'Object Repository/IWP30/Page_CCPaymentEntry/EmailAddress' is present

05-10-2024T01:13:13 - [MESSAGE][PASSED] - Object 'Object Repository/IWP30/Page_CCPaymentEntry/TermCondCheckBox' is present

05-10-2024T01:13:13 - [MESSAGE][PASSED] - Object 'Object Repository/IWP30/Page_CCPaymentEntry/TermCondCheckBox' is checked

05-10-2024T01:13:14 - [MESSAGE][PASSED] - Object 'Object Repository/IWP30/Page_CCPaymentEntry/ContinueButton' is present

05-10-2024T01:13:15 - [MESSAGE][PASSED] - Object: 'Object Repository/IWP30/Page_CCPaymentEntry/ContinueButton' is clicked on

05-10-2024T01:13:15 - [MESSAGE][PASSED] - iwpPages.ccPaymentEntryPage.setDataCCPM is PASSED

05-10-2024T01:13:15 - [TEST_STEP][PASSED] - click(findTestObject("Object Repository/IWP30/Page_Confirmation/ConfirmButton")): Object: 'Object Repository/IWP30/Page_Confirmation/ConfirmButton' is clicked on

05-10-2024T01:13:17 - [MESSAGE][PASSED] - Object: 'Object Repository/IWP30/Page_Confirmation/ConfirmButton' is clicked on

05-10-2024T01:13:17 - [TEST_STEP][PASSED] - Thread.sleep(10000): null

05-10-2024T01:13:27 - [TEST_STEP][PASSED] - if (verifyTextPresent("Successful Payment Receipt", false)): null

05-10-2024T01:13:27 - [MESSAGE][PASSED] - Text 'Successful Payment Receipt' is present on page 

05-10-2024T01:13:27 - [TEST_STEP][PASSED] - println("Successful Payment Receipt text is present on the Receipt page"): null

05-10-2024T01:13:27 - [TEST_STEP][PASSED] - markPassed("Successful Payment Receipt text is present on the Receipt page"): Successful Payment Receipt text is present on the Receipt page

05-10-2024T01:13:27 - [MESSAGE][PASSED] - Successful Payment Receipt text is present on the Receipt page

05-10-2024T01:13:27 - [TEST_STEP][PASSED] - resText = "Pass": null

05-10-2024T01:13:27 - [TEST_STEP][PASSED] - pages.WriteExcel.demoKey(resText, datText, resColumn, datCloumn, fileLoc, nameSheet, row): pages.WriteExcel.demoKey is PASSED

05-10-2024T01:13:27 - [MESSAGE][PASSED] - pages.WriteExcel.demoKey is PASSED

05-10-2024T01:13:27 - [TEST_STEP][PASSED] - closeBrowser(): Browser is closed

05-10-2024T01:13:28 - [MESSAGE][PASSED] - Browser is closed]]></system-out>
         <system-err><![CDATA[]]></system-err>
      </testcase>
      <testcase name="Test Cases/IntegratedWeb/IWP25/Payments/VerifyCancelReceiptLabelsAutoPayCC" time="83.19" classname="Test Cases/IntegratedWeb/IWP25/Payments/VerifyCancelReceiptLabelsAutoPayCC" status="PASSED">
         <system-out><![CDATA[05-10-2024T01:13:28 - [TEST_CASE][PASSED] - Test Cases/IntegratedWeb/IWP25/Payments/VerifyCancelReceiptLabelsAutoPayCC: Test Cases/IntegratedWeb/IWP25/Payments/VerifyCancelReceiptLabelsAutoPayCC

05-10-2024T01:13:28 - [TEST_STEP][PASSED] - resText = "Fail": null

05-10-2024T01:13:28 - [TEST_STEP][PASSED] - resColumn = "Result": null

05-10-2024T01:13:28 - [TEST_STEP][PASSED] - datCloumn = "Date": null

05-10-2024T01:13:28 - [TEST_STEP][PASSED] - fileLoc = "KatalonData/IWPTestData/VRelay25PaymentsExtension.xlsx": null

05-10-2024T01:13:28 - [TEST_STEP][PASSED] - numOfRows = <not implemented yet for class: org.codehaus.groovy.ast.expr.EmptyExpression>: null

05-10-2024T01:13:28 - [TEST_STEP][PASSED] - dataFile = <not implemented yet for class: org.codehaus.groovy.ast.expr.EmptyExpression>: null

05-10-2024T01:13:28 - [TEST_STEP][PASSED] - nameSheet = <not implemented yet for class: org.codehaus.groovy.ast.expr.EmptyExpression>: null

05-10-2024T01:13:28 - [TEST_STEP][PASSED] - dataFileEmulator = <not implemented yet for class: org.codehaus.groovy.ast.expr.EmptyExpression>: null

05-10-2024T01:13:28 - [TEST_STEP][PASSED] - isRequiredTextPresent = false: null

05-10-2024T01:13:28 - [TEST_STEP][PASSED] - nameSheet = "VerifyCancelLabelAutopayCC": null

05-10-2024T01:13:28 - [TEST_STEP][PASSED] - dataFile = getExcelDataWithDefaultSheet("KatalonData/IWPTestData/VRelay25PaymentsExtension.xlsx", nameSheet, true): null

05-10-2024T01:13:28 - [TEST_STEP][PASSED] - dataFileEmulator = "IWPTestData/EmulatorData": null

05-10-2024T01:13:28 - [TEST_STEP][PASSED] - numOfRows = dataFile.getRowNumbers(): null

05-10-2024T01:13:28 - [TEST_STEP][PASSED] - println("Number of Records: " + numOfRows): null

05-10-2024T01:13:28 - [TEST_STEP][PASSED] - for ([row = 1, row <= numOfRows, (row++)]): Browser is closed

05-10-2024T01:13:28 - [TEST_STEP][PASSED] - ExecuteTC = dataFile.getValue("Execute", row): null

05-10-2024T01:13:28 - [TEST_STEP][PASSED] - out.println("Value of Execute is : " + ExecuteTC): null

05-10-2024T01:13:28 - [TEST_STEP][PASSED] - if (ExecuteTC.equalsIgnoreCase("Y")): null

05-10-2024T01:13:28 - [TEST_STEP][PASSED] - out.println("Begin Record Number: " + row): null

05-10-2024T01:13:28 - [TEST_STEP][PASSED] - today = new java.util.Date(): null

05-10-2024T01:13:28 - [TEST_STEP][PASSED] - println(today): null

05-10-2024T01:13:28 - [TEST_STEP][PASSED] - datText = today: null

05-10-2024T01:13:28 - [TEST_STEP][PASSED] - EmulatorDataKey = dataFile.getValue("EmulatorData", row): null

05-10-2024T01:13:28 - [TEST_STEP][PASSED] - out.println("Value of Emulator Key is : " + EmulatorDataKey): null

05-10-2024T01:13:28 - [TEST_STEP][PASSED] - iwpPages.emulatorIWP30.setDataEmulator_DD(EmulatorDataKey): iwpPages.emulatorIWP30.setDataEmulator_DD is PASSED

05-10-2024T01:13:28 - [MESSAGE][INFO] - Starting 'Edge Chromium' driver

05-10-2024T01:13:28 - [MESSAGE][INFO] - User set preference: ['acceptInsecureCerts', 'true']

05-10-2024T01:13:30 - [MESSAGE][INFO] - Action delay is set to 0 milliseconds

05-10-2024T01:13:33 - [MESSAGE][PASSED] - Browser is opened with url: 'https://qa.velocitypayment.com/agency/config.do?action=editor&message_version=2_5'

05-10-2024T01:13:33 - [MESSAGE][PASSED] - Current window maximized

05-10-2024T01:13:34 - [MESSAGE][PASSED] - All options with value '2.5' are selected in object 'Object Repository/IWP30/Page_VRelay30Emulator/MV'  using regular expression

05-10-2024T01:13:35 - [MESSAGE][PASSED] - Text '10.50' is set on object 'Object Repository/IWP30/Page_VRelay30Emulator/Amount'

05-10-2024T01:13:36 - [MESSAGE][PASSED] - Text 's2KqpnNzfLNv' is set on object 'Object Repository/IWP30/Page_VRelay30Emulator/CAN'

05-10-2024T01:13:36 - [MESSAGE][PASSED] - Text 'AutoPay' is set on object 'Object Repository/IWP30/Page_VRelay30Emulator/Action'

05-10-2024T01:13:37 - [MESSAGE][PASSED] - Text 'en_US' is set on object 'Object Repository/IWP30/Page_VRelay30Emulator/Lang'

05-10-2024T01:13:38 - [MESSAGE][PASSED] - Text '' is set on object 'Object Repository/IWP30/Page_VRelay30Emulator/Fname'

05-10-2024T01:13:38 - [MESSAGE][PASSED] - Text '' is set on object 'Object Repository/IWP30/Page_VRelay30Emulator/Lname'

05-10-2024T01:13:39 - [MESSAGE][PASSED] - Text '' is set on object 'Object Repository/IWP30/Page_VRelay30Emulator/AL1'

05-10-2024T01:13:40 - [MESSAGE][PASSED] - Text '' is set on object 'Object Repository/IWP30/Page_VRelay30Emulator/AL2'

05-10-2024T01:13:40 - [MESSAGE][PASSED] - Text '' is set on object 'Object Repository/IWP30/Page_VRelay30Emulator/Country'

05-10-2024T01:13:41 - [MESSAGE][PASSED] - Text '' is set on object 'Object Repository/IWP30/Page_VRelay30Emulator/City'

05-10-2024T01:13:42 - [MESSAGE][PASSED] - Text '' is set on object 'Object Repository/IWP30/Page_VRelay30Emulator/State'

05-10-2024T01:13:42 - [MESSAGE][PASSED] - Text '' is set on object 'Object Repository/IWP30/Page_VRelay30Emulator/ZIP'

05-10-2024T01:13:43 - [MESSAGE][PASSED] - Text '' is set on object 'Object Repository/IWP30/Page_VRelay30Emulator/Order'

05-10-2024T01:13:44 - [MESSAGE][PASSED] - Text '' is set on object 'Object Repository/IWP30/Page_VRelay30Emulator/Company'

05-10-2024T01:13:44 - [MESSAGE][PASSED] - Text '' is set on object 'Object Repository/IWP30/Page_VRelay30Emulator/Email'

05-10-2024T01:13:45 - [MESSAGE][PASSED] - Text '' is set on object 'Object Repository/IWP30/Page_VRelay30Emulator/UDF1'

05-10-2024T01:13:46 - [MESSAGE][PASSED] - Text '' is set on object 'Object Repository/IWP30/Page_VRelay30Emulator/UDF2'

05-10-2024T01:13:46 - [MESSAGE][PASSED] - Text '' is set on object 'Object Repository/IWP30/Page_VRelay30Emulator/UDF3'

05-10-2024T01:13:47 - [MESSAGE][PASSED] - Text 'udf data 4' is set on object 'Object Repository/IWP30/Page_VRelay30Emulator/UDF4'

05-10-2024T01:13:47 - [MESSAGE][PASSED] - Text 'udf data 5' is set on object 'Object Repository/IWP30/Page_VRelay30Emulator/UDF5'

05-10-2024T01:13:48 - [MESSAGE][PASSED] - Text '' is set on object 'Object Repository/IWP30/Page_VRelay30Emulator/UDF6'

05-10-2024T01:13:48 - [MESSAGE][PASSED] - Text '' is set on object 'Object Repository/IWP30/Page_VRelay30Emulator/UDF7'

05-10-2024T01:13:49 - [MESSAGE][PASSED] - Text '' is set on object 'Object Repository/IWP30/Page_VRelay30Emulator/UDF8'

05-10-2024T01:13:50 - [MESSAGE][PASSED] - Text 'udf data 9' is set on object 'Object Repository/IWP30/Page_VRelay30Emulator/UDF9'

05-10-2024T01:13:50 - [MESSAGE][PASSED] - Text 'udf data 10' is set on object 'Object Repository/IWP30/Page_VRelay30Emulator/UDF10'

05-10-2024T01:13:51 - [MESSAGE][PASSED] - Object: 'Object Repository/IWP30/Page_VRelay30Emulator/Submit' is clicked on

05-10-2024T01:13:56 - [MESSAGE][PASSED] - Browser is closed

05-10-2024T01:14:00 - [MESSAGE][PASSED] - iwpPages.emulatorIWP30.setDataEmulator_DD is PASSED

05-10-2024T01:14:00 - [TEST_STEP][PASSED] - testHarnessURL = urlTestHarness: null

05-10-2024T01:14:00 - [TEST_STEP][PASSED] - openBrowser(testHarnessURL): Browser is opened with url: 'https://dev-algorithm.govolution.com/vrelaytest/QA/version_2_2/vrelaytest.html'

05-10-2024T01:14:00 - [MESSAGE][INFO] - Starting 'Edge Chromium' driver

05-10-2024T01:14:00 - [MESSAGE][INFO] - User set preference: ['acceptInsecureCerts', 'true']

05-10-2024T01:14:02 - [MESSAGE][INFO] - Action delay is set to 0 milliseconds

05-10-2024T01:14:05 - [MESSAGE][PASSED] - Browser is opened with url: 'https://dev-algorithm.govolution.com/vrelaytest/QA/version_2_2/vrelaytest.html'

05-10-2024T01:14:05 - [TEST_STEP][PASSED] - maximizeWindow(): Current window maximized

05-10-2024T01:14:05 - [MESSAGE][PASSED] - Current window maximized

05-10-2024T01:14:05 - [TEST_STEP][PASSED] - iwpPages.TestHarnessPage.setDataMethodEF(row, dataFile): iwpPages.TestHarnessPage.setDataMethodEF is PASSED

05-10-2024T01:14:05 - [MESSAGE][PASSED] - Object 'Object Repository/IWP30/Page_QATestHarness/RemittanceID' is present

05-10-2024T01:14:06 - [MESSAGE][PASSED] - Text '638' is set on object 'Object Repository/IWP30/Page_QATestHarness/ApplicationID'

05-10-2024T01:14:07 - [MESSAGE][PASSED] - Text '2.5' is set on object 'Object Repository/IWP30/Page_QATestHarness/MessageVersion'

05-10-2024T01:14:07 - [MESSAGE][PASSED] - Text 'RgwU555kJsBN' is set on object 'Object Repository/IWP30/Page_QATestHarness/RemittanceID'

05-10-2024T01:14:10 - [MESSAGE][PASSED] - Object: 'Object Repository/IWP30/Page_QATestHarness/SubmitButton' is clicked on

05-10-2024T01:14:10 - [MESSAGE][PASSED] - iwpPages.TestHarnessPage.setDataMethodEF is PASSED

05-10-2024T01:14:10 - [TEST_STEP][PASSED] - click(findTestObject("Object Repository/IWP30/Page_SelectPaymentMethod/PayByCreditCard")): Object: 'Object Repository/IWP30/Page_SelectPaymentMethod/PayByCreditCard' is clicked on

05-10-2024T01:14:11 - [MESSAGE][PASSED] - Object: 'Object Repository/IWP30/Page_SelectPaymentMethod/PayByCreditCard' is clicked on

05-10-2024T01:14:11 - [TEST_STEP][PASSED] - click(findTestObject("Object Repository/IWP30/Page_SelectPaymentMethod/MakePaymentButton")): Object: 'Object Repository/IWP30/Page_SelectPaymentMethod/MakePaymentButton' is clicked on

05-10-2024T01:14:13 - [MESSAGE][PASSED] - Object: 'Object Repository/IWP30/Page_SelectPaymentMethod/MakePaymentButton' is clicked on

05-10-2024T01:14:13 - [TEST_STEP][PASSED] - iwpPages.ccPaymentEntryPage.setDataCCPM(row, dataFile): iwpPages.ccPaymentEntryPage.setDataCCPM is PASSED

05-10-2024T01:14:13 - [MESSAGE][PASSED] - Object 'Object Repository/IWP30/Page_CCPaymentEntry/Name' is present

05-10-2024T01:14:14 - [MESSAGE][PASSED] - Text 'udf data 2' is set on object 'Object Repository/IWP30/Page_CCPaymentEntry/UserDefined2'

05-10-2024T01:14:14 - [MESSAGE][PASSED] - Text 'udf data 3' is set on object 'Object Repository/IWP30/Page_CCPaymentEntry/UserDefined3'

05-10-2024T01:14:15 - [MESSAGE][PASSED] - All options with label 'Orange' are selected in object 'Object Repository/IWP30/Page_CCPaymentEntry/UserDefined7' 

05-10-2024T01:14:16 - [MESSAGE][PASSED] - All options with label 'Soccer' are selected in object 'Object Repository/IWP30/Page_CCPaymentEntry/UserDefined8' 

05-10-2024T01:14:16 - [MESSAGE][PASSED] - Object 'Object Repository/IWP30/Page_CCPaymentEntry/Name' is present

05-10-2024T01:14:16 - [MESSAGE][PASSED] - Text 'Kavita Ranawati' is set on object 'Object Repository/IWP30/Page_CCPaymentEntry/Name'

05-10-2024T01:14:17 - [MESSAGE][PASSED] - Object 'Object Repository/IWP30/Page_CCPaymentEntry/CardNumber' is present

05-10-2024T01:14:17 - [MESSAGE][PASSED] - Text '4111111111111111' is set on object 'Object Repository/IWP30/Page_CCPaymentEntry/CardNumber'

05-10-2024T01:14:18 - [MESSAGE][PASSED] - Text '123' is set on object 'Object Repository/IWP30/Page_CCPaymentEntry/SPC'

05-10-2024T01:14:18 - [MESSAGE][PASSED] - Object 'Object Repository/IWP30/Page_CCPaymentEntry/Month' is present

05-10-2024T01:14:19 - [MESSAGE][PASSED] - All options with label '01' are selected in object 'Object Repository/IWP30/Page_CCPaymentEntry/Month' 

05-10-2024T01:14:19 - [MESSAGE][PASSED] - Object 'Object Repository/IWP30/Page_CCPaymentEntry/Year' is present

05-10-2024T01:14:19 - [MESSAGE][PASSED] - All options with label '2028' are selected in object 'Object Repository/IWP30/Page_CCPaymentEntry/Year' 

05-10-2024T01:14:20 - [MESSAGE][PASSED] - Text '365 Main Avenue' is set on object 'Object Repository/IWP30/Page_CCPaymentEntry/AL1'

05-10-2024T01:14:21 - [MESSAGE][PASSED] - Text 'Ohio' is set on object 'Object Repository/IWP30/Page_CCPaymentEntry/AL2'

05-10-2024T01:14:21 - [MESSAGE][PASSED] - Text '22201' is set on object 'Object Repository/IWP30/Page_CCPaymentEntry/ZIP'

05-10-2024T01:14:21 - [MESSAGE][PASSED] - Object 'Object Repository/IWP30/Page_CCPaymentEntry/EmailAddress' is present

05-10-2024T01:14:23 - [MESSAGE][PASSED] - Text 'iahmed@govolution.com' is set on object 'Object Repository/IWP30/Page_CCPaymentEntry/EmailAddress'

05-10-2024T01:14:23 - [MESSAGE][PASSED] - Object 'Object Repository/IWP30/Page_CCPaymentEntry/TermCondCheckBox' is present

05-10-2024T01:14:24 - [MESSAGE][PASSED] - Object 'Object Repository/IWP30/Page_CCPaymentEntry/TermCondCheckBox' is checked

05-10-2024T01:14:24 - [MESSAGE][PASSED] - Object 'Object Repository/IWP30/Page_CCPaymentEntry/ContinueButton' is present

05-10-2024T01:14:25 - [MESSAGE][PASSED] - Object: 'Object Repository/IWP30/Page_CCPaymentEntry/ContinueButton' is clicked on

05-10-2024T01:14:25 - [MESSAGE][PASSED] - iwpPages.ccPaymentEntryPage.setDataCCPM is PASSED

05-10-2024T01:14:25 - [TEST_STEP][PASSED] - click(findTestObject("Object Repository/IWP30/Page_Confirmation/ConfirmButton")): Object: 'Object Repository/IWP30/Page_Confirmation/ConfirmButton' is clicked on

05-10-2024T01:14:27 - [MESSAGE][PASSED] - Object: 'Object Repository/IWP30/Page_Confirmation/ConfirmButton' is clicked on

05-10-2024T01:14:27 - [TEST_STEP][PASSED] - Thread.sleep(2000): null

05-10-2024T01:14:29 - [TEST_STEP][PASSED] - if (verifyTextPresent("AutoPay", false)): null

05-10-2024T01:14:29 - [MESSAGE][PASSED] - Text 'AutoPay' is present on page 

05-10-2024T01:14:29 - [TEST_STEP][PASSED] - openBrowser(testHarnessURL): Browser is opened with url: 'https://dev-algorithm.govolution.com/vrelaytest/QA/version_2_2/vrelaytest.html'

05-10-2024T01:14:29 - [MESSAGE][WARNING] - A browser is already opened. Closing browser and opening a new one

05-10-2024T01:14:30 - [MESSAGE][INFO] - Starting 'Edge Chromium' driver

05-10-2024T01:14:30 - [MESSAGE][INFO] - User set preference: ['acceptInsecureCerts', 'true']

05-10-2024T01:14:32 - [MESSAGE][INFO] - Action delay is set to 0 milliseconds

05-10-2024T01:14:35 - [MESSAGE][PASSED] - Browser is opened with url: 'https://dev-algorithm.govolution.com/vrelaytest/QA/version_2_2/vrelaytest.html'

05-10-2024T01:14:35 - [TEST_STEP][PASSED] - maximizeWindow(): Current window maximized

05-10-2024T01:14:35 - [MESSAGE][PASSED] - Current window maximized

05-10-2024T01:14:35 - [TEST_STEP][PASSED] - iwpPages.TestHarnessPage.setDataMethodEF(row, dataFile): iwpPages.TestHarnessPage.setDataMethodEF is PASSED

05-10-2024T01:14:36 - [MESSAGE][PASSED] - Object 'Object Repository/IWP30/Page_QATestHarness/RemittanceID' is present

05-10-2024T01:14:36 - [MESSAGE][PASSED] - Text '638' is set on object 'Object Repository/IWP30/Page_QATestHarness/ApplicationID'

05-10-2024T01:14:37 - [MESSAGE][PASSED] - Text '2.5' is set on object 'Object Repository/IWP30/Page_QATestHarness/MessageVersion'

05-10-2024T01:14:38 - [MESSAGE][PASSED] - Text 'yMP1mR0enwxD' is set on object 'Object Repository/IWP30/Page_QATestHarness/RemittanceID'

05-10-2024T01:14:41 - [MESSAGE][PASSED] - Object: 'Object Repository/IWP30/Page_QATestHarness/SubmitButton' is clicked on

05-10-2024T01:14:41 - [MESSAGE][PASSED] - iwpPages.TestHarnessPage.setDataMethodEF is PASSED

05-10-2024T01:14:41 - [TEST_STEP][PASSED] - click(findTestObject("Object Repository/IWP30/Page_ManagePlan_Autopay/btn_cancel")): Object: 'Object Repository/IWP30/Page_ManagePlan_Autopay/btn_cancel' is clicked on

05-10-2024T01:14:41 - [MESSAGE][PASSED] - Object: 'Object Repository/IWP30/Page_ManagePlan_Autopay/btn_cancel' is clicked on

05-10-2024T01:14:41 - [TEST_STEP][PASSED] - click(findTestObject("Object Repository/IWP30/Page_CancelPlan/btn_cancel")): Object: 'Object Repository/IWP30/Page_CancelPlan/btn_cancel' is clicked on

05-10-2024T01:14:43 - [MESSAGE][PASSED] - Object: 'Object Repository/IWP30/Page_CancelPlan/btn_cancel' is clicked on

05-10-2024T01:14:43 - [TEST_STEP][PASSED] - if (verifyTextPresent("Your payment plan has been cancelled successfully", false)): null

05-10-2024T01:14:43 - [MESSAGE][PASSED] - Text 'Your payment plan has been cancelled successfully' is present on page 

05-10-2024T01:14:43 - [TEST_STEP][PASSED] - isRequiredTextPresent = true: null

05-10-2024T01:14:43 - [TEST_STEP][PASSED] - println(isRequiredTextPresent): null

05-10-2024T01:14:43 - [TEST_STEP][PASSED] - if (isRequiredTextPresent): null

05-10-2024T01:14:43 - [TEST_STEP][PASSED] - if (verifyTextPresent("CAN Label:", false)): null

05-10-2024T01:14:44 - [MESSAGE][PASSED] - Text 'CAN Label:' is present on page 

05-10-2024T01:14:44 - [TEST_STEP][PASSED] - isRequiredTextPresent = true: null

05-10-2024T01:14:44 - [TEST_STEP][PASSED] - println(isRequiredTextPresent): null

05-10-2024T01:14:44 - [TEST_STEP][PASSED] - if (isRequiredTextPresent): null

05-10-2024T01:14:44 - [TEST_STEP][PASSED] - if (verifyTextPresent("UDF2 Label:", false)): null

05-10-2024T01:14:44 - [MESSAGE][PASSED] - Text 'UDF2 Label:' is present on page 

05-10-2024T01:14:44 - [TEST_STEP][PASSED] - isRequiredTextPresent = true: null

05-10-2024T01:14:44 - [TEST_STEP][PASSED] - println(isRequiredTextPresent): null

05-10-2024T01:14:44 - [TEST_STEP][PASSED] - if (isRequiredTextPresent): null

05-10-2024T01:14:44 - [TEST_STEP][PASSED] - if (verifyTextPresent("UDF3 Label:", false)): null

05-10-2024T01:14:44 - [MESSAGE][PASSED] - Text 'UDF3 Label:' is present on page 

05-10-2024T01:14:44 - [TEST_STEP][PASSED] - isRequiredTextPresent = true: null

05-10-2024T01:14:44 - [TEST_STEP][PASSED] - println(isRequiredTextPresent): null

05-10-2024T01:14:44 - [TEST_STEP][PASSED] - if (isRequiredTextPresent): null

05-10-2024T01:14:44 - [TEST_STEP][PASSED] - if (verifyTextPresent("UDF4 Label:", false)): null

05-10-2024T01:14:45 - [MESSAGE][PASSED] - Text 'UDF4 Label:' is present on page 

05-10-2024T01:14:45 - [TEST_STEP][PASSED] - isRequiredTextPresent = true: null

05-10-2024T01:14:45 - [TEST_STEP][PASSED] - println(isRequiredTextPresent): null

05-10-2024T01:14:45 - [TEST_STEP][PASSED] - if (isRequiredTextPresent): null

05-10-2024T01:14:45 - [TEST_STEP][PASSED] - if (verifyTextPresent("UDF7 Label:", false)): null

05-10-2024T01:14:45 - [MESSAGE][PASSED] - Text 'UDF7 Label:' is present on page 

05-10-2024T01:14:45 - [TEST_STEP][PASSED] - isRequiredTextPresent = true: null

05-10-2024T01:14:45 - [TEST_STEP][PASSED] - println(isRequiredTextPresent): null

05-10-2024T01:14:45 - [TEST_STEP][PASSED] - if (isRequiredTextPresent): null

05-10-2024T01:14:45 - [TEST_STEP][PASSED] - if (verifyTextPresent("UDF8 Label:", false)): null

05-10-2024T01:14:45 - [MESSAGE][PASSED] - Text 'UDF8 Label:' is present on page 

05-10-2024T01:14:45 - [TEST_STEP][PASSED] - isRequiredTextPresent = true: null

05-10-2024T01:14:45 - [TEST_STEP][PASSED] - println(isRequiredTextPresent): null

05-10-2024T01:14:45 - [TEST_STEP][PASSED] - if (isRequiredTextPresent): null

05-10-2024T01:14:45 - [TEST_STEP][PASSED] - if (verifyTextPresent("UDF9 Label:", false)): null

05-10-2024T01:14:45 - [MESSAGE][PASSED] - Text 'UDF9 Label:' is present on page 

05-10-2024T01:14:45 - [TEST_STEP][PASSED] - isRequiredTextPresent = true: null

05-10-2024T01:14:45 - [TEST_STEP][PASSED] - println(isRequiredTextPresent): null

05-10-2024T01:14:45 - [TEST_STEP][PASSED] - if (isRequiredTextPresent): null

05-10-2024T01:14:45 - [TEST_STEP][PASSED] - if (verifyTextPresent("Card Information:", false)): null

05-10-2024T01:14:46 - [MESSAGE][PASSED] - Text 'Card Information:' is present on page 

05-10-2024T01:14:46 - [TEST_STEP][PASSED] - isRequiredTextPresent = true: null

05-10-2024T01:14:46 - [TEST_STEP][PASSED] - println(isRequiredTextPresent): null

05-10-2024T01:14:46 - [TEST_STEP][PASSED] - if (isRequiredTextPresent): null

05-10-2024T01:14:46 - [TEST_STEP][PASSED] - if (verifyTextPresent("Cardholder's Name:", false)): null

05-10-2024T01:14:46 - [MESSAGE][PASSED] - Text 'Cardholder's Name:' is present on page 

05-10-2024T01:14:46 - [TEST_STEP][PASSED] - isRequiredTextPresent = true: null

05-10-2024T01:14:46 - [TEST_STEP][PASSED] - println(isRequiredTextPresent): null

05-10-2024T01:14:46 - [TEST_STEP][PASSED] - if (isRequiredTextPresent): null

05-10-2024T01:14:46 - [TEST_STEP][PASSED] - if (verifyTextPresent("Card Type:", false)): null

05-10-2024T01:14:46 - [MESSAGE][PASSED] - Text 'Card Type:' is present on page 

05-10-2024T01:14:46 - [TEST_STEP][PASSED] - isRequiredTextPresent = true: null

05-10-2024T01:14:46 - [TEST_STEP][PASSED] - println(isRequiredTextPresent): null

05-10-2024T01:14:46 - [TEST_STEP][PASSED] - if (isRequiredTextPresent): null

05-10-2024T01:14:46 - [TEST_STEP][PASSED] - if (verifyTextPresent("Card Number:", false)): null

05-10-2024T01:14:47 - [MESSAGE][PASSED] - Text 'Card Number:' is present on page 

05-10-2024T01:14:47 - [TEST_STEP][PASSED] - isRequiredTextPresent = true: null

05-10-2024T01:14:47 - [TEST_STEP][PASSED] - println(isRequiredTextPresent): null

05-10-2024T01:14:47 - [TEST_STEP][PASSED] - if (isRequiredTextPresent): null

05-10-2024T01:14:47 - [TEST_STEP][PASSED] - if (verifyTextPresent("Card Security Code:", false)): null

05-10-2024T01:14:47 - [MESSAGE][PASSED] - Text 'Card Security Code:' is present on page 

05-10-2024T01:14:47 - [TEST_STEP][PASSED] - isRequiredTextPresent = true: null

05-10-2024T01:14:47 - [TEST_STEP][PASSED] - println(isRequiredTextPresent): null

05-10-2024T01:14:47 - [TEST_STEP][PASSED] - if (isRequiredTextPresent): null

05-10-2024T01:14:47 - [TEST_STEP][PASSED] - if (verifyTextPresent("Expiration Date:", false)): null

05-10-2024T01:14:47 - [MESSAGE][PASSED] - Text 'Expiration Date:' is present on page 

05-10-2024T01:14:47 - [TEST_STEP][PASSED] - isRequiredTextPresent = true: null

05-10-2024T01:14:47 - [TEST_STEP][PASSED] - println(isRequiredTextPresent): null

05-10-2024T01:14:47 - [TEST_STEP][PASSED] - if (isRequiredTextPresent): null

05-10-2024T01:14:47 - [TEST_STEP][PASSED] - if (verifyTextPresent("Address Line 1:", false)): null

05-10-2024T01:14:47 - [MESSAGE][PASSED] - Text 'Address Line 1:' is present on page 

05-10-2024T01:14:47 - [TEST_STEP][PASSED] - isRequiredTextPresent = true: null

05-10-2024T01:14:47 - [TEST_STEP][PASSED] - println(isRequiredTextPresent): null

05-10-2024T01:14:47 - [TEST_STEP][PASSED] - if (isRequiredTextPresent): null

05-10-2024T01:14:47 - [TEST_STEP][PASSED] - if (verifyTextPresent("Address Line 2:", false)): null

05-10-2024T01:14:48 - [MESSAGE][PASSED] - Text 'Address Line 2:' is present on page 

05-10-2024T01:14:48 - [TEST_STEP][PASSED] - isRequiredTextPresent = true: null

05-10-2024T01:14:48 - [TEST_STEP][PASSED] - println(isRequiredTextPresent): null

05-10-2024T01:14:48 - [TEST_STEP][PASSED] - if (isRequiredTextPresent): null

05-10-2024T01:14:48 - [TEST_STEP][PASSED] - if (verifyTextPresent("Country:", false)): null

05-10-2024T01:14:48 - [MESSAGE][PASSED] - Text 'Country:' is present on page 

05-10-2024T01:14:48 - [TEST_STEP][PASSED] - isRequiredTextPresent = true: null

05-10-2024T01:14:48 - [TEST_STEP][PASSED] - println(isRequiredTextPresent): null

05-10-2024T01:14:48 - [TEST_STEP][PASSED] - if (isRequiredTextPresent): null

05-10-2024T01:14:48 - [TEST_STEP][PASSED] - if (verifyTextPresent("City:", false)): null

05-10-2024T01:14:48 - [MESSAGE][PASSED] - Text 'City:' is present on page 

05-10-2024T01:14:48 - [TEST_STEP][PASSED] - isRequiredTextPresent = true: null

05-10-2024T01:14:48 - [TEST_STEP][PASSED] - println(isRequiredTextPresent): null

05-10-2024T01:14:48 - [TEST_STEP][PASSED] - if (isRequiredTextPresent): null

05-10-2024T01:14:48 - [TEST_STEP][PASSED] - if (verifyTextPresent("State:", false)): null

05-10-2024T01:14:49 - [MESSAGE][PASSED] - Text 'State:' is present on page 

05-10-2024T01:14:49 - [TEST_STEP][PASSED] - isRequiredTextPresent = true: null

05-10-2024T01:14:49 - [TEST_STEP][PASSED] - println(isRequiredTextPresent): null

05-10-2024T01:14:49 - [TEST_STEP][PASSED] - if (isRequiredTextPresent): null

05-10-2024T01:14:49 - [TEST_STEP][PASSED] - if (verifyTextPresent("ZIP Code:", false)): null

05-10-2024T01:14:49 - [MESSAGE][PASSED] - Text 'ZIP Code:' is present on page 

05-10-2024T01:14:49 - [TEST_STEP][PASSED] - isRequiredTextPresent = true: null

05-10-2024T01:14:49 - [TEST_STEP][PASSED] - println(isRequiredTextPresent): null

05-10-2024T01:14:49 - [TEST_STEP][PASSED] - if (isRequiredTextPresent): null

05-10-2024T01:14:49 - [TEST_STEP][PASSED] - if (verifyTextPresent("Payment Plan Information:", false)): null

05-10-2024T01:14:49 - [MESSAGE][PASSED] - Text 'Payment Plan Information:' is present on page 

05-10-2024T01:14:49 - [TEST_STEP][PASSED] - isRequiredTextPresent = true: null

05-10-2024T01:14:49 - [TEST_STEP][PASSED] - println(isRequiredTextPresent): null

05-10-2024T01:14:49 - [TEST_STEP][PASSED] - if (isRequiredTextPresent): null

05-10-2024T01:14:49 - [TEST_STEP][PASSED] - if (verifyTextPresent("Payment Plan Type:", false)): null

05-10-2024T01:14:49 - [MESSAGE][PASSED] - Text 'Payment Plan Type:' is present on page 

05-10-2024T01:14:49 - [TEST_STEP][PASSED] - isRequiredTextPresent = true: null

05-10-2024T01:14:49 - [TEST_STEP][PASSED] - println(isRequiredTextPresent): null

05-10-2024T01:14:49 - [TEST_STEP][PASSED] - if (isRequiredTextPresent): null

05-10-2024T01:14:49 - [TEST_STEP][PASSED] - if (verifyTextPresent("Payment Plan ID:", false)): null

05-10-2024T01:14:50 - [MESSAGE][PASSED] - Text 'Payment Plan ID:' is present on page 

05-10-2024T01:14:50 - [TEST_STEP][PASSED] - isRequiredTextPresent = true: null

05-10-2024T01:14:50 - [TEST_STEP][PASSED] - println(isRequiredTextPresent): null

05-10-2024T01:14:50 - [TEST_STEP][PASSED] - if (isRequiredTextPresent): null

05-10-2024T01:14:50 - [TEST_STEP][PASSED] - if (verifyTextPresent("Payment Plan Start Date:", false)): null

05-10-2024T01:14:50 - [MESSAGE][PASSED] - Text 'Payment Plan Start Date:' is present on page 

05-10-2024T01:14:50 - [TEST_STEP][PASSED] - isRequiredTextPresent = true: null

05-10-2024T01:14:50 - [TEST_STEP][PASSED] - println(isRequiredTextPresent): null

05-10-2024T01:14:50 - [TEST_STEP][PASSED] - if (isRequiredTextPresent): null

05-10-2024T01:14:50 - [TEST_STEP][PASSED] - if (verifyTextPresent("Payment Plan End Date:", false)): null

05-10-2024T01:14:50 - [MESSAGE][PASSED] - Text 'Payment Plan End Date:' is present on page 

05-10-2024T01:14:50 - [TEST_STEP][PASSED] - isRequiredTextPresent = true: null

05-10-2024T01:14:50 - [TEST_STEP][PASSED] - println(isRequiredTextPresent): null

05-10-2024T01:14:50 - [TEST_STEP][PASSED] - if (isRequiredTextPresent == true): pages.WriteExcel.demoKey is PASSED

05-10-2024T01:14:50 - [TEST_STEP][PASSED] - println("All the relevant texts are present on Receipt Page"): null

05-10-2024T01:14:50 - [TEST_STEP][PASSED] - markPassed("All the relevant texts are present on Receipt Page"): All the relevant texts are present on Receipt Page

05-10-2024T01:14:50 - [MESSAGE][PASSED] - All the relevant texts are present on Receipt Page

05-10-2024T01:14:50 - [TEST_STEP][PASSED] - resText = "Pass": null

05-10-2024T01:14:50 - [TEST_STEP][PASSED] - pages.WriteExcel.demoKey(resText, datText, resColumn, datCloumn, fileLoc, nameSheet, row): pages.WriteExcel.demoKey is PASSED

05-10-2024T01:14:50 - [MESSAGE][PASSED] - pages.WriteExcel.demoKey is PASSED

05-10-2024T01:14:50 - [TEST_STEP][PASSED] - closeBrowser(): Browser is closed

05-10-2024T01:14:51 - [MESSAGE][PASSED] - Browser is closed]]></system-out>
         <system-err><![CDATA[]]></system-err>
      </testcase>
      <testcase name="Test Cases/IntegratedWeb/IWP25/Payments/VerifyCancelReceiptLabelsAutoPayCorp" time="82.613" classname="Test Cases/IntegratedWeb/IWP25/Payments/VerifyCancelReceiptLabelsAutoPayCorp" status="PASSED">
         <system-out><![CDATA[05-10-2024T01:14:51 - [TEST_CASE][PASSED] - Test Cases/IntegratedWeb/IWP25/Payments/VerifyCancelReceiptLabelsAutoPayCorp: Test Cases/IntegratedWeb/IWP25/Payments/VerifyCancelReceiptLabelsAutoPayCorp

05-10-2024T01:14:51 - [TEST_STEP][PASSED] - resText = "Fail": null

05-10-2024T01:14:51 - [TEST_STEP][PASSED] - resColumn = "Result": null

05-10-2024T01:14:51 - [TEST_STEP][PASSED] - datCloumn = "Date": null

05-10-2024T01:14:51 - [TEST_STEP][PASSED] - fileLoc = "KatalonData/IWPTestData/VRelay25PaymentsExtension.xlsx": null

05-10-2024T01:14:51 - [TEST_STEP][PASSED] - numOfRows = <not implemented yet for class: org.codehaus.groovy.ast.expr.EmptyExpression>: null

05-10-2024T01:14:51 - [TEST_STEP][PASSED] - dataFile = <not implemented yet for class: org.codehaus.groovy.ast.expr.EmptyExpression>: null

05-10-2024T01:14:51 - [TEST_STEP][PASSED] - nameSheet = <not implemented yet for class: org.codehaus.groovy.ast.expr.EmptyExpression>: null

05-10-2024T01:14:51 - [TEST_STEP][PASSED] - dataFileEmulator = <not implemented yet for class: org.codehaus.groovy.ast.expr.EmptyExpression>: null

05-10-2024T01:14:51 - [TEST_STEP][PASSED] - isRequiredTextPresent = false: null

05-10-2024T01:14:51 - [TEST_STEP][PASSED] - nameSheet = "VerifyCancelLabelAutopayCorp": null

05-10-2024T01:14:51 - [TEST_STEP][PASSED] - dataFile = getExcelDataWithDefaultSheet("KatalonData/IWPTestData/VRelay25PaymentsExtension.xlsx", nameSheet, true): null

05-10-2024T01:14:51 - [TEST_STEP][PASSED] - dataFileEmulator = "IWPTestData/EmulatorData": null

05-10-2024T01:14:51 - [TEST_STEP][PASSED] - numOfRows = dataFile.getRowNumbers(): null

05-10-2024T01:14:51 - [TEST_STEP][PASSED] - println("Number of Records: " + numOfRows): null

05-10-2024T01:14:51 - [TEST_STEP][PASSED] - for ([row = 1, row <= numOfRows, (row++)]): Browser is closed

05-10-2024T01:14:51 - [TEST_STEP][PASSED] - ExecuteTC = dataFile.getValue("Execute", row): null

05-10-2024T01:14:51 - [TEST_STEP][PASSED] - out.println("Value of Execute is : " + ExecuteTC): null

05-10-2024T01:14:51 - [TEST_STEP][PASSED] - if (ExecuteTC.equalsIgnoreCase("Y")): null

05-10-2024T01:14:51 - [TEST_STEP][PASSED] - out.println("Begin Record Number: " + row): null

05-10-2024T01:14:51 - [TEST_STEP][PASSED] - today = new java.util.Date(): null

05-10-2024T01:14:51 - [TEST_STEP][PASSED] - println(today): null

05-10-2024T01:14:51 - [TEST_STEP][PASSED] - datText = today: null

05-10-2024T01:14:51 - [TEST_STEP][PASSED] - EmulatorDataKey = dataFile.getValue("EmulatorData", row): null

05-10-2024T01:14:51 - [TEST_STEP][PASSED] - out.println("Value of Emulator Key is : " + EmulatorDataKey): null

05-10-2024T01:14:51 - [TEST_STEP][PASSED] - iwpPages.emulatorIWP30.setDataEmulator_DD(EmulatorDataKey): iwpPages.emulatorIWP30.setDataEmulator_DD is PASSED

05-10-2024T01:14:51 - [MESSAGE][INFO] - Starting 'Edge Chromium' driver

05-10-2024T01:14:51 - [MESSAGE][INFO] - User set preference: ['acceptInsecureCerts', 'true']

05-10-2024T01:14:53 - [MESSAGE][INFO] - Action delay is set to 0 milliseconds

05-10-2024T01:14:57 - [MESSAGE][PASSED] - Browser is opened with url: 'https://qa.velocitypayment.com/agency/config.do?action=editor&message_version=2_5'

05-10-2024T01:14:57 - [MESSAGE][PASSED] - Current window maximized

05-10-2024T01:14:58 - [MESSAGE][PASSED] - All options with value '2.5' are selected in object 'Object Repository/IWP30/Page_VRelay30Emulator/MV'  using regular expression

05-10-2024T01:14:58 - [MESSAGE][PASSED] - Text '10.50' is set on object 'Object Repository/IWP30/Page_VRelay30Emulator/Amount'

05-10-2024T01:14:59 - [MESSAGE][PASSED] - Text 'nGLAuzLBD6Ck' is set on object 'Object Repository/IWP30/Page_VRelay30Emulator/CAN'

05-10-2024T01:15:00 - [MESSAGE][PASSED] - Text 'AutoPay' is set on object 'Object Repository/IWP30/Page_VRelay30Emulator/Action'

05-10-2024T01:15:00 - [MESSAGE][PASSED] - Text 'en_US' is set on object 'Object Repository/IWP30/Page_VRelay30Emulator/Lang'

05-10-2024T01:15:01 - [MESSAGE][PASSED] - Text '' is set on object 'Object Repository/IWP30/Page_VRelay30Emulator/Fname'

05-10-2024T01:15:01 - [MESSAGE][PASSED] - Text '' is set on object 'Object Repository/IWP30/Page_VRelay30Emulator/Lname'

05-10-2024T01:15:02 - [MESSAGE][PASSED] - Text '' is set on object 'Object Repository/IWP30/Page_VRelay30Emulator/AL1'

05-10-2024T01:15:03 - [MESSAGE][PASSED] - Text '' is set on object 'Object Repository/IWP30/Page_VRelay30Emulator/AL2'

05-10-2024T01:15:03 - [MESSAGE][PASSED] - Text '' is set on object 'Object Repository/IWP30/Page_VRelay30Emulator/Country'

05-10-2024T01:15:04 - [MESSAGE][PASSED] - Text '' is set on object 'Object Repository/IWP30/Page_VRelay30Emulator/City'

05-10-2024T01:15:04 - [MESSAGE][PASSED] - Text '' is set on object 'Object Repository/IWP30/Page_VRelay30Emulator/State'

05-10-2024T01:15:05 - [MESSAGE][PASSED] - Text '' is set on object 'Object Repository/IWP30/Page_VRelay30Emulator/ZIP'

05-10-2024T01:15:05 - [MESSAGE][PASSED] - Text '' is set on object 'Object Repository/IWP30/Page_VRelay30Emulator/Order'

05-10-2024T01:15:06 - [MESSAGE][PASSED] - Text '' is set on object 'Object Repository/IWP30/Page_VRelay30Emulator/Company'

05-10-2024T01:15:07 - [MESSAGE][PASSED] - Text '' is set on object 'Object Repository/IWP30/Page_VRelay30Emulator/Email'

05-10-2024T01:15:07 - [MESSAGE][PASSED] - Text '' is set on object 'Object Repository/IWP30/Page_VRelay30Emulator/UDF1'

05-10-2024T01:15:08 - [MESSAGE][PASSED] - Text '' is set on object 'Object Repository/IWP30/Page_VRelay30Emulator/UDF2'

05-10-2024T01:15:08 - [MESSAGE][PASSED] - Text '' is set on object 'Object Repository/IWP30/Page_VRelay30Emulator/UDF3'

05-10-2024T01:15:09 - [MESSAGE][PASSED] - Text 'udf data 4' is set on object 'Object Repository/IWP30/Page_VRelay30Emulator/UDF4'

05-10-2024T01:15:09 - [MESSAGE][PASSED] - Text 'udf data 5' is set on object 'Object Repository/IWP30/Page_VRelay30Emulator/UDF5'

05-10-2024T01:15:10 - [MESSAGE][PASSED] - Text '' is set on object 'Object Repository/IWP30/Page_VRelay30Emulator/UDF6'

05-10-2024T01:15:11 - [MESSAGE][PASSED] - Text '' is set on object 'Object Repository/IWP30/Page_VRelay30Emulator/UDF7'

05-10-2024T01:15:11 - [MESSAGE][PASSED] - Text '' is set on object 'Object Repository/IWP30/Page_VRelay30Emulator/UDF8'

05-10-2024T01:15:12 - [MESSAGE][PASSED] - Text 'udf data 9' is set on object 'Object Repository/IWP30/Page_VRelay30Emulator/UDF9'

05-10-2024T01:15:12 - [MESSAGE][PASSED] - Text 'udf data 10' is set on object 'Object Repository/IWP30/Page_VRelay30Emulator/UDF10'

05-10-2024T01:15:13 - [MESSAGE][PASSED] - Object: 'Object Repository/IWP30/Page_VRelay30Emulator/Submit' is clicked on

05-10-2024T01:15:18 - [MESSAGE][PASSED] - Browser is closed

05-10-2024T01:15:22 - [MESSAGE][PASSED] - iwpPages.emulatorIWP30.setDataEmulator_DD is PASSED

05-10-2024T01:15:22 - [TEST_STEP][PASSED] - testHarnessURL = urlTestHarness: null

05-10-2024T01:15:22 - [TEST_STEP][PASSED] - openBrowser(testHarnessURL): Browser is opened with url: 'https://dev-algorithm.govolution.com/vrelaytest/QA/version_2_2/vrelaytest.html'

05-10-2024T01:15:22 - [MESSAGE][INFO] - Starting 'Edge Chromium' driver

05-10-2024T01:15:22 - [MESSAGE][INFO] - User set preference: ['acceptInsecureCerts', 'true']

05-10-2024T01:15:24 - [MESSAGE][INFO] - Action delay is set to 0 milliseconds

05-10-2024T01:15:27 - [MESSAGE][PASSED] - Browser is opened with url: 'https://dev-algorithm.govolution.com/vrelaytest/QA/version_2_2/vrelaytest.html'

05-10-2024T01:15:27 - [TEST_STEP][PASSED] - maximizeWindow(): Current window maximized

05-10-2024T01:15:27 - [MESSAGE][PASSED] - Current window maximized

05-10-2024T01:15:27 - [TEST_STEP][PASSED] - iwpPages.TestHarnessPage.setDataMethodEF(row, dataFile): iwpPages.TestHarnessPage.setDataMethodEF is PASSED

05-10-2024T01:15:28 - [MESSAGE][PASSED] - Object 'Object Repository/IWP30/Page_QATestHarness/RemittanceID' is present

05-10-2024T01:15:28 - [MESSAGE][PASSED] - Text '638' is set on object 'Object Repository/IWP30/Page_QATestHarness/ApplicationID'

05-10-2024T01:15:29 - [MESSAGE][PASSED] - Text '2.5' is set on object 'Object Repository/IWP30/Page_QATestHarness/MessageVersion'

05-10-2024T01:15:29 - [MESSAGE][PASSED] - Text 'z0BICiJyaljD' is set on object 'Object Repository/IWP30/Page_QATestHarness/RemittanceID'

05-10-2024T01:15:32 - [MESSAGE][PASSED] - Object: 'Object Repository/IWP30/Page_QATestHarness/SubmitButton' is clicked on

05-10-2024T01:15:32 - [MESSAGE][PASSED] - iwpPages.TestHarnessPage.setDataMethodEF is PASSED

05-10-2024T01:15:32 - [TEST_STEP][PASSED] - click(findTestObject("Object Repository/IWP30/Page_SelectPaymentMethod/PayByCorporateCheck")): Object: 'Object Repository/IWP30/Page_SelectPaymentMethod/PayByCorporateCheck' is clicked on

05-10-2024T01:15:33 - [MESSAGE][PASSED] - Object: 'Object Repository/IWP30/Page_SelectPaymentMethod/PayByCorporateCheck' is clicked on

05-10-2024T01:15:33 - [TEST_STEP][PASSED] - click(findTestObject("Object Repository/IWP30/Page_SelectPaymentMethod/MakePaymentButton")): Object: 'Object Repository/IWP30/Page_SelectPaymentMethod/MakePaymentButton' is clicked on

05-10-2024T01:15:34 - [MESSAGE][PASSED] - Object: 'Object Repository/IWP30/Page_SelectPaymentMethod/MakePaymentButton' is clicked on

05-10-2024T01:15:34 - [TEST_STEP][PASSED] - iwpPages.achCorporatePaymentEntryPage.setDataCorporate(row, dataFile): iwpPages.achCorporatePaymentEntryPage.setDataCorporate is PASSED

05-10-2024T01:15:35 - [MESSAGE][PASSED] - Object 'Object Repository/IWP30/Page_ACHCorporatePaymentEntry/txt_accountNumber' is present

05-10-2024T01:15:35 - [MESSAGE][PASSED] - Object 'Object Repository/IWP30/Page_ACHCorporatePaymentEntry/input_CompanyName' is present

05-10-2024T01:15:36 - [MESSAGE][PASSED] - Text 'My Company' is set on object 'Object Repository/IWP30/Page_ACHCorporatePaymentEntry/input_CompanyName'

05-10-2024T01:15:36 - [MESSAGE][PASSED] - Object 'Object Repository/IWP30/Page_ACHCorporatePaymentEntry/input_EIN' is present

05-10-2024T01:15:37 - [MESSAGE][PASSED] - Text '123456789' is set on object 'Object Repository/IWP30/Page_ACHCorporatePaymentEntry/input_EIN'

05-10-2024T01:15:37 - [MESSAGE][PASSED] - Text 'udf data 2' is set on object 'Object Repository/IWP30/Page_ACHCorporatePaymentEntry/txt_UDF2'

05-10-2024T01:15:38 - [MESSAGE][PASSED] - Text 'udf data 3' is set on object 'Object Repository/IWP30/Page_ACHCorporatePaymentEntry/txt_UDF3'

05-10-2024T01:15:38 - [MESSAGE][PASSED] - All options with label 'Orange' are selected in object 'Object Repository/IWP30/Page_ACHCorporatePaymentEntry/dd_UDF7' 

05-10-2024T01:15:39 - [MESSAGE][PASSED] - All options with label 'Soccer' are selected in object 'Object Repository/IWP30/Page_ACHCorporatePaymentEntry/dd_UDF8' 

05-10-2024T01:15:39 - [MESSAGE][PASSED] - Object 'Object Repository/IWP30/Page_ACHCorporatePaymentEntry/txt_routingNumber' is present

05-10-2024T01:15:40 - [MESSAGE][PASSED] - Text '256072691' is set on object 'Object Repository/IWP30/Page_ACHCorporatePaymentEntry/txt_routingNumber'

05-10-2024T01:15:40 - [MESSAGE][PASSED] - Object 'Object Repository/IWP30/Page_ACHCorporatePaymentEntry/txt_accountNumber' is present

05-10-2024T01:15:41 - [MESSAGE][PASSED] - Text '12344444' is set on object 'Object Repository/IWP30/Page_ACHCorporatePaymentEntry/txt_accountNumber'

05-10-2024T01:15:42 - [MESSAGE][PASSED] - Object 'Object Repository/IWP30/Page_ACHCorporatePaymentEntry/txt_confirmAccountNumber' is present

05-10-2024T01:15:42 - [MESSAGE][PASSED] - Text '12344444' is set on object 'Object Repository/IWP30/Page_ACHCorporatePaymentEntry/txt_confirmAccountNumber'

05-10-2024T01:15:43 - [MESSAGE][PASSED] - Text '365 Main Avenue' is set on object 'Object Repository/IWP30/Page_ACHCorporatePaymentEntry/txt_AL1'

05-10-2024T01:15:44 - [MESSAGE][PASSED] - Text 'Ohio' is set on object 'Object Repository/IWP30/Page_ACHCorporatePaymentEntry/txt_AL2'

05-10-2024T01:15:44 - [MESSAGE][PASSED] - Text '22201' is set on object 'Object Repository/IWP30/Page_ACHCorporatePaymentEntry/txt_ZIP'

05-10-2024T01:15:45 - [MESSAGE][PASSED] - Object 'Object Repository/IWP30/Page_ACHCorporatePaymentEntry/txt_Email' is present

05-10-2024T01:15:45 - [MESSAGE][PASSED] - Text 'iahmed@govolution.com' is set on object 'Object Repository/IWP30/Page_ACHCorporatePaymentEntry/txt_Email'

05-10-2024T01:15:46 - [MESSAGE][PASSED] - Object 'Object Repository/IWP30/Page_ACHCorporatePaymentEntry/cb_TermsAndCond' is present

05-10-2024T01:15:46 - [MESSAGE][PASSED] - Object: 'Object Repository/IWP30/Page_ACHCorporatePaymentEntry/cb_TermsAndCond' is clicked on

05-10-2024T01:15:46 - [MESSAGE][PASSED] - Object 'Object Repository/IWP30/Page_ACHCorporatePaymentEntry/btn_Continue' is present

05-10-2024T01:15:48 - [MESSAGE][PASSED] - Object: 'Object Repository/IWP30/Page_ACHCorporatePaymentEntry/btn_Continue' is clicked on

05-10-2024T01:15:48 - [MESSAGE][PASSED] - iwpPages.achCorporatePaymentEntryPage.setDataCorporate is PASSED

05-10-2024T01:15:48 - [TEST_STEP][PASSED] - click(findTestObject("Object Repository/IWP30/Page_Confirmation/ConfirmButton")): Object: 'Object Repository/IWP30/Page_Confirmation/ConfirmButton' is clicked on

05-10-2024T01:15:49 - [MESSAGE][PASSED] - Object: 'Object Repository/IWP30/Page_Confirmation/ConfirmButton' is clicked on

05-10-2024T01:15:49 - [TEST_STEP][PASSED] - Thread.sleep(2000): null

05-10-2024T01:15:51 - [TEST_STEP][PASSED] - if (verifyTextPresent("AutoPay", false)): null

05-10-2024T01:15:52 - [MESSAGE][PASSED] - Text 'AutoPay' is present on page 

05-10-2024T01:15:52 - [TEST_STEP][PASSED] - openBrowser(testHarnessURL): Browser is opened with url: 'https://dev-algorithm.govolution.com/vrelaytest/QA/version_2_2/vrelaytest.html'

05-10-2024T01:15:52 - [MESSAGE][WARNING] - A browser is already opened. Closing browser and opening a new one

05-10-2024T01:15:52 - [MESSAGE][INFO] - Starting 'Edge Chromium' driver

05-10-2024T01:15:52 - [MESSAGE][INFO] - User set preference: ['acceptInsecureCerts', 'true']

05-10-2024T01:15:54 - [MESSAGE][INFO] - Action delay is set to 0 milliseconds

05-10-2024T01:15:58 - [MESSAGE][PASSED] - Browser is opened with url: 'https://dev-algorithm.govolution.com/vrelaytest/QA/version_2_2/vrelaytest.html'

05-10-2024T01:15:58 - [TEST_STEP][PASSED] - maximizeWindow(): Current window maximized

05-10-2024T01:15:58 - [MESSAGE][PASSED] - Current window maximized

05-10-2024T01:15:58 - [TEST_STEP][PASSED] - iwpPages.TestHarnessPage.setDataMethodEF(row, dataFile): iwpPages.TestHarnessPage.setDataMethodEF is PASSED

05-10-2024T01:15:58 - [MESSAGE][PASSED] - Object 'Object Repository/IWP30/Page_QATestHarness/RemittanceID' is present

05-10-2024T01:15:59 - [MESSAGE][PASSED] - Text '638' is set on object 'Object Repository/IWP30/Page_QATestHarness/ApplicationID'

05-10-2024T01:15:59 - [MESSAGE][PASSED] - Text '2.5' is set on object 'Object Repository/IWP30/Page_QATestHarness/MessageVersion'

05-10-2024T01:16:00 - [MESSAGE][PASSED] - Text 'EdiFktg9OApf' is set on object 'Object Repository/IWP30/Page_QATestHarness/RemittanceID'

05-10-2024T01:16:04 - [MESSAGE][PASSED] - Object: 'Object Repository/IWP30/Page_QATestHarness/SubmitButton' is clicked on

05-10-2024T01:16:04 - [MESSAGE][PASSED] - iwpPages.TestHarnessPage.setDataMethodEF is PASSED

05-10-2024T01:16:04 - [TEST_STEP][PASSED] - click(findTestObject("Object Repository/IWP30/Page_ManagePlan_Autopay/btn_cancel")): Object: 'Object Repository/IWP30/Page_ManagePlan_Autopay/btn_cancel' is clicked on

05-10-2024T01:16:04 - [MESSAGE][PASSED] - Object: 'Object Repository/IWP30/Page_ManagePlan_Autopay/btn_cancel' is clicked on

05-10-2024T01:16:04 - [TEST_STEP][PASSED] - click(findTestObject("Object Repository/IWP30/Page_CancelPlan/btn_cancel")): Object: 'Object Repository/IWP30/Page_CancelPlan/btn_cancel' is clicked on

05-10-2024T01:16:06 - [MESSAGE][PASSED] - Object: 'Object Repository/IWP30/Page_CancelPlan/btn_cancel' is clicked on

05-10-2024T01:16:06 - [TEST_STEP][PASSED] - if (verifyTextPresent("Your payment plan has been cancelled successfully", false)): null

05-10-2024T01:16:06 - [MESSAGE][PASSED] - Text 'Your payment plan has been cancelled successfully' is present on page 

05-10-2024T01:16:06 - [TEST_STEP][PASSED] - isRequiredTextPresent = true: null

05-10-2024T01:16:06 - [TEST_STEP][PASSED] - println(isRequiredTextPresent): null

05-10-2024T01:16:06 - [TEST_STEP][PASSED] - if (isRequiredTextPresent): null

05-10-2024T01:16:06 - [TEST_STEP][PASSED] - if (verifyTextPresent("CAN Label:", false)): null

05-10-2024T01:16:07 - [MESSAGE][PASSED] - Text 'CAN Label:' is present on page 

05-10-2024T01:16:07 - [TEST_STEP][PASSED] - isRequiredTextPresent = true: null

05-10-2024T01:16:07 - [TEST_STEP][PASSED] - println(isRequiredTextPresent): null

05-10-2024T01:16:07 - [TEST_STEP][PASSED] - if (isRequiredTextPresent): null

05-10-2024T01:16:07 - [TEST_STEP][PASSED] - if (verifyTextPresent("UDF2 Label:", false)): null

05-10-2024T01:16:07 - [MESSAGE][PASSED] - Text 'UDF2 Label:' is present on page 

05-10-2024T01:16:07 - [TEST_STEP][PASSED] - isRequiredTextPresent = true: null

05-10-2024T01:16:07 - [TEST_STEP][PASSED] - println(isRequiredTextPresent): null

05-10-2024T01:16:07 - [TEST_STEP][PASSED] - if (isRequiredTextPresent): null

05-10-2024T01:16:07 - [TEST_STEP][PASSED] - if (verifyTextPresent("UDF3 Label:", false)): null

05-10-2024T01:16:07 - [MESSAGE][PASSED] - Text 'UDF3 Label:' is present on page 

05-10-2024T01:16:07 - [TEST_STEP][PASSED] - isRequiredTextPresent = true: null

05-10-2024T01:16:07 - [TEST_STEP][PASSED] - println(isRequiredTextPresent): null

05-10-2024T01:16:07 - [TEST_STEP][PASSED] - if (isRequiredTextPresent): null

05-10-2024T01:16:07 - [TEST_STEP][PASSED] - if (verifyTextPresent("UDF4 Label:", false)): null

05-10-2024T01:16:07 - [MESSAGE][PASSED] - Text 'UDF4 Label:' is present on page 

05-10-2024T01:16:07 - [TEST_STEP][PASSED] - isRequiredTextPresent = true: null

05-10-2024T01:16:07 - [TEST_STEP][PASSED] - println(isRequiredTextPresent): null

05-10-2024T01:16:07 - [TEST_STEP][PASSED] - if (isRequiredTextPresent): null

05-10-2024T01:16:07 - [TEST_STEP][PASSED] - if (verifyTextPresent("UDF7 Label:", false)): null

05-10-2024T01:16:08 - [MESSAGE][PASSED] - Text 'UDF7 Label:' is present on page 

05-10-2024T01:16:08 - [TEST_STEP][PASSED] - isRequiredTextPresent = true: null

05-10-2024T01:16:08 - [TEST_STEP][PASSED] - println(isRequiredTextPresent): null

05-10-2024T01:16:08 - [TEST_STEP][PASSED] - if (isRequiredTextPresent): null

05-10-2024T01:16:08 - [TEST_STEP][PASSED] - if (verifyTextPresent("UDF8 Label:", false)): null

05-10-2024T01:16:08 - [MESSAGE][PASSED] - Text 'UDF8 Label:' is present on page 

05-10-2024T01:16:08 - [TEST_STEP][PASSED] - isRequiredTextPresent = true: null

05-10-2024T01:16:08 - [TEST_STEP][PASSED] - println(isRequiredTextPresent): null

05-10-2024T01:16:08 - [TEST_STEP][PASSED] - if (isRequiredTextPresent): null

05-10-2024T01:16:08 - [TEST_STEP][PASSED] - if (verifyTextPresent("UDF9 Label:", false)): null

05-10-2024T01:16:08 - [MESSAGE][PASSED] - Text 'UDF9 Label:' is present on page 

05-10-2024T01:16:08 - [TEST_STEP][PASSED] - isRequiredTextPresent = true: null

05-10-2024T01:16:08 - [TEST_STEP][PASSED] - println(isRequiredTextPresent): null

05-10-2024T01:16:08 - [TEST_STEP][PASSED] - if (isRequiredTextPresent): null

05-10-2024T01:16:08 - [TEST_STEP][PASSED] - if (verifyTextPresent("Account Information:", false)): null

05-10-2024T01:16:08 - [MESSAGE][PASSED] - Text 'Account Information:' is present on page 

05-10-2024T01:16:08 - [TEST_STEP][PASSED] - isRequiredTextPresent = true: null

05-10-2024T01:16:08 - [TEST_STEP][PASSED] - println(isRequiredTextPresent): null

05-10-2024T01:16:08 - [TEST_STEP][PASSED] - if (isRequiredTextPresent): null

05-10-2024T01:16:08 - [TEST_STEP][PASSED] - if (verifyTextPresent("Company Name:", false)): null

05-10-2024T01:16:09 - [MESSAGE][PASSED] - Text 'Company Name:' is present on page 

05-10-2024T01:16:09 - [TEST_STEP][PASSED] - isRequiredTextPresent = true: null

05-10-2024T01:16:09 - [TEST_STEP][PASSED] - println(isRequiredTextPresent): null

05-10-2024T01:16:09 - [TEST_STEP][PASSED] - if (isRequiredTextPresent): null

05-10-2024T01:16:09 - [TEST_STEP][PASSED] - if (verifyTextPresent("Routing Transit Number:", false)): null

05-10-2024T01:16:09 - [MESSAGE][PASSED] - Text 'Routing Transit Number:' is present on page 

05-10-2024T01:16:09 - [TEST_STEP][PASSED] - isRequiredTextPresent = true: null

05-10-2024T01:16:09 - [TEST_STEP][PASSED] - println(isRequiredTextPresent): null

05-10-2024T01:16:09 - [TEST_STEP][PASSED] - if (isRequiredTextPresent): null

05-10-2024T01:16:09 - [TEST_STEP][PASSED] - if (verifyTextPresent("Account Number:", false)): null

05-10-2024T01:16:09 - [MESSAGE][PASSED] - Text 'Account Number:' is present on page 

05-10-2024T01:16:09 - [TEST_STEP][PASSED] - isRequiredTextPresent = true: null

05-10-2024T01:16:09 - [TEST_STEP][PASSED] - println(isRequiredTextPresent): null

05-10-2024T01:16:09 - [TEST_STEP][PASSED] - if (isRequiredTextPresent): null

05-10-2024T01:16:09 - [TEST_STEP][PASSED] - if (verifyTextPresent("Employer Identification Number (EIN):", false)): null

05-10-2024T01:16:10 - [MESSAGE][PASSED] - Text 'Employer Identification Number (EIN):' is present on page 

05-10-2024T01:16:10 - [TEST_STEP][PASSED] - isRequiredTextPresent = true: null

05-10-2024T01:16:10 - [TEST_STEP][PASSED] - println(isRequiredTextPresent): null

05-10-2024T01:16:10 - [TEST_STEP][PASSED] - if (isRequiredTextPresent): null

05-10-2024T01:16:10 - [TEST_STEP][PASSED] - if (verifyTextPresent("Type of Account:", false)): null

05-10-2024T01:16:10 - [MESSAGE][PASSED] - Text 'Type of Account:' is present on page 

05-10-2024T01:16:10 - [TEST_STEP][PASSED] - isRequiredTextPresent = true: null

05-10-2024T01:16:10 - [TEST_STEP][PASSED] - println(isRequiredTextPresent): null

05-10-2024T01:16:10 - [TEST_STEP][PASSED] - if (isRequiredTextPresent): null

05-10-2024T01:16:10 - [TEST_STEP][PASSED] - if (verifyTextPresent("Address Line 1:", false)): null

05-10-2024T01:16:10 - [MESSAGE][PASSED] - Text 'Address Line 1:' is present on page 

05-10-2024T01:16:10 - [TEST_STEP][PASSED] - isRequiredTextPresent = true: null

05-10-2024T01:16:10 - [TEST_STEP][PASSED] - println(isRequiredTextPresent): null

05-10-2024T01:16:10 - [TEST_STEP][PASSED] - if (isRequiredTextPresent): null

05-10-2024T01:16:10 - [TEST_STEP][PASSED] - if (verifyTextPresent("Address Line 2:", false)): null

05-10-2024T01:16:10 - [MESSAGE][PASSED] - Text 'Address Line 2:' is present on page 

05-10-2024T01:16:10 - [TEST_STEP][PASSED] - isRequiredTextPresent = true: null

05-10-2024T01:16:10 - [TEST_STEP][PASSED] - println(isRequiredTextPresent): null

05-10-2024T01:16:10 - [TEST_STEP][PASSED] - if (isRequiredTextPresent): null

05-10-2024T01:16:10 - [TEST_STEP][PASSED] - if (verifyTextPresent("Country:", false)): null

05-10-2024T01:16:11 - [MESSAGE][PASSED] - Text 'Country:' is present on page 

05-10-2024T01:16:11 - [TEST_STEP][PASSED] - isRequiredTextPresent = true: null

05-10-2024T01:16:11 - [TEST_STEP][PASSED] - println(isRequiredTextPresent): null

05-10-2024T01:16:11 - [TEST_STEP][PASSED] - if (isRequiredTextPresent): null

05-10-2024T01:16:11 - [TEST_STEP][PASSED] - if (verifyTextPresent("City:", false)): null

05-10-2024T01:16:11 - [MESSAGE][PASSED] - Text 'City:' is present on page 

05-10-2024T01:16:11 - [TEST_STEP][PASSED] - isRequiredTextPresent = true: null

05-10-2024T01:16:11 - [TEST_STEP][PASSED] - println(isRequiredTextPresent): null

05-10-2024T01:16:11 - [TEST_STEP][PASSED] - if (isRequiredTextPresent): null

05-10-2024T01:16:11 - [TEST_STEP][PASSED] - if (verifyTextPresent("State:", false)): null

05-10-2024T01:16:11 - [MESSAGE][PASSED] - Text 'State:' is present on page 

05-10-2024T01:16:11 - [TEST_STEP][PASSED] - isRequiredTextPresent = true: null

05-10-2024T01:16:11 - [TEST_STEP][PASSED] - println(isRequiredTextPresent): null

05-10-2024T01:16:11 - [TEST_STEP][PASSED] - if (isRequiredTextPresent): null

05-10-2024T01:16:11 - [TEST_STEP][PASSED] - if (verifyTextPresent("ZIP Code:", false)): null

05-10-2024T01:16:12 - [MESSAGE][PASSED] - Text 'ZIP Code:' is present on page 

05-10-2024T01:16:12 - [TEST_STEP][PASSED] - isRequiredTextPresent = true: null

05-10-2024T01:16:12 - [TEST_STEP][PASSED] - println(isRequiredTextPresent): null

05-10-2024T01:16:12 - [TEST_STEP][PASSED] - if (isRequiredTextPresent): null

05-10-2024T01:16:12 - [TEST_STEP][PASSED] - if (verifyTextPresent("Payment Plan Information:", false)): null

05-10-2024T01:16:12 - [MESSAGE][PASSED] - Text 'Payment Plan Information:' is present on page 

05-10-2024T01:16:12 - [TEST_STEP][PASSED] - isRequiredTextPresent = true: null

05-10-2024T01:16:12 - [TEST_STEP][PASSED] - println(isRequiredTextPresent): null

05-10-2024T01:16:12 - [TEST_STEP][PASSED] - if (isRequiredTextPresent): null

05-10-2024T01:16:12 - [TEST_STEP][PASSED] - if (verifyTextPresent("Payment Plan Type:", false)): null

05-10-2024T01:16:12 - [MESSAGE][PASSED] - Text 'Payment Plan Type:' is present on page 

05-10-2024T01:16:12 - [TEST_STEP][PASSED] - isRequiredTextPresent = true: null

05-10-2024T01:16:12 - [TEST_STEP][PASSED] - println(isRequiredTextPresent): null

05-10-2024T01:16:12 - [TEST_STEP][PASSED] - if (isRequiredTextPresent): null

05-10-2024T01:16:12 - [TEST_STEP][PASSED] - if (verifyTextPresent("Payment Plan ID:", false)): null

05-10-2024T01:16:12 - [MESSAGE][PASSED] - Text 'Payment Plan ID:' is present on page 

05-10-2024T01:16:12 - [TEST_STEP][PASSED] - isRequiredTextPresent = true: null

05-10-2024T01:16:12 - [TEST_STEP][PASSED] - println(isRequiredTextPresent): null

05-10-2024T01:16:12 - [TEST_STEP][PASSED] - if (isRequiredTextPresent): null

05-10-2024T01:16:12 - [TEST_STEP][PASSED] - if (verifyTextPresent("Payment Plan Start Date:", false)): null

05-10-2024T01:16:13 - [MESSAGE][PASSED] - Text 'Payment Plan Start Date:' is present on page 

05-10-2024T01:16:13 - [TEST_STEP][PASSED] - isRequiredTextPresent = true: null

05-10-2024T01:16:13 - [TEST_STEP][PASSED] - println(isRequiredTextPresent): null

05-10-2024T01:16:13 - [TEST_STEP][PASSED] - if (isRequiredTextPresent): null

05-10-2024T01:16:13 - [TEST_STEP][PASSED] - if (verifyTextPresent("Payment Plan End Date:", false)): null

05-10-2024T01:16:13 - [MESSAGE][PASSED] - Text 'Payment Plan End Date:' is present on page 

05-10-2024T01:16:13 - [TEST_STEP][PASSED] - isRequiredTextPresent = true: null

05-10-2024T01:16:13 - [TEST_STEP][PASSED] - println(isRequiredTextPresent): null

05-10-2024T01:16:13 - [TEST_STEP][PASSED] - if (isRequiredTextPresent == true): pages.WriteExcel.demoKey is PASSED

05-10-2024T01:16:13 - [TEST_STEP][PASSED] - println("All the relevant texts are present on Receipt Page"): null

05-10-2024T01:16:13 - [TEST_STEP][PASSED] - markPassed("All the relevant texts are present on Receipt Page"): All the relevant texts are present on Receipt Page

05-10-2024T01:16:13 - [MESSAGE][PASSED] - All the relevant texts are present on Receipt Page

05-10-2024T01:16:13 - [TEST_STEP][PASSED] - resText = "Pass": null

05-10-2024T01:16:13 - [TEST_STEP][PASSED] - pages.WriteExcel.demoKey(resText, datText, resColumn, datCloumn, fileLoc, nameSheet, row): pages.WriteExcel.demoKey is PASSED

05-10-2024T01:16:13 - [MESSAGE][PASSED] - pages.WriteExcel.demoKey is PASSED

05-10-2024T01:16:13 - [TEST_STEP][PASSED] - closeBrowser(): Browser is closed

05-10-2024T01:16:13 - [MESSAGE][PASSED] - Browser is closed]]></system-out>
         <system-err><![CDATA[]]></system-err>
      </testcase>
      <testcase name="Test Cases/IntegratedWeb/IWP25/Payments/VerifyCancelReceiptLabelsAutoPayPC" time="83.173" classname="Test Cases/IntegratedWeb/IWP25/Payments/VerifyCancelReceiptLabelsAutoPayPC" status="PASSED">
         <system-out><![CDATA[05-10-2024T01:16:13 - [TEST_CASE][PASSED] - Test Cases/IntegratedWeb/IWP25/Payments/VerifyCancelReceiptLabelsAutoPayPC: Test Cases/IntegratedWeb/IWP25/Payments/VerifyCancelReceiptLabelsAutoPayPC

05-10-2024T01:16:14 - [TEST_STEP][PASSED] - resText = "Fail": null

05-10-2024T01:16:14 - [TEST_STEP][PASSED] - resColumn = "Result": null

05-10-2024T01:16:14 - [TEST_STEP][PASSED] - datCloumn = "Date": null

05-10-2024T01:16:14 - [TEST_STEP][PASSED] - fileLoc = "KatalonData/IWPTestData/VRelay25PaymentsExtension.xlsx": null

05-10-2024T01:16:14 - [TEST_STEP][PASSED] - numOfRows = <not implemented yet for class: org.codehaus.groovy.ast.expr.EmptyExpression>: null

05-10-2024T01:16:14 - [TEST_STEP][PASSED] - dataFile = <not implemented yet for class: org.codehaus.groovy.ast.expr.EmptyExpression>: null

05-10-2024T01:16:14 - [TEST_STEP][PASSED] - nameSheet = <not implemented yet for class: org.codehaus.groovy.ast.expr.EmptyExpression>: null

05-10-2024T01:16:14 - [TEST_STEP][PASSED] - dataFileEmulator = <not implemented yet for class: org.codehaus.groovy.ast.expr.EmptyExpression>: null

05-10-2024T01:16:14 - [TEST_STEP][PASSED] - isRequiredTextPresent = false: null

05-10-2024T01:16:14 - [TEST_STEP][PASSED] - nameSheet = "VerifyCancelLabelAutopayPC": null

05-10-2024T01:16:14 - [TEST_STEP][PASSED] - dataFile = getExcelDataWithDefaultSheet("KatalonData/IWPTestData/VRelay25PaymentsExtension.xlsx", nameSheet, true): null

05-10-2024T01:16:14 - [TEST_STEP][PASSED] - dataFileEmulator = "IWPTestData/EmulatorData": null

05-10-2024T01:16:14 - [TEST_STEP][PASSED] - numOfRows = dataFile.getRowNumbers(): null

05-10-2024T01:16:14 - [TEST_STEP][PASSED] - println("Number of Records: " + numOfRows): null

05-10-2024T01:16:14 - [TEST_STEP][PASSED] - for ([row = 1, row <= numOfRows, (row++)]): Browser is closed

05-10-2024T01:16:14 - [TEST_STEP][PASSED] - ExecuteTC = dataFile.getValue("Execute", row): null

05-10-2024T01:16:14 - [TEST_STEP][PASSED] - out.println("Value of Execute is : " + ExecuteTC): null

05-10-2024T01:16:14 - [TEST_STEP][PASSED] - if (ExecuteTC.equalsIgnoreCase("Y")): null

05-10-2024T01:16:14 - [TEST_STEP][PASSED] - out.println("Begin Record Number: " + row): null

05-10-2024T01:16:14 - [TEST_STEP][PASSED] - today = new java.util.Date(): null

05-10-2024T01:16:14 - [TEST_STEP][PASSED] - println(today): null

05-10-2024T01:16:14 - [TEST_STEP][PASSED] - datText = today: null

05-10-2024T01:16:14 - [TEST_STEP][PASSED] - EmulatorDataKey = dataFile.getValue("EmulatorData", row): null

05-10-2024T01:16:14 - [TEST_STEP][PASSED] - out.println("Value of Emulator Key is : " + EmulatorDataKey): null

05-10-2024T01:16:14 - [TEST_STEP][PASSED] - iwpPages.emulatorIWP30.setDataEmulator_DD(EmulatorDataKey): iwpPages.emulatorIWP30.setDataEmulator_DD is PASSED

05-10-2024T01:16:14 - [MESSAGE][INFO] - Starting 'Edge Chromium' driver

05-10-2024T01:16:14 - [MESSAGE][INFO] - User set preference: ['acceptInsecureCerts', 'true']

05-10-2024T01:16:16 - [MESSAGE][INFO] - Action delay is set to 0 milliseconds

05-10-2024T01:16:19 - [MESSAGE][PASSED] - Browser is opened with url: 'https://qa.velocitypayment.com/agency/config.do?action=editor&message_version=2_5'

05-10-2024T01:16:19 - [MESSAGE][PASSED] - Current window maximized

05-10-2024T01:16:20 - [MESSAGE][PASSED] - All options with value '2.5' are selected in object 'Object Repository/IWP30/Page_VRelay30Emulator/MV'  using regular expression

05-10-2024T01:16:21 - [MESSAGE][PASSED] - Text '10.50' is set on object 'Object Repository/IWP30/Page_VRelay30Emulator/Amount'

05-10-2024T01:16:22 - [MESSAGE][PASSED] - Text 'sM36YlcvDzhO' is set on object 'Object Repository/IWP30/Page_VRelay30Emulator/CAN'

05-10-2024T01:16:22 - [MESSAGE][PASSED] - Text 'AutoPay' is set on object 'Object Repository/IWP30/Page_VRelay30Emulator/Action'

05-10-2024T01:16:23 - [MESSAGE][PASSED] - Text 'en_US' is set on object 'Object Repository/IWP30/Page_VRelay30Emulator/Lang'

05-10-2024T01:16:23 - [MESSAGE][PASSED] - Text '' is set on object 'Object Repository/IWP30/Page_VRelay30Emulator/Fname'

05-10-2024T01:16:24 - [MESSAGE][PASSED] - Text '' is set on object 'Object Repository/IWP30/Page_VRelay30Emulator/Lname'

05-10-2024T01:16:24 - [MESSAGE][PASSED] - Text '' is set on object 'Object Repository/IWP30/Page_VRelay30Emulator/AL1'

05-10-2024T01:16:25 - [MESSAGE][PASSED] - Text '' is set on object 'Object Repository/IWP30/Page_VRelay30Emulator/AL2'

05-10-2024T01:16:26 - [MESSAGE][PASSED] - Text '' is set on object 'Object Repository/IWP30/Page_VRelay30Emulator/Country'

05-10-2024T01:16:26 - [MESSAGE][PASSED] - Text '' is set on object 'Object Repository/IWP30/Page_VRelay30Emulator/City'

05-10-2024T01:16:27 - [MESSAGE][PASSED] - Text '' is set on object 'Object Repository/IWP30/Page_VRelay30Emulator/State'

05-10-2024T01:16:28 - [MESSAGE][PASSED] - Text '' is set on object 'Object Repository/IWP30/Page_VRelay30Emulator/ZIP'

05-10-2024T01:16:28 - [MESSAGE][PASSED] - Text '' is set on object 'Object Repository/IWP30/Page_VRelay30Emulator/Order'

05-10-2024T01:16:29 - [MESSAGE][PASSED] - Text '' is set on object 'Object Repository/IWP30/Page_VRelay30Emulator/Company'

05-10-2024T01:16:29 - [MESSAGE][PASSED] - Text '' is set on object 'Object Repository/IWP30/Page_VRelay30Emulator/Email'

05-10-2024T01:16:30 - [MESSAGE][PASSED] - Text '' is set on object 'Object Repository/IWP30/Page_VRelay30Emulator/UDF1'

05-10-2024T01:16:30 - [MESSAGE][PASSED] - Text '' is set on object 'Object Repository/IWP30/Page_VRelay30Emulator/UDF2'

05-10-2024T01:16:31 - [MESSAGE][PASSED] - Text '' is set on object 'Object Repository/IWP30/Page_VRelay30Emulator/UDF3'

05-10-2024T01:16:32 - [MESSAGE][PASSED] - Text 'udf data 4' is set on object 'Object Repository/IWP30/Page_VRelay30Emulator/UDF4'

05-10-2024T01:16:32 - [MESSAGE][PASSED] - Text 'udf data 5' is set on object 'Object Repository/IWP30/Page_VRelay30Emulator/UDF5'

05-10-2024T01:16:33 - [MESSAGE][PASSED] - Text '' is set on object 'Object Repository/IWP30/Page_VRelay30Emulator/UDF6'

05-10-2024T01:16:33 - [MESSAGE][PASSED] - Text '' is set on object 'Object Repository/IWP30/Page_VRelay30Emulator/UDF7'

05-10-2024T01:16:34 - [MESSAGE][PASSED] - Text '' is set on object 'Object Repository/IWP30/Page_VRelay30Emulator/UDF8'

05-10-2024T01:16:35 - [MESSAGE][PASSED] - Text 'udf data 9' is set on object 'Object Repository/IWP30/Page_VRelay30Emulator/UDF9'

05-10-2024T01:16:35 - [MESSAGE][PASSED] - Text 'udf data 10' is set on object 'Object Repository/IWP30/Page_VRelay30Emulator/UDF10'

05-10-2024T01:16:36 - [MESSAGE][PASSED] - Object: 'Object Repository/IWP30/Page_VRelay30Emulator/Submit' is clicked on

05-10-2024T01:16:41 - [MESSAGE][PASSED] - Browser is closed

05-10-2024T01:16:45 - [MESSAGE][PASSED] - iwpPages.emulatorIWP30.setDataEmulator_DD is PASSED

05-10-2024T01:16:45 - [TEST_STEP][PASSED] - testHarnessURL = urlTestHarness: null

05-10-2024T01:16:45 - [TEST_STEP][PASSED] - openBrowser(testHarnessURL): Browser is opened with url: 'https://dev-algorithm.govolution.com/vrelaytest/QA/version_2_2/vrelaytest.html'

05-10-2024T01:16:45 - [MESSAGE][INFO] - Starting 'Edge Chromium' driver

05-10-2024T01:16:45 - [MESSAGE][INFO] - User set preference: ['acceptInsecureCerts', 'true']

05-10-2024T01:16:47 - [MESSAGE][INFO] - Action delay is set to 0 milliseconds

05-10-2024T01:16:50 - [MESSAGE][PASSED] - Browser is opened with url: 'https://dev-algorithm.govolution.com/vrelaytest/QA/version_2_2/vrelaytest.html'

05-10-2024T01:16:50 - [TEST_STEP][PASSED] - maximizeWindow(): Current window maximized

05-10-2024T01:16:50 - [MESSAGE][PASSED] - Current window maximized

05-10-2024T01:16:50 - [TEST_STEP][PASSED] - iwpPages.TestHarnessPage.setDataMethodEF(row, dataFile): iwpPages.TestHarnessPage.setDataMethodEF is PASSED

05-10-2024T01:16:51 - [MESSAGE][PASSED] - Object 'Object Repository/IWP30/Page_QATestHarness/RemittanceID' is present

05-10-2024T01:16:51 - [MESSAGE][PASSED] - Text '638' is set on object 'Object Repository/IWP30/Page_QATestHarness/ApplicationID'

05-10-2024T01:16:52 - [MESSAGE][PASSED] - Text '2.5' is set on object 'Object Repository/IWP30/Page_QATestHarness/MessageVersion'

05-10-2024T01:16:53 - [MESSAGE][PASSED] - Text 'SIVZ8IPkFr0X' is set on object 'Object Repository/IWP30/Page_QATestHarness/RemittanceID'

05-10-2024T01:16:55 - [MESSAGE][PASSED] - Object: 'Object Repository/IWP30/Page_QATestHarness/SubmitButton' is clicked on

05-10-2024T01:16:55 - [MESSAGE][PASSED] - iwpPages.TestHarnessPage.setDataMethodEF is PASSED

05-10-2024T01:16:55 - [TEST_STEP][PASSED] - click(findTestObject("Object Repository/IWP30/Page_SelectPaymentMethod/PayByPersonalCheck")): Object: 'Object Repository/IWP30/Page_SelectPaymentMethod/PayByPersonalCheck' is clicked on

05-10-2024T01:16:56 - [MESSAGE][PASSED] - Object: 'Object Repository/IWP30/Page_SelectPaymentMethod/PayByPersonalCheck' is clicked on

05-10-2024T01:16:56 - [TEST_STEP][PASSED] - click(findTestObject("Object Repository/IWP30/Page_SelectPaymentMethod/MakePaymentButton")): Object: 'Object Repository/IWP30/Page_SelectPaymentMethod/MakePaymentButton' is clicked on

05-10-2024T01:16:58 - [MESSAGE][PASSED] - Object: 'Object Repository/IWP30/Page_SelectPaymentMethod/MakePaymentButton' is clicked on

05-10-2024T01:16:58 - [TEST_STEP][PASSED] - iwpPages.achPersonalPaymentEntryPage.setDataACHPPM(row, dataFile): iwpPages.achPersonalPaymentEntryPage.setDataACHPPM is PASSED

05-10-2024T01:16:58 - [MESSAGE][PASSED] - Object 'Object Repository/IWP30/Page_ACHPersonalPaymentEntry/txt_accountNumber' is present

05-10-2024T01:16:58 - [MESSAGE][PASSED] - Object 'Object Repository/IWP30/Page_ACHPersonalPaymentEntry/txt_UDF2' is present

05-10-2024T01:16:59 - [MESSAGE][PASSED] - Text 'udf data 2' is set on object 'Object Repository/IWP30/Page_ACHPersonalPaymentEntry/txt_UDF2'

05-10-2024T01:16:59 - [MESSAGE][PASSED] - Text 'udf data 3' is set on object 'Object Repository/IWP30/Page_ACHPersonalPaymentEntry/txt_UDF3'

05-10-2024T01:17:00 - [MESSAGE][PASSED] - All options with label 'Orange' are selected in object 'Object Repository/IWP30/Page_ACHPersonalPaymentEntry/dd_UDF7' 

05-10-2024T01:17:01 - [MESSAGE][PASSED] - All options with label 'Soccer' are selected in object 'Object Repository/IWP30/Page_ACHPersonalPaymentEntry/dd_UDF8' 

05-10-2024T01:17:01 - [MESSAGE][PASSED] - Object 'Object Repository/IWP30/Page_ACHPersonalPaymentEntry/txt_Firstname' is present

05-10-2024T01:17:01 - [MESSAGE][PASSED] - Text 'Elizath' is set on object 'Object Repository/IWP30/Page_ACHPersonalPaymentEntry/txt_Firstname'

05-10-2024T01:17:02 - [MESSAGE][PASSED] - Object 'Object Repository/IWP30/Page_ACHPersonalPaymentEntry/txt_Lastname' is present

05-10-2024T01:17:02 - [MESSAGE][PASSED] - Text 'Christine' is set on object 'Object Repository/IWP30/Page_ACHPersonalPaymentEntry/txt_Lastname'

05-10-2024T01:17:02 - [MESSAGE][PASSED] - Object 'Object Repository/IWP30/Page_ACHPersonalPaymentEntry/txt_routingNumber' is present

05-10-2024T01:17:03 - [MESSAGE][PASSED] - Text '256072691' is set on object 'Object Repository/IWP30/Page_ACHPersonalPaymentEntry/txt_routingNumber'

05-10-2024T01:17:03 - [MESSAGE][PASSED] - Object 'Object Repository/IWP30/Page_ACHPersonalPaymentEntry/txt_accountNumber' is present

05-10-2024T01:17:05 - [MESSAGE][PASSED] - Text '12344444' is set on object 'Object Repository/IWP30/Page_ACHPersonalPaymentEntry/txt_accountNumber'

05-10-2024T01:17:05 - [MESSAGE][PASSED] - Object 'Object Repository/IWP30/Page_ACHPersonalPaymentEntry/txt_confirmAccountNumber' is present

05-10-2024T01:17:06 - [MESSAGE][PASSED] - Text '12344444' is set on object 'Object Repository/IWP30/Page_ACHPersonalPaymentEntry/txt_confirmAccountNumber'

05-10-2024T01:17:06 - [MESSAGE][PASSED] - Object 'Object Repository/IWP30/Page_ACHPersonalPaymentEntry/rd_accountType' is present

05-10-2024T01:17:06 - [MESSAGE][PASSED] - Modify property of object successfully

05-10-2024T01:17:06 - [MESSAGE][PASSED] - Object: 'Object Repository/IWP30/Page_ACHPersonalPaymentEntry/rd_accountType' is clicked on

05-10-2024T01:17:07 - [MESSAGE][PASSED] - Text '365 Main Avenue' is set on object 'Object Repository/IWP30/Page_ACHPersonalPaymentEntry/txt_AL1'

05-10-2024T01:17:07 - [MESSAGE][PASSED] - Text 'Ohio' is set on object 'Object Repository/IWP30/Page_ACHPersonalPaymentEntry/txt_AL2'

05-10-2024T01:17:08 - [MESSAGE][PASSED] - Text '22201' is set on object 'Object Repository/IWP30/Page_ACHPersonalPaymentEntry/txt_ZIP'

05-10-2024T01:17:08 - [MESSAGE][PASSED] - Object 'Object Repository/IWP30/Page_ACHPersonalPaymentEntry/txt_Email' is present

05-10-2024T01:17:09 - [MESSAGE][PASSED] - Text 'iahmed@govolution.com' is set on object 'Object Repository/IWP30/Page_ACHPersonalPaymentEntry/txt_Email'

05-10-2024T01:17:10 - [MESSAGE][PASSED] - Object 'Object Repository/IWP30/Page_ACHPersonalPaymentEntry/cb_TermsAndCond' is present

05-10-2024T01:17:10 - [MESSAGE][PASSED] - Object: 'Object Repository/IWP30/Page_ACHPersonalPaymentEntry/cb_TermsAndCond' is clicked on

05-10-2024T01:17:10 - [MESSAGE][PASSED] - Object 'Object Repository/IWP30/Page_ACHPersonalPaymentEntry/btn_Continue' is present

05-10-2024T01:17:11 - [MESSAGE][PASSED] - Object: 'Object Repository/IWP30/Page_ACHPersonalPaymentEntry/btn_Continue' is clicked on

05-10-2024T01:17:11 - [MESSAGE][PASSED] - iwpPages.achPersonalPaymentEntryPage.setDataACHPPM is PASSED

05-10-2024T01:17:11 - [TEST_STEP][PASSED] - click(findTestObject("Object Repository/IWP30/Page_Confirmation/ConfirmButton")): Object: 'Object Repository/IWP30/Page_Confirmation/ConfirmButton' is clicked on

05-10-2024T01:17:13 - [MESSAGE][PASSED] - Object: 'Object Repository/IWP30/Page_Confirmation/ConfirmButton' is clicked on

05-10-2024T01:17:13 - [TEST_STEP][PASSED] - Thread.sleep(2000): null

05-10-2024T01:17:15 - [TEST_STEP][PASSED] - if (verifyTextPresent("AutoPay", false)): null

05-10-2024T01:17:15 - [MESSAGE][PASSED] - Text 'AutoPay' is present on page 

05-10-2024T01:17:15 - [TEST_STEP][PASSED] - openBrowser(testHarnessURL): Browser is opened with url: 'https://dev-algorithm.govolution.com/vrelaytest/QA/version_2_2/vrelaytest.html'

05-10-2024T01:17:15 - [MESSAGE][WARNING] - A browser is already opened. Closing browser and opening a new one

05-10-2024T01:17:16 - [MESSAGE][INFO] - Starting 'Edge Chromium' driver

05-10-2024T01:17:16 - [MESSAGE][INFO] - User set preference: ['acceptInsecureCerts', 'true']

05-10-2024T01:17:18 - [MESSAGE][INFO] - Action delay is set to 0 milliseconds

05-10-2024T01:17:21 - [MESSAGE][PASSED] - Browser is opened with url: 'https://dev-algorithm.govolution.com/vrelaytest/QA/version_2_2/vrelaytest.html'

05-10-2024T01:17:21 - [TEST_STEP][PASSED] - maximizeWindow(): Current window maximized

05-10-2024T01:17:21 - [MESSAGE][PASSED] - Current window maximized

05-10-2024T01:17:21 - [TEST_STEP][PASSED] - iwpPages.TestHarnessPage.setDataMethodEF(row, dataFile): iwpPages.TestHarnessPage.setDataMethodEF is PASSED

05-10-2024T01:17:21 - [MESSAGE][PASSED] - Object 'Object Repository/IWP30/Page_QATestHarness/RemittanceID' is present

05-10-2024T01:17:22 - [MESSAGE][PASSED] - Text '638' is set on object 'Object Repository/IWP30/Page_QATestHarness/ApplicationID'

05-10-2024T01:17:23 - [MESSAGE][PASSED] - Text '2.5' is set on object 'Object Repository/IWP30/Page_QATestHarness/MessageVersion'

05-10-2024T01:17:23 - [MESSAGE][PASSED] - Text '82doTODPIddV' is set on object 'Object Repository/IWP30/Page_QATestHarness/RemittanceID'

05-10-2024T01:17:26 - [MESSAGE][PASSED] - Object: 'Object Repository/IWP30/Page_QATestHarness/SubmitButton' is clicked on

05-10-2024T01:17:26 - [MESSAGE][PASSED] - iwpPages.TestHarnessPage.setDataMethodEF is PASSED

05-10-2024T01:17:26 - [TEST_STEP][PASSED] - click(findTestObject("Object Repository/IWP30/Page_ManagePlan_Autopay/btn_cancel")): Object: 'Object Repository/IWP30/Page_ManagePlan_Autopay/btn_cancel' is clicked on

05-10-2024T01:17:27 - [MESSAGE][PASSED] - Object: 'Object Repository/IWP30/Page_ManagePlan_Autopay/btn_cancel' is clicked on

05-10-2024T01:17:27 - [TEST_STEP][PASSED] - click(findTestObject("Object Repository/IWP30/Page_CancelPlan/btn_cancel")): Object: 'Object Repository/IWP30/Page_CancelPlan/btn_cancel' is clicked on

05-10-2024T01:17:28 - [MESSAGE][PASSED] - Object: 'Object Repository/IWP30/Page_CancelPlan/btn_cancel' is clicked on

05-10-2024T01:17:28 - [TEST_STEP][PASSED] - if (verifyTextPresent("Your payment plan has been cancelled successfully", false)): null

05-10-2024T01:17:29 - [MESSAGE][PASSED] - Text 'Your payment plan has been cancelled successfully' is present on page 

05-10-2024T01:17:29 - [TEST_STEP][PASSED] - isRequiredTextPresent = true: null

05-10-2024T01:17:29 - [TEST_STEP][PASSED] - println(isRequiredTextPresent): null

05-10-2024T01:17:29 - [TEST_STEP][PASSED] - if (isRequiredTextPresent): null

05-10-2024T01:17:29 - [TEST_STEP][PASSED] - if (verifyTextPresent("Payment Information:", false)): null

05-10-2024T01:17:29 - [MESSAGE][PASSED] - Text 'Payment Information:' is present on page 

05-10-2024T01:17:29 - [TEST_STEP][PASSED] - isRequiredTextPresent = true: null

05-10-2024T01:17:29 - [TEST_STEP][PASSED] - println(isRequiredTextPresent): null

05-10-2024T01:17:29 - [TEST_STEP][PASSED] - if (isRequiredTextPresent): null

05-10-2024T01:17:29 - [TEST_STEP][PASSED] - if (verifyTextPresent("CAN Label:", false)): null

05-10-2024T01:17:30 - [MESSAGE][PASSED] - Text 'CAN Label:' is present on page 

05-10-2024T01:17:30 - [TEST_STEP][PASSED] - isRequiredTextPresent = true: null

05-10-2024T01:17:30 - [TEST_STEP][PASSED] - println(isRequiredTextPresent): null

05-10-2024T01:17:30 - [TEST_STEP][PASSED] - if (isRequiredTextPresent): null

05-10-2024T01:17:30 - [TEST_STEP][PASSED] - if (verifyTextPresent("UDF2 Label:", false)): null

05-10-2024T01:17:30 - [MESSAGE][PASSED] - Text 'UDF2 Label:' is present on page 

05-10-2024T01:17:30 - [TEST_STEP][PASSED] - isRequiredTextPresent = true: null

05-10-2024T01:17:30 - [TEST_STEP][PASSED] - println(isRequiredTextPresent): null

05-10-2024T01:17:30 - [TEST_STEP][PASSED] - if (isRequiredTextPresent): null

05-10-2024T01:17:30 - [TEST_STEP][PASSED] - if (verifyTextPresent("UDF3 Label:", false)): null

05-10-2024T01:17:30 - [MESSAGE][PASSED] - Text 'UDF3 Label:' is present on page 

05-10-2024T01:17:30 - [TEST_STEP][PASSED] - isRequiredTextPresent = true: null

05-10-2024T01:17:30 - [TEST_STEP][PASSED] - println(isRequiredTextPresent): null

05-10-2024T01:17:30 - [TEST_STEP][PASSED] - if (isRequiredTextPresent): null

05-10-2024T01:17:30 - [TEST_STEP][PASSED] - if (verifyTextPresent("UDF4 Label:", false)): null

05-10-2024T01:17:30 - [MESSAGE][PASSED] - Text 'UDF4 Label:' is present on page 

05-10-2024T01:17:30 - [TEST_STEP][PASSED] - isRequiredTextPresent = true: null

05-10-2024T01:17:30 - [TEST_STEP][PASSED] - println(isRequiredTextPresent): null

05-10-2024T01:17:30 - [TEST_STEP][PASSED] - if (isRequiredTextPresent): null

05-10-2024T01:17:30 - [TEST_STEP][PASSED] - if (verifyTextPresent("UDF7 Label:", false)): null

05-10-2024T01:17:31 - [MESSAGE][PASSED] - Text 'UDF7 Label:' is present on page 

05-10-2024T01:17:31 - [TEST_STEP][PASSED] - isRequiredTextPresent = true: null

05-10-2024T01:17:31 - [TEST_STEP][PASSED] - println(isRequiredTextPresent): null

05-10-2024T01:17:31 - [TEST_STEP][PASSED] - if (isRequiredTextPresent): null

05-10-2024T01:17:31 - [TEST_STEP][PASSED] - if (verifyTextPresent("UDF8 Label:", false)): null

05-10-2024T01:17:31 - [MESSAGE][PASSED] - Text 'UDF8 Label:' is present on page 

05-10-2024T01:17:31 - [TEST_STEP][PASSED] - isRequiredTextPresent = true: null

05-10-2024T01:17:31 - [TEST_STEP][PASSED] - println(isRequiredTextPresent): null

05-10-2024T01:17:31 - [TEST_STEP][PASSED] - if (isRequiredTextPresent): null

05-10-2024T01:17:31 - [TEST_STEP][PASSED] - if (verifyTextPresent("UDF9 Label:", false)): null

05-10-2024T01:17:31 - [MESSAGE][PASSED] - Text 'UDF9 Label:' is present on page 

05-10-2024T01:17:31 - [TEST_STEP][PASSED] - isRequiredTextPresent = true: null

05-10-2024T01:17:31 - [TEST_STEP][PASSED] - println(isRequiredTextPresent): null

05-10-2024T01:17:31 - [TEST_STEP][PASSED] - if (isRequiredTextPresent): null

05-10-2024T01:17:31 - [TEST_STEP][PASSED] - if (verifyTextPresent("Account Information:", false)): null

05-10-2024T01:17:32 - [MESSAGE][PASSED] - Text 'Account Information:' is present on page 

05-10-2024T01:17:32 - [TEST_STEP][PASSED] - isRequiredTextPresent = true: null

05-10-2024T01:17:32 - [TEST_STEP][PASSED] - println(isRequiredTextPresent): null

05-10-2024T01:17:32 - [TEST_STEP][PASSED] - if (isRequiredTextPresent): null

05-10-2024T01:17:32 - [TEST_STEP][PASSED] - if (verifyTextPresent("First Name on Check:", false)): null

05-10-2024T01:17:32 - [MESSAGE][PASSED] - Text 'First Name on Check:' is present on page 

05-10-2024T01:17:32 - [TEST_STEP][PASSED] - isRequiredTextPresent = true: null

05-10-2024T01:17:32 - [TEST_STEP][PASSED] - println(isRequiredTextPresent): null

05-10-2024T01:17:32 - [TEST_STEP][PASSED] - if (isRequiredTextPresent): null

05-10-2024T01:17:32 - [TEST_STEP][PASSED] - if (verifyTextPresent("Last Name on Check:", false)): null

05-10-2024T01:17:32 - [MESSAGE][PASSED] - Text 'Last Name on Check:' is present on page 

05-10-2024T01:17:32 - [TEST_STEP][PASSED] - isRequiredTextPresent = true: null

05-10-2024T01:17:32 - [TEST_STEP][PASSED] - println(isRequiredTextPresent): null

05-10-2024T01:17:32 - [TEST_STEP][PASSED] - if (isRequiredTextPresent): null

05-10-2024T01:17:32 - [TEST_STEP][PASSED] - if (verifyTextPresent("Routing Transit Number:", false)): null

05-10-2024T01:17:32 - [MESSAGE][PASSED] - Text 'Routing Transit Number:' is present on page 

05-10-2024T01:17:32 - [TEST_STEP][PASSED] - isRequiredTextPresent = true: null

05-10-2024T01:17:32 - [TEST_STEP][PASSED] - println(isRequiredTextPresent): null

05-10-2024T01:17:32 - [TEST_STEP][PASSED] - if (isRequiredTextPresent): null

05-10-2024T01:17:32 - [TEST_STEP][PASSED] - if (verifyTextPresent("Account Number:", false)): null

05-10-2024T01:17:33 - [MESSAGE][PASSED] - Text 'Account Number:' is present on page 

05-10-2024T01:17:33 - [TEST_STEP][PASSED] - isRequiredTextPresent = true: null

05-10-2024T01:17:33 - [TEST_STEP][PASSED] - println(isRequiredTextPresent): null

05-10-2024T01:17:33 - [TEST_STEP][PASSED] - if (isRequiredTextPresent): null

05-10-2024T01:17:33 - [TEST_STEP][PASSED] - if (verifyTextPresent("Type of Account:", false)): null

05-10-2024T01:17:33 - [MESSAGE][PASSED] - Text 'Type of Account:' is present on page 

05-10-2024T01:17:33 - [TEST_STEP][PASSED] - isRequiredTextPresent = true: null

05-10-2024T01:17:33 - [TEST_STEP][PASSED] - println(isRequiredTextPresent): null

05-10-2024T01:17:33 - [TEST_STEP][PASSED] - if (isRequiredTextPresent): null

05-10-2024T01:17:33 - [TEST_STEP][PASSED] - if (verifyTextPresent("Address Line 1:", false)): null

05-10-2024T01:17:33 - [MESSAGE][PASSED] - Text 'Address Line 1:' is present on page 

05-10-2024T01:17:33 - [TEST_STEP][PASSED] - isRequiredTextPresent = true: null

05-10-2024T01:17:33 - [TEST_STEP][PASSED] - println(isRequiredTextPresent): null

05-10-2024T01:17:33 - [TEST_STEP][PASSED] - if (isRequiredTextPresent): null

05-10-2024T01:17:33 - [TEST_STEP][PASSED] - if (verifyTextPresent("Address Line 2:", false)): null

05-10-2024T01:17:34 - [MESSAGE][PASSED] - Text 'Address Line 2:' is present on page 

05-10-2024T01:17:34 - [TEST_STEP][PASSED] - isRequiredTextPresent = true: null

05-10-2024T01:17:34 - [TEST_STEP][PASSED] - println(isRequiredTextPresent): null

05-10-2024T01:17:34 - [TEST_STEP][PASSED] - if (isRequiredTextPresent): null

05-10-2024T01:17:34 - [TEST_STEP][PASSED] - if (verifyTextPresent("Country:", false)): null

05-10-2024T01:17:34 - [MESSAGE][PASSED] - Text 'Country:' is present on page 

05-10-2024T01:17:34 - [TEST_STEP][PASSED] - isRequiredTextPresent = true: null

05-10-2024T01:17:34 - [TEST_STEP][PASSED] - println(isRequiredTextPresent): null

05-10-2024T01:17:34 - [TEST_STEP][PASSED] - if (isRequiredTextPresent): null

05-10-2024T01:17:34 - [TEST_STEP][PASSED] - if (verifyTextPresent("City:", false)): null

05-10-2024T01:17:34 - [MESSAGE][PASSED] - Text 'City:' is present on page 

05-10-2024T01:17:34 - [TEST_STEP][PASSED] - isRequiredTextPresent = true: null

05-10-2024T01:17:34 - [TEST_STEP][PASSED] - println(isRequiredTextPresent): null

05-10-2024T01:17:34 - [TEST_STEP][PASSED] - if (isRequiredTextPresent): null

05-10-2024T01:17:34 - [TEST_STEP][PASSED] - if (verifyTextPresent("State:", false)): null

05-10-2024T01:17:34 - [MESSAGE][PASSED] - Text 'State:' is present on page 

05-10-2024T01:17:34 - [TEST_STEP][PASSED] - isRequiredTextPresent = true: null

05-10-2024T01:17:34 - [TEST_STEP][PASSED] - println(isRequiredTextPresent): null

05-10-2024T01:17:34 - [TEST_STEP][PASSED] - if (isRequiredTextPresent): null

05-10-2024T01:17:34 - [TEST_STEP][PASSED] - if (verifyTextPresent("ZIP Code:", false)): null

05-10-2024T01:17:35 - [MESSAGE][PASSED] - Text 'ZIP Code:' is present on page 

05-10-2024T01:17:35 - [TEST_STEP][PASSED] - isRequiredTextPresent = true: null

05-10-2024T01:17:35 - [TEST_STEP][PASSED] - println(isRequiredTextPresent): null

05-10-2024T01:17:35 - [TEST_STEP][PASSED] - if (isRequiredTextPresent): null

05-10-2024T01:17:35 - [TEST_STEP][PASSED] - if (verifyTextPresent("Payment Plan Information:", false)): null

05-10-2024T01:17:35 - [MESSAGE][PASSED] - Text 'Payment Plan Information:' is present on page 

05-10-2024T01:17:35 - [TEST_STEP][PASSED] - isRequiredTextPresent = true: null

05-10-2024T01:17:35 - [TEST_STEP][PASSED] - println(isRequiredTextPresent): null

05-10-2024T01:17:35 - [TEST_STEP][PASSED] - if (isRequiredTextPresent): null

05-10-2024T01:17:35 - [TEST_STEP][PASSED] - if (verifyTextPresent("Payment Plan Type:", false)): null

05-10-2024T01:17:35 - [MESSAGE][PASSED] - Text 'Payment Plan Type:' is present on page 

05-10-2024T01:17:35 - [TEST_STEP][PASSED] - isRequiredTextPresent = true: null

05-10-2024T01:17:35 - [TEST_STEP][PASSED] - println(isRequiredTextPresent): null

05-10-2024T01:17:35 - [TEST_STEP][PASSED] - if (isRequiredTextPresent): null

05-10-2024T01:17:35 - [TEST_STEP][PASSED] - if (verifyTextPresent("Payment Plan ID:", false)): null

05-10-2024T01:17:36 - [MESSAGE][PASSED] - Text 'Payment Plan ID:' is present on page 

05-10-2024T01:17:36 - [TEST_STEP][PASSED] - isRequiredTextPresent = true: null

05-10-2024T01:17:36 - [TEST_STEP][PASSED] - println(isRequiredTextPresent): null

05-10-2024T01:17:36 - [TEST_STEP][PASSED] - if (isRequiredTextPresent): null

05-10-2024T01:17:36 - [TEST_STEP][PASSED] - if (verifyTextPresent("Payment Plan Start Date:", false)): null

05-10-2024T01:17:36 - [MESSAGE][PASSED] - Text 'Payment Plan Start Date:' is present on page 

05-10-2024T01:17:36 - [TEST_STEP][PASSED] - isRequiredTextPresent = true: null

05-10-2024T01:17:36 - [TEST_STEP][PASSED] - println(isRequiredTextPresent): null

05-10-2024T01:17:36 - [TEST_STEP][PASSED] - if (isRequiredTextPresent): null

05-10-2024T01:17:36 - [TEST_STEP][PASSED] - if (verifyTextPresent("Payment Plan End Date:", false)): null

05-10-2024T01:17:36 - [MESSAGE][PASSED] - Text 'Payment Plan End Date:' is present on page 

05-10-2024T01:17:36 - [TEST_STEP][PASSED] - isRequiredTextPresent = true: null

05-10-2024T01:17:36 - [TEST_STEP][PASSED] - println(isRequiredTextPresent): null

05-10-2024T01:17:36 - [TEST_STEP][PASSED] - if (isRequiredTextPresent == true): pages.WriteExcel.demoKey is PASSED

05-10-2024T01:17:36 - [TEST_STEP][PASSED] - println("All the relevant texts are present on Receipt Page"): null

05-10-2024T01:17:36 - [TEST_STEP][PASSED] - markPassed("All the relevant texts are present on Receipt Page"): All the relevant texts are present on Receipt Page

05-10-2024T01:17:36 - [MESSAGE][PASSED] - All the relevant texts are present on Receipt Page

05-10-2024T01:17:36 - [TEST_STEP][PASSED] - resText = "Pass": null

05-10-2024T01:17:36 - [TEST_STEP][PASSED] - pages.WriteExcel.demoKey(resText, datText, resColumn, datCloumn, fileLoc, nameSheet, row): pages.WriteExcel.demoKey is PASSED

05-10-2024T01:17:36 - [MESSAGE][PASSED] - pages.WriteExcel.demoKey is PASSED

05-10-2024T01:17:36 - [TEST_STEP][PASSED] - closeBrowser(): Browser is closed

05-10-2024T01:17:37 - [MESSAGE][PASSED] - Browser is closed]]></system-out>
         <system-err><![CDATA[]]></system-err>
      </testcase>
      <testcase name="Test Cases/IntegratedWeb/IWP25/Payments/VerifyCancelReceiptLabelsAutoPayPS" time="81.769" classname="Test Cases/IntegratedWeb/IWP25/Payments/VerifyCancelReceiptLabelsAutoPayPS" status="PASSED">
         <system-out><![CDATA[05-10-2024T01:17:37 - [TEST_CASE][PASSED] - Test Cases/IntegratedWeb/IWP25/Payments/VerifyCancelReceiptLabelsAutoPayPS: Test Cases/IntegratedWeb/IWP25/Payments/VerifyCancelReceiptLabelsAutoPayPS

05-10-2024T01:17:37 - [TEST_STEP][PASSED] - resText = "Fail": null

05-10-2024T01:17:37 - [TEST_STEP][PASSED] - resColumn = "Result": null

05-10-2024T01:17:37 - [TEST_STEP][PASSED] - datCloumn = "Date": null

05-10-2024T01:17:37 - [TEST_STEP][PASSED] - fileLoc = "KatalonData/IWPTestData/VRelay25PaymentsExtension.xlsx": null

05-10-2024T01:17:37 - [TEST_STEP][PASSED] - numOfRows = <not implemented yet for class: org.codehaus.groovy.ast.expr.EmptyExpression>: null

05-10-2024T01:17:37 - [TEST_STEP][PASSED] - dataFile = <not implemented yet for class: org.codehaus.groovy.ast.expr.EmptyExpression>: null

05-10-2024T01:17:37 - [TEST_STEP][PASSED] - nameSheet = <not implemented yet for class: org.codehaus.groovy.ast.expr.EmptyExpression>: null

05-10-2024T01:17:37 - [TEST_STEP][PASSED] - dataFileEmulator = <not implemented yet for class: org.codehaus.groovy.ast.expr.EmptyExpression>: null

05-10-2024T01:17:37 - [TEST_STEP][PASSED] - isRequiredTextPresent = false: null

05-10-2024T01:17:37 - [TEST_STEP][PASSED] - nameSheet = "VerifyCancelLabelAutopayPS": null

05-10-2024T01:17:37 - [TEST_STEP][PASSED] - dataFile = getExcelDataWithDefaultSheet("KatalonData/IWPTestData/VRelay25PaymentsExtension.xlsx", nameSheet, true): null

05-10-2024T01:17:37 - [TEST_STEP][PASSED] - dataFileEmulator = "IWPTestData/EmulatorData": null

05-10-2024T01:17:37 - [TEST_STEP][PASSED] - numOfRows = dataFile.getRowNumbers(): null

05-10-2024T01:17:37 - [TEST_STEP][PASSED] - println("Number of Records: " + numOfRows): null

05-10-2024T01:17:37 - [TEST_STEP][PASSED] - for ([row = 1, row <= numOfRows, (row++)]): Browser is closed

05-10-2024T01:17:37 - [TEST_STEP][PASSED] - ExecuteTC = dataFile.getValue("Execute", row): null

05-10-2024T01:17:37 - [TEST_STEP][PASSED] - out.println("Value of Execute is : " + ExecuteTC): null

05-10-2024T01:17:37 - [TEST_STEP][PASSED] - if (ExecuteTC.equalsIgnoreCase("Y")): null

05-10-2024T01:17:37 - [TEST_STEP][PASSED] - out.println("Begin Record Number: " + row): null

05-10-2024T01:17:37 - [TEST_STEP][PASSED] - today = new java.util.Date(): null

05-10-2024T01:17:37 - [TEST_STEP][PASSED] - println(today): null

05-10-2024T01:17:37 - [TEST_STEP][PASSED] - datText = today: null

05-10-2024T01:17:37 - [TEST_STEP][PASSED] - EmulatorDataKey = dataFile.getValue("EmulatorData", row): null

05-10-2024T01:17:37 - [TEST_STEP][PASSED] - out.println("Value of Emulator Key is : " + EmulatorDataKey): null

05-10-2024T01:17:37 - [TEST_STEP][PASSED] - iwpPages.emulatorIWP30.setDataEmulator_DD(EmulatorDataKey): iwpPages.emulatorIWP30.setDataEmulator_DD is PASSED

05-10-2024T01:17:37 - [MESSAGE][INFO] - Starting 'Edge Chromium' driver

05-10-2024T01:17:37 - [MESSAGE][INFO] - User set preference: ['acceptInsecureCerts', 'true']

05-10-2024T01:17:39 - [MESSAGE][INFO] - Action delay is set to 0 milliseconds

05-10-2024T01:17:42 - [MESSAGE][PASSED] - Browser is opened with url: 'https://qa.velocitypayment.com/agency/config.do?action=editor&message_version=2_5'

05-10-2024T01:17:42 - [MESSAGE][PASSED] - Current window maximized

05-10-2024T01:17:43 - [MESSAGE][PASSED] - All options with value '2.5' are selected in object 'Object Repository/IWP30/Page_VRelay30Emulator/MV'  using regular expression

05-10-2024T01:17:44 - [MESSAGE][PASSED] - Text '10.50' is set on object 'Object Repository/IWP30/Page_VRelay30Emulator/Amount'

05-10-2024T01:17:44 - [MESSAGE][PASSED] - Text 'FapQEuhOqMj4' is set on object 'Object Repository/IWP30/Page_VRelay30Emulator/CAN'

05-10-2024T01:17:45 - [MESSAGE][PASSED] - Text 'AutoPay' is set on object 'Object Repository/IWP30/Page_VRelay30Emulator/Action'

05-10-2024T01:17:46 - [MESSAGE][PASSED] - Text 'en_US' is set on object 'Object Repository/IWP30/Page_VRelay30Emulator/Lang'

05-10-2024T01:17:46 - [MESSAGE][PASSED] - Text '' is set on object 'Object Repository/IWP30/Page_VRelay30Emulator/Fname'

05-10-2024T01:17:47 - [MESSAGE][PASSED] - Text '' is set on object 'Object Repository/IWP30/Page_VRelay30Emulator/Lname'

05-10-2024T01:17:47 - [MESSAGE][PASSED] - Text '' is set on object 'Object Repository/IWP30/Page_VRelay30Emulator/AL1'

05-10-2024T01:17:48 - [MESSAGE][PASSED] - Text '' is set on object 'Object Repository/IWP30/Page_VRelay30Emulator/AL2'

05-10-2024T01:17:48 - [MESSAGE][PASSED] - Text '' is set on object 'Object Repository/IWP30/Page_VRelay30Emulator/Country'

05-10-2024T01:17:49 - [MESSAGE][PASSED] - Text '' is set on object 'Object Repository/IWP30/Page_VRelay30Emulator/City'

05-10-2024T01:17:50 - [MESSAGE][PASSED] - Text '' is set on object 'Object Repository/IWP30/Page_VRelay30Emulator/State'

05-10-2024T01:17:50 - [MESSAGE][PASSED] - Text '' is set on object 'Object Repository/IWP30/Page_VRelay30Emulator/ZIP'

05-10-2024T01:17:51 - [MESSAGE][PASSED] - Text '' is set on object 'Object Repository/IWP30/Page_VRelay30Emulator/Order'

05-10-2024T01:17:51 - [MESSAGE][PASSED] - Text '' is set on object 'Object Repository/IWP30/Page_VRelay30Emulator/Company'

05-10-2024T01:17:52 - [MESSAGE][PASSED] - Text '' is set on object 'Object Repository/IWP30/Page_VRelay30Emulator/Email'

05-10-2024T01:17:52 - [MESSAGE][PASSED] - Text '' is set on object 'Object Repository/IWP30/Page_VRelay30Emulator/UDF1'

05-10-2024T01:17:53 - [MESSAGE][PASSED] - Text '' is set on object 'Object Repository/IWP30/Page_VRelay30Emulator/UDF2'

05-10-2024T01:17:54 - [MESSAGE][PASSED] - Text '' is set on object 'Object Repository/IWP30/Page_VRelay30Emulator/UDF3'

05-10-2024T01:17:54 - [MESSAGE][PASSED] - Text 'udf data 4' is set on object 'Object Repository/IWP30/Page_VRelay30Emulator/UDF4'

05-10-2024T01:17:55 - [MESSAGE][PASSED] - Text 'udf data 5' is set on object 'Object Repository/IWP30/Page_VRelay30Emulator/UDF5'

05-10-2024T01:17:55 - [MESSAGE][PASSED] - Text '' is set on object 'Object Repository/IWP30/Page_VRelay30Emulator/UDF6'

05-10-2024T01:17:56 - [MESSAGE][PASSED] - Text '' is set on object 'Object Repository/IWP30/Page_VRelay30Emulator/UDF7'

05-10-2024T01:17:56 - [MESSAGE][PASSED] - Text '' is set on object 'Object Repository/IWP30/Page_VRelay30Emulator/UDF8'

05-10-2024T01:17:57 - [MESSAGE][PASSED] - Text 'udf data 9' is set on object 'Object Repository/IWP30/Page_VRelay30Emulator/UDF9'

05-10-2024T01:17:58 - [MESSAGE][PASSED] - Text 'udf data 10' is set on object 'Object Repository/IWP30/Page_VRelay30Emulator/UDF10'

05-10-2024T01:17:59 - [MESSAGE][PASSED] - Object: 'Object Repository/IWP30/Page_VRelay30Emulator/Submit' is clicked on

05-10-2024T01:18:03 - [MESSAGE][PASSED] - Browser is closed

05-10-2024T01:18:07 - [MESSAGE][PASSED] - iwpPages.emulatorIWP30.setDataEmulator_DD is PASSED

05-10-2024T01:18:07 - [TEST_STEP][PASSED] - testHarnessURL = urlTestHarness: null

05-10-2024T01:18:07 - [TEST_STEP][PASSED] - openBrowser(testHarnessURL): Browser is opened with url: 'https://dev-algorithm.govolution.com/vrelaytest/QA/version_2_2/vrelaytest.html'

05-10-2024T01:18:07 - [MESSAGE][INFO] - Starting 'Edge Chromium' driver

05-10-2024T01:18:07 - [MESSAGE][INFO] - User set preference: ['acceptInsecureCerts', 'true']

05-10-2024T01:18:09 - [MESSAGE][INFO] - Action delay is set to 0 milliseconds

05-10-2024T01:18:12 - [MESSAGE][PASSED] - Browser is opened with url: 'https://dev-algorithm.govolution.com/vrelaytest/QA/version_2_2/vrelaytest.html'

05-10-2024T01:18:12 - [TEST_STEP][PASSED] - maximizeWindow(): Current window maximized

05-10-2024T01:18:13 - [MESSAGE][PASSED] - Current window maximized

05-10-2024T01:18:13 - [TEST_STEP][PASSED] - iwpPages.TestHarnessPage.setDataMethodEF(row, dataFile): iwpPages.TestHarnessPage.setDataMethodEF is PASSED

05-10-2024T01:18:13 - [MESSAGE][PASSED] - Object 'Object Repository/IWP30/Page_QATestHarness/RemittanceID' is present

05-10-2024T01:18:13 - [MESSAGE][PASSED] - Text '638' is set on object 'Object Repository/IWP30/Page_QATestHarness/ApplicationID'

05-10-2024T01:18:14 - [MESSAGE][PASSED] - Text '2.5' is set on object 'Object Repository/IWP30/Page_QATestHarness/MessageVersion'

05-10-2024T01:18:15 - [MESSAGE][PASSED] - Text '4NnIG3uM2Q2K' is set on object 'Object Repository/IWP30/Page_QATestHarness/RemittanceID'

05-10-2024T01:18:17 - [MESSAGE][PASSED] - Object: 'Object Repository/IWP30/Page_QATestHarness/SubmitButton' is clicked on

05-10-2024T01:18:17 - [MESSAGE][PASSED] - iwpPages.TestHarnessPage.setDataMethodEF is PASSED

05-10-2024T01:18:17 - [TEST_STEP][PASSED] - click(findTestObject("Object Repository/IWP30/Page_SelectPaymentMethod/PayByPersonalCheck")): Object: 'Object Repository/IWP30/Page_SelectPaymentMethod/PayByPersonalCheck' is clicked on

05-10-2024T01:18:18 - [MESSAGE][PASSED] - Object: 'Object Repository/IWP30/Page_SelectPaymentMethod/PayByPersonalCheck' is clicked on

05-10-2024T01:18:18 - [TEST_STEP][PASSED] - click(findTestObject("Object Repository/IWP30/Page_SelectPaymentMethod/MakePaymentButton")): Object: 'Object Repository/IWP30/Page_SelectPaymentMethod/MakePaymentButton' is clicked on

05-10-2024T01:18:20 - [MESSAGE][PASSED] - Object: 'Object Repository/IWP30/Page_SelectPaymentMethod/MakePaymentButton' is clicked on

05-10-2024T01:18:20 - [TEST_STEP][PASSED] - iwpPages.achPersonalPaymentEntryPage.setDataACHPPM(row, dataFile): iwpPages.achPersonalPaymentEntryPage.setDataACHPPM is PASSED

05-10-2024T01:18:20 - [MESSAGE][PASSED] - Object 'Object Repository/IWP30/Page_ACHPersonalPaymentEntry/txt_accountNumber' is present

05-10-2024T01:18:20 - [MESSAGE][PASSED] - Object 'Object Repository/IWP30/Page_ACHPersonalPaymentEntry/txt_UDF2' is present

05-10-2024T01:18:21 - [MESSAGE][PASSED] - Text 'udf data 2' is set on object 'Object Repository/IWP30/Page_ACHPersonalPaymentEntry/txt_UDF2'

05-10-2024T01:18:22 - [MESSAGE][PASSED] - Text 'udf data 3' is set on object 'Object Repository/IWP30/Page_ACHPersonalPaymentEntry/txt_UDF3'

05-10-2024T01:18:22 - [MESSAGE][PASSED] - All options with label 'Orange' are selected in object 'Object Repository/IWP30/Page_ACHPersonalPaymentEntry/dd_UDF7' 

05-10-2024T01:18:23 - [MESSAGE][PASSED] - All options with label 'Soccer' are selected in object 'Object Repository/IWP30/Page_ACHPersonalPaymentEntry/dd_UDF8' 

05-10-2024T01:18:23 - [MESSAGE][PASSED] - Object 'Object Repository/IWP30/Page_ACHPersonalPaymentEntry/txt_Firstname' is present

05-10-2024T01:18:23 - [MESSAGE][PASSED] - Text 'Elizath' is set on object 'Object Repository/IWP30/Page_ACHPersonalPaymentEntry/txt_Firstname'

05-10-2024T01:18:24 - [MESSAGE][PASSED] - Object 'Object Repository/IWP30/Page_ACHPersonalPaymentEntry/txt_Lastname' is present

05-10-2024T01:18:24 - [MESSAGE][PASSED] - Text 'Christine' is set on object 'Object Repository/IWP30/Page_ACHPersonalPaymentEntry/txt_Lastname'

05-10-2024T01:18:25 - [MESSAGE][PASSED] - Object 'Object Repository/IWP30/Page_ACHPersonalPaymentEntry/txt_routingNumber' is present

05-10-2024T01:18:25 - [MESSAGE][PASSED] - Text '256072691' is set on object 'Object Repository/IWP30/Page_ACHPersonalPaymentEntry/txt_routingNumber'

05-10-2024T01:18:25 - [MESSAGE][PASSED] - Object 'Object Repository/IWP30/Page_ACHPersonalPaymentEntry/txt_accountNumber' is present

05-10-2024T01:18:27 - [MESSAGE][PASSED] - Text '12344444' is set on object 'Object Repository/IWP30/Page_ACHPersonalPaymentEntry/txt_accountNumber'

05-10-2024T01:18:27 - [MESSAGE][PASSED] - Object 'Object Repository/IWP30/Page_ACHPersonalPaymentEntry/txt_confirmAccountNumber' is present

05-10-2024T01:18:28 - [MESSAGE][PASSED] - Text '12344444' is set on object 'Object Repository/IWP30/Page_ACHPersonalPaymentEntry/txt_confirmAccountNumber'

05-10-2024T01:18:28 - [MESSAGE][PASSED] - Object 'Object Repository/IWP30/Page_ACHPersonalPaymentEntry/rd_accountType' is present

05-10-2024T01:18:28 - [MESSAGE][PASSED] - Modify property of object successfully

05-10-2024T01:18:28 - [MESSAGE][PASSED] - Object: 'Object Repository/IWP30/Page_ACHPersonalPaymentEntry/rd_accountType' is clicked on

05-10-2024T01:18:29 - [MESSAGE][PASSED] - Text '365 Main Avenue' is set on object 'Object Repository/IWP30/Page_ACHPersonalPaymentEntry/txt_AL1'

05-10-2024T01:18:29 - [MESSAGE][PASSED] - Text 'Ohio' is set on object 'Object Repository/IWP30/Page_ACHPersonalPaymentEntry/txt_AL2'

05-10-2024T01:18:30 - [MESSAGE][PASSED] - Text '22201' is set on object 'Object Repository/IWP30/Page_ACHPersonalPaymentEntry/txt_ZIP'

05-10-2024T01:18:30 - [MESSAGE][PASSED] - Object 'Object Repository/IWP30/Page_ACHPersonalPaymentEntry/txt_Email' is present

05-10-2024T01:18:31 - [MESSAGE][PASSED] - Text 'iahmed@govolution.com' is set on object 'Object Repository/IWP30/Page_ACHPersonalPaymentEntry/txt_Email'

05-10-2024T01:18:32 - [MESSAGE][PASSED] - Object 'Object Repository/IWP30/Page_ACHPersonalPaymentEntry/cb_TermsAndCond' is present

05-10-2024T01:18:32 - [MESSAGE][PASSED] - Object: 'Object Repository/IWP30/Page_ACHPersonalPaymentEntry/cb_TermsAndCond' is clicked on

05-10-2024T01:18:32 - [MESSAGE][PASSED] - Object 'Object Repository/IWP30/Page_ACHPersonalPaymentEntry/btn_Continue' is present

05-10-2024T01:18:33 - [MESSAGE][PASSED] - Object: 'Object Repository/IWP30/Page_ACHPersonalPaymentEntry/btn_Continue' is clicked on

05-10-2024T01:18:33 - [MESSAGE][PASSED] - iwpPages.achPersonalPaymentEntryPage.setDataACHPPM is PASSED

05-10-2024T01:18:33 - [TEST_STEP][PASSED] - click(findTestObject("Object Repository/IWP30/Page_Confirmation/ConfirmButton")): Object: 'Object Repository/IWP30/Page_Confirmation/ConfirmButton' is clicked on

05-10-2024T01:18:35 - [MESSAGE][PASSED] - Object: 'Object Repository/IWP30/Page_Confirmation/ConfirmButton' is clicked on

05-10-2024T01:18:35 - [TEST_STEP][PASSED] - Thread.sleep(2000): null

05-10-2024T01:18:37 - [TEST_STEP][PASSED] - if (verifyTextPresent("AutoPay", false)): null

05-10-2024T01:18:37 - [MESSAGE][PASSED] - Text 'AutoPay' is present on page 

05-10-2024T01:18:37 - [TEST_STEP][PASSED] - openBrowser(testHarnessURL): Browser is opened with url: 'https://dev-algorithm.govolution.com/vrelaytest/QA/version_2_2/vrelaytest.html'

05-10-2024T01:18:37 - [MESSAGE][WARNING] - A browser is already opened. Closing browser and opening a new one

05-10-2024T01:18:38 - [MESSAGE][INFO] - Starting 'Edge Chromium' driver

05-10-2024T01:18:38 - [MESSAGE][INFO] - User set preference: ['acceptInsecureCerts', 'true']

05-10-2024T01:18:40 - [MESSAGE][INFO] - Action delay is set to 0 milliseconds

05-10-2024T01:18:43 - [MESSAGE][PASSED] - Browser is opened with url: 'https://dev-algorithm.govolution.com/vrelaytest/QA/version_2_2/vrelaytest.html'

05-10-2024T01:18:43 - [TEST_STEP][PASSED] - maximizeWindow(): Current window maximized

05-10-2024T01:18:43 - [MESSAGE][PASSED] - Current window maximized

05-10-2024T01:18:43 - [TEST_STEP][PASSED] - iwpPages.TestHarnessPage.setDataMethodEF(row, dataFile): iwpPages.TestHarnessPage.setDataMethodEF is PASSED

05-10-2024T01:18:43 - [MESSAGE][PASSED] - Object 'Object Repository/IWP30/Page_QATestHarness/RemittanceID' is present

05-10-2024T01:18:44 - [MESSAGE][PASSED] - Text '638' is set on object 'Object Repository/IWP30/Page_QATestHarness/ApplicationID'

05-10-2024T01:18:45 - [MESSAGE][PASSED] - Text '2.5' is set on object 'Object Repository/IWP30/Page_QATestHarness/MessageVersion'

05-10-2024T01:18:45 - [MESSAGE][PASSED] - Text 'fAmRpweOZZRA' is set on object 'Object Repository/IWP30/Page_QATestHarness/RemittanceID'

05-10-2024T01:18:48 - [MESSAGE][PASSED] - Object: 'Object Repository/IWP30/Page_QATestHarness/SubmitButton' is clicked on

05-10-2024T01:18:48 - [MESSAGE][PASSED] - iwpPages.TestHarnessPage.setDataMethodEF is PASSED

05-10-2024T01:18:48 - [TEST_STEP][PASSED] - click(findTestObject("Object Repository/IWP30/Page_ManagePlan_Autopay/btn_cancel")): Object: 'Object Repository/IWP30/Page_ManagePlan_Autopay/btn_cancel' is clicked on

05-10-2024T01:18:49 - [MESSAGE][PASSED] - Object: 'Object Repository/IWP30/Page_ManagePlan_Autopay/btn_cancel' is clicked on

05-10-2024T01:18:49 - [TEST_STEP][PASSED] - click(findTestObject("Object Repository/IWP30/Page_CancelPlan/btn_cancel")): Object: 'Object Repository/IWP30/Page_CancelPlan/btn_cancel' is clicked on

05-10-2024T01:18:50 - [MESSAGE][PASSED] - Object: 'Object Repository/IWP30/Page_CancelPlan/btn_cancel' is clicked on

05-10-2024T01:18:50 - [TEST_STEP][PASSED] - if (verifyTextPresent("Your payment plan has been cancelled successfully", false)): null

05-10-2024T01:18:51 - [MESSAGE][PASSED] - Text 'Your payment plan has been cancelled successfully' is present on page 

05-10-2024T01:18:51 - [TEST_STEP][PASSED] - isRequiredTextPresent = true: null

05-10-2024T01:18:51 - [TEST_STEP][PASSED] - println(isRequiredTextPresent): null

05-10-2024T01:18:51 - [TEST_STEP][PASSED] - if (isRequiredTextPresent): null

05-10-2024T01:18:51 - [TEST_STEP][PASSED] - if (verifyTextPresent("Payment Information:", false)): null

05-10-2024T01:18:51 - [MESSAGE][PASSED] - Text 'Payment Information:' is present on page 

05-10-2024T01:18:51 - [TEST_STEP][PASSED] - isRequiredTextPresent = true: null

05-10-2024T01:18:51 - [TEST_STEP][PASSED] - println(isRequiredTextPresent): null

05-10-2024T01:18:51 - [TEST_STEP][PASSED] - if (isRequiredTextPresent): null

05-10-2024T01:18:51 - [TEST_STEP][PASSED] - if (verifyTextPresent("CAN Label:", false)): null

05-10-2024T01:18:51 - [MESSAGE][PASSED] - Text 'CAN Label:' is present on page 

05-10-2024T01:18:51 - [TEST_STEP][PASSED] - isRequiredTextPresent = true: null

05-10-2024T01:18:51 - [TEST_STEP][PASSED] - println(isRequiredTextPresent): null

05-10-2024T01:18:51 - [TEST_STEP][PASSED] - if (isRequiredTextPresent): null

05-10-2024T01:18:51 - [TEST_STEP][PASSED] - if (verifyTextPresent("UDF2 Label:", false)): null

05-10-2024T01:18:52 - [MESSAGE][PASSED] - Text 'UDF2 Label:' is present on page 

05-10-2024T01:18:52 - [TEST_STEP][PASSED] - isRequiredTextPresent = true: null

05-10-2024T01:18:52 - [TEST_STEP][PASSED] - println(isRequiredTextPresent): null

05-10-2024T01:18:52 - [TEST_STEP][PASSED] - if (isRequiredTextPresent): null

05-10-2024T01:18:52 - [TEST_STEP][PASSED] - if (verifyTextPresent("UDF3 Label:", false)): null

05-10-2024T01:18:52 - [MESSAGE][PASSED] - Text 'UDF3 Label:' is present on page 

05-10-2024T01:18:52 - [TEST_STEP][PASSED] - isRequiredTextPresent = true: null

05-10-2024T01:18:52 - [TEST_STEP][PASSED] - println(isRequiredTextPresent): null

05-10-2024T01:18:52 - [TEST_STEP][PASSED] - if (isRequiredTextPresent): null

05-10-2024T01:18:52 - [TEST_STEP][PASSED] - if (verifyTextPresent("UDF4 Label:", false)): null

05-10-2024T01:18:52 - [MESSAGE][PASSED] - Text 'UDF4 Label:' is present on page 

05-10-2024T01:18:52 - [TEST_STEP][PASSED] - isRequiredTextPresent = true: null

05-10-2024T01:18:52 - [TEST_STEP][PASSED] - println(isRequiredTextPresent): null

05-10-2024T01:18:52 - [TEST_STEP][PASSED] - if (isRequiredTextPresent): null

05-10-2024T01:18:52 - [TEST_STEP][PASSED] - if (verifyTextPresent("UDF7 Label:", false)): null

05-10-2024T01:18:52 - [MESSAGE][PASSED] - Text 'UDF7 Label:' is present on page 

05-10-2024T01:18:52 - [TEST_STEP][PASSED] - isRequiredTextPresent = true: null

05-10-2024T01:18:52 - [TEST_STEP][PASSED] - println(isRequiredTextPresent): null

05-10-2024T01:18:52 - [TEST_STEP][PASSED] - if (isRequiredTextPresent): null

05-10-2024T01:18:52 - [TEST_STEP][PASSED] - if (verifyTextPresent("UDF8 Label:", false)): null

05-10-2024T01:18:53 - [MESSAGE][PASSED] - Text 'UDF8 Label:' is present on page 

05-10-2024T01:18:53 - [TEST_STEP][PASSED] - isRequiredTextPresent = true: null

05-10-2024T01:18:53 - [TEST_STEP][PASSED] - println(isRequiredTextPresent): null

05-10-2024T01:18:53 - [TEST_STEP][PASSED] - if (isRequiredTextPresent): null

05-10-2024T01:18:53 - [TEST_STEP][PASSED] - if (verifyTextPresent("UDF9 Label:", false)): null

05-10-2024T01:18:53 - [MESSAGE][PASSED] - Text 'UDF9 Label:' is present on page 

05-10-2024T01:18:53 - [TEST_STEP][PASSED] - isRequiredTextPresent = true: null

05-10-2024T01:18:53 - [TEST_STEP][PASSED] - println(isRequiredTextPresent): null

05-10-2024T01:18:53 - [TEST_STEP][PASSED] - if (isRequiredTextPresent): null

05-10-2024T01:18:53 - [TEST_STEP][PASSED] - if (verifyTextPresent("Account Information:", false)): null

05-10-2024T01:18:53 - [MESSAGE][PASSED] - Text 'Account Information:' is present on page 

05-10-2024T01:18:53 - [TEST_STEP][PASSED] - isRequiredTextPresent = true: null

05-10-2024T01:18:53 - [TEST_STEP][PASSED] - println(isRequiredTextPresent): null

05-10-2024T01:18:53 - [TEST_STEP][PASSED] - if (isRequiredTextPresent): null

05-10-2024T01:18:53 - [TEST_STEP][PASSED] - if (verifyTextPresent("First Name on Check:", false)): null

05-10-2024T01:18:54 - [MESSAGE][PASSED] - Text 'First Name on Check:' is present on page 

05-10-2024T01:18:54 - [TEST_STEP][PASSED] - isRequiredTextPresent = true: null

05-10-2024T01:18:54 - [TEST_STEP][PASSED] - println(isRequiredTextPresent): null

05-10-2024T01:18:54 - [TEST_STEP][PASSED] - if (isRequiredTextPresent): null

05-10-2024T01:18:54 - [TEST_STEP][PASSED] - if (verifyTextPresent("Last Name on Check:", false)): null

05-10-2024T01:18:54 - [MESSAGE][PASSED] - Text 'Last Name on Check:' is present on page 

05-10-2024T01:18:54 - [TEST_STEP][PASSED] - isRequiredTextPresent = true: null

05-10-2024T01:18:54 - [TEST_STEP][PASSED] - println(isRequiredTextPresent): null

05-10-2024T01:18:54 - [TEST_STEP][PASSED] - if (isRequiredTextPresent): null

05-10-2024T01:18:54 - [TEST_STEP][PASSED] - if (verifyTextPresent("Routing Transit Number:", false)): null

05-10-2024T01:18:54 - [MESSAGE][PASSED] - Text 'Routing Transit Number:' is present on page 

05-10-2024T01:18:54 - [TEST_STEP][PASSED] - isRequiredTextPresent = true: null

05-10-2024T01:18:54 - [TEST_STEP][PASSED] - println(isRequiredTextPresent): null

05-10-2024T01:18:54 - [TEST_STEP][PASSED] - if (isRequiredTextPresent): null

05-10-2024T01:18:54 - [TEST_STEP][PASSED] - if (verifyTextPresent("Account Number:", false)): null

05-10-2024T01:18:54 - [MESSAGE][PASSED] - Text 'Account Number:' is present on page 

05-10-2024T01:18:54 - [TEST_STEP][PASSED] - isRequiredTextPresent = true: null

05-10-2024T01:18:54 - [TEST_STEP][PASSED] - println(isRequiredTextPresent): null

05-10-2024T01:18:54 - [TEST_STEP][PASSED] - if (isRequiredTextPresent): null

05-10-2024T01:18:54 - [TEST_STEP][PASSED] - if (verifyTextPresent("Type of Account:", false)): null

05-10-2024T01:18:55 - [MESSAGE][PASSED] - Text 'Type of Account:' is present on page 

05-10-2024T01:18:55 - [TEST_STEP][PASSED] - isRequiredTextPresent = true: null

05-10-2024T01:18:55 - [TEST_STEP][PASSED] - println(isRequiredTextPresent): null

05-10-2024T01:18:55 - [TEST_STEP][PASSED] - if (isRequiredTextPresent): null

05-10-2024T01:18:55 - [TEST_STEP][PASSED] - if (verifyTextPresent("Address Line 1:", false)): null

05-10-2024T01:18:55 - [MESSAGE][PASSED] - Text 'Address Line 1:' is present on page 

05-10-2024T01:18:55 - [TEST_STEP][PASSED] - isRequiredTextPresent = true: null

05-10-2024T01:18:55 - [TEST_STEP][PASSED] - println(isRequiredTextPresent): null

05-10-2024T01:18:55 - [TEST_STEP][PASSED] - if (isRequiredTextPresent): null

05-10-2024T01:18:55 - [TEST_STEP][PASSED] - if (verifyTextPresent("Address Line 2:", false)): null

05-10-2024T01:18:55 - [MESSAGE][PASSED] - Text 'Address Line 2:' is present on page 

05-10-2024T01:18:55 - [TEST_STEP][PASSED] - isRequiredTextPresent = true: null

05-10-2024T01:18:55 - [TEST_STEP][PASSED] - println(isRequiredTextPresent): null

05-10-2024T01:18:55 - [TEST_STEP][PASSED] - if (isRequiredTextPresent): null

05-10-2024T01:18:55 - [TEST_STEP][PASSED] - if (verifyTextPresent("Country:", false)): null

05-10-2024T01:18:56 - [MESSAGE][PASSED] - Text 'Country:' is present on page 

05-10-2024T01:18:56 - [TEST_STEP][PASSED] - isRequiredTextPresent = true: null

05-10-2024T01:18:56 - [TEST_STEP][PASSED] - println(isRequiredTextPresent): null

05-10-2024T01:18:56 - [TEST_STEP][PASSED] - if (isRequiredTextPresent): null

05-10-2024T01:18:56 - [TEST_STEP][PASSED] - if (verifyTextPresent("City:", false)): null

05-10-2024T01:18:56 - [MESSAGE][PASSED] - Text 'City:' is present on page 

05-10-2024T01:18:56 - [TEST_STEP][PASSED] - isRequiredTextPresent = true: null

05-10-2024T01:18:56 - [TEST_STEP][PASSED] - println(isRequiredTextPresent): null

05-10-2024T01:18:56 - [TEST_STEP][PASSED] - if (isRequiredTextPresent): null

05-10-2024T01:18:56 - [TEST_STEP][PASSED] - if (verifyTextPresent("State:", false)): null

05-10-2024T01:18:56 - [MESSAGE][PASSED] - Text 'State:' is present on page 

05-10-2024T01:18:56 - [TEST_STEP][PASSED] - isRequiredTextPresent = true: null

05-10-2024T01:18:56 - [TEST_STEP][PASSED] - println(isRequiredTextPresent): null

05-10-2024T01:18:56 - [TEST_STEP][PASSED] - if (isRequiredTextPresent): null

05-10-2024T01:18:56 - [TEST_STEP][PASSED] - if (verifyTextPresent("ZIP Code:", false)): null

05-10-2024T01:18:56 - [MESSAGE][PASSED] - Text 'ZIP Code:' is present on page 

05-10-2024T01:18:56 - [TEST_STEP][PASSED] - isRequiredTextPresent = true: null

05-10-2024T01:18:56 - [TEST_STEP][PASSED] - println(isRequiredTextPresent): null

05-10-2024T01:18:56 - [TEST_STEP][PASSED] - if (isRequiredTextPresent): null

05-10-2024T01:18:56 - [TEST_STEP][PASSED] - if (verifyTextPresent("Payment Plan Information:", false)): null

05-10-2024T01:18:57 - [MESSAGE][PASSED] - Text 'Payment Plan Information:' is present on page 

05-10-2024T01:18:57 - [TEST_STEP][PASSED] - isRequiredTextPresent = true: null

05-10-2024T01:18:57 - [TEST_STEP][PASSED] - println(isRequiredTextPresent): null

05-10-2024T01:18:57 - [TEST_STEP][PASSED] - if (isRequiredTextPresent): null

05-10-2024T01:18:57 - [TEST_STEP][PASSED] - if (verifyTextPresent("Payment Plan Type:", false)): null

05-10-2024T01:18:57 - [MESSAGE][PASSED] - Text 'Payment Plan Type:' is present on page 

05-10-2024T01:18:57 - [TEST_STEP][PASSED] - isRequiredTextPresent = true: null

05-10-2024T01:18:57 - [TEST_STEP][PASSED] - println(isRequiredTextPresent): null

05-10-2024T01:18:57 - [TEST_STEP][PASSED] - if (isRequiredTextPresent): null

05-10-2024T01:18:57 - [TEST_STEP][PASSED] - if (verifyTextPresent("Payment Plan ID:", false)): null

05-10-2024T01:18:57 - [MESSAGE][PASSED] - Text 'Payment Plan ID:' is present on page 

05-10-2024T01:18:57 - [TEST_STEP][PASSED] - isRequiredTextPresent = true: null

05-10-2024T01:18:57 - [TEST_STEP][PASSED] - println(isRequiredTextPresent): null

05-10-2024T01:18:57 - [TEST_STEP][PASSED] - if (isRequiredTextPresent): null

05-10-2024T01:18:57 - [TEST_STEP][PASSED] - if (verifyTextPresent("Payment Plan Start Date:", false)): null

05-10-2024T01:18:58 - [MESSAGE][PASSED] - Text 'Payment Plan Start Date:' is present on page 

05-10-2024T01:18:58 - [TEST_STEP][PASSED] - isRequiredTextPresent = true: null

05-10-2024T01:18:58 - [TEST_STEP][PASSED] - println(isRequiredTextPresent): null

05-10-2024T01:18:58 - [TEST_STEP][PASSED] - if (isRequiredTextPresent): null

05-10-2024T01:18:58 - [TEST_STEP][PASSED] - if (verifyTextPresent("Payment Plan End Date:", false)): null

05-10-2024T01:18:58 - [MESSAGE][PASSED] - Text 'Payment Plan End Date:' is present on page 

05-10-2024T01:18:58 - [TEST_STEP][PASSED] - isRequiredTextPresent = true: null

05-10-2024T01:18:58 - [TEST_STEP][PASSED] - println(isRequiredTextPresent): null

05-10-2024T01:18:58 - [TEST_STEP][PASSED] - if (isRequiredTextPresent == true): pages.WriteExcel.demoKey is PASSED

05-10-2024T01:18:58 - [TEST_STEP][PASSED] - println("All the relevant texts are present on Receipt Page"): null

05-10-2024T01:18:58 - [TEST_STEP][PASSED] - markPassed("All the relevant texts are present on Receipt Page"): All the relevant texts are present on Receipt Page

05-10-2024T01:18:58 - [MESSAGE][PASSED] - All the relevant texts are present on Receipt Page

05-10-2024T01:18:58 - [TEST_STEP][PASSED] - resText = "Pass": null

05-10-2024T01:18:58 - [TEST_STEP][PASSED] - pages.WriteExcel.demoKey(resText, datText, resColumn, datCloumn, fileLoc, nameSheet, row): pages.WriteExcel.demoKey is PASSED

05-10-2024T01:18:58 - [MESSAGE][PASSED] - pages.WriteExcel.demoKey is PASSED

05-10-2024T01:18:58 - [TEST_STEP][PASSED] - closeBrowser(): Browser is closed

05-10-2024T01:18:58 - [MESSAGE][PASSED] - Browser is closed]]></system-out>
         <system-err><![CDATA[]]></system-err>
      </testcase>
      <testcase name="Test Cases/IntegratedWeb/IWP25/Payments/VerifyCancelReceiptLabelsDeferredCC" time="79.257" classname="Test Cases/IntegratedWeb/IWP25/Payments/VerifyCancelReceiptLabelsDeferredCC" status="PASSED">
         <system-out><![CDATA[05-10-2024T01:18:58 - [TEST_CASE][PASSED] - Test Cases/IntegratedWeb/IWP25/Payments/VerifyCancelReceiptLabelsDeferredCC: Test Cases/IntegratedWeb/IWP25/Payments/VerifyCancelReceiptLabelsDeferredCC

05-10-2024T01:18:58 - [TEST_STEP][PASSED] - resText = "Fail": null

05-10-2024T01:18:58 - [TEST_STEP][PASSED] - resColumn = "Result": null

05-10-2024T01:18:58 - [TEST_STEP][PASSED] - datCloumn = "Date": null

05-10-2024T01:18:58 - [TEST_STEP][PASSED] - fileLoc = "KatalonData/IWPTestData/VRelay25PaymentsExtension.xlsx": null

05-10-2024T01:18:58 - [TEST_STEP][PASSED] - numOfRows = <not implemented yet for class: org.codehaus.groovy.ast.expr.EmptyExpression>: null

05-10-2024T01:18:58 - [TEST_STEP][PASSED] - dataFile = <not implemented yet for class: org.codehaus.groovy.ast.expr.EmptyExpression>: null

05-10-2024T01:18:58 - [TEST_STEP][PASSED] - nameSheet = <not implemented yet for class: org.codehaus.groovy.ast.expr.EmptyExpression>: null

05-10-2024T01:18:58 - [TEST_STEP][PASSED] - dataFileEmulator = <not implemented yet for class: org.codehaus.groovy.ast.expr.EmptyExpression>: null

05-10-2024T01:18:58 - [TEST_STEP][PASSED] - isRequiredTextPresent = false: null

05-10-2024T01:18:58 - [TEST_STEP][PASSED] - nameSheet = "VerifyCancelLabelDeferredCredit": null

05-10-2024T01:18:58 - [TEST_STEP][PASSED] - dataFile = getExcelDataWithDefaultSheet("KatalonData/IWPTestData/VRelay25PaymentsExtension.xlsx", nameSheet, true): null

05-10-2024T01:18:58 - [TEST_STEP][PASSED] - dataFileEmulator = "IWPTestData/EmulatorData": null

05-10-2024T01:18:59 - [TEST_STEP][PASSED] - numOfRows = dataFile.getRowNumbers(): null

05-10-2024T01:18:59 - [TEST_STEP][PASSED] - println("Number of Records: " + numOfRows): null

05-10-2024T01:18:59 - [TEST_STEP][PASSED] - for ([row = 1, row <= numOfRows, (row++)]): Browser is closed

05-10-2024T01:18:59 - [TEST_STEP][PASSED] - ExecuteTC = dataFile.getValue("Execute", row): null

05-10-2024T01:18:59 - [TEST_STEP][PASSED] - out.println("Value of Execute is : " + ExecuteTC): null

05-10-2024T01:18:59 - [TEST_STEP][PASSED] - if (ExecuteTC.equalsIgnoreCase("Y")): null

05-10-2024T01:18:59 - [TEST_STEP][PASSED] - out.println("Begin Record Number: " + row): null

05-10-2024T01:18:59 - [TEST_STEP][PASSED] - today = new java.util.Date(): null

05-10-2024T01:18:59 - [TEST_STEP][PASSED] - println(today): null

05-10-2024T01:18:59 - [TEST_STEP][PASSED] - datText = today: null

05-10-2024T01:18:59 - [TEST_STEP][PASSED] - EmulatorDataKey = dataFile.getValue("EmulatorData", row): null

05-10-2024T01:18:59 - [TEST_STEP][PASSED] - out.println("Value of Emulator Key is : " + EmulatorDataKey): null

05-10-2024T01:18:59 - [TEST_STEP][PASSED] - iwpPages.emulatorIWP30.setDataEmulator_DD(EmulatorDataKey): iwpPages.emulatorIWP30.setDataEmulator_DD is PASSED

05-10-2024T01:18:59 - [MESSAGE][INFO] - Starting 'Edge Chromium' driver

05-10-2024T01:18:59 - [MESSAGE][INFO] - User set preference: ['acceptInsecureCerts', 'true']

05-10-2024T01:19:01 - [MESSAGE][INFO] - Action delay is set to 0 milliseconds

05-10-2024T01:19:04 - [MESSAGE][PASSED] - Browser is opened with url: 'https://qa.velocitypayment.com/agency/config.do?action=editor&message_version=2_5'

05-10-2024T01:19:04 - [MESSAGE][PASSED] - Current window maximized

05-10-2024T01:19:05 - [MESSAGE][PASSED] - All options with value '2.5' are selected in object 'Object Repository/IWP30/Page_VRelay30Emulator/MV'  using regular expression

05-10-2024T01:19:06 - [MESSAGE][PASSED] - Text '10.50' is set on object 'Object Repository/IWP30/Page_VRelay30Emulator/Amount'

05-10-2024T01:19:07 - [MESSAGE][PASSED] - Text 'B5YdYr5ZU6UA' is set on object 'Object Repository/IWP30/Page_VRelay30Emulator/CAN'

05-10-2024T01:19:07 - [MESSAGE][PASSED] - Text 'PayNow' is set on object 'Object Repository/IWP30/Page_VRelay30Emulator/Action'

05-10-2024T01:19:08 - [MESSAGE][PASSED] - Text 'en_US' is set on object 'Object Repository/IWP30/Page_VRelay30Emulator/Lang'

05-10-2024T01:19:08 - [MESSAGE][PASSED] - Text '' is set on object 'Object Repository/IWP30/Page_VRelay30Emulator/Fname'

05-10-2024T01:19:09 - [MESSAGE][PASSED] - Text '' is set on object 'Object Repository/IWP30/Page_VRelay30Emulator/Lname'

05-10-2024T01:19:09 - [MESSAGE][PASSED] - Text '' is set on object 'Object Repository/IWP30/Page_VRelay30Emulator/AL1'

05-10-2024T01:19:10 - [MESSAGE][PASSED] - Text '' is set on object 'Object Repository/IWP30/Page_VRelay30Emulator/AL2'

05-10-2024T01:19:11 - [MESSAGE][PASSED] - Text '' is set on object 'Object Repository/IWP30/Page_VRelay30Emulator/Country'

05-10-2024T01:19:11 - [MESSAGE][PASSED] - Text '' is set on object 'Object Repository/IWP30/Page_VRelay30Emulator/City'

05-10-2024T01:19:12 - [MESSAGE][PASSED] - Text '' is set on object 'Object Repository/IWP30/Page_VRelay30Emulator/State'

05-10-2024T01:19:12 - [MESSAGE][PASSED] - Text '' is set on object 'Object Repository/IWP30/Page_VRelay30Emulator/ZIP'

05-10-2024T01:19:13 - [MESSAGE][PASSED] - Text '' is set on object 'Object Repository/IWP30/Page_VRelay30Emulator/Order'

05-10-2024T01:19:13 - [MESSAGE][PASSED] - Text '' is set on object 'Object Repository/IWP30/Page_VRelay30Emulator/Company'

05-10-2024T01:19:14 - [MESSAGE][PASSED] - Text '' is set on object 'Object Repository/IWP30/Page_VRelay30Emulator/Email'

05-10-2024T01:19:15 - [MESSAGE][PASSED] - Text '' is set on object 'Object Repository/IWP30/Page_VRelay30Emulator/UDF1'

05-10-2024T01:19:15 - [MESSAGE][PASSED] - Text '' is set on object 'Object Repository/IWP30/Page_VRelay30Emulator/UDF2'

05-10-2024T01:19:16 - [MESSAGE][PASSED] - Text '' is set on object 'Object Repository/IWP30/Page_VRelay30Emulator/UDF3'

05-10-2024T01:19:16 - [MESSAGE][PASSED] - Text 'udf data 4' is set on object 'Object Repository/IWP30/Page_VRelay30Emulator/UDF4'

05-10-2024T01:19:17 - [MESSAGE][PASSED] - Text 'udf data 5' is set on object 'Object Repository/IWP30/Page_VRelay30Emulator/UDF5'

05-10-2024T01:19:17 - [MESSAGE][PASSED] - Text '' is set on object 'Object Repository/IWP30/Page_VRelay30Emulator/UDF6'

05-10-2024T01:19:18 - [MESSAGE][PASSED] - Text '' is set on object 'Object Repository/IWP30/Page_VRelay30Emulator/UDF7'

05-10-2024T01:19:19 - [MESSAGE][PASSED] - Text '' is set on object 'Object Repository/IWP30/Page_VRelay30Emulator/UDF8'

05-10-2024T01:19:19 - [MESSAGE][PASSED] - Text 'udf data 9' is set on object 'Object Repository/IWP30/Page_VRelay30Emulator/UDF9'

05-10-2024T01:19:20 - [MESSAGE][PASSED] - Text 'udf data 10' is set on object 'Object Repository/IWP30/Page_VRelay30Emulator/UDF10'

05-10-2024T01:19:21 - [MESSAGE][PASSED] - Object: 'Object Repository/IWP30/Page_VRelay30Emulator/Submit' is clicked on

05-10-2024T01:19:25 - [MESSAGE][PASSED] - Browser is closed

05-10-2024T01:19:29 - [MESSAGE][PASSED] - iwpPages.emulatorIWP30.setDataEmulator_DD is PASSED

05-10-2024T01:19:29 - [TEST_STEP][PASSED] - testHarnessURL = urlTestHarness: null

05-10-2024T01:19:29 - [TEST_STEP][PASSED] - openBrowser(testHarnessURL): Browser is opened with url: 'https://dev-algorithm.govolution.com/vrelaytest/QA/version_2_2/vrelaytest.html'

05-10-2024T01:19:29 - [MESSAGE][INFO] - Starting 'Edge Chromium' driver

05-10-2024T01:19:29 - [MESSAGE][INFO] - User set preference: ['acceptInsecureCerts', 'true']

05-10-2024T01:19:31 - [MESSAGE][INFO] - Action delay is set to 0 milliseconds

05-10-2024T01:19:35 - [MESSAGE][PASSED] - Browser is opened with url: 'https://dev-algorithm.govolution.com/vrelaytest/QA/version_2_2/vrelaytest.html'

05-10-2024T01:19:35 - [TEST_STEP][PASSED] - maximizeWindow(): Current window maximized

05-10-2024T01:19:35 - [MESSAGE][PASSED] - Current window maximized

05-10-2024T01:19:35 - [TEST_STEP][PASSED] - iwpPages.TestHarnessPage.setDataMethodEF(row, dataFile): iwpPages.TestHarnessPage.setDataMethodEF is PASSED

05-10-2024T01:19:35 - [MESSAGE][PASSED] - Object 'Object Repository/IWP30/Page_QATestHarness/RemittanceID' is present

05-10-2024T01:19:36 - [MESSAGE][PASSED] - Text '638' is set on object 'Object Repository/IWP30/Page_QATestHarness/ApplicationID'

05-10-2024T01:19:36 - [MESSAGE][PASSED] - Text '2.5' is set on object 'Object Repository/IWP30/Page_QATestHarness/MessageVersion'

05-10-2024T01:19:37 - [MESSAGE][PASSED] - Text '8l49uK8jcYfJ' is set on object 'Object Repository/IWP30/Page_QATestHarness/RemittanceID'

05-10-2024T01:19:40 - [MESSAGE][PASSED] - Object: 'Object Repository/IWP30/Page_QATestHarness/SubmitButton' is clicked on

05-10-2024T01:19:40 - [MESSAGE][PASSED] - iwpPages.TestHarnessPage.setDataMethodEF is PASSED

05-10-2024T01:19:40 - [TEST_STEP][PASSED] - click(findTestObject("Object Repository/IWP30/Page_SelectPaymentMethod/PayByCreditCard")): Object: 'Object Repository/IWP30/Page_SelectPaymentMethod/PayByCreditCard' is clicked on

05-10-2024T01:19:40 - [MESSAGE][PASSED] - Object: 'Object Repository/IWP30/Page_SelectPaymentMethod/PayByCreditCard' is clicked on

05-10-2024T01:19:40 - [TEST_STEP][PASSED] - click(findTestObject("Object Repository/IWP30/Page_SelectPaymentMethod/MakePaymentButton")): Object: 'Object Repository/IWP30/Page_SelectPaymentMethod/MakePaymentButton' is clicked on

05-10-2024T01:19:42 - [MESSAGE][PASSED] - Object: 'Object Repository/IWP30/Page_SelectPaymentMethod/MakePaymentButton' is clicked on

05-10-2024T01:19:42 - [TEST_STEP][PASSED] - iwpPages.ccPaymentEntryPage.setDataCCPM(row, dataFile): iwpPages.ccPaymentEntryPage.setDataCCPM is PASSED

05-10-2024T01:19:42 - [MESSAGE][PASSED] - Object 'Object Repository/IWP30/Page_CCPaymentEntry/Name' is present

05-10-2024T01:19:43 - [MESSAGE][PASSED] - Text '10.50' is set on object 'Object Repository/IWP30/Page_CCPaymentEntry/Amount'

05-10-2024T01:19:44 - [MESSAGE][PASSED] - Text 'udf data 2' is set on object 'Object Repository/IWP30/Page_CCPaymentEntry/UserDefined2'

05-10-2024T01:19:44 - [MESSAGE][PASSED] - Text 'udf data 3' is set on object 'Object Repository/IWP30/Page_CCPaymentEntry/UserDefined3'

05-10-2024T01:19:45 - [MESSAGE][PASSED] - All options with label 'Orange' are selected in object 'Object Repository/IWP30/Page_CCPaymentEntry/UserDefined7' 

05-10-2024T01:19:45 - [MESSAGE][PASSED] - All options with label 'Soccer' are selected in object 'Object Repository/IWP30/Page_CCPaymentEntry/UserDefined8' 

05-10-2024T01:19:45 - [MESSAGE][PASSED] - Object 'Object Repository/IWP30/Page_CCPaymentEntry/Name' is present

05-10-2024T01:19:46 - [MESSAGE][PASSED] - Text 'Kavita Ranawati' is set on object 'Object Repository/IWP30/Page_CCPaymentEntry/Name'

05-10-2024T01:19:46 - [MESSAGE][PASSED] - Object 'Object Repository/IWP30/Page_CCPaymentEntry/CardNumber' is present

05-10-2024T01:19:47 - [MESSAGE][PASSED] - Text '4111111111111111' is set on object 'Object Repository/IWP30/Page_CCPaymentEntry/CardNumber'

05-10-2024T01:19:47 - [MESSAGE][PASSED] - Text '123' is set on object 'Object Repository/IWP30/Page_CCPaymentEntry/SPC'

05-10-2024T01:19:49 - [MESSAGE][PASSED] - Object 'Object Repository/IWP30/Page_CCPaymentEntry/Month' is present

05-10-2024T01:19:49 - [MESSAGE][PASSED] - All options with label '01' are selected in object 'Object Repository/IWP30/Page_CCPaymentEntry/Month' 

05-10-2024T01:19:49 - [MESSAGE][PASSED] - Object 'Object Repository/IWP30/Page_CCPaymentEntry/Year' is present

05-10-2024T01:19:50 - [MESSAGE][PASSED] - All options with label '2028' are selected in object 'Object Repository/IWP30/Page_CCPaymentEntry/Year' 

05-10-2024T01:19:50 - [MESSAGE][PASSED] - Execute JavaScript '
				   document.getElementById('processDate').value = '08/09/2025'
				  ' successfully

05-10-2024T01:19:51 - [MESSAGE][PASSED] - Text '365 Main Avenue' is set on object 'Object Repository/IWP30/Page_CCPaymentEntry/AL1'

05-10-2024T01:19:51 - [MESSAGE][PASSED] - Text 'Ohio' is set on object 'Object Repository/IWP30/Page_CCPaymentEntry/AL2'

05-10-2024T01:19:52 - [MESSAGE][PASSED] - Text '22201' is set on object 'Object Repository/IWP30/Page_CCPaymentEntry/ZIP'

05-10-2024T01:19:52 - [MESSAGE][PASSED] - Object 'Object Repository/IWP30/Page_CCPaymentEntry/EmailAddress' is present

05-10-2024T01:19:53 - [MESSAGE][PASSED] - Text 'iahmed@govolution.com' is set on object 'Object Repository/IWP30/Page_CCPaymentEntry/EmailAddress'

05-10-2024T01:19:53 - [MESSAGE][PASSED] - Object 'Object Repository/IWP30/Page_CCPaymentEntry/TermCondCheckBox' is present

05-10-2024T01:19:54 - [MESSAGE][PASSED] - Object 'Object Repository/IWP30/Page_CCPaymentEntry/TermCondCheckBox' is checked

05-10-2024T01:19:54 - [MESSAGE][PASSED] - Object 'Object Repository/IWP30/Page_CCPaymentEntry/ContinueButton' is present

05-10-2024T01:19:55 - [MESSAGE][PASSED] - Object: 'Object Repository/IWP30/Page_CCPaymentEntry/ContinueButton' is clicked on

05-10-2024T01:19:55 - [MESSAGE][PASSED] - iwpPages.ccPaymentEntryPage.setDataCCPM is PASSED

05-10-2024T01:19:55 - [TEST_STEP][PASSED] - click(findTestObject("Object Repository/IWP30/Page_Confirmation/ConfirmButton")): Object: 'Object Repository/IWP30/Page_Confirmation/ConfirmButton' is clicked on

05-10-2024T01:19:57 - [MESSAGE][PASSED] - Object: 'Object Repository/IWP30/Page_Confirmation/ConfirmButton' is clicked on

05-10-2024T01:19:57 - [TEST_STEP][PASSED] - Thread.sleep(2000): null

05-10-2024T01:19:59 - [TEST_STEP][PASSED] - if (verifyTextPresent("Deferred", false)): null

05-10-2024T01:20:00 - [MESSAGE][PASSED] - Text 'Deferred' is present on page 

05-10-2024T01:20:00 - [TEST_STEP][PASSED] - click(findTestObject("Object Repository/IWP30/Page_Receipt/ViewScheduledPaymentsButton")): Object: 'Object Repository/IWP30/Page_Receipt/ViewScheduledPaymentsButton' is clicked on

05-10-2024T01:20:00 - [MESSAGE][PASSED] - Object: 'Object Repository/IWP30/Page_Receipt/ViewScheduledPaymentsButton' is clicked on

05-10-2024T01:20:00 - [TEST_STEP][PASSED] - switchToWindowTitle("View Scheduled Payments"): Switched to window with title: 'View Scheduled Payments'

05-10-2024T01:20:00 - [MESSAGE][PASSED] - Switched to window with title: 'View Scheduled Payments'

05-10-2024T01:20:00 - [TEST_STEP][PASSED] - Thread.sleep(5000): null

05-10-2024T01:20:05 - [TEST_STEP][PASSED] - if (verifyTextPresent("View Scheduled Payments", false)): null

05-10-2024T01:20:05 - [MESSAGE][PASSED] - Text 'View Scheduled Payments' is present on page 

05-10-2024T01:20:05 - [TEST_STEP][PASSED] - click(findTestObject("Object Repository/IWP30/Page_ScheduledPayments/cancel_payment")): Object: 'Object Repository/IWP30/Page_ScheduledPayments/cancel_payment' is clicked on

05-10-2024T01:20:07 - [MESSAGE][PASSED] - Object: 'Object Repository/IWP30/Page_ScheduledPayments/cancel_payment' is clicked on

05-10-2024T01:20:07 - [TEST_STEP][PASSED] - if (verifyTextPresent("Cancel Payment Plan", false)): null

05-10-2024T01:20:08 - [MESSAGE][PASSED] - Text 'Cancel Payment Plan' is present on page 

05-10-2024T01:20:08 - [TEST_STEP][PASSED] - click(findTestObject("Object Repository/IWP30/Page_PaymentPlan/btn_cancel")): Object: 'Object Repository/IWP30/Page_PaymentPlan/btn_cancel' is clicked on

05-10-2024T01:20:08 - [MESSAGE][PASSED] - Object: 'Object Repository/IWP30/Page_PaymentPlan/btn_cancel' is clicked on

05-10-2024T01:20:08 - [TEST_STEP][PASSED] - acceptAlert(): Alert accepted

05-10-2024T01:20:08 - [MESSAGE][PASSED] - Alert accepted

05-10-2024T01:20:08 - [TEST_STEP][PASSED] - if (verifyTextPresent("Your payment plan has been successfully canceled", false)): null

05-10-2024T01:20:09 - [MESSAGE][PASSED] - Text 'Your payment plan has been successfully canceled' is present on page 

05-10-2024T01:20:09 - [TEST_STEP][PASSED] - isRequiredTextPresent = true: null

05-10-2024T01:20:09 - [TEST_STEP][PASSED] - println(isRequiredTextPresent): null

05-10-2024T01:20:09 - [TEST_STEP][PASSED] - if (isRequiredTextPresent): null

05-10-2024T01:20:09 - [TEST_STEP][PASSED] - if (verifyTextPresent("CAN Label:", false)): null

05-10-2024T01:20:09 - [MESSAGE][PASSED] - Text 'CAN Label:' is present on page 

05-10-2024T01:20:09 - [TEST_STEP][PASSED] - isRequiredTextPresent = true: null

05-10-2024T01:20:09 - [TEST_STEP][PASSED] - println(isRequiredTextPresent): null

05-10-2024T01:20:09 - [TEST_STEP][PASSED] - if (isRequiredTextPresent): null

05-10-2024T01:20:09 - [TEST_STEP][PASSED] - if (verifyTextPresent("Please verify the following information:", false)): null

05-10-2024T01:20:10 - [MESSAGE][PASSED] - Text 'Please verify the following information:' is present on page 

05-10-2024T01:20:10 - [TEST_STEP][PASSED] - isRequiredTextPresent = true: null

05-10-2024T01:20:10 - [TEST_STEP][PASSED] - println(isRequiredTextPresent): null

05-10-2024T01:20:10 - [TEST_STEP][PASSED] - if (isRequiredTextPresent): null

05-10-2024T01:20:10 - [TEST_STEP][PASSED] - if (verifyTextPresent("Payment Information:", false)): null

05-10-2024T01:20:10 - [MESSAGE][PASSED] - Text 'Payment Information:' is present on page 

05-10-2024T01:20:10 - [TEST_STEP][PASSED] - isRequiredTextPresent = true: null

05-10-2024T01:20:10 - [TEST_STEP][PASSED] - println(isRequiredTextPresent): null

05-10-2024T01:20:10 - [TEST_STEP][PASSED] - if (isRequiredTextPresent): null

05-10-2024T01:20:10 - [TEST_STEP][PASSED] - if (verifyTextPresent("UDF2 Label:", false)): null

05-10-2024T01:20:10 - [MESSAGE][PASSED] - Text 'UDF2 Label:' is present on page 

05-10-2024T01:20:10 - [TEST_STEP][PASSED] - isRequiredTextPresent = true: null

05-10-2024T01:20:10 - [TEST_STEP][PASSED] - println(isRequiredTextPresent): null

05-10-2024T01:20:10 - [TEST_STEP][PASSED] - if (isRequiredTextPresent): null

05-10-2024T01:20:10 - [TEST_STEP][PASSED] - if (verifyTextPresent("UDF3 Label:", false)): null

05-10-2024T01:20:11 - [MESSAGE][PASSED] - Text 'UDF3 Label:' is present on page 

05-10-2024T01:20:11 - [TEST_STEP][PASSED] - isRequiredTextPresent = true: null

05-10-2024T01:20:11 - [TEST_STEP][PASSED] - println(isRequiredTextPresent): null

05-10-2024T01:20:11 - [TEST_STEP][PASSED] - if (isRequiredTextPresent): null

05-10-2024T01:20:11 - [TEST_STEP][PASSED] - if (verifyTextPresent("UDF4 Label:", false)): null

05-10-2024T01:20:11 - [MESSAGE][PASSED] - Text 'UDF4 Label:' is present on page 

05-10-2024T01:20:11 - [TEST_STEP][PASSED] - isRequiredTextPresent = true: null

05-10-2024T01:20:11 - [TEST_STEP][PASSED] - println(isRequiredTextPresent): null

05-10-2024T01:20:11 - [TEST_STEP][PASSED] - if (isRequiredTextPresent): null

05-10-2024T01:20:11 - [TEST_STEP][PASSED] - if (verifyTextPresent("UDF7 Label:", false)): null

05-10-2024T01:20:11 - [MESSAGE][PASSED] - Text 'UDF7 Label:' is present on page 

05-10-2024T01:20:11 - [TEST_STEP][PASSED] - isRequiredTextPresent = true: null

05-10-2024T01:20:11 - [TEST_STEP][PASSED] - println(isRequiredTextPresent): null

05-10-2024T01:20:11 - [TEST_STEP][PASSED] - if (isRequiredTextPresent): null

05-10-2024T01:20:11 - [TEST_STEP][PASSED] - if (verifyTextPresent("UDF8 Label:", false)): null

05-10-2024T01:20:11 - [MESSAGE][PASSED] - Text 'UDF8 Label:' is present on page 

05-10-2024T01:20:11 - [TEST_STEP][PASSED] - isRequiredTextPresent = true: null

05-10-2024T01:20:11 - [TEST_STEP][PASSED] - println(isRequiredTextPresent): null

05-10-2024T01:20:11 - [TEST_STEP][PASSED] - if (isRequiredTextPresent): null

05-10-2024T01:20:11 - [TEST_STEP][PASSED] - if (verifyTextPresent("UDF9 Label:", false)): null

05-10-2024T01:20:12 - [MESSAGE][PASSED] - Text 'UDF9 Label:' is present on page 

05-10-2024T01:20:12 - [TEST_STEP][PASSED] - isRequiredTextPresent = true: null

05-10-2024T01:20:12 - [TEST_STEP][PASSED] - println(isRequiredTextPresent): null

05-10-2024T01:20:12 - [TEST_STEP][PASSED] - if (isRequiredTextPresent): null

05-10-2024T01:20:12 - [TEST_STEP][PASSED] - if (verifyTextPresent("Card Information", false)): null

05-10-2024T01:20:12 - [MESSAGE][PASSED] - Text 'Card Information' is present on page 

05-10-2024T01:20:12 - [TEST_STEP][PASSED] - isRequiredTextPresent = true: null

05-10-2024T01:20:12 - [TEST_STEP][PASSED] - println(isRequiredTextPresent): null

05-10-2024T01:20:12 - [TEST_STEP][PASSED] - if (isRequiredTextPresent): null

05-10-2024T01:20:12 - [TEST_STEP][PASSED] - if (verifyTextPresent("Cardholder's Name:", false)): null

05-10-2024T01:20:12 - [MESSAGE][PASSED] - Text 'Cardholder's Name:' is present on page 

05-10-2024T01:20:12 - [TEST_STEP][PASSED] - isRequiredTextPresent = true: null

05-10-2024T01:20:12 - [TEST_STEP][PASSED] - println(isRequiredTextPresent): null

05-10-2024T01:20:12 - [TEST_STEP][PASSED] - if (isRequiredTextPresent): null

05-10-2024T01:20:12 - [TEST_STEP][PASSED] - if (verifyTextPresent("Card Type:", false)): null

05-10-2024T01:20:13 - [MESSAGE][PASSED] - Text 'Card Type:' is present on page 

05-10-2024T01:20:13 - [TEST_STEP][PASSED] - isRequiredTextPresent = true: null

05-10-2024T01:20:13 - [TEST_STEP][PASSED] - println(isRequiredTextPresent): null

05-10-2024T01:20:13 - [TEST_STEP][PASSED] - if (isRequiredTextPresent): null

05-10-2024T01:20:13 - [TEST_STEP][PASSED] - if (verifyTextPresent("Card Number:", false)): null

05-10-2024T01:20:13 - [MESSAGE][PASSED] - Text 'Card Number:' is present on page 

05-10-2024T01:20:13 - [TEST_STEP][PASSED] - isRequiredTextPresent = true: null

05-10-2024T01:20:13 - [TEST_STEP][PASSED] - println(isRequiredTextPresent): null

05-10-2024T01:20:13 - [TEST_STEP][PASSED] - if (isRequiredTextPresent): null

05-10-2024T01:20:13 - [TEST_STEP][PASSED] - if (verifyTextPresent("Card Security Code:", false)): null

05-10-2024T01:20:13 - [MESSAGE][PASSED] - Text 'Card Security Code:' is present on page 

05-10-2024T01:20:13 - [TEST_STEP][PASSED] - isRequiredTextPresent = true: null

05-10-2024T01:20:13 - [TEST_STEP][PASSED] - println(isRequiredTextPresent): null

05-10-2024T01:20:13 - [TEST_STEP][PASSED] - if (isRequiredTextPresent): null

05-10-2024T01:20:13 - [TEST_STEP][PASSED] - if (verifyTextPresent("Expiration Date:", false)): null

05-10-2024T01:20:13 - [MESSAGE][PASSED] - Text 'Expiration Date:' is present on page 

05-10-2024T01:20:13 - [TEST_STEP][PASSED] - isRequiredTextPresent = true: null

05-10-2024T01:20:13 - [TEST_STEP][PASSED] - println(isRequiredTextPresent): null

05-10-2024T01:20:13 - [TEST_STEP][PASSED] - if (isRequiredTextPresent): null

05-10-2024T01:20:13 - [TEST_STEP][PASSED] - if (verifyTextPresent("Billing Information:", false)): null

05-10-2024T01:20:14 - [MESSAGE][PASSED] - Text 'Billing Information:' is present on page 

05-10-2024T01:20:14 - [TEST_STEP][PASSED] - isRequiredTextPresent = true: null

05-10-2024T01:20:14 - [TEST_STEP][PASSED] - println(isRequiredTextPresent): null

05-10-2024T01:20:14 - [TEST_STEP][PASSED] - if (isRequiredTextPresent): null

05-10-2024T01:20:14 - [TEST_STEP][PASSED] - if (verifyTextPresent("Address Line 1:", false)): null

05-10-2024T01:20:14 - [MESSAGE][PASSED] - Text 'Address Line 1:' is present on page 

05-10-2024T01:20:14 - [TEST_STEP][PASSED] - isRequiredTextPresent = true: null

05-10-2024T01:20:14 - [TEST_STEP][PASSED] - println(isRequiredTextPresent): null

05-10-2024T01:20:14 - [TEST_STEP][PASSED] - if (isRequiredTextPresent): null

05-10-2024T01:20:14 - [TEST_STEP][PASSED] - if (verifyTextPresent("Address Line 2:", false)): null

05-10-2024T01:20:14 - [MESSAGE][PASSED] - Text 'Address Line 2:' is present on page 

05-10-2024T01:20:14 - [TEST_STEP][PASSED] - isRequiredTextPresent = true: null

05-10-2024T01:20:14 - [TEST_STEP][PASSED] - println(isRequiredTextPresent): null

05-10-2024T01:20:14 - [TEST_STEP][PASSED] - if (isRequiredTextPresent): null

05-10-2024T01:20:14 - [TEST_STEP][PASSED] - if (verifyTextPresent("Country:", false)): null

05-10-2024T01:20:14 - [MESSAGE][PASSED] - Text 'Country:' is present on page 

05-10-2024T01:20:14 - [TEST_STEP][PASSED] - isRequiredTextPresent = true: null

05-10-2024T01:20:14 - [TEST_STEP][PASSED] - println(isRequiredTextPresent): null

05-10-2024T01:20:14 - [TEST_STEP][PASSED] - if (isRequiredTextPresent): null

05-10-2024T01:20:14 - [TEST_STEP][PASSED] - if (verifyTextNotPresent("City:", false)): null

05-10-2024T01:20:15 - [MESSAGE][PASSED] - Text 'City:' is not present on page

05-10-2024T01:20:15 - [TEST_STEP][PASSED] - isRequiredTextPresent = true: null

05-10-2024T01:20:15 - [TEST_STEP][PASSED] - println(isRequiredTextPresent): null

05-10-2024T01:20:15 - [TEST_STEP][PASSED] - if (isRequiredTextPresent): null

05-10-2024T01:20:15 - [TEST_STEP][PASSED] - if (verifyTextPresent("State:", false)): null

05-10-2024T01:20:15 - [MESSAGE][PASSED] - Text 'State:' is present on page 

05-10-2024T01:20:15 - [TEST_STEP][PASSED] - isRequiredTextPresent = true: null

05-10-2024T01:20:15 - [TEST_STEP][PASSED] - println(isRequiredTextPresent): null

05-10-2024T01:20:15 - [TEST_STEP][PASSED] - if (isRequiredTextPresent): null

05-10-2024T01:20:15 - [TEST_STEP][PASSED] - if (verifyTextPresent("ZIP Code:", false)): null

05-10-2024T01:20:15 - [MESSAGE][PASSED] - Text 'ZIP Code:' is present on page 

05-10-2024T01:20:15 - [TEST_STEP][PASSED] - isRequiredTextPresent = true: null

05-10-2024T01:20:15 - [TEST_STEP][PASSED] - println(isRequiredTextPresent): null

05-10-2024T01:20:15 - [TEST_STEP][PASSED] - if (isRequiredTextPresent): null

05-10-2024T01:20:15 - [TEST_STEP][PASSED] - if (verifyTextPresent("Email Address:", false)): null

05-10-2024T01:20:16 - [MESSAGE][PASSED] - Text 'Email Address:' is present on page 

05-10-2024T01:20:16 - [TEST_STEP][PASSED] - isRequiredTextPresent = true: null

05-10-2024T01:20:16 - [TEST_STEP][PASSED] - println(isRequiredTextPresent): null

05-10-2024T01:20:16 - [TEST_STEP][PASSED] - if (isRequiredTextPresent): null

05-10-2024T01:20:16 - [TEST_STEP][PASSED] - if (verifyTextPresent("Payment Plan Information:", false)): null

05-10-2024T01:20:16 - [MESSAGE][PASSED] - Text 'Payment Plan Information:' is present on page 

05-10-2024T01:20:16 - [TEST_STEP][PASSED] - isRequiredTextPresent = true: null

05-10-2024T01:20:16 - [TEST_STEP][PASSED] - println(isRequiredTextPresent): null

05-10-2024T01:20:16 - [TEST_STEP][PASSED] - if (isRequiredTextPresent): null

05-10-2024T01:20:16 - [TEST_STEP][PASSED] - if (verifyTextPresent("Payment Plan Type:", false)): null

05-10-2024T01:20:16 - [MESSAGE][PASSED] - Text 'Payment Plan Type:' is present on page 

05-10-2024T01:20:16 - [TEST_STEP][PASSED] - isRequiredTextPresent = true: null

05-10-2024T01:20:16 - [TEST_STEP][PASSED] - println(isRequiredTextPresent): null

05-10-2024T01:20:16 - [TEST_STEP][PASSED] - if (isRequiredTextPresent): null

05-10-2024T01:20:16 - [TEST_STEP][PASSED] - if (verifyTextPresent("Payment Plan Status:", false)): null

05-10-2024T01:20:16 - [MESSAGE][PASSED] - Text 'Payment Plan Status:' is present on page 

05-10-2024T01:20:16 - [TEST_STEP][PASSED] - isRequiredTextPresent = true: null

05-10-2024T01:20:16 - [TEST_STEP][PASSED] - println(isRequiredTextPresent): null

05-10-2024T01:20:16 - [TEST_STEP][PASSED] - if (isRequiredTextPresent): null

05-10-2024T01:20:16 - [TEST_STEP][PASSED] - if (verifyTextPresent("Payment Plan ID:", false)): null

05-10-2024T01:20:17 - [MESSAGE][PASSED] - Text 'Payment Plan ID:' is present on page 

05-10-2024T01:20:17 - [TEST_STEP][PASSED] - isRequiredTextPresent = true: null

05-10-2024T01:20:17 - [TEST_STEP][PASSED] - println(isRequiredTextPresent): null

05-10-2024T01:20:17 - [TEST_STEP][PASSED] - if (isRequiredTextPresent): null

05-10-2024T01:20:17 - [TEST_STEP][PASSED] - if (verifyTextPresent("Payment Plan Start Date:", false)): null

05-10-2024T01:20:17 - [MESSAGE][PASSED] - Text 'Payment Plan Start Date:' is present on page 

05-10-2024T01:20:17 - [TEST_STEP][PASSED] - isRequiredTextPresent = true: null

05-10-2024T01:20:17 - [TEST_STEP][PASSED] - println(isRequiredTextPresent): null

05-10-2024T01:20:17 - [TEST_STEP][PASSED] - if (isRequiredTextPresent): null

05-10-2024T01:20:17 - [TEST_STEP][PASSED] - if (verifyTextPresent("Amount:", false)): null

05-10-2024T01:20:17 - [MESSAGE][PASSED] - Text 'Amount:' is present on page 

05-10-2024T01:20:17 - [TEST_STEP][PASSED] - isRequiredTextPresent = true: null

05-10-2024T01:20:17 - [TEST_STEP][PASSED] - println(isRequiredTextPresent): null

05-10-2024T01:20:17 - [TEST_STEP][PASSED] - if (isRequiredTextPresent == true): pages.WriteExcel.demoKey is PASSED

05-10-2024T01:20:17 - [TEST_STEP][PASSED] - println("All the relevant texts are present on Receipt Page"): null

05-10-2024T01:20:17 - [TEST_STEP][PASSED] - markPassed("All the relevant texts are present on Receipt Page"): All the relevant texts are present on Receipt Page

05-10-2024T01:20:17 - [MESSAGE][PASSED] - All the relevant texts are present on Receipt Page

05-10-2024T01:20:17 - [TEST_STEP][PASSED] - resText = "Pass": null

05-10-2024T01:20:17 - [TEST_STEP][PASSED] - pages.WriteExcel.demoKey(resText, datText, resColumn, datCloumn, fileLoc, nameSheet, row): pages.WriteExcel.demoKey is PASSED

05-10-2024T01:20:17 - [MESSAGE][PASSED] - pages.WriteExcel.demoKey is PASSED

05-10-2024T01:20:17 - [TEST_STEP][PASSED] - closeBrowser(): Browser is closed

05-10-2024T01:20:18 - [MESSAGE][PASSED] - Browser is closed]]></system-out>
         <system-err><![CDATA[]]></system-err>
      </testcase>
      <testcase name="Test Cases/IntegratedWeb/IWP25/Payments/VerifyCancelReceiptLabelsDeferredCorp" time="79.558" classname="Test Cases/IntegratedWeb/IWP25/Payments/VerifyCancelReceiptLabelsDeferredCorp" status="PASSED">
         <system-out><![CDATA[05-10-2024T01:20:18 - [TEST_CASE][PASSED] - Test Cases/IntegratedWeb/IWP25/Payments/VerifyCancelReceiptLabelsDeferredCorp: Test Cases/IntegratedWeb/IWP25/Payments/VerifyCancelReceiptLabelsDeferredCorp

05-10-2024T01:20:18 - [TEST_STEP][PASSED] - resText = "Fail": null

05-10-2024T01:20:18 - [TEST_STEP][PASSED] - resColumn = "Result": null

05-10-2024T01:20:18 - [TEST_STEP][PASSED] - datCloumn = "Date": null

05-10-2024T01:20:18 - [TEST_STEP][PASSED] - fileLoc = "KatalonData/IWPTestData/VRelay25PaymentsExtension.xlsx": null

05-10-2024T01:20:18 - [TEST_STEP][PASSED] - numOfRows = <not implemented yet for class: org.codehaus.groovy.ast.expr.EmptyExpression>: null

05-10-2024T01:20:18 - [TEST_STEP][PASSED] - dataFile = <not implemented yet for class: org.codehaus.groovy.ast.expr.EmptyExpression>: null

05-10-2024T01:20:18 - [TEST_STEP][PASSED] - nameSheet = <not implemented yet for class: org.codehaus.groovy.ast.expr.EmptyExpression>: null

05-10-2024T01:20:18 - [TEST_STEP][PASSED] - dataFileEmulator = <not implemented yet for class: org.codehaus.groovy.ast.expr.EmptyExpression>: null

05-10-2024T01:20:18 - [TEST_STEP][PASSED] - isRequiredTextPresent = false: null

05-10-2024T01:20:18 - [TEST_STEP][PASSED] - nameSheet = "VerifyCancelLabelDeferredCorp": null

05-10-2024T01:20:18 - [TEST_STEP][PASSED] - dataFile = getExcelDataWithDefaultSheet("KatalonData/IWPTestData/VRelay25PaymentsExtension.xlsx", nameSheet, true): null

05-10-2024T01:20:18 - [TEST_STEP][PASSED] - dataFileEmulator = "IWPTestData/EmulatorData": null

05-10-2024T01:20:18 - [TEST_STEP][PASSED] - numOfRows = dataFile.getRowNumbers(): null

05-10-2024T01:20:18 - [TEST_STEP][PASSED] - println("Number of Records: " + numOfRows): null

05-10-2024T01:20:18 - [TEST_STEP][PASSED] - for ([row = 1, row <= numOfRows, (row++)]): Browser is closed

05-10-2024T01:20:18 - [TEST_STEP][PASSED] - ExecuteTC = dataFile.getValue("Execute", row): null

05-10-2024T01:20:18 - [TEST_STEP][PASSED] - out.println("Value of Execute is : " + ExecuteTC): null

05-10-2024T01:20:18 - [TEST_STEP][PASSED] - if (ExecuteTC.equalsIgnoreCase("Y")): null

05-10-2024T01:20:18 - [TEST_STEP][PASSED] - out.println("Begin Record Number: " + row): null

05-10-2024T01:20:18 - [TEST_STEP][PASSED] - today = new java.util.Date(): null

05-10-2024T01:20:18 - [TEST_STEP][PASSED] - println(today): null

05-10-2024T01:20:18 - [TEST_STEP][PASSED] - datText = today: null

05-10-2024T01:20:18 - [TEST_STEP][PASSED] - EmulatorDataKey = dataFile.getValue("EmulatorData", row): null

05-10-2024T01:20:18 - [TEST_STEP][PASSED] - out.println("Value of Emulator Key is : " + EmulatorDataKey): null

05-10-2024T01:20:18 - [TEST_STEP][PASSED] - iwpPages.emulatorIWP30.setDataEmulator_DD(EmulatorDataKey): iwpPages.emulatorIWP30.setDataEmulator_DD is PASSED

05-10-2024T01:20:18 - [MESSAGE][INFO] - Starting 'Edge Chromium' driver

05-10-2024T01:20:18 - [MESSAGE][INFO] - User set preference: ['acceptInsecureCerts', 'true']

05-10-2024T01:20:20 - [MESSAGE][INFO] - Action delay is set to 0 milliseconds

05-10-2024T01:20:24 - [MESSAGE][PASSED] - Browser is opened with url: 'https://qa.velocitypayment.com/agency/config.do?action=editor&message_version=2_5'

05-10-2024T01:20:24 - [MESSAGE][PASSED] - Current window maximized

05-10-2024T01:20:25 - [MESSAGE][PASSED] - All options with value '2.5' are selected in object 'Object Repository/IWP30/Page_VRelay30Emulator/MV'  using regular expression

05-10-2024T01:20:25 - [MESSAGE][PASSED] - Text '10.50' is set on object 'Object Repository/IWP30/Page_VRelay30Emulator/Amount'

05-10-2024T01:20:26 - [MESSAGE][PASSED] - Text 'Oa7oebzOnpFD' is set on object 'Object Repository/IWP30/Page_VRelay30Emulator/CAN'

05-10-2024T01:20:27 - [MESSAGE][PASSED] - Text 'PayNow' is set on object 'Object Repository/IWP30/Page_VRelay30Emulator/Action'

05-10-2024T01:20:27 - [MESSAGE][PASSED] - Text 'en_US' is set on object 'Object Repository/IWP30/Page_VRelay30Emulator/Lang'

05-10-2024T01:20:28 - [MESSAGE][PASSED] - Text '' is set on object 'Object Repository/IWP30/Page_VRelay30Emulator/Fname'

05-10-2024T01:20:28 - [MESSAGE][PASSED] - Text '' is set on object 'Object Repository/IWP30/Page_VRelay30Emulator/Lname'

05-10-2024T01:20:29 - [MESSAGE][PASSED] - Text '' is set on object 'Object Repository/IWP30/Page_VRelay30Emulator/AL1'

05-10-2024T01:20:30 - [MESSAGE][PASSED] - Text '' is set on object 'Object Repository/IWP30/Page_VRelay30Emulator/AL2'

05-10-2024T01:20:30 - [MESSAGE][PASSED] - Text '' is set on object 'Object Repository/IWP30/Page_VRelay30Emulator/Country'

05-10-2024T01:20:31 - [MESSAGE][PASSED] - Text '' is set on object 'Object Repository/IWP30/Page_VRelay30Emulator/City'

05-10-2024T01:20:31 - [MESSAGE][PASSED] - Text '' is set on object 'Object Repository/IWP30/Page_VRelay30Emulator/State'

05-10-2024T01:20:32 - [MESSAGE][PASSED] - Text '' is set on object 'Object Repository/IWP30/Page_VRelay30Emulator/ZIP'

05-10-2024T01:20:33 - [MESSAGE][PASSED] - Text '' is set on object 'Object Repository/IWP30/Page_VRelay30Emulator/Order'

05-10-2024T01:20:33 - [MESSAGE][PASSED] - Text '' is set on object 'Object Repository/IWP30/Page_VRelay30Emulator/Company'

05-10-2024T01:20:34 - [MESSAGE][PASSED] - Text '' is set on object 'Object Repository/IWP30/Page_VRelay30Emulator/Email'

05-10-2024T01:20:34 - [MESSAGE][PASSED] - Text '' is set on object 'Object Repository/IWP30/Page_VRelay30Emulator/UDF1'

05-10-2024T01:20:35 - [MESSAGE][PASSED] - Text '' is set on object 'Object Repository/IWP30/Page_VRelay30Emulator/UDF2'

05-10-2024T01:20:35 - [MESSAGE][PASSED] - Text '' is set on object 'Object Repository/IWP30/Page_VRelay30Emulator/UDF3'

05-10-2024T01:20:36 - [MESSAGE][PASSED] - Text 'udf data 4' is set on object 'Object Repository/IWP30/Page_VRelay30Emulator/UDF4'

05-10-2024T01:20:37 - [MESSAGE][PASSED] - Text 'udf data 5' is set on object 'Object Repository/IWP30/Page_VRelay30Emulator/UDF5'

05-10-2024T01:20:37 - [MESSAGE][PASSED] - Text '' is set on object 'Object Repository/IWP30/Page_VRelay30Emulator/UDF6'

05-10-2024T01:20:38 - [MESSAGE][PASSED] - Text '' is set on object 'Object Repository/IWP30/Page_VRelay30Emulator/UDF7'

05-10-2024T01:20:38 - [MESSAGE][PASSED] - Text '' is set on object 'Object Repository/IWP30/Page_VRelay30Emulator/UDF8'

05-10-2024T01:20:39 - [MESSAGE][PASSED] - Text 'udf data 9' is set on object 'Object Repository/IWP30/Page_VRelay30Emulator/UDF9'

05-10-2024T01:20:39 - [MESSAGE][PASSED] - Text 'udf data 10' is set on object 'Object Repository/IWP30/Page_VRelay30Emulator/UDF10'

05-10-2024T01:20:41 - [MESSAGE][PASSED] - Object: 'Object Repository/IWP30/Page_VRelay30Emulator/Submit' is clicked on

05-10-2024T01:20:45 - [MESSAGE][PASSED] - Browser is closed

05-10-2024T01:20:49 - [MESSAGE][PASSED] - iwpPages.emulatorIWP30.setDataEmulator_DD is PASSED

05-10-2024T01:20:49 - [TEST_STEP][PASSED] - testHarnessURL = urlTestHarness: null

05-10-2024T01:20:49 - [TEST_STEP][PASSED] - openBrowser(testHarnessURL): Browser is opened with url: 'https://dev-algorithm.govolution.com/vrelaytest/QA/version_2_2/vrelaytest.html'

05-10-2024T01:20:49 - [MESSAGE][INFO] - Starting 'Edge Chromium' driver

05-10-2024T01:20:49 - [MESSAGE][INFO] - User set preference: ['acceptInsecureCerts', 'true']

05-10-2024T01:20:51 - [MESSAGE][INFO] - Action delay is set to 0 milliseconds

05-10-2024T01:20:54 - [MESSAGE][PASSED] - Browser is opened with url: 'https://dev-algorithm.govolution.com/vrelaytest/QA/version_2_2/vrelaytest.html'

05-10-2024T01:20:54 - [TEST_STEP][PASSED] - maximizeWindow(): Current window maximized

05-10-2024T01:20:54 - [MESSAGE][PASSED] - Current window maximized

05-10-2024T01:20:54 - [TEST_STEP][PASSED] - iwpPages.TestHarnessPage.setDataMethodEF(row, dataFile): iwpPages.TestHarnessPage.setDataMethodEF is PASSED

05-10-2024T01:20:55 - [MESSAGE][PASSED] - Object 'Object Repository/IWP30/Page_QATestHarness/RemittanceID' is present

05-10-2024T01:20:55 - [MESSAGE][PASSED] - Text '638' is set on object 'Object Repository/IWP30/Page_QATestHarness/ApplicationID'

05-10-2024T01:20:56 - [MESSAGE][PASSED] - Text '2.5' is set on object 'Object Repository/IWP30/Page_QATestHarness/MessageVersion'

05-10-2024T01:20:57 - [MESSAGE][PASSED] - Text '43jlSjNp0sa9' is set on object 'Object Repository/IWP30/Page_QATestHarness/RemittanceID'

05-10-2024T01:20:59 - [MESSAGE][PASSED] - Object: 'Object Repository/IWP30/Page_QATestHarness/SubmitButton' is clicked on

05-10-2024T01:20:59 - [MESSAGE][PASSED] - iwpPages.TestHarnessPage.setDataMethodEF is PASSED

05-10-2024T01:20:59 - [TEST_STEP][PASSED] - click(findTestObject("Object Repository/IWP30/Page_SelectPaymentMethod/PayByCorporateCheck")): Object: 'Object Repository/IWP30/Page_SelectPaymentMethod/PayByCorporateCheck' is clicked on

05-10-2024T01:21:00 - [MESSAGE][PASSED] - Object: 'Object Repository/IWP30/Page_SelectPaymentMethod/PayByCorporateCheck' is clicked on

05-10-2024T01:21:00 - [TEST_STEP][PASSED] - click(findTestObject("Object Repository/IWP30/Page_SelectPaymentMethod/MakePaymentButton")): Object: 'Object Repository/IWP30/Page_SelectPaymentMethod/MakePaymentButton' is clicked on

05-10-2024T01:21:02 - [MESSAGE][PASSED] - Object: 'Object Repository/IWP30/Page_SelectPaymentMethod/MakePaymentButton' is clicked on

05-10-2024T01:21:02 - [TEST_STEP][PASSED] - iwpPages.achCorporatePaymentEntryPage.setDataCorporate(row, dataFile): iwpPages.achCorporatePaymentEntryPage.setDataCorporate is PASSED

05-10-2024T01:21:02 - [MESSAGE][PASSED] - Object 'Object Repository/IWP30/Page_ACHCorporatePaymentEntry/txt_accountNumber' is present

05-10-2024T01:21:02 - [MESSAGE][PASSED] - Object 'Object Repository/IWP30/Page_ACHCorporatePaymentEntry/input_CompanyName' is present

05-10-2024T01:21:03 - [MESSAGE][PASSED] - Text 'My Company' is set on object 'Object Repository/IWP30/Page_ACHCorporatePaymentEntry/input_CompanyName'

05-10-2024T01:21:03 - [MESSAGE][PASSED] - Object 'Object Repository/IWP30/Page_ACHCorporatePaymentEntry/input_EIN' is present

05-10-2024T01:21:04 - [MESSAGE][PASSED] - Text '123456789' is set on object 'Object Repository/IWP30/Page_ACHCorporatePaymentEntry/input_EIN'

05-10-2024T01:21:05 - [MESSAGE][PASSED] - Text '10.50' is set on object 'Object Repository/IWP30/Page_ACHCorporatePaymentEntry/txt_Amount'

05-10-2024T01:21:05 - [MESSAGE][PASSED] - Text 'udf data 2' is set on object 'Object Repository/IWP30/Page_ACHCorporatePaymentEntry/txt_UDF2'

05-10-2024T01:21:06 - [MESSAGE][PASSED] - Text 'udf data 3' is set on object 'Object Repository/IWP30/Page_ACHCorporatePaymentEntry/txt_UDF3'

05-10-2024T01:21:06 - [MESSAGE][PASSED] - All options with label 'Orange' are selected in object 'Object Repository/IWP30/Page_ACHCorporatePaymentEntry/dd_UDF7' 

05-10-2024T01:21:07 - [MESSAGE][PASSED] - All options with label 'Soccer' are selected in object 'Object Repository/IWP30/Page_ACHCorporatePaymentEntry/dd_UDF8' 

05-10-2024T01:21:07 - [MESSAGE][PASSED] - Object 'Object Repository/IWP30/Page_ACHCorporatePaymentEntry/txt_routingNumber' is present

05-10-2024T01:21:08 - [MESSAGE][PASSED] - Text '256072691' is set on object 'Object Repository/IWP30/Page_ACHCorporatePaymentEntry/txt_routingNumber'

05-10-2024T01:21:08 - [MESSAGE][PASSED] - Object 'Object Repository/IWP30/Page_ACHCorporatePaymentEntry/txt_accountNumber' is present

05-10-2024T01:21:09 - [MESSAGE][PASSED] - Text '12344444' is set on object 'Object Repository/IWP30/Page_ACHCorporatePaymentEntry/txt_accountNumber'

05-10-2024T01:21:10 - [MESSAGE][PASSED] - Object 'Object Repository/IWP30/Page_ACHCorporatePaymentEntry/txt_confirmAccountNumber' is present

05-10-2024T01:21:10 - [MESSAGE][PASSED] - Text '12344444' is set on object 'Object Repository/IWP30/Page_ACHCorporatePaymentEntry/txt_confirmAccountNumber'

05-10-2024T01:21:10 - [MESSAGE][PASSED] - Execute JavaScript '
				   document.getElementById('processDate').value = '08/09/2025'
				  ' successfully

05-10-2024T01:21:11 - [MESSAGE][PASSED] - Text '365 Main Avenue' is set on object 'Object Repository/IWP30/Page_ACHCorporatePaymentEntry/txt_AL1'

05-10-2024T01:21:11 - [MESSAGE][PASSED] - Text 'Ohio' is set on object 'Object Repository/IWP30/Page_ACHCorporatePaymentEntry/txt_AL2'

05-10-2024T01:21:12 - [MESSAGE][PASSED] - Text '22201' is set on object 'Object Repository/IWP30/Page_ACHCorporatePaymentEntry/txt_ZIP'

05-10-2024T01:21:12 - [MESSAGE][PASSED] - Object 'Object Repository/IWP30/Page_ACHCorporatePaymentEntry/txt_Email' is present

05-10-2024T01:21:13 - [MESSAGE][PASSED] - Text 'iahmed@govolution.com' is set on object 'Object Repository/IWP30/Page_ACHCorporatePaymentEntry/txt_Email'

05-10-2024T01:21:14 - [MESSAGE][PASSED] - Object 'Object Repository/IWP30/Page_ACHCorporatePaymentEntry/cb_TermsAndCond' is present

05-10-2024T01:21:14 - [MESSAGE][PASSED] - Object: 'Object Repository/IWP30/Page_ACHCorporatePaymentEntry/cb_TermsAndCond' is clicked on

05-10-2024T01:21:14 - [MESSAGE][PASSED] - Object 'Object Repository/IWP30/Page_ACHCorporatePaymentEntry/btn_Continue' is present

05-10-2024T01:21:15 - [MESSAGE][PASSED] - Object: 'Object Repository/IWP30/Page_ACHCorporatePaymentEntry/btn_Continue' is clicked on

05-10-2024T01:21:15 - [MESSAGE][PASSED] - iwpPages.achCorporatePaymentEntryPage.setDataCorporate is PASSED

05-10-2024T01:21:15 - [TEST_STEP][PASSED] - click(findTestObject("Object Repository/IWP30/Page_Confirmation/ConfirmButton")): Object: 'Object Repository/IWP30/Page_Confirmation/ConfirmButton' is clicked on

05-10-2024T01:21:17 - [MESSAGE][PASSED] - Object: 'Object Repository/IWP30/Page_Confirmation/ConfirmButton' is clicked on

05-10-2024T01:21:17 - [TEST_STEP][PASSED] - Thread.sleep(2000): null

05-10-2024T01:21:19 - [TEST_STEP][PASSED] - if (verifyTextPresent("Deferred", false)): null

05-10-2024T01:21:19 - [MESSAGE][PASSED] - Text 'Deferred' is present on page 

05-10-2024T01:21:19 - [TEST_STEP][PASSED] - click(findTestObject("Object Repository/IWP30/Page_Receipt/ViewScheduledPaymentsButton")): Object: 'Object Repository/IWP30/Page_Receipt/ViewScheduledPaymentsButton' is clicked on

05-10-2024T01:21:20 - [MESSAGE][PASSED] - Object: 'Object Repository/IWP30/Page_Receipt/ViewScheduledPaymentsButton' is clicked on

05-10-2024T01:21:20 - [TEST_STEP][PASSED] - switchToWindowTitle("View Scheduled Payments"): Switched to window with title: 'View Scheduled Payments'

05-10-2024T01:21:20 - [MESSAGE][PASSED] - Switched to window with title: 'View Scheduled Payments'

05-10-2024T01:21:20 - [TEST_STEP][PASSED] - Thread.sleep(5000): null

05-10-2024T01:21:25 - [TEST_STEP][PASSED] - if (verifyTextPresent("View Scheduled Payments", false)): null

05-10-2024T01:21:25 - [MESSAGE][PASSED] - Text 'View Scheduled Payments' is present on page 

05-10-2024T01:21:25 - [TEST_STEP][PASSED] - click(findTestObject("Object Repository/IWP30/Page_ScheduledPayments/cancel_payment")): Object: 'Object Repository/IWP30/Page_ScheduledPayments/cancel_payment' is clicked on

05-10-2024T01:21:26 - [MESSAGE][PASSED] - Object: 'Object Repository/IWP30/Page_ScheduledPayments/cancel_payment' is clicked on

05-10-2024T01:21:26 - [TEST_STEP][PASSED] - if (verifyTextPresent("Cancel Payment Plan", false)): null

05-10-2024T01:21:27 - [MESSAGE][PASSED] - Text 'Cancel Payment Plan' is present on page 

05-10-2024T01:21:27 - [TEST_STEP][PASSED] - click(findTestObject("Object Repository/IWP30/Page_PaymentPlan/btn_cancel")): Object: 'Object Repository/IWP30/Page_PaymentPlan/btn_cancel' is clicked on

05-10-2024T01:21:27 - [MESSAGE][PASSED] - Object: 'Object Repository/IWP30/Page_PaymentPlan/btn_cancel' is clicked on

05-10-2024T01:21:27 - [TEST_STEP][PASSED] - acceptAlert(): Alert accepted

05-10-2024T01:21:27 - [MESSAGE][PASSED] - Alert accepted

05-10-2024T01:21:27 - [TEST_STEP][PASSED] - if (verifyTextPresent("Your payment plan has been successfully canceled", false)): null

05-10-2024T01:21:29 - [MESSAGE][PASSED] - Text 'Your payment plan has been successfully canceled' is present on page 

05-10-2024T01:21:29 - [TEST_STEP][PASSED] - isRequiredTextPresent = true: null

05-10-2024T01:21:29 - [TEST_STEP][PASSED] - println(isRequiredTextPresent): null

05-10-2024T01:21:29 - [TEST_STEP][PASSED] - if (isRequiredTextPresent): null

05-10-2024T01:21:29 - [TEST_STEP][PASSED] - if (verifyTextPresent("CAN Label:", false)): null

05-10-2024T01:21:29 - [MESSAGE][PASSED] - Text 'CAN Label:' is present on page 

05-10-2024T01:21:29 - [TEST_STEP][PASSED] - isRequiredTextPresent = true: null

05-10-2024T01:21:29 - [TEST_STEP][PASSED] - println(isRequiredTextPresent): null

05-10-2024T01:21:29 - [TEST_STEP][PASSED] - if (isRequiredTextPresent): null

05-10-2024T01:21:29 - [TEST_STEP][PASSED] - if (verifyTextPresent("Please verify the following information:", false)): null

05-10-2024T01:21:29 - [MESSAGE][PASSED] - Text 'Please verify the following information:' is present on page 

05-10-2024T01:21:29 - [TEST_STEP][PASSED] - isRequiredTextPresent = true: null

05-10-2024T01:21:29 - [TEST_STEP][PASSED] - println(isRequiredTextPresent): null

05-10-2024T01:21:29 - [TEST_STEP][PASSED] - if (isRequiredTextPresent): null

05-10-2024T01:21:29 - [TEST_STEP][PASSED] - if (verifyTextPresent("Payment Information:", false)): null

05-10-2024T01:21:29 - [MESSAGE][PASSED] - Text 'Payment Information:' is present on page 

05-10-2024T01:21:29 - [TEST_STEP][PASSED] - isRequiredTextPresent = true: null

05-10-2024T01:21:29 - [TEST_STEP][PASSED] - println(isRequiredTextPresent): null

05-10-2024T01:21:29 - [TEST_STEP][PASSED] - if (isRequiredTextPresent): null

05-10-2024T01:21:29 - [TEST_STEP][PASSED] - if (verifyTextPresent("UDF2 Label:", false)): null

05-10-2024T01:21:30 - [MESSAGE][PASSED] - Text 'UDF2 Label:' is present on page 

05-10-2024T01:21:30 - [TEST_STEP][PASSED] - isRequiredTextPresent = true: null

05-10-2024T01:21:30 - [TEST_STEP][PASSED] - println(isRequiredTextPresent): null

05-10-2024T01:21:30 - [TEST_STEP][PASSED] - if (isRequiredTextPresent): null

05-10-2024T01:21:30 - [TEST_STEP][PASSED] - if (verifyTextPresent("UDF3 Label:", false)): null

05-10-2024T01:21:30 - [MESSAGE][PASSED] - Text 'UDF3 Label:' is present on page 

05-10-2024T01:21:30 - [TEST_STEP][PASSED] - isRequiredTextPresent = true: null

05-10-2024T01:21:30 - [TEST_STEP][PASSED] - println(isRequiredTextPresent): null

05-10-2024T01:21:30 - [TEST_STEP][PASSED] - if (isRequiredTextPresent): null

05-10-2024T01:21:30 - [TEST_STEP][PASSED] - if (verifyTextPresent("UDF4 Label:", false)): null

05-10-2024T01:21:30 - [MESSAGE][PASSED] - Text 'UDF4 Label:' is present on page 

05-10-2024T01:21:30 - [TEST_STEP][PASSED] - isRequiredTextPresent = true: null

05-10-2024T01:21:30 - [TEST_STEP][PASSED] - println(isRequiredTextPresent): null

05-10-2024T01:21:30 - [TEST_STEP][PASSED] - if (isRequiredTextPresent): null

05-10-2024T01:21:30 - [TEST_STEP][PASSED] - if (verifyTextPresent("UDF7 Label:", false)): null

05-10-2024T01:21:31 - [MESSAGE][PASSED] - Text 'UDF7 Label:' is present on page 

05-10-2024T01:21:31 - [TEST_STEP][PASSED] - isRequiredTextPresent = true: null

05-10-2024T01:21:31 - [TEST_STEP][PASSED] - println(isRequiredTextPresent): null

05-10-2024T01:21:31 - [TEST_STEP][PASSED] - if (isRequiredTextPresent): null

05-10-2024T01:21:31 - [TEST_STEP][PASSED] - if (verifyTextPresent("UDF8 Label:", false)): null

05-10-2024T01:21:31 - [MESSAGE][PASSED] - Text 'UDF8 Label:' is present on page 

05-10-2024T01:21:31 - [TEST_STEP][PASSED] - isRequiredTextPresent = true: null

05-10-2024T01:21:31 - [TEST_STEP][PASSED] - println(isRequiredTextPresent): null

05-10-2024T01:21:31 - [TEST_STEP][PASSED] - if (isRequiredTextPresent): null

05-10-2024T01:21:31 - [TEST_STEP][PASSED] - if (verifyTextPresent("UDF9 Label:", false)): null

05-10-2024T01:21:31 - [MESSAGE][PASSED] - Text 'UDF9 Label:' is present on page 

05-10-2024T01:21:31 - [TEST_STEP][PASSED] - isRequiredTextPresent = true: null

05-10-2024T01:21:31 - [TEST_STEP][PASSED] - println(isRequiredTextPresent): null

05-10-2024T01:21:31 - [TEST_STEP][PASSED] - if (isRequiredTextPresent): null

05-10-2024T01:21:31 - [TEST_STEP][PASSED] - if (verifyTextPresent("Account Information", false)): null

05-10-2024T01:21:31 - [MESSAGE][PASSED] - Text 'Account Information' is present on page 

05-10-2024T01:21:31 - [TEST_STEP][PASSED] - isRequiredTextPresent = true: null

05-10-2024T01:21:31 - [TEST_STEP][PASSED] - println(isRequiredTextPresent): null

05-10-2024T01:21:31 - [TEST_STEP][PASSED] - if (isRequiredTextPresent): null

05-10-2024T01:21:31 - [TEST_STEP][PASSED] - if (verifyTextPresent("Routing Transit Number:", false)): null

05-10-2024T01:21:32 - [MESSAGE][PASSED] - Text 'Routing Transit Number:' is present on page 

05-10-2024T01:21:32 - [TEST_STEP][PASSED] - isRequiredTextPresent = true: null

05-10-2024T01:21:32 - [TEST_STEP][PASSED] - println(isRequiredTextPresent): null

05-10-2024T01:21:32 - [TEST_STEP][PASSED] - if (isRequiredTextPresent): null

05-10-2024T01:21:32 - [TEST_STEP][PASSED] - if (verifyTextPresent("Account Number:", false)): null

05-10-2024T01:21:32 - [MESSAGE][PASSED] - Text 'Account Number:' is present on page 

05-10-2024T01:21:32 - [TEST_STEP][PASSED] - isRequiredTextPresent = true: null

05-10-2024T01:21:32 - [TEST_STEP][PASSED] - println(isRequiredTextPresent): null

05-10-2024T01:21:32 - [TEST_STEP][PASSED] - if (isRequiredTextPresent): null

05-10-2024T01:21:32 - [TEST_STEP][PASSED] - if (verifyTextPresent("Company Name:", false)): null

05-10-2024T01:21:32 - [MESSAGE][PASSED] - Text 'Company Name:' is present on page 

05-10-2024T01:21:32 - [TEST_STEP][PASSED] - isRequiredTextPresent = true: null

05-10-2024T01:21:32 - [TEST_STEP][PASSED] - println(isRequiredTextPresent): null

05-10-2024T01:21:32 - [TEST_STEP][PASSED] - if (isRequiredTextPresent): null

05-10-2024T01:21:32 - [TEST_STEP][PASSED] - if (verifyTextPresent("Employer Identification Number (EIN):", false)): null

05-10-2024T01:21:33 - [MESSAGE][PASSED] - Text 'Employer Identification Number (EIN):' is present on page 

05-10-2024T01:21:33 - [TEST_STEP][PASSED] - isRequiredTextPresent = true: null

05-10-2024T01:21:33 - [TEST_STEP][PASSED] - println(isRequiredTextPresent): null

05-10-2024T01:21:33 - [TEST_STEP][PASSED] - if (isRequiredTextPresent): null

05-10-2024T01:21:33 - [TEST_STEP][PASSED] - if (verifyTextPresent("Type of Account:", false)): null

05-10-2024T01:21:33 - [MESSAGE][PASSED] - Text 'Type of Account:' is present on page 

05-10-2024T01:21:33 - [TEST_STEP][PASSED] - isRequiredTextPresent = true: null

05-10-2024T01:21:33 - [TEST_STEP][PASSED] - println(isRequiredTextPresent): null

05-10-2024T01:21:33 - [TEST_STEP][PASSED] - if (isRequiredTextPresent): null

05-10-2024T01:21:33 - [TEST_STEP][PASSED] - if (verifyTextPresent("Address Line 1:", false)): null

05-10-2024T01:21:33 - [MESSAGE][PASSED] - Text 'Address Line 1:' is present on page 

05-10-2024T01:21:33 - [TEST_STEP][PASSED] - isRequiredTextPresent = true: null

05-10-2024T01:21:33 - [TEST_STEP][PASSED] - println(isRequiredTextPresent): null

05-10-2024T01:21:33 - [TEST_STEP][PASSED] - if (isRequiredTextPresent): null

05-10-2024T01:21:33 - [TEST_STEP][PASSED] - if (verifyTextPresent("Address Line 2:", false)): null

05-10-2024T01:21:33 - [MESSAGE][PASSED] - Text 'Address Line 2:' is present on page 

05-10-2024T01:21:33 - [TEST_STEP][PASSED] - isRequiredTextPresent = true: null

05-10-2024T01:21:33 - [TEST_STEP][PASSED] - println(isRequiredTextPresent): null

05-10-2024T01:21:33 - [TEST_STEP][PASSED] - if (isRequiredTextPresent): null

05-10-2024T01:21:33 - [TEST_STEP][PASSED] - if (verifyTextPresent("Country:", false)): null

05-10-2024T01:21:34 - [MESSAGE][PASSED] - Text 'Country:' is present on page 

05-10-2024T01:21:34 - [TEST_STEP][PASSED] - isRequiredTextPresent = true: null

05-10-2024T01:21:34 - [TEST_STEP][PASSED] - println(isRequiredTextPresent): null

05-10-2024T01:21:34 - [TEST_STEP][PASSED] - if (isRequiredTextPresent): null

05-10-2024T01:21:34 - [TEST_STEP][PASSED] - if (verifyTextPresent("City:", false)): null

05-10-2024T01:21:34 - [MESSAGE][PASSED] - Text 'City:' is present on page 

05-10-2024T01:21:34 - [TEST_STEP][PASSED] - isRequiredTextPresent = true: null

05-10-2024T01:21:34 - [TEST_STEP][PASSED] - println(isRequiredTextPresent): null

05-10-2024T01:21:34 - [TEST_STEP][PASSED] - if (isRequiredTextPresent): null

05-10-2024T01:21:34 - [TEST_STEP][PASSED] - if (verifyTextPresent("State:", false)): null

05-10-2024T01:21:34 - [MESSAGE][PASSED] - Text 'State:' is present on page 

05-10-2024T01:21:34 - [TEST_STEP][PASSED] - isRequiredTextPresent = true: null

05-10-2024T01:21:34 - [TEST_STEP][PASSED] - println(isRequiredTextPresent): null

05-10-2024T01:21:34 - [TEST_STEP][PASSED] - if (isRequiredTextPresent): null

05-10-2024T01:21:34 - [TEST_STEP][PASSED] - if (verifyTextPresent("ZIP Code:", false)): null

05-10-2024T01:21:34 - [MESSAGE][PASSED] - Text 'ZIP Code:' is present on page 

05-10-2024T01:21:34 - [TEST_STEP][PASSED] - isRequiredTextPresent = true: null

05-10-2024T01:21:34 - [TEST_STEP][PASSED] - println(isRequiredTextPresent): null

05-10-2024T01:21:34 - [TEST_STEP][PASSED] - if (isRequiredTextPresent): null

05-10-2024T01:21:34 - [TEST_STEP][PASSED] - if (verifyTextPresent("Email Address:", false)): null

05-10-2024T01:21:35 - [MESSAGE][PASSED] - Text 'Email Address:' is present on page 

05-10-2024T01:21:35 - [TEST_STEP][PASSED] - isRequiredTextPresent = true: null

05-10-2024T01:21:35 - [TEST_STEP][PASSED] - println(isRequiredTextPresent): null

05-10-2024T01:21:35 - [TEST_STEP][PASSED] - if (isRequiredTextPresent): null

05-10-2024T01:21:35 - [TEST_STEP][PASSED] - if (verifyTextPresent("Payment Plan Information:", false)): null

05-10-2024T01:21:35 - [MESSAGE][PASSED] - Text 'Payment Plan Information:' is present on page 

05-10-2024T01:21:35 - [TEST_STEP][PASSED] - isRequiredTextPresent = true: null

05-10-2024T01:21:35 - [TEST_STEP][PASSED] - println(isRequiredTextPresent): null

05-10-2024T01:21:35 - [TEST_STEP][PASSED] - if (isRequiredTextPresent): null

05-10-2024T01:21:35 - [TEST_STEP][PASSED] - if (verifyTextPresent("Payment Plan Type:", false)): null

05-10-2024T01:21:35 - [MESSAGE][PASSED] - Text 'Payment Plan Type:' is present on page 

05-10-2024T01:21:35 - [TEST_STEP][PASSED] - isRequiredTextPresent = true: null

05-10-2024T01:21:35 - [TEST_STEP][PASSED] - println(isRequiredTextPresent): null

05-10-2024T01:21:35 - [TEST_STEP][PASSED] - if (isRequiredTextPresent): null

05-10-2024T01:21:35 - [TEST_STEP][PASSED] - if (verifyTextPresent("Payment Plan Status:", false)): null

05-10-2024T01:21:36 - [MESSAGE][PASSED] - Text 'Payment Plan Status:' is present on page 

05-10-2024T01:21:36 - [TEST_STEP][PASSED] - isRequiredTextPresent = true: null

05-10-2024T01:21:36 - [TEST_STEP][PASSED] - println(isRequiredTextPresent): null

05-10-2024T01:21:36 - [TEST_STEP][PASSED] - if (isRequiredTextPresent): null

05-10-2024T01:21:36 - [TEST_STEP][PASSED] - if (verifyTextPresent("Payment Plan ID:", false)): null

05-10-2024T01:21:36 - [MESSAGE][PASSED] - Text 'Payment Plan ID:' is present on page 

05-10-2024T01:21:36 - [TEST_STEP][PASSED] - isRequiredTextPresent = true: null

05-10-2024T01:21:36 - [TEST_STEP][PASSED] - println(isRequiredTextPresent): null

05-10-2024T01:21:36 - [TEST_STEP][PASSED] - if (isRequiredTextPresent): null

05-10-2024T01:21:36 - [TEST_STEP][PASSED] - if (verifyTextPresent("Payment Plan Start Date:", false)): null

05-10-2024T01:21:36 - [MESSAGE][PASSED] - Text 'Payment Plan Start Date:' is present on page 

05-10-2024T01:21:36 - [TEST_STEP][PASSED] - isRequiredTextPresent = true: null

05-10-2024T01:21:36 - [TEST_STEP][PASSED] - println(isRequiredTextPresent): null

05-10-2024T01:21:36 - [TEST_STEP][PASSED] - if (isRequiredTextPresent): null

05-10-2024T01:21:36 - [TEST_STEP][PASSED] - if (verifyTextPresent("Amount:", false)): null

05-10-2024T01:21:37 - [MESSAGE][PASSED] - Text 'Amount:' is present on page 

05-10-2024T01:21:37 - [TEST_STEP][PASSED] - isRequiredTextPresent = true: null

05-10-2024T01:21:37 - [TEST_STEP][PASSED] - println(isRequiredTextPresent): null

05-10-2024T01:21:37 - [TEST_STEP][PASSED] - if (isRequiredTextPresent == true): pages.WriteExcel.demoKey is PASSED

05-10-2024T01:21:37 - [TEST_STEP][PASSED] - println("All the relevant texts are present on Receipt Page"): null

05-10-2024T01:21:37 - [TEST_STEP][PASSED] - markPassed("All the relevant texts are present on Receipt Page"): All the relevant texts are present on Receipt Page

05-10-2024T01:21:37 - [MESSAGE][PASSED] - All the relevant texts are present on Receipt Page

05-10-2024T01:21:37 - [TEST_STEP][PASSED] - resText = "Pass": null

05-10-2024T01:21:37 - [TEST_STEP][PASSED] - pages.WriteExcel.demoKey(resText, datText, resColumn, datCloumn, fileLoc, nameSheet, row): pages.WriteExcel.demoKey is PASSED

05-10-2024T01:21:37 - [MESSAGE][PASSED] - pages.WriteExcel.demoKey is PASSED

05-10-2024T01:21:37 - [TEST_STEP][PASSED] - closeBrowser(): Browser is closed

05-10-2024T01:21:37 - [MESSAGE][PASSED] - Browser is closed]]></system-out>
         <system-err><![CDATA[]]></system-err>
      </testcase>
      <testcase name="Test Cases/IntegratedWeb/IWP25/Payments/VerifyCancelReceiptLabelsDeferredPC" time="80.203" classname="Test Cases/IntegratedWeb/IWP25/Payments/VerifyCancelReceiptLabelsDeferredPC" status="PASSED">
         <system-out><![CDATA[05-10-2024T01:21:37 - [TEST_CASE][PASSED] - Test Cases/IntegratedWeb/IWP25/Payments/VerifyCancelReceiptLabelsDeferredPC: Test Cases/IntegratedWeb/IWP25/Payments/VerifyCancelReceiptLabelsDeferredPC

05-10-2024T01:21:37 - [TEST_STEP][PASSED] - resText = "Fail": null

05-10-2024T01:21:37 - [TEST_STEP][PASSED] - resColumn = "Result": null

05-10-2024T01:21:37 - [TEST_STEP][PASSED] - datCloumn = "Date": null

05-10-2024T01:21:37 - [TEST_STEP][PASSED] - fileLoc = "KatalonData/IWPTestData/VRelay25PaymentsExtension.xlsx": null

05-10-2024T01:21:37 - [TEST_STEP][PASSED] - numOfRows = <not implemented yet for class: org.codehaus.groovy.ast.expr.EmptyExpression>: null

05-10-2024T01:21:37 - [TEST_STEP][PASSED] - dataFile = <not implemented yet for class: org.codehaus.groovy.ast.expr.EmptyExpression>: null

05-10-2024T01:21:37 - [TEST_STEP][PASSED] - nameSheet = <not implemented yet for class: org.codehaus.groovy.ast.expr.EmptyExpression>: null

05-10-2024T01:21:37 - [TEST_STEP][PASSED] - dataFileEmulator = <not implemented yet for class: org.codehaus.groovy.ast.expr.EmptyExpression>: null

05-10-2024T01:21:37 - [TEST_STEP][PASSED] - isRequiredTextPresent = false: null

05-10-2024T01:21:37 - [TEST_STEP][PASSED] - nameSheet = "VerifyCancelLabelDeferredPC": null

05-10-2024T01:21:37 - [TEST_STEP][PASSED] - dataFile = getExcelDataWithDefaultSheet("KatalonData/IWPTestData/VRelay25PaymentsExtension.xlsx", nameSheet, true): null

05-10-2024T01:21:37 - [TEST_STEP][PASSED] - dataFileEmulator = "IWPTestData/EmulatorData": null

05-10-2024T01:21:37 - [TEST_STEP][PASSED] - numOfRows = dataFile.getRowNumbers(): null

05-10-2024T01:21:37 - [TEST_STEP][PASSED] - println("Number of Records: " + numOfRows): null

05-10-2024T01:21:37 - [TEST_STEP][PASSED] - for ([row = 1, row <= numOfRows, (row++)]): Browser is closed

05-10-2024T01:21:37 - [TEST_STEP][PASSED] - ExecuteTC = dataFile.getValue("Execute", row): null

05-10-2024T01:21:37 - [TEST_STEP][PASSED] - out.println("Value of Execute is : " + ExecuteTC): null

05-10-2024T01:21:37 - [TEST_STEP][PASSED] - if (ExecuteTC.equalsIgnoreCase("Y")): null

05-10-2024T01:21:37 - [TEST_STEP][PASSED] - out.println("Begin Record Number: " + row): null

05-10-2024T01:21:37 - [TEST_STEP][PASSED] - today = new java.util.Date(): null

05-10-2024T01:21:37 - [TEST_STEP][PASSED] - println(today): null

05-10-2024T01:21:37 - [TEST_STEP][PASSED] - datText = today: null

05-10-2024T01:21:37 - [TEST_STEP][PASSED] - EmulatorDataKey = dataFile.getValue("EmulatorData", row): null

05-10-2024T01:21:37 - [TEST_STEP][PASSED] - out.println("Value of Emulator Key is : " + EmulatorDataKey): null

05-10-2024T01:21:37 - [TEST_STEP][PASSED] - iwpPages.emulatorIWP30.setDataEmulator_DD(EmulatorDataKey): iwpPages.emulatorIWP30.setDataEmulator_DD is PASSED

05-10-2024T01:21:38 - [MESSAGE][INFO] - Starting 'Edge Chromium' driver

05-10-2024T01:21:38 - [MESSAGE][INFO] - User set preference: ['acceptInsecureCerts', 'true']

05-10-2024T01:21:40 - [MESSAGE][INFO] - Action delay is set to 0 milliseconds

05-10-2024T01:21:43 - [MESSAGE][PASSED] - Browser is opened with url: 'https://qa.velocitypayment.com/agency/config.do?action=editor&message_version=2_5'

05-10-2024T01:21:43 - [MESSAGE][PASSED] - Current window maximized

05-10-2024T01:21:44 - [MESSAGE][PASSED] - All options with value '2.5' are selected in object 'Object Repository/IWP30/Page_VRelay30Emulator/MV'  using regular expression

05-10-2024T01:21:45 - [MESSAGE][PASSED] - Text '10.50' is set on object 'Object Repository/IWP30/Page_VRelay30Emulator/Amount'

05-10-2024T01:21:45 - [MESSAGE][PASSED] - Text 'OXbCopDBNK2e' is set on object 'Object Repository/IWP30/Page_VRelay30Emulator/CAN'

05-10-2024T01:21:46 - [MESSAGE][PASSED] - Text 'PayNow' is set on object 'Object Repository/IWP30/Page_VRelay30Emulator/Action'

05-10-2024T01:21:47 - [MESSAGE][PASSED] - Text 'en_US' is set on object 'Object Repository/IWP30/Page_VRelay30Emulator/Lang'

05-10-2024T01:21:47 - [MESSAGE][PASSED] - Text '' is set on object 'Object Repository/IWP30/Page_VRelay30Emulator/Fname'

05-10-2024T01:21:48 - [MESSAGE][PASSED] - Text '' is set on object 'Object Repository/IWP30/Page_VRelay30Emulator/Lname'

05-10-2024T01:21:48 - [MESSAGE][PASSED] - Text '' is set on object 'Object Repository/IWP30/Page_VRelay30Emulator/AL1'

05-10-2024T01:21:49 - [MESSAGE][PASSED] - Text '' is set on object 'Object Repository/IWP30/Page_VRelay30Emulator/AL2'

05-10-2024T01:21:49 - [MESSAGE][PASSED] - Text '' is set on object 'Object Repository/IWP30/Page_VRelay30Emulator/Country'

05-10-2024T01:21:50 - [MESSAGE][PASSED] - Text '' is set on object 'Object Repository/IWP30/Page_VRelay30Emulator/City'

05-10-2024T01:21:51 - [MESSAGE][PASSED] - Text '' is set on object 'Object Repository/IWP30/Page_VRelay30Emulator/State'

05-10-2024T01:21:51 - [MESSAGE][PASSED] - Text '' is set on object 'Object Repository/IWP30/Page_VRelay30Emulator/ZIP'

05-10-2024T01:21:52 - [MESSAGE][PASSED] - Text '' is set on object 'Object Repository/IWP30/Page_VRelay30Emulator/Order'

05-10-2024T01:21:52 - [MESSAGE][PASSED] - Text '' is set on object 'Object Repository/IWP30/Page_VRelay30Emulator/Company'

05-10-2024T01:21:53 - [MESSAGE][PASSED] - Text '' is set on object 'Object Repository/IWP30/Page_VRelay30Emulator/Email'

05-10-2024T01:21:53 - [MESSAGE][PASSED] - Text '' is set on object 'Object Repository/IWP30/Page_VRelay30Emulator/UDF1'

05-10-2024T01:21:54 - [MESSAGE][PASSED] - Text '' is set on object 'Object Repository/IWP30/Page_VRelay30Emulator/UDF2'

05-10-2024T01:21:55 - [MESSAGE][PASSED] - Text '' is set on object 'Object Repository/IWP30/Page_VRelay30Emulator/UDF3'

05-10-2024T01:21:55 - [MESSAGE][PASSED] - Text 'udf data 4' is set on object 'Object Repository/IWP30/Page_VRelay30Emulator/UDF4'

05-10-2024T01:21:56 - [MESSAGE][PASSED] - Text 'udf data 5' is set on object 'Object Repository/IWP30/Page_VRelay30Emulator/UDF5'

05-10-2024T01:21:56 - [MESSAGE][PASSED] - Text '' is set on object 'Object Repository/IWP30/Page_VRelay30Emulator/UDF6'

05-10-2024T01:21:57 - [MESSAGE][PASSED] - Text '' is set on object 'Object Repository/IWP30/Page_VRelay30Emulator/UDF7'

05-10-2024T01:21:58 - [MESSAGE][PASSED] - Text '' is set on object 'Object Repository/IWP30/Page_VRelay30Emulator/UDF8'

05-10-2024T01:21:58 - [MESSAGE][PASSED] - Text 'udf data 9' is set on object 'Object Repository/IWP30/Page_VRelay30Emulator/UDF9'

05-10-2024T01:21:59 - [MESSAGE][PASSED] - Text 'udf data 10' is set on object 'Object Repository/IWP30/Page_VRelay30Emulator/UDF10'

05-10-2024T01:22:00 - [MESSAGE][PASSED] - Object: 'Object Repository/IWP30/Page_VRelay30Emulator/Submit' is clicked on

05-10-2024T01:22:04 - [MESSAGE][PASSED] - Browser is closed

05-10-2024T01:22:08 - [MESSAGE][PASSED] - iwpPages.emulatorIWP30.setDataEmulator_DD is PASSED

05-10-2024T01:22:08 - [TEST_STEP][PASSED] - testHarnessURL = urlTestHarness: null

05-10-2024T01:22:08 - [TEST_STEP][PASSED] - openBrowser(testHarnessURL): Browser is opened with url: 'https://dev-algorithm.govolution.com/vrelaytest/QA/version_2_2/vrelaytest.html'

05-10-2024T01:22:08 - [MESSAGE][INFO] - Starting 'Edge Chromium' driver

05-10-2024T01:22:08 - [MESSAGE][INFO] - User set preference: ['acceptInsecureCerts', 'true']

05-10-2024T01:22:10 - [MESSAGE][INFO] - Action delay is set to 0 milliseconds

05-10-2024T01:22:14 - [MESSAGE][PASSED] - Browser is opened with url: 'https://dev-algorithm.govolution.com/vrelaytest/QA/version_2_2/vrelaytest.html'

05-10-2024T01:22:14 - [TEST_STEP][PASSED] - maximizeWindow(): Current window maximized

05-10-2024T01:22:14 - [MESSAGE][PASSED] - Current window maximized

05-10-2024T01:22:14 - [TEST_STEP][PASSED] - iwpPages.TestHarnessPage.setDataMethodEF(row, dataFile): iwpPages.TestHarnessPage.setDataMethodEF is PASSED

05-10-2024T01:22:14 - [MESSAGE][PASSED] - Object 'Object Repository/IWP30/Page_QATestHarness/RemittanceID' is present

05-10-2024T01:22:15 - [MESSAGE][PASSED] - Text '638' is set on object 'Object Repository/IWP30/Page_QATestHarness/ApplicationID'

05-10-2024T01:22:15 - [MESSAGE][PASSED] - Text '2.5' is set on object 'Object Repository/IWP30/Page_QATestHarness/MessageVersion'

05-10-2024T01:22:16 - [MESSAGE][PASSED] - Text 'QAwyFpRUGPRA' is set on object 'Object Repository/IWP30/Page_QATestHarness/RemittanceID'

05-10-2024T01:22:19 - [MESSAGE][PASSED] - Object: 'Object Repository/IWP30/Page_QATestHarness/SubmitButton' is clicked on

05-10-2024T01:22:19 - [MESSAGE][PASSED] - iwpPages.TestHarnessPage.setDataMethodEF is PASSED

05-10-2024T01:22:19 - [TEST_STEP][PASSED] - click(findTestObject("Object Repository/IWP30/Page_SelectPaymentMethod/PayByPersonalCheck")): Object: 'Object Repository/IWP30/Page_SelectPaymentMethod/PayByPersonalCheck' is clicked on

05-10-2024T01:22:20 - [MESSAGE][PASSED] - Object: 'Object Repository/IWP30/Page_SelectPaymentMethod/PayByPersonalCheck' is clicked on

05-10-2024T01:22:20 - [TEST_STEP][PASSED] - click(findTestObject("Object Repository/IWP30/Page_SelectPaymentMethod/MakePaymentButton")): Object: 'Object Repository/IWP30/Page_SelectPaymentMethod/MakePaymentButton' is clicked on

05-10-2024T01:22:21 - [MESSAGE][PASSED] - Object: 'Object Repository/IWP30/Page_SelectPaymentMethod/MakePaymentButton' is clicked on

05-10-2024T01:22:21 - [TEST_STEP][PASSED] - iwpPages.achPersonalPaymentEntryPage.setDataACHPPM(row, dataFile): iwpPages.achPersonalPaymentEntryPage.setDataACHPPM is PASSED

05-10-2024T01:22:22 - [MESSAGE][PASSED] - Object 'Object Repository/IWP30/Page_ACHPersonalPaymentEntry/txt_accountNumber' is present

05-10-2024T01:22:22 - [MESSAGE][PASSED] - Text '10.50' is set on object 'Object Repository/IWP30/Page_ACHPersonalPaymentEntry/txt_Amount'

05-10-2024T01:22:23 - [MESSAGE][PASSED] - Object 'Object Repository/IWP30/Page_ACHPersonalPaymentEntry/txt_UDF2' is present

05-10-2024T01:22:23 - [MESSAGE][PASSED] - Text 'udf data 2' is set on object 'Object Repository/IWP30/Page_ACHPersonalPaymentEntry/txt_UDF2'

05-10-2024T01:22:24 - [MESSAGE][PASSED] - Text 'udf data 3' is set on object 'Object Repository/IWP30/Page_ACHPersonalPaymentEntry/txt_UDF3'

05-10-2024T01:22:24 - [MESSAGE][PASSED] - All options with label 'Orange' are selected in object 'Object Repository/IWP30/Page_ACHPersonalPaymentEntry/dd_UDF7' 

05-10-2024T01:22:25 - [MESSAGE][PASSED] - All options with label 'Soccer' are selected in object 'Object Repository/IWP30/Page_ACHPersonalPaymentEntry/dd_UDF8' 

05-10-2024T01:22:25 - [MESSAGE][PASSED] - Object 'Object Repository/IWP30/Page_ACHPersonalPaymentEntry/txt_Firstname' is present

05-10-2024T01:22:26 - [MESSAGE][PASSED] - Text 'Elizath' is set on object 'Object Repository/IWP30/Page_ACHPersonalPaymentEntry/txt_Firstname'

05-10-2024T01:22:26 - [MESSAGE][PASSED] - Object 'Object Repository/IWP30/Page_ACHPersonalPaymentEntry/txt_Lastname' is present

05-10-2024T01:22:27 - [MESSAGE][PASSED] - Text 'Christine' is set on object 'Object Repository/IWP30/Page_ACHPersonalPaymentEntry/txt_Lastname'

05-10-2024T01:22:27 - [MESSAGE][PASSED] - Object 'Object Repository/IWP30/Page_ACHPersonalPaymentEntry/txt_routingNumber' is present

05-10-2024T01:22:27 - [MESSAGE][PASSED] - Text '256072691' is set on object 'Object Repository/IWP30/Page_ACHPersonalPaymentEntry/txt_routingNumber'

05-10-2024T01:22:28 - [MESSAGE][PASSED] - Object 'Object Repository/IWP30/Page_ACHPersonalPaymentEntry/txt_accountNumber' is present

05-10-2024T01:22:29 - [MESSAGE][PASSED] - Text '12344444' is set on object 'Object Repository/IWP30/Page_ACHPersonalPaymentEntry/txt_accountNumber'

05-10-2024T01:22:29 - [MESSAGE][PASSED] - Object 'Object Repository/IWP30/Page_ACHPersonalPaymentEntry/txt_confirmAccountNumber' is present

05-10-2024T01:22:30 - [MESSAGE][PASSED] - Text '12344444' is set on object 'Object Repository/IWP30/Page_ACHPersonalPaymentEntry/txt_confirmAccountNumber'

05-10-2024T01:22:30 - [MESSAGE][PASSED] - Object 'Object Repository/IWP30/Page_ACHPersonalPaymentEntry/rd_accountType' is present

05-10-2024T01:22:30 - [MESSAGE][PASSED] - Modify property of object successfully

05-10-2024T01:22:31 - [MESSAGE][PASSED] - Object: 'Object Repository/IWP30/Page_ACHPersonalPaymentEntry/rd_accountType' is clicked on

05-10-2024T01:22:31 - [MESSAGE][PASSED] - Execute JavaScript '
				   document.getElementById('processDate').value = '08/09/2025'
				  ' successfully

05-10-2024T01:22:31 - [MESSAGE][PASSED] - Text '365 Main Avenue' is set on object 'Object Repository/IWP30/Page_ACHPersonalPaymentEntry/txt_AL1'

05-10-2024T01:22:32 - [MESSAGE][PASSED] - Text 'Ohio' is set on object 'Object Repository/IWP30/Page_ACHPersonalPaymentEntry/txt_AL2'

05-10-2024T01:22:32 - [MESSAGE][PASSED] - Text '22201' is set on object 'Object Repository/IWP30/Page_ACHPersonalPaymentEntry/txt_ZIP'

05-10-2024T01:22:33 - [MESSAGE][PASSED] - Object 'Object Repository/IWP30/Page_ACHPersonalPaymentEntry/txt_Email' is present

05-10-2024T01:22:34 - [MESSAGE][PASSED] - Text 'iahmed@govolution.com' is set on object 'Object Repository/IWP30/Page_ACHPersonalPaymentEntry/txt_Email'

05-10-2024T01:22:34 - [MESSAGE][PASSED] - Object 'Object Repository/IWP30/Page_ACHPersonalPaymentEntry/cb_TermsAndCond' is present

05-10-2024T01:22:34 - [MESSAGE][PASSED] - Object: 'Object Repository/IWP30/Page_ACHPersonalPaymentEntry/cb_TermsAndCond' is clicked on

05-10-2024T01:22:35 - [MESSAGE][PASSED] - Object 'Object Repository/IWP30/Page_ACHPersonalPaymentEntry/btn_Continue' is present

05-10-2024T01:22:36 - [MESSAGE][PASSED] - Object: 'Object Repository/IWP30/Page_ACHPersonalPaymentEntry/btn_Continue' is clicked on

05-10-2024T01:22:36 - [MESSAGE][PASSED] - iwpPages.achPersonalPaymentEntryPage.setDataACHPPM is PASSED

05-10-2024T01:22:36 - [TEST_STEP][PASSED] - click(findTestObject("Object Repository/IWP30/Page_Confirmation/ConfirmButton")): Object: 'Object Repository/IWP30/Page_Confirmation/ConfirmButton' is clicked on

05-10-2024T01:22:37 - [MESSAGE][PASSED] - Object: 'Object Repository/IWP30/Page_Confirmation/ConfirmButton' is clicked on

05-10-2024T01:22:37 - [TEST_STEP][PASSED] - Thread.sleep(2000): null

05-10-2024T01:22:39 - [TEST_STEP][PASSED] - if (verifyTextPresent("Deferred", false)): null

05-10-2024T01:22:40 - [MESSAGE][PASSED] - Text 'Deferred' is present on page 

05-10-2024T01:22:40 - [TEST_STEP][PASSED] - click(findTestObject("Object Repository/IWP30/Page_Receipt/ViewScheduledPaymentsButton")): Object: 'Object Repository/IWP30/Page_Receipt/ViewScheduledPaymentsButton' is clicked on

05-10-2024T01:22:40 - [MESSAGE][PASSED] - Object: 'Object Repository/IWP30/Page_Receipt/ViewScheduledPaymentsButton' is clicked on

05-10-2024T01:22:40 - [TEST_STEP][PASSED] - switchToWindowTitle("View Scheduled Payments"): Switched to window with title: 'View Scheduled Payments'

05-10-2024T01:22:40 - [MESSAGE][PASSED] - Switched to window with title: 'View Scheduled Payments'

05-10-2024T01:22:40 - [TEST_STEP][PASSED] - Thread.sleep(5000): null

05-10-2024T01:22:45 - [TEST_STEP][PASSED] - if (verifyTextPresent("View Scheduled Payments", false)): null

05-10-2024T01:22:45 - [MESSAGE][PASSED] - Text 'View Scheduled Payments' is present on page 

05-10-2024T01:22:45 - [TEST_STEP][PASSED] - click(findTestObject("Object Repository/IWP30/Page_ScheduledPayments/cancel_payment")): Object: 'Object Repository/IWP30/Page_ScheduledPayments/cancel_payment' is clicked on

05-10-2024T01:22:47 - [MESSAGE][PASSED] - Object: 'Object Repository/IWP30/Page_ScheduledPayments/cancel_payment' is clicked on

05-10-2024T01:22:47 - [TEST_STEP][PASSED] - if (verifyTextPresent("Cancel Payment Plan", false)): null

05-10-2024T01:22:47 - [MESSAGE][PASSED] - Text 'Cancel Payment Plan' is present on page 

05-10-2024T01:22:47 - [TEST_STEP][PASSED] - click(findTestObject("Object Repository/IWP30/Page_PaymentPlan/btn_cancel")): Object: 'Object Repository/IWP30/Page_PaymentPlan/btn_cancel' is clicked on

05-10-2024T01:22:48 - [MESSAGE][PASSED] - Object: 'Object Repository/IWP30/Page_PaymentPlan/btn_cancel' is clicked on

05-10-2024T01:22:48 - [TEST_STEP][PASSED] - acceptAlert(): Alert accepted

05-10-2024T01:22:48 - [MESSAGE][PASSED] - Alert accepted

05-10-2024T01:22:48 - [TEST_STEP][PASSED] - if (verifyTextPresent("Your payment plan has been successfully canceled", false)): null

05-10-2024T01:22:49 - [MESSAGE][PASSED] - Text 'Your payment plan has been successfully canceled' is present on page 

05-10-2024T01:22:49 - [TEST_STEP][PASSED] - isRequiredTextPresent = true: null

05-10-2024T01:22:49 - [TEST_STEP][PASSED] - println(isRequiredTextPresent): null

05-10-2024T01:22:49 - [TEST_STEP][PASSED] - if (isRequiredTextPresent): null

05-10-2024T01:22:49 - [TEST_STEP][PASSED] - if (verifyTextPresent("CAN Label:", false)): null

05-10-2024T01:22:49 - [MESSAGE][PASSED] - Text 'CAN Label:' is present on page 

05-10-2024T01:22:49 - [TEST_STEP][PASSED] - isRequiredTextPresent = true: null

05-10-2024T01:22:49 - [TEST_STEP][PASSED] - println(isRequiredTextPresent): null

05-10-2024T01:22:49 - [TEST_STEP][PASSED] - if (isRequiredTextPresent): null

05-10-2024T01:22:49 - [TEST_STEP][PASSED] - if (verifyTextPresent("Please verify the following information:", false)): null

05-10-2024T01:22:50 - [MESSAGE][PASSED] - Text 'Please verify the following information:' is present on page 

05-10-2024T01:22:50 - [TEST_STEP][PASSED] - isRequiredTextPresent = true: null

05-10-2024T01:22:50 - [TEST_STEP][PASSED] - println(isRequiredTextPresent): null

05-10-2024T01:22:50 - [TEST_STEP][PASSED] - if (isRequiredTextPresent): null

05-10-2024T01:22:50 - [TEST_STEP][PASSED] - if (verifyTextPresent("Payment Information:", false)): null

05-10-2024T01:22:50 - [MESSAGE][PASSED] - Text 'Payment Information:' is present on page 

05-10-2024T01:22:50 - [TEST_STEP][PASSED] - isRequiredTextPresent = true: null

05-10-2024T01:22:50 - [TEST_STEP][PASSED] - println(isRequiredTextPresent): null

05-10-2024T01:22:50 - [TEST_STEP][PASSED] - if (isRequiredTextPresent): null

05-10-2024T01:22:50 - [TEST_STEP][PASSED] - if (verifyTextPresent("UDF2 Label:", false)): null

05-10-2024T01:22:50 - [MESSAGE][PASSED] - Text 'UDF2 Label:' is present on page 

05-10-2024T01:22:50 - [TEST_STEP][PASSED] - isRequiredTextPresent = true: null

05-10-2024T01:22:50 - [TEST_STEP][PASSED] - println(isRequiredTextPresent): null

05-10-2024T01:22:50 - [TEST_STEP][PASSED] - if (isRequiredTextPresent): null

05-10-2024T01:22:50 - [TEST_STEP][PASSED] - if (verifyTextPresent("UDF3 Label:", false)): null

05-10-2024T01:22:50 - [MESSAGE][PASSED] - Text 'UDF3 Label:' is present on page 

05-10-2024T01:22:50 - [TEST_STEP][PASSED] - isRequiredTextPresent = true: null

05-10-2024T01:22:51 - [TEST_STEP][PASSED] - println(isRequiredTextPresent): null

05-10-2024T01:22:51 - [TEST_STEP][PASSED] - if (isRequiredTextPresent): null

05-10-2024T01:22:51 - [TEST_STEP][PASSED] - if (verifyTextPresent("UDF4 Label:", false)): null

05-10-2024T01:22:51 - [MESSAGE][PASSED] - Text 'UDF4 Label:' is present on page 

05-10-2024T01:22:51 - [TEST_STEP][PASSED] - isRequiredTextPresent = true: null

05-10-2024T01:22:51 - [TEST_STEP][PASSED] - println(isRequiredTextPresent): null

05-10-2024T01:22:51 - [TEST_STEP][PASSED] - if (isRequiredTextPresent): null

05-10-2024T01:22:51 - [TEST_STEP][PASSED] - if (verifyTextPresent("UDF7 Label:", false)): null

05-10-2024T01:22:51 - [MESSAGE][PASSED] - Text 'UDF7 Label:' is present on page 

05-10-2024T01:22:51 - [TEST_STEP][PASSED] - isRequiredTextPresent = true: null

05-10-2024T01:22:51 - [TEST_STEP][PASSED] - println(isRequiredTextPresent): null

05-10-2024T01:22:51 - [TEST_STEP][PASSED] - if (isRequiredTextPresent): null

05-10-2024T01:22:51 - [TEST_STEP][PASSED] - if (verifyTextPresent("UDF8 Label:", false)): null

05-10-2024T01:22:51 - [MESSAGE][PASSED] - Text 'UDF8 Label:' is present on page 

05-10-2024T01:22:51 - [TEST_STEP][PASSED] - isRequiredTextPresent = true: null

05-10-2024T01:22:51 - [TEST_STEP][PASSED] - println(isRequiredTextPresent): null

05-10-2024T01:22:51 - [TEST_STEP][PASSED] - if (isRequiredTextPresent): null

05-10-2024T01:22:51 - [TEST_STEP][PASSED] - if (verifyTextPresent("UDF9 Label:", false)): null

05-10-2024T01:22:52 - [MESSAGE][PASSED] - Text 'UDF9 Label:' is present on page 

05-10-2024T01:22:52 - [TEST_STEP][PASSED] - isRequiredTextPresent = true: null

05-10-2024T01:22:52 - [TEST_STEP][PASSED] - println(isRequiredTextPresent): null

05-10-2024T01:22:52 - [TEST_STEP][PASSED] - if (isRequiredTextPresent): null

05-10-2024T01:22:52 - [TEST_STEP][PASSED] - if (verifyTextPresent("Account Information", false)): null

05-10-2024T01:22:52 - [MESSAGE][PASSED] - Text 'Account Information' is present on page 

05-10-2024T01:22:52 - [TEST_STEP][PASSED] - isRequiredTextPresent = true: null

05-10-2024T01:22:52 - [TEST_STEP][PASSED] - println(isRequiredTextPresent): null

05-10-2024T01:22:52 - [TEST_STEP][PASSED] - if (isRequiredTextPresent): null

05-10-2024T01:22:52 - [TEST_STEP][PASSED] - if (verifyTextPresent("First Name on Check:", false)): null

05-10-2024T01:22:52 - [MESSAGE][PASSED] - Text 'First Name on Check:' is present on page 

05-10-2024T01:22:52 - [TEST_STEP][PASSED] - isRequiredTextPresent = true: null

05-10-2024T01:22:52 - [TEST_STEP][PASSED] - println(isRequiredTextPresent): null

05-10-2024T01:22:52 - [TEST_STEP][PASSED] - if (isRequiredTextPresent): null

05-10-2024T01:22:52 - [TEST_STEP][PASSED] - if (verifyTextPresent("Last Name on Check:", false)): null

05-10-2024T01:22:52 - [MESSAGE][PASSED] - Text 'Last Name on Check:' is present on page 

05-10-2024T01:22:52 - [TEST_STEP][PASSED] - isRequiredTextPresent = true: null

05-10-2024T01:22:52 - [TEST_STEP][PASSED] - println(isRequiredTextPresent): null

05-10-2024T01:22:52 - [TEST_STEP][PASSED] - if (isRequiredTextPresent): null

05-10-2024T01:22:52 - [TEST_STEP][PASSED] - if (verifyTextPresent("Routing Transit Number:", false)): null

05-10-2024T01:22:53 - [MESSAGE][PASSED] - Text 'Routing Transit Number:' is present on page 

05-10-2024T01:22:53 - [TEST_STEP][PASSED] - isRequiredTextPresent = true: null

05-10-2024T01:22:53 - [TEST_STEP][PASSED] - println(isRequiredTextPresent): null

05-10-2024T01:22:53 - [TEST_STEP][PASSED] - if (isRequiredTextPresent): null

05-10-2024T01:22:53 - [TEST_STEP][PASSED] - if (verifyTextPresent("Account Number:", false)): null

05-10-2024T01:22:53 - [MESSAGE][PASSED] - Text 'Account Number:' is present on page 

05-10-2024T01:22:53 - [TEST_STEP][PASSED] - isRequiredTextPresent = true: null

05-10-2024T01:22:53 - [TEST_STEP][PASSED] - println(isRequiredTextPresent): null

05-10-2024T01:22:53 - [TEST_STEP][PASSED] - if (isRequiredTextPresent): null

05-10-2024T01:22:53 - [TEST_STEP][PASSED] - if (verifyTextPresent("Type of Account:", false)): null

05-10-2024T01:22:53 - [MESSAGE][PASSED] - Text 'Type of Account:' is present on page 

05-10-2024T01:22:53 - [TEST_STEP][PASSED] - isRequiredTextPresent = true: null

05-10-2024T01:22:53 - [TEST_STEP][PASSED] - println(isRequiredTextPresent): null

05-10-2024T01:22:53 - [TEST_STEP][PASSED] - if (isRequiredTextPresent): null

05-10-2024T01:22:53 - [TEST_STEP][PASSED] - if (verifyTextPresent("Address Line 1:", false)): null

05-10-2024T01:22:54 - [MESSAGE][PASSED] - Text 'Address Line 1:' is present on page 

05-10-2024T01:22:54 - [TEST_STEP][PASSED] - isRequiredTextPresent = true: null

05-10-2024T01:22:54 - [TEST_STEP][PASSED] - println(isRequiredTextPresent): null

05-10-2024T01:22:54 - [TEST_STEP][PASSED] - if (isRequiredTextPresent): null

05-10-2024T01:22:54 - [TEST_STEP][PASSED] - if (verifyTextPresent("Address Line 2:", false)): null

05-10-2024T01:22:54 - [MESSAGE][PASSED] - Text 'Address Line 2:' is present on page 

05-10-2024T01:22:54 - [TEST_STEP][PASSED] - isRequiredTextPresent = true: null

05-10-2024T01:22:54 - [TEST_STEP][PASSED] - println(isRequiredTextPresent): null

05-10-2024T01:22:54 - [TEST_STEP][PASSED] - if (isRequiredTextPresent): null

05-10-2024T01:22:54 - [TEST_STEP][PASSED] - if (verifyTextPresent("Country:", false)): null

05-10-2024T01:22:54 - [MESSAGE][PASSED] - Text 'Country:' is present on page 

05-10-2024T01:22:54 - [TEST_STEP][PASSED] - isRequiredTextPresent = true: null

05-10-2024T01:22:54 - [TEST_STEP][PASSED] - println(isRequiredTextPresent): null

05-10-2024T01:22:54 - [TEST_STEP][PASSED] - if (isRequiredTextPresent): null

05-10-2024T01:22:54 - [TEST_STEP][PASSED] - if (verifyTextPresent("City:", false)): null

05-10-2024T01:22:54 - [MESSAGE][PASSED] - Text 'City:' is present on page 

05-10-2024T01:22:54 - [TEST_STEP][PASSED] - isRequiredTextPresent = true: null

05-10-2024T01:22:54 - [TEST_STEP][PASSED] - println(isRequiredTextPresent): null

05-10-2024T01:22:54 - [TEST_STEP][PASSED] - if (isRequiredTextPresent): null

05-10-2024T01:22:54 - [TEST_STEP][PASSED] - if (verifyTextPresent("State:", false)): null

05-10-2024T01:22:55 - [MESSAGE][PASSED] - Text 'State:' is present on page 

05-10-2024T01:22:55 - [TEST_STEP][PASSED] - isRequiredTextPresent = true: null

05-10-2024T01:22:55 - [TEST_STEP][PASSED] - println(isRequiredTextPresent): null

05-10-2024T01:22:55 - [TEST_STEP][PASSED] - if (isRequiredTextPresent): null

05-10-2024T01:22:55 - [TEST_STEP][PASSED] - if (verifyTextPresent("ZIP Code:", false)): null

05-10-2024T01:22:55 - [MESSAGE][PASSED] - Text 'ZIP Code:' is present on page 

05-10-2024T01:22:55 - [TEST_STEP][PASSED] - isRequiredTextPresent = true: null

05-10-2024T01:22:55 - [TEST_STEP][PASSED] - println(isRequiredTextPresent): null

05-10-2024T01:22:55 - [TEST_STEP][PASSED] - if (isRequiredTextPresent): null

05-10-2024T01:22:55 - [TEST_STEP][PASSED] - if (verifyTextPresent("Email Address:", false)): null

05-10-2024T01:22:55 - [MESSAGE][PASSED] - Text 'Email Address:' is present on page 

05-10-2024T01:22:55 - [TEST_STEP][PASSED] - isRequiredTextPresent = true: null

05-10-2024T01:22:55 - [TEST_STEP][PASSED] - println(isRequiredTextPresent): null

05-10-2024T01:22:55 - [TEST_STEP][PASSED] - if (isRequiredTextPresent): null

05-10-2024T01:22:55 - [TEST_STEP][PASSED] - if (verifyTextPresent("Payment Plan Information:", false)): null

05-10-2024T01:22:56 - [MESSAGE][PASSED] - Text 'Payment Plan Information:' is present on page 

05-10-2024T01:22:56 - [TEST_STEP][PASSED] - isRequiredTextPresent = true: null

05-10-2024T01:22:56 - [TEST_STEP][PASSED] - println(isRequiredTextPresent): null

05-10-2024T01:22:56 - [TEST_STEP][PASSED] - if (isRequiredTextPresent): null

05-10-2024T01:22:56 - [TEST_STEP][PASSED] - if (verifyTextPresent("Payment Plan Type:", false)): null

05-10-2024T01:22:56 - [MESSAGE][PASSED] - Text 'Payment Plan Type:' is present on page 

05-10-2024T01:22:56 - [TEST_STEP][PASSED] - isRequiredTextPresent = true: null

05-10-2024T01:22:56 - [TEST_STEP][PASSED] - println(isRequiredTextPresent): null

05-10-2024T01:22:56 - [TEST_STEP][PASSED] - if (isRequiredTextPresent): null

05-10-2024T01:22:56 - [TEST_STEP][PASSED] - if (verifyTextPresent("Payment Plan Status:", false)): null

05-10-2024T01:22:56 - [MESSAGE][PASSED] - Text 'Payment Plan Status:' is present on page 

05-10-2024T01:22:56 - [TEST_STEP][PASSED] - isRequiredTextPresent = true: null

05-10-2024T01:22:56 - [TEST_STEP][PASSED] - println(isRequiredTextPresent): null

05-10-2024T01:22:56 - [TEST_STEP][PASSED] - if (isRequiredTextPresent): null

05-10-2024T01:22:56 - [TEST_STEP][PASSED] - if (verifyTextPresent("Payment Plan ID:", false)): null

05-10-2024T01:22:56 - [MESSAGE][PASSED] - Text 'Payment Plan ID:' is present on page 

05-10-2024T01:22:56 - [TEST_STEP][PASSED] - isRequiredTextPresent = true: null

05-10-2024T01:22:56 - [TEST_STEP][PASSED] - println(isRequiredTextPresent): null

05-10-2024T01:22:56 - [TEST_STEP][PASSED] - if (isRequiredTextPresent): null

05-10-2024T01:22:56 - [TEST_STEP][PASSED] - if (verifyTextPresent("Payment Plan Start Date:", false)): null

05-10-2024T01:22:57 - [MESSAGE][PASSED] - Text 'Payment Plan Start Date:' is present on page 

05-10-2024T01:22:57 - [TEST_STEP][PASSED] - isRequiredTextPresent = true: null

05-10-2024T01:22:57 - [TEST_STEP][PASSED] - println(isRequiredTextPresent): null

05-10-2024T01:22:57 - [TEST_STEP][PASSED] - if (isRequiredTextPresent): null

05-10-2024T01:22:57 - [TEST_STEP][PASSED] - if (verifyTextPresent("Amount:", false)): null

05-10-2024T01:22:57 - [MESSAGE][PASSED] - Text 'Amount:' is present on page 

05-10-2024T01:22:57 - [TEST_STEP][PASSED] - isRequiredTextPresent = true: null

05-10-2024T01:22:57 - [TEST_STEP][PASSED] - println(isRequiredTextPresent): null

05-10-2024T01:22:57 - [TEST_STEP][PASSED] - if (isRequiredTextPresent == true): pages.WriteExcel.demoKey is PASSED

05-10-2024T01:22:57 - [TEST_STEP][PASSED] - println("All the relevant texts are present on Receipt Page"): null

05-10-2024T01:22:57 - [TEST_STEP][PASSED] - markPassed("All the relevant texts are present on Receipt Page"): All the relevant texts are present on Receipt Page

05-10-2024T01:22:57 - [MESSAGE][PASSED] - All the relevant texts are present on Receipt Page

05-10-2024T01:22:57 - [TEST_STEP][PASSED] - resText = "Pass": null

05-10-2024T01:22:57 - [TEST_STEP][PASSED] - pages.WriteExcel.demoKey(resText, datText, resColumn, datCloumn, fileLoc, nameSheet, row): pages.WriteExcel.demoKey is PASSED

05-10-2024T01:22:57 - [MESSAGE][PASSED] - pages.WriteExcel.demoKey is PASSED

05-10-2024T01:22:57 - [TEST_STEP][PASSED] - closeBrowser(): Browser is closed

05-10-2024T01:22:57 - [MESSAGE][PASSED] - Browser is closed]]></system-out>
         <system-err><![CDATA[]]></system-err>
      </testcase>
      <testcase name="Test Cases/IntegratedWeb/IWP25/Payments/VerifyCancelReceiptLabelsDeferredPS" time="80.453" classname="Test Cases/IntegratedWeb/IWP25/Payments/VerifyCancelReceiptLabelsDeferredPS" status="PASSED">
         <system-out><![CDATA[05-10-2024T01:22:57 - [TEST_CASE][PASSED] - Test Cases/IntegratedWeb/IWP25/Payments/VerifyCancelReceiptLabelsDeferredPS: Test Cases/IntegratedWeb/IWP25/Payments/VerifyCancelReceiptLabelsDeferredPS

05-10-2024T01:22:58 - [TEST_STEP][PASSED] - resText = "Fail": null

05-10-2024T01:22:58 - [TEST_STEP][PASSED] - resColumn = "Result": null

05-10-2024T01:22:58 - [TEST_STEP][PASSED] - datCloumn = "Date": null

05-10-2024T01:22:58 - [TEST_STEP][PASSED] - fileLoc = "KatalonData/IWPTestData/VRelay25PaymentsExtension.xlsx": null

05-10-2024T01:22:58 - [TEST_STEP][PASSED] - numOfRows = <not implemented yet for class: org.codehaus.groovy.ast.expr.EmptyExpression>: null

05-10-2024T01:22:58 - [TEST_STEP][PASSED] - dataFile = <not implemented yet for class: org.codehaus.groovy.ast.expr.EmptyExpression>: null

05-10-2024T01:22:58 - [TEST_STEP][PASSED] - nameSheet = <not implemented yet for class: org.codehaus.groovy.ast.expr.EmptyExpression>: null

05-10-2024T01:22:58 - [TEST_STEP][PASSED] - dataFileEmulator = <not implemented yet for class: org.codehaus.groovy.ast.expr.EmptyExpression>: null

05-10-2024T01:22:58 - [TEST_STEP][PASSED] - isRequiredTextPresent = false: null

05-10-2024T01:22:58 - [TEST_STEP][PASSED] - nameSheet = "VerifyCancelLabelDeferredPS": null

05-10-2024T01:22:58 - [TEST_STEP][PASSED] - dataFile = getExcelDataWithDefaultSheet("KatalonData/IWPTestData/VRelay25PaymentsExtension.xlsx", nameSheet, true): null

05-10-2024T01:22:58 - [TEST_STEP][PASSED] - dataFileEmulator = "IWPTestData/EmulatorData": null

05-10-2024T01:22:58 - [TEST_STEP][PASSED] - numOfRows = dataFile.getRowNumbers(): null

05-10-2024T01:22:58 - [TEST_STEP][PASSED] - println("Number of Records: " + numOfRows): null

05-10-2024T01:22:58 - [TEST_STEP][PASSED] - for ([row = 1, row <= numOfRows, (row++)]): Browser is closed

05-10-2024T01:22:58 - [TEST_STEP][PASSED] - ExecuteTC = dataFile.getValue("Execute", row): null

05-10-2024T01:22:58 - [TEST_STEP][PASSED] - out.println("Value of Execute is : " + ExecuteTC): null

05-10-2024T01:22:58 - [TEST_STEP][PASSED] - if (ExecuteTC.equalsIgnoreCase("Y")): null

05-10-2024T01:22:58 - [TEST_STEP][PASSED] - out.println("Begin Record Number: " + row): null

05-10-2024T01:22:58 - [TEST_STEP][PASSED] - today = new java.util.Date(): null

05-10-2024T01:22:58 - [TEST_STEP][PASSED] - println(today): null

05-10-2024T01:22:58 - [TEST_STEP][PASSED] - datText = today: null

05-10-2024T01:22:58 - [TEST_STEP][PASSED] - EmulatorDataKey = dataFile.getValue("EmulatorData", row): null

05-10-2024T01:22:58 - [TEST_STEP][PASSED] - out.println("Value of Emulator Key is : " + EmulatorDataKey): null

05-10-2024T01:22:58 - [TEST_STEP][PASSED] - iwpPages.emulatorIWP30.setDataEmulator_DD(EmulatorDataKey): iwpPages.emulatorIWP30.setDataEmulator_DD is PASSED

05-10-2024T01:22:58 - [MESSAGE][INFO] - Starting 'Edge Chromium' driver

05-10-2024T01:22:58 - [MESSAGE][INFO] - User set preference: ['acceptInsecureCerts', 'true']

05-10-2024T01:23:00 - [MESSAGE][INFO] - Action delay is set to 0 milliseconds

05-10-2024T01:23:03 - [MESSAGE][PASSED] - Browser is opened with url: 'https://qa.velocitypayment.com/agency/config.do?action=editor&message_version=2_5'

05-10-2024T01:23:03 - [MESSAGE][PASSED] - Current window maximized

05-10-2024T01:23:04 - [MESSAGE][PASSED] - All options with value '2.5' are selected in object 'Object Repository/IWP30/Page_VRelay30Emulator/MV'  using regular expression

05-10-2024T01:23:05 - [MESSAGE][PASSED] - Text '10.50' is set on object 'Object Repository/IWP30/Page_VRelay30Emulator/Amount'

05-10-2024T01:23:05 - [MESSAGE][PASSED] - Text 'LKU81bszki0R' is set on object 'Object Repository/IWP30/Page_VRelay30Emulator/CAN'

05-10-2024T01:23:06 - [MESSAGE][PASSED] - Text 'PayNow' is set on object 'Object Repository/IWP30/Page_VRelay30Emulator/Action'

05-10-2024T01:23:07 - [MESSAGE][PASSED] - Text 'en_US' is set on object 'Object Repository/IWP30/Page_VRelay30Emulator/Lang'

05-10-2024T01:23:07 - [MESSAGE][PASSED] - Text '' is set on object 'Object Repository/IWP30/Page_VRelay30Emulator/Fname'

05-10-2024T01:23:08 - [MESSAGE][PASSED] - Text '' is set on object 'Object Repository/IWP30/Page_VRelay30Emulator/Lname'

05-10-2024T01:23:08 - [MESSAGE][PASSED] - Text '' is set on object 'Object Repository/IWP30/Page_VRelay30Emulator/AL1'

05-10-2024T01:23:09 - [MESSAGE][PASSED] - Text '' is set on object 'Object Repository/IWP30/Page_VRelay30Emulator/AL2'

05-10-2024T01:23:09 - [MESSAGE][PASSED] - Text '' is set on object 'Object Repository/IWP30/Page_VRelay30Emulator/Country'

05-10-2024T01:23:10 - [MESSAGE][PASSED] - Text '' is set on object 'Object Repository/IWP30/Page_VRelay30Emulator/City'

05-10-2024T01:23:11 - [MESSAGE][PASSED] - Text '' is set on object 'Object Repository/IWP30/Page_VRelay30Emulator/State'

05-10-2024T01:23:11 - [MESSAGE][PASSED] - Text '' is set on object 'Object Repository/IWP30/Page_VRelay30Emulator/ZIP'

05-10-2024T01:23:12 - [MESSAGE][PASSED] - Text '' is set on object 'Object Repository/IWP30/Page_VRelay30Emulator/Order'

05-10-2024T01:23:12 - [MESSAGE][PASSED] - Text '' is set on object 'Object Repository/IWP30/Page_VRelay30Emulator/Company'

05-10-2024T01:23:13 - [MESSAGE][PASSED] - Text '' is set on object 'Object Repository/IWP30/Page_VRelay30Emulator/Email'

05-10-2024T01:23:13 - [MESSAGE][PASSED] - Text '' is set on object 'Object Repository/IWP30/Page_VRelay30Emulator/UDF1'

05-10-2024T01:23:14 - [MESSAGE][PASSED] - Text '' is set on object 'Object Repository/IWP30/Page_VRelay30Emulator/UDF2'

05-10-2024T01:23:14 - [MESSAGE][PASSED] - Text '' is set on object 'Object Repository/IWP30/Page_VRelay30Emulator/UDF3'

05-10-2024T01:23:15 - [MESSAGE][PASSED] - Text 'udf data 4' is set on object 'Object Repository/IWP30/Page_VRelay30Emulator/UDF4'

05-10-2024T01:23:16 - [MESSAGE][PASSED] - Text 'udf data 5' is set on object 'Object Repository/IWP30/Page_VRelay30Emulator/UDF5'

05-10-2024T01:23:16 - [MESSAGE][PASSED] - Text '' is set on object 'Object Repository/IWP30/Page_VRelay30Emulator/UDF6'

05-10-2024T01:23:17 - [MESSAGE][PASSED] - Text '' is set on object 'Object Repository/IWP30/Page_VRelay30Emulator/UDF7'

05-10-2024T01:23:17 - [MESSAGE][PASSED] - Text '' is set on object 'Object Repository/IWP30/Page_VRelay30Emulator/UDF8'

05-10-2024T01:23:18 - [MESSAGE][PASSED] - Text 'udf data 9' is set on object 'Object Repository/IWP30/Page_VRelay30Emulator/UDF9'

05-10-2024T01:23:19 - [MESSAGE][PASSED] - Text 'udf data 10' is set on object 'Object Repository/IWP30/Page_VRelay30Emulator/UDF10'

05-10-2024T01:23:20 - [MESSAGE][PASSED] - Object: 'Object Repository/IWP30/Page_VRelay30Emulator/Submit' is clicked on

05-10-2024T01:23:24 - [MESSAGE][PASSED] - Browser is closed

05-10-2024T01:23:28 - [MESSAGE][PASSED] - iwpPages.emulatorIWP30.setDataEmulator_DD is PASSED

05-10-2024T01:23:28 - [TEST_STEP][PASSED] - testHarnessURL = urlTestHarness: null

05-10-2024T01:23:28 - [TEST_STEP][PASSED] - openBrowser(testHarnessURL): Browser is opened with url: 'https://dev-algorithm.govolution.com/vrelaytest/QA/version_2_2/vrelaytest.html'

05-10-2024T01:23:28 - [MESSAGE][INFO] - Starting 'Edge Chromium' driver

05-10-2024T01:23:28 - [MESSAGE][INFO] - User set preference: ['acceptInsecureCerts', 'true']

05-10-2024T01:23:30 - [MESSAGE][INFO] - Action delay is set to 0 milliseconds

05-10-2024T01:23:33 - [MESSAGE][PASSED] - Browser is opened with url: 'https://dev-algorithm.govolution.com/vrelaytest/QA/version_2_2/vrelaytest.html'

05-10-2024T01:23:33 - [TEST_STEP][PASSED] - maximizeWindow(): Current window maximized

05-10-2024T01:23:33 - [MESSAGE][PASSED] - Current window maximized

05-10-2024T01:23:33 - [TEST_STEP][PASSED] - iwpPages.TestHarnessPage.setDataMethodEF(row, dataFile): iwpPages.TestHarnessPage.setDataMethodEF is PASSED

05-10-2024T01:23:34 - [MESSAGE][PASSED] - Object 'Object Repository/IWP30/Page_QATestHarness/RemittanceID' is present

05-10-2024T01:23:34 - [MESSAGE][PASSED] - Text '638' is set on object 'Object Repository/IWP30/Page_QATestHarness/ApplicationID'

05-10-2024T01:23:35 - [MESSAGE][PASSED] - Text '2.5' is set on object 'Object Repository/IWP30/Page_QATestHarness/MessageVersion'

05-10-2024T01:23:36 - [MESSAGE][PASSED] - Text 'Oy8hruedfsti' is set on object 'Object Repository/IWP30/Page_QATestHarness/RemittanceID'

05-10-2024T01:23:40 - [MESSAGE][PASSED] - Object: 'Object Repository/IWP30/Page_QATestHarness/SubmitButton' is clicked on

05-10-2024T01:23:40 - [MESSAGE][PASSED] - iwpPages.TestHarnessPage.setDataMethodEF is PASSED

05-10-2024T01:23:40 - [TEST_STEP][PASSED] - click(findTestObject("Object Repository/IWP30/Page_SelectPaymentMethod/PayByPersonalCheck")): Object: 'Object Repository/IWP30/Page_SelectPaymentMethod/PayByPersonalCheck' is clicked on

05-10-2024T01:23:40 - [MESSAGE][PASSED] - Object: 'Object Repository/IWP30/Page_SelectPaymentMethod/PayByPersonalCheck' is clicked on

05-10-2024T01:23:40 - [TEST_STEP][PASSED] - click(findTestObject("Object Repository/IWP30/Page_SelectPaymentMethod/MakePaymentButton")): Object: 'Object Repository/IWP30/Page_SelectPaymentMethod/MakePaymentButton' is clicked on

05-10-2024T01:23:42 - [MESSAGE][PASSED] - Object: 'Object Repository/IWP30/Page_SelectPaymentMethod/MakePaymentButton' is clicked on

05-10-2024T01:23:42 - [TEST_STEP][PASSED] - iwpPages.achPersonalPaymentEntryPage.setDataACHPPM(row, dataFile): iwpPages.achPersonalPaymentEntryPage.setDataACHPPM is PASSED

05-10-2024T01:23:42 - [MESSAGE][PASSED] - Object 'Object Repository/IWP30/Page_ACHPersonalPaymentEntry/txt_accountNumber' is present

05-10-2024T01:23:43 - [MESSAGE][PASSED] - Text '10.50' is set on object 'Object Repository/IWP30/Page_ACHPersonalPaymentEntry/txt_Amount'

05-10-2024T01:23:43 - [MESSAGE][PASSED] - Object 'Object Repository/IWP30/Page_ACHPersonalPaymentEntry/txt_UDF2' is present

05-10-2024T01:23:44 - [MESSAGE][PASSED] - Text 'udf data 2' is set on object 'Object Repository/IWP30/Page_ACHPersonalPaymentEntry/txt_UDF2'

05-10-2024T01:23:44 - [MESSAGE][PASSED] - Text 'udf data 3' is set on object 'Object Repository/IWP30/Page_ACHPersonalPaymentEntry/txt_UDF3'

05-10-2024T01:23:45 - [MESSAGE][PASSED] - All options with label 'Orange' are selected in object 'Object Repository/IWP30/Page_ACHPersonalPaymentEntry/dd_UDF7' 

05-10-2024T01:23:45 - [MESSAGE][PASSED] - All options with label 'Soccer' are selected in object 'Object Repository/IWP30/Page_ACHPersonalPaymentEntry/dd_UDF8' 

05-10-2024T01:23:46 - [MESSAGE][PASSED] - Object 'Object Repository/IWP30/Page_ACHPersonalPaymentEntry/txt_Firstname' is present

05-10-2024T01:23:46 - [MESSAGE][PASSED] - Text 'Elizath' is set on object 'Object Repository/IWP30/Page_ACHPersonalPaymentEntry/txt_Firstname'

05-10-2024T01:23:46 - [MESSAGE][PASSED] - Object 'Object Repository/IWP30/Page_ACHPersonalPaymentEntry/txt_Lastname' is present

05-10-2024T01:23:47 - [MESSAGE][PASSED] - Text 'Christine' is set on object 'Object Repository/IWP30/Page_ACHPersonalPaymentEntry/txt_Lastname'

05-10-2024T01:23:47 - [MESSAGE][PASSED] - Object 'Object Repository/IWP30/Page_ACHPersonalPaymentEntry/txt_routingNumber' is present

05-10-2024T01:23:48 - [MESSAGE][PASSED] - Text '256072691' is set on object 'Object Repository/IWP30/Page_ACHPersonalPaymentEntry/txt_routingNumber'

05-10-2024T01:23:48 - [MESSAGE][PASSED] - Object 'Object Repository/IWP30/Page_ACHPersonalPaymentEntry/txt_accountNumber' is present

05-10-2024T01:23:49 - [MESSAGE][PASSED] - Text '12344444' is set on object 'Object Repository/IWP30/Page_ACHPersonalPaymentEntry/txt_accountNumber'

05-10-2024T01:23:50 - [MESSAGE][PASSED] - Object 'Object Repository/IWP30/Page_ACHPersonalPaymentEntry/txt_confirmAccountNumber' is present

05-10-2024T01:23:50 - [MESSAGE][PASSED] - Text '12344444' is set on object 'Object Repository/IWP30/Page_ACHPersonalPaymentEntry/txt_confirmAccountNumber'

05-10-2024T01:23:51 - [MESSAGE][PASSED] - Object 'Object Repository/IWP30/Page_ACHPersonalPaymentEntry/rd_accountType' is present

05-10-2024T01:23:51 - [MESSAGE][PASSED] - Modify property of object successfully

05-10-2024T01:23:51 - [MESSAGE][PASSED] - Object: 'Object Repository/IWP30/Page_ACHPersonalPaymentEntry/rd_accountType' is clicked on

05-10-2024T01:23:51 - [MESSAGE][PASSED] - Execute JavaScript '
				   document.getElementById('processDate').value = '08/09/2025'
				  ' successfully

05-10-2024T01:23:52 - [MESSAGE][PASSED] - Text '365 Main Avenue' is set on object 'Object Repository/IWP30/Page_ACHPersonalPaymentEntry/txt_AL1'

05-10-2024T01:23:52 - [MESSAGE][PASSED] - Text 'Ohio' is set on object 'Object Repository/IWP30/Page_ACHPersonalPaymentEntry/txt_AL2'

05-10-2024T01:23:53 - [MESSAGE][PASSED] - Text '22201' is set on object 'Object Repository/IWP30/Page_ACHPersonalPaymentEntry/txt_ZIP'

05-10-2024T01:23:53 - [MESSAGE][PASSED] - Object 'Object Repository/IWP30/Page_ACHPersonalPaymentEntry/txt_Email' is present

05-10-2024T01:23:54 - [MESSAGE][PASSED] - Text 'iahmed@govolution.com' is set on object 'Object Repository/IWP30/Page_ACHPersonalPaymentEntry/txt_Email'

05-10-2024T01:23:54 - [MESSAGE][PASSED] - Object 'Object Repository/IWP30/Page_ACHPersonalPaymentEntry/cb_TermsAndCond' is present

05-10-2024T01:23:55 - [MESSAGE][PASSED] - Object: 'Object Repository/IWP30/Page_ACHPersonalPaymentEntry/cb_TermsAndCond' is clicked on

05-10-2024T01:23:55 - [MESSAGE][PASSED] - Object 'Object Repository/IWP30/Page_ACHPersonalPaymentEntry/btn_Continue' is present

05-10-2024T01:23:56 - [MESSAGE][PASSED] - Object: 'Object Repository/IWP30/Page_ACHPersonalPaymentEntry/btn_Continue' is clicked on

05-10-2024T01:23:56 - [MESSAGE][PASSED] - iwpPages.achPersonalPaymentEntryPage.setDataACHPPM is PASSED

05-10-2024T01:23:56 - [TEST_STEP][PASSED] - click(findTestObject("Object Repository/IWP30/Page_Confirmation/ConfirmButton")): Object: 'Object Repository/IWP30/Page_Confirmation/ConfirmButton' is clicked on

05-10-2024T01:23:58 - [MESSAGE][PASSED] - Object: 'Object Repository/IWP30/Page_Confirmation/ConfirmButton' is clicked on

05-10-2024T01:23:58 - [TEST_STEP][PASSED] - Thread.sleep(2000): null

05-10-2024T01:24:00 - [TEST_STEP][PASSED] - if (verifyTextPresent("Deferred", false)): null

05-10-2024T01:24:00 - [MESSAGE][PASSED] - Text 'Deferred' is present on page 

05-10-2024T01:24:00 - [TEST_STEP][PASSED] - click(findTestObject("Object Repository/IWP30/Page_Receipt/ViewScheduledPaymentsButton")): Object: 'Object Repository/IWP30/Page_Receipt/ViewScheduledPaymentsButton' is clicked on

05-10-2024T01:24:00 - [MESSAGE][PASSED] - Object: 'Object Repository/IWP30/Page_Receipt/ViewScheduledPaymentsButton' is clicked on

05-10-2024T01:24:00 - [TEST_STEP][PASSED] - switchToWindowTitle("View Scheduled Payments"): Switched to window with title: 'View Scheduled Payments'

05-10-2024T01:24:01 - [MESSAGE][PASSED] - Switched to window with title: 'View Scheduled Payments'

05-10-2024T01:24:01 - [TEST_STEP][PASSED] - Thread.sleep(5000): null

05-10-2024T01:24:06 - [TEST_STEP][PASSED] - if (verifyTextPresent("View Scheduled Payments", false)): null

05-10-2024T01:24:06 - [MESSAGE][PASSED] - Text 'View Scheduled Payments' is present on page 

05-10-2024T01:24:06 - [TEST_STEP][PASSED] - click(findTestObject("Object Repository/IWP30/Page_ScheduledPayments/cancel_payment")): Object: 'Object Repository/IWP30/Page_ScheduledPayments/cancel_payment' is clicked on

05-10-2024T01:24:08 - [MESSAGE][PASSED] - Object: 'Object Repository/IWP30/Page_ScheduledPayments/cancel_payment' is clicked on

05-10-2024T01:24:08 - [TEST_STEP][PASSED] - if (verifyTextPresent("Cancel Payment Plan", false)): null

05-10-2024T01:24:08 - [MESSAGE][PASSED] - Text 'Cancel Payment Plan' is present on page 

05-10-2024T01:24:08 - [TEST_STEP][PASSED] - click(findTestObject("Object Repository/IWP30/Page_PaymentPlan/btn_cancel")): Object: 'Object Repository/IWP30/Page_PaymentPlan/btn_cancel' is clicked on

05-10-2024T01:24:08 - [MESSAGE][PASSED] - Object: 'Object Repository/IWP30/Page_PaymentPlan/btn_cancel' is clicked on

05-10-2024T01:24:08 - [TEST_STEP][PASSED] - acceptAlert(): Alert accepted

05-10-2024T01:24:08 - [MESSAGE][PASSED] - Alert accepted

05-10-2024T01:24:08 - [TEST_STEP][PASSED] - if (verifyTextPresent("Your payment plan has been successfully canceled", false)): null

05-10-2024T01:24:10 - [MESSAGE][PASSED] - Text 'Your payment plan has been successfully canceled' is present on page 

05-10-2024T01:24:10 - [TEST_STEP][PASSED] - isRequiredTextPresent = true: null

05-10-2024T01:24:10 - [TEST_STEP][PASSED] - println(isRequiredTextPresent): null

05-10-2024T01:24:10 - [TEST_STEP][PASSED] - if (isRequiredTextPresent): null

05-10-2024T01:24:10 - [TEST_STEP][PASSED] - if (verifyTextPresent("CAN Label:", false)): null

05-10-2024T01:24:10 - [MESSAGE][PASSED] - Text 'CAN Label:' is present on page 

05-10-2024T01:24:10 - [TEST_STEP][PASSED] - isRequiredTextPresent = true: null

05-10-2024T01:24:10 - [TEST_STEP][PASSED] - println(isRequiredTextPresent): null

05-10-2024T01:24:10 - [TEST_STEP][PASSED] - if (isRequiredTextPresent): null

05-10-2024T01:24:10 - [TEST_STEP][PASSED] - if (verifyTextPresent("Please verify the following information:", false)): null

05-10-2024T01:24:10 - [MESSAGE][PASSED] - Text 'Please verify the following information:' is present on page 

05-10-2024T01:24:10 - [TEST_STEP][PASSED] - isRequiredTextPresent = true: null

05-10-2024T01:24:10 - [TEST_STEP][PASSED] - println(isRequiredTextPresent): null

05-10-2024T01:24:10 - [TEST_STEP][PASSED] - if (isRequiredTextPresent): null

05-10-2024T01:24:10 - [TEST_STEP][PASSED] - if (verifyTextPresent("Payment Information:", false)): null

05-10-2024T01:24:11 - [MESSAGE][PASSED] - Text 'Payment Information:' is present on page 

05-10-2024T01:24:11 - [TEST_STEP][PASSED] - isRequiredTextPresent = true: null

05-10-2024T01:24:11 - [TEST_STEP][PASSED] - println(isRequiredTextPresent): null

05-10-2024T01:24:11 - [TEST_STEP][PASSED] - if (isRequiredTextPresent): null

05-10-2024T01:24:11 - [TEST_STEP][PASSED] - if (verifyTextPresent("UDF2 Label:", false)): null

05-10-2024T01:24:11 - [MESSAGE][PASSED] - Text 'UDF2 Label:' is present on page 

05-10-2024T01:24:11 - [TEST_STEP][PASSED] - isRequiredTextPresent = true: null

05-10-2024T01:24:11 - [TEST_STEP][PASSED] - println(isRequiredTextPresent): null

05-10-2024T01:24:11 - [TEST_STEP][PASSED] - if (isRequiredTextPresent): null

05-10-2024T01:24:11 - [TEST_STEP][PASSED] - if (verifyTextPresent("UDF3 Label:", false)): null

05-10-2024T01:24:11 - [MESSAGE][PASSED] - Text 'UDF3 Label:' is present on page 

05-10-2024T01:24:11 - [TEST_STEP][PASSED] - isRequiredTextPresent = true: null

05-10-2024T01:24:11 - [TEST_STEP][PASSED] - println(isRequiredTextPresent): null

05-10-2024T01:24:11 - [TEST_STEP][PASSED] - if (isRequiredTextPresent): null

05-10-2024T01:24:11 - [TEST_STEP][PASSED] - if (verifyTextPresent("UDF4 Label:", false)): null

05-10-2024T01:24:11 - [MESSAGE][PASSED] - Text 'UDF4 Label:' is present on page 

05-10-2024T01:24:11 - [TEST_STEP][PASSED] - isRequiredTextPresent = true: null

05-10-2024T01:24:11 - [TEST_STEP][PASSED] - println(isRequiredTextPresent): null

05-10-2024T01:24:11 - [TEST_STEP][PASSED] - if (isRequiredTextPresent): null

05-10-2024T01:24:11 - [TEST_STEP][PASSED] - if (verifyTextPresent("UDF7 Label:", false)): null

05-10-2024T01:24:12 - [MESSAGE][PASSED] - Text 'UDF7 Label:' is present on page 

05-10-2024T01:24:12 - [TEST_STEP][PASSED] - isRequiredTextPresent = true: null

05-10-2024T01:24:12 - [TEST_STEP][PASSED] - println(isRequiredTextPresent): null

05-10-2024T01:24:12 - [TEST_STEP][PASSED] - if (isRequiredTextPresent): null

05-10-2024T01:24:12 - [TEST_STEP][PASSED] - if (verifyTextPresent("UDF8 Label:", false)): null

05-10-2024T01:24:12 - [MESSAGE][PASSED] - Text 'UDF8 Label:' is present on page 

05-10-2024T01:24:12 - [TEST_STEP][PASSED] - isRequiredTextPresent = true: null

05-10-2024T01:24:12 - [TEST_STEP][PASSED] - println(isRequiredTextPresent): null

05-10-2024T01:24:12 - [TEST_STEP][PASSED] - if (isRequiredTextPresent): null

05-10-2024T01:24:12 - [TEST_STEP][PASSED] - if (verifyTextPresent("UDF9 Label:", false)): null

05-10-2024T01:24:12 - [MESSAGE][PASSED] - Text 'UDF9 Label:' is present on page 

05-10-2024T01:24:12 - [TEST_STEP][PASSED] - isRequiredTextPresent = true: null

05-10-2024T01:24:12 - [TEST_STEP][PASSED] - println(isRequiredTextPresent): null

05-10-2024T01:24:12 - [TEST_STEP][PASSED] - if (isRequiredTextPresent): null

05-10-2024T01:24:12 - [TEST_STEP][PASSED] - if (verifyTextPresent("Account Information", false)): null

05-10-2024T01:24:12 - [MESSAGE][PASSED] - Text 'Account Information' is present on page 

05-10-2024T01:24:12 - [TEST_STEP][PASSED] - isRequiredTextPresent = true: null

05-10-2024T01:24:12 - [TEST_STEP][PASSED] - println(isRequiredTextPresent): null

05-10-2024T01:24:12 - [TEST_STEP][PASSED] - if (isRequiredTextPresent): null

05-10-2024T01:24:12 - [TEST_STEP][PASSED] - if (verifyTextPresent("First Name on Check:", false)): null

05-10-2024T01:24:13 - [MESSAGE][PASSED] - Text 'First Name on Check:' is present on page 

05-10-2024T01:24:13 - [TEST_STEP][PASSED] - isRequiredTextPresent = true: null

05-10-2024T01:24:13 - [TEST_STEP][PASSED] - println(isRequiredTextPresent): null

05-10-2024T01:24:13 - [TEST_STEP][PASSED] - if (isRequiredTextPresent): null

05-10-2024T01:24:13 - [TEST_STEP][PASSED] - if (verifyTextPresent("Last Name on Check:", false)): null

05-10-2024T01:24:13 - [MESSAGE][PASSED] - Text 'Last Name on Check:' is present on page 

05-10-2024T01:24:13 - [TEST_STEP][PASSED] - isRequiredTextPresent = true: null

05-10-2024T01:24:13 - [TEST_STEP][PASSED] - println(isRequiredTextPresent): null

05-10-2024T01:24:13 - [TEST_STEP][PASSED] - if (isRequiredTextPresent): null

05-10-2024T01:24:13 - [TEST_STEP][PASSED] - if (verifyTextPresent("Routing Transit Number:", false)): null

05-10-2024T01:24:13 - [MESSAGE][PASSED] - Text 'Routing Transit Number:' is present on page 

05-10-2024T01:24:13 - [TEST_STEP][PASSED] - isRequiredTextPresent = true: null

05-10-2024T01:24:13 - [TEST_STEP][PASSED] - println(isRequiredTextPresent): null

05-10-2024T01:24:13 - [TEST_STEP][PASSED] - if (isRequiredTextPresent): null

05-10-2024T01:24:13 - [TEST_STEP][PASSED] - if (verifyTextPresent("Account Number:", false)): null

05-10-2024T01:24:14 - [MESSAGE][PASSED] - Text 'Account Number:' is present on page 

05-10-2024T01:24:14 - [TEST_STEP][PASSED] - isRequiredTextPresent = true: null

05-10-2024T01:24:14 - [TEST_STEP][PASSED] - println(isRequiredTextPresent): null

05-10-2024T01:24:14 - [TEST_STEP][PASSED] - if (isRequiredTextPresent): null

05-10-2024T01:24:14 - [TEST_STEP][PASSED] - if (verifyTextPresent("Type of Account:", false)): null

05-10-2024T01:24:14 - [MESSAGE][PASSED] - Text 'Type of Account:' is present on page 

05-10-2024T01:24:14 - [TEST_STEP][PASSED] - isRequiredTextPresent = true: null

05-10-2024T01:24:14 - [TEST_STEP][PASSED] - println(isRequiredTextPresent): null

05-10-2024T01:24:14 - [TEST_STEP][PASSED] - if (isRequiredTextPresent): null

05-10-2024T01:24:14 - [TEST_STEP][PASSED] - if (verifyTextPresent("Address Line 1:", false)): null

05-10-2024T01:24:14 - [MESSAGE][PASSED] - Text 'Address Line 1:' is present on page 

05-10-2024T01:24:14 - [TEST_STEP][PASSED] - isRequiredTextPresent = true: null

05-10-2024T01:24:14 - [TEST_STEP][PASSED] - println(isRequiredTextPresent): null

05-10-2024T01:24:14 - [TEST_STEP][PASSED] - if (isRequiredTextPresent): null

05-10-2024T01:24:14 - [TEST_STEP][PASSED] - if (verifyTextPresent("Address Line 2:", false)): null

05-10-2024T01:24:14 - [MESSAGE][PASSED] - Text 'Address Line 2:' is present on page 

05-10-2024T01:24:14 - [TEST_STEP][PASSED] - isRequiredTextPresent = true: null

05-10-2024T01:24:14 - [TEST_STEP][PASSED] - println(isRequiredTextPresent): null

05-10-2024T01:24:14 - [TEST_STEP][PASSED] - if (isRequiredTextPresent): null

05-10-2024T01:24:14 - [TEST_STEP][PASSED] - if (verifyTextPresent("Country:", false)): null

05-10-2024T01:24:15 - [MESSAGE][PASSED] - Text 'Country:' is present on page 

05-10-2024T01:24:15 - [TEST_STEP][PASSED] - isRequiredTextPresent = true: null

05-10-2024T01:24:15 - [TEST_STEP][PASSED] - println(isRequiredTextPresent): null

05-10-2024T01:24:15 - [TEST_STEP][PASSED] - if (isRequiredTextPresent): null

05-10-2024T01:24:15 - [TEST_STEP][PASSED] - if (verifyTextPresent("City:", false)): null

05-10-2024T01:24:15 - [MESSAGE][PASSED] - Text 'City:' is present on page 

05-10-2024T01:24:15 - [TEST_STEP][PASSED] - isRequiredTextPresent = true: null

05-10-2024T01:24:15 - [TEST_STEP][PASSED] - println(isRequiredTextPresent): null

05-10-2024T01:24:15 - [TEST_STEP][PASSED] - if (isRequiredTextPresent): null

05-10-2024T01:24:15 - [TEST_STEP][PASSED] - if (verifyTextPresent("State:", false)): null

05-10-2024T01:24:15 - [MESSAGE][PASSED] - Text 'State:' is present on page 

05-10-2024T01:24:15 - [TEST_STEP][PASSED] - isRequiredTextPresent = true: null

05-10-2024T01:24:15 - [TEST_STEP][PASSED] - println(isRequiredTextPresent): null

05-10-2024T01:24:15 - [TEST_STEP][PASSED] - if (isRequiredTextPresent): null

05-10-2024T01:24:15 - [TEST_STEP][PASSED] - if (verifyTextPresent("ZIP Code:", false)): null

05-10-2024T01:24:16 - [MESSAGE][PASSED] - Text 'ZIP Code:' is present on page 

05-10-2024T01:24:16 - [TEST_STEP][PASSED] - isRequiredTextPresent = true: null

05-10-2024T01:24:16 - [TEST_STEP][PASSED] - println(isRequiredTextPresent): null

05-10-2024T01:24:16 - [TEST_STEP][PASSED] - if (isRequiredTextPresent): null

05-10-2024T01:24:16 - [TEST_STEP][PASSED] - if (verifyTextPresent("Email Address:", false)): null

05-10-2024T01:24:16 - [MESSAGE][PASSED] - Text 'Email Address:' is present on page 

05-10-2024T01:24:16 - [TEST_STEP][PASSED] - isRequiredTextPresent = true: null

05-10-2024T01:24:16 - [TEST_STEP][PASSED] - println(isRequiredTextPresent): null

05-10-2024T01:24:16 - [TEST_STEP][PASSED] - if (isRequiredTextPresent): null

05-10-2024T01:24:16 - [TEST_STEP][PASSED] - if (verifyTextPresent("Payment Plan Information:", false)): null

05-10-2024T01:24:16 - [MESSAGE][PASSED] - Text 'Payment Plan Information:' is present on page 

05-10-2024T01:24:16 - [TEST_STEP][PASSED] - isRequiredTextPresent = true: null

05-10-2024T01:24:16 - [TEST_STEP][PASSED] - println(isRequiredTextPresent): null

05-10-2024T01:24:16 - [TEST_STEP][PASSED] - if (isRequiredTextPresent): null

05-10-2024T01:24:16 - [TEST_STEP][PASSED] - if (verifyTextPresent("Payment Plan Type:", false)): null

05-10-2024T01:24:16 - [MESSAGE][PASSED] - Text 'Payment Plan Type:' is present on page 

05-10-2024T01:24:16 - [TEST_STEP][PASSED] - isRequiredTextPresent = true: null

05-10-2024T01:24:16 - [TEST_STEP][PASSED] - println(isRequiredTextPresent): null

05-10-2024T01:24:16 - [TEST_STEP][PASSED] - if (isRequiredTextPresent): null

05-10-2024T01:24:16 - [TEST_STEP][PASSED] - if (verifyTextPresent("Payment Plan Status:", false)): null

05-10-2024T01:24:17 - [MESSAGE][PASSED] - Text 'Payment Plan Status:' is present on page 

05-10-2024T01:24:17 - [TEST_STEP][PASSED] - isRequiredTextPresent = true: null

05-10-2024T01:24:17 - [TEST_STEP][PASSED] - println(isRequiredTextPresent): null

05-10-2024T01:24:17 - [TEST_STEP][PASSED] - if (isRequiredTextPresent): null

05-10-2024T01:24:17 - [TEST_STEP][PASSED] - if (verifyTextPresent("Payment Plan ID:", false)): null

05-10-2024T01:24:17 - [MESSAGE][PASSED] - Text 'Payment Plan ID:' is present on page 

05-10-2024T01:24:17 - [TEST_STEP][PASSED] - isRequiredTextPresent = true: null

05-10-2024T01:24:17 - [TEST_STEP][PASSED] - println(isRequiredTextPresent): null

05-10-2024T01:24:17 - [TEST_STEP][PASSED] - if (isRequiredTextPresent): null

05-10-2024T01:24:17 - [TEST_STEP][PASSED] - if (verifyTextPresent("Payment Plan Start Date:", false)): null

05-10-2024T01:24:17 - [MESSAGE][PASSED] - Text 'Payment Plan Start Date:' is present on page 

05-10-2024T01:24:17 - [TEST_STEP][PASSED] - isRequiredTextPresent = true: null

05-10-2024T01:24:17 - [TEST_STEP][PASSED] - println(isRequiredTextPresent): null

05-10-2024T01:24:17 - [TEST_STEP][PASSED] - if (isRequiredTextPresent): null

05-10-2024T01:24:17 - [TEST_STEP][PASSED] - if (verifyTextPresent("Amount:", false)): null

05-10-2024T01:24:17 - [MESSAGE][PASSED] - Text 'Amount:' is present on page 

05-10-2024T01:24:17 - [TEST_STEP][PASSED] - isRequiredTextPresent = true: null

05-10-2024T01:24:17 - [TEST_STEP][PASSED] - println(isRequiredTextPresent): null

05-10-2024T01:24:17 - [TEST_STEP][PASSED] - if (isRequiredTextPresent == true): pages.WriteExcel.demoKey is PASSED

05-10-2024T01:24:17 - [TEST_STEP][PASSED] - println("All the relevant texts are present on Receipt Page"): null

05-10-2024T01:24:17 - [TEST_STEP][PASSED] - markPassed("All the relevant texts are present on Receipt Page"): All the relevant texts are present on Receipt Page

05-10-2024T01:24:17 - [MESSAGE][PASSED] - All the relevant texts are present on Receipt Page

05-10-2024T01:24:17 - [TEST_STEP][PASSED] - resText = "Pass": null

05-10-2024T01:24:17 - [TEST_STEP][PASSED] - pages.WriteExcel.demoKey(resText, datText, resColumn, datCloumn, fileLoc, nameSheet, row): pages.WriteExcel.demoKey is PASSED

05-10-2024T01:24:17 - [MESSAGE][PASSED] - pages.WriteExcel.demoKey is PASSED

05-10-2024T01:24:17 - [TEST_STEP][PASSED] - closeBrowser(): Browser is closed

05-10-2024T01:24:18 - [MESSAGE][PASSED] - Browser is closed]]></system-out>
         <system-err><![CDATA[]]></system-err>
      </testcase>
      <testcase name="Test Cases/IntegratedWeb/IWP25/Payments/VerifyConfirmPageLabelsCC" time="57.144" classname="Test Cases/IntegratedWeb/IWP25/Payments/VerifyConfirmPageLabelsCC" status="FAILED">
         <failure type="FAILED" message="Test Cases/IntegratedWeb/IWP25/Payments/VerifyConfirmPageLabelsCC FAILED.&#xa;Reason:&#xa;com.kms.katalon.core.exception.StepFailedException: Text 'Confirm Payment Information' is not present on page  (Root cause: com.kms.katalon.core.exception.StepFailedException: Text 'Confirm Payment Information' is not present on page &#xa;	at com.kms.katalon.core.webui.keyword.internal.WebUIKeywordMain.stepFailed(WebUIKeywordMain.groovy:64)&#xa;	at com.kms.katalon.core.webui.keyword.builtin.VerifyTextPresentKeyword$_verifyTextPresent_closure1.doCall(VerifyTextPresentKeyword.groovy:79)&#xa;	at com.kms.katalon.core.webui.keyword.builtin.VerifyTextPresentKeyword$_verifyTextPresent_closure1.call(VerifyTextPresentKeyword.groovy)&#xa;	at com.kms.katalon.core.webui.keyword.internal.WebUIKeywordMain.runKeyword(WebUIKeywordMain.groovy:20)&#xa;	at com.kms.katalon.core.webui.keyword.builtin.VerifyTextPresentKeyword.verifyTextPresent(VerifyTextPresentKeyword.groovy:83)&#xa;	at com.kms.katalon.core.webui.keyword.builtin.VerifyTextPresentKeyword.execute(VerifyTextPresentKeyword.groovy:68)&#xa;	at com.kms.katalon.core.keyword.internal.KeywordExecutor.executeKeywordForPlatform(KeywordExecutor.groovy:74)&#xa;	at com.kms.katalon.core.webui.keyword.WebUiBuiltInKeywords.verifyTextPresent(WebUiBuiltInKeywords.groovy:1762)&#xa;	at VerifyConfirmPageLabelsCC.run(VerifyConfirmPageLabelsCC:97)&#xa;	at com.kms.katalon.core.main.ScriptEngine.run(ScriptEngine.java:194)&#xa;	at com.kms.katalon.core.main.ScriptEngine.runScriptAsRawText(ScriptEngine.java:119)&#xa;	at com.kms.katalon.core.main.TestCaseExecutor.runScript(TestCaseExecutor.java:448)&#xa;	at com.kms.katalon.core.main.TestCaseExecutor.doExecute(TestCaseExecutor.java:439)&#xa;	at com.kms.katalon.core.main.TestCaseExecutor.processExecutionPhase(TestCaseExecutor.java:418)&#xa;	at com.kms.katalon.core.main.TestCaseExecutor.accessMainPhase(TestCaseExecutor.java:410)&#xa;	at com.kms.katalon.core.main.TestCaseExecutor.execute(TestCaseExecutor.java:285)&#xa;	at com.kms.katalon.core.common.CommonExecutor.accessTestCaseMainPhase(CommonExecutor.java:65)&#xa;	at com.kms.katalon.core.main.TestSuiteExecutor.accessTestSuiteMainPhase(TestSuiteExecutor.java:150)&#xa;	at com.kms.katalon.core.main.TestSuiteExecutor.execute(TestSuiteExecutor.java:106)&#xa;	at com.kms.katalon.core.main.TestCaseMain.startTestSuite(TestCaseMain.java:180)&#xa;	at TempTestSuite1728062229059.run(TempTestSuite1728062229059.groovy:35)&#xa;	at java.base/jdk.internal.reflect.NativeMethodAccessorImpl.invoke0(Native Method)&#xa;	at java.base/jdk.internal.reflect.NativeMethodAccessorImpl.invoke(NativeMethodAccessorImpl.java:77)&#xa;	at java.base/jdk.internal.reflect.DelegatingMethodAccessorImpl.invoke(DelegatingMethodAccessorImpl.java:43)&#xa;)&#xa;	at com.kms.katalon.core.keyword.internal.KeywordMain.stepFailed(KeywordMain.groovy:39)&#xa;	at com.kms.katalon.core.webui.keyword.internal.WebUIKeywordMain.stepFailed(WebUIKeywordMain.groovy:64)&#xa;	at com.kms.katalon.core.webui.keyword.builtin.VerifyTextPresentKeyword$_verifyTextPresent_closure1.doCall(VerifyTextPresentKeyword.groovy:79)&#xa;	at com.kms.katalon.core.webui.keyword.builtin.VerifyTextPresentKeyword$_verifyTextPresent_closure1.call(VerifyTextPresentKeyword.groovy)&#xa;	at com.kms.katalon.core.webui.keyword.internal.WebUIKeywordMain.runKeyword(WebUIKeywordMain.groovy:20)&#xa;	at com.kms.katalon.core.webui.keyword.builtin.VerifyTextPresentKeyword.verifyTextPresent(VerifyTextPresentKeyword.groovy:83)&#xa;	at com.kms.katalon.core.webui.keyword.builtin.VerifyTextPresentKeyword.execute(VerifyTextPresentKeyword.groovy:68)&#xa;	at com.kms.katalon.core.keyword.internal.KeywordExecutor.executeKeywordForPlatform(KeywordExecutor.groovy:74)&#xa;	at com.kms.katalon.core.webui.keyword.WebUiBuiltInKeywords.verifyTextPresent(WebUiBuiltInKeywords.groovy:1762)&#xa;	at VerifyConfirmPageLabelsCC.run(VerifyConfirmPageLabelsCC:97)&#xa;	at com.kms.katalon.core.main.ScriptEngine.run(ScriptEngine.java:194)&#xa;	at com.kms.katalon.core.main.ScriptEngine.runScriptAsRawText(ScriptEngine.java:119)&#xa;	at com.kms.katalon.core.main.TestCaseExecutor.runScript(TestCaseExecutor.java:448)&#xa;	at com.kms.katalon.core.main.TestCaseExecutor.doExecute(TestCaseExecutor.java:439)&#xa;	at com.kms.katalon.core.main.TestCaseExecutor.processExecutionPhase(TestCaseExecutor.java:418)&#xa;	at com.kms.katalon.core.main.TestCaseExecutor.accessMainPhase(TestCaseExecutor.java:410)&#xa;	at com.kms.katalon.core.main.TestCaseExecutor.execute(TestCaseExecutor.java:285)&#xa;	at com.kms.katalon.core.common.CommonExecutor.accessTestCaseMainPhase(CommonExecutor.java:65)&#xa;	at com.kms.katalon.core.main.TestSuiteExecutor.accessTestSuiteMainPhase(TestSuiteExecutor.java:150)&#xa;	at com.kms.katalon.core.main.TestSuiteExecutor.execute(TestSuiteExecutor.java:106)&#xa;	at com.kms.katalon.core.main.TestCaseMain.startTestSuite(TestCaseMain.java:180)&#xa;	at TempTestSuite1728062229059.run(TempTestSuite1728062229059.groovy:35)&#xa;	at java.base/jdk.internal.reflect.NativeMethodAccessorImpl.invoke0(Native Method)&#xa;	at java.base/jdk.internal.reflect.NativeMethodAccessorImpl.invoke(NativeMethodAccessorImpl.java:77)&#xa;	at java.base/jdk.internal.reflect.DelegatingMethodAccessorImpl.invoke(DelegatingMethodAccessorImpl.java:43)&#xa;Caused by: com.kms.katalon.core.exception.StepFailedException: Text 'Confirm Payment Information' is not present on page &#xa;	... 24 more&#xa;"/>
         <system-out><![CDATA[05-10-2024T01:24:18 - [TEST_CASE][FAILED] - Test Cases/IntegratedWeb/IWP25/Payments/VerifyConfirmPageLabelsCC: Test Cases/IntegratedWeb/IWP25/Payments/VerifyConfirmPageLabelsCC FAILED.
Reason:
com.kms.katalon.core.exception.StepFailedException: Text 'Confirm Payment Information' is not present on page  (Root cause: com.kms.katalon.core.exception.StepFailedException: Text 'Confirm Payment Information' is not present on page 
	at com.kms.katalon.core.webui.keyword.internal.WebUIKeywordMain.stepFailed(WebUIKeywordMain.groovy:64)
	at com.kms.katalon.core.webui.keyword.builtin.VerifyTextPresentKeyword$_verifyTextPresent_closure1.doCall(VerifyTextPresentKeyword.groovy:79)
	at com.kms.katalon.core.webui.keyword.builtin.VerifyTextPresentKeyword$_verifyTextPresent_closure1.call(VerifyTextPresentKeyword.groovy)
	at com.kms.katalon.core.webui.keyword.internal.WebUIKeywordMain.runKeyword(WebUIKeywordMain.groovy:20)
	at com.kms.katalon.core.webui.keyword.builtin.VerifyTextPresentKeyword.verifyTextPresent(VerifyTextPresentKeyword.groovy:83)
	at com.kms.katalon.core.webui.keyword.builtin.VerifyTextPresentKeyword.execute(VerifyTextPresentKeyword.groovy:68)
	at com.kms.katalon.core.keyword.internal.KeywordExecutor.executeKeywordForPlatform(KeywordExecutor.groovy:74)
	at com.kms.katalon.core.webui.keyword.WebUiBuiltInKeywords.verifyTextPresent(WebUiBuiltInKeywords.groovy:1762)
	at VerifyConfirmPageLabelsCC.run(VerifyConfirmPageLabelsCC:97)
	at com.kms.katalon.core.main.ScriptEngine.run(ScriptEngine.java:194)
	at com.kms.katalon.core.main.ScriptEngine.runScriptAsRawText(ScriptEngine.java:119)
	at com.kms.katalon.core.main.TestCaseExecutor.runScript(TestCaseExecutor.java:448)
	at com.kms.katalon.core.main.TestCaseExecutor.doExecute(TestCaseExecutor.java:439)
	at com.kms.katalon.core.main.TestCaseExecutor.processExecutionPhase(TestCaseExecutor.java:418)
	at com.kms.katalon.core.main.TestCaseExecutor.accessMainPhase(TestCaseExecutor.java:410)
	at com.kms.katalon.core.main.TestCaseExecutor.execute(TestCaseExecutor.java:285)
	at com.kms.katalon.core.common.CommonExecutor.accessTestCaseMainPhase(CommonExecutor.java:65)
	at com.kms.katalon.core.main.TestSuiteExecutor.accessTestSuiteMainPhase(TestSuiteExecutor.java:150)
	at com.kms.katalon.core.main.TestSuiteExecutor.execute(TestSuiteExecutor.java:106)
	at com.kms.katalon.core.main.TestCaseMain.startTestSuite(TestCaseMain.java:180)
	at TempTestSuite1728062229059.run(TempTestSuite1728062229059.groovy:35)
	at java.base/jdk.internal.reflect.NativeMethodAccessorImpl.invoke0(Native Method)
	at java.base/jdk.internal.reflect.NativeMethodAccessorImpl.invoke(NativeMethodAccessorImpl.java:77)
	at java.base/jdk.internal.reflect.DelegatingMethodAccessorImpl.invoke(DelegatingMethodAccessorImpl.java:43)
)
	at com.kms.katalon.core.keyword.internal.KeywordMain.stepFailed(KeywordMain.groovy:39)
	at com.kms.katalon.core.webui.keyword.internal.WebUIKeywordMain.stepFailed(WebUIKeywordMain.groovy:64)
	at com.kms.katalon.core.webui.keyword.builtin.VerifyTextPresentKeyword$_verifyTextPresent_closure1.doCall(VerifyTextPresentKeyword.groovy:79)
	at com.kms.katalon.core.webui.keyword.builtin.VerifyTextPresentKeyword$_verifyTextPresent_closure1.call(VerifyTextPresentKeyword.groovy)
	at com.kms.katalon.core.webui.keyword.internal.WebUIKeywordMain.runKeyword(WebUIKeywordMain.groovy:20)
	at com.kms.katalon.core.webui.keyword.builtin.VerifyTextPresentKeyword.verifyTextPresent(VerifyTextPresentKeyword.groovy:83)
	at com.kms.katalon.core.webui.keyword.builtin.VerifyTextPresentKeyword.execute(VerifyTextPresentKeyword.groovy:68)
	at com.kms.katalon.core.keyword.internal.KeywordExecutor.executeKeywordForPlatform(KeywordExecutor.groovy:74)
	at com.kms.katalon.core.webui.keyword.WebUiBuiltInKeywords.verifyTextPresent(WebUiBuiltInKeywords.groovy:1762)
	at VerifyConfirmPageLabelsCC.run(VerifyConfirmPageLabelsCC:97)
	at com.kms.katalon.core.main.ScriptEngine.run(ScriptEngine.java:194)
	at com.kms.katalon.core.main.ScriptEngine.runScriptAsRawText(ScriptEngine.java:119)
	at com.kms.katalon.core.main.TestCaseExecutor.runScript(TestCaseExecutor.java:448)
	at com.kms.katalon.core.main.TestCaseExecutor.doExecute(TestCaseExecutor.java:439)
	at com.kms.katalon.core.main.TestCaseExecutor.processExecutionPhase(TestCaseExecutor.java:418)
	at com.kms.katalon.core.main.TestCaseExecutor.accessMainPhase(TestCaseExecutor.java:410)
	at com.kms.katalon.core.main.TestCaseExecutor.execute(TestCaseExecutor.java:285)
	at com.kms.katalon.core.common.CommonExecutor.accessTestCaseMainPhase(CommonExecutor.java:65)
	at com.kms.katalon.core.main.TestSuiteExecutor.accessTestSuiteMainPhase(TestSuiteExecutor.java:150)
	at com.kms.katalon.core.main.TestSuiteExecutor.execute(TestSuiteExecutor.java:106)
	at com.kms.katalon.core.main.TestCaseMain.startTestSuite(TestCaseMain.java:180)
	at TempTestSuite1728062229059.run(TempTestSuite1728062229059.groovy:35)
	at java.base/jdk.internal.reflect.NativeMethodAccessorImpl.invoke0(Native Method)
	at java.base/jdk.internal.reflect.NativeMethodAccessorImpl.invoke(NativeMethodAccessorImpl.java:77)
	at java.base/jdk.internal.reflect.DelegatingMethodAccessorImpl.invoke(DelegatingMethodAccessorImpl.java:43)
Caused by: com.kms.katalon.core.exception.StepFailedException: Text 'Confirm Payment Information' is not present on page 
	... 24 more


05-10-2024T01:24:18 - [TEST_STEP][PASSED] - resText = "Fail": null

05-10-2024T01:24:18 - [TEST_STEP][PASSED] - resColumn = "Result": null

05-10-2024T01:24:18 - [TEST_STEP][PASSED] - datCloumn = "Date": null

05-10-2024T01:24:18 - [TEST_STEP][PASSED] - fileLoc = "KatalonData/IWPTestData/VRelay25Payments.xlsx": null

05-10-2024T01:24:18 - [TEST_STEP][PASSED] - numOfRows = <not implemented yet for class: org.codehaus.groovy.ast.expr.EmptyExpression>: null

05-10-2024T01:24:18 - [TEST_STEP][PASSED] - dataFile = <not implemented yet for class: org.codehaus.groovy.ast.expr.EmptyExpression>: null

05-10-2024T01:24:18 - [TEST_STEP][PASSED] - nameSheet = <not implemented yet for class: org.codehaus.groovy.ast.expr.EmptyExpression>: null

05-10-2024T01:24:18 - [TEST_STEP][PASSED] - dataFileEmulator = <not implemented yet for class: org.codehaus.groovy.ast.expr.EmptyExpression>: null

05-10-2024T01:24:18 - [TEST_STEP][PASSED] - isRequiredTextPresent = false: null

05-10-2024T01:24:18 - [TEST_STEP][PASSED] - nameSheet = "VerifyConfirmPageLabelsCredit": null

05-10-2024T01:24:18 - [TEST_STEP][PASSED] - dataFile = "IWPTestData/IWP25VerifyConfirmPageLabelsCC": null

05-10-2024T01:24:18 - [TEST_STEP][PASSED] - dataFileEmulator = "IWPTestData/EmulatorData": null

05-10-2024T01:24:18 - [TEST_STEP][PASSED] - numOfRows = findTestData(dataFile).getRowNumbers(): null

05-10-2024T01:24:18 - [TEST_STEP][PASSED] - println("Number of Records: " + numOfRows): null

05-10-2024T01:24:18 - [TEST_STEP][FAILED] - for ([row = 1, row <= numOfRows, (row++)]): null

05-10-2024T01:24:18 - [TEST_STEP][PASSED] - ExecuteTC = findTestData(dataFile).getValue("Execute", row): null

05-10-2024T01:24:18 - [TEST_STEP][PASSED] - out.println("Value of Execute is : " + ExecuteTC): null

05-10-2024T01:24:18 - [TEST_STEP][FAILED] - if (ExecuteTC.equalsIgnoreCase("Y")): null

05-10-2024T01:24:18 - [TEST_STEP][PASSED] - out.println("Begin Record Number: " + row): null

05-10-2024T01:24:18 - [TEST_STEP][PASSED] - today = new java.util.Date(): null

05-10-2024T01:24:18 - [TEST_STEP][PASSED] - println(today): null

05-10-2024T01:24:18 - [TEST_STEP][PASSED] - datText = today: null

05-10-2024T01:24:18 - [TEST_STEP][PASSED] - EmulatorDataKey = findTestData(dataFile).getValue("EmulatorData", row): null

05-10-2024T01:24:18 - [TEST_STEP][PASSED] - out.println("Value of Emulator Key is : " + EmulatorDataKey): null

05-10-2024T01:24:18 - [TEST_STEP][PASSED] - iwpPages.emulatorIWP30.setDataEmulator_DD(EmulatorDataKey): iwpPages.emulatorIWP30.setDataEmulator_DD is PASSED

05-10-2024T01:24:18 - [MESSAGE][INFO] - Starting 'Edge Chromium' driver

05-10-2024T01:24:18 - [MESSAGE][INFO] - User set preference: ['acceptInsecureCerts', 'true']

05-10-2024T01:24:20 - [MESSAGE][INFO] - Action delay is set to 0 milliseconds

05-10-2024T01:24:23 - [MESSAGE][PASSED] - Browser is opened with url: 'https://qa.velocitypayment.com/agency/config.do?action=editor&message_version=2_5'

05-10-2024T01:24:23 - [MESSAGE][PASSED] - Current window maximized

05-10-2024T01:24:24 - [MESSAGE][PASSED] - All options with value '2.5' are selected in object 'Object Repository/IWP30/Page_VRelay30Emulator/MV'  using regular expression

05-10-2024T01:24:25 - [MESSAGE][PASSED] - Text '10.50' is set on object 'Object Repository/IWP30/Page_VRelay30Emulator/Amount'

05-10-2024T01:24:26 - [MESSAGE][PASSED] - Text 'VtogJ1Dqo3lg' is set on object 'Object Repository/IWP30/Page_VRelay30Emulator/CAN'

05-10-2024T01:24:26 - [MESSAGE][PASSED] - Text 'PayNow' is set on object 'Object Repository/IWP30/Page_VRelay30Emulator/Action'

05-10-2024T01:24:27 - [MESSAGE][PASSED] - Text 'en_US' is set on object 'Object Repository/IWP30/Page_VRelay30Emulator/Lang'

05-10-2024T01:24:27 - [MESSAGE][PASSED] - Text '' is set on object 'Object Repository/IWP30/Page_VRelay30Emulator/Fname'

05-10-2024T01:24:28 - [MESSAGE][PASSED] - Text '' is set on object 'Object Repository/IWP30/Page_VRelay30Emulator/Lname'

05-10-2024T01:24:28 - [MESSAGE][PASSED] - Text '' is set on object 'Object Repository/IWP30/Page_VRelay30Emulator/AL1'

05-10-2024T01:24:29 - [MESSAGE][PASSED] - Text '' is set on object 'Object Repository/IWP30/Page_VRelay30Emulator/AL2'

05-10-2024T01:24:30 - [MESSAGE][PASSED] - Text '' is set on object 'Object Repository/IWP30/Page_VRelay30Emulator/Country'

05-10-2024T01:24:30 - [MESSAGE][PASSED] - Text '' is set on object 'Object Repository/IWP30/Page_VRelay30Emulator/City'

05-10-2024T01:24:31 - [MESSAGE][PASSED] - Text '' is set on object 'Object Repository/IWP30/Page_VRelay30Emulator/State'

05-10-2024T01:24:31 - [MESSAGE][PASSED] - Text '' is set on object 'Object Repository/IWP30/Page_VRelay30Emulator/ZIP'

05-10-2024T01:24:32 - [MESSAGE][PASSED] - Text '' is set on object 'Object Repository/IWP30/Page_VRelay30Emulator/Order'

05-10-2024T01:24:32 - [MESSAGE][PASSED] - Text '' is set on object 'Object Repository/IWP30/Page_VRelay30Emulator/Company'

05-10-2024T01:24:33 - [MESSAGE][PASSED] - Text '' is set on object 'Object Repository/IWP30/Page_VRelay30Emulator/Email'

05-10-2024T01:24:34 - [MESSAGE][PASSED] - Text '' is set on object 'Object Repository/IWP30/Page_VRelay30Emulator/UDF1'

05-10-2024T01:24:34 - [MESSAGE][PASSED] - Text '' is set on object 'Object Repository/IWP30/Page_VRelay30Emulator/UDF2'

05-10-2024T01:24:35 - [MESSAGE][PASSED] - Text '' is set on object 'Object Repository/IWP30/Page_VRelay30Emulator/UDF3'

05-10-2024T01:24:35 - [MESSAGE][PASSED] - Text 'udf data 4' is set on object 'Object Repository/IWP30/Page_VRelay30Emulator/UDF4'

05-10-2024T01:24:36 - [MESSAGE][PASSED] - Text 'udf data 5' is set on object 'Object Repository/IWP30/Page_VRelay30Emulator/UDF5'

05-10-2024T01:24:36 - [MESSAGE][PASSED] - Text '' is set on object 'Object Repository/IWP30/Page_VRelay30Emulator/UDF6'

05-10-2024T01:24:37 - [MESSAGE][PASSED] - Text '' is set on object 'Object Repository/IWP30/Page_VRelay30Emulator/UDF7'

05-10-2024T01:24:38 - [MESSAGE][PASSED] - Text '' is set on object 'Object Repository/IWP30/Page_VRelay30Emulator/UDF8'

05-10-2024T01:24:38 - [MESSAGE][PASSED] - Text 'udf data 9' is set on object 'Object Repository/IWP30/Page_VRelay30Emulator/UDF9'

05-10-2024T01:24:39 - [MESSAGE][PASSED] - Text 'udf data 10' is set on object 'Object Repository/IWP30/Page_VRelay30Emulator/UDF10'

05-10-2024T01:24:40 - [MESSAGE][PASSED] - Object: 'Object Repository/IWP30/Page_VRelay30Emulator/Submit' is clicked on

05-10-2024T01:24:45 - [MESSAGE][PASSED] - Browser is closed

05-10-2024T01:24:49 - [MESSAGE][PASSED] - iwpPages.emulatorIWP30.setDataEmulator_DD is PASSED

05-10-2024T01:24:49 - [TEST_STEP][PASSED] - testHarnessURL = urlTestHarness: null

05-10-2024T01:24:49 - [TEST_STEP][PASSED] - openBrowser(testHarnessURL): Browser is opened with url: 'https://dev-algorithm.govolution.com/vrelaytest/QA/version_2_2/vrelaytest.html'

05-10-2024T01:24:49 - [MESSAGE][INFO] - Starting 'Edge Chromium' driver

05-10-2024T01:24:49 - [MESSAGE][INFO] - User set preference: ['acceptInsecureCerts', 'true']

05-10-2024T01:24:51 - [MESSAGE][INFO] - Action delay is set to 0 milliseconds

05-10-2024T01:24:54 - [MESSAGE][PASSED] - Browser is opened with url: 'https://dev-algorithm.govolution.com/vrelaytest/QA/version_2_2/vrelaytest.html'

05-10-2024T01:24:54 - [TEST_STEP][PASSED] - maximizeWindow(): Current window maximized

05-10-2024T01:24:54 - [MESSAGE][PASSED] - Current window maximized

05-10-2024T01:24:54 - [TEST_STEP][PASSED] - iwpPages.TestHarnessPage.setDataMethod(row, dataFile): iwpPages.TestHarnessPage.setDataMethod is PASSED

05-10-2024T01:24:54 - [MESSAGE][PASSED] - Object 'Object Repository/IWP30/Page_QATestHarness/RemittanceID' is present

05-10-2024T01:24:55 - [MESSAGE][PASSED] - Text '638' is set on object 'Object Repository/IWP30/Page_QATestHarness/ApplicationID'

05-10-2024T01:24:56 - [MESSAGE][PASSED] - Text '2.5' is set on object 'Object Repository/IWP30/Page_QATestHarness/MessageVersion'

05-10-2024T01:24:56 - [MESSAGE][PASSED] - Text 'kcXZeIk3OS9Z' is set on object 'Object Repository/IWP30/Page_QATestHarness/RemittanceID'

05-10-2024T01:24:59 - [MESSAGE][PASSED] - Object: 'Object Repository/IWP30/Page_QATestHarness/SubmitButton' is clicked on

05-10-2024T01:24:59 - [MESSAGE][PASSED] - iwpPages.TestHarnessPage.setDataMethod is PASSED

05-10-2024T01:24:59 - [TEST_STEP][PASSED] - click(findTestObject("Object Repository/IWP30/Page_SelectPaymentMethod/PayByCreditCard")): Object: 'Object Repository/IWP30/Page_SelectPaymentMethod/PayByCreditCard' is clicked on

05-10-2024T01:24:59 - [MESSAGE][PASSED] - Object: 'Object Repository/IWP30/Page_SelectPaymentMethod/PayByCreditCard' is clicked on

05-10-2024T01:24:59 - [TEST_STEP][PASSED] - click(findTestObject("Object Repository/IWP30/Page_SelectPaymentMethod/MakePaymentButton")): Object: 'Object Repository/IWP30/Page_SelectPaymentMethod/MakePaymentButton' is clicked on

05-10-2024T01:25:01 - [MESSAGE][PASSED] - Object: 'Object Repository/IWP30/Page_SelectPaymentMethod/MakePaymentButton' is clicked on

05-10-2024T01:25:01 - [TEST_STEP][PASSED] - iwpPages.ccPaymentEntryPage.setDataCCPM(row, dataFile): iwpPages.ccPaymentEntryPage.setDataCCPM is PASSED

05-10-2024T01:25:02 - [MESSAGE][PASSED] - Object 'Object Repository/IWP30/Page_CCPaymentEntry/Name' is present

05-10-2024T01:25:03 - [MESSAGE][PASSED] - Text '10.50' is set on object 'Object Repository/IWP30/Page_CCPaymentEntry/Amount'

05-10-2024T01:25:03 - [MESSAGE][PASSED] - Text 'udf data 2' is set on object 'Object Repository/IWP30/Page_CCPaymentEntry/UserDefined2'

05-10-2024T01:25:04 - [MESSAGE][PASSED] - Text 'udf data 3' is set on object 'Object Repository/IWP30/Page_CCPaymentEntry/UserDefined3'

05-10-2024T01:25:04 - [MESSAGE][PASSED] - All options with label 'Orange' are selected in object 'Object Repository/IWP30/Page_CCPaymentEntry/UserDefined7' 

05-10-2024T01:25:05 - [MESSAGE][PASSED] - All options with label 'Soccer' are selected in object 'Object Repository/IWP30/Page_CCPaymentEntry/UserDefined8' 

05-10-2024T01:25:05 - [MESSAGE][PASSED] - Object 'Object Repository/IWP30/Page_CCPaymentEntry/Name' is present

05-10-2024T01:25:06 - [MESSAGE][PASSED] - Text 'Kavita Ranawati' is set on object 'Object Repository/IWP30/Page_CCPaymentEntry/Name'

05-10-2024T01:25:06 - [MESSAGE][PASSED] - Object 'Object Repository/IWP30/Page_CCPaymentEntry/CardNumber' is present

05-10-2024T01:25:07 - [MESSAGE][PASSED] - Text '4111111111111111' is set on object 'Object Repository/IWP30/Page_CCPaymentEntry/CardNumber'

05-10-2024T01:25:07 - [MESSAGE][PASSED] - Text '123' is set on object 'Object Repository/IWP30/Page_CCPaymentEntry/SPC'

05-10-2024T01:25:08 - [MESSAGE][PASSED] - Object 'Object Repository/IWP30/Page_CCPaymentEntry/Month' is present

05-10-2024T01:25:09 - [MESSAGE][PASSED] - All options with label '09' are selected in object 'Object Repository/IWP30/Page_CCPaymentEntry/Month' 

05-10-2024T01:25:09 - [MESSAGE][PASSED] - Object 'Object Repository/IWP30/Page_CCPaymentEntry/Year' is present

05-10-2024T01:25:09 - [MESSAGE][PASSED] - All options with label '2028' are selected in object 'Object Repository/IWP30/Page_CCPaymentEntry/Year' 

05-10-2024T01:25:10 - [MESSAGE][PASSED] - Text '365 Main Avenue' is set on object 'Object Repository/IWP30/Page_CCPaymentEntry/AL1'

05-10-2024T01:25:11 - [MESSAGE][PASSED] - Text '22201' is set on object 'Object Repository/IWP30/Page_CCPaymentEntry/ZIP'

05-10-2024T01:25:11 - [MESSAGE][PASSED] - Object 'Object Repository/IWP30/Page_CCPaymentEntry/EmailAddress' is present

05-10-2024T01:25:12 - [MESSAGE][PASSED] - Text 'iahmed@govolution.com' is set on object 'Object Repository/IWP30/Page_CCPaymentEntry/EmailAddress'

05-10-2024T01:25:12 - [MESSAGE][PASSED] - Object 'Object Repository/IWP30/Page_CCPaymentEntry/TermCondCheckBox' is present

05-10-2024T01:25:13 - [MESSAGE][PASSED] - Object 'Object Repository/IWP30/Page_CCPaymentEntry/TermCondCheckBox' is checked

05-10-2024T01:25:13 - [MESSAGE][PASSED] - Object 'Object Repository/IWP30/Page_CCPaymentEntry/ContinueButton' is present

05-10-2024T01:25:14 - [MESSAGE][PASSED] - Object: 'Object Repository/IWP30/Page_CCPaymentEntry/ContinueButton' is clicked on

05-10-2024T01:25:14 - [MESSAGE][PASSED] - iwpPages.ccPaymentEntryPage.setDataCCPM is PASSED

05-10-2024T01:25:14 - [TEST_STEP][PASSED] - if (verifyTextPresent("Make a Real Estate Payment", false)): null

05-10-2024T01:25:15 - [MESSAGE][PASSED] - Text 'Make a Real Estate Payment' is present on page 

05-10-2024T01:25:15 - [TEST_STEP][PASSED] - isRequiredTextPresent = true: null

05-10-2024T01:25:15 - [TEST_STEP][PASSED] - println(isRequiredTextPresent): null

05-10-2024T01:25:15 - [TEST_STEP][FAILED] - if (isRequiredTextPresent): null

05-10-2024T01:25:15 - [TEST_STEP][FAILED] - if (verifyTextPresent("Confirm Payment Information", false)): Text 'Confirm Payment Information' is not present on page  (Root cause: com.kms.katalon.core.exception.StepFailedException: Text 'Confirm Payment Information' is not present on page 
	at com.kms.katalon.core.webui.keyword.internal.WebUIKeywordMain.stepFailed(WebUIKeywordMain.groovy:64)
	at com.kms.katalon.core.webui.keyword.builtin.VerifyTextPresentKeyword$_verifyTextPresent_closure1.doCall(VerifyTextPresentKeyword.groovy:79)
	at com.kms.katalon.core.webui.keyword.builtin.VerifyTextPresentKeyword$_verifyTextPresent_closure1.call(VerifyTextPresentKeyword.groovy)
	at com.kms.katalon.core.webui.keyword.internal.WebUIKeywordMain.runKeyword(WebUIKeywordMain.groovy:20)
	at com.kms.katalon.core.webui.keyword.builtin.VerifyTextPresentKeyword.verifyTextPresent(VerifyTextPresentKeyword.groovy:83)
	at com.kms.katalon.core.webui.keyword.builtin.VerifyTextPresentKeyword.execute(VerifyTextPresentKeyword.groovy:68)
	at com.kms.katalon.core.keyword.internal.KeywordExecutor.executeKeywordForPlatform(KeywordExecutor.groovy:74)
	at com.kms.katalon.core.webui.keyword.WebUiBuiltInKeywords.verifyTextPresent(WebUiBuiltInKeywords.groovy:1762)
	at VerifyConfirmPageLabelsCC.run(VerifyConfirmPageLabelsCC:97)
	at com.kms.katalon.core.main.ScriptEngine.run(ScriptEngine.java:194)
	at com.kms.katalon.core.main.ScriptEngine.runScriptAsRawText(ScriptEngine.java:119)
	at com.kms.katalon.core.main.TestCaseExecutor.runScript(TestCaseExecutor.java:448)
	at com.kms.katalon.core.main.TestCaseExecutor.doExecute(TestCaseExecutor.java:439)
	at com.kms.katalon.core.main.TestCaseExecutor.processExecutionPhase(TestCaseExecutor.java:418)
	at com.kms.katalon.core.main.TestCaseExecutor.accessMainPhase(TestCaseExecutor.java:410)
	at com.kms.katalon.core.main.TestCaseExecutor.execute(TestCaseExecutor.java:285)
	at com.kms.katalon.core.common.CommonExecutor.accessTestCaseMainPhase(CommonExecutor.java:65)
	at com.kms.katalon.core.main.TestSuiteExecutor.accessTestSuiteMainPhase(TestSuiteExecutor.java:150)
	at com.kms.katalon.core.main.TestSuiteExecutor.execute(TestSuiteExecutor.java:106)
	at com.kms.katalon.core.main.TestCaseMain.startTestSuite(TestCaseMain.java:180)
	at TempTestSuite1728062229059.run(TempTestSuite1728062229059.groovy:35)
	at java.base/jdk.internal.reflect.NativeMethodAccessorImpl.invoke0(Native Method)
	at java.base/jdk.internal.reflect.NativeMethodAccessorImpl.invoke(NativeMethodAccessorImpl.java:77)
	at java.base/jdk.internal.reflect.DelegatingMethodAccessorImpl.invoke(DelegatingMethodAccessorImpl.java:43)
)

05-10-2024T01:25:15 - [MESSAGE][FAILED] - Text 'Confirm Payment Information' is not present on page  (Root cause: com.kms.katalon.core.exception.StepFailedException: Text 'Confirm Payment Information' is not present on page 
	at com.kms.katalon.core.webui.keyword.internal.WebUIKeywordMain.stepFailed(WebUIKeywordMain.groovy:64)
	at com.kms.katalon.core.webui.keyword.builtin.VerifyTextPresentKeyword$_verifyTextPresent_closure1.doCall(VerifyTextPresentKeyword.groovy:79)
	at com.kms.katalon.core.webui.keyword.builtin.VerifyTextPresentKeyword$_verifyTextPresent_closure1.call(VerifyTextPresentKeyword.groovy)
	at com.kms.katalon.core.webui.keyword.internal.WebUIKeywordMain.runKeyword(WebUIKeywordMain.groovy:20)
	at com.kms.katalon.core.webui.keyword.builtin.VerifyTextPresentKeyword.verifyTextPresent(VerifyTextPresentKeyword.groovy:83)
	at com.kms.katalon.core.webui.keyword.builtin.VerifyTextPresentKeyword.execute(VerifyTextPresentKeyword.groovy:68)
	at com.kms.katalon.core.keyword.internal.KeywordExecutor.executeKeywordForPlatform(KeywordExecutor.groovy:74)
	at com.kms.katalon.core.webui.keyword.WebUiBuiltInKeywords.verifyTextPresent(WebUiBuiltInKeywords.groovy:1762)
	at VerifyConfirmPageLabelsCC.run(VerifyConfirmPageLabelsCC:97)
	at com.kms.katalon.core.main.ScriptEngine.run(ScriptEngine.java:194)
	at com.kms.katalon.core.main.ScriptEngine.runScriptAsRawText(ScriptEngine.java:119)
	at com.kms.katalon.core.main.TestCaseExecutor.runScript(TestCaseExecutor.java:448)
	at com.kms.katalon.core.main.TestCaseExecutor.doExecute(TestCaseExecutor.java:439)
	at com.kms.katalon.core.main.TestCaseExecutor.processExecutionPhase(TestCaseExecutor.java:418)
	at com.kms.katalon.core.main.TestCaseExecutor.accessMainPhase(TestCaseExecutor.java:410)
	at com.kms.katalon.core.main.TestCaseExecutor.execute(TestCaseExecutor.java:285)
	at com.kms.katalon.core.common.CommonExecutor.accessTestCaseMainPhase(CommonExecutor.java:65)
	at com.kms.katalon.core.main.TestSuiteExecutor.accessTestSuiteMainPhase(TestSuiteExecutor.java:150)
	at com.kms.katalon.core.main.TestSuiteExecutor.execute(TestSuiteExecutor.java:106)
	at com.kms.katalon.core.main.TestCaseMain.startTestSuite(TestCaseMain.java:180)
	at TempTestSuite1728062229059.run(TempTestSuite1728062229059.groovy:35)
	at java.base/jdk.internal.reflect.NativeMethodAccessorImpl.invoke0(Native Method)
	at java.base/jdk.internal.reflect.NativeMethodAccessorImpl.invoke(NativeMethodAccessorImpl.java:77)
	at java.base/jdk.internal.reflect.DelegatingMethodAccessorImpl.invoke(DelegatingMethodAccessorImpl.java:43)
)

05-10-2024T01:25:15 - [TEST_STEP][PASSED] - else: null

05-10-2024T01:25:15 - [TEST_STEP][PASSED] - isRequiredTextPresent = false: null

05-10-2024T01:25:15 - [TEST_STEP][PASSED] - if (isRequiredTextPresent): null

05-10-2024T01:25:15 - [TEST_STEP][PASSED] - if (isRequiredTextPresent): null

05-10-2024T01:25:15 - [TEST_STEP][PASSED] - if (isRequiredTextPresent): null

05-10-2024T01:25:15 - [TEST_STEP][PASSED] - if (isRequiredTextPresent): null

05-10-2024T01:25:15 - [TEST_STEP][PASSED] - if (isRequiredTextPresent): null

05-10-2024T01:25:15 - [TEST_STEP][PASSED] - if (isRequiredTextPresent): null

05-10-2024T01:25:15 - [TEST_STEP][PASSED] - if (isRequiredTextPresent): null

05-10-2024T01:25:15 - [TEST_STEP][PASSED] - if (isRequiredTextPresent): null

05-10-2024T01:25:15 - [TEST_STEP][PASSED] - if (isRequiredTextPresent): null

05-10-2024T01:25:15 - [TEST_STEP][PASSED] - if (isRequiredTextPresent): null

05-10-2024T01:25:15 - [TEST_STEP][PASSED] - if (isRequiredTextPresent): null

05-10-2024T01:25:15 - [TEST_STEP][PASSED] - if (isRequiredTextPresent): null

05-10-2024T01:25:15 - [TEST_STEP][PASSED] - if (isRequiredTextPresent): null

05-10-2024T01:25:15 - [TEST_STEP][PASSED] - if (isRequiredTextPresent): null

05-10-2024T01:25:15 - [TEST_STEP][PASSED] - if (isRequiredTextPresent): null

05-10-2024T01:25:15 - [TEST_STEP][PASSED] - if (isRequiredTextPresent): null

05-10-2024T01:25:15 - [TEST_STEP][PASSED] - if (isRequiredTextPresent): null

05-10-2024T01:25:15 - [TEST_STEP][PASSED] - if (isRequiredTextPresent): null

05-10-2024T01:25:15 - [TEST_STEP][PASSED] - if (isRequiredTextPresent): null

05-10-2024T01:25:15 - [TEST_STEP][PASSED] - if (isRequiredTextPresent): null

05-10-2024T01:25:15 - [TEST_STEP][PASSED] - if (isRequiredTextPresent): null

05-10-2024T01:25:15 - [TEST_STEP][PASSED] - if (isRequiredTextPresent): null

05-10-2024T01:25:15 - [TEST_STEP][PASSED] - if (isRequiredTextPresent): null

05-10-2024T01:25:15 - [TEST_STEP][PASSED] - if (isRequiredTextPresent): null

05-10-2024T01:25:15 - [TEST_STEP][PASSED] - if (isRequiredTextPresent): null

05-10-2024T01:25:15 - [TEST_STEP][PASSED] - if (isRequiredTextPresent): null

05-10-2024T01:25:15 - [TEST_STEP][PASSED] - if (isRequiredTextPresent == true): null

05-10-2024T01:25:15 - [TEST_STEP][PASSED] - else: pages.WriteExcel.demoKey is PASSED

05-10-2024T01:25:15 - [TEST_STEP][PASSED] - println("Some texts are missing on the Confirm page"): null

05-10-2024T01:25:15 - [TEST_STEP][PASSED] - resText = "Fail": null

05-10-2024T01:25:15 - [TEST_STEP][PASSED] - pages.WriteExcel.demoKey(resText, datText, resColumn, datCloumn, fileLoc, nameSheet, row): pages.WriteExcel.demoKey is PASSED

05-10-2024T01:25:15 - [MESSAGE][PASSED] - pages.WriteExcel.demoKey is PASSED]]></system-out>
         <system-err><![CDATA[05-10-2024T01:24:18 - [TEST_CASE][FAILED] - Test Cases/IntegratedWeb/IWP25/Payments/VerifyConfirmPageLabelsCC: Test Cases/IntegratedWeb/IWP25/Payments/VerifyConfirmPageLabelsCC FAILED.
Reason:
com.kms.katalon.core.exception.StepFailedException: Text 'Confirm Payment Information' is not present on page  (Root cause: com.kms.katalon.core.exception.StepFailedException: Text 'Confirm Payment Information' is not present on page 
	at com.kms.katalon.core.webui.keyword.internal.WebUIKeywordMain.stepFailed(WebUIKeywordMain.groovy:64)
	at com.kms.katalon.core.webui.keyword.builtin.VerifyTextPresentKeyword$_verifyTextPresent_closure1.doCall(VerifyTextPresentKeyword.groovy:79)
	at com.kms.katalon.core.webui.keyword.builtin.VerifyTextPresentKeyword$_verifyTextPresent_closure1.call(VerifyTextPresentKeyword.groovy)
	at com.kms.katalon.core.webui.keyword.internal.WebUIKeywordMain.runKeyword(WebUIKeywordMain.groovy:20)
	at com.kms.katalon.core.webui.keyword.builtin.VerifyTextPresentKeyword.verifyTextPresent(VerifyTextPresentKeyword.groovy:83)
	at com.kms.katalon.core.webui.keyword.builtin.VerifyTextPresentKeyword.execute(VerifyTextPresentKeyword.groovy:68)
	at com.kms.katalon.core.keyword.internal.KeywordExecutor.executeKeywordForPlatform(KeywordExecutor.groovy:74)
	at com.kms.katalon.core.webui.keyword.WebUiBuiltInKeywords.verifyTextPresent(WebUiBuiltInKeywords.groovy:1762)
	at VerifyConfirmPageLabelsCC.run(VerifyConfirmPageLabelsCC:97)
	at com.kms.katalon.core.main.ScriptEngine.run(ScriptEngine.java:194)
	at com.kms.katalon.core.main.ScriptEngine.runScriptAsRawText(ScriptEngine.java:119)
	at com.kms.katalon.core.main.TestCaseExecutor.runScript(TestCaseExecutor.java:448)
	at com.kms.katalon.core.main.TestCaseExecutor.doExecute(TestCaseExecutor.java:439)
	at com.kms.katalon.core.main.TestCaseExecutor.processExecutionPhase(TestCaseExecutor.java:418)
	at com.kms.katalon.core.main.TestCaseExecutor.accessMainPhase(TestCaseExecutor.java:410)
	at com.kms.katalon.core.main.TestCaseExecutor.execute(TestCaseExecutor.java:285)
	at com.kms.katalon.core.common.CommonExecutor.accessTestCaseMainPhase(CommonExecutor.java:65)
	at com.kms.katalon.core.main.TestSuiteExecutor.accessTestSuiteMainPhase(TestSuiteExecutor.java:150)
	at com.kms.katalon.core.main.TestSuiteExecutor.execute(TestSuiteExecutor.java:106)
	at com.kms.katalon.core.main.TestCaseMain.startTestSuite(TestCaseMain.java:180)
	at TempTestSuite1728062229059.run(TempTestSuite1728062229059.groovy:35)
	at java.base/jdk.internal.reflect.NativeMethodAccessorImpl.invoke0(Native Method)
	at java.base/jdk.internal.reflect.NativeMethodAccessorImpl.invoke(NativeMethodAccessorImpl.java:77)
	at java.base/jdk.internal.reflect.DelegatingMethodAccessorImpl.invoke(DelegatingMethodAccessorImpl.java:43)
)
	at com.kms.katalon.core.keyword.internal.KeywordMain.stepFailed(KeywordMain.groovy:39)
	at com.kms.katalon.core.webui.keyword.internal.WebUIKeywordMain.stepFailed(WebUIKeywordMain.groovy:64)
	at com.kms.katalon.core.webui.keyword.builtin.VerifyTextPresentKeyword$_verifyTextPresent_closure1.doCall(VerifyTextPresentKeyword.groovy:79)
	at com.kms.katalon.core.webui.keyword.builtin.VerifyTextPresentKeyword$_verifyTextPresent_closure1.call(VerifyTextPresentKeyword.groovy)
	at com.kms.katalon.core.webui.keyword.internal.WebUIKeywordMain.runKeyword(WebUIKeywordMain.groovy:20)
	at com.kms.katalon.core.webui.keyword.builtin.VerifyTextPresentKeyword.verifyTextPresent(VerifyTextPresentKeyword.groovy:83)
	at com.kms.katalon.core.webui.keyword.builtin.VerifyTextPresentKeyword.execute(VerifyTextPresentKeyword.groovy:68)
	at com.kms.katalon.core.keyword.internal.KeywordExecutor.executeKeywordForPlatform(KeywordExecutor.groovy:74)
	at com.kms.katalon.core.webui.keyword.WebUiBuiltInKeywords.verifyTextPresent(WebUiBuiltInKeywords.groovy:1762)
	at VerifyConfirmPageLabelsCC.run(VerifyConfirmPageLabelsCC:97)
	at com.kms.katalon.core.main.ScriptEngine.run(ScriptEngine.java:194)
	at com.kms.katalon.core.main.ScriptEngine.runScriptAsRawText(ScriptEngine.java:119)
	at com.kms.katalon.core.main.TestCaseExecutor.runScript(TestCaseExecutor.java:448)
	at com.kms.katalon.core.main.TestCaseExecutor.doExecute(TestCaseExecutor.java:439)
	at com.kms.katalon.core.main.TestCaseExecutor.processExecutionPhase(TestCaseExecutor.java:418)
	at com.kms.katalon.core.main.TestCaseExecutor.accessMainPhase(TestCaseExecutor.java:410)
	at com.kms.katalon.core.main.TestCaseExecutor.execute(TestCaseExecutor.java:285)
	at com.kms.katalon.core.common.CommonExecutor.accessTestCaseMainPhase(CommonExecutor.java:65)
	at com.kms.katalon.core.main.TestSuiteExecutor.accessTestSuiteMainPhase(TestSuiteExecutor.java:150)
	at com.kms.katalon.core.main.TestSuiteExecutor.execute(TestSuiteExecutor.java:106)
	at com.kms.katalon.core.main.TestCaseMain.startTestSuite(TestCaseMain.java:180)
	at TempTestSuite1728062229059.run(TempTestSuite1728062229059.groovy:35)
	at java.base/jdk.internal.reflect.NativeMethodAccessorImpl.invoke0(Native Method)
	at java.base/jdk.internal.reflect.NativeMethodAccessorImpl.invoke(NativeMethodAccessorImpl.java:77)
	at java.base/jdk.internal.reflect.DelegatingMethodAccessorImpl.invoke(DelegatingMethodAccessorImpl.java:43)
Caused by: com.kms.katalon.core.exception.StepFailedException: Text 'Confirm Payment Information' is not present on page 
	... 24 more]]></system-err>
      </testcase>
      <testcase name="Test Cases/IntegratedWeb/IWP25/Payments/VerifyConfirmPageLabelsCorp" time="63.894" classname="Test Cases/IntegratedWeb/IWP25/Payments/VerifyConfirmPageLabelsCorp" status="PASSED">
         <system-out><![CDATA[05-10-2024T01:25:15 - [TEST_CASE][PASSED] - Test Cases/IntegratedWeb/IWP25/Payments/VerifyConfirmPageLabelsCorp: Test Cases/IntegratedWeb/IWP25/Payments/VerifyConfirmPageLabelsCorp

05-10-2024T01:25:15 - [TEST_STEP][PASSED] - resText = "Fail": null

05-10-2024T01:25:15 - [TEST_STEP][PASSED] - resColumn = "Result": null

05-10-2024T01:25:15 - [TEST_STEP][PASSED] - datCloumn = "Date": null

05-10-2024T01:25:15 - [TEST_STEP][PASSED] - fileLoc = "KatalonData/IWPTestData/VRelay25Payments.xlsx": null

05-10-2024T01:25:15 - [TEST_STEP][PASSED] - numOfRows = <not implemented yet for class: org.codehaus.groovy.ast.expr.EmptyExpression>: null

05-10-2024T01:25:15 - [TEST_STEP][PASSED] - dataFile = <not implemented yet for class: org.codehaus.groovy.ast.expr.EmptyExpression>: null

05-10-2024T01:25:15 - [TEST_STEP][PASSED] - nameSheet = <not implemented yet for class: org.codehaus.groovy.ast.expr.EmptyExpression>: null

05-10-2024T01:25:15 - [TEST_STEP][PASSED] - dataFileEmulator = <not implemented yet for class: org.codehaus.groovy.ast.expr.EmptyExpression>: null

05-10-2024T01:25:15 - [TEST_STEP][PASSED] - isRequiredTextPresent = false: null

05-10-2024T01:25:15 - [TEST_STEP][PASSED] - nameSheet = "VerifyConfirmPageLabelsCorp": null

05-10-2024T01:25:15 - [TEST_STEP][PASSED] - dataFile = "IWPTestData/IWP25VerifyConfirmPageLabelsCorp": null

05-10-2024T01:25:15 - [TEST_STEP][PASSED] - dataFileEmulator = "IWPTestData/EmulatorData": null

05-10-2024T01:25:15 - [TEST_STEP][PASSED] - numOfRows = findTestData(dataFile).getRowNumbers(): null

05-10-2024T01:25:15 - [TEST_STEP][PASSED] - println("Number of Records: " + numOfRows): null

05-10-2024T01:25:15 - [TEST_STEP][PASSED] - for ([row = 1, row <= numOfRows, (row++)]): Browser is closed

05-10-2024T01:25:15 - [TEST_STEP][PASSED] - ExecuteTC = findTestData(dataFile).getValue("Execute", row): null

05-10-2024T01:25:15 - [TEST_STEP][PASSED] - out.println("Value of Execute is : " + ExecuteTC): null

05-10-2024T01:25:15 - [TEST_STEP][PASSED] - if (ExecuteTC.equalsIgnoreCase("Y")): pages.WriteExcel.demoKey is PASSED

05-10-2024T01:25:15 - [TEST_STEP][PASSED] - out.println("Begin Record Number: " + row): null

05-10-2024T01:25:15 - [TEST_STEP][PASSED] - today = new java.util.Date(): null

05-10-2024T01:25:15 - [TEST_STEP][PASSED] - println(today): null

05-10-2024T01:25:15 - [TEST_STEP][PASSED] - datText = today: null

05-10-2024T01:25:15 - [TEST_STEP][PASSED] - EmulatorDataKey = findTestData(dataFile).getValue("EmulatorData", row): null

05-10-2024T01:25:15 - [TEST_STEP][PASSED] - out.println("Value of Emulator Key is : " + EmulatorDataKey): null

05-10-2024T01:25:15 - [TEST_STEP][PASSED] - iwpPages.emulatorIWP30.setDataEmulator_DD(EmulatorDataKey): iwpPages.emulatorIWP30.setDataEmulator_DD is PASSED

05-10-2024T01:25:16 - [MESSAGE][WARNING] - A browser is already opened. Closing browser and opening a new one

05-10-2024T01:25:16 - [MESSAGE][INFO] - Starting 'Edge Chromium' driver

05-10-2024T01:25:16 - [MESSAGE][INFO] - User set preference: ['acceptInsecureCerts', 'true']

05-10-2024T01:25:18 - [MESSAGE][INFO] - Action delay is set to 0 milliseconds

05-10-2024T01:25:21 - [MESSAGE][PASSED] - Browser is opened with url: 'https://qa.velocitypayment.com/agency/config.do?action=editor&message_version=2_5'

05-10-2024T01:25:21 - [MESSAGE][PASSED] - Current window maximized

05-10-2024T01:25:22 - [MESSAGE][PASSED] - All options with value '2.5' are selected in object 'Object Repository/IWP30/Page_VRelay30Emulator/MV'  using regular expression

05-10-2024T01:25:22 - [MESSAGE][PASSED] - Text '10.50' is set on object 'Object Repository/IWP30/Page_VRelay30Emulator/Amount'

05-10-2024T01:25:23 - [MESSAGE][PASSED] - Text 'GYG9RpC7pq1k' is set on object 'Object Repository/IWP30/Page_VRelay30Emulator/CAN'

05-10-2024T01:25:24 - [MESSAGE][PASSED] - Text 'PayNow' is set on object 'Object Repository/IWP30/Page_VRelay30Emulator/Action'

05-10-2024T01:25:24 - [MESSAGE][PASSED] - Text 'en_US' is set on object 'Object Repository/IWP30/Page_VRelay30Emulator/Lang'

05-10-2024T01:25:25 - [MESSAGE][PASSED] - Text '' is set on object 'Object Repository/IWP30/Page_VRelay30Emulator/Fname'

05-10-2024T01:25:25 - [MESSAGE][PASSED] - Text '' is set on object 'Object Repository/IWP30/Page_VRelay30Emulator/Lname'

05-10-2024T01:25:26 - [MESSAGE][PASSED] - Text '' is set on object 'Object Repository/IWP30/Page_VRelay30Emulator/AL1'

05-10-2024T01:25:27 - [MESSAGE][PASSED] - Text '' is set on object 'Object Repository/IWP30/Page_VRelay30Emulator/AL2'

05-10-2024T01:25:27 - [MESSAGE][PASSED] - Text '' is set on object 'Object Repository/IWP30/Page_VRelay30Emulator/Country'

05-10-2024T01:25:28 - [MESSAGE][PASSED] - Text '' is set on object 'Object Repository/IWP30/Page_VRelay30Emulator/City'

05-10-2024T01:25:28 - [MESSAGE][PASSED] - Text '' is set on object 'Object Repository/IWP30/Page_VRelay30Emulator/State'

05-10-2024T01:25:29 - [MESSAGE][PASSED] - Text '' is set on object 'Object Repository/IWP30/Page_VRelay30Emulator/ZIP'

05-10-2024T01:25:29 - [MESSAGE][PASSED] - Text '' is set on object 'Object Repository/IWP30/Page_VRelay30Emulator/Order'

05-10-2024T01:25:30 - [MESSAGE][PASSED] - Text '' is set on object 'Object Repository/IWP30/Page_VRelay30Emulator/Company'

05-10-2024T01:25:31 - [MESSAGE][PASSED] - Text '' is set on object 'Object Repository/IWP30/Page_VRelay30Emulator/Email'

05-10-2024T01:25:31 - [MESSAGE][PASSED] - Text '' is set on object 'Object Repository/IWP30/Page_VRelay30Emulator/UDF1'

05-10-2024T01:25:32 - [MESSAGE][PASSED] - Text '' is set on object 'Object Repository/IWP30/Page_VRelay30Emulator/UDF2'

05-10-2024T01:25:32 - [MESSAGE][PASSED] - Text '' is set on object 'Object Repository/IWP30/Page_VRelay30Emulator/UDF3'

05-10-2024T01:25:33 - [MESSAGE][PASSED] - Text 'udf data 4' is set on object 'Object Repository/IWP30/Page_VRelay30Emulator/UDF4'

05-10-2024T01:25:34 - [MESSAGE][PASSED] - Text 'udf data 5' is set on object 'Object Repository/IWP30/Page_VRelay30Emulator/UDF5'

05-10-2024T01:25:34 - [MESSAGE][PASSED] - Text '' is set on object 'Object Repository/IWP30/Page_VRelay30Emulator/UDF6'

05-10-2024T01:25:35 - [MESSAGE][PASSED] - Text '' is set on object 'Object Repository/IWP30/Page_VRelay30Emulator/UDF7'

05-10-2024T01:25:35 - [MESSAGE][PASSED] - Text '' is set on object 'Object Repository/IWP30/Page_VRelay30Emulator/UDF8'

05-10-2024T01:25:36 - [MESSAGE][PASSED] - Text 'udf data 9' is set on object 'Object Repository/IWP30/Page_VRelay30Emulator/UDF9'

05-10-2024T01:25:36 - [MESSAGE][PASSED] - Text 'udf data 10' is set on object 'Object Repository/IWP30/Page_VRelay30Emulator/UDF10'

05-10-2024T01:25:38 - [MESSAGE][PASSED] - Object: 'Object Repository/IWP30/Page_VRelay30Emulator/Submit' is clicked on

05-10-2024T01:25:42 - [MESSAGE][PASSED] - Browser is closed

05-10-2024T01:25:46 - [MESSAGE][PASSED] - iwpPages.emulatorIWP30.setDataEmulator_DD is PASSED

05-10-2024T01:25:46 - [TEST_STEP][PASSED] - testHarnessURL = urlTestHarness: null

05-10-2024T01:25:46 - [TEST_STEP][PASSED] - openBrowser(testHarnessURL): Browser is opened with url: 'https://dev-algorithm.govolution.com/vrelaytest/QA/version_2_2/vrelaytest.html'

05-10-2024T01:25:46 - [MESSAGE][INFO] - Starting 'Edge Chromium' driver

05-10-2024T01:25:46 - [MESSAGE][INFO] - User set preference: ['acceptInsecureCerts', 'true']

05-10-2024T01:25:48 - [MESSAGE][INFO] - Action delay is set to 0 milliseconds

05-10-2024T01:25:52 - [MESSAGE][PASSED] - Browser is opened with url: 'https://dev-algorithm.govolution.com/vrelaytest/QA/version_2_2/vrelaytest.html'

05-10-2024T01:25:52 - [TEST_STEP][PASSED] - maximizeWindow(): Current window maximized

05-10-2024T01:25:52 - [MESSAGE][PASSED] - Current window maximized

05-10-2024T01:25:52 - [TEST_STEP][PASSED] - iwpPages.TestHarnessPage.setDataMethod(row, dataFile): iwpPages.TestHarnessPage.setDataMethod is PASSED

05-10-2024T01:25:52 - [MESSAGE][PASSED] - Object 'Object Repository/IWP30/Page_QATestHarness/RemittanceID' is present

05-10-2024T01:25:53 - [MESSAGE][PASSED] - Text '638' is set on object 'Object Repository/IWP30/Page_QATestHarness/ApplicationID'

05-10-2024T01:25:53 - [MESSAGE][PASSED] - Text '2.5' is set on object 'Object Repository/IWP30/Page_QATestHarness/MessageVersion'

05-10-2024T01:25:54 - [MESSAGE][PASSED] - Text 'cRXjpPqWiFMl' is set on object 'Object Repository/IWP30/Page_QATestHarness/RemittanceID'

05-10-2024T01:25:57 - [MESSAGE][PASSED] - Object: 'Object Repository/IWP30/Page_QATestHarness/SubmitButton' is clicked on

05-10-2024T01:25:57 - [MESSAGE][PASSED] - iwpPages.TestHarnessPage.setDataMethod is PASSED

05-10-2024T01:25:57 - [TEST_STEP][PASSED] - click(findTestObject("Object Repository/IWP30/Page_SelectPaymentMethod/PayByCorporateCheck")): Object: 'Object Repository/IWP30/Page_SelectPaymentMethod/PayByCorporateCheck' is clicked on

05-10-2024T01:25:57 - [MESSAGE][PASSED] - Object: 'Object Repository/IWP30/Page_SelectPaymentMethod/PayByCorporateCheck' is clicked on

05-10-2024T01:25:57 - [TEST_STEP][PASSED] - click(findTestObject("Object Repository/IWP30/Page_SelectPaymentMethod/MakePaymentButton")): Object: 'Object Repository/IWP30/Page_SelectPaymentMethod/MakePaymentButton' is clicked on

05-10-2024T01:25:59 - [MESSAGE][PASSED] - Object: 'Object Repository/IWP30/Page_SelectPaymentMethod/MakePaymentButton' is clicked on

05-10-2024T01:25:59 - [TEST_STEP][PASSED] - iwpPages.achCorporatePaymentEntryPage.setDataCorporate(row, dataFile): iwpPages.achCorporatePaymentEntryPage.setDataCorporate is PASSED

05-10-2024T01:26:00 - [MESSAGE][PASSED] - Object 'Object Repository/IWP30/Page_ACHCorporatePaymentEntry/txt_accountNumber' is present

05-10-2024T01:26:00 - [MESSAGE][PASSED] - Object 'Object Repository/IWP30/Page_ACHCorporatePaymentEntry/input_CompanyName' is present

05-10-2024T01:26:01 - [MESSAGE][PASSED] - Text 'My Company' is set on object 'Object Repository/IWP30/Page_ACHCorporatePaymentEntry/input_CompanyName'

05-10-2024T01:26:01 - [MESSAGE][PASSED] - Object 'Object Repository/IWP30/Page_ACHCorporatePaymentEntry/input_EIN' is present

05-10-2024T01:26:01 - [MESSAGE][PASSED] - Text '10.50' is set on object 'Object Repository/IWP30/Page_ACHCorporatePaymentEntry/txt_Amount'

05-10-2024T01:26:02 - [MESSAGE][PASSED] - Text 'udf data 3' is set on object 'Object Repository/IWP30/Page_ACHCorporatePaymentEntry/txt_UDF3'

05-10-2024T01:26:03 - [MESSAGE][PASSED] - All options with label 'Soccer' are selected in object 'Object Repository/IWP30/Page_ACHCorporatePaymentEntry/dd_UDF8' 

05-10-2024T01:26:03 - [MESSAGE][PASSED] - Object 'Object Repository/IWP30/Page_ACHCorporatePaymentEntry/txt_routingNumber' is present

05-10-2024T01:26:03 - [MESSAGE][PASSED] - Text '256072691' is set on object 'Object Repository/IWP30/Page_ACHCorporatePaymentEntry/txt_routingNumber'

05-10-2024T01:26:04 - [MESSAGE][PASSED] - Object 'Object Repository/IWP30/Page_ACHCorporatePaymentEntry/txt_accountNumber' is present

05-10-2024T01:26:05 - [MESSAGE][PASSED] - Text '12344444' is set on object 'Object Repository/IWP30/Page_ACHCorporatePaymentEntry/txt_accountNumber'

05-10-2024T01:26:06 - [MESSAGE][PASSED] - Object 'Object Repository/IWP30/Page_ACHCorporatePaymentEntry/txt_confirmAccountNumber' is present

05-10-2024T01:26:06 - [MESSAGE][PASSED] - Text '12344444' is set on object 'Object Repository/IWP30/Page_ACHCorporatePaymentEntry/txt_confirmAccountNumber'

05-10-2024T01:26:07 - [MESSAGE][PASSED] - Text '365 Main Avenue' is set on object 'Object Repository/IWP30/Page_ACHCorporatePaymentEntry/txt_AL1'

05-10-2024T01:26:07 - [MESSAGE][PASSED] - Text '22201' is set on object 'Object Repository/IWP30/Page_ACHCorporatePaymentEntry/txt_ZIP'

05-10-2024T01:26:08 - [MESSAGE][PASSED] - Object 'Object Repository/IWP30/Page_ACHCorporatePaymentEntry/txt_Email' is present

05-10-2024T01:26:08 - [MESSAGE][PASSED] - Text 'iahmed@govolution.com' is set on object 'Object Repository/IWP30/Page_ACHCorporatePaymentEntry/txt_Email'

05-10-2024T01:26:09 - [MESSAGE][PASSED] - Object 'Object Repository/IWP30/Page_ACHCorporatePaymentEntry/cb_TermsAndCond' is present

05-10-2024T01:26:09 - [MESSAGE][PASSED] - Object: 'Object Repository/IWP30/Page_ACHCorporatePaymentEntry/cb_TermsAndCond' is clicked on

05-10-2024T01:26:09 - [MESSAGE][PASSED] - Object 'Object Repository/IWP30/Page_ACHCorporatePaymentEntry/btn_Continue' is present

05-10-2024T01:26:11 - [MESSAGE][PASSED] - Object: 'Object Repository/IWP30/Page_ACHCorporatePaymentEntry/btn_Continue' is clicked on

05-10-2024T01:26:11 - [MESSAGE][PASSED] - iwpPages.achCorporatePaymentEntryPage.setDataCorporate is PASSED

05-10-2024T01:26:11 - [TEST_STEP][PASSED] - if (verifyTextPresent("Make a Real Estate Payment", false)): null

05-10-2024T01:26:11 - [MESSAGE][PASSED] - Text 'Make a Real Estate Payment' is present on page 

05-10-2024T01:26:11 - [TEST_STEP][PASSED] - isRequiredTextPresent = true: null

05-10-2024T01:26:11 - [TEST_STEP][PASSED] - println(isRequiredTextPresent): null

05-10-2024T01:26:11 - [TEST_STEP][PASSED] - if (isRequiredTextPresent): null

05-10-2024T01:26:11 - [TEST_STEP][PASSED] - if (verifyTextPresent("Confirm Payment Information", false)): null

05-10-2024T01:26:11 - [MESSAGE][PASSED] - Text 'Confirm Payment Information' is present on page 

05-10-2024T01:26:11 - [TEST_STEP][PASSED] - isRequiredTextPresent = true: null

05-10-2024T01:26:11 - [TEST_STEP][PASSED] - println(isRequiredTextPresent): null

05-10-2024T01:26:11 - [TEST_STEP][PASSED] - if (isRequiredTextPresent): null

05-10-2024T01:26:11 - [TEST_STEP][PASSED] - if (verifyTextPresent("Please verify the following information:", false)): null

05-10-2024T01:26:12 - [MESSAGE][PASSED] - Text 'Please verify the following information:' is present on page 

05-10-2024T01:26:12 - [TEST_STEP][PASSED] - isRequiredTextPresent = true: null

05-10-2024T01:26:12 - [TEST_STEP][PASSED] - if (isRequiredTextPresent): null

05-10-2024T01:26:12 - [TEST_STEP][PASSED] - if (verifyTextPresent("Payment Information:", false)): null

05-10-2024T01:26:12 - [MESSAGE][PASSED] - Text 'Payment Information:' is present on page 

05-10-2024T01:26:12 - [TEST_STEP][PASSED] - isRequiredTextPresent = true: null

05-10-2024T01:26:12 - [TEST_STEP][PASSED] - if (isRequiredTextPresent): null

05-10-2024T01:26:12 - [TEST_STEP][PASSED] - if (verifyTextPresent("CAN Label:", false)): null

05-10-2024T01:26:12 - [MESSAGE][PASSED] - Text 'CAN Label:' is present on page 

05-10-2024T01:26:12 - [TEST_STEP][PASSED] - isRequiredTextPresent = true: null

05-10-2024T01:26:12 - [TEST_STEP][PASSED] - if (isRequiredTextPresent): null

05-10-2024T01:26:12 - [TEST_STEP][PASSED] - if (verifyTextPresent("Tax Amount:", false)): null

05-10-2024T01:26:13 - [MESSAGE][PASSED] - Text 'Tax Amount:' is present on page 

05-10-2024T01:26:13 - [TEST_STEP][PASSED] - isRequiredTextPresent = true: null

05-10-2024T01:26:13 - [TEST_STEP][PASSED] - if (isRequiredTextPresent): null

05-10-2024T01:26:13 - [TEST_STEP][PASSED] - if (verifyTextPresent("Amount:", false)): null

05-10-2024T01:26:13 - [MESSAGE][PASSED] - Text 'Amount:' is present on page 

05-10-2024T01:26:13 - [TEST_STEP][PASSED] - isRequiredTextPresent = true: null

05-10-2024T01:26:13 - [TEST_STEP][PASSED] - if (isRequiredTextPresent): null

05-10-2024T01:26:13 - [TEST_STEP][PASSED] - if (verifyTextPresent("UDF3 Label:", false)): null

05-10-2024T01:26:13 - [MESSAGE][PASSED] - Text 'UDF3 Label:' is present on page 

05-10-2024T01:26:13 - [TEST_STEP][PASSED] - isRequiredTextPresent = true: null

05-10-2024T01:26:13 - [TEST_STEP][PASSED] - if (isRequiredTextPresent): null

05-10-2024T01:26:13 - [TEST_STEP][PASSED] - if (verifyTextPresent("UDF4 Label:", false)): null

05-10-2024T01:26:13 - [MESSAGE][PASSED] - Text 'UDF4 Label:' is present on page 

05-10-2024T01:26:13 - [TEST_STEP][PASSED] - isRequiredTextPresent = true: null

05-10-2024T01:26:13 - [TEST_STEP][PASSED] - if (isRequiredTextPresent): null

05-10-2024T01:26:13 - [TEST_STEP][PASSED] - if (verifyTextPresent("UDF8 Label:", false)): null

05-10-2024T01:26:14 - [MESSAGE][PASSED] - Text 'UDF8 Label:' is present on page 

05-10-2024T01:26:14 - [TEST_STEP][PASSED] - isRequiredTextPresent = true: null

05-10-2024T01:26:14 - [TEST_STEP][PASSED] - if (isRequiredTextPresent): null

05-10-2024T01:26:14 - [TEST_STEP][PASSED] - if (verifyTextPresent("UDF9 Label:", false)): null

05-10-2024T01:26:14 - [MESSAGE][PASSED] - Text 'UDF9 Label:' is present on page 

05-10-2024T01:26:14 - [TEST_STEP][PASSED] - isRequiredTextPresent = true: null

05-10-2024T01:26:14 - [TEST_STEP][PASSED] - if (isRequiredTextPresent): null

05-10-2024T01:26:14 - [TEST_STEP][PASSED] - if (verifyTextPresent("UDF8 Label:", false)): null

05-10-2024T01:26:14 - [MESSAGE][PASSED] - Text 'UDF8 Label:' is present on page 

05-10-2024T01:26:14 - [TEST_STEP][PASSED] - isRequiredTextPresent = true: null

05-10-2024T01:26:14 - [TEST_STEP][PASSED] - if (isRequiredTextPresent): null

05-10-2024T01:26:14 - [TEST_STEP][PASSED] - if (verifyTextPresent("UDF9 Label:", false)): null

05-10-2024T01:26:15 - [MESSAGE][PASSED] - Text 'UDF9 Label:' is present on page 

05-10-2024T01:26:15 - [TEST_STEP][PASSED] - isRequiredTextPresent = true: null

05-10-2024T01:26:15 - [TEST_STEP][PASSED] - if (isRequiredTextPresent): null

05-10-2024T01:26:15 - [TEST_STEP][PASSED] - if (verifyTextPresent("Account Information:", false)): null

05-10-2024T01:26:15 - [MESSAGE][PASSED] - Text 'Account Information:' is present on page 

05-10-2024T01:26:15 - [TEST_STEP][PASSED] - isRequiredTextPresent = true: null

05-10-2024T01:26:15 - [TEST_STEP][PASSED] - if (isRequiredTextPresent): null

05-10-2024T01:26:15 - [TEST_STEP][PASSED] - if (verifyTextPresent("Company Name:", false)): null

05-10-2024T01:26:15 - [MESSAGE][PASSED] - Text 'Company Name:' is present on page 

05-10-2024T01:26:15 - [TEST_STEP][PASSED] - isRequiredTextPresent = true: null

05-10-2024T01:26:15 - [TEST_STEP][PASSED] - if (isRequiredTextPresent): null

05-10-2024T01:26:15 - [TEST_STEP][PASSED] - if (verifyTextPresent("Routing Transit Number:", false)): null

05-10-2024T01:26:15 - [MESSAGE][PASSED] - Text 'Routing Transit Number:' is present on page 

05-10-2024T01:26:15 - [TEST_STEP][PASSED] - isRequiredTextPresent = true: null

05-10-2024T01:26:15 - [TEST_STEP][PASSED] - if (isRequiredTextPresent): null

05-10-2024T01:26:15 - [TEST_STEP][PASSED] - if (verifyTextPresent("Account Number:", false)): null

05-10-2024T01:26:16 - [MESSAGE][PASSED] - Text 'Account Number:' is present on page 

05-10-2024T01:26:16 - [TEST_STEP][PASSED] - isRequiredTextPresent = true: null

05-10-2024T01:26:16 - [TEST_STEP][PASSED] - if (isRequiredTextPresent): null

05-10-2024T01:26:16 - [TEST_STEP][PASSED] - if (verifyTextPresent("Employer Identification Number (EIN):", false)): null

05-10-2024T01:26:16 - [MESSAGE][PASSED] - Text 'Employer Identification Number (EIN):' is present on page 

05-10-2024T01:26:16 - [TEST_STEP][PASSED] - isRequiredTextPresent = true: null

05-10-2024T01:26:16 - [TEST_STEP][PASSED] - if (isRequiredTextPresent): null

05-10-2024T01:26:16 - [TEST_STEP][PASSED] - if (verifyTextPresent("Type of Account:", false)): null

05-10-2024T01:26:16 - [MESSAGE][PASSED] - Text 'Type of Account:' is present on page 

05-10-2024T01:26:16 - [TEST_STEP][PASSED] - isRequiredTextPresent = true: null

05-10-2024T01:26:16 - [TEST_STEP][PASSED] - if (isRequiredTextPresent): null

05-10-2024T01:26:16 - [TEST_STEP][PASSED] - if (verifyTextPresent("Payment Date:", false)): null

05-10-2024T01:26:17 - [MESSAGE][PASSED] - Text 'Payment Date:' is present on page 

05-10-2024T01:26:17 - [TEST_STEP][PASSED] - isRequiredTextPresent = true: null

05-10-2024T01:26:17 - [TEST_STEP][PASSED] - if (isRequiredTextPresent): null

05-10-2024T01:26:17 - [TEST_STEP][PASSED] - if (verifyTextPresent("Address Line 1:", false)): null

05-10-2024T01:26:17 - [MESSAGE][PASSED] - Text 'Address Line 1:' is present on page 

05-10-2024T01:26:17 - [TEST_STEP][PASSED] - isRequiredTextPresent = true: null

05-10-2024T01:26:17 - [TEST_STEP][PASSED] - if (isRequiredTextPresent): null

05-10-2024T01:26:17 - [TEST_STEP][PASSED] - if (verifyTextPresent("Country:", false)): null

05-10-2024T01:26:17 - [MESSAGE][PASSED] - Text 'Country:' is present on page 

05-10-2024T01:26:17 - [TEST_STEP][PASSED] - isRequiredTextPresent = true: null

05-10-2024T01:26:17 - [TEST_STEP][PASSED] - if (isRequiredTextPresent): null

05-10-2024T01:26:17 - [TEST_STEP][PASSED] - if (verifyTextPresent("City:", false)): null

05-10-2024T01:26:17 - [MESSAGE][PASSED] - Text 'City:' is present on page 

05-10-2024T01:26:17 - [TEST_STEP][PASSED] - isRequiredTextPresent = true: null

05-10-2024T01:26:17 - [TEST_STEP][PASSED] - if (isRequiredTextPresent): null

05-10-2024T01:26:17 - [TEST_STEP][PASSED] - if (verifyTextPresent("State:", false)): null

05-10-2024T01:26:18 - [MESSAGE][PASSED] - Text 'State:' is present on page 

05-10-2024T01:26:18 - [TEST_STEP][PASSED] - isRequiredTextPresent = true: null

05-10-2024T01:26:18 - [TEST_STEP][PASSED] - if (isRequiredTextPresent): null

05-10-2024T01:26:18 - [TEST_STEP][PASSED] - if (verifyTextPresent("ZIP Code:", false)): null

05-10-2024T01:26:18 - [MESSAGE][PASSED] - Text 'ZIP Code:' is present on page 

05-10-2024T01:26:18 - [TEST_STEP][PASSED] - isRequiredTextPresent = true: null

05-10-2024T01:26:18 - [TEST_STEP][PASSED] - if (isRequiredTextPresent): null

05-10-2024T01:26:18 - [TEST_STEP][PASSED] - if (verifyTextPresent("Email Address:", false)): null

05-10-2024T01:26:18 - [MESSAGE][PASSED] - Text 'Email Address:' is present on page 

05-10-2024T01:26:18 - [TEST_STEP][PASSED] - isRequiredTextPresent = true: null

05-10-2024T01:26:18 - [TEST_STEP][PASSED] - if (isRequiredTextPresent): null

05-10-2024T01:26:18 - [TEST_STEP][PASSED] - if (verifyTextPresent("Is this information correct?", false)): null

05-10-2024T01:26:19 - [MESSAGE][PASSED] - Text 'Is this information correct?' is present on page 

05-10-2024T01:26:19 - [TEST_STEP][PASSED] - isRequiredTextPresent = true: null

05-10-2024T01:26:19 - [TEST_STEP][PASSED] - if (isRequiredTextPresent == true): pages.WriteExcel.demoKey is PASSED

05-10-2024T01:26:19 - [TEST_STEP][PASSED] - println("All the relevant texts are present on Confirm Page"): null

05-10-2024T01:26:19 - [TEST_STEP][PASSED] - markPassed("All the relevant texts are present on Confirm Page"): All the relevant texts are present on Confirm Page

05-10-2024T01:26:19 - [MESSAGE][PASSED] - All the relevant texts are present on Confirm Page

05-10-2024T01:26:19 - [TEST_STEP][PASSED] - resText = "Pass": null

05-10-2024T01:26:19 - [TEST_STEP][PASSED] - pages.WriteExcel.demoKey(resText, datText, resColumn, datCloumn, fileLoc, nameSheet, row): pages.WriteExcel.demoKey is PASSED

05-10-2024T01:26:19 - [MESSAGE][PASSED] - pages.WriteExcel.demoKey is PASSED

05-10-2024T01:26:19 - [TEST_STEP][PASSED] - closeBrowser(): Browser is closed

05-10-2024T01:26:19 - [MESSAGE][PASSED] - Browser is closed]]></system-out>
         <system-err><![CDATA[]]></system-err>
      </testcase>
      <testcase name="Test Cases/IntegratedWeb/IWP25/Payments/VerifyConfirmPageLabelsPC" time="71.736" classname="Test Cases/IntegratedWeb/IWP25/Payments/VerifyConfirmPageLabelsPC" status="PASSED">
         <system-out><![CDATA[05-10-2024T01:26:19 - [TEST_CASE][PASSED] - Test Cases/IntegratedWeb/IWP25/Payments/VerifyConfirmPageLabelsPC: Test Cases/IntegratedWeb/IWP25/Payments/VerifyConfirmPageLabelsPC

05-10-2024T01:26:19 - [TEST_STEP][PASSED] - resText = "Fail": null

05-10-2024T01:26:19 - [TEST_STEP][PASSED] - resColumn = "Result": null

05-10-2024T01:26:19 - [TEST_STEP][PASSED] - datCloumn = "Date": null

05-10-2024T01:26:19 - [TEST_STEP][PASSED] - fileLoc = "KatalonData/IWPTestData/VRelay25Payments.xlsx": null

05-10-2024T01:26:19 - [TEST_STEP][PASSED] - numOfRows = <not implemented yet for class: org.codehaus.groovy.ast.expr.EmptyExpression>: null

05-10-2024T01:26:19 - [TEST_STEP][PASSED] - dataFile = <not implemented yet for class: org.codehaus.groovy.ast.expr.EmptyExpression>: null

05-10-2024T01:26:19 - [TEST_STEP][PASSED] - nameSheet = <not implemented yet for class: org.codehaus.groovy.ast.expr.EmptyExpression>: null

05-10-2024T01:26:19 - [TEST_STEP][PASSED] - dataFileEmulator = <not implemented yet for class: org.codehaus.groovy.ast.expr.EmptyExpression>: null

05-10-2024T01:26:19 - [TEST_STEP][PASSED] - isRequiredTextPresent = false: null

05-10-2024T01:26:19 - [TEST_STEP][PASSED] - nameSheet = "VerifyConfirmPageLabelsPC": null

05-10-2024T01:26:19 - [TEST_STEP][PASSED] - dataFile = "IWPTestData/IWP25VerifyConfirmPageLabelsPC": null

05-10-2024T01:26:19 - [TEST_STEP][PASSED] - dataFileEmulator = "IWPTestData/EmulatorData": null

05-10-2024T01:26:19 - [TEST_STEP][PASSED] - numOfRows = findTestData(dataFile).getRowNumbers(): null

05-10-2024T01:26:19 - [TEST_STEP][PASSED] - println("Number of Records: " + numOfRows): null

05-10-2024T01:26:19 - [TEST_STEP][PASSED] - for ([row = 1, row <= numOfRows, (row++)]): Browser is closed

05-10-2024T01:26:19 - [TEST_STEP][PASSED] - ExecuteTC = findTestData(dataFile).getValue("Execute", row): null

05-10-2024T01:26:19 - [TEST_STEP][PASSED] - out.println("Value of Execute is : " + ExecuteTC): null

05-10-2024T01:26:19 - [TEST_STEP][PASSED] - if (ExecuteTC.equalsIgnoreCase("Y")): null

05-10-2024T01:26:19 - [TEST_STEP][PASSED] - out.println("Begin Record Number: " + row): null

05-10-2024T01:26:19 - [TEST_STEP][PASSED] - today = new java.util.Date(): null

05-10-2024T01:26:19 - [TEST_STEP][PASSED] - println(today): null

05-10-2024T01:26:19 - [TEST_STEP][PASSED] - datText = today: null

05-10-2024T01:26:19 - [TEST_STEP][PASSED] - EmulatorDataKey = findTestData(dataFile).getValue("EmulatorData", row): null

05-10-2024T01:26:19 - [TEST_STEP][PASSED] - out.println("Value of Emulator Key is : " + EmulatorDataKey): null

05-10-2024T01:26:19 - [TEST_STEP][PASSED] - iwpPages.emulatorIWP30.setDataEmulator_DD(EmulatorDataKey): iwpPages.emulatorIWP30.setDataEmulator_DD is PASSED

05-10-2024T01:26:19 - [MESSAGE][INFO] - Starting 'Edge Chromium' driver

05-10-2024T01:26:19 - [MESSAGE][INFO] - User set preference: ['acceptInsecureCerts', 'true']

05-10-2024T01:26:21 - [MESSAGE][INFO] - Action delay is set to 0 milliseconds

05-10-2024T01:26:24 - [MESSAGE][PASSED] - Browser is opened with url: 'https://qa.velocitypayment.com/agency/config.do?action=editor&message_version=2_5'

05-10-2024T01:26:24 - [MESSAGE][PASSED] - Current window maximized

05-10-2024T01:26:25 - [MESSAGE][PASSED] - All options with value '2.5' are selected in object 'Object Repository/IWP30/Page_VRelay30Emulator/MV'  using regular expression

05-10-2024T01:26:26 - [MESSAGE][PASSED] - Text '10.50' is set on object 'Object Repository/IWP30/Page_VRelay30Emulator/Amount'

05-10-2024T01:26:27 - [MESSAGE][PASSED] - Text 'xQXow6AwDqh8' is set on object 'Object Repository/IWP30/Page_VRelay30Emulator/CAN'

05-10-2024T01:26:27 - [MESSAGE][PASSED] - Text 'PayNow' is set on object 'Object Repository/IWP30/Page_VRelay30Emulator/Action'

05-10-2024T01:26:28 - [MESSAGE][PASSED] - Text 'en_US' is set on object 'Object Repository/IWP30/Page_VRelay30Emulator/Lang'

05-10-2024T01:26:29 - [MESSAGE][PASSED] - Text '' is set on object 'Object Repository/IWP30/Page_VRelay30Emulator/Fname'

05-10-2024T01:26:29 - [MESSAGE][PASSED] - Text '' is set on object 'Object Repository/IWP30/Page_VRelay30Emulator/Lname'

05-10-2024T01:26:30 - [MESSAGE][PASSED] - Text '' is set on object 'Object Repository/IWP30/Page_VRelay30Emulator/AL1'

05-10-2024T01:26:30 - [MESSAGE][PASSED] - Text '' is set on object 'Object Repository/IWP30/Page_VRelay30Emulator/AL2'

05-10-2024T01:26:31 - [MESSAGE][PASSED] - Text '' is set on object 'Object Repository/IWP30/Page_VRelay30Emulator/Country'

05-10-2024T01:26:31 - [MESSAGE][PASSED] - Text '' is set on object 'Object Repository/IWP30/Page_VRelay30Emulator/City'

05-10-2024T01:26:32 - [MESSAGE][PASSED] - Text '' is set on object 'Object Repository/IWP30/Page_VRelay30Emulator/State'

05-10-2024T01:26:32 - [MESSAGE][PASSED] - Text '' is set on object 'Object Repository/IWP30/Page_VRelay30Emulator/ZIP'

05-10-2024T01:26:33 - [MESSAGE][PASSED] - Text '' is set on object 'Object Repository/IWP30/Page_VRelay30Emulator/Order'

05-10-2024T01:26:34 - [MESSAGE][PASSED] - Text '' is set on object 'Object Repository/IWP30/Page_VRelay30Emulator/Company'

05-10-2024T01:26:34 - [MESSAGE][PASSED] - Text '' is set on object 'Object Repository/IWP30/Page_VRelay30Emulator/Email'

05-10-2024T01:26:35 - [MESSAGE][PASSED] - Text '' is set on object 'Object Repository/IWP30/Page_VRelay30Emulator/UDF1'

05-10-2024T01:26:35 - [MESSAGE][PASSED] - Text '' is set on object 'Object Repository/IWP30/Page_VRelay30Emulator/UDF2'

05-10-2024T01:26:36 - [MESSAGE][PASSED] - Text '' is set on object 'Object Repository/IWP30/Page_VRelay30Emulator/UDF3'

05-10-2024T01:26:37 - [MESSAGE][PASSED] - Text 'udf data 4' is set on object 'Object Repository/IWP30/Page_VRelay30Emulator/UDF4'

05-10-2024T01:26:37 - [MESSAGE][PASSED] - Text 'udf data 5' is set on object 'Object Repository/IWP30/Page_VRelay30Emulator/UDF5'

05-10-2024T01:26:38 - [MESSAGE][PASSED] - Text '' is set on object 'Object Repository/IWP30/Page_VRelay30Emulator/UDF6'

05-10-2024T01:26:38 - [MESSAGE][PASSED] - Text '' is set on object 'Object Repository/IWP30/Page_VRelay30Emulator/UDF7'

05-10-2024T01:26:39 - [MESSAGE][PASSED] - Text '' is set on object 'Object Repository/IWP30/Page_VRelay30Emulator/UDF8'

05-10-2024T01:26:40 - [MESSAGE][PASSED] - Text 'udf data 9' is set on object 'Object Repository/IWP30/Page_VRelay30Emulator/UDF9'

05-10-2024T01:26:40 - [MESSAGE][PASSED] - Text 'udf data 10' is set on object 'Object Repository/IWP30/Page_VRelay30Emulator/UDF10'

05-10-2024T01:26:41 - [MESSAGE][PASSED] - Object: 'Object Repository/IWP30/Page_VRelay30Emulator/Submit' is clicked on

05-10-2024T01:26:46 - [MESSAGE][PASSED] - Browser is closed

05-10-2024T01:26:50 - [MESSAGE][PASSED] - iwpPages.emulatorIWP30.setDataEmulator_DD is PASSED

05-10-2024T01:26:50 - [TEST_STEP][PASSED] - testHarnessURL = urlTestHarness: null

05-10-2024T01:26:50 - [TEST_STEP][PASSED] - openBrowser(testHarnessURL): Browser is opened with url: 'https://dev-algorithm.govolution.com/vrelaytest/QA/version_2_2/vrelaytest.html'

05-10-2024T01:26:50 - [MESSAGE][INFO] - Starting 'Edge Chromium' driver

05-10-2024T01:26:50 - [MESSAGE][INFO] - User set preference: ['acceptInsecureCerts', 'true']

05-10-2024T01:26:52 - [MESSAGE][INFO] - Action delay is set to 0 milliseconds

05-10-2024T01:26:55 - [MESSAGE][PASSED] - Browser is opened with url: 'https://dev-algorithm.govolution.com/vrelaytest/QA/version_2_2/vrelaytest.html'

05-10-2024T01:26:55 - [TEST_STEP][PASSED] - maximizeWindow(): Current window maximized

05-10-2024T01:26:55 - [MESSAGE][PASSED] - Current window maximized

05-10-2024T01:26:55 - [TEST_STEP][PASSED] - iwpPages.TestHarnessPage.setDataMethod(row, dataFile): iwpPages.TestHarnessPage.setDataMethod is PASSED

05-10-2024T01:26:56 - [MESSAGE][PASSED] - Object 'Object Repository/IWP30/Page_QATestHarness/RemittanceID' is present

05-10-2024T01:26:56 - [MESSAGE][PASSED] - Text '638' is set on object 'Object Repository/IWP30/Page_QATestHarness/ApplicationID'

05-10-2024T01:26:57 - [MESSAGE][PASSED] - Text '2.5' is set on object 'Object Repository/IWP30/Page_QATestHarness/MessageVersion'

05-10-2024T01:26:57 - [MESSAGE][PASSED] - Text '5pHlQmiLXm6n' is set on object 'Object Repository/IWP30/Page_QATestHarness/RemittanceID'

05-10-2024T01:27:01 - [MESSAGE][PASSED] - Object: 'Object Repository/IWP30/Page_QATestHarness/SubmitButton' is clicked on

05-10-2024T01:27:01 - [MESSAGE][PASSED] - iwpPages.TestHarnessPage.setDataMethod is PASSED

05-10-2024T01:27:01 - [TEST_STEP][PASSED] - click(findTestObject("Object Repository/IWP30/Page_SelectPaymentMethod/PayByPersonalCheck")): Object: 'Object Repository/IWP30/Page_SelectPaymentMethod/PayByPersonalCheck' is clicked on

05-10-2024T01:27:02 - [MESSAGE][PASSED] - Object: 'Object Repository/IWP30/Page_SelectPaymentMethod/PayByPersonalCheck' is clicked on

05-10-2024T01:27:02 - [TEST_STEP][PASSED] - click(findTestObject("Object Repository/IWP30/Page_SelectPaymentMethod/MakePaymentButton")): Object: 'Object Repository/IWP30/Page_SelectPaymentMethod/MakePaymentButton' is clicked on

05-10-2024T01:27:03 - [MESSAGE][PASSED] - Object: 'Object Repository/IWP30/Page_SelectPaymentMethod/MakePaymentButton' is clicked on

05-10-2024T01:27:03 - [TEST_STEP][PASSED] - iwpPages.achPersonalPaymentEntryPage.setDataACHPPM(row, dataFile): iwpPages.achPersonalPaymentEntryPage.setDataACHPPM is PASSED

05-10-2024T01:27:04 - [MESSAGE][PASSED] - Object 'Object Repository/IWP30/Page_ACHPersonalPaymentEntry/txt_accountNumber' is present

05-10-2024T01:27:05 - [MESSAGE][PASSED] - Text '10.50' is set on object 'Object Repository/IWP30/Page_ACHPersonalPaymentEntry/txt_Amount'

05-10-2024T01:27:05 - [MESSAGE][PASSED] - Object 'Object Repository/IWP30/Page_ACHPersonalPaymentEntry/txt_UDF2' is present

05-10-2024T01:27:06 - [MESSAGE][PASSED] - Text 'udf data 2' is set on object 'Object Repository/IWP30/Page_ACHPersonalPaymentEntry/txt_UDF2'

05-10-2024T01:27:06 - [MESSAGE][PASSED] - Text 'udf data 3' is set on object 'Object Repository/IWP30/Page_ACHPersonalPaymentEntry/txt_UDF3'

05-10-2024T01:27:07 - [MESSAGE][PASSED] - All options with label 'Orange' are selected in object 'Object Repository/IWP30/Page_ACHPersonalPaymentEntry/dd_UDF7' 

05-10-2024T01:27:07 - [MESSAGE][PASSED] - All options with label 'Soccer' are selected in object 'Object Repository/IWP30/Page_ACHPersonalPaymentEntry/dd_UDF8' 

05-10-2024T01:27:08 - [MESSAGE][PASSED] - Object 'Object Repository/IWP30/Page_ACHPersonalPaymentEntry/txt_Firstname' is present

05-10-2024T01:27:08 - [MESSAGE][PASSED] - Text 'Curlonty' is set on object 'Object Repository/IWP30/Page_ACHPersonalPaymentEntry/txt_Firstname'

05-10-2024T01:27:09 - [MESSAGE][PASSED] - Object 'Object Repository/IWP30/Page_ACHPersonalPaymentEntry/txt_Lastname' is present

05-10-2024T01:27:09 - [MESSAGE][PASSED] - Text 'Lachuga' is set on object 'Object Repository/IWP30/Page_ACHPersonalPaymentEntry/txt_Lastname'

05-10-2024T01:27:09 - [MESSAGE][PASSED] - Object 'Object Repository/IWP30/Page_ACHPersonalPaymentEntry/txt_routingNumber' is present

05-10-2024T01:27:10 - [MESSAGE][PASSED] - Text '256072691' is set on object 'Object Repository/IWP30/Page_ACHPersonalPaymentEntry/txt_routingNumber'

05-10-2024T01:27:10 - [MESSAGE][PASSED] - Object 'Object Repository/IWP30/Page_ACHPersonalPaymentEntry/txt_accountNumber' is present

05-10-2024T01:27:12 - [MESSAGE][PASSED] - Text '12342222' is set on object 'Object Repository/IWP30/Page_ACHPersonalPaymentEntry/txt_accountNumber'

05-10-2024T01:27:12 - [MESSAGE][PASSED] - Object 'Object Repository/IWP30/Page_ACHPersonalPaymentEntry/txt_confirmAccountNumber' is present

05-10-2024T01:27:13 - [MESSAGE][PASSED] - Text '12342222' is set on object 'Object Repository/IWP30/Page_ACHPersonalPaymentEntry/txt_confirmAccountNumber'

05-10-2024T01:27:13 - [MESSAGE][PASSED] - Object 'Object Repository/IWP30/Page_ACHPersonalPaymentEntry/rd_accountType' is present

05-10-2024T01:27:13 - [MESSAGE][PASSED] - Modify property of object successfully

05-10-2024T01:27:13 - [MESSAGE][PASSED] - Object: 'Object Repository/IWP30/Page_ACHPersonalPaymentEntry/rd_accountType' is clicked on

05-10-2024T01:27:14 - [MESSAGE][PASSED] - Text '365 Main Avenue' is set on object 'Object Repository/IWP30/Page_ACHPersonalPaymentEntry/txt_AL1'

05-10-2024T01:27:14 - [MESSAGE][PASSED] - Text '22201' is set on object 'Object Repository/IWP30/Page_ACHPersonalPaymentEntry/txt_ZIP'

05-10-2024T01:27:15 - [MESSAGE][PASSED] - Object 'Object Repository/IWP30/Page_ACHPersonalPaymentEntry/txt_Email' is present

05-10-2024T01:27:16 - [MESSAGE][PASSED] - Text 'iahmed@govolution.com' is set on object 'Object Repository/IWP30/Page_ACHPersonalPaymentEntry/txt_Email'

05-10-2024T01:27:16 - [MESSAGE][PASSED] - Object 'Object Repository/IWP30/Page_ACHPersonalPaymentEntry/cb_TermsAndCond' is present

05-10-2024T01:27:16 - [MESSAGE][PASSED] - Object: 'Object Repository/IWP30/Page_ACHPersonalPaymentEntry/cb_TermsAndCond' is clicked on

05-10-2024T01:27:17 - [MESSAGE][PASSED] - Object 'Object Repository/IWP30/Page_ACHPersonalPaymentEntry/btn_Continue' is present

05-10-2024T01:27:18 - [MESSAGE][PASSED] - Object: 'Object Repository/IWP30/Page_ACHPersonalPaymentEntry/btn_Continue' is clicked on

05-10-2024T01:27:18 - [MESSAGE][PASSED] - iwpPages.achPersonalPaymentEntryPage.setDataACHPPM is PASSED

05-10-2024T01:27:18 - [TEST_STEP][PASSED] - Thread.sleep(5000): null

05-10-2024T01:27:23 - [TEST_STEP][PASSED] - if (verifyTextPresent("Make a Real Estate Payment", false)): null

05-10-2024T01:27:23 - [MESSAGE][PASSED] - Text 'Make a Real Estate Payment' is present on page 

05-10-2024T01:27:23 - [TEST_STEP][PASSED] - isRequiredTextPresent = true: null

05-10-2024T01:27:23 - [TEST_STEP][PASSED] - println(isRequiredTextPresent): null

05-10-2024T01:27:23 - [TEST_STEP][PASSED] - if (isRequiredTextPresent): null

05-10-2024T01:27:23 - [TEST_STEP][PASSED] - if (verifyTextPresent("Confirm Payment Information", false)): null

05-10-2024T01:27:23 - [MESSAGE][PASSED] - Text 'Confirm Payment Information' is present on page 

05-10-2024T01:27:23 - [TEST_STEP][PASSED] - isRequiredTextPresent = true: null

05-10-2024T01:27:23 - [TEST_STEP][PASSED] - println(isRequiredTextPresent): null

05-10-2024T01:27:23 - [TEST_STEP][PASSED] - if (isRequiredTextPresent): null

05-10-2024T01:27:23 - [TEST_STEP][PASSED] - if (verifyTextPresent("Please verify the following information:", false)): null

05-10-2024T01:27:24 - [MESSAGE][PASSED] - Text 'Please verify the following information:' is present on page 

05-10-2024T01:27:24 - [TEST_STEP][PASSED] - isRequiredTextPresent = true: null

05-10-2024T01:27:24 - [TEST_STEP][PASSED] - if (isRequiredTextPresent): null

05-10-2024T01:27:24 - [TEST_STEP][PASSED] - if (verifyTextPresent("Payment Information:", false)): null

05-10-2024T01:27:24 - [MESSAGE][PASSED] - Text 'Payment Information:' is present on page 

05-10-2024T01:27:24 - [TEST_STEP][PASSED] - isRequiredTextPresent = true: null

05-10-2024T01:27:24 - [TEST_STEP][PASSED] - if (isRequiredTextPresent): null

05-10-2024T01:27:24 - [TEST_STEP][PASSED] - if (verifyTextPresent("Tax Amount:", false)): null

05-10-2024T01:27:24 - [MESSAGE][PASSED] - Text 'Tax Amount:' is present on page 

05-10-2024T01:27:24 - [TEST_STEP][PASSED] - isRequiredTextPresent = true: null

05-10-2024T01:27:24 - [TEST_STEP][PASSED] - if (isRequiredTextPresent): null

05-10-2024T01:27:24 - [TEST_STEP][PASSED] - if (verifyTextPresent("Amount:", false)): null

05-10-2024T01:27:24 - [MESSAGE][PASSED] - Text 'Amount:' is present on page 

05-10-2024T01:27:24 - [TEST_STEP][PASSED] - isRequiredTextPresent = true: null

05-10-2024T01:27:24 - [TEST_STEP][PASSED] - if (isRequiredTextPresent): null

05-10-2024T01:27:24 - [TEST_STEP][PASSED] - if (verifyTextPresent("UDF2 Label:", false)): null

05-10-2024T01:27:25 - [MESSAGE][PASSED] - Text 'UDF2 Label:' is present on page 

05-10-2024T01:27:25 - [TEST_STEP][PASSED] - isRequiredTextPresent = true: null

05-10-2024T01:27:25 - [TEST_STEP][PASSED] - if (isRequiredTextPresent): null

05-10-2024T01:27:25 - [TEST_STEP][PASSED] - if (verifyTextPresent("UDF3 Label:", false)): null

05-10-2024T01:27:25 - [MESSAGE][PASSED] - Text 'UDF3 Label:' is present on page 

05-10-2024T01:27:25 - [TEST_STEP][PASSED] - isRequiredTextPresent = true: null

05-10-2024T01:27:25 - [TEST_STEP][PASSED] - if (isRequiredTextPresent): null

05-10-2024T01:27:25 - [TEST_STEP][PASSED] - if (verifyTextPresent("UDF4 Label:", false)): null

05-10-2024T01:27:25 - [MESSAGE][PASSED] - Text 'UDF4 Label:' is present on page 

05-10-2024T01:27:25 - [TEST_STEP][PASSED] - isRequiredTextPresent = true: null

05-10-2024T01:27:25 - [TEST_STEP][PASSED] - if (isRequiredTextPresent): null

05-10-2024T01:27:25 - [TEST_STEP][PASSED] - if (verifyTextPresent("UDF7 Label:", false)): null

05-10-2024T01:27:26 - [MESSAGE][PASSED] - Text 'UDF7 Label:' is present on page 

05-10-2024T01:27:26 - [TEST_STEP][PASSED] - isRequiredTextPresent = true: null

05-10-2024T01:27:26 - [TEST_STEP][PASSED] - if (isRequiredTextPresent): null

05-10-2024T01:27:26 - [TEST_STEP][PASSED] - if (verifyTextPresent("UDF8 Label:", false)): null

05-10-2024T01:27:26 - [MESSAGE][PASSED] - Text 'UDF8 Label:' is present on page 

05-10-2024T01:27:26 - [TEST_STEP][PASSED] - isRequiredTextPresent = true: null

05-10-2024T01:27:26 - [TEST_STEP][PASSED] - if (isRequiredTextPresent): null

05-10-2024T01:27:26 - [TEST_STEP][PASSED] - if (verifyTextPresent("UDF9 Label:", false)): null

05-10-2024T01:27:26 - [MESSAGE][PASSED] - Text 'UDF9 Label:' is present on page 

05-10-2024T01:27:26 - [TEST_STEP][PASSED] - isRequiredTextPresent = true: null

05-10-2024T01:27:26 - [TEST_STEP][PASSED] - if (isRequiredTextPresent): null

05-10-2024T01:27:26 - [TEST_STEP][PASSED] - if (verifyTextPresent("UDF9 Label:", false)): null

05-10-2024T01:27:26 - [MESSAGE][PASSED] - Text 'UDF9 Label:' is present on page 

05-10-2024T01:27:26 - [TEST_STEP][PASSED] - isRequiredTextPresent = true: null

05-10-2024T01:27:26 - [TEST_STEP][PASSED] - if (isRequiredTextPresent): null

05-10-2024T01:27:26 - [TEST_STEP][PASSED] - if (verifyTextPresent("Account Information:", false)): null

05-10-2024T01:27:27 - [MESSAGE][PASSED] - Text 'Account Information:' is present on page 

05-10-2024T01:27:27 - [TEST_STEP][PASSED] - isRequiredTextPresent = true: null

05-10-2024T01:27:27 - [TEST_STEP][PASSED] - if (isRequiredTextPresent): null

05-10-2024T01:27:27 - [TEST_STEP][PASSED] - if (verifyTextPresent("First Name on Check:", false)): null

05-10-2024T01:27:27 - [MESSAGE][PASSED] - Text 'First Name on Check:' is present on page 

05-10-2024T01:27:27 - [TEST_STEP][PASSED] - isRequiredTextPresent = true: null

05-10-2024T01:27:27 - [TEST_STEP][PASSED] - if (isRequiredTextPresent): null

05-10-2024T01:27:27 - [TEST_STEP][PASSED] - if (verifyTextPresent("Last Name on Check:", false)): null

05-10-2024T01:27:27 - [MESSAGE][PASSED] - Text 'Last Name on Check:' is present on page 

05-10-2024T01:27:27 - [TEST_STEP][PASSED] - isRequiredTextPresent = true: null

05-10-2024T01:27:27 - [TEST_STEP][PASSED] - if (isRequiredTextPresent): null

05-10-2024T01:27:27 - [TEST_STEP][PASSED] - if (verifyTextPresent("Routing Transit Number:", false)): null

05-10-2024T01:27:28 - [MESSAGE][PASSED] - Text 'Routing Transit Number:' is present on page 

05-10-2024T01:27:28 - [TEST_STEP][PASSED] - isRequiredTextPresent = true: null

05-10-2024T01:27:28 - [TEST_STEP][PASSED] - if (isRequiredTextPresent): null

05-10-2024T01:27:28 - [TEST_STEP][PASSED] - if (verifyTextPresent("Account Number:", false)): null

05-10-2024T01:27:28 - [MESSAGE][PASSED] - Text 'Account Number:' is present on page 

05-10-2024T01:27:28 - [TEST_STEP][PASSED] - isRequiredTextPresent = true: null

05-10-2024T01:27:28 - [TEST_STEP][PASSED] - if (isRequiredTextPresent): null

05-10-2024T01:27:28 - [TEST_STEP][PASSED] - if (verifyTextPresent("Type of Account:", false)): null

05-10-2024T01:27:28 - [MESSAGE][PASSED] - Text 'Type of Account:' is present on page 

05-10-2024T01:27:28 - [TEST_STEP][PASSED] - isRequiredTextPresent = true: null

05-10-2024T01:27:28 - [TEST_STEP][PASSED] - if (isRequiredTextPresent): null

05-10-2024T01:27:28 - [TEST_STEP][PASSED] - if (verifyTextPresent("Payment Date:", false)): null

05-10-2024T01:27:28 - [MESSAGE][PASSED] - Text 'Payment Date:' is present on page 

05-10-2024T01:27:28 - [TEST_STEP][PASSED] - isRequiredTextPresent = true: null

05-10-2024T01:27:28 - [TEST_STEP][PASSED] - if (isRequiredTextPresent): null

05-10-2024T01:27:28 - [TEST_STEP][PASSED] - if (verifyTextPresent("Address Line 1:", false)): null

05-10-2024T01:27:29 - [MESSAGE][PASSED] - Text 'Address Line 1:' is present on page 

05-10-2024T01:27:29 - [TEST_STEP][PASSED] - isRequiredTextPresent = true: null

05-10-2024T01:27:29 - [TEST_STEP][PASSED] - if (isRequiredTextPresent): null

05-10-2024T01:27:29 - [TEST_STEP][PASSED] - if (verifyTextPresent("Country:", false)): null

05-10-2024T01:27:29 - [MESSAGE][PASSED] - Text 'Country:' is present on page 

05-10-2024T01:27:29 - [TEST_STEP][PASSED] - isRequiredTextPresent = true: null

05-10-2024T01:27:29 - [TEST_STEP][PASSED] - if (isRequiredTextPresent): null

05-10-2024T01:27:29 - [TEST_STEP][PASSED] - if (verifyTextPresent("City:", false)): null

05-10-2024T01:27:29 - [MESSAGE][PASSED] - Text 'City:' is present on page 

05-10-2024T01:27:29 - [TEST_STEP][PASSED] - isRequiredTextPresent = true: null

05-10-2024T01:27:29 - [TEST_STEP][PASSED] - if (isRequiredTextPresent): null

05-10-2024T01:27:29 - [TEST_STEP][PASSED] - if (verifyTextPresent("State:", false)): null

05-10-2024T01:27:29 - [MESSAGE][PASSED] - Text 'State:' is present on page 

05-10-2024T01:27:29 - [TEST_STEP][PASSED] - isRequiredTextPresent = true: null

05-10-2024T01:27:29 - [TEST_STEP][PASSED] - if (isRequiredTextPresent): null

05-10-2024T01:27:29 - [TEST_STEP][PASSED] - if (verifyTextPresent("ZIP Code:", false)): null

05-10-2024T01:27:30 - [MESSAGE][PASSED] - Text 'ZIP Code:' is present on page 

05-10-2024T01:27:30 - [TEST_STEP][PASSED] - isRequiredTextPresent = true: null

05-10-2024T01:27:30 - [TEST_STEP][PASSED] - if (isRequiredTextPresent): null

05-10-2024T01:27:30 - [TEST_STEP][PASSED] - if (verifyTextPresent("Email Address:", false)): null

05-10-2024T01:27:30 - [MESSAGE][PASSED] - Text 'Email Address:' is present on page 

05-10-2024T01:27:30 - [TEST_STEP][PASSED] - isRequiredTextPresent = true: null

05-10-2024T01:27:30 - [TEST_STEP][PASSED] - if (isRequiredTextPresent): null

05-10-2024T01:27:30 - [TEST_STEP][PASSED] - if (verifyTextPresent("Is this information correct?", false)): null

05-10-2024T01:27:30 - [MESSAGE][PASSED] - Text 'Is this information correct?' is present on page 

05-10-2024T01:27:30 - [TEST_STEP][PASSED] - isRequiredTextPresent = true: null

05-10-2024T01:27:30 - [TEST_STEP][PASSED] - closeBrowser(): Browser is closed

05-10-2024T01:27:31 - [MESSAGE][PASSED] - Browser is closed]]></system-out>
         <system-err><![CDATA[]]></system-err>
      </testcase>
      <testcase name="Test Cases/IntegratedWeb/IWP25/Payments/VerifyConfirmPageLabelsPS" time="71.825" classname="Test Cases/IntegratedWeb/IWP25/Payments/VerifyConfirmPageLabelsPS" status="PASSED">
         <system-out><![CDATA[05-10-2024T01:27:31 - [TEST_CASE][PASSED] - Test Cases/IntegratedWeb/IWP25/Payments/VerifyConfirmPageLabelsPS: Test Cases/IntegratedWeb/IWP25/Payments/VerifyConfirmPageLabelsPS

05-10-2024T01:27:31 - [TEST_STEP][PASSED] - resText = "Fail": null

05-10-2024T01:27:31 - [TEST_STEP][PASSED] - resColumn = "Result": null

05-10-2024T01:27:31 - [TEST_STEP][PASSED] - datCloumn = "Date": null

05-10-2024T01:27:31 - [TEST_STEP][PASSED] - fileLoc = "KatalonData/IWPTestData/VRelay25Payments.xlsx": null

05-10-2024T01:27:31 - [TEST_STEP][PASSED] - numOfRows = <not implemented yet for class: org.codehaus.groovy.ast.expr.EmptyExpression>: null

05-10-2024T01:27:31 - [TEST_STEP][PASSED] - dataFile = <not implemented yet for class: org.codehaus.groovy.ast.expr.EmptyExpression>: null

05-10-2024T01:27:31 - [TEST_STEP][PASSED] - nameSheet = <not implemented yet for class: org.codehaus.groovy.ast.expr.EmptyExpression>: null

05-10-2024T01:27:31 - [TEST_STEP][PASSED] - dataFileEmulator = <not implemented yet for class: org.codehaus.groovy.ast.expr.EmptyExpression>: null

05-10-2024T01:27:31 - [TEST_STEP][PASSED] - isRequiredTextPresent = false: null

05-10-2024T01:27:31 - [TEST_STEP][PASSED] - nameSheet = "VerifyConfirmPageLabelsPS": null

05-10-2024T01:27:31 - [TEST_STEP][PASSED] - dataFile = "IWPTestData/IWP25VerifyConfirmPageLabelsPS": null

05-10-2024T01:27:31 - [TEST_STEP][PASSED] - dataFileEmulator = "IWPTestData/EmulatorData": null

05-10-2024T01:27:31 - [TEST_STEP][PASSED] - numOfRows = findTestData(dataFile).getRowNumbers(): null

05-10-2024T01:27:31 - [TEST_STEP][PASSED] - println("Number of Records: " + numOfRows): null

05-10-2024T01:27:31 - [TEST_STEP][PASSED] - for ([row = 1, row <= numOfRows, (row++)]): Browser is closed

05-10-2024T01:27:31 - [TEST_STEP][PASSED] - ExecuteTC = findTestData(dataFile).getValue("Execute", row): null

05-10-2024T01:27:31 - [TEST_STEP][PASSED] - out.println("Value of Execute is : " + ExecuteTC): null

05-10-2024T01:27:31 - [TEST_STEP][PASSED] - if (ExecuteTC.equalsIgnoreCase("Y")): null

05-10-2024T01:27:31 - [TEST_STEP][PASSED] - out.println("Begin Record Number: " + row): null

05-10-2024T01:27:31 - [TEST_STEP][PASSED] - today = new java.util.Date(): null

05-10-2024T01:27:31 - [TEST_STEP][PASSED] - println(today): null

05-10-2024T01:27:31 - [TEST_STEP][PASSED] - datText = today: null

05-10-2024T01:27:31 - [TEST_STEP][PASSED] - EmulatorDataKey = findTestData(dataFile).getValue("EmulatorData", row): null

05-10-2024T01:27:31 - [TEST_STEP][PASSED] - out.println("Value of Emulator Key is : " + EmulatorDataKey): null

05-10-2024T01:27:31 - [TEST_STEP][PASSED] - iwpPages.emulatorIWP30.setDataEmulator_DD(EmulatorDataKey): iwpPages.emulatorIWP30.setDataEmulator_DD is PASSED

05-10-2024T01:27:31 - [MESSAGE][INFO] - Starting 'Edge Chromium' driver

05-10-2024T01:27:31 - [MESSAGE][INFO] - User set preference: ['acceptInsecureCerts', 'true']

05-10-2024T01:27:33 - [MESSAGE][INFO] - Action delay is set to 0 milliseconds

05-10-2024T01:27:37 - [MESSAGE][PASSED] - Browser is opened with url: 'https://qa.velocitypayment.com/agency/config.do?action=editor&message_version=2_5'

05-10-2024T01:27:37 - [MESSAGE][PASSED] - Current window maximized

05-10-2024T01:27:38 - [MESSAGE][PASSED] - All options with value '2.5' are selected in object 'Object Repository/IWP30/Page_VRelay30Emulator/MV'  using regular expression

05-10-2024T01:27:38 - [MESSAGE][PASSED] - Text '10.50' is set on object 'Object Repository/IWP30/Page_VRelay30Emulator/Amount'

05-10-2024T01:27:39 - [MESSAGE][PASSED] - Text 'jThA6aNjx2dP' is set on object 'Object Repository/IWP30/Page_VRelay30Emulator/CAN'

05-10-2024T01:27:40 - [MESSAGE][PASSED] - Text 'PayNow' is set on object 'Object Repository/IWP30/Page_VRelay30Emulator/Action'

05-10-2024T01:27:40 - [MESSAGE][PASSED] - Text 'en_US' is set on object 'Object Repository/IWP30/Page_VRelay30Emulator/Lang'

05-10-2024T01:27:41 - [MESSAGE][PASSED] - Text '' is set on object 'Object Repository/IWP30/Page_VRelay30Emulator/Fname'

05-10-2024T01:27:41 - [MESSAGE][PASSED] - Text '' is set on object 'Object Repository/IWP30/Page_VRelay30Emulator/Lname'

05-10-2024T01:27:42 - [MESSAGE][PASSED] - Text '' is set on object 'Object Repository/IWP30/Page_VRelay30Emulator/AL1'

05-10-2024T01:27:43 - [MESSAGE][PASSED] - Text '' is set on object 'Object Repository/IWP30/Page_VRelay30Emulator/AL2'

05-10-2024T01:27:43 - [MESSAGE][PASSED] - Text '' is set on object 'Object Repository/IWP30/Page_VRelay30Emulator/Country'

05-10-2024T01:27:44 - [MESSAGE][PASSED] - Text '' is set on object 'Object Repository/IWP30/Page_VRelay30Emulator/City'

05-10-2024T01:27:44 - [MESSAGE][PASSED] - Text '' is set on object 'Object Repository/IWP30/Page_VRelay30Emulator/State'

05-10-2024T01:27:45 - [MESSAGE][PASSED] - Text '' is set on object 'Object Repository/IWP30/Page_VRelay30Emulator/ZIP'

05-10-2024T01:27:46 - [MESSAGE][PASSED] - Text '' is set on object 'Object Repository/IWP30/Page_VRelay30Emulator/Order'

05-10-2024T01:27:46 - [MESSAGE][PASSED] - Text '' is set on object 'Object Repository/IWP30/Page_VRelay30Emulator/Company'

05-10-2024T01:27:47 - [MESSAGE][PASSED] - Text '' is set on object 'Object Repository/IWP30/Page_VRelay30Emulator/Email'

05-10-2024T01:27:47 - [MESSAGE][PASSED] - Text '' is set on object 'Object Repository/IWP30/Page_VRelay30Emulator/UDF1'

05-10-2024T01:27:48 - [MESSAGE][PASSED] - Text '' is set on object 'Object Repository/IWP30/Page_VRelay30Emulator/UDF2'

05-10-2024T01:27:48 - [MESSAGE][PASSED] - Text '' is set on object 'Object Repository/IWP30/Page_VRelay30Emulator/UDF3'

05-10-2024T01:27:49 - [MESSAGE][PASSED] - Text 'udf data 4' is set on object 'Object Repository/IWP30/Page_VRelay30Emulator/UDF4'

05-10-2024T01:27:50 - [MESSAGE][PASSED] - Text 'udf data 5' is set on object 'Object Repository/IWP30/Page_VRelay30Emulator/UDF5'

05-10-2024T01:27:50 - [MESSAGE][PASSED] - Text '' is set on object 'Object Repository/IWP30/Page_VRelay30Emulator/UDF6'

05-10-2024T01:27:51 - [MESSAGE][PASSED] - Text '' is set on object 'Object Repository/IWP30/Page_VRelay30Emulator/UDF7'

05-10-2024T01:27:51 - [MESSAGE][PASSED] - Text '' is set on object 'Object Repository/IWP30/Page_VRelay30Emulator/UDF8'

05-10-2024T01:27:52 - [MESSAGE][PASSED] - Text 'udf data 9' is set on object 'Object Repository/IWP30/Page_VRelay30Emulator/UDF9'

05-10-2024T01:27:53 - [MESSAGE][PASSED] - Text 'udf data 10' is set on object 'Object Repository/IWP30/Page_VRelay30Emulator/UDF10'

05-10-2024T01:27:54 - [MESSAGE][PASSED] - Object: 'Object Repository/IWP30/Page_VRelay30Emulator/Submit' is clicked on

05-10-2024T01:27:58 - [MESSAGE][PASSED] - Browser is closed

05-10-2024T01:28:02 - [MESSAGE][PASSED] - iwpPages.emulatorIWP30.setDataEmulator_DD is PASSED

05-10-2024T01:28:02 - [TEST_STEP][PASSED] - testHarnessURL = urlTestHarness: null

05-10-2024T01:28:02 - [TEST_STEP][PASSED] - openBrowser(testHarnessURL): Browser is opened with url: 'https://dev-algorithm.govolution.com/vrelaytest/QA/version_2_2/vrelaytest.html'

05-10-2024T01:28:02 - [MESSAGE][INFO] - Starting 'Edge Chromium' driver

05-10-2024T01:28:02 - [MESSAGE][INFO] - User set preference: ['acceptInsecureCerts', 'true']

05-10-2024T01:28:04 - [MESSAGE][INFO] - Action delay is set to 0 milliseconds

05-10-2024T01:28:07 - [MESSAGE][PASSED] - Browser is opened with url: 'https://dev-algorithm.govolution.com/vrelaytest/QA/version_2_2/vrelaytest.html'

05-10-2024T01:28:07 - [TEST_STEP][PASSED] - maximizeWindow(): Current window maximized

05-10-2024T01:28:08 - [MESSAGE][PASSED] - Current window maximized

05-10-2024T01:28:08 - [TEST_STEP][PASSED] - iwpPages.TestHarnessPage.setDataMethod(row, dataFile): iwpPages.TestHarnessPage.setDataMethod is PASSED

05-10-2024T01:28:08 - [MESSAGE][PASSED] - Object 'Object Repository/IWP30/Page_QATestHarness/RemittanceID' is present

05-10-2024T01:28:08 - [MESSAGE][PASSED] - Text '638' is set on object 'Object Repository/IWP30/Page_QATestHarness/ApplicationID'

05-10-2024T01:28:09 - [MESSAGE][PASSED] - Text '2.5' is set on object 'Object Repository/IWP30/Page_QATestHarness/MessageVersion'

05-10-2024T01:28:10 - [MESSAGE][PASSED] - Text '06lqGeRZBZpa' is set on object 'Object Repository/IWP30/Page_QATestHarness/RemittanceID'

05-10-2024T01:28:13 - [MESSAGE][PASSED] - Object: 'Object Repository/IWP30/Page_QATestHarness/SubmitButton' is clicked on

05-10-2024T01:28:13 - [MESSAGE][PASSED] - iwpPages.TestHarnessPage.setDataMethod is PASSED

05-10-2024T01:28:13 - [TEST_STEP][PASSED] - click(findTestObject("Object Repository/IWP30/Page_SelectPaymentMethod/PayByPersonalCheck")): Object: 'Object Repository/IWP30/Page_SelectPaymentMethod/PayByPersonalCheck' is clicked on

05-10-2024T01:28:13 - [MESSAGE][PASSED] - Object: 'Object Repository/IWP30/Page_SelectPaymentMethod/PayByPersonalCheck' is clicked on

05-10-2024T01:28:13 - [TEST_STEP][PASSED] - click(findTestObject("Object Repository/IWP30/Page_SelectPaymentMethod/MakePaymentButton")): Object: 'Object Repository/IWP30/Page_SelectPaymentMethod/MakePaymentButton' is clicked on

05-10-2024T01:28:15 - [MESSAGE][PASSED] - Object: 'Object Repository/IWP30/Page_SelectPaymentMethod/MakePaymentButton' is clicked on

05-10-2024T01:28:15 - [TEST_STEP][PASSED] - iwpPages.achPersonalPaymentEntryPage.setDataACHPPM(row, dataFile): iwpPages.achPersonalPaymentEntryPage.setDataACHPPM is PASSED

05-10-2024T01:28:16 - [MESSAGE][PASSED] - Object 'Object Repository/IWP30/Page_ACHPersonalPaymentEntry/txt_accountNumber' is present

05-10-2024T01:28:17 - [MESSAGE][PASSED] - Text '10.50' is set on object 'Object Repository/IWP30/Page_ACHPersonalPaymentEntry/txt_Amount'

05-10-2024T01:28:17 - [MESSAGE][PASSED] - Object 'Object Repository/IWP30/Page_ACHPersonalPaymentEntry/txt_UDF2' is present

05-10-2024T01:28:17 - [MESSAGE][PASSED] - Text 'udf data 2' is set on object 'Object Repository/IWP30/Page_ACHPersonalPaymentEntry/txt_UDF2'

05-10-2024T01:28:18 - [MESSAGE][PASSED] - Text 'udf data 3' is set on object 'Object Repository/IWP30/Page_ACHPersonalPaymentEntry/txt_UDF3'

05-10-2024T01:28:19 - [MESSAGE][PASSED] - All options with label 'Orange' are selected in object 'Object Repository/IWP30/Page_ACHPersonalPaymentEntry/dd_UDF7' 

05-10-2024T01:28:19 - [MESSAGE][PASSED] - All options with label 'Soccer' are selected in object 'Object Repository/IWP30/Page_ACHPersonalPaymentEntry/dd_UDF8' 

05-10-2024T01:28:19 - [MESSAGE][PASSED] - Object 'Object Repository/IWP30/Page_ACHPersonalPaymentEntry/txt_Firstname' is present

05-10-2024T01:28:20 - [MESSAGE][PASSED] - Text 'Curlonty' is set on object 'Object Repository/IWP30/Page_ACHPersonalPaymentEntry/txt_Firstname'

05-10-2024T01:28:20 - [MESSAGE][PASSED] - Object 'Object Repository/IWP30/Page_ACHPersonalPaymentEntry/txt_Lastname' is present

05-10-2024T01:28:21 - [MESSAGE][PASSED] - Text 'Lachuga' is set on object 'Object Repository/IWP30/Page_ACHPersonalPaymentEntry/txt_Lastname'

05-10-2024T01:28:21 - [MESSAGE][PASSED] - Object 'Object Repository/IWP30/Page_ACHPersonalPaymentEntry/txt_routingNumber' is present

05-10-2024T01:28:22 - [MESSAGE][PASSED] - Text '256072691' is set on object 'Object Repository/IWP30/Page_ACHPersonalPaymentEntry/txt_routingNumber'

05-10-2024T01:28:22 - [MESSAGE][PASSED] - Object 'Object Repository/IWP30/Page_ACHPersonalPaymentEntry/txt_accountNumber' is present

05-10-2024T01:28:23 - [MESSAGE][PASSED] - Text '12342222' is set on object 'Object Repository/IWP30/Page_ACHPersonalPaymentEntry/txt_accountNumber'

05-10-2024T01:28:24 - [MESSAGE][PASSED] - Object 'Object Repository/IWP30/Page_ACHPersonalPaymentEntry/txt_confirmAccountNumber' is present

05-10-2024T01:28:24 - [MESSAGE][PASSED] - Text '12342222' is set on object 'Object Repository/IWP30/Page_ACHPersonalPaymentEntry/txt_confirmAccountNumber'

05-10-2024T01:28:25 - [MESSAGE][PASSED] - Object 'Object Repository/IWP30/Page_ACHPersonalPaymentEntry/rd_accountType' is present

05-10-2024T01:28:25 - [MESSAGE][PASSED] - Modify property of object successfully

05-10-2024T01:28:25 - [MESSAGE][PASSED] - Object: 'Object Repository/IWP30/Page_ACHPersonalPaymentEntry/rd_accountType' is clicked on

05-10-2024T01:28:25 - [MESSAGE][PASSED] - Text '365 Main Avenue' is set on object 'Object Repository/IWP30/Page_ACHPersonalPaymentEntry/txt_AL1'

05-10-2024T01:28:26 - [MESSAGE][PASSED] - Text '22201' is set on object 'Object Repository/IWP30/Page_ACHPersonalPaymentEntry/txt_ZIP'

05-10-2024T01:28:26 - [MESSAGE][PASSED] - Object 'Object Repository/IWP30/Page_ACHPersonalPaymentEntry/txt_Email' is present

05-10-2024T01:28:27 - [MESSAGE][PASSED] - Text 'iahmed@govolution.com' is set on object 'Object Repository/IWP30/Page_ACHPersonalPaymentEntry/txt_Email'

05-10-2024T01:28:28 - [MESSAGE][PASSED] - Object 'Object Repository/IWP30/Page_ACHPersonalPaymentEntry/cb_TermsAndCond' is present

05-10-2024T01:28:28 - [MESSAGE][PASSED] - Object: 'Object Repository/IWP30/Page_ACHPersonalPaymentEntry/cb_TermsAndCond' is clicked on

05-10-2024T01:28:28 - [MESSAGE][PASSED] - Object 'Object Repository/IWP30/Page_ACHPersonalPaymentEntry/btn_Continue' is present

05-10-2024T01:28:29 - [MESSAGE][PASSED] - Object: 'Object Repository/IWP30/Page_ACHPersonalPaymentEntry/btn_Continue' is clicked on

05-10-2024T01:28:29 - [MESSAGE][PASSED] - iwpPages.achPersonalPaymentEntryPage.setDataACHPPM is PASSED

05-10-2024T01:28:29 - [TEST_STEP][PASSED] - Thread.sleep(5000): null

05-10-2024T01:28:34 - [TEST_STEP][PASSED] - if (verifyTextPresent("Make a Real Estate Payment", false)): null

05-10-2024T01:28:35 - [MESSAGE][PASSED] - Text 'Make a Real Estate Payment' is present on page 

05-10-2024T01:28:35 - [TEST_STEP][PASSED] - isRequiredTextPresent = true: null

05-10-2024T01:28:35 - [TEST_STEP][PASSED] - println(isRequiredTextPresent): null

05-10-2024T01:28:35 - [TEST_STEP][PASSED] - if (isRequiredTextPresent): null

05-10-2024T01:28:35 - [TEST_STEP][PASSED] - if (verifyTextPresent("Confirm Payment Information", false)): null

05-10-2024T01:28:35 - [MESSAGE][PASSED] - Text 'Confirm Payment Information' is present on page 

05-10-2024T01:28:35 - [TEST_STEP][PASSED] - isRequiredTextPresent = true: null

05-10-2024T01:28:35 - [TEST_STEP][PASSED] - println(isRequiredTextPresent): null

05-10-2024T01:28:35 - [TEST_STEP][PASSED] - if (isRequiredTextPresent): null

05-10-2024T01:28:35 - [TEST_STEP][PASSED] - if (verifyTextPresent("Please verify the following information:", false)): null

05-10-2024T01:28:35 - [MESSAGE][PASSED] - Text 'Please verify the following information:' is present on page 

05-10-2024T01:28:35 - [TEST_STEP][PASSED] - isRequiredTextPresent = true: null

05-10-2024T01:28:35 - [TEST_STEP][PASSED] - if (isRequiredTextPresent): null

05-10-2024T01:28:35 - [TEST_STEP][PASSED] - if (verifyTextPresent("Payment Information:", false)): null

05-10-2024T01:28:36 - [MESSAGE][PASSED] - Text 'Payment Information:' is present on page 

05-10-2024T01:28:36 - [TEST_STEP][PASSED] - isRequiredTextPresent = true: null

05-10-2024T01:28:36 - [TEST_STEP][PASSED] - if (isRequiredTextPresent): null

05-10-2024T01:28:36 - [TEST_STEP][PASSED] - if (verifyTextPresent("Tax Amount:", false)): null

05-10-2024T01:28:36 - [MESSAGE][PASSED] - Text 'Tax Amount:' is present on page 

05-10-2024T01:28:36 - [TEST_STEP][PASSED] - isRequiredTextPresent = true: null

05-10-2024T01:28:36 - [TEST_STEP][PASSED] - if (isRequiredTextPresent): null

05-10-2024T01:28:36 - [TEST_STEP][PASSED] - if (verifyTextPresent("Amount:", false)): null

05-10-2024T01:28:36 - [MESSAGE][PASSED] - Text 'Amount:' is present on page 

05-10-2024T01:28:36 - [TEST_STEP][PASSED] - isRequiredTextPresent = true: null

05-10-2024T01:28:36 - [TEST_STEP][PASSED] - if (isRequiredTextPresent): null

05-10-2024T01:28:36 - [TEST_STEP][PASSED] - if (verifyTextPresent("UDF2 Label:", false)): null

05-10-2024T01:28:36 - [MESSAGE][PASSED] - Text 'UDF2 Label:' is present on page 

05-10-2024T01:28:36 - [TEST_STEP][PASSED] - isRequiredTextPresent = true: null

05-10-2024T01:28:36 - [TEST_STEP][PASSED] - if (isRequiredTextPresent): null

05-10-2024T01:28:36 - [TEST_STEP][PASSED] - if (verifyTextPresent("UDF3 Label:", false)): null

05-10-2024T01:28:37 - [MESSAGE][PASSED] - Text 'UDF3 Label:' is present on page 

05-10-2024T01:28:37 - [TEST_STEP][PASSED] - isRequiredTextPresent = true: null

05-10-2024T01:28:37 - [TEST_STEP][PASSED] - if (isRequiredTextPresent): null

05-10-2024T01:28:37 - [TEST_STEP][PASSED] - if (verifyTextPresent("UDF4 Label:", false)): null

05-10-2024T01:28:37 - [MESSAGE][PASSED] - Text 'UDF4 Label:' is present on page 

05-10-2024T01:28:37 - [TEST_STEP][PASSED] - isRequiredTextPresent = true: null

05-10-2024T01:28:37 - [TEST_STEP][PASSED] - if (isRequiredTextPresent): null

05-10-2024T01:28:37 - [TEST_STEP][PASSED] - if (verifyTextPresent("UDF7 Label:", false)): null

05-10-2024T01:28:37 - [MESSAGE][PASSED] - Text 'UDF7 Label:' is present on page 

05-10-2024T01:28:37 - [TEST_STEP][PASSED] - isRequiredTextPresent = true: null

05-10-2024T01:28:37 - [TEST_STEP][PASSED] - if (isRequiredTextPresent): null

05-10-2024T01:28:37 - [TEST_STEP][PASSED] - if (verifyTextPresent("UDF8 Label:", false)): null

05-10-2024T01:28:37 - [MESSAGE][PASSED] - Text 'UDF8 Label:' is present on page 

05-10-2024T01:28:37 - [TEST_STEP][PASSED] - isRequiredTextPresent = true: null

05-10-2024T01:28:37 - [TEST_STEP][PASSED] - if (isRequiredTextPresent): null

05-10-2024T01:28:37 - [TEST_STEP][PASSED] - if (verifyTextPresent("UDF9 Label:", false)): null

05-10-2024T01:28:38 - [MESSAGE][PASSED] - Text 'UDF9 Label:' is present on page 

05-10-2024T01:28:38 - [TEST_STEP][PASSED] - isRequiredTextPresent = true: null

05-10-2024T01:28:38 - [TEST_STEP][PASSED] - if (isRequiredTextPresent): null

05-10-2024T01:28:38 - [TEST_STEP][PASSED] - if (verifyTextPresent("UDF9 Label:", false)): null

05-10-2024T01:28:38 - [MESSAGE][PASSED] - Text 'UDF9 Label:' is present on page 

05-10-2024T01:28:38 - [TEST_STEP][PASSED] - isRequiredTextPresent = true: null

05-10-2024T01:28:38 - [TEST_STEP][PASSED] - if (isRequiredTextPresent): null

05-10-2024T01:28:38 - [TEST_STEP][PASSED] - if (verifyTextPresent("Account Information:", false)): null

05-10-2024T01:28:38 - [MESSAGE][PASSED] - Text 'Account Information:' is present on page 

05-10-2024T01:28:38 - [TEST_STEP][PASSED] - isRequiredTextPresent = true: null

05-10-2024T01:28:38 - [TEST_STEP][PASSED] - if (isRequiredTextPresent): null

05-10-2024T01:28:38 - [TEST_STEP][PASSED] - if (verifyTextPresent("First Name on Check:", false)): null

05-10-2024T01:28:39 - [MESSAGE][PASSED] - Text 'First Name on Check:' is present on page 

05-10-2024T01:28:39 - [TEST_STEP][PASSED] - isRequiredTextPresent = true: null

05-10-2024T01:28:39 - [TEST_STEP][PASSED] - if (isRequiredTextPresent): null

05-10-2024T01:28:39 - [TEST_STEP][PASSED] - if (verifyTextPresent("Last Name on Check:", false)): null

05-10-2024T01:28:39 - [MESSAGE][PASSED] - Text 'Last Name on Check:' is present on page 

05-10-2024T01:28:39 - [TEST_STEP][PASSED] - isRequiredTextPresent = true: null

05-10-2024T01:28:39 - [TEST_STEP][PASSED] - if (isRequiredTextPresent): null

05-10-2024T01:28:39 - [TEST_STEP][PASSED] - if (verifyTextPresent("Routing Transit Number:", false)): null

05-10-2024T01:28:39 - [MESSAGE][PASSED] - Text 'Routing Transit Number:' is present on page 

05-10-2024T01:28:39 - [TEST_STEP][PASSED] - isRequiredTextPresent = true: null

05-10-2024T01:28:39 - [TEST_STEP][PASSED] - if (isRequiredTextPresent): null

05-10-2024T01:28:39 - [TEST_STEP][PASSED] - if (verifyTextPresent("Account Number:", false)): null

05-10-2024T01:28:39 - [MESSAGE][PASSED] - Text 'Account Number:' is present on page 

05-10-2024T01:28:39 - [TEST_STEP][PASSED] - isRequiredTextPresent = true: null

05-10-2024T01:28:39 - [TEST_STEP][PASSED] - if (isRequiredTextPresent): null

05-10-2024T01:28:39 - [TEST_STEP][PASSED] - if (verifyTextPresent("Type of Account:", false)): null

05-10-2024T01:28:40 - [MESSAGE][PASSED] - Text 'Type of Account:' is present on page 

05-10-2024T01:28:40 - [TEST_STEP][PASSED] - isRequiredTextPresent = true: null

05-10-2024T01:28:40 - [TEST_STEP][PASSED] - if (isRequiredTextPresent): null

05-10-2024T01:28:40 - [TEST_STEP][PASSED] - if (verifyTextPresent("Payment Date:", false)): null

05-10-2024T01:28:40 - [MESSAGE][PASSED] - Text 'Payment Date:' is present on page 

05-10-2024T01:28:40 - [TEST_STEP][PASSED] - isRequiredTextPresent = true: null

05-10-2024T01:28:40 - [TEST_STEP][PASSED] - if (isRequiredTextPresent): null

05-10-2024T01:28:40 - [TEST_STEP][PASSED] - if (verifyTextPresent("Address Line 1:", false)): null

05-10-2024T01:28:40 - [MESSAGE][PASSED] - Text 'Address Line 1:' is present on page 

05-10-2024T01:28:40 - [TEST_STEP][PASSED] - isRequiredTextPresent = true: null

05-10-2024T01:28:40 - [TEST_STEP][PASSED] - if (isRequiredTextPresent): null

05-10-2024T01:28:40 - [TEST_STEP][PASSED] - if (verifyTextPresent("Country:", false)): null

05-10-2024T01:28:41 - [MESSAGE][PASSED] - Text 'Country:' is present on page 

05-10-2024T01:28:41 - [TEST_STEP][PASSED] - isRequiredTextPresent = true: null

05-10-2024T01:28:41 - [TEST_STEP][PASSED] - if (isRequiredTextPresent): null

05-10-2024T01:28:41 - [TEST_STEP][PASSED] - if (verifyTextPresent("City:", false)): null

05-10-2024T01:28:41 - [MESSAGE][PASSED] - Text 'City:' is present on page 

05-10-2024T01:28:41 - [TEST_STEP][PASSED] - isRequiredTextPresent = true: null

05-10-2024T01:28:41 - [TEST_STEP][PASSED] - if (isRequiredTextPresent): null

05-10-2024T01:28:41 - [TEST_STEP][PASSED] - if (verifyTextPresent("State:", false)): null

05-10-2024T01:28:41 - [MESSAGE][PASSED] - Text 'State:' is present on page 

05-10-2024T01:28:41 - [TEST_STEP][PASSED] - isRequiredTextPresent = true: null

05-10-2024T01:28:41 - [TEST_STEP][PASSED] - if (isRequiredTextPresent): null

05-10-2024T01:28:41 - [TEST_STEP][PASSED] - if (verifyTextPresent("ZIP Code:", false)): null

05-10-2024T01:28:41 - [MESSAGE][PASSED] - Text 'ZIP Code:' is present on page 

05-10-2024T01:28:41 - [TEST_STEP][PASSED] - isRequiredTextPresent = true: null

05-10-2024T01:28:41 - [TEST_STEP][PASSED] - if (isRequiredTextPresent): null

05-10-2024T01:28:41 - [TEST_STEP][PASSED] - if (verifyTextPresent("Email Address:", false)): null

05-10-2024T01:28:42 - [MESSAGE][PASSED] - Text 'Email Address:' is present on page 

05-10-2024T01:28:42 - [TEST_STEP][PASSED] - isRequiredTextPresent = true: null

05-10-2024T01:28:42 - [TEST_STEP][PASSED] - if (isRequiredTextPresent): null

05-10-2024T01:28:42 - [TEST_STEP][PASSED] - if (verifyTextPresent("Is this information correct?", false)): null

05-10-2024T01:28:42 - [MESSAGE][PASSED] - Text 'Is this information correct?' is present on page 

05-10-2024T01:28:42 - [TEST_STEP][PASSED] - isRequiredTextPresent = true: null

05-10-2024T01:28:42 - [TEST_STEP][PASSED] - closeBrowser(): Browser is closed

05-10-2024T01:28:43 - [MESSAGE][PASSED] - Browser is closed]]></system-out>
         <system-err><![CDATA[]]></system-err>
      </testcase>
      <testcase name="Test Cases/IntegratedWeb/IWP25/Payments/VerifyCreateReceiptLabelsAutoPayCC" time="69.303" classname="Test Cases/IntegratedWeb/IWP25/Payments/VerifyCreateReceiptLabelsAutoPayCC" status="PASSED">
         <system-out><![CDATA[05-10-2024T01:28:43 - [TEST_CASE][PASSED] - Test Cases/IntegratedWeb/IWP25/Payments/VerifyCreateReceiptLabelsAutoPayCC: Test Cases/IntegratedWeb/IWP25/Payments/VerifyCreateReceiptLabelsAutoPayCC

05-10-2024T01:28:43 - [TEST_STEP][PASSED] - resText = "Fail": null

05-10-2024T01:28:43 - [TEST_STEP][PASSED] - resColumn = "Result": null

05-10-2024T01:28:43 - [TEST_STEP][PASSED] - datCloumn = "Date": null

05-10-2024T01:28:43 - [TEST_STEP][PASSED] - fileLoc = "KatalonData/IWPTestData/VRelay25PaymentsExtension.xlsx": null

05-10-2024T01:28:43 - [TEST_STEP][PASSED] - numOfRows = <not implemented yet for class: org.codehaus.groovy.ast.expr.EmptyExpression>: null

05-10-2024T01:28:43 - [TEST_STEP][PASSED] - dataFile = <not implemented yet for class: org.codehaus.groovy.ast.expr.EmptyExpression>: null

05-10-2024T01:28:43 - [TEST_STEP][PASSED] - nameSheet = <not implemented yet for class: org.codehaus.groovy.ast.expr.EmptyExpression>: null

05-10-2024T01:28:43 - [TEST_STEP][PASSED] - dataFileEmulator = <not implemented yet for class: org.codehaus.groovy.ast.expr.EmptyExpression>: null

05-10-2024T01:28:43 - [TEST_STEP][PASSED] - isRequiredTextPresent = false: null

05-10-2024T01:28:43 - [TEST_STEP][PASSED] - nameSheet = "VerifyCreateLabelAutopayCC": null

05-10-2024T01:28:43 - [TEST_STEP][PASSED] - dataFile = getExcelDataWithDefaultSheet("KatalonData/IWPTestData/VRelay25PaymentsExtension.xlsx", nameSheet, true): null

05-10-2024T01:28:43 - [TEST_STEP][PASSED] - dataFileEmulator = "IWPTestData/EmulatorData": null

05-10-2024T01:28:43 - [TEST_STEP][PASSED] - numOfRows = dataFile.getRowNumbers(): null

05-10-2024T01:28:43 - [TEST_STEP][PASSED] - println("Number of Records: " + numOfRows): null

05-10-2024T01:28:43 - [TEST_STEP][PASSED] - for ([row = 1, row <= numOfRows, (row++)]): Browser is closed

05-10-2024T01:28:43 - [TEST_STEP][PASSED] - ExecuteTC = dataFile.getValue("Execute", row): null

05-10-2024T01:28:43 - [TEST_STEP][PASSED] - out.println("Value of Execute is : " + ExecuteTC): null

05-10-2024T01:28:43 - [TEST_STEP][PASSED] - if (ExecuteTC.equalsIgnoreCase("Y")): null

05-10-2024T01:28:43 - [TEST_STEP][PASSED] - out.println("Begin Record Number: " + row): null

05-10-2024T01:28:43 - [TEST_STEP][PASSED] - today = new java.util.Date(): null

05-10-2024T01:28:43 - [TEST_STEP][PASSED] - println(today): null

05-10-2024T01:28:43 - [TEST_STEP][PASSED] - datText = today: null

05-10-2024T01:28:43 - [TEST_STEP][PASSED] - EmulatorDataKey = dataFile.getValue("EmulatorData", row): null

05-10-2024T01:28:43 - [TEST_STEP][PASSED] - out.println("Value of Emulator Key is : " + EmulatorDataKey): null

05-10-2024T01:28:43 - [TEST_STEP][PASSED] - iwpPages.emulatorIWP30.setDataEmulator_DD(EmulatorDataKey): iwpPages.emulatorIWP30.setDataEmulator_DD is PASSED

05-10-2024T01:28:43 - [MESSAGE][INFO] - Starting 'Edge Chromium' driver

05-10-2024T01:28:43 - [MESSAGE][INFO] - User set preference: ['acceptInsecureCerts', 'true']

05-10-2024T01:28:45 - [MESSAGE][INFO] - Action delay is set to 0 milliseconds

05-10-2024T01:28:48 - [MESSAGE][PASSED] - Browser is opened with url: 'https://qa.velocitypayment.com/agency/config.do?action=editor&message_version=2_5'

05-10-2024T01:28:48 - [MESSAGE][PASSED] - Current window maximized

05-10-2024T01:28:49 - [MESSAGE][PASSED] - All options with value '2.5' are selected in object 'Object Repository/IWP30/Page_VRelay30Emulator/MV'  using regular expression

05-10-2024T01:28:50 - [MESSAGE][PASSED] - Text '10.50' is set on object 'Object Repository/IWP30/Page_VRelay30Emulator/Amount'

05-10-2024T01:28:51 - [MESSAGE][PASSED] - Text 'B3wPZJamoaCZ' is set on object 'Object Repository/IWP30/Page_VRelay30Emulator/CAN'

05-10-2024T01:28:51 - [MESSAGE][PASSED] - Text 'AutoPay' is set on object 'Object Repository/IWP30/Page_VRelay30Emulator/Action'

05-10-2024T01:28:52 - [MESSAGE][PASSED] - Text 'en_US' is set on object 'Object Repository/IWP30/Page_VRelay30Emulator/Lang'

05-10-2024T01:28:53 - [MESSAGE][PASSED] - Text '' is set on object 'Object Repository/IWP30/Page_VRelay30Emulator/Fname'

05-10-2024T01:28:53 - [MESSAGE][PASSED] - Text '' is set on object 'Object Repository/IWP30/Page_VRelay30Emulator/Lname'

05-10-2024T01:28:54 - [MESSAGE][PASSED] - Text '' is set on object 'Object Repository/IWP30/Page_VRelay30Emulator/AL1'

05-10-2024T01:28:54 - [MESSAGE][PASSED] - Text '' is set on object 'Object Repository/IWP30/Page_VRelay30Emulator/AL2'

05-10-2024T01:28:55 - [MESSAGE][PASSED] - Text '' is set on object 'Object Repository/IWP30/Page_VRelay30Emulator/Country'

05-10-2024T01:28:55 - [MESSAGE][PASSED] - Text '' is set on object 'Object Repository/IWP30/Page_VRelay30Emulator/City'

05-10-2024T01:28:56 - [MESSAGE][PASSED] - Text '' is set on object 'Object Repository/IWP30/Page_VRelay30Emulator/State'

05-10-2024T01:28:57 - [MESSAGE][PASSED] - Text '' is set on object 'Object Repository/IWP30/Page_VRelay30Emulator/ZIP'

05-10-2024T01:28:57 - [MESSAGE][PASSED] - Text '' is set on object 'Object Repository/IWP30/Page_VRelay30Emulator/Order'

05-10-2024T01:28:58 - [MESSAGE][PASSED] - Text '' is set on object 'Object Repository/IWP30/Page_VRelay30Emulator/Company'

05-10-2024T01:28:58 - [MESSAGE][PASSED] - Text '' is set on object 'Object Repository/IWP30/Page_VRelay30Emulator/Email'

05-10-2024T01:28:59 - [MESSAGE][PASSED] - Text '' is set on object 'Object Repository/IWP30/Page_VRelay30Emulator/UDF1'

05-10-2024T01:28:59 - [MESSAGE][PASSED] - Text '' is set on object 'Object Repository/IWP30/Page_VRelay30Emulator/UDF2'

05-10-2024T01:29:00 - [MESSAGE][PASSED] - Text '' is set on object 'Object Repository/IWP30/Page_VRelay30Emulator/UDF3'

05-10-2024T01:29:01 - [MESSAGE][PASSED] - Text 'udf data 4' is set on object 'Object Repository/IWP30/Page_VRelay30Emulator/UDF4'

05-10-2024T01:29:01 - [MESSAGE][PASSED] - Text 'udf data 5' is set on object 'Object Repository/IWP30/Page_VRelay30Emulator/UDF5'

05-10-2024T01:29:02 - [MESSAGE][PASSED] - Text '' is set on object 'Object Repository/IWP30/Page_VRelay30Emulator/UDF6'

05-10-2024T01:29:02 - [MESSAGE][PASSED] - Text '' is set on object 'Object Repository/IWP30/Page_VRelay30Emulator/UDF7'

05-10-2024T01:29:03 - [MESSAGE][PASSED] - Text '' is set on object 'Object Repository/IWP30/Page_VRelay30Emulator/UDF8'

05-10-2024T01:29:03 - [MESSAGE][PASSED] - Text 'udf data 9' is set on object 'Object Repository/IWP30/Page_VRelay30Emulator/UDF9'

05-10-2024T01:29:04 - [MESSAGE][PASSED] - Text 'udf data 10' is set on object 'Object Repository/IWP30/Page_VRelay30Emulator/UDF10'

05-10-2024T01:29:05 - [MESSAGE][PASSED] - Object: 'Object Repository/IWP30/Page_VRelay30Emulator/Submit' is clicked on

05-10-2024T01:29:10 - [MESSAGE][PASSED] - Browser is closed

05-10-2024T01:29:14 - [MESSAGE][PASSED] - iwpPages.emulatorIWP30.setDataEmulator_DD is PASSED

05-10-2024T01:29:14 - [TEST_STEP][PASSED] - testHarnessURL = urlTestHarness: null

05-10-2024T01:29:14 - [TEST_STEP][PASSED] - openBrowser(testHarnessURL): Browser is opened with url: 'https://dev-algorithm.govolution.com/vrelaytest/QA/version_2_2/vrelaytest.html'

05-10-2024T01:29:14 - [MESSAGE][INFO] - Starting 'Edge Chromium' driver

05-10-2024T01:29:14 - [MESSAGE][INFO] - User set preference: ['acceptInsecureCerts', 'true']

05-10-2024T01:29:16 - [MESSAGE][INFO] - Action delay is set to 0 milliseconds

05-10-2024T01:29:19 - [MESSAGE][PASSED] - Browser is opened with url: 'https://dev-algorithm.govolution.com/vrelaytest/QA/version_2_2/vrelaytest.html'

05-10-2024T01:29:19 - [TEST_STEP][PASSED] - maximizeWindow(): Current window maximized

05-10-2024T01:29:19 - [MESSAGE][PASSED] - Current window maximized

05-10-2024T01:29:19 - [TEST_STEP][PASSED] - iwpPages.TestHarnessPage.setDataMethodEF(row, dataFile): iwpPages.TestHarnessPage.setDataMethodEF is PASSED

05-10-2024T01:29:20 - [MESSAGE][PASSED] - Object 'Object Repository/IWP30/Page_QATestHarness/RemittanceID' is present

05-10-2024T01:29:20 - [MESSAGE][PASSED] - Text '638' is set on object 'Object Repository/IWP30/Page_QATestHarness/ApplicationID'

05-10-2024T01:29:21 - [MESSAGE][PASSED] - Text '2.5' is set on object 'Object Repository/IWP30/Page_QATestHarness/MessageVersion'

05-10-2024T01:29:21 - [MESSAGE][PASSED] - Text 'TstzzyIctSjr' is set on object 'Object Repository/IWP30/Page_QATestHarness/RemittanceID'

05-10-2024T01:29:25 - [MESSAGE][PASSED] - Object: 'Object Repository/IWP30/Page_QATestHarness/SubmitButton' is clicked on

05-10-2024T01:29:25 - [MESSAGE][PASSED] - iwpPages.TestHarnessPage.setDataMethodEF is PASSED

05-10-2024T01:29:25 - [TEST_STEP][PASSED] - click(findTestObject("Object Repository/IWP30/Page_SelectPaymentMethod/PayByCreditCard")): Object: 'Object Repository/IWP30/Page_SelectPaymentMethod/PayByCreditCard' is clicked on

05-10-2024T01:29:26 - [MESSAGE][PASSED] - Object: 'Object Repository/IWP30/Page_SelectPaymentMethod/PayByCreditCard' is clicked on

05-10-2024T01:29:26 - [TEST_STEP][PASSED] - click(findTestObject("Object Repository/IWP30/Page_SelectPaymentMethod/MakePaymentButton")): Object: 'Object Repository/IWP30/Page_SelectPaymentMethod/MakePaymentButton' is clicked on

05-10-2024T01:29:27 - [MESSAGE][PASSED] - Object: 'Object Repository/IWP30/Page_SelectPaymentMethod/MakePaymentButton' is clicked on

05-10-2024T01:29:27 - [TEST_STEP][PASSED] - iwpPages.ccPaymentEntryPage.setDataCCPM(row, dataFile): iwpPages.ccPaymentEntryPage.setDataCCPM is PASSED

05-10-2024T01:29:28 - [MESSAGE][PASSED] - Object 'Object Repository/IWP30/Page_CCPaymentEntry/Name' is present

05-10-2024T01:29:28 - [MESSAGE][PASSED] - Text 'udf data 2' is set on object 'Object Repository/IWP30/Page_CCPaymentEntry/UserDefined2'

05-10-2024T01:29:29 - [MESSAGE][PASSED] - Text 'udf data 3' is set on object 'Object Repository/IWP30/Page_CCPaymentEntry/UserDefined3'

05-10-2024T01:29:30 - [MESSAGE][PASSED] - All options with label 'Orange' are selected in object 'Object Repository/IWP30/Page_CCPaymentEntry/UserDefined7' 

05-10-2024T01:29:30 - [MESSAGE][PASSED] - All options with label 'Soccer' are selected in object 'Object Repository/IWP30/Page_CCPaymentEntry/UserDefined8' 

05-10-2024T01:29:30 - [MESSAGE][PASSED] - Object 'Object Repository/IWP30/Page_CCPaymentEntry/Name' is present

05-10-2024T01:29:31 - [MESSAGE][PASSED] - Text 'Kavita Ranawati' is set on object 'Object Repository/IWP30/Page_CCPaymentEntry/Name'

05-10-2024T01:29:31 - [MESSAGE][PASSED] - Object 'Object Repository/IWP30/Page_CCPaymentEntry/CardNumber' is present

05-10-2024T01:29:32 - [MESSAGE][PASSED] - Text '4111111111111111' is set on object 'Object Repository/IWP30/Page_CCPaymentEntry/CardNumber'

05-10-2024T01:29:32 - [MESSAGE][PASSED] - Text '123' is set on object 'Object Repository/IWP30/Page_CCPaymentEntry/SPC'

05-10-2024T01:29:33 - [MESSAGE][PASSED] - Object 'Object Repository/IWP30/Page_CCPaymentEntry/Month' is present

05-10-2024T01:29:33 - [MESSAGE][PASSED] - All options with label '01' are selected in object 'Object Repository/IWP30/Page_CCPaymentEntry/Month' 

05-10-2024T01:29:34 - [MESSAGE][PASSED] - Object 'Object Repository/IWP30/Page_CCPaymentEntry/Year' is present

05-10-2024T01:29:34 - [MESSAGE][PASSED] - All options with label '2028' are selected in object 'Object Repository/IWP30/Page_CCPaymentEntry/Year' 

05-10-2024T01:29:35 - [MESSAGE][PASSED] - Text '365 Main Avenue' is set on object 'Object Repository/IWP30/Page_CCPaymentEntry/AL1'

05-10-2024T01:29:35 - [MESSAGE][PASSED] - Text 'Ohio' is set on object 'Object Repository/IWP30/Page_CCPaymentEntry/AL2'

05-10-2024T01:29:36 - [MESSAGE][PASSED] - Text '22201' is set on object 'Object Repository/IWP30/Page_CCPaymentEntry/ZIP'

05-10-2024T01:29:36 - [MESSAGE][PASSED] - Object 'Object Repository/IWP30/Page_CCPaymentEntry/EmailAddress' is present

05-10-2024T01:29:37 - [MESSAGE][PASSED] - Text 'iahmed@govolution.com' is set on object 'Object Repository/IWP30/Page_CCPaymentEntry/EmailAddress'

05-10-2024T01:29:38 - [MESSAGE][PASSED] - Object 'Object Repository/IWP30/Page_CCPaymentEntry/TermCondCheckBox' is present

05-10-2024T01:29:38 - [MESSAGE][PASSED] - Object 'Object Repository/IWP30/Page_CCPaymentEntry/TermCondCheckBox' is checked

05-10-2024T01:29:38 - [MESSAGE][PASSED] - Object 'Object Repository/IWP30/Page_CCPaymentEntry/ContinueButton' is present

05-10-2024T01:29:40 - [MESSAGE][PASSED] - Object: 'Object Repository/IWP30/Page_CCPaymentEntry/ContinueButton' is clicked on

05-10-2024T01:29:40 - [MESSAGE][PASSED] - iwpPages.ccPaymentEntryPage.setDataCCPM is PASSED

05-10-2024T01:29:40 - [TEST_STEP][PASSED] - click(findTestObject("Object Repository/IWP30/Page_Confirmation/ConfirmButton")): Object: 'Object Repository/IWP30/Page_Confirmation/ConfirmButton' is clicked on

05-10-2024T01:29:42 - [MESSAGE][PASSED] - Object: 'Object Repository/IWP30/Page_Confirmation/ConfirmButton' is clicked on

05-10-2024T01:29:42 - [TEST_STEP][PASSED] - Thread.sleep(2000): null

05-10-2024T01:29:44 - [TEST_STEP][PASSED] - if (verifyTextPresent("AutoPay", false)): null

05-10-2024T01:29:44 - [MESSAGE][PASSED] - Text 'AutoPay' is present on page 

05-10-2024T01:29:44 - [TEST_STEP][PASSED] - if (verifyTextPresent("Your payment plan has been successfully created", false)): null

05-10-2024T01:29:44 - [MESSAGE][PASSED] - Text 'Your payment plan has been successfully created' is present on page 

05-10-2024T01:29:44 - [TEST_STEP][PASSED] - isRequiredTextPresent = true: null

05-10-2024T01:29:44 - [TEST_STEP][PASSED] - println(isRequiredTextPresent): null

05-10-2024T01:29:44 - [TEST_STEP][PASSED] - if (isRequiredTextPresent): null

05-10-2024T01:29:44 - [TEST_STEP][PASSED] - if (verifyTextPresent("CAN Label:", false)): null

05-10-2024T01:29:44 - [MESSAGE][PASSED] - Text 'CAN Label:' is present on page 

05-10-2024T01:29:44 - [TEST_STEP][PASSED] - isRequiredTextPresent = true: null

05-10-2024T01:29:44 - [TEST_STEP][PASSED] - println(isRequiredTextPresent): null

05-10-2024T01:29:44 - [TEST_STEP][PASSED] - if (isRequiredTextPresent): null

05-10-2024T01:29:44 - [TEST_STEP][PASSED] - if (verifyTextPresent("Remittance ID:", false)): null

05-10-2024T01:29:45 - [MESSAGE][PASSED] - Text 'Remittance ID:' is present on page 

05-10-2024T01:29:45 - [TEST_STEP][PASSED] - isRequiredTextPresent = true: null

05-10-2024T01:29:45 - [TEST_STEP][PASSED] - println(isRequiredTextPresent): null

05-10-2024T01:29:45 - [TEST_STEP][PASSED] - if (isRequiredTextPresent): null

05-10-2024T01:29:45 - [TEST_STEP][PASSED] - if (verifyTextPresent("UDF2 Label:", false)): null

05-10-2024T01:29:45 - [MESSAGE][PASSED] - Text 'UDF2 Label:' is present on page 

05-10-2024T01:29:45 - [TEST_STEP][PASSED] - isRequiredTextPresent = true: null

05-10-2024T01:29:45 - [TEST_STEP][PASSED] - println(isRequiredTextPresent): null

05-10-2024T01:29:45 - [TEST_STEP][PASSED] - if (isRequiredTextPresent): null

05-10-2024T01:29:45 - [TEST_STEP][PASSED] - if (verifyTextPresent("UDF3 Label:", false)): null

05-10-2024T01:29:45 - [MESSAGE][PASSED] - Text 'UDF3 Label:' is present on page 

05-10-2024T01:29:45 - [TEST_STEP][PASSED] - isRequiredTextPresent = true: null

05-10-2024T01:29:45 - [TEST_STEP][PASSED] - println(isRequiredTextPresent): null

05-10-2024T01:29:45 - [TEST_STEP][PASSED] - if (isRequiredTextPresent): null

05-10-2024T01:29:45 - [TEST_STEP][PASSED] - if (verifyTextPresent("UDF4 Label:", false)): null

05-10-2024T01:29:46 - [MESSAGE][PASSED] - Text 'UDF4 Label:' is present on page 

05-10-2024T01:29:46 - [TEST_STEP][PASSED] - isRequiredTextPresent = true: null

05-10-2024T01:29:46 - [TEST_STEP][PASSED] - println(isRequiredTextPresent): null

05-10-2024T01:29:46 - [TEST_STEP][PASSED] - if (isRequiredTextPresent): null

05-10-2024T01:29:46 - [TEST_STEP][PASSED] - if (verifyTextPresent("UDF7 Label:", false)): null

05-10-2024T01:29:46 - [MESSAGE][PASSED] - Text 'UDF7 Label:' is present on page 

05-10-2024T01:29:46 - [TEST_STEP][PASSED] - isRequiredTextPresent = true: null

05-10-2024T01:29:46 - [TEST_STEP][PASSED] - println(isRequiredTextPresent): null

05-10-2024T01:29:46 - [TEST_STEP][PASSED] - if (isRequiredTextPresent): null

05-10-2024T01:29:46 - [TEST_STEP][PASSED] - if (verifyTextPresent("UDF8 Label:", false)): null

05-10-2024T01:29:46 - [MESSAGE][PASSED] - Text 'UDF8 Label:' is present on page 

05-10-2024T01:29:46 - [TEST_STEP][PASSED] - isRequiredTextPresent = true: null

05-10-2024T01:29:46 - [TEST_STEP][PASSED] - println(isRequiredTextPresent): null

05-10-2024T01:29:46 - [TEST_STEP][PASSED] - if (isRequiredTextPresent): null

05-10-2024T01:29:46 - [TEST_STEP][PASSED] - if (verifyTextPresent("UDF9 Label:", false)): null

05-10-2024T01:29:46 - [MESSAGE][PASSED] - Text 'UDF9 Label:' is present on page 

05-10-2024T01:29:46 - [TEST_STEP][PASSED] - isRequiredTextPresent = true: null

05-10-2024T01:29:46 - [TEST_STEP][PASSED] - println(isRequiredTextPresent): null

05-10-2024T01:29:46 - [TEST_STEP][PASSED] - if (isRequiredTextPresent): null

05-10-2024T01:29:46 - [TEST_STEP][PASSED] - if (verifyTextPresent("Transaction Type:", false)): null

05-10-2024T01:29:47 - [MESSAGE][PASSED] - Text 'Transaction Type:' is present on page 

05-10-2024T01:29:47 - [TEST_STEP][PASSED] - isRequiredTextPresent = true: null

05-10-2024T01:29:47 - [TEST_STEP][PASSED] - println(isRequiredTextPresent): null

05-10-2024T01:29:47 - [TEST_STEP][PASSED] - if (isRequiredTextPresent): null

05-10-2024T01:29:47 - [TEST_STEP][PASSED] - if (verifyTextPresent("Card Information:", false)): null

05-10-2024T01:29:47 - [MESSAGE][PASSED] - Text 'Card Information:' is present on page 

05-10-2024T01:29:47 - [TEST_STEP][PASSED] - isRequiredTextPresent = true: null

05-10-2024T01:29:47 - [TEST_STEP][PASSED] - println(isRequiredTextPresent): null

05-10-2024T01:29:47 - [TEST_STEP][PASSED] - if (isRequiredTextPresent): null

05-10-2024T01:29:47 - [TEST_STEP][PASSED] - if (verifyTextPresent("Card Type:", false)): null

05-10-2024T01:29:47 - [MESSAGE][PASSED] - Text 'Card Type:' is present on page 

05-10-2024T01:29:47 - [TEST_STEP][PASSED] - isRequiredTextPresent = true: null

05-10-2024T01:29:47 - [TEST_STEP][PASSED] - println(isRequiredTextPresent): null

05-10-2024T01:29:47 - [TEST_STEP][PASSED] - if (isRequiredTextPresent): null

05-10-2024T01:29:47 - [TEST_STEP][PASSED] - if (verifyTextPresent("Name of Account:", false)): null

05-10-2024T01:29:48 - [MESSAGE][PASSED] - Text 'Name of Account:' is present on page 

05-10-2024T01:29:48 - [TEST_STEP][PASSED] - isRequiredTextPresent = true: null

05-10-2024T01:29:48 - [TEST_STEP][PASSED] - println(isRequiredTextPresent): null

05-10-2024T01:29:48 - [TEST_STEP][PASSED] - if (isRequiredTextPresent): null

05-10-2024T01:29:48 - [TEST_STEP][PASSED] - if (verifyTextPresent("Card Number:", false)): null

05-10-2024T01:29:48 - [MESSAGE][PASSED] - Text 'Card Number:' is present on page 

05-10-2024T01:29:48 - [TEST_STEP][PASSED] - isRequiredTextPresent = true: null

05-10-2024T01:29:48 - [TEST_STEP][PASSED] - println(isRequiredTextPresent): null

05-10-2024T01:29:48 - [TEST_STEP][PASSED] - if (isRequiredTextPresent): null

05-10-2024T01:29:48 - [TEST_STEP][PASSED] - if (verifyTextPresent("Expiration Date:", false)): null

05-10-2024T01:29:48 - [MESSAGE][PASSED] - Text 'Expiration Date:' is present on page 

05-10-2024T01:29:48 - [TEST_STEP][PASSED] - isRequiredTextPresent = true: null

05-10-2024T01:29:48 - [TEST_STEP][PASSED] - println(isRequiredTextPresent): null

05-10-2024T01:29:48 - [TEST_STEP][PASSED] - if (isRequiredTextPresent): null

05-10-2024T01:29:48 - [TEST_STEP][PASSED] - if (verifyTextPresent("Billing Information:", false)): null

05-10-2024T01:29:48 - [MESSAGE][PASSED] - Text 'Billing Information:' is present on page 

05-10-2024T01:29:48 - [TEST_STEP][PASSED] - isRequiredTextPresent = true: null

05-10-2024T01:29:48 - [TEST_STEP][PASSED] - println(isRequiredTextPresent): null

05-10-2024T01:29:48 - [TEST_STEP][PASSED] - if (isRequiredTextPresent): null

05-10-2024T01:29:48 - [TEST_STEP][PASSED] - if (verifyTextPresent("Address Line 1:", false)): null

05-10-2024T01:29:49 - [MESSAGE][PASSED] - Text 'Address Line 1:' is present on page 

05-10-2024T01:29:49 - [TEST_STEP][PASSED] - isRequiredTextPresent = true: null

05-10-2024T01:29:49 - [TEST_STEP][PASSED] - println(isRequiredTextPresent): null

05-10-2024T01:29:49 - [TEST_STEP][PASSED] - if (isRequiredTextPresent): null

05-10-2024T01:29:49 - [TEST_STEP][PASSED] - if (verifyTextPresent("Address Line 2:", false)): null

05-10-2024T01:29:49 - [MESSAGE][PASSED] - Text 'Address Line 2:' is present on page 

05-10-2024T01:29:49 - [TEST_STEP][PASSED] - isRequiredTextPresent = true: null

05-10-2024T01:29:49 - [TEST_STEP][PASSED] - println(isRequiredTextPresent): null

05-10-2024T01:29:49 - [TEST_STEP][PASSED] - if (isRequiredTextPresent): null

05-10-2024T01:29:49 - [TEST_STEP][PASSED] - if (verifyTextPresent("Country:", false)): null

05-10-2024T01:29:49 - [MESSAGE][PASSED] - Text 'Country:' is present on page 

05-10-2024T01:29:49 - [TEST_STEP][PASSED] - isRequiredTextPresent = true: null

05-10-2024T01:29:49 - [TEST_STEP][PASSED] - println(isRequiredTextPresent): null

05-10-2024T01:29:49 - [TEST_STEP][PASSED] - if (isRequiredTextPresent): null

05-10-2024T01:29:49 - [TEST_STEP][PASSED] - if (verifyTextPresent("City:", false)): null

05-10-2024T01:29:50 - [MESSAGE][PASSED] - Text 'City:' is present on page 

05-10-2024T01:29:50 - [TEST_STEP][PASSED] - isRequiredTextPresent = true: null

05-10-2024T01:29:50 - [TEST_STEP][PASSED] - println(isRequiredTextPresent): null

05-10-2024T01:29:50 - [TEST_STEP][PASSED] - if (isRequiredTextPresent): null

05-10-2024T01:29:50 - [TEST_STEP][PASSED] - if (verifyTextPresent("State:", false)): null

05-10-2024T01:29:50 - [MESSAGE][PASSED] - Text 'State:' is present on page 

05-10-2024T01:29:50 - [TEST_STEP][PASSED] - isRequiredTextPresent = true: null

05-10-2024T01:29:50 - [TEST_STEP][PASSED] - println(isRequiredTextPresent): null

05-10-2024T01:29:50 - [TEST_STEP][PASSED] - if (isRequiredTextPresent): null

05-10-2024T01:29:50 - [TEST_STEP][PASSED] - if (verifyTextPresent("Zip Code:", false)): null

05-10-2024T01:29:50 - [MESSAGE][PASSED] - Text 'Zip Code:' is present on page 

05-10-2024T01:29:50 - [TEST_STEP][PASSED] - isRequiredTextPresent = true: null

05-10-2024T01:29:50 - [TEST_STEP][PASSED] - println(isRequiredTextPresent): null

05-10-2024T01:29:50 - [TEST_STEP][PASSED] - if (isRequiredTextPresent): null

05-10-2024T01:29:50 - [TEST_STEP][PASSED] - if (verifyTextPresent("Plan Information:", false)): null

05-10-2024T01:29:51 - [MESSAGE][PASSED] - Text 'Plan Information:' is present on page 

05-10-2024T01:29:51 - [TEST_STEP][PASSED] - isRequiredTextPresent = true: null

05-10-2024T01:29:51 - [TEST_STEP][PASSED] - println(isRequiredTextPresent): null

05-10-2024T01:29:51 - [TEST_STEP][PASSED] - if (isRequiredTextPresent): null

05-10-2024T01:29:51 - [TEST_STEP][PASSED] - if (verifyTextPresent("Payment Plan Type:", false)): null

05-10-2024T01:29:51 - [MESSAGE][PASSED] - Text 'Payment Plan Type:' is present on page 

05-10-2024T01:29:51 - [TEST_STEP][PASSED] - isRequiredTextPresent = true: null

05-10-2024T01:29:51 - [TEST_STEP][PASSED] - println(isRequiredTextPresent): null

05-10-2024T01:29:51 - [TEST_STEP][PASSED] - if (isRequiredTextPresent): null

05-10-2024T01:29:51 - [TEST_STEP][PASSED] - if (verifyTextPresent("Payment Plan ID:", false)): null

05-10-2024T01:29:51 - [MESSAGE][PASSED] - Text 'Payment Plan ID:' is present on page 

05-10-2024T01:29:51 - [TEST_STEP][PASSED] - isRequiredTextPresent = true: null

05-10-2024T01:29:51 - [TEST_STEP][PASSED] - println(isRequiredTextPresent): null

05-10-2024T01:29:51 - [TEST_STEP][PASSED] - if (isRequiredTextPresent): null

05-10-2024T01:29:51 - [TEST_STEP][PASSED] - if (verifyTextPresent("Start Date:", false)): null

05-10-2024T01:29:51 - [MESSAGE][PASSED] - Text 'Start Date:' is present on page 

05-10-2024T01:29:51 - [TEST_STEP][PASSED] - isRequiredTextPresent = true: null

05-10-2024T01:29:51 - [TEST_STEP][PASSED] - println(isRequiredTextPresent): null

05-10-2024T01:29:51 - [TEST_STEP][PASSED] - if (isRequiredTextPresent == true): pages.WriteExcel.demoKey is PASSED

05-10-2024T01:29:51 - [TEST_STEP][PASSED] - println("All the relevant texts are present on Receipt Page"): null

05-10-2024T01:29:51 - [TEST_STEP][PASSED] - markPassed("All the relevant texts are present on Receipt Page"): All the relevant texts are present on Receipt Page

05-10-2024T01:29:51 - [MESSAGE][PASSED] - All the relevant texts are present on Receipt Page

05-10-2024T01:29:51 - [TEST_STEP][PASSED] - resText = "Pass": null

05-10-2024T01:29:51 - [TEST_STEP][PASSED] - pages.WriteExcel.demoKey(resText, datText, resColumn, datCloumn, fileLoc, nameSheet, row): pages.WriteExcel.demoKey is PASSED

05-10-2024T01:29:51 - [MESSAGE][PASSED] - pages.WriteExcel.demoKey is PASSED

05-10-2024T01:29:51 - [TEST_STEP][PASSED] - closeBrowser(): Browser is closed

05-10-2024T01:29:52 - [MESSAGE][PASSED] - Browser is closed]]></system-out>
         <system-err><![CDATA[]]></system-err>
      </testcase>
      <testcase name="Test Cases/IntegratedWeb/IWP25/Payments/VerifyCreateReceiptLabelsAutoPayCorp" time="69.482" classname="Test Cases/IntegratedWeb/IWP25/Payments/VerifyCreateReceiptLabelsAutoPayCorp" status="PASSED">
         <system-out><![CDATA[05-10-2024T01:29:52 - [TEST_CASE][PASSED] - Test Cases/IntegratedWeb/IWP25/Payments/VerifyCreateReceiptLabelsAutoPayCorp: Test Cases/IntegratedWeb/IWP25/Payments/VerifyCreateReceiptLabelsAutoPayCorp

05-10-2024T01:29:52 - [TEST_STEP][PASSED] - resText = "Fail": null

05-10-2024T01:29:52 - [TEST_STEP][PASSED] - resColumn = "Result": null

05-10-2024T01:29:52 - [TEST_STEP][PASSED] - datCloumn = "Date": null

05-10-2024T01:29:52 - [TEST_STEP][PASSED] - fileLoc = "KatalonData/IWPTestData/VRelay25PaymentsExtension.xlsx": null

05-10-2024T01:29:52 - [TEST_STEP][PASSED] - numOfRows = <not implemented yet for class: org.codehaus.groovy.ast.expr.EmptyExpression>: null

05-10-2024T01:29:52 - [TEST_STEP][PASSED] - dataFile = <not implemented yet for class: org.codehaus.groovy.ast.expr.EmptyExpression>: null

05-10-2024T01:29:52 - [TEST_STEP][PASSED] - nameSheet = <not implemented yet for class: org.codehaus.groovy.ast.expr.EmptyExpression>: null

05-10-2024T01:29:52 - [TEST_STEP][PASSED] - dataFileEmulator = <not implemented yet for class: org.codehaus.groovy.ast.expr.EmptyExpression>: null

05-10-2024T01:29:52 - [TEST_STEP][PASSED] - isRequiredTextPresent = false: null

05-10-2024T01:29:52 - [TEST_STEP][PASSED] - nameSheet = "VerifyCreateLabelAutopayCorp": null

05-10-2024T01:29:52 - [TEST_STEP][PASSED] - dataFile = getExcelDataWithDefaultSheet("KatalonData/IWPTestData/VRelay25PaymentsExtension.xlsx", nameSheet, true): null

05-10-2024T01:29:52 - [TEST_STEP][PASSED] - dataFileEmulator = "IWPTestData/EmulatorData": null

05-10-2024T01:29:52 - [TEST_STEP][PASSED] - numOfRows = dataFile.getRowNumbers(): null

05-10-2024T01:29:52 - [TEST_STEP][PASSED] - println("Number of Records: " + numOfRows): null

05-10-2024T01:29:52 - [TEST_STEP][PASSED] - for ([row = 1, row <= numOfRows, (row++)]): Browser is closed

05-10-2024T01:29:52 - [TEST_STEP][PASSED] - ExecuteTC = dataFile.getValue("Execute", row): null

05-10-2024T01:29:52 - [TEST_STEP][PASSED] - out.println("Value of Execute is : " + ExecuteTC): null

05-10-2024T01:29:52 - [TEST_STEP][PASSED] - if (ExecuteTC.equalsIgnoreCase("Y")): null

05-10-2024T01:29:52 - [TEST_STEP][PASSED] - out.println("Begin Record Number: " + row): null

05-10-2024T01:29:52 - [TEST_STEP][PASSED] - today = new java.util.Date(): null

05-10-2024T01:29:52 - [TEST_STEP][PASSED] - println(today): null

05-10-2024T01:29:52 - [TEST_STEP][PASSED] - datText = today: null

05-10-2024T01:29:52 - [TEST_STEP][PASSED] - EmulatorDataKey = dataFile.getValue("EmulatorData", row): null

05-10-2024T01:29:52 - [TEST_STEP][PASSED] - out.println("Value of Emulator Key is : " + EmulatorDataKey): null

05-10-2024T01:29:52 - [TEST_STEP][PASSED] - iwpPages.emulatorIWP30.setDataEmulator_DD(EmulatorDataKey): iwpPages.emulatorIWP30.setDataEmulator_DD is PASSED

05-10-2024T01:29:53 - [MESSAGE][INFO] - Starting 'Edge Chromium' driver

05-10-2024T01:29:53 - [MESSAGE][INFO] - User set preference: ['acceptInsecureCerts', 'true']

05-10-2024T01:29:55 - [MESSAGE][INFO] - Action delay is set to 0 milliseconds

05-10-2024T01:29:57 - [MESSAGE][PASSED] - Browser is opened with url: 'https://qa.velocitypayment.com/agency/config.do?action=editor&message_version=2_5'

05-10-2024T01:29:57 - [MESSAGE][PASSED] - Current window maximized

05-10-2024T01:29:58 - [MESSAGE][PASSED] - All options with value '2.5' are selected in object 'Object Repository/IWP30/Page_VRelay30Emulator/MV'  using regular expression

05-10-2024T01:29:59 - [MESSAGE][PASSED] - Text '10.50' is set on object 'Object Repository/IWP30/Page_VRelay30Emulator/Amount'

05-10-2024T01:30:00 - [MESSAGE][PASSED] - Text 'O605qO3qyiUJ' is set on object 'Object Repository/IWP30/Page_VRelay30Emulator/CAN'

05-10-2024T01:30:00 - [MESSAGE][PASSED] - Text 'AutoPay' is set on object 'Object Repository/IWP30/Page_VRelay30Emulator/Action'

05-10-2024T01:30:01 - [MESSAGE][PASSED] - Text 'en_US' is set on object 'Object Repository/IWP30/Page_VRelay30Emulator/Lang'

05-10-2024T01:30:02 - [MESSAGE][PASSED] - Text '' is set on object 'Object Repository/IWP30/Page_VRelay30Emulator/Fname'

05-10-2024T01:30:02 - [MESSAGE][PASSED] - Text '' is set on object 'Object Repository/IWP30/Page_VRelay30Emulator/Lname'

05-10-2024T01:30:03 - [MESSAGE][PASSED] - Text '' is set on object 'Object Repository/IWP30/Page_VRelay30Emulator/AL1'

05-10-2024T01:30:03 - [MESSAGE][PASSED] - Text '' is set on object 'Object Repository/IWP30/Page_VRelay30Emulator/AL2'

05-10-2024T01:30:04 - [MESSAGE][PASSED] - Text '' is set on object 'Object Repository/IWP30/Page_VRelay30Emulator/Country'

05-10-2024T01:30:05 - [MESSAGE][PASSED] - Text '' is set on object 'Object Repository/IWP30/Page_VRelay30Emulator/City'

05-10-2024T01:30:05 - [MESSAGE][PASSED] - Text '' is set on object 'Object Repository/IWP30/Page_VRelay30Emulator/State'

05-10-2024T01:30:06 - [MESSAGE][PASSED] - Text '' is set on object 'Object Repository/IWP30/Page_VRelay30Emulator/ZIP'

05-10-2024T01:30:06 - [MESSAGE][PASSED] - Text '' is set on object 'Object Repository/IWP30/Page_VRelay30Emulator/Order'

05-10-2024T01:30:07 - [MESSAGE][PASSED] - Text '' is set on object 'Object Repository/IWP30/Page_VRelay30Emulator/Company'

05-10-2024T01:30:07 - [MESSAGE][PASSED] - Text '' is set on object 'Object Repository/IWP30/Page_VRelay30Emulator/Email'

05-10-2024T01:30:08 - [MESSAGE][PASSED] - Text '' is set on object 'Object Repository/IWP30/Page_VRelay30Emulator/UDF1'

05-10-2024T01:30:08 - [MESSAGE][PASSED] - Text '' is set on object 'Object Repository/IWP30/Page_VRelay30Emulator/UDF2'

05-10-2024T01:30:09 - [MESSAGE][PASSED] - Text '' is set on object 'Object Repository/IWP30/Page_VRelay30Emulator/UDF3'

05-10-2024T01:30:10 - [MESSAGE][PASSED] - Text 'udf data 4' is set on object 'Object Repository/IWP30/Page_VRelay30Emulator/UDF4'

05-10-2024T01:30:10 - [MESSAGE][PASSED] - Text 'udf data 5' is set on object 'Object Repository/IWP30/Page_VRelay30Emulator/UDF5'

05-10-2024T01:30:11 - [MESSAGE][PASSED] - Text '' is set on object 'Object Repository/IWP30/Page_VRelay30Emulator/UDF6'

05-10-2024T01:30:11 - [MESSAGE][PASSED] - Text '' is set on object 'Object Repository/IWP30/Page_VRelay30Emulator/UDF7'

05-10-2024T01:30:12 - [MESSAGE][PASSED] - Text '' is set on object 'Object Repository/IWP30/Page_VRelay30Emulator/UDF8'

05-10-2024T01:30:13 - [MESSAGE][PASSED] - Text 'udf data 9' is set on object 'Object Repository/IWP30/Page_VRelay30Emulator/UDF9'

05-10-2024T01:30:13 - [MESSAGE][PASSED] - Text 'udf data 10' is set on object 'Object Repository/IWP30/Page_VRelay30Emulator/UDF10'

05-10-2024T01:30:14 - [MESSAGE][PASSED] - Object: 'Object Repository/IWP30/Page_VRelay30Emulator/Submit' is clicked on

05-10-2024T01:30:19 - [MESSAGE][PASSED] - Browser is closed

05-10-2024T01:30:23 - [MESSAGE][PASSED] - iwpPages.emulatorIWP30.setDataEmulator_DD is PASSED

05-10-2024T01:30:23 - [TEST_STEP][PASSED] - testHarnessURL = urlTestHarness: null

05-10-2024T01:30:23 - [TEST_STEP][PASSED] - openBrowser(testHarnessURL): Browser is opened with url: 'https://dev-algorithm.govolution.com/vrelaytest/QA/version_2_2/vrelaytest.html'

05-10-2024T01:30:23 - [MESSAGE][INFO] - Starting 'Edge Chromium' driver

05-10-2024T01:30:23 - [MESSAGE][INFO] - User set preference: ['acceptInsecureCerts', 'true']

05-10-2024T01:30:25 - [MESSAGE][INFO] - Action delay is set to 0 milliseconds

05-10-2024T01:30:28 - [MESSAGE][PASSED] - Browser is opened with url: 'https://dev-algorithm.govolution.com/vrelaytest/QA/version_2_2/vrelaytest.html'

05-10-2024T01:30:28 - [TEST_STEP][PASSED] - maximizeWindow(): Current window maximized

05-10-2024T01:30:28 - [MESSAGE][PASSED] - Current window maximized

05-10-2024T01:30:28 - [TEST_STEP][PASSED] - iwpPages.TestHarnessPage.setDataMethodEF(row, dataFile): iwpPages.TestHarnessPage.setDataMethodEF is PASSED

05-10-2024T01:30:29 - [MESSAGE][PASSED] - Object 'Object Repository/IWP30/Page_QATestHarness/RemittanceID' is present

05-10-2024T01:30:29 - [MESSAGE][PASSED] - Text '638' is set on object 'Object Repository/IWP30/Page_QATestHarness/ApplicationID'

05-10-2024T01:30:30 - [MESSAGE][PASSED] - Text '2.5' is set on object 'Object Repository/IWP30/Page_QATestHarness/MessageVersion'

05-10-2024T01:30:30 - [MESSAGE][PASSED] - Text 'b88gAlfDntnZ' is set on object 'Object Repository/IWP30/Page_QATestHarness/RemittanceID'

05-10-2024T01:30:34 - [MESSAGE][PASSED] - Object: 'Object Repository/IWP30/Page_QATestHarness/SubmitButton' is clicked on

05-10-2024T01:30:34 - [MESSAGE][PASSED] - iwpPages.TestHarnessPage.setDataMethodEF is PASSED

05-10-2024T01:30:34 - [TEST_STEP][PASSED] - click(findTestObject("Object Repository/IWP30/Page_SelectPaymentMethod/PayByCorporateCheck")): Object: 'Object Repository/IWP30/Page_SelectPaymentMethod/PayByCorporateCheck' is clicked on

05-10-2024T01:30:34 - [MESSAGE][PASSED] - Object: 'Object Repository/IWP30/Page_SelectPaymentMethod/PayByCorporateCheck' is clicked on

05-10-2024T01:30:34 - [TEST_STEP][PASSED] - click(findTestObject("Object Repository/IWP30/Page_SelectPaymentMethod/MakePaymentButton")): Object: 'Object Repository/IWP30/Page_SelectPaymentMethod/MakePaymentButton' is clicked on

05-10-2024T01:30:36 - [MESSAGE][PASSED] - Object: 'Object Repository/IWP30/Page_SelectPaymentMethod/MakePaymentButton' is clicked on

05-10-2024T01:30:36 - [TEST_STEP][PASSED] - iwpPages.achCorporatePaymentEntryPage.setDataCorporate(row, dataFile): iwpPages.achCorporatePaymentEntryPage.setDataCorporate is PASSED

05-10-2024T01:30:36 - [MESSAGE][PASSED] - Object 'Object Repository/IWP30/Page_ACHCorporatePaymentEntry/txt_accountNumber' is present

05-10-2024T01:30:37 - [MESSAGE][PASSED] - Object 'Object Repository/IWP30/Page_ACHCorporatePaymentEntry/input_CompanyName' is present

05-10-2024T01:30:37 - [MESSAGE][PASSED] - Text 'My Company' is set on object 'Object Repository/IWP30/Page_ACHCorporatePaymentEntry/input_CompanyName'

05-10-2024T01:30:38 - [MESSAGE][PASSED] - Object 'Object Repository/IWP30/Page_ACHCorporatePaymentEntry/input_EIN' is present

05-10-2024T01:30:38 - [MESSAGE][PASSED] - Text '123456789' is set on object 'Object Repository/IWP30/Page_ACHCorporatePaymentEntry/input_EIN'

05-10-2024T01:30:39 - [MESSAGE][PASSED] - Text 'udf data 2' is set on object 'Object Repository/IWP30/Page_ACHCorporatePaymentEntry/txt_UDF2'

05-10-2024T01:30:39 - [MESSAGE][PASSED] - Text 'udf data 3' is set on object 'Object Repository/IWP30/Page_ACHCorporatePaymentEntry/txt_UDF3'

05-10-2024T01:30:40 - [MESSAGE][PASSED] - All options with label 'Orange' are selected in object 'Object Repository/IWP30/Page_ACHCorporatePaymentEntry/dd_UDF7' 

05-10-2024T01:30:41 - [MESSAGE][PASSED] - All options with label 'Soccer' are selected in object 'Object Repository/IWP30/Page_ACHCorporatePaymentEntry/dd_UDF8' 

05-10-2024T01:30:41 - [MESSAGE][PASSED] - Object 'Object Repository/IWP30/Page_ACHCorporatePaymentEntry/txt_routingNumber' is present

05-10-2024T01:30:41 - [MESSAGE][PASSED] - Text '256072691' is set on object 'Object Repository/IWP30/Page_ACHCorporatePaymentEntry/txt_routingNumber'

05-10-2024T01:30:42 - [MESSAGE][PASSED] - Object 'Object Repository/IWP30/Page_ACHCorporatePaymentEntry/txt_accountNumber' is present

05-10-2024T01:30:43 - [MESSAGE][PASSED] - Text '12344444' is set on object 'Object Repository/IWP30/Page_ACHCorporatePaymentEntry/txt_accountNumber'

05-10-2024T01:30:43 - [MESSAGE][PASSED] - Object 'Object Repository/IWP30/Page_ACHCorporatePaymentEntry/txt_confirmAccountNumber' is present

05-10-2024T01:30:44 - [MESSAGE][PASSED] - Text '12344444' is set on object 'Object Repository/IWP30/Page_ACHCorporatePaymentEntry/txt_confirmAccountNumber'

05-10-2024T01:30:45 - [MESSAGE][PASSED] - Text '365 Main Avenue' is set on object 'Object Repository/IWP30/Page_ACHCorporatePaymentEntry/txt_AL1'

05-10-2024T01:30:45 - [MESSAGE][PASSED] - Text 'Ohio' is set on object 'Object Repository/IWP30/Page_ACHCorporatePaymentEntry/txt_AL2'

05-10-2024T01:30:46 - [MESSAGE][PASSED] - Text '22201' is set on object 'Object Repository/IWP30/Page_ACHCorporatePaymentEntry/txt_ZIP'

05-10-2024T01:30:46 - [MESSAGE][PASSED] - Object 'Object Repository/IWP30/Page_ACHCorporatePaymentEntry/txt_Email' is present

05-10-2024T01:30:47 - [MESSAGE][PASSED] - Text 'iahmed@govolution.com' is set on object 'Object Repository/IWP30/Page_ACHCorporatePaymentEntry/txt_Email'

05-10-2024T01:30:48 - [MESSAGE][PASSED] - Object 'Object Repository/IWP30/Page_ACHCorporatePaymentEntry/cb_TermsAndCond' is present

05-10-2024T01:30:48 - [MESSAGE][PASSED] - Object: 'Object Repository/IWP30/Page_ACHCorporatePaymentEntry/cb_TermsAndCond' is clicked on

05-10-2024T01:30:48 - [MESSAGE][PASSED] - Object 'Object Repository/IWP30/Page_ACHCorporatePaymentEntry/btn_Continue' is present

05-10-2024T01:30:49 - [MESSAGE][PASSED] - Object: 'Object Repository/IWP30/Page_ACHCorporatePaymentEntry/btn_Continue' is clicked on

05-10-2024T01:30:49 - [MESSAGE][PASSED] - iwpPages.achCorporatePaymentEntryPage.setDataCorporate is PASSED

05-10-2024T01:30:49 - [TEST_STEP][PASSED] - click(findTestObject("Object Repository/IWP30/Page_Confirmation/ConfirmButton")): Object: 'Object Repository/IWP30/Page_Confirmation/ConfirmButton' is clicked on

05-10-2024T01:30:51 - [MESSAGE][PASSED] - Object: 'Object Repository/IWP30/Page_Confirmation/ConfirmButton' is clicked on

05-10-2024T01:30:51 - [TEST_STEP][PASSED] - Thread.sleep(2000): null

05-10-2024T01:30:53 - [TEST_STEP][PASSED] - if (verifyTextPresent("AutoPay", false)): null

05-10-2024T01:30:53 - [MESSAGE][PASSED] - Text 'AutoPay' is present on page 

05-10-2024T01:30:53 - [TEST_STEP][PASSED] - if (verifyTextPresent("Your payment plan has been successfully created", false)): null

05-10-2024T01:30:54 - [MESSAGE][PASSED] - Text 'Your payment plan has been successfully created' is present on page 

05-10-2024T01:30:54 - [TEST_STEP][PASSED] - isRequiredTextPresent = true: null

05-10-2024T01:30:54 - [TEST_STEP][PASSED] - println(isRequiredTextPresent): null

05-10-2024T01:30:54 - [TEST_STEP][PASSED] - if (isRequiredTextPresent): null

05-10-2024T01:30:54 - [TEST_STEP][PASSED] - if (verifyTextPresent("CAN Label:", false)): null

05-10-2024T01:30:54 - [MESSAGE][PASSED] - Text 'CAN Label:' is present on page 

05-10-2024T01:30:54 - [TEST_STEP][PASSED] - isRequiredTextPresent = true: null

05-10-2024T01:30:54 - [TEST_STEP][PASSED] - println(isRequiredTextPresent): null

05-10-2024T01:30:54 - [TEST_STEP][PASSED] - if (isRequiredTextPresent): null

05-10-2024T01:30:54 - [TEST_STEP][PASSED] - if (verifyTextPresent("Remittance ID:", false)): null

05-10-2024T01:30:54 - [MESSAGE][PASSED] - Text 'Remittance ID:' is present on page 

05-10-2024T01:30:54 - [TEST_STEP][PASSED] - isRequiredTextPresent = true: null

05-10-2024T01:30:54 - [TEST_STEP][PASSED] - println(isRequiredTextPresent): null

05-10-2024T01:30:54 - [TEST_STEP][PASSED] - if (isRequiredTextPresent): null

05-10-2024T01:30:54 - [TEST_STEP][PASSED] - if (verifyTextPresent("UDF2 Label:", false)): null

05-10-2024T01:30:54 - [MESSAGE][PASSED] - Text 'UDF2 Label:' is present on page 

05-10-2024T01:30:54 - [TEST_STEP][PASSED] - isRequiredTextPresent = true: null

05-10-2024T01:30:54 - [TEST_STEP][PASSED] - println(isRequiredTextPresent): null

05-10-2024T01:30:54 - [TEST_STEP][PASSED] - if (isRequiredTextPresent): null

05-10-2024T01:30:54 - [TEST_STEP][PASSED] - if (verifyTextPresent("UDF3 Label:", false)): null

05-10-2024T01:30:55 - [MESSAGE][PASSED] - Text 'UDF3 Label:' is present on page 

05-10-2024T01:30:55 - [TEST_STEP][PASSED] - isRequiredTextPresent = true: null

05-10-2024T01:30:55 - [TEST_STEP][PASSED] - println(isRequiredTextPresent): null

05-10-2024T01:30:55 - [TEST_STEP][PASSED] - if (isRequiredTextPresent): null

05-10-2024T01:30:55 - [TEST_STEP][PASSED] - if (verifyTextPresent("UDF4 Label:", false)): null

05-10-2024T01:30:55 - [MESSAGE][PASSED] - Text 'UDF4 Label:' is present on page 

05-10-2024T01:30:55 - [TEST_STEP][PASSED] - isRequiredTextPresent = true: null

05-10-2024T01:30:55 - [TEST_STEP][PASSED] - println(isRequiredTextPresent): null

05-10-2024T01:30:55 - [TEST_STEP][PASSED] - if (isRequiredTextPresent): null

05-10-2024T01:30:55 - [TEST_STEP][PASSED] - if (verifyTextPresent("UDF7 Label:", false)): null

05-10-2024T01:30:55 - [MESSAGE][PASSED] - Text 'UDF7 Label:' is present on page 

05-10-2024T01:30:55 - [TEST_STEP][PASSED] - isRequiredTextPresent = true: null

05-10-2024T01:30:55 - [TEST_STEP][PASSED] - println(isRequiredTextPresent): null

05-10-2024T01:30:55 - [TEST_STEP][PASSED] - if (isRequiredTextPresent): null

05-10-2024T01:30:55 - [TEST_STEP][PASSED] - if (verifyTextPresent("UDF8 Label:", false)): null

05-10-2024T01:30:56 - [MESSAGE][PASSED] - Text 'UDF8 Label:' is present on page 

05-10-2024T01:30:56 - [TEST_STEP][PASSED] - isRequiredTextPresent = true: null

05-10-2024T01:30:56 - [TEST_STEP][PASSED] - println(isRequiredTextPresent): null

05-10-2024T01:30:56 - [TEST_STEP][PASSED] - if (isRequiredTextPresent): null

05-10-2024T01:30:56 - [TEST_STEP][PASSED] - if (verifyTextPresent("UDF9 Label:", false)): null

05-10-2024T01:30:56 - [MESSAGE][PASSED] - Text 'UDF9 Label:' is present on page 

05-10-2024T01:30:56 - [TEST_STEP][PASSED] - isRequiredTextPresent = true: null

05-10-2024T01:30:56 - [TEST_STEP][PASSED] - println(isRequiredTextPresent): null

05-10-2024T01:30:56 - [TEST_STEP][PASSED] - if (isRequiredTextPresent): null

05-10-2024T01:30:56 - [TEST_STEP][PASSED] - if (verifyTextPresent("Transaction Type:", false)): null

05-10-2024T01:30:56 - [MESSAGE][PASSED] - Text 'Transaction Type:' is present on page 

05-10-2024T01:30:56 - [TEST_STEP][PASSED] - isRequiredTextPresent = true: null

05-10-2024T01:30:56 - [TEST_STEP][PASSED] - println(isRequiredTextPresent): null

05-10-2024T01:30:56 - [TEST_STEP][PASSED] - if (isRequiredTextPresent): null

05-10-2024T01:30:56 - [TEST_STEP][PASSED] - if (verifyTextPresent("Check Information:", false)): null

05-10-2024T01:30:56 - [MESSAGE][PASSED] - Text 'Check Information:' is present on page 

05-10-2024T01:30:56 - [TEST_STEP][PASSED] - isRequiredTextPresent = true: null

05-10-2024T01:30:56 - [TEST_STEP][PASSED] - println(isRequiredTextPresent): null

05-10-2024T01:30:56 - [TEST_STEP][PASSED] - if (isRequiredTextPresent): null

05-10-2024T01:30:56 - [TEST_STEP][PASSED] - if (verifyTextPresent("Account Type:", false)): null

05-10-2024T01:30:57 - [MESSAGE][PASSED] - Text 'Account Type:' is present on page 

05-10-2024T01:30:57 - [TEST_STEP][PASSED] - isRequiredTextPresent = true: null

05-10-2024T01:30:57 - [TEST_STEP][PASSED] - println(isRequiredTextPresent): null

05-10-2024T01:30:57 - [TEST_STEP][PASSED] - if (isRequiredTextPresent): null

05-10-2024T01:30:57 - [TEST_STEP][PASSED] - if (verifyTextPresent("Employer Identification Number(EIN):", false)): null

05-10-2024T01:30:57 - [MESSAGE][PASSED] - Text 'Employer Identification Number(EIN):' is present on page 

05-10-2024T01:30:57 - [TEST_STEP][PASSED] - isRequiredTextPresent = true: null

05-10-2024T01:30:57 - [TEST_STEP][PASSED] - println(isRequiredTextPresent): null

05-10-2024T01:30:57 - [TEST_STEP][PASSED] - if (isRequiredTextPresent): null

05-10-2024T01:30:57 - [TEST_STEP][PASSED] - if (verifyTextPresent("Account Number:", false)): null

05-10-2024T01:30:57 - [MESSAGE][PASSED] - Text 'Account Number:' is present on page 

05-10-2024T01:30:57 - [TEST_STEP][PASSED] - isRequiredTextPresent = true: null

05-10-2024T01:30:57 - [TEST_STEP][PASSED] - println(isRequiredTextPresent): null

05-10-2024T01:30:57 - [TEST_STEP][PASSED] - if (isRequiredTextPresent): null

05-10-2024T01:30:57 - [TEST_STEP][PASSED] - if (verifyTextPresent("Routing Number:", false)): null

05-10-2024T01:30:57 - [MESSAGE][PASSED] - Text 'Routing Number:' is present on page 

05-10-2024T01:30:57 - [TEST_STEP][PASSED] - isRequiredTextPresent = true: null

05-10-2024T01:30:57 - [TEST_STEP][PASSED] - println(isRequiredTextPresent): null

05-10-2024T01:30:57 - [TEST_STEP][PASSED] - if (isRequiredTextPresent): null

05-10-2024T01:30:57 - [TEST_STEP][PASSED] - if (verifyTextPresent("Company Name:", false)): null

05-10-2024T01:30:58 - [MESSAGE][PASSED] - Text 'Company Name:' is present on page 

05-10-2024T01:30:58 - [TEST_STEP][PASSED] - isRequiredTextPresent = true: null

05-10-2024T01:30:58 - [TEST_STEP][PASSED] - println(isRequiredTextPresent): null

05-10-2024T01:30:58 - [TEST_STEP][PASSED] - if (isRequiredTextPresent): null

05-10-2024T01:30:58 - [TEST_STEP][PASSED] - if (verifyTextPresent("Billing Information:", false)): null

05-10-2024T01:30:58 - [MESSAGE][PASSED] - Text 'Billing Information:' is present on page 

05-10-2024T01:30:58 - [TEST_STEP][PASSED] - isRequiredTextPresent = true: null

05-10-2024T01:30:58 - [TEST_STEP][PASSED] - println(isRequiredTextPresent): null

05-10-2024T01:30:58 - [TEST_STEP][PASSED] - if (isRequiredTextPresent): null

05-10-2024T01:30:58 - [TEST_STEP][PASSED] - if (verifyTextPresent("Address Line 1:", false)): null

05-10-2024T01:30:58 - [MESSAGE][PASSED] - Text 'Address Line 1:' is present on page 

05-10-2024T01:30:58 - [TEST_STEP][PASSED] - isRequiredTextPresent = true: null

05-10-2024T01:30:58 - [TEST_STEP][PASSED] - println(isRequiredTextPresent): null

05-10-2024T01:30:58 - [TEST_STEP][PASSED] - if (isRequiredTextPresent): null

05-10-2024T01:30:58 - [TEST_STEP][PASSED] - if (verifyTextPresent("Address Line 2:", false)): null

05-10-2024T01:30:59 - [MESSAGE][PASSED] - Text 'Address Line 2:' is present on page 

05-10-2024T01:30:59 - [TEST_STEP][PASSED] - isRequiredTextPresent = true: null

05-10-2024T01:30:59 - [TEST_STEP][PASSED] - println(isRequiredTextPresent): null

05-10-2024T01:30:59 - [TEST_STEP][PASSED] - if (isRequiredTextPresent): null

05-10-2024T01:30:59 - [TEST_STEP][PASSED] - if (verifyTextPresent("Country:", false)): null

05-10-2024T01:30:59 - [MESSAGE][PASSED] - Text 'Country:' is present on page 

05-10-2024T01:30:59 - [TEST_STEP][PASSED] - isRequiredTextPresent = true: null

05-10-2024T01:30:59 - [TEST_STEP][PASSED] - println(isRequiredTextPresent): null

05-10-2024T01:30:59 - [TEST_STEP][PASSED] - if (isRequiredTextPresent): null

05-10-2024T01:30:59 - [TEST_STEP][PASSED] - if (verifyTextPresent("City:", false)): null

05-10-2024T01:30:59 - [MESSAGE][PASSED] - Text 'City:' is present on page 

05-10-2024T01:30:59 - [TEST_STEP][PASSED] - isRequiredTextPresent = true: null

05-10-2024T01:30:59 - [TEST_STEP][PASSED] - println(isRequiredTextPresent): null

05-10-2024T01:30:59 - [TEST_STEP][PASSED] - if (isRequiredTextPresent): null

05-10-2024T01:30:59 - [TEST_STEP][PASSED] - if (verifyTextPresent("State:", false)): null

05-10-2024T01:30:59 - [MESSAGE][PASSED] - Text 'State:' is present on page 

05-10-2024T01:30:59 - [TEST_STEP][PASSED] - isRequiredTextPresent = true: null

05-10-2024T01:30:59 - [TEST_STEP][PASSED] - println(isRequiredTextPresent): null

05-10-2024T01:30:59 - [TEST_STEP][PASSED] - if (isRequiredTextPresent): null

05-10-2024T01:30:59 - [TEST_STEP][PASSED] - if (verifyTextPresent("Zip Code:", false)): null

05-10-2024T01:31:00 - [MESSAGE][PASSED] - Text 'Zip Code:' is present on page 

05-10-2024T01:31:00 - [TEST_STEP][PASSED] - isRequiredTextPresent = true: null

05-10-2024T01:31:00 - [TEST_STEP][PASSED] - println(isRequiredTextPresent): null

05-10-2024T01:31:00 - [TEST_STEP][PASSED] - if (isRequiredTextPresent): null

05-10-2024T01:31:00 - [TEST_STEP][PASSED] - if (verifyTextPresent("Plan Information:", false)): null

05-10-2024T01:31:00 - [MESSAGE][PASSED] - Text 'Plan Information:' is present on page 

05-10-2024T01:31:00 - [TEST_STEP][PASSED] - isRequiredTextPresent = true: null

05-10-2024T01:31:00 - [TEST_STEP][PASSED] - println(isRequiredTextPresent): null

05-10-2024T01:31:00 - [TEST_STEP][PASSED] - if (isRequiredTextPresent): null

05-10-2024T01:31:00 - [TEST_STEP][PASSED] - if (verifyTextPresent("Payment Plan Type:", false)): null

05-10-2024T01:31:00 - [MESSAGE][PASSED] - Text 'Payment Plan Type:' is present on page 

05-10-2024T01:31:00 - [TEST_STEP][PASSED] - isRequiredTextPresent = true: null

05-10-2024T01:31:00 - [TEST_STEP][PASSED] - println(isRequiredTextPresent): null

05-10-2024T01:31:00 - [TEST_STEP][PASSED] - if (isRequiredTextPresent): null

05-10-2024T01:31:00 - [TEST_STEP][PASSED] - if (verifyTextPresent("Payment Plan ID:", false)): null

05-10-2024T01:31:01 - [MESSAGE][PASSED] - Text 'Payment Plan ID:' is present on page 

05-10-2024T01:31:01 - [TEST_STEP][PASSED] - isRequiredTextPresent = true: null

05-10-2024T01:31:01 - [TEST_STEP][PASSED] - println(isRequiredTextPresent): null

05-10-2024T01:31:01 - [TEST_STEP][PASSED] - if (isRequiredTextPresent): null

05-10-2024T01:31:01 - [TEST_STEP][PASSED] - if (verifyTextPresent("Start Date:", false)): null

05-10-2024T01:31:01 - [MESSAGE][PASSED] - Text 'Start Date:' is present on page 

05-10-2024T01:31:01 - [TEST_STEP][PASSED] - isRequiredTextPresent = true: null

05-10-2024T01:31:01 - [TEST_STEP][PASSED] - println(isRequiredTextPresent): null

05-10-2024T01:31:01 - [TEST_STEP][PASSED] - if (isRequiredTextPresent == true): pages.WriteExcel.demoKey is PASSED

05-10-2024T01:31:01 - [TEST_STEP][PASSED] - println("All the relevant texts are present on Receipt Page"): null

05-10-2024T01:31:01 - [TEST_STEP][PASSED] - markPassed("All the relevant texts are present on Receipt Page"): All the relevant texts are present on Receipt Page

05-10-2024T01:31:01 - [MESSAGE][PASSED] - All the relevant texts are present on Receipt Page

05-10-2024T01:31:01 - [TEST_STEP][PASSED] - resText = "Pass": null

05-10-2024T01:31:01 - [TEST_STEP][PASSED] - pages.WriteExcel.demoKey(resText, datText, resColumn, datCloumn, fileLoc, nameSheet, row): pages.WriteExcel.demoKey is PASSED

05-10-2024T01:31:01 - [MESSAGE][PASSED] - pages.WriteExcel.demoKey is PASSED

05-10-2024T01:31:01 - [TEST_STEP][PASSED] - closeBrowser(): Browser is closed

05-10-2024T01:31:01 - [MESSAGE][PASSED] - Browser is closed]]></system-out>
         <system-err><![CDATA[]]></system-err>
      </testcase>
      <testcase name="Test Cases/IntegratedWeb/IWP25/Payments/VerifyCreateReceiptLabelsAutoPayPC" time="68.937" classname="Test Cases/IntegratedWeb/IWP25/Payments/VerifyCreateReceiptLabelsAutoPayPC" status="PASSED">
         <system-out><![CDATA[05-10-2024T01:31:01 - [TEST_CASE][PASSED] - Test Cases/IntegratedWeb/IWP25/Payments/VerifyCreateReceiptLabelsAutoPayPC: Test Cases/IntegratedWeb/IWP25/Payments/VerifyCreateReceiptLabelsAutoPayPC

05-10-2024T01:31:02 - [TEST_STEP][PASSED] - resText = "Fail": null

05-10-2024T01:31:02 - [TEST_STEP][PASSED] - resColumn = "Result": null

05-10-2024T01:31:02 - [TEST_STEP][PASSED] - datCloumn = "Date": null

05-10-2024T01:31:02 - [TEST_STEP][PASSED] - fileLoc = "KatalonData/IWPTestData/VRelay25PaymentsExtension.xlsx": null

05-10-2024T01:31:02 - [TEST_STEP][PASSED] - numOfRows = <not implemented yet for class: org.codehaus.groovy.ast.expr.EmptyExpression>: null

05-10-2024T01:31:02 - [TEST_STEP][PASSED] - dataFile = <not implemented yet for class: org.codehaus.groovy.ast.expr.EmptyExpression>: null

05-10-2024T01:31:02 - [TEST_STEP][PASSED] - nameSheet = <not implemented yet for class: org.codehaus.groovy.ast.expr.EmptyExpression>: null

05-10-2024T01:31:02 - [TEST_STEP][PASSED] - dataFileEmulator = <not implemented yet for class: org.codehaus.groovy.ast.expr.EmptyExpression>: null

05-10-2024T01:31:02 - [TEST_STEP][PASSED] - isRequiredTextPresent = false: null

05-10-2024T01:31:02 - [TEST_STEP][PASSED] - nameSheet = "VerifyCreateLabelAutopayPC": null

05-10-2024T01:31:02 - [TEST_STEP][PASSED] - dataFile = getExcelDataWithDefaultSheet("KatalonData/IWPTestData/VRelay25PaymentsExtension.xlsx", nameSheet, true): null

05-10-2024T01:31:02 - [TEST_STEP][PASSED] - dataFileEmulator = "IWPTestData/EmulatorData": null

05-10-2024T01:31:02 - [TEST_STEP][PASSED] - numOfRows = dataFile.getRowNumbers(): null

05-10-2024T01:31:02 - [TEST_STEP][PASSED] - println("Number of Records: " + numOfRows): null

05-10-2024T01:31:02 - [TEST_STEP][PASSED] - for ([row = 1, row <= numOfRows, (row++)]): Browser is closed

05-10-2024T01:31:02 - [TEST_STEP][PASSED] - ExecuteTC = dataFile.getValue("Execute", row): null

05-10-2024T01:31:02 - [TEST_STEP][PASSED] - out.println("Value of Execute is : " + ExecuteTC): null

05-10-2024T01:31:02 - [TEST_STEP][PASSED] - if (ExecuteTC.equalsIgnoreCase("Y")): null

05-10-2024T01:31:02 - [TEST_STEP][PASSED] - out.println("Begin Record Number: " + row): null

05-10-2024T01:31:02 - [TEST_STEP][PASSED] - today = new java.util.Date(): null

05-10-2024T01:31:02 - [TEST_STEP][PASSED] - println(today): null

05-10-2024T01:31:02 - [TEST_STEP][PASSED] - datText = today: null

05-10-2024T01:31:02 - [TEST_STEP][PASSED] - EmulatorDataKey = dataFile.getValue("EmulatorData", row): null

05-10-2024T01:31:02 - [TEST_STEP][PASSED] - out.println("Value of Emulator Key is : " + EmulatorDataKey): null

05-10-2024T01:31:02 - [TEST_STEP][PASSED] - iwpPages.emulatorIWP30.setDataEmulator_DD(EmulatorDataKey): iwpPages.emulatorIWP30.setDataEmulator_DD is PASSED

05-10-2024T01:31:02 - [MESSAGE][INFO] - Starting 'Edge Chromium' driver

05-10-2024T01:31:02 - [MESSAGE][INFO] - User set preference: ['acceptInsecureCerts', 'true']

05-10-2024T01:31:04 - [MESSAGE][INFO] - Action delay is set to 0 milliseconds

05-10-2024T01:31:07 - [MESSAGE][PASSED] - Browser is opened with url: 'https://qa.velocitypayment.com/agency/config.do?action=editor&message_version=2_5'

05-10-2024T01:31:07 - [MESSAGE][PASSED] - Current window maximized

05-10-2024T01:31:08 - [MESSAGE][PASSED] - All options with value '2.5' are selected in object 'Object Repository/IWP30/Page_VRelay30Emulator/MV'  using regular expression

05-10-2024T01:31:09 - [MESSAGE][PASSED] - Text '10.50' is set on object 'Object Repository/IWP30/Page_VRelay30Emulator/Amount'

05-10-2024T01:31:09 - [MESSAGE][PASSED] - Text 'e8CCdOChebNw' is set on object 'Object Repository/IWP30/Page_VRelay30Emulator/CAN'

05-10-2024T01:31:10 - [MESSAGE][PASSED] - Text 'AutoPay' is set on object 'Object Repository/IWP30/Page_VRelay30Emulator/Action'

05-10-2024T01:31:11 - [MESSAGE][PASSED] - Text 'en_US' is set on object 'Object Repository/IWP30/Page_VRelay30Emulator/Lang'

05-10-2024T01:31:11 - [MESSAGE][PASSED] - Text '' is set on object 'Object Repository/IWP30/Page_VRelay30Emulator/Fname'

05-10-2024T01:31:12 - [MESSAGE][PASSED] - Text '' is set on object 'Object Repository/IWP30/Page_VRelay30Emulator/Lname'

05-10-2024T01:31:12 - [MESSAGE][PASSED] - Text '' is set on object 'Object Repository/IWP30/Page_VRelay30Emulator/AL1'

05-10-2024T01:31:13 - [MESSAGE][PASSED] - Text '' is set on object 'Object Repository/IWP30/Page_VRelay30Emulator/AL2'

05-10-2024T01:31:13 - [MESSAGE][PASSED] - Text '' is set on object 'Object Repository/IWP30/Page_VRelay30Emulator/Country'

05-10-2024T01:31:14 - [MESSAGE][PASSED] - Text '' is set on object 'Object Repository/IWP30/Page_VRelay30Emulator/City'

05-10-2024T01:31:15 - [MESSAGE][PASSED] - Text '' is set on object 'Object Repository/IWP30/Page_VRelay30Emulator/State'

05-10-2024T01:31:15 - [MESSAGE][PASSED] - Text '' is set on object 'Object Repository/IWP30/Page_VRelay30Emulator/ZIP'

05-10-2024T01:31:16 - [MESSAGE][PASSED] - Text '' is set on object 'Object Repository/IWP30/Page_VRelay30Emulator/Order'

05-10-2024T01:31:16 - [MESSAGE][PASSED] - Text '' is set on object 'Object Repository/IWP30/Page_VRelay30Emulator/Company'

05-10-2024T01:31:17 - [MESSAGE][PASSED] - Text '' is set on object 'Object Repository/IWP30/Page_VRelay30Emulator/Email'

05-10-2024T01:31:17 - [MESSAGE][PASSED] - Text '' is set on object 'Object Repository/IWP30/Page_VRelay30Emulator/UDF1'

05-10-2024T01:31:18 - [MESSAGE][PASSED] - Text '' is set on object 'Object Repository/IWP30/Page_VRelay30Emulator/UDF2'

05-10-2024T01:31:19 - [MESSAGE][PASSED] - Text '' is set on object 'Object Repository/IWP30/Page_VRelay30Emulator/UDF3'

05-10-2024T01:31:19 - [MESSAGE][PASSED] - Text 'udf data 4' is set on object 'Object Repository/IWP30/Page_VRelay30Emulator/UDF4'

05-10-2024T01:31:20 - [MESSAGE][PASSED] - Text 'udf data 5' is set on object 'Object Repository/IWP30/Page_VRelay30Emulator/UDF5'

05-10-2024T01:31:20 - [MESSAGE][PASSED] - Text '' is set on object 'Object Repository/IWP30/Page_VRelay30Emulator/UDF6'

05-10-2024T01:31:21 - [MESSAGE][PASSED] - Text '' is set on object 'Object Repository/IWP30/Page_VRelay30Emulator/UDF7'

05-10-2024T01:31:21 - [MESSAGE][PASSED] - Text '' is set on object 'Object Repository/IWP30/Page_VRelay30Emulator/UDF8'

05-10-2024T01:31:22 - [MESSAGE][PASSED] - Text 'udf data 9' is set on object 'Object Repository/IWP30/Page_VRelay30Emulator/UDF9'

05-10-2024T01:31:23 - [MESSAGE][PASSED] - Text 'udf data 10' is set on object 'Object Repository/IWP30/Page_VRelay30Emulator/UDF10'

05-10-2024T01:31:24 - [MESSAGE][PASSED] - Object: 'Object Repository/IWP30/Page_VRelay30Emulator/Submit' is clicked on

05-10-2024T01:31:28 - [MESSAGE][PASSED] - Browser is closed

05-10-2024T01:31:32 - [MESSAGE][PASSED] - iwpPages.emulatorIWP30.setDataEmulator_DD is PASSED

05-10-2024T01:31:32 - [TEST_STEP][PASSED] - testHarnessURL = urlTestHarness: null

05-10-2024T01:31:32 - [TEST_STEP][PASSED] - openBrowser(testHarnessURL): Browser is opened with url: 'https://dev-algorithm.govolution.com/vrelaytest/QA/version_2_2/vrelaytest.html'

05-10-2024T01:31:32 - [MESSAGE][INFO] - Starting 'Edge Chromium' driver

05-10-2024T01:31:32 - [MESSAGE][INFO] - User set preference: ['acceptInsecureCerts', 'true']

05-10-2024T01:31:34 - [MESSAGE][INFO] - Action delay is set to 0 milliseconds

05-10-2024T01:31:38 - [MESSAGE][PASSED] - Browser is opened with url: 'https://dev-algorithm.govolution.com/vrelaytest/QA/version_2_2/vrelaytest.html'

05-10-2024T01:31:38 - [TEST_STEP][PASSED] - maximizeWindow(): Current window maximized

05-10-2024T01:31:38 - [MESSAGE][PASSED] - Current window maximized

05-10-2024T01:31:38 - [TEST_STEP][PASSED] - iwpPages.TestHarnessPage.setDataMethodEF(row, dataFile): iwpPages.TestHarnessPage.setDataMethodEF is PASSED

05-10-2024T01:31:38 - [MESSAGE][PASSED] - Object 'Object Repository/IWP30/Page_QATestHarness/RemittanceID' is present

05-10-2024T01:31:38 - [MESSAGE][PASSED] - Text '638' is set on object 'Object Repository/IWP30/Page_QATestHarness/ApplicationID'

05-10-2024T01:31:39 - [MESSAGE][PASSED] - Text '2.5' is set on object 'Object Repository/IWP30/Page_QATestHarness/MessageVersion'

05-10-2024T01:31:40 - [MESSAGE][PASSED] - Text 'ensKjnkl9M2E' is set on object 'Object Repository/IWP30/Page_QATestHarness/RemittanceID'

05-10-2024T01:31:43 - [MESSAGE][PASSED] - Object: 'Object Repository/IWP30/Page_QATestHarness/SubmitButton' is clicked on

05-10-2024T01:31:43 - [MESSAGE][PASSED] - iwpPages.TestHarnessPage.setDataMethodEF is PASSED

05-10-2024T01:31:43 - [TEST_STEP][PASSED] - click(findTestObject("Object Repository/IWP30/Page_SelectPaymentMethod/PayByPersonalCheck")): Object: 'Object Repository/IWP30/Page_SelectPaymentMethod/PayByPersonalCheck' is clicked on

05-10-2024T01:31:43 - [MESSAGE][PASSED] - Object: 'Object Repository/IWP30/Page_SelectPaymentMethod/PayByPersonalCheck' is clicked on

05-10-2024T01:31:43 - [TEST_STEP][PASSED] - click(findTestObject("Object Repository/IWP30/Page_SelectPaymentMethod/MakePaymentButton")): Object: 'Object Repository/IWP30/Page_SelectPaymentMethod/MakePaymentButton' is clicked on

05-10-2024T01:31:45 - [MESSAGE][PASSED] - Object: 'Object Repository/IWP30/Page_SelectPaymentMethod/MakePaymentButton' is clicked on

05-10-2024T01:31:45 - [TEST_STEP][PASSED] - iwpPages.achPersonalPaymentEntryPage.setDataACHPPM(row, dataFile): iwpPages.achPersonalPaymentEntryPage.setDataACHPPM is PASSED

05-10-2024T01:31:45 - [MESSAGE][PASSED] - Object 'Object Repository/IWP30/Page_ACHPersonalPaymentEntry/txt_accountNumber' is present

05-10-2024T01:31:46 - [MESSAGE][PASSED] - Object 'Object Repository/IWP30/Page_ACHPersonalPaymentEntry/txt_UDF2' is present

05-10-2024T01:31:46 - [MESSAGE][PASSED] - Text 'udf data 2' is set on object 'Object Repository/IWP30/Page_ACHPersonalPaymentEntry/txt_UDF2'

05-10-2024T01:31:47 - [MESSAGE][PASSED] - Text 'udf data 3' is set on object 'Object Repository/IWP30/Page_ACHPersonalPaymentEntry/txt_UDF3'

05-10-2024T01:31:47 - [MESSAGE][PASSED] - All options with label 'Orange' are selected in object 'Object Repository/IWP30/Page_ACHPersonalPaymentEntry/dd_UDF7' 

05-10-2024T01:31:48 - [MESSAGE][PASSED] - All options with label 'Soccer' are selected in object 'Object Repository/IWP30/Page_ACHPersonalPaymentEntry/dd_UDF8' 

05-10-2024T01:31:48 - [MESSAGE][PASSED] - Object 'Object Repository/IWP30/Page_ACHPersonalPaymentEntry/txt_Firstname' is present

05-10-2024T01:31:49 - [MESSAGE][PASSED] - Text 'Elizath' is set on object 'Object Repository/IWP30/Page_ACHPersonalPaymentEntry/txt_Firstname'

05-10-2024T01:31:49 - [MESSAGE][PASSED] - Object 'Object Repository/IWP30/Page_ACHPersonalPaymentEntry/txt_Lastname' is present

05-10-2024T01:31:50 - [MESSAGE][PASSED] - Text 'Christine' is set on object 'Object Repository/IWP30/Page_ACHPersonalPaymentEntry/txt_Lastname'

05-10-2024T01:31:50 - [MESSAGE][PASSED] - Object 'Object Repository/IWP30/Page_ACHPersonalPaymentEntry/txt_routingNumber' is present

05-10-2024T01:31:50 - [MESSAGE][PASSED] - Text '256072691' is set on object 'Object Repository/IWP30/Page_ACHPersonalPaymentEntry/txt_routingNumber'

05-10-2024T01:31:51 - [MESSAGE][PASSED] - Object 'Object Repository/IWP30/Page_ACHPersonalPaymentEntry/txt_accountNumber' is present

05-10-2024T01:31:52 - [MESSAGE][PASSED] - Text '12344444' is set on object 'Object Repository/IWP30/Page_ACHPersonalPaymentEntry/txt_accountNumber'

05-10-2024T01:31:52 - [MESSAGE][PASSED] - Object 'Object Repository/IWP30/Page_ACHPersonalPaymentEntry/txt_confirmAccountNumber' is present

05-10-2024T01:31:53 - [MESSAGE][PASSED] - Text '12344444' is set on object 'Object Repository/IWP30/Page_ACHPersonalPaymentEntry/txt_confirmAccountNumber'

05-10-2024T01:31:53 - [MESSAGE][PASSED] - Object 'Object Repository/IWP30/Page_ACHPersonalPaymentEntry/rd_accountType' is present

05-10-2024T01:31:53 - [MESSAGE][PASSED] - Modify property of object successfully

05-10-2024T01:31:54 - [MESSAGE][PASSED] - Object: 'Object Repository/IWP30/Page_ACHPersonalPaymentEntry/rd_accountType' is clicked on

05-10-2024T01:31:54 - [MESSAGE][PASSED] - Text '365 Main Avenue' is set on object 'Object Repository/IWP30/Page_ACHPersonalPaymentEntry/txt_AL1'

05-10-2024T01:31:55 - [MESSAGE][PASSED] - Text 'Ohio' is set on object 'Object Repository/IWP30/Page_ACHPersonalPaymentEntry/txt_AL2'

05-10-2024T01:31:55 - [MESSAGE][PASSED] - Text '22201' is set on object 'Object Repository/IWP30/Page_ACHPersonalPaymentEntry/txt_ZIP'

05-10-2024T01:31:56 - [MESSAGE][PASSED] - Object 'Object Repository/IWP30/Page_ACHPersonalPaymentEntry/txt_Email' is present

05-10-2024T01:31:56 - [MESSAGE][PASSED] - Text 'iahmed@govolution.com' is set on object 'Object Repository/IWP30/Page_ACHPersonalPaymentEntry/txt_Email'

05-10-2024T01:31:57 - [MESSAGE][PASSED] - Object 'Object Repository/IWP30/Page_ACHPersonalPaymentEntry/cb_TermsAndCond' is present

05-10-2024T01:31:57 - [MESSAGE][PASSED] - Object: 'Object Repository/IWP30/Page_ACHPersonalPaymentEntry/cb_TermsAndCond' is clicked on

05-10-2024T01:31:57 - [MESSAGE][PASSED] - Object 'Object Repository/IWP30/Page_ACHPersonalPaymentEntry/btn_Continue' is present

05-10-2024T01:31:59 - [MESSAGE][PASSED] - Object: 'Object Repository/IWP30/Page_ACHPersonalPaymentEntry/btn_Continue' is clicked on

05-10-2024T01:31:59 - [MESSAGE][PASSED] - iwpPages.achPersonalPaymentEntryPage.setDataACHPPM is PASSED

05-10-2024T01:31:59 - [TEST_STEP][PASSED] - click(findTestObject("Object Repository/IWP30/Page_Confirmation/ConfirmButton")): Object: 'Object Repository/IWP30/Page_Confirmation/ConfirmButton' is clicked on

05-10-2024T01:32:00 - [MESSAGE][PASSED] - Object: 'Object Repository/IWP30/Page_Confirmation/ConfirmButton' is clicked on

05-10-2024T01:32:00 - [TEST_STEP][PASSED] - Thread.sleep(2000): null

05-10-2024T01:32:02 - [TEST_STEP][PASSED] - if (verifyTextPresent("AutoPay", false)): null

05-10-2024T01:32:03 - [MESSAGE][PASSED] - Text 'AutoPay' is present on page 

05-10-2024T01:32:03 - [TEST_STEP][PASSED] - if (verifyTextPresent("Your payment plan has been successfully created", false)): null

05-10-2024T01:32:03 - [MESSAGE][PASSED] - Text 'Your payment plan has been successfully created' is present on page 

05-10-2024T01:32:03 - [TEST_STEP][PASSED] - isRequiredTextPresent = true: null

05-10-2024T01:32:03 - [TEST_STEP][PASSED] - println(isRequiredTextPresent): null

05-10-2024T01:32:03 - [TEST_STEP][PASSED] - if (isRequiredTextPresent): null

05-10-2024T01:32:03 - [TEST_STEP][PASSED] - if (verifyTextPresent("CAN Label:", false)): null

05-10-2024T01:32:03 - [MESSAGE][PASSED] - Text 'CAN Label:' is present on page 

05-10-2024T01:32:03 - [TEST_STEP][PASSED] - isRequiredTextPresent = true: null

05-10-2024T01:32:03 - [TEST_STEP][PASSED] - println(isRequiredTextPresent): null

05-10-2024T01:32:03 - [TEST_STEP][PASSED] - if (isRequiredTextPresent): null

05-10-2024T01:32:03 - [TEST_STEP][PASSED] - if (verifyTextPresent("Remittance ID:", false)): null

05-10-2024T01:32:03 - [MESSAGE][PASSED] - Text 'Remittance ID:' is present on page 

05-10-2024T01:32:03 - [TEST_STEP][PASSED] - isRequiredTextPresent = true: null

05-10-2024T01:32:03 - [TEST_STEP][PASSED] - println(isRequiredTextPresent): null

05-10-2024T01:32:03 - [TEST_STEP][PASSED] - if (isRequiredTextPresent): null

05-10-2024T01:32:03 - [TEST_STEP][PASSED] - if (verifyTextPresent("UDF2 Label:", false)): null

05-10-2024T01:32:04 - [MESSAGE][PASSED] - Text 'UDF2 Label:' is present on page 

05-10-2024T01:32:04 - [TEST_STEP][PASSED] - isRequiredTextPresent = true: null

05-10-2024T01:32:04 - [TEST_STEP][PASSED] - println(isRequiredTextPresent): null

05-10-2024T01:32:04 - [TEST_STEP][PASSED] - if (isRequiredTextPresent): null

05-10-2024T01:32:04 - [TEST_STEP][PASSED] - if (verifyTextPresent("UDF3 Label:", false)): null

05-10-2024T01:32:04 - [MESSAGE][PASSED] - Text 'UDF3 Label:' is present on page 

05-10-2024T01:32:04 - [TEST_STEP][PASSED] - isRequiredTextPresent = true: null

05-10-2024T01:32:04 - [TEST_STEP][PASSED] - println(isRequiredTextPresent): null

05-10-2024T01:32:04 - [TEST_STEP][PASSED] - if (isRequiredTextPresent): null

05-10-2024T01:32:04 - [TEST_STEP][PASSED] - if (verifyTextPresent("UDF4 Label:", false)): null

05-10-2024T01:32:04 - [MESSAGE][PASSED] - Text 'UDF4 Label:' is present on page 

05-10-2024T01:32:04 - [TEST_STEP][PASSED] - isRequiredTextPresent = true: null

05-10-2024T01:32:04 - [TEST_STEP][PASSED] - println(isRequiredTextPresent): null

05-10-2024T01:32:04 - [TEST_STEP][PASSED] - if (isRequiredTextPresent): null

05-10-2024T01:32:04 - [TEST_STEP][PASSED] - if (verifyTextPresent("UDF7 Label:", false)): null

05-10-2024T01:32:05 - [MESSAGE][PASSED] - Text 'UDF7 Label:' is present on page 

05-10-2024T01:32:05 - [TEST_STEP][PASSED] - isRequiredTextPresent = true: null

05-10-2024T01:32:05 - [TEST_STEP][PASSED] - println(isRequiredTextPresent): null

05-10-2024T01:32:05 - [TEST_STEP][PASSED] - if (isRequiredTextPresent): null

05-10-2024T01:32:05 - [TEST_STEP][PASSED] - if (verifyTextPresent("UDF8 Label:", false)): null

05-10-2024T01:32:05 - [MESSAGE][PASSED] - Text 'UDF8 Label:' is present on page 

05-10-2024T01:32:05 - [TEST_STEP][PASSED] - isRequiredTextPresent = true: null

05-10-2024T01:32:05 - [TEST_STEP][PASSED] - println(isRequiredTextPresent): null

05-10-2024T01:32:05 - [TEST_STEP][PASSED] - if (isRequiredTextPresent): null

05-10-2024T01:32:05 - [TEST_STEP][PASSED] - if (verifyTextPresent("UDF9 Label:", false)): null

05-10-2024T01:32:05 - [MESSAGE][PASSED] - Text 'UDF9 Label:' is present on page 

05-10-2024T01:32:05 - [TEST_STEP][PASSED] - isRequiredTextPresent = true: null

05-10-2024T01:32:05 - [TEST_STEP][PASSED] - println(isRequiredTextPresent): null

05-10-2024T01:32:05 - [TEST_STEP][PASSED] - if (isRequiredTextPresent): null

05-10-2024T01:32:05 - [TEST_STEP][PASSED] - if (verifyTextPresent("Transaction Type:", false)): null

05-10-2024T01:32:05 - [MESSAGE][PASSED] - Text 'Transaction Type:' is present on page 

05-10-2024T01:32:05 - [TEST_STEP][PASSED] - isRequiredTextPresent = true: null

05-10-2024T01:32:05 - [TEST_STEP][PASSED] - println(isRequiredTextPresent): null

05-10-2024T01:32:05 - [TEST_STEP][PASSED] - if (isRequiredTextPresent): null

05-10-2024T01:32:05 - [TEST_STEP][PASSED] - if (verifyTextPresent("Check Information:", false)): null

05-10-2024T01:32:06 - [MESSAGE][PASSED] - Text 'Check Information:' is present on page 

05-10-2024T01:32:06 - [TEST_STEP][PASSED] - isRequiredTextPresent = true: null

05-10-2024T01:32:06 - [TEST_STEP][PASSED] - println(isRequiredTextPresent): null

05-10-2024T01:32:06 - [TEST_STEP][PASSED] - if (isRequiredTextPresent): null

05-10-2024T01:32:06 - [TEST_STEP][PASSED] - if (verifyTextPresent("Account Type:", false)): null

05-10-2024T01:32:06 - [MESSAGE][PASSED] - Text 'Account Type:' is present on page 

05-10-2024T01:32:06 - [TEST_STEP][PASSED] - isRequiredTextPresent = true: null

05-10-2024T01:32:06 - [TEST_STEP][PASSED] - println(isRequiredTextPresent): null

05-10-2024T01:32:06 - [TEST_STEP][PASSED] - if (isRequiredTextPresent): null

05-10-2024T01:32:06 - [TEST_STEP][PASSED] - if (verifyTextPresent("Account Number:", false)): null

05-10-2024T01:32:06 - [MESSAGE][PASSED] - Text 'Account Number:' is present on page 

05-10-2024T01:32:06 - [TEST_STEP][PASSED] - isRequiredTextPresent = true: null

05-10-2024T01:32:06 - [TEST_STEP][PASSED] - println(isRequiredTextPresent): null

05-10-2024T01:32:06 - [TEST_STEP][PASSED] - if (isRequiredTextPresent): null

05-10-2024T01:32:06 - [TEST_STEP][PASSED] - if (verifyTextPresent("Routing Number:", false)): null

05-10-2024T01:32:07 - [MESSAGE][PASSED] - Text 'Routing Number:' is present on page 

05-10-2024T01:32:07 - [TEST_STEP][PASSED] - isRequiredTextPresent = true: null

05-10-2024T01:32:07 - [TEST_STEP][PASSED] - println(isRequiredTextPresent): null

05-10-2024T01:32:07 - [TEST_STEP][PASSED] - if (isRequiredTextPresent): null

05-10-2024T01:32:07 - [TEST_STEP][PASSED] - if (verifyTextPresent("Name of Account:", false)): null

05-10-2024T01:32:07 - [MESSAGE][PASSED] - Text 'Name of Account:' is present on page 

05-10-2024T01:32:07 - [TEST_STEP][PASSED] - isRequiredTextPresent = true: null

05-10-2024T01:32:07 - [TEST_STEP][PASSED] - println(isRequiredTextPresent): null

05-10-2024T01:32:07 - [TEST_STEP][PASSED] - if (isRequiredTextPresent): null

05-10-2024T01:32:07 - [TEST_STEP][PASSED] - if (verifyTextPresent("Billing Information:", false)): null

05-10-2024T01:32:07 - [MESSAGE][PASSED] - Text 'Billing Information:' is present on page 

05-10-2024T01:32:07 - [TEST_STEP][PASSED] - isRequiredTextPresent = true: null

05-10-2024T01:32:07 - [TEST_STEP][PASSED] - println(isRequiredTextPresent): null

05-10-2024T01:32:07 - [TEST_STEP][PASSED] - if (isRequiredTextPresent): null

05-10-2024T01:32:07 - [TEST_STEP][PASSED] - if (verifyTextPresent("Address Line 1:", false)): null

05-10-2024T01:32:07 - [MESSAGE][PASSED] - Text 'Address Line 1:' is present on page 

05-10-2024T01:32:07 - [TEST_STEP][PASSED] - isRequiredTextPresent = true: null

05-10-2024T01:32:07 - [TEST_STEP][PASSED] - println(isRequiredTextPresent): null

05-10-2024T01:32:07 - [TEST_STEP][PASSED] - if (isRequiredTextPresent): null

05-10-2024T01:32:07 - [TEST_STEP][PASSED] - if (verifyTextPresent("Address Line 2:", false)): null

05-10-2024T01:32:08 - [MESSAGE][PASSED] - Text 'Address Line 2:' is present on page 

05-10-2024T01:32:08 - [TEST_STEP][PASSED] - isRequiredTextPresent = true: null

05-10-2024T01:32:08 - [TEST_STEP][PASSED] - println(isRequiredTextPresent): null

05-10-2024T01:32:08 - [TEST_STEP][PASSED] - if (isRequiredTextPresent): null

05-10-2024T01:32:08 - [TEST_STEP][PASSED] - if (verifyTextPresent("Country:", false)): null

05-10-2024T01:32:08 - [MESSAGE][PASSED] - Text 'Country:' is present on page 

05-10-2024T01:32:08 - [TEST_STEP][PASSED] - isRequiredTextPresent = true: null

05-10-2024T01:32:08 - [TEST_STEP][PASSED] - println(isRequiredTextPresent): null

05-10-2024T01:32:08 - [TEST_STEP][PASSED] - if (isRequiredTextPresent): null

05-10-2024T01:32:08 - [TEST_STEP][PASSED] - if (verifyTextPresent("City:", false)): null

05-10-2024T01:32:08 - [MESSAGE][PASSED] - Text 'City:' is present on page 

05-10-2024T01:32:08 - [TEST_STEP][PASSED] - isRequiredTextPresent = true: null

05-10-2024T01:32:08 - [TEST_STEP][PASSED] - println(isRequiredTextPresent): null

05-10-2024T01:32:08 - [TEST_STEP][PASSED] - if (isRequiredTextPresent): null

05-10-2024T01:32:08 - [TEST_STEP][PASSED] - if (verifyTextPresent("State:", false)): null

05-10-2024T01:32:08 - [MESSAGE][PASSED] - Text 'State:' is present on page 

05-10-2024T01:32:09 - [TEST_STEP][PASSED] - isRequiredTextPresent = true: null

05-10-2024T01:32:09 - [TEST_STEP][PASSED] - println(isRequiredTextPresent): null

05-10-2024T01:32:09 - [TEST_STEP][PASSED] - if (isRequiredTextPresent): null

05-10-2024T01:32:09 - [TEST_STEP][PASSED] - if (verifyTextPresent("Zip Code:", false)): null

05-10-2024T01:32:09 - [MESSAGE][PASSED] - Text 'Zip Code:' is present on page 

05-10-2024T01:32:09 - [TEST_STEP][PASSED] - isRequiredTextPresent = true: null

05-10-2024T01:32:09 - [TEST_STEP][PASSED] - println(isRequiredTextPresent): null

05-10-2024T01:32:09 - [TEST_STEP][PASSED] - if (isRequiredTextPresent): null

05-10-2024T01:32:09 - [TEST_STEP][PASSED] - if (verifyTextPresent("Plan Information:", false)): null

05-10-2024T01:32:09 - [MESSAGE][PASSED] - Text 'Plan Information:' is present on page 

05-10-2024T01:32:09 - [TEST_STEP][PASSED] - isRequiredTextPresent = true: null

05-10-2024T01:32:09 - [TEST_STEP][PASSED] - println(isRequiredTextPresent): null

05-10-2024T01:32:09 - [TEST_STEP][PASSED] - if (isRequiredTextPresent): null

05-10-2024T01:32:09 - [TEST_STEP][PASSED] - if (verifyTextPresent("Payment Plan Type:", false)): null

05-10-2024T01:32:09 - [MESSAGE][PASSED] - Text 'Payment Plan Type:' is present on page 

05-10-2024T01:32:09 - [TEST_STEP][PASSED] - isRequiredTextPresent = true: null

05-10-2024T01:32:09 - [TEST_STEP][PASSED] - println(isRequiredTextPresent): null

05-10-2024T01:32:09 - [TEST_STEP][PASSED] - if (isRequiredTextPresent): null

05-10-2024T01:32:09 - [TEST_STEP][PASSED] - if (verifyTextPresent("Payment Plan ID:", false)): null

05-10-2024T01:32:10 - [MESSAGE][PASSED] - Text 'Payment Plan ID:' is present on page 

05-10-2024T01:32:10 - [TEST_STEP][PASSED] - isRequiredTextPresent = true: null

05-10-2024T01:32:10 - [TEST_STEP][PASSED] - println(isRequiredTextPresent): null

05-10-2024T01:32:10 - [TEST_STEP][PASSED] - if (isRequiredTextPresent): null

05-10-2024T01:32:10 - [TEST_STEP][PASSED] - if (verifyTextPresent("Start Date:", false)): null

05-10-2024T01:32:10 - [MESSAGE][PASSED] - Text 'Start Date:' is present on page 

05-10-2024T01:32:10 - [TEST_STEP][PASSED] - isRequiredTextPresent = true: null

05-10-2024T01:32:10 - [TEST_STEP][PASSED] - println(isRequiredTextPresent): null

05-10-2024T01:32:10 - [TEST_STEP][PASSED] - if (isRequiredTextPresent == true): pages.WriteExcel.demoKey is PASSED

05-10-2024T01:32:10 - [TEST_STEP][PASSED] - println("All the relevant texts are present on Receipt Page"): null

05-10-2024T01:32:10 - [TEST_STEP][PASSED] - markPassed("All the relevant texts are present on Receipt Page"): All the relevant texts are present on Receipt Page

05-10-2024T01:32:10 - [MESSAGE][PASSED] - All the relevant texts are present on Receipt Page

05-10-2024T01:32:10 - [TEST_STEP][PASSED] - resText = "Pass": null

05-10-2024T01:32:10 - [TEST_STEP][PASSED] - pages.WriteExcel.demoKey(resText, datText, resColumn, datCloumn, fileLoc, nameSheet, row): pages.WriteExcel.demoKey is PASSED

05-10-2024T01:32:10 - [MESSAGE][PASSED] - pages.WriteExcel.demoKey is PASSED

05-10-2024T01:32:10 - [TEST_STEP][PASSED] - closeBrowser(): Browser is closed

05-10-2024T01:32:10 - [MESSAGE][PASSED] - Browser is closed]]></system-out>
         <system-err><![CDATA[]]></system-err>
      </testcase>
      <testcase name="Test Cases/IntegratedWeb/IWP25/Payments/VerifyCreateReceiptLabelsAutoPayPS" time="69.741" classname="Test Cases/IntegratedWeb/IWP25/Payments/VerifyCreateReceiptLabelsAutoPayPS" status="PASSED">
         <system-out><![CDATA[05-10-2024T01:32:10 - [TEST_CASE][PASSED] - Test Cases/IntegratedWeb/IWP25/Payments/VerifyCreateReceiptLabelsAutoPayPS: Test Cases/IntegratedWeb/IWP25/Payments/VerifyCreateReceiptLabelsAutoPayPS

05-10-2024T01:32:11 - [TEST_STEP][PASSED] - resText = "Fail": null

05-10-2024T01:32:11 - [TEST_STEP][PASSED] - resColumn = "Result": null

05-10-2024T01:32:11 - [TEST_STEP][PASSED] - datCloumn = "Date": null

05-10-2024T01:32:11 - [TEST_STEP][PASSED] - fileLoc = "KatalonData/IWPTestData/VRelay25PaymentsExtension.xlsx": null

05-10-2024T01:32:11 - [TEST_STEP][PASSED] - numOfRows = <not implemented yet for class: org.codehaus.groovy.ast.expr.EmptyExpression>: null

05-10-2024T01:32:11 - [TEST_STEP][PASSED] - dataFile = <not implemented yet for class: org.codehaus.groovy.ast.expr.EmptyExpression>: null

05-10-2024T01:32:11 - [TEST_STEP][PASSED] - nameSheet = <not implemented yet for class: org.codehaus.groovy.ast.expr.EmptyExpression>: null

05-10-2024T01:32:11 - [TEST_STEP][PASSED] - dataFileEmulator = <not implemented yet for class: org.codehaus.groovy.ast.expr.EmptyExpression>: null

05-10-2024T01:32:11 - [TEST_STEP][PASSED] - isRequiredTextPresent = false: null

05-10-2024T01:32:11 - [TEST_STEP][PASSED] - nameSheet = "VerifyCreateLabelAutopayPS": null

05-10-2024T01:32:11 - [TEST_STEP][PASSED] - dataFile = getExcelDataWithDefaultSheet("KatalonData/IWPTestData/VRelay25PaymentsExtension.xlsx", nameSheet, true): null

05-10-2024T01:32:11 - [TEST_STEP][PASSED] - dataFileEmulator = "IWPTestData/EmulatorData": null

05-10-2024T01:32:11 - [TEST_STEP][PASSED] - numOfRows = dataFile.getRowNumbers(): null

05-10-2024T01:32:11 - [TEST_STEP][PASSED] - println("Number of Records: " + numOfRows): null

05-10-2024T01:32:11 - [TEST_STEP][PASSED] - for ([row = 1, row <= numOfRows, (row++)]): Browser is closed

05-10-2024T01:32:11 - [TEST_STEP][PASSED] - ExecuteTC = dataFile.getValue("Execute", row): null

05-10-2024T01:32:11 - [TEST_STEP][PASSED] - out.println("Value of Execute is : " + ExecuteTC): null

05-10-2024T01:32:11 - [TEST_STEP][PASSED] - if (ExecuteTC.equalsIgnoreCase("Y")): null

05-10-2024T01:32:11 - [TEST_STEP][PASSED] - out.println("Begin Record Number: " + row): null

05-10-2024T01:32:11 - [TEST_STEP][PASSED] - today = new java.util.Date(): null

05-10-2024T01:32:11 - [TEST_STEP][PASSED] - println(today): null

05-10-2024T01:32:11 - [TEST_STEP][PASSED] - datText = today: null

05-10-2024T01:32:11 - [TEST_STEP][PASSED] - EmulatorDataKey = dataFile.getValue("EmulatorData", row): null

05-10-2024T01:32:11 - [TEST_STEP][PASSED] - out.println("Value of Emulator Key is : " + EmulatorDataKey): null

05-10-2024T01:32:11 - [TEST_STEP][PASSED] - iwpPages.emulatorIWP30.setDataEmulator_DD(EmulatorDataKey): iwpPages.emulatorIWP30.setDataEmulator_DD is PASSED

05-10-2024T01:32:11 - [MESSAGE][INFO] - Starting 'Edge Chromium' driver

05-10-2024T01:32:11 - [MESSAGE][INFO] - User set preference: ['acceptInsecureCerts', 'true']

05-10-2024T01:32:13 - [MESSAGE][INFO] - Action delay is set to 0 milliseconds

05-10-2024T01:32:16 - [MESSAGE][PASSED] - Browser is opened with url: 'https://qa.velocitypayment.com/agency/config.do?action=editor&message_version=2_5'

05-10-2024T01:32:16 - [MESSAGE][PASSED] - Current window maximized

05-10-2024T01:32:17 - [MESSAGE][PASSED] - All options with value '2.5' are selected in object 'Object Repository/IWP30/Page_VRelay30Emulator/MV'  using regular expression

05-10-2024T01:32:18 - [MESSAGE][PASSED] - Text '10.50' is set on object 'Object Repository/IWP30/Page_VRelay30Emulator/Amount'

05-10-2024T01:32:19 - [MESSAGE][PASSED] - Text 'FZaumid9r3J9' is set on object 'Object Repository/IWP30/Page_VRelay30Emulator/CAN'

05-10-2024T01:32:19 - [MESSAGE][PASSED] - Text 'AutoPay' is set on object 'Object Repository/IWP30/Page_VRelay30Emulator/Action'

05-10-2024T01:32:20 - [MESSAGE][PASSED] - Text 'en_US' is set on object 'Object Repository/IWP30/Page_VRelay30Emulator/Lang'

05-10-2024T01:32:20 - [MESSAGE][PASSED] - Text '' is set on object 'Object Repository/IWP30/Page_VRelay30Emulator/Fname'

05-10-2024T01:32:21 - [MESSAGE][PASSED] - Text '' is set on object 'Object Repository/IWP30/Page_VRelay30Emulator/Lname'

05-10-2024T01:32:22 - [MESSAGE][PASSED] - Text '' is set on object 'Object Repository/IWP30/Page_VRelay30Emulator/AL1'

05-10-2024T01:32:22 - [MESSAGE][PASSED] - Text '' is set on object 'Object Repository/IWP30/Page_VRelay30Emulator/AL2'

05-10-2024T01:32:23 - [MESSAGE][PASSED] - Text '' is set on object 'Object Repository/IWP30/Page_VRelay30Emulator/Country'

05-10-2024T01:32:23 - [MESSAGE][PASSED] - Text '' is set on object 'Object Repository/IWP30/Page_VRelay30Emulator/City'

05-10-2024T01:32:24 - [MESSAGE][PASSED] - Text '' is set on object 'Object Repository/IWP30/Page_VRelay30Emulator/State'

05-10-2024T01:32:24 - [MESSAGE][PASSED] - Text '' is set on object 'Object Repository/IWP30/Page_VRelay30Emulator/ZIP'

05-10-2024T01:32:25 - [MESSAGE][PASSED] - Text '' is set on object 'Object Repository/IWP30/Page_VRelay30Emulator/Order'

05-10-2024T01:32:25 - [MESSAGE][PASSED] - Text '' is set on object 'Object Repository/IWP30/Page_VRelay30Emulator/Company'

05-10-2024T01:32:26 - [MESSAGE][PASSED] - Text '' is set on object 'Object Repository/IWP30/Page_VRelay30Emulator/Email'

05-10-2024T01:32:27 - [MESSAGE][PASSED] - Text '' is set on object 'Object Repository/IWP30/Page_VRelay30Emulator/UDF1'

05-10-2024T01:32:27 - [MESSAGE][PASSED] - Text '' is set on object 'Object Repository/IWP30/Page_VRelay30Emulator/UDF2'

05-10-2024T01:32:28 - [MESSAGE][PASSED] - Text '' is set on object 'Object Repository/IWP30/Page_VRelay30Emulator/UDF3'

05-10-2024T01:32:28 - [MESSAGE][PASSED] - Text 'udf data 4' is set on object 'Object Repository/IWP30/Page_VRelay30Emulator/UDF4'

05-10-2024T01:32:29 - [MESSAGE][PASSED] - Text 'udf data 5' is set on object 'Object Repository/IWP30/Page_VRelay30Emulator/UDF5'

05-10-2024T01:32:29 - [MESSAGE][PASSED] - Text '' is set on object 'Object Repository/IWP30/Page_VRelay30Emulator/UDF6'

05-10-2024T01:32:30 - [MESSAGE][PASSED] - Text '' is set on object 'Object Repository/IWP30/Page_VRelay30Emulator/UDF7'

05-10-2024T01:32:31 - [MESSAGE][PASSED] - Text '' is set on object 'Object Repository/IWP30/Page_VRelay30Emulator/UDF8'

05-10-2024T01:32:31 - [MESSAGE][PASSED] - Text 'udf data 9' is set on object 'Object Repository/IWP30/Page_VRelay30Emulator/UDF9'

05-10-2024T01:32:32 - [MESSAGE][PASSED] - Text 'udf data 10' is set on object 'Object Repository/IWP30/Page_VRelay30Emulator/UDF10'

05-10-2024T01:32:33 - [MESSAGE][PASSED] - Object: 'Object Repository/IWP30/Page_VRelay30Emulator/Submit' is clicked on

05-10-2024T01:32:37 - [MESSAGE][PASSED] - Browser is closed

05-10-2024T01:32:41 - [MESSAGE][PASSED] - iwpPages.emulatorIWP30.setDataEmulator_DD is PASSED

05-10-2024T01:32:41 - [TEST_STEP][PASSED] - testHarnessURL = urlTestHarness: null

05-10-2024T01:32:41 - [TEST_STEP][PASSED] - openBrowser(testHarnessURL): Browser is opened with url: 'https://dev-algorithm.govolution.com/vrelaytest/QA/version_2_2/vrelaytest.html'

05-10-2024T01:32:41 - [MESSAGE][INFO] - Starting 'Edge Chromium' driver

05-10-2024T01:32:41 - [MESSAGE][INFO] - User set preference: ['acceptInsecureCerts', 'true']

05-10-2024T01:32:43 - [MESSAGE][INFO] - Action delay is set to 0 milliseconds

05-10-2024T01:32:47 - [MESSAGE][PASSED] - Browser is opened with url: 'https://dev-algorithm.govolution.com/vrelaytest/QA/version_2_2/vrelaytest.html'

05-10-2024T01:32:47 - [TEST_STEP][PASSED] - maximizeWindow(): Current window maximized

05-10-2024T01:32:47 - [MESSAGE][PASSED] - Current window maximized

05-10-2024T01:32:47 - [TEST_STEP][PASSED] - iwpPages.TestHarnessPage.setDataMethodEF(row, dataFile): iwpPages.TestHarnessPage.setDataMethodEF is PASSED

05-10-2024T01:32:47 - [MESSAGE][PASSED] - Object 'Object Repository/IWP30/Page_QATestHarness/RemittanceID' is present

05-10-2024T01:32:48 - [MESSAGE][PASSED] - Text '638' is set on object 'Object Repository/IWP30/Page_QATestHarness/ApplicationID'

05-10-2024T01:32:49 - [MESSAGE][PASSED] - Text '2.5' is set on object 'Object Repository/IWP30/Page_QATestHarness/MessageVersion'

05-10-2024T01:32:49 - [MESSAGE][PASSED] - Text 'L1XHztqw1IAw' is set on object 'Object Repository/IWP30/Page_QATestHarness/RemittanceID'

05-10-2024T01:32:52 - [MESSAGE][PASSED] - Object: 'Object Repository/IWP30/Page_QATestHarness/SubmitButton' is clicked on

05-10-2024T01:32:52 - [MESSAGE][PASSED] - iwpPages.TestHarnessPage.setDataMethodEF is PASSED

05-10-2024T01:32:52 - [TEST_STEP][PASSED] - click(findTestObject("Object Repository/IWP30/Page_SelectPaymentMethod/PayByPersonalCheck")): Object: 'Object Repository/IWP30/Page_SelectPaymentMethod/PayByPersonalCheck' is clicked on

05-10-2024T01:32:53 - [MESSAGE][PASSED] - Object: 'Object Repository/IWP30/Page_SelectPaymentMethod/PayByPersonalCheck' is clicked on

05-10-2024T01:32:53 - [TEST_STEP][PASSED] - click(findTestObject("Object Repository/IWP30/Page_SelectPaymentMethod/MakePaymentButton")): Object: 'Object Repository/IWP30/Page_SelectPaymentMethod/MakePaymentButton' is clicked on

05-10-2024T01:32:54 - [MESSAGE][PASSED] - Object: 'Object Repository/IWP30/Page_SelectPaymentMethod/MakePaymentButton' is clicked on

05-10-2024T01:32:54 - [TEST_STEP][PASSED] - iwpPages.achPersonalPaymentEntryPage.setDataACHPPM(row, dataFile): iwpPages.achPersonalPaymentEntryPage.setDataACHPPM is PASSED

05-10-2024T01:32:55 - [MESSAGE][PASSED] - Object 'Object Repository/IWP30/Page_ACHPersonalPaymentEntry/txt_accountNumber' is present

05-10-2024T01:32:55 - [MESSAGE][PASSED] - Object 'Object Repository/IWP30/Page_ACHPersonalPaymentEntry/txt_UDF2' is present

05-10-2024T01:32:56 - [MESSAGE][PASSED] - Text 'udf data 2' is set on object 'Object Repository/IWP30/Page_ACHPersonalPaymentEntry/txt_UDF2'

05-10-2024T01:32:56 - [MESSAGE][PASSED] - Text 'udf data 3' is set on object 'Object Repository/IWP30/Page_ACHPersonalPaymentEntry/txt_UDF3'

05-10-2024T01:32:57 - [MESSAGE][PASSED] - All options with label 'Orange' are selected in object 'Object Repository/IWP30/Page_ACHPersonalPaymentEntry/dd_UDF7' 

05-10-2024T01:32:57 - [MESSAGE][PASSED] - All options with label 'Soccer' are selected in object 'Object Repository/IWP30/Page_ACHPersonalPaymentEntry/dd_UDF8' 

05-10-2024T01:32:58 - [MESSAGE][PASSED] - Object 'Object Repository/IWP30/Page_ACHPersonalPaymentEntry/txt_Firstname' is present

05-10-2024T01:32:58 - [MESSAGE][PASSED] - Text 'Elizath' is set on object 'Object Repository/IWP30/Page_ACHPersonalPaymentEntry/txt_Firstname'

05-10-2024T01:32:58 - [MESSAGE][PASSED] - Object 'Object Repository/IWP30/Page_ACHPersonalPaymentEntry/txt_Lastname' is present

05-10-2024T01:32:59 - [MESSAGE][PASSED] - Text 'Christine' is set on object 'Object Repository/IWP30/Page_ACHPersonalPaymentEntry/txt_Lastname'

05-10-2024T01:32:59 - [MESSAGE][PASSED] - Object 'Object Repository/IWP30/Page_ACHPersonalPaymentEntry/txt_routingNumber' is present

05-10-2024T01:33:00 - [MESSAGE][PASSED] - Text '256072691' is set on object 'Object Repository/IWP30/Page_ACHPersonalPaymentEntry/txt_routingNumber'

05-10-2024T01:33:00 - [MESSAGE][PASSED] - Object 'Object Repository/IWP30/Page_ACHPersonalPaymentEntry/txt_accountNumber' is present

05-10-2024T01:33:01 - [MESSAGE][PASSED] - Text '12344444' is set on object 'Object Repository/IWP30/Page_ACHPersonalPaymentEntry/txt_accountNumber'

05-10-2024T01:33:02 - [MESSAGE][PASSED] - Object 'Object Repository/IWP30/Page_ACHPersonalPaymentEntry/txt_confirmAccountNumber' is present

05-10-2024T01:33:03 - [MESSAGE][PASSED] - Text '12344444' is set on object 'Object Repository/IWP30/Page_ACHPersonalPaymentEntry/txt_confirmAccountNumber'

05-10-2024T01:33:03 - [MESSAGE][PASSED] - Object 'Object Repository/IWP30/Page_ACHPersonalPaymentEntry/rd_accountType' is present

05-10-2024T01:33:03 - [MESSAGE][PASSED] - Modify property of object successfully

05-10-2024T01:33:03 - [MESSAGE][PASSED] - Object: 'Object Repository/IWP30/Page_ACHPersonalPaymentEntry/rd_accountType' is clicked on

05-10-2024T01:33:04 - [MESSAGE][PASSED] - Text '365 Main Avenue' is set on object 'Object Repository/IWP30/Page_ACHPersonalPaymentEntry/txt_AL1'

05-10-2024T01:33:04 - [MESSAGE][PASSED] - Text 'Ohio' is set on object 'Object Repository/IWP30/Page_ACHPersonalPaymentEntry/txt_AL2'

05-10-2024T01:33:05 - [MESSAGE][PASSED] - Text '22201' is set on object 'Object Repository/IWP30/Page_ACHPersonalPaymentEntry/txt_ZIP'

05-10-2024T01:33:05 - [MESSAGE][PASSED] - Object 'Object Repository/IWP30/Page_ACHPersonalPaymentEntry/txt_Email' is present

05-10-2024T01:33:06 - [MESSAGE][PASSED] - Text 'iahmed@govolution.com' is set on object 'Object Repository/IWP30/Page_ACHPersonalPaymentEntry/txt_Email'

05-10-2024T01:33:06 - [MESSAGE][PASSED] - Object 'Object Repository/IWP30/Page_ACHPersonalPaymentEntry/cb_TermsAndCond' is present

05-10-2024T01:33:07 - [MESSAGE][PASSED] - Object: 'Object Repository/IWP30/Page_ACHPersonalPaymentEntry/cb_TermsAndCond' is clicked on

05-10-2024T01:33:07 - [MESSAGE][PASSED] - Object 'Object Repository/IWP30/Page_ACHPersonalPaymentEntry/btn_Continue' is present

05-10-2024T01:33:08 - [MESSAGE][PASSED] - Object: 'Object Repository/IWP30/Page_ACHPersonalPaymentEntry/btn_Continue' is clicked on

05-10-2024T01:33:08 - [MESSAGE][PASSED] - iwpPages.achPersonalPaymentEntryPage.setDataACHPPM is PASSED

05-10-2024T01:33:08 - [TEST_STEP][PASSED] - click(findTestObject("Object Repository/IWP30/Page_Confirmation/ConfirmButton")): Object: 'Object Repository/IWP30/Page_Confirmation/ConfirmButton' is clicked on

05-10-2024T01:33:10 - [MESSAGE][PASSED] - Object: 'Object Repository/IWP30/Page_Confirmation/ConfirmButton' is clicked on

05-10-2024T01:33:10 - [TEST_STEP][PASSED] - Thread.sleep(2000): null

05-10-2024T01:33:12 - [TEST_STEP][PASSED] - if (verifyTextPresent("AutoPay", false)): null

05-10-2024T01:33:12 - [MESSAGE][PASSED] - Text 'AutoPay' is present on page 

05-10-2024T01:33:12 - [TEST_STEP][PASSED] - if (verifyTextPresent("Your payment plan has been successfully created", false)): null

05-10-2024T01:33:12 - [MESSAGE][PASSED] - Text 'Your payment plan has been successfully created' is present on page 

05-10-2024T01:33:12 - [TEST_STEP][PASSED] - isRequiredTextPresent = true: null

05-10-2024T01:33:12 - [TEST_STEP][PASSED] - println(isRequiredTextPresent): null

05-10-2024T01:33:12 - [TEST_STEP][PASSED] - if (isRequiredTextPresent): null

05-10-2024T01:33:12 - [TEST_STEP][PASSED] - if (verifyTextPresent("CAN Label:", false)): null

05-10-2024T01:33:13 - [MESSAGE][PASSED] - Text 'CAN Label:' is present on page 

05-10-2024T01:33:13 - [TEST_STEP][PASSED] - isRequiredTextPresent = true: null

05-10-2024T01:33:13 - [TEST_STEP][PASSED] - println(isRequiredTextPresent): null

05-10-2024T01:33:13 - [TEST_STEP][PASSED] - if (isRequiredTextPresent): null

05-10-2024T01:33:13 - [TEST_STEP][PASSED] - if (verifyTextPresent("Remittance ID:", false)): null

05-10-2024T01:33:13 - [MESSAGE][PASSED] - Text 'Remittance ID:' is present on page 

05-10-2024T01:33:13 - [TEST_STEP][PASSED] - isRequiredTextPresent = true: null

05-10-2024T01:33:13 - [TEST_STEP][PASSED] - println(isRequiredTextPresent): null

05-10-2024T01:33:13 - [TEST_STEP][PASSED] - if (isRequiredTextPresent): null

05-10-2024T01:33:13 - [TEST_STEP][PASSED] - if (verifyTextPresent("UDF2 Label:", false)): null

05-10-2024T01:33:13 - [MESSAGE][PASSED] - Text 'UDF2 Label:' is present on page 

05-10-2024T01:33:13 - [TEST_STEP][PASSED] - isRequiredTextPresent = true: null

05-10-2024T01:33:13 - [TEST_STEP][PASSED] - println(isRequiredTextPresent): null

05-10-2024T01:33:13 - [TEST_STEP][PASSED] - if (isRequiredTextPresent): null

05-10-2024T01:33:13 - [TEST_STEP][PASSED] - if (verifyTextPresent("UDF3 Label:", false)): null

05-10-2024T01:33:14 - [MESSAGE][PASSED] - Text 'UDF3 Label:' is present on page 

05-10-2024T01:33:14 - [TEST_STEP][PASSED] - isRequiredTextPresent = true: null

05-10-2024T01:33:14 - [TEST_STEP][PASSED] - println(isRequiredTextPresent): null

05-10-2024T01:33:14 - [TEST_STEP][PASSED] - if (isRequiredTextPresent): null

05-10-2024T01:33:14 - [TEST_STEP][PASSED] - if (verifyTextPresent("UDF4 Label:", false)): null

05-10-2024T01:33:14 - [MESSAGE][PASSED] - Text 'UDF4 Label:' is present on page 

05-10-2024T01:33:14 - [TEST_STEP][PASSED] - isRequiredTextPresent = true: null

05-10-2024T01:33:14 - [TEST_STEP][PASSED] - println(isRequiredTextPresent): null

05-10-2024T01:33:14 - [TEST_STEP][PASSED] - if (isRequiredTextPresent): null

05-10-2024T01:33:14 - [TEST_STEP][PASSED] - if (verifyTextPresent("UDF7 Label:", false)): null

05-10-2024T01:33:14 - [MESSAGE][PASSED] - Text 'UDF7 Label:' is present on page 

05-10-2024T01:33:14 - [TEST_STEP][PASSED] - isRequiredTextPresent = true: null

05-10-2024T01:33:14 - [TEST_STEP][PASSED] - println(isRequiredTextPresent): null

05-10-2024T01:33:14 - [TEST_STEP][PASSED] - if (isRequiredTextPresent): null

05-10-2024T01:33:14 - [TEST_STEP][PASSED] - if (verifyTextPresent("UDF8 Label:", false)): null

05-10-2024T01:33:14 - [MESSAGE][PASSED] - Text 'UDF8 Label:' is present on page 

05-10-2024T01:33:14 - [TEST_STEP][PASSED] - isRequiredTextPresent = true: null

05-10-2024T01:33:15 - [TEST_STEP][PASSED] - println(isRequiredTextPresent): null

05-10-2024T01:33:15 - [TEST_STEP][PASSED] - if (isRequiredTextPresent): null

05-10-2024T01:33:15 - [TEST_STEP][PASSED] - if (verifyTextPresent("UDF9 Label:", false)): null

05-10-2024T01:33:15 - [MESSAGE][PASSED] - Text 'UDF9 Label:' is present on page 

05-10-2024T01:33:15 - [TEST_STEP][PASSED] - isRequiredTextPresent = true: null

05-10-2024T01:33:15 - [TEST_STEP][PASSED] - println(isRequiredTextPresent): null

05-10-2024T01:33:15 - [TEST_STEP][PASSED] - if (isRequiredTextPresent): null

05-10-2024T01:33:15 - [TEST_STEP][PASSED] - if (verifyTextPresent("Transaction Type:", false)): null

05-10-2024T01:33:15 - [MESSAGE][PASSED] - Text 'Transaction Type:' is present on page 

05-10-2024T01:33:15 - [TEST_STEP][PASSED] - isRequiredTextPresent = true: null

05-10-2024T01:33:15 - [TEST_STEP][PASSED] - println(isRequiredTextPresent): null

05-10-2024T01:33:15 - [TEST_STEP][PASSED] - if (isRequiredTextPresent): null

05-10-2024T01:33:15 - [TEST_STEP][PASSED] - if (verifyTextPresent("Check Information:", false)): null

05-10-2024T01:33:15 - [MESSAGE][PASSED] - Text 'Check Information:' is present on page 

05-10-2024T01:33:15 - [TEST_STEP][PASSED] - isRequiredTextPresent = true: null

05-10-2024T01:33:15 - [TEST_STEP][PASSED] - println(isRequiredTextPresent): null

05-10-2024T01:33:15 - [TEST_STEP][PASSED] - if (isRequiredTextPresent): null

05-10-2024T01:33:15 - [TEST_STEP][PASSED] - if (verifyTextPresent("Account Type:", false)): null

05-10-2024T01:33:16 - [MESSAGE][PASSED] - Text 'Account Type:' is present on page 

05-10-2024T01:33:16 - [TEST_STEP][PASSED] - isRequiredTextPresent = true: null

05-10-2024T01:33:16 - [TEST_STEP][PASSED] - println(isRequiredTextPresent): null

05-10-2024T01:33:16 - [TEST_STEP][PASSED] - if (isRequiredTextPresent): null

05-10-2024T01:33:16 - [TEST_STEP][PASSED] - if (verifyTextPresent("Account Number:", false)): null

05-10-2024T01:33:16 - [MESSAGE][PASSED] - Text 'Account Number:' is present on page 

05-10-2024T01:33:16 - [TEST_STEP][PASSED] - isRequiredTextPresent = true: null

05-10-2024T01:33:16 - [TEST_STEP][PASSED] - println(isRequiredTextPresent): null

05-10-2024T01:33:16 - [TEST_STEP][PASSED] - if (isRequiredTextPresent): null

05-10-2024T01:33:16 - [TEST_STEP][PASSED] - if (verifyTextPresent("Routing Number:", false)): null

05-10-2024T01:33:16 - [MESSAGE][PASSED] - Text 'Routing Number:' is present on page 

05-10-2024T01:33:16 - [TEST_STEP][PASSED] - isRequiredTextPresent = true: null

05-10-2024T01:33:16 - [TEST_STEP][PASSED] - println(isRequiredTextPresent): null

05-10-2024T01:33:16 - [TEST_STEP][PASSED] - if (isRequiredTextPresent): null

05-10-2024T01:33:16 - [TEST_STEP][PASSED] - if (verifyTextPresent("Name of Account:", false)): null

05-10-2024T01:33:16 - [MESSAGE][PASSED] - Text 'Name of Account:' is present on page 

05-10-2024T01:33:16 - [TEST_STEP][PASSED] - isRequiredTextPresent = true: null

05-10-2024T01:33:16 - [TEST_STEP][PASSED] - println(isRequiredTextPresent): null

05-10-2024T01:33:16 - [TEST_STEP][PASSED] - if (isRequiredTextPresent): null

05-10-2024T01:33:16 - [TEST_STEP][PASSED] - if (verifyTextPresent("Billing Information:", false)): null

05-10-2024T01:33:17 - [MESSAGE][PASSED] - Text 'Billing Information:' is present on page 

05-10-2024T01:33:17 - [TEST_STEP][PASSED] - isRequiredTextPresent = true: null

05-10-2024T01:33:17 - [TEST_STEP][PASSED] - println(isRequiredTextPresent): null

05-10-2024T01:33:17 - [TEST_STEP][PASSED] - if (isRequiredTextPresent): null

05-10-2024T01:33:17 - [TEST_STEP][PASSED] - if (verifyTextPresent("Address Line 1:", false)): null

05-10-2024T01:33:17 - [MESSAGE][PASSED] - Text 'Address Line 1:' is present on page 

05-10-2024T01:33:17 - [TEST_STEP][PASSED] - isRequiredTextPresent = true: null

05-10-2024T01:33:17 - [TEST_STEP][PASSED] - println(isRequiredTextPresent): null

05-10-2024T01:33:17 - [TEST_STEP][PASSED] - if (isRequiredTextPresent): null

05-10-2024T01:33:17 - [TEST_STEP][PASSED] - if (verifyTextPresent("Address Line 2:", false)): null

05-10-2024T01:33:17 - [MESSAGE][PASSED] - Text 'Address Line 2:' is present on page 

05-10-2024T01:33:17 - [TEST_STEP][PASSED] - isRequiredTextPresent = true: null

05-10-2024T01:33:17 - [TEST_STEP][PASSED] - println(isRequiredTextPresent): null

05-10-2024T01:33:17 - [TEST_STEP][PASSED] - if (isRequiredTextPresent): null

05-10-2024T01:33:17 - [TEST_STEP][PASSED] - if (verifyTextPresent("Country:", false)): null

05-10-2024T01:33:18 - [MESSAGE][PASSED] - Text 'Country:' is present on page 

05-10-2024T01:33:18 - [TEST_STEP][PASSED] - isRequiredTextPresent = true: null

05-10-2024T01:33:18 - [TEST_STEP][PASSED] - println(isRequiredTextPresent): null

05-10-2024T01:33:18 - [TEST_STEP][PASSED] - if (isRequiredTextPresent): null

05-10-2024T01:33:18 - [TEST_STEP][PASSED] - if (verifyTextPresent("City:", false)): null

05-10-2024T01:33:18 - [MESSAGE][PASSED] - Text 'City:' is present on page 

05-10-2024T01:33:18 - [TEST_STEP][PASSED] - isRequiredTextPresent = true: null

05-10-2024T01:33:18 - [TEST_STEP][PASSED] - println(isRequiredTextPresent): null

05-10-2024T01:33:18 - [TEST_STEP][PASSED] - if (isRequiredTextPresent): null

05-10-2024T01:33:18 - [TEST_STEP][PASSED] - if (verifyTextPresent("State:", false)): null

05-10-2024T01:33:18 - [MESSAGE][PASSED] - Text 'State:' is present on page 

05-10-2024T01:33:18 - [TEST_STEP][PASSED] - isRequiredTextPresent = true: null

05-10-2024T01:33:18 - [TEST_STEP][PASSED] - println(isRequiredTextPresent): null

05-10-2024T01:33:18 - [TEST_STEP][PASSED] - if (isRequiredTextPresent): null

05-10-2024T01:33:18 - [TEST_STEP][PASSED] - if (verifyTextPresent("Zip Code:", false)): null

05-10-2024T01:33:18 - [MESSAGE][PASSED] - Text 'Zip Code:' is present on page 

05-10-2024T01:33:18 - [TEST_STEP][PASSED] - isRequiredTextPresent = true: null

05-10-2024T01:33:18 - [TEST_STEP][PASSED] - println(isRequiredTextPresent): null

05-10-2024T01:33:18 - [TEST_STEP][PASSED] - if (isRequiredTextPresent): null

05-10-2024T01:33:18 - [TEST_STEP][PASSED] - if (verifyTextPresent("Plan Information:", false)): null

05-10-2024T01:33:19 - [MESSAGE][PASSED] - Text 'Plan Information:' is present on page 

05-10-2024T01:33:19 - [TEST_STEP][PASSED] - isRequiredTextPresent = true: null

05-10-2024T01:33:19 - [TEST_STEP][PASSED] - println(isRequiredTextPresent): null

05-10-2024T01:33:19 - [TEST_STEP][PASSED] - if (isRequiredTextPresent): null

05-10-2024T01:33:19 - [TEST_STEP][PASSED] - if (verifyTextPresent("Payment Plan Type:", false)): null

05-10-2024T01:33:19 - [MESSAGE][PASSED] - Text 'Payment Plan Type:' is present on page 

05-10-2024T01:33:19 - [TEST_STEP][PASSED] - isRequiredTextPresent = true: null

05-10-2024T01:33:19 - [TEST_STEP][PASSED] - println(isRequiredTextPresent): null

05-10-2024T01:33:19 - [TEST_STEP][PASSED] - if (isRequiredTextPresent): null

05-10-2024T01:33:19 - [TEST_STEP][PASSED] - if (verifyTextPresent("Payment Plan ID:", false)): null

05-10-2024T01:33:19 - [MESSAGE][PASSED] - Text 'Payment Plan ID:' is present on page 

05-10-2024T01:33:19 - [TEST_STEP][PASSED] - isRequiredTextPresent = true: null

05-10-2024T01:33:19 - [TEST_STEP][PASSED] - println(isRequiredTextPresent): null

05-10-2024T01:33:19 - [TEST_STEP][PASSED] - if (isRequiredTextPresent): null

05-10-2024T01:33:19 - [TEST_STEP][PASSED] - if (verifyTextPresent("Start Date:", false)): null

05-10-2024T01:33:20 - [MESSAGE][PASSED] - Text 'Start Date:' is present on page 

05-10-2024T01:33:20 - [TEST_STEP][PASSED] - isRequiredTextPresent = true: null

05-10-2024T01:33:20 - [TEST_STEP][PASSED] - println(isRequiredTextPresent): null

05-10-2024T01:33:20 - [TEST_STEP][PASSED] - if (isRequiredTextPresent == true): pages.WriteExcel.demoKey is PASSED

05-10-2024T01:33:20 - [TEST_STEP][PASSED] - println("All the relevant texts are present on Receipt Page"): null

05-10-2024T01:33:20 - [TEST_STEP][PASSED] - markPassed("All the relevant texts are present on Receipt Page"): All the relevant texts are present on Receipt Page

05-10-2024T01:33:20 - [MESSAGE][PASSED] - All the relevant texts are present on Receipt Page

05-10-2024T01:33:20 - [TEST_STEP][PASSED] - resText = "Pass": null

05-10-2024T01:33:20 - [TEST_STEP][PASSED] - pages.WriteExcel.demoKey(resText, datText, resColumn, datCloumn, fileLoc, nameSheet, row): pages.WriteExcel.demoKey is PASSED

05-10-2024T01:33:20 - [MESSAGE][PASSED] - pages.WriteExcel.demoKey is PASSED

05-10-2024T01:33:20 - [TEST_STEP][PASSED] - closeBrowser(): Browser is closed

05-10-2024T01:33:20 - [MESSAGE][PASSED] - Browser is closed]]></system-out>
         <system-err><![CDATA[]]></system-err>
      </testcase>
      <testcase name="Test Cases/IntegratedWeb/IWP25/Payments/VerifyCreateReceiptLabelsDeferredCC" time="68.505" classname="Test Cases/IntegratedWeb/IWP25/Payments/VerifyCreateReceiptLabelsDeferredCC" status="PASSED">
         <system-out><![CDATA[05-10-2024T01:33:20 - [TEST_CASE][PASSED] - Test Cases/IntegratedWeb/IWP25/Payments/VerifyCreateReceiptLabelsDeferredCC: Test Cases/IntegratedWeb/IWP25/Payments/VerifyCreateReceiptLabelsDeferredCC

05-10-2024T01:33:20 - [TEST_STEP][PASSED] - resText = "Fail": null

05-10-2024T01:33:20 - [TEST_STEP][PASSED] - resColumn = "Result": null

05-10-2024T01:33:20 - [TEST_STEP][PASSED] - datCloumn = "Date": null

05-10-2024T01:33:20 - [TEST_STEP][PASSED] - fileLoc = "KatalonData/IWPTestData/VRelay25PaymentsExtension.xlsx": null

05-10-2024T01:33:20 - [TEST_STEP][PASSED] - numOfRows = <not implemented yet for class: org.codehaus.groovy.ast.expr.EmptyExpression>: null

05-10-2024T01:33:20 - [TEST_STEP][PASSED] - dataFile = <not implemented yet for class: org.codehaus.groovy.ast.expr.EmptyExpression>: null

05-10-2024T01:33:20 - [TEST_STEP][PASSED] - nameSheet = <not implemented yet for class: org.codehaus.groovy.ast.expr.EmptyExpression>: null

05-10-2024T01:33:20 - [TEST_STEP][PASSED] - dataFileEmulator = <not implemented yet for class: org.codehaus.groovy.ast.expr.EmptyExpression>: null

05-10-2024T01:33:20 - [TEST_STEP][PASSED] - isRequiredTextPresent = false: null

05-10-2024T01:33:20 - [TEST_STEP][PASSED] - nameSheet = "VerifyCreateLabelDeferredCredit": null

05-10-2024T01:33:20 - [TEST_STEP][PASSED] - dataFile = getExcelDataWithDefaultSheet("KatalonData/IWPTestData/VRelay25PaymentsExtension.xlsx", nameSheet, true): null

05-10-2024T01:33:20 - [TEST_STEP][PASSED] - dataFileEmulator = "IWPTestData/EmulatorData": null

05-10-2024T01:33:20 - [TEST_STEP][PASSED] - numOfRows = dataFile.getRowNumbers(): null

05-10-2024T01:33:20 - [TEST_STEP][PASSED] - println("Number of Records: " + numOfRows): null

05-10-2024T01:33:20 - [TEST_STEP][PASSED] - for ([row = 1, row <= numOfRows, (row++)]): Browser is closed

05-10-2024T01:33:20 - [TEST_STEP][PASSED] - ExecuteTC = dataFile.getValue("Execute", row): null

05-10-2024T01:33:20 - [TEST_STEP][PASSED] - out.println("Value of Execute is : " + ExecuteTC): null

05-10-2024T01:33:20 - [TEST_STEP][PASSED] - if (ExecuteTC.equalsIgnoreCase("Y")): null

05-10-2024T01:33:20 - [TEST_STEP][PASSED] - out.println("Begin Record Number: " + row): null

05-10-2024T01:33:20 - [TEST_STEP][PASSED] - today = new java.util.Date(): null

05-10-2024T01:33:20 - [TEST_STEP][PASSED] - println(today): null

05-10-2024T01:33:20 - [TEST_STEP][PASSED] - datText = today: null

05-10-2024T01:33:20 - [TEST_STEP][PASSED] - EmulatorDataKey = dataFile.getValue("EmulatorData", row): null

05-10-2024T01:33:20 - [TEST_STEP][PASSED] - out.println("Value of Emulator Key is : " + EmulatorDataKey): null

05-10-2024T01:33:20 - [TEST_STEP][PASSED] - iwpPages.emulatorIWP30.setDataEmulator_DD(EmulatorDataKey): iwpPages.emulatorIWP30.setDataEmulator_DD is PASSED

05-10-2024T01:33:20 - [MESSAGE][INFO] - Starting 'Edge Chromium' driver

05-10-2024T01:33:20 - [MESSAGE][INFO] - User set preference: ['acceptInsecureCerts', 'true']

05-10-2024T01:33:23 - [MESSAGE][INFO] - Action delay is set to 0 milliseconds

05-10-2024T01:33:25 - [MESSAGE][PASSED] - Browser is opened with url: 'https://qa.velocitypayment.com/agency/config.do?action=editor&message_version=2_5'

05-10-2024T01:33:26 - [MESSAGE][PASSED] - Current window maximized

05-10-2024T01:33:27 - [MESSAGE][PASSED] - All options with value '2.5' are selected in object 'Object Repository/IWP30/Page_VRelay30Emulator/MV'  using regular expression

05-10-2024T01:33:27 - [MESSAGE][PASSED] - Text '10.50' is set on object 'Object Repository/IWP30/Page_VRelay30Emulator/Amount'

05-10-2024T01:33:28 - [MESSAGE][PASSED] - Text 'ZQQmE6e5FHq1' is set on object 'Object Repository/IWP30/Page_VRelay30Emulator/CAN'

05-10-2024T01:33:29 - [MESSAGE][PASSED] - Text 'PayNow' is set on object 'Object Repository/IWP30/Page_VRelay30Emulator/Action'

05-10-2024T01:33:29 - [MESSAGE][PASSED] - Text 'en_US' is set on object 'Object Repository/IWP30/Page_VRelay30Emulator/Lang'

05-10-2024T01:33:30 - [MESSAGE][PASSED] - Text '' is set on object 'Object Repository/IWP30/Page_VRelay30Emulator/Fname'

05-10-2024T01:33:30 - [MESSAGE][PASSED] - Text '' is set on object 'Object Repository/IWP30/Page_VRelay30Emulator/Lname'

05-10-2024T01:33:31 - [MESSAGE][PASSED] - Text '' is set on object 'Object Repository/IWP30/Page_VRelay30Emulator/AL1'

05-10-2024T01:33:31 - [MESSAGE][PASSED] - Text '' is set on object 'Object Repository/IWP30/Page_VRelay30Emulator/AL2'

05-10-2024T01:33:32 - [MESSAGE][PASSED] - Text '' is set on object 'Object Repository/IWP30/Page_VRelay30Emulator/Country'

05-10-2024T01:33:33 - [MESSAGE][PASSED] - Text '' is set on object 'Object Repository/IWP30/Page_VRelay30Emulator/City'

05-10-2024T01:33:33 - [MESSAGE][PASSED] - Text '' is set on object 'Object Repository/IWP30/Page_VRelay30Emulator/State'

05-10-2024T01:33:34 - [MESSAGE][PASSED] - Text '' is set on object 'Object Repository/IWP30/Page_VRelay30Emulator/ZIP'

05-10-2024T01:33:34 - [MESSAGE][PASSED] - Text '' is set on object 'Object Repository/IWP30/Page_VRelay30Emulator/Order'

05-10-2024T01:33:35 - [MESSAGE][PASSED] - Text '' is set on object 'Object Repository/IWP30/Page_VRelay30Emulator/Company'

05-10-2024T01:33:35 - [MESSAGE][PASSED] - Text '' is set on object 'Object Repository/IWP30/Page_VRelay30Emulator/Email'

05-10-2024T01:33:36 - [MESSAGE][PASSED] - Text '' is set on object 'Object Repository/IWP30/Page_VRelay30Emulator/UDF1'

05-10-2024T01:33:37 - [MESSAGE][PASSED] - Text '' is set on object 'Object Repository/IWP30/Page_VRelay30Emulator/UDF2'

05-10-2024T01:33:37 - [MESSAGE][PASSED] - Text '' is set on object 'Object Repository/IWP30/Page_VRelay30Emulator/UDF3'

05-10-2024T01:33:38 - [MESSAGE][PASSED] - Text 'udf data 4' is set on object 'Object Repository/IWP30/Page_VRelay30Emulator/UDF4'

05-10-2024T01:33:38 - [MESSAGE][PASSED] - Text 'udf data 5' is set on object 'Object Repository/IWP30/Page_VRelay30Emulator/UDF5'

05-10-2024T01:33:39 - [MESSAGE][PASSED] - Text '' is set on object 'Object Repository/IWP30/Page_VRelay30Emulator/UDF6'

05-10-2024T01:33:39 - [MESSAGE][PASSED] - Text '' is set on object 'Object Repository/IWP30/Page_VRelay30Emulator/UDF7'

05-10-2024T01:33:40 - [MESSAGE][PASSED] - Text '' is set on object 'Object Repository/IWP30/Page_VRelay30Emulator/UDF8'

05-10-2024T01:33:41 - [MESSAGE][PASSED] - Text 'udf data 9' is set on object 'Object Repository/IWP30/Page_VRelay30Emulator/UDF9'

05-10-2024T01:33:41 - [MESSAGE][PASSED] - Text 'udf data 10' is set on object 'Object Repository/IWP30/Page_VRelay30Emulator/UDF10'

05-10-2024T01:33:42 - [MESSAGE][PASSED] - Object: 'Object Repository/IWP30/Page_VRelay30Emulator/Submit' is clicked on

05-10-2024T01:33:47 - [MESSAGE][PASSED] - Browser is closed

05-10-2024T01:33:51 - [MESSAGE][PASSED] - iwpPages.emulatorIWP30.setDataEmulator_DD is PASSED

05-10-2024T01:33:51 - [TEST_STEP][PASSED] - testHarnessURL = urlTestHarness: null

05-10-2024T01:33:51 - [TEST_STEP][PASSED] - openBrowser(testHarnessURL): Browser is opened with url: 'https://dev-algorithm.govolution.com/vrelaytest/QA/version_2_2/vrelaytest.html'

05-10-2024T01:33:51 - [MESSAGE][INFO] - Starting 'Edge Chromium' driver

05-10-2024T01:33:51 - [MESSAGE][INFO] - User set preference: ['acceptInsecureCerts', 'true']

05-10-2024T01:33:53 - [MESSAGE][INFO] - Action delay is set to 0 milliseconds

05-10-2024T01:33:56 - [MESSAGE][PASSED] - Browser is opened with url: 'https://dev-algorithm.govolution.com/vrelaytest/QA/version_2_2/vrelaytest.html'

05-10-2024T01:33:56 - [TEST_STEP][PASSED] - maximizeWindow(): Current window maximized

05-10-2024T01:33:56 - [MESSAGE][PASSED] - Current window maximized

05-10-2024T01:33:56 - [TEST_STEP][PASSED] - iwpPages.TestHarnessPage.setDataMethodEF(row, dataFile): iwpPages.TestHarnessPage.setDataMethodEF is PASSED

05-10-2024T01:33:56 - [MESSAGE][PASSED] - Object 'Object Repository/IWP30/Page_QATestHarness/RemittanceID' is present

05-10-2024T01:33:57 - [MESSAGE][PASSED] - Text '638' is set on object 'Object Repository/IWP30/Page_QATestHarness/ApplicationID'

05-10-2024T01:33:58 - [MESSAGE][PASSED] - Text '2.5' is set on object 'Object Repository/IWP30/Page_QATestHarness/MessageVersion'

05-10-2024T01:33:58 - [MESSAGE][PASSED] - Text '0W9YMjkSSOBH' is set on object 'Object Repository/IWP30/Page_QATestHarness/RemittanceID'

05-10-2024T01:34:01 - [MESSAGE][PASSED] - Object: 'Object Repository/IWP30/Page_QATestHarness/SubmitButton' is clicked on

05-10-2024T01:34:01 - [MESSAGE][PASSED] - iwpPages.TestHarnessPage.setDataMethodEF is PASSED

05-10-2024T01:34:01 - [TEST_STEP][PASSED] - click(findTestObject("Object Repository/IWP30/Page_SelectPaymentMethod/PayByCreditCard")): Object: 'Object Repository/IWP30/Page_SelectPaymentMethod/PayByCreditCard' is clicked on

05-10-2024T01:34:02 - [MESSAGE][PASSED] - Object: 'Object Repository/IWP30/Page_SelectPaymentMethod/PayByCreditCard' is clicked on

05-10-2024T01:34:02 - [TEST_STEP][PASSED] - click(findTestObject("Object Repository/IWP30/Page_SelectPaymentMethod/MakePaymentButton")): Object: 'Object Repository/IWP30/Page_SelectPaymentMethod/MakePaymentButton' is clicked on

05-10-2024T01:34:03 - [MESSAGE][PASSED] - Object: 'Object Repository/IWP30/Page_SelectPaymentMethod/MakePaymentButton' is clicked on

05-10-2024T01:34:03 - [TEST_STEP][PASSED] - iwpPages.ccPaymentEntryPage.setDataCCPM(row, dataFile): iwpPages.ccPaymentEntryPage.setDataCCPM is PASSED

05-10-2024T01:34:03 - [MESSAGE][PASSED] - Object 'Object Repository/IWP30/Page_CCPaymentEntry/Name' is present

05-10-2024T01:34:04 - [MESSAGE][PASSED] - Text '10.50' is set on object 'Object Repository/IWP30/Page_CCPaymentEntry/Amount'

05-10-2024T01:34:05 - [MESSAGE][PASSED] - Text 'udf data 2' is set on object 'Object Repository/IWP30/Page_CCPaymentEntry/UserDefined2'

05-10-2024T01:34:05 - [MESSAGE][PASSED] - Text 'udf data 3' is set on object 'Object Repository/IWP30/Page_CCPaymentEntry/UserDefined3'

05-10-2024T01:34:06 - [MESSAGE][PASSED] - All options with label 'Orange' are selected in object 'Object Repository/IWP30/Page_CCPaymentEntry/UserDefined7' 

05-10-2024T01:34:06 - [MESSAGE][PASSED] - All options with label 'Soccer' are selected in object 'Object Repository/IWP30/Page_CCPaymentEntry/UserDefined8' 

05-10-2024T01:34:07 - [MESSAGE][PASSED] - Object 'Object Repository/IWP30/Page_CCPaymentEntry/Name' is present

05-10-2024T01:34:07 - [MESSAGE][PASSED] - Text 'Kavita Ranawati' is set on object 'Object Repository/IWP30/Page_CCPaymentEntry/Name'

05-10-2024T01:34:07 - [MESSAGE][PASSED] - Object 'Object Repository/IWP30/Page_CCPaymentEntry/CardNumber' is present

05-10-2024T01:34:08 - [MESSAGE][PASSED] - Text '4111111111111111' is set on object 'Object Repository/IWP30/Page_CCPaymentEntry/CardNumber'

05-10-2024T01:34:09 - [MESSAGE][PASSED] - Text '123' is set on object 'Object Repository/IWP30/Page_CCPaymentEntry/SPC'

05-10-2024T01:34:10 - [MESSAGE][PASSED] - Object 'Object Repository/IWP30/Page_CCPaymentEntry/Month' is present

05-10-2024T01:34:10 - [MESSAGE][PASSED] - All options with label '01' are selected in object 'Object Repository/IWP30/Page_CCPaymentEntry/Month' 

05-10-2024T01:34:10 - [MESSAGE][PASSED] - Object 'Object Repository/IWP30/Page_CCPaymentEntry/Year' is present

05-10-2024T01:34:11 - [MESSAGE][PASSED] - All options with label '2028' are selected in object 'Object Repository/IWP30/Page_CCPaymentEntry/Year' 

05-10-2024T01:34:11 - [MESSAGE][PASSED] - Execute JavaScript '
				   document.getElementById('processDate').value = '08/09/2025'
				  ' successfully

05-10-2024T01:34:12 - [MESSAGE][PASSED] - Text '365 Main Avenue' is set on object 'Object Repository/IWP30/Page_CCPaymentEntry/AL1'

05-10-2024T01:34:12 - [MESSAGE][PASSED] - Text 'Ohio' is set on object 'Object Repository/IWP30/Page_CCPaymentEntry/AL2'

05-10-2024T01:34:13 - [MESSAGE][PASSED] - Text '22201' is set on object 'Object Repository/IWP30/Page_CCPaymentEntry/ZIP'

05-10-2024T01:34:13 - [MESSAGE][PASSED] - Object 'Object Repository/IWP30/Page_CCPaymentEntry/EmailAddress' is present

05-10-2024T01:34:14 - [MESSAGE][PASSED] - Text 'iahmed@govolution.com' is set on object 'Object Repository/IWP30/Page_CCPaymentEntry/EmailAddress'

05-10-2024T01:34:14 - [MESSAGE][PASSED] - Object 'Object Repository/IWP30/Page_CCPaymentEntry/TermCondCheckBox' is present

05-10-2024T01:34:15 - [MESSAGE][PASSED] - Object 'Object Repository/IWP30/Page_CCPaymentEntry/TermCondCheckBox' is checked

05-10-2024T01:34:15 - [MESSAGE][PASSED] - Object 'Object Repository/IWP30/Page_CCPaymentEntry/ContinueButton' is present

05-10-2024T01:34:16 - [MESSAGE][PASSED] - Object: 'Object Repository/IWP30/Page_CCPaymentEntry/ContinueButton' is clicked on

05-10-2024T01:34:16 - [MESSAGE][PASSED] - iwpPages.ccPaymentEntryPage.setDataCCPM is PASSED

05-10-2024T01:34:16 - [TEST_STEP][PASSED] - click(findTestObject("Object Repository/IWP30/Page_Confirmation/ConfirmButton")): Object: 'Object Repository/IWP30/Page_Confirmation/ConfirmButton' is clicked on

05-10-2024T01:34:18 - [MESSAGE][PASSED] - Object: 'Object Repository/IWP30/Page_Confirmation/ConfirmButton' is clicked on

05-10-2024T01:34:18 - [TEST_STEP][PASSED] - Thread.sleep(2000): null

05-10-2024T01:34:20 - [TEST_STEP][PASSED] - if (verifyTextPresent("Deferred", false)): null

05-10-2024T01:34:20 - [MESSAGE][PASSED] - Text 'Deferred' is present on page 

05-10-2024T01:34:20 - [TEST_STEP][PASSED] - if (verifyTextPresent("Your payment plan has been successfully created", false)): null

05-10-2024T01:34:21 - [MESSAGE][PASSED] - Text 'Your payment plan has been successfully created' is present on page 

05-10-2024T01:34:21 - [TEST_STEP][PASSED] - isRequiredTextPresent = true: null

05-10-2024T01:34:21 - [TEST_STEP][PASSED] - println(isRequiredTextPresent): null

05-10-2024T01:34:21 - [TEST_STEP][PASSED] - if (isRequiredTextPresent): null

05-10-2024T01:34:21 - [TEST_STEP][PASSED] - if (verifyTextPresent("CAN Label:", false)): null

05-10-2024T01:34:21 - [MESSAGE][PASSED] - Text 'CAN Label:' is present on page 

05-10-2024T01:34:21 - [TEST_STEP][PASSED] - isRequiredTextPresent = true: null

05-10-2024T01:34:21 - [TEST_STEP][PASSED] - println(isRequiredTextPresent): null

05-10-2024T01:34:21 - [TEST_STEP][PASSED] - if (isRequiredTextPresent): null

05-10-2024T01:34:21 - [TEST_STEP][PASSED] - if (verifyTextPresent("Remittance ID:", false)): null

05-10-2024T01:34:21 - [MESSAGE][PASSED] - Text 'Remittance ID:' is present on page 

05-10-2024T01:34:21 - [TEST_STEP][PASSED] - isRequiredTextPresent = true: null

05-10-2024T01:34:21 - [TEST_STEP][PASSED] - println(isRequiredTextPresent): null

05-10-2024T01:34:21 - [TEST_STEP][PASSED] - if (isRequiredTextPresent): null

05-10-2024T01:34:21 - [TEST_STEP][PASSED] - if (verifyTextPresent("UDF2 Label:", false)): null

05-10-2024T01:34:22 - [MESSAGE][PASSED] - Text 'UDF2 Label:' is present on page 

05-10-2024T01:34:22 - [TEST_STEP][PASSED] - isRequiredTextPresent = true: null

05-10-2024T01:34:22 - [TEST_STEP][PASSED] - println(isRequiredTextPresent): null

05-10-2024T01:34:22 - [TEST_STEP][PASSED] - if (isRequiredTextPresent): null

05-10-2024T01:34:22 - [TEST_STEP][PASSED] - if (verifyTextPresent("UDF3 Label:", false)): null

05-10-2024T01:34:22 - [MESSAGE][PASSED] - Text 'UDF3 Label:' is present on page 

05-10-2024T01:34:22 - [TEST_STEP][PASSED] - isRequiredTextPresent = true: null

05-10-2024T01:34:22 - [TEST_STEP][PASSED] - println(isRequiredTextPresent): null

05-10-2024T01:34:22 - [TEST_STEP][PASSED] - if (isRequiredTextPresent): null

05-10-2024T01:34:22 - [TEST_STEP][PASSED] - if (verifyTextPresent("UDF4 Label:", false)): null

05-10-2024T01:34:22 - [MESSAGE][PASSED] - Text 'UDF4 Label:' is present on page 

05-10-2024T01:34:22 - [TEST_STEP][PASSED] - isRequiredTextPresent = true: null

05-10-2024T01:34:22 - [TEST_STEP][PASSED] - println(isRequiredTextPresent): null

05-10-2024T01:34:22 - [TEST_STEP][PASSED] - if (isRequiredTextPresent): null

05-10-2024T01:34:22 - [TEST_STEP][PASSED] - if (verifyTextPresent("UDF7 Label:", false)): null

05-10-2024T01:34:22 - [MESSAGE][PASSED] - Text 'UDF7 Label:' is present on page 

05-10-2024T01:34:22 - [TEST_STEP][PASSED] - isRequiredTextPresent = true: null

05-10-2024T01:34:22 - [TEST_STEP][PASSED] - println(isRequiredTextPresent): null

05-10-2024T01:34:22 - [TEST_STEP][PASSED] - if (isRequiredTextPresent): null

05-10-2024T01:34:22 - [TEST_STEP][PASSED] - if (verifyTextPresent("UDF8 Label:", false)): null

05-10-2024T01:34:23 - [MESSAGE][PASSED] - Text 'UDF8 Label:' is present on page 

05-10-2024T01:34:23 - [TEST_STEP][PASSED] - isRequiredTextPresent = true: null

05-10-2024T01:34:23 - [TEST_STEP][PASSED] - println(isRequiredTextPresent): null

05-10-2024T01:34:23 - [TEST_STEP][PASSED] - if (isRequiredTextPresent): null

05-10-2024T01:34:23 - [TEST_STEP][PASSED] - if (verifyTextPresent("UDF9 Label:", false)): null

05-10-2024T01:34:23 - [MESSAGE][PASSED] - Text 'UDF9 Label:' is present on page 

05-10-2024T01:34:23 - [TEST_STEP][PASSED] - isRequiredTextPresent = true: null

05-10-2024T01:34:23 - [TEST_STEP][PASSED] - println(isRequiredTextPresent): null

05-10-2024T01:34:23 - [TEST_STEP][PASSED] - if (isRequiredTextPresent): null

05-10-2024T01:34:23 - [TEST_STEP][PASSED] - if (verifyTextPresent("Transaction Type:", false)): null

05-10-2024T01:34:23 - [MESSAGE][PASSED] - Text 'Transaction Type:' is present on page 

05-10-2024T01:34:23 - [TEST_STEP][PASSED] - isRequiredTextPresent = true: null

05-10-2024T01:34:23 - [TEST_STEP][PASSED] - println(isRequiredTextPresent): null

05-10-2024T01:34:23 - [TEST_STEP][PASSED] - if (isRequiredTextPresent): null

05-10-2024T01:34:23 - [TEST_STEP][PASSED] - if (verifyTextPresent("Amount:", false)): null

05-10-2024T01:34:24 - [MESSAGE][PASSED] - Text 'Amount:' is present on page 

05-10-2024T01:34:24 - [TEST_STEP][PASSED] - isRequiredTextPresent = true: null

05-10-2024T01:34:24 - [TEST_STEP][PASSED] - println(isRequiredTextPresent): null

05-10-2024T01:34:24 - [TEST_STEP][PASSED] - if (isRequiredTextPresent): null

05-10-2024T01:34:24 - [TEST_STEP][PASSED] - if (verifyTextPresent("Card Information:", false)): null

05-10-2024T01:34:24 - [MESSAGE][PASSED] - Text 'Card Information:' is present on page 

05-10-2024T01:34:24 - [TEST_STEP][PASSED] - isRequiredTextPresent = true: null

05-10-2024T01:34:24 - [TEST_STEP][PASSED] - println(isRequiredTextPresent): null

05-10-2024T01:34:24 - [TEST_STEP][PASSED] - if (isRequiredTextPresent): null

05-10-2024T01:34:24 - [TEST_STEP][PASSED] - if (verifyTextPresent("Card Type:", false)): null

05-10-2024T01:34:24 - [MESSAGE][PASSED] - Text 'Card Type:' is present on page 

05-10-2024T01:34:24 - [TEST_STEP][PASSED] - isRequiredTextPresent = true: null

05-10-2024T01:34:24 - [TEST_STEP][PASSED] - println(isRequiredTextPresent): null

05-10-2024T01:34:24 - [TEST_STEP][PASSED] - if (isRequiredTextPresent): null

05-10-2024T01:34:24 - [TEST_STEP][PASSED] - if (verifyTextPresent("Name of Account:", false)): null

05-10-2024T01:34:24 - [MESSAGE][PASSED] - Text 'Name of Account:' is present on page 

05-10-2024T01:34:24 - [TEST_STEP][PASSED] - isRequiredTextPresent = true: null

05-10-2024T01:34:24 - [TEST_STEP][PASSED] - println(isRequiredTextPresent): null

05-10-2024T01:34:24 - [TEST_STEP][PASSED] - if (isRequiredTextPresent): null

05-10-2024T01:34:24 - [TEST_STEP][PASSED] - if (verifyTextPresent("Card Number:", false)): null

05-10-2024T01:34:25 - [MESSAGE][PASSED] - Text 'Card Number:' is present on page 

05-10-2024T01:34:25 - [TEST_STEP][PASSED] - isRequiredTextPresent = true: null

05-10-2024T01:34:25 - [TEST_STEP][PASSED] - println(isRequiredTextPresent): null

05-10-2024T01:34:25 - [TEST_STEP][PASSED] - if (isRequiredTextPresent): null

05-10-2024T01:34:25 - [TEST_STEP][PASSED] - if (verifyTextPresent("Expiration Date:", false)): null

05-10-2024T01:34:25 - [MESSAGE][PASSED] - Text 'Expiration Date:' is present on page 

05-10-2024T01:34:25 - [TEST_STEP][PASSED] - isRequiredTextPresent = true: null

05-10-2024T01:34:25 - [TEST_STEP][PASSED] - println(isRequiredTextPresent): null

05-10-2024T01:34:25 - [TEST_STEP][PASSED] - if (isRequiredTextPresent): null

05-10-2024T01:34:25 - [TEST_STEP][PASSED] - if (verifyTextPresent("Billing Information:", false)): null

05-10-2024T01:34:25 - [MESSAGE][PASSED] - Text 'Billing Information:' is present on page 

05-10-2024T01:34:25 - [TEST_STEP][PASSED] - isRequiredTextPresent = true: null

05-10-2024T01:34:25 - [TEST_STEP][PASSED] - println(isRequiredTextPresent): null

05-10-2024T01:34:25 - [TEST_STEP][PASSED] - if (isRequiredTextPresent): null

05-10-2024T01:34:25 - [TEST_STEP][PASSED] - if (verifyTextPresent("Address Line 1:", false)): null

05-10-2024T01:34:26 - [MESSAGE][PASSED] - Text 'Address Line 1:' is present on page 

05-10-2024T01:34:26 - [TEST_STEP][PASSED] - isRequiredTextPresent = true: null

05-10-2024T01:34:26 - [TEST_STEP][PASSED] - println(isRequiredTextPresent): null

05-10-2024T01:34:26 - [TEST_STEP][PASSED] - if (isRequiredTextPresent): null

05-10-2024T01:34:26 - [TEST_STEP][PASSED] - if (verifyTextPresent("Address Line 2:", false)): null

05-10-2024T01:34:26 - [MESSAGE][PASSED] - Text 'Address Line 2:' is present on page 

05-10-2024T01:34:26 - [TEST_STEP][PASSED] - isRequiredTextPresent = true: null

05-10-2024T01:34:26 - [TEST_STEP][PASSED] - println(isRequiredTextPresent): null

05-10-2024T01:34:26 - [TEST_STEP][PASSED] - if (isRequiredTextPresent): null

05-10-2024T01:34:26 - [TEST_STEP][PASSED] - if (verifyTextPresent("Country:", false)): null

05-10-2024T01:34:26 - [MESSAGE][PASSED] - Text 'Country:' is present on page 

05-10-2024T01:34:26 - [TEST_STEP][PASSED] - isRequiredTextPresent = true: null

05-10-2024T01:34:26 - [TEST_STEP][PASSED] - println(isRequiredTextPresent): null

05-10-2024T01:34:26 - [TEST_STEP][PASSED] - if (isRequiredTextPresent): null

05-10-2024T01:34:26 - [TEST_STEP][PASSED] - if (verifyTextPresent("City:", false)): null

05-10-2024T01:34:26 - [MESSAGE][PASSED] - Text 'City:' is present on page 

05-10-2024T01:34:26 - [TEST_STEP][PASSED] - isRequiredTextPresent = true: null

05-10-2024T01:34:26 - [TEST_STEP][PASSED] - println(isRequiredTextPresent): null

05-10-2024T01:34:26 - [TEST_STEP][PASSED] - if (isRequiredTextPresent): null

05-10-2024T01:34:26 - [TEST_STEP][PASSED] - if (verifyTextPresent("State:", false)): null

05-10-2024T01:34:27 - [MESSAGE][PASSED] - Text 'State:' is present on page 

05-10-2024T01:34:27 - [TEST_STEP][PASSED] - isRequiredTextPresent = true: null

05-10-2024T01:34:27 - [TEST_STEP][PASSED] - println(isRequiredTextPresent): null

05-10-2024T01:34:27 - [TEST_STEP][PASSED] - if (isRequiredTextPresent): null

05-10-2024T01:34:27 - [TEST_STEP][PASSED] - if (verifyTextPresent("Zip Code:", false)): null

05-10-2024T01:34:27 - [MESSAGE][PASSED] - Text 'Zip Code:' is present on page 

05-10-2024T01:34:27 - [TEST_STEP][PASSED] - isRequiredTextPresent = true: null

05-10-2024T01:34:27 - [TEST_STEP][PASSED] - println(isRequiredTextPresent): null

05-10-2024T01:34:27 - [TEST_STEP][PASSED] - if (isRequiredTextPresent): null

05-10-2024T01:34:27 - [TEST_STEP][PASSED] - if (verifyTextPresent("Plan Information:", false)): null

05-10-2024T01:34:27 - [MESSAGE][PASSED] - Text 'Plan Information:' is present on page 

05-10-2024T01:34:27 - [TEST_STEP][PASSED] - isRequiredTextPresent = true: null

05-10-2024T01:34:27 - [TEST_STEP][PASSED] - println(isRequiredTextPresent): null

05-10-2024T01:34:27 - [TEST_STEP][PASSED] - if (isRequiredTextPresent): null

05-10-2024T01:34:27 - [TEST_STEP][PASSED] - if (verifyTextPresent("Payment Plan Type:", false)): null

05-10-2024T01:34:28 - [MESSAGE][PASSED] - Text 'Payment Plan Type:' is present on page 

05-10-2024T01:34:28 - [TEST_STEP][PASSED] - isRequiredTextPresent = true: null

05-10-2024T01:34:28 - [TEST_STEP][PASSED] - println(isRequiredTextPresent): null

05-10-2024T01:34:28 - [TEST_STEP][PASSED] - if (isRequiredTextPresent): null

05-10-2024T01:34:28 - [TEST_STEP][PASSED] - if (verifyTextPresent("Payment Plan ID:", false)): null

05-10-2024T01:34:28 - [MESSAGE][PASSED] - Text 'Payment Plan ID:' is present on page 

05-10-2024T01:34:28 - [TEST_STEP][PASSED] - isRequiredTextPresent = true: null

05-10-2024T01:34:28 - [TEST_STEP][PASSED] - println(isRequiredTextPresent): null

05-10-2024T01:34:28 - [TEST_STEP][PASSED] - if (isRequiredTextPresent): null

05-10-2024T01:34:28 - [TEST_STEP][PASSED] - if (verifyTextPresent("Payment Date:", false)): null

05-10-2024T01:34:28 - [MESSAGE][PASSED] - Text 'Payment Date:' is present on page 

05-10-2024T01:34:28 - [TEST_STEP][PASSED] - isRequiredTextPresent = true: null

05-10-2024T01:34:28 - [TEST_STEP][PASSED] - println(isRequiredTextPresent): null

05-10-2024T01:34:28 - [TEST_STEP][PASSED] - if (isRequiredTextPresent == true): pages.WriteExcel.demoKey is PASSED

05-10-2024T01:34:28 - [TEST_STEP][PASSED] - println("All the relevant texts are present on Receipt Page"): null

05-10-2024T01:34:28 - [TEST_STEP][PASSED] - markPassed("All the relevant texts are present on Receipt Page"): All the relevant texts are present on Receipt Page

05-10-2024T01:34:28 - [MESSAGE][PASSED] - All the relevant texts are present on Receipt Page

05-10-2024T01:34:28 - [TEST_STEP][PASSED] - resText = "Pass": null

05-10-2024T01:34:28 - [TEST_STEP][PASSED] - pages.WriteExcel.demoKey(resText, datText, resColumn, datCloumn, fileLoc, nameSheet, row): pages.WriteExcel.demoKey is PASSED

05-10-2024T01:34:28 - [MESSAGE][PASSED] - pages.WriteExcel.demoKey is PASSED

05-10-2024T01:34:28 - [TEST_STEP][PASSED] - closeBrowser(): Browser is closed

05-10-2024T01:34:29 - [MESSAGE][PASSED] - Browser is closed]]></system-out>
         <system-err><![CDATA[]]></system-err>
      </testcase>
      <testcase name="Test Cases/IntegratedWeb/IWP25/Payments/VerifyCreateReceiptLabelsDeferredCorp" time="69.392" classname="Test Cases/IntegratedWeb/IWP25/Payments/VerifyCreateReceiptLabelsDeferredCorp" status="PASSED">
         <system-out><![CDATA[05-10-2024T01:34:29 - [TEST_CASE][PASSED] - Test Cases/IntegratedWeb/IWP25/Payments/VerifyCreateReceiptLabelsDeferredCorp: Test Cases/IntegratedWeb/IWP25/Payments/VerifyCreateReceiptLabelsDeferredCorp

05-10-2024T01:34:29 - [TEST_STEP][PASSED] - resText = "Fail": null

05-10-2024T01:34:29 - [TEST_STEP][PASSED] - resColumn = "Result": null

05-10-2024T01:34:29 - [TEST_STEP][PASSED] - datCloumn = "Date": null

05-10-2024T01:34:29 - [TEST_STEP][PASSED] - fileLoc = "KatalonData/IWPTestData/VRelay25PaymentsExtension.xlsx": null

05-10-2024T01:34:29 - [TEST_STEP][PASSED] - numOfRows = <not implemented yet for class: org.codehaus.groovy.ast.expr.EmptyExpression>: null

05-10-2024T01:34:29 - [TEST_STEP][PASSED] - dataFile = <not implemented yet for class: org.codehaus.groovy.ast.expr.EmptyExpression>: null

05-10-2024T01:34:29 - [TEST_STEP][PASSED] - nameSheet = <not implemented yet for class: org.codehaus.groovy.ast.expr.EmptyExpression>: null

05-10-2024T01:34:29 - [TEST_STEP][PASSED] - dataFileEmulator = <not implemented yet for class: org.codehaus.groovy.ast.expr.EmptyExpression>: null

05-10-2024T01:34:29 - [TEST_STEP][PASSED] - isRequiredTextPresent = false: null

05-10-2024T01:34:29 - [TEST_STEP][PASSED] - nameSheet = "VerifyCreateLabelDeferredCorp": null

05-10-2024T01:34:29 - [TEST_STEP][PASSED] - dataFile = getExcelDataWithDefaultSheet("KatalonData/IWPTestData/VRelay25PaymentsExtension.xlsx", nameSheet, true): null

05-10-2024T01:34:29 - [TEST_STEP][PASSED] - dataFileEmulator = "IWPTestData/EmulatorData": null

05-10-2024T01:34:29 - [TEST_STEP][PASSED] - numOfRows = dataFile.getRowNumbers(): null

05-10-2024T01:34:29 - [TEST_STEP][PASSED] - println("Number of Records: " + numOfRows): null

05-10-2024T01:34:29 - [TEST_STEP][PASSED] - for ([row = 1, row <= numOfRows, (row++)]): Browser is closed

05-10-2024T01:34:29 - [TEST_STEP][PASSED] - ExecuteTC = dataFile.getValue("Execute", row): null

05-10-2024T01:34:29 - [TEST_STEP][PASSED] - out.println("Value of Execute is : " + ExecuteTC): null

05-10-2024T01:34:29 - [TEST_STEP][PASSED] - if (ExecuteTC.equalsIgnoreCase("Y")): null

05-10-2024T01:34:29 - [TEST_STEP][PASSED] - out.println("Begin Record Number: " + row): null

05-10-2024T01:34:29 - [TEST_STEP][PASSED] - today = new java.util.Date(): null

05-10-2024T01:34:29 - [TEST_STEP][PASSED] - println(today): null

05-10-2024T01:34:29 - [TEST_STEP][PASSED] - datText = today: null

05-10-2024T01:34:29 - [TEST_STEP][PASSED] - EmulatorDataKey = dataFile.getValue("EmulatorData", row): null

05-10-2024T01:34:29 - [TEST_STEP][PASSED] - out.println("Value of Emulator Key is : " + EmulatorDataKey): null

05-10-2024T01:34:29 - [TEST_STEP][PASSED] - iwpPages.emulatorIWP30.setDataEmulator_DD(EmulatorDataKey): iwpPages.emulatorIWP30.setDataEmulator_DD is PASSED

05-10-2024T01:34:29 - [MESSAGE][INFO] - Starting 'Edge Chromium' driver

05-10-2024T01:34:29 - [MESSAGE][INFO] - User set preference: ['acceptInsecureCerts', 'true']

05-10-2024T01:34:31 - [MESSAGE][INFO] - Action delay is set to 0 milliseconds

05-10-2024T01:34:34 - [MESSAGE][PASSED] - Browser is opened with url: 'https://qa.velocitypayment.com/agency/config.do?action=editor&message_version=2_5'

05-10-2024T01:34:34 - [MESSAGE][PASSED] - Current window maximized

05-10-2024T01:34:35 - [MESSAGE][PASSED] - All options with value '2.5' are selected in object 'Object Repository/IWP30/Page_VRelay30Emulator/MV'  using regular expression

05-10-2024T01:34:36 - [MESSAGE][PASSED] - Text '10.50' is set on object 'Object Repository/IWP30/Page_VRelay30Emulator/Amount'

05-10-2024T01:34:37 - [MESSAGE][PASSED] - Text 'lqn3Gw21vZTn' is set on object 'Object Repository/IWP30/Page_VRelay30Emulator/CAN'

05-10-2024T01:34:37 - [MESSAGE][PASSED] - Text 'PayNow' is set on object 'Object Repository/IWP30/Page_VRelay30Emulator/Action'

05-10-2024T01:34:38 - [MESSAGE][PASSED] - Text 'en_US' is set on object 'Object Repository/IWP30/Page_VRelay30Emulator/Lang'

05-10-2024T01:34:38 - [MESSAGE][PASSED] - Text '' is set on object 'Object Repository/IWP30/Page_VRelay30Emulator/Fname'

05-10-2024T01:34:39 - [MESSAGE][PASSED] - Text '' is set on object 'Object Repository/IWP30/Page_VRelay30Emulator/Lname'

05-10-2024T01:34:39 - [MESSAGE][PASSED] - Text '' is set on object 'Object Repository/IWP30/Page_VRelay30Emulator/AL1'

05-10-2024T01:34:40 - [MESSAGE][PASSED] - Text '' is set on object 'Object Repository/IWP30/Page_VRelay30Emulator/AL2'

05-10-2024T01:34:41 - [MESSAGE][PASSED] - Text '' is set on object 'Object Repository/IWP30/Page_VRelay30Emulator/Country'

05-10-2024T01:34:41 - [MESSAGE][PASSED] - Text '' is set on object 'Object Repository/IWP30/Page_VRelay30Emulator/City'

05-10-2024T01:34:42 - [MESSAGE][PASSED] - Text '' is set on object 'Object Repository/IWP30/Page_VRelay30Emulator/State'

05-10-2024T01:34:42 - [MESSAGE][PASSED] - Text '' is set on object 'Object Repository/IWP30/Page_VRelay30Emulator/ZIP'

05-10-2024T01:34:43 - [MESSAGE][PASSED] - Text '' is set on object 'Object Repository/IWP30/Page_VRelay30Emulator/Order'

05-10-2024T01:34:43 - [MESSAGE][PASSED] - Text '' is set on object 'Object Repository/IWP30/Page_VRelay30Emulator/Company'

05-10-2024T01:34:44 - [MESSAGE][PASSED] - Text '' is set on object 'Object Repository/IWP30/Page_VRelay30Emulator/Email'

05-10-2024T01:34:45 - [MESSAGE][PASSED] - Text '' is set on object 'Object Repository/IWP30/Page_VRelay30Emulator/UDF1'

05-10-2024T01:34:45 - [MESSAGE][PASSED] - Text '' is set on object 'Object Repository/IWP30/Page_VRelay30Emulator/UDF2'

05-10-2024T01:34:46 - [MESSAGE][PASSED] - Text '' is set on object 'Object Repository/IWP30/Page_VRelay30Emulator/UDF3'

05-10-2024T01:34:46 - [MESSAGE][PASSED] - Text 'udf data 4' is set on object 'Object Repository/IWP30/Page_VRelay30Emulator/UDF4'

05-10-2024T01:34:47 - [MESSAGE][PASSED] - Text 'udf data 5' is set on object 'Object Repository/IWP30/Page_VRelay30Emulator/UDF5'

05-10-2024T01:34:47 - [MESSAGE][PASSED] - Text '' is set on object 'Object Repository/IWP30/Page_VRelay30Emulator/UDF6'

05-10-2024T01:34:48 - [MESSAGE][PASSED] - Text '' is set on object 'Object Repository/IWP30/Page_VRelay30Emulator/UDF7'

05-10-2024T01:34:49 - [MESSAGE][PASSED] - Text '' is set on object 'Object Repository/IWP30/Page_VRelay30Emulator/UDF8'

05-10-2024T01:34:49 - [MESSAGE][PASSED] - Text 'udf data 9' is set on object 'Object Repository/IWP30/Page_VRelay30Emulator/UDF9'

05-10-2024T01:34:50 - [MESSAGE][PASSED] - Text 'udf data 10' is set on object 'Object Repository/IWP30/Page_VRelay30Emulator/UDF10'

05-10-2024T01:34:51 - [MESSAGE][PASSED] - Object: 'Object Repository/IWP30/Page_VRelay30Emulator/Submit' is clicked on

05-10-2024T01:34:55 - [MESSAGE][PASSED] - Browser is closed

05-10-2024T01:34:59 - [MESSAGE][PASSED] - iwpPages.emulatorIWP30.setDataEmulator_DD is PASSED

05-10-2024T01:34:59 - [TEST_STEP][PASSED] - testHarnessURL = urlTestHarness: null

05-10-2024T01:34:59 - [TEST_STEP][PASSED] - openBrowser(testHarnessURL): Browser is opened with url: 'https://dev-algorithm.govolution.com/vrelaytest/QA/version_2_2/vrelaytest.html'

05-10-2024T01:34:59 - [MESSAGE][INFO] - Starting 'Edge Chromium' driver

05-10-2024T01:34:59 - [MESSAGE][INFO] - User set preference: ['acceptInsecureCerts', 'true']

05-10-2024T01:35:01 - [MESSAGE][INFO] - Action delay is set to 0 milliseconds

05-10-2024T01:35:05 - [MESSAGE][PASSED] - Browser is opened with url: 'https://dev-algorithm.govolution.com/vrelaytest/QA/version_2_2/vrelaytest.html'

05-10-2024T01:35:05 - [TEST_STEP][PASSED] - maximizeWindow(): Current window maximized

05-10-2024T01:35:05 - [MESSAGE][PASSED] - Current window maximized

05-10-2024T01:35:05 - [TEST_STEP][PASSED] - iwpPages.TestHarnessPage.setDataMethodEF(row, dataFile): iwpPages.TestHarnessPage.setDataMethodEF is PASSED

05-10-2024T01:35:05 - [MESSAGE][PASSED] - Object 'Object Repository/IWP30/Page_QATestHarness/RemittanceID' is present

05-10-2024T01:35:06 - [MESSAGE][PASSED] - Text '638' is set on object 'Object Repository/IWP30/Page_QATestHarness/ApplicationID'

05-10-2024T01:35:06 - [MESSAGE][PASSED] - Text '2.5' is set on object 'Object Repository/IWP30/Page_QATestHarness/MessageVersion'

05-10-2024T01:35:07 - [MESSAGE][PASSED] - Text 'nBMgXfWAYrjl' is set on object 'Object Repository/IWP30/Page_QATestHarness/RemittanceID'

05-10-2024T01:35:10 - [MESSAGE][PASSED] - Object: 'Object Repository/IWP30/Page_QATestHarness/SubmitButton' is clicked on

05-10-2024T01:35:10 - [MESSAGE][PASSED] - iwpPages.TestHarnessPage.setDataMethodEF is PASSED

05-10-2024T01:35:10 - [TEST_STEP][PASSED] - click(findTestObject("Object Repository/IWP30/Page_SelectPaymentMethod/PayByCorporateCheck")): Object: 'Object Repository/IWP30/Page_SelectPaymentMethod/PayByCorporateCheck' is clicked on

05-10-2024T01:35:10 - [MESSAGE][PASSED] - Object: 'Object Repository/IWP30/Page_SelectPaymentMethod/PayByCorporateCheck' is clicked on

05-10-2024T01:35:10 - [TEST_STEP][PASSED] - click(findTestObject("Object Repository/IWP30/Page_SelectPaymentMethod/MakePaymentButton")): Object: 'Object Repository/IWP30/Page_SelectPaymentMethod/MakePaymentButton' is clicked on

05-10-2024T01:35:12 - [MESSAGE][PASSED] - Object: 'Object Repository/IWP30/Page_SelectPaymentMethod/MakePaymentButton' is clicked on

05-10-2024T01:35:12 - [TEST_STEP][PASSED] - iwpPages.achCorporatePaymentEntryPage.setDataCorporate(row, dataFile): iwpPages.achCorporatePaymentEntryPage.setDataCorporate is PASSED

05-10-2024T01:35:12 - [MESSAGE][PASSED] - Object 'Object Repository/IWP30/Page_ACHCorporatePaymentEntry/txt_accountNumber' is present

05-10-2024T01:35:13 - [MESSAGE][PASSED] - Object 'Object Repository/IWP30/Page_ACHCorporatePaymentEntry/input_CompanyName' is present

05-10-2024T01:35:13 - [MESSAGE][PASSED] - Text 'My Company' is set on object 'Object Repository/IWP30/Page_ACHCorporatePaymentEntry/input_CompanyName'

05-10-2024T01:35:13 - [MESSAGE][PASSED] - Object 'Object Repository/IWP30/Page_ACHCorporatePaymentEntry/input_EIN' is present

05-10-2024T01:35:14 - [MESSAGE][PASSED] - Text '123456789' is set on object 'Object Repository/IWP30/Page_ACHCorporatePaymentEntry/input_EIN'

05-10-2024T01:35:15 - [MESSAGE][PASSED] - Text '10.50' is set on object 'Object Repository/IWP30/Page_ACHCorporatePaymentEntry/txt_Amount'

05-10-2024T01:35:15 - [MESSAGE][PASSED] - Text 'udf data 2' is set on object 'Object Repository/IWP30/Page_ACHCorporatePaymentEntry/txt_UDF2'

05-10-2024T01:35:16 - [MESSAGE][PASSED] - Text 'udf data 3' is set on object 'Object Repository/IWP30/Page_ACHCorporatePaymentEntry/txt_UDF3'

05-10-2024T01:35:16 - [MESSAGE][PASSED] - All options with label 'Orange' are selected in object 'Object Repository/IWP30/Page_ACHCorporatePaymentEntry/dd_UDF7' 

05-10-2024T01:35:17 - [MESSAGE][PASSED] - All options with label 'Soccer' are selected in object 'Object Repository/IWP30/Page_ACHCorporatePaymentEntry/dd_UDF8' 

05-10-2024T01:35:17 - [MESSAGE][PASSED] - Object 'Object Repository/IWP30/Page_ACHCorporatePaymentEntry/txt_routingNumber' is present

05-10-2024T01:35:18 - [MESSAGE][PASSED] - Text '256072691' is set on object 'Object Repository/IWP30/Page_ACHCorporatePaymentEntry/txt_routingNumber'

05-10-2024T01:35:18 - [MESSAGE][PASSED] - Object 'Object Repository/IWP30/Page_ACHCorporatePaymentEntry/txt_accountNumber' is present

05-10-2024T01:35:19 - [MESSAGE][PASSED] - Text '12344444' is set on object 'Object Repository/IWP30/Page_ACHCorporatePaymentEntry/txt_accountNumber'

05-10-2024T01:35:20 - [MESSAGE][PASSED] - Object 'Object Repository/IWP30/Page_ACHCorporatePaymentEntry/txt_confirmAccountNumber' is present

05-10-2024T01:35:20 - [MESSAGE][PASSED] - Text '12344444' is set on object 'Object Repository/IWP30/Page_ACHCorporatePaymentEntry/txt_confirmAccountNumber'

05-10-2024T01:35:20 - [MESSAGE][PASSED] - Execute JavaScript '
				   document.getElementById('processDate').value = '08/09/2025'
				  ' successfully

05-10-2024T01:35:21 - [MESSAGE][PASSED] - Text '365 Main Avenue' is set on object 'Object Repository/IWP30/Page_ACHCorporatePaymentEntry/txt_AL1'

05-10-2024T01:35:22 - [MESSAGE][PASSED] - Text 'Ohio' is set on object 'Object Repository/IWP30/Page_ACHCorporatePaymentEntry/txt_AL2'

05-10-2024T01:35:22 - [MESSAGE][PASSED] - Text '22201' is set on object 'Object Repository/IWP30/Page_ACHCorporatePaymentEntry/txt_ZIP'

05-10-2024T01:35:22 - [MESSAGE][PASSED] - Object 'Object Repository/IWP30/Page_ACHCorporatePaymentEntry/txt_Email' is present

05-10-2024T01:35:23 - [MESSAGE][PASSED] - Text 'iahmed@govolution.com' is set on object 'Object Repository/IWP30/Page_ACHCorporatePaymentEntry/txt_Email'

05-10-2024T01:35:24 - [MESSAGE][PASSED] - Object 'Object Repository/IWP30/Page_ACHCorporatePaymentEntry/cb_TermsAndCond' is present

05-10-2024T01:35:24 - [MESSAGE][PASSED] - Object: 'Object Repository/IWP30/Page_ACHCorporatePaymentEntry/cb_TermsAndCond' is clicked on

05-10-2024T01:35:24 - [MESSAGE][PASSED] - Object 'Object Repository/IWP30/Page_ACHCorporatePaymentEntry/btn_Continue' is present

05-10-2024T01:35:26 - [MESSAGE][PASSED] - Object: 'Object Repository/IWP30/Page_ACHCorporatePaymentEntry/btn_Continue' is clicked on

05-10-2024T01:35:26 - [MESSAGE][PASSED] - iwpPages.achCorporatePaymentEntryPage.setDataCorporate is PASSED

05-10-2024T01:35:26 - [TEST_STEP][PASSED] - click(findTestObject("Object Repository/IWP30/Page_Confirmation/ConfirmButton")): Object: 'Object Repository/IWP30/Page_Confirmation/ConfirmButton' is clicked on

05-10-2024T01:35:27 - [MESSAGE][PASSED] - Object: 'Object Repository/IWP30/Page_Confirmation/ConfirmButton' is clicked on

05-10-2024T01:35:27 - [TEST_STEP][PASSED] - Thread.sleep(2000): null

05-10-2024T01:35:29 - [TEST_STEP][PASSED] - if (verifyTextPresent("Deferred", false)): null

05-10-2024T01:35:29 - [MESSAGE][PASSED] - Text 'Deferred' is present on page 

05-10-2024T01:35:29 - [TEST_STEP][PASSED] - if (verifyTextPresent("Your payment plan has been successfully created", false)): null

05-10-2024T01:35:30 - [MESSAGE][PASSED] - Text 'Your payment plan has been successfully created' is present on page 

05-10-2024T01:35:30 - [TEST_STEP][PASSED] - isRequiredTextPresent = true: null

05-10-2024T01:35:30 - [TEST_STEP][PASSED] - println(isRequiredTextPresent): null

05-10-2024T01:35:30 - [TEST_STEP][PASSED] - if (isRequiredTextPresent): null

05-10-2024T01:35:30 - [TEST_STEP][PASSED] - if (verifyTextPresent("CAN Label:", false)): null

05-10-2024T01:35:30 - [MESSAGE][PASSED] - Text 'CAN Label:' is present on page 

05-10-2024T01:35:30 - [TEST_STEP][PASSED] - isRequiredTextPresent = true: null

05-10-2024T01:35:30 - [TEST_STEP][PASSED] - println(isRequiredTextPresent): null

05-10-2024T01:35:30 - [TEST_STEP][PASSED] - if (isRequiredTextPresent): null

05-10-2024T01:35:30 - [TEST_STEP][PASSED] - if (verifyTextPresent("Remittance ID:", false)): null

05-10-2024T01:35:30 - [MESSAGE][PASSED] - Text 'Remittance ID:' is present on page 

05-10-2024T01:35:30 - [TEST_STEP][PASSED] - isRequiredTextPresent = true: null

05-10-2024T01:35:30 - [TEST_STEP][PASSED] - println(isRequiredTextPresent): null

05-10-2024T01:35:30 - [TEST_STEP][PASSED] - if (isRequiredTextPresent): null

05-10-2024T01:35:30 - [TEST_STEP][PASSED] - if (verifyTextPresent("UDF2 Label:", false)): null

05-10-2024T01:35:31 - [MESSAGE][PASSED] - Text 'UDF2 Label:' is present on page 

05-10-2024T01:35:31 - [TEST_STEP][PASSED] - isRequiredTextPresent = true: null

05-10-2024T01:35:31 - [TEST_STEP][PASSED] - println(isRequiredTextPresent): null

05-10-2024T01:35:31 - [TEST_STEP][PASSED] - if (isRequiredTextPresent): null

05-10-2024T01:35:31 - [TEST_STEP][PASSED] - if (verifyTextPresent("UDF3 Label:", false)): null

05-10-2024T01:35:31 - [MESSAGE][PASSED] - Text 'UDF3 Label:' is present on page 

05-10-2024T01:35:31 - [TEST_STEP][PASSED] - isRequiredTextPresent = true: null

05-10-2024T01:35:31 - [TEST_STEP][PASSED] - println(isRequiredTextPresent): null

05-10-2024T01:35:31 - [TEST_STEP][PASSED] - if (isRequiredTextPresent): null

05-10-2024T01:35:31 - [TEST_STEP][PASSED] - if (verifyTextPresent("UDF4 Label:", false)): null

05-10-2024T01:35:31 - [MESSAGE][PASSED] - Text 'UDF4 Label:' is present on page 

05-10-2024T01:35:31 - [TEST_STEP][PASSED] - isRequiredTextPresent = true: null

05-10-2024T01:35:31 - [TEST_STEP][PASSED] - println(isRequiredTextPresent): null

05-10-2024T01:35:31 - [TEST_STEP][PASSED] - if (isRequiredTextPresent): null

05-10-2024T01:35:31 - [TEST_STEP][PASSED] - if (verifyTextPresent("UDF7 Label:", false)): null

05-10-2024T01:35:32 - [MESSAGE][PASSED] - Text 'UDF7 Label:' is present on page 

05-10-2024T01:35:32 - [TEST_STEP][PASSED] - isRequiredTextPresent = true: null

05-10-2024T01:35:32 - [TEST_STEP][PASSED] - println(isRequiredTextPresent): null

05-10-2024T01:35:32 - [TEST_STEP][PASSED] - if (isRequiredTextPresent): null

05-10-2024T01:35:32 - [TEST_STEP][PASSED] - if (verifyTextPresent("UDF8 Label:", false)): null

05-10-2024T01:35:32 - [MESSAGE][PASSED] - Text 'UDF8 Label:' is present on page 

05-10-2024T01:35:32 - [TEST_STEP][PASSED] - isRequiredTextPresent = true: null

05-10-2024T01:35:32 - [TEST_STEP][PASSED] - println(isRequiredTextPresent): null

05-10-2024T01:35:32 - [TEST_STEP][PASSED] - if (isRequiredTextPresent): null

05-10-2024T01:35:32 - [TEST_STEP][PASSED] - if (verifyTextPresent("UDF9 Label:", false)): null

05-10-2024T01:35:32 - [MESSAGE][PASSED] - Text 'UDF9 Label:' is present on page 

05-10-2024T01:35:32 - [TEST_STEP][PASSED] - isRequiredTextPresent = true: null

05-10-2024T01:35:32 - [TEST_STEP][PASSED] - println(isRequiredTextPresent): null

05-10-2024T01:35:32 - [TEST_STEP][PASSED] - if (isRequiredTextPresent): null

05-10-2024T01:35:32 - [TEST_STEP][PASSED] - if (verifyTextPresent("Transaction Type:", false)): null

05-10-2024T01:35:32 - [MESSAGE][PASSED] - Text 'Transaction Type:' is present on page 

05-10-2024T01:35:32 - [TEST_STEP][PASSED] - isRequiredTextPresent = true: null

05-10-2024T01:35:32 - [TEST_STEP][PASSED] - println(isRequiredTextPresent): null

05-10-2024T01:35:32 - [TEST_STEP][PASSED] - if (isRequiredTextPresent): null

05-10-2024T01:35:32 - [TEST_STEP][PASSED] - if (verifyTextPresent("Amount:", false)): null

05-10-2024T01:35:33 - [MESSAGE][PASSED] - Text 'Amount:' is present on page 

05-10-2024T01:35:33 - [TEST_STEP][PASSED] - isRequiredTextPresent = true: null

05-10-2024T01:35:33 - [TEST_STEP][PASSED] - println(isRequiredTextPresent): null

05-10-2024T01:35:33 - [TEST_STEP][PASSED] - if (isRequiredTextPresent): null

05-10-2024T01:35:33 - [TEST_STEP][PASSED] - if (verifyTextPresent("Check Information:", false)): null

05-10-2024T01:35:33 - [MESSAGE][PASSED] - Text 'Check Information:' is present on page 

05-10-2024T01:35:33 - [TEST_STEP][PASSED] - isRequiredTextPresent = true: null

05-10-2024T01:35:33 - [TEST_STEP][PASSED] - println(isRequiredTextPresent): null

05-10-2024T01:35:33 - [TEST_STEP][PASSED] - if (isRequiredTextPresent): null

05-10-2024T01:35:33 - [TEST_STEP][PASSED] - if (verifyTextPresent("Account Type:", false)): null

05-10-2024T01:35:33 - [MESSAGE][PASSED] - Text 'Account Type:' is present on page 

05-10-2024T01:35:33 - [TEST_STEP][PASSED] - isRequiredTextPresent = true: null

05-10-2024T01:35:33 - [TEST_STEP][PASSED] - println(isRequiredTextPresent): null

05-10-2024T01:35:33 - [TEST_STEP][PASSED] - if (isRequiredTextPresent): null

05-10-2024T01:35:33 - [TEST_STEP][PASSED] - if (verifyTextPresent("Employer Identification Number(EIN):", false)): null

05-10-2024T01:35:34 - [MESSAGE][PASSED] - Text 'Employer Identification Number(EIN):' is present on page 

05-10-2024T01:35:34 - [TEST_STEP][PASSED] - isRequiredTextPresent = true: null

05-10-2024T01:35:34 - [TEST_STEP][PASSED] - println(isRequiredTextPresent): null

05-10-2024T01:35:34 - [TEST_STEP][PASSED] - if (isRequiredTextPresent): null

05-10-2024T01:35:34 - [TEST_STEP][PASSED] - if (verifyTextPresent("Account Number:", false)): null

05-10-2024T01:35:34 - [MESSAGE][PASSED] - Text 'Account Number:' is present on page 

05-10-2024T01:35:34 - [TEST_STEP][PASSED] - isRequiredTextPresent = true: null

05-10-2024T01:35:34 - [TEST_STEP][PASSED] - println(isRequiredTextPresent): null

05-10-2024T01:35:34 - [TEST_STEP][PASSED] - if (isRequiredTextPresent): null

05-10-2024T01:35:34 - [TEST_STEP][PASSED] - if (verifyTextPresent("Routing Number:", false)): null

05-10-2024T01:35:34 - [MESSAGE][PASSED] - Text 'Routing Number:' is present on page 

05-10-2024T01:35:34 - [TEST_STEP][PASSED] - isRequiredTextPresent = true: null

05-10-2024T01:35:34 - [TEST_STEP][PASSED] - println(isRequiredTextPresent): null

05-10-2024T01:35:34 - [TEST_STEP][PASSED] - if (isRequiredTextPresent): null

05-10-2024T01:35:34 - [TEST_STEP][PASSED] - if (verifyTextPresent("Company Name:", false)): null

05-10-2024T01:35:34 - [MESSAGE][PASSED] - Text 'Company Name:' is present on page 

05-10-2024T01:35:34 - [TEST_STEP][PASSED] - isRequiredTextPresent = true: null

05-10-2024T01:35:34 - [TEST_STEP][PASSED] - println(isRequiredTextPresent): null

05-10-2024T01:35:34 - [TEST_STEP][PASSED] - if (isRequiredTextPresent): null

05-10-2024T01:35:34 - [TEST_STEP][PASSED] - if (verifyTextPresent("Billing Information:", false)): null

05-10-2024T01:35:35 - [MESSAGE][PASSED] - Text 'Billing Information:' is present on page 

05-10-2024T01:35:35 - [TEST_STEP][PASSED] - isRequiredTextPresent = true: null

05-10-2024T01:35:35 - [TEST_STEP][PASSED] - println(isRequiredTextPresent): null

05-10-2024T01:35:35 - [TEST_STEP][PASSED] - if (isRequiredTextPresent): null

05-10-2024T01:35:35 - [TEST_STEP][PASSED] - if (verifyTextPresent("Address Line 1:", false)): null

05-10-2024T01:35:35 - [MESSAGE][PASSED] - Text 'Address Line 1:' is present on page 

05-10-2024T01:35:35 - [TEST_STEP][PASSED] - isRequiredTextPresent = true: null

05-10-2024T01:35:35 - [TEST_STEP][PASSED] - println(isRequiredTextPresent): null

05-10-2024T01:35:35 - [TEST_STEP][PASSED] - if (isRequiredTextPresent): null

05-10-2024T01:35:35 - [TEST_STEP][PASSED] - if (verifyTextPresent("Address Line 2:", false)): null

05-10-2024T01:35:35 - [MESSAGE][PASSED] - Text 'Address Line 2:' is present on page 

05-10-2024T01:35:35 - [TEST_STEP][PASSED] - isRequiredTextPresent = true: null

05-10-2024T01:35:35 - [TEST_STEP][PASSED] - println(isRequiredTextPresent): null

05-10-2024T01:35:35 - [TEST_STEP][PASSED] - if (isRequiredTextPresent): null

05-10-2024T01:35:35 - [TEST_STEP][PASSED] - if (verifyTextPresent("Country:", false)): null

05-10-2024T01:35:36 - [MESSAGE][PASSED] - Text 'Country:' is present on page 

05-10-2024T01:35:36 - [TEST_STEP][PASSED] - isRequiredTextPresent = true: null

05-10-2024T01:35:36 - [TEST_STEP][PASSED] - println(isRequiredTextPresent): null

05-10-2024T01:35:36 - [TEST_STEP][PASSED] - if (isRequiredTextPresent): null

05-10-2024T01:35:36 - [TEST_STEP][PASSED] - if (verifyTextPresent("City:", false)): null

05-10-2024T01:35:36 - [MESSAGE][PASSED] - Text 'City:' is present on page 

05-10-2024T01:35:36 - [TEST_STEP][PASSED] - isRequiredTextPresent = true: null

05-10-2024T01:35:36 - [TEST_STEP][PASSED] - println(isRequiredTextPresent): null

05-10-2024T01:35:36 - [TEST_STEP][PASSED] - if (isRequiredTextPresent): null

05-10-2024T01:35:36 - [TEST_STEP][PASSED] - if (verifyTextPresent("State:", false)): null

05-10-2024T01:35:36 - [MESSAGE][PASSED] - Text 'State:' is present on page 

05-10-2024T01:35:36 - [TEST_STEP][PASSED] - isRequiredTextPresent = true: null

05-10-2024T01:35:36 - [TEST_STEP][PASSED] - println(isRequiredTextPresent): null

05-10-2024T01:35:36 - [TEST_STEP][PASSED] - if (isRequiredTextPresent): null

05-10-2024T01:35:36 - [TEST_STEP][PASSED] - if (verifyTextPresent("Zip Code:", false)): null

05-10-2024T01:35:36 - [MESSAGE][PASSED] - Text 'Zip Code:' is present on page 

05-10-2024T01:35:36 - [TEST_STEP][PASSED] - isRequiredTextPresent = true: null

05-10-2024T01:35:36 - [TEST_STEP][PASSED] - println(isRequiredTextPresent): null

05-10-2024T01:35:36 - [TEST_STEP][PASSED] - if (isRequiredTextPresent): null

05-10-2024T01:35:36 - [TEST_STEP][PASSED] - if (verifyTextPresent("Plan Information:", false)): null

05-10-2024T01:35:37 - [MESSAGE][PASSED] - Text 'Plan Information:' is present on page 

05-10-2024T01:35:37 - [TEST_STEP][PASSED] - isRequiredTextPresent = true: null

05-10-2024T01:35:37 - [TEST_STEP][PASSED] - println(isRequiredTextPresent): null

05-10-2024T01:35:37 - [TEST_STEP][PASSED] - if (isRequiredTextPresent): null

05-10-2024T01:35:37 - [TEST_STEP][PASSED] - if (verifyTextPresent("Payment Plan Type:", false)): null

05-10-2024T01:35:37 - [MESSAGE][PASSED] - Text 'Payment Plan Type:' is present on page 

05-10-2024T01:35:37 - [TEST_STEP][PASSED] - isRequiredTextPresent = true: null

05-10-2024T01:35:37 - [TEST_STEP][PASSED] - println(isRequiredTextPresent): null

05-10-2024T01:35:37 - [TEST_STEP][PASSED] - if (isRequiredTextPresent): null

05-10-2024T01:35:37 - [TEST_STEP][PASSED] - if (verifyTextPresent("Payment Plan ID:", false)): null

05-10-2024T01:35:37 - [MESSAGE][PASSED] - Text 'Payment Plan ID:' is present on page 

05-10-2024T01:35:37 - [TEST_STEP][PASSED] - isRequiredTextPresent = true: null

05-10-2024T01:35:37 - [TEST_STEP][PASSED] - println(isRequiredTextPresent): null

05-10-2024T01:35:37 - [TEST_STEP][PASSED] - if (isRequiredTextPresent): null

05-10-2024T01:35:37 - [TEST_STEP][PASSED] - if (verifyTextPresent("Payment Date:", false)): null

05-10-2024T01:35:38 - [MESSAGE][PASSED] - Text 'Payment Date:' is present on page 

05-10-2024T01:35:38 - [TEST_STEP][PASSED] - isRequiredTextPresent = true: null

05-10-2024T01:35:38 - [TEST_STEP][PASSED] - println(isRequiredTextPresent): null

05-10-2024T01:35:38 - [TEST_STEP][PASSED] - if (isRequiredTextPresent == true): pages.WriteExcel.demoKey is PASSED

05-10-2024T01:35:38 - [TEST_STEP][PASSED] - println("All the relevant texts are present on Receipt Page"): null

05-10-2024T01:35:38 - [TEST_STEP][PASSED] - markPassed("All the relevant texts are present on Receipt Page"): All the relevant texts are present on Receipt Page

05-10-2024T01:35:38 - [MESSAGE][PASSED] - All the relevant texts are present on Receipt Page

05-10-2024T01:35:38 - [TEST_STEP][PASSED] - resText = "Pass": null

05-10-2024T01:35:38 - [TEST_STEP][PASSED] - pages.WriteExcel.demoKey(resText, datText, resColumn, datCloumn, fileLoc, nameSheet, row): pages.WriteExcel.demoKey is PASSED

05-10-2024T01:35:38 - [MESSAGE][PASSED] - pages.WriteExcel.demoKey is PASSED

05-10-2024T01:35:38 - [TEST_STEP][PASSED] - closeBrowser(): Browser is closed

05-10-2024T01:35:38 - [MESSAGE][PASSED] - Browser is closed]]></system-out>
         <system-err><![CDATA[]]></system-err>
      </testcase>
      <testcase name="Test Cases/IntegratedWeb/IWP25/Payments/VerifyCreateReceiptLabelsDeferredPC" time="69.683" classname="Test Cases/IntegratedWeb/IWP25/Payments/VerifyCreateReceiptLabelsDeferredPC" status="PASSED">
         <system-out><![CDATA[05-10-2024T01:35:38 - [TEST_CASE][PASSED] - Test Cases/IntegratedWeb/IWP25/Payments/VerifyCreateReceiptLabelsDeferredPC: Test Cases/IntegratedWeb/IWP25/Payments/VerifyCreateReceiptLabelsDeferredPC

05-10-2024T01:35:38 - [TEST_STEP][PASSED] - resText = "Fail": null

05-10-2024T01:35:38 - [TEST_STEP][PASSED] - resColumn = "Result": null

05-10-2024T01:35:38 - [TEST_STEP][PASSED] - datCloumn = "Date": null

05-10-2024T01:35:38 - [TEST_STEP][PASSED] - fileLoc = "KatalonData/IWPTestData/VRelay25PaymentsExtension.xlsx": null

05-10-2024T01:35:38 - [TEST_STEP][PASSED] - numOfRows = <not implemented yet for class: org.codehaus.groovy.ast.expr.EmptyExpression>: null

05-10-2024T01:35:38 - [TEST_STEP][PASSED] - dataFile = <not implemented yet for class: org.codehaus.groovy.ast.expr.EmptyExpression>: null

05-10-2024T01:35:38 - [TEST_STEP][PASSED] - nameSheet = <not implemented yet for class: org.codehaus.groovy.ast.expr.EmptyExpression>: null

05-10-2024T01:35:38 - [TEST_STEP][PASSED] - dataFileEmulator = <not implemented yet for class: org.codehaus.groovy.ast.expr.EmptyExpression>: null

05-10-2024T01:35:38 - [TEST_STEP][PASSED] - isRequiredTextPresent = false: null

05-10-2024T01:35:38 - [TEST_STEP][PASSED] - nameSheet = "VerifyCreateLabelDeferredPC": null

05-10-2024T01:35:38 - [TEST_STEP][PASSED] - dataFile = getExcelDataWithDefaultSheet("KatalonData/IWPTestData/VRelay25PaymentsExtension.xlsx", nameSheet, true): null

05-10-2024T01:35:38 - [TEST_STEP][PASSED] - dataFileEmulator = "IWPTestData/EmulatorData": null

05-10-2024T01:35:38 - [TEST_STEP][PASSED] - numOfRows = dataFile.getRowNumbers(): null

05-10-2024T01:35:38 - [TEST_STEP][PASSED] - println("Number of Records: " + numOfRows): null

05-10-2024T01:35:38 - [TEST_STEP][PASSED] - for ([row = 1, row <= numOfRows, (row++)]): Browser is closed

05-10-2024T01:35:38 - [TEST_STEP][PASSED] - ExecuteTC = dataFile.getValue("Execute", row): null

05-10-2024T01:35:38 - [TEST_STEP][PASSED] - out.println("Value of Execute is : " + ExecuteTC): null

05-10-2024T01:35:38 - [TEST_STEP][PASSED] - if (ExecuteTC.equalsIgnoreCase("Y")): null

05-10-2024T01:35:38 - [TEST_STEP][PASSED] - out.println("Begin Record Number: " + row): null

05-10-2024T01:35:38 - [TEST_STEP][PASSED] - today = new java.util.Date(): null

05-10-2024T01:35:38 - [TEST_STEP][PASSED] - println(today): null

05-10-2024T01:35:38 - [TEST_STEP][PASSED] - datText = today: null

05-10-2024T01:35:38 - [TEST_STEP][PASSED] - EmulatorDataKey = dataFile.getValue("EmulatorData", row): null

05-10-2024T01:35:38 - [TEST_STEP][PASSED] - out.println("Value of Emulator Key is : " + EmulatorDataKey): null

05-10-2024T01:35:38 - [TEST_STEP][PASSED] - iwpPages.emulatorIWP30.setDataEmulator_DD(EmulatorDataKey): iwpPages.emulatorIWP30.setDataEmulator_DD is PASSED

05-10-2024T01:35:38 - [MESSAGE][INFO] - Starting 'Edge Chromium' driver

05-10-2024T01:35:38 - [MESSAGE][INFO] - User set preference: ['acceptInsecureCerts', 'true']

05-10-2024T01:35:40 - [MESSAGE][INFO] - Action delay is set to 0 milliseconds

05-10-2024T01:35:43 - [MESSAGE][PASSED] - Browser is opened with url: 'https://qa.velocitypayment.com/agency/config.do?action=editor&message_version=2_5'

05-10-2024T01:35:43 - [MESSAGE][PASSED] - Current window maximized

05-10-2024T01:35:44 - [MESSAGE][PASSED] - All options with value '2.5' are selected in object 'Object Repository/IWP30/Page_VRelay30Emulator/MV'  using regular expression

05-10-2024T01:35:45 - [MESSAGE][PASSED] - Text '10.50' is set on object 'Object Repository/IWP30/Page_VRelay30Emulator/Amount'

05-10-2024T01:35:46 - [MESSAGE][PASSED] - Text 'NiYueltLeFIq' is set on object 'Object Repository/IWP30/Page_VRelay30Emulator/CAN'

05-10-2024T01:35:46 - [MESSAGE][PASSED] - Text 'PayNow' is set on object 'Object Repository/IWP30/Page_VRelay30Emulator/Action'

05-10-2024T01:35:47 - [MESSAGE][PASSED] - Text 'en_US' is set on object 'Object Repository/IWP30/Page_VRelay30Emulator/Lang'

05-10-2024T01:35:48 - [MESSAGE][PASSED] - Text '' is set on object 'Object Repository/IWP30/Page_VRelay30Emulator/Fname'

05-10-2024T01:35:48 - [MESSAGE][PASSED] - Text '' is set on object 'Object Repository/IWP30/Page_VRelay30Emulator/Lname'

05-10-2024T01:35:49 - [MESSAGE][PASSED] - Text '' is set on object 'Object Repository/IWP30/Page_VRelay30Emulator/AL1'

05-10-2024T01:35:49 - [MESSAGE][PASSED] - Text '' is set on object 'Object Repository/IWP30/Page_VRelay30Emulator/AL2'

05-10-2024T01:35:50 - [MESSAGE][PASSED] - Text '' is set on object 'Object Repository/IWP30/Page_VRelay30Emulator/Country'

05-10-2024T01:35:50 - [MESSAGE][PASSED] - Text '' is set on object 'Object Repository/IWP30/Page_VRelay30Emulator/City'

05-10-2024T01:35:51 - [MESSAGE][PASSED] - Text '' is set on object 'Object Repository/IWP30/Page_VRelay30Emulator/State'

05-10-2024T01:35:52 - [MESSAGE][PASSED] - Text '' is set on object 'Object Repository/IWP30/Page_VRelay30Emulator/ZIP'

05-10-2024T01:35:52 - [MESSAGE][PASSED] - Text '' is set on object 'Object Repository/IWP30/Page_VRelay30Emulator/Order'

05-10-2024T01:35:53 - [MESSAGE][PASSED] - Text '' is set on object 'Object Repository/IWP30/Page_VRelay30Emulator/Company'

05-10-2024T01:35:53 - [MESSAGE][PASSED] - Text '' is set on object 'Object Repository/IWP30/Page_VRelay30Emulator/Email'

05-10-2024T01:35:54 - [MESSAGE][PASSED] - Text '' is set on object 'Object Repository/IWP30/Page_VRelay30Emulator/UDF1'

05-10-2024T01:35:54 - [MESSAGE][PASSED] - Text '' is set on object 'Object Repository/IWP30/Page_VRelay30Emulator/UDF2'

05-10-2024T01:35:55 - [MESSAGE][PASSED] - Text '' is set on object 'Object Repository/IWP30/Page_VRelay30Emulator/UDF3'

05-10-2024T01:35:56 - [MESSAGE][PASSED] - Text 'udf data 4' is set on object 'Object Repository/IWP30/Page_VRelay30Emulator/UDF4'

05-10-2024T01:35:56 - [MESSAGE][PASSED] - Text 'udf data 5' is set on object 'Object Repository/IWP30/Page_VRelay30Emulator/UDF5'

05-10-2024T01:35:57 - [MESSAGE][PASSED] - Text '' is set on object 'Object Repository/IWP30/Page_VRelay30Emulator/UDF6'

05-10-2024T01:35:57 - [MESSAGE][PASSED] - Text '' is set on object 'Object Repository/IWP30/Page_VRelay30Emulator/UDF7'

05-10-2024T01:35:58 - [MESSAGE][PASSED] - Text '' is set on object 'Object Repository/IWP30/Page_VRelay30Emulator/UDF8'

05-10-2024T01:35:58 - [MESSAGE][PASSED] - Text 'udf data 9' is set on object 'Object Repository/IWP30/Page_VRelay30Emulator/UDF9'

05-10-2024T01:35:59 - [MESSAGE][PASSED] - Text 'udf data 10' is set on object 'Object Repository/IWP30/Page_VRelay30Emulator/UDF10'

05-10-2024T01:36:00 - [MESSAGE][PASSED] - Object: 'Object Repository/IWP30/Page_VRelay30Emulator/Submit' is clicked on

05-10-2024T01:36:05 - [MESSAGE][PASSED] - Browser is closed

05-10-2024T01:36:09 - [MESSAGE][PASSED] - iwpPages.emulatorIWP30.setDataEmulator_DD is PASSED

05-10-2024T01:36:09 - [TEST_STEP][PASSED] - testHarnessURL = urlTestHarness: null

05-10-2024T01:36:09 - [TEST_STEP][PASSED] - openBrowser(testHarnessURL): Browser is opened with url: 'https://dev-algorithm.govolution.com/vrelaytest/QA/version_2_2/vrelaytest.html'

05-10-2024T01:36:09 - [MESSAGE][INFO] - Starting 'Edge Chromium' driver

05-10-2024T01:36:09 - [MESSAGE][INFO] - User set preference: ['acceptInsecureCerts', 'true']

05-10-2024T01:36:11 - [MESSAGE][INFO] - Action delay is set to 0 milliseconds

05-10-2024T01:36:14 - [MESSAGE][PASSED] - Browser is opened with url: 'https://dev-algorithm.govolution.com/vrelaytest/QA/version_2_2/vrelaytest.html'

05-10-2024T01:36:14 - [TEST_STEP][PASSED] - maximizeWindow(): Current window maximized

05-10-2024T01:36:14 - [MESSAGE][PASSED] - Current window maximized

05-10-2024T01:36:14 - [TEST_STEP][PASSED] - iwpPages.TestHarnessPage.setDataMethodEF(row, dataFile): iwpPages.TestHarnessPage.setDataMethodEF is PASSED

05-10-2024T01:36:14 - [MESSAGE][PASSED] - Object 'Object Repository/IWP30/Page_QATestHarness/RemittanceID' is present

05-10-2024T01:36:15 - [MESSAGE][PASSED] - Text '638' is set on object 'Object Repository/IWP30/Page_QATestHarness/ApplicationID'

05-10-2024T01:36:16 - [MESSAGE][PASSED] - Text '2.5' is set on object 'Object Repository/IWP30/Page_QATestHarness/MessageVersion'

05-10-2024T01:36:16 - [MESSAGE][PASSED] - Text 'No5HxnDb4bUb' is set on object 'Object Repository/IWP30/Page_QATestHarness/RemittanceID'

05-10-2024T01:36:19 - [MESSAGE][PASSED] - Object: 'Object Repository/IWP30/Page_QATestHarness/SubmitButton' is clicked on

05-10-2024T01:36:19 - [MESSAGE][PASSED] - iwpPages.TestHarnessPage.setDataMethodEF is PASSED

05-10-2024T01:36:19 - [TEST_STEP][PASSED] - click(findTestObject("Object Repository/IWP30/Page_SelectPaymentMethod/PayByPersonalCheck")): Object: 'Object Repository/IWP30/Page_SelectPaymentMethod/PayByPersonalCheck' is clicked on

05-10-2024T01:36:20 - [MESSAGE][PASSED] - Object: 'Object Repository/IWP30/Page_SelectPaymentMethod/PayByPersonalCheck' is clicked on

05-10-2024T01:36:20 - [TEST_STEP][PASSED] - click(findTestObject("Object Repository/IWP30/Page_SelectPaymentMethod/MakePaymentButton")): Object: 'Object Repository/IWP30/Page_SelectPaymentMethod/MakePaymentButton' is clicked on

05-10-2024T01:36:21 - [MESSAGE][PASSED] - Object: 'Object Repository/IWP30/Page_SelectPaymentMethod/MakePaymentButton' is clicked on

05-10-2024T01:36:21 - [TEST_STEP][PASSED] - iwpPages.achPersonalPaymentEntryPage.setDataACHPPM(row, dataFile): iwpPages.achPersonalPaymentEntryPage.setDataACHPPM is PASSED

05-10-2024T01:36:22 - [MESSAGE][PASSED] - Object 'Object Repository/IWP30/Page_ACHPersonalPaymentEntry/txt_accountNumber' is present

05-10-2024T01:36:22 - [MESSAGE][PASSED] - Text '10.50' is set on object 'Object Repository/IWP30/Page_ACHPersonalPaymentEntry/txt_Amount'

05-10-2024T01:36:22 - [MESSAGE][PASSED] - Object 'Object Repository/IWP30/Page_ACHPersonalPaymentEntry/txt_UDF2' is present

05-10-2024T01:36:23 - [MESSAGE][PASSED] - Text 'udf data 2' is set on object 'Object Repository/IWP30/Page_ACHPersonalPaymentEntry/txt_UDF2'

05-10-2024T01:36:24 - [MESSAGE][PASSED] - Text 'udf data 3' is set on object 'Object Repository/IWP30/Page_ACHPersonalPaymentEntry/txt_UDF3'

05-10-2024T01:36:24 - [MESSAGE][PASSED] - All options with label 'Orange' are selected in object 'Object Repository/IWP30/Page_ACHPersonalPaymentEntry/dd_UDF7' 

05-10-2024T01:36:25 - [MESSAGE][PASSED] - All options with label 'Soccer' are selected in object 'Object Repository/IWP30/Page_ACHPersonalPaymentEntry/dd_UDF8' 

05-10-2024T01:36:25 - [MESSAGE][PASSED] - Object 'Object Repository/IWP30/Page_ACHPersonalPaymentEntry/txt_Firstname' is present

05-10-2024T01:36:25 - [MESSAGE][PASSED] - Text 'Elizath' is set on object 'Object Repository/IWP30/Page_ACHPersonalPaymentEntry/txt_Firstname'

05-10-2024T01:36:26 - [MESSAGE][PASSED] - Object 'Object Repository/IWP30/Page_ACHPersonalPaymentEntry/txt_Lastname' is present

05-10-2024T01:36:26 - [MESSAGE][PASSED] - Text 'Christine' is set on object 'Object Repository/IWP30/Page_ACHPersonalPaymentEntry/txt_Lastname'

05-10-2024T01:36:27 - [MESSAGE][PASSED] - Object 'Object Repository/IWP30/Page_ACHPersonalPaymentEntry/txt_routingNumber' is present

05-10-2024T01:36:27 - [MESSAGE][PASSED] - Text '256072691' is set on object 'Object Repository/IWP30/Page_ACHPersonalPaymentEntry/txt_routingNumber'

05-10-2024T01:36:27 - [MESSAGE][PASSED] - Object 'Object Repository/IWP30/Page_ACHPersonalPaymentEntry/txt_accountNumber' is present

05-10-2024T01:36:29 - [MESSAGE][PASSED] - Text '12344444' is set on object 'Object Repository/IWP30/Page_ACHPersonalPaymentEntry/txt_accountNumber'

05-10-2024T01:36:29 - [MESSAGE][PASSED] - Object 'Object Repository/IWP30/Page_ACHPersonalPaymentEntry/txt_confirmAccountNumber' is present

05-10-2024T01:36:30 - [MESSAGE][PASSED] - Text '12344444' is set on object 'Object Repository/IWP30/Page_ACHPersonalPaymentEntry/txt_confirmAccountNumber'

05-10-2024T01:36:30 - [MESSAGE][PASSED] - Object 'Object Repository/IWP30/Page_ACHPersonalPaymentEntry/rd_accountType' is present

05-10-2024T01:36:30 - [MESSAGE][PASSED] - Modify property of object successfully

05-10-2024T01:36:30 - [MESSAGE][PASSED] - Object: 'Object Repository/IWP30/Page_ACHPersonalPaymentEntry/rd_accountType' is clicked on

05-10-2024T01:36:30 - [MESSAGE][PASSED] - Execute JavaScript '
				   document.getElementById('processDate').value = '08/09/2025'
				  ' successfully

05-10-2024T01:36:31 - [MESSAGE][PASSED] - Text '365 Main Avenue' is set on object 'Object Repository/IWP30/Page_ACHPersonalPaymentEntry/txt_AL1'

05-10-2024T01:36:32 - [MESSAGE][PASSED] - Text 'Ohio' is set on object 'Object Repository/IWP30/Page_ACHPersonalPaymentEntry/txt_AL2'

05-10-2024T01:36:32 - [MESSAGE][PASSED] - Text '22201' is set on object 'Object Repository/IWP30/Page_ACHPersonalPaymentEntry/txt_ZIP'

05-10-2024T01:36:32 - [MESSAGE][PASSED] - Object 'Object Repository/IWP30/Page_ACHPersonalPaymentEntry/txt_Email' is present

05-10-2024T01:36:33 - [MESSAGE][PASSED] - Text 'iahmed@govolution.com' is set on object 'Object Repository/IWP30/Page_ACHPersonalPaymentEntry/txt_Email'

05-10-2024T01:36:34 - [MESSAGE][PASSED] - Object 'Object Repository/IWP30/Page_ACHPersonalPaymentEntry/cb_TermsAndCond' is present

05-10-2024T01:36:34 - [MESSAGE][PASSED] - Object: 'Object Repository/IWP30/Page_ACHPersonalPaymentEntry/cb_TermsAndCond' is clicked on

05-10-2024T01:36:34 - [MESSAGE][PASSED] - Object 'Object Repository/IWP30/Page_ACHPersonalPaymentEntry/btn_Continue' is present

05-10-2024T01:36:35 - [MESSAGE][PASSED] - Object: 'Object Repository/IWP30/Page_ACHPersonalPaymentEntry/btn_Continue' is clicked on

05-10-2024T01:36:35 - [MESSAGE][PASSED] - iwpPages.achPersonalPaymentEntryPage.setDataACHPPM is PASSED

05-10-2024T01:36:35 - [TEST_STEP][PASSED] - click(findTestObject("Object Repository/IWP30/Page_Confirmation/ConfirmButton")): Object: 'Object Repository/IWP30/Page_Confirmation/ConfirmButton' is clicked on

05-10-2024T01:36:37 - [MESSAGE][PASSED] - Object: 'Object Repository/IWP30/Page_Confirmation/ConfirmButton' is clicked on

05-10-2024T01:36:37 - [TEST_STEP][PASSED] - Thread.sleep(2000): null

05-10-2024T01:36:39 - [TEST_STEP][PASSED] - if (verifyTextPresent("Deferred", false)): null

05-10-2024T01:36:39 - [MESSAGE][PASSED] - Text 'Deferred' is present on page 

05-10-2024T01:36:39 - [TEST_STEP][PASSED] - if (verifyTextPresent("Your payment plan has been successfully created", false)): null

05-10-2024T01:36:40 - [MESSAGE][PASSED] - Text 'Your payment plan has been successfully created' is present on page 

05-10-2024T01:36:40 - [TEST_STEP][PASSED] - isRequiredTextPresent = true: null

05-10-2024T01:36:40 - [TEST_STEP][PASSED] - println(isRequiredTextPresent): null

05-10-2024T01:36:40 - [TEST_STEP][PASSED] - if (isRequiredTextPresent): null

05-10-2024T01:36:40 - [TEST_STEP][PASSED] - if (verifyTextPresent("CAN Label:", false)): null

05-10-2024T01:36:40 - [MESSAGE][PASSED] - Text 'CAN Label:' is present on page 

05-10-2024T01:36:40 - [TEST_STEP][PASSED] - isRequiredTextPresent = true: null

05-10-2024T01:36:40 - [TEST_STEP][PASSED] - println(isRequiredTextPresent): null

05-10-2024T01:36:40 - [TEST_STEP][PASSED] - if (isRequiredTextPresent): null

05-10-2024T01:36:40 - [TEST_STEP][PASSED] - if (verifyTextPresent("Remittance ID:", false)): null

05-10-2024T01:36:40 - [MESSAGE][PASSED] - Text 'Remittance ID:' is present on page 

05-10-2024T01:36:40 - [TEST_STEP][PASSED] - isRequiredTextPresent = true: null

05-10-2024T01:36:40 - [TEST_STEP][PASSED] - println(isRequiredTextPresent): null

05-10-2024T01:36:40 - [TEST_STEP][PASSED] - if (isRequiredTextPresent): null

05-10-2024T01:36:40 - [TEST_STEP][PASSED] - if (verifyTextPresent("UDF2 Label:", false)): null

05-10-2024T01:36:41 - [MESSAGE][PASSED] - Text 'UDF2 Label:' is present on page 

05-10-2024T01:36:41 - [TEST_STEP][PASSED] - isRequiredTextPresent = true: null

05-10-2024T01:36:41 - [TEST_STEP][PASSED] - println(isRequiredTextPresent): null

05-10-2024T01:36:41 - [TEST_STEP][PASSED] - if (isRequiredTextPresent): null

05-10-2024T01:36:41 - [TEST_STEP][PASSED] - if (verifyTextPresent("UDF3 Label:", false)): null

05-10-2024T01:36:41 - [MESSAGE][PASSED] - Text 'UDF3 Label:' is present on page 

05-10-2024T01:36:41 - [TEST_STEP][PASSED] - isRequiredTextPresent = true: null

05-10-2024T01:36:41 - [TEST_STEP][PASSED] - println(isRequiredTextPresent): null

05-10-2024T01:36:41 - [TEST_STEP][PASSED] - if (isRequiredTextPresent): null

05-10-2024T01:36:41 - [TEST_STEP][PASSED] - if (verifyTextPresent("UDF4 Label:", false)): null

05-10-2024T01:36:41 - [MESSAGE][PASSED] - Text 'UDF4 Label:' is present on page 

05-10-2024T01:36:41 - [TEST_STEP][PASSED] - isRequiredTextPresent = true: null

05-10-2024T01:36:41 - [TEST_STEP][PASSED] - println(isRequiredTextPresent): null

05-10-2024T01:36:41 - [TEST_STEP][PASSED] - if (isRequiredTextPresent): null

05-10-2024T01:36:41 - [TEST_STEP][PASSED] - if (verifyTextPresent("UDF7 Label:", false)): null

05-10-2024T01:36:41 - [MESSAGE][PASSED] - Text 'UDF7 Label:' is present on page 

05-10-2024T01:36:41 - [TEST_STEP][PASSED] - isRequiredTextPresent = true: null

05-10-2024T01:36:41 - [TEST_STEP][PASSED] - println(isRequiredTextPresent): null

05-10-2024T01:36:41 - [TEST_STEP][PASSED] - if (isRequiredTextPresent): null

05-10-2024T01:36:41 - [TEST_STEP][PASSED] - if (verifyTextPresent("UDF8 Label:", false)): null

05-10-2024T01:36:42 - [MESSAGE][PASSED] - Text 'UDF8 Label:' is present on page 

05-10-2024T01:36:42 - [TEST_STEP][PASSED] - isRequiredTextPresent = true: null

05-10-2024T01:36:42 - [TEST_STEP][PASSED] - println(isRequiredTextPresent): null

05-10-2024T01:36:42 - [TEST_STEP][PASSED] - if (isRequiredTextPresent): null

05-10-2024T01:36:42 - [TEST_STEP][PASSED] - if (verifyTextPresent("UDF9 Label:", false)): null

05-10-2024T01:36:42 - [MESSAGE][PASSED] - Text 'UDF9 Label:' is present on page 

05-10-2024T01:36:42 - [TEST_STEP][PASSED] - isRequiredTextPresent = true: null

05-10-2024T01:36:42 - [TEST_STEP][PASSED] - println(isRequiredTextPresent): null

05-10-2024T01:36:42 - [TEST_STEP][PASSED] - if (isRequiredTextPresent): null

05-10-2024T01:36:42 - [TEST_STEP][PASSED] - if (verifyTextPresent("Transaction Type:", false)): null

05-10-2024T01:36:42 - [MESSAGE][PASSED] - Text 'Transaction Type:' is present on page 

05-10-2024T01:36:42 - [TEST_STEP][PASSED] - isRequiredTextPresent = true: null

05-10-2024T01:36:42 - [TEST_STEP][PASSED] - println(isRequiredTextPresent): null

05-10-2024T01:36:42 - [TEST_STEP][PASSED] - if (isRequiredTextPresent): null

05-10-2024T01:36:42 - [TEST_STEP][PASSED] - if (verifyTextPresent("Amount:", false)): null

05-10-2024T01:36:43 - [MESSAGE][PASSED] - Text 'Amount:' is present on page 

05-10-2024T01:36:43 - [TEST_STEP][PASSED] - isRequiredTextPresent = true: null

05-10-2024T01:36:43 - [TEST_STEP][PASSED] - println(isRequiredTextPresent): null

05-10-2024T01:36:43 - [TEST_STEP][PASSED] - if (isRequiredTextPresent): null

05-10-2024T01:36:43 - [TEST_STEP][PASSED] - if (verifyTextPresent("Check Information:", false)): null

05-10-2024T01:36:43 - [MESSAGE][PASSED] - Text 'Check Information:' is present on page 

05-10-2024T01:36:43 - [TEST_STEP][PASSED] - isRequiredTextPresent = true: null

05-10-2024T01:36:43 - [TEST_STEP][PASSED] - println(isRequiredTextPresent): null

05-10-2024T01:36:43 - [TEST_STEP][PASSED] - if (isRequiredTextPresent): null

05-10-2024T01:36:43 - [TEST_STEP][PASSED] - if (verifyTextPresent("Account Type:", false)): null

05-10-2024T01:36:43 - [MESSAGE][PASSED] - Text 'Account Type:' is present on page 

05-10-2024T01:36:43 - [TEST_STEP][PASSED] - isRequiredTextPresent = true: null

05-10-2024T01:36:43 - [TEST_STEP][PASSED] - println(isRequiredTextPresent): null

05-10-2024T01:36:43 - [TEST_STEP][PASSED] - if (isRequiredTextPresent): null

05-10-2024T01:36:43 - [TEST_STEP][PASSED] - if (verifyTextPresent("Account Number:", false)): null

05-10-2024T01:36:43 - [MESSAGE][PASSED] - Text 'Account Number:' is present on page 

05-10-2024T01:36:43 - [TEST_STEP][PASSED] - isRequiredTextPresent = true: null

05-10-2024T01:36:43 - [TEST_STEP][PASSED] - println(isRequiredTextPresent): null

05-10-2024T01:36:43 - [TEST_STEP][PASSED] - if (isRequiredTextPresent): null

05-10-2024T01:36:43 - [TEST_STEP][PASSED] - if (verifyTextPresent("Routing Number:", false)): null

05-10-2024T01:36:44 - [MESSAGE][PASSED] - Text 'Routing Number:' is present on page 

05-10-2024T01:36:44 - [TEST_STEP][PASSED] - isRequiredTextPresent = true: null

05-10-2024T01:36:44 - [TEST_STEP][PASSED] - println(isRequiredTextPresent): null

05-10-2024T01:36:44 - [TEST_STEP][PASSED] - if (isRequiredTextPresent): null

05-10-2024T01:36:44 - [TEST_STEP][PASSED] - if (verifyTextPresent("Name of Account:", false)): null

05-10-2024T01:36:44 - [MESSAGE][PASSED] - Text 'Name of Account:' is present on page 

05-10-2024T01:36:44 - [TEST_STEP][PASSED] - isRequiredTextPresent = true: null

05-10-2024T01:36:44 - [TEST_STEP][PASSED] - println(isRequiredTextPresent): null

05-10-2024T01:36:44 - [TEST_STEP][PASSED] - if (isRequiredTextPresent): null

05-10-2024T01:36:44 - [TEST_STEP][PASSED] - if (verifyTextPresent("Billing Information:", false)): null

05-10-2024T01:36:44 - [MESSAGE][PASSED] - Text 'Billing Information:' is present on page 

05-10-2024T01:36:44 - [TEST_STEP][PASSED] - isRequiredTextPresent = true: null

05-10-2024T01:36:44 - [TEST_STEP][PASSED] - println(isRequiredTextPresent): null

05-10-2024T01:36:44 - [TEST_STEP][PASSED] - if (isRequiredTextPresent): null

05-10-2024T01:36:44 - [TEST_STEP][PASSED] - if (verifyTextPresent("Address Line 1:", false)): null

05-10-2024T01:36:45 - [MESSAGE][PASSED] - Text 'Address Line 1:' is present on page 

05-10-2024T01:36:45 - [TEST_STEP][PASSED] - isRequiredTextPresent = true: null

05-10-2024T01:36:45 - [TEST_STEP][PASSED] - println(isRequiredTextPresent): null

05-10-2024T01:36:45 - [TEST_STEP][PASSED] - if (isRequiredTextPresent): null

05-10-2024T01:36:45 - [TEST_STEP][PASSED] - if (verifyTextPresent("Address Line 2:", false)): null

05-10-2024T01:36:45 - [MESSAGE][PASSED] - Text 'Address Line 2:' is present on page 

05-10-2024T01:36:45 - [TEST_STEP][PASSED] - isRequiredTextPresent = true: null

05-10-2024T01:36:45 - [TEST_STEP][PASSED] - println(isRequiredTextPresent): null

05-10-2024T01:36:45 - [TEST_STEP][PASSED] - if (isRequiredTextPresent): null

05-10-2024T01:36:45 - [TEST_STEP][PASSED] - if (verifyTextPresent("Country:", false)): null

05-10-2024T01:36:45 - [MESSAGE][PASSED] - Text 'Country:' is present on page 

05-10-2024T01:36:45 - [TEST_STEP][PASSED] - isRequiredTextPresent = true: null

05-10-2024T01:36:45 - [TEST_STEP][PASSED] - println(isRequiredTextPresent): null

05-10-2024T01:36:45 - [TEST_STEP][PASSED] - if (isRequiredTextPresent): null

05-10-2024T01:36:45 - [TEST_STEP][PASSED] - if (verifyTextPresent("City:", false)): null

05-10-2024T01:36:45 - [MESSAGE][PASSED] - Text 'City:' is present on page 

05-10-2024T01:36:45 - [TEST_STEP][PASSED] - isRequiredTextPresent = true: null

05-10-2024T01:36:45 - [TEST_STEP][PASSED] - println(isRequiredTextPresent): null

05-10-2024T01:36:45 - [TEST_STEP][PASSED] - if (isRequiredTextPresent): null

05-10-2024T01:36:45 - [TEST_STEP][PASSED] - if (verifyTextPresent("State:", false)): null

05-10-2024T01:36:46 - [MESSAGE][PASSED] - Text 'State:' is present on page 

05-10-2024T01:36:46 - [TEST_STEP][PASSED] - isRequiredTextPresent = true: null

05-10-2024T01:36:46 - [TEST_STEP][PASSED] - println(isRequiredTextPresent): null

05-10-2024T01:36:46 - [TEST_STEP][PASSED] - if (isRequiredTextPresent): null

05-10-2024T01:36:46 - [TEST_STEP][PASSED] - if (verifyTextPresent("Zip Code:", false)): null

05-10-2024T01:36:46 - [MESSAGE][PASSED] - Text 'Zip Code:' is present on page 

05-10-2024T01:36:46 - [TEST_STEP][PASSED] - isRequiredTextPresent = true: null

05-10-2024T01:36:46 - [TEST_STEP][PASSED] - println(isRequiredTextPresent): null

05-10-2024T01:36:46 - [TEST_STEP][PASSED] - if (isRequiredTextPresent): null

05-10-2024T01:36:46 - [TEST_STEP][PASSED] - if (verifyTextPresent("Plan Information:", false)): null

05-10-2024T01:36:46 - [MESSAGE][PASSED] - Text 'Plan Information:' is present on page 

05-10-2024T01:36:46 - [TEST_STEP][PASSED] - isRequiredTextPresent = true: null

05-10-2024T01:36:46 - [TEST_STEP][PASSED] - println(isRequiredTextPresent): null

05-10-2024T01:36:46 - [TEST_STEP][PASSED] - if (isRequiredTextPresent): null

05-10-2024T01:36:46 - [TEST_STEP][PASSED] - if (verifyTextPresent("Payment Plan Type:", false)): null

05-10-2024T01:36:47 - [MESSAGE][PASSED] - Text 'Payment Plan Type:' is present on page 

05-10-2024T01:36:47 - [TEST_STEP][PASSED] - isRequiredTextPresent = true: null

05-10-2024T01:36:47 - [TEST_STEP][PASSED] - println(isRequiredTextPresent): null

05-10-2024T01:36:47 - [TEST_STEP][PASSED] - if (isRequiredTextPresent): null

05-10-2024T01:36:47 - [TEST_STEP][PASSED] - if (verifyTextPresent("Payment Plan ID:", false)): null

05-10-2024T01:36:47 - [MESSAGE][PASSED] - Text 'Payment Plan ID:' is present on page 

05-10-2024T01:36:47 - [TEST_STEP][PASSED] - isRequiredTextPresent = true: null

05-10-2024T01:36:47 - [TEST_STEP][PASSED] - println(isRequiredTextPresent): null

05-10-2024T01:36:47 - [TEST_STEP][PASSED] - if (isRequiredTextPresent): null

05-10-2024T01:36:47 - [TEST_STEP][PASSED] - if (verifyTextPresent("Payment Date:", false)): null

05-10-2024T01:36:47 - [MESSAGE][PASSED] - Text 'Payment Date:' is present on page 

05-10-2024T01:36:47 - [TEST_STEP][PASSED] - isRequiredTextPresent = true: null

05-10-2024T01:36:47 - [TEST_STEP][PASSED] - println(isRequiredTextPresent): null

05-10-2024T01:36:47 - [TEST_STEP][PASSED] - if (isRequiredTextPresent == true): pages.WriteExcel.demoKey is PASSED

05-10-2024T01:36:47 - [TEST_STEP][PASSED] - println("All the relevant texts are present on Receipt Page"): null

05-10-2024T01:36:47 - [TEST_STEP][PASSED] - markPassed("All the relevant texts are present on Receipt Page"): All the relevant texts are present on Receipt Page

05-10-2024T01:36:47 - [MESSAGE][PASSED] - All the relevant texts are present on Receipt Page

05-10-2024T01:36:47 - [TEST_STEP][PASSED] - resText = "Pass": null

05-10-2024T01:36:47 - [TEST_STEP][PASSED] - pages.WriteExcel.demoKey(resText, datText, resColumn, datCloumn, fileLoc, nameSheet, row): pages.WriteExcel.demoKey is PASSED

05-10-2024T01:36:47 - [MESSAGE][PASSED] - pages.WriteExcel.demoKey is PASSED

05-10-2024T01:36:47 - [TEST_STEP][PASSED] - closeBrowser(): Browser is closed

05-10-2024T01:36:48 - [MESSAGE][PASSED] - Browser is closed]]></system-out>
         <system-err><![CDATA[]]></system-err>
      </testcase>
      <testcase name="Test Cases/IntegratedWeb/IWP25/Payments/VerifyCreateReceiptLabelsDeferredPS" time="70.13" classname="Test Cases/IntegratedWeb/IWP25/Payments/VerifyCreateReceiptLabelsDeferredPS" status="PASSED">
         <system-out><![CDATA[05-10-2024T01:36:48 - [TEST_CASE][PASSED] - Test Cases/IntegratedWeb/IWP25/Payments/VerifyCreateReceiptLabelsDeferredPS: Test Cases/IntegratedWeb/IWP25/Payments/VerifyCreateReceiptLabelsDeferredPS

05-10-2024T01:36:48 - [TEST_STEP][PASSED] - resText = "Fail": null

05-10-2024T01:36:48 - [TEST_STEP][PASSED] - resColumn = "Result": null

05-10-2024T01:36:48 - [TEST_STEP][PASSED] - datCloumn = "Date": null

05-10-2024T01:36:48 - [TEST_STEP][PASSED] - fileLoc = "KatalonData/IWPTestData/VRelay25PaymentsExtension.xlsx": null

05-10-2024T01:36:48 - [TEST_STEP][PASSED] - numOfRows = <not implemented yet for class: org.codehaus.groovy.ast.expr.EmptyExpression>: null

05-10-2024T01:36:48 - [TEST_STEP][PASSED] - dataFile = <not implemented yet for class: org.codehaus.groovy.ast.expr.EmptyExpression>: null

05-10-2024T01:36:48 - [TEST_STEP][PASSED] - nameSheet = <not implemented yet for class: org.codehaus.groovy.ast.expr.EmptyExpression>: null

05-10-2024T01:36:48 - [TEST_STEP][PASSED] - dataFileEmulator = <not implemented yet for class: org.codehaus.groovy.ast.expr.EmptyExpression>: null

05-10-2024T01:36:48 - [TEST_STEP][PASSED] - isRequiredTextPresent = false: null

05-10-2024T01:36:48 - [TEST_STEP][PASSED] - nameSheet = "VerifyCreateLabelDeferredPS": null

05-10-2024T01:36:48 - [TEST_STEP][PASSED] - dataFile = getExcelDataWithDefaultSheet("KatalonData/IWPTestData/VRelay25PaymentsExtension.xlsx", nameSheet, true): null

05-10-2024T01:36:48 - [TEST_STEP][PASSED] - dataFileEmulator = "IWPTestData/EmulatorData": null

05-10-2024T01:36:48 - [TEST_STEP][PASSED] - numOfRows = dataFile.getRowNumbers(): null

05-10-2024T01:36:48 - [TEST_STEP][PASSED] - println("Number of Records: " + numOfRows): null

05-10-2024T01:36:48 - [TEST_STEP][PASSED] - for ([row = 1, row <= numOfRows, (row++)]): Browser is closed

05-10-2024T01:36:48 - [TEST_STEP][PASSED] - ExecuteTC = dataFile.getValue("Execute", row): null

05-10-2024T01:36:48 - [TEST_STEP][PASSED] - out.println("Value of Execute is : " + ExecuteTC): null

05-10-2024T01:36:48 - [TEST_STEP][PASSED] - if (ExecuteTC.equalsIgnoreCase("Y")): null

05-10-2024T01:36:48 - [TEST_STEP][PASSED] - out.println("Begin Record Number: " + row): null

05-10-2024T01:36:48 - [TEST_STEP][PASSED] - today = new java.util.Date(): null

05-10-2024T01:36:48 - [TEST_STEP][PASSED] - println(today): null

05-10-2024T01:36:48 - [TEST_STEP][PASSED] - datText = today: null

05-10-2024T01:36:48 - [TEST_STEP][PASSED] - EmulatorDataKey = dataFile.getValue("EmulatorData", row): null

05-10-2024T01:36:48 - [TEST_STEP][PASSED] - out.println("Value of Emulator Key is : " + EmulatorDataKey): null

05-10-2024T01:36:48 - [TEST_STEP][PASSED] - iwpPages.emulatorIWP30.setDataEmulator_DD(EmulatorDataKey): iwpPages.emulatorIWP30.setDataEmulator_DD is PASSED

05-10-2024T01:36:48 - [MESSAGE][INFO] - Starting 'Edge Chromium' driver

05-10-2024T01:36:48 - [MESSAGE][INFO] - User set preference: ['acceptInsecureCerts', 'true']

05-10-2024T01:36:50 - [MESSAGE][INFO] - Action delay is set to 0 milliseconds

05-10-2024T01:36:53 - [MESSAGE][PASSED] - Browser is opened with url: 'https://qa.velocitypayment.com/agency/config.do?action=editor&message_version=2_5'

05-10-2024T01:36:53 - [MESSAGE][PASSED] - Current window maximized

05-10-2024T01:36:54 - [MESSAGE][PASSED] - All options with value '2.5' are selected in object 'Object Repository/IWP30/Page_VRelay30Emulator/MV'  using regular expression

05-10-2024T01:36:55 - [MESSAGE][PASSED] - Text '10.50' is set on object 'Object Repository/IWP30/Page_VRelay30Emulator/Amount'

05-10-2024T01:36:56 - [MESSAGE][PASSED] - Text 'rMRiL24mcqBT' is set on object 'Object Repository/IWP30/Page_VRelay30Emulator/CAN'

05-10-2024T01:36:56 - [MESSAGE][PASSED] - Text 'PayNow' is set on object 'Object Repository/IWP30/Page_VRelay30Emulator/Action'

05-10-2024T01:36:57 - [MESSAGE][PASSED] - Text 'en_US' is set on object 'Object Repository/IWP30/Page_VRelay30Emulator/Lang'

05-10-2024T01:36:57 - [MESSAGE][PASSED] - Text '' is set on object 'Object Repository/IWP30/Page_VRelay30Emulator/Fname'

05-10-2024T01:36:58 - [MESSAGE][PASSED] - Text '' is set on object 'Object Repository/IWP30/Page_VRelay30Emulator/Lname'

05-10-2024T01:36:59 - [MESSAGE][PASSED] - Text '' is set on object 'Object Repository/IWP30/Page_VRelay30Emulator/AL1'

05-10-2024T01:36:59 - [MESSAGE][PASSED] - Text '' is set on object 'Object Repository/IWP30/Page_VRelay30Emulator/AL2'

05-10-2024T01:37:00 - [MESSAGE][PASSED] - Text '' is set on object 'Object Repository/IWP30/Page_VRelay30Emulator/Country'

05-10-2024T01:37:00 - [MESSAGE][PASSED] - Text '' is set on object 'Object Repository/IWP30/Page_VRelay30Emulator/City'

05-10-2024T01:37:01 - [MESSAGE][PASSED] - Text '' is set on object 'Object Repository/IWP30/Page_VRelay30Emulator/State'

05-10-2024T01:37:01 - [MESSAGE][PASSED] - Text '' is set on object 'Object Repository/IWP30/Page_VRelay30Emulator/ZIP'

05-10-2024T01:37:02 - [MESSAGE][PASSED] - Text '' is set on object 'Object Repository/IWP30/Page_VRelay30Emulator/Order'

05-10-2024T01:37:03 - [MESSAGE][PASSED] - Text '' is set on object 'Object Repository/IWP30/Page_VRelay30Emulator/Company'

05-10-2024T01:37:03 - [MESSAGE][PASSED] - Text '' is set on object 'Object Repository/IWP30/Page_VRelay30Emulator/Email'

05-10-2024T01:37:04 - [MESSAGE][PASSED] - Text '' is set on object 'Object Repository/IWP30/Page_VRelay30Emulator/UDF1'

05-10-2024T01:37:04 - [MESSAGE][PASSED] - Text '' is set on object 'Object Repository/IWP30/Page_VRelay30Emulator/UDF2'

05-10-2024T01:37:05 - [MESSAGE][PASSED] - Text '' is set on object 'Object Repository/IWP30/Page_VRelay30Emulator/UDF3'

05-10-2024T01:37:05 - [MESSAGE][PASSED] - Text 'udf data 4' is set on object 'Object Repository/IWP30/Page_VRelay30Emulator/UDF4'

05-10-2024T01:37:06 - [MESSAGE][PASSED] - Text 'udf data 5' is set on object 'Object Repository/IWP30/Page_VRelay30Emulator/UDF5'

05-10-2024T01:37:07 - [MESSAGE][PASSED] - Text '' is set on object 'Object Repository/IWP30/Page_VRelay30Emulator/UDF6'

05-10-2024T01:37:07 - [MESSAGE][PASSED] - Text '' is set on object 'Object Repository/IWP30/Page_VRelay30Emulator/UDF7'

05-10-2024T01:37:08 - [MESSAGE][PASSED] - Text '' is set on object 'Object Repository/IWP30/Page_VRelay30Emulator/UDF8'

05-10-2024T01:37:08 - [MESSAGE][PASSED] - Text 'udf data 9' is set on object 'Object Repository/IWP30/Page_VRelay30Emulator/UDF9'

05-10-2024T01:37:09 - [MESSAGE][PASSED] - Text 'udf data 10' is set on object 'Object Repository/IWP30/Page_VRelay30Emulator/UDF10'

05-10-2024T01:37:10 - [MESSAGE][PASSED] - Object: 'Object Repository/IWP30/Page_VRelay30Emulator/Submit' is clicked on

05-10-2024T01:37:14 - [MESSAGE][PASSED] - Browser is closed

05-10-2024T01:37:18 - [MESSAGE][PASSED] - iwpPages.emulatorIWP30.setDataEmulator_DD is PASSED

05-10-2024T01:37:18 - [TEST_STEP][PASSED] - testHarnessURL = urlTestHarness: null

05-10-2024T01:37:18 - [TEST_STEP][PASSED] - openBrowser(testHarnessURL): Browser is opened with url: 'https://dev-algorithm.govolution.com/vrelaytest/QA/version_2_2/vrelaytest.html'

05-10-2024T01:37:18 - [MESSAGE][INFO] - Starting 'Edge Chromium' driver

05-10-2024T01:37:18 - [MESSAGE][INFO] - User set preference: ['acceptInsecureCerts', 'true']

05-10-2024T01:37:20 - [MESSAGE][INFO] - Action delay is set to 0 milliseconds

05-10-2024T01:37:24 - [MESSAGE][PASSED] - Browser is opened with url: 'https://dev-algorithm.govolution.com/vrelaytest/QA/version_2_2/vrelaytest.html'

05-10-2024T01:37:24 - [TEST_STEP][PASSED] - maximizeWindow(): Current window maximized

05-10-2024T01:37:24 - [MESSAGE][PASSED] - Current window maximized

05-10-2024T01:37:24 - [TEST_STEP][PASSED] - iwpPages.TestHarnessPage.setDataMethodEF(row, dataFile): iwpPages.TestHarnessPage.setDataMethodEF is PASSED

05-10-2024T01:37:24 - [MESSAGE][PASSED] - Object 'Object Repository/IWP30/Page_QATestHarness/RemittanceID' is present

05-10-2024T01:37:25 - [MESSAGE][PASSED] - Text '638' is set on object 'Object Repository/IWP30/Page_QATestHarness/ApplicationID'

05-10-2024T01:37:26 - [MESSAGE][PASSED] - Text '2.5' is set on object 'Object Repository/IWP30/Page_QATestHarness/MessageVersion'

05-10-2024T01:37:26 - [MESSAGE][PASSED] - Text 'off5nc8jRZrW' is set on object 'Object Repository/IWP30/Page_QATestHarness/RemittanceID'

05-10-2024T01:37:29 - [MESSAGE][PASSED] - Object: 'Object Repository/IWP30/Page_QATestHarness/SubmitButton' is clicked on

05-10-2024T01:37:29 - [MESSAGE][PASSED] - iwpPages.TestHarnessPage.setDataMethodEF is PASSED

05-10-2024T01:37:29 - [TEST_STEP][PASSED] - click(findTestObject("Object Repository/IWP30/Page_SelectPaymentMethod/PayByPersonalCheck")): Object: 'Object Repository/IWP30/Page_SelectPaymentMethod/PayByPersonalCheck' is clicked on

05-10-2024T01:37:30 - [MESSAGE][PASSED] - Object: 'Object Repository/IWP30/Page_SelectPaymentMethod/PayByPersonalCheck' is clicked on

05-10-2024T01:37:30 - [TEST_STEP][PASSED] - click(findTestObject("Object Repository/IWP30/Page_SelectPaymentMethod/MakePaymentButton")): Object: 'Object Repository/IWP30/Page_SelectPaymentMethod/MakePaymentButton' is clicked on

05-10-2024T01:37:31 - [MESSAGE][PASSED] - Object: 'Object Repository/IWP30/Page_SelectPaymentMethod/MakePaymentButton' is clicked on

05-10-2024T01:37:31 - [TEST_STEP][PASSED] - iwpPages.achPersonalPaymentEntryPage.setDataACHPPM(row, dataFile): iwpPages.achPersonalPaymentEntryPage.setDataACHPPM is PASSED

05-10-2024T01:37:32 - [MESSAGE][PASSED] - Object 'Object Repository/IWP30/Page_ACHPersonalPaymentEntry/txt_accountNumber' is present

05-10-2024T01:37:32 - [MESSAGE][PASSED] - Text '10.50' is set on object 'Object Repository/IWP30/Page_ACHPersonalPaymentEntry/txt_Amount'

05-10-2024T01:37:33 - [MESSAGE][PASSED] - Object 'Object Repository/IWP30/Page_ACHPersonalPaymentEntry/txt_UDF2' is present

05-10-2024T01:37:33 - [MESSAGE][PASSED] - Text 'udf data 2' is set on object 'Object Repository/IWP30/Page_ACHPersonalPaymentEntry/txt_UDF2'

05-10-2024T01:37:34 - [MESSAGE][PASSED] - Text 'udf data 3' is set on object 'Object Repository/IWP30/Page_ACHPersonalPaymentEntry/txt_UDF3'

05-10-2024T01:37:34 - [MESSAGE][PASSED] - All options with label 'Orange' are selected in object 'Object Repository/IWP30/Page_ACHPersonalPaymentEntry/dd_UDF7' 

05-10-2024T01:37:35 - [MESSAGE][PASSED] - All options with label 'Soccer' are selected in object 'Object Repository/IWP30/Page_ACHPersonalPaymentEntry/dd_UDF8' 

05-10-2024T01:37:35 - [MESSAGE][PASSED] - Object 'Object Repository/IWP30/Page_ACHPersonalPaymentEntry/txt_Firstname' is present

05-10-2024T01:37:36 - [MESSAGE][PASSED] - Text 'Elizath' is set on object 'Object Repository/IWP30/Page_ACHPersonalPaymentEntry/txt_Firstname'

05-10-2024T01:37:36 - [MESSAGE][PASSED] - Object 'Object Repository/IWP30/Page_ACHPersonalPaymentEntry/txt_Lastname' is present

05-10-2024T01:37:36 - [MESSAGE][PASSED] - Text 'Christine' is set on object 'Object Repository/IWP30/Page_ACHPersonalPaymentEntry/txt_Lastname'

05-10-2024T01:37:37 - [MESSAGE][PASSED] - Object 'Object Repository/IWP30/Page_ACHPersonalPaymentEntry/txt_routingNumber' is present

05-10-2024T01:37:37 - [MESSAGE][PASSED] - Text '256072691' is set on object 'Object Repository/IWP30/Page_ACHPersonalPaymentEntry/txt_routingNumber'

05-10-2024T01:37:38 - [MESSAGE][PASSED] - Object 'Object Repository/IWP30/Page_ACHPersonalPaymentEntry/txt_accountNumber' is present

05-10-2024T01:37:39 - [MESSAGE][PASSED] - Text '12344444' is set on object 'Object Repository/IWP30/Page_ACHPersonalPaymentEntry/txt_accountNumber'

05-10-2024T01:37:39 - [MESSAGE][PASSED] - Object 'Object Repository/IWP30/Page_ACHPersonalPaymentEntry/txt_confirmAccountNumber' is present

05-10-2024T01:37:40 - [MESSAGE][PASSED] - Text '12344444' is set on object 'Object Repository/IWP30/Page_ACHPersonalPaymentEntry/txt_confirmAccountNumber'

05-10-2024T01:37:40 - [MESSAGE][PASSED] - Object 'Object Repository/IWP30/Page_ACHPersonalPaymentEntry/rd_accountType' is present

05-10-2024T01:37:40 - [MESSAGE][PASSED] - Modify property of object successfully

05-10-2024T01:37:41 - [MESSAGE][PASSED] - Object: 'Object Repository/IWP30/Page_ACHPersonalPaymentEntry/rd_accountType' is clicked on

05-10-2024T01:37:41 - [MESSAGE][PASSED] - Execute JavaScript '
				   document.getElementById('processDate').value = '08/09/2025'
				  ' successfully

05-10-2024T01:37:41 - [MESSAGE][PASSED] - Text '365 Main Avenue' is set on object 'Object Repository/IWP30/Page_ACHPersonalPaymentEntry/txt_AL1'

05-10-2024T01:37:42 - [MESSAGE][PASSED] - Text 'Ohio' is set on object 'Object Repository/IWP30/Page_ACHPersonalPaymentEntry/txt_AL2'

05-10-2024T01:37:42 - [MESSAGE][PASSED] - Text '22201' is set on object 'Object Repository/IWP30/Page_ACHPersonalPaymentEntry/txt_ZIP'

05-10-2024T01:37:43 - [MESSAGE][PASSED] - Object 'Object Repository/IWP30/Page_ACHPersonalPaymentEntry/txt_Email' is present

05-10-2024T01:37:43 - [MESSAGE][PASSED] - Text 'iahmed@govolution.com' is set on object 'Object Repository/IWP30/Page_ACHPersonalPaymentEntry/txt_Email'

05-10-2024T01:37:44 - [MESSAGE][PASSED] - Object 'Object Repository/IWP30/Page_ACHPersonalPaymentEntry/cb_TermsAndCond' is present

05-10-2024T01:37:44 - [MESSAGE][PASSED] - Object: 'Object Repository/IWP30/Page_ACHPersonalPaymentEntry/cb_TermsAndCond' is clicked on

05-10-2024T01:37:44 - [MESSAGE][PASSED] - Object 'Object Repository/IWP30/Page_ACHPersonalPaymentEntry/btn_Continue' is present

05-10-2024T01:37:46 - [MESSAGE][PASSED] - Object: 'Object Repository/IWP30/Page_ACHPersonalPaymentEntry/btn_Continue' is clicked on

05-10-2024T01:37:46 - [MESSAGE][PASSED] - iwpPages.achPersonalPaymentEntryPage.setDataACHPPM is PASSED

05-10-2024T01:37:46 - [TEST_STEP][PASSED] - click(findTestObject("Object Repository/IWP30/Page_Confirmation/ConfirmButton")): Object: 'Object Repository/IWP30/Page_Confirmation/ConfirmButton' is clicked on

05-10-2024T01:37:47 - [MESSAGE][PASSED] - Object: 'Object Repository/IWP30/Page_Confirmation/ConfirmButton' is clicked on

05-10-2024T01:37:47 - [TEST_STEP][PASSED] - Thread.sleep(2000): null

05-10-2024T01:37:49 - [TEST_STEP][PASSED] - if (verifyTextPresent("Deferred", false)): null

05-10-2024T01:37:50 - [MESSAGE][PASSED] - Text 'Deferred' is present on page 

05-10-2024T01:37:50 - [TEST_STEP][PASSED] - if (verifyTextPresent("Your payment plan has been successfully created", false)): null

05-10-2024T01:37:50 - [MESSAGE][PASSED] - Text 'Your payment plan has been successfully created' is present on page 

05-10-2024T01:37:50 - [TEST_STEP][PASSED] - isRequiredTextPresent = true: null

05-10-2024T01:37:50 - [TEST_STEP][PASSED] - println(isRequiredTextPresent): null

05-10-2024T01:37:50 - [TEST_STEP][PASSED] - if (isRequiredTextPresent): null

05-10-2024T01:37:50 - [TEST_STEP][PASSED] - if (verifyTextPresent("CAN Label:", false)): null

05-10-2024T01:37:50 - [MESSAGE][PASSED] - Text 'CAN Label:' is present on page 

05-10-2024T01:37:50 - [TEST_STEP][PASSED] - isRequiredTextPresent = true: null

05-10-2024T01:37:50 - [TEST_STEP][PASSED] - println(isRequiredTextPresent): null

05-10-2024T01:37:50 - [TEST_STEP][PASSED] - if (isRequiredTextPresent): null

05-10-2024T01:37:50 - [TEST_STEP][PASSED] - if (verifyTextPresent("Remittance ID:", false)): null

05-10-2024T01:37:50 - [MESSAGE][PASSED] - Text 'Remittance ID:' is present on page 

05-10-2024T01:37:50 - [TEST_STEP][PASSED] - isRequiredTextPresent = true: null

05-10-2024T01:37:50 - [TEST_STEP][PASSED] - println(isRequiredTextPresent): null

05-10-2024T01:37:50 - [TEST_STEP][PASSED] - if (isRequiredTextPresent): null

05-10-2024T01:37:50 - [TEST_STEP][PASSED] - if (verifyTextPresent("UDF2 Label:", false)): null

05-10-2024T01:37:51 - [MESSAGE][PASSED] - Text 'UDF2 Label:' is present on page 

05-10-2024T01:37:51 - [TEST_STEP][PASSED] - isRequiredTextPresent = true: null

05-10-2024T01:37:51 - [TEST_STEP][PASSED] - println(isRequiredTextPresent): null

05-10-2024T01:37:51 - [TEST_STEP][PASSED] - if (isRequiredTextPresent): null

05-10-2024T01:37:51 - [TEST_STEP][PASSED] - if (verifyTextPresent("UDF3 Label:", false)): null

05-10-2024T01:37:51 - [MESSAGE][PASSED] - Text 'UDF3 Label:' is present on page 

05-10-2024T01:37:51 - [TEST_STEP][PASSED] - isRequiredTextPresent = true: null

05-10-2024T01:37:51 - [TEST_STEP][PASSED] - println(isRequiredTextPresent): null

05-10-2024T01:37:51 - [TEST_STEP][PASSED] - if (isRequiredTextPresent): null

05-10-2024T01:37:51 - [TEST_STEP][PASSED] - if (verifyTextPresent("UDF4 Label:", false)): null

05-10-2024T01:37:51 - [MESSAGE][PASSED] - Text 'UDF4 Label:' is present on page 

05-10-2024T01:37:51 - [TEST_STEP][PASSED] - isRequiredTextPresent = true: null

05-10-2024T01:37:51 - [TEST_STEP][PASSED] - println(isRequiredTextPresent): null

05-10-2024T01:37:51 - [TEST_STEP][PASSED] - if (isRequiredTextPresent): null

05-10-2024T01:37:51 - [TEST_STEP][PASSED] - if (verifyTextPresent("UDF7 Label:", false)): null

05-10-2024T01:37:52 - [MESSAGE][PASSED] - Text 'UDF7 Label:' is present on page 

05-10-2024T01:37:52 - [TEST_STEP][PASSED] - isRequiredTextPresent = true: null

05-10-2024T01:37:52 - [TEST_STEP][PASSED] - println(isRequiredTextPresent): null

05-10-2024T01:37:52 - [TEST_STEP][PASSED] - if (isRequiredTextPresent): null

05-10-2024T01:37:52 - [TEST_STEP][PASSED] - if (verifyTextPresent("UDF8 Label:", false)): null

05-10-2024T01:37:52 - [MESSAGE][PASSED] - Text 'UDF8 Label:' is present on page 

05-10-2024T01:37:52 - [TEST_STEP][PASSED] - isRequiredTextPresent = true: null

05-10-2024T01:37:52 - [TEST_STEP][PASSED] - println(isRequiredTextPresent): null

05-10-2024T01:37:52 - [TEST_STEP][PASSED] - if (isRequiredTextPresent): null

05-10-2024T01:37:52 - [TEST_STEP][PASSED] - if (verifyTextPresent("UDF9 Label:", false)): null

05-10-2024T01:37:52 - [MESSAGE][PASSED] - Text 'UDF9 Label:' is present on page 

05-10-2024T01:37:52 - [TEST_STEP][PASSED] - isRequiredTextPresent = true: null

05-10-2024T01:37:52 - [TEST_STEP][PASSED] - println(isRequiredTextPresent): null

05-10-2024T01:37:52 - [TEST_STEP][PASSED] - if (isRequiredTextPresent): null

05-10-2024T01:37:52 - [TEST_STEP][PASSED] - if (verifyTextPresent("Transaction Type:", false)): null

05-10-2024T01:37:52 - [MESSAGE][PASSED] - Text 'Transaction Type:' is present on page 

05-10-2024T01:37:52 - [TEST_STEP][PASSED] - isRequiredTextPresent = true: null

05-10-2024T01:37:52 - [TEST_STEP][PASSED] - println(isRequiredTextPresent): null

05-10-2024T01:37:52 - [TEST_STEP][PASSED] - if (isRequiredTextPresent): null

05-10-2024T01:37:52 - [TEST_STEP][PASSED] - if (verifyTextPresent("Amount:", false)): null

05-10-2024T01:37:53 - [MESSAGE][PASSED] - Text 'Amount:' is present on page 

05-10-2024T01:37:53 - [TEST_STEP][PASSED] - isRequiredTextPresent = true: null

05-10-2024T01:37:53 - [TEST_STEP][PASSED] - println(isRequiredTextPresent): null

05-10-2024T01:37:53 - [TEST_STEP][PASSED] - if (isRequiredTextPresent): null

05-10-2024T01:37:53 - [TEST_STEP][PASSED] - if (verifyTextPresent("Check Information:", false)): null

05-10-2024T01:37:53 - [MESSAGE][PASSED] - Text 'Check Information:' is present on page 

05-10-2024T01:37:53 - [TEST_STEP][PASSED] - isRequiredTextPresent = true: null

05-10-2024T01:37:53 - [TEST_STEP][PASSED] - println(isRequiredTextPresent): null

05-10-2024T01:37:53 - [TEST_STEP][PASSED] - if (isRequiredTextPresent): null

05-10-2024T01:37:53 - [TEST_STEP][PASSED] - if (verifyTextPresent("Account Type:", false)): null

05-10-2024T01:37:53 - [MESSAGE][PASSED] - Text 'Account Type:' is present on page 

05-10-2024T01:37:53 - [TEST_STEP][PASSED] - isRequiredTextPresent = true: null

05-10-2024T01:37:53 - [TEST_STEP][PASSED] - println(isRequiredTextPresent): null

05-10-2024T01:37:53 - [TEST_STEP][PASSED] - if (isRequiredTextPresent): null

05-10-2024T01:37:53 - [TEST_STEP][PASSED] - if (verifyTextPresent("Account Number:", false)): null

05-10-2024T01:37:54 - [MESSAGE][PASSED] - Text 'Account Number:' is present on page 

05-10-2024T01:37:54 - [TEST_STEP][PASSED] - isRequiredTextPresent = true: null

05-10-2024T01:37:54 - [TEST_STEP][PASSED] - println(isRequiredTextPresent): null

05-10-2024T01:37:54 - [TEST_STEP][PASSED] - if (isRequiredTextPresent): null

05-10-2024T01:37:54 - [TEST_STEP][PASSED] - if (verifyTextPresent("Routing Number:", false)): null

05-10-2024T01:37:54 - [MESSAGE][PASSED] - Text 'Routing Number:' is present on page 

05-10-2024T01:37:54 - [TEST_STEP][PASSED] - isRequiredTextPresent = true: null

05-10-2024T01:37:54 - [TEST_STEP][PASSED] - println(isRequiredTextPresent): null

05-10-2024T01:37:54 - [TEST_STEP][PASSED] - if (isRequiredTextPresent): null

05-10-2024T01:37:54 - [TEST_STEP][PASSED] - if (verifyTextPresent("Name of Account:", false)): null

05-10-2024T01:37:54 - [MESSAGE][PASSED] - Text 'Name of Account:' is present on page 

05-10-2024T01:37:54 - [TEST_STEP][PASSED] - isRequiredTextPresent = true: null

05-10-2024T01:37:54 - [TEST_STEP][PASSED] - println(isRequiredTextPresent): null

05-10-2024T01:37:54 - [TEST_STEP][PASSED] - if (isRequiredTextPresent): null

05-10-2024T01:37:54 - [TEST_STEP][PASSED] - if (verifyTextPresent("Billing Information:", false)): null

05-10-2024T01:37:54 - [MESSAGE][PASSED] - Text 'Billing Information:' is present on page 

05-10-2024T01:37:54 - [TEST_STEP][PASSED] - isRequiredTextPresent = true: null

05-10-2024T01:37:54 - [TEST_STEP][PASSED] - println(isRequiredTextPresent): null

05-10-2024T01:37:54 - [TEST_STEP][PASSED] - if (isRequiredTextPresent): null

05-10-2024T01:37:54 - [TEST_STEP][PASSED] - if (verifyTextPresent("Address Line 1:", false)): null

05-10-2024T01:37:55 - [MESSAGE][PASSED] - Text 'Address Line 1:' is present on page 

05-10-2024T01:37:55 - [TEST_STEP][PASSED] - isRequiredTextPresent = true: null

05-10-2024T01:37:55 - [TEST_STEP][PASSED] - println(isRequiredTextPresent): null

05-10-2024T01:37:55 - [TEST_STEP][PASSED] - if (isRequiredTextPresent): null

05-10-2024T01:37:55 - [TEST_STEP][PASSED] - if (verifyTextPresent("Address Line 2:", false)): null

05-10-2024T01:37:55 - [MESSAGE][PASSED] - Text 'Address Line 2:' is present on page 

05-10-2024T01:37:55 - [TEST_STEP][PASSED] - isRequiredTextPresent = true: null

05-10-2024T01:37:55 - [TEST_STEP][PASSED] - println(isRequiredTextPresent): null

05-10-2024T01:37:55 - [TEST_STEP][PASSED] - if (isRequiredTextPresent): null

05-10-2024T01:37:55 - [TEST_STEP][PASSED] - if (verifyTextPresent("Country:", false)): null

05-10-2024T01:37:55 - [MESSAGE][PASSED] - Text 'Country:' is present on page 

05-10-2024T01:37:55 - [TEST_STEP][PASSED] - isRequiredTextPresent = true: null

05-10-2024T01:37:55 - [TEST_STEP][PASSED] - println(isRequiredTextPresent): null

05-10-2024T01:37:55 - [TEST_STEP][PASSED] - if (isRequiredTextPresent): null

05-10-2024T01:37:55 - [TEST_STEP][PASSED] - if (verifyTextPresent("City:", false)): null

05-10-2024T01:37:56 - [MESSAGE][PASSED] - Text 'City:' is present on page 

05-10-2024T01:37:56 - [TEST_STEP][PASSED] - isRequiredTextPresent = true: null

05-10-2024T01:37:56 - [TEST_STEP][PASSED] - println(isRequiredTextPresent): null

05-10-2024T01:37:56 - [TEST_STEP][PASSED] - if (isRequiredTextPresent): null

05-10-2024T01:37:56 - [TEST_STEP][PASSED] - if (verifyTextPresent("State:", false)): null

05-10-2024T01:37:56 - [MESSAGE][PASSED] - Text 'State:' is present on page 

05-10-2024T01:37:56 - [TEST_STEP][PASSED] - isRequiredTextPresent = true: null

05-10-2024T01:37:56 - [TEST_STEP][PASSED] - println(isRequiredTextPresent): null

05-10-2024T01:37:56 - [TEST_STEP][PASSED] - if (isRequiredTextPresent): null

05-10-2024T01:37:56 - [TEST_STEP][PASSED] - if (verifyTextPresent("Zip Code:", false)): null

05-10-2024T01:37:56 - [MESSAGE][PASSED] - Text 'Zip Code:' is present on page 

05-10-2024T01:37:56 - [TEST_STEP][PASSED] - isRequiredTextPresent = true: null

05-10-2024T01:37:56 - [TEST_STEP][PASSED] - println(isRequiredTextPresent): null

05-10-2024T01:37:56 - [TEST_STEP][PASSED] - if (isRequiredTextPresent): null

05-10-2024T01:37:56 - [TEST_STEP][PASSED] - if (verifyTextPresent("Plan Information:", false)): null

05-10-2024T01:37:56 - [MESSAGE][PASSED] - Text 'Plan Information:' is present on page 

05-10-2024T01:37:56 - [TEST_STEP][PASSED] - isRequiredTextPresent = true: null

05-10-2024T01:37:56 - [TEST_STEP][PASSED] - println(isRequiredTextPresent): null

05-10-2024T01:37:56 - [TEST_STEP][PASSED] - if (isRequiredTextPresent): null

05-10-2024T01:37:56 - [TEST_STEP][PASSED] - if (verifyTextPresent("Payment Plan Type:", false)): null

05-10-2024T01:37:57 - [MESSAGE][PASSED] - Text 'Payment Plan Type:' is present on page 

05-10-2024T01:37:57 - [TEST_STEP][PASSED] - isRequiredTextPresent = true: null

05-10-2024T01:37:57 - [TEST_STEP][PASSED] - println(isRequiredTextPresent): null

05-10-2024T01:37:57 - [TEST_STEP][PASSED] - if (isRequiredTextPresent): null

05-10-2024T01:37:57 - [TEST_STEP][PASSED] - if (verifyTextPresent("Payment Plan ID:", false)): null

05-10-2024T01:37:57 - [MESSAGE][PASSED] - Text 'Payment Plan ID:' is present on page 

05-10-2024T01:37:57 - [TEST_STEP][PASSED] - isRequiredTextPresent = true: null

05-10-2024T01:37:57 - [TEST_STEP][PASSED] - println(isRequiredTextPresent): null

05-10-2024T01:37:57 - [TEST_STEP][PASSED] - if (isRequiredTextPresent): null

05-10-2024T01:37:57 - [TEST_STEP][PASSED] - if (verifyTextPresent("Payment Date:", false)): null

05-10-2024T01:37:57 - [MESSAGE][PASSED] - Text 'Payment Date:' is present on page 

05-10-2024T01:37:57 - [TEST_STEP][PASSED] - isRequiredTextPresent = true: null

05-10-2024T01:37:57 - [TEST_STEP][PASSED] - println(isRequiredTextPresent): null

05-10-2024T01:37:57 - [TEST_STEP][PASSED] - if (isRequiredTextPresent == true): pages.WriteExcel.demoKey is PASSED

05-10-2024T01:37:57 - [TEST_STEP][PASSED] - println("All the relevant texts are present on Receipt Page"): null

05-10-2024T01:37:57 - [TEST_STEP][PASSED] - markPassed("All the relevant texts are present on Receipt Page"): All the relevant texts are present on Receipt Page

05-10-2024T01:37:57 - [MESSAGE][PASSED] - All the relevant texts are present on Receipt Page

05-10-2024T01:37:57 - [TEST_STEP][PASSED] - resText = "Pass": null

05-10-2024T01:37:57 - [TEST_STEP][PASSED] - pages.WriteExcel.demoKey(resText, datText, resColumn, datCloumn, fileLoc, nameSheet, row): pages.WriteExcel.demoKey is PASSED

05-10-2024T01:37:57 - [MESSAGE][PASSED] - pages.WriteExcel.demoKey is PASSED

05-10-2024T01:37:57 - [TEST_STEP][PASSED] - closeBrowser(): Browser is closed

05-10-2024T01:37:58 - [MESSAGE][PASSED] - Browser is closed]]></system-out>
         <system-err><![CDATA[]]></system-err>
      </testcase>
      <testcase name="Test Cases/IntegratedWeb/IWP25/Payments/VerifyEditReceiptLabelsAutoPayCC" time="74.576" classname="Test Cases/IntegratedWeb/IWP25/Payments/VerifyEditReceiptLabelsAutoPayCC" status="FAILED">
         <failure type="FAILED" message="Test Cases/IntegratedWeb/IWP25/Payments/VerifyEditReceiptLabelsAutoPayCC FAILED.&#xa;Reason:&#xa;com.kms.katalon.core.exception.StepFailedException: Text 'Edits to your payment plan were completed successfully' is not present on page  (Root cause: com.kms.katalon.core.exception.StepFailedException: Text 'Edits to your payment plan were completed successfully' is not present on page &#xa;	at com.kms.katalon.core.webui.keyword.internal.WebUIKeywordMain.stepFailed(WebUIKeywordMain.groovy:64)&#xa;	at com.kms.katalon.core.webui.keyword.builtin.VerifyTextPresentKeyword$_verifyTextPresent_closure1.doCall(VerifyTextPresentKeyword.groovy:79)&#xa;	at com.kms.katalon.core.webui.keyword.builtin.VerifyTextPresentKeyword$_verifyTextPresent_closure1.call(VerifyTextPresentKeyword.groovy)&#xa;	at com.kms.katalon.core.webui.keyword.internal.WebUIKeywordMain.runKeyword(WebUIKeywordMain.groovy:20)&#xa;	at com.kms.katalon.core.webui.keyword.builtin.VerifyTextPresentKeyword.verifyTextPresent(VerifyTextPresentKeyword.groovy:83)&#xa;	at com.kms.katalon.core.webui.keyword.builtin.VerifyTextPresentKeyword.execute(VerifyTextPresentKeyword.groovy:68)&#xa;	at com.kms.katalon.core.keyword.internal.KeywordExecutor.executeKeywordForPlatform(KeywordExecutor.groovy:74)&#xa;	at com.kms.katalon.core.webui.keyword.WebUiBuiltInKeywords.verifyTextPresent(WebUiBuiltInKeywords.groovy:1762)&#xa;	at VerifyEditReceiptLabelsAutoPayCC.run(VerifyEditReceiptLabelsAutoPayCC:105)&#xa;	at com.kms.katalon.core.main.ScriptEngine.run(ScriptEngine.java:194)&#xa;	at com.kms.katalon.core.main.ScriptEngine.runScriptAsRawText(ScriptEngine.java:119)&#xa;	at com.kms.katalon.core.main.TestCaseExecutor.runScript(TestCaseExecutor.java:448)&#xa;	at com.kms.katalon.core.main.TestCaseExecutor.doExecute(TestCaseExecutor.java:439)&#xa;	at com.kms.katalon.core.main.TestCaseExecutor.processExecutionPhase(TestCaseExecutor.java:418)&#xa;	at com.kms.katalon.core.main.TestCaseExecutor.accessMainPhase(TestCaseExecutor.java:410)&#xa;	at com.kms.katalon.core.main.TestCaseExecutor.execute(TestCaseExecutor.java:285)&#xa;	at com.kms.katalon.core.common.CommonExecutor.accessTestCaseMainPhase(CommonExecutor.java:65)&#xa;	at com.kms.katalon.core.main.TestSuiteExecutor.accessTestSuiteMainPhase(TestSuiteExecutor.java:150)&#xa;	at com.kms.katalon.core.main.TestSuiteExecutor.execute(TestSuiteExecutor.java:106)&#xa;	at com.kms.katalon.core.main.TestCaseMain.startTestSuite(TestCaseMain.java:180)&#xa;	at TempTestSuite1728062229059.run(TempTestSuite1728062229059.groovy:35)&#xa;	at java.base/jdk.internal.reflect.NativeMethodAccessorImpl.invoke0(Native Method)&#xa;	at java.base/jdk.internal.reflect.NativeMethodAccessorImpl.invoke(NativeMethodAccessorImpl.java:77)&#xa;	at java.base/jdk.internal.reflect.DelegatingMethodAccessorImpl.invoke(DelegatingMethodAccessorImpl.java:43)&#xa;)&#xa;	at com.kms.katalon.core.keyword.internal.KeywordMain.stepFailed(KeywordMain.groovy:39)&#xa;	at com.kms.katalon.core.webui.keyword.internal.WebUIKeywordMain.stepFailed(WebUIKeywordMain.groovy:64)&#xa;	at com.kms.katalon.core.webui.keyword.builtin.VerifyTextPresentKeyword$_verifyTextPresent_closure1.doCall(VerifyTextPresentKeyword.groovy:79)&#xa;	at com.kms.katalon.core.webui.keyword.builtin.VerifyTextPresentKeyword$_verifyTextPresent_closure1.call(VerifyTextPresentKeyword.groovy)&#xa;	at com.kms.katalon.core.webui.keyword.internal.WebUIKeywordMain.runKeyword(WebUIKeywordMain.groovy:20)&#xa;	at com.kms.katalon.core.webui.keyword.builtin.VerifyTextPresentKeyword.verifyTextPresent(VerifyTextPresentKeyword.groovy:83)&#xa;	at com.kms.katalon.core.webui.keyword.builtin.VerifyTextPresentKeyword.execute(VerifyTextPresentKeyword.groovy:68)&#xa;	at com.kms.katalon.core.keyword.internal.KeywordExecutor.executeKeywordForPlatform(KeywordExecutor.groovy:74)&#xa;	at com.kms.katalon.core.webui.keyword.WebUiBuiltInKeywords.verifyTextPresent(WebUiBuiltInKeywords.groovy:1762)&#xa;	at VerifyEditReceiptLabelsAutoPayCC.run(VerifyEditReceiptLabelsAutoPayCC:105)&#xa;	at com.kms.katalon.core.main.ScriptEngine.run(ScriptEngine.java:194)&#xa;	at com.kms.katalon.core.main.ScriptEngine.runScriptAsRawText(ScriptEngine.java:119)&#xa;	at com.kms.katalon.core.main.TestCaseExecutor.runScript(TestCaseExecutor.java:448)&#xa;	at com.kms.katalon.core.main.TestCaseExecutor.doExecute(TestCaseExecutor.java:439)&#xa;	at com.kms.katalon.core.main.TestCaseExecutor.processExecutionPhase(TestCaseExecutor.java:418)&#xa;	at com.kms.katalon.core.main.TestCaseExecutor.accessMainPhase(TestCaseExecutor.java:410)&#xa;	at com.kms.katalon.core.main.TestCaseExecutor.execute(TestCaseExecutor.java:285)&#xa;	at com.kms.katalon.core.common.CommonExecutor.accessTestCaseMainPhase(CommonExecutor.java:65)&#xa;	at com.kms.katalon.core.main.TestSuiteExecutor.accessTestSuiteMainPhase(TestSuiteExecutor.java:150)&#xa;	at com.kms.katalon.core.main.TestSuiteExecutor.execute(TestSuiteExecutor.java:106)&#xa;	at com.kms.katalon.core.main.TestCaseMain.startTestSuite(TestCaseMain.java:180)&#xa;	at TempTestSuite1728062229059.run(TempTestSuite1728062229059.groovy:35)&#xa;	at java.base/jdk.internal.reflect.NativeMethodAccessorImpl.invoke0(Native Method)&#xa;	at java.base/jdk.internal.reflect.NativeMethodAccessorImpl.invoke(NativeMethodAccessorImpl.java:77)&#xa;	at java.base/jdk.internal.reflect.DelegatingMethodAccessorImpl.invoke(DelegatingMethodAccessorImpl.java:43)&#xa;Caused by: com.kms.katalon.core.exception.StepFailedException: Text 'Edits to your payment plan were completed successfully' is not present on page &#xa;	... 24 more&#xa;"/>
         <system-out><![CDATA[05-10-2024T01:37:58 - [TEST_CASE][FAILED] - Test Cases/IntegratedWeb/IWP25/Payments/VerifyEditReceiptLabelsAutoPayCC: Test Cases/IntegratedWeb/IWP25/Payments/VerifyEditReceiptLabelsAutoPayCC FAILED.
Reason:
com.kms.katalon.core.exception.StepFailedException: Text 'Edits to your payment plan were completed successfully' is not present on page  (Root cause: com.kms.katalon.core.exception.StepFailedException: Text 'Edits to your payment plan were completed successfully' is not present on page 
	at com.kms.katalon.core.webui.keyword.internal.WebUIKeywordMain.stepFailed(WebUIKeywordMain.groovy:64)
	at com.kms.katalon.core.webui.keyword.builtin.VerifyTextPresentKeyword$_verifyTextPresent_closure1.doCall(VerifyTextPresentKeyword.groovy:79)
	at com.kms.katalon.core.webui.keyword.builtin.VerifyTextPresentKeyword$_verifyTextPresent_closure1.call(VerifyTextPresentKeyword.groovy)
	at com.kms.katalon.core.webui.keyword.internal.WebUIKeywordMain.runKeyword(WebUIKeywordMain.groovy:20)
	at com.kms.katalon.core.webui.keyword.builtin.VerifyTextPresentKeyword.verifyTextPresent(VerifyTextPresentKeyword.groovy:83)
	at com.kms.katalon.core.webui.keyword.builtin.VerifyTextPresentKeyword.execute(VerifyTextPresentKeyword.groovy:68)
	at com.kms.katalon.core.keyword.internal.KeywordExecutor.executeKeywordForPlatform(KeywordExecutor.groovy:74)
	at com.kms.katalon.core.webui.keyword.WebUiBuiltInKeywords.verifyTextPresent(WebUiBuiltInKeywords.groovy:1762)
	at VerifyEditReceiptLabelsAutoPayCC.run(VerifyEditReceiptLabelsAutoPayCC:105)
	at com.kms.katalon.core.main.ScriptEngine.run(ScriptEngine.java:194)
	at com.kms.katalon.core.main.ScriptEngine.runScriptAsRawText(ScriptEngine.java:119)
	at com.kms.katalon.core.main.TestCaseExecutor.runScript(TestCaseExecutor.java:448)
	at com.kms.katalon.core.main.TestCaseExecutor.doExecute(TestCaseExecutor.java:439)
	at com.kms.katalon.core.main.TestCaseExecutor.processExecutionPhase(TestCaseExecutor.java:418)
	at com.kms.katalon.core.main.TestCaseExecutor.accessMainPhase(TestCaseExecutor.java:410)
	at com.kms.katalon.core.main.TestCaseExecutor.execute(TestCaseExecutor.java:285)
	at com.kms.katalon.core.common.CommonExecutor.accessTestCaseMainPhase(CommonExecutor.java:65)
	at com.kms.katalon.core.main.TestSuiteExecutor.accessTestSuiteMainPhase(TestSuiteExecutor.java:150)
	at com.kms.katalon.core.main.TestSuiteExecutor.execute(TestSuiteExecutor.java:106)
	at com.kms.katalon.core.main.TestCaseMain.startTestSuite(TestCaseMain.java:180)
	at TempTestSuite1728062229059.run(TempTestSuite1728062229059.groovy:35)
	at java.base/jdk.internal.reflect.NativeMethodAccessorImpl.invoke0(Native Method)
	at java.base/jdk.internal.reflect.NativeMethodAccessorImpl.invoke(NativeMethodAccessorImpl.java:77)
	at java.base/jdk.internal.reflect.DelegatingMethodAccessorImpl.invoke(DelegatingMethodAccessorImpl.java:43)
)
	at com.kms.katalon.core.keyword.internal.KeywordMain.stepFailed(KeywordMain.groovy:39)
	at com.kms.katalon.core.webui.keyword.internal.WebUIKeywordMain.stepFailed(WebUIKeywordMain.groovy:64)
	at com.kms.katalon.core.webui.keyword.builtin.VerifyTextPresentKeyword$_verifyTextPresent_closure1.doCall(VerifyTextPresentKeyword.groovy:79)
	at com.kms.katalon.core.webui.keyword.builtin.VerifyTextPresentKeyword$_verifyTextPresent_closure1.call(VerifyTextPresentKeyword.groovy)
	at com.kms.katalon.core.webui.keyword.internal.WebUIKeywordMain.runKeyword(WebUIKeywordMain.groovy:20)
	at com.kms.katalon.core.webui.keyword.builtin.VerifyTextPresentKeyword.verifyTextPresent(VerifyTextPresentKeyword.groovy:83)
	at com.kms.katalon.core.webui.keyword.builtin.VerifyTextPresentKeyword.execute(VerifyTextPresentKeyword.groovy:68)
	at com.kms.katalon.core.keyword.internal.KeywordExecutor.executeKeywordForPlatform(KeywordExecutor.groovy:74)
	at com.kms.katalon.core.webui.keyword.WebUiBuiltInKeywords.verifyTextPresent(WebUiBuiltInKeywords.groovy:1762)
	at VerifyEditReceiptLabelsAutoPayCC.run(VerifyEditReceiptLabelsAutoPayCC:105)
	at com.kms.katalon.core.main.ScriptEngine.run(ScriptEngine.java:194)
	at com.kms.katalon.core.main.ScriptEngine.runScriptAsRawText(ScriptEngine.java:119)
	at com.kms.katalon.core.main.TestCaseExecutor.runScript(TestCaseExecutor.java:448)
	at com.kms.katalon.core.main.TestCaseExecutor.doExecute(TestCaseExecutor.java:439)
	at com.kms.katalon.core.main.TestCaseExecutor.processExecutionPhase(TestCaseExecutor.java:418)
	at com.kms.katalon.core.main.TestCaseExecutor.accessMainPhase(TestCaseExecutor.java:410)
	at com.kms.katalon.core.main.TestCaseExecutor.execute(TestCaseExecutor.java:285)
	at com.kms.katalon.core.common.CommonExecutor.accessTestCaseMainPhase(CommonExecutor.java:65)
	at com.kms.katalon.core.main.TestSuiteExecutor.accessTestSuiteMainPhase(TestSuiteExecutor.java:150)
	at com.kms.katalon.core.main.TestSuiteExecutor.execute(TestSuiteExecutor.java:106)
	at com.kms.katalon.core.main.TestCaseMain.startTestSuite(TestCaseMain.java:180)
	at TempTestSuite1728062229059.run(TempTestSuite1728062229059.groovy:35)
	at java.base/jdk.internal.reflect.NativeMethodAccessorImpl.invoke0(Native Method)
	at java.base/jdk.internal.reflect.NativeMethodAccessorImpl.invoke(NativeMethodAccessorImpl.java:77)
	at java.base/jdk.internal.reflect.DelegatingMethodAccessorImpl.invoke(DelegatingMethodAccessorImpl.java:43)
Caused by: com.kms.katalon.core.exception.StepFailedException: Text 'Edits to your payment plan were completed successfully' is not present on page 
	... 24 more


05-10-2024T01:37:58 - [TEST_STEP][PASSED] - resText = "Fail": null

05-10-2024T01:37:58 - [TEST_STEP][PASSED] - resColumn = "Result": null

05-10-2024T01:37:58 - [TEST_STEP][PASSED] - datCloumn = "Date": null

05-10-2024T01:37:58 - [TEST_STEP][PASSED] - fileLoc = "KatalonData/IWPTestData/VRelay25PaymentsExtension.xlsx": null

05-10-2024T01:37:58 - [TEST_STEP][PASSED] - numOfRows = <not implemented yet for class: org.codehaus.groovy.ast.expr.EmptyExpression>: null

05-10-2024T01:37:58 - [TEST_STEP][PASSED] - dataFile = <not implemented yet for class: org.codehaus.groovy.ast.expr.EmptyExpression>: null

05-10-2024T01:37:58 - [TEST_STEP][PASSED] - nameSheet = <not implemented yet for class: org.codehaus.groovy.ast.expr.EmptyExpression>: null

05-10-2024T01:37:58 - [TEST_STEP][PASSED] - dataFileEmulator = <not implemented yet for class: org.codehaus.groovy.ast.expr.EmptyExpression>: null

05-10-2024T01:37:58 - [TEST_STEP][PASSED] - isRequiredTextPresent = false: null

05-10-2024T01:37:58 - [TEST_STEP][PASSED] - nameSheet = "VerifyEditLabelAutopayCC": null

05-10-2024T01:37:58 - [TEST_STEP][PASSED] - dataFile = getExcelDataWithDefaultSheet("KatalonData/IWPTestData/VRelay25PaymentsExtension.xlsx", nameSheet, true): null

05-10-2024T01:37:58 - [TEST_STEP][PASSED] - dataFileEmulator = "IWPTestData/EmulatorData": null

05-10-2024T01:37:58 - [TEST_STEP][PASSED] - numOfRows = dataFile.getRowNumbers(): null

05-10-2024T01:37:58 - [TEST_STEP][PASSED] - println("Number of Records: " + numOfRows): null

05-10-2024T01:37:58 - [TEST_STEP][PASSED] - for ([row = 1, row <= numOfRows, (row++)]): Browser is closed

05-10-2024T01:37:58 - [TEST_STEP][PASSED] - ExecuteTC = dataFile.getValue("Execute", row): null

05-10-2024T01:37:58 - [TEST_STEP][PASSED] - out.println("Value of Execute is : " + ExecuteTC): null

05-10-2024T01:37:58 - [TEST_STEP][PASSED] - if (ExecuteTC.equalsIgnoreCase("Y")): null

05-10-2024T01:37:58 - [TEST_STEP][PASSED] - out.println("Begin Record Number: " + row): null

05-10-2024T01:37:58 - [TEST_STEP][PASSED] - today = new java.util.Date(): null

05-10-2024T01:37:58 - [TEST_STEP][PASSED] - println(today): null

05-10-2024T01:37:58 - [TEST_STEP][PASSED] - datText = today: null

05-10-2024T01:37:58 - [TEST_STEP][PASSED] - EmulatorDataKey = dataFile.getValue("EmulatorData", row): null

05-10-2024T01:37:58 - [TEST_STEP][PASSED] - out.println("Value of Emulator Key is : " + EmulatorDataKey): null

05-10-2024T01:37:58 - [TEST_STEP][PASSED] - iwpPages.emulatorIWP30.setDataEmulator_DD(EmulatorDataKey): iwpPages.emulatorIWP30.setDataEmulator_DD is PASSED

05-10-2024T01:37:59 - [MESSAGE][INFO] - Starting 'Edge Chromium' driver

05-10-2024T01:37:59 - [MESSAGE][INFO] - User set preference: ['acceptInsecureCerts', 'true']

05-10-2024T01:38:01 - [MESSAGE][INFO] - Action delay is set to 0 milliseconds

05-10-2024T01:38:03 - [MESSAGE][PASSED] - Browser is opened with url: 'https://qa.velocitypayment.com/agency/config.do?action=editor&message_version=2_5'

05-10-2024T01:38:04 - [MESSAGE][PASSED] - Current window maximized

05-10-2024T01:38:05 - [MESSAGE][PASSED] - All options with value '2.5' are selected in object 'Object Repository/IWP30/Page_VRelay30Emulator/MV'  using regular expression

05-10-2024T01:38:05 - [MESSAGE][PASSED] - Text '10.50' is set on object 'Object Repository/IWP30/Page_VRelay30Emulator/Amount'

05-10-2024T01:38:06 - [MESSAGE][PASSED] - Text 'hTBvH2phbcMn' is set on object 'Object Repository/IWP30/Page_VRelay30Emulator/CAN'

05-10-2024T01:38:07 - [MESSAGE][PASSED] - Text 'AutoPay' is set on object 'Object Repository/IWP30/Page_VRelay30Emulator/Action'

05-10-2024T01:38:07 - [MESSAGE][PASSED] - Text 'en_US' is set on object 'Object Repository/IWP30/Page_VRelay30Emulator/Lang'

05-10-2024T01:38:08 - [MESSAGE][PASSED] - Text '' is set on object 'Object Repository/IWP30/Page_VRelay30Emulator/Fname'

05-10-2024T01:38:08 - [MESSAGE][PASSED] - Text '' is set on object 'Object Repository/IWP30/Page_VRelay30Emulator/Lname'

05-10-2024T01:38:09 - [MESSAGE][PASSED] - Text '' is set on object 'Object Repository/IWP30/Page_VRelay30Emulator/AL1'

05-10-2024T01:38:09 - [MESSAGE][PASSED] - Text '' is set on object 'Object Repository/IWP30/Page_VRelay30Emulator/AL2'

05-10-2024T01:38:10 - [MESSAGE][PASSED] - Text '' is set on object 'Object Repository/IWP30/Page_VRelay30Emulator/Country'

05-10-2024T01:38:11 - [MESSAGE][PASSED] - Text '' is set on object 'Object Repository/IWP30/Page_VRelay30Emulator/City'

05-10-2024T01:38:11 - [MESSAGE][PASSED] - Text '' is set on object 'Object Repository/IWP30/Page_VRelay30Emulator/State'

05-10-2024T01:38:12 - [MESSAGE][PASSED] - Text '' is set on object 'Object Repository/IWP30/Page_VRelay30Emulator/ZIP'

05-10-2024T01:38:12 - [MESSAGE][PASSED] - Text '' is set on object 'Object Repository/IWP30/Page_VRelay30Emulator/Order'

05-10-2024T01:38:13 - [MESSAGE][PASSED] - Text '' is set on object 'Object Repository/IWP30/Page_VRelay30Emulator/Company'

05-10-2024T01:38:13 - [MESSAGE][PASSED] - Text '' is set on object 'Object Repository/IWP30/Page_VRelay30Emulator/Email'

05-10-2024T01:38:14 - [MESSAGE][PASSED] - Text '' is set on object 'Object Repository/IWP30/Page_VRelay30Emulator/UDF1'

05-10-2024T01:38:15 - [MESSAGE][PASSED] - Text '' is set on object 'Object Repository/IWP30/Page_VRelay30Emulator/UDF2'

05-10-2024T01:38:15 - [MESSAGE][PASSED] - Text '' is set on object 'Object Repository/IWP30/Page_VRelay30Emulator/UDF3'

05-10-2024T01:38:16 - [MESSAGE][PASSED] - Text 'udf data 4' is set on object 'Object Repository/IWP30/Page_VRelay30Emulator/UDF4'

05-10-2024T01:38:16 - [MESSAGE][PASSED] - Text 'udf data 5' is set on object 'Object Repository/IWP30/Page_VRelay30Emulator/UDF5'

05-10-2024T01:38:17 - [MESSAGE][PASSED] - Text '' is set on object 'Object Repository/IWP30/Page_VRelay30Emulator/UDF6'

05-10-2024T01:38:17 - [MESSAGE][PASSED] - Text '' is set on object 'Object Repository/IWP30/Page_VRelay30Emulator/UDF7'

05-10-2024T01:38:18 - [MESSAGE][PASSED] - Text '' is set on object 'Object Repository/IWP30/Page_VRelay30Emulator/UDF8'

05-10-2024T01:38:19 - [MESSAGE][PASSED] - Text 'udf data 9' is set on object 'Object Repository/IWP30/Page_VRelay30Emulator/UDF9'

05-10-2024T01:38:19 - [MESSAGE][PASSED] - Text 'udf data 10' is set on object 'Object Repository/IWP30/Page_VRelay30Emulator/UDF10'

05-10-2024T01:38:20 - [MESSAGE][PASSED] - Object: 'Object Repository/IWP30/Page_VRelay30Emulator/Submit' is clicked on

05-10-2024T01:38:25 - [MESSAGE][PASSED] - Browser is closed

05-10-2024T01:38:29 - [MESSAGE][PASSED] - iwpPages.emulatorIWP30.setDataEmulator_DD is PASSED

05-10-2024T01:38:29 - [TEST_STEP][PASSED] - testHarnessURL = urlTestHarness: null

05-10-2024T01:38:29 - [TEST_STEP][PASSED] - openBrowser(testHarnessURL): Browser is opened with url: 'https://dev-algorithm.govolution.com/vrelaytest/QA/version_2_2/vrelaytest.html'

05-10-2024T01:38:29 - [MESSAGE][INFO] - Starting 'Edge Chromium' driver

05-10-2024T01:38:29 - [MESSAGE][INFO] - User set preference: ['acceptInsecureCerts', 'true']

05-10-2024T01:38:31 - [MESSAGE][INFO] - Action delay is set to 0 milliseconds

05-10-2024T01:38:34 - [MESSAGE][PASSED] - Browser is opened with url: 'https://dev-algorithm.govolution.com/vrelaytest/QA/version_2_2/vrelaytest.html'

05-10-2024T01:38:34 - [TEST_STEP][PASSED] - maximizeWindow(): Current window maximized

05-10-2024T01:38:34 - [MESSAGE][PASSED] - Current window maximized

05-10-2024T01:38:34 - [TEST_STEP][PASSED] - iwpPages.TestHarnessPage.setDataMethodEF(row, dataFile): iwpPages.TestHarnessPage.setDataMethodEF is PASSED

05-10-2024T01:38:34 - [MESSAGE][PASSED] - Object 'Object Repository/IWP30/Page_QATestHarness/RemittanceID' is present

05-10-2024T01:38:35 - [MESSAGE][PASSED] - Text '638' is set on object 'Object Repository/IWP30/Page_QATestHarness/ApplicationID'

05-10-2024T01:38:36 - [MESSAGE][PASSED] - Text '2.5' is set on object 'Object Repository/IWP30/Page_QATestHarness/MessageVersion'

05-10-2024T01:38:36 - [MESSAGE][PASSED] - Text 'EQoUcg57GY56' is set on object 'Object Repository/IWP30/Page_QATestHarness/RemittanceID'

05-10-2024T01:38:39 - [MESSAGE][PASSED] - Object: 'Object Repository/IWP30/Page_QATestHarness/SubmitButton' is clicked on

05-10-2024T01:38:39 - [MESSAGE][PASSED] - iwpPages.TestHarnessPage.setDataMethodEF is PASSED

05-10-2024T01:38:39 - [TEST_STEP][PASSED] - click(findTestObject("Object Repository/IWP30/Page_SelectPaymentMethod/PayByCreditCard")): Object: 'Object Repository/IWP30/Page_SelectPaymentMethod/PayByCreditCard' is clicked on

05-10-2024T01:38:40 - [MESSAGE][PASSED] - Object: 'Object Repository/IWP30/Page_SelectPaymentMethod/PayByCreditCard' is clicked on

05-10-2024T01:38:40 - [TEST_STEP][PASSED] - click(findTestObject("Object Repository/IWP30/Page_SelectPaymentMethod/MakePaymentButton")): Object: 'Object Repository/IWP30/Page_SelectPaymentMethod/MakePaymentButton' is clicked on

05-10-2024T01:38:41 - [MESSAGE][PASSED] - Object: 'Object Repository/IWP30/Page_SelectPaymentMethod/MakePaymentButton' is clicked on

05-10-2024T01:38:41 - [TEST_STEP][PASSED] - iwpPages.ccPaymentEntryPage.setDataCCPM(row, dataFile): iwpPages.ccPaymentEntryPage.setDataCCPM is PASSED

05-10-2024T01:38:42 - [MESSAGE][PASSED] - Object 'Object Repository/IWP30/Page_CCPaymentEntry/Name' is present

05-10-2024T01:38:42 - [MESSAGE][PASSED] - Text 'udf data 2' is set on object 'Object Repository/IWP30/Page_CCPaymentEntry/UserDefined2'

05-10-2024T01:38:43 - [MESSAGE][PASSED] - Text 'udf data 3' is set on object 'Object Repository/IWP30/Page_CCPaymentEntry/UserDefined3'

05-10-2024T01:38:44 - [MESSAGE][PASSED] - All options with label 'Orange' are selected in object 'Object Repository/IWP30/Page_CCPaymentEntry/UserDefined7' 

05-10-2024T01:38:44 - [MESSAGE][PASSED] - All options with label 'Soccer' are selected in object 'Object Repository/IWP30/Page_CCPaymentEntry/UserDefined8' 

05-10-2024T01:38:44 - [MESSAGE][PASSED] - Object 'Object Repository/IWP30/Page_CCPaymentEntry/Name' is present

05-10-2024T01:38:45 - [MESSAGE][PASSED] - Text 'Kavita Ranawati' is set on object 'Object Repository/IWP30/Page_CCPaymentEntry/Name'

05-10-2024T01:38:45 - [MESSAGE][PASSED] - Object 'Object Repository/IWP30/Page_CCPaymentEntry/CardNumber' is present

05-10-2024T01:38:46 - [MESSAGE][PASSED] - Text '4111111111111111' is set on object 'Object Repository/IWP30/Page_CCPaymentEntry/CardNumber'

05-10-2024T01:38:46 - [MESSAGE][PASSED] - Text '123' is set on object 'Object Repository/IWP30/Page_CCPaymentEntry/SPC'

05-10-2024T01:38:47 - [MESSAGE][PASSED] - Object 'Object Repository/IWP30/Page_CCPaymentEntry/Month' is present

05-10-2024T01:38:47 - [MESSAGE][PASSED] - All options with label '01' are selected in object 'Object Repository/IWP30/Page_CCPaymentEntry/Month' 

05-10-2024T01:38:47 - [MESSAGE][PASSED] - Object 'Object Repository/IWP30/Page_CCPaymentEntry/Year' is present

05-10-2024T01:38:48 - [MESSAGE][PASSED] - All options with label '2028' are selected in object 'Object Repository/IWP30/Page_CCPaymentEntry/Year' 

05-10-2024T01:38:49 - [MESSAGE][PASSED] - Text '365 Main Avenue' is set on object 'Object Repository/IWP30/Page_CCPaymentEntry/AL1'

05-10-2024T01:38:49 - [MESSAGE][PASSED] - Text 'Ohio' is set on object 'Object Repository/IWP30/Page_CCPaymentEntry/AL2'

05-10-2024T01:38:50 - [MESSAGE][PASSED] - Text '22201' is set on object 'Object Repository/IWP30/Page_CCPaymentEntry/ZIP'

05-10-2024T01:38:50 - [MESSAGE][PASSED] - Object 'Object Repository/IWP30/Page_CCPaymentEntry/EmailAddress' is present

05-10-2024T01:38:51 - [MESSAGE][PASSED] - Text 'iahmed@govolution.com' is set on object 'Object Repository/IWP30/Page_CCPaymentEntry/EmailAddress'

05-10-2024T01:38:52 - [MESSAGE][PASSED] - Object 'Object Repository/IWP30/Page_CCPaymentEntry/TermCondCheckBox' is present

05-10-2024T01:38:52 - [MESSAGE][PASSED] - Object 'Object Repository/IWP30/Page_CCPaymentEntry/TermCondCheckBox' is checked

05-10-2024T01:38:52 - [MESSAGE][PASSED] - Object 'Object Repository/IWP30/Page_CCPaymentEntry/ContinueButton' is present

05-10-2024T01:38:54 - [MESSAGE][PASSED] - Object: 'Object Repository/IWP30/Page_CCPaymentEntry/ContinueButton' is clicked on

05-10-2024T01:38:54 - [MESSAGE][PASSED] - iwpPages.ccPaymentEntryPage.setDataCCPM is PASSED

05-10-2024T01:38:54 - [TEST_STEP][PASSED] - click(findTestObject("Object Repository/IWP30/Page_Confirmation/ConfirmButton")): Object: 'Object Repository/IWP30/Page_Confirmation/ConfirmButton' is clicked on

05-10-2024T01:38:56 - [MESSAGE][PASSED] - Object: 'Object Repository/IWP30/Page_Confirmation/ConfirmButton' is clicked on

05-10-2024T01:38:56 - [TEST_STEP][PASSED] - Thread.sleep(2000): null

05-10-2024T01:38:58 - [TEST_STEP][PASSED] - if (verifyTextPresent("AutoPay", false)): null

05-10-2024T01:38:58 - [MESSAGE][PASSED] - Text 'AutoPay' is present on page 

05-10-2024T01:38:58 - [TEST_STEP][PASSED] - openBrowser(testHarnessURL): Browser is opened with url: 'https://dev-algorithm.govolution.com/vrelaytest/QA/version_2_2/vrelaytest.html'

05-10-2024T01:38:58 - [MESSAGE][WARNING] - A browser is already opened. Closing browser and opening a new one

05-10-2024T01:38:58 - [MESSAGE][INFO] - Starting 'Edge Chromium' driver

05-10-2024T01:38:58 - [MESSAGE][INFO] - User set preference: ['acceptInsecureCerts', 'true']

05-10-2024T01:39:00 - [MESSAGE][INFO] - Action delay is set to 0 milliseconds

05-10-2024T01:39:04 - [MESSAGE][PASSED] - Browser is opened with url: 'https://dev-algorithm.govolution.com/vrelaytest/QA/version_2_2/vrelaytest.html'

05-10-2024T01:39:04 - [TEST_STEP][PASSED] - maximizeWindow(): Current window maximized

05-10-2024T01:39:04 - [MESSAGE][PASSED] - Current window maximized

05-10-2024T01:39:04 - [TEST_STEP][PASSED] - iwpPages.TestHarnessPage.setDataMethodEF(row, dataFile): iwpPages.TestHarnessPage.setDataMethodEF is PASSED

05-10-2024T01:39:04 - [MESSAGE][PASSED] - Object 'Object Repository/IWP30/Page_QATestHarness/RemittanceID' is present

05-10-2024T01:39:05 - [MESSAGE][PASSED] - Text '638' is set on object 'Object Repository/IWP30/Page_QATestHarness/ApplicationID'

05-10-2024T01:39:05 - [MESSAGE][PASSED] - Text '2.5' is set on object 'Object Repository/IWP30/Page_QATestHarness/MessageVersion'

05-10-2024T01:39:06 - [MESSAGE][PASSED] - Text 'SSR1NbwJ7m8A' is set on object 'Object Repository/IWP30/Page_QATestHarness/RemittanceID'

05-10-2024T01:39:10 - [MESSAGE][PASSED] - Object: 'Object Repository/IWP30/Page_QATestHarness/SubmitButton' is clicked on

05-10-2024T01:39:10 - [MESSAGE][PASSED] - iwpPages.TestHarnessPage.setDataMethodEF is PASSED

05-10-2024T01:39:10 - [TEST_STEP][PASSED] - click(findTestObject("Object Repository/IWP30/Page_ManagePlan_Autopay/btn_modify")): Object: 'Object Repository/IWP30/Page_ManagePlan_Autopay/btn_modify' is clicked on

05-10-2024T01:39:10 - [MESSAGE][PASSED] - Object: 'Object Repository/IWP30/Page_ManagePlan_Autopay/btn_modify' is clicked on

05-10-2024T01:39:10 - [TEST_STEP][PASSED] - click(findTestObject("Object Repository/IWP30/Page_Modify/btn_savechanges")): Object: 'Object Repository/IWP30/Page_Modify/btn_savechanges' is clicked on

05-10-2024T01:39:12 - [MESSAGE][PASSED] - Object: 'Object Repository/IWP30/Page_Modify/btn_savechanges' is clicked on

05-10-2024T01:39:12 - [TEST_STEP][FAILED] - if (verifyTextPresent("Edits to your payment plan were completed successfully", false)): Text 'Edits to your payment plan were completed successfully' is not present on page  (Root cause: com.kms.katalon.core.exception.StepFailedException: Text 'Edits to your payment plan were completed successfully' is not present on page 
	at com.kms.katalon.core.webui.keyword.internal.WebUIKeywordMain.stepFailed(WebUIKeywordMain.groovy:64)
	at com.kms.katalon.core.webui.keyword.builtin.VerifyTextPresentKeyword$_verifyTextPresent_closure1.doCall(VerifyTextPresentKeyword.groovy:79)
	at com.kms.katalon.core.webui.keyword.builtin.VerifyTextPresentKeyword$_verifyTextPresent_closure1.call(VerifyTextPresentKeyword.groovy)
	at com.kms.katalon.core.webui.keyword.internal.WebUIKeywordMain.runKeyword(WebUIKeywordMain.groovy:20)
	at com.kms.katalon.core.webui.keyword.builtin.VerifyTextPresentKeyword.verifyTextPresent(VerifyTextPresentKeyword.groovy:83)
	at com.kms.katalon.core.webui.keyword.builtin.VerifyTextPresentKeyword.execute(VerifyTextPresentKeyword.groovy:68)
	at com.kms.katalon.core.keyword.internal.KeywordExecutor.executeKeywordForPlatform(KeywordExecutor.groovy:74)
	at com.kms.katalon.core.webui.keyword.WebUiBuiltInKeywords.verifyTextPresent(WebUiBuiltInKeywords.groovy:1762)
	at VerifyEditReceiptLabelsAutoPayCC.run(VerifyEditReceiptLabelsAutoPayCC:105)
	at com.kms.katalon.core.main.ScriptEngine.run(ScriptEngine.java:194)
	at com.kms.katalon.core.main.ScriptEngine.runScriptAsRawText(ScriptEngine.java:119)
	at com.kms.katalon.core.main.TestCaseExecutor.runScript(TestCaseExecutor.java:448)
	at com.kms.katalon.core.main.TestCaseExecutor.doExecute(TestCaseExecutor.java:439)
	at com.kms.katalon.core.main.TestCaseExecutor.processExecutionPhase(TestCaseExecutor.java:418)
	at com.kms.katalon.core.main.TestCaseExecutor.accessMainPhase(TestCaseExecutor.java:410)
	at com.kms.katalon.core.main.TestCaseExecutor.execute(TestCaseExecutor.java:285)
	at com.kms.katalon.core.common.CommonExecutor.accessTestCaseMainPhase(CommonExecutor.java:65)
	at com.kms.katalon.core.main.TestSuiteExecutor.accessTestSuiteMainPhase(TestSuiteExecutor.java:150)
	at com.kms.katalon.core.main.TestSuiteExecutor.execute(TestSuiteExecutor.java:106)
	at com.kms.katalon.core.main.TestCaseMain.startTestSuite(TestCaseMain.java:180)
	at TempTestSuite1728062229059.run(TempTestSuite1728062229059.groovy:35)
	at java.base/jdk.internal.reflect.NativeMethodAccessorImpl.invoke0(Native Method)
	at java.base/jdk.internal.reflect.NativeMethodAccessorImpl.invoke(NativeMethodAccessorImpl.java:77)
	at java.base/jdk.internal.reflect.DelegatingMethodAccessorImpl.invoke(DelegatingMethodAccessorImpl.java:43)
)

05-10-2024T01:39:12 - [MESSAGE][FAILED] - Text 'Edits to your payment plan were completed successfully' is not present on page  (Root cause: com.kms.katalon.core.exception.StepFailedException: Text 'Edits to your payment plan were completed successfully' is not present on page 
	at com.kms.katalon.core.webui.keyword.internal.WebUIKeywordMain.stepFailed(WebUIKeywordMain.groovy:64)
	at com.kms.katalon.core.webui.keyword.builtin.VerifyTextPresentKeyword$_verifyTextPresent_closure1.doCall(VerifyTextPresentKeyword.groovy:79)
	at com.kms.katalon.core.webui.keyword.builtin.VerifyTextPresentKeyword$_verifyTextPresent_closure1.call(VerifyTextPresentKeyword.groovy)
	at com.kms.katalon.core.webui.keyword.internal.WebUIKeywordMain.runKeyword(WebUIKeywordMain.groovy:20)
	at com.kms.katalon.core.webui.keyword.builtin.VerifyTextPresentKeyword.verifyTextPresent(VerifyTextPresentKeyword.groovy:83)
	at com.kms.katalon.core.webui.keyword.builtin.VerifyTextPresentKeyword.execute(VerifyTextPresentKeyword.groovy:68)
	at com.kms.katalon.core.keyword.internal.KeywordExecutor.executeKeywordForPlatform(KeywordExecutor.groovy:74)
	at com.kms.katalon.core.webui.keyword.WebUiBuiltInKeywords.verifyTextPresent(WebUiBuiltInKeywords.groovy:1762)
	at VerifyEditReceiptLabelsAutoPayCC.run(VerifyEditReceiptLabelsAutoPayCC:105)
	at com.kms.katalon.core.main.ScriptEngine.run(ScriptEngine.java:194)
	at com.kms.katalon.core.main.ScriptEngine.runScriptAsRawText(ScriptEngine.java:119)
	at com.kms.katalon.core.main.TestCaseExecutor.runScript(TestCaseExecutor.java:448)
	at com.kms.katalon.core.main.TestCaseExecutor.doExecute(TestCaseExecutor.java:439)
	at com.kms.katalon.core.main.TestCaseExecutor.processExecutionPhase(TestCaseExecutor.java:418)
	at com.kms.katalon.core.main.TestCaseExecutor.accessMainPhase(TestCaseExecutor.java:410)
	at com.kms.katalon.core.main.TestCaseExecutor.execute(TestCaseExecutor.java:285)
	at com.kms.katalon.core.common.CommonExecutor.accessTestCaseMainPhase(CommonExecutor.java:65)
	at com.kms.katalon.core.main.TestSuiteExecutor.accessTestSuiteMainPhase(TestSuiteExecutor.java:150)
	at com.kms.katalon.core.main.TestSuiteExecutor.execute(TestSuiteExecutor.java:106)
	at com.kms.katalon.core.main.TestCaseMain.startTestSuite(TestCaseMain.java:180)
	at TempTestSuite1728062229059.run(TempTestSuite1728062229059.groovy:35)
	at java.base/jdk.internal.reflect.NativeMethodAccessorImpl.invoke0(Native Method)
	at java.base/jdk.internal.reflect.NativeMethodAccessorImpl.invoke(NativeMethodAccessorImpl.java:77)
	at java.base/jdk.internal.reflect.DelegatingMethodAccessorImpl.invoke(DelegatingMethodAccessorImpl.java:43)
)

05-10-2024T01:39:12 - [TEST_STEP][PASSED] - else: null

05-10-2024T01:39:12 - [TEST_STEP][PASSED] - isRequiredTextPresent = false: null

05-10-2024T01:39:12 - [TEST_STEP][PASSED] - if (isRequiredTextPresent): null

05-10-2024T01:39:12 - [TEST_STEP][PASSED] - if (isRequiredTextPresent): null

05-10-2024T01:39:12 - [TEST_STEP][PASSED] - if (isRequiredTextPresent): null

05-10-2024T01:39:12 - [TEST_STEP][PASSED] - if (isRequiredTextPresent): null

05-10-2024T01:39:12 - [TEST_STEP][PASSED] - if (isRequiredTextPresent): null

05-10-2024T01:39:12 - [TEST_STEP][PASSED] - if (isRequiredTextPresent): null

05-10-2024T01:39:12 - [TEST_STEP][PASSED] - if (isRequiredTextPresent): null

05-10-2024T01:39:12 - [TEST_STEP][PASSED] - if (isRequiredTextPresent): null

05-10-2024T01:39:12 - [TEST_STEP][PASSED] - if (isRequiredTextPresent): null

05-10-2024T01:39:12 - [TEST_STEP][PASSED] - if (isRequiredTextPresent): null

05-10-2024T01:39:12 - [TEST_STEP][PASSED] - if (isRequiredTextPresent): null

05-10-2024T01:39:12 - [TEST_STEP][PASSED] - if (isRequiredTextPresent): null

05-10-2024T01:39:12 - [TEST_STEP][PASSED] - if (isRequiredTextPresent): null

05-10-2024T01:39:12 - [TEST_STEP][PASSED] - if (isRequiredTextPresent): null

05-10-2024T01:39:12 - [TEST_STEP][PASSED] - if (isRequiredTextPresent): null

05-10-2024T01:39:12 - [TEST_STEP][PASSED] - if (isRequiredTextPresent): null

05-10-2024T01:39:12 - [TEST_STEP][PASSED] - if (isRequiredTextPresent): null

05-10-2024T01:39:12 - [TEST_STEP][PASSED] - if (isRequiredTextPresent): null

05-10-2024T01:39:12 - [TEST_STEP][PASSED] - if (isRequiredTextPresent): null

05-10-2024T01:39:12 - [TEST_STEP][PASSED] - if (isRequiredTextPresent): null

05-10-2024T01:39:12 - [TEST_STEP][PASSED] - if (isRequiredTextPresent): null

05-10-2024T01:39:12 - [TEST_STEP][PASSED] - if (isRequiredTextPresent): null

05-10-2024T01:39:12 - [TEST_STEP][PASSED] - if (isRequiredTextPresent): null

05-10-2024T01:39:12 - [TEST_STEP][PASSED] - if (isRequiredTextPresent): null

05-10-2024T01:39:12 - [TEST_STEP][PASSED] - if (isRequiredTextPresent): null

05-10-2024T01:39:12 - [TEST_STEP][PASSED] - if (isRequiredTextPresent == true): null

05-10-2024T01:39:12 - [TEST_STEP][PASSED] - else: pages.WriteExcel.demoKey is PASSED

05-10-2024T01:39:12 - [TEST_STEP][PASSED] - println("Some texts are missing on the Receipt page"): null

05-10-2024T01:39:12 - [TEST_STEP][PASSED] - resText = "Fail": null

05-10-2024T01:39:12 - [TEST_STEP][PASSED] - pages.WriteExcel.demoKey(resText, datText, resColumn, datCloumn, fileLoc, nameSheet, row): pages.WriteExcel.demoKey is PASSED

05-10-2024T01:39:12 - [MESSAGE][PASSED] - pages.WriteExcel.demoKey is PASSED

05-10-2024T01:39:12 - [TEST_STEP][PASSED] - closeBrowser(): Browser is closed

05-10-2024T01:39:12 - [MESSAGE][PASSED] - Browser is closed]]></system-out>
         <system-err><![CDATA[05-10-2024T01:37:58 - [TEST_CASE][FAILED] - Test Cases/IntegratedWeb/IWP25/Payments/VerifyEditReceiptLabelsAutoPayCC: Test Cases/IntegratedWeb/IWP25/Payments/VerifyEditReceiptLabelsAutoPayCC FAILED.
Reason:
com.kms.katalon.core.exception.StepFailedException: Text 'Edits to your payment plan were completed successfully' is not present on page  (Root cause: com.kms.katalon.core.exception.StepFailedException: Text 'Edits to your payment plan were completed successfully' is not present on page 
	at com.kms.katalon.core.webui.keyword.internal.WebUIKeywordMain.stepFailed(WebUIKeywordMain.groovy:64)
	at com.kms.katalon.core.webui.keyword.builtin.VerifyTextPresentKeyword$_verifyTextPresent_closure1.doCall(VerifyTextPresentKeyword.groovy:79)
	at com.kms.katalon.core.webui.keyword.builtin.VerifyTextPresentKeyword$_verifyTextPresent_closure1.call(VerifyTextPresentKeyword.groovy)
	at com.kms.katalon.core.webui.keyword.internal.WebUIKeywordMain.runKeyword(WebUIKeywordMain.groovy:20)
	at com.kms.katalon.core.webui.keyword.builtin.VerifyTextPresentKeyword.verifyTextPresent(VerifyTextPresentKeyword.groovy:83)
	at com.kms.katalon.core.webui.keyword.builtin.VerifyTextPresentKeyword.execute(VerifyTextPresentKeyword.groovy:68)
	at com.kms.katalon.core.keyword.internal.KeywordExecutor.executeKeywordForPlatform(KeywordExecutor.groovy:74)
	at com.kms.katalon.core.webui.keyword.WebUiBuiltInKeywords.verifyTextPresent(WebUiBuiltInKeywords.groovy:1762)
	at VerifyEditReceiptLabelsAutoPayCC.run(VerifyEditReceiptLabelsAutoPayCC:105)
	at com.kms.katalon.core.main.ScriptEngine.run(ScriptEngine.java:194)
	at com.kms.katalon.core.main.ScriptEngine.runScriptAsRawText(ScriptEngine.java:119)
	at com.kms.katalon.core.main.TestCaseExecutor.runScript(TestCaseExecutor.java:448)
	at com.kms.katalon.core.main.TestCaseExecutor.doExecute(TestCaseExecutor.java:439)
	at com.kms.katalon.core.main.TestCaseExecutor.processExecutionPhase(TestCaseExecutor.java:418)
	at com.kms.katalon.core.main.TestCaseExecutor.accessMainPhase(TestCaseExecutor.java:410)
	at com.kms.katalon.core.main.TestCaseExecutor.execute(TestCaseExecutor.java:285)
	at com.kms.katalon.core.common.CommonExecutor.accessTestCaseMainPhase(CommonExecutor.java:65)
	at com.kms.katalon.core.main.TestSuiteExecutor.accessTestSuiteMainPhase(TestSuiteExecutor.java:150)
	at com.kms.katalon.core.main.TestSuiteExecutor.execute(TestSuiteExecutor.java:106)
	at com.kms.katalon.core.main.TestCaseMain.startTestSuite(TestCaseMain.java:180)
	at TempTestSuite1728062229059.run(TempTestSuite1728062229059.groovy:35)
	at java.base/jdk.internal.reflect.NativeMethodAccessorImpl.invoke0(Native Method)
	at java.base/jdk.internal.reflect.NativeMethodAccessorImpl.invoke(NativeMethodAccessorImpl.java:77)
	at java.base/jdk.internal.reflect.DelegatingMethodAccessorImpl.invoke(DelegatingMethodAccessorImpl.java:43)
)
	at com.kms.katalon.core.keyword.internal.KeywordMain.stepFailed(KeywordMain.groovy:39)
	at com.kms.katalon.core.webui.keyword.internal.WebUIKeywordMain.stepFailed(WebUIKeywordMain.groovy:64)
	at com.kms.katalon.core.webui.keyword.builtin.VerifyTextPresentKeyword$_verifyTextPresent_closure1.doCall(VerifyTextPresentKeyword.groovy:79)
	at com.kms.katalon.core.webui.keyword.builtin.VerifyTextPresentKeyword$_verifyTextPresent_closure1.call(VerifyTextPresentKeyword.groovy)
	at com.kms.katalon.core.webui.keyword.internal.WebUIKeywordMain.runKeyword(WebUIKeywordMain.groovy:20)
	at com.kms.katalon.core.webui.keyword.builtin.VerifyTextPresentKeyword.verifyTextPresent(VerifyTextPresentKeyword.groovy:83)
	at com.kms.katalon.core.webui.keyword.builtin.VerifyTextPresentKeyword.execute(VerifyTextPresentKeyword.groovy:68)
	at com.kms.katalon.core.keyword.internal.KeywordExecutor.executeKeywordForPlatform(KeywordExecutor.groovy:74)
	at com.kms.katalon.core.webui.keyword.WebUiBuiltInKeywords.verifyTextPresent(WebUiBuiltInKeywords.groovy:1762)
	at VerifyEditReceiptLabelsAutoPayCC.run(VerifyEditReceiptLabelsAutoPayCC:105)
	at com.kms.katalon.core.main.ScriptEngine.run(ScriptEngine.java:194)
	at com.kms.katalon.core.main.ScriptEngine.runScriptAsRawText(ScriptEngine.java:119)
	at com.kms.katalon.core.main.TestCaseExecutor.runScript(TestCaseExecutor.java:448)
	at com.kms.katalon.core.main.TestCaseExecutor.doExecute(TestCaseExecutor.java:439)
	at com.kms.katalon.core.main.TestCaseExecutor.processExecutionPhase(TestCaseExecutor.java:418)
	at com.kms.katalon.core.main.TestCaseExecutor.accessMainPhase(TestCaseExecutor.java:410)
	at com.kms.katalon.core.main.TestCaseExecutor.execute(TestCaseExecutor.java:285)
	at com.kms.katalon.core.common.CommonExecutor.accessTestCaseMainPhase(CommonExecutor.java:65)
	at com.kms.katalon.core.main.TestSuiteExecutor.accessTestSuiteMainPhase(TestSuiteExecutor.java:150)
	at com.kms.katalon.core.main.TestSuiteExecutor.execute(TestSuiteExecutor.java:106)
	at com.kms.katalon.core.main.TestCaseMain.startTestSuite(TestCaseMain.java:180)
	at TempTestSuite1728062229059.run(TempTestSuite1728062229059.groovy:35)
	at java.base/jdk.internal.reflect.NativeMethodAccessorImpl.invoke0(Native Method)
	at java.base/jdk.internal.reflect.NativeMethodAccessorImpl.invoke(NativeMethodAccessorImpl.java:77)
	at java.base/jdk.internal.reflect.DelegatingMethodAccessorImpl.invoke(DelegatingMethodAccessorImpl.java:43)
Caused by: com.kms.katalon.core.exception.StepFailedException: Text 'Edits to your payment plan were completed successfully' is not present on page 
	... 24 more]]></system-err>
      </testcase>
      <testcase name="Test Cases/IntegratedWeb/IWP25/Payments/VerifyEditReceiptLabelsAutoPayCorp" time="83.733" classname="Test Cases/IntegratedWeb/IWP25/Payments/VerifyEditReceiptLabelsAutoPayCorp" status="PASSED">
         <system-out><![CDATA[05-10-2024T01:39:12 - [TEST_CASE][PASSED] - Test Cases/IntegratedWeb/IWP25/Payments/VerifyEditReceiptLabelsAutoPayCorp: Test Cases/IntegratedWeb/IWP25/Payments/VerifyEditReceiptLabelsAutoPayCorp

05-10-2024T01:39:13 - [TEST_STEP][PASSED] - resText = "Fail": null

05-10-2024T01:39:13 - [TEST_STEP][PASSED] - resColumn = "Result": null

05-10-2024T01:39:13 - [TEST_STEP][PASSED] - datCloumn = "Date": null

05-10-2024T01:39:13 - [TEST_STEP][PASSED] - fileLoc = "KatalonData/IWPTestData/VRelay25PaymentsExtension.xlsx": null

05-10-2024T01:39:13 - [TEST_STEP][PASSED] - numOfRows = <not implemented yet for class: org.codehaus.groovy.ast.expr.EmptyExpression>: null

05-10-2024T01:39:13 - [TEST_STEP][PASSED] - dataFile = <not implemented yet for class: org.codehaus.groovy.ast.expr.EmptyExpression>: null

05-10-2024T01:39:13 - [TEST_STEP][PASSED] - nameSheet = <not implemented yet for class: org.codehaus.groovy.ast.expr.EmptyExpression>: null

05-10-2024T01:39:13 - [TEST_STEP][PASSED] - dataFileEmulator = <not implemented yet for class: org.codehaus.groovy.ast.expr.EmptyExpression>: null

05-10-2024T01:39:13 - [TEST_STEP][PASSED] - isRequiredTextPresent = false: null

05-10-2024T01:39:13 - [TEST_STEP][PASSED] - nameSheet = "VerifyEditLabelAutopayCorp": null

05-10-2024T01:39:13 - [TEST_STEP][PASSED] - dataFile = getExcelDataWithDefaultSheet("KatalonData/IWPTestData/VRelay25PaymentsExtension.xlsx", nameSheet, true): null

05-10-2024T01:39:13 - [TEST_STEP][PASSED] - dataFileEmulator = "IWPTestData/EmulatorData": null

05-10-2024T01:39:13 - [TEST_STEP][PASSED] - numOfRows = dataFile.getRowNumbers(): null

05-10-2024T01:39:13 - [TEST_STEP][PASSED] - println("Number of Records: " + numOfRows): null

05-10-2024T01:39:13 - [TEST_STEP][PASSED] - for ([row = 1, row <= numOfRows, (row++)]): Browser is closed

05-10-2024T01:39:13 - [TEST_STEP][PASSED] - ExecuteTC = dataFile.getValue("Execute", row): null

05-10-2024T01:39:13 - [TEST_STEP][PASSED] - out.println("Value of Execute is : " + ExecuteTC): null

05-10-2024T01:39:13 - [TEST_STEP][PASSED] - if (ExecuteTC.equalsIgnoreCase("Y")): null

05-10-2024T01:39:13 - [TEST_STEP][PASSED] - out.println("Begin Record Number: " + row): null

05-10-2024T01:39:13 - [TEST_STEP][PASSED] - today = new java.util.Date(): null

05-10-2024T01:39:13 - [TEST_STEP][PASSED] - println(today): null

05-10-2024T01:39:13 - [TEST_STEP][PASSED] - datText = today: null

05-10-2024T01:39:13 - [TEST_STEP][PASSED] - EmulatorDataKey = dataFile.getValue("EmulatorData", row): null

05-10-2024T01:39:13 - [TEST_STEP][PASSED] - out.println("Value of Emulator Key is : " + EmulatorDataKey): null

05-10-2024T01:39:13 - [TEST_STEP][PASSED] - iwpPages.emulatorIWP30.setDataEmulator_DD(EmulatorDataKey): iwpPages.emulatorIWP30.setDataEmulator_DD is PASSED

05-10-2024T01:39:13 - [MESSAGE][INFO] - Starting 'Edge Chromium' driver

05-10-2024T01:39:13 - [MESSAGE][INFO] - User set preference: ['acceptInsecureCerts', 'true']

05-10-2024T01:39:15 - [MESSAGE][INFO] - Action delay is set to 0 milliseconds

05-10-2024T01:39:18 - [MESSAGE][PASSED] - Browser is opened with url: 'https://qa.velocitypayment.com/agency/config.do?action=editor&message_version=2_5'

05-10-2024T01:39:18 - [MESSAGE][PASSED] - Current window maximized

05-10-2024T01:39:19 - [MESSAGE][PASSED] - All options with value '2.5' are selected in object 'Object Repository/IWP30/Page_VRelay30Emulator/MV'  using regular expression

05-10-2024T01:39:20 - [MESSAGE][PASSED] - Text '10.50' is set on object 'Object Repository/IWP30/Page_VRelay30Emulator/Amount'

05-10-2024T01:39:21 - [MESSAGE][PASSED] - Text 'hFftBWinb4P5' is set on object 'Object Repository/IWP30/Page_VRelay30Emulator/CAN'

05-10-2024T01:39:21 - [MESSAGE][PASSED] - Text 'AutoPay' is set on object 'Object Repository/IWP30/Page_VRelay30Emulator/Action'

05-10-2024T01:39:22 - [MESSAGE][PASSED] - Text 'en_US' is set on object 'Object Repository/IWP30/Page_VRelay30Emulator/Lang'

05-10-2024T01:39:22 - [MESSAGE][PASSED] - Text '' is set on object 'Object Repository/IWP30/Page_VRelay30Emulator/Fname'

05-10-2024T01:39:23 - [MESSAGE][PASSED] - Text '' is set on object 'Object Repository/IWP30/Page_VRelay30Emulator/Lname'

05-10-2024T01:39:23 - [MESSAGE][PASSED] - Text '' is set on object 'Object Repository/IWP30/Page_VRelay30Emulator/AL1'

05-10-2024T01:39:24 - [MESSAGE][PASSED] - Text '' is set on object 'Object Repository/IWP30/Page_VRelay30Emulator/AL2'

05-10-2024T01:39:25 - [MESSAGE][PASSED] - Text '' is set on object 'Object Repository/IWP30/Page_VRelay30Emulator/Country'

05-10-2024T01:39:25 - [MESSAGE][PASSED] - Text '' is set on object 'Object Repository/IWP30/Page_VRelay30Emulator/City'

05-10-2024T01:39:26 - [MESSAGE][PASSED] - Text '' is set on object 'Object Repository/IWP30/Page_VRelay30Emulator/State'

05-10-2024T01:39:26 - [MESSAGE][PASSED] - Text '' is set on object 'Object Repository/IWP30/Page_VRelay30Emulator/ZIP'

05-10-2024T01:39:27 - [MESSAGE][PASSED] - Text '' is set on object 'Object Repository/IWP30/Page_VRelay30Emulator/Order'

05-10-2024T01:39:27 - [MESSAGE][PASSED] - Text '' is set on object 'Object Repository/IWP30/Page_VRelay30Emulator/Company'

05-10-2024T01:39:28 - [MESSAGE][PASSED] - Text '' is set on object 'Object Repository/IWP30/Page_VRelay30Emulator/Email'

05-10-2024T01:39:29 - [MESSAGE][PASSED] - Text '' is set on object 'Object Repository/IWP30/Page_VRelay30Emulator/UDF1'

05-10-2024T01:39:29 - [MESSAGE][PASSED] - Text '' is set on object 'Object Repository/IWP30/Page_VRelay30Emulator/UDF2'

05-10-2024T01:39:30 - [MESSAGE][PASSED] - Text '' is set on object 'Object Repository/IWP30/Page_VRelay30Emulator/UDF3'

05-10-2024T01:39:30 - [MESSAGE][PASSED] - Text 'udf data 4' is set on object 'Object Repository/IWP30/Page_VRelay30Emulator/UDF4'

05-10-2024T01:39:31 - [MESSAGE][PASSED] - Text 'udf data 5' is set on object 'Object Repository/IWP30/Page_VRelay30Emulator/UDF5'

05-10-2024T01:39:31 - [MESSAGE][PASSED] - Text '' is set on object 'Object Repository/IWP30/Page_VRelay30Emulator/UDF6'

05-10-2024T01:39:32 - [MESSAGE][PASSED] - Text '' is set on object 'Object Repository/IWP30/Page_VRelay30Emulator/UDF7'

05-10-2024T01:39:33 - [MESSAGE][PASSED] - Text '' is set on object 'Object Repository/IWP30/Page_VRelay30Emulator/UDF8'

05-10-2024T01:39:33 - [MESSAGE][PASSED] - Text 'udf data 9' is set on object 'Object Repository/IWP30/Page_VRelay30Emulator/UDF9'

05-10-2024T01:39:34 - [MESSAGE][PASSED] - Text 'udf data 10' is set on object 'Object Repository/IWP30/Page_VRelay30Emulator/UDF10'

05-10-2024T01:39:35 - [MESSAGE][PASSED] - Object: 'Object Repository/IWP30/Page_VRelay30Emulator/Submit' is clicked on

05-10-2024T01:39:40 - [MESSAGE][PASSED] - Browser is closed

05-10-2024T01:39:44 - [MESSAGE][PASSED] - iwpPages.emulatorIWP30.setDataEmulator_DD is PASSED

05-10-2024T01:39:44 - [TEST_STEP][PASSED] - testHarnessURL = urlTestHarness: null

05-10-2024T01:39:44 - [TEST_STEP][PASSED] - openBrowser(testHarnessURL): Browser is opened with url: 'https://dev-algorithm.govolution.com/vrelaytest/QA/version_2_2/vrelaytest.html'

05-10-2024T01:39:44 - [MESSAGE][INFO] - Starting 'Edge Chromium' driver

05-10-2024T01:39:44 - [MESSAGE][INFO] - User set preference: ['acceptInsecureCerts', 'true']

05-10-2024T01:39:46 - [MESSAGE][INFO] - Action delay is set to 0 milliseconds

05-10-2024T01:39:49 - [MESSAGE][PASSED] - Browser is opened with url: 'https://dev-algorithm.govolution.com/vrelaytest/QA/version_2_2/vrelaytest.html'

05-10-2024T01:39:49 - [TEST_STEP][PASSED] - maximizeWindow(): Current window maximized

05-10-2024T01:39:49 - [MESSAGE][PASSED] - Current window maximized

05-10-2024T01:39:49 - [TEST_STEP][PASSED] - iwpPages.TestHarnessPage.setDataMethodEF(row, dataFile): iwpPages.TestHarnessPage.setDataMethodEF is PASSED

05-10-2024T01:39:49 - [MESSAGE][PASSED] - Object 'Object Repository/IWP30/Page_QATestHarness/RemittanceID' is present

05-10-2024T01:39:50 - [MESSAGE][PASSED] - Text '638' is set on object 'Object Repository/IWP30/Page_QATestHarness/ApplicationID'

05-10-2024T01:39:51 - [MESSAGE][PASSED] - Text '2.5' is set on object 'Object Repository/IWP30/Page_QATestHarness/MessageVersion'

05-10-2024T01:39:51 - [MESSAGE][PASSED] - Text 'ibKiJYCocvjI' is set on object 'Object Repository/IWP30/Page_QATestHarness/RemittanceID'

05-10-2024T01:39:54 - [MESSAGE][PASSED] - Object: 'Object Repository/IWP30/Page_QATestHarness/SubmitButton' is clicked on

05-10-2024T01:39:54 - [MESSAGE][PASSED] - iwpPages.TestHarnessPage.setDataMethodEF is PASSED

05-10-2024T01:39:54 - [TEST_STEP][PASSED] - click(findTestObject("Object Repository/IWP30/Page_SelectPaymentMethod/PayByCorporateCheck")): Object: 'Object Repository/IWP30/Page_SelectPaymentMethod/PayByCorporateCheck' is clicked on

05-10-2024T01:39:55 - [MESSAGE][PASSED] - Object: 'Object Repository/IWP30/Page_SelectPaymentMethod/PayByCorporateCheck' is clicked on

05-10-2024T01:39:55 - [TEST_STEP][PASSED] - click(findTestObject("Object Repository/IWP30/Page_SelectPaymentMethod/MakePaymentButton")): Object: 'Object Repository/IWP30/Page_SelectPaymentMethod/MakePaymentButton' is clicked on

05-10-2024T01:39:56 - [MESSAGE][PASSED] - Object: 'Object Repository/IWP30/Page_SelectPaymentMethod/MakePaymentButton' is clicked on

05-10-2024T01:39:56 - [TEST_STEP][PASSED] - iwpPages.achCorporatePaymentEntryPage.setDataCorporate(row, dataFile): iwpPages.achCorporatePaymentEntryPage.setDataCorporate is PASSED

05-10-2024T01:39:57 - [MESSAGE][PASSED] - Object 'Object Repository/IWP30/Page_ACHCorporatePaymentEntry/txt_accountNumber' is present

05-10-2024T01:39:57 - [MESSAGE][PASSED] - Object 'Object Repository/IWP30/Page_ACHCorporatePaymentEntry/input_CompanyName' is present

05-10-2024T01:39:58 - [MESSAGE][PASSED] - Text 'My Company' is set on object 'Object Repository/IWP30/Page_ACHCorporatePaymentEntry/input_CompanyName'

05-10-2024T01:39:58 - [MESSAGE][PASSED] - Object 'Object Repository/IWP30/Page_ACHCorporatePaymentEntry/input_EIN' is present

05-10-2024T01:39:59 - [MESSAGE][PASSED] - Text '123456789' is set on object 'Object Repository/IWP30/Page_ACHCorporatePaymentEntry/input_EIN'

05-10-2024T01:39:59 - [MESSAGE][PASSED] - Text 'udf data 2' is set on object 'Object Repository/IWP30/Page_ACHCorporatePaymentEntry/txt_UDF2'

05-10-2024T01:40:00 - [MESSAGE][PASSED] - Text 'udf data 3' is set on object 'Object Repository/IWP30/Page_ACHCorporatePaymentEntry/txt_UDF3'

05-10-2024T01:40:00 - [MESSAGE][PASSED] - All options with label 'Orange' are selected in object 'Object Repository/IWP30/Page_ACHCorporatePaymentEntry/dd_UDF7' 

05-10-2024T01:40:01 - [MESSAGE][PASSED] - All options with label 'Soccer' are selected in object 'Object Repository/IWP30/Page_ACHCorporatePaymentEntry/dd_UDF8' 

05-10-2024T01:40:01 - [MESSAGE][PASSED] - Object 'Object Repository/IWP30/Page_ACHCorporatePaymentEntry/txt_routingNumber' is present

05-10-2024T01:40:02 - [MESSAGE][PASSED] - Text '256072691' is set on object 'Object Repository/IWP30/Page_ACHCorporatePaymentEntry/txt_routingNumber'

05-10-2024T01:40:02 - [MESSAGE][PASSED] - Object 'Object Repository/IWP30/Page_ACHCorporatePaymentEntry/txt_accountNumber' is present

05-10-2024T01:40:04 - [MESSAGE][PASSED] - Text '12344444' is set on object 'Object Repository/IWP30/Page_ACHCorporatePaymentEntry/txt_accountNumber'

05-10-2024T01:40:04 - [MESSAGE][PASSED] - Object 'Object Repository/IWP30/Page_ACHCorporatePaymentEntry/txt_confirmAccountNumber' is present

05-10-2024T01:40:05 - [MESSAGE][PASSED] - Text '12344444' is set on object 'Object Repository/IWP30/Page_ACHCorporatePaymentEntry/txt_confirmAccountNumber'

05-10-2024T01:40:05 - [MESSAGE][PASSED] - Text '365 Main Avenue' is set on object 'Object Repository/IWP30/Page_ACHCorporatePaymentEntry/txt_AL1'

05-10-2024T01:40:06 - [MESSAGE][PASSED] - Text 'Ohio' is set on object 'Object Repository/IWP30/Page_ACHCorporatePaymentEntry/txt_AL2'

05-10-2024T01:40:06 - [MESSAGE][PASSED] - Text '22201' is set on object 'Object Repository/IWP30/Page_ACHCorporatePaymentEntry/txt_ZIP'

05-10-2024T01:40:07 - [MESSAGE][PASSED] - Object 'Object Repository/IWP30/Page_ACHCorporatePaymentEntry/txt_Email' is present

05-10-2024T01:40:08 - [MESSAGE][PASSED] - Text 'iahmed@govolution.com' is set on object 'Object Repository/IWP30/Page_ACHCorporatePaymentEntry/txt_Email'

05-10-2024T01:40:08 - [MESSAGE][PASSED] - Object 'Object Repository/IWP30/Page_ACHCorporatePaymentEntry/cb_TermsAndCond' is present

05-10-2024T01:40:08 - [MESSAGE][PASSED] - Object: 'Object Repository/IWP30/Page_ACHCorporatePaymentEntry/cb_TermsAndCond' is clicked on

05-10-2024T01:40:08 - [MESSAGE][PASSED] - Object 'Object Repository/IWP30/Page_ACHCorporatePaymentEntry/btn_Continue' is present

05-10-2024T01:40:10 - [MESSAGE][PASSED] - Object: 'Object Repository/IWP30/Page_ACHCorporatePaymentEntry/btn_Continue' is clicked on

05-10-2024T01:40:10 - [MESSAGE][PASSED] - iwpPages.achCorporatePaymentEntryPage.setDataCorporate is PASSED

05-10-2024T01:40:10 - [TEST_STEP][PASSED] - click(findTestObject("Object Repository/IWP30/Page_Confirmation/ConfirmButton")): Object: 'Object Repository/IWP30/Page_Confirmation/ConfirmButton' is clicked on

05-10-2024T01:40:11 - [MESSAGE][PASSED] - Object: 'Object Repository/IWP30/Page_Confirmation/ConfirmButton' is clicked on

05-10-2024T01:40:11 - [TEST_STEP][PASSED] - Thread.sleep(2000): null

05-10-2024T01:40:13 - [TEST_STEP][PASSED] - if (verifyTextPresent("AutoPay", false)): null

05-10-2024T01:40:14 - [MESSAGE][PASSED] - Text 'AutoPay' is present on page 

05-10-2024T01:40:14 - [TEST_STEP][PASSED] - openBrowser(testHarnessURL): Browser is opened with url: 'https://dev-algorithm.govolution.com/vrelaytest/QA/version_2_2/vrelaytest.html'

05-10-2024T01:40:14 - [MESSAGE][WARNING] - A browser is already opened. Closing browser and opening a new one

05-10-2024T01:40:14 - [MESSAGE][INFO] - Starting 'Edge Chromium' driver

05-10-2024T01:40:14 - [MESSAGE][INFO] - User set preference: ['acceptInsecureCerts', 'true']

05-10-2024T01:40:16 - [MESSAGE][INFO] - Action delay is set to 0 milliseconds

05-10-2024T01:40:19 - [MESSAGE][PASSED] - Browser is opened with url: 'https://dev-algorithm.govolution.com/vrelaytest/QA/version_2_2/vrelaytest.html'

05-10-2024T01:40:19 - [TEST_STEP][PASSED] - maximizeWindow(): Current window maximized

05-10-2024T01:40:19 - [MESSAGE][PASSED] - Current window maximized

05-10-2024T01:40:19 - [TEST_STEP][PASSED] - iwpPages.TestHarnessPage.setDataMethodEF(row, dataFile): iwpPages.TestHarnessPage.setDataMethodEF is PASSED

05-10-2024T01:40:20 - [MESSAGE][PASSED] - Object 'Object Repository/IWP30/Page_QATestHarness/RemittanceID' is present

05-10-2024T01:40:20 - [MESSAGE][PASSED] - Text '638' is set on object 'Object Repository/IWP30/Page_QATestHarness/ApplicationID'

05-10-2024T01:40:21 - [MESSAGE][PASSED] - Text '2.5' is set on object 'Object Repository/IWP30/Page_QATestHarness/MessageVersion'

05-10-2024T01:40:22 - [MESSAGE][PASSED] - Text '6HNZ71uoWIb4' is set on object 'Object Repository/IWP30/Page_QATestHarness/RemittanceID'

05-10-2024T01:40:26 - [MESSAGE][PASSED] - Object: 'Object Repository/IWP30/Page_QATestHarness/SubmitButton' is clicked on

05-10-2024T01:40:26 - [MESSAGE][PASSED] - iwpPages.TestHarnessPage.setDataMethodEF is PASSED

05-10-2024T01:40:26 - [TEST_STEP][PASSED] - click(findTestObject("Object Repository/IWP30/Page_ManagePlan_Autopay/btn_modify")): Object: 'Object Repository/IWP30/Page_ManagePlan_Autopay/btn_modify' is clicked on

05-10-2024T01:40:26 - [MESSAGE][PASSED] - Object: 'Object Repository/IWP30/Page_ManagePlan_Autopay/btn_modify' is clicked on

05-10-2024T01:40:26 - [TEST_STEP][PASSED] - click(findTestObject("Object Repository/IWP30/Page_Modify/btn_savechanges")): Object: 'Object Repository/IWP30/Page_Modify/btn_savechanges' is clicked on

05-10-2024T01:40:28 - [MESSAGE][PASSED] - Object: 'Object Repository/IWP30/Page_Modify/btn_savechanges' is clicked on

05-10-2024T01:40:28 - [TEST_STEP][PASSED] - if (verifyTextPresent("Edits to your payment plan were completed successfully", false)): null

05-10-2024T01:40:28 - [MESSAGE][PASSED] - Text 'Edits to your payment plan were completed successfully' is present on page 

05-10-2024T01:40:28 - [TEST_STEP][PASSED] - isRequiredTextPresent = true: null

05-10-2024T01:40:28 - [TEST_STEP][PASSED] - println(isRequiredTextPresent): null

05-10-2024T01:40:28 - [TEST_STEP][PASSED] - if (isRequiredTextPresent): null

05-10-2024T01:40:28 - [TEST_STEP][PASSED] - if (verifyTextPresent("CAN Label:", false)): null

05-10-2024T01:40:29 - [MESSAGE][PASSED] - Text 'CAN Label:' is present on page 

05-10-2024T01:40:29 - [TEST_STEP][PASSED] - isRequiredTextPresent = true: null

05-10-2024T01:40:29 - [TEST_STEP][PASSED] - println(isRequiredTextPresent): null

05-10-2024T01:40:29 - [TEST_STEP][PASSED] - if (isRequiredTextPresent): null

05-10-2024T01:40:29 - [TEST_STEP][PASSED] - if (verifyTextPresent("UDF2 Label:", false)): null

05-10-2024T01:40:29 - [MESSAGE][PASSED] - Text 'UDF2 Label:' is present on page 

05-10-2024T01:40:29 - [TEST_STEP][PASSED] - isRequiredTextPresent = true: null

05-10-2024T01:40:29 - [TEST_STEP][PASSED] - println(isRequiredTextPresent): null

05-10-2024T01:40:29 - [TEST_STEP][PASSED] - if (isRequiredTextPresent): null

05-10-2024T01:40:29 - [TEST_STEP][PASSED] - if (verifyTextPresent("UDF3 Label:", false)): null

05-10-2024T01:40:29 - [MESSAGE][PASSED] - Text 'UDF3 Label:' is present on page 

05-10-2024T01:40:29 - [TEST_STEP][PASSED] - isRequiredTextPresent = true: null

05-10-2024T01:40:29 - [TEST_STEP][PASSED] - println(isRequiredTextPresent): null

05-10-2024T01:40:29 - [TEST_STEP][PASSED] - if (isRequiredTextPresent): null

05-10-2024T01:40:29 - [TEST_STEP][PASSED] - if (verifyTextPresent("UDF4 Label:", false)): null

05-10-2024T01:40:30 - [MESSAGE][PASSED] - Text 'UDF4 Label:' is present on page 

05-10-2024T01:40:30 - [TEST_STEP][PASSED] - isRequiredTextPresent = true: null

05-10-2024T01:40:30 - [TEST_STEP][PASSED] - println(isRequiredTextPresent): null

05-10-2024T01:40:30 - [TEST_STEP][PASSED] - if (isRequiredTextPresent): null

05-10-2024T01:40:30 - [TEST_STEP][PASSED] - if (verifyTextPresent("UDF7 Label:", false)): null

05-10-2024T01:40:30 - [MESSAGE][PASSED] - Text 'UDF7 Label:' is present on page 

05-10-2024T01:40:30 - [TEST_STEP][PASSED] - isRequiredTextPresent = true: null

05-10-2024T01:40:30 - [TEST_STEP][PASSED] - println(isRequiredTextPresent): null

05-10-2024T01:40:30 - [TEST_STEP][PASSED] - if (isRequiredTextPresent): null

05-10-2024T01:40:30 - [TEST_STEP][PASSED] - if (verifyTextPresent("UDF8 Label:", false)): null

05-10-2024T01:40:30 - [MESSAGE][PASSED] - Text 'UDF8 Label:' is present on page 

05-10-2024T01:40:30 - [TEST_STEP][PASSED] - isRequiredTextPresent = true: null

05-10-2024T01:40:30 - [TEST_STEP][PASSED] - println(isRequiredTextPresent): null

05-10-2024T01:40:30 - [TEST_STEP][PASSED] - if (isRequiredTextPresent): null

05-10-2024T01:40:30 - [TEST_STEP][PASSED] - if (verifyTextPresent("UDF9 Label:", false)): null

05-10-2024T01:40:31 - [MESSAGE][PASSED] - Text 'UDF9 Label:' is present on page 

05-10-2024T01:40:31 - [TEST_STEP][PASSED] - isRequiredTextPresent = true: null

05-10-2024T01:40:31 - [TEST_STEP][PASSED] - println(isRequiredTextPresent): null

05-10-2024T01:40:31 - [TEST_STEP][PASSED] - if (isRequiredTextPresent): null

05-10-2024T01:40:31 - [TEST_STEP][PASSED] - if (verifyTextPresent("Account Information:", false)): null

05-10-2024T01:40:31 - [MESSAGE][PASSED] - Text 'Account Information:' is present on page 

05-10-2024T01:40:31 - [TEST_STEP][PASSED] - isRequiredTextPresent = true: null

05-10-2024T01:40:31 - [TEST_STEP][PASSED] - println(isRequiredTextPresent): null

05-10-2024T01:40:31 - [TEST_STEP][PASSED] - if (isRequiredTextPresent): null

05-10-2024T01:40:31 - [TEST_STEP][PASSED] - if (verifyTextPresent("Company Name:", false)): null

05-10-2024T01:40:31 - [MESSAGE][PASSED] - Text 'Company Name:' is present on page 

05-10-2024T01:40:31 - [TEST_STEP][PASSED] - isRequiredTextPresent = true: null

05-10-2024T01:40:31 - [TEST_STEP][PASSED] - println(isRequiredTextPresent): null

05-10-2024T01:40:31 - [TEST_STEP][PASSED] - if (isRequiredTextPresent): null

05-10-2024T01:40:31 - [TEST_STEP][PASSED] - if (verifyTextPresent("Routing Transit Number:", false)): null

05-10-2024T01:40:31 - [MESSAGE][PASSED] - Text 'Routing Transit Number:' is present on page 

05-10-2024T01:40:31 - [TEST_STEP][PASSED] - isRequiredTextPresent = true: null

05-10-2024T01:40:31 - [TEST_STEP][PASSED] - println(isRequiredTextPresent): null

05-10-2024T01:40:31 - [TEST_STEP][PASSED] - if (isRequiredTextPresent): null

05-10-2024T01:40:31 - [TEST_STEP][PASSED] - if (verifyTextPresent("Account Number:", false)): null

05-10-2024T01:40:32 - [MESSAGE][PASSED] - Text 'Account Number:' is present on page 

05-10-2024T01:40:32 - [TEST_STEP][PASSED] - isRequiredTextPresent = true: null

05-10-2024T01:40:32 - [TEST_STEP][PASSED] - println(isRequiredTextPresent): null

05-10-2024T01:40:32 - [TEST_STEP][PASSED] - if (isRequiredTextPresent): null

05-10-2024T01:40:32 - [TEST_STEP][PASSED] - if (verifyTextPresent("Employer Identification Number (EIN):", false)): null

05-10-2024T01:40:32 - [MESSAGE][PASSED] - Text 'Employer Identification Number (EIN):' is present on page 

05-10-2024T01:40:32 - [TEST_STEP][PASSED] - isRequiredTextPresent = true: null

05-10-2024T01:40:32 - [TEST_STEP][PASSED] - println(isRequiredTextPresent): null

05-10-2024T01:40:32 - [TEST_STEP][PASSED] - if (isRequiredTextPresent): null

05-10-2024T01:40:32 - [TEST_STEP][PASSED] - if (verifyTextPresent("Type of Account:", false)): null

05-10-2024T01:40:32 - [MESSAGE][PASSED] - Text 'Type of Account:' is present on page 

05-10-2024T01:40:32 - [TEST_STEP][PASSED] - isRequiredTextPresent = true: null

05-10-2024T01:40:32 - [TEST_STEP][PASSED] - println(isRequiredTextPresent): null

05-10-2024T01:40:32 - [TEST_STEP][PASSED] - if (isRequiredTextPresent): null

05-10-2024T01:40:32 - [TEST_STEP][PASSED] - if (verifyTextPresent("Address Line 1:", false)): null

05-10-2024T01:40:33 - [MESSAGE][PASSED] - Text 'Address Line 1:' is present on page 

05-10-2024T01:40:33 - [TEST_STEP][PASSED] - isRequiredTextPresent = true: null

05-10-2024T01:40:33 - [TEST_STEP][PASSED] - println(isRequiredTextPresent): null

05-10-2024T01:40:33 - [TEST_STEP][PASSED] - if (isRequiredTextPresent): null

05-10-2024T01:40:33 - [TEST_STEP][PASSED] - if (verifyTextPresent("Address Line 2:", false)): null

05-10-2024T01:40:33 - [MESSAGE][PASSED] - Text 'Address Line 2:' is present on page 

05-10-2024T01:40:33 - [TEST_STEP][PASSED] - isRequiredTextPresent = true: null

05-10-2024T01:40:33 - [TEST_STEP][PASSED] - println(isRequiredTextPresent): null

05-10-2024T01:40:33 - [TEST_STEP][PASSED] - if (isRequiredTextPresent): null

05-10-2024T01:40:33 - [TEST_STEP][PASSED] - if (verifyTextPresent("Country:", false)): null

05-10-2024T01:40:33 - [MESSAGE][PASSED] - Text 'Country:' is present on page 

05-10-2024T01:40:33 - [TEST_STEP][PASSED] - isRequiredTextPresent = true: null

05-10-2024T01:40:33 - [TEST_STEP][PASSED] - println(isRequiredTextPresent): null

05-10-2024T01:40:33 - [TEST_STEP][PASSED] - if (isRequiredTextPresent): null

05-10-2024T01:40:33 - [TEST_STEP][PASSED] - if (verifyTextPresent("City:", false)): null

05-10-2024T01:40:33 - [MESSAGE][PASSED] - Text 'City:' is present on page 

05-10-2024T01:40:33 - [TEST_STEP][PASSED] - isRequiredTextPresent = true: null

05-10-2024T01:40:33 - [TEST_STEP][PASSED] - println(isRequiredTextPresent): null

05-10-2024T01:40:33 - [TEST_STEP][PASSED] - if (isRequiredTextPresent): null

05-10-2024T01:40:33 - [TEST_STEP][PASSED] - if (verifyTextPresent("State:", false)): null

05-10-2024T01:40:34 - [MESSAGE][PASSED] - Text 'State:' is present on page 

05-10-2024T01:40:34 - [TEST_STEP][PASSED] - isRequiredTextPresent = true: null

05-10-2024T01:40:34 - [TEST_STEP][PASSED] - println(isRequiredTextPresent): null

05-10-2024T01:40:34 - [TEST_STEP][PASSED] - if (isRequiredTextPresent): null

05-10-2024T01:40:34 - [TEST_STEP][PASSED] - if (verifyTextPresent("ZIP Code:", false)): null

05-10-2024T01:40:34 - [MESSAGE][PASSED] - Text 'ZIP Code:' is present on page 

05-10-2024T01:40:34 - [TEST_STEP][PASSED] - isRequiredTextPresent = true: null

05-10-2024T01:40:34 - [TEST_STEP][PASSED] - println(isRequiredTextPresent): null

05-10-2024T01:40:34 - [TEST_STEP][PASSED] - if (isRequiredTextPresent): null

05-10-2024T01:40:34 - [TEST_STEP][PASSED] - if (verifyTextPresent("Email Address:", false)): null

05-10-2024T01:40:34 - [MESSAGE][PASSED] - Text 'Email Address:' is present on page 

05-10-2024T01:40:34 - [TEST_STEP][PASSED] - isRequiredTextPresent = true: null

05-10-2024T01:40:34 - [TEST_STEP][PASSED] - println(isRequiredTextPresent): null

05-10-2024T01:40:34 - [TEST_STEP][PASSED] - if (isRequiredTextPresent): null

05-10-2024T01:40:34 - [TEST_STEP][PASSED] - if (verifyTextPresent("Payment Plan Information:", false)): null

05-10-2024T01:40:35 - [MESSAGE][PASSED] - Text 'Payment Plan Information:' is present on page 

05-10-2024T01:40:35 - [TEST_STEP][PASSED] - isRequiredTextPresent = true: null

05-10-2024T01:40:35 - [TEST_STEP][PASSED] - println(isRequiredTextPresent): null

05-10-2024T01:40:35 - [TEST_STEP][PASSED] - if (isRequiredTextPresent): null

05-10-2024T01:40:35 - [TEST_STEP][PASSED] - if (verifyTextPresent("Payment Plan Type:", false)): null

05-10-2024T01:40:35 - [MESSAGE][PASSED] - Text 'Payment Plan Type:' is present on page 

05-10-2024T01:40:35 - [TEST_STEP][PASSED] - isRequiredTextPresent = true: null

05-10-2024T01:40:35 - [TEST_STEP][PASSED] - println(isRequiredTextPresent): null

05-10-2024T01:40:35 - [TEST_STEP][PASSED] - if (isRequiredTextPresent): null

05-10-2024T01:40:35 - [TEST_STEP][PASSED] - if (verifyTextPresent("Payment Plan ID:", false)): null

05-10-2024T01:40:35 - [MESSAGE][PASSED] - Text 'Payment Plan ID:' is present on page 

05-10-2024T01:40:35 - [TEST_STEP][PASSED] - isRequiredTextPresent = true: null

05-10-2024T01:40:35 - [TEST_STEP][PASSED] - println(isRequiredTextPresent): null

05-10-2024T01:40:35 - [TEST_STEP][PASSED] - if (isRequiredTextPresent): null

05-10-2024T01:40:35 - [TEST_STEP][PASSED] - if (verifyTextPresent("Payment Plan Start Date:", false)): null

05-10-2024T01:40:35 - [MESSAGE][PASSED] - Text 'Payment Plan Start Date:' is present on page 

05-10-2024T01:40:35 - [TEST_STEP][PASSED] - isRequiredTextPresent = true: null

05-10-2024T01:40:35 - [TEST_STEP][PASSED] - println(isRequiredTextPresent): null

05-10-2024T01:40:35 - [TEST_STEP][PASSED] - if (isRequiredTextPresent): null

05-10-2024T01:40:35 - [TEST_STEP][PASSED] - if (verifyTextPresent("Payment Plan End Date:", false)): null

05-10-2024T01:40:36 - [MESSAGE][PASSED] - Text 'Payment Plan End Date:' is present on page 

05-10-2024T01:40:36 - [TEST_STEP][PASSED] - isRequiredTextPresent = true: null

05-10-2024T01:40:36 - [TEST_STEP][PASSED] - println(isRequiredTextPresent): null

05-10-2024T01:40:36 - [TEST_STEP][PASSED] - if (isRequiredTextPresent == true): pages.WriteExcel.demoKey is PASSED

05-10-2024T01:40:36 - [TEST_STEP][PASSED] - println("All the relevant texts are present on Receipt Page"): null

05-10-2024T01:40:36 - [TEST_STEP][PASSED] - markPassed("All the relevant texts are present on Receipt Page"): All the relevant texts are present on Receipt Page

05-10-2024T01:40:36 - [MESSAGE][PASSED] - All the relevant texts are present on Receipt Page

05-10-2024T01:40:36 - [TEST_STEP][PASSED] - resText = "Pass": null

05-10-2024T01:40:36 - [TEST_STEP][PASSED] - pages.WriteExcel.demoKey(resText, datText, resColumn, datCloumn, fileLoc, nameSheet, row): pages.WriteExcel.demoKey is PASSED

05-10-2024T01:40:36 - [MESSAGE][PASSED] - pages.WriteExcel.demoKey is PASSED

05-10-2024T01:40:36 - [TEST_STEP][PASSED] - closeBrowser(): Browser is closed

05-10-2024T01:40:36 - [MESSAGE][PASSED] - Browser is closed]]></system-out>
         <system-err><![CDATA[]]></system-err>
      </testcase>
      <testcase name="Test Cases/IntegratedWeb/IWP25/Payments/VerifyEditReceiptLabelsAutoPayPC" time="83.341" classname="Test Cases/IntegratedWeb/IWP25/Payments/VerifyEditReceiptLabelsAutoPayPC" status="PASSED">
         <system-out><![CDATA[05-10-2024T01:40:36 - [TEST_CASE][PASSED] - Test Cases/IntegratedWeb/IWP25/Payments/VerifyEditReceiptLabelsAutoPayPC: Test Cases/IntegratedWeb/IWP25/Payments/VerifyEditReceiptLabelsAutoPayPC

05-10-2024T01:40:36 - [TEST_STEP][PASSED] - resText = "Fail": null

05-10-2024T01:40:36 - [TEST_STEP][PASSED] - resColumn = "Result": null

05-10-2024T01:40:36 - [TEST_STEP][PASSED] - datCloumn = "Date": null

05-10-2024T01:40:36 - [TEST_STEP][PASSED] - fileLoc = "KatalonData/IWPTestData/VRelay25PaymentsExtension.xlsx": null

05-10-2024T01:40:36 - [TEST_STEP][PASSED] - numOfRows = <not implemented yet for class: org.codehaus.groovy.ast.expr.EmptyExpression>: null

05-10-2024T01:40:36 - [TEST_STEP][PASSED] - dataFile = <not implemented yet for class: org.codehaus.groovy.ast.expr.EmptyExpression>: null

05-10-2024T01:40:36 - [TEST_STEP][PASSED] - nameSheet = <not implemented yet for class: org.codehaus.groovy.ast.expr.EmptyExpression>: null

05-10-2024T01:40:36 - [TEST_STEP][PASSED] - dataFileEmulator = <not implemented yet for class: org.codehaus.groovy.ast.expr.EmptyExpression>: null

05-10-2024T01:40:36 - [TEST_STEP][PASSED] - isRequiredTextPresent = false: null

05-10-2024T01:40:36 - [TEST_STEP][PASSED] - nameSheet = "VerifyEditLabelAutopayPC": null

05-10-2024T01:40:36 - [TEST_STEP][PASSED] - dataFile = getExcelDataWithDefaultSheet("KatalonData/IWPTestData/VRelay25PaymentsExtension.xlsx", nameSheet, true): null

05-10-2024T01:40:36 - [TEST_STEP][PASSED] - dataFileEmulator = "IWPTestData/EmulatorData": null

05-10-2024T01:40:36 - [TEST_STEP][PASSED] - numOfRows = dataFile.getRowNumbers(): null

05-10-2024T01:40:36 - [TEST_STEP][PASSED] - println("Number of Records: " + numOfRows): null

05-10-2024T01:40:36 - [TEST_STEP][PASSED] - for ([row = 1, row <= numOfRows, (row++)]): Browser is closed

05-10-2024T01:40:36 - [TEST_STEP][PASSED] - ExecuteTC = dataFile.getValue("Execute", row): null

05-10-2024T01:40:36 - [TEST_STEP][PASSED] - out.println("Value of Execute is : " + ExecuteTC): null

05-10-2024T01:40:36 - [TEST_STEP][PASSED] - if (ExecuteTC.equalsIgnoreCase("Y")): null

05-10-2024T01:40:36 - [TEST_STEP][PASSED] - out.println("Begin Record Number: " + row): null

05-10-2024T01:40:36 - [TEST_STEP][PASSED] - today = new java.util.Date(): null

05-10-2024T01:40:36 - [TEST_STEP][PASSED] - println(today): null

05-10-2024T01:40:36 - [TEST_STEP][PASSED] - datText = today: null

05-10-2024T01:40:36 - [TEST_STEP][PASSED] - EmulatorDataKey = dataFile.getValue("EmulatorData", row): null

05-10-2024T01:40:36 - [TEST_STEP][PASSED] - out.println("Value of Emulator Key is : " + EmulatorDataKey): null

05-10-2024T01:40:36 - [TEST_STEP][PASSED] - iwpPages.emulatorIWP30.setDataEmulator_DD(EmulatorDataKey): iwpPages.emulatorIWP30.setDataEmulator_DD is PASSED

05-10-2024T01:40:37 - [MESSAGE][INFO] - Starting 'Edge Chromium' driver

05-10-2024T01:40:37 - [MESSAGE][INFO] - User set preference: ['acceptInsecureCerts', 'true']

05-10-2024T01:40:39 - [MESSAGE][INFO] - Action delay is set to 0 milliseconds

05-10-2024T01:40:42 - [MESSAGE][PASSED] - Browser is opened with url: 'https://qa.velocitypayment.com/agency/config.do?action=editor&message_version=2_5'

05-10-2024T01:40:42 - [MESSAGE][PASSED] - Current window maximized

05-10-2024T01:40:43 - [MESSAGE][PASSED] - All options with value '2.5' are selected in object 'Object Repository/IWP30/Page_VRelay30Emulator/MV'  using regular expression

05-10-2024T01:40:44 - [MESSAGE][PASSED] - Text '10.50' is set on object 'Object Repository/IWP30/Page_VRelay30Emulator/Amount'

05-10-2024T01:40:44 - [MESSAGE][PASSED] - Text 'ice6Y5UMpbnq' is set on object 'Object Repository/IWP30/Page_VRelay30Emulator/CAN'

05-10-2024T01:40:45 - [MESSAGE][PASSED] - Text 'AutoPay' is set on object 'Object Repository/IWP30/Page_VRelay30Emulator/Action'

05-10-2024T01:40:46 - [MESSAGE][PASSED] - Text 'en_US' is set on object 'Object Repository/IWP30/Page_VRelay30Emulator/Lang'

05-10-2024T01:40:46 - [MESSAGE][PASSED] - Text '' is set on object 'Object Repository/IWP30/Page_VRelay30Emulator/Fname'

05-10-2024T01:40:47 - [MESSAGE][PASSED] - Text '' is set on object 'Object Repository/IWP30/Page_VRelay30Emulator/Lname'

05-10-2024T01:40:47 - [MESSAGE][PASSED] - Text '' is set on object 'Object Repository/IWP30/Page_VRelay30Emulator/AL1'

05-10-2024T01:40:48 - [MESSAGE][PASSED] - Text '' is set on object 'Object Repository/IWP30/Page_VRelay30Emulator/AL2'

05-10-2024T01:40:48 - [MESSAGE][PASSED] - Text '' is set on object 'Object Repository/IWP30/Page_VRelay30Emulator/Country'

05-10-2024T01:40:49 - [MESSAGE][PASSED] - Text '' is set on object 'Object Repository/IWP30/Page_VRelay30Emulator/City'

05-10-2024T01:40:50 - [MESSAGE][PASSED] - Text '' is set on object 'Object Repository/IWP30/Page_VRelay30Emulator/State'

05-10-2024T01:40:50 - [MESSAGE][PASSED] - Text '' is set on object 'Object Repository/IWP30/Page_VRelay30Emulator/ZIP'

05-10-2024T01:40:51 - [MESSAGE][PASSED] - Text '' is set on object 'Object Repository/IWP30/Page_VRelay30Emulator/Order'

05-10-2024T01:40:51 - [MESSAGE][PASSED] - Text '' is set on object 'Object Repository/IWP30/Page_VRelay30Emulator/Company'

05-10-2024T01:40:52 - [MESSAGE][PASSED] - Text '' is set on object 'Object Repository/IWP30/Page_VRelay30Emulator/Email'

05-10-2024T01:40:52 - [MESSAGE][PASSED] - Text '' is set on object 'Object Repository/IWP30/Page_VRelay30Emulator/UDF1'

05-10-2024T01:40:53 - [MESSAGE][PASSED] - Text '' is set on object 'Object Repository/IWP30/Page_VRelay30Emulator/UDF2'

05-10-2024T01:40:54 - [MESSAGE][PASSED] - Text '' is set on object 'Object Repository/IWP30/Page_VRelay30Emulator/UDF3'

05-10-2024T01:40:54 - [MESSAGE][PASSED] - Text 'udf data 4' is set on object 'Object Repository/IWP30/Page_VRelay30Emulator/UDF4'

05-10-2024T01:40:55 - [MESSAGE][PASSED] - Text 'udf data 5' is set on object 'Object Repository/IWP30/Page_VRelay30Emulator/UDF5'

05-10-2024T01:40:55 - [MESSAGE][PASSED] - Text '' is set on object 'Object Repository/IWP30/Page_VRelay30Emulator/UDF6'

05-10-2024T01:40:56 - [MESSAGE][PASSED] - Text '' is set on object 'Object Repository/IWP30/Page_VRelay30Emulator/UDF7'

05-10-2024T01:40:56 - [MESSAGE][PASSED] - Text '' is set on object 'Object Repository/IWP30/Page_VRelay30Emulator/UDF8'

05-10-2024T01:40:57 - [MESSAGE][PASSED] - Text 'udf data 9' is set on object 'Object Repository/IWP30/Page_VRelay30Emulator/UDF9'

05-10-2024T01:40:58 - [MESSAGE][PASSED] - Text 'udf data 10' is set on object 'Object Repository/IWP30/Page_VRelay30Emulator/UDF10'

05-10-2024T01:40:59 - [MESSAGE][PASSED] - Object: 'Object Repository/IWP30/Page_VRelay30Emulator/Submit' is clicked on

05-10-2024T01:41:03 - [MESSAGE][PASSED] - Browser is closed

05-10-2024T01:41:07 - [MESSAGE][PASSED] - iwpPages.emulatorIWP30.setDataEmulator_DD is PASSED

05-10-2024T01:41:07 - [TEST_STEP][PASSED] - testHarnessURL = urlTestHarness: null

05-10-2024T01:41:07 - [TEST_STEP][PASSED] - openBrowser(testHarnessURL): Browser is opened with url: 'https://dev-algorithm.govolution.com/vrelaytest/QA/version_2_2/vrelaytest.html'

05-10-2024T01:41:07 - [MESSAGE][INFO] - Starting 'Edge Chromium' driver

05-10-2024T01:41:07 - [MESSAGE][INFO] - User set preference: ['acceptInsecureCerts', 'true']

05-10-2024T01:41:09 - [MESSAGE][INFO] - Action delay is set to 0 milliseconds

05-10-2024T01:41:13 - [MESSAGE][PASSED] - Browser is opened with url: 'https://dev-algorithm.govolution.com/vrelaytest/QA/version_2_2/vrelaytest.html'

05-10-2024T01:41:13 - [TEST_STEP][PASSED] - maximizeWindow(): Current window maximized

05-10-2024T01:41:13 - [MESSAGE][PASSED] - Current window maximized

05-10-2024T01:41:13 - [TEST_STEP][PASSED] - iwpPages.TestHarnessPage.setDataMethodEF(row, dataFile): iwpPages.TestHarnessPage.setDataMethodEF is PASSED

05-10-2024T01:41:13 - [MESSAGE][PASSED] - Object 'Object Repository/IWP30/Page_QATestHarness/RemittanceID' is present

05-10-2024T01:41:14 - [MESSAGE][PASSED] - Text '638' is set on object 'Object Repository/IWP30/Page_QATestHarness/ApplicationID'

05-10-2024T01:41:14 - [MESSAGE][PASSED] - Text '2.5' is set on object 'Object Repository/IWP30/Page_QATestHarness/MessageVersion'

05-10-2024T01:41:15 - [MESSAGE][PASSED] - Text '7ZRYpnStWfTP' is set on object 'Object Repository/IWP30/Page_QATestHarness/RemittanceID'

05-10-2024T01:41:18 - [MESSAGE][PASSED] - Object: 'Object Repository/IWP30/Page_QATestHarness/SubmitButton' is clicked on

05-10-2024T01:41:18 - [MESSAGE][PASSED] - iwpPages.TestHarnessPage.setDataMethodEF is PASSED

05-10-2024T01:41:18 - [TEST_STEP][PASSED] - click(findTestObject("Object Repository/IWP30/Page_SelectPaymentMethod/PayByPersonalCheck")): Object: 'Object Repository/IWP30/Page_SelectPaymentMethod/PayByPersonalCheck' is clicked on

05-10-2024T01:41:18 - [MESSAGE][PASSED] - Object: 'Object Repository/IWP30/Page_SelectPaymentMethod/PayByPersonalCheck' is clicked on

05-10-2024T01:41:18 - [TEST_STEP][PASSED] - click(findTestObject("Object Repository/IWP30/Page_SelectPaymentMethod/MakePaymentButton")): Object: 'Object Repository/IWP30/Page_SelectPaymentMethod/MakePaymentButton' is clicked on

05-10-2024T01:41:20 - [MESSAGE][PASSED] - Object: 'Object Repository/IWP30/Page_SelectPaymentMethod/MakePaymentButton' is clicked on

05-10-2024T01:41:20 - [TEST_STEP][PASSED] - iwpPages.achPersonalPaymentEntryPage.setDataACHPPM(row, dataFile): iwpPages.achPersonalPaymentEntryPage.setDataACHPPM is PASSED

05-10-2024T01:41:21 - [MESSAGE][PASSED] - Object 'Object Repository/IWP30/Page_ACHPersonalPaymentEntry/txt_accountNumber' is present

05-10-2024T01:41:21 - [MESSAGE][PASSED] - Object 'Object Repository/IWP30/Page_ACHPersonalPaymentEntry/txt_UDF2' is present

05-10-2024T01:41:21 - [MESSAGE][PASSED] - Text 'udf data 2' is set on object 'Object Repository/IWP30/Page_ACHPersonalPaymentEntry/txt_UDF2'

05-10-2024T01:41:22 - [MESSAGE][PASSED] - Text 'udf data 3' is set on object 'Object Repository/IWP30/Page_ACHPersonalPaymentEntry/txt_UDF3'

05-10-2024T01:41:23 - [MESSAGE][PASSED] - All options with label 'Orange' are selected in object 'Object Repository/IWP30/Page_ACHPersonalPaymentEntry/dd_UDF7' 

05-10-2024T01:41:23 - [MESSAGE][PASSED] - All options with label 'Soccer' are selected in object 'Object Repository/IWP30/Page_ACHPersonalPaymentEntry/dd_UDF8' 

05-10-2024T01:41:23 - [MESSAGE][PASSED] - Object 'Object Repository/IWP30/Page_ACHPersonalPaymentEntry/txt_Firstname' is present

05-10-2024T01:41:24 - [MESSAGE][PASSED] - Text 'Elizath' is set on object 'Object Repository/IWP30/Page_ACHPersonalPaymentEntry/txt_Firstname'

05-10-2024T01:41:24 - [MESSAGE][PASSED] - Object 'Object Repository/IWP30/Page_ACHPersonalPaymentEntry/txt_Lastname' is present

05-10-2024T01:41:25 - [MESSAGE][PASSED] - Text 'Christine' is set on object 'Object Repository/IWP30/Page_ACHPersonalPaymentEntry/txt_Lastname'

05-10-2024T01:41:25 - [MESSAGE][PASSED] - Object 'Object Repository/IWP30/Page_ACHPersonalPaymentEntry/txt_routingNumber' is present

05-10-2024T01:41:26 - [MESSAGE][PASSED] - Text '256072691' is set on object 'Object Repository/IWP30/Page_ACHPersonalPaymentEntry/txt_routingNumber'

05-10-2024T01:41:26 - [MESSAGE][PASSED] - Object 'Object Repository/IWP30/Page_ACHPersonalPaymentEntry/txt_accountNumber' is present

05-10-2024T01:41:27 - [MESSAGE][PASSED] - Text '12344444' is set on object 'Object Repository/IWP30/Page_ACHPersonalPaymentEntry/txt_accountNumber'

05-10-2024T01:41:28 - [MESSAGE][PASSED] - Object 'Object Repository/IWP30/Page_ACHPersonalPaymentEntry/txt_confirmAccountNumber' is present

05-10-2024T01:41:28 - [MESSAGE][PASSED] - Text '12344444' is set on object 'Object Repository/IWP30/Page_ACHPersonalPaymentEntry/txt_confirmAccountNumber'

05-10-2024T01:41:28 - [MESSAGE][PASSED] - Object 'Object Repository/IWP30/Page_ACHPersonalPaymentEntry/rd_accountType' is present

05-10-2024T01:41:28 - [MESSAGE][PASSED] - Modify property of object successfully

05-10-2024T01:41:29 - [MESSAGE][PASSED] - Object: 'Object Repository/IWP30/Page_ACHPersonalPaymentEntry/rd_accountType' is clicked on

05-10-2024T01:41:29 - [MESSAGE][PASSED] - Text '365 Main Avenue' is set on object 'Object Repository/IWP30/Page_ACHPersonalPaymentEntry/txt_AL1'

05-10-2024T01:41:30 - [MESSAGE][PASSED] - Text 'Ohio' is set on object 'Object Repository/IWP30/Page_ACHPersonalPaymentEntry/txt_AL2'

05-10-2024T01:41:30 - [MESSAGE][PASSED] - Text '22201' is set on object 'Object Repository/IWP30/Page_ACHPersonalPaymentEntry/txt_ZIP'

05-10-2024T01:41:31 - [MESSAGE][PASSED] - Object 'Object Repository/IWP30/Page_ACHPersonalPaymentEntry/txt_Email' is present

05-10-2024T01:41:32 - [MESSAGE][PASSED] - Text 'iahmed@govolution.com' is set on object 'Object Repository/IWP30/Page_ACHPersonalPaymentEntry/txt_Email'

05-10-2024T01:41:32 - [MESSAGE][PASSED] - Object 'Object Repository/IWP30/Page_ACHPersonalPaymentEntry/cb_TermsAndCond' is present

05-10-2024T01:41:32 - [MESSAGE][PASSED] - Object: 'Object Repository/IWP30/Page_ACHPersonalPaymentEntry/cb_TermsAndCond' is clicked on

05-10-2024T01:41:33 - [MESSAGE][PASSED] - Object 'Object Repository/IWP30/Page_ACHPersonalPaymentEntry/btn_Continue' is present

05-10-2024T01:41:34 - [MESSAGE][PASSED] - Object: 'Object Repository/IWP30/Page_ACHPersonalPaymentEntry/btn_Continue' is clicked on

05-10-2024T01:41:34 - [MESSAGE][PASSED] - iwpPages.achPersonalPaymentEntryPage.setDataACHPPM is PASSED

05-10-2024T01:41:34 - [TEST_STEP][PASSED] - click(findTestObject("Object Repository/IWP30/Page_Confirmation/ConfirmButton")): Object: 'Object Repository/IWP30/Page_Confirmation/ConfirmButton' is clicked on

05-10-2024T01:41:35 - [MESSAGE][PASSED] - Object: 'Object Repository/IWP30/Page_Confirmation/ConfirmButton' is clicked on

05-10-2024T01:41:35 - [TEST_STEP][PASSED] - Thread.sleep(2000): null

05-10-2024T01:41:37 - [TEST_STEP][PASSED] - if (verifyTextPresent("AutoPay", false)): null

05-10-2024T01:41:38 - [MESSAGE][PASSED] - Text 'AutoPay' is present on page 

05-10-2024T01:41:38 - [TEST_STEP][PASSED] - openBrowser(testHarnessURL): Browser is opened with url: 'https://dev-algorithm.govolution.com/vrelaytest/QA/version_2_2/vrelaytest.html'

05-10-2024T01:41:38 - [MESSAGE][WARNING] - A browser is already opened. Closing browser and opening a new one

05-10-2024T01:41:38 - [MESSAGE][INFO] - Starting 'Edge Chromium' driver

05-10-2024T01:41:38 - [MESSAGE][INFO] - User set preference: ['acceptInsecureCerts', 'true']

05-10-2024T01:41:40 - [MESSAGE][INFO] - Action delay is set to 0 milliseconds

05-10-2024T01:41:44 - [MESSAGE][PASSED] - Browser is opened with url: 'https://dev-algorithm.govolution.com/vrelaytest/QA/version_2_2/vrelaytest.html'

05-10-2024T01:41:44 - [TEST_STEP][PASSED] - maximizeWindow(): Current window maximized

05-10-2024T01:41:44 - [MESSAGE][PASSED] - Current window maximized

05-10-2024T01:41:44 - [TEST_STEP][PASSED] - iwpPages.TestHarnessPage.setDataMethodEF(row, dataFile): iwpPages.TestHarnessPage.setDataMethodEF is PASSED

05-10-2024T01:41:44 - [MESSAGE][PASSED] - Object 'Object Repository/IWP30/Page_QATestHarness/RemittanceID' is present

05-10-2024T01:41:45 - [MESSAGE][PASSED] - Text '638' is set on object 'Object Repository/IWP30/Page_QATestHarness/ApplicationID'

05-10-2024T01:41:45 - [MESSAGE][PASSED] - Text '2.5' is set on object 'Object Repository/IWP30/Page_QATestHarness/MessageVersion'

05-10-2024T01:41:46 - [MESSAGE][PASSED] - Text 'z8HU6AcSX5KH' is set on object 'Object Repository/IWP30/Page_QATestHarness/RemittanceID'

05-10-2024T01:41:49 - [MESSAGE][PASSED] - Object: 'Object Repository/IWP30/Page_QATestHarness/SubmitButton' is clicked on

05-10-2024T01:41:49 - [MESSAGE][PASSED] - iwpPages.TestHarnessPage.setDataMethodEF is PASSED

05-10-2024T01:41:49 - [TEST_STEP][PASSED] - click(findTestObject("Object Repository/IWP30/Page_ManagePlan_Autopay/btn_modify")): Object: 'Object Repository/IWP30/Page_ManagePlan_Autopay/btn_modify' is clicked on

05-10-2024T01:41:49 - [MESSAGE][PASSED] - Object: 'Object Repository/IWP30/Page_ManagePlan_Autopay/btn_modify' is clicked on

05-10-2024T01:41:49 - [TEST_STEP][PASSED] - click(findTestObject("Object Repository/IWP30/Page_Modify/btn_savechanges")): Object: 'Object Repository/IWP30/Page_Modify/btn_savechanges' is clicked on

05-10-2024T01:41:51 - [MESSAGE][PASSED] - Object: 'Object Repository/IWP30/Page_Modify/btn_savechanges' is clicked on

05-10-2024T01:41:51 - [TEST_STEP][PASSED] - if (verifyTextPresent("Edits to your payment plan were completed successfully", false)): null

05-10-2024T01:41:52 - [MESSAGE][PASSED] - Text 'Edits to your payment plan were completed successfully' is present on page 

05-10-2024T01:41:52 - [TEST_STEP][PASSED] - isRequiredTextPresent = true: null

05-10-2024T01:41:52 - [TEST_STEP][PASSED] - println(isRequiredTextPresent): null

05-10-2024T01:41:52 - [TEST_STEP][PASSED] - if (isRequiredTextPresent): null

05-10-2024T01:41:52 - [TEST_STEP][PASSED] - if (verifyTextPresent("CAN Label:", false)): null

05-10-2024T01:41:52 - [MESSAGE][PASSED] - Text 'CAN Label:' is present on page 

05-10-2024T01:41:52 - [TEST_STEP][PASSED] - isRequiredTextPresent = true: null

05-10-2024T01:41:52 - [TEST_STEP][PASSED] - println(isRequiredTextPresent): null

05-10-2024T01:41:52 - [TEST_STEP][PASSED] - if (isRequiredTextPresent): null

05-10-2024T01:41:52 - [TEST_STEP][PASSED] - if (verifyTextPresent("UDF2 Label:", false)): null

05-10-2024T01:41:52 - [MESSAGE][PASSED] - Text 'UDF2 Label:' is present on page 

05-10-2024T01:41:52 - [TEST_STEP][PASSED] - isRequiredTextPresent = true: null

05-10-2024T01:41:52 - [TEST_STEP][PASSED] - println(isRequiredTextPresent): null

05-10-2024T01:41:52 - [TEST_STEP][PASSED] - if (isRequiredTextPresent): null

05-10-2024T01:41:52 - [TEST_STEP][PASSED] - if (verifyTextPresent("UDF3 Label:", false)): null

05-10-2024T01:41:53 - [MESSAGE][PASSED] - Text 'UDF3 Label:' is present on page 

05-10-2024T01:41:53 - [TEST_STEP][PASSED] - isRequiredTextPresent = true: null

05-10-2024T01:41:53 - [TEST_STEP][PASSED] - println(isRequiredTextPresent): null

05-10-2024T01:41:53 - [TEST_STEP][PASSED] - if (isRequiredTextPresent): null

05-10-2024T01:41:53 - [TEST_STEP][PASSED] - if (verifyTextPresent("UDF4 Label:", false)): null

05-10-2024T01:41:53 - [MESSAGE][PASSED] - Text 'UDF4 Label:' is present on page 

05-10-2024T01:41:53 - [TEST_STEP][PASSED] - isRequiredTextPresent = true: null

05-10-2024T01:41:53 - [TEST_STEP][PASSED] - println(isRequiredTextPresent): null

05-10-2024T01:41:53 - [TEST_STEP][PASSED] - if (isRequiredTextPresent): null

05-10-2024T01:41:53 - [TEST_STEP][PASSED] - if (verifyTextPresent("UDF7 Label:", false)): null

05-10-2024T01:41:53 - [MESSAGE][PASSED] - Text 'UDF7 Label:' is present on page 

05-10-2024T01:41:53 - [TEST_STEP][PASSED] - isRequiredTextPresent = true: null

05-10-2024T01:41:53 - [TEST_STEP][PASSED] - println(isRequiredTextPresent): null

05-10-2024T01:41:53 - [TEST_STEP][PASSED] - if (isRequiredTextPresent): null

05-10-2024T01:41:53 - [TEST_STEP][PASSED] - if (verifyTextPresent("UDF8 Label:", false)): null

05-10-2024T01:41:53 - [MESSAGE][PASSED] - Text 'UDF8 Label:' is present on page 

05-10-2024T01:41:53 - [TEST_STEP][PASSED] - isRequiredTextPresent = true: null

05-10-2024T01:41:53 - [TEST_STEP][PASSED] - println(isRequiredTextPresent): null

05-10-2024T01:41:53 - [TEST_STEP][PASSED] - if (isRequiredTextPresent): null

05-10-2024T01:41:53 - [TEST_STEP][PASSED] - if (verifyTextPresent("UDF9 Label:", false)): null

05-10-2024T01:41:54 - [MESSAGE][PASSED] - Text 'UDF9 Label:' is present on page 

05-10-2024T01:41:54 - [TEST_STEP][PASSED] - isRequiredTextPresent = true: null

05-10-2024T01:41:54 - [TEST_STEP][PASSED] - println(isRequiredTextPresent): null

05-10-2024T01:41:54 - [TEST_STEP][PASSED] - if (isRequiredTextPresent): null

05-10-2024T01:41:54 - [TEST_STEP][PASSED] - if (verifyTextPresent("Account Information:", false)): null

05-10-2024T01:41:54 - [MESSAGE][PASSED] - Text 'Account Information:' is present on page 

05-10-2024T01:41:54 - [TEST_STEP][PASSED] - isRequiredTextPresent = true: null

05-10-2024T01:41:54 - [TEST_STEP][PASSED] - println(isRequiredTextPresent): null

05-10-2024T01:41:54 - [TEST_STEP][PASSED] - if (isRequiredTextPresent): null

05-10-2024T01:41:54 - [TEST_STEP][PASSED] - if (verifyTextPresent("First Name on Check:", false)): null

05-10-2024T01:41:54 - [MESSAGE][PASSED] - Text 'First Name on Check:' is present on page 

05-10-2024T01:41:54 - [TEST_STEP][PASSED] - isRequiredTextPresent = true: null

05-10-2024T01:41:54 - [TEST_STEP][PASSED] - println(isRequiredTextPresent): null

05-10-2024T01:41:54 - [TEST_STEP][PASSED] - if (isRequiredTextPresent): null

05-10-2024T01:41:54 - [TEST_STEP][PASSED] - if (verifyTextPresent("Last Name on Check:", false)): null

05-10-2024T01:41:55 - [MESSAGE][PASSED] - Text 'Last Name on Check:' is present on page 

05-10-2024T01:41:55 - [TEST_STEP][PASSED] - isRequiredTextPresent = true: null

05-10-2024T01:41:55 - [TEST_STEP][PASSED] - println(isRequiredTextPresent): null

05-10-2024T01:41:55 - [TEST_STEP][PASSED] - if (isRequiredTextPresent): null

05-10-2024T01:41:55 - [TEST_STEP][PASSED] - if (verifyTextPresent("Routing Transit Number:", false)): null

05-10-2024T01:41:55 - [MESSAGE][PASSED] - Text 'Routing Transit Number:' is present on page 

05-10-2024T01:41:55 - [TEST_STEP][PASSED] - isRequiredTextPresent = true: null

05-10-2024T01:41:55 - [TEST_STEP][PASSED] - println(isRequiredTextPresent): null

05-10-2024T01:41:55 - [TEST_STEP][PASSED] - if (isRequiredTextPresent): null

05-10-2024T01:41:55 - [TEST_STEP][PASSED] - if (verifyTextPresent("Account Number:", false)): null

05-10-2024T01:41:55 - [MESSAGE][PASSED] - Text 'Account Number:' is present on page 

05-10-2024T01:41:55 - [TEST_STEP][PASSED] - isRequiredTextPresent = true: null

05-10-2024T01:41:55 - [TEST_STEP][PASSED] - println(isRequiredTextPresent): null

05-10-2024T01:41:55 - [TEST_STEP][PASSED] - if (isRequiredTextPresent): null

05-10-2024T01:41:55 - [TEST_STEP][PASSED] - if (verifyTextPresent("Type of Account:", false)): null

05-10-2024T01:41:55 - [MESSAGE][PASSED] - Text 'Type of Account:' is present on page 

05-10-2024T01:41:55 - [TEST_STEP][PASSED] - isRequiredTextPresent = true: null

05-10-2024T01:41:55 - [TEST_STEP][PASSED] - println(isRequiredTextPresent): null

05-10-2024T01:41:55 - [TEST_STEP][PASSED] - if (isRequiredTextPresent): null

05-10-2024T01:41:55 - [TEST_STEP][PASSED] - if (verifyTextPresent("Address Line 1:", false)): null

05-10-2024T01:41:56 - [MESSAGE][PASSED] - Text 'Address Line 1:' is present on page 

05-10-2024T01:41:56 - [TEST_STEP][PASSED] - isRequiredTextPresent = true: null

05-10-2024T01:41:56 - [TEST_STEP][PASSED] - println(isRequiredTextPresent): null

05-10-2024T01:41:56 - [TEST_STEP][PASSED] - if (isRequiredTextPresent): null

05-10-2024T01:41:56 - [TEST_STEP][PASSED] - if (verifyTextPresent("Address Line 2:", false)): null

05-10-2024T01:41:56 - [MESSAGE][PASSED] - Text 'Address Line 2:' is present on page 

05-10-2024T01:41:56 - [TEST_STEP][PASSED] - isRequiredTextPresent = true: null

05-10-2024T01:41:56 - [TEST_STEP][PASSED] - println(isRequiredTextPresent): null

05-10-2024T01:41:56 - [TEST_STEP][PASSED] - if (isRequiredTextPresent): null

05-10-2024T01:41:56 - [TEST_STEP][PASSED] - if (verifyTextPresent("Country:", false)): null

05-10-2024T01:41:56 - [MESSAGE][PASSED] - Text 'Country:' is present on page 

05-10-2024T01:41:56 - [TEST_STEP][PASSED] - isRequiredTextPresent = true: null

05-10-2024T01:41:56 - [TEST_STEP][PASSED] - println(isRequiredTextPresent): null

05-10-2024T01:41:56 - [TEST_STEP][PASSED] - if (isRequiredTextPresent): null

05-10-2024T01:41:56 - [TEST_STEP][PASSED] - if (verifyTextPresent("City:", false)): null

05-10-2024T01:41:57 - [MESSAGE][PASSED] - Text 'City:' is present on page 

05-10-2024T01:41:57 - [TEST_STEP][PASSED] - isRequiredTextPresent = true: null

05-10-2024T01:41:57 - [TEST_STEP][PASSED] - println(isRequiredTextPresent): null

05-10-2024T01:41:57 - [TEST_STEP][PASSED] - if (isRequiredTextPresent): null

05-10-2024T01:41:57 - [TEST_STEP][PASSED] - if (verifyTextPresent("State:", false)): null

05-10-2024T01:41:57 - [MESSAGE][PASSED] - Text 'State:' is present on page 

05-10-2024T01:41:57 - [TEST_STEP][PASSED] - isRequiredTextPresent = true: null

05-10-2024T01:41:57 - [TEST_STEP][PASSED] - println(isRequiredTextPresent): null

05-10-2024T01:41:57 - [TEST_STEP][PASSED] - if (isRequiredTextPresent): null

05-10-2024T01:41:57 - [TEST_STEP][PASSED] - if (verifyTextPresent("ZIP Code:", false)): null

05-10-2024T01:41:57 - [MESSAGE][PASSED] - Text 'ZIP Code:' is present on page 

05-10-2024T01:41:57 - [TEST_STEP][PASSED] - isRequiredTextPresent = true: null

05-10-2024T01:41:57 - [TEST_STEP][PASSED] - println(isRequiredTextPresent): null

05-10-2024T01:41:57 - [TEST_STEP][PASSED] - if (isRequiredTextPresent): null

05-10-2024T01:41:57 - [TEST_STEP][PASSED] - if (verifyTextPresent("Email Address:", false)): null

05-10-2024T01:41:57 - [MESSAGE][PASSED] - Text 'Email Address:' is present on page 

05-10-2024T01:41:57 - [TEST_STEP][PASSED] - isRequiredTextPresent = true: null

05-10-2024T01:41:57 - [TEST_STEP][PASSED] - println(isRequiredTextPresent): null

05-10-2024T01:41:57 - [TEST_STEP][PASSED] - if (isRequiredTextPresent): null

05-10-2024T01:41:57 - [TEST_STEP][PASSED] - if (verifyTextPresent("Payment Plan Information:", false)): null

05-10-2024T01:41:58 - [MESSAGE][PASSED] - Text 'Payment Plan Information:' is present on page 

05-10-2024T01:41:58 - [TEST_STEP][PASSED] - isRequiredTextPresent = true: null

05-10-2024T01:41:58 - [TEST_STEP][PASSED] - println(isRequiredTextPresent): null

05-10-2024T01:41:58 - [TEST_STEP][PASSED] - if (isRequiredTextPresent): null

05-10-2024T01:41:58 - [TEST_STEP][PASSED] - if (verifyTextPresent("Payment Plan Type:", false)): null

05-10-2024T01:41:58 - [MESSAGE][PASSED] - Text 'Payment Plan Type:' is present on page 

05-10-2024T01:41:58 - [TEST_STEP][PASSED] - isRequiredTextPresent = true: null

05-10-2024T01:41:58 - [TEST_STEP][PASSED] - println(isRequiredTextPresent): null

05-10-2024T01:41:58 - [TEST_STEP][PASSED] - if (isRequiredTextPresent): null

05-10-2024T01:41:58 - [TEST_STEP][PASSED] - if (verifyTextPresent("Payment Plan ID:", false)): null

05-10-2024T01:41:58 - [MESSAGE][PASSED] - Text 'Payment Plan ID:' is present on page 

05-10-2024T01:41:58 - [TEST_STEP][PASSED] - isRequiredTextPresent = true: null

05-10-2024T01:41:58 - [TEST_STEP][PASSED] - println(isRequiredTextPresent): null

05-10-2024T01:41:58 - [TEST_STEP][PASSED] - if (isRequiredTextPresent): null

05-10-2024T01:41:58 - [TEST_STEP][PASSED] - if (verifyTextPresent("Payment Plan Start Date:", false)): null

05-10-2024T01:41:59 - [MESSAGE][PASSED] - Text 'Payment Plan Start Date:' is present on page 

05-10-2024T01:41:59 - [TEST_STEP][PASSED] - isRequiredTextPresent = true: null

05-10-2024T01:41:59 - [TEST_STEP][PASSED] - println(isRequiredTextPresent): null

05-10-2024T01:41:59 - [TEST_STEP][PASSED] - if (isRequiredTextPresent): null

05-10-2024T01:41:59 - [TEST_STEP][PASSED] - if (verifyTextPresent("Payment Plan End Date:", false)): null

05-10-2024T01:41:59 - [MESSAGE][PASSED] - Text 'Payment Plan End Date:' is present on page 

05-10-2024T01:41:59 - [TEST_STEP][PASSED] - isRequiredTextPresent = true: null

05-10-2024T01:41:59 - [TEST_STEP][PASSED] - println(isRequiredTextPresent): null

05-10-2024T01:41:59 - [TEST_STEP][PASSED] - if (isRequiredTextPresent == true): pages.WriteExcel.demoKey is PASSED

05-10-2024T01:41:59 - [TEST_STEP][PASSED] - println("All the relevant texts are present on Receipt Page"): null

05-10-2024T01:41:59 - [TEST_STEP][PASSED] - markPassed("All the relevant texts are present on Receipt Page"): All the relevant texts are present on Receipt Page

05-10-2024T01:41:59 - [MESSAGE][PASSED] - All the relevant texts are present on Receipt Page

05-10-2024T01:41:59 - [TEST_STEP][PASSED] - resText = "Pass": null

05-10-2024T01:41:59 - [TEST_STEP][PASSED] - pages.WriteExcel.demoKey(resText, datText, resColumn, datCloumn, fileLoc, nameSheet, row): pages.WriteExcel.demoKey is PASSED

05-10-2024T01:41:59 - [MESSAGE][PASSED] - pages.WriteExcel.demoKey is PASSED

05-10-2024T01:41:59 - [TEST_STEP][PASSED] - closeBrowser(): Browser is closed

05-10-2024T01:42:00 - [MESSAGE][PASSED] - Browser is closed]]></system-out>
         <system-err><![CDATA[]]></system-err>
      </testcase>
      <testcase name="Test Cases/IntegratedWeb/IWP25/Payments/VerifyEditReceiptLabelsAutoPayPS" time="82.812" classname="Test Cases/IntegratedWeb/IWP25/Payments/VerifyEditReceiptLabelsAutoPayPS" status="PASSED">
         <system-out><![CDATA[05-10-2024T01:42:00 - [TEST_CASE][PASSED] - Test Cases/IntegratedWeb/IWP25/Payments/VerifyEditReceiptLabelsAutoPayPS: Test Cases/IntegratedWeb/IWP25/Payments/VerifyEditReceiptLabelsAutoPayPS

05-10-2024T01:42:00 - [TEST_STEP][PASSED] - resText = "Fail": null

05-10-2024T01:42:00 - [TEST_STEP][PASSED] - resColumn = "Result": null

05-10-2024T01:42:00 - [TEST_STEP][PASSED] - datCloumn = "Date": null

05-10-2024T01:42:00 - [TEST_STEP][PASSED] - fileLoc = "KatalonData/IWPTestData/VRelay25PaymentsExtension.xlsx": null

05-10-2024T01:42:00 - [TEST_STEP][PASSED] - numOfRows = <not implemented yet for class: org.codehaus.groovy.ast.expr.EmptyExpression>: null

05-10-2024T01:42:00 - [TEST_STEP][PASSED] - dataFile = <not implemented yet for class: org.codehaus.groovy.ast.expr.EmptyExpression>: null

05-10-2024T01:42:00 - [TEST_STEP][PASSED] - nameSheet = <not implemented yet for class: org.codehaus.groovy.ast.expr.EmptyExpression>: null

05-10-2024T01:42:00 - [TEST_STEP][PASSED] - dataFileEmulator = <not implemented yet for class: org.codehaus.groovy.ast.expr.EmptyExpression>: null

05-10-2024T01:42:00 - [TEST_STEP][PASSED] - isRequiredTextPresent = false: null

05-10-2024T01:42:00 - [TEST_STEP][PASSED] - nameSheet = "VerifyEditLabelAutopayPS": null

05-10-2024T01:42:00 - [TEST_STEP][PASSED] - dataFile = getExcelDataWithDefaultSheet("KatalonData/IWPTestData/VRelay25PaymentsExtension.xlsx", nameSheet, true): null

05-10-2024T01:42:00 - [TEST_STEP][PASSED] - dataFileEmulator = "IWPTestData/EmulatorData": null

05-10-2024T01:42:00 - [TEST_STEP][PASSED] - numOfRows = dataFile.getRowNumbers(): null

05-10-2024T01:42:00 - [TEST_STEP][PASSED] - println("Number of Records: " + numOfRows): null

05-10-2024T01:42:00 - [TEST_STEP][PASSED] - for ([row = 1, row <= numOfRows, (row++)]): Browser is closed

05-10-2024T01:42:00 - [TEST_STEP][PASSED] - ExecuteTC = dataFile.getValue("Execute", row): null

05-10-2024T01:42:00 - [TEST_STEP][PASSED] - out.println("Value of Execute is : " + ExecuteTC): null

05-10-2024T01:42:00 - [TEST_STEP][PASSED] - if (ExecuteTC.equalsIgnoreCase("Y")): null

05-10-2024T01:42:00 - [TEST_STEP][PASSED] - out.println("Begin Record Number: " + row): null

05-10-2024T01:42:00 - [TEST_STEP][PASSED] - today = new java.util.Date(): null

05-10-2024T01:42:00 - [TEST_STEP][PASSED] - println(today): null

05-10-2024T01:42:00 - [TEST_STEP][PASSED] - datText = today: null

05-10-2024T01:42:00 - [TEST_STEP][PASSED] - EmulatorDataKey = dataFile.getValue("EmulatorData", row): null

05-10-2024T01:42:00 - [TEST_STEP][PASSED] - out.println("Value of Emulator Key is : " + EmulatorDataKey): null

05-10-2024T01:42:00 - [TEST_STEP][PASSED] - iwpPages.emulatorIWP30.setDataEmulator_DD(EmulatorDataKey): iwpPages.emulatorIWP30.setDataEmulator_DD is PASSED

05-10-2024T01:42:00 - [MESSAGE][INFO] - Starting 'Edge Chromium' driver

05-10-2024T01:42:00 - [MESSAGE][INFO] - User set preference: ['acceptInsecureCerts', 'true']

05-10-2024T01:42:03 - [MESSAGE][INFO] - Action delay is set to 0 milliseconds

05-10-2024T01:42:05 - [MESSAGE][PASSED] - Browser is opened with url: 'https://qa.velocitypayment.com/agency/config.do?action=editor&message_version=2_5'

05-10-2024T01:42:06 - [MESSAGE][PASSED] - Current window maximized

05-10-2024T01:42:07 - [MESSAGE][PASSED] - All options with value '2.5' are selected in object 'Object Repository/IWP30/Page_VRelay30Emulator/MV'  using regular expression

05-10-2024T01:42:07 - [MESSAGE][PASSED] - Text '10.50' is set on object 'Object Repository/IWP30/Page_VRelay30Emulator/Amount'

05-10-2024T01:42:08 - [MESSAGE][PASSED] - Text 'qSl5mO1Yy1MV' is set on object 'Object Repository/IWP30/Page_VRelay30Emulator/CAN'

05-10-2024T01:42:08 - [MESSAGE][PASSED] - Text 'AutoPay' is set on object 'Object Repository/IWP30/Page_VRelay30Emulator/Action'

05-10-2024T01:42:09 - [MESSAGE][PASSED] - Text 'en_US' is set on object 'Object Repository/IWP30/Page_VRelay30Emulator/Lang'

05-10-2024T01:42:10 - [MESSAGE][PASSED] - Text '' is set on object 'Object Repository/IWP30/Page_VRelay30Emulator/Fname'

05-10-2024T01:42:10 - [MESSAGE][PASSED] - Text '' is set on object 'Object Repository/IWP30/Page_VRelay30Emulator/Lname'

05-10-2024T01:42:11 - [MESSAGE][PASSED] - Text '' is set on object 'Object Repository/IWP30/Page_VRelay30Emulator/AL1'

05-10-2024T01:42:11 - [MESSAGE][PASSED] - Text '' is set on object 'Object Repository/IWP30/Page_VRelay30Emulator/AL2'

05-10-2024T01:42:12 - [MESSAGE][PASSED] - Text '' is set on object 'Object Repository/IWP30/Page_VRelay30Emulator/Country'

05-10-2024T01:42:12 - [MESSAGE][PASSED] - Text '' is set on object 'Object Repository/IWP30/Page_VRelay30Emulator/City'

05-10-2024T01:42:13 - [MESSAGE][PASSED] - Text '' is set on object 'Object Repository/IWP30/Page_VRelay30Emulator/State'

05-10-2024T01:42:14 - [MESSAGE][PASSED] - Text '' is set on object 'Object Repository/IWP30/Page_VRelay30Emulator/ZIP'

05-10-2024T01:42:14 - [MESSAGE][PASSED] - Text '' is set on object 'Object Repository/IWP30/Page_VRelay30Emulator/Order'

05-10-2024T01:42:15 - [MESSAGE][PASSED] - Text '' is set on object 'Object Repository/IWP30/Page_VRelay30Emulator/Company'

05-10-2024T01:42:15 - [MESSAGE][PASSED] - Text '' is set on object 'Object Repository/IWP30/Page_VRelay30Emulator/Email'

05-10-2024T01:42:16 - [MESSAGE][PASSED] - Text '' is set on object 'Object Repository/IWP30/Page_VRelay30Emulator/UDF1'

05-10-2024T01:42:16 - [MESSAGE][PASSED] - Text '' is set on object 'Object Repository/IWP30/Page_VRelay30Emulator/UDF2'

05-10-2024T01:42:17 - [MESSAGE][PASSED] - Text '' is set on object 'Object Repository/IWP30/Page_VRelay30Emulator/UDF3'

05-10-2024T01:42:18 - [MESSAGE][PASSED] - Text 'udf data 4' is set on object 'Object Repository/IWP30/Page_VRelay30Emulator/UDF4'

05-10-2024T01:42:18 - [MESSAGE][PASSED] - Text 'udf data 5' is set on object 'Object Repository/IWP30/Page_VRelay30Emulator/UDF5'

05-10-2024T01:42:19 - [MESSAGE][PASSED] - Text '' is set on object 'Object Repository/IWP30/Page_VRelay30Emulator/UDF6'

05-10-2024T01:42:19 - [MESSAGE][PASSED] - Text '' is set on object 'Object Repository/IWP30/Page_VRelay30Emulator/UDF7'

05-10-2024T01:42:20 - [MESSAGE][PASSED] - Text '' is set on object 'Object Repository/IWP30/Page_VRelay30Emulator/UDF8'

05-10-2024T01:42:21 - [MESSAGE][PASSED] - Text 'udf data 9' is set on object 'Object Repository/IWP30/Page_VRelay30Emulator/UDF9'

05-10-2024T01:42:21 - [MESSAGE][PASSED] - Text 'udf data 10' is set on object 'Object Repository/IWP30/Page_VRelay30Emulator/UDF10'

05-10-2024T01:42:22 - [MESSAGE][PASSED] - Object: 'Object Repository/IWP30/Page_VRelay30Emulator/Submit' is clicked on

05-10-2024T01:42:27 - [MESSAGE][PASSED] - Browser is closed

05-10-2024T01:42:31 - [MESSAGE][PASSED] - iwpPages.emulatorIWP30.setDataEmulator_DD is PASSED

05-10-2024T01:42:31 - [TEST_STEP][PASSED] - testHarnessURL = urlTestHarness: null

05-10-2024T01:42:31 - [TEST_STEP][PASSED] - openBrowser(testHarnessURL): Browser is opened with url: 'https://dev-algorithm.govolution.com/vrelaytest/QA/version_2_2/vrelaytest.html'

05-10-2024T01:42:31 - [MESSAGE][INFO] - Starting 'Edge Chromium' driver

05-10-2024T01:42:31 - [MESSAGE][INFO] - User set preference: ['acceptInsecureCerts', 'true']

05-10-2024T01:42:33 - [MESSAGE][INFO] - Action delay is set to 0 milliseconds

05-10-2024T01:42:36 - [MESSAGE][PASSED] - Browser is opened with url: 'https://dev-algorithm.govolution.com/vrelaytest/QA/version_2_2/vrelaytest.html'

05-10-2024T01:42:36 - [TEST_STEP][PASSED] - maximizeWindow(): Current window maximized

05-10-2024T01:42:36 - [MESSAGE][PASSED] - Current window maximized

05-10-2024T01:42:36 - [TEST_STEP][PASSED] - iwpPages.TestHarnessPage.setDataMethodEF(row, dataFile): iwpPages.TestHarnessPage.setDataMethodEF is PASSED

05-10-2024T01:42:36 - [MESSAGE][PASSED] - Object 'Object Repository/IWP30/Page_QATestHarness/RemittanceID' is present

05-10-2024T01:42:37 - [MESSAGE][PASSED] - Text '638' is set on object 'Object Repository/IWP30/Page_QATestHarness/ApplicationID'

05-10-2024T01:42:38 - [MESSAGE][PASSED] - Text '2.5' is set on object 'Object Repository/IWP30/Page_QATestHarness/MessageVersion'

05-10-2024T01:42:38 - [MESSAGE][PASSED] - Text 'UUdZA4w6HcPK' is set on object 'Object Repository/IWP30/Page_QATestHarness/RemittanceID'

05-10-2024T01:42:41 - [MESSAGE][PASSED] - Object: 'Object Repository/IWP30/Page_QATestHarness/SubmitButton' is clicked on

05-10-2024T01:42:41 - [MESSAGE][PASSED] - iwpPages.TestHarnessPage.setDataMethodEF is PASSED

05-10-2024T01:42:41 - [TEST_STEP][PASSED] - click(findTestObject("Object Repository/IWP30/Page_SelectPaymentMethod/PayByPersonalCheck")): Object: 'Object Repository/IWP30/Page_SelectPaymentMethod/PayByPersonalCheck' is clicked on

05-10-2024T01:42:42 - [MESSAGE][PASSED] - Object: 'Object Repository/IWP30/Page_SelectPaymentMethod/PayByPersonalCheck' is clicked on

05-10-2024T01:42:42 - [TEST_STEP][PASSED] - click(findTestObject("Object Repository/IWP30/Page_SelectPaymentMethod/MakePaymentButton")): Object: 'Object Repository/IWP30/Page_SelectPaymentMethod/MakePaymentButton' is clicked on

05-10-2024T01:42:44 - [MESSAGE][PASSED] - Object: 'Object Repository/IWP30/Page_SelectPaymentMethod/MakePaymentButton' is clicked on

05-10-2024T01:42:44 - [TEST_STEP][PASSED] - iwpPages.achPersonalPaymentEntryPage.setDataACHPPM(row, dataFile): iwpPages.achPersonalPaymentEntryPage.setDataACHPPM is PASSED

05-10-2024T01:42:44 - [MESSAGE][PASSED] - Object 'Object Repository/IWP30/Page_ACHPersonalPaymentEntry/txt_accountNumber' is present

05-10-2024T01:42:44 - [MESSAGE][PASSED] - Object 'Object Repository/IWP30/Page_ACHPersonalPaymentEntry/txt_UDF2' is present

05-10-2024T01:42:45 - [MESSAGE][PASSED] - Text 'udf data 2' is set on object 'Object Repository/IWP30/Page_ACHPersonalPaymentEntry/txt_UDF2'

05-10-2024T01:42:45 - [MESSAGE][PASSED] - Text 'udf data 3' is set on object 'Object Repository/IWP30/Page_ACHPersonalPaymentEntry/txt_UDF3'

05-10-2024T01:42:46 - [MESSAGE][PASSED] - All options with label 'Orange' are selected in object 'Object Repository/IWP30/Page_ACHPersonalPaymentEntry/dd_UDF7' 

05-10-2024T01:42:47 - [MESSAGE][PASSED] - All options with label 'Soccer' are selected in object 'Object Repository/IWP30/Page_ACHPersonalPaymentEntry/dd_UDF8' 

05-10-2024T01:42:47 - [MESSAGE][PASSED] - Object 'Object Repository/IWP30/Page_ACHPersonalPaymentEntry/txt_Firstname' is present

05-10-2024T01:42:47 - [MESSAGE][PASSED] - Text 'Elizath' is set on object 'Object Repository/IWP30/Page_ACHPersonalPaymentEntry/txt_Firstname'

05-10-2024T01:42:48 - [MESSAGE][PASSED] - Object 'Object Repository/IWP30/Page_ACHPersonalPaymentEntry/txt_Lastname' is present

05-10-2024T01:42:48 - [MESSAGE][PASSED] - Text 'Christine' is set on object 'Object Repository/IWP30/Page_ACHPersonalPaymentEntry/txt_Lastname'

05-10-2024T01:42:49 - [MESSAGE][PASSED] - Object 'Object Repository/IWP30/Page_ACHPersonalPaymentEntry/txt_routingNumber' is present

05-10-2024T01:42:49 - [MESSAGE][PASSED] - Text '256072691' is set on object 'Object Repository/IWP30/Page_ACHPersonalPaymentEntry/txt_routingNumber'

05-10-2024T01:42:49 - [MESSAGE][PASSED] - Object 'Object Repository/IWP30/Page_ACHPersonalPaymentEntry/txt_accountNumber' is present

05-10-2024T01:42:51 - [MESSAGE][PASSED] - Text '12344444' is set on object 'Object Repository/IWP30/Page_ACHPersonalPaymentEntry/txt_accountNumber'

05-10-2024T01:42:51 - [MESSAGE][PASSED] - Object 'Object Repository/IWP30/Page_ACHPersonalPaymentEntry/txt_confirmAccountNumber' is present

05-10-2024T01:42:52 - [MESSAGE][PASSED] - Text '12344444' is set on object 'Object Repository/IWP30/Page_ACHPersonalPaymentEntry/txt_confirmAccountNumber'

05-10-2024T01:42:52 - [MESSAGE][PASSED] - Object 'Object Repository/IWP30/Page_ACHPersonalPaymentEntry/rd_accountType' is present

05-10-2024T01:42:52 - [MESSAGE][PASSED] - Modify property of object successfully

05-10-2024T01:42:52 - [MESSAGE][PASSED] - Object: 'Object Repository/IWP30/Page_ACHPersonalPaymentEntry/rd_accountType' is clicked on

05-10-2024T01:42:53 - [MESSAGE][PASSED] - Text '365 Main Avenue' is set on object 'Object Repository/IWP30/Page_ACHPersonalPaymentEntry/txt_AL1'

05-10-2024T01:42:53 - [MESSAGE][PASSED] - Text 'Ohio' is set on object 'Object Repository/IWP30/Page_ACHPersonalPaymentEntry/txt_AL2'

05-10-2024T01:42:54 - [MESSAGE][PASSED] - Text '22201' is set on object 'Object Repository/IWP30/Page_ACHPersonalPaymentEntry/txt_ZIP'

05-10-2024T01:42:54 - [MESSAGE][PASSED] - Object 'Object Repository/IWP30/Page_ACHPersonalPaymentEntry/txt_Email' is present

05-10-2024T01:42:55 - [MESSAGE][PASSED] - Text 'iahmed@govolution.com' is set on object 'Object Repository/IWP30/Page_ACHPersonalPaymentEntry/txt_Email'

05-10-2024T01:42:56 - [MESSAGE][PASSED] - Object 'Object Repository/IWP30/Page_ACHPersonalPaymentEntry/cb_TermsAndCond' is present

05-10-2024T01:42:56 - [MESSAGE][PASSED] - Object: 'Object Repository/IWP30/Page_ACHPersonalPaymentEntry/cb_TermsAndCond' is clicked on

05-10-2024T01:42:56 - [MESSAGE][PASSED] - Object 'Object Repository/IWP30/Page_ACHPersonalPaymentEntry/btn_Continue' is present

05-10-2024T01:42:57 - [MESSAGE][PASSED] - Object: 'Object Repository/IWP30/Page_ACHPersonalPaymentEntry/btn_Continue' is clicked on

05-10-2024T01:42:57 - [MESSAGE][PASSED] - iwpPages.achPersonalPaymentEntryPage.setDataACHPPM is PASSED

05-10-2024T01:42:57 - [TEST_STEP][PASSED] - click(findTestObject("Object Repository/IWP30/Page_Confirmation/ConfirmButton")): Object: 'Object Repository/IWP30/Page_Confirmation/ConfirmButton' is clicked on

05-10-2024T01:42:59 - [MESSAGE][PASSED] - Object: 'Object Repository/IWP30/Page_Confirmation/ConfirmButton' is clicked on

05-10-2024T01:42:59 - [TEST_STEP][PASSED] - Thread.sleep(2000): null

05-10-2024T01:43:01 - [TEST_STEP][PASSED] - if (verifyTextPresent("AutoPay", false)): null

05-10-2024T01:43:01 - [MESSAGE][PASSED] - Text 'AutoPay' is present on page 

05-10-2024T01:43:01 - [TEST_STEP][PASSED] - openBrowser(testHarnessURL): Browser is opened with url: 'https://dev-algorithm.govolution.com/vrelaytest/QA/version_2_2/vrelaytest.html'

05-10-2024T01:43:01 - [MESSAGE][WARNING] - A browser is already opened. Closing browser and opening a new one

05-10-2024T01:43:02 - [MESSAGE][INFO] - Starting 'Edge Chromium' driver

05-10-2024T01:43:02 - [MESSAGE][INFO] - User set preference: ['acceptInsecureCerts', 'true']

05-10-2024T01:43:04 - [MESSAGE][INFO] - Action delay is set to 0 milliseconds

05-10-2024T01:43:07 - [MESSAGE][PASSED] - Browser is opened with url: 'https://dev-algorithm.govolution.com/vrelaytest/QA/version_2_2/vrelaytest.html'

05-10-2024T01:43:07 - [TEST_STEP][PASSED] - maximizeWindow(): Current window maximized

05-10-2024T01:43:07 - [MESSAGE][PASSED] - Current window maximized

05-10-2024T01:43:07 - [TEST_STEP][PASSED] - iwpPages.TestHarnessPage.setDataMethodEF(row, dataFile): iwpPages.TestHarnessPage.setDataMethodEF is PASSED

05-10-2024T01:43:07 - [MESSAGE][PASSED] - Object 'Object Repository/IWP30/Page_QATestHarness/RemittanceID' is present

05-10-2024T01:43:08 - [MESSAGE][PASSED] - Text '638' is set on object 'Object Repository/IWP30/Page_QATestHarness/ApplicationID'

05-10-2024T01:43:09 - [MESSAGE][PASSED] - Text '2.5' is set on object 'Object Repository/IWP30/Page_QATestHarness/MessageVersion'

05-10-2024T01:43:09 - [MESSAGE][PASSED] - Text 'kW17Mh65WFbg' is set on object 'Object Repository/IWP30/Page_QATestHarness/RemittanceID'

05-10-2024T01:43:12 - [MESSAGE][PASSED] - Object: 'Object Repository/IWP30/Page_QATestHarness/SubmitButton' is clicked on

05-10-2024T01:43:12 - [MESSAGE][PASSED] - iwpPages.TestHarnessPage.setDataMethodEF is PASSED

05-10-2024T01:43:12 - [TEST_STEP][PASSED] - click(findTestObject("Object Repository/IWP30/Page_ManagePlan_Autopay/btn_modify")): Object: 'Object Repository/IWP30/Page_ManagePlan_Autopay/btn_modify' is clicked on

05-10-2024T01:43:12 - [MESSAGE][PASSED] - Object: 'Object Repository/IWP30/Page_ManagePlan_Autopay/btn_modify' is clicked on

05-10-2024T01:43:12 - [TEST_STEP][PASSED] - click(findTestObject("Object Repository/IWP30/Page_Modify/btn_savechanges")): Object: 'Object Repository/IWP30/Page_Modify/btn_savechanges' is clicked on

05-10-2024T01:43:14 - [MESSAGE][PASSED] - Object: 'Object Repository/IWP30/Page_Modify/btn_savechanges' is clicked on

05-10-2024T01:43:14 - [TEST_STEP][PASSED] - if (verifyTextPresent("Edits to your payment plan were completed successfully", false)): null

05-10-2024T01:43:15 - [MESSAGE][PASSED] - Text 'Edits to your payment plan were completed successfully' is present on page 

05-10-2024T01:43:15 - [TEST_STEP][PASSED] - isRequiredTextPresent = true: null

05-10-2024T01:43:15 - [TEST_STEP][PASSED] - println(isRequiredTextPresent): null

05-10-2024T01:43:15 - [TEST_STEP][PASSED] - if (isRequiredTextPresent): null

05-10-2024T01:43:15 - [TEST_STEP][PASSED] - if (verifyTextPresent("CAN Label:", false)): null

05-10-2024T01:43:15 - [MESSAGE][PASSED] - Text 'CAN Label:' is present on page 

05-10-2024T01:43:15 - [TEST_STEP][PASSED] - isRequiredTextPresent = true: null

05-10-2024T01:43:15 - [TEST_STEP][PASSED] - println(isRequiredTextPresent): null

05-10-2024T01:43:15 - [TEST_STEP][PASSED] - if (isRequiredTextPresent): null

05-10-2024T01:43:15 - [TEST_STEP][PASSED] - if (verifyTextPresent("UDF2 Label:", false)): null

05-10-2024T01:43:15 - [MESSAGE][PASSED] - Text 'UDF2 Label:' is present on page 

05-10-2024T01:43:15 - [TEST_STEP][PASSED] - isRequiredTextPresent = true: null

05-10-2024T01:43:15 - [TEST_STEP][PASSED] - println(isRequiredTextPresent): null

05-10-2024T01:43:15 - [TEST_STEP][PASSED] - if (isRequiredTextPresent): null

05-10-2024T01:43:15 - [TEST_STEP][PASSED] - if (verifyTextPresent("UDF3 Label:", false)): null

05-10-2024T01:43:15 - [MESSAGE][PASSED] - Text 'UDF3 Label:' is present on page 

05-10-2024T01:43:15 - [TEST_STEP][PASSED] - isRequiredTextPresent = true: null

05-10-2024T01:43:15 - [TEST_STEP][PASSED] - println(isRequiredTextPresent): null

05-10-2024T01:43:15 - [TEST_STEP][PASSED] - if (isRequiredTextPresent): null

05-10-2024T01:43:15 - [TEST_STEP][PASSED] - if (verifyTextPresent("UDF4 Label:", false)): null

05-10-2024T01:43:16 - [MESSAGE][PASSED] - Text 'UDF4 Label:' is present on page 

05-10-2024T01:43:16 - [TEST_STEP][PASSED] - isRequiredTextPresent = true: null

05-10-2024T01:43:16 - [TEST_STEP][PASSED] - println(isRequiredTextPresent): null

05-10-2024T01:43:16 - [TEST_STEP][PASSED] - if (isRequiredTextPresent): null

05-10-2024T01:43:16 - [TEST_STEP][PASSED] - if (verifyTextPresent("UDF7 Label:", false)): null

05-10-2024T01:43:16 - [MESSAGE][PASSED] - Text 'UDF7 Label:' is present on page 

05-10-2024T01:43:16 - [TEST_STEP][PASSED] - isRequiredTextPresent = true: null

05-10-2024T01:43:16 - [TEST_STEP][PASSED] - println(isRequiredTextPresent): null

05-10-2024T01:43:16 - [TEST_STEP][PASSED] - if (isRequiredTextPresent): null

05-10-2024T01:43:16 - [TEST_STEP][PASSED] - if (verifyTextPresent("UDF8 Label:", false)): null

05-10-2024T01:43:16 - [MESSAGE][PASSED] - Text 'UDF8 Label:' is present on page 

05-10-2024T01:43:16 - [TEST_STEP][PASSED] - isRequiredTextPresent = true: null

05-10-2024T01:43:16 - [TEST_STEP][PASSED] - println(isRequiredTextPresent): null

05-10-2024T01:43:16 - [TEST_STEP][PASSED] - if (isRequiredTextPresent): null

05-10-2024T01:43:16 - [TEST_STEP][PASSED] - if (verifyTextPresent("UDF9 Label:", false)): null

05-10-2024T01:43:17 - [MESSAGE][PASSED] - Text 'UDF9 Label:' is present on page 

05-10-2024T01:43:17 - [TEST_STEP][PASSED] - isRequiredTextPresent = true: null

05-10-2024T01:43:17 - [TEST_STEP][PASSED] - println(isRequiredTextPresent): null

05-10-2024T01:43:17 - [TEST_STEP][PASSED] - if (isRequiredTextPresent): null

05-10-2024T01:43:17 - [TEST_STEP][PASSED] - if (verifyTextPresent("Account Information:", false)): null

05-10-2024T01:43:17 - [MESSAGE][PASSED] - Text 'Account Information:' is present on page 

05-10-2024T01:43:17 - [TEST_STEP][PASSED] - isRequiredTextPresent = true: null

05-10-2024T01:43:17 - [TEST_STEP][PASSED] - println(isRequiredTextPresent): null

05-10-2024T01:43:17 - [TEST_STEP][PASSED] - if (isRequiredTextPresent): null

05-10-2024T01:43:17 - [TEST_STEP][PASSED] - if (verifyTextPresent("First Name on Check:", false)): null

05-10-2024T01:43:17 - [MESSAGE][PASSED] - Text 'First Name on Check:' is present on page 

05-10-2024T01:43:17 - [TEST_STEP][PASSED] - isRequiredTextPresent = true: null

05-10-2024T01:43:17 - [TEST_STEP][PASSED] - println(isRequiredTextPresent): null

05-10-2024T01:43:17 - [TEST_STEP][PASSED] - if (isRequiredTextPresent): null

05-10-2024T01:43:17 - [TEST_STEP][PASSED] - if (verifyTextPresent("Last Name on Check:", false)): null

05-10-2024T01:43:18 - [MESSAGE][PASSED] - Text 'Last Name on Check:' is present on page 

05-10-2024T01:43:18 - [TEST_STEP][PASSED] - isRequiredTextPresent = true: null

05-10-2024T01:43:18 - [TEST_STEP][PASSED] - println(isRequiredTextPresent): null

05-10-2024T01:43:18 - [TEST_STEP][PASSED] - if (isRequiredTextPresent): null

05-10-2024T01:43:18 - [TEST_STEP][PASSED] - if (verifyTextPresent("Routing Transit Number:", false)): null

05-10-2024T01:43:18 - [MESSAGE][PASSED] - Text 'Routing Transit Number:' is present on page 

05-10-2024T01:43:18 - [TEST_STEP][PASSED] - isRequiredTextPresent = true: null

05-10-2024T01:43:18 - [TEST_STEP][PASSED] - println(isRequiredTextPresent): null

05-10-2024T01:43:18 - [TEST_STEP][PASSED] - if (isRequiredTextPresent): null

05-10-2024T01:43:18 - [TEST_STEP][PASSED] - if (verifyTextPresent("Account Number:", false)): null

05-10-2024T01:43:18 - [MESSAGE][PASSED] - Text 'Account Number:' is present on page 

05-10-2024T01:43:18 - [TEST_STEP][PASSED] - isRequiredTextPresent = true: null

05-10-2024T01:43:18 - [TEST_STEP][PASSED] - println(isRequiredTextPresent): null

05-10-2024T01:43:18 - [TEST_STEP][PASSED] - if (isRequiredTextPresent): null

05-10-2024T01:43:18 - [TEST_STEP][PASSED] - if (verifyTextPresent("Type of Account:", false)): null

05-10-2024T01:43:18 - [MESSAGE][PASSED] - Text 'Type of Account:' is present on page 

05-10-2024T01:43:18 - [TEST_STEP][PASSED] - isRequiredTextPresent = true: null

05-10-2024T01:43:18 - [TEST_STEP][PASSED] - println(isRequiredTextPresent): null

05-10-2024T01:43:18 - [TEST_STEP][PASSED] - if (isRequiredTextPresent): null

05-10-2024T01:43:18 - [TEST_STEP][PASSED] - if (verifyTextPresent("Address Line 1:", false)): null

05-10-2024T01:43:19 - [MESSAGE][PASSED] - Text 'Address Line 1:' is present on page 

05-10-2024T01:43:19 - [TEST_STEP][PASSED] - isRequiredTextPresent = true: null

05-10-2024T01:43:19 - [TEST_STEP][PASSED] - println(isRequiredTextPresent): null

05-10-2024T01:43:19 - [TEST_STEP][PASSED] - if (isRequiredTextPresent): null

05-10-2024T01:43:19 - [TEST_STEP][PASSED] - if (verifyTextPresent("Address Line 2:", false)): null

05-10-2024T01:43:19 - [MESSAGE][PASSED] - Text 'Address Line 2:' is present on page 

05-10-2024T01:43:19 - [TEST_STEP][PASSED] - isRequiredTextPresent = true: null

05-10-2024T01:43:19 - [TEST_STEP][PASSED] - println(isRequiredTextPresent): null

05-10-2024T01:43:19 - [TEST_STEP][PASSED] - if (isRequiredTextPresent): null

05-10-2024T01:43:19 - [TEST_STEP][PASSED] - if (verifyTextPresent("Country:", false)): null

05-10-2024T01:43:19 - [MESSAGE][PASSED] - Text 'Country:' is present on page 

05-10-2024T01:43:19 - [TEST_STEP][PASSED] - isRequiredTextPresent = true: null

05-10-2024T01:43:19 - [TEST_STEP][PASSED] - println(isRequiredTextPresent): null

05-10-2024T01:43:19 - [TEST_STEP][PASSED] - if (isRequiredTextPresent): null

05-10-2024T01:43:19 - [TEST_STEP][PASSED] - if (verifyTextPresent("City:", false)): null

05-10-2024T01:43:20 - [MESSAGE][PASSED] - Text 'City:' is present on page 

05-10-2024T01:43:20 - [TEST_STEP][PASSED] - isRequiredTextPresent = true: null

05-10-2024T01:43:20 - [TEST_STEP][PASSED] - println(isRequiredTextPresent): null

05-10-2024T01:43:20 - [TEST_STEP][PASSED] - if (isRequiredTextPresent): null

05-10-2024T01:43:20 - [TEST_STEP][PASSED] - if (verifyTextPresent("State:", false)): null

05-10-2024T01:43:20 - [MESSAGE][PASSED] - Text 'State:' is present on page 

05-10-2024T01:43:20 - [TEST_STEP][PASSED] - isRequiredTextPresent = true: null

05-10-2024T01:43:20 - [TEST_STEP][PASSED] - println(isRequiredTextPresent): null

05-10-2024T01:43:20 - [TEST_STEP][PASSED] - if (isRequiredTextPresent): null

05-10-2024T01:43:20 - [TEST_STEP][PASSED] - if (verifyTextPresent("ZIP Code:", false)): null

05-10-2024T01:43:20 - [MESSAGE][PASSED] - Text 'ZIP Code:' is present on page 

05-10-2024T01:43:20 - [TEST_STEP][PASSED] - isRequiredTextPresent = true: null

05-10-2024T01:43:20 - [TEST_STEP][PASSED] - println(isRequiredTextPresent): null

05-10-2024T01:43:20 - [TEST_STEP][PASSED] - if (isRequiredTextPresent): null

05-10-2024T01:43:20 - [TEST_STEP][PASSED] - if (verifyTextPresent("Email Address:", false)): null

05-10-2024T01:43:20 - [MESSAGE][PASSED] - Text 'Email Address:' is present on page 

05-10-2024T01:43:20 - [TEST_STEP][PASSED] - isRequiredTextPresent = true: null

05-10-2024T01:43:20 - [TEST_STEP][PASSED] - println(isRequiredTextPresent): null

05-10-2024T01:43:20 - [TEST_STEP][PASSED] - if (isRequiredTextPresent): null

05-10-2024T01:43:20 - [TEST_STEP][PASSED] - if (verifyTextPresent("Payment Plan Information:", false)): null

05-10-2024T01:43:21 - [MESSAGE][PASSED] - Text 'Payment Plan Information:' is present on page 

05-10-2024T01:43:21 - [TEST_STEP][PASSED] - isRequiredTextPresent = true: null

05-10-2024T01:43:21 - [TEST_STEP][PASSED] - println(isRequiredTextPresent): null

05-10-2024T01:43:21 - [TEST_STEP][PASSED] - if (isRequiredTextPresent): null

05-10-2024T01:43:21 - [TEST_STEP][PASSED] - if (verifyTextPresent("Payment Plan Type:", false)): null

05-10-2024T01:43:21 - [MESSAGE][PASSED] - Text 'Payment Plan Type:' is present on page 

05-10-2024T01:43:21 - [TEST_STEP][PASSED] - isRequiredTextPresent = true: null

05-10-2024T01:43:21 - [TEST_STEP][PASSED] - println(isRequiredTextPresent): null

05-10-2024T01:43:21 - [TEST_STEP][PASSED] - if (isRequiredTextPresent): null

05-10-2024T01:43:21 - [TEST_STEP][PASSED] - if (verifyTextPresent("Payment Plan ID:", false)): null

05-10-2024T01:43:21 - [MESSAGE][PASSED] - Text 'Payment Plan ID:' is present on page 

05-10-2024T01:43:21 - [TEST_STEP][PASSED] - isRequiredTextPresent = true: null

05-10-2024T01:43:21 - [TEST_STEP][PASSED] - println(isRequiredTextPresent): null

05-10-2024T01:43:21 - [TEST_STEP][PASSED] - if (isRequiredTextPresent): null

05-10-2024T01:43:21 - [TEST_STEP][PASSED] - if (verifyTextPresent("Payment Plan Start Date:", false)): null

05-10-2024T01:43:22 - [MESSAGE][PASSED] - Text 'Payment Plan Start Date:' is present on page 

05-10-2024T01:43:22 - [TEST_STEP][PASSED] - isRequiredTextPresent = true: null

05-10-2024T01:43:22 - [TEST_STEP][PASSED] - println(isRequiredTextPresent): null

05-10-2024T01:43:22 - [TEST_STEP][PASSED] - if (isRequiredTextPresent): null

05-10-2024T01:43:22 - [TEST_STEP][PASSED] - if (verifyTextPresent("Payment Plan End Date:", false)): null

05-10-2024T01:43:22 - [MESSAGE][PASSED] - Text 'Payment Plan End Date:' is present on page 

05-10-2024T01:43:22 - [TEST_STEP][PASSED] - isRequiredTextPresent = true: null

05-10-2024T01:43:22 - [TEST_STEP][PASSED] - println(isRequiredTextPresent): null

05-10-2024T01:43:22 - [TEST_STEP][PASSED] - if (isRequiredTextPresent == true): pages.WriteExcel.demoKey is PASSED

05-10-2024T01:43:22 - [TEST_STEP][PASSED] - println("All the relevant texts are present on Receipt Page"): null

05-10-2024T01:43:22 - [TEST_STEP][PASSED] - markPassed("All the relevant texts are present on Receipt Page"): All the relevant texts are present on Receipt Page

05-10-2024T01:43:22 - [MESSAGE][PASSED] - All the relevant texts are present on Receipt Page

05-10-2024T01:43:22 - [TEST_STEP][PASSED] - resText = "Pass": null

05-10-2024T01:43:22 - [TEST_STEP][PASSED] - pages.WriteExcel.demoKey(resText, datText, resColumn, datCloumn, fileLoc, nameSheet, row): pages.WriteExcel.demoKey is PASSED

05-10-2024T01:43:22 - [MESSAGE][PASSED] - pages.WriteExcel.demoKey is PASSED

05-10-2024T01:43:22 - [TEST_STEP][PASSED] - closeBrowser(): Browser is closed

05-10-2024T01:43:22 - [MESSAGE][PASSED] - Browser is closed]]></system-out>
         <system-err><![CDATA[]]></system-err>
      </testcase>
      <testcase name="Test Cases/IntegratedWeb/IWP25/Payments/VerifyEditReceiptLabelsDeferredCC" time="80.697" classname="Test Cases/IntegratedWeb/IWP25/Payments/VerifyEditReceiptLabelsDeferredCC" status="PASSED">
         <system-out><![CDATA[05-10-2024T01:43:22 - [TEST_CASE][PASSED] - Test Cases/IntegratedWeb/IWP25/Payments/VerifyEditReceiptLabelsDeferredCC: Test Cases/IntegratedWeb/IWP25/Payments/VerifyEditReceiptLabelsDeferredCC

05-10-2024T01:43:22 - [TEST_STEP][PASSED] - resText = "Fail": null

05-10-2024T01:43:22 - [TEST_STEP][PASSED] - resColumn = "Result": null

05-10-2024T01:43:22 - [TEST_STEP][PASSED] - datCloumn = "Date": null

05-10-2024T01:43:22 - [TEST_STEP][PASSED] - fileLoc = "KatalonData/IWPTestData/VRelay25PaymentsExtension.xlsx": null

05-10-2024T01:43:22 - [TEST_STEP][PASSED] - numOfRows = <not implemented yet for class: org.codehaus.groovy.ast.expr.EmptyExpression>: null

05-10-2024T01:43:22 - [TEST_STEP][PASSED] - nameSheet = <not implemented yet for class: org.codehaus.groovy.ast.expr.EmptyExpression>: null

05-10-2024T01:43:22 - [TEST_STEP][PASSED] - dataFileEmulator = <not implemented yet for class: org.codehaus.groovy.ast.expr.EmptyExpression>: null

05-10-2024T01:43:22 - [TEST_STEP][PASSED] - isRequiredTextPresent = false: null

05-10-2024T01:43:22 - [TEST_STEP][PASSED] - nameSheet = "VerifyEditLabelDeferredCredit": null

05-10-2024T01:43:22 - [TEST_STEP][PASSED] - dataFile = getExcelDataWithDefaultSheet("KatalonData/IWPTestData/VRelay25PaymentsExtension.xlsx", nameSheet, true): null

05-10-2024T01:43:22 - [TEST_STEP][PASSED] - dataFileEmulator = "IWPTestData/EmulatorData": null

05-10-2024T01:43:22 - [TEST_STEP][PASSED] - numOfRows = dataFile.getRowNumbers(): null

05-10-2024T01:43:22 - [TEST_STEP][PASSED] - println("Number of Records: " + numOfRows): null

05-10-2024T01:43:22 - [TEST_STEP][PASSED] - columnNames = dataFile.getColumnNames(): null

05-10-2024T01:43:22 - [TEST_STEP][PASSED] - println(columnNames[0]): null

05-10-2024T01:43:22 - [TEST_STEP][PASSED] - for ([row = 1, row <= numOfRows, (row++)]): Browser is closed

05-10-2024T01:43:22 - [TEST_STEP][PASSED] - ExecuteTC = dataFile.getValue("Execute", row): null

05-10-2024T01:43:22 - [TEST_STEP][PASSED] - out.println("Value of Execute is : " + ExecuteTC): null

05-10-2024T01:43:22 - [TEST_STEP][PASSED] - if (ExecuteTC.equalsIgnoreCase("Y")): null

05-10-2024T01:43:22 - [TEST_STEP][PASSED] - out.println("Begin Record Number: " + row): null

05-10-2024T01:43:22 - [TEST_STEP][PASSED] - today = new java.util.Date(): null

05-10-2024T01:43:22 - [TEST_STEP][PASSED] - println(today): null

05-10-2024T01:43:22 - [TEST_STEP][PASSED] - datText = today: null

05-10-2024T01:43:22 - [TEST_STEP][PASSED] - EmulatorDataKey = dataFile.getValue("EmulatorData", row): null

05-10-2024T01:43:22 - [TEST_STEP][PASSED] - out.println("Value of Emulator Key is : " + EmulatorDataKey): null

05-10-2024T01:43:22 - [TEST_STEP][PASSED] - iwpPages.emulatorIWP30.setDataEmulator_DD(EmulatorDataKey): iwpPages.emulatorIWP30.setDataEmulator_DD is PASSED

05-10-2024T01:43:23 - [MESSAGE][INFO] - Starting 'Edge Chromium' driver

05-10-2024T01:43:23 - [MESSAGE][INFO] - User set preference: ['acceptInsecureCerts', 'true']

05-10-2024T01:43:25 - [MESSAGE][INFO] - Action delay is set to 0 milliseconds

05-10-2024T01:43:27 - [MESSAGE][PASSED] - Browser is opened with url: 'https://qa.velocitypayment.com/agency/config.do?action=editor&message_version=2_5'

05-10-2024T01:43:27 - [MESSAGE][PASSED] - Current window maximized

05-10-2024T01:43:28 - [MESSAGE][PASSED] - All options with value '2.5' are selected in object 'Object Repository/IWP30/Page_VRelay30Emulator/MV'  using regular expression

05-10-2024T01:43:29 - [MESSAGE][PASSED] - Text '10.50' is set on object 'Object Repository/IWP30/Page_VRelay30Emulator/Amount'

05-10-2024T01:43:30 - [MESSAGE][PASSED] - Text 'g2CAmPmTrcf8' is set on object 'Object Repository/IWP30/Page_VRelay30Emulator/CAN'

05-10-2024T01:43:31 - [MESSAGE][PASSED] - Text 'PayNow' is set on object 'Object Repository/IWP30/Page_VRelay30Emulator/Action'

05-10-2024T01:43:31 - [MESSAGE][PASSED] - Text 'en_US' is set on object 'Object Repository/IWP30/Page_VRelay30Emulator/Lang'

05-10-2024T01:43:32 - [MESSAGE][PASSED] - Text '' is set on object 'Object Repository/IWP30/Page_VRelay30Emulator/Fname'

05-10-2024T01:43:32 - [MESSAGE][PASSED] - Text '' is set on object 'Object Repository/IWP30/Page_VRelay30Emulator/Lname'

05-10-2024T01:43:33 - [MESSAGE][PASSED] - Text '' is set on object 'Object Repository/IWP30/Page_VRelay30Emulator/AL1'

05-10-2024T01:43:33 - [MESSAGE][PASSED] - Text '' is set on object 'Object Repository/IWP30/Page_VRelay30Emulator/AL2'

05-10-2024T01:43:34 - [MESSAGE][PASSED] - Text '' is set on object 'Object Repository/IWP30/Page_VRelay30Emulator/Country'

05-10-2024T01:43:35 - [MESSAGE][PASSED] - Text '' is set on object 'Object Repository/IWP30/Page_VRelay30Emulator/City'

05-10-2024T01:43:35 - [MESSAGE][PASSED] - Text '' is set on object 'Object Repository/IWP30/Page_VRelay30Emulator/State'

05-10-2024T01:43:36 - [MESSAGE][PASSED] - Text '' is set on object 'Object Repository/IWP30/Page_VRelay30Emulator/ZIP'

05-10-2024T01:43:36 - [MESSAGE][PASSED] - Text '' is set on object 'Object Repository/IWP30/Page_VRelay30Emulator/Order'

05-10-2024T01:43:37 - [MESSAGE][PASSED] - Text '' is set on object 'Object Repository/IWP30/Page_VRelay30Emulator/Company'

05-10-2024T01:43:37 - [MESSAGE][PASSED] - Text '' is set on object 'Object Repository/IWP30/Page_VRelay30Emulator/Email'

05-10-2024T01:43:38 - [MESSAGE][PASSED] - Text '' is set on object 'Object Repository/IWP30/Page_VRelay30Emulator/UDF1'

05-10-2024T01:43:39 - [MESSAGE][PASSED] - Text '' is set on object 'Object Repository/IWP30/Page_VRelay30Emulator/UDF2'

05-10-2024T01:43:39 - [MESSAGE][PASSED] - Text '' is set on object 'Object Repository/IWP30/Page_VRelay30Emulator/UDF3'

05-10-2024T01:43:40 - [MESSAGE][PASSED] - Text 'udf data 4' is set on object 'Object Repository/IWP30/Page_VRelay30Emulator/UDF4'

05-10-2024T01:43:40 - [MESSAGE][PASSED] - Text 'udf data 5' is set on object 'Object Repository/IWP30/Page_VRelay30Emulator/UDF5'

05-10-2024T01:43:41 - [MESSAGE][PASSED] - Text '' is set on object 'Object Repository/IWP30/Page_VRelay30Emulator/UDF6'

05-10-2024T01:43:41 - [MESSAGE][PASSED] - Text '' is set on object 'Object Repository/IWP30/Page_VRelay30Emulator/UDF7'

05-10-2024T01:43:42 - [MESSAGE][PASSED] - Text '' is set on object 'Object Repository/IWP30/Page_VRelay30Emulator/UDF8'

05-10-2024T01:43:43 - [MESSAGE][PASSED] - Text 'udf data 9' is set on object 'Object Repository/IWP30/Page_VRelay30Emulator/UDF9'

05-10-2024T01:43:43 - [MESSAGE][PASSED] - Text 'udf data 10' is set on object 'Object Repository/IWP30/Page_VRelay30Emulator/UDF10'

05-10-2024T01:43:44 - [MESSAGE][PASSED] - Object: 'Object Repository/IWP30/Page_VRelay30Emulator/Submit' is clicked on

05-10-2024T01:43:49 - [MESSAGE][PASSED] - Browser is closed

05-10-2024T01:43:53 - [MESSAGE][PASSED] - iwpPages.emulatorIWP30.setDataEmulator_DD is PASSED

05-10-2024T01:43:53 - [TEST_STEP][PASSED] - testHarnessURL = urlTestHarness: null

05-10-2024T01:43:53 - [TEST_STEP][PASSED] - openBrowser(testHarnessURL): Browser is opened with url: 'https://dev-algorithm.govolution.com/vrelaytest/QA/version_2_2/vrelaytest.html'

05-10-2024T01:43:53 - [MESSAGE][INFO] - Starting 'Edge Chromium' driver

05-10-2024T01:43:53 - [MESSAGE][INFO] - User set preference: ['acceptInsecureCerts', 'true']

05-10-2024T01:43:55 - [MESSAGE][INFO] - Action delay is set to 0 milliseconds

05-10-2024T01:43:58 - [MESSAGE][PASSED] - Browser is opened with url: 'https://dev-algorithm.govolution.com/vrelaytest/QA/version_2_2/vrelaytest.html'

05-10-2024T01:43:58 - [TEST_STEP][PASSED] - maximizeWindow(): Current window maximized

05-10-2024T01:43:58 - [MESSAGE][PASSED] - Current window maximized

05-10-2024T01:43:58 - [TEST_STEP][PASSED] - iwpPages.TestHarnessPage.setDataMethodEF(row, dataFile): iwpPages.TestHarnessPage.setDataMethodEF is PASSED

05-10-2024T01:43:58 - [MESSAGE][PASSED] - Object 'Object Repository/IWP30/Page_QATestHarness/RemittanceID' is present

05-10-2024T01:43:59 - [MESSAGE][PASSED] - Text '638' is set on object 'Object Repository/IWP30/Page_QATestHarness/ApplicationID'

05-10-2024T01:44:00 - [MESSAGE][PASSED] - Text '2.5' is set on object 'Object Repository/IWP30/Page_QATestHarness/MessageVersion'

05-10-2024T01:44:00 - [MESSAGE][PASSED] - Text '0bDiYegadfRl' is set on object 'Object Repository/IWP30/Page_QATestHarness/RemittanceID'

05-10-2024T01:44:03 - [MESSAGE][PASSED] - Object: 'Object Repository/IWP30/Page_QATestHarness/SubmitButton' is clicked on

05-10-2024T01:44:03 - [MESSAGE][PASSED] - iwpPages.TestHarnessPage.setDataMethodEF is PASSED

05-10-2024T01:44:03 - [TEST_STEP][PASSED] - click(findTestObject("Object Repository/IWP30/Page_SelectPaymentMethod/PayByCreditCard")): Object: 'Object Repository/IWP30/Page_SelectPaymentMethod/PayByCreditCard' is clicked on

05-10-2024T01:44:04 - [MESSAGE][PASSED] - Object: 'Object Repository/IWP30/Page_SelectPaymentMethod/PayByCreditCard' is clicked on

05-10-2024T01:44:04 - [TEST_STEP][PASSED] - click(findTestObject("Object Repository/IWP30/Page_SelectPaymentMethod/MakePaymentButton")): Object: 'Object Repository/IWP30/Page_SelectPaymentMethod/MakePaymentButton' is clicked on

05-10-2024T01:44:05 - [MESSAGE][PASSED] - Object: 'Object Repository/IWP30/Page_SelectPaymentMethod/MakePaymentButton' is clicked on

05-10-2024T01:44:05 - [TEST_STEP][PASSED] - iwpPages.ccPaymentEntryPage.setDataCCPM(row, dataFile): iwpPages.ccPaymentEntryPage.setDataCCPM is PASSED

05-10-2024T01:44:06 - [MESSAGE][PASSED] - Object 'Object Repository/IWP30/Page_CCPaymentEntry/Name' is present

05-10-2024T01:44:06 - [MESSAGE][PASSED] - Text '10.50' is set on object 'Object Repository/IWP30/Page_CCPaymentEntry/Amount'

05-10-2024T01:44:07 - [MESSAGE][PASSED] - Text 'udf data 2' is set on object 'Object Repository/IWP30/Page_CCPaymentEntry/UserDefined2'

05-10-2024T01:44:08 - [MESSAGE][PASSED] - Text 'udf data 3' is set on object 'Object Repository/IWP30/Page_CCPaymentEntry/UserDefined3'

05-10-2024T01:44:08 - [MESSAGE][PASSED] - All options with label 'Orange' are selected in object 'Object Repository/IWP30/Page_CCPaymentEntry/UserDefined7' 

05-10-2024T01:44:09 - [MESSAGE][PASSED] - All options with label 'Soccer' are selected in object 'Object Repository/IWP30/Page_CCPaymentEntry/UserDefined8' 

05-10-2024T01:44:09 - [MESSAGE][PASSED] - Object 'Object Repository/IWP30/Page_CCPaymentEntry/Name' is present

05-10-2024T01:44:10 - [MESSAGE][PASSED] - Text 'Kavita Ranawati' is set on object 'Object Repository/IWP30/Page_CCPaymentEntry/Name'

05-10-2024T01:44:10 - [MESSAGE][PASSED] - Object 'Object Repository/IWP30/Page_CCPaymentEntry/CardNumber' is present

05-10-2024T01:44:10 - [MESSAGE][PASSED] - Text '4111111111111111' is set on object 'Object Repository/IWP30/Page_CCPaymentEntry/CardNumber'

05-10-2024T01:44:11 - [MESSAGE][PASSED] - Text '123' is set on object 'Object Repository/IWP30/Page_CCPaymentEntry/SPC'

05-10-2024T01:44:12 - [MESSAGE][PASSED] - Object 'Object Repository/IWP30/Page_CCPaymentEntry/Month' is present

05-10-2024T01:44:12 - [MESSAGE][PASSED] - All options with label '01' are selected in object 'Object Repository/IWP30/Page_CCPaymentEntry/Month' 

05-10-2024T01:44:13 - [MESSAGE][PASSED] - Object 'Object Repository/IWP30/Page_CCPaymentEntry/Year' is present

05-10-2024T01:44:13 - [MESSAGE][PASSED] - All options with label '2028' are selected in object 'Object Repository/IWP30/Page_CCPaymentEntry/Year' 

05-10-2024T01:44:13 - [MESSAGE][PASSED] - Execute JavaScript '
				   document.getElementById('processDate').value = '08/09/2025'
				  ' successfully

05-10-2024T01:44:14 - [MESSAGE][PASSED] - Text '365 Main Avenue' is set on object 'Object Repository/IWP30/Page_CCPaymentEntry/AL1'

05-10-2024T01:44:14 - [MESSAGE][PASSED] - Text 'Ohio' is set on object 'Object Repository/IWP30/Page_CCPaymentEntry/AL2'

05-10-2024T01:44:15 - [MESSAGE][PASSED] - Text '22201' is set on object 'Object Repository/IWP30/Page_CCPaymentEntry/ZIP'

05-10-2024T01:44:15 - [MESSAGE][PASSED] - Object 'Object Repository/IWP30/Page_CCPaymentEntry/EmailAddress' is present

05-10-2024T01:44:16 - [MESSAGE][PASSED] - Text 'iahmed@govolution.com' is set on object 'Object Repository/IWP30/Page_CCPaymentEntry/EmailAddress'

05-10-2024T01:44:17 - [MESSAGE][PASSED] - Object 'Object Repository/IWP30/Page_CCPaymentEntry/TermCondCheckBox' is present

05-10-2024T01:44:17 - [MESSAGE][PASSED] - Object 'Object Repository/IWP30/Page_CCPaymentEntry/TermCondCheckBox' is checked

05-10-2024T01:44:17 - [MESSAGE][PASSED] - Object 'Object Repository/IWP30/Page_CCPaymentEntry/ContinueButton' is present

05-10-2024T01:44:19 - [MESSAGE][PASSED] - Object: 'Object Repository/IWP30/Page_CCPaymentEntry/ContinueButton' is clicked on

05-10-2024T01:44:19 - [MESSAGE][PASSED] - iwpPages.ccPaymentEntryPage.setDataCCPM is PASSED

05-10-2024T01:44:19 - [TEST_STEP][PASSED] - click(findTestObject("Object Repository/IWP30/Page_Confirmation/ConfirmButton")): Object: 'Object Repository/IWP30/Page_Confirmation/ConfirmButton' is clicked on

05-10-2024T01:44:20 - [MESSAGE][PASSED] - Object: 'Object Repository/IWP30/Page_Confirmation/ConfirmButton' is clicked on

05-10-2024T01:44:20 - [TEST_STEP][PASSED] - Thread.sleep(2000): null

05-10-2024T01:44:22 - [TEST_STEP][PASSED] - if (verifyTextPresent("Deferred", false)): null

05-10-2024T01:44:23 - [MESSAGE][PASSED] - Text 'Deferred' is present on page 

05-10-2024T01:44:23 - [TEST_STEP][PASSED] - click(findTestObject("Object Repository/IWP30/Page_Receipt/ViewScheduledPaymentsButton")): Object: 'Object Repository/IWP30/Page_Receipt/ViewScheduledPaymentsButton' is clicked on

05-10-2024T01:44:23 - [MESSAGE][PASSED] - Object: 'Object Repository/IWP30/Page_Receipt/ViewScheduledPaymentsButton' is clicked on

05-10-2024T01:44:23 - [TEST_STEP][PASSED] - switchToWindowTitle("View Scheduled Payments"): Switched to window with title: 'View Scheduled Payments'

05-10-2024T01:44:23 - [MESSAGE][PASSED] - Switched to window with title: 'View Scheduled Payments'

05-10-2024T01:44:23 - [TEST_STEP][PASSED] - Thread.sleep(5000): null

05-10-2024T01:44:28 - [TEST_STEP][PASSED] - if (verifyTextPresent("View Scheduled Payments", false)): null

05-10-2024T01:44:29 - [MESSAGE][PASSED] - Text 'View Scheduled Payments' is present on page 

05-10-2024T01:44:29 - [TEST_STEP][PASSED] - click(findTestObject("Object Repository/IWP30/Page_ScheduledPayments/edit_payment")): Object: 'Object Repository/IWP30/Page_ScheduledPayments/edit_payment' is clicked on

05-10-2024T01:44:30 - [MESSAGE][PASSED] - Object: 'Object Repository/IWP30/Page_ScheduledPayments/edit_payment' is clicked on

05-10-2024T01:44:30 - [TEST_STEP][PASSED] - iwpPages.editSchedulePayment.setDataSchedPaymentEF(row, dataFile): iwpPages.editSchedulePayment.setDataSchedPaymentEF is PASSED

05-10-2024T01:44:31 - [MESSAGE][PASSED] - Text 'Edit Payment Plan' is present on page 

05-10-2024T01:44:32 - [MESSAGE][PASSED] - All options with label 'Orange' are selected in object 'Object Repository/IWP30/Page_CCPaymentEntry/UserDefined7' 

05-10-2024T01:44:32 - [MESSAGE][PASSED] - All options with label 'Soccer' are selected in object 'Object Repository/IWP30/Page_CCPaymentEntry/UserDefined8' 

05-10-2024T01:44:33 - [MESSAGE][PASSED] - Text '123' is set on object 'Object Repository/IWP30/Page_CCPaymentEntry/SPC'

05-10-2024T01:44:33 - [MESSAGE][PASSED] - Execute JavaScript '
				   document.getElementById('processDate').value = '08/09/2045'
				  ' successfully

05-10-2024T01:44:33 - [MESSAGE][PASSED] - iwpPages.editSchedulePayment.setDataSchedPaymentEF is PASSED

05-10-2024T01:44:33 - [TEST_STEP][PASSED] - click(findTestObject("Object Repository/Page_EditSchedPayment/chkbox_acceptterms")): Object: 'Object Repository/Page_EditSchedPayment/chkbox_acceptterms' is clicked on

05-10-2024T01:44:33 - [MESSAGE][PASSED] - Object: 'Object Repository/Page_EditSchedPayment/chkbox_acceptterms' is clicked on

05-10-2024T01:44:33 - [TEST_STEP][PASSED] - click(findTestObject("Object Repository/Page_EditSchedPayment/btn_update")): Object: 'Object Repository/Page_EditSchedPayment/btn_update' is clicked on

05-10-2024T01:44:35 - [MESSAGE][PASSED] - Object: 'Object Repository/Page_EditSchedPayment/btn_update' is clicked on

05-10-2024T01:44:35 - [TEST_STEP][PASSED] - if (verifyTextPresent("Successful Payment Plan Update", false)): null

05-10-2024T01:44:35 - [MESSAGE][PASSED] - Text 'Successful Payment Plan Update' is present on page 

05-10-2024T01:44:35 - [TEST_STEP][PASSED] - isRequiredTextPresent = true: null

05-10-2024T01:44:35 - [TEST_STEP][PASSED] - println(isRequiredTextPresent): null

05-10-2024T01:44:35 - [TEST_STEP][PASSED] - if (isRequiredTextPresent): null

05-10-2024T01:44:35 - [TEST_STEP][PASSED] - if (verifyTextPresent("CAN Label:", false)): null

05-10-2024T01:44:36 - [MESSAGE][PASSED] - Text 'CAN Label:' is present on page 

05-10-2024T01:44:36 - [TEST_STEP][PASSED] - isRequiredTextPresent = true: null

05-10-2024T01:44:36 - [TEST_STEP][PASSED] - println(isRequiredTextPresent): null

05-10-2024T01:44:36 - [TEST_STEP][PASSED] - if (isRequiredTextPresent): null

05-10-2024T01:44:36 - [TEST_STEP][PASSED] - if (verifyTextPresent("Remittance ID:", false)): null

05-10-2024T01:44:36 - [MESSAGE][PASSED] - Text 'Remittance ID:' is present on page 

05-10-2024T01:44:36 - [TEST_STEP][PASSED] - isRequiredTextPresent = true: null

05-10-2024T01:44:36 - [TEST_STEP][PASSED] - println(isRequiredTextPresent): null

05-10-2024T01:44:36 - [TEST_STEP][PASSED] - if (isRequiredTextPresent): null

05-10-2024T01:44:36 - [TEST_STEP][PASSED] - if (verifyTextPresent("UDF2 Label:", false)): null

05-10-2024T01:44:36 - [MESSAGE][PASSED] - Text 'UDF2 Label:' is present on page 

05-10-2024T01:44:36 - [TEST_STEP][PASSED] - isRequiredTextPresent = true: null

05-10-2024T01:44:36 - [TEST_STEP][PASSED] - println(isRequiredTextPresent): null

05-10-2024T01:44:36 - [TEST_STEP][PASSED] - if (isRequiredTextPresent): null

05-10-2024T01:44:36 - [TEST_STEP][PASSED] - if (verifyTextPresent("UDF3 Label:", false)): null

05-10-2024T01:44:37 - [MESSAGE][PASSED] - Text 'UDF3 Label:' is present on page 

05-10-2024T01:44:37 - [TEST_STEP][PASSED] - isRequiredTextPresent = true: null

05-10-2024T01:44:37 - [TEST_STEP][PASSED] - println(isRequiredTextPresent): null

05-10-2024T01:44:37 - [TEST_STEP][PASSED] - if (isRequiredTextPresent): null

05-10-2024T01:44:37 - [TEST_STEP][PASSED] - if (verifyTextPresent("UDF4 Label:", false)): null

05-10-2024T01:44:37 - [MESSAGE][PASSED] - Text 'UDF4 Label:' is present on page 

05-10-2024T01:44:37 - [TEST_STEP][PASSED] - isRequiredTextPresent = true: null

05-10-2024T01:44:37 - [TEST_STEP][PASSED] - println(isRequiredTextPresent): null

05-10-2024T01:44:37 - [TEST_STEP][PASSED] - if (isRequiredTextPresent): null

05-10-2024T01:44:37 - [TEST_STEP][PASSED] - if (verifyTextPresent("UDF7 Label:", false)): null

05-10-2024T01:44:37 - [MESSAGE][PASSED] - Text 'UDF7 Label:' is present on page 

05-10-2024T01:44:37 - [TEST_STEP][PASSED] - isRequiredTextPresent = true: null

05-10-2024T01:44:37 - [TEST_STEP][PASSED] - println(isRequiredTextPresent): null

05-10-2024T01:44:37 - [TEST_STEP][PASSED] - if (isRequiredTextPresent): null

05-10-2024T01:44:37 - [TEST_STEP][PASSED] - if (verifyTextPresent("UDF8 Label:", false)): null

05-10-2024T01:44:37 - [MESSAGE][PASSED] - Text 'UDF8 Label:' is present on page 

05-10-2024T01:44:37 - [TEST_STEP][PASSED] - isRequiredTextPresent = true: null

05-10-2024T01:44:37 - [TEST_STEP][PASSED] - println(isRequiredTextPresent): null

05-10-2024T01:44:37 - [TEST_STEP][PASSED] - if (isRequiredTextPresent): null

05-10-2024T01:44:37 - [TEST_STEP][PASSED] - if (verifyTextPresent("UDF9 Label:", false)): null

05-10-2024T01:44:38 - [MESSAGE][PASSED] - Text 'UDF9 Label:' is present on page 

05-10-2024T01:44:38 - [TEST_STEP][PASSED] - isRequiredTextPresent = true: null

05-10-2024T01:44:38 - [TEST_STEP][PASSED] - println(isRequiredTextPresent): null

05-10-2024T01:44:38 - [TEST_STEP][PASSED] - if (isRequiredTextPresent): null

05-10-2024T01:44:38 - [TEST_STEP][PASSED] - if (verifyTextPresent("Transaction Type:", false)): null

05-10-2024T01:44:38 - [MESSAGE][PASSED] - Text 'Transaction Type:' is present on page 

05-10-2024T01:44:38 - [TEST_STEP][PASSED] - isRequiredTextPresent = true: null

05-10-2024T01:44:38 - [TEST_STEP][PASSED] - println(isRequiredTextPresent): null

05-10-2024T01:44:38 - [TEST_STEP][PASSED] - if (isRequiredTextPresent): null

05-10-2024T01:44:38 - [TEST_STEP][PASSED] - if (verifyTextPresent("Amount:", false)): null

05-10-2024T01:44:38 - [MESSAGE][PASSED] - Text 'Amount:' is present on page 

05-10-2024T01:44:38 - [TEST_STEP][PASSED] - isRequiredTextPresent = true: null

05-10-2024T01:44:38 - [TEST_STEP][PASSED] - println(isRequiredTextPresent): null

05-10-2024T01:44:38 - [TEST_STEP][PASSED] - if (isRequiredTextPresent): null

05-10-2024T01:44:38 - [TEST_STEP][PASSED] - if (verifyTextPresent("Card Information:", false)): null

05-10-2024T01:44:39 - [MESSAGE][PASSED] - Text 'Card Information:' is present on page 

05-10-2024T01:44:39 - [TEST_STEP][PASSED] - isRequiredTextPresent = true: null

05-10-2024T01:44:39 - [TEST_STEP][PASSED] - println(isRequiredTextPresent): null

05-10-2024T01:44:39 - [TEST_STEP][PASSED] - if (isRequiredTextPresent): null

05-10-2024T01:44:39 - [TEST_STEP][PASSED] - if (verifyTextPresent("Card Type:", false)): null

05-10-2024T01:44:39 - [MESSAGE][PASSED] - Text 'Card Type:' is present on page 

05-10-2024T01:44:39 - [TEST_STEP][PASSED] - isRequiredTextPresent = true: null

05-10-2024T01:44:39 - [TEST_STEP][PASSED] - println(isRequiredTextPresent): null

05-10-2024T01:44:39 - [TEST_STEP][PASSED] - if (isRequiredTextPresent): null

05-10-2024T01:44:39 - [TEST_STEP][PASSED] - if (verifyTextPresent("Name of Account:", false)): null

05-10-2024T01:44:39 - [MESSAGE][PASSED] - Text 'Name of Account:' is present on page 

05-10-2024T01:44:39 - [TEST_STEP][PASSED] - isRequiredTextPresent = true: null

05-10-2024T01:44:39 - [TEST_STEP][PASSED] - println(isRequiredTextPresent): null

05-10-2024T01:44:39 - [TEST_STEP][PASSED] - if (isRequiredTextPresent): null

05-10-2024T01:44:39 - [TEST_STEP][PASSED] - if (verifyTextPresent("Card Number:", false)): null

05-10-2024T01:44:39 - [MESSAGE][PASSED] - Text 'Card Number:' is present on page 

05-10-2024T01:44:39 - [TEST_STEP][PASSED] - isRequiredTextPresent = true: null

05-10-2024T01:44:39 - [TEST_STEP][PASSED] - println(isRequiredTextPresent): null

05-10-2024T01:44:39 - [TEST_STEP][PASSED] - if (isRequiredTextPresent): null

05-10-2024T01:44:39 - [TEST_STEP][PASSED] - if (verifyTextPresent("Expiration Date:", false)): null

05-10-2024T01:44:40 - [MESSAGE][PASSED] - Text 'Expiration Date:' is present on page 

05-10-2024T01:44:40 - [TEST_STEP][PASSED] - isRequiredTextPresent = true: null

05-10-2024T01:44:40 - [TEST_STEP][PASSED] - println(isRequiredTextPresent): null

05-10-2024T01:44:40 - [TEST_STEP][PASSED] - if (isRequiredTextPresent): null

05-10-2024T01:44:40 - [TEST_STEP][PASSED] - if (verifyTextPresent("Billing Information:", false)): null

05-10-2024T01:44:40 - [MESSAGE][PASSED] - Text 'Billing Information:' is present on page 

05-10-2024T01:44:40 - [TEST_STEP][PASSED] - isRequiredTextPresent = true: null

05-10-2024T01:44:40 - [TEST_STEP][PASSED] - println(isRequiredTextPresent): null

05-10-2024T01:44:40 - [TEST_STEP][PASSED] - if (isRequiredTextPresent): null

05-10-2024T01:44:40 - [TEST_STEP][PASSED] - if (verifyTextPresent("Address Line 1:", false)): null

05-10-2024T01:44:40 - [MESSAGE][PASSED] - Text 'Address Line 1:' is present on page 

05-10-2024T01:44:40 - [TEST_STEP][PASSED] - isRequiredTextPresent = true: null

05-10-2024T01:44:40 - [TEST_STEP][PASSED] - println(isRequiredTextPresent): null

05-10-2024T01:44:40 - [TEST_STEP][PASSED] - if (isRequiredTextPresent): null

05-10-2024T01:44:40 - [TEST_STEP][PASSED] - if (verifyTextPresent("Address Line 2:", false)): null

05-10-2024T01:44:40 - [MESSAGE][PASSED] - Text 'Address Line 2:' is present on page 

05-10-2024T01:44:40 - [TEST_STEP][PASSED] - isRequiredTextPresent = true: null

05-10-2024T01:44:40 - [TEST_STEP][PASSED] - println(isRequiredTextPresent): null

05-10-2024T01:44:40 - [TEST_STEP][PASSED] - if (isRequiredTextPresent): null

05-10-2024T01:44:40 - [TEST_STEP][PASSED] - if (verifyTextPresent("Country:", false)): null

05-10-2024T01:44:41 - [MESSAGE][PASSED] - Text 'Country:' is present on page 

05-10-2024T01:44:41 - [TEST_STEP][PASSED] - isRequiredTextPresent = true: null

05-10-2024T01:44:41 - [TEST_STEP][PASSED] - println(isRequiredTextPresent): null

05-10-2024T01:44:41 - [TEST_STEP][PASSED] - if (isRequiredTextPresent): null

05-10-2024T01:44:41 - [TEST_STEP][PASSED] - if (verifyTextPresent("City:", false)): null

05-10-2024T01:44:41 - [MESSAGE][PASSED] - Text 'City:' is present on page 

05-10-2024T01:44:41 - [TEST_STEP][PASSED] - isRequiredTextPresent = true: null

05-10-2024T01:44:41 - [TEST_STEP][PASSED] - println(isRequiredTextPresent): null

05-10-2024T01:44:41 - [TEST_STEP][PASSED] - if (isRequiredTextPresent): null

05-10-2024T01:44:41 - [TEST_STEP][PASSED] - if (verifyTextPresent("State:", false)): null

05-10-2024T01:44:41 - [MESSAGE][PASSED] - Text 'State:' is present on page 

05-10-2024T01:44:41 - [TEST_STEP][PASSED] - isRequiredTextPresent = true: null

05-10-2024T01:44:41 - [TEST_STEP][PASSED] - println(isRequiredTextPresent): null

05-10-2024T01:44:41 - [TEST_STEP][PASSED] - if (isRequiredTextPresent): null

05-10-2024T01:44:41 - [TEST_STEP][PASSED] - if (verifyTextPresent("Zip Code:", false)): null

05-10-2024T01:44:41 - [MESSAGE][PASSED] - Text 'Zip Code:' is present on page 

05-10-2024T01:44:42 - [TEST_STEP][PASSED] - isRequiredTextPresent = true: null

05-10-2024T01:44:42 - [TEST_STEP][PASSED] - println(isRequiredTextPresent): null

05-10-2024T01:44:42 - [TEST_STEP][PASSED] - if (isRequiredTextPresent): null

05-10-2024T01:44:42 - [TEST_STEP][PASSED] - if (verifyTextPresent("Plan Information:", false)): null

05-10-2024T01:44:42 - [MESSAGE][PASSED] - Text 'Plan Information:' is present on page 

05-10-2024T01:44:42 - [TEST_STEP][PASSED] - isRequiredTextPresent = true: null

05-10-2024T01:44:42 - [TEST_STEP][PASSED] - println(isRequiredTextPresent): null

05-10-2024T01:44:42 - [TEST_STEP][PASSED] - if (isRequiredTextPresent): null

05-10-2024T01:44:42 - [TEST_STEP][PASSED] - if (verifyTextPresent("Payment Plan Type:", false)): null

05-10-2024T01:44:42 - [MESSAGE][PASSED] - Text 'Payment Plan Type:' is present on page 

05-10-2024T01:44:42 - [TEST_STEP][PASSED] - isRequiredTextPresent = true: null

05-10-2024T01:44:42 - [TEST_STEP][PASSED] - println(isRequiredTextPresent): null

05-10-2024T01:44:42 - [TEST_STEP][PASSED] - if (isRequiredTextPresent): null

05-10-2024T01:44:42 - [TEST_STEP][PASSED] - if (verifyTextPresent("Payment Plan ID:", false)): null

05-10-2024T01:44:42 - [MESSAGE][PASSED] - Text 'Payment Plan ID:' is present on page 

05-10-2024T01:44:42 - [TEST_STEP][PASSED] - isRequiredTextPresent = true: null

05-10-2024T01:44:42 - [TEST_STEP][PASSED] - println(isRequiredTextPresent): null

05-10-2024T01:44:42 - [TEST_STEP][PASSED] - if (isRequiredTextPresent): null

05-10-2024T01:44:42 - [TEST_STEP][PASSED] - if (verifyTextPresent("Start Date:", false)): null

05-10-2024T01:44:43 - [MESSAGE][PASSED] - Text 'Start Date:' is present on page 

05-10-2024T01:44:43 - [TEST_STEP][PASSED] - isRequiredTextPresent = true: null

05-10-2024T01:44:43 - [TEST_STEP][PASSED] - println(isRequiredTextPresent): null

05-10-2024T01:44:43 - [TEST_STEP][PASSED] - if (isRequiredTextPresent == true): pages.WriteExcel.demoKey is PASSED

05-10-2024T01:44:43 - [TEST_STEP][PASSED] - println("All the relevant texts are present on Receipt Page"): null

05-10-2024T01:44:43 - [TEST_STEP][PASSED] - markPassed("All the relevant texts are present on Receipt Page"): All the relevant texts are present on Receipt Page

05-10-2024T01:44:43 - [MESSAGE][PASSED] - All the relevant texts are present on Receipt Page

05-10-2024T01:44:43 - [TEST_STEP][PASSED] - resText = "Pass": null

05-10-2024T01:44:43 - [TEST_STEP][PASSED] - pages.WriteExcel.demoKey(resText, datText, resColumn, datCloumn, fileLoc, nameSheet, row): pages.WriteExcel.demoKey is PASSED

05-10-2024T01:44:43 - [MESSAGE][PASSED] - pages.WriteExcel.demoKey is PASSED

05-10-2024T01:44:43 - [TEST_STEP][PASSED] - closeBrowser(): Browser is closed

05-10-2024T01:44:43 - [MESSAGE][PASSED] - Browser is closed]]></system-out>
         <system-err><![CDATA[]]></system-err>
      </testcase>
      <testcase name="Test Cases/IntegratedWeb/IWP25/Payments/VerifyEditReceiptLabelsDeferredCorp" time="81.275" classname="Test Cases/IntegratedWeb/IWP25/Payments/VerifyEditReceiptLabelsDeferredCorp" status="PASSED">
         <system-out><![CDATA[05-10-2024T01:44:43 - [TEST_CASE][PASSED] - Test Cases/IntegratedWeb/IWP25/Payments/VerifyEditReceiptLabelsDeferredCorp: Test Cases/IntegratedWeb/IWP25/Payments/VerifyEditReceiptLabelsDeferredCorp

05-10-2024T01:44:43 - [TEST_STEP][PASSED] - resText = "Fail": null

05-10-2024T01:44:43 - [TEST_STEP][PASSED] - resColumn = "Result": null

05-10-2024T01:44:43 - [TEST_STEP][PASSED] - datCloumn = "Date": null

05-10-2024T01:44:43 - [TEST_STEP][PASSED] - fileLoc = "KatalonData/IWPTestData/VRelay25PaymentsExtension.xlsx": null

05-10-2024T01:44:43 - [TEST_STEP][PASSED] - numOfRows = <not implemented yet for class: org.codehaus.groovy.ast.expr.EmptyExpression>: null

05-10-2024T01:44:43 - [TEST_STEP][PASSED] - nameSheet = <not implemented yet for class: org.codehaus.groovy.ast.expr.EmptyExpression>: null

05-10-2024T01:44:43 - [TEST_STEP][PASSED] - dataFileEmulator = <not implemented yet for class: org.codehaus.groovy.ast.expr.EmptyExpression>: null

05-10-2024T01:44:43 - [TEST_STEP][PASSED] - isRequiredTextPresent = false: null

05-10-2024T01:44:43 - [TEST_STEP][PASSED] - nameSheet = "VerifyEditLabelDeferredCorp": null

05-10-2024T01:44:43 - [TEST_STEP][PASSED] - dataFile = getExcelDataWithDefaultSheet("KatalonData/IWPTestData/VRelay25PaymentsExtension.xlsx", nameSheet, true): null

05-10-2024T01:44:43 - [TEST_STEP][PASSED] - dataFileEmulator = "IWPTestData/EmulatorData": null

05-10-2024T01:44:43 - [TEST_STEP][PASSED] - numOfRows = dataFile.getRowNumbers(): null

05-10-2024T01:44:43 - [TEST_STEP][PASSED] - println("Number of Records: " + numOfRows): null

05-10-2024T01:44:43 - [TEST_STEP][PASSED] - columnNames = dataFile.getColumnNames(): null

05-10-2024T01:44:43 - [TEST_STEP][PASSED] - println(columnNames[0]): null

05-10-2024T01:44:43 - [TEST_STEP][PASSED] - for ([row = 1, row <= numOfRows, (row++)]): Browser is closed

05-10-2024T01:44:43 - [TEST_STEP][PASSED] - ExecuteTC = dataFile.getValue("Execute", row): null

05-10-2024T01:44:43 - [TEST_STEP][PASSED] - out.println("Value of Execute is : " + ExecuteTC): null

05-10-2024T01:44:43 - [TEST_STEP][PASSED] - if (ExecuteTC.equalsIgnoreCase("Y")): null

05-10-2024T01:44:43 - [TEST_STEP][PASSED] - out.println("Begin Record Number: " + row): null

05-10-2024T01:44:43 - [TEST_STEP][PASSED] - today = new java.util.Date(): null

05-10-2024T01:44:43 - [TEST_STEP][PASSED] - println(today): null

05-10-2024T01:44:43 - [TEST_STEP][PASSED] - datText = today: null

05-10-2024T01:44:43 - [TEST_STEP][PASSED] - EmulatorDataKey = dataFile.getValue("EmulatorData", row): null

05-10-2024T01:44:43 - [TEST_STEP][PASSED] - out.println("Value of Emulator Key is : " + EmulatorDataKey): null

05-10-2024T01:44:43 - [TEST_STEP][PASSED] - iwpPages.emulatorIWP30.setDataEmulator_DD(EmulatorDataKey): iwpPages.emulatorIWP30.setDataEmulator_DD is PASSED

05-10-2024T01:44:43 - [MESSAGE][INFO] - Starting 'Edge Chromium' driver

05-10-2024T01:44:43 - [MESSAGE][INFO] - User set preference: ['acceptInsecureCerts', 'true']

05-10-2024T01:44:45 - [MESSAGE][INFO] - Action delay is set to 0 milliseconds

05-10-2024T01:44:48 - [MESSAGE][PASSED] - Browser is opened with url: 'https://qa.velocitypayment.com/agency/config.do?action=editor&message_version=2_5'

05-10-2024T01:44:48 - [MESSAGE][PASSED] - Current window maximized

05-10-2024T01:44:49 - [MESSAGE][PASSED] - All options with value '2.5' are selected in object 'Object Repository/IWP30/Page_VRelay30Emulator/MV'  using regular expression

05-10-2024T01:44:50 - [MESSAGE][PASSED] - Text '10.50' is set on object 'Object Repository/IWP30/Page_VRelay30Emulator/Amount'

05-10-2024T01:44:51 - [MESSAGE][PASSED] - Text 'a99IVFVzebiy' is set on object 'Object Repository/IWP30/Page_VRelay30Emulator/CAN'

05-10-2024T01:44:51 - [MESSAGE][PASSED] - Text 'PayNow' is set on object 'Object Repository/IWP30/Page_VRelay30Emulator/Action'

05-10-2024T01:44:52 - [MESSAGE][PASSED] - Text 'en_US' is set on object 'Object Repository/IWP30/Page_VRelay30Emulator/Lang'

05-10-2024T01:44:53 - [MESSAGE][PASSED] - Text '' is set on object 'Object Repository/IWP30/Page_VRelay30Emulator/Fname'

05-10-2024T01:44:53 - [MESSAGE][PASSED] - Text '' is set on object 'Object Repository/IWP30/Page_VRelay30Emulator/Lname'

05-10-2024T01:44:54 - [MESSAGE][PASSED] - Text '' is set on object 'Object Repository/IWP30/Page_VRelay30Emulator/AL1'

05-10-2024T01:44:54 - [MESSAGE][PASSED] - Text '' is set on object 'Object Repository/IWP30/Page_VRelay30Emulator/AL2'

05-10-2024T01:44:55 - [MESSAGE][PASSED] - Text '' is set on object 'Object Repository/IWP30/Page_VRelay30Emulator/Country'

05-10-2024T01:44:56 - [MESSAGE][PASSED] - Text '' is set on object 'Object Repository/IWP30/Page_VRelay30Emulator/City'

05-10-2024T01:44:56 - [MESSAGE][PASSED] - Text '' is set on object 'Object Repository/IWP30/Page_VRelay30Emulator/State'

05-10-2024T01:44:57 - [MESSAGE][PASSED] - Text '' is set on object 'Object Repository/IWP30/Page_VRelay30Emulator/ZIP'

05-10-2024T01:44:57 - [MESSAGE][PASSED] - Text '' is set on object 'Object Repository/IWP30/Page_VRelay30Emulator/Order'

05-10-2024T01:44:58 - [MESSAGE][PASSED] - Text '' is set on object 'Object Repository/IWP30/Page_VRelay30Emulator/Company'

05-10-2024T01:44:58 - [MESSAGE][PASSED] - Text '' is set on object 'Object Repository/IWP30/Page_VRelay30Emulator/Email'

05-10-2024T01:44:59 - [MESSAGE][PASSED] - Text '' is set on object 'Object Repository/IWP30/Page_VRelay30Emulator/UDF1'

05-10-2024T01:45:00 - [MESSAGE][PASSED] - Text '' is set on object 'Object Repository/IWP30/Page_VRelay30Emulator/UDF2'

05-10-2024T01:45:00 - [MESSAGE][PASSED] - Text '' is set on object 'Object Repository/IWP30/Page_VRelay30Emulator/UDF3'

05-10-2024T01:45:01 - [MESSAGE][PASSED] - Text 'udf data 4' is set on object 'Object Repository/IWP30/Page_VRelay30Emulator/UDF4'

05-10-2024T01:45:01 - [MESSAGE][PASSED] - Text 'udf data 5' is set on object 'Object Repository/IWP30/Page_VRelay30Emulator/UDF5'

05-10-2024T01:45:02 - [MESSAGE][PASSED] - Text '' is set on object 'Object Repository/IWP30/Page_VRelay30Emulator/UDF6'

05-10-2024T01:45:02 - [MESSAGE][PASSED] - Text '' is set on object 'Object Repository/IWP30/Page_VRelay30Emulator/UDF7'

05-10-2024T01:45:03 - [MESSAGE][PASSED] - Text '' is set on object 'Object Repository/IWP30/Page_VRelay30Emulator/UDF8'

05-10-2024T01:45:04 - [MESSAGE][PASSED] - Text 'udf data 9' is set on object 'Object Repository/IWP30/Page_VRelay30Emulator/UDF9'

05-10-2024T01:45:04 - [MESSAGE][PASSED] - Text 'udf data 10' is set on object 'Object Repository/IWP30/Page_VRelay30Emulator/UDF10'

05-10-2024T01:45:05 - [MESSAGE][PASSED] - Object: 'Object Repository/IWP30/Page_VRelay30Emulator/Submit' is clicked on

05-10-2024T01:45:10 - [MESSAGE][PASSED] - Browser is closed

05-10-2024T01:45:14 - [MESSAGE][PASSED] - iwpPages.emulatorIWP30.setDataEmulator_DD is PASSED

05-10-2024T01:45:14 - [TEST_STEP][PASSED] - testHarnessURL = urlTestHarness: null

05-10-2024T01:45:14 - [TEST_STEP][PASSED] - openBrowser(testHarnessURL): Browser is opened with url: 'https://dev-algorithm.govolution.com/vrelaytest/QA/version_2_2/vrelaytest.html'

05-10-2024T01:45:14 - [MESSAGE][INFO] - Starting 'Edge Chromium' driver

05-10-2024T01:45:14 - [MESSAGE][INFO] - User set preference: ['acceptInsecureCerts', 'true']

05-10-2024T01:45:16 - [MESSAGE][INFO] - Action delay is set to 0 milliseconds

05-10-2024T01:45:19 - [MESSAGE][PASSED] - Browser is opened with url: 'https://dev-algorithm.govolution.com/vrelaytest/QA/version_2_2/vrelaytest.html'

05-10-2024T01:45:19 - [TEST_STEP][PASSED] - maximizeWindow(): Current window maximized

05-10-2024T01:45:19 - [MESSAGE][PASSED] - Current window maximized

05-10-2024T01:45:19 - [TEST_STEP][PASSED] - iwpPages.TestHarnessPage.setDataMethodEF(row, dataFile): iwpPages.TestHarnessPage.setDataMethodEF is PASSED

05-10-2024T01:45:19 - [MESSAGE][PASSED] - Object 'Object Repository/IWP30/Page_QATestHarness/RemittanceID' is present

05-10-2024T01:45:20 - [MESSAGE][PASSED] - Text '638' is set on object 'Object Repository/IWP30/Page_QATestHarness/ApplicationID'

05-10-2024T01:45:21 - [MESSAGE][PASSED] - Text '2.5' is set on object 'Object Repository/IWP30/Page_QATestHarness/MessageVersion'

05-10-2024T01:45:21 - [MESSAGE][PASSED] - Text 'XqhhGYJLpk6A' is set on object 'Object Repository/IWP30/Page_QATestHarness/RemittanceID'

05-10-2024T01:45:24 - [MESSAGE][PASSED] - Object: 'Object Repository/IWP30/Page_QATestHarness/SubmitButton' is clicked on

05-10-2024T01:45:24 - [MESSAGE][PASSED] - iwpPages.TestHarnessPage.setDataMethodEF is PASSED

05-10-2024T01:45:24 - [TEST_STEP][PASSED] - click(findTestObject("Object Repository/IWP30/Page_SelectPaymentMethod/PayByCorporateCheck")): Object: 'Object Repository/IWP30/Page_SelectPaymentMethod/PayByCorporateCheck' is clicked on

05-10-2024T01:45:25 - [MESSAGE][PASSED] - Object: 'Object Repository/IWP30/Page_SelectPaymentMethod/PayByCorporateCheck' is clicked on

05-10-2024T01:45:25 - [TEST_STEP][PASSED] - click(findTestObject("Object Repository/IWP30/Page_SelectPaymentMethod/MakePaymentButton")): Object: 'Object Repository/IWP30/Page_SelectPaymentMethod/MakePaymentButton' is clicked on

05-10-2024T01:45:26 - [MESSAGE][PASSED] - Object: 'Object Repository/IWP30/Page_SelectPaymentMethod/MakePaymentButton' is clicked on

05-10-2024T01:45:26 - [TEST_STEP][PASSED] - iwpPages.achCorporatePaymentEntryPage.setDataCorporate(row, dataFile): iwpPages.achCorporatePaymentEntryPage.setDataCorporate is PASSED

05-10-2024T01:45:27 - [MESSAGE][PASSED] - Object 'Object Repository/IWP30/Page_ACHCorporatePaymentEntry/txt_accountNumber' is present

05-10-2024T01:45:27 - [MESSAGE][PASSED] - Object 'Object Repository/IWP30/Page_ACHCorporatePaymentEntry/input_CompanyName' is present

05-10-2024T01:45:28 - [MESSAGE][PASSED] - Text 'My Company' is set on object 'Object Repository/IWP30/Page_ACHCorporatePaymentEntry/input_CompanyName'

05-10-2024T01:45:28 - [MESSAGE][PASSED] - Object 'Object Repository/IWP30/Page_ACHCorporatePaymentEntry/input_EIN' is present

05-10-2024T01:45:29 - [MESSAGE][PASSED] - Text '123456789' is set on object 'Object Repository/IWP30/Page_ACHCorporatePaymentEntry/input_EIN'

05-10-2024T01:45:29 - [MESSAGE][PASSED] - Text '10.50' is set on object 'Object Repository/IWP30/Page_ACHCorporatePaymentEntry/txt_Amount'

05-10-2024T01:45:30 - [MESSAGE][PASSED] - Text 'udf data 2' is set on object 'Object Repository/IWP30/Page_ACHCorporatePaymentEntry/txt_UDF2'

05-10-2024T01:45:30 - [MESSAGE][PASSED] - Text 'udf data 3' is set on object 'Object Repository/IWP30/Page_ACHCorporatePaymentEntry/txt_UDF3'

05-10-2024T01:45:31 - [MESSAGE][PASSED] - All options with label 'Orange' are selected in object 'Object Repository/IWP30/Page_ACHCorporatePaymentEntry/dd_UDF7' 

05-10-2024T01:45:32 - [MESSAGE][PASSED] - All options with label 'Soccer' are selected in object 'Object Repository/IWP30/Page_ACHCorporatePaymentEntry/dd_UDF8' 

05-10-2024T01:45:32 - [MESSAGE][PASSED] - Object 'Object Repository/IWP30/Page_ACHCorporatePaymentEntry/txt_routingNumber' is present

05-10-2024T01:45:32 - [MESSAGE][PASSED] - Text '256072691' is set on object 'Object Repository/IWP30/Page_ACHCorporatePaymentEntry/txt_routingNumber'

05-10-2024T01:45:33 - [MESSAGE][PASSED] - Object 'Object Repository/IWP30/Page_ACHCorporatePaymentEntry/txt_accountNumber' is present

05-10-2024T01:45:34 - [MESSAGE][PASSED] - Text '12344444' is set on object 'Object Repository/IWP30/Page_ACHCorporatePaymentEntry/txt_accountNumber'

05-10-2024T01:45:35 - [MESSAGE][PASSED] - Object 'Object Repository/IWP30/Page_ACHCorporatePaymentEntry/txt_confirmAccountNumber' is present

05-10-2024T01:45:35 - [MESSAGE][PASSED] - Text '12344444' is set on object 'Object Repository/IWP30/Page_ACHCorporatePaymentEntry/txt_confirmAccountNumber'

05-10-2024T01:45:35 - [MESSAGE][PASSED] - Execute JavaScript '
				   document.getElementById('processDate').value = '08/09/2025'
				  ' successfully

05-10-2024T01:45:36 - [MESSAGE][PASSED] - Text '365 Main Avenue' is set on object 'Object Repository/IWP30/Page_ACHCorporatePaymentEntry/txt_AL1'

05-10-2024T01:45:36 - [MESSAGE][PASSED] - Text 'Ohio' is set on object 'Object Repository/IWP30/Page_ACHCorporatePaymentEntry/txt_AL2'

05-10-2024T01:45:37 - [MESSAGE][PASSED] - Text '22201' is set on object 'Object Repository/IWP30/Page_ACHCorporatePaymentEntry/txt_ZIP'

05-10-2024T01:45:37 - [MESSAGE][PASSED] - Object 'Object Repository/IWP30/Page_ACHCorporatePaymentEntry/txt_Email' is present

05-10-2024T01:45:38 - [MESSAGE][PASSED] - Text 'iahmed@govolution.com' is set on object 'Object Repository/IWP30/Page_ACHCorporatePaymentEntry/txt_Email'

05-10-2024T01:45:39 - [MESSAGE][PASSED] - Object 'Object Repository/IWP30/Page_ACHCorporatePaymentEntry/cb_TermsAndCond' is present

05-10-2024T01:45:39 - [MESSAGE][PASSED] - Object: 'Object Repository/IWP30/Page_ACHCorporatePaymentEntry/cb_TermsAndCond' is clicked on

05-10-2024T01:45:39 - [MESSAGE][PASSED] - Object 'Object Repository/IWP30/Page_ACHCorporatePaymentEntry/btn_Continue' is present

05-10-2024T01:45:40 - [MESSAGE][PASSED] - Object: 'Object Repository/IWP30/Page_ACHCorporatePaymentEntry/btn_Continue' is clicked on

05-10-2024T01:45:40 - [MESSAGE][PASSED] - iwpPages.achCorporatePaymentEntryPage.setDataCorporate is PASSED

05-10-2024T01:45:40 - [TEST_STEP][PASSED] - click(findTestObject("Object Repository/IWP30/Page_Confirmation/ConfirmButton")): Object: 'Object Repository/IWP30/Page_Confirmation/ConfirmButton' is clicked on

05-10-2024T01:45:42 - [MESSAGE][PASSED] - Object: 'Object Repository/IWP30/Page_Confirmation/ConfirmButton' is clicked on

05-10-2024T01:45:42 - [TEST_STEP][PASSED] - Thread.sleep(2000): null

05-10-2024T01:45:44 - [TEST_STEP][PASSED] - if (verifyTextPresent("Deferred", false)): null

05-10-2024T01:45:44 - [MESSAGE][PASSED] - Text 'Deferred' is present on page 

05-10-2024T01:45:44 - [TEST_STEP][PASSED] - click(findTestObject("Object Repository/IWP30/Page_Receipt/ViewScheduledPaymentsButton")): Object: 'Object Repository/IWP30/Page_Receipt/ViewScheduledPaymentsButton' is clicked on

05-10-2024T01:45:45 - [MESSAGE][PASSED] - Object: 'Object Repository/IWP30/Page_Receipt/ViewScheduledPaymentsButton' is clicked on

05-10-2024T01:45:45 - [TEST_STEP][PASSED] - switchToWindowTitle("View Scheduled Payments"): Switched to window with title: 'View Scheduled Payments'

05-10-2024T01:45:45 - [MESSAGE][PASSED] - Switched to window with title: 'View Scheduled Payments'

05-10-2024T01:45:45 - [TEST_STEP][PASSED] - Thread.sleep(5000): null

05-10-2024T01:45:50 - [TEST_STEP][PASSED] - if (verifyTextPresent("View Scheduled Payments", false)): null

05-10-2024T01:45:50 - [MESSAGE][PASSED] - Text 'View Scheduled Payments' is present on page 

05-10-2024T01:45:50 - [TEST_STEP][PASSED] - click(findTestObject("Object Repository/IWP30/Page_ScheduledPayments/edit_payment")): Object: 'Object Repository/IWP30/Page_ScheduledPayments/edit_payment' is clicked on

05-10-2024T01:45:52 - [MESSAGE][PASSED] - Object: 'Object Repository/IWP30/Page_ScheduledPayments/edit_payment' is clicked on

05-10-2024T01:45:52 - [TEST_STEP][PASSED] - iwpPages.editSchedulePayment.setDataSchedPaymentEF(row, dataFile): iwpPages.editSchedulePayment.setDataSchedPaymentEF is PASSED

05-10-2024T01:45:53 - [MESSAGE][PASSED] - Text 'Edit Payment Plan' is present on page 

05-10-2024T01:45:53 - [MESSAGE][PASSED] - All options with label 'Orange' are selected in object 'Object Repository/IWP30/Page_CCPaymentEntry/UserDefined7' 

05-10-2024T01:45:54 - [MESSAGE][PASSED] - All options with label 'Soccer' are selected in object 'Object Repository/IWP30/Page_CCPaymentEntry/UserDefined8' 

05-10-2024T01:45:54 - [MESSAGE][PASSED] - Execute JavaScript '
				   document.getElementById('processDate').value = '08/09/2045'
				  ' successfully

05-10-2024T01:45:54 - [MESSAGE][PASSED] - iwpPages.editSchedulePayment.setDataSchedPaymentEF is PASSED

05-10-2024T01:45:54 - [TEST_STEP][PASSED] - click(findTestObject("Object Repository/Page_EditSchedPayment/chkbox_acceptterms")): Object: 'Object Repository/Page_EditSchedPayment/chkbox_acceptterms' is clicked on

05-10-2024T01:45:54 - [MESSAGE][PASSED] - Object: 'Object Repository/Page_EditSchedPayment/chkbox_acceptterms' is clicked on

05-10-2024T01:45:54 - [TEST_STEP][PASSED] - click(findTestObject("Object Repository/Page_EditSchedPayment/btn_update")): Object: 'Object Repository/Page_EditSchedPayment/btn_update' is clicked on

05-10-2024T01:45:56 - [MESSAGE][PASSED] - Object: 'Object Repository/Page_EditSchedPayment/btn_update' is clicked on

05-10-2024T01:45:56 - [TEST_STEP][PASSED] - if (verifyTextPresent("Successful Payment Plan Update", false)): null

05-10-2024T01:45:56 - [MESSAGE][PASSED] - Text 'Successful Payment Plan Update' is present on page 

05-10-2024T01:45:56 - [TEST_STEP][PASSED] - isRequiredTextPresent = true: null

05-10-2024T01:45:56 - [TEST_STEP][PASSED] - println(isRequiredTextPresent): null

05-10-2024T01:45:56 - [TEST_STEP][PASSED] - if (isRequiredTextPresent): null

05-10-2024T01:45:56 - [TEST_STEP][PASSED] - if (verifyTextPresent("CAN Label:", false)): null

05-10-2024T01:45:56 - [MESSAGE][PASSED] - Text 'CAN Label:' is present on page 

05-10-2024T01:45:56 - [TEST_STEP][PASSED] - isRequiredTextPresent = true: null

05-10-2024T01:45:56 - [TEST_STEP][PASSED] - println(isRequiredTextPresent): null

05-10-2024T01:45:56 - [TEST_STEP][PASSED] - if (isRequiredTextPresent): null

05-10-2024T01:45:56 - [TEST_STEP][PASSED] - if (verifyTextPresent("Remittance ID:", false)): null

05-10-2024T01:45:57 - [MESSAGE][PASSED] - Text 'Remittance ID:' is present on page 

05-10-2024T01:45:57 - [TEST_STEP][PASSED] - isRequiredTextPresent = true: null

05-10-2024T01:45:57 - [TEST_STEP][PASSED] - println(isRequiredTextPresent): null

05-10-2024T01:45:57 - [TEST_STEP][PASSED] - if (isRequiredTextPresent): null

05-10-2024T01:45:57 - [TEST_STEP][PASSED] - if (verifyTextPresent("UDF2 Label:", false)): null

05-10-2024T01:45:57 - [MESSAGE][PASSED] - Text 'UDF2 Label:' is present on page 

05-10-2024T01:45:57 - [TEST_STEP][PASSED] - isRequiredTextPresent = true: null

05-10-2024T01:45:57 - [TEST_STEP][PASSED] - println(isRequiredTextPresent): null

05-10-2024T01:45:57 - [TEST_STEP][PASSED] - if (isRequiredTextPresent): null

05-10-2024T01:45:57 - [TEST_STEP][PASSED] - if (verifyTextPresent("UDF3 Label:", false)): null

05-10-2024T01:45:57 - [MESSAGE][PASSED] - Text 'UDF3 Label:' is present on page 

05-10-2024T01:45:57 - [TEST_STEP][PASSED] - isRequiredTextPresent = true: null

05-10-2024T01:45:57 - [TEST_STEP][PASSED] - println(isRequiredTextPresent): null

05-10-2024T01:45:57 - [TEST_STEP][PASSED] - if (isRequiredTextPresent): null

05-10-2024T01:45:57 - [TEST_STEP][PASSED] - if (verifyTextPresent("UDF4 Label:", false)): null

05-10-2024T01:45:58 - [MESSAGE][PASSED] - Text 'UDF4 Label:' is present on page 

05-10-2024T01:45:58 - [TEST_STEP][PASSED] - isRequiredTextPresent = true: null

05-10-2024T01:45:58 - [TEST_STEP][PASSED] - println(isRequiredTextPresent): null

05-10-2024T01:45:58 - [TEST_STEP][PASSED] - if (isRequiredTextPresent): null

05-10-2024T01:45:58 - [TEST_STEP][PASSED] - if (verifyTextPresent("UDF7 Label:", false)): null

05-10-2024T01:45:58 - [MESSAGE][PASSED] - Text 'UDF7 Label:' is present on page 

05-10-2024T01:45:58 - [TEST_STEP][PASSED] - isRequiredTextPresent = true: null

05-10-2024T01:45:58 - [TEST_STEP][PASSED] - println(isRequiredTextPresent): null

05-10-2024T01:45:58 - [TEST_STEP][PASSED] - if (isRequiredTextPresent): null

05-10-2024T01:45:58 - [TEST_STEP][PASSED] - if (verifyTextPresent("UDF8 Label:", false)): null

05-10-2024T01:45:58 - [MESSAGE][PASSED] - Text 'UDF8 Label:' is present on page 

05-10-2024T01:45:58 - [TEST_STEP][PASSED] - isRequiredTextPresent = true: null

05-10-2024T01:45:58 - [TEST_STEP][PASSED] - println(isRequiredTextPresent): null

05-10-2024T01:45:58 - [TEST_STEP][PASSED] - if (isRequiredTextPresent): null

05-10-2024T01:45:58 - [TEST_STEP][PASSED] - if (verifyTextPresent("UDF9 Label:", false)): null

05-10-2024T01:45:58 - [MESSAGE][PASSED] - Text 'UDF9 Label:' is present on page 

05-10-2024T01:45:58 - [TEST_STEP][PASSED] - isRequiredTextPresent = true: null

05-10-2024T01:45:58 - [TEST_STEP][PASSED] - println(isRequiredTextPresent): null

05-10-2024T01:45:58 - [TEST_STEP][PASSED] - if (isRequiredTextPresent): null

05-10-2024T01:45:58 - [TEST_STEP][PASSED] - if (verifyTextPresent("Transaction Type:", false)): null

05-10-2024T01:45:59 - [MESSAGE][PASSED] - Text 'Transaction Type:' is present on page 

05-10-2024T01:45:59 - [TEST_STEP][PASSED] - isRequiredTextPresent = true: null

05-10-2024T01:45:59 - [TEST_STEP][PASSED] - println(isRequiredTextPresent): null

05-10-2024T01:45:59 - [TEST_STEP][PASSED] - if (isRequiredTextPresent): null

05-10-2024T01:45:59 - [TEST_STEP][PASSED] - if (verifyTextPresent("Amount:", false)): null

05-10-2024T01:45:59 - [MESSAGE][PASSED] - Text 'Amount:' is present on page 

05-10-2024T01:45:59 - [TEST_STEP][PASSED] - isRequiredTextPresent = true: null

05-10-2024T01:45:59 - [TEST_STEP][PASSED] - println(isRequiredTextPresent): null

05-10-2024T01:45:59 - [TEST_STEP][PASSED] - if (isRequiredTextPresent): null

05-10-2024T01:45:59 - [TEST_STEP][PASSED] - if (verifyTextPresent("Check Information:", false)): null

05-10-2024T01:45:59 - [MESSAGE][PASSED] - Text 'Check Information:' is present on page 

05-10-2024T01:45:59 - [TEST_STEP][PASSED] - isRequiredTextPresent = true: null

05-10-2024T01:45:59 - [TEST_STEP][PASSED] - println(isRequiredTextPresent): null

05-10-2024T01:45:59 - [TEST_STEP][PASSED] - if (isRequiredTextPresent): null

05-10-2024T01:45:59 - [TEST_STEP][PASSED] - if (verifyTextPresent("Account Type:", false)): null

05-10-2024T01:46:00 - [MESSAGE][PASSED] - Text 'Account Type:' is present on page 

05-10-2024T01:46:00 - [TEST_STEP][PASSED] - isRequiredTextPresent = true: null

05-10-2024T01:46:00 - [TEST_STEP][PASSED] - println(isRequiredTextPresent): null

05-10-2024T01:46:00 - [TEST_STEP][PASSED] - if (isRequiredTextPresent): null

05-10-2024T01:46:00 - [TEST_STEP][PASSED] - if (verifyTextPresent("Employer Identification Number(EIN):", false)): null

05-10-2024T01:46:00 - [MESSAGE][PASSED] - Text 'Employer Identification Number(EIN):' is present on page 

05-10-2024T01:46:00 - [TEST_STEP][PASSED] - isRequiredTextPresent = true: null

05-10-2024T01:46:00 - [TEST_STEP][PASSED] - println(isRequiredTextPresent): null

05-10-2024T01:46:00 - [TEST_STEP][PASSED] - if (isRequiredTextPresent): null

05-10-2024T01:46:00 - [TEST_STEP][PASSED] - if (verifyTextPresent("Account Number:", false)): null

05-10-2024T01:46:00 - [MESSAGE][PASSED] - Text 'Account Number:' is present on page 

05-10-2024T01:46:00 - [TEST_STEP][PASSED] - isRequiredTextPresent = true: null

05-10-2024T01:46:00 - [TEST_STEP][PASSED] - println(isRequiredTextPresent): null

05-10-2024T01:46:00 - [TEST_STEP][PASSED] - if (isRequiredTextPresent): null

05-10-2024T01:46:00 - [TEST_STEP][PASSED] - if (verifyTextPresent("Routing Number:", false)): null

05-10-2024T01:46:00 - [MESSAGE][PASSED] - Text 'Routing Number:' is present on page 

05-10-2024T01:46:00 - [TEST_STEP][PASSED] - isRequiredTextPresent = true: null

05-10-2024T01:46:00 - [TEST_STEP][PASSED] - println(isRequiredTextPresent): null

05-10-2024T01:46:00 - [TEST_STEP][PASSED] - if (isRequiredTextPresent): null

05-10-2024T01:46:00 - [TEST_STEP][PASSED] - if (verifyTextPresent("Company Name:", false)): null

05-10-2024T01:46:01 - [MESSAGE][PASSED] - Text 'Company Name:' is present on page 

05-10-2024T01:46:01 - [TEST_STEP][PASSED] - isRequiredTextPresent = true: null

05-10-2024T01:46:01 - [TEST_STEP][PASSED] - println(isRequiredTextPresent): null

05-10-2024T01:46:01 - [TEST_STEP][PASSED] - if (isRequiredTextPresent): null

05-10-2024T01:46:01 - [TEST_STEP][PASSED] - if (verifyTextPresent("Billing Information:", false)): null

05-10-2024T01:46:01 - [MESSAGE][PASSED] - Text 'Billing Information:' is present on page 

05-10-2024T01:46:01 - [TEST_STEP][PASSED] - isRequiredTextPresent = true: null

05-10-2024T01:46:01 - [TEST_STEP][PASSED] - println(isRequiredTextPresent): null

05-10-2024T01:46:01 - [TEST_STEP][PASSED] - if (isRequiredTextPresent): null

05-10-2024T01:46:01 - [TEST_STEP][PASSED] - if (verifyTextPresent("Address Line 1:", false)): null

05-10-2024T01:46:01 - [MESSAGE][PASSED] - Text 'Address Line 1:' is present on page 

05-10-2024T01:46:01 - [TEST_STEP][PASSED] - isRequiredTextPresent = true: null

05-10-2024T01:46:01 - [TEST_STEP][PASSED] - println(isRequiredTextPresent): null

05-10-2024T01:46:01 - [TEST_STEP][PASSED] - if (isRequiredTextPresent): null

05-10-2024T01:46:01 - [TEST_STEP][PASSED] - if (verifyTextPresent("Address Line 2:", false)): null

05-10-2024T01:46:02 - [MESSAGE][PASSED] - Text 'Address Line 2:' is present on page 

05-10-2024T01:46:02 - [TEST_STEP][PASSED] - isRequiredTextPresent = true: null

05-10-2024T01:46:02 - [TEST_STEP][PASSED] - println(isRequiredTextPresent): null

05-10-2024T01:46:02 - [TEST_STEP][PASSED] - if (isRequiredTextPresent): null

05-10-2024T01:46:02 - [TEST_STEP][PASSED] - if (verifyTextPresent("Country:", false)): null

05-10-2024T01:46:02 - [MESSAGE][PASSED] - Text 'Country:' is present on page 

05-10-2024T01:46:02 - [TEST_STEP][PASSED] - isRequiredTextPresent = true: null

05-10-2024T01:46:02 - [TEST_STEP][PASSED] - println(isRequiredTextPresent): null

05-10-2024T01:46:02 - [TEST_STEP][PASSED] - if (isRequiredTextPresent): null

05-10-2024T01:46:02 - [TEST_STEP][PASSED] - if (verifyTextPresent("City:", false)): null

05-10-2024T01:46:02 - [MESSAGE][PASSED] - Text 'City:' is present on page 

05-10-2024T01:46:02 - [TEST_STEP][PASSED] - isRequiredTextPresent = true: null

05-10-2024T01:46:02 - [TEST_STEP][PASSED] - println(isRequiredTextPresent): null

05-10-2024T01:46:02 - [TEST_STEP][PASSED] - if (isRequiredTextPresent): null

05-10-2024T01:46:02 - [TEST_STEP][PASSED] - if (verifyTextPresent("State:", false)): null

05-10-2024T01:46:03 - [MESSAGE][PASSED] - Text 'State:' is present on page 

05-10-2024T01:46:03 - [TEST_STEP][PASSED] - isRequiredTextPresent = true: null

05-10-2024T01:46:03 - [TEST_STEP][PASSED] - println(isRequiredTextPresent): null

05-10-2024T01:46:03 - [TEST_STEP][PASSED] - if (isRequiredTextPresent): null

05-10-2024T01:46:03 - [TEST_STEP][PASSED] - if (verifyTextPresent("Zip Code:", false)): null

05-10-2024T01:46:03 - [MESSAGE][PASSED] - Text 'Zip Code:' is present on page 

05-10-2024T01:46:03 - [TEST_STEP][PASSED] - isRequiredTextPresent = true: null

05-10-2024T01:46:03 - [TEST_STEP][PASSED] - println(isRequiredTextPresent): null

05-10-2024T01:46:03 - [TEST_STEP][PASSED] - if (isRequiredTextPresent): null

05-10-2024T01:46:03 - [TEST_STEP][PASSED] - if (verifyTextPresent("Plan Information:", false)): null

05-10-2024T01:46:03 - [MESSAGE][PASSED] - Text 'Plan Information:' is present on page 

05-10-2024T01:46:03 - [TEST_STEP][PASSED] - isRequiredTextPresent = true: null

05-10-2024T01:46:03 - [TEST_STEP][PASSED] - println(isRequiredTextPresent): null

05-10-2024T01:46:03 - [TEST_STEP][PASSED] - if (isRequiredTextPresent): null

05-10-2024T01:46:03 - [TEST_STEP][PASSED] - if (verifyTextPresent("Payment Plan Type:", false)): null

05-10-2024T01:46:03 - [MESSAGE][PASSED] - Text 'Payment Plan Type:' is present on page 

05-10-2024T01:46:03 - [TEST_STEP][PASSED] - isRequiredTextPresent = true: null

05-10-2024T01:46:03 - [TEST_STEP][PASSED] - println(isRequiredTextPresent): null

05-10-2024T01:46:03 - [TEST_STEP][PASSED] - if (isRequiredTextPresent): null

05-10-2024T01:46:03 - [TEST_STEP][PASSED] - if (verifyTextPresent("Payment Plan ID:", false)): null

05-10-2024T01:46:04 - [MESSAGE][PASSED] - Text 'Payment Plan ID:' is present on page 

05-10-2024T01:46:04 - [TEST_STEP][PASSED] - isRequiredTextPresent = true: null

05-10-2024T01:46:04 - [TEST_STEP][PASSED] - println(isRequiredTextPresent): null

05-10-2024T01:46:04 - [TEST_STEP][PASSED] - if (isRequiredTextPresent): null

05-10-2024T01:46:04 - [TEST_STEP][PASSED] - if (verifyTextPresent("Start Date:", false)): null

05-10-2024T01:46:04 - [MESSAGE][PASSED] - Text 'Start Date:' is present on page 

05-10-2024T01:46:04 - [TEST_STEP][PASSED] - isRequiredTextPresent = true: null

05-10-2024T01:46:04 - [TEST_STEP][PASSED] - println(isRequiredTextPresent): null

05-10-2024T01:46:04 - [TEST_STEP][PASSED] - if (isRequiredTextPresent == true): pages.WriteExcel.demoKey is PASSED

05-10-2024T01:46:04 - [TEST_STEP][PASSED] - println("All the relevant texts are present on Receipt Page"): null

05-10-2024T01:46:04 - [TEST_STEP][PASSED] - markPassed("All the relevant texts are present on Receipt Page"): All the relevant texts are present on Receipt Page

05-10-2024T01:46:04 - [MESSAGE][PASSED] - All the relevant texts are present on Receipt Page

05-10-2024T01:46:04 - [TEST_STEP][PASSED] - resText = "Pass": null

05-10-2024T01:46:04 - [TEST_STEP][PASSED] - pages.WriteExcel.demoKey(resText, datText, resColumn, datCloumn, fileLoc, nameSheet, row): pages.WriteExcel.demoKey is PASSED

05-10-2024T01:46:04 - [MESSAGE][PASSED] - pages.WriteExcel.demoKey is PASSED

05-10-2024T01:46:04 - [TEST_STEP][PASSED] - closeBrowser(): Browser is closed

05-10-2024T01:46:04 - [MESSAGE][PASSED] - Browser is closed]]></system-out>
         <system-err><![CDATA[]]></system-err>
      </testcase>
      <testcase name="Test Cases/IntegratedWeb/IWP25/Payments/VerifyEditReceiptLabelsDeferredPC" time="81.837" classname="Test Cases/IntegratedWeb/IWP25/Payments/VerifyEditReceiptLabelsDeferredPC" status="PASSED">
         <system-out><![CDATA[05-10-2024T01:46:04 - [TEST_CASE][PASSED] - Test Cases/IntegratedWeb/IWP25/Payments/VerifyEditReceiptLabelsDeferredPC: Test Cases/IntegratedWeb/IWP25/Payments/VerifyEditReceiptLabelsDeferredPC

05-10-2024T01:46:04 - [TEST_STEP][PASSED] - resText = "Fail": null

05-10-2024T01:46:04 - [TEST_STEP][PASSED] - resColumn = "Result": null

05-10-2024T01:46:04 - [TEST_STEP][PASSED] - datCloumn = "Date": null

05-10-2024T01:46:04 - [TEST_STEP][PASSED] - fileLoc = "KatalonData/IWPTestData/VRelay25PaymentsExtension.xlsx": null

05-10-2024T01:46:04 - [TEST_STEP][PASSED] - numOfRows = <not implemented yet for class: org.codehaus.groovy.ast.expr.EmptyExpression>: null

05-10-2024T01:46:04 - [TEST_STEP][PASSED] - nameSheet = <not implemented yet for class: org.codehaus.groovy.ast.expr.EmptyExpression>: null

05-10-2024T01:46:04 - [TEST_STEP][PASSED] - dataFileEmulator = <not implemented yet for class: org.codehaus.groovy.ast.expr.EmptyExpression>: null

05-10-2024T01:46:04 - [TEST_STEP][PASSED] - isRequiredTextPresent = false: null

05-10-2024T01:46:04 - [TEST_STEP][PASSED] - nameSheet = "VerifyEditLabelDeferredPC": null

05-10-2024T01:46:04 - [TEST_STEP][PASSED] - dataFile = getExcelDataWithDefaultSheet("KatalonData/IWPTestData/VRelay25PaymentsExtension.xlsx", nameSheet, true): null

05-10-2024T01:46:04 - [TEST_STEP][PASSED] - dataFileEmulator = "IWPTestData/EmulatorData": null

05-10-2024T01:46:04 - [TEST_STEP][PASSED] - numOfRows = dataFile.getRowNumbers(): null

05-10-2024T01:46:04 - [TEST_STEP][PASSED] - println("Number of Records: " + numOfRows): null

05-10-2024T01:46:04 - [TEST_STEP][PASSED] - columnNames = dataFile.getColumnNames(): null

05-10-2024T01:46:04 - [TEST_STEP][PASSED] - println(columnNames[0]): null

05-10-2024T01:46:04 - [TEST_STEP][PASSED] - for ([row = 1, row <= numOfRows, (row++)]): Browser is closed

05-10-2024T01:46:04 - [TEST_STEP][PASSED] - ExecuteTC = dataFile.getValue("Execute", row): null

05-10-2024T01:46:04 - [TEST_STEP][PASSED] - out.println("Value of Execute is : " + ExecuteTC): null

05-10-2024T01:46:04 - [TEST_STEP][PASSED] - if (ExecuteTC.equalsIgnoreCase("Y")): null

05-10-2024T01:46:04 - [TEST_STEP][PASSED] - out.println("Begin Record Number: " + row): null

05-10-2024T01:46:04 - [TEST_STEP][PASSED] - today = new java.util.Date(): null

05-10-2024T01:46:04 - [TEST_STEP][PASSED] - println(today): null

05-10-2024T01:46:04 - [TEST_STEP][PASSED] - datText = today: null

05-10-2024T01:46:04 - [TEST_STEP][PASSED] - EmulatorDataKey = dataFile.getValue("EmulatorData", row): null

05-10-2024T01:46:04 - [TEST_STEP][PASSED] - out.println("Value of Emulator Key is : " + EmulatorDataKey): null

05-10-2024T01:46:04 - [TEST_STEP][PASSED] - iwpPages.emulatorIWP30.setDataEmulator_DD(EmulatorDataKey): iwpPages.emulatorIWP30.setDataEmulator_DD is PASSED

05-10-2024T01:46:05 - [MESSAGE][INFO] - Starting 'Edge Chromium' driver

05-10-2024T01:46:05 - [MESSAGE][INFO] - User set preference: ['acceptInsecureCerts', 'true']

05-10-2024T01:46:07 - [MESSAGE][INFO] - Action delay is set to 0 milliseconds

05-10-2024T01:46:10 - [MESSAGE][PASSED] - Browser is opened with url: 'https://qa.velocitypayment.com/agency/config.do?action=editor&message_version=2_5'

05-10-2024T01:46:10 - [MESSAGE][PASSED] - Current window maximized

05-10-2024T01:46:11 - [MESSAGE][PASSED] - All options with value '2.5' are selected in object 'Object Repository/IWP30/Page_VRelay30Emulator/MV'  using regular expression

05-10-2024T01:46:12 - [MESSAGE][PASSED] - Text '10.50' is set on object 'Object Repository/IWP30/Page_VRelay30Emulator/Amount'

05-10-2024T01:46:12 - [MESSAGE][PASSED] - Text '3okZasjxmId2' is set on object 'Object Repository/IWP30/Page_VRelay30Emulator/CAN'

05-10-2024T01:46:13 - [MESSAGE][PASSED] - Text 'PayNow' is set on object 'Object Repository/IWP30/Page_VRelay30Emulator/Action'

05-10-2024T01:46:14 - [MESSAGE][PASSED] - Text 'en_US' is set on object 'Object Repository/IWP30/Page_VRelay30Emulator/Lang'

05-10-2024T01:46:14 - [MESSAGE][PASSED] - Text '' is set on object 'Object Repository/IWP30/Page_VRelay30Emulator/Fname'

05-10-2024T01:46:15 - [MESSAGE][PASSED] - Text '' is set on object 'Object Repository/IWP30/Page_VRelay30Emulator/Lname'

05-10-2024T01:46:15 - [MESSAGE][PASSED] - Text '' is set on object 'Object Repository/IWP30/Page_VRelay30Emulator/AL1'

05-10-2024T01:46:16 - [MESSAGE][PASSED] - Text '' is set on object 'Object Repository/IWP30/Page_VRelay30Emulator/AL2'

05-10-2024T01:46:16 - [MESSAGE][PASSED] - Text '' is set on object 'Object Repository/IWP30/Page_VRelay30Emulator/Country'

05-10-2024T01:46:17 - [MESSAGE][PASSED] - Text '' is set on object 'Object Repository/IWP30/Page_VRelay30Emulator/City'

05-10-2024T01:46:18 - [MESSAGE][PASSED] - Text '' is set on object 'Object Repository/IWP30/Page_VRelay30Emulator/State'

05-10-2024T01:46:18 - [MESSAGE][PASSED] - Text '' is set on object 'Object Repository/IWP30/Page_VRelay30Emulator/ZIP'

05-10-2024T01:46:19 - [MESSAGE][PASSED] - Text '' is set on object 'Object Repository/IWP30/Page_VRelay30Emulator/Order'

05-10-2024T01:46:19 - [MESSAGE][PASSED] - Text '' is set on object 'Object Repository/IWP30/Page_VRelay30Emulator/Company'

05-10-2024T01:46:20 - [MESSAGE][PASSED] - Text '' is set on object 'Object Repository/IWP30/Page_VRelay30Emulator/Email'

05-10-2024T01:46:20 - [MESSAGE][PASSED] - Text '' is set on object 'Object Repository/IWP30/Page_VRelay30Emulator/UDF1'

05-10-2024T01:46:21 - [MESSAGE][PASSED] - Text '' is set on object 'Object Repository/IWP30/Page_VRelay30Emulator/UDF2'

05-10-2024T01:46:22 - [MESSAGE][PASSED] - Text '' is set on object 'Object Repository/IWP30/Page_VRelay30Emulator/UDF3'

05-10-2024T01:46:22 - [MESSAGE][PASSED] - Text 'udf data 4' is set on object 'Object Repository/IWP30/Page_VRelay30Emulator/UDF4'

05-10-2024T01:46:23 - [MESSAGE][PASSED] - Text 'udf data 5' is set on object 'Object Repository/IWP30/Page_VRelay30Emulator/UDF5'

05-10-2024T01:46:23 - [MESSAGE][PASSED] - Text '' is set on object 'Object Repository/IWP30/Page_VRelay30Emulator/UDF6'

05-10-2024T01:46:24 - [MESSAGE][PASSED] - Text '' is set on object 'Object Repository/IWP30/Page_VRelay30Emulator/UDF7'

05-10-2024T01:46:24 - [MESSAGE][PASSED] - Text '' is set on object 'Object Repository/IWP30/Page_VRelay30Emulator/UDF8'

05-10-2024T01:46:25 - [MESSAGE][PASSED] - Text 'udf data 9' is set on object 'Object Repository/IWP30/Page_VRelay30Emulator/UDF9'

05-10-2024T01:46:26 - [MESSAGE][PASSED] - Text 'udf data 10' is set on object 'Object Repository/IWP30/Page_VRelay30Emulator/UDF10'

05-10-2024T01:46:27 - [MESSAGE][PASSED] - Object: 'Object Repository/IWP30/Page_VRelay30Emulator/Submit' is clicked on

05-10-2024T01:46:31 - [MESSAGE][PASSED] - Browser is closed

05-10-2024T01:46:35 - [MESSAGE][PASSED] - iwpPages.emulatorIWP30.setDataEmulator_DD is PASSED

05-10-2024T01:46:35 - [TEST_STEP][PASSED] - testHarnessURL = urlTestHarness: null

05-10-2024T01:46:35 - [TEST_STEP][PASSED] - openBrowser(testHarnessURL): Browser is opened with url: 'https://dev-algorithm.govolution.com/vrelaytest/QA/version_2_2/vrelaytest.html'

05-10-2024T01:46:35 - [MESSAGE][INFO] - Starting 'Edge Chromium' driver

05-10-2024T01:46:35 - [MESSAGE][INFO] - User set preference: ['acceptInsecureCerts', 'true']

05-10-2024T01:46:37 - [MESSAGE][INFO] - Action delay is set to 0 milliseconds

05-10-2024T01:46:40 - [MESSAGE][PASSED] - Browser is opened with url: 'https://dev-algorithm.govolution.com/vrelaytest/QA/version_2_2/vrelaytest.html'

05-10-2024T01:46:40 - [TEST_STEP][PASSED] - maximizeWindow(): Current window maximized

05-10-2024T01:46:41 - [MESSAGE][PASSED] - Current window maximized

05-10-2024T01:46:41 - [TEST_STEP][PASSED] - iwpPages.TestHarnessPage.setDataMethodEF(row, dataFile): iwpPages.TestHarnessPage.setDataMethodEF is PASSED

05-10-2024T01:46:41 - [MESSAGE][PASSED] - Object 'Object Repository/IWP30/Page_QATestHarness/RemittanceID' is present

05-10-2024T01:46:41 - [MESSAGE][PASSED] - Text '638' is set on object 'Object Repository/IWP30/Page_QATestHarness/ApplicationID'

05-10-2024T01:46:42 - [MESSAGE][PASSED] - Text '2.5' is set on object 'Object Repository/IWP30/Page_QATestHarness/MessageVersion'

05-10-2024T01:46:43 - [MESSAGE][PASSED] - Text '1vzUdqOTKG31' is set on object 'Object Repository/IWP30/Page_QATestHarness/RemittanceID'

05-10-2024T01:46:46 - [MESSAGE][PASSED] - Object: 'Object Repository/IWP30/Page_QATestHarness/SubmitButton' is clicked on

05-10-2024T01:46:46 - [MESSAGE][PASSED] - iwpPages.TestHarnessPage.setDataMethodEF is PASSED

05-10-2024T01:46:46 - [TEST_STEP][PASSED] - click(findTestObject("Object Repository/IWP30/Page_SelectPaymentMethod/PayByPersonalCheck")): Object: 'Object Repository/IWP30/Page_SelectPaymentMethod/PayByPersonalCheck' is clicked on

05-10-2024T01:46:46 - [MESSAGE][PASSED] - Object: 'Object Repository/IWP30/Page_SelectPaymentMethod/PayByPersonalCheck' is clicked on

05-10-2024T01:46:46 - [TEST_STEP][PASSED] - click(findTestObject("Object Repository/IWP30/Page_SelectPaymentMethod/MakePaymentButton")): Object: 'Object Repository/IWP30/Page_SelectPaymentMethod/MakePaymentButton' is clicked on

05-10-2024T01:46:48 - [MESSAGE][PASSED] - Object: 'Object Repository/IWP30/Page_SelectPaymentMethod/MakePaymentButton' is clicked on

05-10-2024T01:46:48 - [TEST_STEP][PASSED] - iwpPages.achPersonalPaymentEntryPage.setDataACHPPM(row, dataFile): iwpPages.achPersonalPaymentEntryPage.setDataACHPPM is PASSED

05-10-2024T01:46:48 - [MESSAGE][PASSED] - Object 'Object Repository/IWP30/Page_ACHPersonalPaymentEntry/txt_accountNumber' is present

05-10-2024T01:46:49 - [MESSAGE][PASSED] - Text '10.50' is set on object 'Object Repository/IWP30/Page_ACHPersonalPaymentEntry/txt_Amount'

05-10-2024T01:46:49 - [MESSAGE][PASSED] - Object 'Object Repository/IWP30/Page_ACHPersonalPaymentEntry/txt_UDF2' is present

05-10-2024T01:46:50 - [MESSAGE][PASSED] - Text 'udf data 2' is set on object 'Object Repository/IWP30/Page_ACHPersonalPaymentEntry/txt_UDF2'

05-10-2024T01:46:50 - [MESSAGE][PASSED] - Text 'udf data 3' is set on object 'Object Repository/IWP30/Page_ACHPersonalPaymentEntry/txt_UDF3'

05-10-2024T01:46:51 - [MESSAGE][PASSED] - All options with label 'Orange' are selected in object 'Object Repository/IWP30/Page_ACHPersonalPaymentEntry/dd_UDF7' 

05-10-2024T01:46:51 - [MESSAGE][PASSED] - All options with label 'Soccer' are selected in object 'Object Repository/IWP30/Page_ACHPersonalPaymentEntry/dd_UDF8' 

05-10-2024T01:46:51 - [MESSAGE][PASSED] - Object 'Object Repository/IWP30/Page_ACHPersonalPaymentEntry/txt_Firstname' is present

05-10-2024T01:46:52 - [MESSAGE][PASSED] - Text 'Elizath' is set on object 'Object Repository/IWP30/Page_ACHPersonalPaymentEntry/txt_Firstname'

05-10-2024T01:46:52 - [MESSAGE][PASSED] - Object 'Object Repository/IWP30/Page_ACHPersonalPaymentEntry/txt_Lastname' is present

05-10-2024T01:46:53 - [MESSAGE][PASSED] - Text 'Christine' is set on object 'Object Repository/IWP30/Page_ACHPersonalPaymentEntry/txt_Lastname'

05-10-2024T01:46:53 - [MESSAGE][PASSED] - Object 'Object Repository/IWP30/Page_ACHPersonalPaymentEntry/txt_routingNumber' is present

05-10-2024T01:46:54 - [MESSAGE][PASSED] - Text '256072691' is set on object 'Object Repository/IWP30/Page_ACHPersonalPaymentEntry/txt_routingNumber'

05-10-2024T01:46:54 - [MESSAGE][PASSED] - Object 'Object Repository/IWP30/Page_ACHPersonalPaymentEntry/txt_accountNumber' is present

05-10-2024T01:46:55 - [MESSAGE][PASSED] - Text '12344444' is set on object 'Object Repository/IWP30/Page_ACHPersonalPaymentEntry/txt_accountNumber'

05-10-2024T01:46:56 - [MESSAGE][PASSED] - Object 'Object Repository/IWP30/Page_ACHPersonalPaymentEntry/txt_confirmAccountNumber' is present

05-10-2024T01:46:56 - [MESSAGE][PASSED] - Text '12344444' is set on object 'Object Repository/IWP30/Page_ACHPersonalPaymentEntry/txt_confirmAccountNumber'

05-10-2024T01:46:57 - [MESSAGE][PASSED] - Object 'Object Repository/IWP30/Page_ACHPersonalPaymentEntry/rd_accountType' is present

05-10-2024T01:46:57 - [MESSAGE][PASSED] - Modify property of object successfully

05-10-2024T01:46:57 - [MESSAGE][PASSED] - Object: 'Object Repository/IWP30/Page_ACHPersonalPaymentEntry/rd_accountType' is clicked on

05-10-2024T01:46:57 - [MESSAGE][PASSED] - Execute JavaScript '
				   document.getElementById('processDate').value = '08/09/2025'
				  ' successfully

05-10-2024T01:46:58 - [MESSAGE][PASSED] - Text '365 Main Avenue' is set on object 'Object Repository/IWP30/Page_ACHPersonalPaymentEntry/txt_AL1'

05-10-2024T01:46:58 - [MESSAGE][PASSED] - Text 'Ohio' is set on object 'Object Repository/IWP30/Page_ACHPersonalPaymentEntry/txt_AL2'

05-10-2024T01:46:59 - [MESSAGE][PASSED] - Text '22201' is set on object 'Object Repository/IWP30/Page_ACHPersonalPaymentEntry/txt_ZIP'

05-10-2024T01:46:59 - [MESSAGE][PASSED] - Object 'Object Repository/IWP30/Page_ACHPersonalPaymentEntry/txt_Email' is present

05-10-2024T01:47:00 - [MESSAGE][PASSED] - Text 'iahmed@govolution.com' is set on object 'Object Repository/IWP30/Page_ACHPersonalPaymentEntry/txt_Email'

05-10-2024T01:47:00 - [MESSAGE][PASSED] - Object 'Object Repository/IWP30/Page_ACHPersonalPaymentEntry/cb_TermsAndCond' is present

05-10-2024T01:47:01 - [MESSAGE][PASSED] - Object: 'Object Repository/IWP30/Page_ACHPersonalPaymentEntry/cb_TermsAndCond' is clicked on

05-10-2024T01:47:01 - [MESSAGE][PASSED] - Object 'Object Repository/IWP30/Page_ACHPersonalPaymentEntry/btn_Continue' is present

05-10-2024T01:47:02 - [MESSAGE][PASSED] - Object: 'Object Repository/IWP30/Page_ACHPersonalPaymentEntry/btn_Continue' is clicked on

05-10-2024T01:47:02 - [MESSAGE][PASSED] - iwpPages.achPersonalPaymentEntryPage.setDataACHPPM is PASSED

05-10-2024T01:47:02 - [TEST_STEP][PASSED] - click(findTestObject("Object Repository/IWP30/Page_Confirmation/ConfirmButton")): Object: 'Object Repository/IWP30/Page_Confirmation/ConfirmButton' is clicked on

05-10-2024T01:47:04 - [MESSAGE][PASSED] - Object: 'Object Repository/IWP30/Page_Confirmation/ConfirmButton' is clicked on

05-10-2024T01:47:04 - [TEST_STEP][PASSED] - Thread.sleep(2000): null

05-10-2024T01:47:06 - [TEST_STEP][PASSED] - if (verifyTextPresent("Deferred", false)): null

05-10-2024T01:47:07 - [MESSAGE][PASSED] - Text 'Deferred' is present on page 

05-10-2024T01:47:07 - [TEST_STEP][PASSED] - click(findTestObject("Object Repository/IWP30/Page_Receipt/ViewScheduledPaymentsButton")): Object: 'Object Repository/IWP30/Page_Receipt/ViewScheduledPaymentsButton' is clicked on

05-10-2024T01:47:07 - [MESSAGE][PASSED] - Object: 'Object Repository/IWP30/Page_Receipt/ViewScheduledPaymentsButton' is clicked on

05-10-2024T01:47:07 - [TEST_STEP][PASSED] - switchToWindowTitle("View Scheduled Payments"): Switched to window with title: 'View Scheduled Payments'

05-10-2024T01:47:07 - [MESSAGE][PASSED] - Switched to window with title: 'View Scheduled Payments'

05-10-2024T01:47:07 - [TEST_STEP][PASSED] - Thread.sleep(5000): null

05-10-2024T01:47:12 - [TEST_STEP][PASSED] - if (verifyTextPresent("View Scheduled Payments", false)): null

05-10-2024T01:47:12 - [MESSAGE][PASSED] - Text 'View Scheduled Payments' is present on page 

05-10-2024T01:47:12 - [TEST_STEP][PASSED] - click(findTestObject("Object Repository/IWP30/Page_ScheduledPayments/edit_payment")): Object: 'Object Repository/IWP30/Page_ScheduledPayments/edit_payment' is clicked on

05-10-2024T01:47:14 - [MESSAGE][PASSED] - Object: 'Object Repository/IWP30/Page_ScheduledPayments/edit_payment' is clicked on

05-10-2024T01:47:14 - [TEST_STEP][PASSED] - iwpPages.editSchedulePayment.setDataSchedPaymentEF(row, dataFile): iwpPages.editSchedulePayment.setDataSchedPaymentEF is PASSED

05-10-2024T01:47:15 - [MESSAGE][PASSED] - Text 'Edit Payment Plan' is present on page 

05-10-2024T01:47:15 - [MESSAGE][PASSED] - All options with label 'Orange' are selected in object 'Object Repository/IWP30/Page_CCPaymentEntry/UserDefined7' 

05-10-2024T01:47:16 - [MESSAGE][PASSED] - All options with label 'Soccer' are selected in object 'Object Repository/IWP30/Page_CCPaymentEntry/UserDefined8' 

05-10-2024T01:47:16 - [MESSAGE][PASSED] - Execute JavaScript '
				   document.getElementById('processDate').value = '08/09/2045'
				  ' successfully

05-10-2024T01:47:16 - [MESSAGE][PASSED] - iwpPages.editSchedulePayment.setDataSchedPaymentEF is PASSED

05-10-2024T01:47:16 - [TEST_STEP][PASSED] - click(findTestObject("Object Repository/Page_EditSchedPayment/chkbox_acceptterms")): Object: 'Object Repository/Page_EditSchedPayment/chkbox_acceptterms' is clicked on

05-10-2024T01:47:16 - [MESSAGE][PASSED] - Object: 'Object Repository/Page_EditSchedPayment/chkbox_acceptterms' is clicked on

05-10-2024T01:47:16 - [TEST_STEP][PASSED] - click(findTestObject("Object Repository/Page_EditSchedPayment/btn_update")): Object: 'Object Repository/Page_EditSchedPayment/btn_update' is clicked on

05-10-2024T01:47:18 - [MESSAGE][PASSED] - Object: 'Object Repository/Page_EditSchedPayment/btn_update' is clicked on

05-10-2024T01:47:18 - [TEST_STEP][PASSED] - if (verifyTextPresent("Successful Payment Plan Update", false)): null

05-10-2024T01:47:18 - [MESSAGE][PASSED] - Text 'Successful Payment Plan Update' is present on page 

05-10-2024T01:47:18 - [TEST_STEP][PASSED] - isRequiredTextPresent = true: null

05-10-2024T01:47:18 - [TEST_STEP][PASSED] - println(isRequiredTextPresent): null

05-10-2024T01:47:18 - [TEST_STEP][PASSED] - if (isRequiredTextPresent): null

05-10-2024T01:47:18 - [TEST_STEP][PASSED] - if (verifyTextPresent("CAN Label:", false)): null

05-10-2024T01:47:19 - [MESSAGE][PASSED] - Text 'CAN Label:' is present on page 

05-10-2024T01:47:19 - [TEST_STEP][PASSED] - isRequiredTextPresent = true: null

05-10-2024T01:47:19 - [TEST_STEP][PASSED] - println(isRequiredTextPresent): null

05-10-2024T01:47:19 - [TEST_STEP][PASSED] - if (isRequiredTextPresent): null

05-10-2024T01:47:19 - [TEST_STEP][PASSED] - if (verifyTextPresent("Remittance ID:", false)): null

05-10-2024T01:47:19 - [MESSAGE][PASSED] - Text 'Remittance ID:' is present on page 

05-10-2024T01:47:19 - [TEST_STEP][PASSED] - isRequiredTextPresent = true: null

05-10-2024T01:47:19 - [TEST_STEP][PASSED] - println(isRequiredTextPresent): null

05-10-2024T01:47:19 - [TEST_STEP][PASSED] - if (isRequiredTextPresent): null

05-10-2024T01:47:19 - [TEST_STEP][PASSED] - if (verifyTextPresent("UDF2 Label:", false)): null

05-10-2024T01:47:19 - [MESSAGE][PASSED] - Text 'UDF2 Label:' is present on page 

05-10-2024T01:47:19 - [TEST_STEP][PASSED] - isRequiredTextPresent = true: null

05-10-2024T01:47:19 - [TEST_STEP][PASSED] - println(isRequiredTextPresent): null

05-10-2024T01:47:19 - [TEST_STEP][PASSED] - if (isRequiredTextPresent): null

05-10-2024T01:47:19 - [TEST_STEP][PASSED] - if (verifyTextPresent("UDF3 Label:", false)): null

05-10-2024T01:47:20 - [MESSAGE][PASSED] - Text 'UDF3 Label:' is present on page 

05-10-2024T01:47:20 - [TEST_STEP][PASSED] - isRequiredTextPresent = true: null

05-10-2024T01:47:20 - [TEST_STEP][PASSED] - println(isRequiredTextPresent): null

05-10-2024T01:47:20 - [TEST_STEP][PASSED] - if (isRequiredTextPresent): null

05-10-2024T01:47:20 - [TEST_STEP][PASSED] - if (verifyTextPresent("UDF4 Label:", false)): null

05-10-2024T01:47:20 - [MESSAGE][PASSED] - Text 'UDF4 Label:' is present on page 

05-10-2024T01:47:20 - [TEST_STEP][PASSED] - isRequiredTextPresent = true: null

05-10-2024T01:47:20 - [TEST_STEP][PASSED] - println(isRequiredTextPresent): null

05-10-2024T01:47:20 - [TEST_STEP][PASSED] - if (isRequiredTextPresent): null

05-10-2024T01:47:20 - [TEST_STEP][PASSED] - if (verifyTextPresent("UDF7 Label:", false)): null

05-10-2024T01:47:20 - [MESSAGE][PASSED] - Text 'UDF7 Label:' is present on page 

05-10-2024T01:47:20 - [TEST_STEP][PASSED] - isRequiredTextPresent = true: null

05-10-2024T01:47:20 - [TEST_STEP][PASSED] - println(isRequiredTextPresent): null

05-10-2024T01:47:20 - [TEST_STEP][PASSED] - if (isRequiredTextPresent): null

05-10-2024T01:47:20 - [TEST_STEP][PASSED] - if (verifyTextPresent("UDF8 Label:", false)): null

05-10-2024T01:47:20 - [MESSAGE][PASSED] - Text 'UDF8 Label:' is present on page 

05-10-2024T01:47:20 - [TEST_STEP][PASSED] - isRequiredTextPresent = true: null

05-10-2024T01:47:20 - [TEST_STEP][PASSED] - println(isRequiredTextPresent): null

05-10-2024T01:47:20 - [TEST_STEP][PASSED] - if (isRequiredTextPresent): null

05-10-2024T01:47:20 - [TEST_STEP][PASSED] - if (verifyTextPresent("UDF9 Label:", false)): null

05-10-2024T01:47:21 - [MESSAGE][PASSED] - Text 'UDF9 Label:' is present on page 

05-10-2024T01:47:21 - [TEST_STEP][PASSED] - isRequiredTextPresent = true: null

05-10-2024T01:47:21 - [TEST_STEP][PASSED] - println(isRequiredTextPresent): null

05-10-2024T01:47:21 - [TEST_STEP][PASSED] - if (isRequiredTextPresent): null

05-10-2024T01:47:21 - [TEST_STEP][PASSED] - if (verifyTextPresent("Transaction Type:", false)): null

05-10-2024T01:47:21 - [MESSAGE][PASSED] - Text 'Transaction Type:' is present on page 

05-10-2024T01:47:21 - [TEST_STEP][PASSED] - isRequiredTextPresent = true: null

05-10-2024T01:47:21 - [TEST_STEP][PASSED] - println(isRequiredTextPresent): null

05-10-2024T01:47:21 - [TEST_STEP][PASSED] - if (isRequiredTextPresent): null

05-10-2024T01:47:21 - [TEST_STEP][PASSED] - if (verifyTextPresent("Amount:", false)): null

05-10-2024T01:47:21 - [MESSAGE][PASSED] - Text 'Amount:' is present on page 

05-10-2024T01:47:21 - [TEST_STEP][PASSED] - isRequiredTextPresent = true: null

05-10-2024T01:47:21 - [TEST_STEP][PASSED] - println(isRequiredTextPresent): null

05-10-2024T01:47:21 - [TEST_STEP][PASSED] - if (isRequiredTextPresent): null

05-10-2024T01:47:21 - [TEST_STEP][PASSED] - if (verifyTextPresent("Check Information:", false)): null

05-10-2024T01:47:22 - [MESSAGE][PASSED] - Text 'Check Information:' is present on page 

05-10-2024T01:47:22 - [TEST_STEP][PASSED] - isRequiredTextPresent = true: null

05-10-2024T01:47:22 - [TEST_STEP][PASSED] - println(isRequiredTextPresent): null

05-10-2024T01:47:22 - [TEST_STEP][PASSED] - if (isRequiredTextPresent): null

05-10-2024T01:47:22 - [TEST_STEP][PASSED] - if (verifyTextPresent("Account Type:", false)): null

05-10-2024T01:47:22 - [MESSAGE][PASSED] - Text 'Account Type:' is present on page 

05-10-2024T01:47:22 - [TEST_STEP][PASSED] - isRequiredTextPresent = true: null

05-10-2024T01:47:22 - [TEST_STEP][PASSED] - println(isRequiredTextPresent): null

05-10-2024T01:47:22 - [TEST_STEP][PASSED] - if (isRequiredTextPresent): null

05-10-2024T01:47:22 - [TEST_STEP][PASSED] - if (verifyTextPresent("Account Number:", false)): null

05-10-2024T01:47:22 - [MESSAGE][PASSED] - Text 'Account Number:' is present on page 

05-10-2024T01:47:22 - [TEST_STEP][PASSED] - isRequiredTextPresent = true: null

05-10-2024T01:47:22 - [TEST_STEP][PASSED] - println(isRequiredTextPresent): null

05-10-2024T01:47:22 - [TEST_STEP][PASSED] - if (isRequiredTextPresent): null

05-10-2024T01:47:22 - [TEST_STEP][PASSED] - if (verifyTextPresent("Routing Number:", false)): null

05-10-2024T01:47:22 - [MESSAGE][PASSED] - Text 'Routing Number:' is present on page 

05-10-2024T01:47:22 - [TEST_STEP][PASSED] - isRequiredTextPresent = true: null

05-10-2024T01:47:22 - [TEST_STEP][PASSED] - println(isRequiredTextPresent): null

05-10-2024T01:47:22 - [TEST_STEP][PASSED] - if (isRequiredTextPresent): null

05-10-2024T01:47:22 - [TEST_STEP][PASSED] - if (verifyTextPresent("Name of Account:", false)): null

05-10-2024T01:47:23 - [MESSAGE][PASSED] - Text 'Name of Account:' is present on page 

05-10-2024T01:47:23 - [TEST_STEP][PASSED] - isRequiredTextPresent = true: null

05-10-2024T01:47:23 - [TEST_STEP][PASSED] - println(isRequiredTextPresent): null

05-10-2024T01:47:23 - [TEST_STEP][PASSED] - if (isRequiredTextPresent): null

05-10-2024T01:47:23 - [TEST_STEP][PASSED] - if (verifyTextPresent("Billing Information:", false)): null

05-10-2024T01:47:23 - [MESSAGE][PASSED] - Text 'Billing Information:' is present on page 

05-10-2024T01:47:23 - [TEST_STEP][PASSED] - isRequiredTextPresent = true: null

05-10-2024T01:47:23 - [TEST_STEP][PASSED] - println(isRequiredTextPresent): null

05-10-2024T01:47:23 - [TEST_STEP][PASSED] - if (isRequiredTextPresent): null

05-10-2024T01:47:23 - [TEST_STEP][PASSED] - if (verifyTextPresent("Address Line 1:", false)): null

05-10-2024T01:47:23 - [MESSAGE][PASSED] - Text 'Address Line 1:' is present on page 

05-10-2024T01:47:23 - [TEST_STEP][PASSED] - isRequiredTextPresent = true: null

05-10-2024T01:47:23 - [TEST_STEP][PASSED] - println(isRequiredTextPresent): null

05-10-2024T01:47:23 - [TEST_STEP][PASSED] - if (isRequiredTextPresent): null

05-10-2024T01:47:23 - [TEST_STEP][PASSED] - if (verifyTextPresent("Address Line 2:", false)): null

05-10-2024T01:47:23 - [MESSAGE][PASSED] - Text 'Address Line 2:' is present on page 

05-10-2024T01:47:23 - [TEST_STEP][PASSED] - isRequiredTextPresent = true: null

05-10-2024T01:47:23 - [TEST_STEP][PASSED] - println(isRequiredTextPresent): null

05-10-2024T01:47:23 - [TEST_STEP][PASSED] - if (isRequiredTextPresent): null

05-10-2024T01:47:23 - [TEST_STEP][PASSED] - if (verifyTextPresent("Country:", false)): null

05-10-2024T01:47:24 - [MESSAGE][PASSED] - Text 'Country:' is present on page 

05-10-2024T01:47:24 - [TEST_STEP][PASSED] - isRequiredTextPresent = true: null

05-10-2024T01:47:24 - [TEST_STEP][PASSED] - println(isRequiredTextPresent): null

05-10-2024T01:47:24 - [TEST_STEP][PASSED] - if (isRequiredTextPresent): null

05-10-2024T01:47:24 - [TEST_STEP][PASSED] - if (verifyTextPresent("City:", false)): null

05-10-2024T01:47:24 - [MESSAGE][PASSED] - Text 'City:' is present on page 

05-10-2024T01:47:24 - [TEST_STEP][PASSED] - isRequiredTextPresent = true: null

05-10-2024T01:47:24 - [TEST_STEP][PASSED] - println(isRequiredTextPresent): null

05-10-2024T01:47:24 - [TEST_STEP][PASSED] - if (isRequiredTextPresent): null

05-10-2024T01:47:24 - [TEST_STEP][PASSED] - if (verifyTextPresent("State:", false)): null

05-10-2024T01:47:24 - [MESSAGE][PASSED] - Text 'State:' is present on page 

05-10-2024T01:47:24 - [TEST_STEP][PASSED] - isRequiredTextPresent = true: null

05-10-2024T01:47:24 - [TEST_STEP][PASSED] - println(isRequiredTextPresent): null

05-10-2024T01:47:24 - [TEST_STEP][PASSED] - if (isRequiredTextPresent): null

05-10-2024T01:47:24 - [TEST_STEP][PASSED] - if (verifyTextPresent("Zip Code:", false)): null

05-10-2024T01:47:25 - [MESSAGE][PASSED] - Text 'Zip Code:' is present on page 

05-10-2024T01:47:25 - [TEST_STEP][PASSED] - isRequiredTextPresent = true: null

05-10-2024T01:47:25 - [TEST_STEP][PASSED] - println(isRequiredTextPresent): null

05-10-2024T01:47:25 - [TEST_STEP][PASSED] - if (isRequiredTextPresent): null

05-10-2024T01:47:25 - [TEST_STEP][PASSED] - if (verifyTextPresent("Plan Information:", false)): null

05-10-2024T01:47:25 - [MESSAGE][PASSED] - Text 'Plan Information:' is present on page 

05-10-2024T01:47:25 - [TEST_STEP][PASSED] - isRequiredTextPresent = true: null

05-10-2024T01:47:25 - [TEST_STEP][PASSED] - println(isRequiredTextPresent): null

05-10-2024T01:47:25 - [TEST_STEP][PASSED] - if (isRequiredTextPresent): null

05-10-2024T01:47:25 - [TEST_STEP][PASSED] - if (verifyTextPresent("Payment Plan Type:", false)): null

05-10-2024T01:47:25 - [MESSAGE][PASSED] - Text 'Payment Plan Type:' is present on page 

05-10-2024T01:47:25 - [TEST_STEP][PASSED] - isRequiredTextPresent = true: null

05-10-2024T01:47:25 - [TEST_STEP][PASSED] - println(isRequiredTextPresent): null

05-10-2024T01:47:25 - [TEST_STEP][PASSED] - if (isRequiredTextPresent): null

05-10-2024T01:47:25 - [TEST_STEP][PASSED] - if (verifyTextPresent("Payment Plan ID:", false)): null

05-10-2024T01:47:25 - [MESSAGE][PASSED] - Text 'Payment Plan ID:' is present on page 

05-10-2024T01:47:25 - [TEST_STEP][PASSED] - isRequiredTextPresent = true: null

05-10-2024T01:47:25 - [TEST_STEP][PASSED] - println(isRequiredTextPresent): null

05-10-2024T01:47:25 - [TEST_STEP][PASSED] - if (isRequiredTextPresent): null

05-10-2024T01:47:25 - [TEST_STEP][PASSED] - if (verifyTextPresent("Start Date:", false)): null

05-10-2024T01:47:26 - [MESSAGE][PASSED] - Text 'Start Date:' is present on page 

05-10-2024T01:47:26 - [TEST_STEP][PASSED] - isRequiredTextPresent = true: null

05-10-2024T01:47:26 - [TEST_STEP][PASSED] - println(isRequiredTextPresent): null

05-10-2024T01:47:26 - [TEST_STEP][PASSED] - if (isRequiredTextPresent == true): pages.WriteExcel.demoKey is PASSED

05-10-2024T01:47:26 - [TEST_STEP][PASSED] - println("All the relevant texts are present on Receipt Page"): null

05-10-2024T01:47:26 - [TEST_STEP][PASSED] - markPassed("All the relevant texts are present on Receipt Page"): All the relevant texts are present on Receipt Page

05-10-2024T01:47:26 - [MESSAGE][PASSED] - All the relevant texts are present on Receipt Page

05-10-2024T01:47:26 - [TEST_STEP][PASSED] - resText = "Pass": null

05-10-2024T01:47:26 - [TEST_STEP][PASSED] - pages.WriteExcel.demoKey(resText, datText, resColumn, datCloumn, fileLoc, nameSheet, row): pages.WriteExcel.demoKey is PASSED

05-10-2024T01:47:26 - [MESSAGE][PASSED] - pages.WriteExcel.demoKey is PASSED

05-10-2024T01:47:26 - [TEST_STEP][PASSED] - closeBrowser(): Browser is closed

05-10-2024T01:47:26 - [MESSAGE][PASSED] - Browser is closed]]></system-out>
         <system-err><![CDATA[]]></system-err>
      </testcase>
      <testcase name="Test Cases/IntegratedWeb/IWP25/Payments/VerifyEditReceiptLabelsDeferredPS" time="81.499" classname="Test Cases/IntegratedWeb/IWP25/Payments/VerifyEditReceiptLabelsDeferredPS" status="PASSED">
         <system-out><![CDATA[05-10-2024T01:47:26 - [TEST_CASE][PASSED] - Test Cases/IntegratedWeb/IWP25/Payments/VerifyEditReceiptLabelsDeferredPS: Test Cases/IntegratedWeb/IWP25/Payments/VerifyEditReceiptLabelsDeferredPS

05-10-2024T01:47:26 - [TEST_STEP][PASSED] - resText = "Fail": null

05-10-2024T01:47:26 - [TEST_STEP][PASSED] - resColumn = "Result": null

05-10-2024T01:47:26 - [TEST_STEP][PASSED] - datCloumn = "Date": null

05-10-2024T01:47:26 - [TEST_STEP][PASSED] - fileLoc = "KatalonData/IWPTestData/VRelay25PaymentsExtension.xlsx": null

05-10-2024T01:47:26 - [TEST_STEP][PASSED] - numOfRows = <not implemented yet for class: org.codehaus.groovy.ast.expr.EmptyExpression>: null

05-10-2024T01:47:26 - [TEST_STEP][PASSED] - nameSheet = <not implemented yet for class: org.codehaus.groovy.ast.expr.EmptyExpression>: null

05-10-2024T01:47:26 - [TEST_STEP][PASSED] - dataFileEmulator = <not implemented yet for class: org.codehaus.groovy.ast.expr.EmptyExpression>: null

05-10-2024T01:47:26 - [TEST_STEP][PASSED] - isRequiredTextPresent = false: null

05-10-2024T01:47:26 - [TEST_STEP][PASSED] - nameSheet = "VerifyEditLabelDeferredPS": null

05-10-2024T01:47:26 - [TEST_STEP][PASSED] - dataFile = getExcelDataWithDefaultSheet("KatalonData/IWPTestData/VRelay25PaymentsExtension.xlsx", nameSheet, true): null

05-10-2024T01:47:26 - [TEST_STEP][PASSED] - dataFileEmulator = "IWPTestData/EmulatorData": null

05-10-2024T01:47:26 - [TEST_STEP][PASSED] - numOfRows = dataFile.getRowNumbers(): null

05-10-2024T01:47:26 - [TEST_STEP][PASSED] - println("Number of Records: " + numOfRows): null

05-10-2024T01:47:26 - [TEST_STEP][PASSED] - columnNames = dataFile.getColumnNames(): null

05-10-2024T01:47:26 - [TEST_STEP][PASSED] - println(columnNames[0]): null

05-10-2024T01:47:26 - [TEST_STEP][PASSED] - for ([row = 1, row <= numOfRows, (row++)]): Browser is closed

05-10-2024T01:47:26 - [TEST_STEP][PASSED] - ExecuteTC = dataFile.getValue("Execute", row): null

05-10-2024T01:47:26 - [TEST_STEP][PASSED] - out.println("Value of Execute is : " + ExecuteTC): null

05-10-2024T01:47:26 - [TEST_STEP][PASSED] - if (ExecuteTC.equalsIgnoreCase("Y")): null

05-10-2024T01:47:26 - [TEST_STEP][PASSED] - out.println("Begin Record Number: " + row): null

05-10-2024T01:47:26 - [TEST_STEP][PASSED] - today = new java.util.Date(): null

05-10-2024T01:47:26 - [TEST_STEP][PASSED] - println(today): null

05-10-2024T01:47:26 - [TEST_STEP][PASSED] - datText = today: null

05-10-2024T01:47:26 - [TEST_STEP][PASSED] - EmulatorDataKey = dataFile.getValue("EmulatorData", row): null

05-10-2024T01:47:26 - [TEST_STEP][PASSED] - out.println("Value of Emulator Key is : " + EmulatorDataKey): null

05-10-2024T01:47:26 - [TEST_STEP][PASSED] - iwpPages.emulatorIWP30.setDataEmulator_DD(EmulatorDataKey): iwpPages.emulatorIWP30.setDataEmulator_DD is PASSED

05-10-2024T01:47:27 - [MESSAGE][INFO] - Starting 'Edge Chromium' driver

05-10-2024T01:47:27 - [MESSAGE][INFO] - User set preference: ['acceptInsecureCerts', 'true']

05-10-2024T01:47:29 - [MESSAGE][INFO] - Action delay is set to 0 milliseconds

05-10-2024T01:47:32 - [MESSAGE][PASSED] - Browser is opened with url: 'https://qa.velocitypayment.com/agency/config.do?action=editor&message_version=2_5'

05-10-2024T01:47:32 - [MESSAGE][PASSED] - Current window maximized

05-10-2024T01:47:33 - [MESSAGE][PASSED] - All options with value '2.5' are selected in object 'Object Repository/IWP30/Page_VRelay30Emulator/MV'  using regular expression

05-10-2024T01:47:33 - [MESSAGE][PASSED] - Text '10.50' is set on object 'Object Repository/IWP30/Page_VRelay30Emulator/Amount'

05-10-2024T01:47:34 - [MESSAGE][PASSED] - Text '2yFga42Y0TgU' is set on object 'Object Repository/IWP30/Page_VRelay30Emulator/CAN'

05-10-2024T01:47:35 - [MESSAGE][PASSED] - Text 'PayNow' is set on object 'Object Repository/IWP30/Page_VRelay30Emulator/Action'

05-10-2024T01:47:35 - [MESSAGE][PASSED] - Text 'en_US' is set on object 'Object Repository/IWP30/Page_VRelay30Emulator/Lang'

05-10-2024T01:47:36 - [MESSAGE][PASSED] - Text '' is set on object 'Object Repository/IWP30/Page_VRelay30Emulator/Fname'

05-10-2024T01:47:36 - [MESSAGE][PASSED] - Text '' is set on object 'Object Repository/IWP30/Page_VRelay30Emulator/Lname'

05-10-2024T01:47:37 - [MESSAGE][PASSED] - Text '' is set on object 'Object Repository/IWP30/Page_VRelay30Emulator/AL1'

05-10-2024T01:47:38 - [MESSAGE][PASSED] - Text '' is set on object 'Object Repository/IWP30/Page_VRelay30Emulator/AL2'

05-10-2024T01:47:38 - [MESSAGE][PASSED] - Text '' is set on object 'Object Repository/IWP30/Page_VRelay30Emulator/Country'

05-10-2024T01:47:39 - [MESSAGE][PASSED] - Text '' is set on object 'Object Repository/IWP30/Page_VRelay30Emulator/City'

05-10-2024T01:47:39 - [MESSAGE][PASSED] - Text '' is set on object 'Object Repository/IWP30/Page_VRelay30Emulator/State'

05-10-2024T01:47:40 - [MESSAGE][PASSED] - Text '' is set on object 'Object Repository/IWP30/Page_VRelay30Emulator/ZIP'

05-10-2024T01:47:40 - [MESSAGE][PASSED] - Text '' is set on object 'Object Repository/IWP30/Page_VRelay30Emulator/Order'

05-10-2024T01:47:41 - [MESSAGE][PASSED] - Text '' is set on object 'Object Repository/IWP30/Page_VRelay30Emulator/Company'

05-10-2024T01:47:42 - [MESSAGE][PASSED] - Text '' is set on object 'Object Repository/IWP30/Page_VRelay30Emulator/Email'

05-10-2024T01:47:42 - [MESSAGE][PASSED] - Text '' is set on object 'Object Repository/IWP30/Page_VRelay30Emulator/UDF1'

05-10-2024T01:47:43 - [MESSAGE][PASSED] - Text '' is set on object 'Object Repository/IWP30/Page_VRelay30Emulator/UDF2'

05-10-2024T01:47:43 - [MESSAGE][PASSED] - Text '' is set on object 'Object Repository/IWP30/Page_VRelay30Emulator/UDF3'

05-10-2024T01:47:44 - [MESSAGE][PASSED] - Text 'udf data 4' is set on object 'Object Repository/IWP30/Page_VRelay30Emulator/UDF4'

05-10-2024T01:47:44 - [MESSAGE][PASSED] - Text 'udf data 5' is set on object 'Object Repository/IWP30/Page_VRelay30Emulator/UDF5'

05-10-2024T01:47:45 - [MESSAGE][PASSED] - Text '' is set on object 'Object Repository/IWP30/Page_VRelay30Emulator/UDF6'

05-10-2024T01:47:46 - [MESSAGE][PASSED] - Text '' is set on object 'Object Repository/IWP30/Page_VRelay30Emulator/UDF7'

05-10-2024T01:47:46 - [MESSAGE][PASSED] - Text '' is set on object 'Object Repository/IWP30/Page_VRelay30Emulator/UDF8'

05-10-2024T01:47:47 - [MESSAGE][PASSED] - Text 'udf data 9' is set on object 'Object Repository/IWP30/Page_VRelay30Emulator/UDF9'

05-10-2024T01:47:47 - [MESSAGE][PASSED] - Text 'udf data 10' is set on object 'Object Repository/IWP30/Page_VRelay30Emulator/UDF10'

05-10-2024T01:47:48 - [MESSAGE][PASSED] - Object: 'Object Repository/IWP30/Page_VRelay30Emulator/Submit' is clicked on

05-10-2024T01:47:53 - [MESSAGE][PASSED] - Browser is closed

05-10-2024T01:47:57 - [MESSAGE][PASSED] - iwpPages.emulatorIWP30.setDataEmulator_DD is PASSED

05-10-2024T01:47:57 - [TEST_STEP][PASSED] - testHarnessURL = urlTestHarness: null

05-10-2024T01:47:57 - [TEST_STEP][PASSED] - openBrowser(testHarnessURL): Browser is opened with url: 'https://dev-algorithm.govolution.com/vrelaytest/QA/version_2_2/vrelaytest.html'

05-10-2024T01:47:57 - [MESSAGE][INFO] - Starting 'Edge Chromium' driver

05-10-2024T01:47:57 - [MESSAGE][INFO] - User set preference: ['acceptInsecureCerts', 'true']

05-10-2024T01:47:59 - [MESSAGE][INFO] - Action delay is set to 0 milliseconds

05-10-2024T01:48:02 - [MESSAGE][PASSED] - Browser is opened with url: 'https://dev-algorithm.govolution.com/vrelaytest/QA/version_2_2/vrelaytest.html'

05-10-2024T01:48:02 - [TEST_STEP][PASSED] - maximizeWindow(): Current window maximized

05-10-2024T01:48:02 - [MESSAGE][PASSED] - Current window maximized

05-10-2024T01:48:02 - [TEST_STEP][PASSED] - iwpPages.TestHarnessPage.setDataMethodEF(row, dataFile): iwpPages.TestHarnessPage.setDataMethodEF is PASSED

05-10-2024T01:48:02 - [MESSAGE][PASSED] - Object 'Object Repository/IWP30/Page_QATestHarness/RemittanceID' is present

05-10-2024T01:48:03 - [MESSAGE][PASSED] - Text '638' is set on object 'Object Repository/IWP30/Page_QATestHarness/ApplicationID'

05-10-2024T01:48:04 - [MESSAGE][PASSED] - Text '2.5' is set on object 'Object Repository/IWP30/Page_QATestHarness/MessageVersion'

05-10-2024T01:48:04 - [MESSAGE][PASSED] - Text 'S5cTPwRr0CZ5' is set on object 'Object Repository/IWP30/Page_QATestHarness/RemittanceID'

05-10-2024T01:48:07 - [MESSAGE][PASSED] - Object: 'Object Repository/IWP30/Page_QATestHarness/SubmitButton' is clicked on

05-10-2024T01:48:07 - [MESSAGE][PASSED] - iwpPages.TestHarnessPage.setDataMethodEF is PASSED

05-10-2024T01:48:07 - [TEST_STEP][PASSED] - click(findTestObject("Object Repository/IWP30/Page_SelectPaymentMethod/PayByPersonalCheck")): Object: 'Object Repository/IWP30/Page_SelectPaymentMethod/PayByPersonalCheck' is clicked on

05-10-2024T01:48:08 - [MESSAGE][PASSED] - Object: 'Object Repository/IWP30/Page_SelectPaymentMethod/PayByPersonalCheck' is clicked on

05-10-2024T01:48:08 - [TEST_STEP][PASSED] - click(findTestObject("Object Repository/IWP30/Page_SelectPaymentMethod/MakePaymentButton")): Object: 'Object Repository/IWP30/Page_SelectPaymentMethod/MakePaymentButton' is clicked on

05-10-2024T01:48:09 - [MESSAGE][PASSED] - Object: 'Object Repository/IWP30/Page_SelectPaymentMethod/MakePaymentButton' is clicked on

05-10-2024T01:48:09 - [TEST_STEP][PASSED] - iwpPages.achPersonalPaymentEntryPage.setDataACHPPM(row, dataFile): iwpPages.achPersonalPaymentEntryPage.setDataACHPPM is PASSED

05-10-2024T01:48:10 - [MESSAGE][PASSED] - Object 'Object Repository/IWP30/Page_ACHPersonalPaymentEntry/txt_accountNumber' is present

05-10-2024T01:48:11 - [MESSAGE][PASSED] - Text '10.50' is set on object 'Object Repository/IWP30/Page_ACHPersonalPaymentEntry/txt_Amount'

05-10-2024T01:48:11 - [MESSAGE][PASSED] - Object 'Object Repository/IWP30/Page_ACHPersonalPaymentEntry/txt_UDF2' is present

05-10-2024T01:48:11 - [MESSAGE][PASSED] - Text 'udf data 2' is set on object 'Object Repository/IWP30/Page_ACHPersonalPaymentEntry/txt_UDF2'

05-10-2024T01:48:12 - [MESSAGE][PASSED] - Text 'udf data 3' is set on object 'Object Repository/IWP30/Page_ACHPersonalPaymentEntry/txt_UDF3'

05-10-2024T01:48:12 - [MESSAGE][PASSED] - All options with label 'Orange' are selected in object 'Object Repository/IWP30/Page_ACHPersonalPaymentEntry/dd_UDF7' 

05-10-2024T01:48:13 - [MESSAGE][PASSED] - All options with label 'Soccer' are selected in object 'Object Repository/IWP30/Page_ACHPersonalPaymentEntry/dd_UDF8' 

05-10-2024T01:48:13 - [MESSAGE][PASSED] - Object 'Object Repository/IWP30/Page_ACHPersonalPaymentEntry/txt_Firstname' is present

05-10-2024T01:48:14 - [MESSAGE][PASSED] - Text 'Elizath' is set on object 'Object Repository/IWP30/Page_ACHPersonalPaymentEntry/txt_Firstname'

05-10-2024T01:48:14 - [MESSAGE][PASSED] - Object 'Object Repository/IWP30/Page_ACHPersonalPaymentEntry/txt_Lastname' is present

05-10-2024T01:48:15 - [MESSAGE][PASSED] - Text 'Christine' is set on object 'Object Repository/IWP30/Page_ACHPersonalPaymentEntry/txt_Lastname'

05-10-2024T01:48:15 - [MESSAGE][PASSED] - Object 'Object Repository/IWP30/Page_ACHPersonalPaymentEntry/txt_routingNumber' is present

05-10-2024T01:48:16 - [MESSAGE][PASSED] - Text '256072691' is set on object 'Object Repository/IWP30/Page_ACHPersonalPaymentEntry/txt_routingNumber'

05-10-2024T01:48:16 - [MESSAGE][PASSED] - Object 'Object Repository/IWP30/Page_ACHPersonalPaymentEntry/txt_accountNumber' is present

05-10-2024T01:48:17 - [MESSAGE][PASSED] - Text '12344444' is set on object 'Object Repository/IWP30/Page_ACHPersonalPaymentEntry/txt_accountNumber'

05-10-2024T01:48:18 - [MESSAGE][PASSED] - Object 'Object Repository/IWP30/Page_ACHPersonalPaymentEntry/txt_confirmAccountNumber' is present

05-10-2024T01:48:18 - [MESSAGE][PASSED] - Text '12344444' is set on object 'Object Repository/IWP30/Page_ACHPersonalPaymentEntry/txt_confirmAccountNumber'

05-10-2024T01:48:18 - [MESSAGE][PASSED] - Object 'Object Repository/IWP30/Page_ACHPersonalPaymentEntry/rd_accountType' is present

05-10-2024T01:48:18 - [MESSAGE][PASSED] - Modify property of object successfully

05-10-2024T01:48:19 - [MESSAGE][PASSED] - Object: 'Object Repository/IWP30/Page_ACHPersonalPaymentEntry/rd_accountType' is clicked on

05-10-2024T01:48:19 - [MESSAGE][PASSED] - Execute JavaScript '
				   document.getElementById('processDate').value = '08/09/2025'
				  ' successfully

05-10-2024T01:48:19 - [MESSAGE][PASSED] - Text '365 Main Avenue' is set on object 'Object Repository/IWP30/Page_ACHPersonalPaymentEntry/txt_AL1'

05-10-2024T01:48:20 - [MESSAGE][PASSED] - Text 'Ohio' is set on object 'Object Repository/IWP30/Page_ACHPersonalPaymentEntry/txt_AL2'

05-10-2024T01:48:21 - [MESSAGE][PASSED] - Text '22201' is set on object 'Object Repository/IWP30/Page_ACHPersonalPaymentEntry/txt_ZIP'

05-10-2024T01:48:21 - [MESSAGE][PASSED] - Object 'Object Repository/IWP30/Page_ACHPersonalPaymentEntry/txt_Email' is present

05-10-2024T01:48:22 - [MESSAGE][PASSED] - Text 'iahmed@govolution.com' is set on object 'Object Repository/IWP30/Page_ACHPersonalPaymentEntry/txt_Email'

05-10-2024T01:48:22 - [MESSAGE][PASSED] - Object 'Object Repository/IWP30/Page_ACHPersonalPaymentEntry/cb_TermsAndCond' is present

05-10-2024T01:48:23 - [MESSAGE][PASSED] - Object: 'Object Repository/IWP30/Page_ACHPersonalPaymentEntry/cb_TermsAndCond' is clicked on

05-10-2024T01:48:23 - [MESSAGE][PASSED] - Object 'Object Repository/IWP30/Page_ACHPersonalPaymentEntry/btn_Continue' is present

05-10-2024T01:48:24 - [MESSAGE][PASSED] - Object: 'Object Repository/IWP30/Page_ACHPersonalPaymentEntry/btn_Continue' is clicked on

05-10-2024T01:48:24 - [MESSAGE][PASSED] - iwpPages.achPersonalPaymentEntryPage.setDataACHPPM is PASSED

05-10-2024T01:48:24 - [TEST_STEP][PASSED] - click(findTestObject("Object Repository/IWP30/Page_Confirmation/ConfirmButton")): Object: 'Object Repository/IWP30/Page_Confirmation/ConfirmButton' is clicked on

05-10-2024T01:48:26 - [MESSAGE][PASSED] - Object: 'Object Repository/IWP30/Page_Confirmation/ConfirmButton' is clicked on

05-10-2024T01:48:26 - [TEST_STEP][PASSED] - Thread.sleep(2000): null

05-10-2024T01:48:28 - [TEST_STEP][PASSED] - if (verifyTextPresent("Deferred", false)): null

05-10-2024T01:48:28 - [MESSAGE][PASSED] - Text 'Deferred' is present on page 

05-10-2024T01:48:28 - [TEST_STEP][PASSED] - click(findTestObject("Object Repository/IWP30/Page_Receipt/ViewScheduledPaymentsButton")): Object: 'Object Repository/IWP30/Page_Receipt/ViewScheduledPaymentsButton' is clicked on

05-10-2024T01:48:28 - [MESSAGE][PASSED] - Object: 'Object Repository/IWP30/Page_Receipt/ViewScheduledPaymentsButton' is clicked on

05-10-2024T01:48:28 - [TEST_STEP][PASSED] - switchToWindowTitle("View Scheduled Payments"): Switched to window with title: 'View Scheduled Payments'

05-10-2024T01:48:29 - [MESSAGE][PASSED] - Switched to window with title: 'View Scheduled Payments'

05-10-2024T01:48:29 - [TEST_STEP][PASSED] - Thread.sleep(5000): null

05-10-2024T01:48:34 - [TEST_STEP][PASSED] - if (verifyTextPresent("View Scheduled Payments", false)): null

05-10-2024T01:48:34 - [MESSAGE][PASSED] - Text 'View Scheduled Payments' is present on page 

05-10-2024T01:48:34 - [TEST_STEP][PASSED] - click(findTestObject("Object Repository/IWP30/Page_ScheduledPayments/edit_payment")): Object: 'Object Repository/IWP30/Page_ScheduledPayments/edit_payment' is clicked on

05-10-2024T01:48:36 - [MESSAGE][PASSED] - Object: 'Object Repository/IWP30/Page_ScheduledPayments/edit_payment' is clicked on

05-10-2024T01:48:36 - [TEST_STEP][PASSED] - iwpPages.editSchedulePayment.setDataSchedPaymentEF(row, dataFile): iwpPages.editSchedulePayment.setDataSchedPaymentEF is PASSED

05-10-2024T01:48:36 - [MESSAGE][PASSED] - Text 'Edit Payment Plan' is present on page 

05-10-2024T01:48:37 - [MESSAGE][PASSED] - All options with label 'Orange' are selected in object 'Object Repository/IWP30/Page_CCPaymentEntry/UserDefined7' 

05-10-2024T01:48:37 - [MESSAGE][PASSED] - All options with label 'Soccer' are selected in object 'Object Repository/IWP30/Page_CCPaymentEntry/UserDefined8' 

05-10-2024T01:48:37 - [MESSAGE][PASSED] - Execute JavaScript '
				   document.getElementById('processDate').value = '08/09/2045'
				  ' successfully

05-10-2024T01:48:37 - [MESSAGE][PASSED] - iwpPages.editSchedulePayment.setDataSchedPaymentEF is PASSED

05-10-2024T01:48:37 - [TEST_STEP][PASSED] - click(findTestObject("Object Repository/Page_EditSchedPayment/chkbox_acceptterms")): Object: 'Object Repository/Page_EditSchedPayment/chkbox_acceptterms' is clicked on

05-10-2024T01:48:38 - [MESSAGE][PASSED] - Object: 'Object Repository/Page_EditSchedPayment/chkbox_acceptterms' is clicked on

05-10-2024T01:48:38 - [TEST_STEP][PASSED] - click(findTestObject("Object Repository/Page_EditSchedPayment/btn_update")): Object: 'Object Repository/Page_EditSchedPayment/btn_update' is clicked on

05-10-2024T01:48:40 - [MESSAGE][PASSED] - Object: 'Object Repository/Page_EditSchedPayment/btn_update' is clicked on

05-10-2024T01:48:40 - [TEST_STEP][PASSED] - if (verifyTextPresent("Successful Payment Plan Update", false)): null

05-10-2024T01:48:40 - [MESSAGE][PASSED] - Text 'Successful Payment Plan Update' is present on page 

05-10-2024T01:48:40 - [TEST_STEP][PASSED] - isRequiredTextPresent = true: null

05-10-2024T01:48:40 - [TEST_STEP][PASSED] - println(isRequiredTextPresent): null

05-10-2024T01:48:40 - [TEST_STEP][PASSED] - if (isRequiredTextPresent): null

05-10-2024T01:48:40 - [TEST_STEP][PASSED] - if (verifyTextPresent("CAN Label:", false)): null

05-10-2024T01:48:40 - [MESSAGE][PASSED] - Text 'CAN Label:' is present on page 

05-10-2024T01:48:40 - [TEST_STEP][PASSED] - isRequiredTextPresent = true: null

05-10-2024T01:48:40 - [TEST_STEP][PASSED] - println(isRequiredTextPresent): null

05-10-2024T01:48:40 - [TEST_STEP][PASSED] - if (isRequiredTextPresent): null

05-10-2024T01:48:40 - [TEST_STEP][PASSED] - if (verifyTextPresent("Remittance ID:", false)): null

05-10-2024T01:48:41 - [MESSAGE][PASSED] - Text 'Remittance ID:' is present on page 

05-10-2024T01:48:41 - [TEST_STEP][PASSED] - isRequiredTextPresent = true: null

05-10-2024T01:48:41 - [TEST_STEP][PASSED] - println(isRequiredTextPresent): null

05-10-2024T01:48:41 - [TEST_STEP][PASSED] - if (isRequiredTextPresent): null

05-10-2024T01:48:41 - [TEST_STEP][PASSED] - if (verifyTextPresent("UDF2 Label:", false)): null

05-10-2024T01:48:41 - [MESSAGE][PASSED] - Text 'UDF2 Label:' is present on page 

05-10-2024T01:48:41 - [TEST_STEP][PASSED] - isRequiredTextPresent = true: null

05-10-2024T01:48:41 - [TEST_STEP][PASSED] - println(isRequiredTextPresent): null

05-10-2024T01:48:41 - [TEST_STEP][PASSED] - if (isRequiredTextPresent): null

05-10-2024T01:48:41 - [TEST_STEP][PASSED] - if (verifyTextPresent("UDF3 Label:", false)): null

05-10-2024T01:48:41 - [MESSAGE][PASSED] - Text 'UDF3 Label:' is present on page 

05-10-2024T01:48:41 - [TEST_STEP][PASSED] - isRequiredTextPresent = true: null

05-10-2024T01:48:41 - [TEST_STEP][PASSED] - println(isRequiredTextPresent): null

05-10-2024T01:48:41 - [TEST_STEP][PASSED] - if (isRequiredTextPresent): null

05-10-2024T01:48:41 - [TEST_STEP][PASSED] - if (verifyTextPresent("UDF4 Label:", false)): null

05-10-2024T01:48:41 - [MESSAGE][PASSED] - Text 'UDF4 Label:' is present on page 

05-10-2024T01:48:41 - [TEST_STEP][PASSED] - isRequiredTextPresent = true: null

05-10-2024T01:48:41 - [TEST_STEP][PASSED] - println(isRequiredTextPresent): null

05-10-2024T01:48:41 - [TEST_STEP][PASSED] - if (isRequiredTextPresent): null

05-10-2024T01:48:41 - [TEST_STEP][PASSED] - if (verifyTextPresent("UDF7 Label:", false)): null

05-10-2024T01:48:42 - [MESSAGE][PASSED] - Text 'UDF7 Label:' is present on page 

05-10-2024T01:48:42 - [TEST_STEP][PASSED] - isRequiredTextPresent = true: null

05-10-2024T01:48:42 - [TEST_STEP][PASSED] - println(isRequiredTextPresent): null

05-10-2024T01:48:42 - [TEST_STEP][PASSED] - if (isRequiredTextPresent): null

05-10-2024T01:48:42 - [TEST_STEP][PASSED] - if (verifyTextPresent("UDF8 Label:", false)): null

05-10-2024T01:48:42 - [MESSAGE][PASSED] - Text 'UDF8 Label:' is present on page 

05-10-2024T01:48:42 - [TEST_STEP][PASSED] - isRequiredTextPresent = true: null

05-10-2024T01:48:42 - [TEST_STEP][PASSED] - println(isRequiredTextPresent): null

05-10-2024T01:48:42 - [TEST_STEP][PASSED] - if (isRequiredTextPresent): null

05-10-2024T01:48:42 - [TEST_STEP][PASSED] - if (verifyTextPresent("UDF9 Label:", false)): null

05-10-2024T01:48:42 - [MESSAGE][PASSED] - Text 'UDF9 Label:' is present on page 

05-10-2024T01:48:42 - [TEST_STEP][PASSED] - isRequiredTextPresent = true: null

05-10-2024T01:48:42 - [TEST_STEP][PASSED] - println(isRequiredTextPresent): null

05-10-2024T01:48:42 - [TEST_STEP][PASSED] - if (isRequiredTextPresent): null

05-10-2024T01:48:42 - [TEST_STEP][PASSED] - if (verifyTextPresent("Transaction Type:", false)): null

05-10-2024T01:48:42 - [MESSAGE][PASSED] - Text 'Transaction Type:' is present on page 

05-10-2024T01:48:42 - [TEST_STEP][PASSED] - isRequiredTextPresent = true: null

05-10-2024T01:48:42 - [TEST_STEP][PASSED] - println(isRequiredTextPresent): null

05-10-2024T01:48:42 - [TEST_STEP][PASSED] - if (isRequiredTextPresent): null

05-10-2024T01:48:42 - [TEST_STEP][PASSED] - if (verifyTextPresent("Amount:", false)): null

05-10-2024T01:48:43 - [MESSAGE][PASSED] - Text 'Amount:' is present on page 

05-10-2024T01:48:43 - [TEST_STEP][PASSED] - isRequiredTextPresent = true: null

05-10-2024T01:48:43 - [TEST_STEP][PASSED] - println(isRequiredTextPresent): null

05-10-2024T01:48:43 - [TEST_STEP][PASSED] - if (isRequiredTextPresent): null

05-10-2024T01:48:43 - [TEST_STEP][PASSED] - if (verifyTextPresent("Check Information:", false)): null

05-10-2024T01:48:43 - [MESSAGE][PASSED] - Text 'Check Information:' is present on page 

05-10-2024T01:48:43 - [TEST_STEP][PASSED] - isRequiredTextPresent = true: null

05-10-2024T01:48:43 - [TEST_STEP][PASSED] - println(isRequiredTextPresent): null

05-10-2024T01:48:43 - [TEST_STEP][PASSED] - if (isRequiredTextPresent): null

05-10-2024T01:48:43 - [TEST_STEP][PASSED] - if (verifyTextPresent("Account Type:", false)): null

05-10-2024T01:48:43 - [MESSAGE][PASSED] - Text 'Account Type:' is present on page 

05-10-2024T01:48:43 - [TEST_STEP][PASSED] - isRequiredTextPresent = true: null

05-10-2024T01:48:43 - [TEST_STEP][PASSED] - println(isRequiredTextPresent): null

05-10-2024T01:48:43 - [TEST_STEP][PASSED] - if (isRequiredTextPresent): null

05-10-2024T01:48:43 - [TEST_STEP][PASSED] - if (verifyTextPresent("Account Number:", false)): null

05-10-2024T01:48:44 - [MESSAGE][PASSED] - Text 'Account Number:' is present on page 

05-10-2024T01:48:44 - [TEST_STEP][PASSED] - isRequiredTextPresent = true: null

05-10-2024T01:48:44 - [TEST_STEP][PASSED] - println(isRequiredTextPresent): null

05-10-2024T01:48:44 - [TEST_STEP][PASSED] - if (isRequiredTextPresent): null

05-10-2024T01:48:44 - [TEST_STEP][PASSED] - if (verifyTextPresent("Routing Number:", false)): null

05-10-2024T01:48:44 - [MESSAGE][PASSED] - Text 'Routing Number:' is present on page 

05-10-2024T01:48:44 - [TEST_STEP][PASSED] - isRequiredTextPresent = true: null

05-10-2024T01:48:44 - [TEST_STEP][PASSED] - println(isRequiredTextPresent): null

05-10-2024T01:48:44 - [TEST_STEP][PASSED] - if (isRequiredTextPresent): null

05-10-2024T01:48:44 - [TEST_STEP][PASSED] - if (verifyTextPresent("Name of Account:", false)): null

05-10-2024T01:48:44 - [MESSAGE][PASSED] - Text 'Name of Account:' is present on page 

05-10-2024T01:48:44 - [TEST_STEP][PASSED] - isRequiredTextPresent = true: null

05-10-2024T01:48:44 - [TEST_STEP][PASSED] - println(isRequiredTextPresent): null

05-10-2024T01:48:44 - [TEST_STEP][PASSED] - if (isRequiredTextPresent): null

05-10-2024T01:48:44 - [TEST_STEP][PASSED] - if (verifyTextPresent("Billing Information:", false)): null

05-10-2024T01:48:44 - [MESSAGE][PASSED] - Text 'Billing Information:' is present on page 

05-10-2024T01:48:44 - [TEST_STEP][PASSED] - isRequiredTextPresent = true: null

05-10-2024T01:48:44 - [TEST_STEP][PASSED] - println(isRequiredTextPresent): null

05-10-2024T01:48:44 - [TEST_STEP][PASSED] - if (isRequiredTextPresent): null

05-10-2024T01:48:44 - [TEST_STEP][PASSED] - if (verifyTextPresent("Address Line 1:", false)): null

05-10-2024T01:48:45 - [MESSAGE][PASSED] - Text 'Address Line 1:' is present on page 

05-10-2024T01:48:45 - [TEST_STEP][PASSED] - isRequiredTextPresent = true: null

05-10-2024T01:48:45 - [TEST_STEP][PASSED] - println(isRequiredTextPresent): null

05-10-2024T01:48:45 - [TEST_STEP][PASSED] - if (isRequiredTextPresent): null

05-10-2024T01:48:45 - [TEST_STEP][PASSED] - if (verifyTextPresent("Address Line 2:", false)): null

05-10-2024T01:48:45 - [MESSAGE][PASSED] - Text 'Address Line 2:' is present on page 

05-10-2024T01:48:45 - [TEST_STEP][PASSED] - isRequiredTextPresent = true: null

05-10-2024T01:48:45 - [TEST_STEP][PASSED] - println(isRequiredTextPresent): null

05-10-2024T01:48:45 - [TEST_STEP][PASSED] - if (isRequiredTextPresent): null

05-10-2024T01:48:45 - [TEST_STEP][PASSED] - if (verifyTextPresent("Country:", false)): null

05-10-2024T01:48:45 - [MESSAGE][PASSED] - Text 'Country:' is present on page 

05-10-2024T01:48:45 - [TEST_STEP][PASSED] - isRequiredTextPresent = true: null

05-10-2024T01:48:45 - [TEST_STEP][PASSED] - println(isRequiredTextPresent): null

05-10-2024T01:48:45 - [TEST_STEP][PASSED] - if (isRequiredTextPresent): null

05-10-2024T01:48:45 - [TEST_STEP][PASSED] - if (verifyTextPresent("City:", false)): null

05-10-2024T01:48:46 - [MESSAGE][PASSED] - Text 'City:' is present on page 

05-10-2024T01:48:46 - [TEST_STEP][PASSED] - isRequiredTextPresent = true: null

05-10-2024T01:48:46 - [TEST_STEP][PASSED] - println(isRequiredTextPresent): null

05-10-2024T01:48:46 - [TEST_STEP][PASSED] - if (isRequiredTextPresent): null

05-10-2024T01:48:46 - [TEST_STEP][PASSED] - if (verifyTextPresent("State:", false)): null

05-10-2024T01:48:46 - [MESSAGE][PASSED] - Text 'State:' is present on page 

05-10-2024T01:48:46 - [TEST_STEP][PASSED] - isRequiredTextPresent = true: null

05-10-2024T01:48:46 - [TEST_STEP][PASSED] - println(isRequiredTextPresent): null

05-10-2024T01:48:46 - [TEST_STEP][PASSED] - if (isRequiredTextPresent): null

05-10-2024T01:48:46 - [TEST_STEP][PASSED] - if (verifyTextPresent("Zip Code:", false)): null

05-10-2024T01:48:46 - [MESSAGE][PASSED] - Text 'Zip Code:' is present on page 

05-10-2024T01:48:46 - [TEST_STEP][PASSED] - isRequiredTextPresent = true: null

05-10-2024T01:48:46 - [TEST_STEP][PASSED] - println(isRequiredTextPresent): null

05-10-2024T01:48:46 - [TEST_STEP][PASSED] - if (isRequiredTextPresent): null

05-10-2024T01:48:46 - [TEST_STEP][PASSED] - if (verifyTextPresent("Plan Information:", false)): null

05-10-2024T01:48:46 - [MESSAGE][PASSED] - Text 'Plan Information:' is present on page 

05-10-2024T01:48:46 - [TEST_STEP][PASSED] - isRequiredTextPresent = true: null

05-10-2024T01:48:46 - [TEST_STEP][PASSED] - println(isRequiredTextPresent): null

05-10-2024T01:48:46 - [TEST_STEP][PASSED] - if (isRequiredTextPresent): null

05-10-2024T01:48:46 - [TEST_STEP][PASSED] - if (verifyTextPresent("Payment Plan Type:", false)): null

05-10-2024T01:48:47 - [MESSAGE][PASSED] - Text 'Payment Plan Type:' is present on page 

05-10-2024T01:48:47 - [TEST_STEP][PASSED] - isRequiredTextPresent = true: null

05-10-2024T01:48:47 - [TEST_STEP][PASSED] - println(isRequiredTextPresent): null

05-10-2024T01:48:47 - [TEST_STEP][PASSED] - if (isRequiredTextPresent): null

05-10-2024T01:48:47 - [TEST_STEP][PASSED] - if (verifyTextPresent("Payment Plan ID:", false)): null

05-10-2024T01:48:47 - [MESSAGE][PASSED] - Text 'Payment Plan ID:' is present on page 

05-10-2024T01:48:47 - [TEST_STEP][PASSED] - isRequiredTextPresent = true: null

05-10-2024T01:48:47 - [TEST_STEP][PASSED] - println(isRequiredTextPresent): null

05-10-2024T01:48:47 - [TEST_STEP][PASSED] - if (isRequiredTextPresent): null

05-10-2024T01:48:47 - [TEST_STEP][PASSED] - if (verifyTextPresent("Start Date:", false)): null

05-10-2024T01:48:47 - [MESSAGE][PASSED] - Text 'Start Date:' is present on page 

05-10-2024T01:48:47 - [TEST_STEP][PASSED] - isRequiredTextPresent = true: null

05-10-2024T01:48:47 - [TEST_STEP][PASSED] - println(isRequiredTextPresent): null

05-10-2024T01:48:47 - [TEST_STEP][PASSED] - if (isRequiredTextPresent == true): pages.WriteExcel.demoKey is PASSED

05-10-2024T01:48:47 - [TEST_STEP][PASSED] - println("All the relevant texts are present on Receipt Page"): null

05-10-2024T01:48:47 - [TEST_STEP][PASSED] - markPassed("All the relevant texts are present on Receipt Page"): All the relevant texts are present on Receipt Page

05-10-2024T01:48:47 - [MESSAGE][PASSED] - All the relevant texts are present on Receipt Page

05-10-2024T01:48:47 - [TEST_STEP][PASSED] - resText = "Pass": null

05-10-2024T01:48:47 - [TEST_STEP][PASSED] - pages.WriteExcel.demoKey(resText, datText, resColumn, datCloumn, fileLoc, nameSheet, row): pages.WriteExcel.demoKey is PASSED

05-10-2024T01:48:47 - [MESSAGE][PASSED] - pages.WriteExcel.demoKey is PASSED

05-10-2024T01:48:47 - [TEST_STEP][PASSED] - closeBrowser(): Browser is closed

05-10-2024T01:48:48 - [MESSAGE][PASSED] - Browser is closed]]></system-out>
         <system-err><![CDATA[]]></system-err>
      </testcase>
      <testcase name="Test Cases/IntegratedWeb/IWP25/Payments/VerifyReceiptPageLabelsCC" time="72.47" classname="Test Cases/IntegratedWeb/IWP25/Payments/VerifyReceiptPageLabelsCC" status="PASSED">
         <system-out><![CDATA[05-10-2024T01:48:48 - [TEST_CASE][PASSED] - Test Cases/IntegratedWeb/IWP25/Payments/VerifyReceiptPageLabelsCC: Test Cases/IntegratedWeb/IWP25/Payments/VerifyReceiptPageLabelsCC

05-10-2024T01:48:48 - [TEST_STEP][PASSED] - resText = "Fail": null

05-10-2024T01:48:48 - [TEST_STEP][PASSED] - resColumn = "Result": null

05-10-2024T01:48:48 - [TEST_STEP][PASSED] - datCloumn = "Date": null

05-10-2024T01:48:48 - [TEST_STEP][PASSED] - fileLoc = "KatalonData/IWPTestData/VRelay25Payments.xlsx": null

05-10-2024T01:48:48 - [TEST_STEP][PASSED] - numOfRows = <not implemented yet for class: org.codehaus.groovy.ast.expr.EmptyExpression>: null

05-10-2024T01:48:48 - [TEST_STEP][PASSED] - dataFile = <not implemented yet for class: org.codehaus.groovy.ast.expr.EmptyExpression>: null

05-10-2024T01:48:48 - [TEST_STEP][PASSED] - nameSheet = <not implemented yet for class: org.codehaus.groovy.ast.expr.EmptyExpression>: null

05-10-2024T01:48:48 - [TEST_STEP][PASSED] - dataFileEmulator = <not implemented yet for class: org.codehaus.groovy.ast.expr.EmptyExpression>: null

05-10-2024T01:48:48 - [TEST_STEP][PASSED] - isRequiredTextPresent = false: null

05-10-2024T01:48:48 - [TEST_STEP][PASSED] - nameSheet = "VerifyReceiptPageLabelsCredit": null

05-10-2024T01:48:48 - [TEST_STEP][PASSED] - dataFile = "IWPTestData/IWP25VerifyReceiptPageLabelsCC": null

05-10-2024T01:48:48 - [TEST_STEP][PASSED] - dataFileEmulator = "IWPTestData/EmulatorData": null

05-10-2024T01:48:48 - [TEST_STEP][PASSED] - numOfRows = findTestData(dataFile).getRowNumbers(): null

05-10-2024T01:48:48 - [TEST_STEP][PASSED] - println("Number of Records: " + numOfRows): null

05-10-2024T01:48:48 - [TEST_STEP][PASSED] - for ([row = 1, row <= numOfRows, (row++)]): Browser is closed

05-10-2024T01:48:48 - [TEST_STEP][PASSED] - ExecuteTC = findTestData(dataFile).getValue("Execute", row): null

05-10-2024T01:48:48 - [TEST_STEP][PASSED] - out.println("Value of Execute is : " + ExecuteTC): null

05-10-2024T01:48:48 - [TEST_STEP][PASSED] - if (ExecuteTC.equalsIgnoreCase("Y")): pages.WriteExcel.demoKey is PASSED

05-10-2024T01:48:48 - [TEST_STEP][PASSED] - out.println("Begin Record Number: " + row): null

05-10-2024T01:48:48 - [TEST_STEP][PASSED] - today = new java.util.Date(): null

05-10-2024T01:48:48 - [TEST_STEP][PASSED] - println(today): null

05-10-2024T01:48:48 - [TEST_STEP][PASSED] - datText = today: null

05-10-2024T01:48:48 - [TEST_STEP][PASSED] - EmulatorDataKey = findTestData(dataFile).getValue("EmulatorData", row): null

05-10-2024T01:48:48 - [TEST_STEP][PASSED] - out.println("Value of Emulator Key is : " + EmulatorDataKey): null

05-10-2024T01:48:48 - [TEST_STEP][PASSED] - iwpPages.emulatorIWP30.setDataEmulator_DD(EmulatorDataKey): iwpPages.emulatorIWP30.setDataEmulator_DD is PASSED

05-10-2024T01:48:48 - [MESSAGE][INFO] - Starting 'Edge Chromium' driver

05-10-2024T01:48:48 - [MESSAGE][INFO] - User set preference: ['acceptInsecureCerts', 'true']

05-10-2024T01:48:50 - [MESSAGE][INFO] - Action delay is set to 0 milliseconds

05-10-2024T01:48:53 - [MESSAGE][PASSED] - Browser is opened with url: 'https://qa.velocitypayment.com/agency/config.do?action=editor&message_version=2_5'

05-10-2024T01:48:53 - [MESSAGE][PASSED] - Current window maximized

05-10-2024T01:48:54 - [MESSAGE][PASSED] - All options with value '2.5' are selected in object 'Object Repository/IWP30/Page_VRelay30Emulator/MV'  using regular expression

05-10-2024T01:48:55 - [MESSAGE][PASSED] - Text '10.50' is set on object 'Object Repository/IWP30/Page_VRelay30Emulator/Amount'

05-10-2024T01:48:56 - [MESSAGE][PASSED] - Text 'EIITihtpSNd4' is set on object 'Object Repository/IWP30/Page_VRelay30Emulator/CAN'

05-10-2024T01:48:56 - [MESSAGE][PASSED] - Text 'PayNow' is set on object 'Object Repository/IWP30/Page_VRelay30Emulator/Action'

05-10-2024T01:48:57 - [MESSAGE][PASSED] - Text 'en_US' is set on object 'Object Repository/IWP30/Page_VRelay30Emulator/Lang'

05-10-2024T01:48:58 - [MESSAGE][PASSED] - Text '' is set on object 'Object Repository/IWP30/Page_VRelay30Emulator/Fname'

05-10-2024T01:48:58 - [MESSAGE][PASSED] - Text '' is set on object 'Object Repository/IWP30/Page_VRelay30Emulator/Lname'

05-10-2024T01:48:59 - [MESSAGE][PASSED] - Text '' is set on object 'Object Repository/IWP30/Page_VRelay30Emulator/AL1'

05-10-2024T01:48:59 - [MESSAGE][PASSED] - Text '' is set on object 'Object Repository/IWP30/Page_VRelay30Emulator/AL2'

05-10-2024T01:49:00 - [MESSAGE][PASSED] - Text '' is set on object 'Object Repository/IWP30/Page_VRelay30Emulator/Country'

05-10-2024T01:49:00 - [MESSAGE][PASSED] - Text '' is set on object 'Object Repository/IWP30/Page_VRelay30Emulator/City'

05-10-2024T01:49:01 - [MESSAGE][PASSED] - Text '' is set on object 'Object Repository/IWP30/Page_VRelay30Emulator/State'

05-10-2024T01:49:02 - [MESSAGE][PASSED] - Text '' is set on object 'Object Repository/IWP30/Page_VRelay30Emulator/ZIP'

05-10-2024T01:49:02 - [MESSAGE][PASSED] - Text '' is set on object 'Object Repository/IWP30/Page_VRelay30Emulator/Order'

05-10-2024T01:49:03 - [MESSAGE][PASSED] - Text '' is set on object 'Object Repository/IWP30/Page_VRelay30Emulator/Company'

05-10-2024T01:49:03 - [MESSAGE][PASSED] - Text '' is set on object 'Object Repository/IWP30/Page_VRelay30Emulator/Email'

05-10-2024T01:49:04 - [MESSAGE][PASSED] - Text '' is set on object 'Object Repository/IWP30/Page_VRelay30Emulator/UDF1'

05-10-2024T01:49:04 - [MESSAGE][PASSED] - Text '' is set on object 'Object Repository/IWP30/Page_VRelay30Emulator/UDF2'

05-10-2024T01:49:05 - [MESSAGE][PASSED] - Text '' is set on object 'Object Repository/IWP30/Page_VRelay30Emulator/UDF3'

05-10-2024T01:49:06 - [MESSAGE][PASSED] - Text 'udf data 4' is set on object 'Object Repository/IWP30/Page_VRelay30Emulator/UDF4'

05-10-2024T01:49:06 - [MESSAGE][PASSED] - Text 'udf data 5' is set on object 'Object Repository/IWP30/Page_VRelay30Emulator/UDF5'

05-10-2024T01:49:07 - [MESSAGE][PASSED] - Text '' is set on object 'Object Repository/IWP30/Page_VRelay30Emulator/UDF6'

05-10-2024T01:49:07 - [MESSAGE][PASSED] - Text '' is set on object 'Object Repository/IWP30/Page_VRelay30Emulator/UDF7'

05-10-2024T01:49:08 - [MESSAGE][PASSED] - Text '' is set on object 'Object Repository/IWP30/Page_VRelay30Emulator/UDF8'

05-10-2024T01:49:08 - [MESSAGE][PASSED] - Text 'udf data 9' is set on object 'Object Repository/IWP30/Page_VRelay30Emulator/UDF9'

05-10-2024T01:49:09 - [MESSAGE][PASSED] - Text 'udf data 10' is set on object 'Object Repository/IWP30/Page_VRelay30Emulator/UDF10'

05-10-2024T01:49:10 - [MESSAGE][PASSED] - Object: 'Object Repository/IWP30/Page_VRelay30Emulator/Submit' is clicked on

05-10-2024T01:49:15 - [MESSAGE][PASSED] - Browser is closed

05-10-2024T01:49:19 - [MESSAGE][PASSED] - iwpPages.emulatorIWP30.setDataEmulator_DD is PASSED

05-10-2024T01:49:19 - [TEST_STEP][PASSED] - testHarnessURL = urlTestHarness: null

05-10-2024T01:49:19 - [TEST_STEP][PASSED] - openBrowser(testHarnessURL): Browser is opened with url: 'https://dev-algorithm.govolution.com/vrelaytest/QA/version_2_2/vrelaytest.html'

05-10-2024T01:49:19 - [MESSAGE][INFO] - Starting 'Edge Chromium' driver

05-10-2024T01:49:19 - [MESSAGE][INFO] - User set preference: ['acceptInsecureCerts', 'true']

05-10-2024T01:49:21 - [MESSAGE][INFO] - Action delay is set to 0 milliseconds

05-10-2024T01:49:24 - [MESSAGE][PASSED] - Browser is opened with url: 'https://dev-algorithm.govolution.com/vrelaytest/QA/version_2_2/vrelaytest.html'

05-10-2024T01:49:24 - [TEST_STEP][PASSED] - maximizeWindow(): Current window maximized

05-10-2024T01:49:24 - [MESSAGE][PASSED] - Current window maximized

05-10-2024T01:49:24 - [TEST_STEP][PASSED] - iwpPages.TestHarnessPage.setDataMethod(row, dataFile): iwpPages.TestHarnessPage.setDataMethod is PASSED

05-10-2024T01:49:24 - [MESSAGE][PASSED] - Object 'Object Repository/IWP30/Page_QATestHarness/RemittanceID' is present

05-10-2024T01:49:25 - [MESSAGE][PASSED] - Text '638' is set on object 'Object Repository/IWP30/Page_QATestHarness/ApplicationID'

05-10-2024T01:49:26 - [MESSAGE][PASSED] - Text '2.5' is set on object 'Object Repository/IWP30/Page_QATestHarness/MessageVersion'

05-10-2024T01:49:26 - [MESSAGE][PASSED] - Text '44QCzwugKbuw' is set on object 'Object Repository/IWP30/Page_QATestHarness/RemittanceID'

05-10-2024T01:49:29 - [MESSAGE][PASSED] - Object: 'Object Repository/IWP30/Page_QATestHarness/SubmitButton' is clicked on

05-10-2024T01:49:29 - [MESSAGE][PASSED] - iwpPages.TestHarnessPage.setDataMethod is PASSED

05-10-2024T01:49:29 - [TEST_STEP][PASSED] - click(findTestObject("Object Repository/IWP30/Page_SelectPaymentMethod/PayByCreditCard")): Object: 'Object Repository/IWP30/Page_SelectPaymentMethod/PayByCreditCard' is clicked on

05-10-2024T01:49:30 - [MESSAGE][PASSED] - Object: 'Object Repository/IWP30/Page_SelectPaymentMethod/PayByCreditCard' is clicked on

05-10-2024T01:49:30 - [TEST_STEP][PASSED] - click(findTestObject("Object Repository/IWP30/Page_SelectPaymentMethod/MakePaymentButton")): Object: 'Object Repository/IWP30/Page_SelectPaymentMethod/MakePaymentButton' is clicked on

05-10-2024T01:49:31 - [MESSAGE][PASSED] - Object: 'Object Repository/IWP30/Page_SelectPaymentMethod/MakePaymentButton' is clicked on

05-10-2024T01:49:31 - [TEST_STEP][PASSED] - iwpPages.ccPaymentEntryPage.setDataCCPM(row, dataFile): iwpPages.ccPaymentEntryPage.setDataCCPM is PASSED

05-10-2024T01:49:32 - [MESSAGE][PASSED] - Object 'Object Repository/IWP30/Page_CCPaymentEntry/Name' is present

05-10-2024T01:49:33 - [MESSAGE][PASSED] - Text '10.50' is set on object 'Object Repository/IWP30/Page_CCPaymentEntry/Amount'

05-10-2024T01:49:34 - [MESSAGE][PASSED] - Text 'udf data 2' is set on object 'Object Repository/IWP30/Page_CCPaymentEntry/UserDefined2'

05-10-2024T01:49:34 - [MESSAGE][PASSED] - Text 'udf data 3' is set on object 'Object Repository/IWP30/Page_CCPaymentEntry/UserDefined3'

05-10-2024T01:49:35 - [MESSAGE][PASSED] - All options with label 'Orange' are selected in object 'Object Repository/IWP30/Page_CCPaymentEntry/UserDefined7' 

05-10-2024T01:49:35 - [MESSAGE][PASSED] - All options with label 'Soccer' are selected in object 'Object Repository/IWP30/Page_CCPaymentEntry/UserDefined8' 

05-10-2024T01:49:35 - [MESSAGE][PASSED] - Object 'Object Repository/IWP30/Page_CCPaymentEntry/Name' is present

05-10-2024T01:49:36 - [MESSAGE][PASSED] - Text 'Kavita Ranawati' is set on object 'Object Repository/IWP30/Page_CCPaymentEntry/Name'

05-10-2024T01:49:36 - [MESSAGE][PASSED] - Object 'Object Repository/IWP30/Page_CCPaymentEntry/CardNumber' is present

05-10-2024T01:49:37 - [MESSAGE][PASSED] - Text '4111111111111111' is set on object 'Object Repository/IWP30/Page_CCPaymentEntry/CardNumber'

05-10-2024T01:49:38 - [MESSAGE][PASSED] - Text '123' is set on object 'Object Repository/IWP30/Page_CCPaymentEntry/SPC'

05-10-2024T01:49:38 - [MESSAGE][PASSED] - Object 'Object Repository/IWP30/Page_CCPaymentEntry/Month' is present

05-10-2024T01:49:39 - [MESSAGE][PASSED] - All options with label '09' are selected in object 'Object Repository/IWP30/Page_CCPaymentEntry/Month' 

05-10-2024T01:49:39 - [MESSAGE][PASSED] - Object 'Object Repository/IWP30/Page_CCPaymentEntry/Year' is present

05-10-2024T01:49:40 - [MESSAGE][PASSED] - All options with label '2028' are selected in object 'Object Repository/IWP30/Page_CCPaymentEntry/Year' 

05-10-2024T01:49:40 - [MESSAGE][PASSED] - Text '365 Main Avenue' is set on object 'Object Repository/IWP30/Page_CCPaymentEntry/AL1'

05-10-2024T01:49:41 - [MESSAGE][PASSED] - Text '22201' is set on object 'Object Repository/IWP30/Page_CCPaymentEntry/ZIP'

05-10-2024T01:49:41 - [MESSAGE][PASSED] - Object 'Object Repository/IWP30/Page_CCPaymentEntry/EmailAddress' is present

05-10-2024T01:49:42 - [MESSAGE][PASSED] - Text 'iahmed@govolution.com' is set on object 'Object Repository/IWP30/Page_CCPaymentEntry/EmailAddress'

05-10-2024T01:49:43 - [MESSAGE][PASSED] - Object 'Object Repository/IWP30/Page_CCPaymentEntry/TermCondCheckBox' is present

05-10-2024T01:49:43 - [MESSAGE][PASSED] - Object 'Object Repository/IWP30/Page_CCPaymentEntry/TermCondCheckBox' is checked

05-10-2024T01:49:43 - [MESSAGE][PASSED] - Object 'Object Repository/IWP30/Page_CCPaymentEntry/ContinueButton' is present

05-10-2024T01:49:44 - [MESSAGE][PASSED] - Object: 'Object Repository/IWP30/Page_CCPaymentEntry/ContinueButton' is clicked on

05-10-2024T01:49:44 - [MESSAGE][PASSED] - iwpPages.ccPaymentEntryPage.setDataCCPM is PASSED

05-10-2024T01:49:44 - [TEST_STEP][PASSED] - click(findTestObject("Object Repository/IWP30/Page_Confirmation/ConfirmButton")): Object: 'Object Repository/IWP30/Page_Confirmation/ConfirmButton' is clicked on

05-10-2024T01:49:46 - [MESSAGE][PASSED] - Object: 'Object Repository/IWP30/Page_Confirmation/ConfirmButton' is clicked on

05-10-2024T01:49:46 - [TEST_STEP][PASSED] - Thread.sleep(5000): null

05-10-2024T01:49:51 - [TEST_STEP][PASSED] - if (verifyTextPresent("Make a Real Estate Payment", false)): null

05-10-2024T01:49:53 - [MESSAGE][PASSED] - Text 'Make a Real Estate Payment' is present on page 

05-10-2024T01:49:53 - [TEST_STEP][PASSED] - isRequiredTextPresent = true: null

05-10-2024T01:49:53 - [TEST_STEP][PASSED] - println(isRequiredTextPresent): null

05-10-2024T01:49:53 - [TEST_STEP][PASSED] - if (isRequiredTextPresent): null

05-10-2024T01:49:53 - [TEST_STEP][PASSED] - if (verifyTextPresent("Successful Payment Receipt", false)): null

05-10-2024T01:49:53 - [MESSAGE][PASSED] - Text 'Successful Payment Receipt' is present on page 

05-10-2024T01:49:53 - [TEST_STEP][PASSED] - isRequiredTextPresent = true: null

05-10-2024T01:49:53 - [TEST_STEP][PASSED] - println(isRequiredTextPresent): null

05-10-2024T01:49:53 - [TEST_STEP][PASSED] - if (isRequiredTextPresent): null

05-10-2024T01:49:53 - [TEST_STEP][PASSED] - if (verifyTextPresent("Please print this receipt for your records", false)): null

05-10-2024T01:49:53 - [MESSAGE][PASSED] - Text 'Please print this receipt for your records' is present on page 

05-10-2024T01:49:53 - [TEST_STEP][PASSED] - isRequiredTextPresent = true: null

05-10-2024T01:49:53 - [TEST_STEP][PASSED] - if (isRequiredTextPresent): null

05-10-2024T01:49:53 - [TEST_STEP][PASSED] - if (verifyTextPresent("Remittance ID:", false)): null

05-10-2024T01:49:53 - [MESSAGE][PASSED] - Text 'Remittance ID:' is present on page 

05-10-2024T01:49:53 - [TEST_STEP][PASSED] - isRequiredTextPresent = true: null

05-10-2024T01:49:53 - [TEST_STEP][PASSED] - if (isRequiredTextPresent): null

05-10-2024T01:49:53 - [TEST_STEP][PASSED] - if (verifyTextPresent("Payment ID:", false)): null

05-10-2024T01:49:54 - [MESSAGE][PASSED] - Text 'Payment ID:' is present on page 

05-10-2024T01:49:54 - [TEST_STEP][PASSED] - isRequiredTextPresent = true: null

05-10-2024T01:49:54 - [TEST_STEP][PASSED] - if (isRequiredTextPresent): null

05-10-2024T01:49:54 - [TEST_STEP][PASSED] - if (verifyTextPresent("CAN Label:", false)): null

05-10-2024T01:49:54 - [MESSAGE][PASSED] - Text 'CAN Label:' is present on page 

05-10-2024T01:49:54 - [TEST_STEP][PASSED] - isRequiredTextPresent = true: null

05-10-2024T01:49:54 - [TEST_STEP][PASSED] - if (isRequiredTextPresent): null

05-10-2024T01:49:54 - [TEST_STEP][PASSED] - if (verifyTextPresent("Received:", false)): null

05-10-2024T01:49:54 - [MESSAGE][PASSED] - Text 'Received:' is present on page 

05-10-2024T01:49:54 - [TEST_STEP][PASSED] - isRequiredTextPresent = true: null

05-10-2024T01:49:54 - [TEST_STEP][PASSED] - if (isRequiredTextPresent): null

05-10-2024T01:49:54 - [TEST_STEP][PASSED] - if (verifyTextPresent("UDF1 Label:", false)): null

05-10-2024T01:49:55 - [MESSAGE][PASSED] - Text 'UDF1 Label:' is present on page 

05-10-2024T01:49:55 - [TEST_STEP][PASSED] - isRequiredTextPresent = true: null

05-10-2024T01:49:55 - [TEST_STEP][PASSED] - if (isRequiredTextPresent): null

05-10-2024T01:49:55 - [TEST_STEP][PASSED] - if (verifyTextPresent("UDF2 Label:", false)): null

05-10-2024T01:49:55 - [MESSAGE][PASSED] - Text 'UDF2 Label:' is present on page 

05-10-2024T01:49:55 - [TEST_STEP][PASSED] - isRequiredTextPresent = true: null

05-10-2024T01:49:55 - [TEST_STEP][PASSED] - if (isRequiredTextPresent): null

05-10-2024T01:49:55 - [TEST_STEP][PASSED] - if (verifyTextPresent("UDF3 Label:", false)): null

05-10-2024T01:49:55 - [MESSAGE][PASSED] - Text 'UDF3 Label:' is present on page 

05-10-2024T01:49:55 - [TEST_STEP][PASSED] - isRequiredTextPresent = true: null

05-10-2024T01:49:55 - [TEST_STEP][PASSED] - if (isRequiredTextPresent): null

05-10-2024T01:49:55 - [TEST_STEP][PASSED] - if (verifyTextPresent("UDF4 Label:", false)): null

05-10-2024T01:49:55 - [MESSAGE][PASSED] - Text 'UDF4 Label:' is present on page 

05-10-2024T01:49:55 - [TEST_STEP][PASSED] - isRequiredTextPresent = true: null

05-10-2024T01:49:55 - [TEST_STEP][PASSED] - if (isRequiredTextPresent): null

05-10-2024T01:49:55 - [TEST_STEP][PASSED] - if (verifyTextPresent("UDF6 Label:", false)): null

05-10-2024T01:49:56 - [MESSAGE][PASSED] - Text 'UDF6 Label:' is present on page 

05-10-2024T01:49:56 - [TEST_STEP][PASSED] - isRequiredTextPresent = true: null

05-10-2024T01:49:56 - [TEST_STEP][PASSED] - if (isRequiredTextPresent): null

05-10-2024T01:49:56 - [TEST_STEP][PASSED] - if (verifyTextPresent("UDF7 Label:", false)): null

05-10-2024T01:49:56 - [MESSAGE][PASSED] - Text 'UDF7 Label:' is present on page 

05-10-2024T01:49:56 - [TEST_STEP][PASSED] - isRequiredTextPresent = true: null

05-10-2024T01:49:56 - [TEST_STEP][PASSED] - if (isRequiredTextPresent): null

05-10-2024T01:49:56 - [TEST_STEP][PASSED] - if (verifyTextPresent("UDF8 Label:", false)): null

05-10-2024T01:49:56 - [MESSAGE][PASSED] - Text 'UDF8 Label:' is present on page 

05-10-2024T01:49:56 - [TEST_STEP][PASSED] - isRequiredTextPresent = true: null

05-10-2024T01:49:56 - [TEST_STEP][PASSED] - if (isRequiredTextPresent): null

05-10-2024T01:49:56 - [TEST_STEP][PASSED] - if (verifyTextPresent("UDF9 Label:", false)): null

05-10-2024T01:49:56 - [MESSAGE][PASSED] - Text 'UDF9 Label:' is present on page 

05-10-2024T01:49:56 - [TEST_STEP][PASSED] - isRequiredTextPresent = true: null

05-10-2024T01:49:56 - [TEST_STEP][PASSED] - if (isRequiredTextPresent): null

05-10-2024T01:49:56 - [TEST_STEP][PASSED] - if (verifyTextPresent("Tax Amount:", false)): null

05-10-2024T01:49:57 - [MESSAGE][PASSED] - Text 'Tax Amount:' is present on page 

05-10-2024T01:49:57 - [TEST_STEP][PASSED] - isRequiredTextPresent = true: null

05-10-2024T01:49:57 - [TEST_STEP][PASSED] - if (isRequiredTextPresent): null

05-10-2024T01:49:57 - [TEST_STEP][PASSED] - if (verifyTextPresent("Amount:", false)): null

05-10-2024T01:49:57 - [MESSAGE][PASSED] - Text 'Amount:' is present on page 

05-10-2024T01:49:57 - [TEST_STEP][PASSED] - isRequiredTextPresent = true: null

05-10-2024T01:49:57 - [TEST_STEP][PASSED] - if (isRequiredTextPresent): null

05-10-2024T01:49:57 - [TEST_STEP][PASSED] - if (verifyTextPresent("Transaction Type:", false)): null

05-10-2024T01:49:57 - [MESSAGE][PASSED] - Text 'Transaction Type:' is present on page 

05-10-2024T01:49:57 - [TEST_STEP][PASSED] - isRequiredTextPresent = true: null

05-10-2024T01:49:57 - [TEST_STEP][PASSED] - if (isRequiredTextPresent): null

05-10-2024T01:49:57 - [TEST_STEP][PASSED] - if (verifyTextPresent("Card Information:", false)): null

05-10-2024T01:49:57 - [MESSAGE][PASSED] - Text 'Card Information:' is present on page 

05-10-2024T01:49:57 - [TEST_STEP][PASSED] - isRequiredTextPresent = true: null

05-10-2024T01:49:57 - [TEST_STEP][PASSED] - if (isRequiredTextPresent): null

05-10-2024T01:49:57 - [TEST_STEP][PASSED] - if (verifyTextPresent("Billing Information:", false)): null

05-10-2024T01:49:58 - [MESSAGE][PASSED] - Text 'Billing Information:' is present on page 

05-10-2024T01:49:58 - [TEST_STEP][PASSED] - isRequiredTextPresent = true: null

05-10-2024T01:49:58 - [TEST_STEP][PASSED] - if (isRequiredTextPresent): null

05-10-2024T01:49:58 - [TEST_STEP][PASSED] - if (verifyTextPresent("Address Line 1:", false)): null

05-10-2024T01:49:58 - [MESSAGE][PASSED] - Text 'Address Line 1:' is present on page 

05-10-2024T01:49:58 - [TEST_STEP][PASSED] - isRequiredTextPresent = true: null

05-10-2024T01:49:58 - [TEST_STEP][PASSED] - if (isRequiredTextPresent): null

05-10-2024T01:49:58 - [TEST_STEP][PASSED] - if (verifyTextPresent("Address Line 2:", false)): null

05-10-2024T01:49:58 - [MESSAGE][PASSED] - Text 'Address Line 2:' is present on page 

05-10-2024T01:49:58 - [TEST_STEP][PASSED] - isRequiredTextPresent = true: null

05-10-2024T01:49:58 - [TEST_STEP][PASSED] - if (isRequiredTextPresent): null

05-10-2024T01:49:58 - [TEST_STEP][PASSED] - if (verifyTextPresent("Country:", false)): null

05-10-2024T01:49:59 - [MESSAGE][PASSED] - Text 'Country:' is present on page 

05-10-2024T01:49:59 - [TEST_STEP][PASSED] - isRequiredTextPresent = true: null

05-10-2024T01:49:59 - [TEST_STEP][PASSED] - if (isRequiredTextPresent): null

05-10-2024T01:49:59 - [TEST_STEP][PASSED] - if (verifyTextPresent("City:", false)): null

05-10-2024T01:49:59 - [MESSAGE][PASSED] - Text 'City:' is present on page 

05-10-2024T01:49:59 - [TEST_STEP][PASSED] - isRequiredTextPresent = true: null

05-10-2024T01:49:59 - [TEST_STEP][PASSED] - if (isRequiredTextPresent): null

05-10-2024T01:49:59 - [TEST_STEP][PASSED] - if (verifyTextPresent("State:", false)): null

05-10-2024T01:49:59 - [MESSAGE][PASSED] - Text 'State:' is present on page 

05-10-2024T01:49:59 - [TEST_STEP][PASSED] - isRequiredTextPresent = true: null

05-10-2024T01:49:59 - [TEST_STEP][PASSED] - if (isRequiredTextPresent): null

05-10-2024T01:49:59 - [TEST_STEP][PASSED] - if (verifyTextPresent("ZIP Code:", false)): null

05-10-2024T01:49:59 - [MESSAGE][PASSED] - Text 'ZIP Code:' is present on page 

05-10-2024T01:49:59 - [TEST_STEP][PASSED] - isRequiredTextPresent = true: null

05-10-2024T01:49:59 - [TEST_STEP][PASSED] - if (isRequiredTextPresent): null

05-10-2024T01:49:59 - [TEST_STEP][PASSED] - if (verifyTextPresent("Please click here to make another payment.", false)): null

05-10-2024T01:50:00 - [MESSAGE][PASSED] - Text 'Please click here to make another payment.' is present on page 

05-10-2024T01:50:00 - [TEST_STEP][PASSED] - isRequiredTextPresent = true: null

05-10-2024T01:50:00 - [TEST_STEP][PASSED] - if (isRequiredTextPresent == true): pages.WriteExcel.demoKey is PASSED

05-10-2024T01:50:00 - [TEST_STEP][PASSED] - println("All the relevant texts are present on Receipt Page"): null

05-10-2024T01:50:00 - [TEST_STEP][PASSED] - markPassed("All the relevant texts are present on Receipt Page"): All the relevant texts are present on Receipt Page

05-10-2024T01:50:00 - [MESSAGE][PASSED] - All the relevant texts are present on Receipt Page

05-10-2024T01:50:00 - [TEST_STEP][PASSED] - resText = "Pass": null

05-10-2024T01:50:00 - [TEST_STEP][PASSED] - pages.WriteExcel.demoKey(resText, datText, resColumn, datCloumn, fileLoc, nameSheet, row): pages.WriteExcel.demoKey is PASSED

05-10-2024T01:50:00 - [MESSAGE][PASSED] - pages.WriteExcel.demoKey is PASSED

05-10-2024T01:50:00 - [TEST_STEP][PASSED] - closeBrowser(): Browser is closed

05-10-2024T01:50:00 - [MESSAGE][PASSED] - Browser is closed]]></system-out>
         <system-err><![CDATA[]]></system-err>
      </testcase>
      <testcase name="Test Cases/IntegratedWeb/IWP25/Payments/VerifyReceiptPageLabelsCorp" time="72.995" classname="Test Cases/IntegratedWeb/IWP25/Payments/VerifyReceiptPageLabelsCorp" status="PASSED">
         <system-out><![CDATA[05-10-2024T01:50:00 - [TEST_CASE][PASSED] - Test Cases/IntegratedWeb/IWP25/Payments/VerifyReceiptPageLabelsCorp: Test Cases/IntegratedWeb/IWP25/Payments/VerifyReceiptPageLabelsCorp

05-10-2024T01:50:00 - [TEST_STEP][PASSED] - resText = "Fail": null

05-10-2024T01:50:00 - [TEST_STEP][PASSED] - resColumn = "Result": null

05-10-2024T01:50:00 - [TEST_STEP][PASSED] - datCloumn = "Date": null

05-10-2024T01:50:00 - [TEST_STEP][PASSED] - fileLoc = "KatalonData/IWPTestData/VRelay25Payments.xlsx": null

05-10-2024T01:50:00 - [TEST_STEP][PASSED] - numOfRows = <not implemented yet for class: org.codehaus.groovy.ast.expr.EmptyExpression>: null

05-10-2024T01:50:00 - [TEST_STEP][PASSED] - dataFile = <not implemented yet for class: org.codehaus.groovy.ast.expr.EmptyExpression>: null

05-10-2024T01:50:00 - [TEST_STEP][PASSED] - nameSheet = <not implemented yet for class: org.codehaus.groovy.ast.expr.EmptyExpression>: null

05-10-2024T01:50:00 - [TEST_STEP][PASSED] - dataFileEmulator = <not implemented yet for class: org.codehaus.groovy.ast.expr.EmptyExpression>: null

05-10-2024T01:50:00 - [TEST_STEP][PASSED] - isRequiredTextPresent = false: null

05-10-2024T01:50:00 - [TEST_STEP][PASSED] - nameSheet = "VerifyReceiptPageLabelsCorp": null

05-10-2024T01:50:00 - [TEST_STEP][PASSED] - dataFile = "IWPTestData/IWP25VerifyReceiptPageLabelsCorp": null

05-10-2024T01:50:00 - [TEST_STEP][PASSED] - dataFileEmulator = "IWPTestData/EmulatorData": null

05-10-2024T01:50:00 - [TEST_STEP][PASSED] - numOfRows = findTestData(dataFile).getRowNumbers(): null

05-10-2024T01:50:00 - [TEST_STEP][PASSED] - println("Number of Records: " + numOfRows): null

05-10-2024T01:50:00 - [TEST_STEP][PASSED] - for ([row = 1, row <= numOfRows, (row++)]): Browser is closed

05-10-2024T01:50:00 - [TEST_STEP][PASSED] - ExecuteTC = findTestData(dataFile).getValue("Execute", row): null

05-10-2024T01:50:00 - [TEST_STEP][PASSED] - out.println("Value of Execute is : " + ExecuteTC): null

05-10-2024T01:50:00 - [TEST_STEP][PASSED] - if (ExecuteTC.equalsIgnoreCase("Y")): pages.WriteExcel.demoKey is PASSED

05-10-2024T01:50:00 - [TEST_STEP][PASSED] - out.println("Begin Record Number: " + row): null

05-10-2024T01:50:00 - [TEST_STEP][PASSED] - today = new java.util.Date(): null

05-10-2024T01:50:00 - [TEST_STEP][PASSED] - println(today): null

05-10-2024T01:50:00 - [TEST_STEP][PASSED] - datText = today: null

05-10-2024T01:50:00 - [TEST_STEP][PASSED] - EmulatorDataKey = findTestData(dataFile).getValue("EmulatorData", row): null

05-10-2024T01:50:00 - [TEST_STEP][PASSED] - out.println("Value of Emulator Key is : " + EmulatorDataKey): null

05-10-2024T01:50:00 - [TEST_STEP][PASSED] - iwpPages.emulatorIWP30.setDataEmulator_DD(EmulatorDataKey): iwpPages.emulatorIWP30.setDataEmulator_DD is PASSED

05-10-2024T01:50:01 - [MESSAGE][INFO] - Starting 'Edge Chromium' driver

05-10-2024T01:50:01 - [MESSAGE][INFO] - User set preference: ['acceptInsecureCerts', 'true']

05-10-2024T01:50:03 - [MESSAGE][INFO] - Action delay is set to 0 milliseconds

05-10-2024T01:50:05 - [MESSAGE][PASSED] - Browser is opened with url: 'https://qa.velocitypayment.com/agency/config.do?action=editor&message_version=2_5'

05-10-2024T01:50:05 - [MESSAGE][PASSED] - Current window maximized

05-10-2024T01:50:06 - [MESSAGE][PASSED] - All options with value '2.5' are selected in object 'Object Repository/IWP30/Page_VRelay30Emulator/MV'  using regular expression

05-10-2024T01:50:07 - [MESSAGE][PASSED] - Text '10.50' is set on object 'Object Repository/IWP30/Page_VRelay30Emulator/Amount'

05-10-2024T01:50:08 - [MESSAGE][PASSED] - Text '2rwhZAFhR88h' is set on object 'Object Repository/IWP30/Page_VRelay30Emulator/CAN'

05-10-2024T01:50:08 - [MESSAGE][PASSED] - Text 'PayNow' is set on object 'Object Repository/IWP30/Page_VRelay30Emulator/Action'

05-10-2024T01:50:09 - [MESSAGE][PASSED] - Text 'en_US' is set on object 'Object Repository/IWP30/Page_VRelay30Emulator/Lang'

05-10-2024T01:50:10 - [MESSAGE][PASSED] - Text '' is set on object 'Object Repository/IWP30/Page_VRelay30Emulator/Fname'

05-10-2024T01:50:10 - [MESSAGE][PASSED] - Text '' is set on object 'Object Repository/IWP30/Page_VRelay30Emulator/Lname'

05-10-2024T01:50:11 - [MESSAGE][PASSED] - Text '' is set on object 'Object Repository/IWP30/Page_VRelay30Emulator/AL1'

05-10-2024T01:50:11 - [MESSAGE][PASSED] - Text '' is set on object 'Object Repository/IWP30/Page_VRelay30Emulator/AL2'

05-10-2024T01:50:12 - [MESSAGE][PASSED] - Text '' is set on object 'Object Repository/IWP30/Page_VRelay30Emulator/Country'

05-10-2024T01:50:13 - [MESSAGE][PASSED] - Text '' is set on object 'Object Repository/IWP30/Page_VRelay30Emulator/City'

05-10-2024T01:50:13 - [MESSAGE][PASSED] - Text '' is set on object 'Object Repository/IWP30/Page_VRelay30Emulator/State'

05-10-2024T01:50:14 - [MESSAGE][PASSED] - Text '' is set on object 'Object Repository/IWP30/Page_VRelay30Emulator/ZIP'

05-10-2024T01:50:14 - [MESSAGE][PASSED] - Text '' is set on object 'Object Repository/IWP30/Page_VRelay30Emulator/Order'

05-10-2024T01:50:15 - [MESSAGE][PASSED] - Text '' is set on object 'Object Repository/IWP30/Page_VRelay30Emulator/Company'

05-10-2024T01:50:15 - [MESSAGE][PASSED] - Text '' is set on object 'Object Repository/IWP30/Page_VRelay30Emulator/Email'

05-10-2024T01:50:16 - [MESSAGE][PASSED] - Text '' is set on object 'Object Repository/IWP30/Page_VRelay30Emulator/UDF1'

05-10-2024T01:50:16 - [MESSAGE][PASSED] - Text '' is set on object 'Object Repository/IWP30/Page_VRelay30Emulator/UDF2'

05-10-2024T01:50:17 - [MESSAGE][PASSED] - Text '' is set on object 'Object Repository/IWP30/Page_VRelay30Emulator/UDF3'

05-10-2024T01:50:18 - [MESSAGE][PASSED] - Text 'udf data 4' is set on object 'Object Repository/IWP30/Page_VRelay30Emulator/UDF4'

05-10-2024T01:50:18 - [MESSAGE][PASSED] - Text 'udf data 5' is set on object 'Object Repository/IWP30/Page_VRelay30Emulator/UDF5'

05-10-2024T01:50:19 - [MESSAGE][PASSED] - Text '' is set on object 'Object Repository/IWP30/Page_VRelay30Emulator/UDF6'

05-10-2024T01:50:19 - [MESSAGE][PASSED] - Text '' is set on object 'Object Repository/IWP30/Page_VRelay30Emulator/UDF7'

05-10-2024T01:50:20 - [MESSAGE][PASSED] - Text '' is set on object 'Object Repository/IWP30/Page_VRelay30Emulator/UDF8'

05-10-2024T01:50:21 - [MESSAGE][PASSED] - Text 'udf data 9' is set on object 'Object Repository/IWP30/Page_VRelay30Emulator/UDF9'

05-10-2024T01:50:21 - [MESSAGE][PASSED] - Text 'udf data 10' is set on object 'Object Repository/IWP30/Page_VRelay30Emulator/UDF10'

05-10-2024T01:50:23 - [MESSAGE][PASSED] - Object: 'Object Repository/IWP30/Page_VRelay30Emulator/Submit' is clicked on

05-10-2024T01:50:27 - [MESSAGE][PASSED] - Browser is closed

05-10-2024T01:50:31 - [MESSAGE][PASSED] - iwpPages.emulatorIWP30.setDataEmulator_DD is PASSED

05-10-2024T01:50:31 - [TEST_STEP][PASSED] - testHarnessURL = urlTestHarness: null

05-10-2024T01:50:31 - [TEST_STEP][PASSED] - openBrowser(testHarnessURL): Browser is opened with url: 'https://dev-algorithm.govolution.com/vrelaytest/QA/version_2_2/vrelaytest.html'

05-10-2024T01:50:31 - [MESSAGE][INFO] - Starting 'Edge Chromium' driver

05-10-2024T01:50:31 - [MESSAGE][INFO] - User set preference: ['acceptInsecureCerts', 'true']

05-10-2024T01:50:33 - [MESSAGE][INFO] - Action delay is set to 0 milliseconds

05-10-2024T01:50:36 - [MESSAGE][PASSED] - Browser is opened with url: 'https://dev-algorithm.govolution.com/vrelaytest/QA/version_2_2/vrelaytest.html'

05-10-2024T01:50:36 - [TEST_STEP][PASSED] - maximizeWindow(): Current window maximized

05-10-2024T01:50:37 - [MESSAGE][PASSED] - Current window maximized

05-10-2024T01:50:37 - [TEST_STEP][PASSED] - iwpPages.TestHarnessPage.setDataMethod(row, dataFile): iwpPages.TestHarnessPage.setDataMethod is PASSED

05-10-2024T01:50:37 - [MESSAGE][PASSED] - Object 'Object Repository/IWP30/Page_QATestHarness/RemittanceID' is present

05-10-2024T01:50:38 - [MESSAGE][PASSED] - Text '638' is set on object 'Object Repository/IWP30/Page_QATestHarness/ApplicationID'

05-10-2024T01:50:38 - [MESSAGE][PASSED] - Text '2.5' is set on object 'Object Repository/IWP30/Page_QATestHarness/MessageVersion'

05-10-2024T01:50:39 - [MESSAGE][PASSED] - Text '9Y0Q0UZQwtdR' is set on object 'Object Repository/IWP30/Page_QATestHarness/RemittanceID'

05-10-2024T01:50:42 - [MESSAGE][PASSED] - Object: 'Object Repository/IWP30/Page_QATestHarness/SubmitButton' is clicked on

05-10-2024T01:50:42 - [MESSAGE][PASSED] - iwpPages.TestHarnessPage.setDataMethod is PASSED

05-10-2024T01:50:42 - [TEST_STEP][PASSED] - click(findTestObject("Object Repository/IWP30/Page_SelectPaymentMethod/PayByCorporateCheck")): Object: 'Object Repository/IWP30/Page_SelectPaymentMethod/PayByCorporateCheck' is clicked on

05-10-2024T01:50:43 - [MESSAGE][PASSED] - Object: 'Object Repository/IWP30/Page_SelectPaymentMethod/PayByCorporateCheck' is clicked on

05-10-2024T01:50:43 - [TEST_STEP][PASSED] - click(findTestObject("Object Repository/IWP30/Page_SelectPaymentMethod/MakePaymentButton")): Object: 'Object Repository/IWP30/Page_SelectPaymentMethod/MakePaymentButton' is clicked on

05-10-2024T01:50:45 - [MESSAGE][PASSED] - Object: 'Object Repository/IWP30/Page_SelectPaymentMethod/MakePaymentButton' is clicked on

05-10-2024T01:50:45 - [TEST_STEP][PASSED] - iwpPages.achCorporatePaymentEntryPage.setDataCorporate(row, dataFile): iwpPages.achCorporatePaymentEntryPage.setDataCorporate is PASSED

05-10-2024T01:50:46 - [MESSAGE][PASSED] - Object 'Object Repository/IWP30/Page_ACHCorporatePaymentEntry/txt_accountNumber' is present

05-10-2024T01:50:46 - [MESSAGE][PASSED] - Object 'Object Repository/IWP30/Page_ACHCorporatePaymentEntry/input_CompanyName' is present

05-10-2024T01:50:47 - [MESSAGE][PASSED] - Text 'My Company' is set on object 'Object Repository/IWP30/Page_ACHCorporatePaymentEntry/input_CompanyName'

05-10-2024T01:50:47 - [MESSAGE][PASSED] - Object 'Object Repository/IWP30/Page_ACHCorporatePaymentEntry/input_EIN' is present

05-10-2024T01:50:47 - [MESSAGE][PASSED] - Text '10.50' is set on object 'Object Repository/IWP30/Page_ACHCorporatePaymentEntry/txt_Amount'

05-10-2024T01:50:48 - [MESSAGE][PASSED] - Text 'udf data 3' is set on object 'Object Repository/IWP30/Page_ACHCorporatePaymentEntry/txt_UDF3'

05-10-2024T01:50:49 - [MESSAGE][PASSED] - All options with label 'Soccer' are selected in object 'Object Repository/IWP30/Page_ACHCorporatePaymentEntry/dd_UDF8' 

05-10-2024T01:50:49 - [MESSAGE][PASSED] - Object 'Object Repository/IWP30/Page_ACHCorporatePaymentEntry/txt_routingNumber' is present

05-10-2024T01:50:49 - [MESSAGE][PASSED] - Text '256072691' is set on object 'Object Repository/IWP30/Page_ACHCorporatePaymentEntry/txt_routingNumber'

05-10-2024T01:50:50 - [MESSAGE][PASSED] - Object 'Object Repository/IWP30/Page_ACHCorporatePaymentEntry/txt_accountNumber' is present

05-10-2024T01:50:51 - [MESSAGE][PASSED] - Text '12344444' is set on object 'Object Repository/IWP30/Page_ACHCorporatePaymentEntry/txt_accountNumber'

05-10-2024T01:50:52 - [MESSAGE][PASSED] - Object 'Object Repository/IWP30/Page_ACHCorporatePaymentEntry/txt_confirmAccountNumber' is present

05-10-2024T01:50:52 - [MESSAGE][PASSED] - Text '12344444' is set on object 'Object Repository/IWP30/Page_ACHCorporatePaymentEntry/txt_confirmAccountNumber'

05-10-2024T01:50:53 - [MESSAGE][PASSED] - Text '365 Main Avenue' is set on object 'Object Repository/IWP30/Page_ACHCorporatePaymentEntry/txt_AL1'

05-10-2024T01:50:53 - [MESSAGE][PASSED] - Text '22201' is set on object 'Object Repository/IWP30/Page_ACHCorporatePaymentEntry/txt_ZIP'

05-10-2024T01:50:54 - [MESSAGE][PASSED] - Object 'Object Repository/IWP30/Page_ACHCorporatePaymentEntry/txt_Email' is present

05-10-2024T01:50:54 - [MESSAGE][PASSED] - Text 'iahmed@govolution.com' is set on object 'Object Repository/IWP30/Page_ACHCorporatePaymentEntry/txt_Email'

05-10-2024T01:50:55 - [MESSAGE][PASSED] - Object 'Object Repository/IWP30/Page_ACHCorporatePaymentEntry/cb_TermsAndCond' is present

05-10-2024T01:50:55 - [MESSAGE][PASSED] - Object: 'Object Repository/IWP30/Page_ACHCorporatePaymentEntry/cb_TermsAndCond' is clicked on

05-10-2024T01:50:55 - [MESSAGE][PASSED] - Object 'Object Repository/IWP30/Page_ACHCorporatePaymentEntry/btn_Continue' is present

05-10-2024T01:50:57 - [MESSAGE][PASSED] - Object: 'Object Repository/IWP30/Page_ACHCorporatePaymentEntry/btn_Continue' is clicked on

05-10-2024T01:50:57 - [MESSAGE][PASSED] - iwpPages.achCorporatePaymentEntryPage.setDataCorporate is PASSED

05-10-2024T01:50:57 - [TEST_STEP][PASSED] - click(findTestObject("Object Repository/IWP30/Page_Confirmation/ConfirmButton")): Object: 'Object Repository/IWP30/Page_Confirmation/ConfirmButton' is clicked on

05-10-2024T01:50:58 - [MESSAGE][PASSED] - Object: 'Object Repository/IWP30/Page_Confirmation/ConfirmButton' is clicked on

05-10-2024T01:50:58 - [TEST_STEP][PASSED] - Thread.sleep(5000): null

05-10-2024T01:51:03 - [TEST_STEP][PASSED] - if (verifyTextPresent("Make a Real Estate Payment", false)): null

05-10-2024T01:51:05 - [MESSAGE][PASSED] - Text 'Make a Real Estate Payment' is present on page 

05-10-2024T01:51:05 - [TEST_STEP][PASSED] - isRequiredTextPresent = true: null

05-10-2024T01:51:05 - [TEST_STEP][PASSED] - println(isRequiredTextPresent): null

05-10-2024T01:51:05 - [TEST_STEP][PASSED] - if (isRequiredTextPresent): null

05-10-2024T01:51:05 - [TEST_STEP][PASSED] - if (verifyTextPresent("Successful Payment Receipt", false)): null

05-10-2024T01:51:05 - [MESSAGE][PASSED] - Text 'Successful Payment Receipt' is present on page 

05-10-2024T01:51:05 - [TEST_STEP][PASSED] - isRequiredTextPresent = true: null

05-10-2024T01:51:05 - [TEST_STEP][PASSED] - println(isRequiredTextPresent): null

05-10-2024T01:51:05 - [TEST_STEP][PASSED] - if (isRequiredTextPresent): null

05-10-2024T01:51:05 - [TEST_STEP][PASSED] - if (verifyTextPresent("Please print this receipt for your records", false)): null

05-10-2024T01:51:05 - [MESSAGE][PASSED] - Text 'Please print this receipt for your records' is present on page 

05-10-2024T01:51:05 - [TEST_STEP][PASSED] - isRequiredTextPresent = true: null

05-10-2024T01:51:05 - [TEST_STEP][PASSED] - if (isRequiredTextPresent): null

05-10-2024T01:51:05 - [TEST_STEP][PASSED] - if (verifyTextPresent("Remittance ID:", false)): null

05-10-2024T01:51:05 - [MESSAGE][PASSED] - Text 'Remittance ID:' is present on page 

05-10-2024T01:51:05 - [TEST_STEP][PASSED] - isRequiredTextPresent = true: null

05-10-2024T01:51:05 - [TEST_STEP][PASSED] - if (isRequiredTextPresent): null

05-10-2024T01:51:05 - [TEST_STEP][PASSED] - if (verifyTextPresent("Payment ID:", false)): null

05-10-2024T01:51:06 - [MESSAGE][PASSED] - Text 'Payment ID:' is present on page 

05-10-2024T01:51:06 - [TEST_STEP][PASSED] - isRequiredTextPresent = true: null

05-10-2024T01:51:06 - [TEST_STEP][PASSED] - if (isRequiredTextPresent): null

05-10-2024T01:51:06 - [TEST_STEP][PASSED] - if (verifyTextPresent("CAN Label:", false)): null

05-10-2024T01:51:06 - [MESSAGE][PASSED] - Text 'CAN Label:' is present on page 

05-10-2024T01:51:06 - [TEST_STEP][PASSED] - isRequiredTextPresent = true: null

05-10-2024T01:51:06 - [TEST_STEP][PASSED] - if (isRequiredTextPresent): null

05-10-2024T01:51:06 - [TEST_STEP][PASSED] - if (verifyTextPresent("Received:", false)): null

05-10-2024T01:51:06 - [MESSAGE][PASSED] - Text 'Received:' is present on page 

05-10-2024T01:51:06 - [TEST_STEP][PASSED] - isRequiredTextPresent = true: null

05-10-2024T01:51:06 - [TEST_STEP][PASSED] - if (isRequiredTextPresent): null

05-10-2024T01:51:06 - [TEST_STEP][PASSED] - if (verifyTextPresent("UDF1 Label:", false)): null

05-10-2024T01:51:07 - [MESSAGE][PASSED] - Text 'UDF1 Label:' is present on page 

05-10-2024T01:51:07 - [TEST_STEP][PASSED] - isRequiredTextPresent = true: null

05-10-2024T01:51:07 - [TEST_STEP][PASSED] - if (isRequiredTextPresent): null

05-10-2024T01:51:07 - [TEST_STEP][PASSED] - if (verifyTextPresent("UDF2 Label:", false)): null

05-10-2024T01:51:07 - [MESSAGE][PASSED] - Text 'UDF2 Label:' is present on page 

05-10-2024T01:51:07 - [TEST_STEP][PASSED] - isRequiredTextPresent = true: null

05-10-2024T01:51:07 - [TEST_STEP][PASSED] - if (isRequiredTextPresent): null

05-10-2024T01:51:07 - [TEST_STEP][PASSED] - if (verifyTextPresent("UDF3 Label:", false)): null

05-10-2024T01:51:07 - [MESSAGE][PASSED] - Text 'UDF3 Label:' is present on page 

05-10-2024T01:51:07 - [TEST_STEP][PASSED] - isRequiredTextPresent = true: null

05-10-2024T01:51:07 - [TEST_STEP][PASSED] - if (isRequiredTextPresent): null

05-10-2024T01:51:07 - [TEST_STEP][PASSED] - if (verifyTextPresent("UDF4 Label:", false)): null

05-10-2024T01:51:07 - [MESSAGE][PASSED] - Text 'UDF4 Label:' is present on page 

05-10-2024T01:51:07 - [TEST_STEP][PASSED] - isRequiredTextPresent = true: null

05-10-2024T01:51:07 - [TEST_STEP][PASSED] - if (isRequiredTextPresent): null

05-10-2024T01:51:07 - [TEST_STEP][PASSED] - if (verifyTextPresent("UDF6 Label:", false)): null

05-10-2024T01:51:08 - [MESSAGE][PASSED] - Text 'UDF6 Label:' is present on page 

05-10-2024T01:51:08 - [TEST_STEP][PASSED] - isRequiredTextPresent = true: null

05-10-2024T01:51:08 - [TEST_STEP][PASSED] - if (isRequiredTextPresent): null

05-10-2024T01:51:08 - [TEST_STEP][PASSED] - if (verifyTextPresent("UDF7 Label:", false)): null

05-10-2024T01:51:08 - [MESSAGE][PASSED] - Text 'UDF7 Label:' is present on page 

05-10-2024T01:51:08 - [TEST_STEP][PASSED] - isRequiredTextPresent = true: null

05-10-2024T01:51:08 - [TEST_STEP][PASSED] - if (isRequiredTextPresent): null

05-10-2024T01:51:08 - [TEST_STEP][PASSED] - if (verifyTextPresent("UDF8 Label:", false)): null

05-10-2024T01:51:08 - [MESSAGE][PASSED] - Text 'UDF8 Label:' is present on page 

05-10-2024T01:51:08 - [TEST_STEP][PASSED] - isRequiredTextPresent = true: null

05-10-2024T01:51:08 - [TEST_STEP][PASSED] - if (isRequiredTextPresent): null

05-10-2024T01:51:08 - [TEST_STEP][PASSED] - if (verifyTextPresent("UDF9 Label:", false)): null

05-10-2024T01:51:08 - [MESSAGE][PASSED] - Text 'UDF9 Label:' is present on page 

05-10-2024T01:51:08 - [TEST_STEP][PASSED] - isRequiredTextPresent = true: null

05-10-2024T01:51:08 - [TEST_STEP][PASSED] - if (isRequiredTextPresent): null

05-10-2024T01:51:08 - [TEST_STEP][PASSED] - if (verifyTextPresent("Tax Amount:", false)): null

05-10-2024T01:51:09 - [MESSAGE][PASSED] - Text 'Tax Amount:' is present on page 

05-10-2024T01:51:09 - [TEST_STEP][PASSED] - isRequiredTextPresent = true: null

05-10-2024T01:51:09 - [TEST_STEP][PASSED] - if (isRequiredTextPresent): null

05-10-2024T01:51:09 - [TEST_STEP][PASSED] - if (verifyTextPresent("Amount:", false)): null

05-10-2024T01:51:09 - [MESSAGE][PASSED] - Text 'Amount:' is present on page 

05-10-2024T01:51:09 - [TEST_STEP][PASSED] - isRequiredTextPresent = true: null

05-10-2024T01:51:09 - [TEST_STEP][PASSED] - if (isRequiredTextPresent): null

05-10-2024T01:51:09 - [TEST_STEP][PASSED] - if (verifyTextPresent("Transaction Type:", false)): null

05-10-2024T01:51:09 - [MESSAGE][PASSED] - Text 'Transaction Type:' is present on page 

05-10-2024T01:51:09 - [TEST_STEP][PASSED] - isRequiredTextPresent = true: null

05-10-2024T01:51:09 - [TEST_STEP][PASSED] - if (isRequiredTextPresent): null

05-10-2024T01:51:09 - [TEST_STEP][PASSED] - if (verifyTextPresent("Check Information:", false)): null

05-10-2024T01:51:10 - [MESSAGE][PASSED] - Text 'Check Information:' is present on page 

05-10-2024T01:51:10 - [TEST_STEP][PASSED] - isRequiredTextPresent = true: null

05-10-2024T01:51:10 - [TEST_STEP][PASSED] - if (isRequiredTextPresent): null

05-10-2024T01:51:10 - [TEST_STEP][PASSED] - if (verifyTextPresent("Company's Name:", false)): null

05-10-2024T01:51:10 - [MESSAGE][PASSED] - Text 'Company's Name:' is present on page 

05-10-2024T01:51:10 - [TEST_STEP][PASSED] - isRequiredTextPresent = true: null

05-10-2024T01:51:10 - [TEST_STEP][PASSED] - if (isRequiredTextPresent): null

05-10-2024T01:51:10 - [TEST_STEP][PASSED] - if (verifyTextPresent("Routing Number:", false)): null

05-10-2024T01:51:10 - [MESSAGE][PASSED] - Text 'Routing Number:' is present on page 

05-10-2024T01:51:10 - [TEST_STEP][PASSED] - isRequiredTextPresent = true: null

05-10-2024T01:51:10 - [TEST_STEP][PASSED] - if (isRequiredTextPresent): null

05-10-2024T01:51:10 - [TEST_STEP][PASSED] - if (verifyTextPresent("Account Number:", false)): null

05-10-2024T01:51:10 - [MESSAGE][PASSED] - Text 'Account Number:' is present on page 

05-10-2024T01:51:10 - [TEST_STEP][PASSED] - isRequiredTextPresent = true: null

05-10-2024T01:51:10 - [TEST_STEP][PASSED] - if (isRequiredTextPresent): null

05-10-2024T01:51:10 - [TEST_STEP][PASSED] - if (verifyTextPresent("Account Type:", false)): null

05-10-2024T01:51:11 - [MESSAGE][PASSED] - Text 'Account Type:' is present on page 

05-10-2024T01:51:11 - [TEST_STEP][PASSED] - isRequiredTextPresent = true: null

05-10-2024T01:51:11 - [TEST_STEP][PASSED] - if (isRequiredTextPresent): null

05-10-2024T01:51:11 - [TEST_STEP][PASSED] - if (verifyTextPresent("Billing Information:", false)): null

05-10-2024T01:51:11 - [MESSAGE][PASSED] - Text 'Billing Information:' is present on page 

05-10-2024T01:51:11 - [TEST_STEP][PASSED] - isRequiredTextPresent = true: null

05-10-2024T01:51:11 - [TEST_STEP][PASSED] - if (isRequiredTextPresent): null

05-10-2024T01:51:11 - [TEST_STEP][PASSED] - if (verifyTextPresent("Address Line 1:", false)): null

05-10-2024T01:51:11 - [MESSAGE][PASSED] - Text 'Address Line 1:' is present on page 

05-10-2024T01:51:11 - [TEST_STEP][PASSED] - isRequiredTextPresent = true: null

05-10-2024T01:51:11 - [TEST_STEP][PASSED] - if (isRequiredTextPresent): null

05-10-2024T01:51:11 - [TEST_STEP][PASSED] - if (verifyTextPresent("Country:", false)): null

05-10-2024T01:51:11 - [MESSAGE][PASSED] - Text 'Country:' is present on page 

05-10-2024T01:51:11 - [TEST_STEP][PASSED] - isRequiredTextPresent = true: null

05-10-2024T01:51:11 - [TEST_STEP][PASSED] - if (isRequiredTextPresent): null

05-10-2024T01:51:11 - [TEST_STEP][PASSED] - if (verifyTextPresent("City:", false)): null

05-10-2024T01:51:12 - [MESSAGE][PASSED] - Text 'City:' is present on page 

05-10-2024T01:51:12 - [TEST_STEP][PASSED] - isRequiredTextPresent = true: null

05-10-2024T01:51:12 - [TEST_STEP][PASSED] - if (isRequiredTextPresent): null

05-10-2024T01:51:12 - [TEST_STEP][PASSED] - if (verifyTextPresent("State:", false)): null

05-10-2024T01:51:12 - [MESSAGE][PASSED] - Text 'State:' is present on page 

05-10-2024T01:51:12 - [TEST_STEP][PASSED] - isRequiredTextPresent = true: null

05-10-2024T01:51:12 - [TEST_STEP][PASSED] - if (isRequiredTextPresent): null

05-10-2024T01:51:12 - [TEST_STEP][PASSED] - if (verifyTextPresent("ZIP Code:", false)): null

05-10-2024T01:51:12 - [MESSAGE][PASSED] - Text 'ZIP Code:' is present on page 

05-10-2024T01:51:12 - [TEST_STEP][PASSED] - isRequiredTextPresent = true: null

05-10-2024T01:51:12 - [TEST_STEP][PASSED] - if (isRequiredTextPresent): null

05-10-2024T01:51:12 - [TEST_STEP][PASSED] - if (verifyTextPresent("Please click here to make another payment.", false)): null

05-10-2024T01:51:12 - [MESSAGE][PASSED] - Text 'Please click here to make another payment.' is present on page 

05-10-2024T01:51:12 - [TEST_STEP][PASSED] - isRequiredTextPresent = true: null

05-10-2024T01:51:12 - [TEST_STEP][PASSED] - if (isRequiredTextPresent == true): pages.WriteExcel.demoKey is PASSED

05-10-2024T01:51:12 - [TEST_STEP][PASSED] - println("All the relevant texts are present on Receipt Page"): null

05-10-2024T01:51:12 - [TEST_STEP][PASSED] - markPassed("All the relevant texts are present on Receipt Page"): All the relevant texts are present on Receipt Page

05-10-2024T01:51:12 - [MESSAGE][PASSED] - All the relevant texts are present on Receipt Page

05-10-2024T01:51:12 - [TEST_STEP][PASSED] - resText = "Pass": null

05-10-2024T01:51:12 - [TEST_STEP][PASSED] - pages.WriteExcel.demoKey(resText, datText, resColumn, datCloumn, fileLoc, nameSheet, row): pages.WriteExcel.demoKey is PASSED

05-10-2024T01:51:13 - [MESSAGE][PASSED] - pages.WriteExcel.demoKey is PASSED

05-10-2024T01:51:13 - [TEST_STEP][PASSED] - closeBrowser(): Browser is closed

05-10-2024T01:51:13 - [MESSAGE][PASSED] - Browser is closed]]></system-out>
         <system-err><![CDATA[]]></system-err>
      </testcase>
      <testcase name="Test Cases/IntegratedWeb/IWP25/Payments/VerifyReceiptPageLabelsPC" time="82.408" classname="Test Cases/IntegratedWeb/IWP25/Payments/VerifyReceiptPageLabelsPC" status="PASSED">
         <system-out><![CDATA[05-10-2024T01:51:13 - [TEST_CASE][PASSED] - Test Cases/IntegratedWeb/IWP25/Payments/VerifyReceiptPageLabelsPC: Test Cases/IntegratedWeb/IWP25/Payments/VerifyReceiptPageLabelsPC

05-10-2024T01:51:13 - [TEST_STEP][PASSED] - resText = "Fail": null

05-10-2024T01:51:13 - [TEST_STEP][PASSED] - resColumn = "Result": null

05-10-2024T01:51:13 - [TEST_STEP][PASSED] - datCloumn = "Date": null

05-10-2024T01:51:13 - [TEST_STEP][PASSED] - fileLoc = "KatalonData/IWPTestData/VRelay25Payments.xlsx": null

05-10-2024T01:51:13 - [TEST_STEP][PASSED] - numOfRows = <not implemented yet for class: org.codehaus.groovy.ast.expr.EmptyExpression>: null

05-10-2024T01:51:13 - [TEST_STEP][PASSED] - dataFile = <not implemented yet for class: org.codehaus.groovy.ast.expr.EmptyExpression>: null

05-10-2024T01:51:13 - [TEST_STEP][PASSED] - nameSheet = <not implemented yet for class: org.codehaus.groovy.ast.expr.EmptyExpression>: null

05-10-2024T01:51:13 - [TEST_STEP][PASSED] - dataFileEmulator = <not implemented yet for class: org.codehaus.groovy.ast.expr.EmptyExpression>: null

05-10-2024T01:51:13 - [TEST_STEP][PASSED] - isRequiredTextPresent = false: null

05-10-2024T01:51:13 - [TEST_STEP][PASSED] - nameSheet = "VerifyReceiptPageLabelsPC": null

05-10-2024T01:51:13 - [TEST_STEP][PASSED] - dataFile = "IWPTestData/IWP25VerifyReceiptPageLabelsPC": null

05-10-2024T01:51:13 - [TEST_STEP][PASSED] - dataFileEmulator = "IWPTestData/EmulatorData": null

05-10-2024T01:51:13 - [TEST_STEP][PASSED] - numOfRows = findTestData(dataFile).getRowNumbers(): null

05-10-2024T01:51:13 - [TEST_STEP][PASSED] - println("Number of Records: " + numOfRows): null

05-10-2024T01:51:13 - [TEST_STEP][PASSED] - for ([row = 1, row <= numOfRows, (row++)]): Browser is closed

05-10-2024T01:51:13 - [TEST_STEP][PASSED] - ExecuteTC = findTestData(dataFile).getValue("Execute", row): null

05-10-2024T01:51:13 - [TEST_STEP][PASSED] - out.println("Value of Execute is : " + ExecuteTC): null

05-10-2024T01:51:13 - [TEST_STEP][PASSED] - if (ExecuteTC.equalsIgnoreCase("Y")): pages.WriteExcel.demoKey is PASSED

05-10-2024T01:51:13 - [TEST_STEP][PASSED] - out.println("Begin Record Number: " + row): null

05-10-2024T01:51:13 - [TEST_STEP][PASSED] - today = new java.util.Date(): null

05-10-2024T01:51:13 - [TEST_STEP][PASSED] - println(today): null

05-10-2024T01:51:13 - [TEST_STEP][PASSED] - datText = today: null

05-10-2024T01:51:13 - [TEST_STEP][PASSED] - EmulatorDataKey = findTestData(dataFile).getValue("EmulatorData", row): null

05-10-2024T01:51:13 - [TEST_STEP][PASSED] - out.println("Value of Emulator Key is : " + EmulatorDataKey): null

05-10-2024T01:51:13 - [TEST_STEP][PASSED] - iwpPages.emulatorIWP30.setDataEmulator_DD(EmulatorDataKey): iwpPages.emulatorIWP30.setDataEmulator_DD is PASSED

05-10-2024T01:51:14 - [MESSAGE][INFO] - Starting 'Edge Chromium' driver

05-10-2024T01:51:14 - [MESSAGE][INFO] - User set preference: ['acceptInsecureCerts', 'true']

05-10-2024T01:51:16 - [MESSAGE][INFO] - Action delay is set to 0 milliseconds

05-10-2024T01:51:19 - [MESSAGE][PASSED] - Browser is opened with url: 'https://qa.velocitypayment.com/agency/config.do?action=editor&message_version=2_5'

05-10-2024T01:51:19 - [MESSAGE][PASSED] - Current window maximized

05-10-2024T01:51:20 - [MESSAGE][PASSED] - All options with value '2.5' are selected in object 'Object Repository/IWP30/Page_VRelay30Emulator/MV'  using regular expression

05-10-2024T01:51:21 - [MESSAGE][PASSED] - Text '10.50' is set on object 'Object Repository/IWP30/Page_VRelay30Emulator/Amount'

05-10-2024T01:51:21 - [MESSAGE][PASSED] - Text 'kXcR5ZAGtrFe' is set on object 'Object Repository/IWP30/Page_VRelay30Emulator/CAN'

05-10-2024T01:51:22 - [MESSAGE][PASSED] - Text 'PayNow' is set on object 'Object Repository/IWP30/Page_VRelay30Emulator/Action'

05-10-2024T01:51:22 - [MESSAGE][PASSED] - Text 'en_US' is set on object 'Object Repository/IWP30/Page_VRelay30Emulator/Lang'

05-10-2024T01:51:23 - [MESSAGE][PASSED] - Text '' is set on object 'Object Repository/IWP30/Page_VRelay30Emulator/Fname'

05-10-2024T01:51:24 - [MESSAGE][PASSED] - Text '' is set on object 'Object Repository/IWP30/Page_VRelay30Emulator/Lname'

05-10-2024T01:51:24 - [MESSAGE][PASSED] - Text '' is set on object 'Object Repository/IWP30/Page_VRelay30Emulator/AL1'

05-10-2024T01:51:25 - [MESSAGE][PASSED] - Text '' is set on object 'Object Repository/IWP30/Page_VRelay30Emulator/AL2'

05-10-2024T01:51:25 - [MESSAGE][PASSED] - Text '' is set on object 'Object Repository/IWP30/Page_VRelay30Emulator/Country'

05-10-2024T01:51:26 - [MESSAGE][PASSED] - Text '' is set on object 'Object Repository/IWP30/Page_VRelay30Emulator/City'

05-10-2024T01:51:26 - [MESSAGE][PASSED] - Text '' is set on object 'Object Repository/IWP30/Page_VRelay30Emulator/State'

05-10-2024T01:51:27 - [MESSAGE][PASSED] - Text '' is set on object 'Object Repository/IWP30/Page_VRelay30Emulator/ZIP'

05-10-2024T01:51:28 - [MESSAGE][PASSED] - Text '' is set on object 'Object Repository/IWP30/Page_VRelay30Emulator/Order'

05-10-2024T01:51:28 - [MESSAGE][PASSED] - Text '' is set on object 'Object Repository/IWP30/Page_VRelay30Emulator/Company'

05-10-2024T01:51:29 - [MESSAGE][PASSED] - Text '' is set on object 'Object Repository/IWP30/Page_VRelay30Emulator/Email'

05-10-2024T01:51:29 - [MESSAGE][PASSED] - Text '' is set on object 'Object Repository/IWP30/Page_VRelay30Emulator/UDF1'

05-10-2024T01:51:30 - [MESSAGE][PASSED] - Text '' is set on object 'Object Repository/IWP30/Page_VRelay30Emulator/UDF2'

05-10-2024T01:51:30 - [MESSAGE][PASSED] - Text '' is set on object 'Object Repository/IWP30/Page_VRelay30Emulator/UDF3'

05-10-2024T01:51:31 - [MESSAGE][PASSED] - Text 'udf data 4' is set on object 'Object Repository/IWP30/Page_VRelay30Emulator/UDF4'

05-10-2024T01:51:32 - [MESSAGE][PASSED] - Text 'udf data 5' is set on object 'Object Repository/IWP30/Page_VRelay30Emulator/UDF5'

05-10-2024T01:51:32 - [MESSAGE][PASSED] - Text '' is set on object 'Object Repository/IWP30/Page_VRelay30Emulator/UDF6'

05-10-2024T01:51:33 - [MESSAGE][PASSED] - Text '' is set on object 'Object Repository/IWP30/Page_VRelay30Emulator/UDF7'

05-10-2024T01:51:33 - [MESSAGE][PASSED] - Text '' is set on object 'Object Repository/IWP30/Page_VRelay30Emulator/UDF8'

05-10-2024T01:51:34 - [MESSAGE][PASSED] - Text 'udf data 9' is set on object 'Object Repository/IWP30/Page_VRelay30Emulator/UDF9'

05-10-2024T01:51:35 - [MESSAGE][PASSED] - Text 'udf data 10' is set on object 'Object Repository/IWP30/Page_VRelay30Emulator/UDF10'

05-10-2024T01:51:36 - [MESSAGE][PASSED] - Object: 'Object Repository/IWP30/Page_VRelay30Emulator/Submit' is clicked on

05-10-2024T01:51:40 - [MESSAGE][PASSED] - Browser is closed

05-10-2024T01:51:44 - [MESSAGE][PASSED] - iwpPages.emulatorIWP30.setDataEmulator_DD is PASSED

05-10-2024T01:51:44 - [TEST_STEP][PASSED] - testHarnessURL = urlTestHarness: null

05-10-2024T01:51:44 - [TEST_STEP][PASSED] - openBrowser(testHarnessURL): Browser is opened with url: 'https://dev-algorithm.govolution.com/vrelaytest/QA/version_2_2/vrelaytest.html'

05-10-2024T01:51:44 - [MESSAGE][INFO] - Starting 'Edge Chromium' driver

05-10-2024T01:51:44 - [MESSAGE][INFO] - User set preference: ['acceptInsecureCerts', 'true']

05-10-2024T01:51:46 - [MESSAGE][INFO] - Action delay is set to 0 milliseconds

05-10-2024T01:51:50 - [MESSAGE][PASSED] - Browser is opened with url: 'https://dev-algorithm.govolution.com/vrelaytest/QA/version_2_2/vrelaytest.html'

05-10-2024T01:51:50 - [TEST_STEP][PASSED] - maximizeWindow(): Current window maximized

05-10-2024T01:51:50 - [MESSAGE][PASSED] - Current window maximized

05-10-2024T01:51:50 - [TEST_STEP][PASSED] - iwpPages.TestHarnessPage.setDataMethod(row, dataFile): iwpPages.TestHarnessPage.setDataMethod is PASSED

05-10-2024T01:51:50 - [MESSAGE][PASSED] - Object 'Object Repository/IWP30/Page_QATestHarness/RemittanceID' is present

05-10-2024T01:51:51 - [MESSAGE][PASSED] - Text '638' is set on object 'Object Repository/IWP30/Page_QATestHarness/ApplicationID'

05-10-2024T01:51:51 - [MESSAGE][PASSED] - Text '2.5' is set on object 'Object Repository/IWP30/Page_QATestHarness/MessageVersion'

05-10-2024T01:51:52 - [MESSAGE][PASSED] - Text 'YBYe6tAPcYGN' is set on object 'Object Repository/IWP30/Page_QATestHarness/RemittanceID'

05-10-2024T01:51:55 - [MESSAGE][PASSED] - Object: 'Object Repository/IWP30/Page_QATestHarness/SubmitButton' is clicked on

05-10-2024T01:51:55 - [MESSAGE][PASSED] - iwpPages.TestHarnessPage.setDataMethod is PASSED

05-10-2024T01:51:55 - [TEST_STEP][PASSED] - click(findTestObject("Object Repository/IWP30/Page_SelectPaymentMethod/PayByPersonalCheck")): Object: 'Object Repository/IWP30/Page_SelectPaymentMethod/PayByPersonalCheck' is clicked on

05-10-2024T01:51:55 - [MESSAGE][PASSED] - Object: 'Object Repository/IWP30/Page_SelectPaymentMethod/PayByPersonalCheck' is clicked on

05-10-2024T01:51:55 - [TEST_STEP][PASSED] - click(findTestObject("Object Repository/IWP30/Page_SelectPaymentMethod/MakePaymentButton")): Object: 'Object Repository/IWP30/Page_SelectPaymentMethod/MakePaymentButton' is clicked on

05-10-2024T01:51:57 - [MESSAGE][PASSED] - Object: 'Object Repository/IWP30/Page_SelectPaymentMethod/MakePaymentButton' is clicked on

05-10-2024T01:51:57 - [TEST_STEP][PASSED] - iwpPages.achPersonalPaymentEntryPage.setDataACHPPM(row, dataFile): iwpPages.achPersonalPaymentEntryPage.setDataACHPPM is PASSED

05-10-2024T01:51:58 - [MESSAGE][PASSED] - Object 'Object Repository/IWP30/Page_ACHPersonalPaymentEntry/txt_accountNumber' is present

05-10-2024T01:51:58 - [MESSAGE][PASSED] - Text '10.50' is set on object 'Object Repository/IWP30/Page_ACHPersonalPaymentEntry/txt_Amount'

05-10-2024T01:51:58 - [MESSAGE][PASSED] - Object 'Object Repository/IWP30/Page_ACHPersonalPaymentEntry/txt_UDF2' is present

05-10-2024T01:51:59 - [MESSAGE][PASSED] - Text 'udf data 2' is set on object 'Object Repository/IWP30/Page_ACHPersonalPaymentEntry/txt_UDF2'

05-10-2024T01:52:00 - [MESSAGE][PASSED] - Text 'udf data 3' is set on object 'Object Repository/IWP30/Page_ACHPersonalPaymentEntry/txt_UDF3'

05-10-2024T01:52:00 - [MESSAGE][PASSED] - All options with label 'Orange' are selected in object 'Object Repository/IWP30/Page_ACHPersonalPaymentEntry/dd_UDF7' 

05-10-2024T01:52:01 - [MESSAGE][PASSED] - All options with label 'Soccer' are selected in object 'Object Repository/IWP30/Page_ACHPersonalPaymentEntry/dd_UDF8' 

05-10-2024T01:52:01 - [MESSAGE][PASSED] - Object 'Object Repository/IWP30/Page_ACHPersonalPaymentEntry/txt_Firstname' is present

05-10-2024T01:52:02 - [MESSAGE][PASSED] - Text 'Curlonty' is set on object 'Object Repository/IWP30/Page_ACHPersonalPaymentEntry/txt_Firstname'

05-10-2024T01:52:02 - [MESSAGE][PASSED] - Object 'Object Repository/IWP30/Page_ACHPersonalPaymentEntry/txt_Lastname' is present

05-10-2024T01:52:02 - [MESSAGE][PASSED] - Text 'Lachuga' is set on object 'Object Repository/IWP30/Page_ACHPersonalPaymentEntry/txt_Lastname'

05-10-2024T01:52:03 - [MESSAGE][PASSED] - Object 'Object Repository/IWP30/Page_ACHPersonalPaymentEntry/txt_routingNumber' is present

05-10-2024T01:52:03 - [MESSAGE][PASSED] - Text '256072691' is set on object 'Object Repository/IWP30/Page_ACHPersonalPaymentEntry/txt_routingNumber'

05-10-2024T01:52:04 - [MESSAGE][PASSED] - Object 'Object Repository/IWP30/Page_ACHPersonalPaymentEntry/txt_accountNumber' is present

05-10-2024T01:52:05 - [MESSAGE][PASSED] - Text '12342222' is set on object 'Object Repository/IWP30/Page_ACHPersonalPaymentEntry/txt_accountNumber'

05-10-2024T01:52:05 - [MESSAGE][PASSED] - Object 'Object Repository/IWP30/Page_ACHPersonalPaymentEntry/txt_confirmAccountNumber' is present

05-10-2024T01:52:06 - [MESSAGE][PASSED] - Text '12342222' is set on object 'Object Repository/IWP30/Page_ACHPersonalPaymentEntry/txt_confirmAccountNumber'

05-10-2024T01:52:06 - [MESSAGE][PASSED] - Object 'Object Repository/IWP30/Page_ACHPersonalPaymentEntry/rd_accountType' is present

05-10-2024T01:52:06 - [MESSAGE][PASSED] - Modify property of object successfully

05-10-2024T01:52:07 - [MESSAGE][PASSED] - Object: 'Object Repository/IWP30/Page_ACHPersonalPaymentEntry/rd_accountType' is clicked on

05-10-2024T01:52:07 - [MESSAGE][PASSED] - Text '365 Main Avenue' is set on object 'Object Repository/IWP30/Page_ACHPersonalPaymentEntry/txt_AL1'

05-10-2024T01:52:08 - [MESSAGE][PASSED] - Text '22201' is set on object 'Object Repository/IWP30/Page_ACHPersonalPaymentEntry/txt_ZIP'

05-10-2024T01:52:08 - [MESSAGE][PASSED] - Object 'Object Repository/IWP30/Page_ACHPersonalPaymentEntry/txt_Email' is present

05-10-2024T01:52:09 - [MESSAGE][PASSED] - Text 'iahmed@govolution.com' is set on object 'Object Repository/IWP30/Page_ACHPersonalPaymentEntry/txt_Email'

05-10-2024T01:52:09 - [MESSAGE][PASSED] - Object 'Object Repository/IWP30/Page_ACHPersonalPaymentEntry/cb_TermsAndCond' is present

05-10-2024T01:52:09 - [MESSAGE][PASSED] - Object: 'Object Repository/IWP30/Page_ACHPersonalPaymentEntry/cb_TermsAndCond' is clicked on

05-10-2024T01:52:10 - [MESSAGE][PASSED] - Object 'Object Repository/IWP30/Page_ACHPersonalPaymentEntry/btn_Continue' is present

05-10-2024T01:52:11 - [MESSAGE][PASSED] - Object: 'Object Repository/IWP30/Page_ACHPersonalPaymentEntry/btn_Continue' is clicked on

05-10-2024T01:52:11 - [MESSAGE][PASSED] - iwpPages.achPersonalPaymentEntryPage.setDataACHPPM is PASSED

05-10-2024T01:52:11 - [TEST_STEP][PASSED] - click(findTestObject("Object Repository/IWP30/Page_Confirmation/ConfirmButton")): Object: 'Object Repository/IWP30/Page_Confirmation/ConfirmButton' is clicked on

05-10-2024T01:52:12 - [MESSAGE][PASSED] - Object: 'Object Repository/IWP30/Page_Confirmation/ConfirmButton' is clicked on

05-10-2024T01:52:12 - [TEST_STEP][PASSED] - Thread.sleep(15000): null

05-10-2024T01:52:27 - [TEST_STEP][PASSED] - if (verifyTextPresent("Make a Real Estate Payment", false)): null

05-10-2024T01:52:27 - [MESSAGE][PASSED] - Text 'Make a Real Estate Payment' is present on page 

05-10-2024T01:52:27 - [TEST_STEP][PASSED] - isRequiredTextPresent = true: null

05-10-2024T01:52:27 - [TEST_STEP][PASSED] - println(isRequiredTextPresent): null

05-10-2024T01:52:27 - [TEST_STEP][PASSED] - if (isRequiredTextPresent): null

05-10-2024T01:52:27 - [TEST_STEP][PASSED] - if (verifyTextPresent("Successful Payment Receipt", false)): null

05-10-2024T01:52:28 - [MESSAGE][PASSED] - Text 'Successful Payment Receipt' is present on page 

05-10-2024T01:52:28 - [TEST_STEP][PASSED] - isRequiredTextPresent = true: null

05-10-2024T01:52:28 - [TEST_STEP][PASSED] - println(isRequiredTextPresent): null

05-10-2024T01:52:28 - [TEST_STEP][PASSED] - if (isRequiredTextPresent): null

05-10-2024T01:52:28 - [TEST_STEP][PASSED] - if (verifyTextPresent("Please print this receipt for your records", false)): null

05-10-2024T01:52:28 - [MESSAGE][PASSED] - Text 'Please print this receipt for your records' is present on page 

05-10-2024T01:52:28 - [TEST_STEP][PASSED] - isRequiredTextPresent = true: null

05-10-2024T01:52:28 - [TEST_STEP][PASSED] - if (isRequiredTextPresent): null

05-10-2024T01:52:28 - [TEST_STEP][PASSED] - if (verifyTextPresent("Remittance ID:", false)): null

05-10-2024T01:52:28 - [MESSAGE][PASSED] - Text 'Remittance ID:' is present on page 

05-10-2024T01:52:28 - [TEST_STEP][PASSED] - isRequiredTextPresent = true: null

05-10-2024T01:52:28 - [TEST_STEP][PASSED] - if (isRequiredTextPresent): null

05-10-2024T01:52:28 - [TEST_STEP][PASSED] - if (verifyTextPresent("Payment ID:", false)): null

05-10-2024T01:52:29 - [MESSAGE][PASSED] - Text 'Payment ID:' is present on page 

05-10-2024T01:52:29 - [TEST_STEP][PASSED] - isRequiredTextPresent = true: null

05-10-2024T01:52:29 - [TEST_STEP][PASSED] - if (isRequiredTextPresent): null

05-10-2024T01:52:29 - [TEST_STEP][PASSED] - if (verifyTextPresent("CAN Label:", false)): null

05-10-2024T01:52:29 - [MESSAGE][PASSED] - Text 'CAN Label:' is present on page 

05-10-2024T01:52:29 - [TEST_STEP][PASSED] - isRequiredTextPresent = true: null

05-10-2024T01:52:29 - [TEST_STEP][PASSED] - if (isRequiredTextPresent): null

05-10-2024T01:52:29 - [TEST_STEP][PASSED] - if (verifyTextPresent("Received:", false)): null

05-10-2024T01:52:29 - [MESSAGE][PASSED] - Text 'Received:' is present on page 

05-10-2024T01:52:29 - [TEST_STEP][PASSED] - isRequiredTextPresent = true: null

05-10-2024T01:52:29 - [TEST_STEP][PASSED] - if (isRequiredTextPresent): null

05-10-2024T01:52:29 - [TEST_STEP][PASSED] - if (verifyTextPresent("UDF1 Label:", false)): null

05-10-2024T01:52:29 - [MESSAGE][PASSED] - Text 'UDF1 Label:' is present on page 

05-10-2024T01:52:29 - [TEST_STEP][PASSED] - isRequiredTextPresent = true: null

05-10-2024T01:52:29 - [TEST_STEP][PASSED] - if (isRequiredTextPresent): null

05-10-2024T01:52:29 - [TEST_STEP][PASSED] - if (verifyTextPresent("UDF2 Label:", false)): null

05-10-2024T01:52:30 - [MESSAGE][PASSED] - Text 'UDF2 Label:' is present on page 

05-10-2024T01:52:30 - [TEST_STEP][PASSED] - isRequiredTextPresent = true: null

05-10-2024T01:52:30 - [TEST_STEP][PASSED] - if (isRequiredTextPresent): null

05-10-2024T01:52:30 - [TEST_STEP][PASSED] - if (verifyTextPresent("UDF3 Label:", false)): null

05-10-2024T01:52:30 - [MESSAGE][PASSED] - Text 'UDF3 Label:' is present on page 

05-10-2024T01:52:30 - [TEST_STEP][PASSED] - isRequiredTextPresent = true: null

05-10-2024T01:52:30 - [TEST_STEP][PASSED] - if (isRequiredTextPresent): null

05-10-2024T01:52:30 - [TEST_STEP][PASSED] - if (verifyTextPresent("UDF4 Label:", false)): null

05-10-2024T01:52:30 - [MESSAGE][PASSED] - Text 'UDF4 Label:' is present on page 

05-10-2024T01:52:30 - [TEST_STEP][PASSED] - isRequiredTextPresent = true: null

05-10-2024T01:52:30 - [TEST_STEP][PASSED] - if (isRequiredTextPresent): null

05-10-2024T01:52:30 - [TEST_STEP][PASSED] - if (verifyTextPresent("UDF6 Label:", false)): null

05-10-2024T01:52:30 - [MESSAGE][PASSED] - Text 'UDF6 Label:' is present on page 

05-10-2024T01:52:30 - [TEST_STEP][PASSED] - isRequiredTextPresent = true: null

05-10-2024T01:52:30 - [TEST_STEP][PASSED] - if (isRequiredTextPresent): null

05-10-2024T01:52:30 - [TEST_STEP][PASSED] - if (verifyTextPresent("UDF7 Label:", false)): null

05-10-2024T01:52:31 - [MESSAGE][PASSED] - Text 'UDF7 Label:' is present on page 

05-10-2024T01:52:31 - [TEST_STEP][PASSED] - isRequiredTextPresent = true: null

05-10-2024T01:52:31 - [TEST_STEP][PASSED] - if (isRequiredTextPresent): null

05-10-2024T01:52:31 - [TEST_STEP][PASSED] - if (verifyTextPresent("UDF8 Label:", false)): null

05-10-2024T01:52:31 - [MESSAGE][PASSED] - Text 'UDF8 Label:' is present on page 

05-10-2024T01:52:31 - [TEST_STEP][PASSED] - isRequiredTextPresent = true: null

05-10-2024T01:52:31 - [TEST_STEP][PASSED] - if (isRequiredTextPresent): null

05-10-2024T01:52:31 - [TEST_STEP][PASSED] - if (verifyTextPresent("UDF9 Label:", false)): null

05-10-2024T01:52:31 - [MESSAGE][PASSED] - Text 'UDF9 Label:' is present on page 

05-10-2024T01:52:31 - [TEST_STEP][PASSED] - isRequiredTextPresent = true: null

05-10-2024T01:52:31 - [TEST_STEP][PASSED] - if (isRequiredTextPresent): null

05-10-2024T01:52:31 - [TEST_STEP][PASSED] - if (verifyTextPresent("Tax Amount:", false)): null

05-10-2024T01:52:31 - [MESSAGE][PASSED] - Text 'Tax Amount:' is present on page 

05-10-2024T01:52:31 - [TEST_STEP][PASSED] - isRequiredTextPresent = true: null

05-10-2024T01:52:31 - [TEST_STEP][PASSED] - if (isRequiredTextPresent): null

05-10-2024T01:52:31 - [TEST_STEP][PASSED] - if (verifyTextPresent("Amount:", false)): null

05-10-2024T01:52:32 - [MESSAGE][PASSED] - Text 'Amount:' is present on page 

05-10-2024T01:52:32 - [TEST_STEP][PASSED] - isRequiredTextPresent = true: null

05-10-2024T01:52:32 - [TEST_STEP][PASSED] - if (isRequiredTextPresent): null

05-10-2024T01:52:32 - [TEST_STEP][PASSED] - if (verifyTextPresent("Transaction Type:", false)): null

05-10-2024T01:52:32 - [MESSAGE][PASSED] - Text 'Transaction Type:' is present on page 

05-10-2024T01:52:32 - [TEST_STEP][PASSED] - isRequiredTextPresent = true: null

05-10-2024T01:52:32 - [TEST_STEP][PASSED] - if (isRequiredTextPresent): null

05-10-2024T01:52:32 - [TEST_STEP][PASSED] - if (verifyTextPresent("Check Information:", false)): null

05-10-2024T01:52:32 - [MESSAGE][PASSED] - Text 'Check Information:' is present on page 

05-10-2024T01:52:32 - [TEST_STEP][PASSED] - isRequiredTextPresent = true: null

05-10-2024T01:52:32 - [TEST_STEP][PASSED] - if (isRequiredTextPresent): null

05-10-2024T01:52:32 - [TEST_STEP][PASSED] - if (verifyTextPresent("Name on Account:", false)): null

05-10-2024T01:52:33 - [MESSAGE][PASSED] - Text 'Name on Account:' is present on page 

05-10-2024T01:52:33 - [TEST_STEP][PASSED] - isRequiredTextPresent = true: null

05-10-2024T01:52:33 - [TEST_STEP][PASSED] - if (isRequiredTextPresent): null

05-10-2024T01:52:33 - [TEST_STEP][PASSED] - if (verifyTextPresent("Routing Number:", false)): null

05-10-2024T01:52:33 - [MESSAGE][PASSED] - Text 'Routing Number:' is present on page 

05-10-2024T01:52:33 - [TEST_STEP][PASSED] - isRequiredTextPresent = true: null

05-10-2024T01:52:33 - [TEST_STEP][PASSED] - if (isRequiredTextPresent): null

05-10-2024T01:52:33 - [TEST_STEP][PASSED] - if (verifyTextPresent("Account Number:", false)): null

05-10-2024T01:52:33 - [MESSAGE][PASSED] - Text 'Account Number:' is present on page 

05-10-2024T01:52:33 - [TEST_STEP][PASSED] - isRequiredTextPresent = true: null

05-10-2024T01:52:33 - [TEST_STEP][PASSED] - if (isRequiredTextPresent): null

05-10-2024T01:52:33 - [TEST_STEP][PASSED] - if (verifyTextPresent("Account Type:", false)): null

05-10-2024T01:52:33 - [MESSAGE][PASSED] - Text 'Account Type:' is present on page 

05-10-2024T01:52:33 - [TEST_STEP][PASSED] - isRequiredTextPresent = true: null

05-10-2024T01:52:33 - [TEST_STEP][PASSED] - if (isRequiredTextPresent): null

05-10-2024T01:52:33 - [TEST_STEP][PASSED] - if (verifyTextPresent("Billing Information:", false)): null

05-10-2024T01:52:34 - [MESSAGE][PASSED] - Text 'Billing Information:' is present on page 

05-10-2024T01:52:34 - [TEST_STEP][PASSED] - isRequiredTextPresent = true: null

05-10-2024T01:52:34 - [TEST_STEP][PASSED] - if (isRequiredTextPresent): null

05-10-2024T01:52:34 - [TEST_STEP][PASSED] - if (verifyTextPresent("Address Line 1:", false)): null

05-10-2024T01:52:34 - [MESSAGE][PASSED] - Text 'Address Line 1:' is present on page 

05-10-2024T01:52:34 - [TEST_STEP][PASSED] - isRequiredTextPresent = true: null

05-10-2024T01:52:34 - [TEST_STEP][PASSED] - if (isRequiredTextPresent): null

05-10-2024T01:52:34 - [TEST_STEP][PASSED] - if (verifyTextPresent("Country:", false)): null

05-10-2024T01:52:34 - [MESSAGE][PASSED] - Text 'Country:' is present on page 

05-10-2024T01:52:34 - [TEST_STEP][PASSED] - isRequiredTextPresent = true: null

05-10-2024T01:52:34 - [TEST_STEP][PASSED] - if (isRequiredTextPresent): null

05-10-2024T01:52:34 - [TEST_STEP][PASSED] - if (verifyTextPresent("City:", false)): null

05-10-2024T01:52:34 - [MESSAGE][PASSED] - Text 'City:' is present on page 

05-10-2024T01:52:34 - [TEST_STEP][PASSED] - isRequiredTextPresent = true: null

05-10-2024T01:52:34 - [TEST_STEP][PASSED] - if (isRequiredTextPresent): null

05-10-2024T01:52:34 - [TEST_STEP][PASSED] - if (verifyTextPresent("State:", false)): null

05-10-2024T01:52:35 - [MESSAGE][PASSED] - Text 'State:' is present on page 

05-10-2024T01:52:35 - [TEST_STEP][PASSED] - isRequiredTextPresent = true: null

05-10-2024T01:52:35 - [TEST_STEP][PASSED] - if (isRequiredTextPresent): null

05-10-2024T01:52:35 - [TEST_STEP][PASSED] - if (verifyTextPresent("ZIP Code:", false)): null

05-10-2024T01:52:35 - [MESSAGE][PASSED] - Text 'ZIP Code:' is present on page 

05-10-2024T01:52:35 - [TEST_STEP][PASSED] - isRequiredTextPresent = true: null

05-10-2024T01:52:35 - [TEST_STEP][PASSED] - if (isRequiredTextPresent): null

05-10-2024T01:52:35 - [TEST_STEP][PASSED] - if (verifyTextPresent("Please click here to make another payment.", false)): null

05-10-2024T01:52:35 - [MESSAGE][PASSED] - Text 'Please click here to make another payment.' is present on page 

05-10-2024T01:52:35 - [TEST_STEP][PASSED] - isRequiredTextPresent = true: null

05-10-2024T01:52:35 - [TEST_STEP][PASSED] - if (isRequiredTextPresent == true): pages.WriteExcel.demoKey is PASSED

05-10-2024T01:52:35 - [TEST_STEP][PASSED] - println("All the relevant texts are present on Receipt Page"): null

05-10-2024T01:52:35 - [TEST_STEP][PASSED] - markPassed("All the relevant texts are present on Receipt Page"): All the relevant texts are present on Receipt Page

05-10-2024T01:52:35 - [MESSAGE][PASSED] - All the relevant texts are present on Receipt Page

05-10-2024T01:52:35 - [TEST_STEP][PASSED] - resText = "Pass": null

05-10-2024T01:52:35 - [TEST_STEP][PASSED] - pages.WriteExcel.demoKey(resText, datText, resColumn, datCloumn, fileLoc, nameSheet, row): pages.WriteExcel.demoKey is PASSED

05-10-2024T01:52:35 - [MESSAGE][PASSED] - pages.WriteExcel.demoKey is PASSED

05-10-2024T01:52:35 - [TEST_STEP][PASSED] - closeBrowser(): Browser is closed

05-10-2024T01:52:36 - [MESSAGE][PASSED] - Browser is closed]]></system-out>
         <system-err><![CDATA[]]></system-err>
      </testcase>
      <testcase name="Test Cases/IntegratedWeb/IWP25/Payments/VerifyReceiptPageLabelsPS" time="83.158" classname="Test Cases/IntegratedWeb/IWP25/Payments/VerifyReceiptPageLabelsPS" status="PASSED">
         <system-out><![CDATA[05-10-2024T01:52:36 - [TEST_CASE][PASSED] - Test Cases/IntegratedWeb/IWP25/Payments/VerifyReceiptPageLabelsPS: Test Cases/IntegratedWeb/IWP25/Payments/VerifyReceiptPageLabelsPS

05-10-2024T01:52:36 - [TEST_STEP][PASSED] - resText = "Fail": null

05-10-2024T01:52:36 - [TEST_STEP][PASSED] - resColumn = "Result": null

05-10-2024T01:52:36 - [TEST_STEP][PASSED] - datCloumn = "Date": null

05-10-2024T01:52:36 - [TEST_STEP][PASSED] - fileLoc = "KatalonData/IWPTestData/VRelay25Payments.xlsx": null

05-10-2024T01:52:36 - [TEST_STEP][PASSED] - numOfRows = <not implemented yet for class: org.codehaus.groovy.ast.expr.EmptyExpression>: null

05-10-2024T01:52:36 - [TEST_STEP][PASSED] - dataFile = <not implemented yet for class: org.codehaus.groovy.ast.expr.EmptyExpression>: null

05-10-2024T01:52:36 - [TEST_STEP][PASSED] - nameSheet = <not implemented yet for class: org.codehaus.groovy.ast.expr.EmptyExpression>: null

05-10-2024T01:52:36 - [TEST_STEP][PASSED] - dataFileEmulator = <not implemented yet for class: org.codehaus.groovy.ast.expr.EmptyExpression>: null

05-10-2024T01:52:36 - [TEST_STEP][PASSED] - isRequiredTextPresent = false: null

05-10-2024T01:52:36 - [TEST_STEP][PASSED] - nameSheet = "VerifyReceiptPageLabelsPS": null

05-10-2024T01:52:36 - [TEST_STEP][PASSED] - dataFile = "IWPTestData/IWP25VerifyReceiptPageLabelsPS": null

05-10-2024T01:52:36 - [TEST_STEP][PASSED] - dataFileEmulator = "IWPTestData/EmulatorData": null

05-10-2024T01:52:36 - [TEST_STEP][PASSED] - numOfRows = findTestData(dataFile).getRowNumbers(): null

05-10-2024T01:52:36 - [TEST_STEP][PASSED] - println("Number of Records: " + numOfRows): null

05-10-2024T01:52:36 - [TEST_STEP][PASSED] - for ([row = 1, row <= numOfRows, (row++)]): Browser is closed

05-10-2024T01:52:36 - [TEST_STEP][PASSED] - ExecuteTC = findTestData(dataFile).getValue("Execute", row): null

05-10-2024T01:52:36 - [TEST_STEP][PASSED] - out.println("Value of Execute is : " + ExecuteTC): null

05-10-2024T01:52:36 - [TEST_STEP][PASSED] - if (ExecuteTC.equalsIgnoreCase("Y")): pages.WriteExcel.demoKey is PASSED

05-10-2024T01:52:36 - [TEST_STEP][PASSED] - out.println("Begin Record Number: " + row): null

05-10-2024T01:52:36 - [TEST_STEP][PASSED] - today = new java.util.Date(): null

05-10-2024T01:52:36 - [TEST_STEP][PASSED] - println(today): null

05-10-2024T01:52:36 - [TEST_STEP][PASSED] - datText = today: null

05-10-2024T01:52:36 - [TEST_STEP][PASSED] - EmulatorDataKey = findTestData(dataFile).getValue("EmulatorData", row): null

05-10-2024T01:52:36 - [TEST_STEP][PASSED] - out.println("Value of Emulator Key is : " + EmulatorDataKey): null

05-10-2024T01:52:36 - [TEST_STEP][PASSED] - iwpPages.emulatorIWP30.setDataEmulator_DD(EmulatorDataKey): iwpPages.emulatorIWP30.setDataEmulator_DD is PASSED

05-10-2024T01:52:36 - [MESSAGE][INFO] - Starting 'Edge Chromium' driver

05-10-2024T01:52:36 - [MESSAGE][INFO] - User set preference: ['acceptInsecureCerts', 'true']

05-10-2024T01:52:38 - [MESSAGE][INFO] - Action delay is set to 0 milliseconds

05-10-2024T01:52:41 - [MESSAGE][PASSED] - Browser is opened with url: 'https://qa.velocitypayment.com/agency/config.do?action=editor&message_version=2_5'

05-10-2024T01:52:41 - [MESSAGE][PASSED] - Current window maximized

05-10-2024T01:52:42 - [MESSAGE][PASSED] - All options with value '2.5' are selected in object 'Object Repository/IWP30/Page_VRelay30Emulator/MV'  using regular expression

05-10-2024T01:52:43 - [MESSAGE][PASSED] - Text '10.50' is set on object 'Object Repository/IWP30/Page_VRelay30Emulator/Amount'

05-10-2024T01:52:43 - [MESSAGE][PASSED] - Text 'ZE3Sj90wY6cb' is set on object 'Object Repository/IWP30/Page_VRelay30Emulator/CAN'

05-10-2024T01:52:44 - [MESSAGE][PASSED] - Text 'PayNow' is set on object 'Object Repository/IWP30/Page_VRelay30Emulator/Action'

05-10-2024T01:52:44 - [MESSAGE][PASSED] - Text 'en_US' is set on object 'Object Repository/IWP30/Page_VRelay30Emulator/Lang'

05-10-2024T01:52:45 - [MESSAGE][PASSED] - Text '' is set on object 'Object Repository/IWP30/Page_VRelay30Emulator/Fname'

05-10-2024T01:52:46 - [MESSAGE][PASSED] - Text '' is set on object 'Object Repository/IWP30/Page_VRelay30Emulator/Lname'

05-10-2024T01:52:46 - [MESSAGE][PASSED] - Text '' is set on object 'Object Repository/IWP30/Page_VRelay30Emulator/AL1'

05-10-2024T01:52:47 - [MESSAGE][PASSED] - Text '' is set on object 'Object Repository/IWP30/Page_VRelay30Emulator/AL2'

05-10-2024T01:52:47 - [MESSAGE][PASSED] - Text '' is set on object 'Object Repository/IWP30/Page_VRelay30Emulator/Country'

05-10-2024T01:52:48 - [MESSAGE][PASSED] - Text '' is set on object 'Object Repository/IWP30/Page_VRelay30Emulator/City'

05-10-2024T01:52:48 - [MESSAGE][PASSED] - Text '' is set on object 'Object Repository/IWP30/Page_VRelay30Emulator/State'

05-10-2024T01:52:49 - [MESSAGE][PASSED] - Text '' is set on object 'Object Repository/IWP30/Page_VRelay30Emulator/ZIP'

05-10-2024T01:52:50 - [MESSAGE][PASSED] - Text '' is set on object 'Object Repository/IWP30/Page_VRelay30Emulator/Order'

05-10-2024T01:52:50 - [MESSAGE][PASSED] - Text '' is set on object 'Object Repository/IWP30/Page_VRelay30Emulator/Company'

05-10-2024T01:52:51 - [MESSAGE][PASSED] - Text '' is set on object 'Object Repository/IWP30/Page_VRelay30Emulator/Email'

05-10-2024T01:52:51 - [MESSAGE][PASSED] - Text '' is set on object 'Object Repository/IWP30/Page_VRelay30Emulator/UDF1'

05-10-2024T01:52:52 - [MESSAGE][PASSED] - Text '' is set on object 'Object Repository/IWP30/Page_VRelay30Emulator/UDF2'

05-10-2024T01:52:52 - [MESSAGE][PASSED] - Text '' is set on object 'Object Repository/IWP30/Page_VRelay30Emulator/UDF3'

05-10-2024T01:52:53 - [MESSAGE][PASSED] - Text 'udf data 4' is set on object 'Object Repository/IWP30/Page_VRelay30Emulator/UDF4'

05-10-2024T01:52:54 - [MESSAGE][PASSED] - Text 'udf data 5' is set on object 'Object Repository/IWP30/Page_VRelay30Emulator/UDF5'

05-10-2024T01:52:54 - [MESSAGE][PASSED] - Text '' is set on object 'Object Repository/IWP30/Page_VRelay30Emulator/UDF6'

05-10-2024T01:52:55 - [MESSAGE][PASSED] - Text '' is set on object 'Object Repository/IWP30/Page_VRelay30Emulator/UDF7'

05-10-2024T01:52:55 - [MESSAGE][PASSED] - Text '' is set on object 'Object Repository/IWP30/Page_VRelay30Emulator/UDF8'

05-10-2024T01:52:56 - [MESSAGE][PASSED] - Text 'udf data 9' is set on object 'Object Repository/IWP30/Page_VRelay30Emulator/UDF9'

05-10-2024T01:52:57 - [MESSAGE][PASSED] - Text 'udf data 10' is set on object 'Object Repository/IWP30/Page_VRelay30Emulator/UDF10'

05-10-2024T01:52:58 - [MESSAGE][PASSED] - Object: 'Object Repository/IWP30/Page_VRelay30Emulator/Submit' is clicked on

05-10-2024T01:53:02 - [MESSAGE][PASSED] - Browser is closed

05-10-2024T01:53:06 - [MESSAGE][PASSED] - iwpPages.emulatorIWP30.setDataEmulator_DD is PASSED

05-10-2024T01:53:06 - [TEST_STEP][PASSED] - testHarnessURL = urlTestHarness: null

05-10-2024T01:53:06 - [TEST_STEP][PASSED] - openBrowser(testHarnessURL): Browser is opened with url: 'https://dev-algorithm.govolution.com/vrelaytest/QA/version_2_2/vrelaytest.html'

05-10-2024T01:53:06 - [MESSAGE][INFO] - Starting 'Edge Chromium' driver

05-10-2024T01:53:06 - [MESSAGE][INFO] - User set preference: ['acceptInsecureCerts', 'true']

05-10-2024T01:53:08 - [MESSAGE][INFO] - Action delay is set to 0 milliseconds

05-10-2024T01:53:11 - [MESSAGE][PASSED] - Browser is opened with url: 'https://dev-algorithm.govolution.com/vrelaytest/QA/version_2_2/vrelaytest.html'

05-10-2024T01:53:11 - [TEST_STEP][PASSED] - maximizeWindow(): Current window maximized

05-10-2024T01:53:12 - [MESSAGE][PASSED] - Current window maximized

05-10-2024T01:53:12 - [TEST_STEP][PASSED] - iwpPages.TestHarnessPage.setDataMethod(row, dataFile): iwpPages.TestHarnessPage.setDataMethod is PASSED

05-10-2024T01:53:12 - [MESSAGE][PASSED] - Object 'Object Repository/IWP30/Page_QATestHarness/RemittanceID' is present

05-10-2024T01:53:12 - [MESSAGE][PASSED] - Text '638' is set on object 'Object Repository/IWP30/Page_QATestHarness/ApplicationID'

05-10-2024T01:53:13 - [MESSAGE][PASSED] - Text '2.5' is set on object 'Object Repository/IWP30/Page_QATestHarness/MessageVersion'

05-10-2024T01:53:14 - [MESSAGE][PASSED] - Text 'db4PCEC4bQRK' is set on object 'Object Repository/IWP30/Page_QATestHarness/RemittanceID'

05-10-2024T01:53:17 - [MESSAGE][PASSED] - Object: 'Object Repository/IWP30/Page_QATestHarness/SubmitButton' is clicked on

05-10-2024T01:53:17 - [MESSAGE][PASSED] - iwpPages.TestHarnessPage.setDataMethod is PASSED

05-10-2024T01:53:17 - [TEST_STEP][PASSED] - click(findTestObject("Object Repository/IWP30/Page_SelectPaymentMethod/PayByPersonalCheck")): Object: 'Object Repository/IWP30/Page_SelectPaymentMethod/PayByPersonalCheck' is clicked on

05-10-2024T01:53:17 - [MESSAGE][PASSED] - Object: 'Object Repository/IWP30/Page_SelectPaymentMethod/PayByPersonalCheck' is clicked on

05-10-2024T01:53:17 - [TEST_STEP][PASSED] - click(findTestObject("Object Repository/IWP30/Page_SelectPaymentMethod/MakePaymentButton")): Object: 'Object Repository/IWP30/Page_SelectPaymentMethod/MakePaymentButton' is clicked on

05-10-2024T01:53:20 - [MESSAGE][PASSED] - Object: 'Object Repository/IWP30/Page_SelectPaymentMethod/MakePaymentButton' is clicked on

05-10-2024T01:53:20 - [TEST_STEP][PASSED] - iwpPages.achPersonalPaymentEntryPage.setDataACHPPM(row, dataFile): iwpPages.achPersonalPaymentEntryPage.setDataACHPPM is PASSED

05-10-2024T01:53:21 - [MESSAGE][PASSED] - Object 'Object Repository/IWP30/Page_ACHPersonalPaymentEntry/txt_accountNumber' is present

05-10-2024T01:53:21 - [MESSAGE][PASSED] - Text '10.50' is set on object 'Object Repository/IWP30/Page_ACHPersonalPaymentEntry/txt_Amount'

05-10-2024T01:53:22 - [MESSAGE][PASSED] - Object 'Object Repository/IWP30/Page_ACHPersonalPaymentEntry/txt_UDF2' is present

05-10-2024T01:53:22 - [MESSAGE][PASSED] - Text 'udf data 2' is set on object 'Object Repository/IWP30/Page_ACHPersonalPaymentEntry/txt_UDF2'

05-10-2024T01:53:23 - [MESSAGE][PASSED] - Text 'udf data 3' is set on object 'Object Repository/IWP30/Page_ACHPersonalPaymentEntry/txt_UDF3'

05-10-2024T01:53:23 - [MESSAGE][PASSED] - All options with label 'Orange' are selected in object 'Object Repository/IWP30/Page_ACHPersonalPaymentEntry/dd_UDF7' 

05-10-2024T01:53:24 - [MESSAGE][PASSED] - All options with label 'Soccer' are selected in object 'Object Repository/IWP30/Page_ACHPersonalPaymentEntry/dd_UDF8' 

05-10-2024T01:53:24 - [MESSAGE][PASSED] - Object 'Object Repository/IWP30/Page_ACHPersonalPaymentEntry/txt_Firstname' is present

05-10-2024T01:53:25 - [MESSAGE][PASSED] - Text 'Curlonty' is set on object 'Object Repository/IWP30/Page_ACHPersonalPaymentEntry/txt_Firstname'

05-10-2024T01:53:25 - [MESSAGE][PASSED] - Object 'Object Repository/IWP30/Page_ACHPersonalPaymentEntry/txt_Lastname' is present

05-10-2024T01:53:25 - [MESSAGE][PASSED] - Text 'Lachuga' is set on object 'Object Repository/IWP30/Page_ACHPersonalPaymentEntry/txt_Lastname'

05-10-2024T01:53:26 - [MESSAGE][PASSED] - Object 'Object Repository/IWP30/Page_ACHPersonalPaymentEntry/txt_routingNumber' is present

05-10-2024T01:53:26 - [MESSAGE][PASSED] - Text '256072691' is set on object 'Object Repository/IWP30/Page_ACHPersonalPaymentEntry/txt_routingNumber'

05-10-2024T01:53:27 - [MESSAGE][PASSED] - Object 'Object Repository/IWP30/Page_ACHPersonalPaymentEntry/txt_accountNumber' is present

05-10-2024T01:53:28 - [MESSAGE][PASSED] - Text '12342222' is set on object 'Object Repository/IWP30/Page_ACHPersonalPaymentEntry/txt_accountNumber'

05-10-2024T01:53:28 - [MESSAGE][PASSED] - Object 'Object Repository/IWP30/Page_ACHPersonalPaymentEntry/txt_confirmAccountNumber' is present

05-10-2024T01:53:29 - [MESSAGE][PASSED] - Text '12342222' is set on object 'Object Repository/IWP30/Page_ACHPersonalPaymentEntry/txt_confirmAccountNumber'

05-10-2024T01:53:29 - [MESSAGE][PASSED] - Object 'Object Repository/IWP30/Page_ACHPersonalPaymentEntry/rd_accountType' is present

05-10-2024T01:53:29 - [MESSAGE][PASSED] - Modify property of object successfully

05-10-2024T01:53:29 - [MESSAGE][PASSED] - Object: 'Object Repository/IWP30/Page_ACHPersonalPaymentEntry/rd_accountType' is clicked on

05-10-2024T01:53:30 - [MESSAGE][PASSED] - Text '365 Main Avenue' is set on object 'Object Repository/IWP30/Page_ACHPersonalPaymentEntry/txt_AL1'

05-10-2024T01:53:31 - [MESSAGE][PASSED] - Text '22201' is set on object 'Object Repository/IWP30/Page_ACHPersonalPaymentEntry/txt_ZIP'

05-10-2024T01:53:31 - [MESSAGE][PASSED] - Object 'Object Repository/IWP30/Page_ACHPersonalPaymentEntry/txt_Email' is present

05-10-2024T01:53:32 - [MESSAGE][PASSED] - Text 'iahmed@govolution.com' is set on object 'Object Repository/IWP30/Page_ACHPersonalPaymentEntry/txt_Email'

05-10-2024T01:53:32 - [MESSAGE][PASSED] - Object 'Object Repository/IWP30/Page_ACHPersonalPaymentEntry/cb_TermsAndCond' is present

05-10-2024T01:53:33 - [MESSAGE][PASSED] - Object: 'Object Repository/IWP30/Page_ACHPersonalPaymentEntry/cb_TermsAndCond' is clicked on

05-10-2024T01:53:33 - [MESSAGE][PASSED] - Object 'Object Repository/IWP30/Page_ACHPersonalPaymentEntry/btn_Continue' is present

05-10-2024T01:53:34 - [MESSAGE][PASSED] - Object: 'Object Repository/IWP30/Page_ACHPersonalPaymentEntry/btn_Continue' is clicked on

05-10-2024T01:53:34 - [MESSAGE][PASSED] - iwpPages.achPersonalPaymentEntryPage.setDataACHPPM is PASSED

05-10-2024T01:53:34 - [TEST_STEP][PASSED] - click(findTestObject("Object Repository/IWP30/Page_Confirmation/ConfirmButton")): Object: 'Object Repository/IWP30/Page_Confirmation/ConfirmButton' is clicked on

05-10-2024T01:53:35 - [MESSAGE][PASSED] - Object: 'Object Repository/IWP30/Page_Confirmation/ConfirmButton' is clicked on

05-10-2024T01:53:35 - [TEST_STEP][PASSED] - Thread.sleep(15000): null

05-10-2024T01:53:50 - [TEST_STEP][PASSED] - if (verifyTextPresent("Make a Real Estate Payment", false)): null

05-10-2024T01:53:51 - [MESSAGE][PASSED] - Text 'Make a Real Estate Payment' is present on page 

05-10-2024T01:53:51 - [TEST_STEP][PASSED] - isRequiredTextPresent = true: null

05-10-2024T01:53:51 - [TEST_STEP][PASSED] - println(isRequiredTextPresent): null

05-10-2024T01:53:51 - [TEST_STEP][PASSED] - if (isRequiredTextPresent): null

05-10-2024T01:53:51 - [TEST_STEP][PASSED] - if (verifyTextPresent("Successful Payment Receipt", false)): null

05-10-2024T01:53:51 - [MESSAGE][PASSED] - Text 'Successful Payment Receipt' is present on page 

05-10-2024T01:53:51 - [TEST_STEP][PASSED] - isRequiredTextPresent = true: null

05-10-2024T01:53:51 - [TEST_STEP][PASSED] - println(isRequiredTextPresent): null

05-10-2024T01:53:51 - [TEST_STEP][PASSED] - if (isRequiredTextPresent): null

05-10-2024T01:53:51 - [TEST_STEP][PASSED] - if (verifyTextPresent("Please print this receipt for your records", false)): null

05-10-2024T01:53:51 - [MESSAGE][PASSED] - Text 'Please print this receipt for your records' is present on page 

05-10-2024T01:53:51 - [TEST_STEP][PASSED] - isRequiredTextPresent = true: null

05-10-2024T01:53:51 - [TEST_STEP][PASSED] - if (isRequiredTextPresent): null

05-10-2024T01:53:51 - [TEST_STEP][PASSED] - if (verifyTextPresent("Remittance ID:", false)): null

05-10-2024T01:53:51 - [MESSAGE][PASSED] - Text 'Remittance ID:' is present on page 

05-10-2024T01:53:51 - [TEST_STEP][PASSED] - isRequiredTextPresent = true: null

05-10-2024T01:53:51 - [TEST_STEP][PASSED] - if (isRequiredTextPresent): null

05-10-2024T01:53:51 - [TEST_STEP][PASSED] - if (verifyTextPresent("Payment ID:", false)): null

05-10-2024T01:53:52 - [MESSAGE][PASSED] - Text 'Payment ID:' is present on page 

05-10-2024T01:53:52 - [TEST_STEP][PASSED] - isRequiredTextPresent = true: null

05-10-2024T01:53:52 - [TEST_STEP][PASSED] - if (isRequiredTextPresent): null

05-10-2024T01:53:52 - [TEST_STEP][PASSED] - if (verifyTextPresent("CAN Label:", false)): null

05-10-2024T01:53:52 - [MESSAGE][PASSED] - Text 'CAN Label:' is present on page 

05-10-2024T01:53:52 - [TEST_STEP][PASSED] - isRequiredTextPresent = true: null

05-10-2024T01:53:52 - [TEST_STEP][PASSED] - if (isRequiredTextPresent): null

05-10-2024T01:53:52 - [TEST_STEP][PASSED] - if (verifyTextPresent("Received:", false)): null

05-10-2024T01:53:52 - [MESSAGE][PASSED] - Text 'Received:' is present on page 

05-10-2024T01:53:52 - [TEST_STEP][PASSED] - isRequiredTextPresent = true: null

05-10-2024T01:53:52 - [TEST_STEP][PASSED] - if (isRequiredTextPresent): null

05-10-2024T01:53:52 - [TEST_STEP][PASSED] - if (verifyTextPresent("UDF1 Label:", false)): null

05-10-2024T01:53:53 - [MESSAGE][PASSED] - Text 'UDF1 Label:' is present on page 

05-10-2024T01:53:53 - [TEST_STEP][PASSED] - isRequiredTextPresent = true: null

05-10-2024T01:53:53 - [TEST_STEP][PASSED] - if (isRequiredTextPresent): null

05-10-2024T01:53:53 - [TEST_STEP][PASSED] - if (verifyTextPresent("UDF2 Label:", false)): null

05-10-2024T01:53:53 - [MESSAGE][PASSED] - Text 'UDF2 Label:' is present on page 

05-10-2024T01:53:53 - [TEST_STEP][PASSED] - isRequiredTextPresent = true: null

05-10-2024T01:53:53 - [TEST_STEP][PASSED] - if (isRequiredTextPresent): null

05-10-2024T01:53:53 - [TEST_STEP][PASSED] - if (verifyTextPresent("UDF3 Label:", false)): null

05-10-2024T01:53:53 - [MESSAGE][PASSED] - Text 'UDF3 Label:' is present on page 

05-10-2024T01:53:53 - [TEST_STEP][PASSED] - isRequiredTextPresent = true: null

05-10-2024T01:53:53 - [TEST_STEP][PASSED] - if (isRequiredTextPresent): null

05-10-2024T01:53:53 - [TEST_STEP][PASSED] - if (verifyTextPresent("UDF4 Label:", false)): null

05-10-2024T01:53:53 - [MESSAGE][PASSED] - Text 'UDF4 Label:' is present on page 

05-10-2024T01:53:53 - [TEST_STEP][PASSED] - isRequiredTextPresent = true: null

05-10-2024T01:53:53 - [TEST_STEP][PASSED] - if (isRequiredTextPresent): null

05-10-2024T01:53:53 - [TEST_STEP][PASSED] - if (verifyTextPresent("UDF6 Label:", false)): null

05-10-2024T01:53:54 - [MESSAGE][PASSED] - Text 'UDF6 Label:' is present on page 

05-10-2024T01:53:54 - [TEST_STEP][PASSED] - isRequiredTextPresent = true: null

05-10-2024T01:53:54 - [TEST_STEP][PASSED] - if (isRequiredTextPresent): null

05-10-2024T01:53:54 - [TEST_STEP][PASSED] - if (verifyTextPresent("UDF7 Label:", false)): null

05-10-2024T01:53:54 - [MESSAGE][PASSED] - Text 'UDF7 Label:' is present on page 

05-10-2024T01:53:54 - [TEST_STEP][PASSED] - isRequiredTextPresent = true: null

05-10-2024T01:53:54 - [TEST_STEP][PASSED] - if (isRequiredTextPresent): null

05-10-2024T01:53:54 - [TEST_STEP][PASSED] - if (verifyTextPresent("UDF8 Label:", false)): null

05-10-2024T01:53:54 - [MESSAGE][PASSED] - Text 'UDF8 Label:' is present on page 

05-10-2024T01:53:54 - [TEST_STEP][PASSED] - isRequiredTextPresent = true: null

05-10-2024T01:53:54 - [TEST_STEP][PASSED] - if (isRequiredTextPresent): null

05-10-2024T01:53:54 - [TEST_STEP][PASSED] - if (verifyTextPresent("UDF9 Label:", false)): null

05-10-2024T01:53:54 - [MESSAGE][PASSED] - Text 'UDF9 Label:' is present on page 

05-10-2024T01:53:54 - [TEST_STEP][PASSED] - isRequiredTextPresent = true: null

05-10-2024T01:53:54 - [TEST_STEP][PASSED] - if (isRequiredTextPresent): null

05-10-2024T01:53:54 - [TEST_STEP][PASSED] - if (verifyTextPresent("Tax Amount:", false)): null

05-10-2024T01:53:55 - [MESSAGE][PASSED] - Text 'Tax Amount:' is present on page 

05-10-2024T01:53:55 - [TEST_STEP][PASSED] - isRequiredTextPresent = true: null

05-10-2024T01:53:55 - [TEST_STEP][PASSED] - if (isRequiredTextPresent): null

05-10-2024T01:53:55 - [TEST_STEP][PASSED] - if (verifyTextPresent("Amount:", false)): null

05-10-2024T01:53:55 - [MESSAGE][PASSED] - Text 'Amount:' is present on page 

05-10-2024T01:53:55 - [TEST_STEP][PASSED] - isRequiredTextPresent = true: null

05-10-2024T01:53:55 - [TEST_STEP][PASSED] - if (isRequiredTextPresent): null

05-10-2024T01:53:55 - [TEST_STEP][PASSED] - if (verifyTextPresent("Transaction Type:", false)): null

05-10-2024T01:53:55 - [MESSAGE][PASSED] - Text 'Transaction Type:' is present on page 

05-10-2024T01:53:55 - [TEST_STEP][PASSED] - isRequiredTextPresent = true: null

05-10-2024T01:53:55 - [TEST_STEP][PASSED] - if (isRequiredTextPresent): null

05-10-2024T01:53:55 - [TEST_STEP][PASSED] - if (verifyTextPresent("Check Information:", false)): null

05-10-2024T01:53:55 - [MESSAGE][PASSED] - Text 'Check Information:' is present on page 

05-10-2024T01:53:55 - [TEST_STEP][PASSED] - isRequiredTextPresent = true: null

05-10-2024T01:53:55 - [TEST_STEP][PASSED] - if (isRequiredTextPresent): null

05-10-2024T01:53:55 - [TEST_STEP][PASSED] - if (verifyTextPresent("Name on Account:", false)): null

05-10-2024T01:53:56 - [MESSAGE][PASSED] - Text 'Name on Account:' is present on page 

05-10-2024T01:53:56 - [TEST_STEP][PASSED] - isRequiredTextPresent = true: null

05-10-2024T01:53:56 - [TEST_STEP][PASSED] - if (isRequiredTextPresent): null

05-10-2024T01:53:56 - [TEST_STEP][PASSED] - if (verifyTextPresent("Routing Number:", false)): null

05-10-2024T01:53:56 - [MESSAGE][PASSED] - Text 'Routing Number:' is present on page 

05-10-2024T01:53:56 - [TEST_STEP][PASSED] - isRequiredTextPresent = true: null

05-10-2024T01:53:56 - [TEST_STEP][PASSED] - if (isRequiredTextPresent): null

05-10-2024T01:53:56 - [TEST_STEP][PASSED] - if (verifyTextPresent("Account Number:", false)): null

05-10-2024T01:53:56 - [MESSAGE][PASSED] - Text 'Account Number:' is present on page 

05-10-2024T01:53:56 - [TEST_STEP][PASSED] - isRequiredTextPresent = true: null

05-10-2024T01:53:56 - [TEST_STEP][PASSED] - if (isRequiredTextPresent): null

05-10-2024T01:53:56 - [TEST_STEP][PASSED] - if (verifyTextPresent("Account Type:", false)): null

05-10-2024T01:53:56 - [MESSAGE][PASSED] - Text 'Account Type:' is present on page 

05-10-2024T01:53:56 - [TEST_STEP][PASSED] - isRequiredTextPresent = true: null

05-10-2024T01:53:56 - [TEST_STEP][PASSED] - if (isRequiredTextPresent): null

05-10-2024T01:53:56 - [TEST_STEP][PASSED] - if (verifyTextPresent("Billing Information:", false)): null

05-10-2024T01:53:57 - [MESSAGE][PASSED] - Text 'Billing Information:' is present on page 

05-10-2024T01:53:57 - [TEST_STEP][PASSED] - isRequiredTextPresent = true: null

05-10-2024T01:53:57 - [TEST_STEP][PASSED] - if (isRequiredTextPresent): null

05-10-2024T01:53:57 - [TEST_STEP][PASSED] - if (verifyTextPresent("Address Line 1:", false)): null

05-10-2024T01:53:57 - [MESSAGE][PASSED] - Text 'Address Line 1:' is present on page 

05-10-2024T01:53:57 - [TEST_STEP][PASSED] - isRequiredTextPresent = true: null

05-10-2024T01:53:57 - [TEST_STEP][PASSED] - if (isRequiredTextPresent): null

05-10-2024T01:53:57 - [TEST_STEP][PASSED] - if (verifyTextPresent("Country:", false)): null

05-10-2024T01:53:57 - [MESSAGE][PASSED] - Text 'Country:' is present on page 

05-10-2024T01:53:57 - [TEST_STEP][PASSED] - isRequiredTextPresent = true: null

05-10-2024T01:53:57 - [TEST_STEP][PASSED] - if (isRequiredTextPresent): null

05-10-2024T01:53:57 - [TEST_STEP][PASSED] - if (verifyTextPresent("City:", false)): null

05-10-2024T01:53:58 - [MESSAGE][PASSED] - Text 'City:' is present on page 

05-10-2024T01:53:58 - [TEST_STEP][PASSED] - isRequiredTextPresent = true: null

05-10-2024T01:53:58 - [TEST_STEP][PASSED] - if (isRequiredTextPresent): null

05-10-2024T01:53:58 - [TEST_STEP][PASSED] - if (verifyTextPresent("State:", false)): null

05-10-2024T01:53:58 - [MESSAGE][PASSED] - Text 'State:' is present on page 

05-10-2024T01:53:58 - [TEST_STEP][PASSED] - isRequiredTextPresent = true: null

05-10-2024T01:53:58 - [TEST_STEP][PASSED] - if (isRequiredTextPresent): null

05-10-2024T01:53:58 - [TEST_STEP][PASSED] - if (verifyTextPresent("ZIP Code:", false)): null

05-10-2024T01:53:58 - [MESSAGE][PASSED] - Text 'ZIP Code:' is present on page 

05-10-2024T01:53:58 - [TEST_STEP][PASSED] - isRequiredTextPresent = true: null

05-10-2024T01:53:58 - [TEST_STEP][PASSED] - if (isRequiredTextPresent): null

05-10-2024T01:53:58 - [TEST_STEP][PASSED] - if (verifyTextPresent("Please click here to make another payment.", false)): null

05-10-2024T01:53:58 - [MESSAGE][PASSED] - Text 'Please click here to make another payment.' is present on page 

05-10-2024T01:53:58 - [TEST_STEP][PASSED] - isRequiredTextPresent = true: null

05-10-2024T01:53:58 - [TEST_STEP][PASSED] - if (isRequiredTextPresent == true): pages.WriteExcel.demoKey is PASSED

05-10-2024T01:53:58 - [TEST_STEP][PASSED] - println("All the relevant texts are present on Receipt Page"): null

05-10-2024T01:53:58 - [TEST_STEP][PASSED] - markPassed("All the relevant texts are present on Receipt Page"): All the relevant texts are present on Receipt Page

05-10-2024T01:53:58 - [MESSAGE][PASSED] - All the relevant texts are present on Receipt Page

05-10-2024T01:53:58 - [TEST_STEP][PASSED] - resText = "Pass": null

05-10-2024T01:53:58 - [TEST_STEP][PASSED] - pages.WriteExcel.demoKey(resText, datText, resColumn, datCloumn, fileLoc, nameSheet, row): pages.WriteExcel.demoKey is PASSED

05-10-2024T01:53:58 - [MESSAGE][PASSED] - pages.WriteExcel.demoKey is PASSED

05-10-2024T01:53:58 - [TEST_STEP][PASSED] - closeBrowser(): Browser is closed

05-10-2024T01:53:59 - [MESSAGE][PASSED] - Browser is closed]]></system-out>
         <system-err><![CDATA[]]></system-err>
      </testcase>
      <system-out><![CDATA[04-10-2024T22:47:26 - [TEST_SUITE][FAILED] - QA_IWP2.5_Regression: Test Cases/IntegratedWeb/IWP25/Payments/CCDeferredCorp FAILED.
Reason:
com.kms.katalon.core.exception.StepFailedException: No alert found (Root cause: com.kms.katalon.core.exception.StepFailedException: No alert found
	at com.kms.katalon.core.webui.keyword.internal.WebUIKeywordMain.stepFailed(WebUIKeywordMain.groovy:64)
	at com.kms.katalon.core.webui.keyword.builtin.AcceptAlertKeyword$_acceptAlert_closure1.doCall(AcceptAlertKeyword.groovy:78)
	at com.kms.katalon.core.webui.keyword.builtin.AcceptAlertKeyword$_acceptAlert_closure1.call(AcceptAlertKeyword.groovy)
	at com.kms.katalon.core.webui.keyword.internal.WebUIKeywordMain.runKeyword(WebUIKeywordMain.groovy:20)
	at com.kms.katalon.core.webui.keyword.builtin.AcceptAlertKeyword.acceptAlert(AcceptAlertKeyword.groovy:71)
	at com.kms.katalon.core.webui.keyword.builtin.AcceptAlertKeyword.execute(AcceptAlertKeyword.groovy:66)
	at com.kms.katalon.core.keyword.internal.KeywordExecutor.executeKeywordForPlatform(KeywordExecutor.groovy:74)
	at com.kms.katalon.core.webui.keyword.WebUiBuiltInKeywords.acceptAlert(WebUiBuiltInKeywords.groovy:1561)
	at CCDeferredCorp.run(CCDeferredCorp:112)
	at com.kms.katalon.core.main.ScriptEngine.run(ScriptEngine.java:194)
	at com.kms.katalon.core.main.ScriptEngine.runScriptAsRawText(ScriptEngine.java:119)
	at com.kms.katalon.core.main.TestCaseExecutor.runScript(TestCaseExecutor.java:448)
	at com.kms.katalon.core.main.TestCaseExecutor.doExecute(TestCaseExecutor.java:439)
	at com.kms.katalon.core.main.TestCaseExecutor.processExecutionPhase(TestCaseExecutor.java:418)
	at com.kms.katalon.core.main.TestCaseExecutor.accessMainPhase(TestCaseExecutor.java:410)
	at com.kms.katalon.core.main.TestCaseExecutor.execute(TestCaseExecutor.java:285)
	at com.kms.katalon.core.common.CommonExecutor.accessTestCaseMainPhase(CommonExecutor.java:65)
	at com.kms.katalon.core.main.TestSuiteExecutor.accessTestSuiteMainPhase(TestSuiteExecutor.java:150)
	at com.kms.katalon.core.main.TestSuiteExecutor.execute(TestSuiteExecutor.java:106)
	at com.kms.katalon.core.main.TestCaseMain.startTestSuite(TestCaseMain.java:180)
	at TempTestSuite1728062229059.run(TempTestSuite1728062229059.groovy:35)
	at java.base/jdk.internal.reflect.NativeMethodAccessorImpl.invoke0(Native Method)
	at java.base/jdk.internal.reflect.NativeMethodAccessorImpl.invoke(NativeMethodAccessorImpl.java:77)
	at java.base/jdk.internal.reflect.DelegatingMethodAccessorImpl.invoke(DelegatingMethodAccessorImpl.java:43)
)
	at com.kms.katalon.core.keyword.internal.KeywordMain.stepFailed(KeywordMain.groovy:39)
	at com.kms.katalon.core.webui.keyword.internal.WebUIKeywordMain.stepFailed(WebUIKeywordMain.groovy:64)
	at com.kms.katalon.core.webui.keyword.builtin.AcceptAlertKeyword$_acceptAlert_closure1.doCall(AcceptAlertKeyword.groovy:78)
	at com.kms.katalon.core.webui.keyword.builtin.AcceptAlertKeyword$_acceptAlert_closure1.call(AcceptAlertKeyword.groovy)
	at com.kms.katalon.core.webui.keyword.internal.WebUIKeywordMain.runKeyword(WebUIKeywordMain.groovy:20)
	at com.kms.katalon.core.webui.keyword.builtin.AcceptAlertKeyword.acceptAlert(AcceptAlertKeyword.groovy:71)
	at com.kms.katalon.core.webui.keyword.builtin.AcceptAlertKeyword.execute(AcceptAlertKeyword.groovy:66)
	at com.kms.katalon.core.keyword.internal.KeywordExecutor.executeKeywordForPlatform(KeywordExecutor.groovy:74)
	at com.kms.katalon.core.webui.keyword.WebUiBuiltInKeywords.acceptAlert(WebUiBuiltInKeywords.groovy:1561)
	at CCDeferredCorp.run(CCDeferredCorp:112)
	at com.kms.katalon.core.main.ScriptEngine.run(ScriptEngine.java:194)
	at com.kms.katalon.core.main.ScriptEngine.runScriptAsRawText(ScriptEngine.java:119)
	at com.kms.katalon.core.main.TestCaseExecutor.runScript(TestCaseExecutor.java:448)
	at com.kms.katalon.core.main.TestCaseExecutor.doExecute(TestCaseExecutor.java:439)
	at com.kms.katalon.core.main.TestCaseExecutor.processExecutionPhase(TestCaseExecutor.java:418)
	at com.kms.katalon.core.main.TestCaseExecutor.accessMainPhase(TestCaseExecutor.java:410)
	at com.kms.katalon.core.main.TestCaseExecutor.execute(TestCaseExecutor.java:285)
	at com.kms.katalon.core.common.CommonExecutor.accessTestCaseMainPhase(CommonExecutor.java:65)
	at com.kms.katalon.core.main.TestSuiteExecutor.accessTestSuiteMainPhase(TestSuiteExecutor.java:150)
	at com.kms.katalon.core.main.TestSuiteExecutor.execute(TestSuiteExecutor.java:106)
	at com.kms.katalon.core.main.TestCaseMain.startTestSuite(TestCaseMain.java:180)
	at TempTestSuite1728062229059.run(TempTestSuite1728062229059.groovy:35)
	at java.base/jdk.internal.reflect.NativeMethodAccessorImpl.invoke0(Native Method)
	at java.base/jdk.internal.reflect.NativeMethodAccessorImpl.invoke(NativeMethodAccessorImpl.java:77)
	at java.base/jdk.internal.reflect.DelegatingMethodAccessorImpl.invoke(DelegatingMethodAccessorImpl.java:43)
Caused by: com.kms.katalon.core.exception.StepFailedException: No alert found
	... 24 more]]></system-out>
      <system-err><![CDATA[04-10-2024T22:47:26 - [TEST_SUITE][FAILED] - QA_IWP2.5_Regression: Test Cases/IntegratedWeb/IWP25/Payments/CCDeferredCorp FAILED.
Reason:
com.kms.katalon.core.exception.StepFailedException: No alert found (Root cause: com.kms.katalon.core.exception.StepFailedException: No alert found
	at com.kms.katalon.core.webui.keyword.internal.WebUIKeywordMain.stepFailed(WebUIKeywordMain.groovy:64)
	at com.kms.katalon.core.webui.keyword.builtin.AcceptAlertKeyword$_acceptAlert_closure1.doCall(AcceptAlertKeyword.groovy:78)
	at com.kms.katalon.core.webui.keyword.builtin.AcceptAlertKeyword$_acceptAlert_closure1.call(AcceptAlertKeyword.groovy)
	at com.kms.katalon.core.webui.keyword.internal.WebUIKeywordMain.runKeyword(WebUIKeywordMain.groovy:20)
	at com.kms.katalon.core.webui.keyword.builtin.AcceptAlertKeyword.acceptAlert(AcceptAlertKeyword.groovy:71)
	at com.kms.katalon.core.webui.keyword.builtin.AcceptAlertKeyword.execute(AcceptAlertKeyword.groovy:66)
	at com.kms.katalon.core.keyword.internal.KeywordExecutor.executeKeywordForPlatform(KeywordExecutor.groovy:74)
	at com.kms.katalon.core.webui.keyword.WebUiBuiltInKeywords.acceptAlert(WebUiBuiltInKeywords.groovy:1561)
	at CCDeferredCorp.run(CCDeferredCorp:112)
	at com.kms.katalon.core.main.ScriptEngine.run(ScriptEngine.java:194)
	at com.kms.katalon.core.main.ScriptEngine.runScriptAsRawText(ScriptEngine.java:119)
	at com.kms.katalon.core.main.TestCaseExecutor.runScript(TestCaseExecutor.java:448)
	at com.kms.katalon.core.main.TestCaseExecutor.doExecute(TestCaseExecutor.java:439)
	at com.kms.katalon.core.main.TestCaseExecutor.processExecutionPhase(TestCaseExecutor.java:418)
	at com.kms.katalon.core.main.TestCaseExecutor.accessMainPhase(TestCaseExecutor.java:410)
	at com.kms.katalon.core.main.TestCaseExecutor.execute(TestCaseExecutor.java:285)
	at com.kms.katalon.core.common.CommonExecutor.accessTestCaseMainPhase(CommonExecutor.java:65)
	at com.kms.katalon.core.main.TestSuiteExecutor.accessTestSuiteMainPhase(TestSuiteExecutor.java:150)
	at com.kms.katalon.core.main.TestSuiteExecutor.execute(TestSuiteExecutor.java:106)
	at com.kms.katalon.core.main.TestCaseMain.startTestSuite(TestCaseMain.java:180)
	at TempTestSuite1728062229059.run(TempTestSuite1728062229059.groovy:35)
	at java.base/jdk.internal.reflect.NativeMethodAccessorImpl.invoke0(Native Method)
	at java.base/jdk.internal.reflect.NativeMethodAccessorImpl.invoke(NativeMethodAccessorImpl.java:77)
	at java.base/jdk.internal.reflect.DelegatingMethodAccessorImpl.invoke(DelegatingMethodAccessorImpl.java:43)
)
	at com.kms.katalon.core.keyword.internal.KeywordMain.stepFailed(KeywordMain.groovy:39)
	at com.kms.katalon.core.webui.keyword.internal.WebUIKeywordMain.stepFailed(WebUIKeywordMain.groovy:64)
	at com.kms.katalon.core.webui.keyword.builtin.AcceptAlertKeyword$_acceptAlert_closure1.doCall(AcceptAlertKeyword.groovy:78)
	at com.kms.katalon.core.webui.keyword.builtin.AcceptAlertKeyword$_acceptAlert_closure1.call(AcceptAlertKeyword.groovy)
	at com.kms.katalon.core.webui.keyword.internal.WebUIKeywordMain.runKeyword(WebUIKeywordMain.groovy:20)
	at com.kms.katalon.core.webui.keyword.builtin.AcceptAlertKeyword.acceptAlert(AcceptAlertKeyword.groovy:71)
	at com.kms.katalon.core.webui.keyword.builtin.AcceptAlertKeyword.execute(AcceptAlertKeyword.groovy:66)
	at com.kms.katalon.core.keyword.internal.KeywordExecutor.executeKeywordForPlatform(KeywordExecutor.groovy:74)
	at com.kms.katalon.core.webui.keyword.WebUiBuiltInKeywords.acceptAlert(WebUiBuiltInKeywords.groovy:1561)
	at CCDeferredCorp.run(CCDeferredCorp:112)
	at com.kms.katalon.core.main.ScriptEngine.run(ScriptEngine.java:194)
	at com.kms.katalon.core.main.ScriptEngine.runScriptAsRawText(ScriptEngine.java:119)
	at com.kms.katalon.core.main.TestCaseExecutor.runScript(TestCaseExecutor.java:448)
	at com.kms.katalon.core.main.TestCaseExecutor.doExecute(TestCaseExecutor.java:439)
	at com.kms.katalon.core.main.TestCaseExecutor.processExecutionPhase(TestCaseExecutor.java:418)
	at com.kms.katalon.core.main.TestCaseExecutor.accessMainPhase(TestCaseExecutor.java:410)
	at com.kms.katalon.core.main.TestCaseExecutor.execute(TestCaseExecutor.java:285)
	at com.kms.katalon.core.common.CommonExecutor.accessTestCaseMainPhase(CommonExecutor.java:65)
	at com.kms.katalon.core.main.TestSuiteExecutor.accessTestSuiteMainPhase(TestSuiteExecutor.java:150)
	at com.kms.katalon.core.main.TestSuiteExecutor.execute(TestSuiteExecutor.java:106)
	at com.kms.katalon.core.main.TestCaseMain.startTestSuite(TestCaseMain.java:180)
	at TempTestSuite1728062229059.run(TempTestSuite1728062229059.groovy:35)
	at java.base/jdk.internal.reflect.NativeMethodAccessorImpl.invoke0(Native Method)
	at java.base/jdk.internal.reflect.NativeMethodAccessorImpl.invoke(NativeMethodAccessorImpl.java:77)
	at java.base/jdk.internal.reflect.DelegatingMethodAccessorImpl.invoke(DelegatingMethodAccessorImpl.java:43)
Caused by: com.kms.katalon.core.exception.StepFailedException: No alert found
	... 24 more]]></system-err>
   </testsuite>
</testsuites>
