<?xml version="1.0" encoding="UTF-8"?>
<testsuites name="AdminSuiteBootstrap_UI_TestSuite" time="848.933" tests="7" failures="4" errors="0">
   <testsuite name="AdminSuiteBootstrap_UI_TestSuite" tests="7" failures="4" errors="0" time="848.933" skipped="0" timestamp="2022-07-01 09:02:22" hostname="imtiaz - DESKTOP-B2QI6NS.govolution.com" id="Test Suites/QA/VT-Bootstrap/AdminSuiteBootstrap_UI_TestSuite">
      <properties>
         <property name="deviceName" value=""/>
         <property name="devicePlatform" value=""/>
         <property name="logFolder" value="E:\\Cloned-Project-Katalon\\VPS-Katalon\\Reports\\20220630_221407\\QA\\VT-Bootstrap\\AdminSuiteBootstrap_UI_TestSuite\\20220630_221421"/>
         <property name="logFiles" value="E:\\Cloned-Project-Katalon\\VPS-Katalon\\Reports\\20220630_221407\\QA\\VT-Bootstrap\\AdminSuiteBootstrap_UI_TestSuite\\20220630_221421\\execution0.log"/>
         <property name="attachments" value="E:\\Cloned-Project-Katalon\\VPS-Katalon\\Reports\\20220630_221407\\QA\\VT-Bootstrap\\AdminSuiteBootstrap_UI_TestSuite\\20220630_221421\\1656680598083.png, E:\\Cloned-Project-Katalon\\VPS-Katalon\\Reports\\20220630_221407\\QA\\VT-Bootstrap\\AdminSuiteBootstrap_UI_TestSuite\\20220630_221421\\1656680629569.png, E:\\Cloned-Project-Katalon\\VPS-Katalon\\Reports\\20220630_221407\\QA\\VT-Bootstrap\\AdminSuiteBootstrap_UI_TestSuite\\20220630_221421\\1656680677347.png, E:\\Cloned-Project-Katalon\\VPS-Katalon\\Reports\\20220630_221407\\QA\\VT-Bootstrap\\AdminSuiteBootstrap_UI_TestSuite\\20220630_221421\\1656680708857.png, E:\\Cloned-Project-Katalon\\VPS-Katalon\\Reports\\20220630_221407\\QA\\VT-Bootstrap\\AdminSuiteBootstrap_UI_TestSuite\\20220630_221421\\1656680747813.png, E:\\Cloned-Project-Katalon\\VPS-Katalon\\Reports\\20220630_221407\\QA\\VT-Bootstrap\\AdminSuiteBootstrap_UI_TestSuite\\20220630_221421\\1656680779377.png, E:\\Cloned-Project-Katalon\\VPS-Katalon\\Reports\\20220630_221407\\QA\\VT-Bootstrap\\AdminSuiteBootstrap_UI_TestSuite\\20220630_221421\\1656680863482.png, E:\\Cloned-Project-Katalon\\VPS-Katalon\\Reports\\20220630_221407\\QA\\VT-Bootstrap\\AdminSuiteBootstrap_UI_TestSuite\\20220630_221421\\1656680895037.png, E:\\Cloned-Project-Katalon\\VPS-Katalon\\Reports\\20220630_221407\\QA\\VT-Bootstrap\\AdminSuiteBootstrap_UI_TestSuite\\20220630_221421\\1656680967393.png, E:\\Cloned-Project-Katalon\\VPS-Katalon\\Reports\\20220630_221407\\QA\\VT-Bootstrap\\AdminSuiteBootstrap_UI_TestSuite\\20220630_221421\\1656680998967.png, E:\\Cloned-Project-Katalon\\VPS-Katalon\\Reports\\20220630_221407\\QA\\VT-Bootstrap\\AdminSuiteBootstrap_UI_TestSuite\\20220630_221421\\1656681032687.png, E:\\Cloned-Project-Katalon\\VPS-Katalon\\Reports\\20220630_221407\\QA\\VT-Bootstrap\\AdminSuiteBootstrap_UI_TestSuite\\20220630_221421\\1656681064102.png, E:\\Cloned-Project-Katalon\\VPS-Katalon\\Reports\\20220630_221407\\QA\\VT-Bootstrap\\AdminSuiteBootstrap_UI_TestSuite\\20220630_221421\\1656681095434.png, E:\\Cloned-Project-Katalon\\VPS-Katalon\\Reports\\20220630_221407\\QA\\VT-Bootstrap\\AdminSuiteBootstrap_UI_TestSuite\\20220630_221421\\1656681126845.png, E:\\Cloned-Project-Katalon\\VPS-Katalon\\Reports\\20220630_221407\\QA\\VT-Bootstrap\\AdminSuiteBootstrap_UI_TestSuite\\20220630_221421\\1656681138255.png, E:\\Cloned-Project-Katalon\\VPS-Katalon\\Reports\\20220630_221407\\QA\\VT-Bootstrap\\AdminSuiteBootstrap_UI_TestSuite\\20220630_221421\\1656681150081.png, E:\\Cloned-Project-Katalon\\VPS-Katalon\\Reports\\20220630_221407\\QA\\VT-Bootstrap\\AdminSuiteBootstrap_UI_TestSuite\\20220630_221421\\1656681161385.png, E:\\Cloned-Project-Katalon\\VPS-Katalon\\Reports\\20220630_221407\\QA\\VT-Bootstrap\\AdminSuiteBootstrap_UI_TestSuite\\20220630_221421\\1656681172758.png, E:\\Cloned-Project-Katalon\\VPS-Katalon\\Reports\\20220630_221407\\QA\\VT-Bootstrap\\AdminSuiteBootstrap_UI_TestSuite\\20220630_221421\\1656681184203.png, E:\\Cloned-Project-Katalon\\VPS-Katalon\\Reports\\20220630_221407\\QA\\VT-Bootstrap\\AdminSuiteBootstrap_UI_TestSuite\\20220630_221421\\1656681195753.png, E:\\Cloned-Project-Katalon\\VPS-Katalon\\Reports\\20220630_221407\\QA\\VT-Bootstrap\\AdminSuiteBootstrap_UI_TestSuite\\20220630_221421\\1656681207334.png, E:\\Cloned-Project-Katalon\\VPS-Katalon\\Reports\\20220630_221407\\QA\\VT-Bootstrap\\AdminSuiteBootstrap_UI_TestSuite\\20220630_221421\\1656681218750.png, E:\\Cloned-Project-Katalon\\VPS-Katalon\\Reports\\20220630_221407\\QA\\VT-Bootstrap\\AdminSuiteBootstrap_UI_TestSuite\\20220630_221421\\1656681230318.png, E:\\Cloned-Project-Katalon\\VPS-Katalon\\Reports\\20220630_221407\\QA\\VT-Bootstrap\\AdminSuiteBootstrap_UI_TestSuite\\20220630_221421\\1656681241891.png, E:\\Cloned-Project-Katalon\\VPS-Katalon\\Reports\\20220630_221407\\QA\\VT-Bootstrap\\AdminSuiteBootstrap_UI_TestSuite\\20220630_221421\\1656681253249.png, E:\\Cloned-Project-Katalon\\VPS-Katalon\\Reports\\20220630_221407\\QA\\VT-Bootstrap\\AdminSuiteBootstrap_UI_TestSuite\\20220630_221421\\1656681264569.png, E:\\Cloned-Project-Katalon\\VPS-Katalon\\Reports\\20220630_221407\\QA\\VT-Bootstrap\\AdminSuiteBootstrap_UI_TestSuite\\20220630_221421\\1656681276010.png, E:\\Cloned-Project-Katalon\\VPS-Katalon\\Reports\\20220630_221407\\QA\\VT-Bootstrap\\AdminSuiteBootstrap_UI_TestSuite\\20220630_221421\\1656681287400.png, E:\\Cloned-Project-Katalon\\VPS-Katalon\\Reports\\20220630_221407\\QA\\VT-Bootstrap\\AdminSuiteBootstrap_UI_TestSuite\\20220630_221421\\1656681298765.png, E:\\Cloned-Project-Katalon\\VPS-Katalon\\Reports\\20220630_221407\\QA\\VT-Bootstrap\\AdminSuiteBootstrap_UI_TestSuite\\20220630_221421\\1656681310153.png, E:\\Cloned-Project-Katalon\\VPS-Katalon\\Reports\\20220630_221407\\QA\\VT-Bootstrap\\AdminSuiteBootstrap_UI_TestSuite\\20220630_221421\\1656681321708.png, E:\\Cloned-Project-Katalon\\VPS-Katalon\\Reports\\20220630_221407\\QA\\VT-Bootstrap\\AdminSuiteBootstrap_UI_TestSuite\\20220630_221421\\1656681333271.png"/>
         <property name="hostName" value="imtiaz - DESKTOP-B2QI6NS.govolution.com"/>
         <property name="os" value="Windows 10 64bit"/>
         <property name="katalonVersion" value="8.2.5.208"/>
         <property name="browser" value="Chrome 103.0.5060.66"/>
         <property name="hostAddress" value="172.31.253.180"/>
         <property name="sessionId" value="da86a2d4bc2a0e1a29670a2be8761c45"/>
         <property name="seleniumVersion" value="3.141.59"/>
         <property name="proxyInformation" value="ProxyInformation { proxyOption=NO_PROXY, proxyServerType=HTTP, username=, password=********, proxyServerAddress=, proxyServerPort=0, executionList=&quot;&quot;, isApplyToDesiredCapabilities=true }"/>
         <property name="platform" value="Windows 10"/>
      </properties>
      <testcase name="Test Cases/Admin Suite Bootstrap/Dashboard_TestCases/VerifyDashboardLinks_UI_TC" time="86.728" classname="Test Cases/Admin Suite Bootstrap/Dashboard_TestCases/VerifyDashboardLinks_UI_TC" status="FAILED">
         <failure type="FAILED" message="Test Cases/Admin Suite Bootstrap/Dashboard_TestCases/VerifyDashboardLinks_UI_TC FAILED.
Reason:
com.kms.katalon.core.exception.StepFailedException: com.kms.katalon.core.webui.exception.WebElementNotFoundException: Web element with id: 'Object Repository/AdminSuiteBootstrap_Pages/Dashboard_Bootstrap/a_Email Subscription' located by '//*[@href = '/admin/imtiaz/bootstrap/vclerk/index.do?actionType=email' and (text() = 'Email Subscription' or . = 'Email Subscription')]' not found (Root cause: com.kms.katalon.core.exception.StepFailedException: com.kms.katalon.core.webui.exception.WebElementNotFoundException: Web element with id: 'Object Repository/AdminSuiteBootstrap_Pages/Dashboard_Bootstrap/a_Email Subscription' located by '//*[@href = '/admin/imtiaz/bootstrap/vclerk/index.do?actionType=email' and (text() = 'Email Subscription' or . = 'Email Subscription')]' not found
	at com.kms.katalon.core.webui.keyword.internal.WebUIKeywordMain.stepFailed(WebUIKeywordMain.groovy:64)
	at com.kms.katalon.core.webui.keyword.builtin.VerifyElementPresentKeyword$_verifyElementPresent_closure1.doCall(VerifyElementPresentKeyword.groovy:85)
	at com.kms.katalon.core.webui.keyword.builtin.VerifyElementPresentKeyword$_verifyElementPresent_closure1.call(VerifyElementPresentKeyword.groovy)
	at com.kms.katalon.core.webui.keyword.internal.WebUIKeywordMain.runKeyword(WebUIKeywordMain.groovy:20)
	at com.kms.katalon.core.webui.keyword.builtin.VerifyElementPresentKeyword.verifyElementPresent(VerifyElementPresentKeyword.groovy:92)
	at com.kms.katalon.core.webui.keyword.builtin.VerifyElementPresentKeyword.execute(VerifyElementPresentKeyword.groovy:68)
	at com.kms.katalon.core.keyword.internal.KeywordExecutor.executeKeywordForPlatform(KeywordExecutor.groovy:74)
	at com.kms.katalon.core.webui.keyword.WebUiBuiltInKeywords.verifyElementPresent(WebUiBuiltInKeywords.groovy:1464)
	at com.kms.katalon.core.webui.keyword.WebUiBuiltInKeywords$verifyElementPresent$1.call(Unknown Source)
	at VerifyDashboardLinks_UI_TC.run(VerifyDashboardLinks_UI_TC:101)
	at com.kms.katalon.core.main.ScriptEngine.run(ScriptEngine.java:194)
	at com.kms.katalon.core.main.ScriptEngine.runScriptAsRawText(ScriptEngine.java:119)
	at com.kms.katalon.core.main.TestCaseExecutor.runScript(TestCaseExecutor.java:442)
	at com.kms.katalon.core.main.TestCaseExecutor.doExecute(TestCaseExecutor.java:433)
	at com.kms.katalon.core.main.TestCaseExecutor.processExecutionPhase(TestCaseExecutor.java:412)
	at com.kms.katalon.core.main.TestCaseExecutor.accessMainPhase(TestCaseExecutor.java:404)
	at com.kms.katalon.core.main.TestCaseExecutor.execute(TestCaseExecutor.java:281)
	at com.kms.katalon.core.main.TestSuiteExecutor.accessTestCaseMainPhase(TestSuiteExecutor.java:202)
	at com.kms.katalon.core.main.TestSuiteExecutor.accessTestSuiteMainPhase(TestSuiteExecutor.java:164)
	at com.kms.katalon.core.main.TestSuiteExecutor.execute(TestSuiteExecutor.java:105)
	at com.kms.katalon.core.main.TestCaseMain.startTestSuite(TestCaseMain.java:185)
	at com.kms.katalon.core.main.TestCaseMain$startTestSuite$0.call(Unknown Source)
	at TempTestSuite1656641661317.run(TempTestSuite1656641661317.groovy:36)
)
	at com.kms.katalon.core.keyword.internal.KeywordMain.stepFailed(KeywordMain.groovy:39)
	at com.kms.katalon.core.webui.keyword.internal.WebUIKeywordMain.stepFailed(WebUIKeywordMain.groovy:64)
	at com.kms.katalon.core.webui.keyword.builtin.VerifyElementPresentKeyword$_verifyElementPresent_closure1.doCall(VerifyElementPresentKeyword.groovy:85)
	at com.kms.katalon.core.webui.keyword.builtin.VerifyElementPresentKeyword$_verifyElementPresent_closure1.call(VerifyElementPresentKeyword.groovy)
	at com.kms.katalon.core.webui.keyword.internal.WebUIKeywordMain.runKeyword(WebUIKeywordMain.groovy:20)
	at com.kms.katalon.core.webui.keyword.builtin.VerifyElementPresentKeyword.verifyElementPresent(VerifyElementPresentKeyword.groovy:92)
	at com.kms.katalon.core.webui.keyword.builtin.VerifyElementPresentKeyword.execute(VerifyElementPresentKeyword.groovy:68)
	at com.kms.katalon.core.keyword.internal.KeywordExecutor.executeKeywordForPlatform(KeywordExecutor.groovy:74)
	at com.kms.katalon.core.webui.keyword.WebUiBuiltInKeywords.verifyElementPresent(WebUiBuiltInKeywords.groovy:1464)
	at com.kms.katalon.core.webui.keyword.WebUiBuiltInKeywords$verifyElementPresent$1.call(Unknown Source)
	at VerifyDashboardLinks_UI_TC.run(VerifyDashboardLinks_UI_TC:101)
	at com.kms.katalon.core.main.ScriptEngine.run(ScriptEngine.java:194)
	at com.kms.katalon.core.main.ScriptEngine.runScriptAsRawText(ScriptEngine.java:119)
	at com.kms.katalon.core.main.TestCaseExecutor.runScript(TestCaseExecutor.java:442)
	at com.kms.katalon.core.main.TestCaseExecutor.doExecute(TestCaseExecutor.java:433)
	at com.kms.katalon.core.main.TestCaseExecutor.processExecutionPhase(TestCaseExecutor.java:412)
	at com.kms.katalon.core.main.TestCaseExecutor.accessMainPhase(TestCaseExecutor.java:404)
	at com.kms.katalon.core.main.TestCaseExecutor.execute(TestCaseExecutor.java:281)
	at com.kms.katalon.core.main.TestSuiteExecutor.accessTestCaseMainPhase(TestSuiteExecutor.java:202)
	at com.kms.katalon.core.main.TestSuiteExecutor.accessTestSuiteMainPhase(TestSuiteExecutor.java:164)
	at com.kms.katalon.core.main.TestSuiteExecutor.execute(TestSuiteExecutor.java:105)
	at com.kms.katalon.core.main.TestCaseMain.startTestSuite(TestCaseMain.java:185)
	at com.kms.katalon.core.main.TestCaseMain$startTestSuite$0.call(Unknown Source)
	at TempTestSuite1656641661317.run(TempTestSuite1656641661317.groovy:36)
Caused by: com.kms.katalon.core.exception.StepFailedException: com.kms.katalon.core.webui.exception.WebElementNotFoundException: Web element with id: 'Object Repository/AdminSuiteBootstrap_Pages/Dashboard_Bootstrap/a_Email Subscription' located by '//*[@href = '/admin/imtiaz/bootstrap/vclerk/index.do?actionType=email' and (text() = 'Email Subscription' or . = 'Email Subscription')]' not found
	... 23 more
"/>
         <system-out><![CDATA[2022-07-01 09:02:23 - [TEST_CASE][FAILED] - Test Cases/Admin Suite Bootstrap/Dashboard_TestCases/VerifyDashboardLinks_UI_TC: Test Cases/Admin Suite Bootstrap/Dashboard_TestCases/VerifyDashboardLinks_UI_TC FAILED.
Reason:
com.kms.katalon.core.exception.StepFailedException: com.kms.katalon.core.webui.exception.WebElementNotFoundException: Web element with id: 'Object Repository/AdminSuiteBootstrap_Pages/Dashboard_Bootstrap/a_Email Subscription' located by '//*[@href = '/admin/imtiaz/bootstrap/vclerk/index.do?actionType=email' and (text() = 'Email Subscription' or . = 'Email Subscription')]' not found (Root cause: com.kms.katalon.core.exception.StepFailedException: com.kms.katalon.core.webui.exception.WebElementNotFoundException: Web element with id: 'Object Repository/AdminSuiteBootstrap_Pages/Dashboard_Bootstrap/a_Email Subscription' located by '//*[@href = '/admin/imtiaz/bootstrap/vclerk/index.do?actionType=email' and (text() = 'Email Subscription' or . = 'Email Subscription')]' not found
	at com.kms.katalon.core.webui.keyword.internal.WebUIKeywordMain.stepFailed(WebUIKeywordMain.groovy:64)
	at com.kms.katalon.core.webui.keyword.builtin.VerifyElementPresentKeyword$_verifyElementPresent_closure1.doCall(VerifyElementPresentKeyword.groovy:85)
	at com.kms.katalon.core.webui.keyword.builtin.VerifyElementPresentKeyword$_verifyElementPresent_closure1.call(VerifyElementPresentKeyword.groovy)
	at com.kms.katalon.core.webui.keyword.internal.WebUIKeywordMain.runKeyword(WebUIKeywordMain.groovy:20)
	at com.kms.katalon.core.webui.keyword.builtin.VerifyElementPresentKeyword.verifyElementPresent(VerifyElementPresentKeyword.groovy:92)
	at com.kms.katalon.core.webui.keyword.builtin.VerifyElementPresentKeyword.execute(VerifyElementPresentKeyword.groovy:68)
	at com.kms.katalon.core.keyword.internal.KeywordExecutor.executeKeywordForPlatform(KeywordExecutor.groovy:74)
	at com.kms.katalon.core.webui.keyword.WebUiBuiltInKeywords.verifyElementPresent(WebUiBuiltInKeywords.groovy:1464)
	at com.kms.katalon.core.webui.keyword.WebUiBuiltInKeywords$verifyElementPresent$1.call(Unknown Source)
	at VerifyDashboardLinks_UI_TC.run(VerifyDashboardLinks_UI_TC:101)
	at com.kms.katalon.core.main.ScriptEngine.run(ScriptEngine.java:194)
	at com.kms.katalon.core.main.ScriptEngine.runScriptAsRawText(ScriptEngine.java:119)
	at com.kms.katalon.core.main.TestCaseExecutor.runScript(TestCaseExecutor.java:442)
	at com.kms.katalon.core.main.TestCaseExecutor.doExecute(TestCaseExecutor.java:433)
	at com.kms.katalon.core.main.TestCaseExecutor.processExecutionPhase(TestCaseExecutor.java:412)
	at com.kms.katalon.core.main.TestCaseExecutor.accessMainPhase(TestCaseExecutor.java:404)
	at com.kms.katalon.core.main.TestCaseExecutor.execute(TestCaseExecutor.java:281)
	at com.kms.katalon.core.main.TestSuiteExecutor.accessTestCaseMainPhase(TestSuiteExecutor.java:202)
	at com.kms.katalon.core.main.TestSuiteExecutor.accessTestSuiteMainPhase(TestSuiteExecutor.java:164)
	at com.kms.katalon.core.main.TestSuiteExecutor.execute(TestSuiteExecutor.java:105)
	at com.kms.katalon.core.main.TestCaseMain.startTestSuite(TestCaseMain.java:185)
	at com.kms.katalon.core.main.TestCaseMain$startTestSuite$0.call(Unknown Source)
	at TempTestSuite1656641661317.run(TempTestSuite1656641661317.groovy:36)
)
	at com.kms.katalon.core.keyword.internal.KeywordMain.stepFailed(KeywordMain.groovy:39)
	at com.kms.katalon.core.webui.keyword.internal.WebUIKeywordMain.stepFailed(WebUIKeywordMain.groovy:64)
	at com.kms.katalon.core.webui.keyword.builtin.VerifyElementPresentKeyword$_verifyElementPresent_closure1.doCall(VerifyElementPresentKeyword.groovy:85)
	at com.kms.katalon.core.webui.keyword.builtin.VerifyElementPresentKeyword$_verifyElementPresent_closure1.call(VerifyElementPresentKeyword.groovy)
	at com.kms.katalon.core.webui.keyword.internal.WebUIKeywordMain.runKeyword(WebUIKeywordMain.groovy:20)
	at com.kms.katalon.core.webui.keyword.builtin.VerifyElementPresentKeyword.verifyElementPresent(VerifyElementPresentKeyword.groovy:92)
	at com.kms.katalon.core.webui.keyword.builtin.VerifyElementPresentKeyword.execute(VerifyElementPresentKeyword.groovy:68)
	at com.kms.katalon.core.keyword.internal.KeywordExecutor.executeKeywordForPlatform(KeywordExecutor.groovy:74)
	at com.kms.katalon.core.webui.keyword.WebUiBuiltInKeywords.verifyElementPresent(WebUiBuiltInKeywords.groovy:1464)
	at com.kms.katalon.core.webui.keyword.WebUiBuiltInKeywords$verifyElementPresent$1.call(Unknown Source)
	at VerifyDashboardLinks_UI_TC.run(VerifyDashboardLinks_UI_TC:101)
	at com.kms.katalon.core.main.ScriptEngine.run(ScriptEngine.java:194)
	at com.kms.katalon.core.main.ScriptEngine.runScriptAsRawText(ScriptEngine.java:119)
	at com.kms.katalon.core.main.TestCaseExecutor.runScript(TestCaseExecutor.java:442)
	at com.kms.katalon.core.main.TestCaseExecutor.doExecute(TestCaseExecutor.java:433)
	at com.kms.katalon.core.main.TestCaseExecutor.processExecutionPhase(TestCaseExecutor.java:412)
	at com.kms.katalon.core.main.TestCaseExecutor.accessMainPhase(TestCaseExecutor.java:404)
	at com.kms.katalon.core.main.TestCaseExecutor.execute(TestCaseExecutor.java:281)
	at com.kms.katalon.core.main.TestSuiteExecutor.accessTestCaseMainPhase(TestSuiteExecutor.java:202)
	at com.kms.katalon.core.main.TestSuiteExecutor.accessTestSuiteMainPhase(TestSuiteExecutor.java:164)
	at com.kms.katalon.core.main.TestSuiteExecutor.execute(TestSuiteExecutor.java:105)
	at com.kms.katalon.core.main.TestCaseMain.startTestSuite(TestCaseMain.java:185)
	at com.kms.katalon.core.main.TestCaseMain$startTestSuite$0.call(Unknown Source)
	at TempTestSuite1656641661317.run(TempTestSuite1656641661317.groovy:36)
Caused by: com.kms.katalon.core.exception.StepFailedException: com.kms.katalon.core.webui.exception.WebElementNotFoundException: Web element with id: 'Object Repository/AdminSuiteBootstrap_Pages/Dashboard_Bootstrap/a_Email Subscription' located by '//*[@href = '/admin/imtiaz/bootstrap/vclerk/index.do?actionType=email' and (text() = 'Email Subscription' or . = 'Email Subscription')]' not found
	... 23 more


2022-07-01 09:02:23 - [TEST_STEP][PASSED] - path_Dashboard = "Object Repository/AdminSuiteBootstrap_Pages/Dashboard_Bootstrap/": null

2022-07-01 09:02:23 - [TEST_STEP][PASSED] - adminSuiteBootstrap.loginFunctionality.login_AdminSuite(): adminSuiteBootstrap.loginFunctionality.login_AdminSuite is PASSED

2022-07-01 09:02:24 - [MESSAGE][INFO] - Starting 'Chrome' driver

2022-07-01 09:02:24 - [MESSAGE][INFO] - User set preference: ['acceptInsecureCerts', 'true']

2022-07-01 09:02:24 - [MESSAGE][INFO] - Action delay is set to 0 milliseconds

2022-07-01 09:02:28 - [MESSAGE][PASSED] - Browser is opened with url: 'https://qa.velocitypayment.com/admin/imtiaz'

2022-07-01 09:02:28 - [MESSAGE][PASSED] - Current window maximized

2022-07-01 09:02:28 - [MESSAGE][PASSED] - Object 'Object Repository/Login_Page/Login_Username' is present

2022-07-01 09:02:29 - [MESSAGE][PASSED] - Text 'iahmed' is set on object 'Object Repository/Login_Page/Login_Username'

2022-07-01 09:02:29 - [MESSAGE][PASSED] - Text 'hello2222' is set on object 'Object Repository/Login_Page/Login_Password'

2022-07-01 09:02:33 - [MESSAGE][PASSED] - Object: 'Object Repository/Login_Page/Login_Submit' is clicked on

2022-07-01 09:02:33 - [MESSAGE][PASSED] - adminSuiteBootstrap.loginFunctionality.login_AdminSuite is PASSED

2022-07-01 09:02:33 - [TEST_STEP][PASSED] - click(findTestObject(path_Dashboard + "i_imtiaz_fa fa-user fa-lg")): Object: 'Object Repository/AdminSuiteBootstrap_Pages/Dashboard_Bootstrap/i_imtiaz_fa fa-user fa-lg' is clicked on

2022-07-01 09:02:33 - [MESSAGE][PASSED] - Object: 'Object Repository/AdminSuiteBootstrap_Pages/Dashboard_Bootstrap/i_imtiaz_fa fa-user fa-lg' is clicked on

2022-07-01 09:02:33 - [TEST_STEP][PASSED] - verifyElementVisible(findTestObject(path_Dashboard + "span_Imtiaz Ahmed iahmed")): Object 'Object Repository/AdminSuiteBootstrap_Pages/Dashboard_Bootstrap/span_Imtiaz Ahmed iahmed' is visible

2022-07-01 09:02:34 - [MESSAGE][PASSED] - Object 'Object Repository/AdminSuiteBootstrap_Pages/Dashboard_Bootstrap/span_Imtiaz Ahmed iahmed' is visible

2022-07-01 09:02:34 - [TEST_STEP][PASSED] - verifyElementPresent(findTestObject(path_Dashboard + "span_Imtiaz Ahmed iahmed"), 30): Object 'Object Repository/AdminSuiteBootstrap_Pages/Dashboard_Bootstrap/span_Imtiaz Ahmed iahmed' is present

2022-07-01 09:02:34 - [MESSAGE][PASSED] - Object 'Object Repository/AdminSuiteBootstrap_Pages/Dashboard_Bootstrap/span_Imtiaz Ahmed iahmed' is present

2022-07-01 09:02:34 - [TEST_STEP][PASSED] - verifyElementVisible(findTestObject(path_Dashboard + "span_Logout")): Object 'Object Repository/AdminSuiteBootstrap_Pages/Dashboard_Bootstrap/span_Logout' is visible

2022-07-01 09:02:34 - [MESSAGE][PASSED] - Object 'Object Repository/AdminSuiteBootstrap_Pages/Dashboard_Bootstrap/span_Logout' is visible

2022-07-01 09:02:34 - [TEST_STEP][PASSED] - verifyElementPresent(findTestObject(path_Dashboard + "span_Logout"), 30): Object 'Object Repository/AdminSuiteBootstrap_Pages/Dashboard_Bootstrap/span_Logout' is present

2022-07-01 09:02:34 - [MESSAGE][PASSED] - Object 'Object Repository/AdminSuiteBootstrap_Pages/Dashboard_Bootstrap/span_Logout' is present

2022-07-01 09:02:34 - [TEST_STEP][PASSED] - verifyElementVisible(findTestObject(path_Dashboard + "span_My Account")): Object 'Object Repository/AdminSuiteBootstrap_Pages/Dashboard_Bootstrap/span_My Account' is visible

2022-07-01 09:02:35 - [MESSAGE][PASSED] - Object 'Object Repository/AdminSuiteBootstrap_Pages/Dashboard_Bootstrap/span_My Account' is visible

2022-07-01 09:02:35 - [TEST_STEP][PASSED] - verifyElementPresent(findTestObject(path_Dashboard + "span_My Account"), 30): Object 'Object Repository/AdminSuiteBootstrap_Pages/Dashboard_Bootstrap/span_My Account' is present

2022-07-01 09:02:35 - [MESSAGE][PASSED] - Object 'Object Repository/AdminSuiteBootstrap_Pages/Dashboard_Bootstrap/span_My Account' is present

2022-07-01 09:02:35 - [TEST_STEP][PASSED] - verifyElementPresent(findTestObject(path_Dashboard + "span_Call Center"), 30): Object 'Object Repository/AdminSuiteBootstrap_Pages/Dashboard_Bootstrap/span_Call Center' is present

2022-07-01 09:02:35 - [MESSAGE][PASSED] - Object 'Object Repository/AdminSuiteBootstrap_Pages/Dashboard_Bootstrap/span_Call Center' is present

2022-07-01 09:02:35 - [TEST_STEP][PASSED] - verifyElementPresent(findTestObject(path_Dashboard + "span_Payment"), 30): Object 'Object Repository/AdminSuiteBootstrap_Pages/Dashboard_Bootstrap/span_Payment' is present

2022-07-01 09:02:36 - [MESSAGE][PASSED] - Object 'Object Repository/AdminSuiteBootstrap_Pages/Dashboard_Bootstrap/span_Payment' is present

2022-07-01 09:02:36 - [TEST_STEP][PASSED] - verifyElementPresent(findTestObject(path_Dashboard + "span_Reporting"), 30): Object 'Object Repository/AdminSuiteBootstrap_Pages/Dashboard_Bootstrap/span_Reporting' is present

2022-07-01 09:02:36 - [MESSAGE][PASSED] - Object 'Object Repository/AdminSuiteBootstrap_Pages/Dashboard_Bootstrap/span_Reporting' is present

2022-07-01 09:02:36 - [TEST_STEP][PASSED] - verifyElementPresent(findTestObject(path_Dashboard + "span_User Management"), 30): Object 'Object Repository/AdminSuiteBootstrap_Pages/Dashboard_Bootstrap/span_User Management' is present

2022-07-01 09:02:36 - [MESSAGE][PASSED] - Object 'Object Repository/AdminSuiteBootstrap_Pages/Dashboard_Bootstrap/span_User Management' is present

2022-07-01 09:02:36 - [TEST_STEP][PASSED] - verifyElementVisible(findTestObject(path_Dashboard + "span_Call Center")): Object 'Object Repository/AdminSuiteBootstrap_Pages/Dashboard_Bootstrap/span_Call Center' is visible

2022-07-01 09:02:37 - [MESSAGE][PASSED] - Object 'Object Repository/AdminSuiteBootstrap_Pages/Dashboard_Bootstrap/span_Call Center' is visible

2022-07-01 09:02:37 - [TEST_STEP][PASSED] - verifyElementVisible(findTestObject(path_Dashboard + "span_Payment")): Object 'Object Repository/AdminSuiteBootstrap_Pages/Dashboard_Bootstrap/span_Payment' is visible

2022-07-01 09:02:37 - [MESSAGE][PASSED] - Object 'Object Repository/AdminSuiteBootstrap_Pages/Dashboard_Bootstrap/span_Payment' is visible

2022-07-01 09:02:37 - [TEST_STEP][PASSED] - verifyElementVisible(findTestObject(path_Dashboard + "span_Reporting")): Object 'Object Repository/AdminSuiteBootstrap_Pages/Dashboard_Bootstrap/span_Reporting' is visible

2022-07-01 09:02:37 - [MESSAGE][PASSED] - Object 'Object Repository/AdminSuiteBootstrap_Pages/Dashboard_Bootstrap/span_Reporting' is visible

2022-07-01 09:02:37 - [TEST_STEP][PASSED] - verifyElementVisible(findTestObject(path_Dashboard + "span_User Management")): Object 'Object Repository/AdminSuiteBootstrap_Pages/Dashboard_Bootstrap/span_User Management' is visible

2022-07-01 09:02:38 - [MESSAGE][PASSED] - Object 'Object Repository/AdminSuiteBootstrap_Pages/Dashboard_Bootstrap/span_User Management' is visible

2022-07-01 09:02:38 - [TEST_STEP][PASSED] - verifyTextPresent("Velocity Payment System Version 2022-1 - Copyright © 2022 Govolution", true): Text 'Velocity Payment System Version 2022-1 - Copyright © 2022 Govolution' is present on page  using regular expression

2022-07-01 09:02:38 - [MESSAGE][PASSED] - Text 'Velocity Payment System Version 2022-1 - Copyright © 2022 Govolution' is present on page  using regular expression

2022-07-01 09:02:38 - [TEST_STEP][PASSED] - verifyElementPresent(findTestObject(path_Dashboard + "span_CustomerDD"), 30): Object 'Object Repository/AdminSuiteBootstrap_Pages/Dashboard_Bootstrap/span_CustomerDD' is present

2022-07-01 09:02:38 - [MESSAGE][PASSED] - Object 'Object Repository/AdminSuiteBootstrap_Pages/Dashboard_Bootstrap/span_CustomerDD' is present

2022-07-01 09:02:38 - [TEST_STEP][PASSED] - click(findTestObject(path_Dashboard + "span_User Management")): Object: 'Object Repository/AdminSuiteBootstrap_Pages/Dashboard_Bootstrap/span_User Management' is clicked on

2022-07-01 09:02:39 - [MESSAGE][PASSED] - Object: 'Object Repository/AdminSuiteBootstrap_Pages/Dashboard_Bootstrap/span_User Management' is clicked on

2022-07-01 09:02:39 - [TEST_STEP][PASSED] - verifyElementPresent(findTestObject(path_Dashboard + "a_Users"), 30): Object 'Object Repository/AdminSuiteBootstrap_Pages/Dashboard_Bootstrap/a_Users' is present

2022-07-01 09:02:39 - [MESSAGE][PASSED] - Object 'Object Repository/AdminSuiteBootstrap_Pages/Dashboard_Bootstrap/a_Users' is present

2022-07-01 09:02:39 - [TEST_STEP][PASSED] - verifyElementVisible(findTestObject(path_Dashboard + "a_Users")): Object 'Object Repository/AdminSuiteBootstrap_Pages/Dashboard_Bootstrap/a_Users' is visible

2022-07-01 09:02:39 - [MESSAGE][PASSED] - Object 'Object Repository/AdminSuiteBootstrap_Pages/Dashboard_Bootstrap/a_Users' is visible

2022-07-01 09:02:39 - [TEST_STEP][PASSED] - verifyElementPresent(findTestObject(path_Dashboard + "a_Roles"), 30): Object 'Object Repository/AdminSuiteBootstrap_Pages/Dashboard_Bootstrap/a_Roles' is present

2022-07-01 09:02:40 - [MESSAGE][PASSED] - Object 'Object Repository/AdminSuiteBootstrap_Pages/Dashboard_Bootstrap/a_Roles' is present

2022-07-01 09:02:40 - [TEST_STEP][PASSED] - verifyElementVisible(findTestObject(path_Dashboard + "a_Roles")): Object 'Object Repository/AdminSuiteBootstrap_Pages/Dashboard_Bootstrap/a_Roles' is visible

2022-07-01 09:02:40 - [MESSAGE][PASSED] - Object 'Object Repository/AdminSuiteBootstrap_Pages/Dashboard_Bootstrap/a_Roles' is visible

2022-07-01 09:02:40 - [TEST_STEP][PASSED] - verifyElementPresent(findTestObject(path_Dashboard + "a_Products"), 30): Object 'Object Repository/AdminSuiteBootstrap_Pages/Dashboard_Bootstrap/a_Products' is present

2022-07-01 09:02:40 - [MESSAGE][PASSED] - Object 'Object Repository/AdminSuiteBootstrap_Pages/Dashboard_Bootstrap/a_Products' is present

2022-07-01 09:02:40 - [TEST_STEP][PASSED] - verifyElementVisible(findTestObject(path_Dashboard + "a_Products")): Object 'Object Repository/AdminSuiteBootstrap_Pages/Dashboard_Bootstrap/a_Products' is visible

2022-07-01 09:02:41 - [MESSAGE][PASSED] - Object 'Object Repository/AdminSuiteBootstrap_Pages/Dashboard_Bootstrap/a_Products' is visible

2022-07-01 09:02:41 - [TEST_STEP][PASSED] - verifyElementPresent(findTestObject(path_Dashboard + "a_AVS Policy"), 30): Object 'Object Repository/AdminSuiteBootstrap_Pages/Dashboard_Bootstrap/a_AVS Policy' is present

2022-07-01 09:02:41 - [MESSAGE][PASSED] - Object 'Object Repository/AdminSuiteBootstrap_Pages/Dashboard_Bootstrap/a_AVS Policy' is present

2022-07-01 09:02:41 - [TEST_STEP][PASSED] - verifyElementVisible(findTestObject(path_Dashboard + "a_AVS Policy")): Object 'Object Repository/AdminSuiteBootstrap_Pages/Dashboard_Bootstrap/a_AVS Policy' is visible

2022-07-01 09:02:41 - [MESSAGE][PASSED] - Object 'Object Repository/AdminSuiteBootstrap_Pages/Dashboard_Bootstrap/a_AVS Policy' is visible

2022-07-01 09:02:41 - [TEST_STEP][PASSED] - verifyElementPresent(findTestObject(path_Dashboard + "a_CVV Policy"), 30): Object 'Object Repository/AdminSuiteBootstrap_Pages/Dashboard_Bootstrap/a_CVV Policy' is present

2022-07-01 09:02:42 - [MESSAGE][PASSED] - Object 'Object Repository/AdminSuiteBootstrap_Pages/Dashboard_Bootstrap/a_CVV Policy' is present

2022-07-01 09:02:42 - [TEST_STEP][PASSED] - verifyElementVisible(findTestObject(path_Dashboard + "a_CVV Policy")): Object 'Object Repository/AdminSuiteBootstrap_Pages/Dashboard_Bootstrap/a_CVV Policy' is visible

2022-07-01 09:02:42 - [MESSAGE][PASSED] - Object 'Object Repository/AdminSuiteBootstrap_Pages/Dashboard_Bootstrap/a_CVV Policy' is visible

2022-07-01 09:02:42 - [TEST_STEP][PASSED] - verifyElementPresent(findTestObject(path_Dashboard + "a_Email Alerts"), 30): Object 'Object Repository/AdminSuiteBootstrap_Pages/Dashboard_Bootstrap/a_Email Alerts' is present

2022-07-01 09:02:42 - [MESSAGE][PASSED] - Object 'Object Repository/AdminSuiteBootstrap_Pages/Dashboard_Bootstrap/a_Email Alerts' is present

2022-07-01 09:02:42 - [TEST_STEP][PASSED] - verifyElementVisible(findTestObject(path_Dashboard + "a_Email Alerts")): Object 'Object Repository/AdminSuiteBootstrap_Pages/Dashboard_Bootstrap/a_Email Alerts' is visible

2022-07-01 09:02:43 - [MESSAGE][PASSED] - Object 'Object Repository/AdminSuiteBootstrap_Pages/Dashboard_Bootstrap/a_Email Alerts' is visible

2022-07-01 09:02:43 - [TEST_STEP][PASSED] - click(findTestObject(path_Dashboard + "span_Payment")): Object: 'Object Repository/AdminSuiteBootstrap_Pages/Dashboard_Bootstrap/span_Payment' is clicked on

2022-07-01 09:02:43 - [MESSAGE][PASSED] - Object: 'Object Repository/AdminSuiteBootstrap_Pages/Dashboard_Bootstrap/span_Payment' is clicked on

2022-07-01 09:02:43 - [TEST_STEP][PASSED] - verifyElementPresent(findTestObject(path_Dashboard + "a_New Test VRelay"), 30): Object 'Object Repository/AdminSuiteBootstrap_Pages/Dashboard_Bootstrap/a_New Test VRelay' is present

2022-07-01 09:02:43 - [MESSAGE][PASSED] - Object 'Object Repository/AdminSuiteBootstrap_Pages/Dashboard_Bootstrap/a_New Test VRelay' is present

2022-07-01 09:02:43 - [TEST_STEP][PASSED] - verifyElementVisible(findTestObject(path_Dashboard + "a_New Test VRelay")): Object 'Object Repository/AdminSuiteBootstrap_Pages/Dashboard_Bootstrap/a_New Test VRelay' is visible

2022-07-01 09:02:44 - [MESSAGE][PASSED] - Object 'Object Repository/AdminSuiteBootstrap_Pages/Dashboard_Bootstrap/a_New Test VRelay' is visible

2022-07-01 09:02:44 - [TEST_STEP][PASSED] - click(findTestObject(path_Dashboard + "span_Reporting")): Object: 'Object Repository/AdminSuiteBootstrap_Pages/Dashboard_Bootstrap/span_Reporting' is clicked on

2022-07-01 09:02:44 - [MESSAGE][PASSED] - Object: 'Object Repository/AdminSuiteBootstrap_Pages/Dashboard_Bootstrap/span_Reporting' is clicked on

2022-07-01 09:02:44 - [TEST_STEP][PASSED] - verifyElementPresent(findTestObject(path_Dashboard + "a_Operational Reports"), 30): Object 'Object Repository/AdminSuiteBootstrap_Pages/Dashboard_Bootstrap/a_Operational Reports' is present

2022-07-01 09:02:44 - [MESSAGE][PASSED] - Object 'Object Repository/AdminSuiteBootstrap_Pages/Dashboard_Bootstrap/a_Operational Reports' is present

2022-07-01 09:02:44 - [TEST_STEP][PASSED] - verifyElementVisible(findTestObject(path_Dashboard + "a_Operational Reports")): Object 'Object Repository/AdminSuiteBootstrap_Pages/Dashboard_Bootstrap/a_Operational Reports' is visible

2022-07-01 09:02:45 - [MESSAGE][PASSED] - Object 'Object Repository/AdminSuiteBootstrap_Pages/Dashboard_Bootstrap/a_Operational Reports' is visible

2022-07-01 09:02:45 - [TEST_STEP][PASSED] - verifyElementPresent(findTestObject(path_Dashboard + "a_Risk ManagementAudit Reports"), 30): Object 'Object Repository/AdminSuiteBootstrap_Pages/Dashboard_Bootstrap/a_Risk ManagementAudit Reports' is present

2022-07-01 09:02:45 - [MESSAGE][PASSED] - Object 'Object Repository/AdminSuiteBootstrap_Pages/Dashboard_Bootstrap/a_Risk ManagementAudit Reports' is present

2022-07-01 09:02:45 - [TEST_STEP][PASSED] - verifyElementVisible(findTestObject(path_Dashboard + "a_Risk ManagementAudit Reports")): Object 'Object Repository/AdminSuiteBootstrap_Pages/Dashboard_Bootstrap/a_Risk ManagementAudit Reports' is visible

2022-07-01 09:02:45 - [MESSAGE][PASSED] - Object 'Object Repository/AdminSuiteBootstrap_Pages/Dashboard_Bootstrap/a_Risk ManagementAudit Reports' is visible

2022-07-01 09:02:45 - [TEST_STEP][PASSED] - verifyElementPresent(findTestObject(path_Dashboard + "a_User Reports"), 30): Object 'Object Repository/AdminSuiteBootstrap_Pages/Dashboard_Bootstrap/a_User Reports' is present

2022-07-01 09:02:45 - [MESSAGE][PASSED] - Object 'Object Repository/AdminSuiteBootstrap_Pages/Dashboard_Bootstrap/a_User Reports' is present

2022-07-01 09:02:45 - [TEST_STEP][PASSED] - verifyElementVisible(findTestObject(path_Dashboard + "a_User Reports")): Object 'Object Repository/AdminSuiteBootstrap_Pages/Dashboard_Bootstrap/a_User Reports' is visible

2022-07-01 09:02:46 - [MESSAGE][PASSED] - Object 'Object Repository/AdminSuiteBootstrap_Pages/Dashboard_Bootstrap/a_User Reports' is visible

2022-07-01 09:02:46 - [TEST_STEP][PASSED] - verifyElementPresent(findTestObject(path_Dashboard + "a_All Reports"), 30): Object 'Object Repository/AdminSuiteBootstrap_Pages/Dashboard_Bootstrap/a_All Reports' is present

2022-07-01 09:02:46 - [MESSAGE][PASSED] - Object 'Object Repository/AdminSuiteBootstrap_Pages/Dashboard_Bootstrap/a_All Reports' is present

2022-07-01 09:02:46 - [TEST_STEP][PASSED] - verifyElementVisible(findTestObject(path_Dashboard + "a_All Reports")): Object 'Object Repository/AdminSuiteBootstrap_Pages/Dashboard_Bootstrap/a_All Reports' is visible

2022-07-01 09:02:46 - [MESSAGE][PASSED] - Object 'Object Repository/AdminSuiteBootstrap_Pages/Dashboard_Bootstrap/a_All Reports' is visible

2022-07-01 09:02:46 - [TEST_STEP][FAILED] - verifyElementPresent(findTestObject(path_Dashboard + "a_Email Subscription"), 30): com.kms.katalon.core.webui.exception.WebElementNotFoundException: Web element with id: 'Object Repository/AdminSuiteBootstrap_Pages/Dashboard_Bootstrap/a_Email Subscription' located by '//*[@href = '/admin/imtiaz/bootstrap/vclerk/index.do?actionType=email' and (text() = 'Email Subscription' or . = 'Email Subscription')]' not found (Root cause: com.kms.katalon.core.exception.StepFailedException: com.kms.katalon.core.webui.exception.WebElementNotFoundException: Web element with id: 'Object Repository/AdminSuiteBootstrap_Pages/Dashboard_Bootstrap/a_Email Subscription' located by '//*[@href = '/admin/imtiaz/bootstrap/vclerk/index.do?actionType=email' and (text() = 'Email Subscription' or . = 'Email Subscription')]' not found
	at com.kms.katalon.core.webui.keyword.internal.WebUIKeywordMain.stepFailed(WebUIKeywordMain.groovy:64)
	at com.kms.katalon.core.webui.keyword.builtin.VerifyElementPresentKeyword$_verifyElementPresent_closure1.doCall(VerifyElementPresentKeyword.groovy:85)
	at com.kms.katalon.core.webui.keyword.builtin.VerifyElementPresentKeyword$_verifyElementPresent_closure1.call(VerifyElementPresentKeyword.groovy)
	at com.kms.katalon.core.webui.keyword.internal.WebUIKeywordMain.runKeyword(WebUIKeywordMain.groovy:20)
	at com.kms.katalon.core.webui.keyword.builtin.VerifyElementPresentKeyword.verifyElementPresent(VerifyElementPresentKeyword.groovy:92)
	at com.kms.katalon.core.webui.keyword.builtin.VerifyElementPresentKeyword.execute(VerifyElementPresentKeyword.groovy:68)
	at com.kms.katalon.core.keyword.internal.KeywordExecutor.executeKeywordForPlatform(KeywordExecutor.groovy:74)
	at com.kms.katalon.core.webui.keyword.WebUiBuiltInKeywords.verifyElementPresent(WebUiBuiltInKeywords.groovy:1464)
	at com.kms.katalon.core.webui.keyword.WebUiBuiltInKeywords$verifyElementPresent$1.call(Unknown Source)
	at VerifyDashboardLinks_UI_TC.run(VerifyDashboardLinks_UI_TC:101)
	at com.kms.katalon.core.main.ScriptEngine.run(ScriptEngine.java:194)
	at com.kms.katalon.core.main.ScriptEngine.runScriptAsRawText(ScriptEngine.java:119)
	at com.kms.katalon.core.main.TestCaseExecutor.runScript(TestCaseExecutor.java:442)
	at com.kms.katalon.core.main.TestCaseExecutor.doExecute(TestCaseExecutor.java:433)
	at com.kms.katalon.core.main.TestCaseExecutor.processExecutionPhase(TestCaseExecutor.java:412)
	at com.kms.katalon.core.main.TestCaseExecutor.accessMainPhase(TestCaseExecutor.java:404)
	at com.kms.katalon.core.main.TestCaseExecutor.execute(TestCaseExecutor.java:281)
	at com.kms.katalon.core.main.TestSuiteExecutor.accessTestCaseMainPhase(TestSuiteExecutor.java:202)
	at com.kms.katalon.core.main.TestSuiteExecutor.accessTestSuiteMainPhase(TestSuiteExecutor.java:164)
	at com.kms.katalon.core.main.TestSuiteExecutor.execute(TestSuiteExecutor.java:105)
	at com.kms.katalon.core.main.TestCaseMain.startTestSuite(TestCaseMain.java:185)
	at com.kms.katalon.core.main.TestCaseMain$startTestSuite$0.call(Unknown Source)
	at TempTestSuite1656641661317.run(TempTestSuite1656641661317.groovy:36)
)

2022-07-01 09:03:18 - [MESSAGE][INFO] - Unable to find the element located by 'By.xpath: //*[@href = '/admin/imtiaz/bootstrap/vclerk/index.do?actionType=email' and (text() = 'Email Subscription' or . = 'Email Subscription')]'. Please recheck the objects properties to make sure the desired element is located. 

2022-07-01 09:03:18 - [MESSAGE][FAILED] - com.kms.katalon.core.webui.exception.WebElementNotFoundException: Web element with id: 'Object Repository/AdminSuiteBootstrap_Pages/Dashboard_Bootstrap/a_Email Subscription' located by '//*[@href = '/admin/imtiaz/bootstrap/vclerk/index.do?actionType=email' and (text() = 'Email Subscription' or . = 'Email Subscription')]' not found (Root cause: com.kms.katalon.core.exception.StepFailedException: com.kms.katalon.core.webui.exception.WebElementNotFoundException: Web element with id: 'Object Repository/AdminSuiteBootstrap_Pages/Dashboard_Bootstrap/a_Email Subscription' located by '//*[@href = '/admin/imtiaz/bootstrap/vclerk/index.do?actionType=email' and (text() = 'Email Subscription' or . = 'Email Subscription')]' not found
	at com.kms.katalon.core.webui.keyword.internal.WebUIKeywordMain.stepFailed(WebUIKeywordMain.groovy:64)
	at com.kms.katalon.core.webui.keyword.builtin.VerifyElementPresentKeyword$_verifyElementPresent_closure1.doCall(VerifyElementPresentKeyword.groovy:85)
	at com.kms.katalon.core.webui.keyword.builtin.VerifyElementPresentKeyword$_verifyElementPresent_closure1.call(VerifyElementPresentKeyword.groovy)
	at com.kms.katalon.core.webui.keyword.internal.WebUIKeywordMain.runKeyword(WebUIKeywordMain.groovy:20)
	at com.kms.katalon.core.webui.keyword.builtin.VerifyElementPresentKeyword.verifyElementPresent(VerifyElementPresentKeyword.groovy:92)
	at com.kms.katalon.core.webui.keyword.builtin.VerifyElementPresentKeyword.execute(VerifyElementPresentKeyword.groovy:68)
	at com.kms.katalon.core.keyword.internal.KeywordExecutor.executeKeywordForPlatform(KeywordExecutor.groovy:74)
	at com.kms.katalon.core.webui.keyword.WebUiBuiltInKeywords.verifyElementPresent(WebUiBuiltInKeywords.groovy:1464)
	at com.kms.katalon.core.webui.keyword.WebUiBuiltInKeywords$verifyElementPresent$1.call(Unknown Source)
	at VerifyDashboardLinks_UI_TC.run(VerifyDashboardLinks_UI_TC:101)
	at com.kms.katalon.core.main.ScriptEngine.run(ScriptEngine.java:194)
	at com.kms.katalon.core.main.ScriptEngine.runScriptAsRawText(ScriptEngine.java:119)
	at com.kms.katalon.core.main.TestCaseExecutor.runScript(TestCaseExecutor.java:442)
	at com.kms.katalon.core.main.TestCaseExecutor.doExecute(TestCaseExecutor.java:433)
	at com.kms.katalon.core.main.TestCaseExecutor.processExecutionPhase(TestCaseExecutor.java:412)
	at com.kms.katalon.core.main.TestCaseExecutor.accessMainPhase(TestCaseExecutor.java:404)
	at com.kms.katalon.core.main.TestCaseExecutor.execute(TestCaseExecutor.java:281)
	at com.kms.katalon.core.main.TestSuiteExecutor.accessTestCaseMainPhase(TestSuiteExecutor.java:202)
	at com.kms.katalon.core.main.TestSuiteExecutor.accessTestSuiteMainPhase(TestSuiteExecutor.java:164)
	at com.kms.katalon.core.main.TestSuiteExecutor.execute(TestSuiteExecutor.java:105)
	at com.kms.katalon.core.main.TestCaseMain.startTestSuite(TestCaseMain.java:185)
	at com.kms.katalon.core.main.TestCaseMain$startTestSuite$0.call(Unknown Source)
	at TempTestSuite1656641661317.run(TempTestSuite1656641661317.groovy:36)
)
[[ATTACHMENT|E:\\Cloned-Project-Katalon\\VPS-Katalon\\Reports\\20220630_221407\\QA\\VT-Bootstrap\\AdminSuiteBootstrap_UI_TestSuite\\20220630_221421\\1656680598083.png]]

2022-07-01 09:03:18 - [TEST_STEP][FAILED] - verifyElementVisible(findTestObject(path_Dashboard + "a_Email Subscription")): Web element with id: 'Object Repository/AdminSuiteBootstrap_Pages/Dashboard_Bootstrap/a_Email Subscription' located by '//*[@href = '/admin/imtiaz/bootstrap/vclerk/index.do?actionType=email' and (text() = 'Email Subscription' or . = 'Email Subscription')]' not found (Root cause: com.kms.katalon.core.exception.StepFailedException: Web element with id: 'Object Repository/AdminSuiteBootstrap_Pages/Dashboard_Bootstrap/a_Email Subscription' located by '//*[@href = '/admin/imtiaz/bootstrap/vclerk/index.do?actionType=email' and (text() = 'Email Subscription' or . = 'Email Subscription')]' not found
	at com.kms.katalon.core.webui.keyword.internal.WebUIKeywordMain.stepFailed(WebUIKeywordMain.groovy:64)
	at com.kms.katalon.core.webui.keyword.builtin.VerifyElementVisibleKeyword$_verifyElementVisible_closure1.doCall(VerifyElementVisibleKeyword.groovy:89)
	at com.kms.katalon.core.webui.keyword.builtin.VerifyElementVisibleKeyword$_verifyElementVisible_closure1.call(VerifyElementVisibleKeyword.groovy)
	at com.kms.katalon.core.webui.keyword.internal.WebUIKeywordMain.runKeyword(WebUIKeywordMain.groovy:20)
	at com.kms.katalon.core.webui.keyword.builtin.VerifyElementVisibleKeyword.verifyElementVisible(VerifyElementVisibleKeyword.groovy:97)
	at com.kms.katalon.core.webui.keyword.builtin.VerifyElementVisibleKeyword.execute(VerifyElementVisibleKeyword.groovy:67)
	at com.kms.katalon.core.keyword.internal.KeywordExecutor.executeKeywordForPlatform(KeywordExecutor.groovy:74)
	at com.kms.katalon.core.webui.keyword.WebUiBuiltInKeywords.verifyElementVisible(WebUiBuiltInKeywords.groovy:376)
	at com.kms.katalon.core.webui.keyword.WebUiBuiltInKeywords$verifyElementVisible$4.call(Unknown Source)
	at VerifyDashboardLinks_UI_TC.run(VerifyDashboardLinks_UI_TC:102)
	at com.kms.katalon.core.main.ScriptEngine.run(ScriptEngine.java:194)
	at com.kms.katalon.core.main.ScriptEngine.runScriptAsRawText(ScriptEngine.java:119)
	at com.kms.katalon.core.main.TestCaseExecutor.runScript(TestCaseExecutor.java:442)
	at com.kms.katalon.core.main.TestCaseExecutor.doExecute(TestCaseExecutor.java:433)
	at com.kms.katalon.core.main.TestCaseExecutor.processExecutionPhase(TestCaseExecutor.java:412)
	at com.kms.katalon.core.main.TestCaseExecutor.accessMainPhase(TestCaseExecutor.java:404)
	at com.kms.katalon.core.main.TestCaseExecutor.execute(TestCaseExecutor.java:281)
	at com.kms.katalon.core.main.TestSuiteExecutor.accessTestCaseMainPhase(TestSuiteExecutor.java:202)
	at com.kms.katalon.core.main.TestSuiteExecutor.accessTestSuiteMainPhase(TestSuiteExecutor.java:164)
	at com.kms.katalon.core.main.TestSuiteExecutor.execute(TestSuiteExecutor.java:105)
	at com.kms.katalon.core.main.TestCaseMain.startTestSuite(TestCaseMain.java:185)
	at com.kms.katalon.core.main.TestCaseMain$startTestSuite$0.call(Unknown Source)
	at TempTestSuite1656641661317.run(TempTestSuite1656641661317.groovy:36)
)

2022-07-01 09:03:49 - [MESSAGE][INFO] - Unable to find the element located by 'By.xpath: //*[@href = '/admin/imtiaz/bootstrap/vclerk/index.do?actionType=email' and (text() = 'Email Subscription' or . = 'Email Subscription')]'. Please recheck the objects properties to make sure the desired element is located. 

2022-07-01 09:03:49 - [MESSAGE][FAILED] - Web element with id: 'Object Repository/AdminSuiteBootstrap_Pages/Dashboard_Bootstrap/a_Email Subscription' located by '//*[@href = '/admin/imtiaz/bootstrap/vclerk/index.do?actionType=email' and (text() = 'Email Subscription' or . = 'Email Subscription')]' not found (Root cause: com.kms.katalon.core.exception.StepFailedException: Web element with id: 'Object Repository/AdminSuiteBootstrap_Pages/Dashboard_Bootstrap/a_Email Subscription' located by '//*[@href = '/admin/imtiaz/bootstrap/vclerk/index.do?actionType=email' and (text() = 'Email Subscription' or . = 'Email Subscription')]' not found
	at com.kms.katalon.core.webui.keyword.internal.WebUIKeywordMain.stepFailed(WebUIKeywordMain.groovy:64)
	at com.kms.katalon.core.webui.keyword.builtin.VerifyElementVisibleKeyword$_verifyElementVisible_closure1.doCall(VerifyElementVisibleKeyword.groovy:89)
	at com.kms.katalon.core.webui.keyword.builtin.VerifyElementVisibleKeyword$_verifyElementVisible_closure1.call(VerifyElementVisibleKeyword.groovy)
	at com.kms.katalon.core.webui.keyword.internal.WebUIKeywordMain.runKeyword(WebUIKeywordMain.groovy:20)
	at com.kms.katalon.core.webui.keyword.builtin.VerifyElementVisibleKeyword.verifyElementVisible(VerifyElementVisibleKeyword.groovy:97)
	at com.kms.katalon.core.webui.keyword.builtin.VerifyElementVisibleKeyword.execute(VerifyElementVisibleKeyword.groovy:67)
	at com.kms.katalon.core.keyword.internal.KeywordExecutor.executeKeywordForPlatform(KeywordExecutor.groovy:74)
	at com.kms.katalon.core.webui.keyword.WebUiBuiltInKeywords.verifyElementVisible(WebUiBuiltInKeywords.groovy:376)
	at com.kms.katalon.core.webui.keyword.WebUiBuiltInKeywords$verifyElementVisible$4.call(Unknown Source)
	at VerifyDashboardLinks_UI_TC.run(VerifyDashboardLinks_UI_TC:102)
	at com.kms.katalon.core.main.ScriptEngine.run(ScriptEngine.java:194)
	at com.kms.katalon.core.main.ScriptEngine.runScriptAsRawText(ScriptEngine.java:119)
	at com.kms.katalon.core.main.TestCaseExecutor.runScript(TestCaseExecutor.java:442)
	at com.kms.katalon.core.main.TestCaseExecutor.doExecute(TestCaseExecutor.java:433)
	at com.kms.katalon.core.main.TestCaseExecutor.processExecutionPhase(TestCaseExecutor.java:412)
	at com.kms.katalon.core.main.TestCaseExecutor.accessMainPhase(TestCaseExecutor.java:404)
	at com.kms.katalon.core.main.TestCaseExecutor.execute(TestCaseExecutor.java:281)
	at com.kms.katalon.core.main.TestSuiteExecutor.accessTestCaseMainPhase(TestSuiteExecutor.java:202)
	at com.kms.katalon.core.main.TestSuiteExecutor.accessTestSuiteMainPhase(TestSuiteExecutor.java:164)
	at com.kms.katalon.core.main.TestSuiteExecutor.execute(TestSuiteExecutor.java:105)
	at com.kms.katalon.core.main.TestCaseMain.startTestSuite(TestCaseMain.java:185)
	at com.kms.katalon.core.main.TestCaseMain$startTestSuite$0.call(Unknown Source)
	at TempTestSuite1656641661317.run(TempTestSuite1656641661317.groovy:36)
)
[[ATTACHMENT|E:\\Cloned-Project-Katalon\\VPS-Katalon\\Reports\\20220630_221407\\QA\\VT-Bootstrap\\AdminSuiteBootstrap_UI_TestSuite\\20220630_221421\\1656680629569.png]]]]></system-out>
         <system-err><![CDATA[2022-07-01 09:02:23 - [TEST_CASE][FAILED] - Test Cases/Admin Suite Bootstrap/Dashboard_TestCases/VerifyDashboardLinks_UI_TC: Test Cases/Admin Suite Bootstrap/Dashboard_TestCases/VerifyDashboardLinks_UI_TC FAILED.
Reason:
com.kms.katalon.core.exception.StepFailedException: com.kms.katalon.core.webui.exception.WebElementNotFoundException: Web element with id: 'Object Repository/AdminSuiteBootstrap_Pages/Dashboard_Bootstrap/a_Email Subscription' located by '//*[@href = '/admin/imtiaz/bootstrap/vclerk/index.do?actionType=email' and (text() = 'Email Subscription' or . = 'Email Subscription')]' not found (Root cause: com.kms.katalon.core.exception.StepFailedException: com.kms.katalon.core.webui.exception.WebElementNotFoundException: Web element with id: 'Object Repository/AdminSuiteBootstrap_Pages/Dashboard_Bootstrap/a_Email Subscription' located by '//*[@href = '/admin/imtiaz/bootstrap/vclerk/index.do?actionType=email' and (text() = 'Email Subscription' or . = 'Email Subscription')]' not found
	at com.kms.katalon.core.webui.keyword.internal.WebUIKeywordMain.stepFailed(WebUIKeywordMain.groovy:64)
	at com.kms.katalon.core.webui.keyword.builtin.VerifyElementPresentKeyword$_verifyElementPresent_closure1.doCall(VerifyElementPresentKeyword.groovy:85)
	at com.kms.katalon.core.webui.keyword.builtin.VerifyElementPresentKeyword$_verifyElementPresent_closure1.call(VerifyElementPresentKeyword.groovy)
	at com.kms.katalon.core.webui.keyword.internal.WebUIKeywordMain.runKeyword(WebUIKeywordMain.groovy:20)
	at com.kms.katalon.core.webui.keyword.builtin.VerifyElementPresentKeyword.verifyElementPresent(VerifyElementPresentKeyword.groovy:92)
	at com.kms.katalon.core.webui.keyword.builtin.VerifyElementPresentKeyword.execute(VerifyElementPresentKeyword.groovy:68)
	at com.kms.katalon.core.keyword.internal.KeywordExecutor.executeKeywordForPlatform(KeywordExecutor.groovy:74)
	at com.kms.katalon.core.webui.keyword.WebUiBuiltInKeywords.verifyElementPresent(WebUiBuiltInKeywords.groovy:1464)
	at com.kms.katalon.core.webui.keyword.WebUiBuiltInKeywords$verifyElementPresent$1.call(Unknown Source)
	at VerifyDashboardLinks_UI_TC.run(VerifyDashboardLinks_UI_TC:101)
	at com.kms.katalon.core.main.ScriptEngine.run(ScriptEngine.java:194)
	at com.kms.katalon.core.main.ScriptEngine.runScriptAsRawText(ScriptEngine.java:119)
	at com.kms.katalon.core.main.TestCaseExecutor.runScript(TestCaseExecutor.java:442)
	at com.kms.katalon.core.main.TestCaseExecutor.doExecute(TestCaseExecutor.java:433)
	at com.kms.katalon.core.main.TestCaseExecutor.processExecutionPhase(TestCaseExecutor.java:412)
	at com.kms.katalon.core.main.TestCaseExecutor.accessMainPhase(TestCaseExecutor.java:404)
	at com.kms.katalon.core.main.TestCaseExecutor.execute(TestCaseExecutor.java:281)
	at com.kms.katalon.core.main.TestSuiteExecutor.accessTestCaseMainPhase(TestSuiteExecutor.java:202)
	at com.kms.katalon.core.main.TestSuiteExecutor.accessTestSuiteMainPhase(TestSuiteExecutor.java:164)
	at com.kms.katalon.core.main.TestSuiteExecutor.execute(TestSuiteExecutor.java:105)
	at com.kms.katalon.core.main.TestCaseMain.startTestSuite(TestCaseMain.java:185)
	at com.kms.katalon.core.main.TestCaseMain$startTestSuite$0.call(Unknown Source)
	at TempTestSuite1656641661317.run(TempTestSuite1656641661317.groovy:36)
)
	at com.kms.katalon.core.keyword.internal.KeywordMain.stepFailed(KeywordMain.groovy:39)
	at com.kms.katalon.core.webui.keyword.internal.WebUIKeywordMain.stepFailed(WebUIKeywordMain.groovy:64)
	at com.kms.katalon.core.webui.keyword.builtin.VerifyElementPresentKeyword$_verifyElementPresent_closure1.doCall(VerifyElementPresentKeyword.groovy:85)
	at com.kms.katalon.core.webui.keyword.builtin.VerifyElementPresentKeyword$_verifyElementPresent_closure1.call(VerifyElementPresentKeyword.groovy)
	at com.kms.katalon.core.webui.keyword.internal.WebUIKeywordMain.runKeyword(WebUIKeywordMain.groovy:20)
	at com.kms.katalon.core.webui.keyword.builtin.VerifyElementPresentKeyword.verifyElementPresent(VerifyElementPresentKeyword.groovy:92)
	at com.kms.katalon.core.webui.keyword.builtin.VerifyElementPresentKeyword.execute(VerifyElementPresentKeyword.groovy:68)
	at com.kms.katalon.core.keyword.internal.KeywordExecutor.executeKeywordForPlatform(KeywordExecutor.groovy:74)
	at com.kms.katalon.core.webui.keyword.WebUiBuiltInKeywords.verifyElementPresent(WebUiBuiltInKeywords.groovy:1464)
	at com.kms.katalon.core.webui.keyword.WebUiBuiltInKeywords$verifyElementPresent$1.call(Unknown Source)
	at VerifyDashboardLinks_UI_TC.run(VerifyDashboardLinks_UI_TC:101)
	at com.kms.katalon.core.main.ScriptEngine.run(ScriptEngine.java:194)
	at com.kms.katalon.core.main.ScriptEngine.runScriptAsRawText(ScriptEngine.java:119)
	at com.kms.katalon.core.main.TestCaseExecutor.runScript(TestCaseExecutor.java:442)
	at com.kms.katalon.core.main.TestCaseExecutor.doExecute(TestCaseExecutor.java:433)
	at com.kms.katalon.core.main.TestCaseExecutor.processExecutionPhase(TestCaseExecutor.java:412)
	at com.kms.katalon.core.main.TestCaseExecutor.accessMainPhase(TestCaseExecutor.java:404)
	at com.kms.katalon.core.main.TestCaseExecutor.execute(TestCaseExecutor.java:281)
	at com.kms.katalon.core.main.TestSuiteExecutor.accessTestCaseMainPhase(TestSuiteExecutor.java:202)
	at com.kms.katalon.core.main.TestSuiteExecutor.accessTestSuiteMainPhase(TestSuiteExecutor.java:164)
	at com.kms.katalon.core.main.TestSuiteExecutor.execute(TestSuiteExecutor.java:105)
	at com.kms.katalon.core.main.TestCaseMain.startTestSuite(TestCaseMain.java:185)
	at com.kms.katalon.core.main.TestCaseMain$startTestSuite$0.call(Unknown Source)
	at TempTestSuite1656641661317.run(TempTestSuite1656641661317.groovy:36)
Caused by: com.kms.katalon.core.exception.StepFailedException: com.kms.katalon.core.webui.exception.WebElementNotFoundException: Web element with id: 'Object Repository/AdminSuiteBootstrap_Pages/Dashboard_Bootstrap/a_Email Subscription' located by '//*[@href = '/admin/imtiaz/bootstrap/vclerk/index.do?actionType=email' and (text() = 'Email Subscription' or . = 'Email Subscription')]' not found
	... 23 more]]></system-err>
      </testcase>
      <testcase name="Test Cases/Admin Suite Bootstrap/VT_TestCases/VerifyIssueTransactionsLinks_UI_TC" time="149.786" classname="Test Cases/Admin Suite Bootstrap/VT_TestCases/VerifyIssueTransactionsLinks_UI_TC" status="FAILED">
         <failure type="FAILED" message="Test Cases/Admin Suite Bootstrap/VT_TestCases/VerifyIssueTransactionsLinks_UI_TC FAILED.
Reason:
com.kms.katalon.core.exception.StepFailedException: Web element with id: 'Object Repository/AdminSuiteBootstrap_Pages/VT_Bootstrap/IssueTransactions/button_CCCreditOrVoid' located by '//*[@type = 'button' and (text() = '
									 	
										Credit or  Void
									 ' or . = '
									 	
										Credit or  Void
									 ') and @href = '/admin/imtiaz/bootstrap/vpos/255/transactions/CCCreditOrVoidSearch/']' not found (Root cause: com.kms.katalon.core.exception.StepFailedException: Web element with id: 'Object Repository/AdminSuiteBootstrap_Pages/VT_Bootstrap/IssueTransactions/button_CCCreditOrVoid' located by '//*[@type = 'button' and (text() = '
									 	
										Credit or  Void
									 ' or . = '
									 	
										Credit or  Void
									 ') and @href = '/admin/imtiaz/bootstrap/vpos/255/transactions/CCCreditOrVoidSearch/']' not found
	at com.kms.katalon.core.webui.keyword.internal.WebUIKeywordMain.stepFailed(WebUIKeywordMain.groovy:64)
	at com.kms.katalon.core.webui.keyword.builtin.VerifyElementVisibleKeyword$_verifyElementVisible_closure1.doCall(VerifyElementVisibleKeyword.groovy:89)
	at com.kms.katalon.core.webui.keyword.builtin.VerifyElementVisibleKeyword$_verifyElementVisible_closure1.call(VerifyElementVisibleKeyword.groovy)
	at com.kms.katalon.core.webui.keyword.internal.WebUIKeywordMain.runKeyword(WebUIKeywordMain.groovy:20)
	at com.kms.katalon.core.webui.keyword.builtin.VerifyElementVisibleKeyword.verifyElementVisible(VerifyElementVisibleKeyword.groovy:97)
	at com.kms.katalon.core.webui.keyword.builtin.VerifyElementVisibleKeyword.execute(VerifyElementVisibleKeyword.groovy:67)
	at com.kms.katalon.core.keyword.internal.KeywordExecutor.executeKeywordForPlatform(KeywordExecutor.groovy:74)
	at com.kms.katalon.core.webui.keyword.WebUiBuiltInKeywords.verifyElementVisible(WebUiBuiltInKeywords.groovy:376)
	at com.kms.katalon.core.webui.keyword.WebUiBuiltInKeywords$verifyElementVisible$4.call(Unknown Source)
	at VerifyIssueTransactionsLinks_UI_TC.run(VerifyIssueTransactionsLinks_UI_TC:46)
	at com.kms.katalon.core.main.ScriptEngine.run(ScriptEngine.java:194)
	at com.kms.katalon.core.main.ScriptEngine.runScriptAsRawText(ScriptEngine.java:119)
	at com.kms.katalon.core.main.TestCaseExecutor.runScript(TestCaseExecutor.java:442)
	at com.kms.katalon.core.main.TestCaseExecutor.doExecute(TestCaseExecutor.java:433)
	at com.kms.katalon.core.main.TestCaseExecutor.processExecutionPhase(TestCaseExecutor.java:412)
	at com.kms.katalon.core.main.TestCaseExecutor.accessMainPhase(TestCaseExecutor.java:404)
	at com.kms.katalon.core.main.TestCaseExecutor.execute(TestCaseExecutor.java:281)
	at com.kms.katalon.core.main.TestSuiteExecutor.accessTestCaseMainPhase(TestSuiteExecutor.java:202)
	at com.kms.katalon.core.main.TestSuiteExecutor.accessTestSuiteMainPhase(TestSuiteExecutor.java:164)
	at com.kms.katalon.core.main.TestSuiteExecutor.execute(TestSuiteExecutor.java:105)
	at com.kms.katalon.core.main.TestCaseMain.startTestSuite(TestCaseMain.java:185)
	at com.kms.katalon.core.main.TestCaseMain$startTestSuite$0.call(Unknown Source)
	at TempTestSuite1656641661317.run(TempTestSuite1656641661317.groovy:36)
)
	at com.kms.katalon.core.keyword.internal.KeywordMain.stepFailed(KeywordMain.groovy:39)
	at com.kms.katalon.core.webui.keyword.internal.WebUIKeywordMain.stepFailed(WebUIKeywordMain.groovy:64)
	at com.kms.katalon.core.webui.keyword.builtin.VerifyElementVisibleKeyword$_verifyElementVisible_closure1.doCall(VerifyElementVisibleKeyword.groovy:89)
	at com.kms.katalon.core.webui.keyword.builtin.VerifyElementVisibleKeyword$_verifyElementVisible_closure1.call(VerifyElementVisibleKeyword.groovy)
	at com.kms.katalon.core.webui.keyword.internal.WebUIKeywordMain.runKeyword(WebUIKeywordMain.groovy:20)
	at com.kms.katalon.core.webui.keyword.builtin.VerifyElementVisibleKeyword.verifyElementVisible(VerifyElementVisibleKeyword.groovy:97)
	at com.kms.katalon.core.webui.keyword.builtin.VerifyElementVisibleKeyword.execute(VerifyElementVisibleKeyword.groovy:67)
	at com.kms.katalon.core.keyword.internal.KeywordExecutor.executeKeywordForPlatform(KeywordExecutor.groovy:74)
	at com.kms.katalon.core.webui.keyword.WebUiBuiltInKeywords.verifyElementVisible(WebUiBuiltInKeywords.groovy:376)
	at com.kms.katalon.core.webui.keyword.WebUiBuiltInKeywords$verifyElementVisible$4.call(Unknown Source)
	at VerifyIssueTransactionsLinks_UI_TC.run(VerifyIssueTransactionsLinks_UI_TC:46)
	at com.kms.katalon.core.main.ScriptEngine.run(ScriptEngine.java:194)
	at com.kms.katalon.core.main.ScriptEngine.runScriptAsRawText(ScriptEngine.java:119)
	at com.kms.katalon.core.main.TestCaseExecutor.runScript(TestCaseExecutor.java:442)
	at com.kms.katalon.core.main.TestCaseExecutor.doExecute(TestCaseExecutor.java:433)
	at com.kms.katalon.core.main.TestCaseExecutor.processExecutionPhase(TestCaseExecutor.java:412)
	at com.kms.katalon.core.main.TestCaseExecutor.accessMainPhase(TestCaseExecutor.java:404)
	at com.kms.katalon.core.main.TestCaseExecutor.execute(TestCaseExecutor.java:281)
	at com.kms.katalon.core.main.TestSuiteExecutor.accessTestCaseMainPhase(TestSuiteExecutor.java:202)
	at com.kms.katalon.core.main.TestSuiteExecutor.accessTestSuiteMainPhase(TestSuiteExecutor.java:164)
	at com.kms.katalon.core.main.TestSuiteExecutor.execute(TestSuiteExecutor.java:105)
	at com.kms.katalon.core.main.TestCaseMain.startTestSuite(TestCaseMain.java:185)
	at com.kms.katalon.core.main.TestCaseMain$startTestSuite$0.call(Unknown Source)
	at TempTestSuite1656641661317.run(TempTestSuite1656641661317.groovy:36)
Caused by: com.kms.katalon.core.exception.StepFailedException: Web element with id: 'Object Repository/AdminSuiteBootstrap_Pages/VT_Bootstrap/IssueTransactions/button_CCCreditOrVoid' located by '//*[@type = 'button' and (text() = '
									 	
										Credit or  Void
									 ' or . = '
									 	
										Credit or  Void
									 ') and @href = '/admin/imtiaz/bootstrap/vpos/255/transactions/CCCreditOrVoidSearch/']' not found
	... 23 more
"/>
         <system-out><![CDATA[2022-07-01 09:03:49 - [TEST_CASE][FAILED] - Test Cases/Admin Suite Bootstrap/VT_TestCases/VerifyIssueTransactionsLinks_UI_TC: Test Cases/Admin Suite Bootstrap/VT_TestCases/VerifyIssueTransactionsLinks_UI_TC FAILED.
Reason:
com.kms.katalon.core.exception.StepFailedException: Web element with id: 'Object Repository/AdminSuiteBootstrap_Pages/VT_Bootstrap/IssueTransactions/button_CCCreditOrVoid' located by '//*[@type = 'button' and (text() = '
									 	
										Credit or  Void
									 ' or . = '
									 	
										Credit or  Void
									 ') and @href = '/admin/imtiaz/bootstrap/vpos/255/transactions/CCCreditOrVoidSearch/']' not found (Root cause: com.kms.katalon.core.exception.StepFailedException: Web element with id: 'Object Repository/AdminSuiteBootstrap_Pages/VT_Bootstrap/IssueTransactions/button_CCCreditOrVoid' located by '//*[@type = 'button' and (text() = '
									 	
										Credit or  Void
									 ' or . = '
									 	
										Credit or  Void
									 ') and @href = '/admin/imtiaz/bootstrap/vpos/255/transactions/CCCreditOrVoidSearch/']' not found
	at com.kms.katalon.core.webui.keyword.internal.WebUIKeywordMain.stepFailed(WebUIKeywordMain.groovy:64)
	at com.kms.katalon.core.webui.keyword.builtin.VerifyElementVisibleKeyword$_verifyElementVisible_closure1.doCall(VerifyElementVisibleKeyword.groovy:89)
	at com.kms.katalon.core.webui.keyword.builtin.VerifyElementVisibleKeyword$_verifyElementVisible_closure1.call(VerifyElementVisibleKeyword.groovy)
	at com.kms.katalon.core.webui.keyword.internal.WebUIKeywordMain.runKeyword(WebUIKeywordMain.groovy:20)
	at com.kms.katalon.core.webui.keyword.builtin.VerifyElementVisibleKeyword.verifyElementVisible(VerifyElementVisibleKeyword.groovy:97)
	at com.kms.katalon.core.webui.keyword.builtin.VerifyElementVisibleKeyword.execute(VerifyElementVisibleKeyword.groovy:67)
	at com.kms.katalon.core.keyword.internal.KeywordExecutor.executeKeywordForPlatform(KeywordExecutor.groovy:74)
	at com.kms.katalon.core.webui.keyword.WebUiBuiltInKeywords.verifyElementVisible(WebUiBuiltInKeywords.groovy:376)
	at com.kms.katalon.core.webui.keyword.WebUiBuiltInKeywords$verifyElementVisible$4.call(Unknown Source)
	at VerifyIssueTransactionsLinks_UI_TC.run(VerifyIssueTransactionsLinks_UI_TC:46)
	at com.kms.katalon.core.main.ScriptEngine.run(ScriptEngine.java:194)
	at com.kms.katalon.core.main.ScriptEngine.runScriptAsRawText(ScriptEngine.java:119)
	at com.kms.katalon.core.main.TestCaseExecutor.runScript(TestCaseExecutor.java:442)
	at com.kms.katalon.core.main.TestCaseExecutor.doExecute(TestCaseExecutor.java:433)
	at com.kms.katalon.core.main.TestCaseExecutor.processExecutionPhase(TestCaseExecutor.java:412)
	at com.kms.katalon.core.main.TestCaseExecutor.accessMainPhase(TestCaseExecutor.java:404)
	at com.kms.katalon.core.main.TestCaseExecutor.execute(TestCaseExecutor.java:281)
	at com.kms.katalon.core.main.TestSuiteExecutor.accessTestCaseMainPhase(TestSuiteExecutor.java:202)
	at com.kms.katalon.core.main.TestSuiteExecutor.accessTestSuiteMainPhase(TestSuiteExecutor.java:164)
	at com.kms.katalon.core.main.TestSuiteExecutor.execute(TestSuiteExecutor.java:105)
	at com.kms.katalon.core.main.TestCaseMain.startTestSuite(TestCaseMain.java:185)
	at com.kms.katalon.core.main.TestCaseMain$startTestSuite$0.call(Unknown Source)
	at TempTestSuite1656641661317.run(TempTestSuite1656641661317.groovy:36)
)
	at com.kms.katalon.core.keyword.internal.KeywordMain.stepFailed(KeywordMain.groovy:39)
	at com.kms.katalon.core.webui.keyword.internal.WebUIKeywordMain.stepFailed(WebUIKeywordMain.groovy:64)
	at com.kms.katalon.core.webui.keyword.builtin.VerifyElementVisibleKeyword$_verifyElementVisible_closure1.doCall(VerifyElementVisibleKeyword.groovy:89)
	at com.kms.katalon.core.webui.keyword.builtin.VerifyElementVisibleKeyword$_verifyElementVisible_closure1.call(VerifyElementVisibleKeyword.groovy)
	at com.kms.katalon.core.webui.keyword.internal.WebUIKeywordMain.runKeyword(WebUIKeywordMain.groovy:20)
	at com.kms.katalon.core.webui.keyword.builtin.VerifyElementVisibleKeyword.verifyElementVisible(VerifyElementVisibleKeyword.groovy:97)
	at com.kms.katalon.core.webui.keyword.builtin.VerifyElementVisibleKeyword.execute(VerifyElementVisibleKeyword.groovy:67)
	at com.kms.katalon.core.keyword.internal.KeywordExecutor.executeKeywordForPlatform(KeywordExecutor.groovy:74)
	at com.kms.katalon.core.webui.keyword.WebUiBuiltInKeywords.verifyElementVisible(WebUiBuiltInKeywords.groovy:376)
	at com.kms.katalon.core.webui.keyword.WebUiBuiltInKeywords$verifyElementVisible$4.call(Unknown Source)
	at VerifyIssueTransactionsLinks_UI_TC.run(VerifyIssueTransactionsLinks_UI_TC:46)
	at com.kms.katalon.core.main.ScriptEngine.run(ScriptEngine.java:194)
	at com.kms.katalon.core.main.ScriptEngine.runScriptAsRawText(ScriptEngine.java:119)
	at com.kms.katalon.core.main.TestCaseExecutor.runScript(TestCaseExecutor.java:442)
	at com.kms.katalon.core.main.TestCaseExecutor.doExecute(TestCaseExecutor.java:433)
	at com.kms.katalon.core.main.TestCaseExecutor.processExecutionPhase(TestCaseExecutor.java:412)
	at com.kms.katalon.core.main.TestCaseExecutor.accessMainPhase(TestCaseExecutor.java:404)
	at com.kms.katalon.core.main.TestCaseExecutor.execute(TestCaseExecutor.java:281)
	at com.kms.katalon.core.main.TestSuiteExecutor.accessTestCaseMainPhase(TestSuiteExecutor.java:202)
	at com.kms.katalon.core.main.TestSuiteExecutor.accessTestSuiteMainPhase(TestSuiteExecutor.java:164)
	at com.kms.katalon.core.main.TestSuiteExecutor.execute(TestSuiteExecutor.java:105)
	at com.kms.katalon.core.main.TestCaseMain.startTestSuite(TestCaseMain.java:185)
	at com.kms.katalon.core.main.TestCaseMain$startTestSuite$0.call(Unknown Source)
	at TempTestSuite1656641661317.run(TempTestSuite1656641661317.groovy:36)
Caused by: com.kms.katalon.core.exception.StepFailedException: Web element with id: 'Object Repository/AdminSuiteBootstrap_Pages/VT_Bootstrap/IssueTransactions/button_CCCreditOrVoid' located by '//*[@type = 'button' and (text() = '
									 	
										Credit or  Void
									 ' or . = '
									 	
										Credit or  Void
									 ') and @href = '/admin/imtiaz/bootstrap/vpos/255/transactions/CCCreditOrVoidSearch/']' not found
	... 23 more


2022-07-01 09:03:50 - [TEST_STEP][PASSED] - path_Dashboard = "Object Repository/AdminSuiteBootstrap_Pages/Dashboard_Bootstrap/": null

2022-07-01 09:03:50 - [TEST_STEP][PASSED] - path_VT = "Object Repository/AdminSuiteBootstrap_Pages/VT_Bootstrap/IssueTransactions/": null

2022-07-01 09:03:50 - [TEST_STEP][PASSED] - adminSuiteBootstrap.loginFunctionality.login_AdminSuite(): adminSuiteBootstrap.loginFunctionality.login_AdminSuite is PASSED

2022-07-01 09:03:50 - [MESSAGE][WARNING] - A browser is already opened. Closing browser and opening a new one

2022-07-01 09:03:51 - [MESSAGE][INFO] - Starting 'Chrome' driver

2022-07-01 09:03:51 - [MESSAGE][INFO] - User set preference: ['acceptInsecureCerts', 'true']

2022-07-01 09:03:51 - [MESSAGE][INFO] - Action delay is set to 0 milliseconds

2022-07-01 09:03:54 - [MESSAGE][PASSED] - Browser is opened with url: 'https://qa.velocitypayment.com/admin/imtiaz'

2022-07-01 09:03:54 - [MESSAGE][PASSED] - Current window maximized

2022-07-01 09:03:54 - [MESSAGE][PASSED] - Object 'Object Repository/Login_Page/Login_Username' is present

2022-07-01 09:03:55 - [MESSAGE][PASSED] - Text 'iahmed' is set on object 'Object Repository/Login_Page/Login_Username'

2022-07-01 09:03:56 - [MESSAGE][PASSED] - Text 'hello2222' is set on object 'Object Repository/Login_Page/Login_Password'

2022-07-01 09:04:00 - [MESSAGE][PASSED] - Object: 'Object Repository/Login_Page/Login_Submit' is clicked on

2022-07-01 09:04:00 - [MESSAGE][PASSED] - adminSuiteBootstrap.loginFunctionality.login_AdminSuite is PASSED

2022-07-01 09:04:00 - [TEST_STEP][PASSED] - click(findTestObject(path_Dashboard + "span_Payment")): Object: 'Object Repository/AdminSuiteBootstrap_Pages/Dashboard_Bootstrap/span_Payment' is clicked on

2022-07-01 09:04:01 - [MESSAGE][PASSED] - Object: 'Object Repository/AdminSuiteBootstrap_Pages/Dashboard_Bootstrap/span_Payment' is clicked on

2022-07-01 09:04:01 - [TEST_STEP][PASSED] - click(findTestObject(path_Dashboard + "a_New Test VRelay")): Object: 'Object Repository/AdminSuiteBootstrap_Pages/Dashboard_Bootstrap/a_New Test VRelay' is clicked on

2022-07-01 09:04:02 - [MESSAGE][PASSED] - Object: 'Object Repository/AdminSuiteBootstrap_Pages/Dashboard_Bootstrap/a_New Test VRelay' is clicked on

2022-07-01 09:04:02 - [TEST_STEP][PASSED] - verifyTextPresent("Credit Card", true): Text 'Credit Card' is present on page  using regular expression

2022-07-01 09:04:02 - [MESSAGE][PASSED] - Text 'Credit Card' is present on page  using regular expression

2022-07-01 09:04:02 - [TEST_STEP][PASSED] - verifyTextPresent("On-line Check", true): Text 'On-line Check' is present on page  using regular expression

2022-07-01 09:04:03 - [MESSAGE][PASSED] - Text 'On-line Check' is present on page  using regular expression

2022-07-01 09:04:03 - [TEST_STEP][PASSED] - verifyElementVisible(findTestObject(path_VT + "a_Issue Transactions")): Object 'Object Repository/AdminSuiteBootstrap_Pages/VT_Bootstrap/IssueTransactions/a_Issue Transactions' is visible

2022-07-01 09:04:03 - [MESSAGE][PASSED] - Object 'Object Repository/AdminSuiteBootstrap_Pages/VT_Bootstrap/IssueTransactions/a_Issue Transactions' is visible

2022-07-01 09:04:03 - [TEST_STEP][PASSED] - verifyElementPresent(findTestObject(path_VT + "a_Issue Transactions"), 30): Object 'Object Repository/AdminSuiteBootstrap_Pages/VT_Bootstrap/IssueTransactions/a_Issue Transactions' is present

2022-07-01 09:04:04 - [MESSAGE][PASSED] - Object 'Object Repository/AdminSuiteBootstrap_Pages/VT_Bootstrap/IssueTransactions/a_Issue Transactions' is present

2022-07-01 09:04:04 - [TEST_STEP][PASSED] - verifyElementVisible(findTestObject(path_VT + "a_Search Transactions")): Object 'Object Repository/AdminSuiteBootstrap_Pages/VT_Bootstrap/IssueTransactions/a_Search Transactions' is visible

2022-07-01 09:04:04 - [MESSAGE][PASSED] - Object 'Object Repository/AdminSuiteBootstrap_Pages/VT_Bootstrap/IssueTransactions/a_Search Transactions' is visible

2022-07-01 09:04:04 - [TEST_STEP][PASSED] - verifyElementPresent(findTestObject(path_VT + "a_Search Transactions"), 30): Object 'Object Repository/AdminSuiteBootstrap_Pages/VT_Bootstrap/IssueTransactions/a_Search Transactions' is present

2022-07-01 09:04:04 - [MESSAGE][PASSED] - Object 'Object Repository/AdminSuiteBootstrap_Pages/VT_Bootstrap/IssueTransactions/a_Search Transactions' is present

2022-07-01 09:04:04 - [TEST_STEP][PASSED] - verifyElementVisible(findTestObject(path_VT + "button_Authorization  Capture (Sale)")): Object 'Object Repository/AdminSuiteBootstrap_Pages/VT_Bootstrap/IssueTransactions/button_Authorization  Capture (Sale)' is visible

2022-07-01 09:04:05 - [MESSAGE][PASSED] - Object 'Object Repository/AdminSuiteBootstrap_Pages/VT_Bootstrap/IssueTransactions/button_Authorization  Capture (Sale)' is visible

2022-07-01 09:04:05 - [TEST_STEP][PASSED] - verifyElementPresent(findTestObject(path_VT + "button_Authorization  Capture (Sale)"), 30): Object 'Object Repository/AdminSuiteBootstrap_Pages/VT_Bootstrap/IssueTransactions/button_Authorization  Capture (Sale)' is present

2022-07-01 09:04:05 - [MESSAGE][PASSED] - Object 'Object Repository/AdminSuiteBootstrap_Pages/VT_Bootstrap/IssueTransactions/button_Authorization  Capture (Sale)' is present

2022-07-01 09:04:05 - [TEST_STEP][PASSED] - verifyElementVisible(findTestObject(path_VT + "button_Authorization Only")): Object 'Object Repository/AdminSuiteBootstrap_Pages/VT_Bootstrap/IssueTransactions/button_Authorization Only' is visible

2022-07-01 09:04:05 - [MESSAGE][PASSED] - Object 'Object Repository/AdminSuiteBootstrap_Pages/VT_Bootstrap/IssueTransactions/button_Authorization Only' is visible

2022-07-01 09:04:05 - [TEST_STEP][PASSED] - verifyElementPresent(findTestObject(path_VT + "button_Authorization Only"), 30): Object 'Object Repository/AdminSuiteBootstrap_Pages/VT_Bootstrap/IssueTransactions/button_Authorization Only' is present

2022-07-01 09:04:06 - [MESSAGE][PASSED] - Object 'Object Repository/AdminSuiteBootstrap_Pages/VT_Bootstrap/IssueTransactions/button_Authorization Only' is present

2022-07-01 09:04:06 - [TEST_STEP][FAILED] - verifyElementVisible(findTestObject(path_VT + "button_CCCreditOrVoid")): Web element with id: 'Object Repository/AdminSuiteBootstrap_Pages/VT_Bootstrap/IssueTransactions/button_CCCreditOrVoid' located by '//*[@type = 'button' and (text() = '
									 	
										Credit or  Void
									 ' or . = '
									 	
										Credit or  Void
									 ') and @href = '/admin/imtiaz/bootstrap/vpos/255/transactions/CCCreditOrVoidSearch/']' not found (Root cause: com.kms.katalon.core.exception.StepFailedException: Web element with id: 'Object Repository/AdminSuiteBootstrap_Pages/VT_Bootstrap/IssueTransactions/button_CCCreditOrVoid' located by '//*[@type = 'button' and (text() = '
									 	
										Credit or  Void
									 ' or . = '
									 	
										Credit or  Void
									 ') and @href = '/admin/imtiaz/bootstrap/vpos/255/transactions/CCCreditOrVoidSearch/']' not found
	at com.kms.katalon.core.webui.keyword.internal.WebUIKeywordMain.stepFailed(WebUIKeywordMain.groovy:64)
	at com.kms.katalon.core.webui.keyword.builtin.VerifyElementVisibleKeyword$_verifyElementVisible_closure1.doCall(VerifyElementVisibleKeyword.groovy:89)
	at com.kms.katalon.core.webui.keyword.builtin.VerifyElementVisibleKeyword$_verifyElementVisible_closure1.call(VerifyElementVisibleKeyword.groovy)
	at com.kms.katalon.core.webui.keyword.internal.WebUIKeywordMain.runKeyword(WebUIKeywordMain.groovy:20)
	at com.kms.katalon.core.webui.keyword.builtin.VerifyElementVisibleKeyword.verifyElementVisible(VerifyElementVisibleKeyword.groovy:97)
	at com.kms.katalon.core.webui.keyword.builtin.VerifyElementVisibleKeyword.execute(VerifyElementVisibleKeyword.groovy:67)
	at com.kms.katalon.core.keyword.internal.KeywordExecutor.executeKeywordForPlatform(KeywordExecutor.groovy:74)
	at com.kms.katalon.core.webui.keyword.WebUiBuiltInKeywords.verifyElementVisible(WebUiBuiltInKeywords.groovy:376)
	at com.kms.katalon.core.webui.keyword.WebUiBuiltInKeywords$verifyElementVisible$4.call(Unknown Source)
	at VerifyIssueTransactionsLinks_UI_TC.run(VerifyIssueTransactionsLinks_UI_TC:46)
	at com.kms.katalon.core.main.ScriptEngine.run(ScriptEngine.java:194)
	at com.kms.katalon.core.main.ScriptEngine.runScriptAsRawText(ScriptEngine.java:119)
	at com.kms.katalon.core.main.TestCaseExecutor.runScript(TestCaseExecutor.java:442)
	at com.kms.katalon.core.main.TestCaseExecutor.doExecute(TestCaseExecutor.java:433)
	at com.kms.katalon.core.main.TestCaseExecutor.processExecutionPhase(TestCaseExecutor.java:412)
	at com.kms.katalon.core.main.TestCaseExecutor.accessMainPhase(TestCaseExecutor.java:404)
	at com.kms.katalon.core.main.TestCaseExecutor.execute(TestCaseExecutor.java:281)
	at com.kms.katalon.core.main.TestSuiteExecutor.accessTestCaseMainPhase(TestSuiteExecutor.java:202)
	at com.kms.katalon.core.main.TestSuiteExecutor.accessTestSuiteMainPhase(TestSuiteExecutor.java:164)
	at com.kms.katalon.core.main.TestSuiteExecutor.execute(TestSuiteExecutor.java:105)
	at com.kms.katalon.core.main.TestCaseMain.startTestSuite(TestCaseMain.java:185)
	at com.kms.katalon.core.main.TestCaseMain$startTestSuite$0.call(Unknown Source)
	at TempTestSuite1656641661317.run(TempTestSuite1656641661317.groovy:36)
)

2022-07-01 09:04:37 - [MESSAGE][INFO] - Unable to find the element located by 'By.xpath: //*[@type = 'button' and (text() = '
									 	
										Credit or  Void
									 ' or . = '
									 	
										Credit or  Void
									 ') and @href = '/admin/imtiaz/bootstrap/vpos/255/transactions/CCCreditOrVoidSearch/']'. Please recheck the objects properties to make sure the desired element is located. 

2022-07-01 09:04:37 - [MESSAGE][FAILED] - Web element with id: 'Object Repository/AdminSuiteBootstrap_Pages/VT_Bootstrap/IssueTransactions/button_CCCreditOrVoid' located by '//*[@type = 'button' and (text() = '
									 	
										Credit or  Void
									 ' or . = '
									 	
										Credit or  Void
									 ') and @href = '/admin/imtiaz/bootstrap/vpos/255/transactions/CCCreditOrVoidSearch/']' not found (Root cause: com.kms.katalon.core.exception.StepFailedException: Web element with id: 'Object Repository/AdminSuiteBootstrap_Pages/VT_Bootstrap/IssueTransactions/button_CCCreditOrVoid' located by '//*[@type = 'button' and (text() = '
									 	
										Credit or  Void
									 ' or . = '
									 	
										Credit or  Void
									 ') and @href = '/admin/imtiaz/bootstrap/vpos/255/transactions/CCCreditOrVoidSearch/']' not found
	at com.kms.katalon.core.webui.keyword.internal.WebUIKeywordMain.stepFailed(WebUIKeywordMain.groovy:64)
	at com.kms.katalon.core.webui.keyword.builtin.VerifyElementVisibleKeyword$_verifyElementVisible_closure1.doCall(VerifyElementVisibleKeyword.groovy:89)
	at com.kms.katalon.core.webui.keyword.builtin.VerifyElementVisibleKeyword$_verifyElementVisible_closure1.call(VerifyElementVisibleKeyword.groovy)
	at com.kms.katalon.core.webui.keyword.internal.WebUIKeywordMain.runKeyword(WebUIKeywordMain.groovy:20)
	at com.kms.katalon.core.webui.keyword.builtin.VerifyElementVisibleKeyword.verifyElementVisible(VerifyElementVisibleKeyword.groovy:97)
	at com.kms.katalon.core.webui.keyword.builtin.VerifyElementVisibleKeyword.execute(VerifyElementVisibleKeyword.groovy:67)
	at com.kms.katalon.core.keyword.internal.KeywordExecutor.executeKeywordForPlatform(KeywordExecutor.groovy:74)
	at com.kms.katalon.core.webui.keyword.WebUiBuiltInKeywords.verifyElementVisible(WebUiBuiltInKeywords.groovy:376)
	at com.kms.katalon.core.webui.keyword.WebUiBuiltInKeywords$verifyElementVisible$4.call(Unknown Source)
	at VerifyIssueTransactionsLinks_UI_TC.run(VerifyIssueTransactionsLinks_UI_TC:46)
	at com.kms.katalon.core.main.ScriptEngine.run(ScriptEngine.java:194)
	at com.kms.katalon.core.main.ScriptEngine.runScriptAsRawText(ScriptEngine.java:119)
	at com.kms.katalon.core.main.TestCaseExecutor.runScript(TestCaseExecutor.java:442)
	at com.kms.katalon.core.main.TestCaseExecutor.doExecute(TestCaseExecutor.java:433)
	at com.kms.katalon.core.main.TestCaseExecutor.processExecutionPhase(TestCaseExecutor.java:412)
	at com.kms.katalon.core.main.TestCaseExecutor.accessMainPhase(TestCaseExecutor.java:404)
	at com.kms.katalon.core.main.TestCaseExecutor.execute(TestCaseExecutor.java:281)
	at com.kms.katalon.core.main.TestSuiteExecutor.accessTestCaseMainPhase(TestSuiteExecutor.java:202)
	at com.kms.katalon.core.main.TestSuiteExecutor.accessTestSuiteMainPhase(TestSuiteExecutor.java:164)
	at com.kms.katalon.core.main.TestSuiteExecutor.execute(TestSuiteExecutor.java:105)
	at com.kms.katalon.core.main.TestCaseMain.startTestSuite(TestCaseMain.java:185)
	at com.kms.katalon.core.main.TestCaseMain$startTestSuite$0.call(Unknown Source)
	at TempTestSuite1656641661317.run(TempTestSuite1656641661317.groovy:36)
)
[[ATTACHMENT|E:\\Cloned-Project-Katalon\\VPS-Katalon\\Reports\\20220630_221407\\QA\\VT-Bootstrap\\AdminSuiteBootstrap_UI_TestSuite\\20220630_221421\\1656680677347.png]]

2022-07-01 09:04:37 - [TEST_STEP][FAILED] - verifyElementPresent(findTestObject(path_VT + "button_CCCreditOrVoid"), 30): com.kms.katalon.core.webui.exception.WebElementNotFoundException: Web element with id: 'Object Repository/AdminSuiteBootstrap_Pages/VT_Bootstrap/IssueTransactions/button_CCCreditOrVoid' located by '//*[@type = 'button' and (text() = '
									 	
										Credit or  Void
									 ' or . = '
									 	
										Credit or  Void
									 ') and @href = '/admin/imtiaz/bootstrap/vpos/255/transactions/CCCreditOrVoidSearch/']' not found (Root cause: com.kms.katalon.core.exception.StepFailedException: com.kms.katalon.core.webui.exception.WebElementNotFoundException: Web element with id: 'Object Repository/AdminSuiteBootstrap_Pages/VT_Bootstrap/IssueTransactions/button_CCCreditOrVoid' located by '//*[@type = 'button' and (text() = '
									 	
										Credit or  Void
									 ' or . = '
									 	
										Credit or  Void
									 ') and @href = '/admin/imtiaz/bootstrap/vpos/255/transactions/CCCreditOrVoidSearch/']' not found
	at com.kms.katalon.core.webui.keyword.internal.WebUIKeywordMain.stepFailed(WebUIKeywordMain.groovy:64)
	at com.kms.katalon.core.webui.keyword.builtin.VerifyElementPresentKeyword$_verifyElementPresent_closure1.doCall(VerifyElementPresentKeyword.groovy:85)
	at com.kms.katalon.core.webui.keyword.builtin.VerifyElementPresentKeyword$_verifyElementPresent_closure1.call(VerifyElementPresentKeyword.groovy)
	at com.kms.katalon.core.webui.keyword.internal.WebUIKeywordMain.runKeyword(WebUIKeywordMain.groovy:20)
	at com.kms.katalon.core.webui.keyword.builtin.VerifyElementPresentKeyword.verifyElementPresent(VerifyElementPresentKeyword.groovy:92)
	at com.kms.katalon.core.webui.keyword.builtin.VerifyElementPresentKeyword.execute(VerifyElementPresentKeyword.groovy:68)
	at com.kms.katalon.core.keyword.internal.KeywordExecutor.executeKeywordForPlatform(KeywordExecutor.groovy:74)
	at com.kms.katalon.core.webui.keyword.WebUiBuiltInKeywords.verifyElementPresent(WebUiBuiltInKeywords.groovy:1464)
	at com.kms.katalon.core.webui.keyword.WebUiBuiltInKeywords$verifyElementPresent$1.call(Unknown Source)
	at VerifyIssueTransactionsLinks_UI_TC.run(VerifyIssueTransactionsLinks_UI_TC:47)
	at com.kms.katalon.core.main.ScriptEngine.run(ScriptEngine.java:194)
	at com.kms.katalon.core.main.ScriptEngine.runScriptAsRawText(ScriptEngine.java:119)
	at com.kms.katalon.core.main.TestCaseExecutor.runScript(TestCaseExecutor.java:442)
	at com.kms.katalon.core.main.TestCaseExecutor.doExecute(TestCaseExecutor.java:433)
	at com.kms.katalon.core.main.TestCaseExecutor.processExecutionPhase(TestCaseExecutor.java:412)
	at com.kms.katalon.core.main.TestCaseExecutor.accessMainPhase(TestCaseExecutor.java:404)
	at com.kms.katalon.core.main.TestCaseExecutor.execute(TestCaseExecutor.java:281)
	at com.kms.katalon.core.main.TestSuiteExecutor.accessTestCaseMainPhase(TestSuiteExecutor.java:202)
	at com.kms.katalon.core.main.TestSuiteExecutor.accessTestSuiteMainPhase(TestSuiteExecutor.java:164)
	at com.kms.katalon.core.main.TestSuiteExecutor.execute(TestSuiteExecutor.java:105)
	at com.kms.katalon.core.main.TestCaseMain.startTestSuite(TestCaseMain.java:185)
	at com.kms.katalon.core.main.TestCaseMain$startTestSuite$0.call(Unknown Source)
	at TempTestSuite1656641661317.run(TempTestSuite1656641661317.groovy:36)
)

2022-07-01 09:05:08 - [MESSAGE][INFO] - Unable to find the element located by 'By.xpath: //*[@type = 'button' and (text() = '
									 	
										Credit or  Void
									 ' or . = '
									 	
										Credit or  Void
									 ') and @href = '/admin/imtiaz/bootstrap/vpos/255/transactions/CCCreditOrVoidSearch/']'. Please recheck the objects properties to make sure the desired element is located. 

2022-07-01 09:05:09 - [MESSAGE][FAILED] - com.kms.katalon.core.webui.exception.WebElementNotFoundException: Web element with id: 'Object Repository/AdminSuiteBootstrap_Pages/VT_Bootstrap/IssueTransactions/button_CCCreditOrVoid' located by '//*[@type = 'button' and (text() = '
									 	
										Credit or  Void
									 ' or . = '
									 	
										Credit or  Void
									 ') and @href = '/admin/imtiaz/bootstrap/vpos/255/transactions/CCCreditOrVoidSearch/']' not found (Root cause: com.kms.katalon.core.exception.StepFailedException: com.kms.katalon.core.webui.exception.WebElementNotFoundException: Web element with id: 'Object Repository/AdminSuiteBootstrap_Pages/VT_Bootstrap/IssueTransactions/button_CCCreditOrVoid' located by '//*[@type = 'button' and (text() = '
									 	
										Credit or  Void
									 ' or . = '
									 	
										Credit or  Void
									 ') and @href = '/admin/imtiaz/bootstrap/vpos/255/transactions/CCCreditOrVoidSearch/']' not found
	at com.kms.katalon.core.webui.keyword.internal.WebUIKeywordMain.stepFailed(WebUIKeywordMain.groovy:64)
	at com.kms.katalon.core.webui.keyword.builtin.VerifyElementPresentKeyword$_verifyElementPresent_closure1.doCall(VerifyElementPresentKeyword.groovy:85)
	at com.kms.katalon.core.webui.keyword.builtin.VerifyElementPresentKeyword$_verifyElementPresent_closure1.call(VerifyElementPresentKeyword.groovy)
	at com.kms.katalon.core.webui.keyword.internal.WebUIKeywordMain.runKeyword(WebUIKeywordMain.groovy:20)
	at com.kms.katalon.core.webui.keyword.builtin.VerifyElementPresentKeyword.verifyElementPresent(VerifyElementPresentKeyword.groovy:92)
	at com.kms.katalon.core.webui.keyword.builtin.VerifyElementPresentKeyword.execute(VerifyElementPresentKeyword.groovy:68)
	at com.kms.katalon.core.keyword.internal.KeywordExecutor.executeKeywordForPlatform(KeywordExecutor.groovy:74)
	at com.kms.katalon.core.webui.keyword.WebUiBuiltInKeywords.verifyElementPresent(WebUiBuiltInKeywords.groovy:1464)
	at com.kms.katalon.core.webui.keyword.WebUiBuiltInKeywords$verifyElementPresent$1.call(Unknown Source)
	at VerifyIssueTransactionsLinks_UI_TC.run(VerifyIssueTransactionsLinks_UI_TC:47)
	at com.kms.katalon.core.main.ScriptEngine.run(ScriptEngine.java:194)
	at com.kms.katalon.core.main.ScriptEngine.runScriptAsRawText(ScriptEngine.java:119)
	at com.kms.katalon.core.main.TestCaseExecutor.runScript(TestCaseExecutor.java:442)
	at com.kms.katalon.core.main.TestCaseExecutor.doExecute(TestCaseExecutor.java:433)
	at com.kms.katalon.core.main.TestCaseExecutor.processExecutionPhase(TestCaseExecutor.java:412)
	at com.kms.katalon.core.main.TestCaseExecutor.accessMainPhase(TestCaseExecutor.java:404)
	at com.kms.katalon.core.main.TestCaseExecutor.execute(TestCaseExecutor.java:281)
	at com.kms.katalon.core.main.TestSuiteExecutor.accessTestCaseMainPhase(TestSuiteExecutor.java:202)
	at com.kms.katalon.core.main.TestSuiteExecutor.accessTestSuiteMainPhase(TestSuiteExecutor.java:164)
	at com.kms.katalon.core.main.TestSuiteExecutor.execute(TestSuiteExecutor.java:105)
	at com.kms.katalon.core.main.TestCaseMain.startTestSuite(TestCaseMain.java:185)
	at com.kms.katalon.core.main.TestCaseMain$startTestSuite$0.call(Unknown Source)
	at TempTestSuite1656641661317.run(TempTestSuite1656641661317.groovy:36)
)
[[ATTACHMENT|E:\\Cloned-Project-Katalon\\VPS-Katalon\\Reports\\20220630_221407\\QA\\VT-Bootstrap\\AdminSuiteBootstrap_UI_TestSuite\\20220630_221421\\1656680708857.png]]

2022-07-01 09:05:09 - [TEST_STEP][PASSED] - verifyElementVisible(findTestObject(path_VT + "button_Capture an Authorization")): Object 'Object Repository/AdminSuiteBootstrap_Pages/VT_Bootstrap/IssueTransactions/button_Capture an Authorization' is visible

2022-07-01 09:05:09 - [MESSAGE][PASSED] - Object 'Object Repository/AdminSuiteBootstrap_Pages/VT_Bootstrap/IssueTransactions/button_Capture an Authorization' is visible

2022-07-01 09:05:09 - [TEST_STEP][PASSED] - verifyElementPresent(findTestObject(path_VT + "button_Capture an Authorization"), 30): Object 'Object Repository/AdminSuiteBootstrap_Pages/VT_Bootstrap/IssueTransactions/button_Capture an Authorization' is present

2022-07-01 09:05:09 - [MESSAGE][PASSED] - Object 'Object Repository/AdminSuiteBootstrap_Pages/VT_Bootstrap/IssueTransactions/button_Capture an Authorization' is present

2022-07-01 09:05:09 - [TEST_STEP][PASSED] - verifyElementVisible(findTestObject(path_VT + "button_Manual Authorization")): Object 'Object Repository/AdminSuiteBootstrap_Pages/VT_Bootstrap/IssueTransactions/button_Manual Authorization' is visible

2022-07-01 09:05:10 - [MESSAGE][PASSED] - Object 'Object Repository/AdminSuiteBootstrap_Pages/VT_Bootstrap/IssueTransactions/button_Manual Authorization' is visible

2022-07-01 09:05:10 - [TEST_STEP][PASSED] - verifyElementPresent(findTestObject(path_VT + "button_Manual Authorization"), 30): Object 'Object Repository/AdminSuiteBootstrap_Pages/VT_Bootstrap/IssueTransactions/button_Manual Authorization' is present

2022-07-01 09:05:10 - [MESSAGE][PASSED] - Object 'Object Repository/AdminSuiteBootstrap_Pages/VT_Bootstrap/IssueTransactions/button_Manual Authorization' is present

2022-07-01 09:05:10 - [TEST_STEP][PASSED] - verifyElementVisible(findTestObject(path_VT + "button_Debit")): Object 'Object Repository/AdminSuiteBootstrap_Pages/VT_Bootstrap/IssueTransactions/button_Debit' is visible

2022-07-01 09:05:10 - [MESSAGE][PASSED] - Object 'Object Repository/AdminSuiteBootstrap_Pages/VT_Bootstrap/IssueTransactions/button_Debit' is visible

2022-07-01 09:05:10 - [TEST_STEP][PASSED] - verifyElementPresent(findTestObject(path_VT + "button_Debit"), 30): Object 'Object Repository/AdminSuiteBootstrap_Pages/VT_Bootstrap/IssueTransactions/button_Debit' is present

2022-07-01 09:05:11 - [MESSAGE][PASSED] - Object 'Object Repository/AdminSuiteBootstrap_Pages/VT_Bootstrap/IssueTransactions/button_Debit' is present

2022-07-01 09:05:11 - [TEST_STEP][PASSED] - click(findTestObject(path_VT + "button_Authorization Only")): Object: 'Object Repository/AdminSuiteBootstrap_Pages/VT_Bootstrap/IssueTransactions/button_Authorization Only' is clicked on

2022-07-01 09:05:11 - [MESSAGE][PASSED] - Object: 'Object Repository/AdminSuiteBootstrap_Pages/VT_Bootstrap/IssueTransactions/button_Authorization Only' is clicked on

2022-07-01 09:05:11 - [TEST_STEP][PASSED] - verifyElementVisible(findTestObject(path_VT + "a_KeyboardEntry_Auth")): Object 'Object Repository/AdminSuiteBootstrap_Pages/VT_Bootstrap/IssueTransactions/a_KeyboardEntry_Auth' is visible

2022-07-01 09:05:11 - [MESSAGE][PASSED] - Object 'Object Repository/AdminSuiteBootstrap_Pages/VT_Bootstrap/IssueTransactions/a_KeyboardEntry_Auth' is visible

2022-07-01 09:05:11 - [TEST_STEP][PASSED] - verifyElementPresent(findTestObject(path_VT + "a_KeyboardEntry_Auth"), 30): Object 'Object Repository/AdminSuiteBootstrap_Pages/VT_Bootstrap/IssueTransactions/a_KeyboardEntry_Auth' is present

2022-07-01 09:05:12 - [MESSAGE][PASSED] - Object 'Object Repository/AdminSuiteBootstrap_Pages/VT_Bootstrap/IssueTransactions/a_KeyboardEntry_Auth' is present

2022-07-01 09:05:12 - [TEST_STEP][PASSED] - verifyElementVisible(findTestObject(path_VT + "a_PINPadEntry_Auth")): Object 'Object Repository/AdminSuiteBootstrap_Pages/VT_Bootstrap/IssueTransactions/a_PINPadEntry_Auth' is visible

2022-07-01 09:05:12 - [MESSAGE][PASSED] - Object 'Object Repository/AdminSuiteBootstrap_Pages/VT_Bootstrap/IssueTransactions/a_PINPadEntry_Auth' is visible

2022-07-01 09:05:12 - [TEST_STEP][PASSED] - verifyElementPresent(findTestObject(path_VT + "a_PINPadEntry_Auth"), 30): Object 'Object Repository/AdminSuiteBootstrap_Pages/VT_Bootstrap/IssueTransactions/a_PINPadEntry_Auth' is present

2022-07-01 09:05:12 - [MESSAGE][PASSED] - Object 'Object Repository/AdminSuiteBootstrap_Pages/VT_Bootstrap/IssueTransactions/a_PINPadEntry_Auth' is present

2022-07-01 09:05:12 - [TEST_STEP][PASSED] - verifyElementVisible(findTestObject(path_VT + "a_Swipe_Auth")): Object 'Object Repository/AdminSuiteBootstrap_Pages/VT_Bootstrap/IssueTransactions/a_Swipe_Auth' is visible

2022-07-01 09:05:13 - [MESSAGE][PASSED] - Object 'Object Repository/AdminSuiteBootstrap_Pages/VT_Bootstrap/IssueTransactions/a_Swipe_Auth' is visible

2022-07-01 09:05:13 - [TEST_STEP][PASSED] - verifyElementPresent(findTestObject(path_VT + "a_Swipe_Auth"), 30): Object 'Object Repository/AdminSuiteBootstrap_Pages/VT_Bootstrap/IssueTransactions/a_Swipe_Auth' is present

2022-07-01 09:05:13 - [MESSAGE][PASSED] - Object 'Object Repository/AdminSuiteBootstrap_Pages/VT_Bootstrap/IssueTransactions/a_Swipe_Auth' is present

2022-07-01 09:05:13 - [TEST_STEP][PASSED] - verifyElementVisible(findTestObject(path_VT + "a_IngenicoKeypadEntry_Auth")): Object 'Object Repository/AdminSuiteBootstrap_Pages/VT_Bootstrap/IssueTransactions/a_IngenicoKeypadEntry_Auth' is visible

2022-07-01 09:05:13 - [MESSAGE][PASSED] - Object 'Object Repository/AdminSuiteBootstrap_Pages/VT_Bootstrap/IssueTransactions/a_IngenicoKeypadEntry_Auth' is visible

2022-07-01 09:05:13 - [TEST_STEP][PASSED] - verifyElementPresent(findTestObject(path_VT + "a_IngenicoKeypadEntry_Auth"), 30): Object 'Object Repository/AdminSuiteBootstrap_Pages/VT_Bootstrap/IssueTransactions/a_IngenicoKeypadEntry_Auth' is present

2022-07-01 09:05:14 - [MESSAGE][PASSED] - Object 'Object Repository/AdminSuiteBootstrap_Pages/VT_Bootstrap/IssueTransactions/a_IngenicoKeypadEntry_Auth' is present

2022-07-01 09:05:14 - [TEST_STEP][PASSED] - click(findTestObject(path_VT + "button_Authorization  Capture (Sale)")): Object: 'Object Repository/AdminSuiteBootstrap_Pages/VT_Bootstrap/IssueTransactions/button_Authorization  Capture (Sale)' is clicked on

2022-07-01 09:05:14 - [MESSAGE][PASSED] - Object: 'Object Repository/AdminSuiteBootstrap_Pages/VT_Bootstrap/IssueTransactions/button_Authorization  Capture (Sale)' is clicked on

2022-07-01 09:05:14 - [TEST_STEP][PASSED] - verifyElementVisible(findTestObject(path_VT + "a_KeyboardEntry_Sale")): Object 'Object Repository/AdminSuiteBootstrap_Pages/VT_Bootstrap/IssueTransactions/a_KeyboardEntry_Sale' is visible

2022-07-01 09:05:14 - [MESSAGE][PASSED] - Object 'Object Repository/AdminSuiteBootstrap_Pages/VT_Bootstrap/IssueTransactions/a_KeyboardEntry_Sale' is visible

2022-07-01 09:05:14 - [TEST_STEP][PASSED] - verifyElementPresent(findTestObject(path_VT + "a_KeyboardEntry_Sale"), 30): Object 'Object Repository/AdminSuiteBootstrap_Pages/VT_Bootstrap/IssueTransactions/a_KeyboardEntry_Sale' is present

2022-07-01 09:05:15 - [MESSAGE][PASSED] - Object 'Object Repository/AdminSuiteBootstrap_Pages/VT_Bootstrap/IssueTransactions/a_KeyboardEntry_Sale' is present

2022-07-01 09:05:15 - [TEST_STEP][PASSED] - verifyElementVisible(findTestObject(path_VT + "a_PINPadEntry_Sale")): Object 'Object Repository/AdminSuiteBootstrap_Pages/VT_Bootstrap/IssueTransactions/a_PINPadEntry_Sale' is visible

2022-07-01 09:05:15 - [MESSAGE][PASSED] - Object 'Object Repository/AdminSuiteBootstrap_Pages/VT_Bootstrap/IssueTransactions/a_PINPadEntry_Sale' is visible

2022-07-01 09:05:15 - [TEST_STEP][PASSED] - verifyElementPresent(findTestObject(path_VT + "a_PINPadEntry_Sale"), 30): Object 'Object Repository/AdminSuiteBootstrap_Pages/VT_Bootstrap/IssueTransactions/a_PINPadEntry_Sale' is present

2022-07-01 09:05:15 - [MESSAGE][PASSED] - Object 'Object Repository/AdminSuiteBootstrap_Pages/VT_Bootstrap/IssueTransactions/a_PINPadEntry_Sale' is present

2022-07-01 09:05:15 - [TEST_STEP][PASSED] - verifyElementVisible(findTestObject(path_VT + "a_Swipe_Sale")): Object 'Object Repository/AdminSuiteBootstrap_Pages/VT_Bootstrap/IssueTransactions/a_Swipe_Sale' is visible

2022-07-01 09:05:16 - [MESSAGE][PASSED] - Object 'Object Repository/AdminSuiteBootstrap_Pages/VT_Bootstrap/IssueTransactions/a_Swipe_Sale' is visible

2022-07-01 09:05:16 - [TEST_STEP][PASSED] - verifyElementPresent(findTestObject(path_VT + "a_Swipe_Sale"), 30): Object 'Object Repository/AdminSuiteBootstrap_Pages/VT_Bootstrap/IssueTransactions/a_Swipe_Sale' is present

2022-07-01 09:05:16 - [MESSAGE][PASSED] - Object 'Object Repository/AdminSuiteBootstrap_Pages/VT_Bootstrap/IssueTransactions/a_Swipe_Sale' is present

2022-07-01 09:05:16 - [TEST_STEP][FAILED] - verifyElementVisible(findTestObject(path_VT + "a_IngenicoKeypadEntry_Sale")): Web element with id: 'Object Repository/AdminSuiteBootstrap_Pages/VT_Bootstrap/IssueTransactions/a_IngenicoKeypadEntry_Sale' located by '//*[@href = concat("javascript:checkSession(" , "'" , "auth" , "'" , "," , "'" , "/admin/imtiaz/bootstrap/vpos/411/emvtransactions/AuthCapForm/" , "'" , "," , "'" , "K" , "'" , ")") and (text() = 'Ingenico Keypad Entry' or . = 'Ingenico Keypad Entry')]' not found (Root cause: com.kms.katalon.core.exception.StepFailedException: Web element with id: 'Object Repository/AdminSuiteBootstrap_Pages/VT_Bootstrap/IssueTransactions/a_IngenicoKeypadEntry_Sale' located by '//*[@href = concat("javascript:checkSession(" , "'" , "auth" , "'" , "," , "'" , "/admin/imtiaz/bootstrap/vpos/411/emvtransactions/AuthCapForm/" , "'" , "," , "'" , "K" , "'" , ")") and (text() = 'Ingenico Keypad Entry' or . = 'Ingenico Keypad Entry')]' not found
	at com.kms.katalon.core.webui.keyword.internal.WebUIKeywordMain.stepFailed(WebUIKeywordMain.groovy:64)
	at com.kms.katalon.core.webui.keyword.builtin.VerifyElementVisibleKeyword$_verifyElementVisible_closure1.doCall(VerifyElementVisibleKeyword.groovy:89)
	at com.kms.katalon.core.webui.keyword.builtin.VerifyElementVisibleKeyword$_verifyElementVisible_closure1.call(VerifyElementVisibleKeyword.groovy)
	at com.kms.katalon.core.webui.keyword.internal.WebUIKeywordMain.runKeyword(WebUIKeywordMain.groovy:20)
	at com.kms.katalon.core.webui.keyword.builtin.VerifyElementVisibleKeyword.verifyElementVisible(VerifyElementVisibleKeyword.groovy:97)
	at com.kms.katalon.core.webui.keyword.builtin.VerifyElementVisibleKeyword.execute(VerifyElementVisibleKeyword.groovy:67)
	at com.kms.katalon.core.keyword.internal.KeywordExecutor.executeKeywordForPlatform(KeywordExecutor.groovy:74)
	at com.kms.katalon.core.webui.keyword.WebUiBuiltInKeywords.verifyElementVisible(WebUiBuiltInKeywords.groovy:376)
	at com.kms.katalon.core.webui.keyword.WebUiBuiltInKeywords$verifyElementVisible$4.call(Unknown Source)
	at VerifyIssueTransactionsLinks_UI_TC.run(VerifyIssueTransactionsLinks_UI_TC:90)
	at com.kms.katalon.core.main.ScriptEngine.run(ScriptEngine.java:194)
	at com.kms.katalon.core.main.ScriptEngine.runScriptAsRawText(ScriptEngine.java:119)
	at com.kms.katalon.core.main.TestCaseExecutor.runScript(TestCaseExecutor.java:442)
	at com.kms.katalon.core.main.TestCaseExecutor.doExecute(TestCaseExecutor.java:433)
	at com.kms.katalon.core.main.TestCaseExecutor.processExecutionPhase(TestCaseExecutor.java:412)
	at com.kms.katalon.core.main.TestCaseExecutor.accessMainPhase(TestCaseExecutor.java:404)
	at com.kms.katalon.core.main.TestCaseExecutor.execute(TestCaseExecutor.java:281)
	at com.kms.katalon.core.main.TestSuiteExecutor.accessTestCaseMainPhase(TestSuiteExecutor.java:202)
	at com.kms.katalon.core.main.TestSuiteExecutor.accessTestSuiteMainPhase(TestSuiteExecutor.java:164)
	at com.kms.katalon.core.main.TestSuiteExecutor.execute(TestSuiteExecutor.java:105)
	at com.kms.katalon.core.main.TestCaseMain.startTestSuite(TestCaseMain.java:185)
	at com.kms.katalon.core.main.TestCaseMain$startTestSuite$0.call(Unknown Source)
	at TempTestSuite1656641661317.run(TempTestSuite1656641661317.groovy:36)
)

2022-07-01 09:05:47 - [MESSAGE][INFO] - Unable to find the element located by 'By.xpath: //*[@href = concat("javascript:checkSession(" , "'" , "auth" , "'" , "," , "'" , "/admin/imtiaz/bootstrap/vpos/411/emvtransactions/AuthCapForm/" , "'" , "," , "'" , "K" , "'" , ")") and (text() = 'Ingenico Keypad Entry' or . = 'Ingenico Keypad Entry')]'. Please recheck the objects properties to make sure the desired element is located. 

2022-07-01 09:05:48 - [MESSAGE][FAILED] - Web element with id: 'Object Repository/AdminSuiteBootstrap_Pages/VT_Bootstrap/IssueTransactions/a_IngenicoKeypadEntry_Sale' located by '//*[@href = concat("javascript:checkSession(" , "'" , "auth" , "'" , "," , "'" , "/admin/imtiaz/bootstrap/vpos/411/emvtransactions/AuthCapForm/" , "'" , "," , "'" , "K" , "'" , ")") and (text() = 'Ingenico Keypad Entry' or . = 'Ingenico Keypad Entry')]' not found (Root cause: com.kms.katalon.core.exception.StepFailedException: Web element with id: 'Object Repository/AdminSuiteBootstrap_Pages/VT_Bootstrap/IssueTransactions/a_IngenicoKeypadEntry_Sale' located by '//*[@href = concat("javascript:checkSession(" , "'" , "auth" , "'" , "," , "'" , "/admin/imtiaz/bootstrap/vpos/411/emvtransactions/AuthCapForm/" , "'" , "," , "'" , "K" , "'" , ")") and (text() = 'Ingenico Keypad Entry' or . = 'Ingenico Keypad Entry')]' not found
	at com.kms.katalon.core.webui.keyword.internal.WebUIKeywordMain.stepFailed(WebUIKeywordMain.groovy:64)
	at com.kms.katalon.core.webui.keyword.builtin.VerifyElementVisibleKeyword$_verifyElementVisible_closure1.doCall(VerifyElementVisibleKeyword.groovy:89)
	at com.kms.katalon.core.webui.keyword.builtin.VerifyElementVisibleKeyword$_verifyElementVisible_closure1.call(VerifyElementVisibleKeyword.groovy)
	at com.kms.katalon.core.webui.keyword.internal.WebUIKeywordMain.runKeyword(WebUIKeywordMain.groovy:20)
	at com.kms.katalon.core.webui.keyword.builtin.VerifyElementVisibleKeyword.verifyElementVisible(VerifyElementVisibleKeyword.groovy:97)
	at com.kms.katalon.core.webui.keyword.builtin.VerifyElementVisibleKeyword.execute(VerifyElementVisibleKeyword.groovy:67)
	at com.kms.katalon.core.keyword.internal.KeywordExecutor.executeKeywordForPlatform(KeywordExecutor.groovy:74)
	at com.kms.katalon.core.webui.keyword.WebUiBuiltInKeywords.verifyElementVisible(WebUiBuiltInKeywords.groovy:376)
	at com.kms.katalon.core.webui.keyword.WebUiBuiltInKeywords$verifyElementVisible$4.call(Unknown Source)
	at VerifyIssueTransactionsLinks_UI_TC.run(VerifyIssueTransactionsLinks_UI_TC:90)
	at com.kms.katalon.core.main.ScriptEngine.run(ScriptEngine.java:194)
	at com.kms.katalon.core.main.ScriptEngine.runScriptAsRawText(ScriptEngine.java:119)
	at com.kms.katalon.core.main.TestCaseExecutor.runScript(TestCaseExecutor.java:442)
	at com.kms.katalon.core.main.TestCaseExecutor.doExecute(TestCaseExecutor.java:433)
	at com.kms.katalon.core.main.TestCaseExecutor.processExecutionPhase(TestCaseExecutor.java:412)
	at com.kms.katalon.core.main.TestCaseExecutor.accessMainPhase(TestCaseExecutor.java:404)
	at com.kms.katalon.core.main.TestCaseExecutor.execute(TestCaseExecutor.java:281)
	at com.kms.katalon.core.main.TestSuiteExecutor.accessTestCaseMainPhase(TestSuiteExecutor.java:202)
	at com.kms.katalon.core.main.TestSuiteExecutor.accessTestSuiteMainPhase(TestSuiteExecutor.java:164)
	at com.kms.katalon.core.main.TestSuiteExecutor.execute(TestSuiteExecutor.java:105)
	at com.kms.katalon.core.main.TestCaseMain.startTestSuite(TestCaseMain.java:185)
	at com.kms.katalon.core.main.TestCaseMain$startTestSuite$0.call(Unknown Source)
	at TempTestSuite1656641661317.run(TempTestSuite1656641661317.groovy:36)
)
[[ATTACHMENT|E:\\Cloned-Project-Katalon\\VPS-Katalon\\Reports\\20220630_221407\\QA\\VT-Bootstrap\\AdminSuiteBootstrap_UI_TestSuite\\20220630_221421\\1656680747813.png]]

2022-07-01 09:05:48 - [TEST_STEP][FAILED] - verifyElementPresent(findTestObject(path_VT + "a_IngenicoKeypadEntry_Sale"), 30): com.kms.katalon.core.webui.exception.WebElementNotFoundException: Web element with id: 'Object Repository/AdminSuiteBootstrap_Pages/VT_Bootstrap/IssueTransactions/a_IngenicoKeypadEntry_Sale' located by '//*[@href = concat("javascript:checkSession(" , "'" , "auth" , "'" , "," , "'" , "/admin/imtiaz/bootstrap/vpos/411/emvtransactions/AuthCapForm/" , "'" , "," , "'" , "K" , "'" , ")") and (text() = 'Ingenico Keypad Entry' or . = 'Ingenico Keypad Entry')]' not found (Root cause: com.kms.katalon.core.exception.StepFailedException: com.kms.katalon.core.webui.exception.WebElementNotFoundException: Web element with id: 'Object Repository/AdminSuiteBootstrap_Pages/VT_Bootstrap/IssueTransactions/a_IngenicoKeypadEntry_Sale' located by '//*[@href = concat("javascript:checkSession(" , "'" , "auth" , "'" , "," , "'" , "/admin/imtiaz/bootstrap/vpos/411/emvtransactions/AuthCapForm/" , "'" , "," , "'" , "K" , "'" , ")") and (text() = 'Ingenico Keypad Entry' or . = 'Ingenico Keypad Entry')]' not found
	at com.kms.katalon.core.webui.keyword.internal.WebUIKeywordMain.stepFailed(WebUIKeywordMain.groovy:64)
	at com.kms.katalon.core.webui.keyword.builtin.VerifyElementPresentKeyword$_verifyElementPresent_closure1.doCall(VerifyElementPresentKeyword.groovy:85)
	at com.kms.katalon.core.webui.keyword.builtin.VerifyElementPresentKeyword$_verifyElementPresent_closure1.call(VerifyElementPresentKeyword.groovy)
	at com.kms.katalon.core.webui.keyword.internal.WebUIKeywordMain.runKeyword(WebUIKeywordMain.groovy:20)
	at com.kms.katalon.core.webui.keyword.builtin.VerifyElementPresentKeyword.verifyElementPresent(VerifyElementPresentKeyword.groovy:92)
	at com.kms.katalon.core.webui.keyword.builtin.VerifyElementPresentKeyword.execute(VerifyElementPresentKeyword.groovy:68)
	at com.kms.katalon.core.keyword.internal.KeywordExecutor.executeKeywordForPlatform(KeywordExecutor.groovy:74)
	at com.kms.katalon.core.webui.keyword.WebUiBuiltInKeywords.verifyElementPresent(WebUiBuiltInKeywords.groovy:1464)
	at com.kms.katalon.core.webui.keyword.WebUiBuiltInKeywords$verifyElementPresent$1.call(Unknown Source)
	at VerifyIssueTransactionsLinks_UI_TC.run(VerifyIssueTransactionsLinks_UI_TC:91)
	at com.kms.katalon.core.main.ScriptEngine.run(ScriptEngine.java:194)
	at com.kms.katalon.core.main.ScriptEngine.runScriptAsRawText(ScriptEngine.java:119)
	at com.kms.katalon.core.main.TestCaseExecutor.runScript(TestCaseExecutor.java:442)
	at com.kms.katalon.core.main.TestCaseExecutor.doExecute(TestCaseExecutor.java:433)
	at com.kms.katalon.core.main.TestCaseExecutor.processExecutionPhase(TestCaseExecutor.java:412)
	at com.kms.katalon.core.main.TestCaseExecutor.accessMainPhase(TestCaseExecutor.java:404)
	at com.kms.katalon.core.main.TestCaseExecutor.execute(TestCaseExecutor.java:281)
	at com.kms.katalon.core.main.TestSuiteExecutor.accessTestCaseMainPhase(TestSuiteExecutor.java:202)
	at com.kms.katalon.core.main.TestSuiteExecutor.accessTestSuiteMainPhase(TestSuiteExecutor.java:164)
	at com.kms.katalon.core.main.TestSuiteExecutor.execute(TestSuiteExecutor.java:105)
	at com.kms.katalon.core.main.TestCaseMain.startTestSuite(TestCaseMain.java:185)
	at com.kms.katalon.core.main.TestCaseMain$startTestSuite$0.call(Unknown Source)
	at TempTestSuite1656641661317.run(TempTestSuite1656641661317.groovy:36)
)

2022-07-01 09:06:19 - [MESSAGE][INFO] - Unable to find the element located by 'By.xpath: //*[@href = concat("javascript:checkSession(" , "'" , "auth" , "'" , "," , "'" , "/admin/imtiaz/bootstrap/vpos/411/emvtransactions/AuthCapForm/" , "'" , "," , "'" , "K" , "'" , ")") and (text() = 'Ingenico Keypad Entry' or . = 'Ingenico Keypad Entry')]'. Please recheck the objects properties to make sure the desired element is located. 

2022-07-01 09:06:19 - [MESSAGE][FAILED] - com.kms.katalon.core.webui.exception.WebElementNotFoundException: Web element with id: 'Object Repository/AdminSuiteBootstrap_Pages/VT_Bootstrap/IssueTransactions/a_IngenicoKeypadEntry_Sale' located by '//*[@href = concat("javascript:checkSession(" , "'" , "auth" , "'" , "," , "'" , "/admin/imtiaz/bootstrap/vpos/411/emvtransactions/AuthCapForm/" , "'" , "," , "'" , "K" , "'" , ")") and (text() = 'Ingenico Keypad Entry' or . = 'Ingenico Keypad Entry')]' not found (Root cause: com.kms.katalon.core.exception.StepFailedException: com.kms.katalon.core.webui.exception.WebElementNotFoundException: Web element with id: 'Object Repository/AdminSuiteBootstrap_Pages/VT_Bootstrap/IssueTransactions/a_IngenicoKeypadEntry_Sale' located by '//*[@href = concat("javascript:checkSession(" , "'" , "auth" , "'" , "," , "'" , "/admin/imtiaz/bootstrap/vpos/411/emvtransactions/AuthCapForm/" , "'" , "," , "'" , "K" , "'" , ")") and (text() = 'Ingenico Keypad Entry' or . = 'Ingenico Keypad Entry')]' not found
	at com.kms.katalon.core.webui.keyword.internal.WebUIKeywordMain.stepFailed(WebUIKeywordMain.groovy:64)
	at com.kms.katalon.core.webui.keyword.builtin.VerifyElementPresentKeyword$_verifyElementPresent_closure1.doCall(VerifyElementPresentKeyword.groovy:85)
	at com.kms.katalon.core.webui.keyword.builtin.VerifyElementPresentKeyword$_verifyElementPresent_closure1.call(VerifyElementPresentKeyword.groovy)
	at com.kms.katalon.core.webui.keyword.internal.WebUIKeywordMain.runKeyword(WebUIKeywordMain.groovy:20)
	at com.kms.katalon.core.webui.keyword.builtin.VerifyElementPresentKeyword.verifyElementPresent(VerifyElementPresentKeyword.groovy:92)
	at com.kms.katalon.core.webui.keyword.builtin.VerifyElementPresentKeyword.execute(VerifyElementPresentKeyword.groovy:68)
	at com.kms.katalon.core.keyword.internal.KeywordExecutor.executeKeywordForPlatform(KeywordExecutor.groovy:74)
	at com.kms.katalon.core.webui.keyword.WebUiBuiltInKeywords.verifyElementPresent(WebUiBuiltInKeywords.groovy:1464)
	at com.kms.katalon.core.webui.keyword.WebUiBuiltInKeywords$verifyElementPresent$1.call(Unknown Source)
	at VerifyIssueTransactionsLinks_UI_TC.run(VerifyIssueTransactionsLinks_UI_TC:91)
	at com.kms.katalon.core.main.ScriptEngine.run(ScriptEngine.java:194)
	at com.kms.katalon.core.main.ScriptEngine.runScriptAsRawText(ScriptEngine.java:119)
	at com.kms.katalon.core.main.TestCaseExecutor.runScript(TestCaseExecutor.java:442)
	at com.kms.katalon.core.main.TestCaseExecutor.doExecute(TestCaseExecutor.java:433)
	at com.kms.katalon.core.main.TestCaseExecutor.processExecutionPhase(TestCaseExecutor.java:412)
	at com.kms.katalon.core.main.TestCaseExecutor.accessMainPhase(TestCaseExecutor.java:404)
	at com.kms.katalon.core.main.TestCaseExecutor.execute(TestCaseExecutor.java:281)
	at com.kms.katalon.core.main.TestSuiteExecutor.accessTestCaseMainPhase(TestSuiteExecutor.java:202)
	at com.kms.katalon.core.main.TestSuiteExecutor.accessTestSuiteMainPhase(TestSuiteExecutor.java:164)
	at com.kms.katalon.core.main.TestSuiteExecutor.execute(TestSuiteExecutor.java:105)
	at com.kms.katalon.core.main.TestCaseMain.startTestSuite(TestCaseMain.java:185)
	at com.kms.katalon.core.main.TestCaseMain$startTestSuite$0.call(Unknown Source)
	at TempTestSuite1656641661317.run(TempTestSuite1656641661317.groovy:36)
)
[[ATTACHMENT|E:\\Cloned-Project-Katalon\\VPS-Katalon\\Reports\\20220630_221407\\QA\\VT-Bootstrap\\AdminSuiteBootstrap_UI_TestSuite\\20220630_221421\\1656680779377.png]]]]></system-out>
         <system-err><![CDATA[2022-07-01 09:03:49 - [TEST_CASE][FAILED] - Test Cases/Admin Suite Bootstrap/VT_TestCases/VerifyIssueTransactionsLinks_UI_TC: Test Cases/Admin Suite Bootstrap/VT_TestCases/VerifyIssueTransactionsLinks_UI_TC FAILED.
Reason:
com.kms.katalon.core.exception.StepFailedException: Web element with id: 'Object Repository/AdminSuiteBootstrap_Pages/VT_Bootstrap/IssueTransactions/button_CCCreditOrVoid' located by '//*[@type = 'button' and (text() = '
									 	
										Credit or  Void
									 ' or . = '
									 	
										Credit or  Void
									 ') and @href = '/admin/imtiaz/bootstrap/vpos/255/transactions/CCCreditOrVoidSearch/']' not found (Root cause: com.kms.katalon.core.exception.StepFailedException: Web element with id: 'Object Repository/AdminSuiteBootstrap_Pages/VT_Bootstrap/IssueTransactions/button_CCCreditOrVoid' located by '//*[@type = 'button' and (text() = '
									 	
										Credit or  Void
									 ' or . = '
									 	
										Credit or  Void
									 ') and @href = '/admin/imtiaz/bootstrap/vpos/255/transactions/CCCreditOrVoidSearch/']' not found
	at com.kms.katalon.core.webui.keyword.internal.WebUIKeywordMain.stepFailed(WebUIKeywordMain.groovy:64)
	at com.kms.katalon.core.webui.keyword.builtin.VerifyElementVisibleKeyword$_verifyElementVisible_closure1.doCall(VerifyElementVisibleKeyword.groovy:89)
	at com.kms.katalon.core.webui.keyword.builtin.VerifyElementVisibleKeyword$_verifyElementVisible_closure1.call(VerifyElementVisibleKeyword.groovy)
	at com.kms.katalon.core.webui.keyword.internal.WebUIKeywordMain.runKeyword(WebUIKeywordMain.groovy:20)
	at com.kms.katalon.core.webui.keyword.builtin.VerifyElementVisibleKeyword.verifyElementVisible(VerifyElementVisibleKeyword.groovy:97)
	at com.kms.katalon.core.webui.keyword.builtin.VerifyElementVisibleKeyword.execute(VerifyElementVisibleKeyword.groovy:67)
	at com.kms.katalon.core.keyword.internal.KeywordExecutor.executeKeywordForPlatform(KeywordExecutor.groovy:74)
	at com.kms.katalon.core.webui.keyword.WebUiBuiltInKeywords.verifyElementVisible(WebUiBuiltInKeywords.groovy:376)
	at com.kms.katalon.core.webui.keyword.WebUiBuiltInKeywords$verifyElementVisible$4.call(Unknown Source)
	at VerifyIssueTransactionsLinks_UI_TC.run(VerifyIssueTransactionsLinks_UI_TC:46)
	at com.kms.katalon.core.main.ScriptEngine.run(ScriptEngine.java:194)
	at com.kms.katalon.core.main.ScriptEngine.runScriptAsRawText(ScriptEngine.java:119)
	at com.kms.katalon.core.main.TestCaseExecutor.runScript(TestCaseExecutor.java:442)
	at com.kms.katalon.core.main.TestCaseExecutor.doExecute(TestCaseExecutor.java:433)
	at com.kms.katalon.core.main.TestCaseExecutor.processExecutionPhase(TestCaseExecutor.java:412)
	at com.kms.katalon.core.main.TestCaseExecutor.accessMainPhase(TestCaseExecutor.java:404)
	at com.kms.katalon.core.main.TestCaseExecutor.execute(TestCaseExecutor.java:281)
	at com.kms.katalon.core.main.TestSuiteExecutor.accessTestCaseMainPhase(TestSuiteExecutor.java:202)
	at com.kms.katalon.core.main.TestSuiteExecutor.accessTestSuiteMainPhase(TestSuiteExecutor.java:164)
	at com.kms.katalon.core.main.TestSuiteExecutor.execute(TestSuiteExecutor.java:105)
	at com.kms.katalon.core.main.TestCaseMain.startTestSuite(TestCaseMain.java:185)
	at com.kms.katalon.core.main.TestCaseMain$startTestSuite$0.call(Unknown Source)
	at TempTestSuite1656641661317.run(TempTestSuite1656641661317.groovy:36)
)
	at com.kms.katalon.core.keyword.internal.KeywordMain.stepFailed(KeywordMain.groovy:39)
	at com.kms.katalon.core.webui.keyword.internal.WebUIKeywordMain.stepFailed(WebUIKeywordMain.groovy:64)
	at com.kms.katalon.core.webui.keyword.builtin.VerifyElementVisibleKeyword$_verifyElementVisible_closure1.doCall(VerifyElementVisibleKeyword.groovy:89)
	at com.kms.katalon.core.webui.keyword.builtin.VerifyElementVisibleKeyword$_verifyElementVisible_closure1.call(VerifyElementVisibleKeyword.groovy)
	at com.kms.katalon.core.webui.keyword.internal.WebUIKeywordMain.runKeyword(WebUIKeywordMain.groovy:20)
	at com.kms.katalon.core.webui.keyword.builtin.VerifyElementVisibleKeyword.verifyElementVisible(VerifyElementVisibleKeyword.groovy:97)
	at com.kms.katalon.core.webui.keyword.builtin.VerifyElementVisibleKeyword.execute(VerifyElementVisibleKeyword.groovy:67)
	at com.kms.katalon.core.keyword.internal.KeywordExecutor.executeKeywordForPlatform(KeywordExecutor.groovy:74)
	at com.kms.katalon.core.webui.keyword.WebUiBuiltInKeywords.verifyElementVisible(WebUiBuiltInKeywords.groovy:376)
	at com.kms.katalon.core.webui.keyword.WebUiBuiltInKeywords$verifyElementVisible$4.call(Unknown Source)
	at VerifyIssueTransactionsLinks_UI_TC.run(VerifyIssueTransactionsLinks_UI_TC:46)
	at com.kms.katalon.core.main.ScriptEngine.run(ScriptEngine.java:194)
	at com.kms.katalon.core.main.ScriptEngine.runScriptAsRawText(ScriptEngine.java:119)
	at com.kms.katalon.core.main.TestCaseExecutor.runScript(TestCaseExecutor.java:442)
	at com.kms.katalon.core.main.TestCaseExecutor.doExecute(TestCaseExecutor.java:433)
	at com.kms.katalon.core.main.TestCaseExecutor.processExecutionPhase(TestCaseExecutor.java:412)
	at com.kms.katalon.core.main.TestCaseExecutor.accessMainPhase(TestCaseExecutor.java:404)
	at com.kms.katalon.core.main.TestCaseExecutor.execute(TestCaseExecutor.java:281)
	at com.kms.katalon.core.main.TestSuiteExecutor.accessTestCaseMainPhase(TestSuiteExecutor.java:202)
	at com.kms.katalon.core.main.TestSuiteExecutor.accessTestSuiteMainPhase(TestSuiteExecutor.java:164)
	at com.kms.katalon.core.main.TestSuiteExecutor.execute(TestSuiteExecutor.java:105)
	at com.kms.katalon.core.main.TestCaseMain.startTestSuite(TestCaseMain.java:185)
	at com.kms.katalon.core.main.TestCaseMain$startTestSuite$0.call(Unknown Source)
	at TempTestSuite1656641661317.run(TempTestSuite1656641661317.groovy:36)
Caused by: com.kms.katalon.core.exception.StepFailedException: Web element with id: 'Object Repository/AdminSuiteBootstrap_Pages/VT_Bootstrap/IssueTransactions/button_CCCreditOrVoid' located by '//*[@type = 'button' and (text() = '
									 	
										Credit or  Void
									 ' or . = '
									 	
										Credit or  Void
									 ') and @href = '/admin/imtiaz/bootstrap/vpos/255/transactions/CCCreditOrVoidSearch/']' not found
	... 23 more]]></system-err>
      </testcase>
      <testcase name="Test Cases/Admin Suite Bootstrap/UM_TestCases/VerifyUsersLinks_UI_TC" time="18.41" classname="Test Cases/Admin Suite Bootstrap/UM_TestCases/VerifyUsersLinks_UI_TC" status="PASSED">
         <system-out><![CDATA[2022-07-01 09:06:19 - [TEST_CASE][PASSED] - Test Cases/Admin Suite Bootstrap/UM_TestCases/VerifyUsersLinks_UI_TC: Test Cases/Admin Suite Bootstrap/UM_TestCases/VerifyUsersLinks_UI_TC

2022-07-01 09:06:19 - [TEST_STEP][PASSED] - path_Dashboard = "Object Repository/AdminSuiteBootstrap_Pages/Dashboard_Bootstrap/": null

2022-07-01 09:06:19 - [TEST_STEP][PASSED] - path_VT = "Object Repository/AdminSuiteBootstrap_Pages/VT_Bootstrap/": null

2022-07-01 09:06:19 - [TEST_STEP][PASSED] - path_UM = "Object Repository/AdminSuiteBootstrap_Pages/UM_Bootstrap/": null

2022-07-01 09:06:19 - [TEST_STEP][PASSED] - adminSuiteBootstrap.loginFunctionality.login_AdminSuite(): adminSuiteBootstrap.loginFunctionality.login_AdminSuite is PASSED

2022-07-01 09:06:19 - [MESSAGE][WARNING] - A browser is already opened. Closing browser and opening a new one

2022-07-01 09:06:20 - [MESSAGE][INFO] - Starting 'Chrome' driver

2022-07-01 09:06:20 - [MESSAGE][INFO] - User set preference: ['acceptInsecureCerts', 'true']

2022-07-01 09:06:20 - [MESSAGE][INFO] - Action delay is set to 0 milliseconds

2022-07-01 09:06:23 - [MESSAGE][PASSED] - Browser is opened with url: 'https://qa.velocitypayment.com/admin/imtiaz'

2022-07-01 09:06:23 - [MESSAGE][PASSED] - Current window maximized

2022-07-01 09:06:23 - [MESSAGE][PASSED] - Object 'Object Repository/Login_Page/Login_Username' is present

2022-07-01 09:06:24 - [MESSAGE][PASSED] - Text 'iahmed' is set on object 'Object Repository/Login_Page/Login_Username'

2022-07-01 09:06:25 - [MESSAGE][PASSED] - Text 'hello2222' is set on object 'Object Repository/Login_Page/Login_Password'

2022-07-01 09:06:28 - [MESSAGE][PASSED] - Object: 'Object Repository/Login_Page/Login_Submit' is clicked on

2022-07-01 09:06:28 - [MESSAGE][PASSED] - adminSuiteBootstrap.loginFunctionality.login_AdminSuite is PASSED

2022-07-01 09:06:28 - [TEST_STEP][PASSED] - click(findTestObject(path_Dashboard + "span_User Management")): Object: 'Object Repository/AdminSuiteBootstrap_Pages/Dashboard_Bootstrap/span_User Management' is clicked on

2022-07-01 09:06:29 - [MESSAGE][PASSED] - Object: 'Object Repository/AdminSuiteBootstrap_Pages/Dashboard_Bootstrap/span_User Management' is clicked on

2022-07-01 09:06:29 - [TEST_STEP][PASSED] - click(findTestObject(path_Dashboard + "a_Users")): Object: 'Object Repository/AdminSuiteBootstrap_Pages/Dashboard_Bootstrap/a_Users' is clicked on

2022-07-01 09:06:29 - [MESSAGE][PASSED] - Object: 'Object Repository/AdminSuiteBootstrap_Pages/Dashboard_Bootstrap/a_Users' is clicked on

2022-07-01 09:06:29 - [TEST_STEP][PASSED] - verifyTextPresent("Users", true): Text 'Users' is present on page  using regular expression

2022-07-01 09:06:30 - [MESSAGE][PASSED] - Text 'Users' is present on page  using regular expression

2022-07-01 09:06:30 - [TEST_STEP][PASSED] - verifyTextPresent("Total Users", true): Text 'Total Users' is present on page  using regular expression

2022-07-01 09:06:30 - [MESSAGE][PASSED] - Text 'Total Users' is present on page  using regular expression

2022-07-01 09:06:30 - [TEST_STEP][PASSED] - verifyTextPresent("User Name", true): Text 'User Name' is present on page  using regular expression

2022-07-01 09:06:31 - [MESSAGE][PASSED] - Text 'User Name' is present on page  using regular expression

2022-07-01 09:06:31 - [TEST_STEP][PASSED] - verifyTextPresent("User ID", true): Text 'User ID' is present on page  using regular expression

2022-07-01 09:06:31 - [MESSAGE][PASSED] - Text 'User ID' is present on page  using regular expression

2022-07-01 09:06:31 - [TEST_STEP][PASSED] - verifyElementVisible(findTestObject(path_UM + "button_Export")): Object 'Object Repository/AdminSuiteBootstrap_Pages/UM_Bootstrap/button_Export' is visible

2022-07-01 09:06:31 - [MESSAGE][PASSED] - Object 'Object Repository/AdminSuiteBootstrap_Pages/UM_Bootstrap/button_Export' is visible

2022-07-01 09:06:31 - [TEST_STEP][PASSED] - verifyElementPresent(findTestObject(path_UM + "button_Export"), 30): Object 'Object Repository/AdminSuiteBootstrap_Pages/UM_Bootstrap/button_Export' is present

2022-07-01 09:06:32 - [MESSAGE][PASSED] - Object 'Object Repository/AdminSuiteBootstrap_Pages/UM_Bootstrap/button_Export' is present

2022-07-01 09:06:32 - [TEST_STEP][PASSED] - verifyElementVisible(findTestObject(path_UM + "a_Find User")): Object 'Object Repository/AdminSuiteBootstrap_Pages/UM_Bootstrap/a_Find User' is visible

2022-07-01 09:06:32 - [MESSAGE][PASSED] - Object 'Object Repository/AdminSuiteBootstrap_Pages/UM_Bootstrap/a_Find User' is visible

2022-07-01 09:06:32 - [TEST_STEP][PASSED] - verifyElementPresent(findTestObject(path_UM + "a_Find User"), 30): Object 'Object Repository/AdminSuiteBootstrap_Pages/UM_Bootstrap/a_Find User' is present

2022-07-01 09:06:32 - [MESSAGE][PASSED] - Object 'Object Repository/AdminSuiteBootstrap_Pages/UM_Bootstrap/a_Find User' is present

2022-07-01 09:06:32 - [TEST_STEP][PASSED] - verifyElementVisible(findTestObject(path_UM + "a_Add User")): Object 'Object Repository/AdminSuiteBootstrap_Pages/UM_Bootstrap/a_Add User' is visible

2022-07-01 09:06:33 - [MESSAGE][PASSED] - Object 'Object Repository/AdminSuiteBootstrap_Pages/UM_Bootstrap/a_Add User' is visible

2022-07-01 09:06:33 - [TEST_STEP][PASSED] - verifyElementPresent(findTestObject(path_UM + "a_Add User"), 30): Object 'Object Repository/AdminSuiteBootstrap_Pages/UM_Bootstrap/a_Add User' is present

2022-07-01 09:06:33 - [MESSAGE][PASSED] - Object 'Object Repository/AdminSuiteBootstrap_Pages/UM_Bootstrap/a_Add User' is present

2022-07-01 09:06:33 - [TEST_STEP][PASSED] - verifyElementVisible(findTestObject(path_UM + "a_charu")): Object 'Object Repository/AdminSuiteBootstrap_Pages/UM_Bootstrap/a_charu' is visible

2022-07-01 09:06:33 - [MESSAGE][PASSED] - Object 'Object Repository/AdminSuiteBootstrap_Pages/UM_Bootstrap/a_charu' is visible

2022-07-01 09:06:33 - [TEST_STEP][PASSED] - verifyElementPresent(findTestObject(path_UM + "a_charu"), 30): Object 'Object Repository/AdminSuiteBootstrap_Pages/UM_Bootstrap/a_charu' is present

2022-07-01 09:06:34 - [MESSAGE][PASSED] - Object 'Object Repository/AdminSuiteBootstrap_Pages/UM_Bootstrap/a_charu' is present

2022-07-01 09:06:34 - [TEST_STEP][PASSED] - verifyElementVisible(findTestObject(path_UM + "li_First")): Object 'Object Repository/AdminSuiteBootstrap_Pages/UM_Bootstrap/li_First' is visible

2022-07-01 09:06:34 - [MESSAGE][PASSED] - Object 'Object Repository/AdminSuiteBootstrap_Pages/UM_Bootstrap/li_First' is visible

2022-07-01 09:06:34 - [TEST_STEP][PASSED] - verifyElementPresent(findTestObject(path_UM + "li_First"), 30): Object 'Object Repository/AdminSuiteBootstrap_Pages/UM_Bootstrap/li_First' is present

2022-07-01 09:06:34 - [MESSAGE][PASSED] - Object 'Object Repository/AdminSuiteBootstrap_Pages/UM_Bootstrap/li_First' is present

2022-07-01 09:06:34 - [TEST_STEP][PASSED] - verifyElementVisible(findTestObject(path_UM + "li_Prev")): Object 'Object Repository/AdminSuiteBootstrap_Pages/UM_Bootstrap/li_Prev' is visible

2022-07-01 09:06:35 - [MESSAGE][PASSED] - Object 'Object Repository/AdminSuiteBootstrap_Pages/UM_Bootstrap/li_Prev' is visible

2022-07-01 09:06:35 - [TEST_STEP][PASSED] - verifyElementPresent(findTestObject(path_UM + "li_Prev"), 30): Object 'Object Repository/AdminSuiteBootstrap_Pages/UM_Bootstrap/li_Prev' is present

2022-07-01 09:06:35 - [MESSAGE][PASSED] - Object 'Object Repository/AdminSuiteBootstrap_Pages/UM_Bootstrap/li_Prev' is present

2022-07-01 09:06:35 - [TEST_STEP][PASSED] - verifyElementVisible(findTestObject(path_UM + "a_1")): Object 'Object Repository/AdminSuiteBootstrap_Pages/UM_Bootstrap/a_1' is visible

2022-07-01 09:06:35 - [MESSAGE][PASSED] - Object 'Object Repository/AdminSuiteBootstrap_Pages/UM_Bootstrap/a_1' is visible

2022-07-01 09:06:35 - [TEST_STEP][PASSED] - verifyElementPresent(findTestObject(path_UM + "a_1"), 30): Object 'Object Repository/AdminSuiteBootstrap_Pages/UM_Bootstrap/a_1' is present

2022-07-01 09:06:36 - [MESSAGE][PASSED] - Object 'Object Repository/AdminSuiteBootstrap_Pages/UM_Bootstrap/a_1' is present

2022-07-01 09:06:36 - [TEST_STEP][PASSED] - verifyElementVisible(findTestObject(path_UM + "a_2")): Object 'Object Repository/AdminSuiteBootstrap_Pages/UM_Bootstrap/a_2' is visible

2022-07-01 09:06:36 - [MESSAGE][PASSED] - Object 'Object Repository/AdminSuiteBootstrap_Pages/UM_Bootstrap/a_2' is visible

2022-07-01 09:06:36 - [TEST_STEP][PASSED] - verifyElementPresent(findTestObject(path_UM + "a_2"), 30): Object 'Object Repository/AdminSuiteBootstrap_Pages/UM_Bootstrap/a_2' is present

2022-07-01 09:06:36 - [MESSAGE][PASSED] - Object 'Object Repository/AdminSuiteBootstrap_Pages/UM_Bootstrap/a_2' is present

2022-07-01 09:06:36 - [TEST_STEP][PASSED] - verifyElementVisible(findTestObject(path_UM + "a_Next")): Object 'Object Repository/AdminSuiteBootstrap_Pages/UM_Bootstrap/a_Next' is visible

2022-07-01 09:06:37 - [MESSAGE][PASSED] - Object 'Object Repository/AdminSuiteBootstrap_Pages/UM_Bootstrap/a_Next' is visible

2022-07-01 09:06:37 - [TEST_STEP][PASSED] - verifyElementPresent(findTestObject(path_UM + "a_Next"), 30): Object 'Object Repository/AdminSuiteBootstrap_Pages/UM_Bootstrap/a_Next' is present

2022-07-01 09:06:37 - [MESSAGE][PASSED] - Object 'Object Repository/AdminSuiteBootstrap_Pages/UM_Bootstrap/a_Next' is present

2022-07-01 09:06:37 - [TEST_STEP][PASSED] - verifyElementVisible(findTestObject(path_UM + "a_Last")): Object 'Object Repository/AdminSuiteBootstrap_Pages/UM_Bootstrap/a_Last' is visible

2022-07-01 09:06:37 - [MESSAGE][PASSED] - Object 'Object Repository/AdminSuiteBootstrap_Pages/UM_Bootstrap/a_Last' is visible

2022-07-01 09:06:37 - [TEST_STEP][PASSED] - verifyElementPresent(findTestObject(path_UM + "a_Last"), 30): Object 'Object Repository/AdminSuiteBootstrap_Pages/UM_Bootstrap/a_Last' is present

2022-07-01 09:06:38 - [MESSAGE][PASSED] - Object 'Object Repository/AdminSuiteBootstrap_Pages/UM_Bootstrap/a_Last' is present]]></system-out>
         <system-err><![CDATA[]]></system-err>
      </testcase>
      <testcase name="Test Cases/Admin Suite Bootstrap/VT_TestCases/VerifySaleKeyboard_UI_1_TC" time="97.257" classname="Test Cases/Admin Suite Bootstrap/VT_TestCases/VerifySaleKeyboard_UI_1_TC" status="FAILED">
         <failure type="FAILED" message="Test Cases/Admin Suite Bootstrap/VT_TestCases/VerifySaleKeyboard_UI_1_TC FAILED.
Reason:
com.kms.katalon.core.exception.StepFailedException: Web element with id: 'Object Repository/AdminSuiteBootstrap_Pages/VT_Bootstrap/SaleKeyboard/button_Reset' located by '//*[@type = 'submit' and @name = 'submit' and @id = 'reset' and (text() = 'Reset' or . = 'Reset')]' not found (Root cause: com.kms.katalon.core.exception.StepFailedException: Web element with id: 'Object Repository/AdminSuiteBootstrap_Pages/VT_Bootstrap/SaleKeyboard/button_Reset' located by '//*[@type = 'submit' and @name = 'submit' and @id = 'reset' and (text() = 'Reset' or . = 'Reset')]' not found
	at com.kms.katalon.core.webui.keyword.internal.WebUIKeywordMain.stepFailed(WebUIKeywordMain.groovy:64)
	at com.kms.katalon.core.webui.keyword.builtin.VerifyElementVisibleKeyword$_verifyElementVisible_closure1.doCall(VerifyElementVisibleKeyword.groovy:89)
	at com.kms.katalon.core.webui.keyword.builtin.VerifyElementVisibleKeyword$_verifyElementVisible_closure1.call(VerifyElementVisibleKeyword.groovy)
	at com.kms.katalon.core.webui.keyword.internal.WebUIKeywordMain.runKeyword(WebUIKeywordMain.groovy:20)
	at com.kms.katalon.core.webui.keyword.builtin.VerifyElementVisibleKeyword.verifyElementVisible(VerifyElementVisibleKeyword.groovy:97)
	at com.kms.katalon.core.webui.keyword.builtin.VerifyElementVisibleKeyword.execute(VerifyElementVisibleKeyword.groovy:67)
	at com.kms.katalon.core.keyword.internal.KeywordExecutor.executeKeywordForPlatform(KeywordExecutor.groovy:74)
	at com.kms.katalon.core.webui.keyword.WebUiBuiltInKeywords.verifyElementVisible(WebUiBuiltInKeywords.groovy:376)
	at com.kms.katalon.core.webui.keyword.WebUiBuiltInKeywords$verifyElementVisible$4.call(Unknown Source)
	at VerifySaleKeyboard_UI_1_TC.run(VerifySaleKeyboard_UI_1_TC:140)
	at com.kms.katalon.core.main.ScriptEngine.run(ScriptEngine.java:194)
	at com.kms.katalon.core.main.ScriptEngine.runScriptAsRawText(ScriptEngine.java:119)
	at com.kms.katalon.core.main.TestCaseExecutor.runScript(TestCaseExecutor.java:442)
	at com.kms.katalon.core.main.TestCaseExecutor.doExecute(TestCaseExecutor.java:433)
	at com.kms.katalon.core.main.TestCaseExecutor.processExecutionPhase(TestCaseExecutor.java:412)
	at com.kms.katalon.core.main.TestCaseExecutor.accessMainPhase(TestCaseExecutor.java:404)
	at com.kms.katalon.core.main.TestCaseExecutor.execute(TestCaseExecutor.java:281)
	at com.kms.katalon.core.main.TestSuiteExecutor.accessTestCaseMainPhase(TestSuiteExecutor.java:202)
	at com.kms.katalon.core.main.TestSuiteExecutor.accessTestSuiteMainPhase(TestSuiteExecutor.java:164)
	at com.kms.katalon.core.main.TestSuiteExecutor.execute(TestSuiteExecutor.java:105)
	at com.kms.katalon.core.main.TestCaseMain.startTestSuite(TestCaseMain.java:185)
	at com.kms.katalon.core.main.TestCaseMain$startTestSuite$0.call(Unknown Source)
	at TempTestSuite1656641661317.run(TempTestSuite1656641661317.groovy:36)
)
	at com.kms.katalon.core.keyword.internal.KeywordMain.stepFailed(KeywordMain.groovy:39)
	at com.kms.katalon.core.webui.keyword.internal.WebUIKeywordMain.stepFailed(WebUIKeywordMain.groovy:64)
	at com.kms.katalon.core.webui.keyword.builtin.VerifyElementVisibleKeyword$_verifyElementVisible_closure1.doCall(VerifyElementVisibleKeyword.groovy:89)
	at com.kms.katalon.core.webui.keyword.builtin.VerifyElementVisibleKeyword$_verifyElementVisible_closure1.call(VerifyElementVisibleKeyword.groovy)
	at com.kms.katalon.core.webui.keyword.internal.WebUIKeywordMain.runKeyword(WebUIKeywordMain.groovy:20)
	at com.kms.katalon.core.webui.keyword.builtin.VerifyElementVisibleKeyword.verifyElementVisible(VerifyElementVisibleKeyword.groovy:97)
	at com.kms.katalon.core.webui.keyword.builtin.VerifyElementVisibleKeyword.execute(VerifyElementVisibleKeyword.groovy:67)
	at com.kms.katalon.core.keyword.internal.KeywordExecutor.executeKeywordForPlatform(KeywordExecutor.groovy:74)
	at com.kms.katalon.core.webui.keyword.WebUiBuiltInKeywords.verifyElementVisible(WebUiBuiltInKeywords.groovy:376)
	at com.kms.katalon.core.webui.keyword.WebUiBuiltInKeywords$verifyElementVisible$4.call(Unknown Source)
	at VerifySaleKeyboard_UI_1_TC.run(VerifySaleKeyboard_UI_1_TC:140)
	at com.kms.katalon.core.main.ScriptEngine.run(ScriptEngine.java:194)
	at com.kms.katalon.core.main.ScriptEngine.runScriptAsRawText(ScriptEngine.java:119)
	at com.kms.katalon.core.main.TestCaseExecutor.runScript(TestCaseExecutor.java:442)
	at com.kms.katalon.core.main.TestCaseExecutor.doExecute(TestCaseExecutor.java:433)
	at com.kms.katalon.core.main.TestCaseExecutor.processExecutionPhase(TestCaseExecutor.java:412)
	at com.kms.katalon.core.main.TestCaseExecutor.accessMainPhase(TestCaseExecutor.java:404)
	at com.kms.katalon.core.main.TestCaseExecutor.execute(TestCaseExecutor.java:281)
	at com.kms.katalon.core.main.TestSuiteExecutor.accessTestCaseMainPhase(TestSuiteExecutor.java:202)
	at com.kms.katalon.core.main.TestSuiteExecutor.accessTestSuiteMainPhase(TestSuiteExecutor.java:164)
	at com.kms.katalon.core.main.TestSuiteExecutor.execute(TestSuiteExecutor.java:105)
	at com.kms.katalon.core.main.TestCaseMain.startTestSuite(TestCaseMain.java:185)
	at com.kms.katalon.core.main.TestCaseMain$startTestSuite$0.call(Unknown Source)
	at TempTestSuite1656641661317.run(TempTestSuite1656641661317.groovy:36)
Caused by: com.kms.katalon.core.exception.StepFailedException: Web element with id: 'Object Repository/AdminSuiteBootstrap_Pages/VT_Bootstrap/SaleKeyboard/button_Reset' located by '//*[@type = 'submit' and @name = 'submit' and @id = 'reset' and (text() = 'Reset' or . = 'Reset')]' not found
	... 23 more
"/>
         <system-out><![CDATA[2022-07-01 09:06:38 - [TEST_CASE][FAILED] - Test Cases/Admin Suite Bootstrap/VT_TestCases/VerifySaleKeyboard_UI_1_TC: Test Cases/Admin Suite Bootstrap/VT_TestCases/VerifySaleKeyboard_UI_1_TC FAILED.
Reason:
com.kms.katalon.core.exception.StepFailedException: Web element with id: 'Object Repository/AdminSuiteBootstrap_Pages/VT_Bootstrap/SaleKeyboard/button_Reset' located by '//*[@type = 'submit' and @name = 'submit' and @id = 'reset' and (text() = 'Reset' or . = 'Reset')]' not found (Root cause: com.kms.katalon.core.exception.StepFailedException: Web element with id: 'Object Repository/AdminSuiteBootstrap_Pages/VT_Bootstrap/SaleKeyboard/button_Reset' located by '//*[@type = 'submit' and @name = 'submit' and @id = 'reset' and (text() = 'Reset' or . = 'Reset')]' not found
	at com.kms.katalon.core.webui.keyword.internal.WebUIKeywordMain.stepFailed(WebUIKeywordMain.groovy:64)
	at com.kms.katalon.core.webui.keyword.builtin.VerifyElementVisibleKeyword$_verifyElementVisible_closure1.doCall(VerifyElementVisibleKeyword.groovy:89)
	at com.kms.katalon.core.webui.keyword.builtin.VerifyElementVisibleKeyword$_verifyElementVisible_closure1.call(VerifyElementVisibleKeyword.groovy)
	at com.kms.katalon.core.webui.keyword.internal.WebUIKeywordMain.runKeyword(WebUIKeywordMain.groovy:20)
	at com.kms.katalon.core.webui.keyword.builtin.VerifyElementVisibleKeyword.verifyElementVisible(VerifyElementVisibleKeyword.groovy:97)
	at com.kms.katalon.core.webui.keyword.builtin.VerifyElementVisibleKeyword.execute(VerifyElementVisibleKeyword.groovy:67)
	at com.kms.katalon.core.keyword.internal.KeywordExecutor.executeKeywordForPlatform(KeywordExecutor.groovy:74)
	at com.kms.katalon.core.webui.keyword.WebUiBuiltInKeywords.verifyElementVisible(WebUiBuiltInKeywords.groovy:376)
	at com.kms.katalon.core.webui.keyword.WebUiBuiltInKeywords$verifyElementVisible$4.call(Unknown Source)
	at VerifySaleKeyboard_UI_1_TC.run(VerifySaleKeyboard_UI_1_TC:140)
	at com.kms.katalon.core.main.ScriptEngine.run(ScriptEngine.java:194)
	at com.kms.katalon.core.main.ScriptEngine.runScriptAsRawText(ScriptEngine.java:119)
	at com.kms.katalon.core.main.TestCaseExecutor.runScript(TestCaseExecutor.java:442)
	at com.kms.katalon.core.main.TestCaseExecutor.doExecute(TestCaseExecutor.java:433)
	at com.kms.katalon.core.main.TestCaseExecutor.processExecutionPhase(TestCaseExecutor.java:412)
	at com.kms.katalon.core.main.TestCaseExecutor.accessMainPhase(TestCaseExecutor.java:404)
	at com.kms.katalon.core.main.TestCaseExecutor.execute(TestCaseExecutor.java:281)
	at com.kms.katalon.core.main.TestSuiteExecutor.accessTestCaseMainPhase(TestSuiteExecutor.java:202)
	at com.kms.katalon.core.main.TestSuiteExecutor.accessTestSuiteMainPhase(TestSuiteExecutor.java:164)
	at com.kms.katalon.core.main.TestSuiteExecutor.execute(TestSuiteExecutor.java:105)
	at com.kms.katalon.core.main.TestCaseMain.startTestSuite(TestCaseMain.java:185)
	at com.kms.katalon.core.main.TestCaseMain$startTestSuite$0.call(Unknown Source)
	at TempTestSuite1656641661317.run(TempTestSuite1656641661317.groovy:36)
)
	at com.kms.katalon.core.keyword.internal.KeywordMain.stepFailed(KeywordMain.groovy:39)
	at com.kms.katalon.core.webui.keyword.internal.WebUIKeywordMain.stepFailed(WebUIKeywordMain.groovy:64)
	at com.kms.katalon.core.webui.keyword.builtin.VerifyElementVisibleKeyword$_verifyElementVisible_closure1.doCall(VerifyElementVisibleKeyword.groovy:89)
	at com.kms.katalon.core.webui.keyword.builtin.VerifyElementVisibleKeyword$_verifyElementVisible_closure1.call(VerifyElementVisibleKeyword.groovy)
	at com.kms.katalon.core.webui.keyword.internal.WebUIKeywordMain.runKeyword(WebUIKeywordMain.groovy:20)
	at com.kms.katalon.core.webui.keyword.builtin.VerifyElementVisibleKeyword.verifyElementVisible(VerifyElementVisibleKeyword.groovy:97)
	at com.kms.katalon.core.webui.keyword.builtin.VerifyElementVisibleKeyword.execute(VerifyElementVisibleKeyword.groovy:67)
	at com.kms.katalon.core.keyword.internal.KeywordExecutor.executeKeywordForPlatform(KeywordExecutor.groovy:74)
	at com.kms.katalon.core.webui.keyword.WebUiBuiltInKeywords.verifyElementVisible(WebUiBuiltInKeywords.groovy:376)
	at com.kms.katalon.core.webui.keyword.WebUiBuiltInKeywords$verifyElementVisible$4.call(Unknown Source)
	at VerifySaleKeyboard_UI_1_TC.run(VerifySaleKeyboard_UI_1_TC:140)
	at com.kms.katalon.core.main.ScriptEngine.run(ScriptEngine.java:194)
	at com.kms.katalon.core.main.ScriptEngine.runScriptAsRawText(ScriptEngine.java:119)
	at com.kms.katalon.core.main.TestCaseExecutor.runScript(TestCaseExecutor.java:442)
	at com.kms.katalon.core.main.TestCaseExecutor.doExecute(TestCaseExecutor.java:433)
	at com.kms.katalon.core.main.TestCaseExecutor.processExecutionPhase(TestCaseExecutor.java:412)
	at com.kms.katalon.core.main.TestCaseExecutor.accessMainPhase(TestCaseExecutor.java:404)
	at com.kms.katalon.core.main.TestCaseExecutor.execute(TestCaseExecutor.java:281)
	at com.kms.katalon.core.main.TestSuiteExecutor.accessTestCaseMainPhase(TestSuiteExecutor.java:202)
	at com.kms.katalon.core.main.TestSuiteExecutor.accessTestSuiteMainPhase(TestSuiteExecutor.java:164)
	at com.kms.katalon.core.main.TestSuiteExecutor.execute(TestSuiteExecutor.java:105)
	at com.kms.katalon.core.main.TestCaseMain.startTestSuite(TestCaseMain.java:185)
	at com.kms.katalon.core.main.TestCaseMain$startTestSuite$0.call(Unknown Source)
	at TempTestSuite1656641661317.run(TempTestSuite1656641661317.groovy:36)
Caused by: com.kms.katalon.core.exception.StepFailedException: Web element with id: 'Object Repository/AdminSuiteBootstrap_Pages/VT_Bootstrap/SaleKeyboard/button_Reset' located by '//*[@type = 'submit' and @name = 'submit' and @id = 'reset' and (text() = 'Reset' or . = 'Reset')]' not found
	... 23 more


2022-07-01 09:06:38 - [TEST_STEP][PASSED] - path_Dashboard = "Object Repository/AdminSuiteBootstrap_Pages/Dashboard_Bootstrap/": null

2022-07-01 09:06:38 - [TEST_STEP][PASSED] - path_VT = "Object Repository/AdminSuiteBootstrap_Pages/VT_Bootstrap/IssueTransactions/": null

2022-07-01 09:06:38 - [TEST_STEP][PASSED] - path_SaleKB = "Object Repository/AdminSuiteBootstrap_Pages/VT_Bootstrap/SaleKeyboard/": null

2022-07-01 09:06:38 - [TEST_STEP][PASSED] - appliID = "238": null

2022-07-01 09:06:38 - [TEST_STEP][PASSED] - li_1 = "/admin/imtiaz/bootstrap/vpos/": null

2022-07-01 09:06:38 - [TEST_STEP][PASSED] - li_2 = "/transactions/AuthCapForm/": null

2022-07-01 09:06:38 - [TEST_STEP][PASSED] - hrefAppID = li_1 + appliID + li_2: null

2022-07-01 09:06:38 - [TEST_STEP][PASSED] - out.println("hrefID is : " + hrefAppID): null

2022-07-01 09:06:38 - [TEST_STEP][PASSED] - adminSuiteBootstrap.loginFunctionality.login_AdminSuite(): adminSuiteBootstrap.loginFunctionality.login_AdminSuite is PASSED

2022-07-01 09:06:38 - [MESSAGE][WARNING] - A browser is already opened. Closing browser and opening a new one

2022-07-01 09:06:39 - [MESSAGE][INFO] - Starting 'Chrome' driver

2022-07-01 09:06:39 - [MESSAGE][INFO] - User set preference: ['acceptInsecureCerts', 'true']

2022-07-01 09:06:39 - [MESSAGE][INFO] - Action delay is set to 0 milliseconds

2022-07-01 09:06:41 - [MESSAGE][PASSED] - Browser is opened with url: 'https://qa.velocitypayment.com/admin/imtiaz'

2022-07-01 09:06:41 - [MESSAGE][PASSED] - Current window maximized

2022-07-01 09:06:42 - [MESSAGE][PASSED] - Object 'Object Repository/Login_Page/Login_Username' is present

2022-07-01 09:06:43 - [MESSAGE][PASSED] - Text 'iahmed' is set on object 'Object Repository/Login_Page/Login_Username'

2022-07-01 09:06:43 - [MESSAGE][PASSED] - Text 'hello2222' is set on object 'Object Repository/Login_Page/Login_Password'

2022-07-01 09:06:46 - [MESSAGE][PASSED] - Object: 'Object Repository/Login_Page/Login_Submit' is clicked on

2022-07-01 09:06:46 - [MESSAGE][PASSED] - adminSuiteBootstrap.loginFunctionality.login_AdminSuite is PASSED

2022-07-01 09:06:46 - [TEST_STEP][PASSED] - click(findTestObject(path_Dashboard + "span_Payment")): Object: 'Object Repository/AdminSuiteBootstrap_Pages/Dashboard_Bootstrap/span_Payment' is clicked on

2022-07-01 09:06:47 - [MESSAGE][PASSED] - Object: 'Object Repository/AdminSuiteBootstrap_Pages/Dashboard_Bootstrap/span_Payment' is clicked on

2022-07-01 09:06:47 - [TEST_STEP][PASSED] - click(findTestObject(path_Dashboard + "a_HelloWorld3")): Object: 'Object Repository/AdminSuiteBootstrap_Pages/Dashboard_Bootstrap/a_HelloWorld3' is clicked on

2022-07-01 09:06:48 - [MESSAGE][PASSED] - Object: 'Object Repository/AdminSuiteBootstrap_Pages/Dashboard_Bootstrap/a_HelloWorld3' is clicked on

2022-07-01 09:06:48 - [TEST_STEP][PASSED] - click(findTestObject(path_VT + "button_Authorization  Capture (Sale)")): Object: 'Object Repository/AdminSuiteBootstrap_Pages/VT_Bootstrap/IssueTransactions/button_Authorization  Capture (Sale)' is clicked on

2022-07-01 09:06:49 - [MESSAGE][PASSED] - Object: 'Object Repository/AdminSuiteBootstrap_Pages/VT_Bootstrap/IssueTransactions/button_Authorization  Capture (Sale)' is clicked on

2022-07-01 09:06:49 - [TEST_STEP][PASSED] - saleKeyboardEntryLink = modifyObjectProperty(findTestObject(path_VT + "a_KeyboardEntry_Sale"), "href", "equals", hrefAppID, true): Modify property of object successfully

2022-07-01 09:06:49 - [MESSAGE][PASSED] - Modify property of object successfully

2022-07-01 09:06:49 - [TEST_STEP][PASSED] - click(saleKeyboardEntryLink): Object: 'Object Repository/AdminSuiteBootstrap_Pages/VT_Bootstrap/IssueTransactions/a_KeyboardEntry_Sale' is clicked on

2022-07-01 09:06:51 - [MESSAGE][PASSED] - Object: 'Object Repository/AdminSuiteBootstrap_Pages/VT_Bootstrap/IssueTransactions/a_KeyboardEntry_Sale' is clicked on

2022-07-01 09:06:51 - [TEST_STEP][PASSED] - verifyTextPresent("Issue Transactions", true): Text 'Issue Transactions' is present on page  using regular expression

2022-07-01 09:06:52 - [MESSAGE][PASSED] - Text 'Issue Transactions' is present on page  using regular expression

2022-07-01 09:06:52 - [TEST_STEP][PASSED] - verifyTextPresent("Credit Card Authorization Capture", true): Text 'Credit Card Authorization Capture' is present on page  using regular expression

2022-07-01 09:06:52 - [MESSAGE][PASSED] - Text 'Credit Card Authorization Capture' is present on page  using regular expression

2022-07-01 09:06:52 - [TEST_STEP][PASSED] - verifyTextPresent("Required fields are highlighted with an asterisk", true): Text 'Required fields are highlighted with an asterisk' is present on page  using regular expression

2022-07-01 09:06:52 - [MESSAGE][PASSED] - Text 'Required fields are highlighted with an asterisk' is present on page  using regular expression

2022-07-01 09:06:52 - [TEST_STEP][PASSED] - verifyTextPresent("Remittance ID", true): Text 'Remittance ID' is present on page  using regular expression

2022-07-01 09:06:53 - [MESSAGE][PASSED] - Text 'Remittance ID' is present on page  using regular expression

2022-07-01 09:06:53 - [TEST_STEP][PASSED] - verifyTextPresent("Bill/Invoice Information", true): Text 'Bill/Invoice Information' is present on page  using regular expression

2022-07-01 09:06:53 - [MESSAGE][PASSED] - Text 'Bill/Invoice Information' is present on page  using regular expression

2022-07-01 09:06:53 - [TEST_STEP][PASSED] - verifyTextPresent("Application: Hello World3", true): Text 'Application: Hello World3' is present on page  using regular expression

2022-07-01 09:06:54 - [MESSAGE][PASSED] - Text 'Application: Hello World3' is present on page  using regular expression

2022-07-01 09:06:54 - [TEST_STEP][PASSED] - verifyElementVisible(findTestObject(path_SaleKB + "input_cardName")): Object 'Object Repository/AdminSuiteBootstrap_Pages/VT_Bootstrap/SaleKeyboard/input_cardName' is visible

2022-07-01 09:06:54 - [MESSAGE][PASSED] - Object 'Object Repository/AdminSuiteBootstrap_Pages/VT_Bootstrap/SaleKeyboard/input_cardName' is visible

2022-07-01 09:06:54 - [TEST_STEP][PASSED] - verifyElementPresent(findTestObject(path_SaleKB + "input_cardName"), 30): Object 'Object Repository/AdminSuiteBootstrap_Pages/VT_Bootstrap/SaleKeyboard/input_cardName' is present

2022-07-01 09:06:54 - [MESSAGE][PASSED] - Object 'Object Repository/AdminSuiteBootstrap_Pages/VT_Bootstrap/SaleKeyboard/input_cardName' is present

2022-07-01 09:06:54 - [TEST_STEP][PASSED] - verifyElementVisible(findTestObject(path_SaleKB + "select_transactionCategory")): Object 'Object Repository/AdminSuiteBootstrap_Pages/VT_Bootstrap/SaleKeyboard/select_transactionCategory' is visible

2022-07-01 09:06:55 - [MESSAGE][PASSED] - Object 'Object Repository/AdminSuiteBootstrap_Pages/VT_Bootstrap/SaleKeyboard/select_transactionCategory' is visible

2022-07-01 09:06:55 - [TEST_STEP][PASSED] - verifyElementPresent(findTestObject(path_SaleKB + "select_transactionCategory"), 30): Object 'Object Repository/AdminSuiteBootstrap_Pages/VT_Bootstrap/SaleKeyboard/select_transactionCategory' is present

2022-07-01 09:06:55 - [MESSAGE][PASSED] - Object 'Object Repository/AdminSuiteBootstrap_Pages/VT_Bootstrap/SaleKeyboard/select_transactionCategory' is present

2022-07-01 09:06:55 - [TEST_STEP][PASSED] - verifyElementPresent(findTestObject(path_SaleKB + "input__cardNumber"), 30): Object 'Object Repository/AdminSuiteBootstrap_Pages/VT_Bootstrap/SaleKeyboard/input__cardNumber' is present

2022-07-01 09:06:55 - [MESSAGE][PASSED] - Object 'Object Repository/AdminSuiteBootstrap_Pages/VT_Bootstrap/SaleKeyboard/input__cardNumber' is present

2022-07-01 09:06:55 - [TEST_STEP][PASSED] - verifyElementPresent(findTestObject(path_SaleKB + "input__cvv"), 30): Object 'Object Repository/AdminSuiteBootstrap_Pages/VT_Bootstrap/SaleKeyboard/input__cvv' is present

2022-07-01 09:06:55 - [MESSAGE][PASSED] - Object 'Object Repository/AdminSuiteBootstrap_Pages/VT_Bootstrap/SaleKeyboard/input__cvv' is present

2022-07-01 09:06:55 - [TEST_STEP][PASSED] - verifyElementVisible(findTestObject(path_SaleKB + "select_MM")): Object 'Object Repository/AdminSuiteBootstrap_Pages/VT_Bootstrap/SaleKeyboard/select_MM' is visible

2022-07-01 09:06:56 - [MESSAGE][PASSED] - Object 'Object Repository/AdminSuiteBootstrap_Pages/VT_Bootstrap/SaleKeyboard/select_MM' is visible

2022-07-01 09:06:56 - [TEST_STEP][PASSED] - verifyElementPresent(findTestObject(path_SaleKB + "select_MM"), 30): Object 'Object Repository/AdminSuiteBootstrap_Pages/VT_Bootstrap/SaleKeyboard/select_MM' is present

2022-07-01 09:06:56 - [MESSAGE][PASSED] - Object 'Object Repository/AdminSuiteBootstrap_Pages/VT_Bootstrap/SaleKeyboard/select_MM' is present

2022-07-01 09:06:56 - [TEST_STEP][PASSED] - verifyElementVisible(findTestObject(path_SaleKB + "select_YYYY")): Object 'Object Repository/AdminSuiteBootstrap_Pages/VT_Bootstrap/SaleKeyboard/select_YYYY' is visible

2022-07-01 09:06:56 - [MESSAGE][PASSED] - Object 'Object Repository/AdminSuiteBootstrap_Pages/VT_Bootstrap/SaleKeyboard/select_YYYY' is visible

2022-07-01 09:06:56 - [TEST_STEP][PASSED] - verifyElementPresent(findTestObject(path_SaleKB + "select_YYYY"), 30): Object 'Object Repository/AdminSuiteBootstrap_Pages/VT_Bootstrap/SaleKeyboard/select_YYYY' is present

2022-07-01 09:06:57 - [MESSAGE][PASSED] - Object 'Object Repository/AdminSuiteBootstrap_Pages/VT_Bootstrap/SaleKeyboard/select_YYYY' is present

2022-07-01 09:06:57 - [TEST_STEP][PASSED] - verifyElementVisible(findTestObject(path_SaleKB + "input__address")): Object 'Object Repository/AdminSuiteBootstrap_Pages/VT_Bootstrap/SaleKeyboard/input__address' is visible

2022-07-01 09:06:57 - [MESSAGE][PASSED] - Object 'Object Repository/AdminSuiteBootstrap_Pages/VT_Bootstrap/SaleKeyboard/input__address' is visible

2022-07-01 09:06:57 - [TEST_STEP][PASSED] - verifyElementPresent(findTestObject(path_SaleKB + "input__address"), 30): Object 'Object Repository/AdminSuiteBootstrap_Pages/VT_Bootstrap/SaleKeyboard/input__address' is present

2022-07-01 09:06:57 - [MESSAGE][PASSED] - Object 'Object Repository/AdminSuiteBootstrap_Pages/VT_Bootstrap/SaleKeyboard/input__address' is present

2022-07-01 09:06:57 - [TEST_STEP][PASSED] - verifyElementVisible(findTestObject(path_SaleKB + "input__address2")): Object 'Object Repository/AdminSuiteBootstrap_Pages/VT_Bootstrap/SaleKeyboard/input__address2' is visible

2022-07-01 09:06:58 - [MESSAGE][PASSED] - Object 'Object Repository/AdminSuiteBootstrap_Pages/VT_Bootstrap/SaleKeyboard/input__address2' is visible

2022-07-01 09:06:58 - [TEST_STEP][PASSED] - verifyElementPresent(findTestObject(path_SaleKB + "input__address2"), 30): Object 'Object Repository/AdminSuiteBootstrap_Pages/VT_Bootstrap/SaleKeyboard/input__address2' is present

2022-07-01 09:06:58 - [MESSAGE][PASSED] - Object 'Object Repository/AdminSuiteBootstrap_Pages/VT_Bootstrap/SaleKeyboard/input__address2' is present

2022-07-01 09:06:58 - [TEST_STEP][PASSED] - verifyElementVisible(findTestObject(path_SaleKB + "select_Country")): Object 'Object Repository/AdminSuiteBootstrap_Pages/VT_Bootstrap/SaleKeyboard/select_Country' is visible

2022-07-01 09:06:58 - [MESSAGE][PASSED] - Object 'Object Repository/AdminSuiteBootstrap_Pages/VT_Bootstrap/SaleKeyboard/select_Country' is visible

2022-07-01 09:06:58 - [TEST_STEP][PASSED] - verifyElementPresent(findTestObject(path_SaleKB + "select_Country"), 30): Object 'Object Repository/AdminSuiteBootstrap_Pages/VT_Bootstrap/SaleKeyboard/select_Country' is present

2022-07-01 09:06:58 - [MESSAGE][PASSED] - Object 'Object Repository/AdminSuiteBootstrap_Pages/VT_Bootstrap/SaleKeyboard/select_Country' is present

2022-07-01 09:06:58 - [TEST_STEP][PASSED] - verifyElementVisible(findTestObject(path_SaleKB + "input__zip")): Object 'Object Repository/AdminSuiteBootstrap_Pages/VT_Bootstrap/SaleKeyboard/input__zip' is visible

2022-07-01 09:06:59 - [MESSAGE][PASSED] - Object 'Object Repository/AdminSuiteBootstrap_Pages/VT_Bootstrap/SaleKeyboard/input__zip' is visible

2022-07-01 09:06:59 - [TEST_STEP][PASSED] - verifyElementPresent(findTestObject(path_SaleKB + "input__zip"), 30): Object 'Object Repository/AdminSuiteBootstrap_Pages/VT_Bootstrap/SaleKeyboard/input__zip' is present

2022-07-01 09:06:59 - [MESSAGE][PASSED] - Object 'Object Repository/AdminSuiteBootstrap_Pages/VT_Bootstrap/SaleKeyboard/input__zip' is present

2022-07-01 09:06:59 - [TEST_STEP][PASSED] - verifyElementVisible(findTestObject(path_SaleKB + "input__city")): Object 'Object Repository/AdminSuiteBootstrap_Pages/VT_Bootstrap/SaleKeyboard/input__city' is visible

2022-07-01 09:06:59 - [MESSAGE][PASSED] - Object 'Object Repository/AdminSuiteBootstrap_Pages/VT_Bootstrap/SaleKeyboard/input__city' is visible

2022-07-01 09:06:59 - [TEST_STEP][PASSED] - verifyElementPresent(findTestObject(path_SaleKB + "input__city"), 30): Object 'Object Repository/AdminSuiteBootstrap_Pages/VT_Bootstrap/SaleKeyboard/input__city' is present

2022-07-01 09:07:00 - [MESSAGE][PASSED] - Object 'Object Repository/AdminSuiteBootstrap_Pages/VT_Bootstrap/SaleKeyboard/input__city' is present

2022-07-01 09:07:00 - [TEST_STEP][PASSED] - verifyElementVisible(findTestObject(path_SaleKB + "select_State")): Object 'Object Repository/AdminSuiteBootstrap_Pages/VT_Bootstrap/SaleKeyboard/select_State' is visible

2022-07-01 09:07:00 - [MESSAGE][PASSED] - Object 'Object Repository/AdminSuiteBootstrap_Pages/VT_Bootstrap/SaleKeyboard/select_State' is visible

2022-07-01 09:07:00 - [TEST_STEP][PASSED] - verifyElementPresent(findTestObject(path_SaleKB + "select_State"), 30): Object 'Object Repository/AdminSuiteBootstrap_Pages/VT_Bootstrap/SaleKeyboard/select_State' is present

2022-07-01 09:07:00 - [MESSAGE][PASSED] - Object 'Object Repository/AdminSuiteBootstrap_Pages/VT_Bootstrap/SaleKeyboard/select_State' is present

2022-07-01 09:07:00 - [TEST_STEP][PASSED] - verifyElementVisible(findTestObject(path_SaleKB + "input_emailAddress")): Object 'Object Repository/AdminSuiteBootstrap_Pages/VT_Bootstrap/SaleKeyboard/input_emailAddress' is visible

2022-07-01 09:07:01 - [MESSAGE][PASSED] - Object 'Object Repository/AdminSuiteBootstrap_Pages/VT_Bootstrap/SaleKeyboard/input_emailAddress' is visible

2022-07-01 09:07:01 - [TEST_STEP][PASSED] - verifyElementPresent(findTestObject(path_SaleKB + "input_emailAddress"), 30): Object 'Object Repository/AdminSuiteBootstrap_Pages/VT_Bootstrap/SaleKeyboard/input_emailAddress' is present

2022-07-01 09:07:01 - [MESSAGE][PASSED] - Object 'Object Repository/AdminSuiteBootstrap_Pages/VT_Bootstrap/SaleKeyboard/input_emailAddress' is present

2022-07-01 09:07:01 - [TEST_STEP][PASSED] - verifyElementVisible(findTestObject(path_SaleKB + "input_smsNumber")): Object 'Object Repository/AdminSuiteBootstrap_Pages/VT_Bootstrap/SaleKeyboard/input_smsNumber' is visible

2022-07-01 09:07:01 - [MESSAGE][PASSED] - Object 'Object Repository/AdminSuiteBootstrap_Pages/VT_Bootstrap/SaleKeyboard/input_smsNumber' is visible

2022-07-01 09:07:01 - [TEST_STEP][PASSED] - verifyElementPresent(findTestObject(path_SaleKB + "input_smsNumber"), 30): Object 'Object Repository/AdminSuiteBootstrap_Pages/VT_Bootstrap/SaleKeyboard/input_smsNumber' is present

2022-07-01 09:07:02 - [MESSAGE][PASSED] - Object 'Object Repository/AdminSuiteBootstrap_Pages/VT_Bootstrap/SaleKeyboard/input_smsNumber' is present

2022-07-01 09:07:02 - [TEST_STEP][PASSED] - verifyElementVisible(findTestObject(path_SaleKB + "input_amount")): Object 'Object Repository/AdminSuiteBootstrap_Pages/VT_Bootstrap/SaleKeyboard/input_amount' is visible

2022-07-01 09:07:02 - [MESSAGE][PASSED] - Object 'Object Repository/AdminSuiteBootstrap_Pages/VT_Bootstrap/SaleKeyboard/input_amount' is visible

2022-07-01 09:07:02 - [TEST_STEP][PASSED] - verifyElementPresent(findTestObject(path_SaleKB + "input_amount"), 30): Object 'Object Repository/AdminSuiteBootstrap_Pages/VT_Bootstrap/SaleKeyboard/input_amount' is present

2022-07-01 09:07:02 - [MESSAGE][PASSED] - Object 'Object Repository/AdminSuiteBootstrap_Pages/VT_Bootstrap/SaleKeyboard/input_amount' is present

2022-07-01 09:07:02 - [TEST_STEP][PASSED] - verifyElementVisible(findTestObject(path_SaleKB + "input_convenienceFee")): Object 'Object Repository/AdminSuiteBootstrap_Pages/VT_Bootstrap/SaleKeyboard/input_convenienceFee' is visible

2022-07-01 09:07:03 - [MESSAGE][PASSED] - Object 'Object Repository/AdminSuiteBootstrap_Pages/VT_Bootstrap/SaleKeyboard/input_convenienceFee' is visible

2022-07-01 09:07:03 - [TEST_STEP][PASSED] - verifyElementPresent(findTestObject(path_SaleKB + "input_convenienceFee"), 30): Object 'Object Repository/AdminSuiteBootstrap_Pages/VT_Bootstrap/SaleKeyboard/input_convenienceFee' is present

2022-07-01 09:07:03 - [MESSAGE][PASSED] - Object 'Object Repository/AdminSuiteBootstrap_Pages/VT_Bootstrap/SaleKeyboard/input_convenienceFee' is present

2022-07-01 09:07:03 - [TEST_STEP][PASSED] - verifyElementVisible(findTestObject(path_SaleKB + "input_convenienceFeeType")): Object 'Object Repository/AdminSuiteBootstrap_Pages/VT_Bootstrap/SaleKeyboard/input_convenienceFeeType' is visible

2022-07-01 09:07:03 - [MESSAGE][PASSED] - Object 'Object Repository/AdminSuiteBootstrap_Pages/VT_Bootstrap/SaleKeyboard/input_convenienceFeeType' is visible

2022-07-01 09:07:03 - [TEST_STEP][PASSED] - verifyElementPresent(findTestObject(path_SaleKB + "input_convenienceFeeType"), 30): Object 'Object Repository/AdminSuiteBootstrap_Pages/VT_Bootstrap/SaleKeyboard/input_convenienceFeeType' is present

2022-07-01 09:07:04 - [MESSAGE][PASSED] - Object 'Object Repository/AdminSuiteBootstrap_Pages/VT_Bootstrap/SaleKeyboard/input_convenienceFeeType' is present

2022-07-01 09:07:04 - [TEST_STEP][PASSED] - verifyElementVisible(findTestObject(path_SaleKB + "input_totalAmount")): Object 'Object Repository/AdminSuiteBootstrap_Pages/VT_Bootstrap/SaleKeyboard/input_totalAmount' is visible

2022-07-01 09:07:04 - [MESSAGE][PASSED] - Object 'Object Repository/AdminSuiteBootstrap_Pages/VT_Bootstrap/SaleKeyboard/input_totalAmount' is visible

2022-07-01 09:07:04 - [TEST_STEP][PASSED] - verifyElementPresent(findTestObject(path_SaleKB + "input_totalAmount"), 30): Object 'Object Repository/AdminSuiteBootstrap_Pages/VT_Bootstrap/SaleKeyboard/input_totalAmount' is present

2022-07-01 09:07:04 - [MESSAGE][PASSED] - Object 'Object Repository/AdminSuiteBootstrap_Pages/VT_Bootstrap/SaleKeyboard/input_totalAmount' is present

2022-07-01 09:07:04 - [TEST_STEP][PASSED] - verifyElementVisible(findTestObject(path_SaleKB + "input_userDefined1")): Object 'Object Repository/AdminSuiteBootstrap_Pages/VT_Bootstrap/SaleKeyboard/input_userDefined1' is visible

2022-07-01 09:07:05 - [MESSAGE][PASSED] - Object 'Object Repository/AdminSuiteBootstrap_Pages/VT_Bootstrap/SaleKeyboard/input_userDefined1' is visible

2022-07-01 09:07:05 - [TEST_STEP][PASSED] - verifyElementPresent(findTestObject(path_SaleKB + "input_userDefined1"), 30): Object 'Object Repository/AdminSuiteBootstrap_Pages/VT_Bootstrap/SaleKeyboard/input_userDefined1' is present

2022-07-01 09:07:05 - [MESSAGE][PASSED] - Object 'Object Repository/AdminSuiteBootstrap_Pages/VT_Bootstrap/SaleKeyboard/input_userDefined1' is present

2022-07-01 09:07:05 - [TEST_STEP][PASSED] - verifyElementVisible(findTestObject(path_SaleKB + "input_userDefined2")): Object 'Object Repository/AdminSuiteBootstrap_Pages/VT_Bootstrap/SaleKeyboard/input_userDefined2' is visible

2022-07-01 09:07:05 - [MESSAGE][PASSED] - Object 'Object Repository/AdminSuiteBootstrap_Pages/VT_Bootstrap/SaleKeyboard/input_userDefined2' is visible

2022-07-01 09:07:05 - [TEST_STEP][PASSED] - verifyElementPresent(findTestObject(path_SaleKB + "input_userDefined2"), 30): Object 'Object Repository/AdminSuiteBootstrap_Pages/VT_Bootstrap/SaleKeyboard/input_userDefined2' is present

2022-07-01 09:07:06 - [MESSAGE][PASSED] - Object 'Object Repository/AdminSuiteBootstrap_Pages/VT_Bootstrap/SaleKeyboard/input_userDefined2' is present

2022-07-01 09:07:06 - [TEST_STEP][PASSED] - verifyElementVisible(findTestObject(path_SaleKB + "input_userDefined3")): Object 'Object Repository/AdminSuiteBootstrap_Pages/VT_Bootstrap/SaleKeyboard/input_userDefined3' is visible

2022-07-01 09:07:06 - [MESSAGE][PASSED] - Object 'Object Repository/AdminSuiteBootstrap_Pages/VT_Bootstrap/SaleKeyboard/input_userDefined3' is visible

2022-07-01 09:07:06 - [TEST_STEP][PASSED] - verifyElementPresent(findTestObject(path_SaleKB + "input_userDefined3"), 30): Object 'Object Repository/AdminSuiteBootstrap_Pages/VT_Bootstrap/SaleKeyboard/input_userDefined3' is present

2022-07-01 09:07:06 - [MESSAGE][PASSED] - Object 'Object Repository/AdminSuiteBootstrap_Pages/VT_Bootstrap/SaleKeyboard/input_userDefined3' is present

2022-07-01 09:07:06 - [TEST_STEP][PASSED] - verifyElementVisible(findTestObject(path_SaleKB + "input_userDefined4")): Object 'Object Repository/AdminSuiteBootstrap_Pages/VT_Bootstrap/SaleKeyboard/input_userDefined4' is visible

2022-07-01 09:07:07 - [MESSAGE][PASSED] - Object 'Object Repository/AdminSuiteBootstrap_Pages/VT_Bootstrap/SaleKeyboard/input_userDefined4' is visible

2022-07-01 09:07:07 - [TEST_STEP][PASSED] - verifyElementPresent(findTestObject(path_SaleKB + "input_userDefined4"), 30): Object 'Object Repository/AdminSuiteBootstrap_Pages/VT_Bootstrap/SaleKeyboard/input_userDefined4' is present

2022-07-01 09:07:07 - [MESSAGE][PASSED] - Object 'Object Repository/AdminSuiteBootstrap_Pages/VT_Bootstrap/SaleKeyboard/input_userDefined4' is present

2022-07-01 09:07:07 - [TEST_STEP][PASSED] - verifyElementVisible(findTestObject(path_SaleKB + "select_UDF5_DropDown")): Object 'Object Repository/AdminSuiteBootstrap_Pages/VT_Bootstrap/SaleKeyboard/select_UDF5_DropDown' is visible

2022-07-01 09:07:07 - [MESSAGE][PASSED] - Object 'Object Repository/AdminSuiteBootstrap_Pages/VT_Bootstrap/SaleKeyboard/select_UDF5_DropDown' is visible

2022-07-01 09:07:07 - [TEST_STEP][PASSED] - verifyElementPresent(findTestObject(path_SaleKB + "select_UDF5_DropDown"), 30): Object 'Object Repository/AdminSuiteBootstrap_Pages/VT_Bootstrap/SaleKeyboard/select_UDF5_DropDown' is present

2022-07-01 09:07:08 - [MESSAGE][PASSED] - Object 'Object Repository/AdminSuiteBootstrap_Pages/VT_Bootstrap/SaleKeyboard/select_UDF5_DropDown' is present

2022-07-01 09:07:08 - [TEST_STEP][PASSED] - verifyElementVisible(findTestObject(path_SaleKB + "select_UDF6_DropDown")): Object 'Object Repository/AdminSuiteBootstrap_Pages/VT_Bootstrap/SaleKeyboard/select_UDF6_DropDown' is visible

2022-07-01 09:07:08 - [MESSAGE][PASSED] - Object 'Object Repository/AdminSuiteBootstrap_Pages/VT_Bootstrap/SaleKeyboard/select_UDF6_DropDown' is visible

2022-07-01 09:07:08 - [TEST_STEP][PASSED] - verifyElementPresent(findTestObject(path_SaleKB + "select_UDF6_DropDown"), 30): Object 'Object Repository/AdminSuiteBootstrap_Pages/VT_Bootstrap/SaleKeyboard/select_UDF6_DropDown' is present

2022-07-01 09:07:08 - [MESSAGE][PASSED] - Object 'Object Repository/AdminSuiteBootstrap_Pages/VT_Bootstrap/SaleKeyboard/select_UDF6_DropDown' is present

2022-07-01 09:07:08 - [TEST_STEP][PASSED] - verifyElementVisible(findTestObject(path_SaleKB + "input_userDefined7")): Object 'Object Repository/AdminSuiteBootstrap_Pages/VT_Bootstrap/SaleKeyboard/input_userDefined7' is visible

2022-07-01 09:07:09 - [MESSAGE][PASSED] - Object 'Object Repository/AdminSuiteBootstrap_Pages/VT_Bootstrap/SaleKeyboard/input_userDefined7' is visible

2022-07-01 09:07:09 - [TEST_STEP][PASSED] - verifyElementPresent(findTestObject(path_SaleKB + "input_userDefined7"), 30): Object 'Object Repository/AdminSuiteBootstrap_Pages/VT_Bootstrap/SaleKeyboard/input_userDefined7' is present

2022-07-01 09:07:09 - [MESSAGE][PASSED] - Object 'Object Repository/AdminSuiteBootstrap_Pages/VT_Bootstrap/SaleKeyboard/input_userDefined7' is present

2022-07-01 09:07:09 - [TEST_STEP][PASSED] - verifyElementVisible(findTestObject(path_SaleKB + "input_userDefined8")): Object 'Object Repository/AdminSuiteBootstrap_Pages/VT_Bootstrap/SaleKeyboard/input_userDefined8' is visible

2022-07-01 09:07:09 - [MESSAGE][PASSED] - Object 'Object Repository/AdminSuiteBootstrap_Pages/VT_Bootstrap/SaleKeyboard/input_userDefined8' is visible

2022-07-01 09:07:09 - [TEST_STEP][PASSED] - verifyElementPresent(findTestObject(path_SaleKB + "input_userDefined8"), 30): Object 'Object Repository/AdminSuiteBootstrap_Pages/VT_Bootstrap/SaleKeyboard/input_userDefined8' is present

2022-07-01 09:07:10 - [MESSAGE][PASSED] - Object 'Object Repository/AdminSuiteBootstrap_Pages/VT_Bootstrap/SaleKeyboard/input_userDefined8' is present

2022-07-01 09:07:10 - [TEST_STEP][PASSED] - verifyElementVisible(findTestObject(path_SaleKB + "input_userDefined9")): Object 'Object Repository/AdminSuiteBootstrap_Pages/VT_Bootstrap/SaleKeyboard/input_userDefined9' is visible

2022-07-01 09:07:10 - [MESSAGE][PASSED] - Object 'Object Repository/AdminSuiteBootstrap_Pages/VT_Bootstrap/SaleKeyboard/input_userDefined9' is visible

2022-07-01 09:07:10 - [TEST_STEP][PASSED] - verifyElementPresent(findTestObject(path_SaleKB + "input_userDefined9"), 30): Object 'Object Repository/AdminSuiteBootstrap_Pages/VT_Bootstrap/SaleKeyboard/input_userDefined9' is present

2022-07-01 09:07:10 - [MESSAGE][PASSED] - Object 'Object Repository/AdminSuiteBootstrap_Pages/VT_Bootstrap/SaleKeyboard/input_userDefined9' is present

2022-07-01 09:07:10 - [TEST_STEP][PASSED] - verifyElementVisible(findTestObject(path_SaleKB + "input_userDefined10")): Object 'Object Repository/AdminSuiteBootstrap_Pages/VT_Bootstrap/SaleKeyboard/input_userDefined10' is visible

2022-07-01 09:07:11 - [MESSAGE][PASSED] - Object 'Object Repository/AdminSuiteBootstrap_Pages/VT_Bootstrap/SaleKeyboard/input_userDefined10' is visible

2022-07-01 09:07:11 - [TEST_STEP][PASSED] - verifyElementPresent(findTestObject(path_SaleKB + "input_userDefined10"), 30): Object 'Object Repository/AdminSuiteBootstrap_Pages/VT_Bootstrap/SaleKeyboard/input_userDefined10' is present

2022-07-01 09:07:11 - [MESSAGE][PASSED] - Object 'Object Repository/AdminSuiteBootstrap_Pages/VT_Bootstrap/SaleKeyboard/input_userDefined10' is present

2022-07-01 09:07:11 - [TEST_STEP][PASSED] - verifyElementVisible(findTestObject(path_SaleKB + "button_Submit")): Object 'Object Repository/AdminSuiteBootstrap_Pages/VT_Bootstrap/SaleKeyboard/button_Submit' is visible

2022-07-01 09:07:11 - [MESSAGE][PASSED] - Object 'Object Repository/AdminSuiteBootstrap_Pages/VT_Bootstrap/SaleKeyboard/button_Submit' is visible

2022-07-01 09:07:11 - [TEST_STEP][PASSED] - verifyElementPresent(findTestObject(path_SaleKB + "button_Submit"), 30): Object 'Object Repository/AdminSuiteBootstrap_Pages/VT_Bootstrap/SaleKeyboard/button_Submit' is present

2022-07-01 09:07:12 - [MESSAGE][PASSED] - Object 'Object Repository/AdminSuiteBootstrap_Pages/VT_Bootstrap/SaleKeyboard/button_Submit' is present

2022-07-01 09:07:12 - [TEST_STEP][FAILED] - verifyElementVisible(findTestObject(path_SaleKB + "button_Reset")): Web element with id: 'Object Repository/AdminSuiteBootstrap_Pages/VT_Bootstrap/SaleKeyboard/button_Reset' located by '//*[@type = 'submit' and @name = 'submit' and @id = 'reset' and (text() = 'Reset' or . = 'Reset')]' not found (Root cause: com.kms.katalon.core.exception.StepFailedException: Web element with id: 'Object Repository/AdminSuiteBootstrap_Pages/VT_Bootstrap/SaleKeyboard/button_Reset' located by '//*[@type = 'submit' and @name = 'submit' and @id = 'reset' and (text() = 'Reset' or . = 'Reset')]' not found
	at com.kms.katalon.core.webui.keyword.internal.WebUIKeywordMain.stepFailed(WebUIKeywordMain.groovy:64)
	at com.kms.katalon.core.webui.keyword.builtin.VerifyElementVisibleKeyword$_verifyElementVisible_closure1.doCall(VerifyElementVisibleKeyword.groovy:89)
	at com.kms.katalon.core.webui.keyword.builtin.VerifyElementVisibleKeyword$_verifyElementVisible_closure1.call(VerifyElementVisibleKeyword.groovy)
	at com.kms.katalon.core.webui.keyword.internal.WebUIKeywordMain.runKeyword(WebUIKeywordMain.groovy:20)
	at com.kms.katalon.core.webui.keyword.builtin.VerifyElementVisibleKeyword.verifyElementVisible(VerifyElementVisibleKeyword.groovy:97)
	at com.kms.katalon.core.webui.keyword.builtin.VerifyElementVisibleKeyword.execute(VerifyElementVisibleKeyword.groovy:67)
	at com.kms.katalon.core.keyword.internal.KeywordExecutor.executeKeywordForPlatform(KeywordExecutor.groovy:74)
	at com.kms.katalon.core.webui.keyword.WebUiBuiltInKeywords.verifyElementVisible(WebUiBuiltInKeywords.groovy:376)
	at com.kms.katalon.core.webui.keyword.WebUiBuiltInKeywords$verifyElementVisible$4.call(Unknown Source)
	at VerifySaleKeyboard_UI_1_TC.run(VerifySaleKeyboard_UI_1_TC:140)
	at com.kms.katalon.core.main.ScriptEngine.run(ScriptEngine.java:194)
	at com.kms.katalon.core.main.ScriptEngine.runScriptAsRawText(ScriptEngine.java:119)
	at com.kms.katalon.core.main.TestCaseExecutor.runScript(TestCaseExecutor.java:442)
	at com.kms.katalon.core.main.TestCaseExecutor.doExecute(TestCaseExecutor.java:433)
	at com.kms.katalon.core.main.TestCaseExecutor.processExecutionPhase(TestCaseExecutor.java:412)
	at com.kms.katalon.core.main.TestCaseExecutor.accessMainPhase(TestCaseExecutor.java:404)
	at com.kms.katalon.core.main.TestCaseExecutor.execute(TestCaseExecutor.java:281)
	at com.kms.katalon.core.main.TestSuiteExecutor.accessTestCaseMainPhase(TestSuiteExecutor.java:202)
	at com.kms.katalon.core.main.TestSuiteExecutor.accessTestSuiteMainPhase(TestSuiteExecutor.java:164)
	at com.kms.katalon.core.main.TestSuiteExecutor.execute(TestSuiteExecutor.java:105)
	at com.kms.katalon.core.main.TestCaseMain.startTestSuite(TestCaseMain.java:185)
	at com.kms.katalon.core.main.TestCaseMain$startTestSuite$0.call(Unknown Source)
	at TempTestSuite1656641661317.run(TempTestSuite1656641661317.groovy:36)
)

2022-07-01 09:07:43 - [MESSAGE][INFO] - Unable to find the element located by 'By.xpath: //*[@type = 'submit' and @name = 'submit' and @id = 'reset' and (text() = 'Reset' or . = 'Reset')]'. Please recheck the objects properties to make sure the desired element is located. 

2022-07-01 09:07:43 - [MESSAGE][FAILED] - Web element with id: 'Object Repository/AdminSuiteBootstrap_Pages/VT_Bootstrap/SaleKeyboard/button_Reset' located by '//*[@type = 'submit' and @name = 'submit' and @id = 'reset' and (text() = 'Reset' or . = 'Reset')]' not found (Root cause: com.kms.katalon.core.exception.StepFailedException: Web element with id: 'Object Repository/AdminSuiteBootstrap_Pages/VT_Bootstrap/SaleKeyboard/button_Reset' located by '//*[@type = 'submit' and @name = 'submit' and @id = 'reset' and (text() = 'Reset' or . = 'Reset')]' not found
	at com.kms.katalon.core.webui.keyword.internal.WebUIKeywordMain.stepFailed(WebUIKeywordMain.groovy:64)
	at com.kms.katalon.core.webui.keyword.builtin.VerifyElementVisibleKeyword$_verifyElementVisible_closure1.doCall(VerifyElementVisibleKeyword.groovy:89)
	at com.kms.katalon.core.webui.keyword.builtin.VerifyElementVisibleKeyword$_verifyElementVisible_closure1.call(VerifyElementVisibleKeyword.groovy)
	at com.kms.katalon.core.webui.keyword.internal.WebUIKeywordMain.runKeyword(WebUIKeywordMain.groovy:20)
	at com.kms.katalon.core.webui.keyword.builtin.VerifyElementVisibleKeyword.verifyElementVisible(VerifyElementVisibleKeyword.groovy:97)
	at com.kms.katalon.core.webui.keyword.builtin.VerifyElementVisibleKeyword.execute(VerifyElementVisibleKeyword.groovy:67)
	at com.kms.katalon.core.keyword.internal.KeywordExecutor.executeKeywordForPlatform(KeywordExecutor.groovy:74)
	at com.kms.katalon.core.webui.keyword.WebUiBuiltInKeywords.verifyElementVisible(WebUiBuiltInKeywords.groovy:376)
	at com.kms.katalon.core.webui.keyword.WebUiBuiltInKeywords$verifyElementVisible$4.call(Unknown Source)
	at VerifySaleKeyboard_UI_1_TC.run(VerifySaleKeyboard_UI_1_TC:140)
	at com.kms.katalon.core.main.ScriptEngine.run(ScriptEngine.java:194)
	at com.kms.katalon.core.main.ScriptEngine.runScriptAsRawText(ScriptEngine.java:119)
	at com.kms.katalon.core.main.TestCaseExecutor.runScript(TestCaseExecutor.java:442)
	at com.kms.katalon.core.main.TestCaseExecutor.doExecute(TestCaseExecutor.java:433)
	at com.kms.katalon.core.main.TestCaseExecutor.processExecutionPhase(TestCaseExecutor.java:412)
	at com.kms.katalon.core.main.TestCaseExecutor.accessMainPhase(TestCaseExecutor.java:404)
	at com.kms.katalon.core.main.TestCaseExecutor.execute(TestCaseExecutor.java:281)
	at com.kms.katalon.core.main.TestSuiteExecutor.accessTestCaseMainPhase(TestSuiteExecutor.java:202)
	at com.kms.katalon.core.main.TestSuiteExecutor.accessTestSuiteMainPhase(TestSuiteExecutor.java:164)
	at com.kms.katalon.core.main.TestSuiteExecutor.execute(TestSuiteExecutor.java:105)
	at com.kms.katalon.core.main.TestCaseMain.startTestSuite(TestCaseMain.java:185)
	at com.kms.katalon.core.main.TestCaseMain$startTestSuite$0.call(Unknown Source)
	at TempTestSuite1656641661317.run(TempTestSuite1656641661317.groovy:36)
)
[[ATTACHMENT|E:\\Cloned-Project-Katalon\\VPS-Katalon\\Reports\\20220630_221407\\QA\\VT-Bootstrap\\AdminSuiteBootstrap_UI_TestSuite\\20220630_221421\\1656680863482.png]]

2022-07-01 09:07:43 - [TEST_STEP][FAILED] - verifyElementPresent(findTestObject(path_SaleKB + "button_Reset"), 30): com.kms.katalon.core.webui.exception.WebElementNotFoundException: Web element with id: 'Object Repository/AdminSuiteBootstrap_Pages/VT_Bootstrap/SaleKeyboard/button_Reset' located by '//*[@type = 'submit' and @name = 'submit' and @id = 'reset' and (text() = 'Reset' or . = 'Reset')]' not found (Root cause: com.kms.katalon.core.exception.StepFailedException: com.kms.katalon.core.webui.exception.WebElementNotFoundException: Web element with id: 'Object Repository/AdminSuiteBootstrap_Pages/VT_Bootstrap/SaleKeyboard/button_Reset' located by '//*[@type = 'submit' and @name = 'submit' and @id = 'reset' and (text() = 'Reset' or . = 'Reset')]' not found
	at com.kms.katalon.core.webui.keyword.internal.WebUIKeywordMain.stepFailed(WebUIKeywordMain.groovy:64)
	at com.kms.katalon.core.webui.keyword.builtin.VerifyElementPresentKeyword$_verifyElementPresent_closure1.doCall(VerifyElementPresentKeyword.groovy:85)
	at com.kms.katalon.core.webui.keyword.builtin.VerifyElementPresentKeyword$_verifyElementPresent_closure1.call(VerifyElementPresentKeyword.groovy)
	at com.kms.katalon.core.webui.keyword.internal.WebUIKeywordMain.runKeyword(WebUIKeywordMain.groovy:20)
	at com.kms.katalon.core.webui.keyword.builtin.VerifyElementPresentKeyword.verifyElementPresent(VerifyElementPresentKeyword.groovy:92)
	at com.kms.katalon.core.webui.keyword.builtin.VerifyElementPresentKeyword.execute(VerifyElementPresentKeyword.groovy:68)
	at com.kms.katalon.core.keyword.internal.KeywordExecutor.executeKeywordForPlatform(KeywordExecutor.groovy:74)
	at com.kms.katalon.core.webui.keyword.WebUiBuiltInKeywords.verifyElementPresent(WebUiBuiltInKeywords.groovy:1464)
	at com.kms.katalon.core.webui.keyword.WebUiBuiltInKeywords$verifyElementPresent$1.call(Unknown Source)
	at VerifySaleKeyboard_UI_1_TC.run(VerifySaleKeyboard_UI_1_TC:141)
	at com.kms.katalon.core.main.ScriptEngine.run(ScriptEngine.java:194)
	at com.kms.katalon.core.main.ScriptEngine.runScriptAsRawText(ScriptEngine.java:119)
	at com.kms.katalon.core.main.TestCaseExecutor.runScript(TestCaseExecutor.java:442)
	at com.kms.katalon.core.main.TestCaseExecutor.doExecute(TestCaseExecutor.java:433)
	at com.kms.katalon.core.main.TestCaseExecutor.processExecutionPhase(TestCaseExecutor.java:412)
	at com.kms.katalon.core.main.TestCaseExecutor.accessMainPhase(TestCaseExecutor.java:404)
	at com.kms.katalon.core.main.TestCaseExecutor.execute(TestCaseExecutor.java:281)
	at com.kms.katalon.core.main.TestSuiteExecutor.accessTestCaseMainPhase(TestSuiteExecutor.java:202)
	at com.kms.katalon.core.main.TestSuiteExecutor.accessTestSuiteMainPhase(TestSuiteExecutor.java:164)
	at com.kms.katalon.core.main.TestSuiteExecutor.execute(TestSuiteExecutor.java:105)
	at com.kms.katalon.core.main.TestCaseMain.startTestSuite(TestCaseMain.java:185)
	at com.kms.katalon.core.main.TestCaseMain$startTestSuite$0.call(Unknown Source)
	at TempTestSuite1656641661317.run(TempTestSuite1656641661317.groovy:36)
)

2022-07-01 09:08:15 - [MESSAGE][INFO] - Unable to find the element located by 'By.xpath: //*[@type = 'submit' and @name = 'submit' and @id = 'reset' and (text() = 'Reset' or . = 'Reset')]'. Please recheck the objects properties to make sure the desired element is located. 

2022-07-01 09:08:15 - [MESSAGE][FAILED] - com.kms.katalon.core.webui.exception.WebElementNotFoundException: Web element with id: 'Object Repository/AdminSuiteBootstrap_Pages/VT_Bootstrap/SaleKeyboard/button_Reset' located by '//*[@type = 'submit' and @name = 'submit' and @id = 'reset' and (text() = 'Reset' or . = 'Reset')]' not found (Root cause: com.kms.katalon.core.exception.StepFailedException: com.kms.katalon.core.webui.exception.WebElementNotFoundException: Web element with id: 'Object Repository/AdminSuiteBootstrap_Pages/VT_Bootstrap/SaleKeyboard/button_Reset' located by '//*[@type = 'submit' and @name = 'submit' and @id = 'reset' and (text() = 'Reset' or . = 'Reset')]' not found
	at com.kms.katalon.core.webui.keyword.internal.WebUIKeywordMain.stepFailed(WebUIKeywordMain.groovy:64)
	at com.kms.katalon.core.webui.keyword.builtin.VerifyElementPresentKeyword$_verifyElementPresent_closure1.doCall(VerifyElementPresentKeyword.groovy:85)
	at com.kms.katalon.core.webui.keyword.builtin.VerifyElementPresentKeyword$_verifyElementPresent_closure1.call(VerifyElementPresentKeyword.groovy)
	at com.kms.katalon.core.webui.keyword.internal.WebUIKeywordMain.runKeyword(WebUIKeywordMain.groovy:20)
	at com.kms.katalon.core.webui.keyword.builtin.VerifyElementPresentKeyword.verifyElementPresent(VerifyElementPresentKeyword.groovy:92)
	at com.kms.katalon.core.webui.keyword.builtin.VerifyElementPresentKeyword.execute(VerifyElementPresentKeyword.groovy:68)
	at com.kms.katalon.core.keyword.internal.KeywordExecutor.executeKeywordForPlatform(KeywordExecutor.groovy:74)
	at com.kms.katalon.core.webui.keyword.WebUiBuiltInKeywords.verifyElementPresent(WebUiBuiltInKeywords.groovy:1464)
	at com.kms.katalon.core.webui.keyword.WebUiBuiltInKeywords$verifyElementPresent$1.call(Unknown Source)
	at VerifySaleKeyboard_UI_1_TC.run(VerifySaleKeyboard_UI_1_TC:141)
	at com.kms.katalon.core.main.ScriptEngine.run(ScriptEngine.java:194)
	at com.kms.katalon.core.main.ScriptEngine.runScriptAsRawText(ScriptEngine.java:119)
	at com.kms.katalon.core.main.TestCaseExecutor.runScript(TestCaseExecutor.java:442)
	at com.kms.katalon.core.main.TestCaseExecutor.doExecute(TestCaseExecutor.java:433)
	at com.kms.katalon.core.main.TestCaseExecutor.processExecutionPhase(TestCaseExecutor.java:412)
	at com.kms.katalon.core.main.TestCaseExecutor.accessMainPhase(TestCaseExecutor.java:404)
	at com.kms.katalon.core.main.TestCaseExecutor.execute(TestCaseExecutor.java:281)
	at com.kms.katalon.core.main.TestSuiteExecutor.accessTestCaseMainPhase(TestSuiteExecutor.java:202)
	at com.kms.katalon.core.main.TestSuiteExecutor.accessTestSuiteMainPhase(TestSuiteExecutor.java:164)
	at com.kms.katalon.core.main.TestSuiteExecutor.execute(TestSuiteExecutor.java:105)
	at com.kms.katalon.core.main.TestCaseMain.startTestSuite(TestCaseMain.java:185)
	at com.kms.katalon.core.main.TestCaseMain$startTestSuite$0.call(Unknown Source)
	at TempTestSuite1656641661317.run(TempTestSuite1656641661317.groovy:36)
)
[[ATTACHMENT|E:\\Cloned-Project-Katalon\\VPS-Katalon\\Reports\\20220630_221407\\QA\\VT-Bootstrap\\AdminSuiteBootstrap_UI_TestSuite\\20220630_221421\\1656680895037.png]]]]></system-out>
         <system-err><![CDATA[2022-07-01 09:06:38 - [TEST_CASE][FAILED] - Test Cases/Admin Suite Bootstrap/VT_TestCases/VerifySaleKeyboard_UI_1_TC: Test Cases/Admin Suite Bootstrap/VT_TestCases/VerifySaleKeyboard_UI_1_TC FAILED.
Reason:
com.kms.katalon.core.exception.StepFailedException: Web element with id: 'Object Repository/AdminSuiteBootstrap_Pages/VT_Bootstrap/SaleKeyboard/button_Reset' located by '//*[@type = 'submit' and @name = 'submit' and @id = 'reset' and (text() = 'Reset' or . = 'Reset')]' not found (Root cause: com.kms.katalon.core.exception.StepFailedException: Web element with id: 'Object Repository/AdminSuiteBootstrap_Pages/VT_Bootstrap/SaleKeyboard/button_Reset' located by '//*[@type = 'submit' and @name = 'submit' and @id = 'reset' and (text() = 'Reset' or . = 'Reset')]' not found
	at com.kms.katalon.core.webui.keyword.internal.WebUIKeywordMain.stepFailed(WebUIKeywordMain.groovy:64)
	at com.kms.katalon.core.webui.keyword.builtin.VerifyElementVisibleKeyword$_verifyElementVisible_closure1.doCall(VerifyElementVisibleKeyword.groovy:89)
	at com.kms.katalon.core.webui.keyword.builtin.VerifyElementVisibleKeyword$_verifyElementVisible_closure1.call(VerifyElementVisibleKeyword.groovy)
	at com.kms.katalon.core.webui.keyword.internal.WebUIKeywordMain.runKeyword(WebUIKeywordMain.groovy:20)
	at com.kms.katalon.core.webui.keyword.builtin.VerifyElementVisibleKeyword.verifyElementVisible(VerifyElementVisibleKeyword.groovy:97)
	at com.kms.katalon.core.webui.keyword.builtin.VerifyElementVisibleKeyword.execute(VerifyElementVisibleKeyword.groovy:67)
	at com.kms.katalon.core.keyword.internal.KeywordExecutor.executeKeywordForPlatform(KeywordExecutor.groovy:74)
	at com.kms.katalon.core.webui.keyword.WebUiBuiltInKeywords.verifyElementVisible(WebUiBuiltInKeywords.groovy:376)
	at com.kms.katalon.core.webui.keyword.WebUiBuiltInKeywords$verifyElementVisible$4.call(Unknown Source)
	at VerifySaleKeyboard_UI_1_TC.run(VerifySaleKeyboard_UI_1_TC:140)
	at com.kms.katalon.core.main.ScriptEngine.run(ScriptEngine.java:194)
	at com.kms.katalon.core.main.ScriptEngine.runScriptAsRawText(ScriptEngine.java:119)
	at com.kms.katalon.core.main.TestCaseExecutor.runScript(TestCaseExecutor.java:442)
	at com.kms.katalon.core.main.TestCaseExecutor.doExecute(TestCaseExecutor.java:433)
	at com.kms.katalon.core.main.TestCaseExecutor.processExecutionPhase(TestCaseExecutor.java:412)
	at com.kms.katalon.core.main.TestCaseExecutor.accessMainPhase(TestCaseExecutor.java:404)
	at com.kms.katalon.core.main.TestCaseExecutor.execute(TestCaseExecutor.java:281)
	at com.kms.katalon.core.main.TestSuiteExecutor.accessTestCaseMainPhase(TestSuiteExecutor.java:202)
	at com.kms.katalon.core.main.TestSuiteExecutor.accessTestSuiteMainPhase(TestSuiteExecutor.java:164)
	at com.kms.katalon.core.main.TestSuiteExecutor.execute(TestSuiteExecutor.java:105)
	at com.kms.katalon.core.main.TestCaseMain.startTestSuite(TestCaseMain.java:185)
	at com.kms.katalon.core.main.TestCaseMain$startTestSuite$0.call(Unknown Source)
	at TempTestSuite1656641661317.run(TempTestSuite1656641661317.groovy:36)
)
	at com.kms.katalon.core.keyword.internal.KeywordMain.stepFailed(KeywordMain.groovy:39)
	at com.kms.katalon.core.webui.keyword.internal.WebUIKeywordMain.stepFailed(WebUIKeywordMain.groovy:64)
	at com.kms.katalon.core.webui.keyword.builtin.VerifyElementVisibleKeyword$_verifyElementVisible_closure1.doCall(VerifyElementVisibleKeyword.groovy:89)
	at com.kms.katalon.core.webui.keyword.builtin.VerifyElementVisibleKeyword$_verifyElementVisible_closure1.call(VerifyElementVisibleKeyword.groovy)
	at com.kms.katalon.core.webui.keyword.internal.WebUIKeywordMain.runKeyword(WebUIKeywordMain.groovy:20)
	at com.kms.katalon.core.webui.keyword.builtin.VerifyElementVisibleKeyword.verifyElementVisible(VerifyElementVisibleKeyword.groovy:97)
	at com.kms.katalon.core.webui.keyword.builtin.VerifyElementVisibleKeyword.execute(VerifyElementVisibleKeyword.groovy:67)
	at com.kms.katalon.core.keyword.internal.KeywordExecutor.executeKeywordForPlatform(KeywordExecutor.groovy:74)
	at com.kms.katalon.core.webui.keyword.WebUiBuiltInKeywords.verifyElementVisible(WebUiBuiltInKeywords.groovy:376)
	at com.kms.katalon.core.webui.keyword.WebUiBuiltInKeywords$verifyElementVisible$4.call(Unknown Source)
	at VerifySaleKeyboard_UI_1_TC.run(VerifySaleKeyboard_UI_1_TC:140)
	at com.kms.katalon.core.main.ScriptEngine.run(ScriptEngine.java:194)
	at com.kms.katalon.core.main.ScriptEngine.runScriptAsRawText(ScriptEngine.java:119)
	at com.kms.katalon.core.main.TestCaseExecutor.runScript(TestCaseExecutor.java:442)
	at com.kms.katalon.core.main.TestCaseExecutor.doExecute(TestCaseExecutor.java:433)
	at com.kms.katalon.core.main.TestCaseExecutor.processExecutionPhase(TestCaseExecutor.java:412)
	at com.kms.katalon.core.main.TestCaseExecutor.accessMainPhase(TestCaseExecutor.java:404)
	at com.kms.katalon.core.main.TestCaseExecutor.execute(TestCaseExecutor.java:281)
	at com.kms.katalon.core.main.TestSuiteExecutor.accessTestCaseMainPhase(TestSuiteExecutor.java:202)
	at com.kms.katalon.core.main.TestSuiteExecutor.accessTestSuiteMainPhase(TestSuiteExecutor.java:164)
	at com.kms.katalon.core.main.TestSuiteExecutor.execute(TestSuiteExecutor.java:105)
	at com.kms.katalon.core.main.TestCaseMain.startTestSuite(TestCaseMain.java:185)
	at com.kms.katalon.core.main.TestCaseMain$startTestSuite$0.call(Unknown Source)
	at TempTestSuite1656641661317.run(TempTestSuite1656641661317.groovy:36)
Caused by: com.kms.katalon.core.exception.StepFailedException: Web element with id: 'Object Repository/AdminSuiteBootstrap_Pages/VT_Bootstrap/SaleKeyboard/button_Reset' located by '//*[@type = 'submit' and @name = 'submit' and @id = 'reset' and (text() = 'Reset' or . = 'Reset')]' not found
	... 23 more]]></system-err>
      </testcase>
      <testcase name="Test Cases/Admin Suite Bootstrap/VT_TestCases/VerifyAuthOnlyKeyboard_UI_1_TC" time="33.499" classname="Test Cases/Admin Suite Bootstrap/VT_TestCases/VerifyAuthOnlyKeyboard_UI_1_TC" status="PASSED">
         <system-out><![CDATA[2022-07-01 09:08:15 - [TEST_CASE][PASSED] - Test Cases/Admin Suite Bootstrap/VT_TestCases/VerifyAuthOnlyKeyboard_UI_1_TC: Test Cases/Admin Suite Bootstrap/VT_TestCases/VerifyAuthOnlyKeyboard_UI_1_TC

2022-07-01 09:08:15 - [TEST_STEP][PASSED] - path_Dashboard = "Object Repository/AdminSuiteBootstrap_Pages/Dashboard_Bootstrap/": null

2022-07-01 09:08:15 - [TEST_STEP][PASSED] - path_VT = "Object Repository/AdminSuiteBootstrap_Pages/VT_Bootstrap/IssueTransactions/": null

2022-07-01 09:08:15 - [TEST_STEP][PASSED] - path_SaleKB = "Object Repository/AdminSuiteBootstrap_Pages/VT_Bootstrap/SaleKeyboard/": null

2022-07-01 09:08:15 - [TEST_STEP][PASSED] - appliID = "238": null

2022-07-01 09:08:15 - [TEST_STEP][PASSED] - li_1 = "/admin/imtiaz/bootstrap/vpos/": null

2022-07-01 09:08:15 - [TEST_STEP][PASSED] - li_2 = "/transactions/AuthOnlyForm/": null

2022-07-01 09:08:15 - [TEST_STEP][PASSED] - hrefAppID = li_1 + appliID + li_2: null

2022-07-01 09:08:15 - [TEST_STEP][PASSED] - out.println("hrefID is : " + hrefAppID): null

2022-07-01 09:08:15 - [TEST_STEP][PASSED] - adminSuiteBootstrap.loginFunctionality.login_AdminSuite(): adminSuiteBootstrap.loginFunctionality.login_AdminSuite is PASSED

2022-07-01 09:08:15 - [MESSAGE][WARNING] - A browser is already opened. Closing browser and opening a new one

2022-07-01 09:08:16 - [MESSAGE][INFO] - Starting 'Chrome' driver

2022-07-01 09:08:16 - [MESSAGE][INFO] - User set preference: ['acceptInsecureCerts', 'true']

2022-07-01 09:08:16 - [MESSAGE][INFO] - Action delay is set to 0 milliseconds

2022-07-01 09:08:19 - [MESSAGE][PASSED] - Browser is opened with url: 'https://qa.velocitypayment.com/admin/imtiaz'

2022-07-01 09:08:19 - [MESSAGE][PASSED] - Current window maximized

2022-07-01 09:08:20 - [MESSAGE][PASSED] - Object 'Object Repository/Login_Page/Login_Username' is present

2022-07-01 09:08:20 - [MESSAGE][PASSED] - Text 'iahmed' is set on object 'Object Repository/Login_Page/Login_Username'

2022-07-01 09:08:21 - [MESSAGE][PASSED] - Text 'hello2222' is set on object 'Object Repository/Login_Page/Login_Password'

2022-07-01 09:08:24 - [MESSAGE][PASSED] - Object: 'Object Repository/Login_Page/Login_Submit' is clicked on

2022-07-01 09:08:24 - [MESSAGE][PASSED] - adminSuiteBootstrap.loginFunctionality.login_AdminSuite is PASSED

2022-07-01 09:08:24 - [TEST_STEP][PASSED] - click(findTestObject(path_Dashboard + "span_Payment")): Object: 'Object Repository/AdminSuiteBootstrap_Pages/Dashboard_Bootstrap/span_Payment' is clicked on

2022-07-01 09:08:25 - [MESSAGE][PASSED] - Object: 'Object Repository/AdminSuiteBootstrap_Pages/Dashboard_Bootstrap/span_Payment' is clicked on

2022-07-01 09:08:25 - [TEST_STEP][PASSED] - click(findTestObject(path_Dashboard + "a_HelloWorld3")): Object: 'Object Repository/AdminSuiteBootstrap_Pages/Dashboard_Bootstrap/a_HelloWorld3' is clicked on

2022-07-01 09:08:25 - [MESSAGE][PASSED] - Object: 'Object Repository/AdminSuiteBootstrap_Pages/Dashboard_Bootstrap/a_HelloWorld3' is clicked on

2022-07-01 09:08:25 - [TEST_STEP][PASSED] - click(findTestObject(path_VT + "button_Authorization Only")): Object: 'Object Repository/AdminSuiteBootstrap_Pages/VT_Bootstrap/IssueTransactions/button_Authorization Only' is clicked on

2022-07-01 09:08:26 - [MESSAGE][PASSED] - Object: 'Object Repository/AdminSuiteBootstrap_Pages/VT_Bootstrap/IssueTransactions/button_Authorization Only' is clicked on

2022-07-01 09:08:26 - [TEST_STEP][PASSED] - authOnlyKeyboardEntryLink = modifyObjectProperty(findTestObject(path_VT + "a_KeyboardEntry_Sale"), "href", "equals", hrefAppID, true): Modify property of object successfully

2022-07-01 09:08:26 - [MESSAGE][PASSED] - Modify property of object successfully

2022-07-01 09:08:26 - [TEST_STEP][PASSED] - click(authOnlyKeyboardEntryLink): Object: 'Object Repository/AdminSuiteBootstrap_Pages/VT_Bootstrap/IssueTransactions/a_KeyboardEntry_Sale' is clicked on

2022-07-01 09:08:27 - [MESSAGE][PASSED] - Object: 'Object Repository/AdminSuiteBootstrap_Pages/VT_Bootstrap/IssueTransactions/a_KeyboardEntry_Sale' is clicked on

2022-07-01 09:08:27 - [TEST_STEP][PASSED] - verifyTextPresent("Issue Transactions", true): Text 'Issue Transactions' is present on page  using regular expression

2022-07-01 09:08:28 - [MESSAGE][PASSED] - Text 'Issue Transactions' is present on page  using regular expression

2022-07-01 09:08:28 - [TEST_STEP][PASSED] - verifyTextPresent("Credit Card Authorization", true): Text 'Credit Card Authorization' is present on page  using regular expression

2022-07-01 09:08:28 - [MESSAGE][PASSED] - Text 'Credit Card Authorization' is present on page  using regular expression

2022-07-01 09:08:28 - [TEST_STEP][PASSED] - verifyTextPresent("Required fields are highlighted with an asterisk", true): Text 'Required fields are highlighted with an asterisk' is present on page  using regular expression

2022-07-01 09:08:28 - [MESSAGE][PASSED] - Text 'Required fields are highlighted with an asterisk' is present on page  using regular expression

2022-07-01 09:08:28 - [TEST_STEP][PASSED] - verifyTextPresent("Remittance ID", true): Text 'Remittance ID' is present on page  using regular expression

2022-07-01 09:08:29 - [MESSAGE][PASSED] - Text 'Remittance ID' is present on page  using regular expression

2022-07-01 09:08:29 - [TEST_STEP][PASSED] - verifyTextPresent("Bill/Invoice Information", true): Text 'Bill/Invoice Information' is present on page  using regular expression

2022-07-01 09:08:29 - [MESSAGE][PASSED] - Text 'Bill/Invoice Information' is present on page  using regular expression

2022-07-01 09:08:29 - [TEST_STEP][PASSED] - verifyTextPresent("Application: Hello World3", true): Text 'Application: Hello World3' is present on page  using regular expression

2022-07-01 09:08:29 - [MESSAGE][PASSED] - Text 'Application: Hello World3' is present on page  using regular expression

2022-07-01 09:08:29 - [TEST_STEP][PASSED] - verifyElementVisible(findTestObject(path_SaleKB + "input_cardName")): Object 'Object Repository/AdminSuiteBootstrap_Pages/VT_Bootstrap/SaleKeyboard/input_cardName' is visible

2022-07-01 09:08:30 - [MESSAGE][PASSED] - Object 'Object Repository/AdminSuiteBootstrap_Pages/VT_Bootstrap/SaleKeyboard/input_cardName' is visible

2022-07-01 09:08:30 - [TEST_STEP][PASSED] - verifyElementPresent(findTestObject(path_SaleKB + "input_cardName"), 30): Object 'Object Repository/AdminSuiteBootstrap_Pages/VT_Bootstrap/SaleKeyboard/input_cardName' is present

2022-07-01 09:08:30 - [MESSAGE][PASSED] - Object 'Object Repository/AdminSuiteBootstrap_Pages/VT_Bootstrap/SaleKeyboard/input_cardName' is present

2022-07-01 09:08:30 - [TEST_STEP][PASSED] - verifyElementVisible(findTestObject(path_SaleKB + "select_transactionCategory")): Object 'Object Repository/AdminSuiteBootstrap_Pages/VT_Bootstrap/SaleKeyboard/select_transactionCategory' is visible

2022-07-01 09:08:31 - [MESSAGE][PASSED] - Object 'Object Repository/AdminSuiteBootstrap_Pages/VT_Bootstrap/SaleKeyboard/select_transactionCategory' is visible

2022-07-01 09:08:31 - [TEST_STEP][PASSED] - verifyElementPresent(findTestObject(path_SaleKB + "select_transactionCategory"), 30): Object 'Object Repository/AdminSuiteBootstrap_Pages/VT_Bootstrap/SaleKeyboard/select_transactionCategory' is present

2022-07-01 09:08:31 - [MESSAGE][PASSED] - Object 'Object Repository/AdminSuiteBootstrap_Pages/VT_Bootstrap/SaleKeyboard/select_transactionCategory' is present

2022-07-01 09:08:31 - [TEST_STEP][PASSED] - verifyElementPresent(findTestObject(path_SaleKB + "input__cardNumber"), 30): Object 'Object Repository/AdminSuiteBootstrap_Pages/VT_Bootstrap/SaleKeyboard/input__cardNumber' is present

2022-07-01 09:08:31 - [MESSAGE][PASSED] - Object 'Object Repository/AdminSuiteBootstrap_Pages/VT_Bootstrap/SaleKeyboard/input__cardNumber' is present

2022-07-01 09:08:31 - [TEST_STEP][PASSED] - verifyElementPresent(findTestObject(path_SaleKB + "input__cvv"), 30): Object 'Object Repository/AdminSuiteBootstrap_Pages/VT_Bootstrap/SaleKeyboard/input__cvv' is present

2022-07-01 09:08:31 - [MESSAGE][PASSED] - Object 'Object Repository/AdminSuiteBootstrap_Pages/VT_Bootstrap/SaleKeyboard/input__cvv' is present

2022-07-01 09:08:31 - [TEST_STEP][PASSED] - verifyElementVisible(findTestObject(path_SaleKB + "select_MM")): Object 'Object Repository/AdminSuiteBootstrap_Pages/VT_Bootstrap/SaleKeyboard/select_MM' is visible

2022-07-01 09:08:32 - [MESSAGE][PASSED] - Object 'Object Repository/AdminSuiteBootstrap_Pages/VT_Bootstrap/SaleKeyboard/select_MM' is visible

2022-07-01 09:08:32 - [TEST_STEP][PASSED] - verifyElementPresent(findTestObject(path_SaleKB + "select_MM"), 30): Object 'Object Repository/AdminSuiteBootstrap_Pages/VT_Bootstrap/SaleKeyboard/select_MM' is present

2022-07-01 09:08:32 - [MESSAGE][PASSED] - Object 'Object Repository/AdminSuiteBootstrap_Pages/VT_Bootstrap/SaleKeyboard/select_MM' is present

2022-07-01 09:08:32 - [TEST_STEP][PASSED] - verifyElementVisible(findTestObject(path_SaleKB + "select_YYYY")): Object 'Object Repository/AdminSuiteBootstrap_Pages/VT_Bootstrap/SaleKeyboard/select_YYYY' is visible

2022-07-01 09:08:32 - [MESSAGE][PASSED] - Object 'Object Repository/AdminSuiteBootstrap_Pages/VT_Bootstrap/SaleKeyboard/select_YYYY' is visible

2022-07-01 09:08:32 - [TEST_STEP][PASSED] - verifyElementPresent(findTestObject(path_SaleKB + "select_YYYY"), 30): Object 'Object Repository/AdminSuiteBootstrap_Pages/VT_Bootstrap/SaleKeyboard/select_YYYY' is present

2022-07-01 09:08:33 - [MESSAGE][PASSED] - Object 'Object Repository/AdminSuiteBootstrap_Pages/VT_Bootstrap/SaleKeyboard/select_YYYY' is present

2022-07-01 09:08:33 - [TEST_STEP][PASSED] - verifyElementVisible(findTestObject(path_SaleKB + "input__address")): Object 'Object Repository/AdminSuiteBootstrap_Pages/VT_Bootstrap/SaleKeyboard/input__address' is visible

2022-07-01 09:08:33 - [MESSAGE][PASSED] - Object 'Object Repository/AdminSuiteBootstrap_Pages/VT_Bootstrap/SaleKeyboard/input__address' is visible

2022-07-01 09:08:33 - [TEST_STEP][PASSED] - verifyElementPresent(findTestObject(path_SaleKB + "input__address"), 30): Object 'Object Repository/AdminSuiteBootstrap_Pages/VT_Bootstrap/SaleKeyboard/input__address' is present

2022-07-01 09:08:33 - [MESSAGE][PASSED] - Object 'Object Repository/AdminSuiteBootstrap_Pages/VT_Bootstrap/SaleKeyboard/input__address' is present

2022-07-01 09:08:33 - [TEST_STEP][PASSED] - verifyElementVisible(findTestObject(path_SaleKB + "input__address2")): Object 'Object Repository/AdminSuiteBootstrap_Pages/VT_Bootstrap/SaleKeyboard/input__address2' is visible

2022-07-01 09:08:34 - [MESSAGE][PASSED] - Object 'Object Repository/AdminSuiteBootstrap_Pages/VT_Bootstrap/SaleKeyboard/input__address2' is visible

2022-07-01 09:08:34 - [TEST_STEP][PASSED] - verifyElementPresent(findTestObject(path_SaleKB + "input__address2"), 30): Object 'Object Repository/AdminSuiteBootstrap_Pages/VT_Bootstrap/SaleKeyboard/input__address2' is present

2022-07-01 09:08:34 - [MESSAGE][PASSED] - Object 'Object Repository/AdminSuiteBootstrap_Pages/VT_Bootstrap/SaleKeyboard/input__address2' is present

2022-07-01 09:08:34 - [TEST_STEP][PASSED] - verifyElementVisible(findTestObject(path_SaleKB + "select_Country")): Object 'Object Repository/AdminSuiteBootstrap_Pages/VT_Bootstrap/SaleKeyboard/select_Country' is visible

2022-07-01 09:08:34 - [MESSAGE][PASSED] - Object 'Object Repository/AdminSuiteBootstrap_Pages/VT_Bootstrap/SaleKeyboard/select_Country' is visible

2022-07-01 09:08:34 - [TEST_STEP][PASSED] - verifyElementPresent(findTestObject(path_SaleKB + "select_Country"), 30): Object 'Object Repository/AdminSuiteBootstrap_Pages/VT_Bootstrap/SaleKeyboard/select_Country' is present

2022-07-01 09:08:35 - [MESSAGE][PASSED] - Object 'Object Repository/AdminSuiteBootstrap_Pages/VT_Bootstrap/SaleKeyboard/select_Country' is present

2022-07-01 09:08:35 - [TEST_STEP][PASSED] - verifyElementVisible(findTestObject(path_SaleKB + "input__zip")): Object 'Object Repository/AdminSuiteBootstrap_Pages/VT_Bootstrap/SaleKeyboard/input__zip' is visible

2022-07-01 09:08:35 - [MESSAGE][PASSED] - Object 'Object Repository/AdminSuiteBootstrap_Pages/VT_Bootstrap/SaleKeyboard/input__zip' is visible

2022-07-01 09:08:35 - [TEST_STEP][PASSED] - verifyElementPresent(findTestObject(path_SaleKB + "input__zip"), 30): Object 'Object Repository/AdminSuiteBootstrap_Pages/VT_Bootstrap/SaleKeyboard/input__zip' is present

2022-07-01 09:08:35 - [MESSAGE][PASSED] - Object 'Object Repository/AdminSuiteBootstrap_Pages/VT_Bootstrap/SaleKeyboard/input__zip' is present

2022-07-01 09:08:35 - [TEST_STEP][PASSED] - verifyElementVisible(findTestObject(path_SaleKB + "input__city")): Object 'Object Repository/AdminSuiteBootstrap_Pages/VT_Bootstrap/SaleKeyboard/input__city' is visible

2022-07-01 09:08:35 - [MESSAGE][PASSED] - Object 'Object Repository/AdminSuiteBootstrap_Pages/VT_Bootstrap/SaleKeyboard/input__city' is visible

2022-07-01 09:08:35 - [TEST_STEP][PASSED] - verifyElementPresent(findTestObject(path_SaleKB + "input__city"), 30): Object 'Object Repository/AdminSuiteBootstrap_Pages/VT_Bootstrap/SaleKeyboard/input__city' is present

2022-07-01 09:08:36 - [MESSAGE][PASSED] - Object 'Object Repository/AdminSuiteBootstrap_Pages/VT_Bootstrap/SaleKeyboard/input__city' is present

2022-07-01 09:08:36 - [TEST_STEP][PASSED] - verifyElementVisible(findTestObject(path_SaleKB + "select_State")): Object 'Object Repository/AdminSuiteBootstrap_Pages/VT_Bootstrap/SaleKeyboard/select_State' is visible

2022-07-01 09:08:36 - [MESSAGE][PASSED] - Object 'Object Repository/AdminSuiteBootstrap_Pages/VT_Bootstrap/SaleKeyboard/select_State' is visible

2022-07-01 09:08:36 - [TEST_STEP][PASSED] - verifyElementPresent(findTestObject(path_SaleKB + "select_State"), 30): Object 'Object Repository/AdminSuiteBootstrap_Pages/VT_Bootstrap/SaleKeyboard/select_State' is present

2022-07-01 09:08:36 - [MESSAGE][PASSED] - Object 'Object Repository/AdminSuiteBootstrap_Pages/VT_Bootstrap/SaleKeyboard/select_State' is present

2022-07-01 09:08:36 - [TEST_STEP][PASSED] - verifyElementVisible(findTestObject(path_SaleKB + "input_emailAddress")): Object 'Object Repository/AdminSuiteBootstrap_Pages/VT_Bootstrap/SaleKeyboard/input_emailAddress' is visible

2022-07-01 09:08:37 - [MESSAGE][PASSED] - Object 'Object Repository/AdminSuiteBootstrap_Pages/VT_Bootstrap/SaleKeyboard/input_emailAddress' is visible

2022-07-01 09:08:37 - [TEST_STEP][PASSED] - verifyElementPresent(findTestObject(path_SaleKB + "input_emailAddress"), 30): Object 'Object Repository/AdminSuiteBootstrap_Pages/VT_Bootstrap/SaleKeyboard/input_emailAddress' is present

2022-07-01 09:08:37 - [MESSAGE][PASSED] - Object 'Object Repository/AdminSuiteBootstrap_Pages/VT_Bootstrap/SaleKeyboard/input_emailAddress' is present

2022-07-01 09:08:37 - [TEST_STEP][PASSED] - verifyElementVisible(findTestObject(path_SaleKB + "input_smsNumber")): Object 'Object Repository/AdminSuiteBootstrap_Pages/VT_Bootstrap/SaleKeyboard/input_smsNumber' is visible

2022-07-01 09:08:37 - [MESSAGE][PASSED] - Object 'Object Repository/AdminSuiteBootstrap_Pages/VT_Bootstrap/SaleKeyboard/input_smsNumber' is visible

2022-07-01 09:08:37 - [TEST_STEP][PASSED] - verifyElementPresent(findTestObject(path_SaleKB + "input_smsNumber"), 30): Object 'Object Repository/AdminSuiteBootstrap_Pages/VT_Bootstrap/SaleKeyboard/input_smsNumber' is present

2022-07-01 09:08:37 - [MESSAGE][PASSED] - Object 'Object Repository/AdminSuiteBootstrap_Pages/VT_Bootstrap/SaleKeyboard/input_smsNumber' is present

2022-07-01 09:08:37 - [TEST_STEP][PASSED] - verifyElementVisible(findTestObject(path_SaleKB + "input_amount")): Object 'Object Repository/AdminSuiteBootstrap_Pages/VT_Bootstrap/SaleKeyboard/input_amount' is visible

2022-07-01 09:08:38 - [MESSAGE][PASSED] - Object 'Object Repository/AdminSuiteBootstrap_Pages/VT_Bootstrap/SaleKeyboard/input_amount' is visible

2022-07-01 09:08:38 - [TEST_STEP][PASSED] - verifyElementPresent(findTestObject(path_SaleKB + "input_amount"), 30): Object 'Object Repository/AdminSuiteBootstrap_Pages/VT_Bootstrap/SaleKeyboard/input_amount' is present

2022-07-01 09:08:38 - [MESSAGE][PASSED] - Object 'Object Repository/AdminSuiteBootstrap_Pages/VT_Bootstrap/SaleKeyboard/input_amount' is present

2022-07-01 09:08:38 - [TEST_STEP][PASSED] - verifyElementVisible(findTestObject(path_SaleKB + "input_convenienceFee")): Object 'Object Repository/AdminSuiteBootstrap_Pages/VT_Bootstrap/SaleKeyboard/input_convenienceFee' is visible

2022-07-01 09:08:38 - [MESSAGE][PASSED] - Object 'Object Repository/AdminSuiteBootstrap_Pages/VT_Bootstrap/SaleKeyboard/input_convenienceFee' is visible

2022-07-01 09:08:38 - [TEST_STEP][PASSED] - verifyElementPresent(findTestObject(path_SaleKB + "input_convenienceFee"), 30): Object 'Object Repository/AdminSuiteBootstrap_Pages/VT_Bootstrap/SaleKeyboard/input_convenienceFee' is present

2022-07-01 09:08:39 - [MESSAGE][PASSED] - Object 'Object Repository/AdminSuiteBootstrap_Pages/VT_Bootstrap/SaleKeyboard/input_convenienceFee' is present

2022-07-01 09:08:39 - [TEST_STEP][PASSED] - verifyElementVisible(findTestObject(path_SaleKB + "input_convenienceFeeType")): Object 'Object Repository/AdminSuiteBootstrap_Pages/VT_Bootstrap/SaleKeyboard/input_convenienceFeeType' is visible

2022-07-01 09:08:39 - [MESSAGE][PASSED] - Object 'Object Repository/AdminSuiteBootstrap_Pages/VT_Bootstrap/SaleKeyboard/input_convenienceFeeType' is visible

2022-07-01 09:08:39 - [TEST_STEP][PASSED] - verifyElementPresent(findTestObject(path_SaleKB + "input_convenienceFeeType"), 30): Object 'Object Repository/AdminSuiteBootstrap_Pages/VT_Bootstrap/SaleKeyboard/input_convenienceFeeType' is present

2022-07-01 09:08:39 - [MESSAGE][PASSED] - Object 'Object Repository/AdminSuiteBootstrap_Pages/VT_Bootstrap/SaleKeyboard/input_convenienceFeeType' is present

2022-07-01 09:08:39 - [TEST_STEP][PASSED] - verifyElementVisible(findTestObject(path_SaleKB + "input_totalAmount")): Object 'Object Repository/AdminSuiteBootstrap_Pages/VT_Bootstrap/SaleKeyboard/input_totalAmount' is visible

2022-07-01 09:08:40 - [MESSAGE][PASSED] - Object 'Object Repository/AdminSuiteBootstrap_Pages/VT_Bootstrap/SaleKeyboard/input_totalAmount' is visible

2022-07-01 09:08:40 - [TEST_STEP][PASSED] - verifyElementPresent(findTestObject(path_SaleKB + "input_totalAmount"), 30): Object 'Object Repository/AdminSuiteBootstrap_Pages/VT_Bootstrap/SaleKeyboard/input_totalAmount' is present

2022-07-01 09:08:40 - [MESSAGE][PASSED] - Object 'Object Repository/AdminSuiteBootstrap_Pages/VT_Bootstrap/SaleKeyboard/input_totalAmount' is present

2022-07-01 09:08:40 - [TEST_STEP][PASSED] - verifyElementVisible(findTestObject(path_SaleKB + "input_userDefined1")): Object 'Object Repository/AdminSuiteBootstrap_Pages/VT_Bootstrap/SaleKeyboard/input_userDefined1' is visible

2022-07-01 09:08:41 - [MESSAGE][PASSED] - Object 'Object Repository/AdminSuiteBootstrap_Pages/VT_Bootstrap/SaleKeyboard/input_userDefined1' is visible

2022-07-01 09:08:41 - [TEST_STEP][PASSED] - verifyElementPresent(findTestObject(path_SaleKB + "input_userDefined1"), 30): Object 'Object Repository/AdminSuiteBootstrap_Pages/VT_Bootstrap/SaleKeyboard/input_userDefined1' is present

2022-07-01 09:08:41 - [MESSAGE][PASSED] - Object 'Object Repository/AdminSuiteBootstrap_Pages/VT_Bootstrap/SaleKeyboard/input_userDefined1' is present

2022-07-01 09:08:41 - [TEST_STEP][PASSED] - verifyElementVisible(findTestObject(path_SaleKB + "input_userDefined2")): Object 'Object Repository/AdminSuiteBootstrap_Pages/VT_Bootstrap/SaleKeyboard/input_userDefined2' is visible

2022-07-01 09:08:41 - [MESSAGE][PASSED] - Object 'Object Repository/AdminSuiteBootstrap_Pages/VT_Bootstrap/SaleKeyboard/input_userDefined2' is visible

2022-07-01 09:08:41 - [TEST_STEP][PASSED] - verifyElementPresent(findTestObject(path_SaleKB + "input_userDefined2"), 30): Object 'Object Repository/AdminSuiteBootstrap_Pages/VT_Bootstrap/SaleKeyboard/input_userDefined2' is present

2022-07-01 09:08:42 - [MESSAGE][PASSED] - Object 'Object Repository/AdminSuiteBootstrap_Pages/VT_Bootstrap/SaleKeyboard/input_userDefined2' is present

2022-07-01 09:08:42 - [TEST_STEP][PASSED] - verifyElementVisible(findTestObject(path_SaleKB + "input_userDefined3")): Object 'Object Repository/AdminSuiteBootstrap_Pages/VT_Bootstrap/SaleKeyboard/input_userDefined3' is visible

2022-07-01 09:08:42 - [MESSAGE][PASSED] - Object 'Object Repository/AdminSuiteBootstrap_Pages/VT_Bootstrap/SaleKeyboard/input_userDefined3' is visible

2022-07-01 09:08:42 - [TEST_STEP][PASSED] - verifyElementPresent(findTestObject(path_SaleKB + "input_userDefined3"), 30): Object 'Object Repository/AdminSuiteBootstrap_Pages/VT_Bootstrap/SaleKeyboard/input_userDefined3' is present

2022-07-01 09:08:42 - [MESSAGE][PASSED] - Object 'Object Repository/AdminSuiteBootstrap_Pages/VT_Bootstrap/SaleKeyboard/input_userDefined3' is present

2022-07-01 09:08:42 - [TEST_STEP][PASSED] - verifyElementVisible(findTestObject(path_SaleKB + "input_userDefined4")): Object 'Object Repository/AdminSuiteBootstrap_Pages/VT_Bootstrap/SaleKeyboard/input_userDefined4' is visible

2022-07-01 09:08:43 - [MESSAGE][PASSED] - Object 'Object Repository/AdminSuiteBootstrap_Pages/VT_Bootstrap/SaleKeyboard/input_userDefined4' is visible

2022-07-01 09:08:43 - [TEST_STEP][PASSED] - verifyElementPresent(findTestObject(path_SaleKB + "input_userDefined4"), 30): Object 'Object Repository/AdminSuiteBootstrap_Pages/VT_Bootstrap/SaleKeyboard/input_userDefined4' is present

2022-07-01 09:08:43 - [MESSAGE][PASSED] - Object 'Object Repository/AdminSuiteBootstrap_Pages/VT_Bootstrap/SaleKeyboard/input_userDefined4' is present

2022-07-01 09:08:43 - [TEST_STEP][PASSED] - verifyElementVisible(findTestObject(path_SaleKB + "select_UDF5_DropDown")): Object 'Object Repository/AdminSuiteBootstrap_Pages/VT_Bootstrap/SaleKeyboard/select_UDF5_DropDown' is visible

2022-07-01 09:08:43 - [MESSAGE][PASSED] - Object 'Object Repository/AdminSuiteBootstrap_Pages/VT_Bootstrap/SaleKeyboard/select_UDF5_DropDown' is visible

2022-07-01 09:08:43 - [TEST_STEP][PASSED] - verifyElementPresent(findTestObject(path_SaleKB + "select_UDF5_DropDown"), 30): Object 'Object Repository/AdminSuiteBootstrap_Pages/VT_Bootstrap/SaleKeyboard/select_UDF5_DropDown' is present

2022-07-01 09:08:44 - [MESSAGE][PASSED] - Object 'Object Repository/AdminSuiteBootstrap_Pages/VT_Bootstrap/SaleKeyboard/select_UDF5_DropDown' is present

2022-07-01 09:08:44 - [TEST_STEP][PASSED] - verifyElementVisible(findTestObject(path_SaleKB + "select_UDF6_DropDown")): Object 'Object Repository/AdminSuiteBootstrap_Pages/VT_Bootstrap/SaleKeyboard/select_UDF6_DropDown' is visible

2022-07-01 09:08:44 - [MESSAGE][PASSED] - Object 'Object Repository/AdminSuiteBootstrap_Pages/VT_Bootstrap/SaleKeyboard/select_UDF6_DropDown' is visible

2022-07-01 09:08:44 - [TEST_STEP][PASSED] - verifyElementPresent(findTestObject(path_SaleKB + "select_UDF6_DropDown"), 30): Object 'Object Repository/AdminSuiteBootstrap_Pages/VT_Bootstrap/SaleKeyboard/select_UDF6_DropDown' is present

2022-07-01 09:08:44 - [MESSAGE][PASSED] - Object 'Object Repository/AdminSuiteBootstrap_Pages/VT_Bootstrap/SaleKeyboard/select_UDF6_DropDown' is present

2022-07-01 09:08:44 - [TEST_STEP][PASSED] - verifyElementVisible(findTestObject(path_SaleKB + "input_userDefined7")): Object 'Object Repository/AdminSuiteBootstrap_Pages/VT_Bootstrap/SaleKeyboard/input_userDefined7' is visible

2022-07-01 09:08:45 - [MESSAGE][PASSED] - Object 'Object Repository/AdminSuiteBootstrap_Pages/VT_Bootstrap/SaleKeyboard/input_userDefined7' is visible

2022-07-01 09:08:45 - [TEST_STEP][PASSED] - verifyElementPresent(findTestObject(path_SaleKB + "input_userDefined7"), 30): Object 'Object Repository/AdminSuiteBootstrap_Pages/VT_Bootstrap/SaleKeyboard/input_userDefined7' is present

2022-07-01 09:08:45 - [MESSAGE][PASSED] - Object 'Object Repository/AdminSuiteBootstrap_Pages/VT_Bootstrap/SaleKeyboard/input_userDefined7' is present

2022-07-01 09:08:45 - [TEST_STEP][PASSED] - verifyElementVisible(findTestObject(path_SaleKB + "input_userDefined8")): Object 'Object Repository/AdminSuiteBootstrap_Pages/VT_Bootstrap/SaleKeyboard/input_userDefined8' is visible

2022-07-01 09:08:45 - [MESSAGE][PASSED] - Object 'Object Repository/AdminSuiteBootstrap_Pages/VT_Bootstrap/SaleKeyboard/input_userDefined8' is visible

2022-07-01 09:08:45 - [TEST_STEP][PASSED] - verifyElementPresent(findTestObject(path_SaleKB + "input_userDefined8"), 30): Object 'Object Repository/AdminSuiteBootstrap_Pages/VT_Bootstrap/SaleKeyboard/input_userDefined8' is present

2022-07-01 09:08:46 - [MESSAGE][PASSED] - Object 'Object Repository/AdminSuiteBootstrap_Pages/VT_Bootstrap/SaleKeyboard/input_userDefined8' is present

2022-07-01 09:08:46 - [TEST_STEP][PASSED] - verifyElementVisible(findTestObject(path_SaleKB + "input_userDefined9")): Object 'Object Repository/AdminSuiteBootstrap_Pages/VT_Bootstrap/SaleKeyboard/input_userDefined9' is visible

2022-07-01 09:08:46 - [MESSAGE][PASSED] - Object 'Object Repository/AdminSuiteBootstrap_Pages/VT_Bootstrap/SaleKeyboard/input_userDefined9' is visible

2022-07-01 09:08:46 - [TEST_STEP][PASSED] - verifyElementPresent(findTestObject(path_SaleKB + "input_userDefined9"), 30): Object 'Object Repository/AdminSuiteBootstrap_Pages/VT_Bootstrap/SaleKeyboard/input_userDefined9' is present

2022-07-01 09:08:46 - [MESSAGE][PASSED] - Object 'Object Repository/AdminSuiteBootstrap_Pages/VT_Bootstrap/SaleKeyboard/input_userDefined9' is present

2022-07-01 09:08:46 - [TEST_STEP][PASSED] - verifyElementVisible(findTestObject(path_SaleKB + "input_userDefined10")): Object 'Object Repository/AdminSuiteBootstrap_Pages/VT_Bootstrap/SaleKeyboard/input_userDefined10' is visible

2022-07-01 09:08:47 - [MESSAGE][PASSED] - Object 'Object Repository/AdminSuiteBootstrap_Pages/VT_Bootstrap/SaleKeyboard/input_userDefined10' is visible

2022-07-01 09:08:47 - [TEST_STEP][PASSED] - verifyElementPresent(findTestObject(path_SaleKB + "input_userDefined10"), 30): Object 'Object Repository/AdminSuiteBootstrap_Pages/VT_Bootstrap/SaleKeyboard/input_userDefined10' is present

2022-07-01 09:08:47 - [MESSAGE][PASSED] - Object 'Object Repository/AdminSuiteBootstrap_Pages/VT_Bootstrap/SaleKeyboard/input_userDefined10' is present

2022-07-01 09:08:47 - [TEST_STEP][PASSED] - verifyElementVisible(findTestObject(path_SaleKB + "button_Submit")): Object 'Object Repository/AdminSuiteBootstrap_Pages/VT_Bootstrap/SaleKeyboard/button_Submit' is visible

2022-07-01 09:08:47 - [MESSAGE][PASSED] - Object 'Object Repository/AdminSuiteBootstrap_Pages/VT_Bootstrap/SaleKeyboard/button_Submit' is visible

2022-07-01 09:08:47 - [TEST_STEP][PASSED] - verifyElementPresent(findTestObject(path_SaleKB + "button_Submit"), 30): Object 'Object Repository/AdminSuiteBootstrap_Pages/VT_Bootstrap/SaleKeyboard/button_Submit' is present

2022-07-01 09:08:48 - [MESSAGE][PASSED] - Object 'Object Repository/AdminSuiteBootstrap_Pages/VT_Bootstrap/SaleKeyboard/button_Submit' is present

2022-07-01 09:08:48 - [TEST_STEP][PASSED] - verifyElementVisible(findTestObject(path_SaleKB + "button_Reset")): Object 'Object Repository/AdminSuiteBootstrap_Pages/VT_Bootstrap/SaleKeyboard/button_Reset' is visible

2022-07-01 09:08:48 - [MESSAGE][PASSED] - Object 'Object Repository/AdminSuiteBootstrap_Pages/VT_Bootstrap/SaleKeyboard/button_Reset' is visible

2022-07-01 09:08:48 - [TEST_STEP][PASSED] - verifyElementPresent(findTestObject(path_SaleKB + "button_Reset"), 30): Object 'Object Repository/AdminSuiteBootstrap_Pages/VT_Bootstrap/SaleKeyboard/button_Reset' is present

2022-07-01 09:08:48 - [MESSAGE][PASSED] - Object 'Object Repository/AdminSuiteBootstrap_Pages/VT_Bootstrap/SaleKeyboard/button_Reset' is present]]></system-out>
         <system-err><![CDATA[]]></system-err>
      </testcase>
      <testcase name="Test Cases/Admin Suite Bootstrap/VT_SearchTransaction_TestCases/VerifySearchTransactions_UI_TC" time="404.758" classname="Test Cases/Admin Suite Bootstrap/VT_SearchTransaction_TestCases/VerifySearchTransactions_UI_TC" status="FAILED">
         <failure type="FAILED" message="Test Cases/Admin Suite Bootstrap/VT_SearchTransaction_TestCases/VerifySearchTransactions_UI_TC FAILED.
Reason:
com.kms.katalon.core.exception.StepFailedException: Unable to click on object 'Object Repository/AdminSuiteBootstrap_Pages/Dashboard_Bootstrap/a_Access AutoNoCFtp' (Root cause: com.kms.katalon.core.exception.StepFailedException: Unable to click on object 'Object Repository/AdminSuiteBootstrap_Pages/Dashboard_Bootstrap/a_Access AutoNoCFtp'
	at com.kms.katalon.core.webui.keyword.internal.WebUIKeywordMain.stepFailed(WebUIKeywordMain.groovy:64)
	at com.kms.katalon.core.webui.keyword.internal.WebUIKeywordMain.runKeyword(WebUIKeywordMain.groovy:26)
	at com.kms.katalon.core.webui.keyword.builtin.ClickKeyword.click(ClickKeyword.groovy:74)
	at com.kms.katalon.core.webui.keyword.builtin.ClickKeyword.execute(ClickKeyword.groovy:40)
	at com.kms.katalon.core.keyword.internal.KeywordExecutor.executeKeywordForPlatform(KeywordExecutor.groovy:74)
	at com.kms.katalon.core.webui.keyword.WebUiBuiltInKeywords.click(WebUiBuiltInKeywords.groovy:620)
	at com.kms.katalon.core.webui.keyword.WebUiBuiltInKeywords$click$3.call(Unknown Source)
	at VerifySearchTransactions_UI_TC.run(VerifySearchTransactions_UI_TC:82)
	at com.kms.katalon.core.main.ScriptEngine.run(ScriptEngine.java:194)
	at com.kms.katalon.core.main.ScriptEngine.runScriptAsRawText(ScriptEngine.java:119)
	at com.kms.katalon.core.main.TestCaseExecutor.runScript(TestCaseExecutor.java:442)
	at com.kms.katalon.core.main.TestCaseExecutor.doExecute(TestCaseExecutor.java:433)
	at com.kms.katalon.core.main.TestCaseExecutor.processExecutionPhase(TestCaseExecutor.java:412)
	at com.kms.katalon.core.main.TestCaseExecutor.accessMainPhase(TestCaseExecutor.java:404)
	at com.kms.katalon.core.main.TestCaseExecutor.execute(TestCaseExecutor.java:281)
	at com.kms.katalon.core.main.TestSuiteExecutor.accessTestCaseMainPhase(TestSuiteExecutor.java:202)
	at com.kms.katalon.core.main.TestSuiteExecutor.accessTestSuiteMainPhase(TestSuiteExecutor.java:164)
	at com.kms.katalon.core.main.TestSuiteExecutor.execute(TestSuiteExecutor.java:105)
	at com.kms.katalon.core.main.TestCaseMain.startTestSuite(TestCaseMain.java:185)
	at com.kms.katalon.core.main.TestCaseMain$startTestSuite$0.call(Unknown Source)
	at TempTestSuite1656641661317.run(TempTestSuite1656641661317.groovy:36)
Caused by: com.kms.katalon.core.webui.exception.WebElementNotFoundException: Web element with id: 'Object Repository/AdminSuiteBootstrap_Pages/Dashboard_Bootstrap/a_Access AutoNoCFtp' located by '//*[@href = '/admin/imtiaz/bootstrap/vpos/742/' and (text() = 'Access AutoNoCFtp' or . = 'Access AutoNoCFtp')]' not found
	at com.kms.katalon.core.webui.common.WebUiCommonHelper.findWebElement(WebUiCommonHelper.java:1370)
	at com.kms.katalon.core.webui.keyword.internal.WebUIAbstractKeyword.findWebElement(WebUIAbstractKeyword.groovy:27)
	at com.kms.katalon.core.webui.keyword.builtin.ClickKeyword$_click_closure1.doCall(ClickKeyword.groovy:65)
	at com.kms.katalon.core.webui.keyword.builtin.ClickKeyword$_click_closure1.call(ClickKeyword.groovy)
	at com.kms.katalon.core.webui.keyword.internal.WebUIKeywordMain.runKeyword(WebUIKeywordMain.groovy:20)
	at com.kms.katalon.core.webui.keyword.builtin.ClickKeyword.click(ClickKeyword.groovy:74)
	at com.kms.katalon.core.webui.keyword.builtin.ClickKeyword.execute(ClickKeyword.groovy:40)
	at com.kms.katalon.core.keyword.internal.KeywordExecutor.executeKeywordForPlatform(KeywordExecutor.groovy:74)
	at com.kms.katalon.core.webui.keyword.WebUiBuiltInKeywords.click(WebUiBuiltInKeywords.groovy:620)
	at com.kms.katalon.core.webui.keyword.WebUiBuiltInKeywords$click$3.call(Unknown Source)
	at Script1648586498920.run(Script1648586498920.groovy:82)
	... 13 more
)
	at com.kms.katalon.core.keyword.internal.KeywordMain.stepFailed(KeywordMain.groovy:39)
	at com.kms.katalon.core.webui.keyword.internal.WebUIKeywordMain.stepFailed(WebUIKeywordMain.groovy:64)
	at com.kms.katalon.core.webui.keyword.internal.WebUIKeywordMain.runKeyword(WebUIKeywordMain.groovy:26)
	at com.kms.katalon.core.webui.keyword.builtin.ClickKeyword.click(ClickKeyword.groovy:74)
	at com.kms.katalon.core.webui.keyword.builtin.ClickKeyword.execute(ClickKeyword.groovy:40)
	at com.kms.katalon.core.keyword.internal.KeywordExecutor.executeKeywordForPlatform(KeywordExecutor.groovy:74)
	at com.kms.katalon.core.webui.keyword.WebUiBuiltInKeywords.click(WebUiBuiltInKeywords.groovy:620)
	at com.kms.katalon.core.webui.keyword.WebUiBuiltInKeywords$click$3.call(Unknown Source)
	at VerifySearchTransactions_UI_TC.run(VerifySearchTransactions_UI_TC:82)
	at com.kms.katalon.core.main.ScriptEngine.run(ScriptEngine.java:194)
	at com.kms.katalon.core.main.ScriptEngine.runScriptAsRawText(ScriptEngine.java:119)
	at com.kms.katalon.core.main.TestCaseExecutor.runScript(TestCaseExecutor.java:442)
	at com.kms.katalon.core.main.TestCaseExecutor.doExecute(TestCaseExecutor.java:433)
	at com.kms.katalon.core.main.TestCaseExecutor.processExecutionPhase(TestCaseExecutor.java:412)
	at com.kms.katalon.core.main.TestCaseExecutor.accessMainPhase(TestCaseExecutor.java:404)
	at com.kms.katalon.core.main.TestCaseExecutor.execute(TestCaseExecutor.java:281)
	at com.kms.katalon.core.main.TestSuiteExecutor.accessTestCaseMainPhase(TestSuiteExecutor.java:202)
	at com.kms.katalon.core.main.TestSuiteExecutor.accessTestSuiteMainPhase(TestSuiteExecutor.java:164)
	at com.kms.katalon.core.main.TestSuiteExecutor.execute(TestSuiteExecutor.java:105)
	at com.kms.katalon.core.main.TestCaseMain.startTestSuite(TestCaseMain.java:185)
	at com.kms.katalon.core.main.TestCaseMain$startTestSuite$0.call(Unknown Source)
	at TempTestSuite1656641661317.run(TempTestSuite1656641661317.groovy:36)
Caused by: com.kms.katalon.core.exception.StepFailedException: Unable to click on object 'Object Repository/AdminSuiteBootstrap_Pages/Dashboard_Bootstrap/a_Access AutoNoCFtp'
	... 21 more
Caused by: com.kms.katalon.core.webui.exception.WebElementNotFoundException: Web element with id: 'Object Repository/AdminSuiteBootstrap_Pages/Dashboard_Bootstrap/a_Access AutoNoCFtp' located by '//*[@href = '/admin/imtiaz/bootstrap/vpos/742/' and (text() = 'Access AutoNoCFtp' or . = 'Access AutoNoCFtp')]' not found
	at com.kms.katalon.core.webui.common.WebUiCommonHelper.findWebElement(WebUiCommonHelper.java:1370)
	at com.kms.katalon.core.webui.keyword.internal.WebUIAbstractKeyword.findWebElement(WebUIAbstractKeyword.groovy:27)
	at com.kms.katalon.core.webui.keyword.builtin.ClickKeyword$_click_closure1.doCall(ClickKeyword.groovy:65)
	at com.kms.katalon.core.webui.keyword.builtin.ClickKeyword$_click_closure1.call(ClickKeyword.groovy)
	at com.kms.katalon.core.webui.keyword.internal.WebUIKeywordMain.runKeyword(WebUIKeywordMain.groovy:20)
	... 19 more
"/>
         <system-out><![CDATA[2022-07-01 09:08:48 - [TEST_CASE][FAILED] - Test Cases/Admin Suite Bootstrap/VT_SearchTransaction_TestCases/VerifySearchTransactions_UI_TC: Test Cases/Admin Suite Bootstrap/VT_SearchTransaction_TestCases/VerifySearchTransactions_UI_TC FAILED.
Reason:
com.kms.katalon.core.exception.StepFailedException: Unable to click on object 'Object Repository/AdminSuiteBootstrap_Pages/Dashboard_Bootstrap/a_Access AutoNoCFtp' (Root cause: com.kms.katalon.core.exception.StepFailedException: Unable to click on object 'Object Repository/AdminSuiteBootstrap_Pages/Dashboard_Bootstrap/a_Access AutoNoCFtp'
	at com.kms.katalon.core.webui.keyword.internal.WebUIKeywordMain.stepFailed(WebUIKeywordMain.groovy:64)
	at com.kms.katalon.core.webui.keyword.internal.WebUIKeywordMain.runKeyword(WebUIKeywordMain.groovy:26)
	at com.kms.katalon.core.webui.keyword.builtin.ClickKeyword.click(ClickKeyword.groovy:74)
	at com.kms.katalon.core.webui.keyword.builtin.ClickKeyword.execute(ClickKeyword.groovy:40)
	at com.kms.katalon.core.keyword.internal.KeywordExecutor.executeKeywordForPlatform(KeywordExecutor.groovy:74)
	at com.kms.katalon.core.webui.keyword.WebUiBuiltInKeywords.click(WebUiBuiltInKeywords.groovy:620)
	at com.kms.katalon.core.webui.keyword.WebUiBuiltInKeywords$click$3.call(Unknown Source)
	at VerifySearchTransactions_UI_TC.run(VerifySearchTransactions_UI_TC:82)
	at com.kms.katalon.core.main.ScriptEngine.run(ScriptEngine.java:194)
	at com.kms.katalon.core.main.ScriptEngine.runScriptAsRawText(ScriptEngine.java:119)
	at com.kms.katalon.core.main.TestCaseExecutor.runScript(TestCaseExecutor.java:442)
	at com.kms.katalon.core.main.TestCaseExecutor.doExecute(TestCaseExecutor.java:433)
	at com.kms.katalon.core.main.TestCaseExecutor.processExecutionPhase(TestCaseExecutor.java:412)
	at com.kms.katalon.core.main.TestCaseExecutor.accessMainPhase(TestCaseExecutor.java:404)
	at com.kms.katalon.core.main.TestCaseExecutor.execute(TestCaseExecutor.java:281)
	at com.kms.katalon.core.main.TestSuiteExecutor.accessTestCaseMainPhase(TestSuiteExecutor.java:202)
	at com.kms.katalon.core.main.TestSuiteExecutor.accessTestSuiteMainPhase(TestSuiteExecutor.java:164)
	at com.kms.katalon.core.main.TestSuiteExecutor.execute(TestSuiteExecutor.java:105)
	at com.kms.katalon.core.main.TestCaseMain.startTestSuite(TestCaseMain.java:185)
	at com.kms.katalon.core.main.TestCaseMain$startTestSuite$0.call(Unknown Source)
	at TempTestSuite1656641661317.run(TempTestSuite1656641661317.groovy:36)
Caused by: com.kms.katalon.core.webui.exception.WebElementNotFoundException: Web element with id: 'Object Repository/AdminSuiteBootstrap_Pages/Dashboard_Bootstrap/a_Access AutoNoCFtp' located by '//*[@href = '/admin/imtiaz/bootstrap/vpos/742/' and (text() = 'Access AutoNoCFtp' or . = 'Access AutoNoCFtp')]' not found
	at com.kms.katalon.core.webui.common.WebUiCommonHelper.findWebElement(WebUiCommonHelper.java:1370)
	at com.kms.katalon.core.webui.keyword.internal.WebUIAbstractKeyword.findWebElement(WebUIAbstractKeyword.groovy:27)
	at com.kms.katalon.core.webui.keyword.builtin.ClickKeyword$_click_closure1.doCall(ClickKeyword.groovy:65)
	at com.kms.katalon.core.webui.keyword.builtin.ClickKeyword$_click_closure1.call(ClickKeyword.groovy)
	at com.kms.katalon.core.webui.keyword.internal.WebUIKeywordMain.runKeyword(WebUIKeywordMain.groovy:20)
	at com.kms.katalon.core.webui.keyword.builtin.ClickKeyword.click(ClickKeyword.groovy:74)
	at com.kms.katalon.core.webui.keyword.builtin.ClickKeyword.execute(ClickKeyword.groovy:40)
	at com.kms.katalon.core.keyword.internal.KeywordExecutor.executeKeywordForPlatform(KeywordExecutor.groovy:74)
	at com.kms.katalon.core.webui.keyword.WebUiBuiltInKeywords.click(WebUiBuiltInKeywords.groovy:620)
	at com.kms.katalon.core.webui.keyword.WebUiBuiltInKeywords$click$3.call(Unknown Source)
	at Script1648586498920.run(Script1648586498920.groovy:82)
	... 13 more
)
	at com.kms.katalon.core.keyword.internal.KeywordMain.stepFailed(KeywordMain.groovy:39)
	at com.kms.katalon.core.webui.keyword.internal.WebUIKeywordMain.stepFailed(WebUIKeywordMain.groovy:64)
	at com.kms.katalon.core.webui.keyword.internal.WebUIKeywordMain.runKeyword(WebUIKeywordMain.groovy:26)
	at com.kms.katalon.core.webui.keyword.builtin.ClickKeyword.click(ClickKeyword.groovy:74)
	at com.kms.katalon.core.webui.keyword.builtin.ClickKeyword.execute(ClickKeyword.groovy:40)
	at com.kms.katalon.core.keyword.internal.KeywordExecutor.executeKeywordForPlatform(KeywordExecutor.groovy:74)
	at com.kms.katalon.core.webui.keyword.WebUiBuiltInKeywords.click(WebUiBuiltInKeywords.groovy:620)
	at com.kms.katalon.core.webui.keyword.WebUiBuiltInKeywords$click$3.call(Unknown Source)
	at VerifySearchTransactions_UI_TC.run(VerifySearchTransactions_UI_TC:82)
	at com.kms.katalon.core.main.ScriptEngine.run(ScriptEngine.java:194)
	at com.kms.katalon.core.main.ScriptEngine.runScriptAsRawText(ScriptEngine.java:119)
	at com.kms.katalon.core.main.TestCaseExecutor.runScript(TestCaseExecutor.java:442)
	at com.kms.katalon.core.main.TestCaseExecutor.doExecute(TestCaseExecutor.java:433)
	at com.kms.katalon.core.main.TestCaseExecutor.processExecutionPhase(TestCaseExecutor.java:412)
	at com.kms.katalon.core.main.TestCaseExecutor.accessMainPhase(TestCaseExecutor.java:404)
	at com.kms.katalon.core.main.TestCaseExecutor.execute(TestCaseExecutor.java:281)
	at com.kms.katalon.core.main.TestSuiteExecutor.accessTestCaseMainPhase(TestSuiteExecutor.java:202)
	at com.kms.katalon.core.main.TestSuiteExecutor.accessTestSuiteMainPhase(TestSuiteExecutor.java:164)
	at com.kms.katalon.core.main.TestSuiteExecutor.execute(TestSuiteExecutor.java:105)
	at com.kms.katalon.core.main.TestCaseMain.startTestSuite(TestCaseMain.java:185)
	at com.kms.katalon.core.main.TestCaseMain$startTestSuite$0.call(Unknown Source)
	at TempTestSuite1656641661317.run(TempTestSuite1656641661317.groovy:36)
Caused by: com.kms.katalon.core.exception.StepFailedException: Unable to click on object 'Object Repository/AdminSuiteBootstrap_Pages/Dashboard_Bootstrap/a_Access AutoNoCFtp'
	... 21 more
Caused by: com.kms.katalon.core.webui.exception.WebElementNotFoundException: Web element with id: 'Object Repository/AdminSuiteBootstrap_Pages/Dashboard_Bootstrap/a_Access AutoNoCFtp' located by '//*[@href = '/admin/imtiaz/bootstrap/vpos/742/' and (text() = 'Access AutoNoCFtp' or . = 'Access AutoNoCFtp')]' not found
	at com.kms.katalon.core.webui.common.WebUiCommonHelper.findWebElement(WebUiCommonHelper.java:1370)
	at com.kms.katalon.core.webui.keyword.internal.WebUIAbstractKeyword.findWebElement(WebUIAbstractKeyword.groovy:27)
	at com.kms.katalon.core.webui.keyword.builtin.ClickKeyword$_click_closure1.doCall(ClickKeyword.groovy:65)
	at com.kms.katalon.core.webui.keyword.builtin.ClickKeyword$_click_closure1.call(ClickKeyword.groovy)
	at com.kms.katalon.core.webui.keyword.internal.WebUIKeywordMain.runKeyword(WebUIKeywordMain.groovy:20)
	... 19 more


2022-07-01 09:08:49 - [TEST_STEP][PASSED] - path_Dashboard = "Object Repository/AdminSuiteBootstrap_Pages/Dashboard_Bootstrap/": null

2022-07-01 09:08:49 - [TEST_STEP][PASSED] - path_VT = "Object Repository/AdminSuiteBootstrap_Pages/VT_Bootstrap/IssueTransactions/": null

2022-07-01 09:08:49 - [TEST_STEP][PASSED] - path_SaleKB = "Object Repository/AdminSuiteBootstrap_Pages/VT_Bootstrap/SaleKeyboard/": null

2022-07-01 09:08:49 - [TEST_STEP][PASSED] - path_TestMinus = "Object Repository/Page_TestMinusAndAtSigns/": null

2022-07-01 09:08:49 - [TEST_STEP][PASSED] - path_Receipt = "Object Repository/AdminSuiteBootstrap_Pages/VT_Bootstrap/Receipt/": null

2022-07-01 09:08:49 - [TEST_STEP][PASSED] - path_CCSearch = "Object Repository/AdminSuiteBootstrap_Pages/VT_Bootstrap/CCCreditOrVoidSearch/": null

2022-07-01 09:08:49 - [TEST_STEP][PASSED] - path_SearchResults = "Object Repository/AdminSuiteBootstrap_Pages/VT_Bootstrap/SearchResults/": null

2022-07-01 09:08:49 - [TEST_STEP][PASSED] - path_TranxDetails = "Object Repository/AdminSuiteBootstrap_Pages/VT_Bootstrap/TransactionDetails/": null

2022-07-01 09:08:49 - [TEST_STEP][PASSED] - executionProfile = getExecutionProfile(): null

2022-07-01 09:08:49 - [TEST_STEP][PASSED] - out.println("executionProfile : " + executionProfile): null

2022-07-01 09:08:49 - [TEST_STEP][PASSED] - appName = <not implemented yet for class: org.codehaus.groovy.ast.expr.EmptyExpression>: null

2022-07-01 09:08:49 - [TEST_STEP][PASSED] - appID = <not implemented yet for class: org.codehaus.groovy.ast.expr.EmptyExpression>: null

2022-07-01 09:08:49 - [TEST_STEP][PASSED] - cardNameV = <not implemented yet for class: org.codehaus.groovy.ast.expr.EmptyExpression>: null

2022-07-01 09:08:49 - [TEST_STEP][PASSED] - al1V = <not implemented yet for class: org.codehaus.groovy.ast.expr.EmptyExpression>: null

2022-07-01 09:08:49 - [TEST_STEP][PASSED] - al2V = <not implemented yet for class: org.codehaus.groovy.ast.expr.EmptyExpression>: null

2022-07-01 09:08:49 - [TEST_STEP][PASSED] - zipV = <not implemented yet for class: org.codehaus.groovy.ast.expr.EmptyExpression>: null

2022-07-01 09:08:49 - [TEST_STEP][PASSED] - cardTypeV = <not implemented yet for class: org.codehaus.groovy.ast.expr.EmptyExpression>: null

2022-07-01 09:08:49 - [TEST_STEP][PASSED] - last4V = <not implemented yet for class: org.codehaus.groovy.ast.expr.EmptyExpression>: null

2022-07-01 09:08:49 - [TEST_STEP][PASSED] - numOfRows = <not implemented yet for class: org.codehaus.groovy.ast.expr.EmptyExpression>: null

2022-07-01 09:08:49 - [TEST_STEP][PASSED] - dataFile = <not implemented yet for class: org.codehaus.groovy.ast.expr.EmptyExpression>: null

2022-07-01 09:08:49 - [TEST_STEP][PASSED] - nameSheet = <not implemented yet for class: org.codehaus.groovy.ast.expr.EmptyExpression>: null

2022-07-01 09:08:49 - [TEST_STEP][PASSED] - numOfRows = findTestData("QA/Bootstrap/VT-SearchTransactions-TestData/VT-SearchTransactions").getRowNumbers(): null

2022-07-01 09:08:49 - [TEST_STEP][PASSED] - println("Number of Records: " + numOfRows): null

2022-07-01 09:08:49 - [TEST_STEP][PASSED] - dataFile = "QA/Bootstrap/VT-SearchTransactions-TestData/VT-SearchTransactions": null

2022-07-01 09:08:49 - [TEST_STEP][FAILED] - for ([row = 1, row <= numOfRows, (row++)]): null

2022-07-01 09:08:49 - [TEST_STEP][PASSED] - switch (executionProfile): null

2022-07-01 09:08:49 - [TEST_STEP][PASSED] - case "QAProfile":: null

2022-07-01 09:08:49 - [TEST_STEP][PASSED] - appName = findTestData(dataFile).getValue("AppNameQA", row): null

2022-07-01 09:08:50 - [TEST_STEP][PASSED] - appID = findTestData(dataFile).getValue("AppIDQA", row): null

2022-07-01 09:08:50 - [TEST_STEP][PASSED] - break: null

2022-07-01 09:08:50 - [TEST_STEP][PASSED] - adminSuiteBootstrap.loginFunctionality.login_AdminSuite(): adminSuiteBootstrap.loginFunctionality.login_AdminSuite is PASSED

2022-07-01 09:08:50 - [MESSAGE][WARNING] - A browser is already opened. Closing browser and opening a new one

2022-07-01 09:08:51 - [MESSAGE][INFO] - Starting 'Chrome' driver

2022-07-01 09:08:51 - [MESSAGE][INFO] - User set preference: ['acceptInsecureCerts', 'true']

2022-07-01 09:08:51 - [MESSAGE][INFO] - Action delay is set to 0 milliseconds

2022-07-01 09:08:53 - [MESSAGE][PASSED] - Browser is opened with url: 'https://qa.velocitypayment.com/admin/imtiaz'

2022-07-01 09:08:53 - [MESSAGE][PASSED] - Current window maximized

2022-07-01 09:08:54 - [MESSAGE][PASSED] - Object 'Object Repository/Login_Page/Login_Username' is present

2022-07-01 09:08:54 - [MESSAGE][PASSED] - Text 'iahmed' is set on object 'Object Repository/Login_Page/Login_Username'

2022-07-01 09:08:55 - [MESSAGE][PASSED] - Text 'hello2222' is set on object 'Object Repository/Login_Page/Login_Password'

2022-07-01 09:08:56 - [MESSAGE][PASSED] - Object: 'Object Repository/Login_Page/Login_Submit' is clicked on

2022-07-01 09:08:56 - [MESSAGE][PASSED] - adminSuiteBootstrap.loginFunctionality.login_AdminSuite is PASSED

2022-07-01 09:08:56 - [TEST_STEP][FAILED] - click(findTestObject(path_Dashboard + appName)): Unable to click on object 'Object Repository/AdminSuiteBootstrap_Pages/Dashboard_Bootstrap/a_Access AutoNoCFtp' (Root cause: com.kms.katalon.core.exception.StepFailedException: Unable to click on object 'Object Repository/AdminSuiteBootstrap_Pages/Dashboard_Bootstrap/a_Access AutoNoCFtp'
	at com.kms.katalon.core.webui.keyword.internal.WebUIKeywordMain.stepFailed(WebUIKeywordMain.groovy:64)
	at com.kms.katalon.core.webui.keyword.internal.WebUIKeywordMain.runKeyword(WebUIKeywordMain.groovy:26)
	at com.kms.katalon.core.webui.keyword.builtin.ClickKeyword.click(ClickKeyword.groovy:74)
	at com.kms.katalon.core.webui.keyword.builtin.ClickKeyword.execute(ClickKeyword.groovy:40)
	at com.kms.katalon.core.keyword.internal.KeywordExecutor.executeKeywordForPlatform(KeywordExecutor.groovy:74)
	at com.kms.katalon.core.webui.keyword.WebUiBuiltInKeywords.click(WebUiBuiltInKeywords.groovy:620)
	at com.kms.katalon.core.webui.keyword.WebUiBuiltInKeywords$click$3.call(Unknown Source)
	at VerifySearchTransactions_UI_TC.run(VerifySearchTransactions_UI_TC:82)
	at com.kms.katalon.core.main.ScriptEngine.run(ScriptEngine.java:194)
	at com.kms.katalon.core.main.ScriptEngine.runScriptAsRawText(ScriptEngine.java:119)
	at com.kms.katalon.core.main.TestCaseExecutor.runScript(TestCaseExecutor.java:442)
	at com.kms.katalon.core.main.TestCaseExecutor.doExecute(TestCaseExecutor.java:433)
	at com.kms.katalon.core.main.TestCaseExecutor.processExecutionPhase(TestCaseExecutor.java:412)
	at com.kms.katalon.core.main.TestCaseExecutor.accessMainPhase(TestCaseExecutor.java:404)
	at com.kms.katalon.core.main.TestCaseExecutor.execute(TestCaseExecutor.java:281)
	at com.kms.katalon.core.main.TestSuiteExecutor.accessTestCaseMainPhase(TestSuiteExecutor.java:202)
	at com.kms.katalon.core.main.TestSuiteExecutor.accessTestSuiteMainPhase(TestSuiteExecutor.java:164)
	at com.kms.katalon.core.main.TestSuiteExecutor.execute(TestSuiteExecutor.java:105)
	at com.kms.katalon.core.main.TestCaseMain.startTestSuite(TestCaseMain.java:185)
	at com.kms.katalon.core.main.TestCaseMain$startTestSuite$0.call(Unknown Source)
	at TempTestSuite1656641661317.run(TempTestSuite1656641661317.groovy:36)
Caused by: com.kms.katalon.core.webui.exception.WebElementNotFoundException: Web element with id: 'Object Repository/AdminSuiteBootstrap_Pages/Dashboard_Bootstrap/a_Access AutoNoCFtp' located by '//*[@href = '/admin/imtiaz/bootstrap/vpos/742/' and (text() = 'Access AutoNoCFtp' or . = 'Access AutoNoCFtp')]' not found
	at com.kms.katalon.core.webui.common.WebUiCommonHelper.findWebElement(WebUiCommonHelper.java:1370)
	at com.kms.katalon.core.webui.keyword.internal.WebUIAbstractKeyword.findWebElement(WebUIAbstractKeyword.groovy:27)
	at com.kms.katalon.core.webui.keyword.builtin.ClickKeyword$_click_closure1.doCall(ClickKeyword.groovy:65)
	at com.kms.katalon.core.webui.keyword.builtin.ClickKeyword$_click_closure1.call(ClickKeyword.groovy)
	at com.kms.katalon.core.webui.keyword.internal.WebUIKeywordMain.runKeyword(WebUIKeywordMain.groovy:20)
	at com.kms.katalon.core.webui.keyword.builtin.ClickKeyword.click(ClickKeyword.groovy:74)
	at com.kms.katalon.core.webui.keyword.builtin.ClickKeyword.execute(ClickKeyword.groovy:40)
	at com.kms.katalon.core.keyword.internal.KeywordExecutor.executeKeywordForPlatform(KeywordExecutor.groovy:74)
	at com.kms.katalon.core.webui.keyword.WebUiBuiltInKeywords.click(WebUiBuiltInKeywords.groovy:620)
	at com.kms.katalon.core.webui.keyword.WebUiBuiltInKeywords$click$3.call(Unknown Source)
	at Script1648586498920.run(Script1648586498920.groovy:82)
	... 13 more
)

2022-07-01 09:09:27 - [MESSAGE][INFO] - Unable to find the element located by 'By.xpath: //*[@href = '/admin/imtiaz/bootstrap/vpos/742/' and (text() = 'Access AutoNoCFtp' or . = 'Access AutoNoCFtp')]'. Please recheck the objects properties to make sure the desired element is located. 

2022-07-01 09:09:27 - [MESSAGE][FAILED] - Unable to click on object 'Object Repository/AdminSuiteBootstrap_Pages/Dashboard_Bootstrap/a_Access AutoNoCFtp' (Root cause: com.kms.katalon.core.exception.StepFailedException: Unable to click on object 'Object Repository/AdminSuiteBootstrap_Pages/Dashboard_Bootstrap/a_Access AutoNoCFtp'
	at com.kms.katalon.core.webui.keyword.internal.WebUIKeywordMain.stepFailed(WebUIKeywordMain.groovy:64)
	at com.kms.katalon.core.webui.keyword.internal.WebUIKeywordMain.runKeyword(WebUIKeywordMain.groovy:26)
	at com.kms.katalon.core.webui.keyword.builtin.ClickKeyword.click(ClickKeyword.groovy:74)
	at com.kms.katalon.core.webui.keyword.builtin.ClickKeyword.execute(ClickKeyword.groovy:40)
	at com.kms.katalon.core.keyword.internal.KeywordExecutor.executeKeywordForPlatform(KeywordExecutor.groovy:74)
	at com.kms.katalon.core.webui.keyword.WebUiBuiltInKeywords.click(WebUiBuiltInKeywords.groovy:620)
	at com.kms.katalon.core.webui.keyword.WebUiBuiltInKeywords$click$3.call(Unknown Source)
	at VerifySearchTransactions_UI_TC.run(VerifySearchTransactions_UI_TC:82)
	at com.kms.katalon.core.main.ScriptEngine.run(ScriptEngine.java:194)
	at com.kms.katalon.core.main.ScriptEngine.runScriptAsRawText(ScriptEngine.java:119)
	at com.kms.katalon.core.main.TestCaseExecutor.runScript(TestCaseExecutor.java:442)
	at com.kms.katalon.core.main.TestCaseExecutor.doExecute(TestCaseExecutor.java:433)
	at com.kms.katalon.core.main.TestCaseExecutor.processExecutionPhase(TestCaseExecutor.java:412)
	at com.kms.katalon.core.main.TestCaseExecutor.accessMainPhase(TestCaseExecutor.java:404)
	at com.kms.katalon.core.main.TestCaseExecutor.execute(TestCaseExecutor.java:281)
	at com.kms.katalon.core.main.TestSuiteExecutor.accessTestCaseMainPhase(TestSuiteExecutor.java:202)
	at com.kms.katalon.core.main.TestSuiteExecutor.accessTestSuiteMainPhase(TestSuiteExecutor.java:164)
	at com.kms.katalon.core.main.TestSuiteExecutor.execute(TestSuiteExecutor.java:105)
	at com.kms.katalon.core.main.TestCaseMain.startTestSuite(TestCaseMain.java:185)
	at com.kms.katalon.core.main.TestCaseMain$startTestSuite$0.call(Unknown Source)
	at TempTestSuite1656641661317.run(TempTestSuite1656641661317.groovy:36)
Caused by: com.kms.katalon.core.webui.exception.WebElementNotFoundException: Web element with id: 'Object Repository/AdminSuiteBootstrap_Pages/Dashboard_Bootstrap/a_Access AutoNoCFtp' located by '//*[@href = '/admin/imtiaz/bootstrap/vpos/742/' and (text() = 'Access AutoNoCFtp' or . = 'Access AutoNoCFtp')]' not found
	at com.kms.katalon.core.webui.common.WebUiCommonHelper.findWebElement(WebUiCommonHelper.java:1370)
	at com.kms.katalon.core.webui.keyword.internal.WebUIAbstractKeyword.findWebElement(WebUIAbstractKeyword.groovy:27)
	at com.kms.katalon.core.webui.keyword.builtin.ClickKeyword$_click_closure1.doCall(ClickKeyword.groovy:65)
	at com.kms.katalon.core.webui.keyword.builtin.ClickKeyword$_click_closure1.call(ClickKeyword.groovy)
	at com.kms.katalon.core.webui.keyword.internal.WebUIKeywordMain.runKeyword(WebUIKeywordMain.groovy:20)
	at com.kms.katalon.core.webui.keyword.builtin.ClickKeyword.click(ClickKeyword.groovy:74)
	at com.kms.katalon.core.webui.keyword.builtin.ClickKeyword.execute(ClickKeyword.groovy:40)
	at com.kms.katalon.core.keyword.internal.KeywordExecutor.executeKeywordForPlatform(KeywordExecutor.groovy:74)
	at com.kms.katalon.core.webui.keyword.WebUiBuiltInKeywords.click(WebUiBuiltInKeywords.groovy:620)
	at com.kms.katalon.core.webui.keyword.WebUiBuiltInKeywords$click$3.call(Unknown Source)
	at Script1648586498920.run(Script1648586498920.groovy:82)
	... 13 more
)
[[ATTACHMENT|E:\\Cloned-Project-Katalon\\VPS-Katalon\\Reports\\20220630_221407\\QA\\VT-Bootstrap\\AdminSuiteBootstrap_UI_TestSuite\\20220630_221421\\1656680967393.png]]

2022-07-01 09:09:27 - [TEST_STEP][FAILED] - click(findTestObject(path_VT + "a_Search Transactions")): Unable to click on object 'Object Repository/AdminSuiteBootstrap_Pages/VT_Bootstrap/IssueTransactions/a_Search Transactions' (Root cause: com.kms.katalon.core.exception.StepFailedException: Unable to click on object 'Object Repository/AdminSuiteBootstrap_Pages/VT_Bootstrap/IssueTransactions/a_Search Transactions'
	at com.kms.katalon.core.webui.keyword.internal.WebUIKeywordMain.stepFailed(WebUIKeywordMain.groovy:64)
	at com.kms.katalon.core.webui.keyword.internal.WebUIKeywordMain.runKeyword(WebUIKeywordMain.groovy:26)
	at com.kms.katalon.core.webui.keyword.builtin.ClickKeyword.click(ClickKeyword.groovy:74)
	at com.kms.katalon.core.webui.keyword.builtin.ClickKeyword.execute(ClickKeyword.groovy:40)
	at com.kms.katalon.core.keyword.internal.KeywordExecutor.executeKeywordForPlatform(KeywordExecutor.groovy:74)
	at com.kms.katalon.core.webui.keyword.WebUiBuiltInKeywords.click(WebUiBuiltInKeywords.groovy:620)
	at com.kms.katalon.core.webui.keyword.WebUiBuiltInKeywords$click$3.call(Unknown Source)
	at VerifySearchTransactions_UI_TC.run(VerifySearchTransactions_UI_TC:84)
	at com.kms.katalon.core.main.ScriptEngine.run(ScriptEngine.java:194)
	at com.kms.katalon.core.main.ScriptEngine.runScriptAsRawText(ScriptEngine.java:119)
	at com.kms.katalon.core.main.TestCaseExecutor.runScript(TestCaseExecutor.java:442)
	at com.kms.katalon.core.main.TestCaseExecutor.doExecute(TestCaseExecutor.java:433)
	at com.kms.katalon.core.main.TestCaseExecutor.processExecutionPhase(TestCaseExecutor.java:412)
	at com.kms.katalon.core.main.TestCaseExecutor.accessMainPhase(TestCaseExecutor.java:404)
	at com.kms.katalon.core.main.TestCaseExecutor.execute(TestCaseExecutor.java:281)
	at com.kms.katalon.core.main.TestSuiteExecutor.accessTestCaseMainPhase(TestSuiteExecutor.java:202)
	at com.kms.katalon.core.main.TestSuiteExecutor.accessTestSuiteMainPhase(TestSuiteExecutor.java:164)
	at com.kms.katalon.core.main.TestSuiteExecutor.execute(TestSuiteExecutor.java:105)
	at com.kms.katalon.core.main.TestCaseMain.startTestSuite(TestCaseMain.java:185)
	at com.kms.katalon.core.main.TestCaseMain$startTestSuite$0.call(Unknown Source)
	at TempTestSuite1656641661317.run(TempTestSuite1656641661317.groovy:36)
Caused by: com.kms.katalon.core.webui.exception.WebElementNotFoundException: Web element with id: 'Object Repository/AdminSuiteBootstrap_Pages/VT_Bootstrap/IssueTransactions/a_Search Transactions' located by '//*[(text() = 'Search Transactions' or . = 'Search Transactions')]' not found
	at com.kms.katalon.core.webui.common.WebUiCommonHelper.findWebElement(WebUiCommonHelper.java:1370)
	at com.kms.katalon.core.webui.keyword.internal.WebUIAbstractKeyword.findWebElement(WebUIAbstractKeyword.groovy:27)
	at com.kms.katalon.core.webui.keyword.builtin.ClickKeyword$_click_closure1.doCall(ClickKeyword.groovy:65)
	at com.kms.katalon.core.webui.keyword.builtin.ClickKeyword$_click_closure1.call(ClickKeyword.groovy)
	at com.kms.katalon.core.webui.keyword.internal.WebUIKeywordMain.runKeyword(WebUIKeywordMain.groovy:20)
	at com.kms.katalon.core.webui.keyword.builtin.ClickKeyword.click(ClickKeyword.groovy:74)
	at com.kms.katalon.core.webui.keyword.builtin.ClickKeyword.execute(ClickKeyword.groovy:40)
	at com.kms.katalon.core.keyword.internal.KeywordExecutor.executeKeywordForPlatform(KeywordExecutor.groovy:74)
	at com.kms.katalon.core.webui.keyword.WebUiBuiltInKeywords.click(WebUiBuiltInKeywords.groovy:620)
	at com.kms.katalon.core.webui.keyword.WebUiBuiltInKeywords$click$3.call(Unknown Source)
	at Script1648586498920.run(Script1648586498920.groovy:84)
	... 13 more
)

2022-07-01 09:09:58 - [MESSAGE][INFO] - Unable to find the element located by 'By.xpath: //*[(text() = 'Search Transactions' or . = 'Search Transactions')]'. Please recheck the objects properties to make sure the desired element is located. 

2022-07-01 09:09:59 - [MESSAGE][FAILED] - Unable to click on object 'Object Repository/AdminSuiteBootstrap_Pages/VT_Bootstrap/IssueTransactions/a_Search Transactions' (Root cause: com.kms.katalon.core.exception.StepFailedException: Unable to click on object 'Object Repository/AdminSuiteBootstrap_Pages/VT_Bootstrap/IssueTransactions/a_Search Transactions'
	at com.kms.katalon.core.webui.keyword.internal.WebUIKeywordMain.stepFailed(WebUIKeywordMain.groovy:64)
	at com.kms.katalon.core.webui.keyword.internal.WebUIKeywordMain.runKeyword(WebUIKeywordMain.groovy:26)
	at com.kms.katalon.core.webui.keyword.builtin.ClickKeyword.click(ClickKeyword.groovy:74)
	at com.kms.katalon.core.webui.keyword.builtin.ClickKeyword.execute(ClickKeyword.groovy:40)
	at com.kms.katalon.core.keyword.internal.KeywordExecutor.executeKeywordForPlatform(KeywordExecutor.groovy:74)
	at com.kms.katalon.core.webui.keyword.WebUiBuiltInKeywords.click(WebUiBuiltInKeywords.groovy:620)
	at com.kms.katalon.core.webui.keyword.WebUiBuiltInKeywords$click$3.call(Unknown Source)
	at VerifySearchTransactions_UI_TC.run(VerifySearchTransactions_UI_TC:84)
	at com.kms.katalon.core.main.ScriptEngine.run(ScriptEngine.java:194)
	at com.kms.katalon.core.main.ScriptEngine.runScriptAsRawText(ScriptEngine.java:119)
	at com.kms.katalon.core.main.TestCaseExecutor.runScript(TestCaseExecutor.java:442)
	at com.kms.katalon.core.main.TestCaseExecutor.doExecute(TestCaseExecutor.java:433)
	at com.kms.katalon.core.main.TestCaseExecutor.processExecutionPhase(TestCaseExecutor.java:412)
	at com.kms.katalon.core.main.TestCaseExecutor.accessMainPhase(TestCaseExecutor.java:404)
	at com.kms.katalon.core.main.TestCaseExecutor.execute(TestCaseExecutor.java:281)
	at com.kms.katalon.core.main.TestSuiteExecutor.accessTestCaseMainPhase(TestSuiteExecutor.java:202)
	at com.kms.katalon.core.main.TestSuiteExecutor.accessTestSuiteMainPhase(TestSuiteExecutor.java:164)
	at com.kms.katalon.core.main.TestSuiteExecutor.execute(TestSuiteExecutor.java:105)
	at com.kms.katalon.core.main.TestCaseMain.startTestSuite(TestCaseMain.java:185)
	at com.kms.katalon.core.main.TestCaseMain$startTestSuite$0.call(Unknown Source)
	at TempTestSuite1656641661317.run(TempTestSuite1656641661317.groovy:36)
Caused by: com.kms.katalon.core.webui.exception.WebElementNotFoundException: Web element with id: 'Object Repository/AdminSuiteBootstrap_Pages/VT_Bootstrap/IssueTransactions/a_Search Transactions' located by '//*[(text() = 'Search Transactions' or . = 'Search Transactions')]' not found
	at com.kms.katalon.core.webui.common.WebUiCommonHelper.findWebElement(WebUiCommonHelper.java:1370)
	at com.kms.katalon.core.webui.keyword.internal.WebUIAbstractKeyword.findWebElement(WebUIAbstractKeyword.groovy:27)
	at com.kms.katalon.core.webui.keyword.builtin.ClickKeyword$_click_closure1.doCall(ClickKeyword.groovy:65)
	at com.kms.katalon.core.webui.keyword.builtin.ClickKeyword$_click_closure1.call(ClickKeyword.groovy)
	at com.kms.katalon.core.webui.keyword.internal.WebUIKeywordMain.runKeyword(WebUIKeywordMain.groovy:20)
	at com.kms.katalon.core.webui.keyword.builtin.ClickKeyword.click(ClickKeyword.groovy:74)
	at com.kms.katalon.core.webui.keyword.builtin.ClickKeyword.execute(ClickKeyword.groovy:40)
	at com.kms.katalon.core.keyword.internal.KeywordExecutor.executeKeywordForPlatform(KeywordExecutor.groovy:74)
	at com.kms.katalon.core.webui.keyword.WebUiBuiltInKeywords.click(WebUiBuiltInKeywords.groovy:620)
	at com.kms.katalon.core.webui.keyword.WebUiBuiltInKeywords$click$3.call(Unknown Source)
	at Script1648586498920.run(Script1648586498920.groovy:84)
	... 13 more
)
[[ATTACHMENT|E:\\Cloned-Project-Katalon\\VPS-Katalon\\Reports\\20220630_221407\\QA\\VT-Bootstrap\\AdminSuiteBootstrap_UI_TestSuite\\20220630_221421\\1656680998967.png]]

2022-07-01 09:09:59 - [TEST_STEP][FAILED] - verifyTextPresent("Transaction Search", true): Text 'Transaction Search' is not present on page  using regular expression (Root cause: com.kms.katalon.core.exception.StepFailedException: Text 'Transaction Search' is not present on page  using regular expression
	at com.kms.katalon.core.webui.keyword.internal.WebUIKeywordMain.stepFailed(WebUIKeywordMain.groovy:64)
	at com.kms.katalon.core.webui.keyword.builtin.VerifyTextPresentKeyword$_verifyTextPresent_closure1.doCall(VerifyTextPresentKeyword.groovy:79)
	at com.kms.katalon.core.webui.keyword.builtin.VerifyTextPresentKeyword$_verifyTextPresent_closure1.call(VerifyTextPresentKeyword.groovy)
	at com.kms.katalon.core.webui.keyword.internal.WebUIKeywordMain.runKeyword(WebUIKeywordMain.groovy:20)
	at com.kms.katalon.core.webui.keyword.builtin.VerifyTextPresentKeyword.verifyTextPresent(VerifyTextPresentKeyword.groovy:83)
	at com.kms.katalon.core.webui.keyword.builtin.VerifyTextPresentKeyword.execute(VerifyTextPresentKeyword.groovy:68)
	at com.kms.katalon.core.keyword.internal.KeywordExecutor.executeKeywordForPlatform(KeywordExecutor.groovy:74)
	at com.kms.katalon.core.webui.keyword.WebUiBuiltInKeywords.verifyTextPresent(WebUiBuiltInKeywords.groovy:1723)
	at com.kms.katalon.core.webui.keyword.WebUiBuiltInKeywords$verifyTextPresent$5.call(Unknown Source)
	at VerifySearchTransactions_UI_TC.run(VerifySearchTransactions_UI_TC:88)
	at com.kms.katalon.core.main.ScriptEngine.run(ScriptEngine.java:194)
	at com.kms.katalon.core.main.ScriptEngine.runScriptAsRawText(ScriptEngine.java:119)
	at com.kms.katalon.core.main.TestCaseExecutor.runScript(TestCaseExecutor.java:442)
	at com.kms.katalon.core.main.TestCaseExecutor.doExecute(TestCaseExecutor.java:433)
	at com.kms.katalon.core.main.TestCaseExecutor.processExecutionPhase(TestCaseExecutor.java:412)
	at com.kms.katalon.core.main.TestCaseExecutor.accessMainPhase(TestCaseExecutor.java:404)
	at com.kms.katalon.core.main.TestCaseExecutor.execute(TestCaseExecutor.java:281)
	at com.kms.katalon.core.main.TestSuiteExecutor.accessTestCaseMainPhase(TestSuiteExecutor.java:202)
	at com.kms.katalon.core.main.TestSuiteExecutor.accessTestSuiteMainPhase(TestSuiteExecutor.java:164)
	at com.kms.katalon.core.main.TestSuiteExecutor.execute(TestSuiteExecutor.java:105)
	at com.kms.katalon.core.main.TestCaseMain.startTestSuite(TestCaseMain.java:185)
	at com.kms.katalon.core.main.TestCaseMain$startTestSuite$0.call(Unknown Source)
	at TempTestSuite1656641661317.run(TempTestSuite1656641661317.groovy:36)
)

2022-07-01 09:09:59 - [MESSAGE][FAILED] - Text 'Transaction Search' is not present on page  using regular expression (Root cause: com.kms.katalon.core.exception.StepFailedException: Text 'Transaction Search' is not present on page  using regular expression
	at com.kms.katalon.core.webui.keyword.internal.WebUIKeywordMain.stepFailed(WebUIKeywordMain.groovy:64)
	at com.kms.katalon.core.webui.keyword.builtin.VerifyTextPresentKeyword$_verifyTextPresent_closure1.doCall(VerifyTextPresentKeyword.groovy:79)
	at com.kms.katalon.core.webui.keyword.builtin.VerifyTextPresentKeyword$_verifyTextPresent_closure1.call(VerifyTextPresentKeyword.groovy)
	at com.kms.katalon.core.webui.keyword.internal.WebUIKeywordMain.runKeyword(WebUIKeywordMain.groovy:20)
	at com.kms.katalon.core.webui.keyword.builtin.VerifyTextPresentKeyword.verifyTextPresent(VerifyTextPresentKeyword.groovy:83)
	at com.kms.katalon.core.webui.keyword.builtin.VerifyTextPresentKeyword.execute(VerifyTextPresentKeyword.groovy:68)
	at com.kms.katalon.core.keyword.internal.KeywordExecutor.executeKeywordForPlatform(KeywordExecutor.groovy:74)
	at com.kms.katalon.core.webui.keyword.WebUiBuiltInKeywords.verifyTextPresent(WebUiBuiltInKeywords.groovy:1723)
	at com.kms.katalon.core.webui.keyword.WebUiBuiltInKeywords$verifyTextPresent$5.call(Unknown Source)
	at VerifySearchTransactions_UI_TC.run(VerifySearchTransactions_UI_TC:88)
	at com.kms.katalon.core.main.ScriptEngine.run(ScriptEngine.java:194)
	at com.kms.katalon.core.main.ScriptEngine.runScriptAsRawText(ScriptEngine.java:119)
	at com.kms.katalon.core.main.TestCaseExecutor.runScript(TestCaseExecutor.java:442)
	at com.kms.katalon.core.main.TestCaseExecutor.doExecute(TestCaseExecutor.java:433)
	at com.kms.katalon.core.main.TestCaseExecutor.processExecutionPhase(TestCaseExecutor.java:412)
	at com.kms.katalon.core.main.TestCaseExecutor.accessMainPhase(TestCaseExecutor.java:404)
	at com.kms.katalon.core.main.TestCaseExecutor.execute(TestCaseExecutor.java:281)
	at com.kms.katalon.core.main.TestSuiteExecutor.accessTestCaseMainPhase(TestSuiteExecutor.java:202)
	at com.kms.katalon.core.main.TestSuiteExecutor.accessTestSuiteMainPhase(TestSuiteExecutor.java:164)
	at com.kms.katalon.core.main.TestSuiteExecutor.execute(TestSuiteExecutor.java:105)
	at com.kms.katalon.core.main.TestCaseMain.startTestSuite(TestCaseMain.java:185)
	at com.kms.katalon.core.main.TestCaseMain$startTestSuite$0.call(Unknown Source)
	at TempTestSuite1656641661317.run(TempTestSuite1656641661317.groovy:36)
)

2022-07-01 09:09:59 - [TEST_STEP][FAILED] - verifyTextPresent("Select the search date range, not to exceed 30 days", true): Text 'Select the search date range, not to exceed 30 days' is not present on page  using regular expression (Root cause: com.kms.katalon.core.exception.StepFailedException: Text 'Select the search date range, not to exceed 30 days' is not present on page  using regular expression
	at com.kms.katalon.core.webui.keyword.internal.WebUIKeywordMain.stepFailed(WebUIKeywordMain.groovy:64)
	at com.kms.katalon.core.webui.keyword.builtin.VerifyTextPresentKeyword$_verifyTextPresent_closure1.doCall(VerifyTextPresentKeyword.groovy:79)
	at com.kms.katalon.core.webui.keyword.builtin.VerifyTextPresentKeyword$_verifyTextPresent_closure1.call(VerifyTextPresentKeyword.groovy)
	at com.kms.katalon.core.webui.keyword.internal.WebUIKeywordMain.runKeyword(WebUIKeywordMain.groovy:20)
	at com.kms.katalon.core.webui.keyword.builtin.VerifyTextPresentKeyword.verifyTextPresent(VerifyTextPresentKeyword.groovy:83)
	at com.kms.katalon.core.webui.keyword.builtin.VerifyTextPresentKeyword.execute(VerifyTextPresentKeyword.groovy:68)
	at com.kms.katalon.core.keyword.internal.KeywordExecutor.executeKeywordForPlatform(KeywordExecutor.groovy:74)
	at com.kms.katalon.core.webui.keyword.WebUiBuiltInKeywords.verifyTextPresent(WebUiBuiltInKeywords.groovy:1723)
	at com.kms.katalon.core.webui.keyword.WebUiBuiltInKeywords$verifyTextPresent$5.call(Unknown Source)
	at VerifySearchTransactions_UI_TC.run(VerifySearchTransactions_UI_TC:89)
	at com.kms.katalon.core.main.ScriptEngine.run(ScriptEngine.java:194)
	at com.kms.katalon.core.main.ScriptEngine.runScriptAsRawText(ScriptEngine.java:119)
	at com.kms.katalon.core.main.TestCaseExecutor.runScript(TestCaseExecutor.java:442)
	at com.kms.katalon.core.main.TestCaseExecutor.doExecute(TestCaseExecutor.java:433)
	at com.kms.katalon.core.main.TestCaseExecutor.processExecutionPhase(TestCaseExecutor.java:412)
	at com.kms.katalon.core.main.TestCaseExecutor.accessMainPhase(TestCaseExecutor.java:404)
	at com.kms.katalon.core.main.TestCaseExecutor.execute(TestCaseExecutor.java:281)
	at com.kms.katalon.core.main.TestSuiteExecutor.accessTestCaseMainPhase(TestSuiteExecutor.java:202)
	at com.kms.katalon.core.main.TestSuiteExecutor.accessTestSuiteMainPhase(TestSuiteExecutor.java:164)
	at com.kms.katalon.core.main.TestSuiteExecutor.execute(TestSuiteExecutor.java:105)
	at com.kms.katalon.core.main.TestCaseMain.startTestSuite(TestCaseMain.java:185)
	at com.kms.katalon.core.main.TestCaseMain$startTestSuite$0.call(Unknown Source)
	at TempTestSuite1656641661317.run(TempTestSuite1656641661317.groovy:36)
)

2022-07-01 09:09:59 - [MESSAGE][FAILED] - Text 'Select the search date range, not to exceed 30 days' is not present on page  using regular expression (Root cause: com.kms.katalon.core.exception.StepFailedException: Text 'Select the search date range, not to exceed 30 days' is not present on page  using regular expression
	at com.kms.katalon.core.webui.keyword.internal.WebUIKeywordMain.stepFailed(WebUIKeywordMain.groovy:64)
	at com.kms.katalon.core.webui.keyword.builtin.VerifyTextPresentKeyword$_verifyTextPresent_closure1.doCall(VerifyTextPresentKeyword.groovy:79)
	at com.kms.katalon.core.webui.keyword.builtin.VerifyTextPresentKeyword$_verifyTextPresent_closure1.call(VerifyTextPresentKeyword.groovy)
	at com.kms.katalon.core.webui.keyword.internal.WebUIKeywordMain.runKeyword(WebUIKeywordMain.groovy:20)
	at com.kms.katalon.core.webui.keyword.builtin.VerifyTextPresentKeyword.verifyTextPresent(VerifyTextPresentKeyword.groovy:83)
	at com.kms.katalon.core.webui.keyword.builtin.VerifyTextPresentKeyword.execute(VerifyTextPresentKeyword.groovy:68)
	at com.kms.katalon.core.keyword.internal.KeywordExecutor.executeKeywordForPlatform(KeywordExecutor.groovy:74)
	at com.kms.katalon.core.webui.keyword.WebUiBuiltInKeywords.verifyTextPresent(WebUiBuiltInKeywords.groovy:1723)
	at com.kms.katalon.core.webui.keyword.WebUiBuiltInKeywords$verifyTextPresent$5.call(Unknown Source)
	at VerifySearchTransactions_UI_TC.run(VerifySearchTransactions_UI_TC:89)
	at com.kms.katalon.core.main.ScriptEngine.run(ScriptEngine.java:194)
	at com.kms.katalon.core.main.ScriptEngine.runScriptAsRawText(ScriptEngine.java:119)
	at com.kms.katalon.core.main.TestCaseExecutor.runScript(TestCaseExecutor.java:442)
	at com.kms.katalon.core.main.TestCaseExecutor.doExecute(TestCaseExecutor.java:433)
	at com.kms.katalon.core.main.TestCaseExecutor.processExecutionPhase(TestCaseExecutor.java:412)
	at com.kms.katalon.core.main.TestCaseExecutor.accessMainPhase(TestCaseExecutor.java:404)
	at com.kms.katalon.core.main.TestCaseExecutor.execute(TestCaseExecutor.java:281)
	at com.kms.katalon.core.main.TestSuiteExecutor.accessTestCaseMainPhase(TestSuiteExecutor.java:202)
	at com.kms.katalon.core.main.TestSuiteExecutor.accessTestSuiteMainPhase(TestSuiteExecutor.java:164)
	at com.kms.katalon.core.main.TestSuiteExecutor.execute(TestSuiteExecutor.java:105)
	at com.kms.katalon.core.main.TestCaseMain.startTestSuite(TestCaseMain.java:185)
	at com.kms.katalon.core.main.TestCaseMain$startTestSuite$0.call(Unknown Source)
	at TempTestSuite1656641661317.run(TempTestSuite1656641661317.groovy:36)
)

2022-07-01 09:09:59 - [TEST_STEP][FAILED] - verifyTextPresent("Time Zone : Eastern Standard Time", true): Text 'Time Zone : Eastern Standard Time' is not present on page  using regular expression (Root cause: com.kms.katalon.core.exception.StepFailedException: Text 'Time Zone : Eastern Standard Time' is not present on page  using regular expression
	at com.kms.katalon.core.webui.keyword.internal.WebUIKeywordMain.stepFailed(WebUIKeywordMain.groovy:64)
	at com.kms.katalon.core.webui.keyword.builtin.VerifyTextPresentKeyword$_verifyTextPresent_closure1.doCall(VerifyTextPresentKeyword.groovy:79)
	at com.kms.katalon.core.webui.keyword.builtin.VerifyTextPresentKeyword$_verifyTextPresent_closure1.call(VerifyTextPresentKeyword.groovy)
	at com.kms.katalon.core.webui.keyword.internal.WebUIKeywordMain.runKeyword(WebUIKeywordMain.groovy:20)
	at com.kms.katalon.core.webui.keyword.builtin.VerifyTextPresentKeyword.verifyTextPresent(VerifyTextPresentKeyword.groovy:83)
	at com.kms.katalon.core.webui.keyword.builtin.VerifyTextPresentKeyword.execute(VerifyTextPresentKeyword.groovy:68)
	at com.kms.katalon.core.keyword.internal.KeywordExecutor.executeKeywordForPlatform(KeywordExecutor.groovy:74)
	at com.kms.katalon.core.webui.keyword.WebUiBuiltInKeywords.verifyTextPresent(WebUiBuiltInKeywords.groovy:1723)
	at com.kms.katalon.core.webui.keyword.WebUiBuiltInKeywords$verifyTextPresent$5.call(Unknown Source)
	at VerifySearchTransactions_UI_TC.run(VerifySearchTransactions_UI_TC:90)
	at com.kms.katalon.core.main.ScriptEngine.run(ScriptEngine.java:194)
	at com.kms.katalon.core.main.ScriptEngine.runScriptAsRawText(ScriptEngine.java:119)
	at com.kms.katalon.core.main.TestCaseExecutor.runScript(TestCaseExecutor.java:442)
	at com.kms.katalon.core.main.TestCaseExecutor.doExecute(TestCaseExecutor.java:433)
	at com.kms.katalon.core.main.TestCaseExecutor.processExecutionPhase(TestCaseExecutor.java:412)
	at com.kms.katalon.core.main.TestCaseExecutor.accessMainPhase(TestCaseExecutor.java:404)
	at com.kms.katalon.core.main.TestCaseExecutor.execute(TestCaseExecutor.java:281)
	at com.kms.katalon.core.main.TestSuiteExecutor.accessTestCaseMainPhase(TestSuiteExecutor.java:202)
	at com.kms.katalon.core.main.TestSuiteExecutor.accessTestSuiteMainPhase(TestSuiteExecutor.java:164)
	at com.kms.katalon.core.main.TestSuiteExecutor.execute(TestSuiteExecutor.java:105)
	at com.kms.katalon.core.main.TestCaseMain.startTestSuite(TestCaseMain.java:185)
	at com.kms.katalon.core.main.TestCaseMain$startTestSuite$0.call(Unknown Source)
	at TempTestSuite1656641661317.run(TempTestSuite1656641661317.groovy:36)
)

2022-07-01 09:10:00 - [MESSAGE][FAILED] - Text 'Time Zone : Eastern Standard Time' is not present on page  using regular expression (Root cause: com.kms.katalon.core.exception.StepFailedException: Text 'Time Zone : Eastern Standard Time' is not present on page  using regular expression
	at com.kms.katalon.core.webui.keyword.internal.WebUIKeywordMain.stepFailed(WebUIKeywordMain.groovy:64)
	at com.kms.katalon.core.webui.keyword.builtin.VerifyTextPresentKeyword$_verifyTextPresent_closure1.doCall(VerifyTextPresentKeyword.groovy:79)
	at com.kms.katalon.core.webui.keyword.builtin.VerifyTextPresentKeyword$_verifyTextPresent_closure1.call(VerifyTextPresentKeyword.groovy)
	at com.kms.katalon.core.webui.keyword.internal.WebUIKeywordMain.runKeyword(WebUIKeywordMain.groovy:20)
	at com.kms.katalon.core.webui.keyword.builtin.VerifyTextPresentKeyword.verifyTextPresent(VerifyTextPresentKeyword.groovy:83)
	at com.kms.katalon.core.webui.keyword.builtin.VerifyTextPresentKeyword.execute(VerifyTextPresentKeyword.groovy:68)
	at com.kms.katalon.core.keyword.internal.KeywordExecutor.executeKeywordForPlatform(KeywordExecutor.groovy:74)
	at com.kms.katalon.core.webui.keyword.WebUiBuiltInKeywords.verifyTextPresent(WebUiBuiltInKeywords.groovy:1723)
	at com.kms.katalon.core.webui.keyword.WebUiBuiltInKeywords$verifyTextPresent$5.call(Unknown Source)
	at VerifySearchTransactions_UI_TC.run(VerifySearchTransactions_UI_TC:90)
	at com.kms.katalon.core.main.ScriptEngine.run(ScriptEngine.java:194)
	at com.kms.katalon.core.main.ScriptEngine.runScriptAsRawText(ScriptEngine.java:119)
	at com.kms.katalon.core.main.TestCaseExecutor.runScript(TestCaseExecutor.java:442)
	at com.kms.katalon.core.main.TestCaseExecutor.doExecute(TestCaseExecutor.java:433)
	at com.kms.katalon.core.main.TestCaseExecutor.processExecutionPhase(TestCaseExecutor.java:412)
	at com.kms.katalon.core.main.TestCaseExecutor.accessMainPhase(TestCaseExecutor.java:404)
	at com.kms.katalon.core.main.TestCaseExecutor.execute(TestCaseExecutor.java:281)
	at com.kms.katalon.core.main.TestSuiteExecutor.accessTestCaseMainPhase(TestSuiteExecutor.java:202)
	at com.kms.katalon.core.main.TestSuiteExecutor.accessTestSuiteMainPhase(TestSuiteExecutor.java:164)
	at com.kms.katalon.core.main.TestSuiteExecutor.execute(TestSuiteExecutor.java:105)
	at com.kms.katalon.core.main.TestCaseMain.startTestSuite(TestCaseMain.java:185)
	at com.kms.katalon.core.main.TestCaseMain$startTestSuite$0.call(Unknown Source)
	at TempTestSuite1656641661317.run(TempTestSuite1656641661317.groovy:36)
)

2022-07-01 09:10:00 - [TEST_STEP][FAILED] - verifyTextPresent("Credit Card Transactions", true): Text 'Credit Card Transactions' is not present on page  using regular expression (Root cause: com.kms.katalon.core.exception.StepFailedException: Text 'Credit Card Transactions' is not present on page  using regular expression
	at com.kms.katalon.core.webui.keyword.internal.WebUIKeywordMain.stepFailed(WebUIKeywordMain.groovy:64)
	at com.kms.katalon.core.webui.keyword.builtin.VerifyTextPresentKeyword$_verifyTextPresent_closure1.doCall(VerifyTextPresentKeyword.groovy:79)
	at com.kms.katalon.core.webui.keyword.builtin.VerifyTextPresentKeyword$_verifyTextPresent_closure1.call(VerifyTextPresentKeyword.groovy)
	at com.kms.katalon.core.webui.keyword.internal.WebUIKeywordMain.runKeyword(WebUIKeywordMain.groovy:20)
	at com.kms.katalon.core.webui.keyword.builtin.VerifyTextPresentKeyword.verifyTextPresent(VerifyTextPresentKeyword.groovy:83)
	at com.kms.katalon.core.webui.keyword.builtin.VerifyTextPresentKeyword.execute(VerifyTextPresentKeyword.groovy:68)
	at com.kms.katalon.core.keyword.internal.KeywordExecutor.executeKeywordForPlatform(KeywordExecutor.groovy:74)
	at com.kms.katalon.core.webui.keyword.WebUiBuiltInKeywords.verifyTextPresent(WebUiBuiltInKeywords.groovy:1723)
	at com.kms.katalon.core.webui.keyword.WebUiBuiltInKeywords$verifyTextPresent$5.call(Unknown Source)
	at VerifySearchTransactions_UI_TC.run(VerifySearchTransactions_UI_TC:91)
	at com.kms.katalon.core.main.ScriptEngine.run(ScriptEngine.java:194)
	at com.kms.katalon.core.main.ScriptEngine.runScriptAsRawText(ScriptEngine.java:119)
	at com.kms.katalon.core.main.TestCaseExecutor.runScript(TestCaseExecutor.java:442)
	at com.kms.katalon.core.main.TestCaseExecutor.doExecute(TestCaseExecutor.java:433)
	at com.kms.katalon.core.main.TestCaseExecutor.processExecutionPhase(TestCaseExecutor.java:412)
	at com.kms.katalon.core.main.TestCaseExecutor.accessMainPhase(TestCaseExecutor.java:404)
	at com.kms.katalon.core.main.TestCaseExecutor.execute(TestCaseExecutor.java:281)
	at com.kms.katalon.core.main.TestSuiteExecutor.accessTestCaseMainPhase(TestSuiteExecutor.java:202)
	at com.kms.katalon.core.main.TestSuiteExecutor.accessTestSuiteMainPhase(TestSuiteExecutor.java:164)
	at com.kms.katalon.core.main.TestSuiteExecutor.execute(TestSuiteExecutor.java:105)
	at com.kms.katalon.core.main.TestCaseMain.startTestSuite(TestCaseMain.java:185)
	at com.kms.katalon.core.main.TestCaseMain$startTestSuite$0.call(Unknown Source)
	at TempTestSuite1656641661317.run(TempTestSuite1656641661317.groovy:36)
)

2022-07-01 09:10:00 - [MESSAGE][FAILED] - Text 'Credit Card Transactions' is not present on page  using regular expression (Root cause: com.kms.katalon.core.exception.StepFailedException: Text 'Credit Card Transactions' is not present on page  using regular expression
	at com.kms.katalon.core.webui.keyword.internal.WebUIKeywordMain.stepFailed(WebUIKeywordMain.groovy:64)
	at com.kms.katalon.core.webui.keyword.builtin.VerifyTextPresentKeyword$_verifyTextPresent_closure1.doCall(VerifyTextPresentKeyword.groovy:79)
	at com.kms.katalon.core.webui.keyword.builtin.VerifyTextPresentKeyword$_verifyTextPresent_closure1.call(VerifyTextPresentKeyword.groovy)
	at com.kms.katalon.core.webui.keyword.internal.WebUIKeywordMain.runKeyword(WebUIKeywordMain.groovy:20)
	at com.kms.katalon.core.webui.keyword.builtin.VerifyTextPresentKeyword.verifyTextPresent(VerifyTextPresentKeyword.groovy:83)
	at com.kms.katalon.core.webui.keyword.builtin.VerifyTextPresentKeyword.execute(VerifyTextPresentKeyword.groovy:68)
	at com.kms.katalon.core.keyword.internal.KeywordExecutor.executeKeywordForPlatform(KeywordExecutor.groovy:74)
	at com.kms.katalon.core.webui.keyword.WebUiBuiltInKeywords.verifyTextPresent(WebUiBuiltInKeywords.groovy:1723)
	at com.kms.katalon.core.webui.keyword.WebUiBuiltInKeywords$verifyTextPresent$5.call(Unknown Source)
	at VerifySearchTransactions_UI_TC.run(VerifySearchTransactions_UI_TC:91)
	at com.kms.katalon.core.main.ScriptEngine.run(ScriptEngine.java:194)
	at com.kms.katalon.core.main.ScriptEngine.runScriptAsRawText(ScriptEngine.java:119)
	at com.kms.katalon.core.main.TestCaseExecutor.runScript(TestCaseExecutor.java:442)
	at com.kms.katalon.core.main.TestCaseExecutor.doExecute(TestCaseExecutor.java:433)
	at com.kms.katalon.core.main.TestCaseExecutor.processExecutionPhase(TestCaseExecutor.java:412)
	at com.kms.katalon.core.main.TestCaseExecutor.accessMainPhase(TestCaseExecutor.java:404)
	at com.kms.katalon.core.main.TestCaseExecutor.execute(TestCaseExecutor.java:281)
	at com.kms.katalon.core.main.TestSuiteExecutor.accessTestCaseMainPhase(TestSuiteExecutor.java:202)
	at com.kms.katalon.core.main.TestSuiteExecutor.accessTestSuiteMainPhase(TestSuiteExecutor.java:164)
	at com.kms.katalon.core.main.TestSuiteExecutor.execute(TestSuiteExecutor.java:105)
	at com.kms.katalon.core.main.TestCaseMain.startTestSuite(TestCaseMain.java:185)
	at com.kms.katalon.core.main.TestCaseMain$startTestSuite$0.call(Unknown Source)
	at TempTestSuite1656641661317.run(TempTestSuite1656641661317.groovy:36)
)

2022-07-01 09:10:00 - [TEST_STEP][FAILED] - verifyTextPresent("On-Line Check Transactions", true): Text 'On-Line Check Transactions' is not present on page  using regular expression (Root cause: com.kms.katalon.core.exception.StepFailedException: Text 'On-Line Check Transactions' is not present on page  using regular expression
	at com.kms.katalon.core.webui.keyword.internal.WebUIKeywordMain.stepFailed(WebUIKeywordMain.groovy:64)
	at com.kms.katalon.core.webui.keyword.builtin.VerifyTextPresentKeyword$_verifyTextPresent_closure1.doCall(VerifyTextPresentKeyword.groovy:79)
	at com.kms.katalon.core.webui.keyword.builtin.VerifyTextPresentKeyword$_verifyTextPresent_closure1.call(VerifyTextPresentKeyword.groovy)
	at com.kms.katalon.core.webui.keyword.internal.WebUIKeywordMain.runKeyword(WebUIKeywordMain.groovy:20)
	at com.kms.katalon.core.webui.keyword.builtin.VerifyTextPresentKeyword.verifyTextPresent(VerifyTextPresentKeyword.groovy:83)
	at com.kms.katalon.core.webui.keyword.builtin.VerifyTextPresentKeyword.execute(VerifyTextPresentKeyword.groovy:68)
	at com.kms.katalon.core.keyword.internal.KeywordExecutor.executeKeywordForPlatform(KeywordExecutor.groovy:74)
	at com.kms.katalon.core.webui.keyword.WebUiBuiltInKeywords.verifyTextPresent(WebUiBuiltInKeywords.groovy:1723)
	at com.kms.katalon.core.webui.keyword.WebUiBuiltInKeywords$verifyTextPresent$5.call(Unknown Source)
	at VerifySearchTransactions_UI_TC.run(VerifySearchTransactions_UI_TC:92)
	at com.kms.katalon.core.main.ScriptEngine.run(ScriptEngine.java:194)
	at com.kms.katalon.core.main.ScriptEngine.runScriptAsRawText(ScriptEngine.java:119)
	at com.kms.katalon.core.main.TestCaseExecutor.runScript(TestCaseExecutor.java:442)
	at com.kms.katalon.core.main.TestCaseExecutor.doExecute(TestCaseExecutor.java:433)
	at com.kms.katalon.core.main.TestCaseExecutor.processExecutionPhase(TestCaseExecutor.java:412)
	at com.kms.katalon.core.main.TestCaseExecutor.accessMainPhase(TestCaseExecutor.java:404)
	at com.kms.katalon.core.main.TestCaseExecutor.execute(TestCaseExecutor.java:281)
	at com.kms.katalon.core.main.TestSuiteExecutor.accessTestCaseMainPhase(TestSuiteExecutor.java:202)
	at com.kms.katalon.core.main.TestSuiteExecutor.accessTestSuiteMainPhase(TestSuiteExecutor.java:164)
	at com.kms.katalon.core.main.TestSuiteExecutor.execute(TestSuiteExecutor.java:105)
	at com.kms.katalon.core.main.TestCaseMain.startTestSuite(TestCaseMain.java:185)
	at com.kms.katalon.core.main.TestCaseMain$startTestSuite$0.call(Unknown Source)
	at TempTestSuite1656641661317.run(TempTestSuite1656641661317.groovy:36)
)

2022-07-01 09:10:00 - [MESSAGE][FAILED] - Text 'On-Line Check Transactions' is not present on page  using regular expression (Root cause: com.kms.katalon.core.exception.StepFailedException: Text 'On-Line Check Transactions' is not present on page  using regular expression
	at com.kms.katalon.core.webui.keyword.internal.WebUIKeywordMain.stepFailed(WebUIKeywordMain.groovy:64)
	at com.kms.katalon.core.webui.keyword.builtin.VerifyTextPresentKeyword$_verifyTextPresent_closure1.doCall(VerifyTextPresentKeyword.groovy:79)
	at com.kms.katalon.core.webui.keyword.builtin.VerifyTextPresentKeyword$_verifyTextPresent_closure1.call(VerifyTextPresentKeyword.groovy)
	at com.kms.katalon.core.webui.keyword.internal.WebUIKeywordMain.runKeyword(WebUIKeywordMain.groovy:20)
	at com.kms.katalon.core.webui.keyword.builtin.VerifyTextPresentKeyword.verifyTextPresent(VerifyTextPresentKeyword.groovy:83)
	at com.kms.katalon.core.webui.keyword.builtin.VerifyTextPresentKeyword.execute(VerifyTextPresentKeyword.groovy:68)
	at com.kms.katalon.core.keyword.internal.KeywordExecutor.executeKeywordForPlatform(KeywordExecutor.groovy:74)
	at com.kms.katalon.core.webui.keyword.WebUiBuiltInKeywords.verifyTextPresent(WebUiBuiltInKeywords.groovy:1723)
	at com.kms.katalon.core.webui.keyword.WebUiBuiltInKeywords$verifyTextPresent$5.call(Unknown Source)
	at VerifySearchTransactions_UI_TC.run(VerifySearchTransactions_UI_TC:92)
	at com.kms.katalon.core.main.ScriptEngine.run(ScriptEngine.java:194)
	at com.kms.katalon.core.main.ScriptEngine.runScriptAsRawText(ScriptEngine.java:119)
	at com.kms.katalon.core.main.TestCaseExecutor.runScript(TestCaseExecutor.java:442)
	at com.kms.katalon.core.main.TestCaseExecutor.doExecute(TestCaseExecutor.java:433)
	at com.kms.katalon.core.main.TestCaseExecutor.processExecutionPhase(TestCaseExecutor.java:412)
	at com.kms.katalon.core.main.TestCaseExecutor.accessMainPhase(TestCaseExecutor.java:404)
	at com.kms.katalon.core.main.TestCaseExecutor.execute(TestCaseExecutor.java:281)
	at com.kms.katalon.core.main.TestSuiteExecutor.accessTestCaseMainPhase(TestSuiteExecutor.java:202)
	at com.kms.katalon.core.main.TestSuiteExecutor.accessTestSuiteMainPhase(TestSuiteExecutor.java:164)
	at com.kms.katalon.core.main.TestSuiteExecutor.execute(TestSuiteExecutor.java:105)
	at com.kms.katalon.core.main.TestCaseMain.startTestSuite(TestCaseMain.java:185)
	at com.kms.katalon.core.main.TestCaseMain$startTestSuite$0.call(Unknown Source)
	at TempTestSuite1656641661317.run(TempTestSuite1656641661317.groovy:36)
)

2022-07-01 09:10:00 - [TEST_STEP][FAILED] - verifyTextPresent("Pinless Debit Transactions", true): Text 'Pinless Debit Transactions' is not present on page  using regular expression (Root cause: com.kms.katalon.core.exception.StepFailedException: Text 'Pinless Debit Transactions' is not present on page  using regular expression
	at com.kms.katalon.core.webui.keyword.internal.WebUIKeywordMain.stepFailed(WebUIKeywordMain.groovy:64)
	at com.kms.katalon.core.webui.keyword.builtin.VerifyTextPresentKeyword$_verifyTextPresent_closure1.doCall(VerifyTextPresentKeyword.groovy:79)
	at com.kms.katalon.core.webui.keyword.builtin.VerifyTextPresentKeyword$_verifyTextPresent_closure1.call(VerifyTextPresentKeyword.groovy)
	at com.kms.katalon.core.webui.keyword.internal.WebUIKeywordMain.runKeyword(WebUIKeywordMain.groovy:20)
	at com.kms.katalon.core.webui.keyword.builtin.VerifyTextPresentKeyword.verifyTextPresent(VerifyTextPresentKeyword.groovy:83)
	at com.kms.katalon.core.webui.keyword.builtin.VerifyTextPresentKeyword.execute(VerifyTextPresentKeyword.groovy:68)
	at com.kms.katalon.core.keyword.internal.KeywordExecutor.executeKeywordForPlatform(KeywordExecutor.groovy:74)
	at com.kms.katalon.core.webui.keyword.WebUiBuiltInKeywords.verifyTextPresent(WebUiBuiltInKeywords.groovy:1723)
	at com.kms.katalon.core.webui.keyword.WebUiBuiltInKeywords$verifyTextPresent$5.call(Unknown Source)
	at VerifySearchTransactions_UI_TC.run(VerifySearchTransactions_UI_TC:93)
	at com.kms.katalon.core.main.ScriptEngine.run(ScriptEngine.java:194)
	at com.kms.katalon.core.main.ScriptEngine.runScriptAsRawText(ScriptEngine.java:119)
	at com.kms.katalon.core.main.TestCaseExecutor.runScript(TestCaseExecutor.java:442)
	at com.kms.katalon.core.main.TestCaseExecutor.doExecute(TestCaseExecutor.java:433)
	at com.kms.katalon.core.main.TestCaseExecutor.processExecutionPhase(TestCaseExecutor.java:412)
	at com.kms.katalon.core.main.TestCaseExecutor.accessMainPhase(TestCaseExecutor.java:404)
	at com.kms.katalon.core.main.TestCaseExecutor.execute(TestCaseExecutor.java:281)
	at com.kms.katalon.core.main.TestSuiteExecutor.accessTestCaseMainPhase(TestSuiteExecutor.java:202)
	at com.kms.katalon.core.main.TestSuiteExecutor.accessTestSuiteMainPhase(TestSuiteExecutor.java:164)
	at com.kms.katalon.core.main.TestSuiteExecutor.execute(TestSuiteExecutor.java:105)
	at com.kms.katalon.core.main.TestCaseMain.startTestSuite(TestCaseMain.java:185)
	at com.kms.katalon.core.main.TestCaseMain$startTestSuite$0.call(Unknown Source)
	at TempTestSuite1656641661317.run(TempTestSuite1656641661317.groovy:36)
)

2022-07-01 09:10:00 - [MESSAGE][FAILED] - Text 'Pinless Debit Transactions' is not present on page  using regular expression (Root cause: com.kms.katalon.core.exception.StepFailedException: Text 'Pinless Debit Transactions' is not present on page  using regular expression
	at com.kms.katalon.core.webui.keyword.internal.WebUIKeywordMain.stepFailed(WebUIKeywordMain.groovy:64)
	at com.kms.katalon.core.webui.keyword.builtin.VerifyTextPresentKeyword$_verifyTextPresent_closure1.doCall(VerifyTextPresentKeyword.groovy:79)
	at com.kms.katalon.core.webui.keyword.builtin.VerifyTextPresentKeyword$_verifyTextPresent_closure1.call(VerifyTextPresentKeyword.groovy)
	at com.kms.katalon.core.webui.keyword.internal.WebUIKeywordMain.runKeyword(WebUIKeywordMain.groovy:20)
	at com.kms.katalon.core.webui.keyword.builtin.VerifyTextPresentKeyword.verifyTextPresent(VerifyTextPresentKeyword.groovy:83)
	at com.kms.katalon.core.webui.keyword.builtin.VerifyTextPresentKeyword.execute(VerifyTextPresentKeyword.groovy:68)
	at com.kms.katalon.core.keyword.internal.KeywordExecutor.executeKeywordForPlatform(KeywordExecutor.groovy:74)
	at com.kms.katalon.core.webui.keyword.WebUiBuiltInKeywords.verifyTextPresent(WebUiBuiltInKeywords.groovy:1723)
	at com.kms.katalon.core.webui.keyword.WebUiBuiltInKeywords$verifyTextPresent$5.call(Unknown Source)
	at VerifySearchTransactions_UI_TC.run(VerifySearchTransactions_UI_TC:93)
	at com.kms.katalon.core.main.ScriptEngine.run(ScriptEngine.java:194)
	at com.kms.katalon.core.main.ScriptEngine.runScriptAsRawText(ScriptEngine.java:119)
	at com.kms.katalon.core.main.TestCaseExecutor.runScript(TestCaseExecutor.java:442)
	at com.kms.katalon.core.main.TestCaseExecutor.doExecute(TestCaseExecutor.java:433)
	at com.kms.katalon.core.main.TestCaseExecutor.processExecutionPhase(TestCaseExecutor.java:412)
	at com.kms.katalon.core.main.TestCaseExecutor.accessMainPhase(TestCaseExecutor.java:404)
	at com.kms.katalon.core.main.TestCaseExecutor.execute(TestCaseExecutor.java:281)
	at com.kms.katalon.core.main.TestSuiteExecutor.accessTestCaseMainPhase(TestSuiteExecutor.java:202)
	at com.kms.katalon.core.main.TestSuiteExecutor.accessTestSuiteMainPhase(TestSuiteExecutor.java:164)
	at com.kms.katalon.core.main.TestSuiteExecutor.execute(TestSuiteExecutor.java:105)
	at com.kms.katalon.core.main.TestCaseMain.startTestSuite(TestCaseMain.java:185)
	at com.kms.katalon.core.main.TestCaseMain$startTestSuite$0.call(Unknown Source)
	at TempTestSuite1656641661317.run(TempTestSuite1656641661317.groovy:36)
)

2022-07-01 09:10:00 - [TEST_STEP][FAILED] - verifyTextPresent("Show Only Successful Transactions", true): Text 'Show Only Successful Transactions' is not present on page  using regular expression (Root cause: com.kms.katalon.core.exception.StepFailedException: Text 'Show Only Successful Transactions' is not present on page  using regular expression
	at com.kms.katalon.core.webui.keyword.internal.WebUIKeywordMain.stepFailed(WebUIKeywordMain.groovy:64)
	at com.kms.katalon.core.webui.keyword.builtin.VerifyTextPresentKeyword$_verifyTextPresent_closure1.doCall(VerifyTextPresentKeyword.groovy:79)
	at com.kms.katalon.core.webui.keyword.builtin.VerifyTextPresentKeyword$_verifyTextPresent_closure1.call(VerifyTextPresentKeyword.groovy)
	at com.kms.katalon.core.webui.keyword.internal.WebUIKeywordMain.runKeyword(WebUIKeywordMain.groovy:20)
	at com.kms.katalon.core.webui.keyword.builtin.VerifyTextPresentKeyword.verifyTextPresent(VerifyTextPresentKeyword.groovy:83)
	at com.kms.katalon.core.webui.keyword.builtin.VerifyTextPresentKeyword.execute(VerifyTextPresentKeyword.groovy:68)
	at com.kms.katalon.core.keyword.internal.KeywordExecutor.executeKeywordForPlatform(KeywordExecutor.groovy:74)
	at com.kms.katalon.core.webui.keyword.WebUiBuiltInKeywords.verifyTextPresent(WebUiBuiltInKeywords.groovy:1723)
	at com.kms.katalon.core.webui.keyword.WebUiBuiltInKeywords$verifyTextPresent$5.call(Unknown Source)
	at VerifySearchTransactions_UI_TC.run(VerifySearchTransactions_UI_TC:94)
	at com.kms.katalon.core.main.ScriptEngine.run(ScriptEngine.java:194)
	at com.kms.katalon.core.main.ScriptEngine.runScriptAsRawText(ScriptEngine.java:119)
	at com.kms.katalon.core.main.TestCaseExecutor.runScript(TestCaseExecutor.java:442)
	at com.kms.katalon.core.main.TestCaseExecutor.doExecute(TestCaseExecutor.java:433)
	at com.kms.katalon.core.main.TestCaseExecutor.processExecutionPhase(TestCaseExecutor.java:412)
	at com.kms.katalon.core.main.TestCaseExecutor.accessMainPhase(TestCaseExecutor.java:404)
	at com.kms.katalon.core.main.TestCaseExecutor.execute(TestCaseExecutor.java:281)
	at com.kms.katalon.core.main.TestSuiteExecutor.accessTestCaseMainPhase(TestSuiteExecutor.java:202)
	at com.kms.katalon.core.main.TestSuiteExecutor.accessTestSuiteMainPhase(TestSuiteExecutor.java:164)
	at com.kms.katalon.core.main.TestSuiteExecutor.execute(TestSuiteExecutor.java:105)
	at com.kms.katalon.core.main.TestCaseMain.startTestSuite(TestCaseMain.java:185)
	at com.kms.katalon.core.main.TestCaseMain$startTestSuite$0.call(Unknown Source)
	at TempTestSuite1656641661317.run(TempTestSuite1656641661317.groovy:36)
)

2022-07-01 09:10:01 - [MESSAGE][FAILED] - Text 'Show Only Successful Transactions' is not present on page  using regular expression (Root cause: com.kms.katalon.core.exception.StepFailedException: Text 'Show Only Successful Transactions' is not present on page  using regular expression
	at com.kms.katalon.core.webui.keyword.internal.WebUIKeywordMain.stepFailed(WebUIKeywordMain.groovy:64)
	at com.kms.katalon.core.webui.keyword.builtin.VerifyTextPresentKeyword$_verifyTextPresent_closure1.doCall(VerifyTextPresentKeyword.groovy:79)
	at com.kms.katalon.core.webui.keyword.builtin.VerifyTextPresentKeyword$_verifyTextPresent_closure1.call(VerifyTextPresentKeyword.groovy)
	at com.kms.katalon.core.webui.keyword.internal.WebUIKeywordMain.runKeyword(WebUIKeywordMain.groovy:20)
	at com.kms.katalon.core.webui.keyword.builtin.VerifyTextPresentKeyword.verifyTextPresent(VerifyTextPresentKeyword.groovy:83)
	at com.kms.katalon.core.webui.keyword.builtin.VerifyTextPresentKeyword.execute(VerifyTextPresentKeyword.groovy:68)
	at com.kms.katalon.core.keyword.internal.KeywordExecutor.executeKeywordForPlatform(KeywordExecutor.groovy:74)
	at com.kms.katalon.core.webui.keyword.WebUiBuiltInKeywords.verifyTextPresent(WebUiBuiltInKeywords.groovy:1723)
	at com.kms.katalon.core.webui.keyword.WebUiBuiltInKeywords$verifyTextPresent$5.call(Unknown Source)
	at VerifySearchTransactions_UI_TC.run(VerifySearchTransactions_UI_TC:94)
	at com.kms.katalon.core.main.ScriptEngine.run(ScriptEngine.java:194)
	at com.kms.katalon.core.main.ScriptEngine.runScriptAsRawText(ScriptEngine.java:119)
	at com.kms.katalon.core.main.TestCaseExecutor.runScript(TestCaseExecutor.java:442)
	at com.kms.katalon.core.main.TestCaseExecutor.doExecute(TestCaseExecutor.java:433)
	at com.kms.katalon.core.main.TestCaseExecutor.processExecutionPhase(TestCaseExecutor.java:412)
	at com.kms.katalon.core.main.TestCaseExecutor.accessMainPhase(TestCaseExecutor.java:404)
	at com.kms.katalon.core.main.TestCaseExecutor.execute(TestCaseExecutor.java:281)
	at com.kms.katalon.core.main.TestSuiteExecutor.accessTestCaseMainPhase(TestSuiteExecutor.java:202)
	at com.kms.katalon.core.main.TestSuiteExecutor.accessTestSuiteMainPhase(TestSuiteExecutor.java:164)
	at com.kms.katalon.core.main.TestSuiteExecutor.execute(TestSuiteExecutor.java:105)
	at com.kms.katalon.core.main.TestCaseMain.startTestSuite(TestCaseMain.java:185)
	at com.kms.katalon.core.main.TestCaseMain$startTestSuite$0.call(Unknown Source)
	at TempTestSuite1656641661317.run(TempTestSuite1656641661317.groovy:36)
)

2022-07-01 09:10:01 - [TEST_STEP][FAILED] - verifyTextPresent("Show Only Failure Transactions", true): Text 'Show Only Failure Transactions' is not present on page  using regular expression (Root cause: com.kms.katalon.core.exception.StepFailedException: Text 'Show Only Failure Transactions' is not present on page  using regular expression
	at com.kms.katalon.core.webui.keyword.internal.WebUIKeywordMain.stepFailed(WebUIKeywordMain.groovy:64)
	at com.kms.katalon.core.webui.keyword.builtin.VerifyTextPresentKeyword$_verifyTextPresent_closure1.doCall(VerifyTextPresentKeyword.groovy:79)
	at com.kms.katalon.core.webui.keyword.builtin.VerifyTextPresentKeyword$_verifyTextPresent_closure1.call(VerifyTextPresentKeyword.groovy)
	at com.kms.katalon.core.webui.keyword.internal.WebUIKeywordMain.runKeyword(WebUIKeywordMain.groovy:20)
	at com.kms.katalon.core.webui.keyword.builtin.VerifyTextPresentKeyword.verifyTextPresent(VerifyTextPresentKeyword.groovy:83)
	at com.kms.katalon.core.webui.keyword.builtin.VerifyTextPresentKeyword.execute(VerifyTextPresentKeyword.groovy:68)
	at com.kms.katalon.core.keyword.internal.KeywordExecutor.executeKeywordForPlatform(KeywordExecutor.groovy:74)
	at com.kms.katalon.core.webui.keyword.WebUiBuiltInKeywords.verifyTextPresent(WebUiBuiltInKeywords.groovy:1723)
	at com.kms.katalon.core.webui.keyword.WebUiBuiltInKeywords$verifyTextPresent$5.call(Unknown Source)
	at VerifySearchTransactions_UI_TC.run(VerifySearchTransactions_UI_TC:95)
	at com.kms.katalon.core.main.ScriptEngine.run(ScriptEngine.java:194)
	at com.kms.katalon.core.main.ScriptEngine.runScriptAsRawText(ScriptEngine.java:119)
	at com.kms.katalon.core.main.TestCaseExecutor.runScript(TestCaseExecutor.java:442)
	at com.kms.katalon.core.main.TestCaseExecutor.doExecute(TestCaseExecutor.java:433)
	at com.kms.katalon.core.main.TestCaseExecutor.processExecutionPhase(TestCaseExecutor.java:412)
	at com.kms.katalon.core.main.TestCaseExecutor.accessMainPhase(TestCaseExecutor.java:404)
	at com.kms.katalon.core.main.TestCaseExecutor.execute(TestCaseExecutor.java:281)
	at com.kms.katalon.core.main.TestSuiteExecutor.accessTestCaseMainPhase(TestSuiteExecutor.java:202)
	at com.kms.katalon.core.main.TestSuiteExecutor.accessTestSuiteMainPhase(TestSuiteExecutor.java:164)
	at com.kms.katalon.core.main.TestSuiteExecutor.execute(TestSuiteExecutor.java:105)
	at com.kms.katalon.core.main.TestCaseMain.startTestSuite(TestCaseMain.java:185)
	at com.kms.katalon.core.main.TestCaseMain$startTestSuite$0.call(Unknown Source)
	at TempTestSuite1656641661317.run(TempTestSuite1656641661317.groovy:36)
)

2022-07-01 09:10:01 - [MESSAGE][FAILED] - Text 'Show Only Failure Transactions' is not present on page  using regular expression (Root cause: com.kms.katalon.core.exception.StepFailedException: Text 'Show Only Failure Transactions' is not present on page  using regular expression
	at com.kms.katalon.core.webui.keyword.internal.WebUIKeywordMain.stepFailed(WebUIKeywordMain.groovy:64)
	at com.kms.katalon.core.webui.keyword.builtin.VerifyTextPresentKeyword$_verifyTextPresent_closure1.doCall(VerifyTextPresentKeyword.groovy:79)
	at com.kms.katalon.core.webui.keyword.builtin.VerifyTextPresentKeyword$_verifyTextPresent_closure1.call(VerifyTextPresentKeyword.groovy)
	at com.kms.katalon.core.webui.keyword.internal.WebUIKeywordMain.runKeyword(WebUIKeywordMain.groovy:20)
	at com.kms.katalon.core.webui.keyword.builtin.VerifyTextPresentKeyword.verifyTextPresent(VerifyTextPresentKeyword.groovy:83)
	at com.kms.katalon.core.webui.keyword.builtin.VerifyTextPresentKeyword.execute(VerifyTextPresentKeyword.groovy:68)
	at com.kms.katalon.core.keyword.internal.KeywordExecutor.executeKeywordForPlatform(KeywordExecutor.groovy:74)
	at com.kms.katalon.core.webui.keyword.WebUiBuiltInKeywords.verifyTextPresent(WebUiBuiltInKeywords.groovy:1723)
	at com.kms.katalon.core.webui.keyword.WebUiBuiltInKeywords$verifyTextPresent$5.call(Unknown Source)
	at VerifySearchTransactions_UI_TC.run(VerifySearchTransactions_UI_TC:95)
	at com.kms.katalon.core.main.ScriptEngine.run(ScriptEngine.java:194)
	at com.kms.katalon.core.main.ScriptEngine.runScriptAsRawText(ScriptEngine.java:119)
	at com.kms.katalon.core.main.TestCaseExecutor.runScript(TestCaseExecutor.java:442)
	at com.kms.katalon.core.main.TestCaseExecutor.doExecute(TestCaseExecutor.java:433)
	at com.kms.katalon.core.main.TestCaseExecutor.processExecutionPhase(TestCaseExecutor.java:412)
	at com.kms.katalon.core.main.TestCaseExecutor.accessMainPhase(TestCaseExecutor.java:404)
	at com.kms.katalon.core.main.TestCaseExecutor.execute(TestCaseExecutor.java:281)
	at com.kms.katalon.core.main.TestSuiteExecutor.accessTestCaseMainPhase(TestSuiteExecutor.java:202)
	at com.kms.katalon.core.main.TestSuiteExecutor.accessTestSuiteMainPhase(TestSuiteExecutor.java:164)
	at com.kms.katalon.core.main.TestSuiteExecutor.execute(TestSuiteExecutor.java:105)
	at com.kms.katalon.core.main.TestCaseMain.startTestSuite(TestCaseMain.java:185)
	at com.kms.katalon.core.main.TestCaseMain$startTestSuite$0.call(Unknown Source)
	at TempTestSuite1656641661317.run(TempTestSuite1656641661317.groovy:36)
)

2022-07-01 09:10:01 - [TEST_STEP][FAILED] - verifyOptionsPresent(findTestObject(path_CCSearch + "select_SearchBy"), ["Remittance ID", "Payment ID", "CC last 4 digit", "ACH last 4 digit"]): Options [Remittance ID, Payment ID, CC last 4 digit, ACH last 4 digit] do NOT present. (Root cause: com.kms.katalon.core.exception.StepFailedException: Options [Remittance ID, Payment ID, CC last 4 digit, ACH last 4 digit] do NOT present.
	at com.kms.katalon.core.webui.keyword.internal.WebUIKeywordMain.stepFailed(WebUIKeywordMain.groovy:64)
	at com.kms.katalon.core.webui.keyword.internal.WebUIKeywordMain.runKeyword(WebUIKeywordMain.groovy:26)
	at com.kms.katalon.core.webui.keyword.builtin.VerifyOptionsPresentKeyword.verifyOptionsPresent(VerifyOptionsPresentKeyword.groovy:72)
	at com.kms.katalon.core.webui.keyword.builtin.VerifyOptionsPresentKeyword.execute(VerifyOptionsPresentKeyword.groovy:38)
	at com.kms.katalon.core.keyword.internal.KeywordExecutor.executeKeywordForPlatform(KeywordExecutor.groovy:74)
	at com.kms.katalon.core.webui.keyword.WebUiBuiltInKeywords.verifyOptionsPresent(WebUiBuiltInKeywords.groovy:4716)
	at com.kms.katalon.core.webui.keyword.WebUiBuiltInKeywords$verifyOptionsPresent$7.call(Unknown Source)
	at VerifySearchTransactions_UI_TC.run(VerifySearchTransactions_UI_TC:99)
	at com.kms.katalon.core.main.ScriptEngine.run(ScriptEngine.java:194)
	at com.kms.katalon.core.main.ScriptEngine.runScriptAsRawText(ScriptEngine.java:119)
	at com.kms.katalon.core.main.TestCaseExecutor.runScript(TestCaseExecutor.java:442)
	at com.kms.katalon.core.main.TestCaseExecutor.doExecute(TestCaseExecutor.java:433)
	at com.kms.katalon.core.main.TestCaseExecutor.processExecutionPhase(TestCaseExecutor.java:412)
	at com.kms.katalon.core.main.TestCaseExecutor.accessMainPhase(TestCaseExecutor.java:404)
	at com.kms.katalon.core.main.TestCaseExecutor.execute(TestCaseExecutor.java:281)
	at com.kms.katalon.core.main.TestSuiteExecutor.accessTestCaseMainPhase(TestSuiteExecutor.java:202)
	at com.kms.katalon.core.main.TestSuiteExecutor.accessTestSuiteMainPhase(TestSuiteExecutor.java:164)
	at com.kms.katalon.core.main.TestSuiteExecutor.execute(TestSuiteExecutor.java:105)
	at com.kms.katalon.core.main.TestCaseMain.startTestSuite(TestCaseMain.java:185)
	at com.kms.katalon.core.main.TestCaseMain$startTestSuite$0.call(Unknown Source)
	at TempTestSuite1656641661317.run(TempTestSuite1656641661317.groovy:36)
Caused by: com.kms.katalon.core.webui.exception.WebElementNotFoundException: Web element with id: 'Object Repository/AdminSuiteBootstrap_Pages/VT_Bootstrap/CCCreditOrVoidSearch/select_SearchBy' located by '//*[@name = 'searchField' and (text() = '
																Remittance ID
																Payment ID
																CC last 4 digit
																ACH last 4 digit
																Email Address
																Amount
																Payer Name
																Client Account Number
																
																UDF Label:
																	UDF1
																
																UDF Label:
																	UDF2
																
																UDF Label:
																	UDF3
																
																UDF Label:
																	UDF4
																
																UDF Label:
																	UDF5
																
																UDF Label:
																	UDF6
																
																UDF Label:
																	UDF7
																
																UDF Label:
																	UDF8
																
																UDF Label:
																	UDF9
																
																UDF Label:
																	UDF 10
																
															' or . = '
																Remittance ID
																Payment ID
																CC last 4 digit
																ACH last 4 digit
																Email Address
																Amount
																Payer Name
																Client Account Number
																
																UDF Label:
																	UDF1
																
																UDF Label:
																	UDF2
																
																UDF Label:
																	UDF3
																
																UDF Label:
																	UDF4
																
																UDF Label:
																	UDF5
																
																UDF Label:
																	UDF6
																
																UDF Label:
																	UDF7
																
																UDF Label:
																	UDF8
																
																UDF Label:
																	UDF9
																
																UDF Label:
																	UDF 10
																
															')]' not found
	at com.kms.katalon.core.webui.common.WebUiCommonHelper.findWebElement(WebUiCommonHelper.java:1370)
	at com.kms.katalon.core.webui.keyword.internal.WebUIAbstractKeyword.findWebElement(WebUIAbstractKeyword.groovy:27)
	at com.kms.katalon.core.webui.keyword.builtin.VerifyOptionsPresentKeyword$_verifyOptionsPresent_closure1.doCall(VerifyOptionsPresentKeyword.groovy:50)
	at com.kms.katalon.core.webui.keyword.builtin.VerifyOptionsPresentKeyword$_verifyOptionsPresent_closure1.call(VerifyOptionsPresentKeyword.groovy)
	at com.kms.katalon.core.webui.keyword.internal.WebUIKeywordMain.runKeyword(WebUIKeywordMain.groovy:20)
	at com.kms.katalon.core.webui.keyword.builtin.VerifyOptionsPresentKeyword.verifyOptionsPresent(VerifyOptionsPresentKeyword.groovy:72)
	at com.kms.katalon.core.webui.keyword.builtin.VerifyOptionsPresentKeyword.execute(VerifyOptionsPresentKeyword.groovy:38)
	at com.kms.katalon.core.keyword.internal.KeywordExecutor.executeKeywordForPlatform(KeywordExecutor.groovy:74)
	at com.kms.katalon.core.webui.keyword.WebUiBuiltInKeywords.verifyOptionsPresent(WebUiBuiltInKeywords.groovy:4716)
	at com.kms.katalon.core.webui.keyword.WebUiBuiltInKeywords$verifyOptionsPresent$7.call(Unknown Source)
	at Script1648586498920.run(Script1648586498920.groovy:99)
	... 13 more
)

2022-07-01 09:10:32 - [MESSAGE][INFO] - Unable to find the element located by 'By.xpath: //*[@name = 'searchField' and (text() = '
																Remittance ID
																Payment ID
																CC last 4 digit
																ACH last 4 digit
																Email Address
																Amount
																Payer Name
																Client Account Number
																
																UDF Label:
																	UDF1
																
																UDF Label:
																	UDF2
																
																UDF Label:
																	UDF3
																
																UDF Label:
																	UDF4
																
																UDF Label:
																	UDF5
																
																UDF Label:
																	UDF6
																
																UDF Label:
																	UDF7
																
																UDF Label:
																	UDF8
																
																UDF Label:
																	UDF9
																
																UDF Label:
																	UDF 10
																
															' or . = '
																Remittance ID
																Payment ID
																CC last 4 digit
																ACH last 4 digit
																Email Address
																Amount
																Payer Name
																Client Account Number
																
																UDF Label:
																	UDF1
																
																UDF Label:
																	UDF2
																
																UDF Label:
																	UDF3
																
																UDF Label:
																	UDF4
																
																UDF Label:
																	UDF5
																
																UDF Label:
																	UDF6
																
																UDF Label:
																	UDF7
																
																UDF Label:
																	UDF8
																
																UDF Label:
																	UDF9
																
																UDF Label:
																	UDF 10
																
															')]'. Please recheck the objects properties to make sure the desired element is located. 

2022-07-01 09:10:32 - [MESSAGE][FAILED] - Options [Remittance ID, Payment ID, CC last 4 digit, ACH last 4 digit] do NOT present. (Root cause: com.kms.katalon.core.exception.StepFailedException: Options [Remittance ID, Payment ID, CC last 4 digit, ACH last 4 digit] do NOT present.
	at com.kms.katalon.core.webui.keyword.internal.WebUIKeywordMain.stepFailed(WebUIKeywordMain.groovy:64)
	at com.kms.katalon.core.webui.keyword.internal.WebUIKeywordMain.runKeyword(WebUIKeywordMain.groovy:26)
	at com.kms.katalon.core.webui.keyword.builtin.VerifyOptionsPresentKeyword.verifyOptionsPresent(VerifyOptionsPresentKeyword.groovy:72)
	at com.kms.katalon.core.webui.keyword.builtin.VerifyOptionsPresentKeyword.execute(VerifyOptionsPresentKeyword.groovy:38)
	at com.kms.katalon.core.keyword.internal.KeywordExecutor.executeKeywordForPlatform(KeywordExecutor.groovy:74)
	at com.kms.katalon.core.webui.keyword.WebUiBuiltInKeywords.verifyOptionsPresent(WebUiBuiltInKeywords.groovy:4716)
	at com.kms.katalon.core.webui.keyword.WebUiBuiltInKeywords$verifyOptionsPresent$7.call(Unknown Source)
	at VerifySearchTransactions_UI_TC.run(VerifySearchTransactions_UI_TC:99)
	at com.kms.katalon.core.main.ScriptEngine.run(ScriptEngine.java:194)
	at com.kms.katalon.core.main.ScriptEngine.runScriptAsRawText(ScriptEngine.java:119)
	at com.kms.katalon.core.main.TestCaseExecutor.runScript(TestCaseExecutor.java:442)
	at com.kms.katalon.core.main.TestCaseExecutor.doExecute(TestCaseExecutor.java:433)
	at com.kms.katalon.core.main.TestCaseExecutor.processExecutionPhase(TestCaseExecutor.java:412)
	at com.kms.katalon.core.main.TestCaseExecutor.accessMainPhase(TestCaseExecutor.java:404)
	at com.kms.katalon.core.main.TestCaseExecutor.execute(TestCaseExecutor.java:281)
	at com.kms.katalon.core.main.TestSuiteExecutor.accessTestCaseMainPhase(TestSuiteExecutor.java:202)
	at com.kms.katalon.core.main.TestSuiteExecutor.accessTestSuiteMainPhase(TestSuiteExecutor.java:164)
	at com.kms.katalon.core.main.TestSuiteExecutor.execute(TestSuiteExecutor.java:105)
	at com.kms.katalon.core.main.TestCaseMain.startTestSuite(TestCaseMain.java:185)
	at com.kms.katalon.core.main.TestCaseMain$startTestSuite$0.call(Unknown Source)
	at TempTestSuite1656641661317.run(TempTestSuite1656641661317.groovy:36)
Caused by: com.kms.katalon.core.webui.exception.WebElementNotFoundException: Web element with id: 'Object Repository/AdminSuiteBootstrap_Pages/VT_Bootstrap/CCCreditOrVoidSearch/select_SearchBy' located by '//*[@name = 'searchField' and (text() = '
																Remittance ID
																Payment ID
																CC last 4 digit
																ACH last 4 digit
																Email Address
																Amount
																Payer Name
																Client Account Number
																
																UDF Label:
																	UDF1
																
																UDF Label:
																	UDF2
																
																UDF Label:
																	UDF3
																
																UDF Label:
																	UDF4
																
																UDF Label:
																	UDF5
																
																UDF Label:
																	UDF6
																
																UDF Label:
																	UDF7
																
																UDF Label:
																	UDF8
																
																UDF Label:
																	UDF9
																
																UDF Label:
																	UDF 10
																
															' or . = '
																Remittance ID
																Payment ID
																CC last 4 digit
																ACH last 4 digit
																Email Address
																Amount
																Payer Name
																Client Account Number
																
																UDF Label:
																	UDF1
																
																UDF Label:
																	UDF2
																
																UDF Label:
																	UDF3
																
																UDF Label:
																	UDF4
																
																UDF Label:
																	UDF5
																
																UDF Label:
																	UDF6
																
																UDF Label:
																	UDF7
																
																UDF Label:
																	UDF8
																
																UDF Label:
																	UDF9
																
																UDF Label:
																	UDF 10
																
															')]' not found
	at com.kms.katalon.core.webui.common.WebUiCommonHelper.findWebElement(WebUiCommonHelper.java:1370)
	at com.kms.katalon.core.webui.keyword.internal.WebUIAbstractKeyword.findWebElement(WebUIAbstractKeyword.groovy:27)
	at com.kms.katalon.core.webui.keyword.builtin.VerifyOptionsPresentKeyword$_verifyOptionsPresent_closure1.doCall(VerifyOptionsPresentKeyword.groovy:50)
	at com.kms.katalon.core.webui.keyword.builtin.VerifyOptionsPresentKeyword$_verifyOptionsPresent_closure1.call(VerifyOptionsPresentKeyword.groovy)
	at com.kms.katalon.core.webui.keyword.internal.WebUIKeywordMain.runKeyword(WebUIKeywordMain.groovy:20)
	at com.kms.katalon.core.webui.keyword.builtin.VerifyOptionsPresentKeyword.verifyOptionsPresent(VerifyOptionsPresentKeyword.groovy:72)
	at com.kms.katalon.core.webui.keyword.builtin.VerifyOptionsPresentKeyword.execute(VerifyOptionsPresentKeyword.groovy:38)
	at com.kms.katalon.core.keyword.internal.KeywordExecutor.executeKeywordForPlatform(KeywordExecutor.groovy:74)
	at com.kms.katalon.core.webui.keyword.WebUiBuiltInKeywords.verifyOptionsPresent(WebUiBuiltInKeywords.groovy:4716)
	at com.kms.katalon.core.webui.keyword.WebUiBuiltInKeywords$verifyOptionsPresent$7.call(Unknown Source)
	at Script1648586498920.run(Script1648586498920.groovy:99)
	... 13 more
)
[[ATTACHMENT|E:\\Cloned-Project-Katalon\\VPS-Katalon\\Reports\\20220630_221407\\QA\\VT-Bootstrap\\AdminSuiteBootstrap_UI_TestSuite\\20220630_221421\\1656681032687.png]]

2022-07-01 09:10:32 - [TEST_STEP][FAILED] - verifyOptionsPresent(findTestObject(path_CCSearch + "select_SearchBy"), ["Email Address", "Amount", "Payer Name", "Client Account Number"]): Options [Email Address, Amount, Payer Name, Client Account Number] do NOT present. (Root cause: com.kms.katalon.core.exception.StepFailedException: Options [Email Address, Amount, Payer Name, Client Account Number] do NOT present.
	at com.kms.katalon.core.webui.keyword.internal.WebUIKeywordMain.stepFailed(WebUIKeywordMain.groovy:64)
	at com.kms.katalon.core.webui.keyword.internal.WebUIKeywordMain.runKeyword(WebUIKeywordMain.groovy:26)
	at com.kms.katalon.core.webui.keyword.builtin.VerifyOptionsPresentKeyword.verifyOptionsPresent(VerifyOptionsPresentKeyword.groovy:72)
	at com.kms.katalon.core.webui.keyword.builtin.VerifyOptionsPresentKeyword.execute(VerifyOptionsPresentKeyword.groovy:38)
	at com.kms.katalon.core.keyword.internal.KeywordExecutor.executeKeywordForPlatform(KeywordExecutor.groovy:74)
	at com.kms.katalon.core.webui.keyword.WebUiBuiltInKeywords.verifyOptionsPresent(WebUiBuiltInKeywords.groovy:4716)
	at com.kms.katalon.core.webui.keyword.WebUiBuiltInKeywords$verifyOptionsPresent$7.call(Unknown Source)
	at VerifySearchTransactions_UI_TC.run(VerifySearchTransactions_UI_TC:100)
	at com.kms.katalon.core.main.ScriptEngine.run(ScriptEngine.java:194)
	at com.kms.katalon.core.main.ScriptEngine.runScriptAsRawText(ScriptEngine.java:119)
	at com.kms.katalon.core.main.TestCaseExecutor.runScript(TestCaseExecutor.java:442)
	at com.kms.katalon.core.main.TestCaseExecutor.doExecute(TestCaseExecutor.java:433)
	at com.kms.katalon.core.main.TestCaseExecutor.processExecutionPhase(TestCaseExecutor.java:412)
	at com.kms.katalon.core.main.TestCaseExecutor.accessMainPhase(TestCaseExecutor.java:404)
	at com.kms.katalon.core.main.TestCaseExecutor.execute(TestCaseExecutor.java:281)
	at com.kms.katalon.core.main.TestSuiteExecutor.accessTestCaseMainPhase(TestSuiteExecutor.java:202)
	at com.kms.katalon.core.main.TestSuiteExecutor.accessTestSuiteMainPhase(TestSuiteExecutor.java:164)
	at com.kms.katalon.core.main.TestSuiteExecutor.execute(TestSuiteExecutor.java:105)
	at com.kms.katalon.core.main.TestCaseMain.startTestSuite(TestCaseMain.java:185)
	at com.kms.katalon.core.main.TestCaseMain$startTestSuite$0.call(Unknown Source)
	at TempTestSuite1656641661317.run(TempTestSuite1656641661317.groovy:36)
Caused by: com.kms.katalon.core.webui.exception.WebElementNotFoundException: Web element with id: 'Object Repository/AdminSuiteBootstrap_Pages/VT_Bootstrap/CCCreditOrVoidSearch/select_SearchBy' located by '//*[@name = 'searchField' and (text() = '
																Remittance ID
																Payment ID
																CC last 4 digit
																ACH last 4 digit
																Email Address
																Amount
																Payer Name
																Client Account Number
																
																UDF Label:
																	UDF1
																
																UDF Label:
																	UDF2
																
																UDF Label:
																	UDF3
																
																UDF Label:
																	UDF4
																
																UDF Label:
																	UDF5
																
																UDF Label:
																	UDF6
																
																UDF Label:
																	UDF7
																
																UDF Label:
																	UDF8
																
																UDF Label:
																	UDF9
																
																UDF Label:
																	UDF 10
																
															' or . = '
																Remittance ID
																Payment ID
																CC last 4 digit
																ACH last 4 digit
																Email Address
																Amount
																Payer Name
																Client Account Number
																
																UDF Label:
																	UDF1
																
																UDF Label:
																	UDF2
																
																UDF Label:
																	UDF3
																
																UDF Label:
																	UDF4
																
																UDF Label:
																	UDF5
																
																UDF Label:
																	UDF6
																
																UDF Label:
																	UDF7
																
																UDF Label:
																	UDF8
																
																UDF Label:
																	UDF9
																
																UDF Label:
																	UDF 10
																
															')]' not found
	at com.kms.katalon.core.webui.common.WebUiCommonHelper.findWebElement(WebUiCommonHelper.java:1370)
	at com.kms.katalon.core.webui.keyword.internal.WebUIAbstractKeyword.findWebElement(WebUIAbstractKeyword.groovy:27)
	at com.kms.katalon.core.webui.keyword.builtin.VerifyOptionsPresentKeyword$_verifyOptionsPresent_closure1.doCall(VerifyOptionsPresentKeyword.groovy:50)
	at com.kms.katalon.core.webui.keyword.builtin.VerifyOptionsPresentKeyword$_verifyOptionsPresent_closure1.call(VerifyOptionsPresentKeyword.groovy)
	at com.kms.katalon.core.webui.keyword.internal.WebUIKeywordMain.runKeyword(WebUIKeywordMain.groovy:20)
	at com.kms.katalon.core.webui.keyword.builtin.VerifyOptionsPresentKeyword.verifyOptionsPresent(VerifyOptionsPresentKeyword.groovy:72)
	at com.kms.katalon.core.webui.keyword.builtin.VerifyOptionsPresentKeyword.execute(VerifyOptionsPresentKeyword.groovy:38)
	at com.kms.katalon.core.keyword.internal.KeywordExecutor.executeKeywordForPlatform(KeywordExecutor.groovy:74)
	at com.kms.katalon.core.webui.keyword.WebUiBuiltInKeywords.verifyOptionsPresent(WebUiBuiltInKeywords.groovy:4716)
	at com.kms.katalon.core.webui.keyword.WebUiBuiltInKeywords$verifyOptionsPresent$7.call(Unknown Source)
	at Script1648586498920.run(Script1648586498920.groovy:100)
	... 13 more
)

2022-07-01 09:11:04 - [MESSAGE][INFO] - Unable to find the element located by 'By.xpath: //*[@name = 'searchField' and (text() = '
																Remittance ID
																Payment ID
																CC last 4 digit
																ACH last 4 digit
																Email Address
																Amount
																Payer Name
																Client Account Number
																
																UDF Label:
																	UDF1
																
																UDF Label:
																	UDF2
																
																UDF Label:
																	UDF3
																
																UDF Label:
																	UDF4
																
																UDF Label:
																	UDF5
																
																UDF Label:
																	UDF6
																
																UDF Label:
																	UDF7
																
																UDF Label:
																	UDF8
																
																UDF Label:
																	UDF9
																
																UDF Label:
																	UDF 10
																
															' or . = '
																Remittance ID
																Payment ID
																CC last 4 digit
																ACH last 4 digit
																Email Address
																Amount
																Payer Name
																Client Account Number
																
																UDF Label:
																	UDF1
																
																UDF Label:
																	UDF2
																
																UDF Label:
																	UDF3
																
																UDF Label:
																	UDF4
																
																UDF Label:
																	UDF5
																
																UDF Label:
																	UDF6
																
																UDF Label:
																	UDF7
																
																UDF Label:
																	UDF8
																
																UDF Label:
																	UDF9
																
																UDF Label:
																	UDF 10
																
															')]'. Please recheck the objects properties to make sure the desired element is located. 

2022-07-01 09:11:04 - [MESSAGE][FAILED] - Options [Email Address, Amount, Payer Name, Client Account Number] do NOT present. (Root cause: com.kms.katalon.core.exception.StepFailedException: Options [Email Address, Amount, Payer Name, Client Account Number] do NOT present.
	at com.kms.katalon.core.webui.keyword.internal.WebUIKeywordMain.stepFailed(WebUIKeywordMain.groovy:64)
	at com.kms.katalon.core.webui.keyword.internal.WebUIKeywordMain.runKeyword(WebUIKeywordMain.groovy:26)
	at com.kms.katalon.core.webui.keyword.builtin.VerifyOptionsPresentKeyword.verifyOptionsPresent(VerifyOptionsPresentKeyword.groovy:72)
	at com.kms.katalon.core.webui.keyword.builtin.VerifyOptionsPresentKeyword.execute(VerifyOptionsPresentKeyword.groovy:38)
	at com.kms.katalon.core.keyword.internal.KeywordExecutor.executeKeywordForPlatform(KeywordExecutor.groovy:74)
	at com.kms.katalon.core.webui.keyword.WebUiBuiltInKeywords.verifyOptionsPresent(WebUiBuiltInKeywords.groovy:4716)
	at com.kms.katalon.core.webui.keyword.WebUiBuiltInKeywords$verifyOptionsPresent$7.call(Unknown Source)
	at VerifySearchTransactions_UI_TC.run(VerifySearchTransactions_UI_TC:100)
	at com.kms.katalon.core.main.ScriptEngine.run(ScriptEngine.java:194)
	at com.kms.katalon.core.main.ScriptEngine.runScriptAsRawText(ScriptEngine.java:119)
	at com.kms.katalon.core.main.TestCaseExecutor.runScript(TestCaseExecutor.java:442)
	at com.kms.katalon.core.main.TestCaseExecutor.doExecute(TestCaseExecutor.java:433)
	at com.kms.katalon.core.main.TestCaseExecutor.processExecutionPhase(TestCaseExecutor.java:412)
	at com.kms.katalon.core.main.TestCaseExecutor.accessMainPhase(TestCaseExecutor.java:404)
	at com.kms.katalon.core.main.TestCaseExecutor.execute(TestCaseExecutor.java:281)
	at com.kms.katalon.core.main.TestSuiteExecutor.accessTestCaseMainPhase(TestSuiteExecutor.java:202)
	at com.kms.katalon.core.main.TestSuiteExecutor.accessTestSuiteMainPhase(TestSuiteExecutor.java:164)
	at com.kms.katalon.core.main.TestSuiteExecutor.execute(TestSuiteExecutor.java:105)
	at com.kms.katalon.core.main.TestCaseMain.startTestSuite(TestCaseMain.java:185)
	at com.kms.katalon.core.main.TestCaseMain$startTestSuite$0.call(Unknown Source)
	at TempTestSuite1656641661317.run(TempTestSuite1656641661317.groovy:36)
Caused by: com.kms.katalon.core.webui.exception.WebElementNotFoundException: Web element with id: 'Object Repository/AdminSuiteBootstrap_Pages/VT_Bootstrap/CCCreditOrVoidSearch/select_SearchBy' located by '//*[@name = 'searchField' and (text() = '
																Remittance ID
																Payment ID
																CC last 4 digit
																ACH last 4 digit
																Email Address
																Amount
																Payer Name
																Client Account Number
																
																UDF Label:
																	UDF1
																
																UDF Label:
																	UDF2
																
																UDF Label:
																	UDF3
																
																UDF Label:
																	UDF4
																
																UDF Label:
																	UDF5
																
																UDF Label:
																	UDF6
																
																UDF Label:
																	UDF7
																
																UDF Label:
																	UDF8
																
																UDF Label:
																	UDF9
																
																UDF Label:
																	UDF 10
																
															' or . = '
																Remittance ID
																Payment ID
																CC last 4 digit
																ACH last 4 digit
																Email Address
																Amount
																Payer Name
																Client Account Number
																
																UDF Label:
																	UDF1
																
																UDF Label:
																	UDF2
																
																UDF Label:
																	UDF3
																
																UDF Label:
																	UDF4
																
																UDF Label:
																	UDF5
																
																UDF Label:
																	UDF6
																
																UDF Label:
																	UDF7
																
																UDF Label:
																	UDF8
																
																UDF Label:
																	UDF9
																
																UDF Label:
																	UDF 10
																
															')]' not found
	at com.kms.katalon.core.webui.common.WebUiCommonHelper.findWebElement(WebUiCommonHelper.java:1370)
	at com.kms.katalon.core.webui.keyword.internal.WebUIAbstractKeyword.findWebElement(WebUIAbstractKeyword.groovy:27)
	at com.kms.katalon.core.webui.keyword.builtin.VerifyOptionsPresentKeyword$_verifyOptionsPresent_closure1.doCall(VerifyOptionsPresentKeyword.groovy:50)
	at com.kms.katalon.core.webui.keyword.builtin.VerifyOptionsPresentKeyword$_verifyOptionsPresent_closure1.call(VerifyOptionsPresentKeyword.groovy)
	at com.kms.katalon.core.webui.keyword.internal.WebUIKeywordMain.runKeyword(WebUIKeywordMain.groovy:20)
	at com.kms.katalon.core.webui.keyword.builtin.VerifyOptionsPresentKeyword.verifyOptionsPresent(VerifyOptionsPresentKeyword.groovy:72)
	at com.kms.katalon.core.webui.keyword.builtin.VerifyOptionsPresentKeyword.execute(VerifyOptionsPresentKeyword.groovy:38)
	at com.kms.katalon.core.keyword.internal.KeywordExecutor.executeKeywordForPlatform(KeywordExecutor.groovy:74)
	at com.kms.katalon.core.webui.keyword.WebUiBuiltInKeywords.verifyOptionsPresent(WebUiBuiltInKeywords.groovy:4716)
	at com.kms.katalon.core.webui.keyword.WebUiBuiltInKeywords$verifyOptionsPresent$7.call(Unknown Source)
	at Script1648586498920.run(Script1648586498920.groovy:100)
	... 13 more
)
[[ATTACHMENT|E:\\Cloned-Project-Katalon\\VPS-Katalon\\Reports\\20220630_221407\\QA\\VT-Bootstrap\\AdminSuiteBootstrap_UI_TestSuite\\20220630_221421\\1656681064102.png]]

2022-07-01 09:11:04 - [TEST_STEP][FAILED] - verifyOptionsPresent(findTestObject(path_CCSearch + "select_SearchBy"), ["UDF Label: UDF1", "UDF Label: UDF2", "UDF Label: UDF3", "UDF Label: UDF4", "UDF Label: UDF5"]): Options [UDF Label: UDF1, UDF Label: UDF2, UDF Label: UDF3, UDF Label: UDF4, UDF Label: UDF5] do NOT present. (Root cause: com.kms.katalon.core.exception.StepFailedException: Options [UDF Label: UDF1, UDF Label: UDF2, UDF Label: UDF3, UDF Label: UDF4, UDF Label: UDF5] do NOT present.
	at com.kms.katalon.core.webui.keyword.internal.WebUIKeywordMain.stepFailed(WebUIKeywordMain.groovy:64)
	at com.kms.katalon.core.webui.keyword.internal.WebUIKeywordMain.runKeyword(WebUIKeywordMain.groovy:26)
	at com.kms.katalon.core.webui.keyword.builtin.VerifyOptionsPresentKeyword.verifyOptionsPresent(VerifyOptionsPresentKeyword.groovy:72)
	at com.kms.katalon.core.webui.keyword.builtin.VerifyOptionsPresentKeyword.execute(VerifyOptionsPresentKeyword.groovy:38)
	at com.kms.katalon.core.keyword.internal.KeywordExecutor.executeKeywordForPlatform(KeywordExecutor.groovy:74)
	at com.kms.katalon.core.webui.keyword.WebUiBuiltInKeywords.verifyOptionsPresent(WebUiBuiltInKeywords.groovy:4716)
	at com.kms.katalon.core.webui.keyword.WebUiBuiltInKeywords$verifyOptionsPresent$7.call(Unknown Source)
	at VerifySearchTransactions_UI_TC.run(VerifySearchTransactions_UI_TC:101)
	at com.kms.katalon.core.main.ScriptEngine.run(ScriptEngine.java:194)
	at com.kms.katalon.core.main.ScriptEngine.runScriptAsRawText(ScriptEngine.java:119)
	at com.kms.katalon.core.main.TestCaseExecutor.runScript(TestCaseExecutor.java:442)
	at com.kms.katalon.core.main.TestCaseExecutor.doExecute(TestCaseExecutor.java:433)
	at com.kms.katalon.core.main.TestCaseExecutor.processExecutionPhase(TestCaseExecutor.java:412)
	at com.kms.katalon.core.main.TestCaseExecutor.accessMainPhase(TestCaseExecutor.java:404)
	at com.kms.katalon.core.main.TestCaseExecutor.execute(TestCaseExecutor.java:281)
	at com.kms.katalon.core.main.TestSuiteExecutor.accessTestCaseMainPhase(TestSuiteExecutor.java:202)
	at com.kms.katalon.core.main.TestSuiteExecutor.accessTestSuiteMainPhase(TestSuiteExecutor.java:164)
	at com.kms.katalon.core.main.TestSuiteExecutor.execute(TestSuiteExecutor.java:105)
	at com.kms.katalon.core.main.TestCaseMain.startTestSuite(TestCaseMain.java:185)
	at com.kms.katalon.core.main.TestCaseMain$startTestSuite$0.call(Unknown Source)
	at TempTestSuite1656641661317.run(TempTestSuite1656641661317.groovy:36)
Caused by: com.kms.katalon.core.webui.exception.WebElementNotFoundException: Web element with id: 'Object Repository/AdminSuiteBootstrap_Pages/VT_Bootstrap/CCCreditOrVoidSearch/select_SearchBy' located by '//*[@name = 'searchField' and (text() = '
																Remittance ID
																Payment ID
																CC last 4 digit
																ACH last 4 digit
																Email Address
																Amount
																Payer Name
																Client Account Number
																
																UDF Label:
																	UDF1
																
																UDF Label:
																	UDF2
																
																UDF Label:
																	UDF3
																
																UDF Label:
																	UDF4
																
																UDF Label:
																	UDF5
																
																UDF Label:
																	UDF6
																
																UDF Label:
																	UDF7
																
																UDF Label:
																	UDF8
																
																UDF Label:
																	UDF9
																
																UDF Label:
																	UDF 10
																
															' or . = '
																Remittance ID
																Payment ID
																CC last 4 digit
																ACH last 4 digit
																Email Address
																Amount
																Payer Name
																Client Account Number
																
																UDF Label:
																	UDF1
																
																UDF Label:
																	UDF2
																
																UDF Label:
																	UDF3
																
																UDF Label:
																	UDF4
																
																UDF Label:
																	UDF5
																
																UDF Label:
																	UDF6
																
																UDF Label:
																	UDF7
																
																UDF Label:
																	UDF8
																
																UDF Label:
																	UDF9
																
																UDF Label:
																	UDF 10
																
															')]' not found
	at com.kms.katalon.core.webui.common.WebUiCommonHelper.findWebElement(WebUiCommonHelper.java:1370)
	at com.kms.katalon.core.webui.keyword.internal.WebUIAbstractKeyword.findWebElement(WebUIAbstractKeyword.groovy:27)
	at com.kms.katalon.core.webui.keyword.builtin.VerifyOptionsPresentKeyword$_verifyOptionsPresent_closure1.doCall(VerifyOptionsPresentKeyword.groovy:50)
	at com.kms.katalon.core.webui.keyword.builtin.VerifyOptionsPresentKeyword$_verifyOptionsPresent_closure1.call(VerifyOptionsPresentKeyword.groovy)
	at com.kms.katalon.core.webui.keyword.internal.WebUIKeywordMain.runKeyword(WebUIKeywordMain.groovy:20)
	at com.kms.katalon.core.webui.keyword.builtin.VerifyOptionsPresentKeyword.verifyOptionsPresent(VerifyOptionsPresentKeyword.groovy:72)
	at com.kms.katalon.core.webui.keyword.builtin.VerifyOptionsPresentKeyword.execute(VerifyOptionsPresentKeyword.groovy:38)
	at com.kms.katalon.core.keyword.internal.KeywordExecutor.executeKeywordForPlatform(KeywordExecutor.groovy:74)
	at com.kms.katalon.core.webui.keyword.WebUiBuiltInKeywords.verifyOptionsPresent(WebUiBuiltInKeywords.groovy:4716)
	at com.kms.katalon.core.webui.keyword.WebUiBuiltInKeywords$verifyOptionsPresent$7.call(Unknown Source)
	at Script1648586498920.run(Script1648586498920.groovy:101)
	... 13 more
)

2022-07-01 09:11:35 - [MESSAGE][INFO] - Unable to find the element located by 'By.xpath: //*[@name = 'searchField' and (text() = '
																Remittance ID
																Payment ID
																CC last 4 digit
																ACH last 4 digit
																Email Address
																Amount
																Payer Name
																Client Account Number
																
																UDF Label:
																	UDF1
																
																UDF Label:
																	UDF2
																
																UDF Label:
																	UDF3
																
																UDF Label:
																	UDF4
																
																UDF Label:
																	UDF5
																
																UDF Label:
																	UDF6
																
																UDF Label:
																	UDF7
																
																UDF Label:
																	UDF8
																
																UDF Label:
																	UDF9
																
																UDF Label:
																	UDF 10
																
															' or . = '
																Remittance ID
																Payment ID
																CC last 4 digit
																ACH last 4 digit
																Email Address
																Amount
																Payer Name
																Client Account Number
																
																UDF Label:
																	UDF1
																
																UDF Label:
																	UDF2
																
																UDF Label:
																	UDF3
																
																UDF Label:
																	UDF4
																
																UDF Label:
																	UDF5
																
																UDF Label:
																	UDF6
																
																UDF Label:
																	UDF7
																
																UDF Label:
																	UDF8
																
																UDF Label:
																	UDF9
																
																UDF Label:
																	UDF 10
																
															')]'. Please recheck the objects properties to make sure the desired element is located. 

2022-07-01 09:11:35 - [MESSAGE][FAILED] - Options [UDF Label: UDF1, UDF Label: UDF2, UDF Label: UDF3, UDF Label: UDF4, UDF Label: UDF5] do NOT present. (Root cause: com.kms.katalon.core.exception.StepFailedException: Options [UDF Label: UDF1, UDF Label: UDF2, UDF Label: UDF3, UDF Label: UDF4, UDF Label: UDF5] do NOT present.
	at com.kms.katalon.core.webui.keyword.internal.WebUIKeywordMain.stepFailed(WebUIKeywordMain.groovy:64)
	at com.kms.katalon.core.webui.keyword.internal.WebUIKeywordMain.runKeyword(WebUIKeywordMain.groovy:26)
	at com.kms.katalon.core.webui.keyword.builtin.VerifyOptionsPresentKeyword.verifyOptionsPresent(VerifyOptionsPresentKeyword.groovy:72)
	at com.kms.katalon.core.webui.keyword.builtin.VerifyOptionsPresentKeyword.execute(VerifyOptionsPresentKeyword.groovy:38)
	at com.kms.katalon.core.keyword.internal.KeywordExecutor.executeKeywordForPlatform(KeywordExecutor.groovy:74)
	at com.kms.katalon.core.webui.keyword.WebUiBuiltInKeywords.verifyOptionsPresent(WebUiBuiltInKeywords.groovy:4716)
	at com.kms.katalon.core.webui.keyword.WebUiBuiltInKeywords$verifyOptionsPresent$7.call(Unknown Source)
	at VerifySearchTransactions_UI_TC.run(VerifySearchTransactions_UI_TC:101)
	at com.kms.katalon.core.main.ScriptEngine.run(ScriptEngine.java:194)
	at com.kms.katalon.core.main.ScriptEngine.runScriptAsRawText(ScriptEngine.java:119)
	at com.kms.katalon.core.main.TestCaseExecutor.runScript(TestCaseExecutor.java:442)
	at com.kms.katalon.core.main.TestCaseExecutor.doExecute(TestCaseExecutor.java:433)
	at com.kms.katalon.core.main.TestCaseExecutor.processExecutionPhase(TestCaseExecutor.java:412)
	at com.kms.katalon.core.main.TestCaseExecutor.accessMainPhase(TestCaseExecutor.java:404)
	at com.kms.katalon.core.main.TestCaseExecutor.execute(TestCaseExecutor.java:281)
	at com.kms.katalon.core.main.TestSuiteExecutor.accessTestCaseMainPhase(TestSuiteExecutor.java:202)
	at com.kms.katalon.core.main.TestSuiteExecutor.accessTestSuiteMainPhase(TestSuiteExecutor.java:164)
	at com.kms.katalon.core.main.TestSuiteExecutor.execute(TestSuiteExecutor.java:105)
	at com.kms.katalon.core.main.TestCaseMain.startTestSuite(TestCaseMain.java:185)
	at com.kms.katalon.core.main.TestCaseMain$startTestSuite$0.call(Unknown Source)
	at TempTestSuite1656641661317.run(TempTestSuite1656641661317.groovy:36)
Caused by: com.kms.katalon.core.webui.exception.WebElementNotFoundException: Web element with id: 'Object Repository/AdminSuiteBootstrap_Pages/VT_Bootstrap/CCCreditOrVoidSearch/select_SearchBy' located by '//*[@name = 'searchField' and (text() = '
																Remittance ID
																Payment ID
																CC last 4 digit
																ACH last 4 digit
																Email Address
																Amount
																Payer Name
																Client Account Number
																
																UDF Label:
																	UDF1
																
																UDF Label:
																	UDF2
																
																UDF Label:
																	UDF3
																
																UDF Label:
																	UDF4
																
																UDF Label:
																	UDF5
																
																UDF Label:
																	UDF6
																
																UDF Label:
																	UDF7
																
																UDF Label:
																	UDF8
																
																UDF Label:
																	UDF9
																
																UDF Label:
																	UDF 10
																
															' or . = '
																Remittance ID
																Payment ID
																CC last 4 digit
																ACH last 4 digit
																Email Address
																Amount
																Payer Name
																Client Account Number
																
																UDF Label:
																	UDF1
																
																UDF Label:
																	UDF2
																
																UDF Label:
																	UDF3
																
																UDF Label:
																	UDF4
																
																UDF Label:
																	UDF5
																
																UDF Label:
																	UDF6
																
																UDF Label:
																	UDF7
																
																UDF Label:
																	UDF8
																
																UDF Label:
																	UDF9
																
																UDF Label:
																	UDF 10
																
															')]' not found
	at com.kms.katalon.core.webui.common.WebUiCommonHelper.findWebElement(WebUiCommonHelper.java:1370)
	at com.kms.katalon.core.webui.keyword.internal.WebUIAbstractKeyword.findWebElement(WebUIAbstractKeyword.groovy:27)
	at com.kms.katalon.core.webui.keyword.builtin.VerifyOptionsPresentKeyword$_verifyOptionsPresent_closure1.doCall(VerifyOptionsPresentKeyword.groovy:50)
	at com.kms.katalon.core.webui.keyword.builtin.VerifyOptionsPresentKeyword$_verifyOptionsPresent_closure1.call(VerifyOptionsPresentKeyword.groovy)
	at com.kms.katalon.core.webui.keyword.internal.WebUIKeywordMain.runKeyword(WebUIKeywordMain.groovy:20)
	at com.kms.katalon.core.webui.keyword.builtin.VerifyOptionsPresentKeyword.verifyOptionsPresent(VerifyOptionsPresentKeyword.groovy:72)
	at com.kms.katalon.core.webui.keyword.builtin.VerifyOptionsPresentKeyword.execute(VerifyOptionsPresentKeyword.groovy:38)
	at com.kms.katalon.core.keyword.internal.KeywordExecutor.executeKeywordForPlatform(KeywordExecutor.groovy:74)
	at com.kms.katalon.core.webui.keyword.WebUiBuiltInKeywords.verifyOptionsPresent(WebUiBuiltInKeywords.groovy:4716)
	at com.kms.katalon.core.webui.keyword.WebUiBuiltInKeywords$verifyOptionsPresent$7.call(Unknown Source)
	at Script1648586498920.run(Script1648586498920.groovy:101)
	... 13 more
)
[[ATTACHMENT|E:\\Cloned-Project-Katalon\\VPS-Katalon\\Reports\\20220630_221407\\QA\\VT-Bootstrap\\AdminSuiteBootstrap_UI_TestSuite\\20220630_221421\\1656681095434.png]]

2022-07-01 09:11:35 - [TEST_STEP][FAILED] - verifyOptionsPresent(findTestObject(path_CCSearch + "select_SearchBy"), ["UDF Label: UDF6", "UDF Label: UDF7", "UDF Label: UDF8", "UDF Label: UDF9", "UDF Label: UDF 10"]): Options [UDF Label: UDF6, UDF Label: UDF7, UDF Label: UDF8, UDF Label: UDF9, UDF Label: UDF 10] do NOT present. (Root cause: com.kms.katalon.core.exception.StepFailedException: Options [UDF Label: UDF6, UDF Label: UDF7, UDF Label: UDF8, UDF Label: UDF9, UDF Label: UDF 10] do NOT present.
	at com.kms.katalon.core.webui.keyword.internal.WebUIKeywordMain.stepFailed(WebUIKeywordMain.groovy:64)
	at com.kms.katalon.core.webui.keyword.internal.WebUIKeywordMain.runKeyword(WebUIKeywordMain.groovy:26)
	at com.kms.katalon.core.webui.keyword.builtin.VerifyOptionsPresentKeyword.verifyOptionsPresent(VerifyOptionsPresentKeyword.groovy:72)
	at com.kms.katalon.core.webui.keyword.builtin.VerifyOptionsPresentKeyword.execute(VerifyOptionsPresentKeyword.groovy:38)
	at com.kms.katalon.core.keyword.internal.KeywordExecutor.executeKeywordForPlatform(KeywordExecutor.groovy:74)
	at com.kms.katalon.core.webui.keyword.WebUiBuiltInKeywords.verifyOptionsPresent(WebUiBuiltInKeywords.groovy:4716)
	at com.kms.katalon.core.webui.keyword.WebUiBuiltInKeywords$verifyOptionsPresent$7.call(Unknown Source)
	at VerifySearchTransactions_UI_TC.run(VerifySearchTransactions_UI_TC:102)
	at com.kms.katalon.core.main.ScriptEngine.run(ScriptEngine.java:194)
	at com.kms.katalon.core.main.ScriptEngine.runScriptAsRawText(ScriptEngine.java:119)
	at com.kms.katalon.core.main.TestCaseExecutor.runScript(TestCaseExecutor.java:442)
	at com.kms.katalon.core.main.TestCaseExecutor.doExecute(TestCaseExecutor.java:433)
	at com.kms.katalon.core.main.TestCaseExecutor.processExecutionPhase(TestCaseExecutor.java:412)
	at com.kms.katalon.core.main.TestCaseExecutor.accessMainPhase(TestCaseExecutor.java:404)
	at com.kms.katalon.core.main.TestCaseExecutor.execute(TestCaseExecutor.java:281)
	at com.kms.katalon.core.main.TestSuiteExecutor.accessTestCaseMainPhase(TestSuiteExecutor.java:202)
	at com.kms.katalon.core.main.TestSuiteExecutor.accessTestSuiteMainPhase(TestSuiteExecutor.java:164)
	at com.kms.katalon.core.main.TestSuiteExecutor.execute(TestSuiteExecutor.java:105)
	at com.kms.katalon.core.main.TestCaseMain.startTestSuite(TestCaseMain.java:185)
	at com.kms.katalon.core.main.TestCaseMain$startTestSuite$0.call(Unknown Source)
	at TempTestSuite1656641661317.run(TempTestSuite1656641661317.groovy:36)
Caused by: com.kms.katalon.core.webui.exception.WebElementNotFoundException: Web element with id: 'Object Repository/AdminSuiteBootstrap_Pages/VT_Bootstrap/CCCreditOrVoidSearch/select_SearchBy' located by '//*[@name = 'searchField' and (text() = '
																Remittance ID
																Payment ID
																CC last 4 digit
																ACH last 4 digit
																Email Address
																Amount
																Payer Name
																Client Account Number
																
																UDF Label:
																	UDF1
																
																UDF Label:
																	UDF2
																
																UDF Label:
																	UDF3
																
																UDF Label:
																	UDF4
																
																UDF Label:
																	UDF5
																
																UDF Label:
																	UDF6
																
																UDF Label:
																	UDF7
																
																UDF Label:
																	UDF8
																
																UDF Label:
																	UDF9
																
																UDF Label:
																	UDF 10
																
															' or . = '
																Remittance ID
																Payment ID
																CC last 4 digit
																ACH last 4 digit
																Email Address
																Amount
																Payer Name
																Client Account Number
																
																UDF Label:
																	UDF1
																
																UDF Label:
																	UDF2
																
																UDF Label:
																	UDF3
																
																UDF Label:
																	UDF4
																
																UDF Label:
																	UDF5
																
																UDF Label:
																	UDF6
																
																UDF Label:
																	UDF7
																
																UDF Label:
																	UDF8
																
																UDF Label:
																	UDF9
																
																UDF Label:
																	UDF 10
																
															')]' not found
	at com.kms.katalon.core.webui.common.WebUiCommonHelper.findWebElement(WebUiCommonHelper.java:1370)
	at com.kms.katalon.core.webui.keyword.internal.WebUIAbstractKeyword.findWebElement(WebUIAbstractKeyword.groovy:27)
	at com.kms.katalon.core.webui.keyword.builtin.VerifyOptionsPresentKeyword$_verifyOptionsPresent_closure1.doCall(VerifyOptionsPresentKeyword.groovy:50)
	at com.kms.katalon.core.webui.keyword.builtin.VerifyOptionsPresentKeyword$_verifyOptionsPresent_closure1.call(VerifyOptionsPresentKeyword.groovy)
	at com.kms.katalon.core.webui.keyword.internal.WebUIKeywordMain.runKeyword(WebUIKeywordMain.groovy:20)
	at com.kms.katalon.core.webui.keyword.builtin.VerifyOptionsPresentKeyword.verifyOptionsPresent(VerifyOptionsPresentKeyword.groovy:72)
	at com.kms.katalon.core.webui.keyword.builtin.VerifyOptionsPresentKeyword.execute(VerifyOptionsPresentKeyword.groovy:38)
	at com.kms.katalon.core.keyword.internal.KeywordExecutor.executeKeywordForPlatform(KeywordExecutor.groovy:74)
	at com.kms.katalon.core.webui.keyword.WebUiBuiltInKeywords.verifyOptionsPresent(WebUiBuiltInKeywords.groovy:4716)
	at com.kms.katalon.core.webui.keyword.WebUiBuiltInKeywords$verifyOptionsPresent$7.call(Unknown Source)
	at Script1648586498920.run(Script1648586498920.groovy:102)
	... 13 more
)

2022-07-01 09:12:06 - [MESSAGE][INFO] - Unable to find the element located by 'By.xpath: //*[@name = 'searchField' and (text() = '
																Remittance ID
																Payment ID
																CC last 4 digit
																ACH last 4 digit
																Email Address
																Amount
																Payer Name
																Client Account Number
																
																UDF Label:
																	UDF1
																
																UDF Label:
																	UDF2
																
																UDF Label:
																	UDF3
																
																UDF Label:
																	UDF4
																
																UDF Label:
																	UDF5
																
																UDF Label:
																	UDF6
																
																UDF Label:
																	UDF7
																
																UDF Label:
																	UDF8
																
																UDF Label:
																	UDF9
																
																UDF Label:
																	UDF 10
																
															' or . = '
																Remittance ID
																Payment ID
																CC last 4 digit
																ACH last 4 digit
																Email Address
																Amount
																Payer Name
																Client Account Number
																
																UDF Label:
																	UDF1
																
																UDF Label:
																	UDF2
																
																UDF Label:
																	UDF3
																
																UDF Label:
																	UDF4
																
																UDF Label:
																	UDF5
																
																UDF Label:
																	UDF6
																
																UDF Label:
																	UDF7
																
																UDF Label:
																	UDF8
																
																UDF Label:
																	UDF9
																
																UDF Label:
																	UDF 10
																
															')]'. Please recheck the objects properties to make sure the desired element is located. 

2022-07-01 09:12:07 - [MESSAGE][FAILED] - Options [UDF Label: UDF6, UDF Label: UDF7, UDF Label: UDF8, UDF Label: UDF9, UDF Label: UDF 10] do NOT present. (Root cause: com.kms.katalon.core.exception.StepFailedException: Options [UDF Label: UDF6, UDF Label: UDF7, UDF Label: UDF8, UDF Label: UDF9, UDF Label: UDF 10] do NOT present.
	at com.kms.katalon.core.webui.keyword.internal.WebUIKeywordMain.stepFailed(WebUIKeywordMain.groovy:64)
	at com.kms.katalon.core.webui.keyword.internal.WebUIKeywordMain.runKeyword(WebUIKeywordMain.groovy:26)
	at com.kms.katalon.core.webui.keyword.builtin.VerifyOptionsPresentKeyword.verifyOptionsPresent(VerifyOptionsPresentKeyword.groovy:72)
	at com.kms.katalon.core.webui.keyword.builtin.VerifyOptionsPresentKeyword.execute(VerifyOptionsPresentKeyword.groovy:38)
	at com.kms.katalon.core.keyword.internal.KeywordExecutor.executeKeywordForPlatform(KeywordExecutor.groovy:74)
	at com.kms.katalon.core.webui.keyword.WebUiBuiltInKeywords.verifyOptionsPresent(WebUiBuiltInKeywords.groovy:4716)
	at com.kms.katalon.core.webui.keyword.WebUiBuiltInKeywords$verifyOptionsPresent$7.call(Unknown Source)
	at VerifySearchTransactions_UI_TC.run(VerifySearchTransactions_UI_TC:102)
	at com.kms.katalon.core.main.ScriptEngine.run(ScriptEngine.java:194)
	at com.kms.katalon.core.main.ScriptEngine.runScriptAsRawText(ScriptEngine.java:119)
	at com.kms.katalon.core.main.TestCaseExecutor.runScript(TestCaseExecutor.java:442)
	at com.kms.katalon.core.main.TestCaseExecutor.doExecute(TestCaseExecutor.java:433)
	at com.kms.katalon.core.main.TestCaseExecutor.processExecutionPhase(TestCaseExecutor.java:412)
	at com.kms.katalon.core.main.TestCaseExecutor.accessMainPhase(TestCaseExecutor.java:404)
	at com.kms.katalon.core.main.TestCaseExecutor.execute(TestCaseExecutor.java:281)
	at com.kms.katalon.core.main.TestSuiteExecutor.accessTestCaseMainPhase(TestSuiteExecutor.java:202)
	at com.kms.katalon.core.main.TestSuiteExecutor.accessTestSuiteMainPhase(TestSuiteExecutor.java:164)
	at com.kms.katalon.core.main.TestSuiteExecutor.execute(TestSuiteExecutor.java:105)
	at com.kms.katalon.core.main.TestCaseMain.startTestSuite(TestCaseMain.java:185)
	at com.kms.katalon.core.main.TestCaseMain$startTestSuite$0.call(Unknown Source)
	at TempTestSuite1656641661317.run(TempTestSuite1656641661317.groovy:36)
Caused by: com.kms.katalon.core.webui.exception.WebElementNotFoundException: Web element with id: 'Object Repository/AdminSuiteBootstrap_Pages/VT_Bootstrap/CCCreditOrVoidSearch/select_SearchBy' located by '//*[@name = 'searchField' and (text() = '
																Remittance ID
																Payment ID
																CC last 4 digit
																ACH last 4 digit
																Email Address
																Amount
																Payer Name
																Client Account Number
																
																UDF Label:
																	UDF1
																
																UDF Label:
																	UDF2
																
																UDF Label:
																	UDF3
																
																UDF Label:
																	UDF4
																
																UDF Label:
																	UDF5
																
																UDF Label:
																	UDF6
																
																UDF Label:
																	UDF7
																
																UDF Label:
																	UDF8
																
																UDF Label:
																	UDF9
																
																UDF Label:
																	UDF 10
																
															' or . = '
																Remittance ID
																Payment ID
																CC last 4 digit
																ACH last 4 digit
																Email Address
																Amount
																Payer Name
																Client Account Number
																
																UDF Label:
																	UDF1
																
																UDF Label:
																	UDF2
																
																UDF Label:
																	UDF3
																
																UDF Label:
																	UDF4
																
																UDF Label:
																	UDF5
																
																UDF Label:
																	UDF6
																
																UDF Label:
																	UDF7
																
																UDF Label:
																	UDF8
																
																UDF Label:
																	UDF9
																
																UDF Label:
																	UDF 10
																
															')]' not found
	at com.kms.katalon.core.webui.common.WebUiCommonHelper.findWebElement(WebUiCommonHelper.java:1370)
	at com.kms.katalon.core.webui.keyword.internal.WebUIAbstractKeyword.findWebElement(WebUIAbstractKeyword.groovy:27)
	at com.kms.katalon.core.webui.keyword.builtin.VerifyOptionsPresentKeyword$_verifyOptionsPresent_closure1.doCall(VerifyOptionsPresentKeyword.groovy:50)
	at com.kms.katalon.core.webui.keyword.builtin.VerifyOptionsPresentKeyword$_verifyOptionsPresent_closure1.call(VerifyOptionsPresentKeyword.groovy)
	at com.kms.katalon.core.webui.keyword.internal.WebUIKeywordMain.runKeyword(WebUIKeywordMain.groovy:20)
	at com.kms.katalon.core.webui.keyword.builtin.VerifyOptionsPresentKeyword.verifyOptionsPresent(VerifyOptionsPresentKeyword.groovy:72)
	at com.kms.katalon.core.webui.keyword.builtin.VerifyOptionsPresentKeyword.execute(VerifyOptionsPresentKeyword.groovy:38)
	at com.kms.katalon.core.keyword.internal.KeywordExecutor.executeKeywordForPlatform(KeywordExecutor.groovy:74)
	at com.kms.katalon.core.webui.keyword.WebUiBuiltInKeywords.verifyOptionsPresent(WebUiBuiltInKeywords.groovy:4716)
	at com.kms.katalon.core.webui.keyword.WebUiBuiltInKeywords$verifyOptionsPresent$7.call(Unknown Source)
	at Script1648586498920.run(Script1648586498920.groovy:102)
	... 13 more
)
[[ATTACHMENT|E:\\Cloned-Project-Katalon\\VPS-Katalon\\Reports\\20220630_221407\\QA\\VT-Bootstrap\\AdminSuiteBootstrap_UI_TestSuite\\20220630_221421\\1656681126845.png]]

2022-07-01 09:12:07 - [TEST_STEP][FAILED] - verifyElementPresent(findTestObject(path_CCSearch + "input_Search By_searchValue"), 10): com.kms.katalon.core.webui.exception.WebElementNotFoundException: Web element with id: 'Object Repository/AdminSuiteBootstrap_Pages/VT_Bootstrap/CCCreditOrVoidSearch/input_Search By_searchValue' located by '//*[@type = 'text' and @placeholder = 'searchValue' and @name = 'searchValue']' not found (Root cause: com.kms.katalon.core.exception.StepFailedException: com.kms.katalon.core.webui.exception.WebElementNotFoundException: Web element with id: 'Object Repository/AdminSuiteBootstrap_Pages/VT_Bootstrap/CCCreditOrVoidSearch/input_Search By_searchValue' located by '//*[@type = 'text' and @placeholder = 'searchValue' and @name = 'searchValue']' not found
	at com.kms.katalon.core.webui.keyword.internal.WebUIKeywordMain.stepFailed(WebUIKeywordMain.groovy:64)
	at com.kms.katalon.core.webui.keyword.builtin.VerifyElementPresentKeyword$_verifyElementPresent_closure1.doCall(VerifyElementPresentKeyword.groovy:85)
	at com.kms.katalon.core.webui.keyword.builtin.VerifyElementPresentKeyword$_verifyElementPresent_closure1.call(VerifyElementPresentKeyword.groovy)
	at com.kms.katalon.core.webui.keyword.internal.WebUIKeywordMain.runKeyword(WebUIKeywordMain.groovy:20)
	at com.kms.katalon.core.webui.keyword.builtin.VerifyElementPresentKeyword.verifyElementPresent(VerifyElementPresentKeyword.groovy:92)
	at com.kms.katalon.core.webui.keyword.builtin.VerifyElementPresentKeyword.execute(VerifyElementPresentKeyword.groovy:68)
	at com.kms.katalon.core.keyword.internal.KeywordExecutor.executeKeywordForPlatform(KeywordExecutor.groovy:74)
	at com.kms.katalon.core.webui.keyword.WebUiBuiltInKeywords.verifyElementPresent(WebUiBuiltInKeywords.groovy:1464)
	at com.kms.katalon.core.webui.keyword.WebUiBuiltInKeywords$verifyElementPresent$1.call(Unknown Source)
	at VerifySearchTransactions_UI_TC.run(VerifySearchTransactions_UI_TC:106)
	at com.kms.katalon.core.main.ScriptEngine.run(ScriptEngine.java:194)
	at com.kms.katalon.core.main.ScriptEngine.runScriptAsRawText(ScriptEngine.java:119)
	at com.kms.katalon.core.main.TestCaseExecutor.runScript(TestCaseExecutor.java:442)
	at com.kms.katalon.core.main.TestCaseExecutor.doExecute(TestCaseExecutor.java:433)
	at com.kms.katalon.core.main.TestCaseExecutor.processExecutionPhase(TestCaseExecutor.java:412)
	at com.kms.katalon.core.main.TestCaseExecutor.accessMainPhase(TestCaseExecutor.java:404)
	at com.kms.katalon.core.main.TestCaseExecutor.execute(TestCaseExecutor.java:281)
	at com.kms.katalon.core.main.TestSuiteExecutor.accessTestCaseMainPhase(TestSuiteExecutor.java:202)
	at com.kms.katalon.core.main.TestSuiteExecutor.accessTestSuiteMainPhase(TestSuiteExecutor.java:164)
	at com.kms.katalon.core.main.TestSuiteExecutor.execute(TestSuiteExecutor.java:105)
	at com.kms.katalon.core.main.TestCaseMain.startTestSuite(TestCaseMain.java:185)
	at com.kms.katalon.core.main.TestCaseMain$startTestSuite$0.call(Unknown Source)
	at TempTestSuite1656641661317.run(TempTestSuite1656641661317.groovy:36)
)

2022-07-01 09:12:18 - [MESSAGE][INFO] - Unable to find the element located by 'By.xpath: //*[@type = 'text' and @placeholder = 'searchValue' and @name = 'searchValue']'. Please recheck the objects properties to make sure the desired element is located. 

2022-07-01 09:12:18 - [MESSAGE][FAILED] - com.kms.katalon.core.webui.exception.WebElementNotFoundException: Web element with id: 'Object Repository/AdminSuiteBootstrap_Pages/VT_Bootstrap/CCCreditOrVoidSearch/input_Search By_searchValue' located by '//*[@type = 'text' and @placeholder = 'searchValue' and @name = 'searchValue']' not found (Root cause: com.kms.katalon.core.exception.StepFailedException: com.kms.katalon.core.webui.exception.WebElementNotFoundException: Web element with id: 'Object Repository/AdminSuiteBootstrap_Pages/VT_Bootstrap/CCCreditOrVoidSearch/input_Search By_searchValue' located by '//*[@type = 'text' and @placeholder = 'searchValue' and @name = 'searchValue']' not found
	at com.kms.katalon.core.webui.keyword.internal.WebUIKeywordMain.stepFailed(WebUIKeywordMain.groovy:64)
	at com.kms.katalon.core.webui.keyword.builtin.VerifyElementPresentKeyword$_verifyElementPresent_closure1.doCall(VerifyElementPresentKeyword.groovy:85)
	at com.kms.katalon.core.webui.keyword.builtin.VerifyElementPresentKeyword$_verifyElementPresent_closure1.call(VerifyElementPresentKeyword.groovy)
	at com.kms.katalon.core.webui.keyword.internal.WebUIKeywordMain.runKeyword(WebUIKeywordMain.groovy:20)
	at com.kms.katalon.core.webui.keyword.builtin.VerifyElementPresentKeyword.verifyElementPresent(VerifyElementPresentKeyword.groovy:92)
	at com.kms.katalon.core.webui.keyword.builtin.VerifyElementPresentKeyword.execute(VerifyElementPresentKeyword.groovy:68)
	at com.kms.katalon.core.keyword.internal.KeywordExecutor.executeKeywordForPlatform(KeywordExecutor.groovy:74)
	at com.kms.katalon.core.webui.keyword.WebUiBuiltInKeywords.verifyElementPresent(WebUiBuiltInKeywords.groovy:1464)
	at com.kms.katalon.core.webui.keyword.WebUiBuiltInKeywords$verifyElementPresent$1.call(Unknown Source)
	at VerifySearchTransactions_UI_TC.run(VerifySearchTransactions_UI_TC:106)
	at com.kms.katalon.core.main.ScriptEngine.run(ScriptEngine.java:194)
	at com.kms.katalon.core.main.ScriptEngine.runScriptAsRawText(ScriptEngine.java:119)
	at com.kms.katalon.core.main.TestCaseExecutor.runScript(TestCaseExecutor.java:442)
	at com.kms.katalon.core.main.TestCaseExecutor.doExecute(TestCaseExecutor.java:433)
	at com.kms.katalon.core.main.TestCaseExecutor.processExecutionPhase(TestCaseExecutor.java:412)
	at com.kms.katalon.core.main.TestCaseExecutor.accessMainPhase(TestCaseExecutor.java:404)
	at com.kms.katalon.core.main.TestCaseExecutor.execute(TestCaseExecutor.java:281)
	at com.kms.katalon.core.main.TestSuiteExecutor.accessTestCaseMainPhase(TestSuiteExecutor.java:202)
	at com.kms.katalon.core.main.TestSuiteExecutor.accessTestSuiteMainPhase(TestSuiteExecutor.java:164)
	at com.kms.katalon.core.main.TestSuiteExecutor.execute(TestSuiteExecutor.java:105)
	at com.kms.katalon.core.main.TestCaseMain.startTestSuite(TestCaseMain.java:185)
	at com.kms.katalon.core.main.TestCaseMain$startTestSuite$0.call(Unknown Source)
	at TempTestSuite1656641661317.run(TempTestSuite1656641661317.groovy:36)
)
[[ATTACHMENT|E:\\Cloned-Project-Katalon\\VPS-Katalon\\Reports\\20220630_221407\\QA\\VT-Bootstrap\\AdminSuiteBootstrap_UI_TestSuite\\20220630_221421\\1656681138255.png]]

2022-07-01 09:12:18 - [TEST_STEP][FAILED] - verifyTextPresent("Advanced Search", true): Text 'Advanced Search' is not present on page  using regular expression (Root cause: com.kms.katalon.core.exception.StepFailedException: Text 'Advanced Search' is not present on page  using regular expression
	at com.kms.katalon.core.webui.keyword.internal.WebUIKeywordMain.stepFailed(WebUIKeywordMain.groovy:64)
	at com.kms.katalon.core.webui.keyword.builtin.VerifyTextPresentKeyword$_verifyTextPresent_closure1.doCall(VerifyTextPresentKeyword.groovy:79)
	at com.kms.katalon.core.webui.keyword.builtin.VerifyTextPresentKeyword$_verifyTextPresent_closure1.call(VerifyTextPresentKeyword.groovy)
	at com.kms.katalon.core.webui.keyword.internal.WebUIKeywordMain.runKeyword(WebUIKeywordMain.groovy:20)
	at com.kms.katalon.core.webui.keyword.builtin.VerifyTextPresentKeyword.verifyTextPresent(VerifyTextPresentKeyword.groovy:83)
	at com.kms.katalon.core.webui.keyword.builtin.VerifyTextPresentKeyword.execute(VerifyTextPresentKeyword.groovy:68)
	at com.kms.katalon.core.keyword.internal.KeywordExecutor.executeKeywordForPlatform(KeywordExecutor.groovy:74)
	at com.kms.katalon.core.webui.keyword.WebUiBuiltInKeywords.verifyTextPresent(WebUiBuiltInKeywords.groovy:1723)
	at com.kms.katalon.core.webui.keyword.WebUiBuiltInKeywords$verifyTextPresent$5.call(Unknown Source)
	at VerifySearchTransactions_UI_TC.run(VerifySearchTransactions_UI_TC:109)
	at com.kms.katalon.core.main.ScriptEngine.run(ScriptEngine.java:194)
	at com.kms.katalon.core.main.ScriptEngine.runScriptAsRawText(ScriptEngine.java:119)
	at com.kms.katalon.core.main.TestCaseExecutor.runScript(TestCaseExecutor.java:442)
	at com.kms.katalon.core.main.TestCaseExecutor.doExecute(TestCaseExecutor.java:433)
	at com.kms.katalon.core.main.TestCaseExecutor.processExecutionPhase(TestCaseExecutor.java:412)
	at com.kms.katalon.core.main.TestCaseExecutor.accessMainPhase(TestCaseExecutor.java:404)
	at com.kms.katalon.core.main.TestCaseExecutor.execute(TestCaseExecutor.java:281)
	at com.kms.katalon.core.main.TestSuiteExecutor.accessTestCaseMainPhase(TestSuiteExecutor.java:202)
	at com.kms.katalon.core.main.TestSuiteExecutor.accessTestSuiteMainPhase(TestSuiteExecutor.java:164)
	at com.kms.katalon.core.main.TestSuiteExecutor.execute(TestSuiteExecutor.java:105)
	at com.kms.katalon.core.main.TestCaseMain.startTestSuite(TestCaseMain.java:185)
	at com.kms.katalon.core.main.TestCaseMain$startTestSuite$0.call(Unknown Source)
	at TempTestSuite1656641661317.run(TempTestSuite1656641661317.groovy:36)
)

2022-07-01 09:12:18 - [MESSAGE][FAILED] - Text 'Advanced Search' is not present on page  using regular expression (Root cause: com.kms.katalon.core.exception.StepFailedException: Text 'Advanced Search' is not present on page  using regular expression
	at com.kms.katalon.core.webui.keyword.internal.WebUIKeywordMain.stepFailed(WebUIKeywordMain.groovy:64)
	at com.kms.katalon.core.webui.keyword.builtin.VerifyTextPresentKeyword$_verifyTextPresent_closure1.doCall(VerifyTextPresentKeyword.groovy:79)
	at com.kms.katalon.core.webui.keyword.builtin.VerifyTextPresentKeyword$_verifyTextPresent_closure1.call(VerifyTextPresentKeyword.groovy)
	at com.kms.katalon.core.webui.keyword.internal.WebUIKeywordMain.runKeyword(WebUIKeywordMain.groovy:20)
	at com.kms.katalon.core.webui.keyword.builtin.VerifyTextPresentKeyword.verifyTextPresent(VerifyTextPresentKeyword.groovy:83)
	at com.kms.katalon.core.webui.keyword.builtin.VerifyTextPresentKeyword.execute(VerifyTextPresentKeyword.groovy:68)
	at com.kms.katalon.core.keyword.internal.KeywordExecutor.executeKeywordForPlatform(KeywordExecutor.groovy:74)
	at com.kms.katalon.core.webui.keyword.WebUiBuiltInKeywords.verifyTextPresent(WebUiBuiltInKeywords.groovy:1723)
	at com.kms.katalon.core.webui.keyword.WebUiBuiltInKeywords$verifyTextPresent$5.call(Unknown Source)
	at VerifySearchTransactions_UI_TC.run(VerifySearchTransactions_UI_TC:109)
	at com.kms.katalon.core.main.ScriptEngine.run(ScriptEngine.java:194)
	at com.kms.katalon.core.main.ScriptEngine.runScriptAsRawText(ScriptEngine.java:119)
	at com.kms.katalon.core.main.TestCaseExecutor.runScript(TestCaseExecutor.java:442)
	at com.kms.katalon.core.main.TestCaseExecutor.doExecute(TestCaseExecutor.java:433)
	at com.kms.katalon.core.main.TestCaseExecutor.processExecutionPhase(TestCaseExecutor.java:412)
	at com.kms.katalon.core.main.TestCaseExecutor.accessMainPhase(TestCaseExecutor.java:404)
	at com.kms.katalon.core.main.TestCaseExecutor.execute(TestCaseExecutor.java:281)
	at com.kms.katalon.core.main.TestSuiteExecutor.accessTestCaseMainPhase(TestSuiteExecutor.java:202)
	at com.kms.katalon.core.main.TestSuiteExecutor.accessTestSuiteMainPhase(TestSuiteExecutor.java:164)
	at com.kms.katalon.core.main.TestSuiteExecutor.execute(TestSuiteExecutor.java:105)
	at com.kms.katalon.core.main.TestCaseMain.startTestSuite(TestCaseMain.java:185)
	at com.kms.katalon.core.main.TestCaseMain$startTestSuite$0.call(Unknown Source)
	at TempTestSuite1656641661317.run(TempTestSuite1656641661317.groovy:36)
)

2022-07-01 09:12:18 - [TEST_STEP][FAILED] - verifyElementPresent(findTestObject(path_CCSearch + "input_Search Value_wildcard"), 10): com.kms.katalon.core.webui.exception.WebElementNotFoundException: Web element with id: 'Object Repository/AdminSuiteBootstrap_Pages/VT_Bootstrap/CCCreditOrVoidSearch/input_Search Value_wildcard' located by '//*[@type = 'checkbox' and @name = 'wildcard']' not found (Root cause: com.kms.katalon.core.exception.StepFailedException: com.kms.katalon.core.webui.exception.WebElementNotFoundException: Web element with id: 'Object Repository/AdminSuiteBootstrap_Pages/VT_Bootstrap/CCCreditOrVoidSearch/input_Search Value_wildcard' located by '//*[@type = 'checkbox' and @name = 'wildcard']' not found
	at com.kms.katalon.core.webui.keyword.internal.WebUIKeywordMain.stepFailed(WebUIKeywordMain.groovy:64)
	at com.kms.katalon.core.webui.keyword.builtin.VerifyElementPresentKeyword$_verifyElementPresent_closure1.doCall(VerifyElementPresentKeyword.groovy:85)
	at com.kms.katalon.core.webui.keyword.builtin.VerifyElementPresentKeyword$_verifyElementPresent_closure1.call(VerifyElementPresentKeyword.groovy)
	at com.kms.katalon.core.webui.keyword.internal.WebUIKeywordMain.runKeyword(WebUIKeywordMain.groovy:20)
	at com.kms.katalon.core.webui.keyword.builtin.VerifyElementPresentKeyword.verifyElementPresent(VerifyElementPresentKeyword.groovy:92)
	at com.kms.katalon.core.webui.keyword.builtin.VerifyElementPresentKeyword.execute(VerifyElementPresentKeyword.groovy:68)
	at com.kms.katalon.core.keyword.internal.KeywordExecutor.executeKeywordForPlatform(KeywordExecutor.groovy:74)
	at com.kms.katalon.core.webui.keyword.WebUiBuiltInKeywords.verifyElementPresent(WebUiBuiltInKeywords.groovy:1464)
	at com.kms.katalon.core.webui.keyword.WebUiBuiltInKeywords$verifyElementPresent$1.call(Unknown Source)
	at VerifySearchTransactions_UI_TC.run(VerifySearchTransactions_UI_TC:110)
	at com.kms.katalon.core.main.ScriptEngine.run(ScriptEngine.java:194)
	at com.kms.katalon.core.main.ScriptEngine.runScriptAsRawText(ScriptEngine.java:119)
	at com.kms.katalon.core.main.TestCaseExecutor.runScript(TestCaseExecutor.java:442)
	at com.kms.katalon.core.main.TestCaseExecutor.doExecute(TestCaseExecutor.java:433)
	at com.kms.katalon.core.main.TestCaseExecutor.processExecutionPhase(TestCaseExecutor.java:412)
	at com.kms.katalon.core.main.TestCaseExecutor.accessMainPhase(TestCaseExecutor.java:404)
	at com.kms.katalon.core.main.TestCaseExecutor.execute(TestCaseExecutor.java:281)
	at com.kms.katalon.core.main.TestSuiteExecutor.accessTestCaseMainPhase(TestSuiteExecutor.java:202)
	at com.kms.katalon.core.main.TestSuiteExecutor.accessTestSuiteMainPhase(TestSuiteExecutor.java:164)
	at com.kms.katalon.core.main.TestSuiteExecutor.execute(TestSuiteExecutor.java:105)
	at com.kms.katalon.core.main.TestCaseMain.startTestSuite(TestCaseMain.java:185)
	at com.kms.katalon.core.main.TestCaseMain$startTestSuite$0.call(Unknown Source)
	at TempTestSuite1656641661317.run(TempTestSuite1656641661317.groovy:36)
)

2022-07-01 09:12:30 - [MESSAGE][INFO] - Unable to find the element located by 'By.xpath: //*[@type = 'checkbox' and @name = 'wildcard']'. Please recheck the objects properties to make sure the desired element is located. 

2022-07-01 09:12:30 - [MESSAGE][FAILED] - com.kms.katalon.core.webui.exception.WebElementNotFoundException: Web element with id: 'Object Repository/AdminSuiteBootstrap_Pages/VT_Bootstrap/CCCreditOrVoidSearch/input_Search Value_wildcard' located by '//*[@type = 'checkbox' and @name = 'wildcard']' not found (Root cause: com.kms.katalon.core.exception.StepFailedException: com.kms.katalon.core.webui.exception.WebElementNotFoundException: Web element with id: 'Object Repository/AdminSuiteBootstrap_Pages/VT_Bootstrap/CCCreditOrVoidSearch/input_Search Value_wildcard' located by '//*[@type = 'checkbox' and @name = 'wildcard']' not found
	at com.kms.katalon.core.webui.keyword.internal.WebUIKeywordMain.stepFailed(WebUIKeywordMain.groovy:64)
	at com.kms.katalon.core.webui.keyword.builtin.VerifyElementPresentKeyword$_verifyElementPresent_closure1.doCall(VerifyElementPresentKeyword.groovy:85)
	at com.kms.katalon.core.webui.keyword.builtin.VerifyElementPresentKeyword$_verifyElementPresent_closure1.call(VerifyElementPresentKeyword.groovy)
	at com.kms.katalon.core.webui.keyword.internal.WebUIKeywordMain.runKeyword(WebUIKeywordMain.groovy:20)
	at com.kms.katalon.core.webui.keyword.builtin.VerifyElementPresentKeyword.verifyElementPresent(VerifyElementPresentKeyword.groovy:92)
	at com.kms.katalon.core.webui.keyword.builtin.VerifyElementPresentKeyword.execute(VerifyElementPresentKeyword.groovy:68)
	at com.kms.katalon.core.keyword.internal.KeywordExecutor.executeKeywordForPlatform(KeywordExecutor.groovy:74)
	at com.kms.katalon.core.webui.keyword.WebUiBuiltInKeywords.verifyElementPresent(WebUiBuiltInKeywords.groovy:1464)
	at com.kms.katalon.core.webui.keyword.WebUiBuiltInKeywords$verifyElementPresent$1.call(Unknown Source)
	at VerifySearchTransactions_UI_TC.run(VerifySearchTransactions_UI_TC:110)
	at com.kms.katalon.core.main.ScriptEngine.run(ScriptEngine.java:194)
	at com.kms.katalon.core.main.ScriptEngine.runScriptAsRawText(ScriptEngine.java:119)
	at com.kms.katalon.core.main.TestCaseExecutor.runScript(TestCaseExecutor.java:442)
	at com.kms.katalon.core.main.TestCaseExecutor.doExecute(TestCaseExecutor.java:433)
	at com.kms.katalon.core.main.TestCaseExecutor.processExecutionPhase(TestCaseExecutor.java:412)
	at com.kms.katalon.core.main.TestCaseExecutor.accessMainPhase(TestCaseExecutor.java:404)
	at com.kms.katalon.core.main.TestCaseExecutor.execute(TestCaseExecutor.java:281)
	at com.kms.katalon.core.main.TestSuiteExecutor.accessTestCaseMainPhase(TestSuiteExecutor.java:202)
	at com.kms.katalon.core.main.TestSuiteExecutor.accessTestSuiteMainPhase(TestSuiteExecutor.java:164)
	at com.kms.katalon.core.main.TestSuiteExecutor.execute(TestSuiteExecutor.java:105)
	at com.kms.katalon.core.main.TestCaseMain.startTestSuite(TestCaseMain.java:185)
	at com.kms.katalon.core.main.TestCaseMain$startTestSuite$0.call(Unknown Source)
	at TempTestSuite1656641661317.run(TempTestSuite1656641661317.groovy:36)
)
[[ATTACHMENT|E:\\Cloned-Project-Katalon\\VPS-Katalon\\Reports\\20220630_221407\\QA\\VT-Bootstrap\\AdminSuiteBootstrap_UI_TestSuite\\20220630_221421\\1656681150081.png]]

2022-07-01 09:12:30 - [TEST_STEP][FAILED] - verifyElementPresent(findTestObject(path_CCSearch + "input_StartCalendar"), 10): com.kms.katalon.core.webui.exception.WebElementNotFoundException: Web element with id: 'Object Repository/AdminSuiteBootstrap_Pages/VT_Bootstrap/CCCreditOrVoidSearch/input_StartCalendar' located by '//*[@name = 'startDateStr' and @id = 'startD']' not found (Root cause: com.kms.katalon.core.exception.StepFailedException: com.kms.katalon.core.webui.exception.WebElementNotFoundException: Web element with id: 'Object Repository/AdminSuiteBootstrap_Pages/VT_Bootstrap/CCCreditOrVoidSearch/input_StartCalendar' located by '//*[@name = 'startDateStr' and @id = 'startD']' not found
	at com.kms.katalon.core.webui.keyword.internal.WebUIKeywordMain.stepFailed(WebUIKeywordMain.groovy:64)
	at com.kms.katalon.core.webui.keyword.builtin.VerifyElementPresentKeyword$_verifyElementPresent_closure1.doCall(VerifyElementPresentKeyword.groovy:85)
	at com.kms.katalon.core.webui.keyword.builtin.VerifyElementPresentKeyword$_verifyElementPresent_closure1.call(VerifyElementPresentKeyword.groovy)
	at com.kms.katalon.core.webui.keyword.internal.WebUIKeywordMain.runKeyword(WebUIKeywordMain.groovy:20)
	at com.kms.katalon.core.webui.keyword.builtin.VerifyElementPresentKeyword.verifyElementPresent(VerifyElementPresentKeyword.groovy:92)
	at com.kms.katalon.core.webui.keyword.builtin.VerifyElementPresentKeyword.execute(VerifyElementPresentKeyword.groovy:68)
	at com.kms.katalon.core.keyword.internal.KeywordExecutor.executeKeywordForPlatform(KeywordExecutor.groovy:74)
	at com.kms.katalon.core.webui.keyword.WebUiBuiltInKeywords.verifyElementPresent(WebUiBuiltInKeywords.groovy:1464)
	at com.kms.katalon.core.webui.keyword.WebUiBuiltInKeywords$verifyElementPresent$1.call(Unknown Source)
	at VerifySearchTransactions_UI_TC.run(VerifySearchTransactions_UI_TC:114)
	at com.kms.katalon.core.main.ScriptEngine.run(ScriptEngine.java:194)
	at com.kms.katalon.core.main.ScriptEngine.runScriptAsRawText(ScriptEngine.java:119)
	at com.kms.katalon.core.main.TestCaseExecutor.runScript(TestCaseExecutor.java:442)
	at com.kms.katalon.core.main.TestCaseExecutor.doExecute(TestCaseExecutor.java:433)
	at com.kms.katalon.core.main.TestCaseExecutor.processExecutionPhase(TestCaseExecutor.java:412)
	at com.kms.katalon.core.main.TestCaseExecutor.accessMainPhase(TestCaseExecutor.java:404)
	at com.kms.katalon.core.main.TestCaseExecutor.execute(TestCaseExecutor.java:281)
	at com.kms.katalon.core.main.TestSuiteExecutor.accessTestCaseMainPhase(TestSuiteExecutor.java:202)
	at com.kms.katalon.core.main.TestSuiteExecutor.accessTestSuiteMainPhase(TestSuiteExecutor.java:164)
	at com.kms.katalon.core.main.TestSuiteExecutor.execute(TestSuiteExecutor.java:105)
	at com.kms.katalon.core.main.TestCaseMain.startTestSuite(TestCaseMain.java:185)
	at com.kms.katalon.core.main.TestCaseMain$startTestSuite$0.call(Unknown Source)
	at TempTestSuite1656641661317.run(TempTestSuite1656641661317.groovy:36)
)

2022-07-01 09:12:41 - [MESSAGE][INFO] - Unable to find the element located by 'By.xpath: //*[@name = 'startDateStr' and @id = 'startD']'. Please recheck the objects properties to make sure the desired element is located. 

2022-07-01 09:12:41 - [MESSAGE][FAILED] - com.kms.katalon.core.webui.exception.WebElementNotFoundException: Web element with id: 'Object Repository/AdminSuiteBootstrap_Pages/VT_Bootstrap/CCCreditOrVoidSearch/input_StartCalendar' located by '//*[@name = 'startDateStr' and @id = 'startD']' not found (Root cause: com.kms.katalon.core.exception.StepFailedException: com.kms.katalon.core.webui.exception.WebElementNotFoundException: Web element with id: 'Object Repository/AdminSuiteBootstrap_Pages/VT_Bootstrap/CCCreditOrVoidSearch/input_StartCalendar' located by '//*[@name = 'startDateStr' and @id = 'startD']' not found
	at com.kms.katalon.core.webui.keyword.internal.WebUIKeywordMain.stepFailed(WebUIKeywordMain.groovy:64)
	at com.kms.katalon.core.webui.keyword.builtin.VerifyElementPresentKeyword$_verifyElementPresent_closure1.doCall(VerifyElementPresentKeyword.groovy:85)
	at com.kms.katalon.core.webui.keyword.builtin.VerifyElementPresentKeyword$_verifyElementPresent_closure1.call(VerifyElementPresentKeyword.groovy)
	at com.kms.katalon.core.webui.keyword.internal.WebUIKeywordMain.runKeyword(WebUIKeywordMain.groovy:20)
	at com.kms.katalon.core.webui.keyword.builtin.VerifyElementPresentKeyword.verifyElementPresent(VerifyElementPresentKeyword.groovy:92)
	at com.kms.katalon.core.webui.keyword.builtin.VerifyElementPresentKeyword.execute(VerifyElementPresentKeyword.groovy:68)
	at com.kms.katalon.core.keyword.internal.KeywordExecutor.executeKeywordForPlatform(KeywordExecutor.groovy:74)
	at com.kms.katalon.core.webui.keyword.WebUiBuiltInKeywords.verifyElementPresent(WebUiBuiltInKeywords.groovy:1464)
	at com.kms.katalon.core.webui.keyword.WebUiBuiltInKeywords$verifyElementPresent$1.call(Unknown Source)
	at VerifySearchTransactions_UI_TC.run(VerifySearchTransactions_UI_TC:114)
	at com.kms.katalon.core.main.ScriptEngine.run(ScriptEngine.java:194)
	at com.kms.katalon.core.main.ScriptEngine.runScriptAsRawText(ScriptEngine.java:119)
	at com.kms.katalon.core.main.TestCaseExecutor.runScript(TestCaseExecutor.java:442)
	at com.kms.katalon.core.main.TestCaseExecutor.doExecute(TestCaseExecutor.java:433)
	at com.kms.katalon.core.main.TestCaseExecutor.processExecutionPhase(TestCaseExecutor.java:412)
	at com.kms.katalon.core.main.TestCaseExecutor.accessMainPhase(TestCaseExecutor.java:404)
	at com.kms.katalon.core.main.TestCaseExecutor.execute(TestCaseExecutor.java:281)
	at com.kms.katalon.core.main.TestSuiteExecutor.accessTestCaseMainPhase(TestSuiteExecutor.java:202)
	at com.kms.katalon.core.main.TestSuiteExecutor.accessTestSuiteMainPhase(TestSuiteExecutor.java:164)
	at com.kms.katalon.core.main.TestSuiteExecutor.execute(TestSuiteExecutor.java:105)
	at com.kms.katalon.core.main.TestCaseMain.startTestSuite(TestCaseMain.java:185)
	at com.kms.katalon.core.main.TestCaseMain$startTestSuite$0.call(Unknown Source)
	at TempTestSuite1656641661317.run(TempTestSuite1656641661317.groovy:36)
)
[[ATTACHMENT|E:\\Cloned-Project-Katalon\\VPS-Katalon\\Reports\\20220630_221407\\QA\\VT-Bootstrap\\AdminSuiteBootstrap_UI_TestSuite\\20220630_221421\\1656681161385.png]]

2022-07-01 09:12:41 - [TEST_STEP][FAILED] - verifyElementPresent(findTestObject(path_CCSearch + "input_EndCalendar"), 10): com.kms.katalon.core.webui.exception.WebElementNotFoundException: Web element with id: 'Object Repository/AdminSuiteBootstrap_Pages/VT_Bootstrap/CCCreditOrVoidSearch/input_EndCalendar' located by '//*[@name = 'endDateStr' and @id = 'endD']' not found (Root cause: com.kms.katalon.core.exception.StepFailedException: com.kms.katalon.core.webui.exception.WebElementNotFoundException: Web element with id: 'Object Repository/AdminSuiteBootstrap_Pages/VT_Bootstrap/CCCreditOrVoidSearch/input_EndCalendar' located by '//*[@name = 'endDateStr' and @id = 'endD']' not found
	at com.kms.katalon.core.webui.keyword.internal.WebUIKeywordMain.stepFailed(WebUIKeywordMain.groovy:64)
	at com.kms.katalon.core.webui.keyword.builtin.VerifyElementPresentKeyword$_verifyElementPresent_closure1.doCall(VerifyElementPresentKeyword.groovy:85)
	at com.kms.katalon.core.webui.keyword.builtin.VerifyElementPresentKeyword$_verifyElementPresent_closure1.call(VerifyElementPresentKeyword.groovy)
	at com.kms.katalon.core.webui.keyword.internal.WebUIKeywordMain.runKeyword(WebUIKeywordMain.groovy:20)
	at com.kms.katalon.core.webui.keyword.builtin.VerifyElementPresentKeyword.verifyElementPresent(VerifyElementPresentKeyword.groovy:92)
	at com.kms.katalon.core.webui.keyword.builtin.VerifyElementPresentKeyword.execute(VerifyElementPresentKeyword.groovy:68)
	at com.kms.katalon.core.keyword.internal.KeywordExecutor.executeKeywordForPlatform(KeywordExecutor.groovy:74)
	at com.kms.katalon.core.webui.keyword.WebUiBuiltInKeywords.verifyElementPresent(WebUiBuiltInKeywords.groovy:1464)
	at com.kms.katalon.core.webui.keyword.WebUiBuiltInKeywords$verifyElementPresent$1.call(Unknown Source)
	at VerifySearchTransactions_UI_TC.run(VerifySearchTransactions_UI_TC:115)
	at com.kms.katalon.core.main.ScriptEngine.run(ScriptEngine.java:194)
	at com.kms.katalon.core.main.ScriptEngine.runScriptAsRawText(ScriptEngine.java:119)
	at com.kms.katalon.core.main.TestCaseExecutor.runScript(TestCaseExecutor.java:442)
	at com.kms.katalon.core.main.TestCaseExecutor.doExecute(TestCaseExecutor.java:433)
	at com.kms.katalon.core.main.TestCaseExecutor.processExecutionPhase(TestCaseExecutor.java:412)
	at com.kms.katalon.core.main.TestCaseExecutor.accessMainPhase(TestCaseExecutor.java:404)
	at com.kms.katalon.core.main.TestCaseExecutor.execute(TestCaseExecutor.java:281)
	at com.kms.katalon.core.main.TestSuiteExecutor.accessTestCaseMainPhase(TestSuiteExecutor.java:202)
	at com.kms.katalon.core.main.TestSuiteExecutor.accessTestSuiteMainPhase(TestSuiteExecutor.java:164)
	at com.kms.katalon.core.main.TestSuiteExecutor.execute(TestSuiteExecutor.java:105)
	at com.kms.katalon.core.main.TestCaseMain.startTestSuite(TestCaseMain.java:185)
	at com.kms.katalon.core.main.TestCaseMain$startTestSuite$0.call(Unknown Source)
	at TempTestSuite1656641661317.run(TempTestSuite1656641661317.groovy:36)
)

2022-07-01 09:12:52 - [MESSAGE][INFO] - Unable to find the element located by 'By.xpath: //*[@name = 'endDateStr' and @id = 'endD']'. Please recheck the objects properties to make sure the desired element is located. 

2022-07-01 09:12:52 - [MESSAGE][FAILED] - com.kms.katalon.core.webui.exception.WebElementNotFoundException: Web element with id: 'Object Repository/AdminSuiteBootstrap_Pages/VT_Bootstrap/CCCreditOrVoidSearch/input_EndCalendar' located by '//*[@name = 'endDateStr' and @id = 'endD']' not found (Root cause: com.kms.katalon.core.exception.StepFailedException: com.kms.katalon.core.webui.exception.WebElementNotFoundException: Web element with id: 'Object Repository/AdminSuiteBootstrap_Pages/VT_Bootstrap/CCCreditOrVoidSearch/input_EndCalendar' located by '//*[@name = 'endDateStr' and @id = 'endD']' not found
	at com.kms.katalon.core.webui.keyword.internal.WebUIKeywordMain.stepFailed(WebUIKeywordMain.groovy:64)
	at com.kms.katalon.core.webui.keyword.builtin.VerifyElementPresentKeyword$_verifyElementPresent_closure1.doCall(VerifyElementPresentKeyword.groovy:85)
	at com.kms.katalon.core.webui.keyword.builtin.VerifyElementPresentKeyword$_verifyElementPresent_closure1.call(VerifyElementPresentKeyword.groovy)
	at com.kms.katalon.core.webui.keyword.internal.WebUIKeywordMain.runKeyword(WebUIKeywordMain.groovy:20)
	at com.kms.katalon.core.webui.keyword.builtin.VerifyElementPresentKeyword.verifyElementPresent(VerifyElementPresentKeyword.groovy:92)
	at com.kms.katalon.core.webui.keyword.builtin.VerifyElementPresentKeyword.execute(VerifyElementPresentKeyword.groovy:68)
	at com.kms.katalon.core.keyword.internal.KeywordExecutor.executeKeywordForPlatform(KeywordExecutor.groovy:74)
	at com.kms.katalon.core.webui.keyword.WebUiBuiltInKeywords.verifyElementPresent(WebUiBuiltInKeywords.groovy:1464)
	at com.kms.katalon.core.webui.keyword.WebUiBuiltInKeywords$verifyElementPresent$1.call(Unknown Source)
	at VerifySearchTransactions_UI_TC.run(VerifySearchTransactions_UI_TC:115)
	at com.kms.katalon.core.main.ScriptEngine.run(ScriptEngine.java:194)
	at com.kms.katalon.core.main.ScriptEngine.runScriptAsRawText(ScriptEngine.java:119)
	at com.kms.katalon.core.main.TestCaseExecutor.runScript(TestCaseExecutor.java:442)
	at com.kms.katalon.core.main.TestCaseExecutor.doExecute(TestCaseExecutor.java:433)
	at com.kms.katalon.core.main.TestCaseExecutor.processExecutionPhase(TestCaseExecutor.java:412)
	at com.kms.katalon.core.main.TestCaseExecutor.accessMainPhase(TestCaseExecutor.java:404)
	at com.kms.katalon.core.main.TestCaseExecutor.execute(TestCaseExecutor.java:281)
	at com.kms.katalon.core.main.TestSuiteExecutor.accessTestCaseMainPhase(TestSuiteExecutor.java:202)
	at com.kms.katalon.core.main.TestSuiteExecutor.accessTestSuiteMainPhase(TestSuiteExecutor.java:164)
	at com.kms.katalon.core.main.TestSuiteExecutor.execute(TestSuiteExecutor.java:105)
	at com.kms.katalon.core.main.TestCaseMain.startTestSuite(TestCaseMain.java:185)
	at com.kms.katalon.core.main.TestCaseMain$startTestSuite$0.call(Unknown Source)
	at TempTestSuite1656641661317.run(TempTestSuite1656641661317.groovy:36)
)
[[ATTACHMENT|E:\\Cloned-Project-Katalon\\VPS-Katalon\\Reports\\20220630_221407\\QA\\VT-Bootstrap\\AdminSuiteBootstrap_UI_TestSuite\\20220630_221421\\1656681172758.png]]

2022-07-01 09:12:53 - [TEST_STEP][FAILED] - verifyElementPresent(findTestObject(path_CCSearch + "option_TransType"), 10): com.kms.katalon.core.webui.exception.WebElementNotFoundException: Web element with id: 'Object Repository/AdminSuiteBootstrap_Pages/VT_Bootstrap/CCCreditOrVoidSearch/option_TransType' located by '//*[(text() = ' Authorization & Capture (Sale) ' or . = ' Authorization & Capture (Sale) ')]' not found (Root cause: com.kms.katalon.core.exception.StepFailedException: com.kms.katalon.core.webui.exception.WebElementNotFoundException: Web element with id: 'Object Repository/AdminSuiteBootstrap_Pages/VT_Bootstrap/CCCreditOrVoidSearch/option_TransType' located by '//*[(text() = ' Authorization & Capture (Sale) ' or . = ' Authorization & Capture (Sale) ')]' not found
	at com.kms.katalon.core.webui.keyword.internal.WebUIKeywordMain.stepFailed(WebUIKeywordMain.groovy:64)
	at com.kms.katalon.core.webui.keyword.builtin.VerifyElementPresentKeyword$_verifyElementPresent_closure1.doCall(VerifyElementPresentKeyword.groovy:85)
	at com.kms.katalon.core.webui.keyword.builtin.VerifyElementPresentKeyword$_verifyElementPresent_closure1.call(VerifyElementPresentKeyword.groovy)
	at com.kms.katalon.core.webui.keyword.internal.WebUIKeywordMain.runKeyword(WebUIKeywordMain.groovy:20)
	at com.kms.katalon.core.webui.keyword.builtin.VerifyElementPresentKeyword.verifyElementPresent(VerifyElementPresentKeyword.groovy:92)
	at com.kms.katalon.core.webui.keyword.builtin.VerifyElementPresentKeyword.execute(VerifyElementPresentKeyword.groovy:68)
	at com.kms.katalon.core.keyword.internal.KeywordExecutor.executeKeywordForPlatform(KeywordExecutor.groovy:74)
	at com.kms.katalon.core.webui.keyword.WebUiBuiltInKeywords.verifyElementPresent(WebUiBuiltInKeywords.groovy:1464)
	at com.kms.katalon.core.webui.keyword.WebUiBuiltInKeywords$verifyElementPresent$1.call(Unknown Source)
	at VerifySearchTransactions_UI_TC.run(VerifySearchTransactions_UI_TC:120)
	at com.kms.katalon.core.main.ScriptEngine.run(ScriptEngine.java:194)
	at com.kms.katalon.core.main.ScriptEngine.runScriptAsRawText(ScriptEngine.java:119)
	at com.kms.katalon.core.main.TestCaseExecutor.runScript(TestCaseExecutor.java:442)
	at com.kms.katalon.core.main.TestCaseExecutor.doExecute(TestCaseExecutor.java:433)
	at com.kms.katalon.core.main.TestCaseExecutor.processExecutionPhase(TestCaseExecutor.java:412)
	at com.kms.katalon.core.main.TestCaseExecutor.accessMainPhase(TestCaseExecutor.java:404)
	at com.kms.katalon.core.main.TestCaseExecutor.execute(TestCaseExecutor.java:281)
	at com.kms.katalon.core.main.TestSuiteExecutor.accessTestCaseMainPhase(TestSuiteExecutor.java:202)
	at com.kms.katalon.core.main.TestSuiteExecutor.accessTestSuiteMainPhase(TestSuiteExecutor.java:164)
	at com.kms.katalon.core.main.TestSuiteExecutor.execute(TestSuiteExecutor.java:105)
	at com.kms.katalon.core.main.TestCaseMain.startTestSuite(TestCaseMain.java:185)
	at com.kms.katalon.core.main.TestCaseMain$startTestSuite$0.call(Unknown Source)
	at TempTestSuite1656641661317.run(TempTestSuite1656641661317.groovy:36)
)

2022-07-01 09:13:04 - [MESSAGE][INFO] - Unable to find the element located by 'By.xpath: //*[(text() = ' Authorization & Capture (Sale) ' or . = ' Authorization & Capture (Sale) ')]'. Please recheck the objects properties to make sure the desired element is located. 

2022-07-01 09:13:04 - [MESSAGE][FAILED] - com.kms.katalon.core.webui.exception.WebElementNotFoundException: Web element with id: 'Object Repository/AdminSuiteBootstrap_Pages/VT_Bootstrap/CCCreditOrVoidSearch/option_TransType' located by '//*[(text() = ' Authorization & Capture (Sale) ' or . = ' Authorization & Capture (Sale) ')]' not found (Root cause: com.kms.katalon.core.exception.StepFailedException: com.kms.katalon.core.webui.exception.WebElementNotFoundException: Web element with id: 'Object Repository/AdminSuiteBootstrap_Pages/VT_Bootstrap/CCCreditOrVoidSearch/option_TransType' located by '//*[(text() = ' Authorization & Capture (Sale) ' or . = ' Authorization & Capture (Sale) ')]' not found
	at com.kms.katalon.core.webui.keyword.internal.WebUIKeywordMain.stepFailed(WebUIKeywordMain.groovy:64)
	at com.kms.katalon.core.webui.keyword.builtin.VerifyElementPresentKeyword$_verifyElementPresent_closure1.doCall(VerifyElementPresentKeyword.groovy:85)
	at com.kms.katalon.core.webui.keyword.builtin.VerifyElementPresentKeyword$_verifyElementPresent_closure1.call(VerifyElementPresentKeyword.groovy)
	at com.kms.katalon.core.webui.keyword.internal.WebUIKeywordMain.runKeyword(WebUIKeywordMain.groovy:20)
	at com.kms.katalon.core.webui.keyword.builtin.VerifyElementPresentKeyword.verifyElementPresent(VerifyElementPresentKeyword.groovy:92)
	at com.kms.katalon.core.webui.keyword.builtin.VerifyElementPresentKeyword.execute(VerifyElementPresentKeyword.groovy:68)
	at com.kms.katalon.core.keyword.internal.KeywordExecutor.executeKeywordForPlatform(KeywordExecutor.groovy:74)
	at com.kms.katalon.core.webui.keyword.WebUiBuiltInKeywords.verifyElementPresent(WebUiBuiltInKeywords.groovy:1464)
	at com.kms.katalon.core.webui.keyword.WebUiBuiltInKeywords$verifyElementPresent$1.call(Unknown Source)
	at VerifySearchTransactions_UI_TC.run(VerifySearchTransactions_UI_TC:120)
	at com.kms.katalon.core.main.ScriptEngine.run(ScriptEngine.java:194)
	at com.kms.katalon.core.main.ScriptEngine.runScriptAsRawText(ScriptEngine.java:119)
	at com.kms.katalon.core.main.TestCaseExecutor.runScript(TestCaseExecutor.java:442)
	at com.kms.katalon.core.main.TestCaseExecutor.doExecute(TestCaseExecutor.java:433)
	at com.kms.katalon.core.main.TestCaseExecutor.processExecutionPhase(TestCaseExecutor.java:412)
	at com.kms.katalon.core.main.TestCaseExecutor.accessMainPhase(TestCaseExecutor.java:404)
	at com.kms.katalon.core.main.TestCaseExecutor.execute(TestCaseExecutor.java:281)
	at com.kms.katalon.core.main.TestSuiteExecutor.accessTestCaseMainPhase(TestSuiteExecutor.java:202)
	at com.kms.katalon.core.main.TestSuiteExecutor.accessTestSuiteMainPhase(TestSuiteExecutor.java:164)
	at com.kms.katalon.core.main.TestSuiteExecutor.execute(TestSuiteExecutor.java:105)
	at com.kms.katalon.core.main.TestCaseMain.startTestSuite(TestCaseMain.java:185)
	at com.kms.katalon.core.main.TestCaseMain$startTestSuite$0.call(Unknown Source)
	at TempTestSuite1656641661317.run(TempTestSuite1656641661317.groovy:36)
)
[[ATTACHMENT|E:\\Cloned-Project-Katalon\\VPS-Katalon\\Reports\\20220630_221407\\QA\\VT-Bootstrap\\AdminSuiteBootstrap_UI_TestSuite\\20220630_221421\\1656681184203.png]]

2022-07-01 09:13:04 - [TEST_STEP][FAILED] - verifyElementPresent(findTestObject(path_CCSearch + "option_Credit_CC"), 10): com.kms.katalon.core.webui.exception.WebElementNotFoundException: Web element with id: 'Object Repository/AdminSuiteBootstrap_Pages/VT_Bootstrap/CCCreditOrVoidSearch/option_Credit_CC' located by '//*[@value = '103' and (text() = ' Credit ' or . = ' Credit ')]' not found (Root cause: com.kms.katalon.core.exception.StepFailedException: com.kms.katalon.core.webui.exception.WebElementNotFoundException: Web element with id: 'Object Repository/AdminSuiteBootstrap_Pages/VT_Bootstrap/CCCreditOrVoidSearch/option_Credit_CC' located by '//*[@value = '103' and (text() = ' Credit ' or . = ' Credit ')]' not found
	at com.kms.katalon.core.webui.keyword.internal.WebUIKeywordMain.stepFailed(WebUIKeywordMain.groovy:64)
	at com.kms.katalon.core.webui.keyword.builtin.VerifyElementPresentKeyword$_verifyElementPresent_closure1.doCall(VerifyElementPresentKeyword.groovy:85)
	at com.kms.katalon.core.webui.keyword.builtin.VerifyElementPresentKeyword$_verifyElementPresent_closure1.call(VerifyElementPresentKeyword.groovy)
	at com.kms.katalon.core.webui.keyword.internal.WebUIKeywordMain.runKeyword(WebUIKeywordMain.groovy:20)
	at com.kms.katalon.core.webui.keyword.builtin.VerifyElementPresentKeyword.verifyElementPresent(VerifyElementPresentKeyword.groovy:92)
	at com.kms.katalon.core.webui.keyword.builtin.VerifyElementPresentKeyword.execute(VerifyElementPresentKeyword.groovy:68)
	at com.kms.katalon.core.keyword.internal.KeywordExecutor.executeKeywordForPlatform(KeywordExecutor.groovy:74)
	at com.kms.katalon.core.webui.keyword.WebUiBuiltInKeywords.verifyElementPresent(WebUiBuiltInKeywords.groovy:1464)
	at com.kms.katalon.core.webui.keyword.WebUiBuiltInKeywords$verifyElementPresent$1.call(Unknown Source)
	at VerifySearchTransactions_UI_TC.run(VerifySearchTransactions_UI_TC:121)
	at com.kms.katalon.core.main.ScriptEngine.run(ScriptEngine.java:194)
	at com.kms.katalon.core.main.ScriptEngine.runScriptAsRawText(ScriptEngine.java:119)
	at com.kms.katalon.core.main.TestCaseExecutor.runScript(TestCaseExecutor.java:442)
	at com.kms.katalon.core.main.TestCaseExecutor.doExecute(TestCaseExecutor.java:433)
	at com.kms.katalon.core.main.TestCaseExecutor.processExecutionPhase(TestCaseExecutor.java:412)
	at com.kms.katalon.core.main.TestCaseExecutor.accessMainPhase(TestCaseExecutor.java:404)
	at com.kms.katalon.core.main.TestCaseExecutor.execute(TestCaseExecutor.java:281)
	at com.kms.katalon.core.main.TestSuiteExecutor.accessTestCaseMainPhase(TestSuiteExecutor.java:202)
	at com.kms.katalon.core.main.TestSuiteExecutor.accessTestSuiteMainPhase(TestSuiteExecutor.java:164)
	at com.kms.katalon.core.main.TestSuiteExecutor.execute(TestSuiteExecutor.java:105)
	at com.kms.katalon.core.main.TestCaseMain.startTestSuite(TestCaseMain.java:185)
	at com.kms.katalon.core.main.TestCaseMain$startTestSuite$0.call(Unknown Source)
	at TempTestSuite1656641661317.run(TempTestSuite1656641661317.groovy:36)
)

2022-07-01 09:13:15 - [MESSAGE][INFO] - Unable to find the element located by 'By.xpath: //*[@value = '103' and (text() = ' Credit ' or . = ' Credit ')]'. Please recheck the objects properties to make sure the desired element is located. 

2022-07-01 09:13:16 - [MESSAGE][FAILED] - com.kms.katalon.core.webui.exception.WebElementNotFoundException: Web element with id: 'Object Repository/AdminSuiteBootstrap_Pages/VT_Bootstrap/CCCreditOrVoidSearch/option_Credit_CC' located by '//*[@value = '103' and (text() = ' Credit ' or . = ' Credit ')]' not found (Root cause: com.kms.katalon.core.exception.StepFailedException: com.kms.katalon.core.webui.exception.WebElementNotFoundException: Web element with id: 'Object Repository/AdminSuiteBootstrap_Pages/VT_Bootstrap/CCCreditOrVoidSearch/option_Credit_CC' located by '//*[@value = '103' and (text() = ' Credit ' or . = ' Credit ')]' not found
	at com.kms.katalon.core.webui.keyword.internal.WebUIKeywordMain.stepFailed(WebUIKeywordMain.groovy:64)
	at com.kms.katalon.core.webui.keyword.builtin.VerifyElementPresentKeyword$_verifyElementPresent_closure1.doCall(VerifyElementPresentKeyword.groovy:85)
	at com.kms.katalon.core.webui.keyword.builtin.VerifyElementPresentKeyword$_verifyElementPresent_closure1.call(VerifyElementPresentKeyword.groovy)
	at com.kms.katalon.core.webui.keyword.internal.WebUIKeywordMain.runKeyword(WebUIKeywordMain.groovy:20)
	at com.kms.katalon.core.webui.keyword.builtin.VerifyElementPresentKeyword.verifyElementPresent(VerifyElementPresentKeyword.groovy:92)
	at com.kms.katalon.core.webui.keyword.builtin.VerifyElementPresentKeyword.execute(VerifyElementPresentKeyword.groovy:68)
	at com.kms.katalon.core.keyword.internal.KeywordExecutor.executeKeywordForPlatform(KeywordExecutor.groovy:74)
	at com.kms.katalon.core.webui.keyword.WebUiBuiltInKeywords.verifyElementPresent(WebUiBuiltInKeywords.groovy:1464)
	at com.kms.katalon.core.webui.keyword.WebUiBuiltInKeywords$verifyElementPresent$1.call(Unknown Source)
	at VerifySearchTransactions_UI_TC.run(VerifySearchTransactions_UI_TC:121)
	at com.kms.katalon.core.main.ScriptEngine.run(ScriptEngine.java:194)
	at com.kms.katalon.core.main.ScriptEngine.runScriptAsRawText(ScriptEngine.java:119)
	at com.kms.katalon.core.main.TestCaseExecutor.runScript(TestCaseExecutor.java:442)
	at com.kms.katalon.core.main.TestCaseExecutor.doExecute(TestCaseExecutor.java:433)
	at com.kms.katalon.core.main.TestCaseExecutor.processExecutionPhase(TestCaseExecutor.java:412)
	at com.kms.katalon.core.main.TestCaseExecutor.accessMainPhase(TestCaseExecutor.java:404)
	at com.kms.katalon.core.main.TestCaseExecutor.execute(TestCaseExecutor.java:281)
	at com.kms.katalon.core.main.TestSuiteExecutor.accessTestCaseMainPhase(TestSuiteExecutor.java:202)
	at com.kms.katalon.core.main.TestSuiteExecutor.accessTestSuiteMainPhase(TestSuiteExecutor.java:164)
	at com.kms.katalon.core.main.TestSuiteExecutor.execute(TestSuiteExecutor.java:105)
	at com.kms.katalon.core.main.TestCaseMain.startTestSuite(TestCaseMain.java:185)
	at com.kms.katalon.core.main.TestCaseMain$startTestSuite$0.call(Unknown Source)
	at TempTestSuite1656641661317.run(TempTestSuite1656641661317.groovy:36)
)
[[ATTACHMENT|E:\\Cloned-Project-Katalon\\VPS-Katalon\\Reports\\20220630_221407\\QA\\VT-Bootstrap\\AdminSuiteBootstrap_UI_TestSuite\\20220630_221421\\1656681195753.png]]

2022-07-01 09:13:16 - [TEST_STEP][FAILED] - verifyElementPresent(findTestObject(path_CCSearch + "option_Capture (Sale)"), 10): com.kms.katalon.core.webui.exception.WebElementNotFoundException: Web element with id: 'Object Repository/AdminSuiteBootstrap_Pages/VT_Bootstrap/CCCreditOrVoidSearch/option_Capture (Sale)' located by '//*[(text() = ' Capture (Sale) ' or . = ' Capture (Sale) ')]' not found (Root cause: com.kms.katalon.core.exception.StepFailedException: com.kms.katalon.core.webui.exception.WebElementNotFoundException: Web element with id: 'Object Repository/AdminSuiteBootstrap_Pages/VT_Bootstrap/CCCreditOrVoidSearch/option_Capture (Sale)' located by '//*[(text() = ' Capture (Sale) ' or . = ' Capture (Sale) ')]' not found
	at com.kms.katalon.core.webui.keyword.internal.WebUIKeywordMain.stepFailed(WebUIKeywordMain.groovy:64)
	at com.kms.katalon.core.webui.keyword.builtin.VerifyElementPresentKeyword$_verifyElementPresent_closure1.doCall(VerifyElementPresentKeyword.groovy:85)
	at com.kms.katalon.core.webui.keyword.builtin.VerifyElementPresentKeyword$_verifyElementPresent_closure1.call(VerifyElementPresentKeyword.groovy)
	at com.kms.katalon.core.webui.keyword.internal.WebUIKeywordMain.runKeyword(WebUIKeywordMain.groovy:20)
	at com.kms.katalon.core.webui.keyword.builtin.VerifyElementPresentKeyword.verifyElementPresent(VerifyElementPresentKeyword.groovy:92)
	at com.kms.katalon.core.webui.keyword.builtin.VerifyElementPresentKeyword.execute(VerifyElementPresentKeyword.groovy:68)
	at com.kms.katalon.core.keyword.internal.KeywordExecutor.executeKeywordForPlatform(KeywordExecutor.groovy:74)
	at com.kms.katalon.core.webui.keyword.WebUiBuiltInKeywords.verifyElementPresent(WebUiBuiltInKeywords.groovy:1464)
	at com.kms.katalon.core.webui.keyword.WebUiBuiltInKeywords$verifyElementPresent$1.call(Unknown Source)
	at VerifySearchTransactions_UI_TC.run(VerifySearchTransactions_UI_TC:122)
	at com.kms.katalon.core.main.ScriptEngine.run(ScriptEngine.java:194)
	at com.kms.katalon.core.main.ScriptEngine.runScriptAsRawText(ScriptEngine.java:119)
	at com.kms.katalon.core.main.TestCaseExecutor.runScript(TestCaseExecutor.java:442)
	at com.kms.katalon.core.main.TestCaseExecutor.doExecute(TestCaseExecutor.java:433)
	at com.kms.katalon.core.main.TestCaseExecutor.processExecutionPhase(TestCaseExecutor.java:412)
	at com.kms.katalon.core.main.TestCaseExecutor.accessMainPhase(TestCaseExecutor.java:404)
	at com.kms.katalon.core.main.TestCaseExecutor.execute(TestCaseExecutor.java:281)
	at com.kms.katalon.core.main.TestSuiteExecutor.accessTestCaseMainPhase(TestSuiteExecutor.java:202)
	at com.kms.katalon.core.main.TestSuiteExecutor.accessTestSuiteMainPhase(TestSuiteExecutor.java:164)
	at com.kms.katalon.core.main.TestSuiteExecutor.execute(TestSuiteExecutor.java:105)
	at com.kms.katalon.core.main.TestCaseMain.startTestSuite(TestCaseMain.java:185)
	at com.kms.katalon.core.main.TestCaseMain$startTestSuite$0.call(Unknown Source)
	at TempTestSuite1656641661317.run(TempTestSuite1656641661317.groovy:36)
)

2022-07-01 09:13:27 - [MESSAGE][INFO] - Unable to find the element located by 'By.xpath: //*[(text() = ' Capture (Sale) ' or . = ' Capture (Sale) ')]'. Please recheck the objects properties to make sure the desired element is located. 

2022-07-01 09:13:27 - [MESSAGE][FAILED] - com.kms.katalon.core.webui.exception.WebElementNotFoundException: Web element with id: 'Object Repository/AdminSuiteBootstrap_Pages/VT_Bootstrap/CCCreditOrVoidSearch/option_Capture (Sale)' located by '//*[(text() = ' Capture (Sale) ' or . = ' Capture (Sale) ')]' not found (Root cause: com.kms.katalon.core.exception.StepFailedException: com.kms.katalon.core.webui.exception.WebElementNotFoundException: Web element with id: 'Object Repository/AdminSuiteBootstrap_Pages/VT_Bootstrap/CCCreditOrVoidSearch/option_Capture (Sale)' located by '//*[(text() = ' Capture (Sale) ' or . = ' Capture (Sale) ')]' not found
	at com.kms.katalon.core.webui.keyword.internal.WebUIKeywordMain.stepFailed(WebUIKeywordMain.groovy:64)
	at com.kms.katalon.core.webui.keyword.builtin.VerifyElementPresentKeyword$_verifyElementPresent_closure1.doCall(VerifyElementPresentKeyword.groovy:85)
	at com.kms.katalon.core.webui.keyword.builtin.VerifyElementPresentKeyword$_verifyElementPresent_closure1.call(VerifyElementPresentKeyword.groovy)
	at com.kms.katalon.core.webui.keyword.internal.WebUIKeywordMain.runKeyword(WebUIKeywordMain.groovy:20)
	at com.kms.katalon.core.webui.keyword.builtin.VerifyElementPresentKeyword.verifyElementPresent(VerifyElementPresentKeyword.groovy:92)
	at com.kms.katalon.core.webui.keyword.builtin.VerifyElementPresentKeyword.execute(VerifyElementPresentKeyword.groovy:68)
	at com.kms.katalon.core.keyword.internal.KeywordExecutor.executeKeywordForPlatform(KeywordExecutor.groovy:74)
	at com.kms.katalon.core.webui.keyword.WebUiBuiltInKeywords.verifyElementPresent(WebUiBuiltInKeywords.groovy:1464)
	at com.kms.katalon.core.webui.keyword.WebUiBuiltInKeywords$verifyElementPresent$1.call(Unknown Source)
	at VerifySearchTransactions_UI_TC.run(VerifySearchTransactions_UI_TC:122)
	at com.kms.katalon.core.main.ScriptEngine.run(ScriptEngine.java:194)
	at com.kms.katalon.core.main.ScriptEngine.runScriptAsRawText(ScriptEngine.java:119)
	at com.kms.katalon.core.main.TestCaseExecutor.runScript(TestCaseExecutor.java:442)
	at com.kms.katalon.core.main.TestCaseExecutor.doExecute(TestCaseExecutor.java:433)
	at com.kms.katalon.core.main.TestCaseExecutor.processExecutionPhase(TestCaseExecutor.java:412)
	at com.kms.katalon.core.main.TestCaseExecutor.accessMainPhase(TestCaseExecutor.java:404)
	at com.kms.katalon.core.main.TestCaseExecutor.execute(TestCaseExecutor.java:281)
	at com.kms.katalon.core.main.TestSuiteExecutor.accessTestCaseMainPhase(TestSuiteExecutor.java:202)
	at com.kms.katalon.core.main.TestSuiteExecutor.accessTestSuiteMainPhase(TestSuiteExecutor.java:164)
	at com.kms.katalon.core.main.TestSuiteExecutor.execute(TestSuiteExecutor.java:105)
	at com.kms.katalon.core.main.TestCaseMain.startTestSuite(TestCaseMain.java:185)
	at com.kms.katalon.core.main.TestCaseMain$startTestSuite$0.call(Unknown Source)
	at TempTestSuite1656641661317.run(TempTestSuite1656641661317.groovy:36)
)
[[ATTACHMENT|E:\\Cloned-Project-Katalon\\VPS-Katalon\\Reports\\20220630_221407\\QA\\VT-Bootstrap\\AdminSuiteBootstrap_UI_TestSuite\\20220630_221421\\1656681207334.png]]

2022-07-01 09:13:27 - [TEST_STEP][FAILED] - verifyElementPresent(findTestObject(path_CCSearch + "option_Void_CC"), 10): com.kms.katalon.core.webui.exception.WebElementNotFoundException: Web element with id: 'Object Repository/AdminSuiteBootstrap_Pages/VT_Bootstrap/CCCreditOrVoidSearch/option_Void_CC' located by '//*[@value = '106' and (text() = ' Void ' or . = ' Void ')]' not found (Root cause: com.kms.katalon.core.exception.StepFailedException: com.kms.katalon.core.webui.exception.WebElementNotFoundException: Web element with id: 'Object Repository/AdminSuiteBootstrap_Pages/VT_Bootstrap/CCCreditOrVoidSearch/option_Void_CC' located by '//*[@value = '106' and (text() = ' Void ' or . = ' Void ')]' not found
	at com.kms.katalon.core.webui.keyword.internal.WebUIKeywordMain.stepFailed(WebUIKeywordMain.groovy:64)
	at com.kms.katalon.core.webui.keyword.builtin.VerifyElementPresentKeyword$_verifyElementPresent_closure1.doCall(VerifyElementPresentKeyword.groovy:85)
	at com.kms.katalon.core.webui.keyword.builtin.VerifyElementPresentKeyword$_verifyElementPresent_closure1.call(VerifyElementPresentKeyword.groovy)
	at com.kms.katalon.core.webui.keyword.internal.WebUIKeywordMain.runKeyword(WebUIKeywordMain.groovy:20)
	at com.kms.katalon.core.webui.keyword.builtin.VerifyElementPresentKeyword.verifyElementPresent(VerifyElementPresentKeyword.groovy:92)
	at com.kms.katalon.core.webui.keyword.builtin.VerifyElementPresentKeyword.execute(VerifyElementPresentKeyword.groovy:68)
	at com.kms.katalon.core.keyword.internal.KeywordExecutor.executeKeywordForPlatform(KeywordExecutor.groovy:74)
	at com.kms.katalon.core.webui.keyword.WebUiBuiltInKeywords.verifyElementPresent(WebUiBuiltInKeywords.groovy:1464)
	at com.kms.katalon.core.webui.keyword.WebUiBuiltInKeywords$verifyElementPresent$1.call(Unknown Source)
	at VerifySearchTransactions_UI_TC.run(VerifySearchTransactions_UI_TC:123)
	at com.kms.katalon.core.main.ScriptEngine.run(ScriptEngine.java:194)
	at com.kms.katalon.core.main.ScriptEngine.runScriptAsRawText(ScriptEngine.java:119)
	at com.kms.katalon.core.main.TestCaseExecutor.runScript(TestCaseExecutor.java:442)
	at com.kms.katalon.core.main.TestCaseExecutor.doExecute(TestCaseExecutor.java:433)
	at com.kms.katalon.core.main.TestCaseExecutor.processExecutionPhase(TestCaseExecutor.java:412)
	at com.kms.katalon.core.main.TestCaseExecutor.accessMainPhase(TestCaseExecutor.java:404)
	at com.kms.katalon.core.main.TestCaseExecutor.execute(TestCaseExecutor.java:281)
	at com.kms.katalon.core.main.TestSuiteExecutor.accessTestCaseMainPhase(TestSuiteExecutor.java:202)
	at com.kms.katalon.core.main.TestSuiteExecutor.accessTestSuiteMainPhase(TestSuiteExecutor.java:164)
	at com.kms.katalon.core.main.TestSuiteExecutor.execute(TestSuiteExecutor.java:105)
	at com.kms.katalon.core.main.TestCaseMain.startTestSuite(TestCaseMain.java:185)
	at com.kms.katalon.core.main.TestCaseMain$startTestSuite$0.call(Unknown Source)
	at TempTestSuite1656641661317.run(TempTestSuite1656641661317.groovy:36)
)

2022-07-01 09:13:38 - [MESSAGE][INFO] - Unable to find the element located by 'By.xpath: //*[@value = '106' and (text() = ' Void ' or . = ' Void ')]'. Please recheck the objects properties to make sure the desired element is located. 

2022-07-01 09:13:39 - [MESSAGE][FAILED] - com.kms.katalon.core.webui.exception.WebElementNotFoundException: Web element with id: 'Object Repository/AdminSuiteBootstrap_Pages/VT_Bootstrap/CCCreditOrVoidSearch/option_Void_CC' located by '//*[@value = '106' and (text() = ' Void ' or . = ' Void ')]' not found (Root cause: com.kms.katalon.core.exception.StepFailedException: com.kms.katalon.core.webui.exception.WebElementNotFoundException: Web element with id: 'Object Repository/AdminSuiteBootstrap_Pages/VT_Bootstrap/CCCreditOrVoidSearch/option_Void_CC' located by '//*[@value = '106' and (text() = ' Void ' or . = ' Void ')]' not found
	at com.kms.katalon.core.webui.keyword.internal.WebUIKeywordMain.stepFailed(WebUIKeywordMain.groovy:64)
	at com.kms.katalon.core.webui.keyword.builtin.VerifyElementPresentKeyword$_verifyElementPresent_closure1.doCall(VerifyElementPresentKeyword.groovy:85)
	at com.kms.katalon.core.webui.keyword.builtin.VerifyElementPresentKeyword$_verifyElementPresent_closure1.call(VerifyElementPresentKeyword.groovy)
	at com.kms.katalon.core.webui.keyword.internal.WebUIKeywordMain.runKeyword(WebUIKeywordMain.groovy:20)
	at com.kms.katalon.core.webui.keyword.builtin.VerifyElementPresentKeyword.verifyElementPresent(VerifyElementPresentKeyword.groovy:92)
	at com.kms.katalon.core.webui.keyword.builtin.VerifyElementPresentKeyword.execute(VerifyElementPresentKeyword.groovy:68)
	at com.kms.katalon.core.keyword.internal.KeywordExecutor.executeKeywordForPlatform(KeywordExecutor.groovy:74)
	at com.kms.katalon.core.webui.keyword.WebUiBuiltInKeywords.verifyElementPresent(WebUiBuiltInKeywords.groovy:1464)
	at com.kms.katalon.core.webui.keyword.WebUiBuiltInKeywords$verifyElementPresent$1.call(Unknown Source)
	at VerifySearchTransactions_UI_TC.run(VerifySearchTransactions_UI_TC:123)
	at com.kms.katalon.core.main.ScriptEngine.run(ScriptEngine.java:194)
	at com.kms.katalon.core.main.ScriptEngine.runScriptAsRawText(ScriptEngine.java:119)
	at com.kms.katalon.core.main.TestCaseExecutor.runScript(TestCaseExecutor.java:442)
	at com.kms.katalon.core.main.TestCaseExecutor.doExecute(TestCaseExecutor.java:433)
	at com.kms.katalon.core.main.TestCaseExecutor.processExecutionPhase(TestCaseExecutor.java:412)
	at com.kms.katalon.core.main.TestCaseExecutor.accessMainPhase(TestCaseExecutor.java:404)
	at com.kms.katalon.core.main.TestCaseExecutor.execute(TestCaseExecutor.java:281)
	at com.kms.katalon.core.main.TestSuiteExecutor.accessTestCaseMainPhase(TestSuiteExecutor.java:202)
	at com.kms.katalon.core.main.TestSuiteExecutor.accessTestSuiteMainPhase(TestSuiteExecutor.java:164)
	at com.kms.katalon.core.main.TestSuiteExecutor.execute(TestSuiteExecutor.java:105)
	at com.kms.katalon.core.main.TestCaseMain.startTestSuite(TestCaseMain.java:185)
	at com.kms.katalon.core.main.TestCaseMain$startTestSuite$0.call(Unknown Source)
	at TempTestSuite1656641661317.run(TempTestSuite1656641661317.groovy:36)
)
[[ATTACHMENT|E:\\Cloned-Project-Katalon\\VPS-Katalon\\Reports\\20220630_221407\\QA\\VT-Bootstrap\\AdminSuiteBootstrap_UI_TestSuite\\20220630_221421\\1656681218750.png]]

2022-07-01 09:13:39 - [TEST_STEP][FAILED] - verifyElementPresent(findTestObject(path_CCSearch + "option_Authorization"), 10): com.kms.katalon.core.webui.exception.WebElementNotFoundException: Web element with id: 'Object Repository/AdminSuiteBootstrap_Pages/VT_Bootstrap/CCCreditOrVoidSearch/option_Authorization' located by '//*[(text() = ' Authorization ' or . = ' Authorization ')]' not found (Root cause: com.kms.katalon.core.exception.StepFailedException: com.kms.katalon.core.webui.exception.WebElementNotFoundException: Web element with id: 'Object Repository/AdminSuiteBootstrap_Pages/VT_Bootstrap/CCCreditOrVoidSearch/option_Authorization' located by '//*[(text() = ' Authorization ' or . = ' Authorization ')]' not found
	at com.kms.katalon.core.webui.keyword.internal.WebUIKeywordMain.stepFailed(WebUIKeywordMain.groovy:64)
	at com.kms.katalon.core.webui.keyword.builtin.VerifyElementPresentKeyword$_verifyElementPresent_closure1.doCall(VerifyElementPresentKeyword.groovy:85)
	at com.kms.katalon.core.webui.keyword.builtin.VerifyElementPresentKeyword$_verifyElementPresent_closure1.call(VerifyElementPresentKeyword.groovy)
	at com.kms.katalon.core.webui.keyword.internal.WebUIKeywordMain.runKeyword(WebUIKeywordMain.groovy:20)
	at com.kms.katalon.core.webui.keyword.builtin.VerifyElementPresentKeyword.verifyElementPresent(VerifyElementPresentKeyword.groovy:92)
	at com.kms.katalon.core.webui.keyword.builtin.VerifyElementPresentKeyword.execute(VerifyElementPresentKeyword.groovy:68)
	at com.kms.katalon.core.keyword.internal.KeywordExecutor.executeKeywordForPlatform(KeywordExecutor.groovy:74)
	at com.kms.katalon.core.webui.keyword.WebUiBuiltInKeywords.verifyElementPresent(WebUiBuiltInKeywords.groovy:1464)
	at com.kms.katalon.core.webui.keyword.WebUiBuiltInKeywords$verifyElementPresent$1.call(Unknown Source)
	at VerifySearchTransactions_UI_TC.run(VerifySearchTransactions_UI_TC:124)
	at com.kms.katalon.core.main.ScriptEngine.run(ScriptEngine.java:194)
	at com.kms.katalon.core.main.ScriptEngine.runScriptAsRawText(ScriptEngine.java:119)
	at com.kms.katalon.core.main.TestCaseExecutor.runScript(TestCaseExecutor.java:442)
	at com.kms.katalon.core.main.TestCaseExecutor.doExecute(TestCaseExecutor.java:433)
	at com.kms.katalon.core.main.TestCaseExecutor.processExecutionPhase(TestCaseExecutor.java:412)
	at com.kms.katalon.core.main.TestCaseExecutor.accessMainPhase(TestCaseExecutor.java:404)
	at com.kms.katalon.core.main.TestCaseExecutor.execute(TestCaseExecutor.java:281)
	at com.kms.katalon.core.main.TestSuiteExecutor.accessTestCaseMainPhase(TestSuiteExecutor.java:202)
	at com.kms.katalon.core.main.TestSuiteExecutor.accessTestSuiteMainPhase(TestSuiteExecutor.java:164)
	at com.kms.katalon.core.main.TestSuiteExecutor.execute(TestSuiteExecutor.java:105)
	at com.kms.katalon.core.main.TestCaseMain.startTestSuite(TestCaseMain.java:185)
	at com.kms.katalon.core.main.TestCaseMain$startTestSuite$0.call(Unknown Source)
	at TempTestSuite1656641661317.run(TempTestSuite1656641661317.groovy:36)
)

2022-07-01 09:13:50 - [MESSAGE][INFO] - Unable to find the element located by 'By.xpath: //*[(text() = ' Authorization ' or . = ' Authorization ')]'. Please recheck the objects properties to make sure the desired element is located. 

2022-07-01 09:13:50 - [MESSAGE][FAILED] - com.kms.katalon.core.webui.exception.WebElementNotFoundException: Web element with id: 'Object Repository/AdminSuiteBootstrap_Pages/VT_Bootstrap/CCCreditOrVoidSearch/option_Authorization' located by '//*[(text() = ' Authorization ' or . = ' Authorization ')]' not found (Root cause: com.kms.katalon.core.exception.StepFailedException: com.kms.katalon.core.webui.exception.WebElementNotFoundException: Web element with id: 'Object Repository/AdminSuiteBootstrap_Pages/VT_Bootstrap/CCCreditOrVoidSearch/option_Authorization' located by '//*[(text() = ' Authorization ' or . = ' Authorization ')]' not found
	at com.kms.katalon.core.webui.keyword.internal.WebUIKeywordMain.stepFailed(WebUIKeywordMain.groovy:64)
	at com.kms.katalon.core.webui.keyword.builtin.VerifyElementPresentKeyword$_verifyElementPresent_closure1.doCall(VerifyElementPresentKeyword.groovy:85)
	at com.kms.katalon.core.webui.keyword.builtin.VerifyElementPresentKeyword$_verifyElementPresent_closure1.call(VerifyElementPresentKeyword.groovy)
	at com.kms.katalon.core.webui.keyword.internal.WebUIKeywordMain.runKeyword(WebUIKeywordMain.groovy:20)
	at com.kms.katalon.core.webui.keyword.builtin.VerifyElementPresentKeyword.verifyElementPresent(VerifyElementPresentKeyword.groovy:92)
	at com.kms.katalon.core.webui.keyword.builtin.VerifyElementPresentKeyword.execute(VerifyElementPresentKeyword.groovy:68)
	at com.kms.katalon.core.keyword.internal.KeywordExecutor.executeKeywordForPlatform(KeywordExecutor.groovy:74)
	at com.kms.katalon.core.webui.keyword.WebUiBuiltInKeywords.verifyElementPresent(WebUiBuiltInKeywords.groovy:1464)
	at com.kms.katalon.core.webui.keyword.WebUiBuiltInKeywords$verifyElementPresent$1.call(Unknown Source)
	at VerifySearchTransactions_UI_TC.run(VerifySearchTransactions_UI_TC:124)
	at com.kms.katalon.core.main.ScriptEngine.run(ScriptEngine.java:194)
	at com.kms.katalon.core.main.ScriptEngine.runScriptAsRawText(ScriptEngine.java:119)
	at com.kms.katalon.core.main.TestCaseExecutor.runScript(TestCaseExecutor.java:442)
	at com.kms.katalon.core.main.TestCaseExecutor.doExecute(TestCaseExecutor.java:433)
	at com.kms.katalon.core.main.TestCaseExecutor.processExecutionPhase(TestCaseExecutor.java:412)
	at com.kms.katalon.core.main.TestCaseExecutor.accessMainPhase(TestCaseExecutor.java:404)
	at com.kms.katalon.core.main.TestCaseExecutor.execute(TestCaseExecutor.java:281)
	at com.kms.katalon.core.main.TestSuiteExecutor.accessTestCaseMainPhase(TestSuiteExecutor.java:202)
	at com.kms.katalon.core.main.TestSuiteExecutor.accessTestSuiteMainPhase(TestSuiteExecutor.java:164)
	at com.kms.katalon.core.main.TestSuiteExecutor.execute(TestSuiteExecutor.java:105)
	at com.kms.katalon.core.main.TestCaseMain.startTestSuite(TestCaseMain.java:185)
	at com.kms.katalon.core.main.TestCaseMain$startTestSuite$0.call(Unknown Source)
	at TempTestSuite1656641661317.run(TempTestSuite1656641661317.groovy:36)
)
[[ATTACHMENT|E:\\Cloned-Project-Katalon\\VPS-Katalon\\Reports\\20220630_221407\\QA\\VT-Bootstrap\\AdminSuiteBootstrap_UI_TestSuite\\20220630_221421\\1656681230318.png]]

2022-07-01 09:13:50 - [TEST_STEP][FAILED] - verifyElementPresent(findTestObject(path_CCSearch + "option_Manual Authorization"), 10): com.kms.katalon.core.webui.exception.WebElementNotFoundException: Web element with id: 'Object Repository/AdminSuiteBootstrap_Pages/VT_Bootstrap/CCCreditOrVoidSearch/option_Manual Authorization' located by '//*[(text() = ' Manual Authorization ' or . = ' Manual Authorization ')]' not found (Root cause: com.kms.katalon.core.exception.StepFailedException: com.kms.katalon.core.webui.exception.WebElementNotFoundException: Web element with id: 'Object Repository/AdminSuiteBootstrap_Pages/VT_Bootstrap/CCCreditOrVoidSearch/option_Manual Authorization' located by '//*[(text() = ' Manual Authorization ' or . = ' Manual Authorization ')]' not found
	at com.kms.katalon.core.webui.keyword.internal.WebUIKeywordMain.stepFailed(WebUIKeywordMain.groovy:64)
	at com.kms.katalon.core.webui.keyword.builtin.VerifyElementPresentKeyword$_verifyElementPresent_closure1.doCall(VerifyElementPresentKeyword.groovy:85)
	at com.kms.katalon.core.webui.keyword.builtin.VerifyElementPresentKeyword$_verifyElementPresent_closure1.call(VerifyElementPresentKeyword.groovy)
	at com.kms.katalon.core.webui.keyword.internal.WebUIKeywordMain.runKeyword(WebUIKeywordMain.groovy:20)
	at com.kms.katalon.core.webui.keyword.builtin.VerifyElementPresentKeyword.verifyElementPresent(VerifyElementPresentKeyword.groovy:92)
	at com.kms.katalon.core.webui.keyword.builtin.VerifyElementPresentKeyword.execute(VerifyElementPresentKeyword.groovy:68)
	at com.kms.katalon.core.keyword.internal.KeywordExecutor.executeKeywordForPlatform(KeywordExecutor.groovy:74)
	at com.kms.katalon.core.webui.keyword.WebUiBuiltInKeywords.verifyElementPresent(WebUiBuiltInKeywords.groovy:1464)
	at com.kms.katalon.core.webui.keyword.WebUiBuiltInKeywords$verifyElementPresent$1.call(Unknown Source)
	at VerifySearchTransactions_UI_TC.run(VerifySearchTransactions_UI_TC:125)
	at com.kms.katalon.core.main.ScriptEngine.run(ScriptEngine.java:194)
	at com.kms.katalon.core.main.ScriptEngine.runScriptAsRawText(ScriptEngine.java:119)
	at com.kms.katalon.core.main.TestCaseExecutor.runScript(TestCaseExecutor.java:442)
	at com.kms.katalon.core.main.TestCaseExecutor.doExecute(TestCaseExecutor.java:433)
	at com.kms.katalon.core.main.TestCaseExecutor.processExecutionPhase(TestCaseExecutor.java:412)
	at com.kms.katalon.core.main.TestCaseExecutor.accessMainPhase(TestCaseExecutor.java:404)
	at com.kms.katalon.core.main.TestCaseExecutor.execute(TestCaseExecutor.java:281)
	at com.kms.katalon.core.main.TestSuiteExecutor.accessTestCaseMainPhase(TestSuiteExecutor.java:202)
	at com.kms.katalon.core.main.TestSuiteExecutor.accessTestSuiteMainPhase(TestSuiteExecutor.java:164)
	at com.kms.katalon.core.main.TestSuiteExecutor.execute(TestSuiteExecutor.java:105)
	at com.kms.katalon.core.main.TestCaseMain.startTestSuite(TestCaseMain.java:185)
	at com.kms.katalon.core.main.TestCaseMain$startTestSuite$0.call(Unknown Source)
	at TempTestSuite1656641661317.run(TempTestSuite1656641661317.groovy:36)
)

2022-07-01 09:14:01 - [MESSAGE][INFO] - Unable to find the element located by 'By.xpath: //*[(text() = ' Manual Authorization ' or . = ' Manual Authorization ')]'. Please recheck the objects properties to make sure the desired element is located. 

2022-07-01 09:14:02 - [MESSAGE][FAILED] - com.kms.katalon.core.webui.exception.WebElementNotFoundException: Web element with id: 'Object Repository/AdminSuiteBootstrap_Pages/VT_Bootstrap/CCCreditOrVoidSearch/option_Manual Authorization' located by '//*[(text() = ' Manual Authorization ' or . = ' Manual Authorization ')]' not found (Root cause: com.kms.katalon.core.exception.StepFailedException: com.kms.katalon.core.webui.exception.WebElementNotFoundException: Web element with id: 'Object Repository/AdminSuiteBootstrap_Pages/VT_Bootstrap/CCCreditOrVoidSearch/option_Manual Authorization' located by '//*[(text() = ' Manual Authorization ' or . = ' Manual Authorization ')]' not found
	at com.kms.katalon.core.webui.keyword.internal.WebUIKeywordMain.stepFailed(WebUIKeywordMain.groovy:64)
	at com.kms.katalon.core.webui.keyword.builtin.VerifyElementPresentKeyword$_verifyElementPresent_closure1.doCall(VerifyElementPresentKeyword.groovy:85)
	at com.kms.katalon.core.webui.keyword.builtin.VerifyElementPresentKeyword$_verifyElementPresent_closure1.call(VerifyElementPresentKeyword.groovy)
	at com.kms.katalon.core.webui.keyword.internal.WebUIKeywordMain.runKeyword(WebUIKeywordMain.groovy:20)
	at com.kms.katalon.core.webui.keyword.builtin.VerifyElementPresentKeyword.verifyElementPresent(VerifyElementPresentKeyword.groovy:92)
	at com.kms.katalon.core.webui.keyword.builtin.VerifyElementPresentKeyword.execute(VerifyElementPresentKeyword.groovy:68)
	at com.kms.katalon.core.keyword.internal.KeywordExecutor.executeKeywordForPlatform(KeywordExecutor.groovy:74)
	at com.kms.katalon.core.webui.keyword.WebUiBuiltInKeywords.verifyElementPresent(WebUiBuiltInKeywords.groovy:1464)
	at com.kms.katalon.core.webui.keyword.WebUiBuiltInKeywords$verifyElementPresent$1.call(Unknown Source)
	at VerifySearchTransactions_UI_TC.run(VerifySearchTransactions_UI_TC:125)
	at com.kms.katalon.core.main.ScriptEngine.run(ScriptEngine.java:194)
	at com.kms.katalon.core.main.ScriptEngine.runScriptAsRawText(ScriptEngine.java:119)
	at com.kms.katalon.core.main.TestCaseExecutor.runScript(TestCaseExecutor.java:442)
	at com.kms.katalon.core.main.TestCaseExecutor.doExecute(TestCaseExecutor.java:433)
	at com.kms.katalon.core.main.TestCaseExecutor.processExecutionPhase(TestCaseExecutor.java:412)
	at com.kms.katalon.core.main.TestCaseExecutor.accessMainPhase(TestCaseExecutor.java:404)
	at com.kms.katalon.core.main.TestCaseExecutor.execute(TestCaseExecutor.java:281)
	at com.kms.katalon.core.main.TestSuiteExecutor.accessTestCaseMainPhase(TestSuiteExecutor.java:202)
	at com.kms.katalon.core.main.TestSuiteExecutor.accessTestSuiteMainPhase(TestSuiteExecutor.java:164)
	at com.kms.katalon.core.main.TestSuiteExecutor.execute(TestSuiteExecutor.java:105)
	at com.kms.katalon.core.main.TestCaseMain.startTestSuite(TestCaseMain.java:185)
	at com.kms.katalon.core.main.TestCaseMain$startTestSuite$0.call(Unknown Source)
	at TempTestSuite1656641661317.run(TempTestSuite1656641661317.groovy:36)
)
[[ATTACHMENT|E:\\Cloned-Project-Katalon\\VPS-Katalon\\Reports\\20220630_221407\\QA\\VT-Bootstrap\\AdminSuiteBootstrap_UI_TestSuite\\20220630_221421\\1656681241891.png]]

2022-07-01 09:14:02 - [TEST_STEP][FAILED] - verifyElementPresent(findTestObject(path_CCSearch + "option_Debit"), 10): com.kms.katalon.core.webui.exception.WebElementNotFoundException: Web element with id: 'Object Repository/AdminSuiteBootstrap_Pages/VT_Bootstrap/CCCreditOrVoidSearch/option_Debit' located by '//*[@value = '200,206' and (text() = ' Debit ' or . = ' Debit ')]' not found (Root cause: com.kms.katalon.core.exception.StepFailedException: com.kms.katalon.core.webui.exception.WebElementNotFoundException: Web element with id: 'Object Repository/AdminSuiteBootstrap_Pages/VT_Bootstrap/CCCreditOrVoidSearch/option_Debit' located by '//*[@value = '200,206' and (text() = ' Debit ' or . = ' Debit ')]' not found
	at com.kms.katalon.core.webui.keyword.internal.WebUIKeywordMain.stepFailed(WebUIKeywordMain.groovy:64)
	at com.kms.katalon.core.webui.keyword.builtin.VerifyElementPresentKeyword$_verifyElementPresent_closure1.doCall(VerifyElementPresentKeyword.groovy:85)
	at com.kms.katalon.core.webui.keyword.builtin.VerifyElementPresentKeyword$_verifyElementPresent_closure1.call(VerifyElementPresentKeyword.groovy)
	at com.kms.katalon.core.webui.keyword.internal.WebUIKeywordMain.runKeyword(WebUIKeywordMain.groovy:20)
	at com.kms.katalon.core.webui.keyword.builtin.VerifyElementPresentKeyword.verifyElementPresent(VerifyElementPresentKeyword.groovy:92)
	at com.kms.katalon.core.webui.keyword.builtin.VerifyElementPresentKeyword.execute(VerifyElementPresentKeyword.groovy:68)
	at com.kms.katalon.core.keyword.internal.KeywordExecutor.executeKeywordForPlatform(KeywordExecutor.groovy:74)
	at com.kms.katalon.core.webui.keyword.WebUiBuiltInKeywords.verifyElementPresent(WebUiBuiltInKeywords.groovy:1464)
	at com.kms.katalon.core.webui.keyword.WebUiBuiltInKeywords$verifyElementPresent$1.call(Unknown Source)
	at VerifySearchTransactions_UI_TC.run(VerifySearchTransactions_UI_TC:130)
	at com.kms.katalon.core.main.ScriptEngine.run(ScriptEngine.java:194)
	at com.kms.katalon.core.main.ScriptEngine.runScriptAsRawText(ScriptEngine.java:119)
	at com.kms.katalon.core.main.TestCaseExecutor.runScript(TestCaseExecutor.java:442)
	at com.kms.katalon.core.main.TestCaseExecutor.doExecute(TestCaseExecutor.java:433)
	at com.kms.katalon.core.main.TestCaseExecutor.processExecutionPhase(TestCaseExecutor.java:412)
	at com.kms.katalon.core.main.TestCaseExecutor.accessMainPhase(TestCaseExecutor.java:404)
	at com.kms.katalon.core.main.TestCaseExecutor.execute(TestCaseExecutor.java:281)
	at com.kms.katalon.core.main.TestSuiteExecutor.accessTestCaseMainPhase(TestSuiteExecutor.java:202)
	at com.kms.katalon.core.main.TestSuiteExecutor.accessTestSuiteMainPhase(TestSuiteExecutor.java:164)
	at com.kms.katalon.core.main.TestSuiteExecutor.execute(TestSuiteExecutor.java:105)
	at com.kms.katalon.core.main.TestCaseMain.startTestSuite(TestCaseMain.java:185)
	at com.kms.katalon.core.main.TestCaseMain$startTestSuite$0.call(Unknown Source)
	at TempTestSuite1656641661317.run(TempTestSuite1656641661317.groovy:36)
)

2022-07-01 09:14:13 - [MESSAGE][INFO] - Unable to find the element located by 'By.xpath: //*[@value = '200,206' and (text() = ' Debit ' or . = ' Debit ')]'. Please recheck the objects properties to make sure the desired element is located. 

2022-07-01 09:14:13 - [MESSAGE][FAILED] - com.kms.katalon.core.webui.exception.WebElementNotFoundException: Web element with id: 'Object Repository/AdminSuiteBootstrap_Pages/VT_Bootstrap/CCCreditOrVoidSearch/option_Debit' located by '//*[@value = '200,206' and (text() = ' Debit ' or . = ' Debit ')]' not found (Root cause: com.kms.katalon.core.exception.StepFailedException: com.kms.katalon.core.webui.exception.WebElementNotFoundException: Web element with id: 'Object Repository/AdminSuiteBootstrap_Pages/VT_Bootstrap/CCCreditOrVoidSearch/option_Debit' located by '//*[@value = '200,206' and (text() = ' Debit ' or . = ' Debit ')]' not found
	at com.kms.katalon.core.webui.keyword.internal.WebUIKeywordMain.stepFailed(WebUIKeywordMain.groovy:64)
	at com.kms.katalon.core.webui.keyword.builtin.VerifyElementPresentKeyword$_verifyElementPresent_closure1.doCall(VerifyElementPresentKeyword.groovy:85)
	at com.kms.katalon.core.webui.keyword.builtin.VerifyElementPresentKeyword$_verifyElementPresent_closure1.call(VerifyElementPresentKeyword.groovy)
	at com.kms.katalon.core.webui.keyword.internal.WebUIKeywordMain.runKeyword(WebUIKeywordMain.groovy:20)
	at com.kms.katalon.core.webui.keyword.builtin.VerifyElementPresentKeyword.verifyElementPresent(VerifyElementPresentKeyword.groovy:92)
	at com.kms.katalon.core.webui.keyword.builtin.VerifyElementPresentKeyword.execute(VerifyElementPresentKeyword.groovy:68)
	at com.kms.katalon.core.keyword.internal.KeywordExecutor.executeKeywordForPlatform(KeywordExecutor.groovy:74)
	at com.kms.katalon.core.webui.keyword.WebUiBuiltInKeywords.verifyElementPresent(WebUiBuiltInKeywords.groovy:1464)
	at com.kms.katalon.core.webui.keyword.WebUiBuiltInKeywords$verifyElementPresent$1.call(Unknown Source)
	at VerifySearchTransactions_UI_TC.run(VerifySearchTransactions_UI_TC:130)
	at com.kms.katalon.core.main.ScriptEngine.run(ScriptEngine.java:194)
	at com.kms.katalon.core.main.ScriptEngine.runScriptAsRawText(ScriptEngine.java:119)
	at com.kms.katalon.core.main.TestCaseExecutor.runScript(TestCaseExecutor.java:442)
	at com.kms.katalon.core.main.TestCaseExecutor.doExecute(TestCaseExecutor.java:433)
	at com.kms.katalon.core.main.TestCaseExecutor.processExecutionPhase(TestCaseExecutor.java:412)
	at com.kms.katalon.core.main.TestCaseExecutor.accessMainPhase(TestCaseExecutor.java:404)
	at com.kms.katalon.core.main.TestCaseExecutor.execute(TestCaseExecutor.java:281)
	at com.kms.katalon.core.main.TestSuiteExecutor.accessTestCaseMainPhase(TestSuiteExecutor.java:202)
	at com.kms.katalon.core.main.TestSuiteExecutor.accessTestSuiteMainPhase(TestSuiteExecutor.java:164)
	at com.kms.katalon.core.main.TestSuiteExecutor.execute(TestSuiteExecutor.java:105)
	at com.kms.katalon.core.main.TestCaseMain.startTestSuite(TestCaseMain.java:185)
	at com.kms.katalon.core.main.TestCaseMain$startTestSuite$0.call(Unknown Source)
	at TempTestSuite1656641661317.run(TempTestSuite1656641661317.groovy:36)
)
[[ATTACHMENT|E:\\Cloned-Project-Katalon\\VPS-Katalon\\Reports\\20220630_221407\\QA\\VT-Bootstrap\\AdminSuiteBootstrap_UI_TestSuite\\20220630_221421\\1656681253249.png]]

2022-07-01 09:14:13 - [TEST_STEP][FAILED] - verifyElementPresent(findTestObject(path_CCSearch + "option_Credit_ACH"), 10): com.kms.katalon.core.webui.exception.WebElementNotFoundException: Web element with id: 'Object Repository/AdminSuiteBootstrap_Pages/VT_Bootstrap/CCCreditOrVoidSearch/option_Credit_ACH' located by '//*[@value = '201,207' and (text() = ' Credit ' or . = ' Credit ')]' not found (Root cause: com.kms.katalon.core.exception.StepFailedException: com.kms.katalon.core.webui.exception.WebElementNotFoundException: Web element with id: 'Object Repository/AdminSuiteBootstrap_Pages/VT_Bootstrap/CCCreditOrVoidSearch/option_Credit_ACH' located by '//*[@value = '201,207' and (text() = ' Credit ' or . = ' Credit ')]' not found
	at com.kms.katalon.core.webui.keyword.internal.WebUIKeywordMain.stepFailed(WebUIKeywordMain.groovy:64)
	at com.kms.katalon.core.webui.keyword.builtin.VerifyElementPresentKeyword$_verifyElementPresent_closure1.doCall(VerifyElementPresentKeyword.groovy:85)
	at com.kms.katalon.core.webui.keyword.builtin.VerifyElementPresentKeyword$_verifyElementPresent_closure1.call(VerifyElementPresentKeyword.groovy)
	at com.kms.katalon.core.webui.keyword.internal.WebUIKeywordMain.runKeyword(WebUIKeywordMain.groovy:20)
	at com.kms.katalon.core.webui.keyword.builtin.VerifyElementPresentKeyword.verifyElementPresent(VerifyElementPresentKeyword.groovy:92)
	at com.kms.katalon.core.webui.keyword.builtin.VerifyElementPresentKeyword.execute(VerifyElementPresentKeyword.groovy:68)
	at com.kms.katalon.core.keyword.internal.KeywordExecutor.executeKeywordForPlatform(KeywordExecutor.groovy:74)
	at com.kms.katalon.core.webui.keyword.WebUiBuiltInKeywords.verifyElementPresent(WebUiBuiltInKeywords.groovy:1464)
	at com.kms.katalon.core.webui.keyword.WebUiBuiltInKeywords$verifyElementPresent$1.call(Unknown Source)
	at VerifySearchTransactions_UI_TC.run(VerifySearchTransactions_UI_TC:131)
	at com.kms.katalon.core.main.ScriptEngine.run(ScriptEngine.java:194)
	at com.kms.katalon.core.main.ScriptEngine.runScriptAsRawText(ScriptEngine.java:119)
	at com.kms.katalon.core.main.TestCaseExecutor.runScript(TestCaseExecutor.java:442)
	at com.kms.katalon.core.main.TestCaseExecutor.doExecute(TestCaseExecutor.java:433)
	at com.kms.katalon.core.main.TestCaseExecutor.processExecutionPhase(TestCaseExecutor.java:412)
	at com.kms.katalon.core.main.TestCaseExecutor.accessMainPhase(TestCaseExecutor.java:404)
	at com.kms.katalon.core.main.TestCaseExecutor.execute(TestCaseExecutor.java:281)
	at com.kms.katalon.core.main.TestSuiteExecutor.accessTestCaseMainPhase(TestSuiteExecutor.java:202)
	at com.kms.katalon.core.main.TestSuiteExecutor.accessTestSuiteMainPhase(TestSuiteExecutor.java:164)
	at com.kms.katalon.core.main.TestSuiteExecutor.execute(TestSuiteExecutor.java:105)
	at com.kms.katalon.core.main.TestCaseMain.startTestSuite(TestCaseMain.java:185)
	at com.kms.katalon.core.main.TestCaseMain$startTestSuite$0.call(Unknown Source)
	at TempTestSuite1656641661317.run(TempTestSuite1656641661317.groovy:36)
)

2022-07-01 09:14:24 - [MESSAGE][INFO] - Unable to find the element located by 'By.xpath: //*[@value = '201,207' and (text() = ' Credit ' or . = ' Credit ')]'. Please recheck the objects properties to make sure the desired element is located. 

2022-07-01 09:14:24 - [MESSAGE][FAILED] - com.kms.katalon.core.webui.exception.WebElementNotFoundException: Web element with id: 'Object Repository/AdminSuiteBootstrap_Pages/VT_Bootstrap/CCCreditOrVoidSearch/option_Credit_ACH' located by '//*[@value = '201,207' and (text() = ' Credit ' or . = ' Credit ')]' not found (Root cause: com.kms.katalon.core.exception.StepFailedException: com.kms.katalon.core.webui.exception.WebElementNotFoundException: Web element with id: 'Object Repository/AdminSuiteBootstrap_Pages/VT_Bootstrap/CCCreditOrVoidSearch/option_Credit_ACH' located by '//*[@value = '201,207' and (text() = ' Credit ' or . = ' Credit ')]' not found
	at com.kms.katalon.core.webui.keyword.internal.WebUIKeywordMain.stepFailed(WebUIKeywordMain.groovy:64)
	at com.kms.katalon.core.webui.keyword.builtin.VerifyElementPresentKeyword$_verifyElementPresent_closure1.doCall(VerifyElementPresentKeyword.groovy:85)
	at com.kms.katalon.core.webui.keyword.builtin.VerifyElementPresentKeyword$_verifyElementPresent_closure1.call(VerifyElementPresentKeyword.groovy)
	at com.kms.katalon.core.webui.keyword.internal.WebUIKeywordMain.runKeyword(WebUIKeywordMain.groovy:20)
	at com.kms.katalon.core.webui.keyword.builtin.VerifyElementPresentKeyword.verifyElementPresent(VerifyElementPresentKeyword.groovy:92)
	at com.kms.katalon.core.webui.keyword.builtin.VerifyElementPresentKeyword.execute(VerifyElementPresentKeyword.groovy:68)
	at com.kms.katalon.core.keyword.internal.KeywordExecutor.executeKeywordForPlatform(KeywordExecutor.groovy:74)
	at com.kms.katalon.core.webui.keyword.WebUiBuiltInKeywords.verifyElementPresent(WebUiBuiltInKeywords.groovy:1464)
	at com.kms.katalon.core.webui.keyword.WebUiBuiltInKeywords$verifyElementPresent$1.call(Unknown Source)
	at VerifySearchTransactions_UI_TC.run(VerifySearchTransactions_UI_TC:131)
	at com.kms.katalon.core.main.ScriptEngine.run(ScriptEngine.java:194)
	at com.kms.katalon.core.main.ScriptEngine.runScriptAsRawText(ScriptEngine.java:119)
	at com.kms.katalon.core.main.TestCaseExecutor.runScript(TestCaseExecutor.java:442)
	at com.kms.katalon.core.main.TestCaseExecutor.doExecute(TestCaseExecutor.java:433)
	at com.kms.katalon.core.main.TestCaseExecutor.processExecutionPhase(TestCaseExecutor.java:412)
	at com.kms.katalon.core.main.TestCaseExecutor.accessMainPhase(TestCaseExecutor.java:404)
	at com.kms.katalon.core.main.TestCaseExecutor.execute(TestCaseExecutor.java:281)
	at com.kms.katalon.core.main.TestSuiteExecutor.accessTestCaseMainPhase(TestSuiteExecutor.java:202)
	at com.kms.katalon.core.main.TestSuiteExecutor.accessTestSuiteMainPhase(TestSuiteExecutor.java:164)
	at com.kms.katalon.core.main.TestSuiteExecutor.execute(TestSuiteExecutor.java:105)
	at com.kms.katalon.core.main.TestCaseMain.startTestSuite(TestCaseMain.java:185)
	at com.kms.katalon.core.main.TestCaseMain$startTestSuite$0.call(Unknown Source)
	at TempTestSuite1656641661317.run(TempTestSuite1656641661317.groovy:36)
)
[[ATTACHMENT|E:\\Cloned-Project-Katalon\\VPS-Katalon\\Reports\\20220630_221407\\QA\\VT-Bootstrap\\AdminSuiteBootstrap_UI_TestSuite\\20220630_221421\\1656681264569.png]]

2022-07-01 09:14:24 - [TEST_STEP][FAILED] - verifyElementPresent(findTestObject(path_CCSearch + "option_Void_ACH"), 10): com.kms.katalon.core.webui.exception.WebElementNotFoundException: Web element with id: 'Object Repository/AdminSuiteBootstrap_Pages/VT_Bootstrap/CCCreditOrVoidSearch/option_Void_ACH' located by '//*[@value = '202,208' and (text() = ' Void ' or . = ' Void ')]' not found (Root cause: com.kms.katalon.core.exception.StepFailedException: com.kms.katalon.core.webui.exception.WebElementNotFoundException: Web element with id: 'Object Repository/AdminSuiteBootstrap_Pages/VT_Bootstrap/CCCreditOrVoidSearch/option_Void_ACH' located by '//*[@value = '202,208' and (text() = ' Void ' or . = ' Void ')]' not found
	at com.kms.katalon.core.webui.keyword.internal.WebUIKeywordMain.stepFailed(WebUIKeywordMain.groovy:64)
	at com.kms.katalon.core.webui.keyword.builtin.VerifyElementPresentKeyword$_verifyElementPresent_closure1.doCall(VerifyElementPresentKeyword.groovy:85)
	at com.kms.katalon.core.webui.keyword.builtin.VerifyElementPresentKeyword$_verifyElementPresent_closure1.call(VerifyElementPresentKeyword.groovy)
	at com.kms.katalon.core.webui.keyword.internal.WebUIKeywordMain.runKeyword(WebUIKeywordMain.groovy:20)
	at com.kms.katalon.core.webui.keyword.builtin.VerifyElementPresentKeyword.verifyElementPresent(VerifyElementPresentKeyword.groovy:92)
	at com.kms.katalon.core.webui.keyword.builtin.VerifyElementPresentKeyword.execute(VerifyElementPresentKeyword.groovy:68)
	at com.kms.katalon.core.keyword.internal.KeywordExecutor.executeKeywordForPlatform(KeywordExecutor.groovy:74)
	at com.kms.katalon.core.webui.keyword.WebUiBuiltInKeywords.verifyElementPresent(WebUiBuiltInKeywords.groovy:1464)
	at com.kms.katalon.core.webui.keyword.WebUiBuiltInKeywords$verifyElementPresent$1.call(Unknown Source)
	at VerifySearchTransactions_UI_TC.run(VerifySearchTransactions_UI_TC:132)
	at com.kms.katalon.core.main.ScriptEngine.run(ScriptEngine.java:194)
	at com.kms.katalon.core.main.ScriptEngine.runScriptAsRawText(ScriptEngine.java:119)
	at com.kms.katalon.core.main.TestCaseExecutor.runScript(TestCaseExecutor.java:442)
	at com.kms.katalon.core.main.TestCaseExecutor.doExecute(TestCaseExecutor.java:433)
	at com.kms.katalon.core.main.TestCaseExecutor.processExecutionPhase(TestCaseExecutor.java:412)
	at com.kms.katalon.core.main.TestCaseExecutor.accessMainPhase(TestCaseExecutor.java:404)
	at com.kms.katalon.core.main.TestCaseExecutor.execute(TestCaseExecutor.java:281)
	at com.kms.katalon.core.main.TestSuiteExecutor.accessTestCaseMainPhase(TestSuiteExecutor.java:202)
	at com.kms.katalon.core.main.TestSuiteExecutor.accessTestSuiteMainPhase(TestSuiteExecutor.java:164)
	at com.kms.katalon.core.main.TestSuiteExecutor.execute(TestSuiteExecutor.java:105)
	at com.kms.katalon.core.main.TestCaseMain.startTestSuite(TestCaseMain.java:185)
	at com.kms.katalon.core.main.TestCaseMain$startTestSuite$0.call(Unknown Source)
	at TempTestSuite1656641661317.run(TempTestSuite1656641661317.groovy:36)
)

2022-07-01 09:14:36 - [MESSAGE][INFO] - Unable to find the element located by 'By.xpath: //*[@value = '202,208' and (text() = ' Void ' or . = ' Void ')]'. Please recheck the objects properties to make sure the desired element is located. 

2022-07-01 09:14:36 - [MESSAGE][FAILED] - com.kms.katalon.core.webui.exception.WebElementNotFoundException: Web element with id: 'Object Repository/AdminSuiteBootstrap_Pages/VT_Bootstrap/CCCreditOrVoidSearch/option_Void_ACH' located by '//*[@value = '202,208' and (text() = ' Void ' or . = ' Void ')]' not found (Root cause: com.kms.katalon.core.exception.StepFailedException: com.kms.katalon.core.webui.exception.WebElementNotFoundException: Web element with id: 'Object Repository/AdminSuiteBootstrap_Pages/VT_Bootstrap/CCCreditOrVoidSearch/option_Void_ACH' located by '//*[@value = '202,208' and (text() = ' Void ' or . = ' Void ')]' not found
	at com.kms.katalon.core.webui.keyword.internal.WebUIKeywordMain.stepFailed(WebUIKeywordMain.groovy:64)
	at com.kms.katalon.core.webui.keyword.builtin.VerifyElementPresentKeyword$_verifyElementPresent_closure1.doCall(VerifyElementPresentKeyword.groovy:85)
	at com.kms.katalon.core.webui.keyword.builtin.VerifyElementPresentKeyword$_verifyElementPresent_closure1.call(VerifyElementPresentKeyword.groovy)
	at com.kms.katalon.core.webui.keyword.internal.WebUIKeywordMain.runKeyword(WebUIKeywordMain.groovy:20)
	at com.kms.katalon.core.webui.keyword.builtin.VerifyElementPresentKeyword.verifyElementPresent(VerifyElementPresentKeyword.groovy:92)
	at com.kms.katalon.core.webui.keyword.builtin.VerifyElementPresentKeyword.execute(VerifyElementPresentKeyword.groovy:68)
	at com.kms.katalon.core.keyword.internal.KeywordExecutor.executeKeywordForPlatform(KeywordExecutor.groovy:74)
	at com.kms.katalon.core.webui.keyword.WebUiBuiltInKeywords.verifyElementPresent(WebUiBuiltInKeywords.groovy:1464)
	at com.kms.katalon.core.webui.keyword.WebUiBuiltInKeywords$verifyElementPresent$1.call(Unknown Source)
	at VerifySearchTransactions_UI_TC.run(VerifySearchTransactions_UI_TC:132)
	at com.kms.katalon.core.main.ScriptEngine.run(ScriptEngine.java:194)
	at com.kms.katalon.core.main.ScriptEngine.runScriptAsRawText(ScriptEngine.java:119)
	at com.kms.katalon.core.main.TestCaseExecutor.runScript(TestCaseExecutor.java:442)
	at com.kms.katalon.core.main.TestCaseExecutor.doExecute(TestCaseExecutor.java:433)
	at com.kms.katalon.core.main.TestCaseExecutor.processExecutionPhase(TestCaseExecutor.java:412)
	at com.kms.katalon.core.main.TestCaseExecutor.accessMainPhase(TestCaseExecutor.java:404)
	at com.kms.katalon.core.main.TestCaseExecutor.execute(TestCaseExecutor.java:281)
	at com.kms.katalon.core.main.TestSuiteExecutor.accessTestCaseMainPhase(TestSuiteExecutor.java:202)
	at com.kms.katalon.core.main.TestSuiteExecutor.accessTestSuiteMainPhase(TestSuiteExecutor.java:164)
	at com.kms.katalon.core.main.TestSuiteExecutor.execute(TestSuiteExecutor.java:105)
	at com.kms.katalon.core.main.TestCaseMain.startTestSuite(TestCaseMain.java:185)
	at com.kms.katalon.core.main.TestCaseMain$startTestSuite$0.call(Unknown Source)
	at TempTestSuite1656641661317.run(TempTestSuite1656641661317.groovy:36)
)
[[ATTACHMENT|E:\\Cloned-Project-Katalon\\VPS-Katalon\\Reports\\20220630_221407\\QA\\VT-Bootstrap\\AdminSuiteBootstrap_UI_TestSuite\\20220630_221421\\1656681276010.png]]

2022-07-01 09:14:36 - [TEST_STEP][FAILED] - verifyElementPresent(findTestObject(path_CCSearch + "option_Pinless Debit"), 10): com.kms.katalon.core.webui.exception.WebElementNotFoundException: Web element with id: 'Object Repository/AdminSuiteBootstrap_Pages/VT_Bootstrap/CCCreditOrVoidSearch/option_Pinless Debit' located by '//*[@value = '110' and (text() = ' Pinless Debit ' or . = ' Pinless Debit ')]' not found (Root cause: com.kms.katalon.core.exception.StepFailedException: com.kms.katalon.core.webui.exception.WebElementNotFoundException: Web element with id: 'Object Repository/AdminSuiteBootstrap_Pages/VT_Bootstrap/CCCreditOrVoidSearch/option_Pinless Debit' located by '//*[@value = '110' and (text() = ' Pinless Debit ' or . = ' Pinless Debit ')]' not found
	at com.kms.katalon.core.webui.keyword.internal.WebUIKeywordMain.stepFailed(WebUIKeywordMain.groovy:64)
	at com.kms.katalon.core.webui.keyword.builtin.VerifyElementPresentKeyword$_verifyElementPresent_closure1.doCall(VerifyElementPresentKeyword.groovy:85)
	at com.kms.katalon.core.webui.keyword.builtin.VerifyElementPresentKeyword$_verifyElementPresent_closure1.call(VerifyElementPresentKeyword.groovy)
	at com.kms.katalon.core.webui.keyword.internal.WebUIKeywordMain.runKeyword(WebUIKeywordMain.groovy:20)
	at com.kms.katalon.core.webui.keyword.builtin.VerifyElementPresentKeyword.verifyElementPresent(VerifyElementPresentKeyword.groovy:92)
	at com.kms.katalon.core.webui.keyword.builtin.VerifyElementPresentKeyword.execute(VerifyElementPresentKeyword.groovy:68)
	at com.kms.katalon.core.keyword.internal.KeywordExecutor.executeKeywordForPlatform(KeywordExecutor.groovy:74)
	at com.kms.katalon.core.webui.keyword.WebUiBuiltInKeywords.verifyElementPresent(WebUiBuiltInKeywords.groovy:1464)
	at com.kms.katalon.core.webui.keyword.WebUiBuiltInKeywords$verifyElementPresent$1.call(Unknown Source)
	at VerifySearchTransactions_UI_TC.run(VerifySearchTransactions_UI_TC:136)
	at com.kms.katalon.core.main.ScriptEngine.run(ScriptEngine.java:194)
	at com.kms.katalon.core.main.ScriptEngine.runScriptAsRawText(ScriptEngine.java:119)
	at com.kms.katalon.core.main.TestCaseExecutor.runScript(TestCaseExecutor.java:442)
	at com.kms.katalon.core.main.TestCaseExecutor.doExecute(TestCaseExecutor.java:433)
	at com.kms.katalon.core.main.TestCaseExecutor.processExecutionPhase(TestCaseExecutor.java:412)
	at com.kms.katalon.core.main.TestCaseExecutor.accessMainPhase(TestCaseExecutor.java:404)
	at com.kms.katalon.core.main.TestCaseExecutor.execute(TestCaseExecutor.java:281)
	at com.kms.katalon.core.main.TestSuiteExecutor.accessTestCaseMainPhase(TestSuiteExecutor.java:202)
	at com.kms.katalon.core.main.TestSuiteExecutor.accessTestSuiteMainPhase(TestSuiteExecutor.java:164)
	at com.kms.katalon.core.main.TestSuiteExecutor.execute(TestSuiteExecutor.java:105)
	at com.kms.katalon.core.main.TestCaseMain.startTestSuite(TestCaseMain.java:185)
	at com.kms.katalon.core.main.TestCaseMain$startTestSuite$0.call(Unknown Source)
	at TempTestSuite1656641661317.run(TempTestSuite1656641661317.groovy:36)
)

2022-07-01 09:14:47 - [MESSAGE][INFO] - Unable to find the element located by 'By.xpath: //*[@value = '110' and (text() = ' Pinless Debit ' or . = ' Pinless Debit ')]'. Please recheck the objects properties to make sure the desired element is located. 

2022-07-01 09:14:47 - [MESSAGE][FAILED] - com.kms.katalon.core.webui.exception.WebElementNotFoundException: Web element with id: 'Object Repository/AdminSuiteBootstrap_Pages/VT_Bootstrap/CCCreditOrVoidSearch/option_Pinless Debit' located by '//*[@value = '110' and (text() = ' Pinless Debit ' or . = ' Pinless Debit ')]' not found (Root cause: com.kms.katalon.core.exception.StepFailedException: com.kms.katalon.core.webui.exception.WebElementNotFoundException: Web element with id: 'Object Repository/AdminSuiteBootstrap_Pages/VT_Bootstrap/CCCreditOrVoidSearch/option_Pinless Debit' located by '//*[@value = '110' and (text() = ' Pinless Debit ' or . = ' Pinless Debit ')]' not found
	at com.kms.katalon.core.webui.keyword.internal.WebUIKeywordMain.stepFailed(WebUIKeywordMain.groovy:64)
	at com.kms.katalon.core.webui.keyword.builtin.VerifyElementPresentKeyword$_verifyElementPresent_closure1.doCall(VerifyElementPresentKeyword.groovy:85)
	at com.kms.katalon.core.webui.keyword.builtin.VerifyElementPresentKeyword$_verifyElementPresent_closure1.call(VerifyElementPresentKeyword.groovy)
	at com.kms.katalon.core.webui.keyword.internal.WebUIKeywordMain.runKeyword(WebUIKeywordMain.groovy:20)
	at com.kms.katalon.core.webui.keyword.builtin.VerifyElementPresentKeyword.verifyElementPresent(VerifyElementPresentKeyword.groovy:92)
	at com.kms.katalon.core.webui.keyword.builtin.VerifyElementPresentKeyword.execute(VerifyElementPresentKeyword.groovy:68)
	at com.kms.katalon.core.keyword.internal.KeywordExecutor.executeKeywordForPlatform(KeywordExecutor.groovy:74)
	at com.kms.katalon.core.webui.keyword.WebUiBuiltInKeywords.verifyElementPresent(WebUiBuiltInKeywords.groovy:1464)
	at com.kms.katalon.core.webui.keyword.WebUiBuiltInKeywords$verifyElementPresent$1.call(Unknown Source)
	at VerifySearchTransactions_UI_TC.run(VerifySearchTransactions_UI_TC:136)
	at com.kms.katalon.core.main.ScriptEngine.run(ScriptEngine.java:194)
	at com.kms.katalon.core.main.ScriptEngine.runScriptAsRawText(ScriptEngine.java:119)
	at com.kms.katalon.core.main.TestCaseExecutor.runScript(TestCaseExecutor.java:442)
	at com.kms.katalon.core.main.TestCaseExecutor.doExecute(TestCaseExecutor.java:433)
	at com.kms.katalon.core.main.TestCaseExecutor.processExecutionPhase(TestCaseExecutor.java:412)
	at com.kms.katalon.core.main.TestCaseExecutor.accessMainPhase(TestCaseExecutor.java:404)
	at com.kms.katalon.core.main.TestCaseExecutor.execute(TestCaseExecutor.java:281)
	at com.kms.katalon.core.main.TestSuiteExecutor.accessTestCaseMainPhase(TestSuiteExecutor.java:202)
	at com.kms.katalon.core.main.TestSuiteExecutor.accessTestSuiteMainPhase(TestSuiteExecutor.java:164)
	at com.kms.katalon.core.main.TestSuiteExecutor.execute(TestSuiteExecutor.java:105)
	at com.kms.katalon.core.main.TestCaseMain.startTestSuite(TestCaseMain.java:185)
	at com.kms.katalon.core.main.TestCaseMain$startTestSuite$0.call(Unknown Source)
	at TempTestSuite1656641661317.run(TempTestSuite1656641661317.groovy:36)
)
[[ATTACHMENT|E:\\Cloned-Project-Katalon\\VPS-Katalon\\Reports\\20220630_221407\\QA\\VT-Bootstrap\\AdminSuiteBootstrap_UI_TestSuite\\20220630_221421\\1656681287400.png]]

2022-07-01 09:14:47 - [TEST_STEP][FAILED] - verifyElementPresent(findTestObject(path_CCSearch + "option_Pinless Credit"), 10): com.kms.katalon.core.webui.exception.WebElementNotFoundException: Web element with id: 'Object Repository/AdminSuiteBootstrap_Pages/VT_Bootstrap/CCCreditOrVoidSearch/option_Pinless Credit' located by '//*[@value = '111' and (text() = ' Pinless Credit ' or . = ' Pinless Credit ')]' not found (Root cause: com.kms.katalon.core.exception.StepFailedException: com.kms.katalon.core.webui.exception.WebElementNotFoundException: Web element with id: 'Object Repository/AdminSuiteBootstrap_Pages/VT_Bootstrap/CCCreditOrVoidSearch/option_Pinless Credit' located by '//*[@value = '111' and (text() = ' Pinless Credit ' or . = ' Pinless Credit ')]' not found
	at com.kms.katalon.core.webui.keyword.internal.WebUIKeywordMain.stepFailed(WebUIKeywordMain.groovy:64)
	at com.kms.katalon.core.webui.keyword.builtin.VerifyElementPresentKeyword$_verifyElementPresent_closure1.doCall(VerifyElementPresentKeyword.groovy:85)
	at com.kms.katalon.core.webui.keyword.builtin.VerifyElementPresentKeyword$_verifyElementPresent_closure1.call(VerifyElementPresentKeyword.groovy)
	at com.kms.katalon.core.webui.keyword.internal.WebUIKeywordMain.runKeyword(WebUIKeywordMain.groovy:20)
	at com.kms.katalon.core.webui.keyword.builtin.VerifyElementPresentKeyword.verifyElementPresent(VerifyElementPresentKeyword.groovy:92)
	at com.kms.katalon.core.webui.keyword.builtin.VerifyElementPresentKeyword.execute(VerifyElementPresentKeyword.groovy:68)
	at com.kms.katalon.core.keyword.internal.KeywordExecutor.executeKeywordForPlatform(KeywordExecutor.groovy:74)
	at com.kms.katalon.core.webui.keyword.WebUiBuiltInKeywords.verifyElementPresent(WebUiBuiltInKeywords.groovy:1464)
	at com.kms.katalon.core.webui.keyword.WebUiBuiltInKeywords$verifyElementPresent$1.call(Unknown Source)
	at VerifySearchTransactions_UI_TC.run(VerifySearchTransactions_UI_TC:137)
	at com.kms.katalon.core.main.ScriptEngine.run(ScriptEngine.java:194)
	at com.kms.katalon.core.main.ScriptEngine.runScriptAsRawText(ScriptEngine.java:119)
	at com.kms.katalon.core.main.TestCaseExecutor.runScript(TestCaseExecutor.java:442)
	at com.kms.katalon.core.main.TestCaseExecutor.doExecute(TestCaseExecutor.java:433)
	at com.kms.katalon.core.main.TestCaseExecutor.processExecutionPhase(TestCaseExecutor.java:412)
	at com.kms.katalon.core.main.TestCaseExecutor.accessMainPhase(TestCaseExecutor.java:404)
	at com.kms.katalon.core.main.TestCaseExecutor.execute(TestCaseExecutor.java:281)
	at com.kms.katalon.core.main.TestSuiteExecutor.accessTestCaseMainPhase(TestSuiteExecutor.java:202)
	at com.kms.katalon.core.main.TestSuiteExecutor.accessTestSuiteMainPhase(TestSuiteExecutor.java:164)
	at com.kms.katalon.core.main.TestSuiteExecutor.execute(TestSuiteExecutor.java:105)
	at com.kms.katalon.core.main.TestCaseMain.startTestSuite(TestCaseMain.java:185)
	at com.kms.katalon.core.main.TestCaseMain$startTestSuite$0.call(Unknown Source)
	at TempTestSuite1656641661317.run(TempTestSuite1656641661317.groovy:36)
)

2022-07-01 09:14:58 - [MESSAGE][INFO] - Unable to find the element located by 'By.xpath: //*[@value = '111' and (text() = ' Pinless Credit ' or . = ' Pinless Credit ')]'. Please recheck the objects properties to make sure the desired element is located. 

2022-07-01 09:14:59 - [MESSAGE][FAILED] - com.kms.katalon.core.webui.exception.WebElementNotFoundException: Web element with id: 'Object Repository/AdminSuiteBootstrap_Pages/VT_Bootstrap/CCCreditOrVoidSearch/option_Pinless Credit' located by '//*[@value = '111' and (text() = ' Pinless Credit ' or . = ' Pinless Credit ')]' not found (Root cause: com.kms.katalon.core.exception.StepFailedException: com.kms.katalon.core.webui.exception.WebElementNotFoundException: Web element with id: 'Object Repository/AdminSuiteBootstrap_Pages/VT_Bootstrap/CCCreditOrVoidSearch/option_Pinless Credit' located by '//*[@value = '111' and (text() = ' Pinless Credit ' or . = ' Pinless Credit ')]' not found
	at com.kms.katalon.core.webui.keyword.internal.WebUIKeywordMain.stepFailed(WebUIKeywordMain.groovy:64)
	at com.kms.katalon.core.webui.keyword.builtin.VerifyElementPresentKeyword$_verifyElementPresent_closure1.doCall(VerifyElementPresentKeyword.groovy:85)
	at com.kms.katalon.core.webui.keyword.builtin.VerifyElementPresentKeyword$_verifyElementPresent_closure1.call(VerifyElementPresentKeyword.groovy)
	at com.kms.katalon.core.webui.keyword.internal.WebUIKeywordMain.runKeyword(WebUIKeywordMain.groovy:20)
	at com.kms.katalon.core.webui.keyword.builtin.VerifyElementPresentKeyword.verifyElementPresent(VerifyElementPresentKeyword.groovy:92)
	at com.kms.katalon.core.webui.keyword.builtin.VerifyElementPresentKeyword.execute(VerifyElementPresentKeyword.groovy:68)
	at com.kms.katalon.core.keyword.internal.KeywordExecutor.executeKeywordForPlatform(KeywordExecutor.groovy:74)
	at com.kms.katalon.core.webui.keyword.WebUiBuiltInKeywords.verifyElementPresent(WebUiBuiltInKeywords.groovy:1464)
	at com.kms.katalon.core.webui.keyword.WebUiBuiltInKeywords$verifyElementPresent$1.call(Unknown Source)
	at VerifySearchTransactions_UI_TC.run(VerifySearchTransactions_UI_TC:137)
	at com.kms.katalon.core.main.ScriptEngine.run(ScriptEngine.java:194)
	at com.kms.katalon.core.main.ScriptEngine.runScriptAsRawText(ScriptEngine.java:119)
	at com.kms.katalon.core.main.TestCaseExecutor.runScript(TestCaseExecutor.java:442)
	at com.kms.katalon.core.main.TestCaseExecutor.doExecute(TestCaseExecutor.java:433)
	at com.kms.katalon.core.main.TestCaseExecutor.processExecutionPhase(TestCaseExecutor.java:412)
	at com.kms.katalon.core.main.TestCaseExecutor.accessMainPhase(TestCaseExecutor.java:404)
	at com.kms.katalon.core.main.TestCaseExecutor.execute(TestCaseExecutor.java:281)
	at com.kms.katalon.core.main.TestSuiteExecutor.accessTestCaseMainPhase(TestSuiteExecutor.java:202)
	at com.kms.katalon.core.main.TestSuiteExecutor.accessTestSuiteMainPhase(TestSuiteExecutor.java:164)
	at com.kms.katalon.core.main.TestSuiteExecutor.execute(TestSuiteExecutor.java:105)
	at com.kms.katalon.core.main.TestCaseMain.startTestSuite(TestCaseMain.java:185)
	at com.kms.katalon.core.main.TestCaseMain$startTestSuite$0.call(Unknown Source)
	at TempTestSuite1656641661317.run(TempTestSuite1656641661317.groovy:36)
)
[[ATTACHMENT|E:\\Cloned-Project-Katalon\\VPS-Katalon\\Reports\\20220630_221407\\QA\\VT-Bootstrap\\AdminSuiteBootstrap_UI_TestSuite\\20220630_221421\\1656681298765.png]]

2022-07-01 09:14:59 - [TEST_STEP][FAILED] - verifyElementPresent(findTestObject(path_CCSearch + "input_ShowOnlySuccessfulTransactions"), 10): com.kms.katalon.core.webui.exception.WebElementNotFoundException: Web element with id: 'Object Repository/AdminSuiteBootstrap_Pages/VT_Bootstrap/CCCreditOrVoidSearch/input_ShowOnlySuccessfulTransactions' located by '//*[@type = 'checkbox' and @name = 'transactionStatusToShow' and @value = '2']' not found (Root cause: com.kms.katalon.core.exception.StepFailedException: com.kms.katalon.core.webui.exception.WebElementNotFoundException: Web element with id: 'Object Repository/AdminSuiteBootstrap_Pages/VT_Bootstrap/CCCreditOrVoidSearch/input_ShowOnlySuccessfulTransactions' located by '//*[@type = 'checkbox' and @name = 'transactionStatusToShow' and @value = '2']' not found
	at com.kms.katalon.core.webui.keyword.internal.WebUIKeywordMain.stepFailed(WebUIKeywordMain.groovy:64)
	at com.kms.katalon.core.webui.keyword.builtin.VerifyElementPresentKeyword$_verifyElementPresent_closure1.doCall(VerifyElementPresentKeyword.groovy:85)
	at com.kms.katalon.core.webui.keyword.builtin.VerifyElementPresentKeyword$_verifyElementPresent_closure1.call(VerifyElementPresentKeyword.groovy)
	at com.kms.katalon.core.webui.keyword.internal.WebUIKeywordMain.runKeyword(WebUIKeywordMain.groovy:20)
	at com.kms.katalon.core.webui.keyword.builtin.VerifyElementPresentKeyword.verifyElementPresent(VerifyElementPresentKeyword.groovy:92)
	at com.kms.katalon.core.webui.keyword.builtin.VerifyElementPresentKeyword.execute(VerifyElementPresentKeyword.groovy:68)
	at com.kms.katalon.core.keyword.internal.KeywordExecutor.executeKeywordForPlatform(KeywordExecutor.groovy:74)
	at com.kms.katalon.core.webui.keyword.WebUiBuiltInKeywords.verifyElementPresent(WebUiBuiltInKeywords.groovy:1464)
	at com.kms.katalon.core.webui.keyword.WebUiBuiltInKeywords$verifyElementPresent$1.call(Unknown Source)
	at VerifySearchTransactions_UI_TC.run(VerifySearchTransactions_UI_TC:141)
	at com.kms.katalon.core.main.ScriptEngine.run(ScriptEngine.java:194)
	at com.kms.katalon.core.main.ScriptEngine.runScriptAsRawText(ScriptEngine.java:119)
	at com.kms.katalon.core.main.TestCaseExecutor.runScript(TestCaseExecutor.java:442)
	at com.kms.katalon.core.main.TestCaseExecutor.doExecute(TestCaseExecutor.java:433)
	at com.kms.katalon.core.main.TestCaseExecutor.processExecutionPhase(TestCaseExecutor.java:412)
	at com.kms.katalon.core.main.TestCaseExecutor.accessMainPhase(TestCaseExecutor.java:404)
	at com.kms.katalon.core.main.TestCaseExecutor.execute(TestCaseExecutor.java:281)
	at com.kms.katalon.core.main.TestSuiteExecutor.accessTestCaseMainPhase(TestSuiteExecutor.java:202)
	at com.kms.katalon.core.main.TestSuiteExecutor.accessTestSuiteMainPhase(TestSuiteExecutor.java:164)
	at com.kms.katalon.core.main.TestSuiteExecutor.execute(TestSuiteExecutor.java:105)
	at com.kms.katalon.core.main.TestCaseMain.startTestSuite(TestCaseMain.java:185)
	at com.kms.katalon.core.main.TestCaseMain$startTestSuite$0.call(Unknown Source)
	at TempTestSuite1656641661317.run(TempTestSuite1656641661317.groovy:36)
)

2022-07-01 09:15:10 - [MESSAGE][INFO] - Unable to find the element located by 'By.xpath: //*[@type = 'checkbox' and @name = 'transactionStatusToShow' and @value = '2']'. Please recheck the objects properties to make sure the desired element is located. 

2022-07-01 09:15:10 - [MESSAGE][FAILED] - com.kms.katalon.core.webui.exception.WebElementNotFoundException: Web element with id: 'Object Repository/AdminSuiteBootstrap_Pages/VT_Bootstrap/CCCreditOrVoidSearch/input_ShowOnlySuccessfulTransactions' located by '//*[@type = 'checkbox' and @name = 'transactionStatusToShow' and @value = '2']' not found (Root cause: com.kms.katalon.core.exception.StepFailedException: com.kms.katalon.core.webui.exception.WebElementNotFoundException: Web element with id: 'Object Repository/AdminSuiteBootstrap_Pages/VT_Bootstrap/CCCreditOrVoidSearch/input_ShowOnlySuccessfulTransactions' located by '//*[@type = 'checkbox' and @name = 'transactionStatusToShow' and @value = '2']' not found
	at com.kms.katalon.core.webui.keyword.internal.WebUIKeywordMain.stepFailed(WebUIKeywordMain.groovy:64)
	at com.kms.katalon.core.webui.keyword.builtin.VerifyElementPresentKeyword$_verifyElementPresent_closure1.doCall(VerifyElementPresentKeyword.groovy:85)
	at com.kms.katalon.core.webui.keyword.builtin.VerifyElementPresentKeyword$_verifyElementPresent_closure1.call(VerifyElementPresentKeyword.groovy)
	at com.kms.katalon.core.webui.keyword.internal.WebUIKeywordMain.runKeyword(WebUIKeywordMain.groovy:20)
	at com.kms.katalon.core.webui.keyword.builtin.VerifyElementPresentKeyword.verifyElementPresent(VerifyElementPresentKeyword.groovy:92)
	at com.kms.katalon.core.webui.keyword.builtin.VerifyElementPresentKeyword.execute(VerifyElementPresentKeyword.groovy:68)
	at com.kms.katalon.core.keyword.internal.KeywordExecutor.executeKeywordForPlatform(KeywordExecutor.groovy:74)
	at com.kms.katalon.core.webui.keyword.WebUiBuiltInKeywords.verifyElementPresent(WebUiBuiltInKeywords.groovy:1464)
	at com.kms.katalon.core.webui.keyword.WebUiBuiltInKeywords$verifyElementPresent$1.call(Unknown Source)
	at VerifySearchTransactions_UI_TC.run(VerifySearchTransactions_UI_TC:141)
	at com.kms.katalon.core.main.ScriptEngine.run(ScriptEngine.java:194)
	at com.kms.katalon.core.main.ScriptEngine.runScriptAsRawText(ScriptEngine.java:119)
	at com.kms.katalon.core.main.TestCaseExecutor.runScript(TestCaseExecutor.java:442)
	at com.kms.katalon.core.main.TestCaseExecutor.doExecute(TestCaseExecutor.java:433)
	at com.kms.katalon.core.main.TestCaseExecutor.processExecutionPhase(TestCaseExecutor.java:412)
	at com.kms.katalon.core.main.TestCaseExecutor.accessMainPhase(TestCaseExecutor.java:404)
	at com.kms.katalon.core.main.TestCaseExecutor.execute(TestCaseExecutor.java:281)
	at com.kms.katalon.core.main.TestSuiteExecutor.accessTestCaseMainPhase(TestSuiteExecutor.java:202)
	at com.kms.katalon.core.main.TestSuiteExecutor.accessTestSuiteMainPhase(TestSuiteExecutor.java:164)
	at com.kms.katalon.core.main.TestSuiteExecutor.execute(TestSuiteExecutor.java:105)
	at com.kms.katalon.core.main.TestCaseMain.startTestSuite(TestCaseMain.java:185)
	at com.kms.katalon.core.main.TestCaseMain$startTestSuite$0.call(Unknown Source)
	at TempTestSuite1656641661317.run(TempTestSuite1656641661317.groovy:36)
)
[[ATTACHMENT|E:\\Cloned-Project-Katalon\\VPS-Katalon\\Reports\\20220630_221407\\QA\\VT-Bootstrap\\AdminSuiteBootstrap_UI_TestSuite\\20220630_221421\\1656681310153.png]]

2022-07-01 09:15:10 - [TEST_STEP][FAILED] - verifyElementPresent(findTestObject(path_CCSearch + "input_ShowOnlyFailureTransactions"), 10): com.kms.katalon.core.webui.exception.WebElementNotFoundException: Web element with id: 'Object Repository/AdminSuiteBootstrap_Pages/VT_Bootstrap/CCCreditOrVoidSearch/input_ShowOnlyFailureTransactions' located by '//*[@type = 'checkbox' and @name = 'transactionStatusToShow' and @value = '1']' not found (Root cause: com.kms.katalon.core.exception.StepFailedException: com.kms.katalon.core.webui.exception.WebElementNotFoundException: Web element with id: 'Object Repository/AdminSuiteBootstrap_Pages/VT_Bootstrap/CCCreditOrVoidSearch/input_ShowOnlyFailureTransactions' located by '//*[@type = 'checkbox' and @name = 'transactionStatusToShow' and @value = '1']' not found
	at com.kms.katalon.core.webui.keyword.internal.WebUIKeywordMain.stepFailed(WebUIKeywordMain.groovy:64)
	at com.kms.katalon.core.webui.keyword.builtin.VerifyElementPresentKeyword$_verifyElementPresent_closure1.doCall(VerifyElementPresentKeyword.groovy:85)
	at com.kms.katalon.core.webui.keyword.builtin.VerifyElementPresentKeyword$_verifyElementPresent_closure1.call(VerifyElementPresentKeyword.groovy)
	at com.kms.katalon.core.webui.keyword.internal.WebUIKeywordMain.runKeyword(WebUIKeywordMain.groovy:20)
	at com.kms.katalon.core.webui.keyword.builtin.VerifyElementPresentKeyword.verifyElementPresent(VerifyElementPresentKeyword.groovy:92)
	at com.kms.katalon.core.webui.keyword.builtin.VerifyElementPresentKeyword.execute(VerifyElementPresentKeyword.groovy:68)
	at com.kms.katalon.core.keyword.internal.KeywordExecutor.executeKeywordForPlatform(KeywordExecutor.groovy:74)
	at com.kms.katalon.core.webui.keyword.WebUiBuiltInKeywords.verifyElementPresent(WebUiBuiltInKeywords.groovy:1464)
	at com.kms.katalon.core.webui.keyword.WebUiBuiltInKeywords$verifyElementPresent$1.call(Unknown Source)
	at VerifySearchTransactions_UI_TC.run(VerifySearchTransactions_UI_TC:142)
	at com.kms.katalon.core.main.ScriptEngine.run(ScriptEngine.java:194)
	at com.kms.katalon.core.main.ScriptEngine.runScriptAsRawText(ScriptEngine.java:119)
	at com.kms.katalon.core.main.TestCaseExecutor.runScript(TestCaseExecutor.java:442)
	at com.kms.katalon.core.main.TestCaseExecutor.doExecute(TestCaseExecutor.java:433)
	at com.kms.katalon.core.main.TestCaseExecutor.processExecutionPhase(TestCaseExecutor.java:412)
	at com.kms.katalon.core.main.TestCaseExecutor.accessMainPhase(TestCaseExecutor.java:404)
	at com.kms.katalon.core.main.TestCaseExecutor.execute(TestCaseExecutor.java:281)
	at com.kms.katalon.core.main.TestSuiteExecutor.accessTestCaseMainPhase(TestSuiteExecutor.java:202)
	at com.kms.katalon.core.main.TestSuiteExecutor.accessTestSuiteMainPhase(TestSuiteExecutor.java:164)
	at com.kms.katalon.core.main.TestSuiteExecutor.execute(TestSuiteExecutor.java:105)
	at com.kms.katalon.core.main.TestCaseMain.startTestSuite(TestCaseMain.java:185)
	at com.kms.katalon.core.main.TestCaseMain$startTestSuite$0.call(Unknown Source)
	at TempTestSuite1656641661317.run(TempTestSuite1656641661317.groovy:36)
)

2022-07-01 09:15:21 - [MESSAGE][INFO] - Unable to find the element located by 'By.xpath: //*[@type = 'checkbox' and @name = 'transactionStatusToShow' and @value = '1']'. Please recheck the objects properties to make sure the desired element is located. 

2022-07-01 09:15:21 - [MESSAGE][FAILED] - com.kms.katalon.core.webui.exception.WebElementNotFoundException: Web element with id: 'Object Repository/AdminSuiteBootstrap_Pages/VT_Bootstrap/CCCreditOrVoidSearch/input_ShowOnlyFailureTransactions' located by '//*[@type = 'checkbox' and @name = 'transactionStatusToShow' and @value = '1']' not found (Root cause: com.kms.katalon.core.exception.StepFailedException: com.kms.katalon.core.webui.exception.WebElementNotFoundException: Web element with id: 'Object Repository/AdminSuiteBootstrap_Pages/VT_Bootstrap/CCCreditOrVoidSearch/input_ShowOnlyFailureTransactions' located by '//*[@type = 'checkbox' and @name = 'transactionStatusToShow' and @value = '1']' not found
	at com.kms.katalon.core.webui.keyword.internal.WebUIKeywordMain.stepFailed(WebUIKeywordMain.groovy:64)
	at com.kms.katalon.core.webui.keyword.builtin.VerifyElementPresentKeyword$_verifyElementPresent_closure1.doCall(VerifyElementPresentKeyword.groovy:85)
	at com.kms.katalon.core.webui.keyword.builtin.VerifyElementPresentKeyword$_verifyElementPresent_closure1.call(VerifyElementPresentKeyword.groovy)
	at com.kms.katalon.core.webui.keyword.internal.WebUIKeywordMain.runKeyword(WebUIKeywordMain.groovy:20)
	at com.kms.katalon.core.webui.keyword.builtin.VerifyElementPresentKeyword.verifyElementPresent(VerifyElementPresentKeyword.groovy:92)
	at com.kms.katalon.core.webui.keyword.builtin.VerifyElementPresentKeyword.execute(VerifyElementPresentKeyword.groovy:68)
	at com.kms.katalon.core.keyword.internal.KeywordExecutor.executeKeywordForPlatform(KeywordExecutor.groovy:74)
	at com.kms.katalon.core.webui.keyword.WebUiBuiltInKeywords.verifyElementPresent(WebUiBuiltInKeywords.groovy:1464)
	at com.kms.katalon.core.webui.keyword.WebUiBuiltInKeywords$verifyElementPresent$1.call(Unknown Source)
	at VerifySearchTransactions_UI_TC.run(VerifySearchTransactions_UI_TC:142)
	at com.kms.katalon.core.main.ScriptEngine.run(ScriptEngine.java:194)
	at com.kms.katalon.core.main.ScriptEngine.runScriptAsRawText(ScriptEngine.java:119)
	at com.kms.katalon.core.main.TestCaseExecutor.runScript(TestCaseExecutor.java:442)
	at com.kms.katalon.core.main.TestCaseExecutor.doExecute(TestCaseExecutor.java:433)
	at com.kms.katalon.core.main.TestCaseExecutor.processExecutionPhase(TestCaseExecutor.java:412)
	at com.kms.katalon.core.main.TestCaseExecutor.accessMainPhase(TestCaseExecutor.java:404)
	at com.kms.katalon.core.main.TestCaseExecutor.execute(TestCaseExecutor.java:281)
	at com.kms.katalon.core.main.TestSuiteExecutor.accessTestCaseMainPhase(TestSuiteExecutor.java:202)
	at com.kms.katalon.core.main.TestSuiteExecutor.accessTestSuiteMainPhase(TestSuiteExecutor.java:164)
	at com.kms.katalon.core.main.TestSuiteExecutor.execute(TestSuiteExecutor.java:105)
	at com.kms.katalon.core.main.TestCaseMain.startTestSuite(TestCaseMain.java:185)
	at com.kms.katalon.core.main.TestCaseMain$startTestSuite$0.call(Unknown Source)
	at TempTestSuite1656641661317.run(TempTestSuite1656641661317.groovy:36)
)
[[ATTACHMENT|E:\\Cloned-Project-Katalon\\VPS-Katalon\\Reports\\20220630_221407\\QA\\VT-Bootstrap\\AdminSuiteBootstrap_UI_TestSuite\\20220630_221421\\1656681321708.png]]

2022-07-01 09:15:21 - [TEST_STEP][FAILED] - verifyElementPresent(findTestObject(path_CCSearch + "button_Submit"), 10): com.kms.katalon.core.webui.exception.WebElementNotFoundException: Web element with id: 'Object Repository/AdminSuiteBootstrap_Pages/VT_Bootstrap/CCCreditOrVoidSearch/button_Submit' located by '//*[@type = 'submit' and @id = 'sbuttonbottom' and (text() = 'Submit' or . = 'Submit')]' not found (Root cause: com.kms.katalon.core.exception.StepFailedException: com.kms.katalon.core.webui.exception.WebElementNotFoundException: Web element with id: 'Object Repository/AdminSuiteBootstrap_Pages/VT_Bootstrap/CCCreditOrVoidSearch/button_Submit' located by '//*[@type = 'submit' and @id = 'sbuttonbottom' and (text() = 'Submit' or . = 'Submit')]' not found
	at com.kms.katalon.core.webui.keyword.internal.WebUIKeywordMain.stepFailed(WebUIKeywordMain.groovy:64)
	at com.kms.katalon.core.webui.keyword.builtin.VerifyElementPresentKeyword$_verifyElementPresent_closure1.doCall(VerifyElementPresentKeyword.groovy:85)
	at com.kms.katalon.core.webui.keyword.builtin.VerifyElementPresentKeyword$_verifyElementPresent_closure1.call(VerifyElementPresentKeyword.groovy)
	at com.kms.katalon.core.webui.keyword.internal.WebUIKeywordMain.runKeyword(WebUIKeywordMain.groovy:20)
	at com.kms.katalon.core.webui.keyword.builtin.VerifyElementPresentKeyword.verifyElementPresent(VerifyElementPresentKeyword.groovy:92)
	at com.kms.katalon.core.webui.keyword.builtin.VerifyElementPresentKeyword.execute(VerifyElementPresentKeyword.groovy:68)
	at com.kms.katalon.core.keyword.internal.KeywordExecutor.executeKeywordForPlatform(KeywordExecutor.groovy:74)
	at com.kms.katalon.core.webui.keyword.WebUiBuiltInKeywords.verifyElementPresent(WebUiBuiltInKeywords.groovy:1464)
	at com.kms.katalon.core.webui.keyword.WebUiBuiltInKeywords$verifyElementPresent$1.call(Unknown Source)
	at VerifySearchTransactions_UI_TC.run(VerifySearchTransactions_UI_TC:146)
	at com.kms.katalon.core.main.ScriptEngine.run(ScriptEngine.java:194)
	at com.kms.katalon.core.main.ScriptEngine.runScriptAsRawText(ScriptEngine.java:119)
	at com.kms.katalon.core.main.TestCaseExecutor.runScript(TestCaseExecutor.java:442)
	at com.kms.katalon.core.main.TestCaseExecutor.doExecute(TestCaseExecutor.java:433)
	at com.kms.katalon.core.main.TestCaseExecutor.processExecutionPhase(TestCaseExecutor.java:412)
	at com.kms.katalon.core.main.TestCaseExecutor.accessMainPhase(TestCaseExecutor.java:404)
	at com.kms.katalon.core.main.TestCaseExecutor.execute(TestCaseExecutor.java:281)
	at com.kms.katalon.core.main.TestSuiteExecutor.accessTestCaseMainPhase(TestSuiteExecutor.java:202)
	at com.kms.katalon.core.main.TestSuiteExecutor.accessTestSuiteMainPhase(TestSuiteExecutor.java:164)
	at com.kms.katalon.core.main.TestSuiteExecutor.execute(TestSuiteExecutor.java:105)
	at com.kms.katalon.core.main.TestCaseMain.startTestSuite(TestCaseMain.java:185)
	at com.kms.katalon.core.main.TestCaseMain$startTestSuite$0.call(Unknown Source)
	at TempTestSuite1656641661317.run(TempTestSuite1656641661317.groovy:36)
)

2022-07-01 09:15:33 - [MESSAGE][INFO] - Unable to find the element located by 'By.xpath: //*[@type = 'submit' and @id = 'sbuttonbottom' and (text() = 'Submit' or . = 'Submit')]'. Please recheck the objects properties to make sure the desired element is located. 

2022-07-01 09:15:33 - [MESSAGE][FAILED] - com.kms.katalon.core.webui.exception.WebElementNotFoundException: Web element with id: 'Object Repository/AdminSuiteBootstrap_Pages/VT_Bootstrap/CCCreditOrVoidSearch/button_Submit' located by '//*[@type = 'submit' and @id = 'sbuttonbottom' and (text() = 'Submit' or . = 'Submit')]' not found (Root cause: com.kms.katalon.core.exception.StepFailedException: com.kms.katalon.core.webui.exception.WebElementNotFoundException: Web element with id: 'Object Repository/AdminSuiteBootstrap_Pages/VT_Bootstrap/CCCreditOrVoidSearch/button_Submit' located by '//*[@type = 'submit' and @id = 'sbuttonbottom' and (text() = 'Submit' or . = 'Submit')]' not found
	at com.kms.katalon.core.webui.keyword.internal.WebUIKeywordMain.stepFailed(WebUIKeywordMain.groovy:64)
	at com.kms.katalon.core.webui.keyword.builtin.VerifyElementPresentKeyword$_verifyElementPresent_closure1.doCall(VerifyElementPresentKeyword.groovy:85)
	at com.kms.katalon.core.webui.keyword.builtin.VerifyElementPresentKeyword$_verifyElementPresent_closure1.call(VerifyElementPresentKeyword.groovy)
	at com.kms.katalon.core.webui.keyword.internal.WebUIKeywordMain.runKeyword(WebUIKeywordMain.groovy:20)
	at com.kms.katalon.core.webui.keyword.builtin.VerifyElementPresentKeyword.verifyElementPresent(VerifyElementPresentKeyword.groovy:92)
	at com.kms.katalon.core.webui.keyword.builtin.VerifyElementPresentKeyword.execute(VerifyElementPresentKeyword.groovy:68)
	at com.kms.katalon.core.keyword.internal.KeywordExecutor.executeKeywordForPlatform(KeywordExecutor.groovy:74)
	at com.kms.katalon.core.webui.keyword.WebUiBuiltInKeywords.verifyElementPresent(WebUiBuiltInKeywords.groovy:1464)
	at com.kms.katalon.core.webui.keyword.WebUiBuiltInKeywords$verifyElementPresent$1.call(Unknown Source)
	at VerifySearchTransactions_UI_TC.run(VerifySearchTransactions_UI_TC:146)
	at com.kms.katalon.core.main.ScriptEngine.run(ScriptEngine.java:194)
	at com.kms.katalon.core.main.ScriptEngine.runScriptAsRawText(ScriptEngine.java:119)
	at com.kms.katalon.core.main.TestCaseExecutor.runScript(TestCaseExecutor.java:442)
	at com.kms.katalon.core.main.TestCaseExecutor.doExecute(TestCaseExecutor.java:433)
	at com.kms.katalon.core.main.TestCaseExecutor.processExecutionPhase(TestCaseExecutor.java:412)
	at com.kms.katalon.core.main.TestCaseExecutor.accessMainPhase(TestCaseExecutor.java:404)
	at com.kms.katalon.core.main.TestCaseExecutor.execute(TestCaseExecutor.java:281)
	at com.kms.katalon.core.main.TestSuiteExecutor.accessTestCaseMainPhase(TestSuiteExecutor.java:202)
	at com.kms.katalon.core.main.TestSuiteExecutor.accessTestSuiteMainPhase(TestSuiteExecutor.java:164)
	at com.kms.katalon.core.main.TestSuiteExecutor.execute(TestSuiteExecutor.java:105)
	at com.kms.katalon.core.main.TestCaseMain.startTestSuite(TestCaseMain.java:185)
	at com.kms.katalon.core.main.TestCaseMain$startTestSuite$0.call(Unknown Source)
	at TempTestSuite1656641661317.run(TempTestSuite1656641661317.groovy:36)
)
[[ATTACHMENT|E:\\Cloned-Project-Katalon\\VPS-Katalon\\Reports\\20220630_221407\\QA\\VT-Bootstrap\\AdminSuiteBootstrap_UI_TestSuite\\20220630_221421\\1656681333271.png]]]]></system-out>
         <system-err><![CDATA[2022-07-01 09:08:48 - [TEST_CASE][FAILED] - Test Cases/Admin Suite Bootstrap/VT_SearchTransaction_TestCases/VerifySearchTransactions_UI_TC: Test Cases/Admin Suite Bootstrap/VT_SearchTransaction_TestCases/VerifySearchTransactions_UI_TC FAILED.
Reason:
com.kms.katalon.core.exception.StepFailedException: Unable to click on object 'Object Repository/AdminSuiteBootstrap_Pages/Dashboard_Bootstrap/a_Access AutoNoCFtp' (Root cause: com.kms.katalon.core.exception.StepFailedException: Unable to click on object 'Object Repository/AdminSuiteBootstrap_Pages/Dashboard_Bootstrap/a_Access AutoNoCFtp'
	at com.kms.katalon.core.webui.keyword.internal.WebUIKeywordMain.stepFailed(WebUIKeywordMain.groovy:64)
	at com.kms.katalon.core.webui.keyword.internal.WebUIKeywordMain.runKeyword(WebUIKeywordMain.groovy:26)
	at com.kms.katalon.core.webui.keyword.builtin.ClickKeyword.click(ClickKeyword.groovy:74)
	at com.kms.katalon.core.webui.keyword.builtin.ClickKeyword.execute(ClickKeyword.groovy:40)
	at com.kms.katalon.core.keyword.internal.KeywordExecutor.executeKeywordForPlatform(KeywordExecutor.groovy:74)
	at com.kms.katalon.core.webui.keyword.WebUiBuiltInKeywords.click(WebUiBuiltInKeywords.groovy:620)
	at com.kms.katalon.core.webui.keyword.WebUiBuiltInKeywords$click$3.call(Unknown Source)
	at VerifySearchTransactions_UI_TC.run(VerifySearchTransactions_UI_TC:82)
	at com.kms.katalon.core.main.ScriptEngine.run(ScriptEngine.java:194)
	at com.kms.katalon.core.main.ScriptEngine.runScriptAsRawText(ScriptEngine.java:119)
	at com.kms.katalon.core.main.TestCaseExecutor.runScript(TestCaseExecutor.java:442)
	at com.kms.katalon.core.main.TestCaseExecutor.doExecute(TestCaseExecutor.java:433)
	at com.kms.katalon.core.main.TestCaseExecutor.processExecutionPhase(TestCaseExecutor.java:412)
	at com.kms.katalon.core.main.TestCaseExecutor.accessMainPhase(TestCaseExecutor.java:404)
	at com.kms.katalon.core.main.TestCaseExecutor.execute(TestCaseExecutor.java:281)
	at com.kms.katalon.core.main.TestSuiteExecutor.accessTestCaseMainPhase(TestSuiteExecutor.java:202)
	at com.kms.katalon.core.main.TestSuiteExecutor.accessTestSuiteMainPhase(TestSuiteExecutor.java:164)
	at com.kms.katalon.core.main.TestSuiteExecutor.execute(TestSuiteExecutor.java:105)
	at com.kms.katalon.core.main.TestCaseMain.startTestSuite(TestCaseMain.java:185)
	at com.kms.katalon.core.main.TestCaseMain$startTestSuite$0.call(Unknown Source)
	at TempTestSuite1656641661317.run(TempTestSuite1656641661317.groovy:36)
Caused by: com.kms.katalon.core.webui.exception.WebElementNotFoundException: Web element with id: 'Object Repository/AdminSuiteBootstrap_Pages/Dashboard_Bootstrap/a_Access AutoNoCFtp' located by '//*[@href = '/admin/imtiaz/bootstrap/vpos/742/' and (text() = 'Access AutoNoCFtp' or . = 'Access AutoNoCFtp')]' not found
	at com.kms.katalon.core.webui.common.WebUiCommonHelper.findWebElement(WebUiCommonHelper.java:1370)
	at com.kms.katalon.core.webui.keyword.internal.WebUIAbstractKeyword.findWebElement(WebUIAbstractKeyword.groovy:27)
	at com.kms.katalon.core.webui.keyword.builtin.ClickKeyword$_click_closure1.doCall(ClickKeyword.groovy:65)
	at com.kms.katalon.core.webui.keyword.builtin.ClickKeyword$_click_closure1.call(ClickKeyword.groovy)
	at com.kms.katalon.core.webui.keyword.internal.WebUIKeywordMain.runKeyword(WebUIKeywordMain.groovy:20)
	at com.kms.katalon.core.webui.keyword.builtin.ClickKeyword.click(ClickKeyword.groovy:74)
	at com.kms.katalon.core.webui.keyword.builtin.ClickKeyword.execute(ClickKeyword.groovy:40)
	at com.kms.katalon.core.keyword.internal.KeywordExecutor.executeKeywordForPlatform(KeywordExecutor.groovy:74)
	at com.kms.katalon.core.webui.keyword.WebUiBuiltInKeywords.click(WebUiBuiltInKeywords.groovy:620)
	at com.kms.katalon.core.webui.keyword.WebUiBuiltInKeywords$click$3.call(Unknown Source)
	at Script1648586498920.run(Script1648586498920.groovy:82)
	... 13 more
)
	at com.kms.katalon.core.keyword.internal.KeywordMain.stepFailed(KeywordMain.groovy:39)
	at com.kms.katalon.core.webui.keyword.internal.WebUIKeywordMain.stepFailed(WebUIKeywordMain.groovy:64)
	at com.kms.katalon.core.webui.keyword.internal.WebUIKeywordMain.runKeyword(WebUIKeywordMain.groovy:26)
	at com.kms.katalon.core.webui.keyword.builtin.ClickKeyword.click(ClickKeyword.groovy:74)
	at com.kms.katalon.core.webui.keyword.builtin.ClickKeyword.execute(ClickKeyword.groovy:40)
	at com.kms.katalon.core.keyword.internal.KeywordExecutor.executeKeywordForPlatform(KeywordExecutor.groovy:74)
	at com.kms.katalon.core.webui.keyword.WebUiBuiltInKeywords.click(WebUiBuiltInKeywords.groovy:620)
	at com.kms.katalon.core.webui.keyword.WebUiBuiltInKeywords$click$3.call(Unknown Source)
	at VerifySearchTransactions_UI_TC.run(VerifySearchTransactions_UI_TC:82)
	at com.kms.katalon.core.main.ScriptEngine.run(ScriptEngine.java:194)
	at com.kms.katalon.core.main.ScriptEngine.runScriptAsRawText(ScriptEngine.java:119)
	at com.kms.katalon.core.main.TestCaseExecutor.runScript(TestCaseExecutor.java:442)
	at com.kms.katalon.core.main.TestCaseExecutor.doExecute(TestCaseExecutor.java:433)
	at com.kms.katalon.core.main.TestCaseExecutor.processExecutionPhase(TestCaseExecutor.java:412)
	at com.kms.katalon.core.main.TestCaseExecutor.accessMainPhase(TestCaseExecutor.java:404)
	at com.kms.katalon.core.main.TestCaseExecutor.execute(TestCaseExecutor.java:281)
	at com.kms.katalon.core.main.TestSuiteExecutor.accessTestCaseMainPhase(TestSuiteExecutor.java:202)
	at com.kms.katalon.core.main.TestSuiteExecutor.accessTestSuiteMainPhase(TestSuiteExecutor.java:164)
	at com.kms.katalon.core.main.TestSuiteExecutor.execute(TestSuiteExecutor.java:105)
	at com.kms.katalon.core.main.TestCaseMain.startTestSuite(TestCaseMain.java:185)
	at com.kms.katalon.core.main.TestCaseMain$startTestSuite$0.call(Unknown Source)
	at TempTestSuite1656641661317.run(TempTestSuite1656641661317.groovy:36)
Caused by: com.kms.katalon.core.exception.StepFailedException: Unable to click on object 'Object Repository/AdminSuiteBootstrap_Pages/Dashboard_Bootstrap/a_Access AutoNoCFtp'
	... 21 more
Caused by: com.kms.katalon.core.webui.exception.WebElementNotFoundException: Web element with id: 'Object Repository/AdminSuiteBootstrap_Pages/Dashboard_Bootstrap/a_Access AutoNoCFtp' located by '//*[@href = '/admin/imtiaz/bootstrap/vpos/742/' and (text() = 'Access AutoNoCFtp' or . = 'Access AutoNoCFtp')]' not found
	at com.kms.katalon.core.webui.common.WebUiCommonHelper.findWebElement(WebUiCommonHelper.java:1370)
	at com.kms.katalon.core.webui.keyword.internal.WebUIAbstractKeyword.findWebElement(WebUIAbstractKeyword.groovy:27)
	at com.kms.katalon.core.webui.keyword.builtin.ClickKeyword$_click_closure1.doCall(ClickKeyword.groovy:65)
	at com.kms.katalon.core.webui.keyword.builtin.ClickKeyword$_click_closure1.call(ClickKeyword.groovy)
	at com.kms.katalon.core.webui.keyword.internal.WebUIKeywordMain.runKeyword(WebUIKeywordMain.groovy:20)
	... 19 more]]></system-err>
      </testcase>
      <testcase name="Test Cases/Admin Suite Bootstrap/VT_SearchTransaction_TestCases/Sale_SearchTransaction_Generic_TC" time="58.076" classname="Test Cases/Admin Suite Bootstrap/VT_SearchTransaction_TestCases/Sale_SearchTransaction_Generic_TC" status="PASSED">
         <system-out><![CDATA[2022-07-01 09:15:33 - [TEST_CASE][PASSED] - Test Cases/Admin Suite Bootstrap/VT_SearchTransaction_TestCases/Sale_SearchTransaction_Generic_TC: Test Cases/Admin Suite Bootstrap/VT_SearchTransaction_TestCases/Sale_SearchTransaction_Generic_TC

2022-07-01 09:15:33 - [TEST_STEP][PASSED] - path_Dashboard = "Object Repository/AdminSuiteBootstrap_Pages/Dashboard_Bootstrap/": null

2022-07-01 09:15:33 - [TEST_STEP][PASSED] - path_VT = "Object Repository/AdminSuiteBootstrap_Pages/VT_Bootstrap/IssueTransactions/": null

2022-07-01 09:15:33 - [TEST_STEP][PASSED] - path_SaleKB = "Object Repository/AdminSuiteBootstrap_Pages/VT_Bootstrap/SaleKeyboard/": null

2022-07-01 09:15:33 - [TEST_STEP][PASSED] - path_TestMinus = "Object Repository/Page_TestMinusAndAtSigns/": null

2022-07-01 09:15:33 - [TEST_STEP][PASSED] - path_Receipt = "Object Repository/AdminSuiteBootstrap_Pages/VT_Bootstrap/Receipt/": null

2022-07-01 09:15:33 - [TEST_STEP][PASSED] - path_CCSearch = "Object Repository/AdminSuiteBootstrap_Pages/VT_Bootstrap/CCCreditOrVoidSearch/": null

2022-07-01 09:15:33 - [TEST_STEP][PASSED] - path_SearchResults = "Object Repository/AdminSuiteBootstrap_Pages/VT_Bootstrap/SearchResults/": null

2022-07-01 09:15:33 - [TEST_STEP][PASSED] - path_TranxDetails = "Object Repository/AdminSuiteBootstrap_Pages/VT_Bootstrap/TransactionDetails/": null

2022-07-01 09:15:33 - [TEST_STEP][PASSED] - li_1 = vpos_Prefix: null

2022-07-01 09:15:33 - [TEST_STEP][PASSED] - li_2 = "/transactions/AuthCapForm/": null

2022-07-01 09:15:33 - [TEST_STEP][PASSED] - executionProfile = getExecutionProfile(): null

2022-07-01 09:15:33 - [TEST_STEP][PASSED] - out.println("executionProfile : " + executionProfile): null

2022-07-01 09:15:33 - [TEST_STEP][PASSED] - appName = <not implemented yet for class: org.codehaus.groovy.ast.expr.EmptyExpression>: null

2022-07-01 09:15:33 - [TEST_STEP][PASSED] - appID = <not implemented yet for class: org.codehaus.groovy.ast.expr.EmptyExpression>: null

2022-07-01 09:15:33 - [TEST_STEP][PASSED] - cardNameV = <not implemented yet for class: org.codehaus.groovy.ast.expr.EmptyExpression>: null

2022-07-01 09:15:33 - [TEST_STEP][PASSED] - al1V = <not implemented yet for class: org.codehaus.groovy.ast.expr.EmptyExpression>: null

2022-07-01 09:15:33 - [TEST_STEP][PASSED] - al2V = <not implemented yet for class: org.codehaus.groovy.ast.expr.EmptyExpression>: null

2022-07-01 09:15:33 - [TEST_STEP][PASSED] - zipV = <not implemented yet for class: org.codehaus.groovy.ast.expr.EmptyExpression>: null

2022-07-01 09:15:33 - [TEST_STEP][PASSED] - cardTypeV = <not implemented yet for class: org.codehaus.groovy.ast.expr.EmptyExpression>: null

2022-07-01 09:15:33 - [TEST_STEP][PASSED] - last4V = <not implemented yet for class: org.codehaus.groovy.ast.expr.EmptyExpression>: null

2022-07-01 09:15:33 - [TEST_STEP][PASSED] - resText = "Fail": null

2022-07-01 09:15:33 - [TEST_STEP][PASSED] - resColumn = "Result": null

2022-07-01 09:15:33 - [TEST_STEP][PASSED] - datCloumn = "Date": null

2022-07-01 09:15:33 - [TEST_STEP][PASSED] - fileLoc = "C:\KatalonData\Bootstrap\VT-Misc-Data.xlsx": null

2022-07-01 09:15:33 - [TEST_STEP][PASSED] - numOfRows = <not implemented yet for class: org.codehaus.groovy.ast.expr.EmptyExpression>: null

2022-07-01 09:15:33 - [TEST_STEP][PASSED] - dataFile = <not implemented yet for class: org.codehaus.groovy.ast.expr.EmptyExpression>: null

2022-07-01 09:15:33 - [TEST_STEP][PASSED] - nameSheet = <not implemented yet for class: org.codehaus.groovy.ast.expr.EmptyExpression>: null

2022-07-01 09:15:33 - [TEST_STEP][PASSED] - nameSheet = "SaleSearchTransactions": null

2022-07-01 09:15:33 - [TEST_STEP][PASSED] - numOfRows = findTestData("QA/Bootstrap/VT-SearchTransactions-TestData/VT-SaleSearchTransactions").getRowNumbers(): null

2022-07-01 09:15:34 - [TEST_STEP][PASSED] - println("Number of Records: " + numOfRows): null

2022-07-01 09:15:34 - [TEST_STEP][PASSED] - dataFile = "QA/Bootstrap/VT-SearchTransactions-TestData/VT-SaleSearchTransactions": null

2022-07-01 09:15:34 - [TEST_STEP][PASSED] - for ([row = 1, row <= numOfRows, (row++)]): null

2022-07-01 09:15:34 - [TEST_STEP][PASSED] - ExecuteTC = findTestData(dataFile).getValue("Execute", row): null

2022-07-01 09:15:34 - [TEST_STEP][PASSED] - out.println("Value of Execute is : " + ExecuteTC): null

2022-07-01 09:15:34 - [TEST_STEP][PASSED] - switch (executionProfile): null

2022-07-01 09:15:34 - [TEST_STEP][PASSED] - case "QAProfile":: null

2022-07-01 09:15:34 - [TEST_STEP][PASSED] - appName = findTestData(dataFile).getValue("AppNameQA", row): null

2022-07-01 09:15:34 - [TEST_STEP][PASSED] - appID = findTestData(dataFile).getValue("AppIDQA", row): null

2022-07-01 09:15:34 - [TEST_STEP][PASSED] - break: null

2022-07-01 09:15:34 - [TEST_STEP][PASSED] - hrefAppID = li_1 + appID + li_2: null

2022-07-01 09:15:34 - [TEST_STEP][PASSED] - hrefApp = li_1 + appID + "/": null

2022-07-01 09:15:34 - [TEST_STEP][PASSED] - println("hrefApp : " + hrefApp): null

2022-07-01 09:15:34 - [TEST_STEP][PASSED] - if (ExecuteTC.equalsIgnoreCase("Y")): null

2022-07-01 09:15:34 - [TEST_STEP][PASSED] - ExecuteTC = findTestData(dataFile).getValue("Execute", row): null

2022-07-01 09:15:34 - [TEST_STEP][PASSED] - out.println("Value of Execute is : " + ExecuteTC): null

2022-07-01 09:15:34 - [TEST_STEP][PASSED] - switch (executionProfile): null

2022-07-01 09:15:34 - [TEST_STEP][PASSED] - case "QAProfile":: null

2022-07-01 09:15:34 - [TEST_STEP][PASSED] - appName = findTestData(dataFile).getValue("AppNameQA", row): null

2022-07-01 09:15:34 - [TEST_STEP][PASSED] - appID = findTestData(dataFile).getValue("AppIDQA", row): null

2022-07-01 09:15:34 - [TEST_STEP][PASSED] - break: null

2022-07-01 09:15:34 - [TEST_STEP][PASSED] - hrefAppID = li_1 + appID + li_2: null

2022-07-01 09:15:34 - [TEST_STEP][PASSED] - hrefApp = li_1 + appID + "/": null

2022-07-01 09:15:34 - [TEST_STEP][PASSED] - println("hrefApp : " + hrefApp): null

2022-07-01 09:15:34 - [TEST_STEP][PASSED] - if (ExecuteTC.equalsIgnoreCase("Y")): null

2022-07-01 09:15:34 - [TEST_STEP][PASSED] - ExecuteTC = findTestData(dataFile).getValue("Execute", row): null

2022-07-01 09:15:34 - [TEST_STEP][PASSED] - out.println("Value of Execute is : " + ExecuteTC): null

2022-07-01 09:15:34 - [TEST_STEP][PASSED] - switch (executionProfile): null

2022-07-01 09:15:34 - [TEST_STEP][PASSED] - case "QAProfile":: null

2022-07-01 09:15:34 - [TEST_STEP][PASSED] - appName = findTestData(dataFile).getValue("AppNameQA", row): null

2022-07-01 09:15:34 - [TEST_STEP][PASSED] - appID = findTestData(dataFile).getValue("AppIDQA", row): null

2022-07-01 09:15:34 - [TEST_STEP][PASSED] - break: null

2022-07-01 09:15:34 - [TEST_STEP][PASSED] - hrefAppID = li_1 + appID + li_2: null

2022-07-01 09:15:34 - [TEST_STEP][PASSED] - hrefApp = li_1 + appID + "/": null

2022-07-01 09:15:34 - [TEST_STEP][PASSED] - println("hrefApp : " + hrefApp): null

2022-07-01 09:15:34 - [TEST_STEP][PASSED] - if (ExecuteTC.equalsIgnoreCase("Y")): null

2022-07-01 09:15:34 - [TEST_STEP][PASSED] - ExecuteTC = findTestData(dataFile).getValue("Execute", row): null

2022-07-01 09:15:35 - [TEST_STEP][PASSED] - out.println("Value of Execute is : " + ExecuteTC): null

2022-07-01 09:15:35 - [TEST_STEP][PASSED] - switch (executionProfile): null

2022-07-01 09:15:35 - [TEST_STEP][PASSED] - case "QAProfile":: null

2022-07-01 09:15:35 - [TEST_STEP][PASSED] - appName = findTestData(dataFile).getValue("AppNameQA", row): null

2022-07-01 09:15:35 - [TEST_STEP][PASSED] - appID = findTestData(dataFile).getValue("AppIDQA", row): null

2022-07-01 09:15:35 - [TEST_STEP][PASSED] - break: null

2022-07-01 09:15:35 - [TEST_STEP][PASSED] - hrefAppID = li_1 + appID + li_2: null

2022-07-01 09:15:35 - [TEST_STEP][PASSED] - hrefApp = li_1 + appID + "/": null

2022-07-01 09:15:35 - [TEST_STEP][PASSED] - println("hrefApp : " + hrefApp): null

2022-07-01 09:15:35 - [TEST_STEP][PASSED] - if (ExecuteTC.equalsIgnoreCase("Y")): null

2022-07-01 09:15:35 - [TEST_STEP][PASSED] - ExecuteTC = findTestData(dataFile).getValue("Execute", row): null

2022-07-01 09:15:35 - [TEST_STEP][PASSED] - out.println("Value of Execute is : " + ExecuteTC): null

2022-07-01 09:15:35 - [TEST_STEP][PASSED] - switch (executionProfile): null

2022-07-01 09:15:35 - [TEST_STEP][PASSED] - case "QAProfile":: null

2022-07-01 09:15:35 - [TEST_STEP][PASSED] - appName = findTestData(dataFile).getValue("AppNameQA", row): null

2022-07-01 09:15:35 - [TEST_STEP][PASSED] - appID = findTestData(dataFile).getValue("AppIDQA", row): null

2022-07-01 09:15:35 - [TEST_STEP][PASSED] - break: null

2022-07-01 09:15:35 - [TEST_STEP][PASSED] - hrefAppID = li_1 + appID + li_2: null

2022-07-01 09:15:35 - [TEST_STEP][PASSED] - hrefApp = li_1 + appID + "/": null

2022-07-01 09:15:35 - [TEST_STEP][PASSED] - println("hrefApp : " + hrefApp): null

2022-07-01 09:15:35 - [TEST_STEP][PASSED] - if (ExecuteTC.equalsIgnoreCase("Y")): null

2022-07-01 09:15:35 - [TEST_STEP][PASSED] - ExecuteTC = findTestData(dataFile).getValue("Execute", row): null

2022-07-01 09:15:35 - [TEST_STEP][PASSED] - out.println("Value of Execute is : " + ExecuteTC): null

2022-07-01 09:15:35 - [TEST_STEP][PASSED] - switch (executionProfile): null

2022-07-01 09:15:35 - [TEST_STEP][PASSED] - case "QAProfile":: null

2022-07-01 09:15:35 - [TEST_STEP][PASSED] - appName = findTestData(dataFile).getValue("AppNameQA", row): null

2022-07-01 09:15:35 - [TEST_STEP][PASSED] - appID = findTestData(dataFile).getValue("AppIDQA", row): null

2022-07-01 09:15:35 - [TEST_STEP][PASSED] - break: null

2022-07-01 09:15:35 - [TEST_STEP][PASSED] - hrefAppID = li_1 + appID + li_2: null

2022-07-01 09:15:35 - [TEST_STEP][PASSED] - hrefApp = li_1 + appID + "/": null

2022-07-01 09:15:35 - [TEST_STEP][PASSED] - println("hrefApp : " + hrefApp): null

2022-07-01 09:15:35 - [TEST_STEP][PASSED] - if (ExecuteTC.equalsIgnoreCase("Y")): null

2022-07-01 09:15:35 - [TEST_STEP][PASSED] - ExecuteTC = findTestData(dataFile).getValue("Execute", row): null

2022-07-01 09:15:35 - [TEST_STEP][PASSED] - out.println("Value of Execute is : " + ExecuteTC): null

2022-07-01 09:15:35 - [TEST_STEP][PASSED] - switch (executionProfile): null

2022-07-01 09:15:35 - [TEST_STEP][PASSED] - case "QAProfile":: null

2022-07-01 09:15:35 - [TEST_STEP][PASSED] - appName = findTestData(dataFile).getValue("AppNameQA", row): null

2022-07-01 09:15:35 - [TEST_STEP][PASSED] - appID = findTestData(dataFile).getValue("AppIDQA", row): null

2022-07-01 09:15:35 - [TEST_STEP][PASSED] - break: null

2022-07-01 09:15:35 - [TEST_STEP][PASSED] - hrefAppID = li_1 + appID + li_2: null

2022-07-01 09:15:35 - [TEST_STEP][PASSED] - hrefApp = li_1 + appID + "/": null

2022-07-01 09:15:35 - [TEST_STEP][PASSED] - println("hrefApp : " + hrefApp): null

2022-07-01 09:15:35 - [TEST_STEP][PASSED] - if (ExecuteTC.equalsIgnoreCase("Y")): null

2022-07-01 09:15:35 - [TEST_STEP][PASSED] - ExecuteTC = findTestData(dataFile).getValue("Execute", row): null

2022-07-01 09:15:35 - [TEST_STEP][PASSED] - out.println("Value of Execute is : " + ExecuteTC): null

2022-07-01 09:15:35 - [TEST_STEP][PASSED] - switch (executionProfile): null

2022-07-01 09:15:35 - [TEST_STEP][PASSED] - case "QAProfile":: null

2022-07-01 09:15:35 - [TEST_STEP][PASSED] - appName = findTestData(dataFile).getValue("AppNameQA", row): null

2022-07-01 09:15:35 - [TEST_STEP][PASSED] - appID = findTestData(dataFile).getValue("AppIDQA", row): null

2022-07-01 09:15:36 - [TEST_STEP][PASSED] - break: null

2022-07-01 09:15:36 - [TEST_STEP][PASSED] - hrefAppID = li_1 + appID + li_2: null

2022-07-01 09:15:36 - [TEST_STEP][PASSED] - hrefApp = li_1 + appID + "/": null

2022-07-01 09:15:36 - [TEST_STEP][PASSED] - println("hrefApp : " + hrefApp): null

2022-07-01 09:15:36 - [TEST_STEP][PASSED] - if (ExecuteTC.equalsIgnoreCase("Y")): null

2022-07-01 09:15:36 - [TEST_STEP][PASSED] - ExecuteTC = findTestData(dataFile).getValue("Execute", row): null

2022-07-01 09:15:36 - [TEST_STEP][PASSED] - out.println("Value of Execute is : " + ExecuteTC): null

2022-07-01 09:15:36 - [TEST_STEP][PASSED] - switch (executionProfile): null

2022-07-01 09:15:36 - [TEST_STEP][PASSED] - case "QAProfile":: null

2022-07-01 09:15:36 - [TEST_STEP][PASSED] - appName = findTestData(dataFile).getValue("AppNameQA", row): null

2022-07-01 09:15:36 - [TEST_STEP][PASSED] - appID = findTestData(dataFile).getValue("AppIDQA", row): null

2022-07-01 09:15:36 - [TEST_STEP][PASSED] - break: null

2022-07-01 09:15:36 - [TEST_STEP][PASSED] - hrefAppID = li_1 + appID + li_2: null

2022-07-01 09:15:36 - [TEST_STEP][PASSED] - hrefApp = li_1 + appID + "/": null

2022-07-01 09:15:36 - [TEST_STEP][PASSED] - println("hrefApp : " + hrefApp): null

2022-07-01 09:15:36 - [TEST_STEP][PASSED] - if (ExecuteTC.equalsIgnoreCase("Y")): null

2022-07-01 09:15:36 - [TEST_STEP][PASSED] - ExecuteTC = findTestData(dataFile).getValue("Execute", row): null

2022-07-01 09:15:36 - [TEST_STEP][PASSED] - out.println("Value of Execute is : " + ExecuteTC): null

2022-07-01 09:15:36 - [TEST_STEP][PASSED] - switch (executionProfile): null

2022-07-01 09:15:36 - [TEST_STEP][PASSED] - case "QAProfile":: null

2022-07-01 09:15:36 - [TEST_STEP][PASSED] - appName = findTestData(dataFile).getValue("AppNameQA", row): null

2022-07-01 09:15:36 - [TEST_STEP][PASSED] - appID = findTestData(dataFile).getValue("AppIDQA", row): null

2022-07-01 09:15:36 - [TEST_STEP][PASSED] - break: null

2022-07-01 09:15:36 - [TEST_STEP][PASSED] - hrefAppID = li_1 + appID + li_2: null

2022-07-01 09:15:36 - [TEST_STEP][PASSED] - hrefApp = li_1 + appID + "/": null

2022-07-01 09:15:36 - [TEST_STEP][PASSED] - println("hrefApp : " + hrefApp): null

2022-07-01 09:15:36 - [TEST_STEP][PASSED] - if (ExecuteTC.equalsIgnoreCase("Y")): null

2022-07-01 09:15:36 - [TEST_STEP][PASSED] - ExecuteTC = findTestData(dataFile).getValue("Execute", row): null

2022-07-01 09:15:36 - [TEST_STEP][PASSED] - out.println("Value of Execute is : " + ExecuteTC): null

2022-07-01 09:15:36 - [TEST_STEP][PASSED] - switch (executionProfile): null

2022-07-01 09:15:36 - [TEST_STEP][PASSED] - case "QAProfile":: null

2022-07-01 09:15:36 - [TEST_STEP][PASSED] - appName = findTestData(dataFile).getValue("AppNameQA", row): null

2022-07-01 09:15:36 - [TEST_STEP][PASSED] - appID = findTestData(dataFile).getValue("AppIDQA", row): null

2022-07-01 09:15:36 - [TEST_STEP][PASSED] - break: null

2022-07-01 09:15:36 - [TEST_STEP][PASSED] - hrefAppID = li_1 + appID + li_2: null

2022-07-01 09:15:36 - [TEST_STEP][PASSED] - hrefApp = li_1 + appID + "/": null

2022-07-01 09:15:36 - [TEST_STEP][PASSED] - println("hrefApp : " + hrefApp): null

2022-07-01 09:15:36 - [TEST_STEP][PASSED] - if (ExecuteTC.equalsIgnoreCase("Y")): null

2022-07-01 09:15:36 - [TEST_STEP][PASSED] - ExecuteTC = findTestData(dataFile).getValue("Execute", row): null

2022-07-01 09:15:36 - [TEST_STEP][PASSED] - out.println("Value of Execute is : " + ExecuteTC): null

2022-07-01 09:15:36 - [TEST_STEP][PASSED] - switch (executionProfile): null

2022-07-01 09:15:36 - [TEST_STEP][PASSED] - case "QAProfile":: null

2022-07-01 09:15:36 - [TEST_STEP][PASSED] - appName = findTestData(dataFile).getValue("AppNameQA", row): null

2022-07-01 09:15:36 - [TEST_STEP][PASSED] - appID = findTestData(dataFile).getValue("AppIDQA", row): null

2022-07-01 09:15:36 - [TEST_STEP][PASSED] - break: null

2022-07-01 09:15:36 - [TEST_STEP][PASSED] - hrefAppID = li_1 + appID + li_2: null

2022-07-01 09:15:36 - [TEST_STEP][PASSED] - hrefApp = li_1 + appID + "/": null

2022-07-01 09:15:36 - [TEST_STEP][PASSED] - println("hrefApp : " + hrefApp): null

2022-07-01 09:15:36 - [TEST_STEP][PASSED] - if (ExecuteTC.equalsIgnoreCase("Y")): Browser is closed

2022-07-01 09:15:36 - [TEST_STEP][PASSED] - out.println("Begin Record Number: " + row): null

2022-07-01 09:15:36 - [TEST_STEP][PASSED] - today = new java.util.Date(): null

2022-07-01 09:15:36 - [TEST_STEP][PASSED] - println(today): null

2022-07-01 09:15:36 - [TEST_STEP][PASSED] - datText = today: null

2022-07-01 09:15:36 - [TEST_STEP][PASSED] - adminSuiteBootstrap.loginFunctionality.login_AdminSuite(): adminSuiteBootstrap.loginFunctionality.login_AdminSuite is PASSED

2022-07-01 09:15:36 - [MESSAGE][WARNING] - A browser is already opened. Closing browser and opening a new one

2022-07-01 09:15:37 - [MESSAGE][INFO] - Starting 'Chrome' driver

2022-07-01 09:15:37 - [MESSAGE][INFO] - User set preference: ['acceptInsecureCerts', 'true']

2022-07-01 09:15:37 - [MESSAGE][INFO] - Action delay is set to 0 milliseconds

2022-07-01 09:15:40 - [MESSAGE][PASSED] - Browser is opened with url: 'https://qa.velocitypayment.com/admin/imtiaz'

2022-07-01 09:15:40 - [MESSAGE][PASSED] - Current window maximized

2022-07-01 09:15:40 - [MESSAGE][PASSED] - Object 'Object Repository/Login_Page/Login_Username' is present

2022-07-01 09:15:41 - [MESSAGE][PASSED] - Text 'iahmed' is set on object 'Object Repository/Login_Page/Login_Username'

2022-07-01 09:15:42 - [MESSAGE][PASSED] - Text 'hello2222' is set on object 'Object Repository/Login_Page/Login_Password'

2022-07-01 09:15:45 - [MESSAGE][PASSED] - Object: 'Object Repository/Login_Page/Login_Submit' is clicked on

2022-07-01 09:15:45 - [MESSAGE][PASSED] - adminSuiteBootstrap.loginFunctionality.login_AdminSuite is PASSED

2022-07-01 09:15:45 - [TEST_STEP][PASSED] - click(findTestObject(path_Dashboard + appName)): Object: 'Object Repository/AdminSuiteBootstrap_Pages/Dashboard_Bootstrap/a_Access AutoNoCFtp' is clicked on

2022-07-01 09:15:46 - [MESSAGE][PASSED] - Object: 'Object Repository/AdminSuiteBootstrap_Pages/Dashboard_Bootstrap/a_Access AutoNoCFtp' is clicked on

2022-07-01 09:15:46 - [TEST_STEP][PASSED] - click(findTestObject(path_VT + "button_Authorization  Capture (Sale)")): Object: 'Object Repository/AdminSuiteBootstrap_Pages/VT_Bootstrap/IssueTransactions/button_Authorization  Capture (Sale)' is clicked on

2022-07-01 09:15:47 - [MESSAGE][PASSED] - Object: 'Object Repository/AdminSuiteBootstrap_Pages/VT_Bootstrap/IssueTransactions/button_Authorization  Capture (Sale)' is clicked on

2022-07-01 09:15:47 - [TEST_STEP][PASSED] - saleKeyboardEntryLink = modifyObjectProperty(findTestObject(path_VT + "a_KeyboardEntry_Sale"), "href", "equals", hrefAppID, true): Modify property of object successfully

2022-07-01 09:15:47 - [MESSAGE][PASSED] - Modify property of object successfully

2022-07-01 09:15:47 - [TEST_STEP][PASSED] - click(saleKeyboardEntryLink): Object: 'Object Repository/AdminSuiteBootstrap_Pages/VT_Bootstrap/IssueTransactions/a_KeyboardEntry_Sale' is clicked on

2022-07-01 09:15:48 - [MESSAGE][PASSED] - Object: 'Object Repository/AdminSuiteBootstrap_Pages/VT_Bootstrap/IssueTransactions/a_KeyboardEntry_Sale' is clicked on

2022-07-01 09:15:48 - [TEST_STEP][PASSED] - adminSuiteBootstrap.virtualTerminalSetData.saleKeyboard_DataDriven(row, dataFile): adminSuiteBootstrap.virtualTerminalSetData.saleKeyboard_DataDriven is PASSED

2022-07-01 09:15:50 - [MESSAGE][PASSED] - Text 'Mithun Chakravarthy' is set on object 'Object Repository/AdminSuiteBootstrap_Pages/VT_Bootstrap/SaleKeyboard/input_cardName'

2022-07-01 09:15:51 - [MESSAGE][PASSED] - All options with value 'MOTO' are selected in object 'Object Repository/AdminSuiteBootstrap_Pages/VT_Bootstrap/SaleKeyboard/select_transactionCategory'  using regular expression

2022-07-01 09:15:51 - [MESSAGE][PASSED] - Execute JavaScript 'arguments[0].value ='6011000993026909' ' successfully

2022-07-01 09:15:52 - [MESSAGE][PASSED] - Execute JavaScript 'arguments[0].value ='123' ' successfully

2022-07-01 09:15:53 - [MESSAGE][PASSED] - All options with value '12' are selected in object 'Object Repository/AdminSuiteBootstrap_Pages/VT_Bootstrap/SaleKeyboard/select_MM'  using regular expression

2022-07-01 09:15:54 - [MESSAGE][PASSED] - All options with value '2025' are selected in object 'Object Repository/AdminSuiteBootstrap_Pages/VT_Bootstrap/SaleKeyboard/select_YYYY'  using regular expression

2022-07-01 09:15:54 - [MESSAGE][PASSED] - Text '6565 Jhilmil Palace' is set on object 'Object Repository/AdminSuiteBootstrap_Pages/VT_Bootstrap/SaleKeyboard/input__address'

2022-07-01 09:15:55 - [MESSAGE][PASSED] - Text 'Suite 500' is set on object 'Object Repository/AdminSuiteBootstrap_Pages/VT_Bootstrap/SaleKeyboard/input__address2'

2022-07-01 09:15:56 - [MESSAGE][PASSED] - Text '21093' is set on object 'Object Repository/AdminSuiteBootstrap_Pages/VT_Bootstrap/SaleKeyboard/input__zip'

2022-07-01 09:15:56 - [MESSAGE][PASSED] - Text '' is set on object 'Object Repository/AdminSuiteBootstrap_Pages/VT_Bootstrap/SaleKeyboard/input_emailAddress'

2022-07-01 09:15:57 - [MESSAGE][PASSED] - Text '' is set on object 'Object Repository/AdminSuiteBootstrap_Pages/VT_Bootstrap/SaleKeyboard/input_smsNumber'

2022-07-01 09:15:58 - [MESSAGE][PASSED] - Text '10.50' is set on object 'Object Repository/AdminSuiteBootstrap_Pages/VT_Bootstrap/SaleKeyboard/input_amount'

2022-07-01 09:15:59 - [MESSAGE][PASSED] - Text 'Yaad aa raha hai' is set on object 'Object Repository/AdminSuiteBootstrap_Pages/VT_Bootstrap/SaleKeyboard/input_userDefined1'

2022-07-01 09:15:59 - [MESSAGE][PASSED] - Text 'Tera Pyar' is set on object 'Object Repository/AdminSuiteBootstrap_Pages/VT_Bootstrap/SaleKeyboard/input_userDefined2'

2022-07-01 09:16:00 - [MESSAGE][PASSED] - Text 'Yaron Main to' is set on object 'Object Repository/AdminSuiteBootstrap_Pages/VT_Bootstrap/SaleKeyboard/input_userDefined3'

2022-07-01 09:16:01 - [MESSAGE][PASSED] - Text 'Yahan Jeeta raha' is set on object 'Object Repository/AdminSuiteBootstrap_Pages/VT_Bootstrap/SaleKeyboard/input_userDefined4'

2022-07-01 09:16:02 - [MESSAGE][PASSED] - All options with label 'Orange' are selected in object 'Object Repository/AdminSuiteBootstrap_Pages/VT_Bootstrap/SaleKeyboard/select_UDF5_DropDown'  using regular expression

2022-07-01 09:16:03 - [MESSAGE][PASSED] - All options with label 'Yellow' are selected in object 'Object Repository/AdminSuiteBootstrap_Pages/VT_Bootstrap/SaleKeyboard/select_UDF6_DropDown'  using regular expression

2022-07-01 09:16:04 - [MESSAGE][PASSED] - Text 'Saare Ghum' is set on object 'Object Repository/AdminSuiteBootstrap_Pages/VT_Bootstrap/SaleKeyboard/input_userDefined7'

2022-07-01 09:16:04 - [MESSAGE][PASSED] - Text 'Apne Bhula ke' is set on object 'Object Repository/AdminSuiteBootstrap_Pages/VT_Bootstrap/SaleKeyboard/input_userDefined8'

2022-07-01 09:16:05 - [MESSAGE][PASSED] - Text 'Yaad aa raha hai' is set on object 'Object Repository/AdminSuiteBootstrap_Pages/VT_Bootstrap/SaleKeyboard/input_userDefined9'

2022-07-01 09:16:06 - [MESSAGE][PASSED] - Text 'Tera Pyar' is set on object 'Object Repository/AdminSuiteBootstrap_Pages/VT_Bootstrap/SaleKeyboard/input_userDefined10'

2022-07-01 09:16:08 - [MESSAGE][PASSED] - Object: 'Object Repository/AdminSuiteBootstrap_Pages/VT_Bootstrap/SaleKeyboard/button_Submit' is clicked on

2022-07-01 09:16:08 - [MESSAGE][PASSED] - adminSuiteBootstrap.virtualTerminalSetData.saleKeyboard_DataDriven is PASSED

2022-07-01 09:16:08 - [TEST_STEP][PASSED] - if (verifyTextPresent("Transaction Successful", true)): null

2022-07-01 09:16:09 - [MESSAGE][PASSED] - Text 'Transaction Successful' is present on page  using regular expression

2022-07-01 09:16:09 - [TEST_STEP][PASSED] - sdf = getText(findTestObject(path_Receipt + "td_AutoNoC031622113752957Ahm")): Text of object 'Object Repository/AdminSuiteBootstrap_Pages/VT_Bootstrap/Receipt/td_AutoNoC031622113752957Ahm' is: 'AutoNoC070122091209103Ahm'

2022-07-01 09:16:09 - [MESSAGE][PASSED] - Text of object 'Object Repository/AdminSuiteBootstrap_Pages/VT_Bootstrap/Receipt/td_AutoNoC031622113752957Ahm' is: 'AutoNoC070122091209103Ahm'

2022-07-01 09:16:09 - [TEST_STEP][PASSED] - out.println("sdf: " + sdf): null

2022-07-01 09:16:09 - [TEST_STEP][PASSED] - remID = sdf: null

2022-07-01 09:16:09 - [TEST_STEP][PASSED] - out.println("remID: " + remID): null

2022-07-01 09:16:09 - [TEST_STEP][PASSED] - click(findTestObject(path_Receipt + "button_Continue")): Object: 'Object Repository/AdminSuiteBootstrap_Pages/VT_Bootstrap/Receipt/button_Continue' is clicked on

2022-07-01 09:16:10 - [MESSAGE][PASSED] - Object: 'Object Repository/AdminSuiteBootstrap_Pages/VT_Bootstrap/Receipt/button_Continue' is clicked on

2022-07-01 09:16:10 - [TEST_STEP][PASSED] - click(findTestObject(path_VT + "a_Search Transactions")): Object: 'Object Repository/AdminSuiteBootstrap_Pages/VT_Bootstrap/IssueTransactions/a_Search Transactions' is clicked on

2022-07-01 09:16:11 - [MESSAGE][PASSED] - Object: 'Object Repository/AdminSuiteBootstrap_Pages/VT_Bootstrap/IssueTransactions/a_Search Transactions' is clicked on

2022-07-01 09:16:11 - [TEST_STEP][PASSED] - setText(findTestObject(path_CCSearch + "input_Search By_searchValue"), remID): Text 'AutoNoC070122091209103Ahm' is set on object 'Object Repository/AdminSuiteBootstrap_Pages/VT_Bootstrap/CCCreditOrVoidSearch/input_Search By_searchValue'

2022-07-01 09:16:12 - [MESSAGE][PASSED] - Text 'AutoNoC070122091209103Ahm' is set on object 'Object Repository/AdminSuiteBootstrap_Pages/VT_Bootstrap/CCCreditOrVoidSearch/input_Search By_searchValue'

2022-07-01 09:16:12 - [TEST_STEP][PASSED] - click(findTestObject(path_CCSearch + "button_Submit")): Object: 'Object Repository/AdminSuiteBootstrap_Pages/VT_Bootstrap/CCCreditOrVoidSearch/button_Submit' is clicked on

2022-07-01 09:16:13 - [MESSAGE][PASSED] - Object: 'Object Repository/AdminSuiteBootstrap_Pages/VT_Bootstrap/CCCreditOrVoidSearch/button_Submit' is clicked on

2022-07-01 09:16:13 - [TEST_STEP][PASSED] - fgr = getText(findTestObject(path_SearchResults + "div_Payment ID")): Text of object 'Object Repository/AdminSuiteBootstrap_Pages/VT_Bootstrap/SearchResults/div_Payment ID' is: 'Payment ID
Payment Type
Transaction Type
Remittance ID
Name
Total Amount
End Date
Status
12117045 Credit Card Authorization and Capture AutoNoC070122091209103Ahm Mithun Chakravarthy $10.50 07/01/2022 Success'

2022-07-01 09:16:13 - [MESSAGE][PASSED] - Text of object 'Object Repository/AdminSuiteBootstrap_Pages/VT_Bootstrap/SearchResults/div_Payment ID' is: 'Payment ID
Payment Type
Transaction Type
Remittance ID
Name
Total Amount
End Date
Status
12117045 Credit Card Authorization and Capture AutoNoC070122091209103Ahm Mithun Chakravarthy $10.50 07/01/2022 Success'

2022-07-01 09:16:13 - [TEST_STEP][PASSED] - payID = substring(89, 98).trim(): null

2022-07-01 09:16:13 - [TEST_STEP][PASSED] - out.println("payID: " + payID): null

2022-07-01 09:16:13 - [TEST_STEP][PASSED] - click(findTestObject(path_SearchResults + "button_Modify Search Criteria")): Object: 'Object Repository/AdminSuiteBootstrap_Pages/VT_Bootstrap/SearchResults/button_Modify Search Criteria' is clicked on

2022-07-01 09:16:16 - [MESSAGE][PASSED] - Object: 'Object Repository/AdminSuiteBootstrap_Pages/VT_Bootstrap/SearchResults/button_Modify Search Criteria' is clicked on

2022-07-01 09:16:16 - [TEST_STEP][PASSED] - adminSuiteBootstrap.searchTransactions.searchTransactions_DataDriven(row, dataFile, remID, payID): adminSuiteBootstrap.searchTransactions.searchTransactions_DataDriven is PASSED

2022-07-01 09:16:17 - [MESSAGE][PASSED] - All options with label 'UDF Label: UDF5' are selected in object 'Object Repository/AdminSuiteBootstrap_Pages/VT_Bootstrap/CCCreditOrVoidSearch/select_SearchBy' 

2022-07-01 09:16:18 - [MESSAGE][PASSED] - Text 'Orange Recorded' is set on object 'Object Repository/AdminSuiteBootstrap_Pages/VT_Bootstrap/CCCreditOrVoidSearch/input_Search By_searchValue'

2022-07-01 09:16:19 - [MESSAGE][PASSED] - Object: 'Object Repository/AdminSuiteBootstrap_Pages/VT_Bootstrap/CCCreditOrVoidSearch/button_Submit' is clicked on

2022-07-01 09:16:19 - [MESSAGE][PASSED] - adminSuiteBootstrap.searchTransactions.searchTransactions_DataDriven is PASSED

2022-07-01 09:16:19 - [TEST_STEP][PASSED] - verifyTextPresent("Transactions Matching Search Criteria", true): Text 'Transactions Matching Search Criteria' is present on page  using regular expression

2022-07-01 09:16:19 - [MESSAGE][PASSED] - Text 'Transactions Matching Search Criteria' is present on page  using regular expression

2022-07-01 09:16:19 - [TEST_STEP][PASSED] - verifyTextPresent("Payment ID", true): Text 'Payment ID' is present on page  using regular expression

2022-07-01 09:16:19 - [MESSAGE][PASSED] - Text 'Payment ID' is present on page  using regular expression

2022-07-01 09:16:19 - [TEST_STEP][PASSED] - verifyTextPresent("Payment Type", true): Text 'Payment Type' is present on page  using regular expression

2022-07-01 09:16:20 - [MESSAGE][PASSED] - Text 'Payment Type' is present on page  using regular expression

2022-07-01 09:16:20 - [TEST_STEP][PASSED] - verifyTextPresent("Transaction Type", true): Text 'Transaction Type' is present on page  using regular expression

2022-07-01 09:16:20 - [MESSAGE][PASSED] - Text 'Transaction Type' is present on page  using regular expression

2022-07-01 09:16:20 - [TEST_STEP][PASSED] - verifyTextPresent("Remittance ID", true): Text 'Remittance ID' is present on page  using regular expression

2022-07-01 09:16:21 - [MESSAGE][PASSED] - Text 'Remittance ID' is present on page  using regular expression

2022-07-01 09:16:21 - [TEST_STEP][PASSED] - verifyTextPresent("Name", true): Text 'Name' is present on page  using regular expression

2022-07-01 09:16:21 - [MESSAGE][PASSED] - Text 'Name' is present on page  using regular expression

2022-07-01 09:16:21 - [TEST_STEP][PASSED] - verifyTextPresent("Total Amount", true): Text 'Total Amount' is present on page  using regular expression

2022-07-01 09:16:21 - [MESSAGE][PASSED] - Text 'Total Amount' is present on page  using regular expression

2022-07-01 09:16:21 - [TEST_STEP][PASSED] - verifyTextPresent("End Date", true): Text 'End Date' is present on page  using regular expression

2022-07-01 09:16:22 - [MESSAGE][PASSED] - Text 'End Date' is present on page  using regular expression

2022-07-01 09:16:22 - [TEST_STEP][PASSED] - verifyTextPresent("Status", true): Text 'Status' is present on page  using regular expression

2022-07-01 09:16:22 - [MESSAGE][PASSED] - Text 'Status' is present on page  using regular expression

2022-07-01 09:16:22 - [TEST_STEP][PASSED] - verifyTextPresent("Credit Card", true): Text 'Credit Card' is present on page  using regular expression

2022-07-01 09:16:22 - [MESSAGE][PASSED] - Text 'Credit Card' is present on page  using regular expression

2022-07-01 09:16:22 - [TEST_STEP][PASSED] - verifyTextPresent("Authorization and Capture", true): Text 'Authorization and Capture' is present on page  using regular expression

2022-07-01 09:16:23 - [MESSAGE][PASSED] - Text 'Authorization and Capture' is present on page  using regular expression

2022-07-01 09:16:23 - [TEST_STEP][PASSED] - verifyTextPresent("Mithun Chakravarthy", true): Text 'Mithun Chakravarthy' is present on page  using regular expression

2022-07-01 09:16:23 - [MESSAGE][PASSED] - Text 'Mithun Chakravarthy' is present on page  using regular expression

2022-07-01 09:16:23 - [TEST_STEP][PASSED] - verifyTextPresent("Success", true): Text 'Success' is present on page  using regular expression

2022-07-01 09:16:23 - [MESSAGE][PASSED] - Text 'Success' is present on page  using regular expression

2022-07-01 09:16:23 - [TEST_STEP][PASSED] - verifyTextPresent(remID, true): Text 'AutoNoC070122091209103Ahm' is present on page  using regular expression

2022-07-01 09:16:24 - [MESSAGE][PASSED] - Text 'AutoNoC070122091209103Ahm' is present on page  using regular expression

2022-07-01 09:16:24 - [TEST_STEP][PASSED] - verifyElementPresent(findTestObject(path_SearchResults + "button_PaymentID"), 10): Object 'Object Repository/AdminSuiteBootstrap_Pages/VT_Bootstrap/SearchResults/button_PaymentID' is present

2022-07-01 09:16:24 - [MESSAGE][PASSED] - Object 'Object Repository/AdminSuiteBootstrap_Pages/VT_Bootstrap/SearchResults/button_PaymentID' is present

2022-07-01 09:16:24 - [TEST_STEP][PASSED] - click(findTestObject(path_SearchResults + "button_PaymentID")): Object: 'Object Repository/AdminSuiteBootstrap_Pages/VT_Bootstrap/SearchResults/button_PaymentID' is clicked on

2022-07-01 09:16:25 - [MESSAGE][PASSED] - Object: 'Object Repository/AdminSuiteBootstrap_Pages/VT_Bootstrap/SearchResults/button_PaymentID' is clicked on

2022-07-01 09:16:25 - [TEST_STEP][PASSED] - click(findTestObject(path_TranxDetails + "a_Void this transaction")): Object: 'Object Repository/AdminSuiteBootstrap_Pages/VT_Bootstrap/TransactionDetails/a_Void this transaction' is clicked on

2022-07-01 09:16:27 - [MESSAGE][PASSED] - Object: 'Object Repository/AdminSuiteBootstrap_Pages/VT_Bootstrap/TransactionDetails/a_Void this transaction' is clicked on

2022-07-01 09:16:27 - [TEST_STEP][PASSED] - click(findTestObject(path_TranxDetails + "button_Submit")): Object: 'Object Repository/AdminSuiteBootstrap_Pages/VT_Bootstrap/TransactionDetails/button_Submit' is clicked on

2022-07-01 09:16:29 - [MESSAGE][PASSED] - Object: 'Object Repository/AdminSuiteBootstrap_Pages/VT_Bootstrap/TransactionDetails/button_Submit' is clicked on

2022-07-01 09:16:29 - [TEST_STEP][PASSED] - verifyTextPresent("Transaction Successful", true): Text 'Transaction Successful' is present on page  using regular expression

2022-07-01 09:16:29 - [MESSAGE][PASSED] - Text 'Transaction Successful' is present on page  using regular expression

2022-07-01 09:16:29 - [TEST_STEP][PASSED] - closeBrowser(): Browser is closed

2022-07-01 09:16:30 - [MESSAGE][PASSED] - Browser is closed

2022-07-01 09:16:30 - [TEST_STEP][PASSED] - ExecuteTC = findTestData(dataFile).getValue("Execute", row): null

2022-07-01 09:16:30 - [TEST_STEP][PASSED] - out.println("Value of Execute is : " + ExecuteTC): null

2022-07-01 09:16:30 - [TEST_STEP][PASSED] - switch (executionProfile): null

2022-07-01 09:16:30 - [TEST_STEP][PASSED] - case "QAProfile":: null

2022-07-01 09:16:30 - [TEST_STEP][PASSED] - appName = findTestData(dataFile).getValue("AppNameQA", row): null

2022-07-01 09:16:30 - [TEST_STEP][PASSED] - appID = findTestData(dataFile).getValue("AppIDQA", row): null

2022-07-01 09:16:30 - [TEST_STEP][PASSED] - break: null

2022-07-01 09:16:30 - [TEST_STEP][PASSED] - hrefAppID = li_1 + appID + li_2: null

2022-07-01 09:16:30 - [TEST_STEP][PASSED] - hrefApp = li_1 + appID + "/": null

2022-07-01 09:16:30 - [TEST_STEP][PASSED] - println("hrefApp : " + hrefApp): null

2022-07-01 09:16:30 - [TEST_STEP][PASSED] - if (ExecuteTC.equalsIgnoreCase("Y")): null

2022-07-01 09:16:30 - [TEST_STEP][PASSED] - ExecuteTC = findTestData(dataFile).getValue("Execute", row): null

2022-07-01 09:16:30 - [TEST_STEP][PASSED] - out.println("Value of Execute is : " + ExecuteTC): null

2022-07-01 09:16:30 - [TEST_STEP][PASSED] - switch (executionProfile): null

2022-07-01 09:16:30 - [TEST_STEP][PASSED] - case "QAProfile":: null

2022-07-01 09:16:30 - [TEST_STEP][PASSED] - appName = findTestData(dataFile).getValue("AppNameQA", row): null

2022-07-01 09:16:31 - [TEST_STEP][PASSED] - appID = findTestData(dataFile).getValue("AppIDQA", row): null

2022-07-01 09:16:31 - [TEST_STEP][PASSED] - break: null

2022-07-01 09:16:31 - [TEST_STEP][PASSED] - hrefAppID = li_1 + appID + li_2: null

2022-07-01 09:16:31 - [TEST_STEP][PASSED] - hrefApp = li_1 + appID + "/": null

2022-07-01 09:16:31 - [TEST_STEP][PASSED] - println("hrefApp : " + hrefApp): null

2022-07-01 09:16:31 - [TEST_STEP][PASSED] - if (ExecuteTC.equalsIgnoreCase("Y")): null

2022-07-01 09:16:31 - [TEST_STEP][PASSED] - ExecuteTC = findTestData(dataFile).getValue("Execute", row): null

2022-07-01 09:16:31 - [TEST_STEP][PASSED] - out.println("Value of Execute is : " + ExecuteTC): null

2022-07-01 09:16:31 - [TEST_STEP][PASSED] - switch (executionProfile): null

2022-07-01 09:16:31 - [TEST_STEP][PASSED] - case "QAProfile":: null

2022-07-01 09:16:31 - [TEST_STEP][PASSED] - appName = findTestData(dataFile).getValue("AppNameQA", row): null

2022-07-01 09:16:31 - [TEST_STEP][PASSED] - appID = findTestData(dataFile).getValue("AppIDQA", row): null

2022-07-01 09:16:31 - [TEST_STEP][PASSED] - break: null

2022-07-01 09:16:31 - [TEST_STEP][PASSED] - hrefAppID = li_1 + appID + li_2: null

2022-07-01 09:16:31 - [TEST_STEP][PASSED] - hrefApp = li_1 + appID + "/": null

2022-07-01 09:16:31 - [TEST_STEP][PASSED] - println("hrefApp : " + hrefApp): null

2022-07-01 09:16:31 - [TEST_STEP][PASSED] - if (ExecuteTC.equalsIgnoreCase("Y")): null

2022-07-01 09:16:31 - [TEST_STEP][PASSED] - ExecuteTC = findTestData(dataFile).getValue("Execute", row): null

2022-07-01 09:16:31 - [TEST_STEP][PASSED] - out.println("Value of Execute is : " + ExecuteTC): null

2022-07-01 09:16:31 - [TEST_STEP][PASSED] - switch (executionProfile): null

2022-07-01 09:16:31 - [TEST_STEP][PASSED] - case "QAProfile":: null

2022-07-01 09:16:31 - [TEST_STEP][PASSED] - appName = findTestData(dataFile).getValue("AppNameQA", row): null

2022-07-01 09:16:31 - [TEST_STEP][PASSED] - appID = findTestData(dataFile).getValue("AppIDQA", row): null

2022-07-01 09:16:31 - [TEST_STEP][PASSED] - break: null

2022-07-01 09:16:31 - [TEST_STEP][PASSED] - hrefAppID = li_1 + appID + li_2: null

2022-07-01 09:16:31 - [TEST_STEP][PASSED] - hrefApp = li_1 + appID + "/": null

2022-07-01 09:16:31 - [TEST_STEP][PASSED] - println("hrefApp : " + hrefApp): null

2022-07-01 09:16:31 - [TEST_STEP][PASSED] - if (ExecuteTC.equalsIgnoreCase("Y")): null

2022-07-01 09:16:31 - [TEST_STEP][PASSED] - ExecuteTC = findTestData(dataFile).getValue("Execute", row): null

2022-07-01 09:16:31 - [TEST_STEP][PASSED] - out.println("Value of Execute is : " + ExecuteTC): null

2022-07-01 09:16:31 - [TEST_STEP][PASSED] - switch (executionProfile): null

2022-07-01 09:16:31 - [TEST_STEP][PASSED] - case "QAProfile":: null

2022-07-01 09:16:31 - [TEST_STEP][PASSED] - appName = findTestData(dataFile).getValue("AppNameQA", row): null

2022-07-01 09:16:31 - [TEST_STEP][PASSED] - appID = findTestData(dataFile).getValue("AppIDQA", row): null

2022-07-01 09:16:31 - [TEST_STEP][PASSED] - break: null

2022-07-01 09:16:31 - [TEST_STEP][PASSED] - hrefAppID = li_1 + appID + li_2: null

2022-07-01 09:16:31 - [TEST_STEP][PASSED] - hrefApp = li_1 + appID + "/": null

2022-07-01 09:16:31 - [TEST_STEP][PASSED] - println("hrefApp : " + hrefApp): null

2022-07-01 09:16:31 - [TEST_STEP][PASSED] - if (ExecuteTC.equalsIgnoreCase("Y")): null]]></system-out>
         <system-err><![CDATA[]]></system-err>
      </testcase>
      <system-out><![CDATA[2022-07-01 09:02:22 - [TEST_SUITE][FAILED] - AdminSuiteBootstrap_UI_TestSuite: Test Cases/Admin Suite Bootstrap/Dashboard_TestCases/VerifyDashboardLinks_UI_TC FAILED.
Reason:
com.kms.katalon.core.exception.StepFailedException: com.kms.katalon.core.webui.exception.WebElementNotFoundException: Web element with id: 'Object Repository/AdminSuiteBootstrap_Pages/Dashboard_Bootstrap/a_Email Subscription' located by '//*[@href = '/admin/imtiaz/bootstrap/vclerk/index.do?actionType=email' and (text() = 'Email Subscription' or . = 'Email Subscription')]' not found (Root cause: com.kms.katalon.core.exception.StepFailedException: com.kms.katalon.core.webui.exception.WebElementNotFoundException: Web element with id: 'Object Repository/AdminSuiteBootstrap_Pages/Dashboard_Bootstrap/a_Email Subscription' located by '//*[@href = '/admin/imtiaz/bootstrap/vclerk/index.do?actionType=email' and (text() = 'Email Subscription' or . = 'Email Subscription')]' not found
	at com.kms.katalon.core.webui.keyword.internal.WebUIKeywordMain.stepFailed(WebUIKeywordMain.groovy:64)
	at com.kms.katalon.core.webui.keyword.builtin.VerifyElementPresentKeyword$_verifyElementPresent_closure1.doCall(VerifyElementPresentKeyword.groovy:85)
	at com.kms.katalon.core.webui.keyword.builtin.VerifyElementPresentKeyword$_verifyElementPresent_closure1.call(VerifyElementPresentKeyword.groovy)
	at com.kms.katalon.core.webui.keyword.internal.WebUIKeywordMain.runKeyword(WebUIKeywordMain.groovy:20)
	at com.kms.katalon.core.webui.keyword.builtin.VerifyElementPresentKeyword.verifyElementPresent(VerifyElementPresentKeyword.groovy:92)
	at com.kms.katalon.core.webui.keyword.builtin.VerifyElementPresentKeyword.execute(VerifyElementPresentKeyword.groovy:68)
	at com.kms.katalon.core.keyword.internal.KeywordExecutor.executeKeywordForPlatform(KeywordExecutor.groovy:74)
	at com.kms.katalon.core.webui.keyword.WebUiBuiltInKeywords.verifyElementPresent(WebUiBuiltInKeywords.groovy:1464)
	at com.kms.katalon.core.webui.keyword.WebUiBuiltInKeywords$verifyElementPresent$1.call(Unknown Source)
	at VerifyDashboardLinks_UI_TC.run(VerifyDashboardLinks_UI_TC:101)
	at com.kms.katalon.core.main.ScriptEngine.run(ScriptEngine.java:194)
	at com.kms.katalon.core.main.ScriptEngine.runScriptAsRawText(ScriptEngine.java:119)
	at com.kms.katalon.core.main.TestCaseExecutor.runScript(TestCaseExecutor.java:442)
	at com.kms.katalon.core.main.TestCaseExecutor.doExecute(TestCaseExecutor.java:433)
	at com.kms.katalon.core.main.TestCaseExecutor.processExecutionPhase(TestCaseExecutor.java:412)
	at com.kms.katalon.core.main.TestCaseExecutor.accessMainPhase(TestCaseExecutor.java:404)
	at com.kms.katalon.core.main.TestCaseExecutor.execute(TestCaseExecutor.java:281)
	at com.kms.katalon.core.main.TestSuiteExecutor.accessTestCaseMainPhase(TestSuiteExecutor.java:202)
	at com.kms.katalon.core.main.TestSuiteExecutor.accessTestSuiteMainPhase(TestSuiteExecutor.java:164)
	at com.kms.katalon.core.main.TestSuiteExecutor.execute(TestSuiteExecutor.java:105)
	at com.kms.katalon.core.main.TestCaseMain.startTestSuite(TestCaseMain.java:185)
	at com.kms.katalon.core.main.TestCaseMain$startTestSuite$0.call(Unknown Source)
	at TempTestSuite1656641661317.run(TempTestSuite1656641661317.groovy:36)
)
	at com.kms.katalon.core.keyword.internal.KeywordMain.stepFailed(KeywordMain.groovy:39)
	at com.kms.katalon.core.webui.keyword.internal.WebUIKeywordMain.stepFailed(WebUIKeywordMain.groovy:64)
	at com.kms.katalon.core.webui.keyword.builtin.VerifyElementPresentKeyword$_verifyElementPresent_closure1.doCall(VerifyElementPresentKeyword.groovy:85)
	at com.kms.katalon.core.webui.keyword.builtin.VerifyElementPresentKeyword$_verifyElementPresent_closure1.call(VerifyElementPresentKeyword.groovy)
	at com.kms.katalon.core.webui.keyword.internal.WebUIKeywordMain.runKeyword(WebUIKeywordMain.groovy:20)
	at com.kms.katalon.core.webui.keyword.builtin.VerifyElementPresentKeyword.verifyElementPresent(VerifyElementPresentKeyword.groovy:92)
	at com.kms.katalon.core.webui.keyword.builtin.VerifyElementPresentKeyword.execute(VerifyElementPresentKeyword.groovy:68)
	at com.kms.katalon.core.keyword.internal.KeywordExecutor.executeKeywordForPlatform(KeywordExecutor.groovy:74)
	at com.kms.katalon.core.webui.keyword.WebUiBuiltInKeywords.verifyElementPresent(WebUiBuiltInKeywords.groovy:1464)
	at com.kms.katalon.core.webui.keyword.WebUiBuiltInKeywords$verifyElementPresent$1.call(Unknown Source)
	at VerifyDashboardLinks_UI_TC.run(VerifyDashboardLinks_UI_TC:101)
	at com.kms.katalon.core.main.ScriptEngine.run(ScriptEngine.java:194)
	at com.kms.katalon.core.main.ScriptEngine.runScriptAsRawText(ScriptEngine.java:119)
	at com.kms.katalon.core.main.TestCaseExecutor.runScript(TestCaseExecutor.java:442)
	at com.kms.katalon.core.main.TestCaseExecutor.doExecute(TestCaseExecutor.java:433)
	at com.kms.katalon.core.main.TestCaseExecutor.processExecutionPhase(TestCaseExecutor.java:412)
	at com.kms.katalon.core.main.TestCaseExecutor.accessMainPhase(TestCaseExecutor.java:404)
	at com.kms.katalon.core.main.TestCaseExecutor.execute(TestCaseExecutor.java:281)
	at com.kms.katalon.core.main.TestSuiteExecutor.accessTestCaseMainPhase(TestSuiteExecutor.java:202)
	at com.kms.katalon.core.main.TestSuiteExecutor.accessTestSuiteMainPhase(TestSuiteExecutor.java:164)
	at com.kms.katalon.core.main.TestSuiteExecutor.execute(TestSuiteExecutor.java:105)
	at com.kms.katalon.core.main.TestCaseMain.startTestSuite(TestCaseMain.java:185)
	at com.kms.katalon.core.main.TestCaseMain$startTestSuite$0.call(Unknown Source)
	at TempTestSuite1656641661317.run(TempTestSuite1656641661317.groovy:36)
Caused by: com.kms.katalon.core.exception.StepFailedException: com.kms.katalon.core.webui.exception.WebElementNotFoundException: Web element with id: 'Object Repository/AdminSuiteBootstrap_Pages/Dashboard_Bootstrap/a_Email Subscription' located by '//*[@href = '/admin/imtiaz/bootstrap/vclerk/index.do?actionType=email' and (text() = 'Email Subscription' or . = 'Email Subscription')]' not found
	... 23 more]]></system-out>
      <system-err><![CDATA[2022-07-01 09:02:22 - [TEST_SUITE][FAILED] - AdminSuiteBootstrap_UI_TestSuite: Test Cases/Admin Suite Bootstrap/Dashboard_TestCases/VerifyDashboardLinks_UI_TC FAILED.
Reason:
com.kms.katalon.core.exception.StepFailedException: com.kms.katalon.core.webui.exception.WebElementNotFoundException: Web element with id: 'Object Repository/AdminSuiteBootstrap_Pages/Dashboard_Bootstrap/a_Email Subscription' located by '//*[@href = '/admin/imtiaz/bootstrap/vclerk/index.do?actionType=email' and (text() = 'Email Subscription' or . = 'Email Subscription')]' not found (Root cause: com.kms.katalon.core.exception.StepFailedException: com.kms.katalon.core.webui.exception.WebElementNotFoundException: Web element with id: 'Object Repository/AdminSuiteBootstrap_Pages/Dashboard_Bootstrap/a_Email Subscription' located by '//*[@href = '/admin/imtiaz/bootstrap/vclerk/index.do?actionType=email' and (text() = 'Email Subscription' or . = 'Email Subscription')]' not found
	at com.kms.katalon.core.webui.keyword.internal.WebUIKeywordMain.stepFailed(WebUIKeywordMain.groovy:64)
	at com.kms.katalon.core.webui.keyword.builtin.VerifyElementPresentKeyword$_verifyElementPresent_closure1.doCall(VerifyElementPresentKeyword.groovy:85)
	at com.kms.katalon.core.webui.keyword.builtin.VerifyElementPresentKeyword$_verifyElementPresent_closure1.call(VerifyElementPresentKeyword.groovy)
	at com.kms.katalon.core.webui.keyword.internal.WebUIKeywordMain.runKeyword(WebUIKeywordMain.groovy:20)
	at com.kms.katalon.core.webui.keyword.builtin.VerifyElementPresentKeyword.verifyElementPresent(VerifyElementPresentKeyword.groovy:92)
	at com.kms.katalon.core.webui.keyword.builtin.VerifyElementPresentKeyword.execute(VerifyElementPresentKeyword.groovy:68)
	at com.kms.katalon.core.keyword.internal.KeywordExecutor.executeKeywordForPlatform(KeywordExecutor.groovy:74)
	at com.kms.katalon.core.webui.keyword.WebUiBuiltInKeywords.verifyElementPresent(WebUiBuiltInKeywords.groovy:1464)
	at com.kms.katalon.core.webui.keyword.WebUiBuiltInKeywords$verifyElementPresent$1.call(Unknown Source)
	at VerifyDashboardLinks_UI_TC.run(VerifyDashboardLinks_UI_TC:101)
	at com.kms.katalon.core.main.ScriptEngine.run(ScriptEngine.java:194)
	at com.kms.katalon.core.main.ScriptEngine.runScriptAsRawText(ScriptEngine.java:119)
	at com.kms.katalon.core.main.TestCaseExecutor.runScript(TestCaseExecutor.java:442)
	at com.kms.katalon.core.main.TestCaseExecutor.doExecute(TestCaseExecutor.java:433)
	at com.kms.katalon.core.main.TestCaseExecutor.processExecutionPhase(TestCaseExecutor.java:412)
	at com.kms.katalon.core.main.TestCaseExecutor.accessMainPhase(TestCaseExecutor.java:404)
	at com.kms.katalon.core.main.TestCaseExecutor.execute(TestCaseExecutor.java:281)
	at com.kms.katalon.core.main.TestSuiteExecutor.accessTestCaseMainPhase(TestSuiteExecutor.java:202)
	at com.kms.katalon.core.main.TestSuiteExecutor.accessTestSuiteMainPhase(TestSuiteExecutor.java:164)
	at com.kms.katalon.core.main.TestSuiteExecutor.execute(TestSuiteExecutor.java:105)
	at com.kms.katalon.core.main.TestCaseMain.startTestSuite(TestCaseMain.java:185)
	at com.kms.katalon.core.main.TestCaseMain$startTestSuite$0.call(Unknown Source)
	at TempTestSuite1656641661317.run(TempTestSuite1656641661317.groovy:36)
)
	at com.kms.katalon.core.keyword.internal.KeywordMain.stepFailed(KeywordMain.groovy:39)
	at com.kms.katalon.core.webui.keyword.internal.WebUIKeywordMain.stepFailed(WebUIKeywordMain.groovy:64)
	at com.kms.katalon.core.webui.keyword.builtin.VerifyElementPresentKeyword$_verifyElementPresent_closure1.doCall(VerifyElementPresentKeyword.groovy:85)
	at com.kms.katalon.core.webui.keyword.builtin.VerifyElementPresentKeyword$_verifyElementPresent_closure1.call(VerifyElementPresentKeyword.groovy)
	at com.kms.katalon.core.webui.keyword.internal.WebUIKeywordMain.runKeyword(WebUIKeywordMain.groovy:20)
	at com.kms.katalon.core.webui.keyword.builtin.VerifyElementPresentKeyword.verifyElementPresent(VerifyElementPresentKeyword.groovy:92)
	at com.kms.katalon.core.webui.keyword.builtin.VerifyElementPresentKeyword.execute(VerifyElementPresentKeyword.groovy:68)
	at com.kms.katalon.core.keyword.internal.KeywordExecutor.executeKeywordForPlatform(KeywordExecutor.groovy:74)
	at com.kms.katalon.core.webui.keyword.WebUiBuiltInKeywords.verifyElementPresent(WebUiBuiltInKeywords.groovy:1464)
	at com.kms.katalon.core.webui.keyword.WebUiBuiltInKeywords$verifyElementPresent$1.call(Unknown Source)
	at VerifyDashboardLinks_UI_TC.run(VerifyDashboardLinks_UI_TC:101)
	at com.kms.katalon.core.main.ScriptEngine.run(ScriptEngine.java:194)
	at com.kms.katalon.core.main.ScriptEngine.runScriptAsRawText(ScriptEngine.java:119)
	at com.kms.katalon.core.main.TestCaseExecutor.runScript(TestCaseExecutor.java:442)
	at com.kms.katalon.core.main.TestCaseExecutor.doExecute(TestCaseExecutor.java:433)
	at com.kms.katalon.core.main.TestCaseExecutor.processExecutionPhase(TestCaseExecutor.java:412)
	at com.kms.katalon.core.main.TestCaseExecutor.accessMainPhase(TestCaseExecutor.java:404)
	at com.kms.katalon.core.main.TestCaseExecutor.execute(TestCaseExecutor.java:281)
	at com.kms.katalon.core.main.TestSuiteExecutor.accessTestCaseMainPhase(TestSuiteExecutor.java:202)
	at com.kms.katalon.core.main.TestSuiteExecutor.accessTestSuiteMainPhase(TestSuiteExecutor.java:164)
	at com.kms.katalon.core.main.TestSuiteExecutor.execute(TestSuiteExecutor.java:105)
	at com.kms.katalon.core.main.TestCaseMain.startTestSuite(TestCaseMain.java:185)
	at com.kms.katalon.core.main.TestCaseMain$startTestSuite$0.call(Unknown Source)
	at TempTestSuite1656641661317.run(TempTestSuite1656641661317.groovy:36)
Caused by: com.kms.katalon.core.exception.StepFailedException: com.kms.katalon.core.webui.exception.WebElementNotFoundException: Web element with id: 'Object Repository/AdminSuiteBootstrap_Pages/Dashboard_Bootstrap/a_Email Subscription' located by '//*[@href = '/admin/imtiaz/bootstrap/vclerk/index.do?actionType=email' and (text() = 'Email Subscription' or . = 'Email Subscription')]' not found
	... 23 more]]></system-err>
   </testsuite>
</testsuites>
