<?xml version="1.0" encoding="UTF-8"?>
<testsuites name="RAD_UI_TestSuite" time="1006.967" tests="7" failures="0" errors="0">
   <testsuite name="RAD_UI_TestSuite" tests="7" failures="0" errors="0" time="1006.967" skipped="0" timestamp="2023-12-08 10:44:03" hostname="imtiaz - DESKTOP-B2QI6NS.govolution.com" id="Test Suites/RAD_TestSuite/RAD_UI_TestSuite">
      <properties>
         <property name="deviceName" value=""/>
         <property name="devicePlatform" value=""/>
         <property name="logFolder" value="E:\\Cloned-Project-Katalon\\VPS-Katalon\\Reports\\20231208_104356\\RAD_TestSuite\\RAD_UI_TestSuite\\20231208_104356"/>
         <property name="logFiles" value="E:\\Cloned-Project-Katalon\\VPS-Katalon\\Reports\\20231208_104356\\RAD_TestSuite\\RAD_UI_TestSuite\\20231208_104356\\execution0.log"/>
         <property name="attachments" value=""/>
         <property name="hostName" value="imtiaz - DESKTOP-B2QI6NS.govolution.com"/>
         <property name="os" value="Windows 10 64bit"/>
         <property name="katalonVersion" value="8.6.6.208"/>
         <property name="browser" value="Chrome 119.0.0.0"/>
         <property name="hostAddress" value="172.31.253.139"/>
         <property name="sessionId" value="eb507f5cd4b144f7be99a8e80c3f5d92"/>
         <property name="seleniumVersion" value="3.141.59"/>
         <property name="proxyInformation" value="ProxyInformation { proxyOption=NO_PROXY, proxyServerType=HTTP, username=, password=********, proxyServerAddress=, proxyServerPort=0, executionList=&quot;&quot;, isApplyToDesiredCapabilities=true }"/>
         <property name="platform" value="Windows 10"/>
      </properties>
      <testcase name="Test Cases/RAD_TestCases/Negative_TestCases/FEINmismatchError" time="116.326" classname="Test Cases/RAD_TestCases/Negative_TestCases/FEINmismatchError" status="PASSED">
         <system-out><![CDATA[2023-12-08 10:44:03 - [TEST_CASE][PASSED] - Test Cases/RAD_TestCases/Negative_TestCases/FEINmismatchError: Test Cases/RAD_TestCases/Negative_TestCases/FEINmismatchError

2023-12-08 10:44:04 - [TEST_STEP][PASSED] - resText = "Fail": null

2023-12-08 10:44:04 - [TEST_STEP][PASSED] - resColumn = "Result": null

2023-12-08 10:44:04 - [TEST_STEP][PASSED] - datCloumn = "Date": null

2023-12-08 10:44:04 - [TEST_STEP][PASSED] - fileLoc = "KatalonData/RADTestData/FEINmismatch.xlsx": null

2023-12-08 10:44:04 - [TEST_STEP][PASSED] - nameSheet = "FEINmismatch": null

2023-12-08 10:44:04 - [TEST_STEP][PASSED] - dataFile = "RADTestData/FEINmismatch": null

2023-12-08 10:44:04 - [TEST_STEP][PASSED] - ExecuteTC = <not implemented yet for class: org.codehaus.groovy.ast.expr.EmptyExpression>: null

2023-12-08 10:44:04 - [TEST_STEP][PASSED] - Taxtype = <not implemented yet for class: org.codehaus.groovy.ast.expr.EmptyExpression>: null

2023-12-08 10:44:04 - [TEST_STEP][PASSED] - Paymenttype = <not implemented yet for class: org.codehaus.groovy.ast.expr.EmptyExpression>: null

2023-12-08 10:44:04 - [TEST_STEP][PASSED] - numOfRows = findTestData(dataFile).getRowNumbers(): null

2023-12-08 10:44:05 - [TEST_STEP][PASSED] - println("Number of Records: " + numOfRows): null

2023-12-08 10:44:05 - [TEST_STEP][PASSED] - for ([row = 1, row <= numOfRows, (row++)]): null

2023-12-08 10:44:05 - [TEST_STEP][PASSED] - ExecuteTC = findTestData(dataFile).getValue("Execute", row): null

2023-12-08 10:44:05 - [TEST_STEP][PASSED] - Taxtype = findTestData(dataFile).getValue("TaxType", row): null

2023-12-08 10:44:05 - [TEST_STEP][PASSED] - Paymenttype = findTestData(dataFile).getValue("PaymentType", row): null

2023-12-08 10:44:05 - [TEST_STEP][PASSED] - out.println("Value of Execute is : " + ExecuteTC): null

2023-12-08 10:44:05 - [TEST_STEP][PASSED] - if (ExecuteTC.equalsIgnoreCase("Y")): null

2023-12-08 10:44:05 - [TEST_STEP][PASSED] - out.println("Begin Record Number: " + row): null

2023-12-08 10:44:05 - [TEST_STEP][PASSED] - today = new java.util.Date(): null

2023-12-08 10:44:05 - [TEST_STEP][PASSED] - println(today): null

2023-12-08 10:44:05 - [TEST_STEP][PASSED] - datText = today: null

2023-12-08 10:44:05 - [TEST_STEP][PASSED] - Taxtype = findTestData(dataFile).getValue("TaxType", row): null

2023-12-08 10:44:05 - [TEST_STEP][PASSED] - out.println("Taxtype value is : " + Taxtype): null

2023-12-08 10:44:05 - [TEST_STEP][PASSED] - openBrowser(""): Browser is opened with url: ''

2023-12-08 10:44:06 - [MESSAGE][INFO] - Starting 'Chrome' driver

2023-12-08 10:44:06 - [MESSAGE][INFO] - User set preference: ['acceptInsecureCerts', 'true']

2023-12-08 10:44:06 - [MESSAGE][INFO] - Action delay is set to 0 milliseconds

2023-12-08 10:44:08 - [MESSAGE][PASSED] - Browser is opened with url: ''

2023-12-08 10:44:08 - [TEST_STEP][PASSED] - maximizeWindow(): Current window maximized

2023-12-08 10:44:09 - [MESSAGE][PASSED] - Current window maximized

2023-12-08 10:44:09 - [TEST_STEP][PASSED] - navigateToUrl(RADurl): Navigate to 'https://qa2.velocitypayment.com/client/rad/index.html' successfully

2023-12-08 10:44:11 - [MESSAGE][PASSED] - Navigate to 'https://qa2.velocitypayment.com/client/rad/index.html' successfully

2023-12-08 10:44:11 - [TEST_STEP][PASSED] - orPath_Landing = "Object Repository/RAD_Pages/Landing_Page": null

2023-12-08 10:44:11 - [TEST_STEP][PASSED] - orPath_TaxTypeFilingYear = "Object Repository/RAD_Pages/TaxTypeFilingYear_Page": null

2023-12-08 10:44:11 - [TEST_STEP][PASSED] - orPath_TaxPayer = "Object Repository/RAD_Pages/Taxpayer_Page": null

2023-12-08 10:44:11 - [TEST_STEP][PASSED] - orPath_AddressContact = "Object Repository/RAD_Pages/AddressAndContactInfo_Page": null

2023-12-08 10:44:11 - [TEST_STEP][PASSED] - orPath_FilingStatus = "Object Repository/RAD_Pages/FilingStatus_Page": null

2023-12-08 10:44:11 - [TEST_STEP][PASSED] - orPath_Amount = "Object Repository/RAD_Pages/PaymentAmount_Page": null

2023-12-08 10:44:11 - [TEST_STEP][PASSED] - orPath_TaxInfo = "Object Repository/RAD_Pages/TaxInfo_Page": null

2023-12-08 10:44:11 - [TEST_STEP][PASSED] - orPath_Withholding = "Object Repository/RAD_Pages/Withholding_Page": null

2023-12-08 10:44:11 - [TEST_STEP][PASSED] - orPath_Summary = "Object Repository/RAD_Pages/Summary_Page": null

2023-12-08 10:44:11 - [TEST_STEP][PASSED] - orPath_PaymentReady = "Object Repository/RAD_Pages/PaymentReady_Page": null

2023-12-08 10:44:11 - [TEST_STEP][PASSED] - orPath_PaymentEntry = "Object Repository/RAD_Pages/PaymentEntry_Page": null

2023-12-08 10:44:11 - [TEST_STEP][PASSED] - orPath_PaymentConfirmation = "Object Repository/RAD_Pages/PaymentConfirmation_Page": null

2023-12-08 10:44:11 - [TEST_STEP][PASSED] - orPath_ServiceFeesAccept = "Object Repository/RAD_Pages/ServiceFeeAccept_Page": null

2023-12-08 10:44:11 - [TEST_STEP][PASSED] - selectOptionByLabel(findTestObject(orPath_Landing + "/dd_TaxType"), Paymenttype, false): All options with label 'Existing Liability w/Notice Number' are selected in object 'Object Repository/RAD_Pages/Landing_Page/dd_TaxType' 

2023-12-08 10:44:12 - [MESSAGE][PASSED] - All options with label 'Existing Liability w/Notice Number' are selected in object 'Object Repository/RAD_Pages/Landing_Page/dd_TaxType' 

2023-12-08 10:44:12 - [TEST_STEP][PASSED] - delay(1): Delayed 1 second(s)

2023-12-08 10:44:13 - [MESSAGE][PASSED] - Delayed 1 second(s)

2023-12-08 10:44:13 - [TEST_STEP][PASSED] - switch (Paymenttype): null

2023-12-08 10:44:13 - [TEST_STEP][PASSED] - case "Existing Liability w/Notice Number":: null

2023-12-08 10:44:13 - [TEST_STEP][PASSED] - selectOptionByLabel(findTestObject(orPath_TaxTypeFilingYear + "/select_TaxType_ExistingLiability"), Taxtype, false): All options with label 'Bay Restoration Fee' are selected in object 'Object Repository/RAD_Pages/TaxTypeFilingYear_Page/select_TaxType_ExistingLiability' 

2023-12-08 10:44:13 - [MESSAGE][PASSED] - All options with label 'Bay Restoration Fee' are selected in object 'Object Repository/RAD_Pages/TaxTypeFilingYear_Page/select_TaxType_ExistingLiability' 

2023-12-08 10:44:13 - [TEST_STEP][PASSED] - break: null

2023-12-08 10:44:13 - [TEST_STEP][PASSED] - delay(1): Delayed 1 second(s)

2023-12-08 10:44:14 - [MESSAGE][PASSED] - Delayed 1 second(s)

2023-12-08 10:44:14 - [TEST_STEP][PASSED] - scrollToElement(findTestObject(orPath_Amount + "/input__paymentAmount"), 2, CONTINUE_ON_FAILURE): Scroll to object 'Object Repository/RAD_Pages/PaymentAmount_Page/input__paymentAmount' successfully

2023-12-08 10:44:15 - [MESSAGE][PASSED] - Scroll to object 'Object Repository/RAD_Pages/PaymentAmount_Page/input__paymentAmount' successfully

2023-12-08 10:44:15 - [TEST_STEP][PASSED] - switch (Paymenttype): null

2023-12-08 10:44:15 - [TEST_STEP][PASSED] - case "Existing Liability w/Notice Number":: null

2023-12-08 10:44:15 - [TEST_STEP][PASSED] - setEncryptedText(findTestObject("Object Repository/RAD_RecordAndPlay/input_Existing_FEIN"), "RigbBhfdqODKcAsiUrg+1Q=="): Text ****** has been set on object 'Object Repository/RAD_RecordAndPlay/input_Existing_FEIN'

2023-12-08 10:44:16 - [MESSAGE][PASSED] - Text ****** has been set on object 'Object Repository/RAD_RecordAndPlay/input_Existing_FEIN'

2023-12-08 10:44:16 - [TEST_STEP][PASSED] - setEncryptedText(findTestObject("Object Repository/RAD_RecordAndPlay/input_Existing_RetypeFEIN"), "RigbBhfdqOBBGbZqm4oFJQ=="): Text ****** has been set on object 'Object Repository/RAD_RecordAndPlay/input_Existing_RetypeFEIN'

2023-12-08 10:44:16 - [MESSAGE][PASSED] - Text ****** has been set on object 'Object Repository/RAD_RecordAndPlay/input_Existing_RetypeFEIN'

2023-12-08 10:44:16 - [TEST_STEP][PASSED] - break: null

2023-12-08 10:44:16 - [TEST_STEP][PASSED] - setText(findTestObject(orPath_Amount + "/input__paymentAmount"), ""): Text '' is set on object 'Object Repository/RAD_Pages/PaymentAmount_Page/input__paymentAmount'

2023-12-08 10:44:17 - [MESSAGE][PASSED] - Text '' is set on object 'Object Repository/RAD_Pages/PaymentAmount_Page/input__paymentAmount'

2023-12-08 10:44:17 - [TEST_STEP][PASSED] - verifyTextPresent("The FEIN and Re-type FEIN do not match", true): Text 'The FEIN and Re-type FEIN do not match' is present on page  using regular expression

2023-12-08 10:44:18 - [MESSAGE][PASSED] - Text 'The FEIN and Re-type FEIN do not match' is present on page  using regular expression

2023-12-08 10:44:18 - [TEST_STEP][PASSED] - if (verifyTextPresent("The FEIN and Re-type FEIN do not match", true)): null

2023-12-08 10:44:18 - [MESSAGE][PASSED] - Text 'The FEIN and Re-type FEIN do not match' is present on page  using regular expression

2023-12-08 10:44:18 - [TEST_STEP][PASSED] - println("Error Message is present on the page"): null

2023-12-08 10:44:18 - [TEST_STEP][PASSED] - out.println("Pass Record Number: " + row): null

2023-12-08 10:44:18 - [TEST_STEP][PASSED] - resText = "Pass": null

2023-12-08 10:44:18 - [TEST_STEP][PASSED] - pages.WriteExcel.demoKey(resText, datText, resColumn, datCloumn, fileLoc, nameSheet, row): pages.WriteExcel.demoKey is PASSED

2023-12-08 10:44:18 - [MESSAGE][PASSED] - pages.WriteExcel.demoKey is PASSED

2023-12-08 10:44:18 - [TEST_STEP][PASSED] - ExecuteTC = findTestData(dataFile).getValue("Execute", row): null

2023-12-08 10:44:18 - [TEST_STEP][PASSED] - Taxtype = findTestData(dataFile).getValue("TaxType", row): null

2023-12-08 10:44:18 - [TEST_STEP][PASSED] - Paymenttype = findTestData(dataFile).getValue("PaymentType", row): null

2023-12-08 10:44:18 - [TEST_STEP][PASSED] - out.println("Value of Execute is : " + ExecuteTC): null

2023-12-08 10:44:18 - [TEST_STEP][PASSED] - if (ExecuteTC.equalsIgnoreCase("Y")): null

2023-12-08 10:44:18 - [TEST_STEP][PASSED] - out.println("Begin Record Number: " + row): null

2023-12-08 10:44:18 - [TEST_STEP][PASSED] - today = new java.util.Date(): null

2023-12-08 10:44:18 - [TEST_STEP][PASSED] - println(today): null

2023-12-08 10:44:18 - [TEST_STEP][PASSED] - datText = today: null

2023-12-08 10:44:18 - [TEST_STEP][PASSED] - Taxtype = findTestData(dataFile).getValue("TaxType", row): null

2023-12-08 10:44:19 - [TEST_STEP][PASSED] - out.println("Taxtype value is : " + Taxtype): null

2023-12-08 10:44:19 - [TEST_STEP][PASSED] - openBrowser(""): Browser is opened with url: ''

2023-12-08 10:44:19 - [MESSAGE][WARNING] - A browser is already opened. Closing browser and opening a new one

2023-12-08 10:44:20 - [MESSAGE][INFO] - Starting 'Chrome' driver

2023-12-08 10:44:20 - [MESSAGE][INFO] - User set preference: ['acceptInsecureCerts', 'true']

2023-12-08 10:44:20 - [MESSAGE][INFO] - Action delay is set to 0 milliseconds

2023-12-08 10:44:21 - [MESSAGE][PASSED] - Browser is opened with url: ''

2023-12-08 10:44:21 - [TEST_STEP][PASSED] - maximizeWindow(): Current window maximized

2023-12-08 10:44:21 - [MESSAGE][PASSED] - Current window maximized

2023-12-08 10:44:21 - [TEST_STEP][PASSED] - navigateToUrl(RADurl): Navigate to 'https://qa2.velocitypayment.com/client/rad/index.html' successfully

2023-12-08 10:44:24 - [MESSAGE][PASSED] - Navigate to 'https://qa2.velocitypayment.com/client/rad/index.html' successfully

2023-12-08 10:44:24 - [TEST_STEP][PASSED] - orPath_Landing = "Object Repository/RAD_Pages/Landing_Page": null

2023-12-08 10:44:24 - [TEST_STEP][PASSED] - orPath_TaxTypeFilingYear = "Object Repository/RAD_Pages/TaxTypeFilingYear_Page": null

2023-12-08 10:44:24 - [TEST_STEP][PASSED] - orPath_TaxPayer = "Object Repository/RAD_Pages/Taxpayer_Page": null

2023-12-08 10:44:24 - [TEST_STEP][PASSED] - orPath_AddressContact = "Object Repository/RAD_Pages/AddressAndContactInfo_Page": null

2023-12-08 10:44:24 - [TEST_STEP][PASSED] - orPath_FilingStatus = "Object Repository/RAD_Pages/FilingStatus_Page": null

2023-12-08 10:44:24 - [TEST_STEP][PASSED] - orPath_Amount = "Object Repository/RAD_Pages/PaymentAmount_Page": null

2023-12-08 10:44:24 - [TEST_STEP][PASSED] - orPath_TaxInfo = "Object Repository/RAD_Pages/TaxInfo_Page": null

2023-12-08 10:44:24 - [TEST_STEP][PASSED] - orPath_Withholding = "Object Repository/RAD_Pages/Withholding_Page": null

2023-12-08 10:44:24 - [TEST_STEP][PASSED] - orPath_Summary = "Object Repository/RAD_Pages/Summary_Page": null

2023-12-08 10:44:24 - [TEST_STEP][PASSED] - orPath_PaymentReady = "Object Repository/RAD_Pages/PaymentReady_Page": null

2023-12-08 10:44:24 - [TEST_STEP][PASSED] - orPath_PaymentEntry = "Object Repository/RAD_Pages/PaymentEntry_Page": null

2023-12-08 10:44:24 - [TEST_STEP][PASSED] - orPath_PaymentConfirmation = "Object Repository/RAD_Pages/PaymentConfirmation_Page": null

2023-12-08 10:44:24 - [TEST_STEP][PASSED] - orPath_ServiceFeesAccept = "Object Repository/RAD_Pages/ServiceFeeAccept_Page": null

2023-12-08 10:44:24 - [TEST_STEP][PASSED] - selectOptionByLabel(findTestObject(orPath_Landing + "/dd_TaxType"), Paymenttype, false): All options with label 'Existing Liability w/Notice Number' are selected in object 'Object Repository/RAD_Pages/Landing_Page/dd_TaxType' 

2023-12-08 10:44:24 - [MESSAGE][PASSED] - All options with label 'Existing Liability w/Notice Number' are selected in object 'Object Repository/RAD_Pages/Landing_Page/dd_TaxType' 

2023-12-08 10:44:24 - [TEST_STEP][PASSED] - delay(1): Delayed 1 second(s)

2023-12-08 10:44:25 - [MESSAGE][PASSED] - Delayed 1 second(s)

2023-12-08 10:44:25 - [TEST_STEP][PASSED] - switch (Paymenttype): null

2023-12-08 10:44:25 - [TEST_STEP][PASSED] - case "Existing Liability w/Notice Number":: null

2023-12-08 10:44:25 - [TEST_STEP][PASSED] - selectOptionByLabel(findTestObject(orPath_TaxTypeFilingYear + "/select_TaxType_ExistingLiability"), Taxtype, false): All options with label 'Corporate Income Tax' are selected in object 'Object Repository/RAD_Pages/TaxTypeFilingYear_Page/select_TaxType_ExistingLiability' 

2023-12-08 10:44:26 - [MESSAGE][PASSED] - All options with label 'Corporate Income Tax' are selected in object 'Object Repository/RAD_Pages/TaxTypeFilingYear_Page/select_TaxType_ExistingLiability' 

2023-12-08 10:44:26 - [TEST_STEP][PASSED] - break: null

2023-12-08 10:44:26 - [TEST_STEP][PASSED] - delay(1): Delayed 1 second(s)

2023-12-08 10:44:27 - [MESSAGE][PASSED] - Delayed 1 second(s)

2023-12-08 10:44:27 - [TEST_STEP][PASSED] - scrollToElement(findTestObject(orPath_Amount + "/input__paymentAmount"), 2, CONTINUE_ON_FAILURE): Scroll to object 'Object Repository/RAD_Pages/PaymentAmount_Page/input__paymentAmount' successfully

2023-12-08 10:44:27 - [MESSAGE][PASSED] - Scroll to object 'Object Repository/RAD_Pages/PaymentAmount_Page/input__paymentAmount' successfully

2023-12-08 10:44:27 - [TEST_STEP][PASSED] - switch (Paymenttype): null

2023-12-08 10:44:27 - [TEST_STEP][PASSED] - case "Existing Liability w/Notice Number":: null

2023-12-08 10:44:27 - [TEST_STEP][PASSED] - setEncryptedText(findTestObject("Object Repository/RAD_RecordAndPlay/input_Existing_FEIN"), "RigbBhfdqODKcAsiUrg+1Q=="): Text ****** has been set on object 'Object Repository/RAD_RecordAndPlay/input_Existing_FEIN'

2023-12-08 10:44:28 - [MESSAGE][PASSED] - Text ****** has been set on object 'Object Repository/RAD_RecordAndPlay/input_Existing_FEIN'

2023-12-08 10:44:28 - [TEST_STEP][PASSED] - setEncryptedText(findTestObject("Object Repository/RAD_RecordAndPlay/input_Existing_RetypeFEIN"), "RigbBhfdqOBBGbZqm4oFJQ=="): Text ****** has been set on object 'Object Repository/RAD_RecordAndPlay/input_Existing_RetypeFEIN'

2023-12-08 10:44:28 - [MESSAGE][PASSED] - Text ****** has been set on object 'Object Repository/RAD_RecordAndPlay/input_Existing_RetypeFEIN'

2023-12-08 10:44:28 - [TEST_STEP][PASSED] - break: null

2023-12-08 10:44:28 - [TEST_STEP][PASSED] - setText(findTestObject(orPath_Amount + "/input__paymentAmount"), ""): Text '' is set on object 'Object Repository/RAD_Pages/PaymentAmount_Page/input__paymentAmount'

2023-12-08 10:44:29 - [MESSAGE][PASSED] - Text '' is set on object 'Object Repository/RAD_Pages/PaymentAmount_Page/input__paymentAmount'

2023-12-08 10:44:29 - [TEST_STEP][PASSED] - verifyTextPresent("The FEIN and Re-type FEIN do not match", true): Text 'The FEIN and Re-type FEIN do not match' is present on page  using regular expression

2023-12-08 10:44:30 - [MESSAGE][PASSED] - Text 'The FEIN and Re-type FEIN do not match' is present on page  using regular expression

2023-12-08 10:44:30 - [TEST_STEP][PASSED] - if (verifyTextPresent("The FEIN and Re-type FEIN do not match", true)): null

2023-12-08 10:44:30 - [MESSAGE][PASSED] - Text 'The FEIN and Re-type FEIN do not match' is present on page  using regular expression

2023-12-08 10:44:30 - [TEST_STEP][PASSED] - println("Error Message is present on the page"): null

2023-12-08 10:44:30 - [TEST_STEP][PASSED] - out.println("Pass Record Number: " + row): null

2023-12-08 10:44:30 - [TEST_STEP][PASSED] - resText = "Pass": null

2023-12-08 10:44:30 - [TEST_STEP][PASSED] - pages.WriteExcel.demoKey(resText, datText, resColumn, datCloumn, fileLoc, nameSheet, row): pages.WriteExcel.demoKey is PASSED

2023-12-08 10:44:30 - [MESSAGE][PASSED] - pages.WriteExcel.demoKey is PASSED

2023-12-08 10:44:30 - [TEST_STEP][PASSED] - ExecuteTC = findTestData(dataFile).getValue("Execute", row): null

2023-12-08 10:44:30 - [TEST_STEP][PASSED] - Taxtype = findTestData(dataFile).getValue("TaxType", row): null

2023-12-08 10:44:30 - [TEST_STEP][PASSED] - Paymenttype = findTestData(dataFile).getValue("PaymentType", row): null

2023-12-08 10:44:30 - [TEST_STEP][PASSED] - out.println("Value of Execute is : " + ExecuteTC): null

2023-12-08 10:44:30 - [TEST_STEP][PASSED] - if (ExecuteTC.equalsIgnoreCase("Y")): null

2023-12-08 10:44:30 - [TEST_STEP][PASSED] - out.println("Begin Record Number: " + row): null

2023-12-08 10:44:30 - [TEST_STEP][PASSED] - today = new java.util.Date(): null

2023-12-08 10:44:30 - [TEST_STEP][PASSED] - println(today): null

2023-12-08 10:44:30 - [TEST_STEP][PASSED] - datText = today: null

2023-12-08 10:44:30 - [TEST_STEP][PASSED] - Taxtype = findTestData(dataFile).getValue("TaxType", row): null

2023-12-08 10:44:30 - [TEST_STEP][PASSED] - out.println("Taxtype value is : " + Taxtype): null

2023-12-08 10:44:30 - [TEST_STEP][PASSED] - openBrowser(""): Browser is opened with url: ''

2023-12-08 10:44:30 - [MESSAGE][WARNING] - A browser is already opened. Closing browser and opening a new one

2023-12-08 10:44:31 - [MESSAGE][INFO] - Starting 'Chrome' driver

2023-12-08 10:44:31 - [MESSAGE][INFO] - User set preference: ['acceptInsecureCerts', 'true']

2023-12-08 10:44:31 - [MESSAGE][INFO] - Action delay is set to 0 milliseconds

2023-12-08 10:44:33 - [MESSAGE][PASSED] - Browser is opened with url: ''

2023-12-08 10:44:33 - [TEST_STEP][PASSED] - maximizeWindow(): Current window maximized

2023-12-08 10:44:33 - [MESSAGE][PASSED] - Current window maximized

2023-12-08 10:44:33 - [TEST_STEP][PASSED] - navigateToUrl(RADurl): Navigate to 'https://qa2.velocitypayment.com/client/rad/index.html' successfully

2023-12-08 10:44:34 - [MESSAGE][PASSED] - Navigate to 'https://qa2.velocitypayment.com/client/rad/index.html' successfully

2023-12-08 10:44:34 - [TEST_STEP][PASSED] - orPath_Landing = "Object Repository/RAD_Pages/Landing_Page": null

2023-12-08 10:44:34 - [TEST_STEP][PASSED] - orPath_TaxTypeFilingYear = "Object Repository/RAD_Pages/TaxTypeFilingYear_Page": null

2023-12-08 10:44:34 - [TEST_STEP][PASSED] - orPath_TaxPayer = "Object Repository/RAD_Pages/Taxpayer_Page": null

2023-12-08 10:44:34 - [TEST_STEP][PASSED] - orPath_AddressContact = "Object Repository/RAD_Pages/AddressAndContactInfo_Page": null

2023-12-08 10:44:34 - [TEST_STEP][PASSED] - orPath_FilingStatus = "Object Repository/RAD_Pages/FilingStatus_Page": null

2023-12-08 10:44:34 - [TEST_STEP][PASSED] - orPath_Amount = "Object Repository/RAD_Pages/PaymentAmount_Page": null

2023-12-08 10:44:34 - [TEST_STEP][PASSED] - orPath_TaxInfo = "Object Repository/RAD_Pages/TaxInfo_Page": null

2023-12-08 10:44:34 - [TEST_STEP][PASSED] - orPath_Withholding = "Object Repository/RAD_Pages/Withholding_Page": null

2023-12-08 10:44:34 - [TEST_STEP][PASSED] - orPath_Summary = "Object Repository/RAD_Pages/Summary_Page": null

2023-12-08 10:44:34 - [TEST_STEP][PASSED] - orPath_PaymentReady = "Object Repository/RAD_Pages/PaymentReady_Page": null

2023-12-08 10:44:34 - [TEST_STEP][PASSED] - orPath_PaymentEntry = "Object Repository/RAD_Pages/PaymentEntry_Page": null

2023-12-08 10:44:34 - [TEST_STEP][PASSED] - orPath_PaymentConfirmation = "Object Repository/RAD_Pages/PaymentConfirmation_Page": null

2023-12-08 10:44:34 - [TEST_STEP][PASSED] - orPath_ServiceFeesAccept = "Object Repository/RAD_Pages/ServiceFeeAccept_Page": null

2023-12-08 10:44:34 - [TEST_STEP][PASSED] - selectOptionByLabel(findTestObject(orPath_Landing + "/dd_TaxType"), Paymenttype, false): All options with label 'Existing Liability w/Notice Number' are selected in object 'Object Repository/RAD_Pages/Landing_Page/dd_TaxType' 

2023-12-08 10:44:35 - [MESSAGE][PASSED] - All options with label 'Existing Liability w/Notice Number' are selected in object 'Object Repository/RAD_Pages/Landing_Page/dd_TaxType' 

2023-12-08 10:44:35 - [TEST_STEP][PASSED] - delay(1): Delayed 1 second(s)

2023-12-08 10:44:36 - [MESSAGE][PASSED] - Delayed 1 second(s)

2023-12-08 10:44:36 - [TEST_STEP][PASSED] - switch (Paymenttype): null

2023-12-08 10:44:36 - [TEST_STEP][PASSED] - case "Existing Liability w/Notice Number":: null

2023-12-08 10:44:36 - [TEST_STEP][PASSED] - selectOptionByLabel(findTestObject(orPath_TaxTypeFilingYear + "/select_TaxType_ExistingLiability"), Taxtype, false): All options with label 'Fiduciary Tax' are selected in object 'Object Repository/RAD_Pages/TaxTypeFilingYear_Page/select_TaxType_ExistingLiability' 

2023-12-08 10:44:37 - [MESSAGE][PASSED] - All options with label 'Fiduciary Tax' are selected in object 'Object Repository/RAD_Pages/TaxTypeFilingYear_Page/select_TaxType_ExistingLiability' 

2023-12-08 10:44:37 - [TEST_STEP][PASSED] - break: null

2023-12-08 10:44:37 - [TEST_STEP][PASSED] - delay(1): Delayed 1 second(s)

2023-12-08 10:44:38 - [MESSAGE][PASSED] - Delayed 1 second(s)

2023-12-08 10:44:38 - [TEST_STEP][PASSED] - scrollToElement(findTestObject(orPath_Amount + "/input__paymentAmount"), 2, CONTINUE_ON_FAILURE): Scroll to object 'Object Repository/RAD_Pages/PaymentAmount_Page/input__paymentAmount' successfully

2023-12-08 10:44:38 - [MESSAGE][PASSED] - Scroll to object 'Object Repository/RAD_Pages/PaymentAmount_Page/input__paymentAmount' successfully

2023-12-08 10:44:38 - [TEST_STEP][PASSED] - switch (Paymenttype): null

2023-12-08 10:44:38 - [TEST_STEP][PASSED] - case "Existing Liability w/Notice Number":: null

2023-12-08 10:44:38 - [TEST_STEP][PASSED] - setEncryptedText(findTestObject("Object Repository/RAD_RecordAndPlay/input_Existing_FEIN"), "RigbBhfdqODKcAsiUrg+1Q=="): Text ****** has been set on object 'Object Repository/RAD_RecordAndPlay/input_Existing_FEIN'

2023-12-08 10:44:39 - [MESSAGE][PASSED] - Text ****** has been set on object 'Object Repository/RAD_RecordAndPlay/input_Existing_FEIN'

2023-12-08 10:44:39 - [TEST_STEP][PASSED] - setEncryptedText(findTestObject("Object Repository/RAD_RecordAndPlay/input_Existing_RetypeFEIN"), "RigbBhfdqOBBGbZqm4oFJQ=="): Text ****** has been set on object 'Object Repository/RAD_RecordAndPlay/input_Existing_RetypeFEIN'

2023-12-08 10:44:39 - [MESSAGE][PASSED] - Text ****** has been set on object 'Object Repository/RAD_RecordAndPlay/input_Existing_RetypeFEIN'

2023-12-08 10:44:39 - [TEST_STEP][PASSED] - break: null

2023-12-08 10:44:39 - [TEST_STEP][PASSED] - setText(findTestObject(orPath_Amount + "/input__paymentAmount"), ""): Text '' is set on object 'Object Repository/RAD_Pages/PaymentAmount_Page/input__paymentAmount'

2023-12-08 10:44:40 - [MESSAGE][PASSED] - Text '' is set on object 'Object Repository/RAD_Pages/PaymentAmount_Page/input__paymentAmount'

2023-12-08 10:44:40 - [TEST_STEP][PASSED] - verifyTextPresent("The FEIN and Re-type FEIN do not match", true): Text 'The FEIN and Re-type FEIN do not match' is present on page  using regular expression

2023-12-08 10:44:41 - [MESSAGE][PASSED] - Text 'The FEIN and Re-type FEIN do not match' is present on page  using regular expression

2023-12-08 10:44:41 - [TEST_STEP][PASSED] - if (verifyTextPresent("The FEIN and Re-type FEIN do not match", true)): null

2023-12-08 10:44:41 - [MESSAGE][PASSED] - Text 'The FEIN and Re-type FEIN do not match' is present on page  using regular expression

2023-12-08 10:44:41 - [TEST_STEP][PASSED] - println("Error Message is present on the page"): null

2023-12-08 10:44:41 - [TEST_STEP][PASSED] - out.println("Pass Record Number: " + row): null

2023-12-08 10:44:41 - [TEST_STEP][PASSED] - resText = "Pass": null

2023-12-08 10:44:41 - [TEST_STEP][PASSED] - pages.WriteExcel.demoKey(resText, datText, resColumn, datCloumn, fileLoc, nameSheet, row): pages.WriteExcel.demoKey is PASSED

2023-12-08 10:44:41 - [MESSAGE][PASSED] - pages.WriteExcel.demoKey is PASSED

2023-12-08 10:44:41 - [TEST_STEP][PASSED] - ExecuteTC = findTestData(dataFile).getValue("Execute", row): null

2023-12-08 10:44:41 - [TEST_STEP][PASSED] - Taxtype = findTestData(dataFile).getValue("TaxType", row): null

2023-12-08 10:44:41 - [TEST_STEP][PASSED] - Paymenttype = findTestData(dataFile).getValue("PaymentType", row): null

2023-12-08 10:44:41 - [TEST_STEP][PASSED] - out.println("Value of Execute is : " + ExecuteTC): null

2023-12-08 10:44:41 - [TEST_STEP][PASSED] - if (ExecuteTC.equalsIgnoreCase("Y")): null

2023-12-08 10:44:41 - [TEST_STEP][PASSED] - out.println("Begin Record Number: " + row): null

2023-12-08 10:44:41 - [TEST_STEP][PASSED] - today = new java.util.Date(): null

2023-12-08 10:44:41 - [TEST_STEP][PASSED] - println(today): null

2023-12-08 10:44:41 - [TEST_STEP][PASSED] - datText = today: null

2023-12-08 10:44:41 - [TEST_STEP][PASSED] - Taxtype = findTestData(dataFile).getValue("TaxType", row): null

2023-12-08 10:44:41 - [TEST_STEP][PASSED] - out.println("Taxtype value is : " + Taxtype): null

2023-12-08 10:44:41 - [TEST_STEP][PASSED] - openBrowser(""): Browser is opened with url: ''

2023-12-08 10:44:41 - [MESSAGE][WARNING] - A browser is already opened. Closing browser and opening a new one

2023-12-08 10:44:42 - [MESSAGE][INFO] - Starting 'Chrome' driver

2023-12-08 10:44:42 - [MESSAGE][INFO] - User set preference: ['acceptInsecureCerts', 'true']

2023-12-08 10:44:42 - [MESSAGE][INFO] - Action delay is set to 0 milliseconds

2023-12-08 10:44:44 - [MESSAGE][PASSED] - Browser is opened with url: ''

2023-12-08 10:44:44 - [TEST_STEP][PASSED] - maximizeWindow(): Current window maximized

2023-12-08 10:44:44 - [MESSAGE][PASSED] - Current window maximized

2023-12-08 10:44:44 - [TEST_STEP][PASSED] - navigateToUrl(RADurl): Navigate to 'https://qa2.velocitypayment.com/client/rad/index.html' successfully

2023-12-08 10:44:46 - [MESSAGE][PASSED] - Navigate to 'https://qa2.velocitypayment.com/client/rad/index.html' successfully

2023-12-08 10:44:46 - [TEST_STEP][PASSED] - orPath_Landing = "Object Repository/RAD_Pages/Landing_Page": null

2023-12-08 10:44:46 - [TEST_STEP][PASSED] - orPath_TaxTypeFilingYear = "Object Repository/RAD_Pages/TaxTypeFilingYear_Page": null

2023-12-08 10:44:46 - [TEST_STEP][PASSED] - orPath_TaxPayer = "Object Repository/RAD_Pages/Taxpayer_Page": null

2023-12-08 10:44:46 - [TEST_STEP][PASSED] - orPath_AddressContact = "Object Repository/RAD_Pages/AddressAndContactInfo_Page": null

2023-12-08 10:44:46 - [TEST_STEP][PASSED] - orPath_FilingStatus = "Object Repository/RAD_Pages/FilingStatus_Page": null

2023-12-08 10:44:46 - [TEST_STEP][PASSED] - orPath_Amount = "Object Repository/RAD_Pages/PaymentAmount_Page": null

2023-12-08 10:44:46 - [TEST_STEP][PASSED] - orPath_TaxInfo = "Object Repository/RAD_Pages/TaxInfo_Page": null

2023-12-08 10:44:46 - [TEST_STEP][PASSED] - orPath_Withholding = "Object Repository/RAD_Pages/Withholding_Page": null

2023-12-08 10:44:46 - [TEST_STEP][PASSED] - orPath_Summary = "Object Repository/RAD_Pages/Summary_Page": null

2023-12-08 10:44:46 - [TEST_STEP][PASSED] - orPath_PaymentReady = "Object Repository/RAD_Pages/PaymentReady_Page": null

2023-12-08 10:44:46 - [TEST_STEP][PASSED] - orPath_PaymentEntry = "Object Repository/RAD_Pages/PaymentEntry_Page": null

2023-12-08 10:44:46 - [TEST_STEP][PASSED] - orPath_PaymentConfirmation = "Object Repository/RAD_Pages/PaymentConfirmation_Page": null

2023-12-08 10:44:46 - [TEST_STEP][PASSED] - orPath_ServiceFeesAccept = "Object Repository/RAD_Pages/ServiceFeeAccept_Page": null

2023-12-08 10:44:46 - [TEST_STEP][PASSED] - selectOptionByLabel(findTestObject(orPath_Landing + "/dd_TaxType"), Paymenttype, false): All options with label 'Existing Liability w/Notice Number' are selected in object 'Object Repository/RAD_Pages/Landing_Page/dd_TaxType' 

2023-12-08 10:44:46 - [MESSAGE][PASSED] - All options with label 'Existing Liability w/Notice Number' are selected in object 'Object Repository/RAD_Pages/Landing_Page/dd_TaxType' 

2023-12-08 10:44:46 - [TEST_STEP][PASSED] - delay(1): Delayed 1 second(s)

2023-12-08 10:44:47 - [MESSAGE][PASSED] - Delayed 1 second(s)

2023-12-08 10:44:47 - [TEST_STEP][PASSED] - switch (Paymenttype): null

2023-12-08 10:44:47 - [TEST_STEP][PASSED] - case "Existing Liability w/Notice Number":: null

2023-12-08 10:44:47 - [TEST_STEP][PASSED] - selectOptionByLabel(findTestObject(orPath_TaxTypeFilingYear + "/select_TaxType_ExistingLiability"), Taxtype, false): All options with label 'Sales & Use Tax' are selected in object 'Object Repository/RAD_Pages/TaxTypeFilingYear_Page/select_TaxType_ExistingLiability' 

2023-12-08 10:44:48 - [MESSAGE][PASSED] - All options with label 'Sales & Use Tax' are selected in object 'Object Repository/RAD_Pages/TaxTypeFilingYear_Page/select_TaxType_ExistingLiability' 

2023-12-08 10:44:48 - [TEST_STEP][PASSED] - break: null

2023-12-08 10:44:48 - [TEST_STEP][PASSED] - delay(1): Delayed 1 second(s)

2023-12-08 10:44:49 - [MESSAGE][PASSED] - Delayed 1 second(s)

2023-12-08 10:44:49 - [TEST_STEP][PASSED] - scrollToElement(findTestObject(orPath_Amount + "/input__paymentAmount"), 2, CONTINUE_ON_FAILURE): Scroll to object 'Object Repository/RAD_Pages/PaymentAmount_Page/input__paymentAmount' successfully

2023-12-08 10:44:49 - [MESSAGE][PASSED] - Scroll to object 'Object Repository/RAD_Pages/PaymentAmount_Page/input__paymentAmount' successfully

2023-12-08 10:44:49 - [TEST_STEP][PASSED] - switch (Paymenttype): null

2023-12-08 10:44:49 - [TEST_STEP][PASSED] - case "Existing Liability w/Notice Number":: null

2023-12-08 10:44:49 - [TEST_STEP][PASSED] - setEncryptedText(findTestObject("Object Repository/RAD_RecordAndPlay/input_Existing_FEIN"), "RigbBhfdqODKcAsiUrg+1Q=="): Text ****** has been set on object 'Object Repository/RAD_RecordAndPlay/input_Existing_FEIN'

2023-12-08 10:44:50 - [MESSAGE][PASSED] - Text ****** has been set on object 'Object Repository/RAD_RecordAndPlay/input_Existing_FEIN'

2023-12-08 10:44:50 - [TEST_STEP][PASSED] - setEncryptedText(findTestObject("Object Repository/RAD_RecordAndPlay/input_Existing_RetypeFEIN"), "RigbBhfdqOBBGbZqm4oFJQ=="): Text ****** has been set on object 'Object Repository/RAD_RecordAndPlay/input_Existing_RetypeFEIN'

2023-12-08 10:44:51 - [MESSAGE][PASSED] - Text ****** has been set on object 'Object Repository/RAD_RecordAndPlay/input_Existing_RetypeFEIN'

2023-12-08 10:44:51 - [TEST_STEP][PASSED] - break: null

2023-12-08 10:44:51 - [TEST_STEP][PASSED] - setText(findTestObject(orPath_Amount + "/input__paymentAmount"), ""): Text '' is set on object 'Object Repository/RAD_Pages/PaymentAmount_Page/input__paymentAmount'

2023-12-08 10:44:51 - [MESSAGE][PASSED] - Text '' is set on object 'Object Repository/RAD_Pages/PaymentAmount_Page/input__paymentAmount'

2023-12-08 10:44:51 - [TEST_STEP][PASSED] - verifyTextPresent("The FEIN and Re-type FEIN do not match", true): Text 'The FEIN and Re-type FEIN do not match' is present on page  using regular expression

2023-12-08 10:44:52 - [MESSAGE][PASSED] - Text 'The FEIN and Re-type FEIN do not match' is present on page  using regular expression

2023-12-08 10:44:52 - [TEST_STEP][PASSED] - if (verifyTextPresent("The FEIN and Re-type FEIN do not match", true)): null

2023-12-08 10:44:53 - [MESSAGE][PASSED] - Text 'The FEIN and Re-type FEIN do not match' is present on page  using regular expression

2023-12-08 10:44:53 - [TEST_STEP][PASSED] - println("Error Message is present on the page"): null

2023-12-08 10:44:53 - [TEST_STEP][PASSED] - out.println("Pass Record Number: " + row): null

2023-12-08 10:44:53 - [TEST_STEP][PASSED] - resText = "Pass": null

2023-12-08 10:44:53 - [TEST_STEP][PASSED] - pages.WriteExcel.demoKey(resText, datText, resColumn, datCloumn, fileLoc, nameSheet, row): pages.WriteExcel.demoKey is PASSED

2023-12-08 10:44:53 - [MESSAGE][PASSED] - pages.WriteExcel.demoKey is PASSED

2023-12-08 10:44:53 - [TEST_STEP][PASSED] - ExecuteTC = findTestData(dataFile).getValue("Execute", row): null

2023-12-08 10:44:53 - [TEST_STEP][PASSED] - Taxtype = findTestData(dataFile).getValue("TaxType", row): null

2023-12-08 10:44:53 - [TEST_STEP][PASSED] - Paymenttype = findTestData(dataFile).getValue("PaymentType", row): null

2023-12-08 10:44:53 - [TEST_STEP][PASSED] - out.println("Value of Execute is : " + ExecuteTC): null

2023-12-08 10:44:53 - [TEST_STEP][PASSED] - if (ExecuteTC.equalsIgnoreCase("Y")): null

2023-12-08 10:44:53 - [TEST_STEP][PASSED] - out.println("Begin Record Number: " + row): null

2023-12-08 10:44:53 - [TEST_STEP][PASSED] - today = new java.util.Date(): null

2023-12-08 10:44:53 - [TEST_STEP][PASSED] - println(today): null

2023-12-08 10:44:53 - [TEST_STEP][PASSED] - datText = today: null

2023-12-08 10:44:53 - [TEST_STEP][PASSED] - Taxtype = findTestData(dataFile).getValue("TaxType", row): null

2023-12-08 10:44:53 - [TEST_STEP][PASSED] - out.println("Taxtype value is : " + Taxtype): null

2023-12-08 10:44:53 - [TEST_STEP][PASSED] - openBrowser(""): Browser is opened with url: ''

2023-12-08 10:44:53 - [MESSAGE][WARNING] - A browser is already opened. Closing browser and opening a new one

2023-12-08 10:44:54 - [MESSAGE][INFO] - Starting 'Chrome' driver

2023-12-08 10:44:54 - [MESSAGE][INFO] - User set preference: ['acceptInsecureCerts', 'true']

2023-12-08 10:44:54 - [MESSAGE][INFO] - Action delay is set to 0 milliseconds

2023-12-08 10:44:55 - [MESSAGE][PASSED] - Browser is opened with url: ''

2023-12-08 10:44:55 - [TEST_STEP][PASSED] - maximizeWindow(): Current window maximized

2023-12-08 10:44:56 - [MESSAGE][PASSED] - Current window maximized

2023-12-08 10:44:56 - [TEST_STEP][PASSED] - navigateToUrl(RADurl): Navigate to 'https://qa2.velocitypayment.com/client/rad/index.html' successfully

2023-12-08 10:44:56 - [MESSAGE][PASSED] - Navigate to 'https://qa2.velocitypayment.com/client/rad/index.html' successfully

2023-12-08 10:44:56 - [TEST_STEP][PASSED] - orPath_Landing = "Object Repository/RAD_Pages/Landing_Page": null

2023-12-08 10:44:56 - [TEST_STEP][PASSED] - orPath_TaxTypeFilingYear = "Object Repository/RAD_Pages/TaxTypeFilingYear_Page": null

2023-12-08 10:44:56 - [TEST_STEP][PASSED] - orPath_TaxPayer = "Object Repository/RAD_Pages/Taxpayer_Page": null

2023-12-08 10:44:56 - [TEST_STEP][PASSED] - orPath_AddressContact = "Object Repository/RAD_Pages/AddressAndContactInfo_Page": null

2023-12-08 10:44:56 - [TEST_STEP][PASSED] - orPath_FilingStatus = "Object Repository/RAD_Pages/FilingStatus_Page": null

2023-12-08 10:44:56 - [TEST_STEP][PASSED] - orPath_Amount = "Object Repository/RAD_Pages/PaymentAmount_Page": null

2023-12-08 10:44:56 - [TEST_STEP][PASSED] - orPath_TaxInfo = "Object Repository/RAD_Pages/TaxInfo_Page": null

2023-12-08 10:44:56 - [TEST_STEP][PASSED] - orPath_Withholding = "Object Repository/RAD_Pages/Withholding_Page": null

2023-12-08 10:44:56 - [TEST_STEP][PASSED] - orPath_Summary = "Object Repository/RAD_Pages/Summary_Page": null

2023-12-08 10:44:56 - [TEST_STEP][PASSED] - orPath_PaymentReady = "Object Repository/RAD_Pages/PaymentReady_Page": null

2023-12-08 10:44:56 - [TEST_STEP][PASSED] - orPath_PaymentEntry = "Object Repository/RAD_Pages/PaymentEntry_Page": null

2023-12-08 10:44:56 - [TEST_STEP][PASSED] - orPath_PaymentConfirmation = "Object Repository/RAD_Pages/PaymentConfirmation_Page": null

2023-12-08 10:44:56 - [TEST_STEP][PASSED] - orPath_ServiceFeesAccept = "Object Repository/RAD_Pages/ServiceFeeAccept_Page": null

2023-12-08 10:44:56 - [TEST_STEP][PASSED] - selectOptionByLabel(findTestObject(orPath_Landing + "/dd_TaxType"), Paymenttype, false): All options with label 'Existing Liability w/Notice Number' are selected in object 'Object Repository/RAD_Pages/Landing_Page/dd_TaxType' 

2023-12-08 10:44:58 - [MESSAGE][PASSED] - All options with label 'Existing Liability w/Notice Number' are selected in object 'Object Repository/RAD_Pages/Landing_Page/dd_TaxType' 

2023-12-08 10:44:58 - [TEST_STEP][PASSED] - delay(1): Delayed 1 second(s)

2023-12-08 10:44:59 - [MESSAGE][PASSED] - Delayed 1 second(s)

2023-12-08 10:44:59 - [TEST_STEP][PASSED] - switch (Paymenttype): null

2023-12-08 10:44:59 - [TEST_STEP][PASSED] - case "Existing Liability w/Notice Number":: null

2023-12-08 10:44:59 - [TEST_STEP][PASSED] - selectOptionByLabel(findTestObject(orPath_TaxTypeFilingYear + "/select_TaxType_ExistingLiability"), Taxtype, false): All options with label 'Tire Recycling Fee' are selected in object 'Object Repository/RAD_Pages/TaxTypeFilingYear_Page/select_TaxType_ExistingLiability' 

2023-12-08 10:45:00 - [MESSAGE][PASSED] - All options with label 'Tire Recycling Fee' are selected in object 'Object Repository/RAD_Pages/TaxTypeFilingYear_Page/select_TaxType_ExistingLiability' 

2023-12-08 10:45:00 - [TEST_STEP][PASSED] - break: null

2023-12-08 10:45:00 - [TEST_STEP][PASSED] - delay(1): Delayed 1 second(s)

2023-12-08 10:45:01 - [MESSAGE][PASSED] - Delayed 1 second(s)

2023-12-08 10:45:01 - [TEST_STEP][PASSED] - scrollToElement(findTestObject(orPath_Amount + "/input__paymentAmount"), 2, CONTINUE_ON_FAILURE): Scroll to object 'Object Repository/RAD_Pages/PaymentAmount_Page/input__paymentAmount' successfully

2023-12-08 10:45:01 - [MESSAGE][PASSED] - Scroll to object 'Object Repository/RAD_Pages/PaymentAmount_Page/input__paymentAmount' successfully

2023-12-08 10:45:01 - [TEST_STEP][PASSED] - switch (Paymenttype): null

2023-12-08 10:45:01 - [TEST_STEP][PASSED] - case "Existing Liability w/Notice Number":: null

2023-12-08 10:45:01 - [TEST_STEP][PASSED] - setEncryptedText(findTestObject("Object Repository/RAD_RecordAndPlay/input_Existing_FEIN"), "RigbBhfdqODKcAsiUrg+1Q=="): Text ****** has been set on object 'Object Repository/RAD_RecordAndPlay/input_Existing_FEIN'

2023-12-08 10:45:02 - [MESSAGE][PASSED] - Text ****** has been set on object 'Object Repository/RAD_RecordAndPlay/input_Existing_FEIN'

2023-12-08 10:45:02 - [TEST_STEP][PASSED] - setEncryptedText(findTestObject("Object Repository/RAD_RecordAndPlay/input_Existing_RetypeFEIN"), "RigbBhfdqOBBGbZqm4oFJQ=="): Text ****** has been set on object 'Object Repository/RAD_RecordAndPlay/input_Existing_RetypeFEIN'

2023-12-08 10:45:02 - [MESSAGE][PASSED] - Text ****** has been set on object 'Object Repository/RAD_RecordAndPlay/input_Existing_RetypeFEIN'

2023-12-08 10:45:02 - [TEST_STEP][PASSED] - break: null

2023-12-08 10:45:02 - [TEST_STEP][PASSED] - setText(findTestObject(orPath_Amount + "/input__paymentAmount"), ""): Text '' is set on object 'Object Repository/RAD_Pages/PaymentAmount_Page/input__paymentAmount'

2023-12-08 10:45:03 - [MESSAGE][PASSED] - Text '' is set on object 'Object Repository/RAD_Pages/PaymentAmount_Page/input__paymentAmount'

2023-12-08 10:45:03 - [TEST_STEP][PASSED] - verifyTextPresent("The FEIN and Re-type FEIN do not match", true): Text 'The FEIN and Re-type FEIN do not match' is present on page  using regular expression

2023-12-08 10:45:04 - [MESSAGE][PASSED] - Text 'The FEIN and Re-type FEIN do not match' is present on page  using regular expression

2023-12-08 10:45:04 - [TEST_STEP][PASSED] - if (verifyTextPresent("The FEIN and Re-type FEIN do not match", true)): null

2023-12-08 10:45:04 - [MESSAGE][PASSED] - Text 'The FEIN and Re-type FEIN do not match' is present on page  using regular expression

2023-12-08 10:45:04 - [TEST_STEP][PASSED] - println("Error Message is present on the page"): null

2023-12-08 10:45:04 - [TEST_STEP][PASSED] - out.println("Pass Record Number: " + row): null

2023-12-08 10:45:04 - [TEST_STEP][PASSED] - resText = "Pass": null

2023-12-08 10:45:04 - [TEST_STEP][PASSED] - pages.WriteExcel.demoKey(resText, datText, resColumn, datCloumn, fileLoc, nameSheet, row): pages.WriteExcel.demoKey is PASSED

2023-12-08 10:45:04 - [MESSAGE][PASSED] - pages.WriteExcel.demoKey is PASSED

2023-12-08 10:45:04 - [TEST_STEP][PASSED] - ExecuteTC = findTestData(dataFile).getValue("Execute", row): null

2023-12-08 10:45:04 - [TEST_STEP][PASSED] - Taxtype = findTestData(dataFile).getValue("TaxType", row): null

2023-12-08 10:45:04 - [TEST_STEP][PASSED] - Paymenttype = findTestData(dataFile).getValue("PaymentType", row): null

2023-12-08 10:45:04 - [TEST_STEP][PASSED] - out.println("Value of Execute is : " + ExecuteTC): null

2023-12-08 10:45:04 - [TEST_STEP][PASSED] - if (ExecuteTC.equalsIgnoreCase("Y")): null

2023-12-08 10:45:04 - [TEST_STEP][PASSED] - out.println("Begin Record Number: " + row): null

2023-12-08 10:45:04 - [TEST_STEP][PASSED] - today = new java.util.Date(): null

2023-12-08 10:45:04 - [TEST_STEP][PASSED] - println(today): null

2023-12-08 10:45:04 - [TEST_STEP][PASSED] - datText = today: null

2023-12-08 10:45:04 - [TEST_STEP][PASSED] - Taxtype = findTestData(dataFile).getValue("TaxType", row): null

2023-12-08 10:45:04 - [TEST_STEP][PASSED] - out.println("Taxtype value is : " + Taxtype): null

2023-12-08 10:45:04 - [TEST_STEP][PASSED] - openBrowser(""): Browser is opened with url: ''

2023-12-08 10:45:04 - [MESSAGE][WARNING] - A browser is already opened. Closing browser and opening a new one

2023-12-08 10:45:05 - [MESSAGE][INFO] - Starting 'Chrome' driver

2023-12-08 10:45:05 - [MESSAGE][INFO] - User set preference: ['acceptInsecureCerts', 'true']

2023-12-08 10:45:05 - [MESSAGE][INFO] - Action delay is set to 0 milliseconds

2023-12-08 10:45:07 - [MESSAGE][PASSED] - Browser is opened with url: ''

2023-12-08 10:45:07 - [TEST_STEP][PASSED] - maximizeWindow(): Current window maximized

2023-12-08 10:45:07 - [MESSAGE][PASSED] - Current window maximized

2023-12-08 10:45:07 - [TEST_STEP][PASSED] - navigateToUrl(RADurl): Navigate to 'https://qa2.velocitypayment.com/client/rad/index.html' successfully

2023-12-08 10:45:08 - [MESSAGE][PASSED] - Navigate to 'https://qa2.velocitypayment.com/client/rad/index.html' successfully

2023-12-08 10:45:08 - [TEST_STEP][PASSED] - orPath_Landing = "Object Repository/RAD_Pages/Landing_Page": null

2023-12-08 10:45:08 - [TEST_STEP][PASSED] - orPath_TaxTypeFilingYear = "Object Repository/RAD_Pages/TaxTypeFilingYear_Page": null

2023-12-08 10:45:08 - [TEST_STEP][PASSED] - orPath_TaxPayer = "Object Repository/RAD_Pages/Taxpayer_Page": null

2023-12-08 10:45:08 - [TEST_STEP][PASSED] - orPath_AddressContact = "Object Repository/RAD_Pages/AddressAndContactInfo_Page": null

2023-12-08 10:45:08 - [TEST_STEP][PASSED] - orPath_FilingStatus = "Object Repository/RAD_Pages/FilingStatus_Page": null

2023-12-08 10:45:08 - [TEST_STEP][PASSED] - orPath_Amount = "Object Repository/RAD_Pages/PaymentAmount_Page": null

2023-12-08 10:45:08 - [TEST_STEP][PASSED] - orPath_TaxInfo = "Object Repository/RAD_Pages/TaxInfo_Page": null

2023-12-08 10:45:08 - [TEST_STEP][PASSED] - orPath_Withholding = "Object Repository/RAD_Pages/Withholding_Page": null

2023-12-08 10:45:08 - [TEST_STEP][PASSED] - orPath_Summary = "Object Repository/RAD_Pages/Summary_Page": null

2023-12-08 10:45:08 - [TEST_STEP][PASSED] - orPath_PaymentReady = "Object Repository/RAD_Pages/PaymentReady_Page": null

2023-12-08 10:45:08 - [TEST_STEP][PASSED] - orPath_PaymentEntry = "Object Repository/RAD_Pages/PaymentEntry_Page": null

2023-12-08 10:45:08 - [TEST_STEP][PASSED] - orPath_PaymentConfirmation = "Object Repository/RAD_Pages/PaymentConfirmation_Page": null

2023-12-08 10:45:08 - [TEST_STEP][PASSED] - orPath_ServiceFeesAccept = "Object Repository/RAD_Pages/ServiceFeeAccept_Page": null

2023-12-08 10:45:08 - [TEST_STEP][PASSED] - selectOptionByLabel(findTestObject(orPath_Landing + "/dd_TaxType"), Paymenttype, false): All options with label 'Existing Liability w/Notice Number' are selected in object 'Object Repository/RAD_Pages/Landing_Page/dd_TaxType' 

2023-12-08 10:45:09 - [MESSAGE][PASSED] - All options with label 'Existing Liability w/Notice Number' are selected in object 'Object Repository/RAD_Pages/Landing_Page/dd_TaxType' 

2023-12-08 10:45:09 - [TEST_STEP][PASSED] - delay(1): Delayed 1 second(s)

2023-12-08 10:45:10 - [MESSAGE][PASSED] - Delayed 1 second(s)

2023-12-08 10:45:10 - [TEST_STEP][PASSED] - switch (Paymenttype): null

2023-12-08 10:45:10 - [TEST_STEP][PASSED] - case "Existing Liability w/Notice Number":: null

2023-12-08 10:45:10 - [TEST_STEP][PASSED] - selectOptionByLabel(findTestObject(orPath_TaxTypeFilingYear + "/select_TaxType_ExistingLiability"), Taxtype, false): All options with label 'Withholding Tax' are selected in object 'Object Repository/RAD_Pages/TaxTypeFilingYear_Page/select_TaxType_ExistingLiability' 

2023-12-08 10:45:11 - [MESSAGE][PASSED] - All options with label 'Withholding Tax' are selected in object 'Object Repository/RAD_Pages/TaxTypeFilingYear_Page/select_TaxType_ExistingLiability' 

2023-12-08 10:45:11 - [TEST_STEP][PASSED] - break: null

2023-12-08 10:45:11 - [TEST_STEP][PASSED] - delay(1): Delayed 1 second(s)

2023-12-08 10:45:12 - [MESSAGE][PASSED] - Delayed 1 second(s)

2023-12-08 10:45:12 - [TEST_STEP][PASSED] - scrollToElement(findTestObject(orPath_Amount + "/input__paymentAmount"), 2, CONTINUE_ON_FAILURE): Scroll to object 'Object Repository/RAD_Pages/PaymentAmount_Page/input__paymentAmount' successfully

2023-12-08 10:45:12 - [MESSAGE][PASSED] - Scroll to object 'Object Repository/RAD_Pages/PaymentAmount_Page/input__paymentAmount' successfully

2023-12-08 10:45:12 - [TEST_STEP][PASSED] - switch (Paymenttype): null

2023-12-08 10:45:12 - [TEST_STEP][PASSED] - case "Existing Liability w/Notice Number":: null

2023-12-08 10:45:12 - [TEST_STEP][PASSED] - setEncryptedText(findTestObject("Object Repository/RAD_RecordAndPlay/input_Existing_FEIN"), "RigbBhfdqODKcAsiUrg+1Q=="): Text ****** has been set on object 'Object Repository/RAD_RecordAndPlay/input_Existing_FEIN'

2023-12-08 10:45:13 - [MESSAGE][PASSED] - Text ****** has been set on object 'Object Repository/RAD_RecordAndPlay/input_Existing_FEIN'

2023-12-08 10:45:13 - [TEST_STEP][PASSED] - setEncryptedText(findTestObject("Object Repository/RAD_RecordAndPlay/input_Existing_RetypeFEIN"), "RigbBhfdqOBBGbZqm4oFJQ=="): Text ****** has been set on object 'Object Repository/RAD_RecordAndPlay/input_Existing_RetypeFEIN'

2023-12-08 10:45:13 - [MESSAGE][PASSED] - Text ****** has been set on object 'Object Repository/RAD_RecordAndPlay/input_Existing_RetypeFEIN'

2023-12-08 10:45:13 - [TEST_STEP][PASSED] - break: null

2023-12-08 10:45:13 - [TEST_STEP][PASSED] - setText(findTestObject(orPath_Amount + "/input__paymentAmount"), ""): Text '' is set on object 'Object Repository/RAD_Pages/PaymentAmount_Page/input__paymentAmount'

2023-12-08 10:45:14 - [MESSAGE][PASSED] - Text '' is set on object 'Object Repository/RAD_Pages/PaymentAmount_Page/input__paymentAmount'

2023-12-08 10:45:14 - [TEST_STEP][PASSED] - verifyTextPresent("The FEIN and Re-type FEIN do not match", true): Text 'The FEIN and Re-type FEIN do not match' is present on page  using regular expression

2023-12-08 10:45:15 - [MESSAGE][PASSED] - Text 'The FEIN and Re-type FEIN do not match' is present on page  using regular expression

2023-12-08 10:45:15 - [TEST_STEP][PASSED] - if (verifyTextPresent("The FEIN and Re-type FEIN do not match", true)): null

2023-12-08 10:45:15 - [MESSAGE][PASSED] - Text 'The FEIN and Re-type FEIN do not match' is present on page  using regular expression

2023-12-08 10:45:15 - [TEST_STEP][PASSED] - println("Error Message is present on the page"): null

2023-12-08 10:45:15 - [TEST_STEP][PASSED] - out.println("Pass Record Number: " + row): null

2023-12-08 10:45:15 - [TEST_STEP][PASSED] - resText = "Pass": null

2023-12-08 10:45:15 - [TEST_STEP][PASSED] - pages.WriteExcel.demoKey(resText, datText, resColumn, datCloumn, fileLoc, nameSheet, row): pages.WriteExcel.demoKey is PASSED

2023-12-08 10:45:15 - [MESSAGE][PASSED] - pages.WriteExcel.demoKey is PASSED

2023-12-08 10:45:15 - [TEST_STEP][PASSED] - ExecuteTC = findTestData(dataFile).getValue("Execute", row): null

2023-12-08 10:45:15 - [TEST_STEP][PASSED] - Taxtype = findTestData(dataFile).getValue("TaxType", row): null

2023-12-08 10:45:15 - [TEST_STEP][PASSED] - Paymenttype = findTestData(dataFile).getValue("PaymentType", row): null

2023-12-08 10:45:15 - [TEST_STEP][PASSED] - out.println("Value of Execute is : " + ExecuteTC): null

2023-12-08 10:45:15 - [TEST_STEP][PASSED] - if (ExecuteTC.equalsIgnoreCase("Y")): null

2023-12-08 10:45:15 - [TEST_STEP][PASSED] - out.println("Begin Record Number: " + row): null

2023-12-08 10:45:15 - [TEST_STEP][PASSED] - today = new java.util.Date(): null

2023-12-08 10:45:15 - [TEST_STEP][PASSED] - println(today): null

2023-12-08 10:45:15 - [TEST_STEP][PASSED] - datText = today: null

2023-12-08 10:45:15 - [TEST_STEP][PASSED] - Taxtype = findTestData(dataFile).getValue("TaxType", row): null

2023-12-08 10:45:15 - [TEST_STEP][PASSED] - out.println("Taxtype value is : " + Taxtype): null

2023-12-08 10:45:15 - [TEST_STEP][PASSED] - openBrowser(""): Browser is opened with url: ''

2023-12-08 10:45:15 - [MESSAGE][WARNING] - A browser is already opened. Closing browser and opening a new one

2023-12-08 10:45:16 - [MESSAGE][INFO] - Starting 'Chrome' driver

2023-12-08 10:45:16 - [MESSAGE][INFO] - User set preference: ['acceptInsecureCerts', 'true']

2023-12-08 10:45:16 - [MESSAGE][INFO] - Action delay is set to 0 milliseconds

2023-12-08 10:45:18 - [MESSAGE][PASSED] - Browser is opened with url: ''

2023-12-08 10:45:18 - [TEST_STEP][PASSED] - maximizeWindow(): Current window maximized

2023-12-08 10:45:18 - [MESSAGE][PASSED] - Current window maximized

2023-12-08 10:45:18 - [TEST_STEP][PASSED] - navigateToUrl(RADurl): Navigate to 'https://qa2.velocitypayment.com/client/rad/index.html' successfully

2023-12-08 10:45:21 - [MESSAGE][PASSED] - Navigate to 'https://qa2.velocitypayment.com/client/rad/index.html' successfully

2023-12-08 10:45:21 - [TEST_STEP][PASSED] - orPath_Landing = "Object Repository/RAD_Pages/Landing_Page": null

2023-12-08 10:45:21 - [TEST_STEP][PASSED] - orPath_TaxTypeFilingYear = "Object Repository/RAD_Pages/TaxTypeFilingYear_Page": null

2023-12-08 10:45:21 - [TEST_STEP][PASSED] - orPath_TaxPayer = "Object Repository/RAD_Pages/Taxpayer_Page": null

2023-12-08 10:45:21 - [TEST_STEP][PASSED] - orPath_AddressContact = "Object Repository/RAD_Pages/AddressAndContactInfo_Page": null

2023-12-08 10:45:21 - [TEST_STEP][PASSED] - orPath_FilingStatus = "Object Repository/RAD_Pages/FilingStatus_Page": null

2023-12-08 10:45:21 - [TEST_STEP][PASSED] - orPath_Amount = "Object Repository/RAD_Pages/PaymentAmount_Page": null

2023-12-08 10:45:21 - [TEST_STEP][PASSED] - orPath_TaxInfo = "Object Repository/RAD_Pages/TaxInfo_Page": null

2023-12-08 10:45:21 - [TEST_STEP][PASSED] - orPath_Withholding = "Object Repository/RAD_Pages/Withholding_Page": null

2023-12-08 10:45:21 - [TEST_STEP][PASSED] - orPath_Summary = "Object Repository/RAD_Pages/Summary_Page": null

2023-12-08 10:45:21 - [TEST_STEP][PASSED] - orPath_PaymentReady = "Object Repository/RAD_Pages/PaymentReady_Page": null

2023-12-08 10:45:21 - [TEST_STEP][PASSED] - orPath_PaymentEntry = "Object Repository/RAD_Pages/PaymentEntry_Page": null

2023-12-08 10:45:21 - [TEST_STEP][PASSED] - orPath_PaymentConfirmation = "Object Repository/RAD_Pages/PaymentConfirmation_Page": null

2023-12-08 10:45:21 - [TEST_STEP][PASSED] - orPath_ServiceFeesAccept = "Object Repository/RAD_Pages/ServiceFeeAccept_Page": null

2023-12-08 10:45:21 - [TEST_STEP][PASSED] - selectOptionByLabel(findTestObject(orPath_Landing + "/dd_TaxType"), Paymenttype, false): All options with label 'Existing Liability w/Notice Number' are selected in object 'Object Repository/RAD_Pages/Landing_Page/dd_TaxType' 

2023-12-08 10:45:21 - [MESSAGE][PASSED] - All options with label 'Existing Liability w/Notice Number' are selected in object 'Object Repository/RAD_Pages/Landing_Page/dd_TaxType' 

2023-12-08 10:45:21 - [TEST_STEP][PASSED] - delay(1): Delayed 1 second(s)

2023-12-08 10:45:22 - [MESSAGE][PASSED] - Delayed 1 second(s)

2023-12-08 10:45:22 - [TEST_STEP][PASSED] - switch (Paymenttype): null

2023-12-08 10:45:22 - [TEST_STEP][PASSED] - case "Existing Liability w/Notice Number":: null

2023-12-08 10:45:22 - [TEST_STEP][PASSED] - selectOptionByLabel(findTestObject(orPath_TaxTypeFilingYear + "/select_TaxType_ExistingLiability"), Taxtype, false): All options with label 'Alcohol Tax' are selected in object 'Object Repository/RAD_Pages/TaxTypeFilingYear_Page/select_TaxType_ExistingLiability' 

2023-12-08 10:45:23 - [MESSAGE][PASSED] - All options with label 'Alcohol Tax' are selected in object 'Object Repository/RAD_Pages/TaxTypeFilingYear_Page/select_TaxType_ExistingLiability' 

2023-12-08 10:45:23 - [TEST_STEP][PASSED] - break: null

2023-12-08 10:45:23 - [TEST_STEP][PASSED] - delay(1): Delayed 1 second(s)

2023-12-08 10:45:24 - [MESSAGE][PASSED] - Delayed 1 second(s)

2023-12-08 10:45:24 - [TEST_STEP][PASSED] - scrollToElement(findTestObject(orPath_Amount + "/input__paymentAmount"), 2, CONTINUE_ON_FAILURE): Scroll to object 'Object Repository/RAD_Pages/PaymentAmount_Page/input__paymentAmount' successfully

2023-12-08 10:45:24 - [MESSAGE][PASSED] - Scroll to object 'Object Repository/RAD_Pages/PaymentAmount_Page/input__paymentAmount' successfully

2023-12-08 10:45:24 - [TEST_STEP][PASSED] - switch (Paymenttype): null

2023-12-08 10:45:24 - [TEST_STEP][PASSED] - case "Existing Liability w/Notice Number":: null

2023-12-08 10:45:24 - [TEST_STEP][PASSED] - setEncryptedText(findTestObject("Object Repository/RAD_RecordAndPlay/input_Existing_FEIN"), "RigbBhfdqODKcAsiUrg+1Q=="): Text ****** has been set on object 'Object Repository/RAD_RecordAndPlay/input_Existing_FEIN'

2023-12-08 10:45:25 - [MESSAGE][PASSED] - Text ****** has been set on object 'Object Repository/RAD_RecordAndPlay/input_Existing_FEIN'

2023-12-08 10:45:25 - [TEST_STEP][PASSED] - setEncryptedText(findTestObject("Object Repository/RAD_RecordAndPlay/input_Existing_RetypeFEIN"), "RigbBhfdqOBBGbZqm4oFJQ=="): Text ****** has been set on object 'Object Repository/RAD_RecordAndPlay/input_Existing_RetypeFEIN'

2023-12-08 10:45:26 - [MESSAGE][PASSED] - Text ****** has been set on object 'Object Repository/RAD_RecordAndPlay/input_Existing_RetypeFEIN'

2023-12-08 10:45:26 - [TEST_STEP][PASSED] - break: null

2023-12-08 10:45:26 - [TEST_STEP][PASSED] - setText(findTestObject(orPath_Amount + "/input__paymentAmount"), ""): Text '' is set on object 'Object Repository/RAD_Pages/PaymentAmount_Page/input__paymentAmount'

2023-12-08 10:45:26 - [MESSAGE][PASSED] - Text '' is set on object 'Object Repository/RAD_Pages/PaymentAmount_Page/input__paymentAmount'

2023-12-08 10:45:26 - [TEST_STEP][PASSED] - verifyTextPresent("The FEIN and Re-type FEIN do not match", true): Text 'The FEIN and Re-type FEIN do not match' is present on page  using regular expression

2023-12-08 10:45:27 - [MESSAGE][PASSED] - Text 'The FEIN and Re-type FEIN do not match' is present on page  using regular expression

2023-12-08 10:45:27 - [TEST_STEP][PASSED] - if (verifyTextPresent("The FEIN and Re-type FEIN do not match", true)): null

2023-12-08 10:45:27 - [MESSAGE][PASSED] - Text 'The FEIN and Re-type FEIN do not match' is present on page  using regular expression

2023-12-08 10:45:27 - [TEST_STEP][PASSED] - println("Error Message is present on the page"): null

2023-12-08 10:45:27 - [TEST_STEP][PASSED] - out.println("Pass Record Number: " + row): null

2023-12-08 10:45:27 - [TEST_STEP][PASSED] - resText = "Pass": null

2023-12-08 10:45:27 - [TEST_STEP][PASSED] - pages.WriteExcel.demoKey(resText, datText, resColumn, datCloumn, fileLoc, nameSheet, row): pages.WriteExcel.demoKey is PASSED

2023-12-08 10:45:27 - [MESSAGE][PASSED] - pages.WriteExcel.demoKey is PASSED

2023-12-08 10:45:27 - [TEST_STEP][PASSED] - ExecuteTC = findTestData(dataFile).getValue("Execute", row): null

2023-12-08 10:45:27 - [TEST_STEP][PASSED] - Taxtype = findTestData(dataFile).getValue("TaxType", row): null

2023-12-08 10:45:27 - [TEST_STEP][PASSED] - Paymenttype = findTestData(dataFile).getValue("PaymentType", row): null

2023-12-08 10:45:27 - [TEST_STEP][PASSED] - out.println("Value of Execute is : " + ExecuteTC): null

2023-12-08 10:45:27 - [TEST_STEP][PASSED] - if (ExecuteTC.equalsIgnoreCase("Y")): null

2023-12-08 10:45:27 - [TEST_STEP][PASSED] - out.println("Begin Record Number: " + row): null

2023-12-08 10:45:27 - [TEST_STEP][PASSED] - today = new java.util.Date(): null

2023-12-08 10:45:27 - [TEST_STEP][PASSED] - println(today): null

2023-12-08 10:45:27 - [TEST_STEP][PASSED] - datText = today: null

2023-12-08 10:45:27 - [TEST_STEP][PASSED] - Taxtype = findTestData(dataFile).getValue("TaxType", row): null

2023-12-08 10:45:27 - [TEST_STEP][PASSED] - out.println("Taxtype value is : " + Taxtype): null

2023-12-08 10:45:27 - [TEST_STEP][PASSED] - openBrowser(""): Browser is opened with url: ''

2023-12-08 10:45:27 - [MESSAGE][WARNING] - A browser is already opened. Closing browser and opening a new one

2023-12-08 10:45:28 - [MESSAGE][INFO] - Starting 'Chrome' driver

2023-12-08 10:45:28 - [MESSAGE][INFO] - User set preference: ['acceptInsecureCerts', 'true']

2023-12-08 10:45:28 - [MESSAGE][INFO] - Action delay is set to 0 milliseconds

2023-12-08 10:45:30 - [MESSAGE][PASSED] - Browser is opened with url: ''

2023-12-08 10:45:30 - [TEST_STEP][PASSED] - maximizeWindow(): Current window maximized

2023-12-08 10:45:30 - [MESSAGE][PASSED] - Current window maximized

2023-12-08 10:45:30 - [TEST_STEP][PASSED] - navigateToUrl(RADurl): Navigate to 'https://qa2.velocitypayment.com/client/rad/index.html' successfully

2023-12-08 10:45:31 - [MESSAGE][PASSED] - Navigate to 'https://qa2.velocitypayment.com/client/rad/index.html' successfully

2023-12-08 10:45:31 - [TEST_STEP][PASSED] - orPath_Landing = "Object Repository/RAD_Pages/Landing_Page": null

2023-12-08 10:45:31 - [TEST_STEP][PASSED] - orPath_TaxTypeFilingYear = "Object Repository/RAD_Pages/TaxTypeFilingYear_Page": null

2023-12-08 10:45:31 - [TEST_STEP][PASSED] - orPath_TaxPayer = "Object Repository/RAD_Pages/Taxpayer_Page": null

2023-12-08 10:45:31 - [TEST_STEP][PASSED] - orPath_AddressContact = "Object Repository/RAD_Pages/AddressAndContactInfo_Page": null

2023-12-08 10:45:31 - [TEST_STEP][PASSED] - orPath_FilingStatus = "Object Repository/RAD_Pages/FilingStatus_Page": null

2023-12-08 10:45:31 - [TEST_STEP][PASSED] - orPath_Amount = "Object Repository/RAD_Pages/PaymentAmount_Page": null

2023-12-08 10:45:31 - [TEST_STEP][PASSED] - orPath_TaxInfo = "Object Repository/RAD_Pages/TaxInfo_Page": null

2023-12-08 10:45:31 - [TEST_STEP][PASSED] - orPath_Withholding = "Object Repository/RAD_Pages/Withholding_Page": null

2023-12-08 10:45:31 - [TEST_STEP][PASSED] - orPath_Summary = "Object Repository/RAD_Pages/Summary_Page": null

2023-12-08 10:45:31 - [TEST_STEP][PASSED] - orPath_PaymentReady = "Object Repository/RAD_Pages/PaymentReady_Page": null

2023-12-08 10:45:31 - [TEST_STEP][PASSED] - orPath_PaymentEntry = "Object Repository/RAD_Pages/PaymentEntry_Page": null

2023-12-08 10:45:31 - [TEST_STEP][PASSED] - orPath_PaymentConfirmation = "Object Repository/RAD_Pages/PaymentConfirmation_Page": null

2023-12-08 10:45:31 - [TEST_STEP][PASSED] - orPath_ServiceFeesAccept = "Object Repository/RAD_Pages/ServiceFeeAccept_Page": null

2023-12-08 10:45:31 - [TEST_STEP][PASSED] - selectOptionByLabel(findTestObject(orPath_Landing + "/dd_TaxType"), Paymenttype, false): All options with label 'Quarterly Estimated Tax' are selected in object 'Object Repository/RAD_Pages/Landing_Page/dd_TaxType' 

2023-12-08 10:45:32 - [MESSAGE][PASSED] - All options with label 'Quarterly Estimated Tax' are selected in object 'Object Repository/RAD_Pages/Landing_Page/dd_TaxType' 

2023-12-08 10:45:32 - [TEST_STEP][PASSED] - delay(1): Delayed 1 second(s)

2023-12-08 10:45:33 - [MESSAGE][PASSED] - Delayed 1 second(s)

2023-12-08 10:45:33 - [TEST_STEP][PASSED] - switch (Paymenttype): null

2023-12-08 10:45:33 - [TEST_STEP][PASSED] - case "Quarterly Estimated Tax":: null

2023-12-08 10:45:33 - [TEST_STEP][PASSED] - selectOptionByLabel(findTestObject(orPath_TaxTypeFilingYear + "/select_PaymentType"), Taxtype, false): All options with label 'Corporate Income Tax' are selected in object 'Object Repository/RAD_Pages/TaxTypeFilingYear_Page/select_PaymentType' 

2023-12-08 10:45:34 - [MESSAGE][PASSED] - All options with label 'Corporate Income Tax' are selected in object 'Object Repository/RAD_Pages/TaxTypeFilingYear_Page/select_PaymentType' 

2023-12-08 10:45:34 - [TEST_STEP][PASSED] - break: null

2023-12-08 10:45:34 - [TEST_STEP][PASSED] - delay(1): Delayed 1 second(s)

2023-12-08 10:45:35 - [MESSAGE][PASSED] - Delayed 1 second(s)

2023-12-08 10:45:35 - [TEST_STEP][PASSED] - scrollToElement(findTestObject(orPath_Amount + "/input__paymentAmount"), 2, CONTINUE_ON_FAILURE): Scroll to object 'Object Repository/RAD_Pages/PaymentAmount_Page/input__paymentAmount' successfully

2023-12-08 10:45:35 - [MESSAGE][PASSED] - Scroll to object 'Object Repository/RAD_Pages/PaymentAmount_Page/input__paymentAmount' successfully

2023-12-08 10:45:35 - [TEST_STEP][PASSED] - switch (Paymenttype): null

2023-12-08 10:45:35 - [TEST_STEP][PASSED] - case "Quarterly Estimated Tax":: null

2023-12-08 10:45:35 - [TEST_STEP][PASSED] - setEncryptedText(findTestObject(orPath_TaxInfo + "/input_FederalEIN"), "RigbBhfdqODKcAsiUrg+1Q=="): Text ****** has been set on object 'Object Repository/RAD_Pages/TaxInfo_Page/input_FederalEIN'

2023-12-08 10:45:36 - [MESSAGE][PASSED] - Text ****** has been set on object 'Object Repository/RAD_Pages/TaxInfo_Page/input_FederalEIN'

2023-12-08 10:45:36 - [TEST_STEP][PASSED] - setEncryptedText(findTestObject(orPath_TaxInfo + "/input_FederalEIN_ReEnter"), "RigbBhfdqOBBGbZqm4oFJQ=="): Text ****** has been set on object 'Object Repository/RAD_Pages/TaxInfo_Page/input_FederalEIN_ReEnter'

2023-12-08 10:45:36 - [MESSAGE][PASSED] - Text ****** has been set on object 'Object Repository/RAD_Pages/TaxInfo_Page/input_FederalEIN_ReEnter'

2023-12-08 10:45:36 - [TEST_STEP][PASSED] - break: null

2023-12-08 10:45:36 - [TEST_STEP][PASSED] - setText(findTestObject(orPath_Amount + "/input__paymentAmount"), ""): Text '' is set on object 'Object Repository/RAD_Pages/PaymentAmount_Page/input__paymentAmount'

2023-12-08 10:45:37 - [MESSAGE][PASSED] - Text '' is set on object 'Object Repository/RAD_Pages/PaymentAmount_Page/input__paymentAmount'

2023-12-08 10:45:37 - [TEST_STEP][PASSED] - verifyTextPresent("The FEIN and Re-type FEIN do not match", true): Text 'The FEIN and Re-type FEIN do not match' is present on page  using regular expression

2023-12-08 10:45:38 - [MESSAGE][PASSED] - Text 'The FEIN and Re-type FEIN do not match' is present on page  using regular expression

2023-12-08 10:45:38 - [TEST_STEP][PASSED] - if (verifyTextPresent("The FEIN and Re-type FEIN do not match", true)): null

2023-12-08 10:45:38 - [MESSAGE][PASSED] - Text 'The FEIN and Re-type FEIN do not match' is present on page  using regular expression

2023-12-08 10:45:38 - [TEST_STEP][PASSED] - println("Error Message is present on the page"): null

2023-12-08 10:45:38 - [TEST_STEP][PASSED] - out.println("Pass Record Number: " + row): null

2023-12-08 10:45:38 - [TEST_STEP][PASSED] - resText = "Pass": null

2023-12-08 10:45:38 - [TEST_STEP][PASSED] - pages.WriteExcel.demoKey(resText, datText, resColumn, datCloumn, fileLoc, nameSheet, row): pages.WriteExcel.demoKey is PASSED

2023-12-08 10:45:38 - [MESSAGE][PASSED] - pages.WriteExcel.demoKey is PASSED

2023-12-08 10:45:38 - [TEST_STEP][PASSED] - ExecuteTC = findTestData(dataFile).getValue("Execute", row): null

2023-12-08 10:45:38 - [TEST_STEP][PASSED] - Taxtype = findTestData(dataFile).getValue("TaxType", row): null

2023-12-08 10:45:38 - [TEST_STEP][PASSED] - Paymenttype = findTestData(dataFile).getValue("PaymentType", row): null

2023-12-08 10:45:38 - [TEST_STEP][PASSED] - out.println("Value of Execute is : " + ExecuteTC): null

2023-12-08 10:45:38 - [TEST_STEP][PASSED] - if (ExecuteTC.equalsIgnoreCase("Y")): null

2023-12-08 10:45:38 - [TEST_STEP][PASSED] - out.println("Begin Record Number: " + row): null

2023-12-08 10:45:38 - [TEST_STEP][PASSED] - today = new java.util.Date(): null

2023-12-08 10:45:38 - [TEST_STEP][PASSED] - println(today): null

2023-12-08 10:45:38 - [TEST_STEP][PASSED] - datText = today: null

2023-12-08 10:45:38 - [TEST_STEP][PASSED] - Taxtype = findTestData(dataFile).getValue("TaxType", row): null

2023-12-08 10:45:38 - [TEST_STEP][PASSED] - out.println("Taxtype value is : " + Taxtype): null

2023-12-08 10:45:38 - [TEST_STEP][PASSED] - openBrowser(""): Browser is opened with url: ''

2023-12-08 10:45:38 - [MESSAGE][WARNING] - A browser is already opened. Closing browser and opening a new one

2023-12-08 10:45:39 - [MESSAGE][INFO] - Starting 'Chrome' driver

2023-12-08 10:45:39 - [MESSAGE][INFO] - User set preference: ['acceptInsecureCerts', 'true']

2023-12-08 10:45:39 - [MESSAGE][INFO] - Action delay is set to 0 milliseconds

2023-12-08 10:45:41 - [MESSAGE][PASSED] - Browser is opened with url: ''

2023-12-08 10:45:41 - [TEST_STEP][PASSED] - maximizeWindow(): Current window maximized

2023-12-08 10:45:41 - [MESSAGE][PASSED] - Current window maximized

2023-12-08 10:45:41 - [TEST_STEP][PASSED] - navigateToUrl(RADurl): Navigate to 'https://qa2.velocitypayment.com/client/rad/index.html' successfully

2023-12-08 10:45:42 - [MESSAGE][PASSED] - Navigate to 'https://qa2.velocitypayment.com/client/rad/index.html' successfully

2023-12-08 10:45:42 - [TEST_STEP][PASSED] - orPath_Landing = "Object Repository/RAD_Pages/Landing_Page": null

2023-12-08 10:45:42 - [TEST_STEP][PASSED] - orPath_TaxTypeFilingYear = "Object Repository/RAD_Pages/TaxTypeFilingYear_Page": null

2023-12-08 10:45:42 - [TEST_STEP][PASSED] - orPath_TaxPayer = "Object Repository/RAD_Pages/Taxpayer_Page": null

2023-12-08 10:45:42 - [TEST_STEP][PASSED] - orPath_AddressContact = "Object Repository/RAD_Pages/AddressAndContactInfo_Page": null

2023-12-08 10:45:42 - [TEST_STEP][PASSED] - orPath_FilingStatus = "Object Repository/RAD_Pages/FilingStatus_Page": null

2023-12-08 10:45:42 - [TEST_STEP][PASSED] - orPath_Amount = "Object Repository/RAD_Pages/PaymentAmount_Page": null

2023-12-08 10:45:42 - [TEST_STEP][PASSED] - orPath_TaxInfo = "Object Repository/RAD_Pages/TaxInfo_Page": null

2023-12-08 10:45:42 - [TEST_STEP][PASSED] - orPath_Withholding = "Object Repository/RAD_Pages/Withholding_Page": null

2023-12-08 10:45:42 - [TEST_STEP][PASSED] - orPath_Summary = "Object Repository/RAD_Pages/Summary_Page": null

2023-12-08 10:45:42 - [TEST_STEP][PASSED] - orPath_PaymentReady = "Object Repository/RAD_Pages/PaymentReady_Page": null

2023-12-08 10:45:42 - [TEST_STEP][PASSED] - orPath_PaymentEntry = "Object Repository/RAD_Pages/PaymentEntry_Page": null

2023-12-08 10:45:42 - [TEST_STEP][PASSED] - orPath_PaymentConfirmation = "Object Repository/RAD_Pages/PaymentConfirmation_Page": null

2023-12-08 10:45:42 - [TEST_STEP][PASSED] - orPath_ServiceFeesAccept = "Object Repository/RAD_Pages/ServiceFeeAccept_Page": null

2023-12-08 10:45:42 - [TEST_STEP][PASSED] - selectOptionByLabel(findTestObject(orPath_Landing + "/dd_TaxType"), Paymenttype, false): All options with label 'Quarterly Estimated Tax' are selected in object 'Object Repository/RAD_Pages/Landing_Page/dd_TaxType' 

2023-12-08 10:45:43 - [MESSAGE][PASSED] - All options with label 'Quarterly Estimated Tax' are selected in object 'Object Repository/RAD_Pages/Landing_Page/dd_TaxType' 

2023-12-08 10:45:43 - [TEST_STEP][PASSED] - delay(1): Delayed 1 second(s)

2023-12-08 10:45:44 - [MESSAGE][PASSED] - Delayed 1 second(s)

2023-12-08 10:45:44 - [TEST_STEP][PASSED] - switch (Paymenttype): null

2023-12-08 10:45:44 - [TEST_STEP][PASSED] - case "Quarterly Estimated Tax":: null

2023-12-08 10:45:44 - [TEST_STEP][PASSED] - selectOptionByLabel(findTestObject(orPath_TaxTypeFilingYear + "/select_PaymentType"), Taxtype, false): All options with label 'Fiduciary Tax' are selected in object 'Object Repository/RAD_Pages/TaxTypeFilingYear_Page/select_PaymentType' 

2023-12-08 10:45:44 - [MESSAGE][PASSED] - All options with label 'Fiduciary Tax' are selected in object 'Object Repository/RAD_Pages/TaxTypeFilingYear_Page/select_PaymentType' 

2023-12-08 10:45:44 - [TEST_STEP][PASSED] - break: null

2023-12-08 10:45:44 - [TEST_STEP][PASSED] - delay(1): Delayed 1 second(s)

2023-12-08 10:45:45 - [MESSAGE][PASSED] - Delayed 1 second(s)

2023-12-08 10:45:45 - [TEST_STEP][PASSED] - scrollToElement(findTestObject(orPath_Amount + "/input__paymentAmount"), 2, CONTINUE_ON_FAILURE): Scroll to object 'Object Repository/RAD_Pages/PaymentAmount_Page/input__paymentAmount' successfully

2023-12-08 10:45:46 - [MESSAGE][PASSED] - Scroll to object 'Object Repository/RAD_Pages/PaymentAmount_Page/input__paymentAmount' successfully

2023-12-08 10:45:46 - [TEST_STEP][PASSED] - switch (Paymenttype): null

2023-12-08 10:45:46 - [TEST_STEP][PASSED] - case "Quarterly Estimated Tax":: null

2023-12-08 10:45:46 - [TEST_STEP][PASSED] - setEncryptedText(findTestObject(orPath_TaxInfo + "/input_FederalEIN"), "RigbBhfdqODKcAsiUrg+1Q=="): Text ****** has been set on object 'Object Repository/RAD_Pages/TaxInfo_Page/input_FederalEIN'

2023-12-08 10:45:46 - [MESSAGE][PASSED] - Text ****** has been set on object 'Object Repository/RAD_Pages/TaxInfo_Page/input_FederalEIN'

2023-12-08 10:45:46 - [TEST_STEP][PASSED] - setEncryptedText(findTestObject(orPath_TaxInfo + "/input_FederalEIN_ReEnter"), "RigbBhfdqOBBGbZqm4oFJQ=="): Text ****** has been set on object 'Object Repository/RAD_Pages/TaxInfo_Page/input_FederalEIN_ReEnter'

2023-12-08 10:45:47 - [MESSAGE][PASSED] - Text ****** has been set on object 'Object Repository/RAD_Pages/TaxInfo_Page/input_FederalEIN_ReEnter'

2023-12-08 10:45:47 - [TEST_STEP][PASSED] - break: null

2023-12-08 10:45:47 - [TEST_STEP][PASSED] - setText(findTestObject(orPath_Amount + "/input__paymentAmount"), ""): Text '' is set on object 'Object Repository/RAD_Pages/PaymentAmount_Page/input__paymentAmount'

2023-12-08 10:45:48 - [MESSAGE][PASSED] - Text '' is set on object 'Object Repository/RAD_Pages/PaymentAmount_Page/input__paymentAmount'

2023-12-08 10:45:48 - [TEST_STEP][PASSED] - verifyTextPresent("The FEIN and Re-type FEIN do not match", true): Text 'The FEIN and Re-type FEIN do not match' is present on page  using regular expression

2023-12-08 10:45:48 - [MESSAGE][PASSED] - Text 'The FEIN and Re-type FEIN do not match' is present on page  using regular expression

2023-12-08 10:45:48 - [TEST_STEP][PASSED] - if (verifyTextPresent("The FEIN and Re-type FEIN do not match", true)): null

2023-12-08 10:45:49 - [MESSAGE][PASSED] - Text 'The FEIN and Re-type FEIN do not match' is present on page  using regular expression

2023-12-08 10:45:49 - [TEST_STEP][PASSED] - println("Error Message is present on the page"): null

2023-12-08 10:45:49 - [TEST_STEP][PASSED] - out.println("Pass Record Number: " + row): null

2023-12-08 10:45:49 - [TEST_STEP][PASSED] - resText = "Pass": null

2023-12-08 10:45:49 - [TEST_STEP][PASSED] - pages.WriteExcel.demoKey(resText, datText, resColumn, datCloumn, fileLoc, nameSheet, row): pages.WriteExcel.demoKey is PASSED

2023-12-08 10:45:49 - [MESSAGE][PASSED] - pages.WriteExcel.demoKey is PASSED

2023-12-08 10:45:49 - [TEST_STEP][PASSED] - ExecuteTC = findTestData(dataFile).getValue("Execute", row): null

2023-12-08 10:45:49 - [TEST_STEP][PASSED] - Taxtype = findTestData(dataFile).getValue("TaxType", row): null

2023-12-08 10:45:49 - [TEST_STEP][PASSED] - Paymenttype = findTestData(dataFile).getValue("PaymentType", row): null

2023-12-08 10:45:49 - [TEST_STEP][PASSED] - out.println("Value of Execute is : " + ExecuteTC): null

2023-12-08 10:45:49 - [TEST_STEP][PASSED] - if (ExecuteTC.equalsIgnoreCase("Y")): null

2023-12-08 10:45:49 - [TEST_STEP][PASSED] - ExecuteTC = findTestData(dataFile).getValue("Execute", row): null

2023-12-08 10:45:49 - [TEST_STEP][PASSED] - Taxtype = findTestData(dataFile).getValue("TaxType", row): null

2023-12-08 10:45:49 - [TEST_STEP][PASSED] - Paymenttype = findTestData(dataFile).getValue("PaymentType", row): null

2023-12-08 10:45:49 - [TEST_STEP][PASSED] - out.println("Value of Execute is : " + ExecuteTC): null

2023-12-08 10:45:49 - [TEST_STEP][PASSED] - if (ExecuteTC.equalsIgnoreCase("Y")): null

2023-12-08 10:45:49 - [TEST_STEP][PASSED] - ExecuteTC = findTestData(dataFile).getValue("Execute", row): null

2023-12-08 10:45:49 - [TEST_STEP][PASSED] - Taxtype = findTestData(dataFile).getValue("TaxType", row): null

2023-12-08 10:45:49 - [TEST_STEP][PASSED] - Paymenttype = findTestData(dataFile).getValue("PaymentType", row): null

2023-12-08 10:45:49 - [TEST_STEP][PASSED] - out.println("Value of Execute is : " + ExecuteTC): null

2023-12-08 10:45:49 - [TEST_STEP][PASSED] - if (ExecuteTC.equalsIgnoreCase("Y")): null

2023-12-08 10:45:49 - [TEST_STEP][PASSED] - out.println("Begin Record Number: " + row): null

2023-12-08 10:45:49 - [TEST_STEP][PASSED] - today = new java.util.Date(): null

2023-12-08 10:45:49 - [TEST_STEP][PASSED] - println(today): null

2023-12-08 10:45:49 - [TEST_STEP][PASSED] - datText = today: null

2023-12-08 10:45:49 - [TEST_STEP][PASSED] - Taxtype = findTestData(dataFile).getValue("TaxType", row): null

2023-12-08 10:45:49 - [TEST_STEP][PASSED] - out.println("Taxtype value is : " + Taxtype): null

2023-12-08 10:45:49 - [TEST_STEP][PASSED] - openBrowser(""): Browser is opened with url: ''

2023-12-08 10:45:49 - [MESSAGE][WARNING] - A browser is already opened. Closing browser and opening a new one

2023-12-08 10:45:50 - [MESSAGE][INFO] - Starting 'Chrome' driver

2023-12-08 10:45:50 - [MESSAGE][INFO] - User set preference: ['acceptInsecureCerts', 'true']

2023-12-08 10:45:50 - [MESSAGE][INFO] - Action delay is set to 0 milliseconds

2023-12-08 10:45:51 - [MESSAGE][PASSED] - Browser is opened with url: ''

2023-12-08 10:45:51 - [TEST_STEP][PASSED] - maximizeWindow(): Current window maximized

2023-12-08 10:45:52 - [MESSAGE][PASSED] - Current window maximized

2023-12-08 10:45:52 - [TEST_STEP][PASSED] - navigateToUrl(RADurl): Navigate to 'https://qa2.velocitypayment.com/client/rad/index.html' successfully

2023-12-08 10:45:53 - [MESSAGE][PASSED] - Navigate to 'https://qa2.velocitypayment.com/client/rad/index.html' successfully

2023-12-08 10:45:53 - [TEST_STEP][PASSED] - orPath_Landing = "Object Repository/RAD_Pages/Landing_Page": null

2023-12-08 10:45:53 - [TEST_STEP][PASSED] - orPath_TaxTypeFilingYear = "Object Repository/RAD_Pages/TaxTypeFilingYear_Page": null

2023-12-08 10:45:53 - [TEST_STEP][PASSED] - orPath_TaxPayer = "Object Repository/RAD_Pages/Taxpayer_Page": null

2023-12-08 10:45:53 - [TEST_STEP][PASSED] - orPath_AddressContact = "Object Repository/RAD_Pages/AddressAndContactInfo_Page": null

2023-12-08 10:45:53 - [TEST_STEP][PASSED] - orPath_FilingStatus = "Object Repository/RAD_Pages/FilingStatus_Page": null

2023-12-08 10:45:53 - [TEST_STEP][PASSED] - orPath_Amount = "Object Repository/RAD_Pages/PaymentAmount_Page": null

2023-12-08 10:45:53 - [TEST_STEP][PASSED] - orPath_TaxInfo = "Object Repository/RAD_Pages/TaxInfo_Page": null

2023-12-08 10:45:53 - [TEST_STEP][PASSED] - orPath_Withholding = "Object Repository/RAD_Pages/Withholding_Page": null

2023-12-08 10:45:53 - [TEST_STEP][PASSED] - orPath_Summary = "Object Repository/RAD_Pages/Summary_Page": null

2023-12-08 10:45:53 - [TEST_STEP][PASSED] - orPath_PaymentReady = "Object Repository/RAD_Pages/PaymentReady_Page": null

2023-12-08 10:45:53 - [TEST_STEP][PASSED] - orPath_PaymentEntry = "Object Repository/RAD_Pages/PaymentEntry_Page": null

2023-12-08 10:45:53 - [TEST_STEP][PASSED] - orPath_PaymentConfirmation = "Object Repository/RAD_Pages/PaymentConfirmation_Page": null

2023-12-08 10:45:53 - [TEST_STEP][PASSED] - orPath_ServiceFeesAccept = "Object Repository/RAD_Pages/ServiceFeeAccept_Page": null

2023-12-08 10:45:53 - [TEST_STEP][PASSED] - selectOptionByLabel(findTestObject(orPath_Landing + "/dd_TaxType"), Paymenttype, false): All options with label 'New Tax Return Amount Due' are selected in object 'Object Repository/RAD_Pages/Landing_Page/dd_TaxType' 

2023-12-08 10:45:54 - [MESSAGE][PASSED] - All options with label 'New Tax Return Amount Due' are selected in object 'Object Repository/RAD_Pages/Landing_Page/dd_TaxType' 

2023-12-08 10:45:54 - [TEST_STEP][PASSED] - delay(1): Delayed 1 second(s)

2023-12-08 10:45:55 - [MESSAGE][PASSED] - Delayed 1 second(s)

2023-12-08 10:45:55 - [TEST_STEP][PASSED] - switch (Paymenttype): null

2023-12-08 10:45:55 - [TEST_STEP][PASSED] - case "New Tax Return Amount Due":: null

2023-12-08 10:45:55 - [TEST_STEP][PASSED] - selectOptionByLabel(findTestObject("Object Repository/RAD_Pages/Landing_Page/select_NewTaxReturnAmountDue_TaxType"), Taxtype, false): All options with label 'Fiduciary Tax' are selected in object 'Object Repository/RAD_Pages/Landing_Page/select_NewTaxReturnAmountDue_TaxType' 

2023-12-08 10:45:55 - [MESSAGE][PASSED] - All options with label 'Fiduciary Tax' are selected in object 'Object Repository/RAD_Pages/Landing_Page/select_NewTaxReturnAmountDue_TaxType' 

2023-12-08 10:45:55 - [TEST_STEP][PASSED] - break: null

2023-12-08 10:45:55 - [TEST_STEP][PASSED] - delay(1): Delayed 1 second(s)

2023-12-08 10:45:56 - [MESSAGE][PASSED] - Delayed 1 second(s)

2023-12-08 10:45:56 - [TEST_STEP][PASSED] - scrollToElement(findTestObject(orPath_Amount + "/input__paymentAmount"), 2, CONTINUE_ON_FAILURE): Scroll to object 'Object Repository/RAD_Pages/PaymentAmount_Page/input__paymentAmount' successfully

2023-12-08 10:45:57 - [MESSAGE][PASSED] - Scroll to object 'Object Repository/RAD_Pages/PaymentAmount_Page/input__paymentAmount' successfully

2023-12-08 10:45:57 - [TEST_STEP][PASSED] - switch (Paymenttype): null

2023-12-08 10:45:57 - [TEST_STEP][PASSED] - case "New Tax Return Amount Due":: null

2023-12-08 10:45:57 - [TEST_STEP][PASSED] - setEncryptedText(findTestObject(orPath_TaxInfo + "/input_FederalEIN-2"), "RigbBhfdqODKcAsiUrg+1Q=="): Text ****** has been set on object 'Object Repository/RAD_Pages/TaxInfo_Page/input_FederalEIN-2'

2023-12-08 10:45:57 - [MESSAGE][PASSED] - Text ****** has been set on object 'Object Repository/RAD_Pages/TaxInfo_Page/input_FederalEIN-2'

2023-12-08 10:45:57 - [TEST_STEP][PASSED] - setEncryptedText(findTestObject(orPath_TaxInfo + "/input_FederalEIN_ReEnter-2"), "RigbBhfdqOBBGbZqm4oFJQ=="): Text ****** has been set on object 'Object Repository/RAD_Pages/TaxInfo_Page/input_FederalEIN_ReEnter-2'

2023-12-08 10:45:58 - [MESSAGE][PASSED] - Text ****** has been set on object 'Object Repository/RAD_Pages/TaxInfo_Page/input_FederalEIN_ReEnter-2'

2023-12-08 10:45:58 - [TEST_STEP][PASSED] - break: null

2023-12-08 10:45:58 - [TEST_STEP][PASSED] - setText(findTestObject(orPath_Amount + "/input__paymentAmount"), ""): Text '' is set on object 'Object Repository/RAD_Pages/PaymentAmount_Page/input__paymentAmount'

2023-12-08 10:45:59 - [MESSAGE][PASSED] - Text '' is set on object 'Object Repository/RAD_Pages/PaymentAmount_Page/input__paymentAmount'

2023-12-08 10:45:59 - [TEST_STEP][PASSED] - verifyTextPresent("The FEIN and Re-type FEIN do not match", true): Text 'The FEIN and Re-type FEIN do not match' is present on page  using regular expression

2023-12-08 10:45:59 - [MESSAGE][PASSED] - Text 'The FEIN and Re-type FEIN do not match' is present on page  using regular expression

2023-12-08 10:45:59 - [TEST_STEP][PASSED] - if (verifyTextPresent("The FEIN and Re-type FEIN do not match", true)): null

2023-12-08 10:46:00 - [MESSAGE][PASSED] - Text 'The FEIN and Re-type FEIN do not match' is present on page  using regular expression

2023-12-08 10:46:00 - [TEST_STEP][PASSED] - println("Error Message is present on the page"): null

2023-12-08 10:46:00 - [TEST_STEP][PASSED] - out.println("Pass Record Number: " + row): null

2023-12-08 10:46:00 - [TEST_STEP][PASSED] - resText = "Pass": null

2023-12-08 10:46:00 - [TEST_STEP][PASSED] - pages.WriteExcel.demoKey(resText, datText, resColumn, datCloumn, fileLoc, nameSheet, row): pages.WriteExcel.demoKey is PASSED

2023-12-08 10:46:00 - [MESSAGE][PASSED] - pages.WriteExcel.demoKey is PASSED]]></system-out>
         <system-err><![CDATA[]]></system-err>
      </testcase>
      <testcase name="Test Cases/RAD_TestCases/Summary_TestCases/Personal_Individual_Summary_TC" time="129.525" classname="Test Cases/RAD_TestCases/Summary_TestCases/Personal_Individual_Summary_TC" status="PASSED">
         <system-out><![CDATA[2023-12-08 10:46:00 - [TEST_CASE][PASSED] - Test Cases/RAD_TestCases/Summary_TestCases/Personal_Individual_Summary_TC: Test Cases/RAD_TestCases/Summary_TestCases/Personal_Individual_Summary_TC

2023-12-08 10:46:00 - [TEST_STEP][PASSED] - resText = "Fail": null

2023-12-08 10:46:00 - [TEST_STEP][PASSED] - resColumn = "Result": null

2023-12-08 10:46:00 - [TEST_STEP][PASSED] - datCloumn = "Date": null

2023-12-08 10:46:00 - [TEST_STEP][PASSED] - fileLoc = "KatalonData/RADTestData/Summary.xlsx": null

2023-12-08 10:46:00 - [TEST_STEP][PASSED] - nameSheet = "Personal_IND": null

2023-12-08 10:46:00 - [TEST_STEP][PASSED] - dataFile = "RADTestData/Summary_Personal_IND": null

2023-12-08 10:46:00 - [TEST_STEP][PASSED] - orPath_Landing = "Object Repository/RAD_Pages/Landing_Page": null

2023-12-08 10:46:00 - [TEST_STEP][PASSED] - orPath_TaxTypeFilingYear = "Object Repository/RAD_Pages/TaxTypeFilingYear_Page": null

2023-12-08 10:46:00 - [TEST_STEP][PASSED] - orPath_Amount = "Object Repository/RAD_Pages/PaymentAmount_Page": null

2023-12-08 10:46:00 - [TEST_STEP][PASSED] - orPath_AddressContact = "Object Repository/RAD_Pages/AddressAndContactInfo_Page": null

2023-12-08 10:46:00 - [TEST_STEP][PASSED] - orPath_Summary = "Object Repository/RAD_Pages/Summary_Page": null

2023-12-08 10:46:00 - [TEST_STEP][PASSED] - orPath_PaymentConfirmation = "Object Repository/RAD_Pages/PaymentConfirmation_Page": null

2023-12-08 10:46:00 - [TEST_STEP][PASSED] - orPath_ServiceFeesAccept = "Object Repository/RAD_Pages/ServiceFeeAccept_Page": null

2023-12-08 10:46:00 - [TEST_STEP][PASSED] - orPath_PaymentEntry = "Object Repository/RAD_Pages/PaymentEntry_Page": null

2023-12-08 10:46:00 - [TEST_STEP][PASSED] - ExecuteTC = <not implemented yet for class: org.codehaus.groovy.ast.expr.EmptyExpression>: null

2023-12-08 10:46:00 - [TEST_STEP][PASSED] - TaxType = <not implemented yet for class: org.codehaus.groovy.ast.expr.EmptyExpression>: null

2023-12-08 10:46:00 - [TEST_STEP][PASSED] - PaymentType = <not implemented yet for class: org.codehaus.groovy.ast.expr.EmptyExpression>: null

2023-12-08 10:46:00 - [TEST_STEP][PASSED] - FilingYear = <not implemented yet for class: org.codehaus.groovy.ast.expr.EmptyExpression>: null

2023-12-08 10:46:00 - [TEST_STEP][PASSED] - PeriodEndingMonth = <not implemented yet for class: org.codehaus.groovy.ast.expr.EmptyExpression>: null

2023-12-08 10:46:00 - [TEST_STEP][PASSED] - executionProfile = getExecutionProfile(): null

2023-12-08 10:46:00 - [TEST_STEP][PASSED] - numOfRows = findTestData(dataFile).getRowNumbers(): null

2023-12-08 10:46:00 - [TEST_STEP][PASSED] - println("Number of Records: " + numOfRows): null

2023-12-08 10:46:00 - [TEST_STEP][PASSED] - for ([row = 1, row <= numOfRows, (row++)]): Object: 'Object Repository/RAD_Pages/Summary_Page/button_Proceed to Payment' is clicked on

2023-12-08 10:46:00 - [TEST_STEP][PASSED] - ExecuteTC = findTestData(dataFile).getValue("Execute", row): null

2023-12-08 10:46:00 - [TEST_STEP][PASSED] - TaxType = findTestData(dataFile).getValue("TaxType", row): null

2023-12-08 10:46:01 - [TEST_STEP][PASSED] - PaymentType = findTestData(dataFile).getValue("PaymentType", row): null

2023-12-08 10:46:01 - [TEST_STEP][PASSED] - FilingYear = findTestData(dataFile).getValue("Year", row): null

2023-12-08 10:46:01 - [TEST_STEP][PASSED] - if (ExecuteTC.equalsIgnoreCase("Y")): Object: 'Object Repository/RAD_Pages/Summary_Page/button_Proceed to Payment' is clicked on

2023-12-08 10:46:01 - [TEST_STEP][PASSED] - out.println("Begin Record Number: " + row): null

2023-12-08 10:46:01 - [TEST_STEP][PASSED] - today = new java.util.Date(): null

2023-12-08 10:46:01 - [TEST_STEP][PASSED] - println(today): null

2023-12-08 10:46:01 - [TEST_STEP][PASSED] - datText = today: null

2023-12-08 10:46:01 - [TEST_STEP][PASSED] - logInfo("Payment Type: " + PaymentType): Payment Type: Quarterly Estimated Tax

2023-12-08 10:46:01 - [MESSAGE][INFO] - Payment Type: Quarterly Estimated Tax

2023-12-08 10:46:01 - [TEST_STEP][PASSED] - logInfo("Tax Type: " + TaxType): Tax Type: Personal Income Tax

2023-12-08 10:46:01 - [MESSAGE][INFO] - Tax Type: Personal Income Tax

2023-12-08 10:46:01 - [TEST_STEP][PASSED] - openBrowser(""): Browser is opened with url: ''

2023-12-08 10:46:01 - [MESSAGE][WARNING] - A browser is already opened. Closing browser and opening a new one

2023-12-08 10:46:02 - [MESSAGE][INFO] - Starting 'Chrome' driver

2023-12-08 10:46:02 - [MESSAGE][INFO] - User set preference: ['acceptInsecureCerts', 'true']

2023-12-08 10:46:02 - [MESSAGE][INFO] - Action delay is set to 0 milliseconds

2023-12-08 10:46:03 - [MESSAGE][PASSED] - Browser is opened with url: ''

2023-12-08 10:46:03 - [TEST_STEP][PASSED] - maximizeWindow(): Current window maximized

2023-12-08 10:46:03 - [MESSAGE][PASSED] - Current window maximized

2023-12-08 10:46:03 - [TEST_STEP][PASSED] - navigateToUrl(RADurl): Navigate to 'https://qa2.velocitypayment.com/client/rad/index.html' successfully

2023-12-08 10:46:05 - [MESSAGE][PASSED] - Navigate to 'https://qa2.velocitypayment.com/client/rad/index.html' successfully

2023-12-08 10:46:05 - [TEST_STEP][PASSED] - selectOptionByLabel(findTestObject(orPath_Landing + "/dd_TaxType"), PaymentType, false): All options with label 'Quarterly Estimated Tax' are selected in object 'Object Repository/RAD_Pages/Landing_Page/dd_TaxType' 

2023-12-08 10:46:05 - [MESSAGE][PASSED] - All options with label 'Quarterly Estimated Tax' are selected in object 'Object Repository/RAD_Pages/Landing_Page/dd_TaxType' 

2023-12-08 10:46:05 - [TEST_STEP][PASSED] - switch (PaymentType): null

2023-12-08 10:46:05 - [TEST_STEP][PASSED] - case "Quarterly Estimated Tax":: null

2023-12-08 10:46:05 - [TEST_STEP][PASSED] - selectOptionByLabel(findTestObject(orPath_TaxTypeFilingYear + "/select_PaymentType"), TaxType, false): All options with label 'Personal Income Tax' are selected in object 'Object Repository/RAD_Pages/TaxTypeFilingYear_Page/select_PaymentType' 

2023-12-08 10:46:06 - [MESSAGE][PASSED] - All options with label 'Personal Income Tax' are selected in object 'Object Repository/RAD_Pages/TaxTypeFilingYear_Page/select_PaymentType' 

2023-12-08 10:46:06 - [TEST_STEP][PASSED] - break: null

2023-12-08 10:46:06 - [TEST_STEP][PASSED] - if (!(FilingYear.isEmpty())): All options with label '2023' are selected in object 'Object Repository/RAD_Pages/TaxTypeFilingYear_Page/select_FilingYear' 

2023-12-08 10:46:06 - [TEST_STEP][PASSED] - selectOptionByLabel(findTestObject(orPath_TaxTypeFilingYear + "/select_FilingYear"), FilingYear, false): All options with label '2023' are selected in object 'Object Repository/RAD_Pages/TaxTypeFilingYear_Page/select_FilingYear' 

2023-12-08 10:46:07 - [MESSAGE][PASSED] - All options with label '2023' are selected in object 'Object Repository/RAD_Pages/TaxTypeFilingYear_Page/select_FilingYear' 

2023-12-08 10:46:07 - [TEST_STEP][PASSED] - rad.getSetDataRAD.setDataRADssnAndName(): rad.getSetDataRAD.setDataRADssnAndName is PASSED

2023-12-08 10:46:07 - [MESSAGE][PASSED] - Text 'Jimmy' is set on object 'Object Repository/RAD_Pages/Taxpayer_Page/input_firstName'

2023-12-08 10:46:08 - [MESSAGE][PASSED] - Text 'Anderson' is set on object 'Object Repository/RAD_Pages/Taxpayer_Page/input_lastName'

2023-12-08 10:46:09 - [MESSAGE][PASSED] - Text '123451234' is set on object 'Object Repository/RAD_RecordAndPlay/input_concatSSN'

2023-12-08 10:46:09 - [MESSAGE][PASSED] - Text '123451234' is set on object 'Object Repository/RAD_RecordAndPlay/input_concatReSSN'

2023-12-08 10:46:09 - [MESSAGE][PASSED] - rad.getSetDataRAD.setDataRADssnAndName is PASSED

2023-12-08 10:46:09 - [TEST_STEP][PASSED] - rad.getSetDataRAD.setDataRADAddress(): rad.getSetDataRAD.setDataRADAddress is PASSED

2023-12-08 10:46:10 - [MESSAGE][PASSED] - All options with label 'United States' are selected in object 'Object Repository/RAD_Pages/AddressAndContactInfo_Page/select_Country' 

2023-12-08 10:46:11 - [MESSAGE][PASSED] - Text '2508 Mandan Terrace' is set on object 'Object Repository/RAD_Pages/AddressAndContactInfo_Page/input_streetAddress1'

2023-12-08 10:46:12 - [MESSAGE][PASSED] - Text '' is set on object 'Object Repository/RAD_Pages/AddressAndContactInfo_Page/input_streetAddress2'

2023-12-08 10:46:13 - [MESSAGE][PASSED] - Text 'Gambrills' is set on object 'Object Repository/RAD_Pages/AddressAndContactInfo_Page/input_city'

2023-12-08 10:46:13 - [MESSAGE][PASSED] - All options with label 'Maryland' are selected in object 'Object Repository/RAD_Pages/AddressAndContactInfo_Page/select_State' 

2023-12-08 10:46:14 - [MESSAGE][PASSED] - Text '21054' is set on object 'Object Repository/RAD_Pages/AddressAndContactInfo_Page/input_zipCode'

2023-12-08 10:46:15 - [MESSAGE][PASSED] - Text '(703) 894-5000' is set on object 'Object Repository/RAD_Pages/AddressAndContactInfo_Page/input_phoneNumber'

2023-12-08 10:46:16 - [MESSAGE][PASSED] - Text 'iahmed@govolution.com' is set on object 'Object Repository/RAD_Pages/AddressAndContactInfo_Page/input_eMailAddress'

2023-12-08 10:46:17 - [MESSAGE][PASSED] - Text 'iahmed@govolution.com' is set on object 'Object Repository/RAD_Pages/AddressAndContactInfo_Page/input_reEnterEMailAddress'

2023-12-08 10:46:17 - [MESSAGE][PASSED] - rad.getSetDataRAD.setDataRADAddress is PASSED

2023-12-08 10:46:17 - [TEST_STEP][PASSED] - setText(findTestObject(orPath_Amount + "/input__paymentAmount"), "100.00"): Text '100.00' is set on object 'Object Repository/RAD_Pages/PaymentAmount_Page/input__paymentAmount'

2023-12-08 10:46:18 - [MESSAGE][PASSED] - Text '100.00' is set on object 'Object Repository/RAD_Pages/PaymentAmount_Page/input__paymentAmount'

2023-12-08 10:46:18 - [TEST_STEP][PASSED] - setText(findTestObject(orPath_AddressContact + "/input_streetAddress2"), ""): Text '' is set on object 'Object Repository/RAD_Pages/AddressAndContactInfo_Page/input_streetAddress2'

2023-12-08 10:46:18 - [MESSAGE][PASSED] - Text '' is set on object 'Object Repository/RAD_Pages/AddressAndContactInfo_Page/input_streetAddress2'

2023-12-08 10:46:18 - [TEST_STEP][PASSED] - scrollToElement(findTestObject(orPath_Landing + "/button_Continue"), 3): Scroll to object 'Object Repository/RAD_Pages/Landing_Page/button_Continue' successfully

2023-12-08 10:46:19 - [MESSAGE][PASSED] - Scroll to object 'Object Repository/RAD_Pages/Landing_Page/button_Continue' successfully

2023-12-08 10:46:19 - [TEST_STEP][PASSED] - waitForElementClickable(findTestObject(orPath_Landing + "/button_Continue"), 5): Object 'Object Repository/RAD_Pages/Landing_Page/button_Continue' is clickable

2023-12-08 10:46:19 - [MESSAGE][PASSED] - Object 'Object Repository/RAD_Pages/Landing_Page/button_Continue' is clickable

2023-12-08 10:46:19 - [TEST_STEP][PASSED] - click(findTestObject(orPath_Landing + "/button_Continue")): Object: 'Object Repository/RAD_Pages/Landing_Page/button_Continue' is clicked on

2023-12-08 10:46:20 - [MESSAGE][PASSED] - Object: 'Object Repository/RAD_Pages/Landing_Page/button_Continue' is clicked on

2023-12-08 10:46:20 - [TEST_STEP][PASSED] - delay(2): Delayed 2 second(s)

2023-12-08 10:46:22 - [MESSAGE][PASSED] - Delayed 2 second(s)

2023-12-08 10:46:22 - [TEST_STEP][PASSED] - verifyTextPresent("Summary", true): Text 'Summary' is present on page  using regular expression

2023-12-08 10:46:22 - [MESSAGE][PASSED] - Text 'Summary' is present on page  using regular expression

2023-12-08 10:46:22 - [TEST_STEP][PASSED] - verifyTextPresent("Review the information below and make any necessary corrections by clicking the", true): Text 'Review the information below and make any necessary corrections by clicking the' is present on page  using regular expression

2023-12-08 10:46:22 - [MESSAGE][PASSED] - Text 'Review the information below and make any necessary corrections by clicking the' is present on page  using regular expression

2023-12-08 10:46:22 - [TEST_STEP][PASSED] - verifyTextPresent("When you are confident that all the information is correct, click the", true): Text 'When you are confident that all the information is correct, click the' is present on page  using regular expression

2023-12-08 10:46:23 - [MESSAGE][PASSED] - Text 'When you are confident that all the information is correct, click the' is present on page  using regular expression

2023-12-08 10:46:23 - [TEST_STEP][PASSED] - verifyTextPresent("Payment Type/Filing Year", true): Text 'Payment Type/Filing Year' is present on page  using regular expression

2023-12-08 10:46:23 - [MESSAGE][PASSED] - Text 'Payment Type/Filing Year' is present on page  using regular expression

2023-12-08 10:46:23 - [TEST_STEP][PASSED] - verifyTextPresent("Payment Type:", true): Text 'Payment Type:' is present on page  using regular expression

2023-12-08 10:46:23 - [MESSAGE][PASSED] - Text 'Payment Type:' is present on page  using regular expression

2023-12-08 10:46:23 - [TEST_STEP][PASSED] - verifyTextPresent(PaymentType, true): Text 'Quarterly Estimated Tax' is present on page  using regular expression

2023-12-08 10:46:24 - [MESSAGE][PASSED] - Text 'Quarterly Estimated Tax' is present on page  using regular expression

2023-12-08 10:46:24 - [TEST_STEP][PASSED] - verifyTextPresent("Filing Year:", true): Text 'Filing Year:' is present on page  using regular expression

2023-12-08 10:46:24 - [MESSAGE][PASSED] - Text 'Filing Year:' is present on page  using regular expression

2023-12-08 10:46:24 - [TEST_STEP][PASSED] - verifyTextPresent(FilingYear, true): Text '2023' is present on page  using regular expression

2023-12-08 10:46:25 - [MESSAGE][PASSED] - Text '2023' is present on page  using regular expression

2023-12-08 10:46:25 - [TEST_STEP][PASSED] - verifyTextPresent("Payer Information", true): Text 'Payer Information' is present on page  using regular expression

2023-12-08 10:46:25 - [MESSAGE][PASSED] - Text 'Payer Information' is present on page  using regular expression

2023-12-08 10:46:25 - [TEST_STEP][PASSED] - verifyTextPresent("Taxpayer Name:", true): Text 'Taxpayer Name:' is present on page  using regular expression

2023-12-08 10:46:25 - [MESSAGE][PASSED] - Text 'Taxpayer Name:' is present on page  using regular expression

2023-12-08 10:46:25 - [TEST_STEP][PASSED] - switch (executionProfile): null

2023-12-08 10:46:25 - [TEST_STEP][PASSED] - case "QA2Profile":: null

2023-12-08 10:46:25 - [TEST_STEP][PASSED] - verifyTextPresent("Jimmy Anderson", true): Text 'Jimmy Anderson' is present on page  using regular expression

2023-12-08 10:46:26 - [MESSAGE][PASSED] - Text 'Jimmy Anderson' is present on page  using regular expression

2023-12-08 10:46:26 - [TEST_STEP][PASSED] - verifyTextPresent("XXXXX1234", true): Text 'XXXXX1234' is present on page  using regular expression

2023-12-08 10:46:26 - [MESSAGE][PASSED] - Text 'XXXXX1234' is present on page  using regular expression

2023-12-08 10:46:26 - [TEST_STEP][PASSED] - break: null

2023-12-08 10:46:26 - [TEST_STEP][PASSED] - verifyTextPresent("Taxpayer SSN:", true): Text 'Taxpayer SSN:' is present on page  using regular expression

2023-12-08 10:46:26 - [MESSAGE][PASSED] - Text 'Taxpayer SSN:' is present on page  using regular expression

2023-12-08 10:46:26 - [TEST_STEP][PASSED] - verifyTextPresent("Taxpayer Address:", true): Text 'Taxpayer Address:' is present on page  using regular expression

2023-12-08 10:46:27 - [MESSAGE][PASSED] - Text 'Taxpayer Address:' is present on page  using regular expression

2023-12-08 10:46:27 - [TEST_STEP][PASSED] - verifyTextPresent("2508 Mandan Terrace Gambrills Maryland 21054", true): Text '2508 Mandan Terrace Gambrills Maryland 21054' is present on page  using regular expression

2023-12-08 10:46:27 - [MESSAGE][PASSED] - Text '2508 Mandan Terrace Gambrills Maryland 21054' is present on page  using regular expression

2023-12-08 10:46:27 - [TEST_STEP][PASSED] - verifyTextPresent("Email:", true): Text 'Email:' is present on page  using regular expression

2023-12-08 10:46:27 - [MESSAGE][PASSED] - Text 'Email:' is present on page  using regular expression

2023-12-08 10:46:27 - [TEST_STEP][PASSED] - verifyTextPresent("iahmed@govolution.com", true): Text 'iahmed@govolution.com' is present on page  using regular expression

2023-12-08 10:46:28 - [MESSAGE][PASSED] - Text 'iahmed@govolution.com' is present on page  using regular expression

2023-12-08 10:46:28 - [TEST_STEP][PASSED] - verifyTextPresent("Phone:", true): Text 'Phone:' is present on page  using regular expression

2023-12-08 10:46:28 - [MESSAGE][PASSED] - Text 'Phone:' is present on page  using regular expression

2023-12-08 10:46:28 - [TEST_STEP][PASSED] - verifyTextPresent("(703) 894-5000", false): Text '(703) 894-5000' is present on page 

2023-12-08 10:46:29 - [MESSAGE][PASSED] - Text '(703) 894-5000' is present on page 

2023-12-08 10:46:29 - [TEST_STEP][PASSED] - verifyTextPresent("Tax Information", true): Text 'Tax Information' is present on page  using regular expression

2023-12-08 10:46:29 - [MESSAGE][PASSED] - Text 'Tax Information' is present on page  using regular expression

2023-12-08 10:46:29 - [TEST_STEP][PASSED] - verifyTextPresent("Payment Amount:", true): Text 'Payment Amount:' is present on page  using regular expression

2023-12-08 10:46:29 - [MESSAGE][PASSED] - Text 'Payment Amount:' is present on page  using regular expression

2023-12-08 10:46:29 - [TEST_STEP][PASSED] - verifyTextPresent("100.00", true): Text '100.00' is present on page  using regular expression

2023-12-08 10:46:30 - [MESSAGE][PASSED] - Text '100.00' is present on page  using regular expression

2023-12-08 10:46:30 - [TEST_STEP][PASSED] - verifyTextNotPresent("Federal EIN:", true): Text 'Federal EIN:' is not present on page using regular expression

2023-12-08 10:46:30 - [MESSAGE][PASSED] - Text 'Federal EIN:' is not present on page using regular expression

2023-12-08 10:46:30 - [TEST_STEP][PASSED] - verifyTextNotPresent("FEIN/SSN:", true): Text 'FEIN/SSN:' is not present on page using regular expression

2023-12-08 10:46:30 - [MESSAGE][PASSED] - Text 'FEIN/SSN:' is not present on page using regular expression

2023-12-08 10:46:30 - [TEST_STEP][PASSED] - if (verifyElementVisible(findTestObject(orPath_Summary + "/button_Proceed to Payment"))): null

2023-12-08 10:46:31 - [MESSAGE][PASSED] - Object 'Object Repository/RAD_Pages/Summary_Page/button_Proceed to Payment' is visible

2023-12-08 10:46:31 - [TEST_STEP][PASSED] - resText = "Pass": null

2023-12-08 10:46:31 - [TEST_STEP][PASSED] - pages.WriteExcel.demoKey(resText, datText, resColumn, datCloumn, fileLoc, nameSheet, row): pages.WriteExcel.demoKey is PASSED

2023-12-08 10:46:31 - [MESSAGE][PASSED] - pages.WriteExcel.demoKey is PASSED

2023-12-08 10:46:31 - [TEST_STEP][PASSED] - click(findTestObject(orPath_Summary + "/button_Proceed to Payment")): Object: 'Object Repository/RAD_Pages/Summary_Page/button_Proceed to Payment' is clicked on

2023-12-08 10:46:33 - [MESSAGE][PASSED] - Object: 'Object Repository/RAD_Pages/Summary_Page/button_Proceed to Payment' is clicked on

2023-12-08 10:46:33 - [TEST_STEP][PASSED] - ExecuteTC = findTestData(dataFile).getValue("Execute", row): null

2023-12-08 10:46:33 - [TEST_STEP][PASSED] - TaxType = findTestData(dataFile).getValue("TaxType", row): null

2023-12-08 10:46:33 - [TEST_STEP][PASSED] - PaymentType = findTestData(dataFile).getValue("PaymentType", row): null

2023-12-08 10:46:33 - [TEST_STEP][PASSED] - FilingYear = findTestData(dataFile).getValue("Year", row): null

2023-12-08 10:46:33 - [TEST_STEP][PASSED] - if (ExecuteTC.equalsIgnoreCase("Y")): null

2023-12-08 10:46:33 - [TEST_STEP][PASSED] - ExecuteTC = findTestData(dataFile).getValue("Execute", row): null

2023-12-08 10:46:33 - [TEST_STEP][PASSED] - TaxType = findTestData(dataFile).getValue("TaxType", row): null

2023-12-08 10:46:33 - [TEST_STEP][PASSED] - PaymentType = findTestData(dataFile).getValue("PaymentType", row): null

2023-12-08 10:46:33 - [TEST_STEP][PASSED] - FilingYear = findTestData(dataFile).getValue("Year", row): null

2023-12-08 10:46:33 - [TEST_STEP][PASSED] - if (ExecuteTC.equalsIgnoreCase("Y")): Object: 'Object Repository/RAD_Pages/Summary_Page/button_Proceed to Payment' is clicked on

2023-12-08 10:46:33 - [TEST_STEP][PASSED] - out.println("Begin Record Number: " + row): null

2023-12-08 10:46:33 - [TEST_STEP][PASSED] - today = new java.util.Date(): null

2023-12-08 10:46:33 - [TEST_STEP][PASSED] - println(today): null

2023-12-08 10:46:33 - [TEST_STEP][PASSED] - datText = today: null

2023-12-08 10:46:33 - [TEST_STEP][PASSED] - logInfo("Payment Type: " + PaymentType): Payment Type: New Tax Return Amount Due

2023-12-08 10:46:33 - [MESSAGE][INFO] - Payment Type: New Tax Return Amount Due

2023-12-08 10:46:33 - [TEST_STEP][PASSED] - logInfo("Tax Type: " + TaxType): Tax Type: Personal Income Tax

2023-12-08 10:46:33 - [MESSAGE][INFO] - Tax Type: Personal Income Tax

2023-12-08 10:46:33 - [TEST_STEP][PASSED] - openBrowser(""): Browser is opened with url: ''

2023-12-08 10:46:33 - [MESSAGE][WARNING] - A browser is already opened. Closing browser and opening a new one

2023-12-08 10:46:34 - [MESSAGE][INFO] - Starting 'Chrome' driver

2023-12-08 10:46:34 - [MESSAGE][INFO] - User set preference: ['acceptInsecureCerts', 'true']

2023-12-08 10:46:34 - [MESSAGE][INFO] - Action delay is set to 0 milliseconds

2023-12-08 10:46:36 - [MESSAGE][PASSED] - Browser is opened with url: ''

2023-12-08 10:46:36 - [TEST_STEP][PASSED] - maximizeWindow(): Current window maximized

2023-12-08 10:46:36 - [MESSAGE][PASSED] - Current window maximized

2023-12-08 10:46:36 - [TEST_STEP][PASSED] - navigateToUrl(RADurl): Navigate to 'https://qa2.velocitypayment.com/client/rad/index.html' successfully

2023-12-08 10:46:37 - [MESSAGE][PASSED] - Navigate to 'https://qa2.velocitypayment.com/client/rad/index.html' successfully

2023-12-08 10:46:37 - [TEST_STEP][PASSED] - selectOptionByLabel(findTestObject(orPath_Landing + "/dd_TaxType"), PaymentType, false): All options with label 'New Tax Return Amount Due' are selected in object 'Object Repository/RAD_Pages/Landing_Page/dd_TaxType' 

2023-12-08 10:46:38 - [MESSAGE][PASSED] - All options with label 'New Tax Return Amount Due' are selected in object 'Object Repository/RAD_Pages/Landing_Page/dd_TaxType' 

2023-12-08 10:46:38 - [TEST_STEP][PASSED] - switch (PaymentType): null

2023-12-08 10:46:38 - [TEST_STEP][PASSED] - case "New Tax Return Amount Due":: null

2023-12-08 10:46:38 - [TEST_STEP][PASSED] - selectOptionByLabel(findTestObject("Object Repository/RAD_Pages/Landing_Page/select_NewTaxReturnAmountDue_TaxType"), TaxType, false): All options with label 'Personal Income Tax' are selected in object 'Object Repository/RAD_Pages/Landing_Page/select_NewTaxReturnAmountDue_TaxType' 

2023-12-08 10:46:39 - [MESSAGE][PASSED] - All options with label 'Personal Income Tax' are selected in object 'Object Repository/RAD_Pages/Landing_Page/select_NewTaxReturnAmountDue_TaxType' 

2023-12-08 10:46:39 - [TEST_STEP][PASSED] - break: null

2023-12-08 10:46:39 - [TEST_STEP][PASSED] - if (!(FilingYear.isEmpty())): All options with label '2022' are selected in object 'Object Repository/RAD_Pages/TaxTypeFilingYear_Page/select_FilingYear' 

2023-12-08 10:46:39 - [TEST_STEP][PASSED] - selectOptionByLabel(findTestObject(orPath_TaxTypeFilingYear + "/select_FilingYear"), FilingYear, false): All options with label '2022' are selected in object 'Object Repository/RAD_Pages/TaxTypeFilingYear_Page/select_FilingYear' 

2023-12-08 10:46:39 - [MESSAGE][PASSED] - All options with label '2022' are selected in object 'Object Repository/RAD_Pages/TaxTypeFilingYear_Page/select_FilingYear' 

2023-12-08 10:46:39 - [TEST_STEP][PASSED] - rad.getSetDataRAD.setDataRADssnAndName(): rad.getSetDataRAD.setDataRADssnAndName is PASSED

2023-12-08 10:46:40 - [MESSAGE][PASSED] - Text 'Jimmy' is set on object 'Object Repository/RAD_Pages/Taxpayer_Page/input_firstName'

2023-12-08 10:46:41 - [MESSAGE][PASSED] - Text 'Anderson' is set on object 'Object Repository/RAD_Pages/Taxpayer_Page/input_lastName'

2023-12-08 10:46:42 - [MESSAGE][PASSED] - Text '123451234' is set on object 'Object Repository/RAD_RecordAndPlay/input_concatSSN'

2023-12-08 10:46:42 - [MESSAGE][PASSED] - Text '123451234' is set on object 'Object Repository/RAD_RecordAndPlay/input_concatReSSN'

2023-12-08 10:46:42 - [MESSAGE][PASSED] - rad.getSetDataRAD.setDataRADssnAndName is PASSED

2023-12-08 10:46:42 - [TEST_STEP][PASSED] - rad.getSetDataRAD.setDataRADAddress(): rad.getSetDataRAD.setDataRADAddress is PASSED

2023-12-08 10:46:43 - [MESSAGE][PASSED] - All options with label 'United States' are selected in object 'Object Repository/RAD_Pages/AddressAndContactInfo_Page/select_Country' 

2023-12-08 10:46:44 - [MESSAGE][PASSED] - Text '2508 Mandan Terrace' is set on object 'Object Repository/RAD_Pages/AddressAndContactInfo_Page/input_streetAddress1'

2023-12-08 10:46:45 - [MESSAGE][PASSED] - Text '' is set on object 'Object Repository/RAD_Pages/AddressAndContactInfo_Page/input_streetAddress2'

2023-12-08 10:46:45 - [MESSAGE][PASSED] - Text 'Gambrills' is set on object 'Object Repository/RAD_Pages/AddressAndContactInfo_Page/input_city'

2023-12-08 10:46:46 - [MESSAGE][PASSED] - All options with label 'Maryland' are selected in object 'Object Repository/RAD_Pages/AddressAndContactInfo_Page/select_State' 

2023-12-08 10:46:47 - [MESSAGE][PASSED] - Text '21054' is set on object 'Object Repository/RAD_Pages/AddressAndContactInfo_Page/input_zipCode'

2023-12-08 10:46:48 - [MESSAGE][PASSED] - Text '(703) 894-5000' is set on object 'Object Repository/RAD_Pages/AddressAndContactInfo_Page/input_phoneNumber'

2023-12-08 10:46:49 - [MESSAGE][PASSED] - Text 'iahmed@govolution.com' is set on object 'Object Repository/RAD_Pages/AddressAndContactInfo_Page/input_eMailAddress'

2023-12-08 10:46:49 - [MESSAGE][PASSED] - Text 'iahmed@govolution.com' is set on object 'Object Repository/RAD_Pages/AddressAndContactInfo_Page/input_reEnterEMailAddress'

2023-12-08 10:46:49 - [MESSAGE][PASSED] - rad.getSetDataRAD.setDataRADAddress is PASSED

2023-12-08 10:46:49 - [TEST_STEP][PASSED] - setText(findTestObject(orPath_Amount + "/input__paymentAmount"), "100.00"): Text '100.00' is set on object 'Object Repository/RAD_Pages/PaymentAmount_Page/input__paymentAmount'

2023-12-08 10:46:50 - [MESSAGE][PASSED] - Text '100.00' is set on object 'Object Repository/RAD_Pages/PaymentAmount_Page/input__paymentAmount'

2023-12-08 10:46:50 - [TEST_STEP][PASSED] - setText(findTestObject(orPath_AddressContact + "/input_streetAddress2"), ""): Text '' is set on object 'Object Repository/RAD_Pages/AddressAndContactInfo_Page/input_streetAddress2'

2023-12-08 10:46:51 - [MESSAGE][PASSED] - Text '' is set on object 'Object Repository/RAD_Pages/AddressAndContactInfo_Page/input_streetAddress2'

2023-12-08 10:46:51 - [TEST_STEP][PASSED] - scrollToElement(findTestObject(orPath_Landing + "/button_Continue"), 3): Scroll to object 'Object Repository/RAD_Pages/Landing_Page/button_Continue' successfully

2023-12-08 10:46:51 - [MESSAGE][PASSED] - Scroll to object 'Object Repository/RAD_Pages/Landing_Page/button_Continue' successfully

2023-12-08 10:46:51 - [TEST_STEP][PASSED] - waitForElementClickable(findTestObject(orPath_Landing + "/button_Continue"), 5): Object 'Object Repository/RAD_Pages/Landing_Page/button_Continue' is clickable

2023-12-08 10:46:52 - [MESSAGE][PASSED] - Object 'Object Repository/RAD_Pages/Landing_Page/button_Continue' is clickable

2023-12-08 10:46:52 - [TEST_STEP][PASSED] - click(findTestObject(orPath_Landing + "/button_Continue")): Object: 'Object Repository/RAD_Pages/Landing_Page/button_Continue' is clicked on

2023-12-08 10:46:52 - [MESSAGE][PASSED] - Object: 'Object Repository/RAD_Pages/Landing_Page/button_Continue' is clicked on

2023-12-08 10:46:52 - [TEST_STEP][PASSED] - delay(2): Delayed 2 second(s)

2023-12-08 10:46:54 - [MESSAGE][PASSED] - Delayed 2 second(s)

2023-12-08 10:46:54 - [TEST_STEP][PASSED] - verifyTextPresent("Summary", true): Text 'Summary' is present on page  using regular expression

2023-12-08 10:46:55 - [MESSAGE][PASSED] - Text 'Summary' is present on page  using regular expression

2023-12-08 10:46:55 - [TEST_STEP][PASSED] - verifyTextPresent("Review the information below and make any necessary corrections by clicking the", true): Text 'Review the information below and make any necessary corrections by clicking the' is present on page  using regular expression

2023-12-08 10:46:55 - [MESSAGE][PASSED] - Text 'Review the information below and make any necessary corrections by clicking the' is present on page  using regular expression

2023-12-08 10:46:55 - [TEST_STEP][PASSED] - verifyTextPresent("When you are confident that all the information is correct, click the", true): Text 'When you are confident that all the information is correct, click the' is present on page  using regular expression

2023-12-08 10:46:55 - [MESSAGE][PASSED] - Text 'When you are confident that all the information is correct, click the' is present on page  using regular expression

2023-12-08 10:46:55 - [TEST_STEP][PASSED] - verifyTextPresent("Payment Type/Filing Year", true): Text 'Payment Type/Filing Year' is present on page  using regular expression

2023-12-08 10:46:56 - [MESSAGE][PASSED] - Text 'Payment Type/Filing Year' is present on page  using regular expression

2023-12-08 10:46:56 - [TEST_STEP][PASSED] - verifyTextPresent("Payment Type:", true): Text 'Payment Type:' is present on page  using regular expression

2023-12-08 10:46:56 - [MESSAGE][PASSED] - Text 'Payment Type:' is present on page  using regular expression

2023-12-08 10:46:56 - [TEST_STEP][PASSED] - verifyTextPresent(PaymentType, true): Text 'New Tax Return Amount Due' is present on page  using regular expression

2023-12-08 10:46:56 - [MESSAGE][PASSED] - Text 'New Tax Return Amount Due' is present on page  using regular expression

2023-12-08 10:46:56 - [TEST_STEP][PASSED] - verifyTextPresent("Filing Year:", true): Text 'Filing Year:' is present on page  using regular expression

2023-12-08 10:46:57 - [MESSAGE][PASSED] - Text 'Filing Year:' is present on page  using regular expression

2023-12-08 10:46:57 - [TEST_STEP][PASSED] - verifyTextPresent(FilingYear, true): Text '2022' is present on page  using regular expression

2023-12-08 10:46:57 - [MESSAGE][PASSED] - Text '2022' is present on page  using regular expression

2023-12-08 10:46:57 - [TEST_STEP][PASSED] - verifyTextPresent("Payer Information", true): Text 'Payer Information' is present on page  using regular expression

2023-12-08 10:46:57 - [MESSAGE][PASSED] - Text 'Payer Information' is present on page  using regular expression

2023-12-08 10:46:57 - [TEST_STEP][PASSED] - verifyTextPresent("Taxpayer Name:", true): Text 'Taxpayer Name:' is present on page  using regular expression

2023-12-08 10:46:58 - [MESSAGE][PASSED] - Text 'Taxpayer Name:' is present on page  using regular expression

2023-12-08 10:46:58 - [TEST_STEP][PASSED] - switch (executionProfile): null

2023-12-08 10:46:58 - [TEST_STEP][PASSED] - case "QA2Profile":: null

2023-12-08 10:46:58 - [TEST_STEP][PASSED] - verifyTextPresent("Jimmy Anderson", true): Text 'Jimmy Anderson' is present on page  using regular expression

2023-12-08 10:46:58 - [MESSAGE][PASSED] - Text 'Jimmy Anderson' is present on page  using regular expression

2023-12-08 10:46:58 - [TEST_STEP][PASSED] - verifyTextPresent("XXXXX1234", true): Text 'XXXXX1234' is present on page  using regular expression

2023-12-08 10:46:59 - [MESSAGE][PASSED] - Text 'XXXXX1234' is present on page  using regular expression

2023-12-08 10:46:59 - [TEST_STEP][PASSED] - break: null

2023-12-08 10:46:59 - [TEST_STEP][PASSED] - verifyTextPresent("Taxpayer SSN:", true): Text 'Taxpayer SSN:' is present on page  using regular expression

2023-12-08 10:46:59 - [MESSAGE][PASSED] - Text 'Taxpayer SSN:' is present on page  using regular expression

2023-12-08 10:46:59 - [TEST_STEP][PASSED] - verifyTextPresent("Taxpayer Address:", true): Text 'Taxpayer Address:' is present on page  using regular expression

2023-12-08 10:46:59 - [MESSAGE][PASSED] - Text 'Taxpayer Address:' is present on page  using regular expression

2023-12-08 10:46:59 - [TEST_STEP][PASSED] - verifyTextPresent("2508 Mandan Terrace Gambrills Maryland 21054", true): Text '2508 Mandan Terrace Gambrills Maryland 21054' is present on page  using regular expression

2023-12-08 10:47:00 - [MESSAGE][PASSED] - Text '2508 Mandan Terrace Gambrills Maryland 21054' is present on page  using regular expression

2023-12-08 10:47:00 - [TEST_STEP][PASSED] - verifyTextPresent("Email:", true): Text 'Email:' is present on page  using regular expression

2023-12-08 10:47:00 - [MESSAGE][PASSED] - Text 'Email:' is present on page  using regular expression

2023-12-08 10:47:00 - [TEST_STEP][PASSED] - verifyTextPresent("iahmed@govolution.com", true): Text 'iahmed@govolution.com' is present on page  using regular expression

2023-12-08 10:47:00 - [MESSAGE][PASSED] - Text 'iahmed@govolution.com' is present on page  using regular expression

2023-12-08 10:47:00 - [TEST_STEP][PASSED] - verifyTextPresent("Phone:", true): Text 'Phone:' is present on page  using regular expression

2023-12-08 10:47:01 - [MESSAGE][PASSED] - Text 'Phone:' is present on page  using regular expression

2023-12-08 10:47:01 - [TEST_STEP][PASSED] - verifyTextPresent("(703) 894-5000", false): Text '(703) 894-5000' is present on page 

2023-12-08 10:47:01 - [MESSAGE][PASSED] - Text '(703) 894-5000' is present on page 

2023-12-08 10:47:01 - [TEST_STEP][PASSED] - verifyTextPresent("Tax Information", true): Text 'Tax Information' is present on page  using regular expression

2023-12-08 10:47:01 - [MESSAGE][PASSED] - Text 'Tax Information' is present on page  using regular expression

2023-12-08 10:47:01 - [TEST_STEP][PASSED] - verifyTextPresent("Payment Amount:", true): Text 'Payment Amount:' is present on page  using regular expression

2023-12-08 10:47:02 - [MESSAGE][PASSED] - Text 'Payment Amount:' is present on page  using regular expression

2023-12-08 10:47:02 - [TEST_STEP][PASSED] - verifyTextPresent("100.00", true): Text '100.00' is present on page  using regular expression

2023-12-08 10:47:02 - [MESSAGE][PASSED] - Text '100.00' is present on page  using regular expression

2023-12-08 10:47:02 - [TEST_STEP][PASSED] - verifyTextNotPresent("Federal EIN:", true): Text 'Federal EIN:' is not present on page using regular expression

2023-12-08 10:47:03 - [MESSAGE][PASSED] - Text 'Federal EIN:' is not present on page using regular expression

2023-12-08 10:47:03 - [TEST_STEP][PASSED] - verifyTextNotPresent("FEIN/SSN:", true): Text 'FEIN/SSN:' is not present on page using regular expression

2023-12-08 10:47:03 - [MESSAGE][PASSED] - Text 'FEIN/SSN:' is not present on page using regular expression

2023-12-08 10:47:03 - [TEST_STEP][PASSED] - if (verifyElementVisible(findTestObject(orPath_Summary + "/button_Proceed to Payment"))): null

2023-12-08 10:47:03 - [MESSAGE][PASSED] - Object 'Object Repository/RAD_Pages/Summary_Page/button_Proceed to Payment' is visible

2023-12-08 10:47:03 - [TEST_STEP][PASSED] - resText = "Pass": null

2023-12-08 10:47:03 - [TEST_STEP][PASSED] - pages.WriteExcel.demoKey(resText, datText, resColumn, datCloumn, fileLoc, nameSheet, row): pages.WriteExcel.demoKey is PASSED

2023-12-08 10:47:03 - [MESSAGE][PASSED] - pages.WriteExcel.demoKey is PASSED

2023-12-08 10:47:03 - [TEST_STEP][PASSED] - click(findTestObject(orPath_Summary + "/button_Proceed to Payment")): Object: 'Object Repository/RAD_Pages/Summary_Page/button_Proceed to Payment' is clicked on

2023-12-08 10:47:05 - [MESSAGE][PASSED] - Object: 'Object Repository/RAD_Pages/Summary_Page/button_Proceed to Payment' is clicked on

2023-12-08 10:47:05 - [TEST_STEP][PASSED] - ExecuteTC = findTestData(dataFile).getValue("Execute", row): null

2023-12-08 10:47:05 - [TEST_STEP][PASSED] - TaxType = findTestData(dataFile).getValue("TaxType", row): null

2023-12-08 10:47:05 - [TEST_STEP][PASSED] - PaymentType = findTestData(dataFile).getValue("PaymentType", row): null

2023-12-08 10:47:05 - [TEST_STEP][PASSED] - FilingYear = findTestData(dataFile).getValue("Year", row): null

2023-12-08 10:47:05 - [TEST_STEP][PASSED] - if (ExecuteTC.equalsIgnoreCase("Y")): Object: 'Object Repository/RAD_Pages/Summary_Page/button_Proceed to Payment' is clicked on

2023-12-08 10:47:05 - [TEST_STEP][PASSED] - out.println("Begin Record Number: " + row): null

2023-12-08 10:47:05 - [TEST_STEP][PASSED] - today = new java.util.Date(): null

2023-12-08 10:47:05 - [TEST_STEP][PASSED] - println(today): null

2023-12-08 10:47:05 - [TEST_STEP][PASSED] - datText = today: null

2023-12-08 10:47:05 - [TEST_STEP][PASSED] - logInfo("Payment Type: " + PaymentType): Payment Type: New Tax Return Amount Due

2023-12-08 10:47:05 - [MESSAGE][INFO] - Payment Type: New Tax Return Amount Due

2023-12-08 10:47:05 - [TEST_STEP][PASSED] - logInfo("Tax Type: " + TaxType): Tax Type: Personal Income Tax

2023-12-08 10:47:05 - [MESSAGE][INFO] - Tax Type: Personal Income Tax

2023-12-08 10:47:05 - [TEST_STEP][PASSED] - openBrowser(""): Browser is opened with url: ''

2023-12-08 10:47:05 - [MESSAGE][WARNING] - A browser is already opened. Closing browser and opening a new one

2023-12-08 10:47:06 - [MESSAGE][INFO] - Starting 'Chrome' driver

2023-12-08 10:47:06 - [MESSAGE][INFO] - User set preference: ['acceptInsecureCerts', 'true']

2023-12-08 10:47:06 - [MESSAGE][INFO] - Action delay is set to 0 milliseconds

2023-12-08 10:47:08 - [MESSAGE][PASSED] - Browser is opened with url: ''

2023-12-08 10:47:08 - [TEST_STEP][PASSED] - maximizeWindow(): Current window maximized

2023-12-08 10:47:08 - [MESSAGE][PASSED] - Current window maximized

2023-12-08 10:47:08 - [TEST_STEP][PASSED] - navigateToUrl(RADurl): Navigate to 'https://qa2.velocitypayment.com/client/rad/index.html' successfully

2023-12-08 10:47:09 - [MESSAGE][PASSED] - Navigate to 'https://qa2.velocitypayment.com/client/rad/index.html' successfully

2023-12-08 10:47:09 - [TEST_STEP][PASSED] - selectOptionByLabel(findTestObject(orPath_Landing + "/dd_TaxType"), PaymentType, false): All options with label 'New Tax Return Amount Due' are selected in object 'Object Repository/RAD_Pages/Landing_Page/dd_TaxType' 

2023-12-08 10:47:10 - [MESSAGE][PASSED] - All options with label 'New Tax Return Amount Due' are selected in object 'Object Repository/RAD_Pages/Landing_Page/dd_TaxType' 

2023-12-08 10:47:10 - [TEST_STEP][PASSED] - switch (PaymentType): null

2023-12-08 10:47:10 - [TEST_STEP][PASSED] - case "New Tax Return Amount Due":: null

2023-12-08 10:47:10 - [TEST_STEP][PASSED] - selectOptionByLabel(findTestObject("Object Repository/RAD_Pages/Landing_Page/select_NewTaxReturnAmountDue_TaxType"), TaxType, false): All options with label 'Personal Income Tax' are selected in object 'Object Repository/RAD_Pages/Landing_Page/select_NewTaxReturnAmountDue_TaxType' 

2023-12-08 10:47:11 - [MESSAGE][PASSED] - All options with label 'Personal Income Tax' are selected in object 'Object Repository/RAD_Pages/Landing_Page/select_NewTaxReturnAmountDue_TaxType' 

2023-12-08 10:47:11 - [TEST_STEP][PASSED] - break: null

2023-12-08 10:47:11 - [TEST_STEP][PASSED] - if (!(FilingYear.isEmpty())): All options with label '2021' are selected in object 'Object Repository/RAD_Pages/TaxTypeFilingYear_Page/select_FilingYear' 

2023-12-08 10:47:11 - [TEST_STEP][PASSED] - selectOptionByLabel(findTestObject(orPath_TaxTypeFilingYear + "/select_FilingYear"), FilingYear, false): All options with label '2021' are selected in object 'Object Repository/RAD_Pages/TaxTypeFilingYear_Page/select_FilingYear' 

2023-12-08 10:47:12 - [MESSAGE][PASSED] - All options with label '2021' are selected in object 'Object Repository/RAD_Pages/TaxTypeFilingYear_Page/select_FilingYear' 

2023-12-08 10:47:12 - [TEST_STEP][PASSED] - rad.getSetDataRAD.setDataRADssnAndName(): rad.getSetDataRAD.setDataRADssnAndName is PASSED

2023-12-08 10:47:12 - [MESSAGE][PASSED] - Text 'Jimmy' is set on object 'Object Repository/RAD_Pages/Taxpayer_Page/input_firstName'

2023-12-08 10:47:13 - [MESSAGE][PASSED] - Text 'Anderson' is set on object 'Object Repository/RAD_Pages/Taxpayer_Page/input_lastName'

2023-12-08 10:47:14 - [MESSAGE][PASSED] - Text '123451234' is set on object 'Object Repository/RAD_RecordAndPlay/input_concatSSN'

2023-12-08 10:47:14 - [MESSAGE][PASSED] - Text '123451234' is set on object 'Object Repository/RAD_RecordAndPlay/input_concatReSSN'

2023-12-08 10:47:14 - [MESSAGE][PASSED] - rad.getSetDataRAD.setDataRADssnAndName is PASSED

2023-12-08 10:47:14 - [TEST_STEP][PASSED] - rad.getSetDataRAD.setDataRADAddress(): rad.getSetDataRAD.setDataRADAddress is PASSED

2023-12-08 10:47:15 - [MESSAGE][PASSED] - All options with label 'United States' are selected in object 'Object Repository/RAD_Pages/AddressAndContactInfo_Page/select_Country' 

2023-12-08 10:47:16 - [MESSAGE][PASSED] - Text '2508 Mandan Terrace' is set on object 'Object Repository/RAD_Pages/AddressAndContactInfo_Page/input_streetAddress1'

2023-12-08 10:47:17 - [MESSAGE][PASSED] - Text '' is set on object 'Object Repository/RAD_Pages/AddressAndContactInfo_Page/input_streetAddress2'

2023-12-08 10:47:17 - [MESSAGE][PASSED] - Text 'Gambrills' is set on object 'Object Repository/RAD_Pages/AddressAndContactInfo_Page/input_city'

2023-12-08 10:47:18 - [MESSAGE][PASSED] - All options with label 'Maryland' are selected in object 'Object Repository/RAD_Pages/AddressAndContactInfo_Page/select_State' 

2023-12-08 10:47:19 - [MESSAGE][PASSED] - Text '21054' is set on object 'Object Repository/RAD_Pages/AddressAndContactInfo_Page/input_zipCode'

2023-12-08 10:47:20 - [MESSAGE][PASSED] - Text '(703) 894-5000' is set on object 'Object Repository/RAD_Pages/AddressAndContactInfo_Page/input_phoneNumber'

2023-12-08 10:47:20 - [MESSAGE][PASSED] - Text 'iahmed@govolution.com' is set on object 'Object Repository/RAD_Pages/AddressAndContactInfo_Page/input_eMailAddress'

2023-12-08 10:47:21 - [MESSAGE][PASSED] - Text 'iahmed@govolution.com' is set on object 'Object Repository/RAD_Pages/AddressAndContactInfo_Page/input_reEnterEMailAddress'

2023-12-08 10:47:21 - [MESSAGE][PASSED] - rad.getSetDataRAD.setDataRADAddress is PASSED

2023-12-08 10:47:21 - [TEST_STEP][PASSED] - setText(findTestObject(orPath_Amount + "/input__paymentAmount"), "100.00"): Text '100.00' is set on object 'Object Repository/RAD_Pages/PaymentAmount_Page/input__paymentAmount'

2023-12-08 10:47:22 - [MESSAGE][PASSED] - Text '100.00' is set on object 'Object Repository/RAD_Pages/PaymentAmount_Page/input__paymentAmount'

2023-12-08 10:47:22 - [TEST_STEP][PASSED] - setText(findTestObject(orPath_AddressContact + "/input_streetAddress2"), ""): Text '' is set on object 'Object Repository/RAD_Pages/AddressAndContactInfo_Page/input_streetAddress2'

2023-12-08 10:47:23 - [MESSAGE][PASSED] - Text '' is set on object 'Object Repository/RAD_Pages/AddressAndContactInfo_Page/input_streetAddress2'

2023-12-08 10:47:23 - [TEST_STEP][PASSED] - scrollToElement(findTestObject(orPath_Landing + "/button_Continue"), 3): Scroll to object 'Object Repository/RAD_Pages/Landing_Page/button_Continue' successfully

2023-12-08 10:47:23 - [MESSAGE][PASSED] - Scroll to object 'Object Repository/RAD_Pages/Landing_Page/button_Continue' successfully

2023-12-08 10:47:23 - [TEST_STEP][PASSED] - waitForElementClickable(findTestObject(orPath_Landing + "/button_Continue"), 5): Object 'Object Repository/RAD_Pages/Landing_Page/button_Continue' is clickable

2023-12-08 10:47:24 - [MESSAGE][PASSED] - Object 'Object Repository/RAD_Pages/Landing_Page/button_Continue' is clickable

2023-12-08 10:47:24 - [TEST_STEP][PASSED] - click(findTestObject(orPath_Landing + "/button_Continue")): Object: 'Object Repository/RAD_Pages/Landing_Page/button_Continue' is clicked on

2023-12-08 10:47:24 - [MESSAGE][PASSED] - Object: 'Object Repository/RAD_Pages/Landing_Page/button_Continue' is clicked on

2023-12-08 10:47:24 - [TEST_STEP][PASSED] - delay(2): Delayed 2 second(s)

2023-12-08 10:47:26 - [MESSAGE][PASSED] - Delayed 2 second(s)

2023-12-08 10:47:26 - [TEST_STEP][PASSED] - verifyTextPresent("Summary", true): Text 'Summary' is present on page  using regular expression

2023-12-08 10:47:27 - [MESSAGE][PASSED] - Text 'Summary' is present on page  using regular expression

2023-12-08 10:47:27 - [TEST_STEP][PASSED] - verifyTextPresent("Review the information below and make any necessary corrections by clicking the", true): Text 'Review the information below and make any necessary corrections by clicking the' is present on page  using regular expression

2023-12-08 10:47:27 - [MESSAGE][PASSED] - Text 'Review the information below and make any necessary corrections by clicking the' is present on page  using regular expression

2023-12-08 10:47:27 - [TEST_STEP][PASSED] - verifyTextPresent("When you are confident that all the information is correct, click the", true): Text 'When you are confident that all the information is correct, click the' is present on page  using regular expression

2023-12-08 10:47:27 - [MESSAGE][PASSED] - Text 'When you are confident that all the information is correct, click the' is present on page  using regular expression

2023-12-08 10:47:27 - [TEST_STEP][PASSED] - verifyTextPresent("Payment Type/Filing Year", true): Text 'Payment Type/Filing Year' is present on page  using regular expression

2023-12-08 10:47:28 - [MESSAGE][PASSED] - Text 'Payment Type/Filing Year' is present on page  using regular expression

2023-12-08 10:47:28 - [TEST_STEP][PASSED] - verifyTextPresent("Payment Type:", true): Text 'Payment Type:' is present on page  using regular expression

2023-12-08 10:47:28 - [MESSAGE][PASSED] - Text 'Payment Type:' is present on page  using regular expression

2023-12-08 10:47:28 - [TEST_STEP][PASSED] - verifyTextPresent(PaymentType, true): Text 'New Tax Return Amount Due' is present on page  using regular expression

2023-12-08 10:47:29 - [MESSAGE][PASSED] - Text 'New Tax Return Amount Due' is present on page  using regular expression

2023-12-08 10:47:29 - [TEST_STEP][PASSED] - verifyTextPresent("Filing Year:", true): Text 'Filing Year:' is present on page  using regular expression

2023-12-08 10:47:29 - [MESSAGE][PASSED] - Text 'Filing Year:' is present on page  using regular expression

2023-12-08 10:47:29 - [TEST_STEP][PASSED] - verifyTextPresent(FilingYear, true): Text '2021' is present on page  using regular expression

2023-12-08 10:47:29 - [MESSAGE][PASSED] - Text '2021' is present on page  using regular expression

2023-12-08 10:47:29 - [TEST_STEP][PASSED] - verifyTextPresent("Payer Information", true): Text 'Payer Information' is present on page  using regular expression

2023-12-08 10:47:30 - [MESSAGE][PASSED] - Text 'Payer Information' is present on page  using regular expression

2023-12-08 10:47:30 - [TEST_STEP][PASSED] - verifyTextPresent("Taxpayer Name:", true): Text 'Taxpayer Name:' is present on page  using regular expression

2023-12-08 10:47:30 - [MESSAGE][PASSED] - Text 'Taxpayer Name:' is present on page  using regular expression

2023-12-08 10:47:30 - [TEST_STEP][PASSED] - switch (executionProfile): null

2023-12-08 10:47:30 - [TEST_STEP][PASSED] - case "QA2Profile":: null

2023-12-08 10:47:30 - [TEST_STEP][PASSED] - verifyTextPresent("Jimmy Anderson", true): Text 'Jimmy Anderson' is present on page  using regular expression

2023-12-08 10:47:30 - [MESSAGE][PASSED] - Text 'Jimmy Anderson' is present on page  using regular expression

2023-12-08 10:47:30 - [TEST_STEP][PASSED] - verifyTextPresent("XXXXX1234", true): Text 'XXXXX1234' is present on page  using regular expression

2023-12-08 10:47:31 - [MESSAGE][PASSED] - Text 'XXXXX1234' is present on page  using regular expression

2023-12-08 10:47:31 - [TEST_STEP][PASSED] - break: null

2023-12-08 10:47:31 - [TEST_STEP][PASSED] - verifyTextPresent("Taxpayer SSN:", true): Text 'Taxpayer SSN:' is present on page  using regular expression

2023-12-08 10:47:31 - [MESSAGE][PASSED] - Text 'Taxpayer SSN:' is present on page  using regular expression

2023-12-08 10:47:31 - [TEST_STEP][PASSED] - verifyTextPresent("Taxpayer Address:", true): Text 'Taxpayer Address:' is present on page  using regular expression

2023-12-08 10:47:32 - [MESSAGE][PASSED] - Text 'Taxpayer Address:' is present on page  using regular expression

2023-12-08 10:47:32 - [TEST_STEP][PASSED] - verifyTextPresent("2508 Mandan Terrace Gambrills Maryland 21054", true): Text '2508 Mandan Terrace Gambrills Maryland 21054' is present on page  using regular expression

2023-12-08 10:47:32 - [MESSAGE][PASSED] - Text '2508 Mandan Terrace Gambrills Maryland 21054' is present on page  using regular expression

2023-12-08 10:47:32 - [TEST_STEP][PASSED] - verifyTextPresent("Email:", true): Text 'Email:' is present on page  using regular expression

2023-12-08 10:47:32 - [MESSAGE][PASSED] - Text 'Email:' is present on page  using regular expression

2023-12-08 10:47:32 - [TEST_STEP][PASSED] - verifyTextPresent("iahmed@govolution.com", true): Text 'iahmed@govolution.com' is present on page  using regular expression

2023-12-08 10:47:33 - [MESSAGE][PASSED] - Text 'iahmed@govolution.com' is present on page  using regular expression

2023-12-08 10:47:33 - [TEST_STEP][PASSED] - verifyTextPresent("Phone:", true): Text 'Phone:' is present on page  using regular expression

2023-12-08 10:47:33 - [MESSAGE][PASSED] - Text 'Phone:' is present on page  using regular expression

2023-12-08 10:47:33 - [TEST_STEP][PASSED] - verifyTextPresent("(703) 894-5000", false): Text '(703) 894-5000' is present on page 

2023-12-08 10:47:33 - [MESSAGE][PASSED] - Text '(703) 894-5000' is present on page 

2023-12-08 10:47:33 - [TEST_STEP][PASSED] - verifyTextPresent("Tax Information", true): Text 'Tax Information' is present on page  using regular expression

2023-12-08 10:47:34 - [MESSAGE][PASSED] - Text 'Tax Information' is present on page  using regular expression

2023-12-08 10:47:34 - [TEST_STEP][PASSED] - verifyTextPresent("Payment Amount:", true): Text 'Payment Amount:' is present on page  using regular expression

2023-12-08 10:47:34 - [MESSAGE][PASSED] - Text 'Payment Amount:' is present on page  using regular expression

2023-12-08 10:47:34 - [TEST_STEP][PASSED] - verifyTextPresent("100.00", true): Text '100.00' is present on page  using regular expression

2023-12-08 10:47:34 - [MESSAGE][PASSED] - Text '100.00' is present on page  using regular expression

2023-12-08 10:47:34 - [TEST_STEP][PASSED] - verifyTextNotPresent("Federal EIN:", true): Text 'Federal EIN:' is not present on page using regular expression

2023-12-08 10:47:35 - [MESSAGE][PASSED] - Text 'Federal EIN:' is not present on page using regular expression

2023-12-08 10:47:35 - [TEST_STEP][PASSED] - verifyTextNotPresent("FEIN/SSN:", true): Text 'FEIN/SSN:' is not present on page using regular expression

2023-12-08 10:47:35 - [MESSAGE][PASSED] - Text 'FEIN/SSN:' is not present on page using regular expression

2023-12-08 10:47:35 - [TEST_STEP][PASSED] - if (verifyElementVisible(findTestObject(orPath_Summary + "/button_Proceed to Payment"))): null

2023-12-08 10:47:36 - [MESSAGE][PASSED] - Object 'Object Repository/RAD_Pages/Summary_Page/button_Proceed to Payment' is visible

2023-12-08 10:47:36 - [TEST_STEP][PASSED] - resText = "Pass": null

2023-12-08 10:47:36 - [TEST_STEP][PASSED] - pages.WriteExcel.demoKey(resText, datText, resColumn, datCloumn, fileLoc, nameSheet, row): pages.WriteExcel.demoKey is PASSED

2023-12-08 10:47:36 - [MESSAGE][PASSED] - pages.WriteExcel.demoKey is PASSED

2023-12-08 10:47:36 - [TEST_STEP][PASSED] - click(findTestObject(orPath_Summary + "/button_Proceed to Payment")): Object: 'Object Repository/RAD_Pages/Summary_Page/button_Proceed to Payment' is clicked on

2023-12-08 10:47:37 - [MESSAGE][PASSED] - Object: 'Object Repository/RAD_Pages/Summary_Page/button_Proceed to Payment' is clicked on

2023-12-08 10:47:37 - [TEST_STEP][PASSED] - ExecuteTC = findTestData(dataFile).getValue("Execute", row): null

2023-12-08 10:47:37 - [TEST_STEP][PASSED] - TaxType = findTestData(dataFile).getValue("TaxType", row): null

2023-12-08 10:47:37 - [TEST_STEP][PASSED] - PaymentType = findTestData(dataFile).getValue("PaymentType", row): null

2023-12-08 10:47:37 - [TEST_STEP][PASSED] - FilingYear = findTestData(dataFile).getValue("Year", row): null

2023-12-08 10:47:37 - [TEST_STEP][PASSED] - if (ExecuteTC.equalsIgnoreCase("Y")): Object: 'Object Repository/RAD_Pages/Summary_Page/button_Proceed to Payment' is clicked on

2023-12-08 10:47:37 - [TEST_STEP][PASSED] - out.println("Begin Record Number: " + row): null

2023-12-08 10:47:37 - [TEST_STEP][PASSED] - today = new java.util.Date(): null

2023-12-08 10:47:37 - [TEST_STEP][PASSED] - println(today): null

2023-12-08 10:47:37 - [TEST_STEP][PASSED] - datText = today: null

2023-12-08 10:47:37 - [TEST_STEP][PASSED] - logInfo("Payment Type: " + PaymentType): Payment Type: New Tax Return Amount Due

2023-12-08 10:47:37 - [MESSAGE][INFO] - Payment Type: New Tax Return Amount Due

2023-12-08 10:47:37 - [TEST_STEP][PASSED] - logInfo("Tax Type: " + TaxType): Tax Type: Personal Income Tax

2023-12-08 10:47:37 - [MESSAGE][INFO] - Tax Type: Personal Income Tax

2023-12-08 10:47:37 - [TEST_STEP][PASSED] - openBrowser(""): Browser is opened with url: ''

2023-12-08 10:47:37 - [MESSAGE][WARNING] - A browser is already opened. Closing browser and opening a new one

2023-12-08 10:47:38 - [MESSAGE][INFO] - Starting 'Chrome' driver

2023-12-08 10:47:38 - [MESSAGE][INFO] - User set preference: ['acceptInsecureCerts', 'true']

2023-12-08 10:47:38 - [MESSAGE][INFO] - Action delay is set to 0 milliseconds

2023-12-08 10:47:40 - [MESSAGE][PASSED] - Browser is opened with url: ''

2023-12-08 10:47:40 - [TEST_STEP][PASSED] - maximizeWindow(): Current window maximized

2023-12-08 10:47:40 - [MESSAGE][PASSED] - Current window maximized

2023-12-08 10:47:40 - [TEST_STEP][PASSED] - navigateToUrl(RADurl): Navigate to 'https://qa2.velocitypayment.com/client/rad/index.html' successfully

2023-12-08 10:47:41 - [MESSAGE][PASSED] - Navigate to 'https://qa2.velocitypayment.com/client/rad/index.html' successfully

2023-12-08 10:47:41 - [TEST_STEP][PASSED] - selectOptionByLabel(findTestObject(orPath_Landing + "/dd_TaxType"), PaymentType, false): All options with label 'New Tax Return Amount Due' are selected in object 'Object Repository/RAD_Pages/Landing_Page/dd_TaxType' 

2023-12-08 10:47:42 - [MESSAGE][PASSED] - All options with label 'New Tax Return Amount Due' are selected in object 'Object Repository/RAD_Pages/Landing_Page/dd_TaxType' 

2023-12-08 10:47:42 - [TEST_STEP][PASSED] - switch (PaymentType): null

2023-12-08 10:47:42 - [TEST_STEP][PASSED] - case "New Tax Return Amount Due":: null

2023-12-08 10:47:42 - [TEST_STEP][PASSED] - selectOptionByLabel(findTestObject("Object Repository/RAD_Pages/Landing_Page/select_NewTaxReturnAmountDue_TaxType"), TaxType, false): All options with label 'Personal Income Tax' are selected in object 'Object Repository/RAD_Pages/Landing_Page/select_NewTaxReturnAmountDue_TaxType' 

2023-12-08 10:47:43 - [MESSAGE][PASSED] - All options with label 'Personal Income Tax' are selected in object 'Object Repository/RAD_Pages/Landing_Page/select_NewTaxReturnAmountDue_TaxType' 

2023-12-08 10:47:43 - [TEST_STEP][PASSED] - break: null

2023-12-08 10:47:43 - [TEST_STEP][PASSED] - if (!(FilingYear.isEmpty())): All options with label '2020' are selected in object 'Object Repository/RAD_Pages/TaxTypeFilingYear_Page/select_FilingYear' 

2023-12-08 10:47:43 - [TEST_STEP][PASSED] - selectOptionByLabel(findTestObject(orPath_TaxTypeFilingYear + "/select_FilingYear"), FilingYear, false): All options with label '2020' are selected in object 'Object Repository/RAD_Pages/TaxTypeFilingYear_Page/select_FilingYear' 

2023-12-08 10:47:43 - [MESSAGE][PASSED] - All options with label '2020' are selected in object 'Object Repository/RAD_Pages/TaxTypeFilingYear_Page/select_FilingYear' 

2023-12-08 10:47:43 - [TEST_STEP][PASSED] - rad.getSetDataRAD.setDataRADssnAndName(): rad.getSetDataRAD.setDataRADssnAndName is PASSED

2023-12-08 10:47:44 - [MESSAGE][PASSED] - Text 'Jimmy' is set on object 'Object Repository/RAD_Pages/Taxpayer_Page/input_firstName'

2023-12-08 10:47:45 - [MESSAGE][PASSED] - Text 'Anderson' is set on object 'Object Repository/RAD_Pages/Taxpayer_Page/input_lastName'

2023-12-08 10:47:45 - [MESSAGE][PASSED] - Text '123451234' is set on object 'Object Repository/RAD_RecordAndPlay/input_concatSSN'

2023-12-08 10:47:46 - [MESSAGE][PASSED] - Text '123451234' is set on object 'Object Repository/RAD_RecordAndPlay/input_concatReSSN'

2023-12-08 10:47:46 - [MESSAGE][PASSED] - rad.getSetDataRAD.setDataRADssnAndName is PASSED

2023-12-08 10:47:46 - [TEST_STEP][PASSED] - rad.getSetDataRAD.setDataRADAddress(): rad.getSetDataRAD.setDataRADAddress is PASSED

2023-12-08 10:47:47 - [MESSAGE][PASSED] - All options with label 'United States' are selected in object 'Object Repository/RAD_Pages/AddressAndContactInfo_Page/select_Country' 

2023-12-08 10:47:47 - [MESSAGE][PASSED] - Text '2508 Mandan Terrace' is set on object 'Object Repository/RAD_Pages/AddressAndContactInfo_Page/input_streetAddress1'

2023-12-08 10:47:48 - [MESSAGE][PASSED] - Text '' is set on object 'Object Repository/RAD_Pages/AddressAndContactInfo_Page/input_streetAddress2'

2023-12-08 10:47:49 - [MESSAGE][PASSED] - Text 'Gambrills' is set on object 'Object Repository/RAD_Pages/AddressAndContactInfo_Page/input_city'

2023-12-08 10:47:50 - [MESSAGE][PASSED] - All options with label 'Maryland' are selected in object 'Object Repository/RAD_Pages/AddressAndContactInfo_Page/select_State' 

2023-12-08 10:47:51 - [MESSAGE][PASSED] - Text '21054' is set on object 'Object Repository/RAD_Pages/AddressAndContactInfo_Page/input_zipCode'

2023-12-08 10:47:51 - [MESSAGE][PASSED] - Text '(703) 894-5000' is set on object 'Object Repository/RAD_Pages/AddressAndContactInfo_Page/input_phoneNumber'

2023-12-08 10:47:52 - [MESSAGE][PASSED] - Text 'iahmed@govolution.com' is set on object 'Object Repository/RAD_Pages/AddressAndContactInfo_Page/input_eMailAddress'

2023-12-08 10:47:53 - [MESSAGE][PASSED] - Text 'iahmed@govolution.com' is set on object 'Object Repository/RAD_Pages/AddressAndContactInfo_Page/input_reEnterEMailAddress'

2023-12-08 10:47:53 - [MESSAGE][PASSED] - rad.getSetDataRAD.setDataRADAddress is PASSED

2023-12-08 10:47:53 - [TEST_STEP][PASSED] - setText(findTestObject(orPath_Amount + "/input__paymentAmount"), "100.00"): Text '100.00' is set on object 'Object Repository/RAD_Pages/PaymentAmount_Page/input__paymentAmount'

2023-12-08 10:47:54 - [MESSAGE][PASSED] - Text '100.00' is set on object 'Object Repository/RAD_Pages/PaymentAmount_Page/input__paymentAmount'

2023-12-08 10:47:54 - [TEST_STEP][PASSED] - setText(findTestObject(orPath_AddressContact + "/input_streetAddress2"), ""): Text '' is set on object 'Object Repository/RAD_Pages/AddressAndContactInfo_Page/input_streetAddress2'

2023-12-08 10:47:55 - [MESSAGE][PASSED] - Text '' is set on object 'Object Repository/RAD_Pages/AddressAndContactInfo_Page/input_streetAddress2'

2023-12-08 10:47:55 - [TEST_STEP][PASSED] - scrollToElement(findTestObject(orPath_Landing + "/button_Continue"), 3): Scroll to object 'Object Repository/RAD_Pages/Landing_Page/button_Continue' successfully

2023-12-08 10:47:55 - [MESSAGE][PASSED] - Scroll to object 'Object Repository/RAD_Pages/Landing_Page/button_Continue' successfully

2023-12-08 10:47:55 - [TEST_STEP][PASSED] - waitForElementClickable(findTestObject(orPath_Landing + "/button_Continue"), 5): Object 'Object Repository/RAD_Pages/Landing_Page/button_Continue' is clickable

2023-12-08 10:47:55 - [MESSAGE][PASSED] - Object 'Object Repository/RAD_Pages/Landing_Page/button_Continue' is clickable

2023-12-08 10:47:55 - [TEST_STEP][PASSED] - click(findTestObject(orPath_Landing + "/button_Continue")): Object: 'Object Repository/RAD_Pages/Landing_Page/button_Continue' is clicked on

2023-12-08 10:47:56 - [MESSAGE][PASSED] - Object: 'Object Repository/RAD_Pages/Landing_Page/button_Continue' is clicked on

2023-12-08 10:47:56 - [TEST_STEP][PASSED] - delay(2): Delayed 2 second(s)

2023-12-08 10:47:58 - [MESSAGE][PASSED] - Delayed 2 second(s)

2023-12-08 10:47:58 - [TEST_STEP][PASSED] - verifyTextPresent("Summary", true): Text 'Summary' is present on page  using regular expression

2023-12-08 10:47:58 - [MESSAGE][PASSED] - Text 'Summary' is present on page  using regular expression

2023-12-08 10:47:58 - [TEST_STEP][PASSED] - verifyTextPresent("Review the information below and make any necessary corrections by clicking the", true): Text 'Review the information below and make any necessary corrections by clicking the' is present on page  using regular expression

2023-12-08 10:47:59 - [MESSAGE][PASSED] - Text 'Review the information below and make any necessary corrections by clicking the' is present on page  using regular expression

2023-12-08 10:47:59 - [TEST_STEP][PASSED] - verifyTextPresent("When you are confident that all the information is correct, click the", true): Text 'When you are confident that all the information is correct, click the' is present on page  using regular expression

2023-12-08 10:47:59 - [MESSAGE][PASSED] - Text 'When you are confident that all the information is correct, click the' is present on page  using regular expression

2023-12-08 10:47:59 - [TEST_STEP][PASSED] - verifyTextPresent("Payment Type/Filing Year", true): Text 'Payment Type/Filing Year' is present on page  using regular expression

2023-12-08 10:47:59 - [MESSAGE][PASSED] - Text 'Payment Type/Filing Year' is present on page  using regular expression

2023-12-08 10:47:59 - [TEST_STEP][PASSED] - verifyTextPresent("Payment Type:", true): Text 'Payment Type:' is present on page  using regular expression

2023-12-08 10:48:00 - [MESSAGE][PASSED] - Text 'Payment Type:' is present on page  using regular expression

2023-12-08 10:48:00 - [TEST_STEP][PASSED] - verifyTextPresent(PaymentType, true): Text 'New Tax Return Amount Due' is present on page  using regular expression

2023-12-08 10:48:00 - [MESSAGE][PASSED] - Text 'New Tax Return Amount Due' is present on page  using regular expression

2023-12-08 10:48:00 - [TEST_STEP][PASSED] - verifyTextPresent("Filing Year:", true): Text 'Filing Year:' is present on page  using regular expression

2023-12-08 10:48:01 - [MESSAGE][PASSED] - Text 'Filing Year:' is present on page  using regular expression

2023-12-08 10:48:01 - [TEST_STEP][PASSED] - verifyTextPresent(FilingYear, true): Text '2020' is present on page  using regular expression

2023-12-08 10:48:01 - [MESSAGE][PASSED] - Text '2020' is present on page  using regular expression

2023-12-08 10:48:01 - [TEST_STEP][PASSED] - verifyTextPresent("Payer Information", true): Text 'Payer Information' is present on page  using regular expression

2023-12-08 10:48:01 - [MESSAGE][PASSED] - Text 'Payer Information' is present on page  using regular expression

2023-12-08 10:48:01 - [TEST_STEP][PASSED] - verifyTextPresent("Taxpayer Name:", true): Text 'Taxpayer Name:' is present on page  using regular expression

2023-12-08 10:48:02 - [MESSAGE][PASSED] - Text 'Taxpayer Name:' is present on page  using regular expression

2023-12-08 10:48:02 - [TEST_STEP][PASSED] - switch (executionProfile): null

2023-12-08 10:48:02 - [TEST_STEP][PASSED] - case "QA2Profile":: null

2023-12-08 10:48:02 - [TEST_STEP][PASSED] - verifyTextPresent("Jimmy Anderson", true): Text 'Jimmy Anderson' is present on page  using regular expression

2023-12-08 10:48:02 - [MESSAGE][PASSED] - Text 'Jimmy Anderson' is present on page  using regular expression

2023-12-08 10:48:02 - [TEST_STEP][PASSED] - verifyTextPresent("XXXXX1234", true): Text 'XXXXX1234' is present on page  using regular expression

2023-12-08 10:48:02 - [MESSAGE][PASSED] - Text 'XXXXX1234' is present on page  using regular expression

2023-12-08 10:48:02 - [TEST_STEP][PASSED] - break: null

2023-12-08 10:48:02 - [TEST_STEP][PASSED] - verifyTextPresent("Taxpayer SSN:", true): Text 'Taxpayer SSN:' is present on page  using regular expression

2023-12-08 10:48:03 - [MESSAGE][PASSED] - Text 'Taxpayer SSN:' is present on page  using regular expression

2023-12-08 10:48:03 - [TEST_STEP][PASSED] - verifyTextPresent("Taxpayer Address:", true): Text 'Taxpayer Address:' is present on page  using regular expression

2023-12-08 10:48:03 - [MESSAGE][PASSED] - Text 'Taxpayer Address:' is present on page  using regular expression

2023-12-08 10:48:03 - [TEST_STEP][PASSED] - verifyTextPresent("2508 Mandan Terrace Gambrills Maryland 21054", true): Text '2508 Mandan Terrace Gambrills Maryland 21054' is present on page  using regular expression

2023-12-08 10:48:03 - [MESSAGE][PASSED] - Text '2508 Mandan Terrace Gambrills Maryland 21054' is present on page  using regular expression

2023-12-08 10:48:03 - [TEST_STEP][PASSED] - verifyTextPresent("Email:", true): Text 'Email:' is present on page  using regular expression

2023-12-08 10:48:04 - [MESSAGE][PASSED] - Text 'Email:' is present on page  using regular expression

2023-12-08 10:48:04 - [TEST_STEP][PASSED] - verifyTextPresent("iahmed@govolution.com", true): Text 'iahmed@govolution.com' is present on page  using regular expression

2023-12-08 10:48:04 - [MESSAGE][PASSED] - Text 'iahmed@govolution.com' is present on page  using regular expression

2023-12-08 10:48:04 - [TEST_STEP][PASSED] - verifyTextPresent("Phone:", true): Text 'Phone:' is present on page  using regular expression

2023-12-08 10:48:05 - [MESSAGE][PASSED] - Text 'Phone:' is present on page  using regular expression

2023-12-08 10:48:05 - [TEST_STEP][PASSED] - verifyTextPresent("(703) 894-5000", false): Text '(703) 894-5000' is present on page 

2023-12-08 10:48:05 - [MESSAGE][PASSED] - Text '(703) 894-5000' is present on page 

2023-12-08 10:48:05 - [TEST_STEP][PASSED] - verifyTextPresent("Tax Information", true): Text 'Tax Information' is present on page  using regular expression

2023-12-08 10:48:05 - [MESSAGE][PASSED] - Text 'Tax Information' is present on page  using regular expression

2023-12-08 10:48:05 - [TEST_STEP][PASSED] - verifyTextPresent("Payment Amount:", true): Text 'Payment Amount:' is present on page  using regular expression

2023-12-08 10:48:06 - [MESSAGE][PASSED] - Text 'Payment Amount:' is present on page  using regular expression

2023-12-08 10:48:06 - [TEST_STEP][PASSED] - verifyTextPresent("100.00", true): Text '100.00' is present on page  using regular expression

2023-12-08 10:48:06 - [MESSAGE][PASSED] - Text '100.00' is present on page  using regular expression

2023-12-08 10:48:06 - [TEST_STEP][PASSED] - verifyTextNotPresent("Federal EIN:", true): Text 'Federal EIN:' is not present on page using regular expression

2023-12-08 10:48:06 - [MESSAGE][PASSED] - Text 'Federal EIN:' is not present on page using regular expression

2023-12-08 10:48:06 - [TEST_STEP][PASSED] - verifyTextNotPresent("FEIN/SSN:", true): Text 'FEIN/SSN:' is not present on page using regular expression

2023-12-08 10:48:07 - [MESSAGE][PASSED] - Text 'FEIN/SSN:' is not present on page using regular expression

2023-12-08 10:48:07 - [TEST_STEP][PASSED] - if (verifyElementVisible(findTestObject(orPath_Summary + "/button_Proceed to Payment"))): null

2023-12-08 10:48:07 - [MESSAGE][PASSED] - Object 'Object Repository/RAD_Pages/Summary_Page/button_Proceed to Payment' is visible

2023-12-08 10:48:07 - [TEST_STEP][PASSED] - resText = "Pass": null

2023-12-08 10:48:07 - [TEST_STEP][PASSED] - pages.WriteExcel.demoKey(resText, datText, resColumn, datCloumn, fileLoc, nameSheet, row): pages.WriteExcel.demoKey is PASSED

2023-12-08 10:48:07 - [MESSAGE][PASSED] - pages.WriteExcel.demoKey is PASSED

2023-12-08 10:48:07 - [TEST_STEP][PASSED] - click(findTestObject(orPath_Summary + "/button_Proceed to Payment")): Object: 'Object Repository/RAD_Pages/Summary_Page/button_Proceed to Payment' is clicked on

2023-12-08 10:48:09 - [MESSAGE][PASSED] - Object: 'Object Repository/RAD_Pages/Summary_Page/button_Proceed to Payment' is clicked on]]></system-out>
         <system-err><![CDATA[]]></system-err>
      </testcase>
      <testcase name="Test Cases/RAD_TestCases/Summary_TestCases/Personal_Joint_Summary_TC" time="157.491" classname="Test Cases/RAD_TestCases/Summary_TestCases/Personal_Joint_Summary_TC" status="PASSED">
         <system-out><![CDATA[2023-12-08 10:48:09 - [TEST_CASE][PASSED] - Test Cases/RAD_TestCases/Summary_TestCases/Personal_Joint_Summary_TC: Test Cases/RAD_TestCases/Summary_TestCases/Personal_Joint_Summary_TC

2023-12-08 10:48:10 - [TEST_STEP][PASSED] - resText = "Fail": null

2023-12-08 10:48:10 - [TEST_STEP][PASSED] - resColumn = "Result": null

2023-12-08 10:48:10 - [TEST_STEP][PASSED] - datCloumn = "Date": null

2023-12-08 10:48:10 - [TEST_STEP][PASSED] - fileLoc = "KatalonData/RADTestData/Summary.xlsx": null

2023-12-08 10:48:10 - [TEST_STEP][PASSED] - nameSheet = "Personal_JNT": null

2023-12-08 10:48:10 - [TEST_STEP][PASSED] - dataFile = "RADTestData/Summary_Personal_JNT": null

2023-12-08 10:48:10 - [TEST_STEP][PASSED] - orPath_Landing = "Object Repository/RAD_Pages/Landing_Page": null

2023-12-08 10:48:10 - [TEST_STEP][PASSED] - orPath_TaxTypeFilingYear = "Object Repository/RAD_Pages/TaxTypeFilingYear_Page": null

2023-12-08 10:48:10 - [TEST_STEP][PASSED] - orPath_Amount = "Object Repository/RAD_Pages/PaymentAmount_Page": null

2023-12-08 10:48:10 - [TEST_STEP][PASSED] - orPath_AddressContact = "Object Repository/RAD_Pages/AddressAndContactInfo_Page": null

2023-12-08 10:48:10 - [TEST_STEP][PASSED] - orPath_Summary = "Object Repository/RAD_Pages/Summary_Page": null

2023-12-08 10:48:10 - [TEST_STEP][PASSED] - orPath_PaymentConfirmation = "Object Repository/RAD_Pages/PaymentConfirmation_Page": null

2023-12-08 10:48:10 - [TEST_STEP][PASSED] - orPath_ServiceFeesAccept = "Object Repository/RAD_Pages/ServiceFeeAccept_Page": null

2023-12-08 10:48:10 - [TEST_STEP][PASSED] - orPath_PaymentEntry = "Object Repository/RAD_Pages/PaymentEntry_Page": null

2023-12-08 10:48:10 - [TEST_STEP][PASSED] - orPath_FilingStatus = "Object Repository/RAD_Pages/FilingStatus_Page": null

2023-12-08 10:48:10 - [TEST_STEP][PASSED] - ExecuteTC = <not implemented yet for class: org.codehaus.groovy.ast.expr.EmptyExpression>: null

2023-12-08 10:48:10 - [TEST_STEP][PASSED] - TaxType = <not implemented yet for class: org.codehaus.groovy.ast.expr.EmptyExpression>: null

2023-12-08 10:48:10 - [TEST_STEP][PASSED] - PaymentType = <not implemented yet for class: org.codehaus.groovy.ast.expr.EmptyExpression>: null

2023-12-08 10:48:10 - [TEST_STEP][PASSED] - FilingYear = <not implemented yet for class: org.codehaus.groovy.ast.expr.EmptyExpression>: null

2023-12-08 10:48:10 - [TEST_STEP][PASSED] - PeriodEndingMonth = <not implemented yet for class: org.codehaus.groovy.ast.expr.EmptyExpression>: null

2023-12-08 10:48:10 - [TEST_STEP][PASSED] - executionProfile = getExecutionProfile(): null

2023-12-08 10:48:10 - [TEST_STEP][PASSED] - numOfRows = findTestData(dataFile).getRowNumbers(): null

2023-12-08 10:48:10 - [TEST_STEP][PASSED] - println("Number of Records: " + numOfRows): null

2023-12-08 10:48:10 - [TEST_STEP][PASSED] - for ([row = 1, row <= numOfRows, (row++)]): Object: 'Object Repository/RAD_Pages/Summary_Page/button_Proceed to Payment' is clicked on

2023-12-08 10:48:10 - [TEST_STEP][PASSED] - ExecuteTC = findTestData(dataFile).getValue("Execute", row): null

2023-12-08 10:48:10 - [TEST_STEP][PASSED] - TaxType = findTestData(dataFile).getValue("TaxType", row): null

2023-12-08 10:48:10 - [TEST_STEP][PASSED] - PaymentType = findTestData(dataFile).getValue("PaymentType", row): null

2023-12-08 10:48:10 - [TEST_STEP][PASSED] - FilingYear = findTestData(dataFile).getValue("Year", row): null

2023-12-08 10:48:10 - [TEST_STEP][PASSED] - if (ExecuteTC.equalsIgnoreCase("Y")): Object: 'Object Repository/RAD_Pages/Summary_Page/button_Proceed to Payment' is clicked on

2023-12-08 10:48:10 - [TEST_STEP][PASSED] - out.println("Begin Record Number: " + row): null

2023-12-08 10:48:10 - [TEST_STEP][PASSED] - today = new java.util.Date(): null

2023-12-08 10:48:10 - [TEST_STEP][PASSED] - println(today): null

2023-12-08 10:48:10 - [TEST_STEP][PASSED] - datText = today: null

2023-12-08 10:48:10 - [TEST_STEP][PASSED] - logInfo("Payment Type: " + PaymentType): Payment Type: Quarterly Estimated Tax

2023-12-08 10:48:10 - [MESSAGE][INFO] - Payment Type: Quarterly Estimated Tax

2023-12-08 10:48:10 - [TEST_STEP][PASSED] - logInfo("Tax Type: " + TaxType): Tax Type: Personal Income Tax

2023-12-08 10:48:10 - [MESSAGE][INFO] - Tax Type: Personal Income Tax

2023-12-08 10:48:10 - [TEST_STEP][PASSED] - openBrowser(""): Browser is opened with url: ''

2023-12-08 10:48:10 - [MESSAGE][WARNING] - A browser is already opened. Closing browser and opening a new one

2023-12-08 10:48:11 - [MESSAGE][INFO] - Starting 'Chrome' driver

2023-12-08 10:48:11 - [MESSAGE][INFO] - User set preference: ['acceptInsecureCerts', 'true']

2023-12-08 10:48:11 - [MESSAGE][INFO] - Action delay is set to 0 milliseconds

2023-12-08 10:48:13 - [MESSAGE][PASSED] - Browser is opened with url: ''

2023-12-08 10:48:13 - [TEST_STEP][PASSED] - maximizeWindow(): Current window maximized

2023-12-08 10:48:13 - [MESSAGE][PASSED] - Current window maximized

2023-12-08 10:48:13 - [TEST_STEP][PASSED] - navigateToUrl(RADurl): Navigate to 'https://qa2.velocitypayment.com/client/rad/index.html' successfully

2023-12-08 10:48:13 - [MESSAGE][PASSED] - Navigate to 'https://qa2.velocitypayment.com/client/rad/index.html' successfully

2023-12-08 10:48:13 - [TEST_STEP][PASSED] - selectOptionByLabel(findTestObject(orPath_Landing + "/dd_TaxType"), PaymentType, false): All options with label 'Quarterly Estimated Tax' are selected in object 'Object Repository/RAD_Pages/Landing_Page/dd_TaxType' 

2023-12-08 10:48:15 - [MESSAGE][PASSED] - All options with label 'Quarterly Estimated Tax' are selected in object 'Object Repository/RAD_Pages/Landing_Page/dd_TaxType' 

2023-12-08 10:48:15 - [TEST_STEP][PASSED] - switch (PaymentType): null

2023-12-08 10:48:15 - [TEST_STEP][PASSED] - case "Quarterly Estimated Tax":: null

2023-12-08 10:48:15 - [TEST_STEP][PASSED] - selectOptionByLabel(findTestObject(orPath_TaxTypeFilingYear + "/select_PaymentType"), TaxType, false): All options with label 'Personal Income Tax' are selected in object 'Object Repository/RAD_Pages/TaxTypeFilingYear_Page/select_PaymentType' 

2023-12-08 10:48:15 - [MESSAGE][PASSED] - All options with label 'Personal Income Tax' are selected in object 'Object Repository/RAD_Pages/TaxTypeFilingYear_Page/select_PaymentType' 

2023-12-08 10:48:15 - [TEST_STEP][PASSED] - break: null

2023-12-08 10:48:15 - [TEST_STEP][PASSED] - if (!(FilingYear.isEmpty())): All options with label '2023' are selected in object 'Object Repository/RAD_Pages/TaxTypeFilingYear_Page/select_FilingYear' 

2023-12-08 10:48:15 - [TEST_STEP][PASSED] - selectOptionByLabel(findTestObject(orPath_TaxTypeFilingYear + "/select_FilingYear"), FilingYear, false): All options with label '2023' are selected in object 'Object Repository/RAD_Pages/TaxTypeFilingYear_Page/select_FilingYear' 

2023-12-08 10:48:16 - [MESSAGE][PASSED] - All options with label '2023' are selected in object 'Object Repository/RAD_Pages/TaxTypeFilingYear_Page/select_FilingYear' 

2023-12-08 10:48:16 - [TEST_STEP][PASSED] - rad.getSetDataRAD.setDataRADssnAndName(): rad.getSetDataRAD.setDataRADssnAndName is PASSED

2023-12-08 10:48:17 - [MESSAGE][PASSED] - Text 'Jimmy' is set on object 'Object Repository/RAD_Pages/Taxpayer_Page/input_firstName'

2023-12-08 10:48:17 - [MESSAGE][PASSED] - Text 'Anderson' is set on object 'Object Repository/RAD_Pages/Taxpayer_Page/input_lastName'

2023-12-08 10:48:18 - [MESSAGE][PASSED] - Text '123451234' is set on object 'Object Repository/RAD_RecordAndPlay/input_concatSSN'

2023-12-08 10:48:19 - [MESSAGE][PASSED] - Text '123451234' is set on object 'Object Repository/RAD_RecordAndPlay/input_concatReSSN'

2023-12-08 10:48:19 - [MESSAGE][PASSED] - rad.getSetDataRAD.setDataRADssnAndName is PASSED

2023-12-08 10:48:19 - [TEST_STEP][PASSED] - rad.getSetDataRAD.setDataRADAddress(): rad.getSetDataRAD.setDataRADAddress is PASSED

2023-12-08 10:48:19 - [MESSAGE][PASSED] - All options with label 'United States' are selected in object 'Object Repository/RAD_Pages/AddressAndContactInfo_Page/select_Country' 

2023-12-08 10:48:20 - [MESSAGE][PASSED] - Text '2508 Mandan Terrace' is set on object 'Object Repository/RAD_Pages/AddressAndContactInfo_Page/input_streetAddress1'

2023-12-08 10:48:21 - [MESSAGE][PASSED] - Text '' is set on object 'Object Repository/RAD_Pages/AddressAndContactInfo_Page/input_streetAddress2'

2023-12-08 10:48:22 - [MESSAGE][PASSED] - Text 'Gambrills' is set on object 'Object Repository/RAD_Pages/AddressAndContactInfo_Page/input_city'

2023-12-08 10:48:23 - [MESSAGE][PASSED] - All options with label 'Maryland' are selected in object 'Object Repository/RAD_Pages/AddressAndContactInfo_Page/select_State' 

2023-12-08 10:48:23 - [MESSAGE][PASSED] - Text '21054' is set on object 'Object Repository/RAD_Pages/AddressAndContactInfo_Page/input_zipCode'

2023-12-08 10:48:24 - [MESSAGE][PASSED] - Text '(703) 894-5000' is set on object 'Object Repository/RAD_Pages/AddressAndContactInfo_Page/input_phoneNumber'

2023-12-08 10:48:25 - [MESSAGE][PASSED] - Text 'iahmed@govolution.com' is set on object 'Object Repository/RAD_Pages/AddressAndContactInfo_Page/input_eMailAddress'

2023-12-08 10:48:26 - [MESSAGE][PASSED] - Text 'iahmed@govolution.com' is set on object 'Object Repository/RAD_Pages/AddressAndContactInfo_Page/input_reEnterEMailAddress'

2023-12-08 10:48:26 - [MESSAGE][PASSED] - rad.getSetDataRAD.setDataRADAddress is PASSED

2023-12-08 10:48:26 - [TEST_STEP][PASSED] - scrollToElement(findTestObject(orPath_Landing + "/button_Continue"), 3): Scroll to object 'Object Repository/RAD_Pages/Landing_Page/button_Continue' successfully

2023-12-08 10:48:26 - [MESSAGE][PASSED] - Scroll to object 'Object Repository/RAD_Pages/Landing_Page/button_Continue' successfully

2023-12-08 10:48:26 - [TEST_STEP][PASSED] - waitForElementClickable(findTestObject(orPath_FilingStatus + "/input_JointFiling_userType_New"), 5): Object 'Object Repository/RAD_Pages/FilingStatus_Page/input_JointFiling_userType_New' is clickable

2023-12-08 10:48:27 - [MESSAGE][PASSED] - Object 'Object Repository/RAD_Pages/FilingStatus_Page/input_JointFiling_userType_New' is clickable

2023-12-08 10:48:27 - [TEST_STEP][PASSED] - check(findTestObject(orPath_FilingStatus + "/input_JointFiling_userType_New")): Object 'Object Repository/RAD_Pages/FilingStatus_Page/input_JointFiling_userType_New' is checked

2023-12-08 10:48:27 - [MESSAGE][PASSED] - Object 'Object Repository/RAD_Pages/FilingStatus_Page/input_JointFiling_userType_New' is checked

2023-12-08 10:48:27 - [TEST_STEP][PASSED] - delay(2): Delayed 2 second(s)

2023-12-08 10:48:29 - [MESSAGE][PASSED] - Delayed 2 second(s)

2023-12-08 10:48:29 - [TEST_STEP][PASSED] - rad.getSetDataRAD.setDataRADssnAndNameJointFiler(): rad.getSetDataRAD.setDataRADssnAndNameJointFiler is PASSED

2023-12-08 10:48:30 - [MESSAGE][PASSED] - Text 'Larsons' is set on object 'Object Repository/RAD_Pages/FilingStatus_Page/input_jointFirstName'

2023-12-08 10:48:30 - [MESSAGE][PASSED] - Text 'Bell' is set on object 'Object Repository/RAD_Pages/FilingStatus_Page/input_jointLastName'

2023-12-08 10:48:31 - [MESSAGE][PASSED] - Text '123459630' is set on object 'Object Repository/RAD_RecordAndPlay/input_JointFilerSSN'

2023-12-08 10:48:32 - [MESSAGE][PASSED] - Text '123459630' is set on object 'Object Repository/RAD_RecordAndPlay/input_reTypeJointFilerSSN'

2023-12-08 10:48:32 - [MESSAGE][PASSED] - rad.getSetDataRAD.setDataRADssnAndNameJointFiler is PASSED

2023-12-08 10:48:32 - [TEST_STEP][PASSED] - setText(findTestObject(orPath_Amount + "/input__paymentAmount"), "100.00"): Text '100.00' is set on object 'Object Repository/RAD_Pages/PaymentAmount_Page/input__paymentAmount'

2023-12-08 10:48:32 - [MESSAGE][PASSED] - Text '100.00' is set on object 'Object Repository/RAD_Pages/PaymentAmount_Page/input__paymentAmount'

2023-12-08 10:48:32 - [TEST_STEP][PASSED] - setText(findTestObject(orPath_AddressContact + "/input_streetAddress2"), ""): Text '' is set on object 'Object Repository/RAD_Pages/AddressAndContactInfo_Page/input_streetAddress2'

2023-12-08 10:48:33 - [MESSAGE][PASSED] - Text '' is set on object 'Object Repository/RAD_Pages/AddressAndContactInfo_Page/input_streetAddress2'

2023-12-08 10:48:33 - [TEST_STEP][PASSED] - scrollToElement(findTestObject(orPath_Landing + "/button_Continue"), 3): Scroll to object 'Object Repository/RAD_Pages/Landing_Page/button_Continue' successfully

2023-12-08 10:48:34 - [MESSAGE][PASSED] - Scroll to object 'Object Repository/RAD_Pages/Landing_Page/button_Continue' successfully

2023-12-08 10:48:34 - [TEST_STEP][PASSED] - waitForElementClickable(findTestObject(orPath_Landing + "/button_Continue"), 5): Object 'Object Repository/RAD_Pages/Landing_Page/button_Continue' is clickable

2023-12-08 10:48:34 - [MESSAGE][PASSED] - Object 'Object Repository/RAD_Pages/Landing_Page/button_Continue' is clickable

2023-12-08 10:48:34 - [TEST_STEP][PASSED] - click(findTestObject(orPath_Landing + "/button_Continue")): Object: 'Object Repository/RAD_Pages/Landing_Page/button_Continue' is clicked on

2023-12-08 10:48:34 - [MESSAGE][PASSED] - Object: 'Object Repository/RAD_Pages/Landing_Page/button_Continue' is clicked on

2023-12-08 10:48:34 - [TEST_STEP][PASSED] - delay(2): Delayed 2 second(s)

2023-12-08 10:48:36 - [MESSAGE][PASSED] - Delayed 2 second(s)

2023-12-08 10:48:36 - [TEST_STEP][PASSED] - verifyTextPresent("Summary", true): Text 'Summary' is present on page  using regular expression

2023-12-08 10:48:37 - [MESSAGE][PASSED] - Text 'Summary' is present on page  using regular expression

2023-12-08 10:48:37 - [TEST_STEP][PASSED] - verifyTextPresent("Review the information below and make any necessary corrections by clicking the", true): Text 'Review the information below and make any necessary corrections by clicking the' is present on page  using regular expression

2023-12-08 10:48:37 - [MESSAGE][PASSED] - Text 'Review the information below and make any necessary corrections by clicking the' is present on page  using regular expression

2023-12-08 10:48:37 - [TEST_STEP][PASSED] - verifyTextPresent("When you are confident that all the information is correct, click the", true): Text 'When you are confident that all the information is correct, click the' is present on page  using regular expression

2023-12-08 10:48:38 - [MESSAGE][PASSED] - Text 'When you are confident that all the information is correct, click the' is present on page  using regular expression

2023-12-08 10:48:38 - [TEST_STEP][PASSED] - verifyTextPresent("Payment Type/Filing Year", true): Text 'Payment Type/Filing Year' is present on page  using regular expression

2023-12-08 10:48:38 - [MESSAGE][PASSED] - Text 'Payment Type/Filing Year' is present on page  using regular expression

2023-12-08 10:48:38 - [TEST_STEP][PASSED] - verifyTextPresent("Payment Type:", true): Text 'Payment Type:' is present on page  using regular expression

2023-12-08 10:48:38 - [MESSAGE][PASSED] - Text 'Payment Type:' is present on page  using regular expression

2023-12-08 10:48:38 - [TEST_STEP][PASSED] - verifyTextPresent(PaymentType, true): Text 'Quarterly Estimated Tax' is present on page  using regular expression

2023-12-08 10:48:39 - [MESSAGE][PASSED] - Text 'Quarterly Estimated Tax' is present on page  using regular expression

2023-12-08 10:48:39 - [TEST_STEP][PASSED] - verifyTextPresent("Filing Year:", true): Text 'Filing Year:' is present on page  using regular expression

2023-12-08 10:48:39 - [MESSAGE][PASSED] - Text 'Filing Year:' is present on page  using regular expression

2023-12-08 10:48:39 - [TEST_STEP][PASSED] - verifyTextPresent(FilingYear, true): Text '2023' is present on page  using regular expression

2023-12-08 10:48:39 - [MESSAGE][PASSED] - Text '2023' is present on page  using regular expression

2023-12-08 10:48:39 - [TEST_STEP][PASSED] - verifyTextPresent("Payer Information", true): Text 'Payer Information' is present on page  using regular expression

2023-12-08 10:48:40 - [MESSAGE][PASSED] - Text 'Payer Information' is present on page  using regular expression

2023-12-08 10:48:40 - [TEST_STEP][PASSED] - verifyTextPresent("Taxpayer Name:", true): Text 'Taxpayer Name:' is present on page  using regular expression

2023-12-08 10:48:40 - [MESSAGE][PASSED] - Text 'Taxpayer Name:' is present on page  using regular expression

2023-12-08 10:48:40 - [TEST_STEP][PASSED] - switch (executionProfile): null

2023-12-08 10:48:40 - [TEST_STEP][PASSED] - case "QA2Profile":: null

2023-12-08 10:48:40 - [TEST_STEP][PASSED] - verifyTextPresent("Jimmy Anderson", true): Text 'Jimmy Anderson' is present on page  using regular expression

2023-12-08 10:48:41 - [MESSAGE][PASSED] - Text 'Jimmy Anderson' is present on page  using regular expression

2023-12-08 10:48:41 - [TEST_STEP][PASSED] - verifyTextPresent("Larsons Bell", true): Text 'Larsons Bell' is present on page  using regular expression

2023-12-08 10:48:41 - [MESSAGE][PASSED] - Text 'Larsons Bell' is present on page  using regular expression

2023-12-08 10:48:41 - [TEST_STEP][PASSED] - verifyTextPresent("XXXXX1234", true): Text 'XXXXX1234' is present on page  using regular expression

2023-12-08 10:48:41 - [MESSAGE][PASSED] - Text 'XXXXX1234' is present on page  using regular expression

2023-12-08 10:48:41 - [TEST_STEP][PASSED] - verifyTextPresent("XXXXX9630", true): Text 'XXXXX9630' is present on page  using regular expression

2023-12-08 10:48:42 - [MESSAGE][PASSED] - Text 'XXXXX9630' is present on page  using regular expression

2023-12-08 10:48:42 - [TEST_STEP][PASSED] - break: null

2023-12-08 10:48:42 - [TEST_STEP][PASSED] - verifyTextPresent("Taxpayer SSN:", true): Text 'Taxpayer SSN:' is present on page  using regular expression

2023-12-08 10:48:42 - [MESSAGE][PASSED] - Text 'Taxpayer SSN:' is present on page  using regular expression

2023-12-08 10:48:42 - [TEST_STEP][PASSED] - verifyTextPresent("Taxpayer Address:", true): Text 'Taxpayer Address:' is present on page  using regular expression

2023-12-08 10:48:42 - [MESSAGE][PASSED] - Text 'Taxpayer Address:' is present on page  using regular expression

2023-12-08 10:48:42 - [TEST_STEP][PASSED] - verifyTextPresent("2508 Mandan Terrace Gambrills Maryland 21054", true): Text '2508 Mandan Terrace Gambrills Maryland 21054' is present on page  using regular expression

2023-12-08 10:48:43 - [MESSAGE][PASSED] - Text '2508 Mandan Terrace Gambrills Maryland 21054' is present on page  using regular expression

2023-12-08 10:48:43 - [TEST_STEP][PASSED] - verifyTextPresent("Email:", true): Text 'Email:' is present on page  using regular expression

2023-12-08 10:48:43 - [MESSAGE][PASSED] - Text 'Email:' is present on page  using regular expression

2023-12-08 10:48:43 - [TEST_STEP][PASSED] - verifyTextPresent("iahmed@govolution.com", true): Text 'iahmed@govolution.com' is present on page  using regular expression

2023-12-08 10:48:44 - [MESSAGE][PASSED] - Text 'iahmed@govolution.com' is present on page  using regular expression

2023-12-08 10:48:44 - [TEST_STEP][PASSED] - verifyTextPresent("Phone:", true): Text 'Phone:' is present on page  using regular expression

2023-12-08 10:48:44 - [MESSAGE][PASSED] - Text 'Phone:' is present on page  using regular expression

2023-12-08 10:48:44 - [TEST_STEP][PASSED] - verifyTextPresent("(703) 894-5000", false): Text '(703) 894-5000' is present on page 

2023-12-08 10:48:44 - [MESSAGE][PASSED] - Text '(703) 894-5000' is present on page 

2023-12-08 10:48:44 - [TEST_STEP][PASSED] - verifyTextPresent("Joint Filer Name:", true): Text 'Joint Filer Name:' is present on page  using regular expression

2023-12-08 10:48:45 - [MESSAGE][PASSED] - Text 'Joint Filer Name:' is present on page  using regular expression

2023-12-08 10:48:45 - [TEST_STEP][PASSED] - verifyTextPresent("Joint Filer SSN", true): Text 'Joint Filer SSN' is present on page  using regular expression

2023-12-08 10:48:45 - [MESSAGE][PASSED] - Text 'Joint Filer SSN' is present on page  using regular expression

2023-12-08 10:48:45 - [TEST_STEP][PASSED] - verifyTextPresent("Tax Information", true): Text 'Tax Information' is present on page  using regular expression

2023-12-08 10:48:45 - [MESSAGE][PASSED] - Text 'Tax Information' is present on page  using regular expression

2023-12-08 10:48:45 - [TEST_STEP][PASSED] - verifyTextPresent("Payment Amount:", true): Text 'Payment Amount:' is present on page  using regular expression

2023-12-08 10:48:46 - [MESSAGE][PASSED] - Text 'Payment Amount:' is present on page  using regular expression

2023-12-08 10:48:46 - [TEST_STEP][PASSED] - verifyTextPresent("100.00", true): Text '100.00' is present on page  using regular expression

2023-12-08 10:48:46 - [MESSAGE][PASSED] - Text '100.00' is present on page  using regular expression

2023-12-08 10:48:46 - [TEST_STEP][PASSED] - verifyTextNotPresent("Federal EIN:", true): Text 'Federal EIN:' is not present on page using regular expression

2023-12-08 10:48:46 - [MESSAGE][PASSED] - Text 'Federal EIN:' is not present on page using regular expression

2023-12-08 10:48:46 - [TEST_STEP][PASSED] - verifyTextNotPresent("FEIN/SSN:", true): Text 'FEIN/SSN:' is not present on page using regular expression

2023-12-08 10:48:47 - [MESSAGE][PASSED] - Text 'FEIN/SSN:' is not present on page using regular expression

2023-12-08 10:48:47 - [TEST_STEP][PASSED] - if (verifyElementVisible(findTestObject(orPath_Summary + "/button_Proceed to Payment"))): null

2023-12-08 10:48:47 - [MESSAGE][PASSED] - Object 'Object Repository/RAD_Pages/Summary_Page/button_Proceed to Payment' is visible

2023-12-08 10:48:47 - [TEST_STEP][PASSED] - resText = "Pass": null

2023-12-08 10:48:47 - [TEST_STEP][PASSED] - pages.WriteExcel.demoKey(resText, datText, resColumn, datCloumn, fileLoc, nameSheet, row): pages.WriteExcel.demoKey is PASSED

2023-12-08 10:48:47 - [MESSAGE][PASSED] - pages.WriteExcel.demoKey is PASSED

2023-12-08 10:48:47 - [TEST_STEP][PASSED] - click(findTestObject(orPath_Summary + "/button_Proceed to Payment")): Object: 'Object Repository/RAD_Pages/Summary_Page/button_Proceed to Payment' is clicked on

2023-12-08 10:48:49 - [MESSAGE][PASSED] - Object: 'Object Repository/RAD_Pages/Summary_Page/button_Proceed to Payment' is clicked on

2023-12-08 10:48:49 - [TEST_STEP][PASSED] - ExecuteTC = findTestData(dataFile).getValue("Execute", row): null

2023-12-08 10:48:49 - [TEST_STEP][PASSED] - TaxType = findTestData(dataFile).getValue("TaxType", row): null

2023-12-08 10:48:49 - [TEST_STEP][PASSED] - PaymentType = findTestData(dataFile).getValue("PaymentType", row): null

2023-12-08 10:48:49 - [TEST_STEP][PASSED] - FilingYear = findTestData(dataFile).getValue("Year", row): null

2023-12-08 10:48:49 - [TEST_STEP][PASSED] - if (ExecuteTC.equalsIgnoreCase("Y")): null

2023-12-08 10:48:49 - [TEST_STEP][PASSED] - ExecuteTC = findTestData(dataFile).getValue("Execute", row): null

2023-12-08 10:48:49 - [TEST_STEP][PASSED] - TaxType = findTestData(dataFile).getValue("TaxType", row): null

2023-12-08 10:48:49 - [TEST_STEP][PASSED] - PaymentType = findTestData(dataFile).getValue("PaymentType", row): null

2023-12-08 10:48:49 - [TEST_STEP][PASSED] - FilingYear = findTestData(dataFile).getValue("Year", row): null

2023-12-08 10:48:49 - [TEST_STEP][PASSED] - if (ExecuteTC.equalsIgnoreCase("Y")): Object: 'Object Repository/RAD_Pages/Summary_Page/button_Proceed to Payment' is clicked on

2023-12-08 10:48:49 - [TEST_STEP][PASSED] - out.println("Begin Record Number: " + row): null

2023-12-08 10:48:49 - [TEST_STEP][PASSED] - today = new java.util.Date(): null

2023-12-08 10:48:49 - [TEST_STEP][PASSED] - println(today): null

2023-12-08 10:48:49 - [TEST_STEP][PASSED] - datText = today: null

2023-12-08 10:48:49 - [TEST_STEP][PASSED] - logInfo("Payment Type: " + PaymentType): Payment Type: New Tax Return Amount Due

2023-12-08 10:48:49 - [MESSAGE][INFO] - Payment Type: New Tax Return Amount Due

2023-12-08 10:48:49 - [TEST_STEP][PASSED] - logInfo("Tax Type: " + TaxType): Tax Type: Personal Income Tax

2023-12-08 10:48:49 - [MESSAGE][INFO] - Tax Type: Personal Income Tax

2023-12-08 10:48:49 - [TEST_STEP][PASSED] - openBrowser(""): Browser is opened with url: ''

2023-12-08 10:48:49 - [MESSAGE][WARNING] - A browser is already opened. Closing browser and opening a new one

2023-12-08 10:48:50 - [MESSAGE][INFO] - Starting 'Chrome' driver

2023-12-08 10:48:50 - [MESSAGE][INFO] - User set preference: ['acceptInsecureCerts', 'true']

2023-12-08 10:48:50 - [MESSAGE][INFO] - Action delay is set to 0 milliseconds

2023-12-08 10:48:52 - [MESSAGE][PASSED] - Browser is opened with url: ''

2023-12-08 10:48:52 - [TEST_STEP][PASSED] - maximizeWindow(): Current window maximized

2023-12-08 10:48:52 - [MESSAGE][PASSED] - Current window maximized

2023-12-08 10:48:52 - [TEST_STEP][PASSED] - navigateToUrl(RADurl): Navigate to 'https://qa2.velocitypayment.com/client/rad/index.html' successfully

2023-12-08 10:48:54 - [MESSAGE][PASSED] - Navigate to 'https://qa2.velocitypayment.com/client/rad/index.html' successfully

2023-12-08 10:48:54 - [TEST_STEP][PASSED] - selectOptionByLabel(findTestObject(orPath_Landing + "/dd_TaxType"), PaymentType, false): All options with label 'New Tax Return Amount Due' are selected in object 'Object Repository/RAD_Pages/Landing_Page/dd_TaxType' 

2023-12-08 10:48:54 - [MESSAGE][PASSED] - All options with label 'New Tax Return Amount Due' are selected in object 'Object Repository/RAD_Pages/Landing_Page/dd_TaxType' 

2023-12-08 10:48:54 - [TEST_STEP][PASSED] - switch (PaymentType): null

2023-12-08 10:48:54 - [TEST_STEP][PASSED] - case "New Tax Return Amount Due":: null

2023-12-08 10:48:54 - [TEST_STEP][PASSED] - selectOptionByLabel(findTestObject("Object Repository/RAD_Pages/Landing_Page/select_NewTaxReturnAmountDue_TaxType"), TaxType, false): All options with label 'Personal Income Tax' are selected in object 'Object Repository/RAD_Pages/Landing_Page/select_NewTaxReturnAmountDue_TaxType' 

2023-12-08 10:48:55 - [MESSAGE][PASSED] - All options with label 'Personal Income Tax' are selected in object 'Object Repository/RAD_Pages/Landing_Page/select_NewTaxReturnAmountDue_TaxType' 

2023-12-08 10:48:55 - [TEST_STEP][PASSED] - break: null

2023-12-08 10:48:55 - [TEST_STEP][PASSED] - if (!(FilingYear.isEmpty())): All options with label '2022' are selected in object 'Object Repository/RAD_Pages/TaxTypeFilingYear_Page/select_FilingYear' 

2023-12-08 10:48:55 - [TEST_STEP][PASSED] - selectOptionByLabel(findTestObject(orPath_TaxTypeFilingYear + "/select_FilingYear"), FilingYear, false): All options with label '2022' are selected in object 'Object Repository/RAD_Pages/TaxTypeFilingYear_Page/select_FilingYear' 

2023-12-08 10:48:56 - [MESSAGE][PASSED] - All options with label '2022' are selected in object 'Object Repository/RAD_Pages/TaxTypeFilingYear_Page/select_FilingYear' 

2023-12-08 10:48:56 - [TEST_STEP][PASSED] - rad.getSetDataRAD.setDataRADssnAndName(): rad.getSetDataRAD.setDataRADssnAndName is PASSED

2023-12-08 10:48:57 - [MESSAGE][PASSED] - Text 'Jimmy' is set on object 'Object Repository/RAD_Pages/Taxpayer_Page/input_firstName'

2023-12-08 10:48:57 - [MESSAGE][PASSED] - Text 'Anderson' is set on object 'Object Repository/RAD_Pages/Taxpayer_Page/input_lastName'

2023-12-08 10:48:58 - [MESSAGE][PASSED] - Text '123451234' is set on object 'Object Repository/RAD_RecordAndPlay/input_concatSSN'

2023-12-08 10:48:58 - [MESSAGE][PASSED] - Text '123451234' is set on object 'Object Repository/RAD_RecordAndPlay/input_concatReSSN'

2023-12-08 10:48:58 - [MESSAGE][PASSED] - rad.getSetDataRAD.setDataRADssnAndName is PASSED

2023-12-08 10:48:58 - [TEST_STEP][PASSED] - rad.getSetDataRAD.setDataRADAddress(): rad.getSetDataRAD.setDataRADAddress is PASSED

2023-12-08 10:48:59 - [MESSAGE][PASSED] - All options with label 'United States' are selected in object 'Object Repository/RAD_Pages/AddressAndContactInfo_Page/select_Country' 

2023-12-08 10:49:00 - [MESSAGE][PASSED] - Text '2508 Mandan Terrace' is set on object 'Object Repository/RAD_Pages/AddressAndContactInfo_Page/input_streetAddress1'

2023-12-08 10:49:01 - [MESSAGE][PASSED] - Text '' is set on object 'Object Repository/RAD_Pages/AddressAndContactInfo_Page/input_streetAddress2'

2023-12-08 10:49:02 - [MESSAGE][PASSED] - Text 'Gambrills' is set on object 'Object Repository/RAD_Pages/AddressAndContactInfo_Page/input_city'

2023-12-08 10:49:02 - [MESSAGE][PASSED] - All options with label 'Maryland' are selected in object 'Object Repository/RAD_Pages/AddressAndContactInfo_Page/select_State' 

2023-12-08 10:49:03 - [MESSAGE][PASSED] - Text '21054' is set on object 'Object Repository/RAD_Pages/AddressAndContactInfo_Page/input_zipCode'

2023-12-08 10:49:04 - [MESSAGE][PASSED] - Text '(703) 894-5000' is set on object 'Object Repository/RAD_Pages/AddressAndContactInfo_Page/input_phoneNumber'

2023-12-08 10:49:05 - [MESSAGE][PASSED] - Text 'iahmed@govolution.com' is set on object 'Object Repository/RAD_Pages/AddressAndContactInfo_Page/input_eMailAddress'

2023-12-08 10:49:05 - [MESSAGE][PASSED] - Text 'iahmed@govolution.com' is set on object 'Object Repository/RAD_Pages/AddressAndContactInfo_Page/input_reEnterEMailAddress'

2023-12-08 10:49:05 - [MESSAGE][PASSED] - rad.getSetDataRAD.setDataRADAddress is PASSED

2023-12-08 10:49:05 - [TEST_STEP][PASSED] - scrollToElement(findTestObject(orPath_Landing + "/button_Continue"), 3): Scroll to object 'Object Repository/RAD_Pages/Landing_Page/button_Continue' successfully

2023-12-08 10:49:06 - [MESSAGE][PASSED] - Scroll to object 'Object Repository/RAD_Pages/Landing_Page/button_Continue' successfully

2023-12-08 10:49:06 - [TEST_STEP][PASSED] - waitForElementClickable(findTestObject(orPath_FilingStatus + "/input_JointFiling_userType_New"), 5): Object 'Object Repository/RAD_Pages/FilingStatus_Page/input_JointFiling_userType_New' is clickable

2023-12-08 10:49:06 - [MESSAGE][PASSED] - Object 'Object Repository/RAD_Pages/FilingStatus_Page/input_JointFiling_userType_New' is clickable

2023-12-08 10:49:06 - [TEST_STEP][PASSED] - check(findTestObject(orPath_FilingStatus + "/input_JointFiling_userType_New")): Object 'Object Repository/RAD_Pages/FilingStatus_Page/input_JointFiling_userType_New' is checked

2023-12-08 10:49:07 - [MESSAGE][PASSED] - Object 'Object Repository/RAD_Pages/FilingStatus_Page/input_JointFiling_userType_New' is checked

2023-12-08 10:49:07 - [TEST_STEP][PASSED] - delay(2): Delayed 2 second(s)

2023-12-08 10:49:09 - [MESSAGE][PASSED] - Delayed 2 second(s)

2023-12-08 10:49:09 - [TEST_STEP][PASSED] - rad.getSetDataRAD.setDataRADssnAndNameJointFiler(): rad.getSetDataRAD.setDataRADssnAndNameJointFiler is PASSED

2023-12-08 10:49:09 - [MESSAGE][PASSED] - Text 'Larsons' is set on object 'Object Repository/RAD_Pages/FilingStatus_Page/input_jointFirstName'

2023-12-08 10:49:10 - [MESSAGE][PASSED] - Text 'Bell' is set on object 'Object Repository/RAD_Pages/FilingStatus_Page/input_jointLastName'

2023-12-08 10:49:11 - [MESSAGE][PASSED] - Text '123459630' is set on object 'Object Repository/RAD_RecordAndPlay/input_JointFilerSSN'

2023-12-08 10:49:11 - [MESSAGE][PASSED] - Text '123459630' is set on object 'Object Repository/RAD_RecordAndPlay/input_reTypeJointFilerSSN'

2023-12-08 10:49:11 - [MESSAGE][PASSED] - rad.getSetDataRAD.setDataRADssnAndNameJointFiler is PASSED

2023-12-08 10:49:11 - [TEST_STEP][PASSED] - setText(findTestObject(orPath_Amount + "/input__paymentAmount"), "100.00"): Text '100.00' is set on object 'Object Repository/RAD_Pages/PaymentAmount_Page/input__paymentAmount'

2023-12-08 10:49:12 - [MESSAGE][PASSED] - Text '100.00' is set on object 'Object Repository/RAD_Pages/PaymentAmount_Page/input__paymentAmount'

2023-12-08 10:49:12 - [TEST_STEP][PASSED] - setText(findTestObject(orPath_AddressContact + "/input_streetAddress2"), ""): Text '' is set on object 'Object Repository/RAD_Pages/AddressAndContactInfo_Page/input_streetAddress2'

2023-12-08 10:49:13 - [MESSAGE][PASSED] - Text '' is set on object 'Object Repository/RAD_Pages/AddressAndContactInfo_Page/input_streetAddress2'

2023-12-08 10:49:13 - [TEST_STEP][PASSED] - scrollToElement(findTestObject(orPath_Landing + "/button_Continue"), 3): Scroll to object 'Object Repository/RAD_Pages/Landing_Page/button_Continue' successfully

2023-12-08 10:49:13 - [MESSAGE][PASSED] - Scroll to object 'Object Repository/RAD_Pages/Landing_Page/button_Continue' successfully

2023-12-08 10:49:13 - [TEST_STEP][PASSED] - waitForElementClickable(findTestObject(orPath_Landing + "/button_Continue"), 5): Object 'Object Repository/RAD_Pages/Landing_Page/button_Continue' is clickable

2023-12-08 10:49:14 - [MESSAGE][PASSED] - Object 'Object Repository/RAD_Pages/Landing_Page/button_Continue' is clickable

2023-12-08 10:49:14 - [TEST_STEP][PASSED] - click(findTestObject(orPath_Landing + "/button_Continue")): Object: 'Object Repository/RAD_Pages/Landing_Page/button_Continue' is clicked on

2023-12-08 10:49:14 - [MESSAGE][PASSED] - Object: 'Object Repository/RAD_Pages/Landing_Page/button_Continue' is clicked on

2023-12-08 10:49:14 - [TEST_STEP][PASSED] - delay(2): Delayed 2 second(s)

2023-12-08 10:49:16 - [MESSAGE][PASSED] - Delayed 2 second(s)

2023-12-08 10:49:16 - [TEST_STEP][PASSED] - verifyTextPresent("Summary", true): Text 'Summary' is present on page  using regular expression

2023-12-08 10:49:17 - [MESSAGE][PASSED] - Text 'Summary' is present on page  using regular expression

2023-12-08 10:49:17 - [TEST_STEP][PASSED] - verifyTextPresent("Review the information below and make any necessary corrections by clicking the", true): Text 'Review the information below and make any necessary corrections by clicking the' is present on page  using regular expression

2023-12-08 10:49:17 - [MESSAGE][PASSED] - Text 'Review the information below and make any necessary corrections by clicking the' is present on page  using regular expression

2023-12-08 10:49:17 - [TEST_STEP][PASSED] - verifyTextPresent("When you are confident that all the information is correct, click the", true): Text 'When you are confident that all the information is correct, click the' is present on page  using regular expression

2023-12-08 10:49:17 - [MESSAGE][PASSED] - Text 'When you are confident that all the information is correct, click the' is present on page  using regular expression

2023-12-08 10:49:17 - [TEST_STEP][PASSED] - verifyTextPresent("Payment Type/Filing Year", true): Text 'Payment Type/Filing Year' is present on page  using regular expression

2023-12-08 10:49:18 - [MESSAGE][PASSED] - Text 'Payment Type/Filing Year' is present on page  using regular expression

2023-12-08 10:49:18 - [TEST_STEP][PASSED] - verifyTextPresent("Payment Type:", true): Text 'Payment Type:' is present on page  using regular expression

2023-12-08 10:49:18 - [MESSAGE][PASSED] - Text 'Payment Type:' is present on page  using regular expression

2023-12-08 10:49:18 - [TEST_STEP][PASSED] - verifyTextPresent(PaymentType, true): Text 'New Tax Return Amount Due' is present on page  using regular expression

2023-12-08 10:49:18 - [MESSAGE][PASSED] - Text 'New Tax Return Amount Due' is present on page  using regular expression

2023-12-08 10:49:18 - [TEST_STEP][PASSED] - verifyTextPresent("Filing Year:", true): Text 'Filing Year:' is present on page  using regular expression

2023-12-08 10:49:19 - [MESSAGE][PASSED] - Text 'Filing Year:' is present on page  using regular expression

2023-12-08 10:49:19 - [TEST_STEP][PASSED] - verifyTextPresent(FilingYear, true): Text '2022' is present on page  using regular expression

2023-12-08 10:49:19 - [MESSAGE][PASSED] - Text '2022' is present on page  using regular expression

2023-12-08 10:49:19 - [TEST_STEP][PASSED] - verifyTextPresent("Payer Information", true): Text 'Payer Information' is present on page  using regular expression

2023-12-08 10:49:20 - [MESSAGE][PASSED] - Text 'Payer Information' is present on page  using regular expression

2023-12-08 10:49:20 - [TEST_STEP][PASSED] - verifyTextPresent("Taxpayer Name:", true): Text 'Taxpayer Name:' is present on page  using regular expression

2023-12-08 10:49:20 - [MESSAGE][PASSED] - Text 'Taxpayer Name:' is present on page  using regular expression

2023-12-08 10:49:20 - [TEST_STEP][PASSED] - switch (executionProfile): null

2023-12-08 10:49:20 - [TEST_STEP][PASSED] - case "QA2Profile":: null

2023-12-08 10:49:20 - [TEST_STEP][PASSED] - verifyTextPresent("Jimmy Anderson", true): Text 'Jimmy Anderson' is present on page  using regular expression

2023-12-08 10:49:20 - [MESSAGE][PASSED] - Text 'Jimmy Anderson' is present on page  using regular expression

2023-12-08 10:49:20 - [TEST_STEP][PASSED] - verifyTextPresent("Larsons Bell", true): Text 'Larsons Bell' is present on page  using regular expression

2023-12-08 10:49:21 - [MESSAGE][PASSED] - Text 'Larsons Bell' is present on page  using regular expression

2023-12-08 10:49:21 - [TEST_STEP][PASSED] - verifyTextPresent("XXXXX1234", true): Text 'XXXXX1234' is present on page  using regular expression

2023-12-08 10:49:21 - [MESSAGE][PASSED] - Text 'XXXXX1234' is present on page  using regular expression

2023-12-08 10:49:21 - [TEST_STEP][PASSED] - verifyTextPresent("XXXXX9630", true): Text 'XXXXX9630' is present on page  using regular expression

2023-12-08 10:49:21 - [MESSAGE][PASSED] - Text 'XXXXX9630' is present on page  using regular expression

2023-12-08 10:49:21 - [TEST_STEP][PASSED] - break: null

2023-12-08 10:49:21 - [TEST_STEP][PASSED] - verifyTextPresent("Taxpayer SSN:", true): Text 'Taxpayer SSN:' is present on page  using regular expression

2023-12-08 10:49:22 - [MESSAGE][PASSED] - Text 'Taxpayer SSN:' is present on page  using regular expression

2023-12-08 10:49:22 - [TEST_STEP][PASSED] - verifyTextPresent("Taxpayer Address:", true): Text 'Taxpayer Address:' is present on page  using regular expression

2023-12-08 10:49:22 - [MESSAGE][PASSED] - Text 'Taxpayer Address:' is present on page  using regular expression

2023-12-08 10:49:22 - [TEST_STEP][PASSED] - verifyTextPresent("2508 Mandan Terrace Gambrills Maryland 21054", true): Text '2508 Mandan Terrace Gambrills Maryland 21054' is present on page  using regular expression

2023-12-08 10:49:23 - [MESSAGE][PASSED] - Text '2508 Mandan Terrace Gambrills Maryland 21054' is present on page  using regular expression

2023-12-08 10:49:23 - [TEST_STEP][PASSED] - verifyTextPresent("Email:", true): Text 'Email:' is present on page  using regular expression

2023-12-08 10:49:23 - [MESSAGE][PASSED] - Text 'Email:' is present on page  using regular expression

2023-12-08 10:49:23 - [TEST_STEP][PASSED] - verifyTextPresent("iahmed@govolution.com", true): Text 'iahmed@govolution.com' is present on page  using regular expression

2023-12-08 10:49:23 - [MESSAGE][PASSED] - Text 'iahmed@govolution.com' is present on page  using regular expression

2023-12-08 10:49:23 - [TEST_STEP][PASSED] - verifyTextPresent("Phone:", true): Text 'Phone:' is present on page  using regular expression

2023-12-08 10:49:24 - [MESSAGE][PASSED] - Text 'Phone:' is present on page  using regular expression

2023-12-08 10:49:24 - [TEST_STEP][PASSED] - verifyTextPresent("(703) 894-5000", false): Text '(703) 894-5000' is present on page 

2023-12-08 10:49:24 - [MESSAGE][PASSED] - Text '(703) 894-5000' is present on page 

2023-12-08 10:49:24 - [TEST_STEP][PASSED] - verifyTextPresent("Joint Filer Name:", true): Text 'Joint Filer Name:' is present on page  using regular expression

2023-12-08 10:49:24 - [MESSAGE][PASSED] - Text 'Joint Filer Name:' is present on page  using regular expression

2023-12-08 10:49:24 - [TEST_STEP][PASSED] - verifyTextPresent("Joint Filer SSN", true): Text 'Joint Filer SSN' is present on page  using regular expression

2023-12-08 10:49:25 - [MESSAGE][PASSED] - Text 'Joint Filer SSN' is present on page  using regular expression

2023-12-08 10:49:25 - [TEST_STEP][PASSED] - verifyTextPresent("Tax Information", true): Text 'Tax Information' is present on page  using regular expression

2023-12-08 10:49:25 - [MESSAGE][PASSED] - Text 'Tax Information' is present on page  using regular expression

2023-12-08 10:49:25 - [TEST_STEP][PASSED] - verifyTextPresent("Payment Amount:", true): Text 'Payment Amount:' is present on page  using regular expression

2023-12-08 10:49:26 - [MESSAGE][PASSED] - Text 'Payment Amount:' is present on page  using regular expression

2023-12-08 10:49:26 - [TEST_STEP][PASSED] - verifyTextPresent("100.00", true): Text '100.00' is present on page  using regular expression

2023-12-08 10:49:26 - [MESSAGE][PASSED] - Text '100.00' is present on page  using regular expression

2023-12-08 10:49:26 - [TEST_STEP][PASSED] - verifyTextNotPresent("Federal EIN:", true): Text 'Federal EIN:' is not present on page using regular expression

2023-12-08 10:49:26 - [MESSAGE][PASSED] - Text 'Federal EIN:' is not present on page using regular expression

2023-12-08 10:49:26 - [TEST_STEP][PASSED] - verifyTextNotPresent("FEIN/SSN:", true): Text 'FEIN/SSN:' is not present on page using regular expression

2023-12-08 10:49:27 - [MESSAGE][PASSED] - Text 'FEIN/SSN:' is not present on page using regular expression

2023-12-08 10:49:27 - [TEST_STEP][PASSED] - if (verifyElementVisible(findTestObject(orPath_Summary + "/button_Proceed to Payment"))): null

2023-12-08 10:49:27 - [MESSAGE][PASSED] - Object 'Object Repository/RAD_Pages/Summary_Page/button_Proceed to Payment' is visible

2023-12-08 10:49:27 - [TEST_STEP][PASSED] - resText = "Pass": null

2023-12-08 10:49:27 - [TEST_STEP][PASSED] - pages.WriteExcel.demoKey(resText, datText, resColumn, datCloumn, fileLoc, nameSheet, row): pages.WriteExcel.demoKey is PASSED

2023-12-08 10:49:27 - [MESSAGE][PASSED] - pages.WriteExcel.demoKey is PASSED

2023-12-08 10:49:27 - [TEST_STEP][PASSED] - click(findTestObject(orPath_Summary + "/button_Proceed to Payment")): Object: 'Object Repository/RAD_Pages/Summary_Page/button_Proceed to Payment' is clicked on

2023-12-08 10:49:28 - [MESSAGE][PASSED] - Object: 'Object Repository/RAD_Pages/Summary_Page/button_Proceed to Payment' is clicked on

2023-12-08 10:49:28 - [TEST_STEP][PASSED] - ExecuteTC = findTestData(dataFile).getValue("Execute", row): null

2023-12-08 10:49:29 - [TEST_STEP][PASSED] - TaxType = findTestData(dataFile).getValue("TaxType", row): null

2023-12-08 10:49:29 - [TEST_STEP][PASSED] - PaymentType = findTestData(dataFile).getValue("PaymentType", row): null

2023-12-08 10:49:29 - [TEST_STEP][PASSED] - FilingYear = findTestData(dataFile).getValue("Year", row): null

2023-12-08 10:49:29 - [TEST_STEP][PASSED] - if (ExecuteTC.equalsIgnoreCase("Y")): Object: 'Object Repository/RAD_Pages/Summary_Page/button_Proceed to Payment' is clicked on

2023-12-08 10:49:29 - [TEST_STEP][PASSED] - out.println("Begin Record Number: " + row): null

2023-12-08 10:49:29 - [TEST_STEP][PASSED] - today = new java.util.Date(): null

2023-12-08 10:49:29 - [TEST_STEP][PASSED] - println(today): null

2023-12-08 10:49:29 - [TEST_STEP][PASSED] - datText = today: null

2023-12-08 10:49:29 - [TEST_STEP][PASSED] - logInfo("Payment Type: " + PaymentType): Payment Type: New Tax Return Amount Due

2023-12-08 10:49:29 - [MESSAGE][INFO] - Payment Type: New Tax Return Amount Due

2023-12-08 10:49:29 - [TEST_STEP][PASSED] - logInfo("Tax Type: " + TaxType): Tax Type: Personal Income Tax

2023-12-08 10:49:29 - [MESSAGE][INFO] - Tax Type: Personal Income Tax

2023-12-08 10:49:29 - [TEST_STEP][PASSED] - openBrowser(""): Browser is opened with url: ''

2023-12-08 10:49:29 - [MESSAGE][WARNING] - A browser is already opened. Closing browser and opening a new one

2023-12-08 10:49:30 - [MESSAGE][INFO] - Starting 'Chrome' driver

2023-12-08 10:49:30 - [MESSAGE][INFO] - User set preference: ['acceptInsecureCerts', 'true']

2023-12-08 10:49:30 - [MESSAGE][INFO] - Action delay is set to 0 milliseconds

2023-12-08 10:49:31 - [MESSAGE][PASSED] - Browser is opened with url: ''

2023-12-08 10:49:31 - [TEST_STEP][PASSED] - maximizeWindow(): Current window maximized

2023-12-08 10:49:31 - [MESSAGE][PASSED] - Current window maximized

2023-12-08 10:49:31 - [TEST_STEP][PASSED] - navigateToUrl(RADurl): Navigate to 'https://qa2.velocitypayment.com/client/rad/index.html' successfully

2023-12-08 10:49:33 - [MESSAGE][PASSED] - Navigate to 'https://qa2.velocitypayment.com/client/rad/index.html' successfully

2023-12-08 10:49:33 - [TEST_STEP][PASSED] - selectOptionByLabel(findTestObject(orPath_Landing + "/dd_TaxType"), PaymentType, false): All options with label 'New Tax Return Amount Due' are selected in object 'Object Repository/RAD_Pages/Landing_Page/dd_TaxType' 

2023-12-08 10:49:34 - [MESSAGE][PASSED] - All options with label 'New Tax Return Amount Due' are selected in object 'Object Repository/RAD_Pages/Landing_Page/dd_TaxType' 

2023-12-08 10:49:34 - [TEST_STEP][PASSED] - switch (PaymentType): null

2023-12-08 10:49:34 - [TEST_STEP][PASSED] - case "New Tax Return Amount Due":: null

2023-12-08 10:49:34 - [TEST_STEP][PASSED] - selectOptionByLabel(findTestObject("Object Repository/RAD_Pages/Landing_Page/select_NewTaxReturnAmountDue_TaxType"), TaxType, false): All options with label 'Personal Income Tax' are selected in object 'Object Repository/RAD_Pages/Landing_Page/select_NewTaxReturnAmountDue_TaxType' 

2023-12-08 10:49:34 - [MESSAGE][PASSED] - All options with label 'Personal Income Tax' are selected in object 'Object Repository/RAD_Pages/Landing_Page/select_NewTaxReturnAmountDue_TaxType' 

2023-12-08 10:49:34 - [TEST_STEP][PASSED] - break: null

2023-12-08 10:49:34 - [TEST_STEP][PASSED] - if (!(FilingYear.isEmpty())): All options with label '2021' are selected in object 'Object Repository/RAD_Pages/TaxTypeFilingYear_Page/select_FilingYear' 

2023-12-08 10:49:34 - [TEST_STEP][PASSED] - selectOptionByLabel(findTestObject(orPath_TaxTypeFilingYear + "/select_FilingYear"), FilingYear, false): All options with label '2021' are selected in object 'Object Repository/RAD_Pages/TaxTypeFilingYear_Page/select_FilingYear' 

2023-12-08 10:49:35 - [MESSAGE][PASSED] - All options with label '2021' are selected in object 'Object Repository/RAD_Pages/TaxTypeFilingYear_Page/select_FilingYear' 

2023-12-08 10:49:35 - [TEST_STEP][PASSED] - rad.getSetDataRAD.setDataRADssnAndName(): rad.getSetDataRAD.setDataRADssnAndName is PASSED

2023-12-08 10:49:36 - [MESSAGE][PASSED] - Text 'Jimmy' is set on object 'Object Repository/RAD_Pages/Taxpayer_Page/input_firstName'

2023-12-08 10:49:37 - [MESSAGE][PASSED] - Text 'Anderson' is set on object 'Object Repository/RAD_Pages/Taxpayer_Page/input_lastName'

2023-12-08 10:49:37 - [MESSAGE][PASSED] - Text '123451234' is set on object 'Object Repository/RAD_RecordAndPlay/input_concatSSN'

2023-12-08 10:49:38 - [MESSAGE][PASSED] - Text '123451234' is set on object 'Object Repository/RAD_RecordAndPlay/input_concatReSSN'

2023-12-08 10:49:38 - [MESSAGE][PASSED] - rad.getSetDataRAD.setDataRADssnAndName is PASSED

2023-12-08 10:49:38 - [TEST_STEP][PASSED] - rad.getSetDataRAD.setDataRADAddress(): rad.getSetDataRAD.setDataRADAddress is PASSED

2023-12-08 10:49:38 - [MESSAGE][PASSED] - All options with label 'United States' are selected in object 'Object Repository/RAD_Pages/AddressAndContactInfo_Page/select_Country' 

2023-12-08 10:49:39 - [MESSAGE][PASSED] - Text '2508 Mandan Terrace' is set on object 'Object Repository/RAD_Pages/AddressAndContactInfo_Page/input_streetAddress1'

2023-12-08 10:49:40 - [MESSAGE][PASSED] - Text '' is set on object 'Object Repository/RAD_Pages/AddressAndContactInfo_Page/input_streetAddress2'

2023-12-08 10:49:41 - [MESSAGE][PASSED] - Text 'Gambrills' is set on object 'Object Repository/RAD_Pages/AddressAndContactInfo_Page/input_city'

2023-12-08 10:49:42 - [MESSAGE][PASSED] - All options with label 'Maryland' are selected in object 'Object Repository/RAD_Pages/AddressAndContactInfo_Page/select_State' 

2023-12-08 10:49:42 - [MESSAGE][PASSED] - Text '21054' is set on object 'Object Repository/RAD_Pages/AddressAndContactInfo_Page/input_zipCode'

2023-12-08 10:49:43 - [MESSAGE][PASSED] - Text '(703) 894-5000' is set on object 'Object Repository/RAD_Pages/AddressAndContactInfo_Page/input_phoneNumber'

2023-12-08 10:49:44 - [MESSAGE][PASSED] - Text 'iahmed@govolution.com' is set on object 'Object Repository/RAD_Pages/AddressAndContactInfo_Page/input_eMailAddress'

2023-12-08 10:49:45 - [MESSAGE][PASSED] - Text 'iahmed@govolution.com' is set on object 'Object Repository/RAD_Pages/AddressAndContactInfo_Page/input_reEnterEMailAddress'

2023-12-08 10:49:45 - [MESSAGE][PASSED] - rad.getSetDataRAD.setDataRADAddress is PASSED

2023-12-08 10:49:45 - [TEST_STEP][PASSED] - scrollToElement(findTestObject(orPath_Landing + "/button_Continue"), 3): Scroll to object 'Object Repository/RAD_Pages/Landing_Page/button_Continue' successfully

2023-12-08 10:49:45 - [MESSAGE][PASSED] - Scroll to object 'Object Repository/RAD_Pages/Landing_Page/button_Continue' successfully

2023-12-08 10:49:45 - [TEST_STEP][PASSED] - waitForElementClickable(findTestObject(orPath_FilingStatus + "/input_JointFiling_userType_New"), 5): Object 'Object Repository/RAD_Pages/FilingStatus_Page/input_JointFiling_userType_New' is clickable

2023-12-08 10:49:46 - [MESSAGE][PASSED] - Object 'Object Repository/RAD_Pages/FilingStatus_Page/input_JointFiling_userType_New' is clickable

2023-12-08 10:49:46 - [TEST_STEP][PASSED] - check(findTestObject(orPath_FilingStatus + "/input_JointFiling_userType_New")): Object 'Object Repository/RAD_Pages/FilingStatus_Page/input_JointFiling_userType_New' is checked

2023-12-08 10:49:46 - [MESSAGE][PASSED] - Object 'Object Repository/RAD_Pages/FilingStatus_Page/input_JointFiling_userType_New' is checked

2023-12-08 10:49:46 - [TEST_STEP][PASSED] - delay(2): Delayed 2 second(s)

2023-12-08 10:49:48 - [MESSAGE][PASSED] - Delayed 2 second(s)

2023-12-08 10:49:48 - [TEST_STEP][PASSED] - rad.getSetDataRAD.setDataRADssnAndNameJointFiler(): rad.getSetDataRAD.setDataRADssnAndNameJointFiler is PASSED

2023-12-08 10:49:49 - [MESSAGE][PASSED] - Text 'Larsons' is set on object 'Object Repository/RAD_Pages/FilingStatus_Page/input_jointFirstName'

2023-12-08 10:49:49 - [MESSAGE][PASSED] - Text 'Bell' is set on object 'Object Repository/RAD_Pages/FilingStatus_Page/input_jointLastName'

2023-12-08 10:49:50 - [MESSAGE][PASSED] - Text '123459630' is set on object 'Object Repository/RAD_RecordAndPlay/input_JointFilerSSN'

2023-12-08 10:49:51 - [MESSAGE][PASSED] - Text '123459630' is set on object 'Object Repository/RAD_RecordAndPlay/input_reTypeJointFilerSSN'

2023-12-08 10:49:51 - [MESSAGE][PASSED] - rad.getSetDataRAD.setDataRADssnAndNameJointFiler is PASSED

2023-12-08 10:49:51 - [TEST_STEP][PASSED] - setText(findTestObject(orPath_Amount + "/input__paymentAmount"), "100.00"): Text '100.00' is set on object 'Object Repository/RAD_Pages/PaymentAmount_Page/input__paymentAmount'

2023-12-08 10:49:52 - [MESSAGE][PASSED] - Text '100.00' is set on object 'Object Repository/RAD_Pages/PaymentAmount_Page/input__paymentAmount'

2023-12-08 10:49:52 - [TEST_STEP][PASSED] - setText(findTestObject(orPath_AddressContact + "/input_streetAddress2"), ""): Text '' is set on object 'Object Repository/RAD_Pages/AddressAndContactInfo_Page/input_streetAddress2'

2023-12-08 10:49:53 - [MESSAGE][PASSED] - Text '' is set on object 'Object Repository/RAD_Pages/AddressAndContactInfo_Page/input_streetAddress2'

2023-12-08 10:49:53 - [TEST_STEP][PASSED] - scrollToElement(findTestObject(orPath_Landing + "/button_Continue"), 3): Scroll to object 'Object Repository/RAD_Pages/Landing_Page/button_Continue' successfully

2023-12-08 10:49:53 - [MESSAGE][PASSED] - Scroll to object 'Object Repository/RAD_Pages/Landing_Page/button_Continue' successfully

2023-12-08 10:49:53 - [TEST_STEP][PASSED] - waitForElementClickable(findTestObject(orPath_Landing + "/button_Continue"), 5): Object 'Object Repository/RAD_Pages/Landing_Page/button_Continue' is clickable

2023-12-08 10:49:53 - [MESSAGE][PASSED] - Object 'Object Repository/RAD_Pages/Landing_Page/button_Continue' is clickable

2023-12-08 10:49:53 - [TEST_STEP][PASSED] - click(findTestObject(orPath_Landing + "/button_Continue")): Object: 'Object Repository/RAD_Pages/Landing_Page/button_Continue' is clicked on

2023-12-08 10:49:54 - [MESSAGE][PASSED] - Object: 'Object Repository/RAD_Pages/Landing_Page/button_Continue' is clicked on

2023-12-08 10:49:54 - [TEST_STEP][PASSED] - delay(2): Delayed 2 second(s)

2023-12-08 10:49:56 - [MESSAGE][PASSED] - Delayed 2 second(s)

2023-12-08 10:49:56 - [TEST_STEP][PASSED] - verifyTextPresent("Summary", true): Text 'Summary' is present on page  using regular expression

2023-12-08 10:49:56 - [MESSAGE][PASSED] - Text 'Summary' is present on page  using regular expression

2023-12-08 10:49:56 - [TEST_STEP][PASSED] - verifyTextPresent("Review the information below and make any necessary corrections by clicking the", true): Text 'Review the information below and make any necessary corrections by clicking the' is present on page  using regular expression

2023-12-08 10:49:57 - [MESSAGE][PASSED] - Text 'Review the information below and make any necessary corrections by clicking the' is present on page  using regular expression

2023-12-08 10:49:57 - [TEST_STEP][PASSED] - verifyTextPresent("When you are confident that all the information is correct, click the", true): Text 'When you are confident that all the information is correct, click the' is present on page  using regular expression

2023-12-08 10:49:57 - [MESSAGE][PASSED] - Text 'When you are confident that all the information is correct, click the' is present on page  using regular expression

2023-12-08 10:49:57 - [TEST_STEP][PASSED] - verifyTextPresent("Payment Type/Filing Year", true): Text 'Payment Type/Filing Year' is present on page  using regular expression

2023-12-08 10:49:57 - [MESSAGE][PASSED] - Text 'Payment Type/Filing Year' is present on page  using regular expression

2023-12-08 10:49:57 - [TEST_STEP][PASSED] - verifyTextPresent("Payment Type:", true): Text 'Payment Type:' is present on page  using regular expression

2023-12-08 10:49:58 - [MESSAGE][PASSED] - Text 'Payment Type:' is present on page  using regular expression

2023-12-08 10:49:58 - [TEST_STEP][PASSED] - verifyTextPresent(PaymentType, true): Text 'New Tax Return Amount Due' is present on page  using regular expression

2023-12-08 10:49:58 - [MESSAGE][PASSED] - Text 'New Tax Return Amount Due' is present on page  using regular expression

2023-12-08 10:49:58 - [TEST_STEP][PASSED] - verifyTextPresent("Filing Year:", true): Text 'Filing Year:' is present on page  using regular expression

2023-12-08 10:49:58 - [MESSAGE][PASSED] - Text 'Filing Year:' is present on page  using regular expression

2023-12-08 10:49:58 - [TEST_STEP][PASSED] - verifyTextPresent(FilingYear, true): Text '2021' is present on page  using regular expression

2023-12-08 10:49:59 - [MESSAGE][PASSED] - Text '2021' is present on page  using regular expression

2023-12-08 10:49:59 - [TEST_STEP][PASSED] - verifyTextPresent("Payer Information", true): Text 'Payer Information' is present on page  using regular expression

2023-12-08 10:49:59 - [MESSAGE][PASSED] - Text 'Payer Information' is present on page  using regular expression

2023-12-08 10:49:59 - [TEST_STEP][PASSED] - verifyTextPresent("Taxpayer Name:", true): Text 'Taxpayer Name:' is present on page  using regular expression

2023-12-08 10:49:59 - [MESSAGE][PASSED] - Text 'Taxpayer Name:' is present on page  using regular expression

2023-12-08 10:49:59 - [TEST_STEP][PASSED] - switch (executionProfile): null

2023-12-08 10:49:59 - [TEST_STEP][PASSED] - case "QA2Profile":: null

2023-12-08 10:49:59 - [TEST_STEP][PASSED] - verifyTextPresent("Jimmy Anderson", true): Text 'Jimmy Anderson' is present on page  using regular expression

2023-12-08 10:50:00 - [MESSAGE][PASSED] - Text 'Jimmy Anderson' is present on page  using regular expression

2023-12-08 10:50:00 - [TEST_STEP][PASSED] - verifyTextPresent("Larsons Bell", true): Text 'Larsons Bell' is present on page  using regular expression

2023-12-08 10:50:00 - [MESSAGE][PASSED] - Text 'Larsons Bell' is present on page  using regular expression

2023-12-08 10:50:00 - [TEST_STEP][PASSED] - verifyTextPresent("XXXXX1234", true): Text 'XXXXX1234' is present on page  using regular expression

2023-12-08 10:50:01 - [MESSAGE][PASSED] - Text 'XXXXX1234' is present on page  using regular expression

2023-12-08 10:50:01 - [TEST_STEP][PASSED] - verifyTextPresent("XXXXX9630", true): Text 'XXXXX9630' is present on page  using regular expression

2023-12-08 10:50:01 - [MESSAGE][PASSED] - Text 'XXXXX9630' is present on page  using regular expression

2023-12-08 10:50:01 - [TEST_STEP][PASSED] - break: null

2023-12-08 10:50:01 - [TEST_STEP][PASSED] - verifyTextPresent("Taxpayer SSN:", true): Text 'Taxpayer SSN:' is present on page  using regular expression

2023-12-08 10:50:01 - [MESSAGE][PASSED] - Text 'Taxpayer SSN:' is present on page  using regular expression

2023-12-08 10:50:01 - [TEST_STEP][PASSED] - verifyTextPresent("Taxpayer Address:", true): Text 'Taxpayer Address:' is present on page  using regular expression

2023-12-08 10:50:02 - [MESSAGE][PASSED] - Text 'Taxpayer Address:' is present on page  using regular expression

2023-12-08 10:50:02 - [TEST_STEP][PASSED] - verifyTextPresent("2508 Mandan Terrace Gambrills Maryland 21054", true): Text '2508 Mandan Terrace Gambrills Maryland 21054' is present on page  using regular expression

2023-12-08 10:50:02 - [MESSAGE][PASSED] - Text '2508 Mandan Terrace Gambrills Maryland 21054' is present on page  using regular expression

2023-12-08 10:50:02 - [TEST_STEP][PASSED] - verifyTextPresent("Email:", true): Text 'Email:' is present on page  using regular expression

2023-12-08 10:50:02 - [MESSAGE][PASSED] - Text 'Email:' is present on page  using regular expression

2023-12-08 10:50:02 - [TEST_STEP][PASSED] - verifyTextPresent("iahmed@govolution.com", true): Text 'iahmed@govolution.com' is present on page  using regular expression

2023-12-08 10:50:03 - [MESSAGE][PASSED] - Text 'iahmed@govolution.com' is present on page  using regular expression

2023-12-08 10:50:03 - [TEST_STEP][PASSED] - verifyTextPresent("Phone:", true): Text 'Phone:' is present on page  using regular expression

2023-12-08 10:50:03 - [MESSAGE][PASSED] - Text 'Phone:' is present on page  using regular expression

2023-12-08 10:50:03 - [TEST_STEP][PASSED] - verifyTextPresent("(703) 894-5000", false): Text '(703) 894-5000' is present on page 

2023-12-08 10:50:03 - [MESSAGE][PASSED] - Text '(703) 894-5000' is present on page 

2023-12-08 10:50:03 - [TEST_STEP][PASSED] - verifyTextPresent("Joint Filer Name:", true): Text 'Joint Filer Name:' is present on page  using regular expression

2023-12-08 10:50:04 - [MESSAGE][PASSED] - Text 'Joint Filer Name:' is present on page  using regular expression

2023-12-08 10:50:04 - [TEST_STEP][PASSED] - verifyTextPresent("Joint Filer SSN", true): Text 'Joint Filer SSN' is present on page  using regular expression

2023-12-08 10:50:04 - [MESSAGE][PASSED] - Text 'Joint Filer SSN' is present on page  using regular expression

2023-12-08 10:50:04 - [TEST_STEP][PASSED] - verifyTextPresent("Tax Information", true): Text 'Tax Information' is present on page  using regular expression

2023-12-08 10:50:05 - [MESSAGE][PASSED] - Text 'Tax Information' is present on page  using regular expression

2023-12-08 10:50:05 - [TEST_STEP][PASSED] - verifyTextPresent("Payment Amount:", true): Text 'Payment Amount:' is present on page  using regular expression

2023-12-08 10:50:05 - [MESSAGE][PASSED] - Text 'Payment Amount:' is present on page  using regular expression

2023-12-08 10:50:05 - [TEST_STEP][PASSED] - verifyTextPresent("100.00", true): Text '100.00' is present on page  using regular expression

2023-12-08 10:50:05 - [MESSAGE][PASSED] - Text '100.00' is present on page  using regular expression

2023-12-08 10:50:05 - [TEST_STEP][PASSED] - verifyTextNotPresent("Federal EIN:", true): Text 'Federal EIN:' is not present on page using regular expression

2023-12-08 10:50:06 - [MESSAGE][PASSED] - Text 'Federal EIN:' is not present on page using regular expression

2023-12-08 10:50:06 - [TEST_STEP][PASSED] - verifyTextNotPresent("FEIN/SSN:", true): Text 'FEIN/SSN:' is not present on page using regular expression

2023-12-08 10:50:06 - [MESSAGE][PASSED] - Text 'FEIN/SSN:' is not present on page using regular expression

2023-12-08 10:50:06 - [TEST_STEP][PASSED] - if (verifyElementVisible(findTestObject(orPath_Summary + "/button_Proceed to Payment"))): null

2023-12-08 10:50:06 - [MESSAGE][PASSED] - Object 'Object Repository/RAD_Pages/Summary_Page/button_Proceed to Payment' is visible

2023-12-08 10:50:06 - [TEST_STEP][PASSED] - resText = "Pass": null

2023-12-08 10:50:06 - [TEST_STEP][PASSED] - pages.WriteExcel.demoKey(resText, datText, resColumn, datCloumn, fileLoc, nameSheet, row): pages.WriteExcel.demoKey is PASSED

2023-12-08 10:50:06 - [MESSAGE][PASSED] - pages.WriteExcel.demoKey is PASSED

2023-12-08 10:50:06 - [TEST_STEP][PASSED] - click(findTestObject(orPath_Summary + "/button_Proceed to Payment")): Object: 'Object Repository/RAD_Pages/Summary_Page/button_Proceed to Payment' is clicked on

2023-12-08 10:50:08 - [MESSAGE][PASSED] - Object: 'Object Repository/RAD_Pages/Summary_Page/button_Proceed to Payment' is clicked on

2023-12-08 10:50:08 - [TEST_STEP][PASSED] - ExecuteTC = findTestData(dataFile).getValue("Execute", row): null

2023-12-08 10:50:08 - [TEST_STEP][PASSED] - TaxType = findTestData(dataFile).getValue("TaxType", row): null

2023-12-08 10:50:08 - [TEST_STEP][PASSED] - PaymentType = findTestData(dataFile).getValue("PaymentType", row): null

2023-12-08 10:50:08 - [TEST_STEP][PASSED] - FilingYear = findTestData(dataFile).getValue("Year", row): null

2023-12-08 10:50:08 - [TEST_STEP][PASSED] - if (ExecuteTC.equalsIgnoreCase("Y")): Object: 'Object Repository/RAD_Pages/Summary_Page/button_Proceed to Payment' is clicked on

2023-12-08 10:50:08 - [TEST_STEP][PASSED] - out.println("Begin Record Number: " + row): null

2023-12-08 10:50:08 - [TEST_STEP][PASSED] - today = new java.util.Date(): null

2023-12-08 10:50:08 - [TEST_STEP][PASSED] - println(today): null

2023-12-08 10:50:08 - [TEST_STEP][PASSED] - datText = today: null

2023-12-08 10:50:08 - [TEST_STEP][PASSED] - logInfo("Payment Type: " + PaymentType): Payment Type: New Tax Return Amount Due

2023-12-08 10:50:08 - [MESSAGE][INFO] - Payment Type: New Tax Return Amount Due

2023-12-08 10:50:08 - [TEST_STEP][PASSED] - logInfo("Tax Type: " + TaxType): Tax Type: Personal Income Tax

2023-12-08 10:50:08 - [MESSAGE][INFO] - Tax Type: Personal Income Tax

2023-12-08 10:50:08 - [TEST_STEP][PASSED] - openBrowser(""): Browser is opened with url: ''

2023-12-08 10:50:08 - [MESSAGE][WARNING] - A browser is already opened. Closing browser and opening a new one

2023-12-08 10:50:09 - [MESSAGE][INFO] - Starting 'Chrome' driver

2023-12-08 10:50:09 - [MESSAGE][INFO] - User set preference: ['acceptInsecureCerts', 'true']

2023-12-08 10:50:09 - [MESSAGE][INFO] - Action delay is set to 0 milliseconds

2023-12-08 10:50:11 - [MESSAGE][PASSED] - Browser is opened with url: ''

2023-12-08 10:50:11 - [TEST_STEP][PASSED] - maximizeWindow(): Current window maximized

2023-12-08 10:50:11 - [MESSAGE][PASSED] - Current window maximized

2023-12-08 10:50:11 - [TEST_STEP][PASSED] - navigateToUrl(RADurl): Navigate to 'https://qa2.velocitypayment.com/client/rad/index.html' successfully

2023-12-08 10:50:12 - [MESSAGE][PASSED] - Navigate to 'https://qa2.velocitypayment.com/client/rad/index.html' successfully

2023-12-08 10:50:12 - [TEST_STEP][PASSED] - selectOptionByLabel(findTestObject(orPath_Landing + "/dd_TaxType"), PaymentType, false): All options with label 'New Tax Return Amount Due' are selected in object 'Object Repository/RAD_Pages/Landing_Page/dd_TaxType' 

2023-12-08 10:50:13 - [MESSAGE][PASSED] - All options with label 'New Tax Return Amount Due' are selected in object 'Object Repository/RAD_Pages/Landing_Page/dd_TaxType' 

2023-12-08 10:50:13 - [TEST_STEP][PASSED] - switch (PaymentType): null

2023-12-08 10:50:13 - [TEST_STEP][PASSED] - case "New Tax Return Amount Due":: null

2023-12-08 10:50:13 - [TEST_STEP][PASSED] - selectOptionByLabel(findTestObject("Object Repository/RAD_Pages/Landing_Page/select_NewTaxReturnAmountDue_TaxType"), TaxType, false): All options with label 'Personal Income Tax' are selected in object 'Object Repository/RAD_Pages/Landing_Page/select_NewTaxReturnAmountDue_TaxType' 

2023-12-08 10:50:14 - [MESSAGE][PASSED] - All options with label 'Personal Income Tax' are selected in object 'Object Repository/RAD_Pages/Landing_Page/select_NewTaxReturnAmountDue_TaxType' 

2023-12-08 10:50:14 - [TEST_STEP][PASSED] - break: null

2023-12-08 10:50:14 - [TEST_STEP][PASSED] - if (!(FilingYear.isEmpty())): All options with label '2020' are selected in object 'Object Repository/RAD_Pages/TaxTypeFilingYear_Page/select_FilingYear' 

2023-12-08 10:50:14 - [TEST_STEP][PASSED] - selectOptionByLabel(findTestObject(orPath_TaxTypeFilingYear + "/select_FilingYear"), FilingYear, false): All options with label '2020' are selected in object 'Object Repository/RAD_Pages/TaxTypeFilingYear_Page/select_FilingYear' 

2023-12-08 10:50:14 - [MESSAGE][PASSED] - All options with label '2020' are selected in object 'Object Repository/RAD_Pages/TaxTypeFilingYear_Page/select_FilingYear' 

2023-12-08 10:50:14 - [TEST_STEP][PASSED] - rad.getSetDataRAD.setDataRADssnAndName(): rad.getSetDataRAD.setDataRADssnAndName is PASSED

2023-12-08 10:50:15 - [MESSAGE][PASSED] - Text 'Jimmy' is set on object 'Object Repository/RAD_Pages/Taxpayer_Page/input_firstName'

2023-12-08 10:50:16 - [MESSAGE][PASSED] - Text 'Anderson' is set on object 'Object Repository/RAD_Pages/Taxpayer_Page/input_lastName'

2023-12-08 10:50:16 - [MESSAGE][PASSED] - Text '123451234' is set on object 'Object Repository/RAD_RecordAndPlay/input_concatSSN'

2023-12-08 10:50:17 - [MESSAGE][PASSED] - Text '123451234' is set on object 'Object Repository/RAD_RecordAndPlay/input_concatReSSN'

2023-12-08 10:50:17 - [MESSAGE][PASSED] - rad.getSetDataRAD.setDataRADssnAndName is PASSED

2023-12-08 10:50:17 - [TEST_STEP][PASSED] - rad.getSetDataRAD.setDataRADAddress(): rad.getSetDataRAD.setDataRADAddress is PASSED

2023-12-08 10:50:18 - [MESSAGE][PASSED] - All options with label 'United States' are selected in object 'Object Repository/RAD_Pages/AddressAndContactInfo_Page/select_Country' 

2023-12-08 10:50:18 - [MESSAGE][PASSED] - Text '2508 Mandan Terrace' is set on object 'Object Repository/RAD_Pages/AddressAndContactInfo_Page/input_streetAddress1'

2023-12-08 10:50:19 - [MESSAGE][PASSED] - Text '' is set on object 'Object Repository/RAD_Pages/AddressAndContactInfo_Page/input_streetAddress2'

2023-12-08 10:50:20 - [MESSAGE][PASSED] - Text 'Gambrills' is set on object 'Object Repository/RAD_Pages/AddressAndContactInfo_Page/input_city'

2023-12-08 10:50:21 - [MESSAGE][PASSED] - All options with label 'Maryland' are selected in object 'Object Repository/RAD_Pages/AddressAndContactInfo_Page/select_State' 

2023-12-08 10:50:22 - [MESSAGE][PASSED] - Text '21054' is set on object 'Object Repository/RAD_Pages/AddressAndContactInfo_Page/input_zipCode'

2023-12-08 10:50:22 - [MESSAGE][PASSED] - Text '(703) 894-5000' is set on object 'Object Repository/RAD_Pages/AddressAndContactInfo_Page/input_phoneNumber'

2023-12-08 10:50:23 - [MESSAGE][PASSED] - Text 'iahmed@govolution.com' is set on object 'Object Repository/RAD_Pages/AddressAndContactInfo_Page/input_eMailAddress'

2023-12-08 10:50:24 - [MESSAGE][PASSED] - Text 'iahmed@govolution.com' is set on object 'Object Repository/RAD_Pages/AddressAndContactInfo_Page/input_reEnterEMailAddress'

2023-12-08 10:50:24 - [MESSAGE][PASSED] - rad.getSetDataRAD.setDataRADAddress is PASSED

2023-12-08 10:50:24 - [TEST_STEP][PASSED] - scrollToElement(findTestObject(orPath_Landing + "/button_Continue"), 3): Scroll to object 'Object Repository/RAD_Pages/Landing_Page/button_Continue' successfully

2023-12-08 10:50:25 - [MESSAGE][PASSED] - Scroll to object 'Object Repository/RAD_Pages/Landing_Page/button_Continue' successfully

2023-12-08 10:50:25 - [TEST_STEP][PASSED] - waitForElementClickable(findTestObject(orPath_FilingStatus + "/input_JointFiling_userType_New"), 5): Object 'Object Repository/RAD_Pages/FilingStatus_Page/input_JointFiling_userType_New' is clickable

2023-12-08 10:50:25 - [MESSAGE][PASSED] - Object 'Object Repository/RAD_Pages/FilingStatus_Page/input_JointFiling_userType_New' is clickable

2023-12-08 10:50:25 - [TEST_STEP][PASSED] - check(findTestObject(orPath_FilingStatus + "/input_JointFiling_userType_New")): Object 'Object Repository/RAD_Pages/FilingStatus_Page/input_JointFiling_userType_New' is checked

2023-12-08 10:50:25 - [MESSAGE][PASSED] - Object 'Object Repository/RAD_Pages/FilingStatus_Page/input_JointFiling_userType_New' is checked

2023-12-08 10:50:25 - [TEST_STEP][PASSED] - delay(2): Delayed 2 second(s)

2023-12-08 10:50:27 - [MESSAGE][PASSED] - Delayed 2 second(s)

2023-12-08 10:50:27 - [TEST_STEP][PASSED] - rad.getSetDataRAD.setDataRADssnAndNameJointFiler(): rad.getSetDataRAD.setDataRADssnAndNameJointFiler is PASSED

2023-12-08 10:50:28 - [MESSAGE][PASSED] - Text 'Larsons' is set on object 'Object Repository/RAD_Pages/FilingStatus_Page/input_jointFirstName'

2023-12-08 10:50:29 - [MESSAGE][PASSED] - Text 'Bell' is set on object 'Object Repository/RAD_Pages/FilingStatus_Page/input_jointLastName'

2023-12-08 10:50:29 - [MESSAGE][PASSED] - Text '123459630' is set on object 'Object Repository/RAD_RecordAndPlay/input_JointFilerSSN'

2023-12-08 10:50:30 - [MESSAGE][PASSED] - Text '123459630' is set on object 'Object Repository/RAD_RecordAndPlay/input_reTypeJointFilerSSN'

2023-12-08 10:50:30 - [MESSAGE][PASSED] - rad.getSetDataRAD.setDataRADssnAndNameJointFiler is PASSED

2023-12-08 10:50:30 - [TEST_STEP][PASSED] - setText(findTestObject(orPath_Amount + "/input__paymentAmount"), "100.00"): Text '100.00' is set on object 'Object Repository/RAD_Pages/PaymentAmount_Page/input__paymentAmount'

2023-12-08 10:50:31 - [MESSAGE][PASSED] - Text '100.00' is set on object 'Object Repository/RAD_Pages/PaymentAmount_Page/input__paymentAmount'

2023-12-08 10:50:31 - [TEST_STEP][PASSED] - setText(findTestObject(orPath_AddressContact + "/input_streetAddress2"), ""): Text '' is set on object 'Object Repository/RAD_Pages/AddressAndContactInfo_Page/input_streetAddress2'

2023-12-08 10:50:32 - [MESSAGE][PASSED] - Text '' is set on object 'Object Repository/RAD_Pages/AddressAndContactInfo_Page/input_streetAddress2'

2023-12-08 10:50:32 - [TEST_STEP][PASSED] - scrollToElement(findTestObject(orPath_Landing + "/button_Continue"), 3): Scroll to object 'Object Repository/RAD_Pages/Landing_Page/button_Continue' successfully

2023-12-08 10:50:32 - [MESSAGE][PASSED] - Scroll to object 'Object Repository/RAD_Pages/Landing_Page/button_Continue' successfully

2023-12-08 10:50:32 - [TEST_STEP][PASSED] - waitForElementClickable(findTestObject(orPath_Landing + "/button_Continue"), 5): Object 'Object Repository/RAD_Pages/Landing_Page/button_Continue' is clickable

2023-12-08 10:50:33 - [MESSAGE][PASSED] - Object 'Object Repository/RAD_Pages/Landing_Page/button_Continue' is clickable

2023-12-08 10:50:33 - [TEST_STEP][PASSED] - click(findTestObject(orPath_Landing + "/button_Continue")): Object: 'Object Repository/RAD_Pages/Landing_Page/button_Continue' is clicked on

2023-12-08 10:50:33 - [MESSAGE][PASSED] - Object: 'Object Repository/RAD_Pages/Landing_Page/button_Continue' is clicked on

2023-12-08 10:50:33 - [TEST_STEP][PASSED] - delay(2): Delayed 2 second(s)

2023-12-08 10:50:35 - [MESSAGE][PASSED] - Delayed 2 second(s)

2023-12-08 10:50:35 - [TEST_STEP][PASSED] - verifyTextPresent("Summary", true): Text 'Summary' is present on page  using regular expression

2023-12-08 10:50:35 - [MESSAGE][PASSED] - Text 'Summary' is present on page  using regular expression

2023-12-08 10:50:35 - [TEST_STEP][PASSED] - verifyTextPresent("Review the information below and make any necessary corrections by clicking the", true): Text 'Review the information below and make any necessary corrections by clicking the' is present on page  using regular expression

2023-12-08 10:50:36 - [MESSAGE][PASSED] - Text 'Review the information below and make any necessary corrections by clicking the' is present on page  using regular expression

2023-12-08 10:50:36 - [TEST_STEP][PASSED] - verifyTextPresent("When you are confident that all the information is correct, click the", true): Text 'When you are confident that all the information is correct, click the' is present on page  using regular expression

2023-12-08 10:50:36 - [MESSAGE][PASSED] - Text 'When you are confident that all the information is correct, click the' is present on page  using regular expression

2023-12-08 10:50:36 - [TEST_STEP][PASSED] - verifyTextPresent("Payment Type/Filing Year", true): Text 'Payment Type/Filing Year' is present on page  using regular expression

2023-12-08 10:50:36 - [MESSAGE][PASSED] - Text 'Payment Type/Filing Year' is present on page  using regular expression

2023-12-08 10:50:36 - [TEST_STEP][PASSED] - verifyTextPresent("Payment Type:", true): Text 'Payment Type:' is present on page  using regular expression

2023-12-08 10:50:37 - [MESSAGE][PASSED] - Text 'Payment Type:' is present on page  using regular expression

2023-12-08 10:50:37 - [TEST_STEP][PASSED] - verifyTextPresent(PaymentType, true): Text 'New Tax Return Amount Due' is present on page  using regular expression

2023-12-08 10:50:37 - [MESSAGE][PASSED] - Text 'New Tax Return Amount Due' is present on page  using regular expression

2023-12-08 10:50:37 - [TEST_STEP][PASSED] - verifyTextPresent("Filing Year:", true): Text 'Filing Year:' is present on page  using regular expression

2023-12-08 10:50:37 - [MESSAGE][PASSED] - Text 'Filing Year:' is present on page  using regular expression

2023-12-08 10:50:37 - [TEST_STEP][PASSED] - verifyTextPresent(FilingYear, true): Text '2020' is present on page  using regular expression

2023-12-08 10:50:38 - [MESSAGE][PASSED] - Text '2020' is present on page  using regular expression

2023-12-08 10:50:38 - [TEST_STEP][PASSED] - verifyTextPresent("Payer Information", true): Text 'Payer Information' is present on page  using regular expression

2023-12-08 10:50:38 - [MESSAGE][PASSED] - Text 'Payer Information' is present on page  using regular expression

2023-12-08 10:50:38 - [TEST_STEP][PASSED] - verifyTextPresent("Taxpayer Name:", true): Text 'Taxpayer Name:' is present on page  using regular expression

2023-12-08 10:50:38 - [MESSAGE][PASSED] - Text 'Taxpayer Name:' is present on page  using regular expression

2023-12-08 10:50:38 - [TEST_STEP][PASSED] - switch (executionProfile): null

2023-12-08 10:50:38 - [TEST_STEP][PASSED] - case "QA2Profile":: null

2023-12-08 10:50:38 - [TEST_STEP][PASSED] - verifyTextPresent("Jimmy Anderson", true): Text 'Jimmy Anderson' is present on page  using regular expression

2023-12-08 10:50:39 - [MESSAGE][PASSED] - Text 'Jimmy Anderson' is present on page  using regular expression

2023-12-08 10:50:39 - [TEST_STEP][PASSED] - verifyTextPresent("Larsons Bell", true): Text 'Larsons Bell' is present on page  using regular expression

2023-12-08 10:50:39 - [MESSAGE][PASSED] - Text 'Larsons Bell' is present on page  using regular expression

2023-12-08 10:50:39 - [TEST_STEP][PASSED] - verifyTextPresent("XXXXX1234", true): Text 'XXXXX1234' is present on page  using regular expression

2023-12-08 10:50:40 - [MESSAGE][PASSED] - Text 'XXXXX1234' is present on page  using regular expression

2023-12-08 10:50:40 - [TEST_STEP][PASSED] - verifyTextPresent("XXXXX9630", true): Text 'XXXXX9630' is present on page  using regular expression

2023-12-08 10:50:40 - [MESSAGE][PASSED] - Text 'XXXXX9630' is present on page  using regular expression

2023-12-08 10:50:40 - [TEST_STEP][PASSED] - break: null

2023-12-08 10:50:40 - [TEST_STEP][PASSED] - verifyTextPresent("Taxpayer SSN:", true): Text 'Taxpayer SSN:' is present on page  using regular expression

2023-12-08 10:50:40 - [MESSAGE][PASSED] - Text 'Taxpayer SSN:' is present on page  using regular expression

2023-12-08 10:50:40 - [TEST_STEP][PASSED] - verifyTextPresent("Taxpayer Address:", true): Text 'Taxpayer Address:' is present on page  using regular expression

2023-12-08 10:50:41 - [MESSAGE][PASSED] - Text 'Taxpayer Address:' is present on page  using regular expression

2023-12-08 10:50:41 - [TEST_STEP][PASSED] - verifyTextPresent("2508 Mandan Terrace Gambrills Maryland 21054", true): Text '2508 Mandan Terrace Gambrills Maryland 21054' is present on page  using regular expression

2023-12-08 10:50:41 - [MESSAGE][PASSED] - Text '2508 Mandan Terrace Gambrills Maryland 21054' is present on page  using regular expression

2023-12-08 10:50:41 - [TEST_STEP][PASSED] - verifyTextPresent("Email:", true): Text 'Email:' is present on page  using regular expression

2023-12-08 10:50:41 - [MESSAGE][PASSED] - Text 'Email:' is present on page  using regular expression

2023-12-08 10:50:41 - [TEST_STEP][PASSED] - verifyTextPresent("iahmed@govolution.com", true): Text 'iahmed@govolution.com' is present on page  using regular expression

2023-12-08 10:50:42 - [MESSAGE][PASSED] - Text 'iahmed@govolution.com' is present on page  using regular expression

2023-12-08 10:50:42 - [TEST_STEP][PASSED] - verifyTextPresent("Phone:", true): Text 'Phone:' is present on page  using regular expression

2023-12-08 10:50:42 - [MESSAGE][PASSED] - Text 'Phone:' is present on page  using regular expression

2023-12-08 10:50:42 - [TEST_STEP][PASSED] - verifyTextPresent("(703) 894-5000", false): Text '(703) 894-5000' is present on page 

2023-12-08 10:50:43 - [MESSAGE][PASSED] - Text '(703) 894-5000' is present on page 

2023-12-08 10:50:43 - [TEST_STEP][PASSED] - verifyTextPresent("Joint Filer Name:", true): Text 'Joint Filer Name:' is present on page  using regular expression

2023-12-08 10:50:43 - [MESSAGE][PASSED] - Text 'Joint Filer Name:' is present on page  using regular expression

2023-12-08 10:50:43 - [TEST_STEP][PASSED] - verifyTextPresent("Joint Filer SSN", true): Text 'Joint Filer SSN' is present on page  using regular expression

2023-12-08 10:50:43 - [MESSAGE][PASSED] - Text 'Joint Filer SSN' is present on page  using regular expression

2023-12-08 10:50:43 - [TEST_STEP][PASSED] - verifyTextPresent("Tax Information", true): Text 'Tax Information' is present on page  using regular expression

2023-12-08 10:50:44 - [MESSAGE][PASSED] - Text 'Tax Information' is present on page  using regular expression

2023-12-08 10:50:44 - [TEST_STEP][PASSED] - verifyTextPresent("Payment Amount:", true): Text 'Payment Amount:' is present on page  using regular expression

2023-12-08 10:50:44 - [MESSAGE][PASSED] - Text 'Payment Amount:' is present on page  using regular expression

2023-12-08 10:50:44 - [TEST_STEP][PASSED] - verifyTextPresent("100.00", true): Text '100.00' is present on page  using regular expression

2023-12-08 10:50:44 - [MESSAGE][PASSED] - Text '100.00' is present on page  using regular expression

2023-12-08 10:50:44 - [TEST_STEP][PASSED] - verifyTextNotPresent("Federal EIN:", true): Text 'Federal EIN:' is not present on page using regular expression

2023-12-08 10:50:45 - [MESSAGE][PASSED] - Text 'Federal EIN:' is not present on page using regular expression

2023-12-08 10:50:45 - [TEST_STEP][PASSED] - verifyTextNotPresent("FEIN/SSN:", true): Text 'FEIN/SSN:' is not present on page using regular expression

2023-12-08 10:50:45 - [MESSAGE][PASSED] - Text 'FEIN/SSN:' is not present on page using regular expression

2023-12-08 10:50:45 - [TEST_STEP][PASSED] - if (verifyElementVisible(findTestObject(orPath_Summary + "/button_Proceed to Payment"))): null

2023-12-08 10:50:45 - [MESSAGE][PASSED] - Object 'Object Repository/RAD_Pages/Summary_Page/button_Proceed to Payment' is visible

2023-12-08 10:50:45 - [TEST_STEP][PASSED] - resText = "Pass": null

2023-12-08 10:50:45 - [TEST_STEP][PASSED] - pages.WriteExcel.demoKey(resText, datText, resColumn, datCloumn, fileLoc, nameSheet, row): pages.WriteExcel.demoKey is PASSED

2023-12-08 10:50:45 - [MESSAGE][PASSED] - pages.WriteExcel.demoKey is PASSED

2023-12-08 10:50:45 - [TEST_STEP][PASSED] - click(findTestObject(orPath_Summary + "/button_Proceed to Payment")): Object: 'Object Repository/RAD_Pages/Summary_Page/button_Proceed to Payment' is clicked on

2023-12-08 10:50:47 - [MESSAGE][PASSED] - Object: 'Object Repository/RAD_Pages/Summary_Page/button_Proceed to Payment' is clicked on]]></system-out>
         <system-err><![CDATA[]]></system-err>
      </testcase>
      <testcase name="Test Cases/RAD_TestCases/BeforePayments_TestCases/Personal_Individual_BeforePayments_TC" time="201.911" classname="Test Cases/RAD_TestCases/BeforePayments_TestCases/Personal_Individual_BeforePayments_TC" status="PASSED">
         <system-out><![CDATA[2023-12-08 10:50:47 - [TEST_CASE][PASSED] - Test Cases/RAD_TestCases/BeforePayments_TestCases/Personal_Individual_BeforePayments_TC: Test Cases/RAD_TestCases/BeforePayments_TestCases/Personal_Individual_BeforePayments_TC

2023-12-08 10:50:47 - [TEST_STEP][PASSED] - resText = "Fail": null

2023-12-08 10:50:47 - [TEST_STEP][PASSED] - resColumn = "Result": null

2023-12-08 10:50:47 - [TEST_STEP][PASSED] - datCloumn = "Date": null

2023-12-08 10:50:47 - [TEST_STEP][PASSED] - fileLoc = "KatalonData/RADTestData/BeforePayments.xlsx": null

2023-12-08 10:50:47 - [TEST_STEP][PASSED] - nameSheet = "Personal_IND": null

2023-12-08 10:50:47 - [TEST_STEP][PASSED] - dataFile = "RADTestData/BeforePayments_Personal_IND": null

2023-12-08 10:50:47 - [TEST_STEP][PASSED] - orPath_Landing = "Object Repository/RAD_Pages/Landing_Page": null

2023-12-08 10:50:47 - [TEST_STEP][PASSED] - orPath_TaxTypeFilingYear = "Object Repository/RAD_Pages/TaxTypeFilingYear_Page": null

2023-12-08 10:50:47 - [TEST_STEP][PASSED] - orPath_Amount = "Object Repository/RAD_Pages/PaymentAmount_Page": null

2023-12-08 10:50:47 - [TEST_STEP][PASSED] - orPath_AddressContact = "Object Repository/RAD_Pages/AddressAndContactInfo_Page": null

2023-12-08 10:50:47 - [TEST_STEP][PASSED] - orPath_Summary = "Object Repository/RAD_Pages/Summary_Page": null

2023-12-08 10:50:47 - [TEST_STEP][PASSED] - orPath_PaymentConfirmation = "Object Repository/RAD_Pages/PaymentConfirmation_Page": null

2023-12-08 10:50:47 - [TEST_STEP][PASSED] - orPath_ServiceFeesAccept = "Object Repository/RAD_Pages/ServiceFeeAccept_Page": null

2023-12-08 10:50:47 - [TEST_STEP][PASSED] - orPath_PaymentEntry = "Object Repository/RAD_Pages/PaymentEntry_Page": null

2023-12-08 10:50:47 - [TEST_STEP][PASSED] - ExecuteTC = <not implemented yet for class: org.codehaus.groovy.ast.expr.EmptyExpression>: null

2023-12-08 10:50:47 - [TEST_STEP][PASSED] - TaxType = <not implemented yet for class: org.codehaus.groovy.ast.expr.EmptyExpression>: null

2023-12-08 10:50:47 - [TEST_STEP][PASSED] - PaymentType = <not implemented yet for class: org.codehaus.groovy.ast.expr.EmptyExpression>: null

2023-12-08 10:50:47 - [TEST_STEP][PASSED] - FilingYear = <not implemented yet for class: org.codehaus.groovy.ast.expr.EmptyExpression>: null

2023-12-08 10:50:47 - [TEST_STEP][PASSED] - PeriodEndingMonth = <not implemented yet for class: org.codehaus.groovy.ast.expr.EmptyExpression>: null

2023-12-08 10:50:47 - [TEST_STEP][PASSED] - executionProfile = getExecutionProfile(): null

2023-12-08 10:50:47 - [TEST_STEP][PASSED] - execProfile = getExecutionProfile(): null

2023-12-08 10:50:47 - [TEST_STEP][PASSED] - numOfRows = findTestData(dataFile).getRowNumbers(): null

2023-12-08 10:50:48 - [TEST_STEP][PASSED] - println("Number of Records: " + numOfRows): null

2023-12-08 10:50:48 - [TEST_STEP][PASSED] - for ([row = 1, row <= numOfRows, (row++)]): null

2023-12-08 10:50:48 - [TEST_STEP][PASSED] - ExecuteTC = findTestData(dataFile).getValue("Execute", row): null

2023-12-08 10:50:48 - [TEST_STEP][PASSED] - TaxType = findTestData(dataFile).getValue("TaxType", row): null

2023-12-08 10:50:48 - [TEST_STEP][PASSED] - PaymentType = findTestData(dataFile).getValue("PaymentType", row): null

2023-12-08 10:50:48 - [TEST_STEP][PASSED] - FilingYear = findTestData(dataFile).getValue("Year", row): null

2023-12-08 10:50:48 - [TEST_STEP][PASSED] - if (ExecuteTC.equalsIgnoreCase("Y")): null

2023-12-08 10:50:48 - [TEST_STEP][PASSED] - out.println("Begin Record Number: " + row): null

2023-12-08 10:50:48 - [TEST_STEP][PASSED] - today = new java.util.Date(): null

2023-12-08 10:50:48 - [TEST_STEP][PASSED] - println(today): null

2023-12-08 10:50:48 - [TEST_STEP][PASSED] - datText = today: null

2023-12-08 10:50:48 - [TEST_STEP][PASSED] - logInfo("Payment Type: " + PaymentType): Payment Type: Quarterly Estimated Tax

2023-12-08 10:50:48 - [MESSAGE][INFO] - Payment Type: Quarterly Estimated Tax

2023-12-08 10:50:48 - [TEST_STEP][PASSED] - logInfo("Tax Type: " + TaxType): Tax Type: Personal Income Tax

2023-12-08 10:50:48 - [MESSAGE][INFO] - Tax Type: Personal Income Tax

2023-12-08 10:50:48 - [TEST_STEP][PASSED] - openBrowser(""): Browser is opened with url: ''

2023-12-08 10:50:48 - [MESSAGE][WARNING] - A browser is already opened. Closing browser and opening a new one

2023-12-08 10:50:49 - [MESSAGE][INFO] - Starting 'Chrome' driver

2023-12-08 10:50:49 - [MESSAGE][INFO] - User set preference: ['acceptInsecureCerts', 'true']

2023-12-08 10:50:49 - [MESSAGE][INFO] - Action delay is set to 0 milliseconds

2023-12-08 10:50:50 - [MESSAGE][PASSED] - Browser is opened with url: ''

2023-12-08 10:50:50 - [TEST_STEP][PASSED] - maximizeWindow(): Current window maximized

2023-12-08 10:50:50 - [MESSAGE][PASSED] - Current window maximized

2023-12-08 10:50:50 - [TEST_STEP][PASSED] - navigateToUrl(RADurl): Navigate to 'https://qa2.velocitypayment.com/client/rad/index.html' successfully

2023-12-08 10:50:52 - [MESSAGE][PASSED] - Navigate to 'https://qa2.velocitypayment.com/client/rad/index.html' successfully

2023-12-08 10:50:52 - [TEST_STEP][PASSED] - selectOptionByLabel(findTestObject(orPath_Landing + "/dd_TaxType"), PaymentType, false): All options with label 'Quarterly Estimated Tax' are selected in object 'Object Repository/RAD_Pages/Landing_Page/dd_TaxType' 

2023-12-08 10:50:52 - [MESSAGE][PASSED] - All options with label 'Quarterly Estimated Tax' are selected in object 'Object Repository/RAD_Pages/Landing_Page/dd_TaxType' 

2023-12-08 10:50:52 - [TEST_STEP][PASSED] - switch (PaymentType): null

2023-12-08 10:50:52 - [TEST_STEP][PASSED] - case "Quarterly Estimated Tax":: null

2023-12-08 10:50:52 - [TEST_STEP][PASSED] - selectOptionByLabel(findTestObject(orPath_TaxTypeFilingYear + "/select_PaymentType"), TaxType, false): All options with label 'Personal Income Tax' are selected in object 'Object Repository/RAD_Pages/TaxTypeFilingYear_Page/select_PaymentType' 

2023-12-08 10:50:53 - [MESSAGE][PASSED] - All options with label 'Personal Income Tax' are selected in object 'Object Repository/RAD_Pages/TaxTypeFilingYear_Page/select_PaymentType' 

2023-12-08 10:50:53 - [TEST_STEP][PASSED] - break: null

2023-12-08 10:50:53 - [TEST_STEP][PASSED] - if (!(FilingYear.isEmpty())): All options with label '2023' are selected in object 'Object Repository/RAD_Pages/TaxTypeFilingYear_Page/select_FilingYear' 

2023-12-08 10:50:53 - [TEST_STEP][PASSED] - selectOptionByLabel(findTestObject(orPath_TaxTypeFilingYear + "/select_FilingYear"), FilingYear, false): All options with label '2023' are selected in object 'Object Repository/RAD_Pages/TaxTypeFilingYear_Page/select_FilingYear' 

2023-12-08 10:50:54 - [MESSAGE][PASSED] - All options with label '2023' are selected in object 'Object Repository/RAD_Pages/TaxTypeFilingYear_Page/select_FilingYear' 

2023-12-08 10:50:54 - [TEST_STEP][PASSED] - rad.getSetDataRAD.setDataRADssnAndName(): rad.getSetDataRAD.setDataRADssnAndName is PASSED

2023-12-08 10:50:54 - [MESSAGE][PASSED] - Text 'Jimmy' is set on object 'Object Repository/RAD_Pages/Taxpayer_Page/input_firstName'

2023-12-08 10:50:55 - [MESSAGE][PASSED] - Text 'Anderson' is set on object 'Object Repository/RAD_Pages/Taxpayer_Page/input_lastName'

2023-12-08 10:50:56 - [MESSAGE][PASSED] - Text '123451234' is set on object 'Object Repository/RAD_RecordAndPlay/input_concatSSN'

2023-12-08 10:50:56 - [MESSAGE][PASSED] - Text '123451234' is set on object 'Object Repository/RAD_RecordAndPlay/input_concatReSSN'

2023-12-08 10:50:56 - [MESSAGE][PASSED] - rad.getSetDataRAD.setDataRADssnAndName is PASSED

2023-12-08 10:50:56 - [TEST_STEP][PASSED] - rad.getSetDataRAD.setDataRADAddress(): rad.getSetDataRAD.setDataRADAddress is PASSED

2023-12-08 10:50:57 - [MESSAGE][PASSED] - All options with label 'United States' are selected in object 'Object Repository/RAD_Pages/AddressAndContactInfo_Page/select_Country' 

2023-12-08 10:50:58 - [MESSAGE][PASSED] - Text '2508 Mandan Terrace' is set on object 'Object Repository/RAD_Pages/AddressAndContactInfo_Page/input_streetAddress1'

2023-12-08 10:50:59 - [MESSAGE][PASSED] - Text '' is set on object 'Object Repository/RAD_Pages/AddressAndContactInfo_Page/input_streetAddress2'

2023-12-08 10:51:00 - [MESSAGE][PASSED] - Text 'Gambrills' is set on object 'Object Repository/RAD_Pages/AddressAndContactInfo_Page/input_city'

2023-12-08 10:51:00 - [MESSAGE][PASSED] - All options with label 'Maryland' are selected in object 'Object Repository/RAD_Pages/AddressAndContactInfo_Page/select_State' 

2023-12-08 10:51:01 - [MESSAGE][PASSED] - Text '21054' is set on object 'Object Repository/RAD_Pages/AddressAndContactInfo_Page/input_zipCode'

2023-12-08 10:51:02 - [MESSAGE][PASSED] - Text '(703) 894-5000' is set on object 'Object Repository/RAD_Pages/AddressAndContactInfo_Page/input_phoneNumber'

2023-12-08 10:51:03 - [MESSAGE][PASSED] - Text 'iahmed@govolution.com' is set on object 'Object Repository/RAD_Pages/AddressAndContactInfo_Page/input_eMailAddress'

2023-12-08 10:51:04 - [MESSAGE][PASSED] - Text 'iahmed@govolution.com' is set on object 'Object Repository/RAD_Pages/AddressAndContactInfo_Page/input_reEnterEMailAddress'

2023-12-08 10:51:04 - [MESSAGE][PASSED] - rad.getSetDataRAD.setDataRADAddress is PASSED

2023-12-08 10:51:04 - [TEST_STEP][PASSED] - setText(findTestObject(orPath_Amount + "/input__paymentAmount"), "100.00"): Text '100.00' is set on object 'Object Repository/RAD_Pages/PaymentAmount_Page/input__paymentAmount'

2023-12-08 10:51:04 - [MESSAGE][PASSED] - Text '100.00' is set on object 'Object Repository/RAD_Pages/PaymentAmount_Page/input__paymentAmount'

2023-12-08 10:51:04 - [TEST_STEP][PASSED] - setText(findTestObject(orPath_AddressContact + "/input_streetAddress2"), ""): Text '' is set on object 'Object Repository/RAD_Pages/AddressAndContactInfo_Page/input_streetAddress2'

2023-12-08 10:51:05 - [MESSAGE][PASSED] - Text '' is set on object 'Object Repository/RAD_Pages/AddressAndContactInfo_Page/input_streetAddress2'

2023-12-08 10:51:05 - [TEST_STEP][PASSED] - scrollToElement(findTestObject(orPath_Landing + "/button_Continue"), 3): Scroll to object 'Object Repository/RAD_Pages/Landing_Page/button_Continue' successfully

2023-12-08 10:51:06 - [MESSAGE][PASSED] - Scroll to object 'Object Repository/RAD_Pages/Landing_Page/button_Continue' successfully

2023-12-08 10:51:06 - [TEST_STEP][PASSED] - waitForElementClickable(findTestObject(orPath_Landing + "/button_Continue"), 5): Object 'Object Repository/RAD_Pages/Landing_Page/button_Continue' is clickable

2023-12-08 10:51:06 - [MESSAGE][PASSED] - Object 'Object Repository/RAD_Pages/Landing_Page/button_Continue' is clickable

2023-12-08 10:51:06 - [TEST_STEP][PASSED] - click(findTestObject(orPath_Landing + "/button_Continue")): Object: 'Object Repository/RAD_Pages/Landing_Page/button_Continue' is clicked on

2023-12-08 10:51:06 - [MESSAGE][PASSED] - Object: 'Object Repository/RAD_Pages/Landing_Page/button_Continue' is clicked on

2023-12-08 10:51:06 - [TEST_STEP][PASSED] - delay(2): Delayed 2 second(s)

2023-12-08 10:51:08 - [MESSAGE][PASSED] - Delayed 2 second(s)

2023-12-08 10:51:08 - [TEST_STEP][PASSED] - click(findTestObject(orPath_Summary + "/button_Proceed to Payment")): Object: 'Object Repository/RAD_Pages/Summary_Page/button_Proceed to Payment' is clicked on

2023-12-08 10:51:10 - [MESSAGE][PASSED] - Object: 'Object Repository/RAD_Pages/Summary_Page/button_Proceed to Payment' is clicked on

2023-12-08 10:51:10 - [TEST_STEP][PASSED] - if (verifyElementPresent(findTestObject("Object Repository/RAD_Pages/PaymentEntry_Page/input__billingName"), 30)): null

2023-12-08 10:51:10 - [MESSAGE][PASSED] - Object 'Object Repository/RAD_Pages/PaymentEntry_Page/input__billingName' is present

2023-12-08 10:51:10 - [TEST_STEP][PASSED] - verifyTextPresent("Comptroller of Maryland", true): Text 'Comptroller of Maryland' is present on page  using regular expression

2023-12-08 10:51:11 - [MESSAGE][PASSED] - Text 'Comptroller of Maryland' is present on page  using regular expression

2023-12-08 10:51:11 - [TEST_STEP][PASSED] - verifyTextPresent("Payment Information", true): Text 'Payment Information' is present on page  using regular expression

2023-12-08 10:51:11 - [MESSAGE][PASSED] - Text 'Payment Information' is present on page  using regular expression

2023-12-08 10:51:11 - [TEST_STEP][PASSED] - card_Name = getAttribute(findTestObject("Object Repository/RAD_Pages/PaymentEntry_Page/input__billingName"), "value"): Attribute 'value' of object 'Object Repository/RAD_Pages/PaymentEntry_Page/input__billingName' is: 'Jimmy Anderson'

2023-12-08 10:51:11 - [MESSAGE][PASSED] - Attribute 'value' of object 'Object Repository/RAD_Pages/PaymentEntry_Page/input__billingName' is: 'Jimmy Anderson'

2023-12-08 10:51:11 - [TEST_STEP][PASSED] - switch (executionProfile): null

2023-12-08 10:51:11 - [TEST_STEP][PASSED] - case "QA2Profile":: null

2023-12-08 10:51:11 - [TEST_STEP][PASSED] - verifyMatch("Jimmy Anderson", card_Name, false): Actual text 'Jimmy Anderson' and expected text 'Jimmy Anderson' are matched 

2023-12-08 10:51:11 - [MESSAGE][PASSED] - Actual text 'Jimmy Anderson' and expected text 'Jimmy Anderson' are matched 

2023-12-08 10:51:11 - [TEST_STEP][PASSED] - break: null

2023-12-08 10:51:11 - [TEST_STEP][PASSED] - AL1 = getAttribute(findTestObject("Object Repository/RAD_Pages/PaymentEntry_Page/input_billingAddress"), "value"): Attribute 'value' of object 'Object Repository/RAD_Pages/PaymentEntry_Page/input_billingAddress' is: '2508 Mandan Terrace'

2023-12-08 10:51:12 - [MESSAGE][PASSED] - Attribute 'value' of object 'Object Repository/RAD_Pages/PaymentEntry_Page/input_billingAddress' is: '2508 Mandan Terrace'

2023-12-08 10:51:12 - [TEST_STEP][PASSED] - verifyMatch("2508 Mandan Terrace", AL1, false): Actual text '2508 Mandan Terrace' and expected text '2508 Mandan Terrace' are matched 

2023-12-08 10:51:12 - [MESSAGE][PASSED] - Actual text '2508 Mandan Terrace' and expected text '2508 Mandan Terrace' are matched 

2023-12-08 10:51:12 - [TEST_STEP][PASSED] - AL2 = getAttribute(findTestObject("Object Repository/RAD_Pages/PaymentEntry_Page/input_billingAddress2"), "value"): Attribute 'value' of object 'Object Repository/RAD_Pages/PaymentEntry_Page/input_billingAddress2' is: ''

2023-12-08 10:51:12 - [MESSAGE][PASSED] - Attribute 'value' of object 'Object Repository/RAD_Pages/PaymentEntry_Page/input_billingAddress2' is: ''

2023-12-08 10:51:12 - [TEST_STEP][PASSED] - verifyMatch("", AL2, false): Actual text '' and expected text '' are matched 

2023-12-08 10:51:12 - [MESSAGE][PASSED] - Actual text '' and expected text '' are matched 

2023-12-08 10:51:12 - [TEST_STEP][PASSED] - zipCode = getAttribute(findTestObject("Object Repository/RAD_Pages/PaymentEntry_Page/input_billingZip"), "value"): Attribute 'value' of object 'Object Repository/RAD_Pages/PaymentEntry_Page/input_billingZip' is: '21054'

2023-12-08 10:51:12 - [MESSAGE][PASSED] - Attribute 'value' of object 'Object Repository/RAD_Pages/PaymentEntry_Page/input_billingZip' is: '21054'

2023-12-08 10:51:12 - [TEST_STEP][PASSED] - verifyMatch("21054", zipCode, false): Actual text '21054' and expected text '21054' are matched 

2023-12-08 10:51:12 - [MESSAGE][PASSED] - Actual text '21054' and expected text '21054' are matched 

2023-12-08 10:51:12 - [TEST_STEP][PASSED] - city = getAttribute(findTestObject("Object Repository/RAD_Pages/PaymentEntry_Page/input_billingCity"), "value"): Attribute 'value' of object 'Object Repository/RAD_Pages/PaymentEntry_Page/input_billingCity' is: 'GAMBRILLS'

2023-12-08 10:51:13 - [MESSAGE][PASSED] - Attribute 'value' of object 'Object Repository/RAD_Pages/PaymentEntry_Page/input_billingCity' is: 'GAMBRILLS'

2023-12-08 10:51:13 - [TEST_STEP][PASSED] - verifyMatch("GAMBRILLS", city, false): Actual text 'GAMBRILLS' and expected text 'GAMBRILLS' are matched 

2023-12-08 10:51:13 - [MESSAGE][PASSED] - Actual text 'GAMBRILLS' and expected text 'GAMBRILLS' are matched 

2023-12-08 10:51:13 - [TEST_STEP][PASSED] - email = getAttribute(findTestObject("Object Repository/RAD_Pages/PaymentEntry_Page/input_emailAddress"), "value"): Attribute 'value' of object 'Object Repository/RAD_Pages/PaymentEntry_Page/input_emailAddress' is: 'iahmed@govolution.com'

2023-12-08 10:51:13 - [MESSAGE][PASSED] - Attribute 'value' of object 'Object Repository/RAD_Pages/PaymentEntry_Page/input_emailAddress' is: 'iahmed@govolution.com'

2023-12-08 10:51:13 - [TEST_STEP][PASSED] - verifyMatch("iahmed@govolution.com", email, false): Actual text 'iahmed@govolution.com' and expected text 'iahmed@govolution.com' are matched 

2023-12-08 10:51:13 - [MESSAGE][PASSED] - Actual text 'iahmed@govolution.com' and expected text 'iahmed@govolution.com' are matched 

2023-12-08 10:51:13 - [TEST_STEP][PASSED] - amount = getAttribute(findTestObject("Object Repository/RAD_Pages/PaymentEntry_Page/input_amount"), "value"): Attribute 'value' of object 'Object Repository/RAD_Pages/PaymentEntry_Page/input_amount' is: '100.00'

2023-12-08 10:51:13 - [MESSAGE][PASSED] - Attribute 'value' of object 'Object Repository/RAD_Pages/PaymentEntry_Page/input_amount' is: '100.00'

2023-12-08 10:51:13 - [TEST_STEP][PASSED] - verifyMatch("100.00", amount, false): Actual text '100.00' and expected text '100.00' are matched 

2023-12-08 10:51:13 - [MESSAGE][PASSED] - Actual text '100.00' and expected text '100.00' are matched 

2023-12-08 10:51:13 - [TEST_STEP][PASSED] - amountReadOnly = getAttribute(findTestObject("Object Repository/RAD_Pages/PaymentEntry_Page/input_amount"), "readonly"): Attribute 'readonly' of object 'Object Repository/RAD_Pages/PaymentEntry_Page/input_amount' is: 'true'

2023-12-08 10:51:14 - [MESSAGE][PASSED] - Attribute 'readonly' of object 'Object Repository/RAD_Pages/PaymentEntry_Page/input_amount' is: 'true'

2023-12-08 10:51:14 - [TEST_STEP][PASSED] - verifyMatch("true", amountReadOnly, false): Actual text 'true' and expected text 'true' are matched 

2023-12-08 10:51:14 - [MESSAGE][PASSED] - Actual text 'true' and expected text 'true' are matched 

2023-12-08 10:51:14 - [TEST_STEP][PASSED] - verifyOptionSelectedByLabel(findTestObject("Object Repository/RAD_Pages/PaymentEntry_Page/select_Country"), "United States", false, 20): All options with label 'United States' are selected in object 'Object Repository/RAD_Pages/PaymentEntry_Page/select_Country' 

2023-12-08 10:51:15 - [MESSAGE][PASSED] - All options with label 'United States' are selected in object 'Object Repository/RAD_Pages/PaymentEntry_Page/select_Country' 

2023-12-08 10:51:15 - [TEST_STEP][PASSED] - verifyOptionSelectedByLabel(findTestObject("Object Repository/RAD_Pages/PaymentEntry_Page/select_State"), "Maryland", false, 20): All options with label 'Maryland' are selected in object 'Object Repository/RAD_Pages/PaymentEntry_Page/select_State' 

2023-12-08 10:51:18 - [MESSAGE][PASSED] - All options with label 'Maryland' are selected in object 'Object Repository/RAD_Pages/PaymentEntry_Page/select_State' 

2023-12-08 10:51:18 - [TEST_STEP][PASSED] - setText(findTestObject(orPath_PaymentEntry + "/input__cardNumber"), "4111111111111111"): Text '4111111111111111' is set on object 'Object Repository/RAD_Pages/PaymentEntry_Page/input__cardNumber'

2023-12-08 10:51:18 - [MESSAGE][PASSED] - Text '4111111111111111' is set on object 'Object Repository/RAD_Pages/PaymentEntry_Page/input__cardNumber'

2023-12-08 10:51:18 - [TEST_STEP][PASSED] - setText(findTestObject(orPath_PaymentEntry + "/input__spc"), "123"): Text '123' is set on object 'Object Repository/RAD_Pages/PaymentEntry_Page/input__spc'

2023-12-08 10:51:19 - [MESSAGE][PASSED] - Text '123' is set on object 'Object Repository/RAD_Pages/PaymentEntry_Page/input__spc'

2023-12-08 10:51:19 - [TEST_STEP][PASSED] - selectOptionByLabel(findTestObject(orPath_PaymentEntry + "/select_MM"), "12", false): All options with label '12' are selected in object 'Object Repository/RAD_Pages/PaymentEntry_Page/select_MM' 

2023-12-08 10:51:20 - [MESSAGE][PASSED] - All options with label '12' are selected in object 'Object Repository/RAD_Pages/PaymentEntry_Page/select_MM' 

2023-12-08 10:51:20 - [TEST_STEP][PASSED] - selectOptionByLabel(findTestObject(orPath_PaymentEntry + "/select_YYYY"), "2028", false): All options with label '2028' are selected in object 'Object Repository/RAD_Pages/PaymentEntry_Page/select_YYYY' 

2023-12-08 10:51:20 - [MESSAGE][PASSED] - All options with label '2028' are selected in object 'Object Repository/RAD_Pages/PaymentEntry_Page/select_YYYY' 

2023-12-08 10:51:20 - [TEST_STEP][PASSED] - click(findTestObject(orPath_PaymentEntry + "/input_Field_ccSubmit")): Object: 'Object Repository/RAD_Pages/PaymentEntry_Page/input_Field_ccSubmit' is clicked on

2023-12-08 10:51:21 - [MESSAGE][PASSED] - Object: 'Object Repository/RAD_Pages/PaymentEntry_Page/input_Field_ccSubmit' is clicked on

2023-12-08 10:51:21 - [TEST_STEP][PASSED] - click(findTestObject(orPath_PaymentConfirmation + "/input_N_confirmNotifyAction")): Object: 'Object Repository/RAD_Pages/PaymentConfirmation_Page/input_N_confirmNotifyAction' is clicked on

2023-12-08 10:51:22 - [MESSAGE][PASSED] - Object: 'Object Repository/RAD_Pages/PaymentConfirmation_Page/input_N_confirmNotifyAction' is clicked on

2023-12-08 10:51:22 - [TEST_STEP][PASSED] - verifyTextPresent("Service Fee Acceptance", true): Text 'Service Fee Acceptance' is present on page  using regular expression

2023-12-08 10:51:23 - [MESSAGE][PASSED] - Text 'Service Fee Acceptance' is present on page  using regular expression

2023-12-08 10:51:23 - [TEST_STEP][PASSED] - verifyTextPresent("This transaction is subject to a Service Fee of ", true): Text 'This transaction is subject to a Service Fee of ' is present on page  using regular expression

2023-12-08 10:51:23 - [MESSAGE][PASSED] - Text 'This transaction is subject to a Service Fee of ' is present on page  using regular expression

2023-12-08 10:51:23 - [TEST_STEP][PASSED] - verifyTextPresent("Payment Amount:", true): Text 'Payment Amount:' is present on page  using regular expression

2023-12-08 10:51:24 - [MESSAGE][PASSED] - Text 'Payment Amount:' is present on page  using regular expression

2023-12-08 10:51:24 - [TEST_STEP][PASSED] - verifyTextPresent("100.00", true): Text '100.00' is present on page  using regular expression

2023-12-08 10:51:24 - [MESSAGE][PASSED] - Text '100.00' is present on page  using regular expression

2023-12-08 10:51:24 - [TEST_STEP][PASSED] - verifyTextPresent("Service Fee:", true): Text 'Service Fee:' is present on page  using regular expression

2023-12-08 10:51:24 - [MESSAGE][PASSED] - Text 'Service Fee:' is present on page  using regular expression

2023-12-08 10:51:24 - [TEST_STEP][PASSED] - verifyTextPresent("2.45", true): Text '2.45' is present on page  using regular expression

2023-12-08 10:51:24 - [MESSAGE][PASSED] - Text '2.45' is present on page  using regular expression

2023-12-08 10:51:24 - [TEST_STEP][PASSED] - verifyTextPresent("Total Amount:", true): Text 'Total Amount:' is present on page  using regular expression

2023-12-08 10:51:25 - [MESSAGE][PASSED] - Text 'Total Amount:' is present on page  using regular expression

2023-12-08 10:51:25 - [TEST_STEP][PASSED] - verifyTextPresent("102.45", true): Text '102.45' is present on page  using regular expression

2023-12-08 10:51:25 - [MESSAGE][PASSED] - Text '102.45' is present on page  using regular expression

2023-12-08 10:51:25 - [TEST_STEP][PASSED] - verifyTextPresent("Two transactions will appear on your bank statement, one in the amount of", true): Text 'Two transactions will appear on your bank statement, one in the amount of' is present on page  using regular expression

2023-12-08 10:51:25 - [MESSAGE][PASSED] - Text 'Two transactions will appear on your bank statement, one in the amount of' is present on page  using regular expression

2023-12-08 10:51:25 - [TEST_STEP][PASSED] - if (verifyElementPresent(findTestObject(orPath_ServiceFeesAccept + "/input_convFeeNotifyAction"), 30)): null

2023-12-08 10:51:26 - [MESSAGE][PASSED] - Object 'Object Repository/RAD_Pages/ServiceFeeAccept_Page/input_convFeeNotifyAction' is present

2023-12-08 10:51:26 - [TEST_STEP][PASSED] - resText = "Pass": null

2023-12-08 10:51:26 - [TEST_STEP][PASSED] - pages.WriteExcel.demoKey(resText, datText, resColumn, datCloumn, fileLoc, nameSheet, row): pages.WriteExcel.demoKey is PASSED

2023-12-08 10:51:26 - [MESSAGE][PASSED] - pages.WriteExcel.demoKey is PASSED

2023-12-08 10:51:26 - [TEST_STEP][PASSED] - if (execProfile == "QAProfile" || execProfile == "QA2Profile"): Text 'Successful Payment Receipt' is present on page  using regular expression

2023-12-08 10:51:26 - [TEST_STEP][PASSED] - click(findTestObject(orPath_ServiceFeesAccept + "/input_convFeeNotifyAction")): Object: 'Object Repository/RAD_Pages/ServiceFeeAccept_Page/input_convFeeNotifyAction' is clicked on

2023-12-08 10:51:27 - [MESSAGE][PASSED] - Object: 'Object Repository/RAD_Pages/ServiceFeeAccept_Page/input_convFeeNotifyAction' is clicked on

2023-12-08 10:51:27 - [TEST_STEP][PASSED] - delay(10): Delayed 10 second(s)

2023-12-08 10:51:37 - [MESSAGE][PASSED] - Delayed 10 second(s)

2023-12-08 10:51:37 - [TEST_STEP][PASSED] - verifyTextPresent("Successful Payment Receipt", true): Text 'Successful Payment Receipt' is present on page  using regular expression

2023-12-08 10:51:37 - [MESSAGE][PASSED] - Text 'Successful Payment Receipt' is present on page  using regular expression

2023-12-08 10:51:37 - [TEST_STEP][PASSED] - ExecuteTC = findTestData(dataFile).getValue("Execute", row): null

2023-12-08 10:51:37 - [TEST_STEP][PASSED] - TaxType = findTestData(dataFile).getValue("TaxType", row): null

2023-12-08 10:51:37 - [TEST_STEP][PASSED] - PaymentType = findTestData(dataFile).getValue("PaymentType", row): null

2023-12-08 10:51:37 - [TEST_STEP][PASSED] - FilingYear = findTestData(dataFile).getValue("Year", row): null

2023-12-08 10:51:37 - [TEST_STEP][PASSED] - if (ExecuteTC.equalsIgnoreCase("Y")): null

2023-12-08 10:51:37 - [TEST_STEP][PASSED] - ExecuteTC = findTestData(dataFile).getValue("Execute", row): null

2023-12-08 10:51:37 - [TEST_STEP][PASSED] - TaxType = findTestData(dataFile).getValue("TaxType", row): null

2023-12-08 10:51:37 - [TEST_STEP][PASSED] - PaymentType = findTestData(dataFile).getValue("PaymentType", row): null

2023-12-08 10:51:37 - [TEST_STEP][PASSED] - FilingYear = findTestData(dataFile).getValue("Year", row): null

2023-12-08 10:51:38 - [TEST_STEP][PASSED] - if (ExecuteTC.equalsIgnoreCase("Y")): null

2023-12-08 10:51:38 - [TEST_STEP][PASSED] - out.println("Begin Record Number: " + row): null

2023-12-08 10:51:38 - [TEST_STEP][PASSED] - today = new java.util.Date(): null

2023-12-08 10:51:38 - [TEST_STEP][PASSED] - println(today): null

2023-12-08 10:51:38 - [TEST_STEP][PASSED] - datText = today: null

2023-12-08 10:51:38 - [TEST_STEP][PASSED] - logInfo("Payment Type: " + PaymentType): Payment Type: New Tax Return Amount Due

2023-12-08 10:51:38 - [MESSAGE][INFO] - Payment Type: New Tax Return Amount Due

2023-12-08 10:51:38 - [TEST_STEP][PASSED] - logInfo("Tax Type: " + TaxType): Tax Type: Personal Income Tax

2023-12-08 10:51:38 - [MESSAGE][INFO] - Tax Type: Personal Income Tax

2023-12-08 10:51:38 - [TEST_STEP][PASSED] - openBrowser(""): Browser is opened with url: ''

2023-12-08 10:51:38 - [MESSAGE][WARNING] - A browser is already opened. Closing browser and opening a new one

2023-12-08 10:51:38 - [MESSAGE][INFO] - Starting 'Chrome' driver

2023-12-08 10:51:38 - [MESSAGE][INFO] - User set preference: ['acceptInsecureCerts', 'true']

2023-12-08 10:51:38 - [MESSAGE][INFO] - Action delay is set to 0 milliseconds

2023-12-08 10:51:40 - [MESSAGE][PASSED] - Browser is opened with url: ''

2023-12-08 10:51:40 - [TEST_STEP][PASSED] - maximizeWindow(): Current window maximized

2023-12-08 10:51:40 - [MESSAGE][PASSED] - Current window maximized

2023-12-08 10:51:40 - [TEST_STEP][PASSED] - navigateToUrl(RADurl): Navigate to 'https://qa2.velocitypayment.com/client/rad/index.html' successfully

2023-12-08 10:51:42 - [MESSAGE][PASSED] - Navigate to 'https://qa2.velocitypayment.com/client/rad/index.html' successfully

2023-12-08 10:51:42 - [TEST_STEP][PASSED] - selectOptionByLabel(findTestObject(orPath_Landing + "/dd_TaxType"), PaymentType, false): All options with label 'New Tax Return Amount Due' are selected in object 'Object Repository/RAD_Pages/Landing_Page/dd_TaxType' 

2023-12-08 10:51:42 - [MESSAGE][PASSED] - All options with label 'New Tax Return Amount Due' are selected in object 'Object Repository/RAD_Pages/Landing_Page/dd_TaxType' 

2023-12-08 10:51:42 - [TEST_STEP][PASSED] - switch (PaymentType): null

2023-12-08 10:51:42 - [TEST_STEP][PASSED] - case "New Tax Return Amount Due":: null

2023-12-08 10:51:42 - [TEST_STEP][PASSED] - selectOptionByLabel(findTestObject("Object Repository/RAD_Pages/Landing_Page/select_NewTaxReturnAmountDue_TaxType"), TaxType, false): All options with label 'Personal Income Tax' are selected in object 'Object Repository/RAD_Pages/Landing_Page/select_NewTaxReturnAmountDue_TaxType' 

2023-12-08 10:51:43 - [MESSAGE][PASSED] - All options with label 'Personal Income Tax' are selected in object 'Object Repository/RAD_Pages/Landing_Page/select_NewTaxReturnAmountDue_TaxType' 

2023-12-08 10:51:43 - [TEST_STEP][PASSED] - break: null

2023-12-08 10:51:43 - [TEST_STEP][PASSED] - if (!(FilingYear.isEmpty())): All options with label '2022' are selected in object 'Object Repository/RAD_Pages/TaxTypeFilingYear_Page/select_FilingYear' 

2023-12-08 10:51:43 - [TEST_STEP][PASSED] - selectOptionByLabel(findTestObject(orPath_TaxTypeFilingYear + "/select_FilingYear"), FilingYear, false): All options with label '2022' are selected in object 'Object Repository/RAD_Pages/TaxTypeFilingYear_Page/select_FilingYear' 

2023-12-08 10:51:44 - [MESSAGE][PASSED] - All options with label '2022' are selected in object 'Object Repository/RAD_Pages/TaxTypeFilingYear_Page/select_FilingYear' 

2023-12-08 10:51:44 - [TEST_STEP][PASSED] - rad.getSetDataRAD.setDataRADssnAndName(): rad.getSetDataRAD.setDataRADssnAndName is PASSED

2023-12-08 10:51:45 - [MESSAGE][PASSED] - Text 'Jimmy' is set on object 'Object Repository/RAD_Pages/Taxpayer_Page/input_firstName'

2023-12-08 10:51:45 - [MESSAGE][PASSED] - Text 'Anderson' is set on object 'Object Repository/RAD_Pages/Taxpayer_Page/input_lastName'

2023-12-08 10:51:46 - [MESSAGE][PASSED] - Text '123451234' is set on object 'Object Repository/RAD_RecordAndPlay/input_concatSSN'

2023-12-08 10:51:47 - [MESSAGE][PASSED] - Text '123451234' is set on object 'Object Repository/RAD_RecordAndPlay/input_concatReSSN'

2023-12-08 10:51:47 - [MESSAGE][PASSED] - rad.getSetDataRAD.setDataRADssnAndName is PASSED

2023-12-08 10:51:47 - [TEST_STEP][PASSED] - rad.getSetDataRAD.setDataRADAddress(): rad.getSetDataRAD.setDataRADAddress is PASSED

2023-12-08 10:51:47 - [MESSAGE][PASSED] - All options with label 'United States' are selected in object 'Object Repository/RAD_Pages/AddressAndContactInfo_Page/select_Country' 

2023-12-08 10:51:48 - [MESSAGE][PASSED] - Text '2508 Mandan Terrace' is set on object 'Object Repository/RAD_Pages/AddressAndContactInfo_Page/input_streetAddress1'

2023-12-08 10:51:49 - [MESSAGE][PASSED] - Text '' is set on object 'Object Repository/RAD_Pages/AddressAndContactInfo_Page/input_streetAddress2'

2023-12-08 10:51:50 - [MESSAGE][PASSED] - Text 'Gambrills' is set on object 'Object Repository/RAD_Pages/AddressAndContactInfo_Page/input_city'

2023-12-08 10:51:51 - [MESSAGE][PASSED] - All options with label 'Maryland' are selected in object 'Object Repository/RAD_Pages/AddressAndContactInfo_Page/select_State' 

2023-12-08 10:51:51 - [MESSAGE][PASSED] - Text '21054' is set on object 'Object Repository/RAD_Pages/AddressAndContactInfo_Page/input_zipCode'

2023-12-08 10:51:52 - [MESSAGE][PASSED] - Text '(703) 894-5000' is set on object 'Object Repository/RAD_Pages/AddressAndContactInfo_Page/input_phoneNumber'

2023-12-08 10:51:53 - [MESSAGE][PASSED] - Text 'iahmed@govolution.com' is set on object 'Object Repository/RAD_Pages/AddressAndContactInfo_Page/input_eMailAddress'

2023-12-08 10:51:54 - [MESSAGE][PASSED] - Text 'iahmed@govolution.com' is set on object 'Object Repository/RAD_Pages/AddressAndContactInfo_Page/input_reEnterEMailAddress'

2023-12-08 10:51:54 - [MESSAGE][PASSED] - rad.getSetDataRAD.setDataRADAddress is PASSED

2023-12-08 10:51:54 - [TEST_STEP][PASSED] - setText(findTestObject(orPath_Amount + "/input__paymentAmount"), "100.00"): Text '100.00' is set on object 'Object Repository/RAD_Pages/PaymentAmount_Page/input__paymentAmount'

2023-12-08 10:51:55 - [MESSAGE][PASSED] - Text '100.00' is set on object 'Object Repository/RAD_Pages/PaymentAmount_Page/input__paymentAmount'

2023-12-08 10:51:55 - [TEST_STEP][PASSED] - setText(findTestObject(orPath_AddressContact + "/input_streetAddress2"), ""): Text '' is set on object 'Object Repository/RAD_Pages/AddressAndContactInfo_Page/input_streetAddress2'

2023-12-08 10:51:55 - [MESSAGE][PASSED] - Text '' is set on object 'Object Repository/RAD_Pages/AddressAndContactInfo_Page/input_streetAddress2'

2023-12-08 10:51:55 - [TEST_STEP][PASSED] - scrollToElement(findTestObject(orPath_Landing + "/button_Continue"), 3): Scroll to object 'Object Repository/RAD_Pages/Landing_Page/button_Continue' successfully

2023-12-08 10:51:56 - [MESSAGE][PASSED] - Scroll to object 'Object Repository/RAD_Pages/Landing_Page/button_Continue' successfully

2023-12-08 10:51:56 - [TEST_STEP][PASSED] - waitForElementClickable(findTestObject(orPath_Landing + "/button_Continue"), 5): Object 'Object Repository/RAD_Pages/Landing_Page/button_Continue' is clickable

2023-12-08 10:51:56 - [MESSAGE][PASSED] - Object 'Object Repository/RAD_Pages/Landing_Page/button_Continue' is clickable

2023-12-08 10:51:56 - [TEST_STEP][PASSED] - click(findTestObject(orPath_Landing + "/button_Continue")): Object: 'Object Repository/RAD_Pages/Landing_Page/button_Continue' is clicked on

2023-12-08 10:51:57 - [MESSAGE][PASSED] - Object: 'Object Repository/RAD_Pages/Landing_Page/button_Continue' is clicked on

2023-12-08 10:51:57 - [TEST_STEP][PASSED] - delay(2): Delayed 2 second(s)

2023-12-08 10:51:59 - [MESSAGE][PASSED] - Delayed 2 second(s)

2023-12-08 10:51:59 - [TEST_STEP][PASSED] - click(findTestObject(orPath_Summary + "/button_Proceed to Payment")): Object: 'Object Repository/RAD_Pages/Summary_Page/button_Proceed to Payment' is clicked on

2023-12-08 10:52:00 - [MESSAGE][PASSED] - Object: 'Object Repository/RAD_Pages/Summary_Page/button_Proceed to Payment' is clicked on

2023-12-08 10:52:00 - [TEST_STEP][PASSED] - if (verifyElementPresent(findTestObject("Object Repository/RAD_Pages/PaymentEntry_Page/input__billingName"), 30)): null

2023-12-08 10:52:01 - [MESSAGE][PASSED] - Object 'Object Repository/RAD_Pages/PaymentEntry_Page/input__billingName' is present

2023-12-08 10:52:01 - [TEST_STEP][PASSED] - verifyTextPresent("Comptroller of Maryland", true): Text 'Comptroller of Maryland' is present on page  using regular expression

2023-12-08 10:52:01 - [MESSAGE][PASSED] - Text 'Comptroller of Maryland' is present on page  using regular expression

2023-12-08 10:52:01 - [TEST_STEP][PASSED] - verifyTextPresent("Payment Information", true): Text 'Payment Information' is present on page  using regular expression

2023-12-08 10:52:01 - [MESSAGE][PASSED] - Text 'Payment Information' is present on page  using regular expression

2023-12-08 10:52:01 - [TEST_STEP][PASSED] - card_Name = getAttribute(findTestObject("Object Repository/RAD_Pages/PaymentEntry_Page/input__billingName"), "value"): Attribute 'value' of object 'Object Repository/RAD_Pages/PaymentEntry_Page/input__billingName' is: 'Jimmy Anderson'

2023-12-08 10:52:02 - [MESSAGE][PASSED] - Attribute 'value' of object 'Object Repository/RAD_Pages/PaymentEntry_Page/input__billingName' is: 'Jimmy Anderson'

2023-12-08 10:52:02 - [TEST_STEP][PASSED] - switch (executionProfile): null

2023-12-08 10:52:02 - [TEST_STEP][PASSED] - case "QA2Profile":: null

2023-12-08 10:52:02 - [TEST_STEP][PASSED] - verifyMatch("Jimmy Anderson", card_Name, false): Actual text 'Jimmy Anderson' and expected text 'Jimmy Anderson' are matched 

2023-12-08 10:52:02 - [MESSAGE][PASSED] - Actual text 'Jimmy Anderson' and expected text 'Jimmy Anderson' are matched 

2023-12-08 10:52:02 - [TEST_STEP][PASSED] - break: null

2023-12-08 10:52:02 - [TEST_STEP][PASSED] - AL1 = getAttribute(findTestObject("Object Repository/RAD_Pages/PaymentEntry_Page/input_billingAddress"), "value"): Attribute 'value' of object 'Object Repository/RAD_Pages/PaymentEntry_Page/input_billingAddress' is: '2508 Mandan Terrace'

2023-12-08 10:52:02 - [MESSAGE][PASSED] - Attribute 'value' of object 'Object Repository/RAD_Pages/PaymentEntry_Page/input_billingAddress' is: '2508 Mandan Terrace'

2023-12-08 10:52:02 - [TEST_STEP][PASSED] - verifyMatch("2508 Mandan Terrace", AL1, false): Actual text '2508 Mandan Terrace' and expected text '2508 Mandan Terrace' are matched 

2023-12-08 10:52:02 - [MESSAGE][PASSED] - Actual text '2508 Mandan Terrace' and expected text '2508 Mandan Terrace' are matched 

2023-12-08 10:52:02 - [TEST_STEP][PASSED] - AL2 = getAttribute(findTestObject("Object Repository/RAD_Pages/PaymentEntry_Page/input_billingAddress2"), "value"): Attribute 'value' of object 'Object Repository/RAD_Pages/PaymentEntry_Page/input_billingAddress2' is: ''

2023-12-08 10:52:02 - [MESSAGE][PASSED] - Attribute 'value' of object 'Object Repository/RAD_Pages/PaymentEntry_Page/input_billingAddress2' is: ''

2023-12-08 10:52:02 - [TEST_STEP][PASSED] - verifyMatch("", AL2, false): Actual text '' and expected text '' are matched 

2023-12-08 10:52:02 - [MESSAGE][PASSED] - Actual text '' and expected text '' are matched 

2023-12-08 10:52:02 - [TEST_STEP][PASSED] - zipCode = getAttribute(findTestObject("Object Repository/RAD_Pages/PaymentEntry_Page/input_billingZip"), "value"): Attribute 'value' of object 'Object Repository/RAD_Pages/PaymentEntry_Page/input_billingZip' is: '21054'

2023-12-08 10:52:03 - [MESSAGE][PASSED] - Attribute 'value' of object 'Object Repository/RAD_Pages/PaymentEntry_Page/input_billingZip' is: '21054'

2023-12-08 10:52:03 - [TEST_STEP][PASSED] - verifyMatch("21054", zipCode, false): Actual text '21054' and expected text '21054' are matched 

2023-12-08 10:52:03 - [MESSAGE][PASSED] - Actual text '21054' and expected text '21054' are matched 

2023-12-08 10:52:03 - [TEST_STEP][PASSED] - city = getAttribute(findTestObject("Object Repository/RAD_Pages/PaymentEntry_Page/input_billingCity"), "value"): Attribute 'value' of object 'Object Repository/RAD_Pages/PaymentEntry_Page/input_billingCity' is: 'GAMBRILLS'

2023-12-08 10:52:03 - [MESSAGE][PASSED] - Attribute 'value' of object 'Object Repository/RAD_Pages/PaymentEntry_Page/input_billingCity' is: 'GAMBRILLS'

2023-12-08 10:52:03 - [TEST_STEP][PASSED] - verifyMatch("GAMBRILLS", city, false): Actual text 'GAMBRILLS' and expected text 'GAMBRILLS' are matched 

2023-12-08 10:52:03 - [MESSAGE][PASSED] - Actual text 'GAMBRILLS' and expected text 'GAMBRILLS' are matched 

2023-12-08 10:52:03 - [TEST_STEP][PASSED] - email = getAttribute(findTestObject("Object Repository/RAD_Pages/PaymentEntry_Page/input_emailAddress"), "value"): Attribute 'value' of object 'Object Repository/RAD_Pages/PaymentEntry_Page/input_emailAddress' is: 'iahmed@govolution.com'

2023-12-08 10:52:03 - [MESSAGE][PASSED] - Attribute 'value' of object 'Object Repository/RAD_Pages/PaymentEntry_Page/input_emailAddress' is: 'iahmed@govolution.com'

2023-12-08 10:52:03 - [TEST_STEP][PASSED] - verifyMatch("iahmed@govolution.com", email, false): Actual text 'iahmed@govolution.com' and expected text 'iahmed@govolution.com' are matched 

2023-12-08 10:52:03 - [MESSAGE][PASSED] - Actual text 'iahmed@govolution.com' and expected text 'iahmed@govolution.com' are matched 

2023-12-08 10:52:03 - [TEST_STEP][PASSED] - amount = getAttribute(findTestObject("Object Repository/RAD_Pages/PaymentEntry_Page/input_amount"), "value"): Attribute 'value' of object 'Object Repository/RAD_Pages/PaymentEntry_Page/input_amount' is: '100.00'

2023-12-08 10:52:04 - [MESSAGE][PASSED] - Attribute 'value' of object 'Object Repository/RAD_Pages/PaymentEntry_Page/input_amount' is: '100.00'

2023-12-08 10:52:04 - [TEST_STEP][PASSED] - verifyMatch("100.00", amount, false): Actual text '100.00' and expected text '100.00' are matched 

2023-12-08 10:52:04 - [MESSAGE][PASSED] - Actual text '100.00' and expected text '100.00' are matched 

2023-12-08 10:52:04 - [TEST_STEP][PASSED] - amountReadOnly = getAttribute(findTestObject("Object Repository/RAD_Pages/PaymentEntry_Page/input_amount"), "readonly"): Attribute 'readonly' of object 'Object Repository/RAD_Pages/PaymentEntry_Page/input_amount' is: 'true'

2023-12-08 10:52:04 - [MESSAGE][PASSED] - Attribute 'readonly' of object 'Object Repository/RAD_Pages/PaymentEntry_Page/input_amount' is: 'true'

2023-12-08 10:52:04 - [TEST_STEP][PASSED] - verifyMatch("true", amountReadOnly, false): Actual text 'true' and expected text 'true' are matched 

2023-12-08 10:52:04 - [MESSAGE][PASSED] - Actual text 'true' and expected text 'true' are matched 

2023-12-08 10:52:04 - [TEST_STEP][PASSED] - verifyOptionSelectedByLabel(findTestObject("Object Repository/RAD_Pages/PaymentEntry_Page/select_Country"), "United States", false, 20): All options with label 'United States' are selected in object 'Object Repository/RAD_Pages/PaymentEntry_Page/select_Country' 

2023-12-08 10:52:05 - [MESSAGE][PASSED] - All options with label 'United States' are selected in object 'Object Repository/RAD_Pages/PaymentEntry_Page/select_Country' 

2023-12-08 10:52:05 - [TEST_STEP][PASSED] - verifyOptionSelectedByLabel(findTestObject("Object Repository/RAD_Pages/PaymentEntry_Page/select_State"), "Maryland", false, 20): All options with label 'Maryland' are selected in object 'Object Repository/RAD_Pages/PaymentEntry_Page/select_State' 

2023-12-08 10:52:08 - [MESSAGE][PASSED] - All options with label 'Maryland' are selected in object 'Object Repository/RAD_Pages/PaymentEntry_Page/select_State' 

2023-12-08 10:52:08 - [TEST_STEP][PASSED] - setText(findTestObject(orPath_PaymentEntry + "/input__cardNumber"), "4111111111111111"): Text '4111111111111111' is set on object 'Object Repository/RAD_Pages/PaymentEntry_Page/input__cardNumber'

2023-12-08 10:52:09 - [MESSAGE][PASSED] - Text '4111111111111111' is set on object 'Object Repository/RAD_Pages/PaymentEntry_Page/input__cardNumber'

2023-12-08 10:52:09 - [TEST_STEP][PASSED] - setText(findTestObject(orPath_PaymentEntry + "/input__spc"), "123"): Text '123' is set on object 'Object Repository/RAD_Pages/PaymentEntry_Page/input__spc'

2023-12-08 10:52:09 - [MESSAGE][PASSED] - Text '123' is set on object 'Object Repository/RAD_Pages/PaymentEntry_Page/input__spc'

2023-12-08 10:52:09 - [TEST_STEP][PASSED] - selectOptionByLabel(findTestObject(orPath_PaymentEntry + "/select_MM"), "12", false): All options with label '12' are selected in object 'Object Repository/RAD_Pages/PaymentEntry_Page/select_MM' 

2023-12-08 10:52:10 - [MESSAGE][PASSED] - All options with label '12' are selected in object 'Object Repository/RAD_Pages/PaymentEntry_Page/select_MM' 

2023-12-08 10:52:10 - [TEST_STEP][PASSED] - selectOptionByLabel(findTestObject(orPath_PaymentEntry + "/select_YYYY"), "2028", false): All options with label '2028' are selected in object 'Object Repository/RAD_Pages/PaymentEntry_Page/select_YYYY' 

2023-12-08 10:52:11 - [MESSAGE][PASSED] - All options with label '2028' are selected in object 'Object Repository/RAD_Pages/PaymentEntry_Page/select_YYYY' 

2023-12-08 10:52:11 - [TEST_STEP][PASSED] - click(findTestObject(orPath_PaymentEntry + "/input_Field_ccSubmit")): Object: 'Object Repository/RAD_Pages/PaymentEntry_Page/input_Field_ccSubmit' is clicked on

2023-12-08 10:52:12 - [MESSAGE][PASSED] - Object: 'Object Repository/RAD_Pages/PaymentEntry_Page/input_Field_ccSubmit' is clicked on

2023-12-08 10:52:12 - [TEST_STEP][PASSED] - click(findTestObject(orPath_PaymentConfirmation + "/input_N_confirmNotifyAction")): Object: 'Object Repository/RAD_Pages/PaymentConfirmation_Page/input_N_confirmNotifyAction' is clicked on

2023-12-08 10:52:13 - [MESSAGE][PASSED] - Object: 'Object Repository/RAD_Pages/PaymentConfirmation_Page/input_N_confirmNotifyAction' is clicked on

2023-12-08 10:52:13 - [TEST_STEP][PASSED] - verifyTextPresent("Service Fee Acceptance", true): Text 'Service Fee Acceptance' is present on page  using regular expression

2023-12-08 10:52:13 - [MESSAGE][PASSED] - Text 'Service Fee Acceptance' is present on page  using regular expression

2023-12-08 10:52:13 - [TEST_STEP][PASSED] - verifyTextPresent("This transaction is subject to a Service Fee of ", true): Text 'This transaction is subject to a Service Fee of ' is present on page  using regular expression

2023-12-08 10:52:14 - [MESSAGE][PASSED] - Text 'This transaction is subject to a Service Fee of ' is present on page  using regular expression

2023-12-08 10:52:14 - [TEST_STEP][PASSED] - verifyTextPresent("Payment Amount:", true): Text 'Payment Amount:' is present on page  using regular expression

2023-12-08 10:52:14 - [MESSAGE][PASSED] - Text 'Payment Amount:' is present on page  using regular expression

2023-12-08 10:52:14 - [TEST_STEP][PASSED] - verifyTextPresent("100.00", true): Text '100.00' is present on page  using regular expression

2023-12-08 10:52:14 - [MESSAGE][PASSED] - Text '100.00' is present on page  using regular expression

2023-12-08 10:52:14 - [TEST_STEP][PASSED] - verifyTextPresent("Service Fee:", true): Text 'Service Fee:' is present on page  using regular expression

2023-12-08 10:52:14 - [MESSAGE][PASSED] - Text 'Service Fee:' is present on page  using regular expression

2023-12-08 10:52:14 - [TEST_STEP][PASSED] - verifyTextPresent("2.45", true): Text '2.45' is present on page  using regular expression

2023-12-08 10:52:15 - [MESSAGE][PASSED] - Text '2.45' is present on page  using regular expression

2023-12-08 10:52:15 - [TEST_STEP][PASSED] - verifyTextPresent("Total Amount:", true): Text 'Total Amount:' is present on page  using regular expression

2023-12-08 10:52:15 - [MESSAGE][PASSED] - Text 'Total Amount:' is present on page  using regular expression

2023-12-08 10:52:15 - [TEST_STEP][PASSED] - verifyTextPresent("102.45", true): Text '102.45' is present on page  using regular expression

2023-12-08 10:52:15 - [MESSAGE][PASSED] - Text '102.45' is present on page  using regular expression

2023-12-08 10:52:15 - [TEST_STEP][PASSED] - verifyTextPresent("Two transactions will appear on your bank statement, one in the amount of", true): Text 'Two transactions will appear on your bank statement, one in the amount of' is present on page  using regular expression

2023-12-08 10:52:16 - [MESSAGE][PASSED] - Text 'Two transactions will appear on your bank statement, one in the amount of' is present on page  using regular expression

2023-12-08 10:52:16 - [TEST_STEP][PASSED] - if (verifyElementPresent(findTestObject(orPath_ServiceFeesAccept + "/input_convFeeNotifyAction"), 30)): null

2023-12-08 10:52:16 - [MESSAGE][PASSED] - Object 'Object Repository/RAD_Pages/ServiceFeeAccept_Page/input_convFeeNotifyAction' is present

2023-12-08 10:52:16 - [TEST_STEP][PASSED] - resText = "Pass": null

2023-12-08 10:52:16 - [TEST_STEP][PASSED] - pages.WriteExcel.demoKey(resText, datText, resColumn, datCloumn, fileLoc, nameSheet, row): pages.WriteExcel.demoKey is PASSED

2023-12-08 10:52:16 - [MESSAGE][PASSED] - pages.WriteExcel.demoKey is PASSED

2023-12-08 10:52:16 - [TEST_STEP][PASSED] - if (execProfile == "QAProfile" || execProfile == "QA2Profile"): Text 'Successful Payment Receipt' is present on page  using regular expression

2023-12-08 10:52:16 - [TEST_STEP][PASSED] - click(findTestObject(orPath_ServiceFeesAccept + "/input_convFeeNotifyAction")): Object: 'Object Repository/RAD_Pages/ServiceFeeAccept_Page/input_convFeeNotifyAction' is clicked on

2023-12-08 10:52:17 - [MESSAGE][PASSED] - Object: 'Object Repository/RAD_Pages/ServiceFeeAccept_Page/input_convFeeNotifyAction' is clicked on

2023-12-08 10:52:17 - [TEST_STEP][PASSED] - delay(10): Delayed 10 second(s)

2023-12-08 10:52:27 - [MESSAGE][PASSED] - Delayed 10 second(s)

2023-12-08 10:52:27 - [TEST_STEP][PASSED] - verifyTextPresent("Successful Payment Receipt", true): Text 'Successful Payment Receipt' is present on page  using regular expression

2023-12-08 10:52:27 - [MESSAGE][PASSED] - Text 'Successful Payment Receipt' is present on page  using regular expression

2023-12-08 10:52:27 - [TEST_STEP][PASSED] - ExecuteTC = findTestData(dataFile).getValue("Execute", row): null

2023-12-08 10:52:27 - [TEST_STEP][PASSED] - TaxType = findTestData(dataFile).getValue("TaxType", row): null

2023-12-08 10:52:27 - [TEST_STEP][PASSED] - PaymentType = findTestData(dataFile).getValue("PaymentType", row): null

2023-12-08 10:52:28 - [TEST_STEP][PASSED] - FilingYear = findTestData(dataFile).getValue("Year", row): null

2023-12-08 10:52:28 - [TEST_STEP][PASSED] - if (ExecuteTC.equalsIgnoreCase("Y")): null

2023-12-08 10:52:28 - [TEST_STEP][PASSED] - out.println("Begin Record Number: " + row): null

2023-12-08 10:52:28 - [TEST_STEP][PASSED] - today = new java.util.Date(): null

2023-12-08 10:52:28 - [TEST_STEP][PASSED] - println(today): null

2023-12-08 10:52:28 - [TEST_STEP][PASSED] - datText = today: null

2023-12-08 10:52:28 - [TEST_STEP][PASSED] - logInfo("Payment Type: " + PaymentType): Payment Type: New Tax Return Amount Due

2023-12-08 10:52:28 - [MESSAGE][INFO] - Payment Type: New Tax Return Amount Due

2023-12-08 10:52:28 - [TEST_STEP][PASSED] - logInfo("Tax Type: " + TaxType): Tax Type: Personal Income Tax

2023-12-08 10:52:28 - [MESSAGE][INFO] - Tax Type: Personal Income Tax

2023-12-08 10:52:28 - [TEST_STEP][PASSED] - openBrowser(""): Browser is opened with url: ''

2023-12-08 10:52:28 - [MESSAGE][WARNING] - A browser is already opened. Closing browser and opening a new one

2023-12-08 10:52:29 - [MESSAGE][INFO] - Starting 'Chrome' driver

2023-12-08 10:52:29 - [MESSAGE][INFO] - User set preference: ['acceptInsecureCerts', 'true']

2023-12-08 10:52:29 - [MESSAGE][INFO] - Action delay is set to 0 milliseconds

2023-12-08 10:52:30 - [MESSAGE][PASSED] - Browser is opened with url: ''

2023-12-08 10:52:30 - [TEST_STEP][PASSED] - maximizeWindow(): Current window maximized

2023-12-08 10:52:30 - [MESSAGE][PASSED] - Current window maximized

2023-12-08 10:52:30 - [TEST_STEP][PASSED] - navigateToUrl(RADurl): Navigate to 'https://qa2.velocitypayment.com/client/rad/index.html' successfully

2023-12-08 10:52:32 - [MESSAGE][PASSED] - Navigate to 'https://qa2.velocitypayment.com/client/rad/index.html' successfully

2023-12-08 10:52:32 - [TEST_STEP][PASSED] - selectOptionByLabel(findTestObject(orPath_Landing + "/dd_TaxType"), PaymentType, false): All options with label 'New Tax Return Amount Due' are selected in object 'Object Repository/RAD_Pages/Landing_Page/dd_TaxType' 

2023-12-08 10:52:32 - [MESSAGE][PASSED] - All options with label 'New Tax Return Amount Due' are selected in object 'Object Repository/RAD_Pages/Landing_Page/dd_TaxType' 

2023-12-08 10:52:32 - [TEST_STEP][PASSED] - switch (PaymentType): null

2023-12-08 10:52:32 - [TEST_STEP][PASSED] - case "New Tax Return Amount Due":: null

2023-12-08 10:52:32 - [TEST_STEP][PASSED] - selectOptionByLabel(findTestObject("Object Repository/RAD_Pages/Landing_Page/select_NewTaxReturnAmountDue_TaxType"), TaxType, false): All options with label 'Personal Income Tax' are selected in object 'Object Repository/RAD_Pages/Landing_Page/select_NewTaxReturnAmountDue_TaxType' 

2023-12-08 10:52:33 - [MESSAGE][PASSED] - All options with label 'Personal Income Tax' are selected in object 'Object Repository/RAD_Pages/Landing_Page/select_NewTaxReturnAmountDue_TaxType' 

2023-12-08 10:52:33 - [TEST_STEP][PASSED] - break: null

2023-12-08 10:52:33 - [TEST_STEP][PASSED] - if (!(FilingYear.isEmpty())): All options with label '2021' are selected in object 'Object Repository/RAD_Pages/TaxTypeFilingYear_Page/select_FilingYear' 

2023-12-08 10:52:33 - [TEST_STEP][PASSED] - selectOptionByLabel(findTestObject(orPath_TaxTypeFilingYear + "/select_FilingYear"), FilingYear, false): All options with label '2021' are selected in object 'Object Repository/RAD_Pages/TaxTypeFilingYear_Page/select_FilingYear' 

2023-12-08 10:52:34 - [MESSAGE][PASSED] - All options with label '2021' are selected in object 'Object Repository/RAD_Pages/TaxTypeFilingYear_Page/select_FilingYear' 

2023-12-08 10:52:34 - [TEST_STEP][PASSED] - rad.getSetDataRAD.setDataRADssnAndName(): rad.getSetDataRAD.setDataRADssnAndName is PASSED

2023-12-08 10:52:35 - [MESSAGE][PASSED] - Text 'Jimmy' is set on object 'Object Repository/RAD_Pages/Taxpayer_Page/input_firstName'

2023-12-08 10:52:35 - [MESSAGE][PASSED] - Text 'Anderson' is set on object 'Object Repository/RAD_Pages/Taxpayer_Page/input_lastName'

2023-12-08 10:52:36 - [MESSAGE][PASSED] - Text '123451234' is set on object 'Object Repository/RAD_RecordAndPlay/input_concatSSN'

2023-12-08 10:52:36 - [MESSAGE][PASSED] - Text '123451234' is set on object 'Object Repository/RAD_RecordAndPlay/input_concatReSSN'

2023-12-08 10:52:36 - [MESSAGE][PASSED] - rad.getSetDataRAD.setDataRADssnAndName is PASSED

2023-12-08 10:52:36 - [TEST_STEP][PASSED] - rad.getSetDataRAD.setDataRADAddress(): rad.getSetDataRAD.setDataRADAddress is PASSED

2023-12-08 10:52:37 - [MESSAGE][PASSED] - All options with label 'United States' are selected in object 'Object Repository/RAD_Pages/AddressAndContactInfo_Page/select_Country' 

2023-12-08 10:52:38 - [MESSAGE][PASSED] - Text '2508 Mandan Terrace' is set on object 'Object Repository/RAD_Pages/AddressAndContactInfo_Page/input_streetAddress1'

2023-12-08 10:52:39 - [MESSAGE][PASSED] - Text '' is set on object 'Object Repository/RAD_Pages/AddressAndContactInfo_Page/input_streetAddress2'

2023-12-08 10:52:40 - [MESSAGE][PASSED] - Text 'Gambrills' is set on object 'Object Repository/RAD_Pages/AddressAndContactInfo_Page/input_city'

2023-12-08 10:52:40 - [MESSAGE][PASSED] - All options with label 'Maryland' are selected in object 'Object Repository/RAD_Pages/AddressAndContactInfo_Page/select_State' 

2023-12-08 10:52:41 - [MESSAGE][PASSED] - Text '21054' is set on object 'Object Repository/RAD_Pages/AddressAndContactInfo_Page/input_zipCode'

2023-12-08 10:52:42 - [MESSAGE][PASSED] - Text '(703) 894-5000' is set on object 'Object Repository/RAD_Pages/AddressAndContactInfo_Page/input_phoneNumber'

2023-12-08 10:52:43 - [MESSAGE][PASSED] - Text 'iahmed@govolution.com' is set on object 'Object Repository/RAD_Pages/AddressAndContactInfo_Page/input_eMailAddress'

2023-12-08 10:52:44 - [MESSAGE][PASSED] - Text 'iahmed@govolution.com' is set on object 'Object Repository/RAD_Pages/AddressAndContactInfo_Page/input_reEnterEMailAddress'

2023-12-08 10:52:44 - [MESSAGE][PASSED] - rad.getSetDataRAD.setDataRADAddress is PASSED

2023-12-08 10:52:44 - [TEST_STEP][PASSED] - setText(findTestObject(orPath_Amount + "/input__paymentAmount"), "100.00"): Text '100.00' is set on object 'Object Repository/RAD_Pages/PaymentAmount_Page/input__paymentAmount'

2023-12-08 10:52:44 - [MESSAGE][PASSED] - Text '100.00' is set on object 'Object Repository/RAD_Pages/PaymentAmount_Page/input__paymentAmount'

2023-12-08 10:52:44 - [TEST_STEP][PASSED] - setText(findTestObject(orPath_AddressContact + "/input_streetAddress2"), ""): Text '' is set on object 'Object Repository/RAD_Pages/AddressAndContactInfo_Page/input_streetAddress2'

2023-12-08 10:52:45 - [MESSAGE][PASSED] - Text '' is set on object 'Object Repository/RAD_Pages/AddressAndContactInfo_Page/input_streetAddress2'

2023-12-08 10:52:45 - [TEST_STEP][PASSED] - scrollToElement(findTestObject(orPath_Landing + "/button_Continue"), 3): Scroll to object 'Object Repository/RAD_Pages/Landing_Page/button_Continue' successfully

2023-12-08 10:52:46 - [MESSAGE][PASSED] - Scroll to object 'Object Repository/RAD_Pages/Landing_Page/button_Continue' successfully

2023-12-08 10:52:46 - [TEST_STEP][PASSED] - waitForElementClickable(findTestObject(orPath_Landing + "/button_Continue"), 5): Object 'Object Repository/RAD_Pages/Landing_Page/button_Continue' is clickable

2023-12-08 10:52:46 - [MESSAGE][PASSED] - Object 'Object Repository/RAD_Pages/Landing_Page/button_Continue' is clickable

2023-12-08 10:52:46 - [TEST_STEP][PASSED] - click(findTestObject(orPath_Landing + "/button_Continue")): Object: 'Object Repository/RAD_Pages/Landing_Page/button_Continue' is clicked on

2023-12-08 10:52:47 - [MESSAGE][PASSED] - Object: 'Object Repository/RAD_Pages/Landing_Page/button_Continue' is clicked on

2023-12-08 10:52:47 - [TEST_STEP][PASSED] - delay(2): Delayed 2 second(s)

2023-12-08 10:52:49 - [MESSAGE][PASSED] - Delayed 2 second(s)

2023-12-08 10:52:49 - [TEST_STEP][PASSED] - click(findTestObject(orPath_Summary + "/button_Proceed to Payment")): Object: 'Object Repository/RAD_Pages/Summary_Page/button_Proceed to Payment' is clicked on

2023-12-08 10:52:51 - [MESSAGE][PASSED] - Object: 'Object Repository/RAD_Pages/Summary_Page/button_Proceed to Payment' is clicked on

2023-12-08 10:52:51 - [TEST_STEP][PASSED] - if (verifyElementPresent(findTestObject("Object Repository/RAD_Pages/PaymentEntry_Page/input__billingName"), 30)): null

2023-12-08 10:52:52 - [MESSAGE][PASSED] - Object 'Object Repository/RAD_Pages/PaymentEntry_Page/input__billingName' is present

2023-12-08 10:52:52 - [TEST_STEP][PASSED] - verifyTextPresent("Comptroller of Maryland", true): Text 'Comptroller of Maryland' is present on page  using regular expression

2023-12-08 10:52:52 - [MESSAGE][PASSED] - Text 'Comptroller of Maryland' is present on page  using regular expression

2023-12-08 10:52:52 - [TEST_STEP][PASSED] - verifyTextPresent("Payment Information", true): Text 'Payment Information' is present on page  using regular expression

2023-12-08 10:52:53 - [MESSAGE][PASSED] - Text 'Payment Information' is present on page  using regular expression

2023-12-08 10:52:53 - [TEST_STEP][PASSED] - card_Name = getAttribute(findTestObject("Object Repository/RAD_Pages/PaymentEntry_Page/input__billingName"), "value"): Attribute 'value' of object 'Object Repository/RAD_Pages/PaymentEntry_Page/input__billingName' is: 'Jimmy Anderson'

2023-12-08 10:52:53 - [MESSAGE][PASSED] - Attribute 'value' of object 'Object Repository/RAD_Pages/PaymentEntry_Page/input__billingName' is: 'Jimmy Anderson'

2023-12-08 10:52:53 - [TEST_STEP][PASSED] - switch (executionProfile): null

2023-12-08 10:52:53 - [TEST_STEP][PASSED] - case "QA2Profile":: null

2023-12-08 10:52:53 - [TEST_STEP][PASSED] - verifyMatch("Jimmy Anderson", card_Name, false): Actual text 'Jimmy Anderson' and expected text 'Jimmy Anderson' are matched 

2023-12-08 10:52:53 - [MESSAGE][PASSED] - Actual text 'Jimmy Anderson' and expected text 'Jimmy Anderson' are matched 

2023-12-08 10:52:53 - [TEST_STEP][PASSED] - break: null

2023-12-08 10:52:53 - [TEST_STEP][PASSED] - AL1 = getAttribute(findTestObject("Object Repository/RAD_Pages/PaymentEntry_Page/input_billingAddress"), "value"): Attribute 'value' of object 'Object Repository/RAD_Pages/PaymentEntry_Page/input_billingAddress' is: '2508 Mandan Terrace'

2023-12-08 10:52:53 - [MESSAGE][PASSED] - Attribute 'value' of object 'Object Repository/RAD_Pages/PaymentEntry_Page/input_billingAddress' is: '2508 Mandan Terrace'

2023-12-08 10:52:53 - [TEST_STEP][PASSED] - verifyMatch("2508 Mandan Terrace", AL1, false): Actual text '2508 Mandan Terrace' and expected text '2508 Mandan Terrace' are matched 

2023-12-08 10:52:53 - [MESSAGE][PASSED] - Actual text '2508 Mandan Terrace' and expected text '2508 Mandan Terrace' are matched 

2023-12-08 10:52:53 - [TEST_STEP][PASSED] - AL2 = getAttribute(findTestObject("Object Repository/RAD_Pages/PaymentEntry_Page/input_billingAddress2"), "value"): Attribute 'value' of object 'Object Repository/RAD_Pages/PaymentEntry_Page/input_billingAddress2' is: ''

2023-12-08 10:52:54 - [MESSAGE][PASSED] - Attribute 'value' of object 'Object Repository/RAD_Pages/PaymentEntry_Page/input_billingAddress2' is: ''

2023-12-08 10:52:54 - [TEST_STEP][PASSED] - verifyMatch("", AL2, false): Actual text '' and expected text '' are matched 

2023-12-08 10:52:54 - [MESSAGE][PASSED] - Actual text '' and expected text '' are matched 

2023-12-08 10:52:54 - [TEST_STEP][PASSED] - zipCode = getAttribute(findTestObject("Object Repository/RAD_Pages/PaymentEntry_Page/input_billingZip"), "value"): Attribute 'value' of object 'Object Repository/RAD_Pages/PaymentEntry_Page/input_billingZip' is: '21054'

2023-12-08 10:52:54 - [MESSAGE][PASSED] - Attribute 'value' of object 'Object Repository/RAD_Pages/PaymentEntry_Page/input_billingZip' is: '21054'

2023-12-08 10:52:54 - [TEST_STEP][PASSED] - verifyMatch("21054", zipCode, false): Actual text '21054' and expected text '21054' are matched 

2023-12-08 10:52:54 - [MESSAGE][PASSED] - Actual text '21054' and expected text '21054' are matched 

2023-12-08 10:52:54 - [TEST_STEP][PASSED] - city = getAttribute(findTestObject("Object Repository/RAD_Pages/PaymentEntry_Page/input_billingCity"), "value"): Attribute 'value' of object 'Object Repository/RAD_Pages/PaymentEntry_Page/input_billingCity' is: 'GAMBRILLS'

2023-12-08 10:52:54 - [MESSAGE][PASSED] - Attribute 'value' of object 'Object Repository/RAD_Pages/PaymentEntry_Page/input_billingCity' is: 'GAMBRILLS'

2023-12-08 10:52:54 - [TEST_STEP][PASSED] - verifyMatch("GAMBRILLS", city, false): Actual text 'GAMBRILLS' and expected text 'GAMBRILLS' are matched 

2023-12-08 10:52:54 - [MESSAGE][PASSED] - Actual text 'GAMBRILLS' and expected text 'GAMBRILLS' are matched 

2023-12-08 10:52:54 - [TEST_STEP][PASSED] - email = getAttribute(findTestObject("Object Repository/RAD_Pages/PaymentEntry_Page/input_emailAddress"), "value"): Attribute 'value' of object 'Object Repository/RAD_Pages/PaymentEntry_Page/input_emailAddress' is: 'iahmed@govolution.com'

2023-12-08 10:52:55 - [MESSAGE][PASSED] - Attribute 'value' of object 'Object Repository/RAD_Pages/PaymentEntry_Page/input_emailAddress' is: 'iahmed@govolution.com'

2023-12-08 10:52:55 - [TEST_STEP][PASSED] - verifyMatch("iahmed@govolution.com", email, false): Actual text 'iahmed@govolution.com' and expected text 'iahmed@govolution.com' are matched 

2023-12-08 10:52:55 - [MESSAGE][PASSED] - Actual text 'iahmed@govolution.com' and expected text 'iahmed@govolution.com' are matched 

2023-12-08 10:52:55 - [TEST_STEP][PASSED] - amount = getAttribute(findTestObject("Object Repository/RAD_Pages/PaymentEntry_Page/input_amount"), "value"): Attribute 'value' of object 'Object Repository/RAD_Pages/PaymentEntry_Page/input_amount' is: '100.00'

2023-12-08 10:52:55 - [MESSAGE][PASSED] - Attribute 'value' of object 'Object Repository/RAD_Pages/PaymentEntry_Page/input_amount' is: '100.00'

2023-12-08 10:52:55 - [TEST_STEP][PASSED] - verifyMatch("100.00", amount, false): Actual text '100.00' and expected text '100.00' are matched 

2023-12-08 10:52:55 - [MESSAGE][PASSED] - Actual text '100.00' and expected text '100.00' are matched 

2023-12-08 10:52:55 - [TEST_STEP][PASSED] - amountReadOnly = getAttribute(findTestObject("Object Repository/RAD_Pages/PaymentEntry_Page/input_amount"), "readonly"): Attribute 'readonly' of object 'Object Repository/RAD_Pages/PaymentEntry_Page/input_amount' is: 'true'

2023-12-08 10:52:55 - [MESSAGE][PASSED] - Attribute 'readonly' of object 'Object Repository/RAD_Pages/PaymentEntry_Page/input_amount' is: 'true'

2023-12-08 10:52:55 - [TEST_STEP][PASSED] - verifyMatch("true", amountReadOnly, false): Actual text 'true' and expected text 'true' are matched 

2023-12-08 10:52:55 - [MESSAGE][PASSED] - Actual text 'true' and expected text 'true' are matched 

2023-12-08 10:52:55 - [TEST_STEP][PASSED] - verifyOptionSelectedByLabel(findTestObject("Object Repository/RAD_Pages/PaymentEntry_Page/select_Country"), "United States", false, 20): All options with label 'United States' are selected in object 'Object Repository/RAD_Pages/PaymentEntry_Page/select_Country' 

2023-12-08 10:52:56 - [MESSAGE][PASSED] - All options with label 'United States' are selected in object 'Object Repository/RAD_Pages/PaymentEntry_Page/select_Country' 

2023-12-08 10:52:56 - [TEST_STEP][PASSED] - verifyOptionSelectedByLabel(findTestObject("Object Repository/RAD_Pages/PaymentEntry_Page/select_State"), "Maryland", false, 20): All options with label 'Maryland' are selected in object 'Object Repository/RAD_Pages/PaymentEntry_Page/select_State' 

2023-12-08 10:52:59 - [MESSAGE][PASSED] - All options with label 'Maryland' are selected in object 'Object Repository/RAD_Pages/PaymentEntry_Page/select_State' 

2023-12-08 10:52:59 - [TEST_STEP][PASSED] - setText(findTestObject(orPath_PaymentEntry + "/input__cardNumber"), "4111111111111111"): Text '4111111111111111' is set on object 'Object Repository/RAD_Pages/PaymentEntry_Page/input__cardNumber'

2023-12-08 10:53:00 - [MESSAGE][PASSED] - Text '4111111111111111' is set on object 'Object Repository/RAD_Pages/PaymentEntry_Page/input__cardNumber'

2023-12-08 10:53:00 - [TEST_STEP][PASSED] - setText(findTestObject(orPath_PaymentEntry + "/input__spc"), "123"): Text '123' is set on object 'Object Repository/RAD_Pages/PaymentEntry_Page/input__spc'

2023-12-08 10:53:00 - [MESSAGE][PASSED] - Text '123' is set on object 'Object Repository/RAD_Pages/PaymentEntry_Page/input__spc'

2023-12-08 10:53:00 - [TEST_STEP][PASSED] - selectOptionByLabel(findTestObject(orPath_PaymentEntry + "/select_MM"), "12", false): All options with label '12' are selected in object 'Object Repository/RAD_Pages/PaymentEntry_Page/select_MM' 

2023-12-08 10:53:01 - [MESSAGE][PASSED] - All options with label '12' are selected in object 'Object Repository/RAD_Pages/PaymentEntry_Page/select_MM' 

2023-12-08 10:53:01 - [TEST_STEP][PASSED] - selectOptionByLabel(findTestObject(orPath_PaymentEntry + "/select_YYYY"), "2028", false): All options with label '2028' are selected in object 'Object Repository/RAD_Pages/PaymentEntry_Page/select_YYYY' 

2023-12-08 10:53:02 - [MESSAGE][PASSED] - All options with label '2028' are selected in object 'Object Repository/RAD_Pages/PaymentEntry_Page/select_YYYY' 

2023-12-08 10:53:02 - [TEST_STEP][PASSED] - click(findTestObject(orPath_PaymentEntry + "/input_Field_ccSubmit")): Object: 'Object Repository/RAD_Pages/PaymentEntry_Page/input_Field_ccSubmit' is clicked on

2023-12-08 10:53:03 - [MESSAGE][PASSED] - Object: 'Object Repository/RAD_Pages/PaymentEntry_Page/input_Field_ccSubmit' is clicked on

2023-12-08 10:53:03 - [TEST_STEP][PASSED] - click(findTestObject(orPath_PaymentConfirmation + "/input_N_confirmNotifyAction")): Object: 'Object Repository/RAD_Pages/PaymentConfirmation_Page/input_N_confirmNotifyAction' is clicked on

2023-12-08 10:53:04 - [MESSAGE][PASSED] - Object: 'Object Repository/RAD_Pages/PaymentConfirmation_Page/input_N_confirmNotifyAction' is clicked on

2023-12-08 10:53:04 - [TEST_STEP][PASSED] - verifyTextPresent("Service Fee Acceptance", true): Text 'Service Fee Acceptance' is present on page  using regular expression

2023-12-08 10:53:04 - [MESSAGE][PASSED] - Text 'Service Fee Acceptance' is present on page  using regular expression

2023-12-08 10:53:04 - [TEST_STEP][PASSED] - verifyTextPresent("This transaction is subject to a Service Fee of ", true): Text 'This transaction is subject to a Service Fee of ' is present on page  using regular expression

2023-12-08 10:53:05 - [MESSAGE][PASSED] - Text 'This transaction is subject to a Service Fee of ' is present on page  using regular expression

2023-12-08 10:53:05 - [TEST_STEP][PASSED] - verifyTextPresent("Payment Amount:", true): Text 'Payment Amount:' is present on page  using regular expression

2023-12-08 10:53:05 - [MESSAGE][PASSED] - Text 'Payment Amount:' is present on page  using regular expression

2023-12-08 10:53:05 - [TEST_STEP][PASSED] - verifyTextPresent("100.00", true): Text '100.00' is present on page  using regular expression

2023-12-08 10:53:05 - [MESSAGE][PASSED] - Text '100.00' is present on page  using regular expression

2023-12-08 10:53:05 - [TEST_STEP][PASSED] - verifyTextPresent("Service Fee:", true): Text 'Service Fee:' is present on page  using regular expression

2023-12-08 10:53:05 - [MESSAGE][PASSED] - Text 'Service Fee:' is present on page  using regular expression

2023-12-08 10:53:05 - [TEST_STEP][PASSED] - verifyTextPresent("2.45", true): Text '2.45' is present on page  using regular expression

2023-12-08 10:53:06 - [MESSAGE][PASSED] - Text '2.45' is present on page  using regular expression

2023-12-08 10:53:06 - [TEST_STEP][PASSED] - verifyTextPresent("Total Amount:", true): Text 'Total Amount:' is present on page  using regular expression

2023-12-08 10:53:06 - [MESSAGE][PASSED] - Text 'Total Amount:' is present on page  using regular expression

2023-12-08 10:53:06 - [TEST_STEP][PASSED] - verifyTextPresent("102.45", true): Text '102.45' is present on page  using regular expression

2023-12-08 10:53:06 - [MESSAGE][PASSED] - Text '102.45' is present on page  using regular expression

2023-12-08 10:53:06 - [TEST_STEP][PASSED] - verifyTextPresent("Two transactions will appear on your bank statement, one in the amount of", true): Text 'Two transactions will appear on your bank statement, one in the amount of' is present on page  using regular expression

2023-12-08 10:53:06 - [MESSAGE][PASSED] - Text 'Two transactions will appear on your bank statement, one in the amount of' is present on page  using regular expression

2023-12-08 10:53:06 - [TEST_STEP][PASSED] - if (verifyElementPresent(findTestObject(orPath_ServiceFeesAccept + "/input_convFeeNotifyAction"), 30)): null

2023-12-08 10:53:07 - [MESSAGE][PASSED] - Object 'Object Repository/RAD_Pages/ServiceFeeAccept_Page/input_convFeeNotifyAction' is present

2023-12-08 10:53:07 - [TEST_STEP][PASSED] - resText = "Pass": null

2023-12-08 10:53:07 - [TEST_STEP][PASSED] - pages.WriteExcel.demoKey(resText, datText, resColumn, datCloumn, fileLoc, nameSheet, row): pages.WriteExcel.demoKey is PASSED

2023-12-08 10:53:07 - [MESSAGE][PASSED] - pages.WriteExcel.demoKey is PASSED

2023-12-08 10:53:07 - [TEST_STEP][PASSED] - if (execProfile == "QAProfile" || execProfile == "QA2Profile"): Text 'Successful Payment Receipt' is present on page  using regular expression

2023-12-08 10:53:07 - [TEST_STEP][PASSED] - click(findTestObject(orPath_ServiceFeesAccept + "/input_convFeeNotifyAction")): Object: 'Object Repository/RAD_Pages/ServiceFeeAccept_Page/input_convFeeNotifyAction' is clicked on

2023-12-08 10:53:08 - [MESSAGE][PASSED] - Object: 'Object Repository/RAD_Pages/ServiceFeeAccept_Page/input_convFeeNotifyAction' is clicked on

2023-12-08 10:53:08 - [TEST_STEP][PASSED] - delay(10): Delayed 10 second(s)

2023-12-08 10:53:18 - [MESSAGE][PASSED] - Delayed 10 second(s)

2023-12-08 10:53:18 - [TEST_STEP][PASSED] - verifyTextPresent("Successful Payment Receipt", true): Text 'Successful Payment Receipt' is present on page  using regular expression

2023-12-08 10:53:18 - [MESSAGE][PASSED] - Text 'Successful Payment Receipt' is present on page  using regular expression

2023-12-08 10:53:18 - [TEST_STEP][PASSED] - ExecuteTC = findTestData(dataFile).getValue("Execute", row): null

2023-12-08 10:53:18 - [TEST_STEP][PASSED] - TaxType = findTestData(dataFile).getValue("TaxType", row): null

2023-12-08 10:53:18 - [TEST_STEP][PASSED] - PaymentType = findTestData(dataFile).getValue("PaymentType", row): null

2023-12-08 10:53:18 - [TEST_STEP][PASSED] - FilingYear = findTestData(dataFile).getValue("Year", row): null

2023-12-08 10:53:18 - [TEST_STEP][PASSED] - if (ExecuteTC.equalsIgnoreCase("Y")): null

2023-12-08 10:53:18 - [TEST_STEP][PASSED] - out.println("Begin Record Number: " + row): null

2023-12-08 10:53:18 - [TEST_STEP][PASSED] - today = new java.util.Date(): null

2023-12-08 10:53:18 - [TEST_STEP][PASSED] - println(today): null

2023-12-08 10:53:18 - [TEST_STEP][PASSED] - datText = today: null

2023-12-08 10:53:18 - [TEST_STEP][PASSED] - logInfo("Payment Type: " + PaymentType): Payment Type: New Tax Return Amount Due

2023-12-08 10:53:18 - [MESSAGE][INFO] - Payment Type: New Tax Return Amount Due

2023-12-08 10:53:18 - [TEST_STEP][PASSED] - logInfo("Tax Type: " + TaxType): Tax Type: Personal Income Tax

2023-12-08 10:53:18 - [MESSAGE][INFO] - Tax Type: Personal Income Tax

2023-12-08 10:53:18 - [TEST_STEP][PASSED] - openBrowser(""): Browser is opened with url: ''

2023-12-08 10:53:18 - [MESSAGE][WARNING] - A browser is already opened. Closing browser and opening a new one

2023-12-08 10:53:19 - [MESSAGE][INFO] - Starting 'Chrome' driver

2023-12-08 10:53:19 - [MESSAGE][INFO] - User set preference: ['acceptInsecureCerts', 'true']

2023-12-08 10:53:19 - [MESSAGE][INFO] - Action delay is set to 0 milliseconds

2023-12-08 10:53:21 - [MESSAGE][PASSED] - Browser is opened with url: ''

2023-12-08 10:53:21 - [TEST_STEP][PASSED] - maximizeWindow(): Current window maximized

2023-12-08 10:53:21 - [MESSAGE][PASSED] - Current window maximized

2023-12-08 10:53:21 - [TEST_STEP][PASSED] - navigateToUrl(RADurl): Navigate to 'https://qa2.velocitypayment.com/client/rad/index.html' successfully

2023-12-08 10:53:22 - [MESSAGE][PASSED] - Navigate to 'https://qa2.velocitypayment.com/client/rad/index.html' successfully

2023-12-08 10:53:22 - [TEST_STEP][PASSED] - selectOptionByLabel(findTestObject(orPath_Landing + "/dd_TaxType"), PaymentType, false): All options with label 'New Tax Return Amount Due' are selected in object 'Object Repository/RAD_Pages/Landing_Page/dd_TaxType' 

2023-12-08 10:53:23 - [MESSAGE][PASSED] - All options with label 'New Tax Return Amount Due' are selected in object 'Object Repository/RAD_Pages/Landing_Page/dd_TaxType' 

2023-12-08 10:53:23 - [TEST_STEP][PASSED] - switch (PaymentType): null

2023-12-08 10:53:23 - [TEST_STEP][PASSED] - case "New Tax Return Amount Due":: null

2023-12-08 10:53:23 - [TEST_STEP][PASSED] - selectOptionByLabel(findTestObject("Object Repository/RAD_Pages/Landing_Page/select_NewTaxReturnAmountDue_TaxType"), TaxType, false): All options with label 'Personal Income Tax' are selected in object 'Object Repository/RAD_Pages/Landing_Page/select_NewTaxReturnAmountDue_TaxType' 

2023-12-08 10:53:24 - [MESSAGE][PASSED] - All options with label 'Personal Income Tax' are selected in object 'Object Repository/RAD_Pages/Landing_Page/select_NewTaxReturnAmountDue_TaxType' 

2023-12-08 10:53:24 - [TEST_STEP][PASSED] - break: null

2023-12-08 10:53:24 - [TEST_STEP][PASSED] - if (!(FilingYear.isEmpty())): All options with label '2020' are selected in object 'Object Repository/RAD_Pages/TaxTypeFilingYear_Page/select_FilingYear' 

2023-12-08 10:53:24 - [TEST_STEP][PASSED] - selectOptionByLabel(findTestObject(orPath_TaxTypeFilingYear + "/select_FilingYear"), FilingYear, false): All options with label '2020' are selected in object 'Object Repository/RAD_Pages/TaxTypeFilingYear_Page/select_FilingYear' 

2023-12-08 10:53:25 - [MESSAGE][PASSED] - All options with label '2020' are selected in object 'Object Repository/RAD_Pages/TaxTypeFilingYear_Page/select_FilingYear' 

2023-12-08 10:53:25 - [TEST_STEP][PASSED] - rad.getSetDataRAD.setDataRADssnAndName(): rad.getSetDataRAD.setDataRADssnAndName is PASSED

2023-12-08 10:53:26 - [MESSAGE][PASSED] - Text 'Jimmy' is set on object 'Object Repository/RAD_Pages/Taxpayer_Page/input_firstName'

2023-12-08 10:53:26 - [MESSAGE][PASSED] - Text 'Anderson' is set on object 'Object Repository/RAD_Pages/Taxpayer_Page/input_lastName'

2023-12-08 10:53:27 - [MESSAGE][PASSED] - Text '123451234' is set on object 'Object Repository/RAD_RecordAndPlay/input_concatSSN'

2023-12-08 10:53:28 - [MESSAGE][PASSED] - Text '123451234' is set on object 'Object Repository/RAD_RecordAndPlay/input_concatReSSN'

2023-12-08 10:53:28 - [MESSAGE][PASSED] - rad.getSetDataRAD.setDataRADssnAndName is PASSED

2023-12-08 10:53:28 - [TEST_STEP][PASSED] - rad.getSetDataRAD.setDataRADAddress(): rad.getSetDataRAD.setDataRADAddress is PASSED

2023-12-08 10:53:28 - [MESSAGE][PASSED] - All options with label 'United States' are selected in object 'Object Repository/RAD_Pages/AddressAndContactInfo_Page/select_Country' 

2023-12-08 10:53:29 - [MESSAGE][PASSED] - Text '2508 Mandan Terrace' is set on object 'Object Repository/RAD_Pages/AddressAndContactInfo_Page/input_streetAddress1'

2023-12-08 10:53:30 - [MESSAGE][PASSED] - Text '' is set on object 'Object Repository/RAD_Pages/AddressAndContactInfo_Page/input_streetAddress2'

2023-12-08 10:53:31 - [MESSAGE][PASSED] - Text 'Gambrills' is set on object 'Object Repository/RAD_Pages/AddressAndContactInfo_Page/input_city'

2023-12-08 10:53:32 - [MESSAGE][PASSED] - All options with label 'Maryland' are selected in object 'Object Repository/RAD_Pages/AddressAndContactInfo_Page/select_State' 

2023-12-08 10:53:32 - [MESSAGE][PASSED] - Text '21054' is set on object 'Object Repository/RAD_Pages/AddressAndContactInfo_Page/input_zipCode'

2023-12-08 10:53:33 - [MESSAGE][PASSED] - Text '(703) 894-5000' is set on object 'Object Repository/RAD_Pages/AddressAndContactInfo_Page/input_phoneNumber'

2023-12-08 10:53:34 - [MESSAGE][PASSED] - Text 'iahmed@govolution.com' is set on object 'Object Repository/RAD_Pages/AddressAndContactInfo_Page/input_eMailAddress'

2023-12-08 10:53:35 - [MESSAGE][PASSED] - Text 'iahmed@govolution.com' is set on object 'Object Repository/RAD_Pages/AddressAndContactInfo_Page/input_reEnterEMailAddress'

2023-12-08 10:53:35 - [MESSAGE][PASSED] - rad.getSetDataRAD.setDataRADAddress is PASSED

2023-12-08 10:53:35 - [TEST_STEP][PASSED] - setText(findTestObject(orPath_Amount + "/input__paymentAmount"), "100.00"): Text '100.00' is set on object 'Object Repository/RAD_Pages/PaymentAmount_Page/input__paymentAmount'

2023-12-08 10:53:36 - [MESSAGE][PASSED] - Text '100.00' is set on object 'Object Repository/RAD_Pages/PaymentAmount_Page/input__paymentAmount'

2023-12-08 10:53:36 - [TEST_STEP][PASSED] - setText(findTestObject(orPath_AddressContact + "/input_streetAddress2"), ""): Text '' is set on object 'Object Repository/RAD_Pages/AddressAndContactInfo_Page/input_streetAddress2'

2023-12-08 10:53:36 - [MESSAGE][PASSED] - Text '' is set on object 'Object Repository/RAD_Pages/AddressAndContactInfo_Page/input_streetAddress2'

2023-12-08 10:53:36 - [TEST_STEP][PASSED] - scrollToElement(findTestObject(orPath_Landing + "/button_Continue"), 3): Scroll to object 'Object Repository/RAD_Pages/Landing_Page/button_Continue' successfully

2023-12-08 10:53:37 - [MESSAGE][PASSED] - Scroll to object 'Object Repository/RAD_Pages/Landing_Page/button_Continue' successfully

2023-12-08 10:53:37 - [TEST_STEP][PASSED] - waitForElementClickable(findTestObject(orPath_Landing + "/button_Continue"), 5): Object 'Object Repository/RAD_Pages/Landing_Page/button_Continue' is clickable

2023-12-08 10:53:37 - [MESSAGE][PASSED] - Object 'Object Repository/RAD_Pages/Landing_Page/button_Continue' is clickable

2023-12-08 10:53:37 - [TEST_STEP][PASSED] - click(findTestObject(orPath_Landing + "/button_Continue")): Object: 'Object Repository/RAD_Pages/Landing_Page/button_Continue' is clicked on

2023-12-08 10:53:38 - [MESSAGE][PASSED] - Object: 'Object Repository/RAD_Pages/Landing_Page/button_Continue' is clicked on

2023-12-08 10:53:38 - [TEST_STEP][PASSED] - delay(2): Delayed 2 second(s)

2023-12-08 10:53:40 - [MESSAGE][PASSED] - Delayed 2 second(s)

2023-12-08 10:53:40 - [TEST_STEP][PASSED] - click(findTestObject(orPath_Summary + "/button_Proceed to Payment")): Object: 'Object Repository/RAD_Pages/Summary_Page/button_Proceed to Payment' is clicked on

2023-12-08 10:53:41 - [MESSAGE][PASSED] - Object: 'Object Repository/RAD_Pages/Summary_Page/button_Proceed to Payment' is clicked on

2023-12-08 10:53:41 - [TEST_STEP][PASSED] - if (verifyElementPresent(findTestObject("Object Repository/RAD_Pages/PaymentEntry_Page/input__billingName"), 30)): null

2023-12-08 10:53:42 - [MESSAGE][PASSED] - Object 'Object Repository/RAD_Pages/PaymentEntry_Page/input__billingName' is present

2023-12-08 10:53:42 - [TEST_STEP][PASSED] - verifyTextPresent("Comptroller of Maryland", true): Text 'Comptroller of Maryland' is present on page  using regular expression

2023-12-08 10:53:42 - [MESSAGE][PASSED] - Text 'Comptroller of Maryland' is present on page  using regular expression

2023-12-08 10:53:42 - [TEST_STEP][PASSED] - verifyTextPresent("Payment Information", true): Text 'Payment Information' is present on page  using regular expression

2023-12-08 10:53:42 - [MESSAGE][PASSED] - Text 'Payment Information' is present on page  using regular expression

2023-12-08 10:53:42 - [TEST_STEP][PASSED] - card_Name = getAttribute(findTestObject("Object Repository/RAD_Pages/PaymentEntry_Page/input__billingName"), "value"): Attribute 'value' of object 'Object Repository/RAD_Pages/PaymentEntry_Page/input__billingName' is: 'Jimmy Anderson'

2023-12-08 10:53:43 - [MESSAGE][PASSED] - Attribute 'value' of object 'Object Repository/RAD_Pages/PaymentEntry_Page/input__billingName' is: 'Jimmy Anderson'

2023-12-08 10:53:43 - [TEST_STEP][PASSED] - switch (executionProfile): null

2023-12-08 10:53:43 - [TEST_STEP][PASSED] - case "QA2Profile":: null

2023-12-08 10:53:43 - [TEST_STEP][PASSED] - verifyMatch("Jimmy Anderson", card_Name, false): Actual text 'Jimmy Anderson' and expected text 'Jimmy Anderson' are matched 

2023-12-08 10:53:43 - [MESSAGE][PASSED] - Actual text 'Jimmy Anderson' and expected text 'Jimmy Anderson' are matched 

2023-12-08 10:53:43 - [TEST_STEP][PASSED] - break: null

2023-12-08 10:53:43 - [TEST_STEP][PASSED] - AL1 = getAttribute(findTestObject("Object Repository/RAD_Pages/PaymentEntry_Page/input_billingAddress"), "value"): Attribute 'value' of object 'Object Repository/RAD_Pages/PaymentEntry_Page/input_billingAddress' is: '2508 Mandan Terrace'

2023-12-08 10:53:43 - [MESSAGE][PASSED] - Attribute 'value' of object 'Object Repository/RAD_Pages/PaymentEntry_Page/input_billingAddress' is: '2508 Mandan Terrace'

2023-12-08 10:53:43 - [TEST_STEP][PASSED] - verifyMatch("2508 Mandan Terrace", AL1, false): Actual text '2508 Mandan Terrace' and expected text '2508 Mandan Terrace' are matched 

2023-12-08 10:53:43 - [MESSAGE][PASSED] - Actual text '2508 Mandan Terrace' and expected text '2508 Mandan Terrace' are matched 

2023-12-08 10:53:43 - [TEST_STEP][PASSED] - AL2 = getAttribute(findTestObject("Object Repository/RAD_Pages/PaymentEntry_Page/input_billingAddress2"), "value"): Attribute 'value' of object 'Object Repository/RAD_Pages/PaymentEntry_Page/input_billingAddress2' is: ''

2023-12-08 10:53:43 - [MESSAGE][PASSED] - Attribute 'value' of object 'Object Repository/RAD_Pages/PaymentEntry_Page/input_billingAddress2' is: ''

2023-12-08 10:53:43 - [TEST_STEP][PASSED] - verifyMatch("", AL2, false): Actual text '' and expected text '' are matched 

2023-12-08 10:53:43 - [MESSAGE][PASSED] - Actual text '' and expected text '' are matched 

2023-12-08 10:53:43 - [TEST_STEP][PASSED] - zipCode = getAttribute(findTestObject("Object Repository/RAD_Pages/PaymentEntry_Page/input_billingZip"), "value"): Attribute 'value' of object 'Object Repository/RAD_Pages/PaymentEntry_Page/input_billingZip' is: '21054'

2023-12-08 10:53:44 - [MESSAGE][PASSED] - Attribute 'value' of object 'Object Repository/RAD_Pages/PaymentEntry_Page/input_billingZip' is: '21054'

2023-12-08 10:53:44 - [TEST_STEP][PASSED] - verifyMatch("21054", zipCode, false): Actual text '21054' and expected text '21054' are matched 

2023-12-08 10:53:44 - [MESSAGE][PASSED] - Actual text '21054' and expected text '21054' are matched 

2023-12-08 10:53:44 - [TEST_STEP][PASSED] - city = getAttribute(findTestObject("Object Repository/RAD_Pages/PaymentEntry_Page/input_billingCity"), "value"): Attribute 'value' of object 'Object Repository/RAD_Pages/PaymentEntry_Page/input_billingCity' is: 'GAMBRILLS'

2023-12-08 10:53:44 - [MESSAGE][PASSED] - Attribute 'value' of object 'Object Repository/RAD_Pages/PaymentEntry_Page/input_billingCity' is: 'GAMBRILLS'

2023-12-08 10:53:44 - [TEST_STEP][PASSED] - verifyMatch("GAMBRILLS", city, false): Actual text 'GAMBRILLS' and expected text 'GAMBRILLS' are matched 

2023-12-08 10:53:44 - [MESSAGE][PASSED] - Actual text 'GAMBRILLS' and expected text 'GAMBRILLS' are matched 

2023-12-08 10:53:44 - [TEST_STEP][PASSED] - email = getAttribute(findTestObject("Object Repository/RAD_Pages/PaymentEntry_Page/input_emailAddress"), "value"): Attribute 'value' of object 'Object Repository/RAD_Pages/PaymentEntry_Page/input_emailAddress' is: 'iahmed@govolution.com'

2023-12-08 10:53:44 - [MESSAGE][PASSED] - Attribute 'value' of object 'Object Repository/RAD_Pages/PaymentEntry_Page/input_emailAddress' is: 'iahmed@govolution.com'

2023-12-08 10:53:44 - [TEST_STEP][PASSED] - verifyMatch("iahmed@govolution.com", email, false): Actual text 'iahmed@govolution.com' and expected text 'iahmed@govolution.com' are matched 

2023-12-08 10:53:44 - [MESSAGE][PASSED] - Actual text 'iahmed@govolution.com' and expected text 'iahmed@govolution.com' are matched 

2023-12-08 10:53:44 - [TEST_STEP][PASSED] - amount = getAttribute(findTestObject("Object Repository/RAD_Pages/PaymentEntry_Page/input_amount"), "value"): Attribute 'value' of object 'Object Repository/RAD_Pages/PaymentEntry_Page/input_amount' is: '100.00'

2023-12-08 10:53:45 - [MESSAGE][PASSED] - Attribute 'value' of object 'Object Repository/RAD_Pages/PaymentEntry_Page/input_amount' is: '100.00'

2023-12-08 10:53:45 - [TEST_STEP][PASSED] - verifyMatch("100.00", amount, false): Actual text '100.00' and expected text '100.00' are matched 

2023-12-08 10:53:45 - [MESSAGE][PASSED] - Actual text '100.00' and expected text '100.00' are matched 

2023-12-08 10:53:45 - [TEST_STEP][PASSED] - amountReadOnly = getAttribute(findTestObject("Object Repository/RAD_Pages/PaymentEntry_Page/input_amount"), "readonly"): Attribute 'readonly' of object 'Object Repository/RAD_Pages/PaymentEntry_Page/input_amount' is: 'true'

2023-12-08 10:53:45 - [MESSAGE][PASSED] - Attribute 'readonly' of object 'Object Repository/RAD_Pages/PaymentEntry_Page/input_amount' is: 'true'

2023-12-08 10:53:45 - [TEST_STEP][PASSED] - verifyMatch("true", amountReadOnly, false): Actual text 'true' and expected text 'true' are matched 

2023-12-08 10:53:45 - [MESSAGE][PASSED] - Actual text 'true' and expected text 'true' are matched 

2023-12-08 10:53:45 - [TEST_STEP][PASSED] - verifyOptionSelectedByLabel(findTestObject("Object Repository/RAD_Pages/PaymentEntry_Page/select_Country"), "United States", false, 20): All options with label 'United States' are selected in object 'Object Repository/RAD_Pages/PaymentEntry_Page/select_Country' 

2023-12-08 10:53:46 - [MESSAGE][PASSED] - All options with label 'United States' are selected in object 'Object Repository/RAD_Pages/PaymentEntry_Page/select_Country' 

2023-12-08 10:53:46 - [TEST_STEP][PASSED] - verifyOptionSelectedByLabel(findTestObject("Object Repository/RAD_Pages/PaymentEntry_Page/select_State"), "Maryland", false, 20): All options with label 'Maryland' are selected in object 'Object Repository/RAD_Pages/PaymentEntry_Page/select_State' 

2023-12-08 10:53:49 - [MESSAGE][PASSED] - All options with label 'Maryland' are selected in object 'Object Repository/RAD_Pages/PaymentEntry_Page/select_State' 

2023-12-08 10:53:49 - [TEST_STEP][PASSED] - setText(findTestObject(orPath_PaymentEntry + "/input__cardNumber"), "4111111111111111"): Text '4111111111111111' is set on object 'Object Repository/RAD_Pages/PaymentEntry_Page/input__cardNumber'

2023-12-08 10:53:50 - [MESSAGE][PASSED] - Text '4111111111111111' is set on object 'Object Repository/RAD_Pages/PaymentEntry_Page/input__cardNumber'

2023-12-08 10:53:50 - [TEST_STEP][PASSED] - setText(findTestObject(orPath_PaymentEntry + "/input__spc"), "123"): Text '123' is set on object 'Object Repository/RAD_Pages/PaymentEntry_Page/input__spc'

2023-12-08 10:53:50 - [MESSAGE][PASSED] - Text '123' is set on object 'Object Repository/RAD_Pages/PaymentEntry_Page/input__spc'

2023-12-08 10:53:50 - [TEST_STEP][PASSED] - selectOptionByLabel(findTestObject(orPath_PaymentEntry + "/select_MM"), "12", false): All options with label '12' are selected in object 'Object Repository/RAD_Pages/PaymentEntry_Page/select_MM' 

2023-12-08 10:53:51 - [MESSAGE][PASSED] - All options with label '12' are selected in object 'Object Repository/RAD_Pages/PaymentEntry_Page/select_MM' 

2023-12-08 10:53:51 - [TEST_STEP][PASSED] - selectOptionByLabel(findTestObject(orPath_PaymentEntry + "/select_YYYY"), "2028", false): All options with label '2028' are selected in object 'Object Repository/RAD_Pages/PaymentEntry_Page/select_YYYY' 

2023-12-08 10:53:52 - [MESSAGE][PASSED] - All options with label '2028' are selected in object 'Object Repository/RAD_Pages/PaymentEntry_Page/select_YYYY' 

2023-12-08 10:53:52 - [TEST_STEP][PASSED] - click(findTestObject(orPath_PaymentEntry + "/input_Field_ccSubmit")): Object: 'Object Repository/RAD_Pages/PaymentEntry_Page/input_Field_ccSubmit' is clicked on

2023-12-08 10:53:53 - [MESSAGE][PASSED] - Object: 'Object Repository/RAD_Pages/PaymentEntry_Page/input_Field_ccSubmit' is clicked on

2023-12-08 10:53:53 - [TEST_STEP][PASSED] - click(findTestObject(orPath_PaymentConfirmation + "/input_N_confirmNotifyAction")): Object: 'Object Repository/RAD_Pages/PaymentConfirmation_Page/input_N_confirmNotifyAction' is clicked on

2023-12-08 10:53:54 - [MESSAGE][PASSED] - Object: 'Object Repository/RAD_Pages/PaymentConfirmation_Page/input_N_confirmNotifyAction' is clicked on

2023-12-08 10:53:54 - [TEST_STEP][PASSED] - verifyTextPresent("Service Fee Acceptance", true): Text 'Service Fee Acceptance' is present on page  using regular expression

2023-12-08 10:53:54 - [MESSAGE][PASSED] - Text 'Service Fee Acceptance' is present on page  using regular expression

2023-12-08 10:53:54 - [TEST_STEP][PASSED] - verifyTextPresent("This transaction is subject to a Service Fee of ", true): Text 'This transaction is subject to a Service Fee of ' is present on page  using regular expression

2023-12-08 10:53:54 - [MESSAGE][PASSED] - Text 'This transaction is subject to a Service Fee of ' is present on page  using regular expression

2023-12-08 10:53:54 - [TEST_STEP][PASSED] - verifyTextPresent("Payment Amount:", true): Text 'Payment Amount:' is present on page  using regular expression

2023-12-08 10:53:55 - [MESSAGE][PASSED] - Text 'Payment Amount:' is present on page  using regular expression

2023-12-08 10:53:55 - [TEST_STEP][PASSED] - verifyTextPresent("100.00", true): Text '100.00' is present on page  using regular expression

2023-12-08 10:53:55 - [MESSAGE][PASSED] - Text '100.00' is present on page  using regular expression

2023-12-08 10:53:55 - [TEST_STEP][PASSED] - verifyTextPresent("Service Fee:", true): Text 'Service Fee:' is present on page  using regular expression

2023-12-08 10:53:55 - [MESSAGE][PASSED] - Text 'Service Fee:' is present on page  using regular expression

2023-12-08 10:53:55 - [TEST_STEP][PASSED] - verifyTextPresent("2.45", true): Text '2.45' is present on page  using regular expression

2023-12-08 10:53:56 - [MESSAGE][PASSED] - Text '2.45' is present on page  using regular expression

2023-12-08 10:53:56 - [TEST_STEP][PASSED] - verifyTextPresent("Total Amount:", true): Text 'Total Amount:' is present on page  using regular expression

2023-12-08 10:53:56 - [MESSAGE][PASSED] - Text 'Total Amount:' is present on page  using regular expression

2023-12-08 10:53:56 - [TEST_STEP][PASSED] - verifyTextPresent("102.45", true): Text '102.45' is present on page  using regular expression

2023-12-08 10:53:56 - [MESSAGE][PASSED] - Text '102.45' is present on page  using regular expression

2023-12-08 10:53:56 - [TEST_STEP][PASSED] - verifyTextPresent("Two transactions will appear on your bank statement, one in the amount of", true): Text 'Two transactions will appear on your bank statement, one in the amount of' is present on page  using regular expression

2023-12-08 10:53:57 - [MESSAGE][PASSED] - Text 'Two transactions will appear on your bank statement, one in the amount of' is present on page  using regular expression

2023-12-08 10:53:57 - [TEST_STEP][PASSED] - if (verifyElementPresent(findTestObject(orPath_ServiceFeesAccept + "/input_convFeeNotifyAction"), 30)): null

2023-12-08 10:53:57 - [MESSAGE][PASSED] - Object 'Object Repository/RAD_Pages/ServiceFeeAccept_Page/input_convFeeNotifyAction' is present

2023-12-08 10:53:57 - [TEST_STEP][PASSED] - resText = "Pass": null

2023-12-08 10:53:57 - [TEST_STEP][PASSED] - pages.WriteExcel.demoKey(resText, datText, resColumn, datCloumn, fileLoc, nameSheet, row): pages.WriteExcel.demoKey is PASSED

2023-12-08 10:53:57 - [MESSAGE][PASSED] - pages.WriteExcel.demoKey is PASSED

2023-12-08 10:53:57 - [TEST_STEP][PASSED] - if (execProfile == "QAProfile" || execProfile == "QA2Profile"): Text 'Successful Payment Receipt' is present on page  using regular expression

2023-12-08 10:53:57 - [TEST_STEP][PASSED] - click(findTestObject(orPath_ServiceFeesAccept + "/input_convFeeNotifyAction")): Object: 'Object Repository/RAD_Pages/ServiceFeeAccept_Page/input_convFeeNotifyAction' is clicked on

2023-12-08 10:53:58 - [MESSAGE][PASSED] - Object: 'Object Repository/RAD_Pages/ServiceFeeAccept_Page/input_convFeeNotifyAction' is clicked on

2023-12-08 10:53:58 - [TEST_STEP][PASSED] - delay(10): Delayed 10 second(s)

2023-12-08 10:54:08 - [MESSAGE][PASSED] - Delayed 10 second(s)

2023-12-08 10:54:08 - [TEST_STEP][PASSED] - verifyTextPresent("Successful Payment Receipt", true): Text 'Successful Payment Receipt' is present on page  using regular expression

2023-12-08 10:54:09 - [MESSAGE][PASSED] - Text 'Successful Payment Receipt' is present on page  using regular expression]]></system-out>
         <system-err><![CDATA[]]></system-err>
      </testcase>
      <testcase name="Test Cases/RAD_TestCases/BeforePayments_TestCases/Personal_Joint_BeforePayments_TC" time="228.623" classname="Test Cases/RAD_TestCases/BeforePayments_TestCases/Personal_Joint_BeforePayments_TC" status="PASSED">
         <system-out><![CDATA[2023-12-08 10:54:09 - [TEST_CASE][PASSED] - Test Cases/RAD_TestCases/BeforePayments_TestCases/Personal_Joint_BeforePayments_TC: Test Cases/RAD_TestCases/BeforePayments_TestCases/Personal_Joint_BeforePayments_TC

2023-12-08 10:54:09 - [TEST_STEP][PASSED] - resText = "Fail": null

2023-12-08 10:54:09 - [TEST_STEP][PASSED] - resColumn = "Result": null

2023-12-08 10:54:09 - [TEST_STEP][PASSED] - datCloumn = "Date": null

2023-12-08 10:54:09 - [TEST_STEP][PASSED] - fileLoc = "KatalonData/RADTestData/BeforePayments.xlsx": null

2023-12-08 10:54:09 - [TEST_STEP][PASSED] - nameSheet = "Personal_JNT": null

2023-12-08 10:54:09 - [TEST_STEP][PASSED] - dataFile = "RADTestData/BeforePayments_Personal_JNT": null

2023-12-08 10:54:09 - [TEST_STEP][PASSED] - orPath_Landing = "Object Repository/RAD_Pages/Landing_Page": null

2023-12-08 10:54:09 - [TEST_STEP][PASSED] - orPath_TaxTypeFilingYear = "Object Repository/RAD_Pages/TaxTypeFilingYear_Page": null

2023-12-08 10:54:09 - [TEST_STEP][PASSED] - orPath_Amount = "Object Repository/RAD_Pages/PaymentAmount_Page": null

2023-12-08 10:54:09 - [TEST_STEP][PASSED] - orPath_AddressContact = "Object Repository/RAD_Pages/AddressAndContactInfo_Page": null

2023-12-08 10:54:09 - [TEST_STEP][PASSED] - orPath_Summary = "Object Repository/RAD_Pages/Summary_Page": null

2023-12-08 10:54:09 - [TEST_STEP][PASSED] - orPath_PaymentConfirmation = "Object Repository/RAD_Pages/PaymentConfirmation_Page": null

2023-12-08 10:54:09 - [TEST_STEP][PASSED] - orPath_ServiceFeesAccept = "Object Repository/RAD_Pages/ServiceFeeAccept_Page": null

2023-12-08 10:54:09 - [TEST_STEP][PASSED] - orPath_PaymentEntry = "Object Repository/RAD_Pages/PaymentEntry_Page": null

2023-12-08 10:54:09 - [TEST_STEP][PASSED] - orPath_FilingStatus = "Object Repository/RAD_Pages/FilingStatus_Page": null

2023-12-08 10:54:09 - [TEST_STEP][PASSED] - ExecuteTC = <not implemented yet for class: org.codehaus.groovy.ast.expr.EmptyExpression>: null

2023-12-08 10:54:09 - [TEST_STEP][PASSED] - TaxType = <not implemented yet for class: org.codehaus.groovy.ast.expr.EmptyExpression>: null

2023-12-08 10:54:09 - [TEST_STEP][PASSED] - PaymentType = <not implemented yet for class: org.codehaus.groovy.ast.expr.EmptyExpression>: null

2023-12-08 10:54:09 - [TEST_STEP][PASSED] - FilingYear = <not implemented yet for class: org.codehaus.groovy.ast.expr.EmptyExpression>: null

2023-12-08 10:54:09 - [TEST_STEP][PASSED] - PeriodEndingMonth = <not implemented yet for class: org.codehaus.groovy.ast.expr.EmptyExpression>: null

2023-12-08 10:54:09 - [TEST_STEP][PASSED] - executionProfile = getExecutionProfile(): null

2023-12-08 10:54:09 - [TEST_STEP][PASSED] - execProfile = getExecutionProfile(): null

2023-12-08 10:54:09 - [TEST_STEP][PASSED] - numOfRows = findTestData(dataFile).getRowNumbers(): null

2023-12-08 10:54:09 - [TEST_STEP][PASSED] - println("Number of Records: " + numOfRows): null

2023-12-08 10:54:09 - [TEST_STEP][PASSED] - for ([row = 1, row <= numOfRows, (row++)]): null

2023-12-08 10:54:09 - [TEST_STEP][PASSED] - ExecuteTC = findTestData(dataFile).getValue("Execute", row): null

2023-12-08 10:54:09 - [TEST_STEP][PASSED] - TaxType = findTestData(dataFile).getValue("TaxType", row): null

2023-12-08 10:54:09 - [TEST_STEP][PASSED] - PaymentType = findTestData(dataFile).getValue("PaymentType", row): null

2023-12-08 10:54:09 - [TEST_STEP][PASSED] - FilingYear = findTestData(dataFile).getValue("Year", row): null

2023-12-08 10:54:09 - [TEST_STEP][PASSED] - if (ExecuteTC.equalsIgnoreCase("Y")): null

2023-12-08 10:54:09 - [TEST_STEP][PASSED] - out.println("Begin Record Number: " + row): null

2023-12-08 10:54:09 - [TEST_STEP][PASSED] - today = new java.util.Date(): null

2023-12-08 10:54:09 - [TEST_STEP][PASSED] - println(today): null

2023-12-08 10:54:09 - [TEST_STEP][PASSED] - datText = today: null

2023-12-08 10:54:09 - [TEST_STEP][PASSED] - logInfo("Payment Type: " + PaymentType): Payment Type: Quarterly Estimated Tax

2023-12-08 10:54:09 - [MESSAGE][INFO] - Payment Type: Quarterly Estimated Tax

2023-12-08 10:54:09 - [TEST_STEP][PASSED] - logInfo("Tax Type: " + TaxType): Tax Type: Personal Income Tax

2023-12-08 10:54:09 - [MESSAGE][INFO] - Tax Type: Personal Income Tax

2023-12-08 10:54:09 - [TEST_STEP][PASSED] - openBrowser(""): Browser is opened with url: ''

2023-12-08 10:54:09 - [MESSAGE][WARNING] - A browser is already opened. Closing browser and opening a new one

2023-12-08 10:54:10 - [MESSAGE][INFO] - Starting 'Chrome' driver

2023-12-08 10:54:10 - [MESSAGE][INFO] - User set preference: ['acceptInsecureCerts', 'true']

2023-12-08 10:54:10 - [MESSAGE][INFO] - Action delay is set to 0 milliseconds

2023-12-08 10:54:12 - [MESSAGE][PASSED] - Browser is opened with url: ''

2023-12-08 10:54:12 - [TEST_STEP][PASSED] - maximizeWindow(): Current window maximized

2023-12-08 10:54:12 - [MESSAGE][PASSED] - Current window maximized

2023-12-08 10:54:12 - [TEST_STEP][PASSED] - navigateToUrl(RADurl): Navigate to 'https://qa2.velocitypayment.com/client/rad/index.html' successfully

2023-12-08 10:54:14 - [MESSAGE][PASSED] - Navigate to 'https://qa2.velocitypayment.com/client/rad/index.html' successfully

2023-12-08 10:54:14 - [TEST_STEP][PASSED] - selectOptionByLabel(findTestObject(orPath_Landing + "/dd_TaxType"), PaymentType, false): All options with label 'Quarterly Estimated Tax' are selected in object 'Object Repository/RAD_Pages/Landing_Page/dd_TaxType' 

2023-12-08 10:54:14 - [MESSAGE][PASSED] - All options with label 'Quarterly Estimated Tax' are selected in object 'Object Repository/RAD_Pages/Landing_Page/dd_TaxType' 

2023-12-08 10:54:14 - [TEST_STEP][PASSED] - switch (PaymentType): null

2023-12-08 10:54:14 - [TEST_STEP][PASSED] - case "Quarterly Estimated Tax":: null

2023-12-08 10:54:14 - [TEST_STEP][PASSED] - selectOptionByLabel(findTestObject(orPath_TaxTypeFilingYear + "/select_PaymentType"), TaxType, false): All options with label 'Personal Income Tax' are selected in object 'Object Repository/RAD_Pages/TaxTypeFilingYear_Page/select_PaymentType' 

2023-12-08 10:54:15 - [MESSAGE][PASSED] - All options with label 'Personal Income Tax' are selected in object 'Object Repository/RAD_Pages/TaxTypeFilingYear_Page/select_PaymentType' 

2023-12-08 10:54:15 - [TEST_STEP][PASSED] - break: null

2023-12-08 10:54:15 - [TEST_STEP][PASSED] - if (!(FilingYear.isEmpty())): All options with label '2023' are selected in object 'Object Repository/RAD_Pages/TaxTypeFilingYear_Page/select_FilingYear' 

2023-12-08 10:54:15 - [TEST_STEP][PASSED] - selectOptionByLabel(findTestObject(orPath_TaxTypeFilingYear + "/select_FilingYear"), FilingYear, false): All options with label '2023' are selected in object 'Object Repository/RAD_Pages/TaxTypeFilingYear_Page/select_FilingYear' 

2023-12-08 10:54:16 - [MESSAGE][PASSED] - All options with label '2023' are selected in object 'Object Repository/RAD_Pages/TaxTypeFilingYear_Page/select_FilingYear' 

2023-12-08 10:54:16 - [TEST_STEP][PASSED] - rad.getSetDataRAD.setDataRADssnAndName(): rad.getSetDataRAD.setDataRADssnAndName is PASSED

2023-12-08 10:54:17 - [MESSAGE][PASSED] - Text 'Jimmy' is set on object 'Object Repository/RAD_Pages/Taxpayer_Page/input_firstName'

2023-12-08 10:54:17 - [MESSAGE][PASSED] - Text 'Anderson' is set on object 'Object Repository/RAD_Pages/Taxpayer_Page/input_lastName'

2023-12-08 10:54:18 - [MESSAGE][PASSED] - Text '123451234' is set on object 'Object Repository/RAD_RecordAndPlay/input_concatSSN'

2023-12-08 10:54:18 - [MESSAGE][PASSED] - Text '123451234' is set on object 'Object Repository/RAD_RecordAndPlay/input_concatReSSN'

2023-12-08 10:54:18 - [MESSAGE][PASSED] - rad.getSetDataRAD.setDataRADssnAndName is PASSED

2023-12-08 10:54:18 - [TEST_STEP][PASSED] - rad.getSetDataRAD.setDataRADAddress(): rad.getSetDataRAD.setDataRADAddress is PASSED

2023-12-08 10:54:19 - [MESSAGE][PASSED] - All options with label 'United States' are selected in object 'Object Repository/RAD_Pages/AddressAndContactInfo_Page/select_Country' 

2023-12-08 10:54:20 - [MESSAGE][PASSED] - Text '2508 Mandan Terrace' is set on object 'Object Repository/RAD_Pages/AddressAndContactInfo_Page/input_streetAddress1'

2023-12-08 10:54:21 - [MESSAGE][PASSED] - Text '' is set on object 'Object Repository/RAD_Pages/AddressAndContactInfo_Page/input_streetAddress2'

2023-12-08 10:54:22 - [MESSAGE][PASSED] - Text 'Gambrills' is set on object 'Object Repository/RAD_Pages/AddressAndContactInfo_Page/input_city'

2023-12-08 10:54:22 - [MESSAGE][PASSED] - All options with label 'Maryland' are selected in object 'Object Repository/RAD_Pages/AddressAndContactInfo_Page/select_State' 

2023-12-08 10:54:23 - [MESSAGE][PASSED] - Text '21054' is set on object 'Object Repository/RAD_Pages/AddressAndContactInfo_Page/input_zipCode'

2023-12-08 10:54:24 - [MESSAGE][PASSED] - Text '(703) 894-5000' is set on object 'Object Repository/RAD_Pages/AddressAndContactInfo_Page/input_phoneNumber'

2023-12-08 10:54:25 - [MESSAGE][PASSED] - Text 'iahmed@govolution.com' is set on object 'Object Repository/RAD_Pages/AddressAndContactInfo_Page/input_eMailAddress'

2023-12-08 10:54:26 - [MESSAGE][PASSED] - Text 'iahmed@govolution.com' is set on object 'Object Repository/RAD_Pages/AddressAndContactInfo_Page/input_reEnterEMailAddress'

2023-12-08 10:54:26 - [MESSAGE][PASSED] - rad.getSetDataRAD.setDataRADAddress is PASSED

2023-12-08 10:54:26 - [TEST_STEP][PASSED] - scrollToElement(findTestObject(orPath_Landing + "/button_Continue"), 3): Scroll to object 'Object Repository/RAD_Pages/Landing_Page/button_Continue' successfully

2023-12-08 10:54:26 - [MESSAGE][PASSED] - Scroll to object 'Object Repository/RAD_Pages/Landing_Page/button_Continue' successfully

2023-12-08 10:54:26 - [TEST_STEP][PASSED] - waitForElementClickable(findTestObject(orPath_FilingStatus + "/input_JointFiling_userType_New"), 5): Object 'Object Repository/RAD_Pages/FilingStatus_Page/input_JointFiling_userType_New' is clickable

2023-12-08 10:54:26 - [MESSAGE][PASSED] - Object 'Object Repository/RAD_Pages/FilingStatus_Page/input_JointFiling_userType_New' is clickable

2023-12-08 10:54:26 - [TEST_STEP][PASSED] - check(findTestObject(orPath_FilingStatus + "/input_JointFiling_userType_New")): Object 'Object Repository/RAD_Pages/FilingStatus_Page/input_JointFiling_userType_New' is checked

2023-12-08 10:54:27 - [MESSAGE][PASSED] - Object 'Object Repository/RAD_Pages/FilingStatus_Page/input_JointFiling_userType_New' is checked

2023-12-08 10:54:27 - [TEST_STEP][PASSED] - delay(2): Delayed 2 second(s)

2023-12-08 10:54:29 - [MESSAGE][PASSED] - Delayed 2 second(s)

2023-12-08 10:54:29 - [TEST_STEP][PASSED] - rad.getSetDataRAD.setDataRADssnAndNameJointFiler(): rad.getSetDataRAD.setDataRADssnAndNameJointFiler is PASSED

2023-12-08 10:54:30 - [MESSAGE][PASSED] - Text 'Larsons' is set on object 'Object Repository/RAD_Pages/FilingStatus_Page/input_jointFirstName'

2023-12-08 10:54:30 - [MESSAGE][PASSED] - Text 'Bell' is set on object 'Object Repository/RAD_Pages/FilingStatus_Page/input_jointLastName'

2023-12-08 10:54:31 - [MESSAGE][PASSED] - Text '123459630' is set on object 'Object Repository/RAD_RecordAndPlay/input_JointFilerSSN'

2023-12-08 10:54:31 - [MESSAGE][PASSED] - Text '123459630' is set on object 'Object Repository/RAD_RecordAndPlay/input_reTypeJointFilerSSN'

2023-12-08 10:54:31 - [MESSAGE][PASSED] - rad.getSetDataRAD.setDataRADssnAndNameJointFiler is PASSED

2023-12-08 10:54:31 - [TEST_STEP][PASSED] - setText(findTestObject(orPath_Amount + "/input__paymentAmount"), "100.00"): Text '100.00' is set on object 'Object Repository/RAD_Pages/PaymentAmount_Page/input__paymentAmount'

2023-12-08 10:54:32 - [MESSAGE][PASSED] - Text '100.00' is set on object 'Object Repository/RAD_Pages/PaymentAmount_Page/input__paymentAmount'

2023-12-08 10:54:32 - [TEST_STEP][PASSED] - setText(findTestObject(orPath_AddressContact + "/input_streetAddress2"), ""): Text '' is set on object 'Object Repository/RAD_Pages/AddressAndContactInfo_Page/input_streetAddress2'

2023-12-08 10:54:33 - [MESSAGE][PASSED] - Text '' is set on object 'Object Repository/RAD_Pages/AddressAndContactInfo_Page/input_streetAddress2'

2023-12-08 10:54:33 - [TEST_STEP][PASSED] - scrollToElement(findTestObject(orPath_Landing + "/button_Continue"), 3): Scroll to object 'Object Repository/RAD_Pages/Landing_Page/button_Continue' successfully

2023-12-08 10:54:34 - [MESSAGE][PASSED] - Scroll to object 'Object Repository/RAD_Pages/Landing_Page/button_Continue' successfully

2023-12-08 10:54:34 - [TEST_STEP][PASSED] - waitForElementClickable(findTestObject(orPath_Landing + "/button_Continue"), 5): Object 'Object Repository/RAD_Pages/Landing_Page/button_Continue' is clickable

2023-12-08 10:54:34 - [MESSAGE][PASSED] - Object 'Object Repository/RAD_Pages/Landing_Page/button_Continue' is clickable

2023-12-08 10:54:34 - [TEST_STEP][PASSED] - click(findTestObject(orPath_Landing + "/button_Continue")): Object: 'Object Repository/RAD_Pages/Landing_Page/button_Continue' is clicked on

2023-12-08 10:54:34 - [MESSAGE][PASSED] - Object: 'Object Repository/RAD_Pages/Landing_Page/button_Continue' is clicked on

2023-12-08 10:54:34 - [TEST_STEP][PASSED] - delay(2): Delayed 2 second(s)

2023-12-08 10:54:36 - [MESSAGE][PASSED] - Delayed 2 second(s)

2023-12-08 10:54:36 - [TEST_STEP][PASSED] - click(findTestObject(orPath_Summary + "/button_Proceed to Payment")): Object: 'Object Repository/RAD_Pages/Summary_Page/button_Proceed to Payment' is clicked on

2023-12-08 10:54:40 - [MESSAGE][PASSED] - Object: 'Object Repository/RAD_Pages/Summary_Page/button_Proceed to Payment' is clicked on

2023-12-08 10:54:40 - [TEST_STEP][PASSED] - if (verifyElementPresent(findTestObject("Object Repository/RAD_Pages/PaymentEntry_Page/input__billingName"), 30)): null

2023-12-08 10:54:41 - [MESSAGE][PASSED] - Object 'Object Repository/RAD_Pages/PaymentEntry_Page/input__billingName' is present

2023-12-08 10:54:41 - [TEST_STEP][PASSED] - verifyTextPresent("Comptroller of Maryland", true): Text 'Comptroller of Maryland' is present on page  using regular expression

2023-12-08 10:54:41 - [MESSAGE][PASSED] - Text 'Comptroller of Maryland' is present on page  using regular expression

2023-12-08 10:54:41 - [TEST_STEP][PASSED] - verifyTextPresent("Payment Information", true): Text 'Payment Information' is present on page  using regular expression

2023-12-08 10:54:42 - [MESSAGE][PASSED] - Text 'Payment Information' is present on page  using regular expression

2023-12-08 10:54:42 - [TEST_STEP][PASSED] - card_Name = getAttribute(findTestObject("Object Repository/RAD_Pages/PaymentEntry_Page/input__billingName"), "value"): Attribute 'value' of object 'Object Repository/RAD_Pages/PaymentEntry_Page/input__billingName' is: 'Jimmy Anderson'

2023-12-08 10:54:42 - [MESSAGE][PASSED] - Attribute 'value' of object 'Object Repository/RAD_Pages/PaymentEntry_Page/input__billingName' is: 'Jimmy Anderson'

2023-12-08 10:54:42 - [TEST_STEP][PASSED] - switch (executionProfile): null

2023-12-08 10:54:42 - [TEST_STEP][PASSED] - case "QA2Profile":: null

2023-12-08 10:54:42 - [TEST_STEP][PASSED] - verifyMatch("Jimmy Anderson", card_Name, false): Actual text 'Jimmy Anderson' and expected text 'Jimmy Anderson' are matched 

2023-12-08 10:54:42 - [MESSAGE][PASSED] - Actual text 'Jimmy Anderson' and expected text 'Jimmy Anderson' are matched 

2023-12-08 10:54:42 - [TEST_STEP][PASSED] - break: null

2023-12-08 10:54:42 - [TEST_STEP][PASSED] - AL1 = getAttribute(findTestObject("Object Repository/RAD_Pages/PaymentEntry_Page/input_billingAddress"), "value"): Attribute 'value' of object 'Object Repository/RAD_Pages/PaymentEntry_Page/input_billingAddress' is: '2508 Mandan Terrace'

2023-12-08 10:54:42 - [MESSAGE][PASSED] - Attribute 'value' of object 'Object Repository/RAD_Pages/PaymentEntry_Page/input_billingAddress' is: '2508 Mandan Terrace'

2023-12-08 10:54:42 - [TEST_STEP][PASSED] - verifyMatch("2508 Mandan Terrace", AL1, false): Actual text '2508 Mandan Terrace' and expected text '2508 Mandan Terrace' are matched 

2023-12-08 10:54:42 - [MESSAGE][PASSED] - Actual text '2508 Mandan Terrace' and expected text '2508 Mandan Terrace' are matched 

2023-12-08 10:54:42 - [TEST_STEP][PASSED] - AL2 = getAttribute(findTestObject("Object Repository/RAD_Pages/PaymentEntry_Page/input_billingAddress2"), "value"): Attribute 'value' of object 'Object Repository/RAD_Pages/PaymentEntry_Page/input_billingAddress2' is: ''

2023-12-08 10:54:43 - [MESSAGE][PASSED] - Attribute 'value' of object 'Object Repository/RAD_Pages/PaymentEntry_Page/input_billingAddress2' is: ''

2023-12-08 10:54:43 - [TEST_STEP][PASSED] - verifyMatch("", AL2, false): Actual text '' and expected text '' are matched 

2023-12-08 10:54:43 - [MESSAGE][PASSED] - Actual text '' and expected text '' are matched 

2023-12-08 10:54:43 - [TEST_STEP][PASSED] - zipCode = getAttribute(findTestObject("Object Repository/RAD_Pages/PaymentEntry_Page/input_billingZip"), "value"): Attribute 'value' of object 'Object Repository/RAD_Pages/PaymentEntry_Page/input_billingZip' is: '21054'

2023-12-08 10:54:43 - [MESSAGE][PASSED] - Attribute 'value' of object 'Object Repository/RAD_Pages/PaymentEntry_Page/input_billingZip' is: '21054'

2023-12-08 10:54:43 - [TEST_STEP][PASSED] - verifyMatch("21054", zipCode, false): Actual text '21054' and expected text '21054' are matched 

2023-12-08 10:54:43 - [MESSAGE][PASSED] - Actual text '21054' and expected text '21054' are matched 

2023-12-08 10:54:43 - [TEST_STEP][PASSED] - city = getAttribute(findTestObject("Object Repository/RAD_Pages/PaymentEntry_Page/input_billingCity"), "value"): Attribute 'value' of object 'Object Repository/RAD_Pages/PaymentEntry_Page/input_billingCity' is: 'GAMBRILLS'

2023-12-08 10:54:43 - [MESSAGE][PASSED] - Attribute 'value' of object 'Object Repository/RAD_Pages/PaymentEntry_Page/input_billingCity' is: 'GAMBRILLS'

2023-12-08 10:54:43 - [TEST_STEP][PASSED] - verifyMatch("GAMBRILLS", city, false): Actual text 'GAMBRILLS' and expected text 'GAMBRILLS' are matched 

2023-12-08 10:54:43 - [MESSAGE][PASSED] - Actual text 'GAMBRILLS' and expected text 'GAMBRILLS' are matched 

2023-12-08 10:54:43 - [TEST_STEP][PASSED] - email = getAttribute(findTestObject("Object Repository/RAD_Pages/PaymentEntry_Page/input_emailAddress"), "value"): Attribute 'value' of object 'Object Repository/RAD_Pages/PaymentEntry_Page/input_emailAddress' is: 'iahmed@govolution.com'

2023-12-08 10:54:44 - [MESSAGE][PASSED] - Attribute 'value' of object 'Object Repository/RAD_Pages/PaymentEntry_Page/input_emailAddress' is: 'iahmed@govolution.com'

2023-12-08 10:54:44 - [TEST_STEP][PASSED] - verifyMatch("iahmed@govolution.com", email, false): Actual text 'iahmed@govolution.com' and expected text 'iahmed@govolution.com' are matched 

2023-12-08 10:54:44 - [MESSAGE][PASSED] - Actual text 'iahmed@govolution.com' and expected text 'iahmed@govolution.com' are matched 

2023-12-08 10:54:44 - [TEST_STEP][PASSED] - amount = getAttribute(findTestObject("Object Repository/RAD_Pages/PaymentEntry_Page/input_amount"), "value"): Attribute 'value' of object 'Object Repository/RAD_Pages/PaymentEntry_Page/input_amount' is: '100.00'

2023-12-08 10:54:44 - [MESSAGE][PASSED] - Attribute 'value' of object 'Object Repository/RAD_Pages/PaymentEntry_Page/input_amount' is: '100.00'

2023-12-08 10:54:44 - [TEST_STEP][PASSED] - verifyMatch("100.00", amount, false): Actual text '100.00' and expected text '100.00' are matched 

2023-12-08 10:54:44 - [MESSAGE][PASSED] - Actual text '100.00' and expected text '100.00' are matched 

2023-12-08 10:54:44 - [TEST_STEP][PASSED] - amountReadOnly = getAttribute(findTestObject("Object Repository/RAD_Pages/PaymentEntry_Page/input_amount"), "readonly"): Attribute 'readonly' of object 'Object Repository/RAD_Pages/PaymentEntry_Page/input_amount' is: 'true'

2023-12-08 10:54:44 - [MESSAGE][PASSED] - Attribute 'readonly' of object 'Object Repository/RAD_Pages/PaymentEntry_Page/input_amount' is: 'true'

2023-12-08 10:54:44 - [TEST_STEP][PASSED] - verifyMatch("true", amountReadOnly, false): Actual text 'true' and expected text 'true' are matched 

2023-12-08 10:54:44 - [MESSAGE][PASSED] - Actual text 'true' and expected text 'true' are matched 

2023-12-08 10:54:44 - [TEST_STEP][PASSED] - verifyOptionSelectedByLabel(findTestObject("Object Repository/RAD_Pages/PaymentEntry_Page/select_Country"), "United States", false, 20): All options with label 'United States' are selected in object 'Object Repository/RAD_Pages/PaymentEntry_Page/select_Country' 

2023-12-08 10:54:45 - [MESSAGE][PASSED] - All options with label 'United States' are selected in object 'Object Repository/RAD_Pages/PaymentEntry_Page/select_Country' 

2023-12-08 10:54:45 - [TEST_STEP][PASSED] - verifyOptionSelectedByLabel(findTestObject("Object Repository/RAD_Pages/PaymentEntry_Page/select_State"), "Maryland", false, 20): All options with label 'Maryland' are selected in object 'Object Repository/RAD_Pages/PaymentEntry_Page/select_State' 

2023-12-08 10:54:48 - [MESSAGE][PASSED] - All options with label 'Maryland' are selected in object 'Object Repository/RAD_Pages/PaymentEntry_Page/select_State' 

2023-12-08 10:54:48 - [TEST_STEP][PASSED] - setText(findTestObject(orPath_PaymentEntry + "/input__cardNumber"), "4111111111111111"): Text '4111111111111111' is set on object 'Object Repository/RAD_Pages/PaymentEntry_Page/input__cardNumber'

2023-12-08 10:54:49 - [MESSAGE][PASSED] - Text '4111111111111111' is set on object 'Object Repository/RAD_Pages/PaymentEntry_Page/input__cardNumber'

2023-12-08 10:54:49 - [TEST_STEP][PASSED] - setText(findTestObject(orPath_PaymentEntry + "/input__spc"), "123"): Text '123' is set on object 'Object Repository/RAD_Pages/PaymentEntry_Page/input__spc'

2023-12-08 10:54:50 - [MESSAGE][PASSED] - Text '123' is set on object 'Object Repository/RAD_Pages/PaymentEntry_Page/input__spc'

2023-12-08 10:54:50 - [TEST_STEP][PASSED] - selectOptionByLabel(findTestObject(orPath_PaymentEntry + "/select_MM"), "12", false): All options with label '12' are selected in object 'Object Repository/RAD_Pages/PaymentEntry_Page/select_MM' 

2023-12-08 10:54:50 - [MESSAGE][PASSED] - All options with label '12' are selected in object 'Object Repository/RAD_Pages/PaymentEntry_Page/select_MM' 

2023-12-08 10:54:50 - [TEST_STEP][PASSED] - selectOptionByLabel(findTestObject(orPath_PaymentEntry + "/select_YYYY"), "2028", false): All options with label '2028' are selected in object 'Object Repository/RAD_Pages/PaymentEntry_Page/select_YYYY' 

2023-12-08 10:54:51 - [MESSAGE][PASSED] - All options with label '2028' are selected in object 'Object Repository/RAD_Pages/PaymentEntry_Page/select_YYYY' 

2023-12-08 10:54:51 - [TEST_STEP][PASSED] - click(findTestObject(orPath_PaymentEntry + "/input_Field_ccSubmit")): Object: 'Object Repository/RAD_Pages/PaymentEntry_Page/input_Field_ccSubmit' is clicked on

2023-12-08 10:54:52 - [MESSAGE][PASSED] - Object: 'Object Repository/RAD_Pages/PaymentEntry_Page/input_Field_ccSubmit' is clicked on

2023-12-08 10:54:52 - [TEST_STEP][PASSED] - click(findTestObject(orPath_PaymentConfirmation + "/input_N_confirmNotifyAction")): Object: 'Object Repository/RAD_Pages/PaymentConfirmation_Page/input_N_confirmNotifyAction' is clicked on

2023-12-08 10:54:53 - [MESSAGE][PASSED] - Object: 'Object Repository/RAD_Pages/PaymentConfirmation_Page/input_N_confirmNotifyAction' is clicked on

2023-12-08 10:54:53 - [TEST_STEP][PASSED] - verifyTextPresent("Service Fee Acceptance", true): Text 'Service Fee Acceptance' is present on page  using regular expression

2023-12-08 10:54:53 - [MESSAGE][PASSED] - Text 'Service Fee Acceptance' is present on page  using regular expression

2023-12-08 10:54:53 - [TEST_STEP][PASSED] - verifyTextPresent("This transaction is subject to a Service Fee of ", true): Text 'This transaction is subject to a Service Fee of ' is present on page  using regular expression

2023-12-08 10:54:54 - [MESSAGE][PASSED] - Text 'This transaction is subject to a Service Fee of ' is present on page  using regular expression

2023-12-08 10:54:54 - [TEST_STEP][PASSED] - verifyTextPresent("Payment Amount:", true): Text 'Payment Amount:' is present on page  using regular expression

2023-12-08 10:54:54 - [MESSAGE][PASSED] - Text 'Payment Amount:' is present on page  using regular expression

2023-12-08 10:54:54 - [TEST_STEP][PASSED] - verifyTextPresent("100.00", true): Text '100.00' is present on page  using regular expression

2023-12-08 10:54:54 - [MESSAGE][PASSED] - Text '100.00' is present on page  using regular expression

2023-12-08 10:54:54 - [TEST_STEP][PASSED] - verifyTextPresent("Service Fee:", true): Text 'Service Fee:' is present on page  using regular expression

2023-12-08 10:54:55 - [MESSAGE][PASSED] - Text 'Service Fee:' is present on page  using regular expression

2023-12-08 10:54:55 - [TEST_STEP][PASSED] - verifyTextPresent("2.45", true): Text '2.45' is present on page  using regular expression

2023-12-08 10:54:55 - [MESSAGE][PASSED] - Text '2.45' is present on page  using regular expression

2023-12-08 10:54:55 - [TEST_STEP][PASSED] - verifyTextPresent("Total Amount:", true): Text 'Total Amount:' is present on page  using regular expression

2023-12-08 10:54:55 - [MESSAGE][PASSED] - Text 'Total Amount:' is present on page  using regular expression

2023-12-08 10:54:55 - [TEST_STEP][PASSED] - verifyTextPresent("102.45", true): Text '102.45' is present on page  using regular expression

2023-12-08 10:54:55 - [MESSAGE][PASSED] - Text '102.45' is present on page  using regular expression

2023-12-08 10:54:55 - [TEST_STEP][PASSED] - verifyTextPresent("Two transactions will appear on your bank statement, one in the amount of", true): Text 'Two transactions will appear on your bank statement, one in the amount of' is present on page  using regular expression

2023-12-08 10:54:56 - [MESSAGE][PASSED] - Text 'Two transactions will appear on your bank statement, one in the amount of' is present on page  using regular expression

2023-12-08 10:54:56 - [TEST_STEP][PASSED] - if (verifyElementPresent(findTestObject(orPath_ServiceFeesAccept + "/input_convFeeNotifyAction"), 30)): null

2023-12-08 10:54:56 - [MESSAGE][PASSED] - Object 'Object Repository/RAD_Pages/ServiceFeeAccept_Page/input_convFeeNotifyAction' is present

2023-12-08 10:54:56 - [TEST_STEP][PASSED] - resText = "Pass": null

2023-12-08 10:54:56 - [TEST_STEP][PASSED] - pages.WriteExcel.demoKey(resText, datText, resColumn, datCloumn, fileLoc, nameSheet, row): pages.WriteExcel.demoKey is PASSED

2023-12-08 10:54:56 - [MESSAGE][PASSED] - pages.WriteExcel.demoKey is PASSED

2023-12-08 10:54:56 - [TEST_STEP][PASSED] - if (execProfile == "QAProfile" || execProfile == "QA2Profile"): Text 'Successful Payment Receipt' is present on page  using regular expression

2023-12-08 10:54:56 - [TEST_STEP][PASSED] - click(findTestObject(orPath_ServiceFeesAccept + "/input_convFeeNotifyAction")): Object: 'Object Repository/RAD_Pages/ServiceFeeAccept_Page/input_convFeeNotifyAction' is clicked on

2023-12-08 10:54:57 - [MESSAGE][PASSED] - Object: 'Object Repository/RAD_Pages/ServiceFeeAccept_Page/input_convFeeNotifyAction' is clicked on

2023-12-08 10:54:57 - [TEST_STEP][PASSED] - delay(10): Delayed 10 second(s)

2023-12-08 10:55:07 - [MESSAGE][PASSED] - Delayed 10 second(s)

2023-12-08 10:55:07 - [TEST_STEP][PASSED] - verifyTextPresent("Successful Payment Receipt", true): Text 'Successful Payment Receipt' is present on page  using regular expression

2023-12-08 10:55:07 - [MESSAGE][PASSED] - Text 'Successful Payment Receipt' is present on page  using regular expression

2023-12-08 10:55:07 - [TEST_STEP][PASSED] - ExecuteTC = findTestData(dataFile).getValue("Execute", row): null

2023-12-08 10:55:07 - [TEST_STEP][PASSED] - TaxType = findTestData(dataFile).getValue("TaxType", row): null

2023-12-08 10:55:07 - [TEST_STEP][PASSED] - PaymentType = findTestData(dataFile).getValue("PaymentType", row): null

2023-12-08 10:55:07 - [TEST_STEP][PASSED] - FilingYear = findTestData(dataFile).getValue("Year", row): null

2023-12-08 10:55:07 - [TEST_STEP][PASSED] - if (ExecuteTC.equalsIgnoreCase("Y")): null

2023-12-08 10:55:07 - [TEST_STEP][PASSED] - ExecuteTC = findTestData(dataFile).getValue("Execute", row): null

2023-12-08 10:55:07 - [TEST_STEP][PASSED] - TaxType = findTestData(dataFile).getValue("TaxType", row): null

2023-12-08 10:55:08 - [TEST_STEP][PASSED] - PaymentType = findTestData(dataFile).getValue("PaymentType", row): null

2023-12-08 10:55:08 - [TEST_STEP][PASSED] - FilingYear = findTestData(dataFile).getValue("Year", row): null

2023-12-08 10:55:08 - [TEST_STEP][PASSED] - if (ExecuteTC.equalsIgnoreCase("Y")): null

2023-12-08 10:55:08 - [TEST_STEP][PASSED] - out.println("Begin Record Number: " + row): null

2023-12-08 10:55:08 - [TEST_STEP][PASSED] - today = new java.util.Date(): null

2023-12-08 10:55:08 - [TEST_STEP][PASSED] - println(today): null

2023-12-08 10:55:08 - [TEST_STEP][PASSED] - datText = today: null

2023-12-08 10:55:08 - [TEST_STEP][PASSED] - logInfo("Payment Type: " + PaymentType): Payment Type: New Tax Return Amount Due

2023-12-08 10:55:08 - [MESSAGE][INFO] - Payment Type: New Tax Return Amount Due

2023-12-08 10:55:08 - [TEST_STEP][PASSED] - logInfo("Tax Type: " + TaxType): Tax Type: Personal Income Tax

2023-12-08 10:55:08 - [MESSAGE][INFO] - Tax Type: Personal Income Tax

2023-12-08 10:55:08 - [TEST_STEP][PASSED] - openBrowser(""): Browser is opened with url: ''

2023-12-08 10:55:08 - [MESSAGE][WARNING] - A browser is already opened. Closing browser and opening a new one

2023-12-08 10:55:09 - [MESSAGE][INFO] - Starting 'Chrome' driver

2023-12-08 10:55:09 - [MESSAGE][INFO] - User set preference: ['acceptInsecureCerts', 'true']

2023-12-08 10:55:09 - [MESSAGE][INFO] - Action delay is set to 0 milliseconds

2023-12-08 10:55:10 - [MESSAGE][PASSED] - Browser is opened with url: ''

2023-12-08 10:55:10 - [TEST_STEP][PASSED] - maximizeWindow(): Current window maximized

2023-12-08 10:55:10 - [MESSAGE][PASSED] - Current window maximized

2023-12-08 10:55:10 - [TEST_STEP][PASSED] - navigateToUrl(RADurl): Navigate to 'https://qa2.velocitypayment.com/client/rad/index.html' successfully

2023-12-08 10:55:12 - [MESSAGE][PASSED] - Navigate to 'https://qa2.velocitypayment.com/client/rad/index.html' successfully

2023-12-08 10:55:12 - [TEST_STEP][PASSED] - selectOptionByLabel(findTestObject(orPath_Landing + "/dd_TaxType"), PaymentType, false): All options with label 'New Tax Return Amount Due' are selected in object 'Object Repository/RAD_Pages/Landing_Page/dd_TaxType' 

2023-12-08 10:55:13 - [MESSAGE][PASSED] - All options with label 'New Tax Return Amount Due' are selected in object 'Object Repository/RAD_Pages/Landing_Page/dd_TaxType' 

2023-12-08 10:55:13 - [TEST_STEP][PASSED] - switch (PaymentType): null

2023-12-08 10:55:13 - [TEST_STEP][PASSED] - case "New Tax Return Amount Due":: null

2023-12-08 10:55:13 - [TEST_STEP][PASSED] - selectOptionByLabel(findTestObject("Object Repository/RAD_Pages/Landing_Page/select_NewTaxReturnAmountDue_TaxType"), TaxType, false): All options with label 'Personal Income Tax' are selected in object 'Object Repository/RAD_Pages/Landing_Page/select_NewTaxReturnAmountDue_TaxType' 

2023-12-08 10:55:13 - [MESSAGE][PASSED] - All options with label 'Personal Income Tax' are selected in object 'Object Repository/RAD_Pages/Landing_Page/select_NewTaxReturnAmountDue_TaxType' 

2023-12-08 10:55:13 - [TEST_STEP][PASSED] - break: null

2023-12-08 10:55:13 - [TEST_STEP][PASSED] - if (!(FilingYear.isEmpty())): All options with label '2022' are selected in object 'Object Repository/RAD_Pages/TaxTypeFilingYear_Page/select_FilingYear' 

2023-12-08 10:55:13 - [TEST_STEP][PASSED] - selectOptionByLabel(findTestObject(orPath_TaxTypeFilingYear + "/select_FilingYear"), FilingYear, false): All options with label '2022' are selected in object 'Object Repository/RAD_Pages/TaxTypeFilingYear_Page/select_FilingYear' 

2023-12-08 10:55:14 - [MESSAGE][PASSED] - All options with label '2022' are selected in object 'Object Repository/RAD_Pages/TaxTypeFilingYear_Page/select_FilingYear' 

2023-12-08 10:55:14 - [TEST_STEP][PASSED] - rad.getSetDataRAD.setDataRADssnAndName(): rad.getSetDataRAD.setDataRADssnAndName is PASSED

2023-12-08 10:55:15 - [MESSAGE][PASSED] - Text 'Jimmy' is set on object 'Object Repository/RAD_Pages/Taxpayer_Page/input_firstName'

2023-12-08 10:55:16 - [MESSAGE][PASSED] - Text 'Anderson' is set on object 'Object Repository/RAD_Pages/Taxpayer_Page/input_lastName'

2023-12-08 10:55:16 - [MESSAGE][PASSED] - Text '123451234' is set on object 'Object Repository/RAD_RecordAndPlay/input_concatSSN'

2023-12-08 10:55:17 - [MESSAGE][PASSED] - Text '123451234' is set on object 'Object Repository/RAD_RecordAndPlay/input_concatReSSN'

2023-12-08 10:55:17 - [MESSAGE][PASSED] - rad.getSetDataRAD.setDataRADssnAndName is PASSED

2023-12-08 10:55:17 - [TEST_STEP][PASSED] - rad.getSetDataRAD.setDataRADAddress(): rad.getSetDataRAD.setDataRADAddress is PASSED

2023-12-08 10:55:17 - [MESSAGE][PASSED] - All options with label 'United States' are selected in object 'Object Repository/RAD_Pages/AddressAndContactInfo_Page/select_Country' 

2023-12-08 10:55:18 - [MESSAGE][PASSED] - Text '2508 Mandan Terrace' is set on object 'Object Repository/RAD_Pages/AddressAndContactInfo_Page/input_streetAddress1'

2023-12-08 10:55:19 - [MESSAGE][PASSED] - Text '' is set on object 'Object Repository/RAD_Pages/AddressAndContactInfo_Page/input_streetAddress2'

2023-12-08 10:55:20 - [MESSAGE][PASSED] - Text 'Gambrills' is set on object 'Object Repository/RAD_Pages/AddressAndContactInfo_Page/input_city'

2023-12-08 10:55:21 - [MESSAGE][PASSED] - All options with label 'Maryland' are selected in object 'Object Repository/RAD_Pages/AddressAndContactInfo_Page/select_State' 

2023-12-08 10:55:22 - [MESSAGE][PASSED] - Text '21054' is set on object 'Object Repository/RAD_Pages/AddressAndContactInfo_Page/input_zipCode'

2023-12-08 10:55:22 - [MESSAGE][PASSED] - Text '(703) 894-5000' is set on object 'Object Repository/RAD_Pages/AddressAndContactInfo_Page/input_phoneNumber'

2023-12-08 10:55:23 - [MESSAGE][PASSED] - Text 'iahmed@govolution.com' is set on object 'Object Repository/RAD_Pages/AddressAndContactInfo_Page/input_eMailAddress'

2023-12-08 10:55:24 - [MESSAGE][PASSED] - Text 'iahmed@govolution.com' is set on object 'Object Repository/RAD_Pages/AddressAndContactInfo_Page/input_reEnterEMailAddress'

2023-12-08 10:55:24 - [MESSAGE][PASSED] - rad.getSetDataRAD.setDataRADAddress is PASSED

2023-12-08 10:55:24 - [TEST_STEP][PASSED] - scrollToElement(findTestObject(orPath_Landing + "/button_Continue"), 3): Scroll to object 'Object Repository/RAD_Pages/Landing_Page/button_Continue' successfully

2023-12-08 10:55:24 - [MESSAGE][PASSED] - Scroll to object 'Object Repository/RAD_Pages/Landing_Page/button_Continue' successfully

2023-12-08 10:55:24 - [TEST_STEP][PASSED] - waitForElementClickable(findTestObject(orPath_FilingStatus + "/input_JointFiling_userType_New"), 5): Object 'Object Repository/RAD_Pages/FilingStatus_Page/input_JointFiling_userType_New' is clickable

2023-12-08 10:55:25 - [MESSAGE][PASSED] - Object 'Object Repository/RAD_Pages/FilingStatus_Page/input_JointFiling_userType_New' is clickable

2023-12-08 10:55:25 - [TEST_STEP][PASSED] - check(findTestObject(orPath_FilingStatus + "/input_JointFiling_userType_New")): Object 'Object Repository/RAD_Pages/FilingStatus_Page/input_JointFiling_userType_New' is checked

2023-12-08 10:55:25 - [MESSAGE][PASSED] - Object 'Object Repository/RAD_Pages/FilingStatus_Page/input_JointFiling_userType_New' is checked

2023-12-08 10:55:25 - [TEST_STEP][PASSED] - delay(2): Delayed 2 second(s)

2023-12-08 10:55:27 - [MESSAGE][PASSED] - Delayed 2 second(s)

2023-12-08 10:55:27 - [TEST_STEP][PASSED] - rad.getSetDataRAD.setDataRADssnAndNameJointFiler(): rad.getSetDataRAD.setDataRADssnAndNameJointFiler is PASSED

2023-12-08 10:55:28 - [MESSAGE][PASSED] - Text 'Larsons' is set on object 'Object Repository/RAD_Pages/FilingStatus_Page/input_jointFirstName'

2023-12-08 10:55:29 - [MESSAGE][PASSED] - Text 'Bell' is set on object 'Object Repository/RAD_Pages/FilingStatus_Page/input_jointLastName'

2023-12-08 10:55:29 - [MESSAGE][PASSED] - Text '123459630' is set on object 'Object Repository/RAD_RecordAndPlay/input_JointFilerSSN'

2023-12-08 10:55:30 - [MESSAGE][PASSED] - Text '123459630' is set on object 'Object Repository/RAD_RecordAndPlay/input_reTypeJointFilerSSN'

2023-12-08 10:55:30 - [MESSAGE][PASSED] - rad.getSetDataRAD.setDataRADssnAndNameJointFiler is PASSED

2023-12-08 10:55:30 - [TEST_STEP][PASSED] - setText(findTestObject(orPath_Amount + "/input__paymentAmount"), "100.00"): Text '100.00' is set on object 'Object Repository/RAD_Pages/PaymentAmount_Page/input__paymentAmount'

2023-12-08 10:55:31 - [MESSAGE][PASSED] - Text '100.00' is set on object 'Object Repository/RAD_Pages/PaymentAmount_Page/input__paymentAmount'

2023-12-08 10:55:31 - [TEST_STEP][PASSED] - setText(findTestObject(orPath_AddressContact + "/input_streetAddress2"), ""): Text '' is set on object 'Object Repository/RAD_Pages/AddressAndContactInfo_Page/input_streetAddress2'

2023-12-08 10:55:32 - [MESSAGE][PASSED] - Text '' is set on object 'Object Repository/RAD_Pages/AddressAndContactInfo_Page/input_streetAddress2'

2023-12-08 10:55:32 - [TEST_STEP][PASSED] - scrollToElement(findTestObject(orPath_Landing + "/button_Continue"), 3): Scroll to object 'Object Repository/RAD_Pages/Landing_Page/button_Continue' successfully

2023-12-08 10:55:32 - [MESSAGE][PASSED] - Scroll to object 'Object Repository/RAD_Pages/Landing_Page/button_Continue' successfully

2023-12-08 10:55:32 - [TEST_STEP][PASSED] - waitForElementClickable(findTestObject(orPath_Landing + "/button_Continue"), 5): Object 'Object Repository/RAD_Pages/Landing_Page/button_Continue' is clickable

2023-12-08 10:55:33 - [MESSAGE][PASSED] - Object 'Object Repository/RAD_Pages/Landing_Page/button_Continue' is clickable

2023-12-08 10:55:33 - [TEST_STEP][PASSED] - click(findTestObject(orPath_Landing + "/button_Continue")): Object: 'Object Repository/RAD_Pages/Landing_Page/button_Continue' is clicked on

2023-12-08 10:55:33 - [MESSAGE][PASSED] - Object: 'Object Repository/RAD_Pages/Landing_Page/button_Continue' is clicked on

2023-12-08 10:55:33 - [TEST_STEP][PASSED] - delay(2): Delayed 2 second(s)

2023-12-08 10:55:35 - [MESSAGE][PASSED] - Delayed 2 second(s)

2023-12-08 10:55:35 - [TEST_STEP][PASSED] - click(findTestObject(orPath_Summary + "/button_Proceed to Payment")): Object: 'Object Repository/RAD_Pages/Summary_Page/button_Proceed to Payment' is clicked on

2023-12-08 10:55:37 - [MESSAGE][PASSED] - Object: 'Object Repository/RAD_Pages/Summary_Page/button_Proceed to Payment' is clicked on

2023-12-08 10:55:37 - [TEST_STEP][PASSED] - if (verifyElementPresent(findTestObject("Object Repository/RAD_Pages/PaymentEntry_Page/input__billingName"), 30)): null

2023-12-08 10:55:37 - [MESSAGE][PASSED] - Object 'Object Repository/RAD_Pages/PaymentEntry_Page/input__billingName' is present

2023-12-08 10:55:37 - [TEST_STEP][PASSED] - verifyTextPresent("Comptroller of Maryland", true): Text 'Comptroller of Maryland' is present on page  using regular expression

2023-12-08 10:55:37 - [MESSAGE][PASSED] - Text 'Comptroller of Maryland' is present on page  using regular expression

2023-12-08 10:55:37 - [TEST_STEP][PASSED] - verifyTextPresent("Payment Information", true): Text 'Payment Information' is present on page  using regular expression

2023-12-08 10:55:38 - [MESSAGE][PASSED] - Text 'Payment Information' is present on page  using regular expression

2023-12-08 10:55:38 - [TEST_STEP][PASSED] - card_Name = getAttribute(findTestObject("Object Repository/RAD_Pages/PaymentEntry_Page/input__billingName"), "value"): Attribute 'value' of object 'Object Repository/RAD_Pages/PaymentEntry_Page/input__billingName' is: 'Jimmy Anderson'

2023-12-08 10:55:38 - [MESSAGE][PASSED] - Attribute 'value' of object 'Object Repository/RAD_Pages/PaymentEntry_Page/input__billingName' is: 'Jimmy Anderson'

2023-12-08 10:55:38 - [TEST_STEP][PASSED] - switch (executionProfile): null

2023-12-08 10:55:38 - [TEST_STEP][PASSED] - case "QA2Profile":: null

2023-12-08 10:55:38 - [TEST_STEP][PASSED] - verifyMatch("Jimmy Anderson", card_Name, false): Actual text 'Jimmy Anderson' and expected text 'Jimmy Anderson' are matched 

2023-12-08 10:55:38 - [MESSAGE][PASSED] - Actual text 'Jimmy Anderson' and expected text 'Jimmy Anderson' are matched 

2023-12-08 10:55:38 - [TEST_STEP][PASSED] - break: null

2023-12-08 10:55:38 - [TEST_STEP][PASSED] - AL1 = getAttribute(findTestObject("Object Repository/RAD_Pages/PaymentEntry_Page/input_billingAddress"), "value"): Attribute 'value' of object 'Object Repository/RAD_Pages/PaymentEntry_Page/input_billingAddress' is: '2508 Mandan Terrace'

2023-12-08 10:55:39 - [MESSAGE][PASSED] - Attribute 'value' of object 'Object Repository/RAD_Pages/PaymentEntry_Page/input_billingAddress' is: '2508 Mandan Terrace'

2023-12-08 10:55:39 - [TEST_STEP][PASSED] - verifyMatch("2508 Mandan Terrace", AL1, false): Actual text '2508 Mandan Terrace' and expected text '2508 Mandan Terrace' are matched 

2023-12-08 10:55:39 - [MESSAGE][PASSED] - Actual text '2508 Mandan Terrace' and expected text '2508 Mandan Terrace' are matched 

2023-12-08 10:55:39 - [TEST_STEP][PASSED] - AL2 = getAttribute(findTestObject("Object Repository/RAD_Pages/PaymentEntry_Page/input_billingAddress2"), "value"): Attribute 'value' of object 'Object Repository/RAD_Pages/PaymentEntry_Page/input_billingAddress2' is: ''

2023-12-08 10:55:39 - [MESSAGE][PASSED] - Attribute 'value' of object 'Object Repository/RAD_Pages/PaymentEntry_Page/input_billingAddress2' is: ''

2023-12-08 10:55:39 - [TEST_STEP][PASSED] - verifyMatch("", AL2, false): Actual text '' and expected text '' are matched 

2023-12-08 10:55:39 - [MESSAGE][PASSED] - Actual text '' and expected text '' are matched 

2023-12-08 10:55:39 - [TEST_STEP][PASSED] - zipCode = getAttribute(findTestObject("Object Repository/RAD_Pages/PaymentEntry_Page/input_billingZip"), "value"): Attribute 'value' of object 'Object Repository/RAD_Pages/PaymentEntry_Page/input_billingZip' is: '21054'

2023-12-08 10:55:39 - [MESSAGE][PASSED] - Attribute 'value' of object 'Object Repository/RAD_Pages/PaymentEntry_Page/input_billingZip' is: '21054'

2023-12-08 10:55:39 - [TEST_STEP][PASSED] - verifyMatch("21054", zipCode, false): Actual text '21054' and expected text '21054' are matched 

2023-12-08 10:55:39 - [MESSAGE][PASSED] - Actual text '21054' and expected text '21054' are matched 

2023-12-08 10:55:39 - [TEST_STEP][PASSED] - city = getAttribute(findTestObject("Object Repository/RAD_Pages/PaymentEntry_Page/input_billingCity"), "value"): Attribute 'value' of object 'Object Repository/RAD_Pages/PaymentEntry_Page/input_billingCity' is: 'GAMBRILLS'

2023-12-08 10:55:40 - [MESSAGE][PASSED] - Attribute 'value' of object 'Object Repository/RAD_Pages/PaymentEntry_Page/input_billingCity' is: 'GAMBRILLS'

2023-12-08 10:55:40 - [TEST_STEP][PASSED] - verifyMatch("GAMBRILLS", city, false): Actual text 'GAMBRILLS' and expected text 'GAMBRILLS' are matched 

2023-12-08 10:55:40 - [MESSAGE][PASSED] - Actual text 'GAMBRILLS' and expected text 'GAMBRILLS' are matched 

2023-12-08 10:55:40 - [TEST_STEP][PASSED] - email = getAttribute(findTestObject("Object Repository/RAD_Pages/PaymentEntry_Page/input_emailAddress"), "value"): Attribute 'value' of object 'Object Repository/RAD_Pages/PaymentEntry_Page/input_emailAddress' is: 'iahmed@govolution.com'

2023-12-08 10:55:40 - [MESSAGE][PASSED] - Attribute 'value' of object 'Object Repository/RAD_Pages/PaymentEntry_Page/input_emailAddress' is: 'iahmed@govolution.com'

2023-12-08 10:55:40 - [TEST_STEP][PASSED] - verifyMatch("iahmed@govolution.com", email, false): Actual text 'iahmed@govolution.com' and expected text 'iahmed@govolution.com' are matched 

2023-12-08 10:55:40 - [MESSAGE][PASSED] - Actual text 'iahmed@govolution.com' and expected text 'iahmed@govolution.com' are matched 

2023-12-08 10:55:40 - [TEST_STEP][PASSED] - amount = getAttribute(findTestObject("Object Repository/RAD_Pages/PaymentEntry_Page/input_amount"), "value"): Attribute 'value' of object 'Object Repository/RAD_Pages/PaymentEntry_Page/input_amount' is: '100.00'

2023-12-08 10:55:40 - [MESSAGE][PASSED] - Attribute 'value' of object 'Object Repository/RAD_Pages/PaymentEntry_Page/input_amount' is: '100.00'

2023-12-08 10:55:40 - [TEST_STEP][PASSED] - verifyMatch("100.00", amount, false): Actual text '100.00' and expected text '100.00' are matched 

2023-12-08 10:55:40 - [MESSAGE][PASSED] - Actual text '100.00' and expected text '100.00' are matched 

2023-12-08 10:55:40 - [TEST_STEP][PASSED] - amountReadOnly = getAttribute(findTestObject("Object Repository/RAD_Pages/PaymentEntry_Page/input_amount"), "readonly"): Attribute 'readonly' of object 'Object Repository/RAD_Pages/PaymentEntry_Page/input_amount' is: 'true'

2023-12-08 10:55:41 - [MESSAGE][PASSED] - Attribute 'readonly' of object 'Object Repository/RAD_Pages/PaymentEntry_Page/input_amount' is: 'true'

2023-12-08 10:55:41 - [TEST_STEP][PASSED] - verifyMatch("true", amountReadOnly, false): Actual text 'true' and expected text 'true' are matched 

2023-12-08 10:55:41 - [MESSAGE][PASSED] - Actual text 'true' and expected text 'true' are matched 

2023-12-08 10:55:41 - [TEST_STEP][PASSED] - verifyOptionSelectedByLabel(findTestObject("Object Repository/RAD_Pages/PaymentEntry_Page/select_Country"), "United States", false, 20): All options with label 'United States' are selected in object 'Object Repository/RAD_Pages/PaymentEntry_Page/select_Country' 

2023-12-08 10:55:42 - [MESSAGE][PASSED] - All options with label 'United States' are selected in object 'Object Repository/RAD_Pages/PaymentEntry_Page/select_Country' 

2023-12-08 10:55:42 - [TEST_STEP][PASSED] - verifyOptionSelectedByLabel(findTestObject("Object Repository/RAD_Pages/PaymentEntry_Page/select_State"), "Maryland", false, 20): All options with label 'Maryland' are selected in object 'Object Repository/RAD_Pages/PaymentEntry_Page/select_State' 

2023-12-08 10:55:44 - [MESSAGE][PASSED] - All options with label 'Maryland' are selected in object 'Object Repository/RAD_Pages/PaymentEntry_Page/select_State' 

2023-12-08 10:55:44 - [TEST_STEP][PASSED] - setText(findTestObject(orPath_PaymentEntry + "/input__cardNumber"), "4111111111111111"): Text '4111111111111111' is set on object 'Object Repository/RAD_Pages/PaymentEntry_Page/input__cardNumber'

2023-12-08 10:55:45 - [MESSAGE][PASSED] - Text '4111111111111111' is set on object 'Object Repository/RAD_Pages/PaymentEntry_Page/input__cardNumber'

2023-12-08 10:55:45 - [TEST_STEP][PASSED] - setText(findTestObject(orPath_PaymentEntry + "/input__spc"), "123"): Text '123' is set on object 'Object Repository/RAD_Pages/PaymentEntry_Page/input__spc'

2023-12-08 10:55:46 - [MESSAGE][PASSED] - Text '123' is set on object 'Object Repository/RAD_Pages/PaymentEntry_Page/input__spc'

2023-12-08 10:55:46 - [TEST_STEP][PASSED] - selectOptionByLabel(findTestObject(orPath_PaymentEntry + "/select_MM"), "12", false): All options with label '12' are selected in object 'Object Repository/RAD_Pages/PaymentEntry_Page/select_MM' 

2023-12-08 10:55:47 - [MESSAGE][PASSED] - All options with label '12' are selected in object 'Object Repository/RAD_Pages/PaymentEntry_Page/select_MM' 

2023-12-08 10:55:47 - [TEST_STEP][PASSED] - selectOptionByLabel(findTestObject(orPath_PaymentEntry + "/select_YYYY"), "2028", false): All options with label '2028' are selected in object 'Object Repository/RAD_Pages/PaymentEntry_Page/select_YYYY' 

2023-12-08 10:55:47 - [MESSAGE][PASSED] - All options with label '2028' are selected in object 'Object Repository/RAD_Pages/PaymentEntry_Page/select_YYYY' 

2023-12-08 10:55:47 - [TEST_STEP][PASSED] - click(findTestObject(orPath_PaymentEntry + "/input_Field_ccSubmit")): Object: 'Object Repository/RAD_Pages/PaymentEntry_Page/input_Field_ccSubmit' is clicked on

2023-12-08 10:55:48 - [MESSAGE][PASSED] - Object: 'Object Repository/RAD_Pages/PaymentEntry_Page/input_Field_ccSubmit' is clicked on

2023-12-08 10:55:48 - [TEST_STEP][PASSED] - click(findTestObject(orPath_PaymentConfirmation + "/input_N_confirmNotifyAction")): Object: 'Object Repository/RAD_Pages/PaymentConfirmation_Page/input_N_confirmNotifyAction' is clicked on

2023-12-08 10:55:49 - [MESSAGE][PASSED] - Object: 'Object Repository/RAD_Pages/PaymentConfirmation_Page/input_N_confirmNotifyAction' is clicked on

2023-12-08 10:55:49 - [TEST_STEP][PASSED] - verifyTextPresent("Service Fee Acceptance", true): Text 'Service Fee Acceptance' is present on page  using regular expression

2023-12-08 10:55:50 - [MESSAGE][PASSED] - Text 'Service Fee Acceptance' is present on page  using regular expression

2023-12-08 10:55:50 - [TEST_STEP][PASSED] - verifyTextPresent("This transaction is subject to a Service Fee of ", true): Text 'This transaction is subject to a Service Fee of ' is present on page  using regular expression

2023-12-08 10:55:50 - [MESSAGE][PASSED] - Text 'This transaction is subject to a Service Fee of ' is present on page  using regular expression

2023-12-08 10:55:50 - [TEST_STEP][PASSED] - verifyTextPresent("Payment Amount:", true): Text 'Payment Amount:' is present on page  using regular expression

2023-12-08 10:55:51 - [MESSAGE][PASSED] - Text 'Payment Amount:' is present on page  using regular expression

2023-12-08 10:55:51 - [TEST_STEP][PASSED] - verifyTextPresent("100.00", true): Text '100.00' is present on page  using regular expression

2023-12-08 10:55:51 - [MESSAGE][PASSED] - Text '100.00' is present on page  using regular expression

2023-12-08 10:55:51 - [TEST_STEP][PASSED] - verifyTextPresent("Service Fee:", true): Text 'Service Fee:' is present on page  using regular expression

2023-12-08 10:55:51 - [MESSAGE][PASSED] - Text 'Service Fee:' is present on page  using regular expression

2023-12-08 10:55:51 - [TEST_STEP][PASSED] - verifyTextPresent("2.45", true): Text '2.45' is present on page  using regular expression

2023-12-08 10:55:51 - [MESSAGE][PASSED] - Text '2.45' is present on page  using regular expression

2023-12-08 10:55:51 - [TEST_STEP][PASSED] - verifyTextPresent("Total Amount:", true): Text 'Total Amount:' is present on page  using regular expression

2023-12-08 10:55:52 - [MESSAGE][PASSED] - Text 'Total Amount:' is present on page  using regular expression

2023-12-08 10:55:52 - [TEST_STEP][PASSED] - verifyTextPresent("102.45", true): Text '102.45' is present on page  using regular expression

2023-12-08 10:55:52 - [MESSAGE][PASSED] - Text '102.45' is present on page  using regular expression

2023-12-08 10:55:52 - [TEST_STEP][PASSED] - verifyTextPresent("Two transactions will appear on your bank statement, one in the amount of", true): Text 'Two transactions will appear on your bank statement, one in the amount of' is present on page  using regular expression

2023-12-08 10:55:52 - [MESSAGE][PASSED] - Text 'Two transactions will appear on your bank statement, one in the amount of' is present on page  using regular expression

2023-12-08 10:55:52 - [TEST_STEP][PASSED] - if (verifyElementPresent(findTestObject(orPath_ServiceFeesAccept + "/input_convFeeNotifyAction"), 30)): null

2023-12-08 10:55:53 - [MESSAGE][PASSED] - Object 'Object Repository/RAD_Pages/ServiceFeeAccept_Page/input_convFeeNotifyAction' is present

2023-12-08 10:55:53 - [TEST_STEP][PASSED] - resText = "Pass": null

2023-12-08 10:55:53 - [TEST_STEP][PASSED] - pages.WriteExcel.demoKey(resText, datText, resColumn, datCloumn, fileLoc, nameSheet, row): pages.WriteExcel.demoKey is PASSED

2023-12-08 10:55:53 - [MESSAGE][PASSED] - pages.WriteExcel.demoKey is PASSED

2023-12-08 10:55:53 - [TEST_STEP][PASSED] - if (execProfile == "QAProfile" || execProfile == "QA2Profile"): Text 'Successful Payment Receipt' is present on page  using regular expression

2023-12-08 10:55:53 - [TEST_STEP][PASSED] - click(findTestObject(orPath_ServiceFeesAccept + "/input_convFeeNotifyAction")): Object: 'Object Repository/RAD_Pages/ServiceFeeAccept_Page/input_convFeeNotifyAction' is clicked on

2023-12-08 10:55:54 - [MESSAGE][PASSED] - Object: 'Object Repository/RAD_Pages/ServiceFeeAccept_Page/input_convFeeNotifyAction' is clicked on

2023-12-08 10:55:54 - [TEST_STEP][PASSED] - delay(10): Delayed 10 second(s)

2023-12-08 10:56:04 - [MESSAGE][PASSED] - Delayed 10 second(s)

2023-12-08 10:56:04 - [TEST_STEP][PASSED] - verifyTextPresent("Successful Payment Receipt", true): Text 'Successful Payment Receipt' is present on page  using regular expression

2023-12-08 10:56:04 - [MESSAGE][PASSED] - Text 'Successful Payment Receipt' is present on page  using regular expression

2023-12-08 10:56:04 - [TEST_STEP][PASSED] - ExecuteTC = findTestData(dataFile).getValue("Execute", row): null

2023-12-08 10:56:04 - [TEST_STEP][PASSED] - TaxType = findTestData(dataFile).getValue("TaxType", row): null

2023-12-08 10:56:04 - [TEST_STEP][PASSED] - PaymentType = findTestData(dataFile).getValue("PaymentType", row): null

2023-12-08 10:56:04 - [TEST_STEP][PASSED] - FilingYear = findTestData(dataFile).getValue("Year", row): null

2023-12-08 10:56:04 - [TEST_STEP][PASSED] - if (ExecuteTC.equalsIgnoreCase("Y")): null

2023-12-08 10:56:04 - [TEST_STEP][PASSED] - out.println("Begin Record Number: " + row): null

2023-12-08 10:56:04 - [TEST_STEP][PASSED] - today = new java.util.Date(): null

2023-12-08 10:56:04 - [TEST_STEP][PASSED] - println(today): null

2023-12-08 10:56:04 - [TEST_STEP][PASSED] - datText = today: null

2023-12-08 10:56:04 - [TEST_STEP][PASSED] - logInfo("Payment Type: " + PaymentType): Payment Type: New Tax Return Amount Due

2023-12-08 10:56:04 - [MESSAGE][INFO] - Payment Type: New Tax Return Amount Due

2023-12-08 10:56:04 - [TEST_STEP][PASSED] - logInfo("Tax Type: " + TaxType): Tax Type: Personal Income Tax

2023-12-08 10:56:04 - [MESSAGE][INFO] - Tax Type: Personal Income Tax

2023-12-08 10:56:04 - [TEST_STEP][PASSED] - openBrowser(""): Browser is opened with url: ''

2023-12-08 10:56:04 - [MESSAGE][WARNING] - A browser is already opened. Closing browser and opening a new one

2023-12-08 10:56:05 - [MESSAGE][INFO] - Starting 'Chrome' driver

2023-12-08 10:56:05 - [MESSAGE][INFO] - User set preference: ['acceptInsecureCerts', 'true']

2023-12-08 10:56:05 - [MESSAGE][INFO] - Action delay is set to 0 milliseconds

2023-12-08 10:56:07 - [MESSAGE][PASSED] - Browser is opened with url: ''

2023-12-08 10:56:07 - [TEST_STEP][PASSED] - maximizeWindow(): Current window maximized

2023-12-08 10:56:07 - [MESSAGE][PASSED] - Current window maximized

2023-12-08 10:56:07 - [TEST_STEP][PASSED] - navigateToUrl(RADurl): Navigate to 'https://qa2.velocitypayment.com/client/rad/index.html' successfully

2023-12-08 10:56:09 - [MESSAGE][PASSED] - Navigate to 'https://qa2.velocitypayment.com/client/rad/index.html' successfully

2023-12-08 10:56:09 - [TEST_STEP][PASSED] - selectOptionByLabel(findTestObject(orPath_Landing + "/dd_TaxType"), PaymentType, false): All options with label 'New Tax Return Amount Due' are selected in object 'Object Repository/RAD_Pages/Landing_Page/dd_TaxType' 

2023-12-08 10:56:09 - [MESSAGE][PASSED] - All options with label 'New Tax Return Amount Due' are selected in object 'Object Repository/RAD_Pages/Landing_Page/dd_TaxType' 

2023-12-08 10:56:09 - [TEST_STEP][PASSED] - switch (PaymentType): null

2023-12-08 10:56:09 - [TEST_STEP][PASSED] - case "New Tax Return Amount Due":: null

2023-12-08 10:56:09 - [TEST_STEP][PASSED] - selectOptionByLabel(findTestObject("Object Repository/RAD_Pages/Landing_Page/select_NewTaxReturnAmountDue_TaxType"), TaxType, false): All options with label 'Personal Income Tax' are selected in object 'Object Repository/RAD_Pages/Landing_Page/select_NewTaxReturnAmountDue_TaxType' 

2023-12-08 10:56:10 - [MESSAGE][PASSED] - All options with label 'Personal Income Tax' are selected in object 'Object Repository/RAD_Pages/Landing_Page/select_NewTaxReturnAmountDue_TaxType' 

2023-12-08 10:56:10 - [TEST_STEP][PASSED] - break: null

2023-12-08 10:56:10 - [TEST_STEP][PASSED] - if (!(FilingYear.isEmpty())): All options with label '2021' are selected in object 'Object Repository/RAD_Pages/TaxTypeFilingYear_Page/select_FilingYear' 

2023-12-08 10:56:10 - [TEST_STEP][PASSED] - selectOptionByLabel(findTestObject(orPath_TaxTypeFilingYear + "/select_FilingYear"), FilingYear, false): All options with label '2021' are selected in object 'Object Repository/RAD_Pages/TaxTypeFilingYear_Page/select_FilingYear' 

2023-12-08 10:56:11 - [MESSAGE][PASSED] - All options with label '2021' are selected in object 'Object Repository/RAD_Pages/TaxTypeFilingYear_Page/select_FilingYear' 

2023-12-08 10:56:11 - [TEST_STEP][PASSED] - rad.getSetDataRAD.setDataRADssnAndName(): rad.getSetDataRAD.setDataRADssnAndName is PASSED

2023-12-08 10:56:12 - [MESSAGE][PASSED] - Text 'Jimmy' is set on object 'Object Repository/RAD_Pages/Taxpayer_Page/input_firstName'

2023-12-08 10:56:13 - [MESSAGE][PASSED] - Text 'Anderson' is set on object 'Object Repository/RAD_Pages/Taxpayer_Page/input_lastName'

2023-12-08 10:56:13 - [MESSAGE][PASSED] - Text '123451234' is set on object 'Object Repository/RAD_RecordAndPlay/input_concatSSN'

2023-12-08 10:56:14 - [MESSAGE][PASSED] - Text '123451234' is set on object 'Object Repository/RAD_RecordAndPlay/input_concatReSSN'

2023-12-08 10:56:14 - [MESSAGE][PASSED] - rad.getSetDataRAD.setDataRADssnAndName is PASSED

2023-12-08 10:56:14 - [TEST_STEP][PASSED] - rad.getSetDataRAD.setDataRADAddress(): rad.getSetDataRAD.setDataRADAddress is PASSED

2023-12-08 10:56:14 - [MESSAGE][PASSED] - All options with label 'United States' are selected in object 'Object Repository/RAD_Pages/AddressAndContactInfo_Page/select_Country' 

2023-12-08 10:56:15 - [MESSAGE][PASSED] - Text '2508 Mandan Terrace' is set on object 'Object Repository/RAD_Pages/AddressAndContactInfo_Page/input_streetAddress1'

2023-12-08 10:56:16 - [MESSAGE][PASSED] - Text '' is set on object 'Object Repository/RAD_Pages/AddressAndContactInfo_Page/input_streetAddress2'

2023-12-08 10:56:17 - [MESSAGE][PASSED] - Text 'Gambrills' is set on object 'Object Repository/RAD_Pages/AddressAndContactInfo_Page/input_city'

2023-12-08 10:56:18 - [MESSAGE][PASSED] - All options with label 'Maryland' are selected in object 'Object Repository/RAD_Pages/AddressAndContactInfo_Page/select_State' 

2023-12-08 10:56:18 - [MESSAGE][PASSED] - Text '21054' is set on object 'Object Repository/RAD_Pages/AddressAndContactInfo_Page/input_zipCode'

2023-12-08 10:56:19 - [MESSAGE][PASSED] - Text '(703) 894-5000' is set on object 'Object Repository/RAD_Pages/AddressAndContactInfo_Page/input_phoneNumber'

2023-12-08 10:56:20 - [MESSAGE][PASSED] - Text 'iahmed@govolution.com' is set on object 'Object Repository/RAD_Pages/AddressAndContactInfo_Page/input_eMailAddress'

2023-12-08 10:56:21 - [MESSAGE][PASSED] - Text 'iahmed@govolution.com' is set on object 'Object Repository/RAD_Pages/AddressAndContactInfo_Page/input_reEnterEMailAddress'

2023-12-08 10:56:21 - [MESSAGE][PASSED] - rad.getSetDataRAD.setDataRADAddress is PASSED

2023-12-08 10:56:21 - [TEST_STEP][PASSED] - scrollToElement(findTestObject(orPath_Landing + "/button_Continue"), 3): Scroll to object 'Object Repository/RAD_Pages/Landing_Page/button_Continue' successfully

2023-12-08 10:56:21 - [MESSAGE][PASSED] - Scroll to object 'Object Repository/RAD_Pages/Landing_Page/button_Continue' successfully

2023-12-08 10:56:21 - [TEST_STEP][PASSED] - waitForElementClickable(findTestObject(orPath_FilingStatus + "/input_JointFiling_userType_New"), 5): Object 'Object Repository/RAD_Pages/FilingStatus_Page/input_JointFiling_userType_New' is clickable

2023-12-08 10:56:22 - [MESSAGE][PASSED] - Object 'Object Repository/RAD_Pages/FilingStatus_Page/input_JointFiling_userType_New' is clickable

2023-12-08 10:56:22 - [TEST_STEP][PASSED] - check(findTestObject(orPath_FilingStatus + "/input_JointFiling_userType_New")): Object 'Object Repository/RAD_Pages/FilingStatus_Page/input_JointFiling_userType_New' is checked

2023-12-08 10:56:22 - [MESSAGE][PASSED] - Object 'Object Repository/RAD_Pages/FilingStatus_Page/input_JointFiling_userType_New' is checked

2023-12-08 10:56:22 - [TEST_STEP][PASSED] - delay(2): Delayed 2 second(s)

2023-12-08 10:56:24 - [MESSAGE][PASSED] - Delayed 2 second(s)

2023-12-08 10:56:24 - [TEST_STEP][PASSED] - rad.getSetDataRAD.setDataRADssnAndNameJointFiler(): rad.getSetDataRAD.setDataRADssnAndNameJointFiler is PASSED

2023-12-08 10:56:25 - [MESSAGE][PASSED] - Text 'Larsons' is set on object 'Object Repository/RAD_Pages/FilingStatus_Page/input_jointFirstName'

2023-12-08 10:56:26 - [MESSAGE][PASSED] - Text 'Bell' is set on object 'Object Repository/RAD_Pages/FilingStatus_Page/input_jointLastName'

2023-12-08 10:56:26 - [MESSAGE][PASSED] - Text '123459630' is set on object 'Object Repository/RAD_RecordAndPlay/input_JointFilerSSN'

2023-12-08 10:56:27 - [MESSAGE][PASSED] - Text '123459630' is set on object 'Object Repository/RAD_RecordAndPlay/input_reTypeJointFilerSSN'

2023-12-08 10:56:27 - [MESSAGE][PASSED] - rad.getSetDataRAD.setDataRADssnAndNameJointFiler is PASSED

2023-12-08 10:56:27 - [TEST_STEP][PASSED] - setText(findTestObject(orPath_Amount + "/input__paymentAmount"), "100.00"): Text '100.00' is set on object 'Object Repository/RAD_Pages/PaymentAmount_Page/input__paymentAmount'

2023-12-08 10:56:28 - [MESSAGE][PASSED] - Text '100.00' is set on object 'Object Repository/RAD_Pages/PaymentAmount_Page/input__paymentAmount'

2023-12-08 10:56:28 - [TEST_STEP][PASSED] - setText(findTestObject(orPath_AddressContact + "/input_streetAddress2"), ""): Text '' is set on object 'Object Repository/RAD_Pages/AddressAndContactInfo_Page/input_streetAddress2'

2023-12-08 10:56:28 - [MESSAGE][PASSED] - Text '' is set on object 'Object Repository/RAD_Pages/AddressAndContactInfo_Page/input_streetAddress2'

2023-12-08 10:56:28 - [TEST_STEP][PASSED] - scrollToElement(findTestObject(orPath_Landing + "/button_Continue"), 3): Scroll to object 'Object Repository/RAD_Pages/Landing_Page/button_Continue' successfully

2023-12-08 10:56:29 - [MESSAGE][PASSED] - Scroll to object 'Object Repository/RAD_Pages/Landing_Page/button_Continue' successfully

2023-12-08 10:56:29 - [TEST_STEP][PASSED] - waitForElementClickable(findTestObject(orPath_Landing + "/button_Continue"), 5): Object 'Object Repository/RAD_Pages/Landing_Page/button_Continue' is clickable

2023-12-08 10:56:29 - [MESSAGE][PASSED] - Object 'Object Repository/RAD_Pages/Landing_Page/button_Continue' is clickable

2023-12-08 10:56:29 - [TEST_STEP][PASSED] - click(findTestObject(orPath_Landing + "/button_Continue")): Object: 'Object Repository/RAD_Pages/Landing_Page/button_Continue' is clicked on

2023-12-08 10:56:30 - [MESSAGE][PASSED] - Object: 'Object Repository/RAD_Pages/Landing_Page/button_Continue' is clicked on

2023-12-08 10:56:30 - [TEST_STEP][PASSED] - delay(2): Delayed 2 second(s)

2023-12-08 10:56:32 - [MESSAGE][PASSED] - Delayed 2 second(s)

2023-12-08 10:56:32 - [TEST_STEP][PASSED] - click(findTestObject(orPath_Summary + "/button_Proceed to Payment")): Object: 'Object Repository/RAD_Pages/Summary_Page/button_Proceed to Payment' is clicked on

2023-12-08 10:56:34 - [MESSAGE][PASSED] - Object: 'Object Repository/RAD_Pages/Summary_Page/button_Proceed to Payment' is clicked on

2023-12-08 10:56:34 - [TEST_STEP][PASSED] - if (verifyElementPresent(findTestObject("Object Repository/RAD_Pages/PaymentEntry_Page/input__billingName"), 30)): null

2023-12-08 10:56:35 - [MESSAGE][PASSED] - Object 'Object Repository/RAD_Pages/PaymentEntry_Page/input__billingName' is present

2023-12-08 10:56:35 - [TEST_STEP][PASSED] - verifyTextPresent("Comptroller of Maryland", true): Text 'Comptroller of Maryland' is present on page  using regular expression

2023-12-08 10:56:35 - [MESSAGE][PASSED] - Text 'Comptroller of Maryland' is present on page  using regular expression

2023-12-08 10:56:35 - [TEST_STEP][PASSED] - verifyTextPresent("Payment Information", true): Text 'Payment Information' is present on page  using regular expression

2023-12-08 10:56:35 - [MESSAGE][PASSED] - Text 'Payment Information' is present on page  using regular expression

2023-12-08 10:56:35 - [TEST_STEP][PASSED] - card_Name = getAttribute(findTestObject("Object Repository/RAD_Pages/PaymentEntry_Page/input__billingName"), "value"): Attribute 'value' of object 'Object Repository/RAD_Pages/PaymentEntry_Page/input__billingName' is: 'Jimmy Anderson'

2023-12-08 10:56:36 - [MESSAGE][PASSED] - Attribute 'value' of object 'Object Repository/RAD_Pages/PaymentEntry_Page/input__billingName' is: 'Jimmy Anderson'

2023-12-08 10:56:36 - [TEST_STEP][PASSED] - switch (executionProfile): null

2023-12-08 10:56:36 - [TEST_STEP][PASSED] - case "QA2Profile":: null

2023-12-08 10:56:36 - [TEST_STEP][PASSED] - verifyMatch("Jimmy Anderson", card_Name, false): Actual text 'Jimmy Anderson' and expected text 'Jimmy Anderson' are matched 

2023-12-08 10:56:36 - [MESSAGE][PASSED] - Actual text 'Jimmy Anderson' and expected text 'Jimmy Anderson' are matched 

2023-12-08 10:56:36 - [TEST_STEP][PASSED] - break: null

2023-12-08 10:56:36 - [TEST_STEP][PASSED] - AL1 = getAttribute(findTestObject("Object Repository/RAD_Pages/PaymentEntry_Page/input_billingAddress"), "value"): Attribute 'value' of object 'Object Repository/RAD_Pages/PaymentEntry_Page/input_billingAddress' is: '2508 Mandan Terrace'

2023-12-08 10:56:36 - [MESSAGE][PASSED] - Attribute 'value' of object 'Object Repository/RAD_Pages/PaymentEntry_Page/input_billingAddress' is: '2508 Mandan Terrace'

2023-12-08 10:56:36 - [TEST_STEP][PASSED] - verifyMatch("2508 Mandan Terrace", AL1, false): Actual text '2508 Mandan Terrace' and expected text '2508 Mandan Terrace' are matched 

2023-12-08 10:56:36 - [MESSAGE][PASSED] - Actual text '2508 Mandan Terrace' and expected text '2508 Mandan Terrace' are matched 

2023-12-08 10:56:36 - [TEST_STEP][PASSED] - AL2 = getAttribute(findTestObject("Object Repository/RAD_Pages/PaymentEntry_Page/input_billingAddress2"), "value"): Attribute 'value' of object 'Object Repository/RAD_Pages/PaymentEntry_Page/input_billingAddress2' is: ''

2023-12-08 10:56:36 - [MESSAGE][PASSED] - Attribute 'value' of object 'Object Repository/RAD_Pages/PaymentEntry_Page/input_billingAddress2' is: ''

2023-12-08 10:56:36 - [TEST_STEP][PASSED] - verifyMatch("", AL2, false): Actual text '' and expected text '' are matched 

2023-12-08 10:56:36 - [MESSAGE][PASSED] - Actual text '' and expected text '' are matched 

2023-12-08 10:56:36 - [TEST_STEP][PASSED] - zipCode = getAttribute(findTestObject("Object Repository/RAD_Pages/PaymentEntry_Page/input_billingZip"), "value"): Attribute 'value' of object 'Object Repository/RAD_Pages/PaymentEntry_Page/input_billingZip' is: '21054'

2023-12-08 10:56:37 - [MESSAGE][PASSED] - Attribute 'value' of object 'Object Repository/RAD_Pages/PaymentEntry_Page/input_billingZip' is: '21054'

2023-12-08 10:56:37 - [TEST_STEP][PASSED] - verifyMatch("21054", zipCode, false): Actual text '21054' and expected text '21054' are matched 

2023-12-08 10:56:37 - [MESSAGE][PASSED] - Actual text '21054' and expected text '21054' are matched 

2023-12-08 10:56:37 - [TEST_STEP][PASSED] - city = getAttribute(findTestObject("Object Repository/RAD_Pages/PaymentEntry_Page/input_billingCity"), "value"): Attribute 'value' of object 'Object Repository/RAD_Pages/PaymentEntry_Page/input_billingCity' is: 'GAMBRILLS'

2023-12-08 10:56:37 - [MESSAGE][PASSED] - Attribute 'value' of object 'Object Repository/RAD_Pages/PaymentEntry_Page/input_billingCity' is: 'GAMBRILLS'

2023-12-08 10:56:37 - [TEST_STEP][PASSED] - verifyMatch("GAMBRILLS", city, false): Actual text 'GAMBRILLS' and expected text 'GAMBRILLS' are matched 

2023-12-08 10:56:37 - [MESSAGE][PASSED] - Actual text 'GAMBRILLS' and expected text 'GAMBRILLS' are matched 

2023-12-08 10:56:37 - [TEST_STEP][PASSED] - email = getAttribute(findTestObject("Object Repository/RAD_Pages/PaymentEntry_Page/input_emailAddress"), "value"): Attribute 'value' of object 'Object Repository/RAD_Pages/PaymentEntry_Page/input_emailAddress' is: 'iahmed@govolution.com'

2023-12-08 10:56:37 - [MESSAGE][PASSED] - Attribute 'value' of object 'Object Repository/RAD_Pages/PaymentEntry_Page/input_emailAddress' is: 'iahmed@govolution.com'

2023-12-08 10:56:37 - [TEST_STEP][PASSED] - verifyMatch("iahmed@govolution.com", email, false): Actual text 'iahmed@govolution.com' and expected text 'iahmed@govolution.com' are matched 

2023-12-08 10:56:37 - [MESSAGE][PASSED] - Actual text 'iahmed@govolution.com' and expected text 'iahmed@govolution.com' are matched 

2023-12-08 10:56:37 - [TEST_STEP][PASSED] - amount = getAttribute(findTestObject("Object Repository/RAD_Pages/PaymentEntry_Page/input_amount"), "value"): Attribute 'value' of object 'Object Repository/RAD_Pages/PaymentEntry_Page/input_amount' is: '100.00'

2023-12-08 10:56:38 - [MESSAGE][PASSED] - Attribute 'value' of object 'Object Repository/RAD_Pages/PaymentEntry_Page/input_amount' is: '100.00'

2023-12-08 10:56:38 - [TEST_STEP][PASSED] - verifyMatch("100.00", amount, false): Actual text '100.00' and expected text '100.00' are matched 

2023-12-08 10:56:38 - [MESSAGE][PASSED] - Actual text '100.00' and expected text '100.00' are matched 

2023-12-08 10:56:38 - [TEST_STEP][PASSED] - amountReadOnly = getAttribute(findTestObject("Object Repository/RAD_Pages/PaymentEntry_Page/input_amount"), "readonly"): Attribute 'readonly' of object 'Object Repository/RAD_Pages/PaymentEntry_Page/input_amount' is: 'true'

2023-12-08 10:56:38 - [MESSAGE][PASSED] - Attribute 'readonly' of object 'Object Repository/RAD_Pages/PaymentEntry_Page/input_amount' is: 'true'

2023-12-08 10:56:38 - [TEST_STEP][PASSED] - verifyMatch("true", amountReadOnly, false): Actual text 'true' and expected text 'true' are matched 

2023-12-08 10:56:38 - [MESSAGE][PASSED] - Actual text 'true' and expected text 'true' are matched 

2023-12-08 10:56:38 - [TEST_STEP][PASSED] - verifyOptionSelectedByLabel(findTestObject("Object Repository/RAD_Pages/PaymentEntry_Page/select_Country"), "United States", false, 20): All options with label 'United States' are selected in object 'Object Repository/RAD_Pages/PaymentEntry_Page/select_Country' 

2023-12-08 10:56:39 - [MESSAGE][PASSED] - All options with label 'United States' are selected in object 'Object Repository/RAD_Pages/PaymentEntry_Page/select_Country' 

2023-12-08 10:56:39 - [TEST_STEP][PASSED] - verifyOptionSelectedByLabel(findTestObject("Object Repository/RAD_Pages/PaymentEntry_Page/select_State"), "Maryland", false, 20): All options with label 'Maryland' are selected in object 'Object Repository/RAD_Pages/PaymentEntry_Page/select_State' 

2023-12-08 10:56:42 - [MESSAGE][PASSED] - All options with label 'Maryland' are selected in object 'Object Repository/RAD_Pages/PaymentEntry_Page/select_State' 

2023-12-08 10:56:42 - [TEST_STEP][PASSED] - setText(findTestObject(orPath_PaymentEntry + "/input__cardNumber"), "4111111111111111"): Text '4111111111111111' is set on object 'Object Repository/RAD_Pages/PaymentEntry_Page/input__cardNumber'

2023-12-08 10:56:43 - [MESSAGE][PASSED] - Text '4111111111111111' is set on object 'Object Repository/RAD_Pages/PaymentEntry_Page/input__cardNumber'

2023-12-08 10:56:43 - [TEST_STEP][PASSED] - setText(findTestObject(orPath_PaymentEntry + "/input__spc"), "123"): Text '123' is set on object 'Object Repository/RAD_Pages/PaymentEntry_Page/input__spc'

2023-12-08 10:56:43 - [MESSAGE][PASSED] - Text '123' is set on object 'Object Repository/RAD_Pages/PaymentEntry_Page/input__spc'

2023-12-08 10:56:43 - [TEST_STEP][PASSED] - selectOptionByLabel(findTestObject(orPath_PaymentEntry + "/select_MM"), "12", false): All options with label '12' are selected in object 'Object Repository/RAD_Pages/PaymentEntry_Page/select_MM' 

2023-12-08 10:56:44 - [MESSAGE][PASSED] - All options with label '12' are selected in object 'Object Repository/RAD_Pages/PaymentEntry_Page/select_MM' 

2023-12-08 10:56:44 - [TEST_STEP][PASSED] - selectOptionByLabel(findTestObject(orPath_PaymentEntry + "/select_YYYY"), "2028", false): All options with label '2028' are selected in object 'Object Repository/RAD_Pages/PaymentEntry_Page/select_YYYY' 

2023-12-08 10:56:45 - [MESSAGE][PASSED] - All options with label '2028' are selected in object 'Object Repository/RAD_Pages/PaymentEntry_Page/select_YYYY' 

2023-12-08 10:56:45 - [TEST_STEP][PASSED] - click(findTestObject(orPath_PaymentEntry + "/input_Field_ccSubmit")): Object: 'Object Repository/RAD_Pages/PaymentEntry_Page/input_Field_ccSubmit' is clicked on

2023-12-08 10:56:46 - [MESSAGE][PASSED] - Object: 'Object Repository/RAD_Pages/PaymentEntry_Page/input_Field_ccSubmit' is clicked on

2023-12-08 10:56:46 - [TEST_STEP][PASSED] - click(findTestObject(orPath_PaymentConfirmation + "/input_N_confirmNotifyAction")): Object: 'Object Repository/RAD_Pages/PaymentConfirmation_Page/input_N_confirmNotifyAction' is clicked on

2023-12-08 10:56:47 - [MESSAGE][PASSED] - Object: 'Object Repository/RAD_Pages/PaymentConfirmation_Page/input_N_confirmNotifyAction' is clicked on

2023-12-08 10:56:47 - [TEST_STEP][PASSED] - verifyTextPresent("Service Fee Acceptance", true): Text 'Service Fee Acceptance' is present on page  using regular expression

2023-12-08 10:56:48 - [MESSAGE][PASSED] - Text 'Service Fee Acceptance' is present on page  using regular expression

2023-12-08 10:56:48 - [TEST_STEP][PASSED] - verifyTextPresent("This transaction is subject to a Service Fee of ", true): Text 'This transaction is subject to a Service Fee of ' is present on page  using regular expression

2023-12-08 10:56:48 - [MESSAGE][PASSED] - Text 'This transaction is subject to a Service Fee of ' is present on page  using regular expression

2023-12-08 10:56:48 - [TEST_STEP][PASSED] - verifyTextPresent("Payment Amount:", true): Text 'Payment Amount:' is present on page  using regular expression

2023-12-08 10:56:48 - [MESSAGE][PASSED] - Text 'Payment Amount:' is present on page  using regular expression

2023-12-08 10:56:48 - [TEST_STEP][PASSED] - verifyTextPresent("100.00", true): Text '100.00' is present on page  using regular expression

2023-12-08 10:56:49 - [MESSAGE][PASSED] - Text '100.00' is present on page  using regular expression

2023-12-08 10:56:49 - [TEST_STEP][PASSED] - verifyTextPresent("Service Fee:", true): Text 'Service Fee:' is present on page  using regular expression

2023-12-08 10:56:49 - [MESSAGE][PASSED] - Text 'Service Fee:' is present on page  using regular expression

2023-12-08 10:56:49 - [TEST_STEP][PASSED] - verifyTextPresent("2.45", true): Text '2.45' is present on page  using regular expression

2023-12-08 10:56:49 - [MESSAGE][PASSED] - Text '2.45' is present on page  using regular expression

2023-12-08 10:56:49 - [TEST_STEP][PASSED] - verifyTextPresent("Total Amount:", true): Text 'Total Amount:' is present on page  using regular expression

2023-12-08 10:56:49 - [MESSAGE][PASSED] - Text 'Total Amount:' is present on page  using regular expression

2023-12-08 10:56:49 - [TEST_STEP][PASSED] - verifyTextPresent("102.45", true): Text '102.45' is present on page  using regular expression

2023-12-08 10:56:50 - [MESSAGE][PASSED] - Text '102.45' is present on page  using regular expression

2023-12-08 10:56:50 - [TEST_STEP][PASSED] - verifyTextPresent("Two transactions will appear on your bank statement, one in the amount of", true): Text 'Two transactions will appear on your bank statement, one in the amount of' is present on page  using regular expression

2023-12-08 10:56:50 - [MESSAGE][PASSED] - Text 'Two transactions will appear on your bank statement, one in the amount of' is present on page  using regular expression

2023-12-08 10:56:50 - [TEST_STEP][PASSED] - if (verifyElementPresent(findTestObject(orPath_ServiceFeesAccept + "/input_convFeeNotifyAction"), 30)): null

2023-12-08 10:56:50 - [MESSAGE][PASSED] - Object 'Object Repository/RAD_Pages/ServiceFeeAccept_Page/input_convFeeNotifyAction' is present

2023-12-08 10:56:50 - [TEST_STEP][PASSED] - resText = "Pass": null

2023-12-08 10:56:50 - [TEST_STEP][PASSED] - pages.WriteExcel.demoKey(resText, datText, resColumn, datCloumn, fileLoc, nameSheet, row): pages.WriteExcel.demoKey is PASSED

2023-12-08 10:56:50 - [MESSAGE][PASSED] - pages.WriteExcel.demoKey is PASSED

2023-12-08 10:56:50 - [TEST_STEP][PASSED] - if (execProfile == "QAProfile" || execProfile == "QA2Profile"): Text 'Successful Payment Receipt' is present on page  using regular expression

2023-12-08 10:56:50 - [TEST_STEP][PASSED] - click(findTestObject(orPath_ServiceFeesAccept + "/input_convFeeNotifyAction")): Object: 'Object Repository/RAD_Pages/ServiceFeeAccept_Page/input_convFeeNotifyAction' is clicked on

2023-12-08 10:56:51 - [MESSAGE][PASSED] - Object: 'Object Repository/RAD_Pages/ServiceFeeAccept_Page/input_convFeeNotifyAction' is clicked on

2023-12-08 10:56:51 - [TEST_STEP][PASSED] - delay(10): Delayed 10 second(s)

2023-12-08 10:57:01 - [MESSAGE][PASSED] - Delayed 10 second(s)

2023-12-08 10:57:01 - [TEST_STEP][PASSED] - verifyTextPresent("Successful Payment Receipt", true): Text 'Successful Payment Receipt' is present on page  using regular expression

2023-12-08 10:57:01 - [MESSAGE][PASSED] - Text 'Successful Payment Receipt' is present on page  using regular expression

2023-12-08 10:57:01 - [TEST_STEP][PASSED] - ExecuteTC = findTestData(dataFile).getValue("Execute", row): null

2023-12-08 10:57:02 - [TEST_STEP][PASSED] - TaxType = findTestData(dataFile).getValue("TaxType", row): null

2023-12-08 10:57:02 - [TEST_STEP][PASSED] - PaymentType = findTestData(dataFile).getValue("PaymentType", row): null

2023-12-08 10:57:02 - [TEST_STEP][PASSED] - FilingYear = findTestData(dataFile).getValue("Year", row): null

2023-12-08 10:57:02 - [TEST_STEP][PASSED] - if (ExecuteTC.equalsIgnoreCase("Y")): null

2023-12-08 10:57:02 - [TEST_STEP][PASSED] - out.println("Begin Record Number: " + row): null

2023-12-08 10:57:02 - [TEST_STEP][PASSED] - today = new java.util.Date(): null

2023-12-08 10:57:02 - [TEST_STEP][PASSED] - println(today): null

2023-12-08 10:57:02 - [TEST_STEP][PASSED] - datText = today: null

2023-12-08 10:57:02 - [TEST_STEP][PASSED] - logInfo("Payment Type: " + PaymentType): Payment Type: New Tax Return Amount Due

2023-12-08 10:57:02 - [MESSAGE][INFO] - Payment Type: New Tax Return Amount Due

2023-12-08 10:57:02 - [TEST_STEP][PASSED] - logInfo("Tax Type: " + TaxType): Tax Type: Personal Income Tax

2023-12-08 10:57:02 - [MESSAGE][INFO] - Tax Type: Personal Income Tax

2023-12-08 10:57:02 - [TEST_STEP][PASSED] - openBrowser(""): Browser is opened with url: ''

2023-12-08 10:57:02 - [MESSAGE][WARNING] - A browser is already opened. Closing browser and opening a new one

2023-12-08 10:57:03 - [MESSAGE][INFO] - Starting 'Chrome' driver

2023-12-08 10:57:03 - [MESSAGE][INFO] - User set preference: ['acceptInsecureCerts', 'true']

2023-12-08 10:57:03 - [MESSAGE][INFO] - Action delay is set to 0 milliseconds

2023-12-08 10:57:04 - [MESSAGE][PASSED] - Browser is opened with url: ''

2023-12-08 10:57:04 - [TEST_STEP][PASSED] - maximizeWindow(): Current window maximized

2023-12-08 10:57:04 - [MESSAGE][PASSED] - Current window maximized

2023-12-08 10:57:04 - [TEST_STEP][PASSED] - navigateToUrl(RADurl): Navigate to 'https://qa2.velocitypayment.com/client/rad/index.html' successfully

2023-12-08 10:57:06 - [MESSAGE][PASSED] - Navigate to 'https://qa2.velocitypayment.com/client/rad/index.html' successfully

2023-12-08 10:57:06 - [TEST_STEP][PASSED] - selectOptionByLabel(findTestObject(orPath_Landing + "/dd_TaxType"), PaymentType, false): All options with label 'New Tax Return Amount Due' are selected in object 'Object Repository/RAD_Pages/Landing_Page/dd_TaxType' 

2023-12-08 10:57:07 - [MESSAGE][PASSED] - All options with label 'New Tax Return Amount Due' are selected in object 'Object Repository/RAD_Pages/Landing_Page/dd_TaxType' 

2023-12-08 10:57:07 - [TEST_STEP][PASSED] - switch (PaymentType): null

2023-12-08 10:57:07 - [TEST_STEP][PASSED] - case "New Tax Return Amount Due":: null

2023-12-08 10:57:07 - [TEST_STEP][PASSED] - selectOptionByLabel(findTestObject("Object Repository/RAD_Pages/Landing_Page/select_NewTaxReturnAmountDue_TaxType"), TaxType, false): All options with label 'Personal Income Tax' are selected in object 'Object Repository/RAD_Pages/Landing_Page/select_NewTaxReturnAmountDue_TaxType' 

2023-12-08 10:57:07 - [MESSAGE][PASSED] - All options with label 'Personal Income Tax' are selected in object 'Object Repository/RAD_Pages/Landing_Page/select_NewTaxReturnAmountDue_TaxType' 

2023-12-08 10:57:07 - [TEST_STEP][PASSED] - break: null

2023-12-08 10:57:07 - [TEST_STEP][PASSED] - if (!(FilingYear.isEmpty())): All options with label '2020' are selected in object 'Object Repository/RAD_Pages/TaxTypeFilingYear_Page/select_FilingYear' 

2023-12-08 10:57:07 - [TEST_STEP][PASSED] - selectOptionByLabel(findTestObject(orPath_TaxTypeFilingYear + "/select_FilingYear"), FilingYear, false): All options with label '2020' are selected in object 'Object Repository/RAD_Pages/TaxTypeFilingYear_Page/select_FilingYear' 

2023-12-08 10:57:08 - [MESSAGE][PASSED] - All options with label '2020' are selected in object 'Object Repository/RAD_Pages/TaxTypeFilingYear_Page/select_FilingYear' 

2023-12-08 10:57:08 - [TEST_STEP][PASSED] - rad.getSetDataRAD.setDataRADssnAndName(): rad.getSetDataRAD.setDataRADssnAndName is PASSED

2023-12-08 10:57:09 - [MESSAGE][PASSED] - Text 'Jimmy' is set on object 'Object Repository/RAD_Pages/Taxpayer_Page/input_firstName'

2023-12-08 10:57:10 - [MESSAGE][PASSED] - Text 'Anderson' is set on object 'Object Repository/RAD_Pages/Taxpayer_Page/input_lastName'

2023-12-08 10:57:10 - [MESSAGE][PASSED] - Text '123451234' is set on object 'Object Repository/RAD_RecordAndPlay/input_concatSSN'

2023-12-08 10:57:11 - [MESSAGE][PASSED] - Text '123451234' is set on object 'Object Repository/RAD_RecordAndPlay/input_concatReSSN'

2023-12-08 10:57:11 - [MESSAGE][PASSED] - rad.getSetDataRAD.setDataRADssnAndName is PASSED

2023-12-08 10:57:11 - [TEST_STEP][PASSED] - rad.getSetDataRAD.setDataRADAddress(): rad.getSetDataRAD.setDataRADAddress is PASSED

2023-12-08 10:57:11 - [MESSAGE][PASSED] - All options with label 'United States' are selected in object 'Object Repository/RAD_Pages/AddressAndContactInfo_Page/select_Country' 

2023-12-08 10:57:12 - [MESSAGE][PASSED] - Text '2508 Mandan Terrace' is set on object 'Object Repository/RAD_Pages/AddressAndContactInfo_Page/input_streetAddress1'

2023-12-08 10:57:13 - [MESSAGE][PASSED] - Text '' is set on object 'Object Repository/RAD_Pages/AddressAndContactInfo_Page/input_streetAddress2'

2023-12-08 10:57:14 - [MESSAGE][PASSED] - Text 'Gambrills' is set on object 'Object Repository/RAD_Pages/AddressAndContactInfo_Page/input_city'

2023-12-08 10:57:15 - [MESSAGE][PASSED] - All options with label 'Maryland' are selected in object 'Object Repository/RAD_Pages/AddressAndContactInfo_Page/select_State' 

2023-12-08 10:57:15 - [MESSAGE][PASSED] - Text '21054' is set on object 'Object Repository/RAD_Pages/AddressAndContactInfo_Page/input_zipCode'

2023-12-08 10:57:16 - [MESSAGE][PASSED] - Text '(703) 894-5000' is set on object 'Object Repository/RAD_Pages/AddressAndContactInfo_Page/input_phoneNumber'

2023-12-08 10:57:17 - [MESSAGE][PASSED] - Text 'iahmed@govolution.com' is set on object 'Object Repository/RAD_Pages/AddressAndContactInfo_Page/input_eMailAddress'

2023-12-08 10:57:18 - [MESSAGE][PASSED] - Text 'iahmed@govolution.com' is set on object 'Object Repository/RAD_Pages/AddressAndContactInfo_Page/input_reEnterEMailAddress'

2023-12-08 10:57:18 - [MESSAGE][PASSED] - rad.getSetDataRAD.setDataRADAddress is PASSED

2023-12-08 10:57:18 - [TEST_STEP][PASSED] - scrollToElement(findTestObject(orPath_Landing + "/button_Continue"), 3): Scroll to object 'Object Repository/RAD_Pages/Landing_Page/button_Continue' successfully

2023-12-08 10:57:18 - [MESSAGE][PASSED] - Scroll to object 'Object Repository/RAD_Pages/Landing_Page/button_Continue' successfully

2023-12-08 10:57:18 - [TEST_STEP][PASSED] - waitForElementClickable(findTestObject(orPath_FilingStatus + "/input_JointFiling_userType_New"), 5): Object 'Object Repository/RAD_Pages/FilingStatus_Page/input_JointFiling_userType_New' is clickable

2023-12-08 10:57:19 - [MESSAGE][PASSED] - Object 'Object Repository/RAD_Pages/FilingStatus_Page/input_JointFiling_userType_New' is clickable

2023-12-08 10:57:19 - [TEST_STEP][PASSED] - check(findTestObject(orPath_FilingStatus + "/input_JointFiling_userType_New")): Object 'Object Repository/RAD_Pages/FilingStatus_Page/input_JointFiling_userType_New' is checked

2023-12-08 10:57:19 - [MESSAGE][PASSED] - Object 'Object Repository/RAD_Pages/FilingStatus_Page/input_JointFiling_userType_New' is checked

2023-12-08 10:57:19 - [TEST_STEP][PASSED] - delay(2): Delayed 2 second(s)

2023-12-08 10:57:21 - [MESSAGE][PASSED] - Delayed 2 second(s)

2023-12-08 10:57:21 - [TEST_STEP][PASSED] - rad.getSetDataRAD.setDataRADssnAndNameJointFiler(): rad.getSetDataRAD.setDataRADssnAndNameJointFiler is PASSED

2023-12-08 10:57:22 - [MESSAGE][PASSED] - Text 'Larsons' is set on object 'Object Repository/RAD_Pages/FilingStatus_Page/input_jointFirstName'

2023-12-08 10:57:23 - [MESSAGE][PASSED] - Text 'Bell' is set on object 'Object Repository/RAD_Pages/FilingStatus_Page/input_jointLastName'

2023-12-08 10:57:23 - [MESSAGE][PASSED] - Text '123459630' is set on object 'Object Repository/RAD_RecordAndPlay/input_JointFilerSSN'

2023-12-08 10:57:24 - [MESSAGE][PASSED] - Text '123459630' is set on object 'Object Repository/RAD_RecordAndPlay/input_reTypeJointFilerSSN'

2023-12-08 10:57:24 - [MESSAGE][PASSED] - rad.getSetDataRAD.setDataRADssnAndNameJointFiler is PASSED

2023-12-08 10:57:24 - [TEST_STEP][PASSED] - setText(findTestObject(orPath_Amount + "/input__paymentAmount"), "100.00"): Text '100.00' is set on object 'Object Repository/RAD_Pages/PaymentAmount_Page/input__paymentAmount'

2023-12-08 10:57:25 - [MESSAGE][PASSED] - Text '100.00' is set on object 'Object Repository/RAD_Pages/PaymentAmount_Page/input__paymentAmount'

2023-12-08 10:57:25 - [TEST_STEP][PASSED] - setText(findTestObject(orPath_AddressContact + "/input_streetAddress2"), ""): Text '' is set on object 'Object Repository/RAD_Pages/AddressAndContactInfo_Page/input_streetAddress2'

2023-12-08 10:57:26 - [MESSAGE][PASSED] - Text '' is set on object 'Object Repository/RAD_Pages/AddressAndContactInfo_Page/input_streetAddress2'

2023-12-08 10:57:26 - [TEST_STEP][PASSED] - scrollToElement(findTestObject(orPath_Landing + "/button_Continue"), 3): Scroll to object 'Object Repository/RAD_Pages/Landing_Page/button_Continue' successfully

2023-12-08 10:57:26 - [MESSAGE][PASSED] - Scroll to object 'Object Repository/RAD_Pages/Landing_Page/button_Continue' successfully

2023-12-08 10:57:26 - [TEST_STEP][PASSED] - waitForElementClickable(findTestObject(orPath_Landing + "/button_Continue"), 5): Object 'Object Repository/RAD_Pages/Landing_Page/button_Continue' is clickable

2023-12-08 10:57:26 - [MESSAGE][PASSED] - Object 'Object Repository/RAD_Pages/Landing_Page/button_Continue' is clickable

2023-12-08 10:57:26 - [TEST_STEP][PASSED] - click(findTestObject(orPath_Landing + "/button_Continue")): Object: 'Object Repository/RAD_Pages/Landing_Page/button_Continue' is clicked on

2023-12-08 10:57:27 - [MESSAGE][PASSED] - Object: 'Object Repository/RAD_Pages/Landing_Page/button_Continue' is clicked on

2023-12-08 10:57:27 - [TEST_STEP][PASSED] - delay(2): Delayed 2 second(s)

2023-12-08 10:57:29 - [MESSAGE][PASSED] - Delayed 2 second(s)

2023-12-08 10:57:29 - [TEST_STEP][PASSED] - click(findTestObject(orPath_Summary + "/button_Proceed to Payment")): Object: 'Object Repository/RAD_Pages/Summary_Page/button_Proceed to Payment' is clicked on

2023-12-08 10:57:30 - [MESSAGE][PASSED] - Object: 'Object Repository/RAD_Pages/Summary_Page/button_Proceed to Payment' is clicked on

2023-12-08 10:57:30 - [TEST_STEP][PASSED] - if (verifyElementPresent(findTestObject("Object Repository/RAD_Pages/PaymentEntry_Page/input__billingName"), 30)): null

2023-12-08 10:57:31 - [MESSAGE][PASSED] - Object 'Object Repository/RAD_Pages/PaymentEntry_Page/input__billingName' is present

2023-12-08 10:57:31 - [TEST_STEP][PASSED] - verifyTextPresent("Comptroller of Maryland", true): Text 'Comptroller of Maryland' is present on page  using regular expression

2023-12-08 10:57:31 - [MESSAGE][PASSED] - Text 'Comptroller of Maryland' is present on page  using regular expression

2023-12-08 10:57:31 - [TEST_STEP][PASSED] - verifyTextPresent("Payment Information", true): Text 'Payment Information' is present on page  using regular expression

2023-12-08 10:57:31 - [MESSAGE][PASSED] - Text 'Payment Information' is present on page  using regular expression

2023-12-08 10:57:31 - [TEST_STEP][PASSED] - card_Name = getAttribute(findTestObject("Object Repository/RAD_Pages/PaymentEntry_Page/input__billingName"), "value"): Attribute 'value' of object 'Object Repository/RAD_Pages/PaymentEntry_Page/input__billingName' is: 'Jimmy Anderson'

2023-12-08 10:57:32 - [MESSAGE][PASSED] - Attribute 'value' of object 'Object Repository/RAD_Pages/PaymentEntry_Page/input__billingName' is: 'Jimmy Anderson'

2023-12-08 10:57:32 - [TEST_STEP][PASSED] - switch (executionProfile): null

2023-12-08 10:57:32 - [TEST_STEP][PASSED] - case "QA2Profile":: null

2023-12-08 10:57:32 - [TEST_STEP][PASSED] - verifyMatch("Jimmy Anderson", card_Name, false): Actual text 'Jimmy Anderson' and expected text 'Jimmy Anderson' are matched 

2023-12-08 10:57:32 - [MESSAGE][PASSED] - Actual text 'Jimmy Anderson' and expected text 'Jimmy Anderson' are matched 

2023-12-08 10:57:32 - [TEST_STEP][PASSED] - break: null

2023-12-08 10:57:32 - [TEST_STEP][PASSED] - AL1 = getAttribute(findTestObject("Object Repository/RAD_Pages/PaymentEntry_Page/input_billingAddress"), "value"): Attribute 'value' of object 'Object Repository/RAD_Pages/PaymentEntry_Page/input_billingAddress' is: '2508 Mandan Terrace'

2023-12-08 10:57:32 - [MESSAGE][PASSED] - Attribute 'value' of object 'Object Repository/RAD_Pages/PaymentEntry_Page/input_billingAddress' is: '2508 Mandan Terrace'

2023-12-08 10:57:32 - [TEST_STEP][PASSED] - verifyMatch("2508 Mandan Terrace", AL1, false): Actual text '2508 Mandan Terrace' and expected text '2508 Mandan Terrace' are matched 

2023-12-08 10:57:32 - [MESSAGE][PASSED] - Actual text '2508 Mandan Terrace' and expected text '2508 Mandan Terrace' are matched 

2023-12-08 10:57:32 - [TEST_STEP][PASSED] - AL2 = getAttribute(findTestObject("Object Repository/RAD_Pages/PaymentEntry_Page/input_billingAddress2"), "value"): Attribute 'value' of object 'Object Repository/RAD_Pages/PaymentEntry_Page/input_billingAddress2' is: ''

2023-12-08 10:57:32 - [MESSAGE][PASSED] - Attribute 'value' of object 'Object Repository/RAD_Pages/PaymentEntry_Page/input_billingAddress2' is: ''

2023-12-08 10:57:32 - [TEST_STEP][PASSED] - verifyMatch("", AL2, false): Actual text '' and expected text '' are matched 

2023-12-08 10:57:32 - [MESSAGE][PASSED] - Actual text '' and expected text '' are matched 

2023-12-08 10:57:32 - [TEST_STEP][PASSED] - zipCode = getAttribute(findTestObject("Object Repository/RAD_Pages/PaymentEntry_Page/input_billingZip"), "value"): Attribute 'value' of object 'Object Repository/RAD_Pages/PaymentEntry_Page/input_billingZip' is: '21054'

2023-12-08 10:57:33 - [MESSAGE][PASSED] - Attribute 'value' of object 'Object Repository/RAD_Pages/PaymentEntry_Page/input_billingZip' is: '21054'

2023-12-08 10:57:33 - [TEST_STEP][PASSED] - verifyMatch("21054", zipCode, false): Actual text '21054' and expected text '21054' are matched 

2023-12-08 10:57:33 - [MESSAGE][PASSED] - Actual text '21054' and expected text '21054' are matched 

2023-12-08 10:57:33 - [TEST_STEP][PASSED] - city = getAttribute(findTestObject("Object Repository/RAD_Pages/PaymentEntry_Page/input_billingCity"), "value"): Attribute 'value' of object 'Object Repository/RAD_Pages/PaymentEntry_Page/input_billingCity' is: 'GAMBRILLS'

2023-12-08 10:57:33 - [MESSAGE][PASSED] - Attribute 'value' of object 'Object Repository/RAD_Pages/PaymentEntry_Page/input_billingCity' is: 'GAMBRILLS'

2023-12-08 10:57:33 - [TEST_STEP][PASSED] - verifyMatch("GAMBRILLS", city, false): Actual text 'GAMBRILLS' and expected text 'GAMBRILLS' are matched 

2023-12-08 10:57:33 - [MESSAGE][PASSED] - Actual text 'GAMBRILLS' and expected text 'GAMBRILLS' are matched 

2023-12-08 10:57:33 - [TEST_STEP][PASSED] - email = getAttribute(findTestObject("Object Repository/RAD_Pages/PaymentEntry_Page/input_emailAddress"), "value"): Attribute 'value' of object 'Object Repository/RAD_Pages/PaymentEntry_Page/input_emailAddress' is: 'iahmed@govolution.com'

2023-12-08 10:57:33 - [MESSAGE][PASSED] - Attribute 'value' of object 'Object Repository/RAD_Pages/PaymentEntry_Page/input_emailAddress' is: 'iahmed@govolution.com'

2023-12-08 10:57:33 - [TEST_STEP][PASSED] - verifyMatch("iahmed@govolution.com", email, false): Actual text 'iahmed@govolution.com' and expected text 'iahmed@govolution.com' are matched 

2023-12-08 10:57:33 - [MESSAGE][PASSED] - Actual text 'iahmed@govolution.com' and expected text 'iahmed@govolution.com' are matched 

2023-12-08 10:57:33 - [TEST_STEP][PASSED] - amount = getAttribute(findTestObject("Object Repository/RAD_Pages/PaymentEntry_Page/input_amount"), "value"): Attribute 'value' of object 'Object Repository/RAD_Pages/PaymentEntry_Page/input_amount' is: '100.00'

2023-12-08 10:57:34 - [MESSAGE][PASSED] - Attribute 'value' of object 'Object Repository/RAD_Pages/PaymentEntry_Page/input_amount' is: '100.00'

2023-12-08 10:57:34 - [TEST_STEP][PASSED] - verifyMatch("100.00", amount, false): Actual text '100.00' and expected text '100.00' are matched 

2023-12-08 10:57:34 - [MESSAGE][PASSED] - Actual text '100.00' and expected text '100.00' are matched 

2023-12-08 10:57:34 - [TEST_STEP][PASSED] - amountReadOnly = getAttribute(findTestObject("Object Repository/RAD_Pages/PaymentEntry_Page/input_amount"), "readonly"): Attribute 'readonly' of object 'Object Repository/RAD_Pages/PaymentEntry_Page/input_amount' is: 'true'

2023-12-08 10:57:34 - [MESSAGE][PASSED] - Attribute 'readonly' of object 'Object Repository/RAD_Pages/PaymentEntry_Page/input_amount' is: 'true'

2023-12-08 10:57:34 - [TEST_STEP][PASSED] - verifyMatch("true", amountReadOnly, false): Actual text 'true' and expected text 'true' are matched 

2023-12-08 10:57:34 - [MESSAGE][PASSED] - Actual text 'true' and expected text 'true' are matched 

2023-12-08 10:57:34 - [TEST_STEP][PASSED] - verifyOptionSelectedByLabel(findTestObject("Object Repository/RAD_Pages/PaymentEntry_Page/select_Country"), "United States", false, 20): All options with label 'United States' are selected in object 'Object Repository/RAD_Pages/PaymentEntry_Page/select_Country' 

2023-12-08 10:57:35 - [MESSAGE][PASSED] - All options with label 'United States' are selected in object 'Object Repository/RAD_Pages/PaymentEntry_Page/select_Country' 

2023-12-08 10:57:35 - [TEST_STEP][PASSED] - verifyOptionSelectedByLabel(findTestObject("Object Repository/RAD_Pages/PaymentEntry_Page/select_State"), "Maryland", false, 20): All options with label 'Maryland' are selected in object 'Object Repository/RAD_Pages/PaymentEntry_Page/select_State' 

2023-12-08 10:57:38 - [MESSAGE][PASSED] - All options with label 'Maryland' are selected in object 'Object Repository/RAD_Pages/PaymentEntry_Page/select_State' 

2023-12-08 10:57:38 - [TEST_STEP][PASSED] - setText(findTestObject(orPath_PaymentEntry + "/input__cardNumber"), "4111111111111111"): Text '4111111111111111' is set on object 'Object Repository/RAD_Pages/PaymentEntry_Page/input__cardNumber'

2023-12-08 10:57:39 - [MESSAGE][PASSED] - Text '4111111111111111' is set on object 'Object Repository/RAD_Pages/PaymentEntry_Page/input__cardNumber'

2023-12-08 10:57:39 - [TEST_STEP][PASSED] - setText(findTestObject(orPath_PaymentEntry + "/input__spc"), "123"): Text '123' is set on object 'Object Repository/RAD_Pages/PaymentEntry_Page/input__spc'

2023-12-08 10:57:39 - [MESSAGE][PASSED] - Text '123' is set on object 'Object Repository/RAD_Pages/PaymentEntry_Page/input__spc'

2023-12-08 10:57:39 - [TEST_STEP][PASSED] - selectOptionByLabel(findTestObject(orPath_PaymentEntry + "/select_MM"), "12", false): All options with label '12' are selected in object 'Object Repository/RAD_Pages/PaymentEntry_Page/select_MM' 

2023-12-08 10:57:40 - [MESSAGE][PASSED] - All options with label '12' are selected in object 'Object Repository/RAD_Pages/PaymentEntry_Page/select_MM' 

2023-12-08 10:57:40 - [TEST_STEP][PASSED] - selectOptionByLabel(findTestObject(orPath_PaymentEntry + "/select_YYYY"), "2028", false): All options with label '2028' are selected in object 'Object Repository/RAD_Pages/PaymentEntry_Page/select_YYYY' 

2023-12-08 10:57:41 - [MESSAGE][PASSED] - All options with label '2028' are selected in object 'Object Repository/RAD_Pages/PaymentEntry_Page/select_YYYY' 

2023-12-08 10:57:41 - [TEST_STEP][PASSED] - click(findTestObject(orPath_PaymentEntry + "/input_Field_ccSubmit")): Object: 'Object Repository/RAD_Pages/PaymentEntry_Page/input_Field_ccSubmit' is clicked on

2023-12-08 10:57:42 - [MESSAGE][PASSED] - Object: 'Object Repository/RAD_Pages/PaymentEntry_Page/input_Field_ccSubmit' is clicked on

2023-12-08 10:57:42 - [TEST_STEP][PASSED] - click(findTestObject(orPath_PaymentConfirmation + "/input_N_confirmNotifyAction")): Object: 'Object Repository/RAD_Pages/PaymentConfirmation_Page/input_N_confirmNotifyAction' is clicked on

2023-12-08 10:57:43 - [MESSAGE][PASSED] - Object: 'Object Repository/RAD_Pages/PaymentConfirmation_Page/input_N_confirmNotifyAction' is clicked on

2023-12-08 10:57:43 - [TEST_STEP][PASSED] - verifyTextPresent("Service Fee Acceptance", true): Text 'Service Fee Acceptance' is present on page  using regular expression

2023-12-08 10:57:43 - [MESSAGE][PASSED] - Text 'Service Fee Acceptance' is present on page  using regular expression

2023-12-08 10:57:43 - [TEST_STEP][PASSED] - verifyTextPresent("This transaction is subject to a Service Fee of ", true): Text 'This transaction is subject to a Service Fee of ' is present on page  using regular expression

2023-12-08 10:57:44 - [MESSAGE][PASSED] - Text 'This transaction is subject to a Service Fee of ' is present on page  using regular expression

2023-12-08 10:57:44 - [TEST_STEP][PASSED] - verifyTextPresent("Payment Amount:", true): Text 'Payment Amount:' is present on page  using regular expression

2023-12-08 10:57:44 - [MESSAGE][PASSED] - Text 'Payment Amount:' is present on page  using regular expression

2023-12-08 10:57:44 - [TEST_STEP][PASSED] - verifyTextPresent("100.00", true): Text '100.00' is present on page  using regular expression

2023-12-08 10:57:44 - [MESSAGE][PASSED] - Text '100.00' is present on page  using regular expression

2023-12-08 10:57:44 - [TEST_STEP][PASSED] - verifyTextPresent("Service Fee:", true): Text 'Service Fee:' is present on page  using regular expression

2023-12-08 10:57:44 - [MESSAGE][PASSED] - Text 'Service Fee:' is present on page  using regular expression

2023-12-08 10:57:44 - [TEST_STEP][PASSED] - verifyTextPresent("2.45", true): Text '2.45' is present on page  using regular expression

2023-12-08 10:57:45 - [MESSAGE][PASSED] - Text '2.45' is present on page  using regular expression

2023-12-08 10:57:45 - [TEST_STEP][PASSED] - verifyTextPresent("Total Amount:", true): Text 'Total Amount:' is present on page  using regular expression

2023-12-08 10:57:45 - [MESSAGE][PASSED] - Text 'Total Amount:' is present on page  using regular expression

2023-12-08 10:57:45 - [TEST_STEP][PASSED] - verifyTextPresent("102.45", true): Text '102.45' is present on page  using regular expression

2023-12-08 10:57:45 - [MESSAGE][PASSED] - Text '102.45' is present on page  using regular expression

2023-12-08 10:57:45 - [TEST_STEP][PASSED] - verifyTextPresent("Two transactions will appear on your bank statement, one in the amount of", true): Text 'Two transactions will appear on your bank statement, one in the amount of' is present on page  using regular expression

2023-12-08 10:57:46 - [MESSAGE][PASSED] - Text 'Two transactions will appear on your bank statement, one in the amount of' is present on page  using regular expression

2023-12-08 10:57:46 - [TEST_STEP][PASSED] - if (verifyElementPresent(findTestObject(orPath_ServiceFeesAccept + "/input_convFeeNotifyAction"), 30)): null

2023-12-08 10:57:46 - [MESSAGE][PASSED] - Object 'Object Repository/RAD_Pages/ServiceFeeAccept_Page/input_convFeeNotifyAction' is present

2023-12-08 10:57:46 - [TEST_STEP][PASSED] - resText = "Pass": null

2023-12-08 10:57:46 - [TEST_STEP][PASSED] - pages.WriteExcel.demoKey(resText, datText, resColumn, datCloumn, fileLoc, nameSheet, row): pages.WriteExcel.demoKey is PASSED

2023-12-08 10:57:46 - [MESSAGE][PASSED] - pages.WriteExcel.demoKey is PASSED

2023-12-08 10:57:46 - [TEST_STEP][PASSED] - if (execProfile == "QAProfile" || execProfile == "QA2Profile"): Text 'Successful Payment Receipt' is present on page  using regular expression

2023-12-08 10:57:46 - [TEST_STEP][PASSED] - click(findTestObject(orPath_ServiceFeesAccept + "/input_convFeeNotifyAction")): Object: 'Object Repository/RAD_Pages/ServiceFeeAccept_Page/input_convFeeNotifyAction' is clicked on

2023-12-08 10:57:47 - [MESSAGE][PASSED] - Object: 'Object Repository/RAD_Pages/ServiceFeeAccept_Page/input_convFeeNotifyAction' is clicked on

2023-12-08 10:57:47 - [TEST_STEP][PASSED] - delay(10): Delayed 10 second(s)

2023-12-08 10:57:57 - [MESSAGE][PASSED] - Delayed 10 second(s)

2023-12-08 10:57:57 - [TEST_STEP][PASSED] - verifyTextPresent("Successful Payment Receipt", true): Text 'Successful Payment Receipt' is present on page  using regular expression

2023-12-08 10:57:57 - [MESSAGE][PASSED] - Text 'Successful Payment Receipt' is present on page  using regular expression]]></system-out>
         <system-err><![CDATA[]]></system-err>
      </testcase>
      <testcase name="Test Cases/RAD_TestCases/MRF_TestCases/Personal_Individual_MRF_TC" time="71.479" classname="Test Cases/RAD_TestCases/MRF_TestCases/Personal_Individual_MRF_TC" status="PASSED">
         <system-out><![CDATA[2023-12-08 10:57:57 - [TEST_CASE][PASSED] - Test Cases/RAD_TestCases/MRF_TestCases/Personal_Individual_MRF_TC: Test Cases/RAD_TestCases/MRF_TestCases/Personal_Individual_MRF_TC

2023-12-08 10:57:58 - [TEST_STEP][PASSED] - resText = "Fail": null

2023-12-08 10:57:58 - [TEST_STEP][PASSED] - resColumn = "Result": null

2023-12-08 10:57:58 - [TEST_STEP][PASSED] - datCloumn = "Date": null

2023-12-08 10:57:58 - [TEST_STEP][PASSED] - fileLoc = "KatalonData/RADTestData/MRF.xlsx": null

2023-12-08 10:57:58 - [TEST_STEP][PASSED] - nameSheet = "Personal_IND": null

2023-12-08 10:57:58 - [TEST_STEP][PASSED] - dataFile = "RADTestData/MRF_Personal_IND": null

2023-12-08 10:57:58 - [TEST_STEP][PASSED] - orPath_Landing = "Object Repository/RAD_Pages/Landing_Page": null

2023-12-08 10:57:58 - [TEST_STEP][PASSED] - orPath_TaxTypeFilingYear = "Object Repository/RAD_Pages/TaxTypeFilingYear_Page": null

2023-12-08 10:57:58 - [TEST_STEP][PASSED] - orPath_Amount = "Object Repository/RAD_Pages/PaymentAmount_Page": null

2023-12-08 10:57:58 - [TEST_STEP][PASSED] - orPath_AddressContact = "Object Repository/RAD_Pages/AddressAndContactInfo_Page": null

2023-12-08 10:57:58 - [TEST_STEP][PASSED] - orPath_Summary = "Object Repository/RAD_Pages/Summary_Page": null

2023-12-08 10:57:58 - [TEST_STEP][PASSED] - orPath_PaymentConfirmation = "Object Repository/RAD_Pages/PaymentConfirmation_Page": null

2023-12-08 10:57:58 - [TEST_STEP][PASSED] - orPath_ServiceFeesAccept = "Object Repository/RAD_Pages/ServiceFeeAccept_Page": null

2023-12-08 10:57:58 - [TEST_STEP][PASSED] - orPath_PaymentEntry = "Object Repository/RAD_Pages/PaymentEntry_Page": null

2023-12-08 10:57:58 - [TEST_STEP][PASSED] - orPath_TaxPayer = "Object Repository/RAD_Pages/Taxpayer_Page": null

2023-12-08 10:57:58 - [TEST_STEP][PASSED] - ExecuteTC = <not implemented yet for class: org.codehaus.groovy.ast.expr.EmptyExpression>: null

2023-12-08 10:57:58 - [TEST_STEP][PASSED] - TaxType = <not implemented yet for class: org.codehaus.groovy.ast.expr.EmptyExpression>: null

2023-12-08 10:57:58 - [TEST_STEP][PASSED] - PaymentType = <not implemented yet for class: org.codehaus.groovy.ast.expr.EmptyExpression>: null

2023-12-08 10:57:58 - [TEST_STEP][PASSED] - FilingYear = <not implemented yet for class: org.codehaus.groovy.ast.expr.EmptyExpression>: null

2023-12-08 10:57:58 - [TEST_STEP][PASSED] - PeriodEndingMonth = <not implemented yet for class: org.codehaus.groovy.ast.expr.EmptyExpression>: null

2023-12-08 10:57:58 - [TEST_STEP][PASSED] - executionProfile = getExecutionProfile(): null

2023-12-08 10:57:58 - [TEST_STEP][PASSED] - numOfRows = findTestData(dataFile).getRowNumbers(): null

2023-12-08 10:57:58 - [TEST_STEP][PASSED] - println("Number of Records: " + numOfRows): null

2023-12-08 10:57:58 - [TEST_STEP][PASSED] - for ([row = 1, row <= numOfRows, (row++)]): pages.WriteExcel.demoKey is PASSED

2023-12-08 10:57:58 - [TEST_STEP][PASSED] - ExecuteTC = findTestData(dataFile).getValue("Execute", row): null

2023-12-08 10:57:58 - [TEST_STEP][PASSED] - TaxType = findTestData(dataFile).getValue("TaxType", row): null

2023-12-08 10:57:58 - [TEST_STEP][PASSED] - PaymentType = findTestData(dataFile).getValue("PaymentType", row): null

2023-12-08 10:57:58 - [TEST_STEP][PASSED] - FilingYear = findTestData(dataFile).getValue("Year", row): null

2023-12-08 10:57:58 - [TEST_STEP][PASSED] - if (ExecuteTC.equalsIgnoreCase("Y")): pages.WriteExcel.demoKey is PASSED

2023-12-08 10:57:58 - [TEST_STEP][PASSED] - out.println("Begin Record Number: " + row): null

2023-12-08 10:57:58 - [TEST_STEP][PASSED] - today = new java.util.Date(): null

2023-12-08 10:57:58 - [TEST_STEP][PASSED] - println(today): null

2023-12-08 10:57:58 - [TEST_STEP][PASSED] - datText = today: null

2023-12-08 10:57:58 - [TEST_STEP][PASSED] - logInfo("Payment Type: " + PaymentType): Payment Type: Quarterly Estimated Tax

2023-12-08 10:57:58 - [MESSAGE][INFO] - Payment Type: Quarterly Estimated Tax

2023-12-08 10:57:58 - [TEST_STEP][PASSED] - logInfo("Tax Type: " + TaxType): Tax Type: Personal Income Tax

2023-12-08 10:57:58 - [MESSAGE][INFO] - Tax Type: Personal Income Tax

2023-12-08 10:57:58 - [TEST_STEP][PASSED] - openBrowser(""): Browser is opened with url: ''

2023-12-08 10:57:58 - [MESSAGE][WARNING] - A browser is already opened. Closing browser and opening a new one

2023-12-08 10:57:59 - [MESSAGE][INFO] - Starting 'Chrome' driver

2023-12-08 10:57:59 - [MESSAGE][INFO] - User set preference: ['acceptInsecureCerts', 'true']

2023-12-08 10:57:59 - [MESSAGE][INFO] - Action delay is set to 0 milliseconds

2023-12-08 10:58:01 - [MESSAGE][PASSED] - Browser is opened with url: ''

2023-12-08 10:58:01 - [TEST_STEP][PASSED] - maximizeWindow(): Current window maximized

2023-12-08 10:58:01 - [MESSAGE][PASSED] - Current window maximized

2023-12-08 10:58:01 - [TEST_STEP][PASSED] - navigateToUrl(RADurl): Navigate to 'https://qa2.velocitypayment.com/client/rad/index.html' successfully

2023-12-08 10:58:02 - [MESSAGE][PASSED] - Navigate to 'https://qa2.velocitypayment.com/client/rad/index.html' successfully

2023-12-08 10:58:02 - [TEST_STEP][PASSED] - selectOptionByLabel(findTestObject(orPath_Landing + "/dd_TaxType"), PaymentType, false): All options with label 'Quarterly Estimated Tax' are selected in object 'Object Repository/RAD_Pages/Landing_Page/dd_TaxType' 

2023-12-08 10:58:03 - [MESSAGE][PASSED] - All options with label 'Quarterly Estimated Tax' are selected in object 'Object Repository/RAD_Pages/Landing_Page/dd_TaxType' 

2023-12-08 10:58:03 - [TEST_STEP][PASSED] - switch (PaymentType): null

2023-12-08 10:58:03 - [TEST_STEP][PASSED] - case "Quarterly Estimated Tax":: null

2023-12-08 10:58:03 - [TEST_STEP][PASSED] - selectOptionByLabel(findTestObject(orPath_TaxTypeFilingYear + "/select_PaymentType"), TaxType, false): All options with label 'Personal Income Tax' are selected in object 'Object Repository/RAD_Pages/TaxTypeFilingYear_Page/select_PaymentType' 

2023-12-08 10:58:04 - [MESSAGE][PASSED] - All options with label 'Personal Income Tax' are selected in object 'Object Repository/RAD_Pages/TaxTypeFilingYear_Page/select_PaymentType' 

2023-12-08 10:58:04 - [TEST_STEP][PASSED] - break: null

2023-12-08 10:58:04 - [TEST_STEP][PASSED] - if (!(FilingYear.isEmpty())): All options with label '2023' are selected in object 'Object Repository/RAD_Pages/TaxTypeFilingYear_Page/select_FilingYear' 

2023-12-08 10:58:04 - [TEST_STEP][PASSED] - selectOptionByLabel(findTestObject(orPath_TaxTypeFilingYear + "/select_FilingYear"), FilingYear, false): All options with label '2023' are selected in object 'Object Repository/RAD_Pages/TaxTypeFilingYear_Page/select_FilingYear' 

2023-12-08 10:58:04 - [MESSAGE][PASSED] - All options with label '2023' are selected in object 'Object Repository/RAD_Pages/TaxTypeFilingYear_Page/select_FilingYear' 

2023-12-08 10:58:04 - [TEST_STEP][PASSED] - setText(findTestObject(orPath_TaxPayer + "/input_firstName"), " "): Text ' ' is set on object 'Object Repository/RAD_Pages/Taxpayer_Page/input_firstName'

2023-12-08 10:58:05 - [MESSAGE][PASSED] - Text ' ' is set on object 'Object Repository/RAD_Pages/Taxpayer_Page/input_firstName'

2023-12-08 10:58:05 - [TEST_STEP][PASSED] - setText(findTestObject(orPath_TaxPayer + "/input_lastName"), " "): Text ' ' is set on object 'Object Repository/RAD_Pages/Taxpayer_Page/input_lastName'

2023-12-08 10:58:06 - [MESSAGE][PASSED] - Text ' ' is set on object 'Object Repository/RAD_Pages/Taxpayer_Page/input_lastName'

2023-12-08 10:58:06 - [TEST_STEP][PASSED] - setText(findTestObject("RAD_RecordAndPlay/input_concatSSN"), " "): Text ' ' is set on object 'Object Repository/RAD_RecordAndPlay/input_concatSSN'

2023-12-08 10:58:06 - [MESSAGE][PASSED] - Text ' ' is set on object 'Object Repository/RAD_RecordAndPlay/input_concatSSN'

2023-12-08 10:58:06 - [TEST_STEP][PASSED] - setText(findTestObject("RAD_RecordAndPlay/input_concatReSSN"), " "): Text ' ' is set on object 'Object Repository/RAD_RecordAndPlay/input_concatReSSN'

2023-12-08 10:58:07 - [MESSAGE][PASSED] - Text ' ' is set on object 'Object Repository/RAD_RecordAndPlay/input_concatReSSN'

2023-12-08 10:58:07 - [TEST_STEP][PASSED] - setText(findTestObject(orPath_AddressContact + "/input_streetAddress1"), " "): Text ' ' is set on object 'Object Repository/RAD_Pages/AddressAndContactInfo_Page/input_streetAddress1'

2023-12-08 10:58:08 - [MESSAGE][PASSED] - Text ' ' is set on object 'Object Repository/RAD_Pages/AddressAndContactInfo_Page/input_streetAddress1'

2023-12-08 10:58:08 - [TEST_STEP][PASSED] - setText(findTestObject(orPath_AddressContact + "/input_city"), " "): Text ' ' is set on object 'Object Repository/RAD_Pages/AddressAndContactInfo_Page/input_city'

2023-12-08 10:58:09 - [MESSAGE][PASSED] - Text ' ' is set on object 'Object Repository/RAD_Pages/AddressAndContactInfo_Page/input_city'

2023-12-08 10:58:09 - [TEST_STEP][PASSED] - setText(findTestObject(orPath_AddressContact + "/input_zipCode"), " "): Text ' ' is set on object 'Object Repository/RAD_Pages/AddressAndContactInfo_Page/input_zipCode'

2023-12-08 10:58:09 - [MESSAGE][PASSED] - Text ' ' is set on object 'Object Repository/RAD_Pages/AddressAndContactInfo_Page/input_zipCode'

2023-12-08 10:58:09 - [TEST_STEP][PASSED] - setText(findTestObject(orPath_AddressContact + "/input_phoneNumber"), " "): Text ' ' is set on object 'Object Repository/RAD_Pages/AddressAndContactInfo_Page/input_phoneNumber'

2023-12-08 10:58:10 - [MESSAGE][PASSED] - Text ' ' is set on object 'Object Repository/RAD_Pages/AddressAndContactInfo_Page/input_phoneNumber'

2023-12-08 10:58:10 - [TEST_STEP][PASSED] - setText(findTestObject(orPath_AddressContact + "/input_eMailAddress"), " "): Text ' ' is set on object 'Object Repository/RAD_Pages/AddressAndContactInfo_Page/input_eMailAddress'

2023-12-08 10:58:11 - [MESSAGE][PASSED] - Text ' ' is set on object 'Object Repository/RAD_Pages/AddressAndContactInfo_Page/input_eMailAddress'

2023-12-08 10:58:11 - [TEST_STEP][PASSED] - setText(findTestObject(orPath_AddressContact + "/input_reEnterEMailAddress"), " "): Text ' ' is set on object 'Object Repository/RAD_Pages/AddressAndContactInfo_Page/input_reEnterEMailAddress'

2023-12-08 10:58:12 - [MESSAGE][PASSED] - Text ' ' is set on object 'Object Repository/RAD_Pages/AddressAndContactInfo_Page/input_reEnterEMailAddress'

2023-12-08 10:58:12 - [TEST_STEP][PASSED] - resText = "Fail": null

2023-12-08 10:58:12 - [TEST_STEP][PASSED] - pages.WriteExcel.demoKey(resText, datText, resColumn, datCloumn, fileLoc, nameSheet, row): pages.WriteExcel.demoKey is PASSED

2023-12-08 10:58:12 - [MESSAGE][PASSED] - pages.WriteExcel.demoKey is PASSED

2023-12-08 10:58:12 - [TEST_STEP][PASSED] - verifyTextPresent("Enter first name", true, CONTINUE_ON_FAILURE): Text 'Enter first name' is present on page  using regular expression

2023-12-08 10:58:12 - [MESSAGE][PASSED] - Text 'Enter first name' is present on page  using regular expression

2023-12-08 10:58:12 - [TEST_STEP][PASSED] - verifyTextPresent("Enter last name", true, CONTINUE_ON_FAILURE): Text 'Enter last name' is present on page  using regular expression

2023-12-08 10:58:13 - [MESSAGE][PASSED] - Text 'Enter last name' is present on page  using regular expression

2023-12-08 10:58:13 - [TEST_STEP][PASSED] - verifyTextPresent("Please enter a valid SSN with 9 digits", true, CONTINUE_ON_FAILURE): Text 'Please enter a valid SSN with 9 digits' is present on page  using regular expression

2023-12-08 10:58:13 - [MESSAGE][PASSED] - Text 'Please enter a valid SSN with 9 digits' is present on page  using regular expression

2023-12-08 10:58:13 - [TEST_STEP][PASSED] - verifyTextPresent("Re-type SSN Validation Error", true, CONTINUE_ON_FAILURE): Text 'Re-type SSN Validation Error' is present on page  using regular expression

2023-12-08 10:58:13 - [MESSAGE][PASSED] - Text 'Re-type SSN Validation Error' is present on page  using regular expression

2023-12-08 10:58:13 - [TEST_STEP][PASSED] - verifyTextPresent("Enter address", true, CONTINUE_ON_FAILURE): Text 'Enter address' is present on page  using regular expression

2023-12-08 10:58:14 - [MESSAGE][PASSED] - Text 'Enter address' is present on page  using regular expression

2023-12-08 10:58:14 - [TEST_STEP][PASSED] - verifyTextPresent("Enter city", true, CONTINUE_ON_FAILURE): Text 'Enter city' is present on page  using regular expression

2023-12-08 10:58:14 - [MESSAGE][PASSED] - Text 'Enter city' is present on page  using regular expression

2023-12-08 10:58:14 - [TEST_STEP][PASSED] - verifyTextPresent("Enter ZIP code", true, CONTINUE_ON_FAILURE): Text 'Enter ZIP code' is present on page  using regular expression

2023-12-08 10:58:14 - [MESSAGE][PASSED] - Text 'Enter ZIP code' is present on page  using regular expression

2023-12-08 10:58:14 - [TEST_STEP][PASSED] - verifyTextPresent("Enter a valid phone number", true, CONTINUE_ON_FAILURE): Text 'Enter a valid phone number' is present on page  using regular expression

2023-12-08 10:58:15 - [MESSAGE][PASSED] - Text 'Enter a valid phone number' is present on page  using regular expression

2023-12-08 10:58:15 - [TEST_STEP][PASSED] - verifyTextPresent("Enter Email", true, CONTINUE_ON_FAILURE): Text 'Enter Email' is present on page  using regular expression

2023-12-08 10:58:15 - [MESSAGE][PASSED] - Text 'Enter Email' is present on page  using regular expression

2023-12-08 10:58:15 - [TEST_STEP][PASSED] - resText = "Pass": null

2023-12-08 10:58:15 - [TEST_STEP][PASSED] - pages.WriteExcel.demoKey(resText, datText, resColumn, datCloumn, fileLoc, nameSheet, row): pages.WriteExcel.demoKey is PASSED

2023-12-08 10:58:15 - [MESSAGE][PASSED] - pages.WriteExcel.demoKey is PASSED

2023-12-08 10:58:15 - [TEST_STEP][PASSED] - ExecuteTC = findTestData(dataFile).getValue("Execute", row): null

2023-12-08 10:58:15 - [TEST_STEP][PASSED] - TaxType = findTestData(dataFile).getValue("TaxType", row): null

2023-12-08 10:58:15 - [TEST_STEP][PASSED] - PaymentType = findTestData(dataFile).getValue("PaymentType", row): null

2023-12-08 10:58:15 - [TEST_STEP][PASSED] - FilingYear = findTestData(dataFile).getValue("Year", row): null

2023-12-08 10:58:15 - [TEST_STEP][PASSED] - if (ExecuteTC.equalsIgnoreCase("Y")): null

2023-12-08 10:58:15 - [TEST_STEP][PASSED] - ExecuteTC = findTestData(dataFile).getValue("Execute", row): null

2023-12-08 10:58:16 - [TEST_STEP][PASSED] - TaxType = findTestData(dataFile).getValue("TaxType", row): null

2023-12-08 10:58:16 - [TEST_STEP][PASSED] - PaymentType = findTestData(dataFile).getValue("PaymentType", row): null

2023-12-08 10:58:16 - [TEST_STEP][PASSED] - FilingYear = findTestData(dataFile).getValue("Year", row): null

2023-12-08 10:58:16 - [TEST_STEP][PASSED] - if (ExecuteTC.equalsIgnoreCase("Y")): pages.WriteExcel.demoKey is PASSED

2023-12-08 10:58:16 - [TEST_STEP][PASSED] - out.println("Begin Record Number: " + row): null

2023-12-08 10:58:16 - [TEST_STEP][PASSED] - today = new java.util.Date(): null

2023-12-08 10:58:16 - [TEST_STEP][PASSED] - println(today): null

2023-12-08 10:58:16 - [TEST_STEP][PASSED] - datText = today: null

2023-12-08 10:58:16 - [TEST_STEP][PASSED] - logInfo("Payment Type: " + PaymentType): Payment Type: New Tax Return Amount Due

2023-12-08 10:58:16 - [MESSAGE][INFO] - Payment Type: New Tax Return Amount Due

2023-12-08 10:58:16 - [TEST_STEP][PASSED] - logInfo("Tax Type: " + TaxType): Tax Type: Personal Income Tax

2023-12-08 10:58:16 - [MESSAGE][INFO] - Tax Type: Personal Income Tax

2023-12-08 10:58:16 - [TEST_STEP][PASSED] - openBrowser(""): Browser is opened with url: ''

2023-12-08 10:58:16 - [MESSAGE][WARNING] - A browser is already opened. Closing browser and opening a new one

2023-12-08 10:58:17 - [MESSAGE][INFO] - Starting 'Chrome' driver

2023-12-08 10:58:17 - [MESSAGE][INFO] - User set preference: ['acceptInsecureCerts', 'true']

2023-12-08 10:58:17 - [MESSAGE][INFO] - Action delay is set to 0 milliseconds

2023-12-08 10:58:18 - [MESSAGE][PASSED] - Browser is opened with url: ''

2023-12-08 10:58:18 - [TEST_STEP][PASSED] - maximizeWindow(): Current window maximized

2023-12-08 10:58:18 - [MESSAGE][PASSED] - Current window maximized

2023-12-08 10:58:18 - [TEST_STEP][PASSED] - navigateToUrl(RADurl): Navigate to 'https://qa2.velocitypayment.com/client/rad/index.html' successfully

2023-12-08 10:58:21 - [MESSAGE][PASSED] - Navigate to 'https://qa2.velocitypayment.com/client/rad/index.html' successfully

2023-12-08 10:58:21 - [TEST_STEP][PASSED] - selectOptionByLabel(findTestObject(orPath_Landing + "/dd_TaxType"), PaymentType, false): All options with label 'New Tax Return Amount Due' are selected in object 'Object Repository/RAD_Pages/Landing_Page/dd_TaxType' 

2023-12-08 10:58:21 - [MESSAGE][PASSED] - All options with label 'New Tax Return Amount Due' are selected in object 'Object Repository/RAD_Pages/Landing_Page/dd_TaxType' 

2023-12-08 10:58:21 - [TEST_STEP][PASSED] - switch (PaymentType): null

2023-12-08 10:58:21 - [TEST_STEP][PASSED] - case "New Tax Return Amount Due":: null

2023-12-08 10:58:21 - [TEST_STEP][PASSED] - selectOptionByLabel(findTestObject("Object Repository/RAD_Pages/Landing_Page/select_NewTaxReturnAmountDue_TaxType"), TaxType, false): All options with label 'Personal Income Tax' are selected in object 'Object Repository/RAD_Pages/Landing_Page/select_NewTaxReturnAmountDue_TaxType' 

2023-12-08 10:58:22 - [MESSAGE][PASSED] - All options with label 'Personal Income Tax' are selected in object 'Object Repository/RAD_Pages/Landing_Page/select_NewTaxReturnAmountDue_TaxType' 

2023-12-08 10:58:22 - [TEST_STEP][PASSED] - break: null

2023-12-08 10:58:22 - [TEST_STEP][PASSED] - if (!(FilingYear.isEmpty())): All options with label '2022' are selected in object 'Object Repository/RAD_Pages/TaxTypeFilingYear_Page/select_FilingYear' 

2023-12-08 10:58:22 - [TEST_STEP][PASSED] - selectOptionByLabel(findTestObject(orPath_TaxTypeFilingYear + "/select_FilingYear"), FilingYear, false): All options with label '2022' are selected in object 'Object Repository/RAD_Pages/TaxTypeFilingYear_Page/select_FilingYear' 

2023-12-08 10:58:23 - [MESSAGE][PASSED] - All options with label '2022' are selected in object 'Object Repository/RAD_Pages/TaxTypeFilingYear_Page/select_FilingYear' 

2023-12-08 10:58:23 - [TEST_STEP][PASSED] - setText(findTestObject(orPath_TaxPayer + "/input_firstName"), " "): Text ' ' is set on object 'Object Repository/RAD_Pages/Taxpayer_Page/input_firstName'

2023-12-08 10:58:24 - [MESSAGE][PASSED] - Text ' ' is set on object 'Object Repository/RAD_Pages/Taxpayer_Page/input_firstName'

2023-12-08 10:58:24 - [TEST_STEP][PASSED] - setText(findTestObject(orPath_TaxPayer + "/input_lastName"), " "): Text ' ' is set on object 'Object Repository/RAD_Pages/Taxpayer_Page/input_lastName'

2023-12-08 10:58:24 - [MESSAGE][PASSED] - Text ' ' is set on object 'Object Repository/RAD_Pages/Taxpayer_Page/input_lastName'

2023-12-08 10:58:24 - [TEST_STEP][PASSED] - setText(findTestObject("RAD_RecordAndPlay/input_concatSSN"), " "): Text ' ' is set on object 'Object Repository/RAD_RecordAndPlay/input_concatSSN'

2023-12-08 10:58:25 - [MESSAGE][PASSED] - Text ' ' is set on object 'Object Repository/RAD_RecordAndPlay/input_concatSSN'

2023-12-08 10:58:25 - [TEST_STEP][PASSED] - setText(findTestObject("RAD_RecordAndPlay/input_concatReSSN"), " "): Text ' ' is set on object 'Object Repository/RAD_RecordAndPlay/input_concatReSSN'

2023-12-08 10:58:25 - [MESSAGE][PASSED] - Text ' ' is set on object 'Object Repository/RAD_RecordAndPlay/input_concatReSSN'

2023-12-08 10:58:25 - [TEST_STEP][PASSED] - setText(findTestObject(orPath_AddressContact + "/input_streetAddress1"), " "): Text ' ' is set on object 'Object Repository/RAD_Pages/AddressAndContactInfo_Page/input_streetAddress1'

2023-12-08 10:58:26 - [MESSAGE][PASSED] - Text ' ' is set on object 'Object Repository/RAD_Pages/AddressAndContactInfo_Page/input_streetAddress1'

2023-12-08 10:58:26 - [TEST_STEP][PASSED] - setText(findTestObject(orPath_AddressContact + "/input_city"), " "): Text ' ' is set on object 'Object Repository/RAD_Pages/AddressAndContactInfo_Page/input_city'

2023-12-08 10:58:27 - [MESSAGE][PASSED] - Text ' ' is set on object 'Object Repository/RAD_Pages/AddressAndContactInfo_Page/input_city'

2023-12-08 10:58:27 - [TEST_STEP][PASSED] - setText(findTestObject(orPath_AddressContact + "/input_zipCode"), " "): Text ' ' is set on object 'Object Repository/RAD_Pages/AddressAndContactInfo_Page/input_zipCode'

2023-12-08 10:58:28 - [MESSAGE][PASSED] - Text ' ' is set on object 'Object Repository/RAD_Pages/AddressAndContactInfo_Page/input_zipCode'

2023-12-08 10:58:28 - [TEST_STEP][PASSED] - setText(findTestObject(orPath_AddressContact + "/input_phoneNumber"), " "): Text ' ' is set on object 'Object Repository/RAD_Pages/AddressAndContactInfo_Page/input_phoneNumber'

2023-12-08 10:58:29 - [MESSAGE][PASSED] - Text ' ' is set on object 'Object Repository/RAD_Pages/AddressAndContactInfo_Page/input_phoneNumber'

2023-12-08 10:58:29 - [TEST_STEP][PASSED] - setText(findTestObject(orPath_AddressContact + "/input_eMailAddress"), " "): Text ' ' is set on object 'Object Repository/RAD_Pages/AddressAndContactInfo_Page/input_eMailAddress'

2023-12-08 10:58:29 - [MESSAGE][PASSED] - Text ' ' is set on object 'Object Repository/RAD_Pages/AddressAndContactInfo_Page/input_eMailAddress'

2023-12-08 10:58:29 - [TEST_STEP][PASSED] - setText(findTestObject(orPath_AddressContact + "/input_reEnterEMailAddress"), " "): Text ' ' is set on object 'Object Repository/RAD_Pages/AddressAndContactInfo_Page/input_reEnterEMailAddress'

2023-12-08 10:58:30 - [MESSAGE][PASSED] - Text ' ' is set on object 'Object Repository/RAD_Pages/AddressAndContactInfo_Page/input_reEnterEMailAddress'

2023-12-08 10:58:30 - [TEST_STEP][PASSED] - resText = "Fail": null

2023-12-08 10:58:30 - [TEST_STEP][PASSED] - pages.WriteExcel.demoKey(resText, datText, resColumn, datCloumn, fileLoc, nameSheet, row): pages.WriteExcel.demoKey is PASSED

2023-12-08 10:58:30 - [MESSAGE][PASSED] - pages.WriteExcel.demoKey is PASSED

2023-12-08 10:58:30 - [TEST_STEP][PASSED] - verifyTextPresent("Enter first name", true, CONTINUE_ON_FAILURE): Text 'Enter first name' is present on page  using regular expression

2023-12-08 10:58:31 - [MESSAGE][PASSED] - Text 'Enter first name' is present on page  using regular expression

2023-12-08 10:58:31 - [TEST_STEP][PASSED] - verifyTextPresent("Enter last name", true, CONTINUE_ON_FAILURE): Text 'Enter last name' is present on page  using regular expression

2023-12-08 10:58:31 - [MESSAGE][PASSED] - Text 'Enter last name' is present on page  using regular expression

2023-12-08 10:58:31 - [TEST_STEP][PASSED] - verifyTextPresent("Please enter a valid SSN with 9 digits", true, CONTINUE_ON_FAILURE): Text 'Please enter a valid SSN with 9 digits' is present on page  using regular expression

2023-12-08 10:58:31 - [MESSAGE][PASSED] - Text 'Please enter a valid SSN with 9 digits' is present on page  using regular expression

2023-12-08 10:58:31 - [TEST_STEP][PASSED] - verifyTextPresent("Re-type SSN Validation Error", true, CONTINUE_ON_FAILURE): Text 'Re-type SSN Validation Error' is present on page  using regular expression

2023-12-08 10:58:32 - [MESSAGE][PASSED] - Text 'Re-type SSN Validation Error' is present on page  using regular expression

2023-12-08 10:58:32 - [TEST_STEP][PASSED] - verifyTextPresent("Enter address", true, CONTINUE_ON_FAILURE): Text 'Enter address' is present on page  using regular expression

2023-12-08 10:58:32 - [MESSAGE][PASSED] - Text 'Enter address' is present on page  using regular expression

2023-12-08 10:58:32 - [TEST_STEP][PASSED] - verifyTextPresent("Enter city", true, CONTINUE_ON_FAILURE): Text 'Enter city' is present on page  using regular expression

2023-12-08 10:58:32 - [MESSAGE][PASSED] - Text 'Enter city' is present on page  using regular expression

2023-12-08 10:58:32 - [TEST_STEP][PASSED] - verifyTextPresent("Enter ZIP code", true, CONTINUE_ON_FAILURE): Text 'Enter ZIP code' is present on page  using regular expression

2023-12-08 10:58:33 - [MESSAGE][PASSED] - Text 'Enter ZIP code' is present on page  using regular expression

2023-12-08 10:58:33 - [TEST_STEP][PASSED] - verifyTextPresent("Enter a valid phone number", true, CONTINUE_ON_FAILURE): Text 'Enter a valid phone number' is present on page  using regular expression

2023-12-08 10:58:33 - [MESSAGE][PASSED] - Text 'Enter a valid phone number' is present on page  using regular expression

2023-12-08 10:58:33 - [TEST_STEP][PASSED] - verifyTextPresent("Enter Email", true, CONTINUE_ON_FAILURE): Text 'Enter Email' is present on page  using regular expression

2023-12-08 10:58:34 - [MESSAGE][PASSED] - Text 'Enter Email' is present on page  using regular expression

2023-12-08 10:58:34 - [TEST_STEP][PASSED] - resText = "Pass": null

2023-12-08 10:58:34 - [TEST_STEP][PASSED] - pages.WriteExcel.demoKey(resText, datText, resColumn, datCloumn, fileLoc, nameSheet, row): pages.WriteExcel.demoKey is PASSED

2023-12-08 10:58:34 - [MESSAGE][PASSED] - pages.WriteExcel.demoKey is PASSED

2023-12-08 10:58:34 - [TEST_STEP][PASSED] - ExecuteTC = findTestData(dataFile).getValue("Execute", row): null

2023-12-08 10:58:34 - [TEST_STEP][PASSED] - TaxType = findTestData(dataFile).getValue("TaxType", row): null

2023-12-08 10:58:34 - [TEST_STEP][PASSED] - PaymentType = findTestData(dataFile).getValue("PaymentType", row): null

2023-12-08 10:58:34 - [TEST_STEP][PASSED] - FilingYear = findTestData(dataFile).getValue("Year", row): null

2023-12-08 10:58:34 - [TEST_STEP][PASSED] - if (ExecuteTC.equalsIgnoreCase("Y")): pages.WriteExcel.demoKey is PASSED

2023-12-08 10:58:34 - [TEST_STEP][PASSED] - out.println("Begin Record Number: " + row): null

2023-12-08 10:58:34 - [TEST_STEP][PASSED] - today = new java.util.Date(): null

2023-12-08 10:58:34 - [TEST_STEP][PASSED] - println(today): null

2023-12-08 10:58:34 - [TEST_STEP][PASSED] - datText = today: null

2023-12-08 10:58:34 - [TEST_STEP][PASSED] - logInfo("Payment Type: " + PaymentType): Payment Type: New Tax Return Amount Due

2023-12-08 10:58:34 - [MESSAGE][INFO] - Payment Type: New Tax Return Amount Due

2023-12-08 10:58:34 - [TEST_STEP][PASSED] - logInfo("Tax Type: " + TaxType): Tax Type: Personal Income Tax

2023-12-08 10:58:34 - [MESSAGE][INFO] - Tax Type: Personal Income Tax

2023-12-08 10:58:34 - [TEST_STEP][PASSED] - openBrowser(""): Browser is opened with url: ''

2023-12-08 10:58:34 - [MESSAGE][WARNING] - A browser is already opened. Closing browser and opening a new one

2023-12-08 10:58:35 - [MESSAGE][INFO] - Starting 'Chrome' driver

2023-12-08 10:58:35 - [MESSAGE][INFO] - User set preference: ['acceptInsecureCerts', 'true']

2023-12-08 10:58:35 - [MESSAGE][INFO] - Action delay is set to 0 milliseconds

2023-12-08 10:58:36 - [MESSAGE][PASSED] - Browser is opened with url: ''

2023-12-08 10:58:36 - [TEST_STEP][PASSED] - maximizeWindow(): Current window maximized

2023-12-08 10:58:37 - [MESSAGE][PASSED] - Current window maximized

2023-12-08 10:58:37 - [TEST_STEP][PASSED] - navigateToUrl(RADurl): Navigate to 'https://qa2.velocitypayment.com/client/rad/index.html' successfully

2023-12-08 10:58:37 - [MESSAGE][PASSED] - Navigate to 'https://qa2.velocitypayment.com/client/rad/index.html' successfully

2023-12-08 10:58:37 - [TEST_STEP][PASSED] - selectOptionByLabel(findTestObject(orPath_Landing + "/dd_TaxType"), PaymentType, false): All options with label 'New Tax Return Amount Due' are selected in object 'Object Repository/RAD_Pages/Landing_Page/dd_TaxType' 

2023-12-08 10:58:39 - [MESSAGE][PASSED] - All options with label 'New Tax Return Amount Due' are selected in object 'Object Repository/RAD_Pages/Landing_Page/dd_TaxType' 

2023-12-08 10:58:39 - [TEST_STEP][PASSED] - switch (PaymentType): null

2023-12-08 10:58:39 - [TEST_STEP][PASSED] - case "New Tax Return Amount Due":: null

2023-12-08 10:58:39 - [TEST_STEP][PASSED] - selectOptionByLabel(findTestObject("Object Repository/RAD_Pages/Landing_Page/select_NewTaxReturnAmountDue_TaxType"), TaxType, false): All options with label 'Personal Income Tax' are selected in object 'Object Repository/RAD_Pages/Landing_Page/select_NewTaxReturnAmountDue_TaxType' 

2023-12-08 10:58:40 - [MESSAGE][PASSED] - All options with label 'Personal Income Tax' are selected in object 'Object Repository/RAD_Pages/Landing_Page/select_NewTaxReturnAmountDue_TaxType' 

2023-12-08 10:58:40 - [TEST_STEP][PASSED] - break: null

2023-12-08 10:58:40 - [TEST_STEP][PASSED] - if (!(FilingYear.isEmpty())): All options with label '2021' are selected in object 'Object Repository/RAD_Pages/TaxTypeFilingYear_Page/select_FilingYear' 

2023-12-08 10:58:40 - [TEST_STEP][PASSED] - selectOptionByLabel(findTestObject(orPath_TaxTypeFilingYear + "/select_FilingYear"), FilingYear, false): All options with label '2021' are selected in object 'Object Repository/RAD_Pages/TaxTypeFilingYear_Page/select_FilingYear' 

2023-12-08 10:58:41 - [MESSAGE][PASSED] - All options with label '2021' are selected in object 'Object Repository/RAD_Pages/TaxTypeFilingYear_Page/select_FilingYear' 

2023-12-08 10:58:41 - [TEST_STEP][PASSED] - setText(findTestObject(orPath_TaxPayer + "/input_firstName"), " "): Text ' ' is set on object 'Object Repository/RAD_Pages/Taxpayer_Page/input_firstName'

2023-12-08 10:58:41 - [MESSAGE][PASSED] - Text ' ' is set on object 'Object Repository/RAD_Pages/Taxpayer_Page/input_firstName'

2023-12-08 10:58:41 - [TEST_STEP][PASSED] - setText(findTestObject(orPath_TaxPayer + "/input_lastName"), " "): Text ' ' is set on object 'Object Repository/RAD_Pages/Taxpayer_Page/input_lastName'

2023-12-08 10:58:42 - [MESSAGE][PASSED] - Text ' ' is set on object 'Object Repository/RAD_Pages/Taxpayer_Page/input_lastName'

2023-12-08 10:58:42 - [TEST_STEP][PASSED] - setText(findTestObject("RAD_RecordAndPlay/input_concatSSN"), " "): Text ' ' is set on object 'Object Repository/RAD_RecordAndPlay/input_concatSSN'

2023-12-08 10:58:43 - [MESSAGE][PASSED] - Text ' ' is set on object 'Object Repository/RAD_RecordAndPlay/input_concatSSN'

2023-12-08 10:58:43 - [TEST_STEP][PASSED] - setText(findTestObject("RAD_RecordAndPlay/input_concatReSSN"), " "): Text ' ' is set on object 'Object Repository/RAD_RecordAndPlay/input_concatReSSN'

2023-12-08 10:58:43 - [MESSAGE][PASSED] - Text ' ' is set on object 'Object Repository/RAD_RecordAndPlay/input_concatReSSN'

2023-12-08 10:58:43 - [TEST_STEP][PASSED] - setText(findTestObject(orPath_AddressContact + "/input_streetAddress1"), " "): Text ' ' is set on object 'Object Repository/RAD_Pages/AddressAndContactInfo_Page/input_streetAddress1'

2023-12-08 10:58:44 - [MESSAGE][PASSED] - Text ' ' is set on object 'Object Repository/RAD_Pages/AddressAndContactInfo_Page/input_streetAddress1'

2023-12-08 10:58:44 - [TEST_STEP][PASSED] - setText(findTestObject(orPath_AddressContact + "/input_city"), " "): Text ' ' is set on object 'Object Repository/RAD_Pages/AddressAndContactInfo_Page/input_city'

2023-12-08 10:58:45 - [MESSAGE][PASSED] - Text ' ' is set on object 'Object Repository/RAD_Pages/AddressAndContactInfo_Page/input_city'

2023-12-08 10:58:45 - [TEST_STEP][PASSED] - setText(findTestObject(orPath_AddressContact + "/input_zipCode"), " "): Text ' ' is set on object 'Object Repository/RAD_Pages/AddressAndContactInfo_Page/input_zipCode'

2023-12-08 10:58:46 - [MESSAGE][PASSED] - Text ' ' is set on object 'Object Repository/RAD_Pages/AddressAndContactInfo_Page/input_zipCode'

2023-12-08 10:58:46 - [TEST_STEP][PASSED] - setText(findTestObject(orPath_AddressContact + "/input_phoneNumber"), " "): Text ' ' is set on object 'Object Repository/RAD_Pages/AddressAndContactInfo_Page/input_phoneNumber'

2023-12-08 10:58:46 - [MESSAGE][PASSED] - Text ' ' is set on object 'Object Repository/RAD_Pages/AddressAndContactInfo_Page/input_phoneNumber'

2023-12-08 10:58:46 - [TEST_STEP][PASSED] - setText(findTestObject(orPath_AddressContact + "/input_eMailAddress"), " "): Text ' ' is set on object 'Object Repository/RAD_Pages/AddressAndContactInfo_Page/input_eMailAddress'

2023-12-08 10:58:47 - [MESSAGE][PASSED] - Text ' ' is set on object 'Object Repository/RAD_Pages/AddressAndContactInfo_Page/input_eMailAddress'

2023-12-08 10:58:47 - [TEST_STEP][PASSED] - setText(findTestObject(orPath_AddressContact + "/input_reEnterEMailAddress"), " "): Text ' ' is set on object 'Object Repository/RAD_Pages/AddressAndContactInfo_Page/input_reEnterEMailAddress'

2023-12-08 10:58:48 - [MESSAGE][PASSED] - Text ' ' is set on object 'Object Repository/RAD_Pages/AddressAndContactInfo_Page/input_reEnterEMailAddress'

2023-12-08 10:58:48 - [TEST_STEP][PASSED] - resText = "Fail": null

2023-12-08 10:58:48 - [TEST_STEP][PASSED] - pages.WriteExcel.demoKey(resText, datText, resColumn, datCloumn, fileLoc, nameSheet, row): pages.WriteExcel.demoKey is PASSED

2023-12-08 10:58:48 - [MESSAGE][PASSED] - pages.WriteExcel.demoKey is PASSED

2023-12-08 10:58:48 - [TEST_STEP][PASSED] - verifyTextPresent("Enter first name", true, CONTINUE_ON_FAILURE): Text 'Enter first name' is present on page  using regular expression

2023-12-08 10:58:49 - [MESSAGE][PASSED] - Text 'Enter first name' is present on page  using regular expression

2023-12-08 10:58:49 - [TEST_STEP][PASSED] - verifyTextPresent("Enter last name", true, CONTINUE_ON_FAILURE): Text 'Enter last name' is present on page  using regular expression

2023-12-08 10:58:49 - [MESSAGE][PASSED] - Text 'Enter last name' is present on page  using regular expression

2023-12-08 10:58:49 - [TEST_STEP][PASSED] - verifyTextPresent("Please enter a valid SSN with 9 digits", true, CONTINUE_ON_FAILURE): Text 'Please enter a valid SSN with 9 digits' is present on page  using regular expression

2023-12-08 10:58:49 - [MESSAGE][PASSED] - Text 'Please enter a valid SSN with 9 digits' is present on page  using regular expression

2023-12-08 10:58:49 - [TEST_STEP][PASSED] - verifyTextPresent("Re-type SSN Validation Error", true, CONTINUE_ON_FAILURE): Text 'Re-type SSN Validation Error' is present on page  using regular expression

2023-12-08 10:58:50 - [MESSAGE][PASSED] - Text 'Re-type SSN Validation Error' is present on page  using regular expression

2023-12-08 10:58:50 - [TEST_STEP][PASSED] - verifyTextPresent("Enter address", true, CONTINUE_ON_FAILURE): Text 'Enter address' is present on page  using regular expression

2023-12-08 10:58:50 - [MESSAGE][PASSED] - Text 'Enter address' is present on page  using regular expression

2023-12-08 10:58:50 - [TEST_STEP][PASSED] - verifyTextPresent("Enter city", true, CONTINUE_ON_FAILURE): Text 'Enter city' is present on page  using regular expression

2023-12-08 10:58:50 - [MESSAGE][PASSED] - Text 'Enter city' is present on page  using regular expression

2023-12-08 10:58:50 - [TEST_STEP][PASSED] - verifyTextPresent("Enter ZIP code", true, CONTINUE_ON_FAILURE): Text 'Enter ZIP code' is present on page  using regular expression

2023-12-08 10:58:51 - [MESSAGE][PASSED] - Text 'Enter ZIP code' is present on page  using regular expression

2023-12-08 10:58:51 - [TEST_STEP][PASSED] - verifyTextPresent("Enter a valid phone number", true, CONTINUE_ON_FAILURE): Text 'Enter a valid phone number' is present on page  using regular expression

2023-12-08 10:58:51 - [MESSAGE][PASSED] - Text 'Enter a valid phone number' is present on page  using regular expression

2023-12-08 10:58:51 - [TEST_STEP][PASSED] - verifyTextPresent("Enter Email", true, CONTINUE_ON_FAILURE): Text 'Enter Email' is present on page  using regular expression

2023-12-08 10:58:51 - [MESSAGE][PASSED] - Text 'Enter Email' is present on page  using regular expression

2023-12-08 10:58:51 - [TEST_STEP][PASSED] - resText = "Pass": null

2023-12-08 10:58:51 - [TEST_STEP][PASSED] - pages.WriteExcel.demoKey(resText, datText, resColumn, datCloumn, fileLoc, nameSheet, row): pages.WriteExcel.demoKey is PASSED

2023-12-08 10:58:51 - [MESSAGE][PASSED] - pages.WriteExcel.demoKey is PASSED

2023-12-08 10:58:52 - [TEST_STEP][PASSED] - ExecuteTC = findTestData(dataFile).getValue("Execute", row): null

2023-12-08 10:58:52 - [TEST_STEP][PASSED] - TaxType = findTestData(dataFile).getValue("TaxType", row): null

2023-12-08 10:58:52 - [TEST_STEP][PASSED] - PaymentType = findTestData(dataFile).getValue("PaymentType", row): null

2023-12-08 10:58:52 - [TEST_STEP][PASSED] - FilingYear = findTestData(dataFile).getValue("Year", row): null

2023-12-08 10:58:52 - [TEST_STEP][PASSED] - if (ExecuteTC.equalsIgnoreCase("Y")): pages.WriteExcel.demoKey is PASSED

2023-12-08 10:58:52 - [TEST_STEP][PASSED] - out.println("Begin Record Number: " + row): null

2023-12-08 10:58:52 - [TEST_STEP][PASSED] - today = new java.util.Date(): null

2023-12-08 10:58:52 - [TEST_STEP][PASSED] - println(today): null

2023-12-08 10:58:52 - [TEST_STEP][PASSED] - datText = today: null

2023-12-08 10:58:52 - [TEST_STEP][PASSED] - logInfo("Payment Type: " + PaymentType): Payment Type: New Tax Return Amount Due

2023-12-08 10:58:52 - [MESSAGE][INFO] - Payment Type: New Tax Return Amount Due

2023-12-08 10:58:52 - [TEST_STEP][PASSED] - logInfo("Tax Type: " + TaxType): Tax Type: Personal Income Tax

2023-12-08 10:58:52 - [MESSAGE][INFO] - Tax Type: Personal Income Tax

2023-12-08 10:58:52 - [TEST_STEP][PASSED] - openBrowser(""): Browser is opened with url: ''

2023-12-08 10:58:52 - [MESSAGE][WARNING] - A browser is already opened. Closing browser and opening a new one

2023-12-08 10:58:53 - [MESSAGE][INFO] - Starting 'Chrome' driver

2023-12-08 10:58:53 - [MESSAGE][INFO] - User set preference: ['acceptInsecureCerts', 'true']

2023-12-08 10:58:53 - [MESSAGE][INFO] - Action delay is set to 0 milliseconds

2023-12-08 10:58:54 - [MESSAGE][PASSED] - Browser is opened with url: ''

2023-12-08 10:58:54 - [TEST_STEP][PASSED] - maximizeWindow(): Current window maximized

2023-12-08 10:58:54 - [MESSAGE][PASSED] - Current window maximized

2023-12-08 10:58:54 - [TEST_STEP][PASSED] - navigateToUrl(RADurl): Navigate to 'https://qa2.velocitypayment.com/client/rad/index.html' successfully

2023-12-08 10:58:55 - [MESSAGE][PASSED] - Navigate to 'https://qa2.velocitypayment.com/client/rad/index.html' successfully

2023-12-08 10:58:55 - [TEST_STEP][PASSED] - selectOptionByLabel(findTestObject(orPath_Landing + "/dd_TaxType"), PaymentType, false): All options with label 'New Tax Return Amount Due' are selected in object 'Object Repository/RAD_Pages/Landing_Page/dd_TaxType' 

2023-12-08 10:58:57 - [MESSAGE][PASSED] - All options with label 'New Tax Return Amount Due' are selected in object 'Object Repository/RAD_Pages/Landing_Page/dd_TaxType' 

2023-12-08 10:58:57 - [TEST_STEP][PASSED] - switch (PaymentType): null

2023-12-08 10:58:57 - [TEST_STEP][PASSED] - case "New Tax Return Amount Due":: null

2023-12-08 10:58:57 - [TEST_STEP][PASSED] - selectOptionByLabel(findTestObject("Object Repository/RAD_Pages/Landing_Page/select_NewTaxReturnAmountDue_TaxType"), TaxType, false): All options with label 'Personal Income Tax' are selected in object 'Object Repository/RAD_Pages/Landing_Page/select_NewTaxReturnAmountDue_TaxType' 

2023-12-08 10:58:57 - [MESSAGE][PASSED] - All options with label 'Personal Income Tax' are selected in object 'Object Repository/RAD_Pages/Landing_Page/select_NewTaxReturnAmountDue_TaxType' 

2023-12-08 10:58:57 - [TEST_STEP][PASSED] - break: null

2023-12-08 10:58:57 - [TEST_STEP][PASSED] - if (!(FilingYear.isEmpty())): All options with label '2020' are selected in object 'Object Repository/RAD_Pages/TaxTypeFilingYear_Page/select_FilingYear' 

2023-12-08 10:58:57 - [TEST_STEP][PASSED] - selectOptionByLabel(findTestObject(orPath_TaxTypeFilingYear + "/select_FilingYear"), FilingYear, false): All options with label '2020' are selected in object 'Object Repository/RAD_Pages/TaxTypeFilingYear_Page/select_FilingYear' 

2023-12-08 10:58:58 - [MESSAGE][PASSED] - All options with label '2020' are selected in object 'Object Repository/RAD_Pages/TaxTypeFilingYear_Page/select_FilingYear' 

2023-12-08 10:58:58 - [TEST_STEP][PASSED] - setText(findTestObject(orPath_TaxPayer + "/input_firstName"), " "): Text ' ' is set on object 'Object Repository/RAD_Pages/Taxpayer_Page/input_firstName'

2023-12-08 10:58:59 - [MESSAGE][PASSED] - Text ' ' is set on object 'Object Repository/RAD_Pages/Taxpayer_Page/input_firstName'

2023-12-08 10:58:59 - [TEST_STEP][PASSED] - setText(findTestObject(orPath_TaxPayer + "/input_lastName"), " "): Text ' ' is set on object 'Object Repository/RAD_Pages/Taxpayer_Page/input_lastName'

2023-12-08 10:59:00 - [MESSAGE][PASSED] - Text ' ' is set on object 'Object Repository/RAD_Pages/Taxpayer_Page/input_lastName'

2023-12-08 10:59:00 - [TEST_STEP][PASSED] - setText(findTestObject("RAD_RecordAndPlay/input_concatSSN"), " "): Text ' ' is set on object 'Object Repository/RAD_RecordAndPlay/input_concatSSN'

2023-12-08 10:59:00 - [MESSAGE][PASSED] - Text ' ' is set on object 'Object Repository/RAD_RecordAndPlay/input_concatSSN'

2023-12-08 10:59:00 - [TEST_STEP][PASSED] - setText(findTestObject("RAD_RecordAndPlay/input_concatReSSN"), " "): Text ' ' is set on object 'Object Repository/RAD_RecordAndPlay/input_concatReSSN'

2023-12-08 10:59:01 - [MESSAGE][PASSED] - Text ' ' is set on object 'Object Repository/RAD_RecordAndPlay/input_concatReSSN'

2023-12-08 10:59:01 - [TEST_STEP][PASSED] - setText(findTestObject(orPath_AddressContact + "/input_streetAddress1"), " "): Text ' ' is set on object 'Object Repository/RAD_Pages/AddressAndContactInfo_Page/input_streetAddress1'

2023-12-08 10:59:01 - [MESSAGE][PASSED] - Text ' ' is set on object 'Object Repository/RAD_Pages/AddressAndContactInfo_Page/input_streetAddress1'

2023-12-08 10:59:01 - [TEST_STEP][PASSED] - setText(findTestObject(orPath_AddressContact + "/input_city"), " "): Text ' ' is set on object 'Object Repository/RAD_Pages/AddressAndContactInfo_Page/input_city'

2023-12-08 10:59:02 - [MESSAGE][PASSED] - Text ' ' is set on object 'Object Repository/RAD_Pages/AddressAndContactInfo_Page/input_city'

2023-12-08 10:59:02 - [TEST_STEP][PASSED] - setText(findTestObject(orPath_AddressContact + "/input_zipCode"), " "): Text ' ' is set on object 'Object Repository/RAD_Pages/AddressAndContactInfo_Page/input_zipCode'

2023-12-08 10:59:03 - [MESSAGE][PASSED] - Text ' ' is set on object 'Object Repository/RAD_Pages/AddressAndContactInfo_Page/input_zipCode'

2023-12-08 10:59:03 - [TEST_STEP][PASSED] - setText(findTestObject(orPath_AddressContact + "/input_phoneNumber"), " "): Text ' ' is set on object 'Object Repository/RAD_Pages/AddressAndContactInfo_Page/input_phoneNumber'

2023-12-08 10:59:04 - [MESSAGE][PASSED] - Text ' ' is set on object 'Object Repository/RAD_Pages/AddressAndContactInfo_Page/input_phoneNumber'

2023-12-08 10:59:04 - [TEST_STEP][PASSED] - setText(findTestObject(orPath_AddressContact + "/input_eMailAddress"), " "): Text ' ' is set on object 'Object Repository/RAD_Pages/AddressAndContactInfo_Page/input_eMailAddress'

2023-12-08 10:59:05 - [MESSAGE][PASSED] - Text ' ' is set on object 'Object Repository/RAD_Pages/AddressAndContactInfo_Page/input_eMailAddress'

2023-12-08 10:59:05 - [TEST_STEP][PASSED] - setText(findTestObject(orPath_AddressContact + "/input_reEnterEMailAddress"), " "): Text ' ' is set on object 'Object Repository/RAD_Pages/AddressAndContactInfo_Page/input_reEnterEMailAddress'

2023-12-08 10:59:05 - [MESSAGE][PASSED] - Text ' ' is set on object 'Object Repository/RAD_Pages/AddressAndContactInfo_Page/input_reEnterEMailAddress'

2023-12-08 10:59:05 - [TEST_STEP][PASSED] - resText = "Fail": null

2023-12-08 10:59:05 - [TEST_STEP][PASSED] - pages.WriteExcel.demoKey(resText, datText, resColumn, datCloumn, fileLoc, nameSheet, row): pages.WriteExcel.demoKey is PASSED

2023-12-08 10:59:05 - [MESSAGE][PASSED] - pages.WriteExcel.demoKey is PASSED

2023-12-08 10:59:05 - [TEST_STEP][PASSED] - verifyTextPresent("Enter first name", true, CONTINUE_ON_FAILURE): Text 'Enter first name' is present on page  using regular expression

2023-12-08 10:59:06 - [MESSAGE][PASSED] - Text 'Enter first name' is present on page  using regular expression

2023-12-08 10:59:06 - [TEST_STEP][PASSED] - verifyTextPresent("Enter last name", true, CONTINUE_ON_FAILURE): Text 'Enter last name' is present on page  using regular expression

2023-12-08 10:59:06 - [MESSAGE][PASSED] - Text 'Enter last name' is present on page  using regular expression

2023-12-08 10:59:06 - [TEST_STEP][PASSED] - verifyTextPresent("Please enter a valid SSN with 9 digits", true, CONTINUE_ON_FAILURE): Text 'Please enter a valid SSN with 9 digits' is present on page  using regular expression

2023-12-08 10:59:07 - [MESSAGE][PASSED] - Text 'Please enter a valid SSN with 9 digits' is present on page  using regular expression

2023-12-08 10:59:07 - [TEST_STEP][PASSED] - verifyTextPresent("Re-type SSN Validation Error", true, CONTINUE_ON_FAILURE): Text 'Re-type SSN Validation Error' is present on page  using regular expression

2023-12-08 10:59:07 - [MESSAGE][PASSED] - Text 'Re-type SSN Validation Error' is present on page  using regular expression

2023-12-08 10:59:07 - [TEST_STEP][PASSED] - verifyTextPresent("Enter address", true, CONTINUE_ON_FAILURE): Text 'Enter address' is present on page  using regular expression

2023-12-08 10:59:07 - [MESSAGE][PASSED] - Text 'Enter address' is present on page  using regular expression

2023-12-08 10:59:07 - [TEST_STEP][PASSED] - verifyTextPresent("Enter city", true, CONTINUE_ON_FAILURE): Text 'Enter city' is present on page  using regular expression

2023-12-08 10:59:08 - [MESSAGE][PASSED] - Text 'Enter city' is present on page  using regular expression

2023-12-08 10:59:08 - [TEST_STEP][PASSED] - verifyTextPresent("Enter ZIP code", true, CONTINUE_ON_FAILURE): Text 'Enter ZIP code' is present on page  using regular expression

2023-12-08 10:59:08 - [MESSAGE][PASSED] - Text 'Enter ZIP code' is present on page  using regular expression

2023-12-08 10:59:08 - [TEST_STEP][PASSED] - verifyTextPresent("Enter a valid phone number", true, CONTINUE_ON_FAILURE): Text 'Enter a valid phone number' is present on page  using regular expression

2023-12-08 10:59:08 - [MESSAGE][PASSED] - Text 'Enter a valid phone number' is present on page  using regular expression

2023-12-08 10:59:08 - [TEST_STEP][PASSED] - verifyTextPresent("Enter Email", true, CONTINUE_ON_FAILURE): Text 'Enter Email' is present on page  using regular expression

2023-12-08 10:59:09 - [MESSAGE][PASSED] - Text 'Enter Email' is present on page  using regular expression

2023-12-08 10:59:09 - [TEST_STEP][PASSED] - resText = "Pass": null

2023-12-08 10:59:09 - [TEST_STEP][PASSED] - pages.WriteExcel.demoKey(resText, datText, resColumn, datCloumn, fileLoc, nameSheet, row): pages.WriteExcel.demoKey is PASSED

2023-12-08 10:59:09 - [MESSAGE][PASSED] - pages.WriteExcel.demoKey is PASSED]]></system-out>
         <system-err><![CDATA[]]></system-err>
      </testcase>
      <testcase name="Test Cases/RAD_TestCases/MRF_TestCases/Personal_Joint_MRF_TC" time="101.074" classname="Test Cases/RAD_TestCases/MRF_TestCases/Personal_Joint_MRF_TC" status="PASSED">
         <system-out><![CDATA[2023-12-08 10:59:09 - [TEST_CASE][PASSED] - Test Cases/RAD_TestCases/MRF_TestCases/Personal_Joint_MRF_TC: Test Cases/RAD_TestCases/MRF_TestCases/Personal_Joint_MRF_TC

2023-12-08 10:59:10 - [TEST_STEP][PASSED] - resText = "Fail": null

2023-12-08 10:59:10 - [TEST_STEP][PASSED] - resColumn = "Result": null

2023-12-08 10:59:10 - [TEST_STEP][PASSED] - datCloumn = "Date": null

2023-12-08 10:59:10 - [TEST_STEP][PASSED] - fileLoc = "KatalonData/RADTestData/MRF.xlsx": null

2023-12-08 10:59:10 - [TEST_STEP][PASSED] - nameSheet = "Personal_JNT": null

2023-12-08 10:59:10 - [TEST_STEP][PASSED] - dataFile = "RADTestData/MRF_Personal_JNT": null

2023-12-08 10:59:10 - [TEST_STEP][PASSED] - orPath_Landing = "Object Repository/RAD_Pages/Landing_Page": null

2023-12-08 10:59:10 - [TEST_STEP][PASSED] - orPath_TaxTypeFilingYear = "Object Repository/RAD_Pages/TaxTypeFilingYear_Page": null

2023-12-08 10:59:10 - [TEST_STEP][PASSED] - orPath_Amount = "Object Repository/RAD_Pages/PaymentAmount_Page": null

2023-12-08 10:59:10 - [TEST_STEP][PASSED] - orPath_AddressContact = "Object Repository/RAD_Pages/AddressAndContactInfo_Page": null

2023-12-08 10:59:10 - [TEST_STEP][PASSED] - orPath_Summary = "Object Repository/RAD_Pages/Summary_Page": null

2023-12-08 10:59:10 - [TEST_STEP][PASSED] - orPath_PaymentConfirmation = "Object Repository/RAD_Pages/PaymentConfirmation_Page": null

2023-12-08 10:59:10 - [TEST_STEP][PASSED] - orPath_ServiceFeesAccept = "Object Repository/RAD_Pages/ServiceFeeAccept_Page": null

2023-12-08 10:59:10 - [TEST_STEP][PASSED] - orPath_PaymentEntry = "Object Repository/RAD_Pages/PaymentEntry_Page": null

2023-12-08 10:59:10 - [TEST_STEP][PASSED] - orPath_FilingStatus = "Object Repository/RAD_Pages/FilingStatus_Page": null

2023-12-08 10:59:10 - [TEST_STEP][PASSED] - orPath_TaxPayer = "Object Repository/RAD_Pages/Taxpayer_Page": null

2023-12-08 10:59:10 - [TEST_STEP][PASSED] - ExecuteTC = <not implemented yet for class: org.codehaus.groovy.ast.expr.EmptyExpression>: null

2023-12-08 10:59:10 - [TEST_STEP][PASSED] - TaxType = <not implemented yet for class: org.codehaus.groovy.ast.expr.EmptyExpression>: null

2023-12-08 10:59:10 - [TEST_STEP][PASSED] - PaymentType = <not implemented yet for class: org.codehaus.groovy.ast.expr.EmptyExpression>: null

2023-12-08 10:59:10 - [TEST_STEP][PASSED] - FilingYear = <not implemented yet for class: org.codehaus.groovy.ast.expr.EmptyExpression>: null

2023-12-08 10:59:10 - [TEST_STEP][PASSED] - PeriodEndingMonth = <not implemented yet for class: org.codehaus.groovy.ast.expr.EmptyExpression>: null

2023-12-08 10:59:10 - [TEST_STEP][PASSED] - executionProfile = getExecutionProfile(): null

2023-12-08 10:59:10 - [TEST_STEP][PASSED] - numOfRows = findTestData(dataFile).getRowNumbers(): null

2023-12-08 10:59:10 - [TEST_STEP][PASSED] - println("Number of Records: " + numOfRows): null

2023-12-08 10:59:10 - [TEST_STEP][PASSED] - for ([row = 1, row <= numOfRows, (row++)]): pages.WriteExcel.demoKey is PASSED

2023-12-08 10:59:10 - [TEST_STEP][PASSED] - ExecuteTC = findTestData(dataFile).getValue("Execute", row): null

2023-12-08 10:59:10 - [TEST_STEP][PASSED] - TaxType = findTestData(dataFile).getValue("TaxType", row): null

2023-12-08 10:59:10 - [TEST_STEP][PASSED] - PaymentType = findTestData(dataFile).getValue("PaymentType", row): null

2023-12-08 10:59:10 - [TEST_STEP][PASSED] - FilingYear = findTestData(dataFile).getValue("Year", row): null

2023-12-08 10:59:10 - [TEST_STEP][PASSED] - if (ExecuteTC.equalsIgnoreCase("Y")): pages.WriteExcel.demoKey is PASSED

2023-12-08 10:59:10 - [TEST_STEP][PASSED] - out.println("Begin Record Number: " + row): null

2023-12-08 10:59:10 - [TEST_STEP][PASSED] - today = new java.util.Date(): null

2023-12-08 10:59:10 - [TEST_STEP][PASSED] - println(today): null

2023-12-08 10:59:10 - [TEST_STEP][PASSED] - datText = today: null

2023-12-08 10:59:10 - [TEST_STEP][PASSED] - logInfo("Payment Type: " + PaymentType): Payment Type: Quarterly Estimated Tax

2023-12-08 10:59:10 - [MESSAGE][INFO] - Payment Type: Quarterly Estimated Tax

2023-12-08 10:59:10 - [TEST_STEP][PASSED] - logInfo("Tax Type: " + TaxType): Tax Type: Personal Income Tax

2023-12-08 10:59:10 - [MESSAGE][INFO] - Tax Type: Personal Income Tax

2023-12-08 10:59:10 - [TEST_STEP][PASSED] - openBrowser(""): Browser is opened with url: ''

2023-12-08 10:59:10 - [MESSAGE][WARNING] - A browser is already opened. Closing browser and opening a new one

2023-12-08 10:59:11 - [MESSAGE][INFO] - Starting 'Chrome' driver

2023-12-08 10:59:11 - [MESSAGE][INFO] - User set preference: ['acceptInsecureCerts', 'true']

2023-12-08 10:59:11 - [MESSAGE][INFO] - Action delay is set to 0 milliseconds

2023-12-08 10:59:13 - [MESSAGE][PASSED] - Browser is opened with url: ''

2023-12-08 10:59:13 - [TEST_STEP][PASSED] - maximizeWindow(): Current window maximized

2023-12-08 10:59:13 - [MESSAGE][PASSED] - Current window maximized

2023-12-08 10:59:13 - [TEST_STEP][PASSED] - navigateToUrl(RADurl): Navigate to 'https://qa2.velocitypayment.com/client/rad/index.html' successfully

2023-12-08 10:59:15 - [MESSAGE][PASSED] - Navigate to 'https://qa2.velocitypayment.com/client/rad/index.html' successfully

2023-12-08 10:59:15 - [TEST_STEP][PASSED] - selectOptionByLabel(findTestObject(orPath_Landing + "/dd_TaxType"), PaymentType, false): All options with label 'Quarterly Estimated Tax' are selected in object 'Object Repository/RAD_Pages/Landing_Page/dd_TaxType' 

2023-12-08 10:59:15 - [MESSAGE][PASSED] - All options with label 'Quarterly Estimated Tax' are selected in object 'Object Repository/RAD_Pages/Landing_Page/dd_TaxType' 

2023-12-08 10:59:15 - [TEST_STEP][PASSED] - switch (PaymentType): null

2023-12-08 10:59:15 - [TEST_STEP][PASSED] - case "Quarterly Estimated Tax":: null

2023-12-08 10:59:15 - [TEST_STEP][PASSED] - selectOptionByLabel(findTestObject(orPath_TaxTypeFilingYear + "/select_PaymentType"), TaxType, false): All options with label 'Personal Income Tax' are selected in object 'Object Repository/RAD_Pages/TaxTypeFilingYear_Page/select_PaymentType' 

2023-12-08 10:59:16 - [MESSAGE][PASSED] - All options with label 'Personal Income Tax' are selected in object 'Object Repository/RAD_Pages/TaxTypeFilingYear_Page/select_PaymentType' 

2023-12-08 10:59:16 - [TEST_STEP][PASSED] - break: null

2023-12-08 10:59:16 - [TEST_STEP][PASSED] - if (!(FilingYear.isEmpty())): All options with label '2023' are selected in object 'Object Repository/RAD_Pages/TaxTypeFilingYear_Page/select_FilingYear' 

2023-12-08 10:59:16 - [TEST_STEP][PASSED] - selectOptionByLabel(findTestObject(orPath_TaxTypeFilingYear + "/select_FilingYear"), FilingYear, false): All options with label '2023' are selected in object 'Object Repository/RAD_Pages/TaxTypeFilingYear_Page/select_FilingYear' 

2023-12-08 10:59:17 - [MESSAGE][PASSED] - All options with label '2023' are selected in object 'Object Repository/RAD_Pages/TaxTypeFilingYear_Page/select_FilingYear' 

2023-12-08 10:59:17 - [TEST_STEP][PASSED] - setText(findTestObject(orPath_TaxPayer + "/input_firstName"), " "): Text ' ' is set on object 'Object Repository/RAD_Pages/Taxpayer_Page/input_firstName'

2023-12-08 10:59:17 - [MESSAGE][PASSED] - Text ' ' is set on object 'Object Repository/RAD_Pages/Taxpayer_Page/input_firstName'

2023-12-08 10:59:17 - [TEST_STEP][PASSED] - setText(findTestObject(orPath_TaxPayer + "/input_lastName"), " "): Text ' ' is set on object 'Object Repository/RAD_Pages/Taxpayer_Page/input_lastName'

2023-12-08 10:59:18 - [MESSAGE][PASSED] - Text ' ' is set on object 'Object Repository/RAD_Pages/Taxpayer_Page/input_lastName'

2023-12-08 10:59:18 - [TEST_STEP][PASSED] - setText(findTestObject("RAD_RecordAndPlay/input_concatSSN"), " "): Text ' ' is set on object 'Object Repository/RAD_RecordAndPlay/input_concatSSN'

2023-12-08 10:59:19 - [MESSAGE][PASSED] - Text ' ' is set on object 'Object Repository/RAD_RecordAndPlay/input_concatSSN'

2023-12-08 10:59:19 - [TEST_STEP][PASSED] - setText(findTestObject("RAD_RecordAndPlay/input_concatReSSN"), " "): Text ' ' is set on object 'Object Repository/RAD_RecordAndPlay/input_concatReSSN'

2023-12-08 10:59:19 - [MESSAGE][PASSED] - Text ' ' is set on object 'Object Repository/RAD_RecordAndPlay/input_concatReSSN'

2023-12-08 10:59:19 - [TEST_STEP][PASSED] - setText(findTestObject(orPath_AddressContact + "/input_streetAddress1"), " "): Text ' ' is set on object 'Object Repository/RAD_Pages/AddressAndContactInfo_Page/input_streetAddress1'

2023-12-08 10:59:20 - [MESSAGE][PASSED] - Text ' ' is set on object 'Object Repository/RAD_Pages/AddressAndContactInfo_Page/input_streetAddress1'

2023-12-08 10:59:20 - [TEST_STEP][PASSED] - setText(findTestObject(orPath_AddressContact + "/input_city"), " "): Text ' ' is set on object 'Object Repository/RAD_Pages/AddressAndContactInfo_Page/input_city'

2023-12-08 10:59:21 - [MESSAGE][PASSED] - Text ' ' is set on object 'Object Repository/RAD_Pages/AddressAndContactInfo_Page/input_city'

2023-12-08 10:59:21 - [TEST_STEP][PASSED] - setText(findTestObject(orPath_AddressContact + "/input_zipCode"), " "): Text ' ' is set on object 'Object Repository/RAD_Pages/AddressAndContactInfo_Page/input_zipCode'

2023-12-08 10:59:22 - [MESSAGE][PASSED] - Text ' ' is set on object 'Object Repository/RAD_Pages/AddressAndContactInfo_Page/input_zipCode'

2023-12-08 10:59:22 - [TEST_STEP][PASSED] - setText(findTestObject(orPath_AddressContact + "/input_phoneNumber"), " "): Text ' ' is set on object 'Object Repository/RAD_Pages/AddressAndContactInfo_Page/input_phoneNumber'

2023-12-08 10:59:23 - [MESSAGE][PASSED] - Text ' ' is set on object 'Object Repository/RAD_Pages/AddressAndContactInfo_Page/input_phoneNumber'

2023-12-08 10:59:23 - [TEST_STEP][PASSED] - setText(findTestObject(orPath_AddressContact + "/input_eMailAddress"), " "): Text ' ' is set on object 'Object Repository/RAD_Pages/AddressAndContactInfo_Page/input_eMailAddress'

2023-12-08 10:59:23 - [MESSAGE][PASSED] - Text ' ' is set on object 'Object Repository/RAD_Pages/AddressAndContactInfo_Page/input_eMailAddress'

2023-12-08 10:59:23 - [TEST_STEP][PASSED] - setText(findTestObject(orPath_AddressContact + "/input_reEnterEMailAddress"), " "): Text ' ' is set on object 'Object Repository/RAD_Pages/AddressAndContactInfo_Page/input_reEnterEMailAddress'

2023-12-08 10:59:24 - [MESSAGE][PASSED] - Text ' ' is set on object 'Object Repository/RAD_Pages/AddressAndContactInfo_Page/input_reEnterEMailAddress'

2023-12-08 10:59:24 - [TEST_STEP][PASSED] - scrollToElement(findTestObject(orPath_Landing + "/button_Continue"), 3): Scroll to object 'Object Repository/RAD_Pages/Landing_Page/button_Continue' successfully

2023-12-08 10:59:25 - [MESSAGE][PASSED] - Scroll to object 'Object Repository/RAD_Pages/Landing_Page/button_Continue' successfully

2023-12-08 10:59:25 - [TEST_STEP][PASSED] - waitForElementClickable(findTestObject(orPath_FilingStatus + "/input_JointFiling_userType_New"), 5): Object 'Object Repository/RAD_Pages/FilingStatus_Page/input_JointFiling_userType_New' is clickable

2023-12-08 10:59:25 - [MESSAGE][PASSED] - Object 'Object Repository/RAD_Pages/FilingStatus_Page/input_JointFiling_userType_New' is clickable

2023-12-08 10:59:25 - [TEST_STEP][PASSED] - check(findTestObject(orPath_FilingStatus + "/input_JointFiling_userType_New")): Object 'Object Repository/RAD_Pages/FilingStatus_Page/input_JointFiling_userType_New' is checked

2023-12-08 10:59:25 - [MESSAGE][PASSED] - Object 'Object Repository/RAD_Pages/FilingStatus_Page/input_JointFiling_userType_New' is checked

2023-12-08 10:59:25 - [TEST_STEP][PASSED] - delay(2): Delayed 2 second(s)

2023-12-08 10:59:27 - [MESSAGE][PASSED] - Delayed 2 second(s)

2023-12-08 10:59:27 - [TEST_STEP][PASSED] - setText(findTestObject(orPath_FilingStatus + "/input_jointFirstName"), " "): Text ' ' is set on object 'Object Repository/RAD_Pages/FilingStatus_Page/input_jointFirstName'

2023-12-08 10:59:28 - [MESSAGE][PASSED] - Text ' ' is set on object 'Object Repository/RAD_Pages/FilingStatus_Page/input_jointFirstName'

2023-12-08 10:59:28 - [TEST_STEP][PASSED] - setText(findTestObject(orPath_FilingStatus + "/input_jointLastName"), " "): Text ' ' is set on object 'Object Repository/RAD_Pages/FilingStatus_Page/input_jointLastName'

2023-12-08 10:59:29 - [MESSAGE][PASSED] - Text ' ' is set on object 'Object Repository/RAD_Pages/FilingStatus_Page/input_jointLastName'

2023-12-08 10:59:29 - [TEST_STEP][PASSED] - setText(findTestObject("Object Repository/RAD_RecordAndPlay/input_JointFilerSSN"), " "): Text ' ' is set on object 'Object Repository/RAD_RecordAndPlay/input_JointFilerSSN'

2023-12-08 10:59:29 - [MESSAGE][PASSED] - Text ' ' is set on object 'Object Repository/RAD_RecordAndPlay/input_JointFilerSSN'

2023-12-08 10:59:29 - [TEST_STEP][PASSED] - setText(findTestObject("Object Repository/RAD_RecordAndPlay/input_reTypeJointFilerSSN"), " "): Text ' ' is set on object 'Object Repository/RAD_RecordAndPlay/input_reTypeJointFilerSSN'

2023-12-08 10:59:30 - [MESSAGE][PASSED] - Text ' ' is set on object 'Object Repository/RAD_RecordAndPlay/input_reTypeJointFilerSSN'

2023-12-08 10:59:30 - [TEST_STEP][PASSED] - resText = "Fail": null

2023-12-08 10:59:30 - [TEST_STEP][PASSED] - pages.WriteExcel.demoKey(resText, datText, resColumn, datCloumn, fileLoc, nameSheet, row): pages.WriteExcel.demoKey is PASSED

2023-12-08 10:59:30 - [MESSAGE][PASSED] - pages.WriteExcel.demoKey is PASSED

2023-12-08 10:59:30 - [TEST_STEP][PASSED] - verifyTextPresent("Enter first name", true, CONTINUE_ON_FAILURE): Text 'Enter first name' is present on page  using regular expression

2023-12-08 10:59:30 - [MESSAGE][PASSED] - Text 'Enter first name' is present on page  using regular expression

2023-12-08 10:59:30 - [TEST_STEP][PASSED] - verifyTextPresent("Enter last name", true, CONTINUE_ON_FAILURE): Text 'Enter last name' is present on page  using regular expression

2023-12-08 10:59:31 - [MESSAGE][PASSED] - Text 'Enter last name' is present on page  using regular expression

2023-12-08 10:59:31 - [TEST_STEP][PASSED] - verifyTextPresent("Please enter a valid SSN with 9 digits", true, CONTINUE_ON_FAILURE): Text 'Please enter a valid SSN with 9 digits' is present on page  using regular expression

2023-12-08 10:59:31 - [MESSAGE][PASSED] - Text 'Please enter a valid SSN with 9 digits' is present on page  using regular expression

2023-12-08 10:59:31 - [TEST_STEP][PASSED] - verifyTextPresent("Re-type SSN Validation Error", true, CONTINUE_ON_FAILURE): Text 'Re-type SSN Validation Error' is present on page  using regular expression

2023-12-08 10:59:31 - [MESSAGE][PASSED] - Text 'Re-type SSN Validation Error' is present on page  using regular expression

2023-12-08 10:59:31 - [TEST_STEP][PASSED] - verifyTextPresent("Enter address", true, CONTINUE_ON_FAILURE): Text 'Enter address' is present on page  using regular expression

2023-12-08 10:59:32 - [MESSAGE][PASSED] - Text 'Enter address' is present on page  using regular expression

2023-12-08 10:59:32 - [TEST_STEP][PASSED] - verifyTextPresent("Enter city", true, CONTINUE_ON_FAILURE): Text 'Enter city' is present on page  using regular expression

2023-12-08 10:59:32 - [MESSAGE][PASSED] - Text 'Enter city' is present on page  using regular expression

2023-12-08 10:59:32 - [TEST_STEP][PASSED] - verifyTextPresent("Enter ZIP code", true, CONTINUE_ON_FAILURE): Text 'Enter ZIP code' is present on page  using regular expression

2023-12-08 10:59:33 - [MESSAGE][PASSED] - Text 'Enter ZIP code' is present on page  using regular expression

2023-12-08 10:59:33 - [TEST_STEP][PASSED] - verifyTextPresent("Enter a valid phone number", true, CONTINUE_ON_FAILURE): Text 'Enter a valid phone number' is present on page  using regular expression

2023-12-08 10:59:33 - [MESSAGE][PASSED] - Text 'Enter a valid phone number' is present on page  using regular expression

2023-12-08 10:59:33 - [TEST_STEP][PASSED] - verifyTextPresent("Enter Email", true, CONTINUE_ON_FAILURE): Text 'Enter Email' is present on page  using regular expression

2023-12-08 10:59:33 - [MESSAGE][PASSED] - Text 'Enter Email' is present on page  using regular expression

2023-12-08 10:59:33 - [TEST_STEP][PASSED] - verifyTextPresent("Enter joint payer first name", true, CONTINUE_ON_FAILURE): Text 'Enter joint payer first name' is present on page  using regular expression

2023-12-08 10:59:34 - [MESSAGE][PASSED] - Text 'Enter joint payer first name' is present on page  using regular expression

2023-12-08 10:59:34 - [TEST_STEP][PASSED] - verifyTextPresent("Enter joint payer last name", true, CONTINUE_ON_FAILURE): Text 'Enter joint payer last name' is present on page  using regular expression

2023-12-08 10:59:34 - [MESSAGE][PASSED] - Text 'Enter joint payer last name' is present on page  using regular expression

2023-12-08 10:59:34 - [TEST_STEP][PASSED] - verifyTextPresent("Please enter a valid SSN with 9 digits", true, CONTINUE_ON_FAILURE): Text 'Please enter a valid SSN with 9 digits' is present on page  using regular expression

2023-12-08 10:59:34 - [MESSAGE][PASSED] - Text 'Please enter a valid SSN with 9 digits' is present on page  using regular expression

2023-12-08 10:59:34 - [TEST_STEP][PASSED] - verifyTextPresent("Re-type SSN Validation Error", true, CONTINUE_ON_FAILURE): Text 'Re-type SSN Validation Error' is present on page  using regular expression

2023-12-08 10:59:35 - [MESSAGE][PASSED] - Text 'Re-type SSN Validation Error' is present on page  using regular expression

2023-12-08 10:59:35 - [TEST_STEP][PASSED] - resText = "Pass": null

2023-12-08 10:59:35 - [TEST_STEP][PASSED] - pages.WriteExcel.demoKey(resText, datText, resColumn, datCloumn, fileLoc, nameSheet, row): pages.WriteExcel.demoKey is PASSED

2023-12-08 10:59:35 - [MESSAGE][PASSED] - pages.WriteExcel.demoKey is PASSED

2023-12-08 10:59:35 - [TEST_STEP][PASSED] - ExecuteTC = findTestData(dataFile).getValue("Execute", row): null

2023-12-08 10:59:35 - [TEST_STEP][PASSED] - TaxType = findTestData(dataFile).getValue("TaxType", row): null

2023-12-08 10:59:35 - [TEST_STEP][PASSED] - PaymentType = findTestData(dataFile).getValue("PaymentType", row): null

2023-12-08 10:59:35 - [TEST_STEP][PASSED] - FilingYear = findTestData(dataFile).getValue("Year", row): null

2023-12-08 10:59:35 - [TEST_STEP][PASSED] - if (ExecuteTC.equalsIgnoreCase("Y")): null

2023-12-08 10:59:35 - [TEST_STEP][PASSED] - ExecuteTC = findTestData(dataFile).getValue("Execute", row): null

2023-12-08 10:59:35 - [TEST_STEP][PASSED] - TaxType = findTestData(dataFile).getValue("TaxType", row): null

2023-12-08 10:59:35 - [TEST_STEP][PASSED] - PaymentType = findTestData(dataFile).getValue("PaymentType", row): null

2023-12-08 10:59:35 - [TEST_STEP][PASSED] - FilingYear = findTestData(dataFile).getValue("Year", row): null

2023-12-08 10:59:35 - [TEST_STEP][PASSED] - if (ExecuteTC.equalsIgnoreCase("Y")): pages.WriteExcel.demoKey is PASSED

2023-12-08 10:59:35 - [TEST_STEP][PASSED] - out.println("Begin Record Number: " + row): null

2023-12-08 10:59:35 - [TEST_STEP][PASSED] - today = new java.util.Date(): null

2023-12-08 10:59:35 - [TEST_STEP][PASSED] - println(today): null

2023-12-08 10:59:35 - [TEST_STEP][PASSED] - datText = today: null

2023-12-08 10:59:35 - [TEST_STEP][PASSED] - logInfo("Payment Type: " + PaymentType): Payment Type: New Tax Return Amount Due

2023-12-08 10:59:35 - [MESSAGE][INFO] - Payment Type: New Tax Return Amount Due

2023-12-08 10:59:35 - [TEST_STEP][PASSED] - logInfo("Tax Type: " + TaxType): Tax Type: Personal Income Tax

2023-12-08 10:59:35 - [MESSAGE][INFO] - Tax Type: Personal Income Tax

2023-12-08 10:59:35 - [TEST_STEP][PASSED] - openBrowser(""): Browser is opened with url: ''

2023-12-08 10:59:35 - [MESSAGE][WARNING] - A browser is already opened. Closing browser and opening a new one

2023-12-08 10:59:36 - [MESSAGE][INFO] - Starting 'Chrome' driver

2023-12-08 10:59:36 - [MESSAGE][INFO] - User set preference: ['acceptInsecureCerts', 'true']

2023-12-08 10:59:36 - [MESSAGE][INFO] - Action delay is set to 0 milliseconds

2023-12-08 10:59:38 - [MESSAGE][PASSED] - Browser is opened with url: ''

2023-12-08 10:59:38 - [TEST_STEP][PASSED] - maximizeWindow(): Current window maximized

2023-12-08 10:59:38 - [MESSAGE][PASSED] - Current window maximized

2023-12-08 10:59:38 - [TEST_STEP][PASSED] - navigateToUrl(RADurl): Navigate to 'https://qa2.velocitypayment.com/client/rad/index.html' successfully

2023-12-08 10:59:40 - [MESSAGE][PASSED] - Navigate to 'https://qa2.velocitypayment.com/client/rad/index.html' successfully

2023-12-08 10:59:40 - [TEST_STEP][PASSED] - selectOptionByLabel(findTestObject(orPath_Landing + "/dd_TaxType"), PaymentType, false): All options with label 'New Tax Return Amount Due' are selected in object 'Object Repository/RAD_Pages/Landing_Page/dd_TaxType' 

2023-12-08 10:59:41 - [MESSAGE][PASSED] - All options with label 'New Tax Return Amount Due' are selected in object 'Object Repository/RAD_Pages/Landing_Page/dd_TaxType' 

2023-12-08 10:59:41 - [TEST_STEP][PASSED] - switch (PaymentType): null

2023-12-08 10:59:41 - [TEST_STEP][PASSED] - case "New Tax Return Amount Due":: null

2023-12-08 10:59:41 - [TEST_STEP][PASSED] - selectOptionByLabel(findTestObject("Object Repository/RAD_Pages/Landing_Page/select_NewTaxReturnAmountDue_TaxType"), TaxType, false): All options with label 'Personal Income Tax' are selected in object 'Object Repository/RAD_Pages/Landing_Page/select_NewTaxReturnAmountDue_TaxType' 

2023-12-08 10:59:41 - [MESSAGE][PASSED] - All options with label 'Personal Income Tax' are selected in object 'Object Repository/RAD_Pages/Landing_Page/select_NewTaxReturnAmountDue_TaxType' 

2023-12-08 10:59:41 - [TEST_STEP][PASSED] - break: null

2023-12-08 10:59:41 - [TEST_STEP][PASSED] - if (!(FilingYear.isEmpty())): All options with label '2022' are selected in object 'Object Repository/RAD_Pages/TaxTypeFilingYear_Page/select_FilingYear' 

2023-12-08 10:59:41 - [TEST_STEP][PASSED] - selectOptionByLabel(findTestObject(orPath_TaxTypeFilingYear + "/select_FilingYear"), FilingYear, false): All options with label '2022' are selected in object 'Object Repository/RAD_Pages/TaxTypeFilingYear_Page/select_FilingYear' 

2023-12-08 10:59:42 - [MESSAGE][PASSED] - All options with label '2022' are selected in object 'Object Repository/RAD_Pages/TaxTypeFilingYear_Page/select_FilingYear' 

2023-12-08 10:59:42 - [TEST_STEP][PASSED] - setText(findTestObject(orPath_TaxPayer + "/input_firstName"), " "): Text ' ' is set on object 'Object Repository/RAD_Pages/Taxpayer_Page/input_firstName'

2023-12-08 10:59:43 - [MESSAGE][PASSED] - Text ' ' is set on object 'Object Repository/RAD_Pages/Taxpayer_Page/input_firstName'

2023-12-08 10:59:43 - [TEST_STEP][PASSED] - setText(findTestObject(orPath_TaxPayer + "/input_lastName"), " "): Text ' ' is set on object 'Object Repository/RAD_Pages/Taxpayer_Page/input_lastName'

2023-12-08 10:59:43 - [MESSAGE][PASSED] - Text ' ' is set on object 'Object Repository/RAD_Pages/Taxpayer_Page/input_lastName'

2023-12-08 10:59:43 - [TEST_STEP][PASSED] - setText(findTestObject("RAD_RecordAndPlay/input_concatSSN"), " "): Text ' ' is set on object 'Object Repository/RAD_RecordAndPlay/input_concatSSN'

2023-12-08 10:59:44 - [MESSAGE][PASSED] - Text ' ' is set on object 'Object Repository/RAD_RecordAndPlay/input_concatSSN'

2023-12-08 10:59:44 - [TEST_STEP][PASSED] - setText(findTestObject("RAD_RecordAndPlay/input_concatReSSN"), " "): Text ' ' is set on object 'Object Repository/RAD_RecordAndPlay/input_concatReSSN'

2023-12-08 10:59:45 - [MESSAGE][PASSED] - Text ' ' is set on object 'Object Repository/RAD_RecordAndPlay/input_concatReSSN'

2023-12-08 10:59:45 - [TEST_STEP][PASSED] - setText(findTestObject(orPath_AddressContact + "/input_streetAddress1"), " "): Text ' ' is set on object 'Object Repository/RAD_Pages/AddressAndContactInfo_Page/input_streetAddress1'

2023-12-08 10:59:45 - [MESSAGE][PASSED] - Text ' ' is set on object 'Object Repository/RAD_Pages/AddressAndContactInfo_Page/input_streetAddress1'

2023-12-08 10:59:45 - [TEST_STEP][PASSED] - setText(findTestObject(orPath_AddressContact + "/input_city"), " "): Text ' ' is set on object 'Object Repository/RAD_Pages/AddressAndContactInfo_Page/input_city'

2023-12-08 10:59:46 - [MESSAGE][PASSED] - Text ' ' is set on object 'Object Repository/RAD_Pages/AddressAndContactInfo_Page/input_city'

2023-12-08 10:59:46 - [TEST_STEP][PASSED] - setText(findTestObject(orPath_AddressContact + "/input_zipCode"), " "): Text ' ' is set on object 'Object Repository/RAD_Pages/AddressAndContactInfo_Page/input_zipCode'

2023-12-08 10:59:47 - [MESSAGE][PASSED] - Text ' ' is set on object 'Object Repository/RAD_Pages/AddressAndContactInfo_Page/input_zipCode'

2023-12-08 10:59:47 - [TEST_STEP][PASSED] - setText(findTestObject(orPath_AddressContact + "/input_phoneNumber"), " "): Text ' ' is set on object 'Object Repository/RAD_Pages/AddressAndContactInfo_Page/input_phoneNumber'

2023-12-08 10:59:48 - [MESSAGE][PASSED] - Text ' ' is set on object 'Object Repository/RAD_Pages/AddressAndContactInfo_Page/input_phoneNumber'

2023-12-08 10:59:48 - [TEST_STEP][PASSED] - setText(findTestObject(orPath_AddressContact + "/input_eMailAddress"), " "): Text ' ' is set on object 'Object Repository/RAD_Pages/AddressAndContactInfo_Page/input_eMailAddress'

2023-12-08 10:59:49 - [MESSAGE][PASSED] - Text ' ' is set on object 'Object Repository/RAD_Pages/AddressAndContactInfo_Page/input_eMailAddress'

2023-12-08 10:59:49 - [TEST_STEP][PASSED] - setText(findTestObject(orPath_AddressContact + "/input_reEnterEMailAddress"), " "): Text ' ' is set on object 'Object Repository/RAD_Pages/AddressAndContactInfo_Page/input_reEnterEMailAddress'

2023-12-08 10:59:49 - [MESSAGE][PASSED] - Text ' ' is set on object 'Object Repository/RAD_Pages/AddressAndContactInfo_Page/input_reEnterEMailAddress'

2023-12-08 10:59:49 - [TEST_STEP][PASSED] - scrollToElement(findTestObject(orPath_Landing + "/button_Continue"), 3): Scroll to object 'Object Repository/RAD_Pages/Landing_Page/button_Continue' successfully

2023-12-08 10:59:50 - [MESSAGE][PASSED] - Scroll to object 'Object Repository/RAD_Pages/Landing_Page/button_Continue' successfully

2023-12-08 10:59:50 - [TEST_STEP][PASSED] - waitForElementClickable(findTestObject(orPath_FilingStatus + "/input_JointFiling_userType_New"), 5): Object 'Object Repository/RAD_Pages/FilingStatus_Page/input_JointFiling_userType_New' is clickable

2023-12-08 10:59:50 - [MESSAGE][PASSED] - Object 'Object Repository/RAD_Pages/FilingStatus_Page/input_JointFiling_userType_New' is clickable

2023-12-08 10:59:50 - [TEST_STEP][PASSED] - check(findTestObject(orPath_FilingStatus + "/input_JointFiling_userType_New")): Object 'Object Repository/RAD_Pages/FilingStatus_Page/input_JointFiling_userType_New' is checked

2023-12-08 10:59:51 - [MESSAGE][PASSED] - Object 'Object Repository/RAD_Pages/FilingStatus_Page/input_JointFiling_userType_New' is checked

2023-12-08 10:59:51 - [TEST_STEP][PASSED] - delay(2): Delayed 2 second(s)

2023-12-08 10:59:53 - [MESSAGE][PASSED] - Delayed 2 second(s)

2023-12-08 10:59:53 - [TEST_STEP][PASSED] - setText(findTestObject(orPath_FilingStatus + "/input_jointFirstName"), " "): Text ' ' is set on object 'Object Repository/RAD_Pages/FilingStatus_Page/input_jointFirstName'

2023-12-08 10:59:53 - [MESSAGE][PASSED] - Text ' ' is set on object 'Object Repository/RAD_Pages/FilingStatus_Page/input_jointFirstName'

2023-12-08 10:59:53 - [TEST_STEP][PASSED] - setText(findTestObject(orPath_FilingStatus + "/input_jointLastName"), " "): Text ' ' is set on object 'Object Repository/RAD_Pages/FilingStatus_Page/input_jointLastName'

2023-12-08 10:59:54 - [MESSAGE][PASSED] - Text ' ' is set on object 'Object Repository/RAD_Pages/FilingStatus_Page/input_jointLastName'

2023-12-08 10:59:54 - [TEST_STEP][PASSED] - setText(findTestObject("Object Repository/RAD_RecordAndPlay/input_JointFilerSSN"), " "): Text ' ' is set on object 'Object Repository/RAD_RecordAndPlay/input_JointFilerSSN'

2023-12-08 10:59:55 - [MESSAGE][PASSED] - Text ' ' is set on object 'Object Repository/RAD_RecordAndPlay/input_JointFilerSSN'

2023-12-08 10:59:55 - [TEST_STEP][PASSED] - setText(findTestObject("Object Repository/RAD_RecordAndPlay/input_reTypeJointFilerSSN"), " "): Text ' ' is set on object 'Object Repository/RAD_RecordAndPlay/input_reTypeJointFilerSSN'

2023-12-08 10:59:55 - [MESSAGE][PASSED] - Text ' ' is set on object 'Object Repository/RAD_RecordAndPlay/input_reTypeJointFilerSSN'

2023-12-08 10:59:55 - [TEST_STEP][PASSED] - resText = "Fail": null

2023-12-08 10:59:55 - [TEST_STEP][PASSED] - pages.WriteExcel.demoKey(resText, datText, resColumn, datCloumn, fileLoc, nameSheet, row): pages.WriteExcel.demoKey is PASSED

2023-12-08 10:59:55 - [MESSAGE][PASSED] - pages.WriteExcel.demoKey is PASSED

2023-12-08 10:59:55 - [TEST_STEP][PASSED] - verifyTextPresent("Enter first name", true, CONTINUE_ON_FAILURE): Text 'Enter first name' is present on page  using regular expression

2023-12-08 10:59:56 - [MESSAGE][PASSED] - Text 'Enter first name' is present on page  using regular expression

2023-12-08 10:59:56 - [TEST_STEP][PASSED] - verifyTextPresent("Enter last name", true, CONTINUE_ON_FAILURE): Text 'Enter last name' is present on page  using regular expression

2023-12-08 10:59:56 - [MESSAGE][PASSED] - Text 'Enter last name' is present on page  using regular expression

2023-12-08 10:59:56 - [TEST_STEP][PASSED] - verifyTextPresent("Please enter a valid SSN with 9 digits", true, CONTINUE_ON_FAILURE): Text 'Please enter a valid SSN with 9 digits' is present on page  using regular expression

2023-12-08 10:59:57 - [MESSAGE][PASSED] - Text 'Please enter a valid SSN with 9 digits' is present on page  using regular expression

2023-12-08 10:59:57 - [TEST_STEP][PASSED] - verifyTextPresent("Re-type SSN Validation Error", true, CONTINUE_ON_FAILURE): Text 'Re-type SSN Validation Error' is present on page  using regular expression

2023-12-08 10:59:57 - [MESSAGE][PASSED] - Text 'Re-type SSN Validation Error' is present on page  using regular expression

2023-12-08 10:59:57 - [TEST_STEP][PASSED] - verifyTextPresent("Enter address", true, CONTINUE_ON_FAILURE): Text 'Enter address' is present on page  using regular expression

2023-12-08 10:59:57 - [MESSAGE][PASSED] - Text 'Enter address' is present on page  using regular expression

2023-12-08 10:59:57 - [TEST_STEP][PASSED] - verifyTextPresent("Enter city", true, CONTINUE_ON_FAILURE): Text 'Enter city' is present on page  using regular expression

2023-12-08 10:59:58 - [MESSAGE][PASSED] - Text 'Enter city' is present on page  using regular expression

2023-12-08 10:59:58 - [TEST_STEP][PASSED] - verifyTextPresent("Enter ZIP code", true, CONTINUE_ON_FAILURE): Text 'Enter ZIP code' is present on page  using regular expression

2023-12-08 10:59:58 - [MESSAGE][PASSED] - Text 'Enter ZIP code' is present on page  using regular expression

2023-12-08 10:59:58 - [TEST_STEP][PASSED] - verifyTextPresent("Enter a valid phone number", true, CONTINUE_ON_FAILURE): Text 'Enter a valid phone number' is present on page  using regular expression

2023-12-08 10:59:58 - [MESSAGE][PASSED] - Text 'Enter a valid phone number' is present on page  using regular expression

2023-12-08 10:59:58 - [TEST_STEP][PASSED] - verifyTextPresent("Enter Email", true, CONTINUE_ON_FAILURE): Text 'Enter Email' is present on page  using regular expression

2023-12-08 10:59:59 - [MESSAGE][PASSED] - Text 'Enter Email' is present on page  using regular expression

2023-12-08 10:59:59 - [TEST_STEP][PASSED] - verifyTextPresent("Enter joint payer first name", true, CONTINUE_ON_FAILURE): Text 'Enter joint payer first name' is present on page  using regular expression

2023-12-08 10:59:59 - [MESSAGE][PASSED] - Text 'Enter joint payer first name' is present on page  using regular expression

2023-12-08 10:59:59 - [TEST_STEP][PASSED] - verifyTextPresent("Enter joint payer last name", true, CONTINUE_ON_FAILURE): Text 'Enter joint payer last name' is present on page  using regular expression

2023-12-08 10:59:59 - [MESSAGE][PASSED] - Text 'Enter joint payer last name' is present on page  using regular expression

2023-12-08 10:59:59 - [TEST_STEP][PASSED] - verifyTextPresent("Please enter a valid SSN with 9 digits", true, CONTINUE_ON_FAILURE): Text 'Please enter a valid SSN with 9 digits' is present on page  using regular expression

2023-12-08 11:00:00 - [MESSAGE][PASSED] - Text 'Please enter a valid SSN with 9 digits' is present on page  using regular expression

2023-12-08 11:00:00 - [TEST_STEP][PASSED] - verifyTextPresent("Re-type SSN Validation Error", true, CONTINUE_ON_FAILURE): Text 'Re-type SSN Validation Error' is present on page  using regular expression

2023-12-08 11:00:00 - [MESSAGE][PASSED] - Text 'Re-type SSN Validation Error' is present on page  using regular expression

2023-12-08 11:00:00 - [TEST_STEP][PASSED] - resText = "Pass": null

2023-12-08 11:00:00 - [TEST_STEP][PASSED] - pages.WriteExcel.demoKey(resText, datText, resColumn, datCloumn, fileLoc, nameSheet, row): pages.WriteExcel.demoKey is PASSED

2023-12-08 11:00:00 - [MESSAGE][PASSED] - pages.WriteExcel.demoKey is PASSED

2023-12-08 11:00:00 - [TEST_STEP][PASSED] - ExecuteTC = findTestData(dataFile).getValue("Execute", row): null

2023-12-08 11:00:00 - [TEST_STEP][PASSED] - TaxType = findTestData(dataFile).getValue("TaxType", row): null

2023-12-08 11:00:00 - [TEST_STEP][PASSED] - PaymentType = findTestData(dataFile).getValue("PaymentType", row): null

2023-12-08 11:00:00 - [TEST_STEP][PASSED] - FilingYear = findTestData(dataFile).getValue("Year", row): null

2023-12-08 11:00:00 - [TEST_STEP][PASSED] - if (ExecuteTC.equalsIgnoreCase("Y")): pages.WriteExcel.demoKey is PASSED

2023-12-08 11:00:00 - [TEST_STEP][PASSED] - out.println("Begin Record Number: " + row): null

2023-12-08 11:00:00 - [TEST_STEP][PASSED] - today = new java.util.Date(): null

2023-12-08 11:00:00 - [TEST_STEP][PASSED] - println(today): null

2023-12-08 11:00:00 - [TEST_STEP][PASSED] - datText = today: null

2023-12-08 11:00:00 - [TEST_STEP][PASSED] - logInfo("Payment Type: " + PaymentType): Payment Type: New Tax Return Amount Due

2023-12-08 11:00:00 - [MESSAGE][INFO] - Payment Type: New Tax Return Amount Due

2023-12-08 11:00:00 - [TEST_STEP][PASSED] - logInfo("Tax Type: " + TaxType): Tax Type: Personal Income Tax

2023-12-08 11:00:00 - [MESSAGE][INFO] - Tax Type: Personal Income Tax

2023-12-08 11:00:00 - [TEST_STEP][PASSED] - openBrowser(""): Browser is opened with url: ''

2023-12-08 11:00:00 - [MESSAGE][WARNING] - A browser is already opened. Closing browser and opening a new one

2023-12-08 11:00:01 - [MESSAGE][INFO] - Starting 'Chrome' driver

2023-12-08 11:00:01 - [MESSAGE][INFO] - User set preference: ['acceptInsecureCerts', 'true']

2023-12-08 11:00:01 - [MESSAGE][INFO] - Action delay is set to 0 milliseconds

2023-12-08 11:00:03 - [MESSAGE][PASSED] - Browser is opened with url: ''

2023-12-08 11:00:03 - [TEST_STEP][PASSED] - maximizeWindow(): Current window maximized

2023-12-08 11:00:03 - [MESSAGE][PASSED] - Current window maximized

2023-12-08 11:00:03 - [TEST_STEP][PASSED] - navigateToUrl(RADurl): Navigate to 'https://qa2.velocitypayment.com/client/rad/index.html' successfully

2023-12-08 11:00:03 - [MESSAGE][PASSED] - Navigate to 'https://qa2.velocitypayment.com/client/rad/index.html' successfully

2023-12-08 11:00:03 - [TEST_STEP][PASSED] - selectOptionByLabel(findTestObject(orPath_Landing + "/dd_TaxType"), PaymentType, false): All options with label 'New Tax Return Amount Due' are selected in object 'Object Repository/RAD_Pages/Landing_Page/dd_TaxType' 

2023-12-08 11:00:05 - [MESSAGE][PASSED] - All options with label 'New Tax Return Amount Due' are selected in object 'Object Repository/RAD_Pages/Landing_Page/dd_TaxType' 

2023-12-08 11:00:05 - [TEST_STEP][PASSED] - switch (PaymentType): null

2023-12-08 11:00:05 - [TEST_STEP][PASSED] - case "New Tax Return Amount Due":: null

2023-12-08 11:00:05 - [TEST_STEP][PASSED] - selectOptionByLabel(findTestObject("Object Repository/RAD_Pages/Landing_Page/select_NewTaxReturnAmountDue_TaxType"), TaxType, false): All options with label 'Personal Income Tax' are selected in object 'Object Repository/RAD_Pages/Landing_Page/select_NewTaxReturnAmountDue_TaxType' 

2023-12-08 11:00:06 - [MESSAGE][PASSED] - All options with label 'Personal Income Tax' are selected in object 'Object Repository/RAD_Pages/Landing_Page/select_NewTaxReturnAmountDue_TaxType' 

2023-12-08 11:00:06 - [TEST_STEP][PASSED] - break: null

2023-12-08 11:00:06 - [TEST_STEP][PASSED] - if (!(FilingYear.isEmpty())): All options with label '2021' are selected in object 'Object Repository/RAD_Pages/TaxTypeFilingYear_Page/select_FilingYear' 

2023-12-08 11:00:06 - [TEST_STEP][PASSED] - selectOptionByLabel(findTestObject(orPath_TaxTypeFilingYear + "/select_FilingYear"), FilingYear, false): All options with label '2021' are selected in object 'Object Repository/RAD_Pages/TaxTypeFilingYear_Page/select_FilingYear' 

2023-12-08 11:00:07 - [MESSAGE][PASSED] - All options with label '2021' are selected in object 'Object Repository/RAD_Pages/TaxTypeFilingYear_Page/select_FilingYear' 

2023-12-08 11:00:07 - [TEST_STEP][PASSED] - setText(findTestObject(orPath_TaxPayer + "/input_firstName"), " "): Text ' ' is set on object 'Object Repository/RAD_Pages/Taxpayer_Page/input_firstName'

2023-12-08 11:00:08 - [MESSAGE][PASSED] - Text ' ' is set on object 'Object Repository/RAD_Pages/Taxpayer_Page/input_firstName'

2023-12-08 11:00:08 - [TEST_STEP][PASSED] - setText(findTestObject(orPath_TaxPayer + "/input_lastName"), " "): Text ' ' is set on object 'Object Repository/RAD_Pages/Taxpayer_Page/input_lastName'

2023-12-08 11:00:08 - [MESSAGE][PASSED] - Text ' ' is set on object 'Object Repository/RAD_Pages/Taxpayer_Page/input_lastName'

2023-12-08 11:00:08 - [TEST_STEP][PASSED] - setText(findTestObject("RAD_RecordAndPlay/input_concatSSN"), " "): Text ' ' is set on object 'Object Repository/RAD_RecordAndPlay/input_concatSSN'

2023-12-08 11:00:09 - [MESSAGE][PASSED] - Text ' ' is set on object 'Object Repository/RAD_RecordAndPlay/input_concatSSN'

2023-12-08 11:00:09 - [TEST_STEP][PASSED] - setText(findTestObject("RAD_RecordAndPlay/input_concatReSSN"), " "): Text ' ' is set on object 'Object Repository/RAD_RecordAndPlay/input_concatReSSN'

2023-12-08 11:00:09 - [MESSAGE][PASSED] - Text ' ' is set on object 'Object Repository/RAD_RecordAndPlay/input_concatReSSN'

2023-12-08 11:00:09 - [TEST_STEP][PASSED] - setText(findTestObject(orPath_AddressContact + "/input_streetAddress1"), " "): Text ' ' is set on object 'Object Repository/RAD_Pages/AddressAndContactInfo_Page/input_streetAddress1'

2023-12-08 11:00:10 - [MESSAGE][PASSED] - Text ' ' is set on object 'Object Repository/RAD_Pages/AddressAndContactInfo_Page/input_streetAddress1'

2023-12-08 11:00:10 - [TEST_STEP][PASSED] - setText(findTestObject(orPath_AddressContact + "/input_city"), " "): Text ' ' is set on object 'Object Repository/RAD_Pages/AddressAndContactInfo_Page/input_city'

2023-12-08 11:00:11 - [MESSAGE][PASSED] - Text ' ' is set on object 'Object Repository/RAD_Pages/AddressAndContactInfo_Page/input_city'

2023-12-08 11:00:11 - [TEST_STEP][PASSED] - setText(findTestObject(orPath_AddressContact + "/input_zipCode"), " "): Text ' ' is set on object 'Object Repository/RAD_Pages/AddressAndContactInfo_Page/input_zipCode'

2023-12-08 11:00:12 - [MESSAGE][PASSED] - Text ' ' is set on object 'Object Repository/RAD_Pages/AddressAndContactInfo_Page/input_zipCode'

2023-12-08 11:00:12 - [TEST_STEP][PASSED] - setText(findTestObject(orPath_AddressContact + "/input_phoneNumber"), " "): Text ' ' is set on object 'Object Repository/RAD_Pages/AddressAndContactInfo_Page/input_phoneNumber'

2023-12-08 11:00:13 - [MESSAGE][PASSED] - Text ' ' is set on object 'Object Repository/RAD_Pages/AddressAndContactInfo_Page/input_phoneNumber'

2023-12-08 11:00:13 - [TEST_STEP][PASSED] - setText(findTestObject(orPath_AddressContact + "/input_eMailAddress"), " "): Text ' ' is set on object 'Object Repository/RAD_Pages/AddressAndContactInfo_Page/input_eMailAddress'

2023-12-08 11:00:13 - [MESSAGE][PASSED] - Text ' ' is set on object 'Object Repository/RAD_Pages/AddressAndContactInfo_Page/input_eMailAddress'

2023-12-08 11:00:13 - [TEST_STEP][PASSED] - setText(findTestObject(orPath_AddressContact + "/input_reEnterEMailAddress"), " "): Text ' ' is set on object 'Object Repository/RAD_Pages/AddressAndContactInfo_Page/input_reEnterEMailAddress'

2023-12-08 11:00:14 - [MESSAGE][PASSED] - Text ' ' is set on object 'Object Repository/RAD_Pages/AddressAndContactInfo_Page/input_reEnterEMailAddress'

2023-12-08 11:00:14 - [TEST_STEP][PASSED] - scrollToElement(findTestObject(orPath_Landing + "/button_Continue"), 3): Scroll to object 'Object Repository/RAD_Pages/Landing_Page/button_Continue' successfully

2023-12-08 11:00:14 - [MESSAGE][PASSED] - Scroll to object 'Object Repository/RAD_Pages/Landing_Page/button_Continue' successfully

2023-12-08 11:00:14 - [TEST_STEP][PASSED] - waitForElementClickable(findTestObject(orPath_FilingStatus + "/input_JointFiling_userType_New"), 5): Object 'Object Repository/RAD_Pages/FilingStatus_Page/input_JointFiling_userType_New' is clickable

2023-12-08 11:00:15 - [MESSAGE][PASSED] - Object 'Object Repository/RAD_Pages/FilingStatus_Page/input_JointFiling_userType_New' is clickable

2023-12-08 11:00:15 - [TEST_STEP][PASSED] - check(findTestObject(orPath_FilingStatus + "/input_JointFiling_userType_New")): Object 'Object Repository/RAD_Pages/FilingStatus_Page/input_JointFiling_userType_New' is checked

2023-12-08 11:00:15 - [MESSAGE][PASSED] - Object 'Object Repository/RAD_Pages/FilingStatus_Page/input_JointFiling_userType_New' is checked

2023-12-08 11:00:15 - [TEST_STEP][PASSED] - delay(2): Delayed 2 second(s)

2023-12-08 11:00:17 - [MESSAGE][PASSED] - Delayed 2 second(s)

2023-12-08 11:00:17 - [TEST_STEP][PASSED] - setText(findTestObject(orPath_FilingStatus + "/input_jointFirstName"), " "): Text ' ' is set on object 'Object Repository/RAD_Pages/FilingStatus_Page/input_jointFirstName'

2023-12-08 11:00:18 - [MESSAGE][PASSED] - Text ' ' is set on object 'Object Repository/RAD_Pages/FilingStatus_Page/input_jointFirstName'

2023-12-08 11:00:18 - [TEST_STEP][PASSED] - setText(findTestObject(orPath_FilingStatus + "/input_jointLastName"), " "): Text ' ' is set on object 'Object Repository/RAD_Pages/FilingStatus_Page/input_jointLastName'

2023-12-08 11:00:19 - [MESSAGE][PASSED] - Text ' ' is set on object 'Object Repository/RAD_Pages/FilingStatus_Page/input_jointLastName'

2023-12-08 11:00:19 - [TEST_STEP][PASSED] - setText(findTestObject("Object Repository/RAD_RecordAndPlay/input_JointFilerSSN"), " "): Text ' ' is set on object 'Object Repository/RAD_RecordAndPlay/input_JointFilerSSN'

2023-12-08 11:00:19 - [MESSAGE][PASSED] - Text ' ' is set on object 'Object Repository/RAD_RecordAndPlay/input_JointFilerSSN'

2023-12-08 11:00:19 - [TEST_STEP][PASSED] - setText(findTestObject("Object Repository/RAD_RecordAndPlay/input_reTypeJointFilerSSN"), " "): Text ' ' is set on object 'Object Repository/RAD_RecordAndPlay/input_reTypeJointFilerSSN'

2023-12-08 11:00:20 - [MESSAGE][PASSED] - Text ' ' is set on object 'Object Repository/RAD_RecordAndPlay/input_reTypeJointFilerSSN'

2023-12-08 11:00:20 - [TEST_STEP][PASSED] - resText = "Fail": null

2023-12-08 11:00:20 - [TEST_STEP][PASSED] - pages.WriteExcel.demoKey(resText, datText, resColumn, datCloumn, fileLoc, nameSheet, row): pages.WriteExcel.demoKey is PASSED

2023-12-08 11:00:20 - [MESSAGE][PASSED] - pages.WriteExcel.demoKey is PASSED

2023-12-08 11:00:20 - [TEST_STEP][PASSED] - verifyTextPresent("Enter first name", true, CONTINUE_ON_FAILURE): Text 'Enter first name' is present on page  using regular expression

2023-12-08 11:00:20 - [MESSAGE][PASSED] - Text 'Enter first name' is present on page  using regular expression

2023-12-08 11:00:20 - [TEST_STEP][PASSED] - verifyTextPresent("Enter last name", true, CONTINUE_ON_FAILURE): Text 'Enter last name' is present on page  using regular expression

2023-12-08 11:00:21 - [MESSAGE][PASSED] - Text 'Enter last name' is present on page  using regular expression

2023-12-08 11:00:21 - [TEST_STEP][PASSED] - verifyTextPresent("Please enter a valid SSN with 9 digits", true, CONTINUE_ON_FAILURE): Text 'Please enter a valid SSN with 9 digits' is present on page  using regular expression

2023-12-08 11:00:21 - [MESSAGE][PASSED] - Text 'Please enter a valid SSN with 9 digits' is present on page  using regular expression

2023-12-08 11:00:21 - [TEST_STEP][PASSED] - verifyTextPresent("Re-type SSN Validation Error", true, CONTINUE_ON_FAILURE): Text 'Re-type SSN Validation Error' is present on page  using regular expression

2023-12-08 11:00:22 - [MESSAGE][PASSED] - Text 'Re-type SSN Validation Error' is present on page  using regular expression

2023-12-08 11:00:22 - [TEST_STEP][PASSED] - verifyTextPresent("Enter address", true, CONTINUE_ON_FAILURE): Text 'Enter address' is present on page  using regular expression

2023-12-08 11:00:22 - [MESSAGE][PASSED] - Text 'Enter address' is present on page  using regular expression

2023-12-08 11:00:22 - [TEST_STEP][PASSED] - verifyTextPresent("Enter city", true, CONTINUE_ON_FAILURE): Text 'Enter city' is present on page  using regular expression

2023-12-08 11:00:22 - [MESSAGE][PASSED] - Text 'Enter city' is present on page  using regular expression

2023-12-08 11:00:22 - [TEST_STEP][PASSED] - verifyTextPresent("Enter ZIP code", true, CONTINUE_ON_FAILURE): Text 'Enter ZIP code' is present on page  using regular expression

2023-12-08 11:00:23 - [MESSAGE][PASSED] - Text 'Enter ZIP code' is present on page  using regular expression

2023-12-08 11:00:23 - [TEST_STEP][PASSED] - verifyTextPresent("Enter a valid phone number", true, CONTINUE_ON_FAILURE): Text 'Enter a valid phone number' is present on page  using regular expression

2023-12-08 11:00:23 - [MESSAGE][PASSED] - Text 'Enter a valid phone number' is present on page  using regular expression

2023-12-08 11:00:23 - [TEST_STEP][PASSED] - verifyTextPresent("Enter Email", true, CONTINUE_ON_FAILURE): Text 'Enter Email' is present on page  using regular expression

2023-12-08 11:00:23 - [MESSAGE][PASSED] - Text 'Enter Email' is present on page  using regular expression

2023-12-08 11:00:23 - [TEST_STEP][PASSED] - verifyTextPresent("Enter joint payer first name", true, CONTINUE_ON_FAILURE): Text 'Enter joint payer first name' is present on page  using regular expression

2023-12-08 11:00:24 - [MESSAGE][PASSED] - Text 'Enter joint payer first name' is present on page  using regular expression

2023-12-08 11:00:24 - [TEST_STEP][PASSED] - verifyTextPresent("Enter joint payer last name", true, CONTINUE_ON_FAILURE): Text 'Enter joint payer last name' is present on page  using regular expression

2023-12-08 11:00:24 - [MESSAGE][PASSED] - Text 'Enter joint payer last name' is present on page  using regular expression

2023-12-08 11:00:24 - [TEST_STEP][PASSED] - verifyTextPresent("Please enter a valid SSN with 9 digits", true, CONTINUE_ON_FAILURE): Text 'Please enter a valid SSN with 9 digits' is present on page  using regular expression

2023-12-08 11:00:24 - [MESSAGE][PASSED] - Text 'Please enter a valid SSN with 9 digits' is present on page  using regular expression

2023-12-08 11:00:24 - [TEST_STEP][PASSED] - verifyTextPresent("Re-type SSN Validation Error", true, CONTINUE_ON_FAILURE): Text 'Re-type SSN Validation Error' is present on page  using regular expression

2023-12-08 11:00:25 - [MESSAGE][PASSED] - Text 'Re-type SSN Validation Error' is present on page  using regular expression

2023-12-08 11:00:25 - [TEST_STEP][PASSED] - resText = "Pass": null

2023-12-08 11:00:25 - [TEST_STEP][PASSED] - pages.WriteExcel.demoKey(resText, datText, resColumn, datCloumn, fileLoc, nameSheet, row): pages.WriteExcel.demoKey is PASSED

2023-12-08 11:00:25 - [MESSAGE][PASSED] - pages.WriteExcel.demoKey is PASSED

2023-12-08 11:00:25 - [TEST_STEP][PASSED] - ExecuteTC = findTestData(dataFile).getValue("Execute", row): null

2023-12-08 11:00:25 - [TEST_STEP][PASSED] - TaxType = findTestData(dataFile).getValue("TaxType", row): null

2023-12-08 11:00:25 - [TEST_STEP][PASSED] - PaymentType = findTestData(dataFile).getValue("PaymentType", row): null

2023-12-08 11:00:25 - [TEST_STEP][PASSED] - FilingYear = findTestData(dataFile).getValue("Year", row): null

2023-12-08 11:00:25 - [TEST_STEP][PASSED] - if (ExecuteTC.equalsIgnoreCase("Y")): pages.WriteExcel.demoKey is PASSED

2023-12-08 11:00:25 - [TEST_STEP][PASSED] - out.println("Begin Record Number: " + row): null

2023-12-08 11:00:25 - [TEST_STEP][PASSED] - today = new java.util.Date(): null

2023-12-08 11:00:25 - [TEST_STEP][PASSED] - println(today): null

2023-12-08 11:00:25 - [TEST_STEP][PASSED] - datText = today: null

2023-12-08 11:00:25 - [TEST_STEP][PASSED] - logInfo("Payment Type: " + PaymentType): Payment Type: New Tax Return Amount Due

2023-12-08 11:00:25 - [MESSAGE][INFO] - Payment Type: New Tax Return Amount Due

2023-12-08 11:00:25 - [TEST_STEP][PASSED] - logInfo("Tax Type: " + TaxType): Tax Type: Personal Income Tax

2023-12-08 11:00:25 - [MESSAGE][INFO] - Tax Type: Personal Income Tax

2023-12-08 11:00:25 - [TEST_STEP][PASSED] - openBrowser(""): Browser is opened with url: ''

2023-12-08 11:00:25 - [MESSAGE][WARNING] - A browser is already opened. Closing browser and opening a new one

2023-12-08 11:00:26 - [MESSAGE][INFO] - Starting 'Chrome' driver

2023-12-08 11:00:26 - [MESSAGE][INFO] - User set preference: ['acceptInsecureCerts', 'true']

2023-12-08 11:00:26 - [MESSAGE][INFO] - Action delay is set to 0 milliseconds

2023-12-08 11:00:28 - [MESSAGE][PASSED] - Browser is opened with url: ''

2023-12-08 11:00:28 - [TEST_STEP][PASSED] - maximizeWindow(): Current window maximized

2023-12-08 11:00:28 - [MESSAGE][PASSED] - Current window maximized

2023-12-08 11:00:28 - [TEST_STEP][PASSED] - navigateToUrl(RADurl): Navigate to 'https://qa2.velocitypayment.com/client/rad/index.html' successfully

2023-12-08 11:00:28 - [MESSAGE][PASSED] - Navigate to 'https://qa2.velocitypayment.com/client/rad/index.html' successfully

2023-12-08 11:00:28 - [TEST_STEP][PASSED] - selectOptionByLabel(findTestObject(orPath_Landing + "/dd_TaxType"), PaymentType, false): All options with label 'New Tax Return Amount Due' are selected in object 'Object Repository/RAD_Pages/Landing_Page/dd_TaxType' 

2023-12-08 11:00:30 - [MESSAGE][PASSED] - All options with label 'New Tax Return Amount Due' are selected in object 'Object Repository/RAD_Pages/Landing_Page/dd_TaxType' 

2023-12-08 11:00:30 - [TEST_STEP][PASSED] - switch (PaymentType): null

2023-12-08 11:00:30 - [TEST_STEP][PASSED] - case "New Tax Return Amount Due":: null

2023-12-08 11:00:30 - [TEST_STEP][PASSED] - selectOptionByLabel(findTestObject("Object Repository/RAD_Pages/Landing_Page/select_NewTaxReturnAmountDue_TaxType"), TaxType, false): All options with label 'Personal Income Tax' are selected in object 'Object Repository/RAD_Pages/Landing_Page/select_NewTaxReturnAmountDue_TaxType' 

2023-12-08 11:00:31 - [MESSAGE][PASSED] - All options with label 'Personal Income Tax' are selected in object 'Object Repository/RAD_Pages/Landing_Page/select_NewTaxReturnAmountDue_TaxType' 

2023-12-08 11:00:31 - [TEST_STEP][PASSED] - break: null

2023-12-08 11:00:31 - [TEST_STEP][PASSED] - if (!(FilingYear.isEmpty())): All options with label '2020' are selected in object 'Object Repository/RAD_Pages/TaxTypeFilingYear_Page/select_FilingYear' 

2023-12-08 11:00:31 - [TEST_STEP][PASSED] - selectOptionByLabel(findTestObject(orPath_TaxTypeFilingYear + "/select_FilingYear"), FilingYear, false): All options with label '2020' are selected in object 'Object Repository/RAD_Pages/TaxTypeFilingYear_Page/select_FilingYear' 

2023-12-08 11:00:32 - [MESSAGE][PASSED] - All options with label '2020' are selected in object 'Object Repository/RAD_Pages/TaxTypeFilingYear_Page/select_FilingYear' 

2023-12-08 11:00:32 - [TEST_STEP][PASSED] - setText(findTestObject(orPath_TaxPayer + "/input_firstName"), " "): Text ' ' is set on object 'Object Repository/RAD_Pages/Taxpayer_Page/input_firstName'

2023-12-08 11:00:32 - [MESSAGE][PASSED] - Text ' ' is set on object 'Object Repository/RAD_Pages/Taxpayer_Page/input_firstName'

2023-12-08 11:00:32 - [TEST_STEP][PASSED] - setText(findTestObject(orPath_TaxPayer + "/input_lastName"), " "): Text ' ' is set on object 'Object Repository/RAD_Pages/Taxpayer_Page/input_lastName'

2023-12-08 11:00:33 - [MESSAGE][PASSED] - Text ' ' is set on object 'Object Repository/RAD_Pages/Taxpayer_Page/input_lastName'

2023-12-08 11:00:33 - [TEST_STEP][PASSED] - setText(findTestObject("RAD_RecordAndPlay/input_concatSSN"), " "): Text ' ' is set on object 'Object Repository/RAD_RecordAndPlay/input_concatSSN'

2023-12-08 11:00:34 - [MESSAGE][PASSED] - Text ' ' is set on object 'Object Repository/RAD_RecordAndPlay/input_concatSSN'

2023-12-08 11:00:34 - [TEST_STEP][PASSED] - setText(findTestObject("RAD_RecordAndPlay/input_concatReSSN"), " "): Text ' ' is set on object 'Object Repository/RAD_RecordAndPlay/input_concatReSSN'

2023-12-08 11:00:34 - [MESSAGE][PASSED] - Text ' ' is set on object 'Object Repository/RAD_RecordAndPlay/input_concatReSSN'

2023-12-08 11:00:34 - [TEST_STEP][PASSED] - setText(findTestObject(orPath_AddressContact + "/input_streetAddress1"), " "): Text ' ' is set on object 'Object Repository/RAD_Pages/AddressAndContactInfo_Page/input_streetAddress1'

2023-12-08 11:00:35 - [MESSAGE][PASSED] - Text ' ' is set on object 'Object Repository/RAD_Pages/AddressAndContactInfo_Page/input_streetAddress1'

2023-12-08 11:00:35 - [TEST_STEP][PASSED] - setText(findTestObject(orPath_AddressContact + "/input_city"), " "): Text ' ' is set on object 'Object Repository/RAD_Pages/AddressAndContactInfo_Page/input_city'

2023-12-08 11:00:36 - [MESSAGE][PASSED] - Text ' ' is set on object 'Object Repository/RAD_Pages/AddressAndContactInfo_Page/input_city'

2023-12-08 11:00:36 - [TEST_STEP][PASSED] - setText(findTestObject(orPath_AddressContact + "/input_zipCode"), " "): Text ' ' is set on object 'Object Repository/RAD_Pages/AddressAndContactInfo_Page/input_zipCode'

2023-12-08 11:00:37 - [MESSAGE][PASSED] - Text ' ' is set on object 'Object Repository/RAD_Pages/AddressAndContactInfo_Page/input_zipCode'

2023-12-08 11:00:37 - [TEST_STEP][PASSED] - setText(findTestObject(orPath_AddressContact + "/input_phoneNumber"), " "): Text ' ' is set on object 'Object Repository/RAD_Pages/AddressAndContactInfo_Page/input_phoneNumber'

2023-12-08 11:00:38 - [MESSAGE][PASSED] - Text ' ' is set on object 'Object Repository/RAD_Pages/AddressAndContactInfo_Page/input_phoneNumber'

2023-12-08 11:00:38 - [TEST_STEP][PASSED] - setText(findTestObject(orPath_AddressContact + "/input_eMailAddress"), " "): Text ' ' is set on object 'Object Repository/RAD_Pages/AddressAndContactInfo_Page/input_eMailAddress'

2023-12-08 11:00:38 - [MESSAGE][PASSED] - Text ' ' is set on object 'Object Repository/RAD_Pages/AddressAndContactInfo_Page/input_eMailAddress'

2023-12-08 11:00:38 - [TEST_STEP][PASSED] - setText(findTestObject(orPath_AddressContact + "/input_reEnterEMailAddress"), " "): Text ' ' is set on object 'Object Repository/RAD_Pages/AddressAndContactInfo_Page/input_reEnterEMailAddress'

2023-12-08 11:00:39 - [MESSAGE][PASSED] - Text ' ' is set on object 'Object Repository/RAD_Pages/AddressAndContactInfo_Page/input_reEnterEMailAddress'

2023-12-08 11:00:39 - [TEST_STEP][PASSED] - scrollToElement(findTestObject(orPath_Landing + "/button_Continue"), 3): Scroll to object 'Object Repository/RAD_Pages/Landing_Page/button_Continue' successfully

2023-12-08 11:00:39 - [MESSAGE][PASSED] - Scroll to object 'Object Repository/RAD_Pages/Landing_Page/button_Continue' successfully

2023-12-08 11:00:39 - [TEST_STEP][PASSED] - waitForElementClickable(findTestObject(orPath_FilingStatus + "/input_JointFiling_userType_New"), 5): Object 'Object Repository/RAD_Pages/FilingStatus_Page/input_JointFiling_userType_New' is clickable

2023-12-08 11:00:40 - [MESSAGE][PASSED] - Object 'Object Repository/RAD_Pages/FilingStatus_Page/input_JointFiling_userType_New' is clickable

2023-12-08 11:00:40 - [TEST_STEP][PASSED] - check(findTestObject(orPath_FilingStatus + "/input_JointFiling_userType_New")): Object 'Object Repository/RAD_Pages/FilingStatus_Page/input_JointFiling_userType_New' is checked

2023-12-08 11:00:40 - [MESSAGE][PASSED] - Object 'Object Repository/RAD_Pages/FilingStatus_Page/input_JointFiling_userType_New' is checked

2023-12-08 11:00:40 - [TEST_STEP][PASSED] - delay(2): Delayed 2 second(s)

2023-12-08 11:00:42 - [MESSAGE][PASSED] - Delayed 2 second(s)

2023-12-08 11:00:42 - [TEST_STEP][PASSED] - setText(findTestObject(orPath_FilingStatus + "/input_jointFirstName"), " "): Text ' ' is set on object 'Object Repository/RAD_Pages/FilingStatus_Page/input_jointFirstName'

2023-12-08 11:00:43 - [MESSAGE][PASSED] - Text ' ' is set on object 'Object Repository/RAD_Pages/FilingStatus_Page/input_jointFirstName'

2023-12-08 11:00:43 - [TEST_STEP][PASSED] - setText(findTestObject(orPath_FilingStatus + "/input_jointLastName"), " "): Text ' ' is set on object 'Object Repository/RAD_Pages/FilingStatus_Page/input_jointLastName'

2023-12-08 11:00:44 - [MESSAGE][PASSED] - Text ' ' is set on object 'Object Repository/RAD_Pages/FilingStatus_Page/input_jointLastName'

2023-12-08 11:00:44 - [TEST_STEP][PASSED] - setText(findTestObject("Object Repository/RAD_RecordAndPlay/input_JointFilerSSN"), " "): Text ' ' is set on object 'Object Repository/RAD_RecordAndPlay/input_JointFilerSSN'

2023-12-08 11:00:44 - [MESSAGE][PASSED] - Text ' ' is set on object 'Object Repository/RAD_RecordAndPlay/input_JointFilerSSN'

2023-12-08 11:00:44 - [TEST_STEP][PASSED] - setText(findTestObject("Object Repository/RAD_RecordAndPlay/input_reTypeJointFilerSSN"), " "): Text ' ' is set on object 'Object Repository/RAD_RecordAndPlay/input_reTypeJointFilerSSN'

2023-12-08 11:00:45 - [MESSAGE][PASSED] - Text ' ' is set on object 'Object Repository/RAD_RecordAndPlay/input_reTypeJointFilerSSN'

2023-12-08 11:00:45 - [TEST_STEP][PASSED] - resText = "Fail": null

2023-12-08 11:00:45 - [TEST_STEP][PASSED] - pages.WriteExcel.demoKey(resText, datText, resColumn, datCloumn, fileLoc, nameSheet, row): pages.WriteExcel.demoKey is PASSED

2023-12-08 11:00:45 - [MESSAGE][PASSED] - pages.WriteExcel.demoKey is PASSED

2023-12-08 11:00:45 - [TEST_STEP][PASSED] - verifyTextPresent("Enter first name", true, CONTINUE_ON_FAILURE): Text 'Enter first name' is present on page  using regular expression

2023-12-08 11:00:46 - [MESSAGE][PASSED] - Text 'Enter first name' is present on page  using regular expression

2023-12-08 11:00:46 - [TEST_STEP][PASSED] - verifyTextPresent("Enter last name", true, CONTINUE_ON_FAILURE): Text 'Enter last name' is present on page  using regular expression

2023-12-08 11:00:46 - [MESSAGE][PASSED] - Text 'Enter last name' is present on page  using regular expression

2023-12-08 11:00:46 - [TEST_STEP][PASSED] - verifyTextPresent("Please enter a valid SSN with 9 digits", true, CONTINUE_ON_FAILURE): Text 'Please enter a valid SSN with 9 digits' is present on page  using regular expression

2023-12-08 11:00:46 - [MESSAGE][PASSED] - Text 'Please enter a valid SSN with 9 digits' is present on page  using regular expression

2023-12-08 11:00:46 - [TEST_STEP][PASSED] - verifyTextPresent("Re-type SSN Validation Error", true, CONTINUE_ON_FAILURE): Text 'Re-type SSN Validation Error' is present on page  using regular expression

2023-12-08 11:00:47 - [MESSAGE][PASSED] - Text 'Re-type SSN Validation Error' is present on page  using regular expression

2023-12-08 11:00:47 - [TEST_STEP][PASSED] - verifyTextPresent("Enter address", true, CONTINUE_ON_FAILURE): Text 'Enter address' is present on page  using regular expression

2023-12-08 11:00:47 - [MESSAGE][PASSED] - Text 'Enter address' is present on page  using regular expression

2023-12-08 11:00:47 - [TEST_STEP][PASSED] - verifyTextPresent("Enter city", true, CONTINUE_ON_FAILURE): Text 'Enter city' is present on page  using regular expression

2023-12-08 11:00:47 - [MESSAGE][PASSED] - Text 'Enter city' is present on page  using regular expression

2023-12-08 11:00:47 - [TEST_STEP][PASSED] - verifyTextPresent("Enter ZIP code", true, CONTINUE_ON_FAILURE): Text 'Enter ZIP code' is present on page  using regular expression

2023-12-08 11:00:48 - [MESSAGE][PASSED] - Text 'Enter ZIP code' is present on page  using regular expression

2023-12-08 11:00:48 - [TEST_STEP][PASSED] - verifyTextPresent("Enter a valid phone number", true, CONTINUE_ON_FAILURE): Text 'Enter a valid phone number' is present on page  using regular expression

2023-12-08 11:00:48 - [MESSAGE][PASSED] - Text 'Enter a valid phone number' is present on page  using regular expression

2023-12-08 11:00:48 - [TEST_STEP][PASSED] - verifyTextPresent("Enter Email", true, CONTINUE_ON_FAILURE): Text 'Enter Email' is present on page  using regular expression

2023-12-08 11:00:48 - [MESSAGE][PASSED] - Text 'Enter Email' is present on page  using regular expression

2023-12-08 11:00:48 - [TEST_STEP][PASSED] - verifyTextPresent("Enter joint payer first name", true, CONTINUE_ON_FAILURE): Text 'Enter joint payer first name' is present on page  using regular expression

2023-12-08 11:00:49 - [MESSAGE][PASSED] - Text 'Enter joint payer first name' is present on page  using regular expression

2023-12-08 11:00:49 - [TEST_STEP][PASSED] - verifyTextPresent("Enter joint payer last name", true, CONTINUE_ON_FAILURE): Text 'Enter joint payer last name' is present on page  using regular expression

2023-12-08 11:00:49 - [MESSAGE][PASSED] - Text 'Enter joint payer last name' is present on page  using regular expression

2023-12-08 11:00:49 - [TEST_STEP][PASSED] - verifyTextPresent("Please enter a valid SSN with 9 digits", true, CONTINUE_ON_FAILURE): Text 'Please enter a valid SSN with 9 digits' is present on page  using regular expression

2023-12-08 11:00:49 - [MESSAGE][PASSED] - Text 'Please enter a valid SSN with 9 digits' is present on page  using regular expression

2023-12-08 11:00:49 - [TEST_STEP][PASSED] - verifyTextPresent("Re-type SSN Validation Error", true, CONTINUE_ON_FAILURE): Text 'Re-type SSN Validation Error' is present on page  using regular expression

2023-12-08 11:00:50 - [MESSAGE][PASSED] - Text 'Re-type SSN Validation Error' is present on page  using regular expression

2023-12-08 11:00:50 - [TEST_STEP][PASSED] - resText = "Pass": null

2023-12-08 11:00:50 - [TEST_STEP][PASSED] - pages.WriteExcel.demoKey(resText, datText, resColumn, datCloumn, fileLoc, nameSheet, row): pages.WriteExcel.demoKey is PASSED

2023-12-08 11:00:50 - [MESSAGE][PASSED] - pages.WriteExcel.demoKey is PASSED]]></system-out>
         <system-err><![CDATA[]]></system-err>
      </testcase>
      <system-out><![CDATA[2023-12-08 10:44:03 - [TEST_SUITE][PASSED] - RAD_UI_TestSuite: Test Cases/RAD_TestCases/MRF_TestCases/Personal_Joint_MRF_TC]]></system-out>
      <system-err><![CDATA[]]></system-err>
   </testsuite>
</testsuites>
