<?xml version="1.0" encoding="UTF-8"?>
<testsuites name="RAD_UI_TestSuite" time="2771.419" tests="10" failures="0" errors="0">
   <testsuite name="RAD_UI_TestSuite" tests="10" failures="0" errors="0" time="2771.419" skipped="0" timestamp="2024-11-12 17:19:57" hostname="imtiaz - DESKTOP-B2QI6NS.govolution.com" id="Test Suites/RAD_TestSuite/RAD_UI_TestSuite">
      <properties>
         <property name="deviceName" value=""/>
         <property name="devicePlatform" value=""/>
         <property name="logFolder" value="E:\\Cloned-Project-Katalon\\VPS-Katalon\\Reports\\20241112_171950\\RAD_TestSuite\\RAD_UI_TestSuite\\20241112_171950"/>
         <property name="logFiles" value="E:\\Cloned-Project-Katalon\\VPS-Katalon\\Reports\\20241112_171950\\RAD_TestSuite\\RAD_UI_TestSuite\\20241112_171950\\execution0.log, E:\\Cloned-Project-Katalon\\VPS-Katalon\\Reports\\20241112_171950\\RAD_TestSuite\\RAD_UI_TestSuite\\20241112_171950\\execution1.log"/>
         <property name="attachments" value=""/>
         <property name="hostName" value="imtiaz - DESKTOP-B2QI6NS.govolution.com"/>
         <property name="os" value="Windows 10 64bit"/>
         <property name="katalonVersion" value="8.6.9.208"/>
         <property name="browser" value="Chrome 130.0.0.0"/>
         <property name="hostAddress" value="172.31.253.185"/>
         <property name="sessionId" value="c45ae659d12decc2ff433f8d90ce8b83"/>
         <property name="seleniumVersion" value="3.141.59"/>
         <property name="proxyInformation" value="ProxyInformation { proxyOption=NO_PROXY, proxyServerType=HTTP, username=, password=********, proxyServerAddress=, proxyServerPort=0, executionList=&quot;&quot;, isApplyToDesiredCapabilities=true }"/>
         <property name="platform" value="Windows 10"/>
      </properties>
      <testcase name="Test Cases/RAD_TestCases/Negative_TestCases/FEINmismatchError" time="350.016" classname="Test Cases/RAD_TestCases/Negative_TestCases/FEINmismatchError" status="PASSED">
         <system-out><![CDATA[2024-11-12 17:19:57 - [TEST_CASE][PASSED] - Test Cases/RAD_TestCases/Negative_TestCases/FEINmismatchError: Test Cases/RAD_TestCases/Negative_TestCases/FEINmismatchError

2024-11-12 17:19:58 - [TEST_STEP][PASSED] - resText = "Fail": null

2024-11-12 17:19:58 - [TEST_STEP][PASSED] - resColumn = "Result": null

2024-11-12 17:19:58 - [TEST_STEP][PASSED] - datCloumn = "Date": null

2024-11-12 17:19:58 - [TEST_STEP][PASSED] - fileLoc = "KatalonData/RADTestData/FEINmismatch.xlsx": null

2024-11-12 17:19:58 - [TEST_STEP][PASSED] - nameSheet = "FEINmismatch": null

2024-11-12 17:19:58 - [TEST_STEP][PASSED] - dataFile = "RADTestData/FEINmismatch": null

2024-11-12 17:19:58 - [TEST_STEP][PASSED] - ExecuteTC = <not implemented yet for class: org.codehaus.groovy.ast.expr.EmptyExpression>: null

2024-11-12 17:19:58 - [TEST_STEP][PASSED] - Taxtype = <not implemented yet for class: org.codehaus.groovy.ast.expr.EmptyExpression>: null

2024-11-12 17:19:58 - [TEST_STEP][PASSED] - Paymenttype = <not implemented yet for class: org.codehaus.groovy.ast.expr.EmptyExpression>: null

2024-11-12 17:19:58 - [TEST_STEP][PASSED] - numOfRows = findTestData(dataFile).getRowNumbers(): null

2024-11-12 17:19:59 - [TEST_STEP][PASSED] - println("Number of Records: " + numOfRows): null

2024-11-12 17:19:59 - [TEST_STEP][PASSED] - for ([row = 1, row <= numOfRows, (row++)]): null

2024-11-12 17:19:59 - [TEST_STEP][PASSED] - ExecuteTC = findTestData(dataFile).getValue("Execute", row): null

2024-11-12 17:19:59 - [TEST_STEP][PASSED] - Taxtype = findTestData(dataFile).getValue("TaxType", row): null

2024-11-12 17:19:59 - [TEST_STEP][PASSED] - Paymenttype = findTestData(dataFile).getValue("PaymentType", row): null

2024-11-12 17:19:59 - [TEST_STEP][PASSED] - out.println("Value of Execute is : " + ExecuteTC): null

2024-11-12 17:20:00 - [TEST_STEP][PASSED] - if (ExecuteTC.equalsIgnoreCase("Y")): null

2024-11-12 17:20:00 - [TEST_STEP][PASSED] - out.println("Begin Record Number: " + row): null

2024-11-12 17:20:00 - [TEST_STEP][PASSED] - today = new java.util.Date(): null

2024-11-12 17:20:00 - [TEST_STEP][PASSED] - println(today): null

2024-11-12 17:20:00 - [TEST_STEP][PASSED] - datText = today: null

2024-11-12 17:20:00 - [TEST_STEP][PASSED] - Taxtype = findTestData(dataFile).getValue("TaxType", row): null

2024-11-12 17:20:00 - [TEST_STEP][PASSED] - out.println("Taxtype value is : " + Taxtype): null

2024-11-12 17:20:00 - [TEST_STEP][PASSED] - openBrowser(""): Browser is opened with url: ''

2024-11-12 17:20:00 - [MESSAGE][INFO] - Starting 'Chrome' driver

2024-11-12 17:20:00 - [MESSAGE][INFO] - User set preference: ['acceptInsecureCerts', 'true']

2024-11-12 17:20:00 - [MESSAGE][INFO] - Action delay is set to 0 milliseconds

2024-11-12 17:20:03 - [MESSAGE][PASSED] - Browser is opened with url: ''

2024-11-12 17:20:03 - [TEST_STEP][PASSED] - maximizeWindow(): Current window maximized

2024-11-12 17:20:03 - [MESSAGE][PASSED] - Current window maximized

2024-11-12 17:20:03 - [TEST_STEP][PASSED] - navigateToUrl(RADurl): Navigate to 'https://www.velocitypayment.com/client/rad/index.html' successfully

2024-11-12 17:20:05 - [MESSAGE][PASSED] - Navigate to 'https://www.velocitypayment.com/client/rad/index.html' successfully

2024-11-12 17:20:05 - [TEST_STEP][PASSED] - orPath_Landing = "Object Repository/RAD_Pages/Landing_Page": null

2024-11-12 17:20:05 - [TEST_STEP][PASSED] - orPath_TaxTypeFilingYear = "Object Repository/RAD_Pages/TaxTypeFilingYear_Page": null

2024-11-12 17:20:05 - [TEST_STEP][PASSED] - orPath_TaxPayer = "Object Repository/RAD_Pages/Taxpayer_Page": null

2024-11-12 17:20:05 - [TEST_STEP][PASSED] - orPath_AddressContact = "Object Repository/RAD_Pages/AddressAndContactInfo_Page": null

2024-11-12 17:20:05 - [TEST_STEP][PASSED] - orPath_FilingStatus = "Object Repository/RAD_Pages/FilingStatus_Page": null

2024-11-12 17:20:05 - [TEST_STEP][PASSED] - orPath_Amount = "Object Repository/RAD_Pages/PaymentAmount_Page": null

2024-11-12 17:20:05 - [TEST_STEP][PASSED] - orPath_TaxInfo = "Object Repository/RAD_Pages/TaxInfo_Page": null

2024-11-12 17:20:05 - [TEST_STEP][PASSED] - orPath_Withholding = "Object Repository/RAD_Pages/Withholding_Page": null

2024-11-12 17:20:05 - [TEST_STEP][PASSED] - orPath_Summary = "Object Repository/RAD_Pages/Summary_Page": null

2024-11-12 17:20:05 - [TEST_STEP][PASSED] - orPath_PaymentReady = "Object Repository/RAD_Pages/PaymentReady_Page": null

2024-11-12 17:20:05 - [TEST_STEP][PASSED] - orPath_PaymentEntry = "Object Repository/RAD_Pages/PaymentEntry_Page": null

2024-11-12 17:20:05 - [TEST_STEP][PASSED] - orPath_PaymentConfirmation = "Object Repository/RAD_Pages/PaymentConfirmation_Page": null

2024-11-12 17:20:05 - [TEST_STEP][PASSED] - orPath_ServiceFeesAccept = "Object Repository/RAD_Pages/ServiceFeeAccept_Page": null

2024-11-12 17:20:05 - [TEST_STEP][PASSED] - selectOptionByLabel(findTestObject(orPath_Landing + "/dd_TaxType"), Paymenttype, false): All options with label 'Existing Liability with Notice/Invoice Number' are selected in object 'Object Repository/RAD_Pages/Landing_Page/dd_TaxType' 

2024-11-12 17:20:06 - [MESSAGE][PASSED] - All options with label 'Existing Liability with Notice/Invoice Number' are selected in object 'Object Repository/RAD_Pages/Landing_Page/dd_TaxType' 

2024-11-12 17:20:06 - [TEST_STEP][PASSED] - delay(1): Delayed 1 second(s)

2024-11-12 17:20:07 - [MESSAGE][PASSED] - Delayed 1 second(s)

2024-11-12 17:20:07 - [TEST_STEP][PASSED] - switch (Paymenttype): null

2024-11-12 17:20:07 - [TEST_STEP][PASSED] - case "Existing Liability with Notice/Invoice Number":: null

2024-11-12 17:20:07 - [TEST_STEP][PASSED] - selectOptionByLabel(findTestObject(orPath_TaxTypeFilingYear + "/select_TaxType_ExistingLiability"), Taxtype, false): All options with label 'Bay Restoration Fee' are selected in object 'Object Repository/RAD_Pages/TaxTypeFilingYear_Page/select_TaxType_ExistingLiability' 

2024-11-12 17:20:08 - [MESSAGE][PASSED] - All options with label 'Bay Restoration Fee' are selected in object 'Object Repository/RAD_Pages/TaxTypeFilingYear_Page/select_TaxType_ExistingLiability' 

2024-11-12 17:20:08 - [TEST_STEP][PASSED] - break: null

2024-11-12 17:20:08 - [TEST_STEP][PASSED] - delay(1): Delayed 1 second(s)

2024-11-12 17:20:09 - [MESSAGE][PASSED] - Delayed 1 second(s)

2024-11-12 17:20:09 - [TEST_STEP][PASSED] - scrollToElement(findTestObject(orPath_Amount + "/input__paymentAmount"), 2, CONTINUE_ON_FAILURE): Scroll to object 'Object Repository/RAD_Pages/PaymentAmount_Page/input__paymentAmount' successfully

2024-11-12 17:20:09 - [MESSAGE][PASSED] - Scroll to object 'Object Repository/RAD_Pages/PaymentAmount_Page/input__paymentAmount' successfully

2024-11-12 17:20:09 - [TEST_STEP][PASSED] - switch (Paymenttype): null

2024-11-12 17:20:09 - [TEST_STEP][PASSED] - case "Existing Liability with Notice/Invoice Number":: null

2024-11-12 17:20:09 - [TEST_STEP][PASSED] - setEncryptedText(findTestObject("Object Repository/RAD_RecordAndPlay/input_Existing_FEIN"), "RigbBhfdqODKcAsiUrg+1Q=="): Text ****** has been set on object 'Object Repository/RAD_RecordAndPlay/input_Existing_FEIN'

2024-11-12 17:20:10 - [MESSAGE][PASSED] - Text ****** has been set on object 'Object Repository/RAD_RecordAndPlay/input_Existing_FEIN'

2024-11-12 17:20:10 - [TEST_STEP][PASSED] - setEncryptedText(findTestObject("Object Repository/RAD_RecordAndPlay/input_Existing_RetypeFEIN"), "RigbBhfdqOBBGbZqm4oFJQ=="): Text ****** has been set on object 'Object Repository/RAD_RecordAndPlay/input_Existing_RetypeFEIN'

2024-11-12 17:20:11 - [MESSAGE][PASSED] - Text ****** has been set on object 'Object Repository/RAD_RecordAndPlay/input_Existing_RetypeFEIN'

2024-11-12 17:20:11 - [TEST_STEP][PASSED] - break: null

2024-11-12 17:20:11 - [TEST_STEP][PASSED] - setText(findTestObject(orPath_Amount + "/input__paymentAmount"), ""): Text '' is set on object 'Object Repository/RAD_Pages/PaymentAmount_Page/input__paymentAmount'

2024-11-12 17:20:12 - [MESSAGE][PASSED] - Text '' is set on object 'Object Repository/RAD_Pages/PaymentAmount_Page/input__paymentAmount'

2024-11-12 17:20:12 - [TEST_STEP][PASSED] - verifyTextPresent("The FEIN and Re-type FEIN do not match", true): Text 'The FEIN and Re-type FEIN do not match' is present on page  using regular expression

2024-11-12 17:20:12 - [MESSAGE][PASSED] - Text 'The FEIN and Re-type FEIN do not match' is present on page  using regular expression

2024-11-12 17:20:12 - [TEST_STEP][PASSED] - if (verifyTextPresent("The FEIN and Re-type FEIN do not match", true)): null

2024-11-12 17:20:13 - [MESSAGE][PASSED] - Text 'The FEIN and Re-type FEIN do not match' is present on page  using regular expression

2024-11-12 17:20:13 - [TEST_STEP][PASSED] - println("Error Message is present on the page"): null

2024-11-12 17:20:13 - [TEST_STEP][PASSED] - out.println("Pass Record Number: " + row): null

2024-11-12 17:20:13 - [TEST_STEP][PASSED] - resText = "Pass": null

2024-11-12 17:20:13 - [TEST_STEP][PASSED] - pages.WriteExcel.demoKey(resText, datText, resColumn, datCloumn, fileLoc, nameSheet, row): pages.WriteExcel.demoKey is PASSED

2024-11-12 17:20:13 - [MESSAGE][PASSED] - pages.WriteExcel.demoKey is PASSED

2024-11-12 17:20:13 - [TEST_STEP][PASSED] - ExecuteTC = findTestData(dataFile).getValue("Execute", row): null

2024-11-12 17:20:13 - [TEST_STEP][PASSED] - Taxtype = findTestData(dataFile).getValue("TaxType", row): null

2024-11-12 17:20:14 - [TEST_STEP][PASSED] - Paymenttype = findTestData(dataFile).getValue("PaymentType", row): null

2024-11-12 17:20:14 - [TEST_STEP][PASSED] - out.println("Value of Execute is : " + ExecuteTC): null

2024-11-12 17:20:14 - [TEST_STEP][PASSED] - if (ExecuteTC.equalsIgnoreCase("Y")): null

2024-11-12 17:20:14 - [TEST_STEP][PASSED] - out.println("Begin Record Number: " + row): null

2024-11-12 17:20:14 - [TEST_STEP][PASSED] - today = new java.util.Date(): null

2024-11-12 17:20:14 - [TEST_STEP][PASSED] - println(today): null

2024-11-12 17:20:14 - [TEST_STEP][PASSED] - datText = today: null

2024-11-12 17:20:14 - [TEST_STEP][PASSED] - Taxtype = findTestData(dataFile).getValue("TaxType", row): null

2024-11-12 17:20:14 - [TEST_STEP][PASSED] - out.println("Taxtype value is : " + Taxtype): null

2024-11-12 17:20:14 - [TEST_STEP][PASSED] - openBrowser(""): Browser is opened with url: ''

2024-11-12 17:20:14 - [MESSAGE][WARNING] - A browser is already opened. Closing browser and opening a new one

2024-11-12 17:20:16 - [MESSAGE][INFO] - Starting 'Chrome' driver

2024-11-12 17:20:16 - [MESSAGE][INFO] - User set preference: ['acceptInsecureCerts', 'true']

2024-11-12 17:20:16 - [MESSAGE][INFO] - Action delay is set to 0 milliseconds

2024-11-12 17:20:17 - [MESSAGE][PASSED] - Browser is opened with url: ''

2024-11-12 17:20:17 - [TEST_STEP][PASSED] - maximizeWindow(): Current window maximized

2024-11-12 17:20:17 - [MESSAGE][PASSED] - Current window maximized

2024-11-12 17:20:17 - [TEST_STEP][PASSED] - navigateToUrl(RADurl): Navigate to 'https://www.velocitypayment.com/client/rad/index.html' successfully

2024-11-12 17:20:19 - [MESSAGE][PASSED] - Navigate to 'https://www.velocitypayment.com/client/rad/index.html' successfully

2024-11-12 17:20:19 - [TEST_STEP][PASSED] - orPath_Landing = "Object Repository/RAD_Pages/Landing_Page": null

2024-11-12 17:20:19 - [TEST_STEP][PASSED] - orPath_TaxTypeFilingYear = "Object Repository/RAD_Pages/TaxTypeFilingYear_Page": null

2024-11-12 17:20:19 - [TEST_STEP][PASSED] - orPath_TaxPayer = "Object Repository/RAD_Pages/Taxpayer_Page": null

2024-11-12 17:20:19 - [TEST_STEP][PASSED] - orPath_AddressContact = "Object Repository/RAD_Pages/AddressAndContactInfo_Page": null

2024-11-12 17:20:19 - [TEST_STEP][PASSED] - orPath_FilingStatus = "Object Repository/RAD_Pages/FilingStatus_Page": null

2024-11-12 17:20:19 - [TEST_STEP][PASSED] - orPath_Amount = "Object Repository/RAD_Pages/PaymentAmount_Page": null

2024-11-12 17:20:19 - [TEST_STEP][PASSED] - orPath_TaxInfo = "Object Repository/RAD_Pages/TaxInfo_Page": null

2024-11-12 17:20:19 - [TEST_STEP][PASSED] - orPath_Withholding = "Object Repository/RAD_Pages/Withholding_Page": null

2024-11-12 17:20:19 - [TEST_STEP][PASSED] - orPath_Summary = "Object Repository/RAD_Pages/Summary_Page": null

2024-11-12 17:20:19 - [TEST_STEP][PASSED] - orPath_PaymentReady = "Object Repository/RAD_Pages/PaymentReady_Page": null

2024-11-12 17:20:19 - [TEST_STEP][PASSED] - orPath_PaymentEntry = "Object Repository/RAD_Pages/PaymentEntry_Page": null

2024-11-12 17:20:19 - [TEST_STEP][PASSED] - orPath_PaymentConfirmation = "Object Repository/RAD_Pages/PaymentConfirmation_Page": null

2024-11-12 17:20:19 - [TEST_STEP][PASSED] - orPath_ServiceFeesAccept = "Object Repository/RAD_Pages/ServiceFeeAccept_Page": null

2024-11-12 17:20:19 - [TEST_STEP][PASSED] - selectOptionByLabel(findTestObject(orPath_Landing + "/dd_TaxType"), Paymenttype, false): All options with label 'Existing Liability with Notice/Invoice Number' are selected in object 'Object Repository/RAD_Pages/Landing_Page/dd_TaxType' 

2024-11-12 17:20:20 - [MESSAGE][PASSED] - All options with label 'Existing Liability with Notice/Invoice Number' are selected in object 'Object Repository/RAD_Pages/Landing_Page/dd_TaxType' 

2024-11-12 17:20:20 - [TEST_STEP][PASSED] - delay(1): Delayed 1 second(s)

2024-11-12 17:20:21 - [MESSAGE][PASSED] - Delayed 1 second(s)

2024-11-12 17:20:21 - [TEST_STEP][PASSED] - switch (Paymenttype): null

2024-11-12 17:20:21 - [TEST_STEP][PASSED] - case "Existing Liability with Notice/Invoice Number":: null

2024-11-12 17:20:21 - [TEST_STEP][PASSED] - selectOptionByLabel(findTestObject(orPath_TaxTypeFilingYear + "/select_TaxType_ExistingLiability"), Taxtype, false): All options with label 'Corporate Income Tax' are selected in object 'Object Repository/RAD_Pages/TaxTypeFilingYear_Page/select_TaxType_ExistingLiability' 

2024-11-12 17:20:22 - [MESSAGE][PASSED] - All options with label 'Corporate Income Tax' are selected in object 'Object Repository/RAD_Pages/TaxTypeFilingYear_Page/select_TaxType_ExistingLiability' 

2024-11-12 17:20:22 - [TEST_STEP][PASSED] - break: null

2024-11-12 17:20:22 - [TEST_STEP][PASSED] - delay(1): Delayed 1 second(s)

2024-11-12 17:20:23 - [MESSAGE][PASSED] - Delayed 1 second(s)

2024-11-12 17:20:23 - [TEST_STEP][PASSED] - scrollToElement(findTestObject(orPath_Amount + "/input__paymentAmount"), 2, CONTINUE_ON_FAILURE): Scroll to object 'Object Repository/RAD_Pages/PaymentAmount_Page/input__paymentAmount' successfully

2024-11-12 17:20:23 - [MESSAGE][PASSED] - Scroll to object 'Object Repository/RAD_Pages/PaymentAmount_Page/input__paymentAmount' successfully

2024-11-12 17:20:23 - [TEST_STEP][PASSED] - switch (Paymenttype): null

2024-11-12 17:20:23 - [TEST_STEP][PASSED] - case "Existing Liability with Notice/Invoice Number":: null

2024-11-12 17:20:23 - [TEST_STEP][PASSED] - setEncryptedText(findTestObject("Object Repository/RAD_RecordAndPlay/input_Existing_FEIN"), "RigbBhfdqODKcAsiUrg+1Q=="): Text ****** has been set on object 'Object Repository/RAD_RecordAndPlay/input_Existing_FEIN'

2024-11-12 17:20:24 - [MESSAGE][PASSED] - Text ****** has been set on object 'Object Repository/RAD_RecordAndPlay/input_Existing_FEIN'

2024-11-12 17:20:24 - [TEST_STEP][PASSED] - setEncryptedText(findTestObject("Object Repository/RAD_RecordAndPlay/input_Existing_RetypeFEIN"), "RigbBhfdqOBBGbZqm4oFJQ=="): Text ****** has been set on object 'Object Repository/RAD_RecordAndPlay/input_Existing_RetypeFEIN'

2024-11-12 17:20:24 - [MESSAGE][PASSED] - Text ****** has been set on object 'Object Repository/RAD_RecordAndPlay/input_Existing_RetypeFEIN'

2024-11-12 17:20:24 - [TEST_STEP][PASSED] - break: null

2024-11-12 17:20:24 - [TEST_STEP][PASSED] - setText(findTestObject(orPath_Amount + "/input__paymentAmount"), ""): Text '' is set on object 'Object Repository/RAD_Pages/PaymentAmount_Page/input__paymentAmount'

2024-11-12 17:20:25 - [MESSAGE][PASSED] - Text '' is set on object 'Object Repository/RAD_Pages/PaymentAmount_Page/input__paymentAmount'

2024-11-12 17:20:25 - [TEST_STEP][PASSED] - verifyTextPresent("The FEIN and Re-type FEIN do not match", true): Text 'The FEIN and Re-type FEIN do not match' is present on page  using regular expression

2024-11-12 17:20:25 - [MESSAGE][PASSED] - Text 'The FEIN and Re-type FEIN do not match' is present on page  using regular expression

2024-11-12 17:20:25 - [TEST_STEP][PASSED] - if (verifyTextPresent("The FEIN and Re-type FEIN do not match", true)): null

2024-11-12 17:20:26 - [MESSAGE][PASSED] - Text 'The FEIN and Re-type FEIN do not match' is present on page  using regular expression

2024-11-12 17:20:26 - [TEST_STEP][PASSED] - println("Error Message is present on the page"): null

2024-11-12 17:20:26 - [TEST_STEP][PASSED] - out.println("Pass Record Number: " + row): null

2024-11-12 17:20:26 - [TEST_STEP][PASSED] - resText = "Pass": null

2024-11-12 17:20:26 - [TEST_STEP][PASSED] - pages.WriteExcel.demoKey(resText, datText, resColumn, datCloumn, fileLoc, nameSheet, row): pages.WriteExcel.demoKey is PASSED

2024-11-12 17:20:26 - [MESSAGE][PASSED] - pages.WriteExcel.demoKey is PASSED

2024-11-12 17:20:26 - [TEST_STEP][PASSED] - ExecuteTC = findTestData(dataFile).getValue("Execute", row): null

2024-11-12 17:20:26 - [TEST_STEP][PASSED] - Taxtype = findTestData(dataFile).getValue("TaxType", row): null

2024-11-12 17:20:26 - [TEST_STEP][PASSED] - Paymenttype = findTestData(dataFile).getValue("PaymentType", row): null

2024-11-12 17:20:26 - [TEST_STEP][PASSED] - out.println("Value of Execute is : " + ExecuteTC): null

2024-11-12 17:20:26 - [TEST_STEP][PASSED] - if (ExecuteTC.equalsIgnoreCase("Y")): null

2024-11-12 17:20:26 - [TEST_STEP][PASSED] - out.println("Begin Record Number: " + row): null

2024-11-12 17:20:26 - [TEST_STEP][PASSED] - today = new java.util.Date(): null

2024-11-12 17:20:26 - [TEST_STEP][PASSED] - println(today): null

2024-11-12 17:20:26 - [TEST_STEP][PASSED] - datText = today: null

2024-11-12 17:20:26 - [TEST_STEP][PASSED] - Taxtype = findTestData(dataFile).getValue("TaxType", row): null

2024-11-12 17:20:26 - [TEST_STEP][PASSED] - out.println("Taxtype value is : " + Taxtype): null

2024-11-12 17:20:26 - [TEST_STEP][PASSED] - openBrowser(""): Browser is opened with url: ''

2024-11-12 17:20:26 - [MESSAGE][WARNING] - A browser is already opened. Closing browser and opening a new one

2024-11-12 17:20:27 - [MESSAGE][INFO] - Starting 'Chrome' driver

2024-11-12 17:20:27 - [MESSAGE][INFO] - User set preference: ['acceptInsecureCerts', 'true']

2024-11-12 17:20:27 - [MESSAGE][INFO] - Action delay is set to 0 milliseconds

2024-11-12 17:20:29 - [MESSAGE][PASSED] - Browser is opened with url: ''

2024-11-12 17:20:29 - [TEST_STEP][PASSED] - maximizeWindow(): Current window maximized

2024-11-12 17:20:29 - [MESSAGE][PASSED] - Current window maximized

2024-11-12 17:20:29 - [TEST_STEP][PASSED] - navigateToUrl(RADurl): Navigate to 'https://www.velocitypayment.com/client/rad/index.html' successfully

2024-11-12 17:20:31 - [MESSAGE][PASSED] - Navigate to 'https://www.velocitypayment.com/client/rad/index.html' successfully

2024-11-12 17:20:31 - [TEST_STEP][PASSED] - orPath_Landing = "Object Repository/RAD_Pages/Landing_Page": null

2024-11-12 17:20:31 - [TEST_STEP][PASSED] - orPath_TaxTypeFilingYear = "Object Repository/RAD_Pages/TaxTypeFilingYear_Page": null

2024-11-12 17:20:31 - [TEST_STEP][PASSED] - orPath_TaxPayer = "Object Repository/RAD_Pages/Taxpayer_Page": null

2024-11-12 17:20:31 - [TEST_STEP][PASSED] - orPath_AddressContact = "Object Repository/RAD_Pages/AddressAndContactInfo_Page": null

2024-11-12 17:20:31 - [TEST_STEP][PASSED] - orPath_FilingStatus = "Object Repository/RAD_Pages/FilingStatus_Page": null

2024-11-12 17:20:31 - [TEST_STEP][PASSED] - orPath_Amount = "Object Repository/RAD_Pages/PaymentAmount_Page": null

2024-11-12 17:20:31 - [TEST_STEP][PASSED] - orPath_TaxInfo = "Object Repository/RAD_Pages/TaxInfo_Page": null

2024-11-12 17:20:31 - [TEST_STEP][PASSED] - orPath_Withholding = "Object Repository/RAD_Pages/Withholding_Page": null

2024-11-12 17:20:31 - [TEST_STEP][PASSED] - orPath_Summary = "Object Repository/RAD_Pages/Summary_Page": null

2024-11-12 17:20:31 - [TEST_STEP][PASSED] - orPath_PaymentReady = "Object Repository/RAD_Pages/PaymentReady_Page": null

2024-11-12 17:20:31 - [TEST_STEP][PASSED] - orPath_PaymentEntry = "Object Repository/RAD_Pages/PaymentEntry_Page": null

2024-11-12 17:20:31 - [TEST_STEP][PASSED] - orPath_PaymentConfirmation = "Object Repository/RAD_Pages/PaymentConfirmation_Page": null

2024-11-12 17:20:31 - [TEST_STEP][PASSED] - orPath_ServiceFeesAccept = "Object Repository/RAD_Pages/ServiceFeeAccept_Page": null

2024-11-12 17:20:31 - [TEST_STEP][PASSED] - selectOptionByLabel(findTestObject(orPath_Landing + "/dd_TaxType"), Paymenttype, false): All options with label 'Existing Liability with Notice/Invoice Number' are selected in object 'Object Repository/RAD_Pages/Landing_Page/dd_TaxType' 

2024-11-12 17:20:31 - [MESSAGE][PASSED] - All options with label 'Existing Liability with Notice/Invoice Number' are selected in object 'Object Repository/RAD_Pages/Landing_Page/dd_TaxType' 

2024-11-12 17:20:31 - [TEST_STEP][PASSED] - delay(1): Delayed 1 second(s)

2024-11-12 17:20:32 - [MESSAGE][PASSED] - Delayed 1 second(s)

2024-11-12 17:20:32 - [TEST_STEP][PASSED] - switch (Paymenttype): null

2024-11-12 17:20:32 - [TEST_STEP][PASSED] - case "Existing Liability with Notice/Invoice Number":: null

2024-11-12 17:20:32 - [TEST_STEP][PASSED] - selectOptionByLabel(findTestObject(orPath_TaxTypeFilingYear + "/select_TaxType_ExistingLiability"), Taxtype, false): All options with label 'Fiduciary Tax' are selected in object 'Object Repository/RAD_Pages/TaxTypeFilingYear_Page/select_TaxType_ExistingLiability' 

2024-11-12 17:20:33 - [MESSAGE][PASSED] - All options with label 'Fiduciary Tax' are selected in object 'Object Repository/RAD_Pages/TaxTypeFilingYear_Page/select_TaxType_ExistingLiability' 

2024-11-12 17:20:33 - [TEST_STEP][PASSED] - break: null

2024-11-12 17:20:33 - [TEST_STEP][PASSED] - delay(1): Delayed 1 second(s)

2024-11-12 17:20:34 - [MESSAGE][PASSED] - Delayed 1 second(s)

2024-11-12 17:20:34 - [TEST_STEP][PASSED] - scrollToElement(findTestObject(orPath_Amount + "/input__paymentAmount"), 2, CONTINUE_ON_FAILURE): Scroll to object 'Object Repository/RAD_Pages/PaymentAmount_Page/input__paymentAmount' successfully

2024-11-12 17:20:35 - [MESSAGE][PASSED] - Scroll to object 'Object Repository/RAD_Pages/PaymentAmount_Page/input__paymentAmount' successfully

2024-11-12 17:20:35 - [TEST_STEP][PASSED] - switch (Paymenttype): null

2024-11-12 17:20:35 - [TEST_STEP][PASSED] - case "Existing Liability with Notice/Invoice Number":: null

2024-11-12 17:20:35 - [TEST_STEP][PASSED] - setEncryptedText(findTestObject("Object Repository/RAD_RecordAndPlay/input_Existing_FEIN"), "RigbBhfdqODKcAsiUrg+1Q=="): Text ****** has been set on object 'Object Repository/RAD_RecordAndPlay/input_Existing_FEIN'

2024-11-12 17:20:37 - [MESSAGE][PASSED] - Text ****** has been set on object 'Object Repository/RAD_RecordAndPlay/input_Existing_FEIN'

2024-11-12 17:20:37 - [TEST_STEP][PASSED] - setEncryptedText(findTestObject("Object Repository/RAD_RecordAndPlay/input_Existing_RetypeFEIN"), "RigbBhfdqOBBGbZqm4oFJQ=="): Text ****** has been set on object 'Object Repository/RAD_RecordAndPlay/input_Existing_RetypeFEIN'

2024-11-12 17:20:38 - [MESSAGE][PASSED] - Text ****** has been set on object 'Object Repository/RAD_RecordAndPlay/input_Existing_RetypeFEIN'

2024-11-12 17:20:38 - [TEST_STEP][PASSED] - break: null

2024-11-12 17:20:38 - [TEST_STEP][PASSED] - setText(findTestObject(orPath_Amount + "/input__paymentAmount"), ""): Text '' is set on object 'Object Repository/RAD_Pages/PaymentAmount_Page/input__paymentAmount'

2024-11-12 17:20:39 - [MESSAGE][PASSED] - Text '' is set on object 'Object Repository/RAD_Pages/PaymentAmount_Page/input__paymentAmount'

2024-11-12 17:20:39 - [TEST_STEP][PASSED] - verifyTextPresent("The FEIN and Re-type FEIN do not match", true): Text 'The FEIN and Re-type FEIN do not match' is present on page  using regular expression

2024-11-12 17:20:39 - [MESSAGE][PASSED] - Text 'The FEIN and Re-type FEIN do not match' is present on page  using regular expression

2024-11-12 17:20:39 - [TEST_STEP][PASSED] - if (verifyTextPresent("The FEIN and Re-type FEIN do not match", true)): null

2024-11-12 17:20:39 - [MESSAGE][PASSED] - Text 'The FEIN and Re-type FEIN do not match' is present on page  using regular expression

2024-11-12 17:20:39 - [TEST_STEP][PASSED] - println("Error Message is present on the page"): null

2024-11-12 17:20:39 - [TEST_STEP][PASSED] - out.println("Pass Record Number: " + row): null

2024-11-12 17:20:39 - [TEST_STEP][PASSED] - resText = "Pass": null

2024-11-12 17:20:39 - [TEST_STEP][PASSED] - pages.WriteExcel.demoKey(resText, datText, resColumn, datCloumn, fileLoc, nameSheet, row): pages.WriteExcel.demoKey is PASSED

2024-11-12 17:20:39 - [MESSAGE][PASSED] - pages.WriteExcel.demoKey is PASSED

2024-11-12 17:20:39 - [TEST_STEP][PASSED] - ExecuteTC = findTestData(dataFile).getValue("Execute", row): null

2024-11-12 17:20:40 - [TEST_STEP][PASSED] - Taxtype = findTestData(dataFile).getValue("TaxType", row): null

2024-11-12 17:20:40 - [TEST_STEP][PASSED] - Paymenttype = findTestData(dataFile).getValue("PaymentType", row): null

2024-11-12 17:20:40 - [TEST_STEP][PASSED] - out.println("Value of Execute is : " + ExecuteTC): null

2024-11-12 17:20:40 - [TEST_STEP][PASSED] - if (ExecuteTC.equalsIgnoreCase("Y")): null

2024-11-12 17:20:40 - [TEST_STEP][PASSED] - out.println("Begin Record Number: " + row): null

2024-11-12 17:20:40 - [TEST_STEP][PASSED] - today = new java.util.Date(): null

2024-11-12 17:20:40 - [TEST_STEP][PASSED] - println(today): null

2024-11-12 17:20:40 - [TEST_STEP][PASSED] - datText = today: null

2024-11-12 17:20:40 - [TEST_STEP][PASSED] - Taxtype = findTestData(dataFile).getValue("TaxType", row): null

2024-11-12 17:20:40 - [TEST_STEP][PASSED] - out.println("Taxtype value is : " + Taxtype): null

2024-11-12 17:20:40 - [TEST_STEP][PASSED] - openBrowser(""): Browser is opened with url: ''

2024-11-12 17:20:40 - [MESSAGE][WARNING] - A browser is already opened. Closing browser and opening a new one

2024-11-12 17:20:41 - [MESSAGE][INFO] - Starting 'Chrome' driver

2024-11-12 17:20:41 - [MESSAGE][INFO] - User set preference: ['acceptInsecureCerts', 'true']

2024-11-12 17:20:41 - [MESSAGE][INFO] - Action delay is set to 0 milliseconds

2024-11-12 17:20:43 - [MESSAGE][PASSED] - Browser is opened with url: ''

2024-11-12 17:20:43 - [TEST_STEP][PASSED] - maximizeWindow(): Current window maximized

2024-11-12 17:20:43 - [MESSAGE][PASSED] - Current window maximized

2024-11-12 17:20:43 - [TEST_STEP][PASSED] - navigateToUrl(RADurl): Navigate to 'https://www.velocitypayment.com/client/rad/index.html' successfully

2024-11-12 17:20:45 - [MESSAGE][PASSED] - Navigate to 'https://www.velocitypayment.com/client/rad/index.html' successfully

2024-11-12 17:20:45 - [TEST_STEP][PASSED] - orPath_Landing = "Object Repository/RAD_Pages/Landing_Page": null

2024-11-12 17:20:45 - [TEST_STEP][PASSED] - orPath_TaxTypeFilingYear = "Object Repository/RAD_Pages/TaxTypeFilingYear_Page": null

2024-11-12 17:20:45 - [TEST_STEP][PASSED] - orPath_TaxPayer = "Object Repository/RAD_Pages/Taxpayer_Page": null

2024-11-12 17:20:45 - [TEST_STEP][PASSED] - orPath_AddressContact = "Object Repository/RAD_Pages/AddressAndContactInfo_Page": null

2024-11-12 17:20:45 - [TEST_STEP][PASSED] - orPath_FilingStatus = "Object Repository/RAD_Pages/FilingStatus_Page": null

2024-11-12 17:20:45 - [TEST_STEP][PASSED] - orPath_Amount = "Object Repository/RAD_Pages/PaymentAmount_Page": null

2024-11-12 17:20:45 - [TEST_STEP][PASSED] - orPath_TaxInfo = "Object Repository/RAD_Pages/TaxInfo_Page": null

2024-11-12 17:20:45 - [TEST_STEP][PASSED] - orPath_Withholding = "Object Repository/RAD_Pages/Withholding_Page": null

2024-11-12 17:20:45 - [TEST_STEP][PASSED] - orPath_Summary = "Object Repository/RAD_Pages/Summary_Page": null

2024-11-12 17:20:45 - [TEST_STEP][PASSED] - orPath_PaymentReady = "Object Repository/RAD_Pages/PaymentReady_Page": null

2024-11-12 17:20:45 - [TEST_STEP][PASSED] - orPath_PaymentEntry = "Object Repository/RAD_Pages/PaymentEntry_Page": null

2024-11-12 17:20:45 - [TEST_STEP][PASSED] - orPath_PaymentConfirmation = "Object Repository/RAD_Pages/PaymentConfirmation_Page": null

2024-11-12 17:20:45 - [TEST_STEP][PASSED] - orPath_ServiceFeesAccept = "Object Repository/RAD_Pages/ServiceFeeAccept_Page": null

2024-11-12 17:20:45 - [TEST_STEP][PASSED] - selectOptionByLabel(findTestObject(orPath_Landing + "/dd_TaxType"), Paymenttype, false): All options with label 'Existing Liability with Notice/Invoice Number' are selected in object 'Object Repository/RAD_Pages/Landing_Page/dd_TaxType' 

2024-11-12 17:20:46 - [MESSAGE][PASSED] - All options with label 'Existing Liability with Notice/Invoice Number' are selected in object 'Object Repository/RAD_Pages/Landing_Page/dd_TaxType' 

2024-11-12 17:20:46 - [TEST_STEP][PASSED] - delay(1): Delayed 1 second(s)

2024-11-12 17:20:47 - [MESSAGE][PASSED] - Delayed 1 second(s)

2024-11-12 17:20:47 - [TEST_STEP][PASSED] - switch (Paymenttype): null

2024-11-12 17:20:47 - [TEST_STEP][PASSED] - case "Existing Liability with Notice/Invoice Number":: null

2024-11-12 17:20:47 - [TEST_STEP][PASSED] - selectOptionByLabel(findTestObject(orPath_TaxTypeFilingYear + "/select_TaxType_ExistingLiability"), Taxtype, false): All options with label 'Sales & Use Tax' are selected in object 'Object Repository/RAD_Pages/TaxTypeFilingYear_Page/select_TaxType_ExistingLiability' 

2024-11-12 17:20:47 - [MESSAGE][PASSED] - All options with label 'Sales & Use Tax' are selected in object 'Object Repository/RAD_Pages/TaxTypeFilingYear_Page/select_TaxType_ExistingLiability' 

2024-11-12 17:20:47 - [TEST_STEP][PASSED] - break: null

2024-11-12 17:20:47 - [TEST_STEP][PASSED] - delay(1): Delayed 1 second(s)

2024-11-12 17:20:48 - [MESSAGE][PASSED] - Delayed 1 second(s)

2024-11-12 17:20:48 - [TEST_STEP][PASSED] - scrollToElement(findTestObject(orPath_Amount + "/input__paymentAmount"), 2, CONTINUE_ON_FAILURE): Scroll to object 'Object Repository/RAD_Pages/PaymentAmount_Page/input__paymentAmount' successfully

2024-11-12 17:20:49 - [MESSAGE][PASSED] - Scroll to object 'Object Repository/RAD_Pages/PaymentAmount_Page/input__paymentAmount' successfully

2024-11-12 17:20:49 - [TEST_STEP][PASSED] - switch (Paymenttype): null

2024-11-12 17:20:49 - [TEST_STEP][PASSED] - case "Existing Liability with Notice/Invoice Number":: null

2024-11-12 17:20:49 - [TEST_STEP][PASSED] - setEncryptedText(findTestObject("Object Repository/RAD_RecordAndPlay/input_Existing_FEIN"), "RigbBhfdqODKcAsiUrg+1Q=="): Text ****** has been set on object 'Object Repository/RAD_RecordAndPlay/input_Existing_FEIN'

2024-11-12 17:20:50 - [MESSAGE][PASSED] - Text ****** has been set on object 'Object Repository/RAD_RecordAndPlay/input_Existing_FEIN'

2024-11-12 17:20:50 - [TEST_STEP][PASSED] - setEncryptedText(findTestObject("Object Repository/RAD_RecordAndPlay/input_Existing_RetypeFEIN"), "RigbBhfdqOBBGbZqm4oFJQ=="): Text ****** has been set on object 'Object Repository/RAD_RecordAndPlay/input_Existing_RetypeFEIN'

2024-11-12 17:20:50 - [MESSAGE][PASSED] - Text ****** has been set on object 'Object Repository/RAD_RecordAndPlay/input_Existing_RetypeFEIN'

2024-11-12 17:20:50 - [TEST_STEP][PASSED] - break: null

2024-11-12 17:20:50 - [TEST_STEP][PASSED] - setText(findTestObject(orPath_Amount + "/input__paymentAmount"), ""): Text '' is set on object 'Object Repository/RAD_Pages/PaymentAmount_Page/input__paymentAmount'

2024-11-12 17:20:51 - [MESSAGE][PASSED] - Text '' is set on object 'Object Repository/RAD_Pages/PaymentAmount_Page/input__paymentAmount'

2024-11-12 17:20:51 - [TEST_STEP][PASSED] - verifyTextPresent("The FEIN and Re-type FEIN do not match", true): Text 'The FEIN and Re-type FEIN do not match' is present on page  using regular expression

2024-11-12 17:20:51 - [MESSAGE][PASSED] - Text 'The FEIN and Re-type FEIN do not match' is present on page  using regular expression

2024-11-12 17:20:51 - [TEST_STEP][PASSED] - if (verifyTextPresent("The FEIN and Re-type FEIN do not match", true)): null

2024-11-12 17:20:52 - [MESSAGE][PASSED] - Text 'The FEIN and Re-type FEIN do not match' is present on page  using regular expression

2024-11-12 17:20:52 - [TEST_STEP][PASSED] - println("Error Message is present on the page"): null

2024-11-12 17:20:52 - [TEST_STEP][PASSED] - out.println("Pass Record Number: " + row): null

2024-11-12 17:20:52 - [TEST_STEP][PASSED] - resText = "Pass": null

2024-11-12 17:20:52 - [TEST_STEP][PASSED] - pages.WriteExcel.demoKey(resText, datText, resColumn, datCloumn, fileLoc, nameSheet, row): pages.WriteExcel.demoKey is PASSED

2024-11-12 17:20:52 - [MESSAGE][PASSED] - pages.WriteExcel.demoKey is PASSED

2024-11-12 17:20:52 - [TEST_STEP][PASSED] - ExecuteTC = findTestData(dataFile).getValue("Execute", row): null

2024-11-12 17:20:52 - [TEST_STEP][PASSED] - Taxtype = findTestData(dataFile).getValue("TaxType", row): null

2024-11-12 17:20:52 - [TEST_STEP][PASSED] - Paymenttype = findTestData(dataFile).getValue("PaymentType", row): null

2024-11-12 17:20:52 - [TEST_STEP][PASSED] - out.println("Value of Execute is : " + ExecuteTC): null

2024-11-12 17:20:52 - [TEST_STEP][PASSED] - if (ExecuteTC.equalsIgnoreCase("Y")): null

2024-11-12 17:20:52 - [TEST_STEP][PASSED] - out.println("Begin Record Number: " + row): null

2024-11-12 17:20:52 - [TEST_STEP][PASSED] - today = new java.util.Date(): null

2024-11-12 17:20:52 - [TEST_STEP][PASSED] - println(today): null

2024-11-12 17:20:52 - [TEST_STEP][PASSED] - datText = today: null

2024-11-12 17:20:52 - [TEST_STEP][PASSED] - Taxtype = findTestData(dataFile).getValue("TaxType", row): null

2024-11-12 17:20:52 - [TEST_STEP][PASSED] - out.println("Taxtype value is : " + Taxtype): null

2024-11-12 17:20:52 - [TEST_STEP][PASSED] - openBrowser(""): Browser is opened with url: ''

2024-11-12 17:20:52 - [MESSAGE][WARNING] - A browser is already opened. Closing browser and opening a new one

2024-11-12 17:20:53 - [MESSAGE][INFO] - Starting 'Chrome' driver

2024-11-12 17:20:53 - [MESSAGE][INFO] - User set preference: ['acceptInsecureCerts', 'true']

2024-11-12 17:20:53 - [MESSAGE][INFO] - Action delay is set to 0 milliseconds

2024-11-12 17:20:55 - [MESSAGE][PASSED] - Browser is opened with url: ''

2024-11-12 17:20:55 - [TEST_STEP][PASSED] - maximizeWindow(): Current window maximized

2024-11-12 17:20:55 - [MESSAGE][PASSED] - Current window maximized

2024-11-12 17:20:55 - [TEST_STEP][PASSED] - navigateToUrl(RADurl): Navigate to 'https://www.velocitypayment.com/client/rad/index.html' successfully

2024-11-12 17:20:57 - [MESSAGE][PASSED] - Navigate to 'https://www.velocitypayment.com/client/rad/index.html' successfully

2024-11-12 17:20:57 - [TEST_STEP][PASSED] - orPath_Landing = "Object Repository/RAD_Pages/Landing_Page": null

2024-11-12 17:20:57 - [TEST_STEP][PASSED] - orPath_TaxTypeFilingYear = "Object Repository/RAD_Pages/TaxTypeFilingYear_Page": null

2024-11-12 17:20:57 - [TEST_STEP][PASSED] - orPath_TaxPayer = "Object Repository/RAD_Pages/Taxpayer_Page": null

2024-11-12 17:20:57 - [TEST_STEP][PASSED] - orPath_AddressContact = "Object Repository/RAD_Pages/AddressAndContactInfo_Page": null

2024-11-12 17:20:57 - [TEST_STEP][PASSED] - orPath_FilingStatus = "Object Repository/RAD_Pages/FilingStatus_Page": null

2024-11-12 17:20:57 - [TEST_STEP][PASSED] - orPath_Amount = "Object Repository/RAD_Pages/PaymentAmount_Page": null

2024-11-12 17:20:57 - [TEST_STEP][PASSED] - orPath_TaxInfo = "Object Repository/RAD_Pages/TaxInfo_Page": null

2024-11-12 17:20:57 - [TEST_STEP][PASSED] - orPath_Withholding = "Object Repository/RAD_Pages/Withholding_Page": null

2024-11-12 17:20:57 - [TEST_STEP][PASSED] - orPath_Summary = "Object Repository/RAD_Pages/Summary_Page": null

2024-11-12 17:20:57 - [TEST_STEP][PASSED] - orPath_PaymentReady = "Object Repository/RAD_Pages/PaymentReady_Page": null

2024-11-12 17:20:57 - [TEST_STEP][PASSED] - orPath_PaymentEntry = "Object Repository/RAD_Pages/PaymentEntry_Page": null

2024-11-12 17:20:57 - [TEST_STEP][PASSED] - orPath_PaymentConfirmation = "Object Repository/RAD_Pages/PaymentConfirmation_Page": null

2024-11-12 17:20:57 - [TEST_STEP][PASSED] - orPath_ServiceFeesAccept = "Object Repository/RAD_Pages/ServiceFeeAccept_Page": null

2024-11-12 17:20:57 - [TEST_STEP][PASSED] - selectOptionByLabel(findTestObject(orPath_Landing + "/dd_TaxType"), Paymenttype, false): All options with label 'Existing Liability with Notice/Invoice Number' are selected in object 'Object Repository/RAD_Pages/Landing_Page/dd_TaxType' 

2024-11-12 17:20:58 - [MESSAGE][PASSED] - All options with label 'Existing Liability with Notice/Invoice Number' are selected in object 'Object Repository/RAD_Pages/Landing_Page/dd_TaxType' 

2024-11-12 17:20:58 - [TEST_STEP][PASSED] - delay(1): Delayed 1 second(s)

2024-11-12 17:20:59 - [MESSAGE][PASSED] - Delayed 1 second(s)

2024-11-12 17:20:59 - [TEST_STEP][PASSED] - switch (Paymenttype): null

2024-11-12 17:20:59 - [TEST_STEP][PASSED] - case "Existing Liability with Notice/Invoice Number":: null

2024-11-12 17:20:59 - [TEST_STEP][PASSED] - selectOptionByLabel(findTestObject(orPath_TaxTypeFilingYear + "/select_TaxType_ExistingLiability"), Taxtype, false): All options with label 'Tire Recycling Fee' are selected in object 'Object Repository/RAD_Pages/TaxTypeFilingYear_Page/select_TaxType_ExistingLiability' 

2024-11-12 17:20:59 - [MESSAGE][PASSED] - All options with label 'Tire Recycling Fee' are selected in object 'Object Repository/RAD_Pages/TaxTypeFilingYear_Page/select_TaxType_ExistingLiability' 

2024-11-12 17:20:59 - [TEST_STEP][PASSED] - break: null

2024-11-12 17:20:59 - [TEST_STEP][PASSED] - delay(1): Delayed 1 second(s)

2024-11-12 17:21:00 - [MESSAGE][PASSED] - Delayed 1 second(s)

2024-11-12 17:21:00 - [TEST_STEP][PASSED] - scrollToElement(findTestObject(orPath_Amount + "/input__paymentAmount"), 2, CONTINUE_ON_FAILURE): Scroll to object 'Object Repository/RAD_Pages/PaymentAmount_Page/input__paymentAmount' successfully

2024-11-12 17:21:01 - [MESSAGE][PASSED] - Scroll to object 'Object Repository/RAD_Pages/PaymentAmount_Page/input__paymentAmount' successfully

2024-11-12 17:21:01 - [TEST_STEP][PASSED] - switch (Paymenttype): null

2024-11-12 17:21:01 - [TEST_STEP][PASSED] - case "Existing Liability with Notice/Invoice Number":: null

2024-11-12 17:21:01 - [TEST_STEP][PASSED] - setEncryptedText(findTestObject("Object Repository/RAD_RecordAndPlay/input_Existing_FEIN"), "RigbBhfdqODKcAsiUrg+1Q=="): Text ****** has been set on object 'Object Repository/RAD_RecordAndPlay/input_Existing_FEIN'

2024-11-12 17:21:01 - [MESSAGE][PASSED] - Text ****** has been set on object 'Object Repository/RAD_RecordAndPlay/input_Existing_FEIN'

2024-11-12 17:21:01 - [TEST_STEP][PASSED] - setEncryptedText(findTestObject("Object Repository/RAD_RecordAndPlay/input_Existing_RetypeFEIN"), "RigbBhfdqOBBGbZqm4oFJQ=="): Text ****** has been set on object 'Object Repository/RAD_RecordAndPlay/input_Existing_RetypeFEIN'

2024-11-12 17:21:02 - [MESSAGE][PASSED] - Text ****** has been set on object 'Object Repository/RAD_RecordAndPlay/input_Existing_RetypeFEIN'

2024-11-12 17:21:02 - [TEST_STEP][PASSED] - break: null

2024-11-12 17:21:02 - [TEST_STEP][PASSED] - setText(findTestObject(orPath_Amount + "/input__paymentAmount"), ""): Text '' is set on object 'Object Repository/RAD_Pages/PaymentAmount_Page/input__paymentAmount'

2024-11-12 17:21:03 - [MESSAGE][PASSED] - Text '' is set on object 'Object Repository/RAD_Pages/PaymentAmount_Page/input__paymentAmount'

2024-11-12 17:21:03 - [TEST_STEP][PASSED] - verifyTextPresent("The FEIN and Re-type FEIN do not match", true): Text 'The FEIN and Re-type FEIN do not match' is present on page  using regular expression

2024-11-12 17:21:03 - [MESSAGE][PASSED] - Text 'The FEIN and Re-type FEIN do not match' is present on page  using regular expression

2024-11-12 17:21:03 - [TEST_STEP][PASSED] - if (verifyTextPresent("The FEIN and Re-type FEIN do not match", true)): null

2024-11-12 17:21:03 - [MESSAGE][PASSED] - Text 'The FEIN and Re-type FEIN do not match' is present on page  using regular expression

2024-11-12 17:21:03 - [TEST_STEP][PASSED] - println("Error Message is present on the page"): null

2024-11-12 17:21:03 - [TEST_STEP][PASSED] - out.println("Pass Record Number: " + row): null

2024-11-12 17:21:03 - [TEST_STEP][PASSED] - resText = "Pass": null

2024-11-12 17:21:03 - [TEST_STEP][PASSED] - pages.WriteExcel.demoKey(resText, datText, resColumn, datCloumn, fileLoc, nameSheet, row): pages.WriteExcel.demoKey is PASSED

2024-11-12 17:21:03 - [MESSAGE][PASSED] - pages.WriteExcel.demoKey is PASSED

2024-11-12 17:21:03 - [TEST_STEP][PASSED] - ExecuteTC = findTestData(dataFile).getValue("Execute", row): null

2024-11-12 17:21:04 - [TEST_STEP][PASSED] - Taxtype = findTestData(dataFile).getValue("TaxType", row): null

2024-11-12 17:21:04 - [TEST_STEP][PASSED] - Paymenttype = findTestData(dataFile).getValue("PaymentType", row): null

2024-11-12 17:21:04 - [TEST_STEP][PASSED] - out.println("Value of Execute is : " + ExecuteTC): null

2024-11-12 17:21:04 - [TEST_STEP][PASSED] - if (ExecuteTC.equalsIgnoreCase("Y")): null

2024-11-12 17:21:04 - [TEST_STEP][PASSED] - out.println("Begin Record Number: " + row): null

2024-11-12 17:21:04 - [TEST_STEP][PASSED] - today = new java.util.Date(): null

2024-11-12 17:21:04 - [TEST_STEP][PASSED] - println(today): null

2024-11-12 17:21:04 - [TEST_STEP][PASSED] - datText = today: null

2024-11-12 17:21:04 - [TEST_STEP][PASSED] - Taxtype = findTestData(dataFile).getValue("TaxType", row): null

2024-11-12 17:21:04 - [TEST_STEP][PASSED] - out.println("Taxtype value is : " + Taxtype): null

2024-11-12 17:21:04 - [TEST_STEP][PASSED] - openBrowser(""): Browser is opened with url: ''

2024-11-12 17:21:04 - [MESSAGE][WARNING] - A browser is already opened. Closing browser and opening a new one

2024-11-12 17:21:05 - [MESSAGE][INFO] - Starting 'Chrome' driver

2024-11-12 17:21:05 - [MESSAGE][INFO] - User set preference: ['acceptInsecureCerts', 'true']

2024-11-12 17:21:05 - [MESSAGE][INFO] - Action delay is set to 0 milliseconds

2024-11-12 17:21:07 - [MESSAGE][PASSED] - Browser is opened with url: ''

2024-11-12 17:21:07 - [TEST_STEP][PASSED] - maximizeWindow(): Current window maximized

2024-11-12 17:21:07 - [MESSAGE][PASSED] - Current window maximized

2024-11-12 17:21:07 - [TEST_STEP][PASSED] - navigateToUrl(RADurl): Navigate to 'https://www.velocitypayment.com/client/rad/index.html' successfully

2024-11-12 17:21:08 - [MESSAGE][PASSED] - Navigate to 'https://www.velocitypayment.com/client/rad/index.html' successfully

2024-11-12 17:21:08 - [TEST_STEP][PASSED] - orPath_Landing = "Object Repository/RAD_Pages/Landing_Page": null

2024-11-12 17:21:08 - [TEST_STEP][PASSED] - orPath_TaxTypeFilingYear = "Object Repository/RAD_Pages/TaxTypeFilingYear_Page": null

2024-11-12 17:21:08 - [TEST_STEP][PASSED] - orPath_TaxPayer = "Object Repository/RAD_Pages/Taxpayer_Page": null

2024-11-12 17:21:08 - [TEST_STEP][PASSED] - orPath_AddressContact = "Object Repository/RAD_Pages/AddressAndContactInfo_Page": null

2024-11-12 17:21:08 - [TEST_STEP][PASSED] - orPath_FilingStatus = "Object Repository/RAD_Pages/FilingStatus_Page": null

2024-11-12 17:21:08 - [TEST_STEP][PASSED] - orPath_Amount = "Object Repository/RAD_Pages/PaymentAmount_Page": null

2024-11-12 17:21:08 - [TEST_STEP][PASSED] - orPath_TaxInfo = "Object Repository/RAD_Pages/TaxInfo_Page": null

2024-11-12 17:21:08 - [TEST_STEP][PASSED] - orPath_Withholding = "Object Repository/RAD_Pages/Withholding_Page": null

2024-11-12 17:21:08 - [TEST_STEP][PASSED] - orPath_Summary = "Object Repository/RAD_Pages/Summary_Page": null

2024-11-12 17:21:08 - [TEST_STEP][PASSED] - orPath_PaymentReady = "Object Repository/RAD_Pages/PaymentReady_Page": null

2024-11-12 17:21:08 - [TEST_STEP][PASSED] - orPath_PaymentEntry = "Object Repository/RAD_Pages/PaymentEntry_Page": null

2024-11-12 17:21:08 - [TEST_STEP][PASSED] - orPath_PaymentConfirmation = "Object Repository/RAD_Pages/PaymentConfirmation_Page": null

2024-11-12 17:21:08 - [TEST_STEP][PASSED] - orPath_ServiceFeesAccept = "Object Repository/RAD_Pages/ServiceFeeAccept_Page": null

2024-11-12 17:21:08 - [TEST_STEP][PASSED] - selectOptionByLabel(findTestObject(orPath_Landing + "/dd_TaxType"), Paymenttype, false): All options with label 'Existing Liability with Notice/Invoice Number' are selected in object 'Object Repository/RAD_Pages/Landing_Page/dd_TaxType' 

2024-11-12 17:21:09 - [MESSAGE][PASSED] - All options with label 'Existing Liability with Notice/Invoice Number' are selected in object 'Object Repository/RAD_Pages/Landing_Page/dd_TaxType' 

2024-11-12 17:21:09 - [TEST_STEP][PASSED] - delay(1): Delayed 1 second(s)

2024-11-12 17:21:10 - [MESSAGE][PASSED] - Delayed 1 second(s)

2024-11-12 17:21:10 - [TEST_STEP][PASSED] - switch (Paymenttype): null

2024-11-12 17:21:10 - [TEST_STEP][PASSED] - case "Existing Liability with Notice/Invoice Number":: null

2024-11-12 17:21:10 - [TEST_STEP][PASSED] - selectOptionByLabel(findTestObject(orPath_TaxTypeFilingYear + "/select_TaxType_ExistingLiability"), Taxtype, false): All options with label 'Withholding Tax' are selected in object 'Object Repository/RAD_Pages/TaxTypeFilingYear_Page/select_TaxType_ExistingLiability' 

2024-11-12 17:21:11 - [MESSAGE][PASSED] - All options with label 'Withholding Tax' are selected in object 'Object Repository/RAD_Pages/TaxTypeFilingYear_Page/select_TaxType_ExistingLiability' 

2024-11-12 17:21:11 - [TEST_STEP][PASSED] - break: null

2024-11-12 17:21:11 - [TEST_STEP][PASSED] - delay(1): Delayed 1 second(s)

2024-11-12 17:21:12 - [MESSAGE][PASSED] - Delayed 1 second(s)

2024-11-12 17:21:12 - [TEST_STEP][PASSED] - scrollToElement(findTestObject(orPath_Amount + "/input__paymentAmount"), 2, CONTINUE_ON_FAILURE): Scroll to object 'Object Repository/RAD_Pages/PaymentAmount_Page/input__paymentAmount' successfully

2024-11-12 17:21:12 - [MESSAGE][PASSED] - Scroll to object 'Object Repository/RAD_Pages/PaymentAmount_Page/input__paymentAmount' successfully

2024-11-12 17:21:12 - [TEST_STEP][PASSED] - switch (Paymenttype): null

2024-11-12 17:21:12 - [TEST_STEP][PASSED] - case "Existing Liability with Notice/Invoice Number":: null

2024-11-12 17:21:12 - [TEST_STEP][PASSED] - setEncryptedText(findTestObject("Object Repository/RAD_RecordAndPlay/input_Existing_FEIN"), "RigbBhfdqODKcAsiUrg+1Q=="): Text ****** has been set on object 'Object Repository/RAD_RecordAndPlay/input_Existing_FEIN'

2024-11-12 17:21:13 - [MESSAGE][PASSED] - Text ****** has been set on object 'Object Repository/RAD_RecordAndPlay/input_Existing_FEIN'

2024-11-12 17:21:13 - [TEST_STEP][PASSED] - setEncryptedText(findTestObject("Object Repository/RAD_RecordAndPlay/input_Existing_RetypeFEIN"), "RigbBhfdqOBBGbZqm4oFJQ=="): Text ****** has been set on object 'Object Repository/RAD_RecordAndPlay/input_Existing_RetypeFEIN'

2024-11-12 17:21:13 - [MESSAGE][PASSED] - Text ****** has been set on object 'Object Repository/RAD_RecordAndPlay/input_Existing_RetypeFEIN'

2024-11-12 17:21:13 - [TEST_STEP][PASSED] - break: null

2024-11-12 17:21:13 - [TEST_STEP][PASSED] - setText(findTestObject(orPath_Amount + "/input__paymentAmount"), ""): Text '' is set on object 'Object Repository/RAD_Pages/PaymentAmount_Page/input__paymentAmount'

2024-11-12 17:21:14 - [MESSAGE][PASSED] - Text '' is set on object 'Object Repository/RAD_Pages/PaymentAmount_Page/input__paymentAmount'

2024-11-12 17:21:14 - [TEST_STEP][PASSED] - verifyTextPresent("The FEIN and Re-type FEIN do not match", true): Text 'The FEIN and Re-type FEIN do not match' is present on page  using regular expression

2024-11-12 17:21:14 - [MESSAGE][PASSED] - Text 'The FEIN and Re-type FEIN do not match' is present on page  using regular expression

2024-11-12 17:21:14 - [TEST_STEP][PASSED] - if (verifyTextPresent("The FEIN and Re-type FEIN do not match", true)): null

2024-11-12 17:21:15 - [MESSAGE][PASSED] - Text 'The FEIN and Re-type FEIN do not match' is present on page  using regular expression

2024-11-12 17:21:15 - [TEST_STEP][PASSED] - println("Error Message is present on the page"): null

2024-11-12 17:21:15 - [TEST_STEP][PASSED] - out.println("Pass Record Number: " + row): null

2024-11-12 17:21:15 - [TEST_STEP][PASSED] - resText = "Pass": null

2024-11-12 17:21:15 - [TEST_STEP][PASSED] - pages.WriteExcel.demoKey(resText, datText, resColumn, datCloumn, fileLoc, nameSheet, row): pages.WriteExcel.demoKey is PASSED

2024-11-12 17:21:15 - [MESSAGE][PASSED] - pages.WriteExcel.demoKey is PASSED

2024-11-12 17:21:15 - [TEST_STEP][PASSED] - ExecuteTC = findTestData(dataFile).getValue("Execute", row): null

2024-11-12 17:21:15 - [TEST_STEP][PASSED] - Taxtype = findTestData(dataFile).getValue("TaxType", row): null

2024-11-12 17:21:15 - [TEST_STEP][PASSED] - Paymenttype = findTestData(dataFile).getValue("PaymentType", row): null

2024-11-12 17:21:15 - [TEST_STEP][PASSED] - out.println("Value of Execute is : " + ExecuteTC): null

2024-11-12 17:21:15 - [TEST_STEP][PASSED] - if (ExecuteTC.equalsIgnoreCase("Y")): null

2024-11-12 17:21:15 - [TEST_STEP][PASSED] - out.println("Begin Record Number: " + row): null

2024-11-12 17:21:15 - [TEST_STEP][PASSED] - today = new java.util.Date(): null

2024-11-12 17:21:15 - [TEST_STEP][PASSED] - println(today): null

2024-11-12 17:21:15 - [TEST_STEP][PASSED] - datText = today: null

2024-11-12 17:21:15 - [TEST_STEP][PASSED] - Taxtype = findTestData(dataFile).getValue("TaxType", row): null

2024-11-12 17:21:15 - [TEST_STEP][PASSED] - out.println("Taxtype value is : " + Taxtype): null

2024-11-12 17:21:15 - [TEST_STEP][PASSED] - openBrowser(""): Browser is opened with url: ''

2024-11-12 17:21:15 - [MESSAGE][WARNING] - A browser is already opened. Closing browser and opening a new one

2024-11-12 17:21:16 - [MESSAGE][INFO] - Starting 'Chrome' driver

2024-11-12 17:21:16 - [MESSAGE][INFO] - User set preference: ['acceptInsecureCerts', 'true']

2024-11-12 17:21:16 - [MESSAGE][INFO] - Action delay is set to 0 milliseconds

2024-11-12 17:21:18 - [MESSAGE][PASSED] - Browser is opened with url: ''

2024-11-12 17:21:18 - [TEST_STEP][PASSED] - maximizeWindow(): Current window maximized

2024-11-12 17:21:18 - [MESSAGE][PASSED] - Current window maximized

2024-11-12 17:21:18 - [TEST_STEP][PASSED] - navigateToUrl(RADurl): Navigate to 'https://www.velocitypayment.com/client/rad/index.html' successfully

2024-11-12 17:21:20 - [MESSAGE][PASSED] - Navigate to 'https://www.velocitypayment.com/client/rad/index.html' successfully

2024-11-12 17:21:20 - [TEST_STEP][PASSED] - orPath_Landing = "Object Repository/RAD_Pages/Landing_Page": null

2024-11-12 17:21:20 - [TEST_STEP][PASSED] - orPath_TaxTypeFilingYear = "Object Repository/RAD_Pages/TaxTypeFilingYear_Page": null

2024-11-12 17:21:20 - [TEST_STEP][PASSED] - orPath_TaxPayer = "Object Repository/RAD_Pages/Taxpayer_Page": null

2024-11-12 17:21:20 - [TEST_STEP][PASSED] - orPath_AddressContact = "Object Repository/RAD_Pages/AddressAndContactInfo_Page": null

2024-11-12 17:21:20 - [TEST_STEP][PASSED] - orPath_FilingStatus = "Object Repository/RAD_Pages/FilingStatus_Page": null

2024-11-12 17:21:20 - [TEST_STEP][PASSED] - orPath_Amount = "Object Repository/RAD_Pages/PaymentAmount_Page": null

2024-11-12 17:21:20 - [TEST_STEP][PASSED] - orPath_TaxInfo = "Object Repository/RAD_Pages/TaxInfo_Page": null

2024-11-12 17:21:20 - [TEST_STEP][PASSED] - orPath_Withholding = "Object Repository/RAD_Pages/Withholding_Page": null

2024-11-12 17:21:20 - [TEST_STEP][PASSED] - orPath_Summary = "Object Repository/RAD_Pages/Summary_Page": null

2024-11-12 17:21:20 - [TEST_STEP][PASSED] - orPath_PaymentReady = "Object Repository/RAD_Pages/PaymentReady_Page": null

2024-11-12 17:21:20 - [TEST_STEP][PASSED] - orPath_PaymentEntry = "Object Repository/RAD_Pages/PaymentEntry_Page": null

2024-11-12 17:21:20 - [TEST_STEP][PASSED] - orPath_PaymentConfirmation = "Object Repository/RAD_Pages/PaymentConfirmation_Page": null

2024-11-12 17:21:20 - [TEST_STEP][PASSED] - orPath_ServiceFeesAccept = "Object Repository/RAD_Pages/ServiceFeeAccept_Page": null

2024-11-12 17:21:20 - [TEST_STEP][PASSED] - selectOptionByLabel(findTestObject(orPath_Landing + "/dd_TaxType"), Paymenttype, false): All options with label 'Existing Liability with Notice/Invoice Number' are selected in object 'Object Repository/RAD_Pages/Landing_Page/dd_TaxType' 

2024-11-12 17:21:20 - [MESSAGE][PASSED] - All options with label 'Existing Liability with Notice/Invoice Number' are selected in object 'Object Repository/RAD_Pages/Landing_Page/dd_TaxType' 

2024-11-12 17:21:20 - [TEST_STEP][PASSED] - delay(1): Delayed 1 second(s)

2024-11-12 17:21:21 - [MESSAGE][PASSED] - Delayed 1 second(s)

2024-11-12 17:21:21 - [TEST_STEP][PASSED] - switch (Paymenttype): null

2024-11-12 17:21:21 - [TEST_STEP][PASSED] - case "Existing Liability with Notice/Invoice Number":: null

2024-11-12 17:21:21 - [TEST_STEP][PASSED] - selectOptionByLabel(findTestObject(orPath_TaxTypeFilingYear + "/select_TaxType_ExistingLiability"), Taxtype, false): All options with label 'Alcohol Tax' are selected in object 'Object Repository/RAD_Pages/TaxTypeFilingYear_Page/select_TaxType_ExistingLiability' 

2024-11-12 17:21:22 - [MESSAGE][PASSED] - All options with label 'Alcohol Tax' are selected in object 'Object Repository/RAD_Pages/TaxTypeFilingYear_Page/select_TaxType_ExistingLiability' 

2024-11-12 17:21:22 - [TEST_STEP][PASSED] - break: null

2024-11-12 17:21:22 - [TEST_STEP][PASSED] - delay(1): Delayed 1 second(s)

2024-11-12 17:21:23 - [MESSAGE][PASSED] - Delayed 1 second(s)

2024-11-12 17:21:23 - [TEST_STEP][PASSED] - scrollToElement(findTestObject(orPath_Amount + "/input__paymentAmount"), 2, CONTINUE_ON_FAILURE): Scroll to object 'Object Repository/RAD_Pages/PaymentAmount_Page/input__paymentAmount' successfully

2024-11-12 17:21:23 - [MESSAGE][PASSED] - Scroll to object 'Object Repository/RAD_Pages/PaymentAmount_Page/input__paymentAmount' successfully

2024-11-12 17:21:23 - [TEST_STEP][PASSED] - switch (Paymenttype): null

2024-11-12 17:21:23 - [TEST_STEP][PASSED] - case "Existing Liability with Notice/Invoice Number":: null

2024-11-12 17:21:23 - [TEST_STEP][PASSED] - setEncryptedText(findTestObject("Object Repository/RAD_RecordAndPlay/input_Existing_FEIN"), "RigbBhfdqODKcAsiUrg+1Q=="): Text ****** has been set on object 'Object Repository/RAD_RecordAndPlay/input_Existing_FEIN'

2024-11-12 17:21:24 - [MESSAGE][PASSED] - Text ****** has been set on object 'Object Repository/RAD_RecordAndPlay/input_Existing_FEIN'

2024-11-12 17:21:24 - [TEST_STEP][PASSED] - setEncryptedText(findTestObject("Object Repository/RAD_RecordAndPlay/input_Existing_RetypeFEIN"), "RigbBhfdqOBBGbZqm4oFJQ=="): Text ****** has been set on object 'Object Repository/RAD_RecordAndPlay/input_Existing_RetypeFEIN'

2024-11-12 17:21:25 - [MESSAGE][PASSED] - Text ****** has been set on object 'Object Repository/RAD_RecordAndPlay/input_Existing_RetypeFEIN'

2024-11-12 17:21:25 - [TEST_STEP][PASSED] - break: null

2024-11-12 17:21:25 - [TEST_STEP][PASSED] - setText(findTestObject(orPath_Amount + "/input__paymentAmount"), ""): Text '' is set on object 'Object Repository/RAD_Pages/PaymentAmount_Page/input__paymentAmount'

2024-11-12 17:21:25 - [MESSAGE][PASSED] - Text '' is set on object 'Object Repository/RAD_Pages/PaymentAmount_Page/input__paymentAmount'

2024-11-12 17:21:25 - [TEST_STEP][PASSED] - verifyTextPresent("The FEIN and Re-type FEIN do not match", true): Text 'The FEIN and Re-type FEIN do not match' is present on page  using regular expression

2024-11-12 17:21:26 - [MESSAGE][PASSED] - Text 'The FEIN and Re-type FEIN do not match' is present on page  using regular expression

2024-11-12 17:21:26 - [TEST_STEP][PASSED] - if (verifyTextPresent("The FEIN and Re-type FEIN do not match", true)): null

2024-11-12 17:21:26 - [MESSAGE][PASSED] - Text 'The FEIN and Re-type FEIN do not match' is present on page  using regular expression

2024-11-12 17:21:26 - [TEST_STEP][PASSED] - println("Error Message is present on the page"): null

2024-11-12 17:21:26 - [TEST_STEP][PASSED] - out.println("Pass Record Number: " + row): null

2024-11-12 17:21:26 - [TEST_STEP][PASSED] - resText = "Pass": null

2024-11-12 17:21:26 - [TEST_STEP][PASSED] - pages.WriteExcel.demoKey(resText, datText, resColumn, datCloumn, fileLoc, nameSheet, row): pages.WriteExcel.demoKey is PASSED

2024-11-12 17:21:26 - [MESSAGE][PASSED] - pages.WriteExcel.demoKey is PASSED

2024-11-12 17:21:26 - [TEST_STEP][PASSED] - ExecuteTC = findTestData(dataFile).getValue("Execute", row): null

2024-11-12 17:21:26 - [TEST_STEP][PASSED] - Taxtype = findTestData(dataFile).getValue("TaxType", row): null

2024-11-12 17:21:26 - [TEST_STEP][PASSED] - Paymenttype = findTestData(dataFile).getValue("PaymentType", row): null

2024-11-12 17:21:26 - [TEST_STEP][PASSED] - out.println("Value of Execute is : " + ExecuteTC): null

2024-11-12 17:21:26 - [TEST_STEP][PASSED] - if (ExecuteTC.equalsIgnoreCase("Y")): null

2024-11-12 17:21:26 - [TEST_STEP][PASSED] - out.println("Begin Record Number: " + row): null

2024-11-12 17:21:26 - [TEST_STEP][PASSED] - today = new java.util.Date(): null

2024-11-12 17:21:26 - [TEST_STEP][PASSED] - println(today): null

2024-11-12 17:21:26 - [TEST_STEP][PASSED] - datText = today: null

2024-11-12 17:21:26 - [TEST_STEP][PASSED] - Taxtype = findTestData(dataFile).getValue("TaxType", row): null

2024-11-12 17:21:26 - [TEST_STEP][PASSED] - out.println("Taxtype value is : " + Taxtype): null

2024-11-12 17:21:26 - [TEST_STEP][PASSED] - openBrowser(""): Browser is opened with url: ''

2024-11-12 17:21:26 - [MESSAGE][WARNING] - A browser is already opened. Closing browser and opening a new one

2024-11-12 17:21:28 - [MESSAGE][INFO] - Starting 'Chrome' driver

2024-11-12 17:21:28 - [MESSAGE][INFO] - User set preference: ['acceptInsecureCerts', 'true']

2024-11-12 17:21:28 - [MESSAGE][INFO] - Action delay is set to 0 milliseconds

2024-11-12 17:21:29 - [MESSAGE][PASSED] - Browser is opened with url: ''

2024-11-12 17:21:29 - [TEST_STEP][PASSED] - maximizeWindow(): Current window maximized

2024-11-12 17:21:29 - [MESSAGE][PASSED] - Current window maximized

2024-11-12 17:21:29 - [TEST_STEP][PASSED] - navigateToUrl(RADurl): Navigate to 'https://www.velocitypayment.com/client/rad/index.html' successfully

2024-11-12 17:21:31 - [MESSAGE][PASSED] - Navigate to 'https://www.velocitypayment.com/client/rad/index.html' successfully

2024-11-12 17:21:31 - [TEST_STEP][PASSED] - orPath_Landing = "Object Repository/RAD_Pages/Landing_Page": null

2024-11-12 17:21:31 - [TEST_STEP][PASSED] - orPath_TaxTypeFilingYear = "Object Repository/RAD_Pages/TaxTypeFilingYear_Page": null

2024-11-12 17:21:31 - [TEST_STEP][PASSED] - orPath_TaxPayer = "Object Repository/RAD_Pages/Taxpayer_Page": null

2024-11-12 17:21:31 - [TEST_STEP][PASSED] - orPath_AddressContact = "Object Repository/RAD_Pages/AddressAndContactInfo_Page": null

2024-11-12 17:21:31 - [TEST_STEP][PASSED] - orPath_FilingStatus = "Object Repository/RAD_Pages/FilingStatus_Page": null

2024-11-12 17:21:31 - [TEST_STEP][PASSED] - orPath_Amount = "Object Repository/RAD_Pages/PaymentAmount_Page": null

2024-11-12 17:21:31 - [TEST_STEP][PASSED] - orPath_TaxInfo = "Object Repository/RAD_Pages/TaxInfo_Page": null

2024-11-12 17:21:31 - [TEST_STEP][PASSED] - orPath_Withholding = "Object Repository/RAD_Pages/Withholding_Page": null

2024-11-12 17:21:31 - [TEST_STEP][PASSED] - orPath_Summary = "Object Repository/RAD_Pages/Summary_Page": null

2024-11-12 17:21:31 - [TEST_STEP][PASSED] - orPath_PaymentReady = "Object Repository/RAD_Pages/PaymentReady_Page": null

2024-11-12 17:21:31 - [TEST_STEP][PASSED] - orPath_PaymentEntry = "Object Repository/RAD_Pages/PaymentEntry_Page": null

2024-11-12 17:21:31 - [TEST_STEP][PASSED] - orPath_PaymentConfirmation = "Object Repository/RAD_Pages/PaymentConfirmation_Page": null

2024-11-12 17:21:31 - [TEST_STEP][PASSED] - orPath_ServiceFeesAccept = "Object Repository/RAD_Pages/ServiceFeeAccept_Page": null

2024-11-12 17:21:31 - [TEST_STEP][PASSED] - selectOptionByLabel(findTestObject(orPath_Landing + "/dd_TaxType"), Paymenttype, false): All options with label 'Quarterly Estimated Tax' are selected in object 'Object Repository/RAD_Pages/Landing_Page/dd_TaxType' 

2024-11-12 17:21:32 - [MESSAGE][PASSED] - All options with label 'Quarterly Estimated Tax' are selected in object 'Object Repository/RAD_Pages/Landing_Page/dd_TaxType' 

2024-11-12 17:21:32 - [TEST_STEP][PASSED] - delay(1): Delayed 1 second(s)

2024-11-12 17:21:33 - [MESSAGE][PASSED] - Delayed 1 second(s)

2024-11-12 17:21:33 - [TEST_STEP][PASSED] - switch (Paymenttype): null

2024-11-12 17:21:33 - [TEST_STEP][PASSED] - case "Quarterly Estimated Tax":: null

2024-11-12 17:21:33 - [TEST_STEP][PASSED] - selectOptionByLabel(findTestObject(orPath_TaxTypeFilingYear + "/select_PaymentType"), Taxtype, false): All options with label 'Corporate Income Tax' are selected in object 'Object Repository/RAD_Pages/TaxTypeFilingYear_Page/select_PaymentType' 

2024-11-12 17:21:33 - [MESSAGE][PASSED] - All options with label 'Corporate Income Tax' are selected in object 'Object Repository/RAD_Pages/TaxTypeFilingYear_Page/select_PaymentType' 

2024-11-12 17:21:33 - [TEST_STEP][PASSED] - break: null

2024-11-12 17:21:33 - [TEST_STEP][PASSED] - delay(1): Delayed 1 second(s)

2024-11-12 17:21:34 - [MESSAGE][PASSED] - Delayed 1 second(s)

2024-11-12 17:21:34 - [TEST_STEP][PASSED] - scrollToElement(findTestObject(orPath_Amount + "/input__paymentAmount"), 2, CONTINUE_ON_FAILURE): Scroll to object 'Object Repository/RAD_Pages/PaymentAmount_Page/input__paymentAmount' successfully

2024-11-12 17:21:35 - [MESSAGE][PASSED] - Scroll to object 'Object Repository/RAD_Pages/PaymentAmount_Page/input__paymentAmount' successfully

2024-11-12 17:21:35 - [TEST_STEP][PASSED] - switch (Paymenttype): null

2024-11-12 17:21:35 - [TEST_STEP][PASSED] - case "Quarterly Estimated Tax":: null

2024-11-12 17:21:35 - [TEST_STEP][PASSED] - setEncryptedText(findTestObject(orPath_TaxInfo + "/input_FederalEIN"), "RigbBhfdqODKcAsiUrg+1Q=="): Text ****** has been set on object 'Object Repository/RAD_Pages/TaxInfo_Page/input_FederalEIN'

2024-11-12 17:21:36 - [MESSAGE][PASSED] - Text ****** has been set on object 'Object Repository/RAD_Pages/TaxInfo_Page/input_FederalEIN'

2024-11-12 17:21:36 - [TEST_STEP][PASSED] - setEncryptedText(findTestObject(orPath_TaxInfo + "/input_FederalEIN_ReEnter"), "RigbBhfdqOBBGbZqm4oFJQ=="): Text ****** has been set on object 'Object Repository/RAD_Pages/TaxInfo_Page/input_FederalEIN_ReEnter'

2024-11-12 17:21:37 - [MESSAGE][PASSED] - Text ****** has been set on object 'Object Repository/RAD_Pages/TaxInfo_Page/input_FederalEIN_ReEnter'

2024-11-12 17:21:37 - [TEST_STEP][PASSED] - break: null

2024-11-12 17:21:37 - [TEST_STEP][PASSED] - setText(findTestObject(orPath_Amount + "/input__paymentAmount"), ""): Text '' is set on object 'Object Repository/RAD_Pages/PaymentAmount_Page/input__paymentAmount'

2024-11-12 17:21:37 - [MESSAGE][PASSED] - Text '' is set on object 'Object Repository/RAD_Pages/PaymentAmount_Page/input__paymentAmount'

2024-11-12 17:21:37 - [TEST_STEP][PASSED] - verifyTextPresent("The FEIN and Re-type FEIN do not match", true): Text 'The FEIN and Re-type FEIN do not match' is present on page  using regular expression

2024-11-12 17:21:38 - [MESSAGE][PASSED] - Text 'The FEIN and Re-type FEIN do not match' is present on page  using regular expression

2024-11-12 17:21:38 - [TEST_STEP][PASSED] - if (verifyTextPresent("The FEIN and Re-type FEIN do not match", true)): null

2024-11-12 17:21:38 - [MESSAGE][PASSED] - Text 'The FEIN and Re-type FEIN do not match' is present on page  using regular expression

2024-11-12 17:21:38 - [TEST_STEP][PASSED] - println("Error Message is present on the page"): null

2024-11-12 17:21:38 - [TEST_STEP][PASSED] - out.println("Pass Record Number: " + row): null

2024-11-12 17:21:38 - [TEST_STEP][PASSED] - resText = "Pass": null

2024-11-12 17:21:38 - [TEST_STEP][PASSED] - pages.WriteExcel.demoKey(resText, datText, resColumn, datCloumn, fileLoc, nameSheet, row): pages.WriteExcel.demoKey is PASSED

2024-11-12 17:21:38 - [MESSAGE][PASSED] - pages.WriteExcel.demoKey is PASSED

2024-11-12 17:21:38 - [TEST_STEP][PASSED] - ExecuteTC = findTestData(dataFile).getValue("Execute", row): null

2024-11-12 17:21:38 - [TEST_STEP][PASSED] - Taxtype = findTestData(dataFile).getValue("TaxType", row): null

2024-11-12 17:21:38 - [TEST_STEP][PASSED] - Paymenttype = findTestData(dataFile).getValue("PaymentType", row): null

2024-11-12 17:21:38 - [TEST_STEP][PASSED] - out.println("Value of Execute is : " + ExecuteTC): null

2024-11-12 17:21:38 - [TEST_STEP][PASSED] - if (ExecuteTC.equalsIgnoreCase("Y")): null

2024-11-12 17:21:38 - [TEST_STEP][PASSED] - out.println("Begin Record Number: " + row): null

2024-11-12 17:21:38 - [TEST_STEP][PASSED] - today = new java.util.Date(): null

2024-11-12 17:21:38 - [TEST_STEP][PASSED] - println(today): null

2024-11-12 17:21:38 - [TEST_STEP][PASSED] - datText = today: null

2024-11-12 17:21:38 - [TEST_STEP][PASSED] - Taxtype = findTestData(dataFile).getValue("TaxType", row): null

2024-11-12 17:21:38 - [TEST_STEP][PASSED] - out.println("Taxtype value is : " + Taxtype): null

2024-11-12 17:21:38 - [TEST_STEP][PASSED] - openBrowser(""): Browser is opened with url: ''

2024-11-12 17:21:39 - [MESSAGE][WARNING] - A browser is already opened. Closing browser and opening a new one

2024-11-12 17:21:40 - [MESSAGE][INFO] - Starting 'Chrome' driver

2024-11-12 17:21:40 - [MESSAGE][INFO] - User set preference: ['acceptInsecureCerts', 'true']

2024-11-12 17:21:40 - [MESSAGE][INFO] - Action delay is set to 0 milliseconds

2024-11-12 17:21:42 - [MESSAGE][PASSED] - Browser is opened with url: ''

2024-11-12 17:21:42 - [TEST_STEP][PASSED] - maximizeWindow(): Current window maximized

2024-11-12 17:21:42 - [MESSAGE][PASSED] - Current window maximized

2024-11-12 17:21:42 - [TEST_STEP][PASSED] - navigateToUrl(RADurl): Navigate to 'https://www.velocitypayment.com/client/rad/index.html' successfully

2024-11-12 17:21:42 - [MESSAGE][PASSED] - Navigate to 'https://www.velocitypayment.com/client/rad/index.html' successfully

2024-11-12 17:21:42 - [TEST_STEP][PASSED] - orPath_Landing = "Object Repository/RAD_Pages/Landing_Page": null

2024-11-12 17:21:42 - [TEST_STEP][PASSED] - orPath_TaxTypeFilingYear = "Object Repository/RAD_Pages/TaxTypeFilingYear_Page": null

2024-11-12 17:21:42 - [TEST_STEP][PASSED] - orPath_TaxPayer = "Object Repository/RAD_Pages/Taxpayer_Page": null

2024-11-12 17:21:42 - [TEST_STEP][PASSED] - orPath_AddressContact = "Object Repository/RAD_Pages/AddressAndContactInfo_Page": null

2024-11-12 17:21:42 - [TEST_STEP][PASSED] - orPath_FilingStatus = "Object Repository/RAD_Pages/FilingStatus_Page": null

2024-11-12 17:21:42 - [TEST_STEP][PASSED] - orPath_Amount = "Object Repository/RAD_Pages/PaymentAmount_Page": null

2024-11-12 17:21:42 - [TEST_STEP][PASSED] - orPath_TaxInfo = "Object Repository/RAD_Pages/TaxInfo_Page": null

2024-11-12 17:21:42 - [TEST_STEP][PASSED] - orPath_Withholding = "Object Repository/RAD_Pages/Withholding_Page": null

2024-11-12 17:21:42 - [TEST_STEP][PASSED] - orPath_Summary = "Object Repository/RAD_Pages/Summary_Page": null

2024-11-12 17:21:42 - [TEST_STEP][PASSED] - orPath_PaymentReady = "Object Repository/RAD_Pages/PaymentReady_Page": null

2024-11-12 17:21:42 - [TEST_STEP][PASSED] - orPath_PaymentEntry = "Object Repository/RAD_Pages/PaymentEntry_Page": null

2024-11-12 17:21:42 - [TEST_STEP][PASSED] - orPath_PaymentConfirmation = "Object Repository/RAD_Pages/PaymentConfirmation_Page": null

2024-11-12 17:21:42 - [TEST_STEP][PASSED] - orPath_ServiceFeesAccept = "Object Repository/RAD_Pages/ServiceFeeAccept_Page": null

2024-11-12 17:21:42 - [TEST_STEP][PASSED] - selectOptionByLabel(findTestObject(orPath_Landing + "/dd_TaxType"), Paymenttype, false): All options with label 'Quarterly Estimated Tax' are selected in object 'Object Repository/RAD_Pages/Landing_Page/dd_TaxType' 

2024-11-12 17:21:44 - [MESSAGE][PASSED] - All options with label 'Quarterly Estimated Tax' are selected in object 'Object Repository/RAD_Pages/Landing_Page/dd_TaxType' 

2024-11-12 17:21:44 - [TEST_STEP][PASSED] - delay(1): Delayed 1 second(s)

2024-11-12 17:21:45 - [MESSAGE][PASSED] - Delayed 1 second(s)

2024-11-12 17:21:45 - [TEST_STEP][PASSED] - switch (Paymenttype): null

2024-11-12 17:21:45 - [TEST_STEP][PASSED] - case "Quarterly Estimated Tax":: null

2024-11-12 17:21:45 - [TEST_STEP][PASSED] - selectOptionByLabel(findTestObject(orPath_TaxTypeFilingYear + "/select_PaymentType"), Taxtype, false): All options with label 'Fiduciary Tax' are selected in object 'Object Repository/RAD_Pages/TaxTypeFilingYear_Page/select_PaymentType' 

2024-11-12 17:21:46 - [MESSAGE][PASSED] - All options with label 'Fiduciary Tax' are selected in object 'Object Repository/RAD_Pages/TaxTypeFilingYear_Page/select_PaymentType' 

2024-11-12 17:21:46 - [TEST_STEP][PASSED] - break: null

2024-11-12 17:21:46 - [TEST_STEP][PASSED] - delay(1): Delayed 1 second(s)

2024-11-12 17:21:47 - [MESSAGE][PASSED] - Delayed 1 second(s)

2024-11-12 17:21:47 - [TEST_STEP][PASSED] - scrollToElement(findTestObject(orPath_Amount + "/input__paymentAmount"), 2, CONTINUE_ON_FAILURE): Scroll to object 'Object Repository/RAD_Pages/PaymentAmount_Page/input__paymentAmount' successfully

2024-11-12 17:21:47 - [MESSAGE][PASSED] - Scroll to object 'Object Repository/RAD_Pages/PaymentAmount_Page/input__paymentAmount' successfully

2024-11-12 17:21:47 - [TEST_STEP][PASSED] - switch (Paymenttype): null

2024-11-12 17:21:47 - [TEST_STEP][PASSED] - case "Quarterly Estimated Tax":: null

2024-11-12 17:21:47 - [TEST_STEP][PASSED] - setEncryptedText(findTestObject(orPath_TaxInfo + "/input_FederalEIN"), "RigbBhfdqODKcAsiUrg+1Q=="): Text ****** has been set on object 'Object Repository/RAD_Pages/TaxInfo_Page/input_FederalEIN'

2024-11-12 17:21:48 - [MESSAGE][PASSED] - Text ****** has been set on object 'Object Repository/RAD_Pages/TaxInfo_Page/input_FederalEIN'

2024-11-12 17:21:48 - [TEST_STEP][PASSED] - setEncryptedText(findTestObject(orPath_TaxInfo + "/input_FederalEIN_ReEnter"), "RigbBhfdqOBBGbZqm4oFJQ=="): Text ****** has been set on object 'Object Repository/RAD_Pages/TaxInfo_Page/input_FederalEIN_ReEnter'

2024-11-12 17:21:49 - [MESSAGE][PASSED] - Text ****** has been set on object 'Object Repository/RAD_Pages/TaxInfo_Page/input_FederalEIN_ReEnter'

2024-11-12 17:21:49 - [TEST_STEP][PASSED] - break: null

2024-11-12 17:21:49 - [TEST_STEP][PASSED] - setText(findTestObject(orPath_Amount + "/input__paymentAmount"), ""): Text '' is set on object 'Object Repository/RAD_Pages/PaymentAmount_Page/input__paymentAmount'

2024-11-12 17:21:49 - [MESSAGE][PASSED] - Text '' is set on object 'Object Repository/RAD_Pages/PaymentAmount_Page/input__paymentAmount'

2024-11-12 17:21:49 - [TEST_STEP][PASSED] - verifyTextPresent("The FEIN and Re-type FEIN do not match", true): Text 'The FEIN and Re-type FEIN do not match' is present on page  using regular expression

2024-11-12 17:21:50 - [MESSAGE][PASSED] - Text 'The FEIN and Re-type FEIN do not match' is present on page  using regular expression

2024-11-12 17:21:50 - [TEST_STEP][PASSED] - if (verifyTextPresent("The FEIN and Re-type FEIN do not match", true)): null

2024-11-12 17:21:50 - [MESSAGE][PASSED] - Text 'The FEIN and Re-type FEIN do not match' is present on page  using regular expression

2024-11-12 17:21:50 - [TEST_STEP][PASSED] - println("Error Message is present on the page"): null

2024-11-12 17:21:50 - [TEST_STEP][PASSED] - out.println("Pass Record Number: " + row): null

2024-11-12 17:21:50 - [TEST_STEP][PASSED] - resText = "Pass": null

2024-11-12 17:21:50 - [TEST_STEP][PASSED] - pages.WriteExcel.demoKey(resText, datText, resColumn, datCloumn, fileLoc, nameSheet, row): pages.WriteExcel.demoKey is PASSED

2024-11-12 17:21:50 - [MESSAGE][PASSED] - pages.WriteExcel.demoKey is PASSED

2024-11-12 17:21:50 - [TEST_STEP][PASSED] - ExecuteTC = findTestData(dataFile).getValue("Execute", row): null

2024-11-12 17:21:50 - [TEST_STEP][PASSED] - Taxtype = findTestData(dataFile).getValue("TaxType", row): null

2024-11-12 17:21:50 - [TEST_STEP][PASSED] - Paymenttype = findTestData(dataFile).getValue("PaymentType", row): null

2024-11-12 17:21:50 - [TEST_STEP][PASSED] - out.println("Value of Execute is : " + ExecuteTC): null

2024-11-12 17:21:50 - [TEST_STEP][PASSED] - if (ExecuteTC.equalsIgnoreCase("Y")): null

2024-11-12 17:21:50 - [TEST_STEP][PASSED] - out.println("Begin Record Number: " + row): null

2024-11-12 17:21:50 - [TEST_STEP][PASSED] - today = new java.util.Date(): null

2024-11-12 17:21:50 - [TEST_STEP][PASSED] - println(today): null

2024-11-12 17:21:50 - [TEST_STEP][PASSED] - datText = today: null

2024-11-12 17:21:50 - [TEST_STEP][PASSED] - Taxtype = findTestData(dataFile).getValue("TaxType", row): null

2024-11-12 17:21:50 - [TEST_STEP][PASSED] - out.println("Taxtype value is : " + Taxtype): null

2024-11-12 17:21:50 - [TEST_STEP][PASSED] - openBrowser(""): Browser is opened with url: ''

2024-11-12 17:21:50 - [MESSAGE][WARNING] - A browser is already opened. Closing browser and opening a new one

2024-11-12 17:21:52 - [MESSAGE][INFO] - Starting 'Chrome' driver

2024-11-12 17:21:52 - [MESSAGE][INFO] - User set preference: ['acceptInsecureCerts', 'true']

2024-11-12 17:21:52 - [MESSAGE][INFO] - Action delay is set to 0 milliseconds

2024-11-12 17:21:53 - [MESSAGE][PASSED] - Browser is opened with url: ''

2024-11-12 17:21:53 - [TEST_STEP][PASSED] - maximizeWindow(): Current window maximized

2024-11-12 17:21:53 - [MESSAGE][PASSED] - Current window maximized

2024-11-12 17:21:53 - [TEST_STEP][PASSED] - navigateToUrl(RADurl): Navigate to 'https://www.velocitypayment.com/client/rad/index.html' successfully

2024-11-12 17:21:55 - [MESSAGE][PASSED] - Navigate to 'https://www.velocitypayment.com/client/rad/index.html' successfully

2024-11-12 17:21:55 - [TEST_STEP][PASSED] - orPath_Landing = "Object Repository/RAD_Pages/Landing_Page": null

2024-11-12 17:21:55 - [TEST_STEP][PASSED] - orPath_TaxTypeFilingYear = "Object Repository/RAD_Pages/TaxTypeFilingYear_Page": null

2024-11-12 17:21:55 - [TEST_STEP][PASSED] - orPath_TaxPayer = "Object Repository/RAD_Pages/Taxpayer_Page": null

2024-11-12 17:21:55 - [TEST_STEP][PASSED] - orPath_AddressContact = "Object Repository/RAD_Pages/AddressAndContactInfo_Page": null

2024-11-12 17:21:55 - [TEST_STEP][PASSED] - orPath_FilingStatus = "Object Repository/RAD_Pages/FilingStatus_Page": null

2024-11-12 17:21:55 - [TEST_STEP][PASSED] - orPath_Amount = "Object Repository/RAD_Pages/PaymentAmount_Page": null

2024-11-12 17:21:55 - [TEST_STEP][PASSED] - orPath_TaxInfo = "Object Repository/RAD_Pages/TaxInfo_Page": null

2024-11-12 17:21:55 - [TEST_STEP][PASSED] - orPath_Withholding = "Object Repository/RAD_Pages/Withholding_Page": null

2024-11-12 17:21:55 - [TEST_STEP][PASSED] - orPath_Summary = "Object Repository/RAD_Pages/Summary_Page": null

2024-11-12 17:21:55 - [TEST_STEP][PASSED] - orPath_PaymentReady = "Object Repository/RAD_Pages/PaymentReady_Page": null

2024-11-12 17:21:55 - [TEST_STEP][PASSED] - orPath_PaymentEntry = "Object Repository/RAD_Pages/PaymentEntry_Page": null

2024-11-12 17:21:55 - [TEST_STEP][PASSED] - orPath_PaymentConfirmation = "Object Repository/RAD_Pages/PaymentConfirmation_Page": null

2024-11-12 17:21:55 - [TEST_STEP][PASSED] - orPath_ServiceFeesAccept = "Object Repository/RAD_Pages/ServiceFeeAccept_Page": null

2024-11-12 17:21:55 - [TEST_STEP][PASSED] - selectOptionByLabel(findTestObject(orPath_Landing + "/dd_TaxType"), Paymenttype, false): All options with label 'Extension Payments' are selected in object 'Object Repository/RAD_Pages/Landing_Page/dd_TaxType' 

2024-11-12 17:21:56 - [MESSAGE][PASSED] - All options with label 'Extension Payments' are selected in object 'Object Repository/RAD_Pages/Landing_Page/dd_TaxType' 

2024-11-12 17:21:56 - [TEST_STEP][PASSED] - delay(1): Delayed 1 second(s)

2024-11-12 17:21:57 - [MESSAGE][PASSED] - Delayed 1 second(s)

2024-11-12 17:21:57 - [TEST_STEP][PASSED] - switch (Paymenttype): null

2024-11-12 17:21:57 - [TEST_STEP][PASSED] - case "Extension Payments":: null

2024-11-12 17:21:57 - [TEST_STEP][PASSED] - selectOptionByLabel(findTestObject(orPath_TaxTypeFilingYear + "/select_PaymentType"), Taxtype, false): All options with label 'Corporate Income Tax' are selected in object 'Object Repository/RAD_Pages/TaxTypeFilingYear_Page/select_PaymentType' 

2024-11-12 17:21:57 - [MESSAGE][PASSED] - All options with label 'Corporate Income Tax' are selected in object 'Object Repository/RAD_Pages/TaxTypeFilingYear_Page/select_PaymentType' 

2024-11-12 17:21:57 - [TEST_STEP][PASSED] - break: null

2024-11-12 17:21:57 - [TEST_STEP][PASSED] - delay(1): Delayed 1 second(s)

2024-11-12 17:21:58 - [MESSAGE][PASSED] - Delayed 1 second(s)

2024-11-12 17:21:58 - [TEST_STEP][PASSED] - scrollToElement(findTestObject(orPath_Amount + "/input__paymentAmount"), 2, CONTINUE_ON_FAILURE): Scroll to object 'Object Repository/RAD_Pages/PaymentAmount_Page/input__paymentAmount' successfully

2024-11-12 17:21:59 - [MESSAGE][PASSED] - Scroll to object 'Object Repository/RAD_Pages/PaymentAmount_Page/input__paymentAmount' successfully

2024-11-12 17:21:59 - [TEST_STEP][PASSED] - switch (Paymenttype): null

2024-11-12 17:21:59 - [TEST_STEP][PASSED] - case "Extension Payments":: null

2024-11-12 17:21:59 - [TEST_STEP][PASSED] - setEncryptedText(findTestObject(orPath_TaxInfo + "/input_FederalEIN"), "RigbBhfdqODKcAsiUrg+1Q=="): Text ****** has been set on object 'Object Repository/RAD_Pages/TaxInfo_Page/input_FederalEIN'

2024-11-12 17:21:59 - [MESSAGE][PASSED] - Text ****** has been set on object 'Object Repository/RAD_Pages/TaxInfo_Page/input_FederalEIN'

2024-11-12 17:21:59 - [TEST_STEP][PASSED] - setEncryptedText(findTestObject(orPath_TaxInfo + "/input_FederalEIN_ReEnter"), "RigbBhfdqOBBGbZqm4oFJQ=="): Text ****** has been set on object 'Object Repository/RAD_Pages/TaxInfo_Page/input_FederalEIN_ReEnter'

2024-11-12 17:22:00 - [MESSAGE][PASSED] - Text ****** has been set on object 'Object Repository/RAD_Pages/TaxInfo_Page/input_FederalEIN_ReEnter'

2024-11-12 17:22:00 - [TEST_STEP][PASSED] - break: null

2024-11-12 17:22:00 - [TEST_STEP][PASSED] - setText(findTestObject(orPath_Amount + "/input__paymentAmount"), ""): Text '' is set on object 'Object Repository/RAD_Pages/PaymentAmount_Page/input__paymentAmount'

2024-11-12 17:22:00 - [MESSAGE][PASSED] - Text '' is set on object 'Object Repository/RAD_Pages/PaymentAmount_Page/input__paymentAmount'

2024-11-12 17:22:00 - [TEST_STEP][PASSED] - verifyTextPresent("The FEIN and Re-type FEIN do not match", true): Text 'The FEIN and Re-type FEIN do not match' is present on page  using regular expression

2024-11-12 17:22:01 - [MESSAGE][PASSED] - Text 'The FEIN and Re-type FEIN do not match' is present on page  using regular expression

2024-11-12 17:22:01 - [TEST_STEP][PASSED] - if (verifyTextPresent("The FEIN and Re-type FEIN do not match", true)): null

2024-11-12 17:22:01 - [MESSAGE][PASSED] - Text 'The FEIN and Re-type FEIN do not match' is present on page  using regular expression

2024-11-12 17:22:01 - [TEST_STEP][PASSED] - println("Error Message is present on the page"): null

2024-11-12 17:22:01 - [TEST_STEP][PASSED] - out.println("Pass Record Number: " + row): null

2024-11-12 17:22:01 - [TEST_STEP][PASSED] - resText = "Pass": null

2024-11-12 17:22:01 - [TEST_STEP][PASSED] - pages.WriteExcel.demoKey(resText, datText, resColumn, datCloumn, fileLoc, nameSheet, row): pages.WriteExcel.demoKey is PASSED

2024-11-12 17:22:01 - [MESSAGE][PASSED] - pages.WriteExcel.demoKey is PASSED

2024-11-12 17:22:01 - [TEST_STEP][PASSED] - ExecuteTC = findTestData(dataFile).getValue("Execute", row): null

2024-11-12 17:22:01 - [TEST_STEP][PASSED] - Taxtype = findTestData(dataFile).getValue("TaxType", row): null

2024-11-12 17:22:01 - [TEST_STEP][PASSED] - Paymenttype = findTestData(dataFile).getValue("PaymentType", row): null

2024-11-12 17:22:01 - [TEST_STEP][PASSED] - out.println("Value of Execute is : " + ExecuteTC): null

2024-11-12 17:22:01 - [TEST_STEP][PASSED] - if (ExecuteTC.equalsIgnoreCase("Y")): null

2024-11-12 17:22:01 - [TEST_STEP][PASSED] - out.println("Begin Record Number: " + row): null

2024-11-12 17:22:01 - [TEST_STEP][PASSED] - today = new java.util.Date(): null

2024-11-12 17:22:01 - [TEST_STEP][PASSED] - println(today): null

2024-11-12 17:22:01 - [TEST_STEP][PASSED] - datText = today: null

2024-11-12 17:22:01 - [TEST_STEP][PASSED] - Taxtype = findTestData(dataFile).getValue("TaxType", row): null

2024-11-12 17:22:01 - [TEST_STEP][PASSED] - out.println("Taxtype value is : " + Taxtype): null

2024-11-12 17:22:01 - [TEST_STEP][PASSED] - openBrowser(""): Browser is opened with url: ''

2024-11-12 17:22:01 - [MESSAGE][WARNING] - A browser is already opened. Closing browser and opening a new one

2024-11-12 17:22:03 - [MESSAGE][INFO] - Starting 'Chrome' driver

2024-11-12 17:22:03 - [MESSAGE][INFO] - User set preference: ['acceptInsecureCerts', 'true']

2024-11-12 17:22:03 - [MESSAGE][INFO] - Action delay is set to 0 milliseconds

2024-11-12 17:22:04 - [MESSAGE][PASSED] - Browser is opened with url: ''

2024-11-12 17:22:04 - [TEST_STEP][PASSED] - maximizeWindow(): Current window maximized

2024-11-12 17:22:04 - [MESSAGE][PASSED] - Current window maximized

2024-11-12 17:22:04 - [TEST_STEP][PASSED] - navigateToUrl(RADurl): Navigate to 'https://www.velocitypayment.com/client/rad/index.html' successfully

2024-11-12 17:22:06 - [MESSAGE][PASSED] - Navigate to 'https://www.velocitypayment.com/client/rad/index.html' successfully

2024-11-12 17:22:06 - [TEST_STEP][PASSED] - orPath_Landing = "Object Repository/RAD_Pages/Landing_Page": null

2024-11-12 17:22:06 - [TEST_STEP][PASSED] - orPath_TaxTypeFilingYear = "Object Repository/RAD_Pages/TaxTypeFilingYear_Page": null

2024-11-12 17:22:06 - [TEST_STEP][PASSED] - orPath_TaxPayer = "Object Repository/RAD_Pages/Taxpayer_Page": null

2024-11-12 17:22:06 - [TEST_STEP][PASSED] - orPath_AddressContact = "Object Repository/RAD_Pages/AddressAndContactInfo_Page": null

2024-11-12 17:22:06 - [TEST_STEP][PASSED] - orPath_FilingStatus = "Object Repository/RAD_Pages/FilingStatus_Page": null

2024-11-12 17:22:06 - [TEST_STEP][PASSED] - orPath_Amount = "Object Repository/RAD_Pages/PaymentAmount_Page": null

2024-11-12 17:22:06 - [TEST_STEP][PASSED] - orPath_TaxInfo = "Object Repository/RAD_Pages/TaxInfo_Page": null

2024-11-12 17:22:06 - [TEST_STEP][PASSED] - orPath_Withholding = "Object Repository/RAD_Pages/Withholding_Page": null

2024-11-12 17:22:06 - [TEST_STEP][PASSED] - orPath_Summary = "Object Repository/RAD_Pages/Summary_Page": null

2024-11-12 17:22:06 - [TEST_STEP][PASSED] - orPath_PaymentReady = "Object Repository/RAD_Pages/PaymentReady_Page": null

2024-11-12 17:22:06 - [TEST_STEP][PASSED] - orPath_PaymentEntry = "Object Repository/RAD_Pages/PaymentEntry_Page": null

2024-11-12 17:22:06 - [TEST_STEP][PASSED] - orPath_PaymentConfirmation = "Object Repository/RAD_Pages/PaymentConfirmation_Page": null

2024-11-12 17:22:06 - [TEST_STEP][PASSED] - orPath_ServiceFeesAccept = "Object Repository/RAD_Pages/ServiceFeeAccept_Page": null

2024-11-12 17:22:06 - [TEST_STEP][PASSED] - selectOptionByLabel(findTestObject(orPath_Landing + "/dd_TaxType"), Paymenttype, false): All options with label 'Extension Payments' are selected in object 'Object Repository/RAD_Pages/Landing_Page/dd_TaxType' 

2024-11-12 17:22:07 - [MESSAGE][PASSED] - All options with label 'Extension Payments' are selected in object 'Object Repository/RAD_Pages/Landing_Page/dd_TaxType' 

2024-11-12 17:22:07 - [TEST_STEP][PASSED] - delay(1): Delayed 1 second(s)

2024-11-12 17:22:08 - [MESSAGE][PASSED] - Delayed 1 second(s)

2024-11-12 17:22:08 - [TEST_STEP][PASSED] - switch (Paymenttype): null

2024-11-12 17:22:08 - [TEST_STEP][PASSED] - case "Extension Payments":: null

2024-11-12 17:22:08 - [TEST_STEP][PASSED] - selectOptionByLabel(findTestObject(orPath_TaxTypeFilingYear + "/select_PaymentType"), Taxtype, false): All options with label 'Fiduciary Tax' are selected in object 'Object Repository/RAD_Pages/TaxTypeFilingYear_Page/select_PaymentType' 

2024-11-12 17:22:09 - [MESSAGE][PASSED] - All options with label 'Fiduciary Tax' are selected in object 'Object Repository/RAD_Pages/TaxTypeFilingYear_Page/select_PaymentType' 

2024-11-12 17:22:09 - [TEST_STEP][PASSED] - break: null

2024-11-12 17:22:09 - [TEST_STEP][PASSED] - delay(1): Delayed 1 second(s)

2024-11-12 17:22:10 - [MESSAGE][PASSED] - Delayed 1 second(s)

2024-11-12 17:22:10 - [TEST_STEP][PASSED] - scrollToElement(findTestObject(orPath_Amount + "/input__paymentAmount"), 2, CONTINUE_ON_FAILURE): Scroll to object 'Object Repository/RAD_Pages/PaymentAmount_Page/input__paymentAmount' successfully

2024-11-12 17:22:10 - [MESSAGE][PASSED] - Scroll to object 'Object Repository/RAD_Pages/PaymentAmount_Page/input__paymentAmount' successfully

2024-11-12 17:22:10 - [TEST_STEP][PASSED] - switch (Paymenttype): null

2024-11-12 17:22:10 - [TEST_STEP][PASSED] - case "Extension Payments":: null

2024-11-12 17:22:10 - [TEST_STEP][PASSED] - setEncryptedText(findTestObject(orPath_TaxInfo + "/input_FederalEIN"), "RigbBhfdqODKcAsiUrg+1Q=="): Text ****** has been set on object 'Object Repository/RAD_Pages/TaxInfo_Page/input_FederalEIN'

2024-11-12 17:22:11 - [MESSAGE][PASSED] - Text ****** has been set on object 'Object Repository/RAD_Pages/TaxInfo_Page/input_FederalEIN'

2024-11-12 17:22:11 - [TEST_STEP][PASSED] - setEncryptedText(findTestObject(orPath_TaxInfo + "/input_FederalEIN_ReEnter"), "RigbBhfdqOBBGbZqm4oFJQ=="): Text ****** has been set on object 'Object Repository/RAD_Pages/TaxInfo_Page/input_FederalEIN_ReEnter'

2024-11-12 17:22:11 - [MESSAGE][PASSED] - Text ****** has been set on object 'Object Repository/RAD_Pages/TaxInfo_Page/input_FederalEIN_ReEnter'

2024-11-12 17:22:11 - [TEST_STEP][PASSED] - break: null

2024-11-12 17:22:11 - [TEST_STEP][PASSED] - setText(findTestObject(orPath_Amount + "/input__paymentAmount"), ""): Text '' is set on object 'Object Repository/RAD_Pages/PaymentAmount_Page/input__paymentAmount'

2024-11-12 17:22:12 - [MESSAGE][PASSED] - Text '' is set on object 'Object Repository/RAD_Pages/PaymentAmount_Page/input__paymentAmount'

2024-11-12 17:22:12 - [TEST_STEP][PASSED] - verifyTextPresent("The FEIN and Re-type FEIN do not match", true): Text 'The FEIN and Re-type FEIN do not match' is present on page  using regular expression

2024-11-12 17:22:12 - [MESSAGE][PASSED] - Text 'The FEIN and Re-type FEIN do not match' is present on page  using regular expression

2024-11-12 17:22:12 - [TEST_STEP][PASSED] - if (verifyTextPresent("The FEIN and Re-type FEIN do not match", true)): null

2024-11-12 17:22:13 - [MESSAGE][PASSED] - Text 'The FEIN and Re-type FEIN do not match' is present on page  using regular expression

2024-11-12 17:22:13 - [TEST_STEP][PASSED] - println("Error Message is present on the page"): null

2024-11-12 17:22:13 - [TEST_STEP][PASSED] - out.println("Pass Record Number: " + row): null

2024-11-12 17:22:13 - [TEST_STEP][PASSED] - resText = "Pass": null

2024-11-12 17:22:13 - [TEST_STEP][PASSED] - pages.WriteExcel.demoKey(resText, datText, resColumn, datCloumn, fileLoc, nameSheet, row): pages.WriteExcel.demoKey is PASSED

2024-11-12 17:22:13 - [MESSAGE][PASSED] - pages.WriteExcel.demoKey is PASSED

2024-11-12 17:22:13 - [TEST_STEP][PASSED] - ExecuteTC = findTestData(dataFile).getValue("Execute", row): null

2024-11-12 17:22:13 - [TEST_STEP][PASSED] - Taxtype = findTestData(dataFile).getValue("TaxType", row): null

2024-11-12 17:22:13 - [TEST_STEP][PASSED] - Paymenttype = findTestData(dataFile).getValue("PaymentType", row): null

2024-11-12 17:22:13 - [TEST_STEP][PASSED] - out.println("Value of Execute is : " + ExecuteTC): null

2024-11-12 17:22:13 - [TEST_STEP][PASSED] - if (ExecuteTC.equalsIgnoreCase("Y")): null

2024-11-12 17:22:13 - [TEST_STEP][PASSED] - out.println("Begin Record Number: " + row): null

2024-11-12 17:22:13 - [TEST_STEP][PASSED] - today = new java.util.Date(): null

2024-11-12 17:22:13 - [TEST_STEP][PASSED] - println(today): null

2024-11-12 17:22:13 - [TEST_STEP][PASSED] - datText = today: null

2024-11-12 17:22:13 - [TEST_STEP][PASSED] - Taxtype = findTestData(dataFile).getValue("TaxType", row): null

2024-11-12 17:22:13 - [TEST_STEP][PASSED] - out.println("Taxtype value is : " + Taxtype): null

2024-11-12 17:22:13 - [TEST_STEP][PASSED] - openBrowser(""): Browser is opened with url: ''

2024-11-12 17:22:13 - [MESSAGE][WARNING] - A browser is already opened. Closing browser and opening a new one

2024-11-12 17:22:14 - [MESSAGE][INFO] - Starting 'Chrome' driver

2024-11-12 17:22:14 - [MESSAGE][INFO] - User set preference: ['acceptInsecureCerts', 'true']

2024-11-12 17:22:14 - [MESSAGE][INFO] - Action delay is set to 0 milliseconds

2024-11-12 17:22:17 - [MESSAGE][PASSED] - Browser is opened with url: ''

2024-11-12 17:22:17 - [TEST_STEP][PASSED] - maximizeWindow(): Current window maximized

2024-11-12 17:22:17 - [MESSAGE][PASSED] - Current window maximized

2024-11-12 17:22:17 - [TEST_STEP][PASSED] - navigateToUrl(RADurl): Navigate to 'https://www.velocitypayment.com/client/rad/index.html' successfully

2024-11-12 17:22:21 - [MESSAGE][PASSED] - Navigate to 'https://www.velocitypayment.com/client/rad/index.html' successfully

2024-11-12 17:22:21 - [TEST_STEP][PASSED] - orPath_Landing = "Object Repository/RAD_Pages/Landing_Page": null

2024-11-12 17:22:21 - [TEST_STEP][PASSED] - orPath_TaxTypeFilingYear = "Object Repository/RAD_Pages/TaxTypeFilingYear_Page": null

2024-11-12 17:22:21 - [TEST_STEP][PASSED] - orPath_TaxPayer = "Object Repository/RAD_Pages/Taxpayer_Page": null

2024-11-12 17:22:21 - [TEST_STEP][PASSED] - orPath_AddressContact = "Object Repository/RAD_Pages/AddressAndContactInfo_Page": null

2024-11-12 17:22:21 - [TEST_STEP][PASSED] - orPath_FilingStatus = "Object Repository/RAD_Pages/FilingStatus_Page": null

2024-11-12 17:22:21 - [TEST_STEP][PASSED] - orPath_Amount = "Object Repository/RAD_Pages/PaymentAmount_Page": null

2024-11-12 17:22:21 - [TEST_STEP][PASSED] - orPath_TaxInfo = "Object Repository/RAD_Pages/TaxInfo_Page": null

2024-11-12 17:22:21 - [TEST_STEP][PASSED] - orPath_Withholding = "Object Repository/RAD_Pages/Withholding_Page": null

2024-11-12 17:22:21 - [TEST_STEP][PASSED] - orPath_Summary = "Object Repository/RAD_Pages/Summary_Page": null

2024-11-12 17:22:21 - [TEST_STEP][PASSED] - orPath_PaymentReady = "Object Repository/RAD_Pages/PaymentReady_Page": null

2024-11-12 17:22:21 - [TEST_STEP][PASSED] - orPath_PaymentEntry = "Object Repository/RAD_Pages/PaymentEntry_Page": null

2024-11-12 17:22:21 - [TEST_STEP][PASSED] - orPath_PaymentConfirmation = "Object Repository/RAD_Pages/PaymentConfirmation_Page": null

2024-11-12 17:22:21 - [TEST_STEP][PASSED] - orPath_ServiceFeesAccept = "Object Repository/RAD_Pages/ServiceFeeAccept_Page": null

2024-11-12 17:22:21 - [TEST_STEP][PASSED] - selectOptionByLabel(findTestObject(orPath_Landing + "/dd_TaxType"), Paymenttype, false): All options with label 'New Tax Return Amount Due' are selected in object 'Object Repository/RAD_Pages/Landing_Page/dd_TaxType' 

2024-11-12 17:22:21 - [MESSAGE][PASSED] - All options with label 'New Tax Return Amount Due' are selected in object 'Object Repository/RAD_Pages/Landing_Page/dd_TaxType' 

2024-11-12 17:22:21 - [TEST_STEP][PASSED] - delay(1): Delayed 1 second(s)

2024-11-12 17:22:22 - [MESSAGE][PASSED] - Delayed 1 second(s)

2024-11-12 17:22:22 - [TEST_STEP][PASSED] - switch (Paymenttype): null

2024-11-12 17:22:22 - [TEST_STEP][PASSED] - case "New Tax Return Amount Due":: null

2024-11-12 17:22:22 - [TEST_STEP][PASSED] - selectOptionByLabel(findTestObject("Object Repository/RAD_Pages/Landing_Page/select_NewTaxReturnAmountDue_TaxType"), Taxtype, false): All options with label 'Fiduciary Tax' are selected in object 'Object Repository/RAD_Pages/Landing_Page/select_NewTaxReturnAmountDue_TaxType' 

2024-11-12 17:22:23 - [MESSAGE][PASSED] - All options with label 'Fiduciary Tax' are selected in object 'Object Repository/RAD_Pages/Landing_Page/select_NewTaxReturnAmountDue_TaxType' 

2024-11-12 17:22:23 - [TEST_STEP][PASSED] - break: null

2024-11-12 17:22:23 - [TEST_STEP][PASSED] - delay(1): Delayed 1 second(s)

2024-11-12 17:22:24 - [MESSAGE][PASSED] - Delayed 1 second(s)

2024-11-12 17:22:24 - [TEST_STEP][PASSED] - scrollToElement(findTestObject(orPath_Amount + "/input__paymentAmount"), 2, CONTINUE_ON_FAILURE): Scroll to object 'Object Repository/RAD_Pages/PaymentAmount_Page/input__paymentAmount' successfully

2024-11-12 17:22:24 - [MESSAGE][PASSED] - Scroll to object 'Object Repository/RAD_Pages/PaymentAmount_Page/input__paymentAmount' successfully

2024-11-12 17:22:24 - [TEST_STEP][PASSED] - switch (Paymenttype): null

2024-11-12 17:22:24 - [TEST_STEP][PASSED] - case "New Tax Return Amount Due":: null

2024-11-12 17:22:24 - [TEST_STEP][PASSED] - setEncryptedText(findTestObject(orPath_TaxInfo + "/input_FederalEIN-2"), "RigbBhfdqODKcAsiUrg+1Q=="): Text ****** has been set on object 'Object Repository/RAD_Pages/TaxInfo_Page/input_FederalEIN-2'

2024-11-12 17:22:25 - [MESSAGE][PASSED] - Text ****** has been set on object 'Object Repository/RAD_Pages/TaxInfo_Page/input_FederalEIN-2'

2024-11-12 17:22:25 - [TEST_STEP][PASSED] - setEncryptedText(findTestObject(orPath_TaxInfo + "/input_FederalEIN_ReEnter-2"), "RigbBhfdqOBBGbZqm4oFJQ=="): Text ****** has been set on object 'Object Repository/RAD_Pages/TaxInfo_Page/input_FederalEIN_ReEnter-2'

2024-11-12 17:22:26 - [MESSAGE][PASSED] - Text ****** has been set on object 'Object Repository/RAD_Pages/TaxInfo_Page/input_FederalEIN_ReEnter-2'

2024-11-12 17:22:26 - [TEST_STEP][PASSED] - break: null

2024-11-12 17:22:26 - [TEST_STEP][PASSED] - setText(findTestObject(orPath_Amount + "/input__paymentAmount"), ""): Text '' is set on object 'Object Repository/RAD_Pages/PaymentAmount_Page/input__paymentAmount'

2024-11-12 17:22:26 - [MESSAGE][PASSED] - Text '' is set on object 'Object Repository/RAD_Pages/PaymentAmount_Page/input__paymentAmount'

2024-11-12 17:22:26 - [TEST_STEP][PASSED] - verifyTextPresent("The FEIN and Re-type FEIN do not match", true): Text 'The FEIN and Re-type FEIN do not match' is present on page  using regular expression

2024-11-12 17:22:27 - [MESSAGE][PASSED] - Text 'The FEIN and Re-type FEIN do not match' is present on page  using regular expression

2024-11-12 17:22:27 - [TEST_STEP][PASSED] - if (verifyTextPresent("The FEIN and Re-type FEIN do not match", true)): null

2024-11-12 17:22:27 - [MESSAGE][PASSED] - Text 'The FEIN and Re-type FEIN do not match' is present on page  using regular expression

2024-11-12 17:22:27 - [TEST_STEP][PASSED] - println("Error Message is present on the page"): null

2024-11-12 17:22:27 - [TEST_STEP][PASSED] - out.println("Pass Record Number: " + row): null

2024-11-12 17:22:27 - [TEST_STEP][PASSED] - resText = "Pass": null

2024-11-12 17:22:27 - [TEST_STEP][PASSED] - pages.WriteExcel.demoKey(resText, datText, resColumn, datCloumn, fileLoc, nameSheet, row): pages.WriteExcel.demoKey is PASSED

2024-11-12 17:22:27 - [MESSAGE][PASSED] - pages.WriteExcel.demoKey is PASSED

2024-11-12 17:22:27 - [TEST_STEP][PASSED] - ExecuteTC = findTestData(dataFile).getValue("Execute", row): null

2024-11-12 17:22:27 - [TEST_STEP][PASSED] - Taxtype = findTestData(dataFile).getValue("TaxType", row): null

2024-11-12 17:22:27 - [TEST_STEP][PASSED] - Paymenttype = findTestData(dataFile).getValue("PaymentType", row): null

2024-11-12 17:22:27 - [TEST_STEP][PASSED] - out.println("Value of Execute is : " + ExecuteTC): null

2024-11-12 17:22:27 - [TEST_STEP][PASSED] - if (ExecuteTC.equalsIgnoreCase("Y")): null

2024-11-12 17:22:27 - [TEST_STEP][PASSED] - out.println("Begin Record Number: " + row): null

2024-11-12 17:22:27 - [TEST_STEP][PASSED] - today = new java.util.Date(): null

2024-11-12 17:22:27 - [TEST_STEP][PASSED] - println(today): null

2024-11-12 17:22:27 - [TEST_STEP][PASSED] - datText = today: null

2024-11-12 17:22:27 - [TEST_STEP][PASSED] - Taxtype = findTestData(dataFile).getValue("TaxType", row): null

2024-11-12 17:22:28 - [TEST_STEP][PASSED] - out.println("Taxtype value is : " + Taxtype): null

2024-11-12 17:22:28 - [TEST_STEP][PASSED] - openBrowser(""): Browser is opened with url: ''

2024-11-12 17:22:28 - [MESSAGE][WARNING] - A browser is already opened. Closing browser and opening a new one

2024-11-12 17:22:29 - [MESSAGE][INFO] - Starting 'Chrome' driver

2024-11-12 17:22:29 - [MESSAGE][INFO] - User set preference: ['acceptInsecureCerts', 'true']

2024-11-12 17:22:29 - [MESSAGE][INFO] - Action delay is set to 0 milliseconds

2024-11-12 17:22:31 - [MESSAGE][PASSED] - Browser is opened with url: ''

2024-11-12 17:22:31 - [TEST_STEP][PASSED] - maximizeWindow(): Current window maximized

2024-11-12 17:22:31 - [MESSAGE][PASSED] - Current window maximized

2024-11-12 17:22:31 - [TEST_STEP][PASSED] - navigateToUrl(RADurl): Navigate to 'https://www.velocitypayment.com/client/rad/index.html' successfully

2024-11-12 17:22:33 - [MESSAGE][PASSED] - Navigate to 'https://www.velocitypayment.com/client/rad/index.html' successfully

2024-11-12 17:22:33 - [TEST_STEP][PASSED] - orPath_Landing = "Object Repository/RAD_Pages/Landing_Page": null

2024-11-12 17:22:33 - [TEST_STEP][PASSED] - orPath_TaxTypeFilingYear = "Object Repository/RAD_Pages/TaxTypeFilingYear_Page": null

2024-11-12 17:22:33 - [TEST_STEP][PASSED] - orPath_TaxPayer = "Object Repository/RAD_Pages/Taxpayer_Page": null

2024-11-12 17:22:33 - [TEST_STEP][PASSED] - orPath_AddressContact = "Object Repository/RAD_Pages/AddressAndContactInfo_Page": null

2024-11-12 17:22:33 - [TEST_STEP][PASSED] - orPath_FilingStatus = "Object Repository/RAD_Pages/FilingStatus_Page": null

2024-11-12 17:22:33 - [TEST_STEP][PASSED] - orPath_Amount = "Object Repository/RAD_Pages/PaymentAmount_Page": null

2024-11-12 17:22:33 - [TEST_STEP][PASSED] - orPath_TaxInfo = "Object Repository/RAD_Pages/TaxInfo_Page": null

2024-11-12 17:22:33 - [TEST_STEP][PASSED] - orPath_Withholding = "Object Repository/RAD_Pages/Withholding_Page": null

2024-11-12 17:22:33 - [TEST_STEP][PASSED] - orPath_Summary = "Object Repository/RAD_Pages/Summary_Page": null

2024-11-12 17:22:33 - [TEST_STEP][PASSED] - orPath_PaymentReady = "Object Repository/RAD_Pages/PaymentReady_Page": null

2024-11-12 17:22:33 - [TEST_STEP][PASSED] - orPath_PaymentEntry = "Object Repository/RAD_Pages/PaymentEntry_Page": null

2024-11-12 17:22:33 - [TEST_STEP][PASSED] - orPath_PaymentConfirmation = "Object Repository/RAD_Pages/PaymentConfirmation_Page": null

2024-11-12 17:22:33 - [TEST_STEP][PASSED] - orPath_ServiceFeesAccept = "Object Repository/RAD_Pages/ServiceFeeAccept_Page": null

2024-11-12 17:22:33 - [TEST_STEP][PASSED] - selectOptionByLabel(findTestObject(orPath_Landing + "/dd_TaxType"), Paymenttype, false): All options with label 'Existing Liability with Notice/Invoice Number' are selected in object 'Object Repository/RAD_Pages/Landing_Page/dd_TaxType' 

2024-11-12 17:22:33 - [MESSAGE][PASSED] - All options with label 'Existing Liability with Notice/Invoice Number' are selected in object 'Object Repository/RAD_Pages/Landing_Page/dd_TaxType' 

2024-11-12 17:22:33 - [TEST_STEP][PASSED] - delay(1): Delayed 1 second(s)

2024-11-12 17:22:34 - [MESSAGE][PASSED] - Delayed 1 second(s)

2024-11-12 17:22:34 - [TEST_STEP][PASSED] - switch (Paymenttype): null

2024-11-12 17:22:34 - [TEST_STEP][PASSED] - case "Existing Liability with Notice/Invoice Number":: null

2024-11-12 17:22:34 - [TEST_STEP][PASSED] - selectOptionByLabel(findTestObject(orPath_TaxTypeFilingYear + "/select_TaxType_ExistingLiability"), Taxtype, false): All options with label 'Admissions and Amusement Tax' are selected in object 'Object Repository/RAD_Pages/TaxTypeFilingYear_Page/select_TaxType_ExistingLiability' 

2024-11-12 17:22:35 - [MESSAGE][PASSED] - All options with label 'Admissions and Amusement Tax' are selected in object 'Object Repository/RAD_Pages/TaxTypeFilingYear_Page/select_TaxType_ExistingLiability' 

2024-11-12 17:22:35 - [TEST_STEP][PASSED] - break: null

2024-11-12 17:22:35 - [TEST_STEP][PASSED] - delay(1): Delayed 1 second(s)

2024-11-12 17:22:36 - [MESSAGE][PASSED] - Delayed 1 second(s)

2024-11-12 17:22:36 - [TEST_STEP][PASSED] - scrollToElement(findTestObject(orPath_Amount + "/input__paymentAmount"), 2, CONTINUE_ON_FAILURE): Scroll to object 'Object Repository/RAD_Pages/PaymentAmount_Page/input__paymentAmount' successfully

2024-11-12 17:22:36 - [MESSAGE][PASSED] - Scroll to object 'Object Repository/RAD_Pages/PaymentAmount_Page/input__paymentAmount' successfully

2024-11-12 17:22:36 - [TEST_STEP][PASSED] - switch (Paymenttype): null

2024-11-12 17:22:36 - [TEST_STEP][PASSED] - case "Existing Liability with Notice/Invoice Number":: null

2024-11-12 17:22:36 - [TEST_STEP][PASSED] - setEncryptedText(findTestObject("Object Repository/RAD_RecordAndPlay/input_Existing_FEIN"), "RigbBhfdqODKcAsiUrg+1Q=="): Text ****** has been set on object 'Object Repository/RAD_RecordAndPlay/input_Existing_FEIN'

2024-11-12 17:22:37 - [MESSAGE][PASSED] - Text ****** has been set on object 'Object Repository/RAD_RecordAndPlay/input_Existing_FEIN'

2024-11-12 17:22:37 - [TEST_STEP][PASSED] - setEncryptedText(findTestObject("Object Repository/RAD_RecordAndPlay/input_Existing_RetypeFEIN"), "RigbBhfdqOBBGbZqm4oFJQ=="): Text ****** has been set on object 'Object Repository/RAD_RecordAndPlay/input_Existing_RetypeFEIN'

2024-11-12 17:22:37 - [MESSAGE][PASSED] - Text ****** has been set on object 'Object Repository/RAD_RecordAndPlay/input_Existing_RetypeFEIN'

2024-11-12 17:22:37 - [TEST_STEP][PASSED] - break: null

2024-11-12 17:22:37 - [TEST_STEP][PASSED] - setText(findTestObject(orPath_Amount + "/input__paymentAmount"), ""): Text '' is set on object 'Object Repository/RAD_Pages/PaymentAmount_Page/input__paymentAmount'

2024-11-12 17:22:38 - [MESSAGE][PASSED] - Text '' is set on object 'Object Repository/RAD_Pages/PaymentAmount_Page/input__paymentAmount'

2024-11-12 17:22:38 - [TEST_STEP][PASSED] - verifyTextPresent("The FEIN and Re-type FEIN do not match", true): Text 'The FEIN and Re-type FEIN do not match' is present on page  using regular expression

2024-11-12 17:22:38 - [MESSAGE][PASSED] - Text 'The FEIN and Re-type FEIN do not match' is present on page  using regular expression

2024-11-12 17:22:38 - [TEST_STEP][PASSED] - if (verifyTextPresent("The FEIN and Re-type FEIN do not match", true)): null

2024-11-12 17:22:39 - [MESSAGE][PASSED] - Text 'The FEIN and Re-type FEIN do not match' is present on page  using regular expression

2024-11-12 17:22:39 - [TEST_STEP][PASSED] - println("Error Message is present on the page"): null

2024-11-12 17:22:39 - [TEST_STEP][PASSED] - out.println("Pass Record Number: " + row): null

2024-11-12 17:22:39 - [TEST_STEP][PASSED] - resText = "Pass": null

2024-11-12 17:22:39 - [TEST_STEP][PASSED] - pages.WriteExcel.demoKey(resText, datText, resColumn, datCloumn, fileLoc, nameSheet, row): pages.WriteExcel.demoKey is PASSED

2024-11-12 17:22:39 - [MESSAGE][PASSED] - pages.WriteExcel.demoKey is PASSED

2024-11-12 17:22:39 - [TEST_STEP][PASSED] - ExecuteTC = findTestData(dataFile).getValue("Execute", row): null

2024-11-12 17:22:39 - [TEST_STEP][PASSED] - Taxtype = findTestData(dataFile).getValue("TaxType", row): null

2024-11-12 17:22:39 - [TEST_STEP][PASSED] - Paymenttype = findTestData(dataFile).getValue("PaymentType", row): null

2024-11-12 17:22:39 - [TEST_STEP][PASSED] - out.println("Value of Execute is : " + ExecuteTC): null

2024-11-12 17:22:39 - [TEST_STEP][PASSED] - if (ExecuteTC.equalsIgnoreCase("Y")): null

2024-11-12 17:22:39 - [TEST_STEP][PASSED] - out.println("Begin Record Number: " + row): null

2024-11-12 17:22:39 - [TEST_STEP][PASSED] - today = new java.util.Date(): null

2024-11-12 17:22:39 - [TEST_STEP][PASSED] - println(today): null

2024-11-12 17:22:39 - [TEST_STEP][PASSED] - datText = today: null

2024-11-12 17:22:39 - [TEST_STEP][PASSED] - Taxtype = findTestData(dataFile).getValue("TaxType", row): null

2024-11-12 17:22:39 - [TEST_STEP][PASSED] - out.println("Taxtype value is : " + Taxtype): null

2024-11-12 17:22:39 - [TEST_STEP][PASSED] - openBrowser(""): Browser is opened with url: ''

2024-11-12 17:22:39 - [MESSAGE][WARNING] - A browser is already opened. Closing browser and opening a new one

2024-11-12 17:22:40 - [MESSAGE][INFO] - Starting 'Chrome' driver

2024-11-12 17:22:40 - [MESSAGE][INFO] - User set preference: ['acceptInsecureCerts', 'true']

2024-11-12 17:22:40 - [MESSAGE][INFO] - Action delay is set to 0 milliseconds

2024-11-12 17:22:42 - [MESSAGE][PASSED] - Browser is opened with url: ''

2024-11-12 17:22:42 - [TEST_STEP][PASSED] - maximizeWindow(): Current window maximized

2024-11-12 17:22:42 - [MESSAGE][PASSED] - Current window maximized

2024-11-12 17:22:42 - [TEST_STEP][PASSED] - navigateToUrl(RADurl): Navigate to 'https://www.velocitypayment.com/client/rad/index.html' successfully

2024-11-12 17:22:44 - [MESSAGE][PASSED] - Navigate to 'https://www.velocitypayment.com/client/rad/index.html' successfully

2024-11-12 17:22:44 - [TEST_STEP][PASSED] - orPath_Landing = "Object Repository/RAD_Pages/Landing_Page": null

2024-11-12 17:22:44 - [TEST_STEP][PASSED] - orPath_TaxTypeFilingYear = "Object Repository/RAD_Pages/TaxTypeFilingYear_Page": null

2024-11-12 17:22:44 - [TEST_STEP][PASSED] - orPath_TaxPayer = "Object Repository/RAD_Pages/Taxpayer_Page": null

2024-11-12 17:22:44 - [TEST_STEP][PASSED] - orPath_AddressContact = "Object Repository/RAD_Pages/AddressAndContactInfo_Page": null

2024-11-12 17:22:44 - [TEST_STEP][PASSED] - orPath_FilingStatus = "Object Repository/RAD_Pages/FilingStatus_Page": null

2024-11-12 17:22:44 - [TEST_STEP][PASSED] - orPath_Amount = "Object Repository/RAD_Pages/PaymentAmount_Page": null

2024-11-12 17:22:44 - [TEST_STEP][PASSED] - orPath_TaxInfo = "Object Repository/RAD_Pages/TaxInfo_Page": null

2024-11-12 17:22:44 - [TEST_STEP][PASSED] - orPath_Withholding = "Object Repository/RAD_Pages/Withholding_Page": null

2024-11-12 17:22:44 - [TEST_STEP][PASSED] - orPath_Summary = "Object Repository/RAD_Pages/Summary_Page": null

2024-11-12 17:22:44 - [TEST_STEP][PASSED] - orPath_PaymentReady = "Object Repository/RAD_Pages/PaymentReady_Page": null

2024-11-12 17:22:44 - [TEST_STEP][PASSED] - orPath_PaymentEntry = "Object Repository/RAD_Pages/PaymentEntry_Page": null

2024-11-12 17:22:44 - [TEST_STEP][PASSED] - orPath_PaymentConfirmation = "Object Repository/RAD_Pages/PaymentConfirmation_Page": null

2024-11-12 17:22:44 - [TEST_STEP][PASSED] - orPath_ServiceFeesAccept = "Object Repository/RAD_Pages/ServiceFeeAccept_Page": null

2024-11-12 17:22:44 - [TEST_STEP][PASSED] - selectOptionByLabel(findTestObject(orPath_Landing + "/dd_TaxType"), Paymenttype, false): All options with label 'Existing Liability with Notice/Invoice Number' are selected in object 'Object Repository/RAD_Pages/Landing_Page/dd_TaxType' 

2024-11-12 17:22:44 - [MESSAGE][PASSED] - All options with label 'Existing Liability with Notice/Invoice Number' are selected in object 'Object Repository/RAD_Pages/Landing_Page/dd_TaxType' 

2024-11-12 17:22:44 - [TEST_STEP][PASSED] - delay(1): Delayed 1 second(s)

2024-11-12 17:22:45 - [MESSAGE][PASSED] - Delayed 1 second(s)

2024-11-12 17:22:45 - [TEST_STEP][PASSED] - switch (Paymenttype): null

2024-11-12 17:22:45 - [TEST_STEP][PASSED] - case "Existing Liability with Notice/Invoice Number":: null

2024-11-12 17:22:45 - [TEST_STEP][PASSED] - selectOptionByLabel(findTestObject(orPath_TaxTypeFilingYear + "/select_TaxType_ExistingLiability"), Taxtype, false): All options with label 'Motor Fuel Tax' are selected in object 'Object Repository/RAD_Pages/TaxTypeFilingYear_Page/select_TaxType_ExistingLiability' 

2024-11-12 17:22:46 - [MESSAGE][PASSED] - All options with label 'Motor Fuel Tax' are selected in object 'Object Repository/RAD_Pages/TaxTypeFilingYear_Page/select_TaxType_ExistingLiability' 

2024-11-12 17:22:46 - [TEST_STEP][PASSED] - break: null

2024-11-12 17:22:46 - [TEST_STEP][PASSED] - delay(1): Delayed 1 second(s)

2024-11-12 17:22:47 - [MESSAGE][PASSED] - Delayed 1 second(s)

2024-11-12 17:22:47 - [TEST_STEP][PASSED] - scrollToElement(findTestObject(orPath_Amount + "/input__paymentAmount"), 2, CONTINUE_ON_FAILURE): Scroll to object 'Object Repository/RAD_Pages/PaymentAmount_Page/input__paymentAmount' successfully

2024-11-12 17:22:47 - [MESSAGE][PASSED] - Scroll to object 'Object Repository/RAD_Pages/PaymentAmount_Page/input__paymentAmount' successfully

2024-11-12 17:22:47 - [TEST_STEP][PASSED] - switch (Paymenttype): null

2024-11-12 17:22:47 - [TEST_STEP][PASSED] - case "Existing Liability with Notice/Invoice Number":: null

2024-11-12 17:22:47 - [TEST_STEP][PASSED] - setEncryptedText(findTestObject("Object Repository/RAD_RecordAndPlay/input_Existing_FEIN"), "RigbBhfdqODKcAsiUrg+1Q=="): Text ****** has been set on object 'Object Repository/RAD_RecordAndPlay/input_Existing_FEIN'

2024-11-12 17:22:48 - [MESSAGE][PASSED] - Text ****** has been set on object 'Object Repository/RAD_RecordAndPlay/input_Existing_FEIN'

2024-11-12 17:22:48 - [TEST_STEP][PASSED] - setEncryptedText(findTestObject("Object Repository/RAD_RecordAndPlay/input_Existing_RetypeFEIN"), "RigbBhfdqOBBGbZqm4oFJQ=="): Text ****** has been set on object 'Object Repository/RAD_RecordAndPlay/input_Existing_RetypeFEIN'

2024-11-12 17:22:49 - [MESSAGE][PASSED] - Text ****** has been set on object 'Object Repository/RAD_RecordAndPlay/input_Existing_RetypeFEIN'

2024-11-12 17:22:49 - [TEST_STEP][PASSED] - break: null

2024-11-12 17:22:49 - [TEST_STEP][PASSED] - setText(findTestObject(orPath_Amount + "/input__paymentAmount"), ""): Text '' is set on object 'Object Repository/RAD_Pages/PaymentAmount_Page/input__paymentAmount'

2024-11-12 17:22:49 - [MESSAGE][PASSED] - Text '' is set on object 'Object Repository/RAD_Pages/PaymentAmount_Page/input__paymentAmount'

2024-11-12 17:22:49 - [TEST_STEP][PASSED] - verifyTextPresent("The FEIN and Re-type FEIN do not match", true): Text 'The FEIN and Re-type FEIN do not match' is present on page  using regular expression

2024-11-12 17:22:50 - [MESSAGE][PASSED] - Text 'The FEIN and Re-type FEIN do not match' is present on page  using regular expression

2024-11-12 17:22:50 - [TEST_STEP][PASSED] - if (verifyTextPresent("The FEIN and Re-type FEIN do not match", true)): null

2024-11-12 17:22:50 - [MESSAGE][PASSED] - Text 'The FEIN and Re-type FEIN do not match' is present on page  using regular expression

2024-11-12 17:22:50 - [TEST_STEP][PASSED] - println("Error Message is present on the page"): null

2024-11-12 17:22:50 - [TEST_STEP][PASSED] - out.println("Pass Record Number: " + row): null

2024-11-12 17:22:50 - [TEST_STEP][PASSED] - resText = "Pass": null

2024-11-12 17:22:50 - [TEST_STEP][PASSED] - pages.WriteExcel.demoKey(resText, datText, resColumn, datCloumn, fileLoc, nameSheet, row): pages.WriteExcel.demoKey is PASSED

2024-11-12 17:22:50 - [MESSAGE][PASSED] - pages.WriteExcel.demoKey is PASSED

2024-11-12 17:22:50 - [TEST_STEP][PASSED] - ExecuteTC = findTestData(dataFile).getValue("Execute", row): null

2024-11-12 17:22:50 - [TEST_STEP][PASSED] - Taxtype = findTestData(dataFile).getValue("TaxType", row): null

2024-11-12 17:22:50 - [TEST_STEP][PASSED] - Paymenttype = findTestData(dataFile).getValue("PaymentType", row): null

2024-11-12 17:22:50 - [TEST_STEP][PASSED] - out.println("Value of Execute is : " + ExecuteTC): null

2024-11-12 17:22:50 - [TEST_STEP][PASSED] - if (ExecuteTC.equalsIgnoreCase("Y")): null

2024-11-12 17:22:50 - [TEST_STEP][PASSED] - out.println("Begin Record Number: " + row): null

2024-11-12 17:22:50 - [TEST_STEP][PASSED] - today = new java.util.Date(): null

2024-11-12 17:22:50 - [TEST_STEP][PASSED] - println(today): null

2024-11-12 17:22:50 - [TEST_STEP][PASSED] - datText = today: null

2024-11-12 17:22:50 - [TEST_STEP][PASSED] - Taxtype = findTestData(dataFile).getValue("TaxType", row): null

2024-11-12 17:22:50 - [TEST_STEP][PASSED] - out.println("Taxtype value is : " + Taxtype): null

2024-11-12 17:22:50 - [TEST_STEP][PASSED] - openBrowser(""): Browser is opened with url: ''

2024-11-12 17:22:50 - [MESSAGE][WARNING] - A browser is already opened. Closing browser and opening a new one

2024-11-12 17:22:52 - [MESSAGE][INFO] - Starting 'Chrome' driver

2024-11-12 17:22:52 - [MESSAGE][INFO] - User set preference: ['acceptInsecureCerts', 'true']

2024-11-12 17:22:52 - [MESSAGE][INFO] - Action delay is set to 0 milliseconds

2024-11-12 17:22:53 - [MESSAGE][PASSED] - Browser is opened with url: ''

2024-11-12 17:22:53 - [TEST_STEP][PASSED] - maximizeWindow(): Current window maximized

2024-11-12 17:22:53 - [MESSAGE][PASSED] - Current window maximized

2024-11-12 17:22:53 - [TEST_STEP][PASSED] - navigateToUrl(RADurl): Navigate to 'https://www.velocitypayment.com/client/rad/index.html' successfully

2024-11-12 17:22:55 - [MESSAGE][PASSED] - Navigate to 'https://www.velocitypayment.com/client/rad/index.html' successfully

2024-11-12 17:22:55 - [TEST_STEP][PASSED] - orPath_Landing = "Object Repository/RAD_Pages/Landing_Page": null

2024-11-12 17:22:55 - [TEST_STEP][PASSED] - orPath_TaxTypeFilingYear = "Object Repository/RAD_Pages/TaxTypeFilingYear_Page": null

2024-11-12 17:22:55 - [TEST_STEP][PASSED] - orPath_TaxPayer = "Object Repository/RAD_Pages/Taxpayer_Page": null

2024-11-12 17:22:55 - [TEST_STEP][PASSED] - orPath_AddressContact = "Object Repository/RAD_Pages/AddressAndContactInfo_Page": null

2024-11-12 17:22:55 - [TEST_STEP][PASSED] - orPath_FilingStatus = "Object Repository/RAD_Pages/FilingStatus_Page": null

2024-11-12 17:22:55 - [TEST_STEP][PASSED] - orPath_Amount = "Object Repository/RAD_Pages/PaymentAmount_Page": null

2024-11-12 17:22:55 - [TEST_STEP][PASSED] - orPath_TaxInfo = "Object Repository/RAD_Pages/TaxInfo_Page": null

2024-11-12 17:22:55 - [TEST_STEP][PASSED] - orPath_Withholding = "Object Repository/RAD_Pages/Withholding_Page": null

2024-11-12 17:22:55 - [TEST_STEP][PASSED] - orPath_Summary = "Object Repository/RAD_Pages/Summary_Page": null

2024-11-12 17:22:55 - [TEST_STEP][PASSED] - orPath_PaymentReady = "Object Repository/RAD_Pages/PaymentReady_Page": null

2024-11-12 17:22:55 - [TEST_STEP][PASSED] - orPath_PaymentEntry = "Object Repository/RAD_Pages/PaymentEntry_Page": null

2024-11-12 17:22:55 - [TEST_STEP][PASSED] - orPath_PaymentConfirmation = "Object Repository/RAD_Pages/PaymentConfirmation_Page": null

2024-11-12 17:22:55 - [TEST_STEP][PASSED] - orPath_ServiceFeesAccept = "Object Repository/RAD_Pages/ServiceFeeAccept_Page": null

2024-11-12 17:22:55 - [TEST_STEP][PASSED] - selectOptionByLabel(findTestObject(orPath_Landing + "/dd_TaxType"), Paymenttype, false): All options with label 'Existing Liability with Notice/Invoice Number' are selected in object 'Object Repository/RAD_Pages/Landing_Page/dd_TaxType' 

2024-11-12 17:22:55 - [MESSAGE][PASSED] - All options with label 'Existing Liability with Notice/Invoice Number' are selected in object 'Object Repository/RAD_Pages/Landing_Page/dd_TaxType' 

2024-11-12 17:22:55 - [TEST_STEP][PASSED] - delay(1): Delayed 1 second(s)

2024-11-12 17:22:56 - [MESSAGE][PASSED] - Delayed 1 second(s)

2024-11-12 17:22:56 - [TEST_STEP][PASSED] - switch (Paymenttype): null

2024-11-12 17:22:56 - [TEST_STEP][PASSED] - case "Existing Liability with Notice/Invoice Number":: null

2024-11-12 17:22:56 - [TEST_STEP][PASSED] - selectOptionByLabel(findTestObject(orPath_TaxTypeFilingYear + "/select_TaxType_ExistingLiability"), Taxtype, false): All options with label 'Slots License Fee' are selected in object 'Object Repository/RAD_Pages/TaxTypeFilingYear_Page/select_TaxType_ExistingLiability' 

2024-11-12 17:22:57 - [MESSAGE][PASSED] - All options with label 'Slots License Fee' are selected in object 'Object Repository/RAD_Pages/TaxTypeFilingYear_Page/select_TaxType_ExistingLiability' 

2024-11-12 17:22:57 - [TEST_STEP][PASSED] - break: null

2024-11-12 17:22:57 - [TEST_STEP][PASSED] - delay(1): Delayed 1 second(s)

2024-11-12 17:22:58 - [MESSAGE][PASSED] - Delayed 1 second(s)

2024-11-12 17:22:58 - [TEST_STEP][PASSED] - scrollToElement(findTestObject(orPath_Amount + "/input__paymentAmount"), 2, CONTINUE_ON_FAILURE): Scroll to object 'Object Repository/RAD_Pages/PaymentAmount_Page/input__paymentAmount' successfully

2024-11-12 17:22:58 - [MESSAGE][PASSED] - Scroll to object 'Object Repository/RAD_Pages/PaymentAmount_Page/input__paymentAmount' successfully

2024-11-12 17:22:58 - [TEST_STEP][PASSED] - switch (Paymenttype): null

2024-11-12 17:22:58 - [TEST_STEP][PASSED] - case "Existing Liability with Notice/Invoice Number":: null

2024-11-12 17:22:58 - [TEST_STEP][PASSED] - setEncryptedText(findTestObject("Object Repository/RAD_RecordAndPlay/input_Existing_FEIN"), "RigbBhfdqODKcAsiUrg+1Q=="): Text ****** has been set on object 'Object Repository/RAD_RecordAndPlay/input_Existing_FEIN'

2024-11-12 17:22:59 - [MESSAGE][PASSED] - Text ****** has been set on object 'Object Repository/RAD_RecordAndPlay/input_Existing_FEIN'

2024-11-12 17:22:59 - [TEST_STEP][PASSED] - setEncryptedText(findTestObject("Object Repository/RAD_RecordAndPlay/input_Existing_RetypeFEIN"), "RigbBhfdqOBBGbZqm4oFJQ=="): Text ****** has been set on object 'Object Repository/RAD_RecordAndPlay/input_Existing_RetypeFEIN'

2024-11-12 17:23:00 - [MESSAGE][PASSED] - Text ****** has been set on object 'Object Repository/RAD_RecordAndPlay/input_Existing_RetypeFEIN'

2024-11-12 17:23:00 - [TEST_STEP][PASSED] - break: null

2024-11-12 17:23:00 - [TEST_STEP][PASSED] - setText(findTestObject(orPath_Amount + "/input__paymentAmount"), ""): Text '' is set on object 'Object Repository/RAD_Pages/PaymentAmount_Page/input__paymentAmount'

2024-11-12 17:23:00 - [MESSAGE][PASSED] - Text '' is set on object 'Object Repository/RAD_Pages/PaymentAmount_Page/input__paymentAmount'

2024-11-12 17:23:00 - [TEST_STEP][PASSED] - verifyTextPresent("The FEIN and Re-type FEIN do not match", true): Text 'The FEIN and Re-type FEIN do not match' is present on page  using regular expression

2024-11-12 17:23:01 - [MESSAGE][PASSED] - Text 'The FEIN and Re-type FEIN do not match' is present on page  using regular expression

2024-11-12 17:23:01 - [TEST_STEP][PASSED] - if (verifyTextPresent("The FEIN and Re-type FEIN do not match", true)): null

2024-11-12 17:23:01 - [MESSAGE][PASSED] - Text 'The FEIN and Re-type FEIN do not match' is present on page  using regular expression

2024-11-12 17:23:01 - [TEST_STEP][PASSED] - println("Error Message is present on the page"): null

2024-11-12 17:23:01 - [TEST_STEP][PASSED] - out.println("Pass Record Number: " + row): null

2024-11-12 17:23:01 - [TEST_STEP][PASSED] - resText = "Pass": null

2024-11-12 17:23:01 - [TEST_STEP][PASSED] - pages.WriteExcel.demoKey(resText, datText, resColumn, datCloumn, fileLoc, nameSheet, row): pages.WriteExcel.demoKey is PASSED

2024-11-12 17:23:01 - [MESSAGE][PASSED] - pages.WriteExcel.demoKey is PASSED

2024-11-12 17:23:01 - [TEST_STEP][PASSED] - ExecuteTC = findTestData(dataFile).getValue("Execute", row): null

2024-11-12 17:23:01 - [TEST_STEP][PASSED] - Taxtype = findTestData(dataFile).getValue("TaxType", row): null

2024-11-12 17:23:01 - [TEST_STEP][PASSED] - Paymenttype = findTestData(dataFile).getValue("PaymentType", row): null

2024-11-12 17:23:01 - [TEST_STEP][PASSED] - out.println("Value of Execute is : " + ExecuteTC): null

2024-11-12 17:23:01 - [TEST_STEP][PASSED] - if (ExecuteTC.equalsIgnoreCase("Y")): null

2024-11-12 17:23:01 - [TEST_STEP][PASSED] - out.println("Begin Record Number: " + row): null

2024-11-12 17:23:01 - [TEST_STEP][PASSED] - today = new java.util.Date(): null

2024-11-12 17:23:01 - [TEST_STEP][PASSED] - println(today): null

2024-11-12 17:23:01 - [TEST_STEP][PASSED] - datText = today: null

2024-11-12 17:23:01 - [TEST_STEP][PASSED] - Taxtype = findTestData(dataFile).getValue("TaxType", row): null

2024-11-12 17:23:01 - [TEST_STEP][PASSED] - out.println("Taxtype value is : " + Taxtype): null

2024-11-12 17:23:01 - [TEST_STEP][PASSED] - openBrowser(""): Browser is opened with url: ''

2024-11-12 17:23:01 - [MESSAGE][WARNING] - A browser is already opened. Closing browser and opening a new one

2024-11-12 17:23:03 - [MESSAGE][INFO] - Starting 'Chrome' driver

2024-11-12 17:23:03 - [MESSAGE][INFO] - User set preference: ['acceptInsecureCerts', 'true']

2024-11-12 17:23:03 - [MESSAGE][INFO] - Action delay is set to 0 milliseconds

2024-11-12 17:23:04 - [MESSAGE][PASSED] - Browser is opened with url: ''

2024-11-12 17:23:04 - [TEST_STEP][PASSED] - maximizeWindow(): Current window maximized

2024-11-12 17:23:04 - [MESSAGE][PASSED] - Current window maximized

2024-11-12 17:23:04 - [TEST_STEP][PASSED] - navigateToUrl(RADurl): Navigate to 'https://www.velocitypayment.com/client/rad/index.html' successfully

2024-11-12 17:23:06 - [MESSAGE][PASSED] - Navigate to 'https://www.velocitypayment.com/client/rad/index.html' successfully

2024-11-12 17:23:06 - [TEST_STEP][PASSED] - orPath_Landing = "Object Repository/RAD_Pages/Landing_Page": null

2024-11-12 17:23:06 - [TEST_STEP][PASSED] - orPath_TaxTypeFilingYear = "Object Repository/RAD_Pages/TaxTypeFilingYear_Page": null

2024-11-12 17:23:06 - [TEST_STEP][PASSED] - orPath_TaxPayer = "Object Repository/RAD_Pages/Taxpayer_Page": null

2024-11-12 17:23:06 - [TEST_STEP][PASSED] - orPath_AddressContact = "Object Repository/RAD_Pages/AddressAndContactInfo_Page": null

2024-11-12 17:23:06 - [TEST_STEP][PASSED] - orPath_FilingStatus = "Object Repository/RAD_Pages/FilingStatus_Page": null

2024-11-12 17:23:06 - [TEST_STEP][PASSED] - orPath_Amount = "Object Repository/RAD_Pages/PaymentAmount_Page": null

2024-11-12 17:23:06 - [TEST_STEP][PASSED] - orPath_TaxInfo = "Object Repository/RAD_Pages/TaxInfo_Page": null

2024-11-12 17:23:06 - [TEST_STEP][PASSED] - orPath_Withholding = "Object Repository/RAD_Pages/Withholding_Page": null

2024-11-12 17:23:06 - [TEST_STEP][PASSED] - orPath_Summary = "Object Repository/RAD_Pages/Summary_Page": null

2024-11-12 17:23:06 - [TEST_STEP][PASSED] - orPath_PaymentReady = "Object Repository/RAD_Pages/PaymentReady_Page": null

2024-11-12 17:23:06 - [TEST_STEP][PASSED] - orPath_PaymentEntry = "Object Repository/RAD_Pages/PaymentEntry_Page": null

2024-11-12 17:23:06 - [TEST_STEP][PASSED] - orPath_PaymentConfirmation = "Object Repository/RAD_Pages/PaymentConfirmation_Page": null

2024-11-12 17:23:06 - [TEST_STEP][PASSED] - orPath_ServiceFeesAccept = "Object Repository/RAD_Pages/ServiceFeeAccept_Page": null

2024-11-12 17:23:06 - [TEST_STEP][PASSED] - selectOptionByLabel(findTestObject(orPath_Landing + "/dd_TaxType"), Paymenttype, false): All options with label 'Existing Liability with Notice/Invoice Number' are selected in object 'Object Repository/RAD_Pages/Landing_Page/dd_TaxType' 

2024-11-12 17:23:07 - [MESSAGE][PASSED] - All options with label 'Existing Liability with Notice/Invoice Number' are selected in object 'Object Repository/RAD_Pages/Landing_Page/dd_TaxType' 

2024-11-12 17:23:07 - [TEST_STEP][PASSED] - delay(1): Delayed 1 second(s)

2024-11-12 17:23:08 - [MESSAGE][PASSED] - Delayed 1 second(s)

2024-11-12 17:23:08 - [TEST_STEP][PASSED] - switch (Paymenttype): null

2024-11-12 17:23:08 - [TEST_STEP][PASSED] - case "Existing Liability with Notice/Invoice Number":: null

2024-11-12 17:23:08 - [TEST_STEP][PASSED] - selectOptionByLabel(findTestObject(orPath_TaxTypeFilingYear + "/select_TaxType_ExistingLiability"), Taxtype, false): All options with label 'Transportation Network Services' are selected in object 'Object Repository/RAD_Pages/TaxTypeFilingYear_Page/select_TaxType_ExistingLiability' 

2024-11-12 17:23:08 - [MESSAGE][PASSED] - All options with label 'Transportation Network Services' are selected in object 'Object Repository/RAD_Pages/TaxTypeFilingYear_Page/select_TaxType_ExistingLiability' 

2024-11-12 17:23:08 - [TEST_STEP][PASSED] - break: null

2024-11-12 17:23:08 - [TEST_STEP][PASSED] - delay(1): Delayed 1 second(s)

2024-11-12 17:23:09 - [MESSAGE][PASSED] - Delayed 1 second(s)

2024-11-12 17:23:09 - [TEST_STEP][PASSED] - scrollToElement(findTestObject(orPath_Amount + "/input__paymentAmount"), 2, CONTINUE_ON_FAILURE): Scroll to object 'Object Repository/RAD_Pages/PaymentAmount_Page/input__paymentAmount' successfully

2024-11-12 17:23:10 - [MESSAGE][PASSED] - Scroll to object 'Object Repository/RAD_Pages/PaymentAmount_Page/input__paymentAmount' successfully

2024-11-12 17:23:10 - [TEST_STEP][PASSED] - switch (Paymenttype): null

2024-11-12 17:23:10 - [TEST_STEP][PASSED] - case "Existing Liability with Notice/Invoice Number":: null

2024-11-12 17:23:10 - [TEST_STEP][PASSED] - setEncryptedText(findTestObject("Object Repository/RAD_RecordAndPlay/input_Existing_FEIN"), "RigbBhfdqODKcAsiUrg+1Q=="): Text ****** has been set on object 'Object Repository/RAD_RecordAndPlay/input_Existing_FEIN'

2024-11-12 17:23:10 - [MESSAGE][PASSED] - Text ****** has been set on object 'Object Repository/RAD_RecordAndPlay/input_Existing_FEIN'

2024-11-12 17:23:10 - [TEST_STEP][PASSED] - setEncryptedText(findTestObject("Object Repository/RAD_RecordAndPlay/input_Existing_RetypeFEIN"), "RigbBhfdqOBBGbZqm4oFJQ=="): Text ****** has been set on object 'Object Repository/RAD_RecordAndPlay/input_Existing_RetypeFEIN'

2024-11-12 17:23:11 - [MESSAGE][PASSED] - Text ****** has been set on object 'Object Repository/RAD_RecordAndPlay/input_Existing_RetypeFEIN'

2024-11-12 17:23:11 - [TEST_STEP][PASSED] - break: null

2024-11-12 17:23:11 - [TEST_STEP][PASSED] - setText(findTestObject(orPath_Amount + "/input__paymentAmount"), ""): Text '' is set on object 'Object Repository/RAD_Pages/PaymentAmount_Page/input__paymentAmount'

2024-11-12 17:23:11 - [MESSAGE][PASSED] - Text '' is set on object 'Object Repository/RAD_Pages/PaymentAmount_Page/input__paymentAmount'

2024-11-12 17:23:11 - [TEST_STEP][PASSED] - verifyTextPresent("The FEIN and Re-type FEIN do not match", true): Text 'The FEIN and Re-type FEIN do not match' is present on page  using regular expression

2024-11-12 17:23:12 - [MESSAGE][PASSED] - Text 'The FEIN and Re-type FEIN do not match' is present on page  using regular expression

2024-11-12 17:23:12 - [TEST_STEP][PASSED] - if (verifyTextPresent("The FEIN and Re-type FEIN do not match", true)): null

2024-11-12 17:23:12 - [MESSAGE][PASSED] - Text 'The FEIN and Re-type FEIN do not match' is present on page  using regular expression

2024-11-12 17:23:12 - [TEST_STEP][PASSED] - println("Error Message is present on the page"): null

2024-11-12 17:23:12 - [TEST_STEP][PASSED] - out.println("Pass Record Number: " + row): null

2024-11-12 17:23:12 - [TEST_STEP][PASSED] - resText = "Pass": null

2024-11-12 17:23:12 - [TEST_STEP][PASSED] - pages.WriteExcel.demoKey(resText, datText, resColumn, datCloumn, fileLoc, nameSheet, row): pages.WriteExcel.demoKey is PASSED

2024-11-12 17:23:12 - [MESSAGE][PASSED] - pages.WriteExcel.demoKey is PASSED

2024-11-12 17:23:12 - [TEST_STEP][PASSED] - ExecuteTC = findTestData(dataFile).getValue("Execute", row): null

2024-11-12 17:23:12 - [TEST_STEP][PASSED] - Taxtype = findTestData(dataFile).getValue("TaxType", row): null

2024-11-12 17:23:12 - [TEST_STEP][PASSED] - Paymenttype = findTestData(dataFile).getValue("PaymentType", row): null

2024-11-12 17:23:12 - [TEST_STEP][PASSED] - out.println("Value of Execute is : " + ExecuteTC): null

2024-11-12 17:23:12 - [TEST_STEP][PASSED] - if (ExecuteTC.equalsIgnoreCase("Y")): null

2024-11-12 17:23:12 - [TEST_STEP][PASSED] - out.println("Begin Record Number: " + row): null

2024-11-12 17:23:12 - [TEST_STEP][PASSED] - today = new java.util.Date(): null

2024-11-12 17:23:12 - [TEST_STEP][PASSED] - println(today): null

2024-11-12 17:23:12 - [TEST_STEP][PASSED] - datText = today: null

2024-11-12 17:23:12 - [TEST_STEP][PASSED] - Taxtype = findTestData(dataFile).getValue("TaxType", row): null

2024-11-12 17:23:12 - [TEST_STEP][PASSED] - out.println("Taxtype value is : " + Taxtype): null

2024-11-12 17:23:12 - [TEST_STEP][PASSED] - openBrowser(""): Browser is opened with url: ''

2024-11-12 17:23:12 - [MESSAGE][WARNING] - A browser is already opened. Closing browser and opening a new one

2024-11-12 17:23:14 - [MESSAGE][INFO] - Starting 'Chrome' driver

2024-11-12 17:23:14 - [MESSAGE][INFO] - User set preference: ['acceptInsecureCerts', 'true']

2024-11-12 17:23:14 - [MESSAGE][INFO] - Action delay is set to 0 milliseconds

2024-11-12 17:23:15 - [MESSAGE][PASSED] - Browser is opened with url: ''

2024-11-12 17:23:15 - [TEST_STEP][PASSED] - maximizeWindow(): Current window maximized

2024-11-12 17:23:15 - [MESSAGE][PASSED] - Current window maximized

2024-11-12 17:23:15 - [TEST_STEP][PASSED] - navigateToUrl(RADurl): Navigate to 'https://www.velocitypayment.com/client/rad/index.html' successfully

2024-11-12 17:23:17 - [MESSAGE][PASSED] - Navigate to 'https://www.velocitypayment.com/client/rad/index.html' successfully

2024-11-12 17:23:17 - [TEST_STEP][PASSED] - orPath_Landing = "Object Repository/RAD_Pages/Landing_Page": null

2024-11-12 17:23:17 - [TEST_STEP][PASSED] - orPath_TaxTypeFilingYear = "Object Repository/RAD_Pages/TaxTypeFilingYear_Page": null

2024-11-12 17:23:17 - [TEST_STEP][PASSED] - orPath_TaxPayer = "Object Repository/RAD_Pages/Taxpayer_Page": null

2024-11-12 17:23:17 - [TEST_STEP][PASSED] - orPath_AddressContact = "Object Repository/RAD_Pages/AddressAndContactInfo_Page": null

2024-11-12 17:23:17 - [TEST_STEP][PASSED] - orPath_FilingStatus = "Object Repository/RAD_Pages/FilingStatus_Page": null

2024-11-12 17:23:17 - [TEST_STEP][PASSED] - orPath_Amount = "Object Repository/RAD_Pages/PaymentAmount_Page": null

2024-11-12 17:23:17 - [TEST_STEP][PASSED] - orPath_TaxInfo = "Object Repository/RAD_Pages/TaxInfo_Page": null

2024-11-12 17:23:17 - [TEST_STEP][PASSED] - orPath_Withholding = "Object Repository/RAD_Pages/Withholding_Page": null

2024-11-12 17:23:17 - [TEST_STEP][PASSED] - orPath_Summary = "Object Repository/RAD_Pages/Summary_Page": null

2024-11-12 17:23:17 - [TEST_STEP][PASSED] - orPath_PaymentReady = "Object Repository/RAD_Pages/PaymentReady_Page": null

2024-11-12 17:23:17 - [TEST_STEP][PASSED] - orPath_PaymentEntry = "Object Repository/RAD_Pages/PaymentEntry_Page": null

2024-11-12 17:23:17 - [TEST_STEP][PASSED] - orPath_PaymentConfirmation = "Object Repository/RAD_Pages/PaymentConfirmation_Page": null

2024-11-12 17:23:17 - [TEST_STEP][PASSED] - orPath_ServiceFeesAccept = "Object Repository/RAD_Pages/ServiceFeeAccept_Page": null

2024-11-12 17:23:17 - [TEST_STEP][PASSED] - selectOptionByLabel(findTestObject(orPath_Landing + "/dd_TaxType"), Paymenttype, false): All options with label 'Existing Liability with Notice/Invoice Number' are selected in object 'Object Repository/RAD_Pages/Landing_Page/dd_TaxType' 

2024-11-12 17:23:18 - [MESSAGE][PASSED] - All options with label 'Existing Liability with Notice/Invoice Number' are selected in object 'Object Repository/RAD_Pages/Landing_Page/dd_TaxType' 

2024-11-12 17:23:18 - [TEST_STEP][PASSED] - delay(1): Delayed 1 second(s)

2024-11-12 17:23:19 - [MESSAGE][PASSED] - Delayed 1 second(s)

2024-11-12 17:23:19 - [TEST_STEP][PASSED] - switch (Paymenttype): null

2024-11-12 17:23:19 - [TEST_STEP][PASSED] - case "Existing Liability with Notice/Invoice Number":: null

2024-11-12 17:23:19 - [TEST_STEP][PASSED] - selectOptionByLabel(findTestObject(orPath_TaxTypeFilingYear + "/select_TaxType_ExistingLiability"), Taxtype, false): All options with label 'Unclaimed Property' are selected in object 'Object Repository/RAD_Pages/TaxTypeFilingYear_Page/select_TaxType_ExistingLiability' 

2024-11-12 17:23:19 - [MESSAGE][PASSED] - All options with label 'Unclaimed Property' are selected in object 'Object Repository/RAD_Pages/TaxTypeFilingYear_Page/select_TaxType_ExistingLiability' 

2024-11-12 17:23:19 - [TEST_STEP][PASSED] - break: null

2024-11-12 17:23:19 - [TEST_STEP][PASSED] - delay(1): Delayed 1 second(s)

2024-11-12 17:23:20 - [MESSAGE][PASSED] - Delayed 1 second(s)

2024-11-12 17:23:20 - [TEST_STEP][PASSED] - scrollToElement(findTestObject(orPath_Amount + "/input__paymentAmount"), 2, CONTINUE_ON_FAILURE): Scroll to object 'Object Repository/RAD_Pages/PaymentAmount_Page/input__paymentAmount' successfully

2024-11-12 17:23:21 - [MESSAGE][PASSED] - Scroll to object 'Object Repository/RAD_Pages/PaymentAmount_Page/input__paymentAmount' successfully

2024-11-12 17:23:21 - [TEST_STEP][PASSED] - switch (Paymenttype): null

2024-11-12 17:23:21 - [TEST_STEP][PASSED] - case "Existing Liability with Notice/Invoice Number":: null

2024-11-12 17:23:21 - [TEST_STEP][PASSED] - setEncryptedText(findTestObject("Object Repository/RAD_RecordAndPlay/input_Existing_FEIN"), "RigbBhfdqODKcAsiUrg+1Q=="): Text ****** has been set on object 'Object Repository/RAD_RecordAndPlay/input_Existing_FEIN'

2024-11-12 17:23:21 - [MESSAGE][PASSED] - Text ****** has been set on object 'Object Repository/RAD_RecordAndPlay/input_Existing_FEIN'

2024-11-12 17:23:21 - [TEST_STEP][PASSED] - setEncryptedText(findTestObject("Object Repository/RAD_RecordAndPlay/input_Existing_RetypeFEIN"), "RigbBhfdqOBBGbZqm4oFJQ=="): Text ****** has been set on object 'Object Repository/RAD_RecordAndPlay/input_Existing_RetypeFEIN'

2024-11-12 17:23:22 - [MESSAGE][PASSED] - Text ****** has been set on object 'Object Repository/RAD_RecordAndPlay/input_Existing_RetypeFEIN'

2024-11-12 17:23:22 - [TEST_STEP][PASSED] - break: null

2024-11-12 17:23:22 - [TEST_STEP][PASSED] - setText(findTestObject(orPath_Amount + "/input__paymentAmount"), ""): Text '' is set on object 'Object Repository/RAD_Pages/PaymentAmount_Page/input__paymentAmount'

2024-11-12 17:23:22 - [MESSAGE][PASSED] - Text '' is set on object 'Object Repository/RAD_Pages/PaymentAmount_Page/input__paymentAmount'

2024-11-12 17:23:22 - [TEST_STEP][PASSED] - verifyTextPresent("The FEIN and Re-type FEIN do not match", true): Text 'The FEIN and Re-type FEIN do not match' is present on page  using regular expression

2024-11-12 17:23:23 - [MESSAGE][PASSED] - Text 'The FEIN and Re-type FEIN do not match' is present on page  using regular expression

2024-11-12 17:23:23 - [TEST_STEP][PASSED] - if (verifyTextPresent("The FEIN and Re-type FEIN do not match", true)): null

2024-11-12 17:23:23 - [MESSAGE][PASSED] - Text 'The FEIN and Re-type FEIN do not match' is present on page  using regular expression

2024-11-12 17:23:23 - [TEST_STEP][PASSED] - println("Error Message is present on the page"): null

2024-11-12 17:23:23 - [TEST_STEP][PASSED] - out.println("Pass Record Number: " + row): null

2024-11-12 17:23:23 - [TEST_STEP][PASSED] - resText = "Pass": null

2024-11-12 17:23:23 - [TEST_STEP][PASSED] - pages.WriteExcel.demoKey(resText, datText, resColumn, datCloumn, fileLoc, nameSheet, row): pages.WriteExcel.demoKey is PASSED

2024-11-12 17:23:23 - [MESSAGE][PASSED] - pages.WriteExcel.demoKey is PASSED

2024-11-12 17:23:23 - [TEST_STEP][PASSED] - ExecuteTC = findTestData(dataFile).getValue("Execute", row): null

2024-11-12 17:23:23 - [TEST_STEP][PASSED] - Taxtype = findTestData(dataFile).getValue("TaxType", row): null

2024-11-12 17:23:23 - [TEST_STEP][PASSED] - Paymenttype = findTestData(dataFile).getValue("PaymentType", row): null

2024-11-12 17:23:23 - [TEST_STEP][PASSED] - out.println("Value of Execute is : " + ExecuteTC): null

2024-11-12 17:23:23 - [TEST_STEP][PASSED] - if (ExecuteTC.equalsIgnoreCase("Y")): null

2024-11-12 17:23:23 - [TEST_STEP][PASSED] - out.println("Begin Record Number: " + row): null

2024-11-12 17:23:23 - [TEST_STEP][PASSED] - today = new java.util.Date(): null

2024-11-12 17:23:23 - [TEST_STEP][PASSED] - println(today): null

2024-11-12 17:23:23 - [TEST_STEP][PASSED] - datText = today: null

2024-11-12 17:23:23 - [TEST_STEP][PASSED] - Taxtype = findTestData(dataFile).getValue("TaxType", row): null

2024-11-12 17:23:23 - [TEST_STEP][PASSED] - out.println("Taxtype value is : " + Taxtype): null

2024-11-12 17:23:23 - [TEST_STEP][PASSED] - openBrowser(""): Browser is opened with url: ''

2024-11-12 17:23:23 - [MESSAGE][WARNING] - A browser is already opened. Closing browser and opening a new one

2024-11-12 17:23:25 - [MESSAGE][INFO] - Starting 'Chrome' driver

2024-11-12 17:23:25 - [MESSAGE][INFO] - User set preference: ['acceptInsecureCerts', 'true']

2024-11-12 17:23:25 - [MESSAGE][INFO] - Action delay is set to 0 milliseconds

2024-11-12 17:23:26 - [MESSAGE][PASSED] - Browser is opened with url: ''

2024-11-12 17:23:26 - [TEST_STEP][PASSED] - maximizeWindow(): Current window maximized

2024-11-12 17:23:26 - [MESSAGE][PASSED] - Current window maximized

2024-11-12 17:23:26 - [TEST_STEP][PASSED] - navigateToUrl(RADurl): Navigate to 'https://www.velocitypayment.com/client/rad/index.html' successfully

2024-11-12 17:23:28 - [MESSAGE][PASSED] - Navigate to 'https://www.velocitypayment.com/client/rad/index.html' successfully

2024-11-12 17:23:28 - [TEST_STEP][PASSED] - orPath_Landing = "Object Repository/RAD_Pages/Landing_Page": null

2024-11-12 17:23:28 - [TEST_STEP][PASSED] - orPath_TaxTypeFilingYear = "Object Repository/RAD_Pages/TaxTypeFilingYear_Page": null

2024-11-12 17:23:28 - [TEST_STEP][PASSED] - orPath_TaxPayer = "Object Repository/RAD_Pages/Taxpayer_Page": null

2024-11-12 17:23:28 - [TEST_STEP][PASSED] - orPath_AddressContact = "Object Repository/RAD_Pages/AddressAndContactInfo_Page": null

2024-11-12 17:23:28 - [TEST_STEP][PASSED] - orPath_FilingStatus = "Object Repository/RAD_Pages/FilingStatus_Page": null

2024-11-12 17:23:28 - [TEST_STEP][PASSED] - orPath_Amount = "Object Repository/RAD_Pages/PaymentAmount_Page": null

2024-11-12 17:23:28 - [TEST_STEP][PASSED] - orPath_TaxInfo = "Object Repository/RAD_Pages/TaxInfo_Page": null

2024-11-12 17:23:28 - [TEST_STEP][PASSED] - orPath_Withholding = "Object Repository/RAD_Pages/Withholding_Page": null

2024-11-12 17:23:28 - [TEST_STEP][PASSED] - orPath_Summary = "Object Repository/RAD_Pages/Summary_Page": null

2024-11-12 17:23:28 - [TEST_STEP][PASSED] - orPath_PaymentReady = "Object Repository/RAD_Pages/PaymentReady_Page": null

2024-11-12 17:23:28 - [TEST_STEP][PASSED] - orPath_PaymentEntry = "Object Repository/RAD_Pages/PaymentEntry_Page": null

2024-11-12 17:23:28 - [TEST_STEP][PASSED] - orPath_PaymentConfirmation = "Object Repository/RAD_Pages/PaymentConfirmation_Page": null

2024-11-12 17:23:28 - [TEST_STEP][PASSED] - orPath_ServiceFeesAccept = "Object Repository/RAD_Pages/ServiceFeeAccept_Page": null

2024-11-12 17:23:28 - [TEST_STEP][PASSED] - selectOptionByLabel(findTestObject(orPath_Landing + "/dd_TaxType"), Paymenttype, false): All options with label 'Existing Liability with Notice/Invoice Number' are selected in object 'Object Repository/RAD_Pages/Landing_Page/dd_TaxType' 

2024-11-12 17:23:29 - [MESSAGE][PASSED] - All options with label 'Existing Liability with Notice/Invoice Number' are selected in object 'Object Repository/RAD_Pages/Landing_Page/dd_TaxType' 

2024-11-12 17:23:29 - [TEST_STEP][PASSED] - delay(1): Delayed 1 second(s)

2024-11-12 17:23:30 - [MESSAGE][PASSED] - Delayed 1 second(s)

2024-11-12 17:23:30 - [TEST_STEP][PASSED] - switch (Paymenttype): null

2024-11-12 17:23:30 - [TEST_STEP][PASSED] - case "Existing Liability with Notice/Invoice Number":: null

2024-11-12 17:23:30 - [TEST_STEP][PASSED] - selectOptionByLabel(findTestObject(orPath_TaxTypeFilingYear + "/select_TaxType_ExistingLiability"), Taxtype, false): All options with label 'IFTA Tax' are selected in object 'Object Repository/RAD_Pages/TaxTypeFilingYear_Page/select_TaxType_ExistingLiability' 

2024-11-12 17:23:30 - [MESSAGE][PASSED] - All options with label 'IFTA Tax' are selected in object 'Object Repository/RAD_Pages/TaxTypeFilingYear_Page/select_TaxType_ExistingLiability' 

2024-11-12 17:23:30 - [TEST_STEP][PASSED] - break: null

2024-11-12 17:23:30 - [TEST_STEP][PASSED] - delay(1): Delayed 1 second(s)

2024-11-12 17:23:31 - [MESSAGE][PASSED] - Delayed 1 second(s)

2024-11-12 17:23:31 - [TEST_STEP][PASSED] - scrollToElement(findTestObject(orPath_Amount + "/input__paymentAmount"), 2, CONTINUE_ON_FAILURE): Scroll to object 'Object Repository/RAD_Pages/PaymentAmount_Page/input__paymentAmount' successfully

2024-11-12 17:23:32 - [MESSAGE][PASSED] - Scroll to object 'Object Repository/RAD_Pages/PaymentAmount_Page/input__paymentAmount' successfully

2024-11-12 17:23:32 - [TEST_STEP][PASSED] - switch (Paymenttype): null

2024-11-12 17:23:32 - [TEST_STEP][PASSED] - case "Existing Liability with Notice/Invoice Number":: null

2024-11-12 17:23:32 - [TEST_STEP][PASSED] - setEncryptedText(findTestObject("Object Repository/RAD_RecordAndPlay/input_Existing_FEIN"), "RigbBhfdqODKcAsiUrg+1Q=="): Text ****** has been set on object 'Object Repository/RAD_RecordAndPlay/input_Existing_FEIN'

2024-11-12 17:23:32 - [MESSAGE][PASSED] - Text ****** has been set on object 'Object Repository/RAD_RecordAndPlay/input_Existing_FEIN'

2024-11-12 17:23:32 - [TEST_STEP][PASSED] - setEncryptedText(findTestObject("Object Repository/RAD_RecordAndPlay/input_Existing_RetypeFEIN"), "RigbBhfdqOBBGbZqm4oFJQ=="): Text ****** has been set on object 'Object Repository/RAD_RecordAndPlay/input_Existing_RetypeFEIN'

2024-11-12 17:23:33 - [MESSAGE][PASSED] - Text ****** has been set on object 'Object Repository/RAD_RecordAndPlay/input_Existing_RetypeFEIN'

2024-11-12 17:23:33 - [TEST_STEP][PASSED] - break: null

2024-11-12 17:23:33 - [TEST_STEP][PASSED] - setText(findTestObject(orPath_Amount + "/input__paymentAmount"), ""): Text '' is set on object 'Object Repository/RAD_Pages/PaymentAmount_Page/input__paymentAmount'

2024-11-12 17:23:33 - [MESSAGE][PASSED] - Text '' is set on object 'Object Repository/RAD_Pages/PaymentAmount_Page/input__paymentAmount'

2024-11-12 17:23:33 - [TEST_STEP][PASSED] - verifyTextPresent("The FEIN and Re-type FEIN do not match", true): Text 'The FEIN and Re-type FEIN do not match' is present on page  using regular expression

2024-11-12 17:23:34 - [MESSAGE][PASSED] - Text 'The FEIN and Re-type FEIN do not match' is present on page  using regular expression

2024-11-12 17:23:34 - [TEST_STEP][PASSED] - if (verifyTextPresent("The FEIN and Re-type FEIN do not match", true)): null

2024-11-12 17:23:34 - [MESSAGE][PASSED] - Text 'The FEIN and Re-type FEIN do not match' is present on page  using regular expression

2024-11-12 17:23:34 - [TEST_STEP][PASSED] - println("Error Message is present on the page"): null

2024-11-12 17:23:34 - [TEST_STEP][PASSED] - out.println("Pass Record Number: " + row): null

2024-11-12 17:23:34 - [TEST_STEP][PASSED] - resText = "Pass": null

2024-11-12 17:23:34 - [TEST_STEP][PASSED] - pages.WriteExcel.demoKey(resText, datText, resColumn, datCloumn, fileLoc, nameSheet, row): pages.WriteExcel.demoKey is PASSED

2024-11-12 17:23:34 - [MESSAGE][PASSED] - pages.WriteExcel.demoKey is PASSED

2024-11-12 17:23:34 - [TEST_STEP][PASSED] - ExecuteTC = findTestData(dataFile).getValue("Execute", row): null

2024-11-12 17:23:34 - [TEST_STEP][PASSED] - Taxtype = findTestData(dataFile).getValue("TaxType", row): null

2024-11-12 17:23:34 - [TEST_STEP][PASSED] - Paymenttype = findTestData(dataFile).getValue("PaymentType", row): null

2024-11-12 17:23:34 - [TEST_STEP][PASSED] - out.println("Value of Execute is : " + ExecuteTC): null

2024-11-12 17:23:34 - [TEST_STEP][PASSED] - if (ExecuteTC.equalsIgnoreCase("Y")): null

2024-11-12 17:23:34 - [TEST_STEP][PASSED] - out.println("Begin Record Number: " + row): null

2024-11-12 17:23:34 - [TEST_STEP][PASSED] - today = new java.util.Date(): null

2024-11-12 17:23:34 - [TEST_STEP][PASSED] - println(today): null

2024-11-12 17:23:34 - [TEST_STEP][PASSED] - datText = today: null

2024-11-12 17:23:34 - [TEST_STEP][PASSED] - Taxtype = findTestData(dataFile).getValue("TaxType", row): null

2024-11-12 17:23:35 - [TEST_STEP][PASSED] - out.println("Taxtype value is : " + Taxtype): null

2024-11-12 17:23:35 - [TEST_STEP][PASSED] - openBrowser(""): Browser is opened with url: ''

2024-11-12 17:23:35 - [MESSAGE][WARNING] - A browser is already opened. Closing browser and opening a new one

2024-11-12 17:23:36 - [MESSAGE][INFO] - Starting 'Chrome' driver

2024-11-12 17:23:36 - [MESSAGE][INFO] - User set preference: ['acceptInsecureCerts', 'true']

2024-11-12 17:23:36 - [MESSAGE][INFO] - Action delay is set to 0 milliseconds

2024-11-12 17:23:38 - [MESSAGE][PASSED] - Browser is opened with url: ''

2024-11-12 17:23:38 - [TEST_STEP][PASSED] - maximizeWindow(): Current window maximized

2024-11-12 17:23:39 - [MESSAGE][PASSED] - Current window maximized

2024-11-12 17:23:39 - [TEST_STEP][PASSED] - navigateToUrl(RADurl): Navigate to 'https://www.velocitypayment.com/client/rad/index.html' successfully

2024-11-12 17:23:41 - [MESSAGE][PASSED] - Navigate to 'https://www.velocitypayment.com/client/rad/index.html' successfully

2024-11-12 17:23:41 - [TEST_STEP][PASSED] - orPath_Landing = "Object Repository/RAD_Pages/Landing_Page": null

2024-11-12 17:23:41 - [TEST_STEP][PASSED] - orPath_TaxTypeFilingYear = "Object Repository/RAD_Pages/TaxTypeFilingYear_Page": null

2024-11-12 17:23:41 - [TEST_STEP][PASSED] - orPath_TaxPayer = "Object Repository/RAD_Pages/Taxpayer_Page": null

2024-11-12 17:23:41 - [TEST_STEP][PASSED] - orPath_AddressContact = "Object Repository/RAD_Pages/AddressAndContactInfo_Page": null

2024-11-12 17:23:41 - [TEST_STEP][PASSED] - orPath_FilingStatus = "Object Repository/RAD_Pages/FilingStatus_Page": null

2024-11-12 17:23:41 - [TEST_STEP][PASSED] - orPath_Amount = "Object Repository/RAD_Pages/PaymentAmount_Page": null

2024-11-12 17:23:41 - [TEST_STEP][PASSED] - orPath_TaxInfo = "Object Repository/RAD_Pages/TaxInfo_Page": null

2024-11-12 17:23:41 - [TEST_STEP][PASSED] - orPath_Withholding = "Object Repository/RAD_Pages/Withholding_Page": null

2024-11-12 17:23:41 - [TEST_STEP][PASSED] - orPath_Summary = "Object Repository/RAD_Pages/Summary_Page": null

2024-11-12 17:23:41 - [TEST_STEP][PASSED] - orPath_PaymentReady = "Object Repository/RAD_Pages/PaymentReady_Page": null

2024-11-12 17:23:41 - [TEST_STEP][PASSED] - orPath_PaymentEntry = "Object Repository/RAD_Pages/PaymentEntry_Page": null

2024-11-12 17:23:41 - [TEST_STEP][PASSED] - orPath_PaymentConfirmation = "Object Repository/RAD_Pages/PaymentConfirmation_Page": null

2024-11-12 17:23:41 - [TEST_STEP][PASSED] - orPath_ServiceFeesAccept = "Object Repository/RAD_Pages/ServiceFeeAccept_Page": null

2024-11-12 17:23:41 - [TEST_STEP][PASSED] - selectOptionByLabel(findTestObject(orPath_Landing + "/dd_TaxType"), Paymenttype, false): All options with label 'New Tax Return Amount Due' are selected in object 'Object Repository/RAD_Pages/Landing_Page/dd_TaxType' 

2024-11-12 17:23:42 - [MESSAGE][PASSED] - All options with label 'New Tax Return Amount Due' are selected in object 'Object Repository/RAD_Pages/Landing_Page/dd_TaxType' 

2024-11-12 17:23:42 - [TEST_STEP][PASSED] - delay(1): Delayed 1 second(s)

2024-11-12 17:23:43 - [MESSAGE][PASSED] - Delayed 1 second(s)

2024-11-12 17:23:43 - [TEST_STEP][PASSED] - switch (Paymenttype): null

2024-11-12 17:23:43 - [TEST_STEP][PASSED] - case "New Tax Return Amount Due":: null

2024-11-12 17:23:43 - [TEST_STEP][PASSED] - selectOptionByLabel(findTestObject("Object Repository/RAD_Pages/Landing_Page/select_NewTaxReturnAmountDue_TaxType"), Taxtype, false): All options with label 'Admissions and Amusement Tax' are selected in object 'Object Repository/RAD_Pages/Landing_Page/select_NewTaxReturnAmountDue_TaxType' 

2024-11-12 17:23:43 - [MESSAGE][PASSED] - All options with label 'Admissions and Amusement Tax' are selected in object 'Object Repository/RAD_Pages/Landing_Page/select_NewTaxReturnAmountDue_TaxType' 

2024-11-12 17:23:43 - [TEST_STEP][PASSED] - break: null

2024-11-12 17:23:43 - [TEST_STEP][PASSED] - delay(1): Delayed 1 second(s)

2024-11-12 17:23:44 - [MESSAGE][PASSED] - Delayed 1 second(s)

2024-11-12 17:23:44 - [TEST_STEP][PASSED] - scrollToElement(findTestObject(orPath_Amount + "/input__paymentAmount"), 2, CONTINUE_ON_FAILURE): Scroll to object 'Object Repository/RAD_Pages/PaymentAmount_Page/input__paymentAmount' successfully

2024-11-12 17:23:45 - [MESSAGE][PASSED] - Scroll to object 'Object Repository/RAD_Pages/PaymentAmount_Page/input__paymentAmount' successfully

2024-11-12 17:23:45 - [TEST_STEP][PASSED] - switch (Paymenttype): null

2024-11-12 17:23:45 - [TEST_STEP][PASSED] - case "New Tax Return Amount Due":: null

2024-11-12 17:23:45 - [TEST_STEP][PASSED] - setEncryptedText(findTestObject(orPath_TaxInfo + "/input_FederalEIN-2"), "RigbBhfdqODKcAsiUrg+1Q=="): Text ****** has been set on object 'Object Repository/RAD_Pages/TaxInfo_Page/input_FederalEIN-2'

2024-11-12 17:23:45 - [MESSAGE][PASSED] - Text ****** has been set on object 'Object Repository/RAD_Pages/TaxInfo_Page/input_FederalEIN-2'

2024-11-12 17:23:45 - [TEST_STEP][PASSED] - setEncryptedText(findTestObject(orPath_TaxInfo + "/input_FederalEIN_ReEnter-2"), "RigbBhfdqOBBGbZqm4oFJQ=="): Text ****** has been set on object 'Object Repository/RAD_Pages/TaxInfo_Page/input_FederalEIN_ReEnter-2'

2024-11-12 17:23:46 - [MESSAGE][PASSED] - Text ****** has been set on object 'Object Repository/RAD_Pages/TaxInfo_Page/input_FederalEIN_ReEnter-2'

2024-11-12 17:23:46 - [TEST_STEP][PASSED] - break: null

2024-11-12 17:23:46 - [TEST_STEP][PASSED] - setText(findTestObject(orPath_Amount + "/input__paymentAmount"), ""): Text '' is set on object 'Object Repository/RAD_Pages/PaymentAmount_Page/input__paymentAmount'

2024-11-12 17:23:47 - [MESSAGE][PASSED] - Text '' is set on object 'Object Repository/RAD_Pages/PaymentAmount_Page/input__paymentAmount'

2024-11-12 17:23:47 - [TEST_STEP][PASSED] - verifyTextPresent("The FEIN and Re-type FEIN do not match", true): Text 'The FEIN and Re-type FEIN do not match' is present on page  using regular expression

2024-11-12 17:23:47 - [MESSAGE][PASSED] - Text 'The FEIN and Re-type FEIN do not match' is present on page  using regular expression

2024-11-12 17:23:47 - [TEST_STEP][PASSED] - if (verifyTextPresent("The FEIN and Re-type FEIN do not match", true)): null

2024-11-12 17:23:47 - [MESSAGE][PASSED] - Text 'The FEIN and Re-type FEIN do not match' is present on page  using regular expression

2024-11-12 17:23:47 - [TEST_STEP][PASSED] - println("Error Message is present on the page"): null

2024-11-12 17:23:47 - [TEST_STEP][PASSED] - out.println("Pass Record Number: " + row): null

2024-11-12 17:23:47 - [TEST_STEP][PASSED] - resText = "Pass": null

2024-11-12 17:23:47 - [TEST_STEP][PASSED] - pages.WriteExcel.demoKey(resText, datText, resColumn, datCloumn, fileLoc, nameSheet, row): pages.WriteExcel.demoKey is PASSED

2024-11-12 17:23:47 - [MESSAGE][PASSED] - pages.WriteExcel.demoKey is PASSED

2024-11-12 17:23:47 - [TEST_STEP][PASSED] - ExecuteTC = findTestData(dataFile).getValue("Execute", row): null

2024-11-12 17:23:47 - [TEST_STEP][PASSED] - Taxtype = findTestData(dataFile).getValue("TaxType", row): null

2024-11-12 17:23:47 - [TEST_STEP][PASSED] - Paymenttype = findTestData(dataFile).getValue("PaymentType", row): null

2024-11-12 17:23:48 - [TEST_STEP][PASSED] - out.println("Value of Execute is : " + ExecuteTC): null

2024-11-12 17:23:48 - [TEST_STEP][PASSED] - if (ExecuteTC.equalsIgnoreCase("Y")): null

2024-11-12 17:23:48 - [TEST_STEP][PASSED] - out.println("Begin Record Number: " + row): null

2024-11-12 17:23:48 - [TEST_STEP][PASSED] - today = new java.util.Date(): null

2024-11-12 17:23:48 - [TEST_STEP][PASSED] - println(today): null

2024-11-12 17:23:48 - [TEST_STEP][PASSED] - datText = today: null

2024-11-12 17:23:48 - [TEST_STEP][PASSED] - Taxtype = findTestData(dataFile).getValue("TaxType", row): null

2024-11-12 17:23:48 - [TEST_STEP][PASSED] - out.println("Taxtype value is : " + Taxtype): null

2024-11-12 17:23:48 - [TEST_STEP][PASSED] - openBrowser(""): Browser is opened with url: ''

2024-11-12 17:23:48 - [MESSAGE][WARNING] - A browser is already opened. Closing browser and opening a new one

2024-11-12 17:23:49 - [MESSAGE][INFO] - Starting 'Chrome' driver

2024-11-12 17:23:49 - [MESSAGE][INFO] - User set preference: ['acceptInsecureCerts', 'true']

2024-11-12 17:23:49 - [MESSAGE][INFO] - Action delay is set to 0 milliseconds

2024-11-12 17:23:50 - [MESSAGE][PASSED] - Browser is opened with url: ''

2024-11-12 17:23:50 - [TEST_STEP][PASSED] - maximizeWindow(): Current window maximized

2024-11-12 17:23:51 - [MESSAGE][PASSED] - Current window maximized

2024-11-12 17:23:51 - [TEST_STEP][PASSED] - navigateToUrl(RADurl): Navigate to 'https://www.velocitypayment.com/client/rad/index.html' successfully

2024-11-12 17:23:52 - [MESSAGE][PASSED] - Navigate to 'https://www.velocitypayment.com/client/rad/index.html' successfully

2024-11-12 17:23:52 - [TEST_STEP][PASSED] - orPath_Landing = "Object Repository/RAD_Pages/Landing_Page": null

2024-11-12 17:23:52 - [TEST_STEP][PASSED] - orPath_TaxTypeFilingYear = "Object Repository/RAD_Pages/TaxTypeFilingYear_Page": null

2024-11-12 17:23:52 - [TEST_STEP][PASSED] - orPath_TaxPayer = "Object Repository/RAD_Pages/Taxpayer_Page": null

2024-11-12 17:23:52 - [TEST_STEP][PASSED] - orPath_AddressContact = "Object Repository/RAD_Pages/AddressAndContactInfo_Page": null

2024-11-12 17:23:52 - [TEST_STEP][PASSED] - orPath_FilingStatus = "Object Repository/RAD_Pages/FilingStatus_Page": null

2024-11-12 17:23:52 - [TEST_STEP][PASSED] - orPath_Amount = "Object Repository/RAD_Pages/PaymentAmount_Page": null

2024-11-12 17:23:52 - [TEST_STEP][PASSED] - orPath_TaxInfo = "Object Repository/RAD_Pages/TaxInfo_Page": null

2024-11-12 17:23:52 - [TEST_STEP][PASSED] - orPath_Withholding = "Object Repository/RAD_Pages/Withholding_Page": null

2024-11-12 17:23:52 - [TEST_STEP][PASSED] - orPath_Summary = "Object Repository/RAD_Pages/Summary_Page": null

2024-11-12 17:23:52 - [TEST_STEP][PASSED] - orPath_PaymentReady = "Object Repository/RAD_Pages/PaymentReady_Page": null

2024-11-12 17:23:52 - [TEST_STEP][PASSED] - orPath_PaymentEntry = "Object Repository/RAD_Pages/PaymentEntry_Page": null

2024-11-12 17:23:52 - [TEST_STEP][PASSED] - orPath_PaymentConfirmation = "Object Repository/RAD_Pages/PaymentConfirmation_Page": null

2024-11-12 17:23:52 - [TEST_STEP][PASSED] - orPath_ServiceFeesAccept = "Object Repository/RAD_Pages/ServiceFeeAccept_Page": null

2024-11-12 17:23:52 - [TEST_STEP][PASSED] - selectOptionByLabel(findTestObject(orPath_Landing + "/dd_TaxType"), Paymenttype, false): All options with label 'New Tax Return Amount Due' are selected in object 'Object Repository/RAD_Pages/Landing_Page/dd_TaxType' 

2024-11-12 17:23:53 - [MESSAGE][PASSED] - All options with label 'New Tax Return Amount Due' are selected in object 'Object Repository/RAD_Pages/Landing_Page/dd_TaxType' 

2024-11-12 17:23:53 - [TEST_STEP][PASSED] - delay(1): Delayed 1 second(s)

2024-11-12 17:23:54 - [MESSAGE][PASSED] - Delayed 1 second(s)

2024-11-12 17:23:54 - [TEST_STEP][PASSED] - switch (Paymenttype): null

2024-11-12 17:23:54 - [TEST_STEP][PASSED] - case "New Tax Return Amount Due":: null

2024-11-12 17:23:54 - [TEST_STEP][PASSED] - selectOptionByLabel(findTestObject("Object Repository/RAD_Pages/Landing_Page/select_NewTaxReturnAmountDue_TaxType"), Taxtype, false): All options with label 'Alcohol Tax' are selected in object 'Object Repository/RAD_Pages/Landing_Page/select_NewTaxReturnAmountDue_TaxType' 

2024-11-12 17:23:55 - [MESSAGE][PASSED] - All options with label 'Alcohol Tax' are selected in object 'Object Repository/RAD_Pages/Landing_Page/select_NewTaxReturnAmountDue_TaxType' 

2024-11-12 17:23:55 - [TEST_STEP][PASSED] - break: null

2024-11-12 17:23:55 - [TEST_STEP][PASSED] - delay(1): Delayed 1 second(s)

2024-11-12 17:23:56 - [MESSAGE][PASSED] - Delayed 1 second(s)

2024-11-12 17:23:56 - [TEST_STEP][PASSED] - scrollToElement(findTestObject(orPath_Amount + "/input__paymentAmount"), 2, CONTINUE_ON_FAILURE): Scroll to object 'Object Repository/RAD_Pages/PaymentAmount_Page/input__paymentAmount' successfully

2024-11-12 17:23:56 - [MESSAGE][PASSED] - Scroll to object 'Object Repository/RAD_Pages/PaymentAmount_Page/input__paymentAmount' successfully

2024-11-12 17:23:56 - [TEST_STEP][PASSED] - switch (Paymenttype): null

2024-11-12 17:23:56 - [TEST_STEP][PASSED] - case "New Tax Return Amount Due":: null

2024-11-12 17:23:56 - [TEST_STEP][PASSED] - setEncryptedText(findTestObject(orPath_TaxInfo + "/input_FederalEIN-2"), "RigbBhfdqODKcAsiUrg+1Q=="): Text ****** has been set on object 'Object Repository/RAD_Pages/TaxInfo_Page/input_FederalEIN-2'

2024-11-12 17:23:57 - [MESSAGE][PASSED] - Text ****** has been set on object 'Object Repository/RAD_Pages/TaxInfo_Page/input_FederalEIN-2'

2024-11-12 17:23:57 - [TEST_STEP][PASSED] - setEncryptedText(findTestObject(orPath_TaxInfo + "/input_FederalEIN_ReEnter-2"), "RigbBhfdqOBBGbZqm4oFJQ=="): Text ****** has been set on object 'Object Repository/RAD_Pages/TaxInfo_Page/input_FederalEIN_ReEnter-2'

2024-11-12 17:23:57 - [MESSAGE][PASSED] - Text ****** has been set on object 'Object Repository/RAD_Pages/TaxInfo_Page/input_FederalEIN_ReEnter-2'

2024-11-12 17:23:57 - [TEST_STEP][PASSED] - break: null

2024-11-12 17:23:57 - [TEST_STEP][PASSED] - setText(findTestObject(orPath_Amount + "/input__paymentAmount"), ""): Text '' is set on object 'Object Repository/RAD_Pages/PaymentAmount_Page/input__paymentAmount'

2024-11-12 17:23:58 - [MESSAGE][PASSED] - Text '' is set on object 'Object Repository/RAD_Pages/PaymentAmount_Page/input__paymentAmount'

2024-11-12 17:23:58 - [TEST_STEP][PASSED] - verifyTextPresent("The FEIN and Re-type FEIN do not match", true): Text 'The FEIN and Re-type FEIN do not match' is present on page  using regular expression

2024-11-12 17:23:58 - [MESSAGE][PASSED] - Text 'The FEIN and Re-type FEIN do not match' is present on page  using regular expression

2024-11-12 17:23:58 - [TEST_STEP][PASSED] - if (verifyTextPresent("The FEIN and Re-type FEIN do not match", true)): null

2024-11-12 17:23:59 - [MESSAGE][PASSED] - Text 'The FEIN and Re-type FEIN do not match' is present on page  using regular expression

2024-11-12 17:23:59 - [TEST_STEP][PASSED] - println("Error Message is present on the page"): null

2024-11-12 17:23:59 - [TEST_STEP][PASSED] - out.println("Pass Record Number: " + row): null

2024-11-12 17:23:59 - [TEST_STEP][PASSED] - resText = "Pass": null

2024-11-12 17:23:59 - [TEST_STEP][PASSED] - pages.WriteExcel.demoKey(resText, datText, resColumn, datCloumn, fileLoc, nameSheet, row): pages.WriteExcel.demoKey is PASSED

2024-11-12 17:23:59 - [MESSAGE][PASSED] - pages.WriteExcel.demoKey is PASSED

2024-11-12 17:23:59 - [TEST_STEP][PASSED] - ExecuteTC = findTestData(dataFile).getValue("Execute", row): null

2024-11-12 17:23:59 - [TEST_STEP][PASSED] - Taxtype = findTestData(dataFile).getValue("TaxType", row): null

2024-11-12 17:23:59 - [TEST_STEP][PASSED] - Paymenttype = findTestData(dataFile).getValue("PaymentType", row): null

2024-11-12 17:23:59 - [TEST_STEP][PASSED] - out.println("Value of Execute is : " + ExecuteTC): null

2024-11-12 17:23:59 - [TEST_STEP][PASSED] - if (ExecuteTC.equalsIgnoreCase("Y")): null

2024-11-12 17:23:59 - [TEST_STEP][PASSED] - out.println("Begin Record Number: " + row): null

2024-11-12 17:23:59 - [TEST_STEP][PASSED] - today = new java.util.Date(): null

2024-11-12 17:23:59 - [TEST_STEP][PASSED] - println(today): null

2024-11-12 17:23:59 - [TEST_STEP][PASSED] - datText = today: null

2024-11-12 17:23:59 - [TEST_STEP][PASSED] - Taxtype = findTestData(dataFile).getValue("TaxType", row): null

2024-11-12 17:23:59 - [TEST_STEP][PASSED] - out.println("Taxtype value is : " + Taxtype): null

2024-11-12 17:23:59 - [TEST_STEP][PASSED] - openBrowser(""): Browser is opened with url: ''

2024-11-12 17:23:59 - [MESSAGE][WARNING] - A browser is already opened. Closing browser and opening a new one

2024-11-12 17:24:00 - [MESSAGE][INFO] - Starting 'Chrome' driver

2024-11-12 17:24:00 - [MESSAGE][INFO] - User set preference: ['acceptInsecureCerts', 'true']

2024-11-12 17:24:00 - [MESSAGE][INFO] - Action delay is set to 0 milliseconds

2024-11-12 17:24:02 - [MESSAGE][PASSED] - Browser is opened with url: ''

2024-11-12 17:24:02 - [TEST_STEP][PASSED] - maximizeWindow(): Current window maximized

2024-11-12 17:24:02 - [MESSAGE][PASSED] - Current window maximized

2024-11-12 17:24:02 - [TEST_STEP][PASSED] - navigateToUrl(RADurl): Navigate to 'https://www.velocitypayment.com/client/rad/index.html' successfully

2024-11-12 17:24:03 - [MESSAGE][PASSED] - Navigate to 'https://www.velocitypayment.com/client/rad/index.html' successfully

2024-11-12 17:24:03 - [TEST_STEP][PASSED] - orPath_Landing = "Object Repository/RAD_Pages/Landing_Page": null

2024-11-12 17:24:03 - [TEST_STEP][PASSED] - orPath_TaxTypeFilingYear = "Object Repository/RAD_Pages/TaxTypeFilingYear_Page": null

2024-11-12 17:24:03 - [TEST_STEP][PASSED] - orPath_TaxPayer = "Object Repository/RAD_Pages/Taxpayer_Page": null

2024-11-12 17:24:03 - [TEST_STEP][PASSED] - orPath_AddressContact = "Object Repository/RAD_Pages/AddressAndContactInfo_Page": null

2024-11-12 17:24:03 - [TEST_STEP][PASSED] - orPath_FilingStatus = "Object Repository/RAD_Pages/FilingStatus_Page": null

2024-11-12 17:24:03 - [TEST_STEP][PASSED] - orPath_Amount = "Object Repository/RAD_Pages/PaymentAmount_Page": null

2024-11-12 17:24:03 - [TEST_STEP][PASSED] - orPath_TaxInfo = "Object Repository/RAD_Pages/TaxInfo_Page": null

2024-11-12 17:24:03 - [TEST_STEP][PASSED] - orPath_Withholding = "Object Repository/RAD_Pages/Withholding_Page": null

2024-11-12 17:24:03 - [TEST_STEP][PASSED] - orPath_Summary = "Object Repository/RAD_Pages/Summary_Page": null

2024-11-12 17:24:03 - [TEST_STEP][PASSED] - orPath_PaymentReady = "Object Repository/RAD_Pages/PaymentReady_Page": null

2024-11-12 17:24:03 - [TEST_STEP][PASSED] - orPath_PaymentEntry = "Object Repository/RAD_Pages/PaymentEntry_Page": null

2024-11-12 17:24:03 - [TEST_STEP][PASSED] - orPath_PaymentConfirmation = "Object Repository/RAD_Pages/PaymentConfirmation_Page": null

2024-11-12 17:24:03 - [TEST_STEP][PASSED] - orPath_ServiceFeesAccept = "Object Repository/RAD_Pages/ServiceFeeAccept_Page": null

2024-11-12 17:24:03 - [TEST_STEP][PASSED] - selectOptionByLabel(findTestObject(orPath_Landing + "/dd_TaxType"), Paymenttype, false): All options with label 'New Tax Return Amount Due' are selected in object 'Object Repository/RAD_Pages/Landing_Page/dd_TaxType' 

2024-11-12 17:24:04 - [MESSAGE][PASSED] - All options with label 'New Tax Return Amount Due' are selected in object 'Object Repository/RAD_Pages/Landing_Page/dd_TaxType' 

2024-11-12 17:24:04 - [TEST_STEP][PASSED] - delay(1): Delayed 1 second(s)

2024-11-12 17:24:05 - [MESSAGE][PASSED] - Delayed 1 second(s)

2024-11-12 17:24:05 - [TEST_STEP][PASSED] - switch (Paymenttype): null

2024-11-12 17:24:05 - [TEST_STEP][PASSED] - case "New Tax Return Amount Due":: null

2024-11-12 17:24:05 - [TEST_STEP][PASSED] - selectOptionByLabel(findTestObject("Object Repository/RAD_Pages/Landing_Page/select_NewTaxReturnAmountDue_TaxType"), Taxtype, false): All options with label 'Bay Restoration Fee' are selected in object 'Object Repository/RAD_Pages/Landing_Page/select_NewTaxReturnAmountDue_TaxType' 

2024-11-12 17:24:06 - [MESSAGE][PASSED] - All options with label 'Bay Restoration Fee' are selected in object 'Object Repository/RAD_Pages/Landing_Page/select_NewTaxReturnAmountDue_TaxType' 

2024-11-12 17:24:06 - [TEST_STEP][PASSED] - break: null

2024-11-12 17:24:06 - [TEST_STEP][PASSED] - delay(1): Delayed 1 second(s)

2024-11-12 17:24:07 - [MESSAGE][PASSED] - Delayed 1 second(s)

2024-11-12 17:24:07 - [TEST_STEP][PASSED] - scrollToElement(findTestObject(orPath_Amount + "/input__paymentAmount"), 2, CONTINUE_ON_FAILURE): Scroll to object 'Object Repository/RAD_Pages/PaymentAmount_Page/input__paymentAmount' successfully

2024-11-12 17:24:07 - [MESSAGE][PASSED] - Scroll to object 'Object Repository/RAD_Pages/PaymentAmount_Page/input__paymentAmount' successfully

2024-11-12 17:24:07 - [TEST_STEP][PASSED] - switch (Paymenttype): null

2024-11-12 17:24:07 - [TEST_STEP][PASSED] - case "New Tax Return Amount Due":: null

2024-11-12 17:24:07 - [TEST_STEP][PASSED] - setEncryptedText(findTestObject(orPath_TaxInfo + "/input_FederalEIN-2"), "RigbBhfdqODKcAsiUrg+1Q=="): Text ****** has been set on object 'Object Repository/RAD_Pages/TaxInfo_Page/input_FederalEIN-2'

2024-11-12 17:24:08 - [MESSAGE][PASSED] - Text ****** has been set on object 'Object Repository/RAD_Pages/TaxInfo_Page/input_FederalEIN-2'

2024-11-12 17:24:08 - [TEST_STEP][PASSED] - setEncryptedText(findTestObject(orPath_TaxInfo + "/input_FederalEIN_ReEnter-2"), "RigbBhfdqOBBGbZqm4oFJQ=="): Text ****** has been set on object 'Object Repository/RAD_Pages/TaxInfo_Page/input_FederalEIN_ReEnter-2'

2024-11-12 17:24:08 - [MESSAGE][PASSED] - Text ****** has been set on object 'Object Repository/RAD_Pages/TaxInfo_Page/input_FederalEIN_ReEnter-2'

2024-11-12 17:24:08 - [TEST_STEP][PASSED] - break: null

2024-11-12 17:24:08 - [TEST_STEP][PASSED] - setText(findTestObject(orPath_Amount + "/input__paymentAmount"), ""): Text '' is set on object 'Object Repository/RAD_Pages/PaymentAmount_Page/input__paymentAmount'

2024-11-12 17:24:09 - [MESSAGE][PASSED] - Text '' is set on object 'Object Repository/RAD_Pages/PaymentAmount_Page/input__paymentAmount'

2024-11-12 17:24:09 - [TEST_STEP][PASSED] - verifyTextPresent("The FEIN and Re-type FEIN do not match", true): Text 'The FEIN and Re-type FEIN do not match' is present on page  using regular expression

2024-11-12 17:24:09 - [MESSAGE][PASSED] - Text 'The FEIN and Re-type FEIN do not match' is present on page  using regular expression

2024-11-12 17:24:09 - [TEST_STEP][PASSED] - if (verifyTextPresent("The FEIN and Re-type FEIN do not match", true)): null

2024-11-12 17:24:10 - [MESSAGE][PASSED] - Text 'The FEIN and Re-type FEIN do not match' is present on page  using regular expression

2024-11-12 17:24:10 - [TEST_STEP][PASSED] - println("Error Message is present on the page"): null

2024-11-12 17:24:10 - [TEST_STEP][PASSED] - out.println("Pass Record Number: " + row): null

2024-11-12 17:24:10 - [TEST_STEP][PASSED] - resText = "Pass": null

2024-11-12 17:24:10 - [TEST_STEP][PASSED] - pages.WriteExcel.demoKey(resText, datText, resColumn, datCloumn, fileLoc, nameSheet, row): pages.WriteExcel.demoKey is PASSED

2024-11-12 17:24:10 - [MESSAGE][PASSED] - pages.WriteExcel.demoKey is PASSED

2024-11-12 17:24:10 - [TEST_STEP][PASSED] - ExecuteTC = findTestData(dataFile).getValue("Execute", row): null

2024-11-12 17:24:10 - [TEST_STEP][PASSED] - Taxtype = findTestData(dataFile).getValue("TaxType", row): null

2024-11-12 17:24:10 - [TEST_STEP][PASSED] - Paymenttype = findTestData(dataFile).getValue("PaymentType", row): null

2024-11-12 17:24:10 - [TEST_STEP][PASSED] - out.println("Value of Execute is : " + ExecuteTC): null

2024-11-12 17:24:10 - [TEST_STEP][PASSED] - if (ExecuteTC.equalsIgnoreCase("Y")): null

2024-11-12 17:24:10 - [TEST_STEP][PASSED] - out.println("Begin Record Number: " + row): null

2024-11-12 17:24:10 - [TEST_STEP][PASSED] - today = new java.util.Date(): null

2024-11-12 17:24:10 - [TEST_STEP][PASSED] - println(today): null

2024-11-12 17:24:10 - [TEST_STEP][PASSED] - datText = today: null

2024-11-12 17:24:10 - [TEST_STEP][PASSED] - Taxtype = findTestData(dataFile).getValue("TaxType", row): null

2024-11-12 17:24:10 - [TEST_STEP][PASSED] - out.println("Taxtype value is : " + Taxtype): null

2024-11-12 17:24:10 - [TEST_STEP][PASSED] - openBrowser(""): Browser is opened with url: ''

2024-11-12 17:24:10 - [MESSAGE][WARNING] - A browser is already opened. Closing browser and opening a new one

2024-11-12 17:24:11 - [MESSAGE][INFO] - Starting 'Chrome' driver

2024-11-12 17:24:11 - [MESSAGE][INFO] - User set preference: ['acceptInsecureCerts', 'true']

2024-11-12 17:24:11 - [MESSAGE][INFO] - Action delay is set to 0 milliseconds

2024-11-12 17:24:13 - [MESSAGE][PASSED] - Browser is opened with url: ''

2024-11-12 17:24:13 - [TEST_STEP][PASSED] - maximizeWindow(): Current window maximized

2024-11-12 17:24:13 - [MESSAGE][PASSED] - Current window maximized

2024-11-12 17:24:13 - [TEST_STEP][PASSED] - navigateToUrl(RADurl): Navigate to 'https://www.velocitypayment.com/client/rad/index.html' successfully

2024-11-12 17:24:15 - [MESSAGE][PASSED] - Navigate to 'https://www.velocitypayment.com/client/rad/index.html' successfully

2024-11-12 17:24:15 - [TEST_STEP][PASSED] - orPath_Landing = "Object Repository/RAD_Pages/Landing_Page": null

2024-11-12 17:24:15 - [TEST_STEP][PASSED] - orPath_TaxTypeFilingYear = "Object Repository/RAD_Pages/TaxTypeFilingYear_Page": null

2024-11-12 17:24:15 - [TEST_STEP][PASSED] - orPath_TaxPayer = "Object Repository/RAD_Pages/Taxpayer_Page": null

2024-11-12 17:24:15 - [TEST_STEP][PASSED] - orPath_AddressContact = "Object Repository/RAD_Pages/AddressAndContactInfo_Page": null

2024-11-12 17:24:15 - [TEST_STEP][PASSED] - orPath_FilingStatus = "Object Repository/RAD_Pages/FilingStatus_Page": null

2024-11-12 17:24:15 - [TEST_STEP][PASSED] - orPath_Amount = "Object Repository/RAD_Pages/PaymentAmount_Page": null

2024-11-12 17:24:15 - [TEST_STEP][PASSED] - orPath_TaxInfo = "Object Repository/RAD_Pages/TaxInfo_Page": null

2024-11-12 17:24:15 - [TEST_STEP][PASSED] - orPath_Withholding = "Object Repository/RAD_Pages/Withholding_Page": null

2024-11-12 17:24:15 - [TEST_STEP][PASSED] - orPath_Summary = "Object Repository/RAD_Pages/Summary_Page": null

2024-11-12 17:24:15 - [TEST_STEP][PASSED] - orPath_PaymentReady = "Object Repository/RAD_Pages/PaymentReady_Page": null

2024-11-12 17:24:15 - [TEST_STEP][PASSED] - orPath_PaymentEntry = "Object Repository/RAD_Pages/PaymentEntry_Page": null

2024-11-12 17:24:15 - [TEST_STEP][PASSED] - orPath_PaymentConfirmation = "Object Repository/RAD_Pages/PaymentConfirmation_Page": null

2024-11-12 17:24:15 - [TEST_STEP][PASSED] - orPath_ServiceFeesAccept = "Object Repository/RAD_Pages/ServiceFeeAccept_Page": null

2024-11-12 17:24:15 - [TEST_STEP][PASSED] - selectOptionByLabel(findTestObject(orPath_Landing + "/dd_TaxType"), Paymenttype, false): All options with label 'New Tax Return Amount Due' are selected in object 'Object Repository/RAD_Pages/Landing_Page/dd_TaxType' 

2024-11-12 17:24:16 - [MESSAGE][PASSED] - All options with label 'New Tax Return Amount Due' are selected in object 'Object Repository/RAD_Pages/Landing_Page/dd_TaxType' 

2024-11-12 17:24:16 - [TEST_STEP][PASSED] - delay(1): Delayed 1 second(s)

2024-11-12 17:24:17 - [MESSAGE][PASSED] - Delayed 1 second(s)

2024-11-12 17:24:17 - [TEST_STEP][PASSED] - switch (Paymenttype): null

2024-11-12 17:24:17 - [TEST_STEP][PASSED] - case "New Tax Return Amount Due":: null

2024-11-12 17:24:17 - [TEST_STEP][PASSED] - selectOptionByLabel(findTestObject("Object Repository/RAD_Pages/Landing_Page/select_NewTaxReturnAmountDue_TaxType"), Taxtype, false): All options with label 'Corporate Income Tax' are selected in object 'Object Repository/RAD_Pages/Landing_Page/select_NewTaxReturnAmountDue_TaxType' 

2024-11-12 17:24:17 - [MESSAGE][PASSED] - All options with label 'Corporate Income Tax' are selected in object 'Object Repository/RAD_Pages/Landing_Page/select_NewTaxReturnAmountDue_TaxType' 

2024-11-12 17:24:17 - [TEST_STEP][PASSED] - break: null

2024-11-12 17:24:17 - [TEST_STEP][PASSED] - delay(1): Delayed 1 second(s)

2024-11-12 17:24:18 - [MESSAGE][PASSED] - Delayed 1 second(s)

2024-11-12 17:24:18 - [TEST_STEP][PASSED] - scrollToElement(findTestObject(orPath_Amount + "/input__paymentAmount"), 2, CONTINUE_ON_FAILURE): Scroll to object 'Object Repository/RAD_Pages/PaymentAmount_Page/input__paymentAmount' successfully

2024-11-12 17:24:19 - [MESSAGE][PASSED] - Scroll to object 'Object Repository/RAD_Pages/PaymentAmount_Page/input__paymentAmount' successfully

2024-11-12 17:24:19 - [TEST_STEP][PASSED] - switch (Paymenttype): null

2024-11-12 17:24:19 - [TEST_STEP][PASSED] - case "New Tax Return Amount Due":: null

2024-11-12 17:24:19 - [TEST_STEP][PASSED] - setEncryptedText(findTestObject(orPath_TaxInfo + "/input_FederalEIN-2"), "RigbBhfdqODKcAsiUrg+1Q=="): Text ****** has been set on object 'Object Repository/RAD_Pages/TaxInfo_Page/input_FederalEIN-2'

2024-11-12 17:24:19 - [MESSAGE][PASSED] - Text ****** has been set on object 'Object Repository/RAD_Pages/TaxInfo_Page/input_FederalEIN-2'

2024-11-12 17:24:19 - [TEST_STEP][PASSED] - setEncryptedText(findTestObject(orPath_TaxInfo + "/input_FederalEIN_ReEnter-2"), "RigbBhfdqOBBGbZqm4oFJQ=="): Text ****** has been set on object 'Object Repository/RAD_Pages/TaxInfo_Page/input_FederalEIN_ReEnter-2'

2024-11-12 17:24:20 - [MESSAGE][PASSED] - Text ****** has been set on object 'Object Repository/RAD_Pages/TaxInfo_Page/input_FederalEIN_ReEnter-2'

2024-11-12 17:24:20 - [TEST_STEP][PASSED] - break: null

2024-11-12 17:24:20 - [TEST_STEP][PASSED] - setText(findTestObject(orPath_Amount + "/input__paymentAmount"), ""): Text '' is set on object 'Object Repository/RAD_Pages/PaymentAmount_Page/input__paymentAmount'

2024-11-12 17:24:21 - [MESSAGE][PASSED] - Text '' is set on object 'Object Repository/RAD_Pages/PaymentAmount_Page/input__paymentAmount'

2024-11-12 17:24:21 - [TEST_STEP][PASSED] - verifyTextPresent("The FEIN and Re-type FEIN do not match", true): Text 'The FEIN and Re-type FEIN do not match' is present on page  using regular expression

2024-11-12 17:24:21 - [MESSAGE][PASSED] - Text 'The FEIN and Re-type FEIN do not match' is present on page  using regular expression

2024-11-12 17:24:21 - [TEST_STEP][PASSED] - if (verifyTextPresent("The FEIN and Re-type FEIN do not match", true)): null

2024-11-12 17:24:21 - [MESSAGE][PASSED] - Text 'The FEIN and Re-type FEIN do not match' is present on page  using regular expression

2024-11-12 17:24:21 - [TEST_STEP][PASSED] - println("Error Message is present on the page"): null

2024-11-12 17:24:21 - [TEST_STEP][PASSED] - out.println("Pass Record Number: " + row): null

2024-11-12 17:24:21 - [TEST_STEP][PASSED] - resText = "Pass": null

2024-11-12 17:24:21 - [TEST_STEP][PASSED] - pages.WriteExcel.demoKey(resText, datText, resColumn, datCloumn, fileLoc, nameSheet, row): pages.WriteExcel.demoKey is PASSED

2024-11-12 17:24:21 - [MESSAGE][PASSED] - pages.WriteExcel.demoKey is PASSED

2024-11-12 17:24:21 - [TEST_STEP][PASSED] - ExecuteTC = findTestData(dataFile).getValue("Execute", row): null

2024-11-12 17:24:21 - [TEST_STEP][PASSED] - Taxtype = findTestData(dataFile).getValue("TaxType", row): null

2024-11-12 17:24:21 - [TEST_STEP][PASSED] - Paymenttype = findTestData(dataFile).getValue("PaymentType", row): null

2024-11-12 17:24:22 - [TEST_STEP][PASSED] - out.println("Value of Execute is : " + ExecuteTC): null

2024-11-12 17:24:22 - [TEST_STEP][PASSED] - if (ExecuteTC.equalsIgnoreCase("Y")): null

2024-11-12 17:24:22 - [TEST_STEP][PASSED] - out.println("Begin Record Number: " + row): null

2024-11-12 17:24:22 - [TEST_STEP][PASSED] - today = new java.util.Date(): null

2024-11-12 17:24:22 - [TEST_STEP][PASSED] - println(today): null

2024-11-12 17:24:22 - [TEST_STEP][PASSED] - datText = today: null

2024-11-12 17:24:22 - [TEST_STEP][PASSED] - Taxtype = findTestData(dataFile).getValue("TaxType", row): null

2024-11-12 17:24:22 - [TEST_STEP][PASSED] - out.println("Taxtype value is : " + Taxtype): null

2024-11-12 17:24:22 - [TEST_STEP][PASSED] - openBrowser(""): Browser is opened with url: ''

2024-11-12 17:24:22 - [MESSAGE][WARNING] - A browser is already opened. Closing browser and opening a new one

2024-11-12 17:24:23 - [MESSAGE][INFO] - Starting 'Chrome' driver

2024-11-12 17:24:23 - [MESSAGE][INFO] - User set preference: ['acceptInsecureCerts', 'true']

2024-11-12 17:24:23 - [MESSAGE][INFO] - Action delay is set to 0 milliseconds

2024-11-12 17:24:24 - [MESSAGE][PASSED] - Browser is opened with url: ''

2024-11-12 17:24:24 - [TEST_STEP][PASSED] - maximizeWindow(): Current window maximized

2024-11-12 17:24:24 - [MESSAGE][PASSED] - Current window maximized

2024-11-12 17:24:24 - [TEST_STEP][PASSED] - navigateToUrl(RADurl): Navigate to 'https://www.velocitypayment.com/client/rad/index.html' successfully

2024-11-12 17:24:26 - [MESSAGE][PASSED] - Navigate to 'https://www.velocitypayment.com/client/rad/index.html' successfully

2024-11-12 17:24:26 - [TEST_STEP][PASSED] - orPath_Landing = "Object Repository/RAD_Pages/Landing_Page": null

2024-11-12 17:24:26 - [TEST_STEP][PASSED] - orPath_TaxTypeFilingYear = "Object Repository/RAD_Pages/TaxTypeFilingYear_Page": null

2024-11-12 17:24:26 - [TEST_STEP][PASSED] - orPath_TaxPayer = "Object Repository/RAD_Pages/Taxpayer_Page": null

2024-11-12 17:24:26 - [TEST_STEP][PASSED] - orPath_AddressContact = "Object Repository/RAD_Pages/AddressAndContactInfo_Page": null

2024-11-12 17:24:26 - [TEST_STEP][PASSED] - orPath_FilingStatus = "Object Repository/RAD_Pages/FilingStatus_Page": null

2024-11-12 17:24:26 - [TEST_STEP][PASSED] - orPath_Amount = "Object Repository/RAD_Pages/PaymentAmount_Page": null

2024-11-12 17:24:26 - [TEST_STEP][PASSED] - orPath_TaxInfo = "Object Repository/RAD_Pages/TaxInfo_Page": null

2024-11-12 17:24:26 - [TEST_STEP][PASSED] - orPath_Withholding = "Object Repository/RAD_Pages/Withholding_Page": null

2024-11-12 17:24:26 - [TEST_STEP][PASSED] - orPath_Summary = "Object Repository/RAD_Pages/Summary_Page": null

2024-11-12 17:24:26 - [TEST_STEP][PASSED] - orPath_PaymentReady = "Object Repository/RAD_Pages/PaymentReady_Page": null

2024-11-12 17:24:26 - [TEST_STEP][PASSED] - orPath_PaymentEntry = "Object Repository/RAD_Pages/PaymentEntry_Page": null

2024-11-12 17:24:26 - [TEST_STEP][PASSED] - orPath_PaymentConfirmation = "Object Repository/RAD_Pages/PaymentConfirmation_Page": null

2024-11-12 17:24:26 - [TEST_STEP][PASSED] - orPath_ServiceFeesAccept = "Object Repository/RAD_Pages/ServiceFeeAccept_Page": null

2024-11-12 17:24:26 - [TEST_STEP][PASSED] - selectOptionByLabel(findTestObject(orPath_Landing + "/dd_TaxType"), Paymenttype, false): All options with label 'New Tax Return Amount Due' are selected in object 'Object Repository/RAD_Pages/Landing_Page/dd_TaxType' 

2024-11-12 17:24:27 - [MESSAGE][PASSED] - All options with label 'New Tax Return Amount Due' are selected in object 'Object Repository/RAD_Pages/Landing_Page/dd_TaxType' 

2024-11-12 17:24:27 - [TEST_STEP][PASSED] - delay(1): Delayed 1 second(s)

2024-11-12 17:24:28 - [MESSAGE][PASSED] - Delayed 1 second(s)

2024-11-12 17:24:28 - [TEST_STEP][PASSED] - switch (Paymenttype): null

2024-11-12 17:24:28 - [TEST_STEP][PASSED] - case "New Tax Return Amount Due":: null

2024-11-12 17:24:28 - [TEST_STEP][PASSED] - selectOptionByLabel(findTestObject("Object Repository/RAD_Pages/Landing_Page/select_NewTaxReturnAmountDue_TaxType"), Taxtype, false): All options with label 'Motor Fuel Tax' are selected in object 'Object Repository/RAD_Pages/Landing_Page/select_NewTaxReturnAmountDue_TaxType' 

2024-11-12 17:24:28 - [MESSAGE][PASSED] - All options with label 'Motor Fuel Tax' are selected in object 'Object Repository/RAD_Pages/Landing_Page/select_NewTaxReturnAmountDue_TaxType' 

2024-11-12 17:24:28 - [TEST_STEP][PASSED] - break: null

2024-11-12 17:24:28 - [TEST_STEP][PASSED] - delay(1): Delayed 1 second(s)

2024-11-12 17:24:29 - [MESSAGE][PASSED] - Delayed 1 second(s)

2024-11-12 17:24:29 - [TEST_STEP][PASSED] - scrollToElement(findTestObject(orPath_Amount + "/input__paymentAmount"), 2, CONTINUE_ON_FAILURE): Scroll to object 'Object Repository/RAD_Pages/PaymentAmount_Page/input__paymentAmount' successfully

2024-11-12 17:24:30 - [MESSAGE][PASSED] - Scroll to object 'Object Repository/RAD_Pages/PaymentAmount_Page/input__paymentAmount' successfully

2024-11-12 17:24:30 - [TEST_STEP][PASSED] - switch (Paymenttype): null

2024-11-12 17:24:30 - [TEST_STEP][PASSED] - case "New Tax Return Amount Due":: null

2024-11-12 17:24:30 - [TEST_STEP][PASSED] - setEncryptedText(findTestObject(orPath_TaxInfo + "/input_FederalEIN-2"), "RigbBhfdqODKcAsiUrg+1Q=="): Text ****** has been set on object 'Object Repository/RAD_Pages/TaxInfo_Page/input_FederalEIN-2'

2024-11-12 17:24:30 - [MESSAGE][PASSED] - Text ****** has been set on object 'Object Repository/RAD_Pages/TaxInfo_Page/input_FederalEIN-2'

2024-11-12 17:24:30 - [TEST_STEP][PASSED] - setEncryptedText(findTestObject(orPath_TaxInfo + "/input_FederalEIN_ReEnter-2"), "RigbBhfdqOBBGbZqm4oFJQ=="): Text ****** has been set on object 'Object Repository/RAD_Pages/TaxInfo_Page/input_FederalEIN_ReEnter-2'

2024-11-12 17:24:31 - [MESSAGE][PASSED] - Text ****** has been set on object 'Object Repository/RAD_Pages/TaxInfo_Page/input_FederalEIN_ReEnter-2'

2024-11-12 17:24:31 - [TEST_STEP][PASSED] - break: null

2024-11-12 17:24:31 - [TEST_STEP][PASSED] - setText(findTestObject(orPath_Amount + "/input__paymentAmount"), ""): Text '' is set on object 'Object Repository/RAD_Pages/PaymentAmount_Page/input__paymentAmount'

2024-11-12 17:24:32 - [MESSAGE][PASSED] - Text '' is set on object 'Object Repository/RAD_Pages/PaymentAmount_Page/input__paymentAmount'

2024-11-12 17:24:32 - [TEST_STEP][PASSED] - verifyTextPresent("The FEIN and Re-type FEIN do not match", true): Text 'The FEIN and Re-type FEIN do not match' is present on page  using regular expression

2024-11-12 17:24:32 - [MESSAGE][PASSED] - Text 'The FEIN and Re-type FEIN do not match' is present on page  using regular expression

2024-11-12 17:24:32 - [TEST_STEP][PASSED] - if (verifyTextPresent("The FEIN and Re-type FEIN do not match", true)): null

2024-11-12 17:24:32 - [MESSAGE][PASSED] - Text 'The FEIN and Re-type FEIN do not match' is present on page  using regular expression

2024-11-12 17:24:32 - [TEST_STEP][PASSED] - println("Error Message is present on the page"): null

2024-11-12 17:24:32 - [TEST_STEP][PASSED] - out.println("Pass Record Number: " + row): null

2024-11-12 17:24:32 - [TEST_STEP][PASSED] - resText = "Pass": null

2024-11-12 17:24:32 - [TEST_STEP][PASSED] - pages.WriteExcel.demoKey(resText, datText, resColumn, datCloumn, fileLoc, nameSheet, row): pages.WriteExcel.demoKey is PASSED

2024-11-12 17:24:32 - [MESSAGE][PASSED] - pages.WriteExcel.demoKey is PASSED

2024-11-12 17:24:32 - [TEST_STEP][PASSED] - ExecuteTC = findTestData(dataFile).getValue("Execute", row): null

2024-11-12 17:24:33 - [TEST_STEP][PASSED] - Taxtype = findTestData(dataFile).getValue("TaxType", row): null

2024-11-12 17:24:33 - [TEST_STEP][PASSED] - Paymenttype = findTestData(dataFile).getValue("PaymentType", row): null

2024-11-12 17:24:33 - [TEST_STEP][PASSED] - out.println("Value of Execute is : " + ExecuteTC): null

2024-11-12 17:24:33 - [TEST_STEP][PASSED] - if (ExecuteTC.equalsIgnoreCase("Y")): null

2024-11-12 17:24:33 - [TEST_STEP][PASSED] - out.println("Begin Record Number: " + row): null

2024-11-12 17:24:33 - [TEST_STEP][PASSED] - today = new java.util.Date(): null

2024-11-12 17:24:33 - [TEST_STEP][PASSED] - println(today): null

2024-11-12 17:24:33 - [TEST_STEP][PASSED] - datText = today: null

2024-11-12 17:24:33 - [TEST_STEP][PASSED] - Taxtype = findTestData(dataFile).getValue("TaxType", row): null

2024-11-12 17:24:33 - [TEST_STEP][PASSED] - out.println("Taxtype value is : " + Taxtype): null

2024-11-12 17:24:33 - [TEST_STEP][PASSED] - openBrowser(""): Browser is opened with url: ''

2024-11-12 17:24:33 - [MESSAGE][WARNING] - A browser is already opened. Closing browser and opening a new one

2024-11-12 17:24:34 - [MESSAGE][INFO] - Starting 'Chrome' driver

2024-11-12 17:24:34 - [MESSAGE][INFO] - User set preference: ['acceptInsecureCerts', 'true']

2024-11-12 17:24:34 - [MESSAGE][INFO] - Action delay is set to 0 milliseconds

2024-11-12 17:24:36 - [MESSAGE][PASSED] - Browser is opened with url: ''

2024-11-12 17:24:36 - [TEST_STEP][PASSED] - maximizeWindow(): Current window maximized

2024-11-12 17:24:36 - [MESSAGE][PASSED] - Current window maximized

2024-11-12 17:24:36 - [TEST_STEP][PASSED] - navigateToUrl(RADurl): Navigate to 'https://www.velocitypayment.com/client/rad/index.html' successfully

2024-11-12 17:24:40 - [MESSAGE][PASSED] - Navigate to 'https://www.velocitypayment.com/client/rad/index.html' successfully

2024-11-12 17:24:40 - [TEST_STEP][PASSED] - orPath_Landing = "Object Repository/RAD_Pages/Landing_Page": null

2024-11-12 17:24:40 - [TEST_STEP][PASSED] - orPath_TaxTypeFilingYear = "Object Repository/RAD_Pages/TaxTypeFilingYear_Page": null

2024-11-12 17:24:40 - [TEST_STEP][PASSED] - orPath_TaxPayer = "Object Repository/RAD_Pages/Taxpayer_Page": null

2024-11-12 17:24:40 - [TEST_STEP][PASSED] - orPath_AddressContact = "Object Repository/RAD_Pages/AddressAndContactInfo_Page": null

2024-11-12 17:24:40 - [TEST_STEP][PASSED] - orPath_FilingStatus = "Object Repository/RAD_Pages/FilingStatus_Page": null

2024-11-12 17:24:40 - [TEST_STEP][PASSED] - orPath_Amount = "Object Repository/RAD_Pages/PaymentAmount_Page": null

2024-11-12 17:24:40 - [TEST_STEP][PASSED] - orPath_TaxInfo = "Object Repository/RAD_Pages/TaxInfo_Page": null

2024-11-12 17:24:40 - [TEST_STEP][PASSED] - orPath_Withholding = "Object Repository/RAD_Pages/Withholding_Page": null

2024-11-12 17:24:40 - [TEST_STEP][PASSED] - orPath_Summary = "Object Repository/RAD_Pages/Summary_Page": null

2024-11-12 17:24:40 - [TEST_STEP][PASSED] - orPath_PaymentReady = "Object Repository/RAD_Pages/PaymentReady_Page": null

2024-11-12 17:24:40 - [TEST_STEP][PASSED] - orPath_PaymentEntry = "Object Repository/RAD_Pages/PaymentEntry_Page": null

2024-11-12 17:24:40 - [TEST_STEP][PASSED] - orPath_PaymentConfirmation = "Object Repository/RAD_Pages/PaymentConfirmation_Page": null

2024-11-12 17:24:40 - [TEST_STEP][PASSED] - orPath_ServiceFeesAccept = "Object Repository/RAD_Pages/ServiceFeeAccept_Page": null

2024-11-12 17:24:40 - [TEST_STEP][PASSED] - selectOptionByLabel(findTestObject(orPath_Landing + "/dd_TaxType"), Paymenttype, false): All options with label 'New Tax Return Amount Due' are selected in object 'Object Repository/RAD_Pages/Landing_Page/dd_TaxType' 

2024-11-12 17:24:41 - [MESSAGE][PASSED] - All options with label 'New Tax Return Amount Due' are selected in object 'Object Repository/RAD_Pages/Landing_Page/dd_TaxType' 

2024-11-12 17:24:41 - [TEST_STEP][PASSED] - delay(1): Delayed 1 second(s)

2024-11-12 17:24:42 - [MESSAGE][PASSED] - Delayed 1 second(s)

2024-11-12 17:24:42 - [TEST_STEP][PASSED] - switch (Paymenttype): null

2024-11-12 17:24:42 - [TEST_STEP][PASSED] - case "New Tax Return Amount Due":: null

2024-11-12 17:24:42 - [TEST_STEP][PASSED] - selectOptionByLabel(findTestObject("Object Repository/RAD_Pages/Landing_Page/select_NewTaxReturnAmountDue_TaxType"), Taxtype, false): All options with label 'Sales and Use Tax' are selected in object 'Object Repository/RAD_Pages/Landing_Page/select_NewTaxReturnAmountDue_TaxType' 

2024-11-12 17:24:43 - [MESSAGE][PASSED] - All options with label 'Sales and Use Tax' are selected in object 'Object Repository/RAD_Pages/Landing_Page/select_NewTaxReturnAmountDue_TaxType' 

2024-11-12 17:24:43 - [TEST_STEP][PASSED] - break: null

2024-11-12 17:24:43 - [TEST_STEP][PASSED] - delay(1): Delayed 1 second(s)

2024-11-12 17:24:44 - [MESSAGE][PASSED] - Delayed 1 second(s)

2024-11-12 17:24:44 - [TEST_STEP][PASSED] - scrollToElement(findTestObject(orPath_Amount + "/input__paymentAmount"), 2, CONTINUE_ON_FAILURE): Scroll to object 'Object Repository/RAD_Pages/PaymentAmount_Page/input__paymentAmount' successfully

2024-11-12 17:24:44 - [MESSAGE][PASSED] - Scroll to object 'Object Repository/RAD_Pages/PaymentAmount_Page/input__paymentAmount' successfully

2024-11-12 17:24:44 - [TEST_STEP][PASSED] - switch (Paymenttype): null

2024-11-12 17:24:44 - [TEST_STEP][PASSED] - case "New Tax Return Amount Due":: null

2024-11-12 17:24:44 - [TEST_STEP][PASSED] - setEncryptedText(findTestObject(orPath_TaxInfo + "/input_FederalEIN-2"), "RigbBhfdqODKcAsiUrg+1Q=="): Text ****** has been set on object 'Object Repository/RAD_Pages/TaxInfo_Page/input_FederalEIN-2'

2024-11-12 17:24:45 - [MESSAGE][PASSED] - Text ****** has been set on object 'Object Repository/RAD_Pages/TaxInfo_Page/input_FederalEIN-2'

2024-11-12 17:24:45 - [TEST_STEP][PASSED] - setEncryptedText(findTestObject(orPath_TaxInfo + "/input_FederalEIN_ReEnter-2"), "RigbBhfdqOBBGbZqm4oFJQ=="): Text ****** has been set on object 'Object Repository/RAD_Pages/TaxInfo_Page/input_FederalEIN_ReEnter-2'

2024-11-12 17:24:45 - [MESSAGE][PASSED] - Text ****** has been set on object 'Object Repository/RAD_Pages/TaxInfo_Page/input_FederalEIN_ReEnter-2'

2024-11-12 17:24:45 - [TEST_STEP][PASSED] - break: null

2024-11-12 17:24:45 - [TEST_STEP][PASSED] - setText(findTestObject(orPath_Amount + "/input__paymentAmount"), ""): Text '' is set on object 'Object Repository/RAD_Pages/PaymentAmount_Page/input__paymentAmount'

2024-11-12 17:24:46 - [MESSAGE][PASSED] - Text '' is set on object 'Object Repository/RAD_Pages/PaymentAmount_Page/input__paymentAmount'

2024-11-12 17:24:46 - [TEST_STEP][PASSED] - verifyTextPresent("The FEIN and Re-type FEIN do not match", true): Text 'The FEIN and Re-type FEIN do not match' is present on page  using regular expression

2024-11-12 17:24:47 - [MESSAGE][PASSED] - Text 'The FEIN and Re-type FEIN do not match' is present on page  using regular expression

2024-11-12 17:24:47 - [TEST_STEP][PASSED] - if (verifyTextPresent("The FEIN and Re-type FEIN do not match", true)): null

2024-11-12 17:24:47 - [MESSAGE][PASSED] - Text 'The FEIN and Re-type FEIN do not match' is present on page  using regular expression

2024-11-12 17:24:47 - [TEST_STEP][PASSED] - println("Error Message is present on the page"): null

2024-11-12 17:24:47 - [TEST_STEP][PASSED] - out.println("Pass Record Number: " + row): null

2024-11-12 17:24:47 - [TEST_STEP][PASSED] - resText = "Pass": null

2024-11-12 17:24:47 - [TEST_STEP][PASSED] - pages.WriteExcel.demoKey(resText, datText, resColumn, datCloumn, fileLoc, nameSheet, row): pages.WriteExcel.demoKey is PASSED

2024-11-12 17:24:47 - [MESSAGE][PASSED] - pages.WriteExcel.demoKey is PASSED

2024-11-12 17:24:47 - [TEST_STEP][PASSED] - ExecuteTC = findTestData(dataFile).getValue("Execute", row): null

2024-11-12 17:24:47 - [TEST_STEP][PASSED] - Taxtype = findTestData(dataFile).getValue("TaxType", row): null

2024-11-12 17:24:47 - [TEST_STEP][PASSED] - Paymenttype = findTestData(dataFile).getValue("PaymentType", row): null

2024-11-12 17:24:48 - [TEST_STEP][PASSED] - out.println("Value of Execute is : " + ExecuteTC): null

2024-11-12 17:24:48 - [TEST_STEP][PASSED] - if (ExecuteTC.equalsIgnoreCase("Y")): null

2024-11-12 17:24:48 - [TEST_STEP][PASSED] - out.println("Begin Record Number: " + row): null

2024-11-12 17:24:48 - [TEST_STEP][PASSED] - today = new java.util.Date(): null

2024-11-12 17:24:48 - [TEST_STEP][PASSED] - println(today): null

2024-11-12 17:24:48 - [TEST_STEP][PASSED] - datText = today: null

2024-11-12 17:24:48 - [TEST_STEP][PASSED] - Taxtype = findTestData(dataFile).getValue("TaxType", row): null

2024-11-12 17:24:48 - [TEST_STEP][PASSED] - out.println("Taxtype value is : " + Taxtype): null

2024-11-12 17:24:48 - [TEST_STEP][PASSED] - openBrowser(""): Browser is opened with url: ''

2024-11-12 17:24:48 - [MESSAGE][WARNING] - A browser is already opened. Closing browser and opening a new one

2024-11-12 17:24:49 - [MESSAGE][INFO] - Starting 'Chrome' driver

2024-11-12 17:24:49 - [MESSAGE][INFO] - User set preference: ['acceptInsecureCerts', 'true']

2024-11-12 17:24:49 - [MESSAGE][INFO] - Action delay is set to 0 milliseconds

2024-11-12 17:24:51 - [MESSAGE][PASSED] - Browser is opened with url: ''

2024-11-12 17:24:51 - [TEST_STEP][PASSED] - maximizeWindow(): Current window maximized

2024-11-12 17:24:51 - [MESSAGE][PASSED] - Current window maximized

2024-11-12 17:24:51 - [TEST_STEP][PASSED] - navigateToUrl(RADurl): Navigate to 'https://www.velocitypayment.com/client/rad/index.html' successfully

2024-11-12 17:24:51 - [MESSAGE][PASSED] - Navigate to 'https://www.velocitypayment.com/client/rad/index.html' successfully

2024-11-12 17:24:51 - [TEST_STEP][PASSED] - orPath_Landing = "Object Repository/RAD_Pages/Landing_Page": null

2024-11-12 17:24:51 - [TEST_STEP][PASSED] - orPath_TaxTypeFilingYear = "Object Repository/RAD_Pages/TaxTypeFilingYear_Page": null

2024-11-12 17:24:51 - [TEST_STEP][PASSED] - orPath_TaxPayer = "Object Repository/RAD_Pages/Taxpayer_Page": null

2024-11-12 17:24:51 - [TEST_STEP][PASSED] - orPath_AddressContact = "Object Repository/RAD_Pages/AddressAndContactInfo_Page": null

2024-11-12 17:24:51 - [TEST_STEP][PASSED] - orPath_FilingStatus = "Object Repository/RAD_Pages/FilingStatus_Page": null

2024-11-12 17:24:51 - [TEST_STEP][PASSED] - orPath_Amount = "Object Repository/RAD_Pages/PaymentAmount_Page": null

2024-11-12 17:24:51 - [TEST_STEP][PASSED] - orPath_TaxInfo = "Object Repository/RAD_Pages/TaxInfo_Page": null

2024-11-12 17:24:51 - [TEST_STEP][PASSED] - orPath_Withholding = "Object Repository/RAD_Pages/Withholding_Page": null

2024-11-12 17:24:51 - [TEST_STEP][PASSED] - orPath_Summary = "Object Repository/RAD_Pages/Summary_Page": null

2024-11-12 17:24:51 - [TEST_STEP][PASSED] - orPath_PaymentReady = "Object Repository/RAD_Pages/PaymentReady_Page": null

2024-11-12 17:24:51 - [TEST_STEP][PASSED] - orPath_PaymentEntry = "Object Repository/RAD_Pages/PaymentEntry_Page": null

2024-11-12 17:24:51 - [TEST_STEP][PASSED] - orPath_PaymentConfirmation = "Object Repository/RAD_Pages/PaymentConfirmation_Page": null

2024-11-12 17:24:51 - [TEST_STEP][PASSED] - orPath_ServiceFeesAccept = "Object Repository/RAD_Pages/ServiceFeeAccept_Page": null

2024-11-12 17:24:51 - [TEST_STEP][PASSED] - selectOptionByLabel(findTestObject(orPath_Landing + "/dd_TaxType"), Paymenttype, false): All options with label 'New Tax Return Amount Due' are selected in object 'Object Repository/RAD_Pages/Landing_Page/dd_TaxType' 

2024-11-12 17:24:53 - [MESSAGE][PASSED] - All options with label 'New Tax Return Amount Due' are selected in object 'Object Repository/RAD_Pages/Landing_Page/dd_TaxType' 

2024-11-12 17:24:53 - [TEST_STEP][PASSED] - delay(1): Delayed 1 second(s)

2024-11-12 17:24:54 - [MESSAGE][PASSED] - Delayed 1 second(s)

2024-11-12 17:24:54 - [TEST_STEP][PASSED] - switch (Paymenttype): null

2024-11-12 17:24:54 - [TEST_STEP][PASSED] - case "New Tax Return Amount Due":: null

2024-11-12 17:24:54 - [TEST_STEP][PASSED] - selectOptionByLabel(findTestObject("Object Repository/RAD_Pages/Landing_Page/select_NewTaxReturnAmountDue_TaxType"), Taxtype, false): All options with label 'Slots License Fee' are selected in object 'Object Repository/RAD_Pages/Landing_Page/select_NewTaxReturnAmountDue_TaxType' 

2024-11-12 17:24:55 - [MESSAGE][PASSED] - All options with label 'Slots License Fee' are selected in object 'Object Repository/RAD_Pages/Landing_Page/select_NewTaxReturnAmountDue_TaxType' 

2024-11-12 17:24:55 - [TEST_STEP][PASSED] - break: null

2024-11-12 17:24:55 - [TEST_STEP][PASSED] - delay(1): Delayed 1 second(s)

2024-11-12 17:24:56 - [MESSAGE][PASSED] - Delayed 1 second(s)

2024-11-12 17:24:56 - [TEST_STEP][PASSED] - scrollToElement(findTestObject(orPath_Amount + "/input__paymentAmount"), 2, CONTINUE_ON_FAILURE): Scroll to object 'Object Repository/RAD_Pages/PaymentAmount_Page/input__paymentAmount' successfully

2024-11-12 17:24:56 - [MESSAGE][PASSED] - Scroll to object 'Object Repository/RAD_Pages/PaymentAmount_Page/input__paymentAmount' successfully

2024-11-12 17:24:56 - [TEST_STEP][PASSED] - switch (Paymenttype): null

2024-11-12 17:24:56 - [TEST_STEP][PASSED] - case "New Tax Return Amount Due":: null

2024-11-12 17:24:56 - [TEST_STEP][PASSED] - setEncryptedText(findTestObject(orPath_TaxInfo + "/input_FederalEIN-2"), "RigbBhfdqODKcAsiUrg+1Q=="): Text ****** has been set on object 'Object Repository/RAD_Pages/TaxInfo_Page/input_FederalEIN-2'

2024-11-12 17:24:57 - [MESSAGE][PASSED] - Text ****** has been set on object 'Object Repository/RAD_Pages/TaxInfo_Page/input_FederalEIN-2'

2024-11-12 17:24:57 - [TEST_STEP][PASSED] - setEncryptedText(findTestObject(orPath_TaxInfo + "/input_FederalEIN_ReEnter-2"), "RigbBhfdqOBBGbZqm4oFJQ=="): Text ****** has been set on object 'Object Repository/RAD_Pages/TaxInfo_Page/input_FederalEIN_ReEnter-2'

2024-11-12 17:24:57 - [MESSAGE][PASSED] - Text ****** has been set on object 'Object Repository/RAD_Pages/TaxInfo_Page/input_FederalEIN_ReEnter-2'

2024-11-12 17:24:58 - [TEST_STEP][PASSED] - break: null

2024-11-12 17:24:58 - [TEST_STEP][PASSED] - setText(findTestObject(orPath_Amount + "/input__paymentAmount"), ""): Text '' is set on object 'Object Repository/RAD_Pages/PaymentAmount_Page/input__paymentAmount'

2024-11-12 17:24:58 - [MESSAGE][PASSED] - Text '' is set on object 'Object Repository/RAD_Pages/PaymentAmount_Page/input__paymentAmount'

2024-11-12 17:24:58 - [TEST_STEP][PASSED] - verifyTextPresent("The FEIN and Re-type FEIN do not match", true): Text 'The FEIN and Re-type FEIN do not match' is present on page  using regular expression

2024-11-12 17:24:59 - [MESSAGE][PASSED] - Text 'The FEIN and Re-type FEIN do not match' is present on page  using regular expression

2024-11-12 17:24:59 - [TEST_STEP][PASSED] - if (verifyTextPresent("The FEIN and Re-type FEIN do not match", true)): null

2024-11-12 17:24:59 - [MESSAGE][PASSED] - Text 'The FEIN and Re-type FEIN do not match' is present on page  using regular expression

2024-11-12 17:24:59 - [TEST_STEP][PASSED] - println("Error Message is present on the page"): null

2024-11-12 17:24:59 - [TEST_STEP][PASSED] - out.println("Pass Record Number: " + row): null

2024-11-12 17:24:59 - [TEST_STEP][PASSED] - resText = "Pass": null

2024-11-12 17:24:59 - [TEST_STEP][PASSED] - pages.WriteExcel.demoKey(resText, datText, resColumn, datCloumn, fileLoc, nameSheet, row): pages.WriteExcel.demoKey is PASSED

2024-11-12 17:24:59 - [MESSAGE][PASSED] - pages.WriteExcel.demoKey is PASSED

2024-11-12 17:24:59 - [TEST_STEP][PASSED] - ExecuteTC = findTestData(dataFile).getValue("Execute", row): null

2024-11-12 17:24:59 - [TEST_STEP][PASSED] - Taxtype = findTestData(dataFile).getValue("TaxType", row): null

2024-11-12 17:24:59 - [TEST_STEP][PASSED] - Paymenttype = findTestData(dataFile).getValue("PaymentType", row): null

2024-11-12 17:24:59 - [TEST_STEP][PASSED] - out.println("Value of Execute is : " + ExecuteTC): null

2024-11-12 17:24:59 - [TEST_STEP][PASSED] - if (ExecuteTC.equalsIgnoreCase("Y")): null

2024-11-12 17:24:59 - [TEST_STEP][PASSED] - out.println("Begin Record Number: " + row): null

2024-11-12 17:24:59 - [TEST_STEP][PASSED] - today = new java.util.Date(): null

2024-11-12 17:24:59 - [TEST_STEP][PASSED] - println(today): null

2024-11-12 17:24:59 - [TEST_STEP][PASSED] - datText = today: null

2024-11-12 17:24:59 - [TEST_STEP][PASSED] - Taxtype = findTestData(dataFile).getValue("TaxType", row): null

2024-11-12 17:24:59 - [TEST_STEP][PASSED] - out.println("Taxtype value is : " + Taxtype): null

2024-11-12 17:24:59 - [TEST_STEP][PASSED] - openBrowser(""): Browser is opened with url: ''

2024-11-12 17:24:59 - [MESSAGE][WARNING] - A browser is already opened. Closing browser and opening a new one

2024-11-12 17:25:00 - [MESSAGE][INFO] - Starting 'Chrome' driver

2024-11-12 17:25:00 - [MESSAGE][INFO] - User set preference: ['acceptInsecureCerts', 'true']

2024-11-12 17:25:00 - [MESSAGE][INFO] - Action delay is set to 0 milliseconds

2024-11-12 17:25:02 - [MESSAGE][PASSED] - Browser is opened with url: ''

2024-11-12 17:25:02 - [TEST_STEP][PASSED] - maximizeWindow(): Current window maximized

2024-11-12 17:25:02 - [MESSAGE][PASSED] - Current window maximized

2024-11-12 17:25:02 - [TEST_STEP][PASSED] - navigateToUrl(RADurl): Navigate to 'https://www.velocitypayment.com/client/rad/index.html' successfully

2024-11-12 17:25:04 - [MESSAGE][PASSED] - Navigate to 'https://www.velocitypayment.com/client/rad/index.html' successfully

2024-11-12 17:25:04 - [TEST_STEP][PASSED] - orPath_Landing = "Object Repository/RAD_Pages/Landing_Page": null

2024-11-12 17:25:04 - [TEST_STEP][PASSED] - orPath_TaxTypeFilingYear = "Object Repository/RAD_Pages/TaxTypeFilingYear_Page": null

2024-11-12 17:25:04 - [TEST_STEP][PASSED] - orPath_TaxPayer = "Object Repository/RAD_Pages/Taxpayer_Page": null

2024-11-12 17:25:04 - [TEST_STEP][PASSED] - orPath_AddressContact = "Object Repository/RAD_Pages/AddressAndContactInfo_Page": null

2024-11-12 17:25:04 - [TEST_STEP][PASSED] - orPath_FilingStatus = "Object Repository/RAD_Pages/FilingStatus_Page": null

2024-11-12 17:25:04 - [TEST_STEP][PASSED] - orPath_Amount = "Object Repository/RAD_Pages/PaymentAmount_Page": null

2024-11-12 17:25:04 - [TEST_STEP][PASSED] - orPath_TaxInfo = "Object Repository/RAD_Pages/TaxInfo_Page": null

2024-11-12 17:25:04 - [TEST_STEP][PASSED] - orPath_Withholding = "Object Repository/RAD_Pages/Withholding_Page": null

2024-11-12 17:25:04 - [TEST_STEP][PASSED] - orPath_Summary = "Object Repository/RAD_Pages/Summary_Page": null

2024-11-12 17:25:04 - [TEST_STEP][PASSED] - orPath_PaymentReady = "Object Repository/RAD_Pages/PaymentReady_Page": null

2024-11-12 17:25:04 - [TEST_STEP][PASSED] - orPath_PaymentEntry = "Object Repository/RAD_Pages/PaymentEntry_Page": null

2024-11-12 17:25:04 - [TEST_STEP][PASSED] - orPath_PaymentConfirmation = "Object Repository/RAD_Pages/PaymentConfirmation_Page": null

2024-11-12 17:25:04 - [TEST_STEP][PASSED] - orPath_ServiceFeesAccept = "Object Repository/RAD_Pages/ServiceFeeAccept_Page": null

2024-11-12 17:25:04 - [TEST_STEP][PASSED] - selectOptionByLabel(findTestObject(orPath_Landing + "/dd_TaxType"), Paymenttype, false): All options with label 'New Tax Return Amount Due' are selected in object 'Object Repository/RAD_Pages/Landing_Page/dd_TaxType' 

2024-11-12 17:25:04 - [MESSAGE][PASSED] - All options with label 'New Tax Return Amount Due' are selected in object 'Object Repository/RAD_Pages/Landing_Page/dd_TaxType' 

2024-11-12 17:25:04 - [TEST_STEP][PASSED] - delay(1): Delayed 1 second(s)

2024-11-12 17:25:05 - [MESSAGE][PASSED] - Delayed 1 second(s)

2024-11-12 17:25:05 - [TEST_STEP][PASSED] - switch (Paymenttype): null

2024-11-12 17:25:05 - [TEST_STEP][PASSED] - case "New Tax Return Amount Due":: null

2024-11-12 17:25:05 - [TEST_STEP][PASSED] - selectOptionByLabel(findTestObject("Object Repository/RAD_Pages/Landing_Page/select_NewTaxReturnAmountDue_TaxType"), Taxtype, false): All options with label 'Tire Recycling Fee' are selected in object 'Object Repository/RAD_Pages/Landing_Page/select_NewTaxReturnAmountDue_TaxType' 

2024-11-12 17:25:06 - [MESSAGE][PASSED] - All options with label 'Tire Recycling Fee' are selected in object 'Object Repository/RAD_Pages/Landing_Page/select_NewTaxReturnAmountDue_TaxType' 

2024-11-12 17:25:06 - [TEST_STEP][PASSED] - break: null

2024-11-12 17:25:06 - [TEST_STEP][PASSED] - delay(1): Delayed 1 second(s)

2024-11-12 17:25:07 - [MESSAGE][PASSED] - Delayed 1 second(s)

2024-11-12 17:25:07 - [TEST_STEP][PASSED] - scrollToElement(findTestObject(orPath_Amount + "/input__paymentAmount"), 2, CONTINUE_ON_FAILURE): Scroll to object 'Object Repository/RAD_Pages/PaymentAmount_Page/input__paymentAmount' successfully

2024-11-12 17:25:07 - [MESSAGE][PASSED] - Scroll to object 'Object Repository/RAD_Pages/PaymentAmount_Page/input__paymentAmount' successfully

2024-11-12 17:25:07 - [TEST_STEP][PASSED] - switch (Paymenttype): null

2024-11-12 17:25:07 - [TEST_STEP][PASSED] - case "New Tax Return Amount Due":: null

2024-11-12 17:25:07 - [TEST_STEP][PASSED] - setEncryptedText(findTestObject(orPath_TaxInfo + "/input_FederalEIN-2"), "RigbBhfdqODKcAsiUrg+1Q=="): Text ****** has been set on object 'Object Repository/RAD_Pages/TaxInfo_Page/input_FederalEIN-2'

2024-11-12 17:25:08 - [MESSAGE][PASSED] - Text ****** has been set on object 'Object Repository/RAD_Pages/TaxInfo_Page/input_FederalEIN-2'

2024-11-12 17:25:08 - [TEST_STEP][PASSED] - setEncryptedText(findTestObject(orPath_TaxInfo + "/input_FederalEIN_ReEnter-2"), "RigbBhfdqOBBGbZqm4oFJQ=="): Text ****** has been set on object 'Object Repository/RAD_Pages/TaxInfo_Page/input_FederalEIN_ReEnter-2'

2024-11-12 17:25:09 - [MESSAGE][PASSED] - Text ****** has been set on object 'Object Repository/RAD_Pages/TaxInfo_Page/input_FederalEIN_ReEnter-2'

2024-11-12 17:25:09 - [TEST_STEP][PASSED] - break: null

2024-11-12 17:25:09 - [TEST_STEP][PASSED] - setText(findTestObject(orPath_Amount + "/input__paymentAmount"), ""): Text '' is set on object 'Object Repository/RAD_Pages/PaymentAmount_Page/input__paymentAmount'

2024-11-12 17:25:09 - [MESSAGE][PASSED] - Text '' is set on object 'Object Repository/RAD_Pages/PaymentAmount_Page/input__paymentAmount'

2024-11-12 17:25:09 - [TEST_STEP][PASSED] - verifyTextPresent("The FEIN and Re-type FEIN do not match", true): Text 'The FEIN and Re-type FEIN do not match' is present on page  using regular expression

2024-11-12 17:25:10 - [MESSAGE][PASSED] - Text 'The FEIN and Re-type FEIN do not match' is present on page  using regular expression

2024-11-12 17:25:10 - [TEST_STEP][PASSED] - if (verifyTextPresent("The FEIN and Re-type FEIN do not match", true)): null

2024-11-12 17:25:10 - [MESSAGE][PASSED] - Text 'The FEIN and Re-type FEIN do not match' is present on page  using regular expression

2024-11-12 17:25:10 - [TEST_STEP][PASSED] - println("Error Message is present on the page"): null

2024-11-12 17:25:10 - [TEST_STEP][PASSED] - out.println("Pass Record Number: " + row): null

2024-11-12 17:25:10 - [TEST_STEP][PASSED] - resText = "Pass": null

2024-11-12 17:25:10 - [TEST_STEP][PASSED] - pages.WriteExcel.demoKey(resText, datText, resColumn, datCloumn, fileLoc, nameSheet, row): pages.WriteExcel.demoKey is PASSED

2024-11-12 17:25:10 - [MESSAGE][PASSED] - pages.WriteExcel.demoKey is PASSED

2024-11-12 17:25:10 - [TEST_STEP][PASSED] - ExecuteTC = findTestData(dataFile).getValue("Execute", row): null

2024-11-12 17:25:10 - [TEST_STEP][PASSED] - Taxtype = findTestData(dataFile).getValue("TaxType", row): null

2024-11-12 17:25:10 - [TEST_STEP][PASSED] - Paymenttype = findTestData(dataFile).getValue("PaymentType", row): null

2024-11-12 17:25:10 - [TEST_STEP][PASSED] - out.println("Value of Execute is : " + ExecuteTC): null

2024-11-12 17:25:10 - [TEST_STEP][PASSED] - if (ExecuteTC.equalsIgnoreCase("Y")): null

2024-11-12 17:25:10 - [TEST_STEP][PASSED] - out.println("Begin Record Number: " + row): null

2024-11-12 17:25:10 - [TEST_STEP][PASSED] - today = new java.util.Date(): null

2024-11-12 17:25:10 - [TEST_STEP][PASSED] - println(today): null

2024-11-12 17:25:10 - [TEST_STEP][PASSED] - datText = today: null

2024-11-12 17:25:10 - [TEST_STEP][PASSED] - Taxtype = findTestData(dataFile).getValue("TaxType", row): null

2024-11-12 17:25:10 - [TEST_STEP][PASSED] - out.println("Taxtype value is : " + Taxtype): null

2024-11-12 17:25:10 - [TEST_STEP][PASSED] - openBrowser(""): Browser is opened with url: ''

2024-11-12 17:25:10 - [MESSAGE][WARNING] - A browser is already opened. Closing browser and opening a new one

2024-11-12 17:25:11 - [MESSAGE][INFO] - Starting 'Chrome' driver

2024-11-12 17:25:11 - [MESSAGE][INFO] - User set preference: ['acceptInsecureCerts', 'true']

2024-11-12 17:25:11 - [MESSAGE][INFO] - Action delay is set to 0 milliseconds

2024-11-12 17:25:13 - [MESSAGE][PASSED] - Browser is opened with url: ''

2024-11-12 17:25:13 - [TEST_STEP][PASSED] - maximizeWindow(): Current window maximized

2024-11-12 17:25:13 - [MESSAGE][PASSED] - Current window maximized

2024-11-12 17:25:13 - [TEST_STEP][PASSED] - navigateToUrl(RADurl): Navigate to 'https://www.velocitypayment.com/client/rad/index.html' successfully

2024-11-12 17:25:15 - [MESSAGE][PASSED] - Navigate to 'https://www.velocitypayment.com/client/rad/index.html' successfully

2024-11-12 17:25:15 - [TEST_STEP][PASSED] - orPath_Landing = "Object Repository/RAD_Pages/Landing_Page": null

2024-11-12 17:25:15 - [TEST_STEP][PASSED] - orPath_TaxTypeFilingYear = "Object Repository/RAD_Pages/TaxTypeFilingYear_Page": null

2024-11-12 17:25:15 - [TEST_STEP][PASSED] - orPath_TaxPayer = "Object Repository/RAD_Pages/Taxpayer_Page": null

2024-11-12 17:25:15 - [TEST_STEP][PASSED] - orPath_AddressContact = "Object Repository/RAD_Pages/AddressAndContactInfo_Page": null

2024-11-12 17:25:15 - [TEST_STEP][PASSED] - orPath_FilingStatus = "Object Repository/RAD_Pages/FilingStatus_Page": null

2024-11-12 17:25:15 - [TEST_STEP][PASSED] - orPath_Amount = "Object Repository/RAD_Pages/PaymentAmount_Page": null

2024-11-12 17:25:15 - [TEST_STEP][PASSED] - orPath_TaxInfo = "Object Repository/RAD_Pages/TaxInfo_Page": null

2024-11-12 17:25:15 - [TEST_STEP][PASSED] - orPath_Withholding = "Object Repository/RAD_Pages/Withholding_Page": null

2024-11-12 17:25:15 - [TEST_STEP][PASSED] - orPath_Summary = "Object Repository/RAD_Pages/Summary_Page": null

2024-11-12 17:25:15 - [TEST_STEP][PASSED] - orPath_PaymentReady = "Object Repository/RAD_Pages/PaymentReady_Page": null

2024-11-12 17:25:15 - [TEST_STEP][PASSED] - orPath_PaymentEntry = "Object Repository/RAD_Pages/PaymentEntry_Page": null

2024-11-12 17:25:15 - [TEST_STEP][PASSED] - orPath_PaymentConfirmation = "Object Repository/RAD_Pages/PaymentConfirmation_Page": null

2024-11-12 17:25:15 - [TEST_STEP][PASSED] - orPath_ServiceFeesAccept = "Object Repository/RAD_Pages/ServiceFeeAccept_Page": null

2024-11-12 17:25:15 - [TEST_STEP][PASSED] - selectOptionByLabel(findTestObject(orPath_Landing + "/dd_TaxType"), Paymenttype, false): All options with label 'New Tax Return Amount Due' are selected in object 'Object Repository/RAD_Pages/Landing_Page/dd_TaxType' 

2024-11-12 17:25:15 - [MESSAGE][PASSED] - All options with label 'New Tax Return Amount Due' are selected in object 'Object Repository/RAD_Pages/Landing_Page/dd_TaxType' 

2024-11-12 17:25:15 - [TEST_STEP][PASSED] - delay(1): Delayed 1 second(s)

2024-11-12 17:25:16 - [MESSAGE][PASSED] - Delayed 1 second(s)

2024-11-12 17:25:16 - [TEST_STEP][PASSED] - switch (Paymenttype): null

2024-11-12 17:25:16 - [TEST_STEP][PASSED] - case "New Tax Return Amount Due":: null

2024-11-12 17:25:16 - [TEST_STEP][PASSED] - selectOptionByLabel(findTestObject("Object Repository/RAD_Pages/Landing_Page/select_NewTaxReturnAmountDue_TaxType"), Taxtype, false): All options with label 'Transportation Network Services' are selected in object 'Object Repository/RAD_Pages/Landing_Page/select_NewTaxReturnAmountDue_TaxType' 

2024-11-12 17:25:17 - [MESSAGE][PASSED] - All options with label 'Transportation Network Services' are selected in object 'Object Repository/RAD_Pages/Landing_Page/select_NewTaxReturnAmountDue_TaxType' 

2024-11-12 17:25:17 - [TEST_STEP][PASSED] - break: null

2024-11-12 17:25:17 - [TEST_STEP][PASSED] - delay(1): Delayed 1 second(s)

2024-11-12 17:25:18 - [MESSAGE][PASSED] - Delayed 1 second(s)

2024-11-12 17:25:18 - [TEST_STEP][PASSED] - scrollToElement(findTestObject(orPath_Amount + "/input__paymentAmount"), 2, CONTINUE_ON_FAILURE): Scroll to object 'Object Repository/RAD_Pages/PaymentAmount_Page/input__paymentAmount' successfully

2024-11-12 17:25:18 - [MESSAGE][PASSED] - Scroll to object 'Object Repository/RAD_Pages/PaymentAmount_Page/input__paymentAmount' successfully

2024-11-12 17:25:18 - [TEST_STEP][PASSED] - switch (Paymenttype): null

2024-11-12 17:25:18 - [TEST_STEP][PASSED] - case "New Tax Return Amount Due":: null

2024-11-12 17:25:18 - [TEST_STEP][PASSED] - setEncryptedText(findTestObject(orPath_TaxInfo + "/input_FederalEIN-2"), "RigbBhfdqODKcAsiUrg+1Q=="): Text ****** has been set on object 'Object Repository/RAD_Pages/TaxInfo_Page/input_FederalEIN-2'

2024-11-12 17:25:19 - [MESSAGE][PASSED] - Text ****** has been set on object 'Object Repository/RAD_Pages/TaxInfo_Page/input_FederalEIN-2'

2024-11-12 17:25:19 - [TEST_STEP][PASSED] - setEncryptedText(findTestObject(orPath_TaxInfo + "/input_FederalEIN_ReEnter-2"), "RigbBhfdqOBBGbZqm4oFJQ=="): Text ****** has been set on object 'Object Repository/RAD_Pages/TaxInfo_Page/input_FederalEIN_ReEnter-2'

2024-11-12 17:25:20 - [MESSAGE][PASSED] - Text ****** has been set on object 'Object Repository/RAD_Pages/TaxInfo_Page/input_FederalEIN_ReEnter-2'

2024-11-12 17:25:20 - [TEST_STEP][PASSED] - break: null

2024-11-12 17:25:20 - [TEST_STEP][PASSED] - setText(findTestObject(orPath_Amount + "/input__paymentAmount"), ""): Text '' is set on object 'Object Repository/RAD_Pages/PaymentAmount_Page/input__paymentAmount'

2024-11-12 17:25:20 - [MESSAGE][PASSED] - Text '' is set on object 'Object Repository/RAD_Pages/PaymentAmount_Page/input__paymentAmount'

2024-11-12 17:25:20 - [TEST_STEP][PASSED] - verifyTextPresent("The FEIN and Re-type FEIN do not match", true): Text 'The FEIN and Re-type FEIN do not match' is present on page  using regular expression

2024-11-12 17:25:21 - [MESSAGE][PASSED] - Text 'The FEIN and Re-type FEIN do not match' is present on page  using regular expression

2024-11-12 17:25:21 - [TEST_STEP][PASSED] - if (verifyTextPresent("The FEIN and Re-type FEIN do not match", true)): null

2024-11-12 17:25:21 - [MESSAGE][PASSED] - Text 'The FEIN and Re-type FEIN do not match' is present on page  using regular expression

2024-11-12 17:25:21 - [TEST_STEP][PASSED] - println("Error Message is present on the page"): null

2024-11-12 17:25:21 - [TEST_STEP][PASSED] - out.println("Pass Record Number: " + row): null

2024-11-12 17:25:21 - [TEST_STEP][PASSED] - resText = "Pass": null

2024-11-12 17:25:21 - [TEST_STEP][PASSED] - pages.WriteExcel.demoKey(resText, datText, resColumn, datCloumn, fileLoc, nameSheet, row): pages.WriteExcel.demoKey is PASSED

2024-11-12 17:25:21 - [MESSAGE][PASSED] - pages.WriteExcel.demoKey is PASSED

2024-11-12 17:25:21 - [TEST_STEP][PASSED] - ExecuteTC = findTestData(dataFile).getValue("Execute", row): null

2024-11-12 17:25:21 - [TEST_STEP][PASSED] - Taxtype = findTestData(dataFile).getValue("TaxType", row): null

2024-11-12 17:25:21 - [TEST_STEP][PASSED] - Paymenttype = findTestData(dataFile).getValue("PaymentType", row): null

2024-11-12 17:25:21 - [TEST_STEP][PASSED] - out.println("Value of Execute is : " + ExecuteTC): null

2024-11-12 17:25:21 - [TEST_STEP][PASSED] - if (ExecuteTC.equalsIgnoreCase("Y")): null

2024-11-12 17:25:21 - [TEST_STEP][PASSED] - out.println("Begin Record Number: " + row): null

2024-11-12 17:25:21 - [TEST_STEP][PASSED] - today = new java.util.Date(): null

2024-11-12 17:25:21 - [TEST_STEP][PASSED] - println(today): null

2024-11-12 17:25:21 - [TEST_STEP][PASSED] - datText = today: null

2024-11-12 17:25:21 - [TEST_STEP][PASSED] - Taxtype = findTestData(dataFile).getValue("TaxType", row): null

2024-11-12 17:25:21 - [TEST_STEP][PASSED] - out.println("Taxtype value is : " + Taxtype): null

2024-11-12 17:25:21 - [TEST_STEP][PASSED] - openBrowser(""): Browser is opened with url: ''

2024-11-12 17:25:21 - [MESSAGE][WARNING] - A browser is already opened. Closing browser and opening a new one

2024-11-12 17:25:23 - [MESSAGE][INFO] - Starting 'Chrome' driver

2024-11-12 17:25:23 - [MESSAGE][INFO] - User set preference: ['acceptInsecureCerts', 'true']

2024-11-12 17:25:23 - [MESSAGE][INFO] - Action delay is set to 0 milliseconds

2024-11-12 17:25:24 - [MESSAGE][PASSED] - Browser is opened with url: ''

2024-11-12 17:25:24 - [TEST_STEP][PASSED] - maximizeWindow(): Current window maximized

2024-11-12 17:25:24 - [MESSAGE][PASSED] - Current window maximized

2024-11-12 17:25:24 - [TEST_STEP][PASSED] - navigateToUrl(RADurl): Navigate to 'https://www.velocitypayment.com/client/rad/index.html' successfully

2024-11-12 17:25:26 - [MESSAGE][PASSED] - Navigate to 'https://www.velocitypayment.com/client/rad/index.html' successfully

2024-11-12 17:25:26 - [TEST_STEP][PASSED] - orPath_Landing = "Object Repository/RAD_Pages/Landing_Page": null

2024-11-12 17:25:26 - [TEST_STEP][PASSED] - orPath_TaxTypeFilingYear = "Object Repository/RAD_Pages/TaxTypeFilingYear_Page": null

2024-11-12 17:25:26 - [TEST_STEP][PASSED] - orPath_TaxPayer = "Object Repository/RAD_Pages/Taxpayer_Page": null

2024-11-12 17:25:26 - [TEST_STEP][PASSED] - orPath_AddressContact = "Object Repository/RAD_Pages/AddressAndContactInfo_Page": null

2024-11-12 17:25:26 - [TEST_STEP][PASSED] - orPath_FilingStatus = "Object Repository/RAD_Pages/FilingStatus_Page": null

2024-11-12 17:25:26 - [TEST_STEP][PASSED] - orPath_Amount = "Object Repository/RAD_Pages/PaymentAmount_Page": null

2024-11-12 17:25:26 - [TEST_STEP][PASSED] - orPath_TaxInfo = "Object Repository/RAD_Pages/TaxInfo_Page": null

2024-11-12 17:25:26 - [TEST_STEP][PASSED] - orPath_Withholding = "Object Repository/RAD_Pages/Withholding_Page": null

2024-11-12 17:25:26 - [TEST_STEP][PASSED] - orPath_Summary = "Object Repository/RAD_Pages/Summary_Page": null

2024-11-12 17:25:26 - [TEST_STEP][PASSED] - orPath_PaymentReady = "Object Repository/RAD_Pages/PaymentReady_Page": null

2024-11-12 17:25:26 - [TEST_STEP][PASSED] - orPath_PaymentEntry = "Object Repository/RAD_Pages/PaymentEntry_Page": null

2024-11-12 17:25:26 - [TEST_STEP][PASSED] - orPath_PaymentConfirmation = "Object Repository/RAD_Pages/PaymentConfirmation_Page": null

2024-11-12 17:25:26 - [TEST_STEP][PASSED] - orPath_ServiceFeesAccept = "Object Repository/RAD_Pages/ServiceFeeAccept_Page": null

2024-11-12 17:25:26 - [TEST_STEP][PASSED] - selectOptionByLabel(findTestObject(orPath_Landing + "/dd_TaxType"), Paymenttype, false): All options with label 'New Tax Return Amount Due' are selected in object 'Object Repository/RAD_Pages/Landing_Page/dd_TaxType' 

2024-11-12 17:25:27 - [MESSAGE][PASSED] - All options with label 'New Tax Return Amount Due' are selected in object 'Object Repository/RAD_Pages/Landing_Page/dd_TaxType' 

2024-11-12 17:25:27 - [TEST_STEP][PASSED] - delay(1): Delayed 1 second(s)

2024-11-12 17:25:28 - [MESSAGE][PASSED] - Delayed 1 second(s)

2024-11-12 17:25:28 - [TEST_STEP][PASSED] - switch (Paymenttype): null

2024-11-12 17:25:28 - [TEST_STEP][PASSED] - case "New Tax Return Amount Due":: null

2024-11-12 17:25:28 - [TEST_STEP][PASSED] - selectOptionByLabel(findTestObject("Object Repository/RAD_Pages/Landing_Page/select_NewTaxReturnAmountDue_TaxType"), Taxtype, false): All options with label 'Unclaimed Property' are selected in object 'Object Repository/RAD_Pages/Landing_Page/select_NewTaxReturnAmountDue_TaxType' 

2024-11-12 17:25:28 - [MESSAGE][PASSED] - All options with label 'Unclaimed Property' are selected in object 'Object Repository/RAD_Pages/Landing_Page/select_NewTaxReturnAmountDue_TaxType' 

2024-11-12 17:25:28 - [TEST_STEP][PASSED] - break: null

2024-11-12 17:25:28 - [TEST_STEP][PASSED] - delay(1): Delayed 1 second(s)

2024-11-12 17:25:29 - [MESSAGE][PASSED] - Delayed 1 second(s)

2024-11-12 17:25:29 - [TEST_STEP][PASSED] - scrollToElement(findTestObject(orPath_Amount + "/input__paymentAmount"), 2, CONTINUE_ON_FAILURE): Scroll to object 'Object Repository/RAD_Pages/PaymentAmount_Page/input__paymentAmount' successfully

2024-11-12 17:25:30 - [MESSAGE][PASSED] - Scroll to object 'Object Repository/RAD_Pages/PaymentAmount_Page/input__paymentAmount' successfully

2024-11-12 17:25:30 - [TEST_STEP][PASSED] - switch (Paymenttype): null

2024-11-12 17:25:30 - [TEST_STEP][PASSED] - case "New Tax Return Amount Due":: null

2024-11-12 17:25:30 - [TEST_STEP][PASSED] - setEncryptedText(findTestObject(orPath_TaxInfo + "/input_FederalEIN-2"), "RigbBhfdqODKcAsiUrg+1Q=="): Text ****** has been set on object 'Object Repository/RAD_Pages/TaxInfo_Page/input_FederalEIN-2'

2024-11-12 17:25:30 - [MESSAGE][PASSED] - Text ****** has been set on object 'Object Repository/RAD_Pages/TaxInfo_Page/input_FederalEIN-2'

2024-11-12 17:25:30 - [TEST_STEP][PASSED] - setEncryptedText(findTestObject(orPath_TaxInfo + "/input_FederalEIN_ReEnter-2"), "RigbBhfdqOBBGbZqm4oFJQ=="): Text ****** has been set on object 'Object Repository/RAD_Pages/TaxInfo_Page/input_FederalEIN_ReEnter-2'

2024-11-12 17:25:31 - [MESSAGE][PASSED] - Text ****** has been set on object 'Object Repository/RAD_Pages/TaxInfo_Page/input_FederalEIN_ReEnter-2'

2024-11-12 17:25:31 - [TEST_STEP][PASSED] - break: null

2024-11-12 17:25:31 - [TEST_STEP][PASSED] - setText(findTestObject(orPath_Amount + "/input__paymentAmount"), ""): Text '' is set on object 'Object Repository/RAD_Pages/PaymentAmount_Page/input__paymentAmount'

2024-11-12 17:25:31 - [MESSAGE][PASSED] - Text '' is set on object 'Object Repository/RAD_Pages/PaymentAmount_Page/input__paymentAmount'

2024-11-12 17:25:31 - [TEST_STEP][PASSED] - verifyTextPresent("The FEIN and Re-type FEIN do not match", true): Text 'The FEIN and Re-type FEIN do not match' is present on page  using regular expression

2024-11-12 17:25:32 - [MESSAGE][PASSED] - Text 'The FEIN and Re-type FEIN do not match' is present on page  using regular expression

2024-11-12 17:25:32 - [TEST_STEP][PASSED] - if (verifyTextPresent("The FEIN and Re-type FEIN do not match", true)): null

2024-11-12 17:25:32 - [MESSAGE][PASSED] - Text 'The FEIN and Re-type FEIN do not match' is present on page  using regular expression

2024-11-12 17:25:32 - [TEST_STEP][PASSED] - println("Error Message is present on the page"): null

2024-11-12 17:25:32 - [TEST_STEP][PASSED] - out.println("Pass Record Number: " + row): null

2024-11-12 17:25:32 - [TEST_STEP][PASSED] - resText = "Pass": null

2024-11-12 17:25:32 - [TEST_STEP][PASSED] - pages.WriteExcel.demoKey(resText, datText, resColumn, datCloumn, fileLoc, nameSheet, row): pages.WriteExcel.demoKey is PASSED

2024-11-12 17:25:32 - [MESSAGE][PASSED] - pages.WriteExcel.demoKey is PASSED

2024-11-12 17:25:32 - [TEST_STEP][PASSED] - ExecuteTC = findTestData(dataFile).getValue("Execute", row): null

2024-11-12 17:25:32 - [TEST_STEP][PASSED] - Taxtype = findTestData(dataFile).getValue("TaxType", row): null

2024-11-12 17:25:32 - [TEST_STEP][PASSED] - Paymenttype = findTestData(dataFile).getValue("PaymentType", row): null

2024-11-12 17:25:33 - [TEST_STEP][PASSED] - out.println("Value of Execute is : " + ExecuteTC): null

2024-11-12 17:25:33 - [TEST_STEP][PASSED] - if (ExecuteTC.equalsIgnoreCase("Y")): null

2024-11-12 17:25:33 - [TEST_STEP][PASSED] - out.println("Begin Record Number: " + row): null

2024-11-12 17:25:33 - [TEST_STEP][PASSED] - today = new java.util.Date(): null

2024-11-12 17:25:33 - [TEST_STEP][PASSED] - println(today): null

2024-11-12 17:25:33 - [TEST_STEP][PASSED] - datText = today: null

2024-11-12 17:25:33 - [TEST_STEP][PASSED] - Taxtype = findTestData(dataFile).getValue("TaxType", row): null

2024-11-12 17:25:33 - [TEST_STEP][PASSED] - out.println("Taxtype value is : " + Taxtype): null

2024-11-12 17:25:33 - [TEST_STEP][PASSED] - openBrowser(""): Browser is opened with url: ''

2024-11-12 17:25:33 - [MESSAGE][WARNING] - A browser is already opened. Closing browser and opening a new one

2024-11-12 17:25:34 - [MESSAGE][INFO] - Starting 'Chrome' driver

2024-11-12 17:25:34 - [MESSAGE][INFO] - User set preference: ['acceptInsecureCerts', 'true']

2024-11-12 17:25:34 - [MESSAGE][INFO] - Action delay is set to 0 milliseconds

2024-11-12 17:25:36 - [MESSAGE][PASSED] - Browser is opened with url: ''

2024-11-12 17:25:36 - [TEST_STEP][PASSED] - maximizeWindow(): Current window maximized

2024-11-12 17:25:36 - [MESSAGE][PASSED] - Current window maximized

2024-11-12 17:25:36 - [TEST_STEP][PASSED] - navigateToUrl(RADurl): Navigate to 'https://www.velocitypayment.com/client/rad/index.html' successfully

2024-11-12 17:25:41 - [MESSAGE][PASSED] - Navigate to 'https://www.velocitypayment.com/client/rad/index.html' successfully

2024-11-12 17:25:41 - [TEST_STEP][PASSED] - orPath_Landing = "Object Repository/RAD_Pages/Landing_Page": null

2024-11-12 17:25:41 - [TEST_STEP][PASSED] - orPath_TaxTypeFilingYear = "Object Repository/RAD_Pages/TaxTypeFilingYear_Page": null

2024-11-12 17:25:41 - [TEST_STEP][PASSED] - orPath_TaxPayer = "Object Repository/RAD_Pages/Taxpayer_Page": null

2024-11-12 17:25:41 - [TEST_STEP][PASSED] - orPath_AddressContact = "Object Repository/RAD_Pages/AddressAndContactInfo_Page": null

2024-11-12 17:25:41 - [TEST_STEP][PASSED] - orPath_FilingStatus = "Object Repository/RAD_Pages/FilingStatus_Page": null

2024-11-12 17:25:41 - [TEST_STEP][PASSED] - orPath_Amount = "Object Repository/RAD_Pages/PaymentAmount_Page": null

2024-11-12 17:25:41 - [TEST_STEP][PASSED] - orPath_TaxInfo = "Object Repository/RAD_Pages/TaxInfo_Page": null

2024-11-12 17:25:41 - [TEST_STEP][PASSED] - orPath_Withholding = "Object Repository/RAD_Pages/Withholding_Page": null

2024-11-12 17:25:41 - [TEST_STEP][PASSED] - orPath_Summary = "Object Repository/RAD_Pages/Summary_Page": null

2024-11-12 17:25:41 - [TEST_STEP][PASSED] - orPath_PaymentReady = "Object Repository/RAD_Pages/PaymentReady_Page": null

2024-11-12 17:25:41 - [TEST_STEP][PASSED] - orPath_PaymentEntry = "Object Repository/RAD_Pages/PaymentEntry_Page": null

2024-11-12 17:25:41 - [TEST_STEP][PASSED] - orPath_PaymentConfirmation = "Object Repository/RAD_Pages/PaymentConfirmation_Page": null

2024-11-12 17:25:41 - [TEST_STEP][PASSED] - orPath_ServiceFeesAccept = "Object Repository/RAD_Pages/ServiceFeeAccept_Page": null

2024-11-12 17:25:41 - [TEST_STEP][PASSED] - selectOptionByLabel(findTestObject(orPath_Landing + "/dd_TaxType"), Paymenttype, false): All options with label 'New Tax Return Amount Due' are selected in object 'Object Repository/RAD_Pages/Landing_Page/dd_TaxType' 

2024-11-12 17:25:41 - [MESSAGE][PASSED] - All options with label 'New Tax Return Amount Due' are selected in object 'Object Repository/RAD_Pages/Landing_Page/dd_TaxType' 

2024-11-12 17:25:41 - [TEST_STEP][PASSED] - delay(1): Delayed 1 second(s)

2024-11-12 17:25:42 - [MESSAGE][PASSED] - Delayed 1 second(s)

2024-11-12 17:25:42 - [TEST_STEP][PASSED] - switch (Paymenttype): null

2024-11-12 17:25:42 - [TEST_STEP][PASSED] - case "New Tax Return Amount Due":: null

2024-11-12 17:25:42 - [TEST_STEP][PASSED] - selectOptionByLabel(findTestObject("Object Repository/RAD_Pages/Landing_Page/select_NewTaxReturnAmountDue_TaxType"), Taxtype, false): All options with label 'Withholding Tax' are selected in object 'Object Repository/RAD_Pages/Landing_Page/select_NewTaxReturnAmountDue_TaxType' 

2024-11-12 17:25:43 - [MESSAGE][PASSED] - All options with label 'Withholding Tax' are selected in object 'Object Repository/RAD_Pages/Landing_Page/select_NewTaxReturnAmountDue_TaxType' 

2024-11-12 17:25:43 - [TEST_STEP][PASSED] - break: null

2024-11-12 17:25:43 - [TEST_STEP][PASSED] - delay(1): Delayed 1 second(s)

2024-11-12 17:25:44 - [MESSAGE][PASSED] - Delayed 1 second(s)

2024-11-12 17:25:44 - [TEST_STEP][PASSED] - scrollToElement(findTestObject(orPath_Amount + "/input__paymentAmount"), 2, CONTINUE_ON_FAILURE): Scroll to object 'Object Repository/RAD_Pages/PaymentAmount_Page/input__paymentAmount' successfully

2024-11-12 17:25:44 - [MESSAGE][PASSED] - Scroll to object 'Object Repository/RAD_Pages/PaymentAmount_Page/input__paymentAmount' successfully

2024-11-12 17:25:44 - [TEST_STEP][PASSED] - switch (Paymenttype): null

2024-11-12 17:25:44 - [TEST_STEP][PASSED] - case "New Tax Return Amount Due":: null

2024-11-12 17:25:44 - [TEST_STEP][PASSED] - setEncryptedText(findTestObject(orPath_TaxInfo + "/input_FederalEIN-2"), "RigbBhfdqODKcAsiUrg+1Q=="): Text ****** has been set on object 'Object Repository/RAD_Pages/TaxInfo_Page/input_FederalEIN-2'

2024-11-12 17:25:45 - [MESSAGE][PASSED] - Text ****** has been set on object 'Object Repository/RAD_Pages/TaxInfo_Page/input_FederalEIN-2'

2024-11-12 17:25:45 - [TEST_STEP][PASSED] - setEncryptedText(findTestObject(orPath_TaxInfo + "/input_FederalEIN_ReEnter-2"), "RigbBhfdqOBBGbZqm4oFJQ=="): Text ****** has been set on object 'Object Repository/RAD_Pages/TaxInfo_Page/input_FederalEIN_ReEnter-2'

2024-11-12 17:25:46 - [MESSAGE][PASSED] - Text ****** has been set on object 'Object Repository/RAD_Pages/TaxInfo_Page/input_FederalEIN_ReEnter-2'

2024-11-12 17:25:46 - [TEST_STEP][PASSED] - break: null

2024-11-12 17:25:46 - [TEST_STEP][PASSED] - setText(findTestObject(orPath_Amount + "/input__paymentAmount"), ""): Text '' is set on object 'Object Repository/RAD_Pages/PaymentAmount_Page/input__paymentAmount'

2024-11-12 17:25:46 - [MESSAGE][PASSED] - Text '' is set on object 'Object Repository/RAD_Pages/PaymentAmount_Page/input__paymentAmount'

2024-11-12 17:25:46 - [TEST_STEP][PASSED] - verifyTextPresent("The FEIN and Re-type FEIN do not match", true): Text 'The FEIN and Re-type FEIN do not match' is present on page  using regular expression

2024-11-12 17:25:47 - [MESSAGE][PASSED] - Text 'The FEIN and Re-type FEIN do not match' is present on page  using regular expression

2024-11-12 17:25:47 - [TEST_STEP][PASSED] - if (verifyTextPresent("The FEIN and Re-type FEIN do not match", true)): null

2024-11-12 17:25:47 - [MESSAGE][PASSED] - Text 'The FEIN and Re-type FEIN do not match' is present on page  using regular expression

2024-11-12 17:25:47 - [TEST_STEP][PASSED] - println("Error Message is present on the page"): null

2024-11-12 17:25:47 - [TEST_STEP][PASSED] - out.println("Pass Record Number: " + row): null

2024-11-12 17:25:47 - [TEST_STEP][PASSED] - resText = "Pass": null

2024-11-12 17:25:47 - [TEST_STEP][PASSED] - pages.WriteExcel.demoKey(resText, datText, resColumn, datCloumn, fileLoc, nameSheet, row): pages.WriteExcel.demoKey is PASSED

2024-11-12 17:25:47 - [MESSAGE][PASSED] - pages.WriteExcel.demoKey is PASSED]]></system-out>
         <system-err><![CDATA[]]></system-err>
      </testcase>
      <testcase name="Test Cases/RAD_TestCases/Negative_TestCases/FEINSSNmismatchError" time="203.914" classname="Test Cases/RAD_TestCases/Negative_TestCases/FEINSSNmismatchError" status="PASSED">
         <system-out><![CDATA[2024-11-12 17:25:47 - [TEST_CASE][PASSED] - Test Cases/RAD_TestCases/Negative_TestCases/FEINSSNmismatchError: Test Cases/RAD_TestCases/Negative_TestCases/FEINSSNmismatchError

2024-11-12 17:25:48 - [TEST_STEP][PASSED] - resText = "Fail": null

2024-11-12 17:25:48 - [TEST_STEP][PASSED] - resColumn = "Result": null

2024-11-12 17:25:48 - [TEST_STEP][PASSED] - datCloumn = "Date": null

2024-11-12 17:25:48 - [TEST_STEP][PASSED] - fileLoc = "KatalonData/RADTestData/FEINmismatch.xlsx": null

2024-11-12 17:25:48 - [TEST_STEP][PASSED] - nameSheet = "FEINSSNmismatch": null

2024-11-12 17:25:48 - [TEST_STEP][PASSED] - dataFile = "RADTestData/FEINSSNmismatch": null

2024-11-12 17:25:48 - [TEST_STEP][PASSED] - ExecuteTC = <not implemented yet for class: org.codehaus.groovy.ast.expr.EmptyExpression>: null

2024-11-12 17:25:48 - [TEST_STEP][PASSED] - Taxtype = <not implemented yet for class: org.codehaus.groovy.ast.expr.EmptyExpression>: null

2024-11-12 17:25:48 - [TEST_STEP][PASSED] - Paymenttype = <not implemented yet for class: org.codehaus.groovy.ast.expr.EmptyExpression>: null

2024-11-12 17:25:48 - [TEST_STEP][PASSED] - numOfRows = findTestData(dataFile).getRowNumbers(): null

2024-11-12 17:25:49 - [TEST_STEP][PASSED] - println("Number of Records: " + numOfRows): null

2024-11-12 17:25:49 - [TEST_STEP][PASSED] - for ([row = 1, row <= numOfRows, (row++)]): null

2024-11-12 17:25:49 - [TEST_STEP][PASSED] - ExecuteTC = findTestData(dataFile).getValue("Execute", row): null

2024-11-12 17:25:49 - [TEST_STEP][PASSED] - Taxtype = findTestData(dataFile).getValue("TaxType", row): null

2024-11-12 17:25:49 - [TEST_STEP][PASSED] - Paymenttype = findTestData(dataFile).getValue("PaymentType", row): null

2024-11-12 17:25:49 - [TEST_STEP][PASSED] - out.println("Value of Execute is : " + ExecuteTC): null

2024-11-12 17:25:49 - [TEST_STEP][PASSED] - if (ExecuteTC.equalsIgnoreCase("Y")): null

2024-11-12 17:25:49 - [TEST_STEP][PASSED] - out.println("Begin Record Number: " + row): null

2024-11-12 17:25:49 - [TEST_STEP][PASSED] - today = new java.util.Date(): null

2024-11-12 17:25:49 - [TEST_STEP][PASSED] - println(today): null

2024-11-12 17:25:49 - [TEST_STEP][PASSED] - datText = today: null

2024-11-12 17:25:49 - [TEST_STEP][PASSED] - Taxtype = findTestData(dataFile).getValue("TaxType", row): null

2024-11-12 17:25:49 - [TEST_STEP][PASSED] - out.println("Taxtype value is : " + Taxtype): null

2024-11-12 17:25:49 - [TEST_STEP][PASSED] - openBrowser(""): Browser is opened with url: ''

2024-11-12 17:25:49 - [MESSAGE][WARNING] - A browser is already opened. Closing browser and opening a new one

2024-11-12 17:25:50 - [MESSAGE][INFO] - Starting 'Chrome' driver

2024-11-12 17:25:50 - [MESSAGE][INFO] - User set preference: ['acceptInsecureCerts', 'true']

2024-11-12 17:25:50 - [MESSAGE][INFO] - Action delay is set to 0 milliseconds

2024-11-12 17:25:52 - [MESSAGE][PASSED] - Browser is opened with url: ''

2024-11-12 17:25:52 - [TEST_STEP][PASSED] - maximizeWindow(): Current window maximized

2024-11-12 17:25:52 - [MESSAGE][PASSED] - Current window maximized

2024-11-12 17:25:52 - [TEST_STEP][PASSED] - navigateToUrl(RADurl): Navigate to 'https://www.velocitypayment.com/client/rad/index.html' successfully

2024-11-12 17:25:54 - [MESSAGE][PASSED] - Navigate to 'https://www.velocitypayment.com/client/rad/index.html' successfully

2024-11-12 17:25:54 - [TEST_STEP][PASSED] - orPath_Landing = "Object Repository/RAD_Pages/Landing_Page": null

2024-11-12 17:25:54 - [TEST_STEP][PASSED] - orPath_TaxTypeFilingYear = "Object Repository/RAD_Pages/TaxTypeFilingYear_Page": null

2024-11-12 17:25:54 - [TEST_STEP][PASSED] - orPath_TaxPayer = "Object Repository/RAD_Pages/Taxpayer_Page": null

2024-11-12 17:25:54 - [TEST_STEP][PASSED] - orPath_AddressContact = "Object Repository/RAD_Pages/AddressAndContactInfo_Page": null

2024-11-12 17:25:54 - [TEST_STEP][PASSED] - orPath_FilingStatus = "Object Repository/RAD_Pages/FilingStatus_Page": null

2024-11-12 17:25:54 - [TEST_STEP][PASSED] - orPath_Amount = "Object Repository/RAD_Pages/PaymentAmount_Page": null

2024-11-12 17:25:54 - [TEST_STEP][PASSED] - orPath_TaxInfo = "Object Repository/RAD_Pages/TaxInfo_Page": null

2024-11-12 17:25:54 - [TEST_STEP][PASSED] - orPath_Withholding = "Object Repository/RAD_Pages/Withholding_Page": null

2024-11-12 17:25:54 - [TEST_STEP][PASSED] - orPath_Summary = "Object Repository/RAD_Pages/Summary_Page": null

2024-11-12 17:25:54 - [TEST_STEP][PASSED] - orPath_PaymentReady = "Object Repository/RAD_Pages/PaymentReady_Page": null

2024-11-12 17:25:54 - [TEST_STEP][PASSED] - orPath_PaymentEntry = "Object Repository/RAD_Pages/PaymentEntry_Page": null

2024-11-12 17:25:54 - [TEST_STEP][PASSED] - orPath_PaymentConfirmation = "Object Repository/RAD_Pages/PaymentConfirmation_Page": null

2024-11-12 17:25:54 - [TEST_STEP][PASSED] - orPath_ServiceFeesAccept = "Object Repository/RAD_Pages/ServiceFeeAccept_Page": null

2024-11-12 17:25:54 - [TEST_STEP][PASSED] - selectOptionByLabel(findTestObject(orPath_Landing + "/dd_TaxType"), Paymenttype, false): All options with label 'Existing Liability with Notice/Invoice Number' are selected in object 'Object Repository/RAD_Pages/Landing_Page/dd_TaxType' 

2024-11-12 17:25:54 - [MESSAGE][PASSED] - All options with label 'Existing Liability with Notice/Invoice Number' are selected in object 'Object Repository/RAD_Pages/Landing_Page/dd_TaxType' 

2024-11-12 17:25:54 - [TEST_STEP][PASSED] - delay(1): Delayed 1 second(s)

2024-11-12 17:25:55 - [MESSAGE][PASSED] - Delayed 1 second(s)

2024-11-12 17:25:55 - [TEST_STEP][PASSED] - switch (Paymenttype): null

2024-11-12 17:25:55 - [TEST_STEP][PASSED] - case "Existing Liability with Notice/Invoice Number":: null

2024-11-12 17:25:55 - [TEST_STEP][PASSED] - selectOptionByLabel(findTestObject(orPath_TaxTypeFilingYear + "/select_TaxType_ExistingLiability"), Taxtype, false): All options with label 'PTE Non-Electing Non-S Corp' are selected in object 'Object Repository/RAD_Pages/TaxTypeFilingYear_Page/select_TaxType_ExistingLiability' 

2024-11-12 17:25:56 - [MESSAGE][PASSED] - All options with label 'PTE Non-Electing Non-S Corp' are selected in object 'Object Repository/RAD_Pages/TaxTypeFilingYear_Page/select_TaxType_ExistingLiability' 

2024-11-12 17:25:56 - [TEST_STEP][PASSED] - break: null

2024-11-12 17:25:56 - [TEST_STEP][PASSED] - delay(1): Delayed 1 second(s)

2024-11-12 17:25:57 - [MESSAGE][PASSED] - Delayed 1 second(s)

2024-11-12 17:25:57 - [TEST_STEP][PASSED] - scrollToElement(findTestObject(orPath_Amount + "/input__paymentAmount"), 2, CONTINUE_ON_FAILURE): Scroll to object 'Object Repository/RAD_Pages/PaymentAmount_Page/input__paymentAmount' successfully

2024-11-12 17:25:57 - [MESSAGE][PASSED] - Scroll to object 'Object Repository/RAD_Pages/PaymentAmount_Page/input__paymentAmount' successfully

2024-11-12 17:25:57 - [TEST_STEP][PASSED] - switch (Paymenttype): null

2024-11-12 17:25:57 - [TEST_STEP][PASSED] - case "Existing Liability with Notice/Invoice Number":: null

2024-11-12 17:25:57 - [TEST_STEP][PASSED] - setEncryptedText(findTestObject(orPath_TaxInfo + "/input_TaxInfo_feinSsn_Existing_New"), "RigbBhfdqODKcAsiUrg+1Q=="): Text ****** has been set on object 'Object Repository/RAD_Pages/TaxInfo_Page/input_TaxInfo_feinSsn_Existing_New'

2024-11-12 17:25:58 - [MESSAGE][PASSED] - Text ****** has been set on object 'Object Repository/RAD_Pages/TaxInfo_Page/input_TaxInfo_feinSsn_Existing_New'

2024-11-12 17:25:58 - [TEST_STEP][PASSED] - setEncryptedText(findTestObject(orPath_TaxInfo + "/input_TaxInfo_RetypefeinSsn_Existing_New"), "RigbBhfdqOD+04WBHw5iKw=="): Text ****** has been set on object 'Object Repository/RAD_Pages/TaxInfo_Page/input_TaxInfo_RetypefeinSsn_Existing_New'

2024-11-12 17:25:59 - [MESSAGE][PASSED] - Text ****** has been set on object 'Object Repository/RAD_Pages/TaxInfo_Page/input_TaxInfo_RetypefeinSsn_Existing_New'

2024-11-12 17:25:59 - [TEST_STEP][PASSED] - break: null

2024-11-12 17:25:59 - [TEST_STEP][PASSED] - setText(findTestObject(orPath_Amount + "/input__paymentAmount"), ""): Text '' is set on object 'Object Repository/RAD_Pages/PaymentAmount_Page/input__paymentAmount'

2024-11-12 17:25:59 - [MESSAGE][PASSED] - Text '' is set on object 'Object Repository/RAD_Pages/PaymentAmount_Page/input__paymentAmount'

2024-11-12 17:25:59 - [TEST_STEP][PASSED] - if (verifyTextPresent("The FEIN/SSN and Re-type FEIN/SSN do not match", true)): null

2024-11-12 17:26:00 - [MESSAGE][PASSED] - Text 'The FEIN/SSN and Re-type FEIN/SSN do not match' is present on page  using regular expression

2024-11-12 17:26:00 - [TEST_STEP][PASSED] - println("Error Message is present on the page"): null

2024-11-12 17:26:00 - [TEST_STEP][PASSED] - out.println("Pass Record Number: " + row): null

2024-11-12 17:26:00 - [TEST_STEP][PASSED] - resText = "Pass": null

2024-11-12 17:26:00 - [TEST_STEP][PASSED] - pages.WriteExcel.demoKey(resText, datText, resColumn, datCloumn, fileLoc, nameSheet, row): pages.WriteExcel.demoKey is PASSED

2024-11-12 17:26:00 - [MESSAGE][PASSED] - pages.WriteExcel.demoKey is PASSED

2024-11-12 17:26:00 - [TEST_STEP][PASSED] - ExecuteTC = findTestData(dataFile).getValue("Execute", row): null

2024-11-12 17:26:00 - [TEST_STEP][PASSED] - Taxtype = findTestData(dataFile).getValue("TaxType", row): null

2024-11-12 17:26:00 - [TEST_STEP][PASSED] - Paymenttype = findTestData(dataFile).getValue("PaymentType", row): null

2024-11-12 17:26:00 - [TEST_STEP][PASSED] - out.println("Value of Execute is : " + ExecuteTC): null

2024-11-12 17:26:00 - [TEST_STEP][PASSED] - if (ExecuteTC.equalsIgnoreCase("Y")): null

2024-11-12 17:26:00 - [TEST_STEP][PASSED] - out.println("Begin Record Number: " + row): null

2024-11-12 17:26:00 - [TEST_STEP][PASSED] - today = new java.util.Date(): null

2024-11-12 17:26:00 - [TEST_STEP][PASSED] - println(today): null

2024-11-12 17:26:00 - [TEST_STEP][PASSED] - datText = today: null

2024-11-12 17:26:00 - [TEST_STEP][PASSED] - Taxtype = findTestData(dataFile).getValue("TaxType", row): null

2024-11-12 17:26:00 - [TEST_STEP][PASSED] - out.println("Taxtype value is : " + Taxtype): null

2024-11-12 17:26:00 - [TEST_STEP][PASSED] - openBrowser(""): Browser is opened with url: ''

2024-11-12 17:26:00 - [MESSAGE][WARNING] - A browser is already opened. Closing browser and opening a new one

2024-11-12 17:26:01 - [MESSAGE][INFO] - Starting 'Chrome' driver

2024-11-12 17:26:01 - [MESSAGE][INFO] - User set preference: ['acceptInsecureCerts', 'true']

2024-11-12 17:26:01 - [MESSAGE][INFO] - Action delay is set to 0 milliseconds

2024-11-12 17:26:03 - [MESSAGE][PASSED] - Browser is opened with url: ''

2024-11-12 17:26:03 - [TEST_STEP][PASSED] - maximizeWindow(): Current window maximized

2024-11-12 17:26:03 - [MESSAGE][PASSED] - Current window maximized

2024-11-12 17:26:03 - [TEST_STEP][PASSED] - navigateToUrl(RADurl): Navigate to 'https://www.velocitypayment.com/client/rad/index.html' successfully

2024-11-12 17:26:03 - [MESSAGE][PASSED] - Navigate to 'https://www.velocitypayment.com/client/rad/index.html' successfully

2024-11-12 17:26:03 - [TEST_STEP][PASSED] - orPath_Landing = "Object Repository/RAD_Pages/Landing_Page": null

2024-11-12 17:26:03 - [TEST_STEP][PASSED] - orPath_TaxTypeFilingYear = "Object Repository/RAD_Pages/TaxTypeFilingYear_Page": null

2024-11-12 17:26:03 - [TEST_STEP][PASSED] - orPath_TaxPayer = "Object Repository/RAD_Pages/Taxpayer_Page": null

2024-11-12 17:26:03 - [TEST_STEP][PASSED] - orPath_AddressContact = "Object Repository/RAD_Pages/AddressAndContactInfo_Page": null

2024-11-12 17:26:03 - [TEST_STEP][PASSED] - orPath_FilingStatus = "Object Repository/RAD_Pages/FilingStatus_Page": null

2024-11-12 17:26:03 - [TEST_STEP][PASSED] - orPath_Amount = "Object Repository/RAD_Pages/PaymentAmount_Page": null

2024-11-12 17:26:03 - [TEST_STEP][PASSED] - orPath_TaxInfo = "Object Repository/RAD_Pages/TaxInfo_Page": null

2024-11-12 17:26:03 - [TEST_STEP][PASSED] - orPath_Withholding = "Object Repository/RAD_Pages/Withholding_Page": null

2024-11-12 17:26:03 - [TEST_STEP][PASSED] - orPath_Summary = "Object Repository/RAD_Pages/Summary_Page": null

2024-11-12 17:26:03 - [TEST_STEP][PASSED] - orPath_PaymentReady = "Object Repository/RAD_Pages/PaymentReady_Page": null

2024-11-12 17:26:03 - [TEST_STEP][PASSED] - orPath_PaymentEntry = "Object Repository/RAD_Pages/PaymentEntry_Page": null

2024-11-12 17:26:03 - [TEST_STEP][PASSED] - orPath_PaymentConfirmation = "Object Repository/RAD_Pages/PaymentConfirmation_Page": null

2024-11-12 17:26:03 - [TEST_STEP][PASSED] - orPath_ServiceFeesAccept = "Object Repository/RAD_Pages/ServiceFeeAccept_Page": null

2024-11-12 17:26:03 - [TEST_STEP][PASSED] - selectOptionByLabel(findTestObject(orPath_Landing + "/dd_TaxType"), Paymenttype, false): All options with label 'Existing Liability with Notice/Invoice Number' are selected in object 'Object Repository/RAD_Pages/Landing_Page/dd_TaxType' 

2024-11-12 17:26:05 - [MESSAGE][PASSED] - All options with label 'Existing Liability with Notice/Invoice Number' are selected in object 'Object Repository/RAD_Pages/Landing_Page/dd_TaxType' 

2024-11-12 17:26:05 - [TEST_STEP][PASSED] - delay(1): Delayed 1 second(s)

2024-11-12 17:26:06 - [MESSAGE][PASSED] - Delayed 1 second(s)

2024-11-12 17:26:06 - [TEST_STEP][PASSED] - switch (Paymenttype): null

2024-11-12 17:26:06 - [TEST_STEP][PASSED] - case "Existing Liability with Notice/Invoice Number":: null

2024-11-12 17:26:06 - [TEST_STEP][PASSED] - selectOptionByLabel(findTestObject(orPath_TaxTypeFilingYear + "/select_TaxType_ExistingLiability"), Taxtype, false): All options with label 'PTE Non-Electing S Corp' are selected in object 'Object Repository/RAD_Pages/TaxTypeFilingYear_Page/select_TaxType_ExistingLiability' 

2024-11-12 17:26:07 - [MESSAGE][PASSED] - All options with label 'PTE Non-Electing S Corp' are selected in object 'Object Repository/RAD_Pages/TaxTypeFilingYear_Page/select_TaxType_ExistingLiability' 

2024-11-12 17:26:07 - [TEST_STEP][PASSED] - break: null

2024-11-12 17:26:07 - [TEST_STEP][PASSED] - delay(1): Delayed 1 second(s)

2024-11-12 17:26:08 - [MESSAGE][PASSED] - Delayed 1 second(s)

2024-11-12 17:26:08 - [TEST_STEP][PASSED] - scrollToElement(findTestObject(orPath_Amount + "/input__paymentAmount"), 2, CONTINUE_ON_FAILURE): Scroll to object 'Object Repository/RAD_Pages/PaymentAmount_Page/input__paymentAmount' successfully

2024-11-12 17:26:08 - [MESSAGE][PASSED] - Scroll to object 'Object Repository/RAD_Pages/PaymentAmount_Page/input__paymentAmount' successfully

2024-11-12 17:26:08 - [TEST_STEP][PASSED] - switch (Paymenttype): null

2024-11-12 17:26:08 - [TEST_STEP][PASSED] - case "Existing Liability with Notice/Invoice Number":: null

2024-11-12 17:26:08 - [TEST_STEP][PASSED] - setEncryptedText(findTestObject(orPath_TaxInfo + "/input_TaxInfo_feinSsn_Existing_New"), "RigbBhfdqODKcAsiUrg+1Q=="): Text ****** has been set on object 'Object Repository/RAD_Pages/TaxInfo_Page/input_TaxInfo_feinSsn_Existing_New'

2024-11-12 17:26:09 - [MESSAGE][PASSED] - Text ****** has been set on object 'Object Repository/RAD_Pages/TaxInfo_Page/input_TaxInfo_feinSsn_Existing_New'

2024-11-12 17:26:09 - [TEST_STEP][PASSED] - setEncryptedText(findTestObject(orPath_TaxInfo + "/input_TaxInfo_RetypefeinSsn_Existing_New"), "RigbBhfdqOD+04WBHw5iKw=="): Text ****** has been set on object 'Object Repository/RAD_Pages/TaxInfo_Page/input_TaxInfo_RetypefeinSsn_Existing_New'

2024-11-12 17:26:10 - [MESSAGE][PASSED] - Text ****** has been set on object 'Object Repository/RAD_Pages/TaxInfo_Page/input_TaxInfo_RetypefeinSsn_Existing_New'

2024-11-12 17:26:10 - [TEST_STEP][PASSED] - break: null

2024-11-12 17:26:10 - [TEST_STEP][PASSED] - setText(findTestObject(orPath_Amount + "/input__paymentAmount"), ""): Text '' is set on object 'Object Repository/RAD_Pages/PaymentAmount_Page/input__paymentAmount'

2024-11-12 17:26:10 - [MESSAGE][PASSED] - Text '' is set on object 'Object Repository/RAD_Pages/PaymentAmount_Page/input__paymentAmount'

2024-11-12 17:26:10 - [TEST_STEP][PASSED] - if (verifyTextPresent("The FEIN/SSN and Re-type FEIN/SSN do not match", true)): null

2024-11-12 17:26:11 - [MESSAGE][PASSED] - Text 'The FEIN/SSN and Re-type FEIN/SSN do not match' is present on page  using regular expression

2024-11-12 17:26:11 - [TEST_STEP][PASSED] - println("Error Message is present on the page"): null

2024-11-12 17:26:11 - [TEST_STEP][PASSED] - out.println("Pass Record Number: " + row): null

2024-11-12 17:26:11 - [TEST_STEP][PASSED] - resText = "Pass": null

2024-11-12 17:26:11 - [TEST_STEP][PASSED] - pages.WriteExcel.demoKey(resText, datText, resColumn, datCloumn, fileLoc, nameSheet, row): pages.WriteExcel.demoKey is PASSED

2024-11-12 17:26:11 - [MESSAGE][PASSED] - pages.WriteExcel.demoKey is PASSED

2024-11-12 17:26:11 - [TEST_STEP][PASSED] - ExecuteTC = findTestData(dataFile).getValue("Execute", row): null

2024-11-12 17:26:11 - [TEST_STEP][PASSED] - Taxtype = findTestData(dataFile).getValue("TaxType", row): null

2024-11-12 17:26:11 - [TEST_STEP][PASSED] - Paymenttype = findTestData(dataFile).getValue("PaymentType", row): null

2024-11-12 17:26:11 - [TEST_STEP][PASSED] - out.println("Value of Execute is : " + ExecuteTC): null

2024-11-12 17:26:11 - [TEST_STEP][PASSED] - if (ExecuteTC.equalsIgnoreCase("Y")): null

2024-11-12 17:26:11 - [TEST_STEP][PASSED] - out.println("Begin Record Number: " + row): null

2024-11-12 17:26:11 - [TEST_STEP][PASSED] - today = new java.util.Date(): null

2024-11-12 17:26:11 - [TEST_STEP][PASSED] - println(today): null

2024-11-12 17:26:11 - [TEST_STEP][PASSED] - datText = today: null

2024-11-12 17:26:11 - [TEST_STEP][PASSED] - Taxtype = findTestData(dataFile).getValue("TaxType", row): null

2024-11-12 17:26:11 - [TEST_STEP][PASSED] - out.println("Taxtype value is : " + Taxtype): null

2024-11-12 17:26:11 - [TEST_STEP][PASSED] - openBrowser(""): Browser is opened with url: ''

2024-11-12 17:26:11 - [MESSAGE][WARNING] - A browser is already opened. Closing browser and opening a new one

2024-11-12 17:26:12 - [MESSAGE][INFO] - Starting 'Chrome' driver

2024-11-12 17:26:12 - [MESSAGE][INFO] - User set preference: ['acceptInsecureCerts', 'true']

2024-11-12 17:26:12 - [MESSAGE][INFO] - Action delay is set to 0 milliseconds

2024-11-12 17:26:14 - [MESSAGE][PASSED] - Browser is opened with url: ''

2024-11-12 17:26:14 - [TEST_STEP][PASSED] - maximizeWindow(): Current window maximized

2024-11-12 17:26:14 - [MESSAGE][PASSED] - Current window maximized

2024-11-12 17:26:14 - [TEST_STEP][PASSED] - navigateToUrl(RADurl): Navigate to 'https://www.velocitypayment.com/client/rad/index.html' successfully

2024-11-12 17:26:14 - [MESSAGE][PASSED] - Navigate to 'https://www.velocitypayment.com/client/rad/index.html' successfully

2024-11-12 17:26:14 - [TEST_STEP][PASSED] - orPath_Landing = "Object Repository/RAD_Pages/Landing_Page": null

2024-11-12 17:26:14 - [TEST_STEP][PASSED] - orPath_TaxTypeFilingYear = "Object Repository/RAD_Pages/TaxTypeFilingYear_Page": null

2024-11-12 17:26:14 - [TEST_STEP][PASSED] - orPath_TaxPayer = "Object Repository/RAD_Pages/Taxpayer_Page": null

2024-11-12 17:26:14 - [TEST_STEP][PASSED] - orPath_AddressContact = "Object Repository/RAD_Pages/AddressAndContactInfo_Page": null

2024-11-12 17:26:14 - [TEST_STEP][PASSED] - orPath_FilingStatus = "Object Repository/RAD_Pages/FilingStatus_Page": null

2024-11-12 17:26:14 - [TEST_STEP][PASSED] - orPath_Amount = "Object Repository/RAD_Pages/PaymentAmount_Page": null

2024-11-12 17:26:14 - [TEST_STEP][PASSED] - orPath_TaxInfo = "Object Repository/RAD_Pages/TaxInfo_Page": null

2024-11-12 17:26:14 - [TEST_STEP][PASSED] - orPath_Withholding = "Object Repository/RAD_Pages/Withholding_Page": null

2024-11-12 17:26:14 - [TEST_STEP][PASSED] - orPath_Summary = "Object Repository/RAD_Pages/Summary_Page": null

2024-11-12 17:26:14 - [TEST_STEP][PASSED] - orPath_PaymentReady = "Object Repository/RAD_Pages/PaymentReady_Page": null

2024-11-12 17:26:14 - [TEST_STEP][PASSED] - orPath_PaymentEntry = "Object Repository/RAD_Pages/PaymentEntry_Page": null

2024-11-12 17:26:14 - [TEST_STEP][PASSED] - orPath_PaymentConfirmation = "Object Repository/RAD_Pages/PaymentConfirmation_Page": null

2024-11-12 17:26:14 - [TEST_STEP][PASSED] - orPath_ServiceFeesAccept = "Object Repository/RAD_Pages/ServiceFeeAccept_Page": null

2024-11-12 17:26:14 - [TEST_STEP][PASSED] - selectOptionByLabel(findTestObject(orPath_Landing + "/dd_TaxType"), Paymenttype, false): All options with label 'Existing Liability with Notice/Invoice Number' are selected in object 'Object Repository/RAD_Pages/Landing_Page/dd_TaxType' 

2024-11-12 17:26:16 - [MESSAGE][PASSED] - All options with label 'Existing Liability with Notice/Invoice Number' are selected in object 'Object Repository/RAD_Pages/Landing_Page/dd_TaxType' 

2024-11-12 17:26:16 - [TEST_STEP][PASSED] - delay(1): Delayed 1 second(s)

2024-11-12 17:26:17 - [MESSAGE][PASSED] - Delayed 1 second(s)

2024-11-12 17:26:17 - [TEST_STEP][PASSED] - switch (Paymenttype): null

2024-11-12 17:26:17 - [TEST_STEP][PASSED] - case "Existing Liability with Notice/Invoice Number":: null

2024-11-12 17:26:17 - [TEST_STEP][PASSED] - selectOptionByLabel(findTestObject(orPath_TaxTypeFilingYear + "/select_TaxType_ExistingLiability"), Taxtype, false): All options with label 'PTE Tax Electing Non-S Corp' are selected in object 'Object Repository/RAD_Pages/TaxTypeFilingYear_Page/select_TaxType_ExistingLiability' 

2024-11-12 17:26:18 - [MESSAGE][PASSED] - All options with label 'PTE Tax Electing Non-S Corp' are selected in object 'Object Repository/RAD_Pages/TaxTypeFilingYear_Page/select_TaxType_ExistingLiability' 

2024-11-12 17:26:18 - [TEST_STEP][PASSED] - break: null

2024-11-12 17:26:18 - [TEST_STEP][PASSED] - delay(1): Delayed 1 second(s)

2024-11-12 17:26:19 - [MESSAGE][PASSED] - Delayed 1 second(s)

2024-11-12 17:26:19 - [TEST_STEP][PASSED] - scrollToElement(findTestObject(orPath_Amount + "/input__paymentAmount"), 2, CONTINUE_ON_FAILURE): Scroll to object 'Object Repository/RAD_Pages/PaymentAmount_Page/input__paymentAmount' successfully

2024-11-12 17:26:19 - [MESSAGE][PASSED] - Scroll to object 'Object Repository/RAD_Pages/PaymentAmount_Page/input__paymentAmount' successfully

2024-11-12 17:26:19 - [TEST_STEP][PASSED] - switch (Paymenttype): null

2024-11-12 17:26:19 - [TEST_STEP][PASSED] - case "Existing Liability with Notice/Invoice Number":: null

2024-11-12 17:26:19 - [TEST_STEP][PASSED] - setEncryptedText(findTestObject(orPath_TaxInfo + "/input_TaxInfo_feinSsn_Existing_New"), "RigbBhfdqODKcAsiUrg+1Q=="): Text ****** has been set on object 'Object Repository/RAD_Pages/TaxInfo_Page/input_TaxInfo_feinSsn_Existing_New'

2024-11-12 17:26:20 - [MESSAGE][PASSED] - Text ****** has been set on object 'Object Repository/RAD_Pages/TaxInfo_Page/input_TaxInfo_feinSsn_Existing_New'

2024-11-12 17:26:20 - [TEST_STEP][PASSED] - setEncryptedText(findTestObject(orPath_TaxInfo + "/input_TaxInfo_RetypefeinSsn_Existing_New"), "RigbBhfdqOD+04WBHw5iKw=="): Text ****** has been set on object 'Object Repository/RAD_Pages/TaxInfo_Page/input_TaxInfo_RetypefeinSsn_Existing_New'

2024-11-12 17:26:20 - [MESSAGE][PASSED] - Text ****** has been set on object 'Object Repository/RAD_Pages/TaxInfo_Page/input_TaxInfo_RetypefeinSsn_Existing_New'

2024-11-12 17:26:20 - [TEST_STEP][PASSED] - break: null

2024-11-12 17:26:20 - [TEST_STEP][PASSED] - setText(findTestObject(orPath_Amount + "/input__paymentAmount"), ""): Text '' is set on object 'Object Repository/RAD_Pages/PaymentAmount_Page/input__paymentAmount'

2024-11-12 17:26:21 - [MESSAGE][PASSED] - Text '' is set on object 'Object Repository/RAD_Pages/PaymentAmount_Page/input__paymentAmount'

2024-11-12 17:26:21 - [TEST_STEP][PASSED] - if (verifyTextPresent("The FEIN/SSN and Re-type FEIN/SSN do not match", true)): null

2024-11-12 17:26:21 - [MESSAGE][PASSED] - Text 'The FEIN/SSN and Re-type FEIN/SSN do not match' is present on page  using regular expression

2024-11-12 17:26:21 - [TEST_STEP][PASSED] - println("Error Message is present on the page"): null

2024-11-12 17:26:21 - [TEST_STEP][PASSED] - out.println("Pass Record Number: " + row): null

2024-11-12 17:26:21 - [TEST_STEP][PASSED] - resText = "Pass": null

2024-11-12 17:26:21 - [TEST_STEP][PASSED] - pages.WriteExcel.demoKey(resText, datText, resColumn, datCloumn, fileLoc, nameSheet, row): pages.WriteExcel.demoKey is PASSED

2024-11-12 17:26:21 - [MESSAGE][PASSED] - pages.WriteExcel.demoKey is PASSED

2024-11-12 17:26:21 - [TEST_STEP][PASSED] - ExecuteTC = findTestData(dataFile).getValue("Execute", row): null

2024-11-12 17:26:21 - [TEST_STEP][PASSED] - Taxtype = findTestData(dataFile).getValue("TaxType", row): null

2024-11-12 17:26:22 - [TEST_STEP][PASSED] - Paymenttype = findTestData(dataFile).getValue("PaymentType", row): null

2024-11-12 17:26:22 - [TEST_STEP][PASSED] - out.println("Value of Execute is : " + ExecuteTC): null

2024-11-12 17:26:22 - [TEST_STEP][PASSED] - if (ExecuteTC.equalsIgnoreCase("Y")): null

2024-11-12 17:26:22 - [TEST_STEP][PASSED] - out.println("Begin Record Number: " + row): null

2024-11-12 17:26:22 - [TEST_STEP][PASSED] - today = new java.util.Date(): null

2024-11-12 17:26:22 - [TEST_STEP][PASSED] - println(today): null

2024-11-12 17:26:22 - [TEST_STEP][PASSED] - datText = today: null

2024-11-12 17:26:22 - [TEST_STEP][PASSED] - Taxtype = findTestData(dataFile).getValue("TaxType", row): null

2024-11-12 17:26:22 - [TEST_STEP][PASSED] - out.println("Taxtype value is : " + Taxtype): null

2024-11-12 17:26:22 - [TEST_STEP][PASSED] - openBrowser(""): Browser is opened with url: ''

2024-11-12 17:26:22 - [MESSAGE][WARNING] - A browser is already opened. Closing browser and opening a new one

2024-11-12 17:26:23 - [MESSAGE][INFO] - Starting 'Chrome' driver

2024-11-12 17:26:23 - [MESSAGE][INFO] - User set preference: ['acceptInsecureCerts', 'true']

2024-11-12 17:26:23 - [MESSAGE][INFO] - Action delay is set to 0 milliseconds

2024-11-12 17:26:24 - [MESSAGE][PASSED] - Browser is opened with url: ''

2024-11-12 17:26:24 - [TEST_STEP][PASSED] - maximizeWindow(): Current window maximized

2024-11-12 17:26:24 - [MESSAGE][PASSED] - Current window maximized

2024-11-12 17:26:24 - [TEST_STEP][PASSED] - navigateToUrl(RADurl): Navigate to 'https://www.velocitypayment.com/client/rad/index.html' successfully

2024-11-12 17:26:26 - [MESSAGE][PASSED] - Navigate to 'https://www.velocitypayment.com/client/rad/index.html' successfully

2024-11-12 17:26:26 - [TEST_STEP][PASSED] - orPath_Landing = "Object Repository/RAD_Pages/Landing_Page": null

2024-11-12 17:26:26 - [TEST_STEP][PASSED] - orPath_TaxTypeFilingYear = "Object Repository/RAD_Pages/TaxTypeFilingYear_Page": null

2024-11-12 17:26:26 - [TEST_STEP][PASSED] - orPath_TaxPayer = "Object Repository/RAD_Pages/Taxpayer_Page": null

2024-11-12 17:26:26 - [TEST_STEP][PASSED] - orPath_AddressContact = "Object Repository/RAD_Pages/AddressAndContactInfo_Page": null

2024-11-12 17:26:26 - [TEST_STEP][PASSED] - orPath_FilingStatus = "Object Repository/RAD_Pages/FilingStatus_Page": null

2024-11-12 17:26:26 - [TEST_STEP][PASSED] - orPath_Amount = "Object Repository/RAD_Pages/PaymentAmount_Page": null

2024-11-12 17:26:26 - [TEST_STEP][PASSED] - orPath_TaxInfo = "Object Repository/RAD_Pages/TaxInfo_Page": null

2024-11-12 17:26:26 - [TEST_STEP][PASSED] - orPath_Withholding = "Object Repository/RAD_Pages/Withholding_Page": null

2024-11-12 17:26:26 - [TEST_STEP][PASSED] - orPath_Summary = "Object Repository/RAD_Pages/Summary_Page": null

2024-11-12 17:26:26 - [TEST_STEP][PASSED] - orPath_PaymentReady = "Object Repository/RAD_Pages/PaymentReady_Page": null

2024-11-12 17:26:26 - [TEST_STEP][PASSED] - orPath_PaymentEntry = "Object Repository/RAD_Pages/PaymentEntry_Page": null

2024-11-12 17:26:26 - [TEST_STEP][PASSED] - orPath_PaymentConfirmation = "Object Repository/RAD_Pages/PaymentConfirmation_Page": null

2024-11-12 17:26:26 - [TEST_STEP][PASSED] - orPath_ServiceFeesAccept = "Object Repository/RAD_Pages/ServiceFeeAccept_Page": null

2024-11-12 17:26:26 - [TEST_STEP][PASSED] - selectOptionByLabel(findTestObject(orPath_Landing + "/dd_TaxType"), Paymenttype, false): All options with label 'Existing Liability with Notice/Invoice Number' are selected in object 'Object Repository/RAD_Pages/Landing_Page/dd_TaxType' 

2024-11-12 17:26:27 - [MESSAGE][PASSED] - All options with label 'Existing Liability with Notice/Invoice Number' are selected in object 'Object Repository/RAD_Pages/Landing_Page/dd_TaxType' 

2024-11-12 17:26:27 - [TEST_STEP][PASSED] - delay(1): Delayed 1 second(s)

2024-11-12 17:26:28 - [MESSAGE][PASSED] - Delayed 1 second(s)

2024-11-12 17:26:28 - [TEST_STEP][PASSED] - switch (Paymenttype): null

2024-11-12 17:26:28 - [TEST_STEP][PASSED] - case "Existing Liability with Notice/Invoice Number":: null

2024-11-12 17:26:28 - [TEST_STEP][PASSED] - selectOptionByLabel(findTestObject(orPath_TaxTypeFilingYear + "/select_TaxType_ExistingLiability"), Taxtype, false): All options with label 'PTE Tax Electing S Corp' are selected in object 'Object Repository/RAD_Pages/TaxTypeFilingYear_Page/select_TaxType_ExistingLiability' 

2024-11-12 17:26:29 - [MESSAGE][PASSED] - All options with label 'PTE Tax Electing S Corp' are selected in object 'Object Repository/RAD_Pages/TaxTypeFilingYear_Page/select_TaxType_ExistingLiability' 

2024-11-12 17:26:29 - [TEST_STEP][PASSED] - break: null

2024-11-12 17:26:29 - [TEST_STEP][PASSED] - delay(1): Delayed 1 second(s)

2024-11-12 17:26:30 - [MESSAGE][PASSED] - Delayed 1 second(s)

2024-11-12 17:26:30 - [TEST_STEP][PASSED] - scrollToElement(findTestObject(orPath_Amount + "/input__paymentAmount"), 2, CONTINUE_ON_FAILURE): Scroll to object 'Object Repository/RAD_Pages/PaymentAmount_Page/input__paymentAmount' successfully

2024-11-12 17:26:30 - [MESSAGE][PASSED] - Scroll to object 'Object Repository/RAD_Pages/PaymentAmount_Page/input__paymentAmount' successfully

2024-11-12 17:26:30 - [TEST_STEP][PASSED] - switch (Paymenttype): null

2024-11-12 17:26:30 - [TEST_STEP][PASSED] - case "Existing Liability with Notice/Invoice Number":: null

2024-11-12 17:26:30 - [TEST_STEP][PASSED] - setEncryptedText(findTestObject(orPath_TaxInfo + "/input_TaxInfo_feinSsn_Existing_New"), "RigbBhfdqODKcAsiUrg+1Q=="): Text ****** has been set on object 'Object Repository/RAD_Pages/TaxInfo_Page/input_TaxInfo_feinSsn_Existing_New'

2024-11-12 17:26:31 - [MESSAGE][PASSED] - Text ****** has been set on object 'Object Repository/RAD_Pages/TaxInfo_Page/input_TaxInfo_feinSsn_Existing_New'

2024-11-12 17:26:31 - [TEST_STEP][PASSED] - setEncryptedText(findTestObject(orPath_TaxInfo + "/input_TaxInfo_RetypefeinSsn_Existing_New"), "RigbBhfdqOD+04WBHw5iKw=="): Text ****** has been set on object 'Object Repository/RAD_Pages/TaxInfo_Page/input_TaxInfo_RetypefeinSsn_Existing_New'

2024-11-12 17:26:31 - [MESSAGE][PASSED] - Text ****** has been set on object 'Object Repository/RAD_Pages/TaxInfo_Page/input_TaxInfo_RetypefeinSsn_Existing_New'

2024-11-12 17:26:31 - [TEST_STEP][PASSED] - break: null

2024-11-12 17:26:31 - [TEST_STEP][PASSED] - setText(findTestObject(orPath_Amount + "/input__paymentAmount"), ""): Text '' is set on object 'Object Repository/RAD_Pages/PaymentAmount_Page/input__paymentAmount'

2024-11-12 17:26:32 - [MESSAGE][PASSED] - Text '' is set on object 'Object Repository/RAD_Pages/PaymentAmount_Page/input__paymentAmount'

2024-11-12 17:26:32 - [TEST_STEP][PASSED] - if (verifyTextPresent("The FEIN/SSN and Re-type FEIN/SSN do not match", true)): null

2024-11-12 17:26:32 - [MESSAGE][PASSED] - Text 'The FEIN/SSN and Re-type FEIN/SSN do not match' is present on page  using regular expression

2024-11-12 17:26:32 - [TEST_STEP][PASSED] - println("Error Message is present on the page"): null

2024-11-12 17:26:32 - [TEST_STEP][PASSED] - out.println("Pass Record Number: " + row): null

2024-11-12 17:26:32 - [TEST_STEP][PASSED] - resText = "Pass": null

2024-11-12 17:26:32 - [TEST_STEP][PASSED] - pages.WriteExcel.demoKey(resText, datText, resColumn, datCloumn, fileLoc, nameSheet, row): pages.WriteExcel.demoKey is PASSED

2024-11-12 17:26:32 - [MESSAGE][PASSED] - pages.WriteExcel.demoKey is PASSED

2024-11-12 17:26:32 - [TEST_STEP][PASSED] - ExecuteTC = findTestData(dataFile).getValue("Execute", row): null

2024-11-12 17:26:32 - [TEST_STEP][PASSED] - Taxtype = findTestData(dataFile).getValue("TaxType", row): null

2024-11-12 17:26:32 - [TEST_STEP][PASSED] - Paymenttype = findTestData(dataFile).getValue("PaymentType", row): null

2024-11-12 17:26:32 - [TEST_STEP][PASSED] - out.println("Value of Execute is : " + ExecuteTC): null

2024-11-12 17:26:32 - [TEST_STEP][PASSED] - if (ExecuteTC.equalsIgnoreCase("Y")): null

2024-11-12 17:26:32 - [TEST_STEP][PASSED] - out.println("Begin Record Number: " + row): null

2024-11-12 17:26:32 - [TEST_STEP][PASSED] - today = new java.util.Date(): null

2024-11-12 17:26:32 - [TEST_STEP][PASSED] - println(today): null

2024-11-12 17:26:32 - [TEST_STEP][PASSED] - datText = today: null

2024-11-12 17:26:32 - [TEST_STEP][PASSED] - Taxtype = findTestData(dataFile).getValue("TaxType", row): null

2024-11-12 17:26:32 - [TEST_STEP][PASSED] - out.println("Taxtype value is : " + Taxtype): null

2024-11-12 17:26:32 - [TEST_STEP][PASSED] - openBrowser(""): Browser is opened with url: ''

2024-11-12 17:26:32 - [MESSAGE][WARNING] - A browser is already opened. Closing browser and opening a new one

2024-11-12 17:26:34 - [MESSAGE][INFO] - Starting 'Chrome' driver

2024-11-12 17:26:34 - [MESSAGE][INFO] - User set preference: ['acceptInsecureCerts', 'true']

2024-11-12 17:26:34 - [MESSAGE][INFO] - Action delay is set to 0 milliseconds

2024-11-12 17:26:36 - [MESSAGE][PASSED] - Browser is opened with url: ''

2024-11-12 17:26:36 - [TEST_STEP][PASSED] - maximizeWindow(): Current window maximized

2024-11-12 17:26:36 - [MESSAGE][PASSED] - Current window maximized

2024-11-12 17:26:36 - [TEST_STEP][PASSED] - navigateToUrl(RADurl): Navigate to 'https://www.velocitypayment.com/client/rad/index.html' successfully

2024-11-12 17:26:40 - [MESSAGE][PASSED] - Navigate to 'https://www.velocitypayment.com/client/rad/index.html' successfully

2024-11-12 17:26:40 - [TEST_STEP][PASSED] - orPath_Landing = "Object Repository/RAD_Pages/Landing_Page": null

2024-11-12 17:26:40 - [TEST_STEP][PASSED] - orPath_TaxTypeFilingYear = "Object Repository/RAD_Pages/TaxTypeFilingYear_Page": null

2024-11-12 17:26:40 - [TEST_STEP][PASSED] - orPath_TaxPayer = "Object Repository/RAD_Pages/Taxpayer_Page": null

2024-11-12 17:26:40 - [TEST_STEP][PASSED] - orPath_AddressContact = "Object Repository/RAD_Pages/AddressAndContactInfo_Page": null

2024-11-12 17:26:40 - [TEST_STEP][PASSED] - orPath_FilingStatus = "Object Repository/RAD_Pages/FilingStatus_Page": null

2024-11-12 17:26:40 - [TEST_STEP][PASSED] - orPath_Amount = "Object Repository/RAD_Pages/PaymentAmount_Page": null

2024-11-12 17:26:40 - [TEST_STEP][PASSED] - orPath_TaxInfo = "Object Repository/RAD_Pages/TaxInfo_Page": null

2024-11-12 17:26:40 - [TEST_STEP][PASSED] - orPath_Withholding = "Object Repository/RAD_Pages/Withholding_Page": null

2024-11-12 17:26:40 - [TEST_STEP][PASSED] - orPath_Summary = "Object Repository/RAD_Pages/Summary_Page": null

2024-11-12 17:26:40 - [TEST_STEP][PASSED] - orPath_PaymentReady = "Object Repository/RAD_Pages/PaymentReady_Page": null

2024-11-12 17:26:40 - [TEST_STEP][PASSED] - orPath_PaymentEntry = "Object Repository/RAD_Pages/PaymentEntry_Page": null

2024-11-12 17:26:40 - [TEST_STEP][PASSED] - orPath_PaymentConfirmation = "Object Repository/RAD_Pages/PaymentConfirmation_Page": null

2024-11-12 17:26:40 - [TEST_STEP][PASSED] - orPath_ServiceFeesAccept = "Object Repository/RAD_Pages/ServiceFeeAccept_Page": null

2024-11-12 17:26:40 - [TEST_STEP][PASSED] - selectOptionByLabel(findTestObject(orPath_Landing + "/dd_TaxType"), Paymenttype, false): All options with label 'Quarterly Estimated Tax' are selected in object 'Object Repository/RAD_Pages/Landing_Page/dd_TaxType' 

2024-11-12 17:26:41 - [MESSAGE][PASSED] - All options with label 'Quarterly Estimated Tax' are selected in object 'Object Repository/RAD_Pages/Landing_Page/dd_TaxType' 

2024-11-12 17:26:41 - [TEST_STEP][PASSED] - delay(1): Delayed 1 second(s)

2024-11-12 17:26:42 - [MESSAGE][PASSED] - Delayed 1 second(s)

2024-11-12 17:26:42 - [TEST_STEP][PASSED] - switch (Paymenttype): null

2024-11-12 17:26:42 - [TEST_STEP][PASSED] - case "Quarterly Estimated Tax":: null

2024-11-12 17:26:42 - [TEST_STEP][PASSED] - selectOptionByLabel(findTestObject(orPath_TaxTypeFilingYear + "/select_PaymentType"), Taxtype, false): All options with label 'PTE Non-Electing Non-S Corp' are selected in object 'Object Repository/RAD_Pages/TaxTypeFilingYear_Page/select_PaymentType' 

2024-11-12 17:26:43 - [MESSAGE][PASSED] - All options with label 'PTE Non-Electing Non-S Corp' are selected in object 'Object Repository/RAD_Pages/TaxTypeFilingYear_Page/select_PaymentType' 

2024-11-12 17:26:43 - [TEST_STEP][PASSED] - break: null

2024-11-12 17:26:43 - [TEST_STEP][PASSED] - delay(1): Delayed 1 second(s)

2024-11-12 17:26:44 - [MESSAGE][PASSED] - Delayed 1 second(s)

2024-11-12 17:26:44 - [TEST_STEP][PASSED] - scrollToElement(findTestObject(orPath_Amount + "/input__paymentAmount"), 2, CONTINUE_ON_FAILURE): Scroll to object 'Object Repository/RAD_Pages/PaymentAmount_Page/input__paymentAmount' successfully

2024-11-12 17:26:44 - [MESSAGE][PASSED] - Scroll to object 'Object Repository/RAD_Pages/PaymentAmount_Page/input__paymentAmount' successfully

2024-11-12 17:26:44 - [TEST_STEP][PASSED] - switch (Paymenttype): null

2024-11-12 17:26:44 - [TEST_STEP][PASSED] - case "Quarterly Estimated Tax":: null

2024-11-12 17:26:44 - [TEST_STEP][PASSED] - setEncryptedText(findTestObject(orPath_TaxInfo + "/input_TaxInfo_FeinSsn_New_2"), "RigbBhfdqODKcAsiUrg+1Q=="): Text ****** has been set on object 'Object Repository/RAD_Pages/TaxInfo_Page/input_TaxInfo_FeinSsn_New_2'

2024-11-12 17:26:45 - [MESSAGE][PASSED] - Text ****** has been set on object 'Object Repository/RAD_Pages/TaxInfo_Page/input_TaxInfo_FeinSsn_New_2'

2024-11-12 17:26:45 - [TEST_STEP][PASSED] - setEncryptedText(findTestObject(orPath_TaxInfo + "/input_TaxInfo_RetypeFeinSsn_New_2"), "RigbBhfdqOD+04WBHw5iKw=="): Text ****** has been set on object 'Object Repository/RAD_Pages/TaxInfo_Page/input_TaxInfo_RetypeFeinSsn_New_2'

2024-11-12 17:26:46 - [MESSAGE][PASSED] - Text ****** has been set on object 'Object Repository/RAD_Pages/TaxInfo_Page/input_TaxInfo_RetypeFeinSsn_New_2'

2024-11-12 17:26:46 - [TEST_STEP][PASSED] - break: null

2024-11-12 17:26:46 - [TEST_STEP][PASSED] - setText(findTestObject(orPath_Amount + "/input__paymentAmount"), ""): Text '' is set on object 'Object Repository/RAD_Pages/PaymentAmount_Page/input__paymentAmount'

2024-11-12 17:26:46 - [MESSAGE][PASSED] - Text '' is set on object 'Object Repository/RAD_Pages/PaymentAmount_Page/input__paymentAmount'

2024-11-12 17:26:46 - [TEST_STEP][PASSED] - if (verifyTextPresent("The FEIN/SSN and Re-type FEIN/SSN do not match", true)): null

2024-11-12 17:26:47 - [MESSAGE][PASSED] - Text 'The FEIN/SSN and Re-type FEIN/SSN do not match' is present on page  using regular expression

2024-11-12 17:26:47 - [TEST_STEP][PASSED] - println("Error Message is present on the page"): null

2024-11-12 17:26:47 - [TEST_STEP][PASSED] - out.println("Pass Record Number: " + row): null

2024-11-12 17:26:47 - [TEST_STEP][PASSED] - resText = "Pass": null

2024-11-12 17:26:47 - [TEST_STEP][PASSED] - pages.WriteExcel.demoKey(resText, datText, resColumn, datCloumn, fileLoc, nameSheet, row): pages.WriteExcel.demoKey is PASSED

2024-11-12 17:26:47 - [MESSAGE][PASSED] - pages.WriteExcel.demoKey is PASSED

2024-11-12 17:26:47 - [TEST_STEP][PASSED] - ExecuteTC = findTestData(dataFile).getValue("Execute", row): null

2024-11-12 17:26:47 - [TEST_STEP][PASSED] - Taxtype = findTestData(dataFile).getValue("TaxType", row): null

2024-11-12 17:26:47 - [TEST_STEP][PASSED] - Paymenttype = findTestData(dataFile).getValue("PaymentType", row): null

2024-11-12 17:26:47 - [TEST_STEP][PASSED] - out.println("Value of Execute is : " + ExecuteTC): null

2024-11-12 17:26:47 - [TEST_STEP][PASSED] - if (ExecuteTC.equalsIgnoreCase("Y")): null

2024-11-12 17:26:47 - [TEST_STEP][PASSED] - out.println("Begin Record Number: " + row): null

2024-11-12 17:26:47 - [TEST_STEP][PASSED] - today = new java.util.Date(): null

2024-11-12 17:26:47 - [TEST_STEP][PASSED] - println(today): null

2024-11-12 17:26:47 - [TEST_STEP][PASSED] - datText = today: null

2024-11-12 17:26:47 - [TEST_STEP][PASSED] - Taxtype = findTestData(dataFile).getValue("TaxType", row): null

2024-11-12 17:26:47 - [TEST_STEP][PASSED] - out.println("Taxtype value is : " + Taxtype): null

2024-11-12 17:26:47 - [TEST_STEP][PASSED] - openBrowser(""): Browser is opened with url: ''

2024-11-12 17:26:47 - [MESSAGE][WARNING] - A browser is already opened. Closing browser and opening a new one

2024-11-12 17:26:48 - [MESSAGE][INFO] - Starting 'Chrome' driver

2024-11-12 17:26:48 - [MESSAGE][INFO] - User set preference: ['acceptInsecureCerts', 'true']

2024-11-12 17:26:48 - [MESSAGE][INFO] - Action delay is set to 0 milliseconds

2024-11-12 17:26:50 - [MESSAGE][PASSED] - Browser is opened with url: ''

2024-11-12 17:26:50 - [TEST_STEP][PASSED] - maximizeWindow(): Current window maximized

2024-11-12 17:26:50 - [MESSAGE][PASSED] - Current window maximized

2024-11-12 17:26:50 - [TEST_STEP][PASSED] - navigateToUrl(RADurl): Navigate to 'https://www.velocitypayment.com/client/rad/index.html' successfully

2024-11-12 17:26:50 - [MESSAGE][PASSED] - Navigate to 'https://www.velocitypayment.com/client/rad/index.html' successfully

2024-11-12 17:26:50 - [TEST_STEP][PASSED] - orPath_Landing = "Object Repository/RAD_Pages/Landing_Page": null

2024-11-12 17:26:50 - [TEST_STEP][PASSED] - orPath_TaxTypeFilingYear = "Object Repository/RAD_Pages/TaxTypeFilingYear_Page": null

2024-11-12 17:26:50 - [TEST_STEP][PASSED] - orPath_TaxPayer = "Object Repository/RAD_Pages/Taxpayer_Page": null

2024-11-12 17:26:50 - [TEST_STEP][PASSED] - orPath_AddressContact = "Object Repository/RAD_Pages/AddressAndContactInfo_Page": null

2024-11-12 17:26:50 - [TEST_STEP][PASSED] - orPath_FilingStatus = "Object Repository/RAD_Pages/FilingStatus_Page": null

2024-11-12 17:26:50 - [TEST_STEP][PASSED] - orPath_Amount = "Object Repository/RAD_Pages/PaymentAmount_Page": null

2024-11-12 17:26:50 - [TEST_STEP][PASSED] - orPath_TaxInfo = "Object Repository/RAD_Pages/TaxInfo_Page": null

2024-11-12 17:26:50 - [TEST_STEP][PASSED] - orPath_Withholding = "Object Repository/RAD_Pages/Withholding_Page": null

2024-11-12 17:26:50 - [TEST_STEP][PASSED] - orPath_Summary = "Object Repository/RAD_Pages/Summary_Page": null

2024-11-12 17:26:50 - [TEST_STEP][PASSED] - orPath_PaymentReady = "Object Repository/RAD_Pages/PaymentReady_Page": null

2024-11-12 17:26:50 - [TEST_STEP][PASSED] - orPath_PaymentEntry = "Object Repository/RAD_Pages/PaymentEntry_Page": null

2024-11-12 17:26:50 - [TEST_STEP][PASSED] - orPath_PaymentConfirmation = "Object Repository/RAD_Pages/PaymentConfirmation_Page": null

2024-11-12 17:26:50 - [TEST_STEP][PASSED] - orPath_ServiceFeesAccept = "Object Repository/RAD_Pages/ServiceFeeAccept_Page": null

2024-11-12 17:26:50 - [TEST_STEP][PASSED] - selectOptionByLabel(findTestObject(orPath_Landing + "/dd_TaxType"), Paymenttype, false): All options with label 'Quarterly Estimated Tax' are selected in object 'Object Repository/RAD_Pages/Landing_Page/dd_TaxType' 

2024-11-12 17:26:52 - [MESSAGE][PASSED] - All options with label 'Quarterly Estimated Tax' are selected in object 'Object Repository/RAD_Pages/Landing_Page/dd_TaxType' 

2024-11-12 17:26:52 - [TEST_STEP][PASSED] - delay(1): Delayed 1 second(s)

2024-11-12 17:26:53 - [MESSAGE][PASSED] - Delayed 1 second(s)

2024-11-12 17:26:53 - [TEST_STEP][PASSED] - switch (Paymenttype): null

2024-11-12 17:26:53 - [TEST_STEP][PASSED] - case "Quarterly Estimated Tax":: null

2024-11-12 17:26:53 - [TEST_STEP][PASSED] - selectOptionByLabel(findTestObject(orPath_TaxTypeFilingYear + "/select_PaymentType"), Taxtype, false): All options with label 'PTE Non-Electing S Corp' are selected in object 'Object Repository/RAD_Pages/TaxTypeFilingYear_Page/select_PaymentType' 

2024-11-12 17:26:54 - [MESSAGE][PASSED] - All options with label 'PTE Non-Electing S Corp' are selected in object 'Object Repository/RAD_Pages/TaxTypeFilingYear_Page/select_PaymentType' 

2024-11-12 17:26:54 - [TEST_STEP][PASSED] - break: null

2024-11-12 17:26:54 - [TEST_STEP][PASSED] - delay(1): Delayed 1 second(s)

2024-11-12 17:26:55 - [MESSAGE][PASSED] - Delayed 1 second(s)

2024-11-12 17:26:55 - [TEST_STEP][PASSED] - scrollToElement(findTestObject(orPath_Amount + "/input__paymentAmount"), 2, CONTINUE_ON_FAILURE): Scroll to object 'Object Repository/RAD_Pages/PaymentAmount_Page/input__paymentAmount' successfully

2024-11-12 17:26:55 - [MESSAGE][PASSED] - Scroll to object 'Object Repository/RAD_Pages/PaymentAmount_Page/input__paymentAmount' successfully

2024-11-12 17:26:55 - [TEST_STEP][PASSED] - switch (Paymenttype): null

2024-11-12 17:26:55 - [TEST_STEP][PASSED] - case "Quarterly Estimated Tax":: null

2024-11-12 17:26:55 - [TEST_STEP][PASSED] - setEncryptedText(findTestObject(orPath_TaxInfo + "/input_TaxInfo_FeinSsn_New_2"), "RigbBhfdqODKcAsiUrg+1Q=="): Text ****** has been set on object 'Object Repository/RAD_Pages/TaxInfo_Page/input_TaxInfo_FeinSsn_New_2'

2024-11-12 17:26:56 - [MESSAGE][PASSED] - Text ****** has been set on object 'Object Repository/RAD_Pages/TaxInfo_Page/input_TaxInfo_FeinSsn_New_2'

2024-11-12 17:26:56 - [TEST_STEP][PASSED] - setEncryptedText(findTestObject(orPath_TaxInfo + "/input_TaxInfo_RetypeFeinSsn_New_2"), "RigbBhfdqOD+04WBHw5iKw=="): Text ****** has been set on object 'Object Repository/RAD_Pages/TaxInfo_Page/input_TaxInfo_RetypeFeinSsn_New_2'

2024-11-12 17:26:56 - [MESSAGE][PASSED] - Text ****** has been set on object 'Object Repository/RAD_Pages/TaxInfo_Page/input_TaxInfo_RetypeFeinSsn_New_2'

2024-11-12 17:26:56 - [TEST_STEP][PASSED] - break: null

2024-11-12 17:26:56 - [TEST_STEP][PASSED] - setText(findTestObject(orPath_Amount + "/input__paymentAmount"), ""): Text '' is set on object 'Object Repository/RAD_Pages/PaymentAmount_Page/input__paymentAmount'

2024-11-12 17:26:57 - [MESSAGE][PASSED] - Text '' is set on object 'Object Repository/RAD_Pages/PaymentAmount_Page/input__paymentAmount'

2024-11-12 17:26:57 - [TEST_STEP][PASSED] - if (verifyTextPresent("The FEIN/SSN and Re-type FEIN/SSN do not match", true)): null

2024-11-12 17:26:57 - [MESSAGE][PASSED] - Text 'The FEIN/SSN and Re-type FEIN/SSN do not match' is present on page  using regular expression

2024-11-12 17:26:57 - [TEST_STEP][PASSED] - println("Error Message is present on the page"): null

2024-11-12 17:26:57 - [TEST_STEP][PASSED] - out.println("Pass Record Number: " + row): null

2024-11-12 17:26:57 - [TEST_STEP][PASSED] - resText = "Pass": null

2024-11-12 17:26:57 - [TEST_STEP][PASSED] - pages.WriteExcel.demoKey(resText, datText, resColumn, datCloumn, fileLoc, nameSheet, row): pages.WriteExcel.demoKey is PASSED

2024-11-12 17:26:57 - [MESSAGE][PASSED] - pages.WriteExcel.demoKey is PASSED

2024-11-12 17:26:57 - [TEST_STEP][PASSED] - ExecuteTC = findTestData(dataFile).getValue("Execute", row): null

2024-11-12 17:26:57 - [TEST_STEP][PASSED] - Taxtype = findTestData(dataFile).getValue("TaxType", row): null

2024-11-12 17:26:58 - [TEST_STEP][PASSED] - Paymenttype = findTestData(dataFile).getValue("PaymentType", row): null

2024-11-12 17:26:58 - [TEST_STEP][PASSED] - out.println("Value of Execute is : " + ExecuteTC): null

2024-11-12 17:26:58 - [TEST_STEP][PASSED] - if (ExecuteTC.equalsIgnoreCase("Y")): null

2024-11-12 17:26:58 - [TEST_STEP][PASSED] - out.println("Begin Record Number: " + row): null

2024-11-12 17:26:58 - [TEST_STEP][PASSED] - today = new java.util.Date(): null

2024-11-12 17:26:58 - [TEST_STEP][PASSED] - println(today): null

2024-11-12 17:26:58 - [TEST_STEP][PASSED] - datText = today: null

2024-11-12 17:26:58 - [TEST_STEP][PASSED] - Taxtype = findTestData(dataFile).getValue("TaxType", row): null

2024-11-12 17:26:58 - [TEST_STEP][PASSED] - out.println("Taxtype value is : " + Taxtype): null

2024-11-12 17:26:58 - [TEST_STEP][PASSED] - openBrowser(""): Browser is opened with url: ''

2024-11-12 17:26:58 - [MESSAGE][WARNING] - A browser is already opened. Closing browser and opening a new one

2024-11-12 17:26:59 - [MESSAGE][INFO] - Starting 'Chrome' driver

2024-11-12 17:26:59 - [MESSAGE][INFO] - User set preference: ['acceptInsecureCerts', 'true']

2024-11-12 17:26:59 - [MESSAGE][INFO] - Action delay is set to 0 milliseconds

2024-11-12 17:27:00 - [MESSAGE][PASSED] - Browser is opened with url: ''

2024-11-12 17:27:00 - [TEST_STEP][PASSED] - maximizeWindow(): Current window maximized

2024-11-12 17:27:00 - [MESSAGE][PASSED] - Current window maximized

2024-11-12 17:27:00 - [TEST_STEP][PASSED] - navigateToUrl(RADurl): Navigate to 'https://www.velocitypayment.com/client/rad/index.html' successfully

2024-11-12 17:27:02 - [MESSAGE][PASSED] - Navigate to 'https://www.velocitypayment.com/client/rad/index.html' successfully

2024-11-12 17:27:02 - [TEST_STEP][PASSED] - orPath_Landing = "Object Repository/RAD_Pages/Landing_Page": null

2024-11-12 17:27:02 - [TEST_STEP][PASSED] - orPath_TaxTypeFilingYear = "Object Repository/RAD_Pages/TaxTypeFilingYear_Page": null

2024-11-12 17:27:02 - [TEST_STEP][PASSED] - orPath_TaxPayer = "Object Repository/RAD_Pages/Taxpayer_Page": null

2024-11-12 17:27:02 - [TEST_STEP][PASSED] - orPath_AddressContact = "Object Repository/RAD_Pages/AddressAndContactInfo_Page": null

2024-11-12 17:27:02 - [TEST_STEP][PASSED] - orPath_FilingStatus = "Object Repository/RAD_Pages/FilingStatus_Page": null

2024-11-12 17:27:02 - [TEST_STEP][PASSED] - orPath_Amount = "Object Repository/RAD_Pages/PaymentAmount_Page": null

2024-11-12 17:27:02 - [TEST_STEP][PASSED] - orPath_TaxInfo = "Object Repository/RAD_Pages/TaxInfo_Page": null

2024-11-12 17:27:02 - [TEST_STEP][PASSED] - orPath_Withholding = "Object Repository/RAD_Pages/Withholding_Page": null

2024-11-12 17:27:02 - [TEST_STEP][PASSED] - orPath_Summary = "Object Repository/RAD_Pages/Summary_Page": null

2024-11-12 17:27:02 - [TEST_STEP][PASSED] - orPath_PaymentReady = "Object Repository/RAD_Pages/PaymentReady_Page": null

2024-11-12 17:27:02 - [TEST_STEP][PASSED] - orPath_PaymentEntry = "Object Repository/RAD_Pages/PaymentEntry_Page": null

2024-11-12 17:27:02 - [TEST_STEP][PASSED] - orPath_PaymentConfirmation = "Object Repository/RAD_Pages/PaymentConfirmation_Page": null

2024-11-12 17:27:02 - [TEST_STEP][PASSED] - orPath_ServiceFeesAccept = "Object Repository/RAD_Pages/ServiceFeeAccept_Page": null

2024-11-12 17:27:02 - [TEST_STEP][PASSED] - selectOptionByLabel(findTestObject(orPath_Landing + "/dd_TaxType"), Paymenttype, false): All options with label 'Quarterly Estimated Tax' are selected in object 'Object Repository/RAD_Pages/Landing_Page/dd_TaxType' 

2024-11-12 17:27:03 - [MESSAGE][PASSED] - All options with label 'Quarterly Estimated Tax' are selected in object 'Object Repository/RAD_Pages/Landing_Page/dd_TaxType' 

2024-11-12 17:27:03 - [TEST_STEP][PASSED] - delay(1): Delayed 1 second(s)

2024-11-12 17:27:04 - [MESSAGE][PASSED] - Delayed 1 second(s)

2024-11-12 17:27:04 - [TEST_STEP][PASSED] - switch (Paymenttype): null

2024-11-12 17:27:04 - [TEST_STEP][PASSED] - case "Quarterly Estimated Tax":: null

2024-11-12 17:27:04 - [TEST_STEP][PASSED] - selectOptionByLabel(findTestObject(orPath_TaxTypeFilingYear + "/select_PaymentType"), Taxtype, false): All options with label 'PTE Tax Electing Non-S Corp' are selected in object 'Object Repository/RAD_Pages/TaxTypeFilingYear_Page/select_PaymentType' 

2024-11-12 17:27:05 - [MESSAGE][PASSED] - All options with label 'PTE Tax Electing Non-S Corp' are selected in object 'Object Repository/RAD_Pages/TaxTypeFilingYear_Page/select_PaymentType' 

2024-11-12 17:27:05 - [TEST_STEP][PASSED] - break: null

2024-11-12 17:27:05 - [TEST_STEP][PASSED] - delay(1): Delayed 1 second(s)

2024-11-12 17:27:06 - [MESSAGE][PASSED] - Delayed 1 second(s)

2024-11-12 17:27:06 - [TEST_STEP][PASSED] - scrollToElement(findTestObject(orPath_Amount + "/input__paymentAmount"), 2, CONTINUE_ON_FAILURE): Scroll to object 'Object Repository/RAD_Pages/PaymentAmount_Page/input__paymentAmount' successfully

2024-11-12 17:27:06 - [MESSAGE][PASSED] - Scroll to object 'Object Repository/RAD_Pages/PaymentAmount_Page/input__paymentAmount' successfully

2024-11-12 17:27:06 - [TEST_STEP][PASSED] - switch (Paymenttype): null

2024-11-12 17:27:06 - [TEST_STEP][PASSED] - case "Quarterly Estimated Tax":: null

2024-11-12 17:27:06 - [TEST_STEP][PASSED] - setEncryptedText(findTestObject(orPath_TaxInfo + "/input_TaxInfo_FeinSsn_New_2"), "RigbBhfdqODKcAsiUrg+1Q=="): Text ****** has been set on object 'Object Repository/RAD_Pages/TaxInfo_Page/input_TaxInfo_FeinSsn_New_2'

2024-11-12 17:27:07 - [MESSAGE][PASSED] - Text ****** has been set on object 'Object Repository/RAD_Pages/TaxInfo_Page/input_TaxInfo_FeinSsn_New_2'

2024-11-12 17:27:07 - [TEST_STEP][PASSED] - setEncryptedText(findTestObject(orPath_TaxInfo + "/input_TaxInfo_RetypeFeinSsn_New_2"), "RigbBhfdqOD+04WBHw5iKw=="): Text ****** has been set on object 'Object Repository/RAD_Pages/TaxInfo_Page/input_TaxInfo_RetypeFeinSsn_New_2'

2024-11-12 17:27:07 - [MESSAGE][PASSED] - Text ****** has been set on object 'Object Repository/RAD_Pages/TaxInfo_Page/input_TaxInfo_RetypeFeinSsn_New_2'

2024-11-12 17:27:07 - [TEST_STEP][PASSED] - break: null

2024-11-12 17:27:07 - [TEST_STEP][PASSED] - setText(findTestObject(orPath_Amount + "/input__paymentAmount"), ""): Text '' is set on object 'Object Repository/RAD_Pages/PaymentAmount_Page/input__paymentAmount'

2024-11-12 17:27:08 - [MESSAGE][PASSED] - Text '' is set on object 'Object Repository/RAD_Pages/PaymentAmount_Page/input__paymentAmount'

2024-11-12 17:27:08 - [TEST_STEP][PASSED] - if (verifyTextPresent("The FEIN/SSN and Re-type FEIN/SSN do not match", true)): null

2024-11-12 17:27:08 - [MESSAGE][PASSED] - Text 'The FEIN/SSN and Re-type FEIN/SSN do not match' is present on page  using regular expression

2024-11-12 17:27:08 - [TEST_STEP][PASSED] - println("Error Message is present on the page"): null

2024-11-12 17:27:08 - [TEST_STEP][PASSED] - out.println("Pass Record Number: " + row): null

2024-11-12 17:27:08 - [TEST_STEP][PASSED] - resText = "Pass": null

2024-11-12 17:27:08 - [TEST_STEP][PASSED] - pages.WriteExcel.demoKey(resText, datText, resColumn, datCloumn, fileLoc, nameSheet, row): pages.WriteExcel.demoKey is PASSED

2024-11-12 17:27:08 - [MESSAGE][PASSED] - pages.WriteExcel.demoKey is PASSED

2024-11-12 17:27:08 - [TEST_STEP][PASSED] - ExecuteTC = findTestData(dataFile).getValue("Execute", row): null

2024-11-12 17:27:08 - [TEST_STEP][PASSED] - Taxtype = findTestData(dataFile).getValue("TaxType", row): null

2024-11-12 17:27:08 - [TEST_STEP][PASSED] - Paymenttype = findTestData(dataFile).getValue("PaymentType", row): null

2024-11-12 17:27:09 - [TEST_STEP][PASSED] - out.println("Value of Execute is : " + ExecuteTC): null

2024-11-12 17:27:09 - [TEST_STEP][PASSED] - if (ExecuteTC.equalsIgnoreCase("Y")): null

2024-11-12 17:27:09 - [TEST_STEP][PASSED] - out.println("Begin Record Number: " + row): null

2024-11-12 17:27:09 - [TEST_STEP][PASSED] - today = new java.util.Date(): null

2024-11-12 17:27:09 - [TEST_STEP][PASSED] - println(today): null

2024-11-12 17:27:09 - [TEST_STEP][PASSED] - datText = today: null

2024-11-12 17:27:09 - [TEST_STEP][PASSED] - Taxtype = findTestData(dataFile).getValue("TaxType", row): null

2024-11-12 17:27:09 - [TEST_STEP][PASSED] - out.println("Taxtype value is : " + Taxtype): null

2024-11-12 17:27:09 - [TEST_STEP][PASSED] - openBrowser(""): Browser is opened with url: ''

2024-11-12 17:27:09 - [MESSAGE][WARNING] - A browser is already opened. Closing browser and opening a new one

2024-11-12 17:27:10 - [MESSAGE][INFO] - Starting 'Chrome' driver

2024-11-12 17:27:10 - [MESSAGE][INFO] - User set preference: ['acceptInsecureCerts', 'true']

2024-11-12 17:27:10 - [MESSAGE][INFO] - Action delay is set to 0 milliseconds

2024-11-12 17:27:11 - [MESSAGE][PASSED] - Browser is opened with url: ''

2024-11-12 17:27:11 - [TEST_STEP][PASSED] - maximizeWindow(): Current window maximized

2024-11-12 17:27:11 - [MESSAGE][PASSED] - Current window maximized

2024-11-12 17:27:11 - [TEST_STEP][PASSED] - navigateToUrl(RADurl): Navigate to 'https://www.velocitypayment.com/client/rad/index.html' successfully

2024-11-12 17:27:13 - [MESSAGE][PASSED] - Navigate to 'https://www.velocitypayment.com/client/rad/index.html' successfully

2024-11-12 17:27:13 - [TEST_STEP][PASSED] - orPath_Landing = "Object Repository/RAD_Pages/Landing_Page": null

2024-11-12 17:27:13 - [TEST_STEP][PASSED] - orPath_TaxTypeFilingYear = "Object Repository/RAD_Pages/TaxTypeFilingYear_Page": null

2024-11-12 17:27:13 - [TEST_STEP][PASSED] - orPath_TaxPayer = "Object Repository/RAD_Pages/Taxpayer_Page": null

2024-11-12 17:27:13 - [TEST_STEP][PASSED] - orPath_AddressContact = "Object Repository/RAD_Pages/AddressAndContactInfo_Page": null

2024-11-12 17:27:13 - [TEST_STEP][PASSED] - orPath_FilingStatus = "Object Repository/RAD_Pages/FilingStatus_Page": null

2024-11-12 17:27:13 - [TEST_STEP][PASSED] - orPath_Amount = "Object Repository/RAD_Pages/PaymentAmount_Page": null

2024-11-12 17:27:13 - [TEST_STEP][PASSED] - orPath_TaxInfo = "Object Repository/RAD_Pages/TaxInfo_Page": null

2024-11-12 17:27:13 - [TEST_STEP][PASSED] - orPath_Withholding = "Object Repository/RAD_Pages/Withholding_Page": null

2024-11-12 17:27:13 - [TEST_STEP][PASSED] - orPath_Summary = "Object Repository/RAD_Pages/Summary_Page": null

2024-11-12 17:27:13 - [TEST_STEP][PASSED] - orPath_PaymentReady = "Object Repository/RAD_Pages/PaymentReady_Page": null

2024-11-12 17:27:13 - [TEST_STEP][PASSED] - orPath_PaymentEntry = "Object Repository/RAD_Pages/PaymentEntry_Page": null

2024-11-12 17:27:13 - [TEST_STEP][PASSED] - orPath_PaymentConfirmation = "Object Repository/RAD_Pages/PaymentConfirmation_Page": null

2024-11-12 17:27:13 - [TEST_STEP][PASSED] - orPath_ServiceFeesAccept = "Object Repository/RAD_Pages/ServiceFeeAccept_Page": null

2024-11-12 17:27:13 - [TEST_STEP][PASSED] - selectOptionByLabel(findTestObject(orPath_Landing + "/dd_TaxType"), Paymenttype, false): All options with label 'Quarterly Estimated Tax' are selected in object 'Object Repository/RAD_Pages/Landing_Page/dd_TaxType' 

2024-11-12 17:27:14 - [MESSAGE][PASSED] - All options with label 'Quarterly Estimated Tax' are selected in object 'Object Repository/RAD_Pages/Landing_Page/dd_TaxType' 

2024-11-12 17:27:14 - [TEST_STEP][PASSED] - delay(1): Delayed 1 second(s)

2024-11-12 17:27:15 - [MESSAGE][PASSED] - Delayed 1 second(s)

2024-11-12 17:27:15 - [TEST_STEP][PASSED] - switch (Paymenttype): null

2024-11-12 17:27:15 - [TEST_STEP][PASSED] - case "Quarterly Estimated Tax":: null

2024-11-12 17:27:15 - [TEST_STEP][PASSED] - selectOptionByLabel(findTestObject(orPath_TaxTypeFilingYear + "/select_PaymentType"), Taxtype, false): All options with label 'PTE Tax Electing S Corp' are selected in object 'Object Repository/RAD_Pages/TaxTypeFilingYear_Page/select_PaymentType' 

2024-11-12 17:27:16 - [MESSAGE][PASSED] - All options with label 'PTE Tax Electing S Corp' are selected in object 'Object Repository/RAD_Pages/TaxTypeFilingYear_Page/select_PaymentType' 

2024-11-12 17:27:16 - [TEST_STEP][PASSED] - break: null

2024-11-12 17:27:16 - [TEST_STEP][PASSED] - delay(1): Delayed 1 second(s)

2024-11-12 17:27:17 - [MESSAGE][PASSED] - Delayed 1 second(s)

2024-11-12 17:27:17 - [TEST_STEP][PASSED] - scrollToElement(findTestObject(orPath_Amount + "/input__paymentAmount"), 2, CONTINUE_ON_FAILURE): Scroll to object 'Object Repository/RAD_Pages/PaymentAmount_Page/input__paymentAmount' successfully

2024-11-12 17:27:17 - [MESSAGE][PASSED] - Scroll to object 'Object Repository/RAD_Pages/PaymentAmount_Page/input__paymentAmount' successfully

2024-11-12 17:27:17 - [TEST_STEP][PASSED] - switch (Paymenttype): null

2024-11-12 17:27:17 - [TEST_STEP][PASSED] - case "Quarterly Estimated Tax":: null

2024-11-12 17:27:17 - [TEST_STEP][PASSED] - setEncryptedText(findTestObject(orPath_TaxInfo + "/input_TaxInfo_FeinSsn_New_2"), "RigbBhfdqODKcAsiUrg+1Q=="): Text ****** has been set on object 'Object Repository/RAD_Pages/TaxInfo_Page/input_TaxInfo_FeinSsn_New_2'

2024-11-12 17:27:18 - [MESSAGE][PASSED] - Text ****** has been set on object 'Object Repository/RAD_Pages/TaxInfo_Page/input_TaxInfo_FeinSsn_New_2'

2024-11-12 17:27:18 - [TEST_STEP][PASSED] - setEncryptedText(findTestObject(orPath_TaxInfo + "/input_TaxInfo_RetypeFeinSsn_New_2"), "RigbBhfdqOD+04WBHw5iKw=="): Text ****** has been set on object 'Object Repository/RAD_Pages/TaxInfo_Page/input_TaxInfo_RetypeFeinSsn_New_2'

2024-11-12 17:27:18 - [MESSAGE][PASSED] - Text ****** has been set on object 'Object Repository/RAD_Pages/TaxInfo_Page/input_TaxInfo_RetypeFeinSsn_New_2'

2024-11-12 17:27:18 - [TEST_STEP][PASSED] - break: null

2024-11-12 17:27:18 - [TEST_STEP][PASSED] - setText(findTestObject(orPath_Amount + "/input__paymentAmount"), ""): Text '' is set on object 'Object Repository/RAD_Pages/PaymentAmount_Page/input__paymentAmount'

2024-11-12 17:27:19 - [MESSAGE][PASSED] - Text '' is set on object 'Object Repository/RAD_Pages/PaymentAmount_Page/input__paymentAmount'

2024-11-12 17:27:19 - [TEST_STEP][PASSED] - if (verifyTextPresent("The FEIN/SSN and Re-type FEIN/SSN do not match", true)): null

2024-11-12 17:27:19 - [MESSAGE][PASSED] - Text 'The FEIN/SSN and Re-type FEIN/SSN do not match' is present on page  using regular expression

2024-11-12 17:27:19 - [TEST_STEP][PASSED] - println("Error Message is present on the page"): null

2024-11-12 17:27:19 - [TEST_STEP][PASSED] - out.println("Pass Record Number: " + row): null

2024-11-12 17:27:19 - [TEST_STEP][PASSED] - resText = "Pass": null

2024-11-12 17:27:19 - [TEST_STEP][PASSED] - pages.WriteExcel.demoKey(resText, datText, resColumn, datCloumn, fileLoc, nameSheet, row): pages.WriteExcel.demoKey is PASSED

2024-11-12 17:27:19 - [MESSAGE][PASSED] - pages.WriteExcel.demoKey is PASSED

2024-11-12 17:27:19 - [TEST_STEP][PASSED] - ExecuteTC = findTestData(dataFile).getValue("Execute", row): null

2024-11-12 17:27:19 - [TEST_STEP][PASSED] - Taxtype = findTestData(dataFile).getValue("TaxType", row): null

2024-11-12 17:27:19 - [TEST_STEP][PASSED] - Paymenttype = findTestData(dataFile).getValue("PaymentType", row): null

2024-11-12 17:27:19 - [TEST_STEP][PASSED] - out.println("Value of Execute is : " + ExecuteTC): null

2024-11-12 17:27:19 - [TEST_STEP][PASSED] - if (ExecuteTC.equalsIgnoreCase("Y")): null

2024-11-12 17:27:19 - [TEST_STEP][PASSED] - out.println("Begin Record Number: " + row): null

2024-11-12 17:27:19 - [TEST_STEP][PASSED] - today = new java.util.Date(): null

2024-11-12 17:27:19 - [TEST_STEP][PASSED] - println(today): null

2024-11-12 17:27:19 - [TEST_STEP][PASSED] - datText = today: null

2024-11-12 17:27:19 - [TEST_STEP][PASSED] - Taxtype = findTestData(dataFile).getValue("TaxType", row): null

2024-11-12 17:27:19 - [TEST_STEP][PASSED] - out.println("Taxtype value is : " + Taxtype): null

2024-11-12 17:27:19 - [TEST_STEP][PASSED] - openBrowser(""): Browser is opened with url: ''

2024-11-12 17:27:19 - [MESSAGE][WARNING] - A browser is already opened. Closing browser and opening a new one

2024-11-12 17:27:21 - [MESSAGE][INFO] - Starting 'Chrome' driver

2024-11-12 17:27:21 - [MESSAGE][INFO] - User set preference: ['acceptInsecureCerts', 'true']

2024-11-12 17:27:21 - [MESSAGE][INFO] - Action delay is set to 0 milliseconds

2024-11-12 17:27:22 - [MESSAGE][PASSED] - Browser is opened with url: ''

2024-11-12 17:27:22 - [TEST_STEP][PASSED] - maximizeWindow(): Current window maximized

2024-11-12 17:27:22 - [MESSAGE][PASSED] - Current window maximized

2024-11-12 17:27:22 - [TEST_STEP][PASSED] - navigateToUrl(RADurl): Navigate to 'https://www.velocitypayment.com/client/rad/index.html' successfully

2024-11-12 17:27:24 - [MESSAGE][PASSED] - Navigate to 'https://www.velocitypayment.com/client/rad/index.html' successfully

2024-11-12 17:27:24 - [TEST_STEP][PASSED] - orPath_Landing = "Object Repository/RAD_Pages/Landing_Page": null

2024-11-12 17:27:24 - [TEST_STEP][PASSED] - orPath_TaxTypeFilingYear = "Object Repository/RAD_Pages/TaxTypeFilingYear_Page": null

2024-11-12 17:27:24 - [TEST_STEP][PASSED] - orPath_TaxPayer = "Object Repository/RAD_Pages/Taxpayer_Page": null

2024-11-12 17:27:24 - [TEST_STEP][PASSED] - orPath_AddressContact = "Object Repository/RAD_Pages/AddressAndContactInfo_Page": null

2024-11-12 17:27:24 - [TEST_STEP][PASSED] - orPath_FilingStatus = "Object Repository/RAD_Pages/FilingStatus_Page": null

2024-11-12 17:27:24 - [TEST_STEP][PASSED] - orPath_Amount = "Object Repository/RAD_Pages/PaymentAmount_Page": null

2024-11-12 17:27:24 - [TEST_STEP][PASSED] - orPath_TaxInfo = "Object Repository/RAD_Pages/TaxInfo_Page": null

2024-11-12 17:27:24 - [TEST_STEP][PASSED] - orPath_Withholding = "Object Repository/RAD_Pages/Withholding_Page": null

2024-11-12 17:27:24 - [TEST_STEP][PASSED] - orPath_Summary = "Object Repository/RAD_Pages/Summary_Page": null

2024-11-12 17:27:24 - [TEST_STEP][PASSED] - orPath_PaymentReady = "Object Repository/RAD_Pages/PaymentReady_Page": null

2024-11-12 17:27:24 - [TEST_STEP][PASSED] - orPath_PaymentEntry = "Object Repository/RAD_Pages/PaymentEntry_Page": null

2024-11-12 17:27:24 - [TEST_STEP][PASSED] - orPath_PaymentConfirmation = "Object Repository/RAD_Pages/PaymentConfirmation_Page": null

2024-11-12 17:27:24 - [TEST_STEP][PASSED] - orPath_ServiceFeesAccept = "Object Repository/RAD_Pages/ServiceFeeAccept_Page": null

2024-11-12 17:27:24 - [TEST_STEP][PASSED] - selectOptionByLabel(findTestObject(orPath_Landing + "/dd_TaxType"), Paymenttype, false): All options with label 'Extension Payments' are selected in object 'Object Repository/RAD_Pages/Landing_Page/dd_TaxType' 

2024-11-12 17:27:25 - [MESSAGE][PASSED] - All options with label 'Extension Payments' are selected in object 'Object Repository/RAD_Pages/Landing_Page/dd_TaxType' 

2024-11-12 17:27:25 - [TEST_STEP][PASSED] - delay(1): Delayed 1 second(s)

2024-11-12 17:27:26 - [MESSAGE][PASSED] - Delayed 1 second(s)

2024-11-12 17:27:26 - [TEST_STEP][PASSED] - switch (Paymenttype): null

2024-11-12 17:27:26 - [TEST_STEP][PASSED] - case "Extension Payments":: null

2024-11-12 17:27:26 - [TEST_STEP][PASSED] - selectOptionByLabel(findTestObject(orPath_TaxTypeFilingYear + "/select_PaymentType"), Taxtype, false): All options with label 'PTE Non-Electing Non-S Corp' are selected in object 'Object Repository/RAD_Pages/TaxTypeFilingYear_Page/select_PaymentType' 

2024-11-12 17:27:26 - [MESSAGE][PASSED] - All options with label 'PTE Non-Electing Non-S Corp' are selected in object 'Object Repository/RAD_Pages/TaxTypeFilingYear_Page/select_PaymentType' 

2024-11-12 17:27:26 - [TEST_STEP][PASSED] - break: null

2024-11-12 17:27:26 - [TEST_STEP][PASSED] - delay(1): Delayed 1 second(s)

2024-11-12 17:27:27 - [MESSAGE][PASSED] - Delayed 1 second(s)

2024-11-12 17:27:27 - [TEST_STEP][PASSED] - scrollToElement(findTestObject(orPath_Amount + "/input__paymentAmount"), 2, CONTINUE_ON_FAILURE): Scroll to object 'Object Repository/RAD_Pages/PaymentAmount_Page/input__paymentAmount' successfully

2024-11-12 17:27:28 - [MESSAGE][PASSED] - Scroll to object 'Object Repository/RAD_Pages/PaymentAmount_Page/input__paymentAmount' successfully

2024-11-12 17:27:28 - [TEST_STEP][PASSED] - switch (Paymenttype): null

2024-11-12 17:27:28 - [TEST_STEP][PASSED] - case "Extension Payments":: null

2024-11-12 17:27:28 - [TEST_STEP][PASSED] - setEncryptedText(findTestObject(orPath_TaxInfo + "/input_TaxInfo_FeinSsn_New_2"), "RigbBhfdqODKcAsiUrg+1Q=="): Text ****** has been set on object 'Object Repository/RAD_Pages/TaxInfo_Page/input_TaxInfo_FeinSsn_New_2'

2024-11-12 17:27:28 - [MESSAGE][PASSED] - Text ****** has been set on object 'Object Repository/RAD_Pages/TaxInfo_Page/input_TaxInfo_FeinSsn_New_2'

2024-11-12 17:27:28 - [TEST_STEP][PASSED] - setEncryptedText(findTestObject(orPath_TaxInfo + "/input_TaxInfo_RetypeFeinSsn_New_2"), "RigbBhfdqOD+04WBHw5iKw=="): Text ****** has been set on object 'Object Repository/RAD_Pages/TaxInfo_Page/input_TaxInfo_RetypeFeinSsn_New_2'

2024-11-12 17:27:29 - [MESSAGE][PASSED] - Text ****** has been set on object 'Object Repository/RAD_Pages/TaxInfo_Page/input_TaxInfo_RetypeFeinSsn_New_2'

2024-11-12 17:27:29 - [TEST_STEP][PASSED] - break: null

2024-11-12 17:27:29 - [TEST_STEP][PASSED] - setText(findTestObject(orPath_Amount + "/input__paymentAmount"), ""): Text '' is set on object 'Object Repository/RAD_Pages/PaymentAmount_Page/input__paymentAmount'

2024-11-12 17:27:30 - [MESSAGE][PASSED] - Text '' is set on object 'Object Repository/RAD_Pages/PaymentAmount_Page/input__paymentAmount'

2024-11-12 17:27:30 - [TEST_STEP][PASSED] - if (verifyTextPresent("The FEIN/SSN and Re-type FEIN/SSN do not match", true)): null

2024-11-12 17:27:30 - [MESSAGE][PASSED] - Text 'The FEIN/SSN and Re-type FEIN/SSN do not match' is present on page  using regular expression

2024-11-12 17:27:30 - [TEST_STEP][PASSED] - println("Error Message is present on the page"): null

2024-11-12 17:27:30 - [TEST_STEP][PASSED] - out.println("Pass Record Number: " + row): null

2024-11-12 17:27:30 - [TEST_STEP][PASSED] - resText = "Pass": null

2024-11-12 17:27:30 - [TEST_STEP][PASSED] - pages.WriteExcel.demoKey(resText, datText, resColumn, datCloumn, fileLoc, nameSheet, row): pages.WriteExcel.demoKey is PASSED

2024-11-12 17:27:30 - [MESSAGE][PASSED] - pages.WriteExcel.demoKey is PASSED

2024-11-12 17:27:30 - [TEST_STEP][PASSED] - ExecuteTC = findTestData(dataFile).getValue("Execute", row): null

2024-11-12 17:27:30 - [TEST_STEP][PASSED] - Taxtype = findTestData(dataFile).getValue("TaxType", row): null

2024-11-12 17:27:30 - [TEST_STEP][PASSED] - Paymenttype = findTestData(dataFile).getValue("PaymentType", row): null

2024-11-12 17:27:30 - [TEST_STEP][PASSED] - out.println("Value of Execute is : " + ExecuteTC): null

2024-11-12 17:27:30 - [TEST_STEP][PASSED] - if (ExecuteTC.equalsIgnoreCase("Y")): null

2024-11-12 17:27:30 - [TEST_STEP][PASSED] - out.println("Begin Record Number: " + row): null

2024-11-12 17:27:30 - [TEST_STEP][PASSED] - today = new java.util.Date(): null

2024-11-12 17:27:30 - [TEST_STEP][PASSED] - println(today): null

2024-11-12 17:27:30 - [TEST_STEP][PASSED] - datText = today: null

2024-11-12 17:27:30 - [TEST_STEP][PASSED] - Taxtype = findTestData(dataFile).getValue("TaxType", row): null

2024-11-12 17:27:30 - [TEST_STEP][PASSED] - out.println("Taxtype value is : " + Taxtype): null

2024-11-12 17:27:30 - [TEST_STEP][PASSED] - openBrowser(""): Browser is opened with url: ''

2024-11-12 17:27:30 - [MESSAGE][WARNING] - A browser is already opened. Closing browser and opening a new one

2024-11-12 17:27:32 - [MESSAGE][INFO] - Starting 'Chrome' driver

2024-11-12 17:27:32 - [MESSAGE][INFO] - User set preference: ['acceptInsecureCerts', 'true']

2024-11-12 17:27:32 - [MESSAGE][INFO] - Action delay is set to 0 milliseconds

2024-11-12 17:27:33 - [MESSAGE][PASSED] - Browser is opened with url: ''

2024-11-12 17:27:33 - [TEST_STEP][PASSED] - maximizeWindow(): Current window maximized

2024-11-12 17:27:33 - [MESSAGE][PASSED] - Current window maximized

2024-11-12 17:27:33 - [TEST_STEP][PASSED] - navigateToUrl(RADurl): Navigate to 'https://www.velocitypayment.com/client/rad/index.html' successfully

2024-11-12 17:27:35 - [MESSAGE][PASSED] - Navigate to 'https://www.velocitypayment.com/client/rad/index.html' successfully

2024-11-12 17:27:35 - [TEST_STEP][PASSED] - orPath_Landing = "Object Repository/RAD_Pages/Landing_Page": null

2024-11-12 17:27:35 - [TEST_STEP][PASSED] - orPath_TaxTypeFilingYear = "Object Repository/RAD_Pages/TaxTypeFilingYear_Page": null

2024-11-12 17:27:35 - [TEST_STEP][PASSED] - orPath_TaxPayer = "Object Repository/RAD_Pages/Taxpayer_Page": null

2024-11-12 17:27:35 - [TEST_STEP][PASSED] - orPath_AddressContact = "Object Repository/RAD_Pages/AddressAndContactInfo_Page": null

2024-11-12 17:27:35 - [TEST_STEP][PASSED] - orPath_FilingStatus = "Object Repository/RAD_Pages/FilingStatus_Page": null

2024-11-12 17:27:35 - [TEST_STEP][PASSED] - orPath_Amount = "Object Repository/RAD_Pages/PaymentAmount_Page": null

2024-11-12 17:27:35 - [TEST_STEP][PASSED] - orPath_TaxInfo = "Object Repository/RAD_Pages/TaxInfo_Page": null

2024-11-12 17:27:35 - [TEST_STEP][PASSED] - orPath_Withholding = "Object Repository/RAD_Pages/Withholding_Page": null

2024-11-12 17:27:35 - [TEST_STEP][PASSED] - orPath_Summary = "Object Repository/RAD_Pages/Summary_Page": null

2024-11-12 17:27:35 - [TEST_STEP][PASSED] - orPath_PaymentReady = "Object Repository/RAD_Pages/PaymentReady_Page": null

2024-11-12 17:27:35 - [TEST_STEP][PASSED] - orPath_PaymentEntry = "Object Repository/RAD_Pages/PaymentEntry_Page": null

2024-11-12 17:27:35 - [TEST_STEP][PASSED] - orPath_PaymentConfirmation = "Object Repository/RAD_Pages/PaymentConfirmation_Page": null

2024-11-12 17:27:35 - [TEST_STEP][PASSED] - orPath_ServiceFeesAccept = "Object Repository/RAD_Pages/ServiceFeeAccept_Page": null

2024-11-12 17:27:35 - [TEST_STEP][PASSED] - selectOptionByLabel(findTestObject(orPath_Landing + "/dd_TaxType"), Paymenttype, false): All options with label 'Extension Payments' are selected in object 'Object Repository/RAD_Pages/Landing_Page/dd_TaxType' 

2024-11-12 17:27:36 - [MESSAGE][PASSED] - All options with label 'Extension Payments' are selected in object 'Object Repository/RAD_Pages/Landing_Page/dd_TaxType' 

2024-11-12 17:27:36 - [TEST_STEP][PASSED] - delay(1): Delayed 1 second(s)

2024-11-12 17:27:37 - [MESSAGE][PASSED] - Delayed 1 second(s)

2024-11-12 17:27:37 - [TEST_STEP][PASSED] - switch (Paymenttype): null

2024-11-12 17:27:37 - [TEST_STEP][PASSED] - case "Extension Payments":: null

2024-11-12 17:27:37 - [TEST_STEP][PASSED] - selectOptionByLabel(findTestObject(orPath_TaxTypeFilingYear + "/select_PaymentType"), Taxtype, false): All options with label 'PTE Non-Electing S Corp' are selected in object 'Object Repository/RAD_Pages/TaxTypeFilingYear_Page/select_PaymentType' 

2024-11-12 17:27:38 - [MESSAGE][PASSED] - All options with label 'PTE Non-Electing S Corp' are selected in object 'Object Repository/RAD_Pages/TaxTypeFilingYear_Page/select_PaymentType' 

2024-11-12 17:27:38 - [TEST_STEP][PASSED] - break: null

2024-11-12 17:27:38 - [TEST_STEP][PASSED] - delay(1): Delayed 1 second(s)

2024-11-12 17:27:39 - [MESSAGE][PASSED] - Delayed 1 second(s)

2024-11-12 17:27:39 - [TEST_STEP][PASSED] - scrollToElement(findTestObject(orPath_Amount + "/input__paymentAmount"), 2, CONTINUE_ON_FAILURE): Scroll to object 'Object Repository/RAD_Pages/PaymentAmount_Page/input__paymentAmount' successfully

2024-11-12 17:27:40 - [MESSAGE][PASSED] - Scroll to object 'Object Repository/RAD_Pages/PaymentAmount_Page/input__paymentAmount' successfully

2024-11-12 17:27:40 - [TEST_STEP][PASSED] - switch (Paymenttype): null

2024-11-12 17:27:40 - [TEST_STEP][PASSED] - case "Extension Payments":: null

2024-11-12 17:27:40 - [TEST_STEP][PASSED] - setEncryptedText(findTestObject(orPath_TaxInfo + "/input_TaxInfo_FeinSsn_New_2"), "RigbBhfdqODKcAsiUrg+1Q=="): Text ****** has been set on object 'Object Repository/RAD_Pages/TaxInfo_Page/input_TaxInfo_FeinSsn_New_2'

2024-11-12 17:27:40 - [MESSAGE][PASSED] - Text ****** has been set on object 'Object Repository/RAD_Pages/TaxInfo_Page/input_TaxInfo_FeinSsn_New_2'

2024-11-12 17:27:40 - [TEST_STEP][PASSED] - setEncryptedText(findTestObject(orPath_TaxInfo + "/input_TaxInfo_RetypeFeinSsn_New_2"), "RigbBhfdqOD+04WBHw5iKw=="): Text ****** has been set on object 'Object Repository/RAD_Pages/TaxInfo_Page/input_TaxInfo_RetypeFeinSsn_New_2'

2024-11-12 17:27:41 - [MESSAGE][PASSED] - Text ****** has been set on object 'Object Repository/RAD_Pages/TaxInfo_Page/input_TaxInfo_RetypeFeinSsn_New_2'

2024-11-12 17:27:41 - [TEST_STEP][PASSED] - break: null

2024-11-12 17:27:41 - [TEST_STEP][PASSED] - setText(findTestObject(orPath_Amount + "/input__paymentAmount"), ""): Text '' is set on object 'Object Repository/RAD_Pages/PaymentAmount_Page/input__paymentAmount'

2024-11-12 17:27:41 - [MESSAGE][PASSED] - Text '' is set on object 'Object Repository/RAD_Pages/PaymentAmount_Page/input__paymentAmount'

2024-11-12 17:27:41 - [TEST_STEP][PASSED] - if (verifyTextPresent("The FEIN/SSN and Re-type FEIN/SSN do not match", true)): null

2024-11-12 17:27:42 - [MESSAGE][PASSED] - Text 'The FEIN/SSN and Re-type FEIN/SSN do not match' is present on page  using regular expression

2024-11-12 17:27:42 - [TEST_STEP][PASSED] - println("Error Message is present on the page"): null

2024-11-12 17:27:42 - [TEST_STEP][PASSED] - out.println("Pass Record Number: " + row): null

2024-11-12 17:27:42 - [TEST_STEP][PASSED] - resText = "Pass": null

2024-11-12 17:27:42 - [TEST_STEP][PASSED] - pages.WriteExcel.demoKey(resText, datText, resColumn, datCloumn, fileLoc, nameSheet, row): pages.WriteExcel.demoKey is PASSED

2024-11-12 17:27:42 - [MESSAGE][PASSED] - pages.WriteExcel.demoKey is PASSED

2024-11-12 17:27:42 - [TEST_STEP][PASSED] - ExecuteTC = findTestData(dataFile).getValue("Execute", row): null

2024-11-12 17:27:42 - [TEST_STEP][PASSED] - Taxtype = findTestData(dataFile).getValue("TaxType", row): null

2024-11-12 17:27:42 - [TEST_STEP][PASSED] - Paymenttype = findTestData(dataFile).getValue("PaymentType", row): null

2024-11-12 17:27:42 - [TEST_STEP][PASSED] - out.println("Value of Execute is : " + ExecuteTC): null

2024-11-12 17:27:42 - [TEST_STEP][PASSED] - if (ExecuteTC.equalsIgnoreCase("Y")): null

2024-11-12 17:27:42 - [TEST_STEP][PASSED] - out.println("Begin Record Number: " + row): null

2024-11-12 17:27:42 - [TEST_STEP][PASSED] - today = new java.util.Date(): null

2024-11-12 17:27:42 - [TEST_STEP][PASSED] - println(today): null

2024-11-12 17:27:42 - [TEST_STEP][PASSED] - datText = today: null

2024-11-12 17:27:42 - [TEST_STEP][PASSED] - Taxtype = findTestData(dataFile).getValue("TaxType", row): null

2024-11-12 17:27:42 - [TEST_STEP][PASSED] - out.println("Taxtype value is : " + Taxtype): null

2024-11-12 17:27:42 - [TEST_STEP][PASSED] - openBrowser(""): Browser is opened with url: ''

2024-11-12 17:27:42 - [MESSAGE][WARNING] - A browser is already opened. Closing browser and opening a new one

2024-11-12 17:27:43 - [MESSAGE][INFO] - Starting 'Chrome' driver

2024-11-12 17:27:43 - [MESSAGE][INFO] - User set preference: ['acceptInsecureCerts', 'true']

2024-11-12 17:27:43 - [MESSAGE][INFO] - Action delay is set to 0 milliseconds

2024-11-12 17:27:45 - [MESSAGE][PASSED] - Browser is opened with url: ''

2024-11-12 17:27:45 - [TEST_STEP][PASSED] - maximizeWindow(): Current window maximized

2024-11-12 17:27:45 - [MESSAGE][PASSED] - Current window maximized

2024-11-12 17:27:45 - [TEST_STEP][PASSED] - navigateToUrl(RADurl): Navigate to 'https://www.velocitypayment.com/client/rad/index.html' successfully

2024-11-12 17:27:47 - [MESSAGE][PASSED] - Navigate to 'https://www.velocitypayment.com/client/rad/index.html' successfully

2024-11-12 17:27:47 - [TEST_STEP][PASSED] - orPath_Landing = "Object Repository/RAD_Pages/Landing_Page": null

2024-11-12 17:27:47 - [TEST_STEP][PASSED] - orPath_TaxTypeFilingYear = "Object Repository/RAD_Pages/TaxTypeFilingYear_Page": null

2024-11-12 17:27:47 - [TEST_STEP][PASSED] - orPath_TaxPayer = "Object Repository/RAD_Pages/Taxpayer_Page": null

2024-11-12 17:27:47 - [TEST_STEP][PASSED] - orPath_AddressContact = "Object Repository/RAD_Pages/AddressAndContactInfo_Page": null

2024-11-12 17:27:47 - [TEST_STEP][PASSED] - orPath_FilingStatus = "Object Repository/RAD_Pages/FilingStatus_Page": null

2024-11-12 17:27:47 - [TEST_STEP][PASSED] - orPath_Amount = "Object Repository/RAD_Pages/PaymentAmount_Page": null

2024-11-12 17:27:47 - [TEST_STEP][PASSED] - orPath_TaxInfo = "Object Repository/RAD_Pages/TaxInfo_Page": null

2024-11-12 17:27:47 - [TEST_STEP][PASSED] - orPath_Withholding = "Object Repository/RAD_Pages/Withholding_Page": null

2024-11-12 17:27:47 - [TEST_STEP][PASSED] - orPath_Summary = "Object Repository/RAD_Pages/Summary_Page": null

2024-11-12 17:27:47 - [TEST_STEP][PASSED] - orPath_PaymentReady = "Object Repository/RAD_Pages/PaymentReady_Page": null

2024-11-12 17:27:47 - [TEST_STEP][PASSED] - orPath_PaymentEntry = "Object Repository/RAD_Pages/PaymentEntry_Page": null

2024-11-12 17:27:47 - [TEST_STEP][PASSED] - orPath_PaymentConfirmation = "Object Repository/RAD_Pages/PaymentConfirmation_Page": null

2024-11-12 17:27:47 - [TEST_STEP][PASSED] - orPath_ServiceFeesAccept = "Object Repository/RAD_Pages/ServiceFeeAccept_Page": null

2024-11-12 17:27:47 - [TEST_STEP][PASSED] - selectOptionByLabel(findTestObject(orPath_Landing + "/dd_TaxType"), Paymenttype, false): All options with label 'Extension Payments' are selected in object 'Object Repository/RAD_Pages/Landing_Page/dd_TaxType' 

2024-11-12 17:27:47 - [MESSAGE][PASSED] - All options with label 'Extension Payments' are selected in object 'Object Repository/RAD_Pages/Landing_Page/dd_TaxType' 

2024-11-12 17:27:47 - [TEST_STEP][PASSED] - delay(1): Delayed 1 second(s)

2024-11-12 17:27:48 - [MESSAGE][PASSED] - Delayed 1 second(s)

2024-11-12 17:27:48 - [TEST_STEP][PASSED] - switch (Paymenttype): null

2024-11-12 17:27:48 - [TEST_STEP][PASSED] - case "Extension Payments":: null

2024-11-12 17:27:48 - [TEST_STEP][PASSED] - selectOptionByLabel(findTestObject(orPath_TaxTypeFilingYear + "/select_PaymentType"), Taxtype, false): All options with label 'PTE Tax Electing Non-S Corp' are selected in object 'Object Repository/RAD_Pages/TaxTypeFilingYear_Page/select_PaymentType' 

2024-11-12 17:27:49 - [MESSAGE][PASSED] - All options with label 'PTE Tax Electing Non-S Corp' are selected in object 'Object Repository/RAD_Pages/TaxTypeFilingYear_Page/select_PaymentType' 

2024-11-12 17:27:49 - [TEST_STEP][PASSED] - break: null

2024-11-12 17:27:49 - [TEST_STEP][PASSED] - delay(1): Delayed 1 second(s)

2024-11-12 17:27:50 - [MESSAGE][PASSED] - Delayed 1 second(s)

2024-11-12 17:27:50 - [TEST_STEP][PASSED] - scrollToElement(findTestObject(orPath_Amount + "/input__paymentAmount"), 2, CONTINUE_ON_FAILURE): Scroll to object 'Object Repository/RAD_Pages/PaymentAmount_Page/input__paymentAmount' successfully

2024-11-12 17:27:50 - [MESSAGE][PASSED] - Scroll to object 'Object Repository/RAD_Pages/PaymentAmount_Page/input__paymentAmount' successfully

2024-11-12 17:27:50 - [TEST_STEP][PASSED] - switch (Paymenttype): null

2024-11-12 17:27:50 - [TEST_STEP][PASSED] - case "Extension Payments":: null

2024-11-12 17:27:50 - [TEST_STEP][PASSED] - setEncryptedText(findTestObject(orPath_TaxInfo + "/input_TaxInfo_FeinSsn_New_2"), "RigbBhfdqODKcAsiUrg+1Q=="): Text ****** has been set on object 'Object Repository/RAD_Pages/TaxInfo_Page/input_TaxInfo_FeinSsn_New_2'

2024-11-12 17:27:51 - [MESSAGE][PASSED] - Text ****** has been set on object 'Object Repository/RAD_Pages/TaxInfo_Page/input_TaxInfo_FeinSsn_New_2'

2024-11-12 17:27:51 - [TEST_STEP][PASSED] - setEncryptedText(findTestObject(orPath_TaxInfo + "/input_TaxInfo_RetypeFeinSsn_New_2"), "RigbBhfdqOD+04WBHw5iKw=="): Text ****** has been set on object 'Object Repository/RAD_Pages/TaxInfo_Page/input_TaxInfo_RetypeFeinSsn_New_2'

2024-11-12 17:27:52 - [MESSAGE][PASSED] - Text ****** has been set on object 'Object Repository/RAD_Pages/TaxInfo_Page/input_TaxInfo_RetypeFeinSsn_New_2'

2024-11-12 17:27:52 - [TEST_STEP][PASSED] - break: null

2024-11-12 17:27:52 - [TEST_STEP][PASSED] - setText(findTestObject(orPath_Amount + "/input__paymentAmount"), ""): Text '' is set on object 'Object Repository/RAD_Pages/PaymentAmount_Page/input__paymentAmount'

2024-11-12 17:27:52 - [MESSAGE][PASSED] - Text '' is set on object 'Object Repository/RAD_Pages/PaymentAmount_Page/input__paymentAmount'

2024-11-12 17:27:52 - [TEST_STEP][PASSED] - if (verifyTextPresent("The FEIN/SSN and Re-type FEIN/SSN do not match", true)): null

2024-11-12 17:27:53 - [MESSAGE][PASSED] - Text 'The FEIN/SSN and Re-type FEIN/SSN do not match' is present on page  using regular expression

2024-11-12 17:27:53 - [TEST_STEP][PASSED] - println("Error Message is present on the page"): null

2024-11-12 17:27:53 - [TEST_STEP][PASSED] - out.println("Pass Record Number: " + row): null

2024-11-12 17:27:53 - [TEST_STEP][PASSED] - resText = "Pass": null

2024-11-12 17:27:53 - [TEST_STEP][PASSED] - pages.WriteExcel.demoKey(resText, datText, resColumn, datCloumn, fileLoc, nameSheet, row): pages.WriteExcel.demoKey is PASSED

2024-11-12 17:27:53 - [MESSAGE][PASSED] - pages.WriteExcel.demoKey is PASSED

2024-11-12 17:27:53 - [TEST_STEP][PASSED] - ExecuteTC = findTestData(dataFile).getValue("Execute", row): null

2024-11-12 17:27:53 - [TEST_STEP][PASSED] - Taxtype = findTestData(dataFile).getValue("TaxType", row): null

2024-11-12 17:27:53 - [TEST_STEP][PASSED] - Paymenttype = findTestData(dataFile).getValue("PaymentType", row): null

2024-11-12 17:27:53 - [TEST_STEP][PASSED] - out.println("Value of Execute is : " + ExecuteTC): null

2024-11-12 17:27:53 - [TEST_STEP][PASSED] - if (ExecuteTC.equalsIgnoreCase("Y")): null

2024-11-12 17:27:53 - [TEST_STEP][PASSED] - out.println("Begin Record Number: " + row): null

2024-11-12 17:27:53 - [TEST_STEP][PASSED] - today = new java.util.Date(): null

2024-11-12 17:27:53 - [TEST_STEP][PASSED] - println(today): null

2024-11-12 17:27:53 - [TEST_STEP][PASSED] - datText = today: null

2024-11-12 17:27:53 - [TEST_STEP][PASSED] - Taxtype = findTestData(dataFile).getValue("TaxType", row): null

2024-11-12 17:27:53 - [TEST_STEP][PASSED] - out.println("Taxtype value is : " + Taxtype): null

2024-11-12 17:27:53 - [TEST_STEP][PASSED] - openBrowser(""): Browser is opened with url: ''

2024-11-12 17:27:53 - [MESSAGE][WARNING] - A browser is already opened. Closing browser and opening a new one

2024-11-12 17:27:54 - [MESSAGE][INFO] - Starting 'Chrome' driver

2024-11-12 17:27:54 - [MESSAGE][INFO] - User set preference: ['acceptInsecureCerts', 'true']

2024-11-12 17:27:54 - [MESSAGE][INFO] - Action delay is set to 0 milliseconds

2024-11-12 17:27:56 - [MESSAGE][PASSED] - Browser is opened with url: ''

2024-11-12 17:27:56 - [TEST_STEP][PASSED] - maximizeWindow(): Current window maximized

2024-11-12 17:27:56 - [MESSAGE][PASSED] - Current window maximized

2024-11-12 17:27:56 - [TEST_STEP][PASSED] - navigateToUrl(RADurl): Navigate to 'https://www.velocitypayment.com/client/rad/index.html' successfully

2024-11-12 17:27:57 - [MESSAGE][PASSED] - Navigate to 'https://www.velocitypayment.com/client/rad/index.html' successfully

2024-11-12 17:27:57 - [TEST_STEP][PASSED] - orPath_Landing = "Object Repository/RAD_Pages/Landing_Page": null

2024-11-12 17:27:57 - [TEST_STEP][PASSED] - orPath_TaxTypeFilingYear = "Object Repository/RAD_Pages/TaxTypeFilingYear_Page": null

2024-11-12 17:27:57 - [TEST_STEP][PASSED] - orPath_TaxPayer = "Object Repository/RAD_Pages/Taxpayer_Page": null

2024-11-12 17:27:57 - [TEST_STEP][PASSED] - orPath_AddressContact = "Object Repository/RAD_Pages/AddressAndContactInfo_Page": null

2024-11-12 17:27:57 - [TEST_STEP][PASSED] - orPath_FilingStatus = "Object Repository/RAD_Pages/FilingStatus_Page": null

2024-11-12 17:27:57 - [TEST_STEP][PASSED] - orPath_Amount = "Object Repository/RAD_Pages/PaymentAmount_Page": null

2024-11-12 17:27:57 - [TEST_STEP][PASSED] - orPath_TaxInfo = "Object Repository/RAD_Pages/TaxInfo_Page": null

2024-11-12 17:27:57 - [TEST_STEP][PASSED] - orPath_Withholding = "Object Repository/RAD_Pages/Withholding_Page": null

2024-11-12 17:27:57 - [TEST_STEP][PASSED] - orPath_Summary = "Object Repository/RAD_Pages/Summary_Page": null

2024-11-12 17:27:57 - [TEST_STEP][PASSED] - orPath_PaymentReady = "Object Repository/RAD_Pages/PaymentReady_Page": null

2024-11-12 17:27:57 - [TEST_STEP][PASSED] - orPath_PaymentEntry = "Object Repository/RAD_Pages/PaymentEntry_Page": null

2024-11-12 17:27:57 - [TEST_STEP][PASSED] - orPath_PaymentConfirmation = "Object Repository/RAD_Pages/PaymentConfirmation_Page": null

2024-11-12 17:27:57 - [TEST_STEP][PASSED] - orPath_ServiceFeesAccept = "Object Repository/RAD_Pages/ServiceFeeAccept_Page": null

2024-11-12 17:27:57 - [TEST_STEP][PASSED] - selectOptionByLabel(findTestObject(orPath_Landing + "/dd_TaxType"), Paymenttype, false): All options with label 'Extension Payments' are selected in object 'Object Repository/RAD_Pages/Landing_Page/dd_TaxType' 

2024-11-12 17:27:58 - [MESSAGE][PASSED] - All options with label 'Extension Payments' are selected in object 'Object Repository/RAD_Pages/Landing_Page/dd_TaxType' 

2024-11-12 17:27:58 - [TEST_STEP][PASSED] - delay(1): Delayed 1 second(s)

2024-11-12 17:27:59 - [MESSAGE][PASSED] - Delayed 1 second(s)

2024-11-12 17:27:59 - [TEST_STEP][PASSED] - switch (Paymenttype): null

2024-11-12 17:27:59 - [TEST_STEP][PASSED] - case "Extension Payments":: null

2024-11-12 17:27:59 - [TEST_STEP][PASSED] - selectOptionByLabel(findTestObject(orPath_TaxTypeFilingYear + "/select_PaymentType"), Taxtype, false): All options with label 'PTE Tax Electing S Corp' are selected in object 'Object Repository/RAD_Pages/TaxTypeFilingYear_Page/select_PaymentType' 

2024-11-12 17:28:00 - [MESSAGE][PASSED] - All options with label 'PTE Tax Electing S Corp' are selected in object 'Object Repository/RAD_Pages/TaxTypeFilingYear_Page/select_PaymentType' 

2024-11-12 17:28:00 - [TEST_STEP][PASSED] - break: null

2024-11-12 17:28:00 - [TEST_STEP][PASSED] - delay(1): Delayed 1 second(s)

2024-11-12 17:28:01 - [MESSAGE][PASSED] - Delayed 1 second(s)

2024-11-12 17:28:01 - [TEST_STEP][PASSED] - scrollToElement(findTestObject(orPath_Amount + "/input__paymentAmount"), 2, CONTINUE_ON_FAILURE): Scroll to object 'Object Repository/RAD_Pages/PaymentAmount_Page/input__paymentAmount' successfully

2024-11-12 17:28:02 - [MESSAGE][PASSED] - Scroll to object 'Object Repository/RAD_Pages/PaymentAmount_Page/input__paymentAmount' successfully

2024-11-12 17:28:02 - [TEST_STEP][PASSED] - switch (Paymenttype): null

2024-11-12 17:28:02 - [TEST_STEP][PASSED] - case "Extension Payments":: null

2024-11-12 17:28:02 - [TEST_STEP][PASSED] - setEncryptedText(findTestObject(orPath_TaxInfo + "/input_TaxInfo_FeinSsn_New_2"), "RigbBhfdqODKcAsiUrg+1Q=="): Text ****** has been set on object 'Object Repository/RAD_Pages/TaxInfo_Page/input_TaxInfo_FeinSsn_New_2'

2024-11-12 17:28:02 - [MESSAGE][PASSED] - Text ****** has been set on object 'Object Repository/RAD_Pages/TaxInfo_Page/input_TaxInfo_FeinSsn_New_2'

2024-11-12 17:28:02 - [TEST_STEP][PASSED] - setEncryptedText(findTestObject(orPath_TaxInfo + "/input_TaxInfo_RetypeFeinSsn_New_2"), "RigbBhfdqOD+04WBHw5iKw=="): Text ****** has been set on object 'Object Repository/RAD_Pages/TaxInfo_Page/input_TaxInfo_RetypeFeinSsn_New_2'

2024-11-12 17:28:03 - [MESSAGE][PASSED] - Text ****** has been set on object 'Object Repository/RAD_Pages/TaxInfo_Page/input_TaxInfo_RetypeFeinSsn_New_2'

2024-11-12 17:28:03 - [TEST_STEP][PASSED] - break: null

2024-11-12 17:28:03 - [TEST_STEP][PASSED] - setText(findTestObject(orPath_Amount + "/input__paymentAmount"), ""): Text '' is set on object 'Object Repository/RAD_Pages/PaymentAmount_Page/input__paymentAmount'

2024-11-12 17:28:04 - [MESSAGE][PASSED] - Text '' is set on object 'Object Repository/RAD_Pages/PaymentAmount_Page/input__paymentAmount'

2024-11-12 17:28:04 - [TEST_STEP][PASSED] - if (verifyTextPresent("The FEIN/SSN and Re-type FEIN/SSN do not match", true)): null

2024-11-12 17:28:04 - [MESSAGE][PASSED] - Text 'The FEIN/SSN and Re-type FEIN/SSN do not match' is present on page  using regular expression

2024-11-12 17:28:04 - [TEST_STEP][PASSED] - println("Error Message is present on the page"): null

2024-11-12 17:28:04 - [TEST_STEP][PASSED] - out.println("Pass Record Number: " + row): null

2024-11-12 17:28:04 - [TEST_STEP][PASSED] - resText = "Pass": null

2024-11-12 17:28:04 - [TEST_STEP][PASSED] - pages.WriteExcel.demoKey(resText, datText, resColumn, datCloumn, fileLoc, nameSheet, row): pages.WriteExcel.demoKey is PASSED

2024-11-12 17:28:04 - [MESSAGE][PASSED] - pages.WriteExcel.demoKey is PASSED

2024-11-12 17:28:04 - [TEST_STEP][PASSED] - ExecuteTC = findTestData(dataFile).getValue("Execute", row): null

2024-11-12 17:28:04 - [TEST_STEP][PASSED] - Taxtype = findTestData(dataFile).getValue("TaxType", row): null

2024-11-12 17:28:04 - [TEST_STEP][PASSED] - Paymenttype = findTestData(dataFile).getValue("PaymentType", row): null

2024-11-12 17:28:04 - [TEST_STEP][PASSED] - out.println("Value of Execute is : " + ExecuteTC): null

2024-11-12 17:28:04 - [TEST_STEP][PASSED] - if (ExecuteTC.equalsIgnoreCase("Y")): null

2024-11-12 17:28:04 - [TEST_STEP][PASSED] - out.println("Begin Record Number: " + row): null

2024-11-12 17:28:04 - [TEST_STEP][PASSED] - today = new java.util.Date(): null

2024-11-12 17:28:04 - [TEST_STEP][PASSED] - println(today): null

2024-11-12 17:28:04 - [TEST_STEP][PASSED] - datText = today: null

2024-11-12 17:28:04 - [TEST_STEP][PASSED] - Taxtype = findTestData(dataFile).getValue("TaxType", row): null

2024-11-12 17:28:04 - [TEST_STEP][PASSED] - out.println("Taxtype value is : " + Taxtype): null

2024-11-12 17:28:04 - [TEST_STEP][PASSED] - openBrowser(""): Browser is opened with url: ''

2024-11-12 17:28:04 - [MESSAGE][WARNING] - A browser is already opened. Closing browser and opening a new one

2024-11-12 17:28:05 - [MESSAGE][INFO] - Starting 'Chrome' driver

2024-11-12 17:28:05 - [MESSAGE][INFO] - User set preference: ['acceptInsecureCerts', 'true']

2024-11-12 17:28:05 - [MESSAGE][INFO] - Action delay is set to 0 milliseconds

2024-11-12 17:28:07 - [MESSAGE][PASSED] - Browser is opened with url: ''

2024-11-12 17:28:07 - [TEST_STEP][PASSED] - maximizeWindow(): Current window maximized

2024-11-12 17:28:07 - [MESSAGE][PASSED] - Current window maximized

2024-11-12 17:28:07 - [TEST_STEP][PASSED] - navigateToUrl(RADurl): Navigate to 'https://www.velocitypayment.com/client/rad/index.html' successfully

2024-11-12 17:28:09 - [MESSAGE][PASSED] - Navigate to 'https://www.velocitypayment.com/client/rad/index.html' successfully

2024-11-12 17:28:09 - [TEST_STEP][PASSED] - orPath_Landing = "Object Repository/RAD_Pages/Landing_Page": null

2024-11-12 17:28:09 - [TEST_STEP][PASSED] - orPath_TaxTypeFilingYear = "Object Repository/RAD_Pages/TaxTypeFilingYear_Page": null

2024-11-12 17:28:09 - [TEST_STEP][PASSED] - orPath_TaxPayer = "Object Repository/RAD_Pages/Taxpayer_Page": null

2024-11-12 17:28:09 - [TEST_STEP][PASSED] - orPath_AddressContact = "Object Repository/RAD_Pages/AddressAndContactInfo_Page": null

2024-11-12 17:28:09 - [TEST_STEP][PASSED] - orPath_FilingStatus = "Object Repository/RAD_Pages/FilingStatus_Page": null

2024-11-12 17:28:09 - [TEST_STEP][PASSED] - orPath_Amount = "Object Repository/RAD_Pages/PaymentAmount_Page": null

2024-11-12 17:28:09 - [TEST_STEP][PASSED] - orPath_TaxInfo = "Object Repository/RAD_Pages/TaxInfo_Page": null

2024-11-12 17:28:09 - [TEST_STEP][PASSED] - orPath_Withholding = "Object Repository/RAD_Pages/Withholding_Page": null

2024-11-12 17:28:09 - [TEST_STEP][PASSED] - orPath_Summary = "Object Repository/RAD_Pages/Summary_Page": null

2024-11-12 17:28:09 - [TEST_STEP][PASSED] - orPath_PaymentReady = "Object Repository/RAD_Pages/PaymentReady_Page": null

2024-11-12 17:28:09 - [TEST_STEP][PASSED] - orPath_PaymentEntry = "Object Repository/RAD_Pages/PaymentEntry_Page": null

2024-11-12 17:28:09 - [TEST_STEP][PASSED] - orPath_PaymentConfirmation = "Object Repository/RAD_Pages/PaymentConfirmation_Page": null

2024-11-12 17:28:09 - [TEST_STEP][PASSED] - orPath_ServiceFeesAccept = "Object Repository/RAD_Pages/ServiceFeeAccept_Page": null

2024-11-12 17:28:09 - [TEST_STEP][PASSED] - selectOptionByLabel(findTestObject(orPath_Landing + "/dd_TaxType"), Paymenttype, false): All options with label 'New Tax Return Amount Due' are selected in object 'Object Repository/RAD_Pages/Landing_Page/dd_TaxType' 

2024-11-12 17:28:09 - [MESSAGE][PASSED] - All options with label 'New Tax Return Amount Due' are selected in object 'Object Repository/RAD_Pages/Landing_Page/dd_TaxType' 

2024-11-12 17:28:09 - [TEST_STEP][PASSED] - delay(1): Delayed 1 second(s)

2024-11-12 17:28:10 - [MESSAGE][PASSED] - Delayed 1 second(s)

2024-11-12 17:28:10 - [TEST_STEP][PASSED] - switch (Paymenttype): null

2024-11-12 17:28:10 - [TEST_STEP][PASSED] - case "New Tax Return Amount Due":: null

2024-11-12 17:28:10 - [TEST_STEP][PASSED] - selectOptionByLabel(findTestObject("Object Repository/RAD_Pages/Landing_Page/select_NewTaxReturnAmountDue_TaxType"), Taxtype, false): All options with label 'PTE Non-Electing Non-S Corp' are selected in object 'Object Repository/RAD_Pages/Landing_Page/select_NewTaxReturnAmountDue_TaxType' 

2024-11-12 17:28:11 - [MESSAGE][PASSED] - All options with label 'PTE Non-Electing Non-S Corp' are selected in object 'Object Repository/RAD_Pages/Landing_Page/select_NewTaxReturnAmountDue_TaxType' 

2024-11-12 17:28:11 - [TEST_STEP][PASSED] - break: null

2024-11-12 17:28:11 - [TEST_STEP][PASSED] - delay(1): Delayed 1 second(s)

2024-11-12 17:28:12 - [MESSAGE][PASSED] - Delayed 1 second(s)

2024-11-12 17:28:12 - [TEST_STEP][PASSED] - scrollToElement(findTestObject(orPath_Amount + "/input__paymentAmount"), 2, CONTINUE_ON_FAILURE): Scroll to object 'Object Repository/RAD_Pages/PaymentAmount_Page/input__paymentAmount' successfully

2024-11-12 17:28:12 - [MESSAGE][PASSED] - Scroll to object 'Object Repository/RAD_Pages/PaymentAmount_Page/input__paymentAmount' successfully

2024-11-12 17:28:12 - [TEST_STEP][PASSED] - switch (Paymenttype): null

2024-11-12 17:28:12 - [TEST_STEP][PASSED] - case "New Tax Return Amount Due":: null

2024-11-12 17:28:12 - [TEST_STEP][PASSED] - setEncryptedText(findTestObject(orPath_TaxInfo + "/input_TaxInfo_FeinSsn_New_2"), "RigbBhfdqODKcAsiUrg+1Q=="): Text ****** has been set on object 'Object Repository/RAD_Pages/TaxInfo_Page/input_TaxInfo_FeinSsn_New_2'

2024-11-12 17:28:13 - [MESSAGE][PASSED] - Text ****** has been set on object 'Object Repository/RAD_Pages/TaxInfo_Page/input_TaxInfo_FeinSsn_New_2'

2024-11-12 17:28:13 - [TEST_STEP][PASSED] - setEncryptedText(findTestObject(orPath_TaxInfo + "/input_TaxInfo_RetypeFeinSsn_New_2"), "RigbBhfdqOD+04WBHw5iKw=="): Text ****** has been set on object 'Object Repository/RAD_Pages/TaxInfo_Page/input_TaxInfo_RetypeFeinSsn_New_2'

2024-11-12 17:28:14 - [MESSAGE][PASSED] - Text ****** has been set on object 'Object Repository/RAD_Pages/TaxInfo_Page/input_TaxInfo_RetypeFeinSsn_New_2'

2024-11-12 17:28:14 - [TEST_STEP][PASSED] - break: null

2024-11-12 17:28:14 - [TEST_STEP][PASSED] - setText(findTestObject(orPath_Amount + "/input__paymentAmount"), ""): Text '' is set on object 'Object Repository/RAD_Pages/PaymentAmount_Page/input__paymentAmount'

2024-11-12 17:28:14 - [MESSAGE][PASSED] - Text '' is set on object 'Object Repository/RAD_Pages/PaymentAmount_Page/input__paymentAmount'

2024-11-12 17:28:14 - [TEST_STEP][PASSED] - if (verifyTextPresent("The FEIN/SSN and Re-type FEIN/SSN do not match", true)): null

2024-11-12 17:28:15 - [MESSAGE][PASSED] - Text 'The FEIN/SSN and Re-type FEIN/SSN do not match' is present on page  using regular expression

2024-11-12 17:28:15 - [TEST_STEP][PASSED] - println("Error Message is present on the page"): null

2024-11-12 17:28:15 - [TEST_STEP][PASSED] - out.println("Pass Record Number: " + row): null

2024-11-12 17:28:15 - [TEST_STEP][PASSED] - resText = "Pass": null

2024-11-12 17:28:15 - [TEST_STEP][PASSED] - pages.WriteExcel.demoKey(resText, datText, resColumn, datCloumn, fileLoc, nameSheet, row): pages.WriteExcel.demoKey is PASSED

2024-11-12 17:28:15 - [MESSAGE][PASSED] - pages.WriteExcel.demoKey is PASSED

2024-11-12 17:28:15 - [TEST_STEP][PASSED] - ExecuteTC = findTestData(dataFile).getValue("Execute", row): null

2024-11-12 17:28:15 - [TEST_STEP][PASSED] - Taxtype = findTestData(dataFile).getValue("TaxType", row): null

2024-11-12 17:28:15 - [TEST_STEP][PASSED] - Paymenttype = findTestData(dataFile).getValue("PaymentType", row): null

2024-11-12 17:28:15 - [TEST_STEP][PASSED] - out.println("Value of Execute is : " + ExecuteTC): null

2024-11-12 17:28:15 - [TEST_STEP][PASSED] - if (ExecuteTC.equalsIgnoreCase("Y")): null

2024-11-12 17:28:15 - [TEST_STEP][PASSED] - out.println("Begin Record Number: " + row): null

2024-11-12 17:28:15 - [TEST_STEP][PASSED] - today = new java.util.Date(): null

2024-11-12 17:28:15 - [TEST_STEP][PASSED] - println(today): null

2024-11-12 17:28:15 - [TEST_STEP][PASSED] - datText = today: null

2024-11-12 17:28:15 - [TEST_STEP][PASSED] - Taxtype = findTestData(dataFile).getValue("TaxType", row): null

2024-11-12 17:28:15 - [TEST_STEP][PASSED] - out.println("Taxtype value is : " + Taxtype): null

2024-11-12 17:28:15 - [TEST_STEP][PASSED] - openBrowser(""): Browser is opened with url: ''

2024-11-12 17:28:15 - [MESSAGE][WARNING] - A browser is already opened. Closing browser and opening a new one

2024-11-12 17:28:16 - [MESSAGE][INFO] - Starting 'Chrome' driver

2024-11-12 17:28:16 - [MESSAGE][INFO] - User set preference: ['acceptInsecureCerts', 'true']

2024-11-12 17:28:16 - [MESSAGE][INFO] - Action delay is set to 0 milliseconds

2024-11-12 17:28:18 - [MESSAGE][PASSED] - Browser is opened with url: ''

2024-11-12 17:28:18 - [TEST_STEP][PASSED] - maximizeWindow(): Current window maximized

2024-11-12 17:28:18 - [MESSAGE][PASSED] - Current window maximized

2024-11-12 17:28:18 - [TEST_STEP][PASSED] - navigateToUrl(RADurl): Navigate to 'https://www.velocitypayment.com/client/rad/index.html' successfully

2024-11-12 17:28:19 - [MESSAGE][PASSED] - Navigate to 'https://www.velocitypayment.com/client/rad/index.html' successfully

2024-11-12 17:28:19 - [TEST_STEP][PASSED] - orPath_Landing = "Object Repository/RAD_Pages/Landing_Page": null

2024-11-12 17:28:19 - [TEST_STEP][PASSED] - orPath_TaxTypeFilingYear = "Object Repository/RAD_Pages/TaxTypeFilingYear_Page": null

2024-11-12 17:28:19 - [TEST_STEP][PASSED] - orPath_TaxPayer = "Object Repository/RAD_Pages/Taxpayer_Page": null

2024-11-12 17:28:19 - [TEST_STEP][PASSED] - orPath_AddressContact = "Object Repository/RAD_Pages/AddressAndContactInfo_Page": null

2024-11-12 17:28:19 - [TEST_STEP][PASSED] - orPath_FilingStatus = "Object Repository/RAD_Pages/FilingStatus_Page": null

2024-11-12 17:28:19 - [TEST_STEP][PASSED] - orPath_Amount = "Object Repository/RAD_Pages/PaymentAmount_Page": null

2024-11-12 17:28:19 - [TEST_STEP][PASSED] - orPath_TaxInfo = "Object Repository/RAD_Pages/TaxInfo_Page": null

2024-11-12 17:28:19 - [TEST_STEP][PASSED] - orPath_Withholding = "Object Repository/RAD_Pages/Withholding_Page": null

2024-11-12 17:28:19 - [TEST_STEP][PASSED] - orPath_Summary = "Object Repository/RAD_Pages/Summary_Page": null

2024-11-12 17:28:19 - [TEST_STEP][PASSED] - orPath_PaymentReady = "Object Repository/RAD_Pages/PaymentReady_Page": null

2024-11-12 17:28:19 - [TEST_STEP][PASSED] - orPath_PaymentEntry = "Object Repository/RAD_Pages/PaymentEntry_Page": null

2024-11-12 17:28:19 - [TEST_STEP][PASSED] - orPath_PaymentConfirmation = "Object Repository/RAD_Pages/PaymentConfirmation_Page": null

2024-11-12 17:28:19 - [TEST_STEP][PASSED] - orPath_ServiceFeesAccept = "Object Repository/RAD_Pages/ServiceFeeAccept_Page": null

2024-11-12 17:28:19 - [TEST_STEP][PASSED] - selectOptionByLabel(findTestObject(orPath_Landing + "/dd_TaxType"), Paymenttype, false): All options with label 'New Tax Return Amount Due' are selected in object 'Object Repository/RAD_Pages/Landing_Page/dd_TaxType' 

2024-11-12 17:28:20 - [MESSAGE][PASSED] - All options with label 'New Tax Return Amount Due' are selected in object 'Object Repository/RAD_Pages/Landing_Page/dd_TaxType' 

2024-11-12 17:28:20 - [TEST_STEP][PASSED] - delay(1): Delayed 1 second(s)

2024-11-12 17:28:21 - [MESSAGE][PASSED] - Delayed 1 second(s)

2024-11-12 17:28:21 - [TEST_STEP][PASSED] - switch (Paymenttype): null

2024-11-12 17:28:21 - [TEST_STEP][PASSED] - case "New Tax Return Amount Due":: null

2024-11-12 17:28:21 - [TEST_STEP][PASSED] - selectOptionByLabel(findTestObject("Object Repository/RAD_Pages/Landing_Page/select_NewTaxReturnAmountDue_TaxType"), Taxtype, false): All options with label 'PTE Non-Electing S Corp' are selected in object 'Object Repository/RAD_Pages/Landing_Page/select_NewTaxReturnAmountDue_TaxType' 

2024-11-12 17:28:22 - [MESSAGE][PASSED] - All options with label 'PTE Non-Electing S Corp' are selected in object 'Object Repository/RAD_Pages/Landing_Page/select_NewTaxReturnAmountDue_TaxType' 

2024-11-12 17:28:22 - [TEST_STEP][PASSED] - break: null

2024-11-12 17:28:22 - [TEST_STEP][PASSED] - delay(1): Delayed 1 second(s)

2024-11-12 17:28:23 - [MESSAGE][PASSED] - Delayed 1 second(s)

2024-11-12 17:28:23 - [TEST_STEP][PASSED] - scrollToElement(findTestObject(orPath_Amount + "/input__paymentAmount"), 2, CONTINUE_ON_FAILURE): Scroll to object 'Object Repository/RAD_Pages/PaymentAmount_Page/input__paymentAmount' successfully

2024-11-12 17:28:23 - [MESSAGE][PASSED] - Scroll to object 'Object Repository/RAD_Pages/PaymentAmount_Page/input__paymentAmount' successfully

2024-11-12 17:28:23 - [TEST_STEP][PASSED] - switch (Paymenttype): null

2024-11-12 17:28:23 - [TEST_STEP][PASSED] - case "New Tax Return Amount Due":: null

2024-11-12 17:28:23 - [TEST_STEP][PASSED] - setEncryptedText(findTestObject(orPath_TaxInfo + "/input_TaxInfo_FeinSsn_New_2"), "RigbBhfdqODKcAsiUrg+1Q=="): Text ****** has been set on object 'Object Repository/RAD_Pages/TaxInfo_Page/input_TaxInfo_FeinSsn_New_2'

2024-11-12 17:28:24 - [MESSAGE][PASSED] - Text ****** has been set on object 'Object Repository/RAD_Pages/TaxInfo_Page/input_TaxInfo_FeinSsn_New_2'

2024-11-12 17:28:24 - [TEST_STEP][PASSED] - setEncryptedText(findTestObject(orPath_TaxInfo + "/input_TaxInfo_RetypeFeinSsn_New_2"), "RigbBhfdqOD+04WBHw5iKw=="): Text ****** has been set on object 'Object Repository/RAD_Pages/TaxInfo_Page/input_TaxInfo_RetypeFeinSsn_New_2'

2024-11-12 17:28:24 - [MESSAGE][PASSED] - Text ****** has been set on object 'Object Repository/RAD_Pages/TaxInfo_Page/input_TaxInfo_RetypeFeinSsn_New_2'

2024-11-12 17:28:24 - [TEST_STEP][PASSED] - break: null

2024-11-12 17:28:24 - [TEST_STEP][PASSED] - setText(findTestObject(orPath_Amount + "/input__paymentAmount"), ""): Text '' is set on object 'Object Repository/RAD_Pages/PaymentAmount_Page/input__paymentAmount'

2024-11-12 17:28:25 - [MESSAGE][PASSED] - Text '' is set on object 'Object Repository/RAD_Pages/PaymentAmount_Page/input__paymentAmount'

2024-11-12 17:28:25 - [TEST_STEP][PASSED] - if (verifyTextPresent("The FEIN/SSN and Re-type FEIN/SSN do not match", true)): null

2024-11-12 17:28:25 - [MESSAGE][PASSED] - Text 'The FEIN/SSN and Re-type FEIN/SSN do not match' is present on page  using regular expression

2024-11-12 17:28:25 - [TEST_STEP][PASSED] - println("Error Message is present on the page"): null

2024-11-12 17:28:25 - [TEST_STEP][PASSED] - out.println("Pass Record Number: " + row): null

2024-11-12 17:28:25 - [TEST_STEP][PASSED] - resText = "Pass": null

2024-11-12 17:28:25 - [TEST_STEP][PASSED] - pages.WriteExcel.demoKey(resText, datText, resColumn, datCloumn, fileLoc, nameSheet, row): pages.WriteExcel.demoKey is PASSED

2024-11-12 17:28:25 - [MESSAGE][PASSED] - pages.WriteExcel.demoKey is PASSED

2024-11-12 17:28:25 - [TEST_STEP][PASSED] - ExecuteTC = findTestData(dataFile).getValue("Execute", row): null

2024-11-12 17:28:25 - [TEST_STEP][PASSED] - Taxtype = findTestData(dataFile).getValue("TaxType", row): null

2024-11-12 17:28:25 - [TEST_STEP][PASSED] - Paymenttype = findTestData(dataFile).getValue("PaymentType", row): null

2024-11-12 17:28:25 - [TEST_STEP][PASSED] - out.println("Value of Execute is : " + ExecuteTC): null

2024-11-12 17:28:25 - [TEST_STEP][PASSED] - if (ExecuteTC.equalsIgnoreCase("Y")): null

2024-11-12 17:28:25 - [TEST_STEP][PASSED] - out.println("Begin Record Number: " + row): null

2024-11-12 17:28:25 - [TEST_STEP][PASSED] - today = new java.util.Date(): null

2024-11-12 17:28:25 - [TEST_STEP][PASSED] - println(today): null

2024-11-12 17:28:25 - [TEST_STEP][PASSED] - datText = today: null

2024-11-12 17:28:25 - [TEST_STEP][PASSED] - Taxtype = findTestData(dataFile).getValue("TaxType", row): null

2024-11-12 17:28:25 - [TEST_STEP][PASSED] - out.println("Taxtype value is : " + Taxtype): null

2024-11-12 17:28:25 - [TEST_STEP][PASSED] - openBrowser(""): Browser is opened with url: ''

2024-11-12 17:28:26 - [MESSAGE][WARNING] - A browser is already opened. Closing browser and opening a new one

2024-11-12 17:28:27 - [MESSAGE][INFO] - Starting 'Chrome' driver

2024-11-12 17:28:27 - [MESSAGE][INFO] - User set preference: ['acceptInsecureCerts', 'true']

2024-11-12 17:28:27 - [MESSAGE][INFO] - Action delay is set to 0 milliseconds

2024-11-12 17:28:28 - [MESSAGE][PASSED] - Browser is opened with url: ''

2024-11-12 17:28:28 - [TEST_STEP][PASSED] - maximizeWindow(): Current window maximized

2024-11-12 17:28:28 - [MESSAGE][PASSED] - Current window maximized

2024-11-12 17:28:28 - [TEST_STEP][PASSED] - navigateToUrl(RADurl): Navigate to 'https://www.velocitypayment.com/client/rad/index.html' successfully

2024-11-12 17:28:29 - [MESSAGE][PASSED] - Navigate to 'https://www.velocitypayment.com/client/rad/index.html' successfully

2024-11-12 17:28:29 - [TEST_STEP][PASSED] - orPath_Landing = "Object Repository/RAD_Pages/Landing_Page": null

2024-11-12 17:28:29 - [TEST_STEP][PASSED] - orPath_TaxTypeFilingYear = "Object Repository/RAD_Pages/TaxTypeFilingYear_Page": null

2024-11-12 17:28:29 - [TEST_STEP][PASSED] - orPath_TaxPayer = "Object Repository/RAD_Pages/Taxpayer_Page": null

2024-11-12 17:28:29 - [TEST_STEP][PASSED] - orPath_AddressContact = "Object Repository/RAD_Pages/AddressAndContactInfo_Page": null

2024-11-12 17:28:29 - [TEST_STEP][PASSED] - orPath_FilingStatus = "Object Repository/RAD_Pages/FilingStatus_Page": null

2024-11-12 17:28:29 - [TEST_STEP][PASSED] - orPath_Amount = "Object Repository/RAD_Pages/PaymentAmount_Page": null

2024-11-12 17:28:29 - [TEST_STEP][PASSED] - orPath_TaxInfo = "Object Repository/RAD_Pages/TaxInfo_Page": null

2024-11-12 17:28:29 - [TEST_STEP][PASSED] - orPath_Withholding = "Object Repository/RAD_Pages/Withholding_Page": null

2024-11-12 17:28:29 - [TEST_STEP][PASSED] - orPath_Summary = "Object Repository/RAD_Pages/Summary_Page": null

2024-11-12 17:28:29 - [TEST_STEP][PASSED] - orPath_PaymentReady = "Object Repository/RAD_Pages/PaymentReady_Page": null

2024-11-12 17:28:29 - [TEST_STEP][PASSED] - orPath_PaymentEntry = "Object Repository/RAD_Pages/PaymentEntry_Page": null

2024-11-12 17:28:29 - [TEST_STEP][PASSED] - orPath_PaymentConfirmation = "Object Repository/RAD_Pages/PaymentConfirmation_Page": null

2024-11-12 17:28:29 - [TEST_STEP][PASSED] - orPath_ServiceFeesAccept = "Object Repository/RAD_Pages/ServiceFeeAccept_Page": null

2024-11-12 17:28:29 - [TEST_STEP][PASSED] - selectOptionByLabel(findTestObject(orPath_Landing + "/dd_TaxType"), Paymenttype, false): All options with label 'New Tax Return Amount Due' are selected in object 'Object Repository/RAD_Pages/Landing_Page/dd_TaxType' 

2024-11-12 17:28:31 - [MESSAGE][PASSED] - All options with label 'New Tax Return Amount Due' are selected in object 'Object Repository/RAD_Pages/Landing_Page/dd_TaxType' 

2024-11-12 17:28:31 - [TEST_STEP][PASSED] - delay(1): Delayed 1 second(s)

2024-11-12 17:28:32 - [MESSAGE][PASSED] - Delayed 1 second(s)

2024-11-12 17:28:32 - [TEST_STEP][PASSED] - switch (Paymenttype): null

2024-11-12 17:28:32 - [TEST_STEP][PASSED] - case "New Tax Return Amount Due":: null

2024-11-12 17:28:32 - [TEST_STEP][PASSED] - selectOptionByLabel(findTestObject("Object Repository/RAD_Pages/Landing_Page/select_NewTaxReturnAmountDue_TaxType"), Taxtype, false): All options with label 'PTE Tax Electing Non-S Corp' are selected in object 'Object Repository/RAD_Pages/Landing_Page/select_NewTaxReturnAmountDue_TaxType' 

2024-11-12 17:28:32 - [MESSAGE][PASSED] - All options with label 'PTE Tax Electing Non-S Corp' are selected in object 'Object Repository/RAD_Pages/Landing_Page/select_NewTaxReturnAmountDue_TaxType' 

2024-11-12 17:28:32 - [TEST_STEP][PASSED] - break: null

2024-11-12 17:28:32 - [TEST_STEP][PASSED] - delay(1): Delayed 1 second(s)

2024-11-12 17:28:33 - [MESSAGE][PASSED] - Delayed 1 second(s)

2024-11-12 17:28:33 - [TEST_STEP][PASSED] - scrollToElement(findTestObject(orPath_Amount + "/input__paymentAmount"), 2, CONTINUE_ON_FAILURE): Scroll to object 'Object Repository/RAD_Pages/PaymentAmount_Page/input__paymentAmount' successfully

2024-11-12 17:28:34 - [MESSAGE][PASSED] - Scroll to object 'Object Repository/RAD_Pages/PaymentAmount_Page/input__paymentAmount' successfully

2024-11-12 17:28:34 - [TEST_STEP][PASSED] - switch (Paymenttype): null

2024-11-12 17:28:34 - [TEST_STEP][PASSED] - case "New Tax Return Amount Due":: null

2024-11-12 17:28:34 - [TEST_STEP][PASSED] - setEncryptedText(findTestObject(orPath_TaxInfo + "/input_TaxInfo_FeinSsn_New_2"), "RigbBhfdqODKcAsiUrg+1Q=="): Text ****** has been set on object 'Object Repository/RAD_Pages/TaxInfo_Page/input_TaxInfo_FeinSsn_New_2'

2024-11-12 17:28:34 - [MESSAGE][PASSED] - Text ****** has been set on object 'Object Repository/RAD_Pages/TaxInfo_Page/input_TaxInfo_FeinSsn_New_2'

2024-11-12 17:28:34 - [TEST_STEP][PASSED] - setEncryptedText(findTestObject(orPath_TaxInfo + "/input_TaxInfo_RetypeFeinSsn_New_2"), "RigbBhfdqOD+04WBHw5iKw=="): Text ****** has been set on object 'Object Repository/RAD_Pages/TaxInfo_Page/input_TaxInfo_RetypeFeinSsn_New_2'

2024-11-12 17:28:35 - [MESSAGE][PASSED] - Text ****** has been set on object 'Object Repository/RAD_Pages/TaxInfo_Page/input_TaxInfo_RetypeFeinSsn_New_2'

2024-11-12 17:28:35 - [TEST_STEP][PASSED] - break: null

2024-11-12 17:28:35 - [TEST_STEP][PASSED] - setText(findTestObject(orPath_Amount + "/input__paymentAmount"), ""): Text '' is set on object 'Object Repository/RAD_Pages/PaymentAmount_Page/input__paymentAmount'

2024-11-12 17:28:36 - [MESSAGE][PASSED] - Text '' is set on object 'Object Repository/RAD_Pages/PaymentAmount_Page/input__paymentAmount'

2024-11-12 17:28:36 - [TEST_STEP][PASSED] - if (verifyTextPresent("The FEIN/SSN and Re-type FEIN/SSN do not match", true)): null

2024-11-12 17:28:37 - [MESSAGE][PASSED] - Text 'The FEIN/SSN and Re-type FEIN/SSN do not match' is present on page  using regular expression

2024-11-12 17:28:37 - [TEST_STEP][PASSED] - println("Error Message is present on the page"): null

2024-11-12 17:28:37 - [TEST_STEP][PASSED] - out.println("Pass Record Number: " + row): null

2024-11-12 17:28:37 - [TEST_STEP][PASSED] - resText = "Pass": null

2024-11-12 17:28:37 - [TEST_STEP][PASSED] - pages.WriteExcel.demoKey(resText, datText, resColumn, datCloumn, fileLoc, nameSheet, row): pages.WriteExcel.demoKey is PASSED

2024-11-12 17:28:37 - [MESSAGE][PASSED] - pages.WriteExcel.demoKey is PASSED

2024-11-12 17:28:37 - [TEST_STEP][PASSED] - ExecuteTC = findTestData(dataFile).getValue("Execute", row): null

2024-11-12 17:28:37 - [TEST_STEP][PASSED] - Taxtype = findTestData(dataFile).getValue("TaxType", row): null

2024-11-12 17:28:37 - [TEST_STEP][PASSED] - Paymenttype = findTestData(dataFile).getValue("PaymentType", row): null

2024-11-12 17:28:37 - [TEST_STEP][PASSED] - out.println("Value of Execute is : " + ExecuteTC): null

2024-11-12 17:28:37 - [TEST_STEP][PASSED] - if (ExecuteTC.equalsIgnoreCase("Y")): null

2024-11-12 17:28:37 - [TEST_STEP][PASSED] - out.println("Begin Record Number: " + row): null

2024-11-12 17:28:37 - [TEST_STEP][PASSED] - today = new java.util.Date(): null

2024-11-12 17:28:37 - [TEST_STEP][PASSED] - println(today): null

2024-11-12 17:28:37 - [TEST_STEP][PASSED] - datText = today: null

2024-11-12 17:28:37 - [TEST_STEP][PASSED] - Taxtype = findTestData(dataFile).getValue("TaxType", row): null

2024-11-12 17:28:37 - [TEST_STEP][PASSED] - out.println("Taxtype value is : " + Taxtype): null

2024-11-12 17:28:37 - [TEST_STEP][PASSED] - openBrowser(""): Browser is opened with url: ''

2024-11-12 17:28:37 - [MESSAGE][WARNING] - A browser is already opened. Closing browser and opening a new one

2024-11-12 17:28:40 - [MESSAGE][INFO] - Starting 'Chrome' driver

2024-11-12 17:28:40 - [MESSAGE][INFO] - User set preference: ['acceptInsecureCerts', 'true']

2024-11-12 17:28:40 - [MESSAGE][INFO] - Action delay is set to 0 milliseconds

2024-11-12 17:28:41 - [MESSAGE][PASSED] - Browser is opened with url: ''

2024-11-12 17:28:41 - [TEST_STEP][PASSED] - maximizeWindow(): Current window maximized

2024-11-12 17:28:41 - [MESSAGE][PASSED] - Current window maximized

2024-11-12 17:28:41 - [TEST_STEP][PASSED] - navigateToUrl(RADurl): Navigate to 'https://www.velocitypayment.com/client/rad/index.html' successfully

2024-11-12 17:28:43 - [MESSAGE][PASSED] - Navigate to 'https://www.velocitypayment.com/client/rad/index.html' successfully

2024-11-12 17:28:43 - [TEST_STEP][PASSED] - orPath_Landing = "Object Repository/RAD_Pages/Landing_Page": null

2024-11-12 17:28:43 - [TEST_STEP][PASSED] - orPath_TaxTypeFilingYear = "Object Repository/RAD_Pages/TaxTypeFilingYear_Page": null

2024-11-12 17:28:43 - [TEST_STEP][PASSED] - orPath_TaxPayer = "Object Repository/RAD_Pages/Taxpayer_Page": null

2024-11-12 17:28:43 - [TEST_STEP][PASSED] - orPath_AddressContact = "Object Repository/RAD_Pages/AddressAndContactInfo_Page": null

2024-11-12 17:28:43 - [TEST_STEP][PASSED] - orPath_FilingStatus = "Object Repository/RAD_Pages/FilingStatus_Page": null

2024-11-12 17:28:43 - [TEST_STEP][PASSED] - orPath_Amount = "Object Repository/RAD_Pages/PaymentAmount_Page": null

2024-11-12 17:28:43 - [TEST_STEP][PASSED] - orPath_TaxInfo = "Object Repository/RAD_Pages/TaxInfo_Page": null

2024-11-12 17:28:43 - [TEST_STEP][PASSED] - orPath_Withholding = "Object Repository/RAD_Pages/Withholding_Page": null

2024-11-12 17:28:43 - [TEST_STEP][PASSED] - orPath_Summary = "Object Repository/RAD_Pages/Summary_Page": null

2024-11-12 17:28:43 - [TEST_STEP][PASSED] - orPath_PaymentReady = "Object Repository/RAD_Pages/PaymentReady_Page": null

2024-11-12 17:28:43 - [TEST_STEP][PASSED] - orPath_PaymentEntry = "Object Repository/RAD_Pages/PaymentEntry_Page": null

2024-11-12 17:28:43 - [TEST_STEP][PASSED] - orPath_PaymentConfirmation = "Object Repository/RAD_Pages/PaymentConfirmation_Page": null

2024-11-12 17:28:43 - [TEST_STEP][PASSED] - orPath_ServiceFeesAccept = "Object Repository/RAD_Pages/ServiceFeeAccept_Page": null

2024-11-12 17:28:43 - [TEST_STEP][PASSED] - selectOptionByLabel(findTestObject(orPath_Landing + "/dd_TaxType"), Paymenttype, false): All options with label 'New Tax Return Amount Due' are selected in object 'Object Repository/RAD_Pages/Landing_Page/dd_TaxType' 

2024-11-12 17:28:44 - [MESSAGE][PASSED] - All options with label 'New Tax Return Amount Due' are selected in object 'Object Repository/RAD_Pages/Landing_Page/dd_TaxType' 

2024-11-12 17:28:44 - [TEST_STEP][PASSED] - delay(1): Delayed 1 second(s)

2024-11-12 17:28:45 - [MESSAGE][PASSED] - Delayed 1 second(s)

2024-11-12 17:28:45 - [TEST_STEP][PASSED] - switch (Paymenttype): null

2024-11-12 17:28:45 - [TEST_STEP][PASSED] - case "New Tax Return Amount Due":: null

2024-11-12 17:28:45 - [TEST_STEP][PASSED] - selectOptionByLabel(findTestObject("Object Repository/RAD_Pages/Landing_Page/select_NewTaxReturnAmountDue_TaxType"), Taxtype, false): All options with label 'PTE Tax Electing S Corp' are selected in object 'Object Repository/RAD_Pages/Landing_Page/select_NewTaxReturnAmountDue_TaxType' 

2024-11-12 17:28:45 - [MESSAGE][PASSED] - All options with label 'PTE Tax Electing S Corp' are selected in object 'Object Repository/RAD_Pages/Landing_Page/select_NewTaxReturnAmountDue_TaxType' 

2024-11-12 17:28:45 - [TEST_STEP][PASSED] - break: null

2024-11-12 17:28:45 - [TEST_STEP][PASSED] - delay(1): Delayed 1 second(s)

2024-11-12 17:28:46 - [MESSAGE][PASSED] - Delayed 1 second(s)

2024-11-12 17:28:46 - [TEST_STEP][PASSED] - scrollToElement(findTestObject(orPath_Amount + "/input__paymentAmount"), 2, CONTINUE_ON_FAILURE): Scroll to object 'Object Repository/RAD_Pages/PaymentAmount_Page/input__paymentAmount' successfully

2024-11-12 17:28:47 - [MESSAGE][PASSED] - Scroll to object 'Object Repository/RAD_Pages/PaymentAmount_Page/input__paymentAmount' successfully

2024-11-12 17:28:47 - [TEST_STEP][PASSED] - switch (Paymenttype): null

2024-11-12 17:28:47 - [TEST_STEP][PASSED] - case "New Tax Return Amount Due":: null

2024-11-12 17:28:47 - [TEST_STEP][PASSED] - setEncryptedText(findTestObject(orPath_TaxInfo + "/input_TaxInfo_FeinSsn_New_2"), "RigbBhfdqODKcAsiUrg+1Q=="): Text ****** has been set on object 'Object Repository/RAD_Pages/TaxInfo_Page/input_TaxInfo_FeinSsn_New_2'

2024-11-12 17:28:47 - [MESSAGE][PASSED] - Text ****** has been set on object 'Object Repository/RAD_Pages/TaxInfo_Page/input_TaxInfo_FeinSsn_New_2'

2024-11-12 17:28:47 - [TEST_STEP][PASSED] - setEncryptedText(findTestObject(orPath_TaxInfo + "/input_TaxInfo_RetypeFeinSsn_New_2"), "RigbBhfdqOD+04WBHw5iKw=="): Text ****** has been set on object 'Object Repository/RAD_Pages/TaxInfo_Page/input_TaxInfo_RetypeFeinSsn_New_2'

2024-11-12 17:28:48 - [MESSAGE][PASSED] - Text ****** has been set on object 'Object Repository/RAD_Pages/TaxInfo_Page/input_TaxInfo_RetypeFeinSsn_New_2'

2024-11-12 17:28:48 - [TEST_STEP][PASSED] - break: null

2024-11-12 17:28:48 - [TEST_STEP][PASSED] - setText(findTestObject(orPath_Amount + "/input__paymentAmount"), ""): Text '' is set on object 'Object Repository/RAD_Pages/PaymentAmount_Page/input__paymentAmount'

2024-11-12 17:28:49 - [MESSAGE][PASSED] - Text '' is set on object 'Object Repository/RAD_Pages/PaymentAmount_Page/input__paymentAmount'

2024-11-12 17:28:49 - [TEST_STEP][PASSED] - if (verifyTextPresent("The FEIN/SSN and Re-type FEIN/SSN do not match", true)): null

2024-11-12 17:28:49 - [MESSAGE][PASSED] - Text 'The FEIN/SSN and Re-type FEIN/SSN do not match' is present on page  using regular expression

2024-11-12 17:28:49 - [TEST_STEP][PASSED] - println("Error Message is present on the page"): null

2024-11-12 17:28:49 - [TEST_STEP][PASSED] - out.println("Pass Record Number: " + row): null

2024-11-12 17:28:49 - [TEST_STEP][PASSED] - resText = "Pass": null

2024-11-12 17:28:49 - [TEST_STEP][PASSED] - pages.WriteExcel.demoKey(resText, datText, resColumn, datCloumn, fileLoc, nameSheet, row): pages.WriteExcel.demoKey is PASSED

2024-11-12 17:28:49 - [MESSAGE][PASSED] - pages.WriteExcel.demoKey is PASSED

2024-11-12 17:28:49 - [TEST_STEP][PASSED] - ExecuteTC = findTestData(dataFile).getValue("Execute", row): null

2024-11-12 17:28:49 - [TEST_STEP][PASSED] - Taxtype = findTestData(dataFile).getValue("TaxType", row): null

2024-11-12 17:28:49 - [TEST_STEP][PASSED] - Paymenttype = findTestData(dataFile).getValue("PaymentType", row): null

2024-11-12 17:28:49 - [TEST_STEP][PASSED] - out.println("Value of Execute is : " + ExecuteTC): null

2024-11-12 17:28:49 - [TEST_STEP][PASSED] - if (ExecuteTC.equalsIgnoreCase("Y")): null

2024-11-12 17:28:49 - [TEST_STEP][PASSED] - out.println("Begin Record Number: " + row): null

2024-11-12 17:28:49 - [TEST_STEP][PASSED] - today = new java.util.Date(): null

2024-11-12 17:28:49 - [TEST_STEP][PASSED] - println(today): null

2024-11-12 17:28:49 - [TEST_STEP][PASSED] - datText = today: null

2024-11-12 17:28:49 - [TEST_STEP][PASSED] - Taxtype = findTestData(dataFile).getValue("TaxType", row): null

2024-11-12 17:28:49 - [TEST_STEP][PASSED] - out.println("Taxtype value is : " + Taxtype): null

2024-11-12 17:28:49 - [TEST_STEP][PASSED] - openBrowser(""): Browser is opened with url: ''

2024-11-12 17:28:49 - [MESSAGE][WARNING] - A browser is already opened. Closing browser and opening a new one

2024-11-12 17:28:51 - [MESSAGE][INFO] - Starting 'Chrome' driver

2024-11-12 17:28:51 - [MESSAGE][INFO] - User set preference: ['acceptInsecureCerts', 'true']

2024-11-12 17:28:51 - [MESSAGE][INFO] - Action delay is set to 0 milliseconds

2024-11-12 17:28:52 - [MESSAGE][PASSED] - Browser is opened with url: ''

2024-11-12 17:28:52 - [TEST_STEP][PASSED] - maximizeWindow(): Current window maximized

2024-11-12 17:28:52 - [MESSAGE][PASSED] - Current window maximized

2024-11-12 17:28:52 - [TEST_STEP][PASSED] - navigateToUrl(RADurl): Navigate to 'https://www.velocitypayment.com/client/rad/index.html' successfully

2024-11-12 17:28:54 - [MESSAGE][PASSED] - Navigate to 'https://www.velocitypayment.com/client/rad/index.html' successfully

2024-11-12 17:28:54 - [TEST_STEP][PASSED] - orPath_Landing = "Object Repository/RAD_Pages/Landing_Page": null

2024-11-12 17:28:54 - [TEST_STEP][PASSED] - orPath_TaxTypeFilingYear = "Object Repository/RAD_Pages/TaxTypeFilingYear_Page": null

2024-11-12 17:28:54 - [TEST_STEP][PASSED] - orPath_TaxPayer = "Object Repository/RAD_Pages/Taxpayer_Page": null

2024-11-12 17:28:54 - [TEST_STEP][PASSED] - orPath_AddressContact = "Object Repository/RAD_Pages/AddressAndContactInfo_Page": null

2024-11-12 17:28:54 - [TEST_STEP][PASSED] - orPath_FilingStatus = "Object Repository/RAD_Pages/FilingStatus_Page": null

2024-11-12 17:28:54 - [TEST_STEP][PASSED] - orPath_Amount = "Object Repository/RAD_Pages/PaymentAmount_Page": null

2024-11-12 17:28:54 - [TEST_STEP][PASSED] - orPath_TaxInfo = "Object Repository/RAD_Pages/TaxInfo_Page": null

2024-11-12 17:28:54 - [TEST_STEP][PASSED] - orPath_Withholding = "Object Repository/RAD_Pages/Withholding_Page": null

2024-11-12 17:28:54 - [TEST_STEP][PASSED] - orPath_Summary = "Object Repository/RAD_Pages/Summary_Page": null

2024-11-12 17:28:54 - [TEST_STEP][PASSED] - orPath_PaymentReady = "Object Repository/RAD_Pages/PaymentReady_Page": null

2024-11-12 17:28:54 - [TEST_STEP][PASSED] - orPath_PaymentEntry = "Object Repository/RAD_Pages/PaymentEntry_Page": null

2024-11-12 17:28:54 - [TEST_STEP][PASSED] - orPath_PaymentConfirmation = "Object Repository/RAD_Pages/PaymentConfirmation_Page": null

2024-11-12 17:28:54 - [TEST_STEP][PASSED] - orPath_ServiceFeesAccept = "Object Repository/RAD_Pages/ServiceFeeAccept_Page": null

2024-11-12 17:28:54 - [TEST_STEP][PASSED] - selectOptionByLabel(findTestObject(orPath_Landing + "/dd_TaxType"), Paymenttype, false): All options with label 'Existing Liability with Notice/Invoice Number' are selected in object 'Object Repository/RAD_Pages/Landing_Page/dd_TaxType' 

2024-11-12 17:28:55 - [MESSAGE][PASSED] - All options with label 'Existing Liability with Notice/Invoice Number' are selected in object 'Object Repository/RAD_Pages/Landing_Page/dd_TaxType' 

2024-11-12 17:28:55 - [TEST_STEP][PASSED] - delay(1): Delayed 1 second(s)

2024-11-12 17:28:56 - [MESSAGE][PASSED] - Delayed 1 second(s)

2024-11-12 17:28:56 - [TEST_STEP][PASSED] - switch (Paymenttype): null

2024-11-12 17:28:56 - [TEST_STEP][PASSED] - case "Existing Liability with Notice/Invoice Number":: null

2024-11-12 17:28:56 - [TEST_STEP][PASSED] - selectOptionByLabel(findTestObject(orPath_TaxTypeFilingYear + "/select_TaxType_ExistingLiability"), Taxtype, false): All options with label 'Tobacco Tax' are selected in object 'Object Repository/RAD_Pages/TaxTypeFilingYear_Page/select_TaxType_ExistingLiability' 

2024-11-12 17:28:56 - [MESSAGE][PASSED] - All options with label 'Tobacco Tax' are selected in object 'Object Repository/RAD_Pages/TaxTypeFilingYear_Page/select_TaxType_ExistingLiability' 

2024-11-12 17:28:56 - [TEST_STEP][PASSED] - break: null

2024-11-12 17:28:56 - [TEST_STEP][PASSED] - delay(1): Delayed 1 second(s)

2024-11-12 17:28:57 - [MESSAGE][PASSED] - Delayed 1 second(s)

2024-11-12 17:28:57 - [TEST_STEP][PASSED] - scrollToElement(findTestObject(orPath_Amount + "/input__paymentAmount"), 2, CONTINUE_ON_FAILURE): Scroll to object 'Object Repository/RAD_Pages/PaymentAmount_Page/input__paymentAmount' successfully

2024-11-12 17:28:58 - [MESSAGE][PASSED] - Scroll to object 'Object Repository/RAD_Pages/PaymentAmount_Page/input__paymentAmount' successfully

2024-11-12 17:28:58 - [TEST_STEP][PASSED] - switch (Paymenttype): null

2024-11-12 17:28:58 - [TEST_STEP][PASSED] - case "Existing Liability with Notice/Invoice Number":: null

2024-11-12 17:28:58 - [TEST_STEP][PASSED] - setEncryptedText(findTestObject(orPath_TaxInfo + "/input_TaxInfo_feinSsn_Existing_New"), "RigbBhfdqODKcAsiUrg+1Q=="): Text ****** has been set on object 'Object Repository/RAD_Pages/TaxInfo_Page/input_TaxInfo_feinSsn_Existing_New'

2024-11-12 17:28:58 - [MESSAGE][PASSED] - Text ****** has been set on object 'Object Repository/RAD_Pages/TaxInfo_Page/input_TaxInfo_feinSsn_Existing_New'

2024-11-12 17:28:58 - [TEST_STEP][PASSED] - setEncryptedText(findTestObject(orPath_TaxInfo + "/input_TaxInfo_RetypefeinSsn_Existing_New"), "RigbBhfdqOD+04WBHw5iKw=="): Text ****** has been set on object 'Object Repository/RAD_Pages/TaxInfo_Page/input_TaxInfo_RetypefeinSsn_Existing_New'

2024-11-12 17:28:59 - [MESSAGE][PASSED] - Text ****** has been set on object 'Object Repository/RAD_Pages/TaxInfo_Page/input_TaxInfo_RetypefeinSsn_Existing_New'

2024-11-12 17:28:59 - [TEST_STEP][PASSED] - break: null

2024-11-12 17:28:59 - [TEST_STEP][PASSED] - setText(findTestObject(orPath_Amount + "/input__paymentAmount"), ""): Text '' is set on object 'Object Repository/RAD_Pages/PaymentAmount_Page/input__paymentAmount'

2024-11-12 17:29:00 - [MESSAGE][PASSED] - Text '' is set on object 'Object Repository/RAD_Pages/PaymentAmount_Page/input__paymentAmount'

2024-11-12 17:29:00 - [TEST_STEP][PASSED] - if (verifyTextPresent("The FEIN/SSN and Re-type FEIN/SSN do not match", true)): null

2024-11-12 17:29:00 - [MESSAGE][PASSED] - Text 'The FEIN/SSN and Re-type FEIN/SSN do not match' is present on page  using regular expression

2024-11-12 17:29:00 - [TEST_STEP][PASSED] - println("Error Message is present on the page"): null

2024-11-12 17:29:00 - [TEST_STEP][PASSED] - out.println("Pass Record Number: " + row): null

2024-11-12 17:29:00 - [TEST_STEP][PASSED] - resText = "Pass": null

2024-11-12 17:29:00 - [TEST_STEP][PASSED] - pages.WriteExcel.demoKey(resText, datText, resColumn, datCloumn, fileLoc, nameSheet, row): pages.WriteExcel.demoKey is PASSED

2024-11-12 17:29:00 - [MESSAGE][PASSED] - pages.WriteExcel.demoKey is PASSED

2024-11-12 17:29:00 - [TEST_STEP][PASSED] - ExecuteTC = findTestData(dataFile).getValue("Execute", row): null

2024-11-12 17:29:00 - [TEST_STEP][PASSED] - Taxtype = findTestData(dataFile).getValue("TaxType", row): null

2024-11-12 17:29:00 - [TEST_STEP][PASSED] - Paymenttype = findTestData(dataFile).getValue("PaymentType", row): null

2024-11-12 17:29:00 - [TEST_STEP][PASSED] - out.println("Value of Execute is : " + ExecuteTC): null

2024-11-12 17:29:00 - [TEST_STEP][PASSED] - if (ExecuteTC.equalsIgnoreCase("Y")): null

2024-11-12 17:29:00 - [TEST_STEP][PASSED] - out.println("Begin Record Number: " + row): null

2024-11-12 17:29:00 - [TEST_STEP][PASSED] - today = new java.util.Date(): null

2024-11-12 17:29:00 - [TEST_STEP][PASSED] - println(today): null

2024-11-12 17:29:00 - [TEST_STEP][PASSED] - datText = today: null

2024-11-12 17:29:00 - [TEST_STEP][PASSED] - Taxtype = findTestData(dataFile).getValue("TaxType", row): null

2024-11-12 17:29:00 - [TEST_STEP][PASSED] - out.println("Taxtype value is : " + Taxtype): null

2024-11-12 17:29:00 - [TEST_STEP][PASSED] - openBrowser(""): Browser is opened with url: ''

2024-11-12 17:29:00 - [MESSAGE][WARNING] - A browser is already opened. Closing browser and opening a new one

2024-11-12 17:29:01 - [MESSAGE][INFO] - Starting 'Chrome' driver

2024-11-12 17:29:01 - [MESSAGE][INFO] - User set preference: ['acceptInsecureCerts', 'true']

2024-11-12 17:29:01 - [MESSAGE][INFO] - Action delay is set to 0 milliseconds

2024-11-12 17:29:03 - [MESSAGE][PASSED] - Browser is opened with url: ''

2024-11-12 17:29:03 - [TEST_STEP][PASSED] - maximizeWindow(): Current window maximized

2024-11-12 17:29:03 - [MESSAGE][PASSED] - Current window maximized

2024-11-12 17:29:03 - [TEST_STEP][PASSED] - navigateToUrl(RADurl): Navigate to 'https://www.velocitypayment.com/client/rad/index.html' successfully

2024-11-12 17:29:05 - [MESSAGE][PASSED] - Navigate to 'https://www.velocitypayment.com/client/rad/index.html' successfully

2024-11-12 17:29:05 - [TEST_STEP][PASSED] - orPath_Landing = "Object Repository/RAD_Pages/Landing_Page": null

2024-11-12 17:29:05 - [TEST_STEP][PASSED] - orPath_TaxTypeFilingYear = "Object Repository/RAD_Pages/TaxTypeFilingYear_Page": null

2024-11-12 17:29:05 - [TEST_STEP][PASSED] - orPath_TaxPayer = "Object Repository/RAD_Pages/Taxpayer_Page": null

2024-11-12 17:29:05 - [TEST_STEP][PASSED] - orPath_AddressContact = "Object Repository/RAD_Pages/AddressAndContactInfo_Page": null

2024-11-12 17:29:05 - [TEST_STEP][PASSED] - orPath_FilingStatus = "Object Repository/RAD_Pages/FilingStatus_Page": null

2024-11-12 17:29:05 - [TEST_STEP][PASSED] - orPath_Amount = "Object Repository/RAD_Pages/PaymentAmount_Page": null

2024-11-12 17:29:05 - [TEST_STEP][PASSED] - orPath_TaxInfo = "Object Repository/RAD_Pages/TaxInfo_Page": null

2024-11-12 17:29:05 - [TEST_STEP][PASSED] - orPath_Withholding = "Object Repository/RAD_Pages/Withholding_Page": null

2024-11-12 17:29:05 - [TEST_STEP][PASSED] - orPath_Summary = "Object Repository/RAD_Pages/Summary_Page": null

2024-11-12 17:29:05 - [TEST_STEP][PASSED] - orPath_PaymentReady = "Object Repository/RAD_Pages/PaymentReady_Page": null

2024-11-12 17:29:05 - [TEST_STEP][PASSED] - orPath_PaymentEntry = "Object Repository/RAD_Pages/PaymentEntry_Page": null

2024-11-12 17:29:05 - [TEST_STEP][PASSED] - orPath_PaymentConfirmation = "Object Repository/RAD_Pages/PaymentConfirmation_Page": null

2024-11-12 17:29:05 - [TEST_STEP][PASSED] - orPath_ServiceFeesAccept = "Object Repository/RAD_Pages/ServiceFeeAccept_Page": null

2024-11-12 17:29:05 - [TEST_STEP][PASSED] - selectOptionByLabel(findTestObject(orPath_Landing + "/dd_TaxType"), Paymenttype, false): All options with label 'New Tax Return Amount Due' are selected in object 'Object Repository/RAD_Pages/Landing_Page/dd_TaxType' 

2024-11-12 17:29:06 - [MESSAGE][PASSED] - All options with label 'New Tax Return Amount Due' are selected in object 'Object Repository/RAD_Pages/Landing_Page/dd_TaxType' 

2024-11-12 17:29:06 - [TEST_STEP][PASSED] - delay(1): Delayed 1 second(s)

2024-11-12 17:29:07 - [MESSAGE][PASSED] - Delayed 1 second(s)

2024-11-12 17:29:07 - [TEST_STEP][PASSED] - switch (Paymenttype): null

2024-11-12 17:29:07 - [TEST_STEP][PASSED] - case "New Tax Return Amount Due":: null

2024-11-12 17:29:07 - [TEST_STEP][PASSED] - selectOptionByLabel(findTestObject("Object Repository/RAD_Pages/Landing_Page/select_NewTaxReturnAmountDue_TaxType"), Taxtype, false): All options with label 'Tobacco Tax' are selected in object 'Object Repository/RAD_Pages/Landing_Page/select_NewTaxReturnAmountDue_TaxType' 

2024-11-12 17:29:07 - [MESSAGE][PASSED] - All options with label 'Tobacco Tax' are selected in object 'Object Repository/RAD_Pages/Landing_Page/select_NewTaxReturnAmountDue_TaxType' 

2024-11-12 17:29:07 - [TEST_STEP][PASSED] - break: null

2024-11-12 17:29:07 - [TEST_STEP][PASSED] - delay(1): Delayed 1 second(s)

2024-11-12 17:29:08 - [MESSAGE][PASSED] - Delayed 1 second(s)

2024-11-12 17:29:08 - [TEST_STEP][PASSED] - scrollToElement(findTestObject(orPath_Amount + "/input__paymentAmount"), 2, CONTINUE_ON_FAILURE): Scroll to object 'Object Repository/RAD_Pages/PaymentAmount_Page/input__paymentAmount' successfully

2024-11-12 17:29:09 - [MESSAGE][PASSED] - Scroll to object 'Object Repository/RAD_Pages/PaymentAmount_Page/input__paymentAmount' successfully

2024-11-12 17:29:09 - [TEST_STEP][PASSED] - switch (Paymenttype): null

2024-11-12 17:29:09 - [TEST_STEP][PASSED] - case "New Tax Return Amount Due":: null

2024-11-12 17:29:09 - [TEST_STEP][PASSED] - setEncryptedText(findTestObject(orPath_TaxInfo + "/input_TaxInfo_FeinSsn_New_2"), "RigbBhfdqODKcAsiUrg+1Q=="): Text ****** has been set on object 'Object Repository/RAD_Pages/TaxInfo_Page/input_TaxInfo_FeinSsn_New_2'

2024-11-12 17:29:09 - [MESSAGE][PASSED] - Text ****** has been set on object 'Object Repository/RAD_Pages/TaxInfo_Page/input_TaxInfo_FeinSsn_New_2'

2024-11-12 17:29:09 - [TEST_STEP][PASSED] - setEncryptedText(findTestObject(orPath_TaxInfo + "/input_TaxInfo_RetypeFeinSsn_New_2"), "RigbBhfdqOD+04WBHw5iKw=="): Text ****** has been set on object 'Object Repository/RAD_Pages/TaxInfo_Page/input_TaxInfo_RetypeFeinSsn_New_2'

2024-11-12 17:29:10 - [MESSAGE][PASSED] - Text ****** has been set on object 'Object Repository/RAD_Pages/TaxInfo_Page/input_TaxInfo_RetypeFeinSsn_New_2'

2024-11-12 17:29:10 - [TEST_STEP][PASSED] - break: null

2024-11-12 17:29:10 - [TEST_STEP][PASSED] - setText(findTestObject(orPath_Amount + "/input__paymentAmount"), ""): Text '' is set on object 'Object Repository/RAD_Pages/PaymentAmount_Page/input__paymentAmount'

2024-11-12 17:29:11 - [MESSAGE][PASSED] - Text '' is set on object 'Object Repository/RAD_Pages/PaymentAmount_Page/input__paymentAmount'

2024-11-12 17:29:11 - [TEST_STEP][PASSED] - if (verifyTextPresent("The FEIN/SSN and Re-type FEIN/SSN do not match", true)): null

2024-11-12 17:29:11 - [MESSAGE][PASSED] - Text 'The FEIN/SSN and Re-type FEIN/SSN do not match' is present on page  using regular expression

2024-11-12 17:29:11 - [TEST_STEP][PASSED] - println("Error Message is present on the page"): null

2024-11-12 17:29:11 - [TEST_STEP][PASSED] - out.println("Pass Record Number: " + row): null

2024-11-12 17:29:11 - [TEST_STEP][PASSED] - resText = "Pass": null

2024-11-12 17:29:11 - [TEST_STEP][PASSED] - pages.WriteExcel.demoKey(resText, datText, resColumn, datCloumn, fileLoc, nameSheet, row): pages.WriteExcel.demoKey is PASSED

2024-11-12 17:29:11 - [MESSAGE][PASSED] - pages.WriteExcel.demoKey is PASSED]]></system-out>
         <system-err><![CDATA[]]></system-err>
      </testcase>
      <testcase name="Test Cases/RAD_TestCases/Negative_TestCases/FEINmoreThan9Error-NEW" time="303.494" classname="Test Cases/RAD_TestCases/Negative_TestCases/FEINmoreThan9Error-NEW" status="PASSED">
         <system-out><![CDATA[2024-11-12 17:29:11 - [TEST_CASE][PASSED] - Test Cases/RAD_TestCases/Negative_TestCases/FEINmoreThan9Error-NEW: Test Cases/RAD_TestCases/Negative_TestCases/FEINmoreThan9Error-NEW

2024-11-12 17:29:13 - [TEST_STEP][PASSED] - resText = "Fail": null

2024-11-12 17:29:13 - [TEST_STEP][PASSED] - resColumn = "Result": null

2024-11-12 17:29:13 - [TEST_STEP][PASSED] - datCloumn = "Date": null

2024-11-12 17:29:13 - [TEST_STEP][PASSED] - fileLoc = "KatalonData/RADTestData/FEINmoreThan9Error.xlsx": null

2024-11-12 17:29:13 - [TEST_STEP][PASSED] - nameSheet = "Sheet1": null

2024-11-12 17:29:13 - [TEST_STEP][PASSED] - dataFile = "RADTestData/FEINmoreThan9Error": null

2024-11-12 17:29:13 - [TEST_STEP][PASSED] - ExecuteTC = <not implemented yet for class: org.codehaus.groovy.ast.expr.EmptyExpression>: null

2024-11-12 17:29:13 - [TEST_STEP][PASSED] - Taxtype = <not implemented yet for class: org.codehaus.groovy.ast.expr.EmptyExpression>: null

2024-11-12 17:29:13 - [TEST_STEP][PASSED] - Paymenttype = <not implemented yet for class: org.codehaus.groovy.ast.expr.EmptyExpression>: null

2024-11-12 17:29:13 - [TEST_STEP][PASSED] - numOfRows = findTestData(dataFile).getRowNumbers(): null

2024-11-12 17:29:13 - [TEST_STEP][PASSED] - println("Number of Records: " + numOfRows): null

2024-11-12 17:29:13 - [TEST_STEP][PASSED] - for ([row = 1, row <= numOfRows, (row++)]): null

2024-11-12 17:29:13 - [TEST_STEP][PASSED] - ExecuteTC = findTestData(dataFile).getValue("Execute", row): null

2024-11-12 17:29:13 - [TEST_STEP][PASSED] - Taxtype = findTestData(dataFile).getValue("TaxType", row): null

2024-11-12 17:29:13 - [TEST_STEP][PASSED] - Paymenttype = findTestData(dataFile).getValue("PaymentType", row): null

2024-11-12 17:29:13 - [TEST_STEP][PASSED] - out.println("Value of Execute is : " + ExecuteTC): null

2024-11-12 17:29:13 - [TEST_STEP][PASSED] - if (ExecuteTC.equalsIgnoreCase("Y")): null

2024-11-12 17:29:13 - [TEST_STEP][PASSED] - out.println("Begin Record Number: " + row): null

2024-11-12 17:29:13 - [TEST_STEP][PASSED] - today = new java.util.Date(): null

2024-11-12 17:29:13 - [TEST_STEP][PASSED] - println(today): null

2024-11-12 17:29:13 - [TEST_STEP][PASSED] - datText = today: null

2024-11-12 17:29:13 - [TEST_STEP][PASSED] - Taxtype = findTestData(dataFile).getValue("TaxType", row): null

2024-11-12 17:29:13 - [TEST_STEP][PASSED] - out.println("Taxtype value is : " + Taxtype): null

2024-11-12 17:29:13 - [TEST_STEP][PASSED] - openBrowser(""): Browser is opened with url: ''

2024-11-12 17:29:13 - [MESSAGE][WARNING] - A browser is already opened. Closing browser and opening a new one

2024-11-12 17:29:16 - [MESSAGE][INFO] - Starting 'Chrome' driver

2024-11-12 17:29:16 - [MESSAGE][INFO] - User set preference: ['acceptInsecureCerts', 'true']

2024-11-12 17:29:16 - [MESSAGE][INFO] - Action delay is set to 0 milliseconds

2024-11-12 17:29:17 - [MESSAGE][PASSED] - Browser is opened with url: ''

2024-11-12 17:29:17 - [TEST_STEP][PASSED] - maximizeWindow(): Current window maximized

2024-11-12 17:29:17 - [MESSAGE][PASSED] - Current window maximized

2024-11-12 17:29:17 - [TEST_STEP][PASSED] - navigateToUrl(RADurl): Navigate to 'https://www.velocitypayment.com/client/rad/index.html' successfully

2024-11-12 17:29:19 - [MESSAGE][PASSED] - Navigate to 'https://www.velocitypayment.com/client/rad/index.html' successfully

2024-11-12 17:29:19 - [TEST_STEP][PASSED] - orPath_Landing = "Object Repository/RAD_Pages/Landing_Page": null

2024-11-12 17:29:19 - [TEST_STEP][PASSED] - orPath_TaxTypeFilingYear = "Object Repository/RAD_Pages/TaxTypeFilingYear_Page": null

2024-11-12 17:29:19 - [TEST_STEP][PASSED] - orPath_TaxPayer = "Object Repository/RAD_Pages/Taxpayer_Page": null

2024-11-12 17:29:19 - [TEST_STEP][PASSED] - orPath_AddressContact = "Object Repository/RAD_Pages/AddressAndContactInfo_Page": null

2024-11-12 17:29:19 - [TEST_STEP][PASSED] - orPath_FilingStatus = "Object Repository/RAD_Pages/FilingStatus_Page": null

2024-11-12 17:29:19 - [TEST_STEP][PASSED] - orPath_Amount = "Object Repository/RAD_Pages/PaymentAmount_Page": null

2024-11-12 17:29:19 - [TEST_STEP][PASSED] - orPath_TaxInfo = "Object Repository/RAD_Pages/TaxInfo_Page": null

2024-11-12 17:29:19 - [TEST_STEP][PASSED] - orPath_Withholding = "Object Repository/RAD_Pages/Withholding_Page": null

2024-11-12 17:29:19 - [TEST_STEP][PASSED] - orPath_Summary = "Object Repository/RAD_Pages/Summary_Page": null

2024-11-12 17:29:19 - [TEST_STEP][PASSED] - orPath_PaymentReady = "Object Repository/RAD_Pages/PaymentReady_Page": null

2024-11-12 17:29:19 - [TEST_STEP][PASSED] - orPath_PaymentEntry = "Object Repository/RAD_Pages/PaymentEntry_Page": null

2024-11-12 17:29:19 - [TEST_STEP][PASSED] - orPath_PaymentConfirmation = "Object Repository/RAD_Pages/PaymentConfirmation_Page": null

2024-11-12 17:29:19 - [TEST_STEP][PASSED] - orPath_ServiceFeesAccept = "Object Repository/RAD_Pages/ServiceFeeAccept_Page": null

2024-11-12 17:29:19 - [TEST_STEP][PASSED] - selectOptionByLabel(findTestObject(orPath_Landing + "/dd_TaxType"), Paymenttype, false): All options with label 'Existing Liability with Notice/Invoice Number' are selected in object 'Object Repository/RAD_Pages/Landing_Page/dd_TaxType' 

2024-11-12 17:29:20 - [MESSAGE][PASSED] - All options with label 'Existing Liability with Notice/Invoice Number' are selected in object 'Object Repository/RAD_Pages/Landing_Page/dd_TaxType' 

2024-11-12 17:29:20 - [TEST_STEP][PASSED] - delay(1): Delayed 1 second(s)

2024-11-12 17:29:21 - [MESSAGE][PASSED] - Delayed 1 second(s)

2024-11-12 17:29:21 - [TEST_STEP][PASSED] - switch (Paymenttype): null

2024-11-12 17:29:21 - [TEST_STEP][PASSED] - case "Existing Liability with Notice/Invoice Number":: null

2024-11-12 17:29:21 - [TEST_STEP][PASSED] - selectOptionByLabel(findTestObject(orPath_TaxTypeFilingYear + "/select_TaxType_ExistingLiability"), Taxtype, false): All options with label 'Bay Restoration Fee' are selected in object 'Object Repository/RAD_Pages/TaxTypeFilingYear_Page/select_TaxType_ExistingLiability' 

2024-11-12 17:29:22 - [MESSAGE][PASSED] - All options with label 'Bay Restoration Fee' are selected in object 'Object Repository/RAD_Pages/TaxTypeFilingYear_Page/select_TaxType_ExistingLiability' 

2024-11-12 17:29:22 - [TEST_STEP][PASSED] - break: null

2024-11-12 17:29:22 - [TEST_STEP][PASSED] - delay(1): Delayed 1 second(s)

2024-11-12 17:29:23 - [MESSAGE][PASSED] - Delayed 1 second(s)

2024-11-12 17:29:23 - [TEST_STEP][PASSED] - switch (Paymenttype): null

2024-11-12 17:29:23 - [TEST_STEP][PASSED] - case "Existing Liability with Notice/Invoice Number":: null

2024-11-12 17:29:23 - [TEST_STEP][PASSED] - setEncryptedText(findTestObject("Object Repository/RAD_RecordAndPlay/input_Existing_FEIN"), "RigbBhfdqOBDK95asqKeHw=="): Text ****** has been set on object 'Object Repository/RAD_RecordAndPlay/input_Existing_FEIN'

2024-11-12 17:29:23 - [MESSAGE][PASSED] - Text ****** has been set on object 'Object Repository/RAD_RecordAndPlay/input_Existing_FEIN'

2024-11-12 17:29:23 - [TEST_STEP][PASSED] - setEncryptedText(findTestObject("Object Repository/RAD_RecordAndPlay/input_Existing_RetypeFEIN"), ""): Text ****** has been set on object 'Object Repository/RAD_RecordAndPlay/input_Existing_RetypeFEIN'

2024-11-12 17:29:24 - [MESSAGE][PASSED] - Text ****** has been set on object 'Object Repository/RAD_RecordAndPlay/input_Existing_RetypeFEIN'

2024-11-12 17:29:24 - [TEST_STEP][PASSED] - break: null

2024-11-12 17:29:24 - [TEST_STEP][PASSED] - verifyTextPresent("Please enter a valid FEIN with 9 digits.", true): Text 'Please enter a valid FEIN with 9 digits.' is present on page  using regular expression

2024-11-12 17:29:24 - [MESSAGE][PASSED] - Text 'Please enter a valid FEIN with 9 digits.' is present on page  using regular expression

2024-11-12 17:29:24 - [TEST_STEP][PASSED] - if (verifyTextPresent("Please enter a valid FEIN with 9 digits.", true)): null

2024-11-12 17:29:25 - [MESSAGE][PASSED] - Text 'Please enter a valid FEIN with 9 digits.' is present on page  using regular expression

2024-11-12 17:29:25 - [TEST_STEP][PASSED] - println("Error Message is present on the page"): null

2024-11-12 17:29:25 - [TEST_STEP][PASSED] - out.println("Pass Record Number: " + row): null

2024-11-12 17:29:25 - [TEST_STEP][PASSED] - resText = "Pass": null

2024-11-12 17:29:25 - [TEST_STEP][PASSED] - pages.WriteExcel.demoKey(resText, datText, resColumn, datCloumn, fileLoc, nameSheet, row): pages.WriteExcel.demoKey is PASSED

2024-11-12 17:29:25 - [MESSAGE][PASSED] - pages.WriteExcel.demoKey is PASSED

2024-11-12 17:29:25 - [TEST_STEP][PASSED] - ExecuteTC = findTestData(dataFile).getValue("Execute", row): null

2024-11-12 17:29:25 - [TEST_STEP][PASSED] - Taxtype = findTestData(dataFile).getValue("TaxType", row): null

2024-11-12 17:29:25 - [TEST_STEP][PASSED] - Paymenttype = findTestData(dataFile).getValue("PaymentType", row): null

2024-11-12 17:29:25 - [TEST_STEP][PASSED] - out.println("Value of Execute is : " + ExecuteTC): null

2024-11-12 17:29:25 - [TEST_STEP][PASSED] - if (ExecuteTC.equalsIgnoreCase("Y")): null

2024-11-12 17:29:25 - [TEST_STEP][PASSED] - out.println("Begin Record Number: " + row): null

2024-11-12 17:29:25 - [TEST_STEP][PASSED] - today = new java.util.Date(): null

2024-11-12 17:29:25 - [TEST_STEP][PASSED] - println(today): null

2024-11-12 17:29:25 - [TEST_STEP][PASSED] - datText = today: null

2024-11-12 17:29:25 - [TEST_STEP][PASSED] - Taxtype = findTestData(dataFile).getValue("TaxType", row): null

2024-11-12 17:29:25 - [TEST_STEP][PASSED] - out.println("Taxtype value is : " + Taxtype): null

2024-11-12 17:29:25 - [TEST_STEP][PASSED] - openBrowser(""): Browser is opened with url: ''

2024-11-12 17:29:25 - [MESSAGE][WARNING] - A browser is already opened. Closing browser and opening a new one

2024-11-12 17:29:26 - [MESSAGE][INFO] - Starting 'Chrome' driver

2024-11-12 17:29:26 - [MESSAGE][INFO] - User set preference: ['acceptInsecureCerts', 'true']

2024-11-12 17:29:26 - [MESSAGE][INFO] - Action delay is set to 0 milliseconds

2024-11-12 17:29:28 - [MESSAGE][PASSED] - Browser is opened with url: ''

2024-11-12 17:29:28 - [TEST_STEP][PASSED] - maximizeWindow(): Current window maximized

2024-11-12 17:29:28 - [MESSAGE][PASSED] - Current window maximized

2024-11-12 17:29:28 - [TEST_STEP][PASSED] - navigateToUrl(RADurl): Navigate to 'https://www.velocitypayment.com/client/rad/index.html' successfully

2024-11-12 17:29:29 - [MESSAGE][PASSED] - Navigate to 'https://www.velocitypayment.com/client/rad/index.html' successfully

2024-11-12 17:29:29 - [TEST_STEP][PASSED] - orPath_Landing = "Object Repository/RAD_Pages/Landing_Page": null

2024-11-12 17:29:29 - [TEST_STEP][PASSED] - orPath_TaxTypeFilingYear = "Object Repository/RAD_Pages/TaxTypeFilingYear_Page": null

2024-11-12 17:29:29 - [TEST_STEP][PASSED] - orPath_TaxPayer = "Object Repository/RAD_Pages/Taxpayer_Page": null

2024-11-12 17:29:29 - [TEST_STEP][PASSED] - orPath_AddressContact = "Object Repository/RAD_Pages/AddressAndContactInfo_Page": null

2024-11-12 17:29:29 - [TEST_STEP][PASSED] - orPath_FilingStatus = "Object Repository/RAD_Pages/FilingStatus_Page": null

2024-11-12 17:29:29 - [TEST_STEP][PASSED] - orPath_Amount = "Object Repository/RAD_Pages/PaymentAmount_Page": null

2024-11-12 17:29:29 - [TEST_STEP][PASSED] - orPath_TaxInfo = "Object Repository/RAD_Pages/TaxInfo_Page": null

2024-11-12 17:29:29 - [TEST_STEP][PASSED] - orPath_Withholding = "Object Repository/RAD_Pages/Withholding_Page": null

2024-11-12 17:29:29 - [TEST_STEP][PASSED] - orPath_Summary = "Object Repository/RAD_Pages/Summary_Page": null

2024-11-12 17:29:29 - [TEST_STEP][PASSED] - orPath_PaymentReady = "Object Repository/RAD_Pages/PaymentReady_Page": null

2024-11-12 17:29:29 - [TEST_STEP][PASSED] - orPath_PaymentEntry = "Object Repository/RAD_Pages/PaymentEntry_Page": null

2024-11-12 17:29:29 - [TEST_STEP][PASSED] - orPath_PaymentConfirmation = "Object Repository/RAD_Pages/PaymentConfirmation_Page": null

2024-11-12 17:29:29 - [TEST_STEP][PASSED] - orPath_ServiceFeesAccept = "Object Repository/RAD_Pages/ServiceFeeAccept_Page": null

2024-11-12 17:29:29 - [TEST_STEP][PASSED] - selectOptionByLabel(findTestObject(orPath_Landing + "/dd_TaxType"), Paymenttype, false): All options with label 'Existing Liability with Notice/Invoice Number' are selected in object 'Object Repository/RAD_Pages/Landing_Page/dd_TaxType' 

2024-11-12 17:29:30 - [MESSAGE][PASSED] - All options with label 'Existing Liability with Notice/Invoice Number' are selected in object 'Object Repository/RAD_Pages/Landing_Page/dd_TaxType' 

2024-11-12 17:29:30 - [TEST_STEP][PASSED] - delay(1): Delayed 1 second(s)

2024-11-12 17:29:31 - [MESSAGE][PASSED] - Delayed 1 second(s)

2024-11-12 17:29:31 - [TEST_STEP][PASSED] - switch (Paymenttype): null

2024-11-12 17:29:31 - [TEST_STEP][PASSED] - case "Existing Liability with Notice/Invoice Number":: null

2024-11-12 17:29:31 - [TEST_STEP][PASSED] - selectOptionByLabel(findTestObject(orPath_TaxTypeFilingYear + "/select_TaxType_ExistingLiability"), Taxtype, false): All options with label 'Corporate Income Tax' are selected in object 'Object Repository/RAD_Pages/TaxTypeFilingYear_Page/select_TaxType_ExistingLiability' 

2024-11-12 17:29:32 - [MESSAGE][PASSED] - All options with label 'Corporate Income Tax' are selected in object 'Object Repository/RAD_Pages/TaxTypeFilingYear_Page/select_TaxType_ExistingLiability' 

2024-11-12 17:29:32 - [TEST_STEP][PASSED] - break: null

2024-11-12 17:29:32 - [TEST_STEP][PASSED] - delay(1): Delayed 1 second(s)

2024-11-12 17:29:33 - [MESSAGE][PASSED] - Delayed 1 second(s)

2024-11-12 17:29:33 - [TEST_STEP][PASSED] - switch (Paymenttype): null

2024-11-12 17:29:33 - [TEST_STEP][PASSED] - case "Existing Liability with Notice/Invoice Number":: null

2024-11-12 17:29:33 - [TEST_STEP][PASSED] - setEncryptedText(findTestObject("Object Repository/RAD_RecordAndPlay/input_Existing_FEIN"), "RigbBhfdqOBDK95asqKeHw=="): Text ****** has been set on object 'Object Repository/RAD_RecordAndPlay/input_Existing_FEIN'

2024-11-12 17:29:33 - [MESSAGE][PASSED] - Text ****** has been set on object 'Object Repository/RAD_RecordAndPlay/input_Existing_FEIN'

2024-11-12 17:29:33 - [TEST_STEP][PASSED] - setEncryptedText(findTestObject("Object Repository/RAD_RecordAndPlay/input_Existing_RetypeFEIN"), ""): Text ****** has been set on object 'Object Repository/RAD_RecordAndPlay/input_Existing_RetypeFEIN'

2024-11-12 17:29:34 - [MESSAGE][PASSED] - Text ****** has been set on object 'Object Repository/RAD_RecordAndPlay/input_Existing_RetypeFEIN'

2024-11-12 17:29:34 - [TEST_STEP][PASSED] - break: null

2024-11-12 17:29:34 - [TEST_STEP][PASSED] - verifyTextPresent("Please enter a valid FEIN with 9 digits.", true): Text 'Please enter a valid FEIN with 9 digits.' is present on page  using regular expression

2024-11-12 17:29:34 - [MESSAGE][PASSED] - Text 'Please enter a valid FEIN with 9 digits.' is present on page  using regular expression

2024-11-12 17:29:34 - [TEST_STEP][PASSED] - if (verifyTextPresent("Please enter a valid FEIN with 9 digits.", true)): null

2024-11-12 17:29:35 - [MESSAGE][PASSED] - Text 'Please enter a valid FEIN with 9 digits.' is present on page  using regular expression

2024-11-12 17:29:35 - [TEST_STEP][PASSED] - println("Error Message is present on the page"): null

2024-11-12 17:29:35 - [TEST_STEP][PASSED] - out.println("Pass Record Number: " + row): null

2024-11-12 17:29:35 - [TEST_STEP][PASSED] - resText = "Pass": null

2024-11-12 17:29:35 - [TEST_STEP][PASSED] - pages.WriteExcel.demoKey(resText, datText, resColumn, datCloumn, fileLoc, nameSheet, row): pages.WriteExcel.demoKey is PASSED

2024-11-12 17:29:35 - [MESSAGE][PASSED] - pages.WriteExcel.demoKey is PASSED

2024-11-12 17:29:35 - [TEST_STEP][PASSED] - ExecuteTC = findTestData(dataFile).getValue("Execute", row): null

2024-11-12 17:29:35 - [TEST_STEP][PASSED] - Taxtype = findTestData(dataFile).getValue("TaxType", row): null

2024-11-12 17:29:35 - [TEST_STEP][PASSED] - Paymenttype = findTestData(dataFile).getValue("PaymentType", row): null

2024-11-12 17:29:35 - [TEST_STEP][PASSED] - out.println("Value of Execute is : " + ExecuteTC): null

2024-11-12 17:29:35 - [TEST_STEP][PASSED] - if (ExecuteTC.equalsIgnoreCase("Y")): null

2024-11-12 17:29:35 - [TEST_STEP][PASSED] - out.println("Begin Record Number: " + row): null

2024-11-12 17:29:35 - [TEST_STEP][PASSED] - today = new java.util.Date(): null

2024-11-12 17:29:35 - [TEST_STEP][PASSED] - println(today): null

2024-11-12 17:29:35 - [TEST_STEP][PASSED] - datText = today: null

2024-11-12 17:29:35 - [TEST_STEP][PASSED] - Taxtype = findTestData(dataFile).getValue("TaxType", row): null

2024-11-12 17:29:35 - [TEST_STEP][PASSED] - out.println("Taxtype value is : " + Taxtype): null

2024-11-12 17:29:35 - [TEST_STEP][PASSED] - openBrowser(""): Browser is opened with url: ''

2024-11-12 17:29:35 - [MESSAGE][WARNING] - A browser is already opened. Closing browser and opening a new one

2024-11-12 17:29:36 - [MESSAGE][INFO] - Starting 'Chrome' driver

2024-11-12 17:29:36 - [MESSAGE][INFO] - User set preference: ['acceptInsecureCerts', 'true']

2024-11-12 17:29:36 - [MESSAGE][INFO] - Action delay is set to 0 milliseconds

2024-11-12 17:29:38 - [MESSAGE][PASSED] - Browser is opened with url: ''

2024-11-12 17:29:38 - [TEST_STEP][PASSED] - maximizeWindow(): Current window maximized

2024-11-12 17:29:38 - [MESSAGE][PASSED] - Current window maximized

2024-11-12 17:29:38 - [TEST_STEP][PASSED] - navigateToUrl(RADurl): Navigate to 'https://www.velocitypayment.com/client/rad/index.html' successfully

2024-11-12 17:29:38 - [MESSAGE][PASSED] - Navigate to 'https://www.velocitypayment.com/client/rad/index.html' successfully

2024-11-12 17:29:38 - [TEST_STEP][PASSED] - orPath_Landing = "Object Repository/RAD_Pages/Landing_Page": null

2024-11-12 17:29:38 - [TEST_STEP][PASSED] - orPath_TaxTypeFilingYear = "Object Repository/RAD_Pages/TaxTypeFilingYear_Page": null

2024-11-12 17:29:38 - [TEST_STEP][PASSED] - orPath_TaxPayer = "Object Repository/RAD_Pages/Taxpayer_Page": null

2024-11-12 17:29:38 - [TEST_STEP][PASSED] - orPath_AddressContact = "Object Repository/RAD_Pages/AddressAndContactInfo_Page": null

2024-11-12 17:29:38 - [TEST_STEP][PASSED] - orPath_FilingStatus = "Object Repository/RAD_Pages/FilingStatus_Page": null

2024-11-12 17:29:38 - [TEST_STEP][PASSED] - orPath_Amount = "Object Repository/RAD_Pages/PaymentAmount_Page": null

2024-11-12 17:29:38 - [TEST_STEP][PASSED] - orPath_TaxInfo = "Object Repository/RAD_Pages/TaxInfo_Page": null

2024-11-12 17:29:38 - [TEST_STEP][PASSED] - orPath_Withholding = "Object Repository/RAD_Pages/Withholding_Page": null

2024-11-12 17:29:38 - [TEST_STEP][PASSED] - orPath_Summary = "Object Repository/RAD_Pages/Summary_Page": null

2024-11-12 17:29:38 - [TEST_STEP][PASSED] - orPath_PaymentReady = "Object Repository/RAD_Pages/PaymentReady_Page": null

2024-11-12 17:29:38 - [TEST_STEP][PASSED] - orPath_PaymentEntry = "Object Repository/RAD_Pages/PaymentEntry_Page": null

2024-11-12 17:29:38 - [TEST_STEP][PASSED] - orPath_PaymentConfirmation = "Object Repository/RAD_Pages/PaymentConfirmation_Page": null

2024-11-12 17:29:38 - [TEST_STEP][PASSED] - orPath_ServiceFeesAccept = "Object Repository/RAD_Pages/ServiceFeeAccept_Page": null

2024-11-12 17:29:38 - [TEST_STEP][PASSED] - selectOptionByLabel(findTestObject(orPath_Landing + "/dd_TaxType"), Paymenttype, false): All options with label 'Existing Liability with Notice/Invoice Number' are selected in object 'Object Repository/RAD_Pages/Landing_Page/dd_TaxType' 

2024-11-12 17:29:40 - [MESSAGE][PASSED] - All options with label 'Existing Liability with Notice/Invoice Number' are selected in object 'Object Repository/RAD_Pages/Landing_Page/dd_TaxType' 

2024-11-12 17:29:40 - [TEST_STEP][PASSED] - delay(1): Delayed 1 second(s)

2024-11-12 17:29:41 - [MESSAGE][PASSED] - Delayed 1 second(s)

2024-11-12 17:29:41 - [TEST_STEP][PASSED] - switch (Paymenttype): null

2024-11-12 17:29:41 - [TEST_STEP][PASSED] - case "Existing Liability with Notice/Invoice Number":: null

2024-11-12 17:29:41 - [TEST_STEP][PASSED] - selectOptionByLabel(findTestObject(orPath_TaxTypeFilingYear + "/select_TaxType_ExistingLiability"), Taxtype, false): All options with label 'Fiduciary Tax' are selected in object 'Object Repository/RAD_Pages/TaxTypeFilingYear_Page/select_TaxType_ExistingLiability' 

2024-11-12 17:29:42 - [MESSAGE][PASSED] - All options with label 'Fiduciary Tax' are selected in object 'Object Repository/RAD_Pages/TaxTypeFilingYear_Page/select_TaxType_ExistingLiability' 

2024-11-12 17:29:42 - [TEST_STEP][PASSED] - break: null

2024-11-12 17:29:42 - [TEST_STEP][PASSED] - delay(1): Delayed 1 second(s)

2024-11-12 17:29:43 - [MESSAGE][PASSED] - Delayed 1 second(s)

2024-11-12 17:29:43 - [TEST_STEP][PASSED] - switch (Paymenttype): null

2024-11-12 17:29:43 - [TEST_STEP][PASSED] - case "Existing Liability with Notice/Invoice Number":: null

2024-11-12 17:29:43 - [TEST_STEP][PASSED] - setEncryptedText(findTestObject("Object Repository/RAD_RecordAndPlay/input_Existing_FEIN"), "RigbBhfdqOBDK95asqKeHw=="): Text ****** has been set on object 'Object Repository/RAD_RecordAndPlay/input_Existing_FEIN'

2024-11-12 17:29:44 - [MESSAGE][PASSED] - Text ****** has been set on object 'Object Repository/RAD_RecordAndPlay/input_Existing_FEIN'

2024-11-12 17:29:44 - [TEST_STEP][PASSED] - setEncryptedText(findTestObject("Object Repository/RAD_RecordAndPlay/input_Existing_RetypeFEIN"), ""): Text ****** has been set on object 'Object Repository/RAD_RecordAndPlay/input_Existing_RetypeFEIN'

2024-11-12 17:29:44 - [MESSAGE][PASSED] - Text ****** has been set on object 'Object Repository/RAD_RecordAndPlay/input_Existing_RetypeFEIN'

2024-11-12 17:29:44 - [TEST_STEP][PASSED] - break: null

2024-11-12 17:29:44 - [TEST_STEP][PASSED] - verifyTextPresent("Please enter a valid FEIN with 9 digits.", true): Text 'Please enter a valid FEIN with 9 digits.' is present on page  using regular expression

2024-11-12 17:29:45 - [MESSAGE][PASSED] - Text 'Please enter a valid FEIN with 9 digits.' is present on page  using regular expression

2024-11-12 17:29:45 - [TEST_STEP][PASSED] - if (verifyTextPresent("Please enter a valid FEIN with 9 digits.", true)): null

2024-11-12 17:29:45 - [MESSAGE][PASSED] - Text 'Please enter a valid FEIN with 9 digits.' is present on page  using regular expression

2024-11-12 17:29:45 - [TEST_STEP][PASSED] - println("Error Message is present on the page"): null

2024-11-12 17:29:45 - [TEST_STEP][PASSED] - out.println("Pass Record Number: " + row): null

2024-11-12 17:29:45 - [TEST_STEP][PASSED] - resText = "Pass": null

2024-11-12 17:29:45 - [TEST_STEP][PASSED] - pages.WriteExcel.demoKey(resText, datText, resColumn, datCloumn, fileLoc, nameSheet, row): pages.WriteExcel.demoKey is PASSED

2024-11-12 17:29:45 - [MESSAGE][PASSED] - pages.WriteExcel.demoKey is PASSED

2024-11-12 17:29:45 - [TEST_STEP][PASSED] - ExecuteTC = findTestData(dataFile).getValue("Execute", row): null

2024-11-12 17:29:45 - [TEST_STEP][PASSED] - Taxtype = findTestData(dataFile).getValue("TaxType", row): null

2024-11-12 17:29:45 - [TEST_STEP][PASSED] - Paymenttype = findTestData(dataFile).getValue("PaymentType", row): null

2024-11-12 17:29:45 - [TEST_STEP][PASSED] - out.println("Value of Execute is : " + ExecuteTC): null

2024-11-12 17:29:45 - [TEST_STEP][PASSED] - if (ExecuteTC.equalsIgnoreCase("Y")): null

2024-11-12 17:29:45 - [TEST_STEP][PASSED] - out.println("Begin Record Number: " + row): null

2024-11-12 17:29:45 - [TEST_STEP][PASSED] - today = new java.util.Date(): null

2024-11-12 17:29:45 - [TEST_STEP][PASSED] - println(today): null

2024-11-12 17:29:45 - [TEST_STEP][PASSED] - datText = today: null

2024-11-12 17:29:45 - [TEST_STEP][PASSED] - Taxtype = findTestData(dataFile).getValue("TaxType", row): null

2024-11-12 17:29:45 - [TEST_STEP][PASSED] - out.println("Taxtype value is : " + Taxtype): null

2024-11-12 17:29:45 - [TEST_STEP][PASSED] - openBrowser(""): Browser is opened with url: ''

2024-11-12 17:29:45 - [MESSAGE][WARNING] - A browser is already opened. Closing browser and opening a new one

2024-11-12 17:29:46 - [MESSAGE][INFO] - Starting 'Chrome' driver

2024-11-12 17:29:46 - [MESSAGE][INFO] - User set preference: ['acceptInsecureCerts', 'true']

2024-11-12 17:29:46 - [MESSAGE][INFO] - Action delay is set to 0 milliseconds

2024-11-12 17:29:48 - [MESSAGE][PASSED] - Browser is opened with url: ''

2024-11-12 17:29:48 - [TEST_STEP][PASSED] - maximizeWindow(): Current window maximized

2024-11-12 17:29:48 - [MESSAGE][PASSED] - Current window maximized

2024-11-12 17:29:48 - [TEST_STEP][PASSED] - navigateToUrl(RADurl): Navigate to 'https://www.velocitypayment.com/client/rad/index.html' successfully

2024-11-12 17:29:50 - [MESSAGE][PASSED] - Navigate to 'https://www.velocitypayment.com/client/rad/index.html' successfully

2024-11-12 17:29:50 - [TEST_STEP][PASSED] - orPath_Landing = "Object Repository/RAD_Pages/Landing_Page": null

2024-11-12 17:29:50 - [TEST_STEP][PASSED] - orPath_TaxTypeFilingYear = "Object Repository/RAD_Pages/TaxTypeFilingYear_Page": null

2024-11-12 17:29:50 - [TEST_STEP][PASSED] - orPath_TaxPayer = "Object Repository/RAD_Pages/Taxpayer_Page": null

2024-11-12 17:29:50 - [TEST_STEP][PASSED] - orPath_AddressContact = "Object Repository/RAD_Pages/AddressAndContactInfo_Page": null

2024-11-12 17:29:50 - [TEST_STEP][PASSED] - orPath_FilingStatus = "Object Repository/RAD_Pages/FilingStatus_Page": null

2024-11-12 17:29:50 - [TEST_STEP][PASSED] - orPath_Amount = "Object Repository/RAD_Pages/PaymentAmount_Page": null

2024-11-12 17:29:50 - [TEST_STEP][PASSED] - orPath_TaxInfo = "Object Repository/RAD_Pages/TaxInfo_Page": null

2024-11-12 17:29:50 - [TEST_STEP][PASSED] - orPath_Withholding = "Object Repository/RAD_Pages/Withholding_Page": null

2024-11-12 17:29:50 - [TEST_STEP][PASSED] - orPath_Summary = "Object Repository/RAD_Pages/Summary_Page": null

2024-11-12 17:29:50 - [TEST_STEP][PASSED] - orPath_PaymentReady = "Object Repository/RAD_Pages/PaymentReady_Page": null

2024-11-12 17:29:50 - [TEST_STEP][PASSED] - orPath_PaymentEntry = "Object Repository/RAD_Pages/PaymentEntry_Page": null

2024-11-12 17:29:50 - [TEST_STEP][PASSED] - orPath_PaymentConfirmation = "Object Repository/RAD_Pages/PaymentConfirmation_Page": null

2024-11-12 17:29:50 - [TEST_STEP][PASSED] - orPath_ServiceFeesAccept = "Object Repository/RAD_Pages/ServiceFeeAccept_Page": null

2024-11-12 17:29:50 - [TEST_STEP][PASSED] - selectOptionByLabel(findTestObject(orPath_Landing + "/dd_TaxType"), Paymenttype, false): All options with label 'Existing Liability with Notice/Invoice Number' are selected in object 'Object Repository/RAD_Pages/Landing_Page/dd_TaxType' 

2024-11-12 17:29:50 - [MESSAGE][PASSED] - All options with label 'Existing Liability with Notice/Invoice Number' are selected in object 'Object Repository/RAD_Pages/Landing_Page/dd_TaxType' 

2024-11-12 17:29:50 - [TEST_STEP][PASSED] - delay(1): Delayed 1 second(s)

2024-11-12 17:29:51 - [MESSAGE][PASSED] - Delayed 1 second(s)

2024-11-12 17:29:51 - [TEST_STEP][PASSED] - switch (Paymenttype): null

2024-11-12 17:29:51 - [TEST_STEP][PASSED] - case "Existing Liability with Notice/Invoice Number":: null

2024-11-12 17:29:51 - [TEST_STEP][PASSED] - selectOptionByLabel(findTestObject(orPath_TaxTypeFilingYear + "/select_TaxType_ExistingLiability"), Taxtype, false): All options with label 'Sales & Use Tax' are selected in object 'Object Repository/RAD_Pages/TaxTypeFilingYear_Page/select_TaxType_ExistingLiability' 

2024-11-12 17:29:52 - [MESSAGE][PASSED] - All options with label 'Sales & Use Tax' are selected in object 'Object Repository/RAD_Pages/TaxTypeFilingYear_Page/select_TaxType_ExistingLiability' 

2024-11-12 17:29:52 - [TEST_STEP][PASSED] - break: null

2024-11-12 17:29:52 - [TEST_STEP][PASSED] - delay(1): Delayed 1 second(s)

2024-11-12 17:29:53 - [MESSAGE][PASSED] - Delayed 1 second(s)

2024-11-12 17:29:53 - [TEST_STEP][PASSED] - switch (Paymenttype): null

2024-11-12 17:29:53 - [TEST_STEP][PASSED] - case "Existing Liability with Notice/Invoice Number":: null

2024-11-12 17:29:53 - [TEST_STEP][PASSED] - setEncryptedText(findTestObject("Object Repository/RAD_RecordAndPlay/input_Existing_FEIN"), "RigbBhfdqOBDK95asqKeHw=="): Text ****** has been set on object 'Object Repository/RAD_RecordAndPlay/input_Existing_FEIN'

2024-11-12 17:29:54 - [MESSAGE][PASSED] - Text ****** has been set on object 'Object Repository/RAD_RecordAndPlay/input_Existing_FEIN'

2024-11-12 17:29:54 - [TEST_STEP][PASSED] - setEncryptedText(findTestObject("Object Repository/RAD_RecordAndPlay/input_Existing_RetypeFEIN"), ""): Text ****** has been set on object 'Object Repository/RAD_RecordAndPlay/input_Existing_RetypeFEIN'

2024-11-12 17:29:54 - [MESSAGE][PASSED] - Text ****** has been set on object 'Object Repository/RAD_RecordAndPlay/input_Existing_RetypeFEIN'

2024-11-12 17:29:54 - [TEST_STEP][PASSED] - break: null

2024-11-12 17:29:54 - [TEST_STEP][PASSED] - verifyTextPresent("Please enter a valid FEIN with 9 digits.", true): Text 'Please enter a valid FEIN with 9 digits.' is present on page  using regular expression

2024-11-12 17:29:55 - [MESSAGE][PASSED] - Text 'Please enter a valid FEIN with 9 digits.' is present on page  using regular expression

2024-11-12 17:29:55 - [TEST_STEP][PASSED] - if (verifyTextPresent("Please enter a valid FEIN with 9 digits.", true)): null

2024-11-12 17:29:55 - [MESSAGE][PASSED] - Text 'Please enter a valid FEIN with 9 digits.' is present on page  using regular expression

2024-11-12 17:29:55 - [TEST_STEP][PASSED] - println("Error Message is present on the page"): null

2024-11-12 17:29:55 - [TEST_STEP][PASSED] - out.println("Pass Record Number: " + row): null

2024-11-12 17:29:55 - [TEST_STEP][PASSED] - resText = "Pass": null

2024-11-12 17:29:55 - [TEST_STEP][PASSED] - pages.WriteExcel.demoKey(resText, datText, resColumn, datCloumn, fileLoc, nameSheet, row): pages.WriteExcel.demoKey is PASSED

2024-11-12 17:29:55 - [MESSAGE][PASSED] - pages.WriteExcel.demoKey is PASSED

2024-11-12 17:29:55 - [TEST_STEP][PASSED] - ExecuteTC = findTestData(dataFile).getValue("Execute", row): null

2024-11-12 17:29:55 - [TEST_STEP][PASSED] - Taxtype = findTestData(dataFile).getValue("TaxType", row): null

2024-11-12 17:29:55 - [TEST_STEP][PASSED] - Paymenttype = findTestData(dataFile).getValue("PaymentType", row): null

2024-11-12 17:29:55 - [TEST_STEP][PASSED] - out.println("Value of Execute is : " + ExecuteTC): null

2024-11-12 17:29:55 - [TEST_STEP][PASSED] - if (ExecuteTC.equalsIgnoreCase("Y")): null

2024-11-12 17:29:55 - [TEST_STEP][PASSED] - out.println("Begin Record Number: " + row): null

2024-11-12 17:29:55 - [TEST_STEP][PASSED] - today = new java.util.Date(): null

2024-11-12 17:29:55 - [TEST_STEP][PASSED] - println(today): null

2024-11-12 17:29:55 - [TEST_STEP][PASSED] - datText = today: null

2024-11-12 17:29:55 - [TEST_STEP][PASSED] - Taxtype = findTestData(dataFile).getValue("TaxType", row): null

2024-11-12 17:29:55 - [TEST_STEP][PASSED] - out.println("Taxtype value is : " + Taxtype): null

2024-11-12 17:29:55 - [TEST_STEP][PASSED] - openBrowser(""): Browser is opened with url: ''

2024-11-12 17:29:55 - [MESSAGE][WARNING] - A browser is already opened. Closing browser and opening a new one

2024-11-12 17:29:56 - [MESSAGE][INFO] - Starting 'Chrome' driver

2024-11-12 17:29:56 - [MESSAGE][INFO] - User set preference: ['acceptInsecureCerts', 'true']

2024-11-12 17:29:56 - [MESSAGE][INFO] - Action delay is set to 0 milliseconds

2024-11-12 17:29:58 - [MESSAGE][PASSED] - Browser is opened with url: ''

2024-11-12 17:29:58 - [TEST_STEP][PASSED] - maximizeWindow(): Current window maximized

2024-11-12 17:29:58 - [MESSAGE][PASSED] - Current window maximized

2024-11-12 17:29:58 - [TEST_STEP][PASSED] - navigateToUrl(RADurl): Navigate to 'https://www.velocitypayment.com/client/rad/index.html' successfully

2024-11-12 17:30:00 - [MESSAGE][PASSED] - Navigate to 'https://www.velocitypayment.com/client/rad/index.html' successfully

2024-11-12 17:30:00 - [TEST_STEP][PASSED] - orPath_Landing = "Object Repository/RAD_Pages/Landing_Page": null

2024-11-12 17:30:00 - [TEST_STEP][PASSED] - orPath_TaxTypeFilingYear = "Object Repository/RAD_Pages/TaxTypeFilingYear_Page": null

2024-11-12 17:30:00 - [TEST_STEP][PASSED] - orPath_TaxPayer = "Object Repository/RAD_Pages/Taxpayer_Page": null

2024-11-12 17:30:00 - [TEST_STEP][PASSED] - orPath_AddressContact = "Object Repository/RAD_Pages/AddressAndContactInfo_Page": null

2024-11-12 17:30:00 - [TEST_STEP][PASSED] - orPath_FilingStatus = "Object Repository/RAD_Pages/FilingStatus_Page": null

2024-11-12 17:30:00 - [TEST_STEP][PASSED] - orPath_Amount = "Object Repository/RAD_Pages/PaymentAmount_Page": null

2024-11-12 17:30:00 - [TEST_STEP][PASSED] - orPath_TaxInfo = "Object Repository/RAD_Pages/TaxInfo_Page": null

2024-11-12 17:30:00 - [TEST_STEP][PASSED] - orPath_Withholding = "Object Repository/RAD_Pages/Withholding_Page": null

2024-11-12 17:30:00 - [TEST_STEP][PASSED] - orPath_Summary = "Object Repository/RAD_Pages/Summary_Page": null

2024-11-12 17:30:00 - [TEST_STEP][PASSED] - orPath_PaymentReady = "Object Repository/RAD_Pages/PaymentReady_Page": null

2024-11-12 17:30:00 - [TEST_STEP][PASSED] - orPath_PaymentEntry = "Object Repository/RAD_Pages/PaymentEntry_Page": null

2024-11-12 17:30:00 - [TEST_STEP][PASSED] - orPath_PaymentConfirmation = "Object Repository/RAD_Pages/PaymentConfirmation_Page": null

2024-11-12 17:30:00 - [TEST_STEP][PASSED] - orPath_ServiceFeesAccept = "Object Repository/RAD_Pages/ServiceFeeAccept_Page": null

2024-11-12 17:30:00 - [TEST_STEP][PASSED] - selectOptionByLabel(findTestObject(orPath_Landing + "/dd_TaxType"), Paymenttype, false): All options with label 'Existing Liability with Notice/Invoice Number' are selected in object 'Object Repository/RAD_Pages/Landing_Page/dd_TaxType' 

2024-11-12 17:30:00 - [MESSAGE][PASSED] - All options with label 'Existing Liability with Notice/Invoice Number' are selected in object 'Object Repository/RAD_Pages/Landing_Page/dd_TaxType' 

2024-11-12 17:30:00 - [TEST_STEP][PASSED] - delay(1): Delayed 1 second(s)

2024-11-12 17:30:02 - [MESSAGE][PASSED] - Delayed 1 second(s)

2024-11-12 17:30:02 - [TEST_STEP][PASSED] - switch (Paymenttype): null

2024-11-12 17:30:02 - [TEST_STEP][PASSED] - case "Existing Liability with Notice/Invoice Number":: null

2024-11-12 17:30:02 - [TEST_STEP][PASSED] - selectOptionByLabel(findTestObject(orPath_TaxTypeFilingYear + "/select_TaxType_ExistingLiability"), Taxtype, false): All options with label 'Tire Recycling Fee' are selected in object 'Object Repository/RAD_Pages/TaxTypeFilingYear_Page/select_TaxType_ExistingLiability' 

2024-11-12 17:30:02 - [MESSAGE][PASSED] - All options with label 'Tire Recycling Fee' are selected in object 'Object Repository/RAD_Pages/TaxTypeFilingYear_Page/select_TaxType_ExistingLiability' 

2024-11-12 17:30:02 - [TEST_STEP][PASSED] - break: null

2024-11-12 17:30:02 - [TEST_STEP][PASSED] - delay(1): Delayed 1 second(s)

2024-11-12 17:30:03 - [MESSAGE][PASSED] - Delayed 1 second(s)

2024-11-12 17:30:03 - [TEST_STEP][PASSED] - switch (Paymenttype): null

2024-11-12 17:30:03 - [TEST_STEP][PASSED] - case "Existing Liability with Notice/Invoice Number":: null

2024-11-12 17:30:03 - [TEST_STEP][PASSED] - setEncryptedText(findTestObject("Object Repository/RAD_RecordAndPlay/input_Existing_FEIN"), "RigbBhfdqOBDK95asqKeHw=="): Text ****** has been set on object 'Object Repository/RAD_RecordAndPlay/input_Existing_FEIN'

2024-11-12 17:30:04 - [MESSAGE][PASSED] - Text ****** has been set on object 'Object Repository/RAD_RecordAndPlay/input_Existing_FEIN'

2024-11-12 17:30:04 - [TEST_STEP][PASSED] - setEncryptedText(findTestObject("Object Repository/RAD_RecordAndPlay/input_Existing_RetypeFEIN"), ""): Text ****** has been set on object 'Object Repository/RAD_RecordAndPlay/input_Existing_RetypeFEIN'

2024-11-12 17:30:04 - [MESSAGE][PASSED] - Text ****** has been set on object 'Object Repository/RAD_RecordAndPlay/input_Existing_RetypeFEIN'

2024-11-12 17:30:04 - [TEST_STEP][PASSED] - break: null

2024-11-12 17:30:04 - [TEST_STEP][PASSED] - verifyTextPresent("Please enter a valid FEIN with 9 digits.", true): Text 'Please enter a valid FEIN with 9 digits.' is present on page  using regular expression

2024-11-12 17:30:05 - [MESSAGE][PASSED] - Text 'Please enter a valid FEIN with 9 digits.' is present on page  using regular expression

2024-11-12 17:30:05 - [TEST_STEP][PASSED] - if (verifyTextPresent("Please enter a valid FEIN with 9 digits.", true)): null

2024-11-12 17:30:05 - [MESSAGE][PASSED] - Text 'Please enter a valid FEIN with 9 digits.' is present on page  using regular expression

2024-11-12 17:30:05 - [TEST_STEP][PASSED] - println("Error Message is present on the page"): null

2024-11-12 17:30:05 - [TEST_STEP][PASSED] - out.println("Pass Record Number: " + row): null

2024-11-12 17:30:05 - [TEST_STEP][PASSED] - resText = "Pass": null

2024-11-12 17:30:05 - [TEST_STEP][PASSED] - pages.WriteExcel.demoKey(resText, datText, resColumn, datCloumn, fileLoc, nameSheet, row): pages.WriteExcel.demoKey is PASSED

2024-11-12 17:30:05 - [MESSAGE][PASSED] - pages.WriteExcel.demoKey is PASSED

2024-11-12 17:30:05 - [TEST_STEP][PASSED] - ExecuteTC = findTestData(dataFile).getValue("Execute", row): null

2024-11-12 17:30:05 - [TEST_STEP][PASSED] - Taxtype = findTestData(dataFile).getValue("TaxType", row): null

2024-11-12 17:30:05 - [TEST_STEP][PASSED] - Paymenttype = findTestData(dataFile).getValue("PaymentType", row): null

2024-11-12 17:30:05 - [TEST_STEP][PASSED] - out.println("Value of Execute is : " + ExecuteTC): null

2024-11-12 17:30:05 - [TEST_STEP][PASSED] - if (ExecuteTC.equalsIgnoreCase("Y")): null

2024-11-12 17:30:05 - [TEST_STEP][PASSED] - out.println("Begin Record Number: " + row): null

2024-11-12 17:30:05 - [TEST_STEP][PASSED] - today = new java.util.Date(): null

2024-11-12 17:30:05 - [TEST_STEP][PASSED] - println(today): null

2024-11-12 17:30:05 - [TEST_STEP][PASSED] - datText = today: null

2024-11-12 17:30:05 - [TEST_STEP][PASSED] - Taxtype = findTestData(dataFile).getValue("TaxType", row): null

2024-11-12 17:30:05 - [TEST_STEP][PASSED] - out.println("Taxtype value is : " + Taxtype): null

2024-11-12 17:30:05 - [TEST_STEP][PASSED] - openBrowser(""): Browser is opened with url: ''

2024-11-12 17:30:05 - [MESSAGE][WARNING] - A browser is already opened. Closing browser and opening a new one

2024-11-12 17:30:07 - [MESSAGE][INFO] - Starting 'Chrome' driver

2024-11-12 17:30:07 - [MESSAGE][INFO] - User set preference: ['acceptInsecureCerts', 'true']

2024-11-12 17:30:07 - [MESSAGE][INFO] - Action delay is set to 0 milliseconds

2024-11-12 17:30:08 - [MESSAGE][PASSED] - Browser is opened with url: ''

2024-11-12 17:30:08 - [TEST_STEP][PASSED] - maximizeWindow(): Current window maximized

2024-11-12 17:30:08 - [MESSAGE][PASSED] - Current window maximized

2024-11-12 17:30:08 - [TEST_STEP][PASSED] - navigateToUrl(RADurl): Navigate to 'https://www.velocitypayment.com/client/rad/index.html' successfully

2024-11-12 17:30:08 - [MESSAGE][PASSED] - Navigate to 'https://www.velocitypayment.com/client/rad/index.html' successfully

2024-11-12 17:30:08 - [TEST_STEP][PASSED] - orPath_Landing = "Object Repository/RAD_Pages/Landing_Page": null

2024-11-12 17:30:08 - [TEST_STEP][PASSED] - orPath_TaxTypeFilingYear = "Object Repository/RAD_Pages/TaxTypeFilingYear_Page": null

2024-11-12 17:30:08 - [TEST_STEP][PASSED] - orPath_TaxPayer = "Object Repository/RAD_Pages/Taxpayer_Page": null

2024-11-12 17:30:08 - [TEST_STEP][PASSED] - orPath_AddressContact = "Object Repository/RAD_Pages/AddressAndContactInfo_Page": null

2024-11-12 17:30:08 - [TEST_STEP][PASSED] - orPath_FilingStatus = "Object Repository/RAD_Pages/FilingStatus_Page": null

2024-11-12 17:30:08 - [TEST_STEP][PASSED] - orPath_Amount = "Object Repository/RAD_Pages/PaymentAmount_Page": null

2024-11-12 17:30:08 - [TEST_STEP][PASSED] - orPath_TaxInfo = "Object Repository/RAD_Pages/TaxInfo_Page": null

2024-11-12 17:30:08 - [TEST_STEP][PASSED] - orPath_Withholding = "Object Repository/RAD_Pages/Withholding_Page": null

2024-11-12 17:30:08 - [TEST_STEP][PASSED] - orPath_Summary = "Object Repository/RAD_Pages/Summary_Page": null

2024-11-12 17:30:08 - [TEST_STEP][PASSED] - orPath_PaymentReady = "Object Repository/RAD_Pages/PaymentReady_Page": null

2024-11-12 17:30:08 - [TEST_STEP][PASSED] - orPath_PaymentEntry = "Object Repository/RAD_Pages/PaymentEntry_Page": null

2024-11-12 17:30:08 - [TEST_STEP][PASSED] - orPath_PaymentConfirmation = "Object Repository/RAD_Pages/PaymentConfirmation_Page": null

2024-11-12 17:30:08 - [TEST_STEP][PASSED] - orPath_ServiceFeesAccept = "Object Repository/RAD_Pages/ServiceFeeAccept_Page": null

2024-11-12 17:30:08 - [TEST_STEP][PASSED] - selectOptionByLabel(findTestObject(orPath_Landing + "/dd_TaxType"), Paymenttype, false): All options with label 'Existing Liability with Notice/Invoice Number' are selected in object 'Object Repository/RAD_Pages/Landing_Page/dd_TaxType' 

2024-11-12 17:30:11 - [MESSAGE][PASSED] - All options with label 'Existing Liability with Notice/Invoice Number' are selected in object 'Object Repository/RAD_Pages/Landing_Page/dd_TaxType' 

2024-11-12 17:30:11 - [TEST_STEP][PASSED] - delay(1): Delayed 1 second(s)

2024-11-12 17:30:12 - [MESSAGE][PASSED] - Delayed 1 second(s)

2024-11-12 17:30:12 - [TEST_STEP][PASSED] - switch (Paymenttype): null

2024-11-12 17:30:12 - [TEST_STEP][PASSED] - case "Existing Liability with Notice/Invoice Number":: null

2024-11-12 17:30:12 - [TEST_STEP][PASSED] - selectOptionByLabel(findTestObject(orPath_TaxTypeFilingYear + "/select_TaxType_ExistingLiability"), Taxtype, false): All options with label 'Withholding Tax' are selected in object 'Object Repository/RAD_Pages/TaxTypeFilingYear_Page/select_TaxType_ExistingLiability' 

2024-11-12 17:30:12 - [MESSAGE][PASSED] - All options with label 'Withholding Tax' are selected in object 'Object Repository/RAD_Pages/TaxTypeFilingYear_Page/select_TaxType_ExistingLiability' 

2024-11-12 17:30:12 - [TEST_STEP][PASSED] - break: null

2024-11-12 17:30:12 - [TEST_STEP][PASSED] - delay(1): Delayed 1 second(s)

2024-11-12 17:30:13 - [MESSAGE][PASSED] - Delayed 1 second(s)

2024-11-12 17:30:13 - [TEST_STEP][PASSED] - switch (Paymenttype): null

2024-11-12 17:30:13 - [TEST_STEP][PASSED] - case "Existing Liability with Notice/Invoice Number":: null

2024-11-12 17:30:13 - [TEST_STEP][PASSED] - setEncryptedText(findTestObject("Object Repository/RAD_RecordAndPlay/input_Existing_FEIN"), "RigbBhfdqOBDK95asqKeHw=="): Text ****** has been set on object 'Object Repository/RAD_RecordAndPlay/input_Existing_FEIN'

2024-11-12 17:30:14 - [MESSAGE][PASSED] - Text ****** has been set on object 'Object Repository/RAD_RecordAndPlay/input_Existing_FEIN'

2024-11-12 17:30:14 - [TEST_STEP][PASSED] - setEncryptedText(findTestObject("Object Repository/RAD_RecordAndPlay/input_Existing_RetypeFEIN"), ""): Text ****** has been set on object 'Object Repository/RAD_RecordAndPlay/input_Existing_RetypeFEIN'

2024-11-12 17:30:15 - [MESSAGE][PASSED] - Text ****** has been set on object 'Object Repository/RAD_RecordAndPlay/input_Existing_RetypeFEIN'

2024-11-12 17:30:15 - [TEST_STEP][PASSED] - break: null

2024-11-12 17:30:15 - [TEST_STEP][PASSED] - verifyTextPresent("Please enter a valid FEIN with 9 digits.", true): Text 'Please enter a valid FEIN with 9 digits.' is present on page  using regular expression

2024-11-12 17:30:15 - [MESSAGE][PASSED] - Text 'Please enter a valid FEIN with 9 digits.' is present on page  using regular expression

2024-11-12 17:30:15 - [TEST_STEP][PASSED] - if (verifyTextPresent("Please enter a valid FEIN with 9 digits.", true)): null

2024-11-12 17:30:15 - [MESSAGE][PASSED] - Text 'Please enter a valid FEIN with 9 digits.' is present on page  using regular expression

2024-11-12 17:30:15 - [TEST_STEP][PASSED] - println("Error Message is present on the page"): null

2024-11-12 17:30:15 - [TEST_STEP][PASSED] - out.println("Pass Record Number: " + row): null

2024-11-12 17:30:15 - [TEST_STEP][PASSED] - resText = "Pass": null

2024-11-12 17:30:15 - [TEST_STEP][PASSED] - pages.WriteExcel.demoKey(resText, datText, resColumn, datCloumn, fileLoc, nameSheet, row): pages.WriteExcel.demoKey is PASSED

2024-11-12 17:30:15 - [MESSAGE][PASSED] - pages.WriteExcel.demoKey is PASSED

2024-11-12 17:30:15 - [TEST_STEP][PASSED] - ExecuteTC = findTestData(dataFile).getValue("Execute", row): null

2024-11-12 17:30:15 - [TEST_STEP][PASSED] - Taxtype = findTestData(dataFile).getValue("TaxType", row): null

2024-11-12 17:30:15 - [TEST_STEP][PASSED] - Paymenttype = findTestData(dataFile).getValue("PaymentType", row): null

2024-11-12 17:30:15 - [TEST_STEP][PASSED] - out.println("Value of Execute is : " + ExecuteTC): null

2024-11-12 17:30:15 - [TEST_STEP][PASSED] - if (ExecuteTC.equalsIgnoreCase("Y")): null

2024-11-12 17:30:15 - [TEST_STEP][PASSED] - out.println("Begin Record Number: " + row): null

2024-11-12 17:30:15 - [TEST_STEP][PASSED] - today = new java.util.Date(): null

2024-11-12 17:30:15 - [TEST_STEP][PASSED] - println(today): null

2024-11-12 17:30:15 - [TEST_STEP][PASSED] - datText = today: null

2024-11-12 17:30:15 - [TEST_STEP][PASSED] - Taxtype = findTestData(dataFile).getValue("TaxType", row): null

2024-11-12 17:30:16 - [TEST_STEP][PASSED] - out.println("Taxtype value is : " + Taxtype): null

2024-11-12 17:30:16 - [TEST_STEP][PASSED] - openBrowser(""): Browser is opened with url: ''

2024-11-12 17:30:16 - [MESSAGE][WARNING] - A browser is already opened. Closing browser and opening a new one

2024-11-12 17:30:17 - [MESSAGE][INFO] - Starting 'Chrome' driver

2024-11-12 17:30:17 - [MESSAGE][INFO] - User set preference: ['acceptInsecureCerts', 'true']

2024-11-12 17:30:17 - [MESSAGE][INFO] - Action delay is set to 0 milliseconds

2024-11-12 17:30:18 - [MESSAGE][PASSED] - Browser is opened with url: ''

2024-11-12 17:30:18 - [TEST_STEP][PASSED] - maximizeWindow(): Current window maximized

2024-11-12 17:30:18 - [MESSAGE][PASSED] - Current window maximized

2024-11-12 17:30:18 - [TEST_STEP][PASSED] - navigateToUrl(RADurl): Navigate to 'https://www.velocitypayment.com/client/rad/index.html' successfully

2024-11-12 17:30:20 - [MESSAGE][PASSED] - Navigate to 'https://www.velocitypayment.com/client/rad/index.html' successfully

2024-11-12 17:30:20 - [TEST_STEP][PASSED] - orPath_Landing = "Object Repository/RAD_Pages/Landing_Page": null

2024-11-12 17:30:20 - [TEST_STEP][PASSED] - orPath_TaxTypeFilingYear = "Object Repository/RAD_Pages/TaxTypeFilingYear_Page": null

2024-11-12 17:30:20 - [TEST_STEP][PASSED] - orPath_TaxPayer = "Object Repository/RAD_Pages/Taxpayer_Page": null

2024-11-12 17:30:20 - [TEST_STEP][PASSED] - orPath_AddressContact = "Object Repository/RAD_Pages/AddressAndContactInfo_Page": null

2024-11-12 17:30:20 - [TEST_STEP][PASSED] - orPath_FilingStatus = "Object Repository/RAD_Pages/FilingStatus_Page": null

2024-11-12 17:30:20 - [TEST_STEP][PASSED] - orPath_Amount = "Object Repository/RAD_Pages/PaymentAmount_Page": null

2024-11-12 17:30:20 - [TEST_STEP][PASSED] - orPath_TaxInfo = "Object Repository/RAD_Pages/TaxInfo_Page": null

2024-11-12 17:30:20 - [TEST_STEP][PASSED] - orPath_Withholding = "Object Repository/RAD_Pages/Withholding_Page": null

2024-11-12 17:30:20 - [TEST_STEP][PASSED] - orPath_Summary = "Object Repository/RAD_Pages/Summary_Page": null

2024-11-12 17:30:20 - [TEST_STEP][PASSED] - orPath_PaymentReady = "Object Repository/RAD_Pages/PaymentReady_Page": null

2024-11-12 17:30:20 - [TEST_STEP][PASSED] - orPath_PaymentEntry = "Object Repository/RAD_Pages/PaymentEntry_Page": null

2024-11-12 17:30:20 - [TEST_STEP][PASSED] - orPath_PaymentConfirmation = "Object Repository/RAD_Pages/PaymentConfirmation_Page": null

2024-11-12 17:30:20 - [TEST_STEP][PASSED] - orPath_ServiceFeesAccept = "Object Repository/RAD_Pages/ServiceFeeAccept_Page": null

2024-11-12 17:30:20 - [TEST_STEP][PASSED] - selectOptionByLabel(findTestObject(orPath_Landing + "/dd_TaxType"), Paymenttype, false): All options with label 'Existing Liability with Notice/Invoice Number' are selected in object 'Object Repository/RAD_Pages/Landing_Page/dd_TaxType' 

2024-11-12 17:30:21 - [MESSAGE][PASSED] - All options with label 'Existing Liability with Notice/Invoice Number' are selected in object 'Object Repository/RAD_Pages/Landing_Page/dd_TaxType' 

2024-11-12 17:30:21 - [TEST_STEP][PASSED] - delay(1): Delayed 1 second(s)

2024-11-12 17:30:22 - [MESSAGE][PASSED] - Delayed 1 second(s)

2024-11-12 17:30:22 - [TEST_STEP][PASSED] - switch (Paymenttype): null

2024-11-12 17:30:22 - [TEST_STEP][PASSED] - case "Existing Liability with Notice/Invoice Number":: null

2024-11-12 17:30:22 - [TEST_STEP][PASSED] - selectOptionByLabel(findTestObject(orPath_TaxTypeFilingYear + "/select_TaxType_ExistingLiability"), Taxtype, false): All options with label 'Alcohol Tax' are selected in object 'Object Repository/RAD_Pages/TaxTypeFilingYear_Page/select_TaxType_ExistingLiability' 

2024-11-12 17:30:22 - [MESSAGE][PASSED] - All options with label 'Alcohol Tax' are selected in object 'Object Repository/RAD_Pages/TaxTypeFilingYear_Page/select_TaxType_ExistingLiability' 

2024-11-12 17:30:22 - [TEST_STEP][PASSED] - break: null

2024-11-12 17:30:22 - [TEST_STEP][PASSED] - delay(1): Delayed 1 second(s)

2024-11-12 17:30:23 - [MESSAGE][PASSED] - Delayed 1 second(s)

2024-11-12 17:30:23 - [TEST_STEP][PASSED] - switch (Paymenttype): null

2024-11-12 17:30:23 - [TEST_STEP][PASSED] - case "Existing Liability with Notice/Invoice Number":: null

2024-11-12 17:30:23 - [TEST_STEP][PASSED] - setEncryptedText(findTestObject("Object Repository/RAD_RecordAndPlay/input_Existing_FEIN"), "RigbBhfdqOBDK95asqKeHw=="): Text ****** has been set on object 'Object Repository/RAD_RecordAndPlay/input_Existing_FEIN'

2024-11-12 17:30:24 - [MESSAGE][PASSED] - Text ****** has been set on object 'Object Repository/RAD_RecordAndPlay/input_Existing_FEIN'

2024-11-12 17:30:24 - [TEST_STEP][PASSED] - setEncryptedText(findTestObject("Object Repository/RAD_RecordAndPlay/input_Existing_RetypeFEIN"), ""): Text ****** has been set on object 'Object Repository/RAD_RecordAndPlay/input_Existing_RetypeFEIN'

2024-11-12 17:30:25 - [MESSAGE][PASSED] - Text ****** has been set on object 'Object Repository/RAD_RecordAndPlay/input_Existing_RetypeFEIN'

2024-11-12 17:30:25 - [TEST_STEP][PASSED] - break: null

2024-11-12 17:30:25 - [TEST_STEP][PASSED] - verifyTextPresent("Please enter a valid FEIN with 9 digits.", true): Text 'Please enter a valid FEIN with 9 digits.' is present on page  using regular expression

2024-11-12 17:30:25 - [MESSAGE][PASSED] - Text 'Please enter a valid FEIN with 9 digits.' is present on page  using regular expression

2024-11-12 17:30:25 - [TEST_STEP][PASSED] - if (verifyTextPresent("Please enter a valid FEIN with 9 digits.", true)): null

2024-11-12 17:30:25 - [MESSAGE][PASSED] - Text 'Please enter a valid FEIN with 9 digits.' is present on page  using regular expression

2024-11-12 17:30:25 - [TEST_STEP][PASSED] - println("Error Message is present on the page"): null

2024-11-12 17:30:25 - [TEST_STEP][PASSED] - out.println("Pass Record Number: " + row): null

2024-11-12 17:30:25 - [TEST_STEP][PASSED] - resText = "Pass": null

2024-11-12 17:30:25 - [TEST_STEP][PASSED] - pages.WriteExcel.demoKey(resText, datText, resColumn, datCloumn, fileLoc, nameSheet, row): pages.WriteExcel.demoKey is PASSED

2024-11-12 17:30:25 - [MESSAGE][PASSED] - pages.WriteExcel.demoKey is PASSED

2024-11-12 17:30:25 - [TEST_STEP][PASSED] - ExecuteTC = findTestData(dataFile).getValue("Execute", row): null

2024-11-12 17:30:25 - [TEST_STEP][PASSED] - Taxtype = findTestData(dataFile).getValue("TaxType", row): null

2024-11-12 17:30:25 - [TEST_STEP][PASSED] - Paymenttype = findTestData(dataFile).getValue("PaymentType", row): null

2024-11-12 17:30:25 - [TEST_STEP][PASSED] - out.println("Value of Execute is : " + ExecuteTC): null

2024-11-12 17:30:25 - [TEST_STEP][PASSED] - if (ExecuteTC.equalsIgnoreCase("Y")): null

2024-11-12 17:30:25 - [TEST_STEP][PASSED] - out.println("Begin Record Number: " + row): null

2024-11-12 17:30:25 - [TEST_STEP][PASSED] - today = new java.util.Date(): null

2024-11-12 17:30:25 - [TEST_STEP][PASSED] - println(today): null

2024-11-12 17:30:25 - [TEST_STEP][PASSED] - datText = today: null

2024-11-12 17:30:25 - [TEST_STEP][PASSED] - Taxtype = findTestData(dataFile).getValue("TaxType", row): null

2024-11-12 17:30:25 - [TEST_STEP][PASSED] - out.println("Taxtype value is : " + Taxtype): null

2024-11-12 17:30:25 - [TEST_STEP][PASSED] - openBrowser(""): Browser is opened with url: ''

2024-11-12 17:30:25 - [MESSAGE][WARNING] - A browser is already opened. Closing browser and opening a new one

2024-11-12 17:30:27 - [MESSAGE][INFO] - Starting 'Chrome' driver

2024-11-12 17:30:27 - [MESSAGE][INFO] - User set preference: ['acceptInsecureCerts', 'true']

2024-11-12 17:30:27 - [MESSAGE][INFO] - Action delay is set to 0 milliseconds

2024-11-12 17:30:29 - [MESSAGE][PASSED] - Browser is opened with url: ''

2024-11-12 17:30:29 - [TEST_STEP][PASSED] - maximizeWindow(): Current window maximized

2024-11-12 17:30:29 - [MESSAGE][PASSED] - Current window maximized

2024-11-12 17:30:29 - [TEST_STEP][PASSED] - navigateToUrl(RADurl): Navigate to 'https://www.velocitypayment.com/client/rad/index.html' successfully

2024-11-12 17:30:30 - [MESSAGE][PASSED] - Navigate to 'https://www.velocitypayment.com/client/rad/index.html' successfully

2024-11-12 17:30:30 - [TEST_STEP][PASSED] - orPath_Landing = "Object Repository/RAD_Pages/Landing_Page": null

2024-11-12 17:30:30 - [TEST_STEP][PASSED] - orPath_TaxTypeFilingYear = "Object Repository/RAD_Pages/TaxTypeFilingYear_Page": null

2024-11-12 17:30:30 - [TEST_STEP][PASSED] - orPath_TaxPayer = "Object Repository/RAD_Pages/Taxpayer_Page": null

2024-11-12 17:30:30 - [TEST_STEP][PASSED] - orPath_AddressContact = "Object Repository/RAD_Pages/AddressAndContactInfo_Page": null

2024-11-12 17:30:30 - [TEST_STEP][PASSED] - orPath_FilingStatus = "Object Repository/RAD_Pages/FilingStatus_Page": null

2024-11-12 17:30:30 - [TEST_STEP][PASSED] - orPath_Amount = "Object Repository/RAD_Pages/PaymentAmount_Page": null

2024-11-12 17:30:30 - [TEST_STEP][PASSED] - orPath_TaxInfo = "Object Repository/RAD_Pages/TaxInfo_Page": null

2024-11-12 17:30:30 - [TEST_STEP][PASSED] - orPath_Withholding = "Object Repository/RAD_Pages/Withholding_Page": null

2024-11-12 17:30:30 - [TEST_STEP][PASSED] - orPath_Summary = "Object Repository/RAD_Pages/Summary_Page": null

2024-11-12 17:30:30 - [TEST_STEP][PASSED] - orPath_PaymentReady = "Object Repository/RAD_Pages/PaymentReady_Page": null

2024-11-12 17:30:30 - [TEST_STEP][PASSED] - orPath_PaymentEntry = "Object Repository/RAD_Pages/PaymentEntry_Page": null

2024-11-12 17:30:30 - [TEST_STEP][PASSED] - orPath_PaymentConfirmation = "Object Repository/RAD_Pages/PaymentConfirmation_Page": null

2024-11-12 17:30:30 - [TEST_STEP][PASSED] - orPath_ServiceFeesAccept = "Object Repository/RAD_Pages/ServiceFeeAccept_Page": null

2024-11-12 17:30:30 - [TEST_STEP][PASSED] - selectOptionByLabel(findTestObject(orPath_Landing + "/dd_TaxType"), Paymenttype, false): All options with label 'Quarterly Estimated Tax' are selected in object 'Object Repository/RAD_Pages/Landing_Page/dd_TaxType' 

2024-11-12 17:30:31 - [MESSAGE][PASSED] - All options with label 'Quarterly Estimated Tax' are selected in object 'Object Repository/RAD_Pages/Landing_Page/dd_TaxType' 

2024-11-12 17:30:31 - [TEST_STEP][PASSED] - delay(1): Delayed 1 second(s)

2024-11-12 17:30:32 - [MESSAGE][PASSED] - Delayed 1 second(s)

2024-11-12 17:30:32 - [TEST_STEP][PASSED] - switch (Paymenttype): null

2024-11-12 17:30:32 - [TEST_STEP][PASSED] - case "Quarterly Estimated Tax":: null

2024-11-12 17:30:32 - [TEST_STEP][PASSED] - selectOptionByLabel(findTestObject(orPath_TaxTypeFilingYear + "/select_PaymentType"), Taxtype, false): All options with label 'Corporate Income Tax' are selected in object 'Object Repository/RAD_Pages/TaxTypeFilingYear_Page/select_PaymentType' 

2024-11-12 17:30:33 - [MESSAGE][PASSED] - All options with label 'Corporate Income Tax' are selected in object 'Object Repository/RAD_Pages/TaxTypeFilingYear_Page/select_PaymentType' 

2024-11-12 17:30:33 - [TEST_STEP][PASSED] - break: null

2024-11-12 17:30:33 - [TEST_STEP][PASSED] - delay(1): Delayed 1 second(s)

2024-11-12 17:30:34 - [MESSAGE][PASSED] - Delayed 1 second(s)

2024-11-12 17:30:34 - [TEST_STEP][PASSED] - switch (Paymenttype): null

2024-11-12 17:30:34 - [TEST_STEP][PASSED] - case "Quarterly Estimated Tax":: null

2024-11-12 17:30:34 - [TEST_STEP][PASSED] - setEncryptedText(findTestObject(orPath_TaxInfo + "/input_FederalEIN"), "RigbBhfdqOBDK95asqKeHw=="): Text ****** has been set on object 'Object Repository/RAD_Pages/TaxInfo_Page/input_FederalEIN'

2024-11-12 17:30:34 - [MESSAGE][PASSED] - Text ****** has been set on object 'Object Repository/RAD_Pages/TaxInfo_Page/input_FederalEIN'

2024-11-12 17:30:34 - [TEST_STEP][PASSED] - setEncryptedText(findTestObject(orPath_TaxInfo + "/input_FederalEIN_ReEnter"), ""): Text ****** has been set on object 'Object Repository/RAD_Pages/TaxInfo_Page/input_FederalEIN_ReEnter'

2024-11-12 17:30:35 - [MESSAGE][PASSED] - Text ****** has been set on object 'Object Repository/RAD_Pages/TaxInfo_Page/input_FederalEIN_ReEnter'

2024-11-12 17:30:35 - [TEST_STEP][PASSED] - break: null

2024-11-12 17:30:35 - [TEST_STEP][PASSED] - verifyTextPresent("Please enter a valid FEIN with 9 digits.", true): Text 'Please enter a valid FEIN with 9 digits.' is present on page  using regular expression

2024-11-12 17:30:36 - [MESSAGE][PASSED] - Text 'Please enter a valid FEIN with 9 digits.' is present on page  using regular expression

2024-11-12 17:30:36 - [TEST_STEP][PASSED] - if (verifyTextPresent("Please enter a valid FEIN with 9 digits.", true)): null

2024-11-12 17:30:36 - [MESSAGE][PASSED] - Text 'Please enter a valid FEIN with 9 digits.' is present on page  using regular expression

2024-11-12 17:30:36 - [TEST_STEP][PASSED] - println("Error Message is present on the page"): null

2024-11-12 17:30:36 - [TEST_STEP][PASSED] - out.println("Pass Record Number: " + row): null

2024-11-12 17:30:36 - [TEST_STEP][PASSED] - resText = "Pass": null

2024-11-12 17:30:36 - [TEST_STEP][PASSED] - pages.WriteExcel.demoKey(resText, datText, resColumn, datCloumn, fileLoc, nameSheet, row): pages.WriteExcel.demoKey is PASSED

2024-11-12 17:30:36 - [MESSAGE][PASSED] - pages.WriteExcel.demoKey is PASSED

2024-11-12 17:30:36 - [TEST_STEP][PASSED] - ExecuteTC = findTestData(dataFile).getValue("Execute", row): null

2024-11-12 17:30:36 - [TEST_STEP][PASSED] - Taxtype = findTestData(dataFile).getValue("TaxType", row): null

2024-11-12 17:30:36 - [TEST_STEP][PASSED] - Paymenttype = findTestData(dataFile).getValue("PaymentType", row): null

2024-11-12 17:30:36 - [TEST_STEP][PASSED] - out.println("Value of Execute is : " + ExecuteTC): null

2024-11-12 17:30:36 - [TEST_STEP][PASSED] - if (ExecuteTC.equalsIgnoreCase("Y")): null

2024-11-12 17:30:36 - [TEST_STEP][PASSED] - out.println("Begin Record Number: " + row): null

2024-11-12 17:30:36 - [TEST_STEP][PASSED] - today = new java.util.Date(): null

2024-11-12 17:30:36 - [TEST_STEP][PASSED] - println(today): null

2024-11-12 17:30:36 - [TEST_STEP][PASSED] - datText = today: null

2024-11-12 17:30:36 - [TEST_STEP][PASSED] - Taxtype = findTestData(dataFile).getValue("TaxType", row): null

2024-11-12 17:30:37 - [TEST_STEP][PASSED] - out.println("Taxtype value is : " + Taxtype): null

2024-11-12 17:30:37 - [TEST_STEP][PASSED] - openBrowser(""): Browser is opened with url: ''

2024-11-12 17:30:37 - [MESSAGE][WARNING] - A browser is already opened. Closing browser and opening a new one

2024-11-12 17:30:40 - [MESSAGE][INFO] - Starting 'Chrome' driver

2024-11-12 17:30:40 - [MESSAGE][INFO] - User set preference: ['acceptInsecureCerts', 'true']

2024-11-12 17:30:40 - [MESSAGE][INFO] - Action delay is set to 0 milliseconds

2024-11-12 17:30:41 - [MESSAGE][PASSED] - Browser is opened with url: ''

2024-11-12 17:30:41 - [TEST_STEP][PASSED] - maximizeWindow(): Current window maximized

2024-11-12 17:30:41 - [MESSAGE][PASSED] - Current window maximized

2024-11-12 17:30:41 - [TEST_STEP][PASSED] - navigateToUrl(RADurl): Navigate to 'https://www.velocitypayment.com/client/rad/index.html' successfully

2024-11-12 17:30:43 - [MESSAGE][PASSED] - Navigate to 'https://www.velocitypayment.com/client/rad/index.html' successfully

2024-11-12 17:30:43 - [TEST_STEP][PASSED] - orPath_Landing = "Object Repository/RAD_Pages/Landing_Page": null

2024-11-12 17:30:43 - [TEST_STEP][PASSED] - orPath_TaxTypeFilingYear = "Object Repository/RAD_Pages/TaxTypeFilingYear_Page": null

2024-11-12 17:30:43 - [TEST_STEP][PASSED] - orPath_TaxPayer = "Object Repository/RAD_Pages/Taxpayer_Page": null

2024-11-12 17:30:43 - [TEST_STEP][PASSED] - orPath_AddressContact = "Object Repository/RAD_Pages/AddressAndContactInfo_Page": null

2024-11-12 17:30:43 - [TEST_STEP][PASSED] - orPath_FilingStatus = "Object Repository/RAD_Pages/FilingStatus_Page": null

2024-11-12 17:30:43 - [TEST_STEP][PASSED] - orPath_Amount = "Object Repository/RAD_Pages/PaymentAmount_Page": null

2024-11-12 17:30:43 - [TEST_STEP][PASSED] - orPath_TaxInfo = "Object Repository/RAD_Pages/TaxInfo_Page": null

2024-11-12 17:30:43 - [TEST_STEP][PASSED] - orPath_Withholding = "Object Repository/RAD_Pages/Withholding_Page": null

2024-11-12 17:30:43 - [TEST_STEP][PASSED] - orPath_Summary = "Object Repository/RAD_Pages/Summary_Page": null

2024-11-12 17:30:43 - [TEST_STEP][PASSED] - orPath_PaymentReady = "Object Repository/RAD_Pages/PaymentReady_Page": null

2024-11-12 17:30:43 - [TEST_STEP][PASSED] - orPath_PaymentEntry = "Object Repository/RAD_Pages/PaymentEntry_Page": null

2024-11-12 17:30:43 - [TEST_STEP][PASSED] - orPath_PaymentConfirmation = "Object Repository/RAD_Pages/PaymentConfirmation_Page": null

2024-11-12 17:30:43 - [TEST_STEP][PASSED] - orPath_ServiceFeesAccept = "Object Repository/RAD_Pages/ServiceFeeAccept_Page": null

2024-11-12 17:30:43 - [TEST_STEP][PASSED] - selectOptionByLabel(findTestObject(orPath_Landing + "/dd_TaxType"), Paymenttype, false): All options with label 'Quarterly Estimated Tax' are selected in object 'Object Repository/RAD_Pages/Landing_Page/dd_TaxType' 

2024-11-12 17:30:44 - [MESSAGE][PASSED] - All options with label 'Quarterly Estimated Tax' are selected in object 'Object Repository/RAD_Pages/Landing_Page/dd_TaxType' 

2024-11-12 17:30:44 - [TEST_STEP][PASSED] - delay(1): Delayed 1 second(s)

2024-11-12 17:30:45 - [MESSAGE][PASSED] - Delayed 1 second(s)

2024-11-12 17:30:45 - [TEST_STEP][PASSED] - switch (Paymenttype): null

2024-11-12 17:30:45 - [TEST_STEP][PASSED] - case "Quarterly Estimated Tax":: null

2024-11-12 17:30:45 - [TEST_STEP][PASSED] - selectOptionByLabel(findTestObject(orPath_TaxTypeFilingYear + "/select_PaymentType"), Taxtype, false): All options with label 'Fiduciary Tax' are selected in object 'Object Repository/RAD_Pages/TaxTypeFilingYear_Page/select_PaymentType' 

2024-11-12 17:30:45 - [MESSAGE][PASSED] - All options with label 'Fiduciary Tax' are selected in object 'Object Repository/RAD_Pages/TaxTypeFilingYear_Page/select_PaymentType' 

2024-11-12 17:30:45 - [TEST_STEP][PASSED] - break: null

2024-11-12 17:30:45 - [TEST_STEP][PASSED] - delay(1): Delayed 1 second(s)

2024-11-12 17:30:46 - [MESSAGE][PASSED] - Delayed 1 second(s)

2024-11-12 17:30:46 - [TEST_STEP][PASSED] - switch (Paymenttype): null

2024-11-12 17:30:46 - [TEST_STEP][PASSED] - case "Quarterly Estimated Tax":: null

2024-11-12 17:30:46 - [TEST_STEP][PASSED] - setEncryptedText(findTestObject(orPath_TaxInfo + "/input_FederalEIN"), "RigbBhfdqOBDK95asqKeHw=="): Text ****** has been set on object 'Object Repository/RAD_Pages/TaxInfo_Page/input_FederalEIN'

2024-11-12 17:30:47 - [MESSAGE][PASSED] - Text ****** has been set on object 'Object Repository/RAD_Pages/TaxInfo_Page/input_FederalEIN'

2024-11-12 17:30:47 - [TEST_STEP][PASSED] - setEncryptedText(findTestObject(orPath_TaxInfo + "/input_FederalEIN_ReEnter"), ""): Text ****** has been set on object 'Object Repository/RAD_Pages/TaxInfo_Page/input_FederalEIN_ReEnter'

2024-11-12 17:30:48 - [MESSAGE][PASSED] - Text ****** has been set on object 'Object Repository/RAD_Pages/TaxInfo_Page/input_FederalEIN_ReEnter'

2024-11-12 17:30:48 - [TEST_STEP][PASSED] - break: null

2024-11-12 17:30:48 - [TEST_STEP][PASSED] - verifyTextPresent("Please enter a valid FEIN with 9 digits.", true): Text 'Please enter a valid FEIN with 9 digits.' is present on page  using regular expression

2024-11-12 17:30:48 - [MESSAGE][PASSED] - Text 'Please enter a valid FEIN with 9 digits.' is present on page  using regular expression

2024-11-12 17:30:48 - [TEST_STEP][PASSED] - if (verifyTextPresent("Please enter a valid FEIN with 9 digits.", true)): null

2024-11-12 17:30:48 - [MESSAGE][PASSED] - Text 'Please enter a valid FEIN with 9 digits.' is present on page  using regular expression

2024-11-12 17:30:48 - [TEST_STEP][PASSED] - println("Error Message is present on the page"): null

2024-11-12 17:30:48 - [TEST_STEP][PASSED] - out.println("Pass Record Number: " + row): null

2024-11-12 17:30:48 - [TEST_STEP][PASSED] - resText = "Pass": null

2024-11-12 17:30:48 - [TEST_STEP][PASSED] - pages.WriteExcel.demoKey(resText, datText, resColumn, datCloumn, fileLoc, nameSheet, row): pages.WriteExcel.demoKey is PASSED

2024-11-12 17:30:48 - [MESSAGE][PASSED] - pages.WriteExcel.demoKey is PASSED

2024-11-12 17:30:48 - [TEST_STEP][PASSED] - ExecuteTC = findTestData(dataFile).getValue("Execute", row): null

2024-11-12 17:30:49 - [TEST_STEP][PASSED] - Taxtype = findTestData(dataFile).getValue("TaxType", row): null

2024-11-12 17:30:49 - [TEST_STEP][PASSED] - Paymenttype = findTestData(dataFile).getValue("PaymentType", row): null

2024-11-12 17:30:49 - [TEST_STEP][PASSED] - out.println("Value of Execute is : " + ExecuteTC): null

2024-11-12 17:30:49 - [TEST_STEP][PASSED] - if (ExecuteTC.equalsIgnoreCase("Y")): null

2024-11-12 17:30:49 - [TEST_STEP][PASSED] - out.println("Begin Record Number: " + row): null

2024-11-12 17:30:49 - [TEST_STEP][PASSED] - today = new java.util.Date(): null

2024-11-12 17:30:49 - [TEST_STEP][PASSED] - println(today): null

2024-11-12 17:30:49 - [TEST_STEP][PASSED] - datText = today: null

2024-11-12 17:30:49 - [TEST_STEP][PASSED] - Taxtype = findTestData(dataFile).getValue("TaxType", row): null

2024-11-12 17:30:49 - [TEST_STEP][PASSED] - out.println("Taxtype value is : " + Taxtype): null

2024-11-12 17:30:49 - [TEST_STEP][PASSED] - openBrowser(""): Browser is opened with url: ''

2024-11-12 17:30:49 - [MESSAGE][WARNING] - A browser is already opened. Closing browser and opening a new one

2024-11-12 17:30:50 - [MESSAGE][INFO] - Starting 'Chrome' driver

2024-11-12 17:30:50 - [MESSAGE][INFO] - User set preference: ['acceptInsecureCerts', 'true']

2024-11-12 17:30:50 - [MESSAGE][INFO] - Action delay is set to 0 milliseconds

2024-11-12 17:30:51 - [MESSAGE][PASSED] - Browser is opened with url: ''

2024-11-12 17:30:51 - [TEST_STEP][PASSED] - maximizeWindow(): Current window maximized

2024-11-12 17:30:52 - [MESSAGE][PASSED] - Current window maximized

2024-11-12 17:30:52 - [TEST_STEP][PASSED] - navigateToUrl(RADurl): Navigate to 'https://www.velocitypayment.com/client/rad/index.html' successfully

2024-11-12 17:30:53 - [MESSAGE][PASSED] - Navigate to 'https://www.velocitypayment.com/client/rad/index.html' successfully

2024-11-12 17:30:53 - [TEST_STEP][PASSED] - orPath_Landing = "Object Repository/RAD_Pages/Landing_Page": null

2024-11-12 17:30:53 - [TEST_STEP][PASSED] - orPath_TaxTypeFilingYear = "Object Repository/RAD_Pages/TaxTypeFilingYear_Page": null

2024-11-12 17:30:53 - [TEST_STEP][PASSED] - orPath_TaxPayer = "Object Repository/RAD_Pages/Taxpayer_Page": null

2024-11-12 17:30:53 - [TEST_STEP][PASSED] - orPath_AddressContact = "Object Repository/RAD_Pages/AddressAndContactInfo_Page": null

2024-11-12 17:30:53 - [TEST_STEP][PASSED] - orPath_FilingStatus = "Object Repository/RAD_Pages/FilingStatus_Page": null

2024-11-12 17:30:53 - [TEST_STEP][PASSED] - orPath_Amount = "Object Repository/RAD_Pages/PaymentAmount_Page": null

2024-11-12 17:30:53 - [TEST_STEP][PASSED] - orPath_TaxInfo = "Object Repository/RAD_Pages/TaxInfo_Page": null

2024-11-12 17:30:53 - [TEST_STEP][PASSED] - orPath_Withholding = "Object Repository/RAD_Pages/Withholding_Page": null

2024-11-12 17:30:53 - [TEST_STEP][PASSED] - orPath_Summary = "Object Repository/RAD_Pages/Summary_Page": null

2024-11-12 17:30:53 - [TEST_STEP][PASSED] - orPath_PaymentReady = "Object Repository/RAD_Pages/PaymentReady_Page": null

2024-11-12 17:30:53 - [TEST_STEP][PASSED] - orPath_PaymentEntry = "Object Repository/RAD_Pages/PaymentEntry_Page": null

2024-11-12 17:30:53 - [TEST_STEP][PASSED] - orPath_PaymentConfirmation = "Object Repository/RAD_Pages/PaymentConfirmation_Page": null

2024-11-12 17:30:53 - [TEST_STEP][PASSED] - orPath_ServiceFeesAccept = "Object Repository/RAD_Pages/ServiceFeeAccept_Page": null

2024-11-12 17:30:53 - [TEST_STEP][PASSED] - selectOptionByLabel(findTestObject(orPath_Landing + "/dd_TaxType"), Paymenttype, false): All options with label 'Extension Payments' are selected in object 'Object Repository/RAD_Pages/Landing_Page/dd_TaxType' 

2024-11-12 17:30:54 - [MESSAGE][PASSED] - All options with label 'Extension Payments' are selected in object 'Object Repository/RAD_Pages/Landing_Page/dd_TaxType' 

2024-11-12 17:30:54 - [TEST_STEP][PASSED] - delay(1): Delayed 1 second(s)

2024-11-12 17:30:55 - [MESSAGE][PASSED] - Delayed 1 second(s)

2024-11-12 17:30:55 - [TEST_STEP][PASSED] - switch (Paymenttype): null

2024-11-12 17:30:55 - [TEST_STEP][PASSED] - case "Extension Payments":: null

2024-11-12 17:30:55 - [TEST_STEP][PASSED] - selectOptionByLabel(findTestObject(orPath_TaxTypeFilingYear + "/select_PaymentType"), Taxtype, false): All options with label 'Corporate Income Tax' are selected in object 'Object Repository/RAD_Pages/TaxTypeFilingYear_Page/select_PaymentType' 

2024-11-12 17:30:56 - [MESSAGE][PASSED] - All options with label 'Corporate Income Tax' are selected in object 'Object Repository/RAD_Pages/TaxTypeFilingYear_Page/select_PaymentType' 

2024-11-12 17:30:56 - [TEST_STEP][PASSED] - break: null

2024-11-12 17:30:56 - [TEST_STEP][PASSED] - delay(1): Delayed 1 second(s)

2024-11-12 17:30:57 - [MESSAGE][PASSED] - Delayed 1 second(s)

2024-11-12 17:30:57 - [TEST_STEP][PASSED] - switch (Paymenttype): null

2024-11-12 17:30:57 - [TEST_STEP][PASSED] - case "Extension Payments":: null

2024-11-12 17:30:57 - [TEST_STEP][PASSED] - setEncryptedText(findTestObject(orPath_TaxInfo + "/input_FederalEIN"), "RigbBhfdqOBDK95asqKeHw=="): Text ****** has been set on object 'Object Repository/RAD_Pages/TaxInfo_Page/input_FederalEIN'

2024-11-12 17:30:57 - [MESSAGE][PASSED] - Text ****** has been set on object 'Object Repository/RAD_Pages/TaxInfo_Page/input_FederalEIN'

2024-11-12 17:30:57 - [TEST_STEP][PASSED] - setEncryptedText(findTestObject(orPath_TaxInfo + "/input_FederalEIN_ReEnter"), ""): Text ****** has been set on object 'Object Repository/RAD_Pages/TaxInfo_Page/input_FederalEIN_ReEnter'

2024-11-12 17:30:58 - [MESSAGE][PASSED] - Text ****** has been set on object 'Object Repository/RAD_Pages/TaxInfo_Page/input_FederalEIN_ReEnter'

2024-11-12 17:30:58 - [TEST_STEP][PASSED] - break: null

2024-11-12 17:30:58 - [TEST_STEP][PASSED] - verifyTextPresent("Please enter a valid FEIN with 9 digits.", true): Text 'Please enter a valid FEIN with 9 digits.' is present on page  using regular expression

2024-11-12 17:30:58 - [MESSAGE][PASSED] - Text 'Please enter a valid FEIN with 9 digits.' is present on page  using regular expression

2024-11-12 17:30:58 - [TEST_STEP][PASSED] - if (verifyTextPresent("Please enter a valid FEIN with 9 digits.", true)): null

2024-11-12 17:30:58 - [MESSAGE][PASSED] - Text 'Please enter a valid FEIN with 9 digits.' is present on page  using regular expression

2024-11-12 17:30:58 - [TEST_STEP][PASSED] - println("Error Message is present on the page"): null

2024-11-12 17:30:58 - [TEST_STEP][PASSED] - out.println("Pass Record Number: " + row): null

2024-11-12 17:30:58 - [TEST_STEP][PASSED] - resText = "Pass": null

2024-11-12 17:30:58 - [TEST_STEP][PASSED] - pages.WriteExcel.demoKey(resText, datText, resColumn, datCloumn, fileLoc, nameSheet, row): pages.WriteExcel.demoKey is PASSED

2024-11-12 17:30:59 - [MESSAGE][PASSED] - pages.WriteExcel.demoKey is PASSED

2024-11-12 17:30:59 - [TEST_STEP][PASSED] - ExecuteTC = findTestData(dataFile).getValue("Execute", row): null

2024-11-12 17:30:59 - [TEST_STEP][PASSED] - Taxtype = findTestData(dataFile).getValue("TaxType", row): null

2024-11-12 17:30:59 - [TEST_STEP][PASSED] - Paymenttype = findTestData(dataFile).getValue("PaymentType", row): null

2024-11-12 17:30:59 - [TEST_STEP][PASSED] - out.println("Value of Execute is : " + ExecuteTC): null

2024-11-12 17:30:59 - [TEST_STEP][PASSED] - if (ExecuteTC.equalsIgnoreCase("Y")): null

2024-11-12 17:30:59 - [TEST_STEP][PASSED] - out.println("Begin Record Number: " + row): null

2024-11-12 17:30:59 - [TEST_STEP][PASSED] - today = new java.util.Date(): null

2024-11-12 17:30:59 - [TEST_STEP][PASSED] - println(today): null

2024-11-12 17:30:59 - [TEST_STEP][PASSED] - datText = today: null

2024-11-12 17:30:59 - [TEST_STEP][PASSED] - Taxtype = findTestData(dataFile).getValue("TaxType", row): null

2024-11-12 17:30:59 - [TEST_STEP][PASSED] - out.println("Taxtype value is : " + Taxtype): null

2024-11-12 17:30:59 - [TEST_STEP][PASSED] - openBrowser(""): Browser is opened with url: ''

2024-11-12 17:30:59 - [MESSAGE][WARNING] - A browser is already opened. Closing browser and opening a new one

2024-11-12 17:31:00 - [MESSAGE][INFO] - Starting 'Chrome' driver

2024-11-12 17:31:00 - [MESSAGE][INFO] - User set preference: ['acceptInsecureCerts', 'true']

2024-11-12 17:31:00 - [MESSAGE][INFO] - Action delay is set to 0 milliseconds

2024-11-12 17:31:02 - [MESSAGE][PASSED] - Browser is opened with url: ''

2024-11-12 17:31:02 - [TEST_STEP][PASSED] - maximizeWindow(): Current window maximized

2024-11-12 17:31:02 - [MESSAGE][PASSED] - Current window maximized

2024-11-12 17:31:02 - [TEST_STEP][PASSED] - navigateToUrl(RADurl): Navigate to 'https://www.velocitypayment.com/client/rad/index.html' successfully

2024-11-12 17:31:03 - [MESSAGE][PASSED] - Navigate to 'https://www.velocitypayment.com/client/rad/index.html' successfully

2024-11-12 17:31:03 - [TEST_STEP][PASSED] - orPath_Landing = "Object Repository/RAD_Pages/Landing_Page": null

2024-11-12 17:31:03 - [TEST_STEP][PASSED] - orPath_TaxTypeFilingYear = "Object Repository/RAD_Pages/TaxTypeFilingYear_Page": null

2024-11-12 17:31:03 - [TEST_STEP][PASSED] - orPath_TaxPayer = "Object Repository/RAD_Pages/Taxpayer_Page": null

2024-11-12 17:31:03 - [TEST_STEP][PASSED] - orPath_AddressContact = "Object Repository/RAD_Pages/AddressAndContactInfo_Page": null

2024-11-12 17:31:03 - [TEST_STEP][PASSED] - orPath_FilingStatus = "Object Repository/RAD_Pages/FilingStatus_Page": null

2024-11-12 17:31:03 - [TEST_STEP][PASSED] - orPath_Amount = "Object Repository/RAD_Pages/PaymentAmount_Page": null

2024-11-12 17:31:03 - [TEST_STEP][PASSED] - orPath_TaxInfo = "Object Repository/RAD_Pages/TaxInfo_Page": null

2024-11-12 17:31:03 - [TEST_STEP][PASSED] - orPath_Withholding = "Object Repository/RAD_Pages/Withholding_Page": null

2024-11-12 17:31:03 - [TEST_STEP][PASSED] - orPath_Summary = "Object Repository/RAD_Pages/Summary_Page": null

2024-11-12 17:31:03 - [TEST_STEP][PASSED] - orPath_PaymentReady = "Object Repository/RAD_Pages/PaymentReady_Page": null

2024-11-12 17:31:03 - [TEST_STEP][PASSED] - orPath_PaymentEntry = "Object Repository/RAD_Pages/PaymentEntry_Page": null

2024-11-12 17:31:03 - [TEST_STEP][PASSED] - orPath_PaymentConfirmation = "Object Repository/RAD_Pages/PaymentConfirmation_Page": null

2024-11-12 17:31:03 - [TEST_STEP][PASSED] - orPath_ServiceFeesAccept = "Object Repository/RAD_Pages/ServiceFeeAccept_Page": null

2024-11-12 17:31:03 - [TEST_STEP][PASSED] - selectOptionByLabel(findTestObject(orPath_Landing + "/dd_TaxType"), Paymenttype, false): All options with label 'Extension Payments' are selected in object 'Object Repository/RAD_Pages/Landing_Page/dd_TaxType' 

2024-11-12 17:31:04 - [MESSAGE][PASSED] - All options with label 'Extension Payments' are selected in object 'Object Repository/RAD_Pages/Landing_Page/dd_TaxType' 

2024-11-12 17:31:04 - [TEST_STEP][PASSED] - delay(1): Delayed 1 second(s)

2024-11-12 17:31:05 - [MESSAGE][PASSED] - Delayed 1 second(s)

2024-11-12 17:31:05 - [TEST_STEP][PASSED] - switch (Paymenttype): null

2024-11-12 17:31:05 - [TEST_STEP][PASSED] - case "Extension Payments":: null

2024-11-12 17:31:05 - [TEST_STEP][PASSED] - selectOptionByLabel(findTestObject(orPath_TaxTypeFilingYear + "/select_PaymentType"), Taxtype, false): All options with label 'Fiduciary Tax' are selected in object 'Object Repository/RAD_Pages/TaxTypeFilingYear_Page/select_PaymentType' 

2024-11-12 17:31:06 - [MESSAGE][PASSED] - All options with label 'Fiduciary Tax' are selected in object 'Object Repository/RAD_Pages/TaxTypeFilingYear_Page/select_PaymentType' 

2024-11-12 17:31:06 - [TEST_STEP][PASSED] - break: null

2024-11-12 17:31:06 - [TEST_STEP][PASSED] - delay(1): Delayed 1 second(s)

2024-11-12 17:31:07 - [MESSAGE][PASSED] - Delayed 1 second(s)

2024-11-12 17:31:07 - [TEST_STEP][PASSED] - switch (Paymenttype): null

2024-11-12 17:31:07 - [TEST_STEP][PASSED] - case "Extension Payments":: null

2024-11-12 17:31:07 - [TEST_STEP][PASSED] - setEncryptedText(findTestObject(orPath_TaxInfo + "/input_FederalEIN"), "RigbBhfdqOBDK95asqKeHw=="): Text ****** has been set on object 'Object Repository/RAD_Pages/TaxInfo_Page/input_FederalEIN'

2024-11-12 17:31:07 - [MESSAGE][PASSED] - Text ****** has been set on object 'Object Repository/RAD_Pages/TaxInfo_Page/input_FederalEIN'

2024-11-12 17:31:07 - [TEST_STEP][PASSED] - setEncryptedText(findTestObject(orPath_TaxInfo + "/input_FederalEIN_ReEnter"), ""): Text ****** has been set on object 'Object Repository/RAD_Pages/TaxInfo_Page/input_FederalEIN_ReEnter'

2024-11-12 17:31:08 - [MESSAGE][PASSED] - Text ****** has been set on object 'Object Repository/RAD_Pages/TaxInfo_Page/input_FederalEIN_ReEnter'

2024-11-12 17:31:08 - [TEST_STEP][PASSED] - break: null

2024-11-12 17:31:08 - [TEST_STEP][PASSED] - verifyTextPresent("Please enter a valid FEIN with 9 digits.", true): Text 'Please enter a valid FEIN with 9 digits.' is present on page  using regular expression

2024-11-12 17:31:08 - [MESSAGE][PASSED] - Text 'Please enter a valid FEIN with 9 digits.' is present on page  using regular expression

2024-11-12 17:31:08 - [TEST_STEP][PASSED] - if (verifyTextPresent("Please enter a valid FEIN with 9 digits.", true)): null

2024-11-12 17:31:09 - [MESSAGE][PASSED] - Text 'Please enter a valid FEIN with 9 digits.' is present on page  using regular expression

2024-11-12 17:31:09 - [TEST_STEP][PASSED] - println("Error Message is present on the page"): null

2024-11-12 17:31:09 - [TEST_STEP][PASSED] - out.println("Pass Record Number: " + row): null

2024-11-12 17:31:09 - [TEST_STEP][PASSED] - resText = "Pass": null

2024-11-12 17:31:09 - [TEST_STEP][PASSED] - pages.WriteExcel.demoKey(resText, datText, resColumn, datCloumn, fileLoc, nameSheet, row): pages.WriteExcel.demoKey is PASSED

2024-11-12 17:31:09 - [MESSAGE][PASSED] - pages.WriteExcel.demoKey is PASSED

2024-11-12 17:31:09 - [TEST_STEP][PASSED] - ExecuteTC = findTestData(dataFile).getValue("Execute", row): null

2024-11-12 17:31:09 - [TEST_STEP][PASSED] - Taxtype = findTestData(dataFile).getValue("TaxType", row): null

2024-11-12 17:31:09 - [TEST_STEP][PASSED] - Paymenttype = findTestData(dataFile).getValue("PaymentType", row): null

2024-11-12 17:31:09 - [TEST_STEP][PASSED] - out.println("Value of Execute is : " + ExecuteTC): null

2024-11-12 17:31:09 - [TEST_STEP][PASSED] - if (ExecuteTC.equalsIgnoreCase("Y")): null

2024-11-12 17:31:09 - [TEST_STEP][PASSED] - out.println("Begin Record Number: " + row): null

2024-11-12 17:31:09 - [TEST_STEP][PASSED] - today = new java.util.Date(): null

2024-11-12 17:31:09 - [TEST_STEP][PASSED] - println(today): null

2024-11-12 17:31:09 - [TEST_STEP][PASSED] - datText = today: null

2024-11-12 17:31:09 - [TEST_STEP][PASSED] - Taxtype = findTestData(dataFile).getValue("TaxType", row): null

2024-11-12 17:31:09 - [TEST_STEP][PASSED] - out.println("Taxtype value is : " + Taxtype): null

2024-11-12 17:31:09 - [TEST_STEP][PASSED] - openBrowser(""): Browser is opened with url: ''

2024-11-12 17:31:09 - [MESSAGE][WARNING] - A browser is already opened. Closing browser and opening a new one

2024-11-12 17:31:10 - [MESSAGE][INFO] - Starting 'Chrome' driver

2024-11-12 17:31:10 - [MESSAGE][INFO] - User set preference: ['acceptInsecureCerts', 'true']

2024-11-12 17:31:10 - [MESSAGE][INFO] - Action delay is set to 0 milliseconds

2024-11-12 17:31:12 - [MESSAGE][PASSED] - Browser is opened with url: ''

2024-11-12 17:31:12 - [TEST_STEP][PASSED] - maximizeWindow(): Current window maximized

2024-11-12 17:31:12 - [MESSAGE][PASSED] - Current window maximized

2024-11-12 17:31:12 - [TEST_STEP][PASSED] - navigateToUrl(RADurl): Navigate to 'https://www.velocitypayment.com/client/rad/index.html' successfully

2024-11-12 17:31:13 - [MESSAGE][PASSED] - Navigate to 'https://www.velocitypayment.com/client/rad/index.html' successfully

2024-11-12 17:31:13 - [TEST_STEP][PASSED] - orPath_Landing = "Object Repository/RAD_Pages/Landing_Page": null

2024-11-12 17:31:13 - [TEST_STEP][PASSED] - orPath_TaxTypeFilingYear = "Object Repository/RAD_Pages/TaxTypeFilingYear_Page": null

2024-11-12 17:31:13 - [TEST_STEP][PASSED] - orPath_TaxPayer = "Object Repository/RAD_Pages/Taxpayer_Page": null

2024-11-12 17:31:13 - [TEST_STEP][PASSED] - orPath_AddressContact = "Object Repository/RAD_Pages/AddressAndContactInfo_Page": null

2024-11-12 17:31:13 - [TEST_STEP][PASSED] - orPath_FilingStatus = "Object Repository/RAD_Pages/FilingStatus_Page": null

2024-11-12 17:31:13 - [TEST_STEP][PASSED] - orPath_Amount = "Object Repository/RAD_Pages/PaymentAmount_Page": null

2024-11-12 17:31:13 - [TEST_STEP][PASSED] - orPath_TaxInfo = "Object Repository/RAD_Pages/TaxInfo_Page": null

2024-11-12 17:31:13 - [TEST_STEP][PASSED] - orPath_Withholding = "Object Repository/RAD_Pages/Withholding_Page": null

2024-11-12 17:31:13 - [TEST_STEP][PASSED] - orPath_Summary = "Object Repository/RAD_Pages/Summary_Page": null

2024-11-12 17:31:13 - [TEST_STEP][PASSED] - orPath_PaymentReady = "Object Repository/RAD_Pages/PaymentReady_Page": null

2024-11-12 17:31:13 - [TEST_STEP][PASSED] - orPath_PaymentEntry = "Object Repository/RAD_Pages/PaymentEntry_Page": null

2024-11-12 17:31:13 - [TEST_STEP][PASSED] - orPath_PaymentConfirmation = "Object Repository/RAD_Pages/PaymentConfirmation_Page": null

2024-11-12 17:31:13 - [TEST_STEP][PASSED] - orPath_ServiceFeesAccept = "Object Repository/RAD_Pages/ServiceFeeAccept_Page": null

2024-11-12 17:31:13 - [TEST_STEP][PASSED] - selectOptionByLabel(findTestObject(orPath_Landing + "/dd_TaxType"), Paymenttype, false): All options with label 'New Tax Return Amount Due' are selected in object 'Object Repository/RAD_Pages/Landing_Page/dd_TaxType' 

2024-11-12 17:31:14 - [MESSAGE][PASSED] - All options with label 'New Tax Return Amount Due' are selected in object 'Object Repository/RAD_Pages/Landing_Page/dd_TaxType' 

2024-11-12 17:31:14 - [TEST_STEP][PASSED] - delay(1): Delayed 1 second(s)

2024-11-12 17:31:15 - [MESSAGE][PASSED] - Delayed 1 second(s)

2024-11-12 17:31:15 - [TEST_STEP][PASSED] - switch (Paymenttype): null

2024-11-12 17:31:15 - [TEST_STEP][PASSED] - case "New Tax Return Amount Due":: null

2024-11-12 17:31:15 - [TEST_STEP][PASSED] - selectOptionByLabel(findTestObject("Object Repository/RAD_Pages/Landing_Page/select_NewTaxReturnAmountDue_TaxType"), Taxtype, false): All options with label 'Fiduciary Tax' are selected in object 'Object Repository/RAD_Pages/Landing_Page/select_NewTaxReturnAmountDue_TaxType' 

2024-11-12 17:31:16 - [MESSAGE][PASSED] - All options with label 'Fiduciary Tax' are selected in object 'Object Repository/RAD_Pages/Landing_Page/select_NewTaxReturnAmountDue_TaxType' 

2024-11-12 17:31:16 - [TEST_STEP][PASSED] - break: null

2024-11-12 17:31:16 - [TEST_STEP][PASSED] - delay(1): Delayed 1 second(s)

2024-11-12 17:31:17 - [MESSAGE][PASSED] - Delayed 1 second(s)

2024-11-12 17:31:17 - [TEST_STEP][PASSED] - switch (Paymenttype): null

2024-11-12 17:31:17 - [TEST_STEP][PASSED] - case "New Tax Return Amount Due":: null

2024-11-12 17:31:17 - [TEST_STEP][PASSED] - setEncryptedText(findTestObject(orPath_TaxInfo + "/input_FederalEIN-2"), "RigbBhfdqOBDK95asqKeHw=="): Text ****** has been set on object 'Object Repository/RAD_Pages/TaxInfo_Page/input_FederalEIN-2'

2024-11-12 17:31:17 - [MESSAGE][PASSED] - Text ****** has been set on object 'Object Repository/RAD_Pages/TaxInfo_Page/input_FederalEIN-2'

2024-11-12 17:31:17 - [TEST_STEP][PASSED] - setEncryptedText(findTestObject(orPath_TaxInfo + "/input_FederalEIN_ReEnter-2"), ""): Text ****** has been set on object 'Object Repository/RAD_Pages/TaxInfo_Page/input_FederalEIN_ReEnter-2'

2024-11-12 17:31:18 - [MESSAGE][PASSED] - Text ****** has been set on object 'Object Repository/RAD_Pages/TaxInfo_Page/input_FederalEIN_ReEnter-2'

2024-11-12 17:31:18 - [TEST_STEP][PASSED] - break: null

2024-11-12 17:31:18 - [TEST_STEP][PASSED] - verifyTextPresent("Please enter a valid FEIN with 9 digits.", true): Text 'Please enter a valid FEIN with 9 digits.' is present on page  using regular expression

2024-11-12 17:31:18 - [MESSAGE][PASSED] - Text 'Please enter a valid FEIN with 9 digits.' is present on page  using regular expression

2024-11-12 17:31:18 - [TEST_STEP][PASSED] - if (verifyTextPresent("Please enter a valid FEIN with 9 digits.", true)): null

2024-11-12 17:31:19 - [MESSAGE][PASSED] - Text 'Please enter a valid FEIN with 9 digits.' is present on page  using regular expression

2024-11-12 17:31:19 - [TEST_STEP][PASSED] - println("Error Message is present on the page"): null

2024-11-12 17:31:19 - [TEST_STEP][PASSED] - out.println("Pass Record Number: " + row): null

2024-11-12 17:31:19 - [TEST_STEP][PASSED] - resText = "Pass": null

2024-11-12 17:31:19 - [TEST_STEP][PASSED] - pages.WriteExcel.demoKey(resText, datText, resColumn, datCloumn, fileLoc, nameSheet, row): pages.WriteExcel.demoKey is PASSED

2024-11-12 17:31:19 - [MESSAGE][PASSED] - pages.WriteExcel.demoKey is PASSED

2024-11-12 17:31:19 - [TEST_STEP][PASSED] - ExecuteTC = findTestData(dataFile).getValue("Execute", row): null

2024-11-12 17:31:19 - [TEST_STEP][PASSED] - Taxtype = findTestData(dataFile).getValue("TaxType", row): null

2024-11-12 17:31:19 - [TEST_STEP][PASSED] - Paymenttype = findTestData(dataFile).getValue("PaymentType", row): null

2024-11-12 17:31:19 - [TEST_STEP][PASSED] - out.println("Value of Execute is : " + ExecuteTC): null

2024-11-12 17:31:19 - [TEST_STEP][PASSED] - if (ExecuteTC.equalsIgnoreCase("Y")): null

2024-11-12 17:31:19 - [TEST_STEP][PASSED] - out.println("Begin Record Number: " + row): null

2024-11-12 17:31:19 - [TEST_STEP][PASSED] - today = new java.util.Date(): null

2024-11-12 17:31:19 - [TEST_STEP][PASSED] - println(today): null

2024-11-12 17:31:19 - [TEST_STEP][PASSED] - datText = today: null

2024-11-12 17:31:19 - [TEST_STEP][PASSED] - Taxtype = findTestData(dataFile).getValue("TaxType", row): null

2024-11-12 17:31:19 - [TEST_STEP][PASSED] - out.println("Taxtype value is : " + Taxtype): null

2024-11-12 17:31:19 - [TEST_STEP][PASSED] - openBrowser(""): Browser is opened with url: ''

2024-11-12 17:31:19 - [MESSAGE][WARNING] - A browser is already opened. Closing browser and opening a new one

2024-11-12 17:31:20 - [MESSAGE][INFO] - Starting 'Chrome' driver

2024-11-12 17:31:20 - [MESSAGE][INFO] - User set preference: ['acceptInsecureCerts', 'true']

2024-11-12 17:31:20 - [MESSAGE][INFO] - Action delay is set to 0 milliseconds

2024-11-12 17:31:22 - [MESSAGE][PASSED] - Browser is opened with url: ''

2024-11-12 17:31:22 - [TEST_STEP][PASSED] - maximizeWindow(): Current window maximized

2024-11-12 17:31:22 - [MESSAGE][PASSED] - Current window maximized

2024-11-12 17:31:22 - [TEST_STEP][PASSED] - navigateToUrl(RADurl): Navigate to 'https://www.velocitypayment.com/client/rad/index.html' successfully

2024-11-12 17:31:24 - [MESSAGE][PASSED] - Navigate to 'https://www.velocitypayment.com/client/rad/index.html' successfully

2024-11-12 17:31:24 - [TEST_STEP][PASSED] - orPath_Landing = "Object Repository/RAD_Pages/Landing_Page": null

2024-11-12 17:31:24 - [TEST_STEP][PASSED] - orPath_TaxTypeFilingYear = "Object Repository/RAD_Pages/TaxTypeFilingYear_Page": null

2024-11-12 17:31:24 - [TEST_STEP][PASSED] - orPath_TaxPayer = "Object Repository/RAD_Pages/Taxpayer_Page": null

2024-11-12 17:31:24 - [TEST_STEP][PASSED] - orPath_AddressContact = "Object Repository/RAD_Pages/AddressAndContactInfo_Page": null

2024-11-12 17:31:24 - [TEST_STEP][PASSED] - orPath_FilingStatus = "Object Repository/RAD_Pages/FilingStatus_Page": null

2024-11-12 17:31:24 - [TEST_STEP][PASSED] - orPath_Amount = "Object Repository/RAD_Pages/PaymentAmount_Page": null

2024-11-12 17:31:24 - [TEST_STEP][PASSED] - orPath_TaxInfo = "Object Repository/RAD_Pages/TaxInfo_Page": null

2024-11-12 17:31:24 - [TEST_STEP][PASSED] - orPath_Withholding = "Object Repository/RAD_Pages/Withholding_Page": null

2024-11-12 17:31:24 - [TEST_STEP][PASSED] - orPath_Summary = "Object Repository/RAD_Pages/Summary_Page": null

2024-11-12 17:31:24 - [TEST_STEP][PASSED] - orPath_PaymentReady = "Object Repository/RAD_Pages/PaymentReady_Page": null

2024-11-12 17:31:24 - [TEST_STEP][PASSED] - orPath_PaymentEntry = "Object Repository/RAD_Pages/PaymentEntry_Page": null

2024-11-12 17:31:24 - [TEST_STEP][PASSED] - orPath_PaymentConfirmation = "Object Repository/RAD_Pages/PaymentConfirmation_Page": null

2024-11-12 17:31:24 - [TEST_STEP][PASSED] - orPath_ServiceFeesAccept = "Object Repository/RAD_Pages/ServiceFeeAccept_Page": null

2024-11-12 17:31:24 - [TEST_STEP][PASSED] - selectOptionByLabel(findTestObject(orPath_Landing + "/dd_TaxType"), Paymenttype, false): All options with label 'Existing Liability with Notice/Invoice Number' are selected in object 'Object Repository/RAD_Pages/Landing_Page/dd_TaxType' 

2024-11-12 17:31:25 - [MESSAGE][PASSED] - All options with label 'Existing Liability with Notice/Invoice Number' are selected in object 'Object Repository/RAD_Pages/Landing_Page/dd_TaxType' 

2024-11-12 17:31:25 - [TEST_STEP][PASSED] - delay(1): Delayed 1 second(s)

2024-11-12 17:31:26 - [MESSAGE][PASSED] - Delayed 1 second(s)

2024-11-12 17:31:26 - [TEST_STEP][PASSED] - switch (Paymenttype): null

2024-11-12 17:31:26 - [TEST_STEP][PASSED] - case "Existing Liability with Notice/Invoice Number":: null

2024-11-12 17:31:26 - [TEST_STEP][PASSED] - selectOptionByLabel(findTestObject(orPath_TaxTypeFilingYear + "/select_TaxType_ExistingLiability"), Taxtype, false): All options with label 'Admissions and Amusement Tax' are selected in object 'Object Repository/RAD_Pages/TaxTypeFilingYear_Page/select_TaxType_ExistingLiability' 

2024-11-12 17:31:27 - [MESSAGE][PASSED] - All options with label 'Admissions and Amusement Tax' are selected in object 'Object Repository/RAD_Pages/TaxTypeFilingYear_Page/select_TaxType_ExistingLiability' 

2024-11-12 17:31:27 - [TEST_STEP][PASSED] - break: null

2024-11-12 17:31:27 - [TEST_STEP][PASSED] - delay(1): Delayed 1 second(s)

2024-11-12 17:31:28 - [MESSAGE][PASSED] - Delayed 1 second(s)

2024-11-12 17:31:28 - [TEST_STEP][PASSED] - switch (Paymenttype): null

2024-11-12 17:31:28 - [TEST_STEP][PASSED] - case "Existing Liability with Notice/Invoice Number":: null

2024-11-12 17:31:28 - [TEST_STEP][PASSED] - setEncryptedText(findTestObject("Object Repository/RAD_RecordAndPlay/input_Existing_FEIN"), "RigbBhfdqOBDK95asqKeHw=="): Text ****** has been set on object 'Object Repository/RAD_RecordAndPlay/input_Existing_FEIN'

2024-11-12 17:31:28 - [MESSAGE][PASSED] - Text ****** has been set on object 'Object Repository/RAD_RecordAndPlay/input_Existing_FEIN'

2024-11-12 17:31:28 - [TEST_STEP][PASSED] - setEncryptedText(findTestObject("Object Repository/RAD_RecordAndPlay/input_Existing_RetypeFEIN"), ""): Text ****** has been set on object 'Object Repository/RAD_RecordAndPlay/input_Existing_RetypeFEIN'

2024-11-12 17:31:29 - [MESSAGE][PASSED] - Text ****** has been set on object 'Object Repository/RAD_RecordAndPlay/input_Existing_RetypeFEIN'

2024-11-12 17:31:29 - [TEST_STEP][PASSED] - break: null

2024-11-12 17:31:29 - [TEST_STEP][PASSED] - verifyTextPresent("Please enter a valid FEIN with 9 digits.", true): Text 'Please enter a valid FEIN with 9 digits.' is present on page  using regular expression

2024-11-12 17:31:29 - [MESSAGE][PASSED] - Text 'Please enter a valid FEIN with 9 digits.' is present on page  using regular expression

2024-11-12 17:31:29 - [TEST_STEP][PASSED] - if (verifyTextPresent("Please enter a valid FEIN with 9 digits.", true)): null

2024-11-12 17:31:30 - [MESSAGE][PASSED] - Text 'Please enter a valid FEIN with 9 digits.' is present on page  using regular expression

2024-11-12 17:31:30 - [TEST_STEP][PASSED] - println("Error Message is present on the page"): null

2024-11-12 17:31:30 - [TEST_STEP][PASSED] - out.println("Pass Record Number: " + row): null

2024-11-12 17:31:30 - [TEST_STEP][PASSED] - resText = "Pass": null

2024-11-12 17:31:30 - [TEST_STEP][PASSED] - pages.WriteExcel.demoKey(resText, datText, resColumn, datCloumn, fileLoc, nameSheet, row): pages.WriteExcel.demoKey is PASSED

2024-11-12 17:31:30 - [MESSAGE][PASSED] - pages.WriteExcel.demoKey is PASSED

2024-11-12 17:31:30 - [TEST_STEP][PASSED] - ExecuteTC = findTestData(dataFile).getValue("Execute", row): null

2024-11-12 17:31:30 - [TEST_STEP][PASSED] - Taxtype = findTestData(dataFile).getValue("TaxType", row): null

2024-11-12 17:31:30 - [TEST_STEP][PASSED] - Paymenttype = findTestData(dataFile).getValue("PaymentType", row): null

2024-11-12 17:31:30 - [TEST_STEP][PASSED] - out.println("Value of Execute is : " + ExecuteTC): null

2024-11-12 17:31:30 - [TEST_STEP][PASSED] - if (ExecuteTC.equalsIgnoreCase("Y")): null

2024-11-12 17:31:30 - [TEST_STEP][PASSED] - out.println("Begin Record Number: " + row): null

2024-11-12 17:31:30 - [TEST_STEP][PASSED] - today = new java.util.Date(): null

2024-11-12 17:31:30 - [TEST_STEP][PASSED] - println(today): null

2024-11-12 17:31:30 - [TEST_STEP][PASSED] - datText = today: null

2024-11-12 17:31:30 - [TEST_STEP][PASSED] - Taxtype = findTestData(dataFile).getValue("TaxType", row): null

2024-11-12 17:31:30 - [TEST_STEP][PASSED] - out.println("Taxtype value is : " + Taxtype): null

2024-11-12 17:31:30 - [TEST_STEP][PASSED] - openBrowser(""): Browser is opened with url: ''

2024-11-12 17:31:30 - [MESSAGE][WARNING] - A browser is already opened. Closing browser and opening a new one

2024-11-12 17:31:31 - [MESSAGE][INFO] - Starting 'Chrome' driver

2024-11-12 17:31:31 - [MESSAGE][INFO] - User set preference: ['acceptInsecureCerts', 'true']

2024-11-12 17:31:31 - [MESSAGE][INFO] - Action delay is set to 0 milliseconds

2024-11-12 17:31:33 - [MESSAGE][PASSED] - Browser is opened with url: ''

2024-11-12 17:31:33 - [TEST_STEP][PASSED] - maximizeWindow(): Current window maximized

2024-11-12 17:31:33 - [MESSAGE][PASSED] - Current window maximized

2024-11-12 17:31:33 - [TEST_STEP][PASSED] - navigateToUrl(RADurl): Navigate to 'https://www.velocitypayment.com/client/rad/index.html' successfully

2024-11-12 17:31:35 - [MESSAGE][PASSED] - Navigate to 'https://www.velocitypayment.com/client/rad/index.html' successfully

2024-11-12 17:31:35 - [TEST_STEP][PASSED] - orPath_Landing = "Object Repository/RAD_Pages/Landing_Page": null

2024-11-12 17:31:35 - [TEST_STEP][PASSED] - orPath_TaxTypeFilingYear = "Object Repository/RAD_Pages/TaxTypeFilingYear_Page": null

2024-11-12 17:31:35 - [TEST_STEP][PASSED] - orPath_TaxPayer = "Object Repository/RAD_Pages/Taxpayer_Page": null

2024-11-12 17:31:35 - [TEST_STEP][PASSED] - orPath_AddressContact = "Object Repository/RAD_Pages/AddressAndContactInfo_Page": null

2024-11-12 17:31:35 - [TEST_STEP][PASSED] - orPath_FilingStatus = "Object Repository/RAD_Pages/FilingStatus_Page": null

2024-11-12 17:31:35 - [TEST_STEP][PASSED] - orPath_Amount = "Object Repository/RAD_Pages/PaymentAmount_Page": null

2024-11-12 17:31:35 - [TEST_STEP][PASSED] - orPath_TaxInfo = "Object Repository/RAD_Pages/TaxInfo_Page": null

2024-11-12 17:31:35 - [TEST_STEP][PASSED] - orPath_Withholding = "Object Repository/RAD_Pages/Withholding_Page": null

2024-11-12 17:31:35 - [TEST_STEP][PASSED] - orPath_Summary = "Object Repository/RAD_Pages/Summary_Page": null

2024-11-12 17:31:35 - [TEST_STEP][PASSED] - orPath_PaymentReady = "Object Repository/RAD_Pages/PaymentReady_Page": null

2024-11-12 17:31:35 - [TEST_STEP][PASSED] - orPath_PaymentEntry = "Object Repository/RAD_Pages/PaymentEntry_Page": null

2024-11-12 17:31:35 - [TEST_STEP][PASSED] - orPath_PaymentConfirmation = "Object Repository/RAD_Pages/PaymentConfirmation_Page": null

2024-11-12 17:31:35 - [TEST_STEP][PASSED] - orPath_ServiceFeesAccept = "Object Repository/RAD_Pages/ServiceFeeAccept_Page": null

2024-11-12 17:31:35 - [TEST_STEP][PASSED] - selectOptionByLabel(findTestObject(orPath_Landing + "/dd_TaxType"), Paymenttype, false): All options with label 'Existing Liability with Notice/Invoice Number' are selected in object 'Object Repository/RAD_Pages/Landing_Page/dd_TaxType' 

2024-11-12 17:31:35 - [MESSAGE][PASSED] - All options with label 'Existing Liability with Notice/Invoice Number' are selected in object 'Object Repository/RAD_Pages/Landing_Page/dd_TaxType' 

2024-11-12 17:31:35 - [TEST_STEP][PASSED] - delay(1): Delayed 1 second(s)

2024-11-12 17:31:36 - [MESSAGE][PASSED] - Delayed 1 second(s)

2024-11-12 17:31:36 - [TEST_STEP][PASSED] - switch (Paymenttype): null

2024-11-12 17:31:36 - [TEST_STEP][PASSED] - case "Existing Liability with Notice/Invoice Number":: null

2024-11-12 17:31:36 - [TEST_STEP][PASSED] - selectOptionByLabel(findTestObject(orPath_TaxTypeFilingYear + "/select_TaxType_ExistingLiability"), Taxtype, false): All options with label 'Motor Fuel Tax' are selected in object 'Object Repository/RAD_Pages/TaxTypeFilingYear_Page/select_TaxType_ExistingLiability' 

2024-11-12 17:31:37 - [MESSAGE][PASSED] - All options with label 'Motor Fuel Tax' are selected in object 'Object Repository/RAD_Pages/TaxTypeFilingYear_Page/select_TaxType_ExistingLiability' 

2024-11-12 17:31:37 - [TEST_STEP][PASSED] - break: null

2024-11-12 17:31:37 - [TEST_STEP][PASSED] - delay(1): Delayed 1 second(s)

2024-11-12 17:31:38 - [MESSAGE][PASSED] - Delayed 1 second(s)

2024-11-12 17:31:38 - [TEST_STEP][PASSED] - switch (Paymenttype): null

2024-11-12 17:31:38 - [TEST_STEP][PASSED] - case "Existing Liability with Notice/Invoice Number":: null

2024-11-12 17:31:38 - [TEST_STEP][PASSED] - setEncryptedText(findTestObject("Object Repository/RAD_RecordAndPlay/input_Existing_FEIN"), "RigbBhfdqOBDK95asqKeHw=="): Text ****** has been set on object 'Object Repository/RAD_RecordAndPlay/input_Existing_FEIN'

2024-11-12 17:31:39 - [MESSAGE][PASSED] - Text ****** has been set on object 'Object Repository/RAD_RecordAndPlay/input_Existing_FEIN'

2024-11-12 17:31:39 - [TEST_STEP][PASSED] - setEncryptedText(findTestObject("Object Repository/RAD_RecordAndPlay/input_Existing_RetypeFEIN"), ""): Text ****** has been set on object 'Object Repository/RAD_RecordAndPlay/input_Existing_RetypeFEIN'

2024-11-12 17:31:40 - [MESSAGE][PASSED] - Text ****** has been set on object 'Object Repository/RAD_RecordAndPlay/input_Existing_RetypeFEIN'

2024-11-12 17:31:40 - [TEST_STEP][PASSED] - break: null

2024-11-12 17:31:40 - [TEST_STEP][PASSED] - verifyTextPresent("Please enter a valid FEIN with 9 digits.", true): Text 'Please enter a valid FEIN with 9 digits.' is present on page  using regular expression

2024-11-12 17:31:40 - [MESSAGE][PASSED] - Text 'Please enter a valid FEIN with 9 digits.' is present on page  using regular expression

2024-11-12 17:31:40 - [TEST_STEP][PASSED] - if (verifyTextPresent("Please enter a valid FEIN with 9 digits.", true)): null

2024-11-12 17:31:40 - [MESSAGE][PASSED] - Text 'Please enter a valid FEIN with 9 digits.' is present on page  using regular expression

2024-11-12 17:31:40 - [TEST_STEP][PASSED] - println("Error Message is present on the page"): null

2024-11-12 17:31:40 - [TEST_STEP][PASSED] - out.println("Pass Record Number: " + row): null

2024-11-12 17:31:40 - [TEST_STEP][PASSED] - resText = "Pass": null

2024-11-12 17:31:40 - [TEST_STEP][PASSED] - pages.WriteExcel.demoKey(resText, datText, resColumn, datCloumn, fileLoc, nameSheet, row): pages.WriteExcel.demoKey is PASSED

2024-11-12 17:31:41 - [MESSAGE][PASSED] - pages.WriteExcel.demoKey is PASSED

2024-11-12 17:31:41 - [TEST_STEP][PASSED] - ExecuteTC = findTestData(dataFile).getValue("Execute", row): null

2024-11-12 17:31:41 - [TEST_STEP][PASSED] - Taxtype = findTestData(dataFile).getValue("TaxType", row): null

2024-11-12 17:31:41 - [TEST_STEP][PASSED] - Paymenttype = findTestData(dataFile).getValue("PaymentType", row): null

2024-11-12 17:31:41 - [TEST_STEP][PASSED] - out.println("Value of Execute is : " + ExecuteTC): null

2024-11-12 17:31:41 - [TEST_STEP][PASSED] - if (ExecuteTC.equalsIgnoreCase("Y")): null

2024-11-12 17:31:41 - [TEST_STEP][PASSED] - out.println("Begin Record Number: " + row): null

2024-11-12 17:31:41 - [TEST_STEP][PASSED] - today = new java.util.Date(): null

2024-11-12 17:31:41 - [TEST_STEP][PASSED] - println(today): null

2024-11-12 17:31:41 - [TEST_STEP][PASSED] - datText = today: null

2024-11-12 17:31:41 - [TEST_STEP][PASSED] - Taxtype = findTestData(dataFile).getValue("TaxType", row): null

2024-11-12 17:31:41 - [TEST_STEP][PASSED] - out.println("Taxtype value is : " + Taxtype): null

2024-11-12 17:31:41 - [TEST_STEP][PASSED] - openBrowser(""): Browser is opened with url: ''

2024-11-12 17:31:41 - [MESSAGE][WARNING] - A browser is already opened. Closing browser and opening a new one

2024-11-12 17:31:42 - [MESSAGE][INFO] - Starting 'Chrome' driver

2024-11-12 17:31:42 - [MESSAGE][INFO] - User set preference: ['acceptInsecureCerts', 'true']

2024-11-12 17:31:42 - [MESSAGE][INFO] - Action delay is set to 0 milliseconds

2024-11-12 17:31:44 - [MESSAGE][PASSED] - Browser is opened with url: ''

2024-11-12 17:31:44 - [TEST_STEP][PASSED] - maximizeWindow(): Current window maximized

2024-11-12 17:31:44 - [MESSAGE][PASSED] - Current window maximized

2024-11-12 17:31:44 - [TEST_STEP][PASSED] - navigateToUrl(RADurl): Navigate to 'https://www.velocitypayment.com/client/rad/index.html' successfully

2024-11-12 17:31:45 - [MESSAGE][PASSED] - Navigate to 'https://www.velocitypayment.com/client/rad/index.html' successfully

2024-11-12 17:31:45 - [TEST_STEP][PASSED] - orPath_Landing = "Object Repository/RAD_Pages/Landing_Page": null

2024-11-12 17:31:45 - [TEST_STEP][PASSED] - orPath_TaxTypeFilingYear = "Object Repository/RAD_Pages/TaxTypeFilingYear_Page": null

2024-11-12 17:31:45 - [TEST_STEP][PASSED] - orPath_TaxPayer = "Object Repository/RAD_Pages/Taxpayer_Page": null

2024-11-12 17:31:45 - [TEST_STEP][PASSED] - orPath_AddressContact = "Object Repository/RAD_Pages/AddressAndContactInfo_Page": null

2024-11-12 17:31:45 - [TEST_STEP][PASSED] - orPath_FilingStatus = "Object Repository/RAD_Pages/FilingStatus_Page": null

2024-11-12 17:31:45 - [TEST_STEP][PASSED] - orPath_Amount = "Object Repository/RAD_Pages/PaymentAmount_Page": null

2024-11-12 17:31:45 - [TEST_STEP][PASSED] - orPath_TaxInfo = "Object Repository/RAD_Pages/TaxInfo_Page": null

2024-11-12 17:31:45 - [TEST_STEP][PASSED] - orPath_Withholding = "Object Repository/RAD_Pages/Withholding_Page": null

2024-11-12 17:31:45 - [TEST_STEP][PASSED] - orPath_Summary = "Object Repository/RAD_Pages/Summary_Page": null

2024-11-12 17:31:45 - [TEST_STEP][PASSED] - orPath_PaymentReady = "Object Repository/RAD_Pages/PaymentReady_Page": null

2024-11-12 17:31:45 - [TEST_STEP][PASSED] - orPath_PaymentEntry = "Object Repository/RAD_Pages/PaymentEntry_Page": null

2024-11-12 17:31:45 - [TEST_STEP][PASSED] - orPath_PaymentConfirmation = "Object Repository/RAD_Pages/PaymentConfirmation_Page": null

2024-11-12 17:31:45 - [TEST_STEP][PASSED] - orPath_ServiceFeesAccept = "Object Repository/RAD_Pages/ServiceFeeAccept_Page": null

2024-11-12 17:31:45 - [TEST_STEP][PASSED] - selectOptionByLabel(findTestObject(orPath_Landing + "/dd_TaxType"), Paymenttype, false): All options with label 'Existing Liability with Notice/Invoice Number' are selected in object 'Object Repository/RAD_Pages/Landing_Page/dd_TaxType' 

2024-11-12 17:31:46 - [MESSAGE][PASSED] - All options with label 'Existing Liability with Notice/Invoice Number' are selected in object 'Object Repository/RAD_Pages/Landing_Page/dd_TaxType' 

2024-11-12 17:31:46 - [TEST_STEP][PASSED] - delay(1): Delayed 1 second(s)

2024-11-12 17:31:47 - [MESSAGE][PASSED] - Delayed 1 second(s)

2024-11-12 17:31:47 - [TEST_STEP][PASSED] - switch (Paymenttype): null

2024-11-12 17:31:47 - [TEST_STEP][PASSED] - case "Existing Liability with Notice/Invoice Number":: null

2024-11-12 17:31:47 - [TEST_STEP][PASSED] - selectOptionByLabel(findTestObject(orPath_TaxTypeFilingYear + "/select_TaxType_ExistingLiability"), Taxtype, false): All options with label 'Slots License Fee' are selected in object 'Object Repository/RAD_Pages/TaxTypeFilingYear_Page/select_TaxType_ExistingLiability' 

2024-11-12 17:31:48 - [MESSAGE][PASSED] - All options with label 'Slots License Fee' are selected in object 'Object Repository/RAD_Pages/TaxTypeFilingYear_Page/select_TaxType_ExistingLiability' 

2024-11-12 17:31:48 - [TEST_STEP][PASSED] - break: null

2024-11-12 17:31:48 - [TEST_STEP][PASSED] - delay(1): Delayed 1 second(s)

2024-11-12 17:31:49 - [MESSAGE][PASSED] - Delayed 1 second(s)

2024-11-12 17:31:49 - [TEST_STEP][PASSED] - switch (Paymenttype): null

2024-11-12 17:31:49 - [TEST_STEP][PASSED] - case "Existing Liability with Notice/Invoice Number":: null

2024-11-12 17:31:49 - [TEST_STEP][PASSED] - setEncryptedText(findTestObject("Object Repository/RAD_RecordAndPlay/input_Existing_FEIN"), "RigbBhfdqOBDK95asqKeHw=="): Text ****** has been set on object 'Object Repository/RAD_RecordAndPlay/input_Existing_FEIN'

2024-11-12 17:31:49 - [MESSAGE][PASSED] - Text ****** has been set on object 'Object Repository/RAD_RecordAndPlay/input_Existing_FEIN'

2024-11-12 17:31:49 - [TEST_STEP][PASSED] - setEncryptedText(findTestObject("Object Repository/RAD_RecordAndPlay/input_Existing_RetypeFEIN"), ""): Text ****** has been set on object 'Object Repository/RAD_RecordAndPlay/input_Existing_RetypeFEIN'

2024-11-12 17:31:50 - [MESSAGE][PASSED] - Text ****** has been set on object 'Object Repository/RAD_RecordAndPlay/input_Existing_RetypeFEIN'

2024-11-12 17:31:50 - [TEST_STEP][PASSED] - break: null

2024-11-12 17:31:50 - [TEST_STEP][PASSED] - verifyTextPresent("Please enter a valid FEIN with 9 digits.", true): Text 'Please enter a valid FEIN with 9 digits.' is present on page  using regular expression

2024-11-12 17:31:50 - [MESSAGE][PASSED] - Text 'Please enter a valid FEIN with 9 digits.' is present on page  using regular expression

2024-11-12 17:31:50 - [TEST_STEP][PASSED] - if (verifyTextPresent("Please enter a valid FEIN with 9 digits.", true)): null

2024-11-12 17:31:50 - [MESSAGE][PASSED] - Text 'Please enter a valid FEIN with 9 digits.' is present on page  using regular expression

2024-11-12 17:31:50 - [TEST_STEP][PASSED] - println("Error Message is present on the page"): null

2024-11-12 17:31:50 - [TEST_STEP][PASSED] - out.println("Pass Record Number: " + row): null

2024-11-12 17:31:50 - [TEST_STEP][PASSED] - resText = "Pass": null

2024-11-12 17:31:50 - [TEST_STEP][PASSED] - pages.WriteExcel.demoKey(resText, datText, resColumn, datCloumn, fileLoc, nameSheet, row): pages.WriteExcel.demoKey is PASSED

2024-11-12 17:31:50 - [MESSAGE][PASSED] - pages.WriteExcel.demoKey is PASSED

2024-11-12 17:31:50 - [TEST_STEP][PASSED] - ExecuteTC = findTestData(dataFile).getValue("Execute", row): null

2024-11-12 17:31:50 - [TEST_STEP][PASSED] - Taxtype = findTestData(dataFile).getValue("TaxType", row): null

2024-11-12 17:31:51 - [TEST_STEP][PASSED] - Paymenttype = findTestData(dataFile).getValue("PaymentType", row): null

2024-11-12 17:31:51 - [TEST_STEP][PASSED] - out.println("Value of Execute is : " + ExecuteTC): null

2024-11-12 17:31:51 - [TEST_STEP][PASSED] - if (ExecuteTC.equalsIgnoreCase("Y")): null

2024-11-12 17:31:51 - [TEST_STEP][PASSED] - out.println("Begin Record Number: " + row): null

2024-11-12 17:31:51 - [TEST_STEP][PASSED] - today = new java.util.Date(): null

2024-11-12 17:31:51 - [TEST_STEP][PASSED] - println(today): null

2024-11-12 17:31:51 - [TEST_STEP][PASSED] - datText = today: null

2024-11-12 17:31:51 - [TEST_STEP][PASSED] - Taxtype = findTestData(dataFile).getValue("TaxType", row): null

2024-11-12 17:31:51 - [TEST_STEP][PASSED] - out.println("Taxtype value is : " + Taxtype): null

2024-11-12 17:31:51 - [TEST_STEP][PASSED] - openBrowser(""): Browser is opened with url: ''

2024-11-12 17:31:51 - [MESSAGE][WARNING] - A browser is already opened. Closing browser and opening a new one

2024-11-12 17:31:52 - [MESSAGE][INFO] - Starting 'Chrome' driver

2024-11-12 17:31:52 - [MESSAGE][INFO] - User set preference: ['acceptInsecureCerts', 'true']

2024-11-12 17:31:52 - [MESSAGE][INFO] - Action delay is set to 0 milliseconds

2024-11-12 17:31:53 - [MESSAGE][PASSED] - Browser is opened with url: ''

2024-11-12 17:31:53 - [TEST_STEP][PASSED] - maximizeWindow(): Current window maximized

2024-11-12 17:31:53 - [MESSAGE][PASSED] - Current window maximized

2024-11-12 17:31:53 - [TEST_STEP][PASSED] - navigateToUrl(RADurl): Navigate to 'https://www.velocitypayment.com/client/rad/index.html' successfully

2024-11-12 17:31:55 - [MESSAGE][PASSED] - Navigate to 'https://www.velocitypayment.com/client/rad/index.html' successfully

2024-11-12 17:31:55 - [TEST_STEP][PASSED] - orPath_Landing = "Object Repository/RAD_Pages/Landing_Page": null

2024-11-12 17:31:55 - [TEST_STEP][PASSED] - orPath_TaxTypeFilingYear = "Object Repository/RAD_Pages/TaxTypeFilingYear_Page": null

2024-11-12 17:31:55 - [TEST_STEP][PASSED] - orPath_TaxPayer = "Object Repository/RAD_Pages/Taxpayer_Page": null

2024-11-12 17:31:55 - [TEST_STEP][PASSED] - orPath_AddressContact = "Object Repository/RAD_Pages/AddressAndContactInfo_Page": null

2024-11-12 17:31:55 - [TEST_STEP][PASSED] - orPath_FilingStatus = "Object Repository/RAD_Pages/FilingStatus_Page": null

2024-11-12 17:31:55 - [TEST_STEP][PASSED] - orPath_Amount = "Object Repository/RAD_Pages/PaymentAmount_Page": null

2024-11-12 17:31:55 - [TEST_STEP][PASSED] - orPath_TaxInfo = "Object Repository/RAD_Pages/TaxInfo_Page": null

2024-11-12 17:31:55 - [TEST_STEP][PASSED] - orPath_Withholding = "Object Repository/RAD_Pages/Withholding_Page": null

2024-11-12 17:31:55 - [TEST_STEP][PASSED] - orPath_Summary = "Object Repository/RAD_Pages/Summary_Page": null

2024-11-12 17:31:55 - [TEST_STEP][PASSED] - orPath_PaymentReady = "Object Repository/RAD_Pages/PaymentReady_Page": null

2024-11-12 17:31:55 - [TEST_STEP][PASSED] - orPath_PaymentEntry = "Object Repository/RAD_Pages/PaymentEntry_Page": null

2024-11-12 17:31:55 - [TEST_STEP][PASSED] - orPath_PaymentConfirmation = "Object Repository/RAD_Pages/PaymentConfirmation_Page": null

2024-11-12 17:31:55 - [TEST_STEP][PASSED] - orPath_ServiceFeesAccept = "Object Repository/RAD_Pages/ServiceFeeAccept_Page": null

2024-11-12 17:31:55 - [TEST_STEP][PASSED] - selectOptionByLabel(findTestObject(orPath_Landing + "/dd_TaxType"), Paymenttype, false): All options with label 'Existing Liability with Notice/Invoice Number' are selected in object 'Object Repository/RAD_Pages/Landing_Page/dd_TaxType' 

2024-11-12 17:31:56 - [MESSAGE][PASSED] - All options with label 'Existing Liability with Notice/Invoice Number' are selected in object 'Object Repository/RAD_Pages/Landing_Page/dd_TaxType' 

2024-11-12 17:31:56 - [TEST_STEP][PASSED] - delay(1): Delayed 1 second(s)

2024-11-12 17:31:57 - [MESSAGE][PASSED] - Delayed 1 second(s)

2024-11-12 17:31:57 - [TEST_STEP][PASSED] - switch (Paymenttype): null

2024-11-12 17:31:57 - [TEST_STEP][PASSED] - case "Existing Liability with Notice/Invoice Number":: null

2024-11-12 17:31:57 - [TEST_STEP][PASSED] - selectOptionByLabel(findTestObject(orPath_TaxTypeFilingYear + "/select_TaxType_ExistingLiability"), Taxtype, false): All options with label 'Transportation Network Services' are selected in object 'Object Repository/RAD_Pages/TaxTypeFilingYear_Page/select_TaxType_ExistingLiability' 

2024-11-12 17:31:57 - [MESSAGE][PASSED] - All options with label 'Transportation Network Services' are selected in object 'Object Repository/RAD_Pages/TaxTypeFilingYear_Page/select_TaxType_ExistingLiability' 

2024-11-12 17:31:57 - [TEST_STEP][PASSED] - break: null

2024-11-12 17:31:57 - [TEST_STEP][PASSED] - delay(1): Delayed 1 second(s)

2024-11-12 17:31:58 - [MESSAGE][PASSED] - Delayed 1 second(s)

2024-11-12 17:31:58 - [TEST_STEP][PASSED] - switch (Paymenttype): null

2024-11-12 17:31:58 - [TEST_STEP][PASSED] - case "Existing Liability with Notice/Invoice Number":: null

2024-11-12 17:31:58 - [TEST_STEP][PASSED] - setEncryptedText(findTestObject("Object Repository/RAD_RecordAndPlay/input_Existing_FEIN"), "RigbBhfdqOBDK95asqKeHw=="): Text ****** has been set on object 'Object Repository/RAD_RecordAndPlay/input_Existing_FEIN'

2024-11-12 17:31:59 - [MESSAGE][PASSED] - Text ****** has been set on object 'Object Repository/RAD_RecordAndPlay/input_Existing_FEIN'

2024-11-12 17:31:59 - [TEST_STEP][PASSED] - setEncryptedText(findTestObject("Object Repository/RAD_RecordAndPlay/input_Existing_RetypeFEIN"), ""): Text ****** has been set on object 'Object Repository/RAD_RecordAndPlay/input_Existing_RetypeFEIN'

2024-11-12 17:32:00 - [MESSAGE][PASSED] - Text ****** has been set on object 'Object Repository/RAD_RecordAndPlay/input_Existing_RetypeFEIN'

2024-11-12 17:32:00 - [TEST_STEP][PASSED] - break: null

2024-11-12 17:32:00 - [TEST_STEP][PASSED] - verifyTextPresent("Please enter a valid FEIN with 9 digits.", true): Text 'Please enter a valid FEIN with 9 digits.' is present on page  using regular expression

2024-11-12 17:32:00 - [MESSAGE][PASSED] - Text 'Please enter a valid FEIN with 9 digits.' is present on page  using regular expression

2024-11-12 17:32:00 - [TEST_STEP][PASSED] - if (verifyTextPresent("Please enter a valid FEIN with 9 digits.", true)): null

2024-11-12 17:32:00 - [MESSAGE][PASSED] - Text 'Please enter a valid FEIN with 9 digits.' is present on page  using regular expression

2024-11-12 17:32:00 - [TEST_STEP][PASSED] - println("Error Message is present on the page"): null

2024-11-12 17:32:00 - [TEST_STEP][PASSED] - out.println("Pass Record Number: " + row): null

2024-11-12 17:32:00 - [TEST_STEP][PASSED] - resText = "Pass": null

2024-11-12 17:32:00 - [TEST_STEP][PASSED] - pages.WriteExcel.demoKey(resText, datText, resColumn, datCloumn, fileLoc, nameSheet, row): pages.WriteExcel.demoKey is PASSED

2024-11-12 17:32:00 - [MESSAGE][PASSED] - pages.WriteExcel.demoKey is PASSED

2024-11-12 17:32:00 - [TEST_STEP][PASSED] - ExecuteTC = findTestData(dataFile).getValue("Execute", row): null

2024-11-12 17:32:00 - [TEST_STEP][PASSED] - Taxtype = findTestData(dataFile).getValue("TaxType", row): null

2024-11-12 17:32:00 - [TEST_STEP][PASSED] - Paymenttype = findTestData(dataFile).getValue("PaymentType", row): null

2024-11-12 17:32:01 - [TEST_STEP][PASSED] - out.println("Value of Execute is : " + ExecuteTC): null

2024-11-12 17:32:01 - [TEST_STEP][PASSED] - if (ExecuteTC.equalsIgnoreCase("Y")): null

2024-11-12 17:32:01 - [TEST_STEP][PASSED] - out.println("Begin Record Number: " + row): null

2024-11-12 17:32:01 - [TEST_STEP][PASSED] - today = new java.util.Date(): null

2024-11-12 17:32:01 - [TEST_STEP][PASSED] - println(today): null

2024-11-12 17:32:01 - [TEST_STEP][PASSED] - datText = today: null

2024-11-12 17:32:01 - [TEST_STEP][PASSED] - Taxtype = findTestData(dataFile).getValue("TaxType", row): null

2024-11-12 17:32:01 - [TEST_STEP][PASSED] - out.println("Taxtype value is : " + Taxtype): null

2024-11-12 17:32:01 - [TEST_STEP][PASSED] - openBrowser(""): Browser is opened with url: ''

2024-11-12 17:32:01 - [MESSAGE][WARNING] - A browser is already opened. Closing browser and opening a new one

2024-11-12 17:32:02 - [MESSAGE][INFO] - Starting 'Chrome' driver

2024-11-12 17:32:02 - [MESSAGE][INFO] - User set preference: ['acceptInsecureCerts', 'true']

2024-11-12 17:32:02 - [MESSAGE][INFO] - Action delay is set to 0 milliseconds

2024-11-12 17:32:03 - [MESSAGE][PASSED] - Browser is opened with url: ''

2024-11-12 17:32:03 - [TEST_STEP][PASSED] - maximizeWindow(): Current window maximized

2024-11-12 17:32:04 - [MESSAGE][PASSED] - Current window maximized

2024-11-12 17:32:04 - [TEST_STEP][PASSED] - navigateToUrl(RADurl): Navigate to 'https://www.velocitypayment.com/client/rad/index.html' successfully

2024-11-12 17:32:04 - [MESSAGE][PASSED] - Navigate to 'https://www.velocitypayment.com/client/rad/index.html' successfully

2024-11-12 17:32:04 - [TEST_STEP][PASSED] - orPath_Landing = "Object Repository/RAD_Pages/Landing_Page": null

2024-11-12 17:32:04 - [TEST_STEP][PASSED] - orPath_TaxTypeFilingYear = "Object Repository/RAD_Pages/TaxTypeFilingYear_Page": null

2024-11-12 17:32:04 - [TEST_STEP][PASSED] - orPath_TaxPayer = "Object Repository/RAD_Pages/Taxpayer_Page": null

2024-11-12 17:32:04 - [TEST_STEP][PASSED] - orPath_AddressContact = "Object Repository/RAD_Pages/AddressAndContactInfo_Page": null

2024-11-12 17:32:04 - [TEST_STEP][PASSED] - orPath_FilingStatus = "Object Repository/RAD_Pages/FilingStatus_Page": null

2024-11-12 17:32:04 - [TEST_STEP][PASSED] - orPath_Amount = "Object Repository/RAD_Pages/PaymentAmount_Page": null

2024-11-12 17:32:04 - [TEST_STEP][PASSED] - orPath_TaxInfo = "Object Repository/RAD_Pages/TaxInfo_Page": null

2024-11-12 17:32:04 - [TEST_STEP][PASSED] - orPath_Withholding = "Object Repository/RAD_Pages/Withholding_Page": null

2024-11-12 17:32:04 - [TEST_STEP][PASSED] - orPath_Summary = "Object Repository/RAD_Pages/Summary_Page": null

2024-11-12 17:32:04 - [TEST_STEP][PASSED] - orPath_PaymentReady = "Object Repository/RAD_Pages/PaymentReady_Page": null

2024-11-12 17:32:04 - [TEST_STEP][PASSED] - orPath_PaymentEntry = "Object Repository/RAD_Pages/PaymentEntry_Page": null

2024-11-12 17:32:04 - [TEST_STEP][PASSED] - orPath_PaymentConfirmation = "Object Repository/RAD_Pages/PaymentConfirmation_Page": null

2024-11-12 17:32:04 - [TEST_STEP][PASSED] - orPath_ServiceFeesAccept = "Object Repository/RAD_Pages/ServiceFeeAccept_Page": null

2024-11-12 17:32:04 - [TEST_STEP][PASSED] - selectOptionByLabel(findTestObject(orPath_Landing + "/dd_TaxType"), Paymenttype, false): All options with label 'Existing Liability with Notice/Invoice Number' are selected in object 'Object Repository/RAD_Pages/Landing_Page/dd_TaxType' 

2024-11-12 17:32:06 - [MESSAGE][PASSED] - All options with label 'Existing Liability with Notice/Invoice Number' are selected in object 'Object Repository/RAD_Pages/Landing_Page/dd_TaxType' 

2024-11-12 17:32:06 - [TEST_STEP][PASSED] - delay(1): Delayed 1 second(s)

2024-11-12 17:32:07 - [MESSAGE][PASSED] - Delayed 1 second(s)

2024-11-12 17:32:07 - [TEST_STEP][PASSED] - switch (Paymenttype): null

2024-11-12 17:32:07 - [TEST_STEP][PASSED] - case "Existing Liability with Notice/Invoice Number":: null

2024-11-12 17:32:07 - [TEST_STEP][PASSED] - selectOptionByLabel(findTestObject(orPath_TaxTypeFilingYear + "/select_TaxType_ExistingLiability"), Taxtype, false): All options with label 'Unclaimed Property' are selected in object 'Object Repository/RAD_Pages/TaxTypeFilingYear_Page/select_TaxType_ExistingLiability' 

2024-11-12 17:32:07 - [MESSAGE][PASSED] - All options with label 'Unclaimed Property' are selected in object 'Object Repository/RAD_Pages/TaxTypeFilingYear_Page/select_TaxType_ExistingLiability' 

2024-11-12 17:32:07 - [TEST_STEP][PASSED] - break: null

2024-11-12 17:32:07 - [TEST_STEP][PASSED] - delay(1): Delayed 1 second(s)

2024-11-12 17:32:08 - [MESSAGE][PASSED] - Delayed 1 second(s)

2024-11-12 17:32:08 - [TEST_STEP][PASSED] - switch (Paymenttype): null

2024-11-12 17:32:08 - [TEST_STEP][PASSED] - case "Existing Liability with Notice/Invoice Number":: null

2024-11-12 17:32:08 - [TEST_STEP][PASSED] - setEncryptedText(findTestObject("Object Repository/RAD_RecordAndPlay/input_Existing_FEIN"), "RigbBhfdqOBDK95asqKeHw=="): Text ****** has been set on object 'Object Repository/RAD_RecordAndPlay/input_Existing_FEIN'

2024-11-12 17:32:09 - [MESSAGE][PASSED] - Text ****** has been set on object 'Object Repository/RAD_RecordAndPlay/input_Existing_FEIN'

2024-11-12 17:32:09 - [TEST_STEP][PASSED] - setEncryptedText(findTestObject("Object Repository/RAD_RecordAndPlay/input_Existing_RetypeFEIN"), ""): Text ****** has been set on object 'Object Repository/RAD_RecordAndPlay/input_Existing_RetypeFEIN'

2024-11-12 17:32:10 - [MESSAGE][PASSED] - Text ****** has been set on object 'Object Repository/RAD_RecordAndPlay/input_Existing_RetypeFEIN'

2024-11-12 17:32:10 - [TEST_STEP][PASSED] - break: null

2024-11-12 17:32:10 - [TEST_STEP][PASSED] - verifyTextPresent("Please enter a valid FEIN with 9 digits.", true): Text 'Please enter a valid FEIN with 9 digits.' is present on page  using regular expression

2024-11-12 17:32:10 - [MESSAGE][PASSED] - Text 'Please enter a valid FEIN with 9 digits.' is present on page  using regular expression

2024-11-12 17:32:10 - [TEST_STEP][PASSED] - if (verifyTextPresent("Please enter a valid FEIN with 9 digits.", true)): null

2024-11-12 17:32:10 - [MESSAGE][PASSED] - Text 'Please enter a valid FEIN with 9 digits.' is present on page  using regular expression

2024-11-12 17:32:10 - [TEST_STEP][PASSED] - println("Error Message is present on the page"): null

2024-11-12 17:32:10 - [TEST_STEP][PASSED] - out.println("Pass Record Number: " + row): null

2024-11-12 17:32:10 - [TEST_STEP][PASSED] - resText = "Pass": null

2024-11-12 17:32:10 - [TEST_STEP][PASSED] - pages.WriteExcel.demoKey(resText, datText, resColumn, datCloumn, fileLoc, nameSheet, row): pages.WriteExcel.demoKey is PASSED

2024-11-12 17:32:10 - [MESSAGE][PASSED] - pages.WriteExcel.demoKey is PASSED

2024-11-12 17:32:10 - [TEST_STEP][PASSED] - ExecuteTC = findTestData(dataFile).getValue("Execute", row): null

2024-11-12 17:32:10 - [TEST_STEP][PASSED] - Taxtype = findTestData(dataFile).getValue("TaxType", row): null

2024-11-12 17:32:10 - [TEST_STEP][PASSED] - Paymenttype = findTestData(dataFile).getValue("PaymentType", row): null

2024-11-12 17:32:11 - [TEST_STEP][PASSED] - out.println("Value of Execute is : " + ExecuteTC): null

2024-11-12 17:32:11 - [TEST_STEP][PASSED] - if (ExecuteTC.equalsIgnoreCase("Y")): null

2024-11-12 17:32:11 - [TEST_STEP][PASSED] - out.println("Begin Record Number: " + row): null

2024-11-12 17:32:11 - [TEST_STEP][PASSED] - today = new java.util.Date(): null

2024-11-12 17:32:11 - [TEST_STEP][PASSED] - println(today): null

2024-11-12 17:32:11 - [TEST_STEP][PASSED] - datText = today: null

2024-11-12 17:32:11 - [TEST_STEP][PASSED] - Taxtype = findTestData(dataFile).getValue("TaxType", row): null

2024-11-12 17:32:11 - [TEST_STEP][PASSED] - out.println("Taxtype value is : " + Taxtype): null

2024-11-12 17:32:11 - [TEST_STEP][PASSED] - openBrowser(""): Browser is opened with url: ''

2024-11-12 17:32:11 - [MESSAGE][WARNING] - A browser is already opened. Closing browser and opening a new one

2024-11-12 17:32:12 - [MESSAGE][INFO] - Starting 'Chrome' driver

2024-11-12 17:32:12 - [MESSAGE][INFO] - User set preference: ['acceptInsecureCerts', 'true']

2024-11-12 17:32:12 - [MESSAGE][INFO] - Action delay is set to 0 milliseconds

2024-11-12 17:32:13 - [MESSAGE][PASSED] - Browser is opened with url: ''

2024-11-12 17:32:13 - [TEST_STEP][PASSED] - maximizeWindow(): Current window maximized

2024-11-12 17:32:13 - [MESSAGE][PASSED] - Current window maximized

2024-11-12 17:32:13 - [TEST_STEP][PASSED] - navigateToUrl(RADurl): Navigate to 'https://www.velocitypayment.com/client/rad/index.html' successfully

2024-11-12 17:32:15 - [MESSAGE][PASSED] - Navigate to 'https://www.velocitypayment.com/client/rad/index.html' successfully

2024-11-12 17:32:15 - [TEST_STEP][PASSED] - orPath_Landing = "Object Repository/RAD_Pages/Landing_Page": null

2024-11-12 17:32:15 - [TEST_STEP][PASSED] - orPath_TaxTypeFilingYear = "Object Repository/RAD_Pages/TaxTypeFilingYear_Page": null

2024-11-12 17:32:15 - [TEST_STEP][PASSED] - orPath_TaxPayer = "Object Repository/RAD_Pages/Taxpayer_Page": null

2024-11-12 17:32:15 - [TEST_STEP][PASSED] - orPath_AddressContact = "Object Repository/RAD_Pages/AddressAndContactInfo_Page": null

2024-11-12 17:32:15 - [TEST_STEP][PASSED] - orPath_FilingStatus = "Object Repository/RAD_Pages/FilingStatus_Page": null

2024-11-12 17:32:15 - [TEST_STEP][PASSED] - orPath_Amount = "Object Repository/RAD_Pages/PaymentAmount_Page": null

2024-11-12 17:32:15 - [TEST_STEP][PASSED] - orPath_TaxInfo = "Object Repository/RAD_Pages/TaxInfo_Page": null

2024-11-12 17:32:15 - [TEST_STEP][PASSED] - orPath_Withholding = "Object Repository/RAD_Pages/Withholding_Page": null

2024-11-12 17:32:15 - [TEST_STEP][PASSED] - orPath_Summary = "Object Repository/RAD_Pages/Summary_Page": null

2024-11-12 17:32:15 - [TEST_STEP][PASSED] - orPath_PaymentReady = "Object Repository/RAD_Pages/PaymentReady_Page": null

2024-11-12 17:32:15 - [TEST_STEP][PASSED] - orPath_PaymentEntry = "Object Repository/RAD_Pages/PaymentEntry_Page": null

2024-11-12 17:32:15 - [TEST_STEP][PASSED] - orPath_PaymentConfirmation = "Object Repository/RAD_Pages/PaymentConfirmation_Page": null

2024-11-12 17:32:15 - [TEST_STEP][PASSED] - orPath_ServiceFeesAccept = "Object Repository/RAD_Pages/ServiceFeeAccept_Page": null

2024-11-12 17:32:15 - [TEST_STEP][PASSED] - selectOptionByLabel(findTestObject(orPath_Landing + "/dd_TaxType"), Paymenttype, false): All options with label 'Existing Liability with Notice/Invoice Number' are selected in object 'Object Repository/RAD_Pages/Landing_Page/dd_TaxType' 

2024-11-12 17:32:17 - [MESSAGE][PASSED] - All options with label 'Existing Liability with Notice/Invoice Number' are selected in object 'Object Repository/RAD_Pages/Landing_Page/dd_TaxType' 

2024-11-12 17:32:17 - [TEST_STEP][PASSED] - delay(1): Delayed 1 second(s)

2024-11-12 17:32:18 - [MESSAGE][PASSED] - Delayed 1 second(s)

2024-11-12 17:32:18 - [TEST_STEP][PASSED] - switch (Paymenttype): null

2024-11-12 17:32:18 - [TEST_STEP][PASSED] - case "Existing Liability with Notice/Invoice Number":: null

2024-11-12 17:32:18 - [TEST_STEP][PASSED] - selectOptionByLabel(findTestObject(orPath_TaxTypeFilingYear + "/select_TaxType_ExistingLiability"), Taxtype, false): All options with label 'IFTA Tax' are selected in object 'Object Repository/RAD_Pages/TaxTypeFilingYear_Page/select_TaxType_ExistingLiability' 

2024-11-12 17:32:19 - [MESSAGE][PASSED] - All options with label 'IFTA Tax' are selected in object 'Object Repository/RAD_Pages/TaxTypeFilingYear_Page/select_TaxType_ExistingLiability' 

2024-11-12 17:32:19 - [TEST_STEP][PASSED] - break: null

2024-11-12 17:32:19 - [TEST_STEP][PASSED] - delay(1): Delayed 1 second(s)

2024-11-12 17:32:20 - [MESSAGE][PASSED] - Delayed 1 second(s)

2024-11-12 17:32:20 - [TEST_STEP][PASSED] - switch (Paymenttype): null

2024-11-12 17:32:20 - [TEST_STEP][PASSED] - case "Existing Liability with Notice/Invoice Number":: null

2024-11-12 17:32:20 - [TEST_STEP][PASSED] - setEncryptedText(findTestObject("Object Repository/RAD_RecordAndPlay/input_Existing_FEIN"), "RigbBhfdqOBDK95asqKeHw=="): Text ****** has been set on object 'Object Repository/RAD_RecordAndPlay/input_Existing_FEIN'

2024-11-12 17:32:20 - [MESSAGE][PASSED] - Text ****** has been set on object 'Object Repository/RAD_RecordAndPlay/input_Existing_FEIN'

2024-11-12 17:32:20 - [TEST_STEP][PASSED] - setEncryptedText(findTestObject("Object Repository/RAD_RecordAndPlay/input_Existing_RetypeFEIN"), ""): Text ****** has been set on object 'Object Repository/RAD_RecordAndPlay/input_Existing_RetypeFEIN'

2024-11-12 17:32:21 - [MESSAGE][PASSED] - Text ****** has been set on object 'Object Repository/RAD_RecordAndPlay/input_Existing_RetypeFEIN'

2024-11-12 17:32:21 - [TEST_STEP][PASSED] - break: null

2024-11-12 17:32:21 - [TEST_STEP][PASSED] - verifyTextPresent("Please enter a valid FEIN with 9 digits.", true): Text 'Please enter a valid FEIN with 9 digits.' is present on page  using regular expression

2024-11-12 17:32:21 - [MESSAGE][PASSED] - Text 'Please enter a valid FEIN with 9 digits.' is present on page  using regular expression

2024-11-12 17:32:21 - [TEST_STEP][PASSED] - if (verifyTextPresent("Please enter a valid FEIN with 9 digits.", true)): null

2024-11-12 17:32:21 - [MESSAGE][PASSED] - Text 'Please enter a valid FEIN with 9 digits.' is present on page  using regular expression

2024-11-12 17:32:21 - [TEST_STEP][PASSED] - println("Error Message is present on the page"): null

2024-11-12 17:32:21 - [TEST_STEP][PASSED] - out.println("Pass Record Number: " + row): null

2024-11-12 17:32:21 - [TEST_STEP][PASSED] - resText = "Pass": null

2024-11-12 17:32:21 - [TEST_STEP][PASSED] - pages.WriteExcel.demoKey(resText, datText, resColumn, datCloumn, fileLoc, nameSheet, row): pages.WriteExcel.demoKey is PASSED

2024-11-12 17:32:21 - [MESSAGE][PASSED] - pages.WriteExcel.demoKey is PASSED

2024-11-12 17:32:21 - [TEST_STEP][PASSED] - ExecuteTC = findTestData(dataFile).getValue("Execute", row): null

2024-11-12 17:32:22 - [TEST_STEP][PASSED] - Taxtype = findTestData(dataFile).getValue("TaxType", row): null

2024-11-12 17:32:22 - [TEST_STEP][PASSED] - Paymenttype = findTestData(dataFile).getValue("PaymentType", row): null

2024-11-12 17:32:22 - [TEST_STEP][PASSED] - out.println("Value of Execute is : " + ExecuteTC): null

2024-11-12 17:32:22 - [TEST_STEP][PASSED] - if (ExecuteTC.equalsIgnoreCase("Y")): null

2024-11-12 17:32:22 - [TEST_STEP][PASSED] - out.println("Begin Record Number: " + row): null

2024-11-12 17:32:22 - [TEST_STEP][PASSED] - today = new java.util.Date(): null

2024-11-12 17:32:22 - [TEST_STEP][PASSED] - println(today): null

2024-11-12 17:32:22 - [TEST_STEP][PASSED] - datText = today: null

2024-11-12 17:32:22 - [TEST_STEP][PASSED] - Taxtype = findTestData(dataFile).getValue("TaxType", row): null

2024-11-12 17:32:22 - [TEST_STEP][PASSED] - out.println("Taxtype value is : " + Taxtype): null

2024-11-12 17:32:22 - [TEST_STEP][PASSED] - openBrowser(""): Browser is opened with url: ''

2024-11-12 17:32:22 - [MESSAGE][WARNING] - A browser is already opened. Closing browser and opening a new one

2024-11-12 17:32:23 - [MESSAGE][INFO] - Starting 'Chrome' driver

2024-11-12 17:32:23 - [MESSAGE][INFO] - User set preference: ['acceptInsecureCerts', 'true']

2024-11-12 17:32:23 - [MESSAGE][INFO] - Action delay is set to 0 milliseconds

2024-11-12 17:32:25 - [MESSAGE][PASSED] - Browser is opened with url: ''

2024-11-12 17:32:25 - [TEST_STEP][PASSED] - maximizeWindow(): Current window maximized

2024-11-12 17:32:25 - [MESSAGE][PASSED] - Current window maximized

2024-11-12 17:32:25 - [TEST_STEP][PASSED] - navigateToUrl(RADurl): Navigate to 'https://www.velocitypayment.com/client/rad/index.html' successfully

2024-11-12 17:32:25 - [MESSAGE][PASSED] - Navigate to 'https://www.velocitypayment.com/client/rad/index.html' successfully

2024-11-12 17:32:25 - [TEST_STEP][PASSED] - orPath_Landing = "Object Repository/RAD_Pages/Landing_Page": null

2024-11-12 17:32:25 - [TEST_STEP][PASSED] - orPath_TaxTypeFilingYear = "Object Repository/RAD_Pages/TaxTypeFilingYear_Page": null

2024-11-12 17:32:25 - [TEST_STEP][PASSED] - orPath_TaxPayer = "Object Repository/RAD_Pages/Taxpayer_Page": null

2024-11-12 17:32:25 - [TEST_STEP][PASSED] - orPath_AddressContact = "Object Repository/RAD_Pages/AddressAndContactInfo_Page": null

2024-11-12 17:32:25 - [TEST_STEP][PASSED] - orPath_FilingStatus = "Object Repository/RAD_Pages/FilingStatus_Page": null

2024-11-12 17:32:25 - [TEST_STEP][PASSED] - orPath_Amount = "Object Repository/RAD_Pages/PaymentAmount_Page": null

2024-11-12 17:32:25 - [TEST_STEP][PASSED] - orPath_TaxInfo = "Object Repository/RAD_Pages/TaxInfo_Page": null

2024-11-12 17:32:25 - [TEST_STEP][PASSED] - orPath_Withholding = "Object Repository/RAD_Pages/Withholding_Page": null

2024-11-12 17:32:25 - [TEST_STEP][PASSED] - orPath_Summary = "Object Repository/RAD_Pages/Summary_Page": null

2024-11-12 17:32:25 - [TEST_STEP][PASSED] - orPath_PaymentReady = "Object Repository/RAD_Pages/PaymentReady_Page": null

2024-11-12 17:32:25 - [TEST_STEP][PASSED] - orPath_PaymentEntry = "Object Repository/RAD_Pages/PaymentEntry_Page": null

2024-11-12 17:32:25 - [TEST_STEP][PASSED] - orPath_PaymentConfirmation = "Object Repository/RAD_Pages/PaymentConfirmation_Page": null

2024-11-12 17:32:25 - [TEST_STEP][PASSED] - orPath_ServiceFeesAccept = "Object Repository/RAD_Pages/ServiceFeeAccept_Page": null

2024-11-12 17:32:25 - [TEST_STEP][PASSED] - selectOptionByLabel(findTestObject(orPath_Landing + "/dd_TaxType"), Paymenttype, false): All options with label 'New Tax Return Amount Due' are selected in object 'Object Repository/RAD_Pages/Landing_Page/dd_TaxType' 

2024-11-12 17:32:27 - [MESSAGE][PASSED] - All options with label 'New Tax Return Amount Due' are selected in object 'Object Repository/RAD_Pages/Landing_Page/dd_TaxType' 

2024-11-12 17:32:27 - [TEST_STEP][PASSED] - delay(1): Delayed 1 second(s)

2024-11-12 17:32:28 - [MESSAGE][PASSED] - Delayed 1 second(s)

2024-11-12 17:32:28 - [TEST_STEP][PASSED] - switch (Paymenttype): null

2024-11-12 17:32:28 - [TEST_STEP][PASSED] - case "New Tax Return Amount Due":: null

2024-11-12 17:32:28 - [TEST_STEP][PASSED] - selectOptionByLabel(findTestObject("Object Repository/RAD_Pages/Landing_Page/select_NewTaxReturnAmountDue_TaxType"), Taxtype, false): All options with label 'Admissions and Amusement Tax' are selected in object 'Object Repository/RAD_Pages/Landing_Page/select_NewTaxReturnAmountDue_TaxType' 

2024-11-12 17:32:29 - [MESSAGE][PASSED] - All options with label 'Admissions and Amusement Tax' are selected in object 'Object Repository/RAD_Pages/Landing_Page/select_NewTaxReturnAmountDue_TaxType' 

2024-11-12 17:32:29 - [TEST_STEP][PASSED] - break: null

2024-11-12 17:32:29 - [TEST_STEP][PASSED] - delay(1): Delayed 1 second(s)

2024-11-12 17:32:30 - [MESSAGE][PASSED] - Delayed 1 second(s)

2024-11-12 17:32:30 - [TEST_STEP][PASSED] - switch (Paymenttype): null

2024-11-12 17:32:30 - [TEST_STEP][PASSED] - case "New Tax Return Amount Due":: null

2024-11-12 17:32:30 - [TEST_STEP][PASSED] - setEncryptedText(findTestObject(orPath_TaxInfo + "/input_FederalEIN-2"), "RigbBhfdqOBDK95asqKeHw=="): Text ****** has been set on object 'Object Repository/RAD_Pages/TaxInfo_Page/input_FederalEIN-2'

2024-11-12 17:32:30 - [MESSAGE][PASSED] - Text ****** has been set on object 'Object Repository/RAD_Pages/TaxInfo_Page/input_FederalEIN-2'

2024-11-12 17:32:30 - [TEST_STEP][PASSED] - setEncryptedText(findTestObject(orPath_TaxInfo + "/input_FederalEIN_ReEnter-2"), ""): Text ****** has been set on object 'Object Repository/RAD_Pages/TaxInfo_Page/input_FederalEIN_ReEnter-2'

2024-11-12 17:32:31 - [MESSAGE][PASSED] - Text ****** has been set on object 'Object Repository/RAD_Pages/TaxInfo_Page/input_FederalEIN_ReEnter-2'

2024-11-12 17:32:31 - [TEST_STEP][PASSED] - break: null

2024-11-12 17:32:31 - [TEST_STEP][PASSED] - verifyTextPresent("Please enter a valid FEIN with 9 digits.", true): Text 'Please enter a valid FEIN with 9 digits.' is present on page  using regular expression

2024-11-12 17:32:31 - [MESSAGE][PASSED] - Text 'Please enter a valid FEIN with 9 digits.' is present on page  using regular expression

2024-11-12 17:32:31 - [TEST_STEP][PASSED] - if (verifyTextPresent("Please enter a valid FEIN with 9 digits.", true)): null

2024-11-12 17:32:31 - [MESSAGE][PASSED] - Text 'Please enter a valid FEIN with 9 digits.' is present on page  using regular expression

2024-11-12 17:32:31 - [TEST_STEP][PASSED] - println("Error Message is present on the page"): null

2024-11-12 17:32:31 - [TEST_STEP][PASSED] - out.println("Pass Record Number: " + row): null

2024-11-12 17:32:31 - [TEST_STEP][PASSED] - resText = "Pass": null

2024-11-12 17:32:31 - [TEST_STEP][PASSED] - pages.WriteExcel.demoKey(resText, datText, resColumn, datCloumn, fileLoc, nameSheet, row): pages.WriteExcel.demoKey is PASSED

2024-11-12 17:32:31 - [MESSAGE][PASSED] - pages.WriteExcel.demoKey is PASSED

2024-11-12 17:32:31 - [TEST_STEP][PASSED] - ExecuteTC = findTestData(dataFile).getValue("Execute", row): null

2024-11-12 17:32:32 - [TEST_STEP][PASSED] - Taxtype = findTestData(dataFile).getValue("TaxType", row): null

2024-11-12 17:32:32 - [TEST_STEP][PASSED] - Paymenttype = findTestData(dataFile).getValue("PaymentType", row): null

2024-11-12 17:32:32 - [TEST_STEP][PASSED] - out.println("Value of Execute is : " + ExecuteTC): null

2024-11-12 17:32:32 - [TEST_STEP][PASSED] - if (ExecuteTC.equalsIgnoreCase("Y")): null

2024-11-12 17:32:32 - [TEST_STEP][PASSED] - out.println("Begin Record Number: " + row): null

2024-11-12 17:32:32 - [TEST_STEP][PASSED] - today = new java.util.Date(): null

2024-11-12 17:32:32 - [TEST_STEP][PASSED] - println(today): null

2024-11-12 17:32:32 - [TEST_STEP][PASSED] - datText = today: null

2024-11-12 17:32:32 - [TEST_STEP][PASSED] - Taxtype = findTestData(dataFile).getValue("TaxType", row): null

2024-11-12 17:32:32 - [TEST_STEP][PASSED] - out.println("Taxtype value is : " + Taxtype): null

2024-11-12 17:32:32 - [TEST_STEP][PASSED] - openBrowser(""): Browser is opened with url: ''

2024-11-12 17:32:32 - [MESSAGE][WARNING] - A browser is already opened. Closing browser and opening a new one

2024-11-12 17:32:33 - [MESSAGE][INFO] - Starting 'Chrome' driver

2024-11-12 17:32:33 - [MESSAGE][INFO] - User set preference: ['acceptInsecureCerts', 'true']

2024-11-12 17:32:33 - [MESSAGE][INFO] - Action delay is set to 0 milliseconds

2024-11-12 17:32:35 - [MESSAGE][PASSED] - Browser is opened with url: ''

2024-11-12 17:32:35 - [TEST_STEP][PASSED] - maximizeWindow(): Current window maximized

2024-11-12 17:32:35 - [MESSAGE][PASSED] - Current window maximized

2024-11-12 17:32:35 - [TEST_STEP][PASSED] - navigateToUrl(RADurl): Navigate to 'https://www.velocitypayment.com/client/rad/index.html' successfully

2024-11-12 17:32:36 - [MESSAGE][PASSED] - Navigate to 'https://www.velocitypayment.com/client/rad/index.html' successfully

2024-11-12 17:32:36 - [TEST_STEP][PASSED] - orPath_Landing = "Object Repository/RAD_Pages/Landing_Page": null

2024-11-12 17:32:36 - [TEST_STEP][PASSED] - orPath_TaxTypeFilingYear = "Object Repository/RAD_Pages/TaxTypeFilingYear_Page": null

2024-11-12 17:32:36 - [TEST_STEP][PASSED] - orPath_TaxPayer = "Object Repository/RAD_Pages/Taxpayer_Page": null

2024-11-12 17:32:36 - [TEST_STEP][PASSED] - orPath_AddressContact = "Object Repository/RAD_Pages/AddressAndContactInfo_Page": null

2024-11-12 17:32:36 - [TEST_STEP][PASSED] - orPath_FilingStatus = "Object Repository/RAD_Pages/FilingStatus_Page": null

2024-11-12 17:32:36 - [TEST_STEP][PASSED] - orPath_Amount = "Object Repository/RAD_Pages/PaymentAmount_Page": null

2024-11-12 17:32:36 - [TEST_STEP][PASSED] - orPath_TaxInfo = "Object Repository/RAD_Pages/TaxInfo_Page": null

2024-11-12 17:32:36 - [TEST_STEP][PASSED] - orPath_Withholding = "Object Repository/RAD_Pages/Withholding_Page": null

2024-11-12 17:32:36 - [TEST_STEP][PASSED] - orPath_Summary = "Object Repository/RAD_Pages/Summary_Page": null

2024-11-12 17:32:36 - [TEST_STEP][PASSED] - orPath_PaymentReady = "Object Repository/RAD_Pages/PaymentReady_Page": null

2024-11-12 17:32:36 - [TEST_STEP][PASSED] - orPath_PaymentEntry = "Object Repository/RAD_Pages/PaymentEntry_Page": null

2024-11-12 17:32:36 - [TEST_STEP][PASSED] - orPath_PaymentConfirmation = "Object Repository/RAD_Pages/PaymentConfirmation_Page": null

2024-11-12 17:32:36 - [TEST_STEP][PASSED] - orPath_ServiceFeesAccept = "Object Repository/RAD_Pages/ServiceFeeAccept_Page": null

2024-11-12 17:32:36 - [TEST_STEP][PASSED] - selectOptionByLabel(findTestObject(orPath_Landing + "/dd_TaxType"), Paymenttype, false): All options with label 'New Tax Return Amount Due' are selected in object 'Object Repository/RAD_Pages/Landing_Page/dd_TaxType' 

2024-11-12 17:32:37 - [MESSAGE][PASSED] - All options with label 'New Tax Return Amount Due' are selected in object 'Object Repository/RAD_Pages/Landing_Page/dd_TaxType' 

2024-11-12 17:32:37 - [TEST_STEP][PASSED] - delay(1): Delayed 1 second(s)

2024-11-12 17:32:38 - [MESSAGE][PASSED] - Delayed 1 second(s)

2024-11-12 17:32:38 - [TEST_STEP][PASSED] - switch (Paymenttype): null

2024-11-12 17:32:38 - [TEST_STEP][PASSED] - case "New Tax Return Amount Due":: null

2024-11-12 17:32:38 - [TEST_STEP][PASSED] - selectOptionByLabel(findTestObject("Object Repository/RAD_Pages/Landing_Page/select_NewTaxReturnAmountDue_TaxType"), Taxtype, false): All options with label 'Alcohol Tax' are selected in object 'Object Repository/RAD_Pages/Landing_Page/select_NewTaxReturnAmountDue_TaxType' 

2024-11-12 17:32:39 - [MESSAGE][PASSED] - All options with label 'Alcohol Tax' are selected in object 'Object Repository/RAD_Pages/Landing_Page/select_NewTaxReturnAmountDue_TaxType' 

2024-11-12 17:32:39 - [TEST_STEP][PASSED] - break: null

2024-11-12 17:32:39 - [TEST_STEP][PASSED] - delay(1): Delayed 1 second(s)

2024-11-12 17:32:40 - [MESSAGE][PASSED] - Delayed 1 second(s)

2024-11-12 17:32:40 - [TEST_STEP][PASSED] - switch (Paymenttype): null

2024-11-12 17:32:40 - [TEST_STEP][PASSED] - case "New Tax Return Amount Due":: null

2024-11-12 17:32:40 - [TEST_STEP][PASSED] - setEncryptedText(findTestObject(orPath_TaxInfo + "/input_FederalEIN-2"), "RigbBhfdqOBDK95asqKeHw=="): Text ****** has been set on object 'Object Repository/RAD_Pages/TaxInfo_Page/input_FederalEIN-2'

2024-11-12 17:32:40 - [MESSAGE][PASSED] - Text ****** has been set on object 'Object Repository/RAD_Pages/TaxInfo_Page/input_FederalEIN-2'

2024-11-12 17:32:40 - [TEST_STEP][PASSED] - setEncryptedText(findTestObject(orPath_TaxInfo + "/input_FederalEIN_ReEnter-2"), ""): Text ****** has been set on object 'Object Repository/RAD_Pages/TaxInfo_Page/input_FederalEIN_ReEnter-2'

2024-11-12 17:32:41 - [MESSAGE][PASSED] - Text ****** has been set on object 'Object Repository/RAD_Pages/TaxInfo_Page/input_FederalEIN_ReEnter-2'

2024-11-12 17:32:41 - [TEST_STEP][PASSED] - break: null

2024-11-12 17:32:41 - [TEST_STEP][PASSED] - verifyTextPresent("Please enter a valid FEIN with 9 digits.", true): Text 'Please enter a valid FEIN with 9 digits.' is present on page  using regular expression

2024-11-12 17:32:41 - [MESSAGE][PASSED] - Text 'Please enter a valid FEIN with 9 digits.' is present on page  using regular expression

2024-11-12 17:32:41 - [TEST_STEP][PASSED] - if (verifyTextPresent("Please enter a valid FEIN with 9 digits.", true)): null

2024-11-12 17:32:41 - [MESSAGE][PASSED] - Text 'Please enter a valid FEIN with 9 digits.' is present on page  using regular expression

2024-11-12 17:32:41 - [TEST_STEP][PASSED] - println("Error Message is present on the page"): null

2024-11-12 17:32:41 - [TEST_STEP][PASSED] - out.println("Pass Record Number: " + row): null

2024-11-12 17:32:41 - [TEST_STEP][PASSED] - resText = "Pass": null

2024-11-12 17:32:41 - [TEST_STEP][PASSED] - pages.WriteExcel.demoKey(resText, datText, resColumn, datCloumn, fileLoc, nameSheet, row): pages.WriteExcel.demoKey is PASSED

2024-11-12 17:32:42 - [MESSAGE][PASSED] - pages.WriteExcel.demoKey is PASSED

2024-11-12 17:32:42 - [TEST_STEP][PASSED] - ExecuteTC = findTestData(dataFile).getValue("Execute", row): null

2024-11-12 17:32:42 - [TEST_STEP][PASSED] - Taxtype = findTestData(dataFile).getValue("TaxType", row): null

2024-11-12 17:32:42 - [TEST_STEP][PASSED] - Paymenttype = findTestData(dataFile).getValue("PaymentType", row): null

2024-11-12 17:32:42 - [TEST_STEP][PASSED] - out.println("Value of Execute is : " + ExecuteTC): null

2024-11-12 17:32:42 - [TEST_STEP][PASSED] - if (ExecuteTC.equalsIgnoreCase("Y")): null

2024-11-12 17:32:42 - [TEST_STEP][PASSED] - out.println("Begin Record Number: " + row): null

2024-11-12 17:32:42 - [TEST_STEP][PASSED] - today = new java.util.Date(): null

2024-11-12 17:32:42 - [TEST_STEP][PASSED] - println(today): null

2024-11-12 17:32:42 - [TEST_STEP][PASSED] - datText = today: null

2024-11-12 17:32:42 - [TEST_STEP][PASSED] - Taxtype = findTestData(dataFile).getValue("TaxType", row): null

2024-11-12 17:32:42 - [TEST_STEP][PASSED] - out.println("Taxtype value is : " + Taxtype): null

2024-11-12 17:32:42 - [TEST_STEP][PASSED] - openBrowser(""): Browser is opened with url: ''

2024-11-12 17:32:42 - [MESSAGE][WARNING] - A browser is already opened. Closing browser and opening a new one

2024-11-12 17:32:43 - [MESSAGE][INFO] - Starting 'Chrome' driver

2024-11-12 17:32:43 - [MESSAGE][INFO] - User set preference: ['acceptInsecureCerts', 'true']

2024-11-12 17:32:43 - [MESSAGE][INFO] - Action delay is set to 0 milliseconds

2024-11-12 17:32:45 - [MESSAGE][PASSED] - Browser is opened with url: ''

2024-11-12 17:32:45 - [TEST_STEP][PASSED] - maximizeWindow(): Current window maximized

2024-11-12 17:32:45 - [MESSAGE][PASSED] - Current window maximized

2024-11-12 17:32:45 - [TEST_STEP][PASSED] - navigateToUrl(RADurl): Navigate to 'https://www.velocitypayment.com/client/rad/index.html' successfully

2024-11-12 17:32:46 - [MESSAGE][PASSED] - Navigate to 'https://www.velocitypayment.com/client/rad/index.html' successfully

2024-11-12 17:32:46 - [TEST_STEP][PASSED] - orPath_Landing = "Object Repository/RAD_Pages/Landing_Page": null

2024-11-12 17:32:46 - [TEST_STEP][PASSED] - orPath_TaxTypeFilingYear = "Object Repository/RAD_Pages/TaxTypeFilingYear_Page": null

2024-11-12 17:32:46 - [TEST_STEP][PASSED] - orPath_TaxPayer = "Object Repository/RAD_Pages/Taxpayer_Page": null

2024-11-12 17:32:46 - [TEST_STEP][PASSED] - orPath_AddressContact = "Object Repository/RAD_Pages/AddressAndContactInfo_Page": null

2024-11-12 17:32:46 - [TEST_STEP][PASSED] - orPath_FilingStatus = "Object Repository/RAD_Pages/FilingStatus_Page": null

2024-11-12 17:32:46 - [TEST_STEP][PASSED] - orPath_Amount = "Object Repository/RAD_Pages/PaymentAmount_Page": null

2024-11-12 17:32:46 - [TEST_STEP][PASSED] - orPath_TaxInfo = "Object Repository/RAD_Pages/TaxInfo_Page": null

2024-11-12 17:32:46 - [TEST_STEP][PASSED] - orPath_Withholding = "Object Repository/RAD_Pages/Withholding_Page": null

2024-11-12 17:32:46 - [TEST_STEP][PASSED] - orPath_Summary = "Object Repository/RAD_Pages/Summary_Page": null

2024-11-12 17:32:46 - [TEST_STEP][PASSED] - orPath_PaymentReady = "Object Repository/RAD_Pages/PaymentReady_Page": null

2024-11-12 17:32:46 - [TEST_STEP][PASSED] - orPath_PaymentEntry = "Object Repository/RAD_Pages/PaymentEntry_Page": null

2024-11-12 17:32:46 - [TEST_STEP][PASSED] - orPath_PaymentConfirmation = "Object Repository/RAD_Pages/PaymentConfirmation_Page": null

2024-11-12 17:32:46 - [TEST_STEP][PASSED] - orPath_ServiceFeesAccept = "Object Repository/RAD_Pages/ServiceFeeAccept_Page": null

2024-11-12 17:32:46 - [TEST_STEP][PASSED] - selectOptionByLabel(findTestObject(orPath_Landing + "/dd_TaxType"), Paymenttype, false): All options with label 'New Tax Return Amount Due' are selected in object 'Object Repository/RAD_Pages/Landing_Page/dd_TaxType' 

2024-11-12 17:32:47 - [MESSAGE][PASSED] - All options with label 'New Tax Return Amount Due' are selected in object 'Object Repository/RAD_Pages/Landing_Page/dd_TaxType' 

2024-11-12 17:32:47 - [TEST_STEP][PASSED] - delay(1): Delayed 1 second(s)

2024-11-12 17:32:48 - [MESSAGE][PASSED] - Delayed 1 second(s)

2024-11-12 17:32:48 - [TEST_STEP][PASSED] - switch (Paymenttype): null

2024-11-12 17:32:48 - [TEST_STEP][PASSED] - case "New Tax Return Amount Due":: null

2024-11-12 17:32:48 - [TEST_STEP][PASSED] - selectOptionByLabel(findTestObject("Object Repository/RAD_Pages/Landing_Page/select_NewTaxReturnAmountDue_TaxType"), Taxtype, false): All options with label 'Bay Restoration Fee' are selected in object 'Object Repository/RAD_Pages/Landing_Page/select_NewTaxReturnAmountDue_TaxType' 

2024-11-12 17:32:49 - [MESSAGE][PASSED] - All options with label 'Bay Restoration Fee' are selected in object 'Object Repository/RAD_Pages/Landing_Page/select_NewTaxReturnAmountDue_TaxType' 

2024-11-12 17:32:49 - [TEST_STEP][PASSED] - break: null

2024-11-12 17:32:49 - [TEST_STEP][PASSED] - delay(1): Delayed 1 second(s)

2024-11-12 17:32:50 - [MESSAGE][PASSED] - Delayed 1 second(s)

2024-11-12 17:32:50 - [TEST_STEP][PASSED] - switch (Paymenttype): null

2024-11-12 17:32:50 - [TEST_STEP][PASSED] - case "New Tax Return Amount Due":: null

2024-11-12 17:32:50 - [TEST_STEP][PASSED] - setEncryptedText(findTestObject(orPath_TaxInfo + "/input_FederalEIN-2"), "RigbBhfdqOBDK95asqKeHw=="): Text ****** has been set on object 'Object Repository/RAD_Pages/TaxInfo_Page/input_FederalEIN-2'

2024-11-12 17:32:50 - [MESSAGE][PASSED] - Text ****** has been set on object 'Object Repository/RAD_Pages/TaxInfo_Page/input_FederalEIN-2'

2024-11-12 17:32:50 - [TEST_STEP][PASSED] - setEncryptedText(findTestObject(orPath_TaxInfo + "/input_FederalEIN_ReEnter-2"), ""): Text ****** has been set on object 'Object Repository/RAD_Pages/TaxInfo_Page/input_FederalEIN_ReEnter-2'

2024-11-12 17:32:51 - [MESSAGE][PASSED] - Text ****** has been set on object 'Object Repository/RAD_Pages/TaxInfo_Page/input_FederalEIN_ReEnter-2'

2024-11-12 17:32:51 - [TEST_STEP][PASSED] - break: null

2024-11-12 17:32:51 - [TEST_STEP][PASSED] - verifyTextPresent("Please enter a valid FEIN with 9 digits.", true): Text 'Please enter a valid FEIN with 9 digits.' is present on page  using regular expression

2024-11-12 17:32:51 - [MESSAGE][PASSED] - Text 'Please enter a valid FEIN with 9 digits.' is present on page  using regular expression

2024-11-12 17:32:51 - [TEST_STEP][PASSED] - if (verifyTextPresent("Please enter a valid FEIN with 9 digits.", true)): null

2024-11-12 17:32:51 - [MESSAGE][PASSED] - Text 'Please enter a valid FEIN with 9 digits.' is present on page  using regular expression

2024-11-12 17:32:51 - [TEST_STEP][PASSED] - println("Error Message is present on the page"): null

2024-11-12 17:32:51 - [TEST_STEP][PASSED] - out.println("Pass Record Number: " + row): null

2024-11-12 17:32:51 - [TEST_STEP][PASSED] - resText = "Pass": null

2024-11-12 17:32:51 - [TEST_STEP][PASSED] - pages.WriteExcel.demoKey(resText, datText, resColumn, datCloumn, fileLoc, nameSheet, row): pages.WriteExcel.demoKey is PASSED

2024-11-12 17:32:52 - [MESSAGE][PASSED] - pages.WriteExcel.demoKey is PASSED

2024-11-12 17:32:52 - [TEST_STEP][PASSED] - ExecuteTC = findTestData(dataFile).getValue("Execute", row): null

2024-11-12 17:32:52 - [TEST_STEP][PASSED] - Taxtype = findTestData(dataFile).getValue("TaxType", row): null

2024-11-12 17:32:52 - [TEST_STEP][PASSED] - Paymenttype = findTestData(dataFile).getValue("PaymentType", row): null

2024-11-12 17:32:52 - [TEST_STEP][PASSED] - out.println("Value of Execute is : " + ExecuteTC): null

2024-11-12 17:32:52 - [TEST_STEP][PASSED] - if (ExecuteTC.equalsIgnoreCase("Y")): null

2024-11-12 17:32:52 - [TEST_STEP][PASSED] - out.println("Begin Record Number: " + row): null

2024-11-12 17:32:52 - [TEST_STEP][PASSED] - today = new java.util.Date(): null

2024-11-12 17:32:52 - [TEST_STEP][PASSED] - println(today): null

2024-11-12 17:32:52 - [TEST_STEP][PASSED] - datText = today: null

2024-11-12 17:32:52 - [TEST_STEP][PASSED] - Taxtype = findTestData(dataFile).getValue("TaxType", row): null

2024-11-12 17:32:52 - [TEST_STEP][PASSED] - out.println("Taxtype value is : " + Taxtype): null

2024-11-12 17:32:52 - [TEST_STEP][PASSED] - openBrowser(""): Browser is opened with url: ''

2024-11-12 17:32:52 - [MESSAGE][WARNING] - A browser is already opened. Closing browser and opening a new one

2024-11-12 17:32:53 - [MESSAGE][INFO] - Starting 'Chrome' driver

2024-11-12 17:32:53 - [MESSAGE][INFO] - User set preference: ['acceptInsecureCerts', 'true']

2024-11-12 17:32:53 - [MESSAGE][INFO] - Action delay is set to 0 milliseconds

2024-11-12 17:32:54 - [MESSAGE][PASSED] - Browser is opened with url: ''

2024-11-12 17:32:54 - [TEST_STEP][PASSED] - maximizeWindow(): Current window maximized

2024-11-12 17:32:55 - [MESSAGE][PASSED] - Current window maximized

2024-11-12 17:32:55 - [TEST_STEP][PASSED] - navigateToUrl(RADurl): Navigate to 'https://www.velocitypayment.com/client/rad/index.html' successfully

2024-11-12 17:32:56 - [MESSAGE][PASSED] - Navigate to 'https://www.velocitypayment.com/client/rad/index.html' successfully

2024-11-12 17:32:56 - [TEST_STEP][PASSED] - orPath_Landing = "Object Repository/RAD_Pages/Landing_Page": null

2024-11-12 17:32:56 - [TEST_STEP][PASSED] - orPath_TaxTypeFilingYear = "Object Repository/RAD_Pages/TaxTypeFilingYear_Page": null

2024-11-12 17:32:56 - [TEST_STEP][PASSED] - orPath_TaxPayer = "Object Repository/RAD_Pages/Taxpayer_Page": null

2024-11-12 17:32:56 - [TEST_STEP][PASSED] - orPath_AddressContact = "Object Repository/RAD_Pages/AddressAndContactInfo_Page": null

2024-11-12 17:32:56 - [TEST_STEP][PASSED] - orPath_FilingStatus = "Object Repository/RAD_Pages/FilingStatus_Page": null

2024-11-12 17:32:56 - [TEST_STEP][PASSED] - orPath_Amount = "Object Repository/RAD_Pages/PaymentAmount_Page": null

2024-11-12 17:32:56 - [TEST_STEP][PASSED] - orPath_TaxInfo = "Object Repository/RAD_Pages/TaxInfo_Page": null

2024-11-12 17:32:56 - [TEST_STEP][PASSED] - orPath_Withholding = "Object Repository/RAD_Pages/Withholding_Page": null

2024-11-12 17:32:56 - [TEST_STEP][PASSED] - orPath_Summary = "Object Repository/RAD_Pages/Summary_Page": null

2024-11-12 17:32:56 - [TEST_STEP][PASSED] - orPath_PaymentReady = "Object Repository/RAD_Pages/PaymentReady_Page": null

2024-11-12 17:32:56 - [TEST_STEP][PASSED] - orPath_PaymentEntry = "Object Repository/RAD_Pages/PaymentEntry_Page": null

2024-11-12 17:32:56 - [TEST_STEP][PASSED] - orPath_PaymentConfirmation = "Object Repository/RAD_Pages/PaymentConfirmation_Page": null

2024-11-12 17:32:56 - [TEST_STEP][PASSED] - orPath_ServiceFeesAccept = "Object Repository/RAD_Pages/ServiceFeeAccept_Page": null

2024-11-12 17:32:56 - [TEST_STEP][PASSED] - selectOptionByLabel(findTestObject(orPath_Landing + "/dd_TaxType"), Paymenttype, false): All options with label 'New Tax Return Amount Due' are selected in object 'Object Repository/RAD_Pages/Landing_Page/dd_TaxType' 

2024-11-12 17:32:57 - [MESSAGE][PASSED] - All options with label 'New Tax Return Amount Due' are selected in object 'Object Repository/RAD_Pages/Landing_Page/dd_TaxType' 

2024-11-12 17:32:57 - [TEST_STEP][PASSED] - delay(1): Delayed 1 second(s)

2024-11-12 17:32:58 - [MESSAGE][PASSED] - Delayed 1 second(s)

2024-11-12 17:32:58 - [TEST_STEP][PASSED] - switch (Paymenttype): null

2024-11-12 17:32:58 - [TEST_STEP][PASSED] - case "New Tax Return Amount Due":: null

2024-11-12 17:32:58 - [TEST_STEP][PASSED] - selectOptionByLabel(findTestObject("Object Repository/RAD_Pages/Landing_Page/select_NewTaxReturnAmountDue_TaxType"), Taxtype, false): All options with label 'Corporate Income Tax' are selected in object 'Object Repository/RAD_Pages/Landing_Page/select_NewTaxReturnAmountDue_TaxType' 

2024-11-12 17:32:59 - [MESSAGE][PASSED] - All options with label 'Corporate Income Tax' are selected in object 'Object Repository/RAD_Pages/Landing_Page/select_NewTaxReturnAmountDue_TaxType' 

2024-11-12 17:32:59 - [TEST_STEP][PASSED] - break: null

2024-11-12 17:32:59 - [TEST_STEP][PASSED] - delay(1): Delayed 1 second(s)

2024-11-12 17:33:00 - [MESSAGE][PASSED] - Delayed 1 second(s)

2024-11-12 17:33:00 - [TEST_STEP][PASSED] - switch (Paymenttype): null

2024-11-12 17:33:00 - [TEST_STEP][PASSED] - case "New Tax Return Amount Due":: null

2024-11-12 17:33:00 - [TEST_STEP][PASSED] - setEncryptedText(findTestObject(orPath_TaxInfo + "/input_FederalEIN-2"), "RigbBhfdqOBDK95asqKeHw=="): Text ****** has been set on object 'Object Repository/RAD_Pages/TaxInfo_Page/input_FederalEIN-2'

2024-11-12 17:33:00 - [MESSAGE][PASSED] - Text ****** has been set on object 'Object Repository/RAD_Pages/TaxInfo_Page/input_FederalEIN-2'

2024-11-12 17:33:00 - [TEST_STEP][PASSED] - setEncryptedText(findTestObject(orPath_TaxInfo + "/input_FederalEIN_ReEnter-2"), ""): Text ****** has been set on object 'Object Repository/RAD_Pages/TaxInfo_Page/input_FederalEIN_ReEnter-2'

2024-11-12 17:33:01 - [MESSAGE][PASSED] - Text ****** has been set on object 'Object Repository/RAD_Pages/TaxInfo_Page/input_FederalEIN_ReEnter-2'

2024-11-12 17:33:01 - [TEST_STEP][PASSED] - break: null

2024-11-12 17:33:01 - [TEST_STEP][PASSED] - verifyTextPresent("Please enter a valid FEIN with 9 digits.", true): Text 'Please enter a valid FEIN with 9 digits.' is present on page  using regular expression

2024-11-12 17:33:01 - [MESSAGE][PASSED] - Text 'Please enter a valid FEIN with 9 digits.' is present on page  using regular expression

2024-11-12 17:33:01 - [TEST_STEP][PASSED] - if (verifyTextPresent("Please enter a valid FEIN with 9 digits.", true)): null

2024-11-12 17:33:02 - [MESSAGE][PASSED] - Text 'Please enter a valid FEIN with 9 digits.' is present on page  using regular expression

2024-11-12 17:33:02 - [TEST_STEP][PASSED] - println("Error Message is present on the page"): null

2024-11-12 17:33:02 - [TEST_STEP][PASSED] - out.println("Pass Record Number: " + row): null

2024-11-12 17:33:02 - [TEST_STEP][PASSED] - resText = "Pass": null

2024-11-12 17:33:02 - [TEST_STEP][PASSED] - pages.WriteExcel.demoKey(resText, datText, resColumn, datCloumn, fileLoc, nameSheet, row): pages.WriteExcel.demoKey is PASSED

2024-11-12 17:33:02 - [MESSAGE][PASSED] - pages.WriteExcel.demoKey is PASSED

2024-11-12 17:33:02 - [TEST_STEP][PASSED] - ExecuteTC = findTestData(dataFile).getValue("Execute", row): null

2024-11-12 17:33:02 - [TEST_STEP][PASSED] - Taxtype = findTestData(dataFile).getValue("TaxType", row): null

2024-11-12 17:33:02 - [TEST_STEP][PASSED] - Paymenttype = findTestData(dataFile).getValue("PaymentType", row): null

2024-11-12 17:33:02 - [TEST_STEP][PASSED] - out.println("Value of Execute is : " + ExecuteTC): null

2024-11-12 17:33:02 - [TEST_STEP][PASSED] - if (ExecuteTC.equalsIgnoreCase("Y")): null

2024-11-12 17:33:02 - [TEST_STEP][PASSED] - out.println("Begin Record Number: " + row): null

2024-11-12 17:33:02 - [TEST_STEP][PASSED] - today = new java.util.Date(): null

2024-11-12 17:33:02 - [TEST_STEP][PASSED] - println(today): null

2024-11-12 17:33:02 - [TEST_STEP][PASSED] - datText = today: null

2024-11-12 17:33:02 - [TEST_STEP][PASSED] - Taxtype = findTestData(dataFile).getValue("TaxType", row): null

2024-11-12 17:33:02 - [TEST_STEP][PASSED] - out.println("Taxtype value is : " + Taxtype): null

2024-11-12 17:33:02 - [TEST_STEP][PASSED] - openBrowser(""): Browser is opened with url: ''

2024-11-12 17:33:02 - [MESSAGE][WARNING] - A browser is already opened. Closing browser and opening a new one

2024-11-12 17:33:03 - [MESSAGE][INFO] - Starting 'Chrome' driver

2024-11-12 17:33:03 - [MESSAGE][INFO] - User set preference: ['acceptInsecureCerts', 'true']

2024-11-12 17:33:03 - [MESSAGE][INFO] - Action delay is set to 0 milliseconds

2024-11-12 17:33:05 - [MESSAGE][PASSED] - Browser is opened with url: ''

2024-11-12 17:33:05 - [TEST_STEP][PASSED] - maximizeWindow(): Current window maximized

2024-11-12 17:33:05 - [MESSAGE][PASSED] - Current window maximized

2024-11-12 17:33:05 - [TEST_STEP][PASSED] - navigateToUrl(RADurl): Navigate to 'https://www.velocitypayment.com/client/rad/index.html' successfully

2024-11-12 17:33:06 - [MESSAGE][PASSED] - Navigate to 'https://www.velocitypayment.com/client/rad/index.html' successfully

2024-11-12 17:33:06 - [TEST_STEP][PASSED] - orPath_Landing = "Object Repository/RAD_Pages/Landing_Page": null

2024-11-12 17:33:06 - [TEST_STEP][PASSED] - orPath_TaxTypeFilingYear = "Object Repository/RAD_Pages/TaxTypeFilingYear_Page": null

2024-11-12 17:33:06 - [TEST_STEP][PASSED] - orPath_TaxPayer = "Object Repository/RAD_Pages/Taxpayer_Page": null

2024-11-12 17:33:06 - [TEST_STEP][PASSED] - orPath_AddressContact = "Object Repository/RAD_Pages/AddressAndContactInfo_Page": null

2024-11-12 17:33:06 - [TEST_STEP][PASSED] - orPath_FilingStatus = "Object Repository/RAD_Pages/FilingStatus_Page": null

2024-11-12 17:33:06 - [TEST_STEP][PASSED] - orPath_Amount = "Object Repository/RAD_Pages/PaymentAmount_Page": null

2024-11-12 17:33:06 - [TEST_STEP][PASSED] - orPath_TaxInfo = "Object Repository/RAD_Pages/TaxInfo_Page": null

2024-11-12 17:33:06 - [TEST_STEP][PASSED] - orPath_Withholding = "Object Repository/RAD_Pages/Withholding_Page": null

2024-11-12 17:33:06 - [TEST_STEP][PASSED] - orPath_Summary = "Object Repository/RAD_Pages/Summary_Page": null

2024-11-12 17:33:06 - [TEST_STEP][PASSED] - orPath_PaymentReady = "Object Repository/RAD_Pages/PaymentReady_Page": null

2024-11-12 17:33:06 - [TEST_STEP][PASSED] - orPath_PaymentEntry = "Object Repository/RAD_Pages/PaymentEntry_Page": null

2024-11-12 17:33:06 - [TEST_STEP][PASSED] - orPath_PaymentConfirmation = "Object Repository/RAD_Pages/PaymentConfirmation_Page": null

2024-11-12 17:33:06 - [TEST_STEP][PASSED] - orPath_ServiceFeesAccept = "Object Repository/RAD_Pages/ServiceFeeAccept_Page": null

2024-11-12 17:33:06 - [TEST_STEP][PASSED] - selectOptionByLabel(findTestObject(orPath_Landing + "/dd_TaxType"), Paymenttype, false): All options with label 'New Tax Return Amount Due' are selected in object 'Object Repository/RAD_Pages/Landing_Page/dd_TaxType' 

2024-11-12 17:33:07 - [MESSAGE][PASSED] - All options with label 'New Tax Return Amount Due' are selected in object 'Object Repository/RAD_Pages/Landing_Page/dd_TaxType' 

2024-11-12 17:33:07 - [TEST_STEP][PASSED] - delay(1): Delayed 1 second(s)

2024-11-12 17:33:08 - [MESSAGE][PASSED] - Delayed 1 second(s)

2024-11-12 17:33:08 - [TEST_STEP][PASSED] - switch (Paymenttype): null

2024-11-12 17:33:08 - [TEST_STEP][PASSED] - case "New Tax Return Amount Due":: null

2024-11-12 17:33:08 - [TEST_STEP][PASSED] - selectOptionByLabel(findTestObject("Object Repository/RAD_Pages/Landing_Page/select_NewTaxReturnAmountDue_TaxType"), Taxtype, false): All options with label 'Motor Fuel Tax' are selected in object 'Object Repository/RAD_Pages/Landing_Page/select_NewTaxReturnAmountDue_TaxType' 

2024-11-12 17:33:09 - [MESSAGE][PASSED] - All options with label 'Motor Fuel Tax' are selected in object 'Object Repository/RAD_Pages/Landing_Page/select_NewTaxReturnAmountDue_TaxType' 

2024-11-12 17:33:09 - [TEST_STEP][PASSED] - break: null

2024-11-12 17:33:09 - [TEST_STEP][PASSED] - delay(1): Delayed 1 second(s)

2024-11-12 17:33:10 - [MESSAGE][PASSED] - Delayed 1 second(s)

2024-11-12 17:33:10 - [TEST_STEP][PASSED] - switch (Paymenttype): null

2024-11-12 17:33:10 - [TEST_STEP][PASSED] - case "New Tax Return Amount Due":: null

2024-11-12 17:33:10 - [TEST_STEP][PASSED] - setEncryptedText(findTestObject(orPath_TaxInfo + "/input_FederalEIN-2"), "RigbBhfdqOBDK95asqKeHw=="): Text ****** has been set on object 'Object Repository/RAD_Pages/TaxInfo_Page/input_FederalEIN-2'

2024-11-12 17:33:10 - [MESSAGE][PASSED] - Text ****** has been set on object 'Object Repository/RAD_Pages/TaxInfo_Page/input_FederalEIN-2'

2024-11-12 17:33:10 - [TEST_STEP][PASSED] - setEncryptedText(findTestObject(orPath_TaxInfo + "/input_FederalEIN_ReEnter-2"), ""): Text ****** has been set on object 'Object Repository/RAD_Pages/TaxInfo_Page/input_FederalEIN_ReEnter-2'

2024-11-12 17:33:11 - [MESSAGE][PASSED] - Text ****** has been set on object 'Object Repository/RAD_Pages/TaxInfo_Page/input_FederalEIN_ReEnter-2'

2024-11-12 17:33:11 - [TEST_STEP][PASSED] - break: null

2024-11-12 17:33:11 - [TEST_STEP][PASSED] - verifyTextPresent("Please enter a valid FEIN with 9 digits.", true): Text 'Please enter a valid FEIN with 9 digits.' is present on page  using regular expression

2024-11-12 17:33:11 - [MESSAGE][PASSED] - Text 'Please enter a valid FEIN with 9 digits.' is present on page  using regular expression

2024-11-12 17:33:11 - [TEST_STEP][PASSED] - if (verifyTextPresent("Please enter a valid FEIN with 9 digits.", true)): null

2024-11-12 17:33:12 - [MESSAGE][PASSED] - Text 'Please enter a valid FEIN with 9 digits.' is present on page  using regular expression

2024-11-12 17:33:12 - [TEST_STEP][PASSED] - println("Error Message is present on the page"): null

2024-11-12 17:33:12 - [TEST_STEP][PASSED] - out.println("Pass Record Number: " + row): null

2024-11-12 17:33:12 - [TEST_STEP][PASSED] - resText = "Pass": null

2024-11-12 17:33:12 - [TEST_STEP][PASSED] - pages.WriteExcel.demoKey(resText, datText, resColumn, datCloumn, fileLoc, nameSheet, row): pages.WriteExcel.demoKey is PASSED

2024-11-12 17:33:12 - [MESSAGE][PASSED] - pages.WriteExcel.demoKey is PASSED

2024-11-12 17:33:12 - [TEST_STEP][PASSED] - ExecuteTC = findTestData(dataFile).getValue("Execute", row): null

2024-11-12 17:33:12 - [TEST_STEP][PASSED] - Taxtype = findTestData(dataFile).getValue("TaxType", row): null

2024-11-12 17:33:12 - [TEST_STEP][PASSED] - Paymenttype = findTestData(dataFile).getValue("PaymentType", row): null

2024-11-12 17:33:12 - [TEST_STEP][PASSED] - out.println("Value of Execute is : " + ExecuteTC): null

2024-11-12 17:33:12 - [TEST_STEP][PASSED] - if (ExecuteTC.equalsIgnoreCase("Y")): null

2024-11-12 17:33:12 - [TEST_STEP][PASSED] - out.println("Begin Record Number: " + row): null

2024-11-12 17:33:12 - [TEST_STEP][PASSED] - today = new java.util.Date(): null

2024-11-12 17:33:12 - [TEST_STEP][PASSED] - println(today): null

2024-11-12 17:33:12 - [TEST_STEP][PASSED] - datText = today: null

2024-11-12 17:33:12 - [TEST_STEP][PASSED] - Taxtype = findTestData(dataFile).getValue("TaxType", row): null

2024-11-12 17:33:12 - [TEST_STEP][PASSED] - out.println("Taxtype value is : " + Taxtype): null

2024-11-12 17:33:12 - [TEST_STEP][PASSED] - openBrowser(""): Browser is opened with url: ''

2024-11-12 17:33:12 - [MESSAGE][WARNING] - A browser is already opened. Closing browser and opening a new one

2024-11-12 17:33:13 - [MESSAGE][INFO] - Starting 'Chrome' driver

2024-11-12 17:33:13 - [MESSAGE][INFO] - User set preference: ['acceptInsecureCerts', 'true']

2024-11-12 17:33:13 - [MESSAGE][INFO] - Action delay is set to 0 milliseconds

2024-11-12 17:33:15 - [MESSAGE][PASSED] - Browser is opened with url: ''

2024-11-12 17:33:15 - [TEST_STEP][PASSED] - maximizeWindow(): Current window maximized

2024-11-12 17:33:15 - [MESSAGE][PASSED] - Current window maximized

2024-11-12 17:33:15 - [TEST_STEP][PASSED] - navigateToUrl(RADurl): Navigate to 'https://www.velocitypayment.com/client/rad/index.html' successfully

2024-11-12 17:33:15 - [MESSAGE][PASSED] - Navigate to 'https://www.velocitypayment.com/client/rad/index.html' successfully

2024-11-12 17:33:15 - [TEST_STEP][PASSED] - orPath_Landing = "Object Repository/RAD_Pages/Landing_Page": null

2024-11-12 17:33:15 - [TEST_STEP][PASSED] - orPath_TaxTypeFilingYear = "Object Repository/RAD_Pages/TaxTypeFilingYear_Page": null

2024-11-12 17:33:15 - [TEST_STEP][PASSED] - orPath_TaxPayer = "Object Repository/RAD_Pages/Taxpayer_Page": null

2024-11-12 17:33:15 - [TEST_STEP][PASSED] - orPath_AddressContact = "Object Repository/RAD_Pages/AddressAndContactInfo_Page": null

2024-11-12 17:33:15 - [TEST_STEP][PASSED] - orPath_FilingStatus = "Object Repository/RAD_Pages/FilingStatus_Page": null

2024-11-12 17:33:15 - [TEST_STEP][PASSED] - orPath_Amount = "Object Repository/RAD_Pages/PaymentAmount_Page": null

2024-11-12 17:33:15 - [TEST_STEP][PASSED] - orPath_TaxInfo = "Object Repository/RAD_Pages/TaxInfo_Page": null

2024-11-12 17:33:15 - [TEST_STEP][PASSED] - orPath_Withholding = "Object Repository/RAD_Pages/Withholding_Page": null

2024-11-12 17:33:15 - [TEST_STEP][PASSED] - orPath_Summary = "Object Repository/RAD_Pages/Summary_Page": null

2024-11-12 17:33:15 - [TEST_STEP][PASSED] - orPath_PaymentReady = "Object Repository/RAD_Pages/PaymentReady_Page": null

2024-11-12 17:33:15 - [TEST_STEP][PASSED] - orPath_PaymentEntry = "Object Repository/RAD_Pages/PaymentEntry_Page": null

2024-11-12 17:33:15 - [TEST_STEP][PASSED] - orPath_PaymentConfirmation = "Object Repository/RAD_Pages/PaymentConfirmation_Page": null

2024-11-12 17:33:15 - [TEST_STEP][PASSED] - orPath_ServiceFeesAccept = "Object Repository/RAD_Pages/ServiceFeeAccept_Page": null

2024-11-12 17:33:15 - [TEST_STEP][PASSED] - selectOptionByLabel(findTestObject(orPath_Landing + "/dd_TaxType"), Paymenttype, false): All options with label 'New Tax Return Amount Due' are selected in object 'Object Repository/RAD_Pages/Landing_Page/dd_TaxType' 

2024-11-12 17:33:17 - [MESSAGE][PASSED] - All options with label 'New Tax Return Amount Due' are selected in object 'Object Repository/RAD_Pages/Landing_Page/dd_TaxType' 

2024-11-12 17:33:17 - [TEST_STEP][PASSED] - delay(1): Delayed 1 second(s)

2024-11-12 17:33:18 - [MESSAGE][PASSED] - Delayed 1 second(s)

2024-11-12 17:33:18 - [TEST_STEP][PASSED] - switch (Paymenttype): null

2024-11-12 17:33:18 - [TEST_STEP][PASSED] - case "New Tax Return Amount Due":: null

2024-11-12 17:33:18 - [TEST_STEP][PASSED] - selectOptionByLabel(findTestObject("Object Repository/RAD_Pages/Landing_Page/select_NewTaxReturnAmountDue_TaxType"), Taxtype, false): All options with label 'Sales and Use Tax' are selected in object 'Object Repository/RAD_Pages/Landing_Page/select_NewTaxReturnAmountDue_TaxType' 

2024-11-12 17:33:19 - [MESSAGE][PASSED] - All options with label 'Sales and Use Tax' are selected in object 'Object Repository/RAD_Pages/Landing_Page/select_NewTaxReturnAmountDue_TaxType' 

2024-11-12 17:33:19 - [TEST_STEP][PASSED] - break: null

2024-11-12 17:33:19 - [TEST_STEP][PASSED] - delay(1): Delayed 1 second(s)

2024-11-12 17:33:20 - [MESSAGE][PASSED] - Delayed 1 second(s)

2024-11-12 17:33:20 - [TEST_STEP][PASSED] - switch (Paymenttype): null

2024-11-12 17:33:20 - [TEST_STEP][PASSED] - case "New Tax Return Amount Due":: null

2024-11-12 17:33:20 - [TEST_STEP][PASSED] - setEncryptedText(findTestObject(orPath_TaxInfo + "/input_FederalEIN-2"), "RigbBhfdqOBDK95asqKeHw=="): Text ****** has been set on object 'Object Repository/RAD_Pages/TaxInfo_Page/input_FederalEIN-2'

2024-11-12 17:33:20 - [MESSAGE][PASSED] - Text ****** has been set on object 'Object Repository/RAD_Pages/TaxInfo_Page/input_FederalEIN-2'

2024-11-12 17:33:20 - [TEST_STEP][PASSED] - setEncryptedText(findTestObject(orPath_TaxInfo + "/input_FederalEIN_ReEnter-2"), ""): Text ****** has been set on object 'Object Repository/RAD_Pages/TaxInfo_Page/input_FederalEIN_ReEnter-2'

2024-11-12 17:33:21 - [MESSAGE][PASSED] - Text ****** has been set on object 'Object Repository/RAD_Pages/TaxInfo_Page/input_FederalEIN_ReEnter-2'

2024-11-12 17:33:21 - [TEST_STEP][PASSED] - break: null

2024-11-12 17:33:21 - [TEST_STEP][PASSED] - verifyTextPresent("Please enter a valid FEIN with 9 digits.", true): Text 'Please enter a valid FEIN with 9 digits.' is present on page  using regular expression

2024-11-12 17:33:21 - [MESSAGE][PASSED] - Text 'Please enter a valid FEIN with 9 digits.' is present on page  using regular expression

2024-11-12 17:33:21 - [TEST_STEP][PASSED] - if (verifyTextPresent("Please enter a valid FEIN with 9 digits.", true)): null

2024-11-12 17:33:22 - [MESSAGE][PASSED] - Text 'Please enter a valid FEIN with 9 digits.' is present on page  using regular expression

2024-11-12 17:33:22 - [TEST_STEP][PASSED] - println("Error Message is present on the page"): null

2024-11-12 17:33:22 - [TEST_STEP][PASSED] - out.println("Pass Record Number: " + row): null

2024-11-12 17:33:22 - [TEST_STEP][PASSED] - resText = "Pass": null

2024-11-12 17:33:22 - [TEST_STEP][PASSED] - pages.WriteExcel.demoKey(resText, datText, resColumn, datCloumn, fileLoc, nameSheet, row): pages.WriteExcel.demoKey is PASSED

2024-11-12 17:33:22 - [MESSAGE][PASSED] - pages.WriteExcel.demoKey is PASSED

2024-11-12 17:33:22 - [TEST_STEP][PASSED] - ExecuteTC = findTestData(dataFile).getValue("Execute", row): null

2024-11-12 17:33:22 - [TEST_STEP][PASSED] - Taxtype = findTestData(dataFile).getValue("TaxType", row): null

2024-11-12 17:33:22 - [TEST_STEP][PASSED] - Paymenttype = findTestData(dataFile).getValue("PaymentType", row): null

2024-11-12 17:33:22 - [TEST_STEP][PASSED] - out.println("Value of Execute is : " + ExecuteTC): null

2024-11-12 17:33:22 - [TEST_STEP][PASSED] - if (ExecuteTC.equalsIgnoreCase("Y")): null

2024-11-12 17:33:22 - [TEST_STEP][PASSED] - out.println("Begin Record Number: " + row): null

2024-11-12 17:33:22 - [TEST_STEP][PASSED] - today = new java.util.Date(): null

2024-11-12 17:33:22 - [TEST_STEP][PASSED] - println(today): null

2024-11-12 17:33:22 - [TEST_STEP][PASSED] - datText = today: null

2024-11-12 17:33:22 - [TEST_STEP][PASSED] - Taxtype = findTestData(dataFile).getValue("TaxType", row): null

2024-11-12 17:33:22 - [TEST_STEP][PASSED] - out.println("Taxtype value is : " + Taxtype): null

2024-11-12 17:33:22 - [TEST_STEP][PASSED] - openBrowser(""): Browser is opened with url: ''

2024-11-12 17:33:22 - [MESSAGE][WARNING] - A browser is already opened. Closing browser and opening a new one

2024-11-12 17:33:23 - [MESSAGE][INFO] - Starting 'Chrome' driver

2024-11-12 17:33:23 - [MESSAGE][INFO] - User set preference: ['acceptInsecureCerts', 'true']

2024-11-12 17:33:23 - [MESSAGE][INFO] - Action delay is set to 0 milliseconds

2024-11-12 17:33:25 - [MESSAGE][PASSED] - Browser is opened with url: ''

2024-11-12 17:33:25 - [TEST_STEP][PASSED] - maximizeWindow(): Current window maximized

2024-11-12 17:33:25 - [MESSAGE][PASSED] - Current window maximized

2024-11-12 17:33:25 - [TEST_STEP][PASSED] - navigateToUrl(RADurl): Navigate to 'https://www.velocitypayment.com/client/rad/index.html' successfully

2024-11-12 17:33:26 - [MESSAGE][PASSED] - Navigate to 'https://www.velocitypayment.com/client/rad/index.html' successfully

2024-11-12 17:33:26 - [TEST_STEP][PASSED] - orPath_Landing = "Object Repository/RAD_Pages/Landing_Page": null

2024-11-12 17:33:26 - [TEST_STEP][PASSED] - orPath_TaxTypeFilingYear = "Object Repository/RAD_Pages/TaxTypeFilingYear_Page": null

2024-11-12 17:33:26 - [TEST_STEP][PASSED] - orPath_TaxPayer = "Object Repository/RAD_Pages/Taxpayer_Page": null

2024-11-12 17:33:26 - [TEST_STEP][PASSED] - orPath_AddressContact = "Object Repository/RAD_Pages/AddressAndContactInfo_Page": null

2024-11-12 17:33:26 - [TEST_STEP][PASSED] - orPath_FilingStatus = "Object Repository/RAD_Pages/FilingStatus_Page": null

2024-11-12 17:33:26 - [TEST_STEP][PASSED] - orPath_Amount = "Object Repository/RAD_Pages/PaymentAmount_Page": null

2024-11-12 17:33:26 - [TEST_STEP][PASSED] - orPath_TaxInfo = "Object Repository/RAD_Pages/TaxInfo_Page": null

2024-11-12 17:33:26 - [TEST_STEP][PASSED] - orPath_Withholding = "Object Repository/RAD_Pages/Withholding_Page": null

2024-11-12 17:33:26 - [TEST_STEP][PASSED] - orPath_Summary = "Object Repository/RAD_Pages/Summary_Page": null

2024-11-12 17:33:26 - [TEST_STEP][PASSED] - orPath_PaymentReady = "Object Repository/RAD_Pages/PaymentReady_Page": null

2024-11-12 17:33:26 - [TEST_STEP][PASSED] - orPath_PaymentEntry = "Object Repository/RAD_Pages/PaymentEntry_Page": null

2024-11-12 17:33:26 - [TEST_STEP][PASSED] - orPath_PaymentConfirmation = "Object Repository/RAD_Pages/PaymentConfirmation_Page": null

2024-11-12 17:33:26 - [TEST_STEP][PASSED] - orPath_ServiceFeesAccept = "Object Repository/RAD_Pages/ServiceFeeAccept_Page": null

2024-11-12 17:33:26 - [TEST_STEP][PASSED] - selectOptionByLabel(findTestObject(orPath_Landing + "/dd_TaxType"), Paymenttype, false): All options with label 'New Tax Return Amount Due' are selected in object 'Object Repository/RAD_Pages/Landing_Page/dd_TaxType' 

2024-11-12 17:33:27 - [MESSAGE][PASSED] - All options with label 'New Tax Return Amount Due' are selected in object 'Object Repository/RAD_Pages/Landing_Page/dd_TaxType' 

2024-11-12 17:33:27 - [TEST_STEP][PASSED] - delay(1): Delayed 1 second(s)

2024-11-12 17:33:28 - [MESSAGE][PASSED] - Delayed 1 second(s)

2024-11-12 17:33:28 - [TEST_STEP][PASSED] - switch (Paymenttype): null

2024-11-12 17:33:28 - [TEST_STEP][PASSED] - case "New Tax Return Amount Due":: null

2024-11-12 17:33:28 - [TEST_STEP][PASSED] - selectOptionByLabel(findTestObject("Object Repository/RAD_Pages/Landing_Page/select_NewTaxReturnAmountDue_TaxType"), Taxtype, false): All options with label 'Slots License Fee' are selected in object 'Object Repository/RAD_Pages/Landing_Page/select_NewTaxReturnAmountDue_TaxType' 

2024-11-12 17:33:29 - [MESSAGE][PASSED] - All options with label 'Slots License Fee' are selected in object 'Object Repository/RAD_Pages/Landing_Page/select_NewTaxReturnAmountDue_TaxType' 

2024-11-12 17:33:29 - [TEST_STEP][PASSED] - break: null

2024-11-12 17:33:29 - [TEST_STEP][PASSED] - delay(1): Delayed 1 second(s)

2024-11-12 17:33:30 - [MESSAGE][PASSED] - Delayed 1 second(s)

2024-11-12 17:33:30 - [TEST_STEP][PASSED] - switch (Paymenttype): null

2024-11-12 17:33:30 - [TEST_STEP][PASSED] - case "New Tax Return Amount Due":: null

2024-11-12 17:33:30 - [TEST_STEP][PASSED] - setEncryptedText(findTestObject(orPath_TaxInfo + "/input_FederalEIN-2"), "RigbBhfdqOBDK95asqKeHw=="): Text ****** has been set on object 'Object Repository/RAD_Pages/TaxInfo_Page/input_FederalEIN-2'

2024-11-12 17:33:30 - [MESSAGE][PASSED] - Text ****** has been set on object 'Object Repository/RAD_Pages/TaxInfo_Page/input_FederalEIN-2'

2024-11-12 17:33:30 - [TEST_STEP][PASSED] - setEncryptedText(findTestObject(orPath_TaxInfo + "/input_FederalEIN_ReEnter-2"), ""): Text ****** has been set on object 'Object Repository/RAD_Pages/TaxInfo_Page/input_FederalEIN_ReEnter-2'

2024-11-12 17:33:31 - [MESSAGE][PASSED] - Text ****** has been set on object 'Object Repository/RAD_Pages/TaxInfo_Page/input_FederalEIN_ReEnter-2'

2024-11-12 17:33:31 - [TEST_STEP][PASSED] - break: null

2024-11-12 17:33:31 - [TEST_STEP][PASSED] - verifyTextPresent("Please enter a valid FEIN with 9 digits.", true): Text 'Please enter a valid FEIN with 9 digits.' is present on page  using regular expression

2024-11-12 17:33:31 - [MESSAGE][PASSED] - Text 'Please enter a valid FEIN with 9 digits.' is present on page  using regular expression

2024-11-12 17:33:31 - [TEST_STEP][PASSED] - if (verifyTextPresent("Please enter a valid FEIN with 9 digits.", true)): null

2024-11-12 17:33:32 - [MESSAGE][PASSED] - Text 'Please enter a valid FEIN with 9 digits.' is present on page  using regular expression

2024-11-12 17:33:32 - [TEST_STEP][PASSED] - println("Error Message is present on the page"): null

2024-11-12 17:33:32 - [TEST_STEP][PASSED] - out.println("Pass Record Number: " + row): null

2024-11-12 17:33:32 - [TEST_STEP][PASSED] - resText = "Pass": null

2024-11-12 17:33:32 - [TEST_STEP][PASSED] - pages.WriteExcel.demoKey(resText, datText, resColumn, datCloumn, fileLoc, nameSheet, row): pages.WriteExcel.demoKey is PASSED

2024-11-12 17:33:32 - [MESSAGE][PASSED] - pages.WriteExcel.demoKey is PASSED

2024-11-12 17:33:32 - [TEST_STEP][PASSED] - ExecuteTC = findTestData(dataFile).getValue("Execute", row): null

2024-11-12 17:33:32 - [TEST_STEP][PASSED] - Taxtype = findTestData(dataFile).getValue("TaxType", row): null

2024-11-12 17:33:32 - [TEST_STEP][PASSED] - Paymenttype = findTestData(dataFile).getValue("PaymentType", row): null

2024-11-12 17:33:32 - [TEST_STEP][PASSED] - out.println("Value of Execute is : " + ExecuteTC): null

2024-11-12 17:33:32 - [TEST_STEP][PASSED] - if (ExecuteTC.equalsIgnoreCase("Y")): null

2024-11-12 17:33:32 - [TEST_STEP][PASSED] - out.println("Begin Record Number: " + row): null

2024-11-12 17:33:32 - [TEST_STEP][PASSED] - today = new java.util.Date(): null

2024-11-12 17:33:32 - [TEST_STEP][PASSED] - println(today): null

2024-11-12 17:33:32 - [TEST_STEP][PASSED] - datText = today: null

2024-11-12 17:33:32 - [TEST_STEP][PASSED] - Taxtype = findTestData(dataFile).getValue("TaxType", row): null

2024-11-12 17:33:32 - [TEST_STEP][PASSED] - out.println("Taxtype value is : " + Taxtype): null

2024-11-12 17:33:32 - [TEST_STEP][PASSED] - openBrowser(""): Browser is opened with url: ''

2024-11-12 17:33:32 - [MESSAGE][WARNING] - A browser is already opened. Closing browser and opening a new one

2024-11-12 17:33:33 - [MESSAGE][INFO] - Starting 'Chrome' driver

2024-11-12 17:33:33 - [MESSAGE][INFO] - User set preference: ['acceptInsecureCerts', 'true']

2024-11-12 17:33:33 - [MESSAGE][INFO] - Action delay is set to 0 milliseconds

2024-11-12 17:33:35 - [MESSAGE][PASSED] - Browser is opened with url: ''

2024-11-12 17:33:35 - [TEST_STEP][PASSED] - maximizeWindow(): Current window maximized

2024-11-12 17:33:35 - [MESSAGE][PASSED] - Current window maximized

2024-11-12 17:33:35 - [TEST_STEP][PASSED] - navigateToUrl(RADurl): Navigate to 'https://www.velocitypayment.com/client/rad/index.html' successfully

2024-11-12 17:33:38 - [MESSAGE][PASSED] - Navigate to 'https://www.velocitypayment.com/client/rad/index.html' successfully

2024-11-12 17:33:38 - [TEST_STEP][PASSED] - orPath_Landing = "Object Repository/RAD_Pages/Landing_Page": null

2024-11-12 17:33:38 - [TEST_STEP][PASSED] - orPath_TaxTypeFilingYear = "Object Repository/RAD_Pages/TaxTypeFilingYear_Page": null

2024-11-12 17:33:38 - [TEST_STEP][PASSED] - orPath_TaxPayer = "Object Repository/RAD_Pages/Taxpayer_Page": null

2024-11-12 17:33:38 - [TEST_STEP][PASSED] - orPath_AddressContact = "Object Repository/RAD_Pages/AddressAndContactInfo_Page": null

2024-11-12 17:33:38 - [TEST_STEP][PASSED] - orPath_FilingStatus = "Object Repository/RAD_Pages/FilingStatus_Page": null

2024-11-12 17:33:38 - [TEST_STEP][PASSED] - orPath_Amount = "Object Repository/RAD_Pages/PaymentAmount_Page": null

2024-11-12 17:33:38 - [TEST_STEP][PASSED] - orPath_TaxInfo = "Object Repository/RAD_Pages/TaxInfo_Page": null

2024-11-12 17:33:38 - [TEST_STEP][PASSED] - orPath_Withholding = "Object Repository/RAD_Pages/Withholding_Page": null

2024-11-12 17:33:38 - [TEST_STEP][PASSED] - orPath_Summary = "Object Repository/RAD_Pages/Summary_Page": null

2024-11-12 17:33:38 - [TEST_STEP][PASSED] - orPath_PaymentReady = "Object Repository/RAD_Pages/PaymentReady_Page": null

2024-11-12 17:33:38 - [TEST_STEP][PASSED] - orPath_PaymentEntry = "Object Repository/RAD_Pages/PaymentEntry_Page": null

2024-11-12 17:33:38 - [TEST_STEP][PASSED] - orPath_PaymentConfirmation = "Object Repository/RAD_Pages/PaymentConfirmation_Page": null

2024-11-12 17:33:38 - [TEST_STEP][PASSED] - orPath_ServiceFeesAccept = "Object Repository/RAD_Pages/ServiceFeeAccept_Page": null

2024-11-12 17:33:38 - [TEST_STEP][PASSED] - selectOptionByLabel(findTestObject(orPath_Landing + "/dd_TaxType"), Paymenttype, false): All options with label 'New Tax Return Amount Due' are selected in object 'Object Repository/RAD_Pages/Landing_Page/dd_TaxType' 

2024-11-12 17:33:39 - [MESSAGE][PASSED] - All options with label 'New Tax Return Amount Due' are selected in object 'Object Repository/RAD_Pages/Landing_Page/dd_TaxType' 

2024-11-12 17:33:39 - [TEST_STEP][PASSED] - delay(1): Delayed 1 second(s)

2024-11-12 17:33:40 - [MESSAGE][PASSED] - Delayed 1 second(s)

2024-11-12 17:33:40 - [TEST_STEP][PASSED] - switch (Paymenttype): null

2024-11-12 17:33:40 - [TEST_STEP][PASSED] - case "New Tax Return Amount Due":: null

2024-11-12 17:33:40 - [TEST_STEP][PASSED] - selectOptionByLabel(findTestObject("Object Repository/RAD_Pages/Landing_Page/select_NewTaxReturnAmountDue_TaxType"), Taxtype, false): All options with label 'Tire Recycling Fee' are selected in object 'Object Repository/RAD_Pages/Landing_Page/select_NewTaxReturnAmountDue_TaxType' 

2024-11-12 17:33:41 - [MESSAGE][PASSED] - All options with label 'Tire Recycling Fee' are selected in object 'Object Repository/RAD_Pages/Landing_Page/select_NewTaxReturnAmountDue_TaxType' 

2024-11-12 17:33:41 - [TEST_STEP][PASSED] - break: null

2024-11-12 17:33:41 - [TEST_STEP][PASSED] - delay(1): Delayed 1 second(s)

2024-11-12 17:33:42 - [MESSAGE][PASSED] - Delayed 1 second(s)

2024-11-12 17:33:42 - [TEST_STEP][PASSED] - switch (Paymenttype): null

2024-11-12 17:33:42 - [TEST_STEP][PASSED] - case "New Tax Return Amount Due":: null

2024-11-12 17:33:42 - [TEST_STEP][PASSED] - setEncryptedText(findTestObject(orPath_TaxInfo + "/input_FederalEIN-2"), "RigbBhfdqOBDK95asqKeHw=="): Text ****** has been set on object 'Object Repository/RAD_Pages/TaxInfo_Page/input_FederalEIN-2'

2024-11-12 17:33:42 - [MESSAGE][PASSED] - Text ****** has been set on object 'Object Repository/RAD_Pages/TaxInfo_Page/input_FederalEIN-2'

2024-11-12 17:33:42 - [TEST_STEP][PASSED] - setEncryptedText(findTestObject(orPath_TaxInfo + "/input_FederalEIN_ReEnter-2"), ""): Text ****** has been set on object 'Object Repository/RAD_Pages/TaxInfo_Page/input_FederalEIN_ReEnter-2'

2024-11-12 17:33:43 - [MESSAGE][PASSED] - Text ****** has been set on object 'Object Repository/RAD_Pages/TaxInfo_Page/input_FederalEIN_ReEnter-2'

2024-11-12 17:33:43 - [TEST_STEP][PASSED] - break: null

2024-11-12 17:33:43 - [TEST_STEP][PASSED] - verifyTextPresent("Please enter a valid FEIN with 9 digits.", true): Text 'Please enter a valid FEIN with 9 digits.' is present on page  using regular expression

2024-11-12 17:33:43 - [MESSAGE][PASSED] - Text 'Please enter a valid FEIN with 9 digits.' is present on page  using regular expression

2024-11-12 17:33:43 - [TEST_STEP][PASSED] - if (verifyTextPresent("Please enter a valid FEIN with 9 digits.", true)): null

2024-11-12 17:33:44 - [MESSAGE][PASSED] - Text 'Please enter a valid FEIN with 9 digits.' is present on page  using regular expression

2024-11-12 17:33:44 - [TEST_STEP][PASSED] - println("Error Message is present on the page"): null

2024-11-12 17:33:44 - [TEST_STEP][PASSED] - out.println("Pass Record Number: " + row): null

2024-11-12 17:33:44 - [TEST_STEP][PASSED] - resText = "Pass": null

2024-11-12 17:33:44 - [TEST_STEP][PASSED] - pages.WriteExcel.demoKey(resText, datText, resColumn, datCloumn, fileLoc, nameSheet, row): pages.WriteExcel.demoKey is PASSED

2024-11-12 17:33:44 - [MESSAGE][PASSED] - pages.WriteExcel.demoKey is PASSED

2024-11-12 17:33:44 - [TEST_STEP][PASSED] - ExecuteTC = findTestData(dataFile).getValue("Execute", row): null

2024-11-12 17:33:44 - [TEST_STEP][PASSED] - Taxtype = findTestData(dataFile).getValue("TaxType", row): null

2024-11-12 17:33:44 - [TEST_STEP][PASSED] - Paymenttype = findTestData(dataFile).getValue("PaymentType", row): null

2024-11-12 17:33:44 - [TEST_STEP][PASSED] - out.println("Value of Execute is : " + ExecuteTC): null

2024-11-12 17:33:44 - [TEST_STEP][PASSED] - if (ExecuteTC.equalsIgnoreCase("Y")): null

2024-11-12 17:33:44 - [TEST_STEP][PASSED] - out.println("Begin Record Number: " + row): null

2024-11-12 17:33:44 - [TEST_STEP][PASSED] - today = new java.util.Date(): null

2024-11-12 17:33:44 - [TEST_STEP][PASSED] - println(today): null

2024-11-12 17:33:44 - [TEST_STEP][PASSED] - datText = today: null

2024-11-12 17:33:44 - [TEST_STEP][PASSED] - Taxtype = findTestData(dataFile).getValue("TaxType", row): null

2024-11-12 17:33:44 - [TEST_STEP][PASSED] - out.println("Taxtype value is : " + Taxtype): null

2024-11-12 17:33:44 - [TEST_STEP][PASSED] - openBrowser(""): Browser is opened with url: ''

2024-11-12 17:33:44 - [MESSAGE][WARNING] - A browser is already opened. Closing browser and opening a new one

2024-11-12 17:33:45 - [MESSAGE][INFO] - Starting 'Chrome' driver

2024-11-12 17:33:45 - [MESSAGE][INFO] - User set preference: ['acceptInsecureCerts', 'true']

2024-11-12 17:33:45 - [MESSAGE][INFO] - Action delay is set to 0 milliseconds

2024-11-12 17:33:47 - [MESSAGE][PASSED] - Browser is opened with url: ''

2024-11-12 17:33:47 - [TEST_STEP][PASSED] - maximizeWindow(): Current window maximized

2024-11-12 17:33:47 - [MESSAGE][PASSED] - Current window maximized

2024-11-12 17:33:47 - [TEST_STEP][PASSED] - navigateToUrl(RADurl): Navigate to 'https://www.velocitypayment.com/client/rad/index.html' successfully

2024-11-12 17:33:49 - [MESSAGE][PASSED] - Navigate to 'https://www.velocitypayment.com/client/rad/index.html' successfully

2024-11-12 17:33:49 - [TEST_STEP][PASSED] - orPath_Landing = "Object Repository/RAD_Pages/Landing_Page": null

2024-11-12 17:33:49 - [TEST_STEP][PASSED] - orPath_TaxTypeFilingYear = "Object Repository/RAD_Pages/TaxTypeFilingYear_Page": null

2024-11-12 17:33:49 - [TEST_STEP][PASSED] - orPath_TaxPayer = "Object Repository/RAD_Pages/Taxpayer_Page": null

2024-11-12 17:33:49 - [TEST_STEP][PASSED] - orPath_AddressContact = "Object Repository/RAD_Pages/AddressAndContactInfo_Page": null

2024-11-12 17:33:49 - [TEST_STEP][PASSED] - orPath_FilingStatus = "Object Repository/RAD_Pages/FilingStatus_Page": null

2024-11-12 17:33:49 - [TEST_STEP][PASSED] - orPath_Amount = "Object Repository/RAD_Pages/PaymentAmount_Page": null

2024-11-12 17:33:49 - [TEST_STEP][PASSED] - orPath_TaxInfo = "Object Repository/RAD_Pages/TaxInfo_Page": null

2024-11-12 17:33:49 - [TEST_STEP][PASSED] - orPath_Withholding = "Object Repository/RAD_Pages/Withholding_Page": null

2024-11-12 17:33:49 - [TEST_STEP][PASSED] - orPath_Summary = "Object Repository/RAD_Pages/Summary_Page": null

2024-11-12 17:33:49 - [TEST_STEP][PASSED] - orPath_PaymentReady = "Object Repository/RAD_Pages/PaymentReady_Page": null

2024-11-12 17:33:49 - [TEST_STEP][PASSED] - orPath_PaymentEntry = "Object Repository/RAD_Pages/PaymentEntry_Page": null

2024-11-12 17:33:49 - [TEST_STEP][PASSED] - orPath_PaymentConfirmation = "Object Repository/RAD_Pages/PaymentConfirmation_Page": null

2024-11-12 17:33:49 - [TEST_STEP][PASSED] - orPath_ServiceFeesAccept = "Object Repository/RAD_Pages/ServiceFeeAccept_Page": null

2024-11-12 17:33:49 - [TEST_STEP][PASSED] - selectOptionByLabel(findTestObject(orPath_Landing + "/dd_TaxType"), Paymenttype, false): All options with label 'New Tax Return Amount Due' are selected in object 'Object Repository/RAD_Pages/Landing_Page/dd_TaxType' 

2024-11-12 17:33:50 - [MESSAGE][PASSED] - All options with label 'New Tax Return Amount Due' are selected in object 'Object Repository/RAD_Pages/Landing_Page/dd_TaxType' 

2024-11-12 17:33:50 - [TEST_STEP][PASSED] - delay(1): Delayed 1 second(s)

2024-11-12 17:33:51 - [MESSAGE][PASSED] - Delayed 1 second(s)

2024-11-12 17:33:51 - [TEST_STEP][PASSED] - switch (Paymenttype): null

2024-11-12 17:33:51 - [TEST_STEP][PASSED] - case "New Tax Return Amount Due":: null

2024-11-12 17:33:51 - [TEST_STEP][PASSED] - selectOptionByLabel(findTestObject("Object Repository/RAD_Pages/Landing_Page/select_NewTaxReturnAmountDue_TaxType"), Taxtype, false): All options with label 'Transportation Network Services' are selected in object 'Object Repository/RAD_Pages/Landing_Page/select_NewTaxReturnAmountDue_TaxType' 

2024-11-12 17:33:52 - [MESSAGE][PASSED] - All options with label 'Transportation Network Services' are selected in object 'Object Repository/RAD_Pages/Landing_Page/select_NewTaxReturnAmountDue_TaxType' 

2024-11-12 17:33:52 - [TEST_STEP][PASSED] - break: null

2024-11-12 17:33:52 - [TEST_STEP][PASSED] - delay(1): Delayed 1 second(s)

2024-11-12 17:33:53 - [MESSAGE][PASSED] - Delayed 1 second(s)

2024-11-12 17:33:53 - [TEST_STEP][PASSED] - switch (Paymenttype): null

2024-11-12 17:33:53 - [TEST_STEP][PASSED] - case "New Tax Return Amount Due":: null

2024-11-12 17:33:53 - [TEST_STEP][PASSED] - setEncryptedText(findTestObject(orPath_TaxInfo + "/input_FederalEIN-2"), "RigbBhfdqOBDK95asqKeHw=="): Text ****** has been set on object 'Object Repository/RAD_Pages/TaxInfo_Page/input_FederalEIN-2'

2024-11-12 17:33:53 - [MESSAGE][PASSED] - Text ****** has been set on object 'Object Repository/RAD_Pages/TaxInfo_Page/input_FederalEIN-2'

2024-11-12 17:33:53 - [TEST_STEP][PASSED] - setEncryptedText(findTestObject(orPath_TaxInfo + "/input_FederalEIN_ReEnter-2"), ""): Text ****** has been set on object 'Object Repository/RAD_Pages/TaxInfo_Page/input_FederalEIN_ReEnter-2'

2024-11-12 17:33:54 - [MESSAGE][PASSED] - Text ****** has been set on object 'Object Repository/RAD_Pages/TaxInfo_Page/input_FederalEIN_ReEnter-2'

2024-11-12 17:33:54 - [TEST_STEP][PASSED] - break: null

2024-11-12 17:33:54 - [TEST_STEP][PASSED] - verifyTextPresent("Please enter a valid FEIN with 9 digits.", true): Text 'Please enter a valid FEIN with 9 digits.' is present on page  using regular expression

2024-11-12 17:33:54 - [MESSAGE][PASSED] - Text 'Please enter a valid FEIN with 9 digits.' is present on page  using regular expression

2024-11-12 17:33:54 - [TEST_STEP][PASSED] - if (verifyTextPresent("Please enter a valid FEIN with 9 digits.", true)): null

2024-11-12 17:33:55 - [MESSAGE][PASSED] - Text 'Please enter a valid FEIN with 9 digits.' is present on page  using regular expression

2024-11-12 17:33:55 - [TEST_STEP][PASSED] - println("Error Message is present on the page"): null

2024-11-12 17:33:55 - [TEST_STEP][PASSED] - out.println("Pass Record Number: " + row): null

2024-11-12 17:33:55 - [TEST_STEP][PASSED] - resText = "Pass": null

2024-11-12 17:33:55 - [TEST_STEP][PASSED] - pages.WriteExcel.demoKey(resText, datText, resColumn, datCloumn, fileLoc, nameSheet, row): pages.WriteExcel.demoKey is PASSED

2024-11-12 17:33:55 - [MESSAGE][PASSED] - pages.WriteExcel.demoKey is PASSED

2024-11-12 17:33:55 - [TEST_STEP][PASSED] - ExecuteTC = findTestData(dataFile).getValue("Execute", row): null

2024-11-12 17:33:55 - [TEST_STEP][PASSED] - Taxtype = findTestData(dataFile).getValue("TaxType", row): null

2024-11-12 17:33:55 - [TEST_STEP][PASSED] - Paymenttype = findTestData(dataFile).getValue("PaymentType", row): null

2024-11-12 17:33:55 - [TEST_STEP][PASSED] - out.println("Value of Execute is : " + ExecuteTC): null

2024-11-12 17:33:55 - [TEST_STEP][PASSED] - if (ExecuteTC.equalsIgnoreCase("Y")): null

2024-11-12 17:33:55 - [TEST_STEP][PASSED] - out.println("Begin Record Number: " + row): null

2024-11-12 17:33:55 - [TEST_STEP][PASSED] - today = new java.util.Date(): null

2024-11-12 17:33:55 - [TEST_STEP][PASSED] - println(today): null

2024-11-12 17:33:55 - [TEST_STEP][PASSED] - datText = today: null

2024-11-12 17:33:55 - [TEST_STEP][PASSED] - Taxtype = findTestData(dataFile).getValue("TaxType", row): null

2024-11-12 17:33:55 - [TEST_STEP][PASSED] - out.println("Taxtype value is : " + Taxtype): null

2024-11-12 17:33:55 - [TEST_STEP][PASSED] - openBrowser(""): Browser is opened with url: ''

2024-11-12 17:33:55 - [MESSAGE][WARNING] - A browser is already opened. Closing browser and opening a new one

2024-11-12 17:33:56 - [MESSAGE][INFO] - Starting 'Chrome' driver

2024-11-12 17:33:56 - [MESSAGE][INFO] - User set preference: ['acceptInsecureCerts', 'true']

2024-11-12 17:33:56 - [MESSAGE][INFO] - Action delay is set to 0 milliseconds

2024-11-12 17:33:57 - [MESSAGE][PASSED] - Browser is opened with url: ''

2024-11-12 17:33:57 - [TEST_STEP][PASSED] - maximizeWindow(): Current window maximized

2024-11-12 17:33:58 - [MESSAGE][PASSED] - Current window maximized

2024-11-12 17:33:58 - [TEST_STEP][PASSED] - navigateToUrl(RADurl): Navigate to 'https://www.velocitypayment.com/client/rad/index.html' successfully

2024-11-12 17:33:59 - [MESSAGE][PASSED] - Navigate to 'https://www.velocitypayment.com/client/rad/index.html' successfully

2024-11-12 17:33:59 - [TEST_STEP][PASSED] - orPath_Landing = "Object Repository/RAD_Pages/Landing_Page": null

2024-11-12 17:33:59 - [TEST_STEP][PASSED] - orPath_TaxTypeFilingYear = "Object Repository/RAD_Pages/TaxTypeFilingYear_Page": null

2024-11-12 17:33:59 - [TEST_STEP][PASSED] - orPath_TaxPayer = "Object Repository/RAD_Pages/Taxpayer_Page": null

2024-11-12 17:33:59 - [TEST_STEP][PASSED] - orPath_AddressContact = "Object Repository/RAD_Pages/AddressAndContactInfo_Page": null

2024-11-12 17:33:59 - [TEST_STEP][PASSED] - orPath_FilingStatus = "Object Repository/RAD_Pages/FilingStatus_Page": null

2024-11-12 17:33:59 - [TEST_STEP][PASSED] - orPath_Amount = "Object Repository/RAD_Pages/PaymentAmount_Page": null

2024-11-12 17:33:59 - [TEST_STEP][PASSED] - orPath_TaxInfo = "Object Repository/RAD_Pages/TaxInfo_Page": null

2024-11-12 17:33:59 - [TEST_STEP][PASSED] - orPath_Withholding = "Object Repository/RAD_Pages/Withholding_Page": null

2024-11-12 17:33:59 - [TEST_STEP][PASSED] - orPath_Summary = "Object Repository/RAD_Pages/Summary_Page": null

2024-11-12 17:33:59 - [TEST_STEP][PASSED] - orPath_PaymentReady = "Object Repository/RAD_Pages/PaymentReady_Page": null

2024-11-12 17:33:59 - [TEST_STEP][PASSED] - orPath_PaymentEntry = "Object Repository/RAD_Pages/PaymentEntry_Page": null

2024-11-12 17:33:59 - [TEST_STEP][PASSED] - orPath_PaymentConfirmation = "Object Repository/RAD_Pages/PaymentConfirmation_Page": null

2024-11-12 17:33:59 - [TEST_STEP][PASSED] - orPath_ServiceFeesAccept = "Object Repository/RAD_Pages/ServiceFeeAccept_Page": null

2024-11-12 17:33:59 - [TEST_STEP][PASSED] - selectOptionByLabel(findTestObject(orPath_Landing + "/dd_TaxType"), Paymenttype, false): All options with label 'New Tax Return Amount Due' are selected in object 'Object Repository/RAD_Pages/Landing_Page/dd_TaxType' 

2024-11-12 17:34:00 - [MESSAGE][PASSED] - All options with label 'New Tax Return Amount Due' are selected in object 'Object Repository/RAD_Pages/Landing_Page/dd_TaxType' 

2024-11-12 17:34:00 - [TEST_STEP][PASSED] - delay(1): Delayed 1 second(s)

2024-11-12 17:34:01 - [MESSAGE][PASSED] - Delayed 1 second(s)

2024-11-12 17:34:01 - [TEST_STEP][PASSED] - switch (Paymenttype): null

2024-11-12 17:34:01 - [TEST_STEP][PASSED] - case "New Tax Return Amount Due":: null

2024-11-12 17:34:01 - [TEST_STEP][PASSED] - selectOptionByLabel(findTestObject("Object Repository/RAD_Pages/Landing_Page/select_NewTaxReturnAmountDue_TaxType"), Taxtype, false): All options with label 'Unclaimed Property' are selected in object 'Object Repository/RAD_Pages/Landing_Page/select_NewTaxReturnAmountDue_TaxType' 

2024-11-12 17:34:02 - [MESSAGE][PASSED] - All options with label 'Unclaimed Property' are selected in object 'Object Repository/RAD_Pages/Landing_Page/select_NewTaxReturnAmountDue_TaxType' 

2024-11-12 17:34:02 - [TEST_STEP][PASSED] - break: null

2024-11-12 17:34:02 - [TEST_STEP][PASSED] - delay(1): Delayed 1 second(s)

2024-11-12 17:34:03 - [MESSAGE][PASSED] - Delayed 1 second(s)

2024-11-12 17:34:03 - [TEST_STEP][PASSED] - switch (Paymenttype): null

2024-11-12 17:34:03 - [TEST_STEP][PASSED] - case "New Tax Return Amount Due":: null

2024-11-12 17:34:03 - [TEST_STEP][PASSED] - setEncryptedText(findTestObject(orPath_TaxInfo + "/input_FederalEIN-2"), "RigbBhfdqOBDK95asqKeHw=="): Text ****** has been set on object 'Object Repository/RAD_Pages/TaxInfo_Page/input_FederalEIN-2'

2024-11-12 17:34:03 - [MESSAGE][PASSED] - Text ****** has been set on object 'Object Repository/RAD_Pages/TaxInfo_Page/input_FederalEIN-2'

2024-11-12 17:34:03 - [TEST_STEP][PASSED] - setEncryptedText(findTestObject(orPath_TaxInfo + "/input_FederalEIN_ReEnter-2"), ""): Text ****** has been set on object 'Object Repository/RAD_Pages/TaxInfo_Page/input_FederalEIN_ReEnter-2'

2024-11-12 17:34:04 - [MESSAGE][PASSED] - Text ****** has been set on object 'Object Repository/RAD_Pages/TaxInfo_Page/input_FederalEIN_ReEnter-2'

2024-11-12 17:34:04 - [TEST_STEP][PASSED] - break: null

2024-11-12 17:34:04 - [TEST_STEP][PASSED] - verifyTextPresent("Please enter a valid FEIN with 9 digits.", true): Text 'Please enter a valid FEIN with 9 digits.' is present on page  using regular expression

2024-11-12 17:34:04 - [MESSAGE][PASSED] - Text 'Please enter a valid FEIN with 9 digits.' is present on page  using regular expression

2024-11-12 17:34:04 - [TEST_STEP][PASSED] - if (verifyTextPresent("Please enter a valid FEIN with 9 digits.", true)): null

2024-11-12 17:34:05 - [MESSAGE][PASSED] - Text 'Please enter a valid FEIN with 9 digits.' is present on page  using regular expression

2024-11-12 17:34:05 - [TEST_STEP][PASSED] - println("Error Message is present on the page"): null

2024-11-12 17:34:05 - [TEST_STEP][PASSED] - out.println("Pass Record Number: " + row): null

2024-11-12 17:34:05 - [TEST_STEP][PASSED] - resText = "Pass": null

2024-11-12 17:34:05 - [TEST_STEP][PASSED] - pages.WriteExcel.demoKey(resText, datText, resColumn, datCloumn, fileLoc, nameSheet, row): pages.WriteExcel.demoKey is PASSED

2024-11-12 17:34:05 - [MESSAGE][PASSED] - pages.WriteExcel.demoKey is PASSED

2024-11-12 17:34:05 - [TEST_STEP][PASSED] - ExecuteTC = findTestData(dataFile).getValue("Execute", row): null

2024-11-12 17:34:05 - [TEST_STEP][PASSED] - Taxtype = findTestData(dataFile).getValue("TaxType", row): null

2024-11-12 17:34:05 - [TEST_STEP][PASSED] - Paymenttype = findTestData(dataFile).getValue("PaymentType", row): null

2024-11-12 17:34:05 - [TEST_STEP][PASSED] - out.println("Value of Execute is : " + ExecuteTC): null

2024-11-12 17:34:05 - [TEST_STEP][PASSED] - if (ExecuteTC.equalsIgnoreCase("Y")): null

2024-11-12 17:34:05 - [TEST_STEP][PASSED] - out.println("Begin Record Number: " + row): null

2024-11-12 17:34:05 - [TEST_STEP][PASSED] - today = new java.util.Date(): null

2024-11-12 17:34:05 - [TEST_STEP][PASSED] - println(today): null

2024-11-12 17:34:05 - [TEST_STEP][PASSED] - datText = today: null

2024-11-12 17:34:05 - [TEST_STEP][PASSED] - Taxtype = findTestData(dataFile).getValue("TaxType", row): null

2024-11-12 17:34:05 - [TEST_STEP][PASSED] - out.println("Taxtype value is : " + Taxtype): null

2024-11-12 17:34:05 - [TEST_STEP][PASSED] - openBrowser(""): Browser is opened with url: ''

2024-11-12 17:34:05 - [MESSAGE][WARNING] - A browser is already opened. Closing browser and opening a new one

2024-11-12 17:34:06 - [MESSAGE][INFO] - Starting 'Chrome' driver

2024-11-12 17:34:06 - [MESSAGE][INFO] - User set preference: ['acceptInsecureCerts', 'true']

2024-11-12 17:34:06 - [MESSAGE][INFO] - Action delay is set to 0 milliseconds

2024-11-12 17:34:08 - [MESSAGE][PASSED] - Browser is opened with url: ''

2024-11-12 17:34:08 - [TEST_STEP][PASSED] - maximizeWindow(): Current window maximized

2024-11-12 17:34:08 - [MESSAGE][PASSED] - Current window maximized

2024-11-12 17:34:08 - [TEST_STEP][PASSED] - navigateToUrl(RADurl): Navigate to 'https://www.velocitypayment.com/client/rad/index.html' successfully

2024-11-12 17:34:09 - [MESSAGE][PASSED] - Navigate to 'https://www.velocitypayment.com/client/rad/index.html' successfully

2024-11-12 17:34:09 - [TEST_STEP][PASSED] - orPath_Landing = "Object Repository/RAD_Pages/Landing_Page": null

2024-11-12 17:34:09 - [TEST_STEP][PASSED] - orPath_TaxTypeFilingYear = "Object Repository/RAD_Pages/TaxTypeFilingYear_Page": null

2024-11-12 17:34:09 - [TEST_STEP][PASSED] - orPath_TaxPayer = "Object Repository/RAD_Pages/Taxpayer_Page": null

2024-11-12 17:34:09 - [TEST_STEP][PASSED] - orPath_AddressContact = "Object Repository/RAD_Pages/AddressAndContactInfo_Page": null

2024-11-12 17:34:09 - [TEST_STEP][PASSED] - orPath_FilingStatus = "Object Repository/RAD_Pages/FilingStatus_Page": null

2024-11-12 17:34:09 - [TEST_STEP][PASSED] - orPath_Amount = "Object Repository/RAD_Pages/PaymentAmount_Page": null

2024-11-12 17:34:09 - [TEST_STEP][PASSED] - orPath_TaxInfo = "Object Repository/RAD_Pages/TaxInfo_Page": null

2024-11-12 17:34:09 - [TEST_STEP][PASSED] - orPath_Withholding = "Object Repository/RAD_Pages/Withholding_Page": null

2024-11-12 17:34:09 - [TEST_STEP][PASSED] - orPath_Summary = "Object Repository/RAD_Pages/Summary_Page": null

2024-11-12 17:34:09 - [TEST_STEP][PASSED] - orPath_PaymentReady = "Object Repository/RAD_Pages/PaymentReady_Page": null

2024-11-12 17:34:09 - [TEST_STEP][PASSED] - orPath_PaymentEntry = "Object Repository/RAD_Pages/PaymentEntry_Page": null

2024-11-12 17:34:09 - [TEST_STEP][PASSED] - orPath_PaymentConfirmation = "Object Repository/RAD_Pages/PaymentConfirmation_Page": null

2024-11-12 17:34:09 - [TEST_STEP][PASSED] - orPath_ServiceFeesAccept = "Object Repository/RAD_Pages/ServiceFeeAccept_Page": null

2024-11-12 17:34:09 - [TEST_STEP][PASSED] - selectOptionByLabel(findTestObject(orPath_Landing + "/dd_TaxType"), Paymenttype, false): All options with label 'New Tax Return Amount Due' are selected in object 'Object Repository/RAD_Pages/Landing_Page/dd_TaxType' 

2024-11-12 17:34:10 - [MESSAGE][PASSED] - All options with label 'New Tax Return Amount Due' are selected in object 'Object Repository/RAD_Pages/Landing_Page/dd_TaxType' 

2024-11-12 17:34:10 - [TEST_STEP][PASSED] - delay(1): Delayed 1 second(s)

2024-11-12 17:34:11 - [MESSAGE][PASSED] - Delayed 1 second(s)

2024-11-12 17:34:11 - [TEST_STEP][PASSED] - switch (Paymenttype): null

2024-11-12 17:34:11 - [TEST_STEP][PASSED] - case "New Tax Return Amount Due":: null

2024-11-12 17:34:11 - [TEST_STEP][PASSED] - selectOptionByLabel(findTestObject("Object Repository/RAD_Pages/Landing_Page/select_NewTaxReturnAmountDue_TaxType"), Taxtype, false): All options with label 'Withholding Tax' are selected in object 'Object Repository/RAD_Pages/Landing_Page/select_NewTaxReturnAmountDue_TaxType' 

2024-11-12 17:34:12 - [MESSAGE][PASSED] - All options with label 'Withholding Tax' are selected in object 'Object Repository/RAD_Pages/Landing_Page/select_NewTaxReturnAmountDue_TaxType' 

2024-11-12 17:34:12 - [TEST_STEP][PASSED] - break: null

2024-11-12 17:34:12 - [TEST_STEP][PASSED] - delay(1): Delayed 1 second(s)

2024-11-12 17:34:13 - [MESSAGE][PASSED] - Delayed 1 second(s)

2024-11-12 17:34:13 - [TEST_STEP][PASSED] - switch (Paymenttype): null

2024-11-12 17:34:13 - [TEST_STEP][PASSED] - case "New Tax Return Amount Due":: null

2024-11-12 17:34:13 - [TEST_STEP][PASSED] - setEncryptedText(findTestObject(orPath_TaxInfo + "/input_FederalEIN-2"), "RigbBhfdqOBDK95asqKeHw=="): Text ****** has been set on object 'Object Repository/RAD_Pages/TaxInfo_Page/input_FederalEIN-2'

2024-11-12 17:34:13 - [MESSAGE][PASSED] - Text ****** has been set on object 'Object Repository/RAD_Pages/TaxInfo_Page/input_FederalEIN-2'

2024-11-12 17:34:13 - [TEST_STEP][PASSED] - setEncryptedText(findTestObject(orPath_TaxInfo + "/input_FederalEIN_ReEnter-2"), ""): Text ****** has been set on object 'Object Repository/RAD_Pages/TaxInfo_Page/input_FederalEIN_ReEnter-2'

2024-11-12 17:34:14 - [MESSAGE][PASSED] - Text ****** has been set on object 'Object Repository/RAD_Pages/TaxInfo_Page/input_FederalEIN_ReEnter-2'

2024-11-12 17:34:14 - [TEST_STEP][PASSED] - break: null

2024-11-12 17:34:14 - [TEST_STEP][PASSED] - verifyTextPresent("Please enter a valid FEIN with 9 digits.", true): Text 'Please enter a valid FEIN with 9 digits.' is present on page  using regular expression

2024-11-12 17:34:14 - [MESSAGE][PASSED] - Text 'Please enter a valid FEIN with 9 digits.' is present on page  using regular expression

2024-11-12 17:34:14 - [TEST_STEP][PASSED] - if (verifyTextPresent("Please enter a valid FEIN with 9 digits.", true)): null

2024-11-12 17:34:15 - [MESSAGE][PASSED] - Text 'Please enter a valid FEIN with 9 digits.' is present on page  using regular expression

2024-11-12 17:34:15 - [TEST_STEP][PASSED] - println("Error Message is present on the page"): null

2024-11-12 17:34:15 - [TEST_STEP][PASSED] - out.println("Pass Record Number: " + row): null

2024-11-12 17:34:15 - [TEST_STEP][PASSED] - resText = "Pass": null

2024-11-12 17:34:15 - [TEST_STEP][PASSED] - pages.WriteExcel.demoKey(resText, datText, resColumn, datCloumn, fileLoc, nameSheet, row): pages.WriteExcel.demoKey is PASSED

2024-11-12 17:34:15 - [MESSAGE][PASSED] - pages.WriteExcel.demoKey is PASSED]]></system-out>
         <system-err><![CDATA[]]></system-err>
      </testcase>
      <testcase name="Test Cases/RAD_TestCases/Negative_TestCases/FEINandFEINSSNlessThan9Error" time="481.05" classname="Test Cases/RAD_TestCases/Negative_TestCases/FEINandFEINSSNlessThan9Error" status="PASSED">
         <system-out><![CDATA[2024-11-12 17:34:15 - [TEST_CASE][PASSED] - Test Cases/RAD_TestCases/Negative_TestCases/FEINandFEINSSNlessThan9Error: Test Cases/RAD_TestCases/Negative_TestCases/FEINandFEINSSNlessThan9Error

2024-11-12 17:34:15 - [TEST_STEP][PASSED] - resText = "Fail": null

2024-11-12 17:34:15 - [TEST_STEP][PASSED] - resColumn = "Result": null

2024-11-12 17:34:15 - [TEST_STEP][PASSED] - datCloumn = "Date": null

2024-11-12 17:34:15 - [TEST_STEP][PASSED] - fileLoc = "KatalonData/RADTestData/FEINandFEINSSNlessThan9Error.xlsx": null

2024-11-12 17:34:15 - [TEST_STEP][PASSED] - nameSheet = "Sheet1": null

2024-11-12 17:34:15 - [TEST_STEP][PASSED] - dataFile = "RADTestData/FEINandFEINSSNlessThan9Error": null

2024-11-12 17:34:15 - [TEST_STEP][PASSED] - ExecuteTC = <not implemented yet for class: org.codehaus.groovy.ast.expr.EmptyExpression>: null

2024-11-12 17:34:15 - [TEST_STEP][PASSED] - Taxtype = <not implemented yet for class: org.codehaus.groovy.ast.expr.EmptyExpression>: null

2024-11-12 17:34:15 - [TEST_STEP][PASSED] - Paymenttype = <not implemented yet for class: org.codehaus.groovy.ast.expr.EmptyExpression>: null

2024-11-12 17:34:15 - [TEST_STEP][PASSED] - feinSsn = <not implemented yet for class: org.codehaus.groovy.ast.expr.EmptyExpression>: null

2024-11-12 17:34:15 - [TEST_STEP][PASSED] - numOfRows = findTestData(dataFile).getRowNumbers(): null

2024-11-12 17:34:15 - [TEST_STEP][PASSED] - println("Number of Records: " + numOfRows): null

2024-11-12 17:34:15 - [TEST_STEP][PASSED] - for ([row = 1, row <= numOfRows, (row++)]): null

2024-11-12 17:34:15 - [TEST_STEP][PASSED] - ExecuteTC = findTestData(dataFile).getValue("Execute", row): null

2024-11-12 17:34:15 - [TEST_STEP][PASSED] - Taxtype = findTestData(dataFile).getValue("TaxType", row): null

2024-11-12 17:34:16 - [TEST_STEP][PASSED] - Paymenttype = findTestData(dataFile).getValue("PaymentType", row): null

2024-11-12 17:34:16 - [TEST_STEP][PASSED] - feinSsn = findTestData(dataFile).getValue("FEINSSN", row): null

2024-11-12 17:34:16 - [TEST_STEP][PASSED] - out.println("Value of Execute is : " + ExecuteTC): null

2024-11-12 17:34:16 - [TEST_STEP][PASSED] - if (ExecuteTC.equalsIgnoreCase("Y")): null

2024-11-12 17:34:16 - [TEST_STEP][PASSED] - out.println("Begin Record Number: " + row): null

2024-11-12 17:34:16 - [TEST_STEP][PASSED] - today = new java.util.Date(): null

2024-11-12 17:34:16 - [TEST_STEP][PASSED] - println(today): null

2024-11-12 17:34:16 - [TEST_STEP][PASSED] - datText = today: null

2024-11-12 17:34:16 - [TEST_STEP][PASSED] - Taxtype = findTestData(dataFile).getValue("TaxType", row): null

2024-11-12 17:34:16 - [TEST_STEP][PASSED] - out.println("Taxtype value is : " + Taxtype): null

2024-11-12 17:34:16 - [TEST_STEP][PASSED] - openBrowser(""): Browser is opened with url: ''

2024-11-12 17:34:16 - [MESSAGE][WARNING] - A browser is already opened. Closing browser and opening a new one

2024-11-12 17:34:17 - [MESSAGE][INFO] - Starting 'Chrome' driver

2024-11-12 17:34:17 - [MESSAGE][INFO] - User set preference: ['acceptInsecureCerts', 'true']

2024-11-12 17:34:17 - [MESSAGE][INFO] - Action delay is set to 0 milliseconds

2024-11-12 17:34:19 - [MESSAGE][PASSED] - Browser is opened with url: ''

2024-11-12 17:34:19 - [TEST_STEP][PASSED] - maximizeWindow(): Current window maximized

2024-11-12 17:34:19 - [MESSAGE][PASSED] - Current window maximized

2024-11-12 17:34:19 - [TEST_STEP][PASSED] - navigateToUrl(RADurl): Navigate to 'https://www.velocitypayment.com/client/rad/index.html' successfully

2024-11-12 17:34:19 - [MESSAGE][PASSED] - Navigate to 'https://www.velocitypayment.com/client/rad/index.html' successfully

2024-11-12 17:34:19 - [TEST_STEP][PASSED] - orPath_Landing = "Object Repository/RAD_Pages/Landing_Page": null

2024-11-12 17:34:19 - [TEST_STEP][PASSED] - orPath_TaxTypeFilingYear = "Object Repository/RAD_Pages/TaxTypeFilingYear_Page": null

2024-11-12 17:34:19 - [TEST_STEP][PASSED] - orPath_TaxPayer = "Object Repository/RAD_Pages/Taxpayer_Page": null

2024-11-12 17:34:19 - [TEST_STEP][PASSED] - orPath_AddressContact = "Object Repository/RAD_Pages/AddressAndContactInfo_Page": null

2024-11-12 17:34:19 - [TEST_STEP][PASSED] - orPath_FilingStatus = "Object Repository/RAD_Pages/FilingStatus_Page": null

2024-11-12 17:34:19 - [TEST_STEP][PASSED] - orPath_Amount = "Object Repository/RAD_Pages/PaymentAmount_Page": null

2024-11-12 17:34:19 - [TEST_STEP][PASSED] - orPath_TaxInfo = "Object Repository/RAD_Pages/TaxInfo_Page": null

2024-11-12 17:34:19 - [TEST_STEP][PASSED] - orPath_Withholding = "Object Repository/RAD_Pages/Withholding_Page": null

2024-11-12 17:34:19 - [TEST_STEP][PASSED] - orPath_Summary = "Object Repository/RAD_Pages/Summary_Page": null

2024-11-12 17:34:19 - [TEST_STEP][PASSED] - orPath_PaymentReady = "Object Repository/RAD_Pages/PaymentReady_Page": null

2024-11-12 17:34:19 - [TEST_STEP][PASSED] - orPath_PaymentEntry = "Object Repository/RAD_Pages/PaymentEntry_Page": null

2024-11-12 17:34:19 - [TEST_STEP][PASSED] - orPath_PaymentConfirmation = "Object Repository/RAD_Pages/PaymentConfirmation_Page": null

2024-11-12 17:34:19 - [TEST_STEP][PASSED] - orPath_ServiceFeesAccept = "Object Repository/RAD_Pages/ServiceFeeAccept_Page": null

2024-11-12 17:34:19 - [TEST_STEP][PASSED] - selectOptionByLabel(findTestObject(orPath_Landing + "/dd_TaxType"), Paymenttype, false): All options with label 'Existing Liability with Notice/Invoice Number' are selected in object 'Object Repository/RAD_Pages/Landing_Page/dd_TaxType' 

2024-11-12 17:34:21 - [MESSAGE][PASSED] - All options with label 'Existing Liability with Notice/Invoice Number' are selected in object 'Object Repository/RAD_Pages/Landing_Page/dd_TaxType' 

2024-11-12 17:34:21 - [TEST_STEP][PASSED] - delay(1): Delayed 1 second(s)

2024-11-12 17:34:22 - [MESSAGE][PASSED] - Delayed 1 second(s)

2024-11-12 17:34:22 - [TEST_STEP][PASSED] - switch (Paymenttype): null

2024-11-12 17:34:22 - [TEST_STEP][PASSED] - case "Existing Liability with Notice/Invoice Number":: null

2024-11-12 17:34:22 - [TEST_STEP][PASSED] - selectOptionByLabel(findTestObject(orPath_TaxTypeFilingYear + "/select_TaxType_ExistingLiability"), Taxtype, false): All options with label 'Bay Restoration Fee' are selected in object 'Object Repository/RAD_Pages/TaxTypeFilingYear_Page/select_TaxType_ExistingLiability' 

2024-11-12 17:34:23 - [MESSAGE][PASSED] - All options with label 'Bay Restoration Fee' are selected in object 'Object Repository/RAD_Pages/TaxTypeFilingYear_Page/select_TaxType_ExistingLiability' 

2024-11-12 17:34:23 - [TEST_STEP][PASSED] - break: null

2024-11-12 17:34:23 - [TEST_STEP][PASSED] - delay(1): Delayed 1 second(s)

2024-11-12 17:34:24 - [MESSAGE][PASSED] - Delayed 1 second(s)

2024-11-12 17:34:24 - [TEST_STEP][PASSED] - switch (Paymenttype): null

2024-11-12 17:34:24 - [TEST_STEP][PASSED] - case "Existing Liability with Notice/Invoice Number":: null

2024-11-12 17:34:24 - [TEST_STEP][PASSED] - if (feinSsn.equalsIgnoreCase("Y")): null

2024-11-12 17:34:24 - [TEST_STEP][PASSED] - else: Text ****** has been set on object 'Object Repository/RAD_RecordAndPlay/input_Existing_RetypeFEIN'

2024-11-12 17:34:24 - [TEST_STEP][PASSED] - setEncryptedText(findTestObject("Object Repository/RAD_RecordAndPlay/input_Existing_FEIN"), "iGDxf8hSRT4="): Text ****** has been set on object 'Object Repository/RAD_RecordAndPlay/input_Existing_FEIN'

2024-11-12 17:34:24 - [MESSAGE][PASSED] - Text ****** has been set on object 'Object Repository/RAD_RecordAndPlay/input_Existing_FEIN'

2024-11-12 17:34:24 - [TEST_STEP][PASSED] - setEncryptedText(findTestObject("Object Repository/RAD_RecordAndPlay/input_Existing_RetypeFEIN"), ""): Text ****** has been set on object 'Object Repository/RAD_RecordAndPlay/input_Existing_RetypeFEIN'

2024-11-12 17:34:25 - [MESSAGE][PASSED] - Text ****** has been set on object 'Object Repository/RAD_RecordAndPlay/input_Existing_RetypeFEIN'

2024-11-12 17:34:25 - [TEST_STEP][PASSED] - break: null

2024-11-12 17:34:25 - [TEST_STEP][PASSED] - if (feinSsn.equalsIgnoreCase("Y")): null

2024-11-12 17:34:25 - [TEST_STEP][PASSED] - else: null

2024-11-12 17:34:25 - [TEST_STEP][PASSED] - if (verifyTextPresent("Please enter a valid FEIN with 9 digits.", true)): null

2024-11-12 17:34:25 - [MESSAGE][PASSED] - Text 'Please enter a valid FEIN with 9 digits.' is present on page  using regular expression

2024-11-12 17:34:25 - [TEST_STEP][PASSED] - println("Error Message is present on the page"): null

2024-11-12 17:34:25 - [TEST_STEP][PASSED] - out.println("Pass Record Number: " + row): null

2024-11-12 17:34:25 - [TEST_STEP][PASSED] - resText = "Pass": null

2024-11-12 17:34:25 - [TEST_STEP][PASSED] - pages.WriteExcel.demoKey(resText, datText, resColumn, datCloumn, fileLoc, nameSheet, row): pages.WriteExcel.demoKey is PASSED

2024-11-12 17:34:25 - [MESSAGE][PASSED] - pages.WriteExcel.demoKey is PASSED

2024-11-12 17:34:25 - [TEST_STEP][PASSED] - ExecuteTC = findTestData(dataFile).getValue("Execute", row): null

2024-11-12 17:34:26 - [TEST_STEP][PASSED] - Taxtype = findTestData(dataFile).getValue("TaxType", row): null

2024-11-12 17:34:26 - [TEST_STEP][PASSED] - Paymenttype = findTestData(dataFile).getValue("PaymentType", row): null

2024-11-12 17:34:26 - [TEST_STEP][PASSED] - feinSsn = findTestData(dataFile).getValue("FEINSSN", row): null

2024-11-12 17:34:26 - [TEST_STEP][PASSED] - out.println("Value of Execute is : " + ExecuteTC): null

2024-11-12 17:34:26 - [TEST_STEP][PASSED] - if (ExecuteTC.equalsIgnoreCase("Y")): null

2024-11-12 17:34:26 - [TEST_STEP][PASSED] - out.println("Begin Record Number: " + row): null

2024-11-12 17:34:26 - [TEST_STEP][PASSED] - today = new java.util.Date(): null

2024-11-12 17:34:26 - [TEST_STEP][PASSED] - println(today): null

2024-11-12 17:34:26 - [TEST_STEP][PASSED] - datText = today: null

2024-11-12 17:34:26 - [TEST_STEP][PASSED] - Taxtype = findTestData(dataFile).getValue("TaxType", row): null

2024-11-12 17:34:26 - [TEST_STEP][PASSED] - out.println("Taxtype value is : " + Taxtype): null

2024-11-12 17:34:26 - [TEST_STEP][PASSED] - openBrowser(""): Browser is opened with url: ''

2024-11-12 17:34:26 - [MESSAGE][WARNING] - A browser is already opened. Closing browser and opening a new one

2024-11-12 17:34:27 - [MESSAGE][INFO] - Starting 'Chrome' driver

2024-11-12 17:34:27 - [MESSAGE][INFO] - User set preference: ['acceptInsecureCerts', 'true']

2024-11-12 17:34:27 - [MESSAGE][INFO] - Action delay is set to 0 milliseconds

2024-11-12 17:34:28 - [MESSAGE][PASSED] - Browser is opened with url: ''

2024-11-12 17:34:28 - [TEST_STEP][PASSED] - maximizeWindow(): Current window maximized

2024-11-12 17:34:29 - [MESSAGE][PASSED] - Current window maximized

2024-11-12 17:34:29 - [TEST_STEP][PASSED] - navigateToUrl(RADurl): Navigate to 'https://www.velocitypayment.com/client/rad/index.html' successfully

2024-11-12 17:34:30 - [MESSAGE][PASSED] - Navigate to 'https://www.velocitypayment.com/client/rad/index.html' successfully

2024-11-12 17:34:30 - [TEST_STEP][PASSED] - orPath_Landing = "Object Repository/RAD_Pages/Landing_Page": null

2024-11-12 17:34:30 - [TEST_STEP][PASSED] - orPath_TaxTypeFilingYear = "Object Repository/RAD_Pages/TaxTypeFilingYear_Page": null

2024-11-12 17:34:30 - [TEST_STEP][PASSED] - orPath_TaxPayer = "Object Repository/RAD_Pages/Taxpayer_Page": null

2024-11-12 17:34:30 - [TEST_STEP][PASSED] - orPath_AddressContact = "Object Repository/RAD_Pages/AddressAndContactInfo_Page": null

2024-11-12 17:34:30 - [TEST_STEP][PASSED] - orPath_FilingStatus = "Object Repository/RAD_Pages/FilingStatus_Page": null

2024-11-12 17:34:30 - [TEST_STEP][PASSED] - orPath_Amount = "Object Repository/RAD_Pages/PaymentAmount_Page": null

2024-11-12 17:34:30 - [TEST_STEP][PASSED] - orPath_TaxInfo = "Object Repository/RAD_Pages/TaxInfo_Page": null

2024-11-12 17:34:30 - [TEST_STEP][PASSED] - orPath_Withholding = "Object Repository/RAD_Pages/Withholding_Page": null

2024-11-12 17:34:30 - [TEST_STEP][PASSED] - orPath_Summary = "Object Repository/RAD_Pages/Summary_Page": null

2024-11-12 17:34:30 - [TEST_STEP][PASSED] - orPath_PaymentReady = "Object Repository/RAD_Pages/PaymentReady_Page": null

2024-11-12 17:34:30 - [TEST_STEP][PASSED] - orPath_PaymentEntry = "Object Repository/RAD_Pages/PaymentEntry_Page": null

2024-11-12 17:34:30 - [TEST_STEP][PASSED] - orPath_PaymentConfirmation = "Object Repository/RAD_Pages/PaymentConfirmation_Page": null

2024-11-12 17:34:30 - [TEST_STEP][PASSED] - orPath_ServiceFeesAccept = "Object Repository/RAD_Pages/ServiceFeeAccept_Page": null

2024-11-12 17:34:30 - [TEST_STEP][PASSED] - selectOptionByLabel(findTestObject(orPath_Landing + "/dd_TaxType"), Paymenttype, false): All options with label 'Existing Liability with Notice/Invoice Number' are selected in object 'Object Repository/RAD_Pages/Landing_Page/dd_TaxType' 

2024-11-12 17:34:31 - [MESSAGE][PASSED] - All options with label 'Existing Liability with Notice/Invoice Number' are selected in object 'Object Repository/RAD_Pages/Landing_Page/dd_TaxType' 

2024-11-12 17:34:31 - [TEST_STEP][PASSED] - delay(1): Delayed 1 second(s)

2024-11-12 17:34:32 - [MESSAGE][PASSED] - Delayed 1 second(s)

2024-11-12 17:34:32 - [TEST_STEP][PASSED] - switch (Paymenttype): null

2024-11-12 17:34:32 - [TEST_STEP][PASSED] - case "Existing Liability with Notice/Invoice Number":: null

2024-11-12 17:34:32 - [TEST_STEP][PASSED] - selectOptionByLabel(findTestObject(orPath_TaxTypeFilingYear + "/select_TaxType_ExistingLiability"), Taxtype, false): All options with label 'Corporate Income Tax' are selected in object 'Object Repository/RAD_Pages/TaxTypeFilingYear_Page/select_TaxType_ExistingLiability' 

2024-11-12 17:34:33 - [MESSAGE][PASSED] - All options with label 'Corporate Income Tax' are selected in object 'Object Repository/RAD_Pages/TaxTypeFilingYear_Page/select_TaxType_ExistingLiability' 

2024-11-12 17:34:33 - [TEST_STEP][PASSED] - break: null

2024-11-12 17:34:33 - [TEST_STEP][PASSED] - delay(1): Delayed 1 second(s)

2024-11-12 17:34:34 - [MESSAGE][PASSED] - Delayed 1 second(s)

2024-11-12 17:34:34 - [TEST_STEP][PASSED] - switch (Paymenttype): null

2024-11-12 17:34:34 - [TEST_STEP][PASSED] - case "Existing Liability with Notice/Invoice Number":: null

2024-11-12 17:34:34 - [TEST_STEP][PASSED] - if (feinSsn.equalsIgnoreCase("Y")): null

2024-11-12 17:34:34 - [TEST_STEP][PASSED] - else: Text ****** has been set on object 'Object Repository/RAD_RecordAndPlay/input_Existing_RetypeFEIN'

2024-11-12 17:34:34 - [TEST_STEP][PASSED] - setEncryptedText(findTestObject("Object Repository/RAD_RecordAndPlay/input_Existing_FEIN"), "iGDxf8hSRT4="): Text ****** has been set on object 'Object Repository/RAD_RecordAndPlay/input_Existing_FEIN'

2024-11-12 17:34:34 - [MESSAGE][PASSED] - Text ****** has been set on object 'Object Repository/RAD_RecordAndPlay/input_Existing_FEIN'

2024-11-12 17:34:34 - [TEST_STEP][PASSED] - setEncryptedText(findTestObject("Object Repository/RAD_RecordAndPlay/input_Existing_RetypeFEIN"), ""): Text ****** has been set on object 'Object Repository/RAD_RecordAndPlay/input_Existing_RetypeFEIN'

2024-11-12 17:34:35 - [MESSAGE][PASSED] - Text ****** has been set on object 'Object Repository/RAD_RecordAndPlay/input_Existing_RetypeFEIN'

2024-11-12 17:34:35 - [TEST_STEP][PASSED] - break: null

2024-11-12 17:34:35 - [TEST_STEP][PASSED] - if (feinSsn.equalsIgnoreCase("Y")): null

2024-11-12 17:34:35 - [TEST_STEP][PASSED] - else: null

2024-11-12 17:34:35 - [TEST_STEP][PASSED] - if (verifyTextPresent("Please enter a valid FEIN with 9 digits.", true)): null

2024-11-12 17:34:35 - [MESSAGE][PASSED] - Text 'Please enter a valid FEIN with 9 digits.' is present on page  using regular expression

2024-11-12 17:34:35 - [TEST_STEP][PASSED] - println("Error Message is present on the page"): null

2024-11-12 17:34:35 - [TEST_STEP][PASSED] - out.println("Pass Record Number: " + row): null

2024-11-12 17:34:35 - [TEST_STEP][PASSED] - resText = "Pass": null

2024-11-12 17:34:35 - [TEST_STEP][PASSED] - pages.WriteExcel.demoKey(resText, datText, resColumn, datCloumn, fileLoc, nameSheet, row): pages.WriteExcel.demoKey is PASSED

2024-11-12 17:34:35 - [MESSAGE][PASSED] - pages.WriteExcel.demoKey is PASSED

2024-11-12 17:34:35 - [TEST_STEP][PASSED] - ExecuteTC = findTestData(dataFile).getValue("Execute", row): null

2024-11-12 17:34:35 - [TEST_STEP][PASSED] - Taxtype = findTestData(dataFile).getValue("TaxType", row): null

2024-11-12 17:34:36 - [TEST_STEP][PASSED] - Paymenttype = findTestData(dataFile).getValue("PaymentType", row): null

2024-11-12 17:34:36 - [TEST_STEP][PASSED] - feinSsn = findTestData(dataFile).getValue("FEINSSN", row): null

2024-11-12 17:34:36 - [TEST_STEP][PASSED] - out.println("Value of Execute is : " + ExecuteTC): null

2024-11-12 17:34:36 - [TEST_STEP][PASSED] - if (ExecuteTC.equalsIgnoreCase("Y")): null

2024-11-12 17:34:36 - [TEST_STEP][PASSED] - out.println("Begin Record Number: " + row): null

2024-11-12 17:34:36 - [TEST_STEP][PASSED] - today = new java.util.Date(): null

2024-11-12 17:34:36 - [TEST_STEP][PASSED] - println(today): null

2024-11-12 17:34:36 - [TEST_STEP][PASSED] - datText = today: null

2024-11-12 17:34:36 - [TEST_STEP][PASSED] - Taxtype = findTestData(dataFile).getValue("TaxType", row): null

2024-11-12 17:34:36 - [TEST_STEP][PASSED] - out.println("Taxtype value is : " + Taxtype): null

2024-11-12 17:34:36 - [TEST_STEP][PASSED] - openBrowser(""): Browser is opened with url: ''

2024-11-12 17:34:36 - [MESSAGE][WARNING] - A browser is already opened. Closing browser and opening a new one

2024-11-12 17:34:39 - [MESSAGE][INFO] - Starting 'Chrome' driver

2024-11-12 17:34:39 - [MESSAGE][INFO] - User set preference: ['acceptInsecureCerts', 'true']

2024-11-12 17:34:39 - [MESSAGE][INFO] - Action delay is set to 0 milliseconds

2024-11-12 17:34:40 - [MESSAGE][PASSED] - Browser is opened with url: ''

2024-11-12 17:34:40 - [TEST_STEP][PASSED] - maximizeWindow(): Current window maximized

2024-11-12 17:34:41 - [MESSAGE][PASSED] - Current window maximized

2024-11-12 17:34:41 - [TEST_STEP][PASSED] - navigateToUrl(RADurl): Navigate to 'https://www.velocitypayment.com/client/rad/index.html' successfully

2024-11-12 17:34:41 - [MESSAGE][PASSED] - Navigate to 'https://www.velocitypayment.com/client/rad/index.html' successfully

2024-11-12 17:34:41 - [TEST_STEP][PASSED] - orPath_Landing = "Object Repository/RAD_Pages/Landing_Page": null

2024-11-12 17:34:41 - [TEST_STEP][PASSED] - orPath_TaxTypeFilingYear = "Object Repository/RAD_Pages/TaxTypeFilingYear_Page": null

2024-11-12 17:34:41 - [TEST_STEP][PASSED] - orPath_TaxPayer = "Object Repository/RAD_Pages/Taxpayer_Page": null

2024-11-12 17:34:41 - [TEST_STEP][PASSED] - orPath_AddressContact = "Object Repository/RAD_Pages/AddressAndContactInfo_Page": null

2024-11-12 17:34:41 - [TEST_STEP][PASSED] - orPath_FilingStatus = "Object Repository/RAD_Pages/FilingStatus_Page": null

2024-11-12 17:34:41 - [TEST_STEP][PASSED] - orPath_Amount = "Object Repository/RAD_Pages/PaymentAmount_Page": null

2024-11-12 17:34:41 - [TEST_STEP][PASSED] - orPath_TaxInfo = "Object Repository/RAD_Pages/TaxInfo_Page": null

2024-11-12 17:34:41 - [TEST_STEP][PASSED] - orPath_Withholding = "Object Repository/RAD_Pages/Withholding_Page": null

2024-11-12 17:34:41 - [TEST_STEP][PASSED] - orPath_Summary = "Object Repository/RAD_Pages/Summary_Page": null

2024-11-12 17:34:41 - [TEST_STEP][PASSED] - orPath_PaymentReady = "Object Repository/RAD_Pages/PaymentReady_Page": null

2024-11-12 17:34:41 - [TEST_STEP][PASSED] - orPath_PaymentEntry = "Object Repository/RAD_Pages/PaymentEntry_Page": null

2024-11-12 17:34:41 - [TEST_STEP][PASSED] - orPath_PaymentConfirmation = "Object Repository/RAD_Pages/PaymentConfirmation_Page": null

2024-11-12 17:34:41 - [TEST_STEP][PASSED] - orPath_ServiceFeesAccept = "Object Repository/RAD_Pages/ServiceFeeAccept_Page": null

2024-11-12 17:34:41 - [TEST_STEP][PASSED] - selectOptionByLabel(findTestObject(orPath_Landing + "/dd_TaxType"), Paymenttype, false): All options with label 'Existing Liability with Notice/Invoice Number' are selected in object 'Object Repository/RAD_Pages/Landing_Page/dd_TaxType' 

2024-11-12 17:34:43 - [MESSAGE][PASSED] - All options with label 'Existing Liability with Notice/Invoice Number' are selected in object 'Object Repository/RAD_Pages/Landing_Page/dd_TaxType' 

2024-11-12 17:34:43 - [TEST_STEP][PASSED] - delay(1): Delayed 1 second(s)

2024-11-12 17:34:44 - [MESSAGE][PASSED] - Delayed 1 second(s)

2024-11-12 17:34:44 - [TEST_STEP][PASSED] - switch (Paymenttype): null

2024-11-12 17:34:44 - [TEST_STEP][PASSED] - case "Existing Liability with Notice/Invoice Number":: null

2024-11-12 17:34:44 - [TEST_STEP][PASSED] - selectOptionByLabel(findTestObject(orPath_TaxTypeFilingYear + "/select_TaxType_ExistingLiability"), Taxtype, false): All options with label 'Fiduciary Tax' are selected in object 'Object Repository/RAD_Pages/TaxTypeFilingYear_Page/select_TaxType_ExistingLiability' 

2024-11-12 17:34:45 - [MESSAGE][PASSED] - All options with label 'Fiduciary Tax' are selected in object 'Object Repository/RAD_Pages/TaxTypeFilingYear_Page/select_TaxType_ExistingLiability' 

2024-11-12 17:34:45 - [TEST_STEP][PASSED] - break: null

2024-11-12 17:34:45 - [TEST_STEP][PASSED] - delay(1): Delayed 1 second(s)

2024-11-12 17:34:46 - [MESSAGE][PASSED] - Delayed 1 second(s)

2024-11-12 17:34:46 - [TEST_STEP][PASSED] - switch (Paymenttype): null

2024-11-12 17:34:46 - [TEST_STEP][PASSED] - case "Existing Liability with Notice/Invoice Number":: null

2024-11-12 17:34:46 - [TEST_STEP][PASSED] - if (feinSsn.equalsIgnoreCase("Y")): null

2024-11-12 17:34:46 - [TEST_STEP][PASSED] - else: Text ****** has been set on object 'Object Repository/RAD_RecordAndPlay/input_Existing_RetypeFEIN'

2024-11-12 17:34:46 - [TEST_STEP][PASSED] - setEncryptedText(findTestObject("Object Repository/RAD_RecordAndPlay/input_Existing_FEIN"), "iGDxf8hSRT4="): Text ****** has been set on object 'Object Repository/RAD_RecordAndPlay/input_Existing_FEIN'

2024-11-12 17:34:46 - [MESSAGE][PASSED] - Text ****** has been set on object 'Object Repository/RAD_RecordAndPlay/input_Existing_FEIN'

2024-11-12 17:34:46 - [TEST_STEP][PASSED] - setEncryptedText(findTestObject("Object Repository/RAD_RecordAndPlay/input_Existing_RetypeFEIN"), ""): Text ****** has been set on object 'Object Repository/RAD_RecordAndPlay/input_Existing_RetypeFEIN'

2024-11-12 17:34:47 - [MESSAGE][PASSED] - Text ****** has been set on object 'Object Repository/RAD_RecordAndPlay/input_Existing_RetypeFEIN'

2024-11-12 17:34:47 - [TEST_STEP][PASSED] - break: null

2024-11-12 17:34:47 - [TEST_STEP][PASSED] - if (feinSsn.equalsIgnoreCase("Y")): null

2024-11-12 17:34:47 - [TEST_STEP][PASSED] - else: null

2024-11-12 17:34:47 - [TEST_STEP][PASSED] - if (verifyTextPresent("Please enter a valid FEIN with 9 digits.", true)): null

2024-11-12 17:34:47 - [MESSAGE][PASSED] - Text 'Please enter a valid FEIN with 9 digits.' is present on page  using regular expression

2024-11-12 17:34:47 - [TEST_STEP][PASSED] - println("Error Message is present on the page"): null

2024-11-12 17:34:47 - [TEST_STEP][PASSED] - out.println("Pass Record Number: " + row): null

2024-11-12 17:34:47 - [TEST_STEP][PASSED] - resText = "Pass": null

2024-11-12 17:34:47 - [TEST_STEP][PASSED] - pages.WriteExcel.demoKey(resText, datText, resColumn, datCloumn, fileLoc, nameSheet, row): pages.WriteExcel.demoKey is PASSED

2024-11-12 17:34:47 - [MESSAGE][PASSED] - pages.WriteExcel.demoKey is PASSED

2024-11-12 17:34:47 - [TEST_STEP][PASSED] - ExecuteTC = findTestData(dataFile).getValue("Execute", row): null

2024-11-12 17:34:47 - [TEST_STEP][PASSED] - Taxtype = findTestData(dataFile).getValue("TaxType", row): null

2024-11-12 17:34:47 - [TEST_STEP][PASSED] - Paymenttype = findTestData(dataFile).getValue("PaymentType", row): null

2024-11-12 17:34:47 - [TEST_STEP][PASSED] - feinSsn = findTestData(dataFile).getValue("FEINSSN", row): null

2024-11-12 17:34:47 - [TEST_STEP][PASSED] - out.println("Value of Execute is : " + ExecuteTC): null

2024-11-12 17:34:47 - [TEST_STEP][PASSED] - if (ExecuteTC.equalsIgnoreCase("Y")): null

2024-11-12 17:34:47 - [TEST_STEP][PASSED] - out.println("Begin Record Number: " + row): null

2024-11-12 17:34:47 - [TEST_STEP][PASSED] - today = new java.util.Date(): null

2024-11-12 17:34:47 - [TEST_STEP][PASSED] - println(today): null

2024-11-12 17:34:47 - [TEST_STEP][PASSED] - datText = today: null

2024-11-12 17:34:47 - [TEST_STEP][PASSED] - Taxtype = findTestData(dataFile).getValue("TaxType", row): null

2024-11-12 17:34:47 - [TEST_STEP][PASSED] - out.println("Taxtype value is : " + Taxtype): null

2024-11-12 17:34:47 - [TEST_STEP][PASSED] - openBrowser(""): Browser is opened with url: ''

2024-11-12 17:34:47 - [MESSAGE][WARNING] - A browser is already opened. Closing browser and opening a new one

2024-11-12 17:34:49 - [MESSAGE][INFO] - Starting 'Chrome' driver

2024-11-12 17:34:49 - [MESSAGE][INFO] - User set preference: ['acceptInsecureCerts', 'true']

2024-11-12 17:34:49 - [MESSAGE][INFO] - Action delay is set to 0 milliseconds

2024-11-12 17:34:50 - [MESSAGE][PASSED] - Browser is opened with url: ''

2024-11-12 17:34:50 - [TEST_STEP][PASSED] - maximizeWindow(): Current window maximized

2024-11-12 17:34:50 - [MESSAGE][PASSED] - Current window maximized

2024-11-12 17:34:50 - [TEST_STEP][PASSED] - navigateToUrl(RADurl): Navigate to 'https://www.velocitypayment.com/client/rad/index.html' successfully

2024-11-12 17:34:52 - [MESSAGE][PASSED] - Navigate to 'https://www.velocitypayment.com/client/rad/index.html' successfully

2024-11-12 17:34:52 - [TEST_STEP][PASSED] - orPath_Landing = "Object Repository/RAD_Pages/Landing_Page": null

2024-11-12 17:34:52 - [TEST_STEP][PASSED] - orPath_TaxTypeFilingYear = "Object Repository/RAD_Pages/TaxTypeFilingYear_Page": null

2024-11-12 17:34:52 - [TEST_STEP][PASSED] - orPath_TaxPayer = "Object Repository/RAD_Pages/Taxpayer_Page": null

2024-11-12 17:34:52 - [TEST_STEP][PASSED] - orPath_AddressContact = "Object Repository/RAD_Pages/AddressAndContactInfo_Page": null

2024-11-12 17:34:52 - [TEST_STEP][PASSED] - orPath_FilingStatus = "Object Repository/RAD_Pages/FilingStatus_Page": null

2024-11-12 17:34:52 - [TEST_STEP][PASSED] - orPath_Amount = "Object Repository/RAD_Pages/PaymentAmount_Page": null

2024-11-12 17:34:52 - [TEST_STEP][PASSED] - orPath_TaxInfo = "Object Repository/RAD_Pages/TaxInfo_Page": null

2024-11-12 17:34:52 - [TEST_STEP][PASSED] - orPath_Withholding = "Object Repository/RAD_Pages/Withholding_Page": null

2024-11-12 17:34:52 - [TEST_STEP][PASSED] - orPath_Summary = "Object Repository/RAD_Pages/Summary_Page": null

2024-11-12 17:34:52 - [TEST_STEP][PASSED] - orPath_PaymentReady = "Object Repository/RAD_Pages/PaymentReady_Page": null

2024-11-12 17:34:52 - [TEST_STEP][PASSED] - orPath_PaymentEntry = "Object Repository/RAD_Pages/PaymentEntry_Page": null

2024-11-12 17:34:52 - [TEST_STEP][PASSED] - orPath_PaymentConfirmation = "Object Repository/RAD_Pages/PaymentConfirmation_Page": null

2024-11-12 17:34:52 - [TEST_STEP][PASSED] - orPath_ServiceFeesAccept = "Object Repository/RAD_Pages/ServiceFeeAccept_Page": null

2024-11-12 17:34:52 - [TEST_STEP][PASSED] - selectOptionByLabel(findTestObject(orPath_Landing + "/dd_TaxType"), Paymenttype, false): All options with label 'Existing Liability with Notice/Invoice Number' are selected in object 'Object Repository/RAD_Pages/Landing_Page/dd_TaxType' 

2024-11-12 17:34:53 - [MESSAGE][PASSED] - All options with label 'Existing Liability with Notice/Invoice Number' are selected in object 'Object Repository/RAD_Pages/Landing_Page/dd_TaxType' 

2024-11-12 17:34:53 - [TEST_STEP][PASSED] - delay(1): Delayed 1 second(s)

2024-11-12 17:34:54 - [MESSAGE][PASSED] - Delayed 1 second(s)

2024-11-12 17:34:54 - [TEST_STEP][PASSED] - switch (Paymenttype): null

2024-11-12 17:34:54 - [TEST_STEP][PASSED] - case "Existing Liability with Notice/Invoice Number":: null

2024-11-12 17:34:54 - [TEST_STEP][PASSED] - selectOptionByLabel(findTestObject(orPath_TaxTypeFilingYear + "/select_TaxType_ExistingLiability"), Taxtype, false): All options with label 'PTE Non-Electing Non-S Corp' are selected in object 'Object Repository/RAD_Pages/TaxTypeFilingYear_Page/select_TaxType_ExistingLiability' 

2024-11-12 17:34:54 - [MESSAGE][PASSED] - All options with label 'PTE Non-Electing Non-S Corp' are selected in object 'Object Repository/RAD_Pages/TaxTypeFilingYear_Page/select_TaxType_ExistingLiability' 

2024-11-12 17:34:54 - [TEST_STEP][PASSED] - break: null

2024-11-12 17:34:54 - [TEST_STEP][PASSED] - delay(1): Delayed 1 second(s)

2024-11-12 17:34:55 - [MESSAGE][PASSED] - Delayed 1 second(s)

2024-11-12 17:34:55 - [TEST_STEP][PASSED] - switch (Paymenttype): null

2024-11-12 17:34:55 - [TEST_STEP][PASSED] - case "Existing Liability with Notice/Invoice Number":: null

2024-11-12 17:34:55 - [TEST_STEP][PASSED] - if (feinSsn.equalsIgnoreCase("Y")): Text ****** has been set on object 'Object Repository/RAD_Pages/TaxInfo_Page/input_TaxInfo_RetypefeinSsn_Existing_New'

2024-11-12 17:34:55 - [TEST_STEP][PASSED] - setEncryptedText(findTestObject(orPath_TaxInfo + "/input_TaxInfo_feinSsn_Existing_New"), "iGDxf8hSRT4="): Text ****** has been set on object 'Object Repository/RAD_Pages/TaxInfo_Page/input_TaxInfo_feinSsn_Existing_New'

2024-11-12 17:34:56 - [MESSAGE][PASSED] - Text ****** has been set on object 'Object Repository/RAD_Pages/TaxInfo_Page/input_TaxInfo_feinSsn_Existing_New'

2024-11-12 17:34:56 - [TEST_STEP][PASSED] - setEncryptedText(findTestObject(orPath_TaxInfo + "/input_TaxInfo_RetypefeinSsn_Existing_New"), ""): Text ****** has been set on object 'Object Repository/RAD_Pages/TaxInfo_Page/input_TaxInfo_RetypefeinSsn_Existing_New'

2024-11-12 17:34:57 - [MESSAGE][PASSED] - Text ****** has been set on object 'Object Repository/RAD_Pages/TaxInfo_Page/input_TaxInfo_RetypefeinSsn_Existing_New'

2024-11-12 17:34:57 - [TEST_STEP][PASSED] - break: null

2024-11-12 17:34:57 - [TEST_STEP][PASSED] - if (feinSsn.equalsIgnoreCase("Y")): null

2024-11-12 17:34:57 - [TEST_STEP][PASSED] - if (verifyTextPresent("Please enter a valid FEIN/SSN with 9 digits", true)): null

2024-11-12 17:34:57 - [MESSAGE][PASSED] - Text 'Please enter a valid FEIN/SSN with 9 digits' is present on page  using regular expression

2024-11-12 17:34:57 - [TEST_STEP][PASSED] - println("Error Message is present on the page"): null

2024-11-12 17:34:57 - [TEST_STEP][PASSED] - out.println("Pass Record Number: " + row): null

2024-11-12 17:34:57 - [TEST_STEP][PASSED] - resText = "Pass": null

2024-11-12 17:34:57 - [TEST_STEP][PASSED] - pages.WriteExcel.demoKey(resText, datText, resColumn, datCloumn, fileLoc, nameSheet, row): pages.WriteExcel.demoKey is PASSED

2024-11-12 17:34:57 - [MESSAGE][PASSED] - pages.WriteExcel.demoKey is PASSED

2024-11-12 17:34:57 - [TEST_STEP][PASSED] - ExecuteTC = findTestData(dataFile).getValue("Execute", row): null

2024-11-12 17:34:57 - [TEST_STEP][PASSED] - Taxtype = findTestData(dataFile).getValue("TaxType", row): null

2024-11-12 17:34:57 - [TEST_STEP][PASSED] - Paymenttype = findTestData(dataFile).getValue("PaymentType", row): null

2024-11-12 17:34:57 - [TEST_STEP][PASSED] - feinSsn = findTestData(dataFile).getValue("FEINSSN", row): null

2024-11-12 17:34:57 - [TEST_STEP][PASSED] - out.println("Value of Execute is : " + ExecuteTC): null

2024-11-12 17:34:57 - [TEST_STEP][PASSED] - if (ExecuteTC.equalsIgnoreCase("Y")): null

2024-11-12 17:34:57 - [TEST_STEP][PASSED] - out.println("Begin Record Number: " + row): null

2024-11-12 17:34:57 - [TEST_STEP][PASSED] - today = new java.util.Date(): null

2024-11-12 17:34:57 - [TEST_STEP][PASSED] - println(today): null

2024-11-12 17:34:57 - [TEST_STEP][PASSED] - datText = today: null

2024-11-12 17:34:57 - [TEST_STEP][PASSED] - Taxtype = findTestData(dataFile).getValue("TaxType", row): null

2024-11-12 17:34:57 - [TEST_STEP][PASSED] - out.println("Taxtype value is : " + Taxtype): null

2024-11-12 17:34:57 - [TEST_STEP][PASSED] - openBrowser(""): Browser is opened with url: ''

2024-11-12 17:34:57 - [MESSAGE][WARNING] - A browser is already opened. Closing browser and opening a new one

2024-11-12 17:34:58 - [MESSAGE][INFO] - Starting 'Chrome' driver

2024-11-12 17:34:58 - [MESSAGE][INFO] - User set preference: ['acceptInsecureCerts', 'true']

2024-11-12 17:34:58 - [MESSAGE][INFO] - Action delay is set to 0 milliseconds

2024-11-12 17:35:00 - [MESSAGE][PASSED] - Browser is opened with url: ''

2024-11-12 17:35:00 - [TEST_STEP][PASSED] - maximizeWindow(): Current window maximized

2024-11-12 17:35:00 - [MESSAGE][PASSED] - Current window maximized

2024-11-12 17:35:00 - [TEST_STEP][PASSED] - navigateToUrl(RADurl): Navigate to 'https://www.velocitypayment.com/client/rad/index.html' successfully

2024-11-12 17:35:02 - [MESSAGE][PASSED] - Navigate to 'https://www.velocitypayment.com/client/rad/index.html' successfully

2024-11-12 17:35:02 - [TEST_STEP][PASSED] - orPath_Landing = "Object Repository/RAD_Pages/Landing_Page": null

2024-11-12 17:35:02 - [TEST_STEP][PASSED] - orPath_TaxTypeFilingYear = "Object Repository/RAD_Pages/TaxTypeFilingYear_Page": null

2024-11-12 17:35:02 - [TEST_STEP][PASSED] - orPath_TaxPayer = "Object Repository/RAD_Pages/Taxpayer_Page": null

2024-11-12 17:35:02 - [TEST_STEP][PASSED] - orPath_AddressContact = "Object Repository/RAD_Pages/AddressAndContactInfo_Page": null

2024-11-12 17:35:02 - [TEST_STEP][PASSED] - orPath_FilingStatus = "Object Repository/RAD_Pages/FilingStatus_Page": null

2024-11-12 17:35:02 - [TEST_STEP][PASSED] - orPath_Amount = "Object Repository/RAD_Pages/PaymentAmount_Page": null

2024-11-12 17:35:02 - [TEST_STEP][PASSED] - orPath_TaxInfo = "Object Repository/RAD_Pages/TaxInfo_Page": null

2024-11-12 17:35:02 - [TEST_STEP][PASSED] - orPath_Withholding = "Object Repository/RAD_Pages/Withholding_Page": null

2024-11-12 17:35:02 - [TEST_STEP][PASSED] - orPath_Summary = "Object Repository/RAD_Pages/Summary_Page": null

2024-11-12 17:35:02 - [TEST_STEP][PASSED] - orPath_PaymentReady = "Object Repository/RAD_Pages/PaymentReady_Page": null

2024-11-12 17:35:02 - [TEST_STEP][PASSED] - orPath_PaymentEntry = "Object Repository/RAD_Pages/PaymentEntry_Page": null

2024-11-12 17:35:02 - [TEST_STEP][PASSED] - orPath_PaymentConfirmation = "Object Repository/RAD_Pages/PaymentConfirmation_Page": null

2024-11-12 17:35:02 - [TEST_STEP][PASSED] - orPath_ServiceFeesAccept = "Object Repository/RAD_Pages/ServiceFeeAccept_Page": null

2024-11-12 17:35:02 - [TEST_STEP][PASSED] - selectOptionByLabel(findTestObject(orPath_Landing + "/dd_TaxType"), Paymenttype, false): All options with label 'Existing Liability with Notice/Invoice Number' are selected in object 'Object Repository/RAD_Pages/Landing_Page/dd_TaxType' 

2024-11-12 17:35:03 - [MESSAGE][PASSED] - All options with label 'Existing Liability with Notice/Invoice Number' are selected in object 'Object Repository/RAD_Pages/Landing_Page/dd_TaxType' 

2024-11-12 17:35:03 - [TEST_STEP][PASSED] - delay(1): Delayed 1 second(s)

2024-11-12 17:35:04 - [MESSAGE][PASSED] - Delayed 1 second(s)

2024-11-12 17:35:04 - [TEST_STEP][PASSED] - switch (Paymenttype): null

2024-11-12 17:35:04 - [TEST_STEP][PASSED] - case "Existing Liability with Notice/Invoice Number":: null

2024-11-12 17:35:04 - [TEST_STEP][PASSED] - selectOptionByLabel(findTestObject(orPath_TaxTypeFilingYear + "/select_TaxType_ExistingLiability"), Taxtype, false): All options with label 'PTE Non-Electing S Corp' are selected in object 'Object Repository/RAD_Pages/TaxTypeFilingYear_Page/select_TaxType_ExistingLiability' 

2024-11-12 17:35:04 - [MESSAGE][PASSED] - All options with label 'PTE Non-Electing S Corp' are selected in object 'Object Repository/RAD_Pages/TaxTypeFilingYear_Page/select_TaxType_ExistingLiability' 

2024-11-12 17:35:04 - [TEST_STEP][PASSED] - break: null

2024-11-12 17:35:04 - [TEST_STEP][PASSED] - delay(1): Delayed 1 second(s)

2024-11-12 17:35:05 - [MESSAGE][PASSED] - Delayed 1 second(s)

2024-11-12 17:35:05 - [TEST_STEP][PASSED] - switch (Paymenttype): null

2024-11-12 17:35:05 - [TEST_STEP][PASSED] - case "Existing Liability with Notice/Invoice Number":: null

2024-11-12 17:35:05 - [TEST_STEP][PASSED] - if (feinSsn.equalsIgnoreCase("Y")): Text ****** has been set on object 'Object Repository/RAD_Pages/TaxInfo_Page/input_TaxInfo_RetypefeinSsn_Existing_New'

2024-11-12 17:35:05 - [TEST_STEP][PASSED] - setEncryptedText(findTestObject(orPath_TaxInfo + "/input_TaxInfo_feinSsn_Existing_New"), "iGDxf8hSRT4="): Text ****** has been set on object 'Object Repository/RAD_Pages/TaxInfo_Page/input_TaxInfo_feinSsn_Existing_New'

2024-11-12 17:35:06 - [MESSAGE][PASSED] - Text ****** has been set on object 'Object Repository/RAD_Pages/TaxInfo_Page/input_TaxInfo_feinSsn_Existing_New'

2024-11-12 17:35:06 - [TEST_STEP][PASSED] - setEncryptedText(findTestObject(orPath_TaxInfo + "/input_TaxInfo_RetypefeinSsn_Existing_New"), ""): Text ****** has been set on object 'Object Repository/RAD_Pages/TaxInfo_Page/input_TaxInfo_RetypefeinSsn_Existing_New'

2024-11-12 17:35:06 - [MESSAGE][PASSED] - Text ****** has been set on object 'Object Repository/RAD_Pages/TaxInfo_Page/input_TaxInfo_RetypefeinSsn_Existing_New'

2024-11-12 17:35:06 - [TEST_STEP][PASSED] - break: null

2024-11-12 17:35:06 - [TEST_STEP][PASSED] - if (feinSsn.equalsIgnoreCase("Y")): null

2024-11-12 17:35:06 - [TEST_STEP][PASSED] - if (verifyTextPresent("Please enter a valid FEIN/SSN with 9 digits", true)): null

2024-11-12 17:35:07 - [MESSAGE][PASSED] - Text 'Please enter a valid FEIN/SSN with 9 digits' is present on page  using regular expression

2024-11-12 17:35:07 - [TEST_STEP][PASSED] - println("Error Message is present on the page"): null

2024-11-12 17:35:07 - [TEST_STEP][PASSED] - out.println("Pass Record Number: " + row): null

2024-11-12 17:35:07 - [TEST_STEP][PASSED] - resText = "Pass": null

2024-11-12 17:35:07 - [TEST_STEP][PASSED] - pages.WriteExcel.demoKey(resText, datText, resColumn, datCloumn, fileLoc, nameSheet, row): pages.WriteExcel.demoKey is PASSED

2024-11-12 17:35:07 - [MESSAGE][PASSED] - pages.WriteExcel.demoKey is PASSED

2024-11-12 17:35:07 - [TEST_STEP][PASSED] - ExecuteTC = findTestData(dataFile).getValue("Execute", row): null

2024-11-12 17:35:07 - [TEST_STEP][PASSED] - Taxtype = findTestData(dataFile).getValue("TaxType", row): null

2024-11-12 17:35:07 - [TEST_STEP][PASSED] - Paymenttype = findTestData(dataFile).getValue("PaymentType", row): null

2024-11-12 17:35:07 - [TEST_STEP][PASSED] - feinSsn = findTestData(dataFile).getValue("FEINSSN", row): null

2024-11-12 17:35:07 - [TEST_STEP][PASSED] - out.println("Value of Execute is : " + ExecuteTC): null

2024-11-12 17:35:07 - [TEST_STEP][PASSED] - if (ExecuteTC.equalsIgnoreCase("Y")): null

2024-11-12 17:35:07 - [TEST_STEP][PASSED] - out.println("Begin Record Number: " + row): null

2024-11-12 17:35:07 - [TEST_STEP][PASSED] - today = new java.util.Date(): null

2024-11-12 17:35:07 - [TEST_STEP][PASSED] - println(today): null

2024-11-12 17:35:07 - [TEST_STEP][PASSED] - datText = today: null

2024-11-12 17:35:07 - [TEST_STEP][PASSED] - Taxtype = findTestData(dataFile).getValue("TaxType", row): null

2024-11-12 17:35:07 - [TEST_STEP][PASSED] - out.println("Taxtype value is : " + Taxtype): null

2024-11-12 17:35:07 - [TEST_STEP][PASSED] - openBrowser(""): Browser is opened with url: ''

2024-11-12 17:35:07 - [MESSAGE][WARNING] - A browser is already opened. Closing browser and opening a new one

2024-11-12 17:35:08 - [MESSAGE][INFO] - Starting 'Chrome' driver

2024-11-12 17:35:08 - [MESSAGE][INFO] - User set preference: ['acceptInsecureCerts', 'true']

2024-11-12 17:35:08 - [MESSAGE][INFO] - Action delay is set to 0 milliseconds

2024-11-12 17:35:10 - [MESSAGE][PASSED] - Browser is opened with url: ''

2024-11-12 17:35:10 - [TEST_STEP][PASSED] - maximizeWindow(): Current window maximized

2024-11-12 17:35:10 - [MESSAGE][PASSED] - Current window maximized

2024-11-12 17:35:10 - [TEST_STEP][PASSED] - navigateToUrl(RADurl): Navigate to 'https://www.velocitypayment.com/client/rad/index.html' successfully

2024-11-12 17:35:12 - [MESSAGE][PASSED] - Navigate to 'https://www.velocitypayment.com/client/rad/index.html' successfully

2024-11-12 17:35:12 - [TEST_STEP][PASSED] - orPath_Landing = "Object Repository/RAD_Pages/Landing_Page": null

2024-11-12 17:35:12 - [TEST_STEP][PASSED] - orPath_TaxTypeFilingYear = "Object Repository/RAD_Pages/TaxTypeFilingYear_Page": null

2024-11-12 17:35:12 - [TEST_STEP][PASSED] - orPath_TaxPayer = "Object Repository/RAD_Pages/Taxpayer_Page": null

2024-11-12 17:35:12 - [TEST_STEP][PASSED] - orPath_AddressContact = "Object Repository/RAD_Pages/AddressAndContactInfo_Page": null

2024-11-12 17:35:12 - [TEST_STEP][PASSED] - orPath_FilingStatus = "Object Repository/RAD_Pages/FilingStatus_Page": null

2024-11-12 17:35:12 - [TEST_STEP][PASSED] - orPath_Amount = "Object Repository/RAD_Pages/PaymentAmount_Page": null

2024-11-12 17:35:12 - [TEST_STEP][PASSED] - orPath_TaxInfo = "Object Repository/RAD_Pages/TaxInfo_Page": null

2024-11-12 17:35:12 - [TEST_STEP][PASSED] - orPath_Withholding = "Object Repository/RAD_Pages/Withholding_Page": null

2024-11-12 17:35:12 - [TEST_STEP][PASSED] - orPath_Summary = "Object Repository/RAD_Pages/Summary_Page": null

2024-11-12 17:35:12 - [TEST_STEP][PASSED] - orPath_PaymentReady = "Object Repository/RAD_Pages/PaymentReady_Page": null

2024-11-12 17:35:12 - [TEST_STEP][PASSED] - orPath_PaymentEntry = "Object Repository/RAD_Pages/PaymentEntry_Page": null

2024-11-12 17:35:12 - [TEST_STEP][PASSED] - orPath_PaymentConfirmation = "Object Repository/RAD_Pages/PaymentConfirmation_Page": null

2024-11-12 17:35:12 - [TEST_STEP][PASSED] - orPath_ServiceFeesAccept = "Object Repository/RAD_Pages/ServiceFeeAccept_Page": null

2024-11-12 17:35:12 - [TEST_STEP][PASSED] - selectOptionByLabel(findTestObject(orPath_Landing + "/dd_TaxType"), Paymenttype, false): All options with label 'Existing Liability with Notice/Invoice Number' are selected in object 'Object Repository/RAD_Pages/Landing_Page/dd_TaxType' 

2024-11-12 17:35:12 - [MESSAGE][PASSED] - All options with label 'Existing Liability with Notice/Invoice Number' are selected in object 'Object Repository/RAD_Pages/Landing_Page/dd_TaxType' 

2024-11-12 17:35:12 - [TEST_STEP][PASSED] - delay(1): Delayed 1 second(s)

2024-11-12 17:35:13 - [MESSAGE][PASSED] - Delayed 1 second(s)

2024-11-12 17:35:13 - [TEST_STEP][PASSED] - switch (Paymenttype): null

2024-11-12 17:35:13 - [TEST_STEP][PASSED] - case "Existing Liability with Notice/Invoice Number":: null

2024-11-12 17:35:13 - [TEST_STEP][PASSED] - selectOptionByLabel(findTestObject(orPath_TaxTypeFilingYear + "/select_TaxType_ExistingLiability"), Taxtype, false): All options with label 'Sales & Use Tax' are selected in object 'Object Repository/RAD_Pages/TaxTypeFilingYear_Page/select_TaxType_ExistingLiability' 

2024-11-12 17:35:14 - [MESSAGE][PASSED] - All options with label 'Sales & Use Tax' are selected in object 'Object Repository/RAD_Pages/TaxTypeFilingYear_Page/select_TaxType_ExistingLiability' 

2024-11-12 17:35:14 - [TEST_STEP][PASSED] - break: null

2024-11-12 17:35:14 - [TEST_STEP][PASSED] - delay(1): Delayed 1 second(s)

2024-11-12 17:35:15 - [MESSAGE][PASSED] - Delayed 1 second(s)

2024-11-12 17:35:15 - [TEST_STEP][PASSED] - switch (Paymenttype): null

2024-11-12 17:35:15 - [TEST_STEP][PASSED] - case "Existing Liability with Notice/Invoice Number":: null

2024-11-12 17:35:15 - [TEST_STEP][PASSED] - if (feinSsn.equalsIgnoreCase("Y")): null

2024-11-12 17:35:15 - [TEST_STEP][PASSED] - else: Text ****** has been set on object 'Object Repository/RAD_RecordAndPlay/input_Existing_RetypeFEIN'

2024-11-12 17:35:15 - [TEST_STEP][PASSED] - setEncryptedText(findTestObject("Object Repository/RAD_RecordAndPlay/input_Existing_FEIN"), "iGDxf8hSRT4="): Text ****** has been set on object 'Object Repository/RAD_RecordAndPlay/input_Existing_FEIN'

2024-11-12 17:35:16 - [MESSAGE][PASSED] - Text ****** has been set on object 'Object Repository/RAD_RecordAndPlay/input_Existing_FEIN'

2024-11-12 17:35:16 - [TEST_STEP][PASSED] - setEncryptedText(findTestObject("Object Repository/RAD_RecordAndPlay/input_Existing_RetypeFEIN"), ""): Text ****** has been set on object 'Object Repository/RAD_RecordAndPlay/input_Existing_RetypeFEIN'

2024-11-12 17:35:16 - [MESSAGE][PASSED] - Text ****** has been set on object 'Object Repository/RAD_RecordAndPlay/input_Existing_RetypeFEIN'

2024-11-12 17:35:16 - [TEST_STEP][PASSED] - break: null

2024-11-12 17:35:16 - [TEST_STEP][PASSED] - if (feinSsn.equalsIgnoreCase("Y")): null

2024-11-12 17:35:16 - [TEST_STEP][PASSED] - else: null

2024-11-12 17:35:16 - [TEST_STEP][PASSED] - if (verifyTextPresent("Please enter a valid FEIN with 9 digits.", true)): null

2024-11-12 17:35:17 - [MESSAGE][PASSED] - Text 'Please enter a valid FEIN with 9 digits.' is present on page  using regular expression

2024-11-12 17:35:17 - [TEST_STEP][PASSED] - println("Error Message is present on the page"): null

2024-11-12 17:35:17 - [TEST_STEP][PASSED] - out.println("Pass Record Number: " + row): null

2024-11-12 17:35:17 - [TEST_STEP][PASSED] - resText = "Pass": null

2024-11-12 17:35:17 - [TEST_STEP][PASSED] - pages.WriteExcel.demoKey(resText, datText, resColumn, datCloumn, fileLoc, nameSheet, row): pages.WriteExcel.demoKey is PASSED

2024-11-12 17:35:17 - [MESSAGE][PASSED] - pages.WriteExcel.demoKey is PASSED

2024-11-12 17:35:17 - [TEST_STEP][PASSED] - ExecuteTC = findTestData(dataFile).getValue("Execute", row): null

2024-11-12 17:35:17 - [TEST_STEP][PASSED] - Taxtype = findTestData(dataFile).getValue("TaxType", row): null

2024-11-12 17:35:17 - [TEST_STEP][PASSED] - Paymenttype = findTestData(dataFile).getValue("PaymentType", row): null

2024-11-12 17:35:17 - [TEST_STEP][PASSED] - feinSsn = findTestData(dataFile).getValue("FEINSSN", row): null

2024-11-12 17:35:17 - [TEST_STEP][PASSED] - out.println("Value of Execute is : " + ExecuteTC): null

2024-11-12 17:35:17 - [TEST_STEP][PASSED] - if (ExecuteTC.equalsIgnoreCase("Y")): null

2024-11-12 17:35:17 - [TEST_STEP][PASSED] - out.println("Begin Record Number: " + row): null

2024-11-12 17:35:17 - [TEST_STEP][PASSED] - today = new java.util.Date(): null

2024-11-12 17:35:17 - [TEST_STEP][PASSED] - println(today): null

2024-11-12 17:35:17 - [TEST_STEP][PASSED] - datText = today: null

2024-11-12 17:35:17 - [TEST_STEP][PASSED] - Taxtype = findTestData(dataFile).getValue("TaxType", row): null

2024-11-12 17:35:17 - [TEST_STEP][PASSED] - out.println("Taxtype value is : " + Taxtype): null

2024-11-12 17:35:17 - [TEST_STEP][PASSED] - openBrowser(""): Browser is opened with url: ''

2024-11-12 17:35:17 - [MESSAGE][WARNING] - A browser is already opened. Closing browser and opening a new one

2024-11-12 17:35:18 - [MESSAGE][INFO] - Starting 'Chrome' driver

2024-11-12 17:35:18 - [MESSAGE][INFO] - User set preference: ['acceptInsecureCerts', 'true']

2024-11-12 17:35:18 - [MESSAGE][INFO] - Action delay is set to 0 milliseconds

2024-11-12 17:35:20 - [MESSAGE][PASSED] - Browser is opened with url: ''

2024-11-12 17:35:20 - [TEST_STEP][PASSED] - maximizeWindow(): Current window maximized

2024-11-12 17:35:20 - [MESSAGE][PASSED] - Current window maximized

2024-11-12 17:35:20 - [TEST_STEP][PASSED] - navigateToUrl(RADurl): Navigate to 'https://www.velocitypayment.com/client/rad/index.html' successfully

2024-11-12 17:35:20 - [MESSAGE][PASSED] - Navigate to 'https://www.velocitypayment.com/client/rad/index.html' successfully

2024-11-12 17:35:20 - [TEST_STEP][PASSED] - orPath_Landing = "Object Repository/RAD_Pages/Landing_Page": null

2024-11-12 17:35:20 - [TEST_STEP][PASSED] - orPath_TaxTypeFilingYear = "Object Repository/RAD_Pages/TaxTypeFilingYear_Page": null

2024-11-12 17:35:20 - [TEST_STEP][PASSED] - orPath_TaxPayer = "Object Repository/RAD_Pages/Taxpayer_Page": null

2024-11-12 17:35:20 - [TEST_STEP][PASSED] - orPath_AddressContact = "Object Repository/RAD_Pages/AddressAndContactInfo_Page": null

2024-11-12 17:35:20 - [TEST_STEP][PASSED] - orPath_FilingStatus = "Object Repository/RAD_Pages/FilingStatus_Page": null

2024-11-12 17:35:20 - [TEST_STEP][PASSED] - orPath_Amount = "Object Repository/RAD_Pages/PaymentAmount_Page": null

2024-11-12 17:35:20 - [TEST_STEP][PASSED] - orPath_TaxInfo = "Object Repository/RAD_Pages/TaxInfo_Page": null

2024-11-12 17:35:20 - [TEST_STEP][PASSED] - orPath_Withholding = "Object Repository/RAD_Pages/Withholding_Page": null

2024-11-12 17:35:20 - [TEST_STEP][PASSED] - orPath_Summary = "Object Repository/RAD_Pages/Summary_Page": null

2024-11-12 17:35:20 - [TEST_STEP][PASSED] - orPath_PaymentReady = "Object Repository/RAD_Pages/PaymentReady_Page": null

2024-11-12 17:35:20 - [TEST_STEP][PASSED] - orPath_PaymentEntry = "Object Repository/RAD_Pages/PaymentEntry_Page": null

2024-11-12 17:35:20 - [TEST_STEP][PASSED] - orPath_PaymentConfirmation = "Object Repository/RAD_Pages/PaymentConfirmation_Page": null

2024-11-12 17:35:20 - [TEST_STEP][PASSED] - orPath_ServiceFeesAccept = "Object Repository/RAD_Pages/ServiceFeeAccept_Page": null

2024-11-12 17:35:20 - [TEST_STEP][PASSED] - selectOptionByLabel(findTestObject(orPath_Landing + "/dd_TaxType"), Paymenttype, false): All options with label 'Existing Liability with Notice/Invoice Number' are selected in object 'Object Repository/RAD_Pages/Landing_Page/dd_TaxType' 

2024-11-12 17:35:22 - [MESSAGE][PASSED] - All options with label 'Existing Liability with Notice/Invoice Number' are selected in object 'Object Repository/RAD_Pages/Landing_Page/dd_TaxType' 

2024-11-12 17:35:22 - [TEST_STEP][PASSED] - delay(1): Delayed 1 second(s)

2024-11-12 17:35:23 - [MESSAGE][PASSED] - Delayed 1 second(s)

2024-11-12 17:35:23 - [TEST_STEP][PASSED] - switch (Paymenttype): null

2024-11-12 17:35:23 - [TEST_STEP][PASSED] - case "Existing Liability with Notice/Invoice Number":: null

2024-11-12 17:35:23 - [TEST_STEP][PASSED] - selectOptionByLabel(findTestObject(orPath_TaxTypeFilingYear + "/select_TaxType_ExistingLiability"), Taxtype, false): All options with label 'Tire Recycling Fee' are selected in object 'Object Repository/RAD_Pages/TaxTypeFilingYear_Page/select_TaxType_ExistingLiability' 

2024-11-12 17:35:24 - [MESSAGE][PASSED] - All options with label 'Tire Recycling Fee' are selected in object 'Object Repository/RAD_Pages/TaxTypeFilingYear_Page/select_TaxType_ExistingLiability' 

2024-11-12 17:35:24 - [TEST_STEP][PASSED] - break: null

2024-11-12 17:35:24 - [TEST_STEP][PASSED] - delay(1): Delayed 1 second(s)

2024-11-12 17:35:25 - [MESSAGE][PASSED] - Delayed 1 second(s)

2024-11-12 17:35:25 - [TEST_STEP][PASSED] - switch (Paymenttype): null

2024-11-12 17:35:25 - [TEST_STEP][PASSED] - case "Existing Liability with Notice/Invoice Number":: null

2024-11-12 17:35:25 - [TEST_STEP][PASSED] - if (feinSsn.equalsIgnoreCase("Y")): null

2024-11-12 17:35:25 - [TEST_STEP][PASSED] - else: Text ****** has been set on object 'Object Repository/RAD_RecordAndPlay/input_Existing_RetypeFEIN'

2024-11-12 17:35:25 - [TEST_STEP][PASSED] - setEncryptedText(findTestObject("Object Repository/RAD_RecordAndPlay/input_Existing_FEIN"), "iGDxf8hSRT4="): Text ****** has been set on object 'Object Repository/RAD_RecordAndPlay/input_Existing_FEIN'

2024-11-12 17:35:25 - [MESSAGE][PASSED] - Text ****** has been set on object 'Object Repository/RAD_RecordAndPlay/input_Existing_FEIN'

2024-11-12 17:35:25 - [TEST_STEP][PASSED] - setEncryptedText(findTestObject("Object Repository/RAD_RecordAndPlay/input_Existing_RetypeFEIN"), ""): Text ****** has been set on object 'Object Repository/RAD_RecordAndPlay/input_Existing_RetypeFEIN'

2024-11-12 17:35:26 - [MESSAGE][PASSED] - Text ****** has been set on object 'Object Repository/RAD_RecordAndPlay/input_Existing_RetypeFEIN'

2024-11-12 17:35:26 - [TEST_STEP][PASSED] - break: null

2024-11-12 17:35:26 - [TEST_STEP][PASSED] - if (feinSsn.equalsIgnoreCase("Y")): null

2024-11-12 17:35:26 - [TEST_STEP][PASSED] - else: null

2024-11-12 17:35:26 - [TEST_STEP][PASSED] - if (verifyTextPresent("Please enter a valid FEIN with 9 digits.", true)): null

2024-11-12 17:35:26 - [MESSAGE][PASSED] - Text 'Please enter a valid FEIN with 9 digits.' is present on page  using regular expression

2024-11-12 17:35:26 - [TEST_STEP][PASSED] - println("Error Message is present on the page"): null

2024-11-12 17:35:26 - [TEST_STEP][PASSED] - out.println("Pass Record Number: " + row): null

2024-11-12 17:35:26 - [TEST_STEP][PASSED] - resText = "Pass": null

2024-11-12 17:35:26 - [TEST_STEP][PASSED] - pages.WriteExcel.demoKey(resText, datText, resColumn, datCloumn, fileLoc, nameSheet, row): pages.WriteExcel.demoKey is PASSED

2024-11-12 17:35:26 - [MESSAGE][PASSED] - pages.WriteExcel.demoKey is PASSED

2024-11-12 17:35:26 - [TEST_STEP][PASSED] - ExecuteTC = findTestData(dataFile).getValue("Execute", row): null

2024-11-12 17:35:26 - [TEST_STEP][PASSED] - Taxtype = findTestData(dataFile).getValue("TaxType", row): null

2024-11-12 17:35:26 - [TEST_STEP][PASSED] - Paymenttype = findTestData(dataFile).getValue("PaymentType", row): null

2024-11-12 17:35:27 - [TEST_STEP][PASSED] - feinSsn = findTestData(dataFile).getValue("FEINSSN", row): null

2024-11-12 17:35:27 - [TEST_STEP][PASSED] - out.println("Value of Execute is : " + ExecuteTC): null

2024-11-12 17:35:27 - [TEST_STEP][PASSED] - if (ExecuteTC.equalsIgnoreCase("Y")): null

2024-11-12 17:35:27 - [TEST_STEP][PASSED] - out.println("Begin Record Number: " + row): null

2024-11-12 17:35:27 - [TEST_STEP][PASSED] - today = new java.util.Date(): null

2024-11-12 17:35:27 - [TEST_STEP][PASSED] - println(today): null

2024-11-12 17:35:27 - [TEST_STEP][PASSED] - datText = today: null

2024-11-12 17:35:27 - [TEST_STEP][PASSED] - Taxtype = findTestData(dataFile).getValue("TaxType", row): null

2024-11-12 17:35:27 - [TEST_STEP][PASSED] - out.println("Taxtype value is : " + Taxtype): null

2024-11-12 17:35:27 - [TEST_STEP][PASSED] - openBrowser(""): Browser is opened with url: ''

2024-11-12 17:35:27 - [MESSAGE][WARNING] - A browser is already opened. Closing browser and opening a new one

2024-11-12 17:35:28 - [MESSAGE][INFO] - Starting 'Chrome' driver

2024-11-12 17:35:28 - [MESSAGE][INFO] - User set preference: ['acceptInsecureCerts', 'true']

2024-11-12 17:35:28 - [MESSAGE][INFO] - Action delay is set to 0 milliseconds

2024-11-12 17:35:29 - [MESSAGE][PASSED] - Browser is opened with url: ''

2024-11-12 17:35:29 - [TEST_STEP][PASSED] - maximizeWindow(): Current window maximized

2024-11-12 17:35:29 - [MESSAGE][PASSED] - Current window maximized

2024-11-12 17:35:29 - [TEST_STEP][PASSED] - navigateToUrl(RADurl): Navigate to 'https://www.velocitypayment.com/client/rad/index.html' successfully

2024-11-12 17:35:31 - [MESSAGE][PASSED] - Navigate to 'https://www.velocitypayment.com/client/rad/index.html' successfully

2024-11-12 17:35:31 - [TEST_STEP][PASSED] - orPath_Landing = "Object Repository/RAD_Pages/Landing_Page": null

2024-11-12 17:35:31 - [TEST_STEP][PASSED] - orPath_TaxTypeFilingYear = "Object Repository/RAD_Pages/TaxTypeFilingYear_Page": null

2024-11-12 17:35:31 - [TEST_STEP][PASSED] - orPath_TaxPayer = "Object Repository/RAD_Pages/Taxpayer_Page": null

2024-11-12 17:35:31 - [TEST_STEP][PASSED] - orPath_AddressContact = "Object Repository/RAD_Pages/AddressAndContactInfo_Page": null

2024-11-12 17:35:31 - [TEST_STEP][PASSED] - orPath_FilingStatus = "Object Repository/RAD_Pages/FilingStatus_Page": null

2024-11-12 17:35:31 - [TEST_STEP][PASSED] - orPath_Amount = "Object Repository/RAD_Pages/PaymentAmount_Page": null

2024-11-12 17:35:31 - [TEST_STEP][PASSED] - orPath_TaxInfo = "Object Repository/RAD_Pages/TaxInfo_Page": null

2024-11-12 17:35:31 - [TEST_STEP][PASSED] - orPath_Withholding = "Object Repository/RAD_Pages/Withholding_Page": null

2024-11-12 17:35:31 - [TEST_STEP][PASSED] - orPath_Summary = "Object Repository/RAD_Pages/Summary_Page": null

2024-11-12 17:35:31 - [TEST_STEP][PASSED] - orPath_PaymentReady = "Object Repository/RAD_Pages/PaymentReady_Page": null

2024-11-12 17:35:31 - [TEST_STEP][PASSED] - orPath_PaymentEntry = "Object Repository/RAD_Pages/PaymentEntry_Page": null

2024-11-12 17:35:31 - [TEST_STEP][PASSED] - orPath_PaymentConfirmation = "Object Repository/RAD_Pages/PaymentConfirmation_Page": null

2024-11-12 17:35:31 - [TEST_STEP][PASSED] - orPath_ServiceFeesAccept = "Object Repository/RAD_Pages/ServiceFeeAccept_Page": null

2024-11-12 17:35:31 - [TEST_STEP][PASSED] - selectOptionByLabel(findTestObject(orPath_Landing + "/dd_TaxType"), Paymenttype, false): All options with label 'Existing Liability with Notice/Invoice Number' are selected in object 'Object Repository/RAD_Pages/Landing_Page/dd_TaxType' 

2024-11-12 17:35:32 - [MESSAGE][PASSED] - All options with label 'Existing Liability with Notice/Invoice Number' are selected in object 'Object Repository/RAD_Pages/Landing_Page/dd_TaxType' 

2024-11-12 17:35:32 - [TEST_STEP][PASSED] - delay(1): Delayed 1 second(s)

2024-11-12 17:35:33 - [MESSAGE][PASSED] - Delayed 1 second(s)

2024-11-12 17:35:33 - [TEST_STEP][PASSED] - switch (Paymenttype): null

2024-11-12 17:35:33 - [TEST_STEP][PASSED] - case "Existing Liability with Notice/Invoice Number":: null

2024-11-12 17:35:33 - [TEST_STEP][PASSED] - selectOptionByLabel(findTestObject(orPath_TaxTypeFilingYear + "/select_TaxType_ExistingLiability"), Taxtype, false): All options with label 'Withholding Tax' are selected in object 'Object Repository/RAD_Pages/TaxTypeFilingYear_Page/select_TaxType_ExistingLiability' 

2024-11-12 17:35:34 - [MESSAGE][PASSED] - All options with label 'Withholding Tax' are selected in object 'Object Repository/RAD_Pages/TaxTypeFilingYear_Page/select_TaxType_ExistingLiability' 

2024-11-12 17:35:34 - [TEST_STEP][PASSED] - break: null

2024-11-12 17:35:34 - [TEST_STEP][PASSED] - delay(1): Delayed 1 second(s)

2024-11-12 17:35:35 - [MESSAGE][PASSED] - Delayed 1 second(s)

2024-11-12 17:35:35 - [TEST_STEP][PASSED] - switch (Paymenttype): null

2024-11-12 17:35:35 - [TEST_STEP][PASSED] - case "Existing Liability with Notice/Invoice Number":: null

2024-11-12 17:35:35 - [TEST_STEP][PASSED] - if (feinSsn.equalsIgnoreCase("Y")): null

2024-11-12 17:35:35 - [TEST_STEP][PASSED] - else: Text ****** has been set on object 'Object Repository/RAD_RecordAndPlay/input_Existing_RetypeFEIN'

2024-11-12 17:35:35 - [TEST_STEP][PASSED] - setEncryptedText(findTestObject("Object Repository/RAD_RecordAndPlay/input_Existing_FEIN"), "iGDxf8hSRT4="): Text ****** has been set on object 'Object Repository/RAD_RecordAndPlay/input_Existing_FEIN'

2024-11-12 17:35:36 - [MESSAGE][PASSED] - Text ****** has been set on object 'Object Repository/RAD_RecordAndPlay/input_Existing_FEIN'

2024-11-12 17:35:36 - [TEST_STEP][PASSED] - setEncryptedText(findTestObject("Object Repository/RAD_RecordAndPlay/input_Existing_RetypeFEIN"), ""): Text ****** has been set on object 'Object Repository/RAD_RecordAndPlay/input_Existing_RetypeFEIN'

2024-11-12 17:35:37 - [MESSAGE][PASSED] - Text ****** has been set on object 'Object Repository/RAD_RecordAndPlay/input_Existing_RetypeFEIN'

2024-11-12 17:35:37 - [TEST_STEP][PASSED] - break: null

2024-11-12 17:35:37 - [TEST_STEP][PASSED] - if (feinSsn.equalsIgnoreCase("Y")): null

2024-11-12 17:35:37 - [TEST_STEP][PASSED] - else: null

2024-11-12 17:35:37 - [TEST_STEP][PASSED] - if (verifyTextPresent("Please enter a valid FEIN with 9 digits.", true)): null

2024-11-12 17:35:38 - [MESSAGE][PASSED] - Text 'Please enter a valid FEIN with 9 digits.' is present on page  using regular expression

2024-11-12 17:35:38 - [TEST_STEP][PASSED] - println("Error Message is present on the page"): null

2024-11-12 17:35:38 - [TEST_STEP][PASSED] - out.println("Pass Record Number: " + row): null

2024-11-12 17:35:38 - [TEST_STEP][PASSED] - resText = "Pass": null

2024-11-12 17:35:38 - [TEST_STEP][PASSED] - pages.WriteExcel.demoKey(resText, datText, resColumn, datCloumn, fileLoc, nameSheet, row): pages.WriteExcel.demoKey is PASSED

2024-11-12 17:35:38 - [MESSAGE][PASSED] - pages.WriteExcel.demoKey is PASSED

2024-11-12 17:35:38 - [TEST_STEP][PASSED] - ExecuteTC = findTestData(dataFile).getValue("Execute", row): null

2024-11-12 17:35:38 - [TEST_STEP][PASSED] - Taxtype = findTestData(dataFile).getValue("TaxType", row): null

2024-11-12 17:35:38 - [TEST_STEP][PASSED] - Paymenttype = findTestData(dataFile).getValue("PaymentType", row): null

2024-11-12 17:35:38 - [TEST_STEP][PASSED] - feinSsn = findTestData(dataFile).getValue("FEINSSN", row): null

2024-11-12 17:35:38 - [TEST_STEP][PASSED] - out.println("Value of Execute is : " + ExecuteTC): null

2024-11-12 17:35:38 - [TEST_STEP][PASSED] - if (ExecuteTC.equalsIgnoreCase("Y")): null

2024-11-12 17:35:38 - [TEST_STEP][PASSED] - out.println("Begin Record Number: " + row): null

2024-11-12 17:35:38 - [TEST_STEP][PASSED] - today = new java.util.Date(): null

2024-11-12 17:35:38 - [TEST_STEP][PASSED] - println(today): null

2024-11-12 17:35:38 - [TEST_STEP][PASSED] - datText = today: null

2024-11-12 17:35:38 - [TEST_STEP][PASSED] - Taxtype = findTestData(dataFile).getValue("TaxType", row): null

2024-11-12 17:35:38 - [TEST_STEP][PASSED] - out.println("Taxtype value is : " + Taxtype): null

2024-11-12 17:35:38 - [TEST_STEP][PASSED] - openBrowser(""): Browser is opened with url: ''

2024-11-12 17:35:38 - [MESSAGE][WARNING] - A browser is already opened. Closing browser and opening a new one

2024-11-12 17:35:40 - [MESSAGE][INFO] - Starting 'Chrome' driver

2024-11-12 17:35:40 - [MESSAGE][INFO] - User set preference: ['acceptInsecureCerts', 'true']

2024-11-12 17:35:40 - [MESSAGE][INFO] - Action delay is set to 0 milliseconds

2024-11-12 17:35:42 - [MESSAGE][PASSED] - Browser is opened with url: ''

2024-11-12 17:35:42 - [TEST_STEP][PASSED] - maximizeWindow(): Current window maximized

2024-11-12 17:35:42 - [MESSAGE][PASSED] - Current window maximized

2024-11-12 17:35:42 - [TEST_STEP][PASSED] - navigateToUrl(RADurl): Navigate to 'https://www.velocitypayment.com/client/rad/index.html' successfully

2024-11-12 17:35:43 - [MESSAGE][PASSED] - Navigate to 'https://www.velocitypayment.com/client/rad/index.html' successfully

2024-11-12 17:35:43 - [TEST_STEP][PASSED] - orPath_Landing = "Object Repository/RAD_Pages/Landing_Page": null

2024-11-12 17:35:43 - [TEST_STEP][PASSED] - orPath_TaxTypeFilingYear = "Object Repository/RAD_Pages/TaxTypeFilingYear_Page": null

2024-11-12 17:35:43 - [TEST_STEP][PASSED] - orPath_TaxPayer = "Object Repository/RAD_Pages/Taxpayer_Page": null

2024-11-12 17:35:43 - [TEST_STEP][PASSED] - orPath_AddressContact = "Object Repository/RAD_Pages/AddressAndContactInfo_Page": null

2024-11-12 17:35:43 - [TEST_STEP][PASSED] - orPath_FilingStatus = "Object Repository/RAD_Pages/FilingStatus_Page": null

2024-11-12 17:35:43 - [TEST_STEP][PASSED] - orPath_Amount = "Object Repository/RAD_Pages/PaymentAmount_Page": null

2024-11-12 17:35:43 - [TEST_STEP][PASSED] - orPath_TaxInfo = "Object Repository/RAD_Pages/TaxInfo_Page": null

2024-11-12 17:35:43 - [TEST_STEP][PASSED] - orPath_Withholding = "Object Repository/RAD_Pages/Withholding_Page": null

2024-11-12 17:35:43 - [TEST_STEP][PASSED] - orPath_Summary = "Object Repository/RAD_Pages/Summary_Page": null

2024-11-12 17:35:43 - [TEST_STEP][PASSED] - orPath_PaymentReady = "Object Repository/RAD_Pages/PaymentReady_Page": null

2024-11-12 17:35:43 - [TEST_STEP][PASSED] - orPath_PaymentEntry = "Object Repository/RAD_Pages/PaymentEntry_Page": null

2024-11-12 17:35:43 - [TEST_STEP][PASSED] - orPath_PaymentConfirmation = "Object Repository/RAD_Pages/PaymentConfirmation_Page": null

2024-11-12 17:35:43 - [TEST_STEP][PASSED] - orPath_ServiceFeesAccept = "Object Repository/RAD_Pages/ServiceFeeAccept_Page": null

2024-11-12 17:35:43 - [TEST_STEP][PASSED] - selectOptionByLabel(findTestObject(orPath_Landing + "/dd_TaxType"), Paymenttype, false): All options with label 'Existing Liability with Notice/Invoice Number' are selected in object 'Object Repository/RAD_Pages/Landing_Page/dd_TaxType' 

2024-11-12 17:35:44 - [MESSAGE][PASSED] - All options with label 'Existing Liability with Notice/Invoice Number' are selected in object 'Object Repository/RAD_Pages/Landing_Page/dd_TaxType' 

2024-11-12 17:35:44 - [TEST_STEP][PASSED] - delay(1): Delayed 1 second(s)

2024-11-12 17:35:45 - [MESSAGE][PASSED] - Delayed 1 second(s)

2024-11-12 17:35:45 - [TEST_STEP][PASSED] - switch (Paymenttype): null

2024-11-12 17:35:45 - [TEST_STEP][PASSED] - case "Existing Liability with Notice/Invoice Number":: null

2024-11-12 17:35:45 - [TEST_STEP][PASSED] - selectOptionByLabel(findTestObject(orPath_TaxTypeFilingYear + "/select_TaxType_ExistingLiability"), Taxtype, false): All options with label 'Alcohol Tax' are selected in object 'Object Repository/RAD_Pages/TaxTypeFilingYear_Page/select_TaxType_ExistingLiability' 

2024-11-12 17:35:46 - [MESSAGE][PASSED] - All options with label 'Alcohol Tax' are selected in object 'Object Repository/RAD_Pages/TaxTypeFilingYear_Page/select_TaxType_ExistingLiability' 

2024-11-12 17:35:46 - [TEST_STEP][PASSED] - break: null

2024-11-12 17:35:46 - [TEST_STEP][PASSED] - delay(1): Delayed 1 second(s)

2024-11-12 17:35:47 - [MESSAGE][PASSED] - Delayed 1 second(s)

2024-11-12 17:35:47 - [TEST_STEP][PASSED] - switch (Paymenttype): null

2024-11-12 17:35:47 - [TEST_STEP][PASSED] - case "Existing Liability with Notice/Invoice Number":: null

2024-11-12 17:35:47 - [TEST_STEP][PASSED] - if (feinSsn.equalsIgnoreCase("Y")): null

2024-11-12 17:35:47 - [TEST_STEP][PASSED] - else: Text ****** has been set on object 'Object Repository/RAD_RecordAndPlay/input_Existing_RetypeFEIN'

2024-11-12 17:35:47 - [TEST_STEP][PASSED] - setEncryptedText(findTestObject("Object Repository/RAD_RecordAndPlay/input_Existing_FEIN"), "iGDxf8hSRT4="): Text ****** has been set on object 'Object Repository/RAD_RecordAndPlay/input_Existing_FEIN'

2024-11-12 17:35:47 - [MESSAGE][PASSED] - Text ****** has been set on object 'Object Repository/RAD_RecordAndPlay/input_Existing_FEIN'

2024-11-12 17:35:47 - [TEST_STEP][PASSED] - setEncryptedText(findTestObject("Object Repository/RAD_RecordAndPlay/input_Existing_RetypeFEIN"), ""): Text ****** has been set on object 'Object Repository/RAD_RecordAndPlay/input_Existing_RetypeFEIN'

2024-11-12 17:35:48 - [MESSAGE][PASSED] - Text ****** has been set on object 'Object Repository/RAD_RecordAndPlay/input_Existing_RetypeFEIN'

2024-11-12 17:35:48 - [TEST_STEP][PASSED] - break: null

2024-11-12 17:35:48 - [TEST_STEP][PASSED] - if (feinSsn.equalsIgnoreCase("Y")): null

2024-11-12 17:35:48 - [TEST_STEP][PASSED] - else: null

2024-11-12 17:35:48 - [TEST_STEP][PASSED] - if (verifyTextPresent("Please enter a valid FEIN with 9 digits.", true)): null

2024-11-12 17:35:48 - [MESSAGE][PASSED] - Text 'Please enter a valid FEIN with 9 digits.' is present on page  using regular expression

2024-11-12 17:35:48 - [TEST_STEP][PASSED] - println("Error Message is present on the page"): null

2024-11-12 17:35:48 - [TEST_STEP][PASSED] - out.println("Pass Record Number: " + row): null

2024-11-12 17:35:48 - [TEST_STEP][PASSED] - resText = "Pass": null

2024-11-12 17:35:48 - [TEST_STEP][PASSED] - pages.WriteExcel.demoKey(resText, datText, resColumn, datCloumn, fileLoc, nameSheet, row): pages.WriteExcel.demoKey is PASSED

2024-11-12 17:35:48 - [MESSAGE][PASSED] - pages.WriteExcel.demoKey is PASSED

2024-11-12 17:35:48 - [TEST_STEP][PASSED] - ExecuteTC = findTestData(dataFile).getValue("Execute", row): null

2024-11-12 17:35:48 - [TEST_STEP][PASSED] - Taxtype = findTestData(dataFile).getValue("TaxType", row): null

2024-11-12 17:35:48 - [TEST_STEP][PASSED] - Paymenttype = findTestData(dataFile).getValue("PaymentType", row): null

2024-11-12 17:35:48 - [TEST_STEP][PASSED] - feinSsn = findTestData(dataFile).getValue("FEINSSN", row): null

2024-11-12 17:35:49 - [TEST_STEP][PASSED] - out.println("Value of Execute is : " + ExecuteTC): null

2024-11-12 17:35:49 - [TEST_STEP][PASSED] - if (ExecuteTC.equalsIgnoreCase("Y")): null

2024-11-12 17:35:49 - [TEST_STEP][PASSED] - out.println("Begin Record Number: " + row): null

2024-11-12 17:35:49 - [TEST_STEP][PASSED] - today = new java.util.Date(): null

2024-11-12 17:35:49 - [TEST_STEP][PASSED] - println(today): null

2024-11-12 17:35:49 - [TEST_STEP][PASSED] - datText = today: null

2024-11-12 17:35:49 - [TEST_STEP][PASSED] - Taxtype = findTestData(dataFile).getValue("TaxType", row): null

2024-11-12 17:35:49 - [TEST_STEP][PASSED] - out.println("Taxtype value is : " + Taxtype): null

2024-11-12 17:35:49 - [TEST_STEP][PASSED] - openBrowser(""): Browser is opened with url: ''

2024-11-12 17:35:49 - [MESSAGE][WARNING] - A browser is already opened. Closing browser and opening a new one

2024-11-12 17:35:50 - [MESSAGE][INFO] - Starting 'Chrome' driver

2024-11-12 17:35:50 - [MESSAGE][INFO] - User set preference: ['acceptInsecureCerts', 'true']

2024-11-12 17:35:50 - [MESSAGE][INFO] - Action delay is set to 0 milliseconds

2024-11-12 17:35:52 - [MESSAGE][PASSED] - Browser is opened with url: ''

2024-11-12 17:35:52 - [TEST_STEP][PASSED] - maximizeWindow(): Current window maximized

2024-11-12 17:35:52 - [MESSAGE][PASSED] - Current window maximized

2024-11-12 17:35:52 - [TEST_STEP][PASSED] - navigateToUrl(RADurl): Navigate to 'https://www.velocitypayment.com/client/rad/index.html' successfully

2024-11-12 17:35:53 - [MESSAGE][PASSED] - Navigate to 'https://www.velocitypayment.com/client/rad/index.html' successfully

2024-11-12 17:35:53 - [TEST_STEP][PASSED] - orPath_Landing = "Object Repository/RAD_Pages/Landing_Page": null

2024-11-12 17:35:53 - [TEST_STEP][PASSED] - orPath_TaxTypeFilingYear = "Object Repository/RAD_Pages/TaxTypeFilingYear_Page": null

2024-11-12 17:35:53 - [TEST_STEP][PASSED] - orPath_TaxPayer = "Object Repository/RAD_Pages/Taxpayer_Page": null

2024-11-12 17:35:53 - [TEST_STEP][PASSED] - orPath_AddressContact = "Object Repository/RAD_Pages/AddressAndContactInfo_Page": null

2024-11-12 17:35:53 - [TEST_STEP][PASSED] - orPath_FilingStatus = "Object Repository/RAD_Pages/FilingStatus_Page": null

2024-11-12 17:35:53 - [TEST_STEP][PASSED] - orPath_Amount = "Object Repository/RAD_Pages/PaymentAmount_Page": null

2024-11-12 17:35:53 - [TEST_STEP][PASSED] - orPath_TaxInfo = "Object Repository/RAD_Pages/TaxInfo_Page": null

2024-11-12 17:35:53 - [TEST_STEP][PASSED] - orPath_Withholding = "Object Repository/RAD_Pages/Withholding_Page": null

2024-11-12 17:35:53 - [TEST_STEP][PASSED] - orPath_Summary = "Object Repository/RAD_Pages/Summary_Page": null

2024-11-12 17:35:53 - [TEST_STEP][PASSED] - orPath_PaymentReady = "Object Repository/RAD_Pages/PaymentReady_Page": null

2024-11-12 17:35:53 - [TEST_STEP][PASSED] - orPath_PaymentEntry = "Object Repository/RAD_Pages/PaymentEntry_Page": null

2024-11-12 17:35:53 - [TEST_STEP][PASSED] - orPath_PaymentConfirmation = "Object Repository/RAD_Pages/PaymentConfirmation_Page": null

2024-11-12 17:35:53 - [TEST_STEP][PASSED] - orPath_ServiceFeesAccept = "Object Repository/RAD_Pages/ServiceFeeAccept_Page": null

2024-11-12 17:35:53 - [TEST_STEP][PASSED] - selectOptionByLabel(findTestObject(orPath_Landing + "/dd_TaxType"), Paymenttype, false): All options with label 'Existing Liability with Notice/Invoice Number' are selected in object 'Object Repository/RAD_Pages/Landing_Page/dd_TaxType' 

2024-11-12 17:35:54 - [MESSAGE][PASSED] - All options with label 'Existing Liability with Notice/Invoice Number' are selected in object 'Object Repository/RAD_Pages/Landing_Page/dd_TaxType' 

2024-11-12 17:35:54 - [TEST_STEP][PASSED] - delay(1): Delayed 1 second(s)

2024-11-12 17:35:55 - [MESSAGE][PASSED] - Delayed 1 second(s)

2024-11-12 17:35:55 - [TEST_STEP][PASSED] - switch (Paymenttype): null

2024-11-12 17:35:55 - [TEST_STEP][PASSED] - case "Existing Liability with Notice/Invoice Number":: null

2024-11-12 17:35:55 - [TEST_STEP][PASSED] - selectOptionByLabel(findTestObject(orPath_TaxTypeFilingYear + "/select_TaxType_ExistingLiability"), Taxtype, false): All options with label 'PTE Tax Electing Non-S Corp' are selected in object 'Object Repository/RAD_Pages/TaxTypeFilingYear_Page/select_TaxType_ExistingLiability' 

2024-11-12 17:35:56 - [MESSAGE][PASSED] - All options with label 'PTE Tax Electing Non-S Corp' are selected in object 'Object Repository/RAD_Pages/TaxTypeFilingYear_Page/select_TaxType_ExistingLiability' 

2024-11-12 17:35:56 - [TEST_STEP][PASSED] - break: null

2024-11-12 17:35:56 - [TEST_STEP][PASSED] - delay(1): Delayed 1 second(s)

2024-11-12 17:35:57 - [MESSAGE][PASSED] - Delayed 1 second(s)

2024-11-12 17:35:57 - [TEST_STEP][PASSED] - switch (Paymenttype): null

2024-11-12 17:35:57 - [TEST_STEP][PASSED] - case "Existing Liability with Notice/Invoice Number":: null

2024-11-12 17:35:57 - [TEST_STEP][PASSED] - if (feinSsn.equalsIgnoreCase("Y")): Text ****** has been set on object 'Object Repository/RAD_Pages/TaxInfo_Page/input_TaxInfo_RetypefeinSsn_Existing_New'

2024-11-12 17:35:57 - [TEST_STEP][PASSED] - setEncryptedText(findTestObject(orPath_TaxInfo + "/input_TaxInfo_feinSsn_Existing_New"), "iGDxf8hSRT4="): Text ****** has been set on object 'Object Repository/RAD_Pages/TaxInfo_Page/input_TaxInfo_feinSsn_Existing_New'

2024-11-12 17:35:57 - [MESSAGE][PASSED] - Text ****** has been set on object 'Object Repository/RAD_Pages/TaxInfo_Page/input_TaxInfo_feinSsn_Existing_New'

2024-11-12 17:35:57 - [TEST_STEP][PASSED] - setEncryptedText(findTestObject(orPath_TaxInfo + "/input_TaxInfo_RetypefeinSsn_Existing_New"), ""): Text ****** has been set on object 'Object Repository/RAD_Pages/TaxInfo_Page/input_TaxInfo_RetypefeinSsn_Existing_New'

2024-11-12 17:35:58 - [MESSAGE][PASSED] - Text ****** has been set on object 'Object Repository/RAD_Pages/TaxInfo_Page/input_TaxInfo_RetypefeinSsn_Existing_New'

2024-11-12 17:35:58 - [TEST_STEP][PASSED] - break: null

2024-11-12 17:35:58 - [TEST_STEP][PASSED] - if (feinSsn.equalsIgnoreCase("Y")): null

2024-11-12 17:35:58 - [TEST_STEP][PASSED] - if (verifyTextPresent("Please enter a valid FEIN/SSN with 9 digits", true)): null

2024-11-12 17:35:58 - [MESSAGE][PASSED] - Text 'Please enter a valid FEIN/SSN with 9 digits' is present on page  using regular expression

2024-11-12 17:35:58 - [TEST_STEP][PASSED] - println("Error Message is present on the page"): null

2024-11-12 17:35:58 - [TEST_STEP][PASSED] - out.println("Pass Record Number: " + row): null

2024-11-12 17:35:58 - [TEST_STEP][PASSED] - resText = "Pass": null

2024-11-12 17:35:58 - [TEST_STEP][PASSED] - pages.WriteExcel.demoKey(resText, datText, resColumn, datCloumn, fileLoc, nameSheet, row): pages.WriteExcel.demoKey is PASSED

2024-11-12 17:35:58 - [MESSAGE][PASSED] - pages.WriteExcel.demoKey is PASSED

2024-11-12 17:35:58 - [TEST_STEP][PASSED] - ExecuteTC = findTestData(dataFile).getValue("Execute", row): null

2024-11-12 17:35:58 - [TEST_STEP][PASSED] - Taxtype = findTestData(dataFile).getValue("TaxType", row): null

2024-11-12 17:35:58 - [TEST_STEP][PASSED] - Paymenttype = findTestData(dataFile).getValue("PaymentType", row): null

2024-11-12 17:35:58 - [TEST_STEP][PASSED] - feinSsn = findTestData(dataFile).getValue("FEINSSN", row): null

2024-11-12 17:35:59 - [TEST_STEP][PASSED] - out.println("Value of Execute is : " + ExecuteTC): null

2024-11-12 17:35:59 - [TEST_STEP][PASSED] - if (ExecuteTC.equalsIgnoreCase("Y")): null

2024-11-12 17:35:59 - [TEST_STEP][PASSED] - out.println("Begin Record Number: " + row): null

2024-11-12 17:35:59 - [TEST_STEP][PASSED] - today = new java.util.Date(): null

2024-11-12 17:35:59 - [TEST_STEP][PASSED] - println(today): null

2024-11-12 17:35:59 - [TEST_STEP][PASSED] - datText = today: null

2024-11-12 17:35:59 - [TEST_STEP][PASSED] - Taxtype = findTestData(dataFile).getValue("TaxType", row): null

2024-11-12 17:35:59 - [TEST_STEP][PASSED] - out.println("Taxtype value is : " + Taxtype): null

2024-11-12 17:35:59 - [TEST_STEP][PASSED] - openBrowser(""): Browser is opened with url: ''

2024-11-12 17:35:59 - [MESSAGE][WARNING] - A browser is already opened. Closing browser and opening a new one

2024-11-12 17:36:00 - [MESSAGE][INFO] - Starting 'Chrome' driver

2024-11-12 17:36:00 - [MESSAGE][INFO] - User set preference: ['acceptInsecureCerts', 'true']

2024-11-12 17:36:00 - [MESSAGE][INFO] - Action delay is set to 0 milliseconds

2024-11-12 17:36:01 - [MESSAGE][PASSED] - Browser is opened with url: ''

2024-11-12 17:36:01 - [TEST_STEP][PASSED] - maximizeWindow(): Current window maximized

2024-11-12 17:36:01 - [MESSAGE][PASSED] - Current window maximized

2024-11-12 17:36:01 - [TEST_STEP][PASSED] - navigateToUrl(RADurl): Navigate to 'https://www.velocitypayment.com/client/rad/index.html' successfully

2024-11-12 17:36:03 - [MESSAGE][PASSED] - Navigate to 'https://www.velocitypayment.com/client/rad/index.html' successfully

2024-11-12 17:36:03 - [TEST_STEP][PASSED] - orPath_Landing = "Object Repository/RAD_Pages/Landing_Page": null

2024-11-12 17:36:03 - [TEST_STEP][PASSED] - orPath_TaxTypeFilingYear = "Object Repository/RAD_Pages/TaxTypeFilingYear_Page": null

2024-11-12 17:36:03 - [TEST_STEP][PASSED] - orPath_TaxPayer = "Object Repository/RAD_Pages/Taxpayer_Page": null

2024-11-12 17:36:03 - [TEST_STEP][PASSED] - orPath_AddressContact = "Object Repository/RAD_Pages/AddressAndContactInfo_Page": null

2024-11-12 17:36:03 - [TEST_STEP][PASSED] - orPath_FilingStatus = "Object Repository/RAD_Pages/FilingStatus_Page": null

2024-11-12 17:36:03 - [TEST_STEP][PASSED] - orPath_Amount = "Object Repository/RAD_Pages/PaymentAmount_Page": null

2024-11-12 17:36:03 - [TEST_STEP][PASSED] - orPath_TaxInfo = "Object Repository/RAD_Pages/TaxInfo_Page": null

2024-11-12 17:36:03 - [TEST_STEP][PASSED] - orPath_Withholding = "Object Repository/RAD_Pages/Withholding_Page": null

2024-11-12 17:36:03 - [TEST_STEP][PASSED] - orPath_Summary = "Object Repository/RAD_Pages/Summary_Page": null

2024-11-12 17:36:03 - [TEST_STEP][PASSED] - orPath_PaymentReady = "Object Repository/RAD_Pages/PaymentReady_Page": null

2024-11-12 17:36:03 - [TEST_STEP][PASSED] - orPath_PaymentEntry = "Object Repository/RAD_Pages/PaymentEntry_Page": null

2024-11-12 17:36:03 - [TEST_STEP][PASSED] - orPath_PaymentConfirmation = "Object Repository/RAD_Pages/PaymentConfirmation_Page": null

2024-11-12 17:36:03 - [TEST_STEP][PASSED] - orPath_ServiceFeesAccept = "Object Repository/RAD_Pages/ServiceFeeAccept_Page": null

2024-11-12 17:36:03 - [TEST_STEP][PASSED] - selectOptionByLabel(findTestObject(orPath_Landing + "/dd_TaxType"), Paymenttype, false): All options with label 'Existing Liability with Notice/Invoice Number' are selected in object 'Object Repository/RAD_Pages/Landing_Page/dd_TaxType' 

2024-11-12 17:36:04 - [MESSAGE][PASSED] - All options with label 'Existing Liability with Notice/Invoice Number' are selected in object 'Object Repository/RAD_Pages/Landing_Page/dd_TaxType' 

2024-11-12 17:36:04 - [TEST_STEP][PASSED] - delay(1): Delayed 1 second(s)

2024-11-12 17:36:05 - [MESSAGE][PASSED] - Delayed 1 second(s)

2024-11-12 17:36:05 - [TEST_STEP][PASSED] - switch (Paymenttype): null

2024-11-12 17:36:05 - [TEST_STEP][PASSED] - case "Existing Liability with Notice/Invoice Number":: null

2024-11-12 17:36:05 - [TEST_STEP][PASSED] - selectOptionByLabel(findTestObject(orPath_TaxTypeFilingYear + "/select_TaxType_ExistingLiability"), Taxtype, false): All options with label 'PTE Tax Electing S Corp' are selected in object 'Object Repository/RAD_Pages/TaxTypeFilingYear_Page/select_TaxType_ExistingLiability' 

2024-11-12 17:36:06 - [MESSAGE][PASSED] - All options with label 'PTE Tax Electing S Corp' are selected in object 'Object Repository/RAD_Pages/TaxTypeFilingYear_Page/select_TaxType_ExistingLiability' 

2024-11-12 17:36:06 - [TEST_STEP][PASSED] - break: null

2024-11-12 17:36:06 - [TEST_STEP][PASSED] - delay(1): Delayed 1 second(s)

2024-11-12 17:36:07 - [MESSAGE][PASSED] - Delayed 1 second(s)

2024-11-12 17:36:07 - [TEST_STEP][PASSED] - switch (Paymenttype): null

2024-11-12 17:36:07 - [TEST_STEP][PASSED] - case "Existing Liability with Notice/Invoice Number":: null

2024-11-12 17:36:07 - [TEST_STEP][PASSED] - if (feinSsn.equalsIgnoreCase("Y")): Text ****** has been set on object 'Object Repository/RAD_Pages/TaxInfo_Page/input_TaxInfo_RetypefeinSsn_Existing_New'

2024-11-12 17:36:07 - [TEST_STEP][PASSED] - setEncryptedText(findTestObject(orPath_TaxInfo + "/input_TaxInfo_feinSsn_Existing_New"), "iGDxf8hSRT4="): Text ****** has been set on object 'Object Repository/RAD_Pages/TaxInfo_Page/input_TaxInfo_feinSsn_Existing_New'

2024-11-12 17:36:07 - [MESSAGE][PASSED] - Text ****** has been set on object 'Object Repository/RAD_Pages/TaxInfo_Page/input_TaxInfo_feinSsn_Existing_New'

2024-11-12 17:36:07 - [TEST_STEP][PASSED] - setEncryptedText(findTestObject(orPath_TaxInfo + "/input_TaxInfo_RetypefeinSsn_Existing_New"), ""): Text ****** has been set on object 'Object Repository/RAD_Pages/TaxInfo_Page/input_TaxInfo_RetypefeinSsn_Existing_New'

2024-11-12 17:36:08 - [MESSAGE][PASSED] - Text ****** has been set on object 'Object Repository/RAD_Pages/TaxInfo_Page/input_TaxInfo_RetypefeinSsn_Existing_New'

2024-11-12 17:36:08 - [TEST_STEP][PASSED] - break: null

2024-11-12 17:36:08 - [TEST_STEP][PASSED] - if (feinSsn.equalsIgnoreCase("Y")): null

2024-11-12 17:36:08 - [TEST_STEP][PASSED] - if (verifyTextPresent("Please enter a valid FEIN/SSN with 9 digits", true)): null

2024-11-12 17:36:08 - [MESSAGE][PASSED] - Text 'Please enter a valid FEIN/SSN with 9 digits' is present on page  using regular expression

2024-11-12 17:36:08 - [TEST_STEP][PASSED] - println("Error Message is present on the page"): null

2024-11-12 17:36:08 - [TEST_STEP][PASSED] - out.println("Pass Record Number: " + row): null

2024-11-12 17:36:08 - [TEST_STEP][PASSED] - resText = "Pass": null

2024-11-12 17:36:08 - [TEST_STEP][PASSED] - pages.WriteExcel.demoKey(resText, datText, resColumn, datCloumn, fileLoc, nameSheet, row): pages.WriteExcel.demoKey is PASSED

2024-11-12 17:36:08 - [MESSAGE][PASSED] - pages.WriteExcel.demoKey is PASSED

2024-11-12 17:36:08 - [TEST_STEP][PASSED] - ExecuteTC = findTestData(dataFile).getValue("Execute", row): null

2024-11-12 17:36:08 - [TEST_STEP][PASSED] - Taxtype = findTestData(dataFile).getValue("TaxType", row): null

2024-11-12 17:36:08 - [TEST_STEP][PASSED] - Paymenttype = findTestData(dataFile).getValue("PaymentType", row): null

2024-11-12 17:36:08 - [TEST_STEP][PASSED] - feinSsn = findTestData(dataFile).getValue("FEINSSN", row): null

2024-11-12 17:36:09 - [TEST_STEP][PASSED] - out.println("Value of Execute is : " + ExecuteTC): null

2024-11-12 17:36:09 - [TEST_STEP][PASSED] - if (ExecuteTC.equalsIgnoreCase("Y")): null

2024-11-12 17:36:09 - [TEST_STEP][PASSED] - out.println("Begin Record Number: " + row): null

2024-11-12 17:36:09 - [TEST_STEP][PASSED] - today = new java.util.Date(): null

2024-11-12 17:36:09 - [TEST_STEP][PASSED] - println(today): null

2024-11-12 17:36:09 - [TEST_STEP][PASSED] - datText = today: null

2024-11-12 17:36:09 - [TEST_STEP][PASSED] - Taxtype = findTestData(dataFile).getValue("TaxType", row): null

2024-11-12 17:36:09 - [TEST_STEP][PASSED] - out.println("Taxtype value is : " + Taxtype): null

2024-11-12 17:36:09 - [TEST_STEP][PASSED] - openBrowser(""): Browser is opened with url: ''

2024-11-12 17:36:09 - [MESSAGE][WARNING] - A browser is already opened. Closing browser and opening a new one

2024-11-12 17:36:10 - [MESSAGE][INFO] - Starting 'Chrome' driver

2024-11-12 17:36:10 - [MESSAGE][INFO] - User set preference: ['acceptInsecureCerts', 'true']

2024-11-12 17:36:10 - [MESSAGE][INFO] - Action delay is set to 0 milliseconds

2024-11-12 17:36:11 - [MESSAGE][PASSED] - Browser is opened with url: ''

2024-11-12 17:36:11 - [TEST_STEP][PASSED] - maximizeWindow(): Current window maximized

2024-11-12 17:36:11 - [MESSAGE][PASSED] - Current window maximized

2024-11-12 17:36:11 - [TEST_STEP][PASSED] - navigateToUrl(RADurl): Navigate to 'https://www.velocitypayment.com/client/rad/index.html' successfully

2024-11-12 17:36:13 - [MESSAGE][PASSED] - Navigate to 'https://www.velocitypayment.com/client/rad/index.html' successfully

2024-11-12 17:36:13 - [TEST_STEP][PASSED] - orPath_Landing = "Object Repository/RAD_Pages/Landing_Page": null

2024-11-12 17:36:13 - [TEST_STEP][PASSED] - orPath_TaxTypeFilingYear = "Object Repository/RAD_Pages/TaxTypeFilingYear_Page": null

2024-11-12 17:36:13 - [TEST_STEP][PASSED] - orPath_TaxPayer = "Object Repository/RAD_Pages/Taxpayer_Page": null

2024-11-12 17:36:13 - [TEST_STEP][PASSED] - orPath_AddressContact = "Object Repository/RAD_Pages/AddressAndContactInfo_Page": null

2024-11-12 17:36:13 - [TEST_STEP][PASSED] - orPath_FilingStatus = "Object Repository/RAD_Pages/FilingStatus_Page": null

2024-11-12 17:36:13 - [TEST_STEP][PASSED] - orPath_Amount = "Object Repository/RAD_Pages/PaymentAmount_Page": null

2024-11-12 17:36:13 - [TEST_STEP][PASSED] - orPath_TaxInfo = "Object Repository/RAD_Pages/TaxInfo_Page": null

2024-11-12 17:36:13 - [TEST_STEP][PASSED] - orPath_Withholding = "Object Repository/RAD_Pages/Withholding_Page": null

2024-11-12 17:36:13 - [TEST_STEP][PASSED] - orPath_Summary = "Object Repository/RAD_Pages/Summary_Page": null

2024-11-12 17:36:13 - [TEST_STEP][PASSED] - orPath_PaymentReady = "Object Repository/RAD_Pages/PaymentReady_Page": null

2024-11-12 17:36:13 - [TEST_STEP][PASSED] - orPath_PaymentEntry = "Object Repository/RAD_Pages/PaymentEntry_Page": null

2024-11-12 17:36:13 - [TEST_STEP][PASSED] - orPath_PaymentConfirmation = "Object Repository/RAD_Pages/PaymentConfirmation_Page": null

2024-11-12 17:36:13 - [TEST_STEP][PASSED] - orPath_ServiceFeesAccept = "Object Repository/RAD_Pages/ServiceFeeAccept_Page": null

2024-11-12 17:36:13 - [TEST_STEP][PASSED] - selectOptionByLabel(findTestObject(orPath_Landing + "/dd_TaxType"), Paymenttype, false): All options with label 'Quarterly Estimated Tax' are selected in object 'Object Repository/RAD_Pages/Landing_Page/dd_TaxType' 

2024-11-12 17:36:14 - [MESSAGE][PASSED] - All options with label 'Quarterly Estimated Tax' are selected in object 'Object Repository/RAD_Pages/Landing_Page/dd_TaxType' 

2024-11-12 17:36:14 - [TEST_STEP][PASSED] - delay(1): Delayed 1 second(s)

2024-11-12 17:36:15 - [MESSAGE][PASSED] - Delayed 1 second(s)

2024-11-12 17:36:15 - [TEST_STEP][PASSED] - switch (Paymenttype): null

2024-11-12 17:36:15 - [TEST_STEP][PASSED] - case "Quarterly Estimated Tax":: null

2024-11-12 17:36:15 - [TEST_STEP][PASSED] - selectOptionByLabel(findTestObject(orPath_TaxTypeFilingYear + "/select_PaymentType"), Taxtype, false): All options with label 'Corporate Income Tax' are selected in object 'Object Repository/RAD_Pages/TaxTypeFilingYear_Page/select_PaymentType' 

2024-11-12 17:36:16 - [MESSAGE][PASSED] - All options with label 'Corporate Income Tax' are selected in object 'Object Repository/RAD_Pages/TaxTypeFilingYear_Page/select_PaymentType' 

2024-11-12 17:36:16 - [TEST_STEP][PASSED] - break: null

2024-11-12 17:36:16 - [TEST_STEP][PASSED] - delay(1): Delayed 1 second(s)

2024-11-12 17:36:17 - [MESSAGE][PASSED] - Delayed 1 second(s)

2024-11-12 17:36:17 - [TEST_STEP][PASSED] - switch (Paymenttype): null

2024-11-12 17:36:17 - [TEST_STEP][PASSED] - case "Quarterly Estimated Tax":: null

2024-11-12 17:36:17 - [TEST_STEP][PASSED] - if (feinSsn.equalsIgnoreCase("Y")): null

2024-11-12 17:36:17 - [TEST_STEP][PASSED] - else: Text ****** has been set on object 'Object Repository/RAD_Pages/TaxInfo_Page/input_FederalEIN_ReEnter'

2024-11-12 17:36:17 - [TEST_STEP][PASSED] - setEncryptedText(findTestObject(orPath_TaxInfo + "/input_FederalEIN"), "iGDxf8hSRT4="): Text ****** has been set on object 'Object Repository/RAD_Pages/TaxInfo_Page/input_FederalEIN'

2024-11-12 17:36:17 - [MESSAGE][PASSED] - Text ****** has been set on object 'Object Repository/RAD_Pages/TaxInfo_Page/input_FederalEIN'

2024-11-12 17:36:17 - [TEST_STEP][PASSED] - setEncryptedText(findTestObject(orPath_TaxInfo + "/input_FederalEIN_ReEnter"), ""): Text ****** has been set on object 'Object Repository/RAD_Pages/TaxInfo_Page/input_FederalEIN_ReEnter'

2024-11-12 17:36:18 - [MESSAGE][PASSED] - Text ****** has been set on object 'Object Repository/RAD_Pages/TaxInfo_Page/input_FederalEIN_ReEnter'

2024-11-12 17:36:18 - [TEST_STEP][PASSED] - break: null

2024-11-12 17:36:18 - [TEST_STEP][PASSED] - if (feinSsn.equalsIgnoreCase("Y")): null

2024-11-12 17:36:18 - [TEST_STEP][PASSED] - else: null

2024-11-12 17:36:18 - [TEST_STEP][PASSED] - if (verifyTextPresent("Please enter a valid FEIN with 9 digits.", true)): null

2024-11-12 17:36:18 - [MESSAGE][PASSED] - Text 'Please enter a valid FEIN with 9 digits.' is present on page  using regular expression

2024-11-12 17:36:18 - [TEST_STEP][PASSED] - println("Error Message is present on the page"): null

2024-11-12 17:36:18 - [TEST_STEP][PASSED] - out.println("Pass Record Number: " + row): null

2024-11-12 17:36:18 - [TEST_STEP][PASSED] - resText = "Pass": null

2024-11-12 17:36:18 - [TEST_STEP][PASSED] - pages.WriteExcel.demoKey(resText, datText, resColumn, datCloumn, fileLoc, nameSheet, row): pages.WriteExcel.demoKey is PASSED

2024-11-12 17:36:18 - [MESSAGE][PASSED] - pages.WriteExcel.demoKey is PASSED

2024-11-12 17:36:18 - [TEST_STEP][PASSED] - ExecuteTC = findTestData(dataFile).getValue("Execute", row): null

2024-11-12 17:36:18 - [TEST_STEP][PASSED] - Taxtype = findTestData(dataFile).getValue("TaxType", row): null

2024-11-12 17:36:18 - [TEST_STEP][PASSED] - Paymenttype = findTestData(dataFile).getValue("PaymentType", row): null

2024-11-12 17:36:18 - [TEST_STEP][PASSED] - feinSsn = findTestData(dataFile).getValue("FEINSSN", row): null

2024-11-12 17:36:18 - [TEST_STEP][PASSED] - out.println("Value of Execute is : " + ExecuteTC): null

2024-11-12 17:36:18 - [TEST_STEP][PASSED] - if (ExecuteTC.equalsIgnoreCase("Y")): null

2024-11-12 17:36:18 - [TEST_STEP][PASSED] - out.println("Begin Record Number: " + row): null

2024-11-12 17:36:18 - [TEST_STEP][PASSED] - today = new java.util.Date(): null

2024-11-12 17:36:18 - [TEST_STEP][PASSED] - println(today): null

2024-11-12 17:36:18 - [TEST_STEP][PASSED] - datText = today: null

2024-11-12 17:36:18 - [TEST_STEP][PASSED] - Taxtype = findTestData(dataFile).getValue("TaxType", row): null

2024-11-12 17:36:18 - [TEST_STEP][PASSED] - out.println("Taxtype value is : " + Taxtype): null

2024-11-12 17:36:18 - [TEST_STEP][PASSED] - openBrowser(""): Browser is opened with url: ''

2024-11-12 17:36:18 - [MESSAGE][WARNING] - A browser is already opened. Closing browser and opening a new one

2024-11-12 17:36:20 - [MESSAGE][INFO] - Starting 'Chrome' driver

2024-11-12 17:36:20 - [MESSAGE][INFO] - User set preference: ['acceptInsecureCerts', 'true']

2024-11-12 17:36:20 - [MESSAGE][INFO] - Action delay is set to 0 milliseconds

2024-11-12 17:36:21 - [MESSAGE][PASSED] - Browser is opened with url: ''

2024-11-12 17:36:21 - [TEST_STEP][PASSED] - maximizeWindow(): Current window maximized

2024-11-12 17:36:21 - [MESSAGE][PASSED] - Current window maximized

2024-11-12 17:36:21 - [TEST_STEP][PASSED] - navigateToUrl(RADurl): Navigate to 'https://www.velocitypayment.com/client/rad/index.html' successfully

2024-11-12 17:36:23 - [MESSAGE][PASSED] - Navigate to 'https://www.velocitypayment.com/client/rad/index.html' successfully

2024-11-12 17:36:23 - [TEST_STEP][PASSED] - orPath_Landing = "Object Repository/RAD_Pages/Landing_Page": null

2024-11-12 17:36:23 - [TEST_STEP][PASSED] - orPath_TaxTypeFilingYear = "Object Repository/RAD_Pages/TaxTypeFilingYear_Page": null

2024-11-12 17:36:23 - [TEST_STEP][PASSED] - orPath_TaxPayer = "Object Repository/RAD_Pages/Taxpayer_Page": null

2024-11-12 17:36:23 - [TEST_STEP][PASSED] - orPath_AddressContact = "Object Repository/RAD_Pages/AddressAndContactInfo_Page": null

2024-11-12 17:36:23 - [TEST_STEP][PASSED] - orPath_FilingStatus = "Object Repository/RAD_Pages/FilingStatus_Page": null

2024-11-12 17:36:23 - [TEST_STEP][PASSED] - orPath_Amount = "Object Repository/RAD_Pages/PaymentAmount_Page": null

2024-11-12 17:36:23 - [TEST_STEP][PASSED] - orPath_TaxInfo = "Object Repository/RAD_Pages/TaxInfo_Page": null

2024-11-12 17:36:23 - [TEST_STEP][PASSED] - orPath_Withholding = "Object Repository/RAD_Pages/Withholding_Page": null

2024-11-12 17:36:23 - [TEST_STEP][PASSED] - orPath_Summary = "Object Repository/RAD_Pages/Summary_Page": null

2024-11-12 17:36:23 - [TEST_STEP][PASSED] - orPath_PaymentReady = "Object Repository/RAD_Pages/PaymentReady_Page": null

2024-11-12 17:36:23 - [TEST_STEP][PASSED] - orPath_PaymentEntry = "Object Repository/RAD_Pages/PaymentEntry_Page": null

2024-11-12 17:36:23 - [TEST_STEP][PASSED] - orPath_PaymentConfirmation = "Object Repository/RAD_Pages/PaymentConfirmation_Page": null

2024-11-12 17:36:23 - [TEST_STEP][PASSED] - orPath_ServiceFeesAccept = "Object Repository/RAD_Pages/ServiceFeeAccept_Page": null

2024-11-12 17:36:23 - [TEST_STEP][PASSED] - selectOptionByLabel(findTestObject(orPath_Landing + "/dd_TaxType"), Paymenttype, false): All options with label 'Quarterly Estimated Tax' are selected in object 'Object Repository/RAD_Pages/Landing_Page/dd_TaxType' 

2024-11-12 17:36:24 - [MESSAGE][PASSED] - All options with label 'Quarterly Estimated Tax' are selected in object 'Object Repository/RAD_Pages/Landing_Page/dd_TaxType' 

2024-11-12 17:36:24 - [TEST_STEP][PASSED] - delay(1): Delayed 1 second(s)

2024-11-12 17:36:25 - [MESSAGE][PASSED] - Delayed 1 second(s)

2024-11-12 17:36:25 - [TEST_STEP][PASSED] - switch (Paymenttype): null

2024-11-12 17:36:25 - [TEST_STEP][PASSED] - case "Quarterly Estimated Tax":: null

2024-11-12 17:36:25 - [TEST_STEP][PASSED] - selectOptionByLabel(findTestObject(orPath_TaxTypeFilingYear + "/select_PaymentType"), Taxtype, false): All options with label 'Fiduciary Tax' are selected in object 'Object Repository/RAD_Pages/TaxTypeFilingYear_Page/select_PaymentType' 

2024-11-12 17:36:26 - [MESSAGE][PASSED] - All options with label 'Fiduciary Tax' are selected in object 'Object Repository/RAD_Pages/TaxTypeFilingYear_Page/select_PaymentType' 

2024-11-12 17:36:26 - [TEST_STEP][PASSED] - break: null

2024-11-12 17:36:26 - [TEST_STEP][PASSED] - delay(1): Delayed 1 second(s)

2024-11-12 17:36:27 - [MESSAGE][PASSED] - Delayed 1 second(s)

2024-11-12 17:36:27 - [TEST_STEP][PASSED] - switch (Paymenttype): null

2024-11-12 17:36:27 - [TEST_STEP][PASSED] - case "Quarterly Estimated Tax":: null

2024-11-12 17:36:27 - [TEST_STEP][PASSED] - if (feinSsn.equalsIgnoreCase("Y")): null

2024-11-12 17:36:27 - [TEST_STEP][PASSED] - else: Text ****** has been set on object 'Object Repository/RAD_Pages/TaxInfo_Page/input_FederalEIN_ReEnter'

2024-11-12 17:36:27 - [TEST_STEP][PASSED] - setEncryptedText(findTestObject(orPath_TaxInfo + "/input_FederalEIN"), "iGDxf8hSRT4="): Text ****** has been set on object 'Object Repository/RAD_Pages/TaxInfo_Page/input_FederalEIN'

2024-11-12 17:36:27 - [MESSAGE][PASSED] - Text ****** has been set on object 'Object Repository/RAD_Pages/TaxInfo_Page/input_FederalEIN'

2024-11-12 17:36:27 - [TEST_STEP][PASSED] - setEncryptedText(findTestObject(orPath_TaxInfo + "/input_FederalEIN_ReEnter"), ""): Text ****** has been set on object 'Object Repository/RAD_Pages/TaxInfo_Page/input_FederalEIN_ReEnter'

2024-11-12 17:36:28 - [MESSAGE][PASSED] - Text ****** has been set on object 'Object Repository/RAD_Pages/TaxInfo_Page/input_FederalEIN_ReEnter'

2024-11-12 17:36:28 - [TEST_STEP][PASSED] - break: null

2024-11-12 17:36:28 - [TEST_STEP][PASSED] - if (feinSsn.equalsIgnoreCase("Y")): null

2024-11-12 17:36:28 - [TEST_STEP][PASSED] - else: null

2024-11-12 17:36:28 - [TEST_STEP][PASSED] - if (verifyTextPresent("Please enter a valid FEIN with 9 digits.", true)): null

2024-11-12 17:36:28 - [MESSAGE][PASSED] - Text 'Please enter a valid FEIN with 9 digits.' is present on page  using regular expression

2024-11-12 17:36:28 - [TEST_STEP][PASSED] - println("Error Message is present on the page"): null

2024-11-12 17:36:28 - [TEST_STEP][PASSED] - out.println("Pass Record Number: " + row): null

2024-11-12 17:36:28 - [TEST_STEP][PASSED] - resText = "Pass": null

2024-11-12 17:36:28 - [TEST_STEP][PASSED] - pages.WriteExcel.demoKey(resText, datText, resColumn, datCloumn, fileLoc, nameSheet, row): pages.WriteExcel.demoKey is PASSED

2024-11-12 17:36:28 - [MESSAGE][PASSED] - pages.WriteExcel.demoKey is PASSED

2024-11-12 17:36:28 - [TEST_STEP][PASSED] - ExecuteTC = findTestData(dataFile).getValue("Execute", row): null

2024-11-12 17:36:28 - [TEST_STEP][PASSED] - Taxtype = findTestData(dataFile).getValue("TaxType", row): null

2024-11-12 17:36:28 - [TEST_STEP][PASSED] - Paymenttype = findTestData(dataFile).getValue("PaymentType", row): null

2024-11-12 17:36:28 - [TEST_STEP][PASSED] - feinSsn = findTestData(dataFile).getValue("FEINSSN", row): null

2024-11-12 17:36:28 - [TEST_STEP][PASSED] - out.println("Value of Execute is : " + ExecuteTC): null

2024-11-12 17:36:28 - [TEST_STEP][PASSED] - if (ExecuteTC.equalsIgnoreCase("Y")): null

2024-11-12 17:36:28 - [TEST_STEP][PASSED] - out.println("Begin Record Number: " + row): null

2024-11-12 17:36:28 - [TEST_STEP][PASSED] - today = new java.util.Date(): null

2024-11-12 17:36:28 - [TEST_STEP][PASSED] - println(today): null

2024-11-12 17:36:28 - [TEST_STEP][PASSED] - datText = today: null

2024-11-12 17:36:28 - [TEST_STEP][PASSED] - Taxtype = findTestData(dataFile).getValue("TaxType", row): null

2024-11-12 17:36:28 - [TEST_STEP][PASSED] - out.println("Taxtype value is : " + Taxtype): null

2024-11-12 17:36:28 - [TEST_STEP][PASSED] - openBrowser(""): Browser is opened with url: ''

2024-11-12 17:36:28 - [MESSAGE][WARNING] - A browser is already opened. Closing browser and opening a new one

2024-11-12 17:36:30 - [MESSAGE][INFO] - Starting 'Chrome' driver

2024-11-12 17:36:30 - [MESSAGE][INFO] - User set preference: ['acceptInsecureCerts', 'true']

2024-11-12 17:36:30 - [MESSAGE][INFO] - Action delay is set to 0 milliseconds

2024-11-12 17:36:31 - [MESSAGE][PASSED] - Browser is opened with url: ''

2024-11-12 17:36:31 - [TEST_STEP][PASSED] - maximizeWindow(): Current window maximized

2024-11-12 17:36:31 - [MESSAGE][PASSED] - Current window maximized

2024-11-12 17:36:31 - [TEST_STEP][PASSED] - navigateToUrl(RADurl): Navigate to 'https://www.velocitypayment.com/client/rad/index.html' successfully

2024-11-12 17:36:33 - [MESSAGE][PASSED] - Navigate to 'https://www.velocitypayment.com/client/rad/index.html' successfully

2024-11-12 17:36:33 - [TEST_STEP][PASSED] - orPath_Landing = "Object Repository/RAD_Pages/Landing_Page": null

2024-11-12 17:36:33 - [TEST_STEP][PASSED] - orPath_TaxTypeFilingYear = "Object Repository/RAD_Pages/TaxTypeFilingYear_Page": null

2024-11-12 17:36:33 - [TEST_STEP][PASSED] - orPath_TaxPayer = "Object Repository/RAD_Pages/Taxpayer_Page": null

2024-11-12 17:36:33 - [TEST_STEP][PASSED] - orPath_AddressContact = "Object Repository/RAD_Pages/AddressAndContactInfo_Page": null

2024-11-12 17:36:33 - [TEST_STEP][PASSED] - orPath_FilingStatus = "Object Repository/RAD_Pages/FilingStatus_Page": null

2024-11-12 17:36:33 - [TEST_STEP][PASSED] - orPath_Amount = "Object Repository/RAD_Pages/PaymentAmount_Page": null

2024-11-12 17:36:33 - [TEST_STEP][PASSED] - orPath_TaxInfo = "Object Repository/RAD_Pages/TaxInfo_Page": null

2024-11-12 17:36:33 - [TEST_STEP][PASSED] - orPath_Withholding = "Object Repository/RAD_Pages/Withholding_Page": null

2024-11-12 17:36:33 - [TEST_STEP][PASSED] - orPath_Summary = "Object Repository/RAD_Pages/Summary_Page": null

2024-11-12 17:36:33 - [TEST_STEP][PASSED] - orPath_PaymentReady = "Object Repository/RAD_Pages/PaymentReady_Page": null

2024-11-12 17:36:33 - [TEST_STEP][PASSED] - orPath_PaymentEntry = "Object Repository/RAD_Pages/PaymentEntry_Page": null

2024-11-12 17:36:33 - [TEST_STEP][PASSED] - orPath_PaymentConfirmation = "Object Repository/RAD_Pages/PaymentConfirmation_Page": null

2024-11-12 17:36:33 - [TEST_STEP][PASSED] - orPath_ServiceFeesAccept = "Object Repository/RAD_Pages/ServiceFeeAccept_Page": null

2024-11-12 17:36:33 - [TEST_STEP][PASSED] - selectOptionByLabel(findTestObject(orPath_Landing + "/dd_TaxType"), Paymenttype, false): All options with label 'Quarterly Estimated Tax' are selected in object 'Object Repository/RAD_Pages/Landing_Page/dd_TaxType' 

2024-11-12 17:36:34 - [MESSAGE][PASSED] - All options with label 'Quarterly Estimated Tax' are selected in object 'Object Repository/RAD_Pages/Landing_Page/dd_TaxType' 

2024-11-12 17:36:34 - [TEST_STEP][PASSED] - delay(1): Delayed 1 second(s)

2024-11-12 17:36:35 - [MESSAGE][PASSED] - Delayed 1 second(s)

2024-11-12 17:36:35 - [TEST_STEP][PASSED] - switch (Paymenttype): null

2024-11-12 17:36:35 - [TEST_STEP][PASSED] - case "Quarterly Estimated Tax":: null

2024-11-12 17:36:35 - [TEST_STEP][PASSED] - selectOptionByLabel(findTestObject(orPath_TaxTypeFilingYear + "/select_PaymentType"), Taxtype, false): All options with label 'PTE Non-Electing Non-S Corp' are selected in object 'Object Repository/RAD_Pages/TaxTypeFilingYear_Page/select_PaymentType' 

2024-11-12 17:36:36 - [MESSAGE][PASSED] - All options with label 'PTE Non-Electing Non-S Corp' are selected in object 'Object Repository/RAD_Pages/TaxTypeFilingYear_Page/select_PaymentType' 

2024-11-12 17:36:36 - [TEST_STEP][PASSED] - break: null

2024-11-12 17:36:36 - [TEST_STEP][PASSED] - delay(1): Delayed 1 second(s)

2024-11-12 17:36:37 - [MESSAGE][PASSED] - Delayed 1 second(s)

2024-11-12 17:36:37 - [TEST_STEP][PASSED] - switch (Paymenttype): null

2024-11-12 17:36:37 - [TEST_STEP][PASSED] - case "Quarterly Estimated Tax":: null

2024-11-12 17:36:37 - [TEST_STEP][PASSED] - if (feinSsn.equalsIgnoreCase("Y")): Text ****** has been set on object 'Object Repository/RAD_Pages/TaxInfo_Page/input_TaxInfo_RetypeFeinSsn_New_2'

2024-11-12 17:36:37 - [TEST_STEP][PASSED] - setEncryptedText(findTestObject(orPath_TaxInfo + "/input_TaxInfo_FeinSsn_New_2"), "iGDxf8hSRT4="): Text ****** has been set on object 'Object Repository/RAD_Pages/TaxInfo_Page/input_TaxInfo_FeinSsn_New_2'

2024-11-12 17:36:38 - [MESSAGE][PASSED] - Text ****** has been set on object 'Object Repository/RAD_Pages/TaxInfo_Page/input_TaxInfo_FeinSsn_New_2'

2024-11-12 17:36:38 - [TEST_STEP][PASSED] - setEncryptedText(findTestObject(orPath_TaxInfo + "/input_TaxInfo_RetypeFeinSsn_New_2"), ""): Text ****** has been set on object 'Object Repository/RAD_Pages/TaxInfo_Page/input_TaxInfo_RetypeFeinSsn_New_2'

2024-11-12 17:36:39 - [MESSAGE][PASSED] - Text ****** has been set on object 'Object Repository/RAD_Pages/TaxInfo_Page/input_TaxInfo_RetypeFeinSsn_New_2'

2024-11-12 17:36:39 - [TEST_STEP][PASSED] - break: null

2024-11-12 17:36:39 - [TEST_STEP][PASSED] - if (feinSsn.equalsIgnoreCase("Y")): null

2024-11-12 17:36:39 - [TEST_STEP][PASSED] - if (verifyTextPresent("Please enter a valid FEIN/SSN with 9 digits", true)): null

2024-11-12 17:36:39 - [MESSAGE][PASSED] - Text 'Please enter a valid FEIN/SSN with 9 digits' is present on page  using regular expression

2024-11-12 17:36:39 - [TEST_STEP][PASSED] - println("Error Message is present on the page"): null

2024-11-12 17:36:39 - [TEST_STEP][PASSED] - out.println("Pass Record Number: " + row): null

2024-11-12 17:36:39 - [TEST_STEP][PASSED] - resText = "Pass": null

2024-11-12 17:36:39 - [TEST_STEP][PASSED] - pages.WriteExcel.demoKey(resText, datText, resColumn, datCloumn, fileLoc, nameSheet, row): pages.WriteExcel.demoKey is PASSED

2024-11-12 17:36:39 - [MESSAGE][PASSED] - pages.WriteExcel.demoKey is PASSED

2024-11-12 17:36:39 - [TEST_STEP][PASSED] - ExecuteTC = findTestData(dataFile).getValue("Execute", row): null

2024-11-12 17:36:39 - [TEST_STEP][PASSED] - Taxtype = findTestData(dataFile).getValue("TaxType", row): null

2024-11-12 17:36:39 - [TEST_STEP][PASSED] - Paymenttype = findTestData(dataFile).getValue("PaymentType", row): null

2024-11-12 17:36:39 - [TEST_STEP][PASSED] - feinSsn = findTestData(dataFile).getValue("FEINSSN", row): null

2024-11-12 17:36:40 - [TEST_STEP][PASSED] - out.println("Value of Execute is : " + ExecuteTC): null

2024-11-12 17:36:40 - [TEST_STEP][PASSED] - if (ExecuteTC.equalsIgnoreCase("Y")): null

2024-11-12 17:36:40 - [TEST_STEP][PASSED] - out.println("Begin Record Number: " + row): null

2024-11-12 17:36:40 - [TEST_STEP][PASSED] - today = new java.util.Date(): null

2024-11-12 17:36:40 - [TEST_STEP][PASSED] - println(today): null

2024-11-12 17:36:40 - [TEST_STEP][PASSED] - datText = today: null

2024-11-12 17:36:40 - [TEST_STEP][PASSED] - Taxtype = findTestData(dataFile).getValue("TaxType", row): null

2024-11-12 17:36:40 - [TEST_STEP][PASSED] - out.println("Taxtype value is : " + Taxtype): null

2024-11-12 17:36:40 - [TEST_STEP][PASSED] - openBrowser(""): Browser is opened with url: ''

2024-11-12 17:36:40 - [MESSAGE][WARNING] - A browser is already opened. Closing browser and opening a new one

2024-11-12 17:36:41 - [MESSAGE][INFO] - Starting 'Chrome' driver

2024-11-12 17:36:41 - [MESSAGE][INFO] - User set preference: ['acceptInsecureCerts', 'true']

2024-11-12 17:36:41 - [MESSAGE][INFO] - Action delay is set to 0 milliseconds

2024-11-12 17:36:43 - [MESSAGE][PASSED] - Browser is opened with url: ''

2024-11-12 17:36:43 - [TEST_STEP][PASSED] - maximizeWindow(): Current window maximized

2024-11-12 17:36:43 - [MESSAGE][PASSED] - Current window maximized

2024-11-12 17:36:43 - [TEST_STEP][PASSED] - navigateToUrl(RADurl): Navigate to 'https://www.velocitypayment.com/client/rad/index.html' successfully

2024-11-12 17:36:44 - [MESSAGE][PASSED] - Navigate to 'https://www.velocitypayment.com/client/rad/index.html' successfully

2024-11-12 17:36:44 - [TEST_STEP][PASSED] - orPath_Landing = "Object Repository/RAD_Pages/Landing_Page": null

2024-11-12 17:36:44 - [TEST_STEP][PASSED] - orPath_TaxTypeFilingYear = "Object Repository/RAD_Pages/TaxTypeFilingYear_Page": null

2024-11-12 17:36:44 - [TEST_STEP][PASSED] - orPath_TaxPayer = "Object Repository/RAD_Pages/Taxpayer_Page": null

2024-11-12 17:36:44 - [TEST_STEP][PASSED] - orPath_AddressContact = "Object Repository/RAD_Pages/AddressAndContactInfo_Page": null

2024-11-12 17:36:44 - [TEST_STEP][PASSED] - orPath_FilingStatus = "Object Repository/RAD_Pages/FilingStatus_Page": null

2024-11-12 17:36:44 - [TEST_STEP][PASSED] - orPath_Amount = "Object Repository/RAD_Pages/PaymentAmount_Page": null

2024-11-12 17:36:44 - [TEST_STEP][PASSED] - orPath_TaxInfo = "Object Repository/RAD_Pages/TaxInfo_Page": null

2024-11-12 17:36:44 - [TEST_STEP][PASSED] - orPath_Withholding = "Object Repository/RAD_Pages/Withholding_Page": null

2024-11-12 17:36:44 - [TEST_STEP][PASSED] - orPath_Summary = "Object Repository/RAD_Pages/Summary_Page": null

2024-11-12 17:36:44 - [TEST_STEP][PASSED] - orPath_PaymentReady = "Object Repository/RAD_Pages/PaymentReady_Page": null

2024-11-12 17:36:44 - [TEST_STEP][PASSED] - orPath_PaymentEntry = "Object Repository/RAD_Pages/PaymentEntry_Page": null

2024-11-12 17:36:44 - [TEST_STEP][PASSED] - orPath_PaymentConfirmation = "Object Repository/RAD_Pages/PaymentConfirmation_Page": null

2024-11-12 17:36:44 - [TEST_STEP][PASSED] - orPath_ServiceFeesAccept = "Object Repository/RAD_Pages/ServiceFeeAccept_Page": null

2024-11-12 17:36:44 - [TEST_STEP][PASSED] - selectOptionByLabel(findTestObject(orPath_Landing + "/dd_TaxType"), Paymenttype, false): All options with label 'Quarterly Estimated Tax' are selected in object 'Object Repository/RAD_Pages/Landing_Page/dd_TaxType' 

2024-11-12 17:36:45 - [MESSAGE][PASSED] - All options with label 'Quarterly Estimated Tax' are selected in object 'Object Repository/RAD_Pages/Landing_Page/dd_TaxType' 

2024-11-12 17:36:45 - [TEST_STEP][PASSED] - delay(1): Delayed 1 second(s)

2024-11-12 17:36:46 - [MESSAGE][PASSED] - Delayed 1 second(s)

2024-11-12 17:36:46 - [TEST_STEP][PASSED] - switch (Paymenttype): null

2024-11-12 17:36:46 - [TEST_STEP][PASSED] - case "Quarterly Estimated Tax":: null

2024-11-12 17:36:46 - [TEST_STEP][PASSED] - selectOptionByLabel(findTestObject(orPath_TaxTypeFilingYear + "/select_PaymentType"), Taxtype, false): All options with label 'PTE Non-Electing S Corp' are selected in object 'Object Repository/RAD_Pages/TaxTypeFilingYear_Page/select_PaymentType' 

2024-11-12 17:36:47 - [MESSAGE][PASSED] - All options with label 'PTE Non-Electing S Corp' are selected in object 'Object Repository/RAD_Pages/TaxTypeFilingYear_Page/select_PaymentType' 

2024-11-12 17:36:47 - [TEST_STEP][PASSED] - break: null

2024-11-12 17:36:47 - [TEST_STEP][PASSED] - delay(1): Delayed 1 second(s)

2024-11-12 17:36:48 - [MESSAGE][PASSED] - Delayed 1 second(s)

2024-11-12 17:36:48 - [TEST_STEP][PASSED] - switch (Paymenttype): null

2024-11-12 17:36:48 - [TEST_STEP][PASSED] - case "Quarterly Estimated Tax":: null

2024-11-12 17:36:48 - [TEST_STEP][PASSED] - if (feinSsn.equalsIgnoreCase("Y")): Text ****** has been set on object 'Object Repository/RAD_Pages/TaxInfo_Page/input_TaxInfo_RetypeFeinSsn_New_2'

2024-11-12 17:36:48 - [TEST_STEP][PASSED] - setEncryptedText(findTestObject(orPath_TaxInfo + "/input_TaxInfo_FeinSsn_New_2"), "iGDxf8hSRT4="): Text ****** has been set on object 'Object Repository/RAD_Pages/TaxInfo_Page/input_TaxInfo_FeinSsn_New_2'

2024-11-12 17:36:48 - [MESSAGE][PASSED] - Text ****** has been set on object 'Object Repository/RAD_Pages/TaxInfo_Page/input_TaxInfo_FeinSsn_New_2'

2024-11-12 17:36:48 - [TEST_STEP][PASSED] - setEncryptedText(findTestObject(orPath_TaxInfo + "/input_TaxInfo_RetypeFeinSsn_New_2"), ""): Text ****** has been set on object 'Object Repository/RAD_Pages/TaxInfo_Page/input_TaxInfo_RetypeFeinSsn_New_2'

2024-11-12 17:36:49 - [MESSAGE][PASSED] - Text ****** has been set on object 'Object Repository/RAD_Pages/TaxInfo_Page/input_TaxInfo_RetypeFeinSsn_New_2'

2024-11-12 17:36:49 - [TEST_STEP][PASSED] - break: null

2024-11-12 17:36:49 - [TEST_STEP][PASSED] - if (feinSsn.equalsIgnoreCase("Y")): null

2024-11-12 17:36:49 - [TEST_STEP][PASSED] - if (verifyTextPresent("Please enter a valid FEIN/SSN with 9 digits", true)): null

2024-11-12 17:36:49 - [MESSAGE][PASSED] - Text 'Please enter a valid FEIN/SSN with 9 digits' is present on page  using regular expression

2024-11-12 17:36:49 - [TEST_STEP][PASSED] - println("Error Message is present on the page"): null

2024-11-12 17:36:49 - [TEST_STEP][PASSED] - out.println("Pass Record Number: " + row): null

2024-11-12 17:36:49 - [TEST_STEP][PASSED] - resText = "Pass": null

2024-11-12 17:36:49 - [TEST_STEP][PASSED] - pages.WriteExcel.demoKey(resText, datText, resColumn, datCloumn, fileLoc, nameSheet, row): pages.WriteExcel.demoKey is PASSED

2024-11-12 17:36:49 - [MESSAGE][PASSED] - pages.WriteExcel.demoKey is PASSED

2024-11-12 17:36:49 - [TEST_STEP][PASSED] - ExecuteTC = findTestData(dataFile).getValue("Execute", row): null

2024-11-12 17:36:49 - [TEST_STEP][PASSED] - Taxtype = findTestData(dataFile).getValue("TaxType", row): null

2024-11-12 17:36:49 - [TEST_STEP][PASSED] - Paymenttype = findTestData(dataFile).getValue("PaymentType", row): null

2024-11-12 17:36:49 - [TEST_STEP][PASSED] - feinSsn = findTestData(dataFile).getValue("FEINSSN", row): null

2024-11-12 17:36:49 - [TEST_STEP][PASSED] - out.println("Value of Execute is : " + ExecuteTC): null

2024-11-12 17:36:49 - [TEST_STEP][PASSED] - if (ExecuteTC.equalsIgnoreCase("Y")): null

2024-11-12 17:36:49 - [TEST_STEP][PASSED] - out.println("Begin Record Number: " + row): null

2024-11-12 17:36:49 - [TEST_STEP][PASSED] - today = new java.util.Date(): null

2024-11-12 17:36:49 - [TEST_STEP][PASSED] - println(today): null

2024-11-12 17:36:49 - [TEST_STEP][PASSED] - datText = today: null

2024-11-12 17:36:49 - [TEST_STEP][PASSED] - Taxtype = findTestData(dataFile).getValue("TaxType", row): null

2024-11-12 17:36:50 - [TEST_STEP][PASSED] - out.println("Taxtype value is : " + Taxtype): null

2024-11-12 17:36:50 - [TEST_STEP][PASSED] - openBrowser(""): Browser is opened with url: ''

2024-11-12 17:36:50 - [MESSAGE][WARNING] - A browser is already opened. Closing browser and opening a new one

2024-11-12 17:36:51 - [MESSAGE][INFO] - Starting 'Chrome' driver

2024-11-12 17:36:51 - [MESSAGE][INFO] - User set preference: ['acceptInsecureCerts', 'true']

2024-11-12 17:36:51 - [MESSAGE][INFO] - Action delay is set to 0 milliseconds

2024-11-12 17:36:52 - [MESSAGE][PASSED] - Browser is opened with url: ''

2024-11-12 17:36:52 - [TEST_STEP][PASSED] - maximizeWindow(): Current window maximized

2024-11-12 17:36:52 - [MESSAGE][PASSED] - Current window maximized

2024-11-12 17:36:52 - [TEST_STEP][PASSED] - navigateToUrl(RADurl): Navigate to 'https://www.velocitypayment.com/client/rad/index.html' successfully

2024-11-12 17:36:53 - [MESSAGE][PASSED] - Navigate to 'https://www.velocitypayment.com/client/rad/index.html' successfully

2024-11-12 17:36:53 - [TEST_STEP][PASSED] - orPath_Landing = "Object Repository/RAD_Pages/Landing_Page": null

2024-11-12 17:36:53 - [TEST_STEP][PASSED] - orPath_TaxTypeFilingYear = "Object Repository/RAD_Pages/TaxTypeFilingYear_Page": null

2024-11-12 17:36:53 - [TEST_STEP][PASSED] - orPath_TaxPayer = "Object Repository/RAD_Pages/Taxpayer_Page": null

2024-11-12 17:36:53 - [TEST_STEP][PASSED] - orPath_AddressContact = "Object Repository/RAD_Pages/AddressAndContactInfo_Page": null

2024-11-12 17:36:53 - [TEST_STEP][PASSED] - orPath_FilingStatus = "Object Repository/RAD_Pages/FilingStatus_Page": null

2024-11-12 17:36:53 - [TEST_STEP][PASSED] - orPath_Amount = "Object Repository/RAD_Pages/PaymentAmount_Page": null

2024-11-12 17:36:53 - [TEST_STEP][PASSED] - orPath_TaxInfo = "Object Repository/RAD_Pages/TaxInfo_Page": null

2024-11-12 17:36:53 - [TEST_STEP][PASSED] - orPath_Withholding = "Object Repository/RAD_Pages/Withholding_Page": null

2024-11-12 17:36:53 - [TEST_STEP][PASSED] - orPath_Summary = "Object Repository/RAD_Pages/Summary_Page": null

2024-11-12 17:36:53 - [TEST_STEP][PASSED] - orPath_PaymentReady = "Object Repository/RAD_Pages/PaymentReady_Page": null

2024-11-12 17:36:53 - [TEST_STEP][PASSED] - orPath_PaymentEntry = "Object Repository/RAD_Pages/PaymentEntry_Page": null

2024-11-12 17:36:53 - [TEST_STEP][PASSED] - orPath_PaymentConfirmation = "Object Repository/RAD_Pages/PaymentConfirmation_Page": null

2024-11-12 17:36:53 - [TEST_STEP][PASSED] - orPath_ServiceFeesAccept = "Object Repository/RAD_Pages/ServiceFeeAccept_Page": null

2024-11-12 17:36:53 - [TEST_STEP][PASSED] - selectOptionByLabel(findTestObject(orPath_Landing + "/dd_TaxType"), Paymenttype, false): All options with label 'Quarterly Estimated Tax' are selected in object 'Object Repository/RAD_Pages/Landing_Page/dd_TaxType' 

2024-11-12 17:36:55 - [MESSAGE][PASSED] - All options with label 'Quarterly Estimated Tax' are selected in object 'Object Repository/RAD_Pages/Landing_Page/dd_TaxType' 

2024-11-12 17:36:55 - [TEST_STEP][PASSED] - delay(1): Delayed 1 second(s)

2024-11-12 17:36:56 - [MESSAGE][PASSED] - Delayed 1 second(s)

2024-11-12 17:36:56 - [TEST_STEP][PASSED] - switch (Paymenttype): null

2024-11-12 17:36:56 - [TEST_STEP][PASSED] - case "Quarterly Estimated Tax":: null

2024-11-12 17:36:56 - [TEST_STEP][PASSED] - selectOptionByLabel(findTestObject(orPath_TaxTypeFilingYear + "/select_PaymentType"), Taxtype, false): All options with label 'PTE Tax Electing Non-S Corp' are selected in object 'Object Repository/RAD_Pages/TaxTypeFilingYear_Page/select_PaymentType' 

2024-11-12 17:36:56 - [MESSAGE][PASSED] - All options with label 'PTE Tax Electing Non-S Corp' are selected in object 'Object Repository/RAD_Pages/TaxTypeFilingYear_Page/select_PaymentType' 

2024-11-12 17:36:56 - [TEST_STEP][PASSED] - break: null

2024-11-12 17:36:56 - [TEST_STEP][PASSED] - delay(1): Delayed 1 second(s)

2024-11-12 17:36:57 - [MESSAGE][PASSED] - Delayed 1 second(s)

2024-11-12 17:36:57 - [TEST_STEP][PASSED] - switch (Paymenttype): null

2024-11-12 17:36:57 - [TEST_STEP][PASSED] - case "Quarterly Estimated Tax":: null

2024-11-12 17:36:57 - [TEST_STEP][PASSED] - if (feinSsn.equalsIgnoreCase("Y")): Text ****** has been set on object 'Object Repository/RAD_Pages/TaxInfo_Page/input_TaxInfo_RetypeFeinSsn_New_2'

2024-11-12 17:36:57 - [TEST_STEP][PASSED] - setEncryptedText(findTestObject(orPath_TaxInfo + "/input_TaxInfo_FeinSsn_New_2"), "iGDxf8hSRT4="): Text ****** has been set on object 'Object Repository/RAD_Pages/TaxInfo_Page/input_TaxInfo_FeinSsn_New_2'

2024-11-12 17:36:58 - [MESSAGE][PASSED] - Text ****** has been set on object 'Object Repository/RAD_Pages/TaxInfo_Page/input_TaxInfo_FeinSsn_New_2'

2024-11-12 17:36:58 - [TEST_STEP][PASSED] - setEncryptedText(findTestObject(orPath_TaxInfo + "/input_TaxInfo_RetypeFeinSsn_New_2"), ""): Text ****** has been set on object 'Object Repository/RAD_Pages/TaxInfo_Page/input_TaxInfo_RetypeFeinSsn_New_2'

2024-11-12 17:36:59 - [MESSAGE][PASSED] - Text ****** has been set on object 'Object Repository/RAD_Pages/TaxInfo_Page/input_TaxInfo_RetypeFeinSsn_New_2'

2024-11-12 17:36:59 - [TEST_STEP][PASSED] - break: null

2024-11-12 17:36:59 - [TEST_STEP][PASSED] - if (feinSsn.equalsIgnoreCase("Y")): null

2024-11-12 17:36:59 - [TEST_STEP][PASSED] - if (verifyTextPresent("Please enter a valid FEIN/SSN with 9 digits", true)): null

2024-11-12 17:36:59 - [MESSAGE][PASSED] - Text 'Please enter a valid FEIN/SSN with 9 digits' is present on page  using regular expression

2024-11-12 17:36:59 - [TEST_STEP][PASSED] - println("Error Message is present on the page"): null

2024-11-12 17:36:59 - [TEST_STEP][PASSED] - out.println("Pass Record Number: " + row): null

2024-11-12 17:36:59 - [TEST_STEP][PASSED] - resText = "Pass": null

2024-11-12 17:36:59 - [TEST_STEP][PASSED] - pages.WriteExcel.demoKey(resText, datText, resColumn, datCloumn, fileLoc, nameSheet, row): pages.WriteExcel.demoKey is PASSED

2024-11-12 17:36:59 - [MESSAGE][PASSED] - pages.WriteExcel.demoKey is PASSED

2024-11-12 17:36:59 - [TEST_STEP][PASSED] - ExecuteTC = findTestData(dataFile).getValue("Execute", row): null

2024-11-12 17:36:59 - [TEST_STEP][PASSED] - Taxtype = findTestData(dataFile).getValue("TaxType", row): null

2024-11-12 17:36:59 - [TEST_STEP][PASSED] - Paymenttype = findTestData(dataFile).getValue("PaymentType", row): null

2024-11-12 17:36:59 - [TEST_STEP][PASSED] - feinSsn = findTestData(dataFile).getValue("FEINSSN", row): null

2024-11-12 17:36:59 - [TEST_STEP][PASSED] - out.println("Value of Execute is : " + ExecuteTC): null

2024-11-12 17:36:59 - [TEST_STEP][PASSED] - if (ExecuteTC.equalsIgnoreCase("Y")): null

2024-11-12 17:36:59 - [TEST_STEP][PASSED] - out.println("Begin Record Number: " + row): null

2024-11-12 17:36:59 - [TEST_STEP][PASSED] - today = new java.util.Date(): null

2024-11-12 17:36:59 - [TEST_STEP][PASSED] - println(today): null

2024-11-12 17:36:59 - [TEST_STEP][PASSED] - datText = today: null

2024-11-12 17:36:59 - [TEST_STEP][PASSED] - Taxtype = findTestData(dataFile).getValue("TaxType", row): null

2024-11-12 17:36:59 - [TEST_STEP][PASSED] - out.println("Taxtype value is : " + Taxtype): null

2024-11-12 17:36:59 - [TEST_STEP][PASSED] - openBrowser(""): Browser is opened with url: ''

2024-11-12 17:36:59 - [MESSAGE][WARNING] - A browser is already opened. Closing browser and opening a new one

2024-11-12 17:37:00 - [MESSAGE][INFO] - Starting 'Chrome' driver

2024-11-12 17:37:00 - [MESSAGE][INFO] - User set preference: ['acceptInsecureCerts', 'true']

2024-11-12 17:37:00 - [MESSAGE][INFO] - Action delay is set to 0 milliseconds

2024-11-12 17:37:02 - [MESSAGE][PASSED] - Browser is opened with url: ''

2024-11-12 17:37:02 - [TEST_STEP][PASSED] - maximizeWindow(): Current window maximized

2024-11-12 17:37:02 - [MESSAGE][PASSED] - Current window maximized

2024-11-12 17:37:02 - [TEST_STEP][PASSED] - navigateToUrl(RADurl): Navigate to 'https://www.velocitypayment.com/client/rad/index.html' successfully

2024-11-12 17:37:04 - [MESSAGE][PASSED] - Navigate to 'https://www.velocitypayment.com/client/rad/index.html' successfully

2024-11-12 17:37:04 - [TEST_STEP][PASSED] - orPath_Landing = "Object Repository/RAD_Pages/Landing_Page": null

2024-11-12 17:37:04 - [TEST_STEP][PASSED] - orPath_TaxTypeFilingYear = "Object Repository/RAD_Pages/TaxTypeFilingYear_Page": null

2024-11-12 17:37:04 - [TEST_STEP][PASSED] - orPath_TaxPayer = "Object Repository/RAD_Pages/Taxpayer_Page": null

2024-11-12 17:37:04 - [TEST_STEP][PASSED] - orPath_AddressContact = "Object Repository/RAD_Pages/AddressAndContactInfo_Page": null

2024-11-12 17:37:04 - [TEST_STEP][PASSED] - orPath_FilingStatus = "Object Repository/RAD_Pages/FilingStatus_Page": null

2024-11-12 17:37:04 - [TEST_STEP][PASSED] - orPath_Amount = "Object Repository/RAD_Pages/PaymentAmount_Page": null

2024-11-12 17:37:04 - [TEST_STEP][PASSED] - orPath_TaxInfo = "Object Repository/RAD_Pages/TaxInfo_Page": null

2024-11-12 17:37:04 - [TEST_STEP][PASSED] - orPath_Withholding = "Object Repository/RAD_Pages/Withholding_Page": null

2024-11-12 17:37:04 - [TEST_STEP][PASSED] - orPath_Summary = "Object Repository/RAD_Pages/Summary_Page": null

2024-11-12 17:37:04 - [TEST_STEP][PASSED] - orPath_PaymentReady = "Object Repository/RAD_Pages/PaymentReady_Page": null

2024-11-12 17:37:04 - [TEST_STEP][PASSED] - orPath_PaymentEntry = "Object Repository/RAD_Pages/PaymentEntry_Page": null

2024-11-12 17:37:04 - [TEST_STEP][PASSED] - orPath_PaymentConfirmation = "Object Repository/RAD_Pages/PaymentConfirmation_Page": null

2024-11-12 17:37:04 - [TEST_STEP][PASSED] - orPath_ServiceFeesAccept = "Object Repository/RAD_Pages/ServiceFeeAccept_Page": null

2024-11-12 17:37:04 - [TEST_STEP][PASSED] - selectOptionByLabel(findTestObject(orPath_Landing + "/dd_TaxType"), Paymenttype, false): All options with label 'Quarterly Estimated Tax' are selected in object 'Object Repository/RAD_Pages/Landing_Page/dd_TaxType' 

2024-11-12 17:37:05 - [MESSAGE][PASSED] - All options with label 'Quarterly Estimated Tax' are selected in object 'Object Repository/RAD_Pages/Landing_Page/dd_TaxType' 

2024-11-12 17:37:05 - [TEST_STEP][PASSED] - delay(1): Delayed 1 second(s)

2024-11-12 17:37:06 - [MESSAGE][PASSED] - Delayed 1 second(s)

2024-11-12 17:37:06 - [TEST_STEP][PASSED] - switch (Paymenttype): null

2024-11-12 17:37:06 - [TEST_STEP][PASSED] - case "Quarterly Estimated Tax":: null

2024-11-12 17:37:06 - [TEST_STEP][PASSED] - selectOptionByLabel(findTestObject(orPath_TaxTypeFilingYear + "/select_PaymentType"), Taxtype, false): All options with label 'PTE Tax Electing S Corp' are selected in object 'Object Repository/RAD_Pages/TaxTypeFilingYear_Page/select_PaymentType' 

2024-11-12 17:37:07 - [MESSAGE][PASSED] - All options with label 'PTE Tax Electing S Corp' are selected in object 'Object Repository/RAD_Pages/TaxTypeFilingYear_Page/select_PaymentType' 

2024-11-12 17:37:07 - [TEST_STEP][PASSED] - break: null

2024-11-12 17:37:07 - [TEST_STEP][PASSED] - delay(1): Delayed 1 second(s)

2024-11-12 17:37:08 - [MESSAGE][PASSED] - Delayed 1 second(s)

2024-11-12 17:37:08 - [TEST_STEP][PASSED] - switch (Paymenttype): null

2024-11-12 17:37:08 - [TEST_STEP][PASSED] - case "Quarterly Estimated Tax":: null

2024-11-12 17:37:08 - [TEST_STEP][PASSED] - if (feinSsn.equalsIgnoreCase("Y")): Text ****** has been set on object 'Object Repository/RAD_Pages/TaxInfo_Page/input_TaxInfo_RetypeFeinSsn_New_2'

2024-11-12 17:37:08 - [TEST_STEP][PASSED] - setEncryptedText(findTestObject(orPath_TaxInfo + "/input_TaxInfo_FeinSsn_New_2"), "iGDxf8hSRT4="): Text ****** has been set on object 'Object Repository/RAD_Pages/TaxInfo_Page/input_TaxInfo_FeinSsn_New_2'

2024-11-12 17:37:08 - [MESSAGE][PASSED] - Text ****** has been set on object 'Object Repository/RAD_Pages/TaxInfo_Page/input_TaxInfo_FeinSsn_New_2'

2024-11-12 17:37:08 - [TEST_STEP][PASSED] - setEncryptedText(findTestObject(orPath_TaxInfo + "/input_TaxInfo_RetypeFeinSsn_New_2"), ""): Text ****** has been set on object 'Object Repository/RAD_Pages/TaxInfo_Page/input_TaxInfo_RetypeFeinSsn_New_2'

2024-11-12 17:37:09 - [MESSAGE][PASSED] - Text ****** has been set on object 'Object Repository/RAD_Pages/TaxInfo_Page/input_TaxInfo_RetypeFeinSsn_New_2'

2024-11-12 17:37:09 - [TEST_STEP][PASSED] - break: null

2024-11-12 17:37:09 - [TEST_STEP][PASSED] - if (feinSsn.equalsIgnoreCase("Y")): null

2024-11-12 17:37:09 - [TEST_STEP][PASSED] - if (verifyTextPresent("Please enter a valid FEIN/SSN with 9 digits", true)): null

2024-11-12 17:37:09 - [MESSAGE][PASSED] - Text 'Please enter a valid FEIN/SSN with 9 digits' is present on page  using regular expression

2024-11-12 17:37:09 - [TEST_STEP][PASSED] - println("Error Message is present on the page"): null

2024-11-12 17:37:09 - [TEST_STEP][PASSED] - out.println("Pass Record Number: " + row): null

2024-11-12 17:37:09 - [TEST_STEP][PASSED] - resText = "Pass": null

2024-11-12 17:37:09 - [TEST_STEP][PASSED] - pages.WriteExcel.demoKey(resText, datText, resColumn, datCloumn, fileLoc, nameSheet, row): pages.WriteExcel.demoKey is PASSED

2024-11-12 17:37:09 - [MESSAGE][PASSED] - pages.WriteExcel.demoKey is PASSED

2024-11-12 17:37:09 - [TEST_STEP][PASSED] - ExecuteTC = findTestData(dataFile).getValue("Execute", row): null

2024-11-12 17:37:09 - [TEST_STEP][PASSED] - Taxtype = findTestData(dataFile).getValue("TaxType", row): null

2024-11-12 17:37:09 - [TEST_STEP][PASSED] - Paymenttype = findTestData(dataFile).getValue("PaymentType", row): null

2024-11-12 17:37:09 - [TEST_STEP][PASSED] - feinSsn = findTestData(dataFile).getValue("FEINSSN", row): null

2024-11-12 17:37:09 - [TEST_STEP][PASSED] - out.println("Value of Execute is : " + ExecuteTC): null

2024-11-12 17:37:09 - [TEST_STEP][PASSED] - if (ExecuteTC.equalsIgnoreCase("Y")): null

2024-11-12 17:37:09 - [TEST_STEP][PASSED] - out.println("Begin Record Number: " + row): null

2024-11-12 17:37:09 - [TEST_STEP][PASSED] - today = new java.util.Date(): null

2024-11-12 17:37:09 - [TEST_STEP][PASSED] - println(today): null

2024-11-12 17:37:09 - [TEST_STEP][PASSED] - datText = today: null

2024-11-12 17:37:09 - [TEST_STEP][PASSED] - Taxtype = findTestData(dataFile).getValue("TaxType", row): null

2024-11-12 17:37:09 - [TEST_STEP][PASSED] - out.println("Taxtype value is : " + Taxtype): null

2024-11-12 17:37:09 - [TEST_STEP][PASSED] - openBrowser(""): Browser is opened with url: ''

2024-11-12 17:37:09 - [MESSAGE][WARNING] - A browser is already opened. Closing browser and opening a new one

2024-11-12 17:37:11 - [MESSAGE][INFO] - Starting 'Chrome' driver

2024-11-12 17:37:11 - [MESSAGE][INFO] - User set preference: ['acceptInsecureCerts', 'true']

2024-11-12 17:37:11 - [MESSAGE][INFO] - Action delay is set to 0 milliseconds

2024-11-12 17:37:12 - [MESSAGE][PASSED] - Browser is opened with url: ''

2024-11-12 17:37:12 - [TEST_STEP][PASSED] - maximizeWindow(): Current window maximized

2024-11-12 17:37:12 - [MESSAGE][PASSED] - Current window maximized

2024-11-12 17:37:12 - [TEST_STEP][PASSED] - navigateToUrl(RADurl): Navigate to 'https://www.velocitypayment.com/client/rad/index.html' successfully

2024-11-12 17:37:15 - [MESSAGE][PASSED] - Navigate to 'https://www.velocitypayment.com/client/rad/index.html' successfully

2024-11-12 17:37:15 - [TEST_STEP][PASSED] - orPath_Landing = "Object Repository/RAD_Pages/Landing_Page": null

2024-11-12 17:37:15 - [TEST_STEP][PASSED] - orPath_TaxTypeFilingYear = "Object Repository/RAD_Pages/TaxTypeFilingYear_Page": null

2024-11-12 17:37:15 - [TEST_STEP][PASSED] - orPath_TaxPayer = "Object Repository/RAD_Pages/Taxpayer_Page": null

2024-11-12 17:37:15 - [TEST_STEP][PASSED] - orPath_AddressContact = "Object Repository/RAD_Pages/AddressAndContactInfo_Page": null

2024-11-12 17:37:15 - [TEST_STEP][PASSED] - orPath_FilingStatus = "Object Repository/RAD_Pages/FilingStatus_Page": null

2024-11-12 17:37:15 - [TEST_STEP][PASSED] - orPath_Amount = "Object Repository/RAD_Pages/PaymentAmount_Page": null

2024-11-12 17:37:15 - [TEST_STEP][PASSED] - orPath_TaxInfo = "Object Repository/RAD_Pages/TaxInfo_Page": null

2024-11-12 17:37:15 - [TEST_STEP][PASSED] - orPath_Withholding = "Object Repository/RAD_Pages/Withholding_Page": null

2024-11-12 17:37:15 - [TEST_STEP][PASSED] - orPath_Summary = "Object Repository/RAD_Pages/Summary_Page": null

2024-11-12 17:37:15 - [TEST_STEP][PASSED] - orPath_PaymentReady = "Object Repository/RAD_Pages/PaymentReady_Page": null

2024-11-12 17:37:15 - [TEST_STEP][PASSED] - orPath_PaymentEntry = "Object Repository/RAD_Pages/PaymentEntry_Page": null

2024-11-12 17:37:15 - [TEST_STEP][PASSED] - orPath_PaymentConfirmation = "Object Repository/RAD_Pages/PaymentConfirmation_Page": null

2024-11-12 17:37:15 - [TEST_STEP][PASSED] - orPath_ServiceFeesAccept = "Object Repository/RAD_Pages/ServiceFeeAccept_Page": null

2024-11-12 17:37:15 - [TEST_STEP][PASSED] - selectOptionByLabel(findTestObject(orPath_Landing + "/dd_TaxType"), Paymenttype, false): All options with label 'Extension Payments' are selected in object 'Object Repository/RAD_Pages/Landing_Page/dd_TaxType' 

2024-11-12 17:37:15 - [MESSAGE][PASSED] - All options with label 'Extension Payments' are selected in object 'Object Repository/RAD_Pages/Landing_Page/dd_TaxType' 

2024-11-12 17:37:15 - [TEST_STEP][PASSED] - delay(1): Delayed 1 second(s)

2024-11-12 17:37:16 - [MESSAGE][PASSED] - Delayed 1 second(s)

2024-11-12 17:37:16 - [TEST_STEP][PASSED] - switch (Paymenttype): null

2024-11-12 17:37:16 - [TEST_STEP][PASSED] - case "Extension Payments":: null

2024-11-12 17:37:16 - [TEST_STEP][PASSED] - selectOptionByLabel(findTestObject(orPath_TaxTypeFilingYear + "/select_PaymentType"), Taxtype, false): All options with label 'Corporate Income Tax' are selected in object 'Object Repository/RAD_Pages/TaxTypeFilingYear_Page/select_PaymentType' 

2024-11-12 17:37:17 - [MESSAGE][PASSED] - All options with label 'Corporate Income Tax' are selected in object 'Object Repository/RAD_Pages/TaxTypeFilingYear_Page/select_PaymentType' 

2024-11-12 17:37:17 - [TEST_STEP][PASSED] - break: null

2024-11-12 17:37:17 - [TEST_STEP][PASSED] - delay(1): Delayed 1 second(s)

2024-11-12 17:37:18 - [MESSAGE][PASSED] - Delayed 1 second(s)

2024-11-12 17:37:18 - [TEST_STEP][PASSED] - switch (Paymenttype): null

2024-11-12 17:37:18 - [TEST_STEP][PASSED] - case "Extension Payments":: null

2024-11-12 17:37:18 - [TEST_STEP][PASSED] - if (feinSsn.equalsIgnoreCase("Y")): null

2024-11-12 17:37:18 - [TEST_STEP][PASSED] - else: Text ****** has been set on object 'Object Repository/RAD_Pages/TaxInfo_Page/input_FederalEIN_ReEnter'

2024-11-12 17:37:18 - [TEST_STEP][PASSED] - setEncryptedText(findTestObject(orPath_TaxInfo + "/input_FederalEIN"), "iGDxf8hSRT4="): Text ****** has been set on object 'Object Repository/RAD_Pages/TaxInfo_Page/input_FederalEIN'

2024-11-12 17:37:19 - [MESSAGE][PASSED] - Text ****** has been set on object 'Object Repository/RAD_Pages/TaxInfo_Page/input_FederalEIN'

2024-11-12 17:37:19 - [TEST_STEP][PASSED] - setEncryptedText(findTestObject(orPath_TaxInfo + "/input_FederalEIN_ReEnter"), ""): Text ****** has been set on object 'Object Repository/RAD_Pages/TaxInfo_Page/input_FederalEIN_ReEnter'

2024-11-12 17:37:19 - [MESSAGE][PASSED] - Text ****** has been set on object 'Object Repository/RAD_Pages/TaxInfo_Page/input_FederalEIN_ReEnter'

2024-11-12 17:37:19 - [TEST_STEP][PASSED] - break: null

2024-11-12 17:37:19 - [TEST_STEP][PASSED] - if (feinSsn.equalsIgnoreCase("Y")): null

2024-11-12 17:37:19 - [TEST_STEP][PASSED] - else: null

2024-11-12 17:37:19 - [TEST_STEP][PASSED] - if (verifyTextPresent("Please enter a valid FEIN with 9 digits.", true)): null

2024-11-12 17:37:20 - [MESSAGE][PASSED] - Text 'Please enter a valid FEIN with 9 digits.' is present on page  using regular expression

2024-11-12 17:37:20 - [TEST_STEP][PASSED] - println("Error Message is present on the page"): null

2024-11-12 17:37:20 - [TEST_STEP][PASSED] - out.println("Pass Record Number: " + row): null

2024-11-12 17:37:20 - [TEST_STEP][PASSED] - resText = "Pass": null

2024-11-12 17:37:20 - [TEST_STEP][PASSED] - pages.WriteExcel.demoKey(resText, datText, resColumn, datCloumn, fileLoc, nameSheet, row): pages.WriteExcel.demoKey is PASSED

2024-11-12 17:37:20 - [MESSAGE][PASSED] - pages.WriteExcel.demoKey is PASSED

2024-11-12 17:37:20 - [TEST_STEP][PASSED] - ExecuteTC = findTestData(dataFile).getValue("Execute", row): null

2024-11-12 17:37:20 - [TEST_STEP][PASSED] - Taxtype = findTestData(dataFile).getValue("TaxType", row): null

2024-11-12 17:37:20 - [TEST_STEP][PASSED] - Paymenttype = findTestData(dataFile).getValue("PaymentType", row): null

2024-11-12 17:37:20 - [TEST_STEP][PASSED] - feinSsn = findTestData(dataFile).getValue("FEINSSN", row): null

2024-11-12 17:37:20 - [TEST_STEP][PASSED] - out.println("Value of Execute is : " + ExecuteTC): null

2024-11-12 17:37:20 - [TEST_STEP][PASSED] - if (ExecuteTC.equalsIgnoreCase("Y")): null

2024-11-12 17:37:20 - [TEST_STEP][PASSED] - out.println("Begin Record Number: " + row): null

2024-11-12 17:37:20 - [TEST_STEP][PASSED] - today = new java.util.Date(): null

2024-11-12 17:37:20 - [TEST_STEP][PASSED] - println(today): null

2024-11-12 17:37:20 - [TEST_STEP][PASSED] - datText = today: null

2024-11-12 17:37:20 - [TEST_STEP][PASSED] - Taxtype = findTestData(dataFile).getValue("TaxType", row): null

2024-11-12 17:37:20 - [TEST_STEP][PASSED] - out.println("Taxtype value is : " + Taxtype): null

2024-11-12 17:37:20 - [TEST_STEP][PASSED] - openBrowser(""): Browser is opened with url: ''

2024-11-12 17:37:20 - [MESSAGE][WARNING] - A browser is already opened. Closing browser and opening a new one

2024-11-12 17:37:21 - [MESSAGE][INFO] - Starting 'Chrome' driver

2024-11-12 17:37:21 - [MESSAGE][INFO] - User set preference: ['acceptInsecureCerts', 'true']

2024-11-12 17:37:21 - [MESSAGE][INFO] - Action delay is set to 0 milliseconds

2024-11-12 17:37:23 - [MESSAGE][PASSED] - Browser is opened with url: ''

2024-11-12 17:37:23 - [TEST_STEP][PASSED] - maximizeWindow(): Current window maximized

2024-11-12 17:37:23 - [MESSAGE][PASSED] - Current window maximized

2024-11-12 17:37:23 - [TEST_STEP][PASSED] - navigateToUrl(RADurl): Navigate to 'https://www.velocitypayment.com/client/rad/index.html' successfully

2024-11-12 17:37:25 - [MESSAGE][PASSED] - Navigate to 'https://www.velocitypayment.com/client/rad/index.html' successfully

2024-11-12 17:37:25 - [TEST_STEP][PASSED] - orPath_Landing = "Object Repository/RAD_Pages/Landing_Page": null

2024-11-12 17:37:25 - [TEST_STEP][PASSED] - orPath_TaxTypeFilingYear = "Object Repository/RAD_Pages/TaxTypeFilingYear_Page": null

2024-11-12 17:37:25 - [TEST_STEP][PASSED] - orPath_TaxPayer = "Object Repository/RAD_Pages/Taxpayer_Page": null

2024-11-12 17:37:25 - [TEST_STEP][PASSED] - orPath_AddressContact = "Object Repository/RAD_Pages/AddressAndContactInfo_Page": null

2024-11-12 17:37:25 - [TEST_STEP][PASSED] - orPath_FilingStatus = "Object Repository/RAD_Pages/FilingStatus_Page": null

2024-11-12 17:37:25 - [TEST_STEP][PASSED] - orPath_Amount = "Object Repository/RAD_Pages/PaymentAmount_Page": null

2024-11-12 17:37:25 - [TEST_STEP][PASSED] - orPath_TaxInfo = "Object Repository/RAD_Pages/TaxInfo_Page": null

2024-11-12 17:37:25 - [TEST_STEP][PASSED] - orPath_Withholding = "Object Repository/RAD_Pages/Withholding_Page": null

2024-11-12 17:37:25 - [TEST_STEP][PASSED] - orPath_Summary = "Object Repository/RAD_Pages/Summary_Page": null

2024-11-12 17:37:25 - [TEST_STEP][PASSED] - orPath_PaymentReady = "Object Repository/RAD_Pages/PaymentReady_Page": null

2024-11-12 17:37:25 - [TEST_STEP][PASSED] - orPath_PaymentEntry = "Object Repository/RAD_Pages/PaymentEntry_Page": null

2024-11-12 17:37:25 - [TEST_STEP][PASSED] - orPath_PaymentConfirmation = "Object Repository/RAD_Pages/PaymentConfirmation_Page": null

2024-11-12 17:37:25 - [TEST_STEP][PASSED] - orPath_ServiceFeesAccept = "Object Repository/RAD_Pages/ServiceFeeAccept_Page": null

2024-11-12 17:37:25 - [TEST_STEP][PASSED] - selectOptionByLabel(findTestObject(orPath_Landing + "/dd_TaxType"), Paymenttype, false): All options with label 'Extension Payments' are selected in object 'Object Repository/RAD_Pages/Landing_Page/dd_TaxType' 

2024-11-12 17:37:25 - [MESSAGE][PASSED] - All options with label 'Extension Payments' are selected in object 'Object Repository/RAD_Pages/Landing_Page/dd_TaxType' 

2024-11-12 17:37:25 - [TEST_STEP][PASSED] - delay(1): Delayed 1 second(s)

2024-11-12 17:37:26 - [MESSAGE][PASSED] - Delayed 1 second(s)

2024-11-12 17:37:26 - [TEST_STEP][PASSED] - switch (Paymenttype): null

2024-11-12 17:37:26 - [TEST_STEP][PASSED] - case "Extension Payments":: null

2024-11-12 17:37:26 - [TEST_STEP][PASSED] - selectOptionByLabel(findTestObject(orPath_TaxTypeFilingYear + "/select_PaymentType"), Taxtype, false): All options with label 'Fiduciary Tax' are selected in object 'Object Repository/RAD_Pages/TaxTypeFilingYear_Page/select_PaymentType' 

2024-11-12 17:37:27 - [MESSAGE][PASSED] - All options with label 'Fiduciary Tax' are selected in object 'Object Repository/RAD_Pages/TaxTypeFilingYear_Page/select_PaymentType' 

2024-11-12 17:37:27 - [TEST_STEP][PASSED] - break: null

2024-11-12 17:37:27 - [TEST_STEP][PASSED] - delay(1): Delayed 1 second(s)

2024-11-12 17:37:28 - [MESSAGE][PASSED] - Delayed 1 second(s)

2024-11-12 17:37:28 - [TEST_STEP][PASSED] - switch (Paymenttype): null

2024-11-12 17:37:28 - [TEST_STEP][PASSED] - case "Extension Payments":: null

2024-11-12 17:37:28 - [TEST_STEP][PASSED] - if (feinSsn.equalsIgnoreCase("Y")): null

2024-11-12 17:37:28 - [TEST_STEP][PASSED] - else: Text ****** has been set on object 'Object Repository/RAD_Pages/TaxInfo_Page/input_FederalEIN_ReEnter'

2024-11-12 17:37:28 - [TEST_STEP][PASSED] - setEncryptedText(findTestObject(orPath_TaxInfo + "/input_FederalEIN"), "iGDxf8hSRT4="): Text ****** has been set on object 'Object Repository/RAD_Pages/TaxInfo_Page/input_FederalEIN'

2024-11-12 17:37:29 - [MESSAGE][PASSED] - Text ****** has been set on object 'Object Repository/RAD_Pages/TaxInfo_Page/input_FederalEIN'

2024-11-12 17:37:29 - [TEST_STEP][PASSED] - setEncryptedText(findTestObject(orPath_TaxInfo + "/input_FederalEIN_ReEnter"), ""): Text ****** has been set on object 'Object Repository/RAD_Pages/TaxInfo_Page/input_FederalEIN_ReEnter'

2024-11-12 17:37:29 - [MESSAGE][PASSED] - Text ****** has been set on object 'Object Repository/RAD_Pages/TaxInfo_Page/input_FederalEIN_ReEnter'

2024-11-12 17:37:29 - [TEST_STEP][PASSED] - break: null

2024-11-12 17:37:29 - [TEST_STEP][PASSED] - if (feinSsn.equalsIgnoreCase("Y")): null

2024-11-12 17:37:29 - [TEST_STEP][PASSED] - else: null

2024-11-12 17:37:29 - [TEST_STEP][PASSED] - if (verifyTextPresent("Please enter a valid FEIN with 9 digits.", true)): null

2024-11-12 17:37:29 - [MESSAGE][PASSED] - Text 'Please enter a valid FEIN with 9 digits.' is present on page  using regular expression

2024-11-12 17:37:29 - [TEST_STEP][PASSED] - println("Error Message is present on the page"): null

2024-11-12 17:37:29 - [TEST_STEP][PASSED] - out.println("Pass Record Number: " + row): null

2024-11-12 17:37:29 - [TEST_STEP][PASSED] - resText = "Pass": null

2024-11-12 17:37:29 - [TEST_STEP][PASSED] - pages.WriteExcel.demoKey(resText, datText, resColumn, datCloumn, fileLoc, nameSheet, row): pages.WriteExcel.demoKey is PASSED

2024-11-12 17:37:30 - [MESSAGE][PASSED] - pages.WriteExcel.demoKey is PASSED

2024-11-12 17:37:30 - [TEST_STEP][PASSED] - ExecuteTC = findTestData(dataFile).getValue("Execute", row): null

2024-11-12 17:37:30 - [TEST_STEP][PASSED] - Taxtype = findTestData(dataFile).getValue("TaxType", row): null

2024-11-12 17:37:30 - [TEST_STEP][PASSED] - Paymenttype = findTestData(dataFile).getValue("PaymentType", row): null

2024-11-12 17:37:30 - [TEST_STEP][PASSED] - feinSsn = findTestData(dataFile).getValue("FEINSSN", row): null

2024-11-12 17:37:30 - [TEST_STEP][PASSED] - out.println("Value of Execute is : " + ExecuteTC): null

2024-11-12 17:37:30 - [TEST_STEP][PASSED] - if (ExecuteTC.equalsIgnoreCase("Y")): null

2024-11-12 17:37:30 - [TEST_STEP][PASSED] - out.println("Begin Record Number: " + row): null

2024-11-12 17:37:30 - [TEST_STEP][PASSED] - today = new java.util.Date(): null

2024-11-12 17:37:30 - [TEST_STEP][PASSED] - println(today): null

2024-11-12 17:37:30 - [TEST_STEP][PASSED] - datText = today: null

2024-11-12 17:37:30 - [TEST_STEP][PASSED] - Taxtype = findTestData(dataFile).getValue("TaxType", row): null

2024-11-12 17:37:30 - [TEST_STEP][PASSED] - out.println("Taxtype value is : " + Taxtype): null

2024-11-12 17:37:30 - [TEST_STEP][PASSED] - openBrowser(""): Browser is opened with url: ''

2024-11-12 17:37:30 - [MESSAGE][WARNING] - A browser is already opened. Closing browser and opening a new one

2024-11-12 17:37:31 - [MESSAGE][INFO] - Starting 'Chrome' driver

2024-11-12 17:37:31 - [MESSAGE][INFO] - User set preference: ['acceptInsecureCerts', 'true']

2024-11-12 17:37:31 - [MESSAGE][INFO] - Action delay is set to 0 milliseconds

2024-11-12 17:37:33 - [MESSAGE][PASSED] - Browser is opened with url: ''

2024-11-12 17:37:33 - [TEST_STEP][PASSED] - maximizeWindow(): Current window maximized

2024-11-12 17:37:33 - [MESSAGE][PASSED] - Current window maximized

2024-11-12 17:37:33 - [TEST_STEP][PASSED] - navigateToUrl(RADurl): Navigate to 'https://www.velocitypayment.com/client/rad/index.html' successfully

2024-11-12 17:37:34 - [MESSAGE][PASSED] - Navigate to 'https://www.velocitypayment.com/client/rad/index.html' successfully

2024-11-12 17:37:34 - [TEST_STEP][PASSED] - orPath_Landing = "Object Repository/RAD_Pages/Landing_Page": null

2024-11-12 17:37:34 - [TEST_STEP][PASSED] - orPath_TaxTypeFilingYear = "Object Repository/RAD_Pages/TaxTypeFilingYear_Page": null

2024-11-12 17:37:34 - [TEST_STEP][PASSED] - orPath_TaxPayer = "Object Repository/RAD_Pages/Taxpayer_Page": null

2024-11-12 17:37:34 - [TEST_STEP][PASSED] - orPath_AddressContact = "Object Repository/RAD_Pages/AddressAndContactInfo_Page": null

2024-11-12 17:37:34 - [TEST_STEP][PASSED] - orPath_FilingStatus = "Object Repository/RAD_Pages/FilingStatus_Page": null

2024-11-12 17:37:34 - [TEST_STEP][PASSED] - orPath_Amount = "Object Repository/RAD_Pages/PaymentAmount_Page": null

2024-11-12 17:37:34 - [TEST_STEP][PASSED] - orPath_TaxInfo = "Object Repository/RAD_Pages/TaxInfo_Page": null

2024-11-12 17:37:34 - [TEST_STEP][PASSED] - orPath_Withholding = "Object Repository/RAD_Pages/Withholding_Page": null

2024-11-12 17:37:34 - [TEST_STEP][PASSED] - orPath_Summary = "Object Repository/RAD_Pages/Summary_Page": null

2024-11-12 17:37:34 - [TEST_STEP][PASSED] - orPath_PaymentReady = "Object Repository/RAD_Pages/PaymentReady_Page": null

2024-11-12 17:37:34 - [TEST_STEP][PASSED] - orPath_PaymentEntry = "Object Repository/RAD_Pages/PaymentEntry_Page": null

2024-11-12 17:37:34 - [TEST_STEP][PASSED] - orPath_PaymentConfirmation = "Object Repository/RAD_Pages/PaymentConfirmation_Page": null

2024-11-12 17:37:34 - [TEST_STEP][PASSED] - orPath_ServiceFeesAccept = "Object Repository/RAD_Pages/ServiceFeeAccept_Page": null

2024-11-12 17:37:34 - [TEST_STEP][PASSED] - selectOptionByLabel(findTestObject(orPath_Landing + "/dd_TaxType"), Paymenttype, false): All options with label 'Extension Payments' are selected in object 'Object Repository/RAD_Pages/Landing_Page/dd_TaxType' 

2024-11-12 17:37:35 - [MESSAGE][PASSED] - All options with label 'Extension Payments' are selected in object 'Object Repository/RAD_Pages/Landing_Page/dd_TaxType' 

2024-11-12 17:37:35 - [TEST_STEP][PASSED] - delay(1): Delayed 1 second(s)

2024-11-12 17:37:36 - [MESSAGE][PASSED] - Delayed 1 second(s)

2024-11-12 17:37:36 - [TEST_STEP][PASSED] - switch (Paymenttype): null

2024-11-12 17:37:36 - [TEST_STEP][PASSED] - case "Extension Payments":: null

2024-11-12 17:37:36 - [TEST_STEP][PASSED] - selectOptionByLabel(findTestObject(orPath_TaxTypeFilingYear + "/select_PaymentType"), Taxtype, false): All options with label 'PTE Non-Electing Non-S Corp' are selected in object 'Object Repository/RAD_Pages/TaxTypeFilingYear_Page/select_PaymentType' 

2024-11-12 17:37:37 - [MESSAGE][PASSED] - All options with label 'PTE Non-Electing Non-S Corp' are selected in object 'Object Repository/RAD_Pages/TaxTypeFilingYear_Page/select_PaymentType' 

2024-11-12 17:37:37 - [TEST_STEP][PASSED] - break: null

2024-11-12 17:37:37 - [TEST_STEP][PASSED] - delay(1): Delayed 1 second(s)

2024-11-12 17:37:38 - [MESSAGE][PASSED] - Delayed 1 second(s)

2024-11-12 17:37:38 - [TEST_STEP][PASSED] - switch (Paymenttype): null

2024-11-12 17:37:38 - [TEST_STEP][PASSED] - case "Extension Payments":: null

2024-11-12 17:37:38 - [TEST_STEP][PASSED] - if (feinSsn.equalsIgnoreCase("Y")): Text ****** has been set on object 'Object Repository/RAD_Pages/TaxInfo_Page/input_TaxInfo_RetypeFeinSsn_New_2'

2024-11-12 17:37:38 - [TEST_STEP][PASSED] - setEncryptedText(findTestObject(orPath_TaxInfo + "/input_TaxInfo_FeinSsn_New_2"), "iGDxf8hSRT4="): Text ****** has been set on object 'Object Repository/RAD_Pages/TaxInfo_Page/input_TaxInfo_FeinSsn_New_2'

2024-11-12 17:37:39 - [MESSAGE][PASSED] - Text ****** has been set on object 'Object Repository/RAD_Pages/TaxInfo_Page/input_TaxInfo_FeinSsn_New_2'

2024-11-12 17:37:39 - [TEST_STEP][PASSED] - setEncryptedText(findTestObject(orPath_TaxInfo + "/input_TaxInfo_RetypeFeinSsn_New_2"), ""): Text ****** has been set on object 'Object Repository/RAD_Pages/TaxInfo_Page/input_TaxInfo_RetypeFeinSsn_New_2'

2024-11-12 17:37:40 - [MESSAGE][PASSED] - Text ****** has been set on object 'Object Repository/RAD_Pages/TaxInfo_Page/input_TaxInfo_RetypeFeinSsn_New_2'

2024-11-12 17:37:40 - [TEST_STEP][PASSED] - break: null

2024-11-12 17:37:40 - [TEST_STEP][PASSED] - if (feinSsn.equalsIgnoreCase("Y")): null

2024-11-12 17:37:40 - [TEST_STEP][PASSED] - if (verifyTextPresent("Please enter a valid FEIN/SSN with 9 digits", true)): null

2024-11-12 17:37:40 - [MESSAGE][PASSED] - Text 'Please enter a valid FEIN/SSN with 9 digits' is present on page  using regular expression

2024-11-12 17:37:40 - [TEST_STEP][PASSED] - println("Error Message is present on the page"): null

2024-11-12 17:37:40 - [TEST_STEP][PASSED] - out.println("Pass Record Number: " + row): null

2024-11-12 17:37:40 - [TEST_STEP][PASSED] - resText = "Pass": null

2024-11-12 17:37:40 - [TEST_STEP][PASSED] - pages.WriteExcel.demoKey(resText, datText, resColumn, datCloumn, fileLoc, nameSheet, row): pages.WriteExcel.demoKey is PASSED

2024-11-12 17:37:40 - [MESSAGE][PASSED] - pages.WriteExcel.demoKey is PASSED

2024-11-12 17:37:40 - [TEST_STEP][PASSED] - ExecuteTC = findTestData(dataFile).getValue("Execute", row): null

2024-11-12 17:37:40 - [TEST_STEP][PASSED] - Taxtype = findTestData(dataFile).getValue("TaxType", row): null

2024-11-12 17:37:40 - [TEST_STEP][PASSED] - Paymenttype = findTestData(dataFile).getValue("PaymentType", row): null

2024-11-12 17:37:40 - [TEST_STEP][PASSED] - feinSsn = findTestData(dataFile).getValue("FEINSSN", row): null

2024-11-12 17:37:40 - [TEST_STEP][PASSED] - out.println("Value of Execute is : " + ExecuteTC): null

2024-11-12 17:37:40 - [TEST_STEP][PASSED] - if (ExecuteTC.equalsIgnoreCase("Y")): null

2024-11-12 17:37:40 - [TEST_STEP][PASSED] - out.println("Begin Record Number: " + row): null

2024-11-12 17:37:40 - [TEST_STEP][PASSED] - today = new java.util.Date(): null

2024-11-12 17:37:40 - [TEST_STEP][PASSED] - println(today): null

2024-11-12 17:37:40 - [TEST_STEP][PASSED] - datText = today: null

2024-11-12 17:37:40 - [TEST_STEP][PASSED] - Taxtype = findTestData(dataFile).getValue("TaxType", row): null

2024-11-12 17:37:40 - [TEST_STEP][PASSED] - out.println("Taxtype value is : " + Taxtype): null

2024-11-12 17:37:40 - [TEST_STEP][PASSED] - openBrowser(""): Browser is opened with url: ''

2024-11-12 17:37:40 - [MESSAGE][WARNING] - A browser is already opened. Closing browser and opening a new one

2024-11-12 17:37:41 - [MESSAGE][INFO] - Starting 'Chrome' driver

2024-11-12 17:37:41 - [MESSAGE][INFO] - User set preference: ['acceptInsecureCerts', 'true']

2024-11-12 17:37:41 - [MESSAGE][INFO] - Action delay is set to 0 milliseconds

2024-11-12 17:37:43 - [MESSAGE][PASSED] - Browser is opened with url: ''

2024-11-12 17:37:43 - [TEST_STEP][PASSED] - maximizeWindow(): Current window maximized

2024-11-12 17:37:43 - [MESSAGE][PASSED] - Current window maximized

2024-11-12 17:37:43 - [TEST_STEP][PASSED] - navigateToUrl(RADurl): Navigate to 'https://www.velocitypayment.com/client/rad/index.html' successfully

2024-11-12 17:37:45 - [MESSAGE][PASSED] - Navigate to 'https://www.velocitypayment.com/client/rad/index.html' successfully

2024-11-12 17:37:45 - [TEST_STEP][PASSED] - orPath_Landing = "Object Repository/RAD_Pages/Landing_Page": null

2024-11-12 17:37:45 - [TEST_STEP][PASSED] - orPath_TaxTypeFilingYear = "Object Repository/RAD_Pages/TaxTypeFilingYear_Page": null

2024-11-12 17:37:45 - [TEST_STEP][PASSED] - orPath_TaxPayer = "Object Repository/RAD_Pages/Taxpayer_Page": null

2024-11-12 17:37:45 - [TEST_STEP][PASSED] - orPath_AddressContact = "Object Repository/RAD_Pages/AddressAndContactInfo_Page": null

2024-11-12 17:37:45 - [TEST_STEP][PASSED] - orPath_FilingStatus = "Object Repository/RAD_Pages/FilingStatus_Page": null

2024-11-12 17:37:45 - [TEST_STEP][PASSED] - orPath_Amount = "Object Repository/RAD_Pages/PaymentAmount_Page": null

2024-11-12 17:37:45 - [TEST_STEP][PASSED] - orPath_TaxInfo = "Object Repository/RAD_Pages/TaxInfo_Page": null

2024-11-12 17:37:45 - [TEST_STEP][PASSED] - orPath_Withholding = "Object Repository/RAD_Pages/Withholding_Page": null

2024-11-12 17:37:45 - [TEST_STEP][PASSED] - orPath_Summary = "Object Repository/RAD_Pages/Summary_Page": null

2024-11-12 17:37:45 - [TEST_STEP][PASSED] - orPath_PaymentReady = "Object Repository/RAD_Pages/PaymentReady_Page": null

2024-11-12 17:37:45 - [TEST_STEP][PASSED] - orPath_PaymentEntry = "Object Repository/RAD_Pages/PaymentEntry_Page": null

2024-11-12 17:37:45 - [TEST_STEP][PASSED] - orPath_PaymentConfirmation = "Object Repository/RAD_Pages/PaymentConfirmation_Page": null

2024-11-12 17:37:45 - [TEST_STEP][PASSED] - orPath_ServiceFeesAccept = "Object Repository/RAD_Pages/ServiceFeeAccept_Page": null

2024-11-12 17:37:45 - [TEST_STEP][PASSED] - selectOptionByLabel(findTestObject(orPath_Landing + "/dd_TaxType"), Paymenttype, false): All options with label 'Extension Payments' are selected in object 'Object Repository/RAD_Pages/Landing_Page/dd_TaxType' 

2024-11-12 17:37:45 - [MESSAGE][PASSED] - All options with label 'Extension Payments' are selected in object 'Object Repository/RAD_Pages/Landing_Page/dd_TaxType' 

2024-11-12 17:37:45 - [TEST_STEP][PASSED] - delay(1): Delayed 1 second(s)

2024-11-12 17:37:46 - [MESSAGE][PASSED] - Delayed 1 second(s)

2024-11-12 17:37:46 - [TEST_STEP][PASSED] - switch (Paymenttype): null

2024-11-12 17:37:46 - [TEST_STEP][PASSED] - case "Extension Payments":: null

2024-11-12 17:37:46 - [TEST_STEP][PASSED] - selectOptionByLabel(findTestObject(orPath_TaxTypeFilingYear + "/select_PaymentType"), Taxtype, false): All options with label 'PTE Non-Electing S Corp' are selected in object 'Object Repository/RAD_Pages/TaxTypeFilingYear_Page/select_PaymentType' 

2024-11-12 17:37:47 - [MESSAGE][PASSED] - All options with label 'PTE Non-Electing S Corp' are selected in object 'Object Repository/RAD_Pages/TaxTypeFilingYear_Page/select_PaymentType' 

2024-11-12 17:37:47 - [TEST_STEP][PASSED] - break: null

2024-11-12 17:37:47 - [TEST_STEP][PASSED] - delay(1): Delayed 1 second(s)

2024-11-12 17:37:48 - [MESSAGE][PASSED] - Delayed 1 second(s)

2024-11-12 17:37:48 - [TEST_STEP][PASSED] - switch (Paymenttype): null

2024-11-12 17:37:48 - [TEST_STEP][PASSED] - case "Extension Payments":: null

2024-11-12 17:37:48 - [TEST_STEP][PASSED] - if (feinSsn.equalsIgnoreCase("Y")): Text ****** has been set on object 'Object Repository/RAD_Pages/TaxInfo_Page/input_TaxInfo_RetypeFeinSsn_New_2'

2024-11-12 17:37:48 - [TEST_STEP][PASSED] - setEncryptedText(findTestObject(orPath_TaxInfo + "/input_TaxInfo_FeinSsn_New_2"), "iGDxf8hSRT4="): Text ****** has been set on object 'Object Repository/RAD_Pages/TaxInfo_Page/input_TaxInfo_FeinSsn_New_2'

2024-11-12 17:37:49 - [MESSAGE][PASSED] - Text ****** has been set on object 'Object Repository/RAD_Pages/TaxInfo_Page/input_TaxInfo_FeinSsn_New_2'

2024-11-12 17:37:49 - [TEST_STEP][PASSED] - setEncryptedText(findTestObject(orPath_TaxInfo + "/input_TaxInfo_RetypeFeinSsn_New_2"), ""): Text ****** has been set on object 'Object Repository/RAD_Pages/TaxInfo_Page/input_TaxInfo_RetypeFeinSsn_New_2'

2024-11-12 17:37:49 - [MESSAGE][PASSED] - Text ****** has been set on object 'Object Repository/RAD_Pages/TaxInfo_Page/input_TaxInfo_RetypeFeinSsn_New_2'

2024-11-12 17:37:49 - [TEST_STEP][PASSED] - break: null

2024-11-12 17:37:49 - [TEST_STEP][PASSED] - if (feinSsn.equalsIgnoreCase("Y")): null

2024-11-12 17:37:49 - [TEST_STEP][PASSED] - if (verifyTextPresent("Please enter a valid FEIN/SSN with 9 digits", true)): null

2024-11-12 17:37:50 - [MESSAGE][PASSED] - Text 'Please enter a valid FEIN/SSN with 9 digits' is present on page  using regular expression

2024-11-12 17:37:50 - [TEST_STEP][PASSED] - println("Error Message is present on the page"): null

2024-11-12 17:37:50 - [TEST_STEP][PASSED] - out.println("Pass Record Number: " + row): null

2024-11-12 17:37:50 - [TEST_STEP][PASSED] - resText = "Pass": null

2024-11-12 17:37:50 - [TEST_STEP][PASSED] - pages.WriteExcel.demoKey(resText, datText, resColumn, datCloumn, fileLoc, nameSheet, row): pages.WriteExcel.demoKey is PASSED

2024-11-12 17:37:50 - [MESSAGE][PASSED] - pages.WriteExcel.demoKey is PASSED

2024-11-12 17:37:50 - [TEST_STEP][PASSED] - ExecuteTC = findTestData(dataFile).getValue("Execute", row): null

2024-11-12 17:37:50 - [TEST_STEP][PASSED] - Taxtype = findTestData(dataFile).getValue("TaxType", row): null

2024-11-12 17:37:50 - [TEST_STEP][PASSED] - Paymenttype = findTestData(dataFile).getValue("PaymentType", row): null

2024-11-12 17:37:50 - [TEST_STEP][PASSED] - feinSsn = findTestData(dataFile).getValue("FEINSSN", row): null

2024-11-12 17:37:50 - [TEST_STEP][PASSED] - out.println("Value of Execute is : " + ExecuteTC): null

2024-11-12 17:37:50 - [TEST_STEP][PASSED] - if (ExecuteTC.equalsIgnoreCase("Y")): null

2024-11-12 17:37:50 - [TEST_STEP][PASSED] - out.println("Begin Record Number: " + row): null

2024-11-12 17:37:50 - [TEST_STEP][PASSED] - today = new java.util.Date(): null

2024-11-12 17:37:50 - [TEST_STEP][PASSED] - println(today): null

2024-11-12 17:37:50 - [TEST_STEP][PASSED] - datText = today: null

2024-11-12 17:37:50 - [TEST_STEP][PASSED] - Taxtype = findTestData(dataFile).getValue("TaxType", row): null

2024-11-12 17:37:50 - [TEST_STEP][PASSED] - out.println("Taxtype value is : " + Taxtype): null

2024-11-12 17:37:50 - [TEST_STEP][PASSED] - openBrowser(""): Browser is opened with url: ''

2024-11-12 17:37:50 - [MESSAGE][WARNING] - A browser is already opened. Closing browser and opening a new one

2024-11-12 17:37:51 - [MESSAGE][INFO] - Starting 'Chrome' driver

2024-11-12 17:37:51 - [MESSAGE][INFO] - User set preference: ['acceptInsecureCerts', 'true']

2024-11-12 17:37:51 - [MESSAGE][INFO] - Action delay is set to 0 milliseconds

2024-11-12 17:37:53 - [MESSAGE][PASSED] - Browser is opened with url: ''

2024-11-12 17:37:53 - [TEST_STEP][PASSED] - maximizeWindow(): Current window maximized

2024-11-12 17:37:53 - [MESSAGE][PASSED] - Current window maximized

2024-11-12 17:37:53 - [TEST_STEP][PASSED] - navigateToUrl(RADurl): Navigate to 'https://www.velocitypayment.com/client/rad/index.html' successfully

2024-11-12 17:37:53 - [MESSAGE][PASSED] - Navigate to 'https://www.velocitypayment.com/client/rad/index.html' successfully

2024-11-12 17:37:53 - [TEST_STEP][PASSED] - orPath_Landing = "Object Repository/RAD_Pages/Landing_Page": null

2024-11-12 17:37:53 - [TEST_STEP][PASSED] - orPath_TaxTypeFilingYear = "Object Repository/RAD_Pages/TaxTypeFilingYear_Page": null

2024-11-12 17:37:53 - [TEST_STEP][PASSED] - orPath_TaxPayer = "Object Repository/RAD_Pages/Taxpayer_Page": null

2024-11-12 17:37:53 - [TEST_STEP][PASSED] - orPath_AddressContact = "Object Repository/RAD_Pages/AddressAndContactInfo_Page": null

2024-11-12 17:37:53 - [TEST_STEP][PASSED] - orPath_FilingStatus = "Object Repository/RAD_Pages/FilingStatus_Page": null

2024-11-12 17:37:53 - [TEST_STEP][PASSED] - orPath_Amount = "Object Repository/RAD_Pages/PaymentAmount_Page": null

2024-11-12 17:37:53 - [TEST_STEP][PASSED] - orPath_TaxInfo = "Object Repository/RAD_Pages/TaxInfo_Page": null

2024-11-12 17:37:53 - [TEST_STEP][PASSED] - orPath_Withholding = "Object Repository/RAD_Pages/Withholding_Page": null

2024-11-12 17:37:53 - [TEST_STEP][PASSED] - orPath_Summary = "Object Repository/RAD_Pages/Summary_Page": null

2024-11-12 17:37:53 - [TEST_STEP][PASSED] - orPath_PaymentReady = "Object Repository/RAD_Pages/PaymentReady_Page": null

2024-11-12 17:37:53 - [TEST_STEP][PASSED] - orPath_PaymentEntry = "Object Repository/RAD_Pages/PaymentEntry_Page": null

2024-11-12 17:37:53 - [TEST_STEP][PASSED] - orPath_PaymentConfirmation = "Object Repository/RAD_Pages/PaymentConfirmation_Page": null

2024-11-12 17:37:53 - [TEST_STEP][PASSED] - orPath_ServiceFeesAccept = "Object Repository/RAD_Pages/ServiceFeeAccept_Page": null

2024-11-12 17:37:53 - [TEST_STEP][PASSED] - selectOptionByLabel(findTestObject(orPath_Landing + "/dd_TaxType"), Paymenttype, false): All options with label 'Extension Payments' are selected in object 'Object Repository/RAD_Pages/Landing_Page/dd_TaxType' 

2024-11-12 17:37:55 - [MESSAGE][PASSED] - All options with label 'Extension Payments' are selected in object 'Object Repository/RAD_Pages/Landing_Page/dd_TaxType' 

2024-11-12 17:37:55 - [TEST_STEP][PASSED] - delay(1): Delayed 1 second(s)

2024-11-12 17:37:56 - [MESSAGE][PASSED] - Delayed 1 second(s)

2024-11-12 17:37:56 - [TEST_STEP][PASSED] - switch (Paymenttype): null

2024-11-12 17:37:56 - [TEST_STEP][PASSED] - case "Extension Payments":: null

2024-11-12 17:37:56 - [TEST_STEP][PASSED] - selectOptionByLabel(findTestObject(orPath_TaxTypeFilingYear + "/select_PaymentType"), Taxtype, false): All options with label 'PTE Tax Electing Non-S Corp' are selected in object 'Object Repository/RAD_Pages/TaxTypeFilingYear_Page/select_PaymentType' 

2024-11-12 17:37:57 - [MESSAGE][PASSED] - All options with label 'PTE Tax Electing Non-S Corp' are selected in object 'Object Repository/RAD_Pages/TaxTypeFilingYear_Page/select_PaymentType' 

2024-11-12 17:37:57 - [TEST_STEP][PASSED] - break: null

2024-11-12 17:37:57 - [TEST_STEP][PASSED] - delay(1): Delayed 1 second(s)

2024-11-12 17:37:58 - [MESSAGE][PASSED] - Delayed 1 second(s)

2024-11-12 17:37:58 - [TEST_STEP][PASSED] - switch (Paymenttype): null

2024-11-12 17:37:58 - [TEST_STEP][PASSED] - case "Extension Payments":: null

2024-11-12 17:37:58 - [TEST_STEP][PASSED] - if (feinSsn.equalsIgnoreCase("Y")): Text ****** has been set on object 'Object Repository/RAD_Pages/TaxInfo_Page/input_TaxInfo_RetypeFeinSsn_New_2'

2024-11-12 17:37:58 - [TEST_STEP][PASSED] - setEncryptedText(findTestObject(orPath_TaxInfo + "/input_TaxInfo_FeinSsn_New_2"), "iGDxf8hSRT4="): Text ****** has been set on object 'Object Repository/RAD_Pages/TaxInfo_Page/input_TaxInfo_FeinSsn_New_2'

2024-11-12 17:37:58 - [MESSAGE][PASSED] - Text ****** has been set on object 'Object Repository/RAD_Pages/TaxInfo_Page/input_TaxInfo_FeinSsn_New_2'

2024-11-12 17:37:58 - [TEST_STEP][PASSED] - setEncryptedText(findTestObject(orPath_TaxInfo + "/input_TaxInfo_RetypeFeinSsn_New_2"), ""): Text ****** has been set on object 'Object Repository/RAD_Pages/TaxInfo_Page/input_TaxInfo_RetypeFeinSsn_New_2'

2024-11-12 17:37:59 - [MESSAGE][PASSED] - Text ****** has been set on object 'Object Repository/RAD_Pages/TaxInfo_Page/input_TaxInfo_RetypeFeinSsn_New_2'

2024-11-12 17:37:59 - [TEST_STEP][PASSED] - break: null

2024-11-12 17:37:59 - [TEST_STEP][PASSED] - if (feinSsn.equalsIgnoreCase("Y")): null

2024-11-12 17:37:59 - [TEST_STEP][PASSED] - if (verifyTextPresent("Please enter a valid FEIN/SSN with 9 digits", true)): null

2024-11-12 17:37:59 - [MESSAGE][PASSED] - Text 'Please enter a valid FEIN/SSN with 9 digits' is present on page  using regular expression

2024-11-12 17:37:59 - [TEST_STEP][PASSED] - println("Error Message is present on the page"): null

2024-11-12 17:37:59 - [TEST_STEP][PASSED] - out.println("Pass Record Number: " + row): null

2024-11-12 17:37:59 - [TEST_STEP][PASSED] - resText = "Pass": null

2024-11-12 17:37:59 - [TEST_STEP][PASSED] - pages.WriteExcel.demoKey(resText, datText, resColumn, datCloumn, fileLoc, nameSheet, row): pages.WriteExcel.demoKey is PASSED

2024-11-12 17:37:59 - [MESSAGE][PASSED] - pages.WriteExcel.demoKey is PASSED

2024-11-12 17:37:59 - [TEST_STEP][PASSED] - ExecuteTC = findTestData(dataFile).getValue("Execute", row): null

2024-11-12 17:37:59 - [TEST_STEP][PASSED] - Taxtype = findTestData(dataFile).getValue("TaxType", row): null

2024-11-12 17:38:00 - [TEST_STEP][PASSED] - Paymenttype = findTestData(dataFile).getValue("PaymentType", row): null

2024-11-12 17:38:00 - [TEST_STEP][PASSED] - feinSsn = findTestData(dataFile).getValue("FEINSSN", row): null

2024-11-12 17:38:00 - [TEST_STEP][PASSED] - out.println("Value of Execute is : " + ExecuteTC): null

2024-11-12 17:38:00 - [TEST_STEP][PASSED] - if (ExecuteTC.equalsIgnoreCase("Y")): null

2024-11-12 17:38:00 - [TEST_STEP][PASSED] - out.println("Begin Record Number: " + row): null

2024-11-12 17:38:00 - [TEST_STEP][PASSED] - today = new java.util.Date(): null

2024-11-12 17:38:00 - [TEST_STEP][PASSED] - println(today): null

2024-11-12 17:38:00 - [TEST_STEP][PASSED] - datText = today: null

2024-11-12 17:38:00 - [TEST_STEP][PASSED] - Taxtype = findTestData(dataFile).getValue("TaxType", row): null

2024-11-12 17:38:00 - [TEST_STEP][PASSED] - out.println("Taxtype value is : " + Taxtype): null

2024-11-12 17:38:00 - [TEST_STEP][PASSED] - openBrowser(""): Browser is opened with url: ''

2024-11-12 17:38:00 - [MESSAGE][WARNING] - A browser is already opened. Closing browser and opening a new one

2024-11-12 17:38:01 - [MESSAGE][INFO] - Starting 'Chrome' driver

2024-11-12 17:38:01 - [MESSAGE][INFO] - User set preference: ['acceptInsecureCerts', 'true']

2024-11-12 17:38:01 - [MESSAGE][INFO] - Action delay is set to 0 milliseconds

2024-11-12 17:38:02 - [MESSAGE][PASSED] - Browser is opened with url: ''

2024-11-12 17:38:02 - [TEST_STEP][PASSED] - maximizeWindow(): Current window maximized

2024-11-12 17:38:03 - [MESSAGE][PASSED] - Current window maximized

2024-11-12 17:38:03 - [TEST_STEP][PASSED] - navigateToUrl(RADurl): Navigate to 'https://www.velocitypayment.com/client/rad/index.html' successfully

2024-11-12 17:38:04 - [MESSAGE][PASSED] - Navigate to 'https://www.velocitypayment.com/client/rad/index.html' successfully

2024-11-12 17:38:04 - [TEST_STEP][PASSED] - orPath_Landing = "Object Repository/RAD_Pages/Landing_Page": null

2024-11-12 17:38:04 - [TEST_STEP][PASSED] - orPath_TaxTypeFilingYear = "Object Repository/RAD_Pages/TaxTypeFilingYear_Page": null

2024-11-12 17:38:04 - [TEST_STEP][PASSED] - orPath_TaxPayer = "Object Repository/RAD_Pages/Taxpayer_Page": null

2024-11-12 17:38:04 - [TEST_STEP][PASSED] - orPath_AddressContact = "Object Repository/RAD_Pages/AddressAndContactInfo_Page": null

2024-11-12 17:38:04 - [TEST_STEP][PASSED] - orPath_FilingStatus = "Object Repository/RAD_Pages/FilingStatus_Page": null

2024-11-12 17:38:04 - [TEST_STEP][PASSED] - orPath_Amount = "Object Repository/RAD_Pages/PaymentAmount_Page": null

2024-11-12 17:38:04 - [TEST_STEP][PASSED] - orPath_TaxInfo = "Object Repository/RAD_Pages/TaxInfo_Page": null

2024-11-12 17:38:04 - [TEST_STEP][PASSED] - orPath_Withholding = "Object Repository/RAD_Pages/Withholding_Page": null

2024-11-12 17:38:04 - [TEST_STEP][PASSED] - orPath_Summary = "Object Repository/RAD_Pages/Summary_Page": null

2024-11-12 17:38:04 - [TEST_STEP][PASSED] - orPath_PaymentReady = "Object Repository/RAD_Pages/PaymentReady_Page": null

2024-11-12 17:38:04 - [TEST_STEP][PASSED] - orPath_PaymentEntry = "Object Repository/RAD_Pages/PaymentEntry_Page": null

2024-11-12 17:38:04 - [TEST_STEP][PASSED] - orPath_PaymentConfirmation = "Object Repository/RAD_Pages/PaymentConfirmation_Page": null

2024-11-12 17:38:04 - [TEST_STEP][PASSED] - orPath_ServiceFeesAccept = "Object Repository/RAD_Pages/ServiceFeeAccept_Page": null

2024-11-12 17:38:04 - [TEST_STEP][PASSED] - selectOptionByLabel(findTestObject(orPath_Landing + "/dd_TaxType"), Paymenttype, false): All options with label 'Extension Payments' are selected in object 'Object Repository/RAD_Pages/Landing_Page/dd_TaxType' 

2024-11-12 17:38:05 - [MESSAGE][PASSED] - All options with label 'Extension Payments' are selected in object 'Object Repository/RAD_Pages/Landing_Page/dd_TaxType' 

2024-11-12 17:38:05 - [TEST_STEP][PASSED] - delay(1): Delayed 1 second(s)

2024-11-12 17:38:06 - [MESSAGE][PASSED] - Delayed 1 second(s)

2024-11-12 17:38:06 - [TEST_STEP][PASSED] - switch (Paymenttype): null

2024-11-12 17:38:06 - [TEST_STEP][PASSED] - case "Extension Payments":: null

2024-11-12 17:38:06 - [TEST_STEP][PASSED] - selectOptionByLabel(findTestObject(orPath_TaxTypeFilingYear + "/select_PaymentType"), Taxtype, false): All options with label 'PTE Tax Electing S Corp' are selected in object 'Object Repository/RAD_Pages/TaxTypeFilingYear_Page/select_PaymentType' 

2024-11-12 17:38:07 - [MESSAGE][PASSED] - All options with label 'PTE Tax Electing S Corp' are selected in object 'Object Repository/RAD_Pages/TaxTypeFilingYear_Page/select_PaymentType' 

2024-11-12 17:38:07 - [TEST_STEP][PASSED] - break: null

2024-11-12 17:38:07 - [TEST_STEP][PASSED] - delay(1): Delayed 1 second(s)

2024-11-12 17:38:08 - [MESSAGE][PASSED] - Delayed 1 second(s)

2024-11-12 17:38:08 - [TEST_STEP][PASSED] - switch (Paymenttype): null

2024-11-12 17:38:08 - [TEST_STEP][PASSED] - case "Extension Payments":: null

2024-11-12 17:38:08 - [TEST_STEP][PASSED] - if (feinSsn.equalsIgnoreCase("Y")): Text ****** has been set on object 'Object Repository/RAD_Pages/TaxInfo_Page/input_TaxInfo_RetypeFeinSsn_New_2'

2024-11-12 17:38:08 - [TEST_STEP][PASSED] - setEncryptedText(findTestObject(orPath_TaxInfo + "/input_TaxInfo_FeinSsn_New_2"), "iGDxf8hSRT4="): Text ****** has been set on object 'Object Repository/RAD_Pages/TaxInfo_Page/input_TaxInfo_FeinSsn_New_2'

2024-11-12 17:38:08 - [MESSAGE][PASSED] - Text ****** has been set on object 'Object Repository/RAD_Pages/TaxInfo_Page/input_TaxInfo_FeinSsn_New_2'

2024-11-12 17:38:08 - [TEST_STEP][PASSED] - setEncryptedText(findTestObject(orPath_TaxInfo + "/input_TaxInfo_RetypeFeinSsn_New_2"), ""): Text ****** has been set on object 'Object Repository/RAD_Pages/TaxInfo_Page/input_TaxInfo_RetypeFeinSsn_New_2'

2024-11-12 17:38:09 - [MESSAGE][PASSED] - Text ****** has been set on object 'Object Repository/RAD_Pages/TaxInfo_Page/input_TaxInfo_RetypeFeinSsn_New_2'

2024-11-12 17:38:09 - [TEST_STEP][PASSED] - break: null

2024-11-12 17:38:09 - [TEST_STEP][PASSED] - if (feinSsn.equalsIgnoreCase("Y")): null

2024-11-12 17:38:09 - [TEST_STEP][PASSED] - if (verifyTextPresent("Please enter a valid FEIN/SSN with 9 digits", true)): null

2024-11-12 17:38:09 - [MESSAGE][PASSED] - Text 'Please enter a valid FEIN/SSN with 9 digits' is present on page  using regular expression

2024-11-12 17:38:09 - [TEST_STEP][PASSED] - println("Error Message is present on the page"): null

2024-11-12 17:38:09 - [TEST_STEP][PASSED] - out.println("Pass Record Number: " + row): null

2024-11-12 17:38:09 - [TEST_STEP][PASSED] - resText = "Pass": null

2024-11-12 17:38:09 - [TEST_STEP][PASSED] - pages.WriteExcel.demoKey(resText, datText, resColumn, datCloumn, fileLoc, nameSheet, row): pages.WriteExcel.demoKey is PASSED

2024-11-12 17:38:09 - [MESSAGE][PASSED] - pages.WriteExcel.demoKey is PASSED

2024-11-12 17:38:09 - [TEST_STEP][PASSED] - ExecuteTC = findTestData(dataFile).getValue("Execute", row): null

2024-11-12 17:38:09 - [TEST_STEP][PASSED] - Taxtype = findTestData(dataFile).getValue("TaxType", row): null

2024-11-12 17:38:09 - [TEST_STEP][PASSED] - Paymenttype = findTestData(dataFile).getValue("PaymentType", row): null

2024-11-12 17:38:09 - [TEST_STEP][PASSED] - feinSsn = findTestData(dataFile).getValue("FEINSSN", row): null

2024-11-12 17:38:09 - [TEST_STEP][PASSED] - out.println("Value of Execute is : " + ExecuteTC): null

2024-11-12 17:38:09 - [TEST_STEP][PASSED] - if (ExecuteTC.equalsIgnoreCase("Y")): null

2024-11-12 17:38:09 - [TEST_STEP][PASSED] - out.println("Begin Record Number: " + row): null

2024-11-12 17:38:09 - [TEST_STEP][PASSED] - today = new java.util.Date(): null

2024-11-12 17:38:09 - [TEST_STEP][PASSED] - println(today): null

2024-11-12 17:38:09 - [TEST_STEP][PASSED] - datText = today: null

2024-11-12 17:38:09 - [TEST_STEP][PASSED] - Taxtype = findTestData(dataFile).getValue("TaxType", row): null

2024-11-12 17:38:09 - [TEST_STEP][PASSED] - out.println("Taxtype value is : " + Taxtype): null

2024-11-12 17:38:09 - [TEST_STEP][PASSED] - openBrowser(""): Browser is opened with url: ''

2024-11-12 17:38:09 - [MESSAGE][WARNING] - A browser is already opened. Closing browser and opening a new one

2024-11-12 17:38:11 - [MESSAGE][INFO] - Starting 'Chrome' driver

2024-11-12 17:38:11 - [MESSAGE][INFO] - User set preference: ['acceptInsecureCerts', 'true']

2024-11-12 17:38:11 - [MESSAGE][INFO] - Action delay is set to 0 milliseconds

2024-11-12 17:38:12 - [MESSAGE][PASSED] - Browser is opened with url: ''

2024-11-12 17:38:12 - [TEST_STEP][PASSED] - maximizeWindow(): Current window maximized

2024-11-12 17:38:12 - [MESSAGE][PASSED] - Current window maximized

2024-11-12 17:38:12 - [TEST_STEP][PASSED] - navigateToUrl(RADurl): Navigate to 'https://www.velocitypayment.com/client/rad/index.html' successfully

2024-11-12 17:38:14 - [MESSAGE][PASSED] - Navigate to 'https://www.velocitypayment.com/client/rad/index.html' successfully

2024-11-12 17:38:14 - [TEST_STEP][PASSED] - orPath_Landing = "Object Repository/RAD_Pages/Landing_Page": null

2024-11-12 17:38:14 - [TEST_STEP][PASSED] - orPath_TaxTypeFilingYear = "Object Repository/RAD_Pages/TaxTypeFilingYear_Page": null

2024-11-12 17:38:14 - [TEST_STEP][PASSED] - orPath_TaxPayer = "Object Repository/RAD_Pages/Taxpayer_Page": null

2024-11-12 17:38:14 - [TEST_STEP][PASSED] - orPath_AddressContact = "Object Repository/RAD_Pages/AddressAndContactInfo_Page": null

2024-11-12 17:38:14 - [TEST_STEP][PASSED] - orPath_FilingStatus = "Object Repository/RAD_Pages/FilingStatus_Page": null

2024-11-12 17:38:14 - [TEST_STEP][PASSED] - orPath_Amount = "Object Repository/RAD_Pages/PaymentAmount_Page": null

2024-11-12 17:38:14 - [TEST_STEP][PASSED] - orPath_TaxInfo = "Object Repository/RAD_Pages/TaxInfo_Page": null

2024-11-12 17:38:14 - [TEST_STEP][PASSED] - orPath_Withholding = "Object Repository/RAD_Pages/Withholding_Page": null

2024-11-12 17:38:14 - [TEST_STEP][PASSED] - orPath_Summary = "Object Repository/RAD_Pages/Summary_Page": null

2024-11-12 17:38:14 - [TEST_STEP][PASSED] - orPath_PaymentReady = "Object Repository/RAD_Pages/PaymentReady_Page": null

2024-11-12 17:38:14 - [TEST_STEP][PASSED] - orPath_PaymentEntry = "Object Repository/RAD_Pages/PaymentEntry_Page": null

2024-11-12 17:38:14 - [TEST_STEP][PASSED] - orPath_PaymentConfirmation = "Object Repository/RAD_Pages/PaymentConfirmation_Page": null

2024-11-12 17:38:14 - [TEST_STEP][PASSED] - orPath_ServiceFeesAccept = "Object Repository/RAD_Pages/ServiceFeeAccept_Page": null

2024-11-12 17:38:14 - [TEST_STEP][PASSED] - selectOptionByLabel(findTestObject(orPath_Landing + "/dd_TaxType"), Paymenttype, false): All options with label 'New Tax Return Amount Due' are selected in object 'Object Repository/RAD_Pages/Landing_Page/dd_TaxType' 

2024-11-12 17:38:15 - [MESSAGE][PASSED] - All options with label 'New Tax Return Amount Due' are selected in object 'Object Repository/RAD_Pages/Landing_Page/dd_TaxType' 

2024-11-12 17:38:15 - [TEST_STEP][PASSED] - delay(1): Delayed 1 second(s)

2024-11-12 17:38:16 - [MESSAGE][PASSED] - Delayed 1 second(s)

2024-11-12 17:38:16 - [TEST_STEP][PASSED] - switch (Paymenttype): null

2024-11-12 17:38:16 - [TEST_STEP][PASSED] - case "New Tax Return Amount Due":: null

2024-11-12 17:38:16 - [TEST_STEP][PASSED] - selectOptionByLabel(findTestObject("Object Repository/RAD_Pages/Landing_Page/select_NewTaxReturnAmountDue_TaxType"), Taxtype, false): All options with label 'Fiduciary Tax' are selected in object 'Object Repository/RAD_Pages/Landing_Page/select_NewTaxReturnAmountDue_TaxType' 

2024-11-12 17:38:16 - [MESSAGE][PASSED] - All options with label 'Fiduciary Tax' are selected in object 'Object Repository/RAD_Pages/Landing_Page/select_NewTaxReturnAmountDue_TaxType' 

2024-11-12 17:38:16 - [TEST_STEP][PASSED] - break: null

2024-11-12 17:38:16 - [TEST_STEP][PASSED] - delay(1): Delayed 1 second(s)

2024-11-12 17:38:17 - [MESSAGE][PASSED] - Delayed 1 second(s)

2024-11-12 17:38:17 - [TEST_STEP][PASSED] - switch (Paymenttype): null

2024-11-12 17:38:17 - [TEST_STEP][PASSED] - case "New Tax Return Amount Due":: null

2024-11-12 17:38:17 - [TEST_STEP][PASSED] - if (feinSsn.equalsIgnoreCase("Y")): null

2024-11-12 17:38:17 - [TEST_STEP][PASSED] - else: Text ****** has been set on object 'Object Repository/RAD_Pages/TaxInfo_Page/input_FederalEIN_ReEnter-2'

2024-11-12 17:38:17 - [TEST_STEP][PASSED] - setEncryptedText(findTestObject(orPath_TaxInfo + "/input_FederalEIN-2"), "iGDxf8hSRT4="): Text ****** has been set on object 'Object Repository/RAD_Pages/TaxInfo_Page/input_FederalEIN-2'

2024-11-12 17:38:18 - [MESSAGE][PASSED] - Text ****** has been set on object 'Object Repository/RAD_Pages/TaxInfo_Page/input_FederalEIN-2'

2024-11-12 17:38:18 - [TEST_STEP][PASSED] - setEncryptedText(findTestObject(orPath_TaxInfo + "/input_FederalEIN_ReEnter-2"), ""): Text ****** has been set on object 'Object Repository/RAD_Pages/TaxInfo_Page/input_FederalEIN_ReEnter-2'

2024-11-12 17:38:18 - [MESSAGE][PASSED] - Text ****** has been set on object 'Object Repository/RAD_Pages/TaxInfo_Page/input_FederalEIN_ReEnter-2'

2024-11-12 17:38:19 - [TEST_STEP][PASSED] - break: null

2024-11-12 17:38:19 - [TEST_STEP][PASSED] - if (feinSsn.equalsIgnoreCase("Y")): null

2024-11-12 17:38:19 - [TEST_STEP][PASSED] - else: null

2024-11-12 17:38:19 - [TEST_STEP][PASSED] - if (verifyTextPresent("Please enter a valid FEIN with 9 digits.", true)): null

2024-11-12 17:38:19 - [MESSAGE][PASSED] - Text 'Please enter a valid FEIN with 9 digits.' is present on page  using regular expression

2024-11-12 17:38:19 - [TEST_STEP][PASSED] - println("Error Message is present on the page"): null

2024-11-12 17:38:19 - [TEST_STEP][PASSED] - out.println("Pass Record Number: " + row): null

2024-11-12 17:38:19 - [TEST_STEP][PASSED] - resText = "Pass": null

2024-11-12 17:38:19 - [TEST_STEP][PASSED] - pages.WriteExcel.demoKey(resText, datText, resColumn, datCloumn, fileLoc, nameSheet, row): pages.WriteExcel.demoKey is PASSED

2024-11-12 17:38:19 - [MESSAGE][PASSED] - pages.WriteExcel.demoKey is PASSED

2024-11-12 17:38:19 - [TEST_STEP][PASSED] - ExecuteTC = findTestData(dataFile).getValue("Execute", row): null

2024-11-12 17:38:19 - [TEST_STEP][PASSED] - Taxtype = findTestData(dataFile).getValue("TaxType", row): null

2024-11-12 17:38:19 - [TEST_STEP][PASSED] - Paymenttype = findTestData(dataFile).getValue("PaymentType", row): null

2024-11-12 17:38:19 - [TEST_STEP][PASSED] - feinSsn = findTestData(dataFile).getValue("FEINSSN", row): null

2024-11-12 17:38:19 - [TEST_STEP][PASSED] - out.println("Value of Execute is : " + ExecuteTC): null

2024-11-12 17:38:19 - [TEST_STEP][PASSED] - if (ExecuteTC.equalsIgnoreCase("Y")): null

2024-11-12 17:38:19 - [TEST_STEP][PASSED] - out.println("Begin Record Number: " + row): null

2024-11-12 17:38:19 - [TEST_STEP][PASSED] - today = new java.util.Date(): null

2024-11-12 17:38:19 - [TEST_STEP][PASSED] - println(today): null

2024-11-12 17:38:19 - [TEST_STEP][PASSED] - datText = today: null

2024-11-12 17:38:19 - [TEST_STEP][PASSED] - Taxtype = findTestData(dataFile).getValue("TaxType", row): null

2024-11-12 17:38:19 - [TEST_STEP][PASSED] - out.println("Taxtype value is : " + Taxtype): null

2024-11-12 17:38:19 - [TEST_STEP][PASSED] - openBrowser(""): Browser is opened with url: ''

2024-11-12 17:38:19 - [MESSAGE][WARNING] - A browser is already opened. Closing browser and opening a new one

2024-11-12 17:38:20 - [MESSAGE][INFO] - Starting 'Chrome' driver

2024-11-12 17:38:20 - [MESSAGE][INFO] - User set preference: ['acceptInsecureCerts', 'true']

2024-11-12 17:38:20 - [MESSAGE][INFO] - Action delay is set to 0 milliseconds

2024-11-12 17:38:22 - [MESSAGE][PASSED] - Browser is opened with url: ''

2024-11-12 17:38:22 - [TEST_STEP][PASSED] - maximizeWindow(): Current window maximized

2024-11-12 17:38:22 - [MESSAGE][PASSED] - Current window maximized

2024-11-12 17:38:22 - [TEST_STEP][PASSED] - navigateToUrl(RADurl): Navigate to 'https://www.velocitypayment.com/client/rad/index.html' successfully

2024-11-12 17:38:26 - [MESSAGE][PASSED] - Navigate to 'https://www.velocitypayment.com/client/rad/index.html' successfully

2024-11-12 17:38:26 - [TEST_STEP][PASSED] - orPath_Landing = "Object Repository/RAD_Pages/Landing_Page": null

2024-11-12 17:38:26 - [TEST_STEP][PASSED] - orPath_TaxTypeFilingYear = "Object Repository/RAD_Pages/TaxTypeFilingYear_Page": null

2024-11-12 17:38:26 - [TEST_STEP][PASSED] - orPath_TaxPayer = "Object Repository/RAD_Pages/Taxpayer_Page": null

2024-11-12 17:38:26 - [TEST_STEP][PASSED] - orPath_AddressContact = "Object Repository/RAD_Pages/AddressAndContactInfo_Page": null

2024-11-12 17:38:26 - [TEST_STEP][PASSED] - orPath_FilingStatus = "Object Repository/RAD_Pages/FilingStatus_Page": null

2024-11-12 17:38:26 - [TEST_STEP][PASSED] - orPath_Amount = "Object Repository/RAD_Pages/PaymentAmount_Page": null

2024-11-12 17:38:26 - [TEST_STEP][PASSED] - orPath_TaxInfo = "Object Repository/RAD_Pages/TaxInfo_Page": null

2024-11-12 17:38:26 - [TEST_STEP][PASSED] - orPath_Withholding = "Object Repository/RAD_Pages/Withholding_Page": null

2024-11-12 17:38:26 - [TEST_STEP][PASSED] - orPath_Summary = "Object Repository/RAD_Pages/Summary_Page": null

2024-11-12 17:38:26 - [TEST_STEP][PASSED] - orPath_PaymentReady = "Object Repository/RAD_Pages/PaymentReady_Page": null

2024-11-12 17:38:26 - [TEST_STEP][PASSED] - orPath_PaymentEntry = "Object Repository/RAD_Pages/PaymentEntry_Page": null

2024-11-12 17:38:26 - [TEST_STEP][PASSED] - orPath_PaymentConfirmation = "Object Repository/RAD_Pages/PaymentConfirmation_Page": null

2024-11-12 17:38:26 - [TEST_STEP][PASSED] - orPath_ServiceFeesAccept = "Object Repository/RAD_Pages/ServiceFeeAccept_Page": null

2024-11-12 17:38:26 - [TEST_STEP][PASSED] - selectOptionByLabel(findTestObject(orPath_Landing + "/dd_TaxType"), Paymenttype, false): All options with label 'New Tax Return Amount Due' are selected in object 'Object Repository/RAD_Pages/Landing_Page/dd_TaxType' 

2024-11-12 17:38:27 - [MESSAGE][PASSED] - All options with label 'New Tax Return Amount Due' are selected in object 'Object Repository/RAD_Pages/Landing_Page/dd_TaxType' 

2024-11-12 17:38:27 - [TEST_STEP][PASSED] - delay(1): Delayed 1 second(s)

2024-11-12 17:38:28 - [MESSAGE][PASSED] - Delayed 1 second(s)

2024-11-12 17:38:28 - [TEST_STEP][PASSED] - switch (Paymenttype): null

2024-11-12 17:38:28 - [TEST_STEP][PASSED] - case "New Tax Return Amount Due":: null

2024-11-12 17:38:28 - [TEST_STEP][PASSED] - selectOptionByLabel(findTestObject("Object Repository/RAD_Pages/Landing_Page/select_NewTaxReturnAmountDue_TaxType"), Taxtype, false): All options with label 'PTE Non-Electing Non-S Corp' are selected in object 'Object Repository/RAD_Pages/Landing_Page/select_NewTaxReturnAmountDue_TaxType' 

2024-11-12 17:38:29 - [MESSAGE][PASSED] - All options with label 'PTE Non-Electing Non-S Corp' are selected in object 'Object Repository/RAD_Pages/Landing_Page/select_NewTaxReturnAmountDue_TaxType' 

2024-11-12 17:38:29 - [TEST_STEP][PASSED] - break: null

2024-11-12 17:38:29 - [TEST_STEP][PASSED] - delay(1): Delayed 1 second(s)

2024-11-12 17:38:30 - [MESSAGE][PASSED] - Delayed 1 second(s)

2024-11-12 17:38:30 - [TEST_STEP][PASSED] - switch (Paymenttype): null

2024-11-12 17:38:30 - [TEST_STEP][PASSED] - case "New Tax Return Amount Due":: null

2024-11-12 17:38:30 - [TEST_STEP][PASSED] - if (feinSsn.equalsIgnoreCase("Y")): Text ****** has been set on object 'Object Repository/RAD_Pages/TaxInfo_Page/input_TaxInfo_RetypeFeinSsn_New_2'

2024-11-12 17:38:30 - [TEST_STEP][PASSED] - setEncryptedText(findTestObject(orPath_TaxInfo + "//input_TaxInfo_FeinSsn_New_2"), "iGDxf8hSRT4="): Text ****** has been set on object 'Object Repository/RAD_Pages/TaxInfo_Page//input_TaxInfo_FeinSsn_New_2'

2024-11-12 17:38:30 - [MESSAGE][PASSED] - Text ****** has been set on object 'Object Repository/RAD_Pages/TaxInfo_Page//input_TaxInfo_FeinSsn_New_2'

2024-11-12 17:38:30 - [TEST_STEP][PASSED] - setEncryptedText(findTestObject(orPath_TaxInfo + "/input_TaxInfo_RetypeFeinSsn_New_2"), ""): Text ****** has been set on object 'Object Repository/RAD_Pages/TaxInfo_Page/input_TaxInfo_RetypeFeinSsn_New_2'

2024-11-12 17:38:31 - [MESSAGE][PASSED] - Text ****** has been set on object 'Object Repository/RAD_Pages/TaxInfo_Page/input_TaxInfo_RetypeFeinSsn_New_2'

2024-11-12 17:38:31 - [TEST_STEP][PASSED] - break: null

2024-11-12 17:38:31 - [TEST_STEP][PASSED] - if (feinSsn.equalsIgnoreCase("Y")): null

2024-11-12 17:38:31 - [TEST_STEP][PASSED] - if (verifyTextPresent("Please enter a valid FEIN/SSN with 9 digits", true)): null

2024-11-12 17:38:31 - [MESSAGE][PASSED] - Text 'Please enter a valid FEIN/SSN with 9 digits' is present on page  using regular expression

2024-11-12 17:38:31 - [TEST_STEP][PASSED] - println("Error Message is present on the page"): null

2024-11-12 17:38:31 - [TEST_STEP][PASSED] - out.println("Pass Record Number: " + row): null

2024-11-12 17:38:31 - [TEST_STEP][PASSED] - resText = "Pass": null

2024-11-12 17:38:31 - [TEST_STEP][PASSED] - pages.WriteExcel.demoKey(resText, datText, resColumn, datCloumn, fileLoc, nameSheet, row): pages.WriteExcel.demoKey is PASSED

2024-11-12 17:38:31 - [MESSAGE][PASSED] - pages.WriteExcel.demoKey is PASSED

2024-11-12 17:38:31 - [TEST_STEP][PASSED] - ExecuteTC = findTestData(dataFile).getValue("Execute", row): null

2024-11-12 17:38:31 - [TEST_STEP][PASSED] - Taxtype = findTestData(dataFile).getValue("TaxType", row): null

2024-11-12 17:38:31 - [TEST_STEP][PASSED] - Paymenttype = findTestData(dataFile).getValue("PaymentType", row): null

2024-11-12 17:38:31 - [TEST_STEP][PASSED] - feinSsn = findTestData(dataFile).getValue("FEINSSN", row): null

2024-11-12 17:38:31 - [TEST_STEP][PASSED] - out.println("Value of Execute is : " + ExecuteTC): null

2024-11-12 17:38:31 - [TEST_STEP][PASSED] - if (ExecuteTC.equalsIgnoreCase("Y")): null

2024-11-12 17:38:31 - [TEST_STEP][PASSED] - out.println("Begin Record Number: " + row): null

2024-11-12 17:38:31 - [TEST_STEP][PASSED] - today = new java.util.Date(): null

2024-11-12 17:38:31 - [TEST_STEP][PASSED] - println(today): null

2024-11-12 17:38:31 - [TEST_STEP][PASSED] - datText = today: null

2024-11-12 17:38:31 - [TEST_STEP][PASSED] - Taxtype = findTestData(dataFile).getValue("TaxType", row): null

2024-11-12 17:38:31 - [TEST_STEP][PASSED] - out.println("Taxtype value is : " + Taxtype): null

2024-11-12 17:38:31 - [TEST_STEP][PASSED] - openBrowser(""): Browser is opened with url: ''

2024-11-12 17:38:31 - [MESSAGE][WARNING] - A browser is already opened. Closing browser and opening a new one

2024-11-12 17:38:33 - [MESSAGE][INFO] - Starting 'Chrome' driver

2024-11-12 17:38:33 - [MESSAGE][INFO] - User set preference: ['acceptInsecureCerts', 'true']

2024-11-12 17:38:33 - [MESSAGE][INFO] - Action delay is set to 0 milliseconds

2024-11-12 17:38:34 - [MESSAGE][PASSED] - Browser is opened with url: ''

2024-11-12 17:38:34 - [TEST_STEP][PASSED] - maximizeWindow(): Current window maximized

2024-11-12 17:38:34 - [MESSAGE][PASSED] - Current window maximized

2024-11-12 17:38:34 - [TEST_STEP][PASSED] - navigateToUrl(RADurl): Navigate to 'https://www.velocitypayment.com/client/rad/index.html' successfully

2024-11-12 17:38:35 - [MESSAGE][PASSED] - Navigate to 'https://www.velocitypayment.com/client/rad/index.html' successfully

2024-11-12 17:38:35 - [TEST_STEP][PASSED] - orPath_Landing = "Object Repository/RAD_Pages/Landing_Page": null

2024-11-12 17:38:35 - [TEST_STEP][PASSED] - orPath_TaxTypeFilingYear = "Object Repository/RAD_Pages/TaxTypeFilingYear_Page": null

2024-11-12 17:38:35 - [TEST_STEP][PASSED] - orPath_TaxPayer = "Object Repository/RAD_Pages/Taxpayer_Page": null

2024-11-12 17:38:35 - [TEST_STEP][PASSED] - orPath_AddressContact = "Object Repository/RAD_Pages/AddressAndContactInfo_Page": null

2024-11-12 17:38:35 - [TEST_STEP][PASSED] - orPath_FilingStatus = "Object Repository/RAD_Pages/FilingStatus_Page": null

2024-11-12 17:38:35 - [TEST_STEP][PASSED] - orPath_Amount = "Object Repository/RAD_Pages/PaymentAmount_Page": null

2024-11-12 17:38:35 - [TEST_STEP][PASSED] - orPath_TaxInfo = "Object Repository/RAD_Pages/TaxInfo_Page": null

2024-11-12 17:38:35 - [TEST_STEP][PASSED] - orPath_Withholding = "Object Repository/RAD_Pages/Withholding_Page": null

2024-11-12 17:38:35 - [TEST_STEP][PASSED] - orPath_Summary = "Object Repository/RAD_Pages/Summary_Page": null

2024-11-12 17:38:35 - [TEST_STEP][PASSED] - orPath_PaymentReady = "Object Repository/RAD_Pages/PaymentReady_Page": null

2024-11-12 17:38:35 - [TEST_STEP][PASSED] - orPath_PaymentEntry = "Object Repository/RAD_Pages/PaymentEntry_Page": null

2024-11-12 17:38:35 - [TEST_STEP][PASSED] - orPath_PaymentConfirmation = "Object Repository/RAD_Pages/PaymentConfirmation_Page": null

2024-11-12 17:38:35 - [TEST_STEP][PASSED] - orPath_ServiceFeesAccept = "Object Repository/RAD_Pages/ServiceFeeAccept_Page": null

2024-11-12 17:38:35 - [TEST_STEP][PASSED] - selectOptionByLabel(findTestObject(orPath_Landing + "/dd_TaxType"), Paymenttype, false): All options with label 'New Tax Return Amount Due' are selected in object 'Object Repository/RAD_Pages/Landing_Page/dd_TaxType' 

2024-11-12 17:38:38 - [MESSAGE][PASSED] - All options with label 'New Tax Return Amount Due' are selected in object 'Object Repository/RAD_Pages/Landing_Page/dd_TaxType' 

2024-11-12 17:38:38 - [TEST_STEP][PASSED] - delay(1): Delayed 1 second(s)

2024-11-12 17:38:39 - [MESSAGE][PASSED] - Delayed 1 second(s)

2024-11-12 17:38:39 - [TEST_STEP][PASSED] - switch (Paymenttype): null

2024-11-12 17:38:39 - [TEST_STEP][PASSED] - case "New Tax Return Amount Due":: null

2024-11-12 17:38:39 - [TEST_STEP][PASSED] - selectOptionByLabel(findTestObject("Object Repository/RAD_Pages/Landing_Page/select_NewTaxReturnAmountDue_TaxType"), Taxtype, false): All options with label 'PTE Non-Electing S Corp' are selected in object 'Object Repository/RAD_Pages/Landing_Page/select_NewTaxReturnAmountDue_TaxType' 

2024-11-12 17:38:39 - [MESSAGE][PASSED] - All options with label 'PTE Non-Electing S Corp' are selected in object 'Object Repository/RAD_Pages/Landing_Page/select_NewTaxReturnAmountDue_TaxType' 

2024-11-12 17:38:39 - [TEST_STEP][PASSED] - break: null

2024-11-12 17:38:39 - [TEST_STEP][PASSED] - delay(1): Delayed 1 second(s)

2024-11-12 17:38:40 - [MESSAGE][PASSED] - Delayed 1 second(s)

2024-11-12 17:38:40 - [TEST_STEP][PASSED] - switch (Paymenttype): null

2024-11-12 17:38:40 - [TEST_STEP][PASSED] - case "New Tax Return Amount Due":: null

2024-11-12 17:38:40 - [TEST_STEP][PASSED] - if (feinSsn.equalsIgnoreCase("Y")): Text ****** has been set on object 'Object Repository/RAD_Pages/TaxInfo_Page/input_TaxInfo_RetypeFeinSsn_New_2'

2024-11-12 17:38:40 - [TEST_STEP][PASSED] - setEncryptedText(findTestObject(orPath_TaxInfo + "//input_TaxInfo_FeinSsn_New_2"), "iGDxf8hSRT4="): Text ****** has been set on object 'Object Repository/RAD_Pages/TaxInfo_Page//input_TaxInfo_FeinSsn_New_2'

2024-11-12 17:38:41 - [MESSAGE][PASSED] - Text ****** has been set on object 'Object Repository/RAD_Pages/TaxInfo_Page//input_TaxInfo_FeinSsn_New_2'

2024-11-12 17:38:41 - [TEST_STEP][PASSED] - setEncryptedText(findTestObject(orPath_TaxInfo + "/input_TaxInfo_RetypeFeinSsn_New_2"), ""): Text ****** has been set on object 'Object Repository/RAD_Pages/TaxInfo_Page/input_TaxInfo_RetypeFeinSsn_New_2'

2024-11-12 17:38:41 - [MESSAGE][PASSED] - Text ****** has been set on object 'Object Repository/RAD_Pages/TaxInfo_Page/input_TaxInfo_RetypeFeinSsn_New_2'

2024-11-12 17:38:41 - [TEST_STEP][PASSED] - break: null

2024-11-12 17:38:41 - [TEST_STEP][PASSED] - if (feinSsn.equalsIgnoreCase("Y")): null

2024-11-12 17:38:41 - [TEST_STEP][PASSED] - if (verifyTextPresent("Please enter a valid FEIN/SSN with 9 digits", true)): null

2024-11-12 17:38:42 - [MESSAGE][PASSED] - Text 'Please enter a valid FEIN/SSN with 9 digits' is present on page  using regular expression

2024-11-12 17:38:42 - [TEST_STEP][PASSED] - println("Error Message is present on the page"): null

2024-11-12 17:38:42 - [TEST_STEP][PASSED] - out.println("Pass Record Number: " + row): null

2024-11-12 17:38:42 - [TEST_STEP][PASSED] - resText = "Pass": null

2024-11-12 17:38:42 - [TEST_STEP][PASSED] - pages.WriteExcel.demoKey(resText, datText, resColumn, datCloumn, fileLoc, nameSheet, row): pages.WriteExcel.demoKey is PASSED

2024-11-12 17:38:42 - [MESSAGE][PASSED] - pages.WriteExcel.demoKey is PASSED

2024-11-12 17:38:42 - [TEST_STEP][PASSED] - ExecuteTC = findTestData(dataFile).getValue("Execute", row): null

2024-11-12 17:38:42 - [TEST_STEP][PASSED] - Taxtype = findTestData(dataFile).getValue("TaxType", row): null

2024-11-12 17:38:42 - [TEST_STEP][PASSED] - Paymenttype = findTestData(dataFile).getValue("PaymentType", row): null

2024-11-12 17:38:42 - [TEST_STEP][PASSED] - feinSsn = findTestData(dataFile).getValue("FEINSSN", row): null

2024-11-12 17:38:42 - [TEST_STEP][PASSED] - out.println("Value of Execute is : " + ExecuteTC): null

2024-11-12 17:38:42 - [TEST_STEP][PASSED] - if (ExecuteTC.equalsIgnoreCase("Y")): null

2024-11-12 17:38:42 - [TEST_STEP][PASSED] - out.println("Begin Record Number: " + row): null

2024-11-12 17:38:42 - [TEST_STEP][PASSED] - today = new java.util.Date(): null

2024-11-12 17:38:42 - [TEST_STEP][PASSED] - println(today): null

2024-11-12 17:38:42 - [TEST_STEP][PASSED] - datText = today: null

2024-11-12 17:38:42 - [TEST_STEP][PASSED] - Taxtype = findTestData(dataFile).getValue("TaxType", row): null

2024-11-12 17:38:42 - [TEST_STEP][PASSED] - out.println("Taxtype value is : " + Taxtype): null

2024-11-12 17:38:42 - [TEST_STEP][PASSED] - openBrowser(""): Browser is opened with url: ''

2024-11-12 17:38:42 - [MESSAGE][WARNING] - A browser is already opened. Closing browser and opening a new one

2024-11-12 17:38:43 - [MESSAGE][INFO] - Starting 'Chrome' driver

2024-11-12 17:38:43 - [MESSAGE][INFO] - User set preference: ['acceptInsecureCerts', 'true']

2024-11-12 17:38:43 - [MESSAGE][INFO] - Action delay is set to 0 milliseconds

2024-11-12 17:38:45 - [MESSAGE][PASSED] - Browser is opened with url: ''

2024-11-12 17:38:45 - [TEST_STEP][PASSED] - maximizeWindow(): Current window maximized

2024-11-12 17:38:45 - [MESSAGE][PASSED] - Current window maximized

2024-11-12 17:38:45 - [TEST_STEP][PASSED] - navigateToUrl(RADurl): Navigate to 'https://www.velocitypayment.com/client/rad/index.html' successfully

2024-11-12 17:38:47 - [MESSAGE][PASSED] - Navigate to 'https://www.velocitypayment.com/client/rad/index.html' successfully

2024-11-12 17:38:47 - [TEST_STEP][PASSED] - orPath_Landing = "Object Repository/RAD_Pages/Landing_Page": null

2024-11-12 17:38:47 - [TEST_STEP][PASSED] - orPath_TaxTypeFilingYear = "Object Repository/RAD_Pages/TaxTypeFilingYear_Page": null

2024-11-12 17:38:47 - [TEST_STEP][PASSED] - orPath_TaxPayer = "Object Repository/RAD_Pages/Taxpayer_Page": null

2024-11-12 17:38:47 - [TEST_STEP][PASSED] - orPath_AddressContact = "Object Repository/RAD_Pages/AddressAndContactInfo_Page": null

2024-11-12 17:38:47 - [TEST_STEP][PASSED] - orPath_FilingStatus = "Object Repository/RAD_Pages/FilingStatus_Page": null

2024-11-12 17:38:47 - [TEST_STEP][PASSED] - orPath_Amount = "Object Repository/RAD_Pages/PaymentAmount_Page": null

2024-11-12 17:38:47 - [TEST_STEP][PASSED] - orPath_TaxInfo = "Object Repository/RAD_Pages/TaxInfo_Page": null

2024-11-12 17:38:47 - [TEST_STEP][PASSED] - orPath_Withholding = "Object Repository/RAD_Pages/Withholding_Page": null

2024-11-12 17:38:47 - [TEST_STEP][PASSED] - orPath_Summary = "Object Repository/RAD_Pages/Summary_Page": null

2024-11-12 17:38:47 - [TEST_STEP][PASSED] - orPath_PaymentReady = "Object Repository/RAD_Pages/PaymentReady_Page": null

2024-11-12 17:38:47 - [TEST_STEP][PASSED] - orPath_PaymentEntry = "Object Repository/RAD_Pages/PaymentEntry_Page": null

2024-11-12 17:38:47 - [TEST_STEP][PASSED] - orPath_PaymentConfirmation = "Object Repository/RAD_Pages/PaymentConfirmation_Page": null

2024-11-12 17:38:47 - [TEST_STEP][PASSED] - orPath_ServiceFeesAccept = "Object Repository/RAD_Pages/ServiceFeeAccept_Page": null

2024-11-12 17:38:47 - [TEST_STEP][PASSED] - selectOptionByLabel(findTestObject(orPath_Landing + "/dd_TaxType"), Paymenttype, false): All options with label 'New Tax Return Amount Due' are selected in object 'Object Repository/RAD_Pages/Landing_Page/dd_TaxType' 

2024-11-12 17:38:47 - [MESSAGE][PASSED] - All options with label 'New Tax Return Amount Due' are selected in object 'Object Repository/RAD_Pages/Landing_Page/dd_TaxType' 

2024-11-12 17:38:47 - [TEST_STEP][PASSED] - delay(1): Delayed 1 second(s)

2024-11-12 17:38:48 - [MESSAGE][PASSED] - Delayed 1 second(s)

2024-11-12 17:38:48 - [TEST_STEP][PASSED] - switch (Paymenttype): null

2024-11-12 17:38:48 - [TEST_STEP][PASSED] - case "New Tax Return Amount Due":: null

2024-11-12 17:38:48 - [TEST_STEP][PASSED] - selectOptionByLabel(findTestObject("Object Repository/RAD_Pages/Landing_Page/select_NewTaxReturnAmountDue_TaxType"), Taxtype, false): All options with label 'PTE Tax Electing Non-S Corp' are selected in object 'Object Repository/RAD_Pages/Landing_Page/select_NewTaxReturnAmountDue_TaxType' 

2024-11-12 17:38:49 - [MESSAGE][PASSED] - All options with label 'PTE Tax Electing Non-S Corp' are selected in object 'Object Repository/RAD_Pages/Landing_Page/select_NewTaxReturnAmountDue_TaxType' 

2024-11-12 17:38:49 - [TEST_STEP][PASSED] - break: null

2024-11-12 17:38:49 - [TEST_STEP][PASSED] - delay(1): Delayed 1 second(s)

2024-11-12 17:38:50 - [MESSAGE][PASSED] - Delayed 1 second(s)

2024-11-12 17:38:50 - [TEST_STEP][PASSED] - switch (Paymenttype): null

2024-11-12 17:38:50 - [TEST_STEP][PASSED] - case "New Tax Return Amount Due":: null

2024-11-12 17:38:50 - [TEST_STEP][PASSED] - if (feinSsn.equalsIgnoreCase("Y")): Text ****** has been set on object 'Object Repository/RAD_Pages/TaxInfo_Page/input_TaxInfo_RetypeFeinSsn_New_2'

2024-11-12 17:38:50 - [TEST_STEP][PASSED] - setEncryptedText(findTestObject(orPath_TaxInfo + "//input_TaxInfo_FeinSsn_New_2"), "iGDxf8hSRT4="): Text ****** has been set on object 'Object Repository/RAD_Pages/TaxInfo_Page//input_TaxInfo_FeinSsn_New_2'

2024-11-12 17:38:51 - [MESSAGE][PASSED] - Text ****** has been set on object 'Object Repository/RAD_Pages/TaxInfo_Page//input_TaxInfo_FeinSsn_New_2'

2024-11-12 17:38:51 - [TEST_STEP][PASSED] - setEncryptedText(findTestObject(orPath_TaxInfo + "/input_TaxInfo_RetypeFeinSsn_New_2"), ""): Text ****** has been set on object 'Object Repository/RAD_Pages/TaxInfo_Page/input_TaxInfo_RetypeFeinSsn_New_2'

2024-11-12 17:38:51 - [MESSAGE][PASSED] - Text ****** has been set on object 'Object Repository/RAD_Pages/TaxInfo_Page/input_TaxInfo_RetypeFeinSsn_New_2'

2024-11-12 17:38:51 - [TEST_STEP][PASSED] - break: null

2024-11-12 17:38:51 - [TEST_STEP][PASSED] - if (feinSsn.equalsIgnoreCase("Y")): null

2024-11-12 17:38:51 - [TEST_STEP][PASSED] - if (verifyTextPresent("Please enter a valid FEIN/SSN with 9 digits", true)): null

2024-11-12 17:38:51 - [MESSAGE][PASSED] - Text 'Please enter a valid FEIN/SSN with 9 digits' is present on page  using regular expression

2024-11-12 17:38:51 - [TEST_STEP][PASSED] - println("Error Message is present on the page"): null

2024-11-12 17:38:51 - [TEST_STEP][PASSED] - out.println("Pass Record Number: " + row): null

2024-11-12 17:38:51 - [TEST_STEP][PASSED] - resText = "Pass": null

2024-11-12 17:38:51 - [TEST_STEP][PASSED] - pages.WriteExcel.demoKey(resText, datText, resColumn, datCloumn, fileLoc, nameSheet, row): pages.WriteExcel.demoKey is PASSED

2024-11-12 17:38:52 - [MESSAGE][PASSED] - pages.WriteExcel.demoKey is PASSED

2024-11-12 17:38:52 - [TEST_STEP][PASSED] - ExecuteTC = findTestData(dataFile).getValue("Execute", row): null

2024-11-12 17:38:52 - [TEST_STEP][PASSED] - Taxtype = findTestData(dataFile).getValue("TaxType", row): null

2024-11-12 17:38:52 - [TEST_STEP][PASSED] - Paymenttype = findTestData(dataFile).getValue("PaymentType", row): null

2024-11-12 17:38:52 - [TEST_STEP][PASSED] - feinSsn = findTestData(dataFile).getValue("FEINSSN", row): null

2024-11-12 17:38:52 - [TEST_STEP][PASSED] - out.println("Value of Execute is : " + ExecuteTC): null

2024-11-12 17:38:52 - [TEST_STEP][PASSED] - if (ExecuteTC.equalsIgnoreCase("Y")): null

2024-11-12 17:38:52 - [TEST_STEP][PASSED] - out.println("Begin Record Number: " + row): null

2024-11-12 17:38:52 - [TEST_STEP][PASSED] - today = new java.util.Date(): null

2024-11-12 17:38:52 - [TEST_STEP][PASSED] - println(today): null

2024-11-12 17:38:52 - [TEST_STEP][PASSED] - datText = today: null

2024-11-12 17:38:52 - [TEST_STEP][PASSED] - Taxtype = findTestData(dataFile).getValue("TaxType", row): null

2024-11-12 17:38:52 - [TEST_STEP][PASSED] - out.println("Taxtype value is : " + Taxtype): null

2024-11-12 17:38:52 - [TEST_STEP][PASSED] - openBrowser(""): Browser is opened with url: ''

2024-11-12 17:38:52 - [MESSAGE][WARNING] - A browser is already opened. Closing browser and opening a new one

2024-11-12 17:38:53 - [MESSAGE][INFO] - Starting 'Chrome' driver

2024-11-12 17:38:53 - [MESSAGE][INFO] - User set preference: ['acceptInsecureCerts', 'true']

2024-11-12 17:38:53 - [MESSAGE][INFO] - Action delay is set to 0 milliseconds

2024-11-12 17:38:55 - [MESSAGE][PASSED] - Browser is opened with url: ''

2024-11-12 17:38:55 - [TEST_STEP][PASSED] - maximizeWindow(): Current window maximized

2024-11-12 17:38:55 - [MESSAGE][PASSED] - Current window maximized

2024-11-12 17:38:55 - [TEST_STEP][PASSED] - navigateToUrl(RADurl): Navigate to 'https://www.velocitypayment.com/client/rad/index.html' successfully

2024-11-12 17:38:57 - [MESSAGE][PASSED] - Navigate to 'https://www.velocitypayment.com/client/rad/index.html' successfully

2024-11-12 17:38:57 - [TEST_STEP][PASSED] - orPath_Landing = "Object Repository/RAD_Pages/Landing_Page": null

2024-11-12 17:38:57 - [TEST_STEP][PASSED] - orPath_TaxTypeFilingYear = "Object Repository/RAD_Pages/TaxTypeFilingYear_Page": null

2024-11-12 17:38:57 - [TEST_STEP][PASSED] - orPath_TaxPayer = "Object Repository/RAD_Pages/Taxpayer_Page": null

2024-11-12 17:38:57 - [TEST_STEP][PASSED] - orPath_AddressContact = "Object Repository/RAD_Pages/AddressAndContactInfo_Page": null

2024-11-12 17:38:57 - [TEST_STEP][PASSED] - orPath_FilingStatus = "Object Repository/RAD_Pages/FilingStatus_Page": null

2024-11-12 17:38:57 - [TEST_STEP][PASSED] - orPath_Amount = "Object Repository/RAD_Pages/PaymentAmount_Page": null

2024-11-12 17:38:57 - [TEST_STEP][PASSED] - orPath_TaxInfo = "Object Repository/RAD_Pages/TaxInfo_Page": null

2024-11-12 17:38:57 - [TEST_STEP][PASSED] - orPath_Withholding = "Object Repository/RAD_Pages/Withholding_Page": null

2024-11-12 17:38:57 - [TEST_STEP][PASSED] - orPath_Summary = "Object Repository/RAD_Pages/Summary_Page": null

2024-11-12 17:38:57 - [TEST_STEP][PASSED] - orPath_PaymentReady = "Object Repository/RAD_Pages/PaymentReady_Page": null

2024-11-12 17:38:57 - [TEST_STEP][PASSED] - orPath_PaymentEntry = "Object Repository/RAD_Pages/PaymentEntry_Page": null

2024-11-12 17:38:57 - [TEST_STEP][PASSED] - orPath_PaymentConfirmation = "Object Repository/RAD_Pages/PaymentConfirmation_Page": null

2024-11-12 17:38:57 - [TEST_STEP][PASSED] - orPath_ServiceFeesAccept = "Object Repository/RAD_Pages/ServiceFeeAccept_Page": null

2024-11-12 17:38:57 - [TEST_STEP][PASSED] - selectOptionByLabel(findTestObject(orPath_Landing + "/dd_TaxType"), Paymenttype, false): All options with label 'New Tax Return Amount Due' are selected in object 'Object Repository/RAD_Pages/Landing_Page/dd_TaxType' 

2024-11-12 17:38:57 - [MESSAGE][PASSED] - All options with label 'New Tax Return Amount Due' are selected in object 'Object Repository/RAD_Pages/Landing_Page/dd_TaxType' 

2024-11-12 17:38:57 - [TEST_STEP][PASSED] - delay(1): Delayed 1 second(s)

2024-11-12 17:38:58 - [MESSAGE][PASSED] - Delayed 1 second(s)

2024-11-12 17:38:58 - [TEST_STEP][PASSED] - switch (Paymenttype): null

2024-11-12 17:38:58 - [TEST_STEP][PASSED] - case "New Tax Return Amount Due":: null

2024-11-12 17:38:58 - [TEST_STEP][PASSED] - selectOptionByLabel(findTestObject("Object Repository/RAD_Pages/Landing_Page/select_NewTaxReturnAmountDue_TaxType"), Taxtype, false): All options with label 'PTE Tax Electing S Corp' are selected in object 'Object Repository/RAD_Pages/Landing_Page/select_NewTaxReturnAmountDue_TaxType' 

2024-11-12 17:38:59 - [MESSAGE][PASSED] - All options with label 'PTE Tax Electing S Corp' are selected in object 'Object Repository/RAD_Pages/Landing_Page/select_NewTaxReturnAmountDue_TaxType' 

2024-11-12 17:38:59 - [TEST_STEP][PASSED] - break: null

2024-11-12 17:38:59 - [TEST_STEP][PASSED] - delay(1): Delayed 1 second(s)

2024-11-12 17:39:00 - [MESSAGE][PASSED] - Delayed 1 second(s)

2024-11-12 17:39:00 - [TEST_STEP][PASSED] - switch (Paymenttype): null

2024-11-12 17:39:00 - [TEST_STEP][PASSED] - case "New Tax Return Amount Due":: null

2024-11-12 17:39:00 - [TEST_STEP][PASSED] - if (feinSsn.equalsIgnoreCase("Y")): Text ****** has been set on object 'Object Repository/RAD_Pages/TaxInfo_Page/input_TaxInfo_RetypeFeinSsn_New_2'

2024-11-12 17:39:00 - [TEST_STEP][PASSED] - setEncryptedText(findTestObject(orPath_TaxInfo + "//input_TaxInfo_FeinSsn_New_2"), "iGDxf8hSRT4="): Text ****** has been set on object 'Object Repository/RAD_Pages/TaxInfo_Page//input_TaxInfo_FeinSsn_New_2'

2024-11-12 17:39:00 - [MESSAGE][PASSED] - Text ****** has been set on object 'Object Repository/RAD_Pages/TaxInfo_Page//input_TaxInfo_FeinSsn_New_2'

2024-11-12 17:39:00 - [TEST_STEP][PASSED] - setEncryptedText(findTestObject(orPath_TaxInfo + "/input_TaxInfo_RetypeFeinSsn_New_2"), ""): Text ****** has been set on object 'Object Repository/RAD_Pages/TaxInfo_Page/input_TaxInfo_RetypeFeinSsn_New_2'

2024-11-12 17:39:01 - [MESSAGE][PASSED] - Text ****** has been set on object 'Object Repository/RAD_Pages/TaxInfo_Page/input_TaxInfo_RetypeFeinSsn_New_2'

2024-11-12 17:39:01 - [TEST_STEP][PASSED] - break: null

2024-11-12 17:39:01 - [TEST_STEP][PASSED] - if (feinSsn.equalsIgnoreCase("Y")): null

2024-11-12 17:39:01 - [TEST_STEP][PASSED] - if (verifyTextPresent("Please enter a valid FEIN/SSN with 9 digits", true)): null

2024-11-12 17:39:01 - [MESSAGE][PASSED] - Text 'Please enter a valid FEIN/SSN with 9 digits' is present on page  using regular expression

2024-11-12 17:39:01 - [TEST_STEP][PASSED] - println("Error Message is present on the page"): null

2024-11-12 17:39:01 - [TEST_STEP][PASSED] - out.println("Pass Record Number: " + row): null

2024-11-12 17:39:01 - [TEST_STEP][PASSED] - resText = "Pass": null

2024-11-12 17:39:01 - [TEST_STEP][PASSED] - pages.WriteExcel.demoKey(resText, datText, resColumn, datCloumn, fileLoc, nameSheet, row): pages.WriteExcel.demoKey is PASSED

2024-11-12 17:39:01 - [MESSAGE][PASSED] - pages.WriteExcel.demoKey is PASSED

2024-11-12 17:39:01 - [TEST_STEP][PASSED] - ExecuteTC = findTestData(dataFile).getValue("Execute", row): null

2024-11-12 17:39:02 - [TEST_STEP][PASSED] - Taxtype = findTestData(dataFile).getValue("TaxType", row): null

2024-11-12 17:39:02 - [TEST_STEP][PASSED] - Paymenttype = findTestData(dataFile).getValue("PaymentType", row): null

2024-11-12 17:39:02 - [TEST_STEP][PASSED] - feinSsn = findTestData(dataFile).getValue("FEINSSN", row): null

2024-11-12 17:39:02 - [TEST_STEP][PASSED] - out.println("Value of Execute is : " + ExecuteTC): null

2024-11-12 17:39:02 - [TEST_STEP][PASSED] - if (ExecuteTC.equalsIgnoreCase("Y")): null

2024-11-12 17:39:02 - [TEST_STEP][PASSED] - out.println("Begin Record Number: " + row): null

2024-11-12 17:39:02 - [TEST_STEP][PASSED] - today = new java.util.Date(): null

2024-11-12 17:39:02 - [TEST_STEP][PASSED] - println(today): null

2024-11-12 17:39:02 - [TEST_STEP][PASSED] - datText = today: null

2024-11-12 17:39:02 - [TEST_STEP][PASSED] - Taxtype = findTestData(dataFile).getValue("TaxType", row): null

2024-11-12 17:39:02 - [TEST_STEP][PASSED] - out.println("Taxtype value is : " + Taxtype): null

2024-11-12 17:39:02 - [TEST_STEP][PASSED] - openBrowser(""): Browser is opened with url: ''

2024-11-12 17:39:02 - [MESSAGE][WARNING] - A browser is already opened. Closing browser and opening a new one

2024-11-12 17:39:03 - [MESSAGE][INFO] - Starting 'Chrome' driver

2024-11-12 17:39:03 - [MESSAGE][INFO] - User set preference: ['acceptInsecureCerts', 'true']

2024-11-12 17:39:03 - [MESSAGE][INFO] - Action delay is set to 0 milliseconds

2024-11-12 17:39:04 - [MESSAGE][PASSED] - Browser is opened with url: ''

2024-11-12 17:39:04 - [TEST_STEP][PASSED] - maximizeWindow(): Current window maximized

2024-11-12 17:39:05 - [MESSAGE][PASSED] - Current window maximized

2024-11-12 17:39:05 - [TEST_STEP][PASSED] - navigateToUrl(RADurl): Navigate to 'https://www.velocitypayment.com/client/rad/index.html' successfully

2024-11-12 17:39:06 - [MESSAGE][PASSED] - Navigate to 'https://www.velocitypayment.com/client/rad/index.html' successfully

2024-11-12 17:39:06 - [TEST_STEP][PASSED] - orPath_Landing = "Object Repository/RAD_Pages/Landing_Page": null

2024-11-12 17:39:06 - [TEST_STEP][PASSED] - orPath_TaxTypeFilingYear = "Object Repository/RAD_Pages/TaxTypeFilingYear_Page": null

2024-11-12 17:39:06 - [TEST_STEP][PASSED] - orPath_TaxPayer = "Object Repository/RAD_Pages/Taxpayer_Page": null

2024-11-12 17:39:06 - [TEST_STEP][PASSED] - orPath_AddressContact = "Object Repository/RAD_Pages/AddressAndContactInfo_Page": null

2024-11-12 17:39:06 - [TEST_STEP][PASSED] - orPath_FilingStatus = "Object Repository/RAD_Pages/FilingStatus_Page": null

2024-11-12 17:39:06 - [TEST_STEP][PASSED] - orPath_Amount = "Object Repository/RAD_Pages/PaymentAmount_Page": null

2024-11-12 17:39:06 - [TEST_STEP][PASSED] - orPath_TaxInfo = "Object Repository/RAD_Pages/TaxInfo_Page": null

2024-11-12 17:39:06 - [TEST_STEP][PASSED] - orPath_Withholding = "Object Repository/RAD_Pages/Withholding_Page": null

2024-11-12 17:39:06 - [TEST_STEP][PASSED] - orPath_Summary = "Object Repository/RAD_Pages/Summary_Page": null

2024-11-12 17:39:06 - [TEST_STEP][PASSED] - orPath_PaymentReady = "Object Repository/RAD_Pages/PaymentReady_Page": null

2024-11-12 17:39:06 - [TEST_STEP][PASSED] - orPath_PaymentEntry = "Object Repository/RAD_Pages/PaymentEntry_Page": null

2024-11-12 17:39:06 - [TEST_STEP][PASSED] - orPath_PaymentConfirmation = "Object Repository/RAD_Pages/PaymentConfirmation_Page": null

2024-11-12 17:39:06 - [TEST_STEP][PASSED] - orPath_ServiceFeesAccept = "Object Repository/RAD_Pages/ServiceFeeAccept_Page": null

2024-11-12 17:39:06 - [TEST_STEP][PASSED] - selectOptionByLabel(findTestObject(orPath_Landing + "/dd_TaxType"), Paymenttype, false): All options with label 'Existing Liability with Notice/Invoice Number' are selected in object 'Object Repository/RAD_Pages/Landing_Page/dd_TaxType' 

2024-11-12 17:39:07 - [MESSAGE][PASSED] - All options with label 'Existing Liability with Notice/Invoice Number' are selected in object 'Object Repository/RAD_Pages/Landing_Page/dd_TaxType' 

2024-11-12 17:39:07 - [TEST_STEP][PASSED] - delay(1): Delayed 1 second(s)

2024-11-12 17:39:08 - [MESSAGE][PASSED] - Delayed 1 second(s)

2024-11-12 17:39:08 - [TEST_STEP][PASSED] - switch (Paymenttype): null

2024-11-12 17:39:08 - [TEST_STEP][PASSED] - case "Existing Liability with Notice/Invoice Number":: null

2024-11-12 17:39:08 - [TEST_STEP][PASSED] - selectOptionByLabel(findTestObject(orPath_TaxTypeFilingYear + "/select_TaxType_ExistingLiability"), Taxtype, false): All options with label 'Admissions and Amusement Tax' are selected in object 'Object Repository/RAD_Pages/TaxTypeFilingYear_Page/select_TaxType_ExistingLiability' 

2024-11-12 17:39:09 - [MESSAGE][PASSED] - All options with label 'Admissions and Amusement Tax' are selected in object 'Object Repository/RAD_Pages/TaxTypeFilingYear_Page/select_TaxType_ExistingLiability' 

2024-11-12 17:39:09 - [TEST_STEP][PASSED] - break: null

2024-11-12 17:39:09 - [TEST_STEP][PASSED] - delay(1): Delayed 1 second(s)

2024-11-12 17:39:10 - [MESSAGE][PASSED] - Delayed 1 second(s)

2024-11-12 17:39:10 - [TEST_STEP][PASSED] - switch (Paymenttype): null

2024-11-12 17:39:10 - [TEST_STEP][PASSED] - case "Existing Liability with Notice/Invoice Number":: null

2024-11-12 17:39:10 - [TEST_STEP][PASSED] - if (feinSsn.equalsIgnoreCase("Y")): null

2024-11-12 17:39:10 - [TEST_STEP][PASSED] - else: Text ****** has been set on object 'Object Repository/RAD_RecordAndPlay/input_Existing_RetypeFEIN'

2024-11-12 17:39:10 - [TEST_STEP][PASSED] - setEncryptedText(findTestObject("Object Repository/RAD_RecordAndPlay/input_Existing_FEIN"), "iGDxf8hSRT4="): Text ****** has been set on object 'Object Repository/RAD_RecordAndPlay/input_Existing_FEIN'

2024-11-12 17:39:10 - [MESSAGE][PASSED] - Text ****** has been set on object 'Object Repository/RAD_RecordAndPlay/input_Existing_FEIN'

2024-11-12 17:39:10 - [TEST_STEP][PASSED] - setEncryptedText(findTestObject("Object Repository/RAD_RecordAndPlay/input_Existing_RetypeFEIN"), ""): Text ****** has been set on object 'Object Repository/RAD_RecordAndPlay/input_Existing_RetypeFEIN'

2024-11-12 17:39:11 - [MESSAGE][PASSED] - Text ****** has been set on object 'Object Repository/RAD_RecordAndPlay/input_Existing_RetypeFEIN'

2024-11-12 17:39:11 - [TEST_STEP][PASSED] - break: null

2024-11-12 17:39:11 - [TEST_STEP][PASSED] - if (feinSsn.equalsIgnoreCase("Y")): null

2024-11-12 17:39:11 - [TEST_STEP][PASSED] - else: null

2024-11-12 17:39:11 - [TEST_STEP][PASSED] - if (verifyTextPresent("Please enter a valid FEIN with 9 digits.", true)): null

2024-11-12 17:39:11 - [MESSAGE][PASSED] - Text 'Please enter a valid FEIN with 9 digits.' is present on page  using regular expression

2024-11-12 17:39:11 - [TEST_STEP][PASSED] - println("Error Message is present on the page"): null

2024-11-12 17:39:11 - [TEST_STEP][PASSED] - out.println("Pass Record Number: " + row): null

2024-11-12 17:39:11 - [TEST_STEP][PASSED] - resText = "Pass": null

2024-11-12 17:39:11 - [TEST_STEP][PASSED] - pages.WriteExcel.demoKey(resText, datText, resColumn, datCloumn, fileLoc, nameSheet, row): pages.WriteExcel.demoKey is PASSED

2024-11-12 17:39:11 - [MESSAGE][PASSED] - pages.WriteExcel.demoKey is PASSED

2024-11-12 17:39:11 - [TEST_STEP][PASSED] - ExecuteTC = findTestData(dataFile).getValue("Execute", row): null

2024-11-12 17:39:11 - [TEST_STEP][PASSED] - Taxtype = findTestData(dataFile).getValue("TaxType", row): null

2024-11-12 17:39:11 - [TEST_STEP][PASSED] - Paymenttype = findTestData(dataFile).getValue("PaymentType", row): null

2024-11-12 17:39:11 - [TEST_STEP][PASSED] - feinSsn = findTestData(dataFile).getValue("FEINSSN", row): null

2024-11-12 17:39:11 - [TEST_STEP][PASSED] - out.println("Value of Execute is : " + ExecuteTC): null

2024-11-12 17:39:11 - [TEST_STEP][PASSED] - if (ExecuteTC.equalsIgnoreCase("Y")): null

2024-11-12 17:39:11 - [TEST_STEP][PASSED] - out.println("Begin Record Number: " + row): null

2024-11-12 17:39:11 - [TEST_STEP][PASSED] - today = new java.util.Date(): null

2024-11-12 17:39:11 - [TEST_STEP][PASSED] - println(today): null

2024-11-12 17:39:11 - [TEST_STEP][PASSED] - datText = today: null

2024-11-12 17:39:11 - [TEST_STEP][PASSED] - Taxtype = findTestData(dataFile).getValue("TaxType", row): null

2024-11-12 17:39:11 - [TEST_STEP][PASSED] - out.println("Taxtype value is : " + Taxtype): null

2024-11-12 17:39:11 - [TEST_STEP][PASSED] - openBrowser(""): Browser is opened with url: ''

2024-11-12 17:39:11 - [MESSAGE][WARNING] - A browser is already opened. Closing browser and opening a new one

2024-11-12 17:39:13 - [MESSAGE][INFO] - Starting 'Chrome' driver

2024-11-12 17:39:13 - [MESSAGE][INFO] - User set preference: ['acceptInsecureCerts', 'true']

2024-11-12 17:39:13 - [MESSAGE][INFO] - Action delay is set to 0 milliseconds

2024-11-12 17:39:14 - [MESSAGE][PASSED] - Browser is opened with url: ''

2024-11-12 17:39:14 - [TEST_STEP][PASSED] - maximizeWindow(): Current window maximized

2024-11-12 17:39:14 - [MESSAGE][PASSED] - Current window maximized

2024-11-12 17:39:14 - [TEST_STEP][PASSED] - navigateToUrl(RADurl): Navigate to 'https://www.velocitypayment.com/client/rad/index.html' successfully

2024-11-12 17:39:15 - [MESSAGE][PASSED] - Navigate to 'https://www.velocitypayment.com/client/rad/index.html' successfully

2024-11-12 17:39:15 - [TEST_STEP][PASSED] - orPath_Landing = "Object Repository/RAD_Pages/Landing_Page": null

2024-11-12 17:39:15 - [TEST_STEP][PASSED] - orPath_TaxTypeFilingYear = "Object Repository/RAD_Pages/TaxTypeFilingYear_Page": null

2024-11-12 17:39:15 - [TEST_STEP][PASSED] - orPath_TaxPayer = "Object Repository/RAD_Pages/Taxpayer_Page": null

2024-11-12 17:39:15 - [TEST_STEP][PASSED] - orPath_AddressContact = "Object Repository/RAD_Pages/AddressAndContactInfo_Page": null

2024-11-12 17:39:15 - [TEST_STEP][PASSED] - orPath_FilingStatus = "Object Repository/RAD_Pages/FilingStatus_Page": null

2024-11-12 17:39:15 - [TEST_STEP][PASSED] - orPath_Amount = "Object Repository/RAD_Pages/PaymentAmount_Page": null

2024-11-12 17:39:15 - [TEST_STEP][PASSED] - orPath_TaxInfo = "Object Repository/RAD_Pages/TaxInfo_Page": null

2024-11-12 17:39:15 - [TEST_STEP][PASSED] - orPath_Withholding = "Object Repository/RAD_Pages/Withholding_Page": null

2024-11-12 17:39:15 - [TEST_STEP][PASSED] - orPath_Summary = "Object Repository/RAD_Pages/Summary_Page": null

2024-11-12 17:39:15 - [TEST_STEP][PASSED] - orPath_PaymentReady = "Object Repository/RAD_Pages/PaymentReady_Page": null

2024-11-12 17:39:15 - [TEST_STEP][PASSED] - orPath_PaymentEntry = "Object Repository/RAD_Pages/PaymentEntry_Page": null

2024-11-12 17:39:15 - [TEST_STEP][PASSED] - orPath_PaymentConfirmation = "Object Repository/RAD_Pages/PaymentConfirmation_Page": null

2024-11-12 17:39:15 - [TEST_STEP][PASSED] - orPath_ServiceFeesAccept = "Object Repository/RAD_Pages/ServiceFeeAccept_Page": null

2024-11-12 17:39:15 - [TEST_STEP][PASSED] - selectOptionByLabel(findTestObject(orPath_Landing + "/dd_TaxType"), Paymenttype, false): All options with label 'Existing Liability with Notice/Invoice Number' are selected in object 'Object Repository/RAD_Pages/Landing_Page/dd_TaxType' 

2024-11-12 17:39:17 - [MESSAGE][PASSED] - All options with label 'Existing Liability with Notice/Invoice Number' are selected in object 'Object Repository/RAD_Pages/Landing_Page/dd_TaxType' 

2024-11-12 17:39:17 - [TEST_STEP][PASSED] - delay(1): Delayed 1 second(s)

2024-11-12 17:39:18 - [MESSAGE][PASSED] - Delayed 1 second(s)

2024-11-12 17:39:18 - [TEST_STEP][PASSED] - switch (Paymenttype): null

2024-11-12 17:39:18 - [TEST_STEP][PASSED] - case "Existing Liability with Notice/Invoice Number":: null

2024-11-12 17:39:18 - [TEST_STEP][PASSED] - selectOptionByLabel(findTestObject(orPath_TaxTypeFilingYear + "/select_TaxType_ExistingLiability"), Taxtype, false): All options with label 'Motor Fuel Tax' are selected in object 'Object Repository/RAD_Pages/TaxTypeFilingYear_Page/select_TaxType_ExistingLiability' 

2024-11-12 17:39:18 - [MESSAGE][PASSED] - All options with label 'Motor Fuel Tax' are selected in object 'Object Repository/RAD_Pages/TaxTypeFilingYear_Page/select_TaxType_ExistingLiability' 

2024-11-12 17:39:18 - [TEST_STEP][PASSED] - break: null

2024-11-12 17:39:18 - [TEST_STEP][PASSED] - delay(1): Delayed 1 second(s)

2024-11-12 17:39:19 - [MESSAGE][PASSED] - Delayed 1 second(s)

2024-11-12 17:39:19 - [TEST_STEP][PASSED] - switch (Paymenttype): null

2024-11-12 17:39:19 - [TEST_STEP][PASSED] - case "Existing Liability with Notice/Invoice Number":: null

2024-11-12 17:39:19 - [TEST_STEP][PASSED] - if (feinSsn.equalsIgnoreCase("Y")): null

2024-11-12 17:39:19 - [TEST_STEP][PASSED] - else: Text ****** has been set on object 'Object Repository/RAD_RecordAndPlay/input_Existing_RetypeFEIN'

2024-11-12 17:39:19 - [TEST_STEP][PASSED] - setEncryptedText(findTestObject("Object Repository/RAD_RecordAndPlay/input_Existing_FEIN"), "iGDxf8hSRT4="): Text ****** has been set on object 'Object Repository/RAD_RecordAndPlay/input_Existing_FEIN'

2024-11-12 17:39:20 - [MESSAGE][PASSED] - Text ****** has been set on object 'Object Repository/RAD_RecordAndPlay/input_Existing_FEIN'

2024-11-12 17:39:20 - [TEST_STEP][PASSED] - setEncryptedText(findTestObject("Object Repository/RAD_RecordAndPlay/input_Existing_RetypeFEIN"), ""): Text ****** has been set on object 'Object Repository/RAD_RecordAndPlay/input_Existing_RetypeFEIN'

2024-11-12 17:39:20 - [MESSAGE][PASSED] - Text ****** has been set on object 'Object Repository/RAD_RecordAndPlay/input_Existing_RetypeFEIN'

2024-11-12 17:39:20 - [TEST_STEP][PASSED] - break: null

2024-11-12 17:39:20 - [TEST_STEP][PASSED] - if (feinSsn.equalsIgnoreCase("Y")): null

2024-11-12 17:39:20 - [TEST_STEP][PASSED] - else: null

2024-11-12 17:39:20 - [TEST_STEP][PASSED] - if (verifyTextPresent("Please enter a valid FEIN with 9 digits.", true)): null

2024-11-12 17:39:21 - [MESSAGE][PASSED] - Text 'Please enter a valid FEIN with 9 digits.' is present on page  using regular expression

2024-11-12 17:39:21 - [TEST_STEP][PASSED] - println("Error Message is present on the page"): null

2024-11-12 17:39:21 - [TEST_STEP][PASSED] - out.println("Pass Record Number: " + row): null

2024-11-12 17:39:21 - [TEST_STEP][PASSED] - resText = "Pass": null

2024-11-12 17:39:21 - [TEST_STEP][PASSED] - pages.WriteExcel.demoKey(resText, datText, resColumn, datCloumn, fileLoc, nameSheet, row): pages.WriteExcel.demoKey is PASSED

2024-11-12 17:39:21 - [MESSAGE][PASSED] - pages.WriteExcel.demoKey is PASSED

2024-11-12 17:39:21 - [TEST_STEP][PASSED] - ExecuteTC = findTestData(dataFile).getValue("Execute", row): null

2024-11-12 17:39:21 - [TEST_STEP][PASSED] - Taxtype = findTestData(dataFile).getValue("TaxType", row): null

2024-11-12 17:39:21 - [TEST_STEP][PASSED] - Paymenttype = findTestData(dataFile).getValue("PaymentType", row): null

2024-11-12 17:39:21 - [TEST_STEP][PASSED] - feinSsn = findTestData(dataFile).getValue("FEINSSN", row): null

2024-11-12 17:39:21 - [TEST_STEP][PASSED] - out.println("Value of Execute is : " + ExecuteTC): null

2024-11-12 17:39:21 - [TEST_STEP][PASSED] - if (ExecuteTC.equalsIgnoreCase("Y")): null

2024-11-12 17:39:21 - [TEST_STEP][PASSED] - out.println("Begin Record Number: " + row): null

2024-11-12 17:39:21 - [TEST_STEP][PASSED] - today = new java.util.Date(): null

2024-11-12 17:39:21 - [TEST_STEP][PASSED] - println(today): null

2024-11-12 17:39:21 - [TEST_STEP][PASSED] - datText = today: null

2024-11-12 17:39:21 - [TEST_STEP][PASSED] - Taxtype = findTestData(dataFile).getValue("TaxType", row): null

2024-11-12 17:39:21 - [TEST_STEP][PASSED] - out.println("Taxtype value is : " + Taxtype): null

2024-11-12 17:39:21 - [TEST_STEP][PASSED] - openBrowser(""): Browser is opened with url: ''

2024-11-12 17:39:21 - [MESSAGE][WARNING] - A browser is already opened. Closing browser and opening a new one

2024-11-12 17:39:22 - [MESSAGE][INFO] - Starting 'Chrome' driver

2024-11-12 17:39:22 - [MESSAGE][INFO] - User set preference: ['acceptInsecureCerts', 'true']

2024-11-12 17:39:22 - [MESSAGE][INFO] - Action delay is set to 0 milliseconds

2024-11-12 17:39:24 - [MESSAGE][PASSED] - Browser is opened with url: ''

2024-11-12 17:39:24 - [TEST_STEP][PASSED] - maximizeWindow(): Current window maximized

2024-11-12 17:39:24 - [MESSAGE][PASSED] - Current window maximized

2024-11-12 17:39:24 - [TEST_STEP][PASSED] - navigateToUrl(RADurl): Navigate to 'https://www.velocitypayment.com/client/rad/index.html' successfully

2024-11-12 17:39:26 - [MESSAGE][PASSED] - Navigate to 'https://www.velocitypayment.com/client/rad/index.html' successfully

2024-11-12 17:39:26 - [TEST_STEP][PASSED] - orPath_Landing = "Object Repository/RAD_Pages/Landing_Page": null

2024-11-12 17:39:26 - [TEST_STEP][PASSED] - orPath_TaxTypeFilingYear = "Object Repository/RAD_Pages/TaxTypeFilingYear_Page": null

2024-11-12 17:39:26 - [TEST_STEP][PASSED] - orPath_TaxPayer = "Object Repository/RAD_Pages/Taxpayer_Page": null

2024-11-12 17:39:26 - [TEST_STEP][PASSED] - orPath_AddressContact = "Object Repository/RAD_Pages/AddressAndContactInfo_Page": null

2024-11-12 17:39:26 - [TEST_STEP][PASSED] - orPath_FilingStatus = "Object Repository/RAD_Pages/FilingStatus_Page": null

2024-11-12 17:39:26 - [TEST_STEP][PASSED] - orPath_Amount = "Object Repository/RAD_Pages/PaymentAmount_Page": null

2024-11-12 17:39:26 - [TEST_STEP][PASSED] - orPath_TaxInfo = "Object Repository/RAD_Pages/TaxInfo_Page": null

2024-11-12 17:39:26 - [TEST_STEP][PASSED] - orPath_Withholding = "Object Repository/RAD_Pages/Withholding_Page": null

2024-11-12 17:39:26 - [TEST_STEP][PASSED] - orPath_Summary = "Object Repository/RAD_Pages/Summary_Page": null

2024-11-12 17:39:26 - [TEST_STEP][PASSED] - orPath_PaymentReady = "Object Repository/RAD_Pages/PaymentReady_Page": null

2024-11-12 17:39:26 - [TEST_STEP][PASSED] - orPath_PaymentEntry = "Object Repository/RAD_Pages/PaymentEntry_Page": null

2024-11-12 17:39:26 - [TEST_STEP][PASSED] - orPath_PaymentConfirmation = "Object Repository/RAD_Pages/PaymentConfirmation_Page": null

2024-11-12 17:39:26 - [TEST_STEP][PASSED] - orPath_ServiceFeesAccept = "Object Repository/RAD_Pages/ServiceFeeAccept_Page": null

2024-11-12 17:39:26 - [TEST_STEP][PASSED] - selectOptionByLabel(findTestObject(orPath_Landing + "/dd_TaxType"), Paymenttype, false): All options with label 'Existing Liability with Notice/Invoice Number' are selected in object 'Object Repository/RAD_Pages/Landing_Page/dd_TaxType' 

2024-11-12 17:39:26 - [MESSAGE][PASSED] - All options with label 'Existing Liability with Notice/Invoice Number' are selected in object 'Object Repository/RAD_Pages/Landing_Page/dd_TaxType' 

2024-11-12 17:39:26 - [TEST_STEP][PASSED] - delay(1): Delayed 1 second(s)

2024-11-12 17:39:27 - [MESSAGE][PASSED] - Delayed 1 second(s)

2024-11-12 17:39:27 - [TEST_STEP][PASSED] - switch (Paymenttype): null

2024-11-12 17:39:27 - [TEST_STEP][PASSED] - case "Existing Liability with Notice/Invoice Number":: null

2024-11-12 17:39:27 - [TEST_STEP][PASSED] - selectOptionByLabel(findTestObject(orPath_TaxTypeFilingYear + "/select_TaxType_ExistingLiability"), Taxtype, false): All options with label 'Slots License Fee' are selected in object 'Object Repository/RAD_Pages/TaxTypeFilingYear_Page/select_TaxType_ExistingLiability' 

2024-11-12 17:39:28 - [MESSAGE][PASSED] - All options with label 'Slots License Fee' are selected in object 'Object Repository/RAD_Pages/TaxTypeFilingYear_Page/select_TaxType_ExistingLiability' 

2024-11-12 17:39:28 - [TEST_STEP][PASSED] - break: null

2024-11-12 17:39:28 - [TEST_STEP][PASSED] - delay(1): Delayed 1 second(s)

2024-11-12 17:39:29 - [MESSAGE][PASSED] - Delayed 1 second(s)

2024-11-12 17:39:29 - [TEST_STEP][PASSED] - switch (Paymenttype): null

2024-11-12 17:39:29 - [TEST_STEP][PASSED] - case "Existing Liability with Notice/Invoice Number":: null

2024-11-12 17:39:29 - [TEST_STEP][PASSED] - if (feinSsn.equalsIgnoreCase("Y")): null

2024-11-12 17:39:29 - [TEST_STEP][PASSED] - else: Text ****** has been set on object 'Object Repository/RAD_RecordAndPlay/input_Existing_RetypeFEIN'

2024-11-12 17:39:29 - [TEST_STEP][PASSED] - setEncryptedText(findTestObject("Object Repository/RAD_RecordAndPlay/input_Existing_FEIN"), "iGDxf8hSRT4="): Text ****** has been set on object 'Object Repository/RAD_RecordAndPlay/input_Existing_FEIN'

2024-11-12 17:39:30 - [MESSAGE][PASSED] - Text ****** has been set on object 'Object Repository/RAD_RecordAndPlay/input_Existing_FEIN'

2024-11-12 17:39:30 - [TEST_STEP][PASSED] - setEncryptedText(findTestObject("Object Repository/RAD_RecordAndPlay/input_Existing_RetypeFEIN"), ""): Text ****** has been set on object 'Object Repository/RAD_RecordAndPlay/input_Existing_RetypeFEIN'

2024-11-12 17:39:30 - [MESSAGE][PASSED] - Text ****** has been set on object 'Object Repository/RAD_RecordAndPlay/input_Existing_RetypeFEIN'

2024-11-12 17:39:30 - [TEST_STEP][PASSED] - break: null

2024-11-12 17:39:30 - [TEST_STEP][PASSED] - if (feinSsn.equalsIgnoreCase("Y")): null

2024-11-12 17:39:30 - [TEST_STEP][PASSED] - else: null

2024-11-12 17:39:30 - [TEST_STEP][PASSED] - if (verifyTextPresent("Please enter a valid FEIN with 9 digits.", true)): null

2024-11-12 17:39:31 - [MESSAGE][PASSED] - Text 'Please enter a valid FEIN with 9 digits.' is present on page  using regular expression

2024-11-12 17:39:31 - [TEST_STEP][PASSED] - println("Error Message is present on the page"): null

2024-11-12 17:39:31 - [TEST_STEP][PASSED] - out.println("Pass Record Number: " + row): null

2024-11-12 17:39:31 - [TEST_STEP][PASSED] - resText = "Pass": null

2024-11-12 17:39:31 - [TEST_STEP][PASSED] - pages.WriteExcel.demoKey(resText, datText, resColumn, datCloumn, fileLoc, nameSheet, row): pages.WriteExcel.demoKey is PASSED

2024-11-12 17:39:31 - [MESSAGE][PASSED] - pages.WriteExcel.demoKey is PASSED

2024-11-12 17:39:31 - [TEST_STEP][PASSED] - ExecuteTC = findTestData(dataFile).getValue("Execute", row): null

2024-11-12 17:39:31 - [TEST_STEP][PASSED] - Taxtype = findTestData(dataFile).getValue("TaxType", row): null

2024-11-12 17:39:31 - [TEST_STEP][PASSED] - Paymenttype = findTestData(dataFile).getValue("PaymentType", row): null

2024-11-12 17:39:31 - [TEST_STEP][PASSED] - feinSsn = findTestData(dataFile).getValue("FEINSSN", row): null

2024-11-12 17:39:31 - [TEST_STEP][PASSED] - out.println("Value of Execute is : " + ExecuteTC): null

2024-11-12 17:39:31 - [TEST_STEP][PASSED] - if (ExecuteTC.equalsIgnoreCase("Y")): null

2024-11-12 17:39:31 - [TEST_STEP][PASSED] - out.println("Begin Record Number: " + row): null

2024-11-12 17:39:31 - [TEST_STEP][PASSED] - today = new java.util.Date(): null

2024-11-12 17:39:31 - [TEST_STEP][PASSED] - println(today): null

2024-11-12 17:39:31 - [TEST_STEP][PASSED] - datText = today: null

2024-11-12 17:39:31 - [TEST_STEP][PASSED] - Taxtype = findTestData(dataFile).getValue("TaxType", row): null

2024-11-12 17:39:31 - [TEST_STEP][PASSED] - out.println("Taxtype value is : " + Taxtype): null

2024-11-12 17:39:31 - [TEST_STEP][PASSED] - openBrowser(""): Browser is opened with url: ''

2024-11-12 17:39:31 - [MESSAGE][WARNING] - A browser is already opened. Closing browser and opening a new one

2024-11-12 17:39:32 - [MESSAGE][INFO] - Starting 'Chrome' driver

2024-11-12 17:39:32 - [MESSAGE][INFO] - User set preference: ['acceptInsecureCerts', 'true']

2024-11-12 17:39:32 - [MESSAGE][INFO] - Action delay is set to 0 milliseconds

2024-11-12 17:39:34 - [MESSAGE][PASSED] - Browser is opened with url: ''

2024-11-12 17:39:34 - [TEST_STEP][PASSED] - maximizeWindow(): Current window maximized

2024-11-12 17:39:34 - [MESSAGE][PASSED] - Current window maximized

2024-11-12 17:39:34 - [TEST_STEP][PASSED] - navigateToUrl(RADurl): Navigate to 'https://www.velocitypayment.com/client/rad/index.html' successfully

2024-11-12 17:39:36 - [MESSAGE][PASSED] - Navigate to 'https://www.velocitypayment.com/client/rad/index.html' successfully

2024-11-12 17:39:36 - [TEST_STEP][PASSED] - orPath_Landing = "Object Repository/RAD_Pages/Landing_Page": null

2024-11-12 17:39:36 - [TEST_STEP][PASSED] - orPath_TaxTypeFilingYear = "Object Repository/RAD_Pages/TaxTypeFilingYear_Page": null

2024-11-12 17:39:36 - [TEST_STEP][PASSED] - orPath_TaxPayer = "Object Repository/RAD_Pages/Taxpayer_Page": null

2024-11-12 17:39:36 - [TEST_STEP][PASSED] - orPath_AddressContact = "Object Repository/RAD_Pages/AddressAndContactInfo_Page": null

2024-11-12 17:39:36 - [TEST_STEP][PASSED] - orPath_FilingStatus = "Object Repository/RAD_Pages/FilingStatus_Page": null

2024-11-12 17:39:36 - [TEST_STEP][PASSED] - orPath_Amount = "Object Repository/RAD_Pages/PaymentAmount_Page": null

2024-11-12 17:39:36 - [TEST_STEP][PASSED] - orPath_TaxInfo = "Object Repository/RAD_Pages/TaxInfo_Page": null

2024-11-12 17:39:36 - [TEST_STEP][PASSED] - orPath_Withholding = "Object Repository/RAD_Pages/Withholding_Page": null

2024-11-12 17:39:36 - [TEST_STEP][PASSED] - orPath_Summary = "Object Repository/RAD_Pages/Summary_Page": null

2024-11-12 17:39:36 - [TEST_STEP][PASSED] - orPath_PaymentReady = "Object Repository/RAD_Pages/PaymentReady_Page": null

2024-11-12 17:39:36 - [TEST_STEP][PASSED] - orPath_PaymentEntry = "Object Repository/RAD_Pages/PaymentEntry_Page": null

2024-11-12 17:39:36 - [TEST_STEP][PASSED] - orPath_PaymentConfirmation = "Object Repository/RAD_Pages/PaymentConfirmation_Page": null

2024-11-12 17:39:36 - [TEST_STEP][PASSED] - orPath_ServiceFeesAccept = "Object Repository/RAD_Pages/ServiceFeeAccept_Page": null

2024-11-12 17:39:36 - [TEST_STEP][PASSED] - selectOptionByLabel(findTestObject(orPath_Landing + "/dd_TaxType"), Paymenttype, false): All options with label 'Existing Liability with Notice/Invoice Number' are selected in object 'Object Repository/RAD_Pages/Landing_Page/dd_TaxType' 

2024-11-12 17:39:37 - [MESSAGE][PASSED] - All options with label 'Existing Liability with Notice/Invoice Number' are selected in object 'Object Repository/RAD_Pages/Landing_Page/dd_TaxType' 

2024-11-12 17:39:37 - [TEST_STEP][PASSED] - delay(1): Delayed 1 second(s)

2024-11-12 17:39:38 - [MESSAGE][PASSED] - Delayed 1 second(s)

2024-11-12 17:39:38 - [TEST_STEP][PASSED] - switch (Paymenttype): null

2024-11-12 17:39:38 - [TEST_STEP][PASSED] - case "Existing Liability with Notice/Invoice Number":: null

2024-11-12 17:39:38 - [TEST_STEP][PASSED] - selectOptionByLabel(findTestObject(orPath_TaxTypeFilingYear + "/select_TaxType_ExistingLiability"), Taxtype, false): All options with label 'Tobacco Tax' are selected in object 'Object Repository/RAD_Pages/TaxTypeFilingYear_Page/select_TaxType_ExistingLiability' 

2024-11-12 17:39:39 - [MESSAGE][PASSED] - All options with label 'Tobacco Tax' are selected in object 'Object Repository/RAD_Pages/TaxTypeFilingYear_Page/select_TaxType_ExistingLiability' 

2024-11-12 17:39:39 - [TEST_STEP][PASSED] - break: null

2024-11-12 17:39:39 - [TEST_STEP][PASSED] - delay(1): Delayed 1 second(s)

2024-11-12 17:39:40 - [MESSAGE][PASSED] - Delayed 1 second(s)

2024-11-12 17:39:40 - [TEST_STEP][PASSED] - switch (Paymenttype): null

2024-11-12 17:39:40 - [TEST_STEP][PASSED] - case "Existing Liability with Notice/Invoice Number":: null

2024-11-12 17:39:40 - [TEST_STEP][PASSED] - if (feinSsn.equalsIgnoreCase("Y")): Text ****** has been set on object 'Object Repository/RAD_Pages/TaxInfo_Page/input_TaxInfo_RetypefeinSsn_Existing_New'

2024-11-12 17:39:40 - [TEST_STEP][PASSED] - setEncryptedText(findTestObject(orPath_TaxInfo + "/input_TaxInfo_feinSsn_Existing_New"), "iGDxf8hSRT4="): Text ****** has been set on object 'Object Repository/RAD_Pages/TaxInfo_Page/input_TaxInfo_feinSsn_Existing_New'

2024-11-12 17:39:40 - [MESSAGE][PASSED] - Text ****** has been set on object 'Object Repository/RAD_Pages/TaxInfo_Page/input_TaxInfo_feinSsn_Existing_New'

2024-11-12 17:39:40 - [TEST_STEP][PASSED] - setEncryptedText(findTestObject(orPath_TaxInfo + "/input_TaxInfo_RetypefeinSsn_Existing_New"), ""): Text ****** has been set on object 'Object Repository/RAD_Pages/TaxInfo_Page/input_TaxInfo_RetypefeinSsn_Existing_New'

2024-11-12 17:39:41 - [MESSAGE][PASSED] - Text ****** has been set on object 'Object Repository/RAD_Pages/TaxInfo_Page/input_TaxInfo_RetypefeinSsn_Existing_New'

2024-11-12 17:39:41 - [TEST_STEP][PASSED] - break: null

2024-11-12 17:39:41 - [TEST_STEP][PASSED] - if (feinSsn.equalsIgnoreCase("Y")): null

2024-11-12 17:39:41 - [TEST_STEP][PASSED] - if (verifyTextPresent("Please enter a valid FEIN/SSN with 9 digits", true)): null

2024-11-12 17:39:41 - [MESSAGE][PASSED] - Text 'Please enter a valid FEIN/SSN with 9 digits' is present on page  using regular expression

2024-11-12 17:39:41 - [TEST_STEP][PASSED] - println("Error Message is present on the page"): null

2024-11-12 17:39:41 - [TEST_STEP][PASSED] - out.println("Pass Record Number: " + row): null

2024-11-12 17:39:41 - [TEST_STEP][PASSED] - resText = "Pass": null

2024-11-12 17:39:41 - [TEST_STEP][PASSED] - pages.WriteExcel.demoKey(resText, datText, resColumn, datCloumn, fileLoc, nameSheet, row): pages.WriteExcel.demoKey is PASSED

2024-11-12 17:39:42 - [MESSAGE][PASSED] - pages.WriteExcel.demoKey is PASSED

2024-11-12 17:39:42 - [TEST_STEP][PASSED] - ExecuteTC = findTestData(dataFile).getValue("Execute", row): null

2024-11-12 17:39:42 - [TEST_STEP][PASSED] - Taxtype = findTestData(dataFile).getValue("TaxType", row): null

2024-11-12 17:39:42 - [TEST_STEP][PASSED] - Paymenttype = findTestData(dataFile).getValue("PaymentType", row): null

2024-11-12 17:39:42 - [TEST_STEP][PASSED] - feinSsn = findTestData(dataFile).getValue("FEINSSN", row): null

2024-11-12 17:39:42 - [TEST_STEP][PASSED] - out.println("Value of Execute is : " + ExecuteTC): null

2024-11-12 17:39:42 - [TEST_STEP][PASSED] - if (ExecuteTC.equalsIgnoreCase("Y")): null

2024-11-12 17:39:42 - [TEST_STEP][PASSED] - out.println("Begin Record Number: " + row): null

2024-11-12 17:39:42 - [TEST_STEP][PASSED] - today = new java.util.Date(): null

2024-11-12 17:39:42 - [TEST_STEP][PASSED] - println(today): null

2024-11-12 17:39:42 - [TEST_STEP][PASSED] - datText = today: null

2024-11-12 17:39:42 - [TEST_STEP][PASSED] - Taxtype = findTestData(dataFile).getValue("TaxType", row): null

2024-11-12 17:39:42 - [TEST_STEP][PASSED] - out.println("Taxtype value is : " + Taxtype): null

2024-11-12 17:39:42 - [TEST_STEP][PASSED] - openBrowser(""): Browser is opened with url: ''

2024-11-12 17:39:42 - [MESSAGE][WARNING] - A browser is already opened. Closing browser and opening a new one

2024-11-12 17:39:43 - [MESSAGE][INFO] - Starting 'Chrome' driver

2024-11-12 17:39:43 - [MESSAGE][INFO] - User set preference: ['acceptInsecureCerts', 'true']

2024-11-12 17:39:43 - [MESSAGE][INFO] - Action delay is set to 0 milliseconds

2024-11-12 17:39:45 - [MESSAGE][PASSED] - Browser is opened with url: ''

2024-11-12 17:39:45 - [TEST_STEP][PASSED] - maximizeWindow(): Current window maximized

2024-11-12 17:39:45 - [MESSAGE][PASSED] - Current window maximized

2024-11-12 17:39:45 - [TEST_STEP][PASSED] - navigateToUrl(RADurl): Navigate to 'https://www.velocitypayment.com/client/rad/index.html' successfully

2024-11-12 17:39:47 - [MESSAGE][PASSED] - Navigate to 'https://www.velocitypayment.com/client/rad/index.html' successfully

2024-11-12 17:39:47 - [TEST_STEP][PASSED] - orPath_Landing = "Object Repository/RAD_Pages/Landing_Page": null

2024-11-12 17:39:47 - [TEST_STEP][PASSED] - orPath_TaxTypeFilingYear = "Object Repository/RAD_Pages/TaxTypeFilingYear_Page": null

2024-11-12 17:39:47 - [TEST_STEP][PASSED] - orPath_TaxPayer = "Object Repository/RAD_Pages/Taxpayer_Page": null

2024-11-12 17:39:47 - [TEST_STEP][PASSED] - orPath_AddressContact = "Object Repository/RAD_Pages/AddressAndContactInfo_Page": null

2024-11-12 17:39:47 - [TEST_STEP][PASSED] - orPath_FilingStatus = "Object Repository/RAD_Pages/FilingStatus_Page": null

2024-11-12 17:39:47 - [TEST_STEP][PASSED] - orPath_Amount = "Object Repository/RAD_Pages/PaymentAmount_Page": null

2024-11-12 17:39:47 - [TEST_STEP][PASSED] - orPath_TaxInfo = "Object Repository/RAD_Pages/TaxInfo_Page": null

2024-11-12 17:39:47 - [TEST_STEP][PASSED] - orPath_Withholding = "Object Repository/RAD_Pages/Withholding_Page": null

2024-11-12 17:39:47 - [TEST_STEP][PASSED] - orPath_Summary = "Object Repository/RAD_Pages/Summary_Page": null

2024-11-12 17:39:47 - [TEST_STEP][PASSED] - orPath_PaymentReady = "Object Repository/RAD_Pages/PaymentReady_Page": null

2024-11-12 17:39:47 - [TEST_STEP][PASSED] - orPath_PaymentEntry = "Object Repository/RAD_Pages/PaymentEntry_Page": null

2024-11-12 17:39:47 - [TEST_STEP][PASSED] - orPath_PaymentConfirmation = "Object Repository/RAD_Pages/PaymentConfirmation_Page": null

2024-11-12 17:39:47 - [TEST_STEP][PASSED] - orPath_ServiceFeesAccept = "Object Repository/RAD_Pages/ServiceFeeAccept_Page": null

2024-11-12 17:39:47 - [TEST_STEP][PASSED] - selectOptionByLabel(findTestObject(orPath_Landing + "/dd_TaxType"), Paymenttype, false): All options with label 'Existing Liability with Notice/Invoice Number' are selected in object 'Object Repository/RAD_Pages/Landing_Page/dd_TaxType' 

2024-11-12 17:39:47 - [MESSAGE][PASSED] - All options with label 'Existing Liability with Notice/Invoice Number' are selected in object 'Object Repository/RAD_Pages/Landing_Page/dd_TaxType' 

2024-11-12 17:39:47 - [TEST_STEP][PASSED] - delay(1): Delayed 1 second(s)

2024-11-12 17:39:48 - [MESSAGE][PASSED] - Delayed 1 second(s)

2024-11-12 17:39:48 - [TEST_STEP][PASSED] - switch (Paymenttype): null

2024-11-12 17:39:48 - [TEST_STEP][PASSED] - case "Existing Liability with Notice/Invoice Number":: null

2024-11-12 17:39:48 - [TEST_STEP][PASSED] - selectOptionByLabel(findTestObject(orPath_TaxTypeFilingYear + "/select_TaxType_ExistingLiability"), Taxtype, false): All options with label 'Transportation Network Services' are selected in object 'Object Repository/RAD_Pages/TaxTypeFilingYear_Page/select_TaxType_ExistingLiability' 

2024-11-12 17:39:49 - [MESSAGE][PASSED] - All options with label 'Transportation Network Services' are selected in object 'Object Repository/RAD_Pages/TaxTypeFilingYear_Page/select_TaxType_ExistingLiability' 

2024-11-12 17:39:49 - [TEST_STEP][PASSED] - break: null

2024-11-12 17:39:49 - [TEST_STEP][PASSED] - delay(1): Delayed 1 second(s)

2024-11-12 17:39:50 - [MESSAGE][PASSED] - Delayed 1 second(s)

2024-11-12 17:39:50 - [TEST_STEP][PASSED] - switch (Paymenttype): null

2024-11-12 17:39:50 - [TEST_STEP][PASSED] - case "Existing Liability with Notice/Invoice Number":: null

2024-11-12 17:39:50 - [TEST_STEP][PASSED] - if (feinSsn.equalsIgnoreCase("Y")): null

2024-11-12 17:39:50 - [TEST_STEP][PASSED] - else: Text ****** has been set on object 'Object Repository/RAD_RecordAndPlay/input_Existing_RetypeFEIN'

2024-11-12 17:39:50 - [TEST_STEP][PASSED] - setEncryptedText(findTestObject("Object Repository/RAD_RecordAndPlay/input_Existing_FEIN"), "iGDxf8hSRT4="): Text ****** has been set on object 'Object Repository/RAD_RecordAndPlay/input_Existing_FEIN'

2024-11-12 17:39:51 - [MESSAGE][PASSED] - Text ****** has been set on object 'Object Repository/RAD_RecordAndPlay/input_Existing_FEIN'

2024-11-12 17:39:51 - [TEST_STEP][PASSED] - setEncryptedText(findTestObject("Object Repository/RAD_RecordAndPlay/input_Existing_RetypeFEIN"), ""): Text ****** has been set on object 'Object Repository/RAD_RecordAndPlay/input_Existing_RetypeFEIN'

2024-11-12 17:39:51 - [MESSAGE][PASSED] - Text ****** has been set on object 'Object Repository/RAD_RecordAndPlay/input_Existing_RetypeFEIN'

2024-11-12 17:39:51 - [TEST_STEP][PASSED] - break: null

2024-11-12 17:39:51 - [TEST_STEP][PASSED] - if (feinSsn.equalsIgnoreCase("Y")): null

2024-11-12 17:39:51 - [TEST_STEP][PASSED] - else: null

2024-11-12 17:39:51 - [TEST_STEP][PASSED] - if (verifyTextPresent("Please enter a valid FEIN with 9 digits.", true)): null

2024-11-12 17:39:52 - [MESSAGE][PASSED] - Text 'Please enter a valid FEIN with 9 digits.' is present on page  using regular expression

2024-11-12 17:39:52 - [TEST_STEP][PASSED] - println("Error Message is present on the page"): null

2024-11-12 17:39:52 - [TEST_STEP][PASSED] - out.println("Pass Record Number: " + row): null

2024-11-12 17:39:52 - [TEST_STEP][PASSED] - resText = "Pass": null

2024-11-12 17:39:52 - [TEST_STEP][PASSED] - pages.WriteExcel.demoKey(resText, datText, resColumn, datCloumn, fileLoc, nameSheet, row): pages.WriteExcel.demoKey is PASSED

2024-11-12 17:39:52 - [MESSAGE][PASSED] - pages.WriteExcel.demoKey is PASSED

2024-11-12 17:39:52 - [TEST_STEP][PASSED] - ExecuteTC = findTestData(dataFile).getValue("Execute", row): null

2024-11-12 17:39:52 - [TEST_STEP][PASSED] - Taxtype = findTestData(dataFile).getValue("TaxType", row): null

2024-11-12 17:39:52 - [TEST_STEP][PASSED] - Paymenttype = findTestData(dataFile).getValue("PaymentType", row): null

2024-11-12 17:39:52 - [TEST_STEP][PASSED] - feinSsn = findTestData(dataFile).getValue("FEINSSN", row): null

2024-11-12 17:39:52 - [TEST_STEP][PASSED] - out.println("Value of Execute is : " + ExecuteTC): null

2024-11-12 17:39:52 - [TEST_STEP][PASSED] - if (ExecuteTC.equalsIgnoreCase("Y")): null

2024-11-12 17:39:52 - [TEST_STEP][PASSED] - out.println("Begin Record Number: " + row): null

2024-11-12 17:39:52 - [TEST_STEP][PASSED] - today = new java.util.Date(): null

2024-11-12 17:39:52 - [TEST_STEP][PASSED] - println(today): null

2024-11-12 17:39:52 - [TEST_STEP][PASSED] - datText = today: null

2024-11-12 17:39:52 - [TEST_STEP][PASSED] - Taxtype = findTestData(dataFile).getValue("TaxType", row): null

2024-11-12 17:39:52 - [TEST_STEP][PASSED] - out.println("Taxtype value is : " + Taxtype): null

2024-11-12 17:39:52 - [TEST_STEP][PASSED] - openBrowser(""): Browser is opened with url: ''

2024-11-12 17:39:52 - [MESSAGE][WARNING] - A browser is already opened. Closing browser and opening a new one

2024-11-12 17:39:53 - [MESSAGE][INFO] - Starting 'Chrome' driver

2024-11-12 17:39:53 - [MESSAGE][INFO] - User set preference: ['acceptInsecureCerts', 'true']

2024-11-12 17:39:53 - [MESSAGE][INFO] - Action delay is set to 0 milliseconds

2024-11-12 17:39:55 - [MESSAGE][PASSED] - Browser is opened with url: ''

2024-11-12 17:39:55 - [TEST_STEP][PASSED] - maximizeWindow(): Current window maximized

2024-11-12 17:39:55 - [MESSAGE][PASSED] - Current window maximized

2024-11-12 17:39:55 - [TEST_STEP][PASSED] - navigateToUrl(RADurl): Navigate to 'https://www.velocitypayment.com/client/rad/index.html' successfully

2024-11-12 17:39:55 - [MESSAGE][PASSED] - Navigate to 'https://www.velocitypayment.com/client/rad/index.html' successfully

2024-11-12 17:39:55 - [TEST_STEP][PASSED] - orPath_Landing = "Object Repository/RAD_Pages/Landing_Page": null

2024-11-12 17:39:55 - [TEST_STEP][PASSED] - orPath_TaxTypeFilingYear = "Object Repository/RAD_Pages/TaxTypeFilingYear_Page": null

2024-11-12 17:39:55 - [TEST_STEP][PASSED] - orPath_TaxPayer = "Object Repository/RAD_Pages/Taxpayer_Page": null

2024-11-12 17:39:55 - [TEST_STEP][PASSED] - orPath_AddressContact = "Object Repository/RAD_Pages/AddressAndContactInfo_Page": null

2024-11-12 17:39:55 - [TEST_STEP][PASSED] - orPath_FilingStatus = "Object Repository/RAD_Pages/FilingStatus_Page": null

2024-11-12 17:39:55 - [TEST_STEP][PASSED] - orPath_Amount = "Object Repository/RAD_Pages/PaymentAmount_Page": null

2024-11-12 17:39:55 - [TEST_STEP][PASSED] - orPath_TaxInfo = "Object Repository/RAD_Pages/TaxInfo_Page": null

2024-11-12 17:39:55 - [TEST_STEP][PASSED] - orPath_Withholding = "Object Repository/RAD_Pages/Withholding_Page": null

2024-11-12 17:39:55 - [TEST_STEP][PASSED] - orPath_Summary = "Object Repository/RAD_Pages/Summary_Page": null

2024-11-12 17:39:55 - [TEST_STEP][PASSED] - orPath_PaymentReady = "Object Repository/RAD_Pages/PaymentReady_Page": null

2024-11-12 17:39:55 - [TEST_STEP][PASSED] - orPath_PaymentEntry = "Object Repository/RAD_Pages/PaymentEntry_Page": null

2024-11-12 17:39:55 - [TEST_STEP][PASSED] - orPath_PaymentConfirmation = "Object Repository/RAD_Pages/PaymentConfirmation_Page": null

2024-11-12 17:39:55 - [TEST_STEP][PASSED] - orPath_ServiceFeesAccept = "Object Repository/RAD_Pages/ServiceFeeAccept_Page": null

2024-11-12 17:39:55 - [TEST_STEP][PASSED] - selectOptionByLabel(findTestObject(orPath_Landing + "/dd_TaxType"), Paymenttype, false): All options with label 'Existing Liability with Notice/Invoice Number' are selected in object 'Object Repository/RAD_Pages/Landing_Page/dd_TaxType' 

2024-11-12 17:39:57 - [MESSAGE][PASSED] - All options with label 'Existing Liability with Notice/Invoice Number' are selected in object 'Object Repository/RAD_Pages/Landing_Page/dd_TaxType' 

2024-11-12 17:39:57 - [TEST_STEP][PASSED] - delay(1): Delayed 1 second(s)

2024-11-12 17:39:58 - [MESSAGE][PASSED] - Delayed 1 second(s)

2024-11-12 17:39:58 - [TEST_STEP][PASSED] - switch (Paymenttype): null

2024-11-12 17:39:58 - [TEST_STEP][PASSED] - case "Existing Liability with Notice/Invoice Number":: null

2024-11-12 17:39:58 - [TEST_STEP][PASSED] - selectOptionByLabel(findTestObject(orPath_TaxTypeFilingYear + "/select_TaxType_ExistingLiability"), Taxtype, false): All options with label 'Unclaimed Property' are selected in object 'Object Repository/RAD_Pages/TaxTypeFilingYear_Page/select_TaxType_ExistingLiability' 

2024-11-12 17:39:59 - [MESSAGE][PASSED] - All options with label 'Unclaimed Property' are selected in object 'Object Repository/RAD_Pages/TaxTypeFilingYear_Page/select_TaxType_ExistingLiability' 

2024-11-12 17:39:59 - [TEST_STEP][PASSED] - break: null

2024-11-12 17:39:59 - [TEST_STEP][PASSED] - delay(1): Delayed 1 second(s)

2024-11-12 17:40:00 - [MESSAGE][PASSED] - Delayed 1 second(s)

2024-11-12 17:40:00 - [TEST_STEP][PASSED] - switch (Paymenttype): null

2024-11-12 17:40:00 - [TEST_STEP][PASSED] - case "Existing Liability with Notice/Invoice Number":: null

2024-11-12 17:40:00 - [TEST_STEP][PASSED] - if (feinSsn.equalsIgnoreCase("Y")): null

2024-11-12 17:40:00 - [TEST_STEP][PASSED] - else: Text ****** has been set on object 'Object Repository/RAD_RecordAndPlay/input_Existing_RetypeFEIN'

2024-11-12 17:40:00 - [TEST_STEP][PASSED] - setEncryptedText(findTestObject("Object Repository/RAD_RecordAndPlay/input_Existing_FEIN"), "iGDxf8hSRT4="): Text ****** has been set on object 'Object Repository/RAD_RecordAndPlay/input_Existing_FEIN'

2024-11-12 17:40:01 - [MESSAGE][PASSED] - Text ****** has been set on object 'Object Repository/RAD_RecordAndPlay/input_Existing_FEIN'

2024-11-12 17:40:01 - [TEST_STEP][PASSED] - setEncryptedText(findTestObject("Object Repository/RAD_RecordAndPlay/input_Existing_RetypeFEIN"), ""): Text ****** has been set on object 'Object Repository/RAD_RecordAndPlay/input_Existing_RetypeFEIN'

2024-11-12 17:40:01 - [MESSAGE][PASSED] - Text ****** has been set on object 'Object Repository/RAD_RecordAndPlay/input_Existing_RetypeFEIN'

2024-11-12 17:40:01 - [TEST_STEP][PASSED] - break: null

2024-11-12 17:40:01 - [TEST_STEP][PASSED] - if (feinSsn.equalsIgnoreCase("Y")): null

2024-11-12 17:40:01 - [TEST_STEP][PASSED] - else: null

2024-11-12 17:40:01 - [TEST_STEP][PASSED] - if (verifyTextPresent("Please enter a valid FEIN with 9 digits.", true)): null

2024-11-12 17:40:02 - [MESSAGE][PASSED] - Text 'Please enter a valid FEIN with 9 digits.' is present on page  using regular expression

2024-11-12 17:40:02 - [TEST_STEP][PASSED] - println("Error Message is present on the page"): null

2024-11-12 17:40:02 - [TEST_STEP][PASSED] - out.println("Pass Record Number: " + row): null

2024-11-12 17:40:02 - [TEST_STEP][PASSED] - resText = "Pass": null

2024-11-12 17:40:02 - [TEST_STEP][PASSED] - pages.WriteExcel.demoKey(resText, datText, resColumn, datCloumn, fileLoc, nameSheet, row): pages.WriteExcel.demoKey is PASSED

2024-11-12 17:40:02 - [MESSAGE][PASSED] - pages.WriteExcel.demoKey is PASSED

2024-11-12 17:40:02 - [TEST_STEP][PASSED] - ExecuteTC = findTestData(dataFile).getValue("Execute", row): null

2024-11-12 17:40:02 - [TEST_STEP][PASSED] - Taxtype = findTestData(dataFile).getValue("TaxType", row): null

2024-11-12 17:40:02 - [TEST_STEP][PASSED] - Paymenttype = findTestData(dataFile).getValue("PaymentType", row): null

2024-11-12 17:40:02 - [TEST_STEP][PASSED] - feinSsn = findTestData(dataFile).getValue("FEINSSN", row): null

2024-11-12 17:40:02 - [TEST_STEP][PASSED] - out.println("Value of Execute is : " + ExecuteTC): null

2024-11-12 17:40:02 - [TEST_STEP][PASSED] - if (ExecuteTC.equalsIgnoreCase("Y")): null

2024-11-12 17:40:02 - [TEST_STEP][PASSED] - out.println("Begin Record Number: " + row): null

2024-11-12 17:40:02 - [TEST_STEP][PASSED] - today = new java.util.Date(): null

2024-11-12 17:40:02 - [TEST_STEP][PASSED] - println(today): null

2024-11-12 17:40:02 - [TEST_STEP][PASSED] - datText = today: null

2024-11-12 17:40:02 - [TEST_STEP][PASSED] - Taxtype = findTestData(dataFile).getValue("TaxType", row): null

2024-11-12 17:40:02 - [TEST_STEP][PASSED] - out.println("Taxtype value is : " + Taxtype): null

2024-11-12 17:40:02 - [TEST_STEP][PASSED] - openBrowser(""): Browser is opened with url: ''

2024-11-12 17:40:02 - [MESSAGE][WARNING] - A browser is already opened. Closing browser and opening a new one

2024-11-12 17:40:03 - [MESSAGE][INFO] - Starting 'Chrome' driver

2024-11-12 17:40:03 - [MESSAGE][INFO] - User set preference: ['acceptInsecureCerts', 'true']

2024-11-12 17:40:03 - [MESSAGE][INFO] - Action delay is set to 0 milliseconds

2024-11-12 17:40:05 - [MESSAGE][PASSED] - Browser is opened with url: ''

2024-11-12 17:40:05 - [TEST_STEP][PASSED] - maximizeWindow(): Current window maximized

2024-11-12 17:40:05 - [MESSAGE][PASSED] - Current window maximized

2024-11-12 17:40:05 - [TEST_STEP][PASSED] - navigateToUrl(RADurl): Navigate to 'https://www.velocitypayment.com/client/rad/index.html' successfully

2024-11-12 17:40:07 - [MESSAGE][PASSED] - Navigate to 'https://www.velocitypayment.com/client/rad/index.html' successfully

2024-11-12 17:40:07 - [TEST_STEP][PASSED] - orPath_Landing = "Object Repository/RAD_Pages/Landing_Page": null

2024-11-12 17:40:07 - [TEST_STEP][PASSED] - orPath_TaxTypeFilingYear = "Object Repository/RAD_Pages/TaxTypeFilingYear_Page": null

2024-11-12 17:40:07 - [TEST_STEP][PASSED] - orPath_TaxPayer = "Object Repository/RAD_Pages/Taxpayer_Page": null

2024-11-12 17:40:07 - [TEST_STEP][PASSED] - orPath_AddressContact = "Object Repository/RAD_Pages/AddressAndContactInfo_Page": null

2024-11-12 17:40:07 - [TEST_STEP][PASSED] - orPath_FilingStatus = "Object Repository/RAD_Pages/FilingStatus_Page": null

2024-11-12 17:40:07 - [TEST_STEP][PASSED] - orPath_Amount = "Object Repository/RAD_Pages/PaymentAmount_Page": null

2024-11-12 17:40:07 - [TEST_STEP][PASSED] - orPath_TaxInfo = "Object Repository/RAD_Pages/TaxInfo_Page": null

2024-11-12 17:40:07 - [TEST_STEP][PASSED] - orPath_Withholding = "Object Repository/RAD_Pages/Withholding_Page": null

2024-11-12 17:40:07 - [TEST_STEP][PASSED] - orPath_Summary = "Object Repository/RAD_Pages/Summary_Page": null

2024-11-12 17:40:07 - [TEST_STEP][PASSED] - orPath_PaymentReady = "Object Repository/RAD_Pages/PaymentReady_Page": null

2024-11-12 17:40:07 - [TEST_STEP][PASSED] - orPath_PaymentEntry = "Object Repository/RAD_Pages/PaymentEntry_Page": null

2024-11-12 17:40:07 - [TEST_STEP][PASSED] - orPath_PaymentConfirmation = "Object Repository/RAD_Pages/PaymentConfirmation_Page": null

2024-11-12 17:40:07 - [TEST_STEP][PASSED] - orPath_ServiceFeesAccept = "Object Repository/RAD_Pages/ServiceFeeAccept_Page": null

2024-11-12 17:40:07 - [TEST_STEP][PASSED] - selectOptionByLabel(findTestObject(orPath_Landing + "/dd_TaxType"), Paymenttype, false): All options with label 'Existing Liability with Notice/Invoice Number' are selected in object 'Object Repository/RAD_Pages/Landing_Page/dd_TaxType' 

2024-11-12 17:40:07 - [MESSAGE][PASSED] - All options with label 'Existing Liability with Notice/Invoice Number' are selected in object 'Object Repository/RAD_Pages/Landing_Page/dd_TaxType' 

2024-11-12 17:40:07 - [TEST_STEP][PASSED] - delay(1): Delayed 1 second(s)

2024-11-12 17:40:08 - [MESSAGE][PASSED] - Delayed 1 second(s)

2024-11-12 17:40:08 - [TEST_STEP][PASSED] - switch (Paymenttype): null

2024-11-12 17:40:08 - [TEST_STEP][PASSED] - case "Existing Liability with Notice/Invoice Number":: null

2024-11-12 17:40:08 - [TEST_STEP][PASSED] - selectOptionByLabel(findTestObject(orPath_TaxTypeFilingYear + "/select_TaxType_ExistingLiability"), Taxtype, false): All options with label 'IFTA Tax' are selected in object 'Object Repository/RAD_Pages/TaxTypeFilingYear_Page/select_TaxType_ExistingLiability' 

2024-11-12 17:40:09 - [MESSAGE][PASSED] - All options with label 'IFTA Tax' are selected in object 'Object Repository/RAD_Pages/TaxTypeFilingYear_Page/select_TaxType_ExistingLiability' 

2024-11-12 17:40:09 - [TEST_STEP][PASSED] - break: null

2024-11-12 17:40:09 - [TEST_STEP][PASSED] - delay(1): Delayed 1 second(s)

2024-11-12 17:40:10 - [MESSAGE][PASSED] - Delayed 1 second(s)

2024-11-12 17:40:10 - [TEST_STEP][PASSED] - switch (Paymenttype): null

2024-11-12 17:40:10 - [TEST_STEP][PASSED] - case "Existing Liability with Notice/Invoice Number":: null

2024-11-12 17:40:10 - [TEST_STEP][PASSED] - if (feinSsn.equalsIgnoreCase("Y")): null

2024-11-12 17:40:10 - [TEST_STEP][PASSED] - else: Text ****** has been set on object 'Object Repository/RAD_RecordAndPlay/input_Existing_RetypeFEIN'

2024-11-12 17:40:10 - [TEST_STEP][PASSED] - setEncryptedText(findTestObject("Object Repository/RAD_RecordAndPlay/input_Existing_FEIN"), "iGDxf8hSRT4="): Text ****** has been set on object 'Object Repository/RAD_RecordAndPlay/input_Existing_FEIN'

2024-11-12 17:40:11 - [MESSAGE][PASSED] - Text ****** has been set on object 'Object Repository/RAD_RecordAndPlay/input_Existing_FEIN'

2024-11-12 17:40:11 - [TEST_STEP][PASSED] - setEncryptedText(findTestObject("Object Repository/RAD_RecordAndPlay/input_Existing_RetypeFEIN"), ""): Text ****** has been set on object 'Object Repository/RAD_RecordAndPlay/input_Existing_RetypeFEIN'

2024-11-12 17:40:11 - [MESSAGE][PASSED] - Text ****** has been set on object 'Object Repository/RAD_RecordAndPlay/input_Existing_RetypeFEIN'

2024-11-12 17:40:11 - [TEST_STEP][PASSED] - break: null

2024-11-12 17:40:11 - [TEST_STEP][PASSED] - if (feinSsn.equalsIgnoreCase("Y")): null

2024-11-12 17:40:11 - [TEST_STEP][PASSED] - else: null

2024-11-12 17:40:11 - [TEST_STEP][PASSED] - if (verifyTextPresent("Please enter a valid FEIN with 9 digits.", true)): null

2024-11-12 17:40:12 - [MESSAGE][PASSED] - Text 'Please enter a valid FEIN with 9 digits.' is present on page  using regular expression

2024-11-12 17:40:12 - [TEST_STEP][PASSED] - println("Error Message is present on the page"): null

2024-11-12 17:40:12 - [TEST_STEP][PASSED] - out.println("Pass Record Number: " + row): null

2024-11-12 17:40:12 - [TEST_STEP][PASSED] - resText = "Pass": null

2024-11-12 17:40:12 - [TEST_STEP][PASSED] - pages.WriteExcel.demoKey(resText, datText, resColumn, datCloumn, fileLoc, nameSheet, row): pages.WriteExcel.demoKey is PASSED

2024-11-12 17:40:12 - [MESSAGE][PASSED] - pages.WriteExcel.demoKey is PASSED

2024-11-12 17:40:12 - [TEST_STEP][PASSED] - ExecuteTC = findTestData(dataFile).getValue("Execute", row): null

2024-11-12 17:40:12 - [TEST_STEP][PASSED] - Taxtype = findTestData(dataFile).getValue("TaxType", row): null

2024-11-12 17:40:12 - [TEST_STEP][PASSED] - Paymenttype = findTestData(dataFile).getValue("PaymentType", row): null

2024-11-12 17:40:12 - [TEST_STEP][PASSED] - feinSsn = findTestData(dataFile).getValue("FEINSSN", row): null

2024-11-12 17:40:12 - [TEST_STEP][PASSED] - out.println("Value of Execute is : " + ExecuteTC): null

2024-11-12 17:40:12 - [TEST_STEP][PASSED] - if (ExecuteTC.equalsIgnoreCase("Y")): null

2024-11-12 17:40:12 - [TEST_STEP][PASSED] - out.println("Begin Record Number: " + row): null

2024-11-12 17:40:12 - [TEST_STEP][PASSED] - today = new java.util.Date(): null

2024-11-12 17:40:12 - [TEST_STEP][PASSED] - println(today): null

2024-11-12 17:40:12 - [TEST_STEP][PASSED] - datText = today: null

2024-11-12 17:40:12 - [TEST_STEP][PASSED] - Taxtype = findTestData(dataFile).getValue("TaxType", row): null

2024-11-12 17:40:12 - [TEST_STEP][PASSED] - out.println("Taxtype value is : " + Taxtype): null

2024-11-12 17:40:12 - [TEST_STEP][PASSED] - openBrowser(""): Browser is opened with url: ''

2024-11-12 17:40:12 - [MESSAGE][WARNING] - A browser is already opened. Closing browser and opening a new one

2024-11-12 17:40:13 - [MESSAGE][INFO] - Starting 'Chrome' driver

2024-11-12 17:40:13 - [MESSAGE][INFO] - User set preference: ['acceptInsecureCerts', 'true']

2024-11-12 17:40:13 - [MESSAGE][INFO] - Action delay is set to 0 milliseconds

2024-11-12 17:40:15 - [MESSAGE][PASSED] - Browser is opened with url: ''

2024-11-12 17:40:15 - [TEST_STEP][PASSED] - maximizeWindow(): Current window maximized

2024-11-12 17:40:15 - [MESSAGE][PASSED] - Current window maximized

2024-11-12 17:40:15 - [TEST_STEP][PASSED] - navigateToUrl(RADurl): Navigate to 'https://www.velocitypayment.com/client/rad/index.html' successfully

2024-11-12 17:40:17 - [MESSAGE][PASSED] - Navigate to 'https://www.velocitypayment.com/client/rad/index.html' successfully

2024-11-12 17:40:17 - [TEST_STEP][PASSED] - orPath_Landing = "Object Repository/RAD_Pages/Landing_Page": null

2024-11-12 17:40:17 - [TEST_STEP][PASSED] - orPath_TaxTypeFilingYear = "Object Repository/RAD_Pages/TaxTypeFilingYear_Page": null

2024-11-12 17:40:17 - [TEST_STEP][PASSED] - orPath_TaxPayer = "Object Repository/RAD_Pages/Taxpayer_Page": null

2024-11-12 17:40:17 - [TEST_STEP][PASSED] - orPath_AddressContact = "Object Repository/RAD_Pages/AddressAndContactInfo_Page": null

2024-11-12 17:40:17 - [TEST_STEP][PASSED] - orPath_FilingStatus = "Object Repository/RAD_Pages/FilingStatus_Page": null

2024-11-12 17:40:17 - [TEST_STEP][PASSED] - orPath_Amount = "Object Repository/RAD_Pages/PaymentAmount_Page": null

2024-11-12 17:40:17 - [TEST_STEP][PASSED] - orPath_TaxInfo = "Object Repository/RAD_Pages/TaxInfo_Page": null

2024-11-12 17:40:17 - [TEST_STEP][PASSED] - orPath_Withholding = "Object Repository/RAD_Pages/Withholding_Page": null

2024-11-12 17:40:17 - [TEST_STEP][PASSED] - orPath_Summary = "Object Repository/RAD_Pages/Summary_Page": null

2024-11-12 17:40:17 - [TEST_STEP][PASSED] - orPath_PaymentReady = "Object Repository/RAD_Pages/PaymentReady_Page": null

2024-11-12 17:40:17 - [TEST_STEP][PASSED] - orPath_PaymentEntry = "Object Repository/RAD_Pages/PaymentEntry_Page": null

2024-11-12 17:40:17 - [TEST_STEP][PASSED] - orPath_PaymentConfirmation = "Object Repository/RAD_Pages/PaymentConfirmation_Page": null

2024-11-12 17:40:17 - [TEST_STEP][PASSED] - orPath_ServiceFeesAccept = "Object Repository/RAD_Pages/ServiceFeeAccept_Page": null

2024-11-12 17:40:17 - [TEST_STEP][PASSED] - selectOptionByLabel(findTestObject(orPath_Landing + "/dd_TaxType"), Paymenttype, false): All options with label 'New Tax Return Amount Due' are selected in object 'Object Repository/RAD_Pages/Landing_Page/dd_TaxType' 

2024-11-12 17:40:17 - [MESSAGE][PASSED] - All options with label 'New Tax Return Amount Due' are selected in object 'Object Repository/RAD_Pages/Landing_Page/dd_TaxType' 

2024-11-12 17:40:17 - [TEST_STEP][PASSED] - delay(1): Delayed 1 second(s)

2024-11-12 17:40:18 - [MESSAGE][PASSED] - Delayed 1 second(s)

2024-11-12 17:40:18 - [TEST_STEP][PASSED] - switch (Paymenttype): null

2024-11-12 17:40:18 - [TEST_STEP][PASSED] - case "New Tax Return Amount Due":: null

2024-11-12 17:40:18 - [TEST_STEP][PASSED] - selectOptionByLabel(findTestObject("Object Repository/RAD_Pages/Landing_Page/select_NewTaxReturnAmountDue_TaxType"), Taxtype, false): All options with label 'Admissions and Amusement Tax' are selected in object 'Object Repository/RAD_Pages/Landing_Page/select_NewTaxReturnAmountDue_TaxType' 

2024-11-12 17:40:19 - [MESSAGE][PASSED] - All options with label 'Admissions and Amusement Tax' are selected in object 'Object Repository/RAD_Pages/Landing_Page/select_NewTaxReturnAmountDue_TaxType' 

2024-11-12 17:40:19 - [TEST_STEP][PASSED] - break: null

2024-11-12 17:40:19 - [TEST_STEP][PASSED] - delay(1): Delayed 1 second(s)

2024-11-12 17:40:20 - [MESSAGE][PASSED] - Delayed 1 second(s)

2024-11-12 17:40:20 - [TEST_STEP][PASSED] - switch (Paymenttype): null

2024-11-12 17:40:20 - [TEST_STEP][PASSED] - case "New Tax Return Amount Due":: null

2024-11-12 17:40:20 - [TEST_STEP][PASSED] - if (feinSsn.equalsIgnoreCase("Y")): null

2024-11-12 17:40:20 - [TEST_STEP][PASSED] - else: Text ****** has been set on object 'Object Repository/RAD_Pages/TaxInfo_Page/input_FederalEIN_ReEnter-2'

2024-11-12 17:40:20 - [TEST_STEP][PASSED] - setEncryptedText(findTestObject(orPath_TaxInfo + "/input_FederalEIN-2"), "iGDxf8hSRT4="): Text ****** has been set on object 'Object Repository/RAD_Pages/TaxInfo_Page/input_FederalEIN-2'

2024-11-12 17:40:21 - [MESSAGE][PASSED] - Text ****** has been set on object 'Object Repository/RAD_Pages/TaxInfo_Page/input_FederalEIN-2'

2024-11-12 17:40:21 - [TEST_STEP][PASSED] - setEncryptedText(findTestObject(orPath_TaxInfo + "/input_FederalEIN_ReEnter-2"), ""): Text ****** has been set on object 'Object Repository/RAD_Pages/TaxInfo_Page/input_FederalEIN_ReEnter-2'

2024-11-12 17:40:21 - [MESSAGE][PASSED] - Text ****** has been set on object 'Object Repository/RAD_Pages/TaxInfo_Page/input_FederalEIN_ReEnter-2'

2024-11-12 17:40:21 - [TEST_STEP][PASSED] - break: null

2024-11-12 17:40:21 - [TEST_STEP][PASSED] - if (feinSsn.equalsIgnoreCase("Y")): null

2024-11-12 17:40:21 - [TEST_STEP][PASSED] - else: null

2024-11-12 17:40:21 - [TEST_STEP][PASSED] - if (verifyTextPresent("Please enter a valid FEIN with 9 digits.", true)): null

2024-11-12 17:40:22 - [MESSAGE][PASSED] - Text 'Please enter a valid FEIN with 9 digits.' is present on page  using regular expression

2024-11-12 17:40:22 - [TEST_STEP][PASSED] - println("Error Message is present on the page"): null

2024-11-12 17:40:22 - [TEST_STEP][PASSED] - out.println("Pass Record Number: " + row): null

2024-11-12 17:40:22 - [TEST_STEP][PASSED] - resText = "Pass": null

2024-11-12 17:40:22 - [TEST_STEP][PASSED] - pages.WriteExcel.demoKey(resText, datText, resColumn, datCloumn, fileLoc, nameSheet, row): pages.WriteExcel.demoKey is PASSED

2024-11-12 17:40:22 - [MESSAGE][PASSED] - pages.WriteExcel.demoKey is PASSED

2024-11-12 17:40:22 - [TEST_STEP][PASSED] - ExecuteTC = findTestData(dataFile).getValue("Execute", row): null

2024-11-12 17:40:22 - [TEST_STEP][PASSED] - Taxtype = findTestData(dataFile).getValue("TaxType", row): null

2024-11-12 17:40:22 - [TEST_STEP][PASSED] - Paymenttype = findTestData(dataFile).getValue("PaymentType", row): null

2024-11-12 17:40:22 - [TEST_STEP][PASSED] - feinSsn = findTestData(dataFile).getValue("FEINSSN", row): null

2024-11-12 17:40:22 - [TEST_STEP][PASSED] - out.println("Value of Execute is : " + ExecuteTC): null

2024-11-12 17:40:22 - [TEST_STEP][PASSED] - if (ExecuteTC.equalsIgnoreCase("Y")): null

2024-11-12 17:40:22 - [TEST_STEP][PASSED] - out.println("Begin Record Number: " + row): null

2024-11-12 17:40:22 - [TEST_STEP][PASSED] - today = new java.util.Date(): null

2024-11-12 17:40:22 - [TEST_STEP][PASSED] - println(today): null

2024-11-12 17:40:22 - [TEST_STEP][PASSED] - datText = today: null

2024-11-12 17:40:22 - [TEST_STEP][PASSED] - Taxtype = findTestData(dataFile).getValue("TaxType", row): null

2024-11-12 17:40:22 - [TEST_STEP][PASSED] - out.println("Taxtype value is : " + Taxtype): null

2024-11-12 17:40:22 - [TEST_STEP][PASSED] - openBrowser(""): Browser is opened with url: ''

2024-11-12 17:40:22 - [MESSAGE][WARNING] - A browser is already opened. Closing browser and opening a new one

2024-11-12 17:40:23 - [MESSAGE][INFO] - Starting 'Chrome' driver

2024-11-12 17:40:23 - [MESSAGE][INFO] - User set preference: ['acceptInsecureCerts', 'true']

2024-11-12 17:40:23 - [MESSAGE][INFO] - Action delay is set to 0 milliseconds

2024-11-12 17:40:25 - [MESSAGE][PASSED] - Browser is opened with url: ''

2024-11-12 17:40:25 - [TEST_STEP][PASSED] - maximizeWindow(): Current window maximized

2024-11-12 17:40:25 - [MESSAGE][PASSED] - Current window maximized

2024-11-12 17:40:25 - [TEST_STEP][PASSED] - navigateToUrl(RADurl): Navigate to 'https://www.velocitypayment.com/client/rad/index.html' successfully

2024-11-12 17:40:25 - [MESSAGE][PASSED] - Navigate to 'https://www.velocitypayment.com/client/rad/index.html' successfully

2024-11-12 17:40:25 - [TEST_STEP][PASSED] - orPath_Landing = "Object Repository/RAD_Pages/Landing_Page": null

2024-11-12 17:40:25 - [TEST_STEP][PASSED] - orPath_TaxTypeFilingYear = "Object Repository/RAD_Pages/TaxTypeFilingYear_Page": null

2024-11-12 17:40:25 - [TEST_STEP][PASSED] - orPath_TaxPayer = "Object Repository/RAD_Pages/Taxpayer_Page": null

2024-11-12 17:40:25 - [TEST_STEP][PASSED] - orPath_AddressContact = "Object Repository/RAD_Pages/AddressAndContactInfo_Page": null

2024-11-12 17:40:25 - [TEST_STEP][PASSED] - orPath_FilingStatus = "Object Repository/RAD_Pages/FilingStatus_Page": null

2024-11-12 17:40:25 - [TEST_STEP][PASSED] - orPath_Amount = "Object Repository/RAD_Pages/PaymentAmount_Page": null

2024-11-12 17:40:25 - [TEST_STEP][PASSED] - orPath_TaxInfo = "Object Repository/RAD_Pages/TaxInfo_Page": null

2024-11-12 17:40:25 - [TEST_STEP][PASSED] - orPath_Withholding = "Object Repository/RAD_Pages/Withholding_Page": null

2024-11-12 17:40:25 - [TEST_STEP][PASSED] - orPath_Summary = "Object Repository/RAD_Pages/Summary_Page": null

2024-11-12 17:40:25 - [TEST_STEP][PASSED] - orPath_PaymentReady = "Object Repository/RAD_Pages/PaymentReady_Page": null

2024-11-12 17:40:25 - [TEST_STEP][PASSED] - orPath_PaymentEntry = "Object Repository/RAD_Pages/PaymentEntry_Page": null

2024-11-12 17:40:25 - [TEST_STEP][PASSED] - orPath_PaymentConfirmation = "Object Repository/RAD_Pages/PaymentConfirmation_Page": null

2024-11-12 17:40:25 - [TEST_STEP][PASSED] - orPath_ServiceFeesAccept = "Object Repository/RAD_Pages/ServiceFeeAccept_Page": null

2024-11-12 17:40:25 - [TEST_STEP][PASSED] - selectOptionByLabel(findTestObject(orPath_Landing + "/dd_TaxType"), Paymenttype, false): All options with label 'New Tax Return Amount Due' are selected in object 'Object Repository/RAD_Pages/Landing_Page/dd_TaxType' 

2024-11-12 17:40:28 - [MESSAGE][PASSED] - All options with label 'New Tax Return Amount Due' are selected in object 'Object Repository/RAD_Pages/Landing_Page/dd_TaxType' 

2024-11-12 17:40:28 - [TEST_STEP][PASSED] - delay(1): Delayed 1 second(s)

2024-11-12 17:40:29 - [MESSAGE][PASSED] - Delayed 1 second(s)

2024-11-12 17:40:29 - [TEST_STEP][PASSED] - switch (Paymenttype): null

2024-11-12 17:40:29 - [TEST_STEP][PASSED] - case "New Tax Return Amount Due":: null

2024-11-12 17:40:29 - [TEST_STEP][PASSED] - selectOptionByLabel(findTestObject("Object Repository/RAD_Pages/Landing_Page/select_NewTaxReturnAmountDue_TaxType"), Taxtype, false): All options with label 'Alcohol Tax' are selected in object 'Object Repository/RAD_Pages/Landing_Page/select_NewTaxReturnAmountDue_TaxType' 

2024-11-12 17:40:29 - [MESSAGE][PASSED] - All options with label 'Alcohol Tax' are selected in object 'Object Repository/RAD_Pages/Landing_Page/select_NewTaxReturnAmountDue_TaxType' 

2024-11-12 17:40:29 - [TEST_STEP][PASSED] - break: null

2024-11-12 17:40:29 - [TEST_STEP][PASSED] - delay(1): Delayed 1 second(s)

2024-11-12 17:40:30 - [MESSAGE][PASSED] - Delayed 1 second(s)

2024-11-12 17:40:30 - [TEST_STEP][PASSED] - switch (Paymenttype): null

2024-11-12 17:40:30 - [TEST_STEP][PASSED] - case "New Tax Return Amount Due":: null

2024-11-12 17:40:30 - [TEST_STEP][PASSED] - if (feinSsn.equalsIgnoreCase("Y")): null

2024-11-12 17:40:30 - [TEST_STEP][PASSED] - else: Text ****** has been set on object 'Object Repository/RAD_Pages/TaxInfo_Page/input_FederalEIN_ReEnter-2'

2024-11-12 17:40:30 - [TEST_STEP][PASSED] - setEncryptedText(findTestObject(orPath_TaxInfo + "/input_FederalEIN-2"), "iGDxf8hSRT4="): Text ****** has been set on object 'Object Repository/RAD_Pages/TaxInfo_Page/input_FederalEIN-2'

2024-11-12 17:40:31 - [MESSAGE][PASSED] - Text ****** has been set on object 'Object Repository/RAD_Pages/TaxInfo_Page/input_FederalEIN-2'

2024-11-12 17:40:31 - [TEST_STEP][PASSED] - setEncryptedText(findTestObject(orPath_TaxInfo + "/input_FederalEIN_ReEnter-2"), ""): Text ****** has been set on object 'Object Repository/RAD_Pages/TaxInfo_Page/input_FederalEIN_ReEnter-2'

2024-11-12 17:40:31 - [MESSAGE][PASSED] - Text ****** has been set on object 'Object Repository/RAD_Pages/TaxInfo_Page/input_FederalEIN_ReEnter-2'

2024-11-12 17:40:31 - [TEST_STEP][PASSED] - break: null

2024-11-12 17:40:31 - [TEST_STEP][PASSED] - if (feinSsn.equalsIgnoreCase("Y")): null

2024-11-12 17:40:31 - [TEST_STEP][PASSED] - else: null

2024-11-12 17:40:31 - [TEST_STEP][PASSED] - if (verifyTextPresent("Please enter a valid FEIN with 9 digits.", true)): null

2024-11-12 17:40:32 - [MESSAGE][PASSED] - Text 'Please enter a valid FEIN with 9 digits.' is present on page  using regular expression

2024-11-12 17:40:32 - [TEST_STEP][PASSED] - println("Error Message is present on the page"): null

2024-11-12 17:40:32 - [TEST_STEP][PASSED] - out.println("Pass Record Number: " + row): null

2024-11-12 17:40:32 - [TEST_STEP][PASSED] - resText = "Pass": null

2024-11-12 17:40:32 - [TEST_STEP][PASSED] - pages.WriteExcel.demoKey(resText, datText, resColumn, datCloumn, fileLoc, nameSheet, row): pages.WriteExcel.demoKey is PASSED

2024-11-12 17:40:32 - [MESSAGE][PASSED] - pages.WriteExcel.demoKey is PASSED

2024-11-12 17:40:32 - [TEST_STEP][PASSED] - ExecuteTC = findTestData(dataFile).getValue("Execute", row): null

2024-11-12 17:40:32 - [TEST_STEP][PASSED] - Taxtype = findTestData(dataFile).getValue("TaxType", row): null

2024-11-12 17:40:32 - [TEST_STEP][PASSED] - Paymenttype = findTestData(dataFile).getValue("PaymentType", row): null

2024-11-12 17:40:32 - [TEST_STEP][PASSED] - feinSsn = findTestData(dataFile).getValue("FEINSSN", row): null

2024-11-12 17:40:32 - [TEST_STEP][PASSED] - out.println("Value of Execute is : " + ExecuteTC): null

2024-11-12 17:40:32 - [TEST_STEP][PASSED] - if (ExecuteTC.equalsIgnoreCase("Y")): null

2024-11-12 17:40:32 - [TEST_STEP][PASSED] - out.println("Begin Record Number: " + row): null

2024-11-12 17:40:32 - [TEST_STEP][PASSED] - today = new java.util.Date(): null

2024-11-12 17:40:32 - [TEST_STEP][PASSED] - println(today): null

2024-11-12 17:40:32 - [TEST_STEP][PASSED] - datText = today: null

2024-11-12 17:40:32 - [TEST_STEP][PASSED] - Taxtype = findTestData(dataFile).getValue("TaxType", row): null

2024-11-12 17:40:32 - [TEST_STEP][PASSED] - out.println("Taxtype value is : " + Taxtype): null

2024-11-12 17:40:32 - [TEST_STEP][PASSED] - openBrowser(""): Browser is opened with url: ''

2024-11-12 17:40:32 - [MESSAGE][WARNING] - A browser is already opened. Closing browser and opening a new one

2024-11-12 17:40:33 - [MESSAGE][INFO] - Starting 'Chrome' driver

2024-11-12 17:40:33 - [MESSAGE][INFO] - User set preference: ['acceptInsecureCerts', 'true']

2024-11-12 17:40:33 - [MESSAGE][INFO] - Action delay is set to 0 milliseconds

2024-11-12 17:40:35 - [MESSAGE][PASSED] - Browser is opened with url: ''

2024-11-12 17:40:35 - [TEST_STEP][PASSED] - maximizeWindow(): Current window maximized

2024-11-12 17:40:35 - [MESSAGE][PASSED] - Current window maximized

2024-11-12 17:40:35 - [TEST_STEP][PASSED] - navigateToUrl(RADurl): Navigate to 'https://www.velocitypayment.com/client/rad/index.html' successfully

2024-11-12 17:40:39 - [MESSAGE][PASSED] - Navigate to 'https://www.velocitypayment.com/client/rad/index.html' successfully

2024-11-12 17:40:39 - [TEST_STEP][PASSED] - orPath_Landing = "Object Repository/RAD_Pages/Landing_Page": null

2024-11-12 17:40:39 - [TEST_STEP][PASSED] - orPath_TaxTypeFilingYear = "Object Repository/RAD_Pages/TaxTypeFilingYear_Page": null

2024-11-12 17:40:39 - [TEST_STEP][PASSED] - orPath_TaxPayer = "Object Repository/RAD_Pages/Taxpayer_Page": null

2024-11-12 17:40:39 - [TEST_STEP][PASSED] - orPath_AddressContact = "Object Repository/RAD_Pages/AddressAndContactInfo_Page": null

2024-11-12 17:40:39 - [TEST_STEP][PASSED] - orPath_FilingStatus = "Object Repository/RAD_Pages/FilingStatus_Page": null

2024-11-12 17:40:39 - [TEST_STEP][PASSED] - orPath_Amount = "Object Repository/RAD_Pages/PaymentAmount_Page": null

2024-11-12 17:40:39 - [TEST_STEP][PASSED] - orPath_TaxInfo = "Object Repository/RAD_Pages/TaxInfo_Page": null

2024-11-12 17:40:39 - [TEST_STEP][PASSED] - orPath_Withholding = "Object Repository/RAD_Pages/Withholding_Page": null

2024-11-12 17:40:39 - [TEST_STEP][PASSED] - orPath_Summary = "Object Repository/RAD_Pages/Summary_Page": null

2024-11-12 17:40:39 - [TEST_STEP][PASSED] - orPath_PaymentReady = "Object Repository/RAD_Pages/PaymentReady_Page": null

2024-11-12 17:40:39 - [TEST_STEP][PASSED] - orPath_PaymentEntry = "Object Repository/RAD_Pages/PaymentEntry_Page": null

2024-11-12 17:40:39 - [TEST_STEP][PASSED] - orPath_PaymentConfirmation = "Object Repository/RAD_Pages/PaymentConfirmation_Page": null

2024-11-12 17:40:39 - [TEST_STEP][PASSED] - orPath_ServiceFeesAccept = "Object Repository/RAD_Pages/ServiceFeeAccept_Page": null

2024-11-12 17:40:39 - [TEST_STEP][PASSED] - selectOptionByLabel(findTestObject(orPath_Landing + "/dd_TaxType"), Paymenttype, false): All options with label 'New Tax Return Amount Due' are selected in object 'Object Repository/RAD_Pages/Landing_Page/dd_TaxType' 

2024-11-12 17:40:40 - [MESSAGE][PASSED] - All options with label 'New Tax Return Amount Due' are selected in object 'Object Repository/RAD_Pages/Landing_Page/dd_TaxType' 

2024-11-12 17:40:40 - [TEST_STEP][PASSED] - delay(1): Delayed 1 second(s)

2024-11-12 17:40:41 - [MESSAGE][PASSED] - Delayed 1 second(s)

2024-11-12 17:40:41 - [TEST_STEP][PASSED] - switch (Paymenttype): null

2024-11-12 17:40:41 - [TEST_STEP][PASSED] - case "New Tax Return Amount Due":: null

2024-11-12 17:40:41 - [TEST_STEP][PASSED] - selectOptionByLabel(findTestObject("Object Repository/RAD_Pages/Landing_Page/select_NewTaxReturnAmountDue_TaxType"), Taxtype, false): All options with label 'Bay Restoration Fee' are selected in object 'Object Repository/RAD_Pages/Landing_Page/select_NewTaxReturnAmountDue_TaxType' 

2024-11-12 17:40:42 - [MESSAGE][PASSED] - All options with label 'Bay Restoration Fee' are selected in object 'Object Repository/RAD_Pages/Landing_Page/select_NewTaxReturnAmountDue_TaxType' 

2024-11-12 17:40:42 - [TEST_STEP][PASSED] - break: null

2024-11-12 17:40:42 - [TEST_STEP][PASSED] - delay(1): Delayed 1 second(s)

2024-11-12 17:40:43 - [MESSAGE][PASSED] - Delayed 1 second(s)

2024-11-12 17:40:43 - [TEST_STEP][PASSED] - switch (Paymenttype): null

2024-11-12 17:40:43 - [TEST_STEP][PASSED] - case "New Tax Return Amount Due":: null

2024-11-12 17:40:43 - [TEST_STEP][PASSED] - if (feinSsn.equalsIgnoreCase("Y")): null

2024-11-12 17:40:43 - [TEST_STEP][PASSED] - else: Text ****** has been set on object 'Object Repository/RAD_Pages/TaxInfo_Page/input_FederalEIN_ReEnter-2'

2024-11-12 17:40:43 - [TEST_STEP][PASSED] - setEncryptedText(findTestObject(orPath_TaxInfo + "/input_FederalEIN-2"), "iGDxf8hSRT4="): Text ****** has been set on object 'Object Repository/RAD_Pages/TaxInfo_Page/input_FederalEIN-2'

2024-11-12 17:40:43 - [MESSAGE][PASSED] - Text ****** has been set on object 'Object Repository/RAD_Pages/TaxInfo_Page/input_FederalEIN-2'

2024-11-12 17:40:43 - [TEST_STEP][PASSED] - setEncryptedText(findTestObject(orPath_TaxInfo + "/input_FederalEIN_ReEnter-2"), ""): Text ****** has been set on object 'Object Repository/RAD_Pages/TaxInfo_Page/input_FederalEIN_ReEnter-2'

2024-11-12 17:40:44 - [MESSAGE][PASSED] - Text ****** has been set on object 'Object Repository/RAD_Pages/TaxInfo_Page/input_FederalEIN_ReEnter-2'

2024-11-12 17:40:44 - [TEST_STEP][PASSED] - break: null

2024-11-12 17:40:44 - [TEST_STEP][PASSED] - if (feinSsn.equalsIgnoreCase("Y")): null

2024-11-12 17:40:44 - [TEST_STEP][PASSED] - else: null

2024-11-12 17:40:44 - [TEST_STEP][PASSED] - if (verifyTextPresent("Please enter a valid FEIN with 9 digits.", true)): null

2024-11-12 17:40:44 - [MESSAGE][PASSED] - Text 'Please enter a valid FEIN with 9 digits.' is present on page  using regular expression

2024-11-12 17:40:44 - [TEST_STEP][PASSED] - println("Error Message is present on the page"): null

2024-11-12 17:40:44 - [TEST_STEP][PASSED] - out.println("Pass Record Number: " + row): null

2024-11-12 17:40:44 - [TEST_STEP][PASSED] - resText = "Pass": null

2024-11-12 17:40:44 - [TEST_STEP][PASSED] - pages.WriteExcel.demoKey(resText, datText, resColumn, datCloumn, fileLoc, nameSheet, row): pages.WriteExcel.demoKey is PASSED

2024-11-12 17:40:45 - [MESSAGE][PASSED] - pages.WriteExcel.demoKey is PASSED

2024-11-12 17:40:45 - [TEST_STEP][PASSED] - ExecuteTC = findTestData(dataFile).getValue("Execute", row): null

2024-11-12 17:40:45 - [TEST_STEP][PASSED] - Taxtype = findTestData(dataFile).getValue("TaxType", row): null

2024-11-12 17:40:45 - [TEST_STEP][PASSED] - Paymenttype = findTestData(dataFile).getValue("PaymentType", row): null

2024-11-12 17:40:45 - [TEST_STEP][PASSED] - feinSsn = findTestData(dataFile).getValue("FEINSSN", row): null

2024-11-12 17:40:45 - [TEST_STEP][PASSED] - out.println("Value of Execute is : " + ExecuteTC): null

2024-11-12 17:40:45 - [TEST_STEP][PASSED] - if (ExecuteTC.equalsIgnoreCase("Y")): null

2024-11-12 17:40:45 - [TEST_STEP][PASSED] - out.println("Begin Record Number: " + row): null

2024-11-12 17:40:45 - [TEST_STEP][PASSED] - today = new java.util.Date(): null

2024-11-12 17:40:45 - [TEST_STEP][PASSED] - println(today): null

2024-11-12 17:40:45 - [TEST_STEP][PASSED] - datText = today: null

2024-11-12 17:40:45 - [TEST_STEP][PASSED] - Taxtype = findTestData(dataFile).getValue("TaxType", row): null

2024-11-12 17:40:45 - [TEST_STEP][PASSED] - out.println("Taxtype value is : " + Taxtype): null

2024-11-12 17:40:45 - [TEST_STEP][PASSED] - openBrowser(""): Browser is opened with url: ''

2024-11-12 17:40:45 - [MESSAGE][WARNING] - A browser is already opened. Closing browser and opening a new one

2024-11-12 17:40:47 - [MESSAGE][INFO] - Starting 'Chrome' driver

2024-11-12 17:40:47 - [MESSAGE][INFO] - User set preference: ['acceptInsecureCerts', 'true']

2024-11-12 17:40:47 - [MESSAGE][INFO] - Action delay is set to 0 milliseconds

2024-11-12 17:40:48 - [MESSAGE][PASSED] - Browser is opened with url: ''

2024-11-12 17:40:48 - [TEST_STEP][PASSED] - maximizeWindow(): Current window maximized

2024-11-12 17:40:48 - [MESSAGE][PASSED] - Current window maximized

2024-11-12 17:40:48 - [TEST_STEP][PASSED] - navigateToUrl(RADurl): Navigate to 'https://www.velocitypayment.com/client/rad/index.html' successfully

2024-11-12 17:40:49 - [MESSAGE][PASSED] - Navigate to 'https://www.velocitypayment.com/client/rad/index.html' successfully

2024-11-12 17:40:49 - [TEST_STEP][PASSED] - orPath_Landing = "Object Repository/RAD_Pages/Landing_Page": null

2024-11-12 17:40:49 - [TEST_STEP][PASSED] - orPath_TaxTypeFilingYear = "Object Repository/RAD_Pages/TaxTypeFilingYear_Page": null

2024-11-12 17:40:49 - [TEST_STEP][PASSED] - orPath_TaxPayer = "Object Repository/RAD_Pages/Taxpayer_Page": null

2024-11-12 17:40:49 - [TEST_STEP][PASSED] - orPath_AddressContact = "Object Repository/RAD_Pages/AddressAndContactInfo_Page": null

2024-11-12 17:40:49 - [TEST_STEP][PASSED] - orPath_FilingStatus = "Object Repository/RAD_Pages/FilingStatus_Page": null

2024-11-12 17:40:49 - [TEST_STEP][PASSED] - orPath_Amount = "Object Repository/RAD_Pages/PaymentAmount_Page": null

2024-11-12 17:40:49 - [TEST_STEP][PASSED] - orPath_TaxInfo = "Object Repository/RAD_Pages/TaxInfo_Page": null

2024-11-12 17:40:49 - [TEST_STEP][PASSED] - orPath_Withholding = "Object Repository/RAD_Pages/Withholding_Page": null

2024-11-12 17:40:49 - [TEST_STEP][PASSED] - orPath_Summary = "Object Repository/RAD_Pages/Summary_Page": null

2024-11-12 17:40:49 - [TEST_STEP][PASSED] - orPath_PaymentReady = "Object Repository/RAD_Pages/PaymentReady_Page": null

2024-11-12 17:40:49 - [TEST_STEP][PASSED] - orPath_PaymentEntry = "Object Repository/RAD_Pages/PaymentEntry_Page": null

2024-11-12 17:40:49 - [TEST_STEP][PASSED] - orPath_PaymentConfirmation = "Object Repository/RAD_Pages/PaymentConfirmation_Page": null

2024-11-12 17:40:49 - [TEST_STEP][PASSED] - orPath_ServiceFeesAccept = "Object Repository/RAD_Pages/ServiceFeeAccept_Page": null

2024-11-12 17:40:49 - [TEST_STEP][PASSED] - selectOptionByLabel(findTestObject(orPath_Landing + "/dd_TaxType"), Paymenttype, false): All options with label 'New Tax Return Amount Due' are selected in object 'Object Repository/RAD_Pages/Landing_Page/dd_TaxType' 

2024-11-12 17:40:51 - [MESSAGE][PASSED] - All options with label 'New Tax Return Amount Due' are selected in object 'Object Repository/RAD_Pages/Landing_Page/dd_TaxType' 

2024-11-12 17:40:51 - [TEST_STEP][PASSED] - delay(1): Delayed 1 second(s)

2024-11-12 17:40:52 - [MESSAGE][PASSED] - Delayed 1 second(s)

2024-11-12 17:40:52 - [TEST_STEP][PASSED] - switch (Paymenttype): null

2024-11-12 17:40:52 - [TEST_STEP][PASSED] - case "New Tax Return Amount Due":: null

2024-11-12 17:40:52 - [TEST_STEP][PASSED] - selectOptionByLabel(findTestObject("Object Repository/RAD_Pages/Landing_Page/select_NewTaxReturnAmountDue_TaxType"), Taxtype, false): All options with label 'Corporate Income Tax' are selected in object 'Object Repository/RAD_Pages/Landing_Page/select_NewTaxReturnAmountDue_TaxType' 

2024-11-12 17:40:52 - [MESSAGE][PASSED] - All options with label 'Corporate Income Tax' are selected in object 'Object Repository/RAD_Pages/Landing_Page/select_NewTaxReturnAmountDue_TaxType' 

2024-11-12 17:40:52 - [TEST_STEP][PASSED] - break: null

2024-11-12 17:40:52 - [TEST_STEP][PASSED] - delay(1): Delayed 1 second(s)

2024-11-12 17:40:53 - [MESSAGE][PASSED] - Delayed 1 second(s)

2024-11-12 17:40:53 - [TEST_STEP][PASSED] - switch (Paymenttype): null

2024-11-12 17:40:53 - [TEST_STEP][PASSED] - case "New Tax Return Amount Due":: null

2024-11-12 17:40:53 - [TEST_STEP][PASSED] - if (feinSsn.equalsIgnoreCase("Y")): null

2024-11-12 17:40:53 - [TEST_STEP][PASSED] - else: Text ****** has been set on object 'Object Repository/RAD_Pages/TaxInfo_Page/input_FederalEIN_ReEnter-2'

2024-11-12 17:40:53 - [TEST_STEP][PASSED] - setEncryptedText(findTestObject(orPath_TaxInfo + "/input_FederalEIN-2"), "iGDxf8hSRT4="): Text ****** has been set on object 'Object Repository/RAD_Pages/TaxInfo_Page/input_FederalEIN-2'

2024-11-12 17:40:54 - [MESSAGE][PASSED] - Text ****** has been set on object 'Object Repository/RAD_Pages/TaxInfo_Page/input_FederalEIN-2'

2024-11-12 17:40:54 - [TEST_STEP][PASSED] - setEncryptedText(findTestObject(orPath_TaxInfo + "/input_FederalEIN_ReEnter-2"), ""): Text ****** has been set on object 'Object Repository/RAD_Pages/TaxInfo_Page/input_FederalEIN_ReEnter-2'

2024-11-12 17:40:55 - [MESSAGE][PASSED] - Text ****** has been set on object 'Object Repository/RAD_Pages/TaxInfo_Page/input_FederalEIN_ReEnter-2'

2024-11-12 17:40:55 - [TEST_STEP][PASSED] - break: null

2024-11-12 17:40:55 - [TEST_STEP][PASSED] - if (feinSsn.equalsIgnoreCase("Y")): null

2024-11-12 17:40:55 - [TEST_STEP][PASSED] - else: null

2024-11-12 17:40:55 - [TEST_STEP][PASSED] - if (verifyTextPresent("Please enter a valid FEIN with 9 digits.", true)): null

2024-11-12 17:40:55 - [MESSAGE][PASSED] - Text 'Please enter a valid FEIN with 9 digits.' is present on page  using regular expression

2024-11-12 17:40:55 - [TEST_STEP][PASSED] - println("Error Message is present on the page"): null

2024-11-12 17:40:55 - [TEST_STEP][PASSED] - out.println("Pass Record Number: " + row): null

2024-11-12 17:40:55 - [TEST_STEP][PASSED] - resText = "Pass": null

2024-11-12 17:40:55 - [TEST_STEP][PASSED] - pages.WriteExcel.demoKey(resText, datText, resColumn, datCloumn, fileLoc, nameSheet, row): pages.WriteExcel.demoKey is PASSED

2024-11-12 17:40:55 - [MESSAGE][PASSED] - pages.WriteExcel.demoKey is PASSED

2024-11-12 17:40:55 - [TEST_STEP][PASSED] - ExecuteTC = findTestData(dataFile).getValue("Execute", row): null

2024-11-12 17:40:55 - [TEST_STEP][PASSED] - Taxtype = findTestData(dataFile).getValue("TaxType", row): null

2024-11-12 17:40:55 - [TEST_STEP][PASSED] - Paymenttype = findTestData(dataFile).getValue("PaymentType", row): null

2024-11-12 17:40:55 - [TEST_STEP][PASSED] - feinSsn = findTestData(dataFile).getValue("FEINSSN", row): null

2024-11-12 17:40:55 - [TEST_STEP][PASSED] - out.println("Value of Execute is : " + ExecuteTC): null

2024-11-12 17:40:55 - [TEST_STEP][PASSED] - if (ExecuteTC.equalsIgnoreCase("Y")): null

2024-11-12 17:40:55 - [TEST_STEP][PASSED] - out.println("Begin Record Number: " + row): null

2024-11-12 17:40:55 - [TEST_STEP][PASSED] - today = new java.util.Date(): null

2024-11-12 17:40:55 - [TEST_STEP][PASSED] - println(today): null

2024-11-12 17:40:55 - [TEST_STEP][PASSED] - datText = today: null

2024-11-12 17:40:55 - [TEST_STEP][PASSED] - Taxtype = findTestData(dataFile).getValue("TaxType", row): null

2024-11-12 17:40:55 - [TEST_STEP][PASSED] - out.println("Taxtype value is : " + Taxtype): null

2024-11-12 17:40:55 - [TEST_STEP][PASSED] - openBrowser(""): Browser is opened with url: ''

2024-11-12 17:40:55 - [MESSAGE][WARNING] - A browser is already opened. Closing browser and opening a new one

2024-11-12 17:40:57 - [MESSAGE][INFO] - Starting 'Chrome' driver

2024-11-12 17:40:57 - [MESSAGE][INFO] - User set preference: ['acceptInsecureCerts', 'true']

2024-11-12 17:40:57 - [MESSAGE][INFO] - Action delay is set to 0 milliseconds

2024-11-12 17:40:58 - [MESSAGE][PASSED] - Browser is opened with url: ''

2024-11-12 17:40:58 - [TEST_STEP][PASSED] - maximizeWindow(): Current window maximized

2024-11-12 17:40:58 - [MESSAGE][PASSED] - Current window maximized

2024-11-12 17:40:58 - [TEST_STEP][PASSED] - navigateToUrl(RADurl): Navigate to 'https://www.velocitypayment.com/client/rad/index.html' successfully

2024-11-12 17:41:00 - [MESSAGE][PASSED] - Navigate to 'https://www.velocitypayment.com/client/rad/index.html' successfully

2024-11-12 17:41:00 - [TEST_STEP][PASSED] - orPath_Landing = "Object Repository/RAD_Pages/Landing_Page": null

2024-11-12 17:41:00 - [TEST_STEP][PASSED] - orPath_TaxTypeFilingYear = "Object Repository/RAD_Pages/TaxTypeFilingYear_Page": null

2024-11-12 17:41:00 - [TEST_STEP][PASSED] - orPath_TaxPayer = "Object Repository/RAD_Pages/Taxpayer_Page": null

2024-11-12 17:41:00 - [TEST_STEP][PASSED] - orPath_AddressContact = "Object Repository/RAD_Pages/AddressAndContactInfo_Page": null

2024-11-12 17:41:00 - [TEST_STEP][PASSED] - orPath_FilingStatus = "Object Repository/RAD_Pages/FilingStatus_Page": null

2024-11-12 17:41:00 - [TEST_STEP][PASSED] - orPath_Amount = "Object Repository/RAD_Pages/PaymentAmount_Page": null

2024-11-12 17:41:00 - [TEST_STEP][PASSED] - orPath_TaxInfo = "Object Repository/RAD_Pages/TaxInfo_Page": null

2024-11-12 17:41:00 - [TEST_STEP][PASSED] - orPath_Withholding = "Object Repository/RAD_Pages/Withholding_Page": null

2024-11-12 17:41:00 - [TEST_STEP][PASSED] - orPath_Summary = "Object Repository/RAD_Pages/Summary_Page": null

2024-11-12 17:41:00 - [TEST_STEP][PASSED] - orPath_PaymentReady = "Object Repository/RAD_Pages/PaymentReady_Page": null

2024-11-12 17:41:00 - [TEST_STEP][PASSED] - orPath_PaymentEntry = "Object Repository/RAD_Pages/PaymentEntry_Page": null

2024-11-12 17:41:00 - [TEST_STEP][PASSED] - orPath_PaymentConfirmation = "Object Repository/RAD_Pages/PaymentConfirmation_Page": null

2024-11-12 17:41:00 - [TEST_STEP][PASSED] - orPath_ServiceFeesAccept = "Object Repository/RAD_Pages/ServiceFeeAccept_Page": null

2024-11-12 17:41:00 - [TEST_STEP][PASSED] - selectOptionByLabel(findTestObject(orPath_Landing + "/dd_TaxType"), Paymenttype, false): All options with label 'New Tax Return Amount Due' are selected in object 'Object Repository/RAD_Pages/Landing_Page/dd_TaxType' 

2024-11-12 17:41:01 - [MESSAGE][PASSED] - All options with label 'New Tax Return Amount Due' are selected in object 'Object Repository/RAD_Pages/Landing_Page/dd_TaxType' 

2024-11-12 17:41:01 - [TEST_STEP][PASSED] - delay(1): Delayed 1 second(s)

2024-11-12 17:41:02 - [MESSAGE][PASSED] - Delayed 1 second(s)

2024-11-12 17:41:02 - [TEST_STEP][PASSED] - switch (Paymenttype): null

2024-11-12 17:41:02 - [TEST_STEP][PASSED] - case "New Tax Return Amount Due":: null

2024-11-12 17:41:02 - [TEST_STEP][PASSED] - selectOptionByLabel(findTestObject("Object Repository/RAD_Pages/Landing_Page/select_NewTaxReturnAmountDue_TaxType"), Taxtype, false): All options with label 'Motor Fuel Tax' are selected in object 'Object Repository/RAD_Pages/Landing_Page/select_NewTaxReturnAmountDue_TaxType' 

2024-11-12 17:41:03 - [MESSAGE][PASSED] - All options with label 'Motor Fuel Tax' are selected in object 'Object Repository/RAD_Pages/Landing_Page/select_NewTaxReturnAmountDue_TaxType' 

2024-11-12 17:41:03 - [TEST_STEP][PASSED] - break: null

2024-11-12 17:41:03 - [TEST_STEP][PASSED] - delay(1): Delayed 1 second(s)

2024-11-12 17:41:04 - [MESSAGE][PASSED] - Delayed 1 second(s)

2024-11-12 17:41:04 - [TEST_STEP][PASSED] - switch (Paymenttype): null

2024-11-12 17:41:04 - [TEST_STEP][PASSED] - case "New Tax Return Amount Due":: null

2024-11-12 17:41:04 - [TEST_STEP][PASSED] - if (feinSsn.equalsIgnoreCase("Y")): null

2024-11-12 17:41:04 - [TEST_STEP][PASSED] - else: Text ****** has been set on object 'Object Repository/RAD_Pages/TaxInfo_Page/input_FederalEIN_ReEnter-2'

2024-11-12 17:41:04 - [TEST_STEP][PASSED] - setEncryptedText(findTestObject(orPath_TaxInfo + "/input_FederalEIN-2"), "iGDxf8hSRT4="): Text ****** has been set on object 'Object Repository/RAD_Pages/TaxInfo_Page/input_FederalEIN-2'

2024-11-12 17:41:04 - [MESSAGE][PASSED] - Text ****** has been set on object 'Object Repository/RAD_Pages/TaxInfo_Page/input_FederalEIN-2'

2024-11-12 17:41:04 - [TEST_STEP][PASSED] - setEncryptedText(findTestObject(orPath_TaxInfo + "/input_FederalEIN_ReEnter-2"), ""): Text ****** has been set on object 'Object Repository/RAD_Pages/TaxInfo_Page/input_FederalEIN_ReEnter-2'

2024-11-12 17:41:05 - [MESSAGE][PASSED] - Text ****** has been set on object 'Object Repository/RAD_Pages/TaxInfo_Page/input_FederalEIN_ReEnter-2'

2024-11-12 17:41:05 - [TEST_STEP][PASSED] - break: null

2024-11-12 17:41:05 - [TEST_STEP][PASSED] - if (feinSsn.equalsIgnoreCase("Y")): null

2024-11-12 17:41:05 - [TEST_STEP][PASSED] - else: null

2024-11-12 17:41:05 - [TEST_STEP][PASSED] - if (verifyTextPresent("Please enter a valid FEIN with 9 digits.", true)): null

2024-11-12 17:41:05 - [MESSAGE][PASSED] - Text 'Please enter a valid FEIN with 9 digits.' is present on page  using regular expression

2024-11-12 17:41:05 - [TEST_STEP][PASSED] - println("Error Message is present on the page"): null

2024-11-12 17:41:05 - [TEST_STEP][PASSED] - out.println("Pass Record Number: " + row): null

2024-11-12 17:41:05 - [TEST_STEP][PASSED] - resText = "Pass": null

2024-11-12 17:41:05 - [TEST_STEP][PASSED] - pages.WriteExcel.demoKey(resText, datText, resColumn, datCloumn, fileLoc, nameSheet, row): pages.WriteExcel.demoKey is PASSED

2024-11-12 17:41:05 - [MESSAGE][PASSED] - pages.WriteExcel.demoKey is PASSED

2024-11-12 17:41:05 - [TEST_STEP][PASSED] - ExecuteTC = findTestData(dataFile).getValue("Execute", row): null

2024-11-12 17:41:05 - [TEST_STEP][PASSED] - Taxtype = findTestData(dataFile).getValue("TaxType", row): null

2024-11-12 17:41:05 - [TEST_STEP][PASSED] - Paymenttype = findTestData(dataFile).getValue("PaymentType", row): null

2024-11-12 17:41:05 - [TEST_STEP][PASSED] - feinSsn = findTestData(dataFile).getValue("FEINSSN", row): null

2024-11-12 17:41:05 - [TEST_STEP][PASSED] - out.println("Value of Execute is : " + ExecuteTC): null

2024-11-12 17:41:05 - [TEST_STEP][PASSED] - if (ExecuteTC.equalsIgnoreCase("Y")): null

2024-11-12 17:41:05 - [TEST_STEP][PASSED] - out.println("Begin Record Number: " + row): null

2024-11-12 17:41:05 - [TEST_STEP][PASSED] - today = new java.util.Date(): null

2024-11-12 17:41:05 - [TEST_STEP][PASSED] - println(today): null

2024-11-12 17:41:05 - [TEST_STEP][PASSED] - datText = today: null

2024-11-12 17:41:05 - [TEST_STEP][PASSED] - Taxtype = findTestData(dataFile).getValue("TaxType", row): null

2024-11-12 17:41:05 - [TEST_STEP][PASSED] - out.println("Taxtype value is : " + Taxtype): null

2024-11-12 17:41:05 - [TEST_STEP][PASSED] - openBrowser(""): Browser is opened with url: ''

2024-11-12 17:41:05 - [MESSAGE][WARNING] - A browser is already opened. Closing browser and opening a new one

2024-11-12 17:41:07 - [MESSAGE][INFO] - Starting 'Chrome' driver

2024-11-12 17:41:07 - [MESSAGE][INFO] - User set preference: ['acceptInsecureCerts', 'true']

2024-11-12 17:41:07 - [MESSAGE][INFO] - Action delay is set to 0 milliseconds

2024-11-12 17:41:08 - [MESSAGE][PASSED] - Browser is opened with url: ''

2024-11-12 17:41:08 - [TEST_STEP][PASSED] - maximizeWindow(): Current window maximized

2024-11-12 17:41:08 - [MESSAGE][PASSED] - Current window maximized

2024-11-12 17:41:08 - [TEST_STEP][PASSED] - navigateToUrl(RADurl): Navigate to 'https://www.velocitypayment.com/client/rad/index.html' successfully

2024-11-12 17:41:10 - [MESSAGE][PASSED] - Navigate to 'https://www.velocitypayment.com/client/rad/index.html' successfully

2024-11-12 17:41:10 - [TEST_STEP][PASSED] - orPath_Landing = "Object Repository/RAD_Pages/Landing_Page": null

2024-11-12 17:41:10 - [TEST_STEP][PASSED] - orPath_TaxTypeFilingYear = "Object Repository/RAD_Pages/TaxTypeFilingYear_Page": null

2024-11-12 17:41:10 - [TEST_STEP][PASSED] - orPath_TaxPayer = "Object Repository/RAD_Pages/Taxpayer_Page": null

2024-11-12 17:41:10 - [TEST_STEP][PASSED] - orPath_AddressContact = "Object Repository/RAD_Pages/AddressAndContactInfo_Page": null

2024-11-12 17:41:10 - [TEST_STEP][PASSED] - orPath_FilingStatus = "Object Repository/RAD_Pages/FilingStatus_Page": null

2024-11-12 17:41:10 - [TEST_STEP][PASSED] - orPath_Amount = "Object Repository/RAD_Pages/PaymentAmount_Page": null

2024-11-12 17:41:10 - [TEST_STEP][PASSED] - orPath_TaxInfo = "Object Repository/RAD_Pages/TaxInfo_Page": null

2024-11-12 17:41:10 - [TEST_STEP][PASSED] - orPath_Withholding = "Object Repository/RAD_Pages/Withholding_Page": null

2024-11-12 17:41:10 - [TEST_STEP][PASSED] - orPath_Summary = "Object Repository/RAD_Pages/Summary_Page": null

2024-11-12 17:41:10 - [TEST_STEP][PASSED] - orPath_PaymentReady = "Object Repository/RAD_Pages/PaymentReady_Page": null

2024-11-12 17:41:10 - [TEST_STEP][PASSED] - orPath_PaymentEntry = "Object Repository/RAD_Pages/PaymentEntry_Page": null

2024-11-12 17:41:10 - [TEST_STEP][PASSED] - orPath_PaymentConfirmation = "Object Repository/RAD_Pages/PaymentConfirmation_Page": null

2024-11-12 17:41:10 - [TEST_STEP][PASSED] - orPath_ServiceFeesAccept = "Object Repository/RAD_Pages/ServiceFeeAccept_Page": null

2024-11-12 17:41:10 - [TEST_STEP][PASSED] - selectOptionByLabel(findTestObject(orPath_Landing + "/dd_TaxType"), Paymenttype, false): All options with label 'New Tax Return Amount Due' are selected in object 'Object Repository/RAD_Pages/Landing_Page/dd_TaxType' 

2024-11-12 17:41:11 - [MESSAGE][PASSED] - All options with label 'New Tax Return Amount Due' are selected in object 'Object Repository/RAD_Pages/Landing_Page/dd_TaxType' 

2024-11-12 17:41:11 - [TEST_STEP][PASSED] - delay(1): Delayed 1 second(s)

2024-11-12 17:41:12 - [MESSAGE][PASSED] - Delayed 1 second(s)

2024-11-12 17:41:12 - [TEST_STEP][PASSED] - switch (Paymenttype): null

2024-11-12 17:41:12 - [TEST_STEP][PASSED] - case "New Tax Return Amount Due":: null

2024-11-12 17:41:12 - [TEST_STEP][PASSED] - selectOptionByLabel(findTestObject("Object Repository/RAD_Pages/Landing_Page/select_NewTaxReturnAmountDue_TaxType"), Taxtype, false): All options with label 'Sales and Use Tax' are selected in object 'Object Repository/RAD_Pages/Landing_Page/select_NewTaxReturnAmountDue_TaxType' 

2024-11-12 17:41:12 - [MESSAGE][PASSED] - All options with label 'Sales and Use Tax' are selected in object 'Object Repository/RAD_Pages/Landing_Page/select_NewTaxReturnAmountDue_TaxType' 

2024-11-12 17:41:12 - [TEST_STEP][PASSED] - break: null

2024-11-12 17:41:12 - [TEST_STEP][PASSED] - delay(1): Delayed 1 second(s)

2024-11-12 17:41:13 - [MESSAGE][PASSED] - Delayed 1 second(s)

2024-11-12 17:41:13 - [TEST_STEP][PASSED] - switch (Paymenttype): null

2024-11-12 17:41:13 - [TEST_STEP][PASSED] - case "New Tax Return Amount Due":: null

2024-11-12 17:41:13 - [TEST_STEP][PASSED] - if (feinSsn.equalsIgnoreCase("Y")): null

2024-11-12 17:41:13 - [TEST_STEP][PASSED] - else: Text ****** has been set on object 'Object Repository/RAD_Pages/TaxInfo_Page/input_FederalEIN_ReEnter-2'

2024-11-12 17:41:13 - [TEST_STEP][PASSED] - setEncryptedText(findTestObject(orPath_TaxInfo + "/input_FederalEIN-2"), "iGDxf8hSRT4="): Text ****** has been set on object 'Object Repository/RAD_Pages/TaxInfo_Page/input_FederalEIN-2'

2024-11-12 17:41:14 - [MESSAGE][PASSED] - Text ****** has been set on object 'Object Repository/RAD_Pages/TaxInfo_Page/input_FederalEIN-2'

2024-11-12 17:41:14 - [TEST_STEP][PASSED] - setEncryptedText(findTestObject(orPath_TaxInfo + "/input_FederalEIN_ReEnter-2"), ""): Text ****** has been set on object 'Object Repository/RAD_Pages/TaxInfo_Page/input_FederalEIN_ReEnter-2'

2024-11-12 17:41:15 - [MESSAGE][PASSED] - Text ****** has been set on object 'Object Repository/RAD_Pages/TaxInfo_Page/input_FederalEIN_ReEnter-2'

2024-11-12 17:41:15 - [TEST_STEP][PASSED] - break: null

2024-11-12 17:41:15 - [TEST_STEP][PASSED] - if (feinSsn.equalsIgnoreCase("Y")): null

2024-11-12 17:41:15 - [TEST_STEP][PASSED] - else: null

2024-11-12 17:41:15 - [TEST_STEP][PASSED] - if (verifyTextPresent("Please enter a valid FEIN with 9 digits.", true)): null

2024-11-12 17:41:15 - [MESSAGE][PASSED] - Text 'Please enter a valid FEIN with 9 digits.' is present on page  using regular expression

2024-11-12 17:41:15 - [TEST_STEP][PASSED] - println("Error Message is present on the page"): null

2024-11-12 17:41:15 - [TEST_STEP][PASSED] - out.println("Pass Record Number: " + row): null

2024-11-12 17:41:15 - [TEST_STEP][PASSED] - resText = "Pass": null

2024-11-12 17:41:15 - [TEST_STEP][PASSED] - pages.WriteExcel.demoKey(resText, datText, resColumn, datCloumn, fileLoc, nameSheet, row): pages.WriteExcel.demoKey is PASSED

2024-11-12 17:41:15 - [MESSAGE][PASSED] - pages.WriteExcel.demoKey is PASSED

2024-11-12 17:41:15 - [TEST_STEP][PASSED] - ExecuteTC = findTestData(dataFile).getValue("Execute", row): null

2024-11-12 17:41:15 - [TEST_STEP][PASSED] - Taxtype = findTestData(dataFile).getValue("TaxType", row): null

2024-11-12 17:41:15 - [TEST_STEP][PASSED] - Paymenttype = findTestData(dataFile).getValue("PaymentType", row): null

2024-11-12 17:41:15 - [TEST_STEP][PASSED] - feinSsn = findTestData(dataFile).getValue("FEINSSN", row): null

2024-11-12 17:41:15 - [TEST_STEP][PASSED] - out.println("Value of Execute is : " + ExecuteTC): null

2024-11-12 17:41:15 - [TEST_STEP][PASSED] - if (ExecuteTC.equalsIgnoreCase("Y")): null

2024-11-12 17:41:15 - [TEST_STEP][PASSED] - out.println("Begin Record Number: " + row): null

2024-11-12 17:41:15 - [TEST_STEP][PASSED] - today = new java.util.Date(): null

2024-11-12 17:41:15 - [TEST_STEP][PASSED] - println(today): null

2024-11-12 17:41:15 - [TEST_STEP][PASSED] - datText = today: null

2024-11-12 17:41:15 - [TEST_STEP][PASSED] - Taxtype = findTestData(dataFile).getValue("TaxType", row): null

2024-11-12 17:41:15 - [TEST_STEP][PASSED] - out.println("Taxtype value is : " + Taxtype): null

2024-11-12 17:41:15 - [TEST_STEP][PASSED] - openBrowser(""): Browser is opened with url: ''

2024-11-12 17:41:15 - [MESSAGE][WARNING] - A browser is already opened. Closing browser and opening a new one

2024-11-12 17:41:16 - [MESSAGE][INFO] - Starting 'Chrome' driver

2024-11-12 17:41:16 - [MESSAGE][INFO] - User set preference: ['acceptInsecureCerts', 'true']

2024-11-12 17:41:16 - [MESSAGE][INFO] - Action delay is set to 0 milliseconds

2024-11-12 17:41:18 - [MESSAGE][PASSED] - Browser is opened with url: ''

2024-11-12 17:41:18 - [TEST_STEP][PASSED] - maximizeWindow(): Current window maximized

2024-11-12 17:41:18 - [MESSAGE][PASSED] - Current window maximized

2024-11-12 17:41:18 - [TEST_STEP][PASSED] - navigateToUrl(RADurl): Navigate to 'https://www.velocitypayment.com/client/rad/index.html' successfully

2024-11-12 17:41:18 - [MESSAGE][PASSED] - Navigate to 'https://www.velocitypayment.com/client/rad/index.html' successfully

2024-11-12 17:41:18 - [TEST_STEP][PASSED] - orPath_Landing = "Object Repository/RAD_Pages/Landing_Page": null

2024-11-12 17:41:18 - [TEST_STEP][PASSED] - orPath_TaxTypeFilingYear = "Object Repository/RAD_Pages/TaxTypeFilingYear_Page": null

2024-11-12 17:41:18 - [TEST_STEP][PASSED] - orPath_TaxPayer = "Object Repository/RAD_Pages/Taxpayer_Page": null

2024-11-12 17:41:18 - [TEST_STEP][PASSED] - orPath_AddressContact = "Object Repository/RAD_Pages/AddressAndContactInfo_Page": null

2024-11-12 17:41:18 - [TEST_STEP][PASSED] - orPath_FilingStatus = "Object Repository/RAD_Pages/FilingStatus_Page": null

2024-11-12 17:41:18 - [TEST_STEP][PASSED] - orPath_Amount = "Object Repository/RAD_Pages/PaymentAmount_Page": null

2024-11-12 17:41:18 - [TEST_STEP][PASSED] - orPath_TaxInfo = "Object Repository/RAD_Pages/TaxInfo_Page": null

2024-11-12 17:41:18 - [TEST_STEP][PASSED] - orPath_Withholding = "Object Repository/RAD_Pages/Withholding_Page": null

2024-11-12 17:41:18 - [TEST_STEP][PASSED] - orPath_Summary = "Object Repository/RAD_Pages/Summary_Page": null

2024-11-12 17:41:18 - [TEST_STEP][PASSED] - orPath_PaymentReady = "Object Repository/RAD_Pages/PaymentReady_Page": null

2024-11-12 17:41:18 - [TEST_STEP][PASSED] - orPath_PaymentEntry = "Object Repository/RAD_Pages/PaymentEntry_Page": null

2024-11-12 17:41:18 - [TEST_STEP][PASSED] - orPath_PaymentConfirmation = "Object Repository/RAD_Pages/PaymentConfirmation_Page": null

2024-11-12 17:41:18 - [TEST_STEP][PASSED] - orPath_ServiceFeesAccept = "Object Repository/RAD_Pages/ServiceFeeAccept_Page": null

2024-11-12 17:41:18 - [TEST_STEP][PASSED] - selectOptionByLabel(findTestObject(orPath_Landing + "/dd_TaxType"), Paymenttype, false): All options with label 'New Tax Return Amount Due' are selected in object 'Object Repository/RAD_Pages/Landing_Page/dd_TaxType' 

2024-11-12 17:41:20 - [MESSAGE][PASSED] - All options with label 'New Tax Return Amount Due' are selected in object 'Object Repository/RAD_Pages/Landing_Page/dd_TaxType' 

2024-11-12 17:41:20 - [TEST_STEP][PASSED] - delay(1): Delayed 1 second(s)

2024-11-12 17:41:21 - [MESSAGE][PASSED] - Delayed 1 second(s)

2024-11-12 17:41:21 - [TEST_STEP][PASSED] - switch (Paymenttype): null

2024-11-12 17:41:21 - [TEST_STEP][PASSED] - case "New Tax Return Amount Due":: null

2024-11-12 17:41:21 - [TEST_STEP][PASSED] - selectOptionByLabel(findTestObject("Object Repository/RAD_Pages/Landing_Page/select_NewTaxReturnAmountDue_TaxType"), Taxtype, false): All options with label 'Slots License Fee' are selected in object 'Object Repository/RAD_Pages/Landing_Page/select_NewTaxReturnAmountDue_TaxType' 

2024-11-12 17:41:22 - [MESSAGE][PASSED] - All options with label 'Slots License Fee' are selected in object 'Object Repository/RAD_Pages/Landing_Page/select_NewTaxReturnAmountDue_TaxType' 

2024-11-12 17:41:22 - [TEST_STEP][PASSED] - break: null

2024-11-12 17:41:22 - [TEST_STEP][PASSED] - delay(1): Delayed 1 second(s)

2024-11-12 17:41:23 - [MESSAGE][PASSED] - Delayed 1 second(s)

2024-11-12 17:41:23 - [TEST_STEP][PASSED] - switch (Paymenttype): null

2024-11-12 17:41:23 - [TEST_STEP][PASSED] - case "New Tax Return Amount Due":: null

2024-11-12 17:41:23 - [TEST_STEP][PASSED] - if (feinSsn.equalsIgnoreCase("Y")): null

2024-11-12 17:41:23 - [TEST_STEP][PASSED] - else: Text ****** has been set on object 'Object Repository/RAD_Pages/TaxInfo_Page/input_FederalEIN_ReEnter-2'

2024-11-12 17:41:23 - [TEST_STEP][PASSED] - setEncryptedText(findTestObject(orPath_TaxInfo + "/input_FederalEIN-2"), "iGDxf8hSRT4="): Text ****** has been set on object 'Object Repository/RAD_Pages/TaxInfo_Page/input_FederalEIN-2'

2024-11-12 17:41:24 - [MESSAGE][PASSED] - Text ****** has been set on object 'Object Repository/RAD_Pages/TaxInfo_Page/input_FederalEIN-2'

2024-11-12 17:41:24 - [TEST_STEP][PASSED] - setEncryptedText(findTestObject(orPath_TaxInfo + "/input_FederalEIN_ReEnter-2"), ""): Text ****** has been set on object 'Object Repository/RAD_Pages/TaxInfo_Page/input_FederalEIN_ReEnter-2'

2024-11-12 17:41:24 - [MESSAGE][PASSED] - Text ****** has been set on object 'Object Repository/RAD_Pages/TaxInfo_Page/input_FederalEIN_ReEnter-2'

2024-11-12 17:41:24 - [TEST_STEP][PASSED] - break: null

2024-11-12 17:41:24 - [TEST_STEP][PASSED] - if (feinSsn.equalsIgnoreCase("Y")): null

2024-11-12 17:41:24 - [TEST_STEP][PASSED] - else: null

2024-11-12 17:41:24 - [TEST_STEP][PASSED] - if (verifyTextPresent("Please enter a valid FEIN with 9 digits.", true)): null

2024-11-12 17:41:25 - [MESSAGE][PASSED] - Text 'Please enter a valid FEIN with 9 digits.' is present on page  using regular expression

2024-11-12 17:41:25 - [TEST_STEP][PASSED] - println("Error Message is present on the page"): null

2024-11-12 17:41:25 - [TEST_STEP][PASSED] - out.println("Pass Record Number: " + row): null

2024-11-12 17:41:25 - [TEST_STEP][PASSED] - resText = "Pass": null

2024-11-12 17:41:25 - [TEST_STEP][PASSED] - pages.WriteExcel.demoKey(resText, datText, resColumn, datCloumn, fileLoc, nameSheet, row): pages.WriteExcel.demoKey is PASSED

2024-11-12 17:41:25 - [MESSAGE][PASSED] - pages.WriteExcel.demoKey is PASSED

2024-11-12 17:41:25 - [TEST_STEP][PASSED] - ExecuteTC = findTestData(dataFile).getValue("Execute", row): null

2024-11-12 17:41:25 - [TEST_STEP][PASSED] - Taxtype = findTestData(dataFile).getValue("TaxType", row): null

2024-11-12 17:41:25 - [TEST_STEP][PASSED] - Paymenttype = findTestData(dataFile).getValue("PaymentType", row): null

2024-11-12 17:41:25 - [TEST_STEP][PASSED] - feinSsn = findTestData(dataFile).getValue("FEINSSN", row): null

2024-11-12 17:41:25 - [TEST_STEP][PASSED] - out.println("Value of Execute is : " + ExecuteTC): null

2024-11-12 17:41:25 - [TEST_STEP][PASSED] - if (ExecuteTC.equalsIgnoreCase("Y")): null

2024-11-12 17:41:25 - [TEST_STEP][PASSED] - out.println("Begin Record Number: " + row): null

2024-11-12 17:41:25 - [TEST_STEP][PASSED] - today = new java.util.Date(): null

2024-11-12 17:41:25 - [TEST_STEP][PASSED] - println(today): null

2024-11-12 17:41:25 - [TEST_STEP][PASSED] - datText = today: null

2024-11-12 17:41:25 - [TEST_STEP][PASSED] - Taxtype = findTestData(dataFile).getValue("TaxType", row): null

2024-11-12 17:41:25 - [TEST_STEP][PASSED] - out.println("Taxtype value is : " + Taxtype): null

2024-11-12 17:41:25 - [TEST_STEP][PASSED] - openBrowser(""): Browser is opened with url: ''

2024-11-12 17:41:25 - [MESSAGE][WARNING] - A browser is already opened. Closing browser and opening a new one

2024-11-12 17:41:26 - [MESSAGE][INFO] - Starting 'Chrome' driver

2024-11-12 17:41:26 - [MESSAGE][INFO] - User set preference: ['acceptInsecureCerts', 'true']

2024-11-12 17:41:26 - [MESSAGE][INFO] - Action delay is set to 0 milliseconds

2024-11-12 17:41:28 - [MESSAGE][PASSED] - Browser is opened with url: ''

2024-11-12 17:41:28 - [TEST_STEP][PASSED] - maximizeWindow(): Current window maximized

2024-11-12 17:41:28 - [MESSAGE][PASSED] - Current window maximized

2024-11-12 17:41:28 - [TEST_STEP][PASSED] - navigateToUrl(RADurl): Navigate to 'https://www.velocitypayment.com/client/rad/index.html' successfully

2024-11-12 17:41:30 - [MESSAGE][PASSED] - Navigate to 'https://www.velocitypayment.com/client/rad/index.html' successfully

2024-11-12 17:41:30 - [TEST_STEP][PASSED] - orPath_Landing = "Object Repository/RAD_Pages/Landing_Page": null

2024-11-12 17:41:30 - [TEST_STEP][PASSED] - orPath_TaxTypeFilingYear = "Object Repository/RAD_Pages/TaxTypeFilingYear_Page": null

2024-11-12 17:41:30 - [TEST_STEP][PASSED] - orPath_TaxPayer = "Object Repository/RAD_Pages/Taxpayer_Page": null

2024-11-12 17:41:30 - [TEST_STEP][PASSED] - orPath_AddressContact = "Object Repository/RAD_Pages/AddressAndContactInfo_Page": null

2024-11-12 17:41:30 - [TEST_STEP][PASSED] - orPath_FilingStatus = "Object Repository/RAD_Pages/FilingStatus_Page": null

2024-11-12 17:41:30 - [TEST_STEP][PASSED] - orPath_Amount = "Object Repository/RAD_Pages/PaymentAmount_Page": null

2024-11-12 17:41:30 - [TEST_STEP][PASSED] - orPath_TaxInfo = "Object Repository/RAD_Pages/TaxInfo_Page": null

2024-11-12 17:41:30 - [TEST_STEP][PASSED] - orPath_Withholding = "Object Repository/RAD_Pages/Withholding_Page": null

2024-11-12 17:41:30 - [TEST_STEP][PASSED] - orPath_Summary = "Object Repository/RAD_Pages/Summary_Page": null

2024-11-12 17:41:30 - [TEST_STEP][PASSED] - orPath_PaymentReady = "Object Repository/RAD_Pages/PaymentReady_Page": null

2024-11-12 17:41:30 - [TEST_STEP][PASSED] - orPath_PaymentEntry = "Object Repository/RAD_Pages/PaymentEntry_Page": null

2024-11-12 17:41:30 - [TEST_STEP][PASSED] - orPath_PaymentConfirmation = "Object Repository/RAD_Pages/PaymentConfirmation_Page": null

2024-11-12 17:41:30 - [TEST_STEP][PASSED] - orPath_ServiceFeesAccept = "Object Repository/RAD_Pages/ServiceFeeAccept_Page": null

2024-11-12 17:41:30 - [TEST_STEP][PASSED] - selectOptionByLabel(findTestObject(orPath_Landing + "/dd_TaxType"), Paymenttype, false): All options with label 'New Tax Return Amount Due' are selected in object 'Object Repository/RAD_Pages/Landing_Page/dd_TaxType' 

2024-11-12 17:41:30 - [MESSAGE][PASSED] - All options with label 'New Tax Return Amount Due' are selected in object 'Object Repository/RAD_Pages/Landing_Page/dd_TaxType' 

2024-11-12 17:41:30 - [TEST_STEP][PASSED] - delay(1): Delayed 1 second(s)

2024-11-12 17:41:31 - [MESSAGE][PASSED] - Delayed 1 second(s)

2024-11-12 17:41:31 - [TEST_STEP][PASSED] - switch (Paymenttype): null

2024-11-12 17:41:31 - [TEST_STEP][PASSED] - case "New Tax Return Amount Due":: null

2024-11-12 17:41:31 - [TEST_STEP][PASSED] - selectOptionByLabel(findTestObject("Object Repository/RAD_Pages/Landing_Page/select_NewTaxReturnAmountDue_TaxType"), Taxtype, false): All options with label 'Tire Recycling Fee' are selected in object 'Object Repository/RAD_Pages/Landing_Page/select_NewTaxReturnAmountDue_TaxType' 

2024-11-12 17:41:32 - [MESSAGE][PASSED] - All options with label 'Tire Recycling Fee' are selected in object 'Object Repository/RAD_Pages/Landing_Page/select_NewTaxReturnAmountDue_TaxType' 

2024-11-12 17:41:32 - [TEST_STEP][PASSED] - break: null

2024-11-12 17:41:32 - [TEST_STEP][PASSED] - delay(1): Delayed 1 second(s)

2024-11-12 17:41:33 - [MESSAGE][PASSED] - Delayed 1 second(s)

2024-11-12 17:41:33 - [TEST_STEP][PASSED] - switch (Paymenttype): null

2024-11-12 17:41:33 - [TEST_STEP][PASSED] - case "New Tax Return Amount Due":: null

2024-11-12 17:41:33 - [TEST_STEP][PASSED] - if (feinSsn.equalsIgnoreCase("Y")): null

2024-11-12 17:41:33 - [TEST_STEP][PASSED] - else: Text ****** has been set on object 'Object Repository/RAD_Pages/TaxInfo_Page/input_FederalEIN_ReEnter-2'

2024-11-12 17:41:33 - [TEST_STEP][PASSED] - setEncryptedText(findTestObject(orPath_TaxInfo + "/input_FederalEIN-2"), "iGDxf8hSRT4="): Text ****** has been set on object 'Object Repository/RAD_Pages/TaxInfo_Page/input_FederalEIN-2'

2024-11-12 17:41:34 - [MESSAGE][PASSED] - Text ****** has been set on object 'Object Repository/RAD_Pages/TaxInfo_Page/input_FederalEIN-2'

2024-11-12 17:41:34 - [TEST_STEP][PASSED] - setEncryptedText(findTestObject(orPath_TaxInfo + "/input_FederalEIN_ReEnter-2"), ""): Text ****** has been set on object 'Object Repository/RAD_Pages/TaxInfo_Page/input_FederalEIN_ReEnter-2'

2024-11-12 17:41:34 - [MESSAGE][PASSED] - Text ****** has been set on object 'Object Repository/RAD_Pages/TaxInfo_Page/input_FederalEIN_ReEnter-2'

2024-11-12 17:41:34 - [TEST_STEP][PASSED] - break: null

2024-11-12 17:41:34 - [TEST_STEP][PASSED] - if (feinSsn.equalsIgnoreCase("Y")): null

2024-11-12 17:41:34 - [TEST_STEP][PASSED] - else: null

2024-11-12 17:41:34 - [TEST_STEP][PASSED] - if (verifyTextPresent("Please enter a valid FEIN with 9 digits.", true)): null

2024-11-12 17:41:34 - [MESSAGE][PASSED] - Text 'Please enter a valid FEIN with 9 digits.' is present on page  using regular expression

2024-11-12 17:41:34 - [TEST_STEP][PASSED] - println("Error Message is present on the page"): null

2024-11-12 17:41:34 - [TEST_STEP][PASSED] - out.println("Pass Record Number: " + row): null

2024-11-12 17:41:34 - [TEST_STEP][PASSED] - resText = "Pass": null

2024-11-12 17:41:34 - [TEST_STEP][PASSED] - pages.WriteExcel.demoKey(resText, datText, resColumn, datCloumn, fileLoc, nameSheet, row): pages.WriteExcel.demoKey is PASSED

2024-11-12 17:41:35 - [MESSAGE][PASSED] - pages.WriteExcel.demoKey is PASSED

2024-11-12 17:41:35 - [TEST_STEP][PASSED] - ExecuteTC = findTestData(dataFile).getValue("Execute", row): null

2024-11-12 17:41:35 - [TEST_STEP][PASSED] - Taxtype = findTestData(dataFile).getValue("TaxType", row): null

2024-11-12 17:41:35 - [TEST_STEP][PASSED] - Paymenttype = findTestData(dataFile).getValue("PaymentType", row): null

2024-11-12 17:41:35 - [TEST_STEP][PASSED] - feinSsn = findTestData(dataFile).getValue("FEINSSN", row): null

2024-11-12 17:41:35 - [TEST_STEP][PASSED] - out.println("Value of Execute is : " + ExecuteTC): null

2024-11-12 17:41:35 - [TEST_STEP][PASSED] - if (ExecuteTC.equalsIgnoreCase("Y")): null

2024-11-12 17:41:35 - [TEST_STEP][PASSED] - out.println("Begin Record Number: " + row): null

2024-11-12 17:41:35 - [TEST_STEP][PASSED] - today = new java.util.Date(): null

2024-11-12 17:41:35 - [TEST_STEP][PASSED] - println(today): null

2024-11-12 17:41:35 - [TEST_STEP][PASSED] - datText = today: null

2024-11-12 17:41:35 - [TEST_STEP][PASSED] - Taxtype = findTestData(dataFile).getValue("TaxType", row): null

2024-11-12 17:41:35 - [TEST_STEP][PASSED] - out.println("Taxtype value is : " + Taxtype): null

2024-11-12 17:41:35 - [TEST_STEP][PASSED] - openBrowser(""): Browser is opened with url: ''

2024-11-12 17:41:35 - [MESSAGE][WARNING] - A browser is already opened. Closing browser and opening a new one

2024-11-12 17:41:38 - [MESSAGE][INFO] - Starting 'Chrome' driver

2024-11-12 17:41:38 - [MESSAGE][INFO] - User set preference: ['acceptInsecureCerts', 'true']

2024-11-12 17:41:38 - [MESSAGE][INFO] - Action delay is set to 0 milliseconds

2024-11-12 17:41:40 - [MESSAGE][PASSED] - Browser is opened with url: ''

2024-11-12 17:41:40 - [TEST_STEP][PASSED] - maximizeWindow(): Current window maximized

2024-11-12 17:41:40 - [MESSAGE][PASSED] - Current window maximized

2024-11-12 17:41:40 - [TEST_STEP][PASSED] - navigateToUrl(RADurl): Navigate to 'https://www.velocitypayment.com/client/rad/index.html' successfully

2024-11-12 17:41:41 - [MESSAGE][PASSED] - Navigate to 'https://www.velocitypayment.com/client/rad/index.html' successfully

2024-11-12 17:41:41 - [TEST_STEP][PASSED] - orPath_Landing = "Object Repository/RAD_Pages/Landing_Page": null

2024-11-12 17:41:41 - [TEST_STEP][PASSED] - orPath_TaxTypeFilingYear = "Object Repository/RAD_Pages/TaxTypeFilingYear_Page": null

2024-11-12 17:41:41 - [TEST_STEP][PASSED] - orPath_TaxPayer = "Object Repository/RAD_Pages/Taxpayer_Page": null

2024-11-12 17:41:41 - [TEST_STEP][PASSED] - orPath_AddressContact = "Object Repository/RAD_Pages/AddressAndContactInfo_Page": null

2024-11-12 17:41:41 - [TEST_STEP][PASSED] - orPath_FilingStatus = "Object Repository/RAD_Pages/FilingStatus_Page": null

2024-11-12 17:41:41 - [TEST_STEP][PASSED] - orPath_Amount = "Object Repository/RAD_Pages/PaymentAmount_Page": null

2024-11-12 17:41:41 - [TEST_STEP][PASSED] - orPath_TaxInfo = "Object Repository/RAD_Pages/TaxInfo_Page": null

2024-11-12 17:41:41 - [TEST_STEP][PASSED] - orPath_Withholding = "Object Repository/RAD_Pages/Withholding_Page": null

2024-11-12 17:41:41 - [TEST_STEP][PASSED] - orPath_Summary = "Object Repository/RAD_Pages/Summary_Page": null

2024-11-12 17:41:41 - [TEST_STEP][PASSED] - orPath_PaymentReady = "Object Repository/RAD_Pages/PaymentReady_Page": null

2024-11-12 17:41:41 - [TEST_STEP][PASSED] - orPath_PaymentEntry = "Object Repository/RAD_Pages/PaymentEntry_Page": null

2024-11-12 17:41:41 - [TEST_STEP][PASSED] - orPath_PaymentConfirmation = "Object Repository/RAD_Pages/PaymentConfirmation_Page": null

2024-11-12 17:41:41 - [TEST_STEP][PASSED] - orPath_ServiceFeesAccept = "Object Repository/RAD_Pages/ServiceFeeAccept_Page": null

2024-11-12 17:41:41 - [TEST_STEP][PASSED] - selectOptionByLabel(findTestObject(orPath_Landing + "/dd_TaxType"), Paymenttype, false): All options with label 'New Tax Return Amount Due' are selected in object 'Object Repository/RAD_Pages/Landing_Page/dd_TaxType' 

2024-11-12 17:41:42 - [MESSAGE][PASSED] - All options with label 'New Tax Return Amount Due' are selected in object 'Object Repository/RAD_Pages/Landing_Page/dd_TaxType' 

2024-11-12 17:41:42 - [TEST_STEP][PASSED] - delay(1): Delayed 1 second(s)

2024-11-12 17:41:43 - [MESSAGE][PASSED] - Delayed 1 second(s)

2024-11-12 17:41:43 - [TEST_STEP][PASSED] - switch (Paymenttype): null

2024-11-12 17:41:43 - [TEST_STEP][PASSED] - case "New Tax Return Amount Due":: null

2024-11-12 17:41:43 - [TEST_STEP][PASSED] - selectOptionByLabel(findTestObject("Object Repository/RAD_Pages/Landing_Page/select_NewTaxReturnAmountDue_TaxType"), Taxtype, false): All options with label 'Tobacco Tax' are selected in object 'Object Repository/RAD_Pages/Landing_Page/select_NewTaxReturnAmountDue_TaxType' 

2024-11-12 17:41:44 - [MESSAGE][PASSED] - All options with label 'Tobacco Tax' are selected in object 'Object Repository/RAD_Pages/Landing_Page/select_NewTaxReturnAmountDue_TaxType' 

2024-11-12 17:41:44 - [TEST_STEP][PASSED] - break: null

2024-11-12 17:41:44 - [TEST_STEP][PASSED] - delay(1): Delayed 1 second(s)

2024-11-12 17:41:45 - [MESSAGE][PASSED] - Delayed 1 second(s)

2024-11-12 17:41:45 - [TEST_STEP][PASSED] - switch (Paymenttype): null

2024-11-12 17:41:45 - [TEST_STEP][PASSED] - case "New Tax Return Amount Due":: null

2024-11-12 17:41:45 - [TEST_STEP][PASSED] - if (feinSsn.equalsIgnoreCase("Y")): Text ****** has been set on object 'Object Repository/RAD_Pages/TaxInfo_Page/input_TaxInfo_RetypeFeinSsn_New_2'

2024-11-12 17:41:45 - [TEST_STEP][PASSED] - setEncryptedText(findTestObject(orPath_TaxInfo + "//input_TaxInfo_FeinSsn_New_2"), "iGDxf8hSRT4="): Text ****** has been set on object 'Object Repository/RAD_Pages/TaxInfo_Page//input_TaxInfo_FeinSsn_New_2'

2024-11-12 17:41:45 - [MESSAGE][PASSED] - Text ****** has been set on object 'Object Repository/RAD_Pages/TaxInfo_Page//input_TaxInfo_FeinSsn_New_2'

2024-11-12 17:41:45 - [TEST_STEP][PASSED] - setEncryptedText(findTestObject(orPath_TaxInfo + "/input_TaxInfo_RetypeFeinSsn_New_2"), ""): Text ****** has been set on object 'Object Repository/RAD_Pages/TaxInfo_Page/input_TaxInfo_RetypeFeinSsn_New_2'

2024-11-12 17:41:46 - [MESSAGE][PASSED] - Text ****** has been set on object 'Object Repository/RAD_Pages/TaxInfo_Page/input_TaxInfo_RetypeFeinSsn_New_2'

2024-11-12 17:41:46 - [TEST_STEP][PASSED] - break: null

2024-11-12 17:41:46 - [TEST_STEP][PASSED] - if (feinSsn.equalsIgnoreCase("Y")): null

2024-11-12 17:41:46 - [TEST_STEP][PASSED] - if (verifyTextPresent("Please enter a valid FEIN/SSN with 9 digits", true)): null

2024-11-12 17:41:46 - [MESSAGE][PASSED] - Text 'Please enter a valid FEIN/SSN with 9 digits' is present on page  using regular expression

2024-11-12 17:41:46 - [TEST_STEP][PASSED] - println("Error Message is present on the page"): null

2024-11-12 17:41:46 - [TEST_STEP][PASSED] - out.println("Pass Record Number: " + row): null

2024-11-12 17:41:46 - [TEST_STEP][PASSED] - resText = "Pass": null

2024-11-12 17:41:46 - [TEST_STEP][PASSED] - pages.WriteExcel.demoKey(resText, datText, resColumn, datCloumn, fileLoc, nameSheet, row): pages.WriteExcel.demoKey is PASSED

2024-11-12 17:41:46 - [MESSAGE][PASSED] - pages.WriteExcel.demoKey is PASSED

2024-11-12 17:41:46 - [TEST_STEP][PASSED] - ExecuteTC = findTestData(dataFile).getValue("Execute", row): null

2024-11-12 17:41:46 - [TEST_STEP][PASSED] - Taxtype = findTestData(dataFile).getValue("TaxType", row): null

2024-11-12 17:41:46 - [TEST_STEP][PASSED] - Paymenttype = findTestData(dataFile).getValue("PaymentType", row): null

2024-11-12 17:41:46 - [TEST_STEP][PASSED] - feinSsn = findTestData(dataFile).getValue("FEINSSN", row): null

2024-11-12 17:41:46 - [TEST_STEP][PASSED] - out.println("Value of Execute is : " + ExecuteTC): null

2024-11-12 17:41:46 - [TEST_STEP][PASSED] - if (ExecuteTC.equalsIgnoreCase("Y")): null

2024-11-12 17:41:46 - [TEST_STEP][PASSED] - out.println("Begin Record Number: " + row): null

2024-11-12 17:41:46 - [TEST_STEP][PASSED] - today = new java.util.Date(): null

2024-11-12 17:41:46 - [TEST_STEP][PASSED] - println(today): null

2024-11-12 17:41:46 - [TEST_STEP][PASSED] - datText = today: null

2024-11-12 17:41:46 - [TEST_STEP][PASSED] - Taxtype = findTestData(dataFile).getValue("TaxType", row): null

2024-11-12 17:41:46 - [TEST_STEP][PASSED] - out.println("Taxtype value is : " + Taxtype): null

2024-11-12 17:41:46 - [TEST_STEP][PASSED] - openBrowser(""): Browser is opened with url: ''

2024-11-12 17:41:46 - [MESSAGE][WARNING] - A browser is already opened. Closing browser and opening a new one

2024-11-12 17:41:48 - [MESSAGE][INFO] - Starting 'Chrome' driver

2024-11-12 17:41:48 - [MESSAGE][INFO] - User set preference: ['acceptInsecureCerts', 'true']

2024-11-12 17:41:48 - [MESSAGE][INFO] - Action delay is set to 0 milliseconds

2024-11-12 17:41:49 - [MESSAGE][PASSED] - Browser is opened with url: ''

2024-11-12 17:41:49 - [TEST_STEP][PASSED] - maximizeWindow(): Current window maximized

2024-11-12 17:41:49 - [MESSAGE][PASSED] - Current window maximized

2024-11-12 17:41:49 - [TEST_STEP][PASSED] - navigateToUrl(RADurl): Navigate to 'https://www.velocitypayment.com/client/rad/index.html' successfully

2024-11-12 17:41:51 - [MESSAGE][PASSED] - Navigate to 'https://www.velocitypayment.com/client/rad/index.html' successfully

2024-11-12 17:41:51 - [TEST_STEP][PASSED] - orPath_Landing = "Object Repository/RAD_Pages/Landing_Page": null

2024-11-12 17:41:51 - [TEST_STEP][PASSED] - orPath_TaxTypeFilingYear = "Object Repository/RAD_Pages/TaxTypeFilingYear_Page": null

2024-11-12 17:41:51 - [TEST_STEP][PASSED] - orPath_TaxPayer = "Object Repository/RAD_Pages/Taxpayer_Page": null

2024-11-12 17:41:51 - [TEST_STEP][PASSED] - orPath_AddressContact = "Object Repository/RAD_Pages/AddressAndContactInfo_Page": null

2024-11-12 17:41:51 - [TEST_STEP][PASSED] - orPath_FilingStatus = "Object Repository/RAD_Pages/FilingStatus_Page": null

2024-11-12 17:41:51 - [TEST_STEP][PASSED] - orPath_Amount = "Object Repository/RAD_Pages/PaymentAmount_Page": null

2024-11-12 17:41:51 - [TEST_STEP][PASSED] - orPath_TaxInfo = "Object Repository/RAD_Pages/TaxInfo_Page": null

2024-11-12 17:41:51 - [TEST_STEP][PASSED] - orPath_Withholding = "Object Repository/RAD_Pages/Withholding_Page": null

2024-11-12 17:41:51 - [TEST_STEP][PASSED] - orPath_Summary = "Object Repository/RAD_Pages/Summary_Page": null

2024-11-12 17:41:51 - [TEST_STEP][PASSED] - orPath_PaymentReady = "Object Repository/RAD_Pages/PaymentReady_Page": null

2024-11-12 17:41:51 - [TEST_STEP][PASSED] - orPath_PaymentEntry = "Object Repository/RAD_Pages/PaymentEntry_Page": null

2024-11-12 17:41:51 - [TEST_STEP][PASSED] - orPath_PaymentConfirmation = "Object Repository/RAD_Pages/PaymentConfirmation_Page": null

2024-11-12 17:41:51 - [TEST_STEP][PASSED] - orPath_ServiceFeesAccept = "Object Repository/RAD_Pages/ServiceFeeAccept_Page": null

2024-11-12 17:41:51 - [TEST_STEP][PASSED] - selectOptionByLabel(findTestObject(orPath_Landing + "/dd_TaxType"), Paymenttype, false): All options with label 'New Tax Return Amount Due' are selected in object 'Object Repository/RAD_Pages/Landing_Page/dd_TaxType' 

2024-11-12 17:41:52 - [MESSAGE][PASSED] - All options with label 'New Tax Return Amount Due' are selected in object 'Object Repository/RAD_Pages/Landing_Page/dd_TaxType' 

2024-11-12 17:41:52 - [TEST_STEP][PASSED] - delay(1): Delayed 1 second(s)

2024-11-12 17:41:53 - [MESSAGE][PASSED] - Delayed 1 second(s)

2024-11-12 17:41:53 - [TEST_STEP][PASSED] - switch (Paymenttype): null

2024-11-12 17:41:53 - [TEST_STEP][PASSED] - case "New Tax Return Amount Due":: null

2024-11-12 17:41:53 - [TEST_STEP][PASSED] - selectOptionByLabel(findTestObject("Object Repository/RAD_Pages/Landing_Page/select_NewTaxReturnAmountDue_TaxType"), Taxtype, false): All options with label 'Transportation Network Services' are selected in object 'Object Repository/RAD_Pages/Landing_Page/select_NewTaxReturnAmountDue_TaxType' 

2024-11-12 17:41:53 - [MESSAGE][PASSED] - All options with label 'Transportation Network Services' are selected in object 'Object Repository/RAD_Pages/Landing_Page/select_NewTaxReturnAmountDue_TaxType' 

2024-11-12 17:41:53 - [TEST_STEP][PASSED] - break: null

2024-11-12 17:41:53 - [TEST_STEP][PASSED] - delay(1): Delayed 1 second(s)

2024-11-12 17:41:54 - [MESSAGE][PASSED] - Delayed 1 second(s)

2024-11-12 17:41:54 - [TEST_STEP][PASSED] - switch (Paymenttype): null

2024-11-12 17:41:54 - [TEST_STEP][PASSED] - case "New Tax Return Amount Due":: null

2024-11-12 17:41:54 - [TEST_STEP][PASSED] - if (feinSsn.equalsIgnoreCase("Y")): null

2024-11-12 17:41:54 - [TEST_STEP][PASSED] - else: Text ****** has been set on object 'Object Repository/RAD_Pages/TaxInfo_Page/input_FederalEIN_ReEnter-2'

2024-11-12 17:41:54 - [TEST_STEP][PASSED] - setEncryptedText(findTestObject(orPath_TaxInfo + "/input_FederalEIN-2"), "iGDxf8hSRT4="): Text ****** has been set on object 'Object Repository/RAD_Pages/TaxInfo_Page/input_FederalEIN-2'

2024-11-12 17:41:55 - [MESSAGE][PASSED] - Text ****** has been set on object 'Object Repository/RAD_Pages/TaxInfo_Page/input_FederalEIN-2'

2024-11-12 17:41:55 - [TEST_STEP][PASSED] - setEncryptedText(findTestObject(orPath_TaxInfo + "/input_FederalEIN_ReEnter-2"), ""): Text ****** has been set on object 'Object Repository/RAD_Pages/TaxInfo_Page/input_FederalEIN_ReEnter-2'

2024-11-12 17:41:56 - [MESSAGE][PASSED] - Text ****** has been set on object 'Object Repository/RAD_Pages/TaxInfo_Page/input_FederalEIN_ReEnter-2'

2024-11-12 17:41:56 - [TEST_STEP][PASSED] - break: null

2024-11-12 17:41:56 - [TEST_STEP][PASSED] - if (feinSsn.equalsIgnoreCase("Y")): null

2024-11-12 17:41:56 - [TEST_STEP][PASSED] - else: null

2024-11-12 17:41:56 - [TEST_STEP][PASSED] - if (verifyTextPresent("Please enter a valid FEIN with 9 digits.", true)): null

2024-11-12 17:41:56 - [MESSAGE][PASSED] - Text 'Please enter a valid FEIN with 9 digits.' is present on page  using regular expression

2024-11-12 17:41:56 - [TEST_STEP][PASSED] - println("Error Message is present on the page"): null

2024-11-12 17:41:56 - [TEST_STEP][PASSED] - out.println("Pass Record Number: " + row): null

2024-11-12 17:41:56 - [TEST_STEP][PASSED] - resText = "Pass": null

2024-11-12 17:41:56 - [TEST_STEP][PASSED] - pages.WriteExcel.demoKey(resText, datText, resColumn, datCloumn, fileLoc, nameSheet, row): pages.WriteExcel.demoKey is PASSED

2024-11-12 17:41:56 - [MESSAGE][PASSED] - pages.WriteExcel.demoKey is PASSED

2024-11-12 17:41:56 - [TEST_STEP][PASSED] - ExecuteTC = findTestData(dataFile).getValue("Execute", row): null

2024-11-12 17:41:56 - [TEST_STEP][PASSED] - Taxtype = findTestData(dataFile).getValue("TaxType", row): null

2024-11-12 17:41:56 - [TEST_STEP][PASSED] - Paymenttype = findTestData(dataFile).getValue("PaymentType", row): null

2024-11-12 17:41:56 - [TEST_STEP][PASSED] - feinSsn = findTestData(dataFile).getValue("FEINSSN", row): null

2024-11-12 17:41:56 - [TEST_STEP][PASSED] - out.println("Value of Execute is : " + ExecuteTC): null

2024-11-12 17:41:56 - [TEST_STEP][PASSED] - if (ExecuteTC.equalsIgnoreCase("Y")): null

2024-11-12 17:41:56 - [TEST_STEP][PASSED] - out.println("Begin Record Number: " + row): null

2024-11-12 17:41:56 - [TEST_STEP][PASSED] - today = new java.util.Date(): null

2024-11-12 17:41:56 - [TEST_STEP][PASSED] - println(today): null

2024-11-12 17:41:56 - [TEST_STEP][PASSED] - datText = today: null

2024-11-12 17:41:56 - [TEST_STEP][PASSED] - Taxtype = findTestData(dataFile).getValue("TaxType", row): null

2024-11-12 17:41:56 - [TEST_STEP][PASSED] - out.println("Taxtype value is : " + Taxtype): null

2024-11-12 17:41:56 - [TEST_STEP][PASSED] - openBrowser(""): Browser is opened with url: ''

2024-11-12 17:41:56 - [MESSAGE][WARNING] - A browser is already opened. Closing browser and opening a new one

2024-11-12 17:41:57 - [MESSAGE][INFO] - Starting 'Chrome' driver

2024-11-12 17:41:57 - [MESSAGE][INFO] - User set preference: ['acceptInsecureCerts', 'true']

2024-11-12 17:41:57 - [MESSAGE][INFO] - Action delay is set to 0 milliseconds

2024-11-12 17:41:59 - [MESSAGE][PASSED] - Browser is opened with url: ''

2024-11-12 17:41:59 - [TEST_STEP][PASSED] - maximizeWindow(): Current window maximized

2024-11-12 17:41:59 - [MESSAGE][PASSED] - Current window maximized

2024-11-12 17:41:59 - [TEST_STEP][PASSED] - navigateToUrl(RADurl): Navigate to 'https://www.velocitypayment.com/client/rad/index.html' successfully

2024-11-12 17:42:01 - [MESSAGE][PASSED] - Navigate to 'https://www.velocitypayment.com/client/rad/index.html' successfully

2024-11-12 17:42:01 - [TEST_STEP][PASSED] - orPath_Landing = "Object Repository/RAD_Pages/Landing_Page": null

2024-11-12 17:42:01 - [TEST_STEP][PASSED] - orPath_TaxTypeFilingYear = "Object Repository/RAD_Pages/TaxTypeFilingYear_Page": null

2024-11-12 17:42:01 - [TEST_STEP][PASSED] - orPath_TaxPayer = "Object Repository/RAD_Pages/Taxpayer_Page": null

2024-11-12 17:42:01 - [TEST_STEP][PASSED] - orPath_AddressContact = "Object Repository/RAD_Pages/AddressAndContactInfo_Page": null

2024-11-12 17:42:01 - [TEST_STEP][PASSED] - orPath_FilingStatus = "Object Repository/RAD_Pages/FilingStatus_Page": null

2024-11-12 17:42:01 - [TEST_STEP][PASSED] - orPath_Amount = "Object Repository/RAD_Pages/PaymentAmount_Page": null

2024-11-12 17:42:01 - [TEST_STEP][PASSED] - orPath_TaxInfo = "Object Repository/RAD_Pages/TaxInfo_Page": null

2024-11-12 17:42:01 - [TEST_STEP][PASSED] - orPath_Withholding = "Object Repository/RAD_Pages/Withholding_Page": null

2024-11-12 17:42:01 - [TEST_STEP][PASSED] - orPath_Summary = "Object Repository/RAD_Pages/Summary_Page": null

2024-11-12 17:42:01 - [TEST_STEP][PASSED] - orPath_PaymentReady = "Object Repository/RAD_Pages/PaymentReady_Page": null

2024-11-12 17:42:01 - [TEST_STEP][PASSED] - orPath_PaymentEntry = "Object Repository/RAD_Pages/PaymentEntry_Page": null

2024-11-12 17:42:01 - [TEST_STEP][PASSED] - orPath_PaymentConfirmation = "Object Repository/RAD_Pages/PaymentConfirmation_Page": null

2024-11-12 17:42:01 - [TEST_STEP][PASSED] - orPath_ServiceFeesAccept = "Object Repository/RAD_Pages/ServiceFeeAccept_Page": null

2024-11-12 17:42:01 - [TEST_STEP][PASSED] - selectOptionByLabel(findTestObject(orPath_Landing + "/dd_TaxType"), Paymenttype, false): All options with label 'New Tax Return Amount Due' are selected in object 'Object Repository/RAD_Pages/Landing_Page/dd_TaxType' 

2024-11-12 17:42:02 - [MESSAGE][PASSED] - All options with label 'New Tax Return Amount Due' are selected in object 'Object Repository/RAD_Pages/Landing_Page/dd_TaxType' 

2024-11-12 17:42:02 - [TEST_STEP][PASSED] - delay(1): Delayed 1 second(s)

2024-11-12 17:42:03 - [MESSAGE][PASSED] - Delayed 1 second(s)

2024-11-12 17:42:03 - [TEST_STEP][PASSED] - switch (Paymenttype): null

2024-11-12 17:42:03 - [TEST_STEP][PASSED] - case "New Tax Return Amount Due":: null

2024-11-12 17:42:03 - [TEST_STEP][PASSED] - selectOptionByLabel(findTestObject("Object Repository/RAD_Pages/Landing_Page/select_NewTaxReturnAmountDue_TaxType"), Taxtype, false): All options with label 'Unclaimed Property' are selected in object 'Object Repository/RAD_Pages/Landing_Page/select_NewTaxReturnAmountDue_TaxType' 

2024-11-12 17:42:03 - [MESSAGE][PASSED] - All options with label 'Unclaimed Property' are selected in object 'Object Repository/RAD_Pages/Landing_Page/select_NewTaxReturnAmountDue_TaxType' 

2024-11-12 17:42:03 - [TEST_STEP][PASSED] - break: null

2024-11-12 17:42:03 - [TEST_STEP][PASSED] - delay(1): Delayed 1 second(s)

2024-11-12 17:42:04 - [MESSAGE][PASSED] - Delayed 1 second(s)

2024-11-12 17:42:04 - [TEST_STEP][PASSED] - switch (Paymenttype): null

2024-11-12 17:42:04 - [TEST_STEP][PASSED] - case "New Tax Return Amount Due":: null

2024-11-12 17:42:04 - [TEST_STEP][PASSED] - if (feinSsn.equalsIgnoreCase("Y")): null

2024-11-12 17:42:04 - [TEST_STEP][PASSED] - else: Text ****** has been set on object 'Object Repository/RAD_Pages/TaxInfo_Page/input_FederalEIN_ReEnter-2'

2024-11-12 17:42:04 - [TEST_STEP][PASSED] - setEncryptedText(findTestObject(orPath_TaxInfo + "/input_FederalEIN-2"), "iGDxf8hSRT4="): Text ****** has been set on object 'Object Repository/RAD_Pages/TaxInfo_Page/input_FederalEIN-2'

2024-11-12 17:42:05 - [MESSAGE][PASSED] - Text ****** has been set on object 'Object Repository/RAD_Pages/TaxInfo_Page/input_FederalEIN-2'

2024-11-12 17:42:05 - [TEST_STEP][PASSED] - setEncryptedText(findTestObject(orPath_TaxInfo + "/input_FederalEIN_ReEnter-2"), ""): Text ****** has been set on object 'Object Repository/RAD_Pages/TaxInfo_Page/input_FederalEIN_ReEnter-2'

2024-11-12 17:42:05 - [MESSAGE][PASSED] - Text ****** has been set on object 'Object Repository/RAD_Pages/TaxInfo_Page/input_FederalEIN_ReEnter-2'

2024-11-12 17:42:05 - [TEST_STEP][PASSED] - break: null

2024-11-12 17:42:05 - [TEST_STEP][PASSED] - if (feinSsn.equalsIgnoreCase("Y")): null

2024-11-12 17:42:05 - [TEST_STEP][PASSED] - else: null

2024-11-12 17:42:05 - [TEST_STEP][PASSED] - if (verifyTextPresent("Please enter a valid FEIN with 9 digits.", true)): null

2024-11-12 17:42:06 - [MESSAGE][PASSED] - Text 'Please enter a valid FEIN with 9 digits.' is present on page  using regular expression

2024-11-12 17:42:06 - [TEST_STEP][PASSED] - println("Error Message is present on the page"): null

2024-11-12 17:42:06 - [TEST_STEP][PASSED] - out.println("Pass Record Number: " + row): null

2024-11-12 17:42:06 - [TEST_STEP][PASSED] - resText = "Pass": null

2024-11-12 17:42:06 - [TEST_STEP][PASSED] - pages.WriteExcel.demoKey(resText, datText, resColumn, datCloumn, fileLoc, nameSheet, row): pages.WriteExcel.demoKey is PASSED

2024-11-12 17:42:06 - [MESSAGE][PASSED] - pages.WriteExcel.demoKey is PASSED

2024-11-12 17:42:06 - [TEST_STEP][PASSED] - ExecuteTC = findTestData(dataFile).getValue("Execute", row): null

2024-11-12 17:42:06 - [TEST_STEP][PASSED] - Taxtype = findTestData(dataFile).getValue("TaxType", row): null

2024-11-12 17:42:06 - [TEST_STEP][PASSED] - Paymenttype = findTestData(dataFile).getValue("PaymentType", row): null

2024-11-12 17:42:06 - [TEST_STEP][PASSED] - feinSsn = findTestData(dataFile).getValue("FEINSSN", row): null

2024-11-12 17:42:06 - [TEST_STEP][PASSED] - out.println("Value of Execute is : " + ExecuteTC): null

2024-11-12 17:42:06 - [TEST_STEP][PASSED] - if (ExecuteTC.equalsIgnoreCase("Y")): null

2024-11-12 17:42:06 - [TEST_STEP][PASSED] - out.println("Begin Record Number: " + row): null

2024-11-12 17:42:06 - [TEST_STEP][PASSED] - today = new java.util.Date(): null

2024-11-12 17:42:06 - [TEST_STEP][PASSED] - println(today): null

2024-11-12 17:42:06 - [TEST_STEP][PASSED] - datText = today: null

2024-11-12 17:42:06 - [TEST_STEP][PASSED] - Taxtype = findTestData(dataFile).getValue("TaxType", row): null

2024-11-12 17:42:06 - [TEST_STEP][PASSED] - out.println("Taxtype value is : " + Taxtype): null

2024-11-12 17:42:06 - [TEST_STEP][PASSED] - openBrowser(""): Browser is opened with url: ''

2024-11-12 17:42:06 - [MESSAGE][WARNING] - A browser is already opened. Closing browser and opening a new one

2024-11-12 17:42:08 - [MESSAGE][INFO] - Starting 'Chrome' driver

2024-11-12 17:42:08 - [MESSAGE][INFO] - User set preference: ['acceptInsecureCerts', 'true']

2024-11-12 17:42:08 - [MESSAGE][INFO] - Action delay is set to 0 milliseconds

2024-11-12 17:42:09 - [MESSAGE][PASSED] - Browser is opened with url: ''

2024-11-12 17:42:09 - [TEST_STEP][PASSED] - maximizeWindow(): Current window maximized

2024-11-12 17:42:09 - [MESSAGE][PASSED] - Current window maximized

2024-11-12 17:42:09 - [TEST_STEP][PASSED] - navigateToUrl(RADurl): Navigate to 'https://www.velocitypayment.com/client/rad/index.html' successfully

2024-11-12 17:42:11 - [MESSAGE][PASSED] - Navigate to 'https://www.velocitypayment.com/client/rad/index.html' successfully

2024-11-12 17:42:11 - [TEST_STEP][PASSED] - orPath_Landing = "Object Repository/RAD_Pages/Landing_Page": null

2024-11-12 17:42:11 - [TEST_STEP][PASSED] - orPath_TaxTypeFilingYear = "Object Repository/RAD_Pages/TaxTypeFilingYear_Page": null

2024-11-12 17:42:11 - [TEST_STEP][PASSED] - orPath_TaxPayer = "Object Repository/RAD_Pages/Taxpayer_Page": null

2024-11-12 17:42:11 - [TEST_STEP][PASSED] - orPath_AddressContact = "Object Repository/RAD_Pages/AddressAndContactInfo_Page": null

2024-11-12 17:42:11 - [TEST_STEP][PASSED] - orPath_FilingStatus = "Object Repository/RAD_Pages/FilingStatus_Page": null

2024-11-12 17:42:11 - [TEST_STEP][PASSED] - orPath_Amount = "Object Repository/RAD_Pages/PaymentAmount_Page": null

2024-11-12 17:42:11 - [TEST_STEP][PASSED] - orPath_TaxInfo = "Object Repository/RAD_Pages/TaxInfo_Page": null

2024-11-12 17:42:11 - [TEST_STEP][PASSED] - orPath_Withholding = "Object Repository/RAD_Pages/Withholding_Page": null

2024-11-12 17:42:11 - [TEST_STEP][PASSED] - orPath_Summary = "Object Repository/RAD_Pages/Summary_Page": null

2024-11-12 17:42:11 - [TEST_STEP][PASSED] - orPath_PaymentReady = "Object Repository/RAD_Pages/PaymentReady_Page": null

2024-11-12 17:42:11 - [TEST_STEP][PASSED] - orPath_PaymentEntry = "Object Repository/RAD_Pages/PaymentEntry_Page": null

2024-11-12 17:42:11 - [TEST_STEP][PASSED] - orPath_PaymentConfirmation = "Object Repository/RAD_Pages/PaymentConfirmation_Page": null

2024-11-12 17:42:11 - [TEST_STEP][PASSED] - orPath_ServiceFeesAccept = "Object Repository/RAD_Pages/ServiceFeeAccept_Page": null

2024-11-12 17:42:11 - [TEST_STEP][PASSED] - selectOptionByLabel(findTestObject(orPath_Landing + "/dd_TaxType"), Paymenttype, false): All options with label 'New Tax Return Amount Due' are selected in object 'Object Repository/RAD_Pages/Landing_Page/dd_TaxType' 

2024-11-12 17:42:12 - [MESSAGE][PASSED] - All options with label 'New Tax Return Amount Due' are selected in object 'Object Repository/RAD_Pages/Landing_Page/dd_TaxType' 

2024-11-12 17:42:12 - [TEST_STEP][PASSED] - delay(1): Delayed 1 second(s)

2024-11-12 17:42:13 - [MESSAGE][PASSED] - Delayed 1 second(s)

2024-11-12 17:42:13 - [TEST_STEP][PASSED] - switch (Paymenttype): null

2024-11-12 17:42:13 - [TEST_STEP][PASSED] - case "New Tax Return Amount Due":: null

2024-11-12 17:42:13 - [TEST_STEP][PASSED] - selectOptionByLabel(findTestObject("Object Repository/RAD_Pages/Landing_Page/select_NewTaxReturnAmountDue_TaxType"), Taxtype, false): All options with label 'Withholding Tax' are selected in object 'Object Repository/RAD_Pages/Landing_Page/select_NewTaxReturnAmountDue_TaxType' 

2024-11-12 17:42:13 - [MESSAGE][PASSED] - All options with label 'Withholding Tax' are selected in object 'Object Repository/RAD_Pages/Landing_Page/select_NewTaxReturnAmountDue_TaxType' 

2024-11-12 17:42:13 - [TEST_STEP][PASSED] - break: null

2024-11-12 17:42:13 - [TEST_STEP][PASSED] - delay(1): Delayed 1 second(s)

2024-11-12 17:42:14 - [MESSAGE][PASSED] - Delayed 1 second(s)

2024-11-12 17:42:14 - [TEST_STEP][PASSED] - switch (Paymenttype): null

2024-11-12 17:42:14 - [TEST_STEP][PASSED] - case "New Tax Return Amount Due":: null

2024-11-12 17:42:14 - [TEST_STEP][PASSED] - if (feinSsn.equalsIgnoreCase("Y")): null

2024-11-12 17:42:14 - [TEST_STEP][PASSED] - else: Text ****** has been set on object 'Object Repository/RAD_Pages/TaxInfo_Page/input_FederalEIN_ReEnter-2'

2024-11-12 17:42:14 - [TEST_STEP][PASSED] - setEncryptedText(findTestObject(orPath_TaxInfo + "/input_FederalEIN-2"), "iGDxf8hSRT4="): Text ****** has been set on object 'Object Repository/RAD_Pages/TaxInfo_Page/input_FederalEIN-2'

2024-11-12 17:42:15 - [MESSAGE][PASSED] - Text ****** has been set on object 'Object Repository/RAD_Pages/TaxInfo_Page/input_FederalEIN-2'

2024-11-12 17:42:15 - [TEST_STEP][PASSED] - setEncryptedText(findTestObject(orPath_TaxInfo + "/input_FederalEIN_ReEnter-2"), ""): Text ****** has been set on object 'Object Repository/RAD_Pages/TaxInfo_Page/input_FederalEIN_ReEnter-2'

2024-11-12 17:42:15 - [MESSAGE][PASSED] - Text ****** has been set on object 'Object Repository/RAD_Pages/TaxInfo_Page/input_FederalEIN_ReEnter-2'

2024-11-12 17:42:15 - [TEST_STEP][PASSED] - break: null

2024-11-12 17:42:15 - [TEST_STEP][PASSED] - if (feinSsn.equalsIgnoreCase("Y")): null

2024-11-12 17:42:15 - [TEST_STEP][PASSED] - else: null

2024-11-12 17:42:15 - [TEST_STEP][PASSED] - if (verifyTextPresent("Please enter a valid FEIN with 9 digits.", true)): null

2024-11-12 17:42:16 - [MESSAGE][PASSED] - Text 'Please enter a valid FEIN with 9 digits.' is present on page  using regular expression

2024-11-12 17:42:16 - [TEST_STEP][PASSED] - println("Error Message is present on the page"): null

2024-11-12 17:42:16 - [TEST_STEP][PASSED] - out.println("Pass Record Number: " + row): null

2024-11-12 17:42:16 - [TEST_STEP][PASSED] - resText = "Pass": null

2024-11-12 17:42:16 - [TEST_STEP][PASSED] - pages.WriteExcel.demoKey(resText, datText, resColumn, datCloumn, fileLoc, nameSheet, row): pages.WriteExcel.demoKey is PASSED

2024-11-12 17:42:16 - [MESSAGE][PASSED] - pages.WriteExcel.demoKey is PASSED]]></system-out>
         <system-err><![CDATA[]]></system-err>
      </testcase>
      <testcase name="Test Cases/RAD_TestCases/Negative_TestCases/EL-NumberValidation" time="570.689" classname="Test Cases/RAD_TestCases/Negative_TestCases/EL-NumberValidation" status="PASSED">
         <system-out><![CDATA[2024-11-12 17:42:16 - [TEST_CASE][PASSED] - Test Cases/RAD_TestCases/Negative_TestCases/EL-NumberValidation: Test Cases/RAD_TestCases/Negative_TestCases/EL-NumberValidation

2024-11-12 17:42:17 - [TEST_STEP][PASSED] - resText = "Fail": null

2024-11-12 17:42:17 - [TEST_STEP][PASSED] - resColumn = "Result": null

2024-11-12 17:42:17 - [TEST_STEP][PASSED] - datCloumn = "Date": null

2024-11-12 17:42:17 - [TEST_STEP][PASSED] - fileLoc = "KatalonData/RADTestData/EL-NumberValidation.xlsx": null

2024-11-12 17:42:17 - [TEST_STEP][PASSED] - nameSheet = "NumberError": null

2024-11-12 17:42:17 - [TEST_STEP][PASSED] - dataFile = "RADTestData/EL-NumberValidation": null

2024-11-12 17:42:17 - [TEST_STEP][PASSED] - ExecuteTC = <not implemented yet for class: org.codehaus.groovy.ast.expr.EmptyExpression>: null

2024-11-12 17:42:17 - [TEST_STEP][PASSED] - Taxtype = <not implemented yet for class: org.codehaus.groovy.ast.expr.EmptyExpression>: null

2024-11-12 17:42:17 - [TEST_STEP][PASSED] - TaxTypeEL = <not implemented yet for class: org.codehaus.groovy.ast.expr.EmptyExpression>: null

2024-11-12 17:42:17 - [TEST_STEP][PASSED] - notInvNumber = <not implemented yet for class: org.codehaus.groovy.ast.expr.EmptyExpression>: null

2024-11-12 17:42:17 - [TEST_STEP][PASSED] - errorMsg = <not implemented yet for class: org.codehaus.groovy.ast.expr.EmptyExpression>: null

2024-11-12 17:42:17 - [TEST_STEP][PASSED] - numOfRows = findTestData(dataFile).getRowNumbers(): null

2024-11-12 17:42:17 - [TEST_STEP][PASSED] - println("Number of Records: " + numOfRows): null

2024-11-12 17:42:17 - [TEST_STEP][PASSED] - for ([row = 1, row <= numOfRows, (row++)]): null

2024-11-12 17:42:17 - [TEST_STEP][PASSED] - ExecuteTC = findTestData(dataFile).getValue("Execute", row): null

2024-11-12 17:42:17 - [TEST_STEP][PASSED] - Taxtype = findTestData(dataFile).getValue("TaxType", row): null

2024-11-12 17:42:17 - [TEST_STEP][PASSED] - TaxTypeEL = findTestData(dataFile).getValue("TaxTypeEL", row): null

2024-11-12 17:42:17 - [TEST_STEP][PASSED] - notInvNumber = findTestData(dataFile).getValue("NotiInvoNumber", row): null

2024-11-12 17:42:17 - [TEST_STEP][PASSED] - errorMsg = findTestData(dataFile).getValue("ErrorMessage", row): null

2024-11-12 17:42:17 - [TEST_STEP][PASSED] - out.println("Value of Execute is : " + ExecuteTC): null

2024-11-12 17:42:17 - [TEST_STEP][PASSED] - if (ExecuteTC.equalsIgnoreCase("Y")): null

2024-11-12 17:42:17 - [TEST_STEP][PASSED] - out.println("Begin Record Number: " + row): null

2024-11-12 17:42:17 - [TEST_STEP][PASSED] - today = new java.util.Date(): null

2024-11-12 17:42:17 - [TEST_STEP][PASSED] - println(today): null

2024-11-12 17:42:17 - [TEST_STEP][PASSED] - datText = today: null

2024-11-12 17:42:17 - [TEST_STEP][PASSED] - Taxtype = findTestData(dataFile).getValue("TaxType", row): null

2024-11-12 17:42:18 - [TEST_STEP][PASSED] - out.println("Taxtype value is : " + Taxtype): null

2024-11-12 17:42:18 - [TEST_STEP][PASSED] - openBrowser(""): Browser is opened with url: ''

2024-11-12 17:42:18 - [MESSAGE][WARNING] - A browser is already opened. Closing browser and opening a new one

2024-11-12 17:42:21 - [MESSAGE][INFO] - Starting 'Chrome' driver

2024-11-12 17:42:21 - [MESSAGE][INFO] - User set preference: ['acceptInsecureCerts', 'true']

2024-11-12 17:42:21 - [MESSAGE][INFO] - Action delay is set to 0 milliseconds

2024-11-12 17:42:23 - [MESSAGE][PASSED] - Browser is opened with url: ''

2024-11-12 17:42:23 - [TEST_STEP][PASSED] - maximizeWindow(): Current window maximized

2024-11-12 17:42:23 - [MESSAGE][PASSED] - Current window maximized

2024-11-12 17:42:23 - [TEST_STEP][PASSED] - navigateToUrl(RADurl): Navigate to 'https://www.velocitypayment.com/client/rad/index.html' successfully

2024-11-12 17:42:25 - [MESSAGE][PASSED] - Navigate to 'https://www.velocitypayment.com/client/rad/index.html' successfully

2024-11-12 17:42:25 - [TEST_STEP][PASSED] - orPath_Landing = "Object Repository/RAD_Pages/Landing_Page": null

2024-11-12 17:42:25 - [TEST_STEP][PASSED] - orPath_TaxTypeFilingYear = "Object Repository/RAD_Pages/TaxTypeFilingYear_Page": null

2024-11-12 17:42:25 - [TEST_STEP][PASSED] - orPath_TaxPayer = "Object Repository/RAD_Pages/Taxpayer_Page": null

2024-11-12 17:42:25 - [TEST_STEP][PASSED] - orPath_AddressContact = "Object Repository/RAD_Pages/AddressAndContactInfo_Page": null

2024-11-12 17:42:25 - [TEST_STEP][PASSED] - orPath_FilingStatus = "Object Repository/RAD_Pages/FilingStatus_Page": null

2024-11-12 17:42:25 - [TEST_STEP][PASSED] - orPath_Amount = "Object Repository/RAD_Pages/PaymentAmount_Page": null

2024-11-12 17:42:25 - [TEST_STEP][PASSED] - orPath_TaxInfo = "Object Repository/RAD_Pages/TaxInfo_Page": null

2024-11-12 17:42:25 - [TEST_STEP][PASSED] - orPath_Withholding = "Object Repository/RAD_Pages/Withholding_Page": null

2024-11-12 17:42:25 - [TEST_STEP][PASSED] - orPath_Summary = "Object Repository/RAD_Pages/Summary_Page": null

2024-11-12 17:42:25 - [TEST_STEP][PASSED] - orPath_PaymentReady = "Object Repository/RAD_Pages/PaymentReady_Page": null

2024-11-12 17:42:25 - [TEST_STEP][PASSED] - orPath_PaymentEntry = "Object Repository/RAD_Pages/PaymentEntry_Page": null

2024-11-12 17:42:25 - [TEST_STEP][PASSED] - orPath_PaymentConfirmation = "Object Repository/RAD_Pages/PaymentConfirmation_Page": null

2024-11-12 17:42:25 - [TEST_STEP][PASSED] - orPath_ServiceFeesAccept = "Object Repository/RAD_Pages/ServiceFeeAccept_Page": null

2024-11-12 17:42:25 - [TEST_STEP][PASSED] - selectOptionByLabel(findTestObject(orPath_Landing + "/dd_TaxType"), Taxtype, false): All options with label 'Existing Liability with Notice/Invoice Number' are selected in object 'Object Repository/RAD_Pages/Landing_Page/dd_TaxType' 

2024-11-12 17:42:25 - [MESSAGE][PASSED] - All options with label 'Existing Liability with Notice/Invoice Number' are selected in object 'Object Repository/RAD_Pages/Landing_Page/dd_TaxType' 

2024-11-12 17:42:25 - [TEST_STEP][PASSED] - delay(1): Delayed 1 second(s)

2024-11-12 17:42:26 - [MESSAGE][PASSED] - Delayed 1 second(s)

2024-11-12 17:42:26 - [TEST_STEP][PASSED] - selectOptionByLabel(findTestObject(orPath_TaxTypeFilingYear + "/select_TaxType_ExistingLiability"), TaxTypeEL, false): All options with label 'Bay Restoration Fee' are selected in object 'Object Repository/RAD_Pages/TaxTypeFilingYear_Page/select_TaxType_ExistingLiability' 

2024-11-12 17:42:27 - [MESSAGE][PASSED] - All options with label 'Bay Restoration Fee' are selected in object 'Object Repository/RAD_Pages/TaxTypeFilingYear_Page/select_TaxType_ExistingLiability' 

2024-11-12 17:42:27 - [TEST_STEP][PASSED] - setText(findTestObject(orPath_TaxInfo + "/input_NoticeInvoiceNumber"), notInvNumber): Text '123456789' is set on object 'Object Repository/RAD_Pages/TaxInfo_Page/input_NoticeInvoiceNumber'

2024-11-12 17:42:28 - [MESSAGE][PASSED] - Text '123456789' is set on object 'Object Repository/RAD_Pages/TaxInfo_Page/input_NoticeInvoiceNumber'

2024-11-12 17:42:28 - [TEST_STEP][PASSED] - setText(findTestObject(orPath_TaxInfo + "/input_reTypeNoticeInvoiceNumber"), notInvNumber): Text '123456789' is set on object 'Object Repository/RAD_Pages/TaxInfo_Page/input_reTypeNoticeInvoiceNumber'

2024-11-12 17:42:29 - [MESSAGE][PASSED] - Text '123456789' is set on object 'Object Repository/RAD_Pages/TaxInfo_Page/input_reTypeNoticeInvoiceNumber'

2024-11-12 17:42:29 - [TEST_STEP][PASSED] - println(notInvNumber): null

2024-11-12 17:42:29 - [TEST_STEP][PASSED] - if (verifyTextPresent(errorMsg, true)): null

2024-11-12 17:42:29 - [MESSAGE][PASSED] - Text 'Notice Number or Invoice Number must be 10, 11, or 13 digits in length, with a value greater than zero' is present on page  using regular expression

2024-11-12 17:42:29 - [TEST_STEP][PASSED] - println("Error Message is present on the page"): null

2024-11-12 17:42:29 - [TEST_STEP][PASSED] - out.println("Pass Record Number: " + row): null

2024-11-12 17:42:29 - [TEST_STEP][PASSED] - resText = "Pass": null

2024-11-12 17:42:29 - [TEST_STEP][PASSED] - pages.WriteExcel.demoKey(resText, datText, resColumn, datCloumn, fileLoc, nameSheet, row): pages.WriteExcel.demoKey is PASSED

2024-11-12 17:42:29 - [MESSAGE][PASSED] - pages.WriteExcel.demoKey is PASSED

2024-11-12 17:42:29 - [TEST_STEP][PASSED] - ExecuteTC = findTestData(dataFile).getValue("Execute", row): null

2024-11-12 17:42:29 - [TEST_STEP][PASSED] - Taxtype = findTestData(dataFile).getValue("TaxType", row): null

2024-11-12 17:42:30 - [TEST_STEP][PASSED] - TaxTypeEL = findTestData(dataFile).getValue("TaxTypeEL", row): null

2024-11-12 17:42:30 - [TEST_STEP][PASSED] - notInvNumber = findTestData(dataFile).getValue("NotiInvoNumber", row): null

2024-11-12 17:42:30 - [TEST_STEP][PASSED] - errorMsg = findTestData(dataFile).getValue("ErrorMessage", row): null

2024-11-12 17:42:30 - [TEST_STEP][PASSED] - out.println("Value of Execute is : " + ExecuteTC): null

2024-11-12 17:42:30 - [TEST_STEP][PASSED] - if (ExecuteTC.equalsIgnoreCase("Y")): null

2024-11-12 17:42:30 - [TEST_STEP][PASSED] - out.println("Begin Record Number: " + row): null

2024-11-12 17:42:30 - [TEST_STEP][PASSED] - today = new java.util.Date(): null

2024-11-12 17:42:30 - [TEST_STEP][PASSED] - println(today): null

2024-11-12 17:42:30 - [TEST_STEP][PASSED] - datText = today: null

2024-11-12 17:42:30 - [TEST_STEP][PASSED] - Taxtype = findTestData(dataFile).getValue("TaxType", row): null

2024-11-12 17:42:30 - [TEST_STEP][PASSED] - out.println("Taxtype value is : " + Taxtype): null

2024-11-12 17:42:30 - [TEST_STEP][PASSED] - openBrowser(""): Browser is opened with url: ''

2024-11-12 17:42:30 - [MESSAGE][WARNING] - A browser is already opened. Closing browser and opening a new one

2024-11-12 17:42:31 - [MESSAGE][INFO] - Starting 'Chrome' driver

2024-11-12 17:42:31 - [MESSAGE][INFO] - User set preference: ['acceptInsecureCerts', 'true']

2024-11-12 17:42:31 - [MESSAGE][INFO] - Action delay is set to 0 milliseconds

2024-11-12 17:42:32 - [MESSAGE][PASSED] - Browser is opened with url: ''

2024-11-12 17:42:32 - [TEST_STEP][PASSED] - maximizeWindow(): Current window maximized

2024-11-12 17:42:33 - [MESSAGE][PASSED] - Current window maximized

2024-11-12 17:42:33 - [TEST_STEP][PASSED] - navigateToUrl(RADurl): Navigate to 'https://www.velocitypayment.com/client/rad/index.html' successfully

2024-11-12 17:42:34 - [MESSAGE][PASSED] - Navigate to 'https://www.velocitypayment.com/client/rad/index.html' successfully

2024-11-12 17:42:34 - [TEST_STEP][PASSED] - orPath_Landing = "Object Repository/RAD_Pages/Landing_Page": null

2024-11-12 17:42:34 - [TEST_STEP][PASSED] - orPath_TaxTypeFilingYear = "Object Repository/RAD_Pages/TaxTypeFilingYear_Page": null

2024-11-12 17:42:34 - [TEST_STEP][PASSED] - orPath_TaxPayer = "Object Repository/RAD_Pages/Taxpayer_Page": null

2024-11-12 17:42:34 - [TEST_STEP][PASSED] - orPath_AddressContact = "Object Repository/RAD_Pages/AddressAndContactInfo_Page": null

2024-11-12 17:42:34 - [TEST_STEP][PASSED] - orPath_FilingStatus = "Object Repository/RAD_Pages/FilingStatus_Page": null

2024-11-12 17:42:34 - [TEST_STEP][PASSED] - orPath_Amount = "Object Repository/RAD_Pages/PaymentAmount_Page": null

2024-11-12 17:42:34 - [TEST_STEP][PASSED] - orPath_TaxInfo = "Object Repository/RAD_Pages/TaxInfo_Page": null

2024-11-12 17:42:34 - [TEST_STEP][PASSED] - orPath_Withholding = "Object Repository/RAD_Pages/Withholding_Page": null

2024-11-12 17:42:34 - [TEST_STEP][PASSED] - orPath_Summary = "Object Repository/RAD_Pages/Summary_Page": null

2024-11-12 17:42:34 - [TEST_STEP][PASSED] - orPath_PaymentReady = "Object Repository/RAD_Pages/PaymentReady_Page": null

2024-11-12 17:42:34 - [TEST_STEP][PASSED] - orPath_PaymentEntry = "Object Repository/RAD_Pages/PaymentEntry_Page": null

2024-11-12 17:42:34 - [TEST_STEP][PASSED] - orPath_PaymentConfirmation = "Object Repository/RAD_Pages/PaymentConfirmation_Page": null

2024-11-12 17:42:34 - [TEST_STEP][PASSED] - orPath_ServiceFeesAccept = "Object Repository/RAD_Pages/ServiceFeeAccept_Page": null

2024-11-12 17:42:34 - [TEST_STEP][PASSED] - selectOptionByLabel(findTestObject(orPath_Landing + "/dd_TaxType"), Taxtype, false): All options with label 'Existing Liability with Notice/Invoice Number' are selected in object 'Object Repository/RAD_Pages/Landing_Page/dd_TaxType' 

2024-11-12 17:42:35 - [MESSAGE][PASSED] - All options with label 'Existing Liability with Notice/Invoice Number' are selected in object 'Object Repository/RAD_Pages/Landing_Page/dd_TaxType' 

2024-11-12 17:42:35 - [TEST_STEP][PASSED] - delay(1): Delayed 1 second(s)

2024-11-12 17:42:36 - [MESSAGE][PASSED] - Delayed 1 second(s)

2024-11-12 17:42:36 - [TEST_STEP][PASSED] - selectOptionByLabel(findTestObject(orPath_TaxTypeFilingYear + "/select_TaxType_ExistingLiability"), TaxTypeEL, false): All options with label 'Bay Restoration Fee' are selected in object 'Object Repository/RAD_Pages/TaxTypeFilingYear_Page/select_TaxType_ExistingLiability' 

2024-11-12 17:42:36 - [MESSAGE][PASSED] - All options with label 'Bay Restoration Fee' are selected in object 'Object Repository/RAD_Pages/TaxTypeFilingYear_Page/select_TaxType_ExistingLiability' 

2024-11-12 17:42:36 - [TEST_STEP][PASSED] - setText(findTestObject(orPath_TaxInfo + "/input_NoticeInvoiceNumber"), notInvNumber): Text '123456789012' is set on object 'Object Repository/RAD_Pages/TaxInfo_Page/input_NoticeInvoiceNumber'

2024-11-12 17:42:37 - [MESSAGE][PASSED] - Text '123456789012' is set on object 'Object Repository/RAD_Pages/TaxInfo_Page/input_NoticeInvoiceNumber'

2024-11-12 17:42:37 - [TEST_STEP][PASSED] - setText(findTestObject(orPath_TaxInfo + "/input_reTypeNoticeInvoiceNumber"), notInvNumber): Text '123456789012' is set on object 'Object Repository/RAD_Pages/TaxInfo_Page/input_reTypeNoticeInvoiceNumber'

2024-11-12 17:42:38 - [MESSAGE][PASSED] - Text '123456789012' is set on object 'Object Repository/RAD_Pages/TaxInfo_Page/input_reTypeNoticeInvoiceNumber'

2024-11-12 17:42:38 - [TEST_STEP][PASSED] - println(notInvNumber): null

2024-11-12 17:42:38 - [TEST_STEP][PASSED] - if (verifyTextPresent(errorMsg, true)): null

2024-11-12 17:42:38 - [MESSAGE][PASSED] - Text 'Notice Number or Invoice Number must be 10, 11, or 13 digits in length, with a value greater than zero' is present on page  using regular expression

2024-11-12 17:42:38 - [TEST_STEP][PASSED] - println("Error Message is present on the page"): null

2024-11-12 17:42:38 - [TEST_STEP][PASSED] - out.println("Pass Record Number: " + row): null

2024-11-12 17:42:38 - [TEST_STEP][PASSED] - resText = "Pass": null

2024-11-12 17:42:38 - [TEST_STEP][PASSED] - pages.WriteExcel.demoKey(resText, datText, resColumn, datCloumn, fileLoc, nameSheet, row): pages.WriteExcel.demoKey is PASSED

2024-11-12 17:42:38 - [MESSAGE][PASSED] - pages.WriteExcel.demoKey is PASSED

2024-11-12 17:42:38 - [TEST_STEP][PASSED] - ExecuteTC = findTestData(dataFile).getValue("Execute", row): null

2024-11-12 17:42:39 - [TEST_STEP][PASSED] - Taxtype = findTestData(dataFile).getValue("TaxType", row): null

2024-11-12 17:42:39 - [TEST_STEP][PASSED] - TaxTypeEL = findTestData(dataFile).getValue("TaxTypeEL", row): null

2024-11-12 17:42:39 - [TEST_STEP][PASSED] - notInvNumber = findTestData(dataFile).getValue("NotiInvoNumber", row): null

2024-11-12 17:42:39 - [TEST_STEP][PASSED] - errorMsg = findTestData(dataFile).getValue("ErrorMessage", row): null

2024-11-12 17:42:39 - [TEST_STEP][PASSED] - out.println("Value of Execute is : " + ExecuteTC): null

2024-11-12 17:42:39 - [TEST_STEP][PASSED] - if (ExecuteTC.equalsIgnoreCase("Y")): null

2024-11-12 17:42:39 - [TEST_STEP][PASSED] - out.println("Begin Record Number: " + row): null

2024-11-12 17:42:39 - [TEST_STEP][PASSED] - today = new java.util.Date(): null

2024-11-12 17:42:39 - [TEST_STEP][PASSED] - println(today): null

2024-11-12 17:42:39 - [TEST_STEP][PASSED] - datText = today: null

2024-11-12 17:42:39 - [TEST_STEP][PASSED] - Taxtype = findTestData(dataFile).getValue("TaxType", row): null

2024-11-12 17:42:39 - [TEST_STEP][PASSED] - out.println("Taxtype value is : " + Taxtype): null

2024-11-12 17:42:39 - [TEST_STEP][PASSED] - openBrowser(""): Browser is opened with url: ''

2024-11-12 17:42:39 - [MESSAGE][WARNING] - A browser is already opened. Closing browser and opening a new one

2024-11-12 17:42:40 - [MESSAGE][INFO] - Starting 'Chrome' driver

2024-11-12 17:42:40 - [MESSAGE][INFO] - User set preference: ['acceptInsecureCerts', 'true']

2024-11-12 17:42:40 - [MESSAGE][INFO] - Action delay is set to 0 milliseconds

2024-11-12 17:42:42 - [MESSAGE][PASSED] - Browser is opened with url: ''

2024-11-12 17:42:42 - [TEST_STEP][PASSED] - maximizeWindow(): Current window maximized

2024-11-12 17:42:42 - [MESSAGE][PASSED] - Current window maximized

2024-11-12 17:42:42 - [TEST_STEP][PASSED] - navigateToUrl(RADurl): Navigate to 'https://www.velocitypayment.com/client/rad/index.html' successfully

2024-11-12 17:42:43 - [MESSAGE][PASSED] - Navigate to 'https://www.velocitypayment.com/client/rad/index.html' successfully

2024-11-12 17:42:43 - [TEST_STEP][PASSED] - orPath_Landing = "Object Repository/RAD_Pages/Landing_Page": null

2024-11-12 17:42:43 - [TEST_STEP][PASSED] - orPath_TaxTypeFilingYear = "Object Repository/RAD_Pages/TaxTypeFilingYear_Page": null

2024-11-12 17:42:43 - [TEST_STEP][PASSED] - orPath_TaxPayer = "Object Repository/RAD_Pages/Taxpayer_Page": null

2024-11-12 17:42:43 - [TEST_STEP][PASSED] - orPath_AddressContact = "Object Repository/RAD_Pages/AddressAndContactInfo_Page": null

2024-11-12 17:42:43 - [TEST_STEP][PASSED] - orPath_FilingStatus = "Object Repository/RAD_Pages/FilingStatus_Page": null

2024-11-12 17:42:43 - [TEST_STEP][PASSED] - orPath_Amount = "Object Repository/RAD_Pages/PaymentAmount_Page": null

2024-11-12 17:42:43 - [TEST_STEP][PASSED] - orPath_TaxInfo = "Object Repository/RAD_Pages/TaxInfo_Page": null

2024-11-12 17:42:43 - [TEST_STEP][PASSED] - orPath_Withholding = "Object Repository/RAD_Pages/Withholding_Page": null

2024-11-12 17:42:43 - [TEST_STEP][PASSED] - orPath_Summary = "Object Repository/RAD_Pages/Summary_Page": null

2024-11-12 17:42:43 - [TEST_STEP][PASSED] - orPath_PaymentReady = "Object Repository/RAD_Pages/PaymentReady_Page": null

2024-11-12 17:42:43 - [TEST_STEP][PASSED] - orPath_PaymentEntry = "Object Repository/RAD_Pages/PaymentEntry_Page": null

2024-11-12 17:42:43 - [TEST_STEP][PASSED] - orPath_PaymentConfirmation = "Object Repository/RAD_Pages/PaymentConfirmation_Page": null

2024-11-12 17:42:43 - [TEST_STEP][PASSED] - orPath_ServiceFeesAccept = "Object Repository/RAD_Pages/ServiceFeeAccept_Page": null

2024-11-12 17:42:43 - [TEST_STEP][PASSED] - selectOptionByLabel(findTestObject(orPath_Landing + "/dd_TaxType"), Taxtype, false): All options with label 'Existing Liability with Notice/Invoice Number' are selected in object 'Object Repository/RAD_Pages/Landing_Page/dd_TaxType' 

2024-11-12 17:42:44 - [MESSAGE][PASSED] - All options with label 'Existing Liability with Notice/Invoice Number' are selected in object 'Object Repository/RAD_Pages/Landing_Page/dd_TaxType' 

2024-11-12 17:42:44 - [TEST_STEP][PASSED] - delay(1): Delayed 1 second(s)

2024-11-12 17:42:45 - [MESSAGE][PASSED] - Delayed 1 second(s)

2024-11-12 17:42:45 - [TEST_STEP][PASSED] - selectOptionByLabel(findTestObject(orPath_TaxTypeFilingYear + "/select_TaxType_ExistingLiability"), TaxTypeEL, false): All options with label 'Bay Restoration Fee' are selected in object 'Object Repository/RAD_Pages/TaxTypeFilingYear_Page/select_TaxType_ExistingLiability' 

2024-11-12 17:42:46 - [MESSAGE][PASSED] - All options with label 'Bay Restoration Fee' are selected in object 'Object Repository/RAD_Pages/TaxTypeFilingYear_Page/select_TaxType_ExistingLiability' 

2024-11-12 17:42:46 - [TEST_STEP][PASSED] - setText(findTestObject(orPath_TaxInfo + "/input_NoticeInvoiceNumber"), notInvNumber): Text '0000000000' is set on object 'Object Repository/RAD_Pages/TaxInfo_Page/input_NoticeInvoiceNumber'

2024-11-12 17:42:47 - [MESSAGE][PASSED] - Text '0000000000' is set on object 'Object Repository/RAD_Pages/TaxInfo_Page/input_NoticeInvoiceNumber'

2024-11-12 17:42:47 - [TEST_STEP][PASSED] - setText(findTestObject(orPath_TaxInfo + "/input_reTypeNoticeInvoiceNumber"), notInvNumber): Text '0000000000' is set on object 'Object Repository/RAD_Pages/TaxInfo_Page/input_reTypeNoticeInvoiceNumber'

2024-11-12 17:42:48 - [MESSAGE][PASSED] - Text '0000000000' is set on object 'Object Repository/RAD_Pages/TaxInfo_Page/input_reTypeNoticeInvoiceNumber'

2024-11-12 17:42:48 - [TEST_STEP][PASSED] - println(notInvNumber): null

2024-11-12 17:42:48 - [TEST_STEP][PASSED] - if (verifyTextPresent(errorMsg, true)): null

2024-11-12 17:42:48 - [MESSAGE][PASSED] - Text 'Notice Number or Invoice Number must be 10, 11, or 13 digits in length, with a value greater than zero' is present on page  using regular expression

2024-11-12 17:42:48 - [TEST_STEP][PASSED] - println("Error Message is present on the page"): null

2024-11-12 17:42:48 - [TEST_STEP][PASSED] - out.println("Pass Record Number: " + row): null

2024-11-12 17:42:48 - [TEST_STEP][PASSED] - resText = "Pass": null

2024-11-12 17:42:48 - [TEST_STEP][PASSED] - pages.WriteExcel.demoKey(resText, datText, resColumn, datCloumn, fileLoc, nameSheet, row): pages.WriteExcel.demoKey is PASSED

2024-11-12 17:42:48 - [MESSAGE][PASSED] - pages.WriteExcel.demoKey is PASSED

2024-11-12 17:42:48 - [TEST_STEP][PASSED] - ExecuteTC = findTestData(dataFile).getValue("Execute", row): null

2024-11-12 17:42:48 - [TEST_STEP][PASSED] - Taxtype = findTestData(dataFile).getValue("TaxType", row): null

2024-11-12 17:42:48 - [TEST_STEP][PASSED] - TaxTypeEL = findTestData(dataFile).getValue("TaxTypeEL", row): null

2024-11-12 17:42:48 - [TEST_STEP][PASSED] - notInvNumber = findTestData(dataFile).getValue("NotiInvoNumber", row): null

2024-11-12 17:42:48 - [TEST_STEP][PASSED] - errorMsg = findTestData(dataFile).getValue("ErrorMessage", row): null

2024-11-12 17:42:48 - [TEST_STEP][PASSED] - out.println("Value of Execute is : " + ExecuteTC): null

2024-11-12 17:42:48 - [TEST_STEP][PASSED] - if (ExecuteTC.equalsIgnoreCase("Y")): null

2024-11-12 17:42:48 - [TEST_STEP][PASSED] - out.println("Begin Record Number: " + row): null

2024-11-12 17:42:48 - [TEST_STEP][PASSED] - today = new java.util.Date(): null

2024-11-12 17:42:48 - [TEST_STEP][PASSED] - println(today): null

2024-11-12 17:42:48 - [TEST_STEP][PASSED] - datText = today: null

2024-11-12 17:42:48 - [TEST_STEP][PASSED] - Taxtype = findTestData(dataFile).getValue("TaxType", row): null

2024-11-12 17:42:48 - [TEST_STEP][PASSED] - out.println("Taxtype value is : " + Taxtype): null

2024-11-12 17:42:48 - [TEST_STEP][PASSED] - openBrowser(""): Browser is opened with url: ''

2024-11-12 17:42:48 - [MESSAGE][WARNING] - A browser is already opened. Closing browser and opening a new one

2024-11-12 17:42:50 - [MESSAGE][INFO] - Starting 'Chrome' driver

2024-11-12 17:42:50 - [MESSAGE][INFO] - User set preference: ['acceptInsecureCerts', 'true']

2024-11-12 17:42:50 - [MESSAGE][INFO] - Action delay is set to 0 milliseconds

2024-11-12 17:42:51 - [MESSAGE][PASSED] - Browser is opened with url: ''

2024-11-12 17:42:51 - [TEST_STEP][PASSED] - maximizeWindow(): Current window maximized

2024-11-12 17:42:51 - [MESSAGE][PASSED] - Current window maximized

2024-11-12 17:42:51 - [TEST_STEP][PASSED] - navigateToUrl(RADurl): Navigate to 'https://www.velocitypayment.com/client/rad/index.html' successfully

2024-11-12 17:42:53 - [MESSAGE][PASSED] - Navigate to 'https://www.velocitypayment.com/client/rad/index.html' successfully

2024-11-12 17:42:53 - [TEST_STEP][PASSED] - orPath_Landing = "Object Repository/RAD_Pages/Landing_Page": null

2024-11-12 17:42:53 - [TEST_STEP][PASSED] - orPath_TaxTypeFilingYear = "Object Repository/RAD_Pages/TaxTypeFilingYear_Page": null

2024-11-12 17:42:53 - [TEST_STEP][PASSED] - orPath_TaxPayer = "Object Repository/RAD_Pages/Taxpayer_Page": null

2024-11-12 17:42:53 - [TEST_STEP][PASSED] - orPath_AddressContact = "Object Repository/RAD_Pages/AddressAndContactInfo_Page": null

2024-11-12 17:42:53 - [TEST_STEP][PASSED] - orPath_FilingStatus = "Object Repository/RAD_Pages/FilingStatus_Page": null

2024-11-12 17:42:53 - [TEST_STEP][PASSED] - orPath_Amount = "Object Repository/RAD_Pages/PaymentAmount_Page": null

2024-11-12 17:42:53 - [TEST_STEP][PASSED] - orPath_TaxInfo = "Object Repository/RAD_Pages/TaxInfo_Page": null

2024-11-12 17:42:53 - [TEST_STEP][PASSED] - orPath_Withholding = "Object Repository/RAD_Pages/Withholding_Page": null

2024-11-12 17:42:53 - [TEST_STEP][PASSED] - orPath_Summary = "Object Repository/RAD_Pages/Summary_Page": null

2024-11-12 17:42:53 - [TEST_STEP][PASSED] - orPath_PaymentReady = "Object Repository/RAD_Pages/PaymentReady_Page": null

2024-11-12 17:42:53 - [TEST_STEP][PASSED] - orPath_PaymentEntry = "Object Repository/RAD_Pages/PaymentEntry_Page": null

2024-11-12 17:42:53 - [TEST_STEP][PASSED] - orPath_PaymentConfirmation = "Object Repository/RAD_Pages/PaymentConfirmation_Page": null

2024-11-12 17:42:53 - [TEST_STEP][PASSED] - orPath_ServiceFeesAccept = "Object Repository/RAD_Pages/ServiceFeeAccept_Page": null

2024-11-12 17:42:53 - [TEST_STEP][PASSED] - selectOptionByLabel(findTestObject(orPath_Landing + "/dd_TaxType"), Taxtype, false): All options with label 'Existing Liability with Notice/Invoice Number' are selected in object 'Object Repository/RAD_Pages/Landing_Page/dd_TaxType' 

2024-11-12 17:42:54 - [MESSAGE][PASSED] - All options with label 'Existing Liability with Notice/Invoice Number' are selected in object 'Object Repository/RAD_Pages/Landing_Page/dd_TaxType' 

2024-11-12 17:42:54 - [TEST_STEP][PASSED] - delay(1): Delayed 1 second(s)

2024-11-12 17:42:55 - [MESSAGE][PASSED] - Delayed 1 second(s)

2024-11-12 17:42:55 - [TEST_STEP][PASSED] - selectOptionByLabel(findTestObject(orPath_TaxTypeFilingYear + "/select_TaxType_ExistingLiability"), TaxTypeEL, false): All options with label 'Corporate Income Tax' are selected in object 'Object Repository/RAD_Pages/TaxTypeFilingYear_Page/select_TaxType_ExistingLiability' 

2024-11-12 17:42:55 - [MESSAGE][PASSED] - All options with label 'Corporate Income Tax' are selected in object 'Object Repository/RAD_Pages/TaxTypeFilingYear_Page/select_TaxType_ExistingLiability' 

2024-11-12 17:42:55 - [TEST_STEP][PASSED] - setText(findTestObject(orPath_TaxInfo + "/input_NoticeInvoiceNumber"), notInvNumber): Text '123456789' is set on object 'Object Repository/RAD_Pages/TaxInfo_Page/input_NoticeInvoiceNumber'

2024-11-12 17:42:56 - [MESSAGE][PASSED] - Text '123456789' is set on object 'Object Repository/RAD_Pages/TaxInfo_Page/input_NoticeInvoiceNumber'

2024-11-12 17:42:56 - [TEST_STEP][PASSED] - setText(findTestObject(orPath_TaxInfo + "/input_reTypeNoticeInvoiceNumber"), notInvNumber): Text '123456789' is set on object 'Object Repository/RAD_Pages/TaxInfo_Page/input_reTypeNoticeInvoiceNumber'

2024-11-12 17:42:57 - [MESSAGE][PASSED] - Text '123456789' is set on object 'Object Repository/RAD_Pages/TaxInfo_Page/input_reTypeNoticeInvoiceNumber'

2024-11-12 17:42:57 - [TEST_STEP][PASSED] - println(notInvNumber): null

2024-11-12 17:42:57 - [TEST_STEP][PASSED] - if (verifyTextPresent(errorMsg, true)): null

2024-11-12 17:42:57 - [MESSAGE][PASSED] - Text 'Notice Number or Invoice Number must be 10, 11, or 13 digits in length, with a value greater than zero' is present on page  using regular expression

2024-11-12 17:42:57 - [TEST_STEP][PASSED] - println("Error Message is present on the page"): null

2024-11-12 17:42:57 - [TEST_STEP][PASSED] - out.println("Pass Record Number: " + row): null

2024-11-12 17:42:57 - [TEST_STEP][PASSED] - resText = "Pass": null

2024-11-12 17:42:57 - [TEST_STEP][PASSED] - pages.WriteExcel.demoKey(resText, datText, resColumn, datCloumn, fileLoc, nameSheet, row): pages.WriteExcel.demoKey is PASSED

2024-11-12 17:42:57 - [MESSAGE][PASSED] - pages.WriteExcel.demoKey is PASSED

2024-11-12 17:42:57 - [TEST_STEP][PASSED] - ExecuteTC = findTestData(dataFile).getValue("Execute", row): null

2024-11-12 17:42:58 - [TEST_STEP][PASSED] - Taxtype = findTestData(dataFile).getValue("TaxType", row): null

2024-11-12 17:42:58 - [TEST_STEP][PASSED] - TaxTypeEL = findTestData(dataFile).getValue("TaxTypeEL", row): null

2024-11-12 17:42:58 - [TEST_STEP][PASSED] - notInvNumber = findTestData(dataFile).getValue("NotiInvoNumber", row): null

2024-11-12 17:42:58 - [TEST_STEP][PASSED] - errorMsg = findTestData(dataFile).getValue("ErrorMessage", row): null

2024-11-12 17:42:58 - [TEST_STEP][PASSED] - out.println("Value of Execute is : " + ExecuteTC): null

2024-11-12 17:42:58 - [TEST_STEP][PASSED] - if (ExecuteTC.equalsIgnoreCase("Y")): null

2024-11-12 17:42:58 - [TEST_STEP][PASSED] - out.println("Begin Record Number: " + row): null

2024-11-12 17:42:58 - [TEST_STEP][PASSED] - today = new java.util.Date(): null

2024-11-12 17:42:58 - [TEST_STEP][PASSED] - println(today): null

2024-11-12 17:42:58 - [TEST_STEP][PASSED] - datText = today: null

2024-11-12 17:42:58 - [TEST_STEP][PASSED] - Taxtype = findTestData(dataFile).getValue("TaxType", row): null

2024-11-12 17:42:58 - [TEST_STEP][PASSED] - out.println("Taxtype value is : " + Taxtype): null

2024-11-12 17:42:58 - [TEST_STEP][PASSED] - openBrowser(""): Browser is opened with url: ''

2024-11-12 17:42:58 - [MESSAGE][WARNING] - A browser is already opened. Closing browser and opening a new one

2024-11-12 17:42:59 - [MESSAGE][INFO] - Starting 'Chrome' driver

2024-11-12 17:42:59 - [MESSAGE][INFO] - User set preference: ['acceptInsecureCerts', 'true']

2024-11-12 17:42:59 - [MESSAGE][INFO] - Action delay is set to 0 milliseconds

2024-11-12 17:43:01 - [MESSAGE][PASSED] - Browser is opened with url: ''

2024-11-12 17:43:01 - [TEST_STEP][PASSED] - maximizeWindow(): Current window maximized

2024-11-12 17:43:01 - [MESSAGE][PASSED] - Current window maximized

2024-11-12 17:43:01 - [TEST_STEP][PASSED] - navigateToUrl(RADurl): Navigate to 'https://www.velocitypayment.com/client/rad/index.html' successfully

2024-11-12 17:43:02 - [MESSAGE][PASSED] - Navigate to 'https://www.velocitypayment.com/client/rad/index.html' successfully

2024-11-12 17:43:02 - [TEST_STEP][PASSED] - orPath_Landing = "Object Repository/RAD_Pages/Landing_Page": null

2024-11-12 17:43:02 - [TEST_STEP][PASSED] - orPath_TaxTypeFilingYear = "Object Repository/RAD_Pages/TaxTypeFilingYear_Page": null

2024-11-12 17:43:02 - [TEST_STEP][PASSED] - orPath_TaxPayer = "Object Repository/RAD_Pages/Taxpayer_Page": null

2024-11-12 17:43:02 - [TEST_STEP][PASSED] - orPath_AddressContact = "Object Repository/RAD_Pages/AddressAndContactInfo_Page": null

2024-11-12 17:43:02 - [TEST_STEP][PASSED] - orPath_FilingStatus = "Object Repository/RAD_Pages/FilingStatus_Page": null

2024-11-12 17:43:02 - [TEST_STEP][PASSED] - orPath_Amount = "Object Repository/RAD_Pages/PaymentAmount_Page": null

2024-11-12 17:43:02 - [TEST_STEP][PASSED] - orPath_TaxInfo = "Object Repository/RAD_Pages/TaxInfo_Page": null

2024-11-12 17:43:02 - [TEST_STEP][PASSED] - orPath_Withholding = "Object Repository/RAD_Pages/Withholding_Page": null

2024-11-12 17:43:02 - [TEST_STEP][PASSED] - orPath_Summary = "Object Repository/RAD_Pages/Summary_Page": null

2024-11-12 17:43:02 - [TEST_STEP][PASSED] - orPath_PaymentReady = "Object Repository/RAD_Pages/PaymentReady_Page": null

2024-11-12 17:43:02 - [TEST_STEP][PASSED] - orPath_PaymentEntry = "Object Repository/RAD_Pages/PaymentEntry_Page": null

2024-11-12 17:43:02 - [TEST_STEP][PASSED] - orPath_PaymentConfirmation = "Object Repository/RAD_Pages/PaymentConfirmation_Page": null

2024-11-12 17:43:02 - [TEST_STEP][PASSED] - orPath_ServiceFeesAccept = "Object Repository/RAD_Pages/ServiceFeeAccept_Page": null

2024-11-12 17:43:02 - [TEST_STEP][PASSED] - selectOptionByLabel(findTestObject(orPath_Landing + "/dd_TaxType"), Taxtype, false): All options with label 'Existing Liability with Notice/Invoice Number' are selected in object 'Object Repository/RAD_Pages/Landing_Page/dd_TaxType' 

2024-11-12 17:43:03 - [MESSAGE][PASSED] - All options with label 'Existing Liability with Notice/Invoice Number' are selected in object 'Object Repository/RAD_Pages/Landing_Page/dd_TaxType' 

2024-11-12 17:43:03 - [TEST_STEP][PASSED] - delay(1): Delayed 1 second(s)

2024-11-12 17:43:04 - [MESSAGE][PASSED] - Delayed 1 second(s)

2024-11-12 17:43:04 - [TEST_STEP][PASSED] - selectOptionByLabel(findTestObject(orPath_TaxTypeFilingYear + "/select_TaxType_ExistingLiability"), TaxTypeEL, false): All options with label 'Corporate Income Tax' are selected in object 'Object Repository/RAD_Pages/TaxTypeFilingYear_Page/select_TaxType_ExistingLiability' 

2024-11-12 17:43:05 - [MESSAGE][PASSED] - All options with label 'Corporate Income Tax' are selected in object 'Object Repository/RAD_Pages/TaxTypeFilingYear_Page/select_TaxType_ExistingLiability' 

2024-11-12 17:43:05 - [TEST_STEP][PASSED] - setText(findTestObject(orPath_TaxInfo + "/input_NoticeInvoiceNumber"), notInvNumber): Text '123456789012' is set on object 'Object Repository/RAD_Pages/TaxInfo_Page/input_NoticeInvoiceNumber'

2024-11-12 17:43:05 - [MESSAGE][PASSED] - Text '123456789012' is set on object 'Object Repository/RAD_Pages/TaxInfo_Page/input_NoticeInvoiceNumber'

2024-11-12 17:43:05 - [TEST_STEP][PASSED] - setText(findTestObject(orPath_TaxInfo + "/input_reTypeNoticeInvoiceNumber"), notInvNumber): Text '123456789012' is set on object 'Object Repository/RAD_Pages/TaxInfo_Page/input_reTypeNoticeInvoiceNumber'

2024-11-12 17:43:06 - [MESSAGE][PASSED] - Text '123456789012' is set on object 'Object Repository/RAD_Pages/TaxInfo_Page/input_reTypeNoticeInvoiceNumber'

2024-11-12 17:43:06 - [TEST_STEP][PASSED] - println(notInvNumber): null

2024-11-12 17:43:06 - [TEST_STEP][PASSED] - if (verifyTextPresent(errorMsg, true)): null

2024-11-12 17:43:07 - [MESSAGE][PASSED] - Text 'Notice Number or Invoice Number must be 10, 11, or 13 digits in length, with a value greater than zero' is present on page  using regular expression

2024-11-12 17:43:07 - [TEST_STEP][PASSED] - println("Error Message is present on the page"): null

2024-11-12 17:43:07 - [TEST_STEP][PASSED] - out.println("Pass Record Number: " + row): null

2024-11-12 17:43:07 - [TEST_STEP][PASSED] - resText = "Pass": null

2024-11-12 17:43:07 - [TEST_STEP][PASSED] - pages.WriteExcel.demoKey(resText, datText, resColumn, datCloumn, fileLoc, nameSheet, row): pages.WriteExcel.demoKey is PASSED

2024-11-12 17:43:07 - [MESSAGE][PASSED] - pages.WriteExcel.demoKey is PASSED

2024-11-12 17:43:07 - [TEST_STEP][PASSED] - ExecuteTC = findTestData(dataFile).getValue("Execute", row): null

2024-11-12 17:43:07 - [TEST_STEP][PASSED] - Taxtype = findTestData(dataFile).getValue("TaxType", row): null

2024-11-12 17:43:07 - [TEST_STEP][PASSED] - TaxTypeEL = findTestData(dataFile).getValue("TaxTypeEL", row): null

2024-11-12 17:43:07 - [TEST_STEP][PASSED] - notInvNumber = findTestData(dataFile).getValue("NotiInvoNumber", row): null

2024-11-12 17:43:07 - [TEST_STEP][PASSED] - errorMsg = findTestData(dataFile).getValue("ErrorMessage", row): null

2024-11-12 17:43:07 - [TEST_STEP][PASSED] - out.println("Value of Execute is : " + ExecuteTC): null

2024-11-12 17:43:07 - [TEST_STEP][PASSED] - if (ExecuteTC.equalsIgnoreCase("Y")): null

2024-11-12 17:43:07 - [TEST_STEP][PASSED] - out.println("Begin Record Number: " + row): null

2024-11-12 17:43:07 - [TEST_STEP][PASSED] - today = new java.util.Date(): null

2024-11-12 17:43:07 - [TEST_STEP][PASSED] - println(today): null

2024-11-12 17:43:07 - [TEST_STEP][PASSED] - datText = today: null

2024-11-12 17:43:07 - [TEST_STEP][PASSED] - Taxtype = findTestData(dataFile).getValue("TaxType", row): null

2024-11-12 17:43:07 - [TEST_STEP][PASSED] - out.println("Taxtype value is : " + Taxtype): null

2024-11-12 17:43:07 - [TEST_STEP][PASSED] - openBrowser(""): Browser is opened with url: ''

2024-11-12 17:43:07 - [MESSAGE][WARNING] - A browser is already opened. Closing browser and opening a new one

2024-11-12 17:43:08 - [MESSAGE][INFO] - Starting 'Chrome' driver

2024-11-12 17:43:08 - [MESSAGE][INFO] - User set preference: ['acceptInsecureCerts', 'true']

2024-11-12 17:43:08 - [MESSAGE][INFO] - Action delay is set to 0 milliseconds

2024-11-12 17:43:10 - [MESSAGE][PASSED] - Browser is opened with url: ''

2024-11-12 17:43:10 - [TEST_STEP][PASSED] - maximizeWindow(): Current window maximized

2024-11-12 17:43:10 - [MESSAGE][PASSED] - Current window maximized

2024-11-12 17:43:10 - [TEST_STEP][PASSED] - navigateToUrl(RADurl): Navigate to 'https://www.velocitypayment.com/client/rad/index.html' successfully

2024-11-12 17:43:12 - [MESSAGE][PASSED] - Navigate to 'https://www.velocitypayment.com/client/rad/index.html' successfully

2024-11-12 17:43:12 - [TEST_STEP][PASSED] - orPath_Landing = "Object Repository/RAD_Pages/Landing_Page": null

2024-11-12 17:43:12 - [TEST_STEP][PASSED] - orPath_TaxTypeFilingYear = "Object Repository/RAD_Pages/TaxTypeFilingYear_Page": null

2024-11-12 17:43:12 - [TEST_STEP][PASSED] - orPath_TaxPayer = "Object Repository/RAD_Pages/Taxpayer_Page": null

2024-11-12 17:43:12 - [TEST_STEP][PASSED] - orPath_AddressContact = "Object Repository/RAD_Pages/AddressAndContactInfo_Page": null

2024-11-12 17:43:12 - [TEST_STEP][PASSED] - orPath_FilingStatus = "Object Repository/RAD_Pages/FilingStatus_Page": null

2024-11-12 17:43:12 - [TEST_STEP][PASSED] - orPath_Amount = "Object Repository/RAD_Pages/PaymentAmount_Page": null

2024-11-12 17:43:12 - [TEST_STEP][PASSED] - orPath_TaxInfo = "Object Repository/RAD_Pages/TaxInfo_Page": null

2024-11-12 17:43:12 - [TEST_STEP][PASSED] - orPath_Withholding = "Object Repository/RAD_Pages/Withholding_Page": null

2024-11-12 17:43:12 - [TEST_STEP][PASSED] - orPath_Summary = "Object Repository/RAD_Pages/Summary_Page": null

2024-11-12 17:43:12 - [TEST_STEP][PASSED] - orPath_PaymentReady = "Object Repository/RAD_Pages/PaymentReady_Page": null

2024-11-12 17:43:12 - [TEST_STEP][PASSED] - orPath_PaymentEntry = "Object Repository/RAD_Pages/PaymentEntry_Page": null

2024-11-12 17:43:12 - [TEST_STEP][PASSED] - orPath_PaymentConfirmation = "Object Repository/RAD_Pages/PaymentConfirmation_Page": null

2024-11-12 17:43:12 - [TEST_STEP][PASSED] - orPath_ServiceFeesAccept = "Object Repository/RAD_Pages/ServiceFeeAccept_Page": null

2024-11-12 17:43:12 - [TEST_STEP][PASSED] - selectOptionByLabel(findTestObject(orPath_Landing + "/dd_TaxType"), Taxtype, false): All options with label 'Existing Liability with Notice/Invoice Number' are selected in object 'Object Repository/RAD_Pages/Landing_Page/dd_TaxType' 

2024-11-12 17:43:12 - [MESSAGE][PASSED] - All options with label 'Existing Liability with Notice/Invoice Number' are selected in object 'Object Repository/RAD_Pages/Landing_Page/dd_TaxType' 

2024-11-12 17:43:12 - [TEST_STEP][PASSED] - delay(1): Delayed 1 second(s)

2024-11-12 17:43:13 - [MESSAGE][PASSED] - Delayed 1 second(s)

2024-11-12 17:43:13 - [TEST_STEP][PASSED] - selectOptionByLabel(findTestObject(orPath_TaxTypeFilingYear + "/select_TaxType_ExistingLiability"), TaxTypeEL, false): All options with label 'Corporate Income Tax' are selected in object 'Object Repository/RAD_Pages/TaxTypeFilingYear_Page/select_TaxType_ExistingLiability' 

2024-11-12 17:43:14 - [MESSAGE][PASSED] - All options with label 'Corporate Income Tax' are selected in object 'Object Repository/RAD_Pages/TaxTypeFilingYear_Page/select_TaxType_ExistingLiability' 

2024-11-12 17:43:14 - [TEST_STEP][PASSED] - setText(findTestObject(orPath_TaxInfo + "/input_NoticeInvoiceNumber"), notInvNumber): Text '0000000000' is set on object 'Object Repository/RAD_Pages/TaxInfo_Page/input_NoticeInvoiceNumber'

2024-11-12 17:43:15 - [MESSAGE][PASSED] - Text '0000000000' is set on object 'Object Repository/RAD_Pages/TaxInfo_Page/input_NoticeInvoiceNumber'

2024-11-12 17:43:15 - [TEST_STEP][PASSED] - setText(findTestObject(orPath_TaxInfo + "/input_reTypeNoticeInvoiceNumber"), notInvNumber): Text '0000000000' is set on object 'Object Repository/RAD_Pages/TaxInfo_Page/input_reTypeNoticeInvoiceNumber'

2024-11-12 17:43:16 - [MESSAGE][PASSED] - Text '0000000000' is set on object 'Object Repository/RAD_Pages/TaxInfo_Page/input_reTypeNoticeInvoiceNumber'

2024-11-12 17:43:16 - [TEST_STEP][PASSED] - println(notInvNumber): null

2024-11-12 17:43:16 - [TEST_STEP][PASSED] - if (verifyTextPresent(errorMsg, true)): null

2024-11-12 17:43:16 - [MESSAGE][PASSED] - Text 'Notice Number or Invoice Number must be 10, 11, or 13 digits in length, with a value greater than zero' is present on page  using regular expression

2024-11-12 17:43:16 - [TEST_STEP][PASSED] - println("Error Message is present on the page"): null

2024-11-12 17:43:16 - [TEST_STEP][PASSED] - out.println("Pass Record Number: " + row): null

2024-11-12 17:43:16 - [TEST_STEP][PASSED] - resText = "Pass": null

2024-11-12 17:43:16 - [TEST_STEP][PASSED] - pages.WriteExcel.demoKey(resText, datText, resColumn, datCloumn, fileLoc, nameSheet, row): pages.WriteExcel.demoKey is PASSED

2024-11-12 17:43:16 - [MESSAGE][PASSED] - pages.WriteExcel.demoKey is PASSED

2024-11-12 17:43:16 - [TEST_STEP][PASSED] - ExecuteTC = findTestData(dataFile).getValue("Execute", row): null

2024-11-12 17:43:16 - [TEST_STEP][PASSED] - Taxtype = findTestData(dataFile).getValue("TaxType", row): null

2024-11-12 17:43:16 - [TEST_STEP][PASSED] - TaxTypeEL = findTestData(dataFile).getValue("TaxTypeEL", row): null

2024-11-12 17:43:16 - [TEST_STEP][PASSED] - notInvNumber = findTestData(dataFile).getValue("NotiInvoNumber", row): null

2024-11-12 17:43:16 - [TEST_STEP][PASSED] - errorMsg = findTestData(dataFile).getValue("ErrorMessage", row): null

2024-11-12 17:43:16 - [TEST_STEP][PASSED] - out.println("Value of Execute is : " + ExecuteTC): null

2024-11-12 17:43:16 - [TEST_STEP][PASSED] - if (ExecuteTC.equalsIgnoreCase("Y")): null

2024-11-12 17:43:16 - [TEST_STEP][PASSED] - out.println("Begin Record Number: " + row): null

2024-11-12 17:43:16 - [TEST_STEP][PASSED] - today = new java.util.Date(): null

2024-11-12 17:43:16 - [TEST_STEP][PASSED] - println(today): null

2024-11-12 17:43:16 - [TEST_STEP][PASSED] - datText = today: null

2024-11-12 17:43:16 - [TEST_STEP][PASSED] - Taxtype = findTestData(dataFile).getValue("TaxType", row): null

2024-11-12 17:43:16 - [TEST_STEP][PASSED] - out.println("Taxtype value is : " + Taxtype): null

2024-11-12 17:43:16 - [TEST_STEP][PASSED] - openBrowser(""): Browser is opened with url: ''

2024-11-12 17:43:16 - [MESSAGE][WARNING] - A browser is already opened. Closing browser and opening a new one

2024-11-12 17:43:18 - [MESSAGE][INFO] - Starting 'Chrome' driver

2024-11-12 17:43:18 - [MESSAGE][INFO] - User set preference: ['acceptInsecureCerts', 'true']

2024-11-12 17:43:18 - [MESSAGE][INFO] - Action delay is set to 0 milliseconds

2024-11-12 17:43:20 - [MESSAGE][PASSED] - Browser is opened with url: ''

2024-11-12 17:43:20 - [TEST_STEP][PASSED] - maximizeWindow(): Current window maximized

2024-11-12 17:43:20 - [MESSAGE][PASSED] - Current window maximized

2024-11-12 17:43:20 - [TEST_STEP][PASSED] - navigateToUrl(RADurl): Navigate to 'https://www.velocitypayment.com/client/rad/index.html' successfully

2024-11-12 17:43:22 - [MESSAGE][PASSED] - Navigate to 'https://www.velocitypayment.com/client/rad/index.html' successfully

2024-11-12 17:43:22 - [TEST_STEP][PASSED] - orPath_Landing = "Object Repository/RAD_Pages/Landing_Page": null

2024-11-12 17:43:22 - [TEST_STEP][PASSED] - orPath_TaxTypeFilingYear = "Object Repository/RAD_Pages/TaxTypeFilingYear_Page": null

2024-11-12 17:43:22 - [TEST_STEP][PASSED] - orPath_TaxPayer = "Object Repository/RAD_Pages/Taxpayer_Page": null

2024-11-12 17:43:22 - [TEST_STEP][PASSED] - orPath_AddressContact = "Object Repository/RAD_Pages/AddressAndContactInfo_Page": null

2024-11-12 17:43:22 - [TEST_STEP][PASSED] - orPath_FilingStatus = "Object Repository/RAD_Pages/FilingStatus_Page": null

2024-11-12 17:43:22 - [TEST_STEP][PASSED] - orPath_Amount = "Object Repository/RAD_Pages/PaymentAmount_Page": null

2024-11-12 17:43:22 - [TEST_STEP][PASSED] - orPath_TaxInfo = "Object Repository/RAD_Pages/TaxInfo_Page": null

2024-11-12 17:43:22 - [TEST_STEP][PASSED] - orPath_Withholding = "Object Repository/RAD_Pages/Withholding_Page": null

2024-11-12 17:43:22 - [TEST_STEP][PASSED] - orPath_Summary = "Object Repository/RAD_Pages/Summary_Page": null

2024-11-12 17:43:22 - [TEST_STEP][PASSED] - orPath_PaymentReady = "Object Repository/RAD_Pages/PaymentReady_Page": null

2024-11-12 17:43:22 - [TEST_STEP][PASSED] - orPath_PaymentEntry = "Object Repository/RAD_Pages/PaymentEntry_Page": null

2024-11-12 17:43:22 - [TEST_STEP][PASSED] - orPath_PaymentConfirmation = "Object Repository/RAD_Pages/PaymentConfirmation_Page": null

2024-11-12 17:43:22 - [TEST_STEP][PASSED] - orPath_ServiceFeesAccept = "Object Repository/RAD_Pages/ServiceFeeAccept_Page": null

2024-11-12 17:43:22 - [TEST_STEP][PASSED] - selectOptionByLabel(findTestObject(orPath_Landing + "/dd_TaxType"), Taxtype, false): All options with label 'Existing Liability with Notice/Invoice Number' are selected in object 'Object Repository/RAD_Pages/Landing_Page/dd_TaxType' 

2024-11-12 17:43:22 - [MESSAGE][PASSED] - All options with label 'Existing Liability with Notice/Invoice Number' are selected in object 'Object Repository/RAD_Pages/Landing_Page/dd_TaxType' 

2024-11-12 17:43:22 - [TEST_STEP][PASSED] - delay(1): Delayed 1 second(s)

2024-11-12 17:43:23 - [MESSAGE][PASSED] - Delayed 1 second(s)

2024-11-12 17:43:23 - [TEST_STEP][PASSED] - selectOptionByLabel(findTestObject(orPath_TaxTypeFilingYear + "/select_TaxType_ExistingLiability"), TaxTypeEL, false): All options with label 'Fiduciary Tax' are selected in object 'Object Repository/RAD_Pages/TaxTypeFilingYear_Page/select_TaxType_ExistingLiability' 

2024-11-12 17:43:24 - [MESSAGE][PASSED] - All options with label 'Fiduciary Tax' are selected in object 'Object Repository/RAD_Pages/TaxTypeFilingYear_Page/select_TaxType_ExistingLiability' 

2024-11-12 17:43:24 - [TEST_STEP][PASSED] - setText(findTestObject(orPath_TaxInfo + "/input_NoticeInvoiceNumber"), notInvNumber): Text '123456789' is set on object 'Object Repository/RAD_Pages/TaxInfo_Page/input_NoticeInvoiceNumber'

2024-11-12 17:43:25 - [MESSAGE][PASSED] - Text '123456789' is set on object 'Object Repository/RAD_Pages/TaxInfo_Page/input_NoticeInvoiceNumber'

2024-11-12 17:43:25 - [TEST_STEP][PASSED] - setText(findTestObject(orPath_TaxInfo + "/input_reTypeNoticeInvoiceNumber"), notInvNumber): Text '123456789' is set on object 'Object Repository/RAD_Pages/TaxInfo_Page/input_reTypeNoticeInvoiceNumber'

2024-11-12 17:43:26 - [MESSAGE][PASSED] - Text '123456789' is set on object 'Object Repository/RAD_Pages/TaxInfo_Page/input_reTypeNoticeInvoiceNumber'

2024-11-12 17:43:26 - [TEST_STEP][PASSED] - println(notInvNumber): null

2024-11-12 17:43:26 - [TEST_STEP][PASSED] - if (verifyTextPresent(errorMsg, true)): null

2024-11-12 17:43:26 - [MESSAGE][PASSED] - Text 'Notice Number or Invoice Number must be 10, 11, or 13 digits in length, with a value greater than zero' is present on page  using regular expression

2024-11-12 17:43:26 - [TEST_STEP][PASSED] - println("Error Message is present on the page"): null

2024-11-12 17:43:26 - [TEST_STEP][PASSED] - out.println("Pass Record Number: " + row): null

2024-11-12 17:43:26 - [TEST_STEP][PASSED] - resText = "Pass": null

2024-11-12 17:43:26 - [TEST_STEP][PASSED] - pages.WriteExcel.demoKey(resText, datText, resColumn, datCloumn, fileLoc, nameSheet, row): pages.WriteExcel.demoKey is PASSED

2024-11-12 17:43:26 - [MESSAGE][PASSED] - pages.WriteExcel.demoKey is PASSED

2024-11-12 17:43:26 - [TEST_STEP][PASSED] - ExecuteTC = findTestData(dataFile).getValue("Execute", row): null

2024-11-12 17:43:26 - [TEST_STEP][PASSED] - Taxtype = findTestData(dataFile).getValue("TaxType", row): null

2024-11-12 17:43:26 - [TEST_STEP][PASSED] - TaxTypeEL = findTestData(dataFile).getValue("TaxTypeEL", row): null

2024-11-12 17:43:26 - [TEST_STEP][PASSED] - notInvNumber = findTestData(dataFile).getValue("NotiInvoNumber", row): null

2024-11-12 17:43:26 - [TEST_STEP][PASSED] - errorMsg = findTestData(dataFile).getValue("ErrorMessage", row): null

2024-11-12 17:43:26 - [TEST_STEP][PASSED] - out.println("Value of Execute is : " + ExecuteTC): null

2024-11-12 17:43:26 - [TEST_STEP][PASSED] - if (ExecuteTC.equalsIgnoreCase("Y")): null

2024-11-12 17:43:26 - [TEST_STEP][PASSED] - out.println("Begin Record Number: " + row): null

2024-11-12 17:43:26 - [TEST_STEP][PASSED] - today = new java.util.Date(): null

2024-11-12 17:43:26 - [TEST_STEP][PASSED] - println(today): null

2024-11-12 17:43:26 - [TEST_STEP][PASSED] - datText = today: null

2024-11-12 17:43:26 - [TEST_STEP][PASSED] - Taxtype = findTestData(dataFile).getValue("TaxType", row): null

2024-11-12 17:43:26 - [TEST_STEP][PASSED] - out.println("Taxtype value is : " + Taxtype): null

2024-11-12 17:43:26 - [TEST_STEP][PASSED] - openBrowser(""): Browser is opened with url: ''

2024-11-12 17:43:26 - [MESSAGE][WARNING] - A browser is already opened. Closing browser and opening a new one

2024-11-12 17:43:28 - [MESSAGE][INFO] - Starting 'Chrome' driver

2024-11-12 17:43:28 - [MESSAGE][INFO] - User set preference: ['acceptInsecureCerts', 'true']

2024-11-12 17:43:28 - [MESSAGE][INFO] - Action delay is set to 0 milliseconds

2024-11-12 17:43:29 - [MESSAGE][PASSED] - Browser is opened with url: ''

2024-11-12 17:43:29 - [TEST_STEP][PASSED] - maximizeWindow(): Current window maximized

2024-11-12 17:43:29 - [MESSAGE][PASSED] - Current window maximized

2024-11-12 17:43:29 - [TEST_STEP][PASSED] - navigateToUrl(RADurl): Navigate to 'https://www.velocitypayment.com/client/rad/index.html' successfully

2024-11-12 17:43:31 - [MESSAGE][PASSED] - Navigate to 'https://www.velocitypayment.com/client/rad/index.html' successfully

2024-11-12 17:43:31 - [TEST_STEP][PASSED] - orPath_Landing = "Object Repository/RAD_Pages/Landing_Page": null

2024-11-12 17:43:31 - [TEST_STEP][PASSED] - orPath_TaxTypeFilingYear = "Object Repository/RAD_Pages/TaxTypeFilingYear_Page": null

2024-11-12 17:43:31 - [TEST_STEP][PASSED] - orPath_TaxPayer = "Object Repository/RAD_Pages/Taxpayer_Page": null

2024-11-12 17:43:31 - [TEST_STEP][PASSED] - orPath_AddressContact = "Object Repository/RAD_Pages/AddressAndContactInfo_Page": null

2024-11-12 17:43:31 - [TEST_STEP][PASSED] - orPath_FilingStatus = "Object Repository/RAD_Pages/FilingStatus_Page": null

2024-11-12 17:43:31 - [TEST_STEP][PASSED] - orPath_Amount = "Object Repository/RAD_Pages/PaymentAmount_Page": null

2024-11-12 17:43:31 - [TEST_STEP][PASSED] - orPath_TaxInfo = "Object Repository/RAD_Pages/TaxInfo_Page": null

2024-11-12 17:43:31 - [TEST_STEP][PASSED] - orPath_Withholding = "Object Repository/RAD_Pages/Withholding_Page": null

2024-11-12 17:43:31 - [TEST_STEP][PASSED] - orPath_Summary = "Object Repository/RAD_Pages/Summary_Page": null

2024-11-12 17:43:31 - [TEST_STEP][PASSED] - orPath_PaymentReady = "Object Repository/RAD_Pages/PaymentReady_Page": null

2024-11-12 17:43:31 - [TEST_STEP][PASSED] - orPath_PaymentEntry = "Object Repository/RAD_Pages/PaymentEntry_Page": null

2024-11-12 17:43:31 - [TEST_STEP][PASSED] - orPath_PaymentConfirmation = "Object Repository/RAD_Pages/PaymentConfirmation_Page": null

2024-11-12 17:43:31 - [TEST_STEP][PASSED] - orPath_ServiceFeesAccept = "Object Repository/RAD_Pages/ServiceFeeAccept_Page": null

2024-11-12 17:43:31 - [TEST_STEP][PASSED] - selectOptionByLabel(findTestObject(orPath_Landing + "/dd_TaxType"), Taxtype, false): All options with label 'Existing Liability with Notice/Invoice Number' are selected in object 'Object Repository/RAD_Pages/Landing_Page/dd_TaxType' 

2024-11-12 17:43:32 - [MESSAGE][PASSED] - All options with label 'Existing Liability with Notice/Invoice Number' are selected in object 'Object Repository/RAD_Pages/Landing_Page/dd_TaxType' 

2024-11-12 17:43:32 - [TEST_STEP][PASSED] - delay(1): Delayed 1 second(s)

2024-11-12 17:43:33 - [MESSAGE][PASSED] - Delayed 1 second(s)

2024-11-12 17:43:33 - [TEST_STEP][PASSED] - selectOptionByLabel(findTestObject(orPath_TaxTypeFilingYear + "/select_TaxType_ExistingLiability"), TaxTypeEL, false): All options with label 'Fiduciary Tax' are selected in object 'Object Repository/RAD_Pages/TaxTypeFilingYear_Page/select_TaxType_ExistingLiability' 

2024-11-12 17:43:33 - [MESSAGE][PASSED] - All options with label 'Fiduciary Tax' are selected in object 'Object Repository/RAD_Pages/TaxTypeFilingYear_Page/select_TaxType_ExistingLiability' 

2024-11-12 17:43:33 - [TEST_STEP][PASSED] - setText(findTestObject(orPath_TaxInfo + "/input_NoticeInvoiceNumber"), notInvNumber): Text '123456789012' is set on object 'Object Repository/RAD_Pages/TaxInfo_Page/input_NoticeInvoiceNumber'

2024-11-12 17:43:34 - [MESSAGE][PASSED] - Text '123456789012' is set on object 'Object Repository/RAD_Pages/TaxInfo_Page/input_NoticeInvoiceNumber'

2024-11-12 17:43:34 - [TEST_STEP][PASSED] - setText(findTestObject(orPath_TaxInfo + "/input_reTypeNoticeInvoiceNumber"), notInvNumber): Text '123456789012' is set on object 'Object Repository/RAD_Pages/TaxInfo_Page/input_reTypeNoticeInvoiceNumber'

2024-11-12 17:43:35 - [MESSAGE][PASSED] - Text '123456789012' is set on object 'Object Repository/RAD_Pages/TaxInfo_Page/input_reTypeNoticeInvoiceNumber'

2024-11-12 17:43:35 - [TEST_STEP][PASSED] - println(notInvNumber): null

2024-11-12 17:43:35 - [TEST_STEP][PASSED] - if (verifyTextPresent(errorMsg, true)): null

2024-11-12 17:43:36 - [MESSAGE][PASSED] - Text 'Notice Number or Invoice Number must be 10, 11, or 13 digits in length, with a value greater than zero' is present on page  using regular expression

2024-11-12 17:43:36 - [TEST_STEP][PASSED] - println("Error Message is present on the page"): null

2024-11-12 17:43:36 - [TEST_STEP][PASSED] - out.println("Pass Record Number: " + row): null

2024-11-12 17:43:36 - [TEST_STEP][PASSED] - resText = "Pass": null

2024-11-12 17:43:36 - [TEST_STEP][PASSED] - pages.WriteExcel.demoKey(resText, datText, resColumn, datCloumn, fileLoc, nameSheet, row): pages.WriteExcel.demoKey is PASSED

2024-11-12 17:43:36 - [MESSAGE][PASSED] - pages.WriteExcel.demoKey is PASSED

2024-11-12 17:43:36 - [TEST_STEP][PASSED] - ExecuteTC = findTestData(dataFile).getValue("Execute", row): null

2024-11-12 17:43:36 - [TEST_STEP][PASSED] - Taxtype = findTestData(dataFile).getValue("TaxType", row): null

2024-11-12 17:43:36 - [TEST_STEP][PASSED] - TaxTypeEL = findTestData(dataFile).getValue("TaxTypeEL", row): null

2024-11-12 17:43:36 - [TEST_STEP][PASSED] - notInvNumber = findTestData(dataFile).getValue("NotiInvoNumber", row): null

2024-11-12 17:43:36 - [TEST_STEP][PASSED] - errorMsg = findTestData(dataFile).getValue("ErrorMessage", row): null

2024-11-12 17:43:36 - [TEST_STEP][PASSED] - out.println("Value of Execute is : " + ExecuteTC): null

2024-11-12 17:43:36 - [TEST_STEP][PASSED] - if (ExecuteTC.equalsIgnoreCase("Y")): null

2024-11-12 17:43:36 - [TEST_STEP][PASSED] - out.println("Begin Record Number: " + row): null

2024-11-12 17:43:36 - [TEST_STEP][PASSED] - today = new java.util.Date(): null

2024-11-12 17:43:36 - [TEST_STEP][PASSED] - println(today): null

2024-11-12 17:43:36 - [TEST_STEP][PASSED] - datText = today: null

2024-11-12 17:43:36 - [TEST_STEP][PASSED] - Taxtype = findTestData(dataFile).getValue("TaxType", row): null

2024-11-12 17:43:36 - [TEST_STEP][PASSED] - out.println("Taxtype value is : " + Taxtype): null

2024-11-12 17:43:36 - [TEST_STEP][PASSED] - openBrowser(""): Browser is opened with url: ''

2024-11-12 17:43:36 - [MESSAGE][WARNING] - A browser is already opened. Closing browser and opening a new one

2024-11-12 17:43:40 - [MESSAGE][INFO] - Starting 'Chrome' driver

2024-11-12 17:43:40 - [MESSAGE][INFO] - User set preference: ['acceptInsecureCerts', 'true']

2024-11-12 17:43:40 - [MESSAGE][INFO] - Action delay is set to 0 milliseconds

2024-11-12 17:43:42 - [MESSAGE][PASSED] - Browser is opened with url: ''

2024-11-12 17:43:42 - [TEST_STEP][PASSED] - maximizeWindow(): Current window maximized

2024-11-12 17:43:42 - [MESSAGE][PASSED] - Current window maximized

2024-11-12 17:43:42 - [TEST_STEP][PASSED] - navigateToUrl(RADurl): Navigate to 'https://www.velocitypayment.com/client/rad/index.html' successfully

2024-11-12 17:43:44 - [MESSAGE][PASSED] - Navigate to 'https://www.velocitypayment.com/client/rad/index.html' successfully

2024-11-12 17:43:44 - [TEST_STEP][PASSED] - orPath_Landing = "Object Repository/RAD_Pages/Landing_Page": null

2024-11-12 17:43:44 - [TEST_STEP][PASSED] - orPath_TaxTypeFilingYear = "Object Repository/RAD_Pages/TaxTypeFilingYear_Page": null

2024-11-12 17:43:44 - [TEST_STEP][PASSED] - orPath_TaxPayer = "Object Repository/RAD_Pages/Taxpayer_Page": null

2024-11-12 17:43:44 - [TEST_STEP][PASSED] - orPath_AddressContact = "Object Repository/RAD_Pages/AddressAndContactInfo_Page": null

2024-11-12 17:43:44 - [TEST_STEP][PASSED] - orPath_FilingStatus = "Object Repository/RAD_Pages/FilingStatus_Page": null

2024-11-12 17:43:44 - [TEST_STEP][PASSED] - orPath_Amount = "Object Repository/RAD_Pages/PaymentAmount_Page": null

2024-11-12 17:43:44 - [TEST_STEP][PASSED] - orPath_TaxInfo = "Object Repository/RAD_Pages/TaxInfo_Page": null

2024-11-12 17:43:44 - [TEST_STEP][PASSED] - orPath_Withholding = "Object Repository/RAD_Pages/Withholding_Page": null

2024-11-12 17:43:44 - [TEST_STEP][PASSED] - orPath_Summary = "Object Repository/RAD_Pages/Summary_Page": null

2024-11-12 17:43:44 - [TEST_STEP][PASSED] - orPath_PaymentReady = "Object Repository/RAD_Pages/PaymentReady_Page": null

2024-11-12 17:43:44 - [TEST_STEP][PASSED] - orPath_PaymentEntry = "Object Repository/RAD_Pages/PaymentEntry_Page": null

2024-11-12 17:43:44 - [TEST_STEP][PASSED] - orPath_PaymentConfirmation = "Object Repository/RAD_Pages/PaymentConfirmation_Page": null

2024-11-12 17:43:44 - [TEST_STEP][PASSED] - orPath_ServiceFeesAccept = "Object Repository/RAD_Pages/ServiceFeeAccept_Page": null

2024-11-12 17:43:44 - [TEST_STEP][PASSED] - selectOptionByLabel(findTestObject(orPath_Landing + "/dd_TaxType"), Taxtype, false): All options with label 'Existing Liability with Notice/Invoice Number' are selected in object 'Object Repository/RAD_Pages/Landing_Page/dd_TaxType' 

2024-11-12 17:43:44 - [MESSAGE][PASSED] - All options with label 'Existing Liability with Notice/Invoice Number' are selected in object 'Object Repository/RAD_Pages/Landing_Page/dd_TaxType' 

2024-11-12 17:43:44 - [TEST_STEP][PASSED] - delay(1): Delayed 1 second(s)

2024-11-12 17:43:45 - [MESSAGE][PASSED] - Delayed 1 second(s)

2024-11-12 17:43:45 - [TEST_STEP][PASSED] - selectOptionByLabel(findTestObject(orPath_TaxTypeFilingYear + "/select_TaxType_ExistingLiability"), TaxTypeEL, false): All options with label 'Fiduciary Tax' are selected in object 'Object Repository/RAD_Pages/TaxTypeFilingYear_Page/select_TaxType_ExistingLiability' 

2024-11-12 17:43:46 - [MESSAGE][PASSED] - All options with label 'Fiduciary Tax' are selected in object 'Object Repository/RAD_Pages/TaxTypeFilingYear_Page/select_TaxType_ExistingLiability' 

2024-11-12 17:43:46 - [TEST_STEP][PASSED] - setText(findTestObject(orPath_TaxInfo + "/input_NoticeInvoiceNumber"), notInvNumber): Text '0000000000' is set on object 'Object Repository/RAD_Pages/TaxInfo_Page/input_NoticeInvoiceNumber'

2024-11-12 17:43:47 - [MESSAGE][PASSED] - Text '0000000000' is set on object 'Object Repository/RAD_Pages/TaxInfo_Page/input_NoticeInvoiceNumber'

2024-11-12 17:43:47 - [TEST_STEP][PASSED] - setText(findTestObject(orPath_TaxInfo + "/input_reTypeNoticeInvoiceNumber"), notInvNumber): Text '0000000000' is set on object 'Object Repository/RAD_Pages/TaxInfo_Page/input_reTypeNoticeInvoiceNumber'

2024-11-12 17:43:48 - [MESSAGE][PASSED] - Text '0000000000' is set on object 'Object Repository/RAD_Pages/TaxInfo_Page/input_reTypeNoticeInvoiceNumber'

2024-11-12 17:43:48 - [TEST_STEP][PASSED] - println(notInvNumber): null

2024-11-12 17:43:48 - [TEST_STEP][PASSED] - if (verifyTextPresent(errorMsg, true)): null

2024-11-12 17:43:48 - [MESSAGE][PASSED] - Text 'Notice Number or Invoice Number must be 10, 11, or 13 digits in length, with a value greater than zero' is present on page  using regular expression

2024-11-12 17:43:48 - [TEST_STEP][PASSED] - println("Error Message is present on the page"): null

2024-11-12 17:43:48 - [TEST_STEP][PASSED] - out.println("Pass Record Number: " + row): null

2024-11-12 17:43:48 - [TEST_STEP][PASSED] - resText = "Pass": null

2024-11-12 17:43:48 - [TEST_STEP][PASSED] - pages.WriteExcel.demoKey(resText, datText, resColumn, datCloumn, fileLoc, nameSheet, row): pages.WriteExcel.demoKey is PASSED

2024-11-12 17:43:48 - [MESSAGE][PASSED] - pages.WriteExcel.demoKey is PASSED

2024-11-12 17:43:48 - [TEST_STEP][PASSED] - ExecuteTC = findTestData(dataFile).getValue("Execute", row): null

2024-11-12 17:43:48 - [TEST_STEP][PASSED] - Taxtype = findTestData(dataFile).getValue("TaxType", row): null

2024-11-12 17:43:48 - [TEST_STEP][PASSED] - TaxTypeEL = findTestData(dataFile).getValue("TaxTypeEL", row): null

2024-11-12 17:43:48 - [TEST_STEP][PASSED] - notInvNumber = findTestData(dataFile).getValue("NotiInvoNumber", row): null

2024-11-12 17:43:48 - [TEST_STEP][PASSED] - errorMsg = findTestData(dataFile).getValue("ErrorMessage", row): null

2024-11-12 17:43:48 - [TEST_STEP][PASSED] - out.println("Value of Execute is : " + ExecuteTC): null

2024-11-12 17:43:48 - [TEST_STEP][PASSED] - if (ExecuteTC.equalsIgnoreCase("Y")): null

2024-11-12 17:43:48 - [TEST_STEP][PASSED] - out.println("Begin Record Number: " + row): null

2024-11-12 17:43:48 - [TEST_STEP][PASSED] - today = new java.util.Date(): null

2024-11-12 17:43:48 - [TEST_STEP][PASSED] - println(today): null

2024-11-12 17:43:48 - [TEST_STEP][PASSED] - datText = today: null

2024-11-12 17:43:48 - [TEST_STEP][PASSED] - Taxtype = findTestData(dataFile).getValue("TaxType", row): null

2024-11-12 17:43:49 - [TEST_STEP][PASSED] - out.println("Taxtype value is : " + Taxtype): null

2024-11-12 17:43:49 - [TEST_STEP][PASSED] - openBrowser(""): Browser is opened with url: ''

2024-11-12 17:43:49 - [MESSAGE][WARNING] - A browser is already opened. Closing browser and opening a new one

2024-11-12 17:43:50 - [MESSAGE][INFO] - Starting 'Chrome' driver

2024-11-12 17:43:50 - [MESSAGE][INFO] - User set preference: ['acceptInsecureCerts', 'true']

2024-11-12 17:43:50 - [MESSAGE][INFO] - Action delay is set to 0 milliseconds

2024-11-12 17:43:51 - [MESSAGE][PASSED] - Browser is opened with url: ''

2024-11-12 17:43:51 - [TEST_STEP][PASSED] - maximizeWindow(): Current window maximized

2024-11-12 17:43:51 - [MESSAGE][PASSED] - Current window maximized

2024-11-12 17:43:51 - [TEST_STEP][PASSED] - navigateToUrl(RADurl): Navigate to 'https://www.velocitypayment.com/client/rad/index.html' successfully

2024-11-12 17:43:53 - [MESSAGE][PASSED] - Navigate to 'https://www.velocitypayment.com/client/rad/index.html' successfully

2024-11-12 17:43:53 - [TEST_STEP][PASSED] - orPath_Landing = "Object Repository/RAD_Pages/Landing_Page": null

2024-11-12 17:43:53 - [TEST_STEP][PASSED] - orPath_TaxTypeFilingYear = "Object Repository/RAD_Pages/TaxTypeFilingYear_Page": null

2024-11-12 17:43:53 - [TEST_STEP][PASSED] - orPath_TaxPayer = "Object Repository/RAD_Pages/Taxpayer_Page": null

2024-11-12 17:43:53 - [TEST_STEP][PASSED] - orPath_AddressContact = "Object Repository/RAD_Pages/AddressAndContactInfo_Page": null

2024-11-12 17:43:53 - [TEST_STEP][PASSED] - orPath_FilingStatus = "Object Repository/RAD_Pages/FilingStatus_Page": null

2024-11-12 17:43:53 - [TEST_STEP][PASSED] - orPath_Amount = "Object Repository/RAD_Pages/PaymentAmount_Page": null

2024-11-12 17:43:53 - [TEST_STEP][PASSED] - orPath_TaxInfo = "Object Repository/RAD_Pages/TaxInfo_Page": null

2024-11-12 17:43:53 - [TEST_STEP][PASSED] - orPath_Withholding = "Object Repository/RAD_Pages/Withholding_Page": null

2024-11-12 17:43:53 - [TEST_STEP][PASSED] - orPath_Summary = "Object Repository/RAD_Pages/Summary_Page": null

2024-11-12 17:43:53 - [TEST_STEP][PASSED] - orPath_PaymentReady = "Object Repository/RAD_Pages/PaymentReady_Page": null

2024-11-12 17:43:53 - [TEST_STEP][PASSED] - orPath_PaymentEntry = "Object Repository/RAD_Pages/PaymentEntry_Page": null

2024-11-12 17:43:53 - [TEST_STEP][PASSED] - orPath_PaymentConfirmation = "Object Repository/RAD_Pages/PaymentConfirmation_Page": null

2024-11-12 17:43:53 - [TEST_STEP][PASSED] - orPath_ServiceFeesAccept = "Object Repository/RAD_Pages/ServiceFeeAccept_Page": null

2024-11-12 17:43:53 - [TEST_STEP][PASSED] - selectOptionByLabel(findTestObject(orPath_Landing + "/dd_TaxType"), Taxtype, false): All options with label 'Existing Liability with Notice/Invoice Number' are selected in object 'Object Repository/RAD_Pages/Landing_Page/dd_TaxType' 

2024-11-12 17:43:54 - [MESSAGE][PASSED] - All options with label 'Existing Liability with Notice/Invoice Number' are selected in object 'Object Repository/RAD_Pages/Landing_Page/dd_TaxType' 

2024-11-12 17:43:54 - [TEST_STEP][PASSED] - delay(1): Delayed 1 second(s)

2024-11-12 17:43:55 - [MESSAGE][PASSED] - Delayed 1 second(s)

2024-11-12 17:43:55 - [TEST_STEP][PASSED] - selectOptionByLabel(findTestObject(orPath_TaxTypeFilingYear + "/select_TaxType_ExistingLiability"), TaxTypeEL, false): All options with label 'Personal Income Tax' are selected in object 'Object Repository/RAD_Pages/TaxTypeFilingYear_Page/select_TaxType_ExistingLiability' 

2024-11-12 17:43:55 - [MESSAGE][PASSED] - All options with label 'Personal Income Tax' are selected in object 'Object Repository/RAD_Pages/TaxTypeFilingYear_Page/select_TaxType_ExistingLiability' 

2024-11-12 17:43:55 - [TEST_STEP][PASSED] - setText(findTestObject(orPath_TaxInfo + "/input_NoticeInvoiceNumber"), notInvNumber): Text '123456789' is set on object 'Object Repository/RAD_Pages/TaxInfo_Page/input_NoticeInvoiceNumber'

2024-11-12 17:43:56 - [MESSAGE][PASSED] - Text '123456789' is set on object 'Object Repository/RAD_Pages/TaxInfo_Page/input_NoticeInvoiceNumber'

2024-11-12 17:43:56 - [TEST_STEP][PASSED] - setText(findTestObject(orPath_TaxInfo + "/input_reTypeNoticeInvoiceNumber"), notInvNumber): Text '123456789' is set on object 'Object Repository/RAD_Pages/TaxInfo_Page/input_reTypeNoticeInvoiceNumber'

2024-11-12 17:43:57 - [MESSAGE][PASSED] - Text '123456789' is set on object 'Object Repository/RAD_Pages/TaxInfo_Page/input_reTypeNoticeInvoiceNumber'

2024-11-12 17:43:57 - [TEST_STEP][PASSED] - println(notInvNumber): null

2024-11-12 17:43:57 - [TEST_STEP][PASSED] - if (verifyTextPresent(errorMsg, true)): null

2024-11-12 17:43:57 - [MESSAGE][PASSED] - Text 'Notice Number or Invoice Number must be 10, 11, or 13 digits in length, with a value greater than zero' is present on page  using regular expression

2024-11-12 17:43:57 - [TEST_STEP][PASSED] - println("Error Message is present on the page"): null

2024-11-12 17:43:57 - [TEST_STEP][PASSED] - out.println("Pass Record Number: " + row): null

2024-11-12 17:43:57 - [TEST_STEP][PASSED] - resText = "Pass": null

2024-11-12 17:43:57 - [TEST_STEP][PASSED] - pages.WriteExcel.demoKey(resText, datText, resColumn, datCloumn, fileLoc, nameSheet, row): pages.WriteExcel.demoKey is PASSED

2024-11-12 17:43:57 - [MESSAGE][PASSED] - pages.WriteExcel.demoKey is PASSED

2024-11-12 17:43:57 - [TEST_STEP][PASSED] - ExecuteTC = findTestData(dataFile).getValue("Execute", row): null

2024-11-12 17:43:57 - [TEST_STEP][PASSED] - Taxtype = findTestData(dataFile).getValue("TaxType", row): null

2024-11-12 17:43:57 - [TEST_STEP][PASSED] - TaxTypeEL = findTestData(dataFile).getValue("TaxTypeEL", row): null

2024-11-12 17:43:57 - [TEST_STEP][PASSED] - notInvNumber = findTestData(dataFile).getValue("NotiInvoNumber", row): null

2024-11-12 17:43:58 - [TEST_STEP][PASSED] - errorMsg = findTestData(dataFile).getValue("ErrorMessage", row): null

2024-11-12 17:43:58 - [TEST_STEP][PASSED] - out.println("Value of Execute is : " + ExecuteTC): null

2024-11-12 17:43:58 - [TEST_STEP][PASSED] - if (ExecuteTC.equalsIgnoreCase("Y")): null

2024-11-12 17:43:58 - [TEST_STEP][PASSED] - out.println("Begin Record Number: " + row): null

2024-11-12 17:43:58 - [TEST_STEP][PASSED] - today = new java.util.Date(): null

2024-11-12 17:43:58 - [TEST_STEP][PASSED] - println(today): null

2024-11-12 17:43:58 - [TEST_STEP][PASSED] - datText = today: null

2024-11-12 17:43:58 - [TEST_STEP][PASSED] - Taxtype = findTestData(dataFile).getValue("TaxType", row): null

2024-11-12 17:43:58 - [TEST_STEP][PASSED] - out.println("Taxtype value is : " + Taxtype): null

2024-11-12 17:43:58 - [TEST_STEP][PASSED] - openBrowser(""): Browser is opened with url: ''

2024-11-12 17:43:58 - [MESSAGE][WARNING] - A browser is already opened. Closing browser and opening a new one

2024-11-12 17:43:59 - [MESSAGE][INFO] - Starting 'Chrome' driver

2024-11-12 17:43:59 - [MESSAGE][INFO] - User set preference: ['acceptInsecureCerts', 'true']

2024-11-12 17:43:59 - [MESSAGE][INFO] - Action delay is set to 0 milliseconds

2024-11-12 17:44:00 - [MESSAGE][PASSED] - Browser is opened with url: ''

2024-11-12 17:44:00 - [TEST_STEP][PASSED] - maximizeWindow(): Current window maximized

2024-11-12 17:44:01 - [MESSAGE][PASSED] - Current window maximized

2024-11-12 17:44:01 - [TEST_STEP][PASSED] - navigateToUrl(RADurl): Navigate to 'https://www.velocitypayment.com/client/rad/index.html' successfully

2024-11-12 17:44:02 - [MESSAGE][PASSED] - Navigate to 'https://www.velocitypayment.com/client/rad/index.html' successfully

2024-11-12 17:44:02 - [TEST_STEP][PASSED] - orPath_Landing = "Object Repository/RAD_Pages/Landing_Page": null

2024-11-12 17:44:02 - [TEST_STEP][PASSED] - orPath_TaxTypeFilingYear = "Object Repository/RAD_Pages/TaxTypeFilingYear_Page": null

2024-11-12 17:44:02 - [TEST_STEP][PASSED] - orPath_TaxPayer = "Object Repository/RAD_Pages/Taxpayer_Page": null

2024-11-12 17:44:02 - [TEST_STEP][PASSED] - orPath_AddressContact = "Object Repository/RAD_Pages/AddressAndContactInfo_Page": null

2024-11-12 17:44:02 - [TEST_STEP][PASSED] - orPath_FilingStatus = "Object Repository/RAD_Pages/FilingStatus_Page": null

2024-11-12 17:44:02 - [TEST_STEP][PASSED] - orPath_Amount = "Object Repository/RAD_Pages/PaymentAmount_Page": null

2024-11-12 17:44:02 - [TEST_STEP][PASSED] - orPath_TaxInfo = "Object Repository/RAD_Pages/TaxInfo_Page": null

2024-11-12 17:44:02 - [TEST_STEP][PASSED] - orPath_Withholding = "Object Repository/RAD_Pages/Withholding_Page": null

2024-11-12 17:44:02 - [TEST_STEP][PASSED] - orPath_Summary = "Object Repository/RAD_Pages/Summary_Page": null

2024-11-12 17:44:02 - [TEST_STEP][PASSED] - orPath_PaymentReady = "Object Repository/RAD_Pages/PaymentReady_Page": null

2024-11-12 17:44:02 - [TEST_STEP][PASSED] - orPath_PaymentEntry = "Object Repository/RAD_Pages/PaymentEntry_Page": null

2024-11-12 17:44:02 - [TEST_STEP][PASSED] - orPath_PaymentConfirmation = "Object Repository/RAD_Pages/PaymentConfirmation_Page": null

2024-11-12 17:44:02 - [TEST_STEP][PASSED] - orPath_ServiceFeesAccept = "Object Repository/RAD_Pages/ServiceFeeAccept_Page": null

2024-11-12 17:44:02 - [TEST_STEP][PASSED] - selectOptionByLabel(findTestObject(orPath_Landing + "/dd_TaxType"), Taxtype, false): All options with label 'Existing Liability with Notice/Invoice Number' are selected in object 'Object Repository/RAD_Pages/Landing_Page/dd_TaxType' 

2024-11-12 17:44:03 - [MESSAGE][PASSED] - All options with label 'Existing Liability with Notice/Invoice Number' are selected in object 'Object Repository/RAD_Pages/Landing_Page/dd_TaxType' 

2024-11-12 17:44:03 - [TEST_STEP][PASSED] - delay(1): Delayed 1 second(s)

2024-11-12 17:44:04 - [MESSAGE][PASSED] - Delayed 1 second(s)

2024-11-12 17:44:04 - [TEST_STEP][PASSED] - selectOptionByLabel(findTestObject(orPath_TaxTypeFilingYear + "/select_TaxType_ExistingLiability"), TaxTypeEL, false): All options with label 'Personal Income Tax' are selected in object 'Object Repository/RAD_Pages/TaxTypeFilingYear_Page/select_TaxType_ExistingLiability' 

2024-11-12 17:44:05 - [MESSAGE][PASSED] - All options with label 'Personal Income Tax' are selected in object 'Object Repository/RAD_Pages/TaxTypeFilingYear_Page/select_TaxType_ExistingLiability' 

2024-11-12 17:44:05 - [TEST_STEP][PASSED] - setText(findTestObject(orPath_TaxInfo + "/input_NoticeInvoiceNumber"), notInvNumber): Text '123456789012' is set on object 'Object Repository/RAD_Pages/TaxInfo_Page/input_NoticeInvoiceNumber'

2024-11-12 17:44:05 - [MESSAGE][PASSED] - Text '123456789012' is set on object 'Object Repository/RAD_Pages/TaxInfo_Page/input_NoticeInvoiceNumber'

2024-11-12 17:44:05 - [TEST_STEP][PASSED] - setText(findTestObject(orPath_TaxInfo + "/input_reTypeNoticeInvoiceNumber"), notInvNumber): Text '123456789012' is set on object 'Object Repository/RAD_Pages/TaxInfo_Page/input_reTypeNoticeInvoiceNumber'

2024-11-12 17:44:06 - [MESSAGE][PASSED] - Text '123456789012' is set on object 'Object Repository/RAD_Pages/TaxInfo_Page/input_reTypeNoticeInvoiceNumber'

2024-11-12 17:44:06 - [TEST_STEP][PASSED] - println(notInvNumber): null

2024-11-12 17:44:06 - [TEST_STEP][PASSED] - if (verifyTextPresent(errorMsg, true)): null

2024-11-12 17:44:07 - [MESSAGE][PASSED] - Text 'Notice Number or Invoice Number must be 10, 11, or 13 digits in length, with a value greater than zero' is present on page  using regular expression

2024-11-12 17:44:07 - [TEST_STEP][PASSED] - println("Error Message is present on the page"): null

2024-11-12 17:44:07 - [TEST_STEP][PASSED] - out.println("Pass Record Number: " + row): null

2024-11-12 17:44:07 - [TEST_STEP][PASSED] - resText = "Pass": null

2024-11-12 17:44:07 - [TEST_STEP][PASSED] - pages.WriteExcel.demoKey(resText, datText, resColumn, datCloumn, fileLoc, nameSheet, row): pages.WriteExcel.demoKey is PASSED

2024-11-12 17:44:07 - [MESSAGE][PASSED] - pages.WriteExcel.demoKey is PASSED

2024-11-12 17:44:07 - [TEST_STEP][PASSED] - ExecuteTC = findTestData(dataFile).getValue("Execute", row): null

2024-11-12 17:44:07 - [TEST_STEP][PASSED] - Taxtype = findTestData(dataFile).getValue("TaxType", row): null

2024-11-12 17:44:07 - [TEST_STEP][PASSED] - TaxTypeEL = findTestData(dataFile).getValue("TaxTypeEL", row): null

2024-11-12 17:44:07 - [TEST_STEP][PASSED] - notInvNumber = findTestData(dataFile).getValue("NotiInvoNumber", row): null

2024-11-12 17:44:07 - [TEST_STEP][PASSED] - errorMsg = findTestData(dataFile).getValue("ErrorMessage", row): null

2024-11-12 17:44:07 - [TEST_STEP][PASSED] - out.println("Value of Execute is : " + ExecuteTC): null

2024-11-12 17:44:07 - [TEST_STEP][PASSED] - if (ExecuteTC.equalsIgnoreCase("Y")): null

2024-11-12 17:44:07 - [TEST_STEP][PASSED] - out.println("Begin Record Number: " + row): null

2024-11-12 17:44:07 - [TEST_STEP][PASSED] - today = new java.util.Date(): null

2024-11-12 17:44:07 - [TEST_STEP][PASSED] - println(today): null

2024-11-12 17:44:07 - [TEST_STEP][PASSED] - datText = today: null

2024-11-12 17:44:07 - [TEST_STEP][PASSED] - Taxtype = findTestData(dataFile).getValue("TaxType", row): null

2024-11-12 17:44:07 - [TEST_STEP][PASSED] - out.println("Taxtype value is : " + Taxtype): null

2024-11-12 17:44:07 - [TEST_STEP][PASSED] - openBrowser(""): Browser is opened with url: ''

2024-11-12 17:44:07 - [MESSAGE][WARNING] - A browser is already opened. Closing browser and opening a new one

2024-11-12 17:44:08 - [MESSAGE][INFO] - Starting 'Chrome' driver

2024-11-12 17:44:08 - [MESSAGE][INFO] - User set preference: ['acceptInsecureCerts', 'true']

2024-11-12 17:44:08 - [MESSAGE][INFO] - Action delay is set to 0 milliseconds

2024-11-12 17:44:10 - [MESSAGE][PASSED] - Browser is opened with url: ''

2024-11-12 17:44:10 - [TEST_STEP][PASSED] - maximizeWindow(): Current window maximized

2024-11-12 17:44:10 - [MESSAGE][PASSED] - Current window maximized

2024-11-12 17:44:10 - [TEST_STEP][PASSED] - navigateToUrl(RADurl): Navigate to 'https://www.velocitypayment.com/client/rad/index.html' successfully

2024-11-12 17:44:12 - [MESSAGE][PASSED] - Navigate to 'https://www.velocitypayment.com/client/rad/index.html' successfully

2024-11-12 17:44:12 - [TEST_STEP][PASSED] - orPath_Landing = "Object Repository/RAD_Pages/Landing_Page": null

2024-11-12 17:44:12 - [TEST_STEP][PASSED] - orPath_TaxTypeFilingYear = "Object Repository/RAD_Pages/TaxTypeFilingYear_Page": null

2024-11-12 17:44:12 - [TEST_STEP][PASSED] - orPath_TaxPayer = "Object Repository/RAD_Pages/Taxpayer_Page": null

2024-11-12 17:44:12 - [TEST_STEP][PASSED] - orPath_AddressContact = "Object Repository/RAD_Pages/AddressAndContactInfo_Page": null

2024-11-12 17:44:12 - [TEST_STEP][PASSED] - orPath_FilingStatus = "Object Repository/RAD_Pages/FilingStatus_Page": null

2024-11-12 17:44:12 - [TEST_STEP][PASSED] - orPath_Amount = "Object Repository/RAD_Pages/PaymentAmount_Page": null

2024-11-12 17:44:12 - [TEST_STEP][PASSED] - orPath_TaxInfo = "Object Repository/RAD_Pages/TaxInfo_Page": null

2024-11-12 17:44:12 - [TEST_STEP][PASSED] - orPath_Withholding = "Object Repository/RAD_Pages/Withholding_Page": null

2024-11-12 17:44:12 - [TEST_STEP][PASSED] - orPath_Summary = "Object Repository/RAD_Pages/Summary_Page": null

2024-11-12 17:44:12 - [TEST_STEP][PASSED] - orPath_PaymentReady = "Object Repository/RAD_Pages/PaymentReady_Page": null

2024-11-12 17:44:12 - [TEST_STEP][PASSED] - orPath_PaymentEntry = "Object Repository/RAD_Pages/PaymentEntry_Page": null

2024-11-12 17:44:12 - [TEST_STEP][PASSED] - orPath_PaymentConfirmation = "Object Repository/RAD_Pages/PaymentConfirmation_Page": null

2024-11-12 17:44:12 - [TEST_STEP][PASSED] - orPath_ServiceFeesAccept = "Object Repository/RAD_Pages/ServiceFeeAccept_Page": null

2024-11-12 17:44:12 - [TEST_STEP][PASSED] - selectOptionByLabel(findTestObject(orPath_Landing + "/dd_TaxType"), Taxtype, false): All options with label 'Existing Liability with Notice/Invoice Number' are selected in object 'Object Repository/RAD_Pages/Landing_Page/dd_TaxType' 

2024-11-12 17:44:12 - [MESSAGE][PASSED] - All options with label 'Existing Liability with Notice/Invoice Number' are selected in object 'Object Repository/RAD_Pages/Landing_Page/dd_TaxType' 

2024-11-12 17:44:12 - [TEST_STEP][PASSED] - delay(1): Delayed 1 second(s)

2024-11-12 17:44:13 - [MESSAGE][PASSED] - Delayed 1 second(s)

2024-11-12 17:44:13 - [TEST_STEP][PASSED] - selectOptionByLabel(findTestObject(orPath_TaxTypeFilingYear + "/select_TaxType_ExistingLiability"), TaxTypeEL, false): All options with label 'Personal Income Tax' are selected in object 'Object Repository/RAD_Pages/TaxTypeFilingYear_Page/select_TaxType_ExistingLiability' 

2024-11-12 17:44:14 - [MESSAGE][PASSED] - All options with label 'Personal Income Tax' are selected in object 'Object Repository/RAD_Pages/TaxTypeFilingYear_Page/select_TaxType_ExistingLiability' 

2024-11-12 17:44:14 - [TEST_STEP][PASSED] - setText(findTestObject(orPath_TaxInfo + "/input_NoticeInvoiceNumber"), notInvNumber): Text '0000000000' is set on object 'Object Repository/RAD_Pages/TaxInfo_Page/input_NoticeInvoiceNumber'

2024-11-12 17:44:15 - [MESSAGE][PASSED] - Text '0000000000' is set on object 'Object Repository/RAD_Pages/TaxInfo_Page/input_NoticeInvoiceNumber'

2024-11-12 17:44:15 - [TEST_STEP][PASSED] - setText(findTestObject(orPath_TaxInfo + "/input_reTypeNoticeInvoiceNumber"), notInvNumber): Text '0000000000' is set on object 'Object Repository/RAD_Pages/TaxInfo_Page/input_reTypeNoticeInvoiceNumber'

2024-11-12 17:44:16 - [MESSAGE][PASSED] - Text '0000000000' is set on object 'Object Repository/RAD_Pages/TaxInfo_Page/input_reTypeNoticeInvoiceNumber'

2024-11-12 17:44:16 - [TEST_STEP][PASSED] - println(notInvNumber): null

2024-11-12 17:44:16 - [TEST_STEP][PASSED] - if (verifyTextPresent(errorMsg, true)): null

2024-11-12 17:44:16 - [MESSAGE][PASSED] - Text 'Notice Number or Invoice Number must be 10, 11, or 13 digits in length, with a value greater than zero' is present on page  using regular expression

2024-11-12 17:44:16 - [TEST_STEP][PASSED] - println("Error Message is present on the page"): null

2024-11-12 17:44:16 - [TEST_STEP][PASSED] - out.println("Pass Record Number: " + row): null

2024-11-12 17:44:16 - [TEST_STEP][PASSED] - resText = "Pass": null

2024-11-12 17:44:16 - [TEST_STEP][PASSED] - pages.WriteExcel.demoKey(resText, datText, resColumn, datCloumn, fileLoc, nameSheet, row): pages.WriteExcel.demoKey is PASSED

2024-11-12 17:44:16 - [MESSAGE][PASSED] - pages.WriteExcel.demoKey is PASSED

2024-11-12 17:44:16 - [TEST_STEP][PASSED] - ExecuteTC = findTestData(dataFile).getValue("Execute", row): null

2024-11-12 17:44:16 - [TEST_STEP][PASSED] - Taxtype = findTestData(dataFile).getValue("TaxType", row): null

2024-11-12 17:44:16 - [TEST_STEP][PASSED] - TaxTypeEL = findTestData(dataFile).getValue("TaxTypeEL", row): null

2024-11-12 17:44:16 - [TEST_STEP][PASSED] - notInvNumber = findTestData(dataFile).getValue("NotiInvoNumber", row): null

2024-11-12 17:44:16 - [TEST_STEP][PASSED] - errorMsg = findTestData(dataFile).getValue("ErrorMessage", row): null

2024-11-12 17:44:16 - [TEST_STEP][PASSED] - out.println("Value of Execute is : " + ExecuteTC): null

2024-11-12 17:44:16 - [TEST_STEP][PASSED] - if (ExecuteTC.equalsIgnoreCase("Y")): null

2024-11-12 17:44:16 - [TEST_STEP][PASSED] - out.println("Begin Record Number: " + row): null

2024-11-12 17:44:16 - [TEST_STEP][PASSED] - today = new java.util.Date(): null

2024-11-12 17:44:16 - [TEST_STEP][PASSED] - println(today): null

2024-11-12 17:44:16 - [TEST_STEP][PASSED] - datText = today: null

2024-11-12 17:44:16 - [TEST_STEP][PASSED] - Taxtype = findTestData(dataFile).getValue("TaxType", row): null

2024-11-12 17:44:16 - [TEST_STEP][PASSED] - out.println("Taxtype value is : " + Taxtype): null

2024-11-12 17:44:16 - [TEST_STEP][PASSED] - openBrowser(""): Browser is opened with url: ''

2024-11-12 17:44:16 - [MESSAGE][WARNING] - A browser is already opened. Closing browser and opening a new one

2024-11-12 17:44:18 - [MESSAGE][INFO] - Starting 'Chrome' driver

2024-11-12 17:44:18 - [MESSAGE][INFO] - User set preference: ['acceptInsecureCerts', 'true']

2024-11-12 17:44:18 - [MESSAGE][INFO] - Action delay is set to 0 milliseconds

2024-11-12 17:44:19 - [MESSAGE][PASSED] - Browser is opened with url: ''

2024-11-12 17:44:19 - [TEST_STEP][PASSED] - maximizeWindow(): Current window maximized

2024-11-12 17:44:19 - [MESSAGE][PASSED] - Current window maximized

2024-11-12 17:44:19 - [TEST_STEP][PASSED] - navigateToUrl(RADurl): Navigate to 'https://www.velocitypayment.com/client/rad/index.html' successfully

2024-11-12 17:44:21 - [MESSAGE][PASSED] - Navigate to 'https://www.velocitypayment.com/client/rad/index.html' successfully

2024-11-12 17:44:21 - [TEST_STEP][PASSED] - orPath_Landing = "Object Repository/RAD_Pages/Landing_Page": null

2024-11-12 17:44:21 - [TEST_STEP][PASSED] - orPath_TaxTypeFilingYear = "Object Repository/RAD_Pages/TaxTypeFilingYear_Page": null

2024-11-12 17:44:21 - [TEST_STEP][PASSED] - orPath_TaxPayer = "Object Repository/RAD_Pages/Taxpayer_Page": null

2024-11-12 17:44:21 - [TEST_STEP][PASSED] - orPath_AddressContact = "Object Repository/RAD_Pages/AddressAndContactInfo_Page": null

2024-11-12 17:44:21 - [TEST_STEP][PASSED] - orPath_FilingStatus = "Object Repository/RAD_Pages/FilingStatus_Page": null

2024-11-12 17:44:21 - [TEST_STEP][PASSED] - orPath_Amount = "Object Repository/RAD_Pages/PaymentAmount_Page": null

2024-11-12 17:44:21 - [TEST_STEP][PASSED] - orPath_TaxInfo = "Object Repository/RAD_Pages/TaxInfo_Page": null

2024-11-12 17:44:21 - [TEST_STEP][PASSED] - orPath_Withholding = "Object Repository/RAD_Pages/Withholding_Page": null

2024-11-12 17:44:21 - [TEST_STEP][PASSED] - orPath_Summary = "Object Repository/RAD_Pages/Summary_Page": null

2024-11-12 17:44:21 - [TEST_STEP][PASSED] - orPath_PaymentReady = "Object Repository/RAD_Pages/PaymentReady_Page": null

2024-11-12 17:44:21 - [TEST_STEP][PASSED] - orPath_PaymentEntry = "Object Repository/RAD_Pages/PaymentEntry_Page": null

2024-11-12 17:44:21 - [TEST_STEP][PASSED] - orPath_PaymentConfirmation = "Object Repository/RAD_Pages/PaymentConfirmation_Page": null

2024-11-12 17:44:21 - [TEST_STEP][PASSED] - orPath_ServiceFeesAccept = "Object Repository/RAD_Pages/ServiceFeeAccept_Page": null

2024-11-12 17:44:21 - [TEST_STEP][PASSED] - selectOptionByLabel(findTestObject(orPath_Landing + "/dd_TaxType"), Taxtype, false): All options with label 'Existing Liability with Notice/Invoice Number' are selected in object 'Object Repository/RAD_Pages/Landing_Page/dd_TaxType' 

2024-11-12 17:44:21 - [MESSAGE][PASSED] - All options with label 'Existing Liability with Notice/Invoice Number' are selected in object 'Object Repository/RAD_Pages/Landing_Page/dd_TaxType' 

2024-11-12 17:44:21 - [TEST_STEP][PASSED] - delay(1): Delayed 1 second(s)

2024-11-12 17:44:22 - [MESSAGE][PASSED] - Delayed 1 second(s)

2024-11-12 17:44:22 - [TEST_STEP][PASSED] - selectOptionByLabel(findTestObject(orPath_TaxTypeFilingYear + "/select_TaxType_ExistingLiability"), TaxTypeEL, false): All options with label 'PTE Non-Electing Non-S Corp' are selected in object 'Object Repository/RAD_Pages/TaxTypeFilingYear_Page/select_TaxType_ExistingLiability' 

2024-11-12 17:44:23 - [MESSAGE][PASSED] - All options with label 'PTE Non-Electing Non-S Corp' are selected in object 'Object Repository/RAD_Pages/TaxTypeFilingYear_Page/select_TaxType_ExistingLiability' 

2024-11-12 17:44:23 - [TEST_STEP][PASSED] - setText(findTestObject(orPath_TaxInfo + "/input_NoticeInvoiceNumber"), notInvNumber): Text '123456789' is set on object 'Object Repository/RAD_Pages/TaxInfo_Page/input_NoticeInvoiceNumber'

2024-11-12 17:44:24 - [MESSAGE][PASSED] - Text '123456789' is set on object 'Object Repository/RAD_Pages/TaxInfo_Page/input_NoticeInvoiceNumber'

2024-11-12 17:44:24 - [TEST_STEP][PASSED] - setText(findTestObject(orPath_TaxInfo + "/input_reTypeNoticeInvoiceNumber"), notInvNumber): Text '123456789' is set on object 'Object Repository/RAD_Pages/TaxInfo_Page/input_reTypeNoticeInvoiceNumber'

2024-11-12 17:44:25 - [MESSAGE][PASSED] - Text '123456789' is set on object 'Object Repository/RAD_Pages/TaxInfo_Page/input_reTypeNoticeInvoiceNumber'

2024-11-12 17:44:25 - [TEST_STEP][PASSED] - println(notInvNumber): null

2024-11-12 17:44:25 - [TEST_STEP][PASSED] - if (verifyTextPresent(errorMsg, true)): null

2024-11-12 17:44:25 - [MESSAGE][PASSED] - Text 'Notice Number or Invoice Number must be 10, 11, or 13 digits in length, with a value greater than zero' is present on page  using regular expression

2024-11-12 17:44:25 - [TEST_STEP][PASSED] - println("Error Message is present on the page"): null

2024-11-12 17:44:25 - [TEST_STEP][PASSED] - out.println("Pass Record Number: " + row): null

2024-11-12 17:44:25 - [TEST_STEP][PASSED] - resText = "Pass": null

2024-11-12 17:44:25 - [TEST_STEP][PASSED] - pages.WriteExcel.demoKey(resText, datText, resColumn, datCloumn, fileLoc, nameSheet, row): pages.WriteExcel.demoKey is PASSED

2024-11-12 17:44:25 - [MESSAGE][PASSED] - pages.WriteExcel.demoKey is PASSED

2024-11-12 17:44:25 - [TEST_STEP][PASSED] - ExecuteTC = findTestData(dataFile).getValue("Execute", row): null

2024-11-12 17:44:25 - [TEST_STEP][PASSED] - Taxtype = findTestData(dataFile).getValue("TaxType", row): null

2024-11-12 17:44:25 - [TEST_STEP][PASSED] - TaxTypeEL = findTestData(dataFile).getValue("TaxTypeEL", row): null

2024-11-12 17:44:25 - [TEST_STEP][PASSED] - notInvNumber = findTestData(dataFile).getValue("NotiInvoNumber", row): null

2024-11-12 17:44:25 - [TEST_STEP][PASSED] - errorMsg = findTestData(dataFile).getValue("ErrorMessage", row): null

2024-11-12 17:44:25 - [TEST_STEP][PASSED] - out.println("Value of Execute is : " + ExecuteTC): null

2024-11-12 17:44:25 - [TEST_STEP][PASSED] - if (ExecuteTC.equalsIgnoreCase("Y")): null

2024-11-12 17:44:25 - [TEST_STEP][PASSED] - out.println("Begin Record Number: " + row): null

2024-11-12 17:44:25 - [TEST_STEP][PASSED] - today = new java.util.Date(): null

2024-11-12 17:44:25 - [TEST_STEP][PASSED] - println(today): null

2024-11-12 17:44:25 - [TEST_STEP][PASSED] - datText = today: null

2024-11-12 17:44:25 - [TEST_STEP][PASSED] - Taxtype = findTestData(dataFile).getValue("TaxType", row): null

2024-11-12 17:44:25 - [TEST_STEP][PASSED] - out.println("Taxtype value is : " + Taxtype): null

2024-11-12 17:44:25 - [TEST_STEP][PASSED] - openBrowser(""): Browser is opened with url: ''

2024-11-12 17:44:25 - [MESSAGE][WARNING] - A browser is already opened. Closing browser and opening a new one

2024-11-12 17:44:27 - [MESSAGE][INFO] - Starting 'Chrome' driver

2024-11-12 17:44:27 - [MESSAGE][INFO] - User set preference: ['acceptInsecureCerts', 'true']

2024-11-12 17:44:27 - [MESSAGE][INFO] - Action delay is set to 0 milliseconds

2024-11-12 17:44:28 - [MESSAGE][PASSED] - Browser is opened with url: ''

2024-11-12 17:44:28 - [TEST_STEP][PASSED] - maximizeWindow(): Current window maximized

2024-11-12 17:44:28 - [MESSAGE][PASSED] - Current window maximized

2024-11-12 17:44:28 - [TEST_STEP][PASSED] - navigateToUrl(RADurl): Navigate to 'https://www.velocitypayment.com/client/rad/index.html' successfully

2024-11-12 17:44:30 - [MESSAGE][PASSED] - Navigate to 'https://www.velocitypayment.com/client/rad/index.html' successfully

2024-11-12 17:44:30 - [TEST_STEP][PASSED] - orPath_Landing = "Object Repository/RAD_Pages/Landing_Page": null

2024-11-12 17:44:30 - [TEST_STEP][PASSED] - orPath_TaxTypeFilingYear = "Object Repository/RAD_Pages/TaxTypeFilingYear_Page": null

2024-11-12 17:44:30 - [TEST_STEP][PASSED] - orPath_TaxPayer = "Object Repository/RAD_Pages/Taxpayer_Page": null

2024-11-12 17:44:30 - [TEST_STEP][PASSED] - orPath_AddressContact = "Object Repository/RAD_Pages/AddressAndContactInfo_Page": null

2024-11-12 17:44:30 - [TEST_STEP][PASSED] - orPath_FilingStatus = "Object Repository/RAD_Pages/FilingStatus_Page": null

2024-11-12 17:44:30 - [TEST_STEP][PASSED] - orPath_Amount = "Object Repository/RAD_Pages/PaymentAmount_Page": null

2024-11-12 17:44:30 - [TEST_STEP][PASSED] - orPath_TaxInfo = "Object Repository/RAD_Pages/TaxInfo_Page": null

2024-11-12 17:44:30 - [TEST_STEP][PASSED] - orPath_Withholding = "Object Repository/RAD_Pages/Withholding_Page": null

2024-11-12 17:44:30 - [TEST_STEP][PASSED] - orPath_Summary = "Object Repository/RAD_Pages/Summary_Page": null

2024-11-12 17:44:30 - [TEST_STEP][PASSED] - orPath_PaymentReady = "Object Repository/RAD_Pages/PaymentReady_Page": null

2024-11-12 17:44:30 - [TEST_STEP][PASSED] - orPath_PaymentEntry = "Object Repository/RAD_Pages/PaymentEntry_Page": null

2024-11-12 17:44:30 - [TEST_STEP][PASSED] - orPath_PaymentConfirmation = "Object Repository/RAD_Pages/PaymentConfirmation_Page": null

2024-11-12 17:44:30 - [TEST_STEP][PASSED] - orPath_ServiceFeesAccept = "Object Repository/RAD_Pages/ServiceFeeAccept_Page": null

2024-11-12 17:44:30 - [TEST_STEP][PASSED] - selectOptionByLabel(findTestObject(orPath_Landing + "/dd_TaxType"), Taxtype, false): All options with label 'Existing Liability with Notice/Invoice Number' are selected in object 'Object Repository/RAD_Pages/Landing_Page/dd_TaxType' 

2024-11-12 17:44:31 - [MESSAGE][PASSED] - All options with label 'Existing Liability with Notice/Invoice Number' are selected in object 'Object Repository/RAD_Pages/Landing_Page/dd_TaxType' 

2024-11-12 17:44:31 - [TEST_STEP][PASSED] - delay(1): Delayed 1 second(s)

2024-11-12 17:44:32 - [MESSAGE][PASSED] - Delayed 1 second(s)

2024-11-12 17:44:32 - [TEST_STEP][PASSED] - selectOptionByLabel(findTestObject(orPath_TaxTypeFilingYear + "/select_TaxType_ExistingLiability"), TaxTypeEL, false): All options with label 'PTE Non-Electing Non-S Corp' are selected in object 'Object Repository/RAD_Pages/TaxTypeFilingYear_Page/select_TaxType_ExistingLiability' 

2024-11-12 17:44:32 - [MESSAGE][PASSED] - All options with label 'PTE Non-Electing Non-S Corp' are selected in object 'Object Repository/RAD_Pages/TaxTypeFilingYear_Page/select_TaxType_ExistingLiability' 

2024-11-12 17:44:32 - [TEST_STEP][PASSED] - setText(findTestObject(orPath_TaxInfo + "/input_NoticeInvoiceNumber"), notInvNumber): Text '123456789012' is set on object 'Object Repository/RAD_Pages/TaxInfo_Page/input_NoticeInvoiceNumber'

2024-11-12 17:44:33 - [MESSAGE][PASSED] - Text '123456789012' is set on object 'Object Repository/RAD_Pages/TaxInfo_Page/input_NoticeInvoiceNumber'

2024-11-12 17:44:33 - [TEST_STEP][PASSED] - setText(findTestObject(orPath_TaxInfo + "/input_reTypeNoticeInvoiceNumber"), notInvNumber): Text '123456789012' is set on object 'Object Repository/RAD_Pages/TaxInfo_Page/input_reTypeNoticeInvoiceNumber'

2024-11-12 17:44:34 - [MESSAGE][PASSED] - Text '123456789012' is set on object 'Object Repository/RAD_Pages/TaxInfo_Page/input_reTypeNoticeInvoiceNumber'

2024-11-12 17:44:34 - [TEST_STEP][PASSED] - println(notInvNumber): null

2024-11-12 17:44:34 - [TEST_STEP][PASSED] - if (verifyTextPresent(errorMsg, true)): null

2024-11-12 17:44:34 - [MESSAGE][PASSED] - Text 'Notice Number or Invoice Number must be 10, 11, or 13 digits in length, with a value greater than zero' is present on page  using regular expression

2024-11-12 17:44:34 - [TEST_STEP][PASSED] - println("Error Message is present on the page"): null

2024-11-12 17:44:34 - [TEST_STEP][PASSED] - out.println("Pass Record Number: " + row): null

2024-11-12 17:44:34 - [TEST_STEP][PASSED] - resText = "Pass": null

2024-11-12 17:44:34 - [TEST_STEP][PASSED] - pages.WriteExcel.demoKey(resText, datText, resColumn, datCloumn, fileLoc, nameSheet, row): pages.WriteExcel.demoKey is PASSED

2024-11-12 17:44:34 - [MESSAGE][PASSED] - pages.WriteExcel.demoKey is PASSED

2024-11-12 17:44:34 - [TEST_STEP][PASSED] - ExecuteTC = findTestData(dataFile).getValue("Execute", row): null

2024-11-12 17:44:34 - [TEST_STEP][PASSED] - Taxtype = findTestData(dataFile).getValue("TaxType", row): null

2024-11-12 17:44:34 - [TEST_STEP][PASSED] - TaxTypeEL = findTestData(dataFile).getValue("TaxTypeEL", row): null

2024-11-12 17:44:35 - [TEST_STEP][PASSED] - notInvNumber = findTestData(dataFile).getValue("NotiInvoNumber", row): null

2024-11-12 17:44:35 - [TEST_STEP][PASSED] - errorMsg = findTestData(dataFile).getValue("ErrorMessage", row): null

2024-11-12 17:44:35 - [TEST_STEP][PASSED] - out.println("Value of Execute is : " + ExecuteTC): null

2024-11-12 17:44:35 - [TEST_STEP][PASSED] - if (ExecuteTC.equalsIgnoreCase("Y")): null

2024-11-12 17:44:35 - [TEST_STEP][PASSED] - out.println("Begin Record Number: " + row): null

2024-11-12 17:44:35 - [TEST_STEP][PASSED] - today = new java.util.Date(): null

2024-11-12 17:44:35 - [TEST_STEP][PASSED] - println(today): null

2024-11-12 17:44:35 - [TEST_STEP][PASSED] - datText = today: null

2024-11-12 17:44:35 - [TEST_STEP][PASSED] - Taxtype = findTestData(dataFile).getValue("TaxType", row): null

2024-11-12 17:44:35 - [TEST_STEP][PASSED] - out.println("Taxtype value is : " + Taxtype): null

2024-11-12 17:44:35 - [TEST_STEP][PASSED] - openBrowser(""): Browser is opened with url: ''

2024-11-12 17:44:35 - [MESSAGE][WARNING] - A browser is already opened. Closing browser and opening a new one

2024-11-12 17:44:38 - [MESSAGE][INFO] - Starting 'Chrome' driver

2024-11-12 17:44:38 - [MESSAGE][INFO] - User set preference: ['acceptInsecureCerts', 'true']

2024-11-12 17:44:38 - [MESSAGE][INFO] - Action delay is set to 0 milliseconds

2024-11-12 17:44:40 - [MESSAGE][PASSED] - Browser is opened with url: ''

2024-11-12 17:44:40 - [TEST_STEP][PASSED] - maximizeWindow(): Current window maximized

2024-11-12 17:44:40 - [MESSAGE][PASSED] - Current window maximized

2024-11-12 17:44:40 - [TEST_STEP][PASSED] - navigateToUrl(RADurl): Navigate to 'https://www.velocitypayment.com/client/rad/index.html' successfully

2024-11-12 17:44:42 - [MESSAGE][PASSED] - Navigate to 'https://www.velocitypayment.com/client/rad/index.html' successfully

2024-11-12 17:44:42 - [TEST_STEP][PASSED] - orPath_Landing = "Object Repository/RAD_Pages/Landing_Page": null

2024-11-12 17:44:42 - [TEST_STEP][PASSED] - orPath_TaxTypeFilingYear = "Object Repository/RAD_Pages/TaxTypeFilingYear_Page": null

2024-11-12 17:44:42 - [TEST_STEP][PASSED] - orPath_TaxPayer = "Object Repository/RAD_Pages/Taxpayer_Page": null

2024-11-12 17:44:42 - [TEST_STEP][PASSED] - orPath_AddressContact = "Object Repository/RAD_Pages/AddressAndContactInfo_Page": null

2024-11-12 17:44:42 - [TEST_STEP][PASSED] - orPath_FilingStatus = "Object Repository/RAD_Pages/FilingStatus_Page": null

2024-11-12 17:44:42 - [TEST_STEP][PASSED] - orPath_Amount = "Object Repository/RAD_Pages/PaymentAmount_Page": null

2024-11-12 17:44:42 - [TEST_STEP][PASSED] - orPath_TaxInfo = "Object Repository/RAD_Pages/TaxInfo_Page": null

2024-11-12 17:44:42 - [TEST_STEP][PASSED] - orPath_Withholding = "Object Repository/RAD_Pages/Withholding_Page": null

2024-11-12 17:44:42 - [TEST_STEP][PASSED] - orPath_Summary = "Object Repository/RAD_Pages/Summary_Page": null

2024-11-12 17:44:42 - [TEST_STEP][PASSED] - orPath_PaymentReady = "Object Repository/RAD_Pages/PaymentReady_Page": null

2024-11-12 17:44:42 - [TEST_STEP][PASSED] - orPath_PaymentEntry = "Object Repository/RAD_Pages/PaymentEntry_Page": null

2024-11-12 17:44:42 - [TEST_STEP][PASSED] - orPath_PaymentConfirmation = "Object Repository/RAD_Pages/PaymentConfirmation_Page": null

2024-11-12 17:44:42 - [TEST_STEP][PASSED] - orPath_ServiceFeesAccept = "Object Repository/RAD_Pages/ServiceFeeAccept_Page": null

2024-11-12 17:44:42 - [TEST_STEP][PASSED] - selectOptionByLabel(findTestObject(orPath_Landing + "/dd_TaxType"), Taxtype, false): All options with label 'Existing Liability with Notice/Invoice Number' are selected in object 'Object Repository/RAD_Pages/Landing_Page/dd_TaxType' 

2024-11-12 17:44:42 - [MESSAGE][PASSED] - All options with label 'Existing Liability with Notice/Invoice Number' are selected in object 'Object Repository/RAD_Pages/Landing_Page/dd_TaxType' 

2024-11-12 17:44:42 - [TEST_STEP][PASSED] - delay(1): Delayed 1 second(s)

2024-11-12 17:44:43 - [MESSAGE][PASSED] - Delayed 1 second(s)

2024-11-12 17:44:43 - [TEST_STEP][PASSED] - selectOptionByLabel(findTestObject(orPath_TaxTypeFilingYear + "/select_TaxType_ExistingLiability"), TaxTypeEL, false): All options with label 'PTE Non-Electing Non-S Corp' are selected in object 'Object Repository/RAD_Pages/TaxTypeFilingYear_Page/select_TaxType_ExistingLiability' 

2024-11-12 17:44:44 - [MESSAGE][PASSED] - All options with label 'PTE Non-Electing Non-S Corp' are selected in object 'Object Repository/RAD_Pages/TaxTypeFilingYear_Page/select_TaxType_ExistingLiability' 

2024-11-12 17:44:44 - [TEST_STEP][PASSED] - setText(findTestObject(orPath_TaxInfo + "/input_NoticeInvoiceNumber"), notInvNumber): Text '0000000000' is set on object 'Object Repository/RAD_Pages/TaxInfo_Page/input_NoticeInvoiceNumber'

2024-11-12 17:44:45 - [MESSAGE][PASSED] - Text '0000000000' is set on object 'Object Repository/RAD_Pages/TaxInfo_Page/input_NoticeInvoiceNumber'

2024-11-12 17:44:45 - [TEST_STEP][PASSED] - setText(findTestObject(orPath_TaxInfo + "/input_reTypeNoticeInvoiceNumber"), notInvNumber): Text '0000000000' is set on object 'Object Repository/RAD_Pages/TaxInfo_Page/input_reTypeNoticeInvoiceNumber'

2024-11-12 17:44:46 - [MESSAGE][PASSED] - Text '0000000000' is set on object 'Object Repository/RAD_Pages/TaxInfo_Page/input_reTypeNoticeInvoiceNumber'

2024-11-12 17:44:46 - [TEST_STEP][PASSED] - println(notInvNumber): null

2024-11-12 17:44:46 - [TEST_STEP][PASSED] - if (verifyTextPresent(errorMsg, true)): null

2024-11-12 17:44:46 - [MESSAGE][PASSED] - Text 'Notice Number or Invoice Number must be 10, 11, or 13 digits in length, with a value greater than zero' is present on page  using regular expression

2024-11-12 17:44:46 - [TEST_STEP][PASSED] - println("Error Message is present on the page"): null

2024-11-12 17:44:46 - [TEST_STEP][PASSED] - out.println("Pass Record Number: " + row): null

2024-11-12 17:44:46 - [TEST_STEP][PASSED] - resText = "Pass": null

2024-11-12 17:44:46 - [TEST_STEP][PASSED] - pages.WriteExcel.demoKey(resText, datText, resColumn, datCloumn, fileLoc, nameSheet, row): pages.WriteExcel.demoKey is PASSED

2024-11-12 17:44:46 - [MESSAGE][PASSED] - pages.WriteExcel.demoKey is PASSED

2024-11-12 17:44:46 - [TEST_STEP][PASSED] - ExecuteTC = findTestData(dataFile).getValue("Execute", row): null

2024-11-12 17:44:46 - [TEST_STEP][PASSED] - Taxtype = findTestData(dataFile).getValue("TaxType", row): null

2024-11-12 17:44:46 - [TEST_STEP][PASSED] - TaxTypeEL = findTestData(dataFile).getValue("TaxTypeEL", row): null

2024-11-12 17:44:46 - [TEST_STEP][PASSED] - notInvNumber = findTestData(dataFile).getValue("NotiInvoNumber", row): null

2024-11-12 17:44:47 - [TEST_STEP][PASSED] - errorMsg = findTestData(dataFile).getValue("ErrorMessage", row): null

2024-11-12 17:44:47 - [TEST_STEP][PASSED] - out.println("Value of Execute is : " + ExecuteTC): null

2024-11-12 17:44:47 - [TEST_STEP][PASSED] - if (ExecuteTC.equalsIgnoreCase("Y")): null

2024-11-12 17:44:47 - [TEST_STEP][PASSED] - out.println("Begin Record Number: " + row): null

2024-11-12 17:44:47 - [TEST_STEP][PASSED] - today = new java.util.Date(): null

2024-11-12 17:44:47 - [TEST_STEP][PASSED] - println(today): null

2024-11-12 17:44:47 - [TEST_STEP][PASSED] - datText = today: null

2024-11-12 17:44:47 - [TEST_STEP][PASSED] - Taxtype = findTestData(dataFile).getValue("TaxType", row): null

2024-11-12 17:44:47 - [TEST_STEP][PASSED] - out.println("Taxtype value is : " + Taxtype): null

2024-11-12 17:44:47 - [TEST_STEP][PASSED] - openBrowser(""): Browser is opened with url: ''

2024-11-12 17:44:47 - [MESSAGE][WARNING] - A browser is already opened. Closing browser and opening a new one

2024-11-12 17:44:48 - [MESSAGE][INFO] - Starting 'Chrome' driver

2024-11-12 17:44:48 - [MESSAGE][INFO] - User set preference: ['acceptInsecureCerts', 'true']

2024-11-12 17:44:48 - [MESSAGE][INFO] - Action delay is set to 0 milliseconds

2024-11-12 17:44:49 - [MESSAGE][PASSED] - Browser is opened with url: ''

2024-11-12 17:44:49 - [TEST_STEP][PASSED] - maximizeWindow(): Current window maximized

2024-11-12 17:44:50 - [MESSAGE][PASSED] - Current window maximized

2024-11-12 17:44:50 - [TEST_STEP][PASSED] - navigateToUrl(RADurl): Navigate to 'https://www.velocitypayment.com/client/rad/index.html' successfully

2024-11-12 17:44:50 - [MESSAGE][PASSED] - Navigate to 'https://www.velocitypayment.com/client/rad/index.html' successfully

2024-11-12 17:44:50 - [TEST_STEP][PASSED] - orPath_Landing = "Object Repository/RAD_Pages/Landing_Page": null

2024-11-12 17:44:50 - [TEST_STEP][PASSED] - orPath_TaxTypeFilingYear = "Object Repository/RAD_Pages/TaxTypeFilingYear_Page": null

2024-11-12 17:44:50 - [TEST_STEP][PASSED] - orPath_TaxPayer = "Object Repository/RAD_Pages/Taxpayer_Page": null

2024-11-12 17:44:50 - [TEST_STEP][PASSED] - orPath_AddressContact = "Object Repository/RAD_Pages/AddressAndContactInfo_Page": null

2024-11-12 17:44:50 - [TEST_STEP][PASSED] - orPath_FilingStatus = "Object Repository/RAD_Pages/FilingStatus_Page": null

2024-11-12 17:44:50 - [TEST_STEP][PASSED] - orPath_Amount = "Object Repository/RAD_Pages/PaymentAmount_Page": null

2024-11-12 17:44:50 - [TEST_STEP][PASSED] - orPath_TaxInfo = "Object Repository/RAD_Pages/TaxInfo_Page": null

2024-11-12 17:44:50 - [TEST_STEP][PASSED] - orPath_Withholding = "Object Repository/RAD_Pages/Withholding_Page": null

2024-11-12 17:44:50 - [TEST_STEP][PASSED] - orPath_Summary = "Object Repository/RAD_Pages/Summary_Page": null

2024-11-12 17:44:50 - [TEST_STEP][PASSED] - orPath_PaymentReady = "Object Repository/RAD_Pages/PaymentReady_Page": null

2024-11-12 17:44:50 - [TEST_STEP][PASSED] - orPath_PaymentEntry = "Object Repository/RAD_Pages/PaymentEntry_Page": null

2024-11-12 17:44:50 - [TEST_STEP][PASSED] - orPath_PaymentConfirmation = "Object Repository/RAD_Pages/PaymentConfirmation_Page": null

2024-11-12 17:44:50 - [TEST_STEP][PASSED] - orPath_ServiceFeesAccept = "Object Repository/RAD_Pages/ServiceFeeAccept_Page": null

2024-11-12 17:44:50 - [TEST_STEP][PASSED] - selectOptionByLabel(findTestObject(orPath_Landing + "/dd_TaxType"), Taxtype, false): All options with label 'Existing Liability with Notice/Invoice Number' are selected in object 'Object Repository/RAD_Pages/Landing_Page/dd_TaxType' 

2024-11-12 17:44:52 - [MESSAGE][PASSED] - All options with label 'Existing Liability with Notice/Invoice Number' are selected in object 'Object Repository/RAD_Pages/Landing_Page/dd_TaxType' 

2024-11-12 17:44:52 - [TEST_STEP][PASSED] - delay(1): Delayed 1 second(s)

2024-11-12 17:44:53 - [MESSAGE][PASSED] - Delayed 1 second(s)

2024-11-12 17:44:53 - [TEST_STEP][PASSED] - selectOptionByLabel(findTestObject(orPath_TaxTypeFilingYear + "/select_TaxType_ExistingLiability"), TaxTypeEL, false): All options with label 'PTE Non-Electing S Corp' are selected in object 'Object Repository/RAD_Pages/TaxTypeFilingYear_Page/select_TaxType_ExistingLiability' 

2024-11-12 17:44:54 - [MESSAGE][PASSED] - All options with label 'PTE Non-Electing S Corp' are selected in object 'Object Repository/RAD_Pages/TaxTypeFilingYear_Page/select_TaxType_ExistingLiability' 

2024-11-12 17:44:54 - [TEST_STEP][PASSED] - setText(findTestObject(orPath_TaxInfo + "/input_NoticeInvoiceNumber"), notInvNumber): Text '123456789' is set on object 'Object Repository/RAD_Pages/TaxInfo_Page/input_NoticeInvoiceNumber'

2024-11-12 17:44:54 - [MESSAGE][PASSED] - Text '123456789' is set on object 'Object Repository/RAD_Pages/TaxInfo_Page/input_NoticeInvoiceNumber'

2024-11-12 17:44:54 - [TEST_STEP][PASSED] - setText(findTestObject(orPath_TaxInfo + "/input_reTypeNoticeInvoiceNumber"), notInvNumber): Text '123456789' is set on object 'Object Repository/RAD_Pages/TaxInfo_Page/input_reTypeNoticeInvoiceNumber'

2024-11-12 17:44:55 - [MESSAGE][PASSED] - Text '123456789' is set on object 'Object Repository/RAD_Pages/TaxInfo_Page/input_reTypeNoticeInvoiceNumber'

2024-11-12 17:44:55 - [TEST_STEP][PASSED] - println(notInvNumber): null

2024-11-12 17:44:55 - [TEST_STEP][PASSED] - if (verifyTextPresent(errorMsg, true)): null

2024-11-12 17:44:56 - [MESSAGE][PASSED] - Text 'Notice Number or Invoice Number must be 10, 11, or 13 digits in length, with a value greater than zero' is present on page  using regular expression

2024-11-12 17:44:56 - [TEST_STEP][PASSED] - println("Error Message is present on the page"): null

2024-11-12 17:44:56 - [TEST_STEP][PASSED] - out.println("Pass Record Number: " + row): null

2024-11-12 17:44:56 - [TEST_STEP][PASSED] - resText = "Pass": null

2024-11-12 17:44:56 - [TEST_STEP][PASSED] - pages.WriteExcel.demoKey(resText, datText, resColumn, datCloumn, fileLoc, nameSheet, row): pages.WriteExcel.demoKey is PASSED

2024-11-12 17:44:56 - [MESSAGE][PASSED] - pages.WriteExcel.demoKey is PASSED

2024-11-12 17:44:56 - [TEST_STEP][PASSED] - ExecuteTC = findTestData(dataFile).getValue("Execute", row): null

2024-11-12 17:44:56 - [TEST_STEP][PASSED] - Taxtype = findTestData(dataFile).getValue("TaxType", row): null

2024-11-12 17:44:56 - [TEST_STEP][PASSED] - TaxTypeEL = findTestData(dataFile).getValue("TaxTypeEL", row): null

2024-11-12 17:44:56 - [TEST_STEP][PASSED] - notInvNumber = findTestData(dataFile).getValue("NotiInvoNumber", row): null

2024-11-12 17:44:56 - [TEST_STEP][PASSED] - errorMsg = findTestData(dataFile).getValue("ErrorMessage", row): null

2024-11-12 17:44:56 - [TEST_STEP][PASSED] - out.println("Value of Execute is : " + ExecuteTC): null

2024-11-12 17:44:56 - [TEST_STEP][PASSED] - if (ExecuteTC.equalsIgnoreCase("Y")): null

2024-11-12 17:44:56 - [TEST_STEP][PASSED] - out.println("Begin Record Number: " + row): null

2024-11-12 17:44:56 - [TEST_STEP][PASSED] - today = new java.util.Date(): null

2024-11-12 17:44:56 - [TEST_STEP][PASSED] - println(today): null

2024-11-12 17:44:56 - [TEST_STEP][PASSED] - datText = today: null

2024-11-12 17:44:56 - [TEST_STEP][PASSED] - Taxtype = findTestData(dataFile).getValue("TaxType", row): null

2024-11-12 17:44:56 - [TEST_STEP][PASSED] - out.println("Taxtype value is : " + Taxtype): null

2024-11-12 17:44:56 - [TEST_STEP][PASSED] - openBrowser(""): Browser is opened with url: ''

2024-11-12 17:44:56 - [MESSAGE][WARNING] - A browser is already opened. Closing browser and opening a new one

2024-11-12 17:44:57 - [MESSAGE][INFO] - Starting 'Chrome' driver

2024-11-12 17:44:57 - [MESSAGE][INFO] - User set preference: ['acceptInsecureCerts', 'true']

2024-11-12 17:44:57 - [MESSAGE][INFO] - Action delay is set to 0 milliseconds

2024-11-12 17:44:59 - [MESSAGE][PASSED] - Browser is opened with url: ''

2024-11-12 17:44:59 - [TEST_STEP][PASSED] - maximizeWindow(): Current window maximized

2024-11-12 17:44:59 - [MESSAGE][PASSED] - Current window maximized

2024-11-12 17:44:59 - [TEST_STEP][PASSED] - navigateToUrl(RADurl): Navigate to 'https://www.velocitypayment.com/client/rad/index.html' successfully

2024-11-12 17:45:01 - [MESSAGE][PASSED] - Navigate to 'https://www.velocitypayment.com/client/rad/index.html' successfully

2024-11-12 17:45:01 - [TEST_STEP][PASSED] - orPath_Landing = "Object Repository/RAD_Pages/Landing_Page": null

2024-11-12 17:45:01 - [TEST_STEP][PASSED] - orPath_TaxTypeFilingYear = "Object Repository/RAD_Pages/TaxTypeFilingYear_Page": null

2024-11-12 17:45:01 - [TEST_STEP][PASSED] - orPath_TaxPayer = "Object Repository/RAD_Pages/Taxpayer_Page": null

2024-11-12 17:45:01 - [TEST_STEP][PASSED] - orPath_AddressContact = "Object Repository/RAD_Pages/AddressAndContactInfo_Page": null

2024-11-12 17:45:01 - [TEST_STEP][PASSED] - orPath_FilingStatus = "Object Repository/RAD_Pages/FilingStatus_Page": null

2024-11-12 17:45:01 - [TEST_STEP][PASSED] - orPath_Amount = "Object Repository/RAD_Pages/PaymentAmount_Page": null

2024-11-12 17:45:01 - [TEST_STEP][PASSED] - orPath_TaxInfo = "Object Repository/RAD_Pages/TaxInfo_Page": null

2024-11-12 17:45:01 - [TEST_STEP][PASSED] - orPath_Withholding = "Object Repository/RAD_Pages/Withholding_Page": null

2024-11-12 17:45:01 - [TEST_STEP][PASSED] - orPath_Summary = "Object Repository/RAD_Pages/Summary_Page": null

2024-11-12 17:45:01 - [TEST_STEP][PASSED] - orPath_PaymentReady = "Object Repository/RAD_Pages/PaymentReady_Page": null

2024-11-12 17:45:01 - [TEST_STEP][PASSED] - orPath_PaymentEntry = "Object Repository/RAD_Pages/PaymentEntry_Page": null

2024-11-12 17:45:01 - [TEST_STEP][PASSED] - orPath_PaymentConfirmation = "Object Repository/RAD_Pages/PaymentConfirmation_Page": null

2024-11-12 17:45:01 - [TEST_STEP][PASSED] - orPath_ServiceFeesAccept = "Object Repository/RAD_Pages/ServiceFeeAccept_Page": null

2024-11-12 17:45:01 - [TEST_STEP][PASSED] - selectOptionByLabel(findTestObject(orPath_Landing + "/dd_TaxType"), Taxtype, false): All options with label 'Existing Liability with Notice/Invoice Number' are selected in object 'Object Repository/RAD_Pages/Landing_Page/dd_TaxType' 

2024-11-12 17:45:01 - [MESSAGE][PASSED] - All options with label 'Existing Liability with Notice/Invoice Number' are selected in object 'Object Repository/RAD_Pages/Landing_Page/dd_TaxType' 

2024-11-12 17:45:01 - [TEST_STEP][PASSED] - delay(1): Delayed 1 second(s)

2024-11-12 17:45:02 - [MESSAGE][PASSED] - Delayed 1 second(s)

2024-11-12 17:45:02 - [TEST_STEP][PASSED] - selectOptionByLabel(findTestObject(orPath_TaxTypeFilingYear + "/select_TaxType_ExistingLiability"), TaxTypeEL, false): All options with label 'PTE Non-Electing S Corp' are selected in object 'Object Repository/RAD_Pages/TaxTypeFilingYear_Page/select_TaxType_ExistingLiability' 

2024-11-12 17:45:03 - [MESSAGE][PASSED] - All options with label 'PTE Non-Electing S Corp' are selected in object 'Object Repository/RAD_Pages/TaxTypeFilingYear_Page/select_TaxType_ExistingLiability' 

2024-11-12 17:45:03 - [TEST_STEP][PASSED] - setText(findTestObject(orPath_TaxInfo + "/input_NoticeInvoiceNumber"), notInvNumber): Text '123456789012' is set on object 'Object Repository/RAD_Pages/TaxInfo_Page/input_NoticeInvoiceNumber'

2024-11-12 17:45:04 - [MESSAGE][PASSED] - Text '123456789012' is set on object 'Object Repository/RAD_Pages/TaxInfo_Page/input_NoticeInvoiceNumber'

2024-11-12 17:45:04 - [TEST_STEP][PASSED] - setText(findTestObject(orPath_TaxInfo + "/input_reTypeNoticeInvoiceNumber"), notInvNumber): Text '123456789012' is set on object 'Object Repository/RAD_Pages/TaxInfo_Page/input_reTypeNoticeInvoiceNumber'

2024-11-12 17:45:05 - [MESSAGE][PASSED] - Text '123456789012' is set on object 'Object Repository/RAD_Pages/TaxInfo_Page/input_reTypeNoticeInvoiceNumber'

2024-11-12 17:45:05 - [TEST_STEP][PASSED] - println(notInvNumber): null

2024-11-12 17:45:05 - [TEST_STEP][PASSED] - if (verifyTextPresent(errorMsg, true)): null

2024-11-12 17:45:05 - [MESSAGE][PASSED] - Text 'Notice Number or Invoice Number must be 10, 11, or 13 digits in length, with a value greater than zero' is present on page  using regular expression

2024-11-12 17:45:05 - [TEST_STEP][PASSED] - println("Error Message is present on the page"): null

2024-11-12 17:45:05 - [TEST_STEP][PASSED] - out.println("Pass Record Number: " + row): null

2024-11-12 17:45:05 - [TEST_STEP][PASSED] - resText = "Pass": null

2024-11-12 17:45:05 - [TEST_STEP][PASSED] - pages.WriteExcel.demoKey(resText, datText, resColumn, datCloumn, fileLoc, nameSheet, row): pages.WriteExcel.demoKey is PASSED

2024-11-12 17:45:05 - [MESSAGE][PASSED] - pages.WriteExcel.demoKey is PASSED

2024-11-12 17:45:05 - [TEST_STEP][PASSED] - ExecuteTC = findTestData(dataFile).getValue("Execute", row): null

2024-11-12 17:45:05 - [TEST_STEP][PASSED] - Taxtype = findTestData(dataFile).getValue("TaxType", row): null

2024-11-12 17:45:05 - [TEST_STEP][PASSED] - TaxTypeEL = findTestData(dataFile).getValue("TaxTypeEL", row): null

2024-11-12 17:45:05 - [TEST_STEP][PASSED] - notInvNumber = findTestData(dataFile).getValue("NotiInvoNumber", row): null

2024-11-12 17:45:05 - [TEST_STEP][PASSED] - errorMsg = findTestData(dataFile).getValue("ErrorMessage", row): null

2024-11-12 17:45:05 - [TEST_STEP][PASSED] - out.println("Value of Execute is : " + ExecuteTC): null

2024-11-12 17:45:05 - [TEST_STEP][PASSED] - if (ExecuteTC.equalsIgnoreCase("Y")): null

2024-11-12 17:45:05 - [TEST_STEP][PASSED] - out.println("Begin Record Number: " + row): null

2024-11-12 17:45:05 - [TEST_STEP][PASSED] - today = new java.util.Date(): null

2024-11-12 17:45:05 - [TEST_STEP][PASSED] - println(today): null

2024-11-12 17:45:05 - [TEST_STEP][PASSED] - datText = today: null

2024-11-12 17:45:05 - [TEST_STEP][PASSED] - Taxtype = findTestData(dataFile).getValue("TaxType", row): null

2024-11-12 17:45:05 - [TEST_STEP][PASSED] - out.println("Taxtype value is : " + Taxtype): null

2024-11-12 17:45:05 - [TEST_STEP][PASSED] - openBrowser(""): Browser is opened with url: ''

2024-11-12 17:45:05 - [MESSAGE][WARNING] - A browser is already opened. Closing browser and opening a new one

2024-11-12 17:45:07 - [MESSAGE][INFO] - Starting 'Chrome' driver

2024-11-12 17:45:07 - [MESSAGE][INFO] - User set preference: ['acceptInsecureCerts', 'true']

2024-11-12 17:45:07 - [MESSAGE][INFO] - Action delay is set to 0 milliseconds

2024-11-12 17:45:08 - [MESSAGE][PASSED] - Browser is opened with url: ''

2024-11-12 17:45:08 - [TEST_STEP][PASSED] - maximizeWindow(): Current window maximized

2024-11-12 17:45:08 - [MESSAGE][PASSED] - Current window maximized

2024-11-12 17:45:08 - [TEST_STEP][PASSED] - navigateToUrl(RADurl): Navigate to 'https://www.velocitypayment.com/client/rad/index.html' successfully

2024-11-12 17:45:10 - [MESSAGE][PASSED] - Navigate to 'https://www.velocitypayment.com/client/rad/index.html' successfully

2024-11-12 17:45:10 - [TEST_STEP][PASSED] - orPath_Landing = "Object Repository/RAD_Pages/Landing_Page": null

2024-11-12 17:45:10 - [TEST_STEP][PASSED] - orPath_TaxTypeFilingYear = "Object Repository/RAD_Pages/TaxTypeFilingYear_Page": null

2024-11-12 17:45:10 - [TEST_STEP][PASSED] - orPath_TaxPayer = "Object Repository/RAD_Pages/Taxpayer_Page": null

2024-11-12 17:45:10 - [TEST_STEP][PASSED] - orPath_AddressContact = "Object Repository/RAD_Pages/AddressAndContactInfo_Page": null

2024-11-12 17:45:10 - [TEST_STEP][PASSED] - orPath_FilingStatus = "Object Repository/RAD_Pages/FilingStatus_Page": null

2024-11-12 17:45:10 - [TEST_STEP][PASSED] - orPath_Amount = "Object Repository/RAD_Pages/PaymentAmount_Page": null

2024-11-12 17:45:10 - [TEST_STEP][PASSED] - orPath_TaxInfo = "Object Repository/RAD_Pages/TaxInfo_Page": null

2024-11-12 17:45:10 - [TEST_STEP][PASSED] - orPath_Withholding = "Object Repository/RAD_Pages/Withholding_Page": null

2024-11-12 17:45:10 - [TEST_STEP][PASSED] - orPath_Summary = "Object Repository/RAD_Pages/Summary_Page": null

2024-11-12 17:45:10 - [TEST_STEP][PASSED] - orPath_PaymentReady = "Object Repository/RAD_Pages/PaymentReady_Page": null

2024-11-12 17:45:10 - [TEST_STEP][PASSED] - orPath_PaymentEntry = "Object Repository/RAD_Pages/PaymentEntry_Page": null

2024-11-12 17:45:10 - [TEST_STEP][PASSED] - orPath_PaymentConfirmation = "Object Repository/RAD_Pages/PaymentConfirmation_Page": null

2024-11-12 17:45:10 - [TEST_STEP][PASSED] - orPath_ServiceFeesAccept = "Object Repository/RAD_Pages/ServiceFeeAccept_Page": null

2024-11-12 17:45:10 - [TEST_STEP][PASSED] - selectOptionByLabel(findTestObject(orPath_Landing + "/dd_TaxType"), Taxtype, false): All options with label 'Existing Liability with Notice/Invoice Number' are selected in object 'Object Repository/RAD_Pages/Landing_Page/dd_TaxType' 

2024-11-12 17:45:11 - [MESSAGE][PASSED] - All options with label 'Existing Liability with Notice/Invoice Number' are selected in object 'Object Repository/RAD_Pages/Landing_Page/dd_TaxType' 

2024-11-12 17:45:11 - [TEST_STEP][PASSED] - delay(1): Delayed 1 second(s)

2024-11-12 17:45:12 - [MESSAGE][PASSED] - Delayed 1 second(s)

2024-11-12 17:45:12 - [TEST_STEP][PASSED] - selectOptionByLabel(findTestObject(orPath_TaxTypeFilingYear + "/select_TaxType_ExistingLiability"), TaxTypeEL, false): All options with label 'PTE Non-Electing S Corp' are selected in object 'Object Repository/RAD_Pages/TaxTypeFilingYear_Page/select_TaxType_ExistingLiability' 

2024-11-12 17:45:12 - [MESSAGE][PASSED] - All options with label 'PTE Non-Electing S Corp' are selected in object 'Object Repository/RAD_Pages/TaxTypeFilingYear_Page/select_TaxType_ExistingLiability' 

2024-11-12 17:45:12 - [TEST_STEP][PASSED] - setText(findTestObject(orPath_TaxInfo + "/input_NoticeInvoiceNumber"), notInvNumber): Text '0000000000' is set on object 'Object Repository/RAD_Pages/TaxInfo_Page/input_NoticeInvoiceNumber'

2024-11-12 17:45:13 - [MESSAGE][PASSED] - Text '0000000000' is set on object 'Object Repository/RAD_Pages/TaxInfo_Page/input_NoticeInvoiceNumber'

2024-11-12 17:45:13 - [TEST_STEP][PASSED] - setText(findTestObject(orPath_TaxInfo + "/input_reTypeNoticeInvoiceNumber"), notInvNumber): Text '0000000000' is set on object 'Object Repository/RAD_Pages/TaxInfo_Page/input_reTypeNoticeInvoiceNumber'

2024-11-12 17:45:14 - [MESSAGE][PASSED] - Text '0000000000' is set on object 'Object Repository/RAD_Pages/TaxInfo_Page/input_reTypeNoticeInvoiceNumber'

2024-11-12 17:45:14 - [TEST_STEP][PASSED] - println(notInvNumber): null

2024-11-12 17:45:14 - [TEST_STEP][PASSED] - if (verifyTextPresent(errorMsg, true)): null

2024-11-12 17:45:14 - [MESSAGE][PASSED] - Text 'Notice Number or Invoice Number must be 10, 11, or 13 digits in length, with a value greater than zero' is present on page  using regular expression

2024-11-12 17:45:14 - [TEST_STEP][PASSED] - println("Error Message is present on the page"): null

2024-11-12 17:45:14 - [TEST_STEP][PASSED] - out.println("Pass Record Number: " + row): null

2024-11-12 17:45:14 - [TEST_STEP][PASSED] - resText = "Pass": null

2024-11-12 17:45:14 - [TEST_STEP][PASSED] - pages.WriteExcel.demoKey(resText, datText, resColumn, datCloumn, fileLoc, nameSheet, row): pages.WriteExcel.demoKey is PASSED

2024-11-12 17:45:14 - [MESSAGE][PASSED] - pages.WriteExcel.demoKey is PASSED

2024-11-12 17:45:14 - [TEST_STEP][PASSED] - ExecuteTC = findTestData(dataFile).getValue("Execute", row): null

2024-11-12 17:45:14 - [TEST_STEP][PASSED] - Taxtype = findTestData(dataFile).getValue("TaxType", row): null

2024-11-12 17:45:15 - [TEST_STEP][PASSED] - TaxTypeEL = findTestData(dataFile).getValue("TaxTypeEL", row): null

2024-11-12 17:45:15 - [TEST_STEP][PASSED] - notInvNumber = findTestData(dataFile).getValue("NotiInvoNumber", row): null

2024-11-12 17:45:15 - [TEST_STEP][PASSED] - errorMsg = findTestData(dataFile).getValue("ErrorMessage", row): null

2024-11-12 17:45:15 - [TEST_STEP][PASSED] - out.println("Value of Execute is : " + ExecuteTC): null

2024-11-12 17:45:15 - [TEST_STEP][PASSED] - if (ExecuteTC.equalsIgnoreCase("Y")): null

2024-11-12 17:45:15 - [TEST_STEP][PASSED] - out.println("Begin Record Number: " + row): null

2024-11-12 17:45:15 - [TEST_STEP][PASSED] - today = new java.util.Date(): null

2024-11-12 17:45:15 - [TEST_STEP][PASSED] - println(today): null

2024-11-12 17:45:15 - [TEST_STEP][PASSED] - datText = today: null

2024-11-12 17:45:15 - [TEST_STEP][PASSED] - Taxtype = findTestData(dataFile).getValue("TaxType", row): null

2024-11-12 17:45:15 - [TEST_STEP][PASSED] - out.println("Taxtype value is : " + Taxtype): null

2024-11-12 17:45:15 - [TEST_STEP][PASSED] - openBrowser(""): Browser is opened with url: ''

2024-11-12 17:45:15 - [MESSAGE][WARNING] - A browser is already opened. Closing browser and opening a new one

2024-11-12 17:45:16 - [MESSAGE][INFO] - Starting 'Chrome' driver

2024-11-12 17:45:16 - [MESSAGE][INFO] - User set preference: ['acceptInsecureCerts', 'true']

2024-11-12 17:45:16 - [MESSAGE][INFO] - Action delay is set to 0 milliseconds

2024-11-12 17:45:18 - [MESSAGE][PASSED] - Browser is opened with url: ''

2024-11-12 17:45:18 - [TEST_STEP][PASSED] - maximizeWindow(): Current window maximized

2024-11-12 17:45:18 - [MESSAGE][PASSED] - Current window maximized

2024-11-12 17:45:18 - [TEST_STEP][PASSED] - navigateToUrl(RADurl): Navigate to 'https://www.velocitypayment.com/client/rad/index.html' successfully

2024-11-12 17:45:19 - [MESSAGE][PASSED] - Navigate to 'https://www.velocitypayment.com/client/rad/index.html' successfully

2024-11-12 17:45:19 - [TEST_STEP][PASSED] - orPath_Landing = "Object Repository/RAD_Pages/Landing_Page": null

2024-11-12 17:45:19 - [TEST_STEP][PASSED] - orPath_TaxTypeFilingYear = "Object Repository/RAD_Pages/TaxTypeFilingYear_Page": null

2024-11-12 17:45:19 - [TEST_STEP][PASSED] - orPath_TaxPayer = "Object Repository/RAD_Pages/Taxpayer_Page": null

2024-11-12 17:45:19 - [TEST_STEP][PASSED] - orPath_AddressContact = "Object Repository/RAD_Pages/AddressAndContactInfo_Page": null

2024-11-12 17:45:19 - [TEST_STEP][PASSED] - orPath_FilingStatus = "Object Repository/RAD_Pages/FilingStatus_Page": null

2024-11-12 17:45:19 - [TEST_STEP][PASSED] - orPath_Amount = "Object Repository/RAD_Pages/PaymentAmount_Page": null

2024-11-12 17:45:19 - [TEST_STEP][PASSED] - orPath_TaxInfo = "Object Repository/RAD_Pages/TaxInfo_Page": null

2024-11-12 17:45:19 - [TEST_STEP][PASSED] - orPath_Withholding = "Object Repository/RAD_Pages/Withholding_Page": null

2024-11-12 17:45:19 - [TEST_STEP][PASSED] - orPath_Summary = "Object Repository/RAD_Pages/Summary_Page": null

2024-11-12 17:45:19 - [TEST_STEP][PASSED] - orPath_PaymentReady = "Object Repository/RAD_Pages/PaymentReady_Page": null

2024-11-12 17:45:19 - [TEST_STEP][PASSED] - orPath_PaymentEntry = "Object Repository/RAD_Pages/PaymentEntry_Page": null

2024-11-12 17:45:19 - [TEST_STEP][PASSED] - orPath_PaymentConfirmation = "Object Repository/RAD_Pages/PaymentConfirmation_Page": null

2024-11-12 17:45:19 - [TEST_STEP][PASSED] - orPath_ServiceFeesAccept = "Object Repository/RAD_Pages/ServiceFeeAccept_Page": null

2024-11-12 17:45:19 - [TEST_STEP][PASSED] - selectOptionByLabel(findTestObject(orPath_Landing + "/dd_TaxType"), Taxtype, false): All options with label 'Existing Liability with Notice/Invoice Number' are selected in object 'Object Repository/RAD_Pages/Landing_Page/dd_TaxType' 

2024-11-12 17:45:20 - [MESSAGE][PASSED] - All options with label 'Existing Liability with Notice/Invoice Number' are selected in object 'Object Repository/RAD_Pages/Landing_Page/dd_TaxType' 

2024-11-12 17:45:20 - [TEST_STEP][PASSED] - delay(1): Delayed 1 second(s)

2024-11-12 17:45:21 - [MESSAGE][PASSED] - Delayed 1 second(s)

2024-11-12 17:45:21 - [TEST_STEP][PASSED] - selectOptionByLabel(findTestObject(orPath_TaxTypeFilingYear + "/select_TaxType_ExistingLiability"), TaxTypeEL, false): All options with label 'Sales & Use Tax' are selected in object 'Object Repository/RAD_Pages/TaxTypeFilingYear_Page/select_TaxType_ExistingLiability' 

2024-11-12 17:45:22 - [MESSAGE][PASSED] - All options with label 'Sales & Use Tax' are selected in object 'Object Repository/RAD_Pages/TaxTypeFilingYear_Page/select_TaxType_ExistingLiability' 

2024-11-12 17:45:22 - [TEST_STEP][PASSED] - setText(findTestObject(orPath_TaxInfo + "/input_NoticeInvoiceNumber"), notInvNumber): Text '123456789' is set on object 'Object Repository/RAD_Pages/TaxInfo_Page/input_NoticeInvoiceNumber'

2024-11-12 17:45:22 - [MESSAGE][PASSED] - Text '123456789' is set on object 'Object Repository/RAD_Pages/TaxInfo_Page/input_NoticeInvoiceNumber'

2024-11-12 17:45:22 - [TEST_STEP][PASSED] - setText(findTestObject(orPath_TaxInfo + "/input_reTypeNoticeInvoiceNumber"), notInvNumber): Text '123456789' is set on object 'Object Repository/RAD_Pages/TaxInfo_Page/input_reTypeNoticeInvoiceNumber'

2024-11-12 17:45:23 - [MESSAGE][PASSED] - Text '123456789' is set on object 'Object Repository/RAD_Pages/TaxInfo_Page/input_reTypeNoticeInvoiceNumber'

2024-11-12 17:45:23 - [TEST_STEP][PASSED] - println(notInvNumber): null

2024-11-12 17:45:23 - [TEST_STEP][PASSED] - if (verifyTextPresent(errorMsg, true)): null

2024-11-12 17:45:24 - [MESSAGE][PASSED] - Text 'Notice Number or Invoice Number must be 10, 11, or 13 digits in length, with a value greater than zero' is present on page  using regular expression

2024-11-12 17:45:24 - [TEST_STEP][PASSED] - println("Error Message is present on the page"): null

2024-11-12 17:45:24 - [TEST_STEP][PASSED] - out.println("Pass Record Number: " + row): null

2024-11-12 17:45:24 - [TEST_STEP][PASSED] - resText = "Pass": null

2024-11-12 17:45:24 - [TEST_STEP][PASSED] - pages.WriteExcel.demoKey(resText, datText, resColumn, datCloumn, fileLoc, nameSheet, row): pages.WriteExcel.demoKey is PASSED

2024-11-12 17:45:24 - [MESSAGE][PASSED] - pages.WriteExcel.demoKey is PASSED

2024-11-12 17:45:24 - [TEST_STEP][PASSED] - ExecuteTC = findTestData(dataFile).getValue("Execute", row): null

2024-11-12 17:45:24 - [TEST_STEP][PASSED] - Taxtype = findTestData(dataFile).getValue("TaxType", row): null

2024-11-12 17:45:24 - [TEST_STEP][PASSED] - TaxTypeEL = findTestData(dataFile).getValue("TaxTypeEL", row): null

2024-11-12 17:45:24 - [TEST_STEP][PASSED] - notInvNumber = findTestData(dataFile).getValue("NotiInvoNumber", row): null

2024-11-12 17:45:24 - [TEST_STEP][PASSED] - errorMsg = findTestData(dataFile).getValue("ErrorMessage", row): null

2024-11-12 17:45:24 - [TEST_STEP][PASSED] - out.println("Value of Execute is : " + ExecuteTC): null

2024-11-12 17:45:24 - [TEST_STEP][PASSED] - if (ExecuteTC.equalsIgnoreCase("Y")): null

2024-11-12 17:45:24 - [TEST_STEP][PASSED] - out.println("Begin Record Number: " + row): null

2024-11-12 17:45:24 - [TEST_STEP][PASSED] - today = new java.util.Date(): null

2024-11-12 17:45:24 - [TEST_STEP][PASSED] - println(today): null

2024-11-12 17:45:24 - [TEST_STEP][PASSED] - datText = today: null

2024-11-12 17:45:24 - [TEST_STEP][PASSED] - Taxtype = findTestData(dataFile).getValue("TaxType", row): null

2024-11-12 17:45:24 - [TEST_STEP][PASSED] - out.println("Taxtype value is : " + Taxtype): null

2024-11-12 17:45:24 - [TEST_STEP][PASSED] - openBrowser(""): Browser is opened with url: ''

2024-11-12 17:45:24 - [MESSAGE][WARNING] - A browser is already opened. Closing browser and opening a new one

2024-11-12 17:45:25 - [MESSAGE][INFO] - Starting 'Chrome' driver

2024-11-12 17:45:25 - [MESSAGE][INFO] - User set preference: ['acceptInsecureCerts', 'true']

2024-11-12 17:45:25 - [MESSAGE][INFO] - Action delay is set to 0 milliseconds

2024-11-12 17:45:27 - [MESSAGE][PASSED] - Browser is opened with url: ''

2024-11-12 17:45:27 - [TEST_STEP][PASSED] - maximizeWindow(): Current window maximized

2024-11-12 17:45:27 - [MESSAGE][PASSED] - Current window maximized

2024-11-12 17:45:27 - [TEST_STEP][PASSED] - navigateToUrl(RADurl): Navigate to 'https://www.velocitypayment.com/client/rad/index.html' successfully

2024-11-12 17:45:29 - [MESSAGE][PASSED] - Navigate to 'https://www.velocitypayment.com/client/rad/index.html' successfully

2024-11-12 17:45:29 - [TEST_STEP][PASSED] - orPath_Landing = "Object Repository/RAD_Pages/Landing_Page": null

2024-11-12 17:45:29 - [TEST_STEP][PASSED] - orPath_TaxTypeFilingYear = "Object Repository/RAD_Pages/TaxTypeFilingYear_Page": null

2024-11-12 17:45:29 - [TEST_STEP][PASSED] - orPath_TaxPayer = "Object Repository/RAD_Pages/Taxpayer_Page": null

2024-11-12 17:45:29 - [TEST_STEP][PASSED] - orPath_AddressContact = "Object Repository/RAD_Pages/AddressAndContactInfo_Page": null

2024-11-12 17:45:29 - [TEST_STEP][PASSED] - orPath_FilingStatus = "Object Repository/RAD_Pages/FilingStatus_Page": null

2024-11-12 17:45:29 - [TEST_STEP][PASSED] - orPath_Amount = "Object Repository/RAD_Pages/PaymentAmount_Page": null

2024-11-12 17:45:29 - [TEST_STEP][PASSED] - orPath_TaxInfo = "Object Repository/RAD_Pages/TaxInfo_Page": null

2024-11-12 17:45:29 - [TEST_STEP][PASSED] - orPath_Withholding = "Object Repository/RAD_Pages/Withholding_Page": null

2024-11-12 17:45:29 - [TEST_STEP][PASSED] - orPath_Summary = "Object Repository/RAD_Pages/Summary_Page": null

2024-11-12 17:45:29 - [TEST_STEP][PASSED] - orPath_PaymentReady = "Object Repository/RAD_Pages/PaymentReady_Page": null

2024-11-12 17:45:29 - [TEST_STEP][PASSED] - orPath_PaymentEntry = "Object Repository/RAD_Pages/PaymentEntry_Page": null

2024-11-12 17:45:29 - [TEST_STEP][PASSED] - orPath_PaymentConfirmation = "Object Repository/RAD_Pages/PaymentConfirmation_Page": null

2024-11-12 17:45:29 - [TEST_STEP][PASSED] - orPath_ServiceFeesAccept = "Object Repository/RAD_Pages/ServiceFeeAccept_Page": null

2024-11-12 17:45:29 - [TEST_STEP][PASSED] - selectOptionByLabel(findTestObject(orPath_Landing + "/dd_TaxType"), Taxtype, false): All options with label 'Existing Liability with Notice/Invoice Number' are selected in object 'Object Repository/RAD_Pages/Landing_Page/dd_TaxType' 

2024-11-12 17:45:29 - [MESSAGE][PASSED] - All options with label 'Existing Liability with Notice/Invoice Number' are selected in object 'Object Repository/RAD_Pages/Landing_Page/dd_TaxType' 

2024-11-12 17:45:29 - [TEST_STEP][PASSED] - delay(1): Delayed 1 second(s)

2024-11-12 17:45:30 - [MESSAGE][PASSED] - Delayed 1 second(s)

2024-11-12 17:45:30 - [TEST_STEP][PASSED] - selectOptionByLabel(findTestObject(orPath_TaxTypeFilingYear + "/select_TaxType_ExistingLiability"), TaxTypeEL, false): All options with label 'Sales & Use Tax' are selected in object 'Object Repository/RAD_Pages/TaxTypeFilingYear_Page/select_TaxType_ExistingLiability' 

2024-11-12 17:45:31 - [MESSAGE][PASSED] - All options with label 'Sales & Use Tax' are selected in object 'Object Repository/RAD_Pages/TaxTypeFilingYear_Page/select_TaxType_ExistingLiability' 

2024-11-12 17:45:31 - [TEST_STEP][PASSED] - setText(findTestObject(orPath_TaxInfo + "/input_NoticeInvoiceNumber"), notInvNumber): Text '123456789012' is set on object 'Object Repository/RAD_Pages/TaxInfo_Page/input_NoticeInvoiceNumber'

2024-11-12 17:45:32 - [MESSAGE][PASSED] - Text '123456789012' is set on object 'Object Repository/RAD_Pages/TaxInfo_Page/input_NoticeInvoiceNumber'

2024-11-12 17:45:32 - [TEST_STEP][PASSED] - setText(findTestObject(orPath_TaxInfo + "/input_reTypeNoticeInvoiceNumber"), notInvNumber): Text '123456789012' is set on object 'Object Repository/RAD_Pages/TaxInfo_Page/input_reTypeNoticeInvoiceNumber'

2024-11-12 17:45:33 - [MESSAGE][PASSED] - Text '123456789012' is set on object 'Object Repository/RAD_Pages/TaxInfo_Page/input_reTypeNoticeInvoiceNumber'

2024-11-12 17:45:33 - [TEST_STEP][PASSED] - println(notInvNumber): null

2024-11-12 17:45:33 - [TEST_STEP][PASSED] - if (verifyTextPresent(errorMsg, true)): null

2024-11-12 17:45:33 - [MESSAGE][PASSED] - Text 'Notice Number or Invoice Number must be 10, 11, or 13 digits in length, with a value greater than zero' is present on page  using regular expression

2024-11-12 17:45:33 - [TEST_STEP][PASSED] - println("Error Message is present on the page"): null

2024-11-12 17:45:33 - [TEST_STEP][PASSED] - out.println("Pass Record Number: " + row): null

2024-11-12 17:45:33 - [TEST_STEP][PASSED] - resText = "Pass": null

2024-11-12 17:45:33 - [TEST_STEP][PASSED] - pages.WriteExcel.demoKey(resText, datText, resColumn, datCloumn, fileLoc, nameSheet, row): pages.WriteExcel.demoKey is PASSED

2024-11-12 17:45:33 - [MESSAGE][PASSED] - pages.WriteExcel.demoKey is PASSED

2024-11-12 17:45:33 - [TEST_STEP][PASSED] - ExecuteTC = findTestData(dataFile).getValue("Execute", row): null

2024-11-12 17:45:33 - [TEST_STEP][PASSED] - Taxtype = findTestData(dataFile).getValue("TaxType", row): null

2024-11-12 17:45:33 - [TEST_STEP][PASSED] - TaxTypeEL = findTestData(dataFile).getValue("TaxTypeEL", row): null

2024-11-12 17:45:33 - [TEST_STEP][PASSED] - notInvNumber = findTestData(dataFile).getValue("NotiInvoNumber", row): null

2024-11-12 17:45:33 - [TEST_STEP][PASSED] - errorMsg = findTestData(dataFile).getValue("ErrorMessage", row): null

2024-11-12 17:45:33 - [TEST_STEP][PASSED] - out.println("Value of Execute is : " + ExecuteTC): null

2024-11-12 17:45:33 - [TEST_STEP][PASSED] - if (ExecuteTC.equalsIgnoreCase("Y")): null

2024-11-12 17:45:33 - [TEST_STEP][PASSED] - out.println("Begin Record Number: " + row): null

2024-11-12 17:45:33 - [TEST_STEP][PASSED] - today = new java.util.Date(): null

2024-11-12 17:45:33 - [TEST_STEP][PASSED] - println(today): null

2024-11-12 17:45:33 - [TEST_STEP][PASSED] - datText = today: null

2024-11-12 17:45:33 - [TEST_STEP][PASSED] - Taxtype = findTestData(dataFile).getValue("TaxType", row): null

2024-11-12 17:45:33 - [TEST_STEP][PASSED] - out.println("Taxtype value is : " + Taxtype): null

2024-11-12 17:45:33 - [TEST_STEP][PASSED] - openBrowser(""): Browser is opened with url: ''

2024-11-12 17:45:33 - [MESSAGE][WARNING] - A browser is already opened. Closing browser and opening a new one

2024-11-12 17:45:35 - [MESSAGE][INFO] - Starting 'Chrome' driver

2024-11-12 17:45:35 - [MESSAGE][INFO] - User set preference: ['acceptInsecureCerts', 'true']

2024-11-12 17:45:35 - [MESSAGE][INFO] - Action delay is set to 0 milliseconds

2024-11-12 17:45:37 - [MESSAGE][PASSED] - Browser is opened with url: ''

2024-11-12 17:45:37 - [TEST_STEP][PASSED] - maximizeWindow(): Current window maximized

2024-11-12 17:45:37 - [MESSAGE][PASSED] - Current window maximized

2024-11-12 17:45:37 - [TEST_STEP][PASSED] - navigateToUrl(RADurl): Navigate to 'https://www.velocitypayment.com/client/rad/index.html' successfully

2024-11-12 17:45:41 - [MESSAGE][PASSED] - Navigate to 'https://www.velocitypayment.com/client/rad/index.html' successfully

2024-11-12 17:45:41 - [TEST_STEP][PASSED] - orPath_Landing = "Object Repository/RAD_Pages/Landing_Page": null

2024-11-12 17:45:41 - [TEST_STEP][PASSED] - orPath_TaxTypeFilingYear = "Object Repository/RAD_Pages/TaxTypeFilingYear_Page": null

2024-11-12 17:45:41 - [TEST_STEP][PASSED] - orPath_TaxPayer = "Object Repository/RAD_Pages/Taxpayer_Page": null

2024-11-12 17:45:41 - [TEST_STEP][PASSED] - orPath_AddressContact = "Object Repository/RAD_Pages/AddressAndContactInfo_Page": null

2024-11-12 17:45:41 - [TEST_STEP][PASSED] - orPath_FilingStatus = "Object Repository/RAD_Pages/FilingStatus_Page": null

2024-11-12 17:45:41 - [TEST_STEP][PASSED] - orPath_Amount = "Object Repository/RAD_Pages/PaymentAmount_Page": null

2024-11-12 17:45:41 - [TEST_STEP][PASSED] - orPath_TaxInfo = "Object Repository/RAD_Pages/TaxInfo_Page": null

2024-11-12 17:45:41 - [TEST_STEP][PASSED] - orPath_Withholding = "Object Repository/RAD_Pages/Withholding_Page": null

2024-11-12 17:45:41 - [TEST_STEP][PASSED] - orPath_Summary = "Object Repository/RAD_Pages/Summary_Page": null

2024-11-12 17:45:41 - [TEST_STEP][PASSED] - orPath_PaymentReady = "Object Repository/RAD_Pages/PaymentReady_Page": null

2024-11-12 17:45:41 - [TEST_STEP][PASSED] - orPath_PaymentEntry = "Object Repository/RAD_Pages/PaymentEntry_Page": null

2024-11-12 17:45:41 - [TEST_STEP][PASSED] - orPath_PaymentConfirmation = "Object Repository/RAD_Pages/PaymentConfirmation_Page": null

2024-11-12 17:45:41 - [TEST_STEP][PASSED] - orPath_ServiceFeesAccept = "Object Repository/RAD_Pages/ServiceFeeAccept_Page": null

2024-11-12 17:45:41 - [TEST_STEP][PASSED] - selectOptionByLabel(findTestObject(orPath_Landing + "/dd_TaxType"), Taxtype, false): All options with label 'Existing Liability with Notice/Invoice Number' are selected in object 'Object Repository/RAD_Pages/Landing_Page/dd_TaxType' 

2024-11-12 17:45:42 - [MESSAGE][PASSED] - All options with label 'Existing Liability with Notice/Invoice Number' are selected in object 'Object Repository/RAD_Pages/Landing_Page/dd_TaxType' 

2024-11-12 17:45:42 - [TEST_STEP][PASSED] - delay(1): Delayed 1 second(s)

2024-11-12 17:45:43 - [MESSAGE][PASSED] - Delayed 1 second(s)

2024-11-12 17:45:43 - [TEST_STEP][PASSED] - selectOptionByLabel(findTestObject(orPath_TaxTypeFilingYear + "/select_TaxType_ExistingLiability"), TaxTypeEL, false): All options with label 'Sales & Use Tax' are selected in object 'Object Repository/RAD_Pages/TaxTypeFilingYear_Page/select_TaxType_ExistingLiability' 

2024-11-12 17:45:44 - [MESSAGE][PASSED] - All options with label 'Sales & Use Tax' are selected in object 'Object Repository/RAD_Pages/TaxTypeFilingYear_Page/select_TaxType_ExistingLiability' 

2024-11-12 17:45:44 - [TEST_STEP][PASSED] - setText(findTestObject(orPath_TaxInfo + "/input_NoticeInvoiceNumber"), notInvNumber): Text '0000000000' is set on object 'Object Repository/RAD_Pages/TaxInfo_Page/input_NoticeInvoiceNumber'

2024-11-12 17:45:44 - [MESSAGE][PASSED] - Text '0000000000' is set on object 'Object Repository/RAD_Pages/TaxInfo_Page/input_NoticeInvoiceNumber'

2024-11-12 17:45:44 - [TEST_STEP][PASSED] - setText(findTestObject(orPath_TaxInfo + "/input_reTypeNoticeInvoiceNumber"), notInvNumber): Text '0000000000' is set on object 'Object Repository/RAD_Pages/TaxInfo_Page/input_reTypeNoticeInvoiceNumber'

2024-11-12 17:45:45 - [MESSAGE][PASSED] - Text '0000000000' is set on object 'Object Repository/RAD_Pages/TaxInfo_Page/input_reTypeNoticeInvoiceNumber'

2024-11-12 17:45:45 - [TEST_STEP][PASSED] - println(notInvNumber): null

2024-11-12 17:45:45 - [TEST_STEP][PASSED] - if (verifyTextPresent(errorMsg, true)): null

2024-11-12 17:45:46 - [MESSAGE][PASSED] - Text 'Notice Number or Invoice Number must be 10, 11, or 13 digits in length, with a value greater than zero' is present on page  using regular expression

2024-11-12 17:45:46 - [TEST_STEP][PASSED] - println("Error Message is present on the page"): null

2024-11-12 17:45:46 - [TEST_STEP][PASSED] - out.println("Pass Record Number: " + row): null

2024-11-12 17:45:46 - [TEST_STEP][PASSED] - resText = "Pass": null

2024-11-12 17:45:46 - [TEST_STEP][PASSED] - pages.WriteExcel.demoKey(resText, datText, resColumn, datCloumn, fileLoc, nameSheet, row): pages.WriteExcel.demoKey is PASSED

2024-11-12 17:45:46 - [MESSAGE][PASSED] - pages.WriteExcel.demoKey is PASSED

2024-11-12 17:45:46 - [TEST_STEP][PASSED] - ExecuteTC = findTestData(dataFile).getValue("Execute", row): null

2024-11-12 17:45:46 - [TEST_STEP][PASSED] - Taxtype = findTestData(dataFile).getValue("TaxType", row): null

2024-11-12 17:45:46 - [TEST_STEP][PASSED] - TaxTypeEL = findTestData(dataFile).getValue("TaxTypeEL", row): null

2024-11-12 17:45:46 - [TEST_STEP][PASSED] - notInvNumber = findTestData(dataFile).getValue("NotiInvoNumber", row): null

2024-11-12 17:45:46 - [TEST_STEP][PASSED] - errorMsg = findTestData(dataFile).getValue("ErrorMessage", row): null

2024-11-12 17:45:46 - [TEST_STEP][PASSED] - out.println("Value of Execute is : " + ExecuteTC): null

2024-11-12 17:45:46 - [TEST_STEP][PASSED] - if (ExecuteTC.equalsIgnoreCase("Y")): null

2024-11-12 17:45:46 - [TEST_STEP][PASSED] - out.println("Begin Record Number: " + row): null

2024-11-12 17:45:46 - [TEST_STEP][PASSED] - today = new java.util.Date(): null

2024-11-12 17:45:46 - [TEST_STEP][PASSED] - println(today): null

2024-11-12 17:45:46 - [TEST_STEP][PASSED] - datText = today: null

2024-11-12 17:45:46 - [TEST_STEP][PASSED] - Taxtype = findTestData(dataFile).getValue("TaxType", row): null

2024-11-12 17:45:46 - [TEST_STEP][PASSED] - out.println("Taxtype value is : " + Taxtype): null

2024-11-12 17:45:46 - [TEST_STEP][PASSED] - openBrowser(""): Browser is opened with url: ''

2024-11-12 17:45:46 - [MESSAGE][WARNING] - A browser is already opened. Closing browser and opening a new one

2024-11-12 17:45:47 - [MESSAGE][INFO] - Starting 'Chrome' driver

2024-11-12 17:45:47 - [MESSAGE][INFO] - User set preference: ['acceptInsecureCerts', 'true']

2024-11-12 17:45:47 - [MESSAGE][INFO] - Action delay is set to 0 milliseconds

2024-11-12 17:45:49 - [MESSAGE][PASSED] - Browser is opened with url: ''

2024-11-12 17:45:49 - [TEST_STEP][PASSED] - maximizeWindow(): Current window maximized

2024-11-12 17:45:49 - [MESSAGE][PASSED] - Current window maximized

2024-11-12 17:45:49 - [TEST_STEP][PASSED] - navigateToUrl(RADurl): Navigate to 'https://www.velocitypayment.com/client/rad/index.html' successfully

2024-11-12 17:45:51 - [MESSAGE][PASSED] - Navigate to 'https://www.velocitypayment.com/client/rad/index.html' successfully

2024-11-12 17:45:51 - [TEST_STEP][PASSED] - orPath_Landing = "Object Repository/RAD_Pages/Landing_Page": null

2024-11-12 17:45:51 - [TEST_STEP][PASSED] - orPath_TaxTypeFilingYear = "Object Repository/RAD_Pages/TaxTypeFilingYear_Page": null

2024-11-12 17:45:51 - [TEST_STEP][PASSED] - orPath_TaxPayer = "Object Repository/RAD_Pages/Taxpayer_Page": null

2024-11-12 17:45:51 - [TEST_STEP][PASSED] - orPath_AddressContact = "Object Repository/RAD_Pages/AddressAndContactInfo_Page": null

2024-11-12 17:45:51 - [TEST_STEP][PASSED] - orPath_FilingStatus = "Object Repository/RAD_Pages/FilingStatus_Page": null

2024-11-12 17:45:51 - [TEST_STEP][PASSED] - orPath_Amount = "Object Repository/RAD_Pages/PaymentAmount_Page": null

2024-11-12 17:45:51 - [TEST_STEP][PASSED] - orPath_TaxInfo = "Object Repository/RAD_Pages/TaxInfo_Page": null

2024-11-12 17:45:51 - [TEST_STEP][PASSED] - orPath_Withholding = "Object Repository/RAD_Pages/Withholding_Page": null

2024-11-12 17:45:51 - [TEST_STEP][PASSED] - orPath_Summary = "Object Repository/RAD_Pages/Summary_Page": null

2024-11-12 17:45:51 - [TEST_STEP][PASSED] - orPath_PaymentReady = "Object Repository/RAD_Pages/PaymentReady_Page": null

2024-11-12 17:45:51 - [TEST_STEP][PASSED] - orPath_PaymentEntry = "Object Repository/RAD_Pages/PaymentEntry_Page": null

2024-11-12 17:45:51 - [TEST_STEP][PASSED] - orPath_PaymentConfirmation = "Object Repository/RAD_Pages/PaymentConfirmation_Page": null

2024-11-12 17:45:51 - [TEST_STEP][PASSED] - orPath_ServiceFeesAccept = "Object Repository/RAD_Pages/ServiceFeeAccept_Page": null

2024-11-12 17:45:51 - [TEST_STEP][PASSED] - selectOptionByLabel(findTestObject(orPath_Landing + "/dd_TaxType"), Taxtype, false): All options with label 'Existing Liability with Notice/Invoice Number' are selected in object 'Object Repository/RAD_Pages/Landing_Page/dd_TaxType' 

2024-11-12 17:45:51 - [MESSAGE][PASSED] - All options with label 'Existing Liability with Notice/Invoice Number' are selected in object 'Object Repository/RAD_Pages/Landing_Page/dd_TaxType' 

2024-11-12 17:45:51 - [TEST_STEP][PASSED] - delay(1): Delayed 1 second(s)

2024-11-12 17:45:52 - [MESSAGE][PASSED] - Delayed 1 second(s)

2024-11-12 17:45:52 - [TEST_STEP][PASSED] - selectOptionByLabel(findTestObject(orPath_TaxTypeFilingYear + "/select_TaxType_ExistingLiability"), TaxTypeEL, false): All options with label 'Tire Recycling Fee' are selected in object 'Object Repository/RAD_Pages/TaxTypeFilingYear_Page/select_TaxType_ExistingLiability' 

2024-11-12 17:45:53 - [MESSAGE][PASSED] - All options with label 'Tire Recycling Fee' are selected in object 'Object Repository/RAD_Pages/TaxTypeFilingYear_Page/select_TaxType_ExistingLiability' 

2024-11-12 17:45:53 - [TEST_STEP][PASSED] - setText(findTestObject(orPath_TaxInfo + "/input_NoticeInvoiceNumber"), notInvNumber): Text '123456789' is set on object 'Object Repository/RAD_Pages/TaxInfo_Page/input_NoticeInvoiceNumber'

2024-11-12 17:45:54 - [MESSAGE][PASSED] - Text '123456789' is set on object 'Object Repository/RAD_Pages/TaxInfo_Page/input_NoticeInvoiceNumber'

2024-11-12 17:45:54 - [TEST_STEP][PASSED] - setText(findTestObject(orPath_TaxInfo + "/input_reTypeNoticeInvoiceNumber"), notInvNumber): Text '123456789' is set on object 'Object Repository/RAD_Pages/TaxInfo_Page/input_reTypeNoticeInvoiceNumber'

2024-11-12 17:45:55 - [MESSAGE][PASSED] - Text '123456789' is set on object 'Object Repository/RAD_Pages/TaxInfo_Page/input_reTypeNoticeInvoiceNumber'

2024-11-12 17:45:55 - [TEST_STEP][PASSED] - println(notInvNumber): null

2024-11-12 17:45:55 - [TEST_STEP][PASSED] - if (verifyTextPresent(errorMsg, true)): null

2024-11-12 17:45:55 - [MESSAGE][PASSED] - Text 'Notice Number or Invoice Number must be 10, 11, or 13 digits in length, with a value greater than zero' is present on page  using regular expression

2024-11-12 17:45:55 - [TEST_STEP][PASSED] - println("Error Message is present on the page"): null

2024-11-12 17:45:55 - [TEST_STEP][PASSED] - out.println("Pass Record Number: " + row): null

2024-11-12 17:45:55 - [TEST_STEP][PASSED] - resText = "Pass": null

2024-11-12 17:45:55 - [TEST_STEP][PASSED] - pages.WriteExcel.demoKey(resText, datText, resColumn, datCloumn, fileLoc, nameSheet, row): pages.WriteExcel.demoKey is PASSED

2024-11-12 17:45:55 - [MESSAGE][PASSED] - pages.WriteExcel.demoKey is PASSED

2024-11-12 17:45:55 - [TEST_STEP][PASSED] - ExecuteTC = findTestData(dataFile).getValue("Execute", row): null

2024-11-12 17:45:55 - [TEST_STEP][PASSED] - Taxtype = findTestData(dataFile).getValue("TaxType", row): null

2024-11-12 17:45:55 - [TEST_STEP][PASSED] - TaxTypeEL = findTestData(dataFile).getValue("TaxTypeEL", row): null

2024-11-12 17:45:55 - [TEST_STEP][PASSED] - notInvNumber = findTestData(dataFile).getValue("NotiInvoNumber", row): null

2024-11-12 17:45:55 - [TEST_STEP][PASSED] - errorMsg = findTestData(dataFile).getValue("ErrorMessage", row): null

2024-11-12 17:45:55 - [TEST_STEP][PASSED] - out.println("Value of Execute is : " + ExecuteTC): null

2024-11-12 17:45:55 - [TEST_STEP][PASSED] - if (ExecuteTC.equalsIgnoreCase("Y")): null

2024-11-12 17:45:55 - [TEST_STEP][PASSED] - out.println("Begin Record Number: " + row): null

2024-11-12 17:45:55 - [TEST_STEP][PASSED] - today = new java.util.Date(): null

2024-11-12 17:45:55 - [TEST_STEP][PASSED] - println(today): null

2024-11-12 17:45:55 - [TEST_STEP][PASSED] - datText = today: null

2024-11-12 17:45:55 - [TEST_STEP][PASSED] - Taxtype = findTestData(dataFile).getValue("TaxType", row): null

2024-11-12 17:45:55 - [TEST_STEP][PASSED] - out.println("Taxtype value is : " + Taxtype): null

2024-11-12 17:45:55 - [TEST_STEP][PASSED] - openBrowser(""): Browser is opened with url: ''

2024-11-12 17:45:55 - [MESSAGE][WARNING] - A browser is already opened. Closing browser and opening a new one

2024-11-12 17:45:57 - [MESSAGE][INFO] - Starting 'Chrome' driver

2024-11-12 17:45:57 - [MESSAGE][INFO] - User set preference: ['acceptInsecureCerts', 'true']

2024-11-12 17:45:57 - [MESSAGE][INFO] - Action delay is set to 0 milliseconds

2024-11-12 17:45:58 - [MESSAGE][PASSED] - Browser is opened with url: ''

2024-11-12 17:45:58 - [TEST_STEP][PASSED] - maximizeWindow(): Current window maximized

2024-11-12 17:45:58 - [MESSAGE][PASSED] - Current window maximized

2024-11-12 17:45:58 - [TEST_STEP][PASSED] - navigateToUrl(RADurl): Navigate to 'https://www.velocitypayment.com/client/rad/index.html' successfully

2024-11-12 17:46:00 - [MESSAGE][PASSED] - Navigate to 'https://www.velocitypayment.com/client/rad/index.html' successfully

2024-11-12 17:46:00 - [TEST_STEP][PASSED] - orPath_Landing = "Object Repository/RAD_Pages/Landing_Page": null

2024-11-12 17:46:00 - [TEST_STEP][PASSED] - orPath_TaxTypeFilingYear = "Object Repository/RAD_Pages/TaxTypeFilingYear_Page": null

2024-11-12 17:46:00 - [TEST_STEP][PASSED] - orPath_TaxPayer = "Object Repository/RAD_Pages/Taxpayer_Page": null

2024-11-12 17:46:00 - [TEST_STEP][PASSED] - orPath_AddressContact = "Object Repository/RAD_Pages/AddressAndContactInfo_Page": null

2024-11-12 17:46:00 - [TEST_STEP][PASSED] - orPath_FilingStatus = "Object Repository/RAD_Pages/FilingStatus_Page": null

2024-11-12 17:46:00 - [TEST_STEP][PASSED] - orPath_Amount = "Object Repository/RAD_Pages/PaymentAmount_Page": null

2024-11-12 17:46:00 - [TEST_STEP][PASSED] - orPath_TaxInfo = "Object Repository/RAD_Pages/TaxInfo_Page": null

2024-11-12 17:46:00 - [TEST_STEP][PASSED] - orPath_Withholding = "Object Repository/RAD_Pages/Withholding_Page": null

2024-11-12 17:46:00 - [TEST_STEP][PASSED] - orPath_Summary = "Object Repository/RAD_Pages/Summary_Page": null

2024-11-12 17:46:00 - [TEST_STEP][PASSED] - orPath_PaymentReady = "Object Repository/RAD_Pages/PaymentReady_Page": null

2024-11-12 17:46:00 - [TEST_STEP][PASSED] - orPath_PaymentEntry = "Object Repository/RAD_Pages/PaymentEntry_Page": null

2024-11-12 17:46:00 - [TEST_STEP][PASSED] - orPath_PaymentConfirmation = "Object Repository/RAD_Pages/PaymentConfirmation_Page": null

2024-11-12 17:46:00 - [TEST_STEP][PASSED] - orPath_ServiceFeesAccept = "Object Repository/RAD_Pages/ServiceFeeAccept_Page": null

2024-11-12 17:46:00 - [TEST_STEP][PASSED] - selectOptionByLabel(findTestObject(orPath_Landing + "/dd_TaxType"), Taxtype, false): All options with label 'Existing Liability with Notice/Invoice Number' are selected in object 'Object Repository/RAD_Pages/Landing_Page/dd_TaxType' 

2024-11-12 17:46:01 - [MESSAGE][PASSED] - All options with label 'Existing Liability with Notice/Invoice Number' are selected in object 'Object Repository/RAD_Pages/Landing_Page/dd_TaxType' 

2024-11-12 17:46:01 - [TEST_STEP][PASSED] - delay(1): Delayed 1 second(s)

2024-11-12 17:46:02 - [MESSAGE][PASSED] - Delayed 1 second(s)

2024-11-12 17:46:02 - [TEST_STEP][PASSED] - selectOptionByLabel(findTestObject(orPath_TaxTypeFilingYear + "/select_TaxType_ExistingLiability"), TaxTypeEL, false): All options with label 'Tire Recycling Fee' are selected in object 'Object Repository/RAD_Pages/TaxTypeFilingYear_Page/select_TaxType_ExistingLiability' 

2024-11-12 17:46:03 - [MESSAGE][PASSED] - All options with label 'Tire Recycling Fee' are selected in object 'Object Repository/RAD_Pages/TaxTypeFilingYear_Page/select_TaxType_ExistingLiability' 

2024-11-12 17:46:03 - [TEST_STEP][PASSED] - setText(findTestObject(orPath_TaxInfo + "/input_NoticeInvoiceNumber"), notInvNumber): Text '123456789012' is set on object 'Object Repository/RAD_Pages/TaxInfo_Page/input_NoticeInvoiceNumber'

2024-11-12 17:46:03 - [MESSAGE][PASSED] - Text '123456789012' is set on object 'Object Repository/RAD_Pages/TaxInfo_Page/input_NoticeInvoiceNumber'

2024-11-12 17:46:03 - [TEST_STEP][PASSED] - setText(findTestObject(orPath_TaxInfo + "/input_reTypeNoticeInvoiceNumber"), notInvNumber): Text '123456789012' is set on object 'Object Repository/RAD_Pages/TaxInfo_Page/input_reTypeNoticeInvoiceNumber'

2024-11-12 17:46:04 - [MESSAGE][PASSED] - Text '123456789012' is set on object 'Object Repository/RAD_Pages/TaxInfo_Page/input_reTypeNoticeInvoiceNumber'

2024-11-12 17:46:04 - [TEST_STEP][PASSED] - println(notInvNumber): null

2024-11-12 17:46:04 - [TEST_STEP][PASSED] - if (verifyTextPresent(errorMsg, true)): null

2024-11-12 17:46:05 - [MESSAGE][PASSED] - Text 'Notice Number or Invoice Number must be 10, 11, or 13 digits in length, with a value greater than zero' is present on page  using regular expression

2024-11-12 17:46:05 - [TEST_STEP][PASSED] - println("Error Message is present on the page"): null

2024-11-12 17:46:05 - [TEST_STEP][PASSED] - out.println("Pass Record Number: " + row): null

2024-11-12 17:46:05 - [TEST_STEP][PASSED] - resText = "Pass": null

2024-11-12 17:46:05 - [TEST_STEP][PASSED] - pages.WriteExcel.demoKey(resText, datText, resColumn, datCloumn, fileLoc, nameSheet, row): pages.WriteExcel.demoKey is PASSED

2024-11-12 17:46:05 - [MESSAGE][PASSED] - pages.WriteExcel.demoKey is PASSED

2024-11-12 17:46:05 - [TEST_STEP][PASSED] - ExecuteTC = findTestData(dataFile).getValue("Execute", row): null

2024-11-12 17:46:05 - [TEST_STEP][PASSED] - Taxtype = findTestData(dataFile).getValue("TaxType", row): null

2024-11-12 17:46:05 - [TEST_STEP][PASSED] - TaxTypeEL = findTestData(dataFile).getValue("TaxTypeEL", row): null

2024-11-12 17:46:05 - [TEST_STEP][PASSED] - notInvNumber = findTestData(dataFile).getValue("NotiInvoNumber", row): null

2024-11-12 17:46:05 - [TEST_STEP][PASSED] - errorMsg = findTestData(dataFile).getValue("ErrorMessage", row): null

2024-11-12 17:46:05 - [TEST_STEP][PASSED] - out.println("Value of Execute is : " + ExecuteTC): null

2024-11-12 17:46:05 - [TEST_STEP][PASSED] - if (ExecuteTC.equalsIgnoreCase("Y")): null

2024-11-12 17:46:05 - [TEST_STEP][PASSED] - out.println("Begin Record Number: " + row): null

2024-11-12 17:46:05 - [TEST_STEP][PASSED] - today = new java.util.Date(): null

2024-11-12 17:46:05 - [TEST_STEP][PASSED] - println(today): null

2024-11-12 17:46:05 - [TEST_STEP][PASSED] - datText = today: null

2024-11-12 17:46:05 - [TEST_STEP][PASSED] - Taxtype = findTestData(dataFile).getValue("TaxType", row): null

2024-11-12 17:46:05 - [TEST_STEP][PASSED] - out.println("Taxtype value is : " + Taxtype): null

2024-11-12 17:46:05 - [TEST_STEP][PASSED] - openBrowser(""): Browser is opened with url: ''

2024-11-12 17:46:05 - [MESSAGE][WARNING] - A browser is already opened. Closing browser and opening a new one

2024-11-12 17:46:06 - [MESSAGE][INFO] - Starting 'Chrome' driver

2024-11-12 17:46:06 - [MESSAGE][INFO] - User set preference: ['acceptInsecureCerts', 'true']

2024-11-12 17:46:06 - [MESSAGE][INFO] - Action delay is set to 0 milliseconds

2024-11-12 17:46:08 - [MESSAGE][PASSED] - Browser is opened with url: ''

2024-11-12 17:46:08 - [TEST_STEP][PASSED] - maximizeWindow(): Current window maximized

2024-11-12 17:46:08 - [MESSAGE][PASSED] - Current window maximized

2024-11-12 17:46:08 - [TEST_STEP][PASSED] - navigateToUrl(RADurl): Navigate to 'https://www.velocitypayment.com/client/rad/index.html' successfully

2024-11-12 17:46:10 - [MESSAGE][PASSED] - Navigate to 'https://www.velocitypayment.com/client/rad/index.html' successfully

2024-11-12 17:46:10 - [TEST_STEP][PASSED] - orPath_Landing = "Object Repository/RAD_Pages/Landing_Page": null

2024-11-12 17:46:10 - [TEST_STEP][PASSED] - orPath_TaxTypeFilingYear = "Object Repository/RAD_Pages/TaxTypeFilingYear_Page": null

2024-11-12 17:46:10 - [TEST_STEP][PASSED] - orPath_TaxPayer = "Object Repository/RAD_Pages/Taxpayer_Page": null

2024-11-12 17:46:10 - [TEST_STEP][PASSED] - orPath_AddressContact = "Object Repository/RAD_Pages/AddressAndContactInfo_Page": null

2024-11-12 17:46:10 - [TEST_STEP][PASSED] - orPath_FilingStatus = "Object Repository/RAD_Pages/FilingStatus_Page": null

2024-11-12 17:46:10 - [TEST_STEP][PASSED] - orPath_Amount = "Object Repository/RAD_Pages/PaymentAmount_Page": null

2024-11-12 17:46:10 - [TEST_STEP][PASSED] - orPath_TaxInfo = "Object Repository/RAD_Pages/TaxInfo_Page": null

2024-11-12 17:46:10 - [TEST_STEP][PASSED] - orPath_Withholding = "Object Repository/RAD_Pages/Withholding_Page": null

2024-11-12 17:46:10 - [TEST_STEP][PASSED] - orPath_Summary = "Object Repository/RAD_Pages/Summary_Page": null

2024-11-12 17:46:10 - [TEST_STEP][PASSED] - orPath_PaymentReady = "Object Repository/RAD_Pages/PaymentReady_Page": null

2024-11-12 17:46:10 - [TEST_STEP][PASSED] - orPath_PaymentEntry = "Object Repository/RAD_Pages/PaymentEntry_Page": null

2024-11-12 17:46:10 - [TEST_STEP][PASSED] - orPath_PaymentConfirmation = "Object Repository/RAD_Pages/PaymentConfirmation_Page": null

2024-11-12 17:46:10 - [TEST_STEP][PASSED] - orPath_ServiceFeesAccept = "Object Repository/RAD_Pages/ServiceFeeAccept_Page": null

2024-11-12 17:46:10 - [TEST_STEP][PASSED] - selectOptionByLabel(findTestObject(orPath_Landing + "/dd_TaxType"), Taxtype, false): All options with label 'Existing Liability with Notice/Invoice Number' are selected in object 'Object Repository/RAD_Pages/Landing_Page/dd_TaxType' 

2024-11-12 17:46:10 - [MESSAGE][PASSED] - All options with label 'Existing Liability with Notice/Invoice Number' are selected in object 'Object Repository/RAD_Pages/Landing_Page/dd_TaxType' 

2024-11-12 17:46:10 - [TEST_STEP][PASSED] - delay(1): Delayed 1 second(s)

2024-11-12 17:46:11 - [MESSAGE][PASSED] - Delayed 1 second(s)

2024-11-12 17:46:11 - [TEST_STEP][PASSED] - selectOptionByLabel(findTestObject(orPath_TaxTypeFilingYear + "/select_TaxType_ExistingLiability"), TaxTypeEL, false): All options with label 'Tire Recycling Fee' are selected in object 'Object Repository/RAD_Pages/TaxTypeFilingYear_Page/select_TaxType_ExistingLiability' 

2024-11-12 17:46:12 - [MESSAGE][PASSED] - All options with label 'Tire Recycling Fee' are selected in object 'Object Repository/RAD_Pages/TaxTypeFilingYear_Page/select_TaxType_ExistingLiability' 

2024-11-12 17:46:12 - [TEST_STEP][PASSED] - setText(findTestObject(orPath_TaxInfo + "/input_NoticeInvoiceNumber"), notInvNumber): Text '0000000000' is set on object 'Object Repository/RAD_Pages/TaxInfo_Page/input_NoticeInvoiceNumber'

2024-11-12 17:46:13 - [MESSAGE][PASSED] - Text '0000000000' is set on object 'Object Repository/RAD_Pages/TaxInfo_Page/input_NoticeInvoiceNumber'

2024-11-12 17:46:13 - [TEST_STEP][PASSED] - setText(findTestObject(orPath_TaxInfo + "/input_reTypeNoticeInvoiceNumber"), notInvNumber): Text '0000000000' is set on object 'Object Repository/RAD_Pages/TaxInfo_Page/input_reTypeNoticeInvoiceNumber'

2024-11-12 17:46:13 - [MESSAGE][PASSED] - Text '0000000000' is set on object 'Object Repository/RAD_Pages/TaxInfo_Page/input_reTypeNoticeInvoiceNumber'

2024-11-12 17:46:13 - [TEST_STEP][PASSED] - println(notInvNumber): null

2024-11-12 17:46:13 - [TEST_STEP][PASSED] - if (verifyTextPresent(errorMsg, true)): null

2024-11-12 17:46:14 - [MESSAGE][PASSED] - Text 'Notice Number or Invoice Number must be 10, 11, or 13 digits in length, with a value greater than zero' is present on page  using regular expression

2024-11-12 17:46:14 - [TEST_STEP][PASSED] - println("Error Message is present on the page"): null

2024-11-12 17:46:14 - [TEST_STEP][PASSED] - out.println("Pass Record Number: " + row): null

2024-11-12 17:46:14 - [TEST_STEP][PASSED] - resText = "Pass": null

2024-11-12 17:46:14 - [TEST_STEP][PASSED] - pages.WriteExcel.demoKey(resText, datText, resColumn, datCloumn, fileLoc, nameSheet, row): pages.WriteExcel.demoKey is PASSED

2024-11-12 17:46:14 - [MESSAGE][PASSED] - pages.WriteExcel.demoKey is PASSED

2024-11-12 17:46:14 - [TEST_STEP][PASSED] - ExecuteTC = findTestData(dataFile).getValue("Execute", row): null

2024-11-12 17:46:14 - [TEST_STEP][PASSED] - Taxtype = findTestData(dataFile).getValue("TaxType", row): null

2024-11-12 17:46:14 - [TEST_STEP][PASSED] - TaxTypeEL = findTestData(dataFile).getValue("TaxTypeEL", row): null

2024-11-12 17:46:14 - [TEST_STEP][PASSED] - notInvNumber = findTestData(dataFile).getValue("NotiInvoNumber", row): null

2024-11-12 17:46:14 - [TEST_STEP][PASSED] - errorMsg = findTestData(dataFile).getValue("ErrorMessage", row): null

2024-11-12 17:46:14 - [TEST_STEP][PASSED] - out.println("Value of Execute is : " + ExecuteTC): null

2024-11-12 17:46:14 - [TEST_STEP][PASSED] - if (ExecuteTC.equalsIgnoreCase("Y")): null

2024-11-12 17:46:14 - [TEST_STEP][PASSED] - out.println("Begin Record Number: " + row): null

2024-11-12 17:46:14 - [TEST_STEP][PASSED] - today = new java.util.Date(): null

2024-11-12 17:46:14 - [TEST_STEP][PASSED] - println(today): null

2024-11-12 17:46:14 - [TEST_STEP][PASSED] - datText = today: null

2024-11-12 17:46:14 - [TEST_STEP][PASSED] - Taxtype = findTestData(dataFile).getValue("TaxType", row): null

2024-11-12 17:46:14 - [TEST_STEP][PASSED] - out.println("Taxtype value is : " + Taxtype): null

2024-11-12 17:46:14 - [TEST_STEP][PASSED] - openBrowser(""): Browser is opened with url: ''

2024-11-12 17:46:14 - [MESSAGE][WARNING] - A browser is already opened. Closing browser and opening a new one

2024-11-12 17:46:16 - [MESSAGE][INFO] - Starting 'Chrome' driver

2024-11-12 17:46:16 - [MESSAGE][INFO] - User set preference: ['acceptInsecureCerts', 'true']

2024-11-12 17:46:16 - [MESSAGE][INFO] - Action delay is set to 0 milliseconds

2024-11-12 17:46:17 - [MESSAGE][PASSED] - Browser is opened with url: ''

2024-11-12 17:46:17 - [TEST_STEP][PASSED] - maximizeWindow(): Current window maximized

2024-11-12 17:46:18 - [MESSAGE][PASSED] - Current window maximized

2024-11-12 17:46:18 - [TEST_STEP][PASSED] - navigateToUrl(RADurl): Navigate to 'https://www.velocitypayment.com/client/rad/index.html' successfully

2024-11-12 17:46:19 - [MESSAGE][PASSED] - Navigate to 'https://www.velocitypayment.com/client/rad/index.html' successfully

2024-11-12 17:46:19 - [TEST_STEP][PASSED] - orPath_Landing = "Object Repository/RAD_Pages/Landing_Page": null

2024-11-12 17:46:19 - [TEST_STEP][PASSED] - orPath_TaxTypeFilingYear = "Object Repository/RAD_Pages/TaxTypeFilingYear_Page": null

2024-11-12 17:46:19 - [TEST_STEP][PASSED] - orPath_TaxPayer = "Object Repository/RAD_Pages/Taxpayer_Page": null

2024-11-12 17:46:19 - [TEST_STEP][PASSED] - orPath_AddressContact = "Object Repository/RAD_Pages/AddressAndContactInfo_Page": null

2024-11-12 17:46:19 - [TEST_STEP][PASSED] - orPath_FilingStatus = "Object Repository/RAD_Pages/FilingStatus_Page": null

2024-11-12 17:46:19 - [TEST_STEP][PASSED] - orPath_Amount = "Object Repository/RAD_Pages/PaymentAmount_Page": null

2024-11-12 17:46:19 - [TEST_STEP][PASSED] - orPath_TaxInfo = "Object Repository/RAD_Pages/TaxInfo_Page": null

2024-11-12 17:46:19 - [TEST_STEP][PASSED] - orPath_Withholding = "Object Repository/RAD_Pages/Withholding_Page": null

2024-11-12 17:46:19 - [TEST_STEP][PASSED] - orPath_Summary = "Object Repository/RAD_Pages/Summary_Page": null

2024-11-12 17:46:19 - [TEST_STEP][PASSED] - orPath_PaymentReady = "Object Repository/RAD_Pages/PaymentReady_Page": null

2024-11-12 17:46:19 - [TEST_STEP][PASSED] - orPath_PaymentEntry = "Object Repository/RAD_Pages/PaymentEntry_Page": null

2024-11-12 17:46:19 - [TEST_STEP][PASSED] - orPath_PaymentConfirmation = "Object Repository/RAD_Pages/PaymentConfirmation_Page": null

2024-11-12 17:46:19 - [TEST_STEP][PASSED] - orPath_ServiceFeesAccept = "Object Repository/RAD_Pages/ServiceFeeAccept_Page": null

2024-11-12 17:46:19 - [TEST_STEP][PASSED] - selectOptionByLabel(findTestObject(orPath_Landing + "/dd_TaxType"), Taxtype, false): All options with label 'Existing Liability with Notice/Invoice Number' are selected in object 'Object Repository/RAD_Pages/Landing_Page/dd_TaxType' 

2024-11-12 17:46:20 - [MESSAGE][PASSED] - All options with label 'Existing Liability with Notice/Invoice Number' are selected in object 'Object Repository/RAD_Pages/Landing_Page/dd_TaxType' 

2024-11-12 17:46:20 - [TEST_STEP][PASSED] - delay(1): Delayed 1 second(s)

2024-11-12 17:46:21 - [MESSAGE][PASSED] - Delayed 1 second(s)

2024-11-12 17:46:21 - [TEST_STEP][PASSED] - selectOptionByLabel(findTestObject(orPath_TaxTypeFilingYear + "/select_TaxType_ExistingLiability"), TaxTypeEL, false): All options with label 'Withholding Tax' are selected in object 'Object Repository/RAD_Pages/TaxTypeFilingYear_Page/select_TaxType_ExistingLiability' 

2024-11-12 17:46:21 - [MESSAGE][PASSED] - All options with label 'Withholding Tax' are selected in object 'Object Repository/RAD_Pages/TaxTypeFilingYear_Page/select_TaxType_ExistingLiability' 

2024-11-12 17:46:21 - [TEST_STEP][PASSED] - setText(findTestObject(orPath_TaxInfo + "/input_NoticeInvoiceNumber"), notInvNumber): Text '123456789' is set on object 'Object Repository/RAD_Pages/TaxInfo_Page/input_NoticeInvoiceNumber'

2024-11-12 17:46:22 - [MESSAGE][PASSED] - Text '123456789' is set on object 'Object Repository/RAD_Pages/TaxInfo_Page/input_NoticeInvoiceNumber'

2024-11-12 17:46:22 - [TEST_STEP][PASSED] - setText(findTestObject(orPath_TaxInfo + "/input_reTypeNoticeInvoiceNumber"), notInvNumber): Text '123456789' is set on object 'Object Repository/RAD_Pages/TaxInfo_Page/input_reTypeNoticeInvoiceNumber'

2024-11-12 17:46:23 - [MESSAGE][PASSED] - Text '123456789' is set on object 'Object Repository/RAD_Pages/TaxInfo_Page/input_reTypeNoticeInvoiceNumber'

2024-11-12 17:46:23 - [TEST_STEP][PASSED] - println(notInvNumber): null

2024-11-12 17:46:23 - [TEST_STEP][PASSED] - if (verifyTextPresent(errorMsg, true)): null

2024-11-12 17:46:23 - [MESSAGE][PASSED] - Text 'Notice Number or Invoice Number must be 10, 11, or 13 digits in length, with a value greater than zero' is present on page  using regular expression

2024-11-12 17:46:23 - [TEST_STEP][PASSED] - println("Error Message is present on the page"): null

2024-11-12 17:46:23 - [TEST_STEP][PASSED] - out.println("Pass Record Number: " + row): null

2024-11-12 17:46:23 - [TEST_STEP][PASSED] - resText = "Pass": null

2024-11-12 17:46:23 - [TEST_STEP][PASSED] - pages.WriteExcel.demoKey(resText, datText, resColumn, datCloumn, fileLoc, nameSheet, row): pages.WriteExcel.demoKey is PASSED

2024-11-12 17:46:23 - [MESSAGE][PASSED] - pages.WriteExcel.demoKey is PASSED

2024-11-12 17:46:23 - [TEST_STEP][PASSED] - ExecuteTC = findTestData(dataFile).getValue("Execute", row): null

2024-11-12 17:46:24 - [TEST_STEP][PASSED] - Taxtype = findTestData(dataFile).getValue("TaxType", row): null

2024-11-12 17:46:24 - [TEST_STEP][PASSED] - TaxTypeEL = findTestData(dataFile).getValue("TaxTypeEL", row): null

2024-11-12 17:46:24 - [TEST_STEP][PASSED] - notInvNumber = findTestData(dataFile).getValue("NotiInvoNumber", row): null

2024-11-12 17:46:24 - [TEST_STEP][PASSED] - errorMsg = findTestData(dataFile).getValue("ErrorMessage", row): null

2024-11-12 17:46:24 - [TEST_STEP][PASSED] - out.println("Value of Execute is : " + ExecuteTC): null

2024-11-12 17:46:24 - [TEST_STEP][PASSED] - if (ExecuteTC.equalsIgnoreCase("Y")): null

2024-11-12 17:46:24 - [TEST_STEP][PASSED] - out.println("Begin Record Number: " + row): null

2024-11-12 17:46:24 - [TEST_STEP][PASSED] - today = new java.util.Date(): null

2024-11-12 17:46:24 - [TEST_STEP][PASSED] - println(today): null

2024-11-12 17:46:24 - [TEST_STEP][PASSED] - datText = today: null

2024-11-12 17:46:24 - [TEST_STEP][PASSED] - Taxtype = findTestData(dataFile).getValue("TaxType", row): null

2024-11-12 17:46:24 - [TEST_STEP][PASSED] - out.println("Taxtype value is : " + Taxtype): null

2024-11-12 17:46:24 - [TEST_STEP][PASSED] - openBrowser(""): Browser is opened with url: ''

2024-11-12 17:46:24 - [MESSAGE][WARNING] - A browser is already opened. Closing browser and opening a new one

2024-11-12 17:46:25 - [MESSAGE][INFO] - Starting 'Chrome' driver

2024-11-12 17:46:25 - [MESSAGE][INFO] - User set preference: ['acceptInsecureCerts', 'true']

2024-11-12 17:46:25 - [MESSAGE][INFO] - Action delay is set to 0 milliseconds

2024-11-12 17:46:27 - [MESSAGE][PASSED] - Browser is opened with url: ''

2024-11-12 17:46:27 - [TEST_STEP][PASSED] - maximizeWindow(): Current window maximized

2024-11-12 17:46:27 - [MESSAGE][PASSED] - Current window maximized

2024-11-12 17:46:27 - [TEST_STEP][PASSED] - navigateToUrl(RADurl): Navigate to 'https://www.velocitypayment.com/client/rad/index.html' successfully

2024-11-12 17:46:28 - [MESSAGE][PASSED] - Navigate to 'https://www.velocitypayment.com/client/rad/index.html' successfully

2024-11-12 17:46:28 - [TEST_STEP][PASSED] - orPath_Landing = "Object Repository/RAD_Pages/Landing_Page": null

2024-11-12 17:46:28 - [TEST_STEP][PASSED] - orPath_TaxTypeFilingYear = "Object Repository/RAD_Pages/TaxTypeFilingYear_Page": null

2024-11-12 17:46:28 - [TEST_STEP][PASSED] - orPath_TaxPayer = "Object Repository/RAD_Pages/Taxpayer_Page": null

2024-11-12 17:46:28 - [TEST_STEP][PASSED] - orPath_AddressContact = "Object Repository/RAD_Pages/AddressAndContactInfo_Page": null

2024-11-12 17:46:28 - [TEST_STEP][PASSED] - orPath_FilingStatus = "Object Repository/RAD_Pages/FilingStatus_Page": null

2024-11-12 17:46:28 - [TEST_STEP][PASSED] - orPath_Amount = "Object Repository/RAD_Pages/PaymentAmount_Page": null

2024-11-12 17:46:28 - [TEST_STEP][PASSED] - orPath_TaxInfo = "Object Repository/RAD_Pages/TaxInfo_Page": null

2024-11-12 17:46:28 - [TEST_STEP][PASSED] - orPath_Withholding = "Object Repository/RAD_Pages/Withholding_Page": null

2024-11-12 17:46:28 - [TEST_STEP][PASSED] - orPath_Summary = "Object Repository/RAD_Pages/Summary_Page": null

2024-11-12 17:46:28 - [TEST_STEP][PASSED] - orPath_PaymentReady = "Object Repository/RAD_Pages/PaymentReady_Page": null

2024-11-12 17:46:28 - [TEST_STEP][PASSED] - orPath_PaymentEntry = "Object Repository/RAD_Pages/PaymentEntry_Page": null

2024-11-12 17:46:28 - [TEST_STEP][PASSED] - orPath_PaymentConfirmation = "Object Repository/RAD_Pages/PaymentConfirmation_Page": null

2024-11-12 17:46:28 - [TEST_STEP][PASSED] - orPath_ServiceFeesAccept = "Object Repository/RAD_Pages/ServiceFeeAccept_Page": null

2024-11-12 17:46:28 - [TEST_STEP][PASSED] - selectOptionByLabel(findTestObject(orPath_Landing + "/dd_TaxType"), Taxtype, false): All options with label 'Existing Liability with Notice/Invoice Number' are selected in object 'Object Repository/RAD_Pages/Landing_Page/dd_TaxType' 

2024-11-12 17:46:29 - [MESSAGE][PASSED] - All options with label 'Existing Liability with Notice/Invoice Number' are selected in object 'Object Repository/RAD_Pages/Landing_Page/dd_TaxType' 

2024-11-12 17:46:29 - [TEST_STEP][PASSED] - delay(1): Delayed 1 second(s)

2024-11-12 17:46:30 - [MESSAGE][PASSED] - Delayed 1 second(s)

2024-11-12 17:46:30 - [TEST_STEP][PASSED] - selectOptionByLabel(findTestObject(orPath_TaxTypeFilingYear + "/select_TaxType_ExistingLiability"), TaxTypeEL, false): All options with label 'Withholding Tax' are selected in object 'Object Repository/RAD_Pages/TaxTypeFilingYear_Page/select_TaxType_ExistingLiability' 

2024-11-12 17:46:31 - [MESSAGE][PASSED] - All options with label 'Withholding Tax' are selected in object 'Object Repository/RAD_Pages/TaxTypeFilingYear_Page/select_TaxType_ExistingLiability' 

2024-11-12 17:46:31 - [TEST_STEP][PASSED] - setText(findTestObject(orPath_TaxInfo + "/input_NoticeInvoiceNumber"), notInvNumber): Text '123456789012' is set on object 'Object Repository/RAD_Pages/TaxInfo_Page/input_NoticeInvoiceNumber'

2024-11-12 17:46:32 - [MESSAGE][PASSED] - Text '123456789012' is set on object 'Object Repository/RAD_Pages/TaxInfo_Page/input_NoticeInvoiceNumber'

2024-11-12 17:46:32 - [TEST_STEP][PASSED] - setText(findTestObject(orPath_TaxInfo + "/input_reTypeNoticeInvoiceNumber"), notInvNumber): Text '123456789012' is set on object 'Object Repository/RAD_Pages/TaxInfo_Page/input_reTypeNoticeInvoiceNumber'

2024-11-12 17:46:32 - [MESSAGE][PASSED] - Text '123456789012' is set on object 'Object Repository/RAD_Pages/TaxInfo_Page/input_reTypeNoticeInvoiceNumber'

2024-11-12 17:46:32 - [TEST_STEP][PASSED] - println(notInvNumber): null

2024-11-12 17:46:32 - [TEST_STEP][PASSED] - if (verifyTextPresent(errorMsg, true)): null

2024-11-12 17:46:33 - [MESSAGE][PASSED] - Text 'Notice Number or Invoice Number must be 10, 11, or 13 digits in length, with a value greater than zero' is present on page  using regular expression

2024-11-12 17:46:33 - [TEST_STEP][PASSED] - println("Error Message is present on the page"): null

2024-11-12 17:46:33 - [TEST_STEP][PASSED] - out.println("Pass Record Number: " + row): null

2024-11-12 17:46:33 - [TEST_STEP][PASSED] - resText = "Pass": null

2024-11-12 17:46:33 - [TEST_STEP][PASSED] - pages.WriteExcel.demoKey(resText, datText, resColumn, datCloumn, fileLoc, nameSheet, row): pages.WriteExcel.demoKey is PASSED

2024-11-12 17:46:33 - [MESSAGE][PASSED] - pages.WriteExcel.demoKey is PASSED

2024-11-12 17:46:33 - [TEST_STEP][PASSED] - ExecuteTC = findTestData(dataFile).getValue("Execute", row): null

2024-11-12 17:46:33 - [TEST_STEP][PASSED] - Taxtype = findTestData(dataFile).getValue("TaxType", row): null

2024-11-12 17:46:33 - [TEST_STEP][PASSED] - TaxTypeEL = findTestData(dataFile).getValue("TaxTypeEL", row): null

2024-11-12 17:46:33 - [TEST_STEP][PASSED] - notInvNumber = findTestData(dataFile).getValue("NotiInvoNumber", row): null

2024-11-12 17:46:33 - [TEST_STEP][PASSED] - errorMsg = findTestData(dataFile).getValue("ErrorMessage", row): null

2024-11-12 17:46:33 - [TEST_STEP][PASSED] - out.println("Value of Execute is : " + ExecuteTC): null

2024-11-12 17:46:33 - [TEST_STEP][PASSED] - if (ExecuteTC.equalsIgnoreCase("Y")): null

2024-11-12 17:46:33 - [TEST_STEP][PASSED] - out.println("Begin Record Number: " + row): null

2024-11-12 17:46:33 - [TEST_STEP][PASSED] - today = new java.util.Date(): null

2024-11-12 17:46:33 - [TEST_STEP][PASSED] - println(today): null

2024-11-12 17:46:33 - [TEST_STEP][PASSED] - datText = today: null

2024-11-12 17:46:33 - [TEST_STEP][PASSED] - Taxtype = findTestData(dataFile).getValue("TaxType", row): null

2024-11-12 17:46:33 - [TEST_STEP][PASSED] - out.println("Taxtype value is : " + Taxtype): null

2024-11-12 17:46:33 - [TEST_STEP][PASSED] - openBrowser(""): Browser is opened with url: ''

2024-11-12 17:46:33 - [MESSAGE][WARNING] - A browser is already opened. Closing browser and opening a new one

2024-11-12 17:46:34 - [MESSAGE][INFO] - Starting 'Chrome' driver

2024-11-12 17:46:34 - [MESSAGE][INFO] - User set preference: ['acceptInsecureCerts', 'true']

2024-11-12 17:46:34 - [MESSAGE][INFO] - Action delay is set to 0 milliseconds

2024-11-12 17:46:36 - [MESSAGE][PASSED] - Browser is opened with url: ''

2024-11-12 17:46:36 - [TEST_STEP][PASSED] - maximizeWindow(): Current window maximized

2024-11-12 17:46:36 - [MESSAGE][PASSED] - Current window maximized

2024-11-12 17:46:36 - [TEST_STEP][PASSED] - navigateToUrl(RADurl): Navigate to 'https://www.velocitypayment.com/client/rad/index.html' successfully

2024-11-12 17:46:37 - [MESSAGE][PASSED] - Navigate to 'https://www.velocitypayment.com/client/rad/index.html' successfully

2024-11-12 17:46:37 - [TEST_STEP][PASSED] - orPath_Landing = "Object Repository/RAD_Pages/Landing_Page": null

2024-11-12 17:46:37 - [TEST_STEP][PASSED] - orPath_TaxTypeFilingYear = "Object Repository/RAD_Pages/TaxTypeFilingYear_Page": null

2024-11-12 17:46:37 - [TEST_STEP][PASSED] - orPath_TaxPayer = "Object Repository/RAD_Pages/Taxpayer_Page": null

2024-11-12 17:46:37 - [TEST_STEP][PASSED] - orPath_AddressContact = "Object Repository/RAD_Pages/AddressAndContactInfo_Page": null

2024-11-12 17:46:37 - [TEST_STEP][PASSED] - orPath_FilingStatus = "Object Repository/RAD_Pages/FilingStatus_Page": null

2024-11-12 17:46:37 - [TEST_STEP][PASSED] - orPath_Amount = "Object Repository/RAD_Pages/PaymentAmount_Page": null

2024-11-12 17:46:37 - [TEST_STEP][PASSED] - orPath_TaxInfo = "Object Repository/RAD_Pages/TaxInfo_Page": null

2024-11-12 17:46:37 - [TEST_STEP][PASSED] - orPath_Withholding = "Object Repository/RAD_Pages/Withholding_Page": null

2024-11-12 17:46:37 - [TEST_STEP][PASSED] - orPath_Summary = "Object Repository/RAD_Pages/Summary_Page": null

2024-11-12 17:46:37 - [TEST_STEP][PASSED] - orPath_PaymentReady = "Object Repository/RAD_Pages/PaymentReady_Page": null

2024-11-12 17:46:37 - [TEST_STEP][PASSED] - orPath_PaymentEntry = "Object Repository/RAD_Pages/PaymentEntry_Page": null

2024-11-12 17:46:37 - [TEST_STEP][PASSED] - orPath_PaymentConfirmation = "Object Repository/RAD_Pages/PaymentConfirmation_Page": null

2024-11-12 17:46:37 - [TEST_STEP][PASSED] - orPath_ServiceFeesAccept = "Object Repository/RAD_Pages/ServiceFeeAccept_Page": null

2024-11-12 17:46:37 - [TEST_STEP][PASSED] - selectOptionByLabel(findTestObject(orPath_Landing + "/dd_TaxType"), Taxtype, false): All options with label 'Existing Liability with Notice/Invoice Number' are selected in object 'Object Repository/RAD_Pages/Landing_Page/dd_TaxType' 

2024-11-12 17:46:41 - [MESSAGE][PASSED] - All options with label 'Existing Liability with Notice/Invoice Number' are selected in object 'Object Repository/RAD_Pages/Landing_Page/dd_TaxType' 

2024-11-12 17:46:41 - [TEST_STEP][PASSED] - delay(1): Delayed 1 second(s)

2024-11-12 17:46:42 - [MESSAGE][PASSED] - Delayed 1 second(s)

2024-11-12 17:46:42 - [TEST_STEP][PASSED] - selectOptionByLabel(findTestObject(orPath_TaxTypeFilingYear + "/select_TaxType_ExistingLiability"), TaxTypeEL, false): All options with label 'Withholding Tax' are selected in object 'Object Repository/RAD_Pages/TaxTypeFilingYear_Page/select_TaxType_ExistingLiability' 

2024-11-12 17:46:43 - [MESSAGE][PASSED] - All options with label 'Withholding Tax' are selected in object 'Object Repository/RAD_Pages/TaxTypeFilingYear_Page/select_TaxType_ExistingLiability' 

2024-11-12 17:46:43 - [TEST_STEP][PASSED] - setText(findTestObject(orPath_TaxInfo + "/input_NoticeInvoiceNumber"), notInvNumber): Text '0000000000' is set on object 'Object Repository/RAD_Pages/TaxInfo_Page/input_NoticeInvoiceNumber'

2024-11-12 17:46:44 - [MESSAGE][PASSED] - Text '0000000000' is set on object 'Object Repository/RAD_Pages/TaxInfo_Page/input_NoticeInvoiceNumber'

2024-11-12 17:46:44 - [TEST_STEP][PASSED] - setText(findTestObject(orPath_TaxInfo + "/input_reTypeNoticeInvoiceNumber"), notInvNumber): Text '0000000000' is set on object 'Object Repository/RAD_Pages/TaxInfo_Page/input_reTypeNoticeInvoiceNumber'

2024-11-12 17:46:45 - [MESSAGE][PASSED] - Text '0000000000' is set on object 'Object Repository/RAD_Pages/TaxInfo_Page/input_reTypeNoticeInvoiceNumber'

2024-11-12 17:46:45 - [TEST_STEP][PASSED] - println(notInvNumber): null

2024-11-12 17:46:45 - [TEST_STEP][PASSED] - if (verifyTextPresent(errorMsg, true)): null

2024-11-12 17:46:45 - [MESSAGE][PASSED] - Text 'Notice Number or Invoice Number must be 10, 11, or 13 digits in length, with a value greater than zero' is present on page  using regular expression

2024-11-12 17:46:45 - [TEST_STEP][PASSED] - println("Error Message is present on the page"): null

2024-11-12 17:46:45 - [TEST_STEP][PASSED] - out.println("Pass Record Number: " + row): null

2024-11-12 17:46:45 - [TEST_STEP][PASSED] - resText = "Pass": null

2024-11-12 17:46:45 - [TEST_STEP][PASSED] - pages.WriteExcel.demoKey(resText, datText, resColumn, datCloumn, fileLoc, nameSheet, row): pages.WriteExcel.demoKey is PASSED

2024-11-12 17:46:45 - [MESSAGE][PASSED] - pages.WriteExcel.demoKey is PASSED

2024-11-12 17:46:45 - [TEST_STEP][PASSED] - ExecuteTC = findTestData(dataFile).getValue("Execute", row): null

2024-11-12 17:46:45 - [TEST_STEP][PASSED] - Taxtype = findTestData(dataFile).getValue("TaxType", row): null

2024-11-12 17:46:45 - [TEST_STEP][PASSED] - TaxTypeEL = findTestData(dataFile).getValue("TaxTypeEL", row): null

2024-11-12 17:46:45 - [TEST_STEP][PASSED] - notInvNumber = findTestData(dataFile).getValue("NotiInvoNumber", row): null

2024-11-12 17:46:45 - [TEST_STEP][PASSED] - errorMsg = findTestData(dataFile).getValue("ErrorMessage", row): null

2024-11-12 17:46:45 - [TEST_STEP][PASSED] - out.println("Value of Execute is : " + ExecuteTC): null

2024-11-12 17:46:45 - [TEST_STEP][PASSED] - if (ExecuteTC.equalsIgnoreCase("Y")): null

2024-11-12 17:46:45 - [TEST_STEP][PASSED] - out.println("Begin Record Number: " + row): null

2024-11-12 17:46:45 - [TEST_STEP][PASSED] - today = new java.util.Date(): null

2024-11-12 17:46:45 - [TEST_STEP][PASSED] - println(today): null

2024-11-12 17:46:45 - [TEST_STEP][PASSED] - datText = today: null

2024-11-12 17:46:45 - [TEST_STEP][PASSED] - Taxtype = findTestData(dataFile).getValue("TaxType", row): null

2024-11-12 17:46:45 - [TEST_STEP][PASSED] - out.println("Taxtype value is : " + Taxtype): null

2024-11-12 17:46:45 - [TEST_STEP][PASSED] - openBrowser(""): Browser is opened with url: ''

2024-11-12 17:46:45 - [MESSAGE][WARNING] - A browser is already opened. Closing browser and opening a new one

2024-11-12 17:46:46 - [MESSAGE][INFO] - Starting 'Chrome' driver

2024-11-12 17:46:46 - [MESSAGE][INFO] - User set preference: ['acceptInsecureCerts', 'true']

2024-11-12 17:46:46 - [MESSAGE][INFO] - Action delay is set to 0 milliseconds

2024-11-12 17:46:48 - [MESSAGE][PASSED] - Browser is opened with url: ''

2024-11-12 17:46:48 - [TEST_STEP][PASSED] - maximizeWindow(): Current window maximized

2024-11-12 17:46:48 - [MESSAGE][PASSED] - Current window maximized

2024-11-12 17:46:48 - [TEST_STEP][PASSED] - navigateToUrl(RADurl): Navigate to 'https://www.velocitypayment.com/client/rad/index.html' successfully

2024-11-12 17:46:50 - [MESSAGE][PASSED] - Navigate to 'https://www.velocitypayment.com/client/rad/index.html' successfully

2024-11-12 17:46:50 - [TEST_STEP][PASSED] - orPath_Landing = "Object Repository/RAD_Pages/Landing_Page": null

2024-11-12 17:46:50 - [TEST_STEP][PASSED] - orPath_TaxTypeFilingYear = "Object Repository/RAD_Pages/TaxTypeFilingYear_Page": null

2024-11-12 17:46:50 - [TEST_STEP][PASSED] - orPath_TaxPayer = "Object Repository/RAD_Pages/Taxpayer_Page": null

2024-11-12 17:46:50 - [TEST_STEP][PASSED] - orPath_AddressContact = "Object Repository/RAD_Pages/AddressAndContactInfo_Page": null

2024-11-12 17:46:50 - [TEST_STEP][PASSED] - orPath_FilingStatus = "Object Repository/RAD_Pages/FilingStatus_Page": null

2024-11-12 17:46:50 - [TEST_STEP][PASSED] - orPath_Amount = "Object Repository/RAD_Pages/PaymentAmount_Page": null

2024-11-12 17:46:50 - [TEST_STEP][PASSED] - orPath_TaxInfo = "Object Repository/RAD_Pages/TaxInfo_Page": null

2024-11-12 17:46:50 - [TEST_STEP][PASSED] - orPath_Withholding = "Object Repository/RAD_Pages/Withholding_Page": null

2024-11-12 17:46:50 - [TEST_STEP][PASSED] - orPath_Summary = "Object Repository/RAD_Pages/Summary_Page": null

2024-11-12 17:46:50 - [TEST_STEP][PASSED] - orPath_PaymentReady = "Object Repository/RAD_Pages/PaymentReady_Page": null

2024-11-12 17:46:50 - [TEST_STEP][PASSED] - orPath_PaymentEntry = "Object Repository/RAD_Pages/PaymentEntry_Page": null

2024-11-12 17:46:50 - [TEST_STEP][PASSED] - orPath_PaymentConfirmation = "Object Repository/RAD_Pages/PaymentConfirmation_Page": null

2024-11-12 17:46:50 - [TEST_STEP][PASSED] - orPath_ServiceFeesAccept = "Object Repository/RAD_Pages/ServiceFeeAccept_Page": null

2024-11-12 17:46:50 - [TEST_STEP][PASSED] - selectOptionByLabel(findTestObject(orPath_Landing + "/dd_TaxType"), Taxtype, false): All options with label 'Existing Liability with Notice/Invoice Number' are selected in object 'Object Repository/RAD_Pages/Landing_Page/dd_TaxType' 

2024-11-12 17:46:50 - [MESSAGE][PASSED] - All options with label 'Existing Liability with Notice/Invoice Number' are selected in object 'Object Repository/RAD_Pages/Landing_Page/dd_TaxType' 

2024-11-12 17:46:50 - [TEST_STEP][PASSED] - delay(1): Delayed 1 second(s)

2024-11-12 17:46:51 - [MESSAGE][PASSED] - Delayed 1 second(s)

2024-11-12 17:46:51 - [TEST_STEP][PASSED] - selectOptionByLabel(findTestObject(orPath_TaxTypeFilingYear + "/select_TaxType_ExistingLiability"), TaxTypeEL, false): All options with label 'Alcohol Tax' are selected in object 'Object Repository/RAD_Pages/TaxTypeFilingYear_Page/select_TaxType_ExistingLiability' 

2024-11-12 17:46:52 - [MESSAGE][PASSED] - All options with label 'Alcohol Tax' are selected in object 'Object Repository/RAD_Pages/TaxTypeFilingYear_Page/select_TaxType_ExistingLiability' 

2024-11-12 17:46:52 - [TEST_STEP][PASSED] - setText(findTestObject(orPath_TaxInfo + "/input_NoticeInvoiceNumber"), notInvNumber): Text '123456789' is set on object 'Object Repository/RAD_Pages/TaxInfo_Page/input_NoticeInvoiceNumber'

2024-11-12 17:46:53 - [MESSAGE][PASSED] - Text '123456789' is set on object 'Object Repository/RAD_Pages/TaxInfo_Page/input_NoticeInvoiceNumber'

2024-11-12 17:46:53 - [TEST_STEP][PASSED] - setText(findTestObject(orPath_TaxInfo + "/input_reTypeNoticeInvoiceNumber"), notInvNumber): Text '123456789' is set on object 'Object Repository/RAD_Pages/TaxInfo_Page/input_reTypeNoticeInvoiceNumber'

2024-11-12 17:46:54 - [MESSAGE][PASSED] - Text '123456789' is set on object 'Object Repository/RAD_Pages/TaxInfo_Page/input_reTypeNoticeInvoiceNumber'

2024-11-12 17:46:54 - [TEST_STEP][PASSED] - println(notInvNumber): null

2024-11-12 17:46:54 - [TEST_STEP][PASSED] - if (verifyTextPresent(errorMsg, true)): null

2024-11-12 17:46:54 - [MESSAGE][PASSED] - Text 'Notice Number or Invoice Number must be 10, 11, or 13 digits in length, with a value greater than zero' is present on page  using regular expression

2024-11-12 17:46:54 - [TEST_STEP][PASSED] - println("Error Message is present on the page"): null

2024-11-12 17:46:54 - [TEST_STEP][PASSED] - out.println("Pass Record Number: " + row): null

2024-11-12 17:46:54 - [TEST_STEP][PASSED] - resText = "Pass": null

2024-11-12 17:46:54 - [TEST_STEP][PASSED] - pages.WriteExcel.demoKey(resText, datText, resColumn, datCloumn, fileLoc, nameSheet, row): pages.WriteExcel.demoKey is PASSED

2024-11-12 17:46:54 - [MESSAGE][PASSED] - pages.WriteExcel.demoKey is PASSED

2024-11-12 17:46:54 - [TEST_STEP][PASSED] - ExecuteTC = findTestData(dataFile).getValue("Execute", row): null

2024-11-12 17:46:54 - [TEST_STEP][PASSED] - Taxtype = findTestData(dataFile).getValue("TaxType", row): null

2024-11-12 17:46:54 - [TEST_STEP][PASSED] - TaxTypeEL = findTestData(dataFile).getValue("TaxTypeEL", row): null

2024-11-12 17:46:54 - [TEST_STEP][PASSED] - notInvNumber = findTestData(dataFile).getValue("NotiInvoNumber", row): null

2024-11-12 17:46:54 - [TEST_STEP][PASSED] - errorMsg = findTestData(dataFile).getValue("ErrorMessage", row): null

2024-11-12 17:46:54 - [TEST_STEP][PASSED] - out.println("Value of Execute is : " + ExecuteTC): null

2024-11-12 17:46:54 - [TEST_STEP][PASSED] - if (ExecuteTC.equalsIgnoreCase("Y")): null

2024-11-12 17:46:54 - [TEST_STEP][PASSED] - out.println("Begin Record Number: " + row): null

2024-11-12 17:46:54 - [TEST_STEP][PASSED] - today = new java.util.Date(): null

2024-11-12 17:46:54 - [TEST_STEP][PASSED] - println(today): null

2024-11-12 17:46:54 - [TEST_STEP][PASSED] - datText = today: null

2024-11-12 17:46:54 - [TEST_STEP][PASSED] - Taxtype = findTestData(dataFile).getValue("TaxType", row): null

2024-11-12 17:46:55 - [TEST_STEP][PASSED] - out.println("Taxtype value is : " + Taxtype): null

2024-11-12 17:46:55 - [TEST_STEP][PASSED] - openBrowser(""): Browser is opened with url: ''

2024-11-12 17:46:55 - [MESSAGE][WARNING] - A browser is already opened. Closing browser and opening a new one

2024-11-12 17:46:56 - [MESSAGE][INFO] - Starting 'Chrome' driver

2024-11-12 17:46:56 - [MESSAGE][INFO] - User set preference: ['acceptInsecureCerts', 'true']

2024-11-12 17:46:56 - [MESSAGE][INFO] - Action delay is set to 0 milliseconds

2024-11-12 17:46:57 - [MESSAGE][PASSED] - Browser is opened with url: ''

2024-11-12 17:46:57 - [TEST_STEP][PASSED] - maximizeWindow(): Current window maximized

2024-11-12 17:46:57 - [MESSAGE][PASSED] - Current window maximized

2024-11-12 17:46:57 - [TEST_STEP][PASSED] - navigateToUrl(RADurl): Navigate to 'https://www.velocitypayment.com/client/rad/index.html' successfully

2024-11-12 17:46:59 - [MESSAGE][PASSED] - Navigate to 'https://www.velocitypayment.com/client/rad/index.html' successfully

2024-11-12 17:46:59 - [TEST_STEP][PASSED] - orPath_Landing = "Object Repository/RAD_Pages/Landing_Page": null

2024-11-12 17:46:59 - [TEST_STEP][PASSED] - orPath_TaxTypeFilingYear = "Object Repository/RAD_Pages/TaxTypeFilingYear_Page": null

2024-11-12 17:46:59 - [TEST_STEP][PASSED] - orPath_TaxPayer = "Object Repository/RAD_Pages/Taxpayer_Page": null

2024-11-12 17:46:59 - [TEST_STEP][PASSED] - orPath_AddressContact = "Object Repository/RAD_Pages/AddressAndContactInfo_Page": null

2024-11-12 17:46:59 - [TEST_STEP][PASSED] - orPath_FilingStatus = "Object Repository/RAD_Pages/FilingStatus_Page": null

2024-11-12 17:46:59 - [TEST_STEP][PASSED] - orPath_Amount = "Object Repository/RAD_Pages/PaymentAmount_Page": null

2024-11-12 17:46:59 - [TEST_STEP][PASSED] - orPath_TaxInfo = "Object Repository/RAD_Pages/TaxInfo_Page": null

2024-11-12 17:46:59 - [TEST_STEP][PASSED] - orPath_Withholding = "Object Repository/RAD_Pages/Withholding_Page": null

2024-11-12 17:46:59 - [TEST_STEP][PASSED] - orPath_Summary = "Object Repository/RAD_Pages/Summary_Page": null

2024-11-12 17:46:59 - [TEST_STEP][PASSED] - orPath_PaymentReady = "Object Repository/RAD_Pages/PaymentReady_Page": null

2024-11-12 17:46:59 - [TEST_STEP][PASSED] - orPath_PaymentEntry = "Object Repository/RAD_Pages/PaymentEntry_Page": null

2024-11-12 17:46:59 - [TEST_STEP][PASSED] - orPath_PaymentConfirmation = "Object Repository/RAD_Pages/PaymentConfirmation_Page": null

2024-11-12 17:46:59 - [TEST_STEP][PASSED] - orPath_ServiceFeesAccept = "Object Repository/RAD_Pages/ServiceFeeAccept_Page": null

2024-11-12 17:46:59 - [TEST_STEP][PASSED] - selectOptionByLabel(findTestObject(orPath_Landing + "/dd_TaxType"), Taxtype, false): All options with label 'Existing Liability with Notice/Invoice Number' are selected in object 'Object Repository/RAD_Pages/Landing_Page/dd_TaxType' 

2024-11-12 17:47:00 - [MESSAGE][PASSED] - All options with label 'Existing Liability with Notice/Invoice Number' are selected in object 'Object Repository/RAD_Pages/Landing_Page/dd_TaxType' 

2024-11-12 17:47:00 - [TEST_STEP][PASSED] - delay(1): Delayed 1 second(s)

2024-11-12 17:47:01 - [MESSAGE][PASSED] - Delayed 1 second(s)

2024-11-12 17:47:01 - [TEST_STEP][PASSED] - selectOptionByLabel(findTestObject(orPath_TaxTypeFilingYear + "/select_TaxType_ExistingLiability"), TaxTypeEL, false): All options with label 'Alcohol Tax' are selected in object 'Object Repository/RAD_Pages/TaxTypeFilingYear_Page/select_TaxType_ExistingLiability' 

2024-11-12 17:47:02 - [MESSAGE][PASSED] - All options with label 'Alcohol Tax' are selected in object 'Object Repository/RAD_Pages/TaxTypeFilingYear_Page/select_TaxType_ExistingLiability' 

2024-11-12 17:47:02 - [TEST_STEP][PASSED] - setText(findTestObject(orPath_TaxInfo + "/input_NoticeInvoiceNumber"), notInvNumber): Text '123456789012' is set on object 'Object Repository/RAD_Pages/TaxInfo_Page/input_NoticeInvoiceNumber'

2024-11-12 17:47:02 - [MESSAGE][PASSED] - Text '123456789012' is set on object 'Object Repository/RAD_Pages/TaxInfo_Page/input_NoticeInvoiceNumber'

2024-11-12 17:47:02 - [TEST_STEP][PASSED] - setText(findTestObject(orPath_TaxInfo + "/input_reTypeNoticeInvoiceNumber"), notInvNumber): Text '123456789012' is set on object 'Object Repository/RAD_Pages/TaxInfo_Page/input_reTypeNoticeInvoiceNumber'

2024-11-12 17:47:03 - [MESSAGE][PASSED] - Text '123456789012' is set on object 'Object Repository/RAD_Pages/TaxInfo_Page/input_reTypeNoticeInvoiceNumber'

2024-11-12 17:47:03 - [TEST_STEP][PASSED] - println(notInvNumber): null

2024-11-12 17:47:03 - [TEST_STEP][PASSED] - if (verifyTextPresent(errorMsg, true)): null

2024-11-12 17:47:04 - [MESSAGE][PASSED] - Text 'Notice Number or Invoice Number must be 10, 11, or 13 digits in length, with a value greater than zero' is present on page  using regular expression

2024-11-12 17:47:04 - [TEST_STEP][PASSED] - println("Error Message is present on the page"): null

2024-11-12 17:47:04 - [TEST_STEP][PASSED] - out.println("Pass Record Number: " + row): null

2024-11-12 17:47:04 - [TEST_STEP][PASSED] - resText = "Pass": null

2024-11-12 17:47:04 - [TEST_STEP][PASSED] - pages.WriteExcel.demoKey(resText, datText, resColumn, datCloumn, fileLoc, nameSheet, row): pages.WriteExcel.demoKey is PASSED

2024-11-12 17:47:04 - [MESSAGE][PASSED] - pages.WriteExcel.demoKey is PASSED

2024-11-12 17:47:04 - [TEST_STEP][PASSED] - ExecuteTC = findTestData(dataFile).getValue("Execute", row): null

2024-11-12 17:47:04 - [TEST_STEP][PASSED] - Taxtype = findTestData(dataFile).getValue("TaxType", row): null

2024-11-12 17:47:04 - [TEST_STEP][PASSED] - TaxTypeEL = findTestData(dataFile).getValue("TaxTypeEL", row): null

2024-11-12 17:47:04 - [TEST_STEP][PASSED] - notInvNumber = findTestData(dataFile).getValue("NotiInvoNumber", row): null

2024-11-12 17:47:04 - [TEST_STEP][PASSED] - errorMsg = findTestData(dataFile).getValue("ErrorMessage", row): null

2024-11-12 17:47:04 - [TEST_STEP][PASSED] - out.println("Value of Execute is : " + ExecuteTC): null

2024-11-12 17:47:04 - [TEST_STEP][PASSED] - if (ExecuteTC.equalsIgnoreCase("Y")): null

2024-11-12 17:47:04 - [TEST_STEP][PASSED] - out.println("Begin Record Number: " + row): null

2024-11-12 17:47:04 - [TEST_STEP][PASSED] - today = new java.util.Date(): null

2024-11-12 17:47:04 - [TEST_STEP][PASSED] - println(today): null

2024-11-12 17:47:04 - [TEST_STEP][PASSED] - datText = today: null

2024-11-12 17:47:04 - [TEST_STEP][PASSED] - Taxtype = findTestData(dataFile).getValue("TaxType", row): null

2024-11-12 17:47:04 - [TEST_STEP][PASSED] - out.println("Taxtype value is : " + Taxtype): null

2024-11-12 17:47:04 - [TEST_STEP][PASSED] - openBrowser(""): Browser is opened with url: ''

2024-11-12 17:47:04 - [MESSAGE][WARNING] - A browser is already opened. Closing browser and opening a new one

2024-11-12 17:47:05 - [MESSAGE][INFO] - Starting 'Chrome' driver

2024-11-12 17:47:05 - [MESSAGE][INFO] - User set preference: ['acceptInsecureCerts', 'true']

2024-11-12 17:47:05 - [MESSAGE][INFO] - Action delay is set to 0 milliseconds

2024-11-12 17:47:07 - [MESSAGE][PASSED] - Browser is opened with url: ''

2024-11-12 17:47:07 - [TEST_STEP][PASSED] - maximizeWindow(): Current window maximized

2024-11-12 17:47:07 - [MESSAGE][PASSED] - Current window maximized

2024-11-12 17:47:07 - [TEST_STEP][PASSED] - navigateToUrl(RADurl): Navigate to 'https://www.velocitypayment.com/client/rad/index.html' successfully

2024-11-12 17:47:09 - [MESSAGE][PASSED] - Navigate to 'https://www.velocitypayment.com/client/rad/index.html' successfully

2024-11-12 17:47:09 - [TEST_STEP][PASSED] - orPath_Landing = "Object Repository/RAD_Pages/Landing_Page": null

2024-11-12 17:47:09 - [TEST_STEP][PASSED] - orPath_TaxTypeFilingYear = "Object Repository/RAD_Pages/TaxTypeFilingYear_Page": null

2024-11-12 17:47:09 - [TEST_STEP][PASSED] - orPath_TaxPayer = "Object Repository/RAD_Pages/Taxpayer_Page": null

2024-11-12 17:47:09 - [TEST_STEP][PASSED] - orPath_AddressContact = "Object Repository/RAD_Pages/AddressAndContactInfo_Page": null

2024-11-12 17:47:09 - [TEST_STEP][PASSED] - orPath_FilingStatus = "Object Repository/RAD_Pages/FilingStatus_Page": null

2024-11-12 17:47:09 - [TEST_STEP][PASSED] - orPath_Amount = "Object Repository/RAD_Pages/PaymentAmount_Page": null

2024-11-12 17:47:09 - [TEST_STEP][PASSED] - orPath_TaxInfo = "Object Repository/RAD_Pages/TaxInfo_Page": null

2024-11-12 17:47:09 - [TEST_STEP][PASSED] - orPath_Withholding = "Object Repository/RAD_Pages/Withholding_Page": null

2024-11-12 17:47:09 - [TEST_STEP][PASSED] - orPath_Summary = "Object Repository/RAD_Pages/Summary_Page": null

2024-11-12 17:47:09 - [TEST_STEP][PASSED] - orPath_PaymentReady = "Object Repository/RAD_Pages/PaymentReady_Page": null

2024-11-12 17:47:09 - [TEST_STEP][PASSED] - orPath_PaymentEntry = "Object Repository/RAD_Pages/PaymentEntry_Page": null

2024-11-12 17:47:09 - [TEST_STEP][PASSED] - orPath_PaymentConfirmation = "Object Repository/RAD_Pages/PaymentConfirmation_Page": null

2024-11-12 17:47:09 - [TEST_STEP][PASSED] - orPath_ServiceFeesAccept = "Object Repository/RAD_Pages/ServiceFeeAccept_Page": null

2024-11-12 17:47:09 - [TEST_STEP][PASSED] - selectOptionByLabel(findTestObject(orPath_Landing + "/dd_TaxType"), Taxtype, false): All options with label 'Existing Liability with Notice/Invoice Number' are selected in object 'Object Repository/RAD_Pages/Landing_Page/dd_TaxType' 

2024-11-12 17:47:09 - [MESSAGE][PASSED] - All options with label 'Existing Liability with Notice/Invoice Number' are selected in object 'Object Repository/RAD_Pages/Landing_Page/dd_TaxType' 

2024-11-12 17:47:09 - [TEST_STEP][PASSED] - delay(1): Delayed 1 second(s)

2024-11-12 17:47:10 - [MESSAGE][PASSED] - Delayed 1 second(s)

2024-11-12 17:47:10 - [TEST_STEP][PASSED] - selectOptionByLabel(findTestObject(orPath_TaxTypeFilingYear + "/select_TaxType_ExistingLiability"), TaxTypeEL, false): All options with label 'Alcohol Tax' are selected in object 'Object Repository/RAD_Pages/TaxTypeFilingYear_Page/select_TaxType_ExistingLiability' 

2024-11-12 17:47:11 - [MESSAGE][PASSED] - All options with label 'Alcohol Tax' are selected in object 'Object Repository/RAD_Pages/TaxTypeFilingYear_Page/select_TaxType_ExistingLiability' 

2024-11-12 17:47:11 - [TEST_STEP][PASSED] - setText(findTestObject(orPath_TaxInfo + "/input_NoticeInvoiceNumber"), notInvNumber): Text '0000000000' is set on object 'Object Repository/RAD_Pages/TaxInfo_Page/input_NoticeInvoiceNumber'

2024-11-12 17:47:12 - [MESSAGE][PASSED] - Text '0000000000' is set on object 'Object Repository/RAD_Pages/TaxInfo_Page/input_NoticeInvoiceNumber'

2024-11-12 17:47:12 - [TEST_STEP][PASSED] - setText(findTestObject(orPath_TaxInfo + "/input_reTypeNoticeInvoiceNumber"), notInvNumber): Text '0000000000' is set on object 'Object Repository/RAD_Pages/TaxInfo_Page/input_reTypeNoticeInvoiceNumber'

2024-11-12 17:47:12 - [MESSAGE][PASSED] - Text '0000000000' is set on object 'Object Repository/RAD_Pages/TaxInfo_Page/input_reTypeNoticeInvoiceNumber'

2024-11-12 17:47:12 - [TEST_STEP][PASSED] - println(notInvNumber): null

2024-11-12 17:47:12 - [TEST_STEP][PASSED] - if (verifyTextPresent(errorMsg, true)): null

2024-11-12 17:47:13 - [MESSAGE][PASSED] - Text 'Notice Number or Invoice Number must be 10, 11, or 13 digits in length, with a value greater than zero' is present on page  using regular expression

2024-11-12 17:47:13 - [TEST_STEP][PASSED] - println("Error Message is present on the page"): null

2024-11-12 17:47:13 - [TEST_STEP][PASSED] - out.println("Pass Record Number: " + row): null

2024-11-12 17:47:13 - [TEST_STEP][PASSED] - resText = "Pass": null

2024-11-12 17:47:13 - [TEST_STEP][PASSED] - pages.WriteExcel.demoKey(resText, datText, resColumn, datCloumn, fileLoc, nameSheet, row): pages.WriteExcel.demoKey is PASSED

2024-11-12 17:47:13 - [MESSAGE][PASSED] - pages.WriteExcel.demoKey is PASSED

2024-11-12 17:47:13 - [TEST_STEP][PASSED] - ExecuteTC = findTestData(dataFile).getValue("Execute", row): null

2024-11-12 17:47:13 - [TEST_STEP][PASSED] - Taxtype = findTestData(dataFile).getValue("TaxType", row): null

2024-11-12 17:47:13 - [TEST_STEP][PASSED] - TaxTypeEL = findTestData(dataFile).getValue("TaxTypeEL", row): null

2024-11-12 17:47:13 - [TEST_STEP][PASSED] - notInvNumber = findTestData(dataFile).getValue("NotiInvoNumber", row): null

2024-11-12 17:47:13 - [TEST_STEP][PASSED] - errorMsg = findTestData(dataFile).getValue("ErrorMessage", row): null

2024-11-12 17:47:13 - [TEST_STEP][PASSED] - out.println("Value of Execute is : " + ExecuteTC): null

2024-11-12 17:47:13 - [TEST_STEP][PASSED] - if (ExecuteTC.equalsIgnoreCase("Y")): null

2024-11-12 17:47:13 - [TEST_STEP][PASSED] - out.println("Begin Record Number: " + row): null

2024-11-12 17:47:13 - [TEST_STEP][PASSED] - today = new java.util.Date(): null

2024-11-12 17:47:13 - [TEST_STEP][PASSED] - println(today): null

2024-11-12 17:47:13 - [TEST_STEP][PASSED] - datText = today: null

2024-11-12 17:47:13 - [TEST_STEP][PASSED] - Taxtype = findTestData(dataFile).getValue("TaxType", row): null

2024-11-12 17:47:13 - [TEST_STEP][PASSED] - out.println("Taxtype value is : " + Taxtype): null

2024-11-12 17:47:13 - [TEST_STEP][PASSED] - openBrowser(""): Browser is opened with url: ''

2024-11-12 17:47:13 - [MESSAGE][WARNING] - A browser is already opened. Closing browser and opening a new one

2024-11-12 17:47:14 - [MESSAGE][INFO] - Starting 'Chrome' driver

2024-11-12 17:47:14 - [MESSAGE][INFO] - User set preference: ['acceptInsecureCerts', 'true']

2024-11-12 17:47:14 - [MESSAGE][INFO] - Action delay is set to 0 milliseconds

2024-11-12 17:47:16 - [MESSAGE][PASSED] - Browser is opened with url: ''

2024-11-12 17:47:16 - [TEST_STEP][PASSED] - maximizeWindow(): Current window maximized

2024-11-12 17:47:16 - [MESSAGE][PASSED] - Current window maximized

2024-11-12 17:47:16 - [TEST_STEP][PASSED] - navigateToUrl(RADurl): Navigate to 'https://www.velocitypayment.com/client/rad/index.html' successfully

2024-11-12 17:47:18 - [MESSAGE][PASSED] - Navigate to 'https://www.velocitypayment.com/client/rad/index.html' successfully

2024-11-12 17:47:18 - [TEST_STEP][PASSED] - orPath_Landing = "Object Repository/RAD_Pages/Landing_Page": null

2024-11-12 17:47:18 - [TEST_STEP][PASSED] - orPath_TaxTypeFilingYear = "Object Repository/RAD_Pages/TaxTypeFilingYear_Page": null

2024-11-12 17:47:18 - [TEST_STEP][PASSED] - orPath_TaxPayer = "Object Repository/RAD_Pages/Taxpayer_Page": null

2024-11-12 17:47:18 - [TEST_STEP][PASSED] - orPath_AddressContact = "Object Repository/RAD_Pages/AddressAndContactInfo_Page": null

2024-11-12 17:47:18 - [TEST_STEP][PASSED] - orPath_FilingStatus = "Object Repository/RAD_Pages/FilingStatus_Page": null

2024-11-12 17:47:18 - [TEST_STEP][PASSED] - orPath_Amount = "Object Repository/RAD_Pages/PaymentAmount_Page": null

2024-11-12 17:47:18 - [TEST_STEP][PASSED] - orPath_TaxInfo = "Object Repository/RAD_Pages/TaxInfo_Page": null

2024-11-12 17:47:18 - [TEST_STEP][PASSED] - orPath_Withholding = "Object Repository/RAD_Pages/Withholding_Page": null

2024-11-12 17:47:18 - [TEST_STEP][PASSED] - orPath_Summary = "Object Repository/RAD_Pages/Summary_Page": null

2024-11-12 17:47:18 - [TEST_STEP][PASSED] - orPath_PaymentReady = "Object Repository/RAD_Pages/PaymentReady_Page": null

2024-11-12 17:47:18 - [TEST_STEP][PASSED] - orPath_PaymentEntry = "Object Repository/RAD_Pages/PaymentEntry_Page": null

2024-11-12 17:47:18 - [TEST_STEP][PASSED] - orPath_PaymentConfirmation = "Object Repository/RAD_Pages/PaymentConfirmation_Page": null

2024-11-12 17:47:18 - [TEST_STEP][PASSED] - orPath_ServiceFeesAccept = "Object Repository/RAD_Pages/ServiceFeeAccept_Page": null

2024-11-12 17:47:18 - [TEST_STEP][PASSED] - selectOptionByLabel(findTestObject(orPath_Landing + "/dd_TaxType"), Taxtype, false): All options with label 'Existing Liability with Notice/Invoice Number' are selected in object 'Object Repository/RAD_Pages/Landing_Page/dd_TaxType' 

2024-11-12 17:47:18 - [MESSAGE][PASSED] - All options with label 'Existing Liability with Notice/Invoice Number' are selected in object 'Object Repository/RAD_Pages/Landing_Page/dd_TaxType' 

2024-11-12 17:47:18 - [TEST_STEP][PASSED] - delay(1): Delayed 1 second(s)

2024-11-12 17:47:19 - [MESSAGE][PASSED] - Delayed 1 second(s)

2024-11-12 17:47:19 - [TEST_STEP][PASSED] - selectOptionByLabel(findTestObject(orPath_TaxTypeFilingYear + "/select_TaxType_ExistingLiability"), TaxTypeEL, false): All options with label 'PTE Tax Electing Non-S Corp' are selected in object 'Object Repository/RAD_Pages/TaxTypeFilingYear_Page/select_TaxType_ExistingLiability' 

2024-11-12 17:47:20 - [MESSAGE][PASSED] - All options with label 'PTE Tax Electing Non-S Corp' are selected in object 'Object Repository/RAD_Pages/TaxTypeFilingYear_Page/select_TaxType_ExistingLiability' 

2024-11-12 17:47:20 - [TEST_STEP][PASSED] - setText(findTestObject(orPath_TaxInfo + "/input_NoticeInvoiceNumber"), notInvNumber): Text '123456789' is set on object 'Object Repository/RAD_Pages/TaxInfo_Page/input_NoticeInvoiceNumber'

2024-11-12 17:47:21 - [MESSAGE][PASSED] - Text '123456789' is set on object 'Object Repository/RAD_Pages/TaxInfo_Page/input_NoticeInvoiceNumber'

2024-11-12 17:47:21 - [TEST_STEP][PASSED] - setText(findTestObject(orPath_TaxInfo + "/input_reTypeNoticeInvoiceNumber"), notInvNumber): Text '123456789' is set on object 'Object Repository/RAD_Pages/TaxInfo_Page/input_reTypeNoticeInvoiceNumber'

2024-11-12 17:47:22 - [MESSAGE][PASSED] - Text '123456789' is set on object 'Object Repository/RAD_Pages/TaxInfo_Page/input_reTypeNoticeInvoiceNumber'

2024-11-12 17:47:22 - [TEST_STEP][PASSED] - println(notInvNumber): null

2024-11-12 17:47:22 - [TEST_STEP][PASSED] - if (verifyTextPresent(errorMsg, true)): null

2024-11-12 17:47:22 - [MESSAGE][PASSED] - Text 'Notice Number or Invoice Number must be 10, 11, or 13 digits in length, with a value greater than zero' is present on page  using regular expression

2024-11-12 17:47:22 - [TEST_STEP][PASSED] - println("Error Message is present on the page"): null

2024-11-12 17:47:22 - [TEST_STEP][PASSED] - out.println("Pass Record Number: " + row): null

2024-11-12 17:47:22 - [TEST_STEP][PASSED] - resText = "Pass": null

2024-11-12 17:47:22 - [TEST_STEP][PASSED] - pages.WriteExcel.demoKey(resText, datText, resColumn, datCloumn, fileLoc, nameSheet, row): pages.WriteExcel.demoKey is PASSED

2024-11-12 17:47:22 - [MESSAGE][PASSED] - pages.WriteExcel.demoKey is PASSED

2024-11-12 17:47:22 - [TEST_STEP][PASSED] - ExecuteTC = findTestData(dataFile).getValue("Execute", row): null

2024-11-12 17:47:22 - [TEST_STEP][PASSED] - Taxtype = findTestData(dataFile).getValue("TaxType", row): null

2024-11-12 17:47:22 - [TEST_STEP][PASSED] - TaxTypeEL = findTestData(dataFile).getValue("TaxTypeEL", row): null

2024-11-12 17:47:22 - [TEST_STEP][PASSED] - notInvNumber = findTestData(dataFile).getValue("NotiInvoNumber", row): null

2024-11-12 17:47:22 - [TEST_STEP][PASSED] - errorMsg = findTestData(dataFile).getValue("ErrorMessage", row): null

2024-11-12 17:47:22 - [TEST_STEP][PASSED] - out.println("Value of Execute is : " + ExecuteTC): null

2024-11-12 17:47:22 - [TEST_STEP][PASSED] - if (ExecuteTC.equalsIgnoreCase("Y")): null

2024-11-12 17:47:23 - [TEST_STEP][PASSED] - out.println("Begin Record Number: " + row): null

2024-11-12 17:47:23 - [TEST_STEP][PASSED] - today = new java.util.Date(): null

2024-11-12 17:47:23 - [TEST_STEP][PASSED] - println(today): null

2024-11-12 17:47:23 - [TEST_STEP][PASSED] - datText = today: null

2024-11-12 17:47:23 - [TEST_STEP][PASSED] - Taxtype = findTestData(dataFile).getValue("TaxType", row): null

2024-11-12 17:47:23 - [TEST_STEP][PASSED] - out.println("Taxtype value is : " + Taxtype): null

2024-11-12 17:47:23 - [TEST_STEP][PASSED] - openBrowser(""): Browser is opened with url: ''

2024-11-12 17:47:23 - [MESSAGE][WARNING] - A browser is already opened. Closing browser and opening a new one

2024-11-12 17:47:24 - [MESSAGE][INFO] - Starting 'Chrome' driver

2024-11-12 17:47:24 - [MESSAGE][INFO] - User set preference: ['acceptInsecureCerts', 'true']

2024-11-12 17:47:24 - [MESSAGE][INFO] - Action delay is set to 0 milliseconds

2024-11-12 17:47:25 - [MESSAGE][PASSED] - Browser is opened with url: ''

2024-11-12 17:47:25 - [TEST_STEP][PASSED] - maximizeWindow(): Current window maximized

2024-11-12 17:47:25 - [MESSAGE][PASSED] - Current window maximized

2024-11-12 17:47:25 - [TEST_STEP][PASSED] - navigateToUrl(RADurl): Navigate to 'https://www.velocitypayment.com/client/rad/index.html' successfully

2024-11-12 17:47:27 - [MESSAGE][PASSED] - Navigate to 'https://www.velocitypayment.com/client/rad/index.html' successfully

2024-11-12 17:47:27 - [TEST_STEP][PASSED] - orPath_Landing = "Object Repository/RAD_Pages/Landing_Page": null

2024-11-12 17:47:27 - [TEST_STEP][PASSED] - orPath_TaxTypeFilingYear = "Object Repository/RAD_Pages/TaxTypeFilingYear_Page": null

2024-11-12 17:47:27 - [TEST_STEP][PASSED] - orPath_TaxPayer = "Object Repository/RAD_Pages/Taxpayer_Page": null

2024-11-12 17:47:27 - [TEST_STEP][PASSED] - orPath_AddressContact = "Object Repository/RAD_Pages/AddressAndContactInfo_Page": null

2024-11-12 17:47:27 - [TEST_STEP][PASSED] - orPath_FilingStatus = "Object Repository/RAD_Pages/FilingStatus_Page": null

2024-11-12 17:47:27 - [TEST_STEP][PASSED] - orPath_Amount = "Object Repository/RAD_Pages/PaymentAmount_Page": null

2024-11-12 17:47:27 - [TEST_STEP][PASSED] - orPath_TaxInfo = "Object Repository/RAD_Pages/TaxInfo_Page": null

2024-11-12 17:47:27 - [TEST_STEP][PASSED] - orPath_Withholding = "Object Repository/RAD_Pages/Withholding_Page": null

2024-11-12 17:47:27 - [TEST_STEP][PASSED] - orPath_Summary = "Object Repository/RAD_Pages/Summary_Page": null

2024-11-12 17:47:27 - [TEST_STEP][PASSED] - orPath_PaymentReady = "Object Repository/RAD_Pages/PaymentReady_Page": null

2024-11-12 17:47:27 - [TEST_STEP][PASSED] - orPath_PaymentEntry = "Object Repository/RAD_Pages/PaymentEntry_Page": null

2024-11-12 17:47:27 - [TEST_STEP][PASSED] - orPath_PaymentConfirmation = "Object Repository/RAD_Pages/PaymentConfirmation_Page": null

2024-11-12 17:47:27 - [TEST_STEP][PASSED] - orPath_ServiceFeesAccept = "Object Repository/RAD_Pages/ServiceFeeAccept_Page": null

2024-11-12 17:47:27 - [TEST_STEP][PASSED] - selectOptionByLabel(findTestObject(orPath_Landing + "/dd_TaxType"), Taxtype, false): All options with label 'Existing Liability with Notice/Invoice Number' are selected in object 'Object Repository/RAD_Pages/Landing_Page/dd_TaxType' 

2024-11-12 17:47:28 - [MESSAGE][PASSED] - All options with label 'Existing Liability with Notice/Invoice Number' are selected in object 'Object Repository/RAD_Pages/Landing_Page/dd_TaxType' 

2024-11-12 17:47:28 - [TEST_STEP][PASSED] - delay(1): Delayed 1 second(s)

2024-11-12 17:47:29 - [MESSAGE][PASSED] - Delayed 1 second(s)

2024-11-12 17:47:29 - [TEST_STEP][PASSED] - selectOptionByLabel(findTestObject(orPath_TaxTypeFilingYear + "/select_TaxType_ExistingLiability"), TaxTypeEL, false): All options with label 'PTE Tax Electing Non-S Corp' are selected in object 'Object Repository/RAD_Pages/TaxTypeFilingYear_Page/select_TaxType_ExistingLiability' 

2024-11-12 17:47:29 - [MESSAGE][PASSED] - All options with label 'PTE Tax Electing Non-S Corp' are selected in object 'Object Repository/RAD_Pages/TaxTypeFilingYear_Page/select_TaxType_ExistingLiability' 

2024-11-12 17:47:29 - [TEST_STEP][PASSED] - setText(findTestObject(orPath_TaxInfo + "/input_NoticeInvoiceNumber"), notInvNumber): Text '123456789012' is set on object 'Object Repository/RAD_Pages/TaxInfo_Page/input_NoticeInvoiceNumber'

2024-11-12 17:47:30 - [MESSAGE][PASSED] - Text '123456789012' is set on object 'Object Repository/RAD_Pages/TaxInfo_Page/input_NoticeInvoiceNumber'

2024-11-12 17:47:30 - [TEST_STEP][PASSED] - setText(findTestObject(orPath_TaxInfo + "/input_reTypeNoticeInvoiceNumber"), notInvNumber): Text '123456789012' is set on object 'Object Repository/RAD_Pages/TaxInfo_Page/input_reTypeNoticeInvoiceNumber'

2024-11-12 17:47:31 - [MESSAGE][PASSED] - Text '123456789012' is set on object 'Object Repository/RAD_Pages/TaxInfo_Page/input_reTypeNoticeInvoiceNumber'

2024-11-12 17:47:31 - [TEST_STEP][PASSED] - println(notInvNumber): null

2024-11-12 17:47:31 - [TEST_STEP][PASSED] - if (verifyTextPresent(errorMsg, true)): null

2024-11-12 17:47:31 - [MESSAGE][PASSED] - Text 'Notice Number or Invoice Number must be 10, 11, or 13 digits in length, with a value greater than zero' is present on page  using regular expression

2024-11-12 17:47:31 - [TEST_STEP][PASSED] - println("Error Message is present on the page"): null

2024-11-12 17:47:31 - [TEST_STEP][PASSED] - out.println("Pass Record Number: " + row): null

2024-11-12 17:47:31 - [TEST_STEP][PASSED] - resText = "Pass": null

2024-11-12 17:47:31 - [TEST_STEP][PASSED] - pages.WriteExcel.demoKey(resText, datText, resColumn, datCloumn, fileLoc, nameSheet, row): pages.WriteExcel.demoKey is PASSED

2024-11-12 17:47:32 - [MESSAGE][PASSED] - pages.WriteExcel.demoKey is PASSED

2024-11-12 17:47:32 - [TEST_STEP][PASSED] - ExecuteTC = findTestData(dataFile).getValue("Execute", row): null

2024-11-12 17:47:32 - [TEST_STEP][PASSED] - Taxtype = findTestData(dataFile).getValue("TaxType", row): null

2024-11-12 17:47:32 - [TEST_STEP][PASSED] - TaxTypeEL = findTestData(dataFile).getValue("TaxTypeEL", row): null

2024-11-12 17:47:32 - [TEST_STEP][PASSED] - notInvNumber = findTestData(dataFile).getValue("NotiInvoNumber", row): null

2024-11-12 17:47:32 - [TEST_STEP][PASSED] - errorMsg = findTestData(dataFile).getValue("ErrorMessage", row): null

2024-11-12 17:47:32 - [TEST_STEP][PASSED] - out.println("Value of Execute is : " + ExecuteTC): null

2024-11-12 17:47:32 - [TEST_STEP][PASSED] - if (ExecuteTC.equalsIgnoreCase("Y")): null

2024-11-12 17:47:32 - [TEST_STEP][PASSED] - out.println("Begin Record Number: " + row): null

2024-11-12 17:47:32 - [TEST_STEP][PASSED] - today = new java.util.Date(): null

2024-11-12 17:47:32 - [TEST_STEP][PASSED] - println(today): null

2024-11-12 17:47:32 - [TEST_STEP][PASSED] - datText = today: null

2024-11-12 17:47:32 - [TEST_STEP][PASSED] - Taxtype = findTestData(dataFile).getValue("TaxType", row): null

2024-11-12 17:47:32 - [TEST_STEP][PASSED] - out.println("Taxtype value is : " + Taxtype): null

2024-11-12 17:47:32 - [TEST_STEP][PASSED] - openBrowser(""): Browser is opened with url: ''

2024-11-12 17:47:32 - [MESSAGE][WARNING] - A browser is already opened. Closing browser and opening a new one

2024-11-12 17:47:33 - [MESSAGE][INFO] - Starting 'Chrome' driver

2024-11-12 17:47:33 - [MESSAGE][INFO] - User set preference: ['acceptInsecureCerts', 'true']

2024-11-12 17:47:33 - [MESSAGE][INFO] - Action delay is set to 0 milliseconds

2024-11-12 17:47:35 - [MESSAGE][PASSED] - Browser is opened with url: ''

2024-11-12 17:47:35 - [TEST_STEP][PASSED] - maximizeWindow(): Current window maximized

2024-11-12 17:47:35 - [MESSAGE][PASSED] - Current window maximized

2024-11-12 17:47:35 - [TEST_STEP][PASSED] - navigateToUrl(RADurl): Navigate to 'https://www.velocitypayment.com/client/rad/index.html' successfully

2024-11-12 17:47:39 - [MESSAGE][PASSED] - Navigate to 'https://www.velocitypayment.com/client/rad/index.html' successfully

2024-11-12 17:47:39 - [TEST_STEP][PASSED] - orPath_Landing = "Object Repository/RAD_Pages/Landing_Page": null

2024-11-12 17:47:39 - [TEST_STEP][PASSED] - orPath_TaxTypeFilingYear = "Object Repository/RAD_Pages/TaxTypeFilingYear_Page": null

2024-11-12 17:47:39 - [TEST_STEP][PASSED] - orPath_TaxPayer = "Object Repository/RAD_Pages/Taxpayer_Page": null

2024-11-12 17:47:39 - [TEST_STEP][PASSED] - orPath_AddressContact = "Object Repository/RAD_Pages/AddressAndContactInfo_Page": null

2024-11-12 17:47:39 - [TEST_STEP][PASSED] - orPath_FilingStatus = "Object Repository/RAD_Pages/FilingStatus_Page": null

2024-11-12 17:47:39 - [TEST_STEP][PASSED] - orPath_Amount = "Object Repository/RAD_Pages/PaymentAmount_Page": null

2024-11-12 17:47:39 - [TEST_STEP][PASSED] - orPath_TaxInfo = "Object Repository/RAD_Pages/TaxInfo_Page": null

2024-11-12 17:47:39 - [TEST_STEP][PASSED] - orPath_Withholding = "Object Repository/RAD_Pages/Withholding_Page": null

2024-11-12 17:47:39 - [TEST_STEP][PASSED] - orPath_Summary = "Object Repository/RAD_Pages/Summary_Page": null

2024-11-12 17:47:39 - [TEST_STEP][PASSED] - orPath_PaymentReady = "Object Repository/RAD_Pages/PaymentReady_Page": null

2024-11-12 17:47:39 - [TEST_STEP][PASSED] - orPath_PaymentEntry = "Object Repository/RAD_Pages/PaymentEntry_Page": null

2024-11-12 17:47:39 - [TEST_STEP][PASSED] - orPath_PaymentConfirmation = "Object Repository/RAD_Pages/PaymentConfirmation_Page": null

2024-11-12 17:47:39 - [TEST_STEP][PASSED] - orPath_ServiceFeesAccept = "Object Repository/RAD_Pages/ServiceFeeAccept_Page": null

2024-11-12 17:47:39 - [TEST_STEP][PASSED] - selectOptionByLabel(findTestObject(orPath_Landing + "/dd_TaxType"), Taxtype, false): All options with label 'Existing Liability with Notice/Invoice Number' are selected in object 'Object Repository/RAD_Pages/Landing_Page/dd_TaxType' 

2024-11-12 17:47:40 - [MESSAGE][PASSED] - All options with label 'Existing Liability with Notice/Invoice Number' are selected in object 'Object Repository/RAD_Pages/Landing_Page/dd_TaxType' 

2024-11-12 17:47:40 - [TEST_STEP][PASSED] - delay(1): Delayed 1 second(s)

2024-11-12 17:47:41 - [MESSAGE][PASSED] - Delayed 1 second(s)

2024-11-12 17:47:41 - [TEST_STEP][PASSED] - selectOptionByLabel(findTestObject(orPath_TaxTypeFilingYear + "/select_TaxType_ExistingLiability"), TaxTypeEL, false): All options with label 'PTE Tax Electing Non-S Corp' are selected in object 'Object Repository/RAD_Pages/TaxTypeFilingYear_Page/select_TaxType_ExistingLiability' 

2024-11-12 17:47:42 - [MESSAGE][PASSED] - All options with label 'PTE Tax Electing Non-S Corp' are selected in object 'Object Repository/RAD_Pages/TaxTypeFilingYear_Page/select_TaxType_ExistingLiability' 

2024-11-12 17:47:42 - [TEST_STEP][PASSED] - setText(findTestObject(orPath_TaxInfo + "/input_NoticeInvoiceNumber"), notInvNumber): Text '0000000000' is set on object 'Object Repository/RAD_Pages/TaxInfo_Page/input_NoticeInvoiceNumber'

2024-11-12 17:47:43 - [MESSAGE][PASSED] - Text '0000000000' is set on object 'Object Repository/RAD_Pages/TaxInfo_Page/input_NoticeInvoiceNumber'

2024-11-12 17:47:43 - [TEST_STEP][PASSED] - setText(findTestObject(orPath_TaxInfo + "/input_reTypeNoticeInvoiceNumber"), notInvNumber): Text '0000000000' is set on object 'Object Repository/RAD_Pages/TaxInfo_Page/input_reTypeNoticeInvoiceNumber'

2024-11-12 17:47:43 - [MESSAGE][PASSED] - Text '0000000000' is set on object 'Object Repository/RAD_Pages/TaxInfo_Page/input_reTypeNoticeInvoiceNumber'

2024-11-12 17:47:43 - [TEST_STEP][PASSED] - println(notInvNumber): null

2024-11-12 17:47:43 - [TEST_STEP][PASSED] - if (verifyTextPresent(errorMsg, true)): null

2024-11-12 17:47:44 - [MESSAGE][PASSED] - Text 'Notice Number or Invoice Number must be 10, 11, or 13 digits in length, with a value greater than zero' is present on page  using regular expression

2024-11-12 17:47:44 - [TEST_STEP][PASSED] - println("Error Message is present on the page"): null

2024-11-12 17:47:44 - [TEST_STEP][PASSED] - out.println("Pass Record Number: " + row): null

2024-11-12 17:47:44 - [TEST_STEP][PASSED] - resText = "Pass": null

2024-11-12 17:47:44 - [TEST_STEP][PASSED] - pages.WriteExcel.demoKey(resText, datText, resColumn, datCloumn, fileLoc, nameSheet, row): pages.WriteExcel.demoKey is PASSED

2024-11-12 17:47:44 - [MESSAGE][PASSED] - pages.WriteExcel.demoKey is PASSED

2024-11-12 17:47:44 - [TEST_STEP][PASSED] - ExecuteTC = findTestData(dataFile).getValue("Execute", row): null

2024-11-12 17:47:44 - [TEST_STEP][PASSED] - Taxtype = findTestData(dataFile).getValue("TaxType", row): null

2024-11-12 17:47:44 - [TEST_STEP][PASSED] - TaxTypeEL = findTestData(dataFile).getValue("TaxTypeEL", row): null

2024-11-12 17:47:44 - [TEST_STEP][PASSED] - notInvNumber = findTestData(dataFile).getValue("NotiInvoNumber", row): null

2024-11-12 17:47:44 - [TEST_STEP][PASSED] - errorMsg = findTestData(dataFile).getValue("ErrorMessage", row): null

2024-11-12 17:47:44 - [TEST_STEP][PASSED] - out.println("Value of Execute is : " + ExecuteTC): null

2024-11-12 17:47:44 - [TEST_STEP][PASSED] - if (ExecuteTC.equalsIgnoreCase("Y")): null

2024-11-12 17:47:44 - [TEST_STEP][PASSED] - out.println("Begin Record Number: " + row): null

2024-11-12 17:47:44 - [TEST_STEP][PASSED] - today = new java.util.Date(): null

2024-11-12 17:47:44 - [TEST_STEP][PASSED] - println(today): null

2024-11-12 17:47:44 - [TEST_STEP][PASSED] - datText = today: null

2024-11-12 17:47:44 - [TEST_STEP][PASSED] - Taxtype = findTestData(dataFile).getValue("TaxType", row): null

2024-11-12 17:47:44 - [TEST_STEP][PASSED] - out.println("Taxtype value is : " + Taxtype): null

2024-11-12 17:47:44 - [TEST_STEP][PASSED] - openBrowser(""): Browser is opened with url: ''

2024-11-12 17:47:44 - [MESSAGE][WARNING] - A browser is already opened. Closing browser and opening a new one

2024-11-12 17:47:45 - [MESSAGE][INFO] - Starting 'Chrome' driver

2024-11-12 17:47:45 - [MESSAGE][INFO] - User set preference: ['acceptInsecureCerts', 'true']

2024-11-12 17:47:45 - [MESSAGE][INFO] - Action delay is set to 0 milliseconds

2024-11-12 17:47:47 - [MESSAGE][PASSED] - Browser is opened with url: ''

2024-11-12 17:47:47 - [TEST_STEP][PASSED] - maximizeWindow(): Current window maximized

2024-11-12 17:47:47 - [MESSAGE][PASSED] - Current window maximized

2024-11-12 17:47:47 - [TEST_STEP][PASSED] - navigateToUrl(RADurl): Navigate to 'https://www.velocitypayment.com/client/rad/index.html' successfully

2024-11-12 17:47:47 - [MESSAGE][PASSED] - Navigate to 'https://www.velocitypayment.com/client/rad/index.html' successfully

2024-11-12 17:47:47 - [TEST_STEP][PASSED] - orPath_Landing = "Object Repository/RAD_Pages/Landing_Page": null

2024-11-12 17:47:47 - [TEST_STEP][PASSED] - orPath_TaxTypeFilingYear = "Object Repository/RAD_Pages/TaxTypeFilingYear_Page": null

2024-11-12 17:47:47 - [TEST_STEP][PASSED] - orPath_TaxPayer = "Object Repository/RAD_Pages/Taxpayer_Page": null

2024-11-12 17:47:47 - [TEST_STEP][PASSED] - orPath_AddressContact = "Object Repository/RAD_Pages/AddressAndContactInfo_Page": null

2024-11-12 17:47:47 - [TEST_STEP][PASSED] - orPath_FilingStatus = "Object Repository/RAD_Pages/FilingStatus_Page": null

2024-11-12 17:47:47 - [TEST_STEP][PASSED] - orPath_Amount = "Object Repository/RAD_Pages/PaymentAmount_Page": null

2024-11-12 17:47:47 - [TEST_STEP][PASSED] - orPath_TaxInfo = "Object Repository/RAD_Pages/TaxInfo_Page": null

2024-11-12 17:47:47 - [TEST_STEP][PASSED] - orPath_Withholding = "Object Repository/RAD_Pages/Withholding_Page": null

2024-11-12 17:47:47 - [TEST_STEP][PASSED] - orPath_Summary = "Object Repository/RAD_Pages/Summary_Page": null

2024-11-12 17:47:47 - [TEST_STEP][PASSED] - orPath_PaymentReady = "Object Repository/RAD_Pages/PaymentReady_Page": null

2024-11-12 17:47:47 - [TEST_STEP][PASSED] - orPath_PaymentEntry = "Object Repository/RAD_Pages/PaymentEntry_Page": null

2024-11-12 17:47:47 - [TEST_STEP][PASSED] - orPath_PaymentConfirmation = "Object Repository/RAD_Pages/PaymentConfirmation_Page": null

2024-11-12 17:47:47 - [TEST_STEP][PASSED] - orPath_ServiceFeesAccept = "Object Repository/RAD_Pages/ServiceFeeAccept_Page": null

2024-11-12 17:47:47 - [TEST_STEP][PASSED] - selectOptionByLabel(findTestObject(orPath_Landing + "/dd_TaxType"), Taxtype, false): All options with label 'Existing Liability with Notice/Invoice Number' are selected in object 'Object Repository/RAD_Pages/Landing_Page/dd_TaxType' 

2024-11-12 17:47:49 - [MESSAGE][PASSED] - All options with label 'Existing Liability with Notice/Invoice Number' are selected in object 'Object Repository/RAD_Pages/Landing_Page/dd_TaxType' 

2024-11-12 17:47:49 - [TEST_STEP][PASSED] - delay(1): Delayed 1 second(s)

2024-11-12 17:47:50 - [MESSAGE][PASSED] - Delayed 1 second(s)

2024-11-12 17:47:50 - [TEST_STEP][PASSED] - selectOptionByLabel(findTestObject(orPath_TaxTypeFilingYear + "/select_TaxType_ExistingLiability"), TaxTypeEL, false): All options with label 'PTE Tax Electing S Corp' are selected in object 'Object Repository/RAD_Pages/TaxTypeFilingYear_Page/select_TaxType_ExistingLiability' 

2024-11-12 17:47:51 - [MESSAGE][PASSED] - All options with label 'PTE Tax Electing S Corp' are selected in object 'Object Repository/RAD_Pages/TaxTypeFilingYear_Page/select_TaxType_ExistingLiability' 

2024-11-12 17:47:51 - [TEST_STEP][PASSED] - setText(findTestObject(orPath_TaxInfo + "/input_NoticeInvoiceNumber"), notInvNumber): Text '123456789' is set on object 'Object Repository/RAD_Pages/TaxInfo_Page/input_NoticeInvoiceNumber'

2024-11-12 17:47:52 - [MESSAGE][PASSED] - Text '123456789' is set on object 'Object Repository/RAD_Pages/TaxInfo_Page/input_NoticeInvoiceNumber'

2024-11-12 17:47:52 - [TEST_STEP][PASSED] - setText(findTestObject(orPath_TaxInfo + "/input_reTypeNoticeInvoiceNumber"), notInvNumber): Text '123456789' is set on object 'Object Repository/RAD_Pages/TaxInfo_Page/input_reTypeNoticeInvoiceNumber'

2024-11-12 17:47:53 - [MESSAGE][PASSED] - Text '123456789' is set on object 'Object Repository/RAD_Pages/TaxInfo_Page/input_reTypeNoticeInvoiceNumber'

2024-11-12 17:47:53 - [TEST_STEP][PASSED] - println(notInvNumber): null

2024-11-12 17:47:53 - [TEST_STEP][PASSED] - if (verifyTextPresent(errorMsg, true)): null

2024-11-12 17:47:53 - [MESSAGE][PASSED] - Text 'Notice Number or Invoice Number must be 10, 11, or 13 digits in length, with a value greater than zero' is present on page  using regular expression

2024-11-12 17:47:53 - [TEST_STEP][PASSED] - println("Error Message is present on the page"): null

2024-11-12 17:47:53 - [TEST_STEP][PASSED] - out.println("Pass Record Number: " + row): null

2024-11-12 17:47:53 - [TEST_STEP][PASSED] - resText = "Pass": null

2024-11-12 17:47:53 - [TEST_STEP][PASSED] - pages.WriteExcel.demoKey(resText, datText, resColumn, datCloumn, fileLoc, nameSheet, row): pages.WriteExcel.demoKey is PASSED

2024-11-12 17:47:53 - [MESSAGE][PASSED] - pages.WriteExcel.demoKey is PASSED

2024-11-12 17:47:53 - [TEST_STEP][PASSED] - ExecuteTC = findTestData(dataFile).getValue("Execute", row): null

2024-11-12 17:47:53 - [TEST_STEP][PASSED] - Taxtype = findTestData(dataFile).getValue("TaxType", row): null

2024-11-12 17:47:53 - [TEST_STEP][PASSED] - TaxTypeEL = findTestData(dataFile).getValue("TaxTypeEL", row): null

2024-11-12 17:47:53 - [TEST_STEP][PASSED] - notInvNumber = findTestData(dataFile).getValue("NotiInvoNumber", row): null

2024-11-12 17:47:53 - [TEST_STEP][PASSED] - errorMsg = findTestData(dataFile).getValue("ErrorMessage", row): null

2024-11-12 17:47:53 - [TEST_STEP][PASSED] - out.println("Value of Execute is : " + ExecuteTC): null

2024-11-12 17:47:53 - [TEST_STEP][PASSED] - if (ExecuteTC.equalsIgnoreCase("Y")): null

2024-11-12 17:47:53 - [TEST_STEP][PASSED] - out.println("Begin Record Number: " + row): null

2024-11-12 17:47:53 - [TEST_STEP][PASSED] - today = new java.util.Date(): null

2024-11-12 17:47:53 - [TEST_STEP][PASSED] - println(today): null

2024-11-12 17:47:53 - [TEST_STEP][PASSED] - datText = today: null

2024-11-12 17:47:53 - [TEST_STEP][PASSED] - Taxtype = findTestData(dataFile).getValue("TaxType", row): null

2024-11-12 17:47:53 - [TEST_STEP][PASSED] - out.println("Taxtype value is : " + Taxtype): null

2024-11-12 17:47:53 - [TEST_STEP][PASSED] - openBrowser(""): Browser is opened with url: ''

2024-11-12 17:47:53 - [MESSAGE][WARNING] - A browser is already opened. Closing browser and opening a new one

2024-11-12 17:47:55 - [MESSAGE][INFO] - Starting 'Chrome' driver

2024-11-12 17:47:55 - [MESSAGE][INFO] - User set preference: ['acceptInsecureCerts', 'true']

2024-11-12 17:47:55 - [MESSAGE][INFO] - Action delay is set to 0 milliseconds

2024-11-12 17:47:56 - [MESSAGE][PASSED] - Browser is opened with url: ''

2024-11-12 17:47:56 - [TEST_STEP][PASSED] - maximizeWindow(): Current window maximized

2024-11-12 17:47:56 - [MESSAGE][PASSED] - Current window maximized

2024-11-12 17:47:56 - [TEST_STEP][PASSED] - navigateToUrl(RADurl): Navigate to 'https://www.velocitypayment.com/client/rad/index.html' successfully

2024-11-12 17:47:57 - [MESSAGE][PASSED] - Navigate to 'https://www.velocitypayment.com/client/rad/index.html' successfully

2024-11-12 17:47:57 - [TEST_STEP][PASSED] - orPath_Landing = "Object Repository/RAD_Pages/Landing_Page": null

2024-11-12 17:47:57 - [TEST_STEP][PASSED] - orPath_TaxTypeFilingYear = "Object Repository/RAD_Pages/TaxTypeFilingYear_Page": null

2024-11-12 17:47:57 - [TEST_STEP][PASSED] - orPath_TaxPayer = "Object Repository/RAD_Pages/Taxpayer_Page": null

2024-11-12 17:47:57 - [TEST_STEP][PASSED] - orPath_AddressContact = "Object Repository/RAD_Pages/AddressAndContactInfo_Page": null

2024-11-12 17:47:57 - [TEST_STEP][PASSED] - orPath_FilingStatus = "Object Repository/RAD_Pages/FilingStatus_Page": null

2024-11-12 17:47:57 - [TEST_STEP][PASSED] - orPath_Amount = "Object Repository/RAD_Pages/PaymentAmount_Page": null

2024-11-12 17:47:57 - [TEST_STEP][PASSED] - orPath_TaxInfo = "Object Repository/RAD_Pages/TaxInfo_Page": null

2024-11-12 17:47:57 - [TEST_STEP][PASSED] - orPath_Withholding = "Object Repository/RAD_Pages/Withholding_Page": null

2024-11-12 17:47:57 - [TEST_STEP][PASSED] - orPath_Summary = "Object Repository/RAD_Pages/Summary_Page": null

2024-11-12 17:47:57 - [TEST_STEP][PASSED] - orPath_PaymentReady = "Object Repository/RAD_Pages/PaymentReady_Page": null

2024-11-12 17:47:57 - [TEST_STEP][PASSED] - orPath_PaymentEntry = "Object Repository/RAD_Pages/PaymentEntry_Page": null

2024-11-12 17:47:57 - [TEST_STEP][PASSED] - orPath_PaymentConfirmation = "Object Repository/RAD_Pages/PaymentConfirmation_Page": null

2024-11-12 17:47:57 - [TEST_STEP][PASSED] - orPath_ServiceFeesAccept = "Object Repository/RAD_Pages/ServiceFeeAccept_Page": null

2024-11-12 17:47:57 - [TEST_STEP][PASSED] - selectOptionByLabel(findTestObject(orPath_Landing + "/dd_TaxType"), Taxtype, false): All options with label 'Existing Liability with Notice/Invoice Number' are selected in object 'Object Repository/RAD_Pages/Landing_Page/dd_TaxType' 

2024-11-12 17:47:59 - [MESSAGE][PASSED] - All options with label 'Existing Liability with Notice/Invoice Number' are selected in object 'Object Repository/RAD_Pages/Landing_Page/dd_TaxType' 

2024-11-12 17:47:59 - [TEST_STEP][PASSED] - delay(1): Delayed 1 second(s)

2024-11-12 17:48:00 - [MESSAGE][PASSED] - Delayed 1 second(s)

2024-11-12 17:48:00 - [TEST_STEP][PASSED] - selectOptionByLabel(findTestObject(orPath_TaxTypeFilingYear + "/select_TaxType_ExistingLiability"), TaxTypeEL, false): All options with label 'PTE Tax Electing S Corp' are selected in object 'Object Repository/RAD_Pages/TaxTypeFilingYear_Page/select_TaxType_ExistingLiability' 

2024-11-12 17:48:00 - [MESSAGE][PASSED] - All options with label 'PTE Tax Electing S Corp' are selected in object 'Object Repository/RAD_Pages/TaxTypeFilingYear_Page/select_TaxType_ExistingLiability' 

2024-11-12 17:48:00 - [TEST_STEP][PASSED] - setText(findTestObject(orPath_TaxInfo + "/input_NoticeInvoiceNumber"), notInvNumber): Text '123456789012' is set on object 'Object Repository/RAD_Pages/TaxInfo_Page/input_NoticeInvoiceNumber'

2024-11-12 17:48:01 - [MESSAGE][PASSED] - Text '123456789012' is set on object 'Object Repository/RAD_Pages/TaxInfo_Page/input_NoticeInvoiceNumber'

2024-11-12 17:48:01 - [TEST_STEP][PASSED] - setText(findTestObject(orPath_TaxInfo + "/input_reTypeNoticeInvoiceNumber"), notInvNumber): Text '123456789012' is set on object 'Object Repository/RAD_Pages/TaxInfo_Page/input_reTypeNoticeInvoiceNumber'

2024-11-12 17:48:02 - [MESSAGE][PASSED] - Text '123456789012' is set on object 'Object Repository/RAD_Pages/TaxInfo_Page/input_reTypeNoticeInvoiceNumber'

2024-11-12 17:48:02 - [TEST_STEP][PASSED] - println(notInvNumber): null

2024-11-12 17:48:02 - [TEST_STEP][PASSED] - if (verifyTextPresent(errorMsg, true)): null

2024-11-12 17:48:03 - [MESSAGE][PASSED] - Text 'Notice Number or Invoice Number must be 10, 11, or 13 digits in length, with a value greater than zero' is present on page  using regular expression

2024-11-12 17:48:03 - [TEST_STEP][PASSED] - println("Error Message is present on the page"): null

2024-11-12 17:48:03 - [TEST_STEP][PASSED] - out.println("Pass Record Number: " + row): null

2024-11-12 17:48:03 - [TEST_STEP][PASSED] - resText = "Pass": null

2024-11-12 17:48:03 - [TEST_STEP][PASSED] - pages.WriteExcel.demoKey(resText, datText, resColumn, datCloumn, fileLoc, nameSheet, row): pages.WriteExcel.demoKey is PASSED

2024-11-12 17:48:03 - [MESSAGE][PASSED] - pages.WriteExcel.demoKey is PASSED

2024-11-12 17:48:03 - [TEST_STEP][PASSED] - ExecuteTC = findTestData(dataFile).getValue("Execute", row): null

2024-11-12 17:48:03 - [TEST_STEP][PASSED] - Taxtype = findTestData(dataFile).getValue("TaxType", row): null

2024-11-12 17:48:03 - [TEST_STEP][PASSED] - TaxTypeEL = findTestData(dataFile).getValue("TaxTypeEL", row): null

2024-11-12 17:48:03 - [TEST_STEP][PASSED] - notInvNumber = findTestData(dataFile).getValue("NotiInvoNumber", row): null

2024-11-12 17:48:03 - [TEST_STEP][PASSED] - errorMsg = findTestData(dataFile).getValue("ErrorMessage", row): null

2024-11-12 17:48:03 - [TEST_STEP][PASSED] - out.println("Value of Execute is : " + ExecuteTC): null

2024-11-12 17:48:03 - [TEST_STEP][PASSED] - if (ExecuteTC.equalsIgnoreCase("Y")): null

2024-11-12 17:48:03 - [TEST_STEP][PASSED] - out.println("Begin Record Number: " + row): null

2024-11-12 17:48:03 - [TEST_STEP][PASSED] - today = new java.util.Date(): null

2024-11-12 17:48:03 - [TEST_STEP][PASSED] - println(today): null

2024-11-12 17:48:03 - [TEST_STEP][PASSED] - datText = today: null

2024-11-12 17:48:03 - [TEST_STEP][PASSED] - Taxtype = findTestData(dataFile).getValue("TaxType", row): null

2024-11-12 17:48:03 - [TEST_STEP][PASSED] - out.println("Taxtype value is : " + Taxtype): null

2024-11-12 17:48:03 - [TEST_STEP][PASSED] - openBrowser(""): Browser is opened with url: ''

2024-11-12 17:48:03 - [MESSAGE][WARNING] - A browser is already opened. Closing browser and opening a new one

2024-11-12 17:48:04 - [MESSAGE][INFO] - Starting 'Chrome' driver

2024-11-12 17:48:04 - [MESSAGE][INFO] - User set preference: ['acceptInsecureCerts', 'true']

2024-11-12 17:48:04 - [MESSAGE][INFO] - Action delay is set to 0 milliseconds

2024-11-12 17:48:06 - [MESSAGE][PASSED] - Browser is opened with url: ''

2024-11-12 17:48:06 - [TEST_STEP][PASSED] - maximizeWindow(): Current window maximized

2024-11-12 17:48:06 - [MESSAGE][PASSED] - Current window maximized

2024-11-12 17:48:06 - [TEST_STEP][PASSED] - navigateToUrl(RADurl): Navigate to 'https://www.velocitypayment.com/client/rad/index.html' successfully

2024-11-12 17:48:08 - [MESSAGE][PASSED] - Navigate to 'https://www.velocitypayment.com/client/rad/index.html' successfully

2024-11-12 17:48:08 - [TEST_STEP][PASSED] - orPath_Landing = "Object Repository/RAD_Pages/Landing_Page": null

2024-11-12 17:48:08 - [TEST_STEP][PASSED] - orPath_TaxTypeFilingYear = "Object Repository/RAD_Pages/TaxTypeFilingYear_Page": null

2024-11-12 17:48:08 - [TEST_STEP][PASSED] - orPath_TaxPayer = "Object Repository/RAD_Pages/Taxpayer_Page": null

2024-11-12 17:48:08 - [TEST_STEP][PASSED] - orPath_AddressContact = "Object Repository/RAD_Pages/AddressAndContactInfo_Page": null

2024-11-12 17:48:08 - [TEST_STEP][PASSED] - orPath_FilingStatus = "Object Repository/RAD_Pages/FilingStatus_Page": null

2024-11-12 17:48:08 - [TEST_STEP][PASSED] - orPath_Amount = "Object Repository/RAD_Pages/PaymentAmount_Page": null

2024-11-12 17:48:08 - [TEST_STEP][PASSED] - orPath_TaxInfo = "Object Repository/RAD_Pages/TaxInfo_Page": null

2024-11-12 17:48:08 - [TEST_STEP][PASSED] - orPath_Withholding = "Object Repository/RAD_Pages/Withholding_Page": null

2024-11-12 17:48:08 - [TEST_STEP][PASSED] - orPath_Summary = "Object Repository/RAD_Pages/Summary_Page": null

2024-11-12 17:48:08 - [TEST_STEP][PASSED] - orPath_PaymentReady = "Object Repository/RAD_Pages/PaymentReady_Page": null

2024-11-12 17:48:08 - [TEST_STEP][PASSED] - orPath_PaymentEntry = "Object Repository/RAD_Pages/PaymentEntry_Page": null

2024-11-12 17:48:08 - [TEST_STEP][PASSED] - orPath_PaymentConfirmation = "Object Repository/RAD_Pages/PaymentConfirmation_Page": null

2024-11-12 17:48:08 - [TEST_STEP][PASSED] - orPath_ServiceFeesAccept = "Object Repository/RAD_Pages/ServiceFeeAccept_Page": null

2024-11-12 17:48:08 - [TEST_STEP][PASSED] - selectOptionByLabel(findTestObject(orPath_Landing + "/dd_TaxType"), Taxtype, false): All options with label 'Existing Liability with Notice/Invoice Number' are selected in object 'Object Repository/RAD_Pages/Landing_Page/dd_TaxType' 

2024-11-12 17:48:09 - [MESSAGE][PASSED] - All options with label 'Existing Liability with Notice/Invoice Number' are selected in object 'Object Repository/RAD_Pages/Landing_Page/dd_TaxType' 

2024-11-12 17:48:09 - [TEST_STEP][PASSED] - delay(1): Delayed 1 second(s)

2024-11-12 17:48:10 - [MESSAGE][PASSED] - Delayed 1 second(s)

2024-11-12 17:48:10 - [TEST_STEP][PASSED] - selectOptionByLabel(findTestObject(orPath_TaxTypeFilingYear + "/select_TaxType_ExistingLiability"), TaxTypeEL, false): All options with label 'PTE Tax Electing S Corp' are selected in object 'Object Repository/RAD_Pages/TaxTypeFilingYear_Page/select_TaxType_ExistingLiability' 

2024-11-12 17:48:10 - [MESSAGE][PASSED] - All options with label 'PTE Tax Electing S Corp' are selected in object 'Object Repository/RAD_Pages/TaxTypeFilingYear_Page/select_TaxType_ExistingLiability' 

2024-11-12 17:48:10 - [TEST_STEP][PASSED] - setText(findTestObject(orPath_TaxInfo + "/input_NoticeInvoiceNumber"), notInvNumber): Text '0000000000' is set on object 'Object Repository/RAD_Pages/TaxInfo_Page/input_NoticeInvoiceNumber'

2024-11-12 17:48:11 - [MESSAGE][PASSED] - Text '0000000000' is set on object 'Object Repository/RAD_Pages/TaxInfo_Page/input_NoticeInvoiceNumber'

2024-11-12 17:48:11 - [TEST_STEP][PASSED] - setText(findTestObject(orPath_TaxInfo + "/input_reTypeNoticeInvoiceNumber"), notInvNumber): Text '0000000000' is set on object 'Object Repository/RAD_Pages/TaxInfo_Page/input_reTypeNoticeInvoiceNumber'

2024-11-12 17:48:12 - [MESSAGE][PASSED] - Text '0000000000' is set on object 'Object Repository/RAD_Pages/TaxInfo_Page/input_reTypeNoticeInvoiceNumber'

2024-11-12 17:48:12 - [TEST_STEP][PASSED] - println(notInvNumber): null

2024-11-12 17:48:12 - [TEST_STEP][PASSED] - if (verifyTextPresent(errorMsg, true)): null

2024-11-12 17:48:12 - [MESSAGE][PASSED] - Text 'Notice Number or Invoice Number must be 10, 11, or 13 digits in length, with a value greater than zero' is present on page  using regular expression

2024-11-12 17:48:12 - [TEST_STEP][PASSED] - println("Error Message is present on the page"): null

2024-11-12 17:48:12 - [TEST_STEP][PASSED] - out.println("Pass Record Number: " + row): null

2024-11-12 17:48:12 - [TEST_STEP][PASSED] - resText = "Pass": null

2024-11-12 17:48:12 - [TEST_STEP][PASSED] - pages.WriteExcel.demoKey(resText, datText, resColumn, datCloumn, fileLoc, nameSheet, row): pages.WriteExcel.demoKey is PASSED

2024-11-12 17:48:12 - [MESSAGE][PASSED] - pages.WriteExcel.demoKey is PASSED

2024-11-12 17:48:12 - [TEST_STEP][PASSED] - ExecuteTC = findTestData(dataFile).getValue("Execute", row): null

2024-11-12 17:48:12 - [TEST_STEP][PASSED] - Taxtype = findTestData(dataFile).getValue("TaxType", row): null

2024-11-12 17:48:12 - [TEST_STEP][PASSED] - TaxTypeEL = findTestData(dataFile).getValue("TaxTypeEL", row): null

2024-11-12 17:48:13 - [TEST_STEP][PASSED] - notInvNumber = findTestData(dataFile).getValue("NotiInvoNumber", row): null

2024-11-12 17:48:13 - [TEST_STEP][PASSED] - errorMsg = findTestData(dataFile).getValue("ErrorMessage", row): null

2024-11-12 17:48:13 - [TEST_STEP][PASSED] - out.println("Value of Execute is : " + ExecuteTC): null

2024-11-12 17:48:13 - [TEST_STEP][PASSED] - if (ExecuteTC.equalsIgnoreCase("Y")): null

2024-11-12 17:48:13 - [TEST_STEP][PASSED] - out.println("Begin Record Number: " + row): null

2024-11-12 17:48:13 - [TEST_STEP][PASSED] - today = new java.util.Date(): null

2024-11-12 17:48:13 - [TEST_STEP][PASSED] - println(today): null

2024-11-12 17:48:13 - [TEST_STEP][PASSED] - datText = today: null

2024-11-12 17:48:13 - [TEST_STEP][PASSED] - Taxtype = findTestData(dataFile).getValue("TaxType", row): null

2024-11-12 17:48:13 - [TEST_STEP][PASSED] - out.println("Taxtype value is : " + Taxtype): null

2024-11-12 17:48:13 - [TEST_STEP][PASSED] - openBrowser(""): Browser is opened with url: ''

2024-11-12 17:48:13 - [MESSAGE][WARNING] - A browser is already opened. Closing browser and opening a new one

2024-11-12 17:48:14 - [MESSAGE][INFO] - Starting 'Chrome' driver

2024-11-12 17:48:14 - [MESSAGE][INFO] - User set preference: ['acceptInsecureCerts', 'true']

2024-11-12 17:48:14 - [MESSAGE][INFO] - Action delay is set to 0 milliseconds

2024-11-12 17:48:16 - [MESSAGE][PASSED] - Browser is opened with url: ''

2024-11-12 17:48:16 - [TEST_STEP][PASSED] - maximizeWindow(): Current window maximized

2024-11-12 17:48:16 - [MESSAGE][PASSED] - Current window maximized

2024-11-12 17:48:16 - [TEST_STEP][PASSED] - navigateToUrl(RADurl): Navigate to 'https://www.velocitypayment.com/client/rad/index.html' successfully

2024-11-12 17:48:18 - [MESSAGE][PASSED] - Navigate to 'https://www.velocitypayment.com/client/rad/index.html' successfully

2024-11-12 17:48:18 - [TEST_STEP][PASSED] - orPath_Landing = "Object Repository/RAD_Pages/Landing_Page": null

2024-11-12 17:48:18 - [TEST_STEP][PASSED] - orPath_TaxTypeFilingYear = "Object Repository/RAD_Pages/TaxTypeFilingYear_Page": null

2024-11-12 17:48:18 - [TEST_STEP][PASSED] - orPath_TaxPayer = "Object Repository/RAD_Pages/Taxpayer_Page": null

2024-11-12 17:48:18 - [TEST_STEP][PASSED] - orPath_AddressContact = "Object Repository/RAD_Pages/AddressAndContactInfo_Page": null

2024-11-12 17:48:18 - [TEST_STEP][PASSED] - orPath_FilingStatus = "Object Repository/RAD_Pages/FilingStatus_Page": null

2024-11-12 17:48:18 - [TEST_STEP][PASSED] - orPath_Amount = "Object Repository/RAD_Pages/PaymentAmount_Page": null

2024-11-12 17:48:18 - [TEST_STEP][PASSED] - orPath_TaxInfo = "Object Repository/RAD_Pages/TaxInfo_Page": null

2024-11-12 17:48:18 - [TEST_STEP][PASSED] - orPath_Withholding = "Object Repository/RAD_Pages/Withholding_Page": null

2024-11-12 17:48:18 - [TEST_STEP][PASSED] - orPath_Summary = "Object Repository/RAD_Pages/Summary_Page": null

2024-11-12 17:48:18 - [TEST_STEP][PASSED] - orPath_PaymentReady = "Object Repository/RAD_Pages/PaymentReady_Page": null

2024-11-12 17:48:18 - [TEST_STEP][PASSED] - orPath_PaymentEntry = "Object Repository/RAD_Pages/PaymentEntry_Page": null

2024-11-12 17:48:18 - [TEST_STEP][PASSED] - orPath_PaymentConfirmation = "Object Repository/RAD_Pages/PaymentConfirmation_Page": null

2024-11-12 17:48:18 - [TEST_STEP][PASSED] - orPath_ServiceFeesAccept = "Object Repository/RAD_Pages/ServiceFeeAccept_Page": null

2024-11-12 17:48:18 - [TEST_STEP][PASSED] - selectOptionByLabel(findTestObject(orPath_Landing + "/dd_TaxType"), Taxtype, false): All options with label 'Existing Liability with Notice/Invoice Number' are selected in object 'Object Repository/RAD_Pages/Landing_Page/dd_TaxType' 

2024-11-12 17:48:18 - [MESSAGE][PASSED] - All options with label 'Existing Liability with Notice/Invoice Number' are selected in object 'Object Repository/RAD_Pages/Landing_Page/dd_TaxType' 

2024-11-12 17:48:18 - [TEST_STEP][PASSED] - delay(1): Delayed 1 second(s)

2024-11-12 17:48:19 - [MESSAGE][PASSED] - Delayed 1 second(s)

2024-11-12 17:48:19 - [TEST_STEP][PASSED] - selectOptionByLabel(findTestObject(orPath_TaxTypeFilingYear + "/select_TaxType_ExistingLiability"), TaxTypeEL, false): All options with label 'Admissions and Amusement Tax' are selected in object 'Object Repository/RAD_Pages/TaxTypeFilingYear_Page/select_TaxType_ExistingLiability' 

2024-11-12 17:48:20 - [MESSAGE][PASSED] - All options with label 'Admissions and Amusement Tax' are selected in object 'Object Repository/RAD_Pages/TaxTypeFilingYear_Page/select_TaxType_ExistingLiability' 

2024-11-12 17:48:20 - [TEST_STEP][PASSED] - setText(findTestObject(orPath_TaxInfo + "/input_NoticeInvoiceNumber"), notInvNumber): Text '123456789' is set on object 'Object Repository/RAD_Pages/TaxInfo_Page/input_NoticeInvoiceNumber'

2024-11-12 17:48:21 - [MESSAGE][PASSED] - Text '123456789' is set on object 'Object Repository/RAD_Pages/TaxInfo_Page/input_NoticeInvoiceNumber'

2024-11-12 17:48:21 - [TEST_STEP][PASSED] - setText(findTestObject(orPath_TaxInfo + "/input_reTypeNoticeInvoiceNumber"), notInvNumber): Text '123456789' is set on object 'Object Repository/RAD_Pages/TaxInfo_Page/input_reTypeNoticeInvoiceNumber'

2024-11-12 17:48:22 - [MESSAGE][PASSED] - Text '123456789' is set on object 'Object Repository/RAD_Pages/TaxInfo_Page/input_reTypeNoticeInvoiceNumber'

2024-11-12 17:48:22 - [TEST_STEP][PASSED] - println(notInvNumber): null

2024-11-12 17:48:22 - [TEST_STEP][PASSED] - if (verifyTextPresent(errorMsg, true)): null

2024-11-12 17:48:22 - [MESSAGE][PASSED] - Text 'Notice Number or Invoice Number must be 10, 11, or 13 digits in length, with a value greater than zero' is present on page  using regular expression

2024-11-12 17:48:22 - [TEST_STEP][PASSED] - println("Error Message is present on the page"): null

2024-11-12 17:48:22 - [TEST_STEP][PASSED] - out.println("Pass Record Number: " + row): null

2024-11-12 17:48:22 - [TEST_STEP][PASSED] - resText = "Pass": null

2024-11-12 17:48:22 - [TEST_STEP][PASSED] - pages.WriteExcel.demoKey(resText, datText, resColumn, datCloumn, fileLoc, nameSheet, row): pages.WriteExcel.demoKey is PASSED

2024-11-12 17:48:22 - [MESSAGE][PASSED] - pages.WriteExcel.demoKey is PASSED

2024-11-12 17:48:22 - [TEST_STEP][PASSED] - ExecuteTC = findTestData(dataFile).getValue("Execute", row): null

2024-11-12 17:48:22 - [TEST_STEP][PASSED] - Taxtype = findTestData(dataFile).getValue("TaxType", row): null

2024-11-12 17:48:22 - [TEST_STEP][PASSED] - TaxTypeEL = findTestData(dataFile).getValue("TaxTypeEL", row): null

2024-11-12 17:48:22 - [TEST_STEP][PASSED] - notInvNumber = findTestData(dataFile).getValue("NotiInvoNumber", row): null

2024-11-12 17:48:22 - [TEST_STEP][PASSED] - errorMsg = findTestData(dataFile).getValue("ErrorMessage", row): null

2024-11-12 17:48:22 - [TEST_STEP][PASSED] - out.println("Value of Execute is : " + ExecuteTC): null

2024-11-12 17:48:22 - [TEST_STEP][PASSED] - if (ExecuteTC.equalsIgnoreCase("Y")): null

2024-11-12 17:48:22 - [TEST_STEP][PASSED] - out.println("Begin Record Number: " + row): null

2024-11-12 17:48:22 - [TEST_STEP][PASSED] - today = new java.util.Date(): null

2024-11-12 17:48:22 - [TEST_STEP][PASSED] - println(today): null

2024-11-12 17:48:22 - [TEST_STEP][PASSED] - datText = today: null

2024-11-12 17:48:22 - [TEST_STEP][PASSED] - Taxtype = findTestData(dataFile).getValue("TaxType", row): null

2024-11-12 17:48:22 - [TEST_STEP][PASSED] - out.println("Taxtype value is : " + Taxtype): null

2024-11-12 17:48:22 - [TEST_STEP][PASSED] - openBrowser(""): Browser is opened with url: ''

2024-11-12 17:48:22 - [MESSAGE][WARNING] - A browser is already opened. Closing browser and opening a new one

2024-11-12 17:48:24 - [MESSAGE][INFO] - Starting 'Chrome' driver

2024-11-12 17:48:24 - [MESSAGE][INFO] - User set preference: ['acceptInsecureCerts', 'true']

2024-11-12 17:48:24 - [MESSAGE][INFO] - Action delay is set to 0 milliseconds

2024-11-12 17:48:25 - [MESSAGE][PASSED] - Browser is opened with url: ''

2024-11-12 17:48:25 - [TEST_STEP][PASSED] - maximizeWindow(): Current window maximized

2024-11-12 17:48:25 - [MESSAGE][PASSED] - Current window maximized

2024-11-12 17:48:25 - [TEST_STEP][PASSED] - navigateToUrl(RADurl): Navigate to 'https://www.velocitypayment.com/client/rad/index.html' successfully

2024-11-12 17:48:27 - [MESSAGE][PASSED] - Navigate to 'https://www.velocitypayment.com/client/rad/index.html' successfully

2024-11-12 17:48:27 - [TEST_STEP][PASSED] - orPath_Landing = "Object Repository/RAD_Pages/Landing_Page": null

2024-11-12 17:48:27 - [TEST_STEP][PASSED] - orPath_TaxTypeFilingYear = "Object Repository/RAD_Pages/TaxTypeFilingYear_Page": null

2024-11-12 17:48:27 - [TEST_STEP][PASSED] - orPath_TaxPayer = "Object Repository/RAD_Pages/Taxpayer_Page": null

2024-11-12 17:48:27 - [TEST_STEP][PASSED] - orPath_AddressContact = "Object Repository/RAD_Pages/AddressAndContactInfo_Page": null

2024-11-12 17:48:27 - [TEST_STEP][PASSED] - orPath_FilingStatus = "Object Repository/RAD_Pages/FilingStatus_Page": null

2024-11-12 17:48:27 - [TEST_STEP][PASSED] - orPath_Amount = "Object Repository/RAD_Pages/PaymentAmount_Page": null

2024-11-12 17:48:27 - [TEST_STEP][PASSED] - orPath_TaxInfo = "Object Repository/RAD_Pages/TaxInfo_Page": null

2024-11-12 17:48:27 - [TEST_STEP][PASSED] - orPath_Withholding = "Object Repository/RAD_Pages/Withholding_Page": null

2024-11-12 17:48:27 - [TEST_STEP][PASSED] - orPath_Summary = "Object Repository/RAD_Pages/Summary_Page": null

2024-11-12 17:48:27 - [TEST_STEP][PASSED] - orPath_PaymentReady = "Object Repository/RAD_Pages/PaymentReady_Page": null

2024-11-12 17:48:27 - [TEST_STEP][PASSED] - orPath_PaymentEntry = "Object Repository/RAD_Pages/PaymentEntry_Page": null

2024-11-12 17:48:27 - [TEST_STEP][PASSED] - orPath_PaymentConfirmation = "Object Repository/RAD_Pages/PaymentConfirmation_Page": null

2024-11-12 17:48:27 - [TEST_STEP][PASSED] - orPath_ServiceFeesAccept = "Object Repository/RAD_Pages/ServiceFeeAccept_Page": null

2024-11-12 17:48:27 - [TEST_STEP][PASSED] - selectOptionByLabel(findTestObject(orPath_Landing + "/dd_TaxType"), Taxtype, false): All options with label 'Existing Liability with Notice/Invoice Number' are selected in object 'Object Repository/RAD_Pages/Landing_Page/dd_TaxType' 

2024-11-12 17:48:28 - [MESSAGE][PASSED] - All options with label 'Existing Liability with Notice/Invoice Number' are selected in object 'Object Repository/RAD_Pages/Landing_Page/dd_TaxType' 

2024-11-12 17:48:28 - [TEST_STEP][PASSED] - delay(1): Delayed 1 second(s)

2024-11-12 17:48:29 - [MESSAGE][PASSED] - Delayed 1 second(s)

2024-11-12 17:48:29 - [TEST_STEP][PASSED] - selectOptionByLabel(findTestObject(orPath_TaxTypeFilingYear + "/select_TaxType_ExistingLiability"), TaxTypeEL, false): All options with label 'Admissions and Amusement Tax' are selected in object 'Object Repository/RAD_Pages/TaxTypeFilingYear_Page/select_TaxType_ExistingLiability' 

2024-11-12 17:48:30 - [MESSAGE][PASSED] - All options with label 'Admissions and Amusement Tax' are selected in object 'Object Repository/RAD_Pages/TaxTypeFilingYear_Page/select_TaxType_ExistingLiability' 

2024-11-12 17:48:30 - [TEST_STEP][PASSED] - setText(findTestObject(orPath_TaxInfo + "/input_NoticeInvoiceNumber"), notInvNumber): Text '123456789012' is set on object 'Object Repository/RAD_Pages/TaxInfo_Page/input_NoticeInvoiceNumber'

2024-11-12 17:48:30 - [MESSAGE][PASSED] - Text '123456789012' is set on object 'Object Repository/RAD_Pages/TaxInfo_Page/input_NoticeInvoiceNumber'

2024-11-12 17:48:30 - [TEST_STEP][PASSED] - setText(findTestObject(orPath_TaxInfo + "/input_reTypeNoticeInvoiceNumber"), notInvNumber): Text '123456789012' is set on object 'Object Repository/RAD_Pages/TaxInfo_Page/input_reTypeNoticeInvoiceNumber'

2024-11-12 17:48:31 - [MESSAGE][PASSED] - Text '123456789012' is set on object 'Object Repository/RAD_Pages/TaxInfo_Page/input_reTypeNoticeInvoiceNumber'

2024-11-12 17:48:31 - [TEST_STEP][PASSED] - println(notInvNumber): null

2024-11-12 17:48:31 - [TEST_STEP][PASSED] - if (verifyTextPresent(errorMsg, true)): null

2024-11-12 17:48:32 - [MESSAGE][PASSED] - Text 'Notice Number or Invoice Number must be 10, 11, or 13 digits in length, with a value greater than zero' is present on page  using regular expression

2024-11-12 17:48:32 - [TEST_STEP][PASSED] - println("Error Message is present on the page"): null

2024-11-12 17:48:32 - [TEST_STEP][PASSED] - out.println("Pass Record Number: " + row): null

2024-11-12 17:48:32 - [TEST_STEP][PASSED] - resText = "Pass": null

2024-11-12 17:48:32 - [TEST_STEP][PASSED] - pages.WriteExcel.demoKey(resText, datText, resColumn, datCloumn, fileLoc, nameSheet, row): pages.WriteExcel.demoKey is PASSED

2024-11-12 17:48:32 - [MESSAGE][PASSED] - pages.WriteExcel.demoKey is PASSED

2024-11-12 17:48:32 - [TEST_STEP][PASSED] - ExecuteTC = findTestData(dataFile).getValue("Execute", row): null

2024-11-12 17:48:32 - [TEST_STEP][PASSED] - Taxtype = findTestData(dataFile).getValue("TaxType", row): null

2024-11-12 17:48:32 - [TEST_STEP][PASSED] - TaxTypeEL = findTestData(dataFile).getValue("TaxTypeEL", row): null

2024-11-12 17:48:32 - [TEST_STEP][PASSED] - notInvNumber = findTestData(dataFile).getValue("NotiInvoNumber", row): null

2024-11-12 17:48:32 - [TEST_STEP][PASSED] - errorMsg = findTestData(dataFile).getValue("ErrorMessage", row): null

2024-11-12 17:48:32 - [TEST_STEP][PASSED] - out.println("Value of Execute is : " + ExecuteTC): null

2024-11-12 17:48:32 - [TEST_STEP][PASSED] - if (ExecuteTC.equalsIgnoreCase("Y")): null

2024-11-12 17:48:32 - [TEST_STEP][PASSED] - out.println("Begin Record Number: " + row): null

2024-11-12 17:48:32 - [TEST_STEP][PASSED] - today = new java.util.Date(): null

2024-11-12 17:48:32 - [TEST_STEP][PASSED] - println(today): null

2024-11-12 17:48:32 - [TEST_STEP][PASSED] - datText = today: null

2024-11-12 17:48:32 - [TEST_STEP][PASSED] - Taxtype = findTestData(dataFile).getValue("TaxType", row): null

2024-11-12 17:48:32 - [TEST_STEP][PASSED] - out.println("Taxtype value is : " + Taxtype): null

2024-11-12 17:48:32 - [TEST_STEP][PASSED] - openBrowser(""): Browser is opened with url: ''

2024-11-12 17:48:32 - [MESSAGE][WARNING] - A browser is already opened. Closing browser and opening a new one

2024-11-12 17:48:33 - [MESSAGE][INFO] - Starting 'Chrome' driver

2024-11-12 17:48:33 - [MESSAGE][INFO] - User set preference: ['acceptInsecureCerts', 'true']

2024-11-12 17:48:33 - [MESSAGE][INFO] - Action delay is set to 0 milliseconds

2024-11-12 17:48:35 - [MESSAGE][PASSED] - Browser is opened with url: ''

2024-11-12 17:48:35 - [TEST_STEP][PASSED] - maximizeWindow(): Current window maximized

2024-11-12 17:48:35 - [MESSAGE][PASSED] - Current window maximized

2024-11-12 17:48:35 - [TEST_STEP][PASSED] - navigateToUrl(RADurl): Navigate to 'https://www.velocitypayment.com/client/rad/index.html' successfully

2024-11-12 17:48:39 - [MESSAGE][PASSED] - Navigate to 'https://www.velocitypayment.com/client/rad/index.html' successfully

2024-11-12 17:48:39 - [TEST_STEP][PASSED] - orPath_Landing = "Object Repository/RAD_Pages/Landing_Page": null

2024-11-12 17:48:39 - [TEST_STEP][PASSED] - orPath_TaxTypeFilingYear = "Object Repository/RAD_Pages/TaxTypeFilingYear_Page": null

2024-11-12 17:48:39 - [TEST_STEP][PASSED] - orPath_TaxPayer = "Object Repository/RAD_Pages/Taxpayer_Page": null

2024-11-12 17:48:39 - [TEST_STEP][PASSED] - orPath_AddressContact = "Object Repository/RAD_Pages/AddressAndContactInfo_Page": null

2024-11-12 17:48:39 - [TEST_STEP][PASSED] - orPath_FilingStatus = "Object Repository/RAD_Pages/FilingStatus_Page": null

2024-11-12 17:48:39 - [TEST_STEP][PASSED] - orPath_Amount = "Object Repository/RAD_Pages/PaymentAmount_Page": null

2024-11-12 17:48:39 - [TEST_STEP][PASSED] - orPath_TaxInfo = "Object Repository/RAD_Pages/TaxInfo_Page": null

2024-11-12 17:48:39 - [TEST_STEP][PASSED] - orPath_Withholding = "Object Repository/RAD_Pages/Withholding_Page": null

2024-11-12 17:48:39 - [TEST_STEP][PASSED] - orPath_Summary = "Object Repository/RAD_Pages/Summary_Page": null

2024-11-12 17:48:39 - [TEST_STEP][PASSED] - orPath_PaymentReady = "Object Repository/RAD_Pages/PaymentReady_Page": null

2024-11-12 17:48:39 - [TEST_STEP][PASSED] - orPath_PaymentEntry = "Object Repository/RAD_Pages/PaymentEntry_Page": null

2024-11-12 17:48:39 - [TEST_STEP][PASSED] - orPath_PaymentConfirmation = "Object Repository/RAD_Pages/PaymentConfirmation_Page": null

2024-11-12 17:48:39 - [TEST_STEP][PASSED] - orPath_ServiceFeesAccept = "Object Repository/RAD_Pages/ServiceFeeAccept_Page": null

2024-11-12 17:48:39 - [TEST_STEP][PASSED] - selectOptionByLabel(findTestObject(orPath_Landing + "/dd_TaxType"), Taxtype, false): All options with label 'Existing Liability with Notice/Invoice Number' are selected in object 'Object Repository/RAD_Pages/Landing_Page/dd_TaxType' 

2024-11-12 17:48:40 - [MESSAGE][PASSED] - All options with label 'Existing Liability with Notice/Invoice Number' are selected in object 'Object Repository/RAD_Pages/Landing_Page/dd_TaxType' 

2024-11-12 17:48:40 - [TEST_STEP][PASSED] - delay(1): Delayed 1 second(s)

2024-11-12 17:48:41 - [MESSAGE][PASSED] - Delayed 1 second(s)

2024-11-12 17:48:41 - [TEST_STEP][PASSED] - selectOptionByLabel(findTestObject(orPath_TaxTypeFilingYear + "/select_TaxType_ExistingLiability"), TaxTypeEL, false): All options with label 'Admissions and Amusement Tax' are selected in object 'Object Repository/RAD_Pages/TaxTypeFilingYear_Page/select_TaxType_ExistingLiability' 

2024-11-12 17:48:42 - [MESSAGE][PASSED] - All options with label 'Admissions and Amusement Tax' are selected in object 'Object Repository/RAD_Pages/TaxTypeFilingYear_Page/select_TaxType_ExistingLiability' 

2024-11-12 17:48:42 - [TEST_STEP][PASSED] - setText(findTestObject(orPath_TaxInfo + "/input_NoticeInvoiceNumber"), notInvNumber): Text '0000000000' is set on object 'Object Repository/RAD_Pages/TaxInfo_Page/input_NoticeInvoiceNumber'

2024-11-12 17:48:42 - [MESSAGE][PASSED] - Text '0000000000' is set on object 'Object Repository/RAD_Pages/TaxInfo_Page/input_NoticeInvoiceNumber'

2024-11-12 17:48:42 - [TEST_STEP][PASSED] - setText(findTestObject(orPath_TaxInfo + "/input_reTypeNoticeInvoiceNumber"), notInvNumber): Text '0000000000' is set on object 'Object Repository/RAD_Pages/TaxInfo_Page/input_reTypeNoticeInvoiceNumber'

2024-11-12 17:48:43 - [MESSAGE][PASSED] - Text '0000000000' is set on object 'Object Repository/RAD_Pages/TaxInfo_Page/input_reTypeNoticeInvoiceNumber'

2024-11-12 17:48:43 - [TEST_STEP][PASSED] - println(notInvNumber): null

2024-11-12 17:48:43 - [TEST_STEP][PASSED] - if (verifyTextPresent(errorMsg, true)): null

2024-11-12 17:48:44 - [MESSAGE][PASSED] - Text 'Notice Number or Invoice Number must be 10, 11, or 13 digits in length, with a value greater than zero' is present on page  using regular expression

2024-11-12 17:48:44 - [TEST_STEP][PASSED] - println("Error Message is present on the page"): null

2024-11-12 17:48:44 - [TEST_STEP][PASSED] - out.println("Pass Record Number: " + row): null

2024-11-12 17:48:44 - [TEST_STEP][PASSED] - resText = "Pass": null

2024-11-12 17:48:44 - [TEST_STEP][PASSED] - pages.WriteExcel.demoKey(resText, datText, resColumn, datCloumn, fileLoc, nameSheet, row): pages.WriteExcel.demoKey is PASSED

2024-11-12 17:48:44 - [MESSAGE][PASSED] - pages.WriteExcel.demoKey is PASSED

2024-11-12 17:48:44 - [TEST_STEP][PASSED] - ExecuteTC = findTestData(dataFile).getValue("Execute", row): null

2024-11-12 17:48:44 - [TEST_STEP][PASSED] - Taxtype = findTestData(dataFile).getValue("TaxType", row): null

2024-11-12 17:48:44 - [TEST_STEP][PASSED] - TaxTypeEL = findTestData(dataFile).getValue("TaxTypeEL", row): null

2024-11-12 17:48:44 - [TEST_STEP][PASSED] - notInvNumber = findTestData(dataFile).getValue("NotiInvoNumber", row): null

2024-11-12 17:48:44 - [TEST_STEP][PASSED] - errorMsg = findTestData(dataFile).getValue("ErrorMessage", row): null

2024-11-12 17:48:44 - [TEST_STEP][PASSED] - out.println("Value of Execute is : " + ExecuteTC): null

2024-11-12 17:48:44 - [TEST_STEP][PASSED] - if (ExecuteTC.equalsIgnoreCase("Y")): null

2024-11-12 17:48:44 - [TEST_STEP][PASSED] - ExecuteTC = findTestData(dataFile).getValue("Execute", row): null

2024-11-12 17:48:44 - [TEST_STEP][PASSED] - Taxtype = findTestData(dataFile).getValue("TaxType", row): null

2024-11-12 17:48:44 - [TEST_STEP][PASSED] - TaxTypeEL = findTestData(dataFile).getValue("TaxTypeEL", row): null

2024-11-12 17:48:44 - [TEST_STEP][PASSED] - notInvNumber = findTestData(dataFile).getValue("NotiInvoNumber", row): null

2024-11-12 17:48:44 - [TEST_STEP][PASSED] - errorMsg = findTestData(dataFile).getValue("ErrorMessage", row): null

2024-11-12 17:48:44 - [TEST_STEP][PASSED] - out.println("Value of Execute is : " + ExecuteTC): null

2024-11-12 17:48:44 - [TEST_STEP][PASSED] - if (ExecuteTC.equalsIgnoreCase("Y")): null

2024-11-12 17:48:44 - [TEST_STEP][PASSED] - ExecuteTC = findTestData(dataFile).getValue("Execute", row): null

2024-11-12 17:48:44 - [TEST_STEP][PASSED] - Taxtype = findTestData(dataFile).getValue("TaxType", row): null

2024-11-12 17:48:44 - [TEST_STEP][PASSED] - TaxTypeEL = findTestData(dataFile).getValue("TaxTypeEL", row): null

2024-11-12 17:48:44 - [TEST_STEP][PASSED] - notInvNumber = findTestData(dataFile).getValue("NotiInvoNumber", row): null

2024-11-12 17:48:44 - [TEST_STEP][PASSED] - errorMsg = findTestData(dataFile).getValue("ErrorMessage", row): null

2024-11-12 17:48:44 - [TEST_STEP][PASSED] - out.println("Value of Execute is : " + ExecuteTC): null

2024-11-12 17:48:44 - [TEST_STEP][PASSED] - if (ExecuteTC.equalsIgnoreCase("Y")): null

2024-11-12 17:48:44 - [TEST_STEP][PASSED] - ExecuteTC = findTestData(dataFile).getValue("Execute", row): null

2024-11-12 17:48:44 - [TEST_STEP][PASSED] - Taxtype = findTestData(dataFile).getValue("TaxType", row): null

2024-11-12 17:48:44 - [TEST_STEP][PASSED] - TaxTypeEL = findTestData(dataFile).getValue("TaxTypeEL", row): null

2024-11-12 17:48:44 - [TEST_STEP][PASSED] - notInvNumber = findTestData(dataFile).getValue("NotiInvoNumber", row): null

2024-11-12 17:48:44 - [TEST_STEP][PASSED] - errorMsg = findTestData(dataFile).getValue("ErrorMessage", row): null

2024-11-12 17:48:44 - [TEST_STEP][PASSED] - out.println("Value of Execute is : " + ExecuteTC): null

2024-11-12 17:48:44 - [TEST_STEP][PASSED] - if (ExecuteTC.equalsIgnoreCase("Y")): null

2024-11-12 17:48:44 - [TEST_STEP][PASSED] - out.println("Begin Record Number: " + row): null

2024-11-12 17:48:44 - [TEST_STEP][PASSED] - today = new java.util.Date(): null

2024-11-12 17:48:44 - [TEST_STEP][PASSED] - println(today): null

2024-11-12 17:48:44 - [TEST_STEP][PASSED] - datText = today: null

2024-11-12 17:48:44 - [TEST_STEP][PASSED] - Taxtype = findTestData(dataFile).getValue("TaxType", row): null

2024-11-12 17:48:45 - [TEST_STEP][PASSED] - out.println("Taxtype value is : " + Taxtype): null

2024-11-12 17:48:45 - [TEST_STEP][PASSED] - openBrowser(""): Browser is opened with url: ''

2024-11-12 17:48:45 - [MESSAGE][WARNING] - A browser is already opened. Closing browser and opening a new one

2024-11-12 17:48:46 - [MESSAGE][INFO] - Starting 'Chrome' driver

2024-11-12 17:48:46 - [MESSAGE][INFO] - User set preference: ['acceptInsecureCerts', 'true']

2024-11-12 17:48:46 - [MESSAGE][INFO] - Action delay is set to 0 milliseconds

2024-11-12 17:48:48 - [MESSAGE][PASSED] - Browser is opened with url: ''

2024-11-12 17:48:48 - [TEST_STEP][PASSED] - maximizeWindow(): Current window maximized

2024-11-12 17:48:48 - [MESSAGE][PASSED] - Current window maximized

2024-11-12 17:48:48 - [TEST_STEP][PASSED] - navigateToUrl(RADurl): Navigate to 'https://www.velocitypayment.com/client/rad/index.html' successfully

2024-11-12 17:48:50 - [MESSAGE][PASSED] - Navigate to 'https://www.velocitypayment.com/client/rad/index.html' successfully

2024-11-12 17:48:50 - [TEST_STEP][PASSED] - orPath_Landing = "Object Repository/RAD_Pages/Landing_Page": null

2024-11-12 17:48:50 - [TEST_STEP][PASSED] - orPath_TaxTypeFilingYear = "Object Repository/RAD_Pages/TaxTypeFilingYear_Page": null

2024-11-12 17:48:50 - [TEST_STEP][PASSED] - orPath_TaxPayer = "Object Repository/RAD_Pages/Taxpayer_Page": null

2024-11-12 17:48:50 - [TEST_STEP][PASSED] - orPath_AddressContact = "Object Repository/RAD_Pages/AddressAndContactInfo_Page": null

2024-11-12 17:48:50 - [TEST_STEP][PASSED] - orPath_FilingStatus = "Object Repository/RAD_Pages/FilingStatus_Page": null

2024-11-12 17:48:50 - [TEST_STEP][PASSED] - orPath_Amount = "Object Repository/RAD_Pages/PaymentAmount_Page": null

2024-11-12 17:48:50 - [TEST_STEP][PASSED] - orPath_TaxInfo = "Object Repository/RAD_Pages/TaxInfo_Page": null

2024-11-12 17:48:50 - [TEST_STEP][PASSED] - orPath_Withholding = "Object Repository/RAD_Pages/Withholding_Page": null

2024-11-12 17:48:50 - [TEST_STEP][PASSED] - orPath_Summary = "Object Repository/RAD_Pages/Summary_Page": null

2024-11-12 17:48:50 - [TEST_STEP][PASSED] - orPath_PaymentReady = "Object Repository/RAD_Pages/PaymentReady_Page": null

2024-11-12 17:48:50 - [TEST_STEP][PASSED] - orPath_PaymentEntry = "Object Repository/RAD_Pages/PaymentEntry_Page": null

2024-11-12 17:48:50 - [TEST_STEP][PASSED] - orPath_PaymentConfirmation = "Object Repository/RAD_Pages/PaymentConfirmation_Page": null

2024-11-12 17:48:50 - [TEST_STEP][PASSED] - orPath_ServiceFeesAccept = "Object Repository/RAD_Pages/ServiceFeeAccept_Page": null

2024-11-12 17:48:50 - [TEST_STEP][PASSED] - selectOptionByLabel(findTestObject(orPath_Landing + "/dd_TaxType"), Taxtype, false): All options with label 'Existing Liability with Notice/Invoice Number' are selected in object 'Object Repository/RAD_Pages/Landing_Page/dd_TaxType' 

2024-11-12 17:48:50 - [MESSAGE][PASSED] - All options with label 'Existing Liability with Notice/Invoice Number' are selected in object 'Object Repository/RAD_Pages/Landing_Page/dd_TaxType' 

2024-11-12 17:48:50 - [TEST_STEP][PASSED] - delay(1): Delayed 1 second(s)

2024-11-12 17:48:51 - [MESSAGE][PASSED] - Delayed 1 second(s)

2024-11-12 17:48:51 - [TEST_STEP][PASSED] - selectOptionByLabel(findTestObject(orPath_TaxTypeFilingYear + "/select_TaxType_ExistingLiability"), TaxTypeEL, false): All options with label 'Motor Fuel Tax' are selected in object 'Object Repository/RAD_Pages/TaxTypeFilingYear_Page/select_TaxType_ExistingLiability' 

2024-11-12 17:48:52 - [MESSAGE][PASSED] - All options with label 'Motor Fuel Tax' are selected in object 'Object Repository/RAD_Pages/TaxTypeFilingYear_Page/select_TaxType_ExistingLiability' 

2024-11-12 17:48:52 - [TEST_STEP][PASSED] - setText(findTestObject(orPath_TaxInfo + "/input_NoticeInvoiceNumber"), notInvNumber): Text '123456789' is set on object 'Object Repository/RAD_Pages/TaxInfo_Page/input_NoticeInvoiceNumber'

2024-11-12 17:48:53 - [MESSAGE][PASSED] - Text '123456789' is set on object 'Object Repository/RAD_Pages/TaxInfo_Page/input_NoticeInvoiceNumber'

2024-11-12 17:48:53 - [TEST_STEP][PASSED] - setText(findTestObject(orPath_TaxInfo + "/input_reTypeNoticeInvoiceNumber"), notInvNumber): Text '123456789' is set on object 'Object Repository/RAD_Pages/TaxInfo_Page/input_reTypeNoticeInvoiceNumber'

2024-11-12 17:48:54 - [MESSAGE][PASSED] - Text '123456789' is set on object 'Object Repository/RAD_Pages/TaxInfo_Page/input_reTypeNoticeInvoiceNumber'

2024-11-12 17:48:54 - [TEST_STEP][PASSED] - println(notInvNumber): null

2024-11-12 17:48:54 - [TEST_STEP][PASSED] - if (verifyTextPresent(errorMsg, true)): null

2024-11-12 17:48:54 - [MESSAGE][PASSED] - Text 'Notice Number or Invoice Number must be 10, 11, or 13 digits in length, with a value greater than zero' is present on page  using regular expression

2024-11-12 17:48:54 - [TEST_STEP][PASSED] - println("Error Message is present on the page"): null

2024-11-12 17:48:54 - [TEST_STEP][PASSED] - out.println("Pass Record Number: " + row): null

2024-11-12 17:48:54 - [TEST_STEP][PASSED] - resText = "Pass": null

2024-11-12 17:48:54 - [TEST_STEP][PASSED] - pages.WriteExcel.demoKey(resText, datText, resColumn, datCloumn, fileLoc, nameSheet, row): pages.WriteExcel.demoKey is PASSED

2024-11-12 17:48:54 - [MESSAGE][PASSED] - pages.WriteExcel.demoKey is PASSED

2024-11-12 17:48:54 - [TEST_STEP][PASSED] - ExecuteTC = findTestData(dataFile).getValue("Execute", row): null

2024-11-12 17:48:54 - [TEST_STEP][PASSED] - Taxtype = findTestData(dataFile).getValue("TaxType", row): null

2024-11-12 17:48:54 - [TEST_STEP][PASSED] - TaxTypeEL = findTestData(dataFile).getValue("TaxTypeEL", row): null

2024-11-12 17:48:54 - [TEST_STEP][PASSED] - notInvNumber = findTestData(dataFile).getValue("NotiInvoNumber", row): null

2024-11-12 17:48:54 - [TEST_STEP][PASSED] - errorMsg = findTestData(dataFile).getValue("ErrorMessage", row): null

2024-11-12 17:48:54 - [TEST_STEP][PASSED] - out.println("Value of Execute is : " + ExecuteTC): null

2024-11-12 17:48:54 - [TEST_STEP][PASSED] - if (ExecuteTC.equalsIgnoreCase("Y")): null

2024-11-12 17:48:54 - [TEST_STEP][PASSED] - out.println("Begin Record Number: " + row): null

2024-11-12 17:48:54 - [TEST_STEP][PASSED] - today = new java.util.Date(): null

2024-11-12 17:48:54 - [TEST_STEP][PASSED] - println(today): null

2024-11-12 17:48:54 - [TEST_STEP][PASSED] - datText = today: null

2024-11-12 17:48:54 - [TEST_STEP][PASSED] - Taxtype = findTestData(dataFile).getValue("TaxType", row): null

2024-11-12 17:48:54 - [TEST_STEP][PASSED] - out.println("Taxtype value is : " + Taxtype): null

2024-11-12 17:48:54 - [TEST_STEP][PASSED] - openBrowser(""): Browser is opened with url: ''

2024-11-12 17:48:54 - [MESSAGE][WARNING] - A browser is already opened. Closing browser and opening a new one

2024-11-12 17:48:56 - [MESSAGE][INFO] - Starting 'Chrome' driver

2024-11-12 17:48:56 - [MESSAGE][INFO] - User set preference: ['acceptInsecureCerts', 'true']

2024-11-12 17:48:56 - [MESSAGE][INFO] - Action delay is set to 0 milliseconds

2024-11-12 17:48:57 - [MESSAGE][PASSED] - Browser is opened with url: ''

2024-11-12 17:48:57 - [TEST_STEP][PASSED] - maximizeWindow(): Current window maximized

2024-11-12 17:48:57 - [MESSAGE][PASSED] - Current window maximized

2024-11-12 17:48:57 - [TEST_STEP][PASSED] - navigateToUrl(RADurl): Navigate to 'https://www.velocitypayment.com/client/rad/index.html' successfully

2024-11-12 17:48:59 - [MESSAGE][PASSED] - Navigate to 'https://www.velocitypayment.com/client/rad/index.html' successfully

2024-11-12 17:48:59 - [TEST_STEP][PASSED] - orPath_Landing = "Object Repository/RAD_Pages/Landing_Page": null

2024-11-12 17:48:59 - [TEST_STEP][PASSED] - orPath_TaxTypeFilingYear = "Object Repository/RAD_Pages/TaxTypeFilingYear_Page": null

2024-11-12 17:48:59 - [TEST_STEP][PASSED] - orPath_TaxPayer = "Object Repository/RAD_Pages/Taxpayer_Page": null

2024-11-12 17:48:59 - [TEST_STEP][PASSED] - orPath_AddressContact = "Object Repository/RAD_Pages/AddressAndContactInfo_Page": null

2024-11-12 17:48:59 - [TEST_STEP][PASSED] - orPath_FilingStatus = "Object Repository/RAD_Pages/FilingStatus_Page": null

2024-11-12 17:48:59 - [TEST_STEP][PASSED] - orPath_Amount = "Object Repository/RAD_Pages/PaymentAmount_Page": null

2024-11-12 17:48:59 - [TEST_STEP][PASSED] - orPath_TaxInfo = "Object Repository/RAD_Pages/TaxInfo_Page": null

2024-11-12 17:48:59 - [TEST_STEP][PASSED] - orPath_Withholding = "Object Repository/RAD_Pages/Withholding_Page": null

2024-11-12 17:48:59 - [TEST_STEP][PASSED] - orPath_Summary = "Object Repository/RAD_Pages/Summary_Page": null

2024-11-12 17:48:59 - [TEST_STEP][PASSED] - orPath_PaymentReady = "Object Repository/RAD_Pages/PaymentReady_Page": null

2024-11-12 17:48:59 - [TEST_STEP][PASSED] - orPath_PaymentEntry = "Object Repository/RAD_Pages/PaymentEntry_Page": null

2024-11-12 17:48:59 - [TEST_STEP][PASSED] - orPath_PaymentConfirmation = "Object Repository/RAD_Pages/PaymentConfirmation_Page": null

2024-11-12 17:48:59 - [TEST_STEP][PASSED] - orPath_ServiceFeesAccept = "Object Repository/RAD_Pages/ServiceFeeAccept_Page": null

2024-11-12 17:48:59 - [TEST_STEP][PASSED] - selectOptionByLabel(findTestObject(orPath_Landing + "/dd_TaxType"), Taxtype, false): All options with label 'Existing Liability with Notice/Invoice Number' are selected in object 'Object Repository/RAD_Pages/Landing_Page/dd_TaxType' 

2024-11-12 17:49:00 - [MESSAGE][PASSED] - All options with label 'Existing Liability with Notice/Invoice Number' are selected in object 'Object Repository/RAD_Pages/Landing_Page/dd_TaxType' 

2024-11-12 17:49:00 - [TEST_STEP][PASSED] - delay(1): Delayed 1 second(s)

2024-11-12 17:49:01 - [MESSAGE][PASSED] - Delayed 1 second(s)

2024-11-12 17:49:01 - [TEST_STEP][PASSED] - selectOptionByLabel(findTestObject(orPath_TaxTypeFilingYear + "/select_TaxType_ExistingLiability"), TaxTypeEL, false): All options with label 'Motor Fuel Tax' are selected in object 'Object Repository/RAD_Pages/TaxTypeFilingYear_Page/select_TaxType_ExistingLiability' 

2024-11-12 17:49:01 - [MESSAGE][PASSED] - All options with label 'Motor Fuel Tax' are selected in object 'Object Repository/RAD_Pages/TaxTypeFilingYear_Page/select_TaxType_ExistingLiability' 

2024-11-12 17:49:01 - [TEST_STEP][PASSED] - setText(findTestObject(orPath_TaxInfo + "/input_NoticeInvoiceNumber"), notInvNumber): Text '123456789012' is set on object 'Object Repository/RAD_Pages/TaxInfo_Page/input_NoticeInvoiceNumber'

2024-11-12 17:49:02 - [MESSAGE][PASSED] - Text '123456789012' is set on object 'Object Repository/RAD_Pages/TaxInfo_Page/input_NoticeInvoiceNumber'

2024-11-12 17:49:02 - [TEST_STEP][PASSED] - setText(findTestObject(orPath_TaxInfo + "/input_reTypeNoticeInvoiceNumber"), notInvNumber): Text '123456789012' is set on object 'Object Repository/RAD_Pages/TaxInfo_Page/input_reTypeNoticeInvoiceNumber'

2024-11-12 17:49:03 - [MESSAGE][PASSED] - Text '123456789012' is set on object 'Object Repository/RAD_Pages/TaxInfo_Page/input_reTypeNoticeInvoiceNumber'

2024-11-12 17:49:03 - [TEST_STEP][PASSED] - println(notInvNumber): null

2024-11-12 17:49:03 - [TEST_STEP][PASSED] - if (verifyTextPresent(errorMsg, true)): null

2024-11-12 17:49:03 - [MESSAGE][PASSED] - Text 'Notice Number or Invoice Number must be 10, 11, or 13 digits in length, with a value greater than zero' is present on page  using regular expression

2024-11-12 17:49:03 - [TEST_STEP][PASSED] - println("Error Message is present on the page"): null

2024-11-12 17:49:03 - [TEST_STEP][PASSED] - out.println("Pass Record Number: " + row): null

2024-11-12 17:49:03 - [TEST_STEP][PASSED] - resText = "Pass": null

2024-11-12 17:49:03 - [TEST_STEP][PASSED] - pages.WriteExcel.demoKey(resText, datText, resColumn, datCloumn, fileLoc, nameSheet, row): pages.WriteExcel.demoKey is PASSED

2024-11-12 17:49:03 - [MESSAGE][PASSED] - pages.WriteExcel.demoKey is PASSED

2024-11-12 17:49:03 - [TEST_STEP][PASSED] - ExecuteTC = findTestData(dataFile).getValue("Execute", row): null

2024-11-12 17:49:03 - [TEST_STEP][PASSED] - Taxtype = findTestData(dataFile).getValue("TaxType", row): null

2024-11-12 17:49:03 - [TEST_STEP][PASSED] - TaxTypeEL = findTestData(dataFile).getValue("TaxTypeEL", row): null

2024-11-12 17:49:03 - [TEST_STEP][PASSED] - notInvNumber = findTestData(dataFile).getValue("NotiInvoNumber", row): null

2024-11-12 17:49:03 - [TEST_STEP][PASSED] - errorMsg = findTestData(dataFile).getValue("ErrorMessage", row): null

2024-11-12 17:49:04 - [TEST_STEP][PASSED] - out.println("Value of Execute is : " + ExecuteTC): null

2024-11-12 17:49:04 - [TEST_STEP][PASSED] - if (ExecuteTC.equalsIgnoreCase("Y")): null

2024-11-12 17:49:04 - [TEST_STEP][PASSED] - out.println("Begin Record Number: " + row): null

2024-11-12 17:49:04 - [TEST_STEP][PASSED] - today = new java.util.Date(): null

2024-11-12 17:49:04 - [TEST_STEP][PASSED] - println(today): null

2024-11-12 17:49:04 - [TEST_STEP][PASSED] - datText = today: null

2024-11-12 17:49:04 - [TEST_STEP][PASSED] - Taxtype = findTestData(dataFile).getValue("TaxType", row): null

2024-11-12 17:49:04 - [TEST_STEP][PASSED] - out.println("Taxtype value is : " + Taxtype): null

2024-11-12 17:49:04 - [TEST_STEP][PASSED] - openBrowser(""): Browser is opened with url: ''

2024-11-12 17:49:04 - [MESSAGE][WARNING] - A browser is already opened. Closing browser and opening a new one

2024-11-12 17:49:05 - [MESSAGE][INFO] - Starting 'Chrome' driver

2024-11-12 17:49:05 - [MESSAGE][INFO] - User set preference: ['acceptInsecureCerts', 'true']

2024-11-12 17:49:05 - [MESSAGE][INFO] - Action delay is set to 0 milliseconds

2024-11-12 17:49:07 - [MESSAGE][PASSED] - Browser is opened with url: ''

2024-11-12 17:49:07 - [TEST_STEP][PASSED] - maximizeWindow(): Current window maximized

2024-11-12 17:49:07 - [MESSAGE][PASSED] - Current window maximized

2024-11-12 17:49:07 - [TEST_STEP][PASSED] - navigateToUrl(RADurl): Navigate to 'https://www.velocitypayment.com/client/rad/index.html' successfully

2024-11-12 17:49:07 - [MESSAGE][PASSED] - Navigate to 'https://www.velocitypayment.com/client/rad/index.html' successfully

2024-11-12 17:49:07 - [TEST_STEP][PASSED] - orPath_Landing = "Object Repository/RAD_Pages/Landing_Page": null

2024-11-12 17:49:07 - [TEST_STEP][PASSED] - orPath_TaxTypeFilingYear = "Object Repository/RAD_Pages/TaxTypeFilingYear_Page": null

2024-11-12 17:49:07 - [TEST_STEP][PASSED] - orPath_TaxPayer = "Object Repository/RAD_Pages/Taxpayer_Page": null

2024-11-12 17:49:07 - [TEST_STEP][PASSED] - orPath_AddressContact = "Object Repository/RAD_Pages/AddressAndContactInfo_Page": null

2024-11-12 17:49:07 - [TEST_STEP][PASSED] - orPath_FilingStatus = "Object Repository/RAD_Pages/FilingStatus_Page": null

2024-11-12 17:49:07 - [TEST_STEP][PASSED] - orPath_Amount = "Object Repository/RAD_Pages/PaymentAmount_Page": null

2024-11-12 17:49:07 - [TEST_STEP][PASSED] - orPath_TaxInfo = "Object Repository/RAD_Pages/TaxInfo_Page": null

2024-11-12 17:49:07 - [TEST_STEP][PASSED] - orPath_Withholding = "Object Repository/RAD_Pages/Withholding_Page": null

2024-11-12 17:49:07 - [TEST_STEP][PASSED] - orPath_Summary = "Object Repository/RAD_Pages/Summary_Page": null

2024-11-12 17:49:07 - [TEST_STEP][PASSED] - orPath_PaymentReady = "Object Repository/RAD_Pages/PaymentReady_Page": null

2024-11-12 17:49:07 - [TEST_STEP][PASSED] - orPath_PaymentEntry = "Object Repository/RAD_Pages/PaymentEntry_Page": null

2024-11-12 17:49:07 - [TEST_STEP][PASSED] - orPath_PaymentConfirmation = "Object Repository/RAD_Pages/PaymentConfirmation_Page": null

2024-11-12 17:49:07 - [TEST_STEP][PASSED] - orPath_ServiceFeesAccept = "Object Repository/RAD_Pages/ServiceFeeAccept_Page": null

2024-11-12 17:49:07 - [TEST_STEP][PASSED] - selectOptionByLabel(findTestObject(orPath_Landing + "/dd_TaxType"), Taxtype, false): All options with label 'Existing Liability with Notice/Invoice Number' are selected in object 'Object Repository/RAD_Pages/Landing_Page/dd_TaxType' 

2024-11-12 17:49:11 - [MESSAGE][PASSED] - All options with label 'Existing Liability with Notice/Invoice Number' are selected in object 'Object Repository/RAD_Pages/Landing_Page/dd_TaxType' 

2024-11-12 17:49:11 - [TEST_STEP][PASSED] - delay(1): Delayed 1 second(s)

2024-11-12 17:49:12 - [MESSAGE][PASSED] - Delayed 1 second(s)

2024-11-12 17:49:12 - [TEST_STEP][PASSED] - selectOptionByLabel(findTestObject(orPath_TaxTypeFilingYear + "/select_TaxType_ExistingLiability"), TaxTypeEL, false): All options with label 'Motor Fuel Tax' are selected in object 'Object Repository/RAD_Pages/TaxTypeFilingYear_Page/select_TaxType_ExistingLiability' 

2024-11-12 17:49:13 - [MESSAGE][PASSED] - All options with label 'Motor Fuel Tax' are selected in object 'Object Repository/RAD_Pages/TaxTypeFilingYear_Page/select_TaxType_ExistingLiability' 

2024-11-12 17:49:13 - [TEST_STEP][PASSED] - setText(findTestObject(orPath_TaxInfo + "/input_NoticeInvoiceNumber"), notInvNumber): Text '0000000000' is set on object 'Object Repository/RAD_Pages/TaxInfo_Page/input_NoticeInvoiceNumber'

2024-11-12 17:49:14 - [MESSAGE][PASSED] - Text '0000000000' is set on object 'Object Repository/RAD_Pages/TaxInfo_Page/input_NoticeInvoiceNumber'

2024-11-12 17:49:14 - [TEST_STEP][PASSED] - setText(findTestObject(orPath_TaxInfo + "/input_reTypeNoticeInvoiceNumber"), notInvNumber): Text '0000000000' is set on object 'Object Repository/RAD_Pages/TaxInfo_Page/input_reTypeNoticeInvoiceNumber'

2024-11-12 17:49:15 - [MESSAGE][PASSED] - Text '0000000000' is set on object 'Object Repository/RAD_Pages/TaxInfo_Page/input_reTypeNoticeInvoiceNumber'

2024-11-12 17:49:15 - [TEST_STEP][PASSED] - println(notInvNumber): null

2024-11-12 17:49:15 - [TEST_STEP][PASSED] - if (verifyTextPresent(errorMsg, true)): null

2024-11-12 17:49:15 - [MESSAGE][PASSED] - Text 'Notice Number or Invoice Number must be 10, 11, or 13 digits in length, with a value greater than zero' is present on page  using regular expression

2024-11-12 17:49:15 - [TEST_STEP][PASSED] - println("Error Message is present on the page"): null

2024-11-12 17:49:15 - [TEST_STEP][PASSED] - out.println("Pass Record Number: " + row): null

2024-11-12 17:49:15 - [TEST_STEP][PASSED] - resText = "Pass": null

2024-11-12 17:49:15 - [TEST_STEP][PASSED] - pages.WriteExcel.demoKey(resText, datText, resColumn, datCloumn, fileLoc, nameSheet, row): pages.WriteExcel.demoKey is PASSED

2024-11-12 17:49:15 - [MESSAGE][PASSED] - pages.WriteExcel.demoKey is PASSED

2024-11-12 17:49:15 - [TEST_STEP][PASSED] - ExecuteTC = findTestData(dataFile).getValue("Execute", row): null

2024-11-12 17:49:15 - [TEST_STEP][PASSED] - Taxtype = findTestData(dataFile).getValue("TaxType", row): null

2024-11-12 17:49:15 - [TEST_STEP][PASSED] - TaxTypeEL = findTestData(dataFile).getValue("TaxTypeEL", row): null

2024-11-12 17:49:15 - [TEST_STEP][PASSED] - notInvNumber = findTestData(dataFile).getValue("NotiInvoNumber", row): null

2024-11-12 17:49:15 - [TEST_STEP][PASSED] - errorMsg = findTestData(dataFile).getValue("ErrorMessage", row): null

2024-11-12 17:49:15 - [TEST_STEP][PASSED] - out.println("Value of Execute is : " + ExecuteTC): null

2024-11-12 17:49:15 - [TEST_STEP][PASSED] - if (ExecuteTC.equalsIgnoreCase("Y")): null

2024-11-12 17:49:15 - [TEST_STEP][PASSED] - out.println("Begin Record Number: " + row): null

2024-11-12 17:49:15 - [TEST_STEP][PASSED] - today = new java.util.Date(): null

2024-11-12 17:49:15 - [TEST_STEP][PASSED] - println(today): null

2024-11-12 17:49:15 - [TEST_STEP][PASSED] - datText = today: null

2024-11-12 17:49:15 - [TEST_STEP][PASSED] - Taxtype = findTestData(dataFile).getValue("TaxType", row): null

2024-11-12 17:49:15 - [TEST_STEP][PASSED] - out.println("Taxtype value is : " + Taxtype): null

2024-11-12 17:49:15 - [TEST_STEP][PASSED] - openBrowser(""): Browser is opened with url: ''

2024-11-12 17:49:15 - [MESSAGE][WARNING] - A browser is already opened. Closing browser and opening a new one

2024-11-12 17:49:17 - [MESSAGE][INFO] - Starting 'Chrome' driver

2024-11-12 17:49:17 - [MESSAGE][INFO] - User set preference: ['acceptInsecureCerts', 'true']

2024-11-12 17:49:17 - [MESSAGE][INFO] - Action delay is set to 0 milliseconds

2024-11-12 17:49:18 - [MESSAGE][PASSED] - Browser is opened with url: ''

2024-11-12 17:49:18 - [TEST_STEP][PASSED] - maximizeWindow(): Current window maximized

2024-11-12 17:49:18 - [MESSAGE][PASSED] - Current window maximized

2024-11-12 17:49:18 - [TEST_STEP][PASSED] - navigateToUrl(RADurl): Navigate to 'https://www.velocitypayment.com/client/rad/index.html' successfully

2024-11-12 17:49:20 - [MESSAGE][PASSED] - Navigate to 'https://www.velocitypayment.com/client/rad/index.html' successfully

2024-11-12 17:49:20 - [TEST_STEP][PASSED] - orPath_Landing = "Object Repository/RAD_Pages/Landing_Page": null

2024-11-12 17:49:20 - [TEST_STEP][PASSED] - orPath_TaxTypeFilingYear = "Object Repository/RAD_Pages/TaxTypeFilingYear_Page": null

2024-11-12 17:49:20 - [TEST_STEP][PASSED] - orPath_TaxPayer = "Object Repository/RAD_Pages/Taxpayer_Page": null

2024-11-12 17:49:20 - [TEST_STEP][PASSED] - orPath_AddressContact = "Object Repository/RAD_Pages/AddressAndContactInfo_Page": null

2024-11-12 17:49:20 - [TEST_STEP][PASSED] - orPath_FilingStatus = "Object Repository/RAD_Pages/FilingStatus_Page": null

2024-11-12 17:49:20 - [TEST_STEP][PASSED] - orPath_Amount = "Object Repository/RAD_Pages/PaymentAmount_Page": null

2024-11-12 17:49:20 - [TEST_STEP][PASSED] - orPath_TaxInfo = "Object Repository/RAD_Pages/TaxInfo_Page": null

2024-11-12 17:49:20 - [TEST_STEP][PASSED] - orPath_Withholding = "Object Repository/RAD_Pages/Withholding_Page": null

2024-11-12 17:49:20 - [TEST_STEP][PASSED] - orPath_Summary = "Object Repository/RAD_Pages/Summary_Page": null

2024-11-12 17:49:20 - [TEST_STEP][PASSED] - orPath_PaymentReady = "Object Repository/RAD_Pages/PaymentReady_Page": null

2024-11-12 17:49:20 - [TEST_STEP][PASSED] - orPath_PaymentEntry = "Object Repository/RAD_Pages/PaymentEntry_Page": null

2024-11-12 17:49:20 - [TEST_STEP][PASSED] - orPath_PaymentConfirmation = "Object Repository/RAD_Pages/PaymentConfirmation_Page": null

2024-11-12 17:49:20 - [TEST_STEP][PASSED] - orPath_ServiceFeesAccept = "Object Repository/RAD_Pages/ServiceFeeAccept_Page": null

2024-11-12 17:49:20 - [TEST_STEP][PASSED] - selectOptionByLabel(findTestObject(orPath_Landing + "/dd_TaxType"), Taxtype, false): All options with label 'Existing Liability with Notice/Invoice Number' are selected in object 'Object Repository/RAD_Pages/Landing_Page/dd_TaxType' 

2024-11-12 17:49:21 - [MESSAGE][PASSED] - All options with label 'Existing Liability with Notice/Invoice Number' are selected in object 'Object Repository/RAD_Pages/Landing_Page/dd_TaxType' 

2024-11-12 17:49:21 - [TEST_STEP][PASSED] - delay(1): Delayed 1 second(s)

2024-11-12 17:49:22 - [MESSAGE][PASSED] - Delayed 1 second(s)

2024-11-12 17:49:22 - [TEST_STEP][PASSED] - selectOptionByLabel(findTestObject(orPath_TaxTypeFilingYear + "/select_TaxType_ExistingLiability"), TaxTypeEL, false): All options with label 'Slots License Fee' are selected in object 'Object Repository/RAD_Pages/TaxTypeFilingYear_Page/select_TaxType_ExistingLiability' 

2024-11-12 17:49:22 - [MESSAGE][PASSED] - All options with label 'Slots License Fee' are selected in object 'Object Repository/RAD_Pages/TaxTypeFilingYear_Page/select_TaxType_ExistingLiability' 

2024-11-12 17:49:22 - [TEST_STEP][PASSED] - setText(findTestObject(orPath_TaxInfo + "/input_NoticeInvoiceNumber"), notInvNumber): Text '123456789' is set on object 'Object Repository/RAD_Pages/TaxInfo_Page/input_NoticeInvoiceNumber'

2024-11-12 17:49:23 - [MESSAGE][PASSED] - Text '123456789' is set on object 'Object Repository/RAD_Pages/TaxInfo_Page/input_NoticeInvoiceNumber'

2024-11-12 17:49:23 - [TEST_STEP][PASSED] - setText(findTestObject(orPath_TaxInfo + "/input_reTypeNoticeInvoiceNumber"), notInvNumber): Text '123456789' is set on object 'Object Repository/RAD_Pages/TaxInfo_Page/input_reTypeNoticeInvoiceNumber'

2024-11-12 17:49:24 - [MESSAGE][PASSED] - Text '123456789' is set on object 'Object Repository/RAD_Pages/TaxInfo_Page/input_reTypeNoticeInvoiceNumber'

2024-11-12 17:49:24 - [TEST_STEP][PASSED] - println(notInvNumber): null

2024-11-12 17:49:24 - [TEST_STEP][PASSED] - if (verifyTextPresent(errorMsg, true)): null

2024-11-12 17:49:24 - [MESSAGE][PASSED] - Text 'Notice Number or Invoice Number must be 10, 11, or 13 digits in length, with a value greater than zero' is present on page  using regular expression

2024-11-12 17:49:24 - [TEST_STEP][PASSED] - println("Error Message is present on the page"): null

2024-11-12 17:49:24 - [TEST_STEP][PASSED] - out.println("Pass Record Number: " + row): null

2024-11-12 17:49:24 - [TEST_STEP][PASSED] - resText = "Pass": null

2024-11-12 17:49:24 - [TEST_STEP][PASSED] - pages.WriteExcel.demoKey(resText, datText, resColumn, datCloumn, fileLoc, nameSheet, row): pages.WriteExcel.demoKey is PASSED

2024-11-12 17:49:25 - [MESSAGE][PASSED] - pages.WriteExcel.demoKey is PASSED

2024-11-12 17:49:25 - [TEST_STEP][PASSED] - ExecuteTC = findTestData(dataFile).getValue("Execute", row): null

2024-11-12 17:49:25 - [TEST_STEP][PASSED] - Taxtype = findTestData(dataFile).getValue("TaxType", row): null

2024-11-12 17:49:25 - [TEST_STEP][PASSED] - TaxTypeEL = findTestData(dataFile).getValue("TaxTypeEL", row): null

2024-11-12 17:49:25 - [TEST_STEP][PASSED] - notInvNumber = findTestData(dataFile).getValue("NotiInvoNumber", row): null

2024-11-12 17:49:25 - [TEST_STEP][PASSED] - errorMsg = findTestData(dataFile).getValue("ErrorMessage", row): null

2024-11-12 17:49:25 - [TEST_STEP][PASSED] - out.println("Value of Execute is : " + ExecuteTC): null

2024-11-12 17:49:25 - [TEST_STEP][PASSED] - if (ExecuteTC.equalsIgnoreCase("Y")): null

2024-11-12 17:49:25 - [TEST_STEP][PASSED] - out.println("Begin Record Number: " + row): null

2024-11-12 17:49:25 - [TEST_STEP][PASSED] - today = new java.util.Date(): null

2024-11-12 17:49:25 - [TEST_STEP][PASSED] - println(today): null

2024-11-12 17:49:25 - [TEST_STEP][PASSED] - datText = today: null

2024-11-12 17:49:25 - [TEST_STEP][PASSED] - Taxtype = findTestData(dataFile).getValue("TaxType", row): null

2024-11-12 17:49:25 - [TEST_STEP][PASSED] - out.println("Taxtype value is : " + Taxtype): null

2024-11-12 17:49:25 - [TEST_STEP][PASSED] - openBrowser(""): Browser is opened with url: ''

2024-11-12 17:49:25 - [MESSAGE][WARNING] - A browser is already opened. Closing browser and opening a new one

2024-11-12 17:49:26 - [MESSAGE][INFO] - Starting 'Chrome' driver

2024-11-12 17:49:26 - [MESSAGE][INFO] - User set preference: ['acceptInsecureCerts', 'true']

2024-11-12 17:49:26 - [MESSAGE][INFO] - Action delay is set to 0 milliseconds

2024-11-12 17:49:28 - [MESSAGE][PASSED] - Browser is opened with url: ''

2024-11-12 17:49:28 - [TEST_STEP][PASSED] - maximizeWindow(): Current window maximized

2024-11-12 17:49:28 - [MESSAGE][PASSED] - Current window maximized

2024-11-12 17:49:28 - [TEST_STEP][PASSED] - navigateToUrl(RADurl): Navigate to 'https://www.velocitypayment.com/client/rad/index.html' successfully

2024-11-12 17:49:30 - [MESSAGE][PASSED] - Navigate to 'https://www.velocitypayment.com/client/rad/index.html' successfully

2024-11-12 17:49:30 - [TEST_STEP][PASSED] - orPath_Landing = "Object Repository/RAD_Pages/Landing_Page": null

2024-11-12 17:49:30 - [TEST_STEP][PASSED] - orPath_TaxTypeFilingYear = "Object Repository/RAD_Pages/TaxTypeFilingYear_Page": null

2024-11-12 17:49:30 - [TEST_STEP][PASSED] - orPath_TaxPayer = "Object Repository/RAD_Pages/Taxpayer_Page": null

2024-11-12 17:49:30 - [TEST_STEP][PASSED] - orPath_AddressContact = "Object Repository/RAD_Pages/AddressAndContactInfo_Page": null

2024-11-12 17:49:30 - [TEST_STEP][PASSED] - orPath_FilingStatus = "Object Repository/RAD_Pages/FilingStatus_Page": null

2024-11-12 17:49:30 - [TEST_STEP][PASSED] - orPath_Amount = "Object Repository/RAD_Pages/PaymentAmount_Page": null

2024-11-12 17:49:30 - [TEST_STEP][PASSED] - orPath_TaxInfo = "Object Repository/RAD_Pages/TaxInfo_Page": null

2024-11-12 17:49:30 - [TEST_STEP][PASSED] - orPath_Withholding = "Object Repository/RAD_Pages/Withholding_Page": null

2024-11-12 17:49:30 - [TEST_STEP][PASSED] - orPath_Summary = "Object Repository/RAD_Pages/Summary_Page": null

2024-11-12 17:49:30 - [TEST_STEP][PASSED] - orPath_PaymentReady = "Object Repository/RAD_Pages/PaymentReady_Page": null

2024-11-12 17:49:30 - [TEST_STEP][PASSED] - orPath_PaymentEntry = "Object Repository/RAD_Pages/PaymentEntry_Page": null

2024-11-12 17:49:30 - [TEST_STEP][PASSED] - orPath_PaymentConfirmation = "Object Repository/RAD_Pages/PaymentConfirmation_Page": null

2024-11-12 17:49:30 - [TEST_STEP][PASSED] - orPath_ServiceFeesAccept = "Object Repository/RAD_Pages/ServiceFeeAccept_Page": null

2024-11-12 17:49:30 - [TEST_STEP][PASSED] - selectOptionByLabel(findTestObject(orPath_Landing + "/dd_TaxType"), Taxtype, false): All options with label 'Existing Liability with Notice/Invoice Number' are selected in object 'Object Repository/RAD_Pages/Landing_Page/dd_TaxType' 

2024-11-12 17:49:30 - [MESSAGE][PASSED] - All options with label 'Existing Liability with Notice/Invoice Number' are selected in object 'Object Repository/RAD_Pages/Landing_Page/dd_TaxType' 

2024-11-12 17:49:30 - [TEST_STEP][PASSED] - delay(1): Delayed 1 second(s)

2024-11-12 17:49:31 - [MESSAGE][PASSED] - Delayed 1 second(s)

2024-11-12 17:49:31 - [TEST_STEP][PASSED] - selectOptionByLabel(findTestObject(orPath_TaxTypeFilingYear + "/select_TaxType_ExistingLiability"), TaxTypeEL, false): All options with label 'Slots License Fee' are selected in object 'Object Repository/RAD_Pages/TaxTypeFilingYear_Page/select_TaxType_ExistingLiability' 

2024-11-12 17:49:32 - [MESSAGE][PASSED] - All options with label 'Slots License Fee' are selected in object 'Object Repository/RAD_Pages/TaxTypeFilingYear_Page/select_TaxType_ExistingLiability' 

2024-11-12 17:49:32 - [TEST_STEP][PASSED] - setText(findTestObject(orPath_TaxInfo + "/input_NoticeInvoiceNumber"), notInvNumber): Text '123456789012' is set on object 'Object Repository/RAD_Pages/TaxInfo_Page/input_NoticeInvoiceNumber'

2024-11-12 17:49:33 - [MESSAGE][PASSED] - Text '123456789012' is set on object 'Object Repository/RAD_Pages/TaxInfo_Page/input_NoticeInvoiceNumber'

2024-11-12 17:49:33 - [TEST_STEP][PASSED] - setText(findTestObject(orPath_TaxInfo + "/input_reTypeNoticeInvoiceNumber"), notInvNumber): Text '123456789012' is set on object 'Object Repository/RAD_Pages/TaxInfo_Page/input_reTypeNoticeInvoiceNumber'

2024-11-12 17:49:34 - [MESSAGE][PASSED] - Text '123456789012' is set on object 'Object Repository/RAD_Pages/TaxInfo_Page/input_reTypeNoticeInvoiceNumber'

2024-11-12 17:49:34 - [TEST_STEP][PASSED] - println(notInvNumber): null

2024-11-12 17:49:34 - [TEST_STEP][PASSED] - if (verifyTextPresent(errorMsg, true)): null

2024-11-12 17:49:34 - [MESSAGE][PASSED] - Text 'Notice Number or Invoice Number must be 10, 11, or 13 digits in length, with a value greater than zero' is present on page  using regular expression

2024-11-12 17:49:34 - [TEST_STEP][PASSED] - println("Error Message is present on the page"): null

2024-11-12 17:49:34 - [TEST_STEP][PASSED] - out.println("Pass Record Number: " + row): null

2024-11-12 17:49:34 - [TEST_STEP][PASSED] - resText = "Pass": null

2024-11-12 17:49:34 - [TEST_STEP][PASSED] - pages.WriteExcel.demoKey(resText, datText, resColumn, datCloumn, fileLoc, nameSheet, row): pages.WriteExcel.demoKey is PASSED

2024-11-12 17:49:34 - [MESSAGE][PASSED] - pages.WriteExcel.demoKey is PASSED

2024-11-12 17:49:34 - [TEST_STEP][PASSED] - ExecuteTC = findTestData(dataFile).getValue("Execute", row): null

2024-11-12 17:49:34 - [TEST_STEP][PASSED] - Taxtype = findTestData(dataFile).getValue("TaxType", row): null

2024-11-12 17:49:34 - [TEST_STEP][PASSED] - TaxTypeEL = findTestData(dataFile).getValue("TaxTypeEL", row): null

2024-11-12 17:49:35 - [TEST_STEP][PASSED] - notInvNumber = findTestData(dataFile).getValue("NotiInvoNumber", row): null

2024-11-12 17:49:35 - [TEST_STEP][PASSED] - errorMsg = findTestData(dataFile).getValue("ErrorMessage", row): null

2024-11-12 17:49:35 - [TEST_STEP][PASSED] - out.println("Value of Execute is : " + ExecuteTC): null

2024-11-12 17:49:35 - [TEST_STEP][PASSED] - if (ExecuteTC.equalsIgnoreCase("Y")): null

2024-11-12 17:49:35 - [TEST_STEP][PASSED] - out.println("Begin Record Number: " + row): null

2024-11-12 17:49:35 - [TEST_STEP][PASSED] - today = new java.util.Date(): null

2024-11-12 17:49:35 - [TEST_STEP][PASSED] - println(today): null

2024-11-12 17:49:35 - [TEST_STEP][PASSED] - datText = today: null

2024-11-12 17:49:35 - [TEST_STEP][PASSED] - Taxtype = findTestData(dataFile).getValue("TaxType", row): null

2024-11-12 17:49:35 - [TEST_STEP][PASSED] - out.println("Taxtype value is : " + Taxtype): null

2024-11-12 17:49:35 - [TEST_STEP][PASSED] - openBrowser(""): Browser is opened with url: ''

2024-11-12 17:49:35 - [MESSAGE][WARNING] - A browser is already opened. Closing browser and opening a new one

2024-11-12 17:49:41 - [MESSAGE][INFO] - Starting 'Chrome' driver

2024-11-12 17:49:41 - [MESSAGE][INFO] - User set preference: ['acceptInsecureCerts', 'true']

2024-11-12 17:49:41 - [MESSAGE][INFO] - Action delay is set to 0 milliseconds

2024-11-12 17:49:43 - [MESSAGE][PASSED] - Browser is opened with url: ''

2024-11-12 17:49:43 - [TEST_STEP][PASSED] - maximizeWindow(): Current window maximized

2024-11-12 17:49:43 - [MESSAGE][PASSED] - Current window maximized

2024-11-12 17:49:43 - [TEST_STEP][PASSED] - navigateToUrl(RADurl): Navigate to 'https://www.velocitypayment.com/client/rad/index.html' successfully

2024-11-12 17:49:43 - [MESSAGE][PASSED] - Navigate to 'https://www.velocitypayment.com/client/rad/index.html' successfully

2024-11-12 17:49:43 - [TEST_STEP][PASSED] - orPath_Landing = "Object Repository/RAD_Pages/Landing_Page": null

2024-11-12 17:49:43 - [TEST_STEP][PASSED] - orPath_TaxTypeFilingYear = "Object Repository/RAD_Pages/TaxTypeFilingYear_Page": null

2024-11-12 17:49:43 - [TEST_STEP][PASSED] - orPath_TaxPayer = "Object Repository/RAD_Pages/Taxpayer_Page": null

2024-11-12 17:49:43 - [TEST_STEP][PASSED] - orPath_AddressContact = "Object Repository/RAD_Pages/AddressAndContactInfo_Page": null

2024-11-12 17:49:43 - [TEST_STEP][PASSED] - orPath_FilingStatus = "Object Repository/RAD_Pages/FilingStatus_Page": null

2024-11-12 17:49:43 - [TEST_STEP][PASSED] - orPath_Amount = "Object Repository/RAD_Pages/PaymentAmount_Page": null

2024-11-12 17:49:43 - [TEST_STEP][PASSED] - orPath_TaxInfo = "Object Repository/RAD_Pages/TaxInfo_Page": null

2024-11-12 17:49:43 - [TEST_STEP][PASSED] - orPath_Withholding = "Object Repository/RAD_Pages/Withholding_Page": null

2024-11-12 17:49:43 - [TEST_STEP][PASSED] - orPath_Summary = "Object Repository/RAD_Pages/Summary_Page": null

2024-11-12 17:49:43 - [TEST_STEP][PASSED] - orPath_PaymentReady = "Object Repository/RAD_Pages/PaymentReady_Page": null

2024-11-12 17:49:43 - [TEST_STEP][PASSED] - orPath_PaymentEntry = "Object Repository/RAD_Pages/PaymentEntry_Page": null

2024-11-12 17:49:43 - [TEST_STEP][PASSED] - orPath_PaymentConfirmation = "Object Repository/RAD_Pages/PaymentConfirmation_Page": null

2024-11-12 17:49:43 - [TEST_STEP][PASSED] - orPath_ServiceFeesAccept = "Object Repository/RAD_Pages/ServiceFeeAccept_Page": null

2024-11-12 17:49:43 - [TEST_STEP][PASSED] - selectOptionByLabel(findTestObject(orPath_Landing + "/dd_TaxType"), Taxtype, false): All options with label 'Existing Liability with Notice/Invoice Number' are selected in object 'Object Repository/RAD_Pages/Landing_Page/dd_TaxType' 

2024-11-12 17:49:45 - [MESSAGE][PASSED] - All options with label 'Existing Liability with Notice/Invoice Number' are selected in object 'Object Repository/RAD_Pages/Landing_Page/dd_TaxType' 

2024-11-12 17:49:45 - [TEST_STEP][PASSED] - delay(1): Delayed 1 second(s)

2024-11-12 17:49:46 - [MESSAGE][PASSED] - Delayed 1 second(s)

2024-11-12 17:49:46 - [TEST_STEP][PASSED] - selectOptionByLabel(findTestObject(orPath_TaxTypeFilingYear + "/select_TaxType_ExistingLiability"), TaxTypeEL, false): All options with label 'Slots License Fee' are selected in object 'Object Repository/RAD_Pages/TaxTypeFilingYear_Page/select_TaxType_ExistingLiability' 

2024-11-12 17:49:47 - [MESSAGE][PASSED] - All options with label 'Slots License Fee' are selected in object 'Object Repository/RAD_Pages/TaxTypeFilingYear_Page/select_TaxType_ExistingLiability' 

2024-11-12 17:49:47 - [TEST_STEP][PASSED] - setText(findTestObject(orPath_TaxInfo + "/input_NoticeInvoiceNumber"), notInvNumber): Text '0000000000' is set on object 'Object Repository/RAD_Pages/TaxInfo_Page/input_NoticeInvoiceNumber'

2024-11-12 17:49:48 - [MESSAGE][PASSED] - Text '0000000000' is set on object 'Object Repository/RAD_Pages/TaxInfo_Page/input_NoticeInvoiceNumber'

2024-11-12 17:49:48 - [TEST_STEP][PASSED] - setText(findTestObject(orPath_TaxInfo + "/input_reTypeNoticeInvoiceNumber"), notInvNumber): Text '0000000000' is set on object 'Object Repository/RAD_Pages/TaxInfo_Page/input_reTypeNoticeInvoiceNumber'

2024-11-12 17:49:49 - [MESSAGE][PASSED] - Text '0000000000' is set on object 'Object Repository/RAD_Pages/TaxInfo_Page/input_reTypeNoticeInvoiceNumber'

2024-11-12 17:49:49 - [TEST_STEP][PASSED] - println(notInvNumber): null

2024-11-12 17:49:49 - [TEST_STEP][PASSED] - if (verifyTextPresent(errorMsg, true)): null

2024-11-12 17:49:49 - [MESSAGE][PASSED] - Text 'Notice Number or Invoice Number must be 10, 11, or 13 digits in length, with a value greater than zero' is present on page  using regular expression

2024-11-12 17:49:49 - [TEST_STEP][PASSED] - println("Error Message is present on the page"): null

2024-11-12 17:49:49 - [TEST_STEP][PASSED] - out.println("Pass Record Number: " + row): null

2024-11-12 17:49:49 - [TEST_STEP][PASSED] - resText = "Pass": null

2024-11-12 17:49:49 - [TEST_STEP][PASSED] - pages.WriteExcel.demoKey(resText, datText, resColumn, datCloumn, fileLoc, nameSheet, row): pages.WriteExcel.demoKey is PASSED

2024-11-12 17:49:49 - [MESSAGE][PASSED] - pages.WriteExcel.demoKey is PASSED

2024-11-12 17:49:49 - [TEST_STEP][PASSED] - ExecuteTC = findTestData(dataFile).getValue("Execute", row): null

2024-11-12 17:49:49 - [TEST_STEP][PASSED] - Taxtype = findTestData(dataFile).getValue("TaxType", row): null

2024-11-12 17:49:49 - [TEST_STEP][PASSED] - TaxTypeEL = findTestData(dataFile).getValue("TaxTypeEL", row): null

2024-11-12 17:49:49 - [TEST_STEP][PASSED] - notInvNumber = findTestData(dataFile).getValue("NotiInvoNumber", row): null

2024-11-12 17:49:49 - [TEST_STEP][PASSED] - errorMsg = findTestData(dataFile).getValue("ErrorMessage", row): null

2024-11-12 17:49:50 - [TEST_STEP][PASSED] - out.println("Value of Execute is : " + ExecuteTC): null

2024-11-12 17:49:50 - [TEST_STEP][PASSED] - if (ExecuteTC.equalsIgnoreCase("Y")): null

2024-11-12 17:49:50 - [TEST_STEP][PASSED] - out.println("Begin Record Number: " + row): null

2024-11-12 17:49:50 - [TEST_STEP][PASSED] - today = new java.util.Date(): null

2024-11-12 17:49:50 - [TEST_STEP][PASSED] - println(today): null

2024-11-12 17:49:50 - [TEST_STEP][PASSED] - datText = today: null

2024-11-12 17:49:50 - [TEST_STEP][PASSED] - Taxtype = findTestData(dataFile).getValue("TaxType", row): null

2024-11-12 17:49:50 - [TEST_STEP][PASSED] - out.println("Taxtype value is : " + Taxtype): null

2024-11-12 17:49:50 - [TEST_STEP][PASSED] - openBrowser(""): Browser is opened with url: ''

2024-11-12 17:49:50 - [MESSAGE][WARNING] - A browser is already opened. Closing browser and opening a new one

2024-11-12 17:49:51 - [MESSAGE][INFO] - Starting 'Chrome' driver

2024-11-12 17:49:51 - [MESSAGE][INFO] - User set preference: ['acceptInsecureCerts', 'true']

2024-11-12 17:49:51 - [MESSAGE][INFO] - Action delay is set to 0 milliseconds

2024-11-12 17:49:52 - [MESSAGE][PASSED] - Browser is opened with url: ''

2024-11-12 17:49:52 - [TEST_STEP][PASSED] - maximizeWindow(): Current window maximized

2024-11-12 17:49:52 - [MESSAGE][PASSED] - Current window maximized

2024-11-12 17:49:52 - [TEST_STEP][PASSED] - navigateToUrl(RADurl): Navigate to 'https://www.velocitypayment.com/client/rad/index.html' successfully

2024-11-12 17:49:54 - [MESSAGE][PASSED] - Navigate to 'https://www.velocitypayment.com/client/rad/index.html' successfully

2024-11-12 17:49:54 - [TEST_STEP][PASSED] - orPath_Landing = "Object Repository/RAD_Pages/Landing_Page": null

2024-11-12 17:49:54 - [TEST_STEP][PASSED] - orPath_TaxTypeFilingYear = "Object Repository/RAD_Pages/TaxTypeFilingYear_Page": null

2024-11-12 17:49:54 - [TEST_STEP][PASSED] - orPath_TaxPayer = "Object Repository/RAD_Pages/Taxpayer_Page": null

2024-11-12 17:49:54 - [TEST_STEP][PASSED] - orPath_AddressContact = "Object Repository/RAD_Pages/AddressAndContactInfo_Page": null

2024-11-12 17:49:54 - [TEST_STEP][PASSED] - orPath_FilingStatus = "Object Repository/RAD_Pages/FilingStatus_Page": null

2024-11-12 17:49:54 - [TEST_STEP][PASSED] - orPath_Amount = "Object Repository/RAD_Pages/PaymentAmount_Page": null

2024-11-12 17:49:54 - [TEST_STEP][PASSED] - orPath_TaxInfo = "Object Repository/RAD_Pages/TaxInfo_Page": null

2024-11-12 17:49:54 - [TEST_STEP][PASSED] - orPath_Withholding = "Object Repository/RAD_Pages/Withholding_Page": null

2024-11-12 17:49:54 - [TEST_STEP][PASSED] - orPath_Summary = "Object Repository/RAD_Pages/Summary_Page": null

2024-11-12 17:49:54 - [TEST_STEP][PASSED] - orPath_PaymentReady = "Object Repository/RAD_Pages/PaymentReady_Page": null

2024-11-12 17:49:54 - [TEST_STEP][PASSED] - orPath_PaymentEntry = "Object Repository/RAD_Pages/PaymentEntry_Page": null

2024-11-12 17:49:54 - [TEST_STEP][PASSED] - orPath_PaymentConfirmation = "Object Repository/RAD_Pages/PaymentConfirmation_Page": null

2024-11-12 17:49:54 - [TEST_STEP][PASSED] - orPath_ServiceFeesAccept = "Object Repository/RAD_Pages/ServiceFeeAccept_Page": null

2024-11-12 17:49:54 - [TEST_STEP][PASSED] - selectOptionByLabel(findTestObject(orPath_Landing + "/dd_TaxType"), Taxtype, false): All options with label 'Existing Liability with Notice/Invoice Number' are selected in object 'Object Repository/RAD_Pages/Landing_Page/dd_TaxType' 

2024-11-12 17:49:55 - [MESSAGE][PASSED] - All options with label 'Existing Liability with Notice/Invoice Number' are selected in object 'Object Repository/RAD_Pages/Landing_Page/dd_TaxType' 

2024-11-12 17:49:55 - [TEST_STEP][PASSED] - delay(1): Delayed 1 second(s)

2024-11-12 17:49:56 - [MESSAGE][PASSED] - Delayed 1 second(s)

2024-11-12 17:49:56 - [TEST_STEP][PASSED] - selectOptionByLabel(findTestObject(orPath_TaxTypeFilingYear + "/select_TaxType_ExistingLiability"), TaxTypeEL, false): All options with label 'Tobacco Tax' are selected in object 'Object Repository/RAD_Pages/TaxTypeFilingYear_Page/select_TaxType_ExistingLiability' 

2024-11-12 17:49:56 - [MESSAGE][PASSED] - All options with label 'Tobacco Tax' are selected in object 'Object Repository/RAD_Pages/TaxTypeFilingYear_Page/select_TaxType_ExistingLiability' 

2024-11-12 17:49:56 - [TEST_STEP][PASSED] - setText(findTestObject(orPath_TaxInfo + "/input_NoticeInvoiceNumber"), notInvNumber): Text '123456789' is set on object 'Object Repository/RAD_Pages/TaxInfo_Page/input_NoticeInvoiceNumber'

2024-11-12 17:49:57 - [MESSAGE][PASSED] - Text '123456789' is set on object 'Object Repository/RAD_Pages/TaxInfo_Page/input_NoticeInvoiceNumber'

2024-11-12 17:49:57 - [TEST_STEP][PASSED] - setText(findTestObject(orPath_TaxInfo + "/input_reTypeNoticeInvoiceNumber"), notInvNumber): Text '123456789' is set on object 'Object Repository/RAD_Pages/TaxInfo_Page/input_reTypeNoticeInvoiceNumber'

2024-11-12 17:49:58 - [MESSAGE][PASSED] - Text '123456789' is set on object 'Object Repository/RAD_Pages/TaxInfo_Page/input_reTypeNoticeInvoiceNumber'

2024-11-12 17:49:58 - [TEST_STEP][PASSED] - println(notInvNumber): null

2024-11-12 17:49:58 - [TEST_STEP][PASSED] - if (verifyTextPresent(errorMsg, true)): null

2024-11-12 17:49:58 - [MESSAGE][PASSED] - Text 'Notice Number or Invoice Number must be 10, 11, or 13 digits in length, with a value greater than zero' is present on page  using regular expression

2024-11-12 17:49:58 - [TEST_STEP][PASSED] - println("Error Message is present on the page"): null

2024-11-12 17:49:58 - [TEST_STEP][PASSED] - out.println("Pass Record Number: " + row): null

2024-11-12 17:49:58 - [TEST_STEP][PASSED] - resText = "Pass": null

2024-11-12 17:49:58 - [TEST_STEP][PASSED] - pages.WriteExcel.demoKey(resText, datText, resColumn, datCloumn, fileLoc, nameSheet, row): pages.WriteExcel.demoKey is PASSED

2024-11-12 17:49:58 - [MESSAGE][PASSED] - pages.WriteExcel.demoKey is PASSED

2024-11-12 17:49:58 - [TEST_STEP][PASSED] - ExecuteTC = findTestData(dataFile).getValue("Execute", row): null

2024-11-12 17:49:58 - [TEST_STEP][PASSED] - Taxtype = findTestData(dataFile).getValue("TaxType", row): null

2024-11-12 17:49:59 - [TEST_STEP][PASSED] - TaxTypeEL = findTestData(dataFile).getValue("TaxTypeEL", row): null

2024-11-12 17:49:59 - [TEST_STEP][PASSED] - notInvNumber = findTestData(dataFile).getValue("NotiInvoNumber", row): null

2024-11-12 17:49:59 - [TEST_STEP][PASSED] - errorMsg = findTestData(dataFile).getValue("ErrorMessage", row): null

2024-11-12 17:49:59 - [TEST_STEP][PASSED] - out.println("Value of Execute is : " + ExecuteTC): null

2024-11-12 17:49:59 - [TEST_STEP][PASSED] - if (ExecuteTC.equalsIgnoreCase("Y")): null

2024-11-12 17:49:59 - [TEST_STEP][PASSED] - out.println("Begin Record Number: " + row): null

2024-11-12 17:49:59 - [TEST_STEP][PASSED] - today = new java.util.Date(): null

2024-11-12 17:49:59 - [TEST_STEP][PASSED] - println(today): null

2024-11-12 17:49:59 - [TEST_STEP][PASSED] - datText = today: null

2024-11-12 17:49:59 - [TEST_STEP][PASSED] - Taxtype = findTestData(dataFile).getValue("TaxType", row): null

2024-11-12 17:49:59 - [TEST_STEP][PASSED] - out.println("Taxtype value is : " + Taxtype): null

2024-11-12 17:49:59 - [TEST_STEP][PASSED] - openBrowser(""): Browser is opened with url: ''

2024-11-12 17:49:59 - [MESSAGE][WARNING] - A browser is already opened. Closing browser and opening a new one

2024-11-12 17:50:00 - [MESSAGE][INFO] - Starting 'Chrome' driver

2024-11-12 17:50:00 - [MESSAGE][INFO] - User set preference: ['acceptInsecureCerts', 'true']

2024-11-12 17:50:00 - [MESSAGE][INFO] - Action delay is set to 0 milliseconds

2024-11-12 17:50:02 - [MESSAGE][PASSED] - Browser is opened with url: ''

2024-11-12 17:50:02 - [TEST_STEP][PASSED] - maximizeWindow(): Current window maximized

2024-11-12 17:50:02 - [MESSAGE][PASSED] - Current window maximized

2024-11-12 17:50:02 - [TEST_STEP][PASSED] - navigateToUrl(RADurl): Navigate to 'https://www.velocitypayment.com/client/rad/index.html' successfully

2024-11-12 17:50:02 - [MESSAGE][PASSED] - Navigate to 'https://www.velocitypayment.com/client/rad/index.html' successfully

2024-11-12 17:50:02 - [TEST_STEP][PASSED] - orPath_Landing = "Object Repository/RAD_Pages/Landing_Page": null

2024-11-12 17:50:02 - [TEST_STEP][PASSED] - orPath_TaxTypeFilingYear = "Object Repository/RAD_Pages/TaxTypeFilingYear_Page": null

2024-11-12 17:50:02 - [TEST_STEP][PASSED] - orPath_TaxPayer = "Object Repository/RAD_Pages/Taxpayer_Page": null

2024-11-12 17:50:02 - [TEST_STEP][PASSED] - orPath_AddressContact = "Object Repository/RAD_Pages/AddressAndContactInfo_Page": null

2024-11-12 17:50:02 - [TEST_STEP][PASSED] - orPath_FilingStatus = "Object Repository/RAD_Pages/FilingStatus_Page": null

2024-11-12 17:50:02 - [TEST_STEP][PASSED] - orPath_Amount = "Object Repository/RAD_Pages/PaymentAmount_Page": null

2024-11-12 17:50:02 - [TEST_STEP][PASSED] - orPath_TaxInfo = "Object Repository/RAD_Pages/TaxInfo_Page": null

2024-11-12 17:50:02 - [TEST_STEP][PASSED] - orPath_Withholding = "Object Repository/RAD_Pages/Withholding_Page": null

2024-11-12 17:50:02 - [TEST_STEP][PASSED] - orPath_Summary = "Object Repository/RAD_Pages/Summary_Page": null

2024-11-12 17:50:02 - [TEST_STEP][PASSED] - orPath_PaymentReady = "Object Repository/RAD_Pages/PaymentReady_Page": null

2024-11-12 17:50:02 - [TEST_STEP][PASSED] - orPath_PaymentEntry = "Object Repository/RAD_Pages/PaymentEntry_Page": null

2024-11-12 17:50:02 - [TEST_STEP][PASSED] - orPath_PaymentConfirmation = "Object Repository/RAD_Pages/PaymentConfirmation_Page": null

2024-11-12 17:50:02 - [TEST_STEP][PASSED] - orPath_ServiceFeesAccept = "Object Repository/RAD_Pages/ServiceFeeAccept_Page": null

2024-11-12 17:50:02 - [TEST_STEP][PASSED] - selectOptionByLabel(findTestObject(orPath_Landing + "/dd_TaxType"), Taxtype, false): All options with label 'Existing Liability with Notice/Invoice Number' are selected in object 'Object Repository/RAD_Pages/Landing_Page/dd_TaxType' 

2024-11-12 17:50:04 - [MESSAGE][PASSED] - All options with label 'Existing Liability with Notice/Invoice Number' are selected in object 'Object Repository/RAD_Pages/Landing_Page/dd_TaxType' 

2024-11-12 17:50:04 - [TEST_STEP][PASSED] - delay(1): Delayed 1 second(s)

2024-11-12 17:50:05 - [MESSAGE][PASSED] - Delayed 1 second(s)

2024-11-12 17:50:05 - [TEST_STEP][PASSED] - selectOptionByLabel(findTestObject(orPath_TaxTypeFilingYear + "/select_TaxType_ExistingLiability"), TaxTypeEL, false): All options with label 'Tobacco Tax' are selected in object 'Object Repository/RAD_Pages/TaxTypeFilingYear_Page/select_TaxType_ExistingLiability' 

2024-11-12 17:50:06 - [MESSAGE][PASSED] - All options with label 'Tobacco Tax' are selected in object 'Object Repository/RAD_Pages/TaxTypeFilingYear_Page/select_TaxType_ExistingLiability' 

2024-11-12 17:50:06 - [TEST_STEP][PASSED] - setText(findTestObject(orPath_TaxInfo + "/input_NoticeInvoiceNumber"), notInvNumber): Text '123456789012' is set on object 'Object Repository/RAD_Pages/TaxInfo_Page/input_NoticeInvoiceNumber'

2024-11-12 17:50:06 - [MESSAGE][PASSED] - Text '123456789012' is set on object 'Object Repository/RAD_Pages/TaxInfo_Page/input_NoticeInvoiceNumber'

2024-11-12 17:50:06 - [TEST_STEP][PASSED] - setText(findTestObject(orPath_TaxInfo + "/input_reTypeNoticeInvoiceNumber"), notInvNumber): Text '123456789012' is set on object 'Object Repository/RAD_Pages/TaxInfo_Page/input_reTypeNoticeInvoiceNumber'

2024-11-12 17:50:07 - [MESSAGE][PASSED] - Text '123456789012' is set on object 'Object Repository/RAD_Pages/TaxInfo_Page/input_reTypeNoticeInvoiceNumber'

2024-11-12 17:50:07 - [TEST_STEP][PASSED] - println(notInvNumber): null

2024-11-12 17:50:07 - [TEST_STEP][PASSED] - if (verifyTextPresent(errorMsg, true)): null

2024-11-12 17:50:08 - [MESSAGE][PASSED] - Text 'Notice Number or Invoice Number must be 10, 11, or 13 digits in length, with a value greater than zero' is present on page  using regular expression

2024-11-12 17:50:08 - [TEST_STEP][PASSED] - println("Error Message is present on the page"): null

2024-11-12 17:50:08 - [TEST_STEP][PASSED] - out.println("Pass Record Number: " + row): null

2024-11-12 17:50:08 - [TEST_STEP][PASSED] - resText = "Pass": null

2024-11-12 17:50:08 - [TEST_STEP][PASSED] - pages.WriteExcel.demoKey(resText, datText, resColumn, datCloumn, fileLoc, nameSheet, row): pages.WriteExcel.demoKey is PASSED

2024-11-12 17:50:08 - [MESSAGE][PASSED] - pages.WriteExcel.demoKey is PASSED

2024-11-12 17:50:08 - [TEST_STEP][PASSED] - ExecuteTC = findTestData(dataFile).getValue("Execute", row): null

2024-11-12 17:50:08 - [TEST_STEP][PASSED] - Taxtype = findTestData(dataFile).getValue("TaxType", row): null

2024-11-12 17:50:08 - [TEST_STEP][PASSED] - TaxTypeEL = findTestData(dataFile).getValue("TaxTypeEL", row): null

2024-11-12 17:50:08 - [TEST_STEP][PASSED] - notInvNumber = findTestData(dataFile).getValue("NotiInvoNumber", row): null

2024-11-12 17:50:08 - [TEST_STEP][PASSED] - errorMsg = findTestData(dataFile).getValue("ErrorMessage", row): null

2024-11-12 17:50:08 - [TEST_STEP][PASSED] - out.println("Value of Execute is : " + ExecuteTC): null

2024-11-12 17:50:08 - [TEST_STEP][PASSED] - if (ExecuteTC.equalsIgnoreCase("Y")): null

2024-11-12 17:50:08 - [TEST_STEP][PASSED] - out.println("Begin Record Number: " + row): null

2024-11-12 17:50:08 - [TEST_STEP][PASSED] - today = new java.util.Date(): null

2024-11-12 17:50:08 - [TEST_STEP][PASSED] - println(today): null

2024-11-12 17:50:08 - [TEST_STEP][PASSED] - datText = today: null

2024-11-12 17:50:08 - [TEST_STEP][PASSED] - Taxtype = findTestData(dataFile).getValue("TaxType", row): null

2024-11-12 17:50:08 - [TEST_STEP][PASSED] - out.println("Taxtype value is : " + Taxtype): null

2024-11-12 17:50:08 - [TEST_STEP][PASSED] - openBrowser(""): Browser is opened with url: ''

2024-11-12 17:50:08 - [MESSAGE][WARNING] - A browser is already opened. Closing browser and opening a new one

2024-11-12 17:50:09 - [MESSAGE][INFO] - Starting 'Chrome' driver

2024-11-12 17:50:09 - [MESSAGE][INFO] - User set preference: ['acceptInsecureCerts', 'true']

2024-11-12 17:50:09 - [MESSAGE][INFO] - Action delay is set to 0 milliseconds

2024-11-12 17:50:11 - [MESSAGE][PASSED] - Browser is opened with url: ''

2024-11-12 17:50:11 - [TEST_STEP][PASSED] - maximizeWindow(): Current window maximized

2024-11-12 17:50:11 - [MESSAGE][PASSED] - Current window maximized

2024-11-12 17:50:11 - [TEST_STEP][PASSED] - navigateToUrl(RADurl): Navigate to 'https://www.velocitypayment.com/client/rad/index.html' successfully

2024-11-12 17:50:13 - [MESSAGE][PASSED] - Navigate to 'https://www.velocitypayment.com/client/rad/index.html' successfully

2024-11-12 17:50:13 - [TEST_STEP][PASSED] - orPath_Landing = "Object Repository/RAD_Pages/Landing_Page": null

2024-11-12 17:50:13 - [TEST_STEP][PASSED] - orPath_TaxTypeFilingYear = "Object Repository/RAD_Pages/TaxTypeFilingYear_Page": null

2024-11-12 17:50:13 - [TEST_STEP][PASSED] - orPath_TaxPayer = "Object Repository/RAD_Pages/Taxpayer_Page": null

2024-11-12 17:50:13 - [TEST_STEP][PASSED] - orPath_AddressContact = "Object Repository/RAD_Pages/AddressAndContactInfo_Page": null

2024-11-12 17:50:13 - [TEST_STEP][PASSED] - orPath_FilingStatus = "Object Repository/RAD_Pages/FilingStatus_Page": null

2024-11-12 17:50:13 - [TEST_STEP][PASSED] - orPath_Amount = "Object Repository/RAD_Pages/PaymentAmount_Page": null

2024-11-12 17:50:13 - [TEST_STEP][PASSED] - orPath_TaxInfo = "Object Repository/RAD_Pages/TaxInfo_Page": null

2024-11-12 17:50:13 - [TEST_STEP][PASSED] - orPath_Withholding = "Object Repository/RAD_Pages/Withholding_Page": null

2024-11-12 17:50:13 - [TEST_STEP][PASSED] - orPath_Summary = "Object Repository/RAD_Pages/Summary_Page": null

2024-11-12 17:50:13 - [TEST_STEP][PASSED] - orPath_PaymentReady = "Object Repository/RAD_Pages/PaymentReady_Page": null

2024-11-12 17:50:13 - [TEST_STEP][PASSED] - orPath_PaymentEntry = "Object Repository/RAD_Pages/PaymentEntry_Page": null

2024-11-12 17:50:13 - [TEST_STEP][PASSED] - orPath_PaymentConfirmation = "Object Repository/RAD_Pages/PaymentConfirmation_Page": null

2024-11-12 17:50:13 - [TEST_STEP][PASSED] - orPath_ServiceFeesAccept = "Object Repository/RAD_Pages/ServiceFeeAccept_Page": null

2024-11-12 17:50:13 - [TEST_STEP][PASSED] - selectOptionByLabel(findTestObject(orPath_Landing + "/dd_TaxType"), Taxtype, false): All options with label 'Existing Liability with Notice/Invoice Number' are selected in object 'Object Repository/RAD_Pages/Landing_Page/dd_TaxType' 

2024-11-12 17:50:13 - [MESSAGE][PASSED] - All options with label 'Existing Liability with Notice/Invoice Number' are selected in object 'Object Repository/RAD_Pages/Landing_Page/dd_TaxType' 

2024-11-12 17:50:13 - [TEST_STEP][PASSED] - delay(1): Delayed 1 second(s)

2024-11-12 17:50:14 - [MESSAGE][PASSED] - Delayed 1 second(s)

2024-11-12 17:50:14 - [TEST_STEP][PASSED] - selectOptionByLabel(findTestObject(orPath_TaxTypeFilingYear + "/select_TaxType_ExistingLiability"), TaxTypeEL, false): All options with label 'Tobacco Tax' are selected in object 'Object Repository/RAD_Pages/TaxTypeFilingYear_Page/select_TaxType_ExistingLiability' 

2024-11-12 17:50:15 - [MESSAGE][PASSED] - All options with label 'Tobacco Tax' are selected in object 'Object Repository/RAD_Pages/TaxTypeFilingYear_Page/select_TaxType_ExistingLiability' 

2024-11-12 17:50:15 - [TEST_STEP][PASSED] - setText(findTestObject(orPath_TaxInfo + "/input_NoticeInvoiceNumber"), notInvNumber): Text '0000000000' is set on object 'Object Repository/RAD_Pages/TaxInfo_Page/input_NoticeInvoiceNumber'

2024-11-12 17:50:16 - [MESSAGE][PASSED] - Text '0000000000' is set on object 'Object Repository/RAD_Pages/TaxInfo_Page/input_NoticeInvoiceNumber'

2024-11-12 17:50:16 - [TEST_STEP][PASSED] - setText(findTestObject(orPath_TaxInfo + "/input_reTypeNoticeInvoiceNumber"), notInvNumber): Text '0000000000' is set on object 'Object Repository/RAD_Pages/TaxInfo_Page/input_reTypeNoticeInvoiceNumber'

2024-11-12 17:50:17 - [MESSAGE][PASSED] - Text '0000000000' is set on object 'Object Repository/RAD_Pages/TaxInfo_Page/input_reTypeNoticeInvoiceNumber'

2024-11-12 17:50:17 - [TEST_STEP][PASSED] - println(notInvNumber): null

2024-11-12 17:50:17 - [TEST_STEP][PASSED] - if (verifyTextPresent(errorMsg, true)): null

2024-11-12 17:50:17 - [MESSAGE][PASSED] - Text 'Notice Number or Invoice Number must be 10, 11, or 13 digits in length, with a value greater than zero' is present on page  using regular expression

2024-11-12 17:50:17 - [TEST_STEP][PASSED] - println("Error Message is present on the page"): null

2024-11-12 17:50:17 - [TEST_STEP][PASSED] - out.println("Pass Record Number: " + row): null

2024-11-12 17:50:17 - [TEST_STEP][PASSED] - resText = "Pass": null

2024-11-12 17:50:17 - [TEST_STEP][PASSED] - pages.WriteExcel.demoKey(resText, datText, resColumn, datCloumn, fileLoc, nameSheet, row): pages.WriteExcel.demoKey is PASSED

2024-11-12 17:50:17 - [MESSAGE][PASSED] - pages.WriteExcel.demoKey is PASSED

2024-11-12 17:50:17 - [TEST_STEP][PASSED] - ExecuteTC = findTestData(dataFile).getValue("Execute", row): null

2024-11-12 17:50:17 - [TEST_STEP][PASSED] - Taxtype = findTestData(dataFile).getValue("TaxType", row): null

2024-11-12 17:50:17 - [TEST_STEP][PASSED] - TaxTypeEL = findTestData(dataFile).getValue("TaxTypeEL", row): null

2024-11-12 17:50:17 - [TEST_STEP][PASSED] - notInvNumber = findTestData(dataFile).getValue("NotiInvoNumber", row): null

2024-11-12 17:50:17 - [TEST_STEP][PASSED] - errorMsg = findTestData(dataFile).getValue("ErrorMessage", row): null

2024-11-12 17:50:17 - [TEST_STEP][PASSED] - out.println("Value of Execute is : " + ExecuteTC): null

2024-11-12 17:50:17 - [TEST_STEP][PASSED] - if (ExecuteTC.equalsIgnoreCase("Y")): null

2024-11-12 17:50:17 - [TEST_STEP][PASSED] - out.println("Begin Record Number: " + row): null

2024-11-12 17:50:17 - [TEST_STEP][PASSED] - today = new java.util.Date(): null

2024-11-12 17:50:17 - [TEST_STEP][PASSED] - println(today): null

2024-11-12 17:50:17 - [TEST_STEP][PASSED] - datText = today: null

2024-11-12 17:50:17 - [TEST_STEP][PASSED] - Taxtype = findTestData(dataFile).getValue("TaxType", row): null

2024-11-12 17:50:17 - [TEST_STEP][PASSED] - out.println("Taxtype value is : " + Taxtype): null

2024-11-12 17:50:17 - [TEST_STEP][PASSED] - openBrowser(""): Browser is opened with url: ''

2024-11-12 17:50:17 - [MESSAGE][WARNING] - A browser is already opened. Closing browser and opening a new one

2024-11-12 17:50:19 - [MESSAGE][INFO] - Starting 'Chrome' driver

2024-11-12 17:50:19 - [MESSAGE][INFO] - User set preference: ['acceptInsecureCerts', 'true']

2024-11-12 17:50:19 - [MESSAGE][INFO] - Action delay is set to 0 milliseconds

2024-11-12 17:50:20 - [MESSAGE][PASSED] - Browser is opened with url: ''

2024-11-12 17:50:20 - [TEST_STEP][PASSED] - maximizeWindow(): Current window maximized

2024-11-12 17:50:20 - [MESSAGE][PASSED] - Current window maximized

2024-11-12 17:50:20 - [TEST_STEP][PASSED] - navigateToUrl(RADurl): Navigate to 'https://www.velocitypayment.com/client/rad/index.html' successfully

2024-11-12 17:50:22 - [MESSAGE][PASSED] - Navigate to 'https://www.velocitypayment.com/client/rad/index.html' successfully

2024-11-12 17:50:22 - [TEST_STEP][PASSED] - orPath_Landing = "Object Repository/RAD_Pages/Landing_Page": null

2024-11-12 17:50:22 - [TEST_STEP][PASSED] - orPath_TaxTypeFilingYear = "Object Repository/RAD_Pages/TaxTypeFilingYear_Page": null

2024-11-12 17:50:22 - [TEST_STEP][PASSED] - orPath_TaxPayer = "Object Repository/RAD_Pages/Taxpayer_Page": null

2024-11-12 17:50:22 - [TEST_STEP][PASSED] - orPath_AddressContact = "Object Repository/RAD_Pages/AddressAndContactInfo_Page": null

2024-11-12 17:50:22 - [TEST_STEP][PASSED] - orPath_FilingStatus = "Object Repository/RAD_Pages/FilingStatus_Page": null

2024-11-12 17:50:22 - [TEST_STEP][PASSED] - orPath_Amount = "Object Repository/RAD_Pages/PaymentAmount_Page": null

2024-11-12 17:50:22 - [TEST_STEP][PASSED] - orPath_TaxInfo = "Object Repository/RAD_Pages/TaxInfo_Page": null

2024-11-12 17:50:22 - [TEST_STEP][PASSED] - orPath_Withholding = "Object Repository/RAD_Pages/Withholding_Page": null

2024-11-12 17:50:22 - [TEST_STEP][PASSED] - orPath_Summary = "Object Repository/RAD_Pages/Summary_Page": null

2024-11-12 17:50:22 - [TEST_STEP][PASSED] - orPath_PaymentReady = "Object Repository/RAD_Pages/PaymentReady_Page": null

2024-11-12 17:50:22 - [TEST_STEP][PASSED] - orPath_PaymentEntry = "Object Repository/RAD_Pages/PaymentEntry_Page": null

2024-11-12 17:50:22 - [TEST_STEP][PASSED] - orPath_PaymentConfirmation = "Object Repository/RAD_Pages/PaymentConfirmation_Page": null

2024-11-12 17:50:22 - [TEST_STEP][PASSED] - orPath_ServiceFeesAccept = "Object Repository/RAD_Pages/ServiceFeeAccept_Page": null

2024-11-12 17:50:22 - [TEST_STEP][PASSED] - selectOptionByLabel(findTestObject(orPath_Landing + "/dd_TaxType"), Taxtype, false): All options with label 'Existing Liability with Notice/Invoice Number' are selected in object 'Object Repository/RAD_Pages/Landing_Page/dd_TaxType' 

2024-11-12 17:50:23 - [MESSAGE][PASSED] - All options with label 'Existing Liability with Notice/Invoice Number' are selected in object 'Object Repository/RAD_Pages/Landing_Page/dd_TaxType' 

2024-11-12 17:50:23 - [TEST_STEP][PASSED] - delay(1): Delayed 1 second(s)

2024-11-12 17:50:24 - [MESSAGE][PASSED] - Delayed 1 second(s)

2024-11-12 17:50:24 - [TEST_STEP][PASSED] - selectOptionByLabel(findTestObject(orPath_TaxTypeFilingYear + "/select_TaxType_ExistingLiability"), TaxTypeEL, false): All options with label 'Transportation Network Services' are selected in object 'Object Repository/RAD_Pages/TaxTypeFilingYear_Page/select_TaxType_ExistingLiability' 

2024-11-12 17:50:25 - [MESSAGE][PASSED] - All options with label 'Transportation Network Services' are selected in object 'Object Repository/RAD_Pages/TaxTypeFilingYear_Page/select_TaxType_ExistingLiability' 

2024-11-12 17:50:25 - [TEST_STEP][PASSED] - setText(findTestObject(orPath_TaxInfo + "/input_NoticeInvoiceNumber"), notInvNumber): Text '123456789' is set on object 'Object Repository/RAD_Pages/TaxInfo_Page/input_NoticeInvoiceNumber'

2024-11-12 17:50:26 - [MESSAGE][PASSED] - Text '123456789' is set on object 'Object Repository/RAD_Pages/TaxInfo_Page/input_NoticeInvoiceNumber'

2024-11-12 17:50:26 - [TEST_STEP][PASSED] - setText(findTestObject(orPath_TaxInfo + "/input_reTypeNoticeInvoiceNumber"), notInvNumber): Text '123456789' is set on object 'Object Repository/RAD_Pages/TaxInfo_Page/input_reTypeNoticeInvoiceNumber'

2024-11-12 17:50:27 - [MESSAGE][PASSED] - Text '123456789' is set on object 'Object Repository/RAD_Pages/TaxInfo_Page/input_reTypeNoticeInvoiceNumber'

2024-11-12 17:50:27 - [TEST_STEP][PASSED] - println(notInvNumber): null

2024-11-12 17:50:27 - [TEST_STEP][PASSED] - if (verifyTextPresent(errorMsg, true)): null

2024-11-12 17:50:27 - [MESSAGE][PASSED] - Text 'Notice Number or Invoice Number must be 10, 11, or 13 digits in length, with a value greater than zero' is present on page  using regular expression

2024-11-12 17:50:27 - [TEST_STEP][PASSED] - println("Error Message is present on the page"): null

2024-11-12 17:50:27 - [TEST_STEP][PASSED] - out.println("Pass Record Number: " + row): null

2024-11-12 17:50:27 - [TEST_STEP][PASSED] - resText = "Pass": null

2024-11-12 17:50:27 - [TEST_STEP][PASSED] - pages.WriteExcel.demoKey(resText, datText, resColumn, datCloumn, fileLoc, nameSheet, row): pages.WriteExcel.demoKey is PASSED

2024-11-12 17:50:27 - [MESSAGE][PASSED] - pages.WriteExcel.demoKey is PASSED

2024-11-12 17:50:27 - [TEST_STEP][PASSED] - ExecuteTC = findTestData(dataFile).getValue("Execute", row): null

2024-11-12 17:50:27 - [TEST_STEP][PASSED] - Taxtype = findTestData(dataFile).getValue("TaxType", row): null

2024-11-12 17:50:27 - [TEST_STEP][PASSED] - TaxTypeEL = findTestData(dataFile).getValue("TaxTypeEL", row): null

2024-11-12 17:50:27 - [TEST_STEP][PASSED] - notInvNumber = findTestData(dataFile).getValue("NotiInvoNumber", row): null

2024-11-12 17:50:28 - [TEST_STEP][PASSED] - errorMsg = findTestData(dataFile).getValue("ErrorMessage", row): null

2024-11-12 17:50:28 - [TEST_STEP][PASSED] - out.println("Value of Execute is : " + ExecuteTC): null

2024-11-12 17:50:28 - [TEST_STEP][PASSED] - if (ExecuteTC.equalsIgnoreCase("Y")): null

2024-11-12 17:50:28 - [TEST_STEP][PASSED] - out.println("Begin Record Number: " + row): null

2024-11-12 17:50:28 - [TEST_STEP][PASSED] - today = new java.util.Date(): null

2024-11-12 17:50:28 - [TEST_STEP][PASSED] - println(today): null

2024-11-12 17:50:28 - [TEST_STEP][PASSED] - datText = today: null

2024-11-12 17:50:28 - [TEST_STEP][PASSED] - Taxtype = findTestData(dataFile).getValue("TaxType", row): null

2024-11-12 17:50:28 - [TEST_STEP][PASSED] - out.println("Taxtype value is : " + Taxtype): null

2024-11-12 17:50:28 - [TEST_STEP][PASSED] - openBrowser(""): Browser is opened with url: ''

2024-11-12 17:50:28 - [MESSAGE][WARNING] - A browser is already opened. Closing browser and opening a new one

2024-11-12 17:50:29 - [MESSAGE][INFO] - Starting 'Chrome' driver

2024-11-12 17:50:29 - [MESSAGE][INFO] - User set preference: ['acceptInsecureCerts', 'true']

2024-11-12 17:50:29 - [MESSAGE][INFO] - Action delay is set to 0 milliseconds

2024-11-12 17:50:31 - [MESSAGE][PASSED] - Browser is opened with url: ''

2024-11-12 17:50:31 - [TEST_STEP][PASSED] - maximizeWindow(): Current window maximized

2024-11-12 17:50:31 - [MESSAGE][PASSED] - Current window maximized

2024-11-12 17:50:31 - [TEST_STEP][PASSED] - navigateToUrl(RADurl): Navigate to 'https://www.velocitypayment.com/client/rad/index.html' successfully

2024-11-12 17:50:33 - [MESSAGE][PASSED] - Navigate to 'https://www.velocitypayment.com/client/rad/index.html' successfully

2024-11-12 17:50:33 - [TEST_STEP][PASSED] - orPath_Landing = "Object Repository/RAD_Pages/Landing_Page": null

2024-11-12 17:50:33 - [TEST_STEP][PASSED] - orPath_TaxTypeFilingYear = "Object Repository/RAD_Pages/TaxTypeFilingYear_Page": null

2024-11-12 17:50:33 - [TEST_STEP][PASSED] - orPath_TaxPayer = "Object Repository/RAD_Pages/Taxpayer_Page": null

2024-11-12 17:50:33 - [TEST_STEP][PASSED] - orPath_AddressContact = "Object Repository/RAD_Pages/AddressAndContactInfo_Page": null

2024-11-12 17:50:33 - [TEST_STEP][PASSED] - orPath_FilingStatus = "Object Repository/RAD_Pages/FilingStatus_Page": null

2024-11-12 17:50:33 - [TEST_STEP][PASSED] - orPath_Amount = "Object Repository/RAD_Pages/PaymentAmount_Page": null

2024-11-12 17:50:33 - [TEST_STEP][PASSED] - orPath_TaxInfo = "Object Repository/RAD_Pages/TaxInfo_Page": null

2024-11-12 17:50:33 - [TEST_STEP][PASSED] - orPath_Withholding = "Object Repository/RAD_Pages/Withholding_Page": null

2024-11-12 17:50:33 - [TEST_STEP][PASSED] - orPath_Summary = "Object Repository/RAD_Pages/Summary_Page": null

2024-11-12 17:50:33 - [TEST_STEP][PASSED] - orPath_PaymentReady = "Object Repository/RAD_Pages/PaymentReady_Page": null

2024-11-12 17:50:33 - [TEST_STEP][PASSED] - orPath_PaymentEntry = "Object Repository/RAD_Pages/PaymentEntry_Page": null

2024-11-12 17:50:33 - [TEST_STEP][PASSED] - orPath_PaymentConfirmation = "Object Repository/RAD_Pages/PaymentConfirmation_Page": null

2024-11-12 17:50:33 - [TEST_STEP][PASSED] - orPath_ServiceFeesAccept = "Object Repository/RAD_Pages/ServiceFeeAccept_Page": null

2024-11-12 17:50:33 - [TEST_STEP][PASSED] - selectOptionByLabel(findTestObject(orPath_Landing + "/dd_TaxType"), Taxtype, false): All options with label 'Existing Liability with Notice/Invoice Number' are selected in object 'Object Repository/RAD_Pages/Landing_Page/dd_TaxType' 

2024-11-12 17:50:34 - [MESSAGE][PASSED] - All options with label 'Existing Liability with Notice/Invoice Number' are selected in object 'Object Repository/RAD_Pages/Landing_Page/dd_TaxType' 

2024-11-12 17:50:34 - [TEST_STEP][PASSED] - delay(1): Delayed 1 second(s)

2024-11-12 17:50:35 - [MESSAGE][PASSED] - Delayed 1 second(s)

2024-11-12 17:50:35 - [TEST_STEP][PASSED] - selectOptionByLabel(findTestObject(orPath_TaxTypeFilingYear + "/select_TaxType_ExistingLiability"), TaxTypeEL, false): All options with label 'Transportation Network Services' are selected in object 'Object Repository/RAD_Pages/TaxTypeFilingYear_Page/select_TaxType_ExistingLiability' 

2024-11-12 17:50:36 - [MESSAGE][PASSED] - All options with label 'Transportation Network Services' are selected in object 'Object Repository/RAD_Pages/TaxTypeFilingYear_Page/select_TaxType_ExistingLiability' 

2024-11-12 17:50:36 - [TEST_STEP][PASSED] - setText(findTestObject(orPath_TaxInfo + "/input_NoticeInvoiceNumber"), notInvNumber): Text '123456789012' is set on object 'Object Repository/RAD_Pages/TaxInfo_Page/input_NoticeInvoiceNumber'

2024-11-12 17:50:36 - [MESSAGE][PASSED] - Text '123456789012' is set on object 'Object Repository/RAD_Pages/TaxInfo_Page/input_NoticeInvoiceNumber'

2024-11-12 17:50:36 - [TEST_STEP][PASSED] - setText(findTestObject(orPath_TaxInfo + "/input_reTypeNoticeInvoiceNumber"), notInvNumber): Text '123456789012' is set on object 'Object Repository/RAD_Pages/TaxInfo_Page/input_reTypeNoticeInvoiceNumber'

2024-11-12 17:50:37 - [MESSAGE][PASSED] - Text '123456789012' is set on object 'Object Repository/RAD_Pages/TaxInfo_Page/input_reTypeNoticeInvoiceNumber'

2024-11-12 17:50:37 - [TEST_STEP][PASSED] - println(notInvNumber): null

2024-11-12 17:50:37 - [TEST_STEP][PASSED] - if (verifyTextPresent(errorMsg, true)): null

2024-11-12 17:50:38 - [MESSAGE][PASSED] - Text 'Notice Number or Invoice Number must be 10, 11, or 13 digits in length, with a value greater than zero' is present on page  using regular expression

2024-11-12 17:50:38 - [TEST_STEP][PASSED] - println("Error Message is present on the page"): null

2024-11-12 17:50:38 - [TEST_STEP][PASSED] - out.println("Pass Record Number: " + row): null

2024-11-12 17:50:38 - [TEST_STEP][PASSED] - resText = "Pass": null

2024-11-12 17:50:38 - [TEST_STEP][PASSED] - pages.WriteExcel.demoKey(resText, datText, resColumn, datCloumn, fileLoc, nameSheet, row): pages.WriteExcel.demoKey is PASSED

2024-11-12 17:50:38 - [MESSAGE][PASSED] - pages.WriteExcel.demoKey is PASSED

2024-11-12 17:50:38 - [TEST_STEP][PASSED] - ExecuteTC = findTestData(dataFile).getValue("Execute", row): null

2024-11-12 17:50:38 - [TEST_STEP][PASSED] - Taxtype = findTestData(dataFile).getValue("TaxType", row): null

2024-11-12 17:50:38 - [TEST_STEP][PASSED] - TaxTypeEL = findTestData(dataFile).getValue("TaxTypeEL", row): null

2024-11-12 17:50:38 - [TEST_STEP][PASSED] - notInvNumber = findTestData(dataFile).getValue("NotiInvoNumber", row): null

2024-11-12 17:50:38 - [TEST_STEP][PASSED] - errorMsg = findTestData(dataFile).getValue("ErrorMessage", row): null

2024-11-12 17:50:38 - [TEST_STEP][PASSED] - out.println("Value of Execute is : " + ExecuteTC): null

2024-11-12 17:50:38 - [TEST_STEP][PASSED] - if (ExecuteTC.equalsIgnoreCase("Y")): null

2024-11-12 17:50:38 - [TEST_STEP][PASSED] - out.println("Begin Record Number: " + row): null

2024-11-12 17:50:38 - [TEST_STEP][PASSED] - today = new java.util.Date(): null

2024-11-12 17:50:38 - [TEST_STEP][PASSED] - println(today): null

2024-11-12 17:50:38 - [TEST_STEP][PASSED] - datText = today: null

2024-11-12 17:50:38 - [TEST_STEP][PASSED] - Taxtype = findTestData(dataFile).getValue("TaxType", row): null

2024-11-12 17:50:38 - [TEST_STEP][PASSED] - out.println("Taxtype value is : " + Taxtype): null

2024-11-12 17:50:38 - [TEST_STEP][PASSED] - openBrowser(""): Browser is opened with url: ''

2024-11-12 17:50:38 - [MESSAGE][WARNING] - A browser is already opened. Closing browser and opening a new one

2024-11-12 17:50:39 - [MESSAGE][INFO] - Starting 'Chrome' driver

2024-11-12 17:50:39 - [MESSAGE][INFO] - User set preference: ['acceptInsecureCerts', 'true']

2024-11-12 17:50:39 - [MESSAGE][INFO] - Action delay is set to 0 milliseconds

2024-11-12 17:50:41 - [MESSAGE][PASSED] - Browser is opened with url: ''

2024-11-12 17:50:41 - [TEST_STEP][PASSED] - maximizeWindow(): Current window maximized

2024-11-12 17:50:41 - [MESSAGE][PASSED] - Current window maximized

2024-11-12 17:50:41 - [TEST_STEP][PASSED] - navigateToUrl(RADurl): Navigate to 'https://www.velocitypayment.com/client/rad/index.html' successfully

2024-11-12 17:50:43 - [MESSAGE][PASSED] - Navigate to 'https://www.velocitypayment.com/client/rad/index.html' successfully

2024-11-12 17:50:43 - [TEST_STEP][PASSED] - orPath_Landing = "Object Repository/RAD_Pages/Landing_Page": null

2024-11-12 17:50:43 - [TEST_STEP][PASSED] - orPath_TaxTypeFilingYear = "Object Repository/RAD_Pages/TaxTypeFilingYear_Page": null

2024-11-12 17:50:43 - [TEST_STEP][PASSED] - orPath_TaxPayer = "Object Repository/RAD_Pages/Taxpayer_Page": null

2024-11-12 17:50:43 - [TEST_STEP][PASSED] - orPath_AddressContact = "Object Repository/RAD_Pages/AddressAndContactInfo_Page": null

2024-11-12 17:50:43 - [TEST_STEP][PASSED] - orPath_FilingStatus = "Object Repository/RAD_Pages/FilingStatus_Page": null

2024-11-12 17:50:43 - [TEST_STEP][PASSED] - orPath_Amount = "Object Repository/RAD_Pages/PaymentAmount_Page": null

2024-11-12 17:50:43 - [TEST_STEP][PASSED] - orPath_TaxInfo = "Object Repository/RAD_Pages/TaxInfo_Page": null

2024-11-12 17:50:43 - [TEST_STEP][PASSED] - orPath_Withholding = "Object Repository/RAD_Pages/Withholding_Page": null

2024-11-12 17:50:43 - [TEST_STEP][PASSED] - orPath_Summary = "Object Repository/RAD_Pages/Summary_Page": null

2024-11-12 17:50:43 - [TEST_STEP][PASSED] - orPath_PaymentReady = "Object Repository/RAD_Pages/PaymentReady_Page": null

2024-11-12 17:50:43 - [TEST_STEP][PASSED] - orPath_PaymentEntry = "Object Repository/RAD_Pages/PaymentEntry_Page": null

2024-11-12 17:50:43 - [TEST_STEP][PASSED] - orPath_PaymentConfirmation = "Object Repository/RAD_Pages/PaymentConfirmation_Page": null

2024-11-12 17:50:43 - [TEST_STEP][PASSED] - orPath_ServiceFeesAccept = "Object Repository/RAD_Pages/ServiceFeeAccept_Page": null

2024-11-12 17:50:43 - [TEST_STEP][PASSED] - selectOptionByLabel(findTestObject(orPath_Landing + "/dd_TaxType"), Taxtype, false): All options with label 'Existing Liability with Notice/Invoice Number' are selected in object 'Object Repository/RAD_Pages/Landing_Page/dd_TaxType' 

2024-11-12 17:50:43 - [MESSAGE][PASSED] - All options with label 'Existing Liability with Notice/Invoice Number' are selected in object 'Object Repository/RAD_Pages/Landing_Page/dd_TaxType' 

2024-11-12 17:50:43 - [TEST_STEP][PASSED] - delay(1): Delayed 1 second(s)

2024-11-12 17:50:44 - [MESSAGE][PASSED] - Delayed 1 second(s)

2024-11-12 17:50:44 - [TEST_STEP][PASSED] - selectOptionByLabel(findTestObject(orPath_TaxTypeFilingYear + "/select_TaxType_ExistingLiability"), TaxTypeEL, false): All options with label 'Transportation Network Services' are selected in object 'Object Repository/RAD_Pages/TaxTypeFilingYear_Page/select_TaxType_ExistingLiability' 

2024-11-12 17:50:45 - [MESSAGE][PASSED] - All options with label 'Transportation Network Services' are selected in object 'Object Repository/RAD_Pages/TaxTypeFilingYear_Page/select_TaxType_ExistingLiability' 

2024-11-12 17:50:45 - [TEST_STEP][PASSED] - setText(findTestObject(orPath_TaxInfo + "/input_NoticeInvoiceNumber"), notInvNumber): Text '0000000000' is set on object 'Object Repository/RAD_Pages/TaxInfo_Page/input_NoticeInvoiceNumber'

2024-11-12 17:50:46 - [MESSAGE][PASSED] - Text '0000000000' is set on object 'Object Repository/RAD_Pages/TaxInfo_Page/input_NoticeInvoiceNumber'

2024-11-12 17:50:46 - [TEST_STEP][PASSED] - setText(findTestObject(orPath_TaxInfo + "/input_reTypeNoticeInvoiceNumber"), notInvNumber): Text '0000000000' is set on object 'Object Repository/RAD_Pages/TaxInfo_Page/input_reTypeNoticeInvoiceNumber'

2024-11-12 17:50:47 - [MESSAGE][PASSED] - Text '0000000000' is set on object 'Object Repository/RAD_Pages/TaxInfo_Page/input_reTypeNoticeInvoiceNumber'

2024-11-12 17:50:47 - [TEST_STEP][PASSED] - println(notInvNumber): null

2024-11-12 17:50:47 - [TEST_STEP][PASSED] - if (verifyTextPresent(errorMsg, true)): null

2024-11-12 17:50:47 - [MESSAGE][PASSED] - Text 'Notice Number or Invoice Number must be 10, 11, or 13 digits in length, with a value greater than zero' is present on page  using regular expression

2024-11-12 17:50:47 - [TEST_STEP][PASSED] - println("Error Message is present on the page"): null

2024-11-12 17:50:47 - [TEST_STEP][PASSED] - out.println("Pass Record Number: " + row): null

2024-11-12 17:50:47 - [TEST_STEP][PASSED] - resText = "Pass": null

2024-11-12 17:50:47 - [TEST_STEP][PASSED] - pages.WriteExcel.demoKey(resText, datText, resColumn, datCloumn, fileLoc, nameSheet, row): pages.WriteExcel.demoKey is PASSED

2024-11-12 17:50:47 - [MESSAGE][PASSED] - pages.WriteExcel.demoKey is PASSED

2024-11-12 17:50:47 - [TEST_STEP][PASSED] - ExecuteTC = findTestData(dataFile).getValue("Execute", row): null

2024-11-12 17:50:47 - [TEST_STEP][PASSED] - Taxtype = findTestData(dataFile).getValue("TaxType", row): null

2024-11-12 17:50:47 - [TEST_STEP][PASSED] - TaxTypeEL = findTestData(dataFile).getValue("TaxTypeEL", row): null

2024-11-12 17:50:47 - [TEST_STEP][PASSED] - notInvNumber = findTestData(dataFile).getValue("NotiInvoNumber", row): null

2024-11-12 17:50:47 - [TEST_STEP][PASSED] - errorMsg = findTestData(dataFile).getValue("ErrorMessage", row): null

2024-11-12 17:50:47 - [TEST_STEP][PASSED] - out.println("Value of Execute is : " + ExecuteTC): null

2024-11-12 17:50:47 - [TEST_STEP][PASSED] - if (ExecuteTC.equalsIgnoreCase("Y")): null

2024-11-12 17:50:47 - [TEST_STEP][PASSED] - out.println("Begin Record Number: " + row): null

2024-11-12 17:50:47 - [TEST_STEP][PASSED] - today = new java.util.Date(): null

2024-11-12 17:50:47 - [TEST_STEP][PASSED] - println(today): null

2024-11-12 17:50:47 - [TEST_STEP][PASSED] - datText = today: null

2024-11-12 17:50:47 - [TEST_STEP][PASSED] - Taxtype = findTestData(dataFile).getValue("TaxType", row): null

2024-11-12 17:50:47 - [TEST_STEP][PASSED] - out.println("Taxtype value is : " + Taxtype): null

2024-11-12 17:50:47 - [TEST_STEP][PASSED] - openBrowser(""): Browser is opened with url: ''

2024-11-12 17:50:47 - [MESSAGE][WARNING] - A browser is already opened. Closing browser and opening a new one

2024-11-12 17:50:49 - [MESSAGE][INFO] - Starting 'Chrome' driver

2024-11-12 17:50:49 - [MESSAGE][INFO] - User set preference: ['acceptInsecureCerts', 'true']

2024-11-12 17:50:49 - [MESSAGE][INFO] - Action delay is set to 0 milliseconds

2024-11-12 17:50:50 - [MESSAGE][PASSED] - Browser is opened with url: ''

2024-11-12 17:50:50 - [TEST_STEP][PASSED] - maximizeWindow(): Current window maximized

2024-11-12 17:50:50 - [MESSAGE][PASSED] - Current window maximized

2024-11-12 17:50:50 - [TEST_STEP][PASSED] - navigateToUrl(RADurl): Navigate to 'https://www.velocitypayment.com/client/rad/index.html' successfully

2024-11-12 17:50:52 - [MESSAGE][PASSED] - Navigate to 'https://www.velocitypayment.com/client/rad/index.html' successfully

2024-11-12 17:50:52 - [TEST_STEP][PASSED] - orPath_Landing = "Object Repository/RAD_Pages/Landing_Page": null

2024-11-12 17:50:52 - [TEST_STEP][PASSED] - orPath_TaxTypeFilingYear = "Object Repository/RAD_Pages/TaxTypeFilingYear_Page": null

2024-11-12 17:50:52 - [TEST_STEP][PASSED] - orPath_TaxPayer = "Object Repository/RAD_Pages/Taxpayer_Page": null

2024-11-12 17:50:52 - [TEST_STEP][PASSED] - orPath_AddressContact = "Object Repository/RAD_Pages/AddressAndContactInfo_Page": null

2024-11-12 17:50:52 - [TEST_STEP][PASSED] - orPath_FilingStatus = "Object Repository/RAD_Pages/FilingStatus_Page": null

2024-11-12 17:50:52 - [TEST_STEP][PASSED] - orPath_Amount = "Object Repository/RAD_Pages/PaymentAmount_Page": null

2024-11-12 17:50:52 - [TEST_STEP][PASSED] - orPath_TaxInfo = "Object Repository/RAD_Pages/TaxInfo_Page": null

2024-11-12 17:50:52 - [TEST_STEP][PASSED] - orPath_Withholding = "Object Repository/RAD_Pages/Withholding_Page": null

2024-11-12 17:50:52 - [TEST_STEP][PASSED] - orPath_Summary = "Object Repository/RAD_Pages/Summary_Page": null

2024-11-12 17:50:52 - [TEST_STEP][PASSED] - orPath_PaymentReady = "Object Repository/RAD_Pages/PaymentReady_Page": null

2024-11-12 17:50:52 - [TEST_STEP][PASSED] - orPath_PaymentEntry = "Object Repository/RAD_Pages/PaymentEntry_Page": null

2024-11-12 17:50:52 - [TEST_STEP][PASSED] - orPath_PaymentConfirmation = "Object Repository/RAD_Pages/PaymentConfirmation_Page": null

2024-11-12 17:50:52 - [TEST_STEP][PASSED] - orPath_ServiceFeesAccept = "Object Repository/RAD_Pages/ServiceFeeAccept_Page": null

2024-11-12 17:50:52 - [TEST_STEP][PASSED] - selectOptionByLabel(findTestObject(orPath_Landing + "/dd_TaxType"), Taxtype, false): All options with label 'Existing Liability with Notice/Invoice Number' are selected in object 'Object Repository/RAD_Pages/Landing_Page/dd_TaxType' 

2024-11-12 17:50:53 - [MESSAGE][PASSED] - All options with label 'Existing Liability with Notice/Invoice Number' are selected in object 'Object Repository/RAD_Pages/Landing_Page/dd_TaxType' 

2024-11-12 17:50:53 - [TEST_STEP][PASSED] - delay(1): Delayed 1 second(s)

2024-11-12 17:50:54 - [MESSAGE][PASSED] - Delayed 1 second(s)

2024-11-12 17:50:54 - [TEST_STEP][PASSED] - selectOptionByLabel(findTestObject(orPath_TaxTypeFilingYear + "/select_TaxType_ExistingLiability"), TaxTypeEL, false): All options with label 'Unclaimed Property' are selected in object 'Object Repository/RAD_Pages/TaxTypeFilingYear_Page/select_TaxType_ExistingLiability' 

2024-11-12 17:50:54 - [MESSAGE][PASSED] - All options with label 'Unclaimed Property' are selected in object 'Object Repository/RAD_Pages/TaxTypeFilingYear_Page/select_TaxType_ExistingLiability' 

2024-11-12 17:50:54 - [TEST_STEP][PASSED] - setText(findTestObject(orPath_TaxInfo + "/input_NoticeInvoiceNumber"), notInvNumber): Text '123456789' is set on object 'Object Repository/RAD_Pages/TaxInfo_Page/input_NoticeInvoiceNumber'

2024-11-12 17:50:55 - [MESSAGE][PASSED] - Text '123456789' is set on object 'Object Repository/RAD_Pages/TaxInfo_Page/input_NoticeInvoiceNumber'

2024-11-12 17:50:55 - [TEST_STEP][PASSED] - setText(findTestObject(orPath_TaxInfo + "/input_reTypeNoticeInvoiceNumber"), notInvNumber): Text '123456789' is set on object 'Object Repository/RAD_Pages/TaxInfo_Page/input_reTypeNoticeInvoiceNumber'

2024-11-12 17:50:56 - [MESSAGE][PASSED] - Text '123456789' is set on object 'Object Repository/RAD_Pages/TaxInfo_Page/input_reTypeNoticeInvoiceNumber'

2024-11-12 17:50:56 - [TEST_STEP][PASSED] - println(notInvNumber): null

2024-11-12 17:50:56 - [TEST_STEP][PASSED] - if (verifyTextPresent(errorMsg, true)): null

2024-11-12 17:50:56 - [MESSAGE][PASSED] - Text 'Notice Number or Invoice Number must be 10, 11, or 13 digits in length, with a value greater than zero' is present on page  using regular expression

2024-11-12 17:50:56 - [TEST_STEP][PASSED] - println("Error Message is present on the page"): null

2024-11-12 17:50:56 - [TEST_STEP][PASSED] - out.println("Pass Record Number: " + row): null

2024-11-12 17:50:56 - [TEST_STEP][PASSED] - resText = "Pass": null

2024-11-12 17:50:56 - [TEST_STEP][PASSED] - pages.WriteExcel.demoKey(resText, datText, resColumn, datCloumn, fileLoc, nameSheet, row): pages.WriteExcel.demoKey is PASSED

2024-11-12 17:50:57 - [MESSAGE][PASSED] - pages.WriteExcel.demoKey is PASSED

2024-11-12 17:50:57 - [TEST_STEP][PASSED] - ExecuteTC = findTestData(dataFile).getValue("Execute", row): null

2024-11-12 17:50:57 - [TEST_STEP][PASSED] - Taxtype = findTestData(dataFile).getValue("TaxType", row): null

2024-11-12 17:50:57 - [TEST_STEP][PASSED] - TaxTypeEL = findTestData(dataFile).getValue("TaxTypeEL", row): null

2024-11-12 17:50:57 - [TEST_STEP][PASSED] - notInvNumber = findTestData(dataFile).getValue("NotiInvoNumber", row): null

2024-11-12 17:50:57 - [TEST_STEP][PASSED] - errorMsg = findTestData(dataFile).getValue("ErrorMessage", row): null

2024-11-12 17:50:57 - [TEST_STEP][PASSED] - out.println("Value of Execute is : " + ExecuteTC): null

2024-11-12 17:50:57 - [TEST_STEP][PASSED] - if (ExecuteTC.equalsIgnoreCase("Y")): null

2024-11-12 17:50:57 - [TEST_STEP][PASSED] - out.println("Begin Record Number: " + row): null

2024-11-12 17:50:57 - [TEST_STEP][PASSED] - today = new java.util.Date(): null

2024-11-12 17:50:57 - [TEST_STEP][PASSED] - println(today): null

2024-11-12 17:50:57 - [TEST_STEP][PASSED] - datText = today: null

2024-11-12 17:50:57 - [TEST_STEP][PASSED] - Taxtype = findTestData(dataFile).getValue("TaxType", row): null

2024-11-12 17:50:57 - [TEST_STEP][PASSED] - out.println("Taxtype value is : " + Taxtype): null

2024-11-12 17:50:57 - [TEST_STEP][PASSED] - openBrowser(""): Browser is opened with url: ''

2024-11-12 17:50:57 - [MESSAGE][WARNING] - A browser is already opened. Closing browser and opening a new one

2024-11-12 17:50:59 - [MESSAGE][INFO] - Starting 'Chrome' driver

2024-11-12 17:50:59 - [MESSAGE][INFO] - User set preference: ['acceptInsecureCerts', 'true']

2024-11-12 17:50:59 - [MESSAGE][INFO] - Action delay is set to 0 milliseconds

2024-11-12 17:51:01 - [MESSAGE][PASSED] - Browser is opened with url: ''

2024-11-12 17:51:01 - [TEST_STEP][PASSED] - maximizeWindow(): Current window maximized

2024-11-12 17:51:01 - [MESSAGE][PASSED] - Current window maximized

2024-11-12 17:51:01 - [TEST_STEP][PASSED] - navigateToUrl(RADurl): Navigate to 'https://www.velocitypayment.com/client/rad/index.html' successfully

2024-11-12 17:51:01 - [MESSAGE][PASSED] - Navigate to 'https://www.velocitypayment.com/client/rad/index.html' successfully

2024-11-12 17:51:01 - [TEST_STEP][PASSED] - orPath_Landing = "Object Repository/RAD_Pages/Landing_Page": null

2024-11-12 17:51:01 - [TEST_STEP][PASSED] - orPath_TaxTypeFilingYear = "Object Repository/RAD_Pages/TaxTypeFilingYear_Page": null

2024-11-12 17:51:01 - [TEST_STEP][PASSED] - orPath_TaxPayer = "Object Repository/RAD_Pages/Taxpayer_Page": null

2024-11-12 17:51:01 - [TEST_STEP][PASSED] - orPath_AddressContact = "Object Repository/RAD_Pages/AddressAndContactInfo_Page": null

2024-11-12 17:51:01 - [TEST_STEP][PASSED] - orPath_FilingStatus = "Object Repository/RAD_Pages/FilingStatus_Page": null

2024-11-12 17:51:01 - [TEST_STEP][PASSED] - orPath_Amount = "Object Repository/RAD_Pages/PaymentAmount_Page": null

2024-11-12 17:51:01 - [TEST_STEP][PASSED] - orPath_TaxInfo = "Object Repository/RAD_Pages/TaxInfo_Page": null

2024-11-12 17:51:01 - [TEST_STEP][PASSED] - orPath_Withholding = "Object Repository/RAD_Pages/Withholding_Page": null

2024-11-12 17:51:01 - [TEST_STEP][PASSED] - orPath_Summary = "Object Repository/RAD_Pages/Summary_Page": null

2024-11-12 17:51:01 - [TEST_STEP][PASSED] - orPath_PaymentReady = "Object Repository/RAD_Pages/PaymentReady_Page": null

2024-11-12 17:51:01 - [TEST_STEP][PASSED] - orPath_PaymentEntry = "Object Repository/RAD_Pages/PaymentEntry_Page": null

2024-11-12 17:51:01 - [TEST_STEP][PASSED] - orPath_PaymentConfirmation = "Object Repository/RAD_Pages/PaymentConfirmation_Page": null

2024-11-12 17:51:01 - [TEST_STEP][PASSED] - orPath_ServiceFeesAccept = "Object Repository/RAD_Pages/ServiceFeeAccept_Page": null

2024-11-12 17:51:01 - [TEST_STEP][PASSED] - selectOptionByLabel(findTestObject(orPath_Landing + "/dd_TaxType"), Taxtype, false): All options with label 'Existing Liability with Notice/Invoice Number' are selected in object 'Object Repository/RAD_Pages/Landing_Page/dd_TaxType' 

2024-11-12 17:51:03 - [MESSAGE][PASSED] - All options with label 'Existing Liability with Notice/Invoice Number' are selected in object 'Object Repository/RAD_Pages/Landing_Page/dd_TaxType' 

2024-11-12 17:51:03 - [TEST_STEP][PASSED] - delay(1): Delayed 1 second(s)

2024-11-12 17:51:04 - [MESSAGE][PASSED] - Delayed 1 second(s)

2024-11-12 17:51:04 - [TEST_STEP][PASSED] - selectOptionByLabel(findTestObject(orPath_TaxTypeFilingYear + "/select_TaxType_ExistingLiability"), TaxTypeEL, false): All options with label 'Unclaimed Property' are selected in object 'Object Repository/RAD_Pages/TaxTypeFilingYear_Page/select_TaxType_ExistingLiability' 

2024-11-12 17:51:05 - [MESSAGE][PASSED] - All options with label 'Unclaimed Property' are selected in object 'Object Repository/RAD_Pages/TaxTypeFilingYear_Page/select_TaxType_ExistingLiability' 

2024-11-12 17:51:05 - [TEST_STEP][PASSED] - setText(findTestObject(orPath_TaxInfo + "/input_NoticeInvoiceNumber"), notInvNumber): Text '123456789012' is set on object 'Object Repository/RAD_Pages/TaxInfo_Page/input_NoticeInvoiceNumber'

2024-11-12 17:51:06 - [MESSAGE][PASSED] - Text '123456789012' is set on object 'Object Repository/RAD_Pages/TaxInfo_Page/input_NoticeInvoiceNumber'

2024-11-12 17:51:06 - [TEST_STEP][PASSED] - setText(findTestObject(orPath_TaxInfo + "/input_reTypeNoticeInvoiceNumber"), notInvNumber): Text '123456789012' is set on object 'Object Repository/RAD_Pages/TaxInfo_Page/input_reTypeNoticeInvoiceNumber'

2024-11-12 17:51:07 - [MESSAGE][PASSED] - Text '123456789012' is set on object 'Object Repository/RAD_Pages/TaxInfo_Page/input_reTypeNoticeInvoiceNumber'

2024-11-12 17:51:07 - [TEST_STEP][PASSED] - println(notInvNumber): null

2024-11-12 17:51:07 - [TEST_STEP][PASSED] - if (verifyTextPresent(errorMsg, true)): null

2024-11-12 17:51:07 - [MESSAGE][PASSED] - Text 'Notice Number or Invoice Number must be 10, 11, or 13 digits in length, with a value greater than zero' is present on page  using regular expression

2024-11-12 17:51:07 - [TEST_STEP][PASSED] - println("Error Message is present on the page"): null

2024-11-12 17:51:07 - [TEST_STEP][PASSED] - out.println("Pass Record Number: " + row): null

2024-11-12 17:51:07 - [TEST_STEP][PASSED] - resText = "Pass": null

2024-11-12 17:51:07 - [TEST_STEP][PASSED] - pages.WriteExcel.demoKey(resText, datText, resColumn, datCloumn, fileLoc, nameSheet, row): pages.WriteExcel.demoKey is PASSED

2024-11-12 17:51:07 - [MESSAGE][PASSED] - pages.WriteExcel.demoKey is PASSED

2024-11-12 17:51:07 - [TEST_STEP][PASSED] - ExecuteTC = findTestData(dataFile).getValue("Execute", row): null

2024-11-12 17:51:07 - [TEST_STEP][PASSED] - Taxtype = findTestData(dataFile).getValue("TaxType", row): null

2024-11-12 17:51:07 - [TEST_STEP][PASSED] - TaxTypeEL = findTestData(dataFile).getValue("TaxTypeEL", row): null

2024-11-12 17:51:07 - [TEST_STEP][PASSED] - notInvNumber = findTestData(dataFile).getValue("NotiInvoNumber", row): null

2024-11-12 17:51:07 - [TEST_STEP][PASSED] - errorMsg = findTestData(dataFile).getValue("ErrorMessage", row): null

2024-11-12 17:51:07 - [TEST_STEP][PASSED] - out.println("Value of Execute is : " + ExecuteTC): null

2024-11-12 17:51:07 - [TEST_STEP][PASSED] - if (ExecuteTC.equalsIgnoreCase("Y")): null

2024-11-12 17:51:07 - [TEST_STEP][PASSED] - out.println("Begin Record Number: " + row): null

2024-11-12 17:51:07 - [TEST_STEP][PASSED] - today = new java.util.Date(): null

2024-11-12 17:51:07 - [TEST_STEP][PASSED] - println(today): null

2024-11-12 17:51:07 - [TEST_STEP][PASSED] - datText = today: null

2024-11-12 17:51:07 - [TEST_STEP][PASSED] - Taxtype = findTestData(dataFile).getValue("TaxType", row): null

2024-11-12 17:51:07 - [TEST_STEP][PASSED] - out.println("Taxtype value is : " + Taxtype): null

2024-11-12 17:51:07 - [TEST_STEP][PASSED] - openBrowser(""): Browser is opened with url: ''

2024-11-12 17:51:07 - [MESSAGE][WARNING] - A browser is already opened. Closing browser and opening a new one

2024-11-12 17:51:08 - [MESSAGE][INFO] - Starting 'Chrome' driver

2024-11-12 17:51:08 - [MESSAGE][INFO] - User set preference: ['acceptInsecureCerts', 'true']

2024-11-12 17:51:08 - [MESSAGE][INFO] - Action delay is set to 0 milliseconds

2024-11-12 17:51:10 - [MESSAGE][PASSED] - Browser is opened with url: ''

2024-11-12 17:51:10 - [TEST_STEP][PASSED] - maximizeWindow(): Current window maximized

2024-11-12 17:51:10 - [MESSAGE][PASSED] - Current window maximized

2024-11-12 17:51:10 - [TEST_STEP][PASSED] - navigateToUrl(RADurl): Navigate to 'https://www.velocitypayment.com/client/rad/index.html' successfully

2024-11-12 17:51:12 - [MESSAGE][PASSED] - Navigate to 'https://www.velocitypayment.com/client/rad/index.html' successfully

2024-11-12 17:51:12 - [TEST_STEP][PASSED] - orPath_Landing = "Object Repository/RAD_Pages/Landing_Page": null

2024-11-12 17:51:12 - [TEST_STEP][PASSED] - orPath_TaxTypeFilingYear = "Object Repository/RAD_Pages/TaxTypeFilingYear_Page": null

2024-11-12 17:51:12 - [TEST_STEP][PASSED] - orPath_TaxPayer = "Object Repository/RAD_Pages/Taxpayer_Page": null

2024-11-12 17:51:12 - [TEST_STEP][PASSED] - orPath_AddressContact = "Object Repository/RAD_Pages/AddressAndContactInfo_Page": null

2024-11-12 17:51:12 - [TEST_STEP][PASSED] - orPath_FilingStatus = "Object Repository/RAD_Pages/FilingStatus_Page": null

2024-11-12 17:51:12 - [TEST_STEP][PASSED] - orPath_Amount = "Object Repository/RAD_Pages/PaymentAmount_Page": null

2024-11-12 17:51:12 - [TEST_STEP][PASSED] - orPath_TaxInfo = "Object Repository/RAD_Pages/TaxInfo_Page": null

2024-11-12 17:51:12 - [TEST_STEP][PASSED] - orPath_Withholding = "Object Repository/RAD_Pages/Withholding_Page": null

2024-11-12 17:51:12 - [TEST_STEP][PASSED] - orPath_Summary = "Object Repository/RAD_Pages/Summary_Page": null

2024-11-12 17:51:12 - [TEST_STEP][PASSED] - orPath_PaymentReady = "Object Repository/RAD_Pages/PaymentReady_Page": null

2024-11-12 17:51:12 - [TEST_STEP][PASSED] - orPath_PaymentEntry = "Object Repository/RAD_Pages/PaymentEntry_Page": null

2024-11-12 17:51:12 - [TEST_STEP][PASSED] - orPath_PaymentConfirmation = "Object Repository/RAD_Pages/PaymentConfirmation_Page": null

2024-11-12 17:51:12 - [TEST_STEP][PASSED] - orPath_ServiceFeesAccept = "Object Repository/RAD_Pages/ServiceFeeAccept_Page": null

2024-11-12 17:51:12 - [TEST_STEP][PASSED] - selectOptionByLabel(findTestObject(orPath_Landing + "/dd_TaxType"), Taxtype, false): All options with label 'Existing Liability with Notice/Invoice Number' are selected in object 'Object Repository/RAD_Pages/Landing_Page/dd_TaxType' 

2024-11-12 17:51:12 - [MESSAGE][PASSED] - All options with label 'Existing Liability with Notice/Invoice Number' are selected in object 'Object Repository/RAD_Pages/Landing_Page/dd_TaxType' 

2024-11-12 17:51:12 - [TEST_STEP][PASSED] - delay(1): Delayed 1 second(s)

2024-11-12 17:51:13 - [MESSAGE][PASSED] - Delayed 1 second(s)

2024-11-12 17:51:13 - [TEST_STEP][PASSED] - selectOptionByLabel(findTestObject(orPath_TaxTypeFilingYear + "/select_TaxType_ExistingLiability"), TaxTypeEL, false): All options with label 'Unclaimed Property' are selected in object 'Object Repository/RAD_Pages/TaxTypeFilingYear_Page/select_TaxType_ExistingLiability' 

2024-11-12 17:51:14 - [MESSAGE][PASSED] - All options with label 'Unclaimed Property' are selected in object 'Object Repository/RAD_Pages/TaxTypeFilingYear_Page/select_TaxType_ExistingLiability' 

2024-11-12 17:51:14 - [TEST_STEP][PASSED] - setText(findTestObject(orPath_TaxInfo + "/input_NoticeInvoiceNumber"), notInvNumber): Text '0000000000' is set on object 'Object Repository/RAD_Pages/TaxInfo_Page/input_NoticeInvoiceNumber'

2024-11-12 17:51:15 - [MESSAGE][PASSED] - Text '0000000000' is set on object 'Object Repository/RAD_Pages/TaxInfo_Page/input_NoticeInvoiceNumber'

2024-11-12 17:51:15 - [TEST_STEP][PASSED] - setText(findTestObject(orPath_TaxInfo + "/input_reTypeNoticeInvoiceNumber"), notInvNumber): Text '0000000000' is set on object 'Object Repository/RAD_Pages/TaxInfo_Page/input_reTypeNoticeInvoiceNumber'

2024-11-12 17:51:16 - [MESSAGE][PASSED] - Text '0000000000' is set on object 'Object Repository/RAD_Pages/TaxInfo_Page/input_reTypeNoticeInvoiceNumber'

2024-11-12 17:51:16 - [TEST_STEP][PASSED] - println(notInvNumber): null

2024-11-12 17:51:16 - [TEST_STEP][PASSED] - if (verifyTextPresent(errorMsg, true)): null

2024-11-12 17:51:16 - [MESSAGE][PASSED] - Text 'Notice Number or Invoice Number must be 10, 11, or 13 digits in length, with a value greater than zero' is present on page  using regular expression

2024-11-12 17:51:16 - [TEST_STEP][PASSED] - println("Error Message is present on the page"): null

2024-11-12 17:51:16 - [TEST_STEP][PASSED] - out.println("Pass Record Number: " + row): null

2024-11-12 17:51:16 - [TEST_STEP][PASSED] - resText = "Pass": null

2024-11-12 17:51:16 - [TEST_STEP][PASSED] - pages.WriteExcel.demoKey(resText, datText, resColumn, datCloumn, fileLoc, nameSheet, row): pages.WriteExcel.demoKey is PASSED

2024-11-12 17:51:16 - [MESSAGE][PASSED] - pages.WriteExcel.demoKey is PASSED

2024-11-12 17:51:16 - [TEST_STEP][PASSED] - ExecuteTC = findTestData(dataFile).getValue("Execute", row): null

2024-11-12 17:51:16 - [TEST_STEP][PASSED] - Taxtype = findTestData(dataFile).getValue("TaxType", row): null

2024-11-12 17:51:16 - [TEST_STEP][PASSED] - TaxTypeEL = findTestData(dataFile).getValue("TaxTypeEL", row): null

2024-11-12 17:51:16 - [TEST_STEP][PASSED] - notInvNumber = findTestData(dataFile).getValue("NotiInvoNumber", row): null

2024-11-12 17:51:16 - [TEST_STEP][PASSED] - errorMsg = findTestData(dataFile).getValue("ErrorMessage", row): null

2024-11-12 17:51:16 - [TEST_STEP][PASSED] - out.println("Value of Execute is : " + ExecuteTC): null

2024-11-12 17:51:16 - [TEST_STEP][PASSED] - if (ExecuteTC.equalsIgnoreCase("Y")): null

2024-11-12 17:51:16 - [TEST_STEP][PASSED] - out.println("Begin Record Number: " + row): null

2024-11-12 17:51:16 - [TEST_STEP][PASSED] - today = new java.util.Date(): null

2024-11-12 17:51:16 - [TEST_STEP][PASSED] - println(today): null

2024-11-12 17:51:16 - [TEST_STEP][PASSED] - datText = today: null

2024-11-12 17:51:16 - [TEST_STEP][PASSED] - Taxtype = findTestData(dataFile).getValue("TaxType", row): null

2024-11-12 17:51:16 - [TEST_STEP][PASSED] - out.println("Taxtype value is : " + Taxtype): null

2024-11-12 17:51:16 - [TEST_STEP][PASSED] - openBrowser(""): Browser is opened with url: ''

2024-11-12 17:51:16 - [MESSAGE][WARNING] - A browser is already opened. Closing browser and opening a new one

2024-11-12 17:51:18 - [MESSAGE][INFO] - Starting 'Chrome' driver

2024-11-12 17:51:18 - [MESSAGE][INFO] - User set preference: ['acceptInsecureCerts', 'true']

2024-11-12 17:51:18 - [MESSAGE][INFO] - Action delay is set to 0 milliseconds

2024-11-12 17:51:19 - [MESSAGE][PASSED] - Browser is opened with url: ''

2024-11-12 17:51:19 - [TEST_STEP][PASSED] - maximizeWindow(): Current window maximized

2024-11-12 17:51:19 - [MESSAGE][PASSED] - Current window maximized

2024-11-12 17:51:19 - [TEST_STEP][PASSED] - navigateToUrl(RADurl): Navigate to 'https://www.velocitypayment.com/client/rad/index.html' successfully

2024-11-12 17:51:21 - [MESSAGE][PASSED] - Navigate to 'https://www.velocitypayment.com/client/rad/index.html' successfully

2024-11-12 17:51:21 - [TEST_STEP][PASSED] - orPath_Landing = "Object Repository/RAD_Pages/Landing_Page": null

2024-11-12 17:51:21 - [TEST_STEP][PASSED] - orPath_TaxTypeFilingYear = "Object Repository/RAD_Pages/TaxTypeFilingYear_Page": null

2024-11-12 17:51:21 - [TEST_STEP][PASSED] - orPath_TaxPayer = "Object Repository/RAD_Pages/Taxpayer_Page": null

2024-11-12 17:51:21 - [TEST_STEP][PASSED] - orPath_AddressContact = "Object Repository/RAD_Pages/AddressAndContactInfo_Page": null

2024-11-12 17:51:21 - [TEST_STEP][PASSED] - orPath_FilingStatus = "Object Repository/RAD_Pages/FilingStatus_Page": null

2024-11-12 17:51:21 - [TEST_STEP][PASSED] - orPath_Amount = "Object Repository/RAD_Pages/PaymentAmount_Page": null

2024-11-12 17:51:21 - [TEST_STEP][PASSED] - orPath_TaxInfo = "Object Repository/RAD_Pages/TaxInfo_Page": null

2024-11-12 17:51:21 - [TEST_STEP][PASSED] - orPath_Withholding = "Object Repository/RAD_Pages/Withholding_Page": null

2024-11-12 17:51:21 - [TEST_STEP][PASSED] - orPath_Summary = "Object Repository/RAD_Pages/Summary_Page": null

2024-11-12 17:51:21 - [TEST_STEP][PASSED] - orPath_PaymentReady = "Object Repository/RAD_Pages/PaymentReady_Page": null

2024-11-12 17:51:21 - [TEST_STEP][PASSED] - orPath_PaymentEntry = "Object Repository/RAD_Pages/PaymentEntry_Page": null

2024-11-12 17:51:21 - [TEST_STEP][PASSED] - orPath_PaymentConfirmation = "Object Repository/RAD_Pages/PaymentConfirmation_Page": null

2024-11-12 17:51:21 - [TEST_STEP][PASSED] - orPath_ServiceFeesAccept = "Object Repository/RAD_Pages/ServiceFeeAccept_Page": null

2024-11-12 17:51:21 - [TEST_STEP][PASSED] - selectOptionByLabel(findTestObject(orPath_Landing + "/dd_TaxType"), Taxtype, false): All options with label 'Existing Liability with Notice/Invoice Number' are selected in object 'Object Repository/RAD_Pages/Landing_Page/dd_TaxType' 

2024-11-12 17:51:22 - [MESSAGE][PASSED] - All options with label 'Existing Liability with Notice/Invoice Number' are selected in object 'Object Repository/RAD_Pages/Landing_Page/dd_TaxType' 

2024-11-12 17:51:22 - [TEST_STEP][PASSED] - delay(1): Delayed 1 second(s)

2024-11-12 17:51:23 - [MESSAGE][PASSED] - Delayed 1 second(s)

2024-11-12 17:51:23 - [TEST_STEP][PASSED] - selectOptionByLabel(findTestObject(orPath_TaxTypeFilingYear + "/select_TaxType_ExistingLiability"), TaxTypeEL, false): All options with label 'IFTA Tax' are selected in object 'Object Repository/RAD_Pages/TaxTypeFilingYear_Page/select_TaxType_ExistingLiability' 

2024-11-12 17:51:24 - [MESSAGE][PASSED] - All options with label 'IFTA Tax' are selected in object 'Object Repository/RAD_Pages/TaxTypeFilingYear_Page/select_TaxType_ExistingLiability' 

2024-11-12 17:51:24 - [TEST_STEP][PASSED] - setText(findTestObject(orPath_TaxInfo + "/input_NoticeInvoiceNumber"), notInvNumber): Text '123456789' is set on object 'Object Repository/RAD_Pages/TaxInfo_Page/input_NoticeInvoiceNumber'

2024-11-12 17:51:24 - [MESSAGE][PASSED] - Text '123456789' is set on object 'Object Repository/RAD_Pages/TaxInfo_Page/input_NoticeInvoiceNumber'

2024-11-12 17:51:24 - [TEST_STEP][PASSED] - setText(findTestObject(orPath_TaxInfo + "/input_reTypeNoticeInvoiceNumber"), notInvNumber): Text '123456789' is set on object 'Object Repository/RAD_Pages/TaxInfo_Page/input_reTypeNoticeInvoiceNumber'

2024-11-12 17:51:25 - [MESSAGE][PASSED] - Text '123456789' is set on object 'Object Repository/RAD_Pages/TaxInfo_Page/input_reTypeNoticeInvoiceNumber'

2024-11-12 17:51:25 - [TEST_STEP][PASSED] - println(notInvNumber): null

2024-11-12 17:51:25 - [TEST_STEP][PASSED] - if (verifyTextPresent(errorMsg, true)): null

2024-11-12 17:51:26 - [MESSAGE][PASSED] - Text 'Notice Number or Invoice Number must be 10, 11, or 13 digits in length, with a value greater than zero' is present on page  using regular expression

2024-11-12 17:51:26 - [TEST_STEP][PASSED] - println("Error Message is present on the page"): null

2024-11-12 17:51:26 - [TEST_STEP][PASSED] - out.println("Pass Record Number: " + row): null

2024-11-12 17:51:26 - [TEST_STEP][PASSED] - resText = "Pass": null

2024-11-12 17:51:26 - [TEST_STEP][PASSED] - pages.WriteExcel.demoKey(resText, datText, resColumn, datCloumn, fileLoc, nameSheet, row): pages.WriteExcel.demoKey is PASSED

2024-11-12 17:51:26 - [MESSAGE][PASSED] - pages.WriteExcel.demoKey is PASSED

2024-11-12 17:51:26 - [TEST_STEP][PASSED] - ExecuteTC = findTestData(dataFile).getValue("Execute", row): null

2024-11-12 17:51:26 - [TEST_STEP][PASSED] - Taxtype = findTestData(dataFile).getValue("TaxType", row): null

2024-11-12 17:51:26 - [TEST_STEP][PASSED] - TaxTypeEL = findTestData(dataFile).getValue("TaxTypeEL", row): null

2024-11-12 17:51:26 - [TEST_STEP][PASSED] - notInvNumber = findTestData(dataFile).getValue("NotiInvoNumber", row): null

2024-11-12 17:51:26 - [TEST_STEP][PASSED] - errorMsg = findTestData(dataFile).getValue("ErrorMessage", row): null

2024-11-12 17:51:26 - [TEST_STEP][PASSED] - out.println("Value of Execute is : " + ExecuteTC): null

2024-11-12 17:51:26 - [TEST_STEP][PASSED] - if (ExecuteTC.equalsIgnoreCase("Y")): null

2024-11-12 17:51:26 - [TEST_STEP][PASSED] - out.println("Begin Record Number: " + row): null

2024-11-12 17:51:26 - [TEST_STEP][PASSED] - today = new java.util.Date(): null

2024-11-12 17:51:26 - [TEST_STEP][PASSED] - println(today): null

2024-11-12 17:51:26 - [TEST_STEP][PASSED] - datText = today: null

2024-11-12 17:51:26 - [TEST_STEP][PASSED] - Taxtype = findTestData(dataFile).getValue("TaxType", row): null

2024-11-12 17:51:26 - [TEST_STEP][PASSED] - out.println("Taxtype value is : " + Taxtype): null

2024-11-12 17:51:26 - [TEST_STEP][PASSED] - openBrowser(""): Browser is opened with url: ''

2024-11-12 17:51:26 - [MESSAGE][WARNING] - A browser is already opened. Closing browser and opening a new one

2024-11-12 17:51:27 - [MESSAGE][INFO] - Starting 'Chrome' driver

2024-11-12 17:51:27 - [MESSAGE][INFO] - User set preference: ['acceptInsecureCerts', 'true']

2024-11-12 17:51:27 - [MESSAGE][INFO] - Action delay is set to 0 milliseconds

2024-11-12 17:51:29 - [MESSAGE][PASSED] - Browser is opened with url: ''

2024-11-12 17:51:29 - [TEST_STEP][PASSED] - maximizeWindow(): Current window maximized

2024-11-12 17:51:29 - [MESSAGE][PASSED] - Current window maximized

2024-11-12 17:51:29 - [TEST_STEP][PASSED] - navigateToUrl(RADurl): Navigate to 'https://www.velocitypayment.com/client/rad/index.html' successfully

2024-11-12 17:51:30 - [MESSAGE][PASSED] - Navigate to 'https://www.velocitypayment.com/client/rad/index.html' successfully

2024-11-12 17:51:30 - [TEST_STEP][PASSED] - orPath_Landing = "Object Repository/RAD_Pages/Landing_Page": null

2024-11-12 17:51:30 - [TEST_STEP][PASSED] - orPath_TaxTypeFilingYear = "Object Repository/RAD_Pages/TaxTypeFilingYear_Page": null

2024-11-12 17:51:30 - [TEST_STEP][PASSED] - orPath_TaxPayer = "Object Repository/RAD_Pages/Taxpayer_Page": null

2024-11-12 17:51:30 - [TEST_STEP][PASSED] - orPath_AddressContact = "Object Repository/RAD_Pages/AddressAndContactInfo_Page": null

2024-11-12 17:51:30 - [TEST_STEP][PASSED] - orPath_FilingStatus = "Object Repository/RAD_Pages/FilingStatus_Page": null

2024-11-12 17:51:30 - [TEST_STEP][PASSED] - orPath_Amount = "Object Repository/RAD_Pages/PaymentAmount_Page": null

2024-11-12 17:51:30 - [TEST_STEP][PASSED] - orPath_TaxInfo = "Object Repository/RAD_Pages/TaxInfo_Page": null

2024-11-12 17:51:30 - [TEST_STEP][PASSED] - orPath_Withholding = "Object Repository/RAD_Pages/Withholding_Page": null

2024-11-12 17:51:30 - [TEST_STEP][PASSED] - orPath_Summary = "Object Repository/RAD_Pages/Summary_Page": null

2024-11-12 17:51:30 - [TEST_STEP][PASSED] - orPath_PaymentReady = "Object Repository/RAD_Pages/PaymentReady_Page": null

2024-11-12 17:51:30 - [TEST_STEP][PASSED] - orPath_PaymentEntry = "Object Repository/RAD_Pages/PaymentEntry_Page": null

2024-11-12 17:51:30 - [TEST_STEP][PASSED] - orPath_PaymentConfirmation = "Object Repository/RAD_Pages/PaymentConfirmation_Page": null

2024-11-12 17:51:30 - [TEST_STEP][PASSED] - orPath_ServiceFeesAccept = "Object Repository/RAD_Pages/ServiceFeeAccept_Page": null

2024-11-12 17:51:30 - [TEST_STEP][PASSED] - selectOptionByLabel(findTestObject(orPath_Landing + "/dd_TaxType"), Taxtype, false): All options with label 'Existing Liability with Notice/Invoice Number' are selected in object 'Object Repository/RAD_Pages/Landing_Page/dd_TaxType' 

2024-11-12 17:51:31 - [MESSAGE][PASSED] - All options with label 'Existing Liability with Notice/Invoice Number' are selected in object 'Object Repository/RAD_Pages/Landing_Page/dd_TaxType' 

2024-11-12 17:51:31 - [TEST_STEP][PASSED] - delay(1): Delayed 1 second(s)

2024-11-12 17:51:32 - [MESSAGE][PASSED] - Delayed 1 second(s)

2024-11-12 17:51:32 - [TEST_STEP][PASSED] - selectOptionByLabel(findTestObject(orPath_TaxTypeFilingYear + "/select_TaxType_ExistingLiability"), TaxTypeEL, false): All options with label 'IFTA Tax' are selected in object 'Object Repository/RAD_Pages/TaxTypeFilingYear_Page/select_TaxType_ExistingLiability' 

2024-11-12 17:51:33 - [MESSAGE][PASSED] - All options with label 'IFTA Tax' are selected in object 'Object Repository/RAD_Pages/TaxTypeFilingYear_Page/select_TaxType_ExistingLiability' 

2024-11-12 17:51:33 - [TEST_STEP][PASSED] - setText(findTestObject(orPath_TaxInfo + "/input_NoticeInvoiceNumber"), notInvNumber): Text '123456789012' is set on object 'Object Repository/RAD_Pages/TaxInfo_Page/input_NoticeInvoiceNumber'

2024-11-12 17:51:34 - [MESSAGE][PASSED] - Text '123456789012' is set on object 'Object Repository/RAD_Pages/TaxInfo_Page/input_NoticeInvoiceNumber'

2024-11-12 17:51:34 - [TEST_STEP][PASSED] - setText(findTestObject(orPath_TaxInfo + "/input_reTypeNoticeInvoiceNumber"), notInvNumber): Text '123456789012' is set on object 'Object Repository/RAD_Pages/TaxInfo_Page/input_reTypeNoticeInvoiceNumber'

2024-11-12 17:51:34 - [MESSAGE][PASSED] - Text '123456789012' is set on object 'Object Repository/RAD_Pages/TaxInfo_Page/input_reTypeNoticeInvoiceNumber'

2024-11-12 17:51:34 - [TEST_STEP][PASSED] - println(notInvNumber): null

2024-11-12 17:51:34 - [TEST_STEP][PASSED] - if (verifyTextPresent(errorMsg, true)): null

2024-11-12 17:51:35 - [MESSAGE][PASSED] - Text 'Notice Number or Invoice Number must be 10, 11, or 13 digits in length, with a value greater than zero' is present on page  using regular expression

2024-11-12 17:51:35 - [TEST_STEP][PASSED] - println("Error Message is present on the page"): null

2024-11-12 17:51:35 - [TEST_STEP][PASSED] - out.println("Pass Record Number: " + row): null

2024-11-12 17:51:35 - [TEST_STEP][PASSED] - resText = "Pass": null

2024-11-12 17:51:35 - [TEST_STEP][PASSED] - pages.WriteExcel.demoKey(resText, datText, resColumn, datCloumn, fileLoc, nameSheet, row): pages.WriteExcel.demoKey is PASSED

2024-11-12 17:51:35 - [MESSAGE][PASSED] - pages.WriteExcel.demoKey is PASSED

2024-11-12 17:51:35 - [TEST_STEP][PASSED] - ExecuteTC = findTestData(dataFile).getValue("Execute", row): null

2024-11-12 17:51:35 - [TEST_STEP][PASSED] - Taxtype = findTestData(dataFile).getValue("TaxType", row): null

2024-11-12 17:51:35 - [TEST_STEP][PASSED] - TaxTypeEL = findTestData(dataFile).getValue("TaxTypeEL", row): null

2024-11-12 17:51:35 - [TEST_STEP][PASSED] - notInvNumber = findTestData(dataFile).getValue("NotiInvoNumber", row): null

2024-11-12 17:51:35 - [TEST_STEP][PASSED] - errorMsg = findTestData(dataFile).getValue("ErrorMessage", row): null

2024-11-12 17:51:35 - [TEST_STEP][PASSED] - out.println("Value of Execute is : " + ExecuteTC): null

2024-11-12 17:51:35 - [TEST_STEP][PASSED] - if (ExecuteTC.equalsIgnoreCase("Y")): null

2024-11-12 17:51:35 - [TEST_STEP][PASSED] - out.println("Begin Record Number: " + row): null

2024-11-12 17:51:35 - [TEST_STEP][PASSED] - today = new java.util.Date(): null

2024-11-12 17:51:35 - [TEST_STEP][PASSED] - println(today): null

2024-11-12 17:51:35 - [TEST_STEP][PASSED] - datText = today: null

2024-11-12 17:51:35 - [TEST_STEP][PASSED] - Taxtype = findTestData(dataFile).getValue("TaxType", row): null

2024-11-12 17:51:35 - [TEST_STEP][PASSED] - out.println("Taxtype value is : " + Taxtype): null

2024-11-12 17:51:35 - [TEST_STEP][PASSED] - openBrowser(""): Browser is opened with url: ''

2024-11-12 17:51:35 - [MESSAGE][WARNING] - A browser is already opened. Closing browser and opening a new one

2024-11-12 17:51:38 - [MESSAGE][INFO] - Starting 'Chrome' driver

2024-11-12 17:51:38 - [MESSAGE][INFO] - User set preference: ['acceptInsecureCerts', 'true']

2024-11-12 17:51:38 - [MESSAGE][INFO] - Action delay is set to 0 milliseconds

2024-11-12 17:51:40 - [MESSAGE][PASSED] - Browser is opened with url: ''

2024-11-12 17:51:40 - [TEST_STEP][PASSED] - maximizeWindow(): Current window maximized

2024-11-12 17:51:40 - [MESSAGE][PASSED] - Current window maximized

2024-11-12 17:51:40 - [TEST_STEP][PASSED] - navigateToUrl(RADurl): Navigate to 'https://www.velocitypayment.com/client/rad/index.html' successfully

2024-11-12 17:51:42 - [MESSAGE][PASSED] - Navigate to 'https://www.velocitypayment.com/client/rad/index.html' successfully

2024-11-12 17:51:42 - [TEST_STEP][PASSED] - orPath_Landing = "Object Repository/RAD_Pages/Landing_Page": null

2024-11-12 17:51:42 - [TEST_STEP][PASSED] - orPath_TaxTypeFilingYear = "Object Repository/RAD_Pages/TaxTypeFilingYear_Page": null

2024-11-12 17:51:42 - [TEST_STEP][PASSED] - orPath_TaxPayer = "Object Repository/RAD_Pages/Taxpayer_Page": null

2024-11-12 17:51:42 - [TEST_STEP][PASSED] - orPath_AddressContact = "Object Repository/RAD_Pages/AddressAndContactInfo_Page": null

2024-11-12 17:51:42 - [TEST_STEP][PASSED] - orPath_FilingStatus = "Object Repository/RAD_Pages/FilingStatus_Page": null

2024-11-12 17:51:42 - [TEST_STEP][PASSED] - orPath_Amount = "Object Repository/RAD_Pages/PaymentAmount_Page": null

2024-11-12 17:51:42 - [TEST_STEP][PASSED] - orPath_TaxInfo = "Object Repository/RAD_Pages/TaxInfo_Page": null

2024-11-12 17:51:42 - [TEST_STEP][PASSED] - orPath_Withholding = "Object Repository/RAD_Pages/Withholding_Page": null

2024-11-12 17:51:42 - [TEST_STEP][PASSED] - orPath_Summary = "Object Repository/RAD_Pages/Summary_Page": null

2024-11-12 17:51:42 - [TEST_STEP][PASSED] - orPath_PaymentReady = "Object Repository/RAD_Pages/PaymentReady_Page": null

2024-11-12 17:51:42 - [TEST_STEP][PASSED] - orPath_PaymentEntry = "Object Repository/RAD_Pages/PaymentEntry_Page": null

2024-11-12 17:51:42 - [TEST_STEP][PASSED] - orPath_PaymentConfirmation = "Object Repository/RAD_Pages/PaymentConfirmation_Page": null

2024-11-12 17:51:42 - [TEST_STEP][PASSED] - orPath_ServiceFeesAccept = "Object Repository/RAD_Pages/ServiceFeeAccept_Page": null

2024-11-12 17:51:42 - [TEST_STEP][PASSED] - selectOptionByLabel(findTestObject(orPath_Landing + "/dd_TaxType"), Taxtype, false): All options with label 'Existing Liability with Notice/Invoice Number' are selected in object 'Object Repository/RAD_Pages/Landing_Page/dd_TaxType' 

2024-11-12 17:51:43 - [MESSAGE][PASSED] - All options with label 'Existing Liability with Notice/Invoice Number' are selected in object 'Object Repository/RAD_Pages/Landing_Page/dd_TaxType' 

2024-11-12 17:51:43 - [TEST_STEP][PASSED] - delay(1): Delayed 1 second(s)

2024-11-12 17:51:44 - [MESSAGE][PASSED] - Delayed 1 second(s)

2024-11-12 17:51:44 - [TEST_STEP][PASSED] - selectOptionByLabel(findTestObject(orPath_TaxTypeFilingYear + "/select_TaxType_ExistingLiability"), TaxTypeEL, false): All options with label 'IFTA Tax' are selected in object 'Object Repository/RAD_Pages/TaxTypeFilingYear_Page/select_TaxType_ExistingLiability' 

2024-11-12 17:51:44 - [MESSAGE][PASSED] - All options with label 'IFTA Tax' are selected in object 'Object Repository/RAD_Pages/TaxTypeFilingYear_Page/select_TaxType_ExistingLiability' 

2024-11-12 17:51:44 - [TEST_STEP][PASSED] - setText(findTestObject(orPath_TaxInfo + "/input_NoticeInvoiceNumber"), notInvNumber): Text '0000000000' is set on object 'Object Repository/RAD_Pages/TaxInfo_Page/input_NoticeInvoiceNumber'

2024-11-12 17:51:45 - [MESSAGE][PASSED] - Text '0000000000' is set on object 'Object Repository/RAD_Pages/TaxInfo_Page/input_NoticeInvoiceNumber'

2024-11-12 17:51:45 - [TEST_STEP][PASSED] - setText(findTestObject(orPath_TaxInfo + "/input_reTypeNoticeInvoiceNumber"), notInvNumber): Text '0000000000' is set on object 'Object Repository/RAD_Pages/TaxInfo_Page/input_reTypeNoticeInvoiceNumber'

2024-11-12 17:51:46 - [MESSAGE][PASSED] - Text '0000000000' is set on object 'Object Repository/RAD_Pages/TaxInfo_Page/input_reTypeNoticeInvoiceNumber'

2024-11-12 17:51:46 - [TEST_STEP][PASSED] - println(notInvNumber): null

2024-11-12 17:51:46 - [TEST_STEP][PASSED] - if (verifyTextPresent(errorMsg, true)): null

2024-11-12 17:51:46 - [MESSAGE][PASSED] - Text 'Notice Number or Invoice Number must be 10, 11, or 13 digits in length, with a value greater than zero' is present on page  using regular expression

2024-11-12 17:51:46 - [TEST_STEP][PASSED] - println("Error Message is present on the page"): null

2024-11-12 17:51:46 - [TEST_STEP][PASSED] - out.println("Pass Record Number: " + row): null

2024-11-12 17:51:46 - [TEST_STEP][PASSED] - resText = "Pass": null

2024-11-12 17:51:46 - [TEST_STEP][PASSED] - pages.WriteExcel.demoKey(resText, datText, resColumn, datCloumn, fileLoc, nameSheet, row): pages.WriteExcel.demoKey is PASSED

2024-11-12 17:51:47 - [MESSAGE][PASSED] - pages.WriteExcel.demoKey is PASSED]]></system-out>
         <system-err><![CDATA[]]></system-err>
      </testcase>
      <testcase name="Test Cases/RAD_TestCases/Negative_TestCases/EMailNoMatch" time="670.761" classname="Test Cases/RAD_TestCases/Negative_TestCases/EMailNoMatch" status="PASSED">
         <system-out><![CDATA[2024-11-12 17:51:47 - [TEST_CASE][PASSED] - Test Cases/RAD_TestCases/Negative_TestCases/EMailNoMatch: Test Cases/RAD_TestCases/Negative_TestCases/EMailNoMatch

2024-11-12 17:51:47 - [TEST_STEP][PASSED] - resText = "Fail": null

2024-11-12 17:51:47 - [TEST_STEP][PASSED] - resColumn = "Result": null

2024-11-12 17:51:47 - [TEST_STEP][PASSED] - datCloumn = "Date": null

2024-11-12 17:51:47 - [TEST_STEP][PASSED] - fileLoc = "KatalonData/RADTestData/EmailNoMatch.xlsx": null

2024-11-12 17:51:47 - [TEST_STEP][PASSED] - nameSheet = "Sheet1": null

2024-11-12 17:51:47 - [TEST_STEP][PASSED] - dataFile = "RADTestData/EmailNoMatch": null

2024-11-12 17:51:47 - [TEST_STEP][PASSED] - ExecuteTC = <not implemented yet for class: org.codehaus.groovy.ast.expr.EmptyExpression>: null

2024-11-12 17:51:47 - [TEST_STEP][PASSED] - Taxtype = <not implemented yet for class: org.codehaus.groovy.ast.expr.EmptyExpression>: null

2024-11-12 17:51:47 - [TEST_STEP][PASSED] - numOfRows = findTestData(dataFile).getRowNumbers(): null

2024-11-12 17:51:47 - [TEST_STEP][PASSED] - println("Number of Records: " + numOfRows): null

2024-11-12 17:51:47 - [TEST_STEP][PASSED] - for ([row = 1, row <= numOfRows, (row++)]): null

2024-11-12 17:51:47 - [TEST_STEP][PASSED] - ExecuteTC = findTestData(dataFile).getValue("Execute", row): null

2024-11-12 17:51:47 - [TEST_STEP][PASSED] - Taxtype = findTestData(dataFile).getValue("TaxType", row): null

2024-11-12 17:51:47 - [TEST_STEP][PASSED] - Paymenttype = findTestData(dataFile).getValue("PaymentType", row): null

2024-11-12 17:51:47 - [TEST_STEP][PASSED] - out.println("Value of Execute is : " + ExecuteTC): null

2024-11-12 17:51:47 - [TEST_STEP][PASSED] - if (ExecuteTC.equalsIgnoreCase("Y")): null

2024-11-12 17:51:47 - [TEST_STEP][PASSED] - out.println("Begin Record Number: " + row): null

2024-11-12 17:51:47 - [TEST_STEP][PASSED] - today = new java.util.Date(): null

2024-11-12 17:51:47 - [TEST_STEP][PASSED] - println(today): null

2024-11-12 17:51:47 - [TEST_STEP][PASSED] - datText = today: null

2024-11-12 17:51:47 - [TEST_STEP][PASSED] - Taxtype = findTestData(dataFile).getValue("TaxType", row): null

2024-11-12 17:51:47 - [TEST_STEP][PASSED] - out.println("Taxtype value is : " + Taxtype): null

2024-11-12 17:51:47 - [TEST_STEP][PASSED] - openBrowser(""): Browser is opened with url: ''

2024-11-12 17:51:47 - [MESSAGE][WARNING] - A browser is already opened. Closing browser and opening a new one

2024-11-12 17:51:49 - [MESSAGE][INFO] - Starting 'Chrome' driver

2024-11-12 17:51:49 - [MESSAGE][INFO] - User set preference: ['acceptInsecureCerts', 'true']

2024-11-12 17:51:49 - [MESSAGE][INFO] - Action delay is set to 0 milliseconds

2024-11-12 17:51:50 - [MESSAGE][PASSED] - Browser is opened with url: ''

2024-11-12 17:51:50 - [TEST_STEP][PASSED] - maximizeWindow(): Current window maximized

2024-11-12 17:51:50 - [MESSAGE][PASSED] - Current window maximized

2024-11-12 17:51:50 - [TEST_STEP][PASSED] - navigateToUrl(RADurl): Navigate to 'https://www.velocitypayment.com/client/rad/index.html' successfully

2024-11-12 17:51:52 - [MESSAGE][PASSED] - Navigate to 'https://www.velocitypayment.com/client/rad/index.html' successfully

2024-11-12 17:51:52 - [TEST_STEP][PASSED] - orPath_Landing = "Object Repository/RAD_Pages/Landing_Page": null

2024-11-12 17:51:52 - [TEST_STEP][PASSED] - orPath_TaxTypeFilingYear = "Object Repository/RAD_Pages/TaxTypeFilingYear_Page": null

2024-11-12 17:51:52 - [TEST_STEP][PASSED] - orPath_TaxPayer = "Object Repository/RAD_Pages/Taxpayer_Page": null

2024-11-12 17:51:52 - [TEST_STEP][PASSED] - orPath_AddressContact = "Object Repository/RAD_Pages/AddressAndContactInfo_Page": null

2024-11-12 17:51:52 - [TEST_STEP][PASSED] - orPath_FilingStatus = "Object Repository/RAD_Pages/FilingStatus_Page": null

2024-11-12 17:51:52 - [TEST_STEP][PASSED] - orPath_Amount = "Object Repository/RAD_Pages/PaymentAmount_Page": null

2024-11-12 17:51:52 - [TEST_STEP][PASSED] - selectOptionByLabel(findTestObject(orPath_Landing + "/dd_TaxType"), Paymenttype, false): All options with label 'Existing Liability with Notice/Invoice Number' are selected in object 'Object Repository/RAD_Pages/Landing_Page/dd_TaxType' 

2024-11-12 17:51:53 - [MESSAGE][PASSED] - All options with label 'Existing Liability with Notice/Invoice Number' are selected in object 'Object Repository/RAD_Pages/Landing_Page/dd_TaxType' 

2024-11-12 17:51:53 - [TEST_STEP][PASSED] - delay(1): Delayed 1 second(s)

2024-11-12 17:51:54 - [MESSAGE][PASSED] - Delayed 1 second(s)

2024-11-12 17:51:54 - [TEST_STEP][PASSED] - switch (Paymenttype): null

2024-11-12 17:51:54 - [TEST_STEP][PASSED] - delay(1): Delayed 1 second(s)

2024-11-12 17:51:55 - [MESSAGE][PASSED] - Delayed 1 second(s)

2024-11-12 17:51:55 - [TEST_STEP][PASSED] - scrollToElement(findTestObject(orPath_Amount + "/input__paymentAmount"), 3): Scroll to object 'Object Repository/RAD_Pages/PaymentAmount_Page/input__paymentAmount' successfully

2024-11-12 17:51:55 - [MESSAGE][PASSED] - Scroll to object 'Object Repository/RAD_Pages/PaymentAmount_Page/input__paymentAmount' successfully

2024-11-12 17:51:55 - [TEST_STEP][PASSED] - setText(findTestObject(orPath_AddressContact + "/input_eMailAddress"), "imtiazster@gmail.com"): Text 'imtiazster@gmail.com' is set on object 'Object Repository/RAD_Pages/AddressAndContactInfo_Page/input_eMailAddress'

2024-11-12 17:51:56 - [MESSAGE][PASSED] - Text 'imtiazster@gmail.com' is set on object 'Object Repository/RAD_Pages/AddressAndContactInfo_Page/input_eMailAddress'

2024-11-12 17:51:56 - [TEST_STEP][PASSED] - setText(findTestObject(orPath_AddressContact + "/input_reEnterEMailAddress"), "iahmed@govolution.com"): Text 'iahmed@govolution.com' is set on object 'Object Repository/RAD_Pages/AddressAndContactInfo_Page/input_reEnterEMailAddress'

2024-11-12 17:51:57 - [MESSAGE][PASSED] - Text 'iahmed@govolution.com' is set on object 'Object Repository/RAD_Pages/AddressAndContactInfo_Page/input_reEnterEMailAddress'

2024-11-12 17:51:57 - [TEST_STEP][PASSED] - delay(2): Delayed 2 second(s)

2024-11-12 17:51:59 - [MESSAGE][PASSED] - Delayed 2 second(s)

2024-11-12 17:51:59 - [TEST_STEP][PASSED] - if (verifyTextPresent("The Email and Re-enter email do not match", true)): null

2024-11-12 17:51:59 - [MESSAGE][PASSED] - Text 'The Email and Re-enter email do not match' is present on page  using regular expression

2024-11-12 17:51:59 - [TEST_STEP][PASSED] - println("Emails Dont match text is present"): null

2024-11-12 17:51:59 - [TEST_STEP][PASSED] - out.println("Pass Record Number: " + row): null

2024-11-12 17:51:59 - [TEST_STEP][PASSED] - resText = "Pass": null

2024-11-12 17:51:59 - [TEST_STEP][PASSED] - pages.WriteExcel.demoKey(resText, datText, resColumn, datCloumn, fileLoc, nameSheet, row): pages.WriteExcel.demoKey is PASSED

2024-11-12 17:51:59 - [MESSAGE][PASSED] - pages.WriteExcel.demoKey is PASSED

2024-11-12 17:51:59 - [TEST_STEP][PASSED] - ExecuteTC = findTestData(dataFile).getValue("Execute", row): null

2024-11-12 17:51:59 - [TEST_STEP][PASSED] - Taxtype = findTestData(dataFile).getValue("TaxType", row): null

2024-11-12 17:51:59 - [TEST_STEP][PASSED] - Paymenttype = findTestData(dataFile).getValue("PaymentType", row): null

2024-11-12 17:51:59 - [TEST_STEP][PASSED] - out.println("Value of Execute is : " + ExecuteTC): null

2024-11-12 17:51:59 - [TEST_STEP][PASSED] - if (ExecuteTC.equalsIgnoreCase("Y")): null

2024-11-12 17:51:59 - [TEST_STEP][PASSED] - out.println("Begin Record Number: " + row): null

2024-11-12 17:51:59 - [TEST_STEP][PASSED] - today = new java.util.Date(): null

2024-11-12 17:51:59 - [TEST_STEP][PASSED] - println(today): null

2024-11-12 17:51:59 - [TEST_STEP][PASSED] - datText = today: null

2024-11-12 17:51:59 - [TEST_STEP][PASSED] - Taxtype = findTestData(dataFile).getValue("TaxType", row): null

2024-11-12 17:51:59 - [TEST_STEP][PASSED] - out.println("Taxtype value is : " + Taxtype): null

2024-11-12 17:51:59 - [TEST_STEP][PASSED] - openBrowser(""): Browser is opened with url: ''

2024-11-12 17:51:59 - [MESSAGE][WARNING] - A browser is already opened. Closing browser and opening a new one

2024-11-12 17:52:00 - [MESSAGE][INFO] - Starting 'Chrome' driver

2024-11-12 17:52:00 - [MESSAGE][INFO] - User set preference: ['acceptInsecureCerts', 'true']

2024-11-12 17:52:00 - [MESSAGE][INFO] - Action delay is set to 0 milliseconds

2024-11-12 17:52:02 - [MESSAGE][PASSED] - Browser is opened with url: ''

2024-11-12 17:52:02 - [TEST_STEP][PASSED] - maximizeWindow(): Current window maximized

2024-11-12 17:52:02 - [MESSAGE][PASSED] - Current window maximized

2024-11-12 17:52:02 - [TEST_STEP][PASSED] - navigateToUrl(RADurl): Navigate to 'https://www.velocitypayment.com/client/rad/index.html' successfully

2024-11-12 17:52:04 - [MESSAGE][PASSED] - Navigate to 'https://www.velocitypayment.com/client/rad/index.html' successfully

2024-11-12 17:52:04 - [TEST_STEP][PASSED] - orPath_Landing = "Object Repository/RAD_Pages/Landing_Page": null

2024-11-12 17:52:04 - [TEST_STEP][PASSED] - orPath_TaxTypeFilingYear = "Object Repository/RAD_Pages/TaxTypeFilingYear_Page": null

2024-11-12 17:52:04 - [TEST_STEP][PASSED] - orPath_TaxPayer = "Object Repository/RAD_Pages/Taxpayer_Page": null

2024-11-12 17:52:04 - [TEST_STEP][PASSED] - orPath_AddressContact = "Object Repository/RAD_Pages/AddressAndContactInfo_Page": null

2024-11-12 17:52:04 - [TEST_STEP][PASSED] - orPath_FilingStatus = "Object Repository/RAD_Pages/FilingStatus_Page": null

2024-11-12 17:52:04 - [TEST_STEP][PASSED] - orPath_Amount = "Object Repository/RAD_Pages/PaymentAmount_Page": null

2024-11-12 17:52:04 - [TEST_STEP][PASSED] - selectOptionByLabel(findTestObject(orPath_Landing + "/dd_TaxType"), Paymenttype, false): All options with label 'Existing Liability with Notice/Invoice Number' are selected in object 'Object Repository/RAD_Pages/Landing_Page/dd_TaxType' 

2024-11-12 17:52:04 - [MESSAGE][PASSED] - All options with label 'Existing Liability with Notice/Invoice Number' are selected in object 'Object Repository/RAD_Pages/Landing_Page/dd_TaxType' 

2024-11-12 17:52:04 - [TEST_STEP][PASSED] - delay(1): Delayed 1 second(s)

2024-11-12 17:52:05 - [MESSAGE][PASSED] - Delayed 1 second(s)

2024-11-12 17:52:05 - [TEST_STEP][PASSED] - switch (Paymenttype): null

2024-11-12 17:52:05 - [TEST_STEP][PASSED] - delay(1): Delayed 1 second(s)

2024-11-12 17:52:06 - [MESSAGE][PASSED] - Delayed 1 second(s)

2024-11-12 17:52:06 - [TEST_STEP][PASSED] - scrollToElement(findTestObject(orPath_Amount + "/input__paymentAmount"), 3): Scroll to object 'Object Repository/RAD_Pages/PaymentAmount_Page/input__paymentAmount' successfully

2024-11-12 17:52:07 - [MESSAGE][PASSED] - Scroll to object 'Object Repository/RAD_Pages/PaymentAmount_Page/input__paymentAmount' successfully

2024-11-12 17:52:07 - [TEST_STEP][PASSED] - setText(findTestObject(orPath_AddressContact + "/input_eMailAddress"), "imtiazster@gmail.com"): Text 'imtiazster@gmail.com' is set on object 'Object Repository/RAD_Pages/AddressAndContactInfo_Page/input_eMailAddress'

2024-11-12 17:52:08 - [MESSAGE][PASSED] - Text 'imtiazster@gmail.com' is set on object 'Object Repository/RAD_Pages/AddressAndContactInfo_Page/input_eMailAddress'

2024-11-12 17:52:08 - [TEST_STEP][PASSED] - setText(findTestObject(orPath_AddressContact + "/input_reEnterEMailAddress"), "iahmed@govolution.com"): Text 'iahmed@govolution.com' is set on object 'Object Repository/RAD_Pages/AddressAndContactInfo_Page/input_reEnterEMailAddress'

2024-11-12 17:52:08 - [MESSAGE][PASSED] - Text 'iahmed@govolution.com' is set on object 'Object Repository/RAD_Pages/AddressAndContactInfo_Page/input_reEnterEMailAddress'

2024-11-12 17:52:08 - [TEST_STEP][PASSED] - delay(2): Delayed 2 second(s)

2024-11-12 17:52:10 - [MESSAGE][PASSED] - Delayed 2 second(s)

2024-11-12 17:52:10 - [TEST_STEP][PASSED] - if (verifyTextPresent("The Email and Re-enter email do not match", true)): null

2024-11-12 17:52:11 - [MESSAGE][PASSED] - Text 'The Email and Re-enter email do not match' is present on page  using regular expression

2024-11-12 17:52:11 - [TEST_STEP][PASSED] - println("Emails Dont match text is present"): null

2024-11-12 17:52:11 - [TEST_STEP][PASSED] - out.println("Pass Record Number: " + row): null

2024-11-12 17:52:11 - [TEST_STEP][PASSED] - resText = "Pass": null

2024-11-12 17:52:11 - [TEST_STEP][PASSED] - pages.WriteExcel.demoKey(resText, datText, resColumn, datCloumn, fileLoc, nameSheet, row): pages.WriteExcel.demoKey is PASSED

2024-11-12 17:52:11 - [MESSAGE][PASSED] - pages.WriteExcel.demoKey is PASSED

2024-11-12 17:52:11 - [TEST_STEP][PASSED] - ExecuteTC = findTestData(dataFile).getValue("Execute", row): null

2024-11-12 17:52:11 - [TEST_STEP][PASSED] - Taxtype = findTestData(dataFile).getValue("TaxType", row): null

2024-11-12 17:52:11 - [TEST_STEP][PASSED] - Paymenttype = findTestData(dataFile).getValue("PaymentType", row): null

2024-11-12 17:52:11 - [TEST_STEP][PASSED] - out.println("Value of Execute is : " + ExecuteTC): null

2024-11-12 17:52:11 - [TEST_STEP][PASSED] - if (ExecuteTC.equalsIgnoreCase("Y")): null

2024-11-12 17:52:11 - [TEST_STEP][PASSED] - out.println("Begin Record Number: " + row): null

2024-11-12 17:52:11 - [TEST_STEP][PASSED] - today = new java.util.Date(): null

2024-11-12 17:52:11 - [TEST_STEP][PASSED] - println(today): null

2024-11-12 17:52:11 - [TEST_STEP][PASSED] - datText = today: null

2024-11-12 17:52:11 - [TEST_STEP][PASSED] - Taxtype = findTestData(dataFile).getValue("TaxType", row): null

2024-11-12 17:52:11 - [TEST_STEP][PASSED] - out.println("Taxtype value is : " + Taxtype): null

2024-11-12 17:52:11 - [TEST_STEP][PASSED] - openBrowser(""): Browser is opened with url: ''

2024-11-12 17:52:11 - [MESSAGE][WARNING] - A browser is already opened. Closing browser and opening a new one

2024-11-12 17:52:12 - [MESSAGE][INFO] - Starting 'Chrome' driver

2024-11-12 17:52:12 - [MESSAGE][INFO] - User set preference: ['acceptInsecureCerts', 'true']

2024-11-12 17:52:12 - [MESSAGE][INFO] - Action delay is set to 0 milliseconds

2024-11-12 17:52:14 - [MESSAGE][PASSED] - Browser is opened with url: ''

2024-11-12 17:52:14 - [TEST_STEP][PASSED] - maximizeWindow(): Current window maximized

2024-11-12 17:52:14 - [MESSAGE][PASSED] - Current window maximized

2024-11-12 17:52:14 - [TEST_STEP][PASSED] - navigateToUrl(RADurl): Navigate to 'https://www.velocitypayment.com/client/rad/index.html' successfully

2024-11-12 17:52:15 - [MESSAGE][PASSED] - Navigate to 'https://www.velocitypayment.com/client/rad/index.html' successfully

2024-11-12 17:52:15 - [TEST_STEP][PASSED] - orPath_Landing = "Object Repository/RAD_Pages/Landing_Page": null

2024-11-12 17:52:15 - [TEST_STEP][PASSED] - orPath_TaxTypeFilingYear = "Object Repository/RAD_Pages/TaxTypeFilingYear_Page": null

2024-11-12 17:52:15 - [TEST_STEP][PASSED] - orPath_TaxPayer = "Object Repository/RAD_Pages/Taxpayer_Page": null

2024-11-12 17:52:15 - [TEST_STEP][PASSED] - orPath_AddressContact = "Object Repository/RAD_Pages/AddressAndContactInfo_Page": null

2024-11-12 17:52:15 - [TEST_STEP][PASSED] - orPath_FilingStatus = "Object Repository/RAD_Pages/FilingStatus_Page": null

2024-11-12 17:52:15 - [TEST_STEP][PASSED] - orPath_Amount = "Object Repository/RAD_Pages/PaymentAmount_Page": null

2024-11-12 17:52:15 - [TEST_STEP][PASSED] - selectOptionByLabel(findTestObject(orPath_Landing + "/dd_TaxType"), Paymenttype, false): All options with label 'Existing Liability with Notice/Invoice Number' are selected in object 'Object Repository/RAD_Pages/Landing_Page/dd_TaxType' 

2024-11-12 17:52:16 - [MESSAGE][PASSED] - All options with label 'Existing Liability with Notice/Invoice Number' are selected in object 'Object Repository/RAD_Pages/Landing_Page/dd_TaxType' 

2024-11-12 17:52:16 - [TEST_STEP][PASSED] - delay(1): Delayed 1 second(s)

2024-11-12 17:52:17 - [MESSAGE][PASSED] - Delayed 1 second(s)

2024-11-12 17:52:17 - [TEST_STEP][PASSED] - switch (Paymenttype): null

2024-11-12 17:52:17 - [TEST_STEP][PASSED] - delay(1): Delayed 1 second(s)

2024-11-12 17:52:18 - [MESSAGE][PASSED] - Delayed 1 second(s)

2024-11-12 17:52:18 - [TEST_STEP][PASSED] - scrollToElement(findTestObject(orPath_Amount + "/input__paymentAmount"), 3): Scroll to object 'Object Repository/RAD_Pages/PaymentAmount_Page/input__paymentAmount' successfully

2024-11-12 17:52:19 - [MESSAGE][PASSED] - Scroll to object 'Object Repository/RAD_Pages/PaymentAmount_Page/input__paymentAmount' successfully

2024-11-12 17:52:19 - [TEST_STEP][PASSED] - setText(findTestObject(orPath_AddressContact + "/input_eMailAddress"), "imtiazster@gmail.com"): Text 'imtiazster@gmail.com' is set on object 'Object Repository/RAD_Pages/AddressAndContactInfo_Page/input_eMailAddress'

2024-11-12 17:52:20 - [MESSAGE][PASSED] - Text 'imtiazster@gmail.com' is set on object 'Object Repository/RAD_Pages/AddressAndContactInfo_Page/input_eMailAddress'

2024-11-12 17:52:20 - [TEST_STEP][PASSED] - setText(findTestObject(orPath_AddressContact + "/input_reEnterEMailAddress"), "iahmed@govolution.com"): Text 'iahmed@govolution.com' is set on object 'Object Repository/RAD_Pages/AddressAndContactInfo_Page/input_reEnterEMailAddress'

2024-11-12 17:52:22 - [MESSAGE][PASSED] - Text 'iahmed@govolution.com' is set on object 'Object Repository/RAD_Pages/AddressAndContactInfo_Page/input_reEnterEMailAddress'

2024-11-12 17:52:22 - [TEST_STEP][PASSED] - delay(2): Delayed 2 second(s)

2024-11-12 17:52:24 - [MESSAGE][PASSED] - Delayed 2 second(s)

2024-11-12 17:52:24 - [TEST_STEP][PASSED] - if (verifyTextPresent("The Email and Re-enter email do not match", true)): null

2024-11-12 17:52:25 - [MESSAGE][PASSED] - Text 'The Email and Re-enter email do not match' is present on page  using regular expression

2024-11-12 17:52:25 - [TEST_STEP][PASSED] - println("Emails Dont match text is present"): null

2024-11-12 17:52:25 - [TEST_STEP][PASSED] - out.println("Pass Record Number: " + row): null

2024-11-12 17:52:25 - [TEST_STEP][PASSED] - resText = "Pass": null

2024-11-12 17:52:25 - [TEST_STEP][PASSED] - pages.WriteExcel.demoKey(resText, datText, resColumn, datCloumn, fileLoc, nameSheet, row): pages.WriteExcel.demoKey is PASSED

2024-11-12 17:52:25 - [MESSAGE][PASSED] - pages.WriteExcel.demoKey is PASSED

2024-11-12 17:52:25 - [TEST_STEP][PASSED] - ExecuteTC = findTestData(dataFile).getValue("Execute", row): null

2024-11-12 17:52:25 - [TEST_STEP][PASSED] - Taxtype = findTestData(dataFile).getValue("TaxType", row): null

2024-11-12 17:52:25 - [TEST_STEP][PASSED] - Paymenttype = findTestData(dataFile).getValue("PaymentType", row): null

2024-11-12 17:52:25 - [TEST_STEP][PASSED] - out.println("Value of Execute is : " + ExecuteTC): null

2024-11-12 17:52:25 - [TEST_STEP][PASSED] - if (ExecuteTC.equalsIgnoreCase("Y")): null

2024-11-12 17:52:25 - [TEST_STEP][PASSED] - out.println("Begin Record Number: " + row): null

2024-11-12 17:52:25 - [TEST_STEP][PASSED] - today = new java.util.Date(): null

2024-11-12 17:52:25 - [TEST_STEP][PASSED] - println(today): null

2024-11-12 17:52:25 - [TEST_STEP][PASSED] - datText = today: null

2024-11-12 17:52:25 - [TEST_STEP][PASSED] - Taxtype = findTestData(dataFile).getValue("TaxType", row): null

2024-11-12 17:52:25 - [TEST_STEP][PASSED] - out.println("Taxtype value is : " + Taxtype): null

2024-11-12 17:52:25 - [TEST_STEP][PASSED] - openBrowser(""): Browser is opened with url: ''

2024-11-12 17:52:25 - [MESSAGE][WARNING] - A browser is already opened. Closing browser and opening a new one

2024-11-12 17:52:26 - [MESSAGE][INFO] - Starting 'Chrome' driver

2024-11-12 17:52:26 - [MESSAGE][INFO] - User set preference: ['acceptInsecureCerts', 'true']

2024-11-12 17:52:26 - [MESSAGE][INFO] - Action delay is set to 0 milliseconds

2024-11-12 17:52:28 - [MESSAGE][PASSED] - Browser is opened with url: ''

2024-11-12 17:52:28 - [TEST_STEP][PASSED] - maximizeWindow(): Current window maximized

2024-11-12 17:52:28 - [MESSAGE][PASSED] - Current window maximized

2024-11-12 17:52:28 - [TEST_STEP][PASSED] - navigateToUrl(RADurl): Navigate to 'https://www.velocitypayment.com/client/rad/index.html' successfully

2024-11-12 17:52:30 - [MESSAGE][PASSED] - Navigate to 'https://www.velocitypayment.com/client/rad/index.html' successfully

2024-11-12 17:52:30 - [TEST_STEP][PASSED] - orPath_Landing = "Object Repository/RAD_Pages/Landing_Page": null

2024-11-12 17:52:30 - [TEST_STEP][PASSED] - orPath_TaxTypeFilingYear = "Object Repository/RAD_Pages/TaxTypeFilingYear_Page": null

2024-11-12 17:52:30 - [TEST_STEP][PASSED] - orPath_TaxPayer = "Object Repository/RAD_Pages/Taxpayer_Page": null

2024-11-12 17:52:30 - [TEST_STEP][PASSED] - orPath_AddressContact = "Object Repository/RAD_Pages/AddressAndContactInfo_Page": null

2024-11-12 17:52:30 - [TEST_STEP][PASSED] - orPath_FilingStatus = "Object Repository/RAD_Pages/FilingStatus_Page": null

2024-11-12 17:52:30 - [TEST_STEP][PASSED] - orPath_Amount = "Object Repository/RAD_Pages/PaymentAmount_Page": null

2024-11-12 17:52:30 - [TEST_STEP][PASSED] - selectOptionByLabel(findTestObject(orPath_Landing + "/dd_TaxType"), Paymenttype, false): All options with label 'Existing Liability with Notice/Invoice Number' are selected in object 'Object Repository/RAD_Pages/Landing_Page/dd_TaxType' 

2024-11-12 17:52:30 - [MESSAGE][PASSED] - All options with label 'Existing Liability with Notice/Invoice Number' are selected in object 'Object Repository/RAD_Pages/Landing_Page/dd_TaxType' 

2024-11-12 17:52:30 - [TEST_STEP][PASSED] - delay(1): Delayed 1 second(s)

2024-11-12 17:52:31 - [MESSAGE][PASSED] - Delayed 1 second(s)

2024-11-12 17:52:31 - [TEST_STEP][PASSED] - switch (Paymenttype): null

2024-11-12 17:52:31 - [TEST_STEP][PASSED] - delay(1): Delayed 1 second(s)

2024-11-12 17:52:32 - [MESSAGE][PASSED] - Delayed 1 second(s)

2024-11-12 17:52:32 - [TEST_STEP][PASSED] - scrollToElement(findTestObject(orPath_Amount + "/input__paymentAmount"), 3): Scroll to object 'Object Repository/RAD_Pages/PaymentAmount_Page/input__paymentAmount' successfully

2024-11-12 17:52:33 - [MESSAGE][PASSED] - Scroll to object 'Object Repository/RAD_Pages/PaymentAmount_Page/input__paymentAmount' successfully

2024-11-12 17:52:33 - [TEST_STEP][PASSED] - setText(findTestObject(orPath_AddressContact + "/input_eMailAddress"), "imtiazster@gmail.com"): Text 'imtiazster@gmail.com' is set on object 'Object Repository/RAD_Pages/AddressAndContactInfo_Page/input_eMailAddress'

2024-11-12 17:52:34 - [MESSAGE][PASSED] - Text 'imtiazster@gmail.com' is set on object 'Object Repository/RAD_Pages/AddressAndContactInfo_Page/input_eMailAddress'

2024-11-12 17:52:34 - [TEST_STEP][PASSED] - setText(findTestObject(orPath_AddressContact + "/input_reEnterEMailAddress"), "iahmed@govolution.com"): Text 'iahmed@govolution.com' is set on object 'Object Repository/RAD_Pages/AddressAndContactInfo_Page/input_reEnterEMailAddress'

2024-11-12 17:52:34 - [MESSAGE][PASSED] - Text 'iahmed@govolution.com' is set on object 'Object Repository/RAD_Pages/AddressAndContactInfo_Page/input_reEnterEMailAddress'

2024-11-12 17:52:34 - [TEST_STEP][PASSED] - delay(2): Delayed 2 second(s)

2024-11-12 17:52:36 - [MESSAGE][PASSED] - Delayed 2 second(s)

2024-11-12 17:52:36 - [TEST_STEP][PASSED] - if (verifyTextPresent("The Email and Re-enter email do not match", true)): null

2024-11-12 17:52:37 - [MESSAGE][PASSED] - Text 'The Email and Re-enter email do not match' is present on page  using regular expression

2024-11-12 17:52:37 - [TEST_STEP][PASSED] - println("Emails Dont match text is present"): null

2024-11-12 17:52:37 - [TEST_STEP][PASSED] - out.println("Pass Record Number: " + row): null

2024-11-12 17:52:37 - [TEST_STEP][PASSED] - resText = "Pass": null

2024-11-12 17:52:37 - [TEST_STEP][PASSED] - pages.WriteExcel.demoKey(resText, datText, resColumn, datCloumn, fileLoc, nameSheet, row): pages.WriteExcel.demoKey is PASSED

2024-11-12 17:52:37 - [MESSAGE][PASSED] - pages.WriteExcel.demoKey is PASSED

2024-11-12 17:52:37 - [TEST_STEP][PASSED] - ExecuteTC = findTestData(dataFile).getValue("Execute", row): null

2024-11-12 17:52:37 - [TEST_STEP][PASSED] - Taxtype = findTestData(dataFile).getValue("TaxType", row): null

2024-11-12 17:52:37 - [TEST_STEP][PASSED] - Paymenttype = findTestData(dataFile).getValue("PaymentType", row): null

2024-11-12 17:52:37 - [TEST_STEP][PASSED] - out.println("Value of Execute is : " + ExecuteTC): null

2024-11-12 17:52:37 - [TEST_STEP][PASSED] - if (ExecuteTC.equalsIgnoreCase("Y")): null

2024-11-12 17:52:37 - [TEST_STEP][PASSED] - out.println("Begin Record Number: " + row): null

2024-11-12 17:52:37 - [TEST_STEP][PASSED] - today = new java.util.Date(): null

2024-11-12 17:52:37 - [TEST_STEP][PASSED] - println(today): null

2024-11-12 17:52:37 - [TEST_STEP][PASSED] - datText = today: null

2024-11-12 17:52:37 - [TEST_STEP][PASSED] - Taxtype = findTestData(dataFile).getValue("TaxType", row): null

2024-11-12 17:52:37 - [TEST_STEP][PASSED] - out.println("Taxtype value is : " + Taxtype): null

2024-11-12 17:52:37 - [TEST_STEP][PASSED] - openBrowser(""): Browser is opened with url: ''

2024-11-12 17:52:37 - [MESSAGE][WARNING] - A browser is already opened. Closing browser and opening a new one

2024-11-12 17:52:38 - [MESSAGE][INFO] - Starting 'Chrome' driver

2024-11-12 17:52:38 - [MESSAGE][INFO] - User set preference: ['acceptInsecureCerts', 'true']

2024-11-12 17:52:38 - [MESSAGE][INFO] - Action delay is set to 0 milliseconds

2024-11-12 17:52:40 - [MESSAGE][PASSED] - Browser is opened with url: ''

2024-11-12 17:52:40 - [TEST_STEP][PASSED] - maximizeWindow(): Current window maximized

2024-11-12 17:52:40 - [MESSAGE][PASSED] - Current window maximized

2024-11-12 17:52:40 - [TEST_STEP][PASSED] - navigateToUrl(RADurl): Navigate to 'https://www.velocitypayment.com/client/rad/index.html' successfully

2024-11-12 17:52:41 - [MESSAGE][PASSED] - Navigate to 'https://www.velocitypayment.com/client/rad/index.html' successfully

2024-11-12 17:52:41 - [TEST_STEP][PASSED] - orPath_Landing = "Object Repository/RAD_Pages/Landing_Page": null

2024-11-12 17:52:41 - [TEST_STEP][PASSED] - orPath_TaxTypeFilingYear = "Object Repository/RAD_Pages/TaxTypeFilingYear_Page": null

2024-11-12 17:52:41 - [TEST_STEP][PASSED] - orPath_TaxPayer = "Object Repository/RAD_Pages/Taxpayer_Page": null

2024-11-12 17:52:41 - [TEST_STEP][PASSED] - orPath_AddressContact = "Object Repository/RAD_Pages/AddressAndContactInfo_Page": null

2024-11-12 17:52:41 - [TEST_STEP][PASSED] - orPath_FilingStatus = "Object Repository/RAD_Pages/FilingStatus_Page": null

2024-11-12 17:52:41 - [TEST_STEP][PASSED] - orPath_Amount = "Object Repository/RAD_Pages/PaymentAmount_Page": null

2024-11-12 17:52:41 - [TEST_STEP][PASSED] - selectOptionByLabel(findTestObject(orPath_Landing + "/dd_TaxType"), Paymenttype, false): All options with label 'Existing Liability with Notice/Invoice Number' are selected in object 'Object Repository/RAD_Pages/Landing_Page/dd_TaxType' 

2024-11-12 17:52:42 - [MESSAGE][PASSED] - All options with label 'Existing Liability with Notice/Invoice Number' are selected in object 'Object Repository/RAD_Pages/Landing_Page/dd_TaxType' 

2024-11-12 17:52:42 - [TEST_STEP][PASSED] - delay(1): Delayed 1 second(s)

2024-11-12 17:52:43 - [MESSAGE][PASSED] - Delayed 1 second(s)

2024-11-12 17:52:43 - [TEST_STEP][PASSED] - switch (Paymenttype): null

2024-11-12 17:52:43 - [TEST_STEP][PASSED] - delay(1): Delayed 1 second(s)

2024-11-12 17:52:44 - [MESSAGE][PASSED] - Delayed 1 second(s)

2024-11-12 17:52:44 - [TEST_STEP][PASSED] - scrollToElement(findTestObject(orPath_Amount + "/input__paymentAmount"), 3): Scroll to object 'Object Repository/RAD_Pages/PaymentAmount_Page/input__paymentAmount' successfully

2024-11-12 17:52:44 - [MESSAGE][PASSED] - Scroll to object 'Object Repository/RAD_Pages/PaymentAmount_Page/input__paymentAmount' successfully

2024-11-12 17:52:44 - [TEST_STEP][PASSED] - setText(findTestObject(orPath_AddressContact + "/input_eMailAddress"), "imtiazster@gmail.com"): Text 'imtiazster@gmail.com' is set on object 'Object Repository/RAD_Pages/AddressAndContactInfo_Page/input_eMailAddress'

2024-11-12 17:52:45 - [MESSAGE][PASSED] - Text 'imtiazster@gmail.com' is set on object 'Object Repository/RAD_Pages/AddressAndContactInfo_Page/input_eMailAddress'

2024-11-12 17:52:45 - [TEST_STEP][PASSED] - setText(findTestObject(orPath_AddressContact + "/input_reEnterEMailAddress"), "iahmed@govolution.com"): Text 'iahmed@govolution.com' is set on object 'Object Repository/RAD_Pages/AddressAndContactInfo_Page/input_reEnterEMailAddress'

2024-11-12 17:52:46 - [MESSAGE][PASSED] - Text 'iahmed@govolution.com' is set on object 'Object Repository/RAD_Pages/AddressAndContactInfo_Page/input_reEnterEMailAddress'

2024-11-12 17:52:46 - [TEST_STEP][PASSED] - delay(2): Delayed 2 second(s)

2024-11-12 17:52:48 - [MESSAGE][PASSED] - Delayed 2 second(s)

2024-11-12 17:52:48 - [TEST_STEP][PASSED] - if (verifyTextPresent("The Email and Re-enter email do not match", true)): null

2024-11-12 17:52:49 - [MESSAGE][PASSED] - Text 'The Email and Re-enter email do not match' is present on page  using regular expression

2024-11-12 17:52:49 - [TEST_STEP][PASSED] - println("Emails Dont match text is present"): null

2024-11-12 17:52:49 - [TEST_STEP][PASSED] - out.println("Pass Record Number: " + row): null

2024-11-12 17:52:49 - [TEST_STEP][PASSED] - resText = "Pass": null

2024-11-12 17:52:49 - [TEST_STEP][PASSED] - pages.WriteExcel.demoKey(resText, datText, resColumn, datCloumn, fileLoc, nameSheet, row): pages.WriteExcel.demoKey is PASSED

2024-11-12 17:52:49 - [MESSAGE][PASSED] - pages.WriteExcel.demoKey is PASSED

2024-11-12 17:52:49 - [TEST_STEP][PASSED] - ExecuteTC = findTestData(dataFile).getValue("Execute", row): null

2024-11-12 17:52:49 - [TEST_STEP][PASSED] - Taxtype = findTestData(dataFile).getValue("TaxType", row): null

2024-11-12 17:52:49 - [TEST_STEP][PASSED] - Paymenttype = findTestData(dataFile).getValue("PaymentType", row): null

2024-11-12 17:52:49 - [TEST_STEP][PASSED] - out.println("Value of Execute is : " + ExecuteTC): null

2024-11-12 17:52:49 - [TEST_STEP][PASSED] - if (ExecuteTC.equalsIgnoreCase("Y")): null

2024-11-12 17:52:49 - [TEST_STEP][PASSED] - out.println("Begin Record Number: " + row): null

2024-11-12 17:52:49 - [TEST_STEP][PASSED] - today = new java.util.Date(): null

2024-11-12 17:52:49 - [TEST_STEP][PASSED] - println(today): null

2024-11-12 17:52:49 - [TEST_STEP][PASSED] - datText = today: null

2024-11-12 17:52:49 - [TEST_STEP][PASSED] - Taxtype = findTestData(dataFile).getValue("TaxType", row): null

2024-11-12 17:52:49 - [TEST_STEP][PASSED] - out.println("Taxtype value is : " + Taxtype): null

2024-11-12 17:52:49 - [TEST_STEP][PASSED] - openBrowser(""): Browser is opened with url: ''

2024-11-12 17:52:49 - [MESSAGE][WARNING] - A browser is already opened. Closing browser and opening a new one

2024-11-12 17:52:50 - [MESSAGE][INFO] - Starting 'Chrome' driver

2024-11-12 17:52:50 - [MESSAGE][INFO] - User set preference: ['acceptInsecureCerts', 'true']

2024-11-12 17:52:50 - [MESSAGE][INFO] - Action delay is set to 0 milliseconds

2024-11-12 17:52:52 - [MESSAGE][PASSED] - Browser is opened with url: ''

2024-11-12 17:52:52 - [TEST_STEP][PASSED] - maximizeWindow(): Current window maximized

2024-11-12 17:52:52 - [MESSAGE][PASSED] - Current window maximized

2024-11-12 17:52:52 - [TEST_STEP][PASSED] - navigateToUrl(RADurl): Navigate to 'https://www.velocitypayment.com/client/rad/index.html' successfully

2024-11-12 17:52:53 - [MESSAGE][PASSED] - Navigate to 'https://www.velocitypayment.com/client/rad/index.html' successfully

2024-11-12 17:52:53 - [TEST_STEP][PASSED] - orPath_Landing = "Object Repository/RAD_Pages/Landing_Page": null

2024-11-12 17:52:53 - [TEST_STEP][PASSED] - orPath_TaxTypeFilingYear = "Object Repository/RAD_Pages/TaxTypeFilingYear_Page": null

2024-11-12 17:52:53 - [TEST_STEP][PASSED] - orPath_TaxPayer = "Object Repository/RAD_Pages/Taxpayer_Page": null

2024-11-12 17:52:53 - [TEST_STEP][PASSED] - orPath_AddressContact = "Object Repository/RAD_Pages/AddressAndContactInfo_Page": null

2024-11-12 17:52:53 - [TEST_STEP][PASSED] - orPath_FilingStatus = "Object Repository/RAD_Pages/FilingStatus_Page": null

2024-11-12 17:52:53 - [TEST_STEP][PASSED] - orPath_Amount = "Object Repository/RAD_Pages/PaymentAmount_Page": null

2024-11-12 17:52:53 - [TEST_STEP][PASSED] - selectOptionByLabel(findTestObject(orPath_Landing + "/dd_TaxType"), Paymenttype, false): All options with label 'Existing Liability with Notice/Invoice Number' are selected in object 'Object Repository/RAD_Pages/Landing_Page/dd_TaxType' 

2024-11-12 17:52:54 - [MESSAGE][PASSED] - All options with label 'Existing Liability with Notice/Invoice Number' are selected in object 'Object Repository/RAD_Pages/Landing_Page/dd_TaxType' 

2024-11-12 17:52:54 - [TEST_STEP][PASSED] - delay(1): Delayed 1 second(s)

2024-11-12 17:52:55 - [MESSAGE][PASSED] - Delayed 1 second(s)

2024-11-12 17:52:55 - [TEST_STEP][PASSED] - switch (Paymenttype): null

2024-11-12 17:52:55 - [TEST_STEP][PASSED] - delay(1): Delayed 1 second(s)

2024-11-12 17:52:56 - [MESSAGE][PASSED] - Delayed 1 second(s)

2024-11-12 17:52:56 - [TEST_STEP][PASSED] - scrollToElement(findTestObject(orPath_Amount + "/input__paymentAmount"), 3): Scroll to object 'Object Repository/RAD_Pages/PaymentAmount_Page/input__paymentAmount' successfully

2024-11-12 17:52:56 - [MESSAGE][PASSED] - Scroll to object 'Object Repository/RAD_Pages/PaymentAmount_Page/input__paymentAmount' successfully

2024-11-12 17:52:56 - [TEST_STEP][PASSED] - setText(findTestObject(orPath_AddressContact + "/input_eMailAddress"), "imtiazster@gmail.com"): Text 'imtiazster@gmail.com' is set on object 'Object Repository/RAD_Pages/AddressAndContactInfo_Page/input_eMailAddress'

2024-11-12 17:52:57 - [MESSAGE][PASSED] - Text 'imtiazster@gmail.com' is set on object 'Object Repository/RAD_Pages/AddressAndContactInfo_Page/input_eMailAddress'

2024-11-12 17:52:57 - [TEST_STEP][PASSED] - setText(findTestObject(orPath_AddressContact + "/input_reEnterEMailAddress"), "iahmed@govolution.com"): Text 'iahmed@govolution.com' is set on object 'Object Repository/RAD_Pages/AddressAndContactInfo_Page/input_reEnterEMailAddress'

2024-11-12 17:52:58 - [MESSAGE][PASSED] - Text 'iahmed@govolution.com' is set on object 'Object Repository/RAD_Pages/AddressAndContactInfo_Page/input_reEnterEMailAddress'

2024-11-12 17:52:58 - [TEST_STEP][PASSED] - delay(2): Delayed 2 second(s)

2024-11-12 17:53:00 - [MESSAGE][PASSED] - Delayed 2 second(s)

2024-11-12 17:53:00 - [TEST_STEP][PASSED] - if (verifyTextPresent("The Email and Re-enter email do not match", true)): null

2024-11-12 17:53:01 - [MESSAGE][PASSED] - Text 'The Email and Re-enter email do not match' is present on page  using regular expression

2024-11-12 17:53:01 - [TEST_STEP][PASSED] - println("Emails Dont match text is present"): null

2024-11-12 17:53:01 - [TEST_STEP][PASSED] - out.println("Pass Record Number: " + row): null

2024-11-12 17:53:01 - [TEST_STEP][PASSED] - resText = "Pass": null

2024-11-12 17:53:01 - [TEST_STEP][PASSED] - pages.WriteExcel.demoKey(resText, datText, resColumn, datCloumn, fileLoc, nameSheet, row): pages.WriteExcel.demoKey is PASSED

2024-11-12 17:53:01 - [MESSAGE][PASSED] - pages.WriteExcel.demoKey is PASSED

2024-11-12 17:53:01 - [TEST_STEP][PASSED] - ExecuteTC = findTestData(dataFile).getValue("Execute", row): null

2024-11-12 17:53:01 - [TEST_STEP][PASSED] - Taxtype = findTestData(dataFile).getValue("TaxType", row): null

2024-11-12 17:53:01 - [TEST_STEP][PASSED] - Paymenttype = findTestData(dataFile).getValue("PaymentType", row): null

2024-11-12 17:53:01 - [TEST_STEP][PASSED] - out.println("Value of Execute is : " + ExecuteTC): null

2024-11-12 17:53:01 - [TEST_STEP][PASSED] - if (ExecuteTC.equalsIgnoreCase("Y")): null

2024-11-12 17:53:01 - [TEST_STEP][PASSED] - out.println("Begin Record Number: " + row): null

2024-11-12 17:53:01 - [TEST_STEP][PASSED] - today = new java.util.Date(): null

2024-11-12 17:53:01 - [TEST_STEP][PASSED] - println(today): null

2024-11-12 17:53:01 - [TEST_STEP][PASSED] - datText = today: null

2024-11-12 17:53:01 - [TEST_STEP][PASSED] - Taxtype = findTestData(dataFile).getValue("TaxType", row): null

2024-11-12 17:53:01 - [TEST_STEP][PASSED] - out.println("Taxtype value is : " + Taxtype): null

2024-11-12 17:53:01 - [TEST_STEP][PASSED] - openBrowser(""): Browser is opened with url: ''

2024-11-12 17:53:01 - [MESSAGE][WARNING] - A browser is already opened. Closing browser and opening a new one

2024-11-12 17:53:02 - [MESSAGE][INFO] - Starting 'Chrome' driver

2024-11-12 17:53:02 - [MESSAGE][INFO] - User set preference: ['acceptInsecureCerts', 'true']

2024-11-12 17:53:02 - [MESSAGE][INFO] - Action delay is set to 0 milliseconds

2024-11-12 17:53:04 - [MESSAGE][PASSED] - Browser is opened with url: ''

2024-11-12 17:53:04 - [TEST_STEP][PASSED] - maximizeWindow(): Current window maximized

2024-11-12 17:53:04 - [MESSAGE][PASSED] - Current window maximized

2024-11-12 17:53:04 - [TEST_STEP][PASSED] - navigateToUrl(RADurl): Navigate to 'https://www.velocitypayment.com/client/rad/index.html' successfully

2024-11-12 17:53:04 - [MESSAGE][PASSED] - Navigate to 'https://www.velocitypayment.com/client/rad/index.html' successfully

2024-11-12 17:53:04 - [TEST_STEP][PASSED] - orPath_Landing = "Object Repository/RAD_Pages/Landing_Page": null

2024-11-12 17:53:04 - [TEST_STEP][PASSED] - orPath_TaxTypeFilingYear = "Object Repository/RAD_Pages/TaxTypeFilingYear_Page": null

2024-11-12 17:53:04 - [TEST_STEP][PASSED] - orPath_TaxPayer = "Object Repository/RAD_Pages/Taxpayer_Page": null

2024-11-12 17:53:04 - [TEST_STEP][PASSED] - orPath_AddressContact = "Object Repository/RAD_Pages/AddressAndContactInfo_Page": null

2024-11-12 17:53:04 - [TEST_STEP][PASSED] - orPath_FilingStatus = "Object Repository/RAD_Pages/FilingStatus_Page": null

2024-11-12 17:53:04 - [TEST_STEP][PASSED] - orPath_Amount = "Object Repository/RAD_Pages/PaymentAmount_Page": null

2024-11-12 17:53:04 - [TEST_STEP][PASSED] - selectOptionByLabel(findTestObject(orPath_Landing + "/dd_TaxType"), Paymenttype, false): All options with label 'Existing Liability with Notice/Invoice Number' are selected in object 'Object Repository/RAD_Pages/Landing_Page/dd_TaxType' 

2024-11-12 17:53:06 - [MESSAGE][PASSED] - All options with label 'Existing Liability with Notice/Invoice Number' are selected in object 'Object Repository/RAD_Pages/Landing_Page/dd_TaxType' 

2024-11-12 17:53:06 - [TEST_STEP][PASSED] - delay(1): Delayed 1 second(s)

2024-11-12 17:53:07 - [MESSAGE][PASSED] - Delayed 1 second(s)

2024-11-12 17:53:07 - [TEST_STEP][PASSED] - switch (Paymenttype): null

2024-11-12 17:53:07 - [TEST_STEP][PASSED] - delay(1): Delayed 1 second(s)

2024-11-12 17:53:08 - [MESSAGE][PASSED] - Delayed 1 second(s)

2024-11-12 17:53:08 - [TEST_STEP][PASSED] - scrollToElement(findTestObject(orPath_Amount + "/input__paymentAmount"), 3): Scroll to object 'Object Repository/RAD_Pages/PaymentAmount_Page/input__paymentAmount' successfully

2024-11-12 17:53:08 - [MESSAGE][PASSED] - Scroll to object 'Object Repository/RAD_Pages/PaymentAmount_Page/input__paymentAmount' successfully

2024-11-12 17:53:08 - [TEST_STEP][PASSED] - setText(findTestObject(orPath_AddressContact + "/input_eMailAddress"), "imtiazster@gmail.com"): Text 'imtiazster@gmail.com' is set on object 'Object Repository/RAD_Pages/AddressAndContactInfo_Page/input_eMailAddress'

2024-11-12 17:53:09 - [MESSAGE][PASSED] - Text 'imtiazster@gmail.com' is set on object 'Object Repository/RAD_Pages/AddressAndContactInfo_Page/input_eMailAddress'

2024-11-12 17:53:09 - [TEST_STEP][PASSED] - setText(findTestObject(orPath_AddressContact + "/input_reEnterEMailAddress"), "iahmed@govolution.com"): Text 'iahmed@govolution.com' is set on object 'Object Repository/RAD_Pages/AddressAndContactInfo_Page/input_reEnterEMailAddress'

2024-11-12 17:53:10 - [MESSAGE][PASSED] - Text 'iahmed@govolution.com' is set on object 'Object Repository/RAD_Pages/AddressAndContactInfo_Page/input_reEnterEMailAddress'

2024-11-12 17:53:10 - [TEST_STEP][PASSED] - delay(2): Delayed 2 second(s)

2024-11-12 17:53:12 - [MESSAGE][PASSED] - Delayed 2 second(s)

2024-11-12 17:53:12 - [TEST_STEP][PASSED] - if (verifyTextPresent("The Email and Re-enter email do not match", true)): null

2024-11-12 17:53:12 - [MESSAGE][PASSED] - Text 'The Email and Re-enter email do not match' is present on page  using regular expression

2024-11-12 17:53:12 - [TEST_STEP][PASSED] - println("Emails Dont match text is present"): null

2024-11-12 17:53:12 - [TEST_STEP][PASSED] - out.println("Pass Record Number: " + row): null

2024-11-12 17:53:12 - [TEST_STEP][PASSED] - resText = "Pass": null

2024-11-12 17:53:12 - [TEST_STEP][PASSED] - pages.WriteExcel.demoKey(resText, datText, resColumn, datCloumn, fileLoc, nameSheet, row): pages.WriteExcel.demoKey is PASSED

2024-11-12 17:53:13 - [MESSAGE][PASSED] - pages.WriteExcel.demoKey is PASSED

2024-11-12 17:53:13 - [TEST_STEP][PASSED] - ExecuteTC = findTestData(dataFile).getValue("Execute", row): null

2024-11-12 17:53:13 - [TEST_STEP][PASSED] - Taxtype = findTestData(dataFile).getValue("TaxType", row): null

2024-11-12 17:53:13 - [TEST_STEP][PASSED] - Paymenttype = findTestData(dataFile).getValue("PaymentType", row): null

2024-11-12 17:53:13 - [TEST_STEP][PASSED] - out.println("Value of Execute is : " + ExecuteTC): null

2024-11-12 17:53:13 - [TEST_STEP][PASSED] - if (ExecuteTC.equalsIgnoreCase("Y")): null

2024-11-12 17:53:13 - [TEST_STEP][PASSED] - out.println("Begin Record Number: " + row): null

2024-11-12 17:53:13 - [TEST_STEP][PASSED] - today = new java.util.Date(): null

2024-11-12 17:53:13 - [TEST_STEP][PASSED] - println(today): null

2024-11-12 17:53:13 - [TEST_STEP][PASSED] - datText = today: null

2024-11-12 17:53:13 - [TEST_STEP][PASSED] - Taxtype = findTestData(dataFile).getValue("TaxType", row): null

2024-11-12 17:53:13 - [TEST_STEP][PASSED] - out.println("Taxtype value is : " + Taxtype): null

2024-11-12 17:53:13 - [TEST_STEP][PASSED] - openBrowser(""): Browser is opened with url: ''

2024-11-12 17:53:13 - [MESSAGE][WARNING] - A browser is already opened. Closing browser and opening a new one

2024-11-12 17:53:14 - [MESSAGE][INFO] - Starting 'Chrome' driver

2024-11-12 17:53:14 - [MESSAGE][INFO] - User set preference: ['acceptInsecureCerts', 'true']

2024-11-12 17:53:14 - [MESSAGE][INFO] - Action delay is set to 0 milliseconds

2024-11-12 17:53:16 - [MESSAGE][PASSED] - Browser is opened with url: ''

2024-11-12 17:53:16 - [TEST_STEP][PASSED] - maximizeWindow(): Current window maximized

2024-11-12 17:53:16 - [MESSAGE][PASSED] - Current window maximized

2024-11-12 17:53:16 - [TEST_STEP][PASSED] - navigateToUrl(RADurl): Navigate to 'https://www.velocitypayment.com/client/rad/index.html' successfully

2024-11-12 17:53:16 - [MESSAGE][PASSED] - Navigate to 'https://www.velocitypayment.com/client/rad/index.html' successfully

2024-11-12 17:53:16 - [TEST_STEP][PASSED] - orPath_Landing = "Object Repository/RAD_Pages/Landing_Page": null

2024-11-12 17:53:16 - [TEST_STEP][PASSED] - orPath_TaxTypeFilingYear = "Object Repository/RAD_Pages/TaxTypeFilingYear_Page": null

2024-11-12 17:53:16 - [TEST_STEP][PASSED] - orPath_TaxPayer = "Object Repository/RAD_Pages/Taxpayer_Page": null

2024-11-12 17:53:16 - [TEST_STEP][PASSED] - orPath_AddressContact = "Object Repository/RAD_Pages/AddressAndContactInfo_Page": null

2024-11-12 17:53:16 - [TEST_STEP][PASSED] - orPath_FilingStatus = "Object Repository/RAD_Pages/FilingStatus_Page": null

2024-11-12 17:53:16 - [TEST_STEP][PASSED] - orPath_Amount = "Object Repository/RAD_Pages/PaymentAmount_Page": null

2024-11-12 17:53:16 - [TEST_STEP][PASSED] - selectOptionByLabel(findTestObject(orPath_Landing + "/dd_TaxType"), Paymenttype, false): All options with label 'Existing Liability with Notice/Invoice Number' are selected in object 'Object Repository/RAD_Pages/Landing_Page/dd_TaxType' 

2024-11-12 17:53:18 - [MESSAGE][PASSED] - All options with label 'Existing Liability with Notice/Invoice Number' are selected in object 'Object Repository/RAD_Pages/Landing_Page/dd_TaxType' 

2024-11-12 17:53:18 - [TEST_STEP][PASSED] - delay(1): Delayed 1 second(s)

2024-11-12 17:53:19 - [MESSAGE][PASSED] - Delayed 1 second(s)

2024-11-12 17:53:19 - [TEST_STEP][PASSED] - switch (Paymenttype): null

2024-11-12 17:53:19 - [TEST_STEP][PASSED] - delay(1): Delayed 1 second(s)

2024-11-12 17:53:20 - [MESSAGE][PASSED] - Delayed 1 second(s)

2024-11-12 17:53:20 - [TEST_STEP][PASSED] - scrollToElement(findTestObject(orPath_Amount + "/input__paymentAmount"), 3): Scroll to object 'Object Repository/RAD_Pages/PaymentAmount_Page/input__paymentAmount' successfully

2024-11-12 17:53:20 - [MESSAGE][PASSED] - Scroll to object 'Object Repository/RAD_Pages/PaymentAmount_Page/input__paymentAmount' successfully

2024-11-12 17:53:20 - [TEST_STEP][PASSED] - setText(findTestObject(orPath_AddressContact + "/input_eMailAddress"), "imtiazster@gmail.com"): Text 'imtiazster@gmail.com' is set on object 'Object Repository/RAD_Pages/AddressAndContactInfo_Page/input_eMailAddress'

2024-11-12 17:53:21 - [MESSAGE][PASSED] - Text 'imtiazster@gmail.com' is set on object 'Object Repository/RAD_Pages/AddressAndContactInfo_Page/input_eMailAddress'

2024-11-12 17:53:21 - [TEST_STEP][PASSED] - setText(findTestObject(orPath_AddressContact + "/input_reEnterEMailAddress"), "iahmed@govolution.com"): Text 'iahmed@govolution.com' is set on object 'Object Repository/RAD_Pages/AddressAndContactInfo_Page/input_reEnterEMailAddress'

2024-11-12 17:53:22 - [MESSAGE][PASSED] - Text 'iahmed@govolution.com' is set on object 'Object Repository/RAD_Pages/AddressAndContactInfo_Page/input_reEnterEMailAddress'

2024-11-12 17:53:22 - [TEST_STEP][PASSED] - delay(2): Delayed 2 second(s)

2024-11-12 17:53:24 - [MESSAGE][PASSED] - Delayed 2 second(s)

2024-11-12 17:53:24 - [TEST_STEP][PASSED] - if (verifyTextPresent("The Email and Re-enter email do not match", true)): null

2024-11-12 17:53:24 - [MESSAGE][PASSED] - Text 'The Email and Re-enter email do not match' is present on page  using regular expression

2024-11-12 17:53:24 - [TEST_STEP][PASSED] - println("Emails Dont match text is present"): null

2024-11-12 17:53:24 - [TEST_STEP][PASSED] - out.println("Pass Record Number: " + row): null

2024-11-12 17:53:24 - [TEST_STEP][PASSED] - resText = "Pass": null

2024-11-12 17:53:24 - [TEST_STEP][PASSED] - pages.WriteExcel.demoKey(resText, datText, resColumn, datCloumn, fileLoc, nameSheet, row): pages.WriteExcel.demoKey is PASSED

2024-11-12 17:53:24 - [MESSAGE][PASSED] - pages.WriteExcel.demoKey is PASSED

2024-11-12 17:53:24 - [TEST_STEP][PASSED] - ExecuteTC = findTestData(dataFile).getValue("Execute", row): null

2024-11-12 17:53:24 - [TEST_STEP][PASSED] - Taxtype = findTestData(dataFile).getValue("TaxType", row): null

2024-11-12 17:53:24 - [TEST_STEP][PASSED] - Paymenttype = findTestData(dataFile).getValue("PaymentType", row): null

2024-11-12 17:53:24 - [TEST_STEP][PASSED] - out.println("Value of Execute is : " + ExecuteTC): null

2024-11-12 17:53:24 - [TEST_STEP][PASSED] - if (ExecuteTC.equalsIgnoreCase("Y")): null

2024-11-12 17:53:24 - [TEST_STEP][PASSED] - out.println("Begin Record Number: " + row): null

2024-11-12 17:53:24 - [TEST_STEP][PASSED] - today = new java.util.Date(): null

2024-11-12 17:53:24 - [TEST_STEP][PASSED] - println(today): null

2024-11-12 17:53:24 - [TEST_STEP][PASSED] - datText = today: null

2024-11-12 17:53:24 - [TEST_STEP][PASSED] - Taxtype = findTestData(dataFile).getValue("TaxType", row): null

2024-11-12 17:53:24 - [TEST_STEP][PASSED] - out.println("Taxtype value is : " + Taxtype): null

2024-11-12 17:53:24 - [TEST_STEP][PASSED] - openBrowser(""): Browser is opened with url: ''

2024-11-12 17:53:24 - [MESSAGE][WARNING] - A browser is already opened. Closing browser and opening a new one

2024-11-12 17:53:26 - [MESSAGE][INFO] - Starting 'Chrome' driver

2024-11-12 17:53:26 - [MESSAGE][INFO] - User set preference: ['acceptInsecureCerts', 'true']

2024-11-12 17:53:26 - [MESSAGE][INFO] - Action delay is set to 0 milliseconds

2024-11-12 17:53:27 - [MESSAGE][PASSED] - Browser is opened with url: ''

2024-11-12 17:53:27 - [TEST_STEP][PASSED] - maximizeWindow(): Current window maximized

2024-11-12 17:53:27 - [MESSAGE][PASSED] - Current window maximized

2024-11-12 17:53:27 - [TEST_STEP][PASSED] - navigateToUrl(RADurl): Navigate to 'https://www.velocitypayment.com/client/rad/index.html' successfully

2024-11-12 17:53:29 - [MESSAGE][PASSED] - Navigate to 'https://www.velocitypayment.com/client/rad/index.html' successfully

2024-11-12 17:53:29 - [TEST_STEP][PASSED] - orPath_Landing = "Object Repository/RAD_Pages/Landing_Page": null

2024-11-12 17:53:29 - [TEST_STEP][PASSED] - orPath_TaxTypeFilingYear = "Object Repository/RAD_Pages/TaxTypeFilingYear_Page": null

2024-11-12 17:53:29 - [TEST_STEP][PASSED] - orPath_TaxPayer = "Object Repository/RAD_Pages/Taxpayer_Page": null

2024-11-12 17:53:29 - [TEST_STEP][PASSED] - orPath_AddressContact = "Object Repository/RAD_Pages/AddressAndContactInfo_Page": null

2024-11-12 17:53:29 - [TEST_STEP][PASSED] - orPath_FilingStatus = "Object Repository/RAD_Pages/FilingStatus_Page": null

2024-11-12 17:53:29 - [TEST_STEP][PASSED] - orPath_Amount = "Object Repository/RAD_Pages/PaymentAmount_Page": null

2024-11-12 17:53:29 - [TEST_STEP][PASSED] - selectOptionByLabel(findTestObject(orPath_Landing + "/dd_TaxType"), Paymenttype, false): All options with label 'Existing Liability with Notice/Invoice Number' are selected in object 'Object Repository/RAD_Pages/Landing_Page/dd_TaxType' 

2024-11-12 17:53:30 - [MESSAGE][PASSED] - All options with label 'Existing Liability with Notice/Invoice Number' are selected in object 'Object Repository/RAD_Pages/Landing_Page/dd_TaxType' 

2024-11-12 17:53:30 - [TEST_STEP][PASSED] - delay(1): Delayed 1 second(s)

2024-11-12 17:53:31 - [MESSAGE][PASSED] - Delayed 1 second(s)

2024-11-12 17:53:31 - [TEST_STEP][PASSED] - switch (Paymenttype): null

2024-11-12 17:53:31 - [TEST_STEP][PASSED] - delay(1): Delayed 1 second(s)

2024-11-12 17:53:32 - [MESSAGE][PASSED] - Delayed 1 second(s)

2024-11-12 17:53:32 - [TEST_STEP][PASSED] - scrollToElement(findTestObject(orPath_Amount + "/input__paymentAmount"), 3): Scroll to object 'Object Repository/RAD_Pages/PaymentAmount_Page/input__paymentAmount' successfully

2024-11-12 17:53:32 - [MESSAGE][PASSED] - Scroll to object 'Object Repository/RAD_Pages/PaymentAmount_Page/input__paymentAmount' successfully

2024-11-12 17:53:32 - [TEST_STEP][PASSED] - setText(findTestObject(orPath_AddressContact + "/input_eMailAddress"), "imtiazster@gmail.com"): Text 'imtiazster@gmail.com' is set on object 'Object Repository/RAD_Pages/AddressAndContactInfo_Page/input_eMailAddress'

2024-11-12 17:53:33 - [MESSAGE][PASSED] - Text 'imtiazster@gmail.com' is set on object 'Object Repository/RAD_Pages/AddressAndContactInfo_Page/input_eMailAddress'

2024-11-12 17:53:33 - [TEST_STEP][PASSED] - setText(findTestObject(orPath_AddressContact + "/input_reEnterEMailAddress"), "iahmed@govolution.com"): Text 'iahmed@govolution.com' is set on object 'Object Repository/RAD_Pages/AddressAndContactInfo_Page/input_reEnterEMailAddress'

2024-11-12 17:53:34 - [MESSAGE][PASSED] - Text 'iahmed@govolution.com' is set on object 'Object Repository/RAD_Pages/AddressAndContactInfo_Page/input_reEnterEMailAddress'

2024-11-12 17:53:34 - [TEST_STEP][PASSED] - delay(2): Delayed 2 second(s)

2024-11-12 17:53:36 - [MESSAGE][PASSED] - Delayed 2 second(s)

2024-11-12 17:53:36 - [TEST_STEP][PASSED] - if (verifyTextPresent("The Email and Re-enter email do not match", true)): null

2024-11-12 17:53:36 - [MESSAGE][PASSED] - Text 'The Email and Re-enter email do not match' is present on page  using regular expression

2024-11-12 17:53:36 - [TEST_STEP][PASSED] - println("Emails Dont match text is present"): null

2024-11-12 17:53:36 - [TEST_STEP][PASSED] - out.println("Pass Record Number: " + row): null

2024-11-12 17:53:36 - [TEST_STEP][PASSED] - resText = "Pass": null

2024-11-12 17:53:36 - [TEST_STEP][PASSED] - pages.WriteExcel.demoKey(resText, datText, resColumn, datCloumn, fileLoc, nameSheet, row): pages.WriteExcel.demoKey is PASSED

2024-11-12 17:53:36 - [MESSAGE][PASSED] - pages.WriteExcel.demoKey is PASSED

2024-11-12 17:53:36 - [TEST_STEP][PASSED] - ExecuteTC = findTestData(dataFile).getValue("Execute", row): null

2024-11-12 17:53:36 - [TEST_STEP][PASSED] - Taxtype = findTestData(dataFile).getValue("TaxType", row): null

2024-11-12 17:53:36 - [TEST_STEP][PASSED] - Paymenttype = findTestData(dataFile).getValue("PaymentType", row): null

2024-11-12 17:53:36 - [TEST_STEP][PASSED] - out.println("Value of Execute is : " + ExecuteTC): null

2024-11-12 17:53:36 - [TEST_STEP][PASSED] - if (ExecuteTC.equalsIgnoreCase("Y")): null

2024-11-12 17:53:36 - [TEST_STEP][PASSED] - out.println("Begin Record Number: " + row): null

2024-11-12 17:53:36 - [TEST_STEP][PASSED] - today = new java.util.Date(): null

2024-11-12 17:53:36 - [TEST_STEP][PASSED] - println(today): null

2024-11-12 17:53:36 - [TEST_STEP][PASSED] - datText = today: null

2024-11-12 17:53:36 - [TEST_STEP][PASSED] - Taxtype = findTestData(dataFile).getValue("TaxType", row): null

2024-11-12 17:53:36 - [TEST_STEP][PASSED] - out.println("Taxtype value is : " + Taxtype): null

2024-11-12 17:53:36 - [TEST_STEP][PASSED] - openBrowser(""): Browser is opened with url: ''

2024-11-12 17:53:36 - [MESSAGE][WARNING] - A browser is already opened. Closing browser and opening a new one

2024-11-12 17:53:40 - [MESSAGE][INFO] - Starting 'Chrome' driver

2024-11-12 17:53:40 - [MESSAGE][INFO] - User set preference: ['acceptInsecureCerts', 'true']

2024-11-12 17:53:40 - [MESSAGE][INFO] - Action delay is set to 0 milliseconds

2024-11-12 17:53:41 - [MESSAGE][PASSED] - Browser is opened with url: ''

2024-11-12 17:53:41 - [TEST_STEP][PASSED] - maximizeWindow(): Current window maximized

2024-11-12 17:53:41 - [MESSAGE][PASSED] - Current window maximized

2024-11-12 17:53:41 - [TEST_STEP][PASSED] - navigateToUrl(RADurl): Navigate to 'https://www.velocitypayment.com/client/rad/index.html' successfully

2024-11-12 17:53:43 - [MESSAGE][PASSED] - Navigate to 'https://www.velocitypayment.com/client/rad/index.html' successfully

2024-11-12 17:53:43 - [TEST_STEP][PASSED] - orPath_Landing = "Object Repository/RAD_Pages/Landing_Page": null

2024-11-12 17:53:43 - [TEST_STEP][PASSED] - orPath_TaxTypeFilingYear = "Object Repository/RAD_Pages/TaxTypeFilingYear_Page": null

2024-11-12 17:53:43 - [TEST_STEP][PASSED] - orPath_TaxPayer = "Object Repository/RAD_Pages/Taxpayer_Page": null

2024-11-12 17:53:43 - [TEST_STEP][PASSED] - orPath_AddressContact = "Object Repository/RAD_Pages/AddressAndContactInfo_Page": null

2024-11-12 17:53:43 - [TEST_STEP][PASSED] - orPath_FilingStatus = "Object Repository/RAD_Pages/FilingStatus_Page": null

2024-11-12 17:53:43 - [TEST_STEP][PASSED] - orPath_Amount = "Object Repository/RAD_Pages/PaymentAmount_Page": null

2024-11-12 17:53:43 - [TEST_STEP][PASSED] - selectOptionByLabel(findTestObject(orPath_Landing + "/dd_TaxType"), Paymenttype, false): All options with label 'Existing Liability with Notice/Invoice Number' are selected in object 'Object Repository/RAD_Pages/Landing_Page/dd_TaxType' 

2024-11-12 17:53:44 - [MESSAGE][PASSED] - All options with label 'Existing Liability with Notice/Invoice Number' are selected in object 'Object Repository/RAD_Pages/Landing_Page/dd_TaxType' 

2024-11-12 17:53:44 - [TEST_STEP][PASSED] - delay(1): Delayed 1 second(s)

2024-11-12 17:53:45 - [MESSAGE][PASSED] - Delayed 1 second(s)

2024-11-12 17:53:45 - [TEST_STEP][PASSED] - switch (Paymenttype): null

2024-11-12 17:53:45 - [TEST_STEP][PASSED] - delay(1): Delayed 1 second(s)

2024-11-12 17:53:46 - [MESSAGE][PASSED] - Delayed 1 second(s)

2024-11-12 17:53:46 - [TEST_STEP][PASSED] - scrollToElement(findTestObject(orPath_Amount + "/input__paymentAmount"), 3): Scroll to object 'Object Repository/RAD_Pages/PaymentAmount_Page/input__paymentAmount' successfully

2024-11-12 17:53:46 - [MESSAGE][PASSED] - Scroll to object 'Object Repository/RAD_Pages/PaymentAmount_Page/input__paymentAmount' successfully

2024-11-12 17:53:46 - [TEST_STEP][PASSED] - setText(findTestObject(orPath_AddressContact + "/input_eMailAddress"), "imtiazster@gmail.com"): Text 'imtiazster@gmail.com' is set on object 'Object Repository/RAD_Pages/AddressAndContactInfo_Page/input_eMailAddress'

2024-11-12 17:53:47 - [MESSAGE][PASSED] - Text 'imtiazster@gmail.com' is set on object 'Object Repository/RAD_Pages/AddressAndContactInfo_Page/input_eMailAddress'

2024-11-12 17:53:47 - [TEST_STEP][PASSED] - setText(findTestObject(orPath_AddressContact + "/input_reEnterEMailAddress"), "iahmed@govolution.com"): Text 'iahmed@govolution.com' is set on object 'Object Repository/RAD_Pages/AddressAndContactInfo_Page/input_reEnterEMailAddress'

2024-11-12 17:53:48 - [MESSAGE][PASSED] - Text 'iahmed@govolution.com' is set on object 'Object Repository/RAD_Pages/AddressAndContactInfo_Page/input_reEnterEMailAddress'

2024-11-12 17:53:48 - [TEST_STEP][PASSED] - delay(2): Delayed 2 second(s)

2024-11-12 17:53:50 - [MESSAGE][PASSED] - Delayed 2 second(s)

2024-11-12 17:53:50 - [TEST_STEP][PASSED] - if (verifyTextPresent("The Email and Re-enter email do not match", true)): null

2024-11-12 17:53:50 - [MESSAGE][PASSED] - Text 'The Email and Re-enter email do not match' is present on page  using regular expression

2024-11-12 17:53:50 - [TEST_STEP][PASSED] - println("Emails Dont match text is present"): null

2024-11-12 17:53:50 - [TEST_STEP][PASSED] - out.println("Pass Record Number: " + row): null

2024-11-12 17:53:50 - [TEST_STEP][PASSED] - resText = "Pass": null

2024-11-12 17:53:50 - [TEST_STEP][PASSED] - pages.WriteExcel.demoKey(resText, datText, resColumn, datCloumn, fileLoc, nameSheet, row): pages.WriteExcel.demoKey is PASSED

2024-11-12 17:53:50 - [MESSAGE][PASSED] - pages.WriteExcel.demoKey is PASSED

2024-11-12 17:53:50 - [TEST_STEP][PASSED] - ExecuteTC = findTestData(dataFile).getValue("Execute", row): null

2024-11-12 17:53:50 - [TEST_STEP][PASSED] - Taxtype = findTestData(dataFile).getValue("TaxType", row): null

2024-11-12 17:53:50 - [TEST_STEP][PASSED] - Paymenttype = findTestData(dataFile).getValue("PaymentType", row): null

2024-11-12 17:53:50 - [TEST_STEP][PASSED] - out.println("Value of Execute is : " + ExecuteTC): null

2024-11-12 17:53:50 - [TEST_STEP][PASSED] - if (ExecuteTC.equalsIgnoreCase("Y")): null

2024-11-12 17:53:50 - [TEST_STEP][PASSED] - out.println("Begin Record Number: " + row): null

2024-11-12 17:53:50 - [TEST_STEP][PASSED] - today = new java.util.Date(): null

2024-11-12 17:53:50 - [TEST_STEP][PASSED] - println(today): null

2024-11-12 17:53:50 - [TEST_STEP][PASSED] - datText = today: null

2024-11-12 17:53:50 - [TEST_STEP][PASSED] - Taxtype = findTestData(dataFile).getValue("TaxType", row): null

2024-11-12 17:53:50 - [TEST_STEP][PASSED] - out.println("Taxtype value is : " + Taxtype): null

2024-11-12 17:53:50 - [TEST_STEP][PASSED] - openBrowser(""): Browser is opened with url: ''

2024-11-12 17:53:50 - [MESSAGE][WARNING] - A browser is already opened. Closing browser and opening a new one

2024-11-12 17:53:52 - [MESSAGE][INFO] - Starting 'Chrome' driver

2024-11-12 17:53:52 - [MESSAGE][INFO] - User set preference: ['acceptInsecureCerts', 'true']

2024-11-12 17:53:52 - [MESSAGE][INFO] - Action delay is set to 0 milliseconds

2024-11-12 17:53:53 - [MESSAGE][PASSED] - Browser is opened with url: ''

2024-11-12 17:53:53 - [TEST_STEP][PASSED] - maximizeWindow(): Current window maximized

2024-11-12 17:53:53 - [MESSAGE][PASSED] - Current window maximized

2024-11-12 17:53:53 - [TEST_STEP][PASSED] - navigateToUrl(RADurl): Navigate to 'https://www.velocitypayment.com/client/rad/index.html' successfully

2024-11-12 17:53:55 - [MESSAGE][PASSED] - Navigate to 'https://www.velocitypayment.com/client/rad/index.html' successfully

2024-11-12 17:53:55 - [TEST_STEP][PASSED] - orPath_Landing = "Object Repository/RAD_Pages/Landing_Page": null

2024-11-12 17:53:55 - [TEST_STEP][PASSED] - orPath_TaxTypeFilingYear = "Object Repository/RAD_Pages/TaxTypeFilingYear_Page": null

2024-11-12 17:53:55 - [TEST_STEP][PASSED] - orPath_TaxPayer = "Object Repository/RAD_Pages/Taxpayer_Page": null

2024-11-12 17:53:55 - [TEST_STEP][PASSED] - orPath_AddressContact = "Object Repository/RAD_Pages/AddressAndContactInfo_Page": null

2024-11-12 17:53:55 - [TEST_STEP][PASSED] - orPath_FilingStatus = "Object Repository/RAD_Pages/FilingStatus_Page": null

2024-11-12 17:53:55 - [TEST_STEP][PASSED] - orPath_Amount = "Object Repository/RAD_Pages/PaymentAmount_Page": null

2024-11-12 17:53:55 - [TEST_STEP][PASSED] - selectOptionByLabel(findTestObject(orPath_Landing + "/dd_TaxType"), Paymenttype, false): All options with label 'Existing Liability with Notice/Invoice Number' are selected in object 'Object Repository/RAD_Pages/Landing_Page/dd_TaxType' 

2024-11-12 17:53:55 - [MESSAGE][PASSED] - All options with label 'Existing Liability with Notice/Invoice Number' are selected in object 'Object Repository/RAD_Pages/Landing_Page/dd_TaxType' 

2024-11-12 17:53:55 - [TEST_STEP][PASSED] - delay(1): Delayed 1 second(s)

2024-11-12 17:53:56 - [MESSAGE][PASSED] - Delayed 1 second(s)

2024-11-12 17:53:56 - [TEST_STEP][PASSED] - switch (Paymenttype): null

2024-11-12 17:53:56 - [TEST_STEP][PASSED] - delay(1): Delayed 1 second(s)

2024-11-12 17:53:57 - [MESSAGE][PASSED] - Delayed 1 second(s)

2024-11-12 17:53:57 - [TEST_STEP][PASSED] - scrollToElement(findTestObject(orPath_Amount + "/input__paymentAmount"), 3): Scroll to object 'Object Repository/RAD_Pages/PaymentAmount_Page/input__paymentAmount' successfully

2024-11-12 17:53:58 - [MESSAGE][PASSED] - Scroll to object 'Object Repository/RAD_Pages/PaymentAmount_Page/input__paymentAmount' successfully

2024-11-12 17:53:58 - [TEST_STEP][PASSED] - setText(findTestObject(orPath_AddressContact + "/input_eMailAddress"), "imtiazster@gmail.com"): Text 'imtiazster@gmail.com' is set on object 'Object Repository/RAD_Pages/AddressAndContactInfo_Page/input_eMailAddress'

2024-11-12 17:53:59 - [MESSAGE][PASSED] - Text 'imtiazster@gmail.com' is set on object 'Object Repository/RAD_Pages/AddressAndContactInfo_Page/input_eMailAddress'

2024-11-12 17:53:59 - [TEST_STEP][PASSED] - setText(findTestObject(orPath_AddressContact + "/input_reEnterEMailAddress"), "iahmed@govolution.com"): Text 'iahmed@govolution.com' is set on object 'Object Repository/RAD_Pages/AddressAndContactInfo_Page/input_reEnterEMailAddress'

2024-11-12 17:53:59 - [MESSAGE][PASSED] - Text 'iahmed@govolution.com' is set on object 'Object Repository/RAD_Pages/AddressAndContactInfo_Page/input_reEnterEMailAddress'

2024-11-12 17:53:59 - [TEST_STEP][PASSED] - delay(2): Delayed 2 second(s)

2024-11-12 17:54:01 - [MESSAGE][PASSED] - Delayed 2 second(s)

2024-11-12 17:54:01 - [TEST_STEP][PASSED] - if (verifyTextPresent("The Email and Re-enter email do not match", true)): null

2024-11-12 17:54:02 - [MESSAGE][PASSED] - Text 'The Email and Re-enter email do not match' is present on page  using regular expression

2024-11-12 17:54:02 - [TEST_STEP][PASSED] - println("Emails Dont match text is present"): null

2024-11-12 17:54:02 - [TEST_STEP][PASSED] - out.println("Pass Record Number: " + row): null

2024-11-12 17:54:02 - [TEST_STEP][PASSED] - resText = "Pass": null

2024-11-12 17:54:02 - [TEST_STEP][PASSED] - pages.WriteExcel.demoKey(resText, datText, resColumn, datCloumn, fileLoc, nameSheet, row): pages.WriteExcel.demoKey is PASSED

2024-11-12 17:54:02 - [MESSAGE][PASSED] - pages.WriteExcel.demoKey is PASSED

2024-11-12 17:54:02 - [TEST_STEP][PASSED] - ExecuteTC = findTestData(dataFile).getValue("Execute", row): null

2024-11-12 17:54:02 - [TEST_STEP][PASSED] - Taxtype = findTestData(dataFile).getValue("TaxType", row): null

2024-11-12 17:54:02 - [TEST_STEP][PASSED] - Paymenttype = findTestData(dataFile).getValue("PaymentType", row): null

2024-11-12 17:54:02 - [TEST_STEP][PASSED] - out.println("Value of Execute is : " + ExecuteTC): null

2024-11-12 17:54:02 - [TEST_STEP][PASSED] - if (ExecuteTC.equalsIgnoreCase("Y")): null

2024-11-12 17:54:02 - [TEST_STEP][PASSED] - out.println("Begin Record Number: " + row): null

2024-11-12 17:54:02 - [TEST_STEP][PASSED] - today = new java.util.Date(): null

2024-11-12 17:54:02 - [TEST_STEP][PASSED] - println(today): null

2024-11-12 17:54:02 - [TEST_STEP][PASSED] - datText = today: null

2024-11-12 17:54:02 - [TEST_STEP][PASSED] - Taxtype = findTestData(dataFile).getValue("TaxType", row): null

2024-11-12 17:54:02 - [TEST_STEP][PASSED] - out.println("Taxtype value is : " + Taxtype): null

2024-11-12 17:54:02 - [TEST_STEP][PASSED] - openBrowser(""): Browser is opened with url: ''

2024-11-12 17:54:02 - [MESSAGE][WARNING] - A browser is already opened. Closing browser and opening a new one

2024-11-12 17:54:03 - [MESSAGE][INFO] - Starting 'Chrome' driver

2024-11-12 17:54:03 - [MESSAGE][INFO] - User set preference: ['acceptInsecureCerts', 'true']

2024-11-12 17:54:03 - [MESSAGE][INFO] - Action delay is set to 0 milliseconds

2024-11-12 17:54:05 - [MESSAGE][PASSED] - Browser is opened with url: ''

2024-11-12 17:54:05 - [TEST_STEP][PASSED] - maximizeWindow(): Current window maximized

2024-11-12 17:54:05 - [MESSAGE][PASSED] - Current window maximized

2024-11-12 17:54:05 - [TEST_STEP][PASSED] - navigateToUrl(RADurl): Navigate to 'https://www.velocitypayment.com/client/rad/index.html' successfully

2024-11-12 17:54:07 - [MESSAGE][PASSED] - Navigate to 'https://www.velocitypayment.com/client/rad/index.html' successfully

2024-11-12 17:54:07 - [TEST_STEP][PASSED] - orPath_Landing = "Object Repository/RAD_Pages/Landing_Page": null

2024-11-12 17:54:07 - [TEST_STEP][PASSED] - orPath_TaxTypeFilingYear = "Object Repository/RAD_Pages/TaxTypeFilingYear_Page": null

2024-11-12 17:54:07 - [TEST_STEP][PASSED] - orPath_TaxPayer = "Object Repository/RAD_Pages/Taxpayer_Page": null

2024-11-12 17:54:07 - [TEST_STEP][PASSED] - orPath_AddressContact = "Object Repository/RAD_Pages/AddressAndContactInfo_Page": null

2024-11-12 17:54:07 - [TEST_STEP][PASSED] - orPath_FilingStatus = "Object Repository/RAD_Pages/FilingStatus_Page": null

2024-11-12 17:54:07 - [TEST_STEP][PASSED] - orPath_Amount = "Object Repository/RAD_Pages/PaymentAmount_Page": null

2024-11-12 17:54:07 - [TEST_STEP][PASSED] - selectOptionByLabel(findTestObject(orPath_Landing + "/dd_TaxType"), Paymenttype, false): All options with label 'Existing Liability with Notice/Invoice Number' are selected in object 'Object Repository/RAD_Pages/Landing_Page/dd_TaxType' 

2024-11-12 17:54:08 - [MESSAGE][PASSED] - All options with label 'Existing Liability with Notice/Invoice Number' are selected in object 'Object Repository/RAD_Pages/Landing_Page/dd_TaxType' 

2024-11-12 17:54:08 - [TEST_STEP][PASSED] - delay(1): Delayed 1 second(s)

2024-11-12 17:54:09 - [MESSAGE][PASSED] - Delayed 1 second(s)

2024-11-12 17:54:09 - [TEST_STEP][PASSED] - switch (Paymenttype): null

2024-11-12 17:54:09 - [TEST_STEP][PASSED] - delay(1): Delayed 1 second(s)

2024-11-12 17:54:10 - [MESSAGE][PASSED] - Delayed 1 second(s)

2024-11-12 17:54:10 - [TEST_STEP][PASSED] - scrollToElement(findTestObject(orPath_Amount + "/input__paymentAmount"), 3): Scroll to object 'Object Repository/RAD_Pages/PaymentAmount_Page/input__paymentAmount' successfully

2024-11-12 17:54:10 - [MESSAGE][PASSED] - Scroll to object 'Object Repository/RAD_Pages/PaymentAmount_Page/input__paymentAmount' successfully

2024-11-12 17:54:10 - [TEST_STEP][PASSED] - setText(findTestObject(orPath_AddressContact + "/input_eMailAddress"), "imtiazster@gmail.com"): Text 'imtiazster@gmail.com' is set on object 'Object Repository/RAD_Pages/AddressAndContactInfo_Page/input_eMailAddress'

2024-11-12 17:54:11 - [MESSAGE][PASSED] - Text 'imtiazster@gmail.com' is set on object 'Object Repository/RAD_Pages/AddressAndContactInfo_Page/input_eMailAddress'

2024-11-12 17:54:11 - [TEST_STEP][PASSED] - setText(findTestObject(orPath_AddressContact + "/input_reEnterEMailAddress"), "iahmed@govolution.com"): Text 'iahmed@govolution.com' is set on object 'Object Repository/RAD_Pages/AddressAndContactInfo_Page/input_reEnterEMailAddress'

2024-11-12 17:54:12 - [MESSAGE][PASSED] - Text 'iahmed@govolution.com' is set on object 'Object Repository/RAD_Pages/AddressAndContactInfo_Page/input_reEnterEMailAddress'

2024-11-12 17:54:12 - [TEST_STEP][PASSED] - delay(2): Delayed 2 second(s)

2024-11-12 17:54:14 - [MESSAGE][PASSED] - Delayed 2 second(s)

2024-11-12 17:54:14 - [TEST_STEP][PASSED] - if (verifyTextPresent("The Email and Re-enter email do not match", true)): null

2024-11-12 17:54:14 - [MESSAGE][PASSED] - Text 'The Email and Re-enter email do not match' is present on page  using regular expression

2024-11-12 17:54:14 - [TEST_STEP][PASSED] - println("Emails Dont match text is present"): null

2024-11-12 17:54:14 - [TEST_STEP][PASSED] - out.println("Pass Record Number: " + row): null

2024-11-12 17:54:14 - [TEST_STEP][PASSED] - resText = "Pass": null

2024-11-12 17:54:14 - [TEST_STEP][PASSED] - pages.WriteExcel.demoKey(resText, datText, resColumn, datCloumn, fileLoc, nameSheet, row): pages.WriteExcel.demoKey is PASSED

2024-11-12 17:54:14 - [MESSAGE][PASSED] - pages.WriteExcel.demoKey is PASSED

2024-11-12 17:54:14 - [TEST_STEP][PASSED] - ExecuteTC = findTestData(dataFile).getValue("Execute", row): null

2024-11-12 17:54:14 - [TEST_STEP][PASSED] - Taxtype = findTestData(dataFile).getValue("TaxType", row): null

2024-11-12 17:54:15 - [TEST_STEP][PASSED] - Paymenttype = findTestData(dataFile).getValue("PaymentType", row): null

2024-11-12 17:54:15 - [TEST_STEP][PASSED] - out.println("Value of Execute is : " + ExecuteTC): null

2024-11-12 17:54:15 - [TEST_STEP][PASSED] - if (ExecuteTC.equalsIgnoreCase("Y")): null

2024-11-12 17:54:15 - [TEST_STEP][PASSED] - out.println("Begin Record Number: " + row): null

2024-11-12 17:54:15 - [TEST_STEP][PASSED] - today = new java.util.Date(): null

2024-11-12 17:54:15 - [TEST_STEP][PASSED] - println(today): null

2024-11-12 17:54:15 - [TEST_STEP][PASSED] - datText = today: null

2024-11-12 17:54:15 - [TEST_STEP][PASSED] - Taxtype = findTestData(dataFile).getValue("TaxType", row): null

2024-11-12 17:54:15 - [TEST_STEP][PASSED] - out.println("Taxtype value is : " + Taxtype): null

2024-11-12 17:54:15 - [TEST_STEP][PASSED] - openBrowser(""): Browser is opened with url: ''

2024-11-12 17:54:15 - [MESSAGE][WARNING] - A browser is already opened. Closing browser and opening a new one

2024-11-12 17:54:16 - [MESSAGE][INFO] - Starting 'Chrome' driver

2024-11-12 17:54:16 - [MESSAGE][INFO] - User set preference: ['acceptInsecureCerts', 'true']

2024-11-12 17:54:16 - [MESSAGE][INFO] - Action delay is set to 0 milliseconds

2024-11-12 17:54:17 - [MESSAGE][PASSED] - Browser is opened with url: ''

2024-11-12 17:54:17 - [TEST_STEP][PASSED] - maximizeWindow(): Current window maximized

2024-11-12 17:54:17 - [MESSAGE][PASSED] - Current window maximized

2024-11-12 17:54:17 - [TEST_STEP][PASSED] - navigateToUrl(RADurl): Navigate to 'https://www.velocitypayment.com/client/rad/index.html' successfully

2024-11-12 17:54:19 - [MESSAGE][PASSED] - Navigate to 'https://www.velocitypayment.com/client/rad/index.html' successfully

2024-11-12 17:54:19 - [TEST_STEP][PASSED] - orPath_Landing = "Object Repository/RAD_Pages/Landing_Page": null

2024-11-12 17:54:19 - [TEST_STEP][PASSED] - orPath_TaxTypeFilingYear = "Object Repository/RAD_Pages/TaxTypeFilingYear_Page": null

2024-11-12 17:54:19 - [TEST_STEP][PASSED] - orPath_TaxPayer = "Object Repository/RAD_Pages/Taxpayer_Page": null

2024-11-12 17:54:19 - [TEST_STEP][PASSED] - orPath_AddressContact = "Object Repository/RAD_Pages/AddressAndContactInfo_Page": null

2024-11-12 17:54:19 - [TEST_STEP][PASSED] - orPath_FilingStatus = "Object Repository/RAD_Pages/FilingStatus_Page": null

2024-11-12 17:54:19 - [TEST_STEP][PASSED] - orPath_Amount = "Object Repository/RAD_Pages/PaymentAmount_Page": null

2024-11-12 17:54:19 - [TEST_STEP][PASSED] - selectOptionByLabel(findTestObject(orPath_Landing + "/dd_TaxType"), Paymenttype, false): All options with label 'Quarterly Estimated Tax' are selected in object 'Object Repository/RAD_Pages/Landing_Page/dd_TaxType' 

2024-11-12 17:54:20 - [MESSAGE][PASSED] - All options with label 'Quarterly Estimated Tax' are selected in object 'Object Repository/RAD_Pages/Landing_Page/dd_TaxType' 

2024-11-12 17:54:20 - [TEST_STEP][PASSED] - delay(1): Delayed 1 second(s)

2024-11-12 17:54:21 - [MESSAGE][PASSED] - Delayed 1 second(s)

2024-11-12 17:54:21 - [TEST_STEP][PASSED] - switch (Paymenttype): null

2024-11-12 17:54:21 - [TEST_STEP][PASSED] - case "Quarterly Estimated Tax":: null

2024-11-12 17:54:21 - [TEST_STEP][PASSED] - selectOptionByLabel(findTestObject(orPath_TaxTypeFilingYear + "/select_PaymentType"), Taxtype, false): All options with label 'Corporate Income Tax' are selected in object 'Object Repository/RAD_Pages/TaxTypeFilingYear_Page/select_PaymentType' 

2024-11-12 17:54:22 - [MESSAGE][PASSED] - All options with label 'Corporate Income Tax' are selected in object 'Object Repository/RAD_Pages/TaxTypeFilingYear_Page/select_PaymentType' 

2024-11-12 17:54:22 - [TEST_STEP][PASSED] - break: null

2024-11-12 17:54:22 - [TEST_STEP][PASSED] - delay(1): Delayed 1 second(s)

2024-11-12 17:54:23 - [MESSAGE][PASSED] - Delayed 1 second(s)

2024-11-12 17:54:23 - [TEST_STEP][PASSED] - scrollToElement(findTestObject(orPath_Amount + "/input__paymentAmount"), 3): Scroll to object 'Object Repository/RAD_Pages/PaymentAmount_Page/input__paymentAmount' successfully

2024-11-12 17:54:23 - [MESSAGE][PASSED] - Scroll to object 'Object Repository/RAD_Pages/PaymentAmount_Page/input__paymentAmount' successfully

2024-11-12 17:54:23 - [TEST_STEP][PASSED] - setText(findTestObject(orPath_AddressContact + "/input_eMailAddress"), "imtiazster@gmail.com"): Text 'imtiazster@gmail.com' is set on object 'Object Repository/RAD_Pages/AddressAndContactInfo_Page/input_eMailAddress'

2024-11-12 17:54:24 - [MESSAGE][PASSED] - Text 'imtiazster@gmail.com' is set on object 'Object Repository/RAD_Pages/AddressAndContactInfo_Page/input_eMailAddress'

2024-11-12 17:54:24 - [TEST_STEP][PASSED] - setText(findTestObject(orPath_AddressContact + "/input_reEnterEMailAddress"), "iahmed@govolution.com"): Text 'iahmed@govolution.com' is set on object 'Object Repository/RAD_Pages/AddressAndContactInfo_Page/input_reEnterEMailAddress'

2024-11-12 17:54:25 - [MESSAGE][PASSED] - Text 'iahmed@govolution.com' is set on object 'Object Repository/RAD_Pages/AddressAndContactInfo_Page/input_reEnterEMailAddress'

2024-11-12 17:54:25 - [TEST_STEP][PASSED] - delay(2): Delayed 2 second(s)

2024-11-12 17:54:27 - [MESSAGE][PASSED] - Delayed 2 second(s)

2024-11-12 17:54:27 - [TEST_STEP][PASSED] - if (verifyTextPresent("The Email and Re-enter email do not match", true)): null

2024-11-12 17:54:27 - [MESSAGE][PASSED] - Text 'The Email and Re-enter email do not match' is present on page  using regular expression

2024-11-12 17:54:27 - [TEST_STEP][PASSED] - println("Emails Dont match text is present"): null

2024-11-12 17:54:27 - [TEST_STEP][PASSED] - out.println("Pass Record Number: " + row): null

2024-11-12 17:54:27 - [TEST_STEP][PASSED] - resText = "Pass": null

2024-11-12 17:54:27 - [TEST_STEP][PASSED] - pages.WriteExcel.demoKey(resText, datText, resColumn, datCloumn, fileLoc, nameSheet, row): pages.WriteExcel.demoKey is PASSED

2024-11-12 17:54:27 - [MESSAGE][PASSED] - pages.WriteExcel.demoKey is PASSED

2024-11-12 17:54:27 - [TEST_STEP][PASSED] - ExecuteTC = findTestData(dataFile).getValue("Execute", row): null

2024-11-12 17:54:27 - [TEST_STEP][PASSED] - Taxtype = findTestData(dataFile).getValue("TaxType", row): null

2024-11-12 17:54:27 - [TEST_STEP][PASSED] - Paymenttype = findTestData(dataFile).getValue("PaymentType", row): null

2024-11-12 17:54:27 - [TEST_STEP][PASSED] - out.println("Value of Execute is : " + ExecuteTC): null

2024-11-12 17:54:27 - [TEST_STEP][PASSED] - if (ExecuteTC.equalsIgnoreCase("Y")): null

2024-11-12 17:54:27 - [TEST_STEP][PASSED] - out.println("Begin Record Number: " + row): null

2024-11-12 17:54:27 - [TEST_STEP][PASSED] - today = new java.util.Date(): null

2024-11-12 17:54:27 - [TEST_STEP][PASSED] - println(today): null

2024-11-12 17:54:27 - [TEST_STEP][PASSED] - datText = today: null

2024-11-12 17:54:27 - [TEST_STEP][PASSED] - Taxtype = findTestData(dataFile).getValue("TaxType", row): null

2024-11-12 17:54:27 - [TEST_STEP][PASSED] - out.println("Taxtype value is : " + Taxtype): null

2024-11-12 17:54:27 - [TEST_STEP][PASSED] - openBrowser(""): Browser is opened with url: ''

2024-11-12 17:54:27 - [MESSAGE][WARNING] - A browser is already opened. Closing browser and opening a new one

2024-11-12 17:54:29 - [MESSAGE][INFO] - Starting 'Chrome' driver

2024-11-12 17:54:29 - [MESSAGE][INFO] - User set preference: ['acceptInsecureCerts', 'true']

2024-11-12 17:54:29 - [MESSAGE][INFO] - Action delay is set to 0 milliseconds

2024-11-12 17:54:30 - [MESSAGE][PASSED] - Browser is opened with url: ''

2024-11-12 17:54:30 - [TEST_STEP][PASSED] - maximizeWindow(): Current window maximized

2024-11-12 17:54:30 - [MESSAGE][PASSED] - Current window maximized

2024-11-12 17:54:30 - [TEST_STEP][PASSED] - navigateToUrl(RADurl): Navigate to 'https://www.velocitypayment.com/client/rad/index.html' successfully

2024-11-12 17:54:32 - [MESSAGE][PASSED] - Navigate to 'https://www.velocitypayment.com/client/rad/index.html' successfully

2024-11-12 17:54:32 - [TEST_STEP][PASSED] - orPath_Landing = "Object Repository/RAD_Pages/Landing_Page": null

2024-11-12 17:54:32 - [TEST_STEP][PASSED] - orPath_TaxTypeFilingYear = "Object Repository/RAD_Pages/TaxTypeFilingYear_Page": null

2024-11-12 17:54:32 - [TEST_STEP][PASSED] - orPath_TaxPayer = "Object Repository/RAD_Pages/Taxpayer_Page": null

2024-11-12 17:54:32 - [TEST_STEP][PASSED] - orPath_AddressContact = "Object Repository/RAD_Pages/AddressAndContactInfo_Page": null

2024-11-12 17:54:32 - [TEST_STEP][PASSED] - orPath_FilingStatus = "Object Repository/RAD_Pages/FilingStatus_Page": null

2024-11-12 17:54:32 - [TEST_STEP][PASSED] - orPath_Amount = "Object Repository/RAD_Pages/PaymentAmount_Page": null

2024-11-12 17:54:32 - [TEST_STEP][PASSED] - selectOptionByLabel(findTestObject(orPath_Landing + "/dd_TaxType"), Paymenttype, false): All options with label 'Quarterly Estimated Tax' are selected in object 'Object Repository/RAD_Pages/Landing_Page/dd_TaxType' 

2024-11-12 17:54:33 - [MESSAGE][PASSED] - All options with label 'Quarterly Estimated Tax' are selected in object 'Object Repository/RAD_Pages/Landing_Page/dd_TaxType' 

2024-11-12 17:54:33 - [TEST_STEP][PASSED] - delay(1): Delayed 1 second(s)

2024-11-12 17:54:34 - [MESSAGE][PASSED] - Delayed 1 second(s)

2024-11-12 17:54:34 - [TEST_STEP][PASSED] - switch (Paymenttype): null

2024-11-12 17:54:34 - [TEST_STEP][PASSED] - case "Quarterly Estimated Tax":: null

2024-11-12 17:54:34 - [TEST_STEP][PASSED] - selectOptionByLabel(findTestObject(orPath_TaxTypeFilingYear + "/select_PaymentType"), Taxtype, false): All options with label 'Fiduciary Tax' are selected in object 'Object Repository/RAD_Pages/TaxTypeFilingYear_Page/select_PaymentType' 

2024-11-12 17:54:34 - [MESSAGE][PASSED] - All options with label 'Fiduciary Tax' are selected in object 'Object Repository/RAD_Pages/TaxTypeFilingYear_Page/select_PaymentType' 

2024-11-12 17:54:34 - [TEST_STEP][PASSED] - break: null

2024-11-12 17:54:34 - [TEST_STEP][PASSED] - delay(1): Delayed 1 second(s)

2024-11-12 17:54:35 - [MESSAGE][PASSED] - Delayed 1 second(s)

2024-11-12 17:54:35 - [TEST_STEP][PASSED] - scrollToElement(findTestObject(orPath_Amount + "/input__paymentAmount"), 3): Scroll to object 'Object Repository/RAD_Pages/PaymentAmount_Page/input__paymentAmount' successfully

2024-11-12 17:54:36 - [MESSAGE][PASSED] - Scroll to object 'Object Repository/RAD_Pages/PaymentAmount_Page/input__paymentAmount' successfully

2024-11-12 17:54:36 - [TEST_STEP][PASSED] - setText(findTestObject(orPath_AddressContact + "/input_eMailAddress"), "imtiazster@gmail.com"): Text 'imtiazster@gmail.com' is set on object 'Object Repository/RAD_Pages/AddressAndContactInfo_Page/input_eMailAddress'

2024-11-12 17:54:37 - [MESSAGE][PASSED] - Text 'imtiazster@gmail.com' is set on object 'Object Repository/RAD_Pages/AddressAndContactInfo_Page/input_eMailAddress'

2024-11-12 17:54:37 - [TEST_STEP][PASSED] - setText(findTestObject(orPath_AddressContact + "/input_reEnterEMailAddress"), "iahmed@govolution.com"): Text 'iahmed@govolution.com' is set on object 'Object Repository/RAD_Pages/AddressAndContactInfo_Page/input_reEnterEMailAddress'

2024-11-12 17:54:38 - [MESSAGE][PASSED] - Text 'iahmed@govolution.com' is set on object 'Object Repository/RAD_Pages/AddressAndContactInfo_Page/input_reEnterEMailAddress'

2024-11-12 17:54:38 - [TEST_STEP][PASSED] - delay(2): Delayed 2 second(s)

2024-11-12 17:54:40 - [MESSAGE][PASSED] - Delayed 2 second(s)

2024-11-12 17:54:40 - [TEST_STEP][PASSED] - if (verifyTextPresent("The Email and Re-enter email do not match", true)): null

2024-11-12 17:54:40 - [MESSAGE][PASSED] - Text 'The Email and Re-enter email do not match' is present on page  using regular expression

2024-11-12 17:54:40 - [TEST_STEP][PASSED] - println("Emails Dont match text is present"): null

2024-11-12 17:54:40 - [TEST_STEP][PASSED] - out.println("Pass Record Number: " + row): null

2024-11-12 17:54:40 - [TEST_STEP][PASSED] - resText = "Pass": null

2024-11-12 17:54:40 - [TEST_STEP][PASSED] - pages.WriteExcel.demoKey(resText, datText, resColumn, datCloumn, fileLoc, nameSheet, row): pages.WriteExcel.demoKey is PASSED

2024-11-12 17:54:40 - [MESSAGE][PASSED] - pages.WriteExcel.demoKey is PASSED

2024-11-12 17:54:40 - [TEST_STEP][PASSED] - ExecuteTC = findTestData(dataFile).getValue("Execute", row): null

2024-11-12 17:54:41 - [TEST_STEP][PASSED] - Taxtype = findTestData(dataFile).getValue("TaxType", row): null

2024-11-12 17:54:41 - [TEST_STEP][PASSED] - Paymenttype = findTestData(dataFile).getValue("PaymentType", row): null

2024-11-12 17:54:41 - [TEST_STEP][PASSED] - out.println("Value of Execute is : " + ExecuteTC): null

2024-11-12 17:54:41 - [TEST_STEP][PASSED] - if (ExecuteTC.equalsIgnoreCase("Y")): null

2024-11-12 17:54:41 - [TEST_STEP][PASSED] - out.println("Begin Record Number: " + row): null

2024-11-12 17:54:41 - [TEST_STEP][PASSED] - today = new java.util.Date(): null

2024-11-12 17:54:41 - [TEST_STEP][PASSED] - println(today): null

2024-11-12 17:54:41 - [TEST_STEP][PASSED] - datText = today: null

2024-11-12 17:54:41 - [TEST_STEP][PASSED] - Taxtype = findTestData(dataFile).getValue("TaxType", row): null

2024-11-12 17:54:41 - [TEST_STEP][PASSED] - out.println("Taxtype value is : " + Taxtype): null

2024-11-12 17:54:41 - [TEST_STEP][PASSED] - openBrowser(""): Browser is opened with url: ''

2024-11-12 17:54:41 - [MESSAGE][WARNING] - A browser is already opened. Closing browser and opening a new one

2024-11-12 17:54:42 - [MESSAGE][INFO] - Starting 'Chrome' driver

2024-11-12 17:54:42 - [MESSAGE][INFO] - User set preference: ['acceptInsecureCerts', 'true']

2024-11-12 17:54:42 - [MESSAGE][INFO] - Action delay is set to 0 milliseconds

2024-11-12 17:54:44 - [MESSAGE][PASSED] - Browser is opened with url: ''

2024-11-12 17:54:44 - [TEST_STEP][PASSED] - maximizeWindow(): Current window maximized

2024-11-12 17:54:44 - [MESSAGE][PASSED] - Current window maximized

2024-11-12 17:54:44 - [TEST_STEP][PASSED] - navigateToUrl(RADurl): Navigate to 'https://www.velocitypayment.com/client/rad/index.html' successfully

2024-11-12 17:54:45 - [MESSAGE][PASSED] - Navigate to 'https://www.velocitypayment.com/client/rad/index.html' successfully

2024-11-12 17:54:45 - [TEST_STEP][PASSED] - orPath_Landing = "Object Repository/RAD_Pages/Landing_Page": null

2024-11-12 17:54:45 - [TEST_STEP][PASSED] - orPath_TaxTypeFilingYear = "Object Repository/RAD_Pages/TaxTypeFilingYear_Page": null

2024-11-12 17:54:45 - [TEST_STEP][PASSED] - orPath_TaxPayer = "Object Repository/RAD_Pages/Taxpayer_Page": null

2024-11-12 17:54:45 - [TEST_STEP][PASSED] - orPath_AddressContact = "Object Repository/RAD_Pages/AddressAndContactInfo_Page": null

2024-11-12 17:54:45 - [TEST_STEP][PASSED] - orPath_FilingStatus = "Object Repository/RAD_Pages/FilingStatus_Page": null

2024-11-12 17:54:45 - [TEST_STEP][PASSED] - orPath_Amount = "Object Repository/RAD_Pages/PaymentAmount_Page": null

2024-11-12 17:54:45 - [TEST_STEP][PASSED] - selectOptionByLabel(findTestObject(orPath_Landing + "/dd_TaxType"), Paymenttype, false): All options with label 'Quarterly Estimated Tax' are selected in object 'Object Repository/RAD_Pages/Landing_Page/dd_TaxType' 

2024-11-12 17:54:46 - [MESSAGE][PASSED] - All options with label 'Quarterly Estimated Tax' are selected in object 'Object Repository/RAD_Pages/Landing_Page/dd_TaxType' 

2024-11-12 17:54:46 - [TEST_STEP][PASSED] - delay(1): Delayed 1 second(s)

2024-11-12 17:54:47 - [MESSAGE][PASSED] - Delayed 1 second(s)

2024-11-12 17:54:47 - [TEST_STEP][PASSED] - switch (Paymenttype): null

2024-11-12 17:54:47 - [TEST_STEP][PASSED] - case "Quarterly Estimated Tax":: null

2024-11-12 17:54:47 - [TEST_STEP][PASSED] - selectOptionByLabel(findTestObject(orPath_TaxTypeFilingYear + "/select_PaymentType"), Taxtype, false): All options with label 'PTE Non-Electing Non-S Corp' are selected in object 'Object Repository/RAD_Pages/TaxTypeFilingYear_Page/select_PaymentType' 

2024-11-12 17:54:48 - [MESSAGE][PASSED] - All options with label 'PTE Non-Electing Non-S Corp' are selected in object 'Object Repository/RAD_Pages/TaxTypeFilingYear_Page/select_PaymentType' 

2024-11-12 17:54:48 - [TEST_STEP][PASSED] - break: null

2024-11-12 17:54:48 - [TEST_STEP][PASSED] - delay(1): Delayed 1 second(s)

2024-11-12 17:54:49 - [MESSAGE][PASSED] - Delayed 1 second(s)

2024-11-12 17:54:49 - [TEST_STEP][PASSED] - scrollToElement(findTestObject(orPath_Amount + "/input__paymentAmount"), 3): Scroll to object 'Object Repository/RAD_Pages/PaymentAmount_Page/input__paymentAmount' successfully

2024-11-12 17:54:49 - [MESSAGE][PASSED] - Scroll to object 'Object Repository/RAD_Pages/PaymentAmount_Page/input__paymentAmount' successfully

2024-11-12 17:54:49 - [TEST_STEP][PASSED] - setText(findTestObject(orPath_AddressContact + "/input_eMailAddress"), "imtiazster@gmail.com"): Text 'imtiazster@gmail.com' is set on object 'Object Repository/RAD_Pages/AddressAndContactInfo_Page/input_eMailAddress'

2024-11-12 17:54:50 - [MESSAGE][PASSED] - Text 'imtiazster@gmail.com' is set on object 'Object Repository/RAD_Pages/AddressAndContactInfo_Page/input_eMailAddress'

2024-11-12 17:54:50 - [TEST_STEP][PASSED] - setText(findTestObject(orPath_AddressContact + "/input_reEnterEMailAddress"), "iahmed@govolution.com"): Text 'iahmed@govolution.com' is set on object 'Object Repository/RAD_Pages/AddressAndContactInfo_Page/input_reEnterEMailAddress'

2024-11-12 17:54:51 - [MESSAGE][PASSED] - Text 'iahmed@govolution.com' is set on object 'Object Repository/RAD_Pages/AddressAndContactInfo_Page/input_reEnterEMailAddress'

2024-11-12 17:54:51 - [TEST_STEP][PASSED] - delay(2): Delayed 2 second(s)

2024-11-12 17:54:53 - [MESSAGE][PASSED] - Delayed 2 second(s)

2024-11-12 17:54:53 - [TEST_STEP][PASSED] - if (verifyTextPresent("The Email and Re-enter email do not match", true)): null

2024-11-12 17:54:53 - [MESSAGE][PASSED] - Text 'The Email and Re-enter email do not match' is present on page  using regular expression

2024-11-12 17:54:53 - [TEST_STEP][PASSED] - println("Emails Dont match text is present"): null

2024-11-12 17:54:53 - [TEST_STEP][PASSED] - out.println("Pass Record Number: " + row): null

2024-11-12 17:54:53 - [TEST_STEP][PASSED] - resText = "Pass": null

2024-11-12 17:54:53 - [TEST_STEP][PASSED] - pages.WriteExcel.demoKey(resText, datText, resColumn, datCloumn, fileLoc, nameSheet, row): pages.WriteExcel.demoKey is PASSED

2024-11-12 17:54:53 - [MESSAGE][PASSED] - pages.WriteExcel.demoKey is PASSED

2024-11-12 17:54:53 - [TEST_STEP][PASSED] - ExecuteTC = findTestData(dataFile).getValue("Execute", row): null

2024-11-12 17:54:53 - [TEST_STEP][PASSED] - Taxtype = findTestData(dataFile).getValue("TaxType", row): null

2024-11-12 17:54:53 - [TEST_STEP][PASSED] - Paymenttype = findTestData(dataFile).getValue("PaymentType", row): null

2024-11-12 17:54:53 - [TEST_STEP][PASSED] - out.println("Value of Execute is : " + ExecuteTC): null

2024-11-12 17:54:53 - [TEST_STEP][PASSED] - if (ExecuteTC.equalsIgnoreCase("Y")): null

2024-11-12 17:54:53 - [TEST_STEP][PASSED] - out.println("Begin Record Number: " + row): null

2024-11-12 17:54:53 - [TEST_STEP][PASSED] - today = new java.util.Date(): null

2024-11-12 17:54:53 - [TEST_STEP][PASSED] - println(today): null

2024-11-12 17:54:53 - [TEST_STEP][PASSED] - datText = today: null

2024-11-12 17:54:53 - [TEST_STEP][PASSED] - Taxtype = findTestData(dataFile).getValue("TaxType", row): null

2024-11-12 17:54:53 - [TEST_STEP][PASSED] - out.println("Taxtype value is : " + Taxtype): null

2024-11-12 17:54:53 - [TEST_STEP][PASSED] - openBrowser(""): Browser is opened with url: ''

2024-11-12 17:54:53 - [MESSAGE][WARNING] - A browser is already opened. Closing browser and opening a new one

2024-11-12 17:54:55 - [MESSAGE][INFO] - Starting 'Chrome' driver

2024-11-12 17:54:55 - [MESSAGE][INFO] - User set preference: ['acceptInsecureCerts', 'true']

2024-11-12 17:54:55 - [MESSAGE][INFO] - Action delay is set to 0 milliseconds

2024-11-12 17:54:56 - [MESSAGE][PASSED] - Browser is opened with url: ''

2024-11-12 17:54:56 - [TEST_STEP][PASSED] - maximizeWindow(): Current window maximized

2024-11-12 17:54:56 - [MESSAGE][PASSED] - Current window maximized

2024-11-12 17:54:56 - [TEST_STEP][PASSED] - navigateToUrl(RADurl): Navigate to 'https://www.velocitypayment.com/client/rad/index.html' successfully

2024-11-12 17:54:58 - [MESSAGE][PASSED] - Navigate to 'https://www.velocitypayment.com/client/rad/index.html' successfully

2024-11-12 17:54:58 - [TEST_STEP][PASSED] - orPath_Landing = "Object Repository/RAD_Pages/Landing_Page": null

2024-11-12 17:54:58 - [TEST_STEP][PASSED] - orPath_TaxTypeFilingYear = "Object Repository/RAD_Pages/TaxTypeFilingYear_Page": null

2024-11-12 17:54:58 - [TEST_STEP][PASSED] - orPath_TaxPayer = "Object Repository/RAD_Pages/Taxpayer_Page": null

2024-11-12 17:54:58 - [TEST_STEP][PASSED] - orPath_AddressContact = "Object Repository/RAD_Pages/AddressAndContactInfo_Page": null

2024-11-12 17:54:58 - [TEST_STEP][PASSED] - orPath_FilingStatus = "Object Repository/RAD_Pages/FilingStatus_Page": null

2024-11-12 17:54:58 - [TEST_STEP][PASSED] - orPath_Amount = "Object Repository/RAD_Pages/PaymentAmount_Page": null

2024-11-12 17:54:58 - [TEST_STEP][PASSED] - selectOptionByLabel(findTestObject(orPath_Landing + "/dd_TaxType"), Paymenttype, false): All options with label 'Quarterly Estimated Tax' are selected in object 'Object Repository/RAD_Pages/Landing_Page/dd_TaxType' 

2024-11-12 17:54:59 - [MESSAGE][PASSED] - All options with label 'Quarterly Estimated Tax' are selected in object 'Object Repository/RAD_Pages/Landing_Page/dd_TaxType' 

2024-11-12 17:54:59 - [TEST_STEP][PASSED] - delay(1): Delayed 1 second(s)

2024-11-12 17:55:00 - [MESSAGE][PASSED] - Delayed 1 second(s)

2024-11-12 17:55:00 - [TEST_STEP][PASSED] - switch (Paymenttype): null

2024-11-12 17:55:00 - [TEST_STEP][PASSED] - case "Quarterly Estimated Tax":: null

2024-11-12 17:55:00 - [TEST_STEP][PASSED] - selectOptionByLabel(findTestObject(orPath_TaxTypeFilingYear + "/select_PaymentType"), Taxtype, false): All options with label 'PTE Non-Electing S Corp' are selected in object 'Object Repository/RAD_Pages/TaxTypeFilingYear_Page/select_PaymentType' 

2024-11-12 17:55:00 - [MESSAGE][PASSED] - All options with label 'PTE Non-Electing S Corp' are selected in object 'Object Repository/RAD_Pages/TaxTypeFilingYear_Page/select_PaymentType' 

2024-11-12 17:55:00 - [TEST_STEP][PASSED] - break: null

2024-11-12 17:55:00 - [TEST_STEP][PASSED] - delay(1): Delayed 1 second(s)

2024-11-12 17:55:01 - [MESSAGE][PASSED] - Delayed 1 second(s)

2024-11-12 17:55:01 - [TEST_STEP][PASSED] - scrollToElement(findTestObject(orPath_Amount + "/input__paymentAmount"), 3): Scroll to object 'Object Repository/RAD_Pages/PaymentAmount_Page/input__paymentAmount' successfully

2024-11-12 17:55:02 - [MESSAGE][PASSED] - Scroll to object 'Object Repository/RAD_Pages/PaymentAmount_Page/input__paymentAmount' successfully

2024-11-12 17:55:02 - [TEST_STEP][PASSED] - setText(findTestObject(orPath_AddressContact + "/input_eMailAddress"), "imtiazster@gmail.com"): Text 'imtiazster@gmail.com' is set on object 'Object Repository/RAD_Pages/AddressAndContactInfo_Page/input_eMailAddress'

2024-11-12 17:55:03 - [MESSAGE][PASSED] - Text 'imtiazster@gmail.com' is set on object 'Object Repository/RAD_Pages/AddressAndContactInfo_Page/input_eMailAddress'

2024-11-12 17:55:03 - [TEST_STEP][PASSED] - setText(findTestObject(orPath_AddressContact + "/input_reEnterEMailAddress"), "iahmed@govolution.com"): Text 'iahmed@govolution.com' is set on object 'Object Repository/RAD_Pages/AddressAndContactInfo_Page/input_reEnterEMailAddress'

2024-11-12 17:55:03 - [MESSAGE][PASSED] - Text 'iahmed@govolution.com' is set on object 'Object Repository/RAD_Pages/AddressAndContactInfo_Page/input_reEnterEMailAddress'

2024-11-12 17:55:03 - [TEST_STEP][PASSED] - delay(2): Delayed 2 second(s)

2024-11-12 17:55:05 - [MESSAGE][PASSED] - Delayed 2 second(s)

2024-11-12 17:55:05 - [TEST_STEP][PASSED] - if (verifyTextPresent("The Email and Re-enter email do not match", true)): null

2024-11-12 17:55:06 - [MESSAGE][PASSED] - Text 'The Email and Re-enter email do not match' is present on page  using regular expression

2024-11-12 17:55:06 - [TEST_STEP][PASSED] - println("Emails Dont match text is present"): null

2024-11-12 17:55:06 - [TEST_STEP][PASSED] - out.println("Pass Record Number: " + row): null

2024-11-12 17:55:06 - [TEST_STEP][PASSED] - resText = "Pass": null

2024-11-12 17:55:06 - [TEST_STEP][PASSED] - pages.WriteExcel.demoKey(resText, datText, resColumn, datCloumn, fileLoc, nameSheet, row): pages.WriteExcel.demoKey is PASSED

2024-11-12 17:55:06 - [MESSAGE][PASSED] - pages.WriteExcel.demoKey is PASSED

2024-11-12 17:55:06 - [TEST_STEP][PASSED] - ExecuteTC = findTestData(dataFile).getValue("Execute", row): null

2024-11-12 17:55:06 - [TEST_STEP][PASSED] - Taxtype = findTestData(dataFile).getValue("TaxType", row): null

2024-11-12 17:55:06 - [TEST_STEP][PASSED] - Paymenttype = findTestData(dataFile).getValue("PaymentType", row): null

2024-11-12 17:55:06 - [TEST_STEP][PASSED] - out.println("Value of Execute is : " + ExecuteTC): null

2024-11-12 17:55:06 - [TEST_STEP][PASSED] - if (ExecuteTC.equalsIgnoreCase("Y")): null

2024-11-12 17:55:06 - [TEST_STEP][PASSED] - out.println("Begin Record Number: " + row): null

2024-11-12 17:55:06 - [TEST_STEP][PASSED] - today = new java.util.Date(): null

2024-11-12 17:55:06 - [TEST_STEP][PASSED] - println(today): null

2024-11-12 17:55:06 - [TEST_STEP][PASSED] - datText = today: null

2024-11-12 17:55:06 - [TEST_STEP][PASSED] - Taxtype = findTestData(dataFile).getValue("TaxType", row): null

2024-11-12 17:55:06 - [TEST_STEP][PASSED] - out.println("Taxtype value is : " + Taxtype): null

2024-11-12 17:55:06 - [TEST_STEP][PASSED] - openBrowser(""): Browser is opened with url: ''

2024-11-12 17:55:06 - [MESSAGE][WARNING] - A browser is already opened. Closing browser and opening a new one

2024-11-12 17:55:08 - [MESSAGE][INFO] - Starting 'Chrome' driver

2024-11-12 17:55:08 - [MESSAGE][INFO] - User set preference: ['acceptInsecureCerts', 'true']

2024-11-12 17:55:08 - [MESSAGE][INFO] - Action delay is set to 0 milliseconds

2024-11-12 17:55:10 - [MESSAGE][PASSED] - Browser is opened with url: ''

2024-11-12 17:55:10 - [TEST_STEP][PASSED] - maximizeWindow(): Current window maximized

2024-11-12 17:55:10 - [MESSAGE][PASSED] - Current window maximized

2024-11-12 17:55:10 - [TEST_STEP][PASSED] - navigateToUrl(RADurl): Navigate to 'https://www.velocitypayment.com/client/rad/index.html' successfully

2024-11-12 17:55:11 - [MESSAGE][PASSED] - Navigate to 'https://www.velocitypayment.com/client/rad/index.html' successfully

2024-11-12 17:55:11 - [TEST_STEP][PASSED] - orPath_Landing = "Object Repository/RAD_Pages/Landing_Page": null

2024-11-12 17:55:11 - [TEST_STEP][PASSED] - orPath_TaxTypeFilingYear = "Object Repository/RAD_Pages/TaxTypeFilingYear_Page": null

2024-11-12 17:55:11 - [TEST_STEP][PASSED] - orPath_TaxPayer = "Object Repository/RAD_Pages/Taxpayer_Page": null

2024-11-12 17:55:11 - [TEST_STEP][PASSED] - orPath_AddressContact = "Object Repository/RAD_Pages/AddressAndContactInfo_Page": null

2024-11-12 17:55:11 - [TEST_STEP][PASSED] - orPath_FilingStatus = "Object Repository/RAD_Pages/FilingStatus_Page": null

2024-11-12 17:55:11 - [TEST_STEP][PASSED] - orPath_Amount = "Object Repository/RAD_Pages/PaymentAmount_Page": null

2024-11-12 17:55:11 - [TEST_STEP][PASSED] - selectOptionByLabel(findTestObject(orPath_Landing + "/dd_TaxType"), Paymenttype, false): All options with label 'Quarterly Estimated Tax' are selected in object 'Object Repository/RAD_Pages/Landing_Page/dd_TaxType' 

2024-11-12 17:55:12 - [MESSAGE][PASSED] - All options with label 'Quarterly Estimated Tax' are selected in object 'Object Repository/RAD_Pages/Landing_Page/dd_TaxType' 

2024-11-12 17:55:12 - [TEST_STEP][PASSED] - delay(1): Delayed 1 second(s)

2024-11-12 17:55:13 - [MESSAGE][PASSED] - Delayed 1 second(s)

2024-11-12 17:55:13 - [TEST_STEP][PASSED] - switch (Paymenttype): null

2024-11-12 17:55:13 - [TEST_STEP][PASSED] - case "Quarterly Estimated Tax":: null

2024-11-12 17:55:13 - [TEST_STEP][PASSED] - selectOptionByLabel(findTestObject(orPath_TaxTypeFilingYear + "/select_PaymentType"), Taxtype, false): All options with label 'PTE Tax Electing Non-S Corp' are selected in object 'Object Repository/RAD_Pages/TaxTypeFilingYear_Page/select_PaymentType' 

2024-11-12 17:55:14 - [MESSAGE][PASSED] - All options with label 'PTE Tax Electing Non-S Corp' are selected in object 'Object Repository/RAD_Pages/TaxTypeFilingYear_Page/select_PaymentType' 

2024-11-12 17:55:14 - [TEST_STEP][PASSED] - break: null

2024-11-12 17:55:14 - [TEST_STEP][PASSED] - delay(1): Delayed 1 second(s)

2024-11-12 17:55:15 - [MESSAGE][PASSED] - Delayed 1 second(s)

2024-11-12 17:55:15 - [TEST_STEP][PASSED] - scrollToElement(findTestObject(orPath_Amount + "/input__paymentAmount"), 3): Scroll to object 'Object Repository/RAD_Pages/PaymentAmount_Page/input__paymentAmount' successfully

2024-11-12 17:55:15 - [MESSAGE][PASSED] - Scroll to object 'Object Repository/RAD_Pages/PaymentAmount_Page/input__paymentAmount' successfully

2024-11-12 17:55:15 - [TEST_STEP][PASSED] - setText(findTestObject(orPath_AddressContact + "/input_eMailAddress"), "imtiazster@gmail.com"): Text 'imtiazster@gmail.com' is set on object 'Object Repository/RAD_Pages/AddressAndContactInfo_Page/input_eMailAddress'

2024-11-12 17:55:16 - [MESSAGE][PASSED] - Text 'imtiazster@gmail.com' is set on object 'Object Repository/RAD_Pages/AddressAndContactInfo_Page/input_eMailAddress'

2024-11-12 17:55:16 - [TEST_STEP][PASSED] - setText(findTestObject(orPath_AddressContact + "/input_reEnterEMailAddress"), "iahmed@govolution.com"): Text 'iahmed@govolution.com' is set on object 'Object Repository/RAD_Pages/AddressAndContactInfo_Page/input_reEnterEMailAddress'

2024-11-12 17:55:17 - [MESSAGE][PASSED] - Text 'iahmed@govolution.com' is set on object 'Object Repository/RAD_Pages/AddressAndContactInfo_Page/input_reEnterEMailAddress'

2024-11-12 17:55:17 - [TEST_STEP][PASSED] - delay(2): Delayed 2 second(s)

2024-11-12 17:55:19 - [MESSAGE][PASSED] - Delayed 2 second(s)

2024-11-12 17:55:19 - [TEST_STEP][PASSED] - if (verifyTextPresent("The Email and Re-enter email do not match", true)): null

2024-11-12 17:55:19 - [MESSAGE][PASSED] - Text 'The Email and Re-enter email do not match' is present on page  using regular expression

2024-11-12 17:55:19 - [TEST_STEP][PASSED] - println("Emails Dont match text is present"): null

2024-11-12 17:55:19 - [TEST_STEP][PASSED] - out.println("Pass Record Number: " + row): null

2024-11-12 17:55:19 - [TEST_STEP][PASSED] - resText = "Pass": null

2024-11-12 17:55:19 - [TEST_STEP][PASSED] - pages.WriteExcel.demoKey(resText, datText, resColumn, datCloumn, fileLoc, nameSheet, row): pages.WriteExcel.demoKey is PASSED

2024-11-12 17:55:19 - [MESSAGE][PASSED] - pages.WriteExcel.demoKey is PASSED

2024-11-12 17:55:19 - [TEST_STEP][PASSED] - ExecuteTC = findTestData(dataFile).getValue("Execute", row): null

2024-11-12 17:55:19 - [TEST_STEP][PASSED] - Taxtype = findTestData(dataFile).getValue("TaxType", row): null

2024-11-12 17:55:19 - [TEST_STEP][PASSED] - Paymenttype = findTestData(dataFile).getValue("PaymentType", row): null

2024-11-12 17:55:19 - [TEST_STEP][PASSED] - out.println("Value of Execute is : " + ExecuteTC): null

2024-11-12 17:55:19 - [TEST_STEP][PASSED] - if (ExecuteTC.equalsIgnoreCase("Y")): null

2024-11-12 17:55:19 - [TEST_STEP][PASSED] - out.println("Begin Record Number: " + row): null

2024-11-12 17:55:19 - [TEST_STEP][PASSED] - today = new java.util.Date(): null

2024-11-12 17:55:19 - [TEST_STEP][PASSED] - println(today): null

2024-11-12 17:55:19 - [TEST_STEP][PASSED] - datText = today: null

2024-11-12 17:55:19 - [TEST_STEP][PASSED] - Taxtype = findTestData(dataFile).getValue("TaxType", row): null

2024-11-12 17:55:19 - [TEST_STEP][PASSED] - out.println("Taxtype value is : " + Taxtype): null

2024-11-12 17:55:19 - [TEST_STEP][PASSED] - openBrowser(""): Browser is opened with url: ''

2024-11-12 17:55:19 - [MESSAGE][WARNING] - A browser is already opened. Closing browser and opening a new one

2024-11-12 17:55:21 - [MESSAGE][INFO] - Starting 'Chrome' driver

2024-11-12 17:55:21 - [MESSAGE][INFO] - User set preference: ['acceptInsecureCerts', 'true']

2024-11-12 17:55:21 - [MESSAGE][INFO] - Action delay is set to 0 milliseconds

2024-11-12 17:55:22 - [MESSAGE][PASSED] - Browser is opened with url: ''

2024-11-12 17:55:22 - [TEST_STEP][PASSED] - maximizeWindow(): Current window maximized

2024-11-12 17:55:23 - [MESSAGE][PASSED] - Current window maximized

2024-11-12 17:55:23 - [TEST_STEP][PASSED] - navigateToUrl(RADurl): Navigate to 'https://www.velocitypayment.com/client/rad/index.html' successfully

2024-11-12 17:55:24 - [MESSAGE][PASSED] - Navigate to 'https://www.velocitypayment.com/client/rad/index.html' successfully

2024-11-12 17:55:24 - [TEST_STEP][PASSED] - orPath_Landing = "Object Repository/RAD_Pages/Landing_Page": null

2024-11-12 17:55:24 - [TEST_STEP][PASSED] - orPath_TaxTypeFilingYear = "Object Repository/RAD_Pages/TaxTypeFilingYear_Page": null

2024-11-12 17:55:24 - [TEST_STEP][PASSED] - orPath_TaxPayer = "Object Repository/RAD_Pages/Taxpayer_Page": null

2024-11-12 17:55:24 - [TEST_STEP][PASSED] - orPath_AddressContact = "Object Repository/RAD_Pages/AddressAndContactInfo_Page": null

2024-11-12 17:55:24 - [TEST_STEP][PASSED] - orPath_FilingStatus = "Object Repository/RAD_Pages/FilingStatus_Page": null

2024-11-12 17:55:24 - [TEST_STEP][PASSED] - orPath_Amount = "Object Repository/RAD_Pages/PaymentAmount_Page": null

2024-11-12 17:55:24 - [TEST_STEP][PASSED] - selectOptionByLabel(findTestObject(orPath_Landing + "/dd_TaxType"), Paymenttype, false): All options with label 'Quarterly Estimated Tax' are selected in object 'Object Repository/RAD_Pages/Landing_Page/dd_TaxType' 

2024-11-12 17:55:25 - [MESSAGE][PASSED] - All options with label 'Quarterly Estimated Tax' are selected in object 'Object Repository/RAD_Pages/Landing_Page/dd_TaxType' 

2024-11-12 17:55:25 - [TEST_STEP][PASSED] - delay(1): Delayed 1 second(s)

2024-11-12 17:55:26 - [MESSAGE][PASSED] - Delayed 1 second(s)

2024-11-12 17:55:26 - [TEST_STEP][PASSED] - switch (Paymenttype): null

2024-11-12 17:55:26 - [TEST_STEP][PASSED] - case "Quarterly Estimated Tax":: null

2024-11-12 17:55:26 - [TEST_STEP][PASSED] - selectOptionByLabel(findTestObject(orPath_TaxTypeFilingYear + "/select_PaymentType"), Taxtype, false): All options with label 'PTE Tax Electing S Corp' are selected in object 'Object Repository/RAD_Pages/TaxTypeFilingYear_Page/select_PaymentType' 

2024-11-12 17:55:28 - [MESSAGE][PASSED] - All options with label 'PTE Tax Electing S Corp' are selected in object 'Object Repository/RAD_Pages/TaxTypeFilingYear_Page/select_PaymentType' 

2024-11-12 17:55:28 - [TEST_STEP][PASSED] - break: null

2024-11-12 17:55:28 - [TEST_STEP][PASSED] - delay(1): Delayed 1 second(s)

2024-11-12 17:55:29 - [MESSAGE][PASSED] - Delayed 1 second(s)

2024-11-12 17:55:29 - [TEST_STEP][PASSED] - scrollToElement(findTestObject(orPath_Amount + "/input__paymentAmount"), 3): Scroll to object 'Object Repository/RAD_Pages/PaymentAmount_Page/input__paymentAmount' successfully

2024-11-12 17:55:29 - [MESSAGE][PASSED] - Scroll to object 'Object Repository/RAD_Pages/PaymentAmount_Page/input__paymentAmount' successfully

2024-11-12 17:55:29 - [TEST_STEP][PASSED] - setText(findTestObject(orPath_AddressContact + "/input_eMailAddress"), "imtiazster@gmail.com"): Text 'imtiazster@gmail.com' is set on object 'Object Repository/RAD_Pages/AddressAndContactInfo_Page/input_eMailAddress'

2024-11-12 17:55:30 - [MESSAGE][PASSED] - Text 'imtiazster@gmail.com' is set on object 'Object Repository/RAD_Pages/AddressAndContactInfo_Page/input_eMailAddress'

2024-11-12 17:55:30 - [TEST_STEP][PASSED] - setText(findTestObject(orPath_AddressContact + "/input_reEnterEMailAddress"), "iahmed@govolution.com"): Text 'iahmed@govolution.com' is set on object 'Object Repository/RAD_Pages/AddressAndContactInfo_Page/input_reEnterEMailAddress'

2024-11-12 17:55:31 - [MESSAGE][PASSED] - Text 'iahmed@govolution.com' is set on object 'Object Repository/RAD_Pages/AddressAndContactInfo_Page/input_reEnterEMailAddress'

2024-11-12 17:55:31 - [TEST_STEP][PASSED] - delay(2): Delayed 2 second(s)

2024-11-12 17:55:33 - [MESSAGE][PASSED] - Delayed 2 second(s)

2024-11-12 17:55:33 - [TEST_STEP][PASSED] - if (verifyTextPresent("The Email and Re-enter email do not match", true)): null

2024-11-12 17:55:33 - [MESSAGE][PASSED] - Text 'The Email and Re-enter email do not match' is present on page  using regular expression

2024-11-12 17:55:33 - [TEST_STEP][PASSED] - println("Emails Dont match text is present"): null

2024-11-12 17:55:33 - [TEST_STEP][PASSED] - out.println("Pass Record Number: " + row): null

2024-11-12 17:55:33 - [TEST_STEP][PASSED] - resText = "Pass": null

2024-11-12 17:55:33 - [TEST_STEP][PASSED] - pages.WriteExcel.demoKey(resText, datText, resColumn, datCloumn, fileLoc, nameSheet, row): pages.WriteExcel.demoKey is PASSED

2024-11-12 17:55:33 - [MESSAGE][PASSED] - pages.WriteExcel.demoKey is PASSED

2024-11-12 17:55:33 - [TEST_STEP][PASSED] - ExecuteTC = findTestData(dataFile).getValue("Execute", row): null

2024-11-12 17:55:33 - [TEST_STEP][PASSED] - Taxtype = findTestData(dataFile).getValue("TaxType", row): null

2024-11-12 17:55:33 - [TEST_STEP][PASSED] - Paymenttype = findTestData(dataFile).getValue("PaymentType", row): null

2024-11-12 17:55:33 - [TEST_STEP][PASSED] - out.println("Value of Execute is : " + ExecuteTC): null

2024-11-12 17:55:33 - [TEST_STEP][PASSED] - if (ExecuteTC.equalsIgnoreCase("Y")): null

2024-11-12 17:55:33 - [TEST_STEP][PASSED] - out.println("Begin Record Number: " + row): null

2024-11-12 17:55:33 - [TEST_STEP][PASSED] - today = new java.util.Date(): null

2024-11-12 17:55:33 - [TEST_STEP][PASSED] - println(today): null

2024-11-12 17:55:33 - [TEST_STEP][PASSED] - datText = today: null

2024-11-12 17:55:33 - [TEST_STEP][PASSED] - Taxtype = findTestData(dataFile).getValue("TaxType", row): null

2024-11-12 17:55:33 - [TEST_STEP][PASSED] - out.println("Taxtype value is : " + Taxtype): null

2024-11-12 17:55:33 - [TEST_STEP][PASSED] - openBrowser(""): Browser is opened with url: ''

2024-11-12 17:55:33 - [MESSAGE][WARNING] - A browser is already opened. Closing browser and opening a new one

2024-11-12 17:55:35 - [MESSAGE][INFO] - Starting 'Chrome' driver

2024-11-12 17:55:35 - [MESSAGE][INFO] - User set preference: ['acceptInsecureCerts', 'true']

2024-11-12 17:55:35 - [MESSAGE][INFO] - Action delay is set to 0 milliseconds

2024-11-12 17:55:37 - [MESSAGE][PASSED] - Browser is opened with url: ''

2024-11-12 17:55:37 - [TEST_STEP][PASSED] - maximizeWindow(): Current window maximized

2024-11-12 17:55:37 - [MESSAGE][PASSED] - Current window maximized

2024-11-12 17:55:37 - [TEST_STEP][PASSED] - navigateToUrl(RADurl): Navigate to 'https://www.velocitypayment.com/client/rad/index.html' successfully

2024-11-12 17:55:41 - [MESSAGE][PASSED] - Navigate to 'https://www.velocitypayment.com/client/rad/index.html' successfully

2024-11-12 17:55:41 - [TEST_STEP][PASSED] - orPath_Landing = "Object Repository/RAD_Pages/Landing_Page": null

2024-11-12 17:55:41 - [TEST_STEP][PASSED] - orPath_TaxTypeFilingYear = "Object Repository/RAD_Pages/TaxTypeFilingYear_Page": null

2024-11-12 17:55:41 - [TEST_STEP][PASSED] - orPath_TaxPayer = "Object Repository/RAD_Pages/Taxpayer_Page": null

2024-11-12 17:55:41 - [TEST_STEP][PASSED] - orPath_AddressContact = "Object Repository/RAD_Pages/AddressAndContactInfo_Page": null

2024-11-12 17:55:41 - [TEST_STEP][PASSED] - orPath_FilingStatus = "Object Repository/RAD_Pages/FilingStatus_Page": null

2024-11-12 17:55:41 - [TEST_STEP][PASSED] - orPath_Amount = "Object Repository/RAD_Pages/PaymentAmount_Page": null

2024-11-12 17:55:41 - [TEST_STEP][PASSED] - selectOptionByLabel(findTestObject(orPath_Landing + "/dd_TaxType"), Paymenttype, false): All options with label 'Quarterly Estimated Tax' are selected in object 'Object Repository/RAD_Pages/Landing_Page/dd_TaxType' 

2024-11-12 17:55:41 - [MESSAGE][PASSED] - All options with label 'Quarterly Estimated Tax' are selected in object 'Object Repository/RAD_Pages/Landing_Page/dd_TaxType' 

2024-11-12 17:55:41 - [TEST_STEP][PASSED] - delay(1): Delayed 1 second(s)

2024-11-12 17:55:42 - [MESSAGE][PASSED] - Delayed 1 second(s)

2024-11-12 17:55:42 - [TEST_STEP][PASSED] - switch (Paymenttype): null

2024-11-12 17:55:42 - [TEST_STEP][PASSED] - case "Quarterly Estimated Tax":: null

2024-11-12 17:55:42 - [TEST_STEP][PASSED] - selectOptionByLabel(findTestObject(orPath_TaxTypeFilingYear + "/select_PaymentType"), Taxtype, false): All options with label 'Personal Income Tax' are selected in object 'Object Repository/RAD_Pages/TaxTypeFilingYear_Page/select_PaymentType' 

2024-11-12 17:55:43 - [MESSAGE][PASSED] - All options with label 'Personal Income Tax' are selected in object 'Object Repository/RAD_Pages/TaxTypeFilingYear_Page/select_PaymentType' 

2024-11-12 17:55:43 - [TEST_STEP][PASSED] - break: null

2024-11-12 17:55:43 - [TEST_STEP][PASSED] - delay(1): Delayed 1 second(s)

2024-11-12 17:55:44 - [MESSAGE][PASSED] - Delayed 1 second(s)

2024-11-12 17:55:44 - [TEST_STEP][PASSED] - scrollToElement(findTestObject(orPath_Amount + "/input__paymentAmount"), 3): Scroll to object 'Object Repository/RAD_Pages/PaymentAmount_Page/input__paymentAmount' successfully

2024-11-12 17:55:44 - [MESSAGE][PASSED] - Scroll to object 'Object Repository/RAD_Pages/PaymentAmount_Page/input__paymentAmount' successfully

2024-11-12 17:55:44 - [TEST_STEP][PASSED] - setText(findTestObject(orPath_AddressContact + "/input_eMailAddress"), "imtiazster@gmail.com"): Text 'imtiazster@gmail.com' is set on object 'Object Repository/RAD_Pages/AddressAndContactInfo_Page/input_eMailAddress'

2024-11-12 17:55:45 - [MESSAGE][PASSED] - Text 'imtiazster@gmail.com' is set on object 'Object Repository/RAD_Pages/AddressAndContactInfo_Page/input_eMailAddress'

2024-11-12 17:55:45 - [TEST_STEP][PASSED] - setText(findTestObject(orPath_AddressContact + "/input_reEnterEMailAddress"), "iahmed@govolution.com"): Text 'iahmed@govolution.com' is set on object 'Object Repository/RAD_Pages/AddressAndContactInfo_Page/input_reEnterEMailAddress'

2024-11-12 17:55:46 - [MESSAGE][PASSED] - Text 'iahmed@govolution.com' is set on object 'Object Repository/RAD_Pages/AddressAndContactInfo_Page/input_reEnterEMailAddress'

2024-11-12 17:55:46 - [TEST_STEP][PASSED] - delay(2): Delayed 2 second(s)

2024-11-12 17:55:48 - [MESSAGE][PASSED] - Delayed 2 second(s)

2024-11-12 17:55:48 - [TEST_STEP][PASSED] - if (verifyTextPresent("The Email and Re-enter email do not match", true)): null

2024-11-12 17:55:49 - [MESSAGE][PASSED] - Text 'The Email and Re-enter email do not match' is present on page  using regular expression

2024-11-12 17:55:49 - [TEST_STEP][PASSED] - println("Emails Dont match text is present"): null

2024-11-12 17:55:49 - [TEST_STEP][PASSED] - out.println("Pass Record Number: " + row): null

2024-11-12 17:55:49 - [TEST_STEP][PASSED] - resText = "Pass": null

2024-11-12 17:55:49 - [TEST_STEP][PASSED] - pages.WriteExcel.demoKey(resText, datText, resColumn, datCloumn, fileLoc, nameSheet, row): pages.WriteExcel.demoKey is PASSED

2024-11-12 17:55:49 - [MESSAGE][PASSED] - pages.WriteExcel.demoKey is PASSED

2024-11-12 17:55:49 - [TEST_STEP][PASSED] - ExecuteTC = findTestData(dataFile).getValue("Execute", row): null

2024-11-12 17:55:49 - [TEST_STEP][PASSED] - Taxtype = findTestData(dataFile).getValue("TaxType", row): null

2024-11-12 17:55:49 - [TEST_STEP][PASSED] - Paymenttype = findTestData(dataFile).getValue("PaymentType", row): null

2024-11-12 17:55:49 - [TEST_STEP][PASSED] - out.println("Value of Execute is : " + ExecuteTC): null

2024-11-12 17:55:49 - [TEST_STEP][PASSED] - if (ExecuteTC.equalsIgnoreCase("Y")): null

2024-11-12 17:55:49 - [TEST_STEP][PASSED] - out.println("Begin Record Number: " + row): null

2024-11-12 17:55:49 - [TEST_STEP][PASSED] - today = new java.util.Date(): null

2024-11-12 17:55:49 - [TEST_STEP][PASSED] - println(today): null

2024-11-12 17:55:49 - [TEST_STEP][PASSED] - datText = today: null

2024-11-12 17:55:49 - [TEST_STEP][PASSED] - Taxtype = findTestData(dataFile).getValue("TaxType", row): null

2024-11-12 17:55:49 - [TEST_STEP][PASSED] - out.println("Taxtype value is : " + Taxtype): null

2024-11-12 17:55:49 - [TEST_STEP][PASSED] - openBrowser(""): Browser is opened with url: ''

2024-11-12 17:55:49 - [MESSAGE][WARNING] - A browser is already opened. Closing browser and opening a new one

2024-11-12 17:55:50 - [MESSAGE][INFO] - Starting 'Chrome' driver

2024-11-12 17:55:50 - [MESSAGE][INFO] - User set preference: ['acceptInsecureCerts', 'true']

2024-11-12 17:55:50 - [MESSAGE][INFO] - Action delay is set to 0 milliseconds

2024-11-12 17:55:52 - [MESSAGE][PASSED] - Browser is opened with url: ''

2024-11-12 17:55:52 - [TEST_STEP][PASSED] - maximizeWindow(): Current window maximized

2024-11-12 17:55:52 - [MESSAGE][PASSED] - Current window maximized

2024-11-12 17:55:52 - [TEST_STEP][PASSED] - navigateToUrl(RADurl): Navigate to 'https://www.velocitypayment.com/client/rad/index.html' successfully

2024-11-12 17:55:54 - [MESSAGE][PASSED] - Navigate to 'https://www.velocitypayment.com/client/rad/index.html' successfully

2024-11-12 17:55:54 - [TEST_STEP][PASSED] - orPath_Landing = "Object Repository/RAD_Pages/Landing_Page": null

2024-11-12 17:55:54 - [TEST_STEP][PASSED] - orPath_TaxTypeFilingYear = "Object Repository/RAD_Pages/TaxTypeFilingYear_Page": null

2024-11-12 17:55:54 - [TEST_STEP][PASSED] - orPath_TaxPayer = "Object Repository/RAD_Pages/Taxpayer_Page": null

2024-11-12 17:55:54 - [TEST_STEP][PASSED] - orPath_AddressContact = "Object Repository/RAD_Pages/AddressAndContactInfo_Page": null

2024-11-12 17:55:54 - [TEST_STEP][PASSED] - orPath_FilingStatus = "Object Repository/RAD_Pages/FilingStatus_Page": null

2024-11-12 17:55:54 - [TEST_STEP][PASSED] - orPath_Amount = "Object Repository/RAD_Pages/PaymentAmount_Page": null

2024-11-12 17:55:54 - [TEST_STEP][PASSED] - selectOptionByLabel(findTestObject(orPath_Landing + "/dd_TaxType"), Paymenttype, false): All options with label 'Extension Payments' are selected in object 'Object Repository/RAD_Pages/Landing_Page/dd_TaxType' 

2024-11-12 17:55:54 - [MESSAGE][PASSED] - All options with label 'Extension Payments' are selected in object 'Object Repository/RAD_Pages/Landing_Page/dd_TaxType' 

2024-11-12 17:55:54 - [TEST_STEP][PASSED] - delay(1): Delayed 1 second(s)

2024-11-12 17:55:55 - [MESSAGE][PASSED] - Delayed 1 second(s)

2024-11-12 17:55:55 - [TEST_STEP][PASSED] - switch (Paymenttype): null

2024-11-12 17:55:55 - [TEST_STEP][PASSED] - case "Extension Payments":: null

2024-11-12 17:55:55 - [TEST_STEP][PASSED] - selectOptionByLabel(findTestObject(orPath_TaxTypeFilingYear + "/select_PaymentType"), Taxtype, false): All options with label 'Corporate Income Tax' are selected in object 'Object Repository/RAD_Pages/TaxTypeFilingYear_Page/select_PaymentType' 

2024-11-12 17:55:56 - [MESSAGE][PASSED] - All options with label 'Corporate Income Tax' are selected in object 'Object Repository/RAD_Pages/TaxTypeFilingYear_Page/select_PaymentType' 

2024-11-12 17:55:56 - [TEST_STEP][PASSED] - break: null

2024-11-12 17:55:56 - [TEST_STEP][PASSED] - delay(1): Delayed 1 second(s)

2024-11-12 17:55:57 - [MESSAGE][PASSED] - Delayed 1 second(s)

2024-11-12 17:55:57 - [TEST_STEP][PASSED] - scrollToElement(findTestObject(orPath_Amount + "/input__paymentAmount"), 3): Scroll to object 'Object Repository/RAD_Pages/PaymentAmount_Page/input__paymentAmount' successfully

2024-11-12 17:55:57 - [MESSAGE][PASSED] - Scroll to object 'Object Repository/RAD_Pages/PaymentAmount_Page/input__paymentAmount' successfully

2024-11-12 17:55:57 - [TEST_STEP][PASSED] - setText(findTestObject(orPath_AddressContact + "/input_eMailAddress"), "imtiazster@gmail.com"): Text 'imtiazster@gmail.com' is set on object 'Object Repository/RAD_Pages/AddressAndContactInfo_Page/input_eMailAddress'

2024-11-12 17:55:58 - [MESSAGE][PASSED] - Text 'imtiazster@gmail.com' is set on object 'Object Repository/RAD_Pages/AddressAndContactInfo_Page/input_eMailAddress'

2024-11-12 17:55:58 - [TEST_STEP][PASSED] - setText(findTestObject(orPath_AddressContact + "/input_reEnterEMailAddress"), "iahmed@govolution.com"): Text 'iahmed@govolution.com' is set on object 'Object Repository/RAD_Pages/AddressAndContactInfo_Page/input_reEnterEMailAddress'

2024-11-12 17:55:59 - [MESSAGE][PASSED] - Text 'iahmed@govolution.com' is set on object 'Object Repository/RAD_Pages/AddressAndContactInfo_Page/input_reEnterEMailAddress'

2024-11-12 17:55:59 - [TEST_STEP][PASSED] - delay(2): Delayed 2 second(s)

2024-11-12 17:56:01 - [MESSAGE][PASSED] - Delayed 2 second(s)

2024-11-12 17:56:01 - [TEST_STEP][PASSED] - if (verifyTextPresent("The Email and Re-enter email do not match", true)): null

2024-11-12 17:56:02 - [MESSAGE][PASSED] - Text 'The Email and Re-enter email do not match' is present on page  using regular expression

2024-11-12 17:56:02 - [TEST_STEP][PASSED] - println("Emails Dont match text is present"): null

2024-11-12 17:56:02 - [TEST_STEP][PASSED] - out.println("Pass Record Number: " + row): null

2024-11-12 17:56:02 - [TEST_STEP][PASSED] - resText = "Pass": null

2024-11-12 17:56:02 - [TEST_STEP][PASSED] - pages.WriteExcel.demoKey(resText, datText, resColumn, datCloumn, fileLoc, nameSheet, row): pages.WriteExcel.demoKey is PASSED

2024-11-12 17:56:02 - [MESSAGE][PASSED] - pages.WriteExcel.demoKey is PASSED

2024-11-12 17:56:02 - [TEST_STEP][PASSED] - ExecuteTC = findTestData(dataFile).getValue("Execute", row): null

2024-11-12 17:56:02 - [TEST_STEP][PASSED] - Taxtype = findTestData(dataFile).getValue("TaxType", row): null

2024-11-12 17:56:02 - [TEST_STEP][PASSED] - Paymenttype = findTestData(dataFile).getValue("PaymentType", row): null

2024-11-12 17:56:02 - [TEST_STEP][PASSED] - out.println("Value of Execute is : " + ExecuteTC): null

2024-11-12 17:56:02 - [TEST_STEP][PASSED] - if (ExecuteTC.equalsIgnoreCase("Y")): null

2024-11-12 17:56:02 - [TEST_STEP][PASSED] - out.println("Begin Record Number: " + row): null

2024-11-12 17:56:02 - [TEST_STEP][PASSED] - today = new java.util.Date(): null

2024-11-12 17:56:02 - [TEST_STEP][PASSED] - println(today): null

2024-11-12 17:56:02 - [TEST_STEP][PASSED] - datText = today: null

2024-11-12 17:56:02 - [TEST_STEP][PASSED] - Taxtype = findTestData(dataFile).getValue("TaxType", row): null

2024-11-12 17:56:02 - [TEST_STEP][PASSED] - out.println("Taxtype value is : " + Taxtype): null

2024-11-12 17:56:02 - [TEST_STEP][PASSED] - openBrowser(""): Browser is opened with url: ''

2024-11-12 17:56:02 - [MESSAGE][WARNING] - A browser is already opened. Closing browser and opening a new one

2024-11-12 17:56:03 - [MESSAGE][INFO] - Starting 'Chrome' driver

2024-11-12 17:56:03 - [MESSAGE][INFO] - User set preference: ['acceptInsecureCerts', 'true']

2024-11-12 17:56:03 - [MESSAGE][INFO] - Action delay is set to 0 milliseconds

2024-11-12 17:56:05 - [MESSAGE][PASSED] - Browser is opened with url: ''

2024-11-12 17:56:05 - [TEST_STEP][PASSED] - maximizeWindow(): Current window maximized

2024-11-12 17:56:05 - [MESSAGE][PASSED] - Current window maximized

2024-11-12 17:56:05 - [TEST_STEP][PASSED] - navigateToUrl(RADurl): Navigate to 'https://www.velocitypayment.com/client/rad/index.html' successfully

2024-11-12 17:56:07 - [MESSAGE][PASSED] - Navigate to 'https://www.velocitypayment.com/client/rad/index.html' successfully

2024-11-12 17:56:07 - [TEST_STEP][PASSED] - orPath_Landing = "Object Repository/RAD_Pages/Landing_Page": null

2024-11-12 17:56:07 - [TEST_STEP][PASSED] - orPath_TaxTypeFilingYear = "Object Repository/RAD_Pages/TaxTypeFilingYear_Page": null

2024-11-12 17:56:07 - [TEST_STEP][PASSED] - orPath_TaxPayer = "Object Repository/RAD_Pages/Taxpayer_Page": null

2024-11-12 17:56:07 - [TEST_STEP][PASSED] - orPath_AddressContact = "Object Repository/RAD_Pages/AddressAndContactInfo_Page": null

2024-11-12 17:56:07 - [TEST_STEP][PASSED] - orPath_FilingStatus = "Object Repository/RAD_Pages/FilingStatus_Page": null

2024-11-12 17:56:07 - [TEST_STEP][PASSED] - orPath_Amount = "Object Repository/RAD_Pages/PaymentAmount_Page": null

2024-11-12 17:56:07 - [TEST_STEP][PASSED] - selectOptionByLabel(findTestObject(orPath_Landing + "/dd_TaxType"), Paymenttype, false): All options with label 'Extension Payments' are selected in object 'Object Repository/RAD_Pages/Landing_Page/dd_TaxType' 

2024-11-12 17:56:08 - [MESSAGE][PASSED] - All options with label 'Extension Payments' are selected in object 'Object Repository/RAD_Pages/Landing_Page/dd_TaxType' 

2024-11-12 17:56:08 - [TEST_STEP][PASSED] - delay(1): Delayed 1 second(s)

2024-11-12 17:56:09 - [MESSAGE][PASSED] - Delayed 1 second(s)

2024-11-12 17:56:09 - [TEST_STEP][PASSED] - switch (Paymenttype): null

2024-11-12 17:56:09 - [TEST_STEP][PASSED] - case "Extension Payments":: null

2024-11-12 17:56:09 - [TEST_STEP][PASSED] - selectOptionByLabel(findTestObject(orPath_TaxTypeFilingYear + "/select_PaymentType"), Taxtype, false): All options with label 'Fiduciary Tax' are selected in object 'Object Repository/RAD_Pages/TaxTypeFilingYear_Page/select_PaymentType' 

2024-11-12 17:56:09 - [MESSAGE][PASSED] - All options with label 'Fiduciary Tax' are selected in object 'Object Repository/RAD_Pages/TaxTypeFilingYear_Page/select_PaymentType' 

2024-11-12 17:56:09 - [TEST_STEP][PASSED] - break: null

2024-11-12 17:56:09 - [TEST_STEP][PASSED] - delay(1): Delayed 1 second(s)

2024-11-12 17:56:10 - [MESSAGE][PASSED] - Delayed 1 second(s)

2024-11-12 17:56:10 - [TEST_STEP][PASSED] - scrollToElement(findTestObject(orPath_Amount + "/input__paymentAmount"), 3): Scroll to object 'Object Repository/RAD_Pages/PaymentAmount_Page/input__paymentAmount' successfully

2024-11-12 17:56:11 - [MESSAGE][PASSED] - Scroll to object 'Object Repository/RAD_Pages/PaymentAmount_Page/input__paymentAmount' successfully

2024-11-12 17:56:11 - [TEST_STEP][PASSED] - setText(findTestObject(orPath_AddressContact + "/input_eMailAddress"), "imtiazster@gmail.com"): Text 'imtiazster@gmail.com' is set on object 'Object Repository/RAD_Pages/AddressAndContactInfo_Page/input_eMailAddress'

2024-11-12 17:56:12 - [MESSAGE][PASSED] - Text 'imtiazster@gmail.com' is set on object 'Object Repository/RAD_Pages/AddressAndContactInfo_Page/input_eMailAddress'

2024-11-12 17:56:12 - [TEST_STEP][PASSED] - setText(findTestObject(orPath_AddressContact + "/input_reEnterEMailAddress"), "iahmed@govolution.com"): Text 'iahmed@govolution.com' is set on object 'Object Repository/RAD_Pages/AddressAndContactInfo_Page/input_reEnterEMailAddress'

2024-11-12 17:56:13 - [MESSAGE][PASSED] - Text 'iahmed@govolution.com' is set on object 'Object Repository/RAD_Pages/AddressAndContactInfo_Page/input_reEnterEMailAddress'

2024-11-12 17:56:13 - [TEST_STEP][PASSED] - delay(2): Delayed 2 second(s)

2024-11-12 17:56:15 - [MESSAGE][PASSED] - Delayed 2 second(s)

2024-11-12 17:56:15 - [TEST_STEP][PASSED] - if (verifyTextPresent("The Email and Re-enter email do not match", true)): null

2024-11-12 17:56:15 - [MESSAGE][PASSED] - Text 'The Email and Re-enter email do not match' is present on page  using regular expression

2024-11-12 17:56:15 - [TEST_STEP][PASSED] - println("Emails Dont match text is present"): null

2024-11-12 17:56:15 - [TEST_STEP][PASSED] - out.println("Pass Record Number: " + row): null

2024-11-12 17:56:15 - [TEST_STEP][PASSED] - resText = "Pass": null

2024-11-12 17:56:15 - [TEST_STEP][PASSED] - pages.WriteExcel.demoKey(resText, datText, resColumn, datCloumn, fileLoc, nameSheet, row): pages.WriteExcel.demoKey is PASSED

2024-11-12 17:56:15 - [MESSAGE][PASSED] - pages.WriteExcel.demoKey is PASSED

2024-11-12 17:56:15 - [TEST_STEP][PASSED] - ExecuteTC = findTestData(dataFile).getValue("Execute", row): null

2024-11-12 17:56:15 - [TEST_STEP][PASSED] - Taxtype = findTestData(dataFile).getValue("TaxType", row): null

2024-11-12 17:56:15 - [TEST_STEP][PASSED] - Paymenttype = findTestData(dataFile).getValue("PaymentType", row): null

2024-11-12 17:56:15 - [TEST_STEP][PASSED] - out.println("Value of Execute is : " + ExecuteTC): null

2024-11-12 17:56:15 - [TEST_STEP][PASSED] - if (ExecuteTC.equalsIgnoreCase("Y")): null

2024-11-12 17:56:15 - [TEST_STEP][PASSED] - out.println("Begin Record Number: " + row): null

2024-11-12 17:56:15 - [TEST_STEP][PASSED] - today = new java.util.Date(): null

2024-11-12 17:56:15 - [TEST_STEP][PASSED] - println(today): null

2024-11-12 17:56:15 - [TEST_STEP][PASSED] - datText = today: null

2024-11-12 17:56:15 - [TEST_STEP][PASSED] - Taxtype = findTestData(dataFile).getValue("TaxType", row): null

2024-11-12 17:56:16 - [TEST_STEP][PASSED] - out.println("Taxtype value is : " + Taxtype): null

2024-11-12 17:56:16 - [TEST_STEP][PASSED] - openBrowser(""): Browser is opened with url: ''

2024-11-12 17:56:16 - [MESSAGE][WARNING] - A browser is already opened. Closing browser and opening a new one

2024-11-12 17:56:17 - [MESSAGE][INFO] - Starting 'Chrome' driver

2024-11-12 17:56:17 - [MESSAGE][INFO] - User set preference: ['acceptInsecureCerts', 'true']

2024-11-12 17:56:17 - [MESSAGE][INFO] - Action delay is set to 0 milliseconds

2024-11-12 17:56:19 - [MESSAGE][PASSED] - Browser is opened with url: ''

2024-11-12 17:56:19 - [TEST_STEP][PASSED] - maximizeWindow(): Current window maximized

2024-11-12 17:56:19 - [MESSAGE][PASSED] - Current window maximized

2024-11-12 17:56:19 - [TEST_STEP][PASSED] - navigateToUrl(RADurl): Navigate to 'https://www.velocitypayment.com/client/rad/index.html' successfully

2024-11-12 17:56:20 - [MESSAGE][PASSED] - Navigate to 'https://www.velocitypayment.com/client/rad/index.html' successfully

2024-11-12 17:56:20 - [TEST_STEP][PASSED] - orPath_Landing = "Object Repository/RAD_Pages/Landing_Page": null

2024-11-12 17:56:20 - [TEST_STEP][PASSED] - orPath_TaxTypeFilingYear = "Object Repository/RAD_Pages/TaxTypeFilingYear_Page": null

2024-11-12 17:56:20 - [TEST_STEP][PASSED] - orPath_TaxPayer = "Object Repository/RAD_Pages/Taxpayer_Page": null

2024-11-12 17:56:20 - [TEST_STEP][PASSED] - orPath_AddressContact = "Object Repository/RAD_Pages/AddressAndContactInfo_Page": null

2024-11-12 17:56:20 - [TEST_STEP][PASSED] - orPath_FilingStatus = "Object Repository/RAD_Pages/FilingStatus_Page": null

2024-11-12 17:56:20 - [TEST_STEP][PASSED] - orPath_Amount = "Object Repository/RAD_Pages/PaymentAmount_Page": null

2024-11-12 17:56:20 - [TEST_STEP][PASSED] - selectOptionByLabel(findTestObject(orPath_Landing + "/dd_TaxType"), Paymenttype, false): All options with label 'Extension Payments' are selected in object 'Object Repository/RAD_Pages/Landing_Page/dd_TaxType' 

2024-11-12 17:56:21 - [MESSAGE][PASSED] - All options with label 'Extension Payments' are selected in object 'Object Repository/RAD_Pages/Landing_Page/dd_TaxType' 

2024-11-12 17:56:21 - [TEST_STEP][PASSED] - delay(1): Delayed 1 second(s)

2024-11-12 17:56:22 - [MESSAGE][PASSED] - Delayed 1 second(s)

2024-11-12 17:56:22 - [TEST_STEP][PASSED] - switch (Paymenttype): null

2024-11-12 17:56:22 - [TEST_STEP][PASSED] - case "Extension Payments":: null

2024-11-12 17:56:22 - [TEST_STEP][PASSED] - selectOptionByLabel(findTestObject(orPath_TaxTypeFilingYear + "/select_PaymentType"), Taxtype, false): All options with label 'PTE Non-Electing Non-S Corp' are selected in object 'Object Repository/RAD_Pages/TaxTypeFilingYear_Page/select_PaymentType' 

2024-11-12 17:56:23 - [MESSAGE][PASSED] - All options with label 'PTE Non-Electing Non-S Corp' are selected in object 'Object Repository/RAD_Pages/TaxTypeFilingYear_Page/select_PaymentType' 

2024-11-12 17:56:23 - [TEST_STEP][PASSED] - break: null

2024-11-12 17:56:23 - [TEST_STEP][PASSED] - delay(1): Delayed 1 second(s)

2024-11-12 17:56:24 - [MESSAGE][PASSED] - Delayed 1 second(s)

2024-11-12 17:56:24 - [TEST_STEP][PASSED] - scrollToElement(findTestObject(orPath_Amount + "/input__paymentAmount"), 3): Scroll to object 'Object Repository/RAD_Pages/PaymentAmount_Page/input__paymentAmount' successfully

2024-11-12 17:56:24 - [MESSAGE][PASSED] - Scroll to object 'Object Repository/RAD_Pages/PaymentAmount_Page/input__paymentAmount' successfully

2024-11-12 17:56:24 - [TEST_STEP][PASSED] - setText(findTestObject(orPath_AddressContact + "/input_eMailAddress"), "imtiazster@gmail.com"): Text 'imtiazster@gmail.com' is set on object 'Object Repository/RAD_Pages/AddressAndContactInfo_Page/input_eMailAddress'

2024-11-12 17:56:25 - [MESSAGE][PASSED] - Text 'imtiazster@gmail.com' is set on object 'Object Repository/RAD_Pages/AddressAndContactInfo_Page/input_eMailAddress'

2024-11-12 17:56:25 - [TEST_STEP][PASSED] - setText(findTestObject(orPath_AddressContact + "/input_reEnterEMailAddress"), "iahmed@govolution.com"): Text 'iahmed@govolution.com' is set on object 'Object Repository/RAD_Pages/AddressAndContactInfo_Page/input_reEnterEMailAddress'

2024-11-12 17:56:26 - [MESSAGE][PASSED] - Text 'iahmed@govolution.com' is set on object 'Object Repository/RAD_Pages/AddressAndContactInfo_Page/input_reEnterEMailAddress'

2024-11-12 17:56:26 - [TEST_STEP][PASSED] - delay(2): Delayed 2 second(s)

2024-11-12 17:56:28 - [MESSAGE][PASSED] - Delayed 2 second(s)

2024-11-12 17:56:28 - [TEST_STEP][PASSED] - if (verifyTextPresent("The Email and Re-enter email do not match", true)): null

2024-11-12 17:56:28 - [MESSAGE][PASSED] - Text 'The Email and Re-enter email do not match' is present on page  using regular expression

2024-11-12 17:56:28 - [TEST_STEP][PASSED] - println("Emails Dont match text is present"): null

2024-11-12 17:56:28 - [TEST_STEP][PASSED] - out.println("Pass Record Number: " + row): null

2024-11-12 17:56:28 - [TEST_STEP][PASSED] - resText = "Pass": null

2024-11-12 17:56:28 - [TEST_STEP][PASSED] - pages.WriteExcel.demoKey(resText, datText, resColumn, datCloumn, fileLoc, nameSheet, row): pages.WriteExcel.demoKey is PASSED

2024-11-12 17:56:28 - [MESSAGE][PASSED] - pages.WriteExcel.demoKey is PASSED

2024-11-12 17:56:28 - [TEST_STEP][PASSED] - ExecuteTC = findTestData(dataFile).getValue("Execute", row): null

2024-11-12 17:56:28 - [TEST_STEP][PASSED] - Taxtype = findTestData(dataFile).getValue("TaxType", row): null

2024-11-12 17:56:28 - [TEST_STEP][PASSED] - Paymenttype = findTestData(dataFile).getValue("PaymentType", row): null

2024-11-12 17:56:28 - [TEST_STEP][PASSED] - out.println("Value of Execute is : " + ExecuteTC): null

2024-11-12 17:56:28 - [TEST_STEP][PASSED] - if (ExecuteTC.equalsIgnoreCase("Y")): null

2024-11-12 17:56:28 - [TEST_STEP][PASSED] - out.println("Begin Record Number: " + row): null

2024-11-12 17:56:28 - [TEST_STEP][PASSED] - today = new java.util.Date(): null

2024-11-12 17:56:28 - [TEST_STEP][PASSED] - println(today): null

2024-11-12 17:56:28 - [TEST_STEP][PASSED] - datText = today: null

2024-11-12 17:56:28 - [TEST_STEP][PASSED] - Taxtype = findTestData(dataFile).getValue("TaxType", row): null

2024-11-12 17:56:28 - [TEST_STEP][PASSED] - out.println("Taxtype value is : " + Taxtype): null

2024-11-12 17:56:28 - [TEST_STEP][PASSED] - openBrowser(""): Browser is opened with url: ''

2024-11-12 17:56:28 - [MESSAGE][WARNING] - A browser is already opened. Closing browser and opening a new one

2024-11-12 17:56:30 - [MESSAGE][INFO] - Starting 'Chrome' driver

2024-11-12 17:56:30 - [MESSAGE][INFO] - User set preference: ['acceptInsecureCerts', 'true']

2024-11-12 17:56:30 - [MESSAGE][INFO] - Action delay is set to 0 milliseconds

2024-11-12 17:56:31 - [MESSAGE][PASSED] - Browser is opened with url: ''

2024-11-12 17:56:31 - [TEST_STEP][PASSED] - maximizeWindow(): Current window maximized

2024-11-12 17:56:32 - [MESSAGE][PASSED] - Current window maximized

2024-11-12 17:56:32 - [TEST_STEP][PASSED] - navigateToUrl(RADurl): Navigate to 'https://www.velocitypayment.com/client/rad/index.html' successfully

2024-11-12 17:56:33 - [MESSAGE][PASSED] - Navigate to 'https://www.velocitypayment.com/client/rad/index.html' successfully

2024-11-12 17:56:33 - [TEST_STEP][PASSED] - orPath_Landing = "Object Repository/RAD_Pages/Landing_Page": null

2024-11-12 17:56:33 - [TEST_STEP][PASSED] - orPath_TaxTypeFilingYear = "Object Repository/RAD_Pages/TaxTypeFilingYear_Page": null

2024-11-12 17:56:33 - [TEST_STEP][PASSED] - orPath_TaxPayer = "Object Repository/RAD_Pages/Taxpayer_Page": null

2024-11-12 17:56:33 - [TEST_STEP][PASSED] - orPath_AddressContact = "Object Repository/RAD_Pages/AddressAndContactInfo_Page": null

2024-11-12 17:56:33 - [TEST_STEP][PASSED] - orPath_FilingStatus = "Object Repository/RAD_Pages/FilingStatus_Page": null

2024-11-12 17:56:33 - [TEST_STEP][PASSED] - orPath_Amount = "Object Repository/RAD_Pages/PaymentAmount_Page": null

2024-11-12 17:56:33 - [TEST_STEP][PASSED] - selectOptionByLabel(findTestObject(orPath_Landing + "/dd_TaxType"), Paymenttype, false): All options with label 'Extension Payments' are selected in object 'Object Repository/RAD_Pages/Landing_Page/dd_TaxType' 

2024-11-12 17:56:34 - [MESSAGE][PASSED] - All options with label 'Extension Payments' are selected in object 'Object Repository/RAD_Pages/Landing_Page/dd_TaxType' 

2024-11-12 17:56:34 - [TEST_STEP][PASSED] - delay(1): Delayed 1 second(s)

2024-11-12 17:56:35 - [MESSAGE][PASSED] - Delayed 1 second(s)

2024-11-12 17:56:35 - [TEST_STEP][PASSED] - switch (Paymenttype): null

2024-11-12 17:56:35 - [TEST_STEP][PASSED] - case "Extension Payments":: null

2024-11-12 17:56:35 - [TEST_STEP][PASSED] - selectOptionByLabel(findTestObject(orPath_TaxTypeFilingYear + "/select_PaymentType"), Taxtype, false): All options with label 'PTE Non-Electing S Corp' are selected in object 'Object Repository/RAD_Pages/TaxTypeFilingYear_Page/select_PaymentType' 

2024-11-12 17:56:36 - [MESSAGE][PASSED] - All options with label 'PTE Non-Electing S Corp' are selected in object 'Object Repository/RAD_Pages/TaxTypeFilingYear_Page/select_PaymentType' 

2024-11-12 17:56:36 - [TEST_STEP][PASSED] - break: null

2024-11-12 17:56:36 - [TEST_STEP][PASSED] - delay(1): Delayed 1 second(s)

2024-11-12 17:56:37 - [MESSAGE][PASSED] - Delayed 1 second(s)

2024-11-12 17:56:37 - [TEST_STEP][PASSED] - scrollToElement(findTestObject(orPath_Amount + "/input__paymentAmount"), 3): Scroll to object 'Object Repository/RAD_Pages/PaymentAmount_Page/input__paymentAmount' successfully

2024-11-12 17:56:38 - [MESSAGE][PASSED] - Scroll to object 'Object Repository/RAD_Pages/PaymentAmount_Page/input__paymentAmount' successfully

2024-11-12 17:56:38 - [TEST_STEP][PASSED] - setText(findTestObject(orPath_AddressContact + "/input_eMailAddress"), "imtiazster@gmail.com"): Text 'imtiazster@gmail.com' is set on object 'Object Repository/RAD_Pages/AddressAndContactInfo_Page/input_eMailAddress'

2024-11-12 17:56:39 - [MESSAGE][PASSED] - Text 'imtiazster@gmail.com' is set on object 'Object Repository/RAD_Pages/AddressAndContactInfo_Page/input_eMailAddress'

2024-11-12 17:56:39 - [TEST_STEP][PASSED] - setText(findTestObject(orPath_AddressContact + "/input_reEnterEMailAddress"), "iahmed@govolution.com"): Text 'iahmed@govolution.com' is set on object 'Object Repository/RAD_Pages/AddressAndContactInfo_Page/input_reEnterEMailAddress'

2024-11-12 17:56:40 - [MESSAGE][PASSED] - Text 'iahmed@govolution.com' is set on object 'Object Repository/RAD_Pages/AddressAndContactInfo_Page/input_reEnterEMailAddress'

2024-11-12 17:56:40 - [TEST_STEP][PASSED] - delay(2): Delayed 2 second(s)

2024-11-12 17:56:42 - [MESSAGE][PASSED] - Delayed 2 second(s)

2024-11-12 17:56:42 - [TEST_STEP][PASSED] - if (verifyTextPresent("The Email and Re-enter email do not match", true)): null

2024-11-12 17:56:42 - [MESSAGE][PASSED] - Text 'The Email and Re-enter email do not match' is present on page  using regular expression

2024-11-12 17:56:42 - [TEST_STEP][PASSED] - println("Emails Dont match text is present"): null

2024-11-12 17:56:42 - [TEST_STEP][PASSED] - out.println("Pass Record Number: " + row): null

2024-11-12 17:56:42 - [TEST_STEP][PASSED] - resText = "Pass": null

2024-11-12 17:56:42 - [TEST_STEP][PASSED] - pages.WriteExcel.demoKey(resText, datText, resColumn, datCloumn, fileLoc, nameSheet, row): pages.WriteExcel.demoKey is PASSED

2024-11-12 17:56:42 - [MESSAGE][PASSED] - pages.WriteExcel.demoKey is PASSED

2024-11-12 17:56:42 - [TEST_STEP][PASSED] - ExecuteTC = findTestData(dataFile).getValue("Execute", row): null

2024-11-12 17:56:42 - [TEST_STEP][PASSED] - Taxtype = findTestData(dataFile).getValue("TaxType", row): null

2024-11-12 17:56:42 - [TEST_STEP][PASSED] - Paymenttype = findTestData(dataFile).getValue("PaymentType", row): null

2024-11-12 17:56:42 - [TEST_STEP][PASSED] - out.println("Value of Execute is : " + ExecuteTC): null

2024-11-12 17:56:42 - [TEST_STEP][PASSED] - if (ExecuteTC.equalsIgnoreCase("Y")): null

2024-11-12 17:56:42 - [TEST_STEP][PASSED] - out.println("Begin Record Number: " + row): null

2024-11-12 17:56:42 - [TEST_STEP][PASSED] - today = new java.util.Date(): null

2024-11-12 17:56:42 - [TEST_STEP][PASSED] - println(today): null

2024-11-12 17:56:42 - [TEST_STEP][PASSED] - datText = today: null

2024-11-12 17:56:42 - [TEST_STEP][PASSED] - Taxtype = findTestData(dataFile).getValue("TaxType", row): null

2024-11-12 17:56:42 - [TEST_STEP][PASSED] - out.println("Taxtype value is : " + Taxtype): null

2024-11-12 17:56:42 - [TEST_STEP][PASSED] - openBrowser(""): Browser is opened with url: ''

2024-11-12 17:56:42 - [MESSAGE][WARNING] - A browser is already opened. Closing browser and opening a new one

2024-11-12 17:56:44 - [MESSAGE][INFO] - Starting 'Chrome' driver

2024-11-12 17:56:44 - [MESSAGE][INFO] - User set preference: ['acceptInsecureCerts', 'true']

2024-11-12 17:56:44 - [MESSAGE][INFO] - Action delay is set to 0 milliseconds

2024-11-12 17:56:45 - [MESSAGE][PASSED] - Browser is opened with url: ''

2024-11-12 17:56:45 - [TEST_STEP][PASSED] - maximizeWindow(): Current window maximized

2024-11-12 17:56:45 - [MESSAGE][PASSED] - Current window maximized

2024-11-12 17:56:45 - [TEST_STEP][PASSED] - navigateToUrl(RADurl): Navigate to 'https://www.velocitypayment.com/client/rad/index.html' successfully

2024-11-12 17:56:47 - [MESSAGE][PASSED] - Navigate to 'https://www.velocitypayment.com/client/rad/index.html' successfully

2024-11-12 17:56:47 - [TEST_STEP][PASSED] - orPath_Landing = "Object Repository/RAD_Pages/Landing_Page": null

2024-11-12 17:56:47 - [TEST_STEP][PASSED] - orPath_TaxTypeFilingYear = "Object Repository/RAD_Pages/TaxTypeFilingYear_Page": null

2024-11-12 17:56:47 - [TEST_STEP][PASSED] - orPath_TaxPayer = "Object Repository/RAD_Pages/Taxpayer_Page": null

2024-11-12 17:56:47 - [TEST_STEP][PASSED] - orPath_AddressContact = "Object Repository/RAD_Pages/AddressAndContactInfo_Page": null

2024-11-12 17:56:47 - [TEST_STEP][PASSED] - orPath_FilingStatus = "Object Repository/RAD_Pages/FilingStatus_Page": null

2024-11-12 17:56:47 - [TEST_STEP][PASSED] - orPath_Amount = "Object Repository/RAD_Pages/PaymentAmount_Page": null

2024-11-12 17:56:47 - [TEST_STEP][PASSED] - selectOptionByLabel(findTestObject(orPath_Landing + "/dd_TaxType"), Paymenttype, false): All options with label 'Extension Payments' are selected in object 'Object Repository/RAD_Pages/Landing_Page/dd_TaxType' 

2024-11-12 17:56:48 - [MESSAGE][PASSED] - All options with label 'Extension Payments' are selected in object 'Object Repository/RAD_Pages/Landing_Page/dd_TaxType' 

2024-11-12 17:56:48 - [TEST_STEP][PASSED] - delay(1): Delayed 1 second(s)

2024-11-12 17:56:49 - [MESSAGE][PASSED] - Delayed 1 second(s)

2024-11-12 17:56:49 - [TEST_STEP][PASSED] - switch (Paymenttype): null

2024-11-12 17:56:49 - [TEST_STEP][PASSED] - case "Extension Payments":: null

2024-11-12 17:56:49 - [TEST_STEP][PASSED] - selectOptionByLabel(findTestObject(orPath_TaxTypeFilingYear + "/select_PaymentType"), Taxtype, false): All options with label 'PTE Tax Electing Non-S Corp' are selected in object 'Object Repository/RAD_Pages/TaxTypeFilingYear_Page/select_PaymentType' 

2024-11-12 17:56:50 - [MESSAGE][PASSED] - All options with label 'PTE Tax Electing Non-S Corp' are selected in object 'Object Repository/RAD_Pages/TaxTypeFilingYear_Page/select_PaymentType' 

2024-11-12 17:56:50 - [TEST_STEP][PASSED] - break: null

2024-11-12 17:56:50 - [TEST_STEP][PASSED] - delay(1): Delayed 1 second(s)

2024-11-12 17:56:51 - [MESSAGE][PASSED] - Delayed 1 second(s)

2024-11-12 17:56:51 - [TEST_STEP][PASSED] - scrollToElement(findTestObject(orPath_Amount + "/input__paymentAmount"), 3): Scroll to object 'Object Repository/RAD_Pages/PaymentAmount_Page/input__paymentAmount' successfully

2024-11-12 17:56:51 - [MESSAGE][PASSED] - Scroll to object 'Object Repository/RAD_Pages/PaymentAmount_Page/input__paymentAmount' successfully

2024-11-12 17:56:51 - [TEST_STEP][PASSED] - setText(findTestObject(orPath_AddressContact + "/input_eMailAddress"), "imtiazster@gmail.com"): Text 'imtiazster@gmail.com' is set on object 'Object Repository/RAD_Pages/AddressAndContactInfo_Page/input_eMailAddress'

2024-11-12 17:56:52 - [MESSAGE][PASSED] - Text 'imtiazster@gmail.com' is set on object 'Object Repository/RAD_Pages/AddressAndContactInfo_Page/input_eMailAddress'

2024-11-12 17:56:52 - [TEST_STEP][PASSED] - setText(findTestObject(orPath_AddressContact + "/input_reEnterEMailAddress"), "iahmed@govolution.com"): Text 'iahmed@govolution.com' is set on object 'Object Repository/RAD_Pages/AddressAndContactInfo_Page/input_reEnterEMailAddress'

2024-11-12 17:56:53 - [MESSAGE][PASSED] - Text 'iahmed@govolution.com' is set on object 'Object Repository/RAD_Pages/AddressAndContactInfo_Page/input_reEnterEMailAddress'

2024-11-12 17:56:53 - [TEST_STEP][PASSED] - delay(2): Delayed 2 second(s)

2024-11-12 17:56:55 - [MESSAGE][PASSED] - Delayed 2 second(s)

2024-11-12 17:56:55 - [TEST_STEP][PASSED] - if (verifyTextPresent("The Email and Re-enter email do not match", true)): null

2024-11-12 17:56:55 - [MESSAGE][PASSED] - Text 'The Email and Re-enter email do not match' is present on page  using regular expression

2024-11-12 17:56:55 - [TEST_STEP][PASSED] - println("Emails Dont match text is present"): null

2024-11-12 17:56:55 - [TEST_STEP][PASSED] - out.println("Pass Record Number: " + row): null

2024-11-12 17:56:55 - [TEST_STEP][PASSED] - resText = "Pass": null

2024-11-12 17:56:55 - [TEST_STEP][PASSED] - pages.WriteExcel.demoKey(resText, datText, resColumn, datCloumn, fileLoc, nameSheet, row): pages.WriteExcel.demoKey is PASSED

2024-11-12 17:56:55 - [MESSAGE][PASSED] - pages.WriteExcel.demoKey is PASSED

2024-11-12 17:56:55 - [TEST_STEP][PASSED] - ExecuteTC = findTestData(dataFile).getValue("Execute", row): null

2024-11-12 17:56:55 - [TEST_STEP][PASSED] - Taxtype = findTestData(dataFile).getValue("TaxType", row): null

2024-11-12 17:56:55 - [TEST_STEP][PASSED] - Paymenttype = findTestData(dataFile).getValue("PaymentType", row): null

2024-11-12 17:56:55 - [TEST_STEP][PASSED] - out.println("Value of Execute is : " + ExecuteTC): null

2024-11-12 17:56:55 - [TEST_STEP][PASSED] - if (ExecuteTC.equalsIgnoreCase("Y")): null

2024-11-12 17:56:55 - [TEST_STEP][PASSED] - out.println("Begin Record Number: " + row): null

2024-11-12 17:56:55 - [TEST_STEP][PASSED] - today = new java.util.Date(): null

2024-11-12 17:56:55 - [TEST_STEP][PASSED] - println(today): null

2024-11-12 17:56:55 - [TEST_STEP][PASSED] - datText = today: null

2024-11-12 17:56:55 - [TEST_STEP][PASSED] - Taxtype = findTestData(dataFile).getValue("TaxType", row): null

2024-11-12 17:56:56 - [TEST_STEP][PASSED] - out.println("Taxtype value is : " + Taxtype): null

2024-11-12 17:56:56 - [TEST_STEP][PASSED] - openBrowser(""): Browser is opened with url: ''

2024-11-12 17:56:56 - [MESSAGE][WARNING] - A browser is already opened. Closing browser and opening a new one

2024-11-12 17:56:57 - [MESSAGE][INFO] - Starting 'Chrome' driver

2024-11-12 17:56:57 - [MESSAGE][INFO] - User set preference: ['acceptInsecureCerts', 'true']

2024-11-12 17:56:57 - [MESSAGE][INFO] - Action delay is set to 0 milliseconds

2024-11-12 17:56:59 - [MESSAGE][PASSED] - Browser is opened with url: ''

2024-11-12 17:56:59 - [TEST_STEP][PASSED] - maximizeWindow(): Current window maximized

2024-11-12 17:56:59 - [MESSAGE][PASSED] - Current window maximized

2024-11-12 17:56:59 - [TEST_STEP][PASSED] - navigateToUrl(RADurl): Navigate to 'https://www.velocitypayment.com/client/rad/index.html' successfully

2024-11-12 17:57:00 - [MESSAGE][PASSED] - Navigate to 'https://www.velocitypayment.com/client/rad/index.html' successfully

2024-11-12 17:57:00 - [TEST_STEP][PASSED] - orPath_Landing = "Object Repository/RAD_Pages/Landing_Page": null

2024-11-12 17:57:00 - [TEST_STEP][PASSED] - orPath_TaxTypeFilingYear = "Object Repository/RAD_Pages/TaxTypeFilingYear_Page": null

2024-11-12 17:57:00 - [TEST_STEP][PASSED] - orPath_TaxPayer = "Object Repository/RAD_Pages/Taxpayer_Page": null

2024-11-12 17:57:00 - [TEST_STEP][PASSED] - orPath_AddressContact = "Object Repository/RAD_Pages/AddressAndContactInfo_Page": null

2024-11-12 17:57:00 - [TEST_STEP][PASSED] - orPath_FilingStatus = "Object Repository/RAD_Pages/FilingStatus_Page": null

2024-11-12 17:57:00 - [TEST_STEP][PASSED] - orPath_Amount = "Object Repository/RAD_Pages/PaymentAmount_Page": null

2024-11-12 17:57:00 - [TEST_STEP][PASSED] - selectOptionByLabel(findTestObject(orPath_Landing + "/dd_TaxType"), Paymenttype, false): All options with label 'Extension Payments' are selected in object 'Object Repository/RAD_Pages/Landing_Page/dd_TaxType' 

2024-11-12 17:57:01 - [MESSAGE][PASSED] - All options with label 'Extension Payments' are selected in object 'Object Repository/RAD_Pages/Landing_Page/dd_TaxType' 

2024-11-12 17:57:01 - [TEST_STEP][PASSED] - delay(1): Delayed 1 second(s)

2024-11-12 17:57:02 - [MESSAGE][PASSED] - Delayed 1 second(s)

2024-11-12 17:57:02 - [TEST_STEP][PASSED] - switch (Paymenttype): null

2024-11-12 17:57:02 - [TEST_STEP][PASSED] - case "Extension Payments":: null

2024-11-12 17:57:02 - [TEST_STEP][PASSED] - selectOptionByLabel(findTestObject(orPath_TaxTypeFilingYear + "/select_PaymentType"), Taxtype, false): All options with label 'PTE Tax Electing S Corp' are selected in object 'Object Repository/RAD_Pages/TaxTypeFilingYear_Page/select_PaymentType' 

2024-11-12 17:57:03 - [MESSAGE][PASSED] - All options with label 'PTE Tax Electing S Corp' are selected in object 'Object Repository/RAD_Pages/TaxTypeFilingYear_Page/select_PaymentType' 

2024-11-12 17:57:03 - [TEST_STEP][PASSED] - break: null

2024-11-12 17:57:03 - [TEST_STEP][PASSED] - delay(1): Delayed 1 second(s)

2024-11-12 17:57:04 - [MESSAGE][PASSED] - Delayed 1 second(s)

2024-11-12 17:57:04 - [TEST_STEP][PASSED] - scrollToElement(findTestObject(orPath_Amount + "/input__paymentAmount"), 3): Scroll to object 'Object Repository/RAD_Pages/PaymentAmount_Page/input__paymentAmount' successfully

2024-11-12 17:57:04 - [MESSAGE][PASSED] - Scroll to object 'Object Repository/RAD_Pages/PaymentAmount_Page/input__paymentAmount' successfully

2024-11-12 17:57:04 - [TEST_STEP][PASSED] - setText(findTestObject(orPath_AddressContact + "/input_eMailAddress"), "imtiazster@gmail.com"): Text 'imtiazster@gmail.com' is set on object 'Object Repository/RAD_Pages/AddressAndContactInfo_Page/input_eMailAddress'

2024-11-12 17:57:05 - [MESSAGE][PASSED] - Text 'imtiazster@gmail.com' is set on object 'Object Repository/RAD_Pages/AddressAndContactInfo_Page/input_eMailAddress'

2024-11-12 17:57:05 - [TEST_STEP][PASSED] - setText(findTestObject(orPath_AddressContact + "/input_reEnterEMailAddress"), "iahmed@govolution.com"): Text 'iahmed@govolution.com' is set on object 'Object Repository/RAD_Pages/AddressAndContactInfo_Page/input_reEnterEMailAddress'

2024-11-12 17:57:06 - [MESSAGE][PASSED] - Text 'iahmed@govolution.com' is set on object 'Object Repository/RAD_Pages/AddressAndContactInfo_Page/input_reEnterEMailAddress'

2024-11-12 17:57:06 - [TEST_STEP][PASSED] - delay(2): Delayed 2 second(s)

2024-11-12 17:57:08 - [MESSAGE][PASSED] - Delayed 2 second(s)

2024-11-12 17:57:08 - [TEST_STEP][PASSED] - if (verifyTextPresent("The Email and Re-enter email do not match", true)): null

2024-11-12 17:57:08 - [MESSAGE][PASSED] - Text 'The Email and Re-enter email do not match' is present on page  using regular expression

2024-11-12 17:57:08 - [TEST_STEP][PASSED] - println("Emails Dont match text is present"): null

2024-11-12 17:57:08 - [TEST_STEP][PASSED] - out.println("Pass Record Number: " + row): null

2024-11-12 17:57:08 - [TEST_STEP][PASSED] - resText = "Pass": null

2024-11-12 17:57:08 - [TEST_STEP][PASSED] - pages.WriteExcel.demoKey(resText, datText, resColumn, datCloumn, fileLoc, nameSheet, row): pages.WriteExcel.demoKey is PASSED

2024-11-12 17:57:08 - [MESSAGE][PASSED] - pages.WriteExcel.demoKey is PASSED

2024-11-12 17:57:08 - [TEST_STEP][PASSED] - ExecuteTC = findTestData(dataFile).getValue("Execute", row): null

2024-11-12 17:57:08 - [TEST_STEP][PASSED] - Taxtype = findTestData(dataFile).getValue("TaxType", row): null

2024-11-12 17:57:08 - [TEST_STEP][PASSED] - Paymenttype = findTestData(dataFile).getValue("PaymentType", row): null

2024-11-12 17:57:08 - [TEST_STEP][PASSED] - out.println("Value of Execute is : " + ExecuteTC): null

2024-11-12 17:57:08 - [TEST_STEP][PASSED] - if (ExecuteTC.equalsIgnoreCase("Y")): null

2024-11-12 17:57:08 - [TEST_STEP][PASSED] - out.println("Begin Record Number: " + row): null

2024-11-12 17:57:08 - [TEST_STEP][PASSED] - today = new java.util.Date(): null

2024-11-12 17:57:08 - [TEST_STEP][PASSED] - println(today): null

2024-11-12 17:57:08 - [TEST_STEP][PASSED] - datText = today: null

2024-11-12 17:57:08 - [TEST_STEP][PASSED] - Taxtype = findTestData(dataFile).getValue("TaxType", row): null

2024-11-12 17:57:08 - [TEST_STEP][PASSED] - out.println("Taxtype value is : " + Taxtype): null

2024-11-12 17:57:08 - [TEST_STEP][PASSED] - openBrowser(""): Browser is opened with url: ''

2024-11-12 17:57:08 - [MESSAGE][WARNING] - A browser is already opened. Closing browser and opening a new one

2024-11-12 17:57:10 - [MESSAGE][INFO] - Starting 'Chrome' driver

2024-11-12 17:57:10 - [MESSAGE][INFO] - User set preference: ['acceptInsecureCerts', 'true']

2024-11-12 17:57:10 - [MESSAGE][INFO] - Action delay is set to 0 milliseconds

2024-11-12 17:57:12 - [MESSAGE][PASSED] - Browser is opened with url: ''

2024-11-12 17:57:12 - [TEST_STEP][PASSED] - maximizeWindow(): Current window maximized

2024-11-12 17:57:12 - [MESSAGE][PASSED] - Current window maximized

2024-11-12 17:57:12 - [TEST_STEP][PASSED] - navigateToUrl(RADurl): Navigate to 'https://www.velocitypayment.com/client/rad/index.html' successfully

2024-11-12 17:57:13 - [MESSAGE][PASSED] - Navigate to 'https://www.velocitypayment.com/client/rad/index.html' successfully

2024-11-12 17:57:13 - [TEST_STEP][PASSED] - orPath_Landing = "Object Repository/RAD_Pages/Landing_Page": null

2024-11-12 17:57:13 - [TEST_STEP][PASSED] - orPath_TaxTypeFilingYear = "Object Repository/RAD_Pages/TaxTypeFilingYear_Page": null

2024-11-12 17:57:13 - [TEST_STEP][PASSED] - orPath_TaxPayer = "Object Repository/RAD_Pages/Taxpayer_Page": null

2024-11-12 17:57:13 - [TEST_STEP][PASSED] - orPath_AddressContact = "Object Repository/RAD_Pages/AddressAndContactInfo_Page": null

2024-11-12 17:57:13 - [TEST_STEP][PASSED] - orPath_FilingStatus = "Object Repository/RAD_Pages/FilingStatus_Page": null

2024-11-12 17:57:13 - [TEST_STEP][PASSED] - orPath_Amount = "Object Repository/RAD_Pages/PaymentAmount_Page": null

2024-11-12 17:57:13 - [TEST_STEP][PASSED] - selectOptionByLabel(findTestObject(orPath_Landing + "/dd_TaxType"), Paymenttype, false): All options with label 'Extension Payments' are selected in object 'Object Repository/RAD_Pages/Landing_Page/dd_TaxType' 

2024-11-12 17:57:14 - [MESSAGE][PASSED] - All options with label 'Extension Payments' are selected in object 'Object Repository/RAD_Pages/Landing_Page/dd_TaxType' 

2024-11-12 17:57:14 - [TEST_STEP][PASSED] - delay(1): Delayed 1 second(s)

2024-11-12 17:57:15 - [MESSAGE][PASSED] - Delayed 1 second(s)

2024-11-12 17:57:15 - [TEST_STEP][PASSED] - switch (Paymenttype): null

2024-11-12 17:57:15 - [TEST_STEP][PASSED] - case "Extension Payments":: null

2024-11-12 17:57:15 - [TEST_STEP][PASSED] - selectOptionByLabel(findTestObject(orPath_TaxTypeFilingYear + "/select_PaymentType"), Taxtype, false): All options with label 'Personal Income Tax' are selected in object 'Object Repository/RAD_Pages/TaxTypeFilingYear_Page/select_PaymentType' 

2024-11-12 17:57:15 - [MESSAGE][PASSED] - All options with label 'Personal Income Tax' are selected in object 'Object Repository/RAD_Pages/TaxTypeFilingYear_Page/select_PaymentType' 

2024-11-12 17:57:15 - [TEST_STEP][PASSED] - break: null

2024-11-12 17:57:15 - [TEST_STEP][PASSED] - delay(1): Delayed 1 second(s)

2024-11-12 17:57:16 - [MESSAGE][PASSED] - Delayed 1 second(s)

2024-11-12 17:57:16 - [TEST_STEP][PASSED] - scrollToElement(findTestObject(orPath_Amount + "/input__paymentAmount"), 3): Scroll to object 'Object Repository/RAD_Pages/PaymentAmount_Page/input__paymentAmount' successfully

2024-11-12 17:57:17 - [MESSAGE][PASSED] - Scroll to object 'Object Repository/RAD_Pages/PaymentAmount_Page/input__paymentAmount' successfully

2024-11-12 17:57:17 - [TEST_STEP][PASSED] - setText(findTestObject(orPath_AddressContact + "/input_eMailAddress"), "imtiazster@gmail.com"): Text 'imtiazster@gmail.com' is set on object 'Object Repository/RAD_Pages/AddressAndContactInfo_Page/input_eMailAddress'

2024-11-12 17:57:18 - [MESSAGE][PASSED] - Text 'imtiazster@gmail.com' is set on object 'Object Repository/RAD_Pages/AddressAndContactInfo_Page/input_eMailAddress'

2024-11-12 17:57:18 - [TEST_STEP][PASSED] - setText(findTestObject(orPath_AddressContact + "/input_reEnterEMailAddress"), "iahmed@govolution.com"): Text 'iahmed@govolution.com' is set on object 'Object Repository/RAD_Pages/AddressAndContactInfo_Page/input_reEnterEMailAddress'

2024-11-12 17:57:18 - [MESSAGE][PASSED] - Text 'iahmed@govolution.com' is set on object 'Object Repository/RAD_Pages/AddressAndContactInfo_Page/input_reEnterEMailAddress'

2024-11-12 17:57:18 - [TEST_STEP][PASSED] - delay(2): Delayed 2 second(s)

2024-11-12 17:57:20 - [MESSAGE][PASSED] - Delayed 2 second(s)

2024-11-12 17:57:20 - [TEST_STEP][PASSED] - if (verifyTextPresent("The Email and Re-enter email do not match", true)): null

2024-11-12 17:57:21 - [MESSAGE][PASSED] - Text 'The Email and Re-enter email do not match' is present on page  using regular expression

2024-11-12 17:57:21 - [TEST_STEP][PASSED] - println("Emails Dont match text is present"): null

2024-11-12 17:57:21 - [TEST_STEP][PASSED] - out.println("Pass Record Number: " + row): null

2024-11-12 17:57:21 - [TEST_STEP][PASSED] - resText = "Pass": null

2024-11-12 17:57:21 - [TEST_STEP][PASSED] - pages.WriteExcel.demoKey(resText, datText, resColumn, datCloumn, fileLoc, nameSheet, row): pages.WriteExcel.demoKey is PASSED

2024-11-12 17:57:21 - [MESSAGE][PASSED] - pages.WriteExcel.demoKey is PASSED

2024-11-12 17:57:21 - [TEST_STEP][PASSED] - ExecuteTC = findTestData(dataFile).getValue("Execute", row): null

2024-11-12 17:57:21 - [TEST_STEP][PASSED] - Taxtype = findTestData(dataFile).getValue("TaxType", row): null

2024-11-12 17:57:21 - [TEST_STEP][PASSED] - Paymenttype = findTestData(dataFile).getValue("PaymentType", row): null

2024-11-12 17:57:21 - [TEST_STEP][PASSED] - out.println("Value of Execute is : " + ExecuteTC): null

2024-11-12 17:57:21 - [TEST_STEP][PASSED] - if (ExecuteTC.equalsIgnoreCase("Y")): null

2024-11-12 17:57:21 - [TEST_STEP][PASSED] - out.println("Begin Record Number: " + row): null

2024-11-12 17:57:21 - [TEST_STEP][PASSED] - today = new java.util.Date(): null

2024-11-12 17:57:21 - [TEST_STEP][PASSED] - println(today): null

2024-11-12 17:57:21 - [TEST_STEP][PASSED] - datText = today: null

2024-11-12 17:57:21 - [TEST_STEP][PASSED] - Taxtype = findTestData(dataFile).getValue("TaxType", row): null

2024-11-12 17:57:21 - [TEST_STEP][PASSED] - out.println("Taxtype value is : " + Taxtype): null

2024-11-12 17:57:21 - [TEST_STEP][PASSED] - openBrowser(""): Browser is opened with url: ''

2024-11-12 17:57:21 - [MESSAGE][WARNING] - A browser is already opened. Closing browser and opening a new one

2024-11-12 17:57:23 - [MESSAGE][INFO] - Starting 'Chrome' driver

2024-11-12 17:57:23 - [MESSAGE][INFO] - User set preference: ['acceptInsecureCerts', 'true']

2024-11-12 17:57:23 - [MESSAGE][INFO] - Action delay is set to 0 milliseconds

2024-11-12 17:57:24 - [MESSAGE][PASSED] - Browser is opened with url: ''

2024-11-12 17:57:24 - [TEST_STEP][PASSED] - maximizeWindow(): Current window maximized

2024-11-12 17:57:24 - [MESSAGE][PASSED] - Current window maximized

2024-11-12 17:57:24 - [TEST_STEP][PASSED] - navigateToUrl(RADurl): Navigate to 'https://www.velocitypayment.com/client/rad/index.html' successfully

2024-11-12 17:57:26 - [MESSAGE][PASSED] - Navigate to 'https://www.velocitypayment.com/client/rad/index.html' successfully

2024-11-12 17:57:26 - [TEST_STEP][PASSED] - orPath_Landing = "Object Repository/RAD_Pages/Landing_Page": null

2024-11-12 17:57:26 - [TEST_STEP][PASSED] - orPath_TaxTypeFilingYear = "Object Repository/RAD_Pages/TaxTypeFilingYear_Page": null

2024-11-12 17:57:26 - [TEST_STEP][PASSED] - orPath_TaxPayer = "Object Repository/RAD_Pages/Taxpayer_Page": null

2024-11-12 17:57:26 - [TEST_STEP][PASSED] - orPath_AddressContact = "Object Repository/RAD_Pages/AddressAndContactInfo_Page": null

2024-11-12 17:57:26 - [TEST_STEP][PASSED] - orPath_FilingStatus = "Object Repository/RAD_Pages/FilingStatus_Page": null

2024-11-12 17:57:26 - [TEST_STEP][PASSED] - orPath_Amount = "Object Repository/RAD_Pages/PaymentAmount_Page": null

2024-11-12 17:57:26 - [TEST_STEP][PASSED] - selectOptionByLabel(findTestObject(orPath_Landing + "/dd_TaxType"), Paymenttype, false): All options with label 'New Tax Return Amount Due' are selected in object 'Object Repository/RAD_Pages/Landing_Page/dd_TaxType' 

2024-11-12 17:57:29 - [MESSAGE][PASSED] - All options with label 'New Tax Return Amount Due' are selected in object 'Object Repository/RAD_Pages/Landing_Page/dd_TaxType' 

2024-11-12 17:57:29 - [TEST_STEP][PASSED] - delay(1): Delayed 1 second(s)

2024-11-12 17:57:30 - [MESSAGE][PASSED] - Delayed 1 second(s)

2024-11-12 17:57:30 - [TEST_STEP][PASSED] - switch (Paymenttype): null

2024-11-12 17:57:30 - [TEST_STEP][PASSED] - case "New Tax Return Amount Due":: null

2024-11-12 17:57:30 - [TEST_STEP][PASSED] - selectOptionByLabel(findTestObject("Object Repository/RAD_Pages/Landing_Page/select_NewTaxReturnAmountDue_TaxType"), Taxtype, false): All options with label 'Fiduciary Tax' are selected in object 'Object Repository/RAD_Pages/Landing_Page/select_NewTaxReturnAmountDue_TaxType' 

2024-11-12 17:57:30 - [MESSAGE][PASSED] - All options with label 'Fiduciary Tax' are selected in object 'Object Repository/RAD_Pages/Landing_Page/select_NewTaxReturnAmountDue_TaxType' 

2024-11-12 17:57:30 - [TEST_STEP][PASSED] - break: null

2024-11-12 17:57:30 - [TEST_STEP][PASSED] - delay(1): Delayed 1 second(s)

2024-11-12 17:57:31 - [MESSAGE][PASSED] - Delayed 1 second(s)

2024-11-12 17:57:31 - [TEST_STEP][PASSED] - scrollToElement(findTestObject(orPath_Amount + "/input__paymentAmount"), 3): Scroll to object 'Object Repository/RAD_Pages/PaymentAmount_Page/input__paymentAmount' successfully

2024-11-12 17:57:32 - [MESSAGE][PASSED] - Scroll to object 'Object Repository/RAD_Pages/PaymentAmount_Page/input__paymentAmount' successfully

2024-11-12 17:57:32 - [TEST_STEP][PASSED] - setText(findTestObject(orPath_AddressContact + "/input_eMailAddress"), "imtiazster@gmail.com"): Text 'imtiazster@gmail.com' is set on object 'Object Repository/RAD_Pages/AddressAndContactInfo_Page/input_eMailAddress'

2024-11-12 17:57:33 - [MESSAGE][PASSED] - Text 'imtiazster@gmail.com' is set on object 'Object Repository/RAD_Pages/AddressAndContactInfo_Page/input_eMailAddress'

2024-11-12 17:57:33 - [TEST_STEP][PASSED] - setText(findTestObject(orPath_AddressContact + "/input_reEnterEMailAddress"), "iahmed@govolution.com"): Text 'iahmed@govolution.com' is set on object 'Object Repository/RAD_Pages/AddressAndContactInfo_Page/input_reEnterEMailAddress'

2024-11-12 17:57:34 - [MESSAGE][PASSED] - Text 'iahmed@govolution.com' is set on object 'Object Repository/RAD_Pages/AddressAndContactInfo_Page/input_reEnterEMailAddress'

2024-11-12 17:57:34 - [TEST_STEP][PASSED] - delay(2): Delayed 2 second(s)

2024-11-12 17:57:36 - [MESSAGE][PASSED] - Delayed 2 second(s)

2024-11-12 17:57:36 - [TEST_STEP][PASSED] - if (verifyTextPresent("The Email and Re-enter email do not match", true)): null

2024-11-12 17:57:36 - [MESSAGE][PASSED] - Text 'The Email and Re-enter email do not match' is present on page  using regular expression

2024-11-12 17:57:36 - [TEST_STEP][PASSED] - println("Emails Dont match text is present"): null

2024-11-12 17:57:36 - [TEST_STEP][PASSED] - out.println("Pass Record Number: " + row): null

2024-11-12 17:57:36 - [TEST_STEP][PASSED] - resText = "Pass": null

2024-11-12 17:57:36 - [TEST_STEP][PASSED] - pages.WriteExcel.demoKey(resText, datText, resColumn, datCloumn, fileLoc, nameSheet, row): pages.WriteExcel.demoKey is PASSED

2024-11-12 17:57:36 - [MESSAGE][PASSED] - pages.WriteExcel.demoKey is PASSED

2024-11-12 17:57:36 - [TEST_STEP][PASSED] - ExecuteTC = findTestData(dataFile).getValue("Execute", row): null

2024-11-12 17:57:36 - [TEST_STEP][PASSED] - Taxtype = findTestData(dataFile).getValue("TaxType", row): null

2024-11-12 17:57:37 - [TEST_STEP][PASSED] - Paymenttype = findTestData(dataFile).getValue("PaymentType", row): null

2024-11-12 17:57:37 - [TEST_STEP][PASSED] - out.println("Value of Execute is : " + ExecuteTC): null

2024-11-12 17:57:37 - [TEST_STEP][PASSED] - if (ExecuteTC.equalsIgnoreCase("Y")): null

2024-11-12 17:57:37 - [TEST_STEP][PASSED] - out.println("Begin Record Number: " + row): null

2024-11-12 17:57:37 - [TEST_STEP][PASSED] - today = new java.util.Date(): null

2024-11-12 17:57:37 - [TEST_STEP][PASSED] - println(today): null

2024-11-12 17:57:37 - [TEST_STEP][PASSED] - datText = today: null

2024-11-12 17:57:37 - [TEST_STEP][PASSED] - Taxtype = findTestData(dataFile).getValue("TaxType", row): null

2024-11-12 17:57:37 - [TEST_STEP][PASSED] - out.println("Taxtype value is : " + Taxtype): null

2024-11-12 17:57:37 - [TEST_STEP][PASSED] - openBrowser(""): Browser is opened with url: ''

2024-11-12 17:57:37 - [MESSAGE][WARNING] - A browser is already opened. Closing browser and opening a new one

2024-11-12 17:57:40 - [MESSAGE][INFO] - Starting 'Chrome' driver

2024-11-12 17:57:40 - [MESSAGE][INFO] - User set preference: ['acceptInsecureCerts', 'true']

2024-11-12 17:57:41 - [MESSAGE][INFO] - Action delay is set to 0 milliseconds

2024-11-12 17:57:42 - [MESSAGE][PASSED] - Browser is opened with url: ''

2024-11-12 17:57:42 - [TEST_STEP][PASSED] - maximizeWindow(): Current window maximized

2024-11-12 17:57:42 - [MESSAGE][PASSED] - Current window maximized

2024-11-12 17:57:42 - [TEST_STEP][PASSED] - navigateToUrl(RADurl): Navigate to 'https://www.velocitypayment.com/client/rad/index.html' successfully

2024-11-12 17:57:44 - [MESSAGE][PASSED] - Navigate to 'https://www.velocitypayment.com/client/rad/index.html' successfully

2024-11-12 17:57:44 - [TEST_STEP][PASSED] - orPath_Landing = "Object Repository/RAD_Pages/Landing_Page": null

2024-11-12 17:57:44 - [TEST_STEP][PASSED] - orPath_TaxTypeFilingYear = "Object Repository/RAD_Pages/TaxTypeFilingYear_Page": null

2024-11-12 17:57:44 - [TEST_STEP][PASSED] - orPath_TaxPayer = "Object Repository/RAD_Pages/Taxpayer_Page": null

2024-11-12 17:57:44 - [TEST_STEP][PASSED] - orPath_AddressContact = "Object Repository/RAD_Pages/AddressAndContactInfo_Page": null

2024-11-12 17:57:44 - [TEST_STEP][PASSED] - orPath_FilingStatus = "Object Repository/RAD_Pages/FilingStatus_Page": null

2024-11-12 17:57:44 - [TEST_STEP][PASSED] - orPath_Amount = "Object Repository/RAD_Pages/PaymentAmount_Page": null

2024-11-12 17:57:44 - [TEST_STEP][PASSED] - selectOptionByLabel(findTestObject(orPath_Landing + "/dd_TaxType"), Paymenttype, false): All options with label 'New Tax Return Amount Due' are selected in object 'Object Repository/RAD_Pages/Landing_Page/dd_TaxType' 

2024-11-12 17:57:45 - [MESSAGE][PASSED] - All options with label 'New Tax Return Amount Due' are selected in object 'Object Repository/RAD_Pages/Landing_Page/dd_TaxType' 

2024-11-12 17:57:45 - [TEST_STEP][PASSED] - delay(1): Delayed 1 second(s)

2024-11-12 17:57:46 - [MESSAGE][PASSED] - Delayed 1 second(s)

2024-11-12 17:57:46 - [TEST_STEP][PASSED] - switch (Paymenttype): null

2024-11-12 17:57:46 - [TEST_STEP][PASSED] - case "New Tax Return Amount Due":: null

2024-11-12 17:57:46 - [TEST_STEP][PASSED] - selectOptionByLabel(findTestObject("Object Repository/RAD_Pages/Landing_Page/select_NewTaxReturnAmountDue_TaxType"), Taxtype, false): All options with label 'PTE Non-Electing Non-S Corp' are selected in object 'Object Repository/RAD_Pages/Landing_Page/select_NewTaxReturnAmountDue_TaxType' 

2024-11-12 17:57:46 - [MESSAGE][PASSED] - All options with label 'PTE Non-Electing Non-S Corp' are selected in object 'Object Repository/RAD_Pages/Landing_Page/select_NewTaxReturnAmountDue_TaxType' 

2024-11-12 17:57:46 - [TEST_STEP][PASSED] - break: null

2024-11-12 17:57:46 - [TEST_STEP][PASSED] - delay(1): Delayed 1 second(s)

2024-11-12 17:57:47 - [MESSAGE][PASSED] - Delayed 1 second(s)

2024-11-12 17:57:47 - [TEST_STEP][PASSED] - scrollToElement(findTestObject(orPath_Amount + "/input__paymentAmount"), 3): Scroll to object 'Object Repository/RAD_Pages/PaymentAmount_Page/input__paymentAmount' successfully

2024-11-12 17:57:48 - [MESSAGE][PASSED] - Scroll to object 'Object Repository/RAD_Pages/PaymentAmount_Page/input__paymentAmount' successfully

2024-11-12 17:57:48 - [TEST_STEP][PASSED] - setText(findTestObject(orPath_AddressContact + "/input_eMailAddress"), "imtiazster@gmail.com"): Text 'imtiazster@gmail.com' is set on object 'Object Repository/RAD_Pages/AddressAndContactInfo_Page/input_eMailAddress'

2024-11-12 17:57:49 - [MESSAGE][PASSED] - Text 'imtiazster@gmail.com' is set on object 'Object Repository/RAD_Pages/AddressAndContactInfo_Page/input_eMailAddress'

2024-11-12 17:57:49 - [TEST_STEP][PASSED] - setText(findTestObject(orPath_AddressContact + "/input_reEnterEMailAddress"), "iahmed@govolution.com"): Text 'iahmed@govolution.com' is set on object 'Object Repository/RAD_Pages/AddressAndContactInfo_Page/input_reEnterEMailAddress'

2024-11-12 17:57:49 - [MESSAGE][PASSED] - Text 'iahmed@govolution.com' is set on object 'Object Repository/RAD_Pages/AddressAndContactInfo_Page/input_reEnterEMailAddress'

2024-11-12 17:57:49 - [TEST_STEP][PASSED] - delay(2): Delayed 2 second(s)

2024-11-12 17:57:51 - [MESSAGE][PASSED] - Delayed 2 second(s)

2024-11-12 17:57:51 - [TEST_STEP][PASSED] - if (verifyTextPresent("The Email and Re-enter email do not match", true)): null

2024-11-12 17:57:52 - [MESSAGE][PASSED] - Text 'The Email and Re-enter email do not match' is present on page  using regular expression

2024-11-12 17:57:52 - [TEST_STEP][PASSED] - println("Emails Dont match text is present"): null

2024-11-12 17:57:52 - [TEST_STEP][PASSED] - out.println("Pass Record Number: " + row): null

2024-11-12 17:57:52 - [TEST_STEP][PASSED] - resText = "Pass": null

2024-11-12 17:57:52 - [TEST_STEP][PASSED] - pages.WriteExcel.demoKey(resText, datText, resColumn, datCloumn, fileLoc, nameSheet, row): pages.WriteExcel.demoKey is PASSED

2024-11-12 17:57:52 - [MESSAGE][PASSED] - pages.WriteExcel.demoKey is PASSED

2024-11-12 17:57:52 - [TEST_STEP][PASSED] - ExecuteTC = findTestData(dataFile).getValue("Execute", row): null

2024-11-12 17:57:52 - [TEST_STEP][PASSED] - Taxtype = findTestData(dataFile).getValue("TaxType", row): null

2024-11-12 17:57:52 - [TEST_STEP][PASSED] - Paymenttype = findTestData(dataFile).getValue("PaymentType", row): null

2024-11-12 17:57:52 - [TEST_STEP][PASSED] - out.println("Value of Execute is : " + ExecuteTC): null

2024-11-12 17:57:52 - [TEST_STEP][PASSED] - if (ExecuteTC.equalsIgnoreCase("Y")): null

2024-11-12 17:57:52 - [TEST_STEP][PASSED] - out.println("Begin Record Number: " + row): null

2024-11-12 17:57:52 - [TEST_STEP][PASSED] - today = new java.util.Date(): null

2024-11-12 17:57:52 - [TEST_STEP][PASSED] - println(today): null

2024-11-12 17:57:52 - [TEST_STEP][PASSED] - datText = today: null

2024-11-12 17:57:52 - [TEST_STEP][PASSED] - Taxtype = findTestData(dataFile).getValue("TaxType", row): null

2024-11-12 17:57:52 - [TEST_STEP][PASSED] - out.println("Taxtype value is : " + Taxtype): null

2024-11-12 17:57:52 - [TEST_STEP][PASSED] - openBrowser(""): Browser is opened with url: ''

2024-11-12 17:57:52 - [MESSAGE][WARNING] - A browser is already opened. Closing browser and opening a new one

2024-11-12 17:57:53 - [MESSAGE][INFO] - Starting 'Chrome' driver

2024-11-12 17:57:53 - [MESSAGE][INFO] - User set preference: ['acceptInsecureCerts', 'true']

2024-11-12 17:57:53 - [MESSAGE][INFO] - Action delay is set to 0 milliseconds

2024-11-12 17:57:55 - [MESSAGE][PASSED] - Browser is opened with url: ''

2024-11-12 17:57:55 - [TEST_STEP][PASSED] - maximizeWindow(): Current window maximized

2024-11-12 17:57:55 - [MESSAGE][PASSED] - Current window maximized

2024-11-12 17:57:55 - [TEST_STEP][PASSED] - navigateToUrl(RADurl): Navigate to 'https://www.velocitypayment.com/client/rad/index.html' successfully

2024-11-12 17:57:55 - [MESSAGE][PASSED] - Navigate to 'https://www.velocitypayment.com/client/rad/index.html' successfully

2024-11-12 17:57:55 - [TEST_STEP][PASSED] - orPath_Landing = "Object Repository/RAD_Pages/Landing_Page": null

2024-11-12 17:57:55 - [TEST_STEP][PASSED] - orPath_TaxTypeFilingYear = "Object Repository/RAD_Pages/TaxTypeFilingYear_Page": null

2024-11-12 17:57:55 - [TEST_STEP][PASSED] - orPath_TaxPayer = "Object Repository/RAD_Pages/Taxpayer_Page": null

2024-11-12 17:57:55 - [TEST_STEP][PASSED] - orPath_AddressContact = "Object Repository/RAD_Pages/AddressAndContactInfo_Page": null

2024-11-12 17:57:55 - [TEST_STEP][PASSED] - orPath_FilingStatus = "Object Repository/RAD_Pages/FilingStatus_Page": null

2024-11-12 17:57:55 - [TEST_STEP][PASSED] - orPath_Amount = "Object Repository/RAD_Pages/PaymentAmount_Page": null

2024-11-12 17:57:55 - [TEST_STEP][PASSED] - selectOptionByLabel(findTestObject(orPath_Landing + "/dd_TaxType"), Paymenttype, false): All options with label 'New Tax Return Amount Due' are selected in object 'Object Repository/RAD_Pages/Landing_Page/dd_TaxType' 

2024-11-12 17:57:57 - [MESSAGE][PASSED] - All options with label 'New Tax Return Amount Due' are selected in object 'Object Repository/RAD_Pages/Landing_Page/dd_TaxType' 

2024-11-12 17:57:57 - [TEST_STEP][PASSED] - delay(1): Delayed 1 second(s)

2024-11-12 17:57:58 - [MESSAGE][PASSED] - Delayed 1 second(s)

2024-11-12 17:57:58 - [TEST_STEP][PASSED] - switch (Paymenttype): null

2024-11-12 17:57:58 - [TEST_STEP][PASSED] - case "New Tax Return Amount Due":: null

2024-11-12 17:57:58 - [TEST_STEP][PASSED] - selectOptionByLabel(findTestObject("Object Repository/RAD_Pages/Landing_Page/select_NewTaxReturnAmountDue_TaxType"), Taxtype, false): All options with label 'PTE Non-Electing S Corp' are selected in object 'Object Repository/RAD_Pages/Landing_Page/select_NewTaxReturnAmountDue_TaxType' 

2024-11-12 17:57:59 - [MESSAGE][PASSED] - All options with label 'PTE Non-Electing S Corp' are selected in object 'Object Repository/RAD_Pages/Landing_Page/select_NewTaxReturnAmountDue_TaxType' 

2024-11-12 17:57:59 - [TEST_STEP][PASSED] - break: null

2024-11-12 17:57:59 - [TEST_STEP][PASSED] - delay(1): Delayed 1 second(s)

2024-11-12 17:58:00 - [MESSAGE][PASSED] - Delayed 1 second(s)

2024-11-12 17:58:00 - [TEST_STEP][PASSED] - scrollToElement(findTestObject(orPath_Amount + "/input__paymentAmount"), 3): Scroll to object 'Object Repository/RAD_Pages/PaymentAmount_Page/input__paymentAmount' successfully

2024-11-12 17:58:00 - [MESSAGE][PASSED] - Scroll to object 'Object Repository/RAD_Pages/PaymentAmount_Page/input__paymentAmount' successfully

2024-11-12 17:58:00 - [TEST_STEP][PASSED] - setText(findTestObject(orPath_AddressContact + "/input_eMailAddress"), "imtiazster@gmail.com"): Text 'imtiazster@gmail.com' is set on object 'Object Repository/RAD_Pages/AddressAndContactInfo_Page/input_eMailAddress'

2024-11-12 17:58:01 - [MESSAGE][PASSED] - Text 'imtiazster@gmail.com' is set on object 'Object Repository/RAD_Pages/AddressAndContactInfo_Page/input_eMailAddress'

2024-11-12 17:58:01 - [TEST_STEP][PASSED] - setText(findTestObject(orPath_AddressContact + "/input_reEnterEMailAddress"), "iahmed@govolution.com"): Text 'iahmed@govolution.com' is set on object 'Object Repository/RAD_Pages/AddressAndContactInfo_Page/input_reEnterEMailAddress'

2024-11-12 17:58:02 - [MESSAGE][PASSED] - Text 'iahmed@govolution.com' is set on object 'Object Repository/RAD_Pages/AddressAndContactInfo_Page/input_reEnterEMailAddress'

2024-11-12 17:58:02 - [TEST_STEP][PASSED] - delay(2): Delayed 2 second(s)

2024-11-12 17:58:04 - [MESSAGE][PASSED] - Delayed 2 second(s)

2024-11-12 17:58:04 - [TEST_STEP][PASSED] - if (verifyTextPresent("The Email and Re-enter email do not match", true)): null

2024-11-12 17:58:04 - [MESSAGE][PASSED] - Text 'The Email and Re-enter email do not match' is present on page  using regular expression

2024-11-12 17:58:04 - [TEST_STEP][PASSED] - println("Emails Dont match text is present"): null

2024-11-12 17:58:04 - [TEST_STEP][PASSED] - out.println("Pass Record Number: " + row): null

2024-11-12 17:58:04 - [TEST_STEP][PASSED] - resText = "Pass": null

2024-11-12 17:58:04 - [TEST_STEP][PASSED] - pages.WriteExcel.demoKey(resText, datText, resColumn, datCloumn, fileLoc, nameSheet, row): pages.WriteExcel.demoKey is PASSED

2024-11-12 17:58:04 - [MESSAGE][PASSED] - pages.WriteExcel.demoKey is PASSED

2024-11-12 17:58:04 - [TEST_STEP][PASSED] - ExecuteTC = findTestData(dataFile).getValue("Execute", row): null

2024-11-12 17:58:04 - [TEST_STEP][PASSED] - Taxtype = findTestData(dataFile).getValue("TaxType", row): null

2024-11-12 17:58:04 - [TEST_STEP][PASSED] - Paymenttype = findTestData(dataFile).getValue("PaymentType", row): null

2024-11-12 17:58:05 - [TEST_STEP][PASSED] - out.println("Value of Execute is : " + ExecuteTC): null

2024-11-12 17:58:05 - [TEST_STEP][PASSED] - if (ExecuteTC.equalsIgnoreCase("Y")): null

2024-11-12 17:58:05 - [TEST_STEP][PASSED] - out.println("Begin Record Number: " + row): null

2024-11-12 17:58:05 - [TEST_STEP][PASSED] - today = new java.util.Date(): null

2024-11-12 17:58:05 - [TEST_STEP][PASSED] - println(today): null

2024-11-12 17:58:05 - [TEST_STEP][PASSED] - datText = today: null

2024-11-12 17:58:05 - [TEST_STEP][PASSED] - Taxtype = findTestData(dataFile).getValue("TaxType", row): null

2024-11-12 17:58:05 - [TEST_STEP][PASSED] - out.println("Taxtype value is : " + Taxtype): null

2024-11-12 17:58:05 - [TEST_STEP][PASSED] - openBrowser(""): Browser is opened with url: ''

2024-11-12 17:58:05 - [MESSAGE][WARNING] - A browser is already opened. Closing browser and opening a new one

2024-11-12 17:58:06 - [MESSAGE][INFO] - Starting 'Chrome' driver

2024-11-12 17:58:06 - [MESSAGE][INFO] - User set preference: ['acceptInsecureCerts', 'true']

2024-11-12 17:58:06 - [MESSAGE][INFO] - Action delay is set to 0 milliseconds

2024-11-12 17:58:07 - [MESSAGE][PASSED] - Browser is opened with url: ''

2024-11-12 17:58:07 - [TEST_STEP][PASSED] - maximizeWindow(): Current window maximized

2024-11-12 17:58:08 - [MESSAGE][PASSED] - Current window maximized

2024-11-12 17:58:08 - [TEST_STEP][PASSED] - navigateToUrl(RADurl): Navigate to 'https://www.velocitypayment.com/client/rad/index.html' successfully

2024-11-12 17:58:10 - [MESSAGE][PASSED] - Navigate to 'https://www.velocitypayment.com/client/rad/index.html' successfully

2024-11-12 17:58:10 - [TEST_STEP][PASSED] - orPath_Landing = "Object Repository/RAD_Pages/Landing_Page": null

2024-11-12 17:58:10 - [TEST_STEP][PASSED] - orPath_TaxTypeFilingYear = "Object Repository/RAD_Pages/TaxTypeFilingYear_Page": null

2024-11-12 17:58:10 - [TEST_STEP][PASSED] - orPath_TaxPayer = "Object Repository/RAD_Pages/Taxpayer_Page": null

2024-11-12 17:58:10 - [TEST_STEP][PASSED] - orPath_AddressContact = "Object Repository/RAD_Pages/AddressAndContactInfo_Page": null

2024-11-12 17:58:10 - [TEST_STEP][PASSED] - orPath_FilingStatus = "Object Repository/RAD_Pages/FilingStatus_Page": null

2024-11-12 17:58:10 - [TEST_STEP][PASSED] - orPath_Amount = "Object Repository/RAD_Pages/PaymentAmount_Page": null

2024-11-12 17:58:10 - [TEST_STEP][PASSED] - selectOptionByLabel(findTestObject(orPath_Landing + "/dd_TaxType"), Paymenttype, false): All options with label 'New Tax Return Amount Due' are selected in object 'Object Repository/RAD_Pages/Landing_Page/dd_TaxType' 

2024-11-12 17:58:10 - [MESSAGE][PASSED] - All options with label 'New Tax Return Amount Due' are selected in object 'Object Repository/RAD_Pages/Landing_Page/dd_TaxType' 

2024-11-12 17:58:10 - [TEST_STEP][PASSED] - delay(1): Delayed 1 second(s)

2024-11-12 17:58:11 - [MESSAGE][PASSED] - Delayed 1 second(s)

2024-11-12 17:58:11 - [TEST_STEP][PASSED] - switch (Paymenttype): null

2024-11-12 17:58:11 - [TEST_STEP][PASSED] - case "New Tax Return Amount Due":: null

2024-11-12 17:58:11 - [TEST_STEP][PASSED] - selectOptionByLabel(findTestObject("Object Repository/RAD_Pages/Landing_Page/select_NewTaxReturnAmountDue_TaxType"), Taxtype, false): All options with label 'PTE Tax Electing Non-S Corp' are selected in object 'Object Repository/RAD_Pages/Landing_Page/select_NewTaxReturnAmountDue_TaxType' 

2024-11-12 17:58:12 - [MESSAGE][PASSED] - All options with label 'PTE Tax Electing Non-S Corp' are selected in object 'Object Repository/RAD_Pages/Landing_Page/select_NewTaxReturnAmountDue_TaxType' 

2024-11-12 17:58:12 - [TEST_STEP][PASSED] - break: null

2024-11-12 17:58:12 - [TEST_STEP][PASSED] - delay(1): Delayed 1 second(s)

2024-11-12 17:58:13 - [MESSAGE][PASSED] - Delayed 1 second(s)

2024-11-12 17:58:13 - [TEST_STEP][PASSED] - scrollToElement(findTestObject(orPath_Amount + "/input__paymentAmount"), 3): Scroll to object 'Object Repository/RAD_Pages/PaymentAmount_Page/input__paymentAmount' successfully

2024-11-12 17:58:13 - [MESSAGE][PASSED] - Scroll to object 'Object Repository/RAD_Pages/PaymentAmount_Page/input__paymentAmount' successfully

2024-11-12 17:58:13 - [TEST_STEP][PASSED] - setText(findTestObject(orPath_AddressContact + "/input_eMailAddress"), "imtiazster@gmail.com"): Text 'imtiazster@gmail.com' is set on object 'Object Repository/RAD_Pages/AddressAndContactInfo_Page/input_eMailAddress'

2024-11-12 17:58:14 - [MESSAGE][PASSED] - Text 'imtiazster@gmail.com' is set on object 'Object Repository/RAD_Pages/AddressAndContactInfo_Page/input_eMailAddress'

2024-11-12 17:58:14 - [TEST_STEP][PASSED] - setText(findTestObject(orPath_AddressContact + "/input_reEnterEMailAddress"), "iahmed@govolution.com"): Text 'iahmed@govolution.com' is set on object 'Object Repository/RAD_Pages/AddressAndContactInfo_Page/input_reEnterEMailAddress'

2024-11-12 17:58:15 - [MESSAGE][PASSED] - Text 'iahmed@govolution.com' is set on object 'Object Repository/RAD_Pages/AddressAndContactInfo_Page/input_reEnterEMailAddress'

2024-11-12 17:58:15 - [TEST_STEP][PASSED] - delay(2): Delayed 2 second(s)

2024-11-12 17:58:17 - [MESSAGE][PASSED] - Delayed 2 second(s)

2024-11-12 17:58:17 - [TEST_STEP][PASSED] - if (verifyTextPresent("The Email and Re-enter email do not match", true)): null

2024-11-12 17:58:17 - [MESSAGE][PASSED] - Text 'The Email and Re-enter email do not match' is present on page  using regular expression

2024-11-12 17:58:17 - [TEST_STEP][PASSED] - println("Emails Dont match text is present"): null

2024-11-12 17:58:17 - [TEST_STEP][PASSED] - out.println("Pass Record Number: " + row): null

2024-11-12 17:58:17 - [TEST_STEP][PASSED] - resText = "Pass": null

2024-11-12 17:58:17 - [TEST_STEP][PASSED] - pages.WriteExcel.demoKey(resText, datText, resColumn, datCloumn, fileLoc, nameSheet, row): pages.WriteExcel.demoKey is PASSED

2024-11-12 17:58:18 - [MESSAGE][PASSED] - pages.WriteExcel.demoKey is PASSED

2024-11-12 17:58:18 - [TEST_STEP][PASSED] - ExecuteTC = findTestData(dataFile).getValue("Execute", row): null

2024-11-12 17:58:18 - [TEST_STEP][PASSED] - Taxtype = findTestData(dataFile).getValue("TaxType", row): null

2024-11-12 17:58:18 - [TEST_STEP][PASSED] - Paymenttype = findTestData(dataFile).getValue("PaymentType", row): null

2024-11-12 17:58:18 - [TEST_STEP][PASSED] - out.println("Value of Execute is : " + ExecuteTC): null

2024-11-12 17:58:18 - [TEST_STEP][PASSED] - if (ExecuteTC.equalsIgnoreCase("Y")): null

2024-11-12 17:58:18 - [TEST_STEP][PASSED] - out.println("Begin Record Number: " + row): null

2024-11-12 17:58:18 - [TEST_STEP][PASSED] - today = new java.util.Date(): null

2024-11-12 17:58:18 - [TEST_STEP][PASSED] - println(today): null

2024-11-12 17:58:18 - [TEST_STEP][PASSED] - datText = today: null

2024-11-12 17:58:18 - [TEST_STEP][PASSED] - Taxtype = findTestData(dataFile).getValue("TaxType", row): null

2024-11-12 17:58:18 - [TEST_STEP][PASSED] - out.println("Taxtype value is : " + Taxtype): null

2024-11-12 17:58:18 - [TEST_STEP][PASSED] - openBrowser(""): Browser is opened with url: ''

2024-11-12 17:58:18 - [MESSAGE][WARNING] - A browser is already opened. Closing browser and opening a new one

2024-11-12 17:58:19 - [MESSAGE][INFO] - Starting 'Chrome' driver

2024-11-12 17:58:19 - [MESSAGE][INFO] - User set preference: ['acceptInsecureCerts', 'true']

2024-11-12 17:58:19 - [MESSAGE][INFO] - Action delay is set to 0 milliseconds

2024-11-12 17:58:21 - [MESSAGE][PASSED] - Browser is opened with url: ''

2024-11-12 17:58:21 - [TEST_STEP][PASSED] - maximizeWindow(): Current window maximized

2024-11-12 17:58:21 - [MESSAGE][PASSED] - Current window maximized

2024-11-12 17:58:21 - [TEST_STEP][PASSED] - navigateToUrl(RADurl): Navigate to 'https://www.velocitypayment.com/client/rad/index.html' successfully

2024-11-12 17:58:23 - [MESSAGE][PASSED] - Navigate to 'https://www.velocitypayment.com/client/rad/index.html' successfully

2024-11-12 17:58:23 - [TEST_STEP][PASSED] - orPath_Landing = "Object Repository/RAD_Pages/Landing_Page": null

2024-11-12 17:58:23 - [TEST_STEP][PASSED] - orPath_TaxTypeFilingYear = "Object Repository/RAD_Pages/TaxTypeFilingYear_Page": null

2024-11-12 17:58:23 - [TEST_STEP][PASSED] - orPath_TaxPayer = "Object Repository/RAD_Pages/Taxpayer_Page": null

2024-11-12 17:58:23 - [TEST_STEP][PASSED] - orPath_AddressContact = "Object Repository/RAD_Pages/AddressAndContactInfo_Page": null

2024-11-12 17:58:23 - [TEST_STEP][PASSED] - orPath_FilingStatus = "Object Repository/RAD_Pages/FilingStatus_Page": null

2024-11-12 17:58:23 - [TEST_STEP][PASSED] - orPath_Amount = "Object Repository/RAD_Pages/PaymentAmount_Page": null

2024-11-12 17:58:23 - [TEST_STEP][PASSED] - selectOptionByLabel(findTestObject(orPath_Landing + "/dd_TaxType"), Paymenttype, false): All options with label 'New Tax Return Amount Due' are selected in object 'Object Repository/RAD_Pages/Landing_Page/dd_TaxType' 

2024-11-12 17:58:23 - [MESSAGE][PASSED] - All options with label 'New Tax Return Amount Due' are selected in object 'Object Repository/RAD_Pages/Landing_Page/dd_TaxType' 

2024-11-12 17:58:23 - [TEST_STEP][PASSED] - delay(1): Delayed 1 second(s)

2024-11-12 17:58:24 - [MESSAGE][PASSED] - Delayed 1 second(s)

2024-11-12 17:58:24 - [TEST_STEP][PASSED] - switch (Paymenttype): null

2024-11-12 17:58:24 - [TEST_STEP][PASSED] - case "New Tax Return Amount Due":: null

2024-11-12 17:58:24 - [TEST_STEP][PASSED] - selectOptionByLabel(findTestObject("Object Repository/RAD_Pages/Landing_Page/select_NewTaxReturnAmountDue_TaxType"), Taxtype, false): All options with label 'PTE Tax Electing S Corp' are selected in object 'Object Repository/RAD_Pages/Landing_Page/select_NewTaxReturnAmountDue_TaxType' 

2024-11-12 17:58:25 - [MESSAGE][PASSED] - All options with label 'PTE Tax Electing S Corp' are selected in object 'Object Repository/RAD_Pages/Landing_Page/select_NewTaxReturnAmountDue_TaxType' 

2024-11-12 17:58:25 - [TEST_STEP][PASSED] - break: null

2024-11-12 17:58:25 - [TEST_STEP][PASSED] - delay(1): Delayed 1 second(s)

2024-11-12 17:58:26 - [MESSAGE][PASSED] - Delayed 1 second(s)

2024-11-12 17:58:26 - [TEST_STEP][PASSED] - scrollToElement(findTestObject(orPath_Amount + "/input__paymentAmount"), 3): Scroll to object 'Object Repository/RAD_Pages/PaymentAmount_Page/input__paymentAmount' successfully

2024-11-12 17:58:27 - [MESSAGE][PASSED] - Scroll to object 'Object Repository/RAD_Pages/PaymentAmount_Page/input__paymentAmount' successfully

2024-11-12 17:58:27 - [TEST_STEP][PASSED] - setText(findTestObject(orPath_AddressContact + "/input_eMailAddress"), "imtiazster@gmail.com"): Text 'imtiazster@gmail.com' is set on object 'Object Repository/RAD_Pages/AddressAndContactInfo_Page/input_eMailAddress'

2024-11-12 17:58:27 - [MESSAGE][PASSED] - Text 'imtiazster@gmail.com' is set on object 'Object Repository/RAD_Pages/AddressAndContactInfo_Page/input_eMailAddress'

2024-11-12 17:58:27 - [TEST_STEP][PASSED] - setText(findTestObject(orPath_AddressContact + "/input_reEnterEMailAddress"), "iahmed@govolution.com"): Text 'iahmed@govolution.com' is set on object 'Object Repository/RAD_Pages/AddressAndContactInfo_Page/input_reEnterEMailAddress'

2024-11-12 17:58:28 - [MESSAGE][PASSED] - Text 'iahmed@govolution.com' is set on object 'Object Repository/RAD_Pages/AddressAndContactInfo_Page/input_reEnterEMailAddress'

2024-11-12 17:58:28 - [TEST_STEP][PASSED] - delay(2): Delayed 2 second(s)

2024-11-12 17:58:30 - [MESSAGE][PASSED] - Delayed 2 second(s)

2024-11-12 17:58:30 - [TEST_STEP][PASSED] - if (verifyTextPresent("The Email and Re-enter email do not match", true)): null

2024-11-12 17:58:31 - [MESSAGE][PASSED] - Text 'The Email and Re-enter email do not match' is present on page  using regular expression

2024-11-12 17:58:31 - [TEST_STEP][PASSED] - println("Emails Dont match text is present"): null

2024-11-12 17:58:31 - [TEST_STEP][PASSED] - out.println("Pass Record Number: " + row): null

2024-11-12 17:58:31 - [TEST_STEP][PASSED] - resText = "Pass": null

2024-11-12 17:58:31 - [TEST_STEP][PASSED] - pages.WriteExcel.demoKey(resText, datText, resColumn, datCloumn, fileLoc, nameSheet, row): pages.WriteExcel.demoKey is PASSED

2024-11-12 17:58:31 - [MESSAGE][PASSED] - pages.WriteExcel.demoKey is PASSED

2024-11-12 17:58:31 - [TEST_STEP][PASSED] - ExecuteTC = findTestData(dataFile).getValue("Execute", row): null

2024-11-12 17:58:31 - [TEST_STEP][PASSED] - Taxtype = findTestData(dataFile).getValue("TaxType", row): null

2024-11-12 17:58:31 - [TEST_STEP][PASSED] - Paymenttype = findTestData(dataFile).getValue("PaymentType", row): null

2024-11-12 17:58:31 - [TEST_STEP][PASSED] - out.println("Value of Execute is : " + ExecuteTC): null

2024-11-12 17:58:31 - [TEST_STEP][PASSED] - if (ExecuteTC.equalsIgnoreCase("Y")): null

2024-11-12 17:58:31 - [TEST_STEP][PASSED] - out.println("Begin Record Number: " + row): null

2024-11-12 17:58:31 - [TEST_STEP][PASSED] - today = new java.util.Date(): null

2024-11-12 17:58:31 - [TEST_STEP][PASSED] - println(today): null

2024-11-12 17:58:31 - [TEST_STEP][PASSED] - datText = today: null

2024-11-12 17:58:31 - [TEST_STEP][PASSED] - Taxtype = findTestData(dataFile).getValue("TaxType", row): null

2024-11-12 17:58:31 - [TEST_STEP][PASSED] - out.println("Taxtype value is : " + Taxtype): null

2024-11-12 17:58:31 - [TEST_STEP][PASSED] - openBrowser(""): Browser is opened with url: ''

2024-11-12 17:58:31 - [MESSAGE][WARNING] - A browser is already opened. Closing browser and opening a new one

2024-11-12 17:58:32 - [MESSAGE][INFO] - Starting 'Chrome' driver

2024-11-12 17:58:32 - [MESSAGE][INFO] - User set preference: ['acceptInsecureCerts', 'true']

2024-11-12 17:58:32 - [MESSAGE][INFO] - Action delay is set to 0 milliseconds

2024-11-12 17:58:34 - [MESSAGE][PASSED] - Browser is opened with url: ''

2024-11-12 17:58:34 - [TEST_STEP][PASSED] - maximizeWindow(): Current window maximized

2024-11-12 17:58:34 - [MESSAGE][PASSED] - Current window maximized

2024-11-12 17:58:34 - [TEST_STEP][PASSED] - navigateToUrl(RADurl): Navigate to 'https://www.velocitypayment.com/client/rad/index.html' successfully

2024-11-12 17:58:36 - [MESSAGE][PASSED] - Navigate to 'https://www.velocitypayment.com/client/rad/index.html' successfully

2024-11-12 17:58:36 - [TEST_STEP][PASSED] - orPath_Landing = "Object Repository/RAD_Pages/Landing_Page": null

2024-11-12 17:58:36 - [TEST_STEP][PASSED] - orPath_TaxTypeFilingYear = "Object Repository/RAD_Pages/TaxTypeFilingYear_Page": null

2024-11-12 17:58:36 - [TEST_STEP][PASSED] - orPath_TaxPayer = "Object Repository/RAD_Pages/Taxpayer_Page": null

2024-11-12 17:58:36 - [TEST_STEP][PASSED] - orPath_AddressContact = "Object Repository/RAD_Pages/AddressAndContactInfo_Page": null

2024-11-12 17:58:36 - [TEST_STEP][PASSED] - orPath_FilingStatus = "Object Repository/RAD_Pages/FilingStatus_Page": null

2024-11-12 17:58:36 - [TEST_STEP][PASSED] - orPath_Amount = "Object Repository/RAD_Pages/PaymentAmount_Page": null

2024-11-12 17:58:36 - [TEST_STEP][PASSED] - selectOptionByLabel(findTestObject(orPath_Landing + "/dd_TaxType"), Paymenttype, false): All options with label 'New Tax Return Amount Due' are selected in object 'Object Repository/RAD_Pages/Landing_Page/dd_TaxType' 

2024-11-12 17:58:37 - [MESSAGE][PASSED] - All options with label 'New Tax Return Amount Due' are selected in object 'Object Repository/RAD_Pages/Landing_Page/dd_TaxType' 

2024-11-12 17:58:37 - [TEST_STEP][PASSED] - delay(1): Delayed 1 second(s)

2024-11-12 17:58:38 - [MESSAGE][PASSED] - Delayed 1 second(s)

2024-11-12 17:58:38 - [TEST_STEP][PASSED] - switch (Paymenttype): null

2024-11-12 17:58:38 - [TEST_STEP][PASSED] - case "New Tax Return Amount Due":: null

2024-11-12 17:58:38 - [TEST_STEP][PASSED] - selectOptionByLabel(findTestObject("Object Repository/RAD_Pages/Landing_Page/select_NewTaxReturnAmountDue_TaxType"), Taxtype, false): All options with label 'Personal Income Tax' are selected in object 'Object Repository/RAD_Pages/Landing_Page/select_NewTaxReturnAmountDue_TaxType' 

2024-11-12 17:58:39 - [MESSAGE][PASSED] - All options with label 'Personal Income Tax' are selected in object 'Object Repository/RAD_Pages/Landing_Page/select_NewTaxReturnAmountDue_TaxType' 

2024-11-12 17:58:39 - [TEST_STEP][PASSED] - break: null

2024-11-12 17:58:39 - [TEST_STEP][PASSED] - delay(1): Delayed 1 second(s)

2024-11-12 17:58:40 - [MESSAGE][PASSED] - Delayed 1 second(s)

2024-11-12 17:58:40 - [TEST_STEP][PASSED] - scrollToElement(findTestObject(orPath_Amount + "/input__paymentAmount"), 3): Scroll to object 'Object Repository/RAD_Pages/PaymentAmount_Page/input__paymentAmount' successfully

2024-11-12 17:58:40 - [MESSAGE][PASSED] - Scroll to object 'Object Repository/RAD_Pages/PaymentAmount_Page/input__paymentAmount' successfully

2024-11-12 17:58:40 - [TEST_STEP][PASSED] - setText(findTestObject(orPath_AddressContact + "/input_eMailAddress"), "imtiazster@gmail.com"): Text 'imtiazster@gmail.com' is set on object 'Object Repository/RAD_Pages/AddressAndContactInfo_Page/input_eMailAddress'

2024-11-12 17:58:41 - [MESSAGE][PASSED] - Text 'imtiazster@gmail.com' is set on object 'Object Repository/RAD_Pages/AddressAndContactInfo_Page/input_eMailAddress'

2024-11-12 17:58:41 - [TEST_STEP][PASSED] - setText(findTestObject(orPath_AddressContact + "/input_reEnterEMailAddress"), "iahmed@govolution.com"): Text 'iahmed@govolution.com' is set on object 'Object Repository/RAD_Pages/AddressAndContactInfo_Page/input_reEnterEMailAddress'

2024-11-12 17:58:42 - [MESSAGE][PASSED] - Text 'iahmed@govolution.com' is set on object 'Object Repository/RAD_Pages/AddressAndContactInfo_Page/input_reEnterEMailAddress'

2024-11-12 17:58:42 - [TEST_STEP][PASSED] - delay(2): Delayed 2 second(s)

2024-11-12 17:58:44 - [MESSAGE][PASSED] - Delayed 2 second(s)

2024-11-12 17:58:44 - [TEST_STEP][PASSED] - if (verifyTextPresent("The Email and Re-enter email do not match", true)): null

2024-11-12 17:58:44 - [MESSAGE][PASSED] - Text 'The Email and Re-enter email do not match' is present on page  using regular expression

2024-11-12 17:58:44 - [TEST_STEP][PASSED] - println("Emails Dont match text is present"): null

2024-11-12 17:58:44 - [TEST_STEP][PASSED] - out.println("Pass Record Number: " + row): null

2024-11-12 17:58:44 - [TEST_STEP][PASSED] - resText = "Pass": null

2024-11-12 17:58:44 - [TEST_STEP][PASSED] - pages.WriteExcel.demoKey(resText, datText, resColumn, datCloumn, fileLoc, nameSheet, row): pages.WriteExcel.demoKey is PASSED

2024-11-12 17:58:44 - [MESSAGE][PASSED] - pages.WriteExcel.demoKey is PASSED

2024-11-12 17:58:44 - [TEST_STEP][PASSED] - ExecuteTC = findTestData(dataFile).getValue("Execute", row): null

2024-11-12 17:58:44 - [TEST_STEP][PASSED] - Taxtype = findTestData(dataFile).getValue("TaxType", row): null

2024-11-12 17:58:44 - [TEST_STEP][PASSED] - Paymenttype = findTestData(dataFile).getValue("PaymentType", row): null

2024-11-12 17:58:44 - [TEST_STEP][PASSED] - out.println("Value of Execute is : " + ExecuteTC): null

2024-11-12 17:58:44 - [TEST_STEP][PASSED] - if (ExecuteTC.equalsIgnoreCase("Y")): null

2024-11-12 17:58:44 - [TEST_STEP][PASSED] - out.println("Begin Record Number: " + row): null

2024-11-12 17:58:44 - [TEST_STEP][PASSED] - today = new java.util.Date(): null

2024-11-12 17:58:44 - [TEST_STEP][PASSED] - println(today): null

2024-11-12 17:58:44 - [TEST_STEP][PASSED] - datText = today: null

2024-11-12 17:58:44 - [TEST_STEP][PASSED] - Taxtype = findTestData(dataFile).getValue("TaxType", row): null

2024-11-12 17:58:44 - [TEST_STEP][PASSED] - out.println("Taxtype value is : " + Taxtype): null

2024-11-12 17:58:44 - [TEST_STEP][PASSED] - openBrowser(""): Browser is opened with url: ''

2024-11-12 17:58:44 - [MESSAGE][WARNING] - A browser is already opened. Closing browser and opening a new one

2024-11-12 17:58:46 - [MESSAGE][INFO] - Starting 'Chrome' driver

2024-11-12 17:58:46 - [MESSAGE][INFO] - User set preference: ['acceptInsecureCerts', 'true']

2024-11-12 17:58:46 - [MESSAGE][INFO] - Action delay is set to 0 milliseconds

2024-11-12 17:58:47 - [MESSAGE][PASSED] - Browser is opened with url: ''

2024-11-12 17:58:47 - [TEST_STEP][PASSED] - maximizeWindow(): Current window maximized

2024-11-12 17:58:48 - [MESSAGE][PASSED] - Current window maximized

2024-11-12 17:58:48 - [TEST_STEP][PASSED] - navigateToUrl(RADurl): Navigate to 'https://www.velocitypayment.com/client/rad/index.html' successfully

2024-11-12 17:58:48 - [MESSAGE][PASSED] - Navigate to 'https://www.velocitypayment.com/client/rad/index.html' successfully

2024-11-12 17:58:48 - [TEST_STEP][PASSED] - orPath_Landing = "Object Repository/RAD_Pages/Landing_Page": null

2024-11-12 17:58:48 - [TEST_STEP][PASSED] - orPath_TaxTypeFilingYear = "Object Repository/RAD_Pages/TaxTypeFilingYear_Page": null

2024-11-12 17:58:48 - [TEST_STEP][PASSED] - orPath_TaxPayer = "Object Repository/RAD_Pages/Taxpayer_Page": null

2024-11-12 17:58:48 - [TEST_STEP][PASSED] - orPath_AddressContact = "Object Repository/RAD_Pages/AddressAndContactInfo_Page": null

2024-11-12 17:58:48 - [TEST_STEP][PASSED] - orPath_FilingStatus = "Object Repository/RAD_Pages/FilingStatus_Page": null

2024-11-12 17:58:48 - [TEST_STEP][PASSED] - orPath_Amount = "Object Repository/RAD_Pages/PaymentAmount_Page": null

2024-11-12 17:58:48 - [TEST_STEP][PASSED] - selectOptionByLabel(findTestObject(orPath_Landing + "/dd_TaxType"), Paymenttype, false): All options with label 'Existing Liability with Notice/Invoice Number' are selected in object 'Object Repository/RAD_Pages/Landing_Page/dd_TaxType' 

2024-11-12 17:58:50 - [MESSAGE][PASSED] - All options with label 'Existing Liability with Notice/Invoice Number' are selected in object 'Object Repository/RAD_Pages/Landing_Page/dd_TaxType' 

2024-11-12 17:58:50 - [TEST_STEP][PASSED] - delay(1): Delayed 1 second(s)

2024-11-12 17:58:51 - [MESSAGE][PASSED] - Delayed 1 second(s)

2024-11-12 17:58:51 - [TEST_STEP][PASSED] - switch (Paymenttype): null

2024-11-12 17:58:51 - [TEST_STEP][PASSED] - delay(1): Delayed 1 second(s)

2024-11-12 17:58:52 - [MESSAGE][PASSED] - Delayed 1 second(s)

2024-11-12 17:58:52 - [TEST_STEP][PASSED] - scrollToElement(findTestObject(orPath_Amount + "/input__paymentAmount"), 3): Scroll to object 'Object Repository/RAD_Pages/PaymentAmount_Page/input__paymentAmount' successfully

2024-11-12 17:58:52 - [MESSAGE][PASSED] - Scroll to object 'Object Repository/RAD_Pages/PaymentAmount_Page/input__paymentAmount' successfully

2024-11-12 17:58:52 - [TEST_STEP][PASSED] - setText(findTestObject(orPath_AddressContact + "/input_eMailAddress"), "imtiazster@gmail.com"): Text 'imtiazster@gmail.com' is set on object 'Object Repository/RAD_Pages/AddressAndContactInfo_Page/input_eMailAddress'

2024-11-12 17:58:53 - [MESSAGE][PASSED] - Text 'imtiazster@gmail.com' is set on object 'Object Repository/RAD_Pages/AddressAndContactInfo_Page/input_eMailAddress'

2024-11-12 17:58:53 - [TEST_STEP][PASSED] - setText(findTestObject(orPath_AddressContact + "/input_reEnterEMailAddress"), "iahmed@govolution.com"): Text 'iahmed@govolution.com' is set on object 'Object Repository/RAD_Pages/AddressAndContactInfo_Page/input_reEnterEMailAddress'

2024-11-12 17:58:54 - [MESSAGE][PASSED] - Text 'iahmed@govolution.com' is set on object 'Object Repository/RAD_Pages/AddressAndContactInfo_Page/input_reEnterEMailAddress'

2024-11-12 17:58:54 - [TEST_STEP][PASSED] - delay(2): Delayed 2 second(s)

2024-11-12 17:58:56 - [MESSAGE][PASSED] - Delayed 2 second(s)

2024-11-12 17:58:56 - [TEST_STEP][PASSED] - if (verifyTextPresent("The Email and Re-enter email do not match", true)): null

2024-11-12 17:58:56 - [MESSAGE][PASSED] - Text 'The Email and Re-enter email do not match' is present on page  using regular expression

2024-11-12 17:58:56 - [TEST_STEP][PASSED] - println("Emails Dont match text is present"): null

2024-11-12 17:58:56 - [TEST_STEP][PASSED] - out.println("Pass Record Number: " + row): null

2024-11-12 17:58:56 - [TEST_STEP][PASSED] - resText = "Pass": null

2024-11-12 17:58:56 - [TEST_STEP][PASSED] - pages.WriteExcel.demoKey(resText, datText, resColumn, datCloumn, fileLoc, nameSheet, row): pages.WriteExcel.demoKey is PASSED

2024-11-12 17:58:56 - [MESSAGE][PASSED] - pages.WriteExcel.demoKey is PASSED

2024-11-12 17:58:56 - [TEST_STEP][PASSED] - ExecuteTC = findTestData(dataFile).getValue("Execute", row): null

2024-11-12 17:58:56 - [TEST_STEP][PASSED] - Taxtype = findTestData(dataFile).getValue("TaxType", row): null

2024-11-12 17:58:56 - [TEST_STEP][PASSED] - Paymenttype = findTestData(dataFile).getValue("PaymentType", row): null

2024-11-12 17:58:56 - [TEST_STEP][PASSED] - out.println("Value of Execute is : " + ExecuteTC): null

2024-11-12 17:58:56 - [TEST_STEP][PASSED] - if (ExecuteTC.equalsIgnoreCase("Y")): null

2024-11-12 17:58:56 - [TEST_STEP][PASSED] - ExecuteTC = findTestData(dataFile).getValue("Execute", row): null

2024-11-12 17:58:56 - [TEST_STEP][PASSED] - Taxtype = findTestData(dataFile).getValue("TaxType", row): null

2024-11-12 17:58:56 - [TEST_STEP][PASSED] - Paymenttype = findTestData(dataFile).getValue("PaymentType", row): null

2024-11-12 17:58:57 - [TEST_STEP][PASSED] - out.println("Value of Execute is : " + ExecuteTC): null

2024-11-12 17:58:57 - [TEST_STEP][PASSED] - if (ExecuteTC.equalsIgnoreCase("Y")): null

2024-11-12 17:58:57 - [TEST_STEP][PASSED] - out.println("Begin Record Number: " + row): null

2024-11-12 17:58:57 - [TEST_STEP][PASSED] - today = new java.util.Date(): null

2024-11-12 17:58:57 - [TEST_STEP][PASSED] - println(today): null

2024-11-12 17:58:57 - [TEST_STEP][PASSED] - datText = today: null

2024-11-12 17:58:57 - [TEST_STEP][PASSED] - Taxtype = findTestData(dataFile).getValue("TaxType", row): null

2024-11-12 17:58:57 - [TEST_STEP][PASSED] - out.println("Taxtype value is : " + Taxtype): null

2024-11-12 17:58:57 - [TEST_STEP][PASSED] - openBrowser(""): Browser is opened with url: ''

2024-11-12 17:58:57 - [MESSAGE][WARNING] - A browser is already opened. Closing browser and opening a new one

2024-11-12 17:58:58 - [MESSAGE][INFO] - Starting 'Chrome' driver

2024-11-12 17:58:58 - [MESSAGE][INFO] - User set preference: ['acceptInsecureCerts', 'true']

2024-11-12 17:58:58 - [MESSAGE][INFO] - Action delay is set to 0 milliseconds

2024-11-12 17:58:59 - [MESSAGE][PASSED] - Browser is opened with url: ''

2024-11-12 17:58:59 - [TEST_STEP][PASSED] - maximizeWindow(): Current window maximized

2024-11-12 17:58:59 - [MESSAGE][PASSED] - Current window maximized

2024-11-12 17:58:59 - [TEST_STEP][PASSED] - navigateToUrl(RADurl): Navigate to 'https://www.velocitypayment.com/client/rad/index.html' successfully

2024-11-12 17:59:00 - [MESSAGE][PASSED] - Navigate to 'https://www.velocitypayment.com/client/rad/index.html' successfully

2024-11-12 17:59:00 - [TEST_STEP][PASSED] - orPath_Landing = "Object Repository/RAD_Pages/Landing_Page": null

2024-11-12 17:59:00 - [TEST_STEP][PASSED] - orPath_TaxTypeFilingYear = "Object Repository/RAD_Pages/TaxTypeFilingYear_Page": null

2024-11-12 17:59:00 - [TEST_STEP][PASSED] - orPath_TaxPayer = "Object Repository/RAD_Pages/Taxpayer_Page": null

2024-11-12 17:59:00 - [TEST_STEP][PASSED] - orPath_AddressContact = "Object Repository/RAD_Pages/AddressAndContactInfo_Page": null

2024-11-12 17:59:00 - [TEST_STEP][PASSED] - orPath_FilingStatus = "Object Repository/RAD_Pages/FilingStatus_Page": null

2024-11-12 17:59:00 - [TEST_STEP][PASSED] - orPath_Amount = "Object Repository/RAD_Pages/PaymentAmount_Page": null

2024-11-12 17:59:00 - [TEST_STEP][PASSED] - selectOptionByLabel(findTestObject(orPath_Landing + "/dd_TaxType"), Paymenttype, false): All options with label 'Existing Liability with Notice/Invoice Number' are selected in object 'Object Repository/RAD_Pages/Landing_Page/dd_TaxType' 

2024-11-12 17:59:02 - [MESSAGE][PASSED] - All options with label 'Existing Liability with Notice/Invoice Number' are selected in object 'Object Repository/RAD_Pages/Landing_Page/dd_TaxType' 

2024-11-12 17:59:02 - [TEST_STEP][PASSED] - delay(1): Delayed 1 second(s)

2024-11-12 17:59:03 - [MESSAGE][PASSED] - Delayed 1 second(s)

2024-11-12 17:59:03 - [TEST_STEP][PASSED] - switch (Paymenttype): null

2024-11-12 17:59:03 - [TEST_STEP][PASSED] - delay(1): Delayed 1 second(s)

2024-11-12 17:59:04 - [MESSAGE][PASSED] - Delayed 1 second(s)

2024-11-12 17:59:04 - [TEST_STEP][PASSED] - scrollToElement(findTestObject(orPath_Amount + "/input__paymentAmount"), 3): Scroll to object 'Object Repository/RAD_Pages/PaymentAmount_Page/input__paymentAmount' successfully

2024-11-12 17:59:04 - [MESSAGE][PASSED] - Scroll to object 'Object Repository/RAD_Pages/PaymentAmount_Page/input__paymentAmount' successfully

2024-11-12 17:59:04 - [TEST_STEP][PASSED] - setText(findTestObject(orPath_AddressContact + "/input_eMailAddress"), "imtiazster@gmail.com"): Text 'imtiazster@gmail.com' is set on object 'Object Repository/RAD_Pages/AddressAndContactInfo_Page/input_eMailAddress'

2024-11-12 17:59:05 - [MESSAGE][PASSED] - Text 'imtiazster@gmail.com' is set on object 'Object Repository/RAD_Pages/AddressAndContactInfo_Page/input_eMailAddress'

2024-11-12 17:59:05 - [TEST_STEP][PASSED] - setText(findTestObject(orPath_AddressContact + "/input_reEnterEMailAddress"), "iahmed@govolution.com"): Text 'iahmed@govolution.com' is set on object 'Object Repository/RAD_Pages/AddressAndContactInfo_Page/input_reEnterEMailAddress'

2024-11-12 17:59:06 - [MESSAGE][PASSED] - Text 'iahmed@govolution.com' is set on object 'Object Repository/RAD_Pages/AddressAndContactInfo_Page/input_reEnterEMailAddress'

2024-11-12 17:59:06 - [TEST_STEP][PASSED] - delay(2): Delayed 2 second(s)

2024-11-12 17:59:08 - [MESSAGE][PASSED] - Delayed 2 second(s)

2024-11-12 17:59:08 - [TEST_STEP][PASSED] - if (verifyTextPresent("The Email and Re-enter email do not match", true)): null

2024-11-12 17:59:08 - [MESSAGE][PASSED] - Text 'The Email and Re-enter email do not match' is present on page  using regular expression

2024-11-12 17:59:08 - [TEST_STEP][PASSED] - println("Emails Dont match text is present"): null

2024-11-12 17:59:08 - [TEST_STEP][PASSED] - out.println("Pass Record Number: " + row): null

2024-11-12 17:59:08 - [TEST_STEP][PASSED] - resText = "Pass": null

2024-11-12 17:59:08 - [TEST_STEP][PASSED] - pages.WriteExcel.demoKey(resText, datText, resColumn, datCloumn, fileLoc, nameSheet, row): pages.WriteExcel.demoKey is PASSED

2024-11-12 17:59:09 - [MESSAGE][PASSED] - pages.WriteExcel.demoKey is PASSED

2024-11-12 17:59:09 - [TEST_STEP][PASSED] - ExecuteTC = findTestData(dataFile).getValue("Execute", row): null

2024-11-12 17:59:09 - [TEST_STEP][PASSED] - Taxtype = findTestData(dataFile).getValue("TaxType", row): null

2024-11-12 17:59:09 - [TEST_STEP][PASSED] - Paymenttype = findTestData(dataFile).getValue("PaymentType", row): null

2024-11-12 17:59:09 - [TEST_STEP][PASSED] - out.println("Value of Execute is : " + ExecuteTC): null

2024-11-12 17:59:09 - [TEST_STEP][PASSED] - if (ExecuteTC.equalsIgnoreCase("Y")): null

2024-11-12 17:59:09 - [TEST_STEP][PASSED] - out.println("Begin Record Number: " + row): null

2024-11-12 17:59:09 - [TEST_STEP][PASSED] - today = new java.util.Date(): null

2024-11-12 17:59:09 - [TEST_STEP][PASSED] - println(today): null

2024-11-12 17:59:09 - [TEST_STEP][PASSED] - datText = today: null

2024-11-12 17:59:09 - [TEST_STEP][PASSED] - Taxtype = findTestData(dataFile).getValue("TaxType", row): null

2024-11-12 17:59:09 - [TEST_STEP][PASSED] - out.println("Taxtype value is : " + Taxtype): null

2024-11-12 17:59:09 - [TEST_STEP][PASSED] - openBrowser(""): Browser is opened with url: ''

2024-11-12 17:59:09 - [MESSAGE][WARNING] - A browser is already opened. Closing browser and opening a new one

2024-11-12 17:59:10 - [MESSAGE][INFO] - Starting 'Chrome' driver

2024-11-12 17:59:10 - [MESSAGE][INFO] - User set preference: ['acceptInsecureCerts', 'true']

2024-11-12 17:59:10 - [MESSAGE][INFO] - Action delay is set to 0 milliseconds

2024-11-12 17:59:12 - [MESSAGE][PASSED] - Browser is opened with url: ''

2024-11-12 17:59:12 - [TEST_STEP][PASSED] - maximizeWindow(): Current window maximized

2024-11-12 17:59:12 - [MESSAGE][PASSED] - Current window maximized

2024-11-12 17:59:12 - [TEST_STEP][PASSED] - navigateToUrl(RADurl): Navigate to 'https://www.velocitypayment.com/client/rad/index.html' successfully

2024-11-12 17:59:13 - [MESSAGE][PASSED] - Navigate to 'https://www.velocitypayment.com/client/rad/index.html' successfully

2024-11-12 17:59:13 - [TEST_STEP][PASSED] - orPath_Landing = "Object Repository/RAD_Pages/Landing_Page": null

2024-11-12 17:59:13 - [TEST_STEP][PASSED] - orPath_TaxTypeFilingYear = "Object Repository/RAD_Pages/TaxTypeFilingYear_Page": null

2024-11-12 17:59:13 - [TEST_STEP][PASSED] - orPath_TaxPayer = "Object Repository/RAD_Pages/Taxpayer_Page": null

2024-11-12 17:59:13 - [TEST_STEP][PASSED] - orPath_AddressContact = "Object Repository/RAD_Pages/AddressAndContactInfo_Page": null

2024-11-12 17:59:13 - [TEST_STEP][PASSED] - orPath_FilingStatus = "Object Repository/RAD_Pages/FilingStatus_Page": null

2024-11-12 17:59:13 - [TEST_STEP][PASSED] - orPath_Amount = "Object Repository/RAD_Pages/PaymentAmount_Page": null

2024-11-12 17:59:13 - [TEST_STEP][PASSED] - selectOptionByLabel(findTestObject(orPath_Landing + "/dd_TaxType"), Paymenttype, false): All options with label 'Existing Liability with Notice/Invoice Number' are selected in object 'Object Repository/RAD_Pages/Landing_Page/dd_TaxType' 

2024-11-12 17:59:14 - [MESSAGE][PASSED] - All options with label 'Existing Liability with Notice/Invoice Number' are selected in object 'Object Repository/RAD_Pages/Landing_Page/dd_TaxType' 

2024-11-12 17:59:14 - [TEST_STEP][PASSED] - delay(1): Delayed 1 second(s)

2024-11-12 17:59:15 - [MESSAGE][PASSED] - Delayed 1 second(s)

2024-11-12 17:59:15 - [TEST_STEP][PASSED] - switch (Paymenttype): null

2024-11-12 17:59:15 - [TEST_STEP][PASSED] - delay(1): Delayed 1 second(s)

2024-11-12 17:59:16 - [MESSAGE][PASSED] - Delayed 1 second(s)

2024-11-12 17:59:16 - [TEST_STEP][PASSED] - scrollToElement(findTestObject(orPath_Amount + "/input__paymentAmount"), 3): Scroll to object 'Object Repository/RAD_Pages/PaymentAmount_Page/input__paymentAmount' successfully

2024-11-12 17:59:16 - [MESSAGE][PASSED] - Scroll to object 'Object Repository/RAD_Pages/PaymentAmount_Page/input__paymentAmount' successfully

2024-11-12 17:59:16 - [TEST_STEP][PASSED] - setText(findTestObject(orPath_AddressContact + "/input_eMailAddress"), "imtiazster@gmail.com"): Text 'imtiazster@gmail.com' is set on object 'Object Repository/RAD_Pages/AddressAndContactInfo_Page/input_eMailAddress'

2024-11-12 17:59:17 - [MESSAGE][PASSED] - Text 'imtiazster@gmail.com' is set on object 'Object Repository/RAD_Pages/AddressAndContactInfo_Page/input_eMailAddress'

2024-11-12 17:59:17 - [TEST_STEP][PASSED] - setText(findTestObject(orPath_AddressContact + "/input_reEnterEMailAddress"), "iahmed@govolution.com"): Text 'iahmed@govolution.com' is set on object 'Object Repository/RAD_Pages/AddressAndContactInfo_Page/input_reEnterEMailAddress'

2024-11-12 17:59:18 - [MESSAGE][PASSED] - Text 'iahmed@govolution.com' is set on object 'Object Repository/RAD_Pages/AddressAndContactInfo_Page/input_reEnterEMailAddress'

2024-11-12 17:59:18 - [TEST_STEP][PASSED] - delay(2): Delayed 2 second(s)

2024-11-12 17:59:20 - [MESSAGE][PASSED] - Delayed 2 second(s)

2024-11-12 17:59:20 - [TEST_STEP][PASSED] - if (verifyTextPresent("The Email and Re-enter email do not match", true)): null

2024-11-12 17:59:20 - [MESSAGE][PASSED] - Text 'The Email and Re-enter email do not match' is present on page  using regular expression

2024-11-12 17:59:20 - [TEST_STEP][PASSED] - println("Emails Dont match text is present"): null

2024-11-12 17:59:20 - [TEST_STEP][PASSED] - out.println("Pass Record Number: " + row): null

2024-11-12 17:59:20 - [TEST_STEP][PASSED] - resText = "Pass": null

2024-11-12 17:59:20 - [TEST_STEP][PASSED] - pages.WriteExcel.demoKey(resText, datText, resColumn, datCloumn, fileLoc, nameSheet, row): pages.WriteExcel.demoKey is PASSED

2024-11-12 17:59:20 - [MESSAGE][PASSED] - pages.WriteExcel.demoKey is PASSED

2024-11-12 17:59:20 - [TEST_STEP][PASSED] - ExecuteTC = findTestData(dataFile).getValue("Execute", row): null

2024-11-12 17:59:20 - [TEST_STEP][PASSED] - Taxtype = findTestData(dataFile).getValue("TaxType", row): null

2024-11-12 17:59:20 - [TEST_STEP][PASSED] - Paymenttype = findTestData(dataFile).getValue("PaymentType", row): null

2024-11-12 17:59:20 - [TEST_STEP][PASSED] - out.println("Value of Execute is : " + ExecuteTC): null

2024-11-12 17:59:20 - [TEST_STEP][PASSED] - if (ExecuteTC.equalsIgnoreCase("Y")): null

2024-11-12 17:59:20 - [TEST_STEP][PASSED] - out.println("Begin Record Number: " + row): null

2024-11-12 17:59:20 - [TEST_STEP][PASSED] - today = new java.util.Date(): null

2024-11-12 17:59:20 - [TEST_STEP][PASSED] - println(today): null

2024-11-12 17:59:20 - [TEST_STEP][PASSED] - datText = today: null

2024-11-12 17:59:20 - [TEST_STEP][PASSED] - Taxtype = findTestData(dataFile).getValue("TaxType", row): null

2024-11-12 17:59:20 - [TEST_STEP][PASSED] - out.println("Taxtype value is : " + Taxtype): null

2024-11-12 17:59:20 - [TEST_STEP][PASSED] - openBrowser(""): Browser is opened with url: ''

2024-11-12 17:59:21 - [MESSAGE][WARNING] - A browser is already opened. Closing browser and opening a new one

2024-11-12 17:59:22 - [MESSAGE][INFO] - Starting 'Chrome' driver

2024-11-12 17:59:22 - [MESSAGE][INFO] - User set preference: ['acceptInsecureCerts', 'true']

2024-11-12 17:59:22 - [MESSAGE][INFO] - Action delay is set to 0 milliseconds

2024-11-12 17:59:23 - [MESSAGE][PASSED] - Browser is opened with url: ''

2024-11-12 17:59:23 - [TEST_STEP][PASSED] - maximizeWindow(): Current window maximized

2024-11-12 17:59:23 - [MESSAGE][PASSED] - Current window maximized

2024-11-12 17:59:23 - [TEST_STEP][PASSED] - navigateToUrl(RADurl): Navigate to 'https://www.velocitypayment.com/client/rad/index.html' successfully

2024-11-12 17:59:24 - [MESSAGE][PASSED] - Navigate to 'https://www.velocitypayment.com/client/rad/index.html' successfully

2024-11-12 17:59:24 - [TEST_STEP][PASSED] - orPath_Landing = "Object Repository/RAD_Pages/Landing_Page": null

2024-11-12 17:59:24 - [TEST_STEP][PASSED] - orPath_TaxTypeFilingYear = "Object Repository/RAD_Pages/TaxTypeFilingYear_Page": null

2024-11-12 17:59:24 - [TEST_STEP][PASSED] - orPath_TaxPayer = "Object Repository/RAD_Pages/Taxpayer_Page": null

2024-11-12 17:59:24 - [TEST_STEP][PASSED] - orPath_AddressContact = "Object Repository/RAD_Pages/AddressAndContactInfo_Page": null

2024-11-12 17:59:24 - [TEST_STEP][PASSED] - orPath_FilingStatus = "Object Repository/RAD_Pages/FilingStatus_Page": null

2024-11-12 17:59:24 - [TEST_STEP][PASSED] - orPath_Amount = "Object Repository/RAD_Pages/PaymentAmount_Page": null

2024-11-12 17:59:24 - [TEST_STEP][PASSED] - selectOptionByLabel(findTestObject(orPath_Landing + "/dd_TaxType"), Paymenttype, false): All options with label 'Existing Liability with Notice/Invoice Number' are selected in object 'Object Repository/RAD_Pages/Landing_Page/dd_TaxType' 

2024-11-12 17:59:26 - [MESSAGE][PASSED] - All options with label 'Existing Liability with Notice/Invoice Number' are selected in object 'Object Repository/RAD_Pages/Landing_Page/dd_TaxType' 

2024-11-12 17:59:26 - [TEST_STEP][PASSED] - delay(1): Delayed 1 second(s)

2024-11-12 17:59:27 - [MESSAGE][PASSED] - Delayed 1 second(s)

2024-11-12 17:59:27 - [TEST_STEP][PASSED] - switch (Paymenttype): null

2024-11-12 17:59:27 - [TEST_STEP][PASSED] - delay(1): Delayed 1 second(s)

2024-11-12 17:59:28 - [MESSAGE][PASSED] - Delayed 1 second(s)

2024-11-12 17:59:28 - [TEST_STEP][PASSED] - scrollToElement(findTestObject(orPath_Amount + "/input__paymentAmount"), 3): Scroll to object 'Object Repository/RAD_Pages/PaymentAmount_Page/input__paymentAmount' successfully

2024-11-12 17:59:28 - [MESSAGE][PASSED] - Scroll to object 'Object Repository/RAD_Pages/PaymentAmount_Page/input__paymentAmount' successfully

2024-11-12 17:59:28 - [TEST_STEP][PASSED] - setText(findTestObject(orPath_AddressContact + "/input_eMailAddress"), "imtiazster@gmail.com"): Text 'imtiazster@gmail.com' is set on object 'Object Repository/RAD_Pages/AddressAndContactInfo_Page/input_eMailAddress'

2024-11-12 17:59:29 - [MESSAGE][PASSED] - Text 'imtiazster@gmail.com' is set on object 'Object Repository/RAD_Pages/AddressAndContactInfo_Page/input_eMailAddress'

2024-11-12 17:59:29 - [TEST_STEP][PASSED] - setText(findTestObject(orPath_AddressContact + "/input_reEnterEMailAddress"), "iahmed@govolution.com"): Text 'iahmed@govolution.com' is set on object 'Object Repository/RAD_Pages/AddressAndContactInfo_Page/input_reEnterEMailAddress'

2024-11-12 17:59:30 - [MESSAGE][PASSED] - Text 'iahmed@govolution.com' is set on object 'Object Repository/RAD_Pages/AddressAndContactInfo_Page/input_reEnterEMailAddress'

2024-11-12 17:59:30 - [TEST_STEP][PASSED] - delay(2): Delayed 2 second(s)

2024-11-12 17:59:32 - [MESSAGE][PASSED] - Delayed 2 second(s)

2024-11-12 17:59:32 - [TEST_STEP][PASSED] - if (verifyTextPresent("The Email and Re-enter email do not match", true)): null

2024-11-12 17:59:32 - [MESSAGE][PASSED] - Text 'The Email and Re-enter email do not match' is present on page  using regular expression

2024-11-12 17:59:32 - [TEST_STEP][PASSED] - println("Emails Dont match text is present"): null

2024-11-12 17:59:32 - [TEST_STEP][PASSED] - out.println("Pass Record Number: " + row): null

2024-11-12 17:59:32 - [TEST_STEP][PASSED] - resText = "Pass": null

2024-11-12 17:59:32 - [TEST_STEP][PASSED] - pages.WriteExcel.demoKey(resText, datText, resColumn, datCloumn, fileLoc, nameSheet, row): pages.WriteExcel.demoKey is PASSED

2024-11-12 17:59:32 - [MESSAGE][PASSED] - pages.WriteExcel.demoKey is PASSED

2024-11-12 17:59:32 - [TEST_STEP][PASSED] - ExecuteTC = findTestData(dataFile).getValue("Execute", row): null

2024-11-12 17:59:32 - [TEST_STEP][PASSED] - Taxtype = findTestData(dataFile).getValue("TaxType", row): null

2024-11-12 17:59:32 - [TEST_STEP][PASSED] - Paymenttype = findTestData(dataFile).getValue("PaymentType", row): null

2024-11-12 17:59:32 - [TEST_STEP][PASSED] - out.println("Value of Execute is : " + ExecuteTC): null

2024-11-12 17:59:32 - [TEST_STEP][PASSED] - if (ExecuteTC.equalsIgnoreCase("Y")): null

2024-11-12 17:59:32 - [TEST_STEP][PASSED] - out.println("Begin Record Number: " + row): null

2024-11-12 17:59:32 - [TEST_STEP][PASSED] - today = new java.util.Date(): null

2024-11-12 17:59:32 - [TEST_STEP][PASSED] - println(today): null

2024-11-12 17:59:32 - [TEST_STEP][PASSED] - datText = today: null

2024-11-12 17:59:32 - [TEST_STEP][PASSED] - Taxtype = findTestData(dataFile).getValue("TaxType", row): null

2024-11-12 17:59:32 - [TEST_STEP][PASSED] - out.println("Taxtype value is : " + Taxtype): null

2024-11-12 17:59:32 - [TEST_STEP][PASSED] - openBrowser(""): Browser is opened with url: ''

2024-11-12 17:59:32 - [MESSAGE][WARNING] - A browser is already opened. Closing browser and opening a new one

2024-11-12 17:59:34 - [MESSAGE][INFO] - Starting 'Chrome' driver

2024-11-12 17:59:34 - [MESSAGE][INFO] - User set preference: ['acceptInsecureCerts', 'true']

2024-11-12 17:59:34 - [MESSAGE][INFO] - Action delay is set to 0 milliseconds

2024-11-12 17:59:35 - [MESSAGE][PASSED] - Browser is opened with url: ''

2024-11-12 17:59:35 - [TEST_STEP][PASSED] - maximizeWindow(): Current window maximized

2024-11-12 17:59:35 - [MESSAGE][PASSED] - Current window maximized

2024-11-12 17:59:35 - [TEST_STEP][PASSED] - navigateToUrl(RADurl): Navigate to 'https://www.velocitypayment.com/client/rad/index.html' successfully

2024-11-12 17:59:39 - [MESSAGE][PASSED] - Navigate to 'https://www.velocitypayment.com/client/rad/index.html' successfully

2024-11-12 17:59:39 - [TEST_STEP][PASSED] - orPath_Landing = "Object Repository/RAD_Pages/Landing_Page": null

2024-11-12 17:59:39 - [TEST_STEP][PASSED] - orPath_TaxTypeFilingYear = "Object Repository/RAD_Pages/TaxTypeFilingYear_Page": null

2024-11-12 17:59:39 - [TEST_STEP][PASSED] - orPath_TaxPayer = "Object Repository/RAD_Pages/Taxpayer_Page": null

2024-11-12 17:59:39 - [TEST_STEP][PASSED] - orPath_AddressContact = "Object Repository/RAD_Pages/AddressAndContactInfo_Page": null

2024-11-12 17:59:39 - [TEST_STEP][PASSED] - orPath_FilingStatus = "Object Repository/RAD_Pages/FilingStatus_Page": null

2024-11-12 17:59:39 - [TEST_STEP][PASSED] - orPath_Amount = "Object Repository/RAD_Pages/PaymentAmount_Page": null

2024-11-12 17:59:39 - [TEST_STEP][PASSED] - selectOptionByLabel(findTestObject(orPath_Landing + "/dd_TaxType"), Paymenttype, false): All options with label 'Existing Liability with Notice/Invoice Number' are selected in object 'Object Repository/RAD_Pages/Landing_Page/dd_TaxType' 

2024-11-12 17:59:40 - [MESSAGE][PASSED] - All options with label 'Existing Liability with Notice/Invoice Number' are selected in object 'Object Repository/RAD_Pages/Landing_Page/dd_TaxType' 

2024-11-12 17:59:40 - [TEST_STEP][PASSED] - delay(1): Delayed 1 second(s)

2024-11-12 17:59:41 - [MESSAGE][PASSED] - Delayed 1 second(s)

2024-11-12 17:59:41 - [TEST_STEP][PASSED] - switch (Paymenttype): null

2024-11-12 17:59:41 - [TEST_STEP][PASSED] - delay(1): Delayed 1 second(s)

2024-11-12 17:59:42 - [MESSAGE][PASSED] - Delayed 1 second(s)

2024-11-12 17:59:42 - [TEST_STEP][PASSED] - scrollToElement(findTestObject(orPath_Amount + "/input__paymentAmount"), 3): Scroll to object 'Object Repository/RAD_Pages/PaymentAmount_Page/input__paymentAmount' successfully

2024-11-12 17:59:42 - [MESSAGE][PASSED] - Scroll to object 'Object Repository/RAD_Pages/PaymentAmount_Page/input__paymentAmount' successfully

2024-11-12 17:59:42 - [TEST_STEP][PASSED] - setText(findTestObject(orPath_AddressContact + "/input_eMailAddress"), "imtiazster@gmail.com"): Text 'imtiazster@gmail.com' is set on object 'Object Repository/RAD_Pages/AddressAndContactInfo_Page/input_eMailAddress'

2024-11-12 17:59:43 - [MESSAGE][PASSED] - Text 'imtiazster@gmail.com' is set on object 'Object Repository/RAD_Pages/AddressAndContactInfo_Page/input_eMailAddress'

2024-11-12 17:59:43 - [TEST_STEP][PASSED] - setText(findTestObject(orPath_AddressContact + "/input_reEnterEMailAddress"), "iahmed@govolution.com"): Text 'iahmed@govolution.com' is set on object 'Object Repository/RAD_Pages/AddressAndContactInfo_Page/input_reEnterEMailAddress'

2024-11-12 17:59:44 - [MESSAGE][PASSED] - Text 'iahmed@govolution.com' is set on object 'Object Repository/RAD_Pages/AddressAndContactInfo_Page/input_reEnterEMailAddress'

2024-11-12 17:59:44 - [TEST_STEP][PASSED] - delay(2): Delayed 2 second(s)

2024-11-12 17:59:46 - [MESSAGE][PASSED] - Delayed 2 second(s)

2024-11-12 17:59:46 - [TEST_STEP][PASSED] - if (verifyTextPresent("The Email and Re-enter email do not match", true)): null

2024-11-12 17:59:46 - [MESSAGE][PASSED] - Text 'The Email and Re-enter email do not match' is present on page  using regular expression

2024-11-12 17:59:46 - [TEST_STEP][PASSED] - println("Emails Dont match text is present"): null

2024-11-12 17:59:46 - [TEST_STEP][PASSED] - out.println("Pass Record Number: " + row): null

2024-11-12 17:59:46 - [TEST_STEP][PASSED] - resText = "Pass": null

2024-11-12 17:59:46 - [TEST_STEP][PASSED] - pages.WriteExcel.demoKey(resText, datText, resColumn, datCloumn, fileLoc, nameSheet, row): pages.WriteExcel.demoKey is PASSED

2024-11-12 17:59:46 - [MESSAGE][PASSED] - pages.WriteExcel.demoKey is PASSED

2024-11-12 17:59:46 - [TEST_STEP][PASSED] - ExecuteTC = findTestData(dataFile).getValue("Execute", row): null

2024-11-12 17:59:46 - [TEST_STEP][PASSED] - Taxtype = findTestData(dataFile).getValue("TaxType", row): null

2024-11-12 17:59:46 - [TEST_STEP][PASSED] - Paymenttype = findTestData(dataFile).getValue("PaymentType", row): null

2024-11-12 17:59:46 - [TEST_STEP][PASSED] - out.println("Value of Execute is : " + ExecuteTC): null

2024-11-12 17:59:46 - [TEST_STEP][PASSED] - if (ExecuteTC.equalsIgnoreCase("Y")): null

2024-11-12 17:59:46 - [TEST_STEP][PASSED] - out.println("Begin Record Number: " + row): null

2024-11-12 17:59:46 - [TEST_STEP][PASSED] - today = new java.util.Date(): null

2024-11-12 17:59:46 - [TEST_STEP][PASSED] - println(today): null

2024-11-12 17:59:46 - [TEST_STEP][PASSED] - datText = today: null

2024-11-12 17:59:46 - [TEST_STEP][PASSED] - Taxtype = findTestData(dataFile).getValue("TaxType", row): null

2024-11-12 17:59:46 - [TEST_STEP][PASSED] - out.println("Taxtype value is : " + Taxtype): null

2024-11-12 17:59:46 - [TEST_STEP][PASSED] - openBrowser(""): Browser is opened with url: ''

2024-11-12 17:59:46 - [MESSAGE][WARNING] - A browser is already opened. Closing browser and opening a new one

2024-11-12 17:59:48 - [MESSAGE][INFO] - Starting 'Chrome' driver

2024-11-12 17:59:48 - [MESSAGE][INFO] - User set preference: ['acceptInsecureCerts', 'true']

2024-11-12 17:59:48 - [MESSAGE][INFO] - Action delay is set to 0 milliseconds

2024-11-12 17:59:49 - [MESSAGE][PASSED] - Browser is opened with url: ''

2024-11-12 17:59:49 - [TEST_STEP][PASSED] - maximizeWindow(): Current window maximized

2024-11-12 17:59:49 - [MESSAGE][PASSED] - Current window maximized

2024-11-12 17:59:49 - [TEST_STEP][PASSED] - navigateToUrl(RADurl): Navigate to 'https://www.velocitypayment.com/client/rad/index.html' successfully

2024-11-12 17:59:51 - [MESSAGE][PASSED] - Navigate to 'https://www.velocitypayment.com/client/rad/index.html' successfully

2024-11-12 17:59:51 - [TEST_STEP][PASSED] - orPath_Landing = "Object Repository/RAD_Pages/Landing_Page": null

2024-11-12 17:59:51 - [TEST_STEP][PASSED] - orPath_TaxTypeFilingYear = "Object Repository/RAD_Pages/TaxTypeFilingYear_Page": null

2024-11-12 17:59:51 - [TEST_STEP][PASSED] - orPath_TaxPayer = "Object Repository/RAD_Pages/Taxpayer_Page": null

2024-11-12 17:59:51 - [TEST_STEP][PASSED] - orPath_AddressContact = "Object Repository/RAD_Pages/AddressAndContactInfo_Page": null

2024-11-12 17:59:51 - [TEST_STEP][PASSED] - orPath_FilingStatus = "Object Repository/RAD_Pages/FilingStatus_Page": null

2024-11-12 17:59:51 - [TEST_STEP][PASSED] - orPath_Amount = "Object Repository/RAD_Pages/PaymentAmount_Page": null

2024-11-12 17:59:51 - [TEST_STEP][PASSED] - selectOptionByLabel(findTestObject(orPath_Landing + "/dd_TaxType"), Paymenttype, false): All options with label 'Existing Liability with Notice/Invoice Number' are selected in object 'Object Repository/RAD_Pages/Landing_Page/dd_TaxType' 

2024-11-12 17:59:52 - [MESSAGE][PASSED] - All options with label 'Existing Liability with Notice/Invoice Number' are selected in object 'Object Repository/RAD_Pages/Landing_Page/dd_TaxType' 

2024-11-12 17:59:52 - [TEST_STEP][PASSED] - delay(1): Delayed 1 second(s)

2024-11-12 17:59:53 - [MESSAGE][PASSED] - Delayed 1 second(s)

2024-11-12 17:59:53 - [TEST_STEP][PASSED] - switch (Paymenttype): null

2024-11-12 17:59:53 - [TEST_STEP][PASSED] - delay(1): Delayed 1 second(s)

2024-11-12 17:59:54 - [MESSAGE][PASSED] - Delayed 1 second(s)

2024-11-12 17:59:54 - [TEST_STEP][PASSED] - scrollToElement(findTestObject(orPath_Amount + "/input__paymentAmount"), 3): Scroll to object 'Object Repository/RAD_Pages/PaymentAmount_Page/input__paymentAmount' successfully

2024-11-12 17:59:54 - [MESSAGE][PASSED] - Scroll to object 'Object Repository/RAD_Pages/PaymentAmount_Page/input__paymentAmount' successfully

2024-11-12 17:59:54 - [TEST_STEP][PASSED] - setText(findTestObject(orPath_AddressContact + "/input_eMailAddress"), "imtiazster@gmail.com"): Text 'imtiazster@gmail.com' is set on object 'Object Repository/RAD_Pages/AddressAndContactInfo_Page/input_eMailAddress'

2024-11-12 17:59:55 - [MESSAGE][PASSED] - Text 'imtiazster@gmail.com' is set on object 'Object Repository/RAD_Pages/AddressAndContactInfo_Page/input_eMailAddress'

2024-11-12 17:59:55 - [TEST_STEP][PASSED] - setText(findTestObject(orPath_AddressContact + "/input_reEnterEMailAddress"), "iahmed@govolution.com"): Text 'iahmed@govolution.com' is set on object 'Object Repository/RAD_Pages/AddressAndContactInfo_Page/input_reEnterEMailAddress'

2024-11-12 17:59:56 - [MESSAGE][PASSED] - Text 'iahmed@govolution.com' is set on object 'Object Repository/RAD_Pages/AddressAndContactInfo_Page/input_reEnterEMailAddress'

2024-11-12 17:59:56 - [TEST_STEP][PASSED] - delay(2): Delayed 2 second(s)

2024-11-12 17:59:58 - [MESSAGE][PASSED] - Delayed 2 second(s)

2024-11-12 17:59:58 - [TEST_STEP][PASSED] - if (verifyTextPresent("The Email and Re-enter email do not match", true)): null

2024-11-12 17:59:58 - [MESSAGE][PASSED] - Text 'The Email and Re-enter email do not match' is present on page  using regular expression

2024-11-12 17:59:58 - [TEST_STEP][PASSED] - println("Emails Dont match text is present"): null

2024-11-12 17:59:58 - [TEST_STEP][PASSED] - out.println("Pass Record Number: " + row): null

2024-11-12 17:59:58 - [TEST_STEP][PASSED] - resText = "Pass": null

2024-11-12 17:59:58 - [TEST_STEP][PASSED] - pages.WriteExcel.demoKey(resText, datText, resColumn, datCloumn, fileLoc, nameSheet, row): pages.WriteExcel.demoKey is PASSED

2024-11-12 17:59:58 - [MESSAGE][PASSED] - pages.WriteExcel.demoKey is PASSED

2024-11-12 17:59:58 - [TEST_STEP][PASSED] - ExecuteTC = findTestData(dataFile).getValue("Execute", row): null

2024-11-12 17:59:58 - [TEST_STEP][PASSED] - Taxtype = findTestData(dataFile).getValue("TaxType", row): null

2024-11-12 17:59:58 - [TEST_STEP][PASSED] - Paymenttype = findTestData(dataFile).getValue("PaymentType", row): null

2024-11-12 17:59:58 - [TEST_STEP][PASSED] - out.println("Value of Execute is : " + ExecuteTC): null

2024-11-12 17:59:58 - [TEST_STEP][PASSED] - if (ExecuteTC.equalsIgnoreCase("Y")): null

2024-11-12 17:59:58 - [TEST_STEP][PASSED] - out.println("Begin Record Number: " + row): null

2024-11-12 17:59:58 - [TEST_STEP][PASSED] - today = new java.util.Date(): null

2024-11-12 17:59:58 - [TEST_STEP][PASSED] - println(today): null

2024-11-12 17:59:58 - [TEST_STEP][PASSED] - datText = today: null

2024-11-12 17:59:58 - [TEST_STEP][PASSED] - Taxtype = findTestData(dataFile).getValue("TaxType", row): null

2024-11-12 17:59:58 - [TEST_STEP][PASSED] - out.println("Taxtype value is : " + Taxtype): null

2024-11-12 17:59:58 - [TEST_STEP][PASSED] - openBrowser(""): Browser is opened with url: ''

2024-11-12 17:59:58 - [MESSAGE][WARNING] - A browser is already opened. Closing browser and opening a new one

2024-11-12 18:00:00 - [MESSAGE][INFO] - Starting 'Chrome' driver

2024-11-12 18:00:00 - [MESSAGE][INFO] - User set preference: ['acceptInsecureCerts', 'true']

2024-11-12 18:00:00 - [MESSAGE][INFO] - Action delay is set to 0 milliseconds

2024-11-12 18:00:01 - [MESSAGE][PASSED] - Browser is opened with url: ''

2024-11-12 18:00:01 - [TEST_STEP][PASSED] - maximizeWindow(): Current window maximized

2024-11-12 18:00:01 - [MESSAGE][PASSED] - Current window maximized

2024-11-12 18:00:01 - [TEST_STEP][PASSED] - navigateToUrl(RADurl): Navigate to 'https://www.velocitypayment.com/client/rad/index.html' successfully

2024-11-12 18:00:03 - [MESSAGE][PASSED] - Navigate to 'https://www.velocitypayment.com/client/rad/index.html' successfully

2024-11-12 18:00:03 - [TEST_STEP][PASSED] - orPath_Landing = "Object Repository/RAD_Pages/Landing_Page": null

2024-11-12 18:00:03 - [TEST_STEP][PASSED] - orPath_TaxTypeFilingYear = "Object Repository/RAD_Pages/TaxTypeFilingYear_Page": null

2024-11-12 18:00:03 - [TEST_STEP][PASSED] - orPath_TaxPayer = "Object Repository/RAD_Pages/Taxpayer_Page": null

2024-11-12 18:00:03 - [TEST_STEP][PASSED] - orPath_AddressContact = "Object Repository/RAD_Pages/AddressAndContactInfo_Page": null

2024-11-12 18:00:03 - [TEST_STEP][PASSED] - orPath_FilingStatus = "Object Repository/RAD_Pages/FilingStatus_Page": null

2024-11-12 18:00:03 - [TEST_STEP][PASSED] - orPath_Amount = "Object Repository/RAD_Pages/PaymentAmount_Page": null

2024-11-12 18:00:03 - [TEST_STEP][PASSED] - selectOptionByLabel(findTestObject(orPath_Landing + "/dd_TaxType"), Paymenttype, false): All options with label 'Existing Liability with Notice/Invoice Number' are selected in object 'Object Repository/RAD_Pages/Landing_Page/dd_TaxType' 

2024-11-12 18:00:04 - [MESSAGE][PASSED] - All options with label 'Existing Liability with Notice/Invoice Number' are selected in object 'Object Repository/RAD_Pages/Landing_Page/dd_TaxType' 

2024-11-12 18:00:04 - [TEST_STEP][PASSED] - delay(1): Delayed 1 second(s)

2024-11-12 18:00:05 - [MESSAGE][PASSED] - Delayed 1 second(s)

2024-11-12 18:00:05 - [TEST_STEP][PASSED] - switch (Paymenttype): null

2024-11-12 18:00:05 - [TEST_STEP][PASSED] - delay(1): Delayed 1 second(s)

2024-11-12 18:00:06 - [MESSAGE][PASSED] - Delayed 1 second(s)

2024-11-12 18:00:06 - [TEST_STEP][PASSED] - scrollToElement(findTestObject(orPath_Amount + "/input__paymentAmount"), 3): Scroll to object 'Object Repository/RAD_Pages/PaymentAmount_Page/input__paymentAmount' successfully

2024-11-12 18:00:06 - [MESSAGE][PASSED] - Scroll to object 'Object Repository/RAD_Pages/PaymentAmount_Page/input__paymentAmount' successfully

2024-11-12 18:00:06 - [TEST_STEP][PASSED] - setText(findTestObject(orPath_AddressContact + "/input_eMailAddress"), "imtiazster@gmail.com"): Text 'imtiazster@gmail.com' is set on object 'Object Repository/RAD_Pages/AddressAndContactInfo_Page/input_eMailAddress'

2024-11-12 18:00:07 - [MESSAGE][PASSED] - Text 'imtiazster@gmail.com' is set on object 'Object Repository/RAD_Pages/AddressAndContactInfo_Page/input_eMailAddress'

2024-11-12 18:00:07 - [TEST_STEP][PASSED] - setText(findTestObject(orPath_AddressContact + "/input_reEnterEMailAddress"), "iahmed@govolution.com"): Text 'iahmed@govolution.com' is set on object 'Object Repository/RAD_Pages/AddressAndContactInfo_Page/input_reEnterEMailAddress'

2024-11-12 18:00:08 - [MESSAGE][PASSED] - Text 'iahmed@govolution.com' is set on object 'Object Repository/RAD_Pages/AddressAndContactInfo_Page/input_reEnterEMailAddress'

2024-11-12 18:00:08 - [TEST_STEP][PASSED] - delay(2): Delayed 2 second(s)

2024-11-12 18:00:10 - [MESSAGE][PASSED] - Delayed 2 second(s)

2024-11-12 18:00:10 - [TEST_STEP][PASSED] - if (verifyTextPresent("The Email and Re-enter email do not match", true)): null

2024-11-12 18:00:10 - [MESSAGE][PASSED] - Text 'The Email and Re-enter email do not match' is present on page  using regular expression

2024-11-12 18:00:10 - [TEST_STEP][PASSED] - println("Emails Dont match text is present"): null

2024-11-12 18:00:10 - [TEST_STEP][PASSED] - out.println("Pass Record Number: " + row): null

2024-11-12 18:00:10 - [TEST_STEP][PASSED] - resText = "Pass": null

2024-11-12 18:00:10 - [TEST_STEP][PASSED] - pages.WriteExcel.demoKey(resText, datText, resColumn, datCloumn, fileLoc, nameSheet, row): pages.WriteExcel.demoKey is PASSED

2024-11-12 18:00:10 - [MESSAGE][PASSED] - pages.WriteExcel.demoKey is PASSED

2024-11-12 18:00:10 - [TEST_STEP][PASSED] - ExecuteTC = findTestData(dataFile).getValue("Execute", row): null

2024-11-12 18:00:10 - [TEST_STEP][PASSED] - Taxtype = findTestData(dataFile).getValue("TaxType", row): null

2024-11-12 18:00:10 - [TEST_STEP][PASSED] - Paymenttype = findTestData(dataFile).getValue("PaymentType", row): null

2024-11-12 18:00:10 - [TEST_STEP][PASSED] - out.println("Value of Execute is : " + ExecuteTC): null

2024-11-12 18:00:10 - [TEST_STEP][PASSED] - if (ExecuteTC.equalsIgnoreCase("Y")): null

2024-11-12 18:00:10 - [TEST_STEP][PASSED] - out.println("Begin Record Number: " + row): null

2024-11-12 18:00:10 - [TEST_STEP][PASSED] - today = new java.util.Date(): null

2024-11-12 18:00:10 - [TEST_STEP][PASSED] - println(today): null

2024-11-12 18:00:10 - [TEST_STEP][PASSED] - datText = today: null

2024-11-12 18:00:10 - [TEST_STEP][PASSED] - Taxtype = findTestData(dataFile).getValue("TaxType", row): null

2024-11-12 18:00:11 - [TEST_STEP][PASSED] - out.println("Taxtype value is : " + Taxtype): null

2024-11-12 18:00:11 - [TEST_STEP][PASSED] - openBrowser(""): Browser is opened with url: ''

2024-11-12 18:00:11 - [MESSAGE][WARNING] - A browser is already opened. Closing browser and opening a new one

2024-11-12 18:00:12 - [MESSAGE][INFO] - Starting 'Chrome' driver

2024-11-12 18:00:12 - [MESSAGE][INFO] - User set preference: ['acceptInsecureCerts', 'true']

2024-11-12 18:00:12 - [MESSAGE][INFO] - Action delay is set to 0 milliseconds

2024-11-12 18:00:13 - [MESSAGE][PASSED] - Browser is opened with url: ''

2024-11-12 18:00:13 - [TEST_STEP][PASSED] - maximizeWindow(): Current window maximized

2024-11-12 18:00:13 - [MESSAGE][PASSED] - Current window maximized

2024-11-12 18:00:13 - [TEST_STEP][PASSED] - navigateToUrl(RADurl): Navigate to 'https://www.velocitypayment.com/client/rad/index.html' successfully

2024-11-12 18:00:15 - [MESSAGE][PASSED] - Navigate to 'https://www.velocitypayment.com/client/rad/index.html' successfully

2024-11-12 18:00:15 - [TEST_STEP][PASSED] - orPath_Landing = "Object Repository/RAD_Pages/Landing_Page": null

2024-11-12 18:00:15 - [TEST_STEP][PASSED] - orPath_TaxTypeFilingYear = "Object Repository/RAD_Pages/TaxTypeFilingYear_Page": null

2024-11-12 18:00:15 - [TEST_STEP][PASSED] - orPath_TaxPayer = "Object Repository/RAD_Pages/Taxpayer_Page": null

2024-11-12 18:00:15 - [TEST_STEP][PASSED] - orPath_AddressContact = "Object Repository/RAD_Pages/AddressAndContactInfo_Page": null

2024-11-12 18:00:15 - [TEST_STEP][PASSED] - orPath_FilingStatus = "Object Repository/RAD_Pages/FilingStatus_Page": null

2024-11-12 18:00:15 - [TEST_STEP][PASSED] - orPath_Amount = "Object Repository/RAD_Pages/PaymentAmount_Page": null

2024-11-12 18:00:15 - [TEST_STEP][PASSED] - selectOptionByLabel(findTestObject(orPath_Landing + "/dd_TaxType"), Paymenttype, false): All options with label 'New Tax Return Amount Due' are selected in object 'Object Repository/RAD_Pages/Landing_Page/dd_TaxType' 

2024-11-12 18:00:16 - [MESSAGE][PASSED] - All options with label 'New Tax Return Amount Due' are selected in object 'Object Repository/RAD_Pages/Landing_Page/dd_TaxType' 

2024-11-12 18:00:16 - [TEST_STEP][PASSED] - delay(1): Delayed 1 second(s)

2024-11-12 18:00:17 - [MESSAGE][PASSED] - Delayed 1 second(s)

2024-11-12 18:00:17 - [TEST_STEP][PASSED] - switch (Paymenttype): null

2024-11-12 18:00:17 - [TEST_STEP][PASSED] - case "New Tax Return Amount Due":: null

2024-11-12 18:00:17 - [TEST_STEP][PASSED] - selectOptionByLabel(findTestObject("Object Repository/RAD_Pages/Landing_Page/select_NewTaxReturnAmountDue_TaxType"), Taxtype, false): All options with label 'Admissions and Amusement Tax' are selected in object 'Object Repository/RAD_Pages/Landing_Page/select_NewTaxReturnAmountDue_TaxType' 

2024-11-12 18:00:18 - [MESSAGE][PASSED] - All options with label 'Admissions and Amusement Tax' are selected in object 'Object Repository/RAD_Pages/Landing_Page/select_NewTaxReturnAmountDue_TaxType' 

2024-11-12 18:00:18 - [TEST_STEP][PASSED] - break: null

2024-11-12 18:00:18 - [TEST_STEP][PASSED] - delay(1): Delayed 1 second(s)

2024-11-12 18:00:19 - [MESSAGE][PASSED] - Delayed 1 second(s)

2024-11-12 18:00:19 - [TEST_STEP][PASSED] - scrollToElement(findTestObject(orPath_Amount + "/input__paymentAmount"), 3): Scroll to object 'Object Repository/RAD_Pages/PaymentAmount_Page/input__paymentAmount' successfully

2024-11-12 18:00:19 - [MESSAGE][PASSED] - Scroll to object 'Object Repository/RAD_Pages/PaymentAmount_Page/input__paymentAmount' successfully

2024-11-12 18:00:19 - [TEST_STEP][PASSED] - setText(findTestObject(orPath_AddressContact + "/input_eMailAddress"), "imtiazster@gmail.com"): Text 'imtiazster@gmail.com' is set on object 'Object Repository/RAD_Pages/AddressAndContactInfo_Page/input_eMailAddress'

2024-11-12 18:00:20 - [MESSAGE][PASSED] - Text 'imtiazster@gmail.com' is set on object 'Object Repository/RAD_Pages/AddressAndContactInfo_Page/input_eMailAddress'

2024-11-12 18:00:20 - [TEST_STEP][PASSED] - setText(findTestObject(orPath_AddressContact + "/input_reEnterEMailAddress"), "iahmed@govolution.com"): Text 'iahmed@govolution.com' is set on object 'Object Repository/RAD_Pages/AddressAndContactInfo_Page/input_reEnterEMailAddress'

2024-11-12 18:00:21 - [MESSAGE][PASSED] - Text 'iahmed@govolution.com' is set on object 'Object Repository/RAD_Pages/AddressAndContactInfo_Page/input_reEnterEMailAddress'

2024-11-12 18:00:21 - [TEST_STEP][PASSED] - delay(2): Delayed 2 second(s)

2024-11-12 18:00:23 - [MESSAGE][PASSED] - Delayed 2 second(s)

2024-11-12 18:00:23 - [TEST_STEP][PASSED] - if (verifyTextPresent("The Email and Re-enter email do not match", true)): null

2024-11-12 18:00:23 - [MESSAGE][PASSED] - Text 'The Email and Re-enter email do not match' is present on page  using regular expression

2024-11-12 18:00:23 - [TEST_STEP][PASSED] - println("Emails Dont match text is present"): null

2024-11-12 18:00:23 - [TEST_STEP][PASSED] - out.println("Pass Record Number: " + row): null

2024-11-12 18:00:23 - [TEST_STEP][PASSED] - resText = "Pass": null

2024-11-12 18:00:23 - [TEST_STEP][PASSED] - pages.WriteExcel.demoKey(resText, datText, resColumn, datCloumn, fileLoc, nameSheet, row): pages.WriteExcel.demoKey is PASSED

2024-11-12 18:00:23 - [MESSAGE][PASSED] - pages.WriteExcel.demoKey is PASSED

2024-11-12 18:00:23 - [TEST_STEP][PASSED] - ExecuteTC = findTestData(dataFile).getValue("Execute", row): null

2024-11-12 18:00:23 - [TEST_STEP][PASSED] - Taxtype = findTestData(dataFile).getValue("TaxType", row): null

2024-11-12 18:00:23 - [TEST_STEP][PASSED] - Paymenttype = findTestData(dataFile).getValue("PaymentType", row): null

2024-11-12 18:00:23 - [TEST_STEP][PASSED] - out.println("Value of Execute is : " + ExecuteTC): null

2024-11-12 18:00:23 - [TEST_STEP][PASSED] - if (ExecuteTC.equalsIgnoreCase("Y")): null

2024-11-12 18:00:23 - [TEST_STEP][PASSED] - out.println("Begin Record Number: " + row): null

2024-11-12 18:00:23 - [TEST_STEP][PASSED] - today = new java.util.Date(): null

2024-11-12 18:00:23 - [TEST_STEP][PASSED] - println(today): null

2024-11-12 18:00:23 - [TEST_STEP][PASSED] - datText = today: null

2024-11-12 18:00:23 - [TEST_STEP][PASSED] - Taxtype = findTestData(dataFile).getValue("TaxType", row): null

2024-11-12 18:00:23 - [TEST_STEP][PASSED] - out.println("Taxtype value is : " + Taxtype): null

2024-11-12 18:00:23 - [TEST_STEP][PASSED] - openBrowser(""): Browser is opened with url: ''

2024-11-12 18:00:23 - [MESSAGE][WARNING] - A browser is already opened. Closing browser and opening a new one

2024-11-12 18:00:25 - [MESSAGE][INFO] - Starting 'Chrome' driver

2024-11-12 18:00:25 - [MESSAGE][INFO] - User set preference: ['acceptInsecureCerts', 'true']

2024-11-12 18:00:25 - [MESSAGE][INFO] - Action delay is set to 0 milliseconds

2024-11-12 18:00:26 - [MESSAGE][PASSED] - Browser is opened with url: ''

2024-11-12 18:00:26 - [TEST_STEP][PASSED] - maximizeWindow(): Current window maximized

2024-11-12 18:00:26 - [MESSAGE][PASSED] - Current window maximized

2024-11-12 18:00:26 - [TEST_STEP][PASSED] - navigateToUrl(RADurl): Navigate to 'https://www.velocitypayment.com/client/rad/index.html' successfully

2024-11-12 18:00:28 - [MESSAGE][PASSED] - Navigate to 'https://www.velocitypayment.com/client/rad/index.html' successfully

2024-11-12 18:00:28 - [TEST_STEP][PASSED] - orPath_Landing = "Object Repository/RAD_Pages/Landing_Page": null

2024-11-12 18:00:28 - [TEST_STEP][PASSED] - orPath_TaxTypeFilingYear = "Object Repository/RAD_Pages/TaxTypeFilingYear_Page": null

2024-11-12 18:00:28 - [TEST_STEP][PASSED] - orPath_TaxPayer = "Object Repository/RAD_Pages/Taxpayer_Page": null

2024-11-12 18:00:28 - [TEST_STEP][PASSED] - orPath_AddressContact = "Object Repository/RAD_Pages/AddressAndContactInfo_Page": null

2024-11-12 18:00:28 - [TEST_STEP][PASSED] - orPath_FilingStatus = "Object Repository/RAD_Pages/FilingStatus_Page": null

2024-11-12 18:00:28 - [TEST_STEP][PASSED] - orPath_Amount = "Object Repository/RAD_Pages/PaymentAmount_Page": null

2024-11-12 18:00:28 - [TEST_STEP][PASSED] - selectOptionByLabel(findTestObject(orPath_Landing + "/dd_TaxType"), Paymenttype, false): All options with label 'New Tax Return Amount Due' are selected in object 'Object Repository/RAD_Pages/Landing_Page/dd_TaxType' 

2024-11-12 18:00:29 - [MESSAGE][PASSED] - All options with label 'New Tax Return Amount Due' are selected in object 'Object Repository/RAD_Pages/Landing_Page/dd_TaxType' 

2024-11-12 18:00:29 - [TEST_STEP][PASSED] - delay(1): Delayed 1 second(s)

2024-11-12 18:00:30 - [MESSAGE][PASSED] - Delayed 1 second(s)

2024-11-12 18:00:30 - [TEST_STEP][PASSED] - switch (Paymenttype): null

2024-11-12 18:00:30 - [TEST_STEP][PASSED] - case "New Tax Return Amount Due":: null

2024-11-12 18:00:30 - [TEST_STEP][PASSED] - selectOptionByLabel(findTestObject("Object Repository/RAD_Pages/Landing_Page/select_NewTaxReturnAmountDue_TaxType"), Taxtype, false): All options with label 'Alcohol Tax' are selected in object 'Object Repository/RAD_Pages/Landing_Page/select_NewTaxReturnAmountDue_TaxType' 

2024-11-12 18:00:31 - [MESSAGE][PASSED] - All options with label 'Alcohol Tax' are selected in object 'Object Repository/RAD_Pages/Landing_Page/select_NewTaxReturnAmountDue_TaxType' 

2024-11-12 18:00:31 - [TEST_STEP][PASSED] - break: null

2024-11-12 18:00:31 - [TEST_STEP][PASSED] - delay(1): Delayed 1 second(s)

2024-11-12 18:00:32 - [MESSAGE][PASSED] - Delayed 1 second(s)

2024-11-12 18:00:32 - [TEST_STEP][PASSED] - scrollToElement(findTestObject(orPath_Amount + "/input__paymentAmount"), 3): Scroll to object 'Object Repository/RAD_Pages/PaymentAmount_Page/input__paymentAmount' successfully

2024-11-12 18:00:32 - [MESSAGE][PASSED] - Scroll to object 'Object Repository/RAD_Pages/PaymentAmount_Page/input__paymentAmount' successfully

2024-11-12 18:00:32 - [TEST_STEP][PASSED] - setText(findTestObject(orPath_AddressContact + "/input_eMailAddress"), "imtiazster@gmail.com"): Text 'imtiazster@gmail.com' is set on object 'Object Repository/RAD_Pages/AddressAndContactInfo_Page/input_eMailAddress'

2024-11-12 18:00:33 - [MESSAGE][PASSED] - Text 'imtiazster@gmail.com' is set on object 'Object Repository/RAD_Pages/AddressAndContactInfo_Page/input_eMailAddress'

2024-11-12 18:00:33 - [TEST_STEP][PASSED] - setText(findTestObject(orPath_AddressContact + "/input_reEnterEMailAddress"), "iahmed@govolution.com"): Text 'iahmed@govolution.com' is set on object 'Object Repository/RAD_Pages/AddressAndContactInfo_Page/input_reEnterEMailAddress'

2024-11-12 18:00:34 - [MESSAGE][PASSED] - Text 'iahmed@govolution.com' is set on object 'Object Repository/RAD_Pages/AddressAndContactInfo_Page/input_reEnterEMailAddress'

2024-11-12 18:00:34 - [TEST_STEP][PASSED] - delay(2): Delayed 2 second(s)

2024-11-12 18:00:36 - [MESSAGE][PASSED] - Delayed 2 second(s)

2024-11-12 18:00:36 - [TEST_STEP][PASSED] - if (verifyTextPresent("The Email and Re-enter email do not match", true)): null

2024-11-12 18:00:36 - [MESSAGE][PASSED] - Text 'The Email and Re-enter email do not match' is present on page  using regular expression

2024-11-12 18:00:36 - [TEST_STEP][PASSED] - println("Emails Dont match text is present"): null

2024-11-12 18:00:36 - [TEST_STEP][PASSED] - out.println("Pass Record Number: " + row): null

2024-11-12 18:00:36 - [TEST_STEP][PASSED] - resText = "Pass": null

2024-11-12 18:00:36 - [TEST_STEP][PASSED] - pages.WriteExcel.demoKey(resText, datText, resColumn, datCloumn, fileLoc, nameSheet, row): pages.WriteExcel.demoKey is PASSED

2024-11-12 18:00:36 - [MESSAGE][PASSED] - pages.WriteExcel.demoKey is PASSED

2024-11-12 18:00:36 - [TEST_STEP][PASSED] - ExecuteTC = findTestData(dataFile).getValue("Execute", row): null

2024-11-12 18:00:36 - [TEST_STEP][PASSED] - Taxtype = findTestData(dataFile).getValue("TaxType", row): null

2024-11-12 18:00:37 - [TEST_STEP][PASSED] - Paymenttype = findTestData(dataFile).getValue("PaymentType", row): null

2024-11-12 18:00:37 - [TEST_STEP][PASSED] - out.println("Value of Execute is : " + ExecuteTC): null

2024-11-12 18:00:37 - [TEST_STEP][PASSED] - if (ExecuteTC.equalsIgnoreCase("Y")): null

2024-11-12 18:00:37 - [TEST_STEP][PASSED] - out.println("Begin Record Number: " + row): null

2024-11-12 18:00:37 - [TEST_STEP][PASSED] - today = new java.util.Date(): null

2024-11-12 18:00:37 - [TEST_STEP][PASSED] - println(today): null

2024-11-12 18:00:37 - [TEST_STEP][PASSED] - datText = today: null

2024-11-12 18:00:37 - [TEST_STEP][PASSED] - Taxtype = findTestData(dataFile).getValue("TaxType", row): null

2024-11-12 18:00:37 - [TEST_STEP][PASSED] - out.println("Taxtype value is : " + Taxtype): null

2024-11-12 18:00:37 - [TEST_STEP][PASSED] - openBrowser(""): Browser is opened with url: ''

2024-11-12 18:00:37 - [MESSAGE][WARNING] - A browser is already opened. Closing browser and opening a new one

2024-11-12 18:00:40 - [MESSAGE][INFO] - Starting 'Chrome' driver

2024-11-12 18:00:40 - [MESSAGE][INFO] - User set preference: ['acceptInsecureCerts', 'true']

2024-11-12 18:00:40 - [MESSAGE][INFO] - Action delay is set to 0 milliseconds

2024-11-12 18:00:42 - [MESSAGE][PASSED] - Browser is opened with url: ''

2024-11-12 18:00:42 - [TEST_STEP][PASSED] - maximizeWindow(): Current window maximized

2024-11-12 18:00:42 - [MESSAGE][PASSED] - Current window maximized

2024-11-12 18:00:42 - [TEST_STEP][PASSED] - navigateToUrl(RADurl): Navigate to 'https://www.velocitypayment.com/client/rad/index.html' successfully

2024-11-12 18:00:44 - [MESSAGE][PASSED] - Navigate to 'https://www.velocitypayment.com/client/rad/index.html' successfully

2024-11-12 18:00:44 - [TEST_STEP][PASSED] - orPath_Landing = "Object Repository/RAD_Pages/Landing_Page": null

2024-11-12 18:00:44 - [TEST_STEP][PASSED] - orPath_TaxTypeFilingYear = "Object Repository/RAD_Pages/TaxTypeFilingYear_Page": null

2024-11-12 18:00:44 - [TEST_STEP][PASSED] - orPath_TaxPayer = "Object Repository/RAD_Pages/Taxpayer_Page": null

2024-11-12 18:00:44 - [TEST_STEP][PASSED] - orPath_AddressContact = "Object Repository/RAD_Pages/AddressAndContactInfo_Page": null

2024-11-12 18:00:44 - [TEST_STEP][PASSED] - orPath_FilingStatus = "Object Repository/RAD_Pages/FilingStatus_Page": null

2024-11-12 18:00:44 - [TEST_STEP][PASSED] - orPath_Amount = "Object Repository/RAD_Pages/PaymentAmount_Page": null

2024-11-12 18:00:44 - [TEST_STEP][PASSED] - selectOptionByLabel(findTestObject(orPath_Landing + "/dd_TaxType"), Paymenttype, false): All options with label 'New Tax Return Amount Due' are selected in object 'Object Repository/RAD_Pages/Landing_Page/dd_TaxType' 

2024-11-12 18:00:44 - [MESSAGE][PASSED] - All options with label 'New Tax Return Amount Due' are selected in object 'Object Repository/RAD_Pages/Landing_Page/dd_TaxType' 

2024-11-12 18:00:44 - [TEST_STEP][PASSED] - delay(1): Delayed 1 second(s)

2024-11-12 18:00:45 - [MESSAGE][PASSED] - Delayed 1 second(s)

2024-11-12 18:00:45 - [TEST_STEP][PASSED] - switch (Paymenttype): null

2024-11-12 18:00:45 - [TEST_STEP][PASSED] - case "New Tax Return Amount Due":: null

2024-11-12 18:00:45 - [TEST_STEP][PASSED] - selectOptionByLabel(findTestObject("Object Repository/RAD_Pages/Landing_Page/select_NewTaxReturnAmountDue_TaxType"), Taxtype, false): All options with label 'Bay Restoration Fee' are selected in object 'Object Repository/RAD_Pages/Landing_Page/select_NewTaxReturnAmountDue_TaxType' 

2024-11-12 18:00:46 - [MESSAGE][PASSED] - All options with label 'Bay Restoration Fee' are selected in object 'Object Repository/RAD_Pages/Landing_Page/select_NewTaxReturnAmountDue_TaxType' 

2024-11-12 18:00:46 - [TEST_STEP][PASSED] - break: null

2024-11-12 18:00:46 - [TEST_STEP][PASSED] - delay(1): Delayed 1 second(s)

2024-11-12 18:00:47 - [MESSAGE][PASSED] - Delayed 1 second(s)

2024-11-12 18:00:47 - [TEST_STEP][PASSED] - scrollToElement(findTestObject(orPath_Amount + "/input__paymentAmount"), 3): Scroll to object 'Object Repository/RAD_Pages/PaymentAmount_Page/input__paymentAmount' successfully

2024-11-12 18:00:47 - [MESSAGE][PASSED] - Scroll to object 'Object Repository/RAD_Pages/PaymentAmount_Page/input__paymentAmount' successfully

2024-11-12 18:00:47 - [TEST_STEP][PASSED] - setText(findTestObject(orPath_AddressContact + "/input_eMailAddress"), "imtiazster@gmail.com"): Text 'imtiazster@gmail.com' is set on object 'Object Repository/RAD_Pages/AddressAndContactInfo_Page/input_eMailAddress'

2024-11-12 18:00:49 - [MESSAGE][PASSED] - Text 'imtiazster@gmail.com' is set on object 'Object Repository/RAD_Pages/AddressAndContactInfo_Page/input_eMailAddress'

2024-11-12 18:00:49 - [TEST_STEP][PASSED] - setText(findTestObject(orPath_AddressContact + "/input_reEnterEMailAddress"), "iahmed@govolution.com"): Text 'iahmed@govolution.com' is set on object 'Object Repository/RAD_Pages/AddressAndContactInfo_Page/input_reEnterEMailAddress'

2024-11-12 18:00:49 - [MESSAGE][PASSED] - Text 'iahmed@govolution.com' is set on object 'Object Repository/RAD_Pages/AddressAndContactInfo_Page/input_reEnterEMailAddress'

2024-11-12 18:00:49 - [TEST_STEP][PASSED] - delay(2): Delayed 2 second(s)

2024-11-12 18:00:51 - [MESSAGE][PASSED] - Delayed 2 second(s)

2024-11-12 18:00:51 - [TEST_STEP][PASSED] - if (verifyTextPresent("The Email and Re-enter email do not match", true)): null

2024-11-12 18:00:52 - [MESSAGE][PASSED] - Text 'The Email and Re-enter email do not match' is present on page  using regular expression

2024-11-12 18:00:52 - [TEST_STEP][PASSED] - println("Emails Dont match text is present"): null

2024-11-12 18:00:52 - [TEST_STEP][PASSED] - out.println("Pass Record Number: " + row): null

2024-11-12 18:00:52 - [TEST_STEP][PASSED] - resText = "Pass": null

2024-11-12 18:00:52 - [TEST_STEP][PASSED] - pages.WriteExcel.demoKey(resText, datText, resColumn, datCloumn, fileLoc, nameSheet, row): pages.WriteExcel.demoKey is PASSED

2024-11-12 18:00:52 - [MESSAGE][PASSED] - pages.WriteExcel.demoKey is PASSED

2024-11-12 18:00:52 - [TEST_STEP][PASSED] - ExecuteTC = findTestData(dataFile).getValue("Execute", row): null

2024-11-12 18:00:52 - [TEST_STEP][PASSED] - Taxtype = findTestData(dataFile).getValue("TaxType", row): null

2024-11-12 18:00:52 - [TEST_STEP][PASSED] - Paymenttype = findTestData(dataFile).getValue("PaymentType", row): null

2024-11-12 18:00:52 - [TEST_STEP][PASSED] - out.println("Value of Execute is : " + ExecuteTC): null

2024-11-12 18:00:52 - [TEST_STEP][PASSED] - if (ExecuteTC.equalsIgnoreCase("Y")): null

2024-11-12 18:00:52 - [TEST_STEP][PASSED] - out.println("Begin Record Number: " + row): null

2024-11-12 18:00:52 - [TEST_STEP][PASSED] - today = new java.util.Date(): null

2024-11-12 18:00:52 - [TEST_STEP][PASSED] - println(today): null

2024-11-12 18:00:52 - [TEST_STEP][PASSED] - datText = today: null

2024-11-12 18:00:52 - [TEST_STEP][PASSED] - Taxtype = findTestData(dataFile).getValue("TaxType", row): null

2024-11-12 18:00:52 - [TEST_STEP][PASSED] - out.println("Taxtype value is : " + Taxtype): null

2024-11-12 18:00:52 - [TEST_STEP][PASSED] - openBrowser(""): Browser is opened with url: ''

2024-11-12 18:00:52 - [MESSAGE][WARNING] - A browser is already opened. Closing browser and opening a new one

2024-11-12 18:00:53 - [MESSAGE][INFO] - Starting 'Chrome' driver

2024-11-12 18:00:53 - [MESSAGE][INFO] - User set preference: ['acceptInsecureCerts', 'true']

2024-11-12 18:00:53 - [MESSAGE][INFO] - Action delay is set to 0 milliseconds

2024-11-12 18:00:55 - [MESSAGE][PASSED] - Browser is opened with url: ''

2024-11-12 18:00:55 - [TEST_STEP][PASSED] - maximizeWindow(): Current window maximized

2024-11-12 18:00:55 - [MESSAGE][PASSED] - Current window maximized

2024-11-12 18:00:55 - [TEST_STEP][PASSED] - navigateToUrl(RADurl): Navigate to 'https://www.velocitypayment.com/client/rad/index.html' successfully

2024-11-12 18:00:57 - [MESSAGE][PASSED] - Navigate to 'https://www.velocitypayment.com/client/rad/index.html' successfully

2024-11-12 18:00:57 - [TEST_STEP][PASSED] - orPath_Landing = "Object Repository/RAD_Pages/Landing_Page": null

2024-11-12 18:00:57 - [TEST_STEP][PASSED] - orPath_TaxTypeFilingYear = "Object Repository/RAD_Pages/TaxTypeFilingYear_Page": null

2024-11-12 18:00:57 - [TEST_STEP][PASSED] - orPath_TaxPayer = "Object Repository/RAD_Pages/Taxpayer_Page": null

2024-11-12 18:00:57 - [TEST_STEP][PASSED] - orPath_AddressContact = "Object Repository/RAD_Pages/AddressAndContactInfo_Page": null

2024-11-12 18:00:57 - [TEST_STEP][PASSED] - orPath_FilingStatus = "Object Repository/RAD_Pages/FilingStatus_Page": null

2024-11-12 18:00:57 - [TEST_STEP][PASSED] - orPath_Amount = "Object Repository/RAD_Pages/PaymentAmount_Page": null

2024-11-12 18:00:57 - [TEST_STEP][PASSED] - selectOptionByLabel(findTestObject(orPath_Landing + "/dd_TaxType"), Paymenttype, false): All options with label 'New Tax Return Amount Due' are selected in object 'Object Repository/RAD_Pages/Landing_Page/dd_TaxType' 

2024-11-12 18:00:58 - [MESSAGE][PASSED] - All options with label 'New Tax Return Amount Due' are selected in object 'Object Repository/RAD_Pages/Landing_Page/dd_TaxType' 

2024-11-12 18:00:58 - [TEST_STEP][PASSED] - delay(1): Delayed 1 second(s)

2024-11-12 18:00:59 - [MESSAGE][PASSED] - Delayed 1 second(s)

2024-11-12 18:00:59 - [TEST_STEP][PASSED] - switch (Paymenttype): null

2024-11-12 18:00:59 - [TEST_STEP][PASSED] - case "New Tax Return Amount Due":: null

2024-11-12 18:00:59 - [TEST_STEP][PASSED] - selectOptionByLabel(findTestObject("Object Repository/RAD_Pages/Landing_Page/select_NewTaxReturnAmountDue_TaxType"), Taxtype, false): All options with label 'Corporate Income Tax' are selected in object 'Object Repository/RAD_Pages/Landing_Page/select_NewTaxReturnAmountDue_TaxType' 

2024-11-12 18:01:00 - [MESSAGE][PASSED] - All options with label 'Corporate Income Tax' are selected in object 'Object Repository/RAD_Pages/Landing_Page/select_NewTaxReturnAmountDue_TaxType' 

2024-11-12 18:01:00 - [TEST_STEP][PASSED] - break: null

2024-11-12 18:01:00 - [TEST_STEP][PASSED] - delay(1): Delayed 1 second(s)

2024-11-12 18:01:01 - [MESSAGE][PASSED] - Delayed 1 second(s)

2024-11-12 18:01:01 - [TEST_STEP][PASSED] - scrollToElement(findTestObject(orPath_Amount + "/input__paymentAmount"), 3): Scroll to object 'Object Repository/RAD_Pages/PaymentAmount_Page/input__paymentAmount' successfully

2024-11-12 18:01:01 - [MESSAGE][PASSED] - Scroll to object 'Object Repository/RAD_Pages/PaymentAmount_Page/input__paymentAmount' successfully

2024-11-12 18:01:01 - [TEST_STEP][PASSED] - setText(findTestObject(orPath_AddressContact + "/input_eMailAddress"), "imtiazster@gmail.com"): Text 'imtiazster@gmail.com' is set on object 'Object Repository/RAD_Pages/AddressAndContactInfo_Page/input_eMailAddress'

2024-11-12 18:01:02 - [MESSAGE][PASSED] - Text 'imtiazster@gmail.com' is set on object 'Object Repository/RAD_Pages/AddressAndContactInfo_Page/input_eMailAddress'

2024-11-12 18:01:02 - [TEST_STEP][PASSED] - setText(findTestObject(orPath_AddressContact + "/input_reEnterEMailAddress"), "iahmed@govolution.com"): Text 'iahmed@govolution.com' is set on object 'Object Repository/RAD_Pages/AddressAndContactInfo_Page/input_reEnterEMailAddress'

2024-11-12 18:01:03 - [MESSAGE][PASSED] - Text 'iahmed@govolution.com' is set on object 'Object Repository/RAD_Pages/AddressAndContactInfo_Page/input_reEnterEMailAddress'

2024-11-12 18:01:03 - [TEST_STEP][PASSED] - delay(2): Delayed 2 second(s)

2024-11-12 18:01:05 - [MESSAGE][PASSED] - Delayed 2 second(s)

2024-11-12 18:01:05 - [TEST_STEP][PASSED] - if (verifyTextPresent("The Email and Re-enter email do not match", true)): null

2024-11-12 18:01:05 - [MESSAGE][PASSED] - Text 'The Email and Re-enter email do not match' is present on page  using regular expression

2024-11-12 18:01:05 - [TEST_STEP][PASSED] - println("Emails Dont match text is present"): null

2024-11-12 18:01:05 - [TEST_STEP][PASSED] - out.println("Pass Record Number: " + row): null

2024-11-12 18:01:05 - [TEST_STEP][PASSED] - resText = "Pass": null

2024-11-12 18:01:05 - [TEST_STEP][PASSED] - pages.WriteExcel.demoKey(resText, datText, resColumn, datCloumn, fileLoc, nameSheet, row): pages.WriteExcel.demoKey is PASSED

2024-11-12 18:01:05 - [MESSAGE][PASSED] - pages.WriteExcel.demoKey is PASSED

2024-11-12 18:01:05 - [TEST_STEP][PASSED] - ExecuteTC = findTestData(dataFile).getValue("Execute", row): null

2024-11-12 18:01:05 - [TEST_STEP][PASSED] - Taxtype = findTestData(dataFile).getValue("TaxType", row): null

2024-11-12 18:01:05 - [TEST_STEP][PASSED] - Paymenttype = findTestData(dataFile).getValue("PaymentType", row): null

2024-11-12 18:01:05 - [TEST_STEP][PASSED] - out.println("Value of Execute is : " + ExecuteTC): null

2024-11-12 18:01:05 - [TEST_STEP][PASSED] - if (ExecuteTC.equalsIgnoreCase("Y")): null

2024-11-12 18:01:05 - [TEST_STEP][PASSED] - ExecuteTC = findTestData(dataFile).getValue("Execute", row): null

2024-11-12 18:01:06 - [TEST_STEP][PASSED] - Taxtype = findTestData(dataFile).getValue("TaxType", row): null

2024-11-12 18:01:06 - [TEST_STEP][PASSED] - Paymenttype = findTestData(dataFile).getValue("PaymentType", row): null

2024-11-12 18:01:06 - [TEST_STEP][PASSED] - out.println("Value of Execute is : " + ExecuteTC): null

2024-11-12 18:01:06 - [TEST_STEP][PASSED] - if (ExecuteTC.equalsIgnoreCase("Y")): null

2024-11-12 18:01:06 - [TEST_STEP][PASSED] - out.println("Begin Record Number: " + row): null

2024-11-12 18:01:06 - [TEST_STEP][PASSED] - today = new java.util.Date(): null

2024-11-12 18:01:06 - [TEST_STEP][PASSED] - println(today): null

2024-11-12 18:01:06 - [TEST_STEP][PASSED] - datText = today: null

2024-11-12 18:01:06 - [TEST_STEP][PASSED] - Taxtype = findTestData(dataFile).getValue("TaxType", row): null

2024-11-12 18:01:06 - [TEST_STEP][PASSED] - out.println("Taxtype value is : " + Taxtype): null

2024-11-12 18:01:06 - [TEST_STEP][PASSED] - openBrowser(""): Browser is opened with url: ''

2024-11-12 18:01:06 - [MESSAGE][WARNING] - A browser is already opened. Closing browser and opening a new one

2024-11-12 18:01:08 - [MESSAGE][INFO] - Starting 'Chrome' driver

2024-11-12 18:01:08 - [MESSAGE][INFO] - User set preference: ['acceptInsecureCerts', 'true']

2024-11-12 18:01:08 - [MESSAGE][INFO] - Action delay is set to 0 milliseconds

2024-11-12 18:01:09 - [MESSAGE][PASSED] - Browser is opened with url: ''

2024-11-12 18:01:09 - [TEST_STEP][PASSED] - maximizeWindow(): Current window maximized

2024-11-12 18:01:09 - [MESSAGE][PASSED] - Current window maximized

2024-11-12 18:01:09 - [TEST_STEP][PASSED] - navigateToUrl(RADurl): Navigate to 'https://www.velocitypayment.com/client/rad/index.html' successfully

2024-11-12 18:01:11 - [MESSAGE][PASSED] - Navigate to 'https://www.velocitypayment.com/client/rad/index.html' successfully

2024-11-12 18:01:11 - [TEST_STEP][PASSED] - orPath_Landing = "Object Repository/RAD_Pages/Landing_Page": null

2024-11-12 18:01:11 - [TEST_STEP][PASSED] - orPath_TaxTypeFilingYear = "Object Repository/RAD_Pages/TaxTypeFilingYear_Page": null

2024-11-12 18:01:11 - [TEST_STEP][PASSED] - orPath_TaxPayer = "Object Repository/RAD_Pages/Taxpayer_Page": null

2024-11-12 18:01:11 - [TEST_STEP][PASSED] - orPath_AddressContact = "Object Repository/RAD_Pages/AddressAndContactInfo_Page": null

2024-11-12 18:01:11 - [TEST_STEP][PASSED] - orPath_FilingStatus = "Object Repository/RAD_Pages/FilingStatus_Page": null

2024-11-12 18:01:11 - [TEST_STEP][PASSED] - orPath_Amount = "Object Repository/RAD_Pages/PaymentAmount_Page": null

2024-11-12 18:01:11 - [TEST_STEP][PASSED] - selectOptionByLabel(findTestObject(orPath_Landing + "/dd_TaxType"), Paymenttype, false): All options with label 'New Tax Return Amount Due' are selected in object 'Object Repository/RAD_Pages/Landing_Page/dd_TaxType' 

2024-11-12 18:01:12 - [MESSAGE][PASSED] - All options with label 'New Tax Return Amount Due' are selected in object 'Object Repository/RAD_Pages/Landing_Page/dd_TaxType' 

2024-11-12 18:01:12 - [TEST_STEP][PASSED] - delay(1): Delayed 1 second(s)

2024-11-12 18:01:13 - [MESSAGE][PASSED] - Delayed 1 second(s)

2024-11-12 18:01:13 - [TEST_STEP][PASSED] - switch (Paymenttype): null

2024-11-12 18:01:13 - [TEST_STEP][PASSED] - case "New Tax Return Amount Due":: null

2024-11-12 18:01:13 - [TEST_STEP][PASSED] - selectOptionByLabel(findTestObject("Object Repository/RAD_Pages/Landing_Page/select_NewTaxReturnAmountDue_TaxType"), Taxtype, false): All options with label 'Motor Fuel Tax' are selected in object 'Object Repository/RAD_Pages/Landing_Page/select_NewTaxReturnAmountDue_TaxType' 

2024-11-12 18:01:14 - [MESSAGE][PASSED] - All options with label 'Motor Fuel Tax' are selected in object 'Object Repository/RAD_Pages/Landing_Page/select_NewTaxReturnAmountDue_TaxType' 

2024-11-12 18:01:14 - [TEST_STEP][PASSED] - break: null

2024-11-12 18:01:14 - [TEST_STEP][PASSED] - delay(1): Delayed 1 second(s)

2024-11-12 18:01:15 - [MESSAGE][PASSED] - Delayed 1 second(s)

2024-11-12 18:01:15 - [TEST_STEP][PASSED] - scrollToElement(findTestObject(orPath_Amount + "/input__paymentAmount"), 3): Scroll to object 'Object Repository/RAD_Pages/PaymentAmount_Page/input__paymentAmount' successfully

2024-11-12 18:01:15 - [MESSAGE][PASSED] - Scroll to object 'Object Repository/RAD_Pages/PaymentAmount_Page/input__paymentAmount' successfully

2024-11-12 18:01:15 - [TEST_STEP][PASSED] - setText(findTestObject(orPath_AddressContact + "/input_eMailAddress"), "imtiazster@gmail.com"): Text 'imtiazster@gmail.com' is set on object 'Object Repository/RAD_Pages/AddressAndContactInfo_Page/input_eMailAddress'

2024-11-12 18:01:16 - [MESSAGE][PASSED] - Text 'imtiazster@gmail.com' is set on object 'Object Repository/RAD_Pages/AddressAndContactInfo_Page/input_eMailAddress'

2024-11-12 18:01:16 - [TEST_STEP][PASSED] - setText(findTestObject(orPath_AddressContact + "/input_reEnterEMailAddress"), "iahmed@govolution.com"): Text 'iahmed@govolution.com' is set on object 'Object Repository/RAD_Pages/AddressAndContactInfo_Page/input_reEnterEMailAddress'

2024-11-12 18:01:17 - [MESSAGE][PASSED] - Text 'iahmed@govolution.com' is set on object 'Object Repository/RAD_Pages/AddressAndContactInfo_Page/input_reEnterEMailAddress'

2024-11-12 18:01:17 - [TEST_STEP][PASSED] - delay(2): Delayed 2 second(s)

2024-11-12 18:01:19 - [MESSAGE][PASSED] - Delayed 2 second(s)

2024-11-12 18:01:19 - [TEST_STEP][PASSED] - if (verifyTextPresent("The Email and Re-enter email do not match", true)): null

2024-11-12 18:01:19 - [MESSAGE][PASSED] - Text 'The Email and Re-enter email do not match' is present on page  using regular expression

2024-11-12 18:01:19 - [TEST_STEP][PASSED] - println("Emails Dont match text is present"): null

2024-11-12 18:01:19 - [TEST_STEP][PASSED] - out.println("Pass Record Number: " + row): null

2024-11-12 18:01:19 - [TEST_STEP][PASSED] - resText = "Pass": null

2024-11-12 18:01:19 - [TEST_STEP][PASSED] - pages.WriteExcel.demoKey(resText, datText, resColumn, datCloumn, fileLoc, nameSheet, row): pages.WriteExcel.demoKey is PASSED

2024-11-12 18:01:19 - [MESSAGE][PASSED] - pages.WriteExcel.demoKey is PASSED

2024-11-12 18:01:19 - [TEST_STEP][PASSED] - ExecuteTC = findTestData(dataFile).getValue("Execute", row): null

2024-11-12 18:01:19 - [TEST_STEP][PASSED] - Taxtype = findTestData(dataFile).getValue("TaxType", row): null

2024-11-12 18:01:19 - [TEST_STEP][PASSED] - Paymenttype = findTestData(dataFile).getValue("PaymentType", row): null

2024-11-12 18:01:19 - [TEST_STEP][PASSED] - out.println("Value of Execute is : " + ExecuteTC): null

2024-11-12 18:01:19 - [TEST_STEP][PASSED] - if (ExecuteTC.equalsIgnoreCase("Y")): null

2024-11-12 18:01:19 - [TEST_STEP][PASSED] - out.println("Begin Record Number: " + row): null

2024-11-12 18:01:19 - [TEST_STEP][PASSED] - today = new java.util.Date(): null

2024-11-12 18:01:19 - [TEST_STEP][PASSED] - println(today): null

2024-11-12 18:01:19 - [TEST_STEP][PASSED] - datText = today: null

2024-11-12 18:01:19 - [TEST_STEP][PASSED] - Taxtype = findTestData(dataFile).getValue("TaxType", row): null

2024-11-12 18:01:19 - [TEST_STEP][PASSED] - out.println("Taxtype value is : " + Taxtype): null

2024-11-12 18:01:19 - [TEST_STEP][PASSED] - openBrowser(""): Browser is opened with url: ''

2024-11-12 18:01:19 - [MESSAGE][WARNING] - A browser is already opened. Closing browser and opening a new one

2024-11-12 18:01:21 - [MESSAGE][INFO] - Starting 'Chrome' driver

2024-11-12 18:01:21 - [MESSAGE][INFO] - User set preference: ['acceptInsecureCerts', 'true']

2024-11-12 18:01:21 - [MESSAGE][INFO] - Action delay is set to 0 milliseconds

2024-11-12 18:01:22 - [MESSAGE][PASSED] - Browser is opened with url: ''

2024-11-12 18:01:22 - [TEST_STEP][PASSED] - maximizeWindow(): Current window maximized

2024-11-12 18:01:22 - [MESSAGE][PASSED] - Current window maximized

2024-11-12 18:01:22 - [TEST_STEP][PASSED] - navigateToUrl(RADurl): Navigate to 'https://www.velocitypayment.com/client/rad/index.html' successfully

2024-11-12 18:01:24 - [MESSAGE][PASSED] - Navigate to 'https://www.velocitypayment.com/client/rad/index.html' successfully

2024-11-12 18:01:24 - [TEST_STEP][PASSED] - orPath_Landing = "Object Repository/RAD_Pages/Landing_Page": null

2024-11-12 18:01:24 - [TEST_STEP][PASSED] - orPath_TaxTypeFilingYear = "Object Repository/RAD_Pages/TaxTypeFilingYear_Page": null

2024-11-12 18:01:24 - [TEST_STEP][PASSED] - orPath_TaxPayer = "Object Repository/RAD_Pages/Taxpayer_Page": null

2024-11-12 18:01:24 - [TEST_STEP][PASSED] - orPath_AddressContact = "Object Repository/RAD_Pages/AddressAndContactInfo_Page": null

2024-11-12 18:01:24 - [TEST_STEP][PASSED] - orPath_FilingStatus = "Object Repository/RAD_Pages/FilingStatus_Page": null

2024-11-12 18:01:24 - [TEST_STEP][PASSED] - orPath_Amount = "Object Repository/RAD_Pages/PaymentAmount_Page": null

2024-11-12 18:01:24 - [TEST_STEP][PASSED] - selectOptionByLabel(findTestObject(orPath_Landing + "/dd_TaxType"), Paymenttype, false): All options with label 'New Tax Return Amount Due' are selected in object 'Object Repository/RAD_Pages/Landing_Page/dd_TaxType' 

2024-11-12 18:01:25 - [MESSAGE][PASSED] - All options with label 'New Tax Return Amount Due' are selected in object 'Object Repository/RAD_Pages/Landing_Page/dd_TaxType' 

2024-11-12 18:01:25 - [TEST_STEP][PASSED] - delay(1): Delayed 1 second(s)

2024-11-12 18:01:26 - [MESSAGE][PASSED] - Delayed 1 second(s)

2024-11-12 18:01:26 - [TEST_STEP][PASSED] - switch (Paymenttype): null

2024-11-12 18:01:26 - [TEST_STEP][PASSED] - case "New Tax Return Amount Due":: null

2024-11-12 18:01:26 - [TEST_STEP][PASSED] - selectOptionByLabel(findTestObject("Object Repository/RAD_Pages/Landing_Page/select_NewTaxReturnAmountDue_TaxType"), Taxtype, false): All options with label 'Sales and Use Tax' are selected in object 'Object Repository/RAD_Pages/Landing_Page/select_NewTaxReturnAmountDue_TaxType' 

2024-11-12 18:01:26 - [MESSAGE][PASSED] - All options with label 'Sales and Use Tax' are selected in object 'Object Repository/RAD_Pages/Landing_Page/select_NewTaxReturnAmountDue_TaxType' 

2024-11-12 18:01:26 - [TEST_STEP][PASSED] - break: null

2024-11-12 18:01:26 - [TEST_STEP][PASSED] - delay(1): Delayed 1 second(s)

2024-11-12 18:01:27 - [MESSAGE][PASSED] - Delayed 1 second(s)

2024-11-12 18:01:27 - [TEST_STEP][PASSED] - scrollToElement(findTestObject(orPath_Amount + "/input__paymentAmount"), 3): Scroll to object 'Object Repository/RAD_Pages/PaymentAmount_Page/input__paymentAmount' successfully

2024-11-12 18:01:28 - [MESSAGE][PASSED] - Scroll to object 'Object Repository/RAD_Pages/PaymentAmount_Page/input__paymentAmount' successfully

2024-11-12 18:01:28 - [TEST_STEP][PASSED] - setText(findTestObject(orPath_AddressContact + "/input_eMailAddress"), "imtiazster@gmail.com"): Text 'imtiazster@gmail.com' is set on object 'Object Repository/RAD_Pages/AddressAndContactInfo_Page/input_eMailAddress'

2024-11-12 18:01:29 - [MESSAGE][PASSED] - Text 'imtiazster@gmail.com' is set on object 'Object Repository/RAD_Pages/AddressAndContactInfo_Page/input_eMailAddress'

2024-11-12 18:01:29 - [TEST_STEP][PASSED] - setText(findTestObject(orPath_AddressContact + "/input_reEnterEMailAddress"), "iahmed@govolution.com"): Text 'iahmed@govolution.com' is set on object 'Object Repository/RAD_Pages/AddressAndContactInfo_Page/input_reEnterEMailAddress'

2024-11-12 18:01:30 - [MESSAGE][PASSED] - Text 'iahmed@govolution.com' is set on object 'Object Repository/RAD_Pages/AddressAndContactInfo_Page/input_reEnterEMailAddress'

2024-11-12 18:01:30 - [TEST_STEP][PASSED] - delay(2): Delayed 2 second(s)

2024-11-12 18:01:32 - [MESSAGE][PASSED] - Delayed 2 second(s)

2024-11-12 18:01:32 - [TEST_STEP][PASSED] - if (verifyTextPresent("The Email and Re-enter email do not match", true)): null

2024-11-12 18:01:32 - [MESSAGE][PASSED] - Text 'The Email and Re-enter email do not match' is present on page  using regular expression

2024-11-12 18:01:32 - [TEST_STEP][PASSED] - println("Emails Dont match text is present"): null

2024-11-12 18:01:32 - [TEST_STEP][PASSED] - out.println("Pass Record Number: " + row): null

2024-11-12 18:01:32 - [TEST_STEP][PASSED] - resText = "Pass": null

2024-11-12 18:01:32 - [TEST_STEP][PASSED] - pages.WriteExcel.demoKey(resText, datText, resColumn, datCloumn, fileLoc, nameSheet, row): pages.WriteExcel.demoKey is PASSED

2024-11-12 18:01:32 - [MESSAGE][PASSED] - pages.WriteExcel.demoKey is PASSED

2024-11-12 18:01:32 - [TEST_STEP][PASSED] - ExecuteTC = findTestData(dataFile).getValue("Execute", row): null

2024-11-12 18:01:32 - [TEST_STEP][PASSED] - Taxtype = findTestData(dataFile).getValue("TaxType", row): null

2024-11-12 18:01:32 - [TEST_STEP][PASSED] - Paymenttype = findTestData(dataFile).getValue("PaymentType", row): null

2024-11-12 18:01:32 - [TEST_STEP][PASSED] - out.println("Value of Execute is : " + ExecuteTC): null

2024-11-12 18:01:32 - [TEST_STEP][PASSED] - if (ExecuteTC.equalsIgnoreCase("Y")): null

2024-11-12 18:01:32 - [TEST_STEP][PASSED] - out.println("Begin Record Number: " + row): null

2024-11-12 18:01:32 - [TEST_STEP][PASSED] - today = new java.util.Date(): null

2024-11-12 18:01:32 - [TEST_STEP][PASSED] - println(today): null

2024-11-12 18:01:32 - [TEST_STEP][PASSED] - datText = today: null

2024-11-12 18:01:32 - [TEST_STEP][PASSED] - Taxtype = findTestData(dataFile).getValue("TaxType", row): null

2024-11-12 18:01:32 - [TEST_STEP][PASSED] - out.println("Taxtype value is : " + Taxtype): null

2024-11-12 18:01:32 - [TEST_STEP][PASSED] - openBrowser(""): Browser is opened with url: ''

2024-11-12 18:01:32 - [MESSAGE][WARNING] - A browser is already opened. Closing browser and opening a new one

2024-11-12 18:01:34 - [MESSAGE][INFO] - Starting 'Chrome' driver

2024-11-12 18:01:34 - [MESSAGE][INFO] - User set preference: ['acceptInsecureCerts', 'true']

2024-11-12 18:01:34 - [MESSAGE][INFO] - Action delay is set to 0 milliseconds

2024-11-12 18:01:36 - [MESSAGE][PASSED] - Browser is opened with url: ''

2024-11-12 18:01:36 - [TEST_STEP][PASSED] - maximizeWindow(): Current window maximized

2024-11-12 18:01:36 - [MESSAGE][PASSED] - Current window maximized

2024-11-12 18:01:36 - [TEST_STEP][PASSED] - navigateToUrl(RADurl): Navigate to 'https://www.velocitypayment.com/client/rad/index.html' successfully

2024-11-12 18:01:40 - [MESSAGE][PASSED] - Navigate to 'https://www.velocitypayment.com/client/rad/index.html' successfully

2024-11-12 18:01:40 - [TEST_STEP][PASSED] - orPath_Landing = "Object Repository/RAD_Pages/Landing_Page": null

2024-11-12 18:01:40 - [TEST_STEP][PASSED] - orPath_TaxTypeFilingYear = "Object Repository/RAD_Pages/TaxTypeFilingYear_Page": null

2024-11-12 18:01:40 - [TEST_STEP][PASSED] - orPath_TaxPayer = "Object Repository/RAD_Pages/Taxpayer_Page": null

2024-11-12 18:01:40 - [TEST_STEP][PASSED] - orPath_AddressContact = "Object Repository/RAD_Pages/AddressAndContactInfo_Page": null

2024-11-12 18:01:40 - [TEST_STEP][PASSED] - orPath_FilingStatus = "Object Repository/RAD_Pages/FilingStatus_Page": null

2024-11-12 18:01:40 - [TEST_STEP][PASSED] - orPath_Amount = "Object Repository/RAD_Pages/PaymentAmount_Page": null

2024-11-12 18:01:40 - [TEST_STEP][PASSED] - selectOptionByLabel(findTestObject(orPath_Landing + "/dd_TaxType"), Paymenttype, false): All options with label 'New Tax Return Amount Due' are selected in object 'Object Repository/RAD_Pages/Landing_Page/dd_TaxType' 

2024-11-12 18:01:41 - [MESSAGE][PASSED] - All options with label 'New Tax Return Amount Due' are selected in object 'Object Repository/RAD_Pages/Landing_Page/dd_TaxType' 

2024-11-12 18:01:41 - [TEST_STEP][PASSED] - delay(1): Delayed 1 second(s)

2024-11-12 18:01:42 - [MESSAGE][PASSED] - Delayed 1 second(s)

2024-11-12 18:01:42 - [TEST_STEP][PASSED] - switch (Paymenttype): null

2024-11-12 18:01:42 - [TEST_STEP][PASSED] - case "New Tax Return Amount Due":: null

2024-11-12 18:01:42 - [TEST_STEP][PASSED] - selectOptionByLabel(findTestObject("Object Repository/RAD_Pages/Landing_Page/select_NewTaxReturnAmountDue_TaxType"), Taxtype, false): All options with label 'Slots License Fee' are selected in object 'Object Repository/RAD_Pages/Landing_Page/select_NewTaxReturnAmountDue_TaxType' 

2024-11-12 18:01:42 - [MESSAGE][PASSED] - All options with label 'Slots License Fee' are selected in object 'Object Repository/RAD_Pages/Landing_Page/select_NewTaxReturnAmountDue_TaxType' 

2024-11-12 18:01:42 - [TEST_STEP][PASSED] - break: null

2024-11-12 18:01:42 - [TEST_STEP][PASSED] - delay(1): Delayed 1 second(s)

2024-11-12 18:01:43 - [MESSAGE][PASSED] - Delayed 1 second(s)

2024-11-12 18:01:43 - [TEST_STEP][PASSED] - scrollToElement(findTestObject(orPath_Amount + "/input__paymentAmount"), 3): Scroll to object 'Object Repository/RAD_Pages/PaymentAmount_Page/input__paymentAmount' successfully

2024-11-12 18:01:44 - [MESSAGE][PASSED] - Scroll to object 'Object Repository/RAD_Pages/PaymentAmount_Page/input__paymentAmount' successfully

2024-11-12 18:01:44 - [TEST_STEP][PASSED] - setText(findTestObject(orPath_AddressContact + "/input_eMailAddress"), "imtiazster@gmail.com"): Text 'imtiazster@gmail.com' is set on object 'Object Repository/RAD_Pages/AddressAndContactInfo_Page/input_eMailAddress'

2024-11-12 18:01:45 - [MESSAGE][PASSED] - Text 'imtiazster@gmail.com' is set on object 'Object Repository/RAD_Pages/AddressAndContactInfo_Page/input_eMailAddress'

2024-11-12 18:01:45 - [TEST_STEP][PASSED] - setText(findTestObject(orPath_AddressContact + "/input_reEnterEMailAddress"), "iahmed@govolution.com"): Text 'iahmed@govolution.com' is set on object 'Object Repository/RAD_Pages/AddressAndContactInfo_Page/input_reEnterEMailAddress'

2024-11-12 18:01:46 - [MESSAGE][PASSED] - Text 'iahmed@govolution.com' is set on object 'Object Repository/RAD_Pages/AddressAndContactInfo_Page/input_reEnterEMailAddress'

2024-11-12 18:01:46 - [TEST_STEP][PASSED] - delay(2): Delayed 2 second(s)

2024-11-12 18:01:48 - [MESSAGE][PASSED] - Delayed 2 second(s)

2024-11-12 18:01:48 - [TEST_STEP][PASSED] - if (verifyTextPresent("The Email and Re-enter email do not match", true)): null

2024-11-12 18:01:48 - [MESSAGE][PASSED] - Text 'The Email and Re-enter email do not match' is present on page  using regular expression

2024-11-12 18:01:48 - [TEST_STEP][PASSED] - println("Emails Dont match text is present"): null

2024-11-12 18:01:48 - [TEST_STEP][PASSED] - out.println("Pass Record Number: " + row): null

2024-11-12 18:01:48 - [TEST_STEP][PASSED] - resText = "Pass": null

2024-11-12 18:01:48 - [TEST_STEP][PASSED] - pages.WriteExcel.demoKey(resText, datText, resColumn, datCloumn, fileLoc, nameSheet, row): pages.WriteExcel.demoKey is PASSED

2024-11-12 18:01:48 - [MESSAGE][PASSED] - pages.WriteExcel.demoKey is PASSED

2024-11-12 18:01:48 - [TEST_STEP][PASSED] - ExecuteTC = findTestData(dataFile).getValue("Execute", row): null

2024-11-12 18:01:48 - [TEST_STEP][PASSED] - Taxtype = findTestData(dataFile).getValue("TaxType", row): null

2024-11-12 18:01:48 - [TEST_STEP][PASSED] - Paymenttype = findTestData(dataFile).getValue("PaymentType", row): null

2024-11-12 18:01:48 - [TEST_STEP][PASSED] - out.println("Value of Execute is : " + ExecuteTC): null

2024-11-12 18:01:48 - [TEST_STEP][PASSED] - if (ExecuteTC.equalsIgnoreCase("Y")): null

2024-11-12 18:01:48 - [TEST_STEP][PASSED] - out.println("Begin Record Number: " + row): null

2024-11-12 18:01:48 - [TEST_STEP][PASSED] - today = new java.util.Date(): null

2024-11-12 18:01:48 - [TEST_STEP][PASSED] - println(today): null

2024-11-12 18:01:48 - [TEST_STEP][PASSED] - datText = today: null

2024-11-12 18:01:48 - [TEST_STEP][PASSED] - Taxtype = findTestData(dataFile).getValue("TaxType", row): null

2024-11-12 18:01:48 - [TEST_STEP][PASSED] - out.println("Taxtype value is : " + Taxtype): null

2024-11-12 18:01:48 - [TEST_STEP][PASSED] - openBrowser(""): Browser is opened with url: ''

2024-11-12 18:01:48 - [MESSAGE][WARNING] - A browser is already opened. Closing browser and opening a new one

2024-11-12 18:01:50 - [MESSAGE][INFO] - Starting 'Chrome' driver

2024-11-12 18:01:50 - [MESSAGE][INFO] - User set preference: ['acceptInsecureCerts', 'true']

2024-11-12 18:01:50 - [MESSAGE][INFO] - Action delay is set to 0 milliseconds

2024-11-12 18:01:51 - [MESSAGE][PASSED] - Browser is opened with url: ''

2024-11-12 18:01:51 - [TEST_STEP][PASSED] - maximizeWindow(): Current window maximized

2024-11-12 18:01:51 - [MESSAGE][PASSED] - Current window maximized

2024-11-12 18:01:51 - [TEST_STEP][PASSED] - navigateToUrl(RADurl): Navigate to 'https://www.velocitypayment.com/client/rad/index.html' successfully

2024-11-12 18:01:53 - [MESSAGE][PASSED] - Navigate to 'https://www.velocitypayment.com/client/rad/index.html' successfully

2024-11-12 18:01:53 - [TEST_STEP][PASSED] - orPath_Landing = "Object Repository/RAD_Pages/Landing_Page": null

2024-11-12 18:01:53 - [TEST_STEP][PASSED] - orPath_TaxTypeFilingYear = "Object Repository/RAD_Pages/TaxTypeFilingYear_Page": null

2024-11-12 18:01:53 - [TEST_STEP][PASSED] - orPath_TaxPayer = "Object Repository/RAD_Pages/Taxpayer_Page": null

2024-11-12 18:01:53 - [TEST_STEP][PASSED] - orPath_AddressContact = "Object Repository/RAD_Pages/AddressAndContactInfo_Page": null

2024-11-12 18:01:53 - [TEST_STEP][PASSED] - orPath_FilingStatus = "Object Repository/RAD_Pages/FilingStatus_Page": null

2024-11-12 18:01:53 - [TEST_STEP][PASSED] - orPath_Amount = "Object Repository/RAD_Pages/PaymentAmount_Page": null

2024-11-12 18:01:53 - [TEST_STEP][PASSED] - selectOptionByLabel(findTestObject(orPath_Landing + "/dd_TaxType"), Paymenttype, false): All options with label 'New Tax Return Amount Due' are selected in object 'Object Repository/RAD_Pages/Landing_Page/dd_TaxType' 

2024-11-12 18:01:54 - [MESSAGE][PASSED] - All options with label 'New Tax Return Amount Due' are selected in object 'Object Repository/RAD_Pages/Landing_Page/dd_TaxType' 

2024-11-12 18:01:54 - [TEST_STEP][PASSED] - delay(1): Delayed 1 second(s)

2024-11-12 18:01:55 - [MESSAGE][PASSED] - Delayed 1 second(s)

2024-11-12 18:01:55 - [TEST_STEP][PASSED] - switch (Paymenttype): null

2024-11-12 18:01:55 - [TEST_STEP][PASSED] - case "New Tax Return Amount Due":: null

2024-11-12 18:01:55 - [TEST_STEP][PASSED] - selectOptionByLabel(findTestObject("Object Repository/RAD_Pages/Landing_Page/select_NewTaxReturnAmountDue_TaxType"), Taxtype, false): All options with label 'Tire Recycling Fee' are selected in object 'Object Repository/RAD_Pages/Landing_Page/select_NewTaxReturnAmountDue_TaxType' 

2024-11-12 18:01:56 - [MESSAGE][PASSED] - All options with label 'Tire Recycling Fee' are selected in object 'Object Repository/RAD_Pages/Landing_Page/select_NewTaxReturnAmountDue_TaxType' 

2024-11-12 18:01:56 - [TEST_STEP][PASSED] - break: null

2024-11-12 18:01:56 - [TEST_STEP][PASSED] - delay(1): Delayed 1 second(s)

2024-11-12 18:01:57 - [MESSAGE][PASSED] - Delayed 1 second(s)

2024-11-12 18:01:57 - [TEST_STEP][PASSED] - scrollToElement(findTestObject(orPath_Amount + "/input__paymentAmount"), 3): Scroll to object 'Object Repository/RAD_Pages/PaymentAmount_Page/input__paymentAmount' successfully

2024-11-12 18:01:57 - [MESSAGE][PASSED] - Scroll to object 'Object Repository/RAD_Pages/PaymentAmount_Page/input__paymentAmount' successfully

2024-11-12 18:01:57 - [TEST_STEP][PASSED] - setText(findTestObject(orPath_AddressContact + "/input_eMailAddress"), "imtiazster@gmail.com"): Text 'imtiazster@gmail.com' is set on object 'Object Repository/RAD_Pages/AddressAndContactInfo_Page/input_eMailAddress'

2024-11-12 18:01:58 - [MESSAGE][PASSED] - Text 'imtiazster@gmail.com' is set on object 'Object Repository/RAD_Pages/AddressAndContactInfo_Page/input_eMailAddress'

2024-11-12 18:01:58 - [TEST_STEP][PASSED] - setText(findTestObject(orPath_AddressContact + "/input_reEnterEMailAddress"), "iahmed@govolution.com"): Text 'iahmed@govolution.com' is set on object 'Object Repository/RAD_Pages/AddressAndContactInfo_Page/input_reEnterEMailAddress'

2024-11-12 18:01:59 - [MESSAGE][PASSED] - Text 'iahmed@govolution.com' is set on object 'Object Repository/RAD_Pages/AddressAndContactInfo_Page/input_reEnterEMailAddress'

2024-11-12 18:01:59 - [TEST_STEP][PASSED] - delay(2): Delayed 2 second(s)

2024-11-12 18:02:01 - [MESSAGE][PASSED] - Delayed 2 second(s)

2024-11-12 18:02:01 - [TEST_STEP][PASSED] - if (verifyTextPresent("The Email and Re-enter email do not match", true)): null

2024-11-12 18:02:01 - [MESSAGE][PASSED] - Text 'The Email and Re-enter email do not match' is present on page  using regular expression

2024-11-12 18:02:01 - [TEST_STEP][PASSED] - println("Emails Dont match text is present"): null

2024-11-12 18:02:01 - [TEST_STEP][PASSED] - out.println("Pass Record Number: " + row): null

2024-11-12 18:02:01 - [TEST_STEP][PASSED] - resText = "Pass": null

2024-11-12 18:02:01 - [TEST_STEP][PASSED] - pages.WriteExcel.demoKey(resText, datText, resColumn, datCloumn, fileLoc, nameSheet, row): pages.WriteExcel.demoKey is PASSED

2024-11-12 18:02:01 - [MESSAGE][PASSED] - pages.WriteExcel.demoKey is PASSED

2024-11-12 18:02:01 - [TEST_STEP][PASSED] - ExecuteTC = findTestData(dataFile).getValue("Execute", row): null

2024-11-12 18:02:01 - [TEST_STEP][PASSED] - Taxtype = findTestData(dataFile).getValue("TaxType", row): null

2024-11-12 18:02:01 - [TEST_STEP][PASSED] - Paymenttype = findTestData(dataFile).getValue("PaymentType", row): null

2024-11-12 18:02:01 - [TEST_STEP][PASSED] - out.println("Value of Execute is : " + ExecuteTC): null

2024-11-12 18:02:01 - [TEST_STEP][PASSED] - if (ExecuteTC.equalsIgnoreCase("Y")): null

2024-11-12 18:02:01 - [TEST_STEP][PASSED] - out.println("Begin Record Number: " + row): null

2024-11-12 18:02:01 - [TEST_STEP][PASSED] - today = new java.util.Date(): null

2024-11-12 18:02:01 - [TEST_STEP][PASSED] - println(today): null

2024-11-12 18:02:01 - [TEST_STEP][PASSED] - datText = today: null

2024-11-12 18:02:01 - [TEST_STEP][PASSED] - Taxtype = findTestData(dataFile).getValue("TaxType", row): null

2024-11-12 18:02:01 - [TEST_STEP][PASSED] - out.println("Taxtype value is : " + Taxtype): null

2024-11-12 18:02:01 - [TEST_STEP][PASSED] - openBrowser(""): Browser is opened with url: ''

2024-11-12 18:02:01 - [MESSAGE][WARNING] - A browser is already opened. Closing browser and opening a new one

2024-11-12 18:02:02 - [MESSAGE][INFO] - Starting 'Chrome' driver

2024-11-12 18:02:02 - [MESSAGE][INFO] - User set preference: ['acceptInsecureCerts', 'true']

2024-11-12 18:02:02 - [MESSAGE][INFO] - Action delay is set to 0 milliseconds

2024-11-12 18:02:04 - [MESSAGE][PASSED] - Browser is opened with url: ''

2024-11-12 18:02:04 - [TEST_STEP][PASSED] - maximizeWindow(): Current window maximized

2024-11-12 18:02:04 - [MESSAGE][PASSED] - Current window maximized

2024-11-12 18:02:04 - [TEST_STEP][PASSED] - navigateToUrl(RADurl): Navigate to 'https://www.velocitypayment.com/client/rad/index.html' successfully

2024-11-12 18:02:06 - [MESSAGE][PASSED] - Navigate to 'https://www.velocitypayment.com/client/rad/index.html' successfully

2024-11-12 18:02:06 - [TEST_STEP][PASSED] - orPath_Landing = "Object Repository/RAD_Pages/Landing_Page": null

2024-11-12 18:02:06 - [TEST_STEP][PASSED] - orPath_TaxTypeFilingYear = "Object Repository/RAD_Pages/TaxTypeFilingYear_Page": null

2024-11-12 18:02:06 - [TEST_STEP][PASSED] - orPath_TaxPayer = "Object Repository/RAD_Pages/Taxpayer_Page": null

2024-11-12 18:02:06 - [TEST_STEP][PASSED] - orPath_AddressContact = "Object Repository/RAD_Pages/AddressAndContactInfo_Page": null

2024-11-12 18:02:06 - [TEST_STEP][PASSED] - orPath_FilingStatus = "Object Repository/RAD_Pages/FilingStatus_Page": null

2024-11-12 18:02:06 - [TEST_STEP][PASSED] - orPath_Amount = "Object Repository/RAD_Pages/PaymentAmount_Page": null

2024-11-12 18:02:06 - [TEST_STEP][PASSED] - selectOptionByLabel(findTestObject(orPath_Landing + "/dd_TaxType"), Paymenttype, false): All options with label 'New Tax Return Amount Due' are selected in object 'Object Repository/RAD_Pages/Landing_Page/dd_TaxType' 

2024-11-12 18:02:07 - [MESSAGE][PASSED] - All options with label 'New Tax Return Amount Due' are selected in object 'Object Repository/RAD_Pages/Landing_Page/dd_TaxType' 

2024-11-12 18:02:07 - [TEST_STEP][PASSED] - delay(1): Delayed 1 second(s)

2024-11-12 18:02:08 - [MESSAGE][PASSED] - Delayed 1 second(s)

2024-11-12 18:02:08 - [TEST_STEP][PASSED] - switch (Paymenttype): null

2024-11-12 18:02:08 - [TEST_STEP][PASSED] - case "New Tax Return Amount Due":: null

2024-11-12 18:02:08 - [TEST_STEP][PASSED] - selectOptionByLabel(findTestObject("Object Repository/RAD_Pages/Landing_Page/select_NewTaxReturnAmountDue_TaxType"), Taxtype, false): All options with label 'Tobacco Tax' are selected in object 'Object Repository/RAD_Pages/Landing_Page/select_NewTaxReturnAmountDue_TaxType' 

2024-11-12 18:02:08 - [MESSAGE][PASSED] - All options with label 'Tobacco Tax' are selected in object 'Object Repository/RAD_Pages/Landing_Page/select_NewTaxReturnAmountDue_TaxType' 

2024-11-12 18:02:08 - [TEST_STEP][PASSED] - break: null

2024-11-12 18:02:08 - [TEST_STEP][PASSED] - delay(1): Delayed 1 second(s)

2024-11-12 18:02:09 - [MESSAGE][PASSED] - Delayed 1 second(s)

2024-11-12 18:02:09 - [TEST_STEP][PASSED] - scrollToElement(findTestObject(orPath_Amount + "/input__paymentAmount"), 3): Scroll to object 'Object Repository/RAD_Pages/PaymentAmount_Page/input__paymentAmount' successfully

2024-11-12 18:02:10 - [MESSAGE][PASSED] - Scroll to object 'Object Repository/RAD_Pages/PaymentAmount_Page/input__paymentAmount' successfully

2024-11-12 18:02:10 - [TEST_STEP][PASSED] - setText(findTestObject(orPath_AddressContact + "/input_eMailAddress"), "imtiazster@gmail.com"): Text 'imtiazster@gmail.com' is set on object 'Object Repository/RAD_Pages/AddressAndContactInfo_Page/input_eMailAddress'

2024-11-12 18:02:11 - [MESSAGE][PASSED] - Text 'imtiazster@gmail.com' is set on object 'Object Repository/RAD_Pages/AddressAndContactInfo_Page/input_eMailAddress'

2024-11-12 18:02:11 - [TEST_STEP][PASSED] - setText(findTestObject(orPath_AddressContact + "/input_reEnterEMailAddress"), "iahmed@govolution.com"): Text 'iahmed@govolution.com' is set on object 'Object Repository/RAD_Pages/AddressAndContactInfo_Page/input_reEnterEMailAddress'

2024-11-12 18:02:11 - [MESSAGE][PASSED] - Text 'iahmed@govolution.com' is set on object 'Object Repository/RAD_Pages/AddressAndContactInfo_Page/input_reEnterEMailAddress'

2024-11-12 18:02:11 - [TEST_STEP][PASSED] - delay(2): Delayed 2 second(s)

2024-11-12 18:02:13 - [MESSAGE][PASSED] - Delayed 2 second(s)

2024-11-12 18:02:13 - [TEST_STEP][PASSED] - if (verifyTextPresent("The Email and Re-enter email do not match", true)): null

2024-11-12 18:02:14 - [MESSAGE][PASSED] - Text 'The Email and Re-enter email do not match' is present on page  using regular expression

2024-11-12 18:02:14 - [TEST_STEP][PASSED] - println("Emails Dont match text is present"): null

2024-11-12 18:02:14 - [TEST_STEP][PASSED] - out.println("Pass Record Number: " + row): null

2024-11-12 18:02:14 - [TEST_STEP][PASSED] - resText = "Pass": null

2024-11-12 18:02:14 - [TEST_STEP][PASSED] - pages.WriteExcel.demoKey(resText, datText, resColumn, datCloumn, fileLoc, nameSheet, row): pages.WriteExcel.demoKey is PASSED

2024-11-12 18:02:14 - [MESSAGE][PASSED] - pages.WriteExcel.demoKey is PASSED

2024-11-12 18:02:14 - [TEST_STEP][PASSED] - ExecuteTC = findTestData(dataFile).getValue("Execute", row): null

2024-11-12 18:02:14 - [TEST_STEP][PASSED] - Taxtype = findTestData(dataFile).getValue("TaxType", row): null

2024-11-12 18:02:14 - [TEST_STEP][PASSED] - Paymenttype = findTestData(dataFile).getValue("PaymentType", row): null

2024-11-12 18:02:14 - [TEST_STEP][PASSED] - out.println("Value of Execute is : " + ExecuteTC): null

2024-11-12 18:02:14 - [TEST_STEP][PASSED] - if (ExecuteTC.equalsIgnoreCase("Y")): null

2024-11-12 18:02:14 - [TEST_STEP][PASSED] - out.println("Begin Record Number: " + row): null

2024-11-12 18:02:14 - [TEST_STEP][PASSED] - today = new java.util.Date(): null

2024-11-12 18:02:14 - [TEST_STEP][PASSED] - println(today): null

2024-11-12 18:02:14 - [TEST_STEP][PASSED] - datText = today: null

2024-11-12 18:02:14 - [TEST_STEP][PASSED] - Taxtype = findTestData(dataFile).getValue("TaxType", row): null

2024-11-12 18:02:14 - [TEST_STEP][PASSED] - out.println("Taxtype value is : " + Taxtype): null

2024-11-12 18:02:14 - [TEST_STEP][PASSED] - openBrowser(""): Browser is opened with url: ''

2024-11-12 18:02:14 - [MESSAGE][WARNING] - A browser is already opened. Closing browser and opening a new one

2024-11-12 18:02:16 - [MESSAGE][INFO] - Starting 'Chrome' driver

2024-11-12 18:02:16 - [MESSAGE][INFO] - User set preference: ['acceptInsecureCerts', 'true']

2024-11-12 18:02:16 - [MESSAGE][INFO] - Action delay is set to 0 milliseconds

2024-11-12 18:02:17 - [MESSAGE][PASSED] - Browser is opened with url: ''

2024-11-12 18:02:17 - [TEST_STEP][PASSED] - maximizeWindow(): Current window maximized

2024-11-12 18:02:17 - [MESSAGE][PASSED] - Current window maximized

2024-11-12 18:02:17 - [TEST_STEP][PASSED] - navigateToUrl(RADurl): Navigate to 'https://www.velocitypayment.com/client/rad/index.html' successfully

2024-11-12 18:02:23 - [MESSAGE][PASSED] - Navigate to 'https://www.velocitypayment.com/client/rad/index.html' successfully

2024-11-12 18:02:23 - [TEST_STEP][PASSED] - orPath_Landing = "Object Repository/RAD_Pages/Landing_Page": null

2024-11-12 18:02:23 - [TEST_STEP][PASSED] - orPath_TaxTypeFilingYear = "Object Repository/RAD_Pages/TaxTypeFilingYear_Page": null

2024-11-12 18:02:23 - [TEST_STEP][PASSED] - orPath_TaxPayer = "Object Repository/RAD_Pages/Taxpayer_Page": null

2024-11-12 18:02:23 - [TEST_STEP][PASSED] - orPath_AddressContact = "Object Repository/RAD_Pages/AddressAndContactInfo_Page": null

2024-11-12 18:02:23 - [TEST_STEP][PASSED] - orPath_FilingStatus = "Object Repository/RAD_Pages/FilingStatus_Page": null

2024-11-12 18:02:23 - [TEST_STEP][PASSED] - orPath_Amount = "Object Repository/RAD_Pages/PaymentAmount_Page": null

2024-11-12 18:02:23 - [TEST_STEP][PASSED] - selectOptionByLabel(findTestObject(orPath_Landing + "/dd_TaxType"), Paymenttype, false): All options with label 'New Tax Return Amount Due' are selected in object 'Object Repository/RAD_Pages/Landing_Page/dd_TaxType' 

2024-11-12 18:02:24 - [MESSAGE][PASSED] - All options with label 'New Tax Return Amount Due' are selected in object 'Object Repository/RAD_Pages/Landing_Page/dd_TaxType' 

2024-11-12 18:02:24 - [TEST_STEP][PASSED] - delay(1): Delayed 1 second(s)

2024-11-12 18:02:25 - [MESSAGE][PASSED] - Delayed 1 second(s)

2024-11-12 18:02:25 - [TEST_STEP][PASSED] - switch (Paymenttype): null

2024-11-12 18:02:25 - [TEST_STEP][PASSED] - case "New Tax Return Amount Due":: null

2024-11-12 18:02:25 - [TEST_STEP][PASSED] - selectOptionByLabel(findTestObject("Object Repository/RAD_Pages/Landing_Page/select_NewTaxReturnAmountDue_TaxType"), Taxtype, false): All options with label 'Transportation Network Services' are selected in object 'Object Repository/RAD_Pages/Landing_Page/select_NewTaxReturnAmountDue_TaxType' 

2024-11-12 18:02:25 - [MESSAGE][PASSED] - All options with label 'Transportation Network Services' are selected in object 'Object Repository/RAD_Pages/Landing_Page/select_NewTaxReturnAmountDue_TaxType' 

2024-11-12 18:02:25 - [TEST_STEP][PASSED] - break: null

2024-11-12 18:02:25 - [TEST_STEP][PASSED] - delay(1): Delayed 1 second(s)

2024-11-12 18:02:26 - [MESSAGE][PASSED] - Delayed 1 second(s)

2024-11-12 18:02:26 - [TEST_STEP][PASSED] - scrollToElement(findTestObject(orPath_Amount + "/input__paymentAmount"), 3): Scroll to object 'Object Repository/RAD_Pages/PaymentAmount_Page/input__paymentAmount' successfully

2024-11-12 18:02:27 - [MESSAGE][PASSED] - Scroll to object 'Object Repository/RAD_Pages/PaymentAmount_Page/input__paymentAmount' successfully

2024-11-12 18:02:27 - [TEST_STEP][PASSED] - setText(findTestObject(orPath_AddressContact + "/input_eMailAddress"), "imtiazster@gmail.com"): Text 'imtiazster@gmail.com' is set on object 'Object Repository/RAD_Pages/AddressAndContactInfo_Page/input_eMailAddress'

2024-11-12 18:02:28 - [MESSAGE][PASSED] - Text 'imtiazster@gmail.com' is set on object 'Object Repository/RAD_Pages/AddressAndContactInfo_Page/input_eMailAddress'

2024-11-12 18:02:28 - [TEST_STEP][PASSED] - setText(findTestObject(orPath_AddressContact + "/input_reEnterEMailAddress"), "iahmed@govolution.com"): Text 'iahmed@govolution.com' is set on object 'Object Repository/RAD_Pages/AddressAndContactInfo_Page/input_reEnterEMailAddress'

2024-11-12 18:02:28 - [MESSAGE][PASSED] - Text 'iahmed@govolution.com' is set on object 'Object Repository/RAD_Pages/AddressAndContactInfo_Page/input_reEnterEMailAddress'

2024-11-12 18:02:28 - [TEST_STEP][PASSED] - delay(2): Delayed 2 second(s)

2024-11-12 18:02:30 - [MESSAGE][PASSED] - Delayed 2 second(s)

2024-11-12 18:02:30 - [TEST_STEP][PASSED] - if (verifyTextPresent("The Email and Re-enter email do not match", true)): null

2024-11-12 18:02:31 - [MESSAGE][PASSED] - Text 'The Email and Re-enter email do not match' is present on page  using regular expression

2024-11-12 18:02:31 - [TEST_STEP][PASSED] - println("Emails Dont match text is present"): null

2024-11-12 18:02:31 - [TEST_STEP][PASSED] - out.println("Pass Record Number: " + row): null

2024-11-12 18:02:31 - [TEST_STEP][PASSED] - resText = "Pass": null

2024-11-12 18:02:31 - [TEST_STEP][PASSED] - pages.WriteExcel.demoKey(resText, datText, resColumn, datCloumn, fileLoc, nameSheet, row): pages.WriteExcel.demoKey is PASSED

2024-11-12 18:02:31 - [MESSAGE][PASSED] - pages.WriteExcel.demoKey is PASSED

2024-11-12 18:02:31 - [TEST_STEP][PASSED] - ExecuteTC = findTestData(dataFile).getValue("Execute", row): null

2024-11-12 18:02:31 - [TEST_STEP][PASSED] - Taxtype = findTestData(dataFile).getValue("TaxType", row): null

2024-11-12 18:02:31 - [TEST_STEP][PASSED] - Paymenttype = findTestData(dataFile).getValue("PaymentType", row): null

2024-11-12 18:02:31 - [TEST_STEP][PASSED] - out.println("Value of Execute is : " + ExecuteTC): null

2024-11-12 18:02:31 - [TEST_STEP][PASSED] - if (ExecuteTC.equalsIgnoreCase("Y")): null

2024-11-12 18:02:31 - [TEST_STEP][PASSED] - out.println("Begin Record Number: " + row): null

2024-11-12 18:02:31 - [TEST_STEP][PASSED] - today = new java.util.Date(): null

2024-11-12 18:02:31 - [TEST_STEP][PASSED] - println(today): null

2024-11-12 18:02:31 - [TEST_STEP][PASSED] - datText = today: null

2024-11-12 18:02:31 - [TEST_STEP][PASSED] - Taxtype = findTestData(dataFile).getValue("TaxType", row): null

2024-11-12 18:02:31 - [TEST_STEP][PASSED] - out.println("Taxtype value is : " + Taxtype): null

2024-11-12 18:02:31 - [TEST_STEP][PASSED] - openBrowser(""): Browser is opened with url: ''

2024-11-12 18:02:31 - [MESSAGE][WARNING] - A browser is already opened. Closing browser and opening a new one

2024-11-12 18:02:33 - [MESSAGE][INFO] - Starting 'Chrome' driver

2024-11-12 18:02:33 - [MESSAGE][INFO] - User set preference: ['acceptInsecureCerts', 'true']

2024-11-12 18:02:33 - [MESSAGE][INFO] - Action delay is set to 0 milliseconds

2024-11-12 18:02:35 - [MESSAGE][PASSED] - Browser is opened with url: ''

2024-11-12 18:02:35 - [TEST_STEP][PASSED] - maximizeWindow(): Current window maximized

2024-11-12 18:02:35 - [MESSAGE][PASSED] - Current window maximized

2024-11-12 18:02:35 - [TEST_STEP][PASSED] - navigateToUrl(RADurl): Navigate to 'https://www.velocitypayment.com/client/rad/index.html' successfully

2024-11-12 18:02:37 - [MESSAGE][PASSED] - Navigate to 'https://www.velocitypayment.com/client/rad/index.html' successfully

2024-11-12 18:02:37 - [TEST_STEP][PASSED] - orPath_Landing = "Object Repository/RAD_Pages/Landing_Page": null

2024-11-12 18:02:37 - [TEST_STEP][PASSED] - orPath_TaxTypeFilingYear = "Object Repository/RAD_Pages/TaxTypeFilingYear_Page": null

2024-11-12 18:02:37 - [TEST_STEP][PASSED] - orPath_TaxPayer = "Object Repository/RAD_Pages/Taxpayer_Page": null

2024-11-12 18:02:37 - [TEST_STEP][PASSED] - orPath_AddressContact = "Object Repository/RAD_Pages/AddressAndContactInfo_Page": null

2024-11-12 18:02:37 - [TEST_STEP][PASSED] - orPath_FilingStatus = "Object Repository/RAD_Pages/FilingStatus_Page": null

2024-11-12 18:02:37 - [TEST_STEP][PASSED] - orPath_Amount = "Object Repository/RAD_Pages/PaymentAmount_Page": null

2024-11-12 18:02:37 - [TEST_STEP][PASSED] - selectOptionByLabel(findTestObject(orPath_Landing + "/dd_TaxType"), Paymenttype, false): All options with label 'New Tax Return Amount Due' are selected in object 'Object Repository/RAD_Pages/Landing_Page/dd_TaxType' 

2024-11-12 18:02:37 - [MESSAGE][PASSED] - All options with label 'New Tax Return Amount Due' are selected in object 'Object Repository/RAD_Pages/Landing_Page/dd_TaxType' 

2024-11-12 18:02:37 - [TEST_STEP][PASSED] - delay(1): Delayed 1 second(s)

2024-11-12 18:02:38 - [MESSAGE][PASSED] - Delayed 1 second(s)

2024-11-12 18:02:38 - [TEST_STEP][PASSED] - switch (Paymenttype): null

2024-11-12 18:02:38 - [TEST_STEP][PASSED] - case "New Tax Return Amount Due":: null

2024-11-12 18:02:38 - [TEST_STEP][PASSED] - selectOptionByLabel(findTestObject("Object Repository/RAD_Pages/Landing_Page/select_NewTaxReturnAmountDue_TaxType"), Taxtype, false): All options with label 'Unclaimed Property' are selected in object 'Object Repository/RAD_Pages/Landing_Page/select_NewTaxReturnAmountDue_TaxType' 

2024-11-12 18:02:39 - [MESSAGE][PASSED] - All options with label 'Unclaimed Property' are selected in object 'Object Repository/RAD_Pages/Landing_Page/select_NewTaxReturnAmountDue_TaxType' 

2024-11-12 18:02:39 - [TEST_STEP][PASSED] - break: null

2024-11-12 18:02:39 - [TEST_STEP][PASSED] - delay(1): Delayed 1 second(s)

2024-11-12 18:02:40 - [MESSAGE][PASSED] - Delayed 1 second(s)

2024-11-12 18:02:40 - [TEST_STEP][PASSED] - scrollToElement(findTestObject(orPath_Amount + "/input__paymentAmount"), 3): Scroll to object 'Object Repository/RAD_Pages/PaymentAmount_Page/input__paymentAmount' successfully

2024-11-12 18:02:40 - [MESSAGE][PASSED] - Scroll to object 'Object Repository/RAD_Pages/PaymentAmount_Page/input__paymentAmount' successfully

2024-11-12 18:02:40 - [TEST_STEP][PASSED] - setText(findTestObject(orPath_AddressContact + "/input_eMailAddress"), "imtiazster@gmail.com"): Text 'imtiazster@gmail.com' is set on object 'Object Repository/RAD_Pages/AddressAndContactInfo_Page/input_eMailAddress'

2024-11-12 18:02:41 - [MESSAGE][PASSED] - Text 'imtiazster@gmail.com' is set on object 'Object Repository/RAD_Pages/AddressAndContactInfo_Page/input_eMailAddress'

2024-11-12 18:02:41 - [TEST_STEP][PASSED] - setText(findTestObject(orPath_AddressContact + "/input_reEnterEMailAddress"), "iahmed@govolution.com"): Text 'iahmed@govolution.com' is set on object 'Object Repository/RAD_Pages/AddressAndContactInfo_Page/input_reEnterEMailAddress'

2024-11-12 18:02:42 - [MESSAGE][PASSED] - Text 'iahmed@govolution.com' is set on object 'Object Repository/RAD_Pages/AddressAndContactInfo_Page/input_reEnterEMailAddress'

2024-11-12 18:02:42 - [TEST_STEP][PASSED] - delay(2): Delayed 2 second(s)

2024-11-12 18:02:44 - [MESSAGE][PASSED] - Delayed 2 second(s)

2024-11-12 18:02:44 - [TEST_STEP][PASSED] - if (verifyTextPresent("The Email and Re-enter email do not match", true)): null

2024-11-12 18:02:45 - [MESSAGE][PASSED] - Text 'The Email and Re-enter email do not match' is present on page  using regular expression

2024-11-12 18:02:45 - [TEST_STEP][PASSED] - println("Emails Dont match text is present"): null

2024-11-12 18:02:45 - [TEST_STEP][PASSED] - out.println("Pass Record Number: " + row): null

2024-11-12 18:02:45 - [TEST_STEP][PASSED] - resText = "Pass": null

2024-11-12 18:02:45 - [TEST_STEP][PASSED] - pages.WriteExcel.demoKey(resText, datText, resColumn, datCloumn, fileLoc, nameSheet, row): pages.WriteExcel.demoKey is PASSED

2024-11-12 18:02:45 - [MESSAGE][PASSED] - pages.WriteExcel.demoKey is PASSED

2024-11-12 18:02:45 - [TEST_STEP][PASSED] - ExecuteTC = findTestData(dataFile).getValue("Execute", row): null

2024-11-12 18:02:45 - [TEST_STEP][PASSED] - Taxtype = findTestData(dataFile).getValue("TaxType", row): null

2024-11-12 18:02:45 - [TEST_STEP][PASSED] - Paymenttype = findTestData(dataFile).getValue("PaymentType", row): null

2024-11-12 18:02:45 - [TEST_STEP][PASSED] - out.println("Value of Execute is : " + ExecuteTC): null

2024-11-12 18:02:45 - [TEST_STEP][PASSED] - if (ExecuteTC.equalsIgnoreCase("Y")): null

2024-11-12 18:02:45 - [TEST_STEP][PASSED] - out.println("Begin Record Number: " + row): null

2024-11-12 18:02:45 - [TEST_STEP][PASSED] - today = new java.util.Date(): null

2024-11-12 18:02:45 - [TEST_STEP][PASSED] - println(today): null

2024-11-12 18:02:45 - [TEST_STEP][PASSED] - datText = today: null

2024-11-12 18:02:45 - [TEST_STEP][PASSED] - Taxtype = findTestData(dataFile).getValue("TaxType", row): null

2024-11-12 18:02:45 - [TEST_STEP][PASSED] - out.println("Taxtype value is : " + Taxtype): null

2024-11-12 18:02:45 - [TEST_STEP][PASSED] - openBrowser(""): Browser is opened with url: ''

2024-11-12 18:02:45 - [MESSAGE][WARNING] - A browser is already opened. Closing browser and opening a new one

2024-11-12 18:02:46 - [MESSAGE][INFO] - Starting 'Chrome' driver

2024-11-12 18:02:46 - [MESSAGE][INFO] - User set preference: ['acceptInsecureCerts', 'true']

2024-11-12 18:02:46 - [MESSAGE][INFO] - Action delay is set to 0 milliseconds

2024-11-12 18:02:48 - [MESSAGE][PASSED] - Browser is opened with url: ''

2024-11-12 18:02:48 - [TEST_STEP][PASSED] - maximizeWindow(): Current window maximized

2024-11-12 18:02:48 - [MESSAGE][PASSED] - Current window maximized

2024-11-12 18:02:48 - [TEST_STEP][PASSED] - navigateToUrl(RADurl): Navigate to 'https://www.velocitypayment.com/client/rad/index.html' successfully

2024-11-12 18:02:49 - [MESSAGE][PASSED] - Navigate to 'https://www.velocitypayment.com/client/rad/index.html' successfully

2024-11-12 18:02:49 - [TEST_STEP][PASSED] - orPath_Landing = "Object Repository/RAD_Pages/Landing_Page": null

2024-11-12 18:02:49 - [TEST_STEP][PASSED] - orPath_TaxTypeFilingYear = "Object Repository/RAD_Pages/TaxTypeFilingYear_Page": null

2024-11-12 18:02:49 - [TEST_STEP][PASSED] - orPath_TaxPayer = "Object Repository/RAD_Pages/Taxpayer_Page": null

2024-11-12 18:02:49 - [TEST_STEP][PASSED] - orPath_AddressContact = "Object Repository/RAD_Pages/AddressAndContactInfo_Page": null

2024-11-12 18:02:49 - [TEST_STEP][PASSED] - orPath_FilingStatus = "Object Repository/RAD_Pages/FilingStatus_Page": null

2024-11-12 18:02:49 - [TEST_STEP][PASSED] - orPath_Amount = "Object Repository/RAD_Pages/PaymentAmount_Page": null

2024-11-12 18:02:49 - [TEST_STEP][PASSED] - selectOptionByLabel(findTestObject(orPath_Landing + "/dd_TaxType"), Paymenttype, false): All options with label 'New Tax Return Amount Due' are selected in object 'Object Repository/RAD_Pages/Landing_Page/dd_TaxType' 

2024-11-12 18:02:50 - [MESSAGE][PASSED] - All options with label 'New Tax Return Amount Due' are selected in object 'Object Repository/RAD_Pages/Landing_Page/dd_TaxType' 

2024-11-12 18:02:50 - [TEST_STEP][PASSED] - delay(1): Delayed 1 second(s)

2024-11-12 18:02:51 - [MESSAGE][PASSED] - Delayed 1 second(s)

2024-11-12 18:02:51 - [TEST_STEP][PASSED] - switch (Paymenttype): null

2024-11-12 18:02:51 - [TEST_STEP][PASSED] - case "New Tax Return Amount Due":: null

2024-11-12 18:02:51 - [TEST_STEP][PASSED] - selectOptionByLabel(findTestObject("Object Repository/RAD_Pages/Landing_Page/select_NewTaxReturnAmountDue_TaxType"), Taxtype, false): All options with label 'Withholding Tax' are selected in object 'Object Repository/RAD_Pages/Landing_Page/select_NewTaxReturnAmountDue_TaxType' 

2024-11-12 18:02:52 - [MESSAGE][PASSED] - All options with label 'Withholding Tax' are selected in object 'Object Repository/RAD_Pages/Landing_Page/select_NewTaxReturnAmountDue_TaxType' 

2024-11-12 18:02:52 - [TEST_STEP][PASSED] - break: null

2024-11-12 18:02:52 - [TEST_STEP][PASSED] - delay(1): Delayed 1 second(s)

2024-11-12 18:02:53 - [MESSAGE][PASSED] - Delayed 1 second(s)

2024-11-12 18:02:53 - [TEST_STEP][PASSED] - scrollToElement(findTestObject(orPath_Amount + "/input__paymentAmount"), 3): Scroll to object 'Object Repository/RAD_Pages/PaymentAmount_Page/input__paymentAmount' successfully

2024-11-12 18:02:53 - [MESSAGE][PASSED] - Scroll to object 'Object Repository/RAD_Pages/PaymentAmount_Page/input__paymentAmount' successfully

2024-11-12 18:02:53 - [TEST_STEP][PASSED] - setText(findTestObject(orPath_AddressContact + "/input_eMailAddress"), "imtiazster@gmail.com"): Text 'imtiazster@gmail.com' is set on object 'Object Repository/RAD_Pages/AddressAndContactInfo_Page/input_eMailAddress'

2024-11-12 18:02:54 - [MESSAGE][PASSED] - Text 'imtiazster@gmail.com' is set on object 'Object Repository/RAD_Pages/AddressAndContactInfo_Page/input_eMailAddress'

2024-11-12 18:02:54 - [TEST_STEP][PASSED] - setText(findTestObject(orPath_AddressContact + "/input_reEnterEMailAddress"), "iahmed@govolution.com"): Text 'iahmed@govolution.com' is set on object 'Object Repository/RAD_Pages/AddressAndContactInfo_Page/input_reEnterEMailAddress'

2024-11-12 18:02:55 - [MESSAGE][PASSED] - Text 'iahmed@govolution.com' is set on object 'Object Repository/RAD_Pages/AddressAndContactInfo_Page/input_reEnterEMailAddress'

2024-11-12 18:02:55 - [TEST_STEP][PASSED] - delay(2): Delayed 2 second(s)

2024-11-12 18:02:57 - [MESSAGE][PASSED] - Delayed 2 second(s)

2024-11-12 18:02:57 - [TEST_STEP][PASSED] - if (verifyTextPresent("The Email and Re-enter email do not match", true)): null

2024-11-12 18:02:57 - [MESSAGE][PASSED] - Text 'The Email and Re-enter email do not match' is present on page  using regular expression

2024-11-12 18:02:57 - [TEST_STEP][PASSED] - println("Emails Dont match text is present"): null

2024-11-12 18:02:57 - [TEST_STEP][PASSED] - out.println("Pass Record Number: " + row): null

2024-11-12 18:02:57 - [TEST_STEP][PASSED] - resText = "Pass": null

2024-11-12 18:02:57 - [TEST_STEP][PASSED] - pages.WriteExcel.demoKey(resText, datText, resColumn, datCloumn, fileLoc, nameSheet, row): pages.WriteExcel.demoKey is PASSED

2024-11-12 18:02:57 - [MESSAGE][PASSED] - pages.WriteExcel.demoKey is PASSED]]></system-out>
         <system-err><![CDATA[]]></system-err>
      </testcase>
      <testcase name="Test Cases/RAD_TestCases/Negative_TestCases/TaxPayerSSNNoMatch" time="54.439" classname="Test Cases/RAD_TestCases/Negative_TestCases/TaxPayerSSNNoMatch" status="PASSED">
         <system-out><![CDATA[2024-11-12 18:02:57 - [TEST_CASE][PASSED] - Test Cases/RAD_TestCases/Negative_TestCases/TaxPayerSSNNoMatch: Test Cases/RAD_TestCases/Negative_TestCases/TaxPayerSSNNoMatch

2024-11-12 18:02:58 - [TEST_STEP][PASSED] - resText = "Fail": null

2024-11-12 18:02:58 - [TEST_STEP][PASSED] - resColumn = "Result": null

2024-11-12 18:02:58 - [TEST_STEP][PASSED] - datCloumn = "Date": null

2024-11-12 18:02:58 - [TEST_STEP][PASSED] - fileLoc = "KatalonData/RADTestData/TaxPayerSSNNoMatch.xlsx": null

2024-11-12 18:02:58 - [TEST_STEP][PASSED] - nameSheet = "Sheet1": null

2024-11-12 18:02:58 - [TEST_STEP][PASSED] - dataFile = "RADTestData/TaxPayerSSNNoMatch": null

2024-11-12 18:02:58 - [TEST_STEP][PASSED] - ExecuteTC = <not implemented yet for class: org.codehaus.groovy.ast.expr.EmptyExpression>: null

2024-11-12 18:02:58 - [TEST_STEP][PASSED] - Taxtype = <not implemented yet for class: org.codehaus.groovy.ast.expr.EmptyExpression>: null

2024-11-12 18:02:58 - [TEST_STEP][PASSED] - numOfRows = findTestData(dataFile).getRowNumbers(): null

2024-11-12 18:02:58 - [TEST_STEP][PASSED] - println("Number of Records: " + numOfRows): null

2024-11-12 18:02:58 - [TEST_STEP][PASSED] - for ([row = 1, row <= numOfRows, (row++)]): null

2024-11-12 18:02:58 - [TEST_STEP][PASSED] - ExecuteTC = findTestData(dataFile).getValue("Execute", row): null

2024-11-12 18:02:58 - [TEST_STEP][PASSED] - Taxtype = findTestData(dataFile).getValue("TaxType", row): null

2024-11-12 18:02:58 - [TEST_STEP][PASSED] - Paymenttype = findTestData(dataFile).getValue("PaymentType", row): null

2024-11-12 18:02:58 - [TEST_STEP][PASSED] - out.println("Value of Execute is : " + ExecuteTC): null

2024-11-12 18:02:58 - [TEST_STEP][PASSED] - if (ExecuteTC.equalsIgnoreCase("Y")): null

2024-11-12 18:02:58 - [TEST_STEP][PASSED] - out.println("Begin Record Number: " + row): null

2024-11-12 18:02:58 - [TEST_STEP][PASSED] - today = new java.util.Date(): null

2024-11-12 18:02:58 - [TEST_STEP][PASSED] - println(today): null

2024-11-12 18:02:58 - [TEST_STEP][PASSED] - datText = today: null

2024-11-12 18:02:58 - [TEST_STEP][PASSED] - Taxtype = findTestData(dataFile).getValue("TaxType", row): null

2024-11-12 18:02:58 - [TEST_STEP][PASSED] - out.println("Taxtype value is : " + Taxtype): null

2024-11-12 18:02:58 - [TEST_STEP][PASSED] - openBrowser(""): Browser is opened with url: ''

2024-11-12 18:02:58 - [MESSAGE][WARNING] - A browser is already opened. Closing browser and opening a new one

2024-11-12 18:03:00 - [MESSAGE][INFO] - Starting 'Chrome' driver

2024-11-12 18:03:00 - [MESSAGE][INFO] - User set preference: ['acceptInsecureCerts', 'true']

2024-11-12 18:03:00 - [MESSAGE][INFO] - Action delay is set to 0 milliseconds

2024-11-12 18:03:01 - [MESSAGE][PASSED] - Browser is opened with url: ''

2024-11-12 18:03:01 - [TEST_STEP][PASSED] - maximizeWindow(): Current window maximized

2024-11-12 18:03:01 - [MESSAGE][PASSED] - Current window maximized

2024-11-12 18:03:01 - [TEST_STEP][PASSED] - navigateToUrl(RADurl): Navigate to 'https://www.velocitypayment.com/client/rad/index.html' successfully

2024-11-12 18:03:03 - [MESSAGE][PASSED] - Navigate to 'https://www.velocitypayment.com/client/rad/index.html' successfully

2024-11-12 18:03:03 - [TEST_STEP][PASSED] - orPath_Landing = "Object Repository/RAD_Pages/Landing_Page": null

2024-11-12 18:03:03 - [TEST_STEP][PASSED] - orPath_TaxTypeFilingYear = "Object Repository/RAD_Pages/TaxTypeFilingYear_Page": null

2024-11-12 18:03:03 - [TEST_STEP][PASSED] - orPath_TaxPayer = "Object Repository/RAD_Pages/Taxpayer_Page": null

2024-11-12 18:03:03 - [TEST_STEP][PASSED] - orPath_AddressContact = "Object Repository/RAD_Pages/AddressAndContactInfo_Page": null

2024-11-12 18:03:03 - [TEST_STEP][PASSED] - orPath_FilingStatus = "Object Repository/RAD_Pages/FilingStatus_Page": null

2024-11-12 18:03:03 - [TEST_STEP][PASSED] - orPath_Amount = "Object Repository/RAD_Pages/PaymentAmount_Page": null

2024-11-12 18:03:03 - [TEST_STEP][PASSED] - orPath_TaxInfo = "Object Repository/RAD_Pages/TaxInfo_Page": null

2024-11-12 18:03:03 - [TEST_STEP][PASSED] - selectOptionByLabel(findTestObject(orPath_Landing + "/dd_TaxType"), Paymenttype, false): All options with label 'Existing Liability with Notice/Invoice Number' are selected in object 'Object Repository/RAD_Pages/Landing_Page/dd_TaxType' 

2024-11-12 18:03:04 - [MESSAGE][PASSED] - All options with label 'Existing Liability with Notice/Invoice Number' are selected in object 'Object Repository/RAD_Pages/Landing_Page/dd_TaxType' 

2024-11-12 18:03:04 - [TEST_STEP][PASSED] - delay(1): Delayed 1 second(s)

2024-11-12 18:03:05 - [MESSAGE][PASSED] - Delayed 1 second(s)

2024-11-12 18:03:05 - [TEST_STEP][PASSED] - switch (Paymenttype): null

2024-11-12 18:03:05 - [TEST_STEP][PASSED] - case "Existing Liability with Notice/Invoice Number":: null

2024-11-12 18:03:05 - [TEST_STEP][PASSED] - selectOptionByLabel(findTestObject(orPath_TaxTypeFilingYear + "/select_TaxType_ExistingLiability"), Taxtype, false): All options with label 'Personal Income Tax' are selected in object 'Object Repository/RAD_Pages/TaxTypeFilingYear_Page/select_TaxType_ExistingLiability' 

2024-11-12 18:03:06 - [MESSAGE][PASSED] - All options with label 'Personal Income Tax' are selected in object 'Object Repository/RAD_Pages/TaxTypeFilingYear_Page/select_TaxType_ExistingLiability' 

2024-11-12 18:03:06 - [TEST_STEP][PASSED] - break: null

2024-11-12 18:03:06 - [TEST_STEP][PASSED] - delay(1): Delayed 1 second(s)

2024-11-12 18:03:07 - [MESSAGE][PASSED] - Delayed 1 second(s)

2024-11-12 18:03:07 - [TEST_STEP][PASSED] - scrollToElement(findTestObject(orPath_TaxPayer + "/input_firstName"), 3): Scroll to object 'Object Repository/RAD_Pages/Taxpayer_Page/input_firstName' successfully

2024-11-12 18:03:07 - [MESSAGE][PASSED] - Scroll to object 'Object Repository/RAD_Pages/Taxpayer_Page/input_firstName' successfully

2024-11-12 18:03:07 - [TEST_STEP][PASSED] - switch (Paymenttype): null

2024-11-12 18:03:07 - [TEST_STEP][PASSED] - case "Existing Liability with Notice/Invoice Number":: null

2024-11-12 18:03:07 - [TEST_STEP][PASSED] - if (Taxtype.equalsIgnoreCase("Estate Tax")): null

2024-11-12 18:03:07 - [TEST_STEP][PASSED] - else: Text 'Anderson' is set on object 'Object Repository/RAD_Pages/Taxpayer_Page/input_lastName'

2024-11-12 18:03:07 - [TEST_STEP][PASSED] - setText(findTestObject(orPath_TaxInfo + "/input_Existing_SSN"), "111111111"): Text '111111111' is set on object 'Object Repository/RAD_Pages/TaxInfo_Page/input_Existing_SSN'

2024-11-12 18:03:08 - [MESSAGE][PASSED] - Text '111111111' is set on object 'Object Repository/RAD_Pages/TaxInfo_Page/input_Existing_SSN'

2024-11-12 18:03:08 - [TEST_STEP][PASSED] - setText(findTestObject(orPath_TaxInfo + "/input_Existing_RetypeSSN"), "222222222"): Text '222222222' is set on object 'Object Repository/RAD_Pages/TaxInfo_Page/input_Existing_RetypeSSN'

2024-11-12 18:03:08 - [MESSAGE][PASSED] - Text '222222222' is set on object 'Object Repository/RAD_Pages/TaxInfo_Page/input_Existing_RetypeSSN'

2024-11-12 18:03:08 - [TEST_STEP][PASSED] - setText(findTestObject(orPath_TaxPayer + "/input_lastName"), "Anderson"): Text 'Anderson' is set on object 'Object Repository/RAD_Pages/Taxpayer_Page/input_lastName'

2024-11-12 18:03:09 - [MESSAGE][PASSED] - Text 'Anderson' is set on object 'Object Repository/RAD_Pages/Taxpayer_Page/input_lastName'

2024-11-12 18:03:09 - [TEST_STEP][PASSED] - break: null

2024-11-12 18:03:09 - [TEST_STEP][PASSED] - delay(2): Delayed 2 second(s)

2024-11-12 18:03:11 - [MESSAGE][PASSED] - Delayed 2 second(s)

2024-11-12 18:03:11 - [TEST_STEP][PASSED] - switch (Taxtype): null

2024-11-12 18:03:11 - [TEST_STEP][PASSED] - Default: null

2024-11-12 18:03:11 - [TEST_STEP][PASSED] - if (verifyTextPresent("The SSN and Re-type SSN do not match", true)): null

2024-11-12 18:03:11 - [MESSAGE][PASSED] - Text 'The SSN and Re-type SSN do not match' is present on page  using regular expression

2024-11-12 18:03:11 - [TEST_STEP][PASSED] - println("Taxpayer SSN Dont match text is present"): null

2024-11-12 18:03:11 - [TEST_STEP][PASSED] - out.println("Pass Record Number: " + row): null

2024-11-12 18:03:11 - [TEST_STEP][PASSED] - resText = "Pass": null

2024-11-12 18:03:11 - [TEST_STEP][PASSED] - pages.WriteExcel.demoKey(resText, datText, resColumn, datCloumn, fileLoc, nameSheet, row): pages.WriteExcel.demoKey is PASSED

2024-11-12 18:03:12 - [MESSAGE][PASSED] - pages.WriteExcel.demoKey is PASSED

2024-11-12 18:03:12 - [TEST_STEP][PASSED] - break: null

2024-11-12 18:03:12 - [TEST_STEP][PASSED] - ExecuteTC = findTestData(dataFile).getValue("Execute", row): null

2024-11-12 18:03:12 - [TEST_STEP][PASSED] - Taxtype = findTestData(dataFile).getValue("TaxType", row): null

2024-11-12 18:03:12 - [TEST_STEP][PASSED] - Paymenttype = findTestData(dataFile).getValue("PaymentType", row): null

2024-11-12 18:03:12 - [TEST_STEP][PASSED] - out.println("Value of Execute is : " + ExecuteTC): null

2024-11-12 18:03:12 - [TEST_STEP][PASSED] - if (ExecuteTC.equalsIgnoreCase("Y")): null

2024-11-12 18:03:12 - [TEST_STEP][PASSED] - out.println("Begin Record Number: " + row): null

2024-11-12 18:03:12 - [TEST_STEP][PASSED] - today = new java.util.Date(): null

2024-11-12 18:03:12 - [TEST_STEP][PASSED] - println(today): null

2024-11-12 18:03:12 - [TEST_STEP][PASSED] - datText = today: null

2024-11-12 18:03:12 - [TEST_STEP][PASSED] - Taxtype = findTestData(dataFile).getValue("TaxType", row): null

2024-11-12 18:03:12 - [TEST_STEP][PASSED] - out.println("Taxtype value is : " + Taxtype): null

2024-11-12 18:03:12 - [TEST_STEP][PASSED] - openBrowser(""): Browser is opened with url: ''

2024-11-12 18:03:12 - [MESSAGE][WARNING] - A browser is already opened. Closing browser and opening a new one

2024-11-12 18:03:13 - [MESSAGE][INFO] - Starting 'Chrome' driver

2024-11-12 18:03:13 - [MESSAGE][INFO] - User set preference: ['acceptInsecureCerts', 'true']

2024-11-12 18:03:13 - [MESSAGE][INFO] - Action delay is set to 0 milliseconds

2024-11-12 18:03:15 - [MESSAGE][PASSED] - Browser is opened with url: ''

2024-11-12 18:03:15 - [TEST_STEP][PASSED] - maximizeWindow(): Current window maximized

2024-11-12 18:03:15 - [MESSAGE][PASSED] - Current window maximized

2024-11-12 18:03:15 - [TEST_STEP][PASSED] - navigateToUrl(RADurl): Navigate to 'https://www.velocitypayment.com/client/rad/index.html' successfully

2024-11-12 18:03:16 - [MESSAGE][PASSED] - Navigate to 'https://www.velocitypayment.com/client/rad/index.html' successfully

2024-11-12 18:03:16 - [TEST_STEP][PASSED] - orPath_Landing = "Object Repository/RAD_Pages/Landing_Page": null

2024-11-12 18:03:16 - [TEST_STEP][PASSED] - orPath_TaxTypeFilingYear = "Object Repository/RAD_Pages/TaxTypeFilingYear_Page": null

2024-11-12 18:03:16 - [TEST_STEP][PASSED] - orPath_TaxPayer = "Object Repository/RAD_Pages/Taxpayer_Page": null

2024-11-12 18:03:16 - [TEST_STEP][PASSED] - orPath_AddressContact = "Object Repository/RAD_Pages/AddressAndContactInfo_Page": null

2024-11-12 18:03:16 - [TEST_STEP][PASSED] - orPath_FilingStatus = "Object Repository/RAD_Pages/FilingStatus_Page": null

2024-11-12 18:03:16 - [TEST_STEP][PASSED] - orPath_Amount = "Object Repository/RAD_Pages/PaymentAmount_Page": null

2024-11-12 18:03:16 - [TEST_STEP][PASSED] - orPath_TaxInfo = "Object Repository/RAD_Pages/TaxInfo_Page": null

2024-11-12 18:03:16 - [TEST_STEP][PASSED] - selectOptionByLabel(findTestObject(orPath_Landing + "/dd_TaxType"), Paymenttype, false): All options with label 'Quarterly Estimated Tax' are selected in object 'Object Repository/RAD_Pages/Landing_Page/dd_TaxType' 

2024-11-12 18:03:17 - [MESSAGE][PASSED] - All options with label 'Quarterly Estimated Tax' are selected in object 'Object Repository/RAD_Pages/Landing_Page/dd_TaxType' 

2024-11-12 18:03:17 - [TEST_STEP][PASSED] - delay(1): Delayed 1 second(s)

2024-11-12 18:03:18 - [MESSAGE][PASSED] - Delayed 1 second(s)

2024-11-12 18:03:18 - [TEST_STEP][PASSED] - switch (Paymenttype): null

2024-11-12 18:03:18 - [TEST_STEP][PASSED] - case "Quarterly Estimated Tax":: null

2024-11-12 18:03:18 - [TEST_STEP][PASSED] - selectOptionByLabel(findTestObject(orPath_TaxTypeFilingYear + "/select_PaymentType"), Taxtype, false): All options with label 'Personal Income Tax' are selected in object 'Object Repository/RAD_Pages/TaxTypeFilingYear_Page/select_PaymentType' 

2024-11-12 18:03:19 - [MESSAGE][PASSED] - All options with label 'Personal Income Tax' are selected in object 'Object Repository/RAD_Pages/TaxTypeFilingYear_Page/select_PaymentType' 

2024-11-12 18:03:19 - [TEST_STEP][PASSED] - break: null

2024-11-12 18:03:19 - [TEST_STEP][PASSED] - delay(1): Delayed 1 second(s)

2024-11-12 18:03:20 - [MESSAGE][PASSED] - Delayed 1 second(s)

2024-11-12 18:03:20 - [TEST_STEP][PASSED] - scrollToElement(findTestObject(orPath_TaxPayer + "/input_firstName"), 3): Scroll to object 'Object Repository/RAD_Pages/Taxpayer_Page/input_firstName' successfully

2024-11-12 18:03:20 - [MESSAGE][PASSED] - Scroll to object 'Object Repository/RAD_Pages/Taxpayer_Page/input_firstName' successfully

2024-11-12 18:03:20 - [TEST_STEP][PASSED] - switch (Paymenttype): null

2024-11-12 18:03:20 - [TEST_STEP][PASSED] - case "Quarterly Estimated Tax":: null

2024-11-12 18:03:20 - [TEST_STEP][PASSED] - setText(findTestObject("RAD_RecordAndPlay/input_concatSSN"), "111111111"): Text '111111111' is set on object 'Object Repository/RAD_RecordAndPlay/input_concatSSN'

2024-11-12 18:03:21 - [MESSAGE][PASSED] - Text '111111111' is set on object 'Object Repository/RAD_RecordAndPlay/input_concatSSN'

2024-11-12 18:03:21 - [TEST_STEP][PASSED] - setText(findTestObject("RAD_RecordAndPlay/input_concatReSSN"), "222222222"): Text '222222222' is set on object 'Object Repository/RAD_RecordAndPlay/input_concatReSSN'

2024-11-12 18:03:21 - [MESSAGE][PASSED] - Text '222222222' is set on object 'Object Repository/RAD_RecordAndPlay/input_concatReSSN'

2024-11-12 18:03:21 - [TEST_STEP][PASSED] - setText(findTestObject(orPath_TaxPayer + "/input_lastName"), "Anderson"): Text 'Anderson' is set on object 'Object Repository/RAD_Pages/Taxpayer_Page/input_lastName'

2024-11-12 18:03:22 - [MESSAGE][PASSED] - Text 'Anderson' is set on object 'Object Repository/RAD_Pages/Taxpayer_Page/input_lastName'

2024-11-12 18:03:22 - [TEST_STEP][PASSED] - break: null

2024-11-12 18:03:22 - [TEST_STEP][PASSED] - delay(2): Delayed 2 second(s)

2024-11-12 18:03:24 - [MESSAGE][PASSED] - Delayed 2 second(s)

2024-11-12 18:03:24 - [TEST_STEP][PASSED] - switch (Taxtype): null

2024-11-12 18:03:24 - [TEST_STEP][PASSED] - Default: null

2024-11-12 18:03:24 - [TEST_STEP][PASSED] - if (verifyTextPresent("The SSN and Re-type SSN do not match", true)): null

2024-11-12 18:03:25 - [MESSAGE][PASSED] - Text 'The SSN and Re-type SSN do not match' is present on page  using regular expression

2024-11-12 18:03:25 - [TEST_STEP][PASSED] - println("Taxpayer SSN Dont match text is present"): null

2024-11-12 18:03:25 - [TEST_STEP][PASSED] - out.println("Pass Record Number: " + row): null

2024-11-12 18:03:25 - [TEST_STEP][PASSED] - resText = "Pass": null

2024-11-12 18:03:25 - [TEST_STEP][PASSED] - pages.WriteExcel.demoKey(resText, datText, resColumn, datCloumn, fileLoc, nameSheet, row): pages.WriteExcel.demoKey is PASSED

2024-11-12 18:03:25 - [MESSAGE][PASSED] - pages.WriteExcel.demoKey is PASSED

2024-11-12 18:03:25 - [TEST_STEP][PASSED] - break: null

2024-11-12 18:03:25 - [TEST_STEP][PASSED] - ExecuteTC = findTestData(dataFile).getValue("Execute", row): null

2024-11-12 18:03:25 - [TEST_STEP][PASSED] - Taxtype = findTestData(dataFile).getValue("TaxType", row): null

2024-11-12 18:03:25 - [TEST_STEP][PASSED] - Paymenttype = findTestData(dataFile).getValue("PaymentType", row): null

2024-11-12 18:03:25 - [TEST_STEP][PASSED] - out.println("Value of Execute is : " + ExecuteTC): null

2024-11-12 18:03:25 - [TEST_STEP][PASSED] - if (ExecuteTC.equalsIgnoreCase("Y")): null

2024-11-12 18:03:25 - [TEST_STEP][PASSED] - out.println("Begin Record Number: " + row): null

2024-11-12 18:03:25 - [TEST_STEP][PASSED] - today = new java.util.Date(): null

2024-11-12 18:03:25 - [TEST_STEP][PASSED] - println(today): null

2024-11-12 18:03:25 - [TEST_STEP][PASSED] - datText = today: null

2024-11-12 18:03:25 - [TEST_STEP][PASSED] - Taxtype = findTestData(dataFile).getValue("TaxType", row): null

2024-11-12 18:03:25 - [TEST_STEP][PASSED] - out.println("Taxtype value is : " + Taxtype): null

2024-11-12 18:03:25 - [TEST_STEP][PASSED] - openBrowser(""): Browser is opened with url: ''

2024-11-12 18:03:25 - [MESSAGE][WARNING] - A browser is already opened. Closing browser and opening a new one

2024-11-12 18:03:26 - [MESSAGE][INFO] - Starting 'Chrome' driver

2024-11-12 18:03:26 - [MESSAGE][INFO] - User set preference: ['acceptInsecureCerts', 'true']

2024-11-12 18:03:26 - [MESSAGE][INFO] - Action delay is set to 0 milliseconds

2024-11-12 18:03:28 - [MESSAGE][PASSED] - Browser is opened with url: ''

2024-11-12 18:03:28 - [TEST_STEP][PASSED] - maximizeWindow(): Current window maximized

2024-11-12 18:03:28 - [MESSAGE][PASSED] - Current window maximized

2024-11-12 18:03:28 - [TEST_STEP][PASSED] - navigateToUrl(RADurl): Navigate to 'https://www.velocitypayment.com/client/rad/index.html' successfully

2024-11-12 18:03:30 - [MESSAGE][PASSED] - Navigate to 'https://www.velocitypayment.com/client/rad/index.html' successfully

2024-11-12 18:03:30 - [TEST_STEP][PASSED] - orPath_Landing = "Object Repository/RAD_Pages/Landing_Page": null

2024-11-12 18:03:30 - [TEST_STEP][PASSED] - orPath_TaxTypeFilingYear = "Object Repository/RAD_Pages/TaxTypeFilingYear_Page": null

2024-11-12 18:03:30 - [TEST_STEP][PASSED] - orPath_TaxPayer = "Object Repository/RAD_Pages/Taxpayer_Page": null

2024-11-12 18:03:30 - [TEST_STEP][PASSED] - orPath_AddressContact = "Object Repository/RAD_Pages/AddressAndContactInfo_Page": null

2024-11-12 18:03:30 - [TEST_STEP][PASSED] - orPath_FilingStatus = "Object Repository/RAD_Pages/FilingStatus_Page": null

2024-11-12 18:03:30 - [TEST_STEP][PASSED] - orPath_Amount = "Object Repository/RAD_Pages/PaymentAmount_Page": null

2024-11-12 18:03:30 - [TEST_STEP][PASSED] - orPath_TaxInfo = "Object Repository/RAD_Pages/TaxInfo_Page": null

2024-11-12 18:03:30 - [TEST_STEP][PASSED] - selectOptionByLabel(findTestObject(orPath_Landing + "/dd_TaxType"), Paymenttype, false): All options with label 'Extension Payments' are selected in object 'Object Repository/RAD_Pages/Landing_Page/dd_TaxType' 

2024-11-12 18:03:30 - [MESSAGE][PASSED] - All options with label 'Extension Payments' are selected in object 'Object Repository/RAD_Pages/Landing_Page/dd_TaxType' 

2024-11-12 18:03:30 - [TEST_STEP][PASSED] - delay(1): Delayed 1 second(s)

2024-11-12 18:03:31 - [MESSAGE][PASSED] - Delayed 1 second(s)

2024-11-12 18:03:31 - [TEST_STEP][PASSED] - switch (Paymenttype): null

2024-11-12 18:03:31 - [TEST_STEP][PASSED] - case "Extension Payments":: null

2024-11-12 18:03:31 - [TEST_STEP][PASSED] - selectOptionByLabel(findTestObject(orPath_TaxTypeFilingYear + "/select_PaymentType"), Taxtype, false): All options with label 'Personal Income Tax' are selected in object 'Object Repository/RAD_Pages/TaxTypeFilingYear_Page/select_PaymentType' 

2024-11-12 18:03:32 - [MESSAGE][PASSED] - All options with label 'Personal Income Tax' are selected in object 'Object Repository/RAD_Pages/TaxTypeFilingYear_Page/select_PaymentType' 

2024-11-12 18:03:32 - [TEST_STEP][PASSED] - break: null

2024-11-12 18:03:32 - [TEST_STEP][PASSED] - delay(1): Delayed 1 second(s)

2024-11-12 18:03:33 - [MESSAGE][PASSED] - Delayed 1 second(s)

2024-11-12 18:03:33 - [TEST_STEP][PASSED] - scrollToElement(findTestObject(orPath_TaxPayer + "/input_firstName"), 3): Scroll to object 'Object Repository/RAD_Pages/Taxpayer_Page/input_firstName' successfully

2024-11-12 18:03:33 - [MESSAGE][PASSED] - Scroll to object 'Object Repository/RAD_Pages/Taxpayer_Page/input_firstName' successfully

2024-11-12 18:03:33 - [TEST_STEP][PASSED] - switch (Paymenttype): null

2024-11-12 18:03:33 - [TEST_STEP][PASSED] - case "Extension Payments":: null

2024-11-12 18:03:33 - [TEST_STEP][PASSED] - setText(findTestObject("RAD_RecordAndPlay/input_concatSSN"), "111111111"): Text '111111111' is set on object 'Object Repository/RAD_RecordAndPlay/input_concatSSN'

2024-11-12 18:03:34 - [MESSAGE][PASSED] - Text '111111111' is set on object 'Object Repository/RAD_RecordAndPlay/input_concatSSN'

2024-11-12 18:03:34 - [TEST_STEP][PASSED] - setText(findTestObject("RAD_RecordAndPlay/input_concatReSSN"), "222222222"): Text '222222222' is set on object 'Object Repository/RAD_RecordAndPlay/input_concatReSSN'

2024-11-12 18:03:35 - [MESSAGE][PASSED] - Text '222222222' is set on object 'Object Repository/RAD_RecordAndPlay/input_concatReSSN'

2024-11-12 18:03:35 - [TEST_STEP][PASSED] - setText(findTestObject(orPath_TaxPayer + "/input_lastName"), "Anderson"): Text 'Anderson' is set on object 'Object Repository/RAD_Pages/Taxpayer_Page/input_lastName'

2024-11-12 18:03:35 - [MESSAGE][PASSED] - Text 'Anderson' is set on object 'Object Repository/RAD_Pages/Taxpayer_Page/input_lastName'

2024-11-12 18:03:35 - [TEST_STEP][PASSED] - break: null

2024-11-12 18:03:35 - [TEST_STEP][PASSED] - delay(2): Delayed 2 second(s)

2024-11-12 18:03:37 - [MESSAGE][PASSED] - Delayed 2 second(s)

2024-11-12 18:03:37 - [TEST_STEP][PASSED] - switch (Taxtype): null

2024-11-12 18:03:37 - [TEST_STEP][PASSED] - Default: null

2024-11-12 18:03:37 - [TEST_STEP][PASSED] - if (verifyTextPresent("The SSN and Re-type SSN do not match", true)): null

2024-11-12 18:03:38 - [MESSAGE][PASSED] - Text 'The SSN and Re-type SSN do not match' is present on page  using regular expression

2024-11-12 18:03:38 - [TEST_STEP][PASSED] - println("Taxpayer SSN Dont match text is present"): null

2024-11-12 18:03:38 - [TEST_STEP][PASSED] - out.println("Pass Record Number: " + row): null

2024-11-12 18:03:38 - [TEST_STEP][PASSED] - resText = "Pass": null

2024-11-12 18:03:38 - [TEST_STEP][PASSED] - pages.WriteExcel.demoKey(resText, datText, resColumn, datCloumn, fileLoc, nameSheet, row): pages.WriteExcel.demoKey is PASSED

2024-11-12 18:03:38 - [MESSAGE][PASSED] - pages.WriteExcel.demoKey is PASSED

2024-11-12 18:03:38 - [TEST_STEP][PASSED] - break: null

2024-11-12 18:03:38 - [TEST_STEP][PASSED] - ExecuteTC = findTestData(dataFile).getValue("Execute", row): null

2024-11-12 18:03:38 - [TEST_STEP][PASSED] - Taxtype = findTestData(dataFile).getValue("TaxType", row): null

2024-11-12 18:03:38 - [TEST_STEP][PASSED] - Paymenttype = findTestData(dataFile).getValue("PaymentType", row): null

2024-11-12 18:03:38 - [TEST_STEP][PASSED] - out.println("Value of Execute is : " + ExecuteTC): null

2024-11-12 18:03:38 - [TEST_STEP][PASSED] - if (ExecuteTC.equalsIgnoreCase("Y")): null

2024-11-12 18:03:38 - [TEST_STEP][PASSED] - out.println("Begin Record Number: " + row): null

2024-11-12 18:03:38 - [TEST_STEP][PASSED] - today = new java.util.Date(): null

2024-11-12 18:03:38 - [TEST_STEP][PASSED] - println(today): null

2024-11-12 18:03:38 - [TEST_STEP][PASSED] - datText = today: null

2024-11-12 18:03:38 - [TEST_STEP][PASSED] - Taxtype = findTestData(dataFile).getValue("TaxType", row): null

2024-11-12 18:03:38 - [TEST_STEP][PASSED] - out.println("Taxtype value is : " + Taxtype): null

2024-11-12 18:03:38 - [TEST_STEP][PASSED] - openBrowser(""): Browser is opened with url: ''

2024-11-12 18:03:38 - [MESSAGE][WARNING] - A browser is already opened. Closing browser and opening a new one

2024-11-12 18:03:40 - [MESSAGE][INFO] - Starting 'Chrome' driver

2024-11-12 18:03:40 - [MESSAGE][INFO] - User set preference: ['acceptInsecureCerts', 'true']

2024-11-12 18:03:40 - [MESSAGE][INFO] - Action delay is set to 0 milliseconds

2024-11-12 18:03:42 - [MESSAGE][PASSED] - Browser is opened with url: ''

2024-11-12 18:03:42 - [TEST_STEP][PASSED] - maximizeWindow(): Current window maximized

2024-11-12 18:03:42 - [MESSAGE][PASSED] - Current window maximized

2024-11-12 18:03:42 - [TEST_STEP][PASSED] - navigateToUrl(RADurl): Navigate to 'https://www.velocitypayment.com/client/rad/index.html' successfully

2024-11-12 18:03:43 - [MESSAGE][PASSED] - Navigate to 'https://www.velocitypayment.com/client/rad/index.html' successfully

2024-11-12 18:03:43 - [TEST_STEP][PASSED] - orPath_Landing = "Object Repository/RAD_Pages/Landing_Page": null

2024-11-12 18:03:43 - [TEST_STEP][PASSED] - orPath_TaxTypeFilingYear = "Object Repository/RAD_Pages/TaxTypeFilingYear_Page": null

2024-11-12 18:03:43 - [TEST_STEP][PASSED] - orPath_TaxPayer = "Object Repository/RAD_Pages/Taxpayer_Page": null

2024-11-12 18:03:43 - [TEST_STEP][PASSED] - orPath_AddressContact = "Object Repository/RAD_Pages/AddressAndContactInfo_Page": null

2024-11-12 18:03:43 - [TEST_STEP][PASSED] - orPath_FilingStatus = "Object Repository/RAD_Pages/FilingStatus_Page": null

2024-11-12 18:03:43 - [TEST_STEP][PASSED] - orPath_Amount = "Object Repository/RAD_Pages/PaymentAmount_Page": null

2024-11-12 18:03:43 - [TEST_STEP][PASSED] - orPath_TaxInfo = "Object Repository/RAD_Pages/TaxInfo_Page": null

2024-11-12 18:03:43 - [TEST_STEP][PASSED] - selectOptionByLabel(findTestObject(orPath_Landing + "/dd_TaxType"), Paymenttype, false): All options with label 'New Tax Return Amount Due' are selected in object 'Object Repository/RAD_Pages/Landing_Page/dd_TaxType' 

2024-11-12 18:03:44 - [MESSAGE][PASSED] - All options with label 'New Tax Return Amount Due' are selected in object 'Object Repository/RAD_Pages/Landing_Page/dd_TaxType' 

2024-11-12 18:03:44 - [TEST_STEP][PASSED] - delay(1): Delayed 1 second(s)

2024-11-12 18:03:45 - [MESSAGE][PASSED] - Delayed 1 second(s)

2024-11-12 18:03:45 - [TEST_STEP][PASSED] - switch (Paymenttype): null

2024-11-12 18:03:45 - [TEST_STEP][PASSED] - case "New Tax Return Amount Due":: null

2024-11-12 18:03:45 - [TEST_STEP][PASSED] - selectOptionByLabel(findTestObject("Object Repository/RAD_Pages/Landing_Page/select_NewTaxReturnAmountDue_TaxType"), Taxtype, false): All options with label 'Personal Income Tax' are selected in object 'Object Repository/RAD_Pages/Landing_Page/select_NewTaxReturnAmountDue_TaxType' 

2024-11-12 18:03:46 - [MESSAGE][PASSED] - All options with label 'Personal Income Tax' are selected in object 'Object Repository/RAD_Pages/Landing_Page/select_NewTaxReturnAmountDue_TaxType' 

2024-11-12 18:03:46 - [TEST_STEP][PASSED] - break: null

2024-11-12 18:03:46 - [TEST_STEP][PASSED] - delay(1): Delayed 1 second(s)

2024-11-12 18:03:47 - [MESSAGE][PASSED] - Delayed 1 second(s)

2024-11-12 18:03:47 - [TEST_STEP][PASSED] - scrollToElement(findTestObject(orPath_TaxPayer + "/input_firstName"), 3): Scroll to object 'Object Repository/RAD_Pages/Taxpayer_Page/input_firstName' successfully

2024-11-12 18:03:47 - [MESSAGE][PASSED] - Scroll to object 'Object Repository/RAD_Pages/Taxpayer_Page/input_firstName' successfully

2024-11-12 18:03:47 - [TEST_STEP][PASSED] - switch (Paymenttype): null

2024-11-12 18:03:47 - [TEST_STEP][PASSED] - case "New Tax Return Amount Due":: null

2024-11-12 18:03:47 - [TEST_STEP][PASSED] - if (Taxtype.equalsIgnoreCase("Estate Tax")): null

2024-11-12 18:03:47 - [TEST_STEP][PASSED] - else: Text 'Anderson' is set on object 'Object Repository/RAD_Pages/Taxpayer_Page/input_lastName'

2024-11-12 18:03:47 - [TEST_STEP][PASSED] - setText(findTestObject("RAD_RecordAndPlay/input_concatSSN"), "111111111"): Text '111111111' is set on object 'Object Repository/RAD_RecordAndPlay/input_concatSSN'

2024-11-12 18:03:48 - [MESSAGE][PASSED] - Text '111111111' is set on object 'Object Repository/RAD_RecordAndPlay/input_concatSSN'

2024-11-12 18:03:48 - [TEST_STEP][PASSED] - setText(findTestObject("RAD_RecordAndPlay/input_concatReSSN"), "222222222"): Text '222222222' is set on object 'Object Repository/RAD_RecordAndPlay/input_concatReSSN'

2024-11-12 18:03:48 - [MESSAGE][PASSED] - Text '222222222' is set on object 'Object Repository/RAD_RecordAndPlay/input_concatReSSN'

2024-11-12 18:03:48 - [TEST_STEP][PASSED] - setText(findTestObject(orPath_TaxPayer + "/input_lastName"), "Anderson"): Text 'Anderson' is set on object 'Object Repository/RAD_Pages/Taxpayer_Page/input_lastName'

2024-11-12 18:03:49 - [MESSAGE][PASSED] - Text 'Anderson' is set on object 'Object Repository/RAD_Pages/Taxpayer_Page/input_lastName'

2024-11-12 18:03:49 - [TEST_STEP][PASSED] - break: null

2024-11-12 18:03:49 - [TEST_STEP][PASSED] - delay(2): Delayed 2 second(s)

2024-11-12 18:03:51 - [MESSAGE][PASSED] - Delayed 2 second(s)

2024-11-12 18:03:51 - [TEST_STEP][PASSED] - switch (Taxtype): null

2024-11-12 18:03:51 - [TEST_STEP][PASSED] - Default: null

2024-11-12 18:03:51 - [TEST_STEP][PASSED] - if (verifyTextPresent("The SSN and Re-type SSN do not match", true)): null

2024-11-12 18:03:51 - [MESSAGE][PASSED] - Text 'The SSN and Re-type SSN do not match' is present on page  using regular expression

2024-11-12 18:03:51 - [TEST_STEP][PASSED] - println("Taxpayer SSN Dont match text is present"): null

2024-11-12 18:03:51 - [TEST_STEP][PASSED] - out.println("Pass Record Number: " + row): null

2024-11-12 18:03:51 - [TEST_STEP][PASSED] - resText = "Pass": null

2024-11-12 18:03:51 - [TEST_STEP][PASSED] - pages.WriteExcel.demoKey(resText, datText, resColumn, datCloumn, fileLoc, nameSheet, row): pages.WriteExcel.demoKey is PASSED

2024-11-12 18:03:51 - [MESSAGE][PASSED] - pages.WriteExcel.demoKey is PASSED

2024-11-12 18:03:51 - [TEST_STEP][PASSED] - break: null

2024-11-12 18:03:51 - [TEST_STEP][PASSED] - ExecuteTC = findTestData(dataFile).getValue("Execute", row): null

2024-11-12 18:03:52 - [TEST_STEP][PASSED] - Taxtype = findTestData(dataFile).getValue("TaxType", row): null

2024-11-12 18:03:52 - [TEST_STEP][PASSED] - Paymenttype = findTestData(dataFile).getValue("PaymentType", row): null

2024-11-12 18:03:52 - [TEST_STEP][PASSED] - out.println("Value of Execute is : " + ExecuteTC): null

2024-11-12 18:03:52 - [TEST_STEP][PASSED] - if (ExecuteTC.equalsIgnoreCase("Y")): null

2024-11-12 18:03:52 - [TEST_STEP][PASSED] - ExecuteTC = findTestData(dataFile).getValue("Execute", row): null

2024-11-12 18:03:52 - [TEST_STEP][PASSED] - Taxtype = findTestData(dataFile).getValue("TaxType", row): null

2024-11-12 18:03:52 - [TEST_STEP][PASSED] - Paymenttype = findTestData(dataFile).getValue("PaymentType", row): null

2024-11-12 18:03:52 - [TEST_STEP][PASSED] - out.println("Value of Execute is : " + ExecuteTC): null

2024-11-12 18:03:52 - [TEST_STEP][PASSED] - if (ExecuteTC.equalsIgnoreCase("Y")): null]]></system-out>
         <system-err><![CDATA[]]></system-err>
      </testcase>
      <testcase name="Test Cases/RAD_TestCases/Negative_TestCases/SSNmoreThan9Error" time="52.282" classname="Test Cases/RAD_TestCases/Negative_TestCases/SSNmoreThan9Error" status="PASSED">
         <system-out><![CDATA[2024-11-12 18:03:52 - [TEST_CASE][PASSED] - Test Cases/RAD_TestCases/Negative_TestCases/SSNmoreThan9Error: Test Cases/RAD_TestCases/Negative_TestCases/SSNmoreThan9Error

2024-11-12 18:03:53 - [TEST_STEP][PASSED] - resText = "Fail": null

2024-11-12 18:03:53 - [TEST_STEP][PASSED] - resColumn = "Result": null

2024-11-12 18:03:53 - [TEST_STEP][PASSED] - datCloumn = "Date": null

2024-11-12 18:03:53 - [TEST_STEP][PASSED] - fileLoc = "KatalonData/RADTestData/SSNmoreThan9Error.xlsx": null

2024-11-12 18:03:53 - [TEST_STEP][PASSED] - nameSheet = "Sheet1": null

2024-11-12 18:03:53 - [TEST_STEP][PASSED] - dataFile = "RADTestData/SSNmoreThan9Error": null

2024-11-12 18:03:53 - [TEST_STEP][PASSED] - ExecuteTC = <not implemented yet for class: org.codehaus.groovy.ast.expr.EmptyExpression>: null

2024-11-12 18:03:53 - [TEST_STEP][PASSED] - Taxtype = <not implemented yet for class: org.codehaus.groovy.ast.expr.EmptyExpression>: null

2024-11-12 18:03:53 - [TEST_STEP][PASSED] - numOfRows = findTestData(dataFile).getRowNumbers(): null

2024-11-12 18:03:53 - [TEST_STEP][PASSED] - println("Number of Records: " + numOfRows): null

2024-11-12 18:03:53 - [TEST_STEP][PASSED] - for ([row = 1, row <= numOfRows, (row++)]): null

2024-11-12 18:03:53 - [TEST_STEP][PASSED] - ExecuteTC = findTestData(dataFile).getValue("Execute", row): null

2024-11-12 18:03:53 - [TEST_STEP][PASSED] - Taxtype = findTestData(dataFile).getValue("TaxType", row): null

2024-11-12 18:03:53 - [TEST_STEP][PASSED] - Paymenttype = findTestData(dataFile).getValue("PaymentType", row): null

2024-11-12 18:03:53 - [TEST_STEP][PASSED] - out.println("Value of Execute is : " + ExecuteTC): null

2024-11-12 18:03:53 - [TEST_STEP][PASSED] - if (ExecuteTC.equalsIgnoreCase("Y")): null

2024-11-12 18:03:53 - [TEST_STEP][PASSED] - out.println("Begin Record Number: " + row): null

2024-11-12 18:03:53 - [TEST_STEP][PASSED] - today = new java.util.Date(): null

2024-11-12 18:03:53 - [TEST_STEP][PASSED] - println(today): null

2024-11-12 18:03:53 - [TEST_STEP][PASSED] - datText = today: null

2024-11-12 18:03:53 - [TEST_STEP][PASSED] - Taxtype = findTestData(dataFile).getValue("TaxType", row): null

2024-11-12 18:03:53 - [TEST_STEP][PASSED] - out.println("Taxtype value is : " + Taxtype): null

2024-11-12 18:03:53 - [TEST_STEP][PASSED] - openBrowser(""): Browser is opened with url: ''

2024-11-12 18:03:53 - [MESSAGE][WARNING] - A browser is already opened. Closing browser and opening a new one

2024-11-12 18:03:55 - [MESSAGE][INFO] - Starting 'Chrome' driver

2024-11-12 18:03:55 - [MESSAGE][INFO] - User set preference: ['acceptInsecureCerts', 'true']

2024-11-12 18:03:55 - [MESSAGE][INFO] - Action delay is set to 0 milliseconds

2024-11-12 18:03:56 - [MESSAGE][PASSED] - Browser is opened with url: ''

2024-11-12 18:03:56 - [TEST_STEP][PASSED] - maximizeWindow(): Current window maximized

2024-11-12 18:03:56 - [MESSAGE][PASSED] - Current window maximized

2024-11-12 18:03:56 - [TEST_STEP][PASSED] - navigateToUrl(RADurl): Navigate to 'https://www.velocitypayment.com/client/rad/index.html' successfully

2024-11-12 18:03:58 - [MESSAGE][PASSED] - Navigate to 'https://www.velocitypayment.com/client/rad/index.html' successfully

2024-11-12 18:03:58 - [TEST_STEP][PASSED] - orPath_Landing = "Object Repository/RAD_Pages/Landing_Page": null

2024-11-12 18:03:58 - [TEST_STEP][PASSED] - orPath_TaxTypeFilingYear = "Object Repository/RAD_Pages/TaxTypeFilingYear_Page": null

2024-11-12 18:03:58 - [TEST_STEP][PASSED] - orPath_TaxPayer = "Object Repository/RAD_Pages/Taxpayer_Page": null

2024-11-12 18:03:58 - [TEST_STEP][PASSED] - orPath_AddressContact = "Object Repository/RAD_Pages/AddressAndContactInfo_Page": null

2024-11-12 18:03:58 - [TEST_STEP][PASSED] - orPath_FilingStatus = "Object Repository/RAD_Pages/FilingStatus_Page": null

2024-11-12 18:03:58 - [TEST_STEP][PASSED] - orPath_Amount = "Object Repository/RAD_Pages/PaymentAmount_Page": null

2024-11-12 18:03:58 - [TEST_STEP][PASSED] - orPath_TaxInfo = "Object Repository/RAD_Pages/TaxInfo_Page": null

2024-11-12 18:03:58 - [TEST_STEP][PASSED] - selectOptionByLabel(findTestObject(orPath_Landing + "/dd_TaxType"), Paymenttype, false): All options with label 'Existing Liability with Notice/Invoice Number' are selected in object 'Object Repository/RAD_Pages/Landing_Page/dd_TaxType' 

2024-11-12 18:03:59 - [MESSAGE][PASSED] - All options with label 'Existing Liability with Notice/Invoice Number' are selected in object 'Object Repository/RAD_Pages/Landing_Page/dd_TaxType' 

2024-11-12 18:03:59 - [TEST_STEP][PASSED] - delay(1): Delayed 1 second(s)

2024-11-12 18:04:00 - [MESSAGE][PASSED] - Delayed 1 second(s)

2024-11-12 18:04:00 - [TEST_STEP][PASSED] - switch (Paymenttype): null

2024-11-12 18:04:00 - [TEST_STEP][PASSED] - case "Existing Liability with Notice/Invoice Number":: null

2024-11-12 18:04:00 - [TEST_STEP][PASSED] - selectOptionByLabel(findTestObject(orPath_TaxTypeFilingYear + "/select_TaxType_ExistingLiability"), Taxtype, false): All options with label 'Personal Income Tax' are selected in object 'Object Repository/RAD_Pages/TaxTypeFilingYear_Page/select_TaxType_ExistingLiability' 

2024-11-12 18:04:00 - [MESSAGE][PASSED] - All options with label 'Personal Income Tax' are selected in object 'Object Repository/RAD_Pages/TaxTypeFilingYear_Page/select_TaxType_ExistingLiability' 

2024-11-12 18:04:00 - [TEST_STEP][PASSED] - break: null

2024-11-12 18:04:00 - [TEST_STEP][PASSED] - delay(1): Delayed 1 second(s)

2024-11-12 18:04:01 - [MESSAGE][PASSED] - Delayed 1 second(s)

2024-11-12 18:04:01 - [TEST_STEP][PASSED] - scrollToElement(findTestObject(orPath_TaxPayer + "/input_firstName"), 3): Scroll to object 'Object Repository/RAD_Pages/Taxpayer_Page/input_firstName' successfully

2024-11-12 18:04:02 - [MESSAGE][PASSED] - Scroll to object 'Object Repository/RAD_Pages/Taxpayer_Page/input_firstName' successfully

2024-11-12 18:04:02 - [TEST_STEP][PASSED] - switch (Paymenttype): null

2024-11-12 18:04:02 - [TEST_STEP][PASSED] - case "Existing Liability with Notice/Invoice Number":: null

2024-11-12 18:04:02 - [TEST_STEP][PASSED] - if (Taxtype.equalsIgnoreCase("Estate Tax")): null

2024-11-12 18:04:02 - [TEST_STEP][PASSED] - else: Text '' is set on object 'Object Repository/RAD_Pages/TaxInfo_Page/input_Existing_RetypeSSN'

2024-11-12 18:04:02 - [TEST_STEP][PASSED] - setText(findTestObject(orPath_TaxInfo + "/input_Existing_SSN"), "1111111111"): Text '1111111111' is set on object 'Object Repository/RAD_Pages/TaxInfo_Page/input_Existing_SSN'

2024-11-12 18:04:02 - [MESSAGE][PASSED] - Text '1111111111' is set on object 'Object Repository/RAD_Pages/TaxInfo_Page/input_Existing_SSN'

2024-11-12 18:04:02 - [TEST_STEP][PASSED] - setText(findTestObject(orPath_TaxInfo + "/input_Existing_RetypeSSN"), ""): Text '' is set on object 'Object Repository/RAD_Pages/TaxInfo_Page/input_Existing_RetypeSSN'

2024-11-12 18:04:03 - [MESSAGE][PASSED] - Text '' is set on object 'Object Repository/RAD_Pages/TaxInfo_Page/input_Existing_RetypeSSN'

2024-11-12 18:04:03 - [TEST_STEP][PASSED] - break: null

2024-11-12 18:04:03 - [TEST_STEP][PASSED] - delay(2): Delayed 2 second(s)

2024-11-12 18:04:05 - [MESSAGE][PASSED] - Delayed 2 second(s)

2024-11-12 18:04:05 - [TEST_STEP][PASSED] - switch (Taxtype): null

2024-11-12 18:04:05 - [TEST_STEP][PASSED] - Default: null

2024-11-12 18:04:05 - [TEST_STEP][PASSED] - if (verifyTextPresent("Please enter a valid SSN with 9 digits", true)): null

2024-11-12 18:04:05 - [MESSAGE][PASSED] - Text 'Please enter a valid SSN with 9 digits' is present on page  using regular expression

2024-11-12 18:04:05 - [TEST_STEP][PASSED] - println("Please enter a valid SSN with 9 digits"): null

2024-11-12 18:04:05 - [TEST_STEP][PASSED] - out.println("Pass Record Number: " + row): null

2024-11-12 18:04:05 - [TEST_STEP][PASSED] - resText = "Pass": null

2024-11-12 18:04:05 - [TEST_STEP][PASSED] - pages.WriteExcel.demoKey(resText, datText, resColumn, datCloumn, fileLoc, nameSheet, row): pages.WriteExcel.demoKey is PASSED

2024-11-12 18:04:05 - [MESSAGE][PASSED] - pages.WriteExcel.demoKey is PASSED

2024-11-12 18:04:05 - [TEST_STEP][PASSED] - break: null

2024-11-12 18:04:05 - [TEST_STEP][PASSED] - ExecuteTC = findTestData(dataFile).getValue("Execute", row): null

2024-11-12 18:04:05 - [TEST_STEP][PASSED] - Taxtype = findTestData(dataFile).getValue("TaxType", row): null

2024-11-12 18:04:06 - [TEST_STEP][PASSED] - Paymenttype = findTestData(dataFile).getValue("PaymentType", row): null

2024-11-12 18:04:06 - [TEST_STEP][PASSED] - out.println("Value of Execute is : " + ExecuteTC): null

2024-11-12 18:04:06 - [TEST_STEP][PASSED] - if (ExecuteTC.equalsIgnoreCase("Y")): null

2024-11-12 18:04:06 - [TEST_STEP][PASSED] - out.println("Begin Record Number: " + row): null

2024-11-12 18:04:06 - [TEST_STEP][PASSED] - today = new java.util.Date(): null

2024-11-12 18:04:06 - [TEST_STEP][PASSED] - println(today): null

2024-11-12 18:04:06 - [TEST_STEP][PASSED] - datText = today: null

2024-11-12 18:04:06 - [TEST_STEP][PASSED] - Taxtype = findTestData(dataFile).getValue("TaxType", row): null

2024-11-12 18:04:06 - [TEST_STEP][PASSED] - out.println("Taxtype value is : " + Taxtype): null

2024-11-12 18:04:06 - [TEST_STEP][PASSED] - openBrowser(""): Browser is opened with url: ''

2024-11-12 18:04:06 - [MESSAGE][WARNING] - A browser is already opened. Closing browser and opening a new one

2024-11-12 18:04:07 - [MESSAGE][INFO] - Starting 'Chrome' driver

2024-11-12 18:04:07 - [MESSAGE][INFO] - User set preference: ['acceptInsecureCerts', 'true']

2024-11-12 18:04:07 - [MESSAGE][INFO] - Action delay is set to 0 milliseconds

2024-11-12 18:04:09 - [MESSAGE][PASSED] - Browser is opened with url: ''

2024-11-12 18:04:09 - [TEST_STEP][PASSED] - maximizeWindow(): Current window maximized

2024-11-12 18:04:09 - [MESSAGE][PASSED] - Current window maximized

2024-11-12 18:04:09 - [TEST_STEP][PASSED] - navigateToUrl(RADurl): Navigate to 'https://www.velocitypayment.com/client/rad/index.html' successfully

2024-11-12 18:04:11 - [MESSAGE][PASSED] - Navigate to 'https://www.velocitypayment.com/client/rad/index.html' successfully

2024-11-12 18:04:11 - [TEST_STEP][PASSED] - orPath_Landing = "Object Repository/RAD_Pages/Landing_Page": null

2024-11-12 18:04:11 - [TEST_STEP][PASSED] - orPath_TaxTypeFilingYear = "Object Repository/RAD_Pages/TaxTypeFilingYear_Page": null

2024-11-12 18:04:11 - [TEST_STEP][PASSED] - orPath_TaxPayer = "Object Repository/RAD_Pages/Taxpayer_Page": null

2024-11-12 18:04:11 - [TEST_STEP][PASSED] - orPath_AddressContact = "Object Repository/RAD_Pages/AddressAndContactInfo_Page": null

2024-11-12 18:04:11 - [TEST_STEP][PASSED] - orPath_FilingStatus = "Object Repository/RAD_Pages/FilingStatus_Page": null

2024-11-12 18:04:11 - [TEST_STEP][PASSED] - orPath_Amount = "Object Repository/RAD_Pages/PaymentAmount_Page": null

2024-11-12 18:04:11 - [TEST_STEP][PASSED] - orPath_TaxInfo = "Object Repository/RAD_Pages/TaxInfo_Page": null

2024-11-12 18:04:11 - [TEST_STEP][PASSED] - selectOptionByLabel(findTestObject(orPath_Landing + "/dd_TaxType"), Paymenttype, false): All options with label 'Quarterly Estimated Tax' are selected in object 'Object Repository/RAD_Pages/Landing_Page/dd_TaxType' 

2024-11-12 18:04:11 - [MESSAGE][PASSED] - All options with label 'Quarterly Estimated Tax' are selected in object 'Object Repository/RAD_Pages/Landing_Page/dd_TaxType' 

2024-11-12 18:04:11 - [TEST_STEP][PASSED] - delay(1): Delayed 1 second(s)

2024-11-12 18:04:12 - [MESSAGE][PASSED] - Delayed 1 second(s)

2024-11-12 18:04:12 - [TEST_STEP][PASSED] - switch (Paymenttype): null

2024-11-12 18:04:12 - [TEST_STEP][PASSED] - case "Quarterly Estimated Tax":: null

2024-11-12 18:04:12 - [TEST_STEP][PASSED] - selectOptionByLabel(findTestObject(orPath_TaxTypeFilingYear + "/select_PaymentType"), Taxtype, false): All options with label 'Personal Income Tax' are selected in object 'Object Repository/RAD_Pages/TaxTypeFilingYear_Page/select_PaymentType' 

2024-11-12 18:04:13 - [MESSAGE][PASSED] - All options with label 'Personal Income Tax' are selected in object 'Object Repository/RAD_Pages/TaxTypeFilingYear_Page/select_PaymentType' 

2024-11-12 18:04:13 - [TEST_STEP][PASSED] - break: null

2024-11-12 18:04:13 - [TEST_STEP][PASSED] - delay(1): Delayed 1 second(s)

2024-11-12 18:04:14 - [MESSAGE][PASSED] - Delayed 1 second(s)

2024-11-12 18:04:14 - [TEST_STEP][PASSED] - scrollToElement(findTestObject(orPath_TaxPayer + "/input_firstName"), 3): Scroll to object 'Object Repository/RAD_Pages/Taxpayer_Page/input_firstName' successfully

2024-11-12 18:04:14 - [MESSAGE][PASSED] - Scroll to object 'Object Repository/RAD_Pages/Taxpayer_Page/input_firstName' successfully

2024-11-12 18:04:14 - [TEST_STEP][PASSED] - switch (Paymenttype): null

2024-11-12 18:04:14 - [TEST_STEP][PASSED] - case "Quarterly Estimated Tax":: null

2024-11-12 18:04:14 - [TEST_STEP][PASSED] - setText(findTestObject("RAD_RecordAndPlay/input_concatSSN"), "1111111111"): Text '1111111111' is set on object 'Object Repository/RAD_RecordAndPlay/input_concatSSN'

2024-11-12 18:04:15 - [MESSAGE][PASSED] - Text '1111111111' is set on object 'Object Repository/RAD_RecordAndPlay/input_concatSSN'

2024-11-12 18:04:15 - [TEST_STEP][PASSED] - setText(findTestObject("RAD_RecordAndPlay/input_concatReSSN"), ""): Text '' is set on object 'Object Repository/RAD_RecordAndPlay/input_concatReSSN'

2024-11-12 18:04:16 - [MESSAGE][PASSED] - Text '' is set on object 'Object Repository/RAD_RecordAndPlay/input_concatReSSN'

2024-11-12 18:04:16 - [TEST_STEP][PASSED] - break: null

2024-11-12 18:04:16 - [TEST_STEP][PASSED] - delay(2): Delayed 2 second(s)

2024-11-12 18:04:18 - [MESSAGE][PASSED] - Delayed 2 second(s)

2024-11-12 18:04:18 - [TEST_STEP][PASSED] - switch (Taxtype): null

2024-11-12 18:04:18 - [TEST_STEP][PASSED] - Default: null

2024-11-12 18:04:18 - [TEST_STEP][PASSED] - if (verifyTextPresent("Please enter a valid SSN with 9 digits", true)): null

2024-11-12 18:04:18 - [MESSAGE][PASSED] - Text 'Please enter a valid SSN with 9 digits' is present on page  using regular expression

2024-11-12 18:04:18 - [TEST_STEP][PASSED] - println("Please enter a valid SSN with 9 digits"): null

2024-11-12 18:04:18 - [TEST_STEP][PASSED] - out.println("Pass Record Number: " + row): null

2024-11-12 18:04:18 - [TEST_STEP][PASSED] - resText = "Pass": null

2024-11-12 18:04:18 - [TEST_STEP][PASSED] - pages.WriteExcel.demoKey(resText, datText, resColumn, datCloumn, fileLoc, nameSheet, row): pages.WriteExcel.demoKey is PASSED

2024-11-12 18:04:18 - [MESSAGE][PASSED] - pages.WriteExcel.demoKey is PASSED

2024-11-12 18:04:18 - [TEST_STEP][PASSED] - break: null

2024-11-12 18:04:18 - [TEST_STEP][PASSED] - ExecuteTC = findTestData(dataFile).getValue("Execute", row): null

2024-11-12 18:04:18 - [TEST_STEP][PASSED] - Taxtype = findTestData(dataFile).getValue("TaxType", row): null

2024-11-12 18:04:18 - [TEST_STEP][PASSED] - Paymenttype = findTestData(dataFile).getValue("PaymentType", row): null

2024-11-12 18:04:18 - [TEST_STEP][PASSED] - out.println("Value of Execute is : " + ExecuteTC): null

2024-11-12 18:04:18 - [TEST_STEP][PASSED] - if (ExecuteTC.equalsIgnoreCase("Y")): null

2024-11-12 18:04:18 - [TEST_STEP][PASSED] - out.println("Begin Record Number: " + row): null

2024-11-12 18:04:18 - [TEST_STEP][PASSED] - today = new java.util.Date(): null

2024-11-12 18:04:18 - [TEST_STEP][PASSED] - println(today): null

2024-11-12 18:04:18 - [TEST_STEP][PASSED] - datText = today: null

2024-11-12 18:04:18 - [TEST_STEP][PASSED] - Taxtype = findTestData(dataFile).getValue("TaxType", row): null

2024-11-12 18:04:18 - [TEST_STEP][PASSED] - out.println("Taxtype value is : " + Taxtype): null

2024-11-12 18:04:18 - [TEST_STEP][PASSED] - openBrowser(""): Browser is opened with url: ''

2024-11-12 18:04:18 - [MESSAGE][WARNING] - A browser is already opened. Closing browser and opening a new one

2024-11-12 18:04:20 - [MESSAGE][INFO] - Starting 'Chrome' driver

2024-11-12 18:04:20 - [MESSAGE][INFO] - User set preference: ['acceptInsecureCerts', 'true']

2024-11-12 18:04:20 - [MESSAGE][INFO] - Action delay is set to 0 milliseconds

2024-11-12 18:04:21 - [MESSAGE][PASSED] - Browser is opened with url: ''

2024-11-12 18:04:21 - [TEST_STEP][PASSED] - maximizeWindow(): Current window maximized

2024-11-12 18:04:22 - [MESSAGE][PASSED] - Current window maximized

2024-11-12 18:04:22 - [TEST_STEP][PASSED] - navigateToUrl(RADurl): Navigate to 'https://www.velocitypayment.com/client/rad/index.html' successfully

2024-11-12 18:04:22 - [MESSAGE][PASSED] - Navigate to 'https://www.velocitypayment.com/client/rad/index.html' successfully

2024-11-12 18:04:22 - [TEST_STEP][PASSED] - orPath_Landing = "Object Repository/RAD_Pages/Landing_Page": null

2024-11-12 18:04:22 - [TEST_STEP][PASSED] - orPath_TaxTypeFilingYear = "Object Repository/RAD_Pages/TaxTypeFilingYear_Page": null

2024-11-12 18:04:22 - [TEST_STEP][PASSED] - orPath_TaxPayer = "Object Repository/RAD_Pages/Taxpayer_Page": null

2024-11-12 18:04:22 - [TEST_STEP][PASSED] - orPath_AddressContact = "Object Repository/RAD_Pages/AddressAndContactInfo_Page": null

2024-11-12 18:04:22 - [TEST_STEP][PASSED] - orPath_FilingStatus = "Object Repository/RAD_Pages/FilingStatus_Page": null

2024-11-12 18:04:22 - [TEST_STEP][PASSED] - orPath_Amount = "Object Repository/RAD_Pages/PaymentAmount_Page": null

2024-11-12 18:04:22 - [TEST_STEP][PASSED] - orPath_TaxInfo = "Object Repository/RAD_Pages/TaxInfo_Page": null

2024-11-12 18:04:22 - [TEST_STEP][PASSED] - selectOptionByLabel(findTestObject(orPath_Landing + "/dd_TaxType"), Paymenttype, false): All options with label 'Extension Payments' are selected in object 'Object Repository/RAD_Pages/Landing_Page/dd_TaxType' 

2024-11-12 18:04:24 - [MESSAGE][PASSED] - All options with label 'Extension Payments' are selected in object 'Object Repository/RAD_Pages/Landing_Page/dd_TaxType' 

2024-11-12 18:04:24 - [TEST_STEP][PASSED] - delay(1): Delayed 1 second(s)

2024-11-12 18:04:25 - [MESSAGE][PASSED] - Delayed 1 second(s)

2024-11-12 18:04:25 - [TEST_STEP][PASSED] - switch (Paymenttype): null

2024-11-12 18:04:25 - [TEST_STEP][PASSED] - case "Extension Payments":: null

2024-11-12 18:04:25 - [TEST_STEP][PASSED] - selectOptionByLabel(findTestObject(orPath_TaxTypeFilingYear + "/select_PaymentType"), Taxtype, false): All options with label 'Personal Income Tax' are selected in object 'Object Repository/RAD_Pages/TaxTypeFilingYear_Page/select_PaymentType' 

2024-11-12 18:04:26 - [MESSAGE][PASSED] - All options with label 'Personal Income Tax' are selected in object 'Object Repository/RAD_Pages/TaxTypeFilingYear_Page/select_PaymentType' 

2024-11-12 18:04:26 - [TEST_STEP][PASSED] - break: null

2024-11-12 18:04:26 - [TEST_STEP][PASSED] - delay(1): Delayed 1 second(s)

2024-11-12 18:04:27 - [MESSAGE][PASSED] - Delayed 1 second(s)

2024-11-12 18:04:27 - [TEST_STEP][PASSED] - scrollToElement(findTestObject(orPath_TaxPayer + "/input_firstName"), 3): Scroll to object 'Object Repository/RAD_Pages/Taxpayer_Page/input_firstName' successfully

2024-11-12 18:04:27 - [MESSAGE][PASSED] - Scroll to object 'Object Repository/RAD_Pages/Taxpayer_Page/input_firstName' successfully

2024-11-12 18:04:27 - [TEST_STEP][PASSED] - switch (Paymenttype): null

2024-11-12 18:04:27 - [TEST_STEP][PASSED] - case "Extension Payments":: null

2024-11-12 18:04:27 - [TEST_STEP][PASSED] - setText(findTestObject("RAD_RecordAndPlay/input_concatSSN"), "1111111111"): Text '1111111111' is set on object 'Object Repository/RAD_RecordAndPlay/input_concatSSN'

2024-11-12 18:04:28 - [MESSAGE][PASSED] - Text '1111111111' is set on object 'Object Repository/RAD_RecordAndPlay/input_concatSSN'

2024-11-12 18:04:28 - [TEST_STEP][PASSED] - setText(findTestObject("RAD_RecordAndPlay/input_concatReSSN"), ""): Text '' is set on object 'Object Repository/RAD_RecordAndPlay/input_concatReSSN'

2024-11-12 18:04:28 - [MESSAGE][PASSED] - Text '' is set on object 'Object Repository/RAD_RecordAndPlay/input_concatReSSN'

2024-11-12 18:04:28 - [TEST_STEP][PASSED] - break: null

2024-11-12 18:04:28 - [TEST_STEP][PASSED] - delay(2): Delayed 2 second(s)

2024-11-12 18:04:30 - [MESSAGE][PASSED] - Delayed 2 second(s)

2024-11-12 18:04:30 - [TEST_STEP][PASSED] - switch (Taxtype): null

2024-11-12 18:04:30 - [TEST_STEP][PASSED] - Default: null

2024-11-12 18:04:30 - [TEST_STEP][PASSED] - if (verifyTextPresent("Please enter a valid SSN with 9 digits", true)): null

2024-11-12 18:04:31 - [MESSAGE][PASSED] - Text 'Please enter a valid SSN with 9 digits' is present on page  using regular expression

2024-11-12 18:04:31 - [TEST_STEP][PASSED] - println("Please enter a valid SSN with 9 digits"): null

2024-11-12 18:04:31 - [TEST_STEP][PASSED] - out.println("Pass Record Number: " + row): null

2024-11-12 18:04:31 - [TEST_STEP][PASSED] - resText = "Pass": null

2024-11-12 18:04:31 - [TEST_STEP][PASSED] - pages.WriteExcel.demoKey(resText, datText, resColumn, datCloumn, fileLoc, nameSheet, row): pages.WriteExcel.demoKey is PASSED

2024-11-12 18:04:31 - [MESSAGE][PASSED] - pages.WriteExcel.demoKey is PASSED

2024-11-12 18:04:31 - [TEST_STEP][PASSED] - break: null

2024-11-12 18:04:31 - [TEST_STEP][PASSED] - ExecuteTC = findTestData(dataFile).getValue("Execute", row): null

2024-11-12 18:04:31 - [TEST_STEP][PASSED] - Taxtype = findTestData(dataFile).getValue("TaxType", row): null

2024-11-12 18:04:31 - [TEST_STEP][PASSED] - Paymenttype = findTestData(dataFile).getValue("PaymentType", row): null

2024-11-12 18:04:31 - [TEST_STEP][PASSED] - out.println("Value of Execute is : " + ExecuteTC): null

2024-11-12 18:04:31 - [TEST_STEP][PASSED] - if (ExecuteTC.equalsIgnoreCase("Y")): null

2024-11-12 18:04:31 - [TEST_STEP][PASSED] - out.println("Begin Record Number: " + row): null

2024-11-12 18:04:31 - [TEST_STEP][PASSED] - today = new java.util.Date(): null

2024-11-12 18:04:31 - [TEST_STEP][PASSED] - println(today): null

2024-11-12 18:04:31 - [TEST_STEP][PASSED] - datText = today: null

2024-11-12 18:04:31 - [TEST_STEP][PASSED] - Taxtype = findTestData(dataFile).getValue("TaxType", row): null

2024-11-12 18:04:31 - [TEST_STEP][PASSED] - out.println("Taxtype value is : " + Taxtype): null

2024-11-12 18:04:31 - [TEST_STEP][PASSED] - openBrowser(""): Browser is opened with url: ''

2024-11-12 18:04:31 - [MESSAGE][WARNING] - A browser is already opened. Closing browser and opening a new one

2024-11-12 18:04:32 - [MESSAGE][INFO] - Starting 'Chrome' driver

2024-11-12 18:04:32 - [MESSAGE][INFO] - User set preference: ['acceptInsecureCerts', 'true']

2024-11-12 18:04:32 - [MESSAGE][INFO] - Action delay is set to 0 milliseconds

2024-11-12 18:04:34 - [MESSAGE][PASSED] - Browser is opened with url: ''

2024-11-12 18:04:34 - [TEST_STEP][PASSED] - maximizeWindow(): Current window maximized

2024-11-12 18:04:34 - [MESSAGE][PASSED] - Current window maximized

2024-11-12 18:04:34 - [TEST_STEP][PASSED] - navigateToUrl(RADurl): Navigate to 'https://www.velocitypayment.com/client/rad/index.html' successfully

2024-11-12 18:04:36 - [MESSAGE][PASSED] - Navigate to 'https://www.velocitypayment.com/client/rad/index.html' successfully

2024-11-12 18:04:36 - [TEST_STEP][PASSED] - orPath_Landing = "Object Repository/RAD_Pages/Landing_Page": null

2024-11-12 18:04:36 - [TEST_STEP][PASSED] - orPath_TaxTypeFilingYear = "Object Repository/RAD_Pages/TaxTypeFilingYear_Page": null

2024-11-12 18:04:36 - [TEST_STEP][PASSED] - orPath_TaxPayer = "Object Repository/RAD_Pages/Taxpayer_Page": null

2024-11-12 18:04:36 - [TEST_STEP][PASSED] - orPath_AddressContact = "Object Repository/RAD_Pages/AddressAndContactInfo_Page": null

2024-11-12 18:04:36 - [TEST_STEP][PASSED] - orPath_FilingStatus = "Object Repository/RAD_Pages/FilingStatus_Page": null

2024-11-12 18:04:36 - [TEST_STEP][PASSED] - orPath_Amount = "Object Repository/RAD_Pages/PaymentAmount_Page": null

2024-11-12 18:04:36 - [TEST_STEP][PASSED] - orPath_TaxInfo = "Object Repository/RAD_Pages/TaxInfo_Page": null

2024-11-12 18:04:36 - [TEST_STEP][PASSED] - selectOptionByLabel(findTestObject(orPath_Landing + "/dd_TaxType"), Paymenttype, false): All options with label 'New Tax Return Amount Due' are selected in object 'Object Repository/RAD_Pages/Landing_Page/dd_TaxType' 

2024-11-12 18:04:37 - [MESSAGE][PASSED] - All options with label 'New Tax Return Amount Due' are selected in object 'Object Repository/RAD_Pages/Landing_Page/dd_TaxType' 

2024-11-12 18:04:37 - [TEST_STEP][PASSED] - delay(1): Delayed 1 second(s)

2024-11-12 18:04:38 - [MESSAGE][PASSED] - Delayed 1 second(s)

2024-11-12 18:04:38 - [TEST_STEP][PASSED] - switch (Paymenttype): null

2024-11-12 18:04:38 - [TEST_STEP][PASSED] - case "New Tax Return Amount Due":: null

2024-11-12 18:04:38 - [TEST_STEP][PASSED] - selectOptionByLabel(findTestObject("Object Repository/RAD_Pages/Landing_Page/select_NewTaxReturnAmountDue_TaxType"), Taxtype, false): All options with label 'Personal Income Tax' are selected in object 'Object Repository/RAD_Pages/Landing_Page/select_NewTaxReturnAmountDue_TaxType' 

2024-11-12 18:04:39 - [MESSAGE][PASSED] - All options with label 'Personal Income Tax' are selected in object 'Object Repository/RAD_Pages/Landing_Page/select_NewTaxReturnAmountDue_TaxType' 

2024-11-12 18:04:39 - [TEST_STEP][PASSED] - break: null

2024-11-12 18:04:39 - [TEST_STEP][PASSED] - delay(1): Delayed 1 second(s)

2024-11-12 18:04:40 - [MESSAGE][PASSED] - Delayed 1 second(s)

2024-11-12 18:04:40 - [TEST_STEP][PASSED] - scrollToElement(findTestObject(orPath_TaxPayer + "/input_firstName"), 3): Scroll to object 'Object Repository/RAD_Pages/Taxpayer_Page/input_firstName' successfully

2024-11-12 18:04:40 - [MESSAGE][PASSED] - Scroll to object 'Object Repository/RAD_Pages/Taxpayer_Page/input_firstName' successfully

2024-11-12 18:04:40 - [TEST_STEP][PASSED] - switch (Paymenttype): null

2024-11-12 18:04:40 - [TEST_STEP][PASSED] - case "New Tax Return Amount Due":: null

2024-11-12 18:04:40 - [TEST_STEP][PASSED] - if (Taxtype.equalsIgnoreCase("Estate Tax")): null

2024-11-12 18:04:40 - [TEST_STEP][PASSED] - else: Text '' is set on object 'Object Repository/RAD_RecordAndPlay/input_concatReSSN'

2024-11-12 18:04:40 - [TEST_STEP][PASSED] - setText(findTestObject("RAD_RecordAndPlay/input_concatSSN"), "1111111111"): Text '1111111111' is set on object 'Object Repository/RAD_RecordAndPlay/input_concatSSN'

2024-11-12 18:04:41 - [MESSAGE][PASSED] - Text '1111111111' is set on object 'Object Repository/RAD_RecordAndPlay/input_concatSSN'

2024-11-12 18:04:41 - [TEST_STEP][PASSED] - setText(findTestObject("RAD_RecordAndPlay/input_concatReSSN"), ""): Text '' is set on object 'Object Repository/RAD_RecordAndPlay/input_concatReSSN'

2024-11-12 18:04:41 - [MESSAGE][PASSED] - Text '' is set on object 'Object Repository/RAD_RecordAndPlay/input_concatReSSN'

2024-11-12 18:04:41 - [TEST_STEP][PASSED] - break: null

2024-11-12 18:04:41 - [TEST_STEP][PASSED] - delay(2): Delayed 2 second(s)

2024-11-12 18:04:43 - [MESSAGE][PASSED] - Delayed 2 second(s)

2024-11-12 18:04:43 - [TEST_STEP][PASSED] - switch (Taxtype): null

2024-11-12 18:04:43 - [TEST_STEP][PASSED] - Default: null

2024-11-12 18:04:43 - [TEST_STEP][PASSED] - if (verifyTextPresent("Please enter a valid SSN with 9 digits", true)): null

2024-11-12 18:04:44 - [MESSAGE][PASSED] - Text 'Please enter a valid SSN with 9 digits' is present on page  using regular expression

2024-11-12 18:04:44 - [TEST_STEP][PASSED] - println("Please enter a valid SSN with 9 digits"): null

2024-11-12 18:04:44 - [TEST_STEP][PASSED] - out.println("Pass Record Number: " + row): null

2024-11-12 18:04:44 - [TEST_STEP][PASSED] - resText = "Pass": null

2024-11-12 18:04:44 - [TEST_STEP][PASSED] - pages.WriteExcel.demoKey(resText, datText, resColumn, datCloumn, fileLoc, nameSheet, row): pages.WriteExcel.demoKey is PASSED

2024-11-12 18:04:44 - [MESSAGE][PASSED] - pages.WriteExcel.demoKey is PASSED

2024-11-12 18:04:44 - [TEST_STEP][PASSED] - break: null

2024-11-12 18:04:44 - [TEST_STEP][PASSED] - ExecuteTC = findTestData(dataFile).getValue("Execute", row): null

2024-11-12 18:04:44 - [TEST_STEP][PASSED] - Taxtype = findTestData(dataFile).getValue("TaxType", row): null

2024-11-12 18:04:44 - [TEST_STEP][PASSED] - Paymenttype = findTestData(dataFile).getValue("PaymentType", row): null

2024-11-12 18:04:44 - [TEST_STEP][PASSED] - out.println("Value of Execute is : " + ExecuteTC): null

2024-11-12 18:04:44 - [TEST_STEP][PASSED] - if (ExecuteTC.equalsIgnoreCase("Y")): null

2024-11-12 18:04:44 - [TEST_STEP][PASSED] - ExecuteTC = findTestData(dataFile).getValue("Execute", row): null

2024-11-12 18:04:44 - [TEST_STEP][PASSED] - Taxtype = findTestData(dataFile).getValue("TaxType", row): null

2024-11-12 18:04:44 - [TEST_STEP][PASSED] - Paymenttype = findTestData(dataFile).getValue("PaymentType", row): null

2024-11-12 18:04:44 - [TEST_STEP][PASSED] - out.println("Value of Execute is : " + ExecuteTC): null

2024-11-12 18:04:44 - [TEST_STEP][PASSED] - if (ExecuteTC.equalsIgnoreCase("Y")): null]]></system-out>
         <system-err><![CDATA[]]></system-err>
      </testcase>
      <testcase name="Test Cases/RAD_TestCases/Negative_TestCases/JointFilerSSNnoMatch-NEW" time="42.019" classname="Test Cases/RAD_TestCases/Negative_TestCases/JointFilerSSNnoMatch-NEW" status="PASSED">
         <system-out><![CDATA[2024-11-12 18:04:44 - [TEST_CASE][PASSED] - Test Cases/RAD_TestCases/Negative_TestCases/JointFilerSSNnoMatch-NEW: Test Cases/RAD_TestCases/Negative_TestCases/JointFilerSSNnoMatch-NEW

2024-11-12 18:04:45 - [TEST_STEP][PASSED] - resText = "Fail": null

2024-11-12 18:04:45 - [TEST_STEP][PASSED] - resColumn = "Result": null

2024-11-12 18:04:45 - [TEST_STEP][PASSED] - datCloumn = "Date": null

2024-11-12 18:04:45 - [TEST_STEP][PASSED] - fileLoc = "KatalonData/RADTestData/JointFilerSSNnoMatch.xlsx": null

2024-11-12 18:04:45 - [TEST_STEP][PASSED] - nameSheet = "Sheet1": null

2024-11-12 18:04:45 - [TEST_STEP][PASSED] - dataFile = "RADTestData/JointFilerSSNnoMatch": null

2024-11-12 18:04:45 - [TEST_STEP][PASSED] - ExecuteTC = <not implemented yet for class: org.codehaus.groovy.ast.expr.EmptyExpression>: null

2024-11-12 18:04:45 - [TEST_STEP][PASSED] - Taxtype = <not implemented yet for class: org.codehaus.groovy.ast.expr.EmptyExpression>: null

2024-11-12 18:04:45 - [TEST_STEP][PASSED] - numOfRows = findTestData(dataFile).getRowNumbers(): null

2024-11-12 18:04:45 - [TEST_STEP][PASSED] - println("Number of Records: " + numOfRows): null

2024-11-12 18:04:45 - [TEST_STEP][PASSED] - for ([row = 1, row <= numOfRows, (row++)]): null

2024-11-12 18:04:45 - [TEST_STEP][PASSED] - ExecuteTC = findTestData(dataFile).getValue("Execute", row): null

2024-11-12 18:04:45 - [TEST_STEP][PASSED] - Taxtype = findTestData(dataFile).getValue("TaxType", row): null

2024-11-12 18:04:45 - [TEST_STEP][PASSED] - Paymenttype = findTestData(dataFile).getValue("PaymentType", row): null

2024-11-12 18:04:45 - [TEST_STEP][PASSED] - out.println("Value of Execute is : " + ExecuteTC): null

2024-11-12 18:04:45 - [TEST_STEP][PASSED] - if (ExecuteTC.equalsIgnoreCase("Y")): null

2024-11-12 18:04:45 - [TEST_STEP][PASSED] - out.println("Begin Record Number: " + row): null

2024-11-12 18:04:45 - [TEST_STEP][PASSED] - today = new java.util.Date(): null

2024-11-12 18:04:45 - [TEST_STEP][PASSED] - println(today): null

2024-11-12 18:04:45 - [TEST_STEP][PASSED] - datText = today: null

2024-11-12 18:04:45 - [TEST_STEP][PASSED] - Taxtype = findTestData(dataFile).getValue("TaxType", row): null

2024-11-12 18:04:45 - [TEST_STEP][PASSED] - out.println("Taxtype value is : " + Taxtype): null

2024-11-12 18:04:45 - [TEST_STEP][PASSED] - openBrowser(""): Browser is opened with url: ''

2024-11-12 18:04:45 - [MESSAGE][WARNING] - A browser is already opened. Closing browser and opening a new one

2024-11-12 18:04:46 - [MESSAGE][INFO] - Starting 'Chrome' driver

2024-11-12 18:04:46 - [MESSAGE][INFO] - User set preference: ['acceptInsecureCerts', 'true']

2024-11-12 18:04:46 - [MESSAGE][INFO] - Action delay is set to 0 milliseconds

2024-11-12 18:04:48 - [MESSAGE][PASSED] - Browser is opened with url: ''

2024-11-12 18:04:48 - [TEST_STEP][PASSED] - maximizeWindow(): Current window maximized

2024-11-12 18:04:48 - [MESSAGE][PASSED] - Current window maximized

2024-11-12 18:04:48 - [TEST_STEP][PASSED] - navigateToUrl(RADurl): Navigate to 'https://www.velocitypayment.com/client/rad/index.html' successfully

2024-11-12 18:04:49 - [MESSAGE][PASSED] - Navigate to 'https://www.velocitypayment.com/client/rad/index.html' successfully

2024-11-12 18:04:49 - [TEST_STEP][PASSED] - orPath_Landing = "Object Repository/RAD_Pages/Landing_Page": null

2024-11-12 18:04:49 - [TEST_STEP][PASSED] - orPath_TaxTypeFilingYear = "Object Repository/RAD_Pages/TaxTypeFilingYear_Page": null

2024-11-12 18:04:49 - [TEST_STEP][PASSED] - orPath_TaxPayer = "Object Repository/RAD_Pages/Taxpayer_Page": null

2024-11-12 18:04:49 - [TEST_STEP][PASSED] - orPath_AddressContact = "Object Repository/RAD_Pages/AddressAndContactInfo_Page": null

2024-11-12 18:04:49 - [TEST_STEP][PASSED] - orPath_FilingStatus = "Object Repository/RAD_Pages/FilingStatus_Page": null

2024-11-12 18:04:49 - [TEST_STEP][PASSED] - orPath_Amount = "Object Repository/RAD_Pages/PaymentAmount_Page": null

2024-11-12 18:04:49 - [TEST_STEP][PASSED] - orPath_TaxInfo = "Object Repository/RAD_Pages/TaxInfo_Page": null

2024-11-12 18:04:49 - [TEST_STEP][PASSED] - selectOptionByLabel(findTestObject(orPath_Landing + "/dd_TaxType"), Paymenttype, false): All options with label 'Quarterly Estimated Tax' are selected in object 'Object Repository/RAD_Pages/Landing_Page/dd_TaxType' 

2024-11-12 18:04:50 - [MESSAGE][PASSED] - All options with label 'Quarterly Estimated Tax' are selected in object 'Object Repository/RAD_Pages/Landing_Page/dd_TaxType' 

2024-11-12 18:04:50 - [TEST_STEP][PASSED] - delay(1): Delayed 1 second(s)

2024-11-12 18:04:51 - [MESSAGE][PASSED] - Delayed 1 second(s)

2024-11-12 18:04:51 - [TEST_STEP][PASSED] - switch (Paymenttype): null

2024-11-12 18:04:51 - [TEST_STEP][PASSED] - case "Quarterly Estimated Tax":: null

2024-11-12 18:04:51 - [TEST_STEP][PASSED] - selectOptionByLabel(findTestObject(orPath_TaxTypeFilingYear + "/select_PaymentType"), Taxtype, false): All options with label 'Personal Income Tax' are selected in object 'Object Repository/RAD_Pages/TaxTypeFilingYear_Page/select_PaymentType' 

2024-11-12 18:04:52 - [MESSAGE][PASSED] - All options with label 'Personal Income Tax' are selected in object 'Object Repository/RAD_Pages/TaxTypeFilingYear_Page/select_PaymentType' 

2024-11-12 18:04:52 - [TEST_STEP][PASSED] - break: null

2024-11-12 18:04:52 - [TEST_STEP][PASSED] - delay(1): Delayed 1 second(s)

2024-11-12 18:04:53 - [MESSAGE][PASSED] - Delayed 1 second(s)

2024-11-12 18:04:53 - [TEST_STEP][PASSED] - scrollToElement(findTestObject(orPath_Amount + "/input__paymentAmount"), 2, CONTINUE_ON_FAILURE): Scroll to object 'Object Repository/RAD_Pages/PaymentAmount_Page/input__paymentAmount' successfully

2024-11-12 18:04:53 - [MESSAGE][PASSED] - Scroll to object 'Object Repository/RAD_Pages/PaymentAmount_Page/input__paymentAmount' successfully

2024-11-12 18:04:53 - [TEST_STEP][PASSED] - waitForElementClickable(findTestObject(orPath_FilingStatus + "/input_userType_Joint"), 5): Object 'Object Repository/RAD_Pages/FilingStatus_Page/input_userType_Joint' is clickable

2024-11-12 18:04:54 - [MESSAGE][PASSED] - Object 'Object Repository/RAD_Pages/FilingStatus_Page/input_userType_Joint' is clickable

2024-11-12 18:04:54 - [TEST_STEP][PASSED] - click(findTestObject(orPath_FilingStatus + "/input_userType_Joint")): Object: 'Object Repository/RAD_Pages/FilingStatus_Page/input_userType_Joint' is clicked on

2024-11-12 18:04:54 - [MESSAGE][PASSED] - Object: 'Object Repository/RAD_Pages/FilingStatus_Page/input_userType_Joint' is clicked on

2024-11-12 18:04:54 - [TEST_STEP][PASSED] - setText(findTestObject("Object Repository/RAD_RecordAndPlay/input_JointFilerSSN"), "111116523"): Text '111116523' is set on object 'Object Repository/RAD_RecordAndPlay/input_JointFilerSSN'

2024-11-12 18:04:55 - [MESSAGE][PASSED] - Text '111116523' is set on object 'Object Repository/RAD_RecordAndPlay/input_JointFilerSSN'

2024-11-12 18:04:55 - [TEST_STEP][PASSED] - setText(findTestObject("Object Repository/RAD_RecordAndPlay/input_reTypeJointFilerSSN"), "222226523"): Text '222226523' is set on object 'Object Repository/RAD_RecordAndPlay/input_reTypeJointFilerSSN'

2024-11-12 18:04:55 - [MESSAGE][PASSED] - Text '222226523' is set on object 'Object Repository/RAD_RecordAndPlay/input_reTypeJointFilerSSN'

2024-11-12 18:04:55 - [TEST_STEP][PASSED] - setText(findTestObject(orPath_Amount + "/input__paymentAmount"), ""): Text '' is set on object 'Object Repository/RAD_Pages/PaymentAmount_Page/input__paymentAmount'

2024-11-12 18:04:56 - [MESSAGE][PASSED] - Text '' is set on object 'Object Repository/RAD_Pages/PaymentAmount_Page/input__paymentAmount'

2024-11-12 18:04:56 - [TEST_STEP][PASSED] - delay(2): Delayed 2 second(s)

2024-11-12 18:04:58 - [MESSAGE][PASSED] - Delayed 2 second(s)

2024-11-12 18:04:58 - [TEST_STEP][PASSED] - if (verifyTextPresent("The SSN and Re-type SSN do not match", true)): null

2024-11-12 18:04:58 - [MESSAGE][PASSED] - Text 'The SSN and Re-type SSN do not match' is present on page  using regular expression

2024-11-12 18:04:58 - [TEST_STEP][PASSED] - println("Joint Filer SSN Dont match text is present"): null

2024-11-12 18:04:58 - [TEST_STEP][PASSED] - out.println("Pass Record Number: " + row): null

2024-11-12 18:04:58 - [TEST_STEP][PASSED] - resText = "Pass": null

2024-11-12 18:04:58 - [TEST_STEP][PASSED] - pages.WriteExcel.demoKey(resText, datText, resColumn, datCloumn, fileLoc, nameSheet, row): pages.WriteExcel.demoKey is PASSED

2024-11-12 18:04:59 - [MESSAGE][PASSED] - pages.WriteExcel.demoKey is PASSED

2024-11-12 18:04:59 - [TEST_STEP][PASSED] - ExecuteTC = findTestData(dataFile).getValue("Execute", row): null

2024-11-12 18:04:59 - [TEST_STEP][PASSED] - Taxtype = findTestData(dataFile).getValue("TaxType", row): null

2024-11-12 18:04:59 - [TEST_STEP][PASSED] - Paymenttype = findTestData(dataFile).getValue("PaymentType", row): null

2024-11-12 18:04:59 - [TEST_STEP][PASSED] - out.println("Value of Execute is : " + ExecuteTC): null

2024-11-12 18:04:59 - [TEST_STEP][PASSED] - if (ExecuteTC.equalsIgnoreCase("Y")): null

2024-11-12 18:04:59 - [TEST_STEP][PASSED] - out.println("Begin Record Number: " + row): null

2024-11-12 18:04:59 - [TEST_STEP][PASSED] - today = new java.util.Date(): null

2024-11-12 18:04:59 - [TEST_STEP][PASSED] - println(today): null

2024-11-12 18:04:59 - [TEST_STEP][PASSED] - datText = today: null

2024-11-12 18:04:59 - [TEST_STEP][PASSED] - Taxtype = findTestData(dataFile).getValue("TaxType", row): null

2024-11-12 18:04:59 - [TEST_STEP][PASSED] - out.println("Taxtype value is : " + Taxtype): null

2024-11-12 18:04:59 - [TEST_STEP][PASSED] - openBrowser(""): Browser is opened with url: ''

2024-11-12 18:04:59 - [MESSAGE][WARNING] - A browser is already opened. Closing browser and opening a new one

2024-11-12 18:05:00 - [MESSAGE][INFO] - Starting 'Chrome' driver

2024-11-12 18:05:00 - [MESSAGE][INFO] - User set preference: ['acceptInsecureCerts', 'true']

2024-11-12 18:05:00 - [MESSAGE][INFO] - Action delay is set to 0 milliseconds

2024-11-12 18:05:02 - [MESSAGE][PASSED] - Browser is opened with url: ''

2024-11-12 18:05:02 - [TEST_STEP][PASSED] - maximizeWindow(): Current window maximized

2024-11-12 18:05:02 - [MESSAGE][PASSED] - Current window maximized

2024-11-12 18:05:02 - [TEST_STEP][PASSED] - navigateToUrl(RADurl): Navigate to 'https://www.velocitypayment.com/client/rad/index.html' successfully

2024-11-12 18:05:03 - [MESSAGE][PASSED] - Navigate to 'https://www.velocitypayment.com/client/rad/index.html' successfully

2024-11-12 18:05:03 - [TEST_STEP][PASSED] - orPath_Landing = "Object Repository/RAD_Pages/Landing_Page": null

2024-11-12 18:05:03 - [TEST_STEP][PASSED] - orPath_TaxTypeFilingYear = "Object Repository/RAD_Pages/TaxTypeFilingYear_Page": null

2024-11-12 18:05:03 - [TEST_STEP][PASSED] - orPath_TaxPayer = "Object Repository/RAD_Pages/Taxpayer_Page": null

2024-11-12 18:05:03 - [TEST_STEP][PASSED] - orPath_AddressContact = "Object Repository/RAD_Pages/AddressAndContactInfo_Page": null

2024-11-12 18:05:03 - [TEST_STEP][PASSED] - orPath_FilingStatus = "Object Repository/RAD_Pages/FilingStatus_Page": null

2024-11-12 18:05:03 - [TEST_STEP][PASSED] - orPath_Amount = "Object Repository/RAD_Pages/PaymentAmount_Page": null

2024-11-12 18:05:03 - [TEST_STEP][PASSED] - orPath_TaxInfo = "Object Repository/RAD_Pages/TaxInfo_Page": null

2024-11-12 18:05:03 - [TEST_STEP][PASSED] - selectOptionByLabel(findTestObject(orPath_Landing + "/dd_TaxType"), Paymenttype, false): All options with label 'Extension Payments' are selected in object 'Object Repository/RAD_Pages/Landing_Page/dd_TaxType' 

2024-11-12 18:05:04 - [MESSAGE][PASSED] - All options with label 'Extension Payments' are selected in object 'Object Repository/RAD_Pages/Landing_Page/dd_TaxType' 

2024-11-12 18:05:04 - [TEST_STEP][PASSED] - delay(1): Delayed 1 second(s)

2024-11-12 18:05:05 - [MESSAGE][PASSED] - Delayed 1 second(s)

2024-11-12 18:05:05 - [TEST_STEP][PASSED] - switch (Paymenttype): null

2024-11-12 18:05:05 - [TEST_STEP][PASSED] - case "Extension Payments":: null

2024-11-12 18:05:05 - [TEST_STEP][PASSED] - selectOptionByLabel(findTestObject(orPath_TaxTypeFilingYear + "/select_PaymentType"), Taxtype, false): All options with label 'Personal Income Tax' are selected in object 'Object Repository/RAD_Pages/TaxTypeFilingYear_Page/select_PaymentType' 

2024-11-12 18:05:06 - [MESSAGE][PASSED] - All options with label 'Personal Income Tax' are selected in object 'Object Repository/RAD_Pages/TaxTypeFilingYear_Page/select_PaymentType' 

2024-11-12 18:05:06 - [TEST_STEP][PASSED] - break: null

2024-11-12 18:05:06 - [TEST_STEP][PASSED] - delay(1): Delayed 1 second(s)

2024-11-12 18:05:07 - [MESSAGE][PASSED] - Delayed 1 second(s)

2024-11-12 18:05:07 - [TEST_STEP][PASSED] - scrollToElement(findTestObject(orPath_Amount + "/input__paymentAmount"), 2, CONTINUE_ON_FAILURE): Scroll to object 'Object Repository/RAD_Pages/PaymentAmount_Page/input__paymentAmount' successfully

2024-11-12 18:05:07 - [MESSAGE][PASSED] - Scroll to object 'Object Repository/RAD_Pages/PaymentAmount_Page/input__paymentAmount' successfully

2024-11-12 18:05:07 - [TEST_STEP][PASSED] - waitForElementClickable(findTestObject(orPath_FilingStatus + "/input_userType_Joint"), 5): Object 'Object Repository/RAD_Pages/FilingStatus_Page/input_userType_Joint' is clickable

2024-11-12 18:05:07 - [MESSAGE][PASSED] - Object 'Object Repository/RAD_Pages/FilingStatus_Page/input_userType_Joint' is clickable

2024-11-12 18:05:07 - [TEST_STEP][PASSED] - click(findTestObject(orPath_FilingStatus + "/input_userType_Joint")): Object: 'Object Repository/RAD_Pages/FilingStatus_Page/input_userType_Joint' is clicked on

2024-11-12 18:05:08 - [MESSAGE][PASSED] - Object: 'Object Repository/RAD_Pages/FilingStatus_Page/input_userType_Joint' is clicked on

2024-11-12 18:05:08 - [TEST_STEP][PASSED] - setText(findTestObject("Object Repository/RAD_RecordAndPlay/input_JointFilerSSN"), "111116523"): Text '111116523' is set on object 'Object Repository/RAD_RecordAndPlay/input_JointFilerSSN'

2024-11-12 18:05:08 - [MESSAGE][PASSED] - Text '111116523' is set on object 'Object Repository/RAD_RecordAndPlay/input_JointFilerSSN'

2024-11-12 18:05:08 - [TEST_STEP][PASSED] - setText(findTestObject("Object Repository/RAD_RecordAndPlay/input_reTypeJointFilerSSN"), "222226523"): Text '222226523' is set on object 'Object Repository/RAD_RecordAndPlay/input_reTypeJointFilerSSN'

2024-11-12 18:05:09 - [MESSAGE][PASSED] - Text '222226523' is set on object 'Object Repository/RAD_RecordAndPlay/input_reTypeJointFilerSSN'

2024-11-12 18:05:09 - [TEST_STEP][PASSED] - setText(findTestObject(orPath_Amount + "/input__paymentAmount"), ""): Text '' is set on object 'Object Repository/RAD_Pages/PaymentAmount_Page/input__paymentAmount'

2024-11-12 18:05:10 - [MESSAGE][PASSED] - Text '' is set on object 'Object Repository/RAD_Pages/PaymentAmount_Page/input__paymentAmount'

2024-11-12 18:05:10 - [TEST_STEP][PASSED] - delay(2): Delayed 2 second(s)

2024-11-12 18:05:12 - [MESSAGE][PASSED] - Delayed 2 second(s)

2024-11-12 18:05:12 - [TEST_STEP][PASSED] - if (verifyTextPresent("The SSN and Re-type SSN do not match", true)): null

2024-11-12 18:05:12 - [MESSAGE][PASSED] - Text 'The SSN and Re-type SSN do not match' is present on page  using regular expression

2024-11-12 18:05:12 - [TEST_STEP][PASSED] - println("Joint Filer SSN Dont match text is present"): null

2024-11-12 18:05:12 - [TEST_STEP][PASSED] - out.println("Pass Record Number: " + row): null

2024-11-12 18:05:12 - [TEST_STEP][PASSED] - resText = "Pass": null

2024-11-12 18:05:12 - [TEST_STEP][PASSED] - pages.WriteExcel.demoKey(resText, datText, resColumn, datCloumn, fileLoc, nameSheet, row): pages.WriteExcel.demoKey is PASSED

2024-11-12 18:05:12 - [MESSAGE][PASSED] - pages.WriteExcel.demoKey is PASSED

2024-11-12 18:05:12 - [TEST_STEP][PASSED] - ExecuteTC = findTestData(dataFile).getValue("Execute", row): null

2024-11-12 18:05:12 - [TEST_STEP][PASSED] - Taxtype = findTestData(dataFile).getValue("TaxType", row): null

2024-11-12 18:05:12 - [TEST_STEP][PASSED] - Paymenttype = findTestData(dataFile).getValue("PaymentType", row): null

2024-11-12 18:05:12 - [TEST_STEP][PASSED] - out.println("Value of Execute is : " + ExecuteTC): null

2024-11-12 18:05:12 - [TEST_STEP][PASSED] - if (ExecuteTC.equalsIgnoreCase("Y")): null

2024-11-12 18:05:12 - [TEST_STEP][PASSED] - out.println("Begin Record Number: " + row): null

2024-11-12 18:05:12 - [TEST_STEP][PASSED] - today = new java.util.Date(): null

2024-11-12 18:05:12 - [TEST_STEP][PASSED] - println(today): null

2024-11-12 18:05:12 - [TEST_STEP][PASSED] - datText = today: null

2024-11-12 18:05:12 - [TEST_STEP][PASSED] - Taxtype = findTestData(dataFile).getValue("TaxType", row): null

2024-11-12 18:05:12 - [TEST_STEP][PASSED] - out.println("Taxtype value is : " + Taxtype): null

2024-11-12 18:05:12 - [TEST_STEP][PASSED] - openBrowser(""): Browser is opened with url: ''

2024-11-12 18:05:12 - [MESSAGE][WARNING] - A browser is already opened. Closing browser and opening a new one

2024-11-12 18:05:14 - [MESSAGE][INFO] - Starting 'Chrome' driver

2024-11-12 18:05:14 - [MESSAGE][INFO] - User set preference: ['acceptInsecureCerts', 'true']

2024-11-12 18:05:14 - [MESSAGE][INFO] - Action delay is set to 0 milliseconds

2024-11-12 18:05:15 - [MESSAGE][PASSED] - Browser is opened with url: ''

2024-11-12 18:05:15 - [TEST_STEP][PASSED] - maximizeWindow(): Current window maximized

2024-11-12 18:05:15 - [MESSAGE][PASSED] - Current window maximized

2024-11-12 18:05:15 - [TEST_STEP][PASSED] - navigateToUrl(RADurl): Navigate to 'https://www.velocitypayment.com/client/rad/index.html' successfully

2024-11-12 18:05:17 - [MESSAGE][PASSED] - Navigate to 'https://www.velocitypayment.com/client/rad/index.html' successfully

2024-11-12 18:05:17 - [TEST_STEP][PASSED] - orPath_Landing = "Object Repository/RAD_Pages/Landing_Page": null

2024-11-12 18:05:17 - [TEST_STEP][PASSED] - orPath_TaxTypeFilingYear = "Object Repository/RAD_Pages/TaxTypeFilingYear_Page": null

2024-11-12 18:05:17 - [TEST_STEP][PASSED] - orPath_TaxPayer = "Object Repository/RAD_Pages/Taxpayer_Page": null

2024-11-12 18:05:17 - [TEST_STEP][PASSED] - orPath_AddressContact = "Object Repository/RAD_Pages/AddressAndContactInfo_Page": null

2024-11-12 18:05:17 - [TEST_STEP][PASSED] - orPath_FilingStatus = "Object Repository/RAD_Pages/FilingStatus_Page": null

2024-11-12 18:05:17 - [TEST_STEP][PASSED] - orPath_Amount = "Object Repository/RAD_Pages/PaymentAmount_Page": null

2024-11-12 18:05:17 - [TEST_STEP][PASSED] - orPath_TaxInfo = "Object Repository/RAD_Pages/TaxInfo_Page": null

2024-11-12 18:05:17 - [TEST_STEP][PASSED] - selectOptionByLabel(findTestObject(orPath_Landing + "/dd_TaxType"), Paymenttype, false): All options with label 'New Tax Return Amount Due' are selected in object 'Object Repository/RAD_Pages/Landing_Page/dd_TaxType' 

2024-11-12 18:05:18 - [MESSAGE][PASSED] - All options with label 'New Tax Return Amount Due' are selected in object 'Object Repository/RAD_Pages/Landing_Page/dd_TaxType' 

2024-11-12 18:05:18 - [TEST_STEP][PASSED] - delay(1): Delayed 1 second(s)

2024-11-12 18:05:19 - [MESSAGE][PASSED] - Delayed 1 second(s)

2024-11-12 18:05:19 - [TEST_STEP][PASSED] - switch (Paymenttype): null

2024-11-12 18:05:19 - [TEST_STEP][PASSED] - case "New Tax Return Amount Due":: null

2024-11-12 18:05:19 - [TEST_STEP][PASSED] - selectOptionByLabel(findTestObject("Object Repository/RAD_Pages/Landing_Page/select_NewTaxReturnAmountDue_TaxType"), Taxtype, false): All options with label 'Personal Income Tax' are selected in object 'Object Repository/RAD_Pages/Landing_Page/select_NewTaxReturnAmountDue_TaxType' 

2024-11-12 18:05:20 - [MESSAGE][PASSED] - All options with label 'Personal Income Tax' are selected in object 'Object Repository/RAD_Pages/Landing_Page/select_NewTaxReturnAmountDue_TaxType' 

2024-11-12 18:05:20 - [TEST_STEP][PASSED] - break: null

2024-11-12 18:05:20 - [TEST_STEP][PASSED] - delay(1): Delayed 1 second(s)

2024-11-12 18:05:21 - [MESSAGE][PASSED] - Delayed 1 second(s)

2024-11-12 18:05:21 - [TEST_STEP][PASSED] - scrollToElement(findTestObject(orPath_Amount + "/input__paymentAmount"), 2, CONTINUE_ON_FAILURE): Scroll to object 'Object Repository/RAD_Pages/PaymentAmount_Page/input__paymentAmount' successfully

2024-11-12 18:05:21 - [MESSAGE][PASSED] - Scroll to object 'Object Repository/RAD_Pages/PaymentAmount_Page/input__paymentAmount' successfully

2024-11-12 18:05:21 - [TEST_STEP][PASSED] - waitForElementClickable(findTestObject(orPath_FilingStatus + "/input_userType_Joint"), 5): Object 'Object Repository/RAD_Pages/FilingStatus_Page/input_userType_Joint' is clickable

2024-11-12 18:05:21 - [MESSAGE][PASSED] - Object 'Object Repository/RAD_Pages/FilingStatus_Page/input_userType_Joint' is clickable

2024-11-12 18:05:21 - [TEST_STEP][PASSED] - click(findTestObject(orPath_FilingStatus + "/input_userType_Joint")): Object: 'Object Repository/RAD_Pages/FilingStatus_Page/input_userType_Joint' is clicked on

2024-11-12 18:05:22 - [MESSAGE][PASSED] - Object: 'Object Repository/RAD_Pages/FilingStatus_Page/input_userType_Joint' is clicked on

2024-11-12 18:05:22 - [TEST_STEP][PASSED] - setText(findTestObject("Object Repository/RAD_RecordAndPlay/input_JointFilerSSN"), "111116523"): Text '111116523' is set on object 'Object Repository/RAD_RecordAndPlay/input_JointFilerSSN'

2024-11-12 18:05:22 - [MESSAGE][PASSED] - Text '111116523' is set on object 'Object Repository/RAD_RecordAndPlay/input_JointFilerSSN'

2024-11-12 18:05:22 - [TEST_STEP][PASSED] - setText(findTestObject("Object Repository/RAD_RecordAndPlay/input_reTypeJointFilerSSN"), "222226523"): Text '222226523' is set on object 'Object Repository/RAD_RecordAndPlay/input_reTypeJointFilerSSN'

2024-11-12 18:05:23 - [MESSAGE][PASSED] - Text '222226523' is set on object 'Object Repository/RAD_RecordAndPlay/input_reTypeJointFilerSSN'

2024-11-12 18:05:23 - [TEST_STEP][PASSED] - setText(findTestObject(orPath_Amount + "/input__paymentAmount"), ""): Text '' is set on object 'Object Repository/RAD_Pages/PaymentAmount_Page/input__paymentAmount'

2024-11-12 18:05:24 - [MESSAGE][PASSED] - Text '' is set on object 'Object Repository/RAD_Pages/PaymentAmount_Page/input__paymentAmount'

2024-11-12 18:05:24 - [TEST_STEP][PASSED] - delay(2): Delayed 2 second(s)

2024-11-12 18:05:26 - [MESSAGE][PASSED] - Delayed 2 second(s)

2024-11-12 18:05:26 - [TEST_STEP][PASSED] - if (verifyTextPresent("The SSN and Re-type SSN do not match", true)): null

2024-11-12 18:05:26 - [MESSAGE][PASSED] - Text 'The SSN and Re-type SSN do not match' is present on page  using regular expression

2024-11-12 18:05:26 - [TEST_STEP][PASSED] - println("Joint Filer SSN Dont match text is present"): null

2024-11-12 18:05:26 - [TEST_STEP][PASSED] - out.println("Pass Record Number: " + row): null

2024-11-12 18:05:26 - [TEST_STEP][PASSED] - resText = "Pass": null

2024-11-12 18:05:26 - [TEST_STEP][PASSED] - pages.WriteExcel.demoKey(resText, datText, resColumn, datCloumn, fileLoc, nameSheet, row): pages.WriteExcel.demoKey is PASSED

2024-11-12 18:05:26 - [MESSAGE][PASSED] - pages.WriteExcel.demoKey is PASSED]]></system-out>
         <system-err><![CDATA[]]></system-err>
      </testcase>
      <testcase name="Test Cases/RAD_TestCases/Negative_TestCases/JointFilerSSNmoreThan9Error" time="42.136" classname="Test Cases/RAD_TestCases/Negative_TestCases/JointFilerSSNmoreThan9Error" status="PASSED">
         <system-out><![CDATA[2024-11-12 18:05:26 - [TEST_CASE][PASSED] - Test Cases/RAD_TestCases/Negative_TestCases/JointFilerSSNmoreThan9Error: Test Cases/RAD_TestCases/Negative_TestCases/JointFilerSSNmoreThan9Error

2024-11-12 18:05:27 - [TEST_STEP][PASSED] - resText = "Fail": null

2024-11-12 18:05:27 - [TEST_STEP][PASSED] - resColumn = "Result": null

2024-11-12 18:05:27 - [TEST_STEP][PASSED] - datCloumn = "Date": null

2024-11-12 18:05:27 - [TEST_STEP][PASSED] - fileLoc = "KatalonData/RADTestData/JointFilerSSNmoreThan9Error.xlsx": null

2024-11-12 18:05:27 - [TEST_STEP][PASSED] - nameSheet = "Sheet1": null

2024-11-12 18:05:27 - [TEST_STEP][PASSED] - dataFile = "RADTestData/JointFilerSSNmoreThan9Error": null

2024-11-12 18:05:27 - [TEST_STEP][PASSED] - ExecuteTC = <not implemented yet for class: org.codehaus.groovy.ast.expr.EmptyExpression>: null

2024-11-12 18:05:27 - [TEST_STEP][PASSED] - Taxtype = <not implemented yet for class: org.codehaus.groovy.ast.expr.EmptyExpression>: null

2024-11-12 18:05:27 - [TEST_STEP][PASSED] - numOfRows = findTestData(dataFile).getRowNumbers(): null

2024-11-12 18:05:27 - [TEST_STEP][PASSED] - println("Number of Records: " + numOfRows): null

2024-11-12 18:05:27 - [TEST_STEP][PASSED] - for ([row = 1, row <= numOfRows, (row++)]): null

2024-11-12 18:05:27 - [TEST_STEP][PASSED] - ExecuteTC = findTestData(dataFile).getValue("Execute", row): null

2024-11-12 18:05:27 - [TEST_STEP][PASSED] - Taxtype = findTestData(dataFile).getValue("TaxType", row): null

2024-11-12 18:05:27 - [TEST_STEP][PASSED] - Paymenttype = findTestData(dataFile).getValue("PaymentType", row): null

2024-11-12 18:05:28 - [TEST_STEP][PASSED] - out.println("Value of Execute is : " + ExecuteTC): null

2024-11-12 18:05:28 - [TEST_STEP][PASSED] - if (ExecuteTC.equalsIgnoreCase("Y")): null

2024-11-12 18:05:28 - [TEST_STEP][PASSED] - out.println("Begin Record Number: " + row): null

2024-11-12 18:05:28 - [TEST_STEP][PASSED] - today = new java.util.Date(): null

2024-11-12 18:05:28 - [TEST_STEP][PASSED] - println(today): null

2024-11-12 18:05:28 - [TEST_STEP][PASSED] - datText = today: null

2024-11-12 18:05:28 - [TEST_STEP][PASSED] - Taxtype = findTestData(dataFile).getValue("TaxType", row): null

2024-11-12 18:05:28 - [TEST_STEP][PASSED] - out.println("Taxtype value is : " + Taxtype): null

2024-11-12 18:05:28 - [TEST_STEP][PASSED] - openBrowser(""): Browser is opened with url: ''

2024-11-12 18:05:28 - [MESSAGE][WARNING] - A browser is already opened. Closing browser and opening a new one

2024-11-12 18:05:29 - [MESSAGE][INFO] - Starting 'Chrome' driver

2024-11-12 18:05:29 - [MESSAGE][INFO] - User set preference: ['acceptInsecureCerts', 'true']

2024-11-12 18:05:29 - [MESSAGE][INFO] - Action delay is set to 0 milliseconds

2024-11-12 18:05:31 - [MESSAGE][PASSED] - Browser is opened with url: ''

2024-11-12 18:05:31 - [TEST_STEP][PASSED] - maximizeWindow(): Current window maximized

2024-11-12 18:05:31 - [MESSAGE][PASSED] - Current window maximized

2024-11-12 18:05:31 - [TEST_STEP][PASSED] - navigateToUrl(RADurl): Navigate to 'https://www.velocitypayment.com/client/rad/index.html' successfully

2024-11-12 18:05:32 - [MESSAGE][PASSED] - Navigate to 'https://www.velocitypayment.com/client/rad/index.html' successfully

2024-11-12 18:05:32 - [TEST_STEP][PASSED] - orPath_Landing = "Object Repository/RAD_Pages/Landing_Page": null

2024-11-12 18:05:32 - [TEST_STEP][PASSED] - orPath_TaxTypeFilingYear = "Object Repository/RAD_Pages/TaxTypeFilingYear_Page": null

2024-11-12 18:05:32 - [TEST_STEP][PASSED] - orPath_TaxPayer = "Object Repository/RAD_Pages/Taxpayer_Page": null

2024-11-12 18:05:32 - [TEST_STEP][PASSED] - orPath_AddressContact = "Object Repository/RAD_Pages/AddressAndContactInfo_Page": null

2024-11-12 18:05:32 - [TEST_STEP][PASSED] - orPath_FilingStatus = "Object Repository/RAD_Pages/FilingStatus_Page": null

2024-11-12 18:05:32 - [TEST_STEP][PASSED] - orPath_Amount = "Object Repository/RAD_Pages/PaymentAmount_Page": null

2024-11-12 18:05:32 - [TEST_STEP][PASSED] - orPath_TaxInfo = "Object Repository/RAD_Pages/TaxInfo_Page": null

2024-11-12 18:05:32 - [TEST_STEP][PASSED] - selectOptionByLabel(findTestObject(orPath_Landing + "/dd_TaxType"), Paymenttype, false): All options with label 'Quarterly Estimated Tax' are selected in object 'Object Repository/RAD_Pages/Landing_Page/dd_TaxType' 

2024-11-12 18:05:33 - [MESSAGE][PASSED] - All options with label 'Quarterly Estimated Tax' are selected in object 'Object Repository/RAD_Pages/Landing_Page/dd_TaxType' 

2024-11-12 18:05:33 - [TEST_STEP][PASSED] - delay(1): Delayed 1 second(s)

2024-11-12 18:05:34 - [MESSAGE][PASSED] - Delayed 1 second(s)

2024-11-12 18:05:34 - [TEST_STEP][PASSED] - switch (Paymenttype): null

2024-11-12 18:05:34 - [TEST_STEP][PASSED] - case "Quarterly Estimated Tax":: null

2024-11-12 18:05:34 - [TEST_STEP][PASSED] - selectOptionByLabel(findTestObject(orPath_TaxTypeFilingYear + "/select_PaymentType"), Taxtype, false): All options with label 'Personal Income Tax' are selected in object 'Object Repository/RAD_Pages/TaxTypeFilingYear_Page/select_PaymentType' 

2024-11-12 18:05:36 - [MESSAGE][PASSED] - All options with label 'Personal Income Tax' are selected in object 'Object Repository/RAD_Pages/TaxTypeFilingYear_Page/select_PaymentType' 

2024-11-12 18:05:36 - [TEST_STEP][PASSED] - break: null

2024-11-12 18:05:36 - [TEST_STEP][PASSED] - delay(1): Delayed 1 second(s)

2024-11-12 18:05:37 - [MESSAGE][PASSED] - Delayed 1 second(s)

2024-11-12 18:05:37 - [TEST_STEP][PASSED] - scrollToElement(findTestObject(orPath_Amount + "/input__paymentAmount"), 2, CONTINUE_ON_FAILURE): Scroll to object 'Object Repository/RAD_Pages/PaymentAmount_Page/input__paymentAmount' successfully

2024-11-12 18:05:37 - [MESSAGE][PASSED] - Scroll to object 'Object Repository/RAD_Pages/PaymentAmount_Page/input__paymentAmount' successfully

2024-11-12 18:05:37 - [TEST_STEP][PASSED] - waitForElementClickable(findTestObject(orPath_FilingStatus + "/input_userType_Joint"), 5): Object 'Object Repository/RAD_Pages/FilingStatus_Page/input_userType_Joint' is clickable

2024-11-12 18:05:38 - [MESSAGE][PASSED] - Object 'Object Repository/RAD_Pages/FilingStatus_Page/input_userType_Joint' is clickable

2024-11-12 18:05:38 - [TEST_STEP][PASSED] - click(findTestObject(orPath_FilingStatus + "/input_userType_Joint")): Object: 'Object Repository/RAD_Pages/FilingStatus_Page/input_userType_Joint' is clicked on

2024-11-12 18:05:38 - [MESSAGE][PASSED] - Object: 'Object Repository/RAD_Pages/FilingStatus_Page/input_userType_Joint' is clicked on

2024-11-12 18:05:38 - [TEST_STEP][PASSED] - setText(findTestObject("Object Repository/RAD_RecordAndPlay/input_JointFilerSSN"), "1111165230"): Text '1111165230' is set on object 'Object Repository/RAD_RecordAndPlay/input_JointFilerSSN'

2024-11-12 18:05:39 - [MESSAGE][PASSED] - Text '1111165230' is set on object 'Object Repository/RAD_RecordAndPlay/input_JointFilerSSN'

2024-11-12 18:05:39 - [TEST_STEP][PASSED] - setText(findTestObject(orPath_Amount + "/input__paymentAmount"), ""): Text '' is set on object 'Object Repository/RAD_Pages/PaymentAmount_Page/input__paymentAmount'

2024-11-12 18:05:40 - [MESSAGE][PASSED] - Text '' is set on object 'Object Repository/RAD_Pages/PaymentAmount_Page/input__paymentAmount'

2024-11-12 18:05:40 - [TEST_STEP][PASSED] - delay(2): Delayed 2 second(s)

2024-11-12 18:05:42 - [MESSAGE][PASSED] - Delayed 2 second(s)

2024-11-12 18:05:42 - [TEST_STEP][PASSED] - if (verifyTextPresent("Please enter a valid SSN with 9 digits", true)): null

2024-11-12 18:05:42 - [MESSAGE][PASSED] - Text 'Please enter a valid SSN with 9 digits' is present on page  using regular expression

2024-11-12 18:05:42 - [TEST_STEP][PASSED] - println("Please enter a valid SSN with 9 digits"): null

2024-11-12 18:05:42 - [TEST_STEP][PASSED] - out.println("Pass Record Number: " + row): null

2024-11-12 18:05:42 - [TEST_STEP][PASSED] - resText = "Pass": null

2024-11-12 18:05:42 - [TEST_STEP][PASSED] - pages.WriteExcel.demoKey(resText, datText, resColumn, datCloumn, fileLoc, nameSheet, row): pages.WriteExcel.demoKey is PASSED

2024-11-12 18:05:42 - [MESSAGE][PASSED] - pages.WriteExcel.demoKey is PASSED

2024-11-12 18:05:42 - [TEST_STEP][PASSED] - ExecuteTC = findTestData(dataFile).getValue("Execute", row): null

2024-11-12 18:05:42 - [TEST_STEP][PASSED] - Taxtype = findTestData(dataFile).getValue("TaxType", row): null

2024-11-12 18:05:42 - [TEST_STEP][PASSED] - Paymenttype = findTestData(dataFile).getValue("PaymentType", row): null

2024-11-12 18:05:42 - [TEST_STEP][PASSED] - out.println("Value of Execute is : " + ExecuteTC): null

2024-11-12 18:05:42 - [TEST_STEP][PASSED] - if (ExecuteTC.equalsIgnoreCase("Y")): null

2024-11-12 18:05:42 - [TEST_STEP][PASSED] - out.println("Begin Record Number: " + row): null

2024-11-12 18:05:42 - [TEST_STEP][PASSED] - today = new java.util.Date(): null

2024-11-12 18:05:42 - [TEST_STEP][PASSED] - println(today): null

2024-11-12 18:05:42 - [TEST_STEP][PASSED] - datText = today: null

2024-11-12 18:05:42 - [TEST_STEP][PASSED] - Taxtype = findTestData(dataFile).getValue("TaxType", row): null

2024-11-12 18:05:42 - [TEST_STEP][PASSED] - out.println("Taxtype value is : " + Taxtype): null

2024-11-12 18:05:42 - [TEST_STEP][PASSED] - openBrowser(""): Browser is opened with url: ''

2024-11-12 18:05:42 - [MESSAGE][WARNING] - A browser is already opened. Closing browser and opening a new one

2024-11-12 18:05:44 - [MESSAGE][INFO] - Starting 'Chrome' driver

2024-11-12 18:05:44 - [MESSAGE][INFO] - User set preference: ['acceptInsecureCerts', 'true']

2024-11-12 18:05:44 - [MESSAGE][INFO] - Action delay is set to 0 milliseconds

2024-11-12 18:05:45 - [MESSAGE][PASSED] - Browser is opened with url: ''

2024-11-12 18:05:45 - [TEST_STEP][PASSED] - maximizeWindow(): Current window maximized

2024-11-12 18:05:45 - [MESSAGE][PASSED] - Current window maximized

2024-11-12 18:05:45 - [TEST_STEP][PASSED] - navigateToUrl(RADurl): Navigate to 'https://www.velocitypayment.com/client/rad/index.html' successfully

2024-11-12 18:05:47 - [MESSAGE][PASSED] - Navigate to 'https://www.velocitypayment.com/client/rad/index.html' successfully

2024-11-12 18:05:47 - [TEST_STEP][PASSED] - orPath_Landing = "Object Repository/RAD_Pages/Landing_Page": null

2024-11-12 18:05:47 - [TEST_STEP][PASSED] - orPath_TaxTypeFilingYear = "Object Repository/RAD_Pages/TaxTypeFilingYear_Page": null

2024-11-12 18:05:47 - [TEST_STEP][PASSED] - orPath_TaxPayer = "Object Repository/RAD_Pages/Taxpayer_Page": null

2024-11-12 18:05:47 - [TEST_STEP][PASSED] - orPath_AddressContact = "Object Repository/RAD_Pages/AddressAndContactInfo_Page": null

2024-11-12 18:05:47 - [TEST_STEP][PASSED] - orPath_FilingStatus = "Object Repository/RAD_Pages/FilingStatus_Page": null

2024-11-12 18:05:47 - [TEST_STEP][PASSED] - orPath_Amount = "Object Repository/RAD_Pages/PaymentAmount_Page": null

2024-11-12 18:05:47 - [TEST_STEP][PASSED] - orPath_TaxInfo = "Object Repository/RAD_Pages/TaxInfo_Page": null

2024-11-12 18:05:47 - [TEST_STEP][PASSED] - selectOptionByLabel(findTestObject(orPath_Landing + "/dd_TaxType"), Paymenttype, false): All options with label 'Extension Payments' are selected in object 'Object Repository/RAD_Pages/Landing_Page/dd_TaxType' 

2024-11-12 18:05:48 - [MESSAGE][PASSED] - All options with label 'Extension Payments' are selected in object 'Object Repository/RAD_Pages/Landing_Page/dd_TaxType' 

2024-11-12 18:05:48 - [TEST_STEP][PASSED] - delay(1): Delayed 1 second(s)

2024-11-12 18:05:49 - [MESSAGE][PASSED] - Delayed 1 second(s)

2024-11-12 18:05:49 - [TEST_STEP][PASSED] - switch (Paymenttype): null

2024-11-12 18:05:49 - [TEST_STEP][PASSED] - case "Extension Payments":: null

2024-11-12 18:05:49 - [TEST_STEP][PASSED] - selectOptionByLabel(findTestObject(orPath_TaxTypeFilingYear + "/select_PaymentType"), Taxtype, false): All options with label 'Personal Income Tax' are selected in object 'Object Repository/RAD_Pages/TaxTypeFilingYear_Page/select_PaymentType' 

2024-11-12 18:05:49 - [MESSAGE][PASSED] - All options with label 'Personal Income Tax' are selected in object 'Object Repository/RAD_Pages/TaxTypeFilingYear_Page/select_PaymentType' 

2024-11-12 18:05:49 - [TEST_STEP][PASSED] - break: null

2024-11-12 18:05:49 - [TEST_STEP][PASSED] - delay(1): Delayed 1 second(s)

2024-11-12 18:05:50 - [MESSAGE][PASSED] - Delayed 1 second(s)

2024-11-12 18:05:50 - [TEST_STEP][PASSED] - scrollToElement(findTestObject(orPath_Amount + "/input__paymentAmount"), 2, CONTINUE_ON_FAILURE): Scroll to object 'Object Repository/RAD_Pages/PaymentAmount_Page/input__paymentAmount' successfully

2024-11-12 18:05:51 - [MESSAGE][PASSED] - Scroll to object 'Object Repository/RAD_Pages/PaymentAmount_Page/input__paymentAmount' successfully

2024-11-12 18:05:51 - [TEST_STEP][PASSED] - waitForElementClickable(findTestObject(orPath_FilingStatus + "/input_userType_Joint"), 5): Object 'Object Repository/RAD_Pages/FilingStatus_Page/input_userType_Joint' is clickable

2024-11-12 18:05:51 - [MESSAGE][PASSED] - Object 'Object Repository/RAD_Pages/FilingStatus_Page/input_userType_Joint' is clickable

2024-11-12 18:05:51 - [TEST_STEP][PASSED] - click(findTestObject(orPath_FilingStatus + "/input_userType_Joint")): Object: 'Object Repository/RAD_Pages/FilingStatus_Page/input_userType_Joint' is clicked on

2024-11-12 18:05:52 - [MESSAGE][PASSED] - Object: 'Object Repository/RAD_Pages/FilingStatus_Page/input_userType_Joint' is clicked on

2024-11-12 18:05:52 - [TEST_STEP][PASSED] - setText(findTestObject("Object Repository/RAD_RecordAndPlay/input_JointFilerSSN"), "1111165230"): Text '1111165230' is set on object 'Object Repository/RAD_RecordAndPlay/input_JointFilerSSN'

2024-11-12 18:05:52 - [MESSAGE][PASSED] - Text '1111165230' is set on object 'Object Repository/RAD_RecordAndPlay/input_JointFilerSSN'

2024-11-12 18:05:52 - [TEST_STEP][PASSED] - setText(findTestObject(orPath_Amount + "/input__paymentAmount"), ""): Text '' is set on object 'Object Repository/RAD_Pages/PaymentAmount_Page/input__paymentAmount'

2024-11-12 18:05:53 - [MESSAGE][PASSED] - Text '' is set on object 'Object Repository/RAD_Pages/PaymentAmount_Page/input__paymentAmount'

2024-11-12 18:05:53 - [TEST_STEP][PASSED] - delay(2): Delayed 2 second(s)

2024-11-12 18:05:55 - [MESSAGE][PASSED] - Delayed 2 second(s)

2024-11-12 18:05:55 - [TEST_STEP][PASSED] - if (verifyTextPresent("Please enter a valid SSN with 9 digits", true)): null

2024-11-12 18:05:55 - [MESSAGE][PASSED] - Text 'Please enter a valid SSN with 9 digits' is present on page  using regular expression

2024-11-12 18:05:55 - [TEST_STEP][PASSED] - println("Please enter a valid SSN with 9 digits"): null

2024-11-12 18:05:55 - [TEST_STEP][PASSED] - out.println("Pass Record Number: " + row): null

2024-11-12 18:05:55 - [TEST_STEP][PASSED] - resText = "Pass": null

2024-11-12 18:05:55 - [TEST_STEP][PASSED] - pages.WriteExcel.demoKey(resText, datText, resColumn, datCloumn, fileLoc, nameSheet, row): pages.WriteExcel.demoKey is PASSED

2024-11-12 18:05:55 - [MESSAGE][PASSED] - pages.WriteExcel.demoKey is PASSED

2024-11-12 18:05:55 - [TEST_STEP][PASSED] - ExecuteTC = findTestData(dataFile).getValue("Execute", row): null

2024-11-12 18:05:55 - [TEST_STEP][PASSED] - Taxtype = findTestData(dataFile).getValue("TaxType", row): null

2024-11-12 18:05:55 - [TEST_STEP][PASSED] - Paymenttype = findTestData(dataFile).getValue("PaymentType", row): null

2024-11-12 18:05:55 - [TEST_STEP][PASSED] - out.println("Value of Execute is : " + ExecuteTC): null

2024-11-12 18:05:55 - [TEST_STEP][PASSED] - if (ExecuteTC.equalsIgnoreCase("Y")): null

2024-11-12 18:05:55 - [TEST_STEP][PASSED] - out.println("Begin Record Number: " + row): null

2024-11-12 18:05:55 - [TEST_STEP][PASSED] - today = new java.util.Date(): null

2024-11-12 18:05:55 - [TEST_STEP][PASSED] - println(today): null

2024-11-12 18:05:55 - [TEST_STEP][PASSED] - datText = today: null

2024-11-12 18:05:55 - [TEST_STEP][PASSED] - Taxtype = findTestData(dataFile).getValue("TaxType", row): null

2024-11-12 18:05:55 - [TEST_STEP][PASSED] - out.println("Taxtype value is : " + Taxtype): null

2024-11-12 18:05:55 - [TEST_STEP][PASSED] - openBrowser(""): Browser is opened with url: ''

2024-11-12 18:05:55 - [MESSAGE][WARNING] - A browser is already opened. Closing browser and opening a new one

2024-11-12 18:05:57 - [MESSAGE][INFO] - Starting 'Chrome' driver

2024-11-12 18:05:57 - [MESSAGE][INFO] - User set preference: ['acceptInsecureCerts', 'true']

2024-11-12 18:05:57 - [MESSAGE][INFO] - Action delay is set to 0 milliseconds

2024-11-12 18:05:58 - [MESSAGE][PASSED] - Browser is opened with url: ''

2024-11-12 18:05:58 - [TEST_STEP][PASSED] - maximizeWindow(): Current window maximized

2024-11-12 18:05:58 - [MESSAGE][PASSED] - Current window maximized

2024-11-12 18:05:58 - [TEST_STEP][PASSED] - navigateToUrl(RADurl): Navigate to 'https://www.velocitypayment.com/client/rad/index.html' successfully

2024-11-12 18:05:59 - [MESSAGE][PASSED] - Navigate to 'https://www.velocitypayment.com/client/rad/index.html' successfully

2024-11-12 18:05:59 - [TEST_STEP][PASSED] - orPath_Landing = "Object Repository/RAD_Pages/Landing_Page": null

2024-11-12 18:05:59 - [TEST_STEP][PASSED] - orPath_TaxTypeFilingYear = "Object Repository/RAD_Pages/TaxTypeFilingYear_Page": null

2024-11-12 18:05:59 - [TEST_STEP][PASSED] - orPath_TaxPayer = "Object Repository/RAD_Pages/Taxpayer_Page": null

2024-11-12 18:05:59 - [TEST_STEP][PASSED] - orPath_AddressContact = "Object Repository/RAD_Pages/AddressAndContactInfo_Page": null

2024-11-12 18:05:59 - [TEST_STEP][PASSED] - orPath_FilingStatus = "Object Repository/RAD_Pages/FilingStatus_Page": null

2024-11-12 18:05:59 - [TEST_STEP][PASSED] - orPath_Amount = "Object Repository/RAD_Pages/PaymentAmount_Page": null

2024-11-12 18:05:59 - [TEST_STEP][PASSED] - orPath_TaxInfo = "Object Repository/RAD_Pages/TaxInfo_Page": null

2024-11-12 18:05:59 - [TEST_STEP][PASSED] - selectOptionByLabel(findTestObject(orPath_Landing + "/dd_TaxType"), Paymenttype, false): All options with label 'New Tax Return Amount Due' are selected in object 'Object Repository/RAD_Pages/Landing_Page/dd_TaxType' 

2024-11-12 18:06:01 - [MESSAGE][PASSED] - All options with label 'New Tax Return Amount Due' are selected in object 'Object Repository/RAD_Pages/Landing_Page/dd_TaxType' 

2024-11-12 18:06:01 - [TEST_STEP][PASSED] - delay(1): Delayed 1 second(s)

2024-11-12 18:06:02 - [MESSAGE][PASSED] - Delayed 1 second(s)

2024-11-12 18:06:02 - [TEST_STEP][PASSED] - switch (Paymenttype): null

2024-11-12 18:06:02 - [TEST_STEP][PASSED] - case "New Tax Return Amount Due":: null

2024-11-12 18:06:02 - [TEST_STEP][PASSED] - selectOptionByLabel(findTestObject("Object Repository/RAD_Pages/Landing_Page/select_NewTaxReturnAmountDue_TaxType"), Taxtype, false): All options with label 'Personal Income Tax' are selected in object 'Object Repository/RAD_Pages/Landing_Page/select_NewTaxReturnAmountDue_TaxType' 

2024-11-12 18:06:02 - [MESSAGE][PASSED] - All options with label 'Personal Income Tax' are selected in object 'Object Repository/RAD_Pages/Landing_Page/select_NewTaxReturnAmountDue_TaxType' 

2024-11-12 18:06:02 - [TEST_STEP][PASSED] - break: null

2024-11-12 18:06:02 - [TEST_STEP][PASSED] - delay(1): Delayed 1 second(s)

2024-11-12 18:06:03 - [MESSAGE][PASSED] - Delayed 1 second(s)

2024-11-12 18:06:03 - [TEST_STEP][PASSED] - scrollToElement(findTestObject(orPath_Amount + "/input__paymentAmount"), 2, CONTINUE_ON_FAILURE): Scroll to object 'Object Repository/RAD_Pages/PaymentAmount_Page/input__paymentAmount' successfully

2024-11-12 18:06:04 - [MESSAGE][PASSED] - Scroll to object 'Object Repository/RAD_Pages/PaymentAmount_Page/input__paymentAmount' successfully

2024-11-12 18:06:04 - [TEST_STEP][PASSED] - waitForElementClickable(findTestObject(orPath_FilingStatus + "/input_userType_Joint"), 5): Object 'Object Repository/RAD_Pages/FilingStatus_Page/input_userType_Joint' is clickable

2024-11-12 18:06:04 - [MESSAGE][PASSED] - Object 'Object Repository/RAD_Pages/FilingStatus_Page/input_userType_Joint' is clickable

2024-11-12 18:06:04 - [TEST_STEP][PASSED] - click(findTestObject(orPath_FilingStatus + "/input_userType_Joint")): Object: 'Object Repository/RAD_Pages/FilingStatus_Page/input_userType_Joint' is clicked on

2024-11-12 18:06:05 - [MESSAGE][PASSED] - Object: 'Object Repository/RAD_Pages/FilingStatus_Page/input_userType_Joint' is clicked on

2024-11-12 18:06:05 - [TEST_STEP][PASSED] - setText(findTestObject("Object Repository/RAD_RecordAndPlay/input_JointFilerSSN"), "1111165230"): Text '1111165230' is set on object 'Object Repository/RAD_RecordAndPlay/input_JointFilerSSN'

2024-11-12 18:06:05 - [MESSAGE][PASSED] - Text '1111165230' is set on object 'Object Repository/RAD_RecordAndPlay/input_JointFilerSSN'

2024-11-12 18:06:05 - [TEST_STEP][PASSED] - setText(findTestObject(orPath_Amount + "/input__paymentAmount"), ""): Text '' is set on object 'Object Repository/RAD_Pages/PaymentAmount_Page/input__paymentAmount'

2024-11-12 18:06:06 - [MESSAGE][PASSED] - Text '' is set on object 'Object Repository/RAD_Pages/PaymentAmount_Page/input__paymentAmount'

2024-11-12 18:06:06 - [TEST_STEP][PASSED] - delay(2): Delayed 2 second(s)

2024-11-12 18:06:08 - [MESSAGE][PASSED] - Delayed 2 second(s)

2024-11-12 18:06:08 - [TEST_STEP][PASSED] - if (verifyTextPresent("Please enter a valid SSN with 9 digits", true)): null

2024-11-12 18:06:08 - [MESSAGE][PASSED] - Text 'Please enter a valid SSN with 9 digits' is present on page  using regular expression

2024-11-12 18:06:08 - [TEST_STEP][PASSED] - println("Please enter a valid SSN with 9 digits"): null

2024-11-12 18:06:08 - [TEST_STEP][PASSED] - out.println("Pass Record Number: " + row): null

2024-11-12 18:06:08 - [TEST_STEP][PASSED] - resText = "Pass": null

2024-11-12 18:06:08 - [TEST_STEP][PASSED] - pages.WriteExcel.demoKey(resText, datText, resColumn, datCloumn, fileLoc, nameSheet, row): pages.WriteExcel.demoKey is PASSED

2024-11-12 18:06:08 - [MESSAGE][PASSED] - pages.WriteExcel.demoKey is PASSED]]></system-out>
         <system-err><![CDATA[]]></system-err>
      </testcase>
      <system-out><![CDATA[2024-11-12 17:19:57 - [TEST_SUITE][PASSED] - RAD_UI_TestSuite: Test Cases/RAD_TestCases/Negative_TestCases/JointFilerSSNmoreThan9Error]]></system-out>
      <system-err><![CDATA[]]></system-err>
   </testsuite>
</testsuites>
