<?xml version="1.0" encoding="UTF-8"?>
<testsuites name="RAD_UI_TestSuite" time="307.616" tests="17" failures="4" errors="0">
   <testsuite name="RAD_UI_TestSuite" tests="17" failures="4" errors="0" time="307.616" skipped="0" timestamp="2021-10-21 23:44:54" hostname="iahmed - DESKTOP-B2QI6NS.govolution.com" id="Test Suites/RAD_TestSuite/RAD_UI_TestSuite">
      <properties>
         <property name="deviceName" value=""/>
         <property name="devicePlatform" value=""/>
         <property name="logFolder" value="E:\\Cloned-Project-Katalon\\VPS-Katalon\\Reports\\20211021_234451\\RAD_TestSuite\\RAD_UI_TestSuite\\20211021_234451"/>
         <property name="logFiles" value="E:\\Cloned-Project-Katalon\\VPS-Katalon\\Reports\\20211021_234451\\RAD_TestSuite\\RAD_UI_TestSuite\\20211021_234451\\execution0.log"/>
         <property name="attachments" value="E:\\Cloned-Project-Katalon\\VPS-Katalon\\Reports\\20211021_234451\\RAD_TestSuite\\RAD_UI_TestSuite\\20211021_234451\\1634874480188.png, E:\\Cloned-Project-Katalon\\VPS-Katalon\\Reports\\20211021_234451\\RAD_TestSuite\\RAD_UI_TestSuite\\20211021_234451\\1634874494504.png, E:\\Cloned-Project-Katalon\\VPS-Katalon\\Reports\\20211021_234451\\RAD_TestSuite\\RAD_UI_TestSuite\\20211021_234451\\1634874508758.png, E:\\Cloned-Project-Katalon\\VPS-Katalon\\Reports\\20211021_234451\\RAD_TestSuite\\RAD_UI_TestSuite\\20211021_234451\\1634874538709.png"/>
         <property name="hostName" value="iahmed - DESKTOP-B2QI6NS.govolution.com"/>
         <property name="os" value="Windows 10 64bit"/>
         <property name="katalonVersion" value="8.0.5.208"/>
         <property name="browser" value="Chrome 95.0.4638.54"/>
         <property name="hostAddress" value="172.30.2.167"/>
         <property name="sessionId" value="a98d1b37a7782fa34c6e787ca58aacdc"/>
         <property name="seleniumVersion" value="3.141.59"/>
         <property name="proxyInformation" value="ProxyInformation { proxyOption=NO_PROXY, proxyServerType=HTTP, username=, password=********, proxyServerAddress=, proxyServerPort=0, executionList=&quot;&quot;, isApplyToDesiredCapabilities=true }"/>
         <property name="platform" value="Windows 10"/>
      </properties>
      <testcase name="Test Cases/RAD_TestCases/UI_TestCases/LandingPage_UI_TC" time="12.362" classname="Test Cases/RAD_TestCases/UI_TestCases/LandingPage_UI_TC" status="PASSED">
         <system-out><![CDATA[2021-10-21 23:44:55 - [TEST_CASE][PASSED] - Test Cases/RAD_TestCases/UI_TestCases/LandingPage_UI_TC: Test Cases/RAD_TestCases/UI_TestCases/LandingPage_UI_TC

2021-10-21 23:44:55 - [TEST_STEP][PASSED] - openBrowser(""): Browser is opened with url: ''

2021-10-21 23:44:57 - [MESSAGE][PASSED] - Browser is opened with url: ''

2021-10-21 23:44:57 - [TEST_STEP][PASSED] - maximizeWindow(): Current window maximized

2021-10-21 23:44:57 - [MESSAGE][PASSED] - Current window maximized

2021-10-21 23:44:57 - [TEST_STEP][PASSED] - navigateToUrl(RADurl): Navigate to 'https://qa.velocitypayment.com/client/rad/index.html' successfully

2021-10-21 23:44:58 - [MESSAGE][PASSED] - Navigate to 'https://qa.velocitypayment.com/client/rad/index.html' successfully

2021-10-21 23:44:58 - [TEST_STEP][PASSED] - orPath = "Object Repository/RAD_Pages/Landing_Page": null

2021-10-21 23:44:58 - [TEST_STEP][PASSED] - if (verifyElementPresent(findTestObject(orPath + "/dd_TaxType"), 30)): null

2021-10-21 23:44:58 - [MESSAGE][PASSED] - Object 'Object Repository/RAD_Pages/Landing_Page/dd_TaxType' is present

2021-10-21 23:44:58 - [TEST_STEP][PASSED] - out.println("Tax Type/Filing Year drop down was found on the Landing Page"): null

2021-10-21 23:44:58 - [TEST_STEP][PASSED] - if (verifyTextPresent("Your Progress", true)): null

2021-10-21 23:44:59 - [MESSAGE][PASSED] - Text 'Your Progress' is present on page  using regular expression

2021-10-21 23:44:59 - [TEST_STEP][PASSED] - out.println("Your Progress Static text was found on the Landing Page"): null

2021-10-21 23:44:59 - [TEST_STEP][PASSED] - if (verifyTextPresent("Tax Type/Taxpayer Information", true)): null

2021-10-21 23:44:59 - [MESSAGE][PASSED] - Text 'Tax Type/Taxpayer Information' is present on page  using regular expression

2021-10-21 23:44:59 - [TEST_STEP][PASSED] - out.println("Tax Type/Taxpayer Information text was found on the Landing Page"): null

2021-10-21 23:44:59 - [TEST_STEP][PASSED] - if (verifyTextPresent("Summary", true)): null

2021-10-21 23:44:59 - [MESSAGE][PASSED] - Text 'Summary' is present on page  using regular expression

2021-10-21 23:44:59 - [TEST_STEP][PASSED] - out.println("Summary Static text was found on the Landing Page"): null

2021-10-21 23:44:59 - [TEST_STEP][PASSED] - if (verifyTextPresent("Need Help?", true)): null

2021-10-21 23:45:00 - [MESSAGE][PASSED] - Text 'Need Help?' is present on page  using regular expression

2021-10-21 23:45:00 - [TEST_STEP][PASSED] - out.println("Need Help? Static text was found on the Landing Page"): null

2021-10-21 23:45:00 - [TEST_STEP][PASSED] - if (verifyTextPresent("FOR TAX RELATED QUESTIONS", true)): null

2021-10-21 23:45:00 - [MESSAGE][PASSED] - Text 'FOR TAX RELATED QUESTIONS' is present on page  using regular expression

2021-10-21 23:45:00 - [TEST_STEP][PASSED] - out.println("FOR TAX RELATED QUESTIONS Static text was found on the Landing Page"): null

2021-10-21 23:45:00 - [TEST_STEP][PASSED] - if (verifyElementPresent(findTestObject(orPath + "/button_Continue"), 30)): null

2021-10-21 23:45:00 - [MESSAGE][PASSED] - Object 'Object Repository/RAD_Pages/Landing_Page/button_Continue' is present

2021-10-21 23:45:00 - [TEST_STEP][PASSED] - out.println("Continue Button was found on the Landing Page"): null

2021-10-21 23:45:00 - [TEST_STEP][PASSED] - if (verifyElementPresent(findTestObject(orPath + "/a_taxhelpmarylandtaxes.gov"), 30)): null

2021-10-21 23:45:01 - [MESSAGE][PASSED] - Object 'Object Repository/RAD_Pages/Landing_Page/a_taxhelpmarylandtaxes.gov' is present

2021-10-21 23:45:01 - [TEST_STEP][PASSED] - out.println("Tax Help Maryland.gov link was found on the Landing Page"): null

2021-10-21 23:45:01 - [TEST_STEP][PASSED] - if (verifyElementPresent(findTestObject(orPath + "/a_For technical questions and support"), 30)): null

2021-10-21 23:45:01 - [MESSAGE][PASSED] - Object 'Object Repository/RAD_Pages/Landing_Page/a_For technical questions and support' is present

2021-10-21 23:45:01 - [TEST_STEP][PASSED] - out.println("For technical questions and support link was found on the Landing Page"): null

2021-10-21 23:45:01 - [TEST_STEP][PASSED] - if (verifyElementPresent(findTestObject(orPath + "/a_Comptroller of Maryland"), 30)): null

2021-10-21 23:45:01 - [MESSAGE][PASSED] - Object 'Object Repository/RAD_Pages/Landing_Page/a_Comptroller of Maryland' is present

2021-10-21 23:45:01 - [TEST_STEP][PASSED] - out.println("Comptroller of Maryland link was found on the Landing Page"): null

2021-10-21 23:45:01 - [TEST_STEP][PASSED] - if (verifyElementPresent(findTestObject(orPath + "/a_Department of Information Technology (DoIT)"), 30)): null

2021-10-21 23:45:02 - [MESSAGE][PASSED] - Object 'Object Repository/RAD_Pages/Landing_Page/a_Department of Information Technology (DoIT)' is present

2021-10-21 23:45:02 - [TEST_STEP][PASSED] - out.println("Department of Information Technology link was found on the Landing Page"): null

2021-10-21 23:45:02 - [TEST_STEP][PASSED] - if (verifyElementPresent(findTestObject(orPath + "/a_double_arrow Click for 247 Support"), 30)): null

2021-10-21 23:45:02 - [MESSAGE][PASSED] - Object 'Object Repository/RAD_Pages/Landing_Page/a_double_arrow Click for 247 Support' is present

2021-10-21 23:45:02 - [TEST_STEP][PASSED] - out.println("Click for 24/7 Support link was found on the Landing Page"): null

2021-10-21 23:45:02 - [TEST_STEP][PASSED] - if (verifyElementPresent(findTestObject(orPath + "/a_Maryland.gov"), 30)): null

2021-10-21 23:45:02 - [MESSAGE][PASSED] - Object 'Object Repository/RAD_Pages/Landing_Page/a_Maryland.gov' is present

2021-10-21 23:45:02 - [TEST_STEP][PASSED] - out.println("Mayrland.gov link was found on the Landing Page"): null

2021-10-21 23:45:02 - [TEST_STEP][PASSED] - totalOptions = getNumberOfTotalOption(findTestObject(orPath + "/dd_TaxType")): 7 options of object 'Object Repository/RAD_Pages/Landing_Page/dd_TaxType' counted

2021-10-21 23:45:03 - [MESSAGE][PASSED] - 7 options of object 'Object Repository/RAD_Pages/Landing_Page/dd_TaxType' counted

2021-10-21 23:45:03 - [TEST_STEP][PASSED] - if (totalOptions == 7): Total Options are correct

2021-10-21 23:45:03 - [TEST_STEP][PASSED] - out.println("Total Options are correct: " + totalOptions): null

2021-10-21 23:45:03 - [TEST_STEP][PASSED] - markPassed("Total Options are correct"): Total Options are correct

2021-10-21 23:45:03 - [MESSAGE][PASSED] - Total Options are correct

2021-10-21 23:45:03 - [TEST_STEP][PASSED] - if (verifyOptionPresentByLabel(findTestObject(orPath + "/dd_TaxType"), "Estimated Tax", false, 60)): null

2021-10-21 23:45:04 - [MESSAGE][PASSED] - 1 option(s) with label 'Estimated Tax' is/are present in object 'Object Repository/RAD_Pages/Landing_Page/dd_TaxType' 

2021-10-21 23:45:04 - [TEST_STEP][PASSED] - out.println("Estimated Tax Option is present in the Tax Type Drop Down"): null

2021-10-21 23:45:04 - [TEST_STEP][PASSED] - if (verifyOptionPresentByLabel(findTestObject(orPath + "/dd_TaxType"), "Personal Income Tax", false, 60)): null

2021-10-21 23:45:04 - [MESSAGE][PASSED] - 1 option(s) with label 'Personal Income Tax' is/are present in object 'Object Repository/RAD_Pages/Landing_Page/dd_TaxType' 

2021-10-21 23:45:04 - [TEST_STEP][PASSED] - out.println("Personal Income Tax Option is present in the Tax Type Drop Down"): null

2021-10-21 23:45:04 - [TEST_STEP][PASSED] - if (verifyOptionPresentByLabel(findTestObject(orPath + "/dd_TaxType"), "Extension Payments", false, 60)): null

2021-10-21 23:45:05 - [MESSAGE][PASSED] - 1 option(s) with label 'Extension Payments' is/are present in object 'Object Repository/RAD_Pages/Landing_Page/dd_TaxType' 

2021-10-21 23:45:05 - [TEST_STEP][PASSED] - out.println("Extension Payments Option is present in the Tax Type Drop Down"): null

2021-10-21 23:45:05 - [TEST_STEP][PASSED] - if (verifyOptionPresentByLabel(findTestObject(orPath + "/dd_TaxType"), "Existing Liability", false, 60)): null

2021-10-21 23:45:06 - [MESSAGE][PASSED] - 1 option(s) with label 'Existing Liability' is/are present in object 'Object Repository/RAD_Pages/Landing_Page/dd_TaxType' 

2021-10-21 23:45:06 - [TEST_STEP][PASSED] - out.println("Existing Liability Option is present in the Tax Type Drop Down"): null

2021-10-21 23:45:06 - [TEST_STEP][PASSED] - if (verifyOptionPresentByLabel(findTestObject(orPath + "/dd_TaxType"), "Sales and Use", false, 60)): null

2021-10-21 23:45:06 - [MESSAGE][PASSED] - 1 option(s) with label 'Sales and Use' is/are present in object 'Object Repository/RAD_Pages/Landing_Page/dd_TaxType' 

2021-10-21 23:45:06 - [TEST_STEP][PASSED] - out.println("Sales and Use Option is present in the Tax Type Drop Down"): null

2021-10-21 23:45:06 - [TEST_STEP][PASSED] - if (verifyOptionPresentByLabel(findTestObject(orPath + "/dd_TaxType"), "Withholding Tax", false, 60)): null

2021-10-21 23:45:07 - [MESSAGE][PASSED] - 1 option(s) with label 'Withholding Tax' is/are present in object 'Object Repository/RAD_Pages/Landing_Page/dd_TaxType' 

2021-10-21 23:45:07 - [TEST_STEP][PASSED] - out.println("Withholding Tax Option is present in the Tax Type Drop Down"): null]]></system-out>
         <system-err><![CDATA[]]></system-err>
      </testcase>
      <testcase name="Test Cases/RAD_TestCases/UI_TestCases/EstimatedTax_UI_TC" time="24.365" classname="Test Cases/RAD_TestCases/UI_TestCases/EstimatedTax_UI_TC" status="PASSED">
         <system-out><![CDATA[2021-10-21 23:45:07 - [TEST_CASE][PASSED] - Test Cases/RAD_TestCases/UI_TestCases/EstimatedTax_UI_TC: Test Cases/RAD_TestCases/UI_TestCases/EstimatedTax_UI_TC

2021-10-21 23:45:08 - [TEST_STEP][PASSED] - openBrowser(""): Browser is opened with url: ''

2021-10-21 23:45:08 - [MESSAGE][PASSED] - Browser is opened with url: ''

2021-10-21 23:45:08 - [TEST_STEP][PASSED] - maximizeWindow(): Current window maximized

2021-10-21 23:45:08 - [MESSAGE][PASSED] - Current window maximized

2021-10-21 23:45:08 - [TEST_STEP][PASSED] - navigateToUrl(RADurl): Navigate to 'https://qa.velocitypayment.com/client/rad/index.html' successfully

2021-10-21 23:45:08 - [MESSAGE][PASSED] - Navigate to 'https://qa.velocitypayment.com/client/rad/index.html' successfully

2021-10-21 23:45:08 - [TEST_STEP][PASSED] - orPath_Landing = "Object Repository/RAD_Pages/Landing_Page": null

2021-10-21 23:45:08 - [TEST_STEP][PASSED] - orPath_TaxTypeFilingYear = "Object Repository/RAD_Pages/TaxTypeFilingYear_Page": null

2021-10-21 23:45:08 - [TEST_STEP][PASSED] - orPath_TaxPayer = "Object Repository/RAD_Pages/Taxpayer_Page": null

2021-10-21 23:45:08 - [TEST_STEP][PASSED] - orPath_AddressContact = "Object Repository/RAD_Pages/AddressAndContactInfo_Page": null

2021-10-21 23:45:08 - [TEST_STEP][PASSED] - orPath_FilingStatus = "Object Repository/RAD_Pages/FilingStatus_Page": null

2021-10-21 23:45:08 - [TEST_STEP][PASSED] - orPath_Amount = "Object Repository/RAD_Pages/PaymentAmount_Page": null

2021-10-21 23:45:08 - [TEST_STEP][PASSED] - selectOptionByLabel(findTestObject(orPath_Landing + "/dd_TaxType"), "Estimated Tax", false): All options with label 'Estimated Tax' are selected in object 'Object Repository/RAD_Pages/Landing_Page/dd_TaxType' 

2021-10-21 23:45:09 - [MESSAGE][PASSED] - All options with label 'Estimated Tax' are selected in object 'Object Repository/RAD_Pages/Landing_Page/dd_TaxType' 

2021-10-21 23:45:09 - [TEST_STEP][PASSED] - if (verifyElementPresent(findTestObject(orPath_TaxTypeFilingYear + "/select_PaymentType"), 30)): null

2021-10-21 23:45:09 - [MESSAGE][PASSED] - Object 'Object Repository/RAD_Pages/TaxTypeFilingYear_Page/select_PaymentType' is present

2021-10-21 23:45:09 - [TEST_STEP][PASSED] - out.println("Payment Type drop down was found on the Estimated Tax Page"): null

2021-10-21 23:45:09 - [TEST_STEP][PASSED] - if (verifyElementPresent(findTestObject(orPath_TaxTypeFilingYear + "/select_FilingYear"), 30)): null

2021-10-21 23:45:10 - [MESSAGE][PASSED] - Object 'Object Repository/RAD_Pages/TaxTypeFilingYear_Page/select_FilingYear' is present

2021-10-21 23:45:10 - [TEST_STEP][PASSED] - out.println("Filing Year drop down was found on the Estimated Tax Page"): null

2021-10-21 23:45:10 - [TEST_STEP][PASSED] - totalOptionsPaymentType = getNumberOfTotalOption(findTestObject(orPath_TaxTypeFilingYear + "/select_PaymentType")): 3 options of object 'Object Repository/RAD_Pages/TaxTypeFilingYear_Page/select_PaymentType' counted

2021-10-21 23:45:10 - [MESSAGE][PASSED] - 3 options of object 'Object Repository/RAD_Pages/TaxTypeFilingYear_Page/select_PaymentType' counted

2021-10-21 23:45:10 - [TEST_STEP][PASSED] - if (verifyEqual(totalOptionsPaymentType, 3)): null

2021-10-21 23:45:10 - [MESSAGE][PASSED] - Actual object '3' and expected object '3' are equal

2021-10-21 23:45:10 - [TEST_STEP][PASSED] - out.println("Total Options for Payment Type are correct: " + totalOptionsPaymentType): null

2021-10-21 23:45:10 - [TEST_STEP][PASSED] - markPassed("Total Options are correct for Payment Type"): Total Options are correct for Payment Type

2021-10-21 23:45:10 - [MESSAGE][PASSED] - Total Options are correct for Payment Type

2021-10-21 23:45:10 - [TEST_STEP][PASSED] - totalOptionsFilingYear = getNumberOfTotalOption(findTestObject(orPath_TaxTypeFilingYear + "/select_FilingYear")): 4 options of object 'Object Repository/RAD_Pages/TaxTypeFilingYear_Page/select_FilingYear' counted

2021-10-21 23:45:11 - [MESSAGE][PASSED] - 4 options of object 'Object Repository/RAD_Pages/TaxTypeFilingYear_Page/select_FilingYear' counted

2021-10-21 23:45:11 - [TEST_STEP][PASSED] - if (verifyEqual(totalOptionsFilingYear, 4)): null

2021-10-21 23:45:11 - [MESSAGE][PASSED] - Actual object '4' and expected object '4' are equal

2021-10-21 23:45:11 - [TEST_STEP][PASSED] - out.println("Total Options for Filing Year are correct: " + totalOptionsFilingYear): null

2021-10-21 23:45:11 - [TEST_STEP][PASSED] - markPassed("Total Options are correct for Filing Year"): Total Options are correct for Filing Year

2021-10-21 23:45:11 - [MESSAGE][PASSED] - Total Options are correct for Filing Year

2021-10-21 23:45:11 - [TEST_STEP][PASSED] - verifyOptionsPresent(findTestObject(orPath_TaxTypeFilingYear + "/select_PaymentType"), ["Personal", "Corporate"]): Options [Personal, Corporate] present.

2021-10-21 23:45:12 - [MESSAGE][PASSED] - Options [Personal, Corporate] present.

2021-10-21 23:45:12 - [TEST_STEP][PASSED] - verifyOptionsPresent(findTestObject(orPath_TaxTypeFilingYear + "/select_FilingYear"), ["2022", "2021", "2020"]): Options [2022, 2021, 2020] present.

2021-10-21 23:45:12 - [MESSAGE][PASSED] - Options [2022, 2021, 2020] present.

2021-10-21 23:45:12 - [TEST_STEP][PASSED] - verifyTextPresent("Tax Type/Filing Year", true): Text 'Tax Type/Filing Year' is present on page  using regular expression

2021-10-21 23:45:13 - [MESSAGE][PASSED] - Text 'Tax Type/Filing Year' is present on page  using regular expression

2021-10-21 23:45:13 - [TEST_STEP][PASSED] - verifyTextPresent("Taxpayer", true): Text 'Taxpayer' is present on page  using regular expression

2021-10-21 23:45:13 - [MESSAGE][PASSED] - Text 'Taxpayer' is present on page  using regular expression

2021-10-21 23:45:13 - [TEST_STEP][PASSED] - verifyTextPresent("Provide the following taxpayer information", true): Text 'Provide the following taxpayer information' is present on page  using regular expression

2021-10-21 23:45:14 - [MESSAGE][PASSED] - Text 'Provide the following taxpayer information' is present on page  using regular expression

2021-10-21 23:45:14 - [TEST_STEP][PASSED] - verifyTextPresent("Note: If you are paying on behalf of the Taxpayer, enter Taxpayer", true): Text 'Note: If you are paying on behalf of the Taxpayer, enter Taxpayer' is present on page  using regular expression

2021-10-21 23:45:14 - [MESSAGE][PASSED] - Text 'Note: If you are paying on behalf of the Taxpayer, enter Taxpayer' is present on page  using regular expression

2021-10-21 23:45:14 - [TEST_STEP][PASSED] - verifyTextPresent("information here. If you are making a payment for the Taxpayer, you will be required later to enter your own credit card, billing address and other pertinent information", true): Text 'information here. If you are making a payment for the Taxpayer, you will be required later to enter your own credit card, billing address and other pertinent information' is present on page  using regular expression

2021-10-21 23:45:14 - [MESSAGE][PASSED] - Text 'information here. If you are making a payment for the Taxpayer, you will be required later to enter your own credit card, billing address and other pertinent information' is present on page  using regular expression

2021-10-21 23:45:14 - [TEST_STEP][PASSED] - verifyTextPresent("Address and Contact Information", true): Text 'Address and Contact Information' is present on page  using regular expression

2021-10-21 23:45:15 - [MESSAGE][PASSED] - Text 'Address and Contact Information' is present on page  using regular expression

2021-10-21 23:45:15 - [TEST_STEP][PASSED] - verifyTextPresent("Enter the taxpayer", true): Text 'Enter the taxpayer' is present on page  using regular expression

2021-10-21 23:45:15 - [MESSAGE][PASSED] - Text 'Enter the taxpayer' is present on page  using regular expression

2021-10-21 23:45:15 - [TEST_STEP][PASSED] - verifyTextPresent("address and contact information", true): Text 'address and contact information' is present on page  using regular expression

2021-10-21 23:45:16 - [MESSAGE][PASSED] - Text 'address and contact information' is present on page  using regular expression

2021-10-21 23:45:16 - [TEST_STEP][PASSED] - verifyTextPresent("Filing Status", true): Text 'Filing Status' is present on page  using regular expression

2021-10-21 23:45:16 - [MESSAGE][PASSED] - Text 'Filing Status' is present on page  using regular expression

2021-10-21 23:45:16 - [TEST_STEP][PASSED] - verifyTextPresent("Is this an Individual or Joint Filing?", true): Text 'Is this an Individual or Joint Filing?' is present on page  using regular expression

2021-10-21 23:45:16 - [MESSAGE][PASSED] - Text 'Is this an Individual or Joint Filing?' is present on page  using regular expression

2021-10-21 23:45:16 - [TEST_STEP][PASSED] - verifyTextPresent("Filing type", true): Text 'Filing type' is present on page  using regular expression

2021-10-21 23:45:17 - [MESSAGE][PASSED] - Text 'Filing type' is present on page  using regular expression

2021-10-21 23:45:17 - [TEST_STEP][PASSED] - verifyTextPresent("Individual Filing", true): Text 'Individual Filing' is present on page  using regular expression

2021-10-21 23:45:17 - [MESSAGE][PASSED] - Text 'Individual Filing' is present on page  using regular expression

2021-10-21 23:45:17 - [TEST_STEP][PASSED] - verifyTextPresent("Joint Filing", true): Text 'Joint Filing' is present on page  using regular expression

2021-10-21 23:45:17 - [MESSAGE][PASSED] - Text 'Joint Filing' is present on page  using regular expression

2021-10-21 23:45:17 - [TEST_STEP][PASSED] - verifyTextPresent("Payment Amount", true): Text 'Payment Amount' is present on page  using regular expression

2021-10-21 23:45:18 - [MESSAGE][PASSED] - Text 'Payment Amount' is present on page  using regular expression

2021-10-21 23:45:18 - [TEST_STEP][PASSED] - verifyTextPresent("Service Fee: This electronic government service includes a service/convenience fee. Click here for details", true): Text 'Service Fee: This electronic government service includes a service/convenience fee. Click here for details' is present on page  using regular expression

2021-10-21 23:45:18 - [MESSAGE][PASSED] - Text 'Service Fee: This electronic government service includes a service/convenience fee. Click here for details' is present on page  using regular expression

2021-10-21 23:45:18 - [TEST_STEP][PASSED] - verifyElementPresent(findTestObject(orPath_Amount + "/a_Click here for details"), 30): Object 'Object Repository/RAD_Pages/PaymentAmount_Page/a_Click here for details' is present

2021-10-21 23:45:19 - [MESSAGE][PASSED] - Object 'Object Repository/RAD_Pages/PaymentAmount_Page/a_Click here for details' is present

2021-10-21 23:45:19 - [TEST_STEP][PASSED] - verifyElementPresent(findTestObject(orPath_Landing + "/button_Continue"), 30): Object 'Object Repository/RAD_Pages/Landing_Page/button_Continue' is present

2021-10-21 23:45:19 - [MESSAGE][PASSED] - Object 'Object Repository/RAD_Pages/Landing_Page/button_Continue' is present

2021-10-21 23:45:19 - [TEST_STEP][PASSED] - verifyElementPresent(findTestObject(orPath_TaxPayer + "/input_firstName"), 30): Object 'Object Repository/RAD_Pages/Taxpayer_Page/input_firstName' is present

2021-10-21 23:45:19 - [MESSAGE][PASSED] - Object 'Object Repository/RAD_Pages/Taxpayer_Page/input_firstName' is present

2021-10-21 23:45:19 - [TEST_STEP][PASSED] - verifyElementPresent(findTestObject(orPath_TaxPayer + "/input_middleName"), 30): Object 'Object Repository/RAD_Pages/Taxpayer_Page/input_middleName' is present

2021-10-21 23:45:20 - [MESSAGE][PASSED] - Object 'Object Repository/RAD_Pages/Taxpayer_Page/input_middleName' is present

2021-10-21 23:45:20 - [TEST_STEP][PASSED] - verifyElementPresent(findTestObject(orPath_TaxPayer + "/input_lastName"), 30): Object 'Object Repository/RAD_Pages/Taxpayer_Page/input_lastName' is present

2021-10-21 23:45:20 - [MESSAGE][PASSED] - Object 'Object Repository/RAD_Pages/Taxpayer_Page/input_lastName' is present

2021-10-21 23:45:20 - [TEST_STEP][PASSED] - verifyElementPresent(findTestObject(orPath_TaxPayer + "/input_suffix"), 30): Object 'Object Repository/RAD_Pages/Taxpayer_Page/input_suffix' is present

2021-10-21 23:45:20 - [MESSAGE][PASSED] - Object 'Object Repository/RAD_Pages/Taxpayer_Page/input_suffix' is present

2021-10-21 23:45:20 - [TEST_STEP][PASSED] - verifyElementPresent(findTestObject("RAD_RecordAndPlay/input_concatSSN"), 30): Object 'Object Repository/RAD_RecordAndPlay/input_concatSSN' is present

2021-10-21 23:45:21 - [MESSAGE][PASSED] - Object 'Object Repository/RAD_RecordAndPlay/input_concatSSN' is present

2021-10-21 23:45:21 - [TEST_STEP][PASSED] - verifyElementPresent(findTestObject("RAD_RecordAndPlay/input_concatReSSN"), 30): Object 'Object Repository/RAD_RecordAndPlay/input_concatReSSN' is present

2021-10-21 23:45:21 - [MESSAGE][PASSED] - Object 'Object Repository/RAD_RecordAndPlay/input_concatReSSN' is present

2021-10-21 23:45:21 - [TEST_STEP][PASSED] - verifyElementPresent(findTestObject(orPath_AddressContact + "/select_Country"), 30): Object 'Object Repository/RAD_Pages/AddressAndContactInfo_Page/select_Country' is present

2021-10-21 23:45:22 - [MESSAGE][PASSED] - Object 'Object Repository/RAD_Pages/AddressAndContactInfo_Page/select_Country' is present

2021-10-21 23:45:22 - [TEST_STEP][PASSED] - verifyElementPresent(findTestObject(orPath_AddressContact + "/input_streetAddress1"), 30): Object 'Object Repository/RAD_Pages/AddressAndContactInfo_Page/input_streetAddress1' is present

2021-10-21 23:45:22 - [MESSAGE][PASSED] - Object 'Object Repository/RAD_Pages/AddressAndContactInfo_Page/input_streetAddress1' is present

2021-10-21 23:45:22 - [TEST_STEP][PASSED] - verifyElementPresent(findTestObject(orPath_AddressContact + "/input_streetAddress2"), 30): Object 'Object Repository/RAD_Pages/AddressAndContactInfo_Page/input_streetAddress2' is present

2021-10-21 23:45:22 - [MESSAGE][PASSED] - Object 'Object Repository/RAD_Pages/AddressAndContactInfo_Page/input_streetAddress2' is present

2021-10-21 23:45:22 - [TEST_STEP][PASSED] - verifyElementPresent(findTestObject(orPath_AddressContact + "/input_city"), 30): Object 'Object Repository/RAD_Pages/AddressAndContactInfo_Page/input_city' is present

2021-10-21 23:45:23 - [MESSAGE][PASSED] - Object 'Object Repository/RAD_Pages/AddressAndContactInfo_Page/input_city' is present

2021-10-21 23:45:23 - [TEST_STEP][PASSED] - verifyElementPresent(findTestObject(orPath_AddressContact + "/select_State"), 30): Object 'Object Repository/RAD_Pages/AddressAndContactInfo_Page/select_State' is present

2021-10-21 23:45:23 - [MESSAGE][PASSED] - Object 'Object Repository/RAD_Pages/AddressAndContactInfo_Page/select_State' is present

2021-10-21 23:45:23 - [TEST_STEP][PASSED] - verifyElementPresent(findTestObject(orPath_AddressContact + "/input_zipCode"), 30): Object 'Object Repository/RAD_Pages/AddressAndContactInfo_Page/input_zipCode' is present

2021-10-21 23:45:23 - [MESSAGE][PASSED] - Object 'Object Repository/RAD_Pages/AddressAndContactInfo_Page/input_zipCode' is present

2021-10-21 23:45:23 - [TEST_STEP][PASSED] - verifyElementPresent(findTestObject(orPath_AddressContact + "/input_phoneNumber"), 30): Object 'Object Repository/RAD_Pages/AddressAndContactInfo_Page/input_phoneNumber' is present

2021-10-21 23:45:24 - [MESSAGE][PASSED] - Object 'Object Repository/RAD_Pages/AddressAndContactInfo_Page/input_phoneNumber' is present

2021-10-21 23:45:24 - [TEST_STEP][PASSED] - verifyElementPresent(findTestObject(orPath_AddressContact + "/input_eMailAddress"), 30): Object 'Object Repository/RAD_Pages/AddressAndContactInfo_Page/input_eMailAddress' is present

2021-10-21 23:45:24 - [MESSAGE][PASSED] - Object 'Object Repository/RAD_Pages/AddressAndContactInfo_Page/input_eMailAddress' is present

2021-10-21 23:45:24 - [TEST_STEP][PASSED] - verifyElementPresent(findTestObject(orPath_AddressContact + "/input_reEnterEMailAddress"), 30): Object 'Object Repository/RAD_Pages/AddressAndContactInfo_Page/input_reEnterEMailAddress' is present

2021-10-21 23:45:24 - [MESSAGE][PASSED] - Object 'Object Repository/RAD_Pages/AddressAndContactInfo_Page/input_reEnterEMailAddress' is present

2021-10-21 23:45:24 - [TEST_STEP][PASSED] - verifyOptionsPresent(findTestObject(orPath_AddressContact + "/select_Country"), ["United States"]): Options [United States] present.

2021-10-21 23:45:25 - [MESSAGE][PASSED] - Options [United States] present.

2021-10-21 23:45:25 - [TEST_STEP][PASSED] - verifyOptionsPresent(findTestObject(orPath_AddressContact + "/select_State"), ["Alabama", "District of Columbia", "Maryland", "Virginia", "Wyoming"]): Options [Alabama, District of Columbia, Maryland, Virginia, Wyoming] present.

2021-10-21 23:45:26 - [MESSAGE][PASSED] - Options [Alabama, District of Columbia, Maryland, Virginia, Wyoming] present.

2021-10-21 23:45:26 - [TEST_STEP][PASSED] - totalOptionsState = getNumberOfTotalOption(findTestObject(orPath_AddressContact + "/select_State")): 52 options of object 'Object Repository/RAD_Pages/AddressAndContactInfo_Page/select_State' counted

2021-10-21 23:45:27 - [MESSAGE][PASSED] - 52 options of object 'Object Repository/RAD_Pages/AddressAndContactInfo_Page/select_State' counted

2021-10-21 23:45:27 - [TEST_STEP][PASSED] - verifyEqual(totalOptionsState, 52): Actual object '52' and expected object '52' are equal

2021-10-21 23:45:27 - [MESSAGE][PASSED] - Actual object '52' and expected object '52' are equal

2021-10-21 23:45:27 - [TEST_STEP][PASSED] - verifyElementPresent(findTestObject(orPath_FilingStatus + "/input_userType_Individual"), 30): Object 'Object Repository/RAD_Pages/FilingStatus_Page/input_userType_Individual' is present

2021-10-21 23:45:27 - [MESSAGE][PASSED] - Object 'Object Repository/RAD_Pages/FilingStatus_Page/input_userType_Individual' is present

2021-10-21 23:45:27 - [TEST_STEP][PASSED] - verifyElementPresent(findTestObject(orPath_FilingStatus + "/input_userType_Joint"), 30): Object 'Object Repository/RAD_Pages/FilingStatus_Page/input_userType_Joint' is present

2021-10-21 23:45:27 - [MESSAGE][PASSED] - Object 'Object Repository/RAD_Pages/FilingStatus_Page/input_userType_Joint' is present

2021-10-21 23:45:27 - [TEST_STEP][PASSED] - verifyElementPresent(findTestObject(orPath_Amount + "/input__paymentAmount"), 30): Object 'Object Repository/RAD_Pages/PaymentAmount_Page/input__paymentAmount' is present

2021-10-21 23:45:28 - [MESSAGE][PASSED] - Object 'Object Repository/RAD_Pages/PaymentAmount_Page/input__paymentAmount' is present

2021-10-21 23:45:28 - [TEST_STEP][PASSED] - scrollToElement(findTestObject(orPath_Amount + "/input__paymentAmount"), 3): Scroll to object 'Object Repository/RAD_Pages/PaymentAmount_Page/input__paymentAmount' successfully

2021-10-21 23:45:28 - [MESSAGE][PASSED] - Scroll to object 'Object Repository/RAD_Pages/PaymentAmount_Page/input__paymentAmount' successfully

2021-10-21 23:45:28 - [TEST_STEP][PASSED] - waitForElementClickable(findTestObject(orPath_FilingStatus + "/input_userType_Joint"), 5): Object 'Object Repository/RAD_Pages/FilingStatus_Page/input_userType_Joint' is clickable

2021-10-21 23:45:29 - [MESSAGE][PASSED] - Object 'Object Repository/RAD_Pages/FilingStatus_Page/input_userType_Joint' is clickable

2021-10-21 23:45:29 - [TEST_STEP][PASSED] - click(findTestObject(orPath_FilingStatus + "/input_userType_Joint")): Object: 'Object Repository/RAD_Pages/FilingStatus_Page/input_userType_Joint' is clicked on

2021-10-21 23:45:29 - [MESSAGE][PASSED] - Object: 'Object Repository/RAD_Pages/FilingStatus_Page/input_userType_Joint' is clicked on

2021-10-21 23:45:29 - [TEST_STEP][PASSED] - verifyTextPresent("Provide the following information for the joint filer", true): Text 'Provide the following information for the joint filer' is present on page  using regular expression

2021-10-21 23:45:29 - [MESSAGE][PASSED] - Text 'Provide the following information for the joint filer' is present on page  using regular expression

2021-10-21 23:45:29 - [TEST_STEP][PASSED] - verifyElementPresent(findTestObject(orPath_FilingStatus + "/input_jointFirstName"), 30): Object 'Object Repository/RAD_Pages/FilingStatus_Page/input_jointFirstName' is present

2021-10-21 23:45:30 - [MESSAGE][PASSED] - Object 'Object Repository/RAD_Pages/FilingStatus_Page/input_jointFirstName' is present

2021-10-21 23:45:30 - [TEST_STEP][PASSED] - verifyElementPresent(findTestObject(orPath_FilingStatus + "/input_jointMiddleName"), 30): Object 'Object Repository/RAD_Pages/FilingStatus_Page/input_jointMiddleName' is present

2021-10-21 23:45:30 - [MESSAGE][PASSED] - Object 'Object Repository/RAD_Pages/FilingStatus_Page/input_jointMiddleName' is present

2021-10-21 23:45:30 - [TEST_STEP][PASSED] - verifyElementPresent(findTestObject(orPath_FilingStatus + "/input_jointLastName"), 30): Object 'Object Repository/RAD_Pages/FilingStatus_Page/input_jointLastName' is present

2021-10-21 23:45:30 - [MESSAGE][PASSED] - Object 'Object Repository/RAD_Pages/FilingStatus_Page/input_jointLastName' is present

2021-10-21 23:45:30 - [TEST_STEP][PASSED] - verifyElementPresent(findTestObject(orPath_FilingStatus + "/input_jointSuffix"), 30): Object 'Object Repository/RAD_Pages/FilingStatus_Page/input_jointSuffix' is present

2021-10-21 23:45:31 - [MESSAGE][PASSED] - Object 'Object Repository/RAD_Pages/FilingStatus_Page/input_jointSuffix' is present

2021-10-21 23:45:31 - [TEST_STEP][PASSED] - verifyElementPresent(findTestObject(orPath_FilingStatus + "/input_jointSSN"), 30): Object 'Object Repository/RAD_Pages/FilingStatus_Page/input_jointSSN' is present

2021-10-21 23:45:31 - [MESSAGE][PASSED] - Object 'Object Repository/RAD_Pages/FilingStatus_Page/input_jointSSN' is present

2021-10-21 23:45:31 - [TEST_STEP][PASSED] - verifyElementPresent(findTestObject(orPath_FilingStatus + "/input_reEnterjointSSN"), 30): Object 'Object Repository/RAD_Pages/FilingStatus_Page/input_reEnterjointSSN' is present

2021-10-21 23:45:31 - [MESSAGE][PASSED] - Object 'Object Repository/RAD_Pages/FilingStatus_Page/input_reEnterjointSSN' is present]]></system-out>
         <system-err><![CDATA[]]></system-err>
      </testcase>
      <testcase name="Test Cases/RAD_TestCases/UI_TestCases/PersonalIncomeTax_UI_TC" time="32.402" classname="Test Cases/RAD_TestCases/UI_TestCases/PersonalIncomeTax_UI_TC" status="PASSED">
         <system-out><![CDATA[2021-10-21 23:45:31 - [TEST_CASE][PASSED] - Test Cases/RAD_TestCases/UI_TestCases/PersonalIncomeTax_UI_TC: Test Cases/RAD_TestCases/UI_TestCases/PersonalIncomeTax_UI_TC

2021-10-21 23:45:32 - [TEST_STEP][PASSED] - openBrowser(""): Browser is opened with url: ''

2021-10-21 23:45:32 - [MESSAGE][PASSED] - Browser is opened with url: ''

2021-10-21 23:45:32 - [TEST_STEP][PASSED] - maximizeWindow(): Current window maximized

2021-10-21 23:45:32 - [MESSAGE][PASSED] - Current window maximized

2021-10-21 23:45:32 - [TEST_STEP][PASSED] - navigateToUrl(RADurl): Navigate to 'https://qa.velocitypayment.com/client/rad/index.html' successfully

2021-10-21 23:45:32 - [MESSAGE][PASSED] - Navigate to 'https://qa.velocitypayment.com/client/rad/index.html' successfully

2021-10-21 23:45:32 - [TEST_STEP][PASSED] - orPath_Landing = "Object Repository/RAD_Pages/Landing_Page": null

2021-10-21 23:45:32 - [TEST_STEP][PASSED] - orPath_TaxTypeFilingYear = "Object Repository/RAD_Pages/TaxTypeFilingYear_Page": null

2021-10-21 23:45:32 - [TEST_STEP][PASSED] - orPath_TaxPayer = "Object Repository/RAD_Pages/Taxpayer_Page": null

2021-10-21 23:45:32 - [TEST_STEP][PASSED] - orPath_AddressContact = "Object Repository/RAD_Pages/AddressAndContactInfo_Page": null

2021-10-21 23:45:32 - [TEST_STEP][PASSED] - orPath_FilingStatus = "Object Repository/RAD_Pages/FilingStatus_Page": null

2021-10-21 23:45:32 - [TEST_STEP][PASSED] - orPath_Amount = "Object Repository/RAD_Pages/PaymentAmount_Page": null

2021-10-21 23:45:32 - [TEST_STEP][PASSED] - selectOptionByLabel(findTestObject(orPath_Landing + "/dd_TaxType"), "Personal Income Tax", false): All options with label 'Personal Income Tax' are selected in object 'Object Repository/RAD_Pages/Landing_Page/dd_TaxType' 

2021-10-21 23:45:33 - [MESSAGE][PASSED] - All options with label 'Personal Income Tax' are selected in object 'Object Repository/RAD_Pages/Landing_Page/dd_TaxType' 

2021-10-21 23:45:33 - [TEST_STEP][PASSED] - verifyElementPresent(findTestObject(orPath_TaxTypeFilingYear + "/select_FilingYear"), 30): Object 'Object Repository/RAD_Pages/TaxTypeFilingYear_Page/select_FilingYear' is present

2021-10-21 23:45:34 - [MESSAGE][PASSED] - Object 'Object Repository/RAD_Pages/TaxTypeFilingYear_Page/select_FilingYear' is present

2021-10-21 23:45:34 - [TEST_STEP][PASSED] - totalOptionsFilingYear = getNumberOfTotalOption(findTestObject(orPath_TaxTypeFilingYear + "/select_FilingYear")): 4 options of object 'Object Repository/RAD_Pages/TaxTypeFilingYear_Page/select_FilingYear' counted

2021-10-21 23:45:34 - [MESSAGE][PASSED] - 4 options of object 'Object Repository/RAD_Pages/TaxTypeFilingYear_Page/select_FilingYear' counted

2021-10-21 23:45:34 - [TEST_STEP][PASSED] - verifyEqual(totalOptionsFilingYear, 4): Actual object '4' and expected object '4' are equal

2021-10-21 23:45:34 - [MESSAGE][PASSED] - Actual object '4' and expected object '4' are equal

2021-10-21 23:45:34 - [TEST_STEP][PASSED] - verifyOptionsPresent(findTestObject(orPath_TaxTypeFilingYear + "/select_FilingYear"), ["2022", "2021", "2020"]): Options [2022, 2021, 2020] present.

2021-10-21 23:45:35 - [MESSAGE][PASSED] - Options [2022, 2021, 2020] present.

2021-10-21 23:45:35 - [TEST_STEP][PASSED] - verifyTextPresent("Tax Type/Filing Year", true): Text 'Tax Type/Filing Year' is present on page  using regular expression

2021-10-21 23:45:36 - [MESSAGE][PASSED] - Text 'Tax Type/Filing Year' is present on page  using regular expression

2021-10-21 23:45:36 - [TEST_STEP][PASSED] - verifyTextPresent("Taxpayer", true): Text 'Taxpayer' is present on page  using regular expression

2021-10-21 23:45:36 - [MESSAGE][PASSED] - Text 'Taxpayer' is present on page  using regular expression

2021-10-21 23:45:36 - [TEST_STEP][PASSED] - verifyTextPresent("Provide the following taxpayer information", true): Text 'Provide the following taxpayer information' is present on page  using regular expression

2021-10-21 23:45:36 - [MESSAGE][PASSED] - Text 'Provide the following taxpayer information' is present on page  using regular expression

2021-10-21 23:45:36 - [TEST_STEP][PASSED] - verifyTextPresent("Note: If you are paying on behalf of the Taxpayer, enter Taxpayer", true): Text 'Note: If you are paying on behalf of the Taxpayer, enter Taxpayer' is present on page  using regular expression

2021-10-21 23:45:37 - [MESSAGE][PASSED] - Text 'Note: If you are paying on behalf of the Taxpayer, enter Taxpayer' is present on page  using regular expression

2021-10-21 23:45:37 - [TEST_STEP][PASSED] - verifyTextPresent("information here. If you are making a payment for the Taxpayer, you will be required later to enter your own credit card, billing address and other pertinent information", true): Text 'information here. If you are making a payment for the Taxpayer, you will be required later to enter your own credit card, billing address and other pertinent information' is present on page  using regular expression

2021-10-21 23:45:37 - [MESSAGE][PASSED] - Text 'information here. If you are making a payment for the Taxpayer, you will be required later to enter your own credit card, billing address and other pertinent information' is present on page  using regular expression

2021-10-21 23:45:37 - [TEST_STEP][PASSED] - verifyTextPresent("Address and Contact Information", true): Text 'Address and Contact Information' is present on page  using regular expression

2021-10-21 23:45:37 - [MESSAGE][PASSED] - Text 'Address and Contact Information' is present on page  using regular expression

2021-10-21 23:45:37 - [TEST_STEP][PASSED] - verifyTextPresent("Enter the taxpayer", true): Text 'Enter the taxpayer' is present on page  using regular expression

2021-10-21 23:45:38 - [MESSAGE][PASSED] - Text 'Enter the taxpayer' is present on page  using regular expression

2021-10-21 23:45:38 - [TEST_STEP][PASSED] - verifyTextPresent("address and contact information", true): Text 'address and contact information' is present on page  using regular expression

2021-10-21 23:45:38 - [MESSAGE][PASSED] - Text 'address and contact information' is present on page  using regular expression

2021-10-21 23:45:38 - [TEST_STEP][PASSED] - verifyTextPresent("Filing Status", true): Text 'Filing Status' is present on page  using regular expression

2021-10-21 23:45:39 - [MESSAGE][PASSED] - Text 'Filing Status' is present on page  using regular expression

2021-10-21 23:45:39 - [TEST_STEP][PASSED] - verifyTextPresent("Is this an Individual or Joint Filing?", true): Text 'Is this an Individual or Joint Filing?' is present on page  using regular expression

2021-10-21 23:45:39 - [MESSAGE][PASSED] - Text 'Is this an Individual or Joint Filing?' is present on page  using regular expression

2021-10-21 23:45:39 - [TEST_STEP][PASSED] - verifyTextPresent("Filing type", true): Text 'Filing type' is present on page  using regular expression

2021-10-21 23:45:39 - [MESSAGE][PASSED] - Text 'Filing type' is present on page  using regular expression

2021-10-21 23:45:39 - [TEST_STEP][PASSED] - verifyTextPresent("Individual Filing", true): Text 'Individual Filing' is present on page  using regular expression

2021-10-21 23:45:40 - [MESSAGE][PASSED] - Text 'Individual Filing' is present on page  using regular expression

2021-10-21 23:45:40 - [TEST_STEP][PASSED] - verifyTextPresent("Joint Filing", true): Text 'Joint Filing' is present on page  using regular expression

2021-10-21 23:45:40 - [MESSAGE][PASSED] - Text 'Joint Filing' is present on page  using regular expression

2021-10-21 23:45:40 - [TEST_STEP][PASSED] - verifyTextPresent("Payment Amount", true): Text 'Payment Amount' is present on page  using regular expression

2021-10-21 23:45:41 - [MESSAGE][PASSED] - Text 'Payment Amount' is present on page  using regular expression

2021-10-21 23:45:41 - [TEST_STEP][PASSED] - verifyTextPresent("Service Fee: This electronic government service includes a service/convenience fee. Click here for details", true): Text 'Service Fee: This electronic government service includes a service/convenience fee. Click here for details' is present on page  using regular expression

2021-10-21 23:45:41 - [MESSAGE][PASSED] - Text 'Service Fee: This electronic government service includes a service/convenience fee. Click here for details' is present on page  using regular expression

2021-10-21 23:45:41 - [TEST_STEP][PASSED] - verifyElementPresent(findTestObject(orPath_Amount + "/a_Click here for details"), 30): Object 'Object Repository/RAD_Pages/PaymentAmount_Page/a_Click here for details' is present

2021-10-21 23:45:41 - [MESSAGE][PASSED] - Object 'Object Repository/RAD_Pages/PaymentAmount_Page/a_Click here for details' is present

2021-10-21 23:45:41 - [TEST_STEP][PASSED] - verifyElementPresent(findTestObject(orPath_Landing + "/button_Continue"), 30): Object 'Object Repository/RAD_Pages/Landing_Page/button_Continue' is present

2021-10-21 23:45:42 - [MESSAGE][PASSED] - Object 'Object Repository/RAD_Pages/Landing_Page/button_Continue' is present

2021-10-21 23:45:42 - [TEST_STEP][PASSED] - verifyElementPresent(findTestObject(orPath_TaxPayer + "/input_firstName"), 30): Object 'Object Repository/RAD_Pages/Taxpayer_Page/input_firstName' is present

2021-10-21 23:45:42 - [MESSAGE][PASSED] - Object 'Object Repository/RAD_Pages/Taxpayer_Page/input_firstName' is present

2021-10-21 23:45:42 - [TEST_STEP][PASSED] - verifyElementPresent(findTestObject(orPath_TaxPayer + "/input_middleName"), 30): Object 'Object Repository/RAD_Pages/Taxpayer_Page/input_middleName' is present

2021-10-21 23:45:42 - [MESSAGE][PASSED] - Object 'Object Repository/RAD_Pages/Taxpayer_Page/input_middleName' is present

2021-10-21 23:45:42 - [TEST_STEP][PASSED] - verifyElementPresent(findTestObject(orPath_TaxPayer + "/input_lastName"), 30): Object 'Object Repository/RAD_Pages/Taxpayer_Page/input_lastName' is present

2021-10-21 23:45:43 - [MESSAGE][PASSED] - Object 'Object Repository/RAD_Pages/Taxpayer_Page/input_lastName' is present

2021-10-21 23:45:43 - [TEST_STEP][PASSED] - verifyElementPresent(findTestObject(orPath_TaxPayer + "/input_suffix"), 30): Object 'Object Repository/RAD_Pages/Taxpayer_Page/input_suffix' is present

2021-10-21 23:45:43 - [MESSAGE][PASSED] - Object 'Object Repository/RAD_Pages/Taxpayer_Page/input_suffix' is present

2021-10-21 23:45:43 - [TEST_STEP][PASSED] - verifyElementPresent(findTestObject("RAD_RecordAndPlay/input_concatSSN"), 30): Object 'Object Repository/RAD_RecordAndPlay/input_concatSSN' is present

2021-10-21 23:45:43 - [MESSAGE][PASSED] - Object 'Object Repository/RAD_RecordAndPlay/input_concatSSN' is present

2021-10-21 23:45:43 - [TEST_STEP][PASSED] - verifyElementPresent(findTestObject("RAD_RecordAndPlay/input_concatReSSN"), 30): Object 'Object Repository/RAD_RecordAndPlay/input_concatReSSN' is present

2021-10-21 23:45:44 - [MESSAGE][PASSED] - Object 'Object Repository/RAD_RecordAndPlay/input_concatReSSN' is present

2021-10-21 23:45:44 - [TEST_STEP][PASSED] - verifyElementPresent(findTestObject(orPath_AddressContact + "/select_Country"), 30): Object 'Object Repository/RAD_Pages/AddressAndContactInfo_Page/select_Country' is present

2021-10-21 23:45:44 - [MESSAGE][PASSED] - Object 'Object Repository/RAD_Pages/AddressAndContactInfo_Page/select_Country' is present

2021-10-21 23:45:44 - [TEST_STEP][PASSED] - verifyElementPresent(findTestObject(orPath_AddressContact + "/input_streetAddress1"), 30): Object 'Object Repository/RAD_Pages/AddressAndContactInfo_Page/input_streetAddress1' is present

2021-10-21 23:45:45 - [MESSAGE][PASSED] - Object 'Object Repository/RAD_Pages/AddressAndContactInfo_Page/input_streetAddress1' is present

2021-10-21 23:45:45 - [TEST_STEP][PASSED] - verifyElementPresent(findTestObject(orPath_AddressContact + "/input_streetAddress2"), 30): Object 'Object Repository/RAD_Pages/AddressAndContactInfo_Page/input_streetAddress2' is present

2021-10-21 23:45:45 - [MESSAGE][PASSED] - Object 'Object Repository/RAD_Pages/AddressAndContactInfo_Page/input_streetAddress2' is present

2021-10-21 23:45:45 - [TEST_STEP][PASSED] - verifyElementPresent(findTestObject(orPath_AddressContact + "/input_city"), 30): Object 'Object Repository/RAD_Pages/AddressAndContactInfo_Page/input_city' is present

2021-10-21 23:45:45 - [MESSAGE][PASSED] - Object 'Object Repository/RAD_Pages/AddressAndContactInfo_Page/input_city' is present

2021-10-21 23:45:45 - [TEST_STEP][PASSED] - verifyElementPresent(findTestObject(orPath_AddressContact + "/select_State"), 30): Object 'Object Repository/RAD_Pages/AddressAndContactInfo_Page/select_State' is present

2021-10-21 23:45:46 - [MESSAGE][PASSED] - Object 'Object Repository/RAD_Pages/AddressAndContactInfo_Page/select_State' is present

2021-10-21 23:45:46 - [TEST_STEP][PASSED] - verifyElementPresent(findTestObject(orPath_AddressContact + "/input_zipCode"), 30): Object 'Object Repository/RAD_Pages/AddressAndContactInfo_Page/input_zipCode' is present

2021-10-21 23:45:46 - [MESSAGE][PASSED] - Object 'Object Repository/RAD_Pages/AddressAndContactInfo_Page/input_zipCode' is present

2021-10-21 23:45:46 - [TEST_STEP][PASSED] - verifyElementPresent(findTestObject(orPath_AddressContact + "/input_phoneNumber"), 30): Object 'Object Repository/RAD_Pages/AddressAndContactInfo_Page/input_phoneNumber' is present

2021-10-21 23:45:46 - [MESSAGE][PASSED] - Object 'Object Repository/RAD_Pages/AddressAndContactInfo_Page/input_phoneNumber' is present

2021-10-21 23:45:46 - [TEST_STEP][PASSED] - verifyElementPresent(findTestObject(orPath_AddressContact + "/input_eMailAddress"), 30): Object 'Object Repository/RAD_Pages/AddressAndContactInfo_Page/input_eMailAddress' is present

2021-10-21 23:45:46 - [MESSAGE][PASSED] - Object 'Object Repository/RAD_Pages/AddressAndContactInfo_Page/input_eMailAddress' is present

2021-10-21 23:45:46 - [TEST_STEP][PASSED] - verifyElementPresent(findTestObject(orPath_AddressContact + "/input_reEnterEMailAddress"), 30): Object 'Object Repository/RAD_Pages/AddressAndContactInfo_Page/input_reEnterEMailAddress' is present

2021-10-21 23:45:47 - [MESSAGE][PASSED] - Object 'Object Repository/RAD_Pages/AddressAndContactInfo_Page/input_reEnterEMailAddress' is present

2021-10-21 23:45:47 - [TEST_STEP][PASSED] - verifyOptionsPresent(findTestObject(orPath_AddressContact + "/select_Country"), ["United States"]): Options [United States] present.

2021-10-21 23:45:47 - [MESSAGE][PASSED] - Options [United States] present.

2021-10-21 23:45:47 - [TEST_STEP][PASSED] - verifyOptionsPresent(findTestObject(orPath_AddressContact + "/select_State"), ["Alabama", "District of Columbia", "Maryland", "Virginia", "Wyoming"]): Options [Alabama, District of Columbia, Maryland, Virginia, Wyoming] present.

2021-10-21 23:45:49 - [MESSAGE][PASSED] - Options [Alabama, District of Columbia, Maryland, Virginia, Wyoming] present.

2021-10-21 23:45:49 - [TEST_STEP][PASSED] - totalOptionsState = getNumberOfTotalOption(findTestObject(orPath_AddressContact + "/select_State")): 52 options of object 'Object Repository/RAD_Pages/AddressAndContactInfo_Page/select_State' counted

2021-10-21 23:45:49 - [MESSAGE][PASSED] - 52 options of object 'Object Repository/RAD_Pages/AddressAndContactInfo_Page/select_State' counted

2021-10-21 23:45:49 - [TEST_STEP][PASSED] - verifyEqual(totalOptionsState, 52): Actual object '52' and expected object '52' are equal

2021-10-21 23:45:49 - [MESSAGE][PASSED] - Actual object '52' and expected object '52' are equal

2021-10-21 23:45:49 - [TEST_STEP][PASSED] - verifyElementPresent(findTestObject(orPath_FilingStatus + "/input_userType_Individual"), 30): Object 'Object Repository/RAD_Pages/FilingStatus_Page/input_userType_Individual' is present

2021-10-21 23:45:50 - [MESSAGE][PASSED] - Object 'Object Repository/RAD_Pages/FilingStatus_Page/input_userType_Individual' is present

2021-10-21 23:45:50 - [TEST_STEP][PASSED] - verifyElementPresent(findTestObject(orPath_FilingStatus + "/input_userType_Joint"), 30): Object 'Object Repository/RAD_Pages/FilingStatus_Page/input_userType_Joint' is present

2021-10-21 23:45:50 - [MESSAGE][PASSED] - Object 'Object Repository/RAD_Pages/FilingStatus_Page/input_userType_Joint' is present

2021-10-21 23:45:50 - [TEST_STEP][PASSED] - verifyElementPresent(findTestObject(orPath_Amount + "/input__paymentAmount"), 30): Object 'Object Repository/RAD_Pages/PaymentAmount_Page/input__paymentAmount' is present

2021-10-21 23:45:50 - [MESSAGE][PASSED] - Object 'Object Repository/RAD_Pages/PaymentAmount_Page/input__paymentAmount' is present

2021-10-21 23:45:50 - [TEST_STEP][PASSED] - delay(10): Delayed 10 second(s)

2021-10-21 23:46:00 - [MESSAGE][PASSED] - Delayed 10 second(s)

2021-10-21 23:46:00 - [TEST_STEP][PASSED] - scrollToElement(findTestObject(orPath_Amount + "/input__paymentAmount"), 3): Scroll to object 'Object Repository/RAD_Pages/PaymentAmount_Page/input__paymentAmount' successfully

2021-10-21 23:46:01 - [MESSAGE][PASSED] - Scroll to object 'Object Repository/RAD_Pages/PaymentAmount_Page/input__paymentAmount' successfully

2021-10-21 23:46:01 - [TEST_STEP][PASSED] - waitForElementClickable(findTestObject(orPath_FilingStatus + "/input_userType_Joint"), 5): Object 'Object Repository/RAD_Pages/FilingStatus_Page/input_userType_Joint' is clickable

2021-10-21 23:46:01 - [MESSAGE][PASSED] - Object 'Object Repository/RAD_Pages/FilingStatus_Page/input_userType_Joint' is clickable

2021-10-21 23:46:01 - [TEST_STEP][PASSED] - click(findTestObject(orPath_FilingStatus + "/input_userType_Joint")): Object: 'Object Repository/RAD_Pages/FilingStatus_Page/input_userType_Joint' is clicked on

2021-10-21 23:46:02 - [MESSAGE][PASSED] - Object: 'Object Repository/RAD_Pages/FilingStatus_Page/input_userType_Joint' is clicked on

2021-10-21 23:46:02 - [TEST_STEP][PASSED] - verifyTextPresent("Provide the following information for the joint filer", true): Text 'Provide the following information for the joint filer' is present on page  using regular expression

2021-10-21 23:46:02 - [MESSAGE][PASSED] - Text 'Provide the following information for the joint filer' is present on page  using regular expression

2021-10-21 23:46:02 - [TEST_STEP][PASSED] - verifyElementPresent(findTestObject(orPath_FilingStatus + "/input_jointFirstName"), 30): Object 'Object Repository/RAD_Pages/FilingStatus_Page/input_jointFirstName' is present

2021-10-21 23:46:02 - [MESSAGE][PASSED] - Object 'Object Repository/RAD_Pages/FilingStatus_Page/input_jointFirstName' is present

2021-10-21 23:46:02 - [TEST_STEP][PASSED] - verifyElementPresent(findTestObject(orPath_FilingStatus + "/input_jointMiddleName"), 30): Object 'Object Repository/RAD_Pages/FilingStatus_Page/input_jointMiddleName' is present

2021-10-21 23:46:03 - [MESSAGE][PASSED] - Object 'Object Repository/RAD_Pages/FilingStatus_Page/input_jointMiddleName' is present

2021-10-21 23:46:03 - [TEST_STEP][PASSED] - verifyElementPresent(findTestObject(orPath_FilingStatus + "/input_jointLastName"), 30): Object 'Object Repository/RAD_Pages/FilingStatus_Page/input_jointLastName' is present

2021-10-21 23:46:03 - [MESSAGE][PASSED] - Object 'Object Repository/RAD_Pages/FilingStatus_Page/input_jointLastName' is present

2021-10-21 23:46:03 - [TEST_STEP][PASSED] - verifyElementPresent(findTestObject(orPath_FilingStatus + "/input_jointSuffix"), 30): Object 'Object Repository/RAD_Pages/FilingStatus_Page/input_jointSuffix' is present

2021-10-21 23:46:03 - [MESSAGE][PASSED] - Object 'Object Repository/RAD_Pages/FilingStatus_Page/input_jointSuffix' is present

2021-10-21 23:46:03 - [TEST_STEP][PASSED] - verifyElementPresent(findTestObject(orPath_FilingStatus + "/input_jointSSN"), 30): Object 'Object Repository/RAD_Pages/FilingStatus_Page/input_jointSSN' is present

2021-10-21 23:46:03 - [MESSAGE][PASSED] - Object 'Object Repository/RAD_Pages/FilingStatus_Page/input_jointSSN' is present

2021-10-21 23:46:03 - [TEST_STEP][PASSED] - verifyElementPresent(findTestObject(orPath_FilingStatus + "/input_reEnterjointSSN"), 30): Object 'Object Repository/RAD_Pages/FilingStatus_Page/input_reEnterjointSSN' is present

2021-10-21 23:46:04 - [MESSAGE][PASSED] - Object 'Object Repository/RAD_Pages/FilingStatus_Page/input_reEnterjointSSN' is present]]></system-out>
         <system-err><![CDATA[]]></system-err>
      </testcase>
      <testcase name="Test Cases/RAD_TestCases/UI_TestCases/ExtensionPayments_UI_TC" time="23.681" classname="Test Cases/RAD_TestCases/UI_TestCases/ExtensionPayments_UI_TC" status="PASSED">
         <system-out><![CDATA[2021-10-21 23:46:04 - [TEST_CASE][PASSED] - Test Cases/RAD_TestCases/UI_TestCases/ExtensionPayments_UI_TC: Test Cases/RAD_TestCases/UI_TestCases/ExtensionPayments_UI_TC

2021-10-21 23:46:04 - [TEST_STEP][PASSED] - openBrowser(""): Browser is opened with url: ''

2021-10-21 23:46:04 - [MESSAGE][PASSED] - Browser is opened with url: ''

2021-10-21 23:46:04 - [TEST_STEP][PASSED] - maximizeWindow(): Current window maximized

2021-10-21 23:46:04 - [MESSAGE][PASSED] - Current window maximized

2021-10-21 23:46:04 - [TEST_STEP][PASSED] - navigateToUrl(RADurl): Navigate to 'https://qa.velocitypayment.com/client/rad/index.html' successfully

2021-10-21 23:46:05 - [MESSAGE][PASSED] - Navigate to 'https://qa.velocitypayment.com/client/rad/index.html' successfully

2021-10-21 23:46:05 - [TEST_STEP][PASSED] - orPath_Landing = "Object Repository/RAD_Pages/Landing_Page": null

2021-10-21 23:46:05 - [TEST_STEP][PASSED] - orPath_TaxTypeFilingYear = "Object Repository/RAD_Pages/TaxTypeFilingYear_Page": null

2021-10-21 23:46:05 - [TEST_STEP][PASSED] - orPath_TaxPayer = "Object Repository/RAD_Pages/Taxpayer_Page": null

2021-10-21 23:46:05 - [TEST_STEP][PASSED] - orPath_AddressContact = "Object Repository/RAD_Pages/AddressAndContactInfo_Page": null

2021-10-21 23:46:05 - [TEST_STEP][PASSED] - orPath_FilingStatus = "Object Repository/RAD_Pages/FilingStatus_Page": null

2021-10-21 23:46:05 - [TEST_STEP][PASSED] - orPath_Amount = "Object Repository/RAD_Pages/PaymentAmount_Page": null

2021-10-21 23:46:05 - [TEST_STEP][PASSED] - selectOptionByLabel(findTestObject(orPath_Landing + "/dd_TaxType"), "Extension Payments", false): All options with label 'Extension Payments' are selected in object 'Object Repository/RAD_Pages/Landing_Page/dd_TaxType' 

2021-10-21 23:46:06 - [MESSAGE][PASSED] - All options with label 'Extension Payments' are selected in object 'Object Repository/RAD_Pages/Landing_Page/dd_TaxType' 

2021-10-21 23:46:06 - [TEST_STEP][PASSED] - verifyElementPresent(findTestObject(orPath_TaxTypeFilingYear + "/select_PaymentType"), 30): Object 'Object Repository/RAD_Pages/TaxTypeFilingYear_Page/select_PaymentType' is present

2021-10-21 23:46:06 - [MESSAGE][PASSED] - Object 'Object Repository/RAD_Pages/TaxTypeFilingYear_Page/select_PaymentType' is present

2021-10-21 23:46:06 - [TEST_STEP][PASSED] - totalOptionsPaymentType = getNumberOfTotalOption(findTestObject(orPath_TaxTypeFilingYear + "/select_PaymentType")): 3 options of object 'Object Repository/RAD_Pages/TaxTypeFilingYear_Page/select_PaymentType' counted

2021-10-21 23:46:07 - [MESSAGE][PASSED] - 3 options of object 'Object Repository/RAD_Pages/TaxTypeFilingYear_Page/select_PaymentType' counted

2021-10-21 23:46:07 - [TEST_STEP][PASSED] - verifyEqual(totalOptionsPaymentType, 3): Actual object '3' and expected object '3' are equal

2021-10-21 23:46:07 - [MESSAGE][PASSED] - Actual object '3' and expected object '3' are equal

2021-10-21 23:46:07 - [TEST_STEP][PASSED] - verifyOptionsPresent(findTestObject(orPath_TaxTypeFilingYear + "/select_PaymentType"), ["Personal", "Corporate"]): Options [Personal, Corporate] present.

2021-10-21 23:46:07 - [MESSAGE][PASSED] - Options [Personal, Corporate] present.

2021-10-21 23:46:07 - [TEST_STEP][PASSED] - verifyElementPresent(findTestObject(orPath_TaxTypeFilingYear + "/select_FilingYear"), 30): Object 'Object Repository/RAD_Pages/TaxTypeFilingYear_Page/select_FilingYear' is present

2021-10-21 23:46:08 - [MESSAGE][PASSED] - Object 'Object Repository/RAD_Pages/TaxTypeFilingYear_Page/select_FilingYear' is present

2021-10-21 23:46:08 - [TEST_STEP][PASSED] - totalOptionsFilingYear = getNumberOfTotalOption(findTestObject(orPath_TaxTypeFilingYear + "/select_FilingYear")): 4 options of object 'Object Repository/RAD_Pages/TaxTypeFilingYear_Page/select_FilingYear' counted

2021-10-21 23:46:08 - [MESSAGE][PASSED] - 4 options of object 'Object Repository/RAD_Pages/TaxTypeFilingYear_Page/select_FilingYear' counted

2021-10-21 23:46:08 - [TEST_STEP][PASSED] - verifyEqual(totalOptionsFilingYear, 4): Actual object '4' and expected object '4' are equal

2021-10-21 23:46:08 - [MESSAGE][PASSED] - Actual object '4' and expected object '4' are equal

2021-10-21 23:46:08 - [TEST_STEP][PASSED] - verifyOptionsPresent(findTestObject(orPath_TaxTypeFilingYear + "/select_FilingYear"), ["2022", "2021", "2020"]): Options [2022, 2021, 2020] present.

2021-10-21 23:46:09 - [MESSAGE][PASSED] - Options [2022, 2021, 2020] present.

2021-10-21 23:46:09 - [TEST_STEP][PASSED] - verifyTextPresent("Tax Type/Filing Year", true): Text 'Tax Type/Filing Year' is present on page  using regular expression

2021-10-21 23:46:09 - [MESSAGE][PASSED] - Text 'Tax Type/Filing Year' is present on page  using regular expression

2021-10-21 23:46:09 - [TEST_STEP][PASSED] - verifyTextPresent("Taxpayer", true): Text 'Taxpayer' is present on page  using regular expression

2021-10-21 23:46:10 - [MESSAGE][PASSED] - Text 'Taxpayer' is present on page  using regular expression

2021-10-21 23:46:10 - [TEST_STEP][PASSED] - verifyTextPresent("Provide the following taxpayer information", true): Text 'Provide the following taxpayer information' is present on page  using regular expression

2021-10-21 23:46:10 - [MESSAGE][PASSED] - Text 'Provide the following taxpayer information' is present on page  using regular expression

2021-10-21 23:46:10 - [TEST_STEP][PASSED] - verifyTextPresent("Note: If you are paying on behalf of the Taxpayer, enter Taxpayer", true): Text 'Note: If you are paying on behalf of the Taxpayer, enter Taxpayer' is present on page  using regular expression

2021-10-21 23:46:10 - [MESSAGE][PASSED] - Text 'Note: If you are paying on behalf of the Taxpayer, enter Taxpayer' is present on page  using regular expression

2021-10-21 23:46:10 - [TEST_STEP][PASSED] - verifyTextPresent("information here. If you are making a payment for the Taxpayer, you will be required later to enter your own credit card, billing address and other pertinent information", true): Text 'information here. If you are making a payment for the Taxpayer, you will be required later to enter your own credit card, billing address and other pertinent information' is present on page  using regular expression

2021-10-21 23:46:11 - [MESSAGE][PASSED] - Text 'information here. If you are making a payment for the Taxpayer, you will be required later to enter your own credit card, billing address and other pertinent information' is present on page  using regular expression

2021-10-21 23:46:11 - [TEST_STEP][PASSED] - verifyTextPresent("Address and Contact Information", true): Text 'Address and Contact Information' is present on page  using regular expression

2021-10-21 23:46:11 - [MESSAGE][PASSED] - Text 'Address and Contact Information' is present on page  using regular expression

2021-10-21 23:46:11 - [TEST_STEP][PASSED] - verifyTextPresent("Enter the taxpayer", true): Text 'Enter the taxpayer' is present on page  using regular expression

2021-10-21 23:46:12 - [MESSAGE][PASSED] - Text 'Enter the taxpayer' is present on page  using regular expression

2021-10-21 23:46:12 - [TEST_STEP][PASSED] - verifyTextPresent("address and contact information", true): Text 'address and contact information' is present on page  using regular expression

2021-10-21 23:46:12 - [MESSAGE][PASSED] - Text 'address and contact information' is present on page  using regular expression

2021-10-21 23:46:12 - [TEST_STEP][PASSED] - verifyTextPresent("Filing Status", true): Text 'Filing Status' is present on page  using regular expression

2021-10-21 23:46:12 - [MESSAGE][PASSED] - Text 'Filing Status' is present on page  using regular expression

2021-10-21 23:46:12 - [TEST_STEP][PASSED] - verifyTextPresent("Is this an Individual or Joint Filing?", true): Text 'Is this an Individual or Joint Filing?' is present on page  using regular expression

2021-10-21 23:46:13 - [MESSAGE][PASSED] - Text 'Is this an Individual or Joint Filing?' is present on page  using regular expression

2021-10-21 23:46:13 - [TEST_STEP][PASSED] - verifyTextPresent("Filing type", true): Text 'Filing type' is present on page  using regular expression

2021-10-21 23:46:13 - [MESSAGE][PASSED] - Text 'Filing type' is present on page  using regular expression

2021-10-21 23:46:13 - [TEST_STEP][PASSED] - verifyTextPresent("Individual Filing", true): Text 'Individual Filing' is present on page  using regular expression

2021-10-21 23:46:14 - [MESSAGE][PASSED] - Text 'Individual Filing' is present on page  using regular expression

2021-10-21 23:46:14 - [TEST_STEP][PASSED] - verifyTextPresent("Joint Filing", true): Text 'Joint Filing' is present on page  using regular expression

2021-10-21 23:46:14 - [MESSAGE][PASSED] - Text 'Joint Filing' is present on page  using regular expression

2021-10-21 23:46:14 - [TEST_STEP][PASSED] - verifyTextPresent("Payment Amount", true): Text 'Payment Amount' is present on page  using regular expression

2021-10-21 23:46:14 - [MESSAGE][PASSED] - Text 'Payment Amount' is present on page  using regular expression

2021-10-21 23:46:14 - [TEST_STEP][PASSED] - verifyTextPresent("Service Fee: This electronic government service includes a service/convenience fee. Click here for details", true): Text 'Service Fee: This electronic government service includes a service/convenience fee. Click here for details' is present on page  using regular expression

2021-10-21 23:46:15 - [MESSAGE][PASSED] - Text 'Service Fee: This electronic government service includes a service/convenience fee. Click here for details' is present on page  using regular expression

2021-10-21 23:46:15 - [TEST_STEP][PASSED] - verifyElementPresent(findTestObject(orPath_Amount + "/a_Click here for details"), 30): Object 'Object Repository/RAD_Pages/PaymentAmount_Page/a_Click here for details' is present

2021-10-21 23:46:15 - [MESSAGE][PASSED] - Object 'Object Repository/RAD_Pages/PaymentAmount_Page/a_Click here for details' is present

2021-10-21 23:46:15 - [TEST_STEP][PASSED] - verifyElementPresent(findTestObject(orPath_Landing + "/button_Continue"), 30): Object 'Object Repository/RAD_Pages/Landing_Page/button_Continue' is present

2021-10-21 23:46:15 - [MESSAGE][PASSED] - Object 'Object Repository/RAD_Pages/Landing_Page/button_Continue' is present

2021-10-21 23:46:15 - [TEST_STEP][PASSED] - verifyElementPresent(findTestObject(orPath_TaxPayer + "/input_firstName"), 30): Object 'Object Repository/RAD_Pages/Taxpayer_Page/input_firstName' is present

2021-10-21 23:46:16 - [MESSAGE][PASSED] - Object 'Object Repository/RAD_Pages/Taxpayer_Page/input_firstName' is present

2021-10-21 23:46:16 - [TEST_STEP][PASSED] - verifyElementPresent(findTestObject(orPath_TaxPayer + "/input_middleName"), 30): Object 'Object Repository/RAD_Pages/Taxpayer_Page/input_middleName' is present

2021-10-21 23:46:16 - [MESSAGE][PASSED] - Object 'Object Repository/RAD_Pages/Taxpayer_Page/input_middleName' is present

2021-10-21 23:46:16 - [TEST_STEP][PASSED] - verifyElementPresent(findTestObject(orPath_TaxPayer + "/input_lastName"), 30): Object 'Object Repository/RAD_Pages/Taxpayer_Page/input_lastName' is present

2021-10-21 23:46:16 - [MESSAGE][PASSED] - Object 'Object Repository/RAD_Pages/Taxpayer_Page/input_lastName' is present

2021-10-21 23:46:16 - [TEST_STEP][PASSED] - verifyElementPresent(findTestObject(orPath_TaxPayer + "/input_suffix"), 30): Object 'Object Repository/RAD_Pages/Taxpayer_Page/input_suffix' is present

2021-10-21 23:46:17 - [MESSAGE][PASSED] - Object 'Object Repository/RAD_Pages/Taxpayer_Page/input_suffix' is present

2021-10-21 23:46:17 - [TEST_STEP][PASSED] - verifyElementPresent(findTestObject("RAD_RecordAndPlay/input_concatSSN"), 30): Object 'Object Repository/RAD_RecordAndPlay/input_concatSSN' is present

2021-10-21 23:46:17 - [MESSAGE][PASSED] - Object 'Object Repository/RAD_RecordAndPlay/input_concatSSN' is present

2021-10-21 23:46:17 - [TEST_STEP][PASSED] - verifyElementPresent(findTestObject("RAD_RecordAndPlay/input_concatReSSN"), 30): Object 'Object Repository/RAD_RecordAndPlay/input_concatReSSN' is present

2021-10-21 23:46:18 - [MESSAGE][PASSED] - Object 'Object Repository/RAD_RecordAndPlay/input_concatReSSN' is present

2021-10-21 23:46:18 - [TEST_STEP][PASSED] - verifyElementPresent(findTestObject(orPath_AddressContact + "/select_Country"), 30): Object 'Object Repository/RAD_Pages/AddressAndContactInfo_Page/select_Country' is present

2021-10-21 23:46:18 - [MESSAGE][PASSED] - Object 'Object Repository/RAD_Pages/AddressAndContactInfo_Page/select_Country' is present

2021-10-21 23:46:18 - [TEST_STEP][PASSED] - verifyElementPresent(findTestObject(orPath_AddressContact + "/input_streetAddress1"), 30): Object 'Object Repository/RAD_Pages/AddressAndContactInfo_Page/input_streetAddress1' is present

2021-10-21 23:46:18 - [MESSAGE][PASSED] - Object 'Object Repository/RAD_Pages/AddressAndContactInfo_Page/input_streetAddress1' is present

2021-10-21 23:46:18 - [TEST_STEP][PASSED] - verifyElementPresent(findTestObject(orPath_AddressContact + "/input_streetAddress2"), 30): Object 'Object Repository/RAD_Pages/AddressAndContactInfo_Page/input_streetAddress2' is present

2021-10-21 23:46:19 - [MESSAGE][PASSED] - Object 'Object Repository/RAD_Pages/AddressAndContactInfo_Page/input_streetAddress2' is present

2021-10-21 23:46:19 - [TEST_STEP][PASSED] - verifyElementPresent(findTestObject(orPath_AddressContact + "/input_city"), 30): Object 'Object Repository/RAD_Pages/AddressAndContactInfo_Page/input_city' is present

2021-10-21 23:46:19 - [MESSAGE][PASSED] - Object 'Object Repository/RAD_Pages/AddressAndContactInfo_Page/input_city' is present

2021-10-21 23:46:19 - [TEST_STEP][PASSED] - verifyElementPresent(findTestObject(orPath_AddressContact + "/select_State"), 30): Object 'Object Repository/RAD_Pages/AddressAndContactInfo_Page/select_State' is present

2021-10-21 23:46:19 - [MESSAGE][PASSED] - Object 'Object Repository/RAD_Pages/AddressAndContactInfo_Page/select_State' is present

2021-10-21 23:46:19 - [TEST_STEP][PASSED] - verifyElementPresent(findTestObject(orPath_AddressContact + "/input_zipCode"), 30): Object 'Object Repository/RAD_Pages/AddressAndContactInfo_Page/input_zipCode' is present

2021-10-21 23:46:20 - [MESSAGE][PASSED] - Object 'Object Repository/RAD_Pages/AddressAndContactInfo_Page/input_zipCode' is present

2021-10-21 23:46:20 - [TEST_STEP][PASSED] - verifyElementPresent(findTestObject(orPath_AddressContact + "/input_phoneNumber"), 30): Object 'Object Repository/RAD_Pages/AddressAndContactInfo_Page/input_phoneNumber' is present

2021-10-21 23:46:20 - [MESSAGE][PASSED] - Object 'Object Repository/RAD_Pages/AddressAndContactInfo_Page/input_phoneNumber' is present

2021-10-21 23:46:20 - [TEST_STEP][PASSED] - verifyElementPresent(findTestObject(orPath_AddressContact + "/input_eMailAddress"), 30): Object 'Object Repository/RAD_Pages/AddressAndContactInfo_Page/input_eMailAddress' is present

2021-10-21 23:46:20 - [MESSAGE][PASSED] - Object 'Object Repository/RAD_Pages/AddressAndContactInfo_Page/input_eMailAddress' is present

2021-10-21 23:46:20 - [TEST_STEP][PASSED] - verifyElementPresent(findTestObject(orPath_AddressContact + "/input_reEnterEMailAddress"), 30): Object 'Object Repository/RAD_Pages/AddressAndContactInfo_Page/input_reEnterEMailAddress' is present

2021-10-21 23:46:21 - [MESSAGE][PASSED] - Object 'Object Repository/RAD_Pages/AddressAndContactInfo_Page/input_reEnterEMailAddress' is present

2021-10-21 23:46:21 - [TEST_STEP][PASSED] - verifyOptionsPresent(findTestObject(orPath_AddressContact + "/select_Country"), ["United States"]): Options [United States] present.

2021-10-21 23:46:21 - [MESSAGE][PASSED] - Options [United States] present.

2021-10-21 23:46:21 - [TEST_STEP][PASSED] - verifyOptionsPresent(findTestObject(orPath_AddressContact + "/select_State"), ["Alabama", "District of Columbia", "Maryland", "Virginia", "Wyoming"]): Options [Alabama, District of Columbia, Maryland, Virginia, Wyoming] present.

2021-10-21 23:46:22 - [MESSAGE][PASSED] - Options [Alabama, District of Columbia, Maryland, Virginia, Wyoming] present.

2021-10-21 23:46:22 - [TEST_STEP][PASSED] - totalOptionsState = getNumberOfTotalOption(findTestObject(orPath_AddressContact + "/select_State")): 52 options of object 'Object Repository/RAD_Pages/AddressAndContactInfo_Page/select_State' counted

2021-10-21 23:46:23 - [MESSAGE][PASSED] - 52 options of object 'Object Repository/RAD_Pages/AddressAndContactInfo_Page/select_State' counted

2021-10-21 23:46:23 - [TEST_STEP][PASSED] - verifyEqual(totalOptionsState, 52): Actual object '52' and expected object '52' are equal

2021-10-21 23:46:23 - [MESSAGE][PASSED] - Actual object '52' and expected object '52' are equal

2021-10-21 23:46:23 - [TEST_STEP][PASSED] - verifyElementPresent(findTestObject(orPath_FilingStatus + "/input_userType_Individual"), 30): Object 'Object Repository/RAD_Pages/FilingStatus_Page/input_userType_Individual' is present

2021-10-21 23:46:23 - [MESSAGE][PASSED] - Object 'Object Repository/RAD_Pages/FilingStatus_Page/input_userType_Individual' is present

2021-10-21 23:46:23 - [TEST_STEP][PASSED] - verifyElementPresent(findTestObject(orPath_FilingStatus + "/input_userType_Joint"), 30): Object 'Object Repository/RAD_Pages/FilingStatus_Page/input_userType_Joint' is present

2021-10-21 23:46:24 - [MESSAGE][PASSED] - Object 'Object Repository/RAD_Pages/FilingStatus_Page/input_userType_Joint' is present

2021-10-21 23:46:24 - [TEST_STEP][PASSED] - verifyElementPresent(findTestObject(orPath_Amount + "/input__paymentAmount"), 30): Object 'Object Repository/RAD_Pages/PaymentAmount_Page/input__paymentAmount' is present

2021-10-21 23:46:24 - [MESSAGE][PASSED] - Object 'Object Repository/RAD_Pages/PaymentAmount_Page/input__paymentAmount' is present

2021-10-21 23:46:24 - [TEST_STEP][PASSED] - scrollToElement(findTestObject(orPath_Amount + "/input__paymentAmount"), 3): Scroll to object 'Object Repository/RAD_Pages/PaymentAmount_Page/input__paymentAmount' successfully

2021-10-21 23:46:24 - [MESSAGE][PASSED] - Scroll to object 'Object Repository/RAD_Pages/PaymentAmount_Page/input__paymentAmount' successfully

2021-10-21 23:46:24 - [TEST_STEP][PASSED] - waitForElementClickable(findTestObject(orPath_FilingStatus + "/input_userType_Joint"), 5): Object 'Object Repository/RAD_Pages/FilingStatus_Page/input_userType_Joint' is clickable

2021-10-21 23:46:25 - [MESSAGE][PASSED] - Object 'Object Repository/RAD_Pages/FilingStatus_Page/input_userType_Joint' is clickable

2021-10-21 23:46:25 - [TEST_STEP][PASSED] - click(findTestObject(orPath_FilingStatus + "/input_userType_Joint")): Object: 'Object Repository/RAD_Pages/FilingStatus_Page/input_userType_Joint' is clicked on

2021-10-21 23:46:25 - [MESSAGE][PASSED] - Object: 'Object Repository/RAD_Pages/FilingStatus_Page/input_userType_Joint' is clicked on

2021-10-21 23:46:25 - [TEST_STEP][PASSED] - verifyTextPresent("Provide the following information for the joint filer", true): Text 'Provide the following information for the joint filer' is present on page  using regular expression

2021-10-21 23:46:26 - [MESSAGE][PASSED] - Text 'Provide the following information for the joint filer' is present on page  using regular expression

2021-10-21 23:46:26 - [TEST_STEP][PASSED] - verifyElementPresent(findTestObject(orPath_FilingStatus + "/input_jointFirstName"), 30): Object 'Object Repository/RAD_Pages/FilingStatus_Page/input_jointFirstName' is present

2021-10-21 23:46:26 - [MESSAGE][PASSED] - Object 'Object Repository/RAD_Pages/FilingStatus_Page/input_jointFirstName' is present

2021-10-21 23:46:26 - [TEST_STEP][PASSED] - verifyElementPresent(findTestObject(orPath_FilingStatus + "/input_jointMiddleName"), 30): Object 'Object Repository/RAD_Pages/FilingStatus_Page/input_jointMiddleName' is present

2021-10-21 23:46:26 - [MESSAGE][PASSED] - Object 'Object Repository/RAD_Pages/FilingStatus_Page/input_jointMiddleName' is present

2021-10-21 23:46:26 - [TEST_STEP][PASSED] - verifyElementPresent(findTestObject(orPath_FilingStatus + "/input_jointLastName"), 30): Object 'Object Repository/RAD_Pages/FilingStatus_Page/input_jointLastName' is present

2021-10-21 23:46:27 - [MESSAGE][PASSED] - Object 'Object Repository/RAD_Pages/FilingStatus_Page/input_jointLastName' is present

2021-10-21 23:46:27 - [TEST_STEP][PASSED] - verifyElementPresent(findTestObject(orPath_FilingStatus + "/input_jointSuffix"), 30): Object 'Object Repository/RAD_Pages/FilingStatus_Page/input_jointSuffix' is present

2021-10-21 23:46:27 - [MESSAGE][PASSED] - Object 'Object Repository/RAD_Pages/FilingStatus_Page/input_jointSuffix' is present

2021-10-21 23:46:27 - [TEST_STEP][PASSED] - verifyElementPresent(findTestObject(orPath_FilingStatus + "/input_jointSSN"), 30): Object 'Object Repository/RAD_Pages/FilingStatus_Page/input_jointSSN' is present

2021-10-21 23:46:27 - [MESSAGE][PASSED] - Object 'Object Repository/RAD_Pages/FilingStatus_Page/input_jointSSN' is present

2021-10-21 23:46:27 - [TEST_STEP][PASSED] - verifyElementPresent(findTestObject(orPath_FilingStatus + "/input_reEnterjointSSN"), 30): Object 'Object Repository/RAD_Pages/FilingStatus_Page/input_reEnterjointSSN' is present

2021-10-21 23:46:28 - [MESSAGE][PASSED] - Object 'Object Repository/RAD_Pages/FilingStatus_Page/input_reEnterjointSSN' is present]]></system-out>
         <system-err><![CDATA[]]></system-err>
      </testcase>
      <testcase name="Test Cases/RAD_TestCases/UI_TestCases/WithholdingTax_UI_TC" time="23.814" classname="Test Cases/RAD_TestCases/UI_TestCases/WithholdingTax_UI_TC" status="PASSED">
         <system-out><![CDATA[2021-10-21 23:46:28 - [TEST_CASE][PASSED] - Test Cases/RAD_TestCases/UI_TestCases/WithholdingTax_UI_TC: Test Cases/RAD_TestCases/UI_TestCases/WithholdingTax_UI_TC

2021-10-21 23:46:28 - [TEST_STEP][PASSED] - openBrowser(""): Browser is opened with url: ''

2021-10-21 23:46:28 - [MESSAGE][PASSED] - Browser is opened with url: ''

2021-10-21 23:46:28 - [TEST_STEP][PASSED] - maximizeWindow(): Current window maximized

2021-10-21 23:46:28 - [MESSAGE][PASSED] - Current window maximized

2021-10-21 23:46:28 - [TEST_STEP][PASSED] - navigateToUrl(RADurl): Navigate to 'https://qa.velocitypayment.com/client/rad/index.html' successfully

2021-10-21 23:46:29 - [MESSAGE][PASSED] - Navigate to 'https://qa.velocitypayment.com/client/rad/index.html' successfully

2021-10-21 23:46:29 - [TEST_STEP][PASSED] - orPath_Landing = "Object Repository/RAD_Pages/Landing_Page": null

2021-10-21 23:46:29 - [TEST_STEP][PASSED] - orPath_TaxTypeFilingYear = "Object Repository/RAD_Pages/TaxTypeFilingYear_Page": null

2021-10-21 23:46:29 - [TEST_STEP][PASSED] - orPath_TaxPayer = "Object Repository/RAD_Pages/Taxpayer_Page": null

2021-10-21 23:46:29 - [TEST_STEP][PASSED] - orPath_AddressContact = "Object Repository/RAD_Pages/AddressAndContactInfo_Page": null

2021-10-21 23:46:29 - [TEST_STEP][PASSED] - orPath_TaxInfo = "Object Repository/RAD_Pages/TaxInfo_Page": null

2021-10-21 23:46:29 - [TEST_STEP][PASSED] - orPath_Withholding = "Object Repository/RAD_Pages/Withholding_Page": null

2021-10-21 23:46:29 - [TEST_STEP][PASSED] - orPath_FilingStatus = "Object Repository/RAD_Pages/FilingStatus_Page": null

2021-10-21 23:46:29 - [TEST_STEP][PASSED] - orPath_Amount = "Object Repository/RAD_Pages/PaymentAmount_Page": null

2021-10-21 23:46:29 - [TEST_STEP][PASSED] - selectOptionByLabel(findTestObject(orPath_Landing + "/dd_TaxType"), "Withholding Tax", false): All options with label 'Withholding Tax' are selected in object 'Object Repository/RAD_Pages/Landing_Page/dd_TaxType' 

2021-10-21 23:46:29 - [MESSAGE][PASSED] - All options with label 'Withholding Tax' are selected in object 'Object Repository/RAD_Pages/Landing_Page/dd_TaxType' 

2021-10-21 23:46:29 - [TEST_STEP][PASSED] - verifyElementPresent(findTestObject(orPath_TaxTypeFilingYear + "/select_FilingYear"), 30): Object 'Object Repository/RAD_Pages/TaxTypeFilingYear_Page/select_FilingYear' is present

2021-10-21 23:46:30 - [MESSAGE][PASSED] - Object 'Object Repository/RAD_Pages/TaxTypeFilingYear_Page/select_FilingYear' is present

2021-10-21 23:46:30 - [TEST_STEP][PASSED] - totalOptionsFilingYear = getNumberOfTotalOption(findTestObject(orPath_TaxTypeFilingYear + "/select_FilingYear")): 4 options of object 'Object Repository/RAD_Pages/TaxTypeFilingYear_Page/select_FilingYear' counted

2021-10-21 23:46:31 - [MESSAGE][PASSED] - 4 options of object 'Object Repository/RAD_Pages/TaxTypeFilingYear_Page/select_FilingYear' counted

2021-10-21 23:46:31 - [TEST_STEP][PASSED] - verifyEqual(totalOptionsFilingYear, 4): Actual object '4' and expected object '4' are equal

2021-10-21 23:46:31 - [MESSAGE][PASSED] - Actual object '4' and expected object '4' are equal

2021-10-21 23:46:31 - [TEST_STEP][PASSED] - verifyOptionsPresent(findTestObject(orPath_TaxTypeFilingYear + "/select_FilingYear"), ["2022", "2021", "2020"]): Options [2022, 2021, 2020] present.

2021-10-21 23:46:31 - [MESSAGE][PASSED] - Options [2022, 2021, 2020] present.

2021-10-21 23:46:31 - [TEST_STEP][PASSED] - verifyTextPresent("Tax Type/Filing Year", true): Text 'Tax Type/Filing Year' is present on page  using regular expression

2021-10-21 23:46:32 - [MESSAGE][PASSED] - Text 'Tax Type/Filing Year' is present on page  using regular expression

2021-10-21 23:46:32 - [TEST_STEP][PASSED] - verifyTextPresent("Taxpayer", true): Text 'Taxpayer' is present on page  using regular expression

2021-10-21 23:46:32 - [MESSAGE][PASSED] - Text 'Taxpayer' is present on page  using regular expression

2021-10-21 23:46:32 - [TEST_STEP][PASSED] - verifyTextPresent("Provide the following taxpayer information", true): Text 'Provide the following taxpayer information' is present on page  using regular expression

2021-10-21 23:46:32 - [MESSAGE][PASSED] - Text 'Provide the following taxpayer information' is present on page  using regular expression

2021-10-21 23:46:32 - [TEST_STEP][PASSED] - verifyTextPresent("Note: If you are paying on behalf of the Taxpayer, enter Taxpayer", true): Text 'Note: If you are paying on behalf of the Taxpayer, enter Taxpayer' is present on page  using regular expression

2021-10-21 23:46:33 - [MESSAGE][PASSED] - Text 'Note: If you are paying on behalf of the Taxpayer, enter Taxpayer' is present on page  using regular expression

2021-10-21 23:46:33 - [TEST_STEP][PASSED] - verifyTextPresent("information here. If you are making a payment for the Taxpayer, you will be required later to enter your own credit card, billing address and other pertinent information", true): Text 'information here. If you are making a payment for the Taxpayer, you will be required later to enter your own credit card, billing address and other pertinent information' is present on page  using regular expression

2021-10-21 23:46:33 - [MESSAGE][PASSED] - Text 'information here. If you are making a payment for the Taxpayer, you will be required later to enter your own credit card, billing address and other pertinent information' is present on page  using regular expression

2021-10-21 23:46:33 - [TEST_STEP][PASSED] - verifyTextPresent("Address and Contact Information", true): Text 'Address and Contact Information' is present on page  using regular expression

2021-10-21 23:46:34 - [MESSAGE][PASSED] - Text 'Address and Contact Information' is present on page  using regular expression

2021-10-21 23:46:34 - [TEST_STEP][PASSED] - verifyTextPresent("Enter the taxpayer", true): Text 'Enter the taxpayer' is present on page  using regular expression

2021-10-21 23:46:34 - [MESSAGE][PASSED] - Text 'Enter the taxpayer' is present on page  using regular expression

2021-10-21 23:46:34 - [TEST_STEP][PASSED] - verifyTextPresent("address and contact information", true): Text 'address and contact information' is present on page  using regular expression

2021-10-21 23:46:34 - [MESSAGE][PASSED] - Text 'address and contact information' is present on page  using regular expression

2021-10-21 23:46:34 - [TEST_STEP][PASSED] - verifyTextPresent("Tax Information", true): Text 'Tax Information' is present on page  using regular expression

2021-10-21 23:46:35 - [MESSAGE][PASSED] - Text 'Tax Information' is present on page  using regular expression

2021-10-21 23:46:35 - [TEST_STEP][PASSED] - verifyTextPresent("Withholding", true): Text 'Withholding' is present on page  using regular expression

2021-10-21 23:46:35 - [MESSAGE][PASSED] - Text 'Withholding' is present on page  using regular expression

2021-10-21 23:46:35 - [TEST_STEP][PASSED] - verifyTextPresent("Are you filing on an accelerated basis?", true): Text 'Are you filing on an accelerated basis?' is present on page  using regular expression

2021-10-21 23:46:36 - [MESSAGE][PASSED] - Text 'Are you filing on an accelerated basis?' is present on page  using regular expression

2021-10-21 23:46:36 - [TEST_STEP][PASSED] - verifyTextPresent("Yes", true): Text 'Yes' is present on page  using regular expression

2021-10-21 23:46:36 - [MESSAGE][PASSED] - Text 'Yes' is present on page  using regular expression

2021-10-21 23:46:36 - [TEST_STEP][PASSED] - verifyTextPresent("No", true): Text 'No' is present on page  using regular expression

2021-10-21 23:46:36 - [MESSAGE][PASSED] - Text 'No' is present on page  using regular expression

2021-10-21 23:46:36 - [TEST_STEP][PASSED] - verifyTextPresent("Payment Amount", true): Text 'Payment Amount' is present on page  using regular expression

2021-10-21 23:46:37 - [MESSAGE][PASSED] - Text 'Payment Amount' is present on page  using regular expression

2021-10-21 23:46:37 - [TEST_STEP][PASSED] - verifyTextPresent("Service Fee: This electronic government service includes a service/convenience fee. Click here for details", true): Text 'Service Fee: This electronic government service includes a service/convenience fee. Click here for details' is present on page  using regular expression

2021-10-21 23:46:37 - [MESSAGE][PASSED] - Text 'Service Fee: This electronic government service includes a service/convenience fee. Click here for details' is present on page  using regular expression

2021-10-21 23:46:37 - [TEST_STEP][PASSED] - verifyElementPresent(findTestObject(orPath_Amount + "/a_Click here for details"), 30): Object 'Object Repository/RAD_Pages/PaymentAmount_Page/a_Click here for details' is present

2021-10-21 23:46:38 - [MESSAGE][PASSED] - Object 'Object Repository/RAD_Pages/PaymentAmount_Page/a_Click here for details' is present

2021-10-21 23:46:38 - [TEST_STEP][PASSED] - verifyElementPresent(findTestObject(orPath_Landing + "/button_Continue"), 30): Object 'Object Repository/RAD_Pages/Landing_Page/button_Continue' is present

2021-10-21 23:46:38 - [MESSAGE][PASSED] - Object 'Object Repository/RAD_Pages/Landing_Page/button_Continue' is present

2021-10-21 23:46:38 - [TEST_STEP][PASSED] - verifyElementPresent(findTestObject(orPath_TaxPayer + "/input_businessName"), 30): Object 'Object Repository/RAD_Pages/Taxpayer_Page/input_businessName' is present

2021-10-21 23:46:38 - [MESSAGE][PASSED] - Object 'Object Repository/RAD_Pages/Taxpayer_Page/input_businessName' is present

2021-10-21 23:46:38 - [TEST_STEP][PASSED] - verifyElementPresent(findTestObject(orPath_TaxPayer + "/input_firstName"), 30): Object 'Object Repository/RAD_Pages/Taxpayer_Page/input_firstName' is present

2021-10-21 23:46:38 - [MESSAGE][PASSED] - Object 'Object Repository/RAD_Pages/Taxpayer_Page/input_firstName' is present

2021-10-21 23:46:38 - [TEST_STEP][PASSED] - verifyElementPresent(findTestObject(orPath_TaxPayer + "/input_middleName"), 30): Object 'Object Repository/RAD_Pages/Taxpayer_Page/input_middleName' is present

2021-10-21 23:46:39 - [MESSAGE][PASSED] - Object 'Object Repository/RAD_Pages/Taxpayer_Page/input_middleName' is present

2021-10-21 23:46:39 - [TEST_STEP][PASSED] - verifyElementPresent(findTestObject(orPath_TaxPayer + "/input_lastName"), 30): Object 'Object Repository/RAD_Pages/Taxpayer_Page/input_lastName' is present

2021-10-21 23:46:39 - [MESSAGE][PASSED] - Object 'Object Repository/RAD_Pages/Taxpayer_Page/input_lastName' is present

2021-10-21 23:46:39 - [TEST_STEP][PASSED] - verifyElementPresent(findTestObject(orPath_TaxPayer + "/input_suffix"), 30): Object 'Object Repository/RAD_Pages/Taxpayer_Page/input_suffix' is present

2021-10-21 23:46:39 - [MESSAGE][PASSED] - Object 'Object Repository/RAD_Pages/Taxpayer_Page/input_suffix' is present

2021-10-21 23:46:39 - [TEST_STEP][PASSED] - verifyElementPresent(findTestObject(orPath_AddressContact + "/select_Country"), 30): Object 'Object Repository/RAD_Pages/AddressAndContactInfo_Page/select_Country' is present

2021-10-21 23:46:40 - [MESSAGE][PASSED] - Object 'Object Repository/RAD_Pages/AddressAndContactInfo_Page/select_Country' is present

2021-10-21 23:46:40 - [TEST_STEP][PASSED] - verifyElementPresent(findTestObject(orPath_AddressContact + "/input_streetAddress1"), 30): Object 'Object Repository/RAD_Pages/AddressAndContactInfo_Page/input_streetAddress1' is present

2021-10-21 23:46:40 - [MESSAGE][PASSED] - Object 'Object Repository/RAD_Pages/AddressAndContactInfo_Page/input_streetAddress1' is present

2021-10-21 23:46:40 - [TEST_STEP][PASSED] - verifyElementPresent(findTestObject(orPath_AddressContact + "/input_streetAddress2"), 30): Object 'Object Repository/RAD_Pages/AddressAndContactInfo_Page/input_streetAddress2' is present

2021-10-21 23:46:40 - [MESSAGE][PASSED] - Object 'Object Repository/RAD_Pages/AddressAndContactInfo_Page/input_streetAddress2' is present

2021-10-21 23:46:40 - [TEST_STEP][PASSED] - verifyElementPresent(findTestObject(orPath_AddressContact + "/input_city"), 30): Object 'Object Repository/RAD_Pages/AddressAndContactInfo_Page/input_city' is present

2021-10-21 23:46:41 - [MESSAGE][PASSED] - Object 'Object Repository/RAD_Pages/AddressAndContactInfo_Page/input_city' is present

2021-10-21 23:46:41 - [TEST_STEP][PASSED] - verifyElementPresent(findTestObject(orPath_AddressContact + "/select_State"), 30): Object 'Object Repository/RAD_Pages/AddressAndContactInfo_Page/select_State' is present

2021-10-21 23:46:41 - [MESSAGE][PASSED] - Object 'Object Repository/RAD_Pages/AddressAndContactInfo_Page/select_State' is present

2021-10-21 23:46:41 - [TEST_STEP][PASSED] - verifyElementPresent(findTestObject(orPath_AddressContact + "/input_zipCode"), 30): Object 'Object Repository/RAD_Pages/AddressAndContactInfo_Page/input_zipCode' is present

2021-10-21 23:46:41 - [MESSAGE][PASSED] - Object 'Object Repository/RAD_Pages/AddressAndContactInfo_Page/input_zipCode' is present

2021-10-21 23:46:41 - [TEST_STEP][PASSED] - verifyElementPresent(findTestObject(orPath_AddressContact + "/input_phoneNumber"), 30): Object 'Object Repository/RAD_Pages/AddressAndContactInfo_Page/input_phoneNumber' is present

2021-10-21 23:46:42 - [MESSAGE][PASSED] - Object 'Object Repository/RAD_Pages/AddressAndContactInfo_Page/input_phoneNumber' is present

2021-10-21 23:46:42 - [TEST_STEP][PASSED] - verifyElementPresent(findTestObject(orPath_AddressContact + "/input_eMailAddress"), 30): Object 'Object Repository/RAD_Pages/AddressAndContactInfo_Page/input_eMailAddress' is present

2021-10-21 23:46:42 - [MESSAGE][PASSED] - Object 'Object Repository/RAD_Pages/AddressAndContactInfo_Page/input_eMailAddress' is present

2021-10-21 23:46:42 - [TEST_STEP][PASSED] - verifyElementPresent(findTestObject(orPath_AddressContact + "/input_reEnterEMailAddress"), 30): Object 'Object Repository/RAD_Pages/AddressAndContactInfo_Page/input_reEnterEMailAddress' is present

2021-10-21 23:46:42 - [MESSAGE][PASSED] - Object 'Object Repository/RAD_Pages/AddressAndContactInfo_Page/input_reEnterEMailAddress' is present

2021-10-21 23:46:42 - [TEST_STEP][PASSED] - verifyOptionsPresent(findTestObject(orPath_AddressContact + "/select_Country"), ["United States"]): Options [United States] present.

2021-10-21 23:46:43 - [MESSAGE][PASSED] - Options [United States] present.

2021-10-21 23:46:43 - [TEST_STEP][PASSED] - verifyOptionsPresent(findTestObject(orPath_AddressContact + "/select_State"), ["Alabama", "District of Columbia", "Maryland", "Virginia", "Wyoming"]): Options [Alabama, District of Columbia, Maryland, Virginia, Wyoming] present.

2021-10-21 23:46:44 - [MESSAGE][PASSED] - Options [Alabama, District of Columbia, Maryland, Virginia, Wyoming] present.

2021-10-21 23:46:44 - [TEST_STEP][PASSED] - totalOptionsState = getNumberOfTotalOption(findTestObject(orPath_AddressContact + "/select_State")): 52 options of object 'Object Repository/RAD_Pages/AddressAndContactInfo_Page/select_State' counted

2021-10-21 23:46:45 - [MESSAGE][PASSED] - 52 options of object 'Object Repository/RAD_Pages/AddressAndContactInfo_Page/select_State' counted

2021-10-21 23:46:45 - [TEST_STEP][PASSED] - verifyEqual(totalOptionsState, 52): Actual object '52' and expected object '52' are equal

2021-10-21 23:46:45 - [MESSAGE][PASSED] - Actual object '52' and expected object '52' are equal

2021-10-21 23:46:45 - [TEST_STEP][PASSED] - verifyElementPresent(findTestObject(orPath_TaxInfo + "/input_FEIN"), 30): Object 'Object Repository/RAD_Pages/TaxInfo_Page/input_FEIN' is present

2021-10-21 23:46:45 - [MESSAGE][PASSED] - Object 'Object Repository/RAD_Pages/TaxInfo_Page/input_FEIN' is present

2021-10-21 23:46:45 - [TEST_STEP][PASSED] - verifyElementPresent(findTestObject(orPath_TaxInfo + "/input_ReTypeFEIN"), 30): Object 'Object Repository/RAD_Pages/TaxInfo_Page/input_ReTypeFEIN' is present

2021-10-21 23:46:46 - [MESSAGE][PASSED] - Object 'Object Repository/RAD_Pages/TaxInfo_Page/input_ReTypeFEIN' is present

2021-10-21 23:46:46 - [TEST_STEP][PASSED] - verifyElementPresent(findTestObject(orPath_TaxInfo + "/input_MDCRegistration"), 30): Object 'Object Repository/RAD_Pages/TaxInfo_Page/input_MDCRegistration' is present

2021-10-21 23:46:46 - [MESSAGE][PASSED] - Object 'Object Repository/RAD_Pages/TaxInfo_Page/input_MDCRegistration' is present

2021-10-21 23:46:46 - [TEST_STEP][PASSED] - scrollToElement(findTestObject(orPath_Withholding + "/input_acceleratedBasis_Yes"), 3): Scroll to object 'Object Repository/RAD_Pages/Withholding_Page/input_acceleratedBasis_Yes' successfully

2021-10-21 23:46:46 - [MESSAGE][PASSED] - Scroll to object 'Object Repository/RAD_Pages/Withholding_Page/input_acceleratedBasis_Yes' successfully

2021-10-21 23:46:46 - [TEST_STEP][PASSED] - verifyElementPresent(findTestObject(orPath_Withholding + "/input_acceleratedBasis_Yes"), 30): Object 'Object Repository/RAD_Pages/Withholding_Page/input_acceleratedBasis_Yes' is present

2021-10-21 23:46:47 - [MESSAGE][PASSED] - Object 'Object Repository/RAD_Pages/Withholding_Page/input_acceleratedBasis_Yes' is present

2021-10-21 23:46:47 - [TEST_STEP][PASSED] - verifyElementPresent(findTestObject(orPath_Withholding + "/input_acceleratedBasis_No"), 30): Object 'Object Repository/RAD_Pages/Withholding_Page/input_acceleratedBasis_No' is present

2021-10-21 23:46:47 - [MESSAGE][PASSED] - Object 'Object Repository/RAD_Pages/Withholding_Page/input_acceleratedBasis_No' is present

2021-10-21 23:46:47 - [TEST_STEP][PASSED] - verifyElementPresent(findTestObject(orPath_Withholding + "/input_PayDate"), 30): Object 'Object Repository/RAD_Pages/Withholding_Page/input_PayDate' is present

2021-10-21 23:46:47 - [MESSAGE][PASSED] - Object 'Object Repository/RAD_Pages/Withholding_Page/input_PayDate' is present

2021-10-21 23:46:47 - [TEST_STEP][PASSED] - verifyElementPresent(findTestObject(orPath_Withholding + "/input__WithholdingTaxReported"), 30): Object 'Object Repository/RAD_Pages/Withholding_Page/input__WithholdingTaxReported' is present

2021-10-21 23:46:48 - [MESSAGE][PASSED] - Object 'Object Repository/RAD_Pages/Withholding_Page/input__WithholdingTaxReported' is present

2021-10-21 23:46:48 - [TEST_STEP][PASSED] - scrollToElement(findTestObject(orPath_Withholding + "/input_acceleratedBasis_No"), 3): Scroll to object 'Object Repository/RAD_Pages/Withholding_Page/input_acceleratedBasis_No' successfully

2021-10-21 23:46:48 - [MESSAGE][PASSED] - Scroll to object 'Object Repository/RAD_Pages/Withholding_Page/input_acceleratedBasis_No' successfully

2021-10-21 23:46:48 - [TEST_STEP][PASSED] - click(findTestObject(orPath_Withholding + "/input_acceleratedBasis_No")): Object: 'Object Repository/RAD_Pages/Withholding_Page/input_acceleratedBasis_No' is clicked on

2021-10-21 23:46:48 - [MESSAGE][PASSED] - Object: 'Object Repository/RAD_Pages/Withholding_Page/input_acceleratedBasis_No' is clicked on

2021-10-21 23:46:48 - [TEST_STEP][PASSED] - verifyElementPresent(findTestObject(orPath_Withholding + "/select_Month"), 30): Object 'Object Repository/RAD_Pages/Withholding_Page/select_Month' is present

2021-10-21 23:46:49 - [MESSAGE][PASSED] - Object 'Object Repository/RAD_Pages/Withholding_Page/select_Month' is present

2021-10-21 23:46:49 - [TEST_STEP][PASSED] - verifyElementPresent(findTestObject(orPath_Withholding + "/input__WithholdingTaxReported"), 30): Object 'Object Repository/RAD_Pages/Withholding_Page/input__WithholdingTaxReported' is present

2021-10-21 23:46:49 - [MESSAGE][PASSED] - Object 'Object Repository/RAD_Pages/Withholding_Page/input__WithholdingTaxReported' is present

2021-10-21 23:46:49 - [TEST_STEP][PASSED] - totalOptionsPeriodEnding = getNumberOfTotalOption(findTestObject(orPath_Withholding + "/select_Month")): 13 options of object 'Object Repository/RAD_Pages/Withholding_Page/select_Month' counted

2021-10-21 23:46:50 - [MESSAGE][PASSED] - 13 options of object 'Object Repository/RAD_Pages/Withholding_Page/select_Month' counted

2021-10-21 23:46:50 - [TEST_STEP][PASSED] - verifyEqual(totalOptionsPeriodEnding, 13): Actual object '13' and expected object '13' are equal

2021-10-21 23:46:50 - [MESSAGE][PASSED] - Actual object '13' and expected object '13' are equal

2021-10-21 23:46:50 - [TEST_STEP][PASSED] - verifyOptionsPresent(findTestObject(orPath_Withholding + "/select_Month"), ["January", "February", "March", "April", "May", "June"]): Options [January, February, March, April, May, June] present.

2021-10-21 23:46:50 - [MESSAGE][PASSED] - Options [January, February, March, April, May, June] present.

2021-10-21 23:46:50 - [TEST_STEP][PASSED] - verifyOptionsPresent(findTestObject(orPath_Withholding + "/select_Month"), ["July", "August", "September", "October", "November", "December"]): Options [July, August, September, October, November, December] present.

2021-10-21 23:46:51 - [MESSAGE][PASSED] - Options [July, August, September, October, November, December] present.

2021-10-21 23:46:51 - [TEST_STEP][PASSED] - verifyElementPresent(findTestObject(orPath_Amount + "/input__paymentAmount"), 30): Object 'Object Repository/RAD_Pages/PaymentAmount_Page/input__paymentAmount' is present

2021-10-21 23:46:51 - [MESSAGE][PASSED] - Object 'Object Repository/RAD_Pages/PaymentAmount_Page/input__paymentAmount' is present]]></system-out>
         <system-err><![CDATA[]]></system-err>
      </testcase>
      <testcase name="Test Cases/RAD_TestCases/UI_TestCases/SalesAndUse_UI_TC" time="24.646" classname="Test Cases/RAD_TestCases/UI_TestCases/SalesAndUse_UI_TC" status="PASSED">
         <system-out><![CDATA[2021-10-21 23:46:51 - [TEST_CASE][PASSED] - Test Cases/RAD_TestCases/UI_TestCases/SalesAndUse_UI_TC: Test Cases/RAD_TestCases/UI_TestCases/SalesAndUse_UI_TC

2021-10-21 23:46:52 - [TEST_STEP][PASSED] - openBrowser(""): Browser is opened with url: ''

2021-10-21 23:46:52 - [MESSAGE][PASSED] - Browser is opened with url: ''

2021-10-21 23:46:52 - [TEST_STEP][PASSED] - maximizeWindow(): Current window maximized

2021-10-21 23:46:52 - [MESSAGE][PASSED] - Current window maximized

2021-10-21 23:46:52 - [TEST_STEP][PASSED] - navigateToUrl(RADurl): Navigate to 'https://qa.velocitypayment.com/client/rad/index.html' successfully

2021-10-21 23:46:52 - [MESSAGE][PASSED] - Navigate to 'https://qa.velocitypayment.com/client/rad/index.html' successfully

2021-10-21 23:46:52 - [TEST_STEP][PASSED] - orPath_Landing = "Object Repository/RAD_Pages/Landing_Page": null

2021-10-21 23:46:52 - [TEST_STEP][PASSED] - orPath_TaxTypeFilingYear = "Object Repository/RAD_Pages/TaxTypeFilingYear_Page": null

2021-10-21 23:46:52 - [TEST_STEP][PASSED] - orPath_TaxPayer = "Object Repository/RAD_Pages/Taxpayer_Page": null

2021-10-21 23:46:52 - [TEST_STEP][PASSED] - orPath_AddressContact = "Object Repository/RAD_Pages/AddressAndContactInfo_Page": null

2021-10-21 23:46:52 - [TEST_STEP][PASSED] - orPath_TaxInfo = "Object Repository/RAD_Pages/TaxInfo_Page": null

2021-10-21 23:46:52 - [TEST_STEP][PASSED] - orPath_Withholding = "Object Repository/RAD_Pages/Withholding_Page": null

2021-10-21 23:46:52 - [TEST_STEP][PASSED] - orPath_FilingStatus = "Object Repository/RAD_Pages/FilingStatus_Page": null

2021-10-21 23:46:52 - [TEST_STEP][PASSED] - orPath_Amount = "Object Repository/RAD_Pages/PaymentAmount_Page": null

2021-10-21 23:46:52 - [TEST_STEP][PASSED] - orPath_SalesTaxReturnInfo = "Object Repository/RAD_Pages/SalesTaxReturnInfo_Page": null

2021-10-21 23:46:52 - [TEST_STEP][PASSED] - selectOptionByLabel(findTestObject(orPath_Landing + "/dd_TaxType"), "Sales and Use", false): All options with label 'Sales and Use' are selected in object 'Object Repository/RAD_Pages/Landing_Page/dd_TaxType' 

2021-10-21 23:46:53 - [MESSAGE][PASSED] - All options with label 'Sales and Use' are selected in object 'Object Repository/RAD_Pages/Landing_Page/dd_TaxType' 

2021-10-21 23:46:53 - [TEST_STEP][PASSED] - verifyElementPresent(findTestObject(orPath_TaxTypeFilingYear + "/select_FilingYear"), 30): Object 'Object Repository/RAD_Pages/TaxTypeFilingYear_Page/select_FilingYear' is present

2021-10-21 23:46:54 - [MESSAGE][PASSED] - Object 'Object Repository/RAD_Pages/TaxTypeFilingYear_Page/select_FilingYear' is present

2021-10-21 23:46:54 - [TEST_STEP][PASSED] - totalOptionsFilingYear = getNumberOfTotalOption(findTestObject(orPath_TaxTypeFilingYear + "/select_FilingYear")): 4 options of object 'Object Repository/RAD_Pages/TaxTypeFilingYear_Page/select_FilingYear' counted

2021-10-21 23:46:54 - [MESSAGE][PASSED] - 4 options of object 'Object Repository/RAD_Pages/TaxTypeFilingYear_Page/select_FilingYear' counted

2021-10-21 23:46:54 - [TEST_STEP][PASSED] - verifyEqual(totalOptionsFilingYear, 4): Actual object '4' and expected object '4' are equal

2021-10-21 23:46:54 - [MESSAGE][PASSED] - Actual object '4' and expected object '4' are equal

2021-10-21 23:46:54 - [TEST_STEP][PASSED] - verifyOptionsPresent(findTestObject(orPath_TaxTypeFilingYear + "/select_FilingYear"), ["2022", "2021", "2020"]): Options [2022, 2021, 2020] present.

2021-10-21 23:46:55 - [MESSAGE][PASSED] - Options [2022, 2021, 2020] present.

2021-10-21 23:46:55 - [TEST_STEP][PASSED] - verifyElementPresent(findTestObject(orPath_TaxTypeFilingYear + "/select_PeriodEnding"), 30): Object 'Object Repository/RAD_Pages/TaxTypeFilingYear_Page/select_PeriodEnding' is present

2021-10-21 23:46:55 - [MESSAGE][PASSED] - Object 'Object Repository/RAD_Pages/TaxTypeFilingYear_Page/select_PeriodEnding' is present

2021-10-21 23:46:55 - [TEST_STEP][PASSED] - totalOptionsPeriodEnding = getNumberOfTotalOption(findTestObject(orPath_TaxTypeFilingYear + "/select_PeriodEnding")): 13 options of object 'Object Repository/RAD_Pages/TaxTypeFilingYear_Page/select_PeriodEnding' counted

2021-10-21 23:46:56 - [MESSAGE][PASSED] - 13 options of object 'Object Repository/RAD_Pages/TaxTypeFilingYear_Page/select_PeriodEnding' counted

2021-10-21 23:46:56 - [TEST_STEP][PASSED] - verifyEqual(totalOptionsPeriodEnding, 13): Actual object '13' and expected object '13' are equal

2021-10-21 23:46:56 - [MESSAGE][PASSED] - Actual object '13' and expected object '13' are equal

2021-10-21 23:46:56 - [TEST_STEP][PASSED] - verifyOptionsPresent(findTestObject(orPath_TaxTypeFilingYear + "/select_PeriodEnding"), ["January", "February", "March", "April", "May", "June"]): Options [January, February, March, April, May, June] present.

2021-10-21 23:46:57 - [MESSAGE][PASSED] - Options [January, February, March, April, May, June] present.

2021-10-21 23:46:57 - [TEST_STEP][PASSED] - verifyOptionsPresent(findTestObject(orPath_TaxTypeFilingYear + "/select_PeriodEnding"), ["July", "August", "September", "October", "November", "December"]): Options [July, August, September, October, November, December] present.

2021-10-21 23:46:57 - [MESSAGE][PASSED] - Options [July, August, September, October, November, December] present.

2021-10-21 23:46:57 - [TEST_STEP][PASSED] - verifyTextPresent("Tax Type/Filing Year", true): Text 'Tax Type/Filing Year' is present on page  using regular expression

2021-10-21 23:46:58 - [MESSAGE][PASSED] - Text 'Tax Type/Filing Year' is present on page  using regular expression

2021-10-21 23:46:58 - [TEST_STEP][PASSED] - verifyTextPresent("Taxpayer", true): Text 'Taxpayer' is present on page  using regular expression

2021-10-21 23:46:58 - [MESSAGE][PASSED] - Text 'Taxpayer' is present on page  using regular expression

2021-10-21 23:46:58 - [TEST_STEP][PASSED] - verifyTextPresent("Provide the following taxpayer information", true): Text 'Provide the following taxpayer information' is present on page  using regular expression

2021-10-21 23:46:59 - [MESSAGE][PASSED] - Text 'Provide the following taxpayer information' is present on page  using regular expression

2021-10-21 23:46:59 - [TEST_STEP][PASSED] - verifyTextPresent("Note: If you are paying on behalf of the Taxpayer, enter Taxpayer", true): Text 'Note: If you are paying on behalf of the Taxpayer, enter Taxpayer' is present on page  using regular expression

2021-10-21 23:46:59 - [MESSAGE][PASSED] - Text 'Note: If you are paying on behalf of the Taxpayer, enter Taxpayer' is present on page  using regular expression

2021-10-21 23:46:59 - [TEST_STEP][PASSED] - verifyTextPresent("information here. If you are making a payment for the Taxpayer, you will be required later to enter your own credit card, billing address and other pertinent information", true): Text 'information here. If you are making a payment for the Taxpayer, you will be required later to enter your own credit card, billing address and other pertinent information' is present on page  using regular expression

2021-10-21 23:47:00 - [MESSAGE][PASSED] - Text 'information here. If you are making a payment for the Taxpayer, you will be required later to enter your own credit card, billing address and other pertinent information' is present on page  using regular expression

2021-10-21 23:47:00 - [TEST_STEP][PASSED] - verifyTextPresent("Address and Contact Information", true): Text 'Address and Contact Information' is present on page  using regular expression

2021-10-21 23:47:00 - [MESSAGE][PASSED] - Text 'Address and Contact Information' is present on page  using regular expression

2021-10-21 23:47:00 - [TEST_STEP][PASSED] - verifyTextPresent("Enter the taxpayer", true): Text 'Enter the taxpayer' is present on page  using regular expression

2021-10-21 23:47:01 - [MESSAGE][PASSED] - Text 'Enter the taxpayer' is present on page  using regular expression

2021-10-21 23:47:01 - [TEST_STEP][PASSED] - verifyTextPresent("address and contact information", true): Text 'address and contact information' is present on page  using regular expression

2021-10-21 23:47:01 - [MESSAGE][PASSED] - Text 'address and contact information' is present on page  using regular expression

2021-10-21 23:47:01 - [TEST_STEP][PASSED] - verifyTextPresent("Tax Information", true): Text 'Tax Information' is present on page  using regular expression

2021-10-21 23:47:02 - [MESSAGE][PASSED] - Text 'Tax Information' is present on page  using regular expression

2021-10-21 23:47:02 - [TEST_STEP][PASSED] - verifyTextPresent("Sales Tax Return Information", true): Text 'Sales Tax Return Information' is present on page  using regular expression

2021-10-21 23:47:02 - [MESSAGE][PASSED] - Text 'Sales Tax Return Information' is present on page  using regular expression

2021-10-21 23:47:02 - [TEST_STEP][PASSED] - verifyTextPresent("Check here if you are a marketplace facilitator", true): Text 'Check here if you are a marketplace facilitator' is present on page  using regular expression

2021-10-21 23:47:02 - [MESSAGE][PASSED] - Text 'Check here if you are a marketplace facilitator' is present on page  using regular expression

2021-10-21 23:47:02 - [TEST_STEP][PASSED] - verifyTextPresent("Check here if you are a person that engages in the business of an out-of-state vendor and in the previous calendar year you either", true): Text 'Check here if you are a person that engages in the business of an out-of-state vendor and in the previous calendar year you either' is present on page  using regular expression

2021-10-21 23:47:03 - [MESSAGE][PASSED] - Text 'Check here if you are a person that engages in the business of an out-of-state vendor and in the previous calendar year you either' is present on page  using regular expression

2021-10-21 23:47:03 - [TEST_STEP][PASSED] - verifyTextPresent("in gross revenue from the sale of tangible personal property or taxable services delivered in the State", true): Text 'in gross revenue from the sale of tangible personal property or taxable services delivered in the State' is present on page  using regular expression

2021-10-21 23:47:03 - [MESSAGE][PASSED] - Text 'in gross revenue from the sale of tangible personal property or taxable services delivered in the State' is present on page  using regular expression

2021-10-21 23:47:03 - [TEST_STEP][PASSED] - verifyTextPresent("sold tangible personal property or taxable services for delivery into the State in 200 or more separate transactions", true): Text 'sold tangible personal property or taxable services for delivery into the State in 200 or more separate transactions' is present on page  using regular expression

2021-10-21 23:47:04 - [MESSAGE][PASSED] - Text 'sold tangible personal property or taxable services for delivery into the State in 200 or more separate transactions' is present on page  using regular expression

2021-10-21 23:47:04 - [TEST_STEP][PASSED] - verifyTextPresent("Maryland Form 202", true): Text 'Maryland Form 202' is present on page  using regular expression

2021-10-21 23:47:04 - [MESSAGE][PASSED] - Text 'Maryland Form 202' is present on page  using regular expression

2021-10-21 23:47:04 - [TEST_STEP][PASSED] - verifyTextPresent("Refer to your Maryland Sales Tax Instructions to complete the following", true): Text 'Refer to your Maryland Sales Tax Instructions to complete the following' is present on page  using regular expression

2021-10-21 23:47:05 - [MESSAGE][PASSED] - Text 'Refer to your Maryland Sales Tax Instructions to complete the following' is present on page  using regular expression

2021-10-21 23:47:05 - [TEST_STEP][PASSED] - verifyTextPresent("Lines 19.a. through 19.c. are for returns with period end dates later than 7-1-2013", true): Text 'Lines 19.a. through 19.c. are for returns with period end dates later than 7-1-2013' is present on page  using regular expression

2021-10-21 23:47:05 - [MESSAGE][PASSED] - Text 'Lines 19.a. through 19.c. are for returns with period end dates later than 7-1-2013' is present on page  using regular expression

2021-10-21 23:47:05 - [TEST_STEP][PASSED] - verifyTextPresent("Payment Amount", true): Text 'Payment Amount' is present on page  using regular expression

2021-10-21 23:47:06 - [MESSAGE][PASSED] - Text 'Payment Amount' is present on page  using regular expression

2021-10-21 23:47:06 - [TEST_STEP][PASSED] - verifyTextPresent("Service Fee: This electronic government service includes a service/convenience fee. Click here for details", true): Text 'Service Fee: This electronic government service includes a service/convenience fee. Click here for details' is present on page  using regular expression

2021-10-21 23:47:06 - [MESSAGE][PASSED] - Text 'Service Fee: This electronic government service includes a service/convenience fee. Click here for details' is present on page  using regular expression

2021-10-21 23:47:06 - [TEST_STEP][PASSED] - verifyElementPresent(findTestObject(orPath_Amount + "/a_Click here for details"), 30): Object 'Object Repository/RAD_Pages/PaymentAmount_Page/a_Click here for details' is present

2021-10-21 23:47:06 - [MESSAGE][PASSED] - Object 'Object Repository/RAD_Pages/PaymentAmount_Page/a_Click here for details' is present

2021-10-21 23:47:06 - [TEST_STEP][PASSED] - verifyElementPresent(findTestObject(orPath_Landing + "/button_Continue"), 30): Object 'Object Repository/RAD_Pages/Landing_Page/button_Continue' is present

2021-10-21 23:47:07 - [MESSAGE][PASSED] - Object 'Object Repository/RAD_Pages/Landing_Page/button_Continue' is present

2021-10-21 23:47:07 - [TEST_STEP][PASSED] - verifyElementPresent(findTestObject(orPath_TaxPayer + "/input_businessName"), 30): Object 'Object Repository/RAD_Pages/Taxpayer_Page/input_businessName' is present

2021-10-21 23:47:07 - [MESSAGE][PASSED] - Object 'Object Repository/RAD_Pages/Taxpayer_Page/input_businessName' is present

2021-10-21 23:47:07 - [TEST_STEP][PASSED] - verifyElementPresent(findTestObject(orPath_TaxPayer + "/input_firstName"), 30): Object 'Object Repository/RAD_Pages/Taxpayer_Page/input_firstName' is present

2021-10-21 23:47:07 - [MESSAGE][PASSED] - Object 'Object Repository/RAD_Pages/Taxpayer_Page/input_firstName' is present

2021-10-21 23:47:07 - [TEST_STEP][PASSED] - verifyElementPresent(findTestObject(orPath_TaxPayer + "/input_middleName"), 30): Object 'Object Repository/RAD_Pages/Taxpayer_Page/input_middleName' is present

2021-10-21 23:47:08 - [MESSAGE][PASSED] - Object 'Object Repository/RAD_Pages/Taxpayer_Page/input_middleName' is present

2021-10-21 23:47:08 - [TEST_STEP][PASSED] - verifyElementPresent(findTestObject(orPath_TaxPayer + "/input_lastName"), 30): Object 'Object Repository/RAD_Pages/Taxpayer_Page/input_lastName' is present

2021-10-21 23:47:08 - [MESSAGE][PASSED] - Object 'Object Repository/RAD_Pages/Taxpayer_Page/input_lastName' is present

2021-10-21 23:47:08 - [TEST_STEP][PASSED] - verifyElementPresent(findTestObject(orPath_TaxPayer + "/input_suffix"), 30): Object 'Object Repository/RAD_Pages/Taxpayer_Page/input_suffix' is present

2021-10-21 23:47:08 - [MESSAGE][PASSED] - Object 'Object Repository/RAD_Pages/Taxpayer_Page/input_suffix' is present

2021-10-21 23:47:08 - [TEST_STEP][PASSED] - verifyElementPresent(findTestObject(orPath_AddressContact + "/select_Country"), 30): Object 'Object Repository/RAD_Pages/AddressAndContactInfo_Page/select_Country' is present

2021-10-21 23:47:09 - [MESSAGE][PASSED] - Object 'Object Repository/RAD_Pages/AddressAndContactInfo_Page/select_Country' is present

2021-10-21 23:47:09 - [TEST_STEP][PASSED] - verifyElementPresent(findTestObject(orPath_AddressContact + "/input_streetAddress1"), 30): Object 'Object Repository/RAD_Pages/AddressAndContactInfo_Page/input_streetAddress1' is present

2021-10-21 23:47:09 - [MESSAGE][PASSED] - Object 'Object Repository/RAD_Pages/AddressAndContactInfo_Page/input_streetAddress1' is present

2021-10-21 23:47:09 - [TEST_STEP][PASSED] - verifyElementPresent(findTestObject(orPath_AddressContact + "/input_streetAddress2"), 30): Object 'Object Repository/RAD_Pages/AddressAndContactInfo_Page/input_streetAddress2' is present

2021-10-21 23:47:09 - [MESSAGE][PASSED] - Object 'Object Repository/RAD_Pages/AddressAndContactInfo_Page/input_streetAddress2' is present

2021-10-21 23:47:09 - [TEST_STEP][PASSED] - verifyElementPresent(findTestObject(orPath_AddressContact + "/input_city"), 30): Object 'Object Repository/RAD_Pages/AddressAndContactInfo_Page/input_city' is present

2021-10-21 23:47:10 - [MESSAGE][PASSED] - Object 'Object Repository/RAD_Pages/AddressAndContactInfo_Page/input_city' is present

2021-10-21 23:47:10 - [TEST_STEP][PASSED] - verifyElementPresent(findTestObject(orPath_AddressContact + "/select_State"), 30): Object 'Object Repository/RAD_Pages/AddressAndContactInfo_Page/select_State' is present

2021-10-21 23:47:10 - [MESSAGE][PASSED] - Object 'Object Repository/RAD_Pages/AddressAndContactInfo_Page/select_State' is present

2021-10-21 23:47:10 - [TEST_STEP][PASSED] - verifyElementPresent(findTestObject(orPath_AddressContact + "/input_zipCode"), 30): Object 'Object Repository/RAD_Pages/AddressAndContactInfo_Page/input_zipCode' is present

2021-10-21 23:47:10 - [MESSAGE][PASSED] - Object 'Object Repository/RAD_Pages/AddressAndContactInfo_Page/input_zipCode' is present

2021-10-21 23:47:10 - [TEST_STEP][PASSED] - verifyElementPresent(findTestObject(orPath_AddressContact + "/input_phoneNumber"), 30): Object 'Object Repository/RAD_Pages/AddressAndContactInfo_Page/input_phoneNumber' is present

2021-10-21 23:47:11 - [MESSAGE][PASSED] - Object 'Object Repository/RAD_Pages/AddressAndContactInfo_Page/input_phoneNumber' is present

2021-10-21 23:47:11 - [TEST_STEP][PASSED] - verifyElementPresent(findTestObject(orPath_AddressContact + "/input_eMailAddress"), 30): Object 'Object Repository/RAD_Pages/AddressAndContactInfo_Page/input_eMailAddress' is present

2021-10-21 23:47:11 - [MESSAGE][PASSED] - Object 'Object Repository/RAD_Pages/AddressAndContactInfo_Page/input_eMailAddress' is present

2021-10-21 23:47:11 - [TEST_STEP][PASSED] - verifyElementPresent(findTestObject(orPath_AddressContact + "/input_reEnterEMailAddress"), 30): Object 'Object Repository/RAD_Pages/AddressAndContactInfo_Page/input_reEnterEMailAddress' is present

2021-10-21 23:47:11 - [MESSAGE][PASSED] - Object 'Object Repository/RAD_Pages/AddressAndContactInfo_Page/input_reEnterEMailAddress' is present

2021-10-21 23:47:11 - [TEST_STEP][PASSED] - verifyOptionsPresent(findTestObject(orPath_AddressContact + "/select_Country"), ["United States"]): Options [United States] present.

2021-10-21 23:47:12 - [MESSAGE][PASSED] - Options [United States] present.

2021-10-21 23:47:12 - [TEST_STEP][PASSED] - verifyOptionsPresent(findTestObject(orPath_AddressContact + "/select_State"), ["Alabama", "District of Columbia", "Maryland", "Virginia", "Wyoming"]): Options [Alabama, District of Columbia, Maryland, Virginia, Wyoming] present.

2021-10-21 23:47:13 - [MESSAGE][PASSED] - Options [Alabama, District of Columbia, Maryland, Virginia, Wyoming] present.

2021-10-21 23:47:13 - [TEST_STEP][PASSED] - totalOptionsState = getNumberOfTotalOption(findTestObject(orPath_AddressContact + "/select_State")): 52 options of object 'Object Repository/RAD_Pages/AddressAndContactInfo_Page/select_State' counted

2021-10-21 23:47:14 - [MESSAGE][PASSED] - 52 options of object 'Object Repository/RAD_Pages/AddressAndContactInfo_Page/select_State' counted

2021-10-21 23:47:14 - [TEST_STEP][PASSED] - verifyEqual(totalOptionsState, 52): Actual object '52' and expected object '52' are equal

2021-10-21 23:47:14 - [MESSAGE][PASSED] - Actual object '52' and expected object '52' are equal

2021-10-21 23:47:14 - [TEST_STEP][PASSED] - verifyElementPresent(findTestObject(orPath_TaxInfo + "/input_FEIN"), 30): Object 'Object Repository/RAD_Pages/TaxInfo_Page/input_FEIN' is present

2021-10-21 23:47:14 - [MESSAGE][PASSED] - Object 'Object Repository/RAD_Pages/TaxInfo_Page/input_FEIN' is present

2021-10-21 23:47:14 - [TEST_STEP][PASSED] - verifyElementPresent(findTestObject(orPath_TaxInfo + "/input_ReTypeFEIN"), 30): Object 'Object Repository/RAD_Pages/TaxInfo_Page/input_ReTypeFEIN' is present

2021-10-21 23:47:14 - [MESSAGE][PASSED] - Object 'Object Repository/RAD_Pages/TaxInfo_Page/input_ReTypeFEIN' is present

2021-10-21 23:47:14 - [TEST_STEP][PASSED] - verifyElementPresent(findTestObject(orPath_TaxInfo + "/input_MDCRegistration"), 30): Object 'Object Repository/RAD_Pages/TaxInfo_Page/input_MDCRegistration' is present

2021-10-21 23:47:15 - [MESSAGE][PASSED] - Object 'Object Repository/RAD_Pages/TaxInfo_Page/input_MDCRegistration' is present

2021-10-21 23:47:15 - [TEST_STEP][PASSED] - verifyElementPresent(findTestObject(orPath_SalesTaxReturnInfo + "/input_MarketplaceFacilitator"), 30): Object 'Object Repository/RAD_Pages/SalesTaxReturnInfo_Page/input_MarketplaceFacilitator' is present

2021-10-21 23:47:15 - [MESSAGE][PASSED] - Object 'Object Repository/RAD_Pages/SalesTaxReturnInfo_Page/input_MarketplaceFacilitator' is present

2021-10-21 23:47:15 - [TEST_STEP][PASSED] - verifyElementPresent(findTestObject(orPath_SalesTaxReturnInfo + "/input_OutOfStateVendor"), 30): Object 'Object Repository/RAD_Pages/SalesTaxReturnInfo_Page/input_OutOfStateVendor' is present

2021-10-21 23:47:15 - [MESSAGE][PASSED] - Object 'Object Repository/RAD_Pages/SalesTaxReturnInfo_Page/input_OutOfStateVendor' is present

2021-10-21 23:47:15 - [TEST_STEP][PASSED] - verifyElementPresent(findTestObject(orPath_Amount + "/input__paymentAmount"), 30): Object 'Object Repository/RAD_Pages/PaymentAmount_Page/input__paymentAmount' is present

2021-10-21 23:47:16 - [MESSAGE][PASSED] - Object 'Object Repository/RAD_Pages/PaymentAmount_Page/input__paymentAmount' is present

2021-10-21 23:47:16 - [TEST_STEP][PASSED] - verifyElementPresent(findTestObject(orPath_Amount + "/input__PaymentDue1"), 30): Object 'Object Repository/RAD_Pages/PaymentAmount_Page/input__PaymentDue1' is present

2021-10-21 23:47:16 - [MESSAGE][PASSED] - Object 'Object Repository/RAD_Pages/PaymentAmount_Page/input__PaymentDue1' is present]]></system-out>
         <system-err><![CDATA[]]></system-err>
      </testcase>
      <testcase name="Test Cases/RAD_TestCases/UI_TestCases/SaleAndUseMarketplaceFacilitator_UI_TC" time="5.588" classname="Test Cases/RAD_TestCases/UI_TestCases/SaleAndUseMarketplaceFacilitator_UI_TC" status="PASSED">
         <system-out><![CDATA[2021-10-21 23:47:16 - [TEST_CASE][PASSED] - Test Cases/RAD_TestCases/UI_TestCases/SaleAndUseMarketplaceFacilitator_UI_TC: Test Cases/RAD_TestCases/UI_TestCases/SaleAndUseMarketplaceFacilitator_UI_TC

2021-10-21 23:47:16 - [TEST_STEP][PASSED] - openBrowser(""): Browser is opened with url: ''

2021-10-21 23:47:16 - [MESSAGE][PASSED] - Browser is opened with url: ''

2021-10-21 23:47:16 - [TEST_STEP][PASSED] - maximizeWindow(): Current window maximized

2021-10-21 23:47:16 - [MESSAGE][PASSED] - Current window maximized

2021-10-21 23:47:16 - [TEST_STEP][PASSED] - navigateToUrl(RADurl): Navigate to 'https://qa.velocitypayment.com/client/rad/index.html' successfully

2021-10-21 23:47:17 - [MESSAGE][PASSED] - Navigate to 'https://qa.velocitypayment.com/client/rad/index.html' successfully

2021-10-21 23:47:17 - [TEST_STEP][PASSED] - orPath_Landing = "Object Repository/RAD_Pages/Landing_Page": null

2021-10-21 23:47:17 - [TEST_STEP][PASSED] - orPath_TaxTypeFilingYear = "Object Repository/RAD_Pages/TaxTypeFilingYear_Page": null

2021-10-21 23:47:17 - [TEST_STEP][PASSED] - orPath_TaxPayer = "Object Repository/RAD_Pages/Taxpayer_Page": null

2021-10-21 23:47:17 - [TEST_STEP][PASSED] - orPath_AddressContact = "Object Repository/RAD_Pages/AddressAndContactInfo_Page": null

2021-10-21 23:47:17 - [TEST_STEP][PASSED] - orPath_TaxInfo = "Object Repository/RAD_Pages/TaxInfo_Page": null

2021-10-21 23:47:17 - [TEST_STEP][PASSED] - orPath_Withholding = "Object Repository/RAD_Pages/Withholding_Page": null

2021-10-21 23:47:17 - [TEST_STEP][PASSED] - orPath_FilingStatus = "Object Repository/RAD_Pages/FilingStatus_Page": null

2021-10-21 23:47:17 - [TEST_STEP][PASSED] - orPath_Amount = "Object Repository/RAD_Pages/PaymentAmount_Page": null

2021-10-21 23:47:17 - [TEST_STEP][PASSED] - orPath_SalesTaxReturnInfo = "Object Repository/RAD_Pages/SalesTaxReturnInfo_Page": null

2021-10-21 23:47:17 - [TEST_STEP][PASSED] - selectOptionByLabel(findTestObject(orPath_Landing + "/dd_TaxType"), "Sales and Use", false): All options with label 'Sales and Use' are selected in object 'Object Repository/RAD_Pages/Landing_Page/dd_TaxType' 

2021-10-21 23:47:18 - [MESSAGE][PASSED] - All options with label 'Sales and Use' are selected in object 'Object Repository/RAD_Pages/Landing_Page/dd_TaxType' 

2021-10-21 23:47:18 - [TEST_STEP][PASSED] - scrollToElement(findTestObject(orPath_SalesTaxReturnInfo + "/input_OutOfStateVendor"), 3): Scroll to object 'Object Repository/RAD_Pages/SalesTaxReturnInfo_Page/input_OutOfStateVendor' successfully

2021-10-21 23:47:18 - [MESSAGE][PASSED] - Scroll to object 'Object Repository/RAD_Pages/SalesTaxReturnInfo_Page/input_OutOfStateVendor' successfully

2021-10-21 23:47:18 - [TEST_STEP][PASSED] - click(findTestObject(orPath_SalesTaxReturnInfo + "/input_MarketplaceFacilitator")): Object: 'Object Repository/RAD_Pages/SalesTaxReturnInfo_Page/input_MarketplaceFacilitator' is clicked on

2021-10-21 23:47:19 - [MESSAGE][PASSED] - Object: 'Object Repository/RAD_Pages/SalesTaxReturnInfo_Page/input_MarketplaceFacilitator' is clicked on

2021-10-21 23:47:19 - [TEST_STEP][PASSED] - verifyTextPresent("Maryland Form 202F", true): Text 'Maryland Form 202F' is present on page  using regular expression

2021-10-21 23:47:19 - [MESSAGE][PASSED] - Text 'Maryland Form 202F' is present on page  using regular expression

2021-10-21 23:47:19 - [TEST_STEP][PASSED] - verifyTextPresent("To be completed by marketplace facilitator. Refer to your Maryland Sales Tax Instructions to complete the following.", true): Text 'To be completed by marketplace facilitator. Refer to your Maryland Sales Tax Instructions to complete the following.' is present on page  using regular expression

2021-10-21 23:47:20 - [MESSAGE][PASSED] - Text 'To be completed by marketplace facilitator. Refer to your Maryland Sales Tax Instructions to complete the following.' is present on page  using regular expression

2021-10-21 23:47:20 - [TEST_STEP][PASSED] - verifyTextPresent("Maryland Form 202", true): Text 'Maryland Form 202' is present on page  using regular expression

2021-10-21 23:47:20 - [MESSAGE][PASSED] - Text 'Maryland Form 202' is present on page  using regular expression

2021-10-21 23:47:20 - [TEST_STEP][PASSED] - verifyTextPresent("Refer to your Maryland Sales Tax Instructions to complete the following", true): Text 'Refer to your Maryland Sales Tax Instructions to complete the following' is present on page  using regular expression

2021-10-21 23:47:21 - [MESSAGE][PASSED] - Text 'Refer to your Maryland Sales Tax Instructions to complete the following' is present on page  using regular expression

2021-10-21 23:47:21 - [TEST_STEP][PASSED] - verifyTextPresent("Maryland Form 202", true): Text 'Maryland Form 202' is present on page  using regular expression

2021-10-21 23:47:21 - [MESSAGE][PASSED] - Text 'Maryland Form 202' is present on page  using regular expression

2021-10-21 23:47:21 - [TEST_STEP][PASSED] - verifyTextPresent("Refer to your Maryland Sales Tax Instructions to complete the following", true): Text 'Refer to your Maryland Sales Tax Instructions to complete the following' is present on page  using regular expression

2021-10-21 23:47:22 - [MESSAGE][PASSED] - Text 'Refer to your Maryland Sales Tax Instructions to complete the following' is present on page  using regular expression]]></system-out>
         <system-err><![CDATA[]]></system-err>
      </testcase>
      <testcase name="Test Cases/RAD_TestCases/UI_TestCases/SaleAndUseMDForm202_UI_TC" time="5.815" classname="Test Cases/RAD_TestCases/UI_TestCases/SaleAndUseMDForm202_UI_TC" status="PASSED">
         <system-out><![CDATA[2021-10-21 23:47:22 - [TEST_CASE][PASSED] - Test Cases/RAD_TestCases/UI_TestCases/SaleAndUseMDForm202_UI_TC: Test Cases/RAD_TestCases/UI_TestCases/SaleAndUseMDForm202_UI_TC

2021-10-21 23:47:22 - [TEST_STEP][PASSED] - openBrowser(""): Browser is opened with url: ''

2021-10-21 23:47:22 - [MESSAGE][PASSED] - Browser is opened with url: ''

2021-10-21 23:47:22 - [TEST_STEP][PASSED] - maximizeWindow(): Current window maximized

2021-10-21 23:47:22 - [MESSAGE][PASSED] - Current window maximized

2021-10-21 23:47:22 - [TEST_STEP][PASSED] - navigateToUrl(RADurl): Navigate to 'https://qa.velocitypayment.com/client/rad/index.html' successfully

2021-10-21 23:47:23 - [MESSAGE][PASSED] - Navigate to 'https://qa.velocitypayment.com/client/rad/index.html' successfully

2021-10-21 23:47:23 - [TEST_STEP][PASSED] - orPath_Landing = "Object Repository/RAD_Pages/Landing_Page": null

2021-10-21 23:47:23 - [TEST_STEP][PASSED] - orPath_TaxTypeFilingYear = "Object Repository/RAD_Pages/TaxTypeFilingYear_Page": null

2021-10-21 23:47:23 - [TEST_STEP][PASSED] - orPath_TaxPayer = "Object Repository/RAD_Pages/Taxpayer_Page": null

2021-10-21 23:47:23 - [TEST_STEP][PASSED] - orPath_AddressContact = "Object Repository/RAD_Pages/AddressAndContactInfo_Page": null

2021-10-21 23:47:23 - [TEST_STEP][PASSED] - orPath_TaxInfo = "Object Repository/RAD_Pages/TaxInfo_Page": null

2021-10-21 23:47:23 - [TEST_STEP][PASSED] - orPath_Withholding = "Object Repository/RAD_Pages/Withholding_Page": null

2021-10-21 23:47:23 - [TEST_STEP][PASSED] - orPath_FilingStatus = "Object Repository/RAD_Pages/FilingStatus_Page": null

2021-10-21 23:47:23 - [TEST_STEP][PASSED] - orPath_Amount = "Object Repository/RAD_Pages/PaymentAmount_Page": null

2021-10-21 23:47:23 - [TEST_STEP][PASSED] - orPath_SalesTaxReturnInfo = "Object Repository/RAD_Pages/SalesTaxReturnInfo_Page": null

2021-10-21 23:47:23 - [TEST_STEP][PASSED] - orPath_MDForm202 = "Object Repository/RAD_Pages/MarylandForm202_Page": null

2021-10-21 23:47:23 - [TEST_STEP][PASSED] - selectOptionByLabel(findTestObject(orPath_Landing + "/dd_TaxType"), "Sales and Use", false): All options with label 'Sales and Use' are selected in object 'Object Repository/RAD_Pages/Landing_Page/dd_TaxType' 

2021-10-21 23:47:23 - [MESSAGE][PASSED] - All options with label 'Sales and Use' are selected in object 'Object Repository/RAD_Pages/Landing_Page/dd_TaxType' 

2021-10-21 23:47:23 - [TEST_STEP][PASSED] - verifyElementPresent(findTestObject(orPath_MDForm202 + "/input__Line3"), 30): Object 'Object Repository/RAD_Pages/MarylandForm202_Page/input__Line3' is present

2021-10-21 23:47:24 - [MESSAGE][PASSED] - Object 'Object Repository/RAD_Pages/MarylandForm202_Page/input__Line3' is present

2021-10-21 23:47:24 - [TEST_STEP][PASSED] - verifyElementPresent(findTestObject(orPath_MDForm202 + "/input__Line4a"), 30): Object 'Object Repository/RAD_Pages/MarylandForm202_Page/input__Line4a' is present

2021-10-21 23:47:24 - [MESSAGE][PASSED] - Object 'Object Repository/RAD_Pages/MarylandForm202_Page/input__Line4a' is present

2021-10-21 23:47:24 - [TEST_STEP][PASSED] - verifyElementPresent(findTestObject(orPath_MDForm202 + "/input__Line5a"), 30): Object 'Object Repository/RAD_Pages/MarylandForm202_Page/input__Line5a' is present

2021-10-21 23:47:24 - [MESSAGE][PASSED] - Object 'Object Repository/RAD_Pages/MarylandForm202_Page/input__Line5a' is present

2021-10-21 23:47:24 - [TEST_STEP][PASSED] - verifyElementPresent(findTestObject(orPath_MDForm202 + "/input__Line6a"), 30): Object 'Object Repository/RAD_Pages/MarylandForm202_Page/input__Line6a' is present

2021-10-21 23:47:25 - [MESSAGE][PASSED] - Object 'Object Repository/RAD_Pages/MarylandForm202_Page/input__Line6a' is present

2021-10-21 23:47:25 - [TEST_STEP][PASSED] - verifyElementPresent(findTestObject(orPath_MDForm202 + "/input__Line8a"), 30): Object 'Object Repository/RAD_Pages/MarylandForm202_Page/input__Line8a' is present

2021-10-21 23:47:25 - [MESSAGE][PASSED] - Object 'Object Repository/RAD_Pages/MarylandForm202_Page/input__Line8a' is present

2021-10-21 23:47:25 - [TEST_STEP][PASSED] - verifyElementPresent(findTestObject(orPath_MDForm202 + "/input__Line12a"), 30): Object 'Object Repository/RAD_Pages/MarylandForm202_Page/input__Line12a' is present

2021-10-21 23:47:25 - [MESSAGE][PASSED] - Object 'Object Repository/RAD_Pages/MarylandForm202_Page/input__Line12a' is present

2021-10-21 23:47:25 - [TEST_STEP][PASSED] - verifyElementPresent(findTestObject(orPath_MDForm202 + "/input__Line13a"), 30): Object 'Object Repository/RAD_Pages/MarylandForm202_Page/input__Line13a' is present

2021-10-21 23:47:26 - [MESSAGE][PASSED] - Object 'Object Repository/RAD_Pages/MarylandForm202_Page/input__Line13a' is present

2021-10-21 23:47:26 - [TEST_STEP][PASSED] - verifyElementPresent(findTestObject(orPath_MDForm202 + "/input__Line15"), 30): Object 'Object Repository/RAD_Pages/MarylandForm202_Page/input__Line15' is present

2021-10-21 23:47:26 - [MESSAGE][PASSED] - Object 'Object Repository/RAD_Pages/MarylandForm202_Page/input__Line15' is present

2021-10-21 23:47:26 - [TEST_STEP][PASSED] - verifyElementPresent(findTestObject(orPath_MDForm202 + "/input__Line17a"), 30): Object 'Object Repository/RAD_Pages/MarylandForm202_Page/input__Line17a' is present

2021-10-21 23:47:26 - [MESSAGE][PASSED] - Object 'Object Repository/RAD_Pages/MarylandForm202_Page/input__Line17a' is present

2021-10-21 23:47:26 - [TEST_STEP][PASSED] - verifyElementPresent(findTestObject(orPath_MDForm202 + "/input__Line17b"), 30): Object 'Object Repository/RAD_Pages/MarylandForm202_Page/input__Line17b' is present

2021-10-21 23:47:27 - [MESSAGE][PASSED] - Object 'Object Repository/RAD_Pages/MarylandForm202_Page/input__Line17b' is present

2021-10-21 23:47:27 - [TEST_STEP][PASSED] - verifyElementPresent(findTestObject(orPath_MDForm202 + "/input__Line19a"), 30): Object 'Object Repository/RAD_Pages/MarylandForm202_Page/input__Line19a' is present

2021-10-21 23:47:27 - [MESSAGE][PASSED] - Object 'Object Repository/RAD_Pages/MarylandForm202_Page/input__Line19a' is present

2021-10-21 23:47:27 - [TEST_STEP][PASSED] - verifyElementPresent(findTestObject(orPath_MDForm202 + "/input__Line19b"), 30): Object 'Object Repository/RAD_Pages/MarylandForm202_Page/input__Line19b' is present

2021-10-21 23:47:27 - [MESSAGE][PASSED] - Object 'Object Repository/RAD_Pages/MarylandForm202_Page/input__Line19b' is present]]></system-out>
         <system-err><![CDATA[]]></system-err>
      </testcase>
      <testcase name="Test Cases/RAD_TestCases/UI_TestCases/ExistingLiability_UI_TC" time="19.749" classname="Test Cases/RAD_TestCases/UI_TestCases/ExistingLiability_UI_TC" status="PASSED">
         <system-out><![CDATA[2021-10-21 23:47:27 - [TEST_CASE][PASSED] - Test Cases/RAD_TestCases/UI_TestCases/ExistingLiability_UI_TC: Test Cases/RAD_TestCases/UI_TestCases/ExistingLiability_UI_TC

2021-10-21 23:47:28 - [TEST_STEP][PASSED] - openBrowser(""): Browser is opened with url: ''

2021-10-21 23:47:28 - [MESSAGE][PASSED] - Browser is opened with url: ''

2021-10-21 23:47:28 - [TEST_STEP][PASSED] - maximizeWindow(): Current window maximized

2021-10-21 23:47:28 - [MESSAGE][PASSED] - Current window maximized

2021-10-21 23:47:28 - [TEST_STEP][PASSED] - navigateToUrl(RADurl): Navigate to 'https://qa.velocitypayment.com/client/rad/index.html' successfully

2021-10-21 23:47:28 - [MESSAGE][PASSED] - Navigate to 'https://qa.velocitypayment.com/client/rad/index.html' successfully

2021-10-21 23:47:28 - [TEST_STEP][PASSED] - orPath_Landing = "Object Repository/RAD_Pages/Landing_Page": null

2021-10-21 23:47:28 - [TEST_STEP][PASSED] - orPath_TaxTypeFilingYear = "Object Repository/RAD_Pages/TaxTypeFilingYear_Page": null

2021-10-21 23:47:28 - [TEST_STEP][PASSED] - orPath_TaxPayer = "Object Repository/RAD_Pages/Taxpayer_Page": null

2021-10-21 23:47:28 - [TEST_STEP][PASSED] - orPath_AddressContact = "Object Repository/RAD_Pages/AddressAndContactInfo_Page": null

2021-10-21 23:47:28 - [TEST_STEP][PASSED] - orPath_TaxInfo = "Object Repository/RAD_Pages/TaxInfo_Page": null

2021-10-21 23:47:28 - [TEST_STEP][PASSED] - orPath_Withholding = "Object Repository/RAD_Pages/Withholding_Page": null

2021-10-21 23:47:28 - [TEST_STEP][PASSED] - orPath_FilingStatus = "Object Repository/RAD_Pages/FilingStatus_Page": null

2021-10-21 23:47:28 - [TEST_STEP][PASSED] - orPath_Amount = "Object Repository/RAD_Pages/PaymentAmount_Page": null

2021-10-21 23:47:28 - [TEST_STEP][PASSED] - orPath_SalesTaxReturnInfo = "Object Repository/RAD_Pages/SalesTaxReturnInfo_Page": null

2021-10-21 23:47:28 - [TEST_STEP][PASSED] - selectOptionByLabel(findTestObject(orPath_Landing + "/dd_TaxType"), "Existing Liability", false): All options with label 'Existing Liability' are selected in object 'Object Repository/RAD_Pages/Landing_Page/dd_TaxType' 

2021-10-21 23:47:29 - [MESSAGE][PASSED] - All options with label 'Existing Liability' are selected in object 'Object Repository/RAD_Pages/Landing_Page/dd_TaxType' 

2021-10-21 23:47:29 - [TEST_STEP][PASSED] - verifyElementPresent(findTestObject(orPath_TaxTypeFilingYear + "/select_TaxType_ExistingLiability"), 30): Object 'Object Repository/RAD_Pages/TaxTypeFilingYear_Page/select_TaxType_ExistingLiability' is present

2021-10-21 23:47:29 - [MESSAGE][PASSED] - Object 'Object Repository/RAD_Pages/TaxTypeFilingYear_Page/select_TaxType_ExistingLiability' is present

2021-10-21 23:47:29 - [TEST_STEP][PASSED] - totalOptionsExistingLiability = getNumberOfTotalOption(findTestObject(orPath_TaxTypeFilingYear + "/select_TaxType_ExistingLiability")): 12 options of object 'Object Repository/RAD_Pages/TaxTypeFilingYear_Page/select_TaxType_ExistingLiability' counted

2021-10-21 23:47:30 - [MESSAGE][PASSED] - 12 options of object 'Object Repository/RAD_Pages/TaxTypeFilingYear_Page/select_TaxType_ExistingLiability' counted

2021-10-21 23:47:30 - [TEST_STEP][PASSED] - verifyEqual(totalOptionsExistingLiability, 12): Actual object '12' and expected object '12' are equal

2021-10-21 23:47:30 - [MESSAGE][PASSED] - Actual object '12' and expected object '12' are equal

2021-10-21 23:47:30 - [TEST_STEP][PASSED] - verifyOptionsPresent(findTestObject(orPath_TaxTypeFilingYear + "/select_TaxType_ExistingLiability"), ["Bay Restoration Fund Tax", "CORP Tax", "Fiduciary Tax"]): Options [Bay Restoration Fund Tax, CORP Tax, Fiduciary Tax] present.

2021-10-21 23:47:31 - [MESSAGE][PASSED] - Options [Bay Restoration Fund Tax, CORP Tax, Fiduciary Tax] present.

2021-10-21 23:47:31 - [TEST_STEP][PASSED] - verifyOptionsPresent(findTestObject(orPath_TaxTypeFilingYear + "/select_TaxType_ExistingLiability"), ["Personal Tax", "PTE (Partnership)", "PTE (LLC)"]): Options [Personal Tax, PTE (Partnership), PTE (LLC)] present.

2021-10-21 23:47:31 - [MESSAGE][PASSED] - Options [Personal Tax, PTE (Partnership), PTE (LLC)] present.

2021-10-21 23:47:31 - [TEST_STEP][PASSED] - verifyOptionsPresent(findTestObject(orPath_TaxTypeFilingYear + "/select_TaxType_ExistingLiability"), ["PTE (SCorp)", "Sales & Use Tax"]): Options [PTE (SCorp), Sales & Use Tax] present.

2021-10-21 23:47:32 - [MESSAGE][PASSED] - Options [PTE (SCorp), Sales & Use Tax] present.

2021-10-21 23:47:32 - [TEST_STEP][PASSED] - verifyOptionsPresent(findTestObject(orPath_TaxTypeFilingYear + "/select_TaxType_ExistingLiability"), ["Withholding Tax", "Alcohol Tax"]): Options [Withholding Tax, Alcohol Tax] present.

2021-10-21 23:47:33 - [MESSAGE][PASSED] - Options [Withholding Tax, Alcohol Tax] present.

2021-10-21 23:47:33 - [TEST_STEP][PASSED] - verifyTextPresent("Tax Type/Filing Year", true): Text 'Tax Type/Filing Year' is present on page  using regular expression

2021-10-21 23:47:33 - [MESSAGE][PASSED] - Text 'Tax Type/Filing Year' is present on page  using regular expression

2021-10-21 23:47:33 - [TEST_STEP][PASSED] - verifyTextPresent("Taxpayer", true): Text 'Taxpayer' is present on page  using regular expression

2021-10-21 23:47:34 - [MESSAGE][PASSED] - Text 'Taxpayer' is present on page  using regular expression

2021-10-21 23:47:34 - [TEST_STEP][PASSED] - verifyTextPresent("Provide the following taxpayer information", true): Text 'Provide the following taxpayer information' is present on page  using regular expression

2021-10-21 23:47:34 - [MESSAGE][PASSED] - Text 'Provide the following taxpayer information' is present on page  using regular expression

2021-10-21 23:47:34 - [TEST_STEP][PASSED] - verifyTextPresent("Note: If you are paying on behalf of the Taxpayer, enter Taxpayer", true): Text 'Note: If you are paying on behalf of the Taxpayer, enter Taxpayer' is present on page  using regular expression

2021-10-21 23:47:34 - [MESSAGE][PASSED] - Text 'Note: If you are paying on behalf of the Taxpayer, enter Taxpayer' is present on page  using regular expression

2021-10-21 23:47:34 - [TEST_STEP][PASSED] - verifyTextPresent("information here. If you are making a payment for the Taxpayer, you will be required later to enter your own credit card, billing address and other pertinent information", true): Text 'information here. If you are making a payment for the Taxpayer, you will be required later to enter your own credit card, billing address and other pertinent information' is present on page  using regular expression

2021-10-21 23:47:35 - [MESSAGE][PASSED] - Text 'information here. If you are making a payment for the Taxpayer, you will be required later to enter your own credit card, billing address and other pertinent information' is present on page  using regular expression

2021-10-21 23:47:35 - [TEST_STEP][PASSED] - verifyTextPresent("Address and Contact Information", true): Text 'Address and Contact Information' is present on page  using regular expression

2021-10-21 23:47:35 - [MESSAGE][PASSED] - Text 'Address and Contact Information' is present on page  using regular expression

2021-10-21 23:47:35 - [TEST_STEP][PASSED] - verifyTextPresent("Enter the taxpayer", true): Text 'Enter the taxpayer' is present on page  using regular expression

2021-10-21 23:47:35 - [MESSAGE][PASSED] - Text 'Enter the taxpayer' is present on page  using regular expression

2021-10-21 23:47:35 - [TEST_STEP][PASSED] - verifyTextPresent("address and contact information", true): Text 'address and contact information' is present on page  using regular expression

2021-10-21 23:47:36 - [MESSAGE][PASSED] - Text 'address and contact information' is present on page  using regular expression

2021-10-21 23:47:36 - [TEST_STEP][PASSED] - verifyTextPresent("Tax Information", true): Text 'Tax Information' is present on page  using regular expression

2021-10-21 23:47:36 - [MESSAGE][PASSED] - Text 'Tax Information' is present on page  using regular expression

2021-10-21 23:47:36 - [TEST_STEP][PASSED] - verifyTextPresent("Either provide your Social Security Number OR Federal EIN", true): Text 'Either provide your Social Security Number OR Federal EIN' is present on page  using regular expression

2021-10-21 23:47:37 - [MESSAGE][PASSED] - Text 'Either provide your Social Security Number OR Federal EIN' is present on page  using regular expression

2021-10-21 23:47:37 - [TEST_STEP][PASSED] - verifyTextPresent("Payment Amount", true): Text 'Payment Amount' is present on page  using regular expression

2021-10-21 23:47:37 - [MESSAGE][PASSED] - Text 'Payment Amount' is present on page  using regular expression

2021-10-21 23:47:37 - [TEST_STEP][PASSED] - verifyTextPresent("Service Fee: This electronic government service includes a service/convenience fee. Click here for details", true): Text 'Service Fee: This electronic government service includes a service/convenience fee. Click here for details' is present on page  using regular expression

2021-10-21 23:47:37 - [MESSAGE][PASSED] - Text 'Service Fee: This electronic government service includes a service/convenience fee. Click here for details' is present on page  using regular expression

2021-10-21 23:47:37 - [TEST_STEP][PASSED] - verifyElementPresent(findTestObject(orPath_Amount + "/a_Click here for details"), 30): Object 'Object Repository/RAD_Pages/PaymentAmount_Page/a_Click here for details' is present

2021-10-21 23:47:38 - [MESSAGE][PASSED] - Object 'Object Repository/RAD_Pages/PaymentAmount_Page/a_Click here for details' is present

2021-10-21 23:47:38 - [TEST_STEP][PASSED] - verifyElementPresent(findTestObject(orPath_Landing + "/button_Continue"), 30): Object 'Object Repository/RAD_Pages/Landing_Page/button_Continue' is present

2021-10-21 23:47:38 - [MESSAGE][PASSED] - Object 'Object Repository/RAD_Pages/Landing_Page/button_Continue' is present

2021-10-21 23:47:38 - [TEST_STEP][PASSED] - verifyElementPresent(findTestObject(orPath_TaxPayer + "/input_firstName"), 30): Object 'Object Repository/RAD_Pages/Taxpayer_Page/input_firstName' is present

2021-10-21 23:47:38 - [MESSAGE][PASSED] - Object 'Object Repository/RAD_Pages/Taxpayer_Page/input_firstName' is present

2021-10-21 23:47:38 - [TEST_STEP][PASSED] - verifyElementPresent(findTestObject(orPath_TaxPayer + "/input_middleName"), 30): Object 'Object Repository/RAD_Pages/Taxpayer_Page/input_middleName' is present

2021-10-21 23:47:39 - [MESSAGE][PASSED] - Object 'Object Repository/RAD_Pages/Taxpayer_Page/input_middleName' is present

2021-10-21 23:47:39 - [TEST_STEP][PASSED] - verifyElementPresent(findTestObject(orPath_TaxPayer + "/input_lastName"), 30): Object 'Object Repository/RAD_Pages/Taxpayer_Page/input_lastName' is present

2021-10-21 23:47:39 - [MESSAGE][PASSED] - Object 'Object Repository/RAD_Pages/Taxpayer_Page/input_lastName' is present

2021-10-21 23:47:39 - [TEST_STEP][PASSED] - verifyElementPresent(findTestObject(orPath_TaxPayer + "/input_suffix"), 30): Object 'Object Repository/RAD_Pages/Taxpayer_Page/input_suffix' is present

2021-10-21 23:47:39 - [MESSAGE][PASSED] - Object 'Object Repository/RAD_Pages/Taxpayer_Page/input_suffix' is present

2021-10-21 23:47:39 - [TEST_STEP][PASSED] - verifyElementPresent(findTestObject(orPath_AddressContact + "/select_Country"), 30): Object 'Object Repository/RAD_Pages/AddressAndContactInfo_Page/select_Country' is present

2021-10-21 23:47:40 - [MESSAGE][PASSED] - Object 'Object Repository/RAD_Pages/AddressAndContactInfo_Page/select_Country' is present

2021-10-21 23:47:40 - [TEST_STEP][PASSED] - verifyElementPresent(findTestObject(orPath_AddressContact + "/input_streetAddress1"), 30): Object 'Object Repository/RAD_Pages/AddressAndContactInfo_Page/input_streetAddress1' is present

2021-10-21 23:47:40 - [MESSAGE][PASSED] - Object 'Object Repository/RAD_Pages/AddressAndContactInfo_Page/input_streetAddress1' is present

2021-10-21 23:47:40 - [TEST_STEP][PASSED] - verifyElementPresent(findTestObject(orPath_AddressContact + "/input_streetAddress2"), 30): Object 'Object Repository/RAD_Pages/AddressAndContactInfo_Page/input_streetAddress2' is present

2021-10-21 23:47:40 - [MESSAGE][PASSED] - Object 'Object Repository/RAD_Pages/AddressAndContactInfo_Page/input_streetAddress2' is present

2021-10-21 23:47:40 - [TEST_STEP][PASSED] - verifyElementPresent(findTestObject(orPath_AddressContact + "/input_city"), 30): Object 'Object Repository/RAD_Pages/AddressAndContactInfo_Page/input_city' is present

2021-10-21 23:47:41 - [MESSAGE][PASSED] - Object 'Object Repository/RAD_Pages/AddressAndContactInfo_Page/input_city' is present

2021-10-21 23:47:41 - [TEST_STEP][PASSED] - verifyElementPresent(findTestObject(orPath_AddressContact + "/select_State"), 30): Object 'Object Repository/RAD_Pages/AddressAndContactInfo_Page/select_State' is present

2021-10-21 23:47:41 - [MESSAGE][PASSED] - Object 'Object Repository/RAD_Pages/AddressAndContactInfo_Page/select_State' is present

2021-10-21 23:47:41 - [TEST_STEP][PASSED] - verifyElementPresent(findTestObject(orPath_AddressContact + "/input_zipCode"), 30): Object 'Object Repository/RAD_Pages/AddressAndContactInfo_Page/input_zipCode' is present

2021-10-21 23:47:41 - [MESSAGE][PASSED] - Object 'Object Repository/RAD_Pages/AddressAndContactInfo_Page/input_zipCode' is present

2021-10-21 23:47:41 - [TEST_STEP][PASSED] - verifyElementPresent(findTestObject(orPath_AddressContact + "/input_phoneNumber"), 30): Object 'Object Repository/RAD_Pages/AddressAndContactInfo_Page/input_phoneNumber' is present

2021-10-21 23:47:42 - [MESSAGE][PASSED] - Object 'Object Repository/RAD_Pages/AddressAndContactInfo_Page/input_phoneNumber' is present

2021-10-21 23:47:42 - [TEST_STEP][PASSED] - verifyElementPresent(findTestObject(orPath_AddressContact + "/input_eMailAddress"), 30): Object 'Object Repository/RAD_Pages/AddressAndContactInfo_Page/input_eMailAddress' is present

2021-10-21 23:47:42 - [MESSAGE][PASSED] - Object 'Object Repository/RAD_Pages/AddressAndContactInfo_Page/input_eMailAddress' is present

2021-10-21 23:47:42 - [TEST_STEP][PASSED] - verifyElementPresent(findTestObject(orPath_AddressContact + "/input_reEnterEMailAddress"), 30): Object 'Object Repository/RAD_Pages/AddressAndContactInfo_Page/input_reEnterEMailAddress' is present

2021-10-21 23:47:42 - [MESSAGE][PASSED] - Object 'Object Repository/RAD_Pages/AddressAndContactInfo_Page/input_reEnterEMailAddress' is present

2021-10-21 23:47:42 - [TEST_STEP][PASSED] - verifyOptionsPresent(findTestObject(orPath_AddressContact + "/select_Country"), ["United States"]): Options [United States] present.

2021-10-21 23:47:43 - [MESSAGE][PASSED] - Options [United States] present.

2021-10-21 23:47:43 - [TEST_STEP][PASSED] - verifyOptionsPresent(findTestObject(orPath_AddressContact + "/select_State"), ["Alabama", "District of Columbia", "Maryland", "Virginia", "Wyoming"]): Options [Alabama, District of Columbia, Maryland, Virginia, Wyoming] present.

2021-10-21 23:47:44 - [MESSAGE][PASSED] - Options [Alabama, District of Columbia, Maryland, Virginia, Wyoming] present.

2021-10-21 23:47:44 - [TEST_STEP][PASSED] - totalOptionsState = getNumberOfTotalOption(findTestObject(orPath_AddressContact + "/select_State")): 52 options of object 'Object Repository/RAD_Pages/AddressAndContactInfo_Page/select_State' counted

2021-10-21 23:47:45 - [MESSAGE][PASSED] - 52 options of object 'Object Repository/RAD_Pages/AddressAndContactInfo_Page/select_State' counted

2021-10-21 23:47:45 - [TEST_STEP][PASSED] - verifyEqual(totalOptionsState, 52): Actual object '52' and expected object '52' are equal

2021-10-21 23:47:45 - [MESSAGE][PASSED] - Actual object '52' and expected object '52' are equal

2021-10-21 23:47:45 - [TEST_STEP][PASSED] - verifyElementPresent(findTestObject(orPath_TaxInfo + "/input_TaxInfo_ExisitingSSN"), 30): Object 'Object Repository/RAD_Pages/TaxInfo_Page/input_TaxInfo_ExisitingSSN' is present

2021-10-21 23:47:45 - [MESSAGE][PASSED] - Object 'Object Repository/RAD_Pages/TaxInfo_Page/input_TaxInfo_ExisitingSSN' is present

2021-10-21 23:47:45 - [TEST_STEP][PASSED] - verifyElementPresent(findTestObject(orPath_TaxInfo + "/input_TaxInfo_reTaxTypeExisitingSSN"), 30): Object 'Object Repository/RAD_Pages/TaxInfo_Page/input_TaxInfo_reTaxTypeExisitingSSN' is present

2021-10-21 23:47:45 - [MESSAGE][PASSED] - Object 'Object Repository/RAD_Pages/TaxInfo_Page/input_TaxInfo_reTaxTypeExisitingSSN' is present

2021-10-21 23:47:45 - [TEST_STEP][PASSED] - verifyElementPresent(findTestObject(orPath_TaxInfo + "/input_FEIN"), 30): Object 'Object Repository/RAD_Pages/TaxInfo_Page/input_FEIN' is present

2021-10-21 23:47:46 - [MESSAGE][PASSED] - Object 'Object Repository/RAD_Pages/TaxInfo_Page/input_FEIN' is present

2021-10-21 23:47:46 - [TEST_STEP][PASSED] - verifyElementPresent(findTestObject(orPath_TaxInfo + "/input_ReTypeFEIN"), 30): Object 'Object Repository/RAD_Pages/TaxInfo_Page/input_ReTypeFEIN' is present

2021-10-21 23:47:46 - [MESSAGE][PASSED] - Object 'Object Repository/RAD_Pages/TaxInfo_Page/input_ReTypeFEIN' is present

2021-10-21 23:47:46 - [TEST_STEP][PASSED] - verifyElementPresent(findTestObject(orPath_TaxInfo + "/input_NoticeInvoiceNumber"), 30): Object 'Object Repository/RAD_Pages/TaxInfo_Page/input_NoticeInvoiceNumber' is present

2021-10-21 23:47:46 - [MESSAGE][PASSED] - Object 'Object Repository/RAD_Pages/TaxInfo_Page/input_NoticeInvoiceNumber' is present

2021-10-21 23:47:46 - [TEST_STEP][PASSED] - verifyElementPresent(findTestObject(orPath_TaxInfo + "/input_reTypeNoticeInvoiceNumber"), 30): Object 'Object Repository/RAD_Pages/TaxInfo_Page/input_reTypeNoticeInvoiceNumber' is present

2021-10-21 23:47:47 - [MESSAGE][PASSED] - Object 'Object Repository/RAD_Pages/TaxInfo_Page/input_reTypeNoticeInvoiceNumber' is present

2021-10-21 23:47:47 - [TEST_STEP][PASSED] - verifyElementPresent(findTestObject(orPath_Amount + "/input__paymentAmount"), 30): Object 'Object Repository/RAD_Pages/PaymentAmount_Page/input__paymentAmount' is present

2021-10-21 23:47:47 - [MESSAGE][PASSED] - Object 'Object Repository/RAD_Pages/PaymentAmount_Page/input__paymentAmount' is present]]></system-out>
         <system-err><![CDATA[]]></system-err>
      </testcase>
      <testcase name="Test Cases/RAD_TestCases/MRF_TestCases/EstimatedTax_MRF_TC" time="14.727" classname="Test Cases/RAD_TestCases/MRF_TestCases/EstimatedTax_MRF_TC" status="FAILED">
         <failure type="FAILED" message="Test Cases/RAD_TestCases/MRF_TestCases/EstimatedTax_MRF_TC FAILED.
Reason:
com.kms.katalon.core.exception.StepFailedException: Unable to click on object 'Object Repository/RAD_Pages/Landing_Page/button_Continue' (Root cause: com.kms.katalon.core.exception.StepFailedException: Unable to click on object 'Object Repository/RAD_Pages/Landing_Page/button_Continue'
	at com.kms.katalon.core.webui.keyword.internal.WebUIKeywordMain.stepFailed(WebUIKeywordMain.groovy:64)
	at com.kms.katalon.core.webui.keyword.internal.WebUIKeywordMain.runKeyword(WebUIKeywordMain.groovy:26)
	at com.kms.katalon.core.webui.keyword.builtin.ClickKeyword.click(ClickKeyword.groovy:75)
	at com.kms.katalon.core.webui.keyword.builtin.ClickKeyword.execute(ClickKeyword.groovy:42)
	at com.kms.katalon.core.keyword.internal.KeywordExecutor.executeKeywordForPlatform(KeywordExecutor.groovy:73)
	at com.kms.katalon.core.webui.keyword.WebUiBuiltInKeywords.click(WebUiBuiltInKeywords.groovy:620)
	at com.kms.katalon.core.webui.keyword.WebUiBuiltInKeywords$click$10.call(Unknown Source)
	at EstimatedTax_MRF_TC.run(EstimatedTax_MRF_TC:100)
	at com.kms.katalon.core.main.ScriptEngine.run(ScriptEngine.java:194)
	at com.kms.katalon.core.main.ScriptEngine.runScriptAsRawText(ScriptEngine.java:119)
	at com.kms.katalon.core.main.TestCaseExecutor.runScript(TestCaseExecutor.java:369)
	at com.kms.katalon.core.main.TestCaseExecutor.doExecute(TestCaseExecutor.java:360)
	at com.kms.katalon.core.main.TestCaseExecutor.processExecutionPhase(TestCaseExecutor.java:339)
	at com.kms.katalon.core.main.TestCaseExecutor.accessMainPhase(TestCaseExecutor.java:331)
	at com.kms.katalon.core.main.TestCaseExecutor.execute(TestCaseExecutor.java:248)
	at com.kms.katalon.core.main.TestSuiteExecutor.accessTestCaseMainPhase(TestSuiteExecutor.java:191)
	at com.kms.katalon.core.main.TestSuiteExecutor.accessTestSuiteMainPhase(TestSuiteExecutor.java:140)
	at com.kms.katalon.core.main.TestSuiteExecutor.execute(TestSuiteExecutor.java:89)
	at com.kms.katalon.core.main.TestCaseMain.startTestSuite(TestCaseMain.java:185)
	at com.kms.katalon.core.main.TestCaseMain$startTestSuite$0.call(Unknown Source)
	at TempTestSuite1634874291072.run(TempTestSuite1634874291072.groovy:39)
Caused by: org.openqa.selenium.ElementClickInterceptedException: element click intercepted: Element &lt;button class=&quot;btn btn-primary float-end w-auto disablecontinue&quot; disabled=&quot;&quot;>...&lt;/button> is not clickable at point (1077, 905). Other element would receive the click: &lt;div class=&quot;w-100 mt-auto pt-3&quot;>...&lt;/div>
  (Session info: chrome=95.0.4638.54)
Build info: version: '3.141.59', revision: 'e82be7d358', time: '2018-11-14T08:25:53'
System info: host: 'DESKTOP-B2QI6NS', ip: '172.30.2.167', os.name: 'Windows 10', os.arch: 'amd64', os.version: '10.0', java.version: '1.8.0_181'
Driver info: com.kms.katalon.core.webui.driver.ExistingRemoteWebDriver
Capabilities {javascriptEnabled: true, platform: ANY, platformName: ANY}
Session ID: a98d1b37a7782fa34c6e787ca58aacdc
	at org.openqa.selenium.remote.http.W3CHttpResponseCodec.createException(W3CHttpResponseCodec.java:187)
	at org.openqa.selenium.remote.http.W3CHttpResponseCodec.decode(W3CHttpResponseCodec.java:122)
	at org.openqa.selenium.remote.http.W3CHttpResponseCodec.decode(W3CHttpResponseCodec.java:49)
	at org.openqa.selenium.remote.HttpCommandExecutor.execute(HttpCommandExecutor.java:158)
	at org.openqa.selenium.remote.RemoteWebDriver.execute(RemoteWebDriver.java:552)
	at com.kms.katalon.core.webui.driver.ExistingRemoteWebDriver.execute(ExistingRemoteWebDriver.java:108)
	at org.openqa.selenium.remote.RemoteWebElement.execute(RemoteWebElement.java:285)
	at org.openqa.selenium.remote.RemoteWebElement.click(RemoteWebElement.java:84)
	at org.openqa.selenium.support.events.EventFiringWebDriver$EventFiringWebElement.lambda$new$0(EventFiringWebDriver.java:404)
	at com.sun.proxy.$Proxy11.click(Unknown Source)
	at org.openqa.selenium.support.events.EventFiringWebDriver$EventFiringWebElement.click(EventFiringWebDriver.java:417)
	at com.kms.katalon.core.webui.keyword.builtin.ClickKeyword$_click_closure1.doCall(ClickKeyword.groovy:68)
	at com.kms.katalon.core.webui.keyword.builtin.ClickKeyword$_click_closure1.call(ClickKeyword.groovy)
	at com.kms.katalon.core.webui.keyword.internal.WebUIKeywordMain.runKeyword(WebUIKeywordMain.groovy:20)
	at com.kms.katalon.core.webui.keyword.builtin.ClickKeyword.click(ClickKeyword.groovy:75)
	at com.kms.katalon.core.webui.keyword.builtin.ClickKeyword.execute(ClickKeyword.groovy:42)
	at com.kms.katalon.core.keyword.internal.KeywordExecutor.executeKeywordForPlatform(KeywordExecutor.groovy:73)
	at com.kms.katalon.core.webui.keyword.WebUiBuiltInKeywords.click(WebUiBuiltInKeywords.groovy:620)
	at com.kms.katalon.core.webui.keyword.WebUiBuiltInKeywords$click$10.call(Unknown Source)
	at Script1634596423746.run(Script1634596423746.groovy:100)
	... 13 more
)
	at com.kms.katalon.core.keyword.internal.KeywordMain.stepFailed(KeywordMain.groovy:39)
	at com.kms.katalon.core.webui.keyword.internal.WebUIKeywordMain.stepFailed(WebUIKeywordMain.groovy:64)
	at com.kms.katalon.core.webui.keyword.internal.WebUIKeywordMain.runKeyword(WebUIKeywordMain.groovy:26)
	at com.kms.katalon.core.webui.keyword.builtin.ClickKeyword.click(ClickKeyword.groovy:75)
	at com.kms.katalon.core.webui.keyword.builtin.ClickKeyword.execute(ClickKeyword.groovy:42)
	at com.kms.katalon.core.keyword.internal.KeywordExecutor.executeKeywordForPlatform(KeywordExecutor.groovy:73)
	at com.kms.katalon.core.webui.keyword.WebUiBuiltInKeywords.click(WebUiBuiltInKeywords.groovy:620)
	at com.kms.katalon.core.webui.keyword.WebUiBuiltInKeywords$click$10.call(Unknown Source)
	at EstimatedTax_MRF_TC.run(EstimatedTax_MRF_TC:100)
	at com.kms.katalon.core.main.ScriptEngine.run(ScriptEngine.java:194)
	at com.kms.katalon.core.main.ScriptEngine.runScriptAsRawText(ScriptEngine.java:119)
	at com.kms.katalon.core.main.TestCaseExecutor.runScript(TestCaseExecutor.java:369)
	at com.kms.katalon.core.main.TestCaseExecutor.doExecute(TestCaseExecutor.java:360)
	at com.kms.katalon.core.main.TestCaseExecutor.processExecutionPhase(TestCaseExecutor.java:339)
	at com.kms.katalon.core.main.TestCaseExecutor.accessMainPhase(TestCaseExecutor.java:331)
	at com.kms.katalon.core.main.TestCaseExecutor.execute(TestCaseExecutor.java:248)
	at com.kms.katalon.core.main.TestSuiteExecutor.accessTestCaseMainPhase(TestSuiteExecutor.java:191)
	at com.kms.katalon.core.main.TestSuiteExecutor.accessTestSuiteMainPhase(TestSuiteExecutor.java:140)
	at com.kms.katalon.core.main.TestSuiteExecutor.execute(TestSuiteExecutor.java:89)
	at com.kms.katalon.core.main.TestCaseMain.startTestSuite(TestCaseMain.java:185)
	at com.kms.katalon.core.main.TestCaseMain$startTestSuite$0.call(Unknown Source)
	at TempTestSuite1634874291072.run(TempTestSuite1634874291072.groovy:39)
Caused by: com.kms.katalon.core.exception.StepFailedException: Unable to click on object 'Object Repository/RAD_Pages/Landing_Page/button_Continue'
	... 21 more
Caused by: org.openqa.selenium.ElementClickInterceptedException: element click intercepted: Element &lt;button class=&quot;btn btn-primary float-end w-auto disablecontinue&quot; disabled=&quot;&quot;>...&lt;/button> is not clickable at point (1077, 905). Other element would receive the click: &lt;div class=&quot;w-100 mt-auto pt-3&quot;>...&lt;/div>
  (Session info: chrome=95.0.4638.54)
Build info: version: '3.141.59', revision: 'e82be7d358', time: '2018-11-14T08:25:53'
System info: host: 'DESKTOP-B2QI6NS', ip: '172.30.2.167', os.name: 'Windows 10', os.arch: 'amd64', os.version: '10.0', java.version: '1.8.0_181'
Driver info: com.kms.katalon.core.webui.driver.ExistingRemoteWebDriver
Capabilities {javascriptEnabled: true, platform: ANY, platformName: ANY}
Session ID: a98d1b37a7782fa34c6e787ca58aacdc
	at org.openqa.selenium.remote.http.W3CHttpResponseCodec.createException(W3CHttpResponseCodec.java:187)
	at org.openqa.selenium.remote.http.W3CHttpResponseCodec.decode(W3CHttpResponseCodec.java:122)
	at org.openqa.selenium.remote.http.W3CHttpResponseCodec.decode(W3CHttpResponseCodec.java:49)
	at org.openqa.selenium.remote.HttpCommandExecutor.execute(HttpCommandExecutor.java:158)
	at org.openqa.selenium.remote.RemoteWebDriver.execute(RemoteWebDriver.java:552)
	at com.kms.katalon.core.webui.driver.ExistingRemoteWebDriver.execute(ExistingRemoteWebDriver.java:108)
	at org.openqa.selenium.remote.RemoteWebElement.execute(RemoteWebElement.java:285)
	at org.openqa.selenium.remote.RemoteWebElement.click(RemoteWebElement.java:84)
	at org.openqa.selenium.support.events.EventFiringWebDriver$EventFiringWebElement.lambda$new$0(EventFiringWebDriver.java:404)
	at com.sun.proxy.$Proxy11.click(Unknown Source)
	at org.openqa.selenium.support.events.EventFiringWebDriver$EventFiringWebElement.click(EventFiringWebDriver.java:417)
	at com.kms.katalon.core.webui.keyword.builtin.ClickKeyword$_click_closure1.doCall(ClickKeyword.groovy:68)
	at com.kms.katalon.core.webui.keyword.builtin.ClickKeyword$_click_closure1.call(ClickKeyword.groovy)
	at com.kms.katalon.core.webui.keyword.internal.WebUIKeywordMain.runKeyword(WebUIKeywordMain.groovy:20)
	... 19 more
"/>
         <system-out><![CDATA[2021-10-21 23:47:47 - [TEST_CASE][FAILED] - Test Cases/RAD_TestCases/MRF_TestCases/EstimatedTax_MRF_TC: Test Cases/RAD_TestCases/MRF_TestCases/EstimatedTax_MRF_TC FAILED.
Reason:
com.kms.katalon.core.exception.StepFailedException: Unable to click on object 'Object Repository/RAD_Pages/Landing_Page/button_Continue' (Root cause: com.kms.katalon.core.exception.StepFailedException: Unable to click on object 'Object Repository/RAD_Pages/Landing_Page/button_Continue'
	at com.kms.katalon.core.webui.keyword.internal.WebUIKeywordMain.stepFailed(WebUIKeywordMain.groovy:64)
	at com.kms.katalon.core.webui.keyword.internal.WebUIKeywordMain.runKeyword(WebUIKeywordMain.groovy:26)
	at com.kms.katalon.core.webui.keyword.builtin.ClickKeyword.click(ClickKeyword.groovy:75)
	at com.kms.katalon.core.webui.keyword.builtin.ClickKeyword.execute(ClickKeyword.groovy:42)
	at com.kms.katalon.core.keyword.internal.KeywordExecutor.executeKeywordForPlatform(KeywordExecutor.groovy:73)
	at com.kms.katalon.core.webui.keyword.WebUiBuiltInKeywords.click(WebUiBuiltInKeywords.groovy:620)
	at com.kms.katalon.core.webui.keyword.WebUiBuiltInKeywords$click$10.call(Unknown Source)
	at EstimatedTax_MRF_TC.run(EstimatedTax_MRF_TC:100)
	at com.kms.katalon.core.main.ScriptEngine.run(ScriptEngine.java:194)
	at com.kms.katalon.core.main.ScriptEngine.runScriptAsRawText(ScriptEngine.java:119)
	at com.kms.katalon.core.main.TestCaseExecutor.runScript(TestCaseExecutor.java:369)
	at com.kms.katalon.core.main.TestCaseExecutor.doExecute(TestCaseExecutor.java:360)
	at com.kms.katalon.core.main.TestCaseExecutor.processExecutionPhase(TestCaseExecutor.java:339)
	at com.kms.katalon.core.main.TestCaseExecutor.accessMainPhase(TestCaseExecutor.java:331)
	at com.kms.katalon.core.main.TestCaseExecutor.execute(TestCaseExecutor.java:248)
	at com.kms.katalon.core.main.TestSuiteExecutor.accessTestCaseMainPhase(TestSuiteExecutor.java:191)
	at com.kms.katalon.core.main.TestSuiteExecutor.accessTestSuiteMainPhase(TestSuiteExecutor.java:140)
	at com.kms.katalon.core.main.TestSuiteExecutor.execute(TestSuiteExecutor.java:89)
	at com.kms.katalon.core.main.TestCaseMain.startTestSuite(TestCaseMain.java:185)
	at com.kms.katalon.core.main.TestCaseMain$startTestSuite$0.call(Unknown Source)
	at TempTestSuite1634874291072.run(TempTestSuite1634874291072.groovy:39)
Caused by: org.openqa.selenium.ElementClickInterceptedException: element click intercepted: Element <button class="btn btn-primary float-end w-auto disablecontinue" disabled="">...</button> is not clickable at point (1077, 905). Other element would receive the click: <div class="w-100 mt-auto pt-3">...</div>
  (Session info: chrome=95.0.4638.54)
Build info: version: '3.141.59', revision: 'e82be7d358', time: '2018-11-14T08:25:53'
System info: host: 'DESKTOP-B2QI6NS', ip: '172.30.2.167', os.name: 'Windows 10', os.arch: 'amd64', os.version: '10.0', java.version: '1.8.0_181'
Driver info: com.kms.katalon.core.webui.driver.ExistingRemoteWebDriver
Capabilities {javascriptEnabled: true, platform: ANY, platformName: ANY}
Session ID: a98d1b37a7782fa34c6e787ca58aacdc
	at org.openqa.selenium.remote.http.W3CHttpResponseCodec.createException(W3CHttpResponseCodec.java:187)
	at org.openqa.selenium.remote.http.W3CHttpResponseCodec.decode(W3CHttpResponseCodec.java:122)
	at org.openqa.selenium.remote.http.W3CHttpResponseCodec.decode(W3CHttpResponseCodec.java:49)
	at org.openqa.selenium.remote.HttpCommandExecutor.execute(HttpCommandExecutor.java:158)
	at org.openqa.selenium.remote.RemoteWebDriver.execute(RemoteWebDriver.java:552)
	at com.kms.katalon.core.webui.driver.ExistingRemoteWebDriver.execute(ExistingRemoteWebDriver.java:108)
	at org.openqa.selenium.remote.RemoteWebElement.execute(RemoteWebElement.java:285)
	at org.openqa.selenium.remote.RemoteWebElement.click(RemoteWebElement.java:84)
	at org.openqa.selenium.support.events.EventFiringWebDriver$EventFiringWebElement.lambda$new$0(EventFiringWebDriver.java:404)
	at com.sun.proxy.$Proxy11.click(Unknown Source)
	at org.openqa.selenium.support.events.EventFiringWebDriver$EventFiringWebElement.click(EventFiringWebDriver.java:417)
	at com.kms.katalon.core.webui.keyword.builtin.ClickKeyword$_click_closure1.doCall(ClickKeyword.groovy:68)
	at com.kms.katalon.core.webui.keyword.builtin.ClickKeyword$_click_closure1.call(ClickKeyword.groovy)
	at com.kms.katalon.core.webui.keyword.internal.WebUIKeywordMain.runKeyword(WebUIKeywordMain.groovy:20)
	at com.kms.katalon.core.webui.keyword.builtin.ClickKeyword.click(ClickKeyword.groovy:75)
	at com.kms.katalon.core.webui.keyword.builtin.ClickKeyword.execute(ClickKeyword.groovy:42)
	at com.kms.katalon.core.keyword.internal.KeywordExecutor.executeKeywordForPlatform(KeywordExecutor.groovy:73)
	at com.kms.katalon.core.webui.keyword.WebUiBuiltInKeywords.click(WebUiBuiltInKeywords.groovy:620)
	at com.kms.katalon.core.webui.keyword.WebUiBuiltInKeywords$click$10.call(Unknown Source)
	at Script1634596423746.run(Script1634596423746.groovy:100)
	... 13 more
)
	at com.kms.katalon.core.keyword.internal.KeywordMain.stepFailed(KeywordMain.groovy:39)
	at com.kms.katalon.core.webui.keyword.internal.WebUIKeywordMain.stepFailed(WebUIKeywordMain.groovy:64)
	at com.kms.katalon.core.webui.keyword.internal.WebUIKeywordMain.runKeyword(WebUIKeywordMain.groovy:26)
	at com.kms.katalon.core.webui.keyword.builtin.ClickKeyword.click(ClickKeyword.groovy:75)
	at com.kms.katalon.core.webui.keyword.builtin.ClickKeyword.execute(ClickKeyword.groovy:42)
	at com.kms.katalon.core.keyword.internal.KeywordExecutor.executeKeywordForPlatform(KeywordExecutor.groovy:73)
	at com.kms.katalon.core.webui.keyword.WebUiBuiltInKeywords.click(WebUiBuiltInKeywords.groovy:620)
	at com.kms.katalon.core.webui.keyword.WebUiBuiltInKeywords$click$10.call(Unknown Source)
	at EstimatedTax_MRF_TC.run(EstimatedTax_MRF_TC:100)
	at com.kms.katalon.core.main.ScriptEngine.run(ScriptEngine.java:194)
	at com.kms.katalon.core.main.ScriptEngine.runScriptAsRawText(ScriptEngine.java:119)
	at com.kms.katalon.core.main.TestCaseExecutor.runScript(TestCaseExecutor.java:369)
	at com.kms.katalon.core.main.TestCaseExecutor.doExecute(TestCaseExecutor.java:360)
	at com.kms.katalon.core.main.TestCaseExecutor.processExecutionPhase(TestCaseExecutor.java:339)
	at com.kms.katalon.core.main.TestCaseExecutor.accessMainPhase(TestCaseExecutor.java:331)
	at com.kms.katalon.core.main.TestCaseExecutor.execute(TestCaseExecutor.java:248)
	at com.kms.katalon.core.main.TestSuiteExecutor.accessTestCaseMainPhase(TestSuiteExecutor.java:191)
	at com.kms.katalon.core.main.TestSuiteExecutor.accessTestSuiteMainPhase(TestSuiteExecutor.java:140)
	at com.kms.katalon.core.main.TestSuiteExecutor.execute(TestSuiteExecutor.java:89)
	at com.kms.katalon.core.main.TestCaseMain.startTestSuite(TestCaseMain.java:185)
	at com.kms.katalon.core.main.TestCaseMain$startTestSuite$0.call(Unknown Source)
	at TempTestSuite1634874291072.run(TempTestSuite1634874291072.groovy:39)
Caused by: com.kms.katalon.core.exception.StepFailedException: Unable to click on object 'Object Repository/RAD_Pages/Landing_Page/button_Continue'
	... 21 more
Caused by: org.openqa.selenium.ElementClickInterceptedException: element click intercepted: Element <button class="btn btn-primary float-end w-auto disablecontinue" disabled="">...</button> is not clickable at point (1077, 905). Other element would receive the click: <div class="w-100 mt-auto pt-3">...</div>
  (Session info: chrome=95.0.4638.54)
Build info: version: '3.141.59', revision: 'e82be7d358', time: '2018-11-14T08:25:53'
System info: host: 'DESKTOP-B2QI6NS', ip: '172.30.2.167', os.name: 'Windows 10', os.arch: 'amd64', os.version: '10.0', java.version: '1.8.0_181'
Driver info: com.kms.katalon.core.webui.driver.ExistingRemoteWebDriver
Capabilities {javascriptEnabled: true, platform: ANY, platformName: ANY}
Session ID: a98d1b37a7782fa34c6e787ca58aacdc
	at org.openqa.selenium.remote.http.W3CHttpResponseCodec.createException(W3CHttpResponseCodec.java:187)
	at org.openqa.selenium.remote.http.W3CHttpResponseCodec.decode(W3CHttpResponseCodec.java:122)
	at org.openqa.selenium.remote.http.W3CHttpResponseCodec.decode(W3CHttpResponseCodec.java:49)
	at org.openqa.selenium.remote.HttpCommandExecutor.execute(HttpCommandExecutor.java:158)
	at org.openqa.selenium.remote.RemoteWebDriver.execute(RemoteWebDriver.java:552)
	at com.kms.katalon.core.webui.driver.ExistingRemoteWebDriver.execute(ExistingRemoteWebDriver.java:108)
	at org.openqa.selenium.remote.RemoteWebElement.execute(RemoteWebElement.java:285)
	at org.openqa.selenium.remote.RemoteWebElement.click(RemoteWebElement.java:84)
	at org.openqa.selenium.support.events.EventFiringWebDriver$EventFiringWebElement.lambda$new$0(EventFiringWebDriver.java:404)
	at com.sun.proxy.$Proxy11.click(Unknown Source)
	at org.openqa.selenium.support.events.EventFiringWebDriver$EventFiringWebElement.click(EventFiringWebDriver.java:417)
	at com.kms.katalon.core.webui.keyword.builtin.ClickKeyword$_click_closure1.doCall(ClickKeyword.groovy:68)
	at com.kms.katalon.core.webui.keyword.builtin.ClickKeyword$_click_closure1.call(ClickKeyword.groovy)
	at com.kms.katalon.core.webui.keyword.internal.WebUIKeywordMain.runKeyword(WebUIKeywordMain.groovy:20)
	... 19 more


2021-10-21 23:47:47 - [TEST_STEP][PASSED] - openBrowser(""): Browser is opened with url: ''

2021-10-21 23:47:48 - [MESSAGE][PASSED] - Browser is opened with url: ''

2021-10-21 23:47:48 - [TEST_STEP][PASSED] - maximizeWindow(): Current window maximized

2021-10-21 23:47:48 - [MESSAGE][PASSED] - Current window maximized

2021-10-21 23:47:48 - [TEST_STEP][PASSED] - navigateToUrl(RADurl): Navigate to 'https://qa.velocitypayment.com/client/rad/index.html' successfully

2021-10-21 23:47:48 - [MESSAGE][PASSED] - Navigate to 'https://qa.velocitypayment.com/client/rad/index.html' successfully

2021-10-21 23:47:48 - [TEST_STEP][PASSED] - orPath_Landing = "Object Repository/RAD_Pages/Landing_Page": null

2021-10-21 23:47:48 - [TEST_STEP][PASSED] - orPath_Amount = "Object Repository/RAD_Pages/PaymentAmount_Page": null

2021-10-21 23:47:48 - [TEST_STEP][PASSED] - orPath_FilingStatus = "Object Repository/RAD_Pages/FilingStatus_Page": null

2021-10-21 23:47:48 - [TEST_STEP][PASSED] - orPath_TaxPayer = "Object Repository/RAD_Pages/Taxpayer_Page": null

2021-10-21 23:47:48 - [TEST_STEP][PASSED] - selectOptionByLabel(findTestObject(orPath_Landing + "/dd_TaxType"), "Estimated Tax", false): All options with label 'Estimated Tax' are selected in object 'Object Repository/RAD_Pages/Landing_Page/dd_TaxType' 

2021-10-21 23:47:49 - [MESSAGE][PASSED] - All options with label 'Estimated Tax' are selected in object 'Object Repository/RAD_Pages/Landing_Page/dd_TaxType' 

2021-10-21 23:47:49 - [TEST_STEP][PASSED] - setText(findTestObject("RAD_RecordAndPlay/input_concatSSN"), "123-44-1234"): Text '123-44-1234' is set on object 'Object Repository/RAD_RecordAndPlay/input_concatSSN'

2021-10-21 23:47:50 - [MESSAGE][PASSED] - Text '123-44-1234' is set on object 'Object Repository/RAD_RecordAndPlay/input_concatSSN'

2021-10-21 23:47:50 - [TEST_STEP][PASSED] - setText(findTestObject("RAD_RecordAndPlay/input_concatReSSN"), "123-44-1234"): Text '123-44-1234' is set on object 'Object Repository/RAD_RecordAndPlay/input_concatReSSN'

2021-10-21 23:47:50 - [MESSAGE][PASSED] - Text '123-44-1234' is set on object 'Object Repository/RAD_RecordAndPlay/input_concatReSSN'

2021-10-21 23:47:50 - [TEST_STEP][PASSED] - setText(findTestObject(orPath_TaxPayer + "/input_lastName"), "Anderson"): Text 'Anderson' is set on object 'Object Repository/RAD_Pages/Taxpayer_Page/input_lastName'

2021-10-21 23:47:51 - [MESSAGE][PASSED] - Text 'Anderson' is set on object 'Object Repository/RAD_Pages/Taxpayer_Page/input_lastName'

2021-10-21 23:47:51 - [TEST_STEP][PASSED] - scrollToElement(findTestObject(orPath_Landing + "/button_Continue"), 3): Scroll to object 'Object Repository/RAD_Pages/Landing_Page/button_Continue' successfully

2021-10-21 23:47:52 - [MESSAGE][PASSED] - Scroll to object 'Object Repository/RAD_Pages/Landing_Page/button_Continue' successfully

2021-10-21 23:47:52 - [TEST_STEP][PASSED] - waitForElementClickable(findTestObject(orPath_Landing + "/button_Continue"), 5): Object 'Object Repository/RAD_Pages/Landing_Page/button_Continue' is clickable

2021-10-21 23:47:52 - [MESSAGE][PASSED] - Object 'Object Repository/RAD_Pages/Landing_Page/button_Continue' is clickable

2021-10-21 23:47:52 - [TEST_STEP][PASSED] - click(findTestObject(orPath_Landing + "/button_Continue")): Object: 'Object Repository/RAD_Pages/Landing_Page/button_Continue' is clicked on

2021-10-21 23:47:53 - [MESSAGE][PASSED] - Object: 'Object Repository/RAD_Pages/Landing_Page/button_Continue' is clicked on

2021-10-21 23:47:53 - [TEST_STEP][PASSED] - verifyTextPresent("Select a payment type", true): Text 'Select a payment type' is present on page  using regular expression

2021-10-21 23:47:53 - [MESSAGE][PASSED] - Text 'Select a payment type' is present on page  using regular expression

2021-10-21 23:47:53 - [TEST_STEP][PASSED] - verifyTextPresent("Select a filing year", true): Text 'Select a filing year' is present on page  using regular expression

2021-10-21 23:47:54 - [MESSAGE][PASSED] - Text 'Select a filing year' is present on page  using regular expression

2021-10-21 23:47:54 - [TEST_STEP][PASSED] - verifyTextPresent("Enter first name", true): Text 'Enter first name' is present on page  using regular expression

2021-10-21 23:47:54 - [MESSAGE][PASSED] - Text 'Enter first name' is present on page  using regular expression

2021-10-21 23:47:54 - [TEST_STEP][PASSED] - verifyTextPresent("Enter address", true): Text 'Enter address' is present on page  using regular expression

2021-10-21 23:47:54 - [MESSAGE][PASSED] - Text 'Enter address' is present on page  using regular expression

2021-10-21 23:47:54 - [TEST_STEP][PASSED] - verifyTextPresent("Enter city", true): Text 'Enter city' is present on page  using regular expression

2021-10-21 23:47:55 - [MESSAGE][PASSED] - Text 'Enter city' is present on page  using regular expression

2021-10-21 23:47:55 - [TEST_STEP][PASSED] - verifyTextPresent("Select a state", true): Text 'Select a state' is present on page  using regular expression

2021-10-21 23:47:55 - [MESSAGE][PASSED] - Text 'Select a state' is present on page  using regular expression

2021-10-21 23:47:55 - [TEST_STEP][PASSED] - verifyTextPresent("Enter ZIP code", true): Text 'Enter ZIP code' is present on page  using regular expression

2021-10-21 23:47:55 - [MESSAGE][PASSED] - Text 'Enter ZIP code' is present on page  using regular expression

2021-10-21 23:47:55 - [TEST_STEP][PASSED] - verifyTextPresent("Enter a phone number", true): Text 'Enter a phone number' is present on page  using regular expression

2021-10-21 23:47:56 - [MESSAGE][PASSED] - Text 'Enter a phone number' is present on page  using regular expression

2021-10-21 23:47:56 - [TEST_STEP][PASSED] - verifyTextPresent("Enter Email", true): Text 'Enter Email' is present on page  using regular expression

2021-10-21 23:47:56 - [MESSAGE][PASSED] - Text 'Enter Email' is present on page  using regular expression

2021-10-21 23:47:56 - [TEST_STEP][PASSED] - verifyTextPresent("The Email and Re-enter email do not match", true): Text 'The Email and Re-enter email do not match' is present on page  using regular expression

2021-10-21 23:47:57 - [MESSAGE][PASSED] - Text 'The Email and Re-enter email do not match' is present on page  using regular expression

2021-10-21 23:47:57 - [TEST_STEP][PASSED] - verifyTextPresent("Payment amount must be greater than zero and less than 10,000,000", true): Text 'Payment amount must be greater than zero and less than 10,000,000' is present on page  using regular expression

2021-10-21 23:47:57 - [MESSAGE][PASSED] - Text 'Payment amount must be greater than zero and less than 10,000,000' is present on page  using regular expression

2021-10-21 23:47:57 - [TEST_STEP][PASSED] - scrollToElement(findTestObject(orPath_Amount + "/input__paymentAmount"), 3): Scroll to object 'Object Repository/RAD_Pages/PaymentAmount_Page/input__paymentAmount' successfully

2021-10-21 23:47:57 - [MESSAGE][PASSED] - Scroll to object 'Object Repository/RAD_Pages/PaymentAmount_Page/input__paymentAmount' successfully

2021-10-21 23:47:57 - [TEST_STEP][PASSED] - waitForElementClickable(findTestObject(orPath_FilingStatus + "/input_userType_Joint"), 5): Object 'Object Repository/RAD_Pages/FilingStatus_Page/input_userType_Joint' is clickable

2021-10-21 23:47:58 - [MESSAGE][PASSED] - Object 'Object Repository/RAD_Pages/FilingStatus_Page/input_userType_Joint' is clickable

2021-10-21 23:47:58 - [TEST_STEP][PASSED] - click(findTestObject(orPath_FilingStatus + "/input_userType_Joint")): Object: 'Object Repository/RAD_Pages/FilingStatus_Page/input_userType_Joint' is clicked on

2021-10-21 23:47:58 - [MESSAGE][PASSED] - Object: 'Object Repository/RAD_Pages/FilingStatus_Page/input_userType_Joint' is clicked on

2021-10-21 23:47:58 - [TEST_STEP][FAILED] - click(findTestObject(orPath_Landing + "/button_Continue")): Unable to click on object 'Object Repository/RAD_Pages/Landing_Page/button_Continue' (Root cause: com.kms.katalon.core.exception.StepFailedException: Unable to click on object 'Object Repository/RAD_Pages/Landing_Page/button_Continue'
	at com.kms.katalon.core.webui.keyword.internal.WebUIKeywordMain.stepFailed(WebUIKeywordMain.groovy:64)
	at com.kms.katalon.core.webui.keyword.internal.WebUIKeywordMain.runKeyword(WebUIKeywordMain.groovy:26)
	at com.kms.katalon.core.webui.keyword.builtin.ClickKeyword.click(ClickKeyword.groovy:75)
	at com.kms.katalon.core.webui.keyword.builtin.ClickKeyword.execute(ClickKeyword.groovy:42)
	at com.kms.katalon.core.keyword.internal.KeywordExecutor.executeKeywordForPlatform(KeywordExecutor.groovy:73)
	at com.kms.katalon.core.webui.keyword.WebUiBuiltInKeywords.click(WebUiBuiltInKeywords.groovy:620)
	at com.kms.katalon.core.webui.keyword.WebUiBuiltInKeywords$click$10.call(Unknown Source)
	at EstimatedTax_MRF_TC.run(EstimatedTax_MRF_TC:100)
	at com.kms.katalon.core.main.ScriptEngine.run(ScriptEngine.java:194)
	at com.kms.katalon.core.main.ScriptEngine.runScriptAsRawText(ScriptEngine.java:119)
	at com.kms.katalon.core.main.TestCaseExecutor.runScript(TestCaseExecutor.java:369)
	at com.kms.katalon.core.main.TestCaseExecutor.doExecute(TestCaseExecutor.java:360)
	at com.kms.katalon.core.main.TestCaseExecutor.processExecutionPhase(TestCaseExecutor.java:339)
	at com.kms.katalon.core.main.TestCaseExecutor.accessMainPhase(TestCaseExecutor.java:331)
	at com.kms.katalon.core.main.TestCaseExecutor.execute(TestCaseExecutor.java:248)
	at com.kms.katalon.core.main.TestSuiteExecutor.accessTestCaseMainPhase(TestSuiteExecutor.java:191)
	at com.kms.katalon.core.main.TestSuiteExecutor.accessTestSuiteMainPhase(TestSuiteExecutor.java:140)
	at com.kms.katalon.core.main.TestSuiteExecutor.execute(TestSuiteExecutor.java:89)
	at com.kms.katalon.core.main.TestCaseMain.startTestSuite(TestCaseMain.java:185)
	at com.kms.katalon.core.main.TestCaseMain$startTestSuite$0.call(Unknown Source)
	at TempTestSuite1634874291072.run(TempTestSuite1634874291072.groovy:39)
Caused by: org.openqa.selenium.ElementClickInterceptedException: element click intercepted: Element <button class="btn btn-primary float-end w-auto disablecontinue" disabled="">...</button> is not clickable at point (1077, 905). Other element would receive the click: <div class="w-100 mt-auto pt-3">...</div>
  (Session info: chrome=95.0.4638.54)
Build info: version: '3.141.59', revision: 'e82be7d358', time: '2018-11-14T08:25:53'
System info: host: 'DESKTOP-B2QI6NS', ip: '172.30.2.167', os.name: 'Windows 10', os.arch: 'amd64', os.version: '10.0', java.version: '1.8.0_181'
Driver info: com.kms.katalon.core.webui.driver.ExistingRemoteWebDriver
Capabilities {javascriptEnabled: true, platform: ANY, platformName: ANY}
Session ID: a98d1b37a7782fa34c6e787ca58aacdc
	at org.openqa.selenium.remote.http.W3CHttpResponseCodec.createException(W3CHttpResponseCodec.java:187)
	at org.openqa.selenium.remote.http.W3CHttpResponseCodec.decode(W3CHttpResponseCodec.java:122)
	at org.openqa.selenium.remote.http.W3CHttpResponseCodec.decode(W3CHttpResponseCodec.java:49)
	at org.openqa.selenium.remote.HttpCommandExecutor.execute(HttpCommandExecutor.java:158)
	at org.openqa.selenium.remote.RemoteWebDriver.execute(RemoteWebDriver.java:552)
	at com.kms.katalon.core.webui.driver.ExistingRemoteWebDriver.execute(ExistingRemoteWebDriver.java:108)
	at org.openqa.selenium.remote.RemoteWebElement.execute(RemoteWebElement.java:285)
	at org.openqa.selenium.remote.RemoteWebElement.click(RemoteWebElement.java:84)
	at org.openqa.selenium.support.events.EventFiringWebDriver$EventFiringWebElement.lambda$new$0(EventFiringWebDriver.java:404)
	at com.sun.proxy.$Proxy11.click(Unknown Source)
	at org.openqa.selenium.support.events.EventFiringWebDriver$EventFiringWebElement.click(EventFiringWebDriver.java:417)
	at com.kms.katalon.core.webui.keyword.builtin.ClickKeyword$_click_closure1.doCall(ClickKeyword.groovy:68)
	at com.kms.katalon.core.webui.keyword.builtin.ClickKeyword$_click_closure1.call(ClickKeyword.groovy)
	at com.kms.katalon.core.webui.keyword.internal.WebUIKeywordMain.runKeyword(WebUIKeywordMain.groovy:20)
	at com.kms.katalon.core.webui.keyword.builtin.ClickKeyword.click(ClickKeyword.groovy:75)
	at com.kms.katalon.core.webui.keyword.builtin.ClickKeyword.execute(ClickKeyword.groovy:42)
	at com.kms.katalon.core.keyword.internal.KeywordExecutor.executeKeywordForPlatform(KeywordExecutor.groovy:73)
	at com.kms.katalon.core.webui.keyword.WebUiBuiltInKeywords.click(WebUiBuiltInKeywords.groovy:620)
	at com.kms.katalon.core.webui.keyword.WebUiBuiltInKeywords$click$10.call(Unknown Source)
	at Script1634596423746.run(Script1634596423746.groovy:100)
	... 13 more
)

2021-10-21 23:48:00 - [MESSAGE][FAILED] - Unable to click on object 'Object Repository/RAD_Pages/Landing_Page/button_Continue' (Root cause: com.kms.katalon.core.exception.StepFailedException: Unable to click on object 'Object Repository/RAD_Pages/Landing_Page/button_Continue'
	at com.kms.katalon.core.webui.keyword.internal.WebUIKeywordMain.stepFailed(WebUIKeywordMain.groovy:64)
	at com.kms.katalon.core.webui.keyword.internal.WebUIKeywordMain.runKeyword(WebUIKeywordMain.groovy:26)
	at com.kms.katalon.core.webui.keyword.builtin.ClickKeyword.click(ClickKeyword.groovy:75)
	at com.kms.katalon.core.webui.keyword.builtin.ClickKeyword.execute(ClickKeyword.groovy:42)
	at com.kms.katalon.core.keyword.internal.KeywordExecutor.executeKeywordForPlatform(KeywordExecutor.groovy:73)
	at com.kms.katalon.core.webui.keyword.WebUiBuiltInKeywords.click(WebUiBuiltInKeywords.groovy:620)
	at com.kms.katalon.core.webui.keyword.WebUiBuiltInKeywords$click$10.call(Unknown Source)
	at EstimatedTax_MRF_TC.run(EstimatedTax_MRF_TC:100)
	at com.kms.katalon.core.main.ScriptEngine.run(ScriptEngine.java:194)
	at com.kms.katalon.core.main.ScriptEngine.runScriptAsRawText(ScriptEngine.java:119)
	at com.kms.katalon.core.main.TestCaseExecutor.runScript(TestCaseExecutor.java:369)
	at com.kms.katalon.core.main.TestCaseExecutor.doExecute(TestCaseExecutor.java:360)
	at com.kms.katalon.core.main.TestCaseExecutor.processExecutionPhase(TestCaseExecutor.java:339)
	at com.kms.katalon.core.main.TestCaseExecutor.accessMainPhase(TestCaseExecutor.java:331)
	at com.kms.katalon.core.main.TestCaseExecutor.execute(TestCaseExecutor.java:248)
	at com.kms.katalon.core.main.TestSuiteExecutor.accessTestCaseMainPhase(TestSuiteExecutor.java:191)
	at com.kms.katalon.core.main.TestSuiteExecutor.accessTestSuiteMainPhase(TestSuiteExecutor.java:140)
	at com.kms.katalon.core.main.TestSuiteExecutor.execute(TestSuiteExecutor.java:89)
	at com.kms.katalon.core.main.TestCaseMain.startTestSuite(TestCaseMain.java:185)
	at com.kms.katalon.core.main.TestCaseMain$startTestSuite$0.call(Unknown Source)
	at TempTestSuite1634874291072.run(TempTestSuite1634874291072.groovy:39)
Caused by: org.openqa.selenium.ElementClickInterceptedException: element click intercepted: Element <button class="btn btn-primary float-end w-auto disablecontinue" disabled="">...</button> is not clickable at point (1077, 905). Other element would receive the click: <div class="w-100 mt-auto pt-3">...</div>
  (Session info: chrome=95.0.4638.54)
Build info: version: '3.141.59', revision: 'e82be7d358', time: '2018-11-14T08:25:53'
System info: host: 'DESKTOP-B2QI6NS', ip: '172.30.2.167', os.name: 'Windows 10', os.arch: 'amd64', os.version: '10.0', java.version: '1.8.0_181'
Driver info: com.kms.katalon.core.webui.driver.ExistingRemoteWebDriver
Capabilities {javascriptEnabled: true, platform: ANY, platformName: ANY}
Session ID: a98d1b37a7782fa34c6e787ca58aacdc
	at org.openqa.selenium.remote.http.W3CHttpResponseCodec.createException(W3CHttpResponseCodec.java:187)
	at org.openqa.selenium.remote.http.W3CHttpResponseCodec.decode(W3CHttpResponseCodec.java:122)
	at org.openqa.selenium.remote.http.W3CHttpResponseCodec.decode(W3CHttpResponseCodec.java:49)
	at org.openqa.selenium.remote.HttpCommandExecutor.execute(HttpCommandExecutor.java:158)
	at org.openqa.selenium.remote.RemoteWebDriver.execute(RemoteWebDriver.java:552)
	at com.kms.katalon.core.webui.driver.ExistingRemoteWebDriver.execute(ExistingRemoteWebDriver.java:108)
	at org.openqa.selenium.remote.RemoteWebElement.execute(RemoteWebElement.java:285)
	at org.openqa.selenium.remote.RemoteWebElement.click(RemoteWebElement.java:84)
	at org.openqa.selenium.support.events.EventFiringWebDriver$EventFiringWebElement.lambda$new$0(EventFiringWebDriver.java:404)
	at com.sun.proxy.$Proxy11.click(Unknown Source)
	at org.openqa.selenium.support.events.EventFiringWebDriver$EventFiringWebElement.click(EventFiringWebDriver.java:417)
	at com.kms.katalon.core.webui.keyword.builtin.ClickKeyword$_click_closure1.doCall(ClickKeyword.groovy:68)
	at com.kms.katalon.core.webui.keyword.builtin.ClickKeyword$_click_closure1.call(ClickKeyword.groovy)
	at com.kms.katalon.core.webui.keyword.internal.WebUIKeywordMain.runKeyword(WebUIKeywordMain.groovy:20)
	at com.kms.katalon.core.webui.keyword.builtin.ClickKeyword.click(ClickKeyword.groovy:75)
	at com.kms.katalon.core.webui.keyword.builtin.ClickKeyword.execute(ClickKeyword.groovy:42)
	at com.kms.katalon.core.keyword.internal.KeywordExecutor.executeKeywordForPlatform(KeywordExecutor.groovy:73)
	at com.kms.katalon.core.webui.keyword.WebUiBuiltInKeywords.click(WebUiBuiltInKeywords.groovy:620)
	at com.kms.katalon.core.webui.keyword.WebUiBuiltInKeywords$click$10.call(Unknown Source)
	at Script1634596423746.run(Script1634596423746.groovy:100)
	... 13 more
)
[[ATTACHMENT|E:\\Cloned-Project-Katalon\\VPS-Katalon\\Reports\\20211021_234451\\RAD_TestSuite\\RAD_UI_TestSuite\\20211021_234451\\1634874480188.png]]

2021-10-21 23:48:00 - [TEST_STEP][FAILED] - verifyTextPresent("Enter joint payer first name", true): Text 'Enter joint payer first name' is not present on page  using regular expression (Root cause: com.kms.katalon.core.exception.StepFailedException: Text 'Enter joint payer first name' is not present on page  using regular expression
	at com.kms.katalon.core.webui.keyword.internal.WebUIKeywordMain.stepFailed(WebUIKeywordMain.groovy:64)
	at com.kms.katalon.core.webui.keyword.builtin.VerifyTextPresentKeyword$_verifyTextPresent_closure1.doCall(VerifyTextPresentKeyword.groovy:79)
	at com.kms.katalon.core.webui.keyword.builtin.VerifyTextPresentKeyword$_verifyTextPresent_closure1.call(VerifyTextPresentKeyword.groovy)
	at com.kms.katalon.core.webui.keyword.internal.WebUIKeywordMain.runKeyword(WebUIKeywordMain.groovy:20)
	at com.kms.katalon.core.webui.keyword.builtin.VerifyTextPresentKeyword.verifyTextPresent(VerifyTextPresentKeyword.groovy:83)
	at com.kms.katalon.core.webui.keyword.builtin.VerifyTextPresentKeyword.execute(VerifyTextPresentKeyword.groovy:68)
	at com.kms.katalon.core.keyword.internal.KeywordExecutor.executeKeywordForPlatform(KeywordExecutor.groovy:73)
	at com.kms.katalon.core.webui.keyword.WebUiBuiltInKeywords.verifyTextPresent(WebUiBuiltInKeywords.groovy:1723)
	at com.kms.katalon.core.webui.keyword.WebUiBuiltInKeywords$verifyTextPresent$3.call(Unknown Source)
	at EstimatedTax_MRF_TC.run(EstimatedTax_MRF_TC:102)
	at com.kms.katalon.core.main.ScriptEngine.run(ScriptEngine.java:194)
	at com.kms.katalon.core.main.ScriptEngine.runScriptAsRawText(ScriptEngine.java:119)
	at com.kms.katalon.core.main.TestCaseExecutor.runScript(TestCaseExecutor.java:369)
	at com.kms.katalon.core.main.TestCaseExecutor.doExecute(TestCaseExecutor.java:360)
	at com.kms.katalon.core.main.TestCaseExecutor.processExecutionPhase(TestCaseExecutor.java:339)
	at com.kms.katalon.core.main.TestCaseExecutor.accessMainPhase(TestCaseExecutor.java:331)
	at com.kms.katalon.core.main.TestCaseExecutor.execute(TestCaseExecutor.java:248)
	at com.kms.katalon.core.main.TestSuiteExecutor.accessTestCaseMainPhase(TestSuiteExecutor.java:191)
	at com.kms.katalon.core.main.TestSuiteExecutor.accessTestSuiteMainPhase(TestSuiteExecutor.java:140)
	at com.kms.katalon.core.main.TestSuiteExecutor.execute(TestSuiteExecutor.java:89)
	at com.kms.katalon.core.main.TestCaseMain.startTestSuite(TestCaseMain.java:185)
	at com.kms.katalon.core.main.TestCaseMain$startTestSuite$0.call(Unknown Source)
	at TempTestSuite1634874291072.run(TempTestSuite1634874291072.groovy:39)
)

2021-10-21 23:48:01 - [MESSAGE][FAILED] - Text 'Enter joint payer first name' is not present on page  using regular expression (Root cause: com.kms.katalon.core.exception.StepFailedException: Text 'Enter joint payer first name' is not present on page  using regular expression
	at com.kms.katalon.core.webui.keyword.internal.WebUIKeywordMain.stepFailed(WebUIKeywordMain.groovy:64)
	at com.kms.katalon.core.webui.keyword.builtin.VerifyTextPresentKeyword$_verifyTextPresent_closure1.doCall(VerifyTextPresentKeyword.groovy:79)
	at com.kms.katalon.core.webui.keyword.builtin.VerifyTextPresentKeyword$_verifyTextPresent_closure1.call(VerifyTextPresentKeyword.groovy)
	at com.kms.katalon.core.webui.keyword.internal.WebUIKeywordMain.runKeyword(WebUIKeywordMain.groovy:20)
	at com.kms.katalon.core.webui.keyword.builtin.VerifyTextPresentKeyword.verifyTextPresent(VerifyTextPresentKeyword.groovy:83)
	at com.kms.katalon.core.webui.keyword.builtin.VerifyTextPresentKeyword.execute(VerifyTextPresentKeyword.groovy:68)
	at com.kms.katalon.core.keyword.internal.KeywordExecutor.executeKeywordForPlatform(KeywordExecutor.groovy:73)
	at com.kms.katalon.core.webui.keyword.WebUiBuiltInKeywords.verifyTextPresent(WebUiBuiltInKeywords.groovy:1723)
	at com.kms.katalon.core.webui.keyword.WebUiBuiltInKeywords$verifyTextPresent$3.call(Unknown Source)
	at EstimatedTax_MRF_TC.run(EstimatedTax_MRF_TC:102)
	at com.kms.katalon.core.main.ScriptEngine.run(ScriptEngine.java:194)
	at com.kms.katalon.core.main.ScriptEngine.runScriptAsRawText(ScriptEngine.java:119)
	at com.kms.katalon.core.main.TestCaseExecutor.runScript(TestCaseExecutor.java:369)
	at com.kms.katalon.core.main.TestCaseExecutor.doExecute(TestCaseExecutor.java:360)
	at com.kms.katalon.core.main.TestCaseExecutor.processExecutionPhase(TestCaseExecutor.java:339)
	at com.kms.katalon.core.main.TestCaseExecutor.accessMainPhase(TestCaseExecutor.java:331)
	at com.kms.katalon.core.main.TestCaseExecutor.execute(TestCaseExecutor.java:248)
	at com.kms.katalon.core.main.TestSuiteExecutor.accessTestCaseMainPhase(TestSuiteExecutor.java:191)
	at com.kms.katalon.core.main.TestSuiteExecutor.accessTestSuiteMainPhase(TestSuiteExecutor.java:140)
	at com.kms.katalon.core.main.TestSuiteExecutor.execute(TestSuiteExecutor.java:89)
	at com.kms.katalon.core.main.TestCaseMain.startTestSuite(TestCaseMain.java:185)
	at com.kms.katalon.core.main.TestCaseMain$startTestSuite$0.call(Unknown Source)
	at TempTestSuite1634874291072.run(TempTestSuite1634874291072.groovy:39)
)

2021-10-21 23:48:01 - [TEST_STEP][FAILED] - verifyTextPresent("Enter joint payer last name", true): Text 'Enter joint payer last name' is not present on page  using regular expression (Root cause: com.kms.katalon.core.exception.StepFailedException: Text 'Enter joint payer last name' is not present on page  using regular expression
	at com.kms.katalon.core.webui.keyword.internal.WebUIKeywordMain.stepFailed(WebUIKeywordMain.groovy:64)
	at com.kms.katalon.core.webui.keyword.builtin.VerifyTextPresentKeyword$_verifyTextPresent_closure1.doCall(VerifyTextPresentKeyword.groovy:79)
	at com.kms.katalon.core.webui.keyword.builtin.VerifyTextPresentKeyword$_verifyTextPresent_closure1.call(VerifyTextPresentKeyword.groovy)
	at com.kms.katalon.core.webui.keyword.internal.WebUIKeywordMain.runKeyword(WebUIKeywordMain.groovy:20)
	at com.kms.katalon.core.webui.keyword.builtin.VerifyTextPresentKeyword.verifyTextPresent(VerifyTextPresentKeyword.groovy:83)
	at com.kms.katalon.core.webui.keyword.builtin.VerifyTextPresentKeyword.execute(VerifyTextPresentKeyword.groovy:68)
	at com.kms.katalon.core.keyword.internal.KeywordExecutor.executeKeywordForPlatform(KeywordExecutor.groovy:73)
	at com.kms.katalon.core.webui.keyword.WebUiBuiltInKeywords.verifyTextPresent(WebUiBuiltInKeywords.groovy:1723)
	at com.kms.katalon.core.webui.keyword.WebUiBuiltInKeywords$verifyTextPresent$3.call(Unknown Source)
	at EstimatedTax_MRF_TC.run(EstimatedTax_MRF_TC:104)
	at com.kms.katalon.core.main.ScriptEngine.run(ScriptEngine.java:194)
	at com.kms.katalon.core.main.ScriptEngine.runScriptAsRawText(ScriptEngine.java:119)
	at com.kms.katalon.core.main.TestCaseExecutor.runScript(TestCaseExecutor.java:369)
	at com.kms.katalon.core.main.TestCaseExecutor.doExecute(TestCaseExecutor.java:360)
	at com.kms.katalon.core.main.TestCaseExecutor.processExecutionPhase(TestCaseExecutor.java:339)
	at com.kms.katalon.core.main.TestCaseExecutor.accessMainPhase(TestCaseExecutor.java:331)
	at com.kms.katalon.core.main.TestCaseExecutor.execute(TestCaseExecutor.java:248)
	at com.kms.katalon.core.main.TestSuiteExecutor.accessTestCaseMainPhase(TestSuiteExecutor.java:191)
	at com.kms.katalon.core.main.TestSuiteExecutor.accessTestSuiteMainPhase(TestSuiteExecutor.java:140)
	at com.kms.katalon.core.main.TestSuiteExecutor.execute(TestSuiteExecutor.java:89)
	at com.kms.katalon.core.main.TestCaseMain.startTestSuite(TestCaseMain.java:185)
	at com.kms.katalon.core.main.TestCaseMain$startTestSuite$0.call(Unknown Source)
	at TempTestSuite1634874291072.run(TempTestSuite1634874291072.groovy:39)
)

2021-10-21 23:48:01 - [MESSAGE][FAILED] - Text 'Enter joint payer last name' is not present on page  using regular expression (Root cause: com.kms.katalon.core.exception.StepFailedException: Text 'Enter joint payer last name' is not present on page  using regular expression
	at com.kms.katalon.core.webui.keyword.internal.WebUIKeywordMain.stepFailed(WebUIKeywordMain.groovy:64)
	at com.kms.katalon.core.webui.keyword.builtin.VerifyTextPresentKeyword$_verifyTextPresent_closure1.doCall(VerifyTextPresentKeyword.groovy:79)
	at com.kms.katalon.core.webui.keyword.builtin.VerifyTextPresentKeyword$_verifyTextPresent_closure1.call(VerifyTextPresentKeyword.groovy)
	at com.kms.katalon.core.webui.keyword.internal.WebUIKeywordMain.runKeyword(WebUIKeywordMain.groovy:20)
	at com.kms.katalon.core.webui.keyword.builtin.VerifyTextPresentKeyword.verifyTextPresent(VerifyTextPresentKeyword.groovy:83)
	at com.kms.katalon.core.webui.keyword.builtin.VerifyTextPresentKeyword.execute(VerifyTextPresentKeyword.groovy:68)
	at com.kms.katalon.core.keyword.internal.KeywordExecutor.executeKeywordForPlatform(KeywordExecutor.groovy:73)
	at com.kms.katalon.core.webui.keyword.WebUiBuiltInKeywords.verifyTextPresent(WebUiBuiltInKeywords.groovy:1723)
	at com.kms.katalon.core.webui.keyword.WebUiBuiltInKeywords$verifyTextPresent$3.call(Unknown Source)
	at EstimatedTax_MRF_TC.run(EstimatedTax_MRF_TC:104)
	at com.kms.katalon.core.main.ScriptEngine.run(ScriptEngine.java:194)
	at com.kms.katalon.core.main.ScriptEngine.runScriptAsRawText(ScriptEngine.java:119)
	at com.kms.katalon.core.main.TestCaseExecutor.runScript(TestCaseExecutor.java:369)
	at com.kms.katalon.core.main.TestCaseExecutor.doExecute(TestCaseExecutor.java:360)
	at com.kms.katalon.core.main.TestCaseExecutor.processExecutionPhase(TestCaseExecutor.java:339)
	at com.kms.katalon.core.main.TestCaseExecutor.accessMainPhase(TestCaseExecutor.java:331)
	at com.kms.katalon.core.main.TestCaseExecutor.execute(TestCaseExecutor.java:248)
	at com.kms.katalon.core.main.TestSuiteExecutor.accessTestCaseMainPhase(TestSuiteExecutor.java:191)
	at com.kms.katalon.core.main.TestSuiteExecutor.accessTestSuiteMainPhase(TestSuiteExecutor.java:140)
	at com.kms.katalon.core.main.TestSuiteExecutor.execute(TestSuiteExecutor.java:89)
	at com.kms.katalon.core.main.TestCaseMain.startTestSuite(TestCaseMain.java:185)
	at com.kms.katalon.core.main.TestCaseMain$startTestSuite$0.call(Unknown Source)
	at TempTestSuite1634874291072.run(TempTestSuite1634874291072.groovy:39)
)

2021-10-21 23:48:01 - [TEST_STEP][FAILED] - verifyTextPresent("Enter joint payer social security number", true): Text 'Enter joint payer social security number' is not present on page  using regular expression (Root cause: com.kms.katalon.core.exception.StepFailedException: Text 'Enter joint payer social security number' is not present on page  using regular expression
	at com.kms.katalon.core.webui.keyword.internal.WebUIKeywordMain.stepFailed(WebUIKeywordMain.groovy:64)
	at com.kms.katalon.core.webui.keyword.builtin.VerifyTextPresentKeyword$_verifyTextPresent_closure1.doCall(VerifyTextPresentKeyword.groovy:79)
	at com.kms.katalon.core.webui.keyword.builtin.VerifyTextPresentKeyword$_verifyTextPresent_closure1.call(VerifyTextPresentKeyword.groovy)
	at com.kms.katalon.core.webui.keyword.internal.WebUIKeywordMain.runKeyword(WebUIKeywordMain.groovy:20)
	at com.kms.katalon.core.webui.keyword.builtin.VerifyTextPresentKeyword.verifyTextPresent(VerifyTextPresentKeyword.groovy:83)
	at com.kms.katalon.core.webui.keyword.builtin.VerifyTextPresentKeyword.execute(VerifyTextPresentKeyword.groovy:68)
	at com.kms.katalon.core.keyword.internal.KeywordExecutor.executeKeywordForPlatform(KeywordExecutor.groovy:73)
	at com.kms.katalon.core.webui.keyword.WebUiBuiltInKeywords.verifyTextPresent(WebUiBuiltInKeywords.groovy:1723)
	at com.kms.katalon.core.webui.keyword.WebUiBuiltInKeywords$verifyTextPresent$3.call(Unknown Source)
	at EstimatedTax_MRF_TC.run(EstimatedTax_MRF_TC:106)
	at com.kms.katalon.core.main.ScriptEngine.run(ScriptEngine.java:194)
	at com.kms.katalon.core.main.ScriptEngine.runScriptAsRawText(ScriptEngine.java:119)
	at com.kms.katalon.core.main.TestCaseExecutor.runScript(TestCaseExecutor.java:369)
	at com.kms.katalon.core.main.TestCaseExecutor.doExecute(TestCaseExecutor.java:360)
	at com.kms.katalon.core.main.TestCaseExecutor.processExecutionPhase(TestCaseExecutor.java:339)
	at com.kms.katalon.core.main.TestCaseExecutor.accessMainPhase(TestCaseExecutor.java:331)
	at com.kms.katalon.core.main.TestCaseExecutor.execute(TestCaseExecutor.java:248)
	at com.kms.katalon.core.main.TestSuiteExecutor.accessTestCaseMainPhase(TestSuiteExecutor.java:191)
	at com.kms.katalon.core.main.TestSuiteExecutor.accessTestSuiteMainPhase(TestSuiteExecutor.java:140)
	at com.kms.katalon.core.main.TestSuiteExecutor.execute(TestSuiteExecutor.java:89)
	at com.kms.katalon.core.main.TestCaseMain.startTestSuite(TestCaseMain.java:185)
	at com.kms.katalon.core.main.TestCaseMain$startTestSuite$0.call(Unknown Source)
	at TempTestSuite1634874291072.run(TempTestSuite1634874291072.groovy:39)
)

2021-10-21 23:48:01 - [MESSAGE][FAILED] - Text 'Enter joint payer social security number' is not present on page  using regular expression (Root cause: com.kms.katalon.core.exception.StepFailedException: Text 'Enter joint payer social security number' is not present on page  using regular expression
	at com.kms.katalon.core.webui.keyword.internal.WebUIKeywordMain.stepFailed(WebUIKeywordMain.groovy:64)
	at com.kms.katalon.core.webui.keyword.builtin.VerifyTextPresentKeyword$_verifyTextPresent_closure1.doCall(VerifyTextPresentKeyword.groovy:79)
	at com.kms.katalon.core.webui.keyword.builtin.VerifyTextPresentKeyword$_verifyTextPresent_closure1.call(VerifyTextPresentKeyword.groovy)
	at com.kms.katalon.core.webui.keyword.internal.WebUIKeywordMain.runKeyword(WebUIKeywordMain.groovy:20)
	at com.kms.katalon.core.webui.keyword.builtin.VerifyTextPresentKeyword.verifyTextPresent(VerifyTextPresentKeyword.groovy:83)
	at com.kms.katalon.core.webui.keyword.builtin.VerifyTextPresentKeyword.execute(VerifyTextPresentKeyword.groovy:68)
	at com.kms.katalon.core.keyword.internal.KeywordExecutor.executeKeywordForPlatform(KeywordExecutor.groovy:73)
	at com.kms.katalon.core.webui.keyword.WebUiBuiltInKeywords.verifyTextPresent(WebUiBuiltInKeywords.groovy:1723)
	at com.kms.katalon.core.webui.keyword.WebUiBuiltInKeywords$verifyTextPresent$3.call(Unknown Source)
	at EstimatedTax_MRF_TC.run(EstimatedTax_MRF_TC:106)
	at com.kms.katalon.core.main.ScriptEngine.run(ScriptEngine.java:194)
	at com.kms.katalon.core.main.ScriptEngine.runScriptAsRawText(ScriptEngine.java:119)
	at com.kms.katalon.core.main.TestCaseExecutor.runScript(TestCaseExecutor.java:369)
	at com.kms.katalon.core.main.TestCaseExecutor.doExecute(TestCaseExecutor.java:360)
	at com.kms.katalon.core.main.TestCaseExecutor.processExecutionPhase(TestCaseExecutor.java:339)
	at com.kms.katalon.core.main.TestCaseExecutor.accessMainPhase(TestCaseExecutor.java:331)
	at com.kms.katalon.core.main.TestCaseExecutor.execute(TestCaseExecutor.java:248)
	at com.kms.katalon.core.main.TestSuiteExecutor.accessTestCaseMainPhase(TestSuiteExecutor.java:191)
	at com.kms.katalon.core.main.TestSuiteExecutor.accessTestSuiteMainPhase(TestSuiteExecutor.java:140)
	at com.kms.katalon.core.main.TestSuiteExecutor.execute(TestSuiteExecutor.java:89)
	at com.kms.katalon.core.main.TestCaseMain.startTestSuite(TestCaseMain.java:185)
	at com.kms.katalon.core.main.TestCaseMain$startTestSuite$0.call(Unknown Source)
	at TempTestSuite1634874291072.run(TempTestSuite1634874291072.groovy:39)
)

2021-10-21 23:48:01 - [TEST_STEP][FAILED] - verifyTextPresent("The joint payer SSN and Re-enter SSN do not match", true): Text 'The joint payer SSN and Re-enter SSN do not match' is not present on page  using regular expression (Root cause: com.kms.katalon.core.exception.StepFailedException: Text 'The joint payer SSN and Re-enter SSN do not match' is not present on page  using regular expression
	at com.kms.katalon.core.webui.keyword.internal.WebUIKeywordMain.stepFailed(WebUIKeywordMain.groovy:64)
	at com.kms.katalon.core.webui.keyword.builtin.VerifyTextPresentKeyword$_verifyTextPresent_closure1.doCall(VerifyTextPresentKeyword.groovy:79)
	at com.kms.katalon.core.webui.keyword.builtin.VerifyTextPresentKeyword$_verifyTextPresent_closure1.call(VerifyTextPresentKeyword.groovy)
	at com.kms.katalon.core.webui.keyword.internal.WebUIKeywordMain.runKeyword(WebUIKeywordMain.groovy:20)
	at com.kms.katalon.core.webui.keyword.builtin.VerifyTextPresentKeyword.verifyTextPresent(VerifyTextPresentKeyword.groovy:83)
	at com.kms.katalon.core.webui.keyword.builtin.VerifyTextPresentKeyword.execute(VerifyTextPresentKeyword.groovy:68)
	at com.kms.katalon.core.keyword.internal.KeywordExecutor.executeKeywordForPlatform(KeywordExecutor.groovy:73)
	at com.kms.katalon.core.webui.keyword.WebUiBuiltInKeywords.verifyTextPresent(WebUiBuiltInKeywords.groovy:1723)
	at com.kms.katalon.core.webui.keyword.WebUiBuiltInKeywords$verifyTextPresent$3.call(Unknown Source)
	at EstimatedTax_MRF_TC.run(EstimatedTax_MRF_TC:108)
	at com.kms.katalon.core.main.ScriptEngine.run(ScriptEngine.java:194)
	at com.kms.katalon.core.main.ScriptEngine.runScriptAsRawText(ScriptEngine.java:119)
	at com.kms.katalon.core.main.TestCaseExecutor.runScript(TestCaseExecutor.java:369)
	at com.kms.katalon.core.main.TestCaseExecutor.doExecute(TestCaseExecutor.java:360)
	at com.kms.katalon.core.main.TestCaseExecutor.processExecutionPhase(TestCaseExecutor.java:339)
	at com.kms.katalon.core.main.TestCaseExecutor.accessMainPhase(TestCaseExecutor.java:331)
	at com.kms.katalon.core.main.TestCaseExecutor.execute(TestCaseExecutor.java:248)
	at com.kms.katalon.core.main.TestSuiteExecutor.accessTestCaseMainPhase(TestSuiteExecutor.java:191)
	at com.kms.katalon.core.main.TestSuiteExecutor.accessTestSuiteMainPhase(TestSuiteExecutor.java:140)
	at com.kms.katalon.core.main.TestSuiteExecutor.execute(TestSuiteExecutor.java:89)
	at com.kms.katalon.core.main.TestCaseMain.startTestSuite(TestCaseMain.java:185)
	at com.kms.katalon.core.main.TestCaseMain$startTestSuite$0.call(Unknown Source)
	at TempTestSuite1634874291072.run(TempTestSuite1634874291072.groovy:39)
)

2021-10-21 23:48:02 - [MESSAGE][FAILED] - Text 'The joint payer SSN and Re-enter SSN do not match' is not present on page  using regular expression (Root cause: com.kms.katalon.core.exception.StepFailedException: Text 'The joint payer SSN and Re-enter SSN do not match' is not present on page  using regular expression
	at com.kms.katalon.core.webui.keyword.internal.WebUIKeywordMain.stepFailed(WebUIKeywordMain.groovy:64)
	at com.kms.katalon.core.webui.keyword.builtin.VerifyTextPresentKeyword$_verifyTextPresent_closure1.doCall(VerifyTextPresentKeyword.groovy:79)
	at com.kms.katalon.core.webui.keyword.builtin.VerifyTextPresentKeyword$_verifyTextPresent_closure1.call(VerifyTextPresentKeyword.groovy)
	at com.kms.katalon.core.webui.keyword.internal.WebUIKeywordMain.runKeyword(WebUIKeywordMain.groovy:20)
	at com.kms.katalon.core.webui.keyword.builtin.VerifyTextPresentKeyword.verifyTextPresent(VerifyTextPresentKeyword.groovy:83)
	at com.kms.katalon.core.webui.keyword.builtin.VerifyTextPresentKeyword.execute(VerifyTextPresentKeyword.groovy:68)
	at com.kms.katalon.core.keyword.internal.KeywordExecutor.executeKeywordForPlatform(KeywordExecutor.groovy:73)
	at com.kms.katalon.core.webui.keyword.WebUiBuiltInKeywords.verifyTextPresent(WebUiBuiltInKeywords.groovy:1723)
	at com.kms.katalon.core.webui.keyword.WebUiBuiltInKeywords$verifyTextPresent$3.call(Unknown Source)
	at EstimatedTax_MRF_TC.run(EstimatedTax_MRF_TC:108)
	at com.kms.katalon.core.main.ScriptEngine.run(ScriptEngine.java:194)
	at com.kms.katalon.core.main.ScriptEngine.runScriptAsRawText(ScriptEngine.java:119)
	at com.kms.katalon.core.main.TestCaseExecutor.runScript(TestCaseExecutor.java:369)
	at com.kms.katalon.core.main.TestCaseExecutor.doExecute(TestCaseExecutor.java:360)
	at com.kms.katalon.core.main.TestCaseExecutor.processExecutionPhase(TestCaseExecutor.java:339)
	at com.kms.katalon.core.main.TestCaseExecutor.accessMainPhase(TestCaseExecutor.java:331)
	at com.kms.katalon.core.main.TestCaseExecutor.execute(TestCaseExecutor.java:248)
	at com.kms.katalon.core.main.TestSuiteExecutor.accessTestCaseMainPhase(TestSuiteExecutor.java:191)
	at com.kms.katalon.core.main.TestSuiteExecutor.accessTestSuiteMainPhase(TestSuiteExecutor.java:140)
	at com.kms.katalon.core.main.TestSuiteExecutor.execute(TestSuiteExecutor.java:89)
	at com.kms.katalon.core.main.TestCaseMain.startTestSuite(TestCaseMain.java:185)
	at com.kms.katalon.core.main.TestCaseMain$startTestSuite$0.call(Unknown Source)
	at TempTestSuite1634874291072.run(TempTestSuite1634874291072.groovy:39)
)]]></system-out>
         <system-err><![CDATA[2021-10-21 23:47:47 - [TEST_CASE][FAILED] - Test Cases/RAD_TestCases/MRF_TestCases/EstimatedTax_MRF_TC: Test Cases/RAD_TestCases/MRF_TestCases/EstimatedTax_MRF_TC FAILED.
Reason:
com.kms.katalon.core.exception.StepFailedException: Unable to click on object 'Object Repository/RAD_Pages/Landing_Page/button_Continue' (Root cause: com.kms.katalon.core.exception.StepFailedException: Unable to click on object 'Object Repository/RAD_Pages/Landing_Page/button_Continue'
	at com.kms.katalon.core.webui.keyword.internal.WebUIKeywordMain.stepFailed(WebUIKeywordMain.groovy:64)
	at com.kms.katalon.core.webui.keyword.internal.WebUIKeywordMain.runKeyword(WebUIKeywordMain.groovy:26)
	at com.kms.katalon.core.webui.keyword.builtin.ClickKeyword.click(ClickKeyword.groovy:75)
	at com.kms.katalon.core.webui.keyword.builtin.ClickKeyword.execute(ClickKeyword.groovy:42)
	at com.kms.katalon.core.keyword.internal.KeywordExecutor.executeKeywordForPlatform(KeywordExecutor.groovy:73)
	at com.kms.katalon.core.webui.keyword.WebUiBuiltInKeywords.click(WebUiBuiltInKeywords.groovy:620)
	at com.kms.katalon.core.webui.keyword.WebUiBuiltInKeywords$click$10.call(Unknown Source)
	at EstimatedTax_MRF_TC.run(EstimatedTax_MRF_TC:100)
	at com.kms.katalon.core.main.ScriptEngine.run(ScriptEngine.java:194)
	at com.kms.katalon.core.main.ScriptEngine.runScriptAsRawText(ScriptEngine.java:119)
	at com.kms.katalon.core.main.TestCaseExecutor.runScript(TestCaseExecutor.java:369)
	at com.kms.katalon.core.main.TestCaseExecutor.doExecute(TestCaseExecutor.java:360)
	at com.kms.katalon.core.main.TestCaseExecutor.processExecutionPhase(TestCaseExecutor.java:339)
	at com.kms.katalon.core.main.TestCaseExecutor.accessMainPhase(TestCaseExecutor.java:331)
	at com.kms.katalon.core.main.TestCaseExecutor.execute(TestCaseExecutor.java:248)
	at com.kms.katalon.core.main.TestSuiteExecutor.accessTestCaseMainPhase(TestSuiteExecutor.java:191)
	at com.kms.katalon.core.main.TestSuiteExecutor.accessTestSuiteMainPhase(TestSuiteExecutor.java:140)
	at com.kms.katalon.core.main.TestSuiteExecutor.execute(TestSuiteExecutor.java:89)
	at com.kms.katalon.core.main.TestCaseMain.startTestSuite(TestCaseMain.java:185)
	at com.kms.katalon.core.main.TestCaseMain$startTestSuite$0.call(Unknown Source)
	at TempTestSuite1634874291072.run(TempTestSuite1634874291072.groovy:39)
Caused by: org.openqa.selenium.ElementClickInterceptedException: element click intercepted: Element <button class="btn btn-primary float-end w-auto disablecontinue" disabled="">...</button> is not clickable at point (1077, 905). Other element would receive the click: <div class="w-100 mt-auto pt-3">...</div>
  (Session info: chrome=95.0.4638.54)
Build info: version: '3.141.59', revision: 'e82be7d358', time: '2018-11-14T08:25:53'
System info: host: 'DESKTOP-B2QI6NS', ip: '172.30.2.167', os.name: 'Windows 10', os.arch: 'amd64', os.version: '10.0', java.version: '1.8.0_181'
Driver info: com.kms.katalon.core.webui.driver.ExistingRemoteWebDriver
Capabilities {javascriptEnabled: true, platform: ANY, platformName: ANY}
Session ID: a98d1b37a7782fa34c6e787ca58aacdc
	at org.openqa.selenium.remote.http.W3CHttpResponseCodec.createException(W3CHttpResponseCodec.java:187)
	at org.openqa.selenium.remote.http.W3CHttpResponseCodec.decode(W3CHttpResponseCodec.java:122)
	at org.openqa.selenium.remote.http.W3CHttpResponseCodec.decode(W3CHttpResponseCodec.java:49)
	at org.openqa.selenium.remote.HttpCommandExecutor.execute(HttpCommandExecutor.java:158)
	at org.openqa.selenium.remote.RemoteWebDriver.execute(RemoteWebDriver.java:552)
	at com.kms.katalon.core.webui.driver.ExistingRemoteWebDriver.execute(ExistingRemoteWebDriver.java:108)
	at org.openqa.selenium.remote.RemoteWebElement.execute(RemoteWebElement.java:285)
	at org.openqa.selenium.remote.RemoteWebElement.click(RemoteWebElement.java:84)
	at org.openqa.selenium.support.events.EventFiringWebDriver$EventFiringWebElement.lambda$new$0(EventFiringWebDriver.java:404)
	at com.sun.proxy.$Proxy11.click(Unknown Source)
	at org.openqa.selenium.support.events.EventFiringWebDriver$EventFiringWebElement.click(EventFiringWebDriver.java:417)
	at com.kms.katalon.core.webui.keyword.builtin.ClickKeyword$_click_closure1.doCall(ClickKeyword.groovy:68)
	at com.kms.katalon.core.webui.keyword.builtin.ClickKeyword$_click_closure1.call(ClickKeyword.groovy)
	at com.kms.katalon.core.webui.keyword.internal.WebUIKeywordMain.runKeyword(WebUIKeywordMain.groovy:20)
	at com.kms.katalon.core.webui.keyword.builtin.ClickKeyword.click(ClickKeyword.groovy:75)
	at com.kms.katalon.core.webui.keyword.builtin.ClickKeyword.execute(ClickKeyword.groovy:42)
	at com.kms.katalon.core.keyword.internal.KeywordExecutor.executeKeywordForPlatform(KeywordExecutor.groovy:73)
	at com.kms.katalon.core.webui.keyword.WebUiBuiltInKeywords.click(WebUiBuiltInKeywords.groovy:620)
	at com.kms.katalon.core.webui.keyword.WebUiBuiltInKeywords$click$10.call(Unknown Source)
	at Script1634596423746.run(Script1634596423746.groovy:100)
	... 13 more
)
	at com.kms.katalon.core.keyword.internal.KeywordMain.stepFailed(KeywordMain.groovy:39)
	at com.kms.katalon.core.webui.keyword.internal.WebUIKeywordMain.stepFailed(WebUIKeywordMain.groovy:64)
	at com.kms.katalon.core.webui.keyword.internal.WebUIKeywordMain.runKeyword(WebUIKeywordMain.groovy:26)
	at com.kms.katalon.core.webui.keyword.builtin.ClickKeyword.click(ClickKeyword.groovy:75)
	at com.kms.katalon.core.webui.keyword.builtin.ClickKeyword.execute(ClickKeyword.groovy:42)
	at com.kms.katalon.core.keyword.internal.KeywordExecutor.executeKeywordForPlatform(KeywordExecutor.groovy:73)
	at com.kms.katalon.core.webui.keyword.WebUiBuiltInKeywords.click(WebUiBuiltInKeywords.groovy:620)
	at com.kms.katalon.core.webui.keyword.WebUiBuiltInKeywords$click$10.call(Unknown Source)
	at EstimatedTax_MRF_TC.run(EstimatedTax_MRF_TC:100)
	at com.kms.katalon.core.main.ScriptEngine.run(ScriptEngine.java:194)
	at com.kms.katalon.core.main.ScriptEngine.runScriptAsRawText(ScriptEngine.java:119)
	at com.kms.katalon.core.main.TestCaseExecutor.runScript(TestCaseExecutor.java:369)
	at com.kms.katalon.core.main.TestCaseExecutor.doExecute(TestCaseExecutor.java:360)
	at com.kms.katalon.core.main.TestCaseExecutor.processExecutionPhase(TestCaseExecutor.java:339)
	at com.kms.katalon.core.main.TestCaseExecutor.accessMainPhase(TestCaseExecutor.java:331)
	at com.kms.katalon.core.main.TestCaseExecutor.execute(TestCaseExecutor.java:248)
	at com.kms.katalon.core.main.TestSuiteExecutor.accessTestCaseMainPhase(TestSuiteExecutor.java:191)
	at com.kms.katalon.core.main.TestSuiteExecutor.accessTestSuiteMainPhase(TestSuiteExecutor.java:140)
	at com.kms.katalon.core.main.TestSuiteExecutor.execute(TestSuiteExecutor.java:89)
	at com.kms.katalon.core.main.TestCaseMain.startTestSuite(TestCaseMain.java:185)
	at com.kms.katalon.core.main.TestCaseMain$startTestSuite$0.call(Unknown Source)
	at TempTestSuite1634874291072.run(TempTestSuite1634874291072.groovy:39)
Caused by: com.kms.katalon.core.exception.StepFailedException: Unable to click on object 'Object Repository/RAD_Pages/Landing_Page/button_Continue'
	... 21 more
Caused by: org.openqa.selenium.ElementClickInterceptedException: element click intercepted: Element <button class="btn btn-primary float-end w-auto disablecontinue" disabled="">...</button> is not clickable at point (1077, 905). Other element would receive the click: <div class="w-100 mt-auto pt-3">...</div>
  (Session info: chrome=95.0.4638.54)
Build info: version: '3.141.59', revision: 'e82be7d358', time: '2018-11-14T08:25:53'
System info: host: 'DESKTOP-B2QI6NS', ip: '172.30.2.167', os.name: 'Windows 10', os.arch: 'amd64', os.version: '10.0', java.version: '1.8.0_181'
Driver info: com.kms.katalon.core.webui.driver.ExistingRemoteWebDriver
Capabilities {javascriptEnabled: true, platform: ANY, platformName: ANY}
Session ID: a98d1b37a7782fa34c6e787ca58aacdc
	at org.openqa.selenium.remote.http.W3CHttpResponseCodec.createException(W3CHttpResponseCodec.java:187)
	at org.openqa.selenium.remote.http.W3CHttpResponseCodec.decode(W3CHttpResponseCodec.java:122)
	at org.openqa.selenium.remote.http.W3CHttpResponseCodec.decode(W3CHttpResponseCodec.java:49)
	at org.openqa.selenium.remote.HttpCommandExecutor.execute(HttpCommandExecutor.java:158)
	at org.openqa.selenium.remote.RemoteWebDriver.execute(RemoteWebDriver.java:552)
	at com.kms.katalon.core.webui.driver.ExistingRemoteWebDriver.execute(ExistingRemoteWebDriver.java:108)
	at org.openqa.selenium.remote.RemoteWebElement.execute(RemoteWebElement.java:285)
	at org.openqa.selenium.remote.RemoteWebElement.click(RemoteWebElement.java:84)
	at org.openqa.selenium.support.events.EventFiringWebDriver$EventFiringWebElement.lambda$new$0(EventFiringWebDriver.java:404)
	at com.sun.proxy.$Proxy11.click(Unknown Source)
	at org.openqa.selenium.support.events.EventFiringWebDriver$EventFiringWebElement.click(EventFiringWebDriver.java:417)
	at com.kms.katalon.core.webui.keyword.builtin.ClickKeyword$_click_closure1.doCall(ClickKeyword.groovy:68)
	at com.kms.katalon.core.webui.keyword.builtin.ClickKeyword$_click_closure1.call(ClickKeyword.groovy)
	at com.kms.katalon.core.webui.keyword.internal.WebUIKeywordMain.runKeyword(WebUIKeywordMain.groovy:20)
	... 19 more]]></system-err>
      </testcase>
      <testcase name="Test Cases/RAD_TestCases/MRF_TestCases/PersonalIncomeTax_MRF_TC" time="13.997" classname="Test Cases/RAD_TestCases/MRF_TestCases/PersonalIncomeTax_MRF_TC" status="FAILED">
         <failure type="FAILED" message="Test Cases/RAD_TestCases/MRF_TestCases/PersonalIncomeTax_MRF_TC FAILED.
Reason:
com.kms.katalon.core.exception.StepFailedException: Unable to click on object 'Object Repository/RAD_Pages/Landing_Page/button_Continue' (Root cause: com.kms.katalon.core.exception.StepFailedException: Unable to click on object 'Object Repository/RAD_Pages/Landing_Page/button_Continue'
	at com.kms.katalon.core.webui.keyword.internal.WebUIKeywordMain.stepFailed(WebUIKeywordMain.groovy:64)
	at com.kms.katalon.core.webui.keyword.internal.WebUIKeywordMain.runKeyword(WebUIKeywordMain.groovy:26)
	at com.kms.katalon.core.webui.keyword.builtin.ClickKeyword.click(ClickKeyword.groovy:75)
	at com.kms.katalon.core.webui.keyword.builtin.ClickKeyword.execute(ClickKeyword.groovy:42)
	at com.kms.katalon.core.keyword.internal.KeywordExecutor.executeKeywordForPlatform(KeywordExecutor.groovy:73)
	at com.kms.katalon.core.webui.keyword.WebUiBuiltInKeywords.click(WebUiBuiltInKeywords.groovy:620)
	at com.kms.katalon.core.webui.keyword.WebUiBuiltInKeywords$click$10.call(Unknown Source)
	at PersonalIncomeTax_MRF_TC.run(PersonalIncomeTax_MRF_TC:99)
	at com.kms.katalon.core.main.ScriptEngine.run(ScriptEngine.java:194)
	at com.kms.katalon.core.main.ScriptEngine.runScriptAsRawText(ScriptEngine.java:119)
	at com.kms.katalon.core.main.TestCaseExecutor.runScript(TestCaseExecutor.java:369)
	at com.kms.katalon.core.main.TestCaseExecutor.doExecute(TestCaseExecutor.java:360)
	at com.kms.katalon.core.main.TestCaseExecutor.processExecutionPhase(TestCaseExecutor.java:339)
	at com.kms.katalon.core.main.TestCaseExecutor.accessMainPhase(TestCaseExecutor.java:331)
	at com.kms.katalon.core.main.TestCaseExecutor.execute(TestCaseExecutor.java:248)
	at com.kms.katalon.core.main.TestSuiteExecutor.accessTestCaseMainPhase(TestSuiteExecutor.java:191)
	at com.kms.katalon.core.main.TestSuiteExecutor.accessTestSuiteMainPhase(TestSuiteExecutor.java:140)
	at com.kms.katalon.core.main.TestSuiteExecutor.execute(TestSuiteExecutor.java:89)
	at com.kms.katalon.core.main.TestCaseMain.startTestSuite(TestCaseMain.java:185)
	at com.kms.katalon.core.main.TestCaseMain$startTestSuite$0.call(Unknown Source)
	at TempTestSuite1634874291072.run(TempTestSuite1634874291072.groovy:39)
Caused by: org.openqa.selenium.ElementClickInterceptedException: element click intercepted: Element &lt;button class=&quot;btn btn-primary float-end w-auto disablecontinue&quot; disabled=&quot;&quot;>...&lt;/button> is not clickable at point (1077, 641). Other element would receive the click: &lt;div class=&quot;w-100 mt-auto pt-3&quot;>...&lt;/div>
  (Session info: chrome=95.0.4638.54)
Build info: version: '3.141.59', revision: 'e82be7d358', time: '2018-11-14T08:25:53'
System info: host: 'DESKTOP-B2QI6NS', ip: '172.30.2.167', os.name: 'Windows 10', os.arch: 'amd64', os.version: '10.0', java.version: '1.8.0_181'
Driver info: com.kms.katalon.core.webui.driver.ExistingRemoteWebDriver
Capabilities {javascriptEnabled: true, platform: ANY, platformName: ANY}
Session ID: a98d1b37a7782fa34c6e787ca58aacdc
	at org.openqa.selenium.remote.http.W3CHttpResponseCodec.createException(W3CHttpResponseCodec.java:187)
	at org.openqa.selenium.remote.http.W3CHttpResponseCodec.decode(W3CHttpResponseCodec.java:122)
	at org.openqa.selenium.remote.http.W3CHttpResponseCodec.decode(W3CHttpResponseCodec.java:49)
	at org.openqa.selenium.remote.HttpCommandExecutor.execute(HttpCommandExecutor.java:158)
	at org.openqa.selenium.remote.RemoteWebDriver.execute(RemoteWebDriver.java:552)
	at com.kms.katalon.core.webui.driver.ExistingRemoteWebDriver.execute(ExistingRemoteWebDriver.java:108)
	at org.openqa.selenium.remote.RemoteWebElement.execute(RemoteWebElement.java:285)
	at org.openqa.selenium.remote.RemoteWebElement.click(RemoteWebElement.java:84)
	at org.openqa.selenium.support.events.EventFiringWebDriver$EventFiringWebElement.lambda$new$0(EventFiringWebDriver.java:404)
	at com.sun.proxy.$Proxy11.click(Unknown Source)
	at org.openqa.selenium.support.events.EventFiringWebDriver$EventFiringWebElement.click(EventFiringWebDriver.java:417)
	at com.kms.katalon.core.webui.keyword.builtin.ClickKeyword$_click_closure1.doCall(ClickKeyword.groovy:68)
	at com.kms.katalon.core.webui.keyword.builtin.ClickKeyword$_click_closure1.call(ClickKeyword.groovy)
	at com.kms.katalon.core.webui.keyword.internal.WebUIKeywordMain.runKeyword(WebUIKeywordMain.groovy:20)
	at com.kms.katalon.core.webui.keyword.builtin.ClickKeyword.click(ClickKeyword.groovy:75)
	at com.kms.katalon.core.webui.keyword.builtin.ClickKeyword.execute(ClickKeyword.groovy:42)
	at com.kms.katalon.core.keyword.internal.KeywordExecutor.executeKeywordForPlatform(KeywordExecutor.groovy:73)
	at com.kms.katalon.core.webui.keyword.WebUiBuiltInKeywords.click(WebUiBuiltInKeywords.groovy:620)
	at com.kms.katalon.core.webui.keyword.WebUiBuiltInKeywords$click$10.call(Unknown Source)
	at Script1634610782044.run(Script1634610782044.groovy:99)
	... 13 more
)
	at com.kms.katalon.core.keyword.internal.KeywordMain.stepFailed(KeywordMain.groovy:39)
	at com.kms.katalon.core.webui.keyword.internal.WebUIKeywordMain.stepFailed(WebUIKeywordMain.groovy:64)
	at com.kms.katalon.core.webui.keyword.internal.WebUIKeywordMain.runKeyword(WebUIKeywordMain.groovy:26)
	at com.kms.katalon.core.webui.keyword.builtin.ClickKeyword.click(ClickKeyword.groovy:75)
	at com.kms.katalon.core.webui.keyword.builtin.ClickKeyword.execute(ClickKeyword.groovy:42)
	at com.kms.katalon.core.keyword.internal.KeywordExecutor.executeKeywordForPlatform(KeywordExecutor.groovy:73)
	at com.kms.katalon.core.webui.keyword.WebUiBuiltInKeywords.click(WebUiBuiltInKeywords.groovy:620)
	at com.kms.katalon.core.webui.keyword.WebUiBuiltInKeywords$click$10.call(Unknown Source)
	at PersonalIncomeTax_MRF_TC.run(PersonalIncomeTax_MRF_TC:99)
	at com.kms.katalon.core.main.ScriptEngine.run(ScriptEngine.java:194)
	at com.kms.katalon.core.main.ScriptEngine.runScriptAsRawText(ScriptEngine.java:119)
	at com.kms.katalon.core.main.TestCaseExecutor.runScript(TestCaseExecutor.java:369)
	at com.kms.katalon.core.main.TestCaseExecutor.doExecute(TestCaseExecutor.java:360)
	at com.kms.katalon.core.main.TestCaseExecutor.processExecutionPhase(TestCaseExecutor.java:339)
	at com.kms.katalon.core.main.TestCaseExecutor.accessMainPhase(TestCaseExecutor.java:331)
	at com.kms.katalon.core.main.TestCaseExecutor.execute(TestCaseExecutor.java:248)
	at com.kms.katalon.core.main.TestSuiteExecutor.accessTestCaseMainPhase(TestSuiteExecutor.java:191)
	at com.kms.katalon.core.main.TestSuiteExecutor.accessTestSuiteMainPhase(TestSuiteExecutor.java:140)
	at com.kms.katalon.core.main.TestSuiteExecutor.execute(TestSuiteExecutor.java:89)
	at com.kms.katalon.core.main.TestCaseMain.startTestSuite(TestCaseMain.java:185)
	at com.kms.katalon.core.main.TestCaseMain$startTestSuite$0.call(Unknown Source)
	at TempTestSuite1634874291072.run(TempTestSuite1634874291072.groovy:39)
Caused by: com.kms.katalon.core.exception.StepFailedException: Unable to click on object 'Object Repository/RAD_Pages/Landing_Page/button_Continue'
	... 21 more
Caused by: org.openqa.selenium.ElementClickInterceptedException: element click intercepted: Element &lt;button class=&quot;btn btn-primary float-end w-auto disablecontinue&quot; disabled=&quot;&quot;>...&lt;/button> is not clickable at point (1077, 641). Other element would receive the click: &lt;div class=&quot;w-100 mt-auto pt-3&quot;>...&lt;/div>
  (Session info: chrome=95.0.4638.54)
Build info: version: '3.141.59', revision: 'e82be7d358', time: '2018-11-14T08:25:53'
System info: host: 'DESKTOP-B2QI6NS', ip: '172.30.2.167', os.name: 'Windows 10', os.arch: 'amd64', os.version: '10.0', java.version: '1.8.0_181'
Driver info: com.kms.katalon.core.webui.driver.ExistingRemoteWebDriver
Capabilities {javascriptEnabled: true, platform: ANY, platformName: ANY}
Session ID: a98d1b37a7782fa34c6e787ca58aacdc
	at org.openqa.selenium.remote.http.W3CHttpResponseCodec.createException(W3CHttpResponseCodec.java:187)
	at org.openqa.selenium.remote.http.W3CHttpResponseCodec.decode(W3CHttpResponseCodec.java:122)
	at org.openqa.selenium.remote.http.W3CHttpResponseCodec.decode(W3CHttpResponseCodec.java:49)
	at org.openqa.selenium.remote.HttpCommandExecutor.execute(HttpCommandExecutor.java:158)
	at org.openqa.selenium.remote.RemoteWebDriver.execute(RemoteWebDriver.java:552)
	at com.kms.katalon.core.webui.driver.ExistingRemoteWebDriver.execute(ExistingRemoteWebDriver.java:108)
	at org.openqa.selenium.remote.RemoteWebElement.execute(RemoteWebElement.java:285)
	at org.openqa.selenium.remote.RemoteWebElement.click(RemoteWebElement.java:84)
	at org.openqa.selenium.support.events.EventFiringWebDriver$EventFiringWebElement.lambda$new$0(EventFiringWebDriver.java:404)
	at com.sun.proxy.$Proxy11.click(Unknown Source)
	at org.openqa.selenium.support.events.EventFiringWebDriver$EventFiringWebElement.click(EventFiringWebDriver.java:417)
	at com.kms.katalon.core.webui.keyword.builtin.ClickKeyword$_click_closure1.doCall(ClickKeyword.groovy:68)
	at com.kms.katalon.core.webui.keyword.builtin.ClickKeyword$_click_closure1.call(ClickKeyword.groovy)
	at com.kms.katalon.core.webui.keyword.internal.WebUIKeywordMain.runKeyword(WebUIKeywordMain.groovy:20)
	... 19 more
"/>
         <system-out><![CDATA[2021-10-21 23:48:02 - [TEST_CASE][FAILED] - Test Cases/RAD_TestCases/MRF_TestCases/PersonalIncomeTax_MRF_TC: Test Cases/RAD_TestCases/MRF_TestCases/PersonalIncomeTax_MRF_TC FAILED.
Reason:
com.kms.katalon.core.exception.StepFailedException: Unable to click on object 'Object Repository/RAD_Pages/Landing_Page/button_Continue' (Root cause: com.kms.katalon.core.exception.StepFailedException: Unable to click on object 'Object Repository/RAD_Pages/Landing_Page/button_Continue'
	at com.kms.katalon.core.webui.keyword.internal.WebUIKeywordMain.stepFailed(WebUIKeywordMain.groovy:64)
	at com.kms.katalon.core.webui.keyword.internal.WebUIKeywordMain.runKeyword(WebUIKeywordMain.groovy:26)
	at com.kms.katalon.core.webui.keyword.builtin.ClickKeyword.click(ClickKeyword.groovy:75)
	at com.kms.katalon.core.webui.keyword.builtin.ClickKeyword.execute(ClickKeyword.groovy:42)
	at com.kms.katalon.core.keyword.internal.KeywordExecutor.executeKeywordForPlatform(KeywordExecutor.groovy:73)
	at com.kms.katalon.core.webui.keyword.WebUiBuiltInKeywords.click(WebUiBuiltInKeywords.groovy:620)
	at com.kms.katalon.core.webui.keyword.WebUiBuiltInKeywords$click$10.call(Unknown Source)
	at PersonalIncomeTax_MRF_TC.run(PersonalIncomeTax_MRF_TC:99)
	at com.kms.katalon.core.main.ScriptEngine.run(ScriptEngine.java:194)
	at com.kms.katalon.core.main.ScriptEngine.runScriptAsRawText(ScriptEngine.java:119)
	at com.kms.katalon.core.main.TestCaseExecutor.runScript(TestCaseExecutor.java:369)
	at com.kms.katalon.core.main.TestCaseExecutor.doExecute(TestCaseExecutor.java:360)
	at com.kms.katalon.core.main.TestCaseExecutor.processExecutionPhase(TestCaseExecutor.java:339)
	at com.kms.katalon.core.main.TestCaseExecutor.accessMainPhase(TestCaseExecutor.java:331)
	at com.kms.katalon.core.main.TestCaseExecutor.execute(TestCaseExecutor.java:248)
	at com.kms.katalon.core.main.TestSuiteExecutor.accessTestCaseMainPhase(TestSuiteExecutor.java:191)
	at com.kms.katalon.core.main.TestSuiteExecutor.accessTestSuiteMainPhase(TestSuiteExecutor.java:140)
	at com.kms.katalon.core.main.TestSuiteExecutor.execute(TestSuiteExecutor.java:89)
	at com.kms.katalon.core.main.TestCaseMain.startTestSuite(TestCaseMain.java:185)
	at com.kms.katalon.core.main.TestCaseMain$startTestSuite$0.call(Unknown Source)
	at TempTestSuite1634874291072.run(TempTestSuite1634874291072.groovy:39)
Caused by: org.openqa.selenium.ElementClickInterceptedException: element click intercepted: Element <button class="btn btn-primary float-end w-auto disablecontinue" disabled="">...</button> is not clickable at point (1077, 641). Other element would receive the click: <div class="w-100 mt-auto pt-3">...</div>
  (Session info: chrome=95.0.4638.54)
Build info: version: '3.141.59', revision: 'e82be7d358', time: '2018-11-14T08:25:53'
System info: host: 'DESKTOP-B2QI6NS', ip: '172.30.2.167', os.name: 'Windows 10', os.arch: 'amd64', os.version: '10.0', java.version: '1.8.0_181'
Driver info: com.kms.katalon.core.webui.driver.ExistingRemoteWebDriver
Capabilities {javascriptEnabled: true, platform: ANY, platformName: ANY}
Session ID: a98d1b37a7782fa34c6e787ca58aacdc
	at org.openqa.selenium.remote.http.W3CHttpResponseCodec.createException(W3CHttpResponseCodec.java:187)
	at org.openqa.selenium.remote.http.W3CHttpResponseCodec.decode(W3CHttpResponseCodec.java:122)
	at org.openqa.selenium.remote.http.W3CHttpResponseCodec.decode(W3CHttpResponseCodec.java:49)
	at org.openqa.selenium.remote.HttpCommandExecutor.execute(HttpCommandExecutor.java:158)
	at org.openqa.selenium.remote.RemoteWebDriver.execute(RemoteWebDriver.java:552)
	at com.kms.katalon.core.webui.driver.ExistingRemoteWebDriver.execute(ExistingRemoteWebDriver.java:108)
	at org.openqa.selenium.remote.RemoteWebElement.execute(RemoteWebElement.java:285)
	at org.openqa.selenium.remote.RemoteWebElement.click(RemoteWebElement.java:84)
	at org.openqa.selenium.support.events.EventFiringWebDriver$EventFiringWebElement.lambda$new$0(EventFiringWebDriver.java:404)
	at com.sun.proxy.$Proxy11.click(Unknown Source)
	at org.openqa.selenium.support.events.EventFiringWebDriver$EventFiringWebElement.click(EventFiringWebDriver.java:417)
	at com.kms.katalon.core.webui.keyword.builtin.ClickKeyword$_click_closure1.doCall(ClickKeyword.groovy:68)
	at com.kms.katalon.core.webui.keyword.builtin.ClickKeyword$_click_closure1.call(ClickKeyword.groovy)
	at com.kms.katalon.core.webui.keyword.internal.WebUIKeywordMain.runKeyword(WebUIKeywordMain.groovy:20)
	at com.kms.katalon.core.webui.keyword.builtin.ClickKeyword.click(ClickKeyword.groovy:75)
	at com.kms.katalon.core.webui.keyword.builtin.ClickKeyword.execute(ClickKeyword.groovy:42)
	at com.kms.katalon.core.keyword.internal.KeywordExecutor.executeKeywordForPlatform(KeywordExecutor.groovy:73)
	at com.kms.katalon.core.webui.keyword.WebUiBuiltInKeywords.click(WebUiBuiltInKeywords.groovy:620)
	at com.kms.katalon.core.webui.keyword.WebUiBuiltInKeywords$click$10.call(Unknown Source)
	at Script1634610782044.run(Script1634610782044.groovy:99)
	... 13 more
)
	at com.kms.katalon.core.keyword.internal.KeywordMain.stepFailed(KeywordMain.groovy:39)
	at com.kms.katalon.core.webui.keyword.internal.WebUIKeywordMain.stepFailed(WebUIKeywordMain.groovy:64)
	at com.kms.katalon.core.webui.keyword.internal.WebUIKeywordMain.runKeyword(WebUIKeywordMain.groovy:26)
	at com.kms.katalon.core.webui.keyword.builtin.ClickKeyword.click(ClickKeyword.groovy:75)
	at com.kms.katalon.core.webui.keyword.builtin.ClickKeyword.execute(ClickKeyword.groovy:42)
	at com.kms.katalon.core.keyword.internal.KeywordExecutor.executeKeywordForPlatform(KeywordExecutor.groovy:73)
	at com.kms.katalon.core.webui.keyword.WebUiBuiltInKeywords.click(WebUiBuiltInKeywords.groovy:620)
	at com.kms.katalon.core.webui.keyword.WebUiBuiltInKeywords$click$10.call(Unknown Source)
	at PersonalIncomeTax_MRF_TC.run(PersonalIncomeTax_MRF_TC:99)
	at com.kms.katalon.core.main.ScriptEngine.run(ScriptEngine.java:194)
	at com.kms.katalon.core.main.ScriptEngine.runScriptAsRawText(ScriptEngine.java:119)
	at com.kms.katalon.core.main.TestCaseExecutor.runScript(TestCaseExecutor.java:369)
	at com.kms.katalon.core.main.TestCaseExecutor.doExecute(TestCaseExecutor.java:360)
	at com.kms.katalon.core.main.TestCaseExecutor.processExecutionPhase(TestCaseExecutor.java:339)
	at com.kms.katalon.core.main.TestCaseExecutor.accessMainPhase(TestCaseExecutor.java:331)
	at com.kms.katalon.core.main.TestCaseExecutor.execute(TestCaseExecutor.java:248)
	at com.kms.katalon.core.main.TestSuiteExecutor.accessTestCaseMainPhase(TestSuiteExecutor.java:191)
	at com.kms.katalon.core.main.TestSuiteExecutor.accessTestSuiteMainPhase(TestSuiteExecutor.java:140)
	at com.kms.katalon.core.main.TestSuiteExecutor.execute(TestSuiteExecutor.java:89)
	at com.kms.katalon.core.main.TestCaseMain.startTestSuite(TestCaseMain.java:185)
	at com.kms.katalon.core.main.TestCaseMain$startTestSuite$0.call(Unknown Source)
	at TempTestSuite1634874291072.run(TempTestSuite1634874291072.groovy:39)
Caused by: com.kms.katalon.core.exception.StepFailedException: Unable to click on object 'Object Repository/RAD_Pages/Landing_Page/button_Continue'
	... 21 more
Caused by: org.openqa.selenium.ElementClickInterceptedException: element click intercepted: Element <button class="btn btn-primary float-end w-auto disablecontinue" disabled="">...</button> is not clickable at point (1077, 641). Other element would receive the click: <div class="w-100 mt-auto pt-3">...</div>
  (Session info: chrome=95.0.4638.54)
Build info: version: '3.141.59', revision: 'e82be7d358', time: '2018-11-14T08:25:53'
System info: host: 'DESKTOP-B2QI6NS', ip: '172.30.2.167', os.name: 'Windows 10', os.arch: 'amd64', os.version: '10.0', java.version: '1.8.0_181'
Driver info: com.kms.katalon.core.webui.driver.ExistingRemoteWebDriver
Capabilities {javascriptEnabled: true, platform: ANY, platformName: ANY}
Session ID: a98d1b37a7782fa34c6e787ca58aacdc
	at org.openqa.selenium.remote.http.W3CHttpResponseCodec.createException(W3CHttpResponseCodec.java:187)
	at org.openqa.selenium.remote.http.W3CHttpResponseCodec.decode(W3CHttpResponseCodec.java:122)
	at org.openqa.selenium.remote.http.W3CHttpResponseCodec.decode(W3CHttpResponseCodec.java:49)
	at org.openqa.selenium.remote.HttpCommandExecutor.execute(HttpCommandExecutor.java:158)
	at org.openqa.selenium.remote.RemoteWebDriver.execute(RemoteWebDriver.java:552)
	at com.kms.katalon.core.webui.driver.ExistingRemoteWebDriver.execute(ExistingRemoteWebDriver.java:108)
	at org.openqa.selenium.remote.RemoteWebElement.execute(RemoteWebElement.java:285)
	at org.openqa.selenium.remote.RemoteWebElement.click(RemoteWebElement.java:84)
	at org.openqa.selenium.support.events.EventFiringWebDriver$EventFiringWebElement.lambda$new$0(EventFiringWebDriver.java:404)
	at com.sun.proxy.$Proxy11.click(Unknown Source)
	at org.openqa.selenium.support.events.EventFiringWebDriver$EventFiringWebElement.click(EventFiringWebDriver.java:417)
	at com.kms.katalon.core.webui.keyword.builtin.ClickKeyword$_click_closure1.doCall(ClickKeyword.groovy:68)
	at com.kms.katalon.core.webui.keyword.builtin.ClickKeyword$_click_closure1.call(ClickKeyword.groovy)
	at com.kms.katalon.core.webui.keyword.internal.WebUIKeywordMain.runKeyword(WebUIKeywordMain.groovy:20)
	... 19 more


2021-10-21 23:48:02 - [TEST_STEP][PASSED] - openBrowser(""): Browser is opened with url: ''

2021-10-21 23:48:02 - [MESSAGE][PASSED] - Browser is opened with url: ''

2021-10-21 23:48:02 - [TEST_STEP][PASSED] - maximizeWindow(): Current window maximized

2021-10-21 23:48:02 - [MESSAGE][PASSED] - Current window maximized

2021-10-21 23:48:02 - [TEST_STEP][PASSED] - navigateToUrl(RADurl): Navigate to 'https://qa.velocitypayment.com/client/rad/index.html' successfully

2021-10-21 23:48:03 - [MESSAGE][PASSED] - Navigate to 'https://qa.velocitypayment.com/client/rad/index.html' successfully

2021-10-21 23:48:03 - [TEST_STEP][PASSED] - orPath_Landing = "Object Repository/RAD_Pages/Landing_Page": null

2021-10-21 23:48:03 - [TEST_STEP][PASSED] - orPath_Amount = "Object Repository/RAD_Pages/PaymentAmount_Page": null

2021-10-21 23:48:03 - [TEST_STEP][PASSED] - orPath_FilingStatus = "Object Repository/RAD_Pages/FilingStatus_Page": null

2021-10-21 23:48:03 - [TEST_STEP][PASSED] - orPath_TaxPayer = "Object Repository/RAD_Pages/Taxpayer_Page": null

2021-10-21 23:48:03 - [TEST_STEP][PASSED] - selectOptionByLabel(findTestObject(orPath_Landing + "/dd_TaxType"), "Personal Income Tax", false): All options with label 'Personal Income Tax' are selected in object 'Object Repository/RAD_Pages/Landing_Page/dd_TaxType' 

2021-10-21 23:48:03 - [MESSAGE][PASSED] - All options with label 'Personal Income Tax' are selected in object 'Object Repository/RAD_Pages/Landing_Page/dd_TaxType' 

2021-10-21 23:48:03 - [TEST_STEP][PASSED] - setText(findTestObject("RAD_RecordAndPlay/input_concatSSN"), "123-44-1234"): Text '123-44-1234' is set on object 'Object Repository/RAD_RecordAndPlay/input_concatSSN'

2021-10-21 23:48:04 - [MESSAGE][PASSED] - Text '123-44-1234' is set on object 'Object Repository/RAD_RecordAndPlay/input_concatSSN'

2021-10-21 23:48:04 - [TEST_STEP][PASSED] - setText(findTestObject("RAD_RecordAndPlay/input_concatReSSN"), "123-44-1234"): Text '123-44-1234' is set on object 'Object Repository/RAD_RecordAndPlay/input_concatReSSN'

2021-10-21 23:48:05 - [MESSAGE][PASSED] - Text '123-44-1234' is set on object 'Object Repository/RAD_RecordAndPlay/input_concatReSSN'

2021-10-21 23:48:05 - [TEST_STEP][PASSED] - setText(findTestObject(orPath_TaxPayer + "/input_lastName"), "Anderson"): Text 'Anderson' is set on object 'Object Repository/RAD_Pages/Taxpayer_Page/input_lastName'

2021-10-21 23:48:05 - [MESSAGE][PASSED] - Text 'Anderson' is set on object 'Object Repository/RAD_Pages/Taxpayer_Page/input_lastName'

2021-10-21 23:48:05 - [TEST_STEP][PASSED] - scrollToElement(findTestObject(orPath_Landing + "/button_Continue"), 3): Scroll to object 'Object Repository/RAD_Pages/Landing_Page/button_Continue' successfully

2021-10-21 23:48:06 - [MESSAGE][PASSED] - Scroll to object 'Object Repository/RAD_Pages/Landing_Page/button_Continue' successfully

2021-10-21 23:48:06 - [TEST_STEP][PASSED] - waitForElementClickable(findTestObject(orPath_Landing + "/button_Continue"), 5): Object 'Object Repository/RAD_Pages/Landing_Page/button_Continue' is clickable

2021-10-21 23:48:06 - [MESSAGE][PASSED] - Object 'Object Repository/RAD_Pages/Landing_Page/button_Continue' is clickable

2021-10-21 23:48:06 - [TEST_STEP][PASSED] - click(findTestObject(orPath_Landing + "/button_Continue")): Object: 'Object Repository/RAD_Pages/Landing_Page/button_Continue' is clicked on

2021-10-21 23:48:07 - [MESSAGE][PASSED] - Object: 'Object Repository/RAD_Pages/Landing_Page/button_Continue' is clicked on

2021-10-21 23:48:07 - [TEST_STEP][PASSED] - verifyTextPresent("Select a filing year", true): Text 'Select a filing year' is present on page  using regular expression

2021-10-21 23:48:07 - [MESSAGE][PASSED] - Text 'Select a filing year' is present on page  using regular expression

2021-10-21 23:48:07 - [TEST_STEP][PASSED] - verifyTextPresent("Enter first name", true): Text 'Enter first name' is present on page  using regular expression

2021-10-21 23:48:08 - [MESSAGE][PASSED] - Text 'Enter first name' is present on page  using regular expression

2021-10-21 23:48:08 - [TEST_STEP][PASSED] - verifyTextPresent("Enter address", true): Text 'Enter address' is present on page  using regular expression

2021-10-21 23:48:08 - [MESSAGE][PASSED] - Text 'Enter address' is present on page  using regular expression

2021-10-21 23:48:08 - [TEST_STEP][PASSED] - verifyTextPresent("Enter city", true): Text 'Enter city' is present on page  using regular expression

2021-10-21 23:48:09 - [MESSAGE][PASSED] - Text 'Enter city' is present on page  using regular expression

2021-10-21 23:48:09 - [TEST_STEP][PASSED] - verifyTextPresent("Select a state", true): Text 'Select a state' is present on page  using regular expression

2021-10-21 23:48:09 - [MESSAGE][PASSED] - Text 'Select a state' is present on page  using regular expression

2021-10-21 23:48:09 - [TEST_STEP][PASSED] - verifyTextPresent("Enter ZIP code", true): Text 'Enter ZIP code' is present on page  using regular expression

2021-10-21 23:48:09 - [MESSAGE][PASSED] - Text 'Enter ZIP code' is present on page  using regular expression

2021-10-21 23:48:09 - [TEST_STEP][PASSED] - verifyTextPresent("Enter a phone number", true): Text 'Enter a phone number' is present on page  using regular expression

2021-10-21 23:48:10 - [MESSAGE][PASSED] - Text 'Enter a phone number' is present on page  using regular expression

2021-10-21 23:48:10 - [TEST_STEP][PASSED] - verifyTextPresent("Enter Email", true): Text 'Enter Email' is present on page  using regular expression

2021-10-21 23:48:10 - [MESSAGE][PASSED] - Text 'Enter Email' is present on page  using regular expression

2021-10-21 23:48:10 - [TEST_STEP][PASSED] - verifyTextPresent("The Email and Re-enter email do not match", true): Text 'The Email and Re-enter email do not match' is present on page  using regular expression

2021-10-21 23:48:10 - [MESSAGE][PASSED] - Text 'The Email and Re-enter email do not match' is present on page  using regular expression

2021-10-21 23:48:10 - [TEST_STEP][PASSED] - verifyTextPresent("Payment amount must be greater than zero and less than 10,000,000", true): Text 'Payment amount must be greater than zero and less than 10,000,000' is present on page  using regular expression

2021-10-21 23:48:11 - [MESSAGE][PASSED] - Text 'Payment amount must be greater than zero and less than 10,000,000' is present on page  using regular expression

2021-10-21 23:48:11 - [TEST_STEP][PASSED] - scrollToElement(findTestObject(orPath_Amount + "/input__paymentAmount"), 3): Scroll to object 'Object Repository/RAD_Pages/PaymentAmount_Page/input__paymentAmount' successfully

2021-10-21 23:48:11 - [MESSAGE][PASSED] - Scroll to object 'Object Repository/RAD_Pages/PaymentAmount_Page/input__paymentAmount' successfully

2021-10-21 23:48:11 - [TEST_STEP][PASSED] - waitForElementClickable(findTestObject(orPath_FilingStatus + "/input_userType_Joint"), 5): Object 'Object Repository/RAD_Pages/FilingStatus_Page/input_userType_Joint' is clickable

2021-10-21 23:48:12 - [MESSAGE][PASSED] - Object 'Object Repository/RAD_Pages/FilingStatus_Page/input_userType_Joint' is clickable

2021-10-21 23:48:12 - [TEST_STEP][PASSED] - click(findTestObject(orPath_FilingStatus + "/input_userType_Joint")): Object: 'Object Repository/RAD_Pages/FilingStatus_Page/input_userType_Joint' is clicked on

2021-10-21 23:48:12 - [MESSAGE][PASSED] - Object: 'Object Repository/RAD_Pages/FilingStatus_Page/input_userType_Joint' is clicked on

2021-10-21 23:48:12 - [TEST_STEP][PASSED] - scrollToElement(findTestObject(orPath_Amount + "/input__paymentAmount"), 3): Scroll to object 'Object Repository/RAD_Pages/PaymentAmount_Page/input__paymentAmount' successfully

2021-10-21 23:48:13 - [MESSAGE][PASSED] - Scroll to object 'Object Repository/RAD_Pages/PaymentAmount_Page/input__paymentAmount' successfully

2021-10-21 23:48:13 - [TEST_STEP][FAILED] - click(findTestObject(orPath_Landing + "/button_Continue")): Unable to click on object 'Object Repository/RAD_Pages/Landing_Page/button_Continue' (Root cause: com.kms.katalon.core.exception.StepFailedException: Unable to click on object 'Object Repository/RAD_Pages/Landing_Page/button_Continue'
	at com.kms.katalon.core.webui.keyword.internal.WebUIKeywordMain.stepFailed(WebUIKeywordMain.groovy:64)
	at com.kms.katalon.core.webui.keyword.internal.WebUIKeywordMain.runKeyword(WebUIKeywordMain.groovy:26)
	at com.kms.katalon.core.webui.keyword.builtin.ClickKeyword.click(ClickKeyword.groovy:75)
	at com.kms.katalon.core.webui.keyword.builtin.ClickKeyword.execute(ClickKeyword.groovy:42)
	at com.kms.katalon.core.keyword.internal.KeywordExecutor.executeKeywordForPlatform(KeywordExecutor.groovy:73)
	at com.kms.katalon.core.webui.keyword.WebUiBuiltInKeywords.click(WebUiBuiltInKeywords.groovy:620)
	at com.kms.katalon.core.webui.keyword.WebUiBuiltInKeywords$click$10.call(Unknown Source)
	at PersonalIncomeTax_MRF_TC.run(PersonalIncomeTax_MRF_TC:99)
	at com.kms.katalon.core.main.ScriptEngine.run(ScriptEngine.java:194)
	at com.kms.katalon.core.main.ScriptEngine.runScriptAsRawText(ScriptEngine.java:119)
	at com.kms.katalon.core.main.TestCaseExecutor.runScript(TestCaseExecutor.java:369)
	at com.kms.katalon.core.main.TestCaseExecutor.doExecute(TestCaseExecutor.java:360)
	at com.kms.katalon.core.main.TestCaseExecutor.processExecutionPhase(TestCaseExecutor.java:339)
	at com.kms.katalon.core.main.TestCaseExecutor.accessMainPhase(TestCaseExecutor.java:331)
	at com.kms.katalon.core.main.TestCaseExecutor.execute(TestCaseExecutor.java:248)
	at com.kms.katalon.core.main.TestSuiteExecutor.accessTestCaseMainPhase(TestSuiteExecutor.java:191)
	at com.kms.katalon.core.main.TestSuiteExecutor.accessTestSuiteMainPhase(TestSuiteExecutor.java:140)
	at com.kms.katalon.core.main.TestSuiteExecutor.execute(TestSuiteExecutor.java:89)
	at com.kms.katalon.core.main.TestCaseMain.startTestSuite(TestCaseMain.java:185)
	at com.kms.katalon.core.main.TestCaseMain$startTestSuite$0.call(Unknown Source)
	at TempTestSuite1634874291072.run(TempTestSuite1634874291072.groovy:39)
Caused by: org.openqa.selenium.ElementClickInterceptedException: element click intercepted: Element <button class="btn btn-primary float-end w-auto disablecontinue" disabled="">...</button> is not clickable at point (1077, 641). Other element would receive the click: <div class="w-100 mt-auto pt-3">...</div>
  (Session info: chrome=95.0.4638.54)
Build info: version: '3.141.59', revision: 'e82be7d358', time: '2018-11-14T08:25:53'
System info: host: 'DESKTOP-B2QI6NS', ip: '172.30.2.167', os.name: 'Windows 10', os.arch: 'amd64', os.version: '10.0', java.version: '1.8.0_181'
Driver info: com.kms.katalon.core.webui.driver.ExistingRemoteWebDriver
Capabilities {javascriptEnabled: true, platform: ANY, platformName: ANY}
Session ID: a98d1b37a7782fa34c6e787ca58aacdc
	at org.openqa.selenium.remote.http.W3CHttpResponseCodec.createException(W3CHttpResponseCodec.java:187)
	at org.openqa.selenium.remote.http.W3CHttpResponseCodec.decode(W3CHttpResponseCodec.java:122)
	at org.openqa.selenium.remote.http.W3CHttpResponseCodec.decode(W3CHttpResponseCodec.java:49)
	at org.openqa.selenium.remote.HttpCommandExecutor.execute(HttpCommandExecutor.java:158)
	at org.openqa.selenium.remote.RemoteWebDriver.execute(RemoteWebDriver.java:552)
	at com.kms.katalon.core.webui.driver.ExistingRemoteWebDriver.execute(ExistingRemoteWebDriver.java:108)
	at org.openqa.selenium.remote.RemoteWebElement.execute(RemoteWebElement.java:285)
	at org.openqa.selenium.remote.RemoteWebElement.click(RemoteWebElement.java:84)
	at org.openqa.selenium.support.events.EventFiringWebDriver$EventFiringWebElement.lambda$new$0(EventFiringWebDriver.java:404)
	at com.sun.proxy.$Proxy11.click(Unknown Source)
	at org.openqa.selenium.support.events.EventFiringWebDriver$EventFiringWebElement.click(EventFiringWebDriver.java:417)
	at com.kms.katalon.core.webui.keyword.builtin.ClickKeyword$_click_closure1.doCall(ClickKeyword.groovy:68)
	at com.kms.katalon.core.webui.keyword.builtin.ClickKeyword$_click_closure1.call(ClickKeyword.groovy)
	at com.kms.katalon.core.webui.keyword.internal.WebUIKeywordMain.runKeyword(WebUIKeywordMain.groovy:20)
	at com.kms.katalon.core.webui.keyword.builtin.ClickKeyword.click(ClickKeyword.groovy:75)
	at com.kms.katalon.core.webui.keyword.builtin.ClickKeyword.execute(ClickKeyword.groovy:42)
	at com.kms.katalon.core.keyword.internal.KeywordExecutor.executeKeywordForPlatform(KeywordExecutor.groovy:73)
	at com.kms.katalon.core.webui.keyword.WebUiBuiltInKeywords.click(WebUiBuiltInKeywords.groovy:620)
	at com.kms.katalon.core.webui.keyword.WebUiBuiltInKeywords$click$10.call(Unknown Source)
	at Script1634610782044.run(Script1634610782044.groovy:99)
	... 13 more
)

2021-10-21 23:48:14 - [MESSAGE][FAILED] - Unable to click on object 'Object Repository/RAD_Pages/Landing_Page/button_Continue' (Root cause: com.kms.katalon.core.exception.StepFailedException: Unable to click on object 'Object Repository/RAD_Pages/Landing_Page/button_Continue'
	at com.kms.katalon.core.webui.keyword.internal.WebUIKeywordMain.stepFailed(WebUIKeywordMain.groovy:64)
	at com.kms.katalon.core.webui.keyword.internal.WebUIKeywordMain.runKeyword(WebUIKeywordMain.groovy:26)
	at com.kms.katalon.core.webui.keyword.builtin.ClickKeyword.click(ClickKeyword.groovy:75)
	at com.kms.katalon.core.webui.keyword.builtin.ClickKeyword.execute(ClickKeyword.groovy:42)
	at com.kms.katalon.core.keyword.internal.KeywordExecutor.executeKeywordForPlatform(KeywordExecutor.groovy:73)
	at com.kms.katalon.core.webui.keyword.WebUiBuiltInKeywords.click(WebUiBuiltInKeywords.groovy:620)
	at com.kms.katalon.core.webui.keyword.WebUiBuiltInKeywords$click$10.call(Unknown Source)
	at PersonalIncomeTax_MRF_TC.run(PersonalIncomeTax_MRF_TC:99)
	at com.kms.katalon.core.main.ScriptEngine.run(ScriptEngine.java:194)
	at com.kms.katalon.core.main.ScriptEngine.runScriptAsRawText(ScriptEngine.java:119)
	at com.kms.katalon.core.main.TestCaseExecutor.runScript(TestCaseExecutor.java:369)
	at com.kms.katalon.core.main.TestCaseExecutor.doExecute(TestCaseExecutor.java:360)
	at com.kms.katalon.core.main.TestCaseExecutor.processExecutionPhase(TestCaseExecutor.java:339)
	at com.kms.katalon.core.main.TestCaseExecutor.accessMainPhase(TestCaseExecutor.java:331)
	at com.kms.katalon.core.main.TestCaseExecutor.execute(TestCaseExecutor.java:248)
	at com.kms.katalon.core.main.TestSuiteExecutor.accessTestCaseMainPhase(TestSuiteExecutor.java:191)
	at com.kms.katalon.core.main.TestSuiteExecutor.accessTestSuiteMainPhase(TestSuiteExecutor.java:140)
	at com.kms.katalon.core.main.TestSuiteExecutor.execute(TestSuiteExecutor.java:89)
	at com.kms.katalon.core.main.TestCaseMain.startTestSuite(TestCaseMain.java:185)
	at com.kms.katalon.core.main.TestCaseMain$startTestSuite$0.call(Unknown Source)
	at TempTestSuite1634874291072.run(TempTestSuite1634874291072.groovy:39)
Caused by: org.openqa.selenium.ElementClickInterceptedException: element click intercepted: Element <button class="btn btn-primary float-end w-auto disablecontinue" disabled="">...</button> is not clickable at point (1077, 641). Other element would receive the click: <div class="w-100 mt-auto pt-3">...</div>
  (Session info: chrome=95.0.4638.54)
Build info: version: '3.141.59', revision: 'e82be7d358', time: '2018-11-14T08:25:53'
System info: host: 'DESKTOP-B2QI6NS', ip: '172.30.2.167', os.name: 'Windows 10', os.arch: 'amd64', os.version: '10.0', java.version: '1.8.0_181'
Driver info: com.kms.katalon.core.webui.driver.ExistingRemoteWebDriver
Capabilities {javascriptEnabled: true, platform: ANY, platformName: ANY}
Session ID: a98d1b37a7782fa34c6e787ca58aacdc
	at org.openqa.selenium.remote.http.W3CHttpResponseCodec.createException(W3CHttpResponseCodec.java:187)
	at org.openqa.selenium.remote.http.W3CHttpResponseCodec.decode(W3CHttpResponseCodec.java:122)
	at org.openqa.selenium.remote.http.W3CHttpResponseCodec.decode(W3CHttpResponseCodec.java:49)
	at org.openqa.selenium.remote.HttpCommandExecutor.execute(HttpCommandExecutor.java:158)
	at org.openqa.selenium.remote.RemoteWebDriver.execute(RemoteWebDriver.java:552)
	at com.kms.katalon.core.webui.driver.ExistingRemoteWebDriver.execute(ExistingRemoteWebDriver.java:108)
	at org.openqa.selenium.remote.RemoteWebElement.execute(RemoteWebElement.java:285)
	at org.openqa.selenium.remote.RemoteWebElement.click(RemoteWebElement.java:84)
	at org.openqa.selenium.support.events.EventFiringWebDriver$EventFiringWebElement.lambda$new$0(EventFiringWebDriver.java:404)
	at com.sun.proxy.$Proxy11.click(Unknown Source)
	at org.openqa.selenium.support.events.EventFiringWebDriver$EventFiringWebElement.click(EventFiringWebDriver.java:417)
	at com.kms.katalon.core.webui.keyword.builtin.ClickKeyword$_click_closure1.doCall(ClickKeyword.groovy:68)
	at com.kms.katalon.core.webui.keyword.builtin.ClickKeyword$_click_closure1.call(ClickKeyword.groovy)
	at com.kms.katalon.core.webui.keyword.internal.WebUIKeywordMain.runKeyword(WebUIKeywordMain.groovy:20)
	at com.kms.katalon.core.webui.keyword.builtin.ClickKeyword.click(ClickKeyword.groovy:75)
	at com.kms.katalon.core.webui.keyword.builtin.ClickKeyword.execute(ClickKeyword.groovy:42)
	at com.kms.katalon.core.keyword.internal.KeywordExecutor.executeKeywordForPlatform(KeywordExecutor.groovy:73)
	at com.kms.katalon.core.webui.keyword.WebUiBuiltInKeywords.click(WebUiBuiltInKeywords.groovy:620)
	at com.kms.katalon.core.webui.keyword.WebUiBuiltInKeywords$click$10.call(Unknown Source)
	at Script1634610782044.run(Script1634610782044.groovy:99)
	... 13 more
)
[[ATTACHMENT|E:\\Cloned-Project-Katalon\\VPS-Katalon\\Reports\\20211021_234451\\RAD_TestSuite\\RAD_UI_TestSuite\\20211021_234451\\1634874494504.png]]

2021-10-21 23:48:14 - [TEST_STEP][FAILED] - verifyTextPresent("Enter joint payer first name", true): Text 'Enter joint payer first name' is not present on page  using regular expression (Root cause: com.kms.katalon.core.exception.StepFailedException: Text 'Enter joint payer first name' is not present on page  using regular expression
	at com.kms.katalon.core.webui.keyword.internal.WebUIKeywordMain.stepFailed(WebUIKeywordMain.groovy:64)
	at com.kms.katalon.core.webui.keyword.builtin.VerifyTextPresentKeyword$_verifyTextPresent_closure1.doCall(VerifyTextPresentKeyword.groovy:79)
	at com.kms.katalon.core.webui.keyword.builtin.VerifyTextPresentKeyword$_verifyTextPresent_closure1.call(VerifyTextPresentKeyword.groovy)
	at com.kms.katalon.core.webui.keyword.internal.WebUIKeywordMain.runKeyword(WebUIKeywordMain.groovy:20)
	at com.kms.katalon.core.webui.keyword.builtin.VerifyTextPresentKeyword.verifyTextPresent(VerifyTextPresentKeyword.groovy:83)
	at com.kms.katalon.core.webui.keyword.builtin.VerifyTextPresentKeyword.execute(VerifyTextPresentKeyword.groovy:68)
	at com.kms.katalon.core.keyword.internal.KeywordExecutor.executeKeywordForPlatform(KeywordExecutor.groovy:73)
	at com.kms.katalon.core.webui.keyword.WebUiBuiltInKeywords.verifyTextPresent(WebUiBuiltInKeywords.groovy:1723)
	at com.kms.katalon.core.webui.keyword.WebUiBuiltInKeywords$verifyTextPresent$3.call(Unknown Source)
	at PersonalIncomeTax_MRF_TC.run(PersonalIncomeTax_MRF_TC:101)
	at com.kms.katalon.core.main.ScriptEngine.run(ScriptEngine.java:194)
	at com.kms.katalon.core.main.ScriptEngine.runScriptAsRawText(ScriptEngine.java:119)
	at com.kms.katalon.core.main.TestCaseExecutor.runScript(TestCaseExecutor.java:369)
	at com.kms.katalon.core.main.TestCaseExecutor.doExecute(TestCaseExecutor.java:360)
	at com.kms.katalon.core.main.TestCaseExecutor.processExecutionPhase(TestCaseExecutor.java:339)
	at com.kms.katalon.core.main.TestCaseExecutor.accessMainPhase(TestCaseExecutor.java:331)
	at com.kms.katalon.core.main.TestCaseExecutor.execute(TestCaseExecutor.java:248)
	at com.kms.katalon.core.main.TestSuiteExecutor.accessTestCaseMainPhase(TestSuiteExecutor.java:191)
	at com.kms.katalon.core.main.TestSuiteExecutor.accessTestSuiteMainPhase(TestSuiteExecutor.java:140)
	at com.kms.katalon.core.main.TestSuiteExecutor.execute(TestSuiteExecutor.java:89)
	at com.kms.katalon.core.main.TestCaseMain.startTestSuite(TestCaseMain.java:185)
	at com.kms.katalon.core.main.TestCaseMain$startTestSuite$0.call(Unknown Source)
	at TempTestSuite1634874291072.run(TempTestSuite1634874291072.groovy:39)
)

2021-10-21 23:48:15 - [MESSAGE][FAILED] - Text 'Enter joint payer first name' is not present on page  using regular expression (Root cause: com.kms.katalon.core.exception.StepFailedException: Text 'Enter joint payer first name' is not present on page  using regular expression
	at com.kms.katalon.core.webui.keyword.internal.WebUIKeywordMain.stepFailed(WebUIKeywordMain.groovy:64)
	at com.kms.katalon.core.webui.keyword.builtin.VerifyTextPresentKeyword$_verifyTextPresent_closure1.doCall(VerifyTextPresentKeyword.groovy:79)
	at com.kms.katalon.core.webui.keyword.builtin.VerifyTextPresentKeyword$_verifyTextPresent_closure1.call(VerifyTextPresentKeyword.groovy)
	at com.kms.katalon.core.webui.keyword.internal.WebUIKeywordMain.runKeyword(WebUIKeywordMain.groovy:20)
	at com.kms.katalon.core.webui.keyword.builtin.VerifyTextPresentKeyword.verifyTextPresent(VerifyTextPresentKeyword.groovy:83)
	at com.kms.katalon.core.webui.keyword.builtin.VerifyTextPresentKeyword.execute(VerifyTextPresentKeyword.groovy:68)
	at com.kms.katalon.core.keyword.internal.KeywordExecutor.executeKeywordForPlatform(KeywordExecutor.groovy:73)
	at com.kms.katalon.core.webui.keyword.WebUiBuiltInKeywords.verifyTextPresent(WebUiBuiltInKeywords.groovy:1723)
	at com.kms.katalon.core.webui.keyword.WebUiBuiltInKeywords$verifyTextPresent$3.call(Unknown Source)
	at PersonalIncomeTax_MRF_TC.run(PersonalIncomeTax_MRF_TC:101)
	at com.kms.katalon.core.main.ScriptEngine.run(ScriptEngine.java:194)
	at com.kms.katalon.core.main.ScriptEngine.runScriptAsRawText(ScriptEngine.java:119)
	at com.kms.katalon.core.main.TestCaseExecutor.runScript(TestCaseExecutor.java:369)
	at com.kms.katalon.core.main.TestCaseExecutor.doExecute(TestCaseExecutor.java:360)
	at com.kms.katalon.core.main.TestCaseExecutor.processExecutionPhase(TestCaseExecutor.java:339)
	at com.kms.katalon.core.main.TestCaseExecutor.accessMainPhase(TestCaseExecutor.java:331)
	at com.kms.katalon.core.main.TestCaseExecutor.execute(TestCaseExecutor.java:248)
	at com.kms.katalon.core.main.TestSuiteExecutor.accessTestCaseMainPhase(TestSuiteExecutor.java:191)
	at com.kms.katalon.core.main.TestSuiteExecutor.accessTestSuiteMainPhase(TestSuiteExecutor.java:140)
	at com.kms.katalon.core.main.TestSuiteExecutor.execute(TestSuiteExecutor.java:89)
	at com.kms.katalon.core.main.TestCaseMain.startTestSuite(TestCaseMain.java:185)
	at com.kms.katalon.core.main.TestCaseMain$startTestSuite$0.call(Unknown Source)
	at TempTestSuite1634874291072.run(TempTestSuite1634874291072.groovy:39)
)

2021-10-21 23:48:15 - [TEST_STEP][FAILED] - verifyTextPresent("Enter joint payer last name", true): Text 'Enter joint payer last name' is not present on page  using regular expression (Root cause: com.kms.katalon.core.exception.StepFailedException: Text 'Enter joint payer last name' is not present on page  using regular expression
	at com.kms.katalon.core.webui.keyword.internal.WebUIKeywordMain.stepFailed(WebUIKeywordMain.groovy:64)
	at com.kms.katalon.core.webui.keyword.builtin.VerifyTextPresentKeyword$_verifyTextPresent_closure1.doCall(VerifyTextPresentKeyword.groovy:79)
	at com.kms.katalon.core.webui.keyword.builtin.VerifyTextPresentKeyword$_verifyTextPresent_closure1.call(VerifyTextPresentKeyword.groovy)
	at com.kms.katalon.core.webui.keyword.internal.WebUIKeywordMain.runKeyword(WebUIKeywordMain.groovy:20)
	at com.kms.katalon.core.webui.keyword.builtin.VerifyTextPresentKeyword.verifyTextPresent(VerifyTextPresentKeyword.groovy:83)
	at com.kms.katalon.core.webui.keyword.builtin.VerifyTextPresentKeyword.execute(VerifyTextPresentKeyword.groovy:68)
	at com.kms.katalon.core.keyword.internal.KeywordExecutor.executeKeywordForPlatform(KeywordExecutor.groovy:73)
	at com.kms.katalon.core.webui.keyword.WebUiBuiltInKeywords.verifyTextPresent(WebUiBuiltInKeywords.groovy:1723)
	at com.kms.katalon.core.webui.keyword.WebUiBuiltInKeywords$verifyTextPresent$3.call(Unknown Source)
	at PersonalIncomeTax_MRF_TC.run(PersonalIncomeTax_MRF_TC:103)
	at com.kms.katalon.core.main.ScriptEngine.run(ScriptEngine.java:194)
	at com.kms.katalon.core.main.ScriptEngine.runScriptAsRawText(ScriptEngine.java:119)
	at com.kms.katalon.core.main.TestCaseExecutor.runScript(TestCaseExecutor.java:369)
	at com.kms.katalon.core.main.TestCaseExecutor.doExecute(TestCaseExecutor.java:360)
	at com.kms.katalon.core.main.TestCaseExecutor.processExecutionPhase(TestCaseExecutor.java:339)
	at com.kms.katalon.core.main.TestCaseExecutor.accessMainPhase(TestCaseExecutor.java:331)
	at com.kms.katalon.core.main.TestCaseExecutor.execute(TestCaseExecutor.java:248)
	at com.kms.katalon.core.main.TestSuiteExecutor.accessTestCaseMainPhase(TestSuiteExecutor.java:191)
	at com.kms.katalon.core.main.TestSuiteExecutor.accessTestSuiteMainPhase(TestSuiteExecutor.java:140)
	at com.kms.katalon.core.main.TestSuiteExecutor.execute(TestSuiteExecutor.java:89)
	at com.kms.katalon.core.main.TestCaseMain.startTestSuite(TestCaseMain.java:185)
	at com.kms.katalon.core.main.TestCaseMain$startTestSuite$0.call(Unknown Source)
	at TempTestSuite1634874291072.run(TempTestSuite1634874291072.groovy:39)
)

2021-10-21 23:48:15 - [MESSAGE][FAILED] - Text 'Enter joint payer last name' is not present on page  using regular expression (Root cause: com.kms.katalon.core.exception.StepFailedException: Text 'Enter joint payer last name' is not present on page  using regular expression
	at com.kms.katalon.core.webui.keyword.internal.WebUIKeywordMain.stepFailed(WebUIKeywordMain.groovy:64)
	at com.kms.katalon.core.webui.keyword.builtin.VerifyTextPresentKeyword$_verifyTextPresent_closure1.doCall(VerifyTextPresentKeyword.groovy:79)
	at com.kms.katalon.core.webui.keyword.builtin.VerifyTextPresentKeyword$_verifyTextPresent_closure1.call(VerifyTextPresentKeyword.groovy)
	at com.kms.katalon.core.webui.keyword.internal.WebUIKeywordMain.runKeyword(WebUIKeywordMain.groovy:20)
	at com.kms.katalon.core.webui.keyword.builtin.VerifyTextPresentKeyword.verifyTextPresent(VerifyTextPresentKeyword.groovy:83)
	at com.kms.katalon.core.webui.keyword.builtin.VerifyTextPresentKeyword.execute(VerifyTextPresentKeyword.groovy:68)
	at com.kms.katalon.core.keyword.internal.KeywordExecutor.executeKeywordForPlatform(KeywordExecutor.groovy:73)
	at com.kms.katalon.core.webui.keyword.WebUiBuiltInKeywords.verifyTextPresent(WebUiBuiltInKeywords.groovy:1723)
	at com.kms.katalon.core.webui.keyword.WebUiBuiltInKeywords$verifyTextPresent$3.call(Unknown Source)
	at PersonalIncomeTax_MRF_TC.run(PersonalIncomeTax_MRF_TC:103)
	at com.kms.katalon.core.main.ScriptEngine.run(ScriptEngine.java:194)
	at com.kms.katalon.core.main.ScriptEngine.runScriptAsRawText(ScriptEngine.java:119)
	at com.kms.katalon.core.main.TestCaseExecutor.runScript(TestCaseExecutor.java:369)
	at com.kms.katalon.core.main.TestCaseExecutor.doExecute(TestCaseExecutor.java:360)
	at com.kms.katalon.core.main.TestCaseExecutor.processExecutionPhase(TestCaseExecutor.java:339)
	at com.kms.katalon.core.main.TestCaseExecutor.accessMainPhase(TestCaseExecutor.java:331)
	at com.kms.katalon.core.main.TestCaseExecutor.execute(TestCaseExecutor.java:248)
	at com.kms.katalon.core.main.TestSuiteExecutor.accessTestCaseMainPhase(TestSuiteExecutor.java:191)
	at com.kms.katalon.core.main.TestSuiteExecutor.accessTestSuiteMainPhase(TestSuiteExecutor.java:140)
	at com.kms.katalon.core.main.TestSuiteExecutor.execute(TestSuiteExecutor.java:89)
	at com.kms.katalon.core.main.TestCaseMain.startTestSuite(TestCaseMain.java:185)
	at com.kms.katalon.core.main.TestCaseMain$startTestSuite$0.call(Unknown Source)
	at TempTestSuite1634874291072.run(TempTestSuite1634874291072.groovy:39)
)

2021-10-21 23:48:15 - [TEST_STEP][FAILED] - verifyTextPresent("Enter joint payer social security number", true): Text 'Enter joint payer social security number' is not present on page  using regular expression (Root cause: com.kms.katalon.core.exception.StepFailedException: Text 'Enter joint payer social security number' is not present on page  using regular expression
	at com.kms.katalon.core.webui.keyword.internal.WebUIKeywordMain.stepFailed(WebUIKeywordMain.groovy:64)
	at com.kms.katalon.core.webui.keyword.builtin.VerifyTextPresentKeyword$_verifyTextPresent_closure1.doCall(VerifyTextPresentKeyword.groovy:79)
	at com.kms.katalon.core.webui.keyword.builtin.VerifyTextPresentKeyword$_verifyTextPresent_closure1.call(VerifyTextPresentKeyword.groovy)
	at com.kms.katalon.core.webui.keyword.internal.WebUIKeywordMain.runKeyword(WebUIKeywordMain.groovy:20)
	at com.kms.katalon.core.webui.keyword.builtin.VerifyTextPresentKeyword.verifyTextPresent(VerifyTextPresentKeyword.groovy:83)
	at com.kms.katalon.core.webui.keyword.builtin.VerifyTextPresentKeyword.execute(VerifyTextPresentKeyword.groovy:68)
	at com.kms.katalon.core.keyword.internal.KeywordExecutor.executeKeywordForPlatform(KeywordExecutor.groovy:73)
	at com.kms.katalon.core.webui.keyword.WebUiBuiltInKeywords.verifyTextPresent(WebUiBuiltInKeywords.groovy:1723)
	at com.kms.katalon.core.webui.keyword.WebUiBuiltInKeywords$verifyTextPresent$3.call(Unknown Source)
	at PersonalIncomeTax_MRF_TC.run(PersonalIncomeTax_MRF_TC:105)
	at com.kms.katalon.core.main.ScriptEngine.run(ScriptEngine.java:194)
	at com.kms.katalon.core.main.ScriptEngine.runScriptAsRawText(ScriptEngine.java:119)
	at com.kms.katalon.core.main.TestCaseExecutor.runScript(TestCaseExecutor.java:369)
	at com.kms.katalon.core.main.TestCaseExecutor.doExecute(TestCaseExecutor.java:360)
	at com.kms.katalon.core.main.TestCaseExecutor.processExecutionPhase(TestCaseExecutor.java:339)
	at com.kms.katalon.core.main.TestCaseExecutor.accessMainPhase(TestCaseExecutor.java:331)
	at com.kms.katalon.core.main.TestCaseExecutor.execute(TestCaseExecutor.java:248)
	at com.kms.katalon.core.main.TestSuiteExecutor.accessTestCaseMainPhase(TestSuiteExecutor.java:191)
	at com.kms.katalon.core.main.TestSuiteExecutor.accessTestSuiteMainPhase(TestSuiteExecutor.java:140)
	at com.kms.katalon.core.main.TestSuiteExecutor.execute(TestSuiteExecutor.java:89)
	at com.kms.katalon.core.main.TestCaseMain.startTestSuite(TestCaseMain.java:185)
	at com.kms.katalon.core.main.TestCaseMain$startTestSuite$0.call(Unknown Source)
	at TempTestSuite1634874291072.run(TempTestSuite1634874291072.groovy:39)
)

2021-10-21 23:48:15 - [MESSAGE][FAILED] - Text 'Enter joint payer social security number' is not present on page  using regular expression (Root cause: com.kms.katalon.core.exception.StepFailedException: Text 'Enter joint payer social security number' is not present on page  using regular expression
	at com.kms.katalon.core.webui.keyword.internal.WebUIKeywordMain.stepFailed(WebUIKeywordMain.groovy:64)
	at com.kms.katalon.core.webui.keyword.builtin.VerifyTextPresentKeyword$_verifyTextPresent_closure1.doCall(VerifyTextPresentKeyword.groovy:79)
	at com.kms.katalon.core.webui.keyword.builtin.VerifyTextPresentKeyword$_verifyTextPresent_closure1.call(VerifyTextPresentKeyword.groovy)
	at com.kms.katalon.core.webui.keyword.internal.WebUIKeywordMain.runKeyword(WebUIKeywordMain.groovy:20)
	at com.kms.katalon.core.webui.keyword.builtin.VerifyTextPresentKeyword.verifyTextPresent(VerifyTextPresentKeyword.groovy:83)
	at com.kms.katalon.core.webui.keyword.builtin.VerifyTextPresentKeyword.execute(VerifyTextPresentKeyword.groovy:68)
	at com.kms.katalon.core.keyword.internal.KeywordExecutor.executeKeywordForPlatform(KeywordExecutor.groovy:73)
	at com.kms.katalon.core.webui.keyword.WebUiBuiltInKeywords.verifyTextPresent(WebUiBuiltInKeywords.groovy:1723)
	at com.kms.katalon.core.webui.keyword.WebUiBuiltInKeywords$verifyTextPresent$3.call(Unknown Source)
	at PersonalIncomeTax_MRF_TC.run(PersonalIncomeTax_MRF_TC:105)
	at com.kms.katalon.core.main.ScriptEngine.run(ScriptEngine.java:194)
	at com.kms.katalon.core.main.ScriptEngine.runScriptAsRawText(ScriptEngine.java:119)
	at com.kms.katalon.core.main.TestCaseExecutor.runScript(TestCaseExecutor.java:369)
	at com.kms.katalon.core.main.TestCaseExecutor.doExecute(TestCaseExecutor.java:360)
	at com.kms.katalon.core.main.TestCaseExecutor.processExecutionPhase(TestCaseExecutor.java:339)
	at com.kms.katalon.core.main.TestCaseExecutor.accessMainPhase(TestCaseExecutor.java:331)
	at com.kms.katalon.core.main.TestCaseExecutor.execute(TestCaseExecutor.java:248)
	at com.kms.katalon.core.main.TestSuiteExecutor.accessTestCaseMainPhase(TestSuiteExecutor.java:191)
	at com.kms.katalon.core.main.TestSuiteExecutor.accessTestSuiteMainPhase(TestSuiteExecutor.java:140)
	at com.kms.katalon.core.main.TestSuiteExecutor.execute(TestSuiteExecutor.java:89)
	at com.kms.katalon.core.main.TestCaseMain.startTestSuite(TestCaseMain.java:185)
	at com.kms.katalon.core.main.TestCaseMain$startTestSuite$0.call(Unknown Source)
	at TempTestSuite1634874291072.run(TempTestSuite1634874291072.groovy:39)
)

2021-10-21 23:48:15 - [TEST_STEP][FAILED] - verifyTextPresent("The joint payer SSN and Re-enter SSN do not match", true): Text 'The joint payer SSN and Re-enter SSN do not match' is not present on page  using regular expression (Root cause: com.kms.katalon.core.exception.StepFailedException: Text 'The joint payer SSN and Re-enter SSN do not match' is not present on page  using regular expression
	at com.kms.katalon.core.webui.keyword.internal.WebUIKeywordMain.stepFailed(WebUIKeywordMain.groovy:64)
	at com.kms.katalon.core.webui.keyword.builtin.VerifyTextPresentKeyword$_verifyTextPresent_closure1.doCall(VerifyTextPresentKeyword.groovy:79)
	at com.kms.katalon.core.webui.keyword.builtin.VerifyTextPresentKeyword$_verifyTextPresent_closure1.call(VerifyTextPresentKeyword.groovy)
	at com.kms.katalon.core.webui.keyword.internal.WebUIKeywordMain.runKeyword(WebUIKeywordMain.groovy:20)
	at com.kms.katalon.core.webui.keyword.builtin.VerifyTextPresentKeyword.verifyTextPresent(VerifyTextPresentKeyword.groovy:83)
	at com.kms.katalon.core.webui.keyword.builtin.VerifyTextPresentKeyword.execute(VerifyTextPresentKeyword.groovy:68)
	at com.kms.katalon.core.keyword.internal.KeywordExecutor.executeKeywordForPlatform(KeywordExecutor.groovy:73)
	at com.kms.katalon.core.webui.keyword.WebUiBuiltInKeywords.verifyTextPresent(WebUiBuiltInKeywords.groovy:1723)
	at com.kms.katalon.core.webui.keyword.WebUiBuiltInKeywords$verifyTextPresent$3.call(Unknown Source)
	at PersonalIncomeTax_MRF_TC.run(PersonalIncomeTax_MRF_TC:107)
	at com.kms.katalon.core.main.ScriptEngine.run(ScriptEngine.java:194)
	at com.kms.katalon.core.main.ScriptEngine.runScriptAsRawText(ScriptEngine.java:119)
	at com.kms.katalon.core.main.TestCaseExecutor.runScript(TestCaseExecutor.java:369)
	at com.kms.katalon.core.main.TestCaseExecutor.doExecute(TestCaseExecutor.java:360)
	at com.kms.katalon.core.main.TestCaseExecutor.processExecutionPhase(TestCaseExecutor.java:339)
	at com.kms.katalon.core.main.TestCaseExecutor.accessMainPhase(TestCaseExecutor.java:331)
	at com.kms.katalon.core.main.TestCaseExecutor.execute(TestCaseExecutor.java:248)
	at com.kms.katalon.core.main.TestSuiteExecutor.accessTestCaseMainPhase(TestSuiteExecutor.java:191)
	at com.kms.katalon.core.main.TestSuiteExecutor.accessTestSuiteMainPhase(TestSuiteExecutor.java:140)
	at com.kms.katalon.core.main.TestSuiteExecutor.execute(TestSuiteExecutor.java:89)
	at com.kms.katalon.core.main.TestCaseMain.startTestSuite(TestCaseMain.java:185)
	at com.kms.katalon.core.main.TestCaseMain$startTestSuite$0.call(Unknown Source)
	at TempTestSuite1634874291072.run(TempTestSuite1634874291072.groovy:39)
)

2021-10-21 23:48:16 - [MESSAGE][FAILED] - Text 'The joint payer SSN and Re-enter SSN do not match' is not present on page  using regular expression (Root cause: com.kms.katalon.core.exception.StepFailedException: Text 'The joint payer SSN and Re-enter SSN do not match' is not present on page  using regular expression
	at com.kms.katalon.core.webui.keyword.internal.WebUIKeywordMain.stepFailed(WebUIKeywordMain.groovy:64)
	at com.kms.katalon.core.webui.keyword.builtin.VerifyTextPresentKeyword$_verifyTextPresent_closure1.doCall(VerifyTextPresentKeyword.groovy:79)
	at com.kms.katalon.core.webui.keyword.builtin.VerifyTextPresentKeyword$_verifyTextPresent_closure1.call(VerifyTextPresentKeyword.groovy)
	at com.kms.katalon.core.webui.keyword.internal.WebUIKeywordMain.runKeyword(WebUIKeywordMain.groovy:20)
	at com.kms.katalon.core.webui.keyword.builtin.VerifyTextPresentKeyword.verifyTextPresent(VerifyTextPresentKeyword.groovy:83)
	at com.kms.katalon.core.webui.keyword.builtin.VerifyTextPresentKeyword.execute(VerifyTextPresentKeyword.groovy:68)
	at com.kms.katalon.core.keyword.internal.KeywordExecutor.executeKeywordForPlatform(KeywordExecutor.groovy:73)
	at com.kms.katalon.core.webui.keyword.WebUiBuiltInKeywords.verifyTextPresent(WebUiBuiltInKeywords.groovy:1723)
	at com.kms.katalon.core.webui.keyword.WebUiBuiltInKeywords$verifyTextPresent$3.call(Unknown Source)
	at PersonalIncomeTax_MRF_TC.run(PersonalIncomeTax_MRF_TC:107)
	at com.kms.katalon.core.main.ScriptEngine.run(ScriptEngine.java:194)
	at com.kms.katalon.core.main.ScriptEngine.runScriptAsRawText(ScriptEngine.java:119)
	at com.kms.katalon.core.main.TestCaseExecutor.runScript(TestCaseExecutor.java:369)
	at com.kms.katalon.core.main.TestCaseExecutor.doExecute(TestCaseExecutor.java:360)
	at com.kms.katalon.core.main.TestCaseExecutor.processExecutionPhase(TestCaseExecutor.java:339)
	at com.kms.katalon.core.main.TestCaseExecutor.accessMainPhase(TestCaseExecutor.java:331)
	at com.kms.katalon.core.main.TestCaseExecutor.execute(TestCaseExecutor.java:248)
	at com.kms.katalon.core.main.TestSuiteExecutor.accessTestCaseMainPhase(TestSuiteExecutor.java:191)
	at com.kms.katalon.core.main.TestSuiteExecutor.accessTestSuiteMainPhase(TestSuiteExecutor.java:140)
	at com.kms.katalon.core.main.TestSuiteExecutor.execute(TestSuiteExecutor.java:89)
	at com.kms.katalon.core.main.TestCaseMain.startTestSuite(TestCaseMain.java:185)
	at com.kms.katalon.core.main.TestCaseMain$startTestSuite$0.call(Unknown Source)
	at TempTestSuite1634874291072.run(TempTestSuite1634874291072.groovy:39)
)]]></system-out>
         <system-err><![CDATA[2021-10-21 23:48:02 - [TEST_CASE][FAILED] - Test Cases/RAD_TestCases/MRF_TestCases/PersonalIncomeTax_MRF_TC: Test Cases/RAD_TestCases/MRF_TestCases/PersonalIncomeTax_MRF_TC FAILED.
Reason:
com.kms.katalon.core.exception.StepFailedException: Unable to click on object 'Object Repository/RAD_Pages/Landing_Page/button_Continue' (Root cause: com.kms.katalon.core.exception.StepFailedException: Unable to click on object 'Object Repository/RAD_Pages/Landing_Page/button_Continue'
	at com.kms.katalon.core.webui.keyword.internal.WebUIKeywordMain.stepFailed(WebUIKeywordMain.groovy:64)
	at com.kms.katalon.core.webui.keyword.internal.WebUIKeywordMain.runKeyword(WebUIKeywordMain.groovy:26)
	at com.kms.katalon.core.webui.keyword.builtin.ClickKeyword.click(ClickKeyword.groovy:75)
	at com.kms.katalon.core.webui.keyword.builtin.ClickKeyword.execute(ClickKeyword.groovy:42)
	at com.kms.katalon.core.keyword.internal.KeywordExecutor.executeKeywordForPlatform(KeywordExecutor.groovy:73)
	at com.kms.katalon.core.webui.keyword.WebUiBuiltInKeywords.click(WebUiBuiltInKeywords.groovy:620)
	at com.kms.katalon.core.webui.keyword.WebUiBuiltInKeywords$click$10.call(Unknown Source)
	at PersonalIncomeTax_MRF_TC.run(PersonalIncomeTax_MRF_TC:99)
	at com.kms.katalon.core.main.ScriptEngine.run(ScriptEngine.java:194)
	at com.kms.katalon.core.main.ScriptEngine.runScriptAsRawText(ScriptEngine.java:119)
	at com.kms.katalon.core.main.TestCaseExecutor.runScript(TestCaseExecutor.java:369)
	at com.kms.katalon.core.main.TestCaseExecutor.doExecute(TestCaseExecutor.java:360)
	at com.kms.katalon.core.main.TestCaseExecutor.processExecutionPhase(TestCaseExecutor.java:339)
	at com.kms.katalon.core.main.TestCaseExecutor.accessMainPhase(TestCaseExecutor.java:331)
	at com.kms.katalon.core.main.TestCaseExecutor.execute(TestCaseExecutor.java:248)
	at com.kms.katalon.core.main.TestSuiteExecutor.accessTestCaseMainPhase(TestSuiteExecutor.java:191)
	at com.kms.katalon.core.main.TestSuiteExecutor.accessTestSuiteMainPhase(TestSuiteExecutor.java:140)
	at com.kms.katalon.core.main.TestSuiteExecutor.execute(TestSuiteExecutor.java:89)
	at com.kms.katalon.core.main.TestCaseMain.startTestSuite(TestCaseMain.java:185)
	at com.kms.katalon.core.main.TestCaseMain$startTestSuite$0.call(Unknown Source)
	at TempTestSuite1634874291072.run(TempTestSuite1634874291072.groovy:39)
Caused by: org.openqa.selenium.ElementClickInterceptedException: element click intercepted: Element <button class="btn btn-primary float-end w-auto disablecontinue" disabled="">...</button> is not clickable at point (1077, 641). Other element would receive the click: <div class="w-100 mt-auto pt-3">...</div>
  (Session info: chrome=95.0.4638.54)
Build info: version: '3.141.59', revision: 'e82be7d358', time: '2018-11-14T08:25:53'
System info: host: 'DESKTOP-B2QI6NS', ip: '172.30.2.167', os.name: 'Windows 10', os.arch: 'amd64', os.version: '10.0', java.version: '1.8.0_181'
Driver info: com.kms.katalon.core.webui.driver.ExistingRemoteWebDriver
Capabilities {javascriptEnabled: true, platform: ANY, platformName: ANY}
Session ID: a98d1b37a7782fa34c6e787ca58aacdc
	at org.openqa.selenium.remote.http.W3CHttpResponseCodec.createException(W3CHttpResponseCodec.java:187)
	at org.openqa.selenium.remote.http.W3CHttpResponseCodec.decode(W3CHttpResponseCodec.java:122)
	at org.openqa.selenium.remote.http.W3CHttpResponseCodec.decode(W3CHttpResponseCodec.java:49)
	at org.openqa.selenium.remote.HttpCommandExecutor.execute(HttpCommandExecutor.java:158)
	at org.openqa.selenium.remote.RemoteWebDriver.execute(RemoteWebDriver.java:552)
	at com.kms.katalon.core.webui.driver.ExistingRemoteWebDriver.execute(ExistingRemoteWebDriver.java:108)
	at org.openqa.selenium.remote.RemoteWebElement.execute(RemoteWebElement.java:285)
	at org.openqa.selenium.remote.RemoteWebElement.click(RemoteWebElement.java:84)
	at org.openqa.selenium.support.events.EventFiringWebDriver$EventFiringWebElement.lambda$new$0(EventFiringWebDriver.java:404)
	at com.sun.proxy.$Proxy11.click(Unknown Source)
	at org.openqa.selenium.support.events.EventFiringWebDriver$EventFiringWebElement.click(EventFiringWebDriver.java:417)
	at com.kms.katalon.core.webui.keyword.builtin.ClickKeyword$_click_closure1.doCall(ClickKeyword.groovy:68)
	at com.kms.katalon.core.webui.keyword.builtin.ClickKeyword$_click_closure1.call(ClickKeyword.groovy)
	at com.kms.katalon.core.webui.keyword.internal.WebUIKeywordMain.runKeyword(WebUIKeywordMain.groovy:20)
	at com.kms.katalon.core.webui.keyword.builtin.ClickKeyword.click(ClickKeyword.groovy:75)
	at com.kms.katalon.core.webui.keyword.builtin.ClickKeyword.execute(ClickKeyword.groovy:42)
	at com.kms.katalon.core.keyword.internal.KeywordExecutor.executeKeywordForPlatform(KeywordExecutor.groovy:73)
	at com.kms.katalon.core.webui.keyword.WebUiBuiltInKeywords.click(WebUiBuiltInKeywords.groovy:620)
	at com.kms.katalon.core.webui.keyword.WebUiBuiltInKeywords$click$10.call(Unknown Source)
	at Script1634610782044.run(Script1634610782044.groovy:99)
	... 13 more
)
	at com.kms.katalon.core.keyword.internal.KeywordMain.stepFailed(KeywordMain.groovy:39)
	at com.kms.katalon.core.webui.keyword.internal.WebUIKeywordMain.stepFailed(WebUIKeywordMain.groovy:64)
	at com.kms.katalon.core.webui.keyword.internal.WebUIKeywordMain.runKeyword(WebUIKeywordMain.groovy:26)
	at com.kms.katalon.core.webui.keyword.builtin.ClickKeyword.click(ClickKeyword.groovy:75)
	at com.kms.katalon.core.webui.keyword.builtin.ClickKeyword.execute(ClickKeyword.groovy:42)
	at com.kms.katalon.core.keyword.internal.KeywordExecutor.executeKeywordForPlatform(KeywordExecutor.groovy:73)
	at com.kms.katalon.core.webui.keyword.WebUiBuiltInKeywords.click(WebUiBuiltInKeywords.groovy:620)
	at com.kms.katalon.core.webui.keyword.WebUiBuiltInKeywords$click$10.call(Unknown Source)
	at PersonalIncomeTax_MRF_TC.run(PersonalIncomeTax_MRF_TC:99)
	at com.kms.katalon.core.main.ScriptEngine.run(ScriptEngine.java:194)
	at com.kms.katalon.core.main.ScriptEngine.runScriptAsRawText(ScriptEngine.java:119)
	at com.kms.katalon.core.main.TestCaseExecutor.runScript(TestCaseExecutor.java:369)
	at com.kms.katalon.core.main.TestCaseExecutor.doExecute(TestCaseExecutor.java:360)
	at com.kms.katalon.core.main.TestCaseExecutor.processExecutionPhase(TestCaseExecutor.java:339)
	at com.kms.katalon.core.main.TestCaseExecutor.accessMainPhase(TestCaseExecutor.java:331)
	at com.kms.katalon.core.main.TestCaseExecutor.execute(TestCaseExecutor.java:248)
	at com.kms.katalon.core.main.TestSuiteExecutor.accessTestCaseMainPhase(TestSuiteExecutor.java:191)
	at com.kms.katalon.core.main.TestSuiteExecutor.accessTestSuiteMainPhase(TestSuiteExecutor.java:140)
	at com.kms.katalon.core.main.TestSuiteExecutor.execute(TestSuiteExecutor.java:89)
	at com.kms.katalon.core.main.TestCaseMain.startTestSuite(TestCaseMain.java:185)
	at com.kms.katalon.core.main.TestCaseMain$startTestSuite$0.call(Unknown Source)
	at TempTestSuite1634874291072.run(TempTestSuite1634874291072.groovy:39)
Caused by: com.kms.katalon.core.exception.StepFailedException: Unable to click on object 'Object Repository/RAD_Pages/Landing_Page/button_Continue'
	... 21 more
Caused by: org.openqa.selenium.ElementClickInterceptedException: element click intercepted: Element <button class="btn btn-primary float-end w-auto disablecontinue" disabled="">...</button> is not clickable at point (1077, 641). Other element would receive the click: <div class="w-100 mt-auto pt-3">...</div>
  (Session info: chrome=95.0.4638.54)
Build info: version: '3.141.59', revision: 'e82be7d358', time: '2018-11-14T08:25:53'
System info: host: 'DESKTOP-B2QI6NS', ip: '172.30.2.167', os.name: 'Windows 10', os.arch: 'amd64', os.version: '10.0', java.version: '1.8.0_181'
Driver info: com.kms.katalon.core.webui.driver.ExistingRemoteWebDriver
Capabilities {javascriptEnabled: true, platform: ANY, platformName: ANY}
Session ID: a98d1b37a7782fa34c6e787ca58aacdc
	at org.openqa.selenium.remote.http.W3CHttpResponseCodec.createException(W3CHttpResponseCodec.java:187)
	at org.openqa.selenium.remote.http.W3CHttpResponseCodec.decode(W3CHttpResponseCodec.java:122)
	at org.openqa.selenium.remote.http.W3CHttpResponseCodec.decode(W3CHttpResponseCodec.java:49)
	at org.openqa.selenium.remote.HttpCommandExecutor.execute(HttpCommandExecutor.java:158)
	at org.openqa.selenium.remote.RemoteWebDriver.execute(RemoteWebDriver.java:552)
	at com.kms.katalon.core.webui.driver.ExistingRemoteWebDriver.execute(ExistingRemoteWebDriver.java:108)
	at org.openqa.selenium.remote.RemoteWebElement.execute(RemoteWebElement.java:285)
	at org.openqa.selenium.remote.RemoteWebElement.click(RemoteWebElement.java:84)
	at org.openqa.selenium.support.events.EventFiringWebDriver$EventFiringWebElement.lambda$new$0(EventFiringWebDriver.java:404)
	at com.sun.proxy.$Proxy11.click(Unknown Source)
	at org.openqa.selenium.support.events.EventFiringWebDriver$EventFiringWebElement.click(EventFiringWebDriver.java:417)
	at com.kms.katalon.core.webui.keyword.builtin.ClickKeyword$_click_closure1.doCall(ClickKeyword.groovy:68)
	at com.kms.katalon.core.webui.keyword.builtin.ClickKeyword$_click_closure1.call(ClickKeyword.groovy)
	at com.kms.katalon.core.webui.keyword.internal.WebUIKeywordMain.runKeyword(WebUIKeywordMain.groovy:20)
	... 19 more]]></system-err>
      </testcase>
      <testcase name="Test Cases/RAD_TestCases/MRF_TestCases/ExtensionPayments_MRF_TC" time="14.156" classname="Test Cases/RAD_TestCases/MRF_TestCases/ExtensionPayments_MRF_TC" status="FAILED">
         <failure type="FAILED" message="Test Cases/RAD_TestCases/MRF_TestCases/ExtensionPayments_MRF_TC FAILED.
Reason:
com.kms.katalon.core.exception.StepFailedException: Unable to click on object 'Object Repository/RAD_Pages/Landing_Page/button_Continue' (Root cause: com.kms.katalon.core.exception.StepFailedException: Unable to click on object 'Object Repository/RAD_Pages/Landing_Page/button_Continue'
	at com.kms.katalon.core.webui.keyword.internal.WebUIKeywordMain.stepFailed(WebUIKeywordMain.groovy:64)
	at com.kms.katalon.core.webui.keyword.internal.WebUIKeywordMain.runKeyword(WebUIKeywordMain.groovy:26)
	at com.kms.katalon.core.webui.keyword.builtin.ClickKeyword.click(ClickKeyword.groovy:75)
	at com.kms.katalon.core.webui.keyword.builtin.ClickKeyword.execute(ClickKeyword.groovy:42)
	at com.kms.katalon.core.keyword.internal.KeywordExecutor.executeKeywordForPlatform(KeywordExecutor.groovy:73)
	at com.kms.katalon.core.webui.keyword.WebUiBuiltInKeywords.click(WebUiBuiltInKeywords.groovy:620)
	at com.kms.katalon.core.webui.keyword.WebUiBuiltInKeywords$click$10.call(Unknown Source)
	at ExtensionPayments_MRF_TC.run(ExtensionPayments_MRF_TC:101)
	at com.kms.katalon.core.main.ScriptEngine.run(ScriptEngine.java:194)
	at com.kms.katalon.core.main.ScriptEngine.runScriptAsRawText(ScriptEngine.java:119)
	at com.kms.katalon.core.main.TestCaseExecutor.runScript(TestCaseExecutor.java:369)
	at com.kms.katalon.core.main.TestCaseExecutor.doExecute(TestCaseExecutor.java:360)
	at com.kms.katalon.core.main.TestCaseExecutor.processExecutionPhase(TestCaseExecutor.java:339)
	at com.kms.katalon.core.main.TestCaseExecutor.accessMainPhase(TestCaseExecutor.java:331)
	at com.kms.katalon.core.main.TestCaseExecutor.execute(TestCaseExecutor.java:248)
	at com.kms.katalon.core.main.TestSuiteExecutor.accessTestCaseMainPhase(TestSuiteExecutor.java:191)
	at com.kms.katalon.core.main.TestSuiteExecutor.accessTestSuiteMainPhase(TestSuiteExecutor.java:140)
	at com.kms.katalon.core.main.TestSuiteExecutor.execute(TestSuiteExecutor.java:89)
	at com.kms.katalon.core.main.TestCaseMain.startTestSuite(TestCaseMain.java:185)
	at com.kms.katalon.core.main.TestCaseMain$startTestSuite$0.call(Unknown Source)
	at TempTestSuite1634874291072.run(TempTestSuite1634874291072.groovy:39)
Caused by: org.openqa.selenium.ElementClickInterceptedException: element click intercepted: Element &lt;button class=&quot;btn btn-primary float-end w-auto disablecontinue&quot; disabled=&quot;&quot;>...&lt;/button> is not clickable at point (1077, 641). Other element would receive the click: &lt;div class=&quot;w-100 mt-auto pt-3&quot;>...&lt;/div>
  (Session info: chrome=95.0.4638.54)
Build info: version: '3.141.59', revision: 'e82be7d358', time: '2018-11-14T08:25:53'
System info: host: 'DESKTOP-B2QI6NS', ip: '172.30.2.167', os.name: 'Windows 10', os.arch: 'amd64', os.version: '10.0', java.version: '1.8.0_181'
Driver info: com.kms.katalon.core.webui.driver.ExistingRemoteWebDriver
Capabilities {javascriptEnabled: true, platform: ANY, platformName: ANY}
Session ID: a98d1b37a7782fa34c6e787ca58aacdc
	at org.openqa.selenium.remote.http.W3CHttpResponseCodec.createException(W3CHttpResponseCodec.java:187)
	at org.openqa.selenium.remote.http.W3CHttpResponseCodec.decode(W3CHttpResponseCodec.java:122)
	at org.openqa.selenium.remote.http.W3CHttpResponseCodec.decode(W3CHttpResponseCodec.java:49)
	at org.openqa.selenium.remote.HttpCommandExecutor.execute(HttpCommandExecutor.java:158)
	at org.openqa.selenium.remote.RemoteWebDriver.execute(RemoteWebDriver.java:552)
	at com.kms.katalon.core.webui.driver.ExistingRemoteWebDriver.execute(ExistingRemoteWebDriver.java:108)
	at org.openqa.selenium.remote.RemoteWebElement.execute(RemoteWebElement.java:285)
	at org.openqa.selenium.remote.RemoteWebElement.click(RemoteWebElement.java:84)
	at org.openqa.selenium.support.events.EventFiringWebDriver$EventFiringWebElement.lambda$new$0(EventFiringWebDriver.java:404)
	at com.sun.proxy.$Proxy11.click(Unknown Source)
	at org.openqa.selenium.support.events.EventFiringWebDriver$EventFiringWebElement.click(EventFiringWebDriver.java:417)
	at com.kms.katalon.core.webui.keyword.builtin.ClickKeyword$_click_closure1.doCall(ClickKeyword.groovy:68)
	at com.kms.katalon.core.webui.keyword.builtin.ClickKeyword$_click_closure1.call(ClickKeyword.groovy)
	at com.kms.katalon.core.webui.keyword.internal.WebUIKeywordMain.runKeyword(WebUIKeywordMain.groovy:20)
	at com.kms.katalon.core.webui.keyword.builtin.ClickKeyword.click(ClickKeyword.groovy:75)
	at com.kms.katalon.core.webui.keyword.builtin.ClickKeyword.execute(ClickKeyword.groovy:42)
	at com.kms.katalon.core.keyword.internal.KeywordExecutor.executeKeywordForPlatform(KeywordExecutor.groovy:73)
	at com.kms.katalon.core.webui.keyword.WebUiBuiltInKeywords.click(WebUiBuiltInKeywords.groovy:620)
	at com.kms.katalon.core.webui.keyword.WebUiBuiltInKeywords$click$10.call(Unknown Source)
	at Script1634611424888.run(Script1634611424888.groovy:101)
	... 13 more
)
	at com.kms.katalon.core.keyword.internal.KeywordMain.stepFailed(KeywordMain.groovy:39)
	at com.kms.katalon.core.webui.keyword.internal.WebUIKeywordMain.stepFailed(WebUIKeywordMain.groovy:64)
	at com.kms.katalon.core.webui.keyword.internal.WebUIKeywordMain.runKeyword(WebUIKeywordMain.groovy:26)
	at com.kms.katalon.core.webui.keyword.builtin.ClickKeyword.click(ClickKeyword.groovy:75)
	at com.kms.katalon.core.webui.keyword.builtin.ClickKeyword.execute(ClickKeyword.groovy:42)
	at com.kms.katalon.core.keyword.internal.KeywordExecutor.executeKeywordForPlatform(KeywordExecutor.groovy:73)
	at com.kms.katalon.core.webui.keyword.WebUiBuiltInKeywords.click(WebUiBuiltInKeywords.groovy:620)
	at com.kms.katalon.core.webui.keyword.WebUiBuiltInKeywords$click$10.call(Unknown Source)
	at ExtensionPayments_MRF_TC.run(ExtensionPayments_MRF_TC:101)
	at com.kms.katalon.core.main.ScriptEngine.run(ScriptEngine.java:194)
	at com.kms.katalon.core.main.ScriptEngine.runScriptAsRawText(ScriptEngine.java:119)
	at com.kms.katalon.core.main.TestCaseExecutor.runScript(TestCaseExecutor.java:369)
	at com.kms.katalon.core.main.TestCaseExecutor.doExecute(TestCaseExecutor.java:360)
	at com.kms.katalon.core.main.TestCaseExecutor.processExecutionPhase(TestCaseExecutor.java:339)
	at com.kms.katalon.core.main.TestCaseExecutor.accessMainPhase(TestCaseExecutor.java:331)
	at com.kms.katalon.core.main.TestCaseExecutor.execute(TestCaseExecutor.java:248)
	at com.kms.katalon.core.main.TestSuiteExecutor.accessTestCaseMainPhase(TestSuiteExecutor.java:191)
	at com.kms.katalon.core.main.TestSuiteExecutor.accessTestSuiteMainPhase(TestSuiteExecutor.java:140)
	at com.kms.katalon.core.main.TestSuiteExecutor.execute(TestSuiteExecutor.java:89)
	at com.kms.katalon.core.main.TestCaseMain.startTestSuite(TestCaseMain.java:185)
	at com.kms.katalon.core.main.TestCaseMain$startTestSuite$0.call(Unknown Source)
	at TempTestSuite1634874291072.run(TempTestSuite1634874291072.groovy:39)
Caused by: com.kms.katalon.core.exception.StepFailedException: Unable to click on object 'Object Repository/RAD_Pages/Landing_Page/button_Continue'
	... 21 more
Caused by: org.openqa.selenium.ElementClickInterceptedException: element click intercepted: Element &lt;button class=&quot;btn btn-primary float-end w-auto disablecontinue&quot; disabled=&quot;&quot;>...&lt;/button> is not clickable at point (1077, 641). Other element would receive the click: &lt;div class=&quot;w-100 mt-auto pt-3&quot;>...&lt;/div>
  (Session info: chrome=95.0.4638.54)
Build info: version: '3.141.59', revision: 'e82be7d358', time: '2018-11-14T08:25:53'
System info: host: 'DESKTOP-B2QI6NS', ip: '172.30.2.167', os.name: 'Windows 10', os.arch: 'amd64', os.version: '10.0', java.version: '1.8.0_181'
Driver info: com.kms.katalon.core.webui.driver.ExistingRemoteWebDriver
Capabilities {javascriptEnabled: true, platform: ANY, platformName: ANY}
Session ID: a98d1b37a7782fa34c6e787ca58aacdc
	at org.openqa.selenium.remote.http.W3CHttpResponseCodec.createException(W3CHttpResponseCodec.java:187)
	at org.openqa.selenium.remote.http.W3CHttpResponseCodec.decode(W3CHttpResponseCodec.java:122)
	at org.openqa.selenium.remote.http.W3CHttpResponseCodec.decode(W3CHttpResponseCodec.java:49)
	at org.openqa.selenium.remote.HttpCommandExecutor.execute(HttpCommandExecutor.java:158)
	at org.openqa.selenium.remote.RemoteWebDriver.execute(RemoteWebDriver.java:552)
	at com.kms.katalon.core.webui.driver.ExistingRemoteWebDriver.execute(ExistingRemoteWebDriver.java:108)
	at org.openqa.selenium.remote.RemoteWebElement.execute(RemoteWebElement.java:285)
	at org.openqa.selenium.remote.RemoteWebElement.click(RemoteWebElement.java:84)
	at org.openqa.selenium.support.events.EventFiringWebDriver$EventFiringWebElement.lambda$new$0(EventFiringWebDriver.java:404)
	at com.sun.proxy.$Proxy11.click(Unknown Source)
	at org.openqa.selenium.support.events.EventFiringWebDriver$EventFiringWebElement.click(EventFiringWebDriver.java:417)
	at com.kms.katalon.core.webui.keyword.builtin.ClickKeyword$_click_closure1.doCall(ClickKeyword.groovy:68)
	at com.kms.katalon.core.webui.keyword.builtin.ClickKeyword$_click_closure1.call(ClickKeyword.groovy)
	at com.kms.katalon.core.webui.keyword.internal.WebUIKeywordMain.runKeyword(WebUIKeywordMain.groovy:20)
	... 19 more
"/>
         <system-out><![CDATA[2021-10-21 23:48:16 - [TEST_CASE][FAILED] - Test Cases/RAD_TestCases/MRF_TestCases/ExtensionPayments_MRF_TC: Test Cases/RAD_TestCases/MRF_TestCases/ExtensionPayments_MRF_TC FAILED.
Reason:
com.kms.katalon.core.exception.StepFailedException: Unable to click on object 'Object Repository/RAD_Pages/Landing_Page/button_Continue' (Root cause: com.kms.katalon.core.exception.StepFailedException: Unable to click on object 'Object Repository/RAD_Pages/Landing_Page/button_Continue'
	at com.kms.katalon.core.webui.keyword.internal.WebUIKeywordMain.stepFailed(WebUIKeywordMain.groovy:64)
	at com.kms.katalon.core.webui.keyword.internal.WebUIKeywordMain.runKeyword(WebUIKeywordMain.groovy:26)
	at com.kms.katalon.core.webui.keyword.builtin.ClickKeyword.click(ClickKeyword.groovy:75)
	at com.kms.katalon.core.webui.keyword.builtin.ClickKeyword.execute(ClickKeyword.groovy:42)
	at com.kms.katalon.core.keyword.internal.KeywordExecutor.executeKeywordForPlatform(KeywordExecutor.groovy:73)
	at com.kms.katalon.core.webui.keyword.WebUiBuiltInKeywords.click(WebUiBuiltInKeywords.groovy:620)
	at com.kms.katalon.core.webui.keyword.WebUiBuiltInKeywords$click$10.call(Unknown Source)
	at ExtensionPayments_MRF_TC.run(ExtensionPayments_MRF_TC:101)
	at com.kms.katalon.core.main.ScriptEngine.run(ScriptEngine.java:194)
	at com.kms.katalon.core.main.ScriptEngine.runScriptAsRawText(ScriptEngine.java:119)
	at com.kms.katalon.core.main.TestCaseExecutor.runScript(TestCaseExecutor.java:369)
	at com.kms.katalon.core.main.TestCaseExecutor.doExecute(TestCaseExecutor.java:360)
	at com.kms.katalon.core.main.TestCaseExecutor.processExecutionPhase(TestCaseExecutor.java:339)
	at com.kms.katalon.core.main.TestCaseExecutor.accessMainPhase(TestCaseExecutor.java:331)
	at com.kms.katalon.core.main.TestCaseExecutor.execute(TestCaseExecutor.java:248)
	at com.kms.katalon.core.main.TestSuiteExecutor.accessTestCaseMainPhase(TestSuiteExecutor.java:191)
	at com.kms.katalon.core.main.TestSuiteExecutor.accessTestSuiteMainPhase(TestSuiteExecutor.java:140)
	at com.kms.katalon.core.main.TestSuiteExecutor.execute(TestSuiteExecutor.java:89)
	at com.kms.katalon.core.main.TestCaseMain.startTestSuite(TestCaseMain.java:185)
	at com.kms.katalon.core.main.TestCaseMain$startTestSuite$0.call(Unknown Source)
	at TempTestSuite1634874291072.run(TempTestSuite1634874291072.groovy:39)
Caused by: org.openqa.selenium.ElementClickInterceptedException: element click intercepted: Element <button class="btn btn-primary float-end w-auto disablecontinue" disabled="">...</button> is not clickable at point (1077, 641). Other element would receive the click: <div class="w-100 mt-auto pt-3">...</div>
  (Session info: chrome=95.0.4638.54)
Build info: version: '3.141.59', revision: 'e82be7d358', time: '2018-11-14T08:25:53'
System info: host: 'DESKTOP-B2QI6NS', ip: '172.30.2.167', os.name: 'Windows 10', os.arch: 'amd64', os.version: '10.0', java.version: '1.8.0_181'
Driver info: com.kms.katalon.core.webui.driver.ExistingRemoteWebDriver
Capabilities {javascriptEnabled: true, platform: ANY, platformName: ANY}
Session ID: a98d1b37a7782fa34c6e787ca58aacdc
	at org.openqa.selenium.remote.http.W3CHttpResponseCodec.createException(W3CHttpResponseCodec.java:187)
	at org.openqa.selenium.remote.http.W3CHttpResponseCodec.decode(W3CHttpResponseCodec.java:122)
	at org.openqa.selenium.remote.http.W3CHttpResponseCodec.decode(W3CHttpResponseCodec.java:49)
	at org.openqa.selenium.remote.HttpCommandExecutor.execute(HttpCommandExecutor.java:158)
	at org.openqa.selenium.remote.RemoteWebDriver.execute(RemoteWebDriver.java:552)
	at com.kms.katalon.core.webui.driver.ExistingRemoteWebDriver.execute(ExistingRemoteWebDriver.java:108)
	at org.openqa.selenium.remote.RemoteWebElement.execute(RemoteWebElement.java:285)
	at org.openqa.selenium.remote.RemoteWebElement.click(RemoteWebElement.java:84)
	at org.openqa.selenium.support.events.EventFiringWebDriver$EventFiringWebElement.lambda$new$0(EventFiringWebDriver.java:404)
	at com.sun.proxy.$Proxy11.click(Unknown Source)
	at org.openqa.selenium.support.events.EventFiringWebDriver$EventFiringWebElement.click(EventFiringWebDriver.java:417)
	at com.kms.katalon.core.webui.keyword.builtin.ClickKeyword$_click_closure1.doCall(ClickKeyword.groovy:68)
	at com.kms.katalon.core.webui.keyword.builtin.ClickKeyword$_click_closure1.call(ClickKeyword.groovy)
	at com.kms.katalon.core.webui.keyword.internal.WebUIKeywordMain.runKeyword(WebUIKeywordMain.groovy:20)
	at com.kms.katalon.core.webui.keyword.builtin.ClickKeyword.click(ClickKeyword.groovy:75)
	at com.kms.katalon.core.webui.keyword.builtin.ClickKeyword.execute(ClickKeyword.groovy:42)
	at com.kms.katalon.core.keyword.internal.KeywordExecutor.executeKeywordForPlatform(KeywordExecutor.groovy:73)
	at com.kms.katalon.core.webui.keyword.WebUiBuiltInKeywords.click(WebUiBuiltInKeywords.groovy:620)
	at com.kms.katalon.core.webui.keyword.WebUiBuiltInKeywords$click$10.call(Unknown Source)
	at Script1634611424888.run(Script1634611424888.groovy:101)
	... 13 more
)
	at com.kms.katalon.core.keyword.internal.KeywordMain.stepFailed(KeywordMain.groovy:39)
	at com.kms.katalon.core.webui.keyword.internal.WebUIKeywordMain.stepFailed(WebUIKeywordMain.groovy:64)
	at com.kms.katalon.core.webui.keyword.internal.WebUIKeywordMain.runKeyword(WebUIKeywordMain.groovy:26)
	at com.kms.katalon.core.webui.keyword.builtin.ClickKeyword.click(ClickKeyword.groovy:75)
	at com.kms.katalon.core.webui.keyword.builtin.ClickKeyword.execute(ClickKeyword.groovy:42)
	at com.kms.katalon.core.keyword.internal.KeywordExecutor.executeKeywordForPlatform(KeywordExecutor.groovy:73)
	at com.kms.katalon.core.webui.keyword.WebUiBuiltInKeywords.click(WebUiBuiltInKeywords.groovy:620)
	at com.kms.katalon.core.webui.keyword.WebUiBuiltInKeywords$click$10.call(Unknown Source)
	at ExtensionPayments_MRF_TC.run(ExtensionPayments_MRF_TC:101)
	at com.kms.katalon.core.main.ScriptEngine.run(ScriptEngine.java:194)
	at com.kms.katalon.core.main.ScriptEngine.runScriptAsRawText(ScriptEngine.java:119)
	at com.kms.katalon.core.main.TestCaseExecutor.runScript(TestCaseExecutor.java:369)
	at com.kms.katalon.core.main.TestCaseExecutor.doExecute(TestCaseExecutor.java:360)
	at com.kms.katalon.core.main.TestCaseExecutor.processExecutionPhase(TestCaseExecutor.java:339)
	at com.kms.katalon.core.main.TestCaseExecutor.accessMainPhase(TestCaseExecutor.java:331)
	at com.kms.katalon.core.main.TestCaseExecutor.execute(TestCaseExecutor.java:248)
	at com.kms.katalon.core.main.TestSuiteExecutor.accessTestCaseMainPhase(TestSuiteExecutor.java:191)
	at com.kms.katalon.core.main.TestSuiteExecutor.accessTestSuiteMainPhase(TestSuiteExecutor.java:140)
	at com.kms.katalon.core.main.TestSuiteExecutor.execute(TestSuiteExecutor.java:89)
	at com.kms.katalon.core.main.TestCaseMain.startTestSuite(TestCaseMain.java:185)
	at com.kms.katalon.core.main.TestCaseMain$startTestSuite$0.call(Unknown Source)
	at TempTestSuite1634874291072.run(TempTestSuite1634874291072.groovy:39)
Caused by: com.kms.katalon.core.exception.StepFailedException: Unable to click on object 'Object Repository/RAD_Pages/Landing_Page/button_Continue'
	... 21 more
Caused by: org.openqa.selenium.ElementClickInterceptedException: element click intercepted: Element <button class="btn btn-primary float-end w-auto disablecontinue" disabled="">...</button> is not clickable at point (1077, 641). Other element would receive the click: <div class="w-100 mt-auto pt-3">...</div>
  (Session info: chrome=95.0.4638.54)
Build info: version: '3.141.59', revision: 'e82be7d358', time: '2018-11-14T08:25:53'
System info: host: 'DESKTOP-B2QI6NS', ip: '172.30.2.167', os.name: 'Windows 10', os.arch: 'amd64', os.version: '10.0', java.version: '1.8.0_181'
Driver info: com.kms.katalon.core.webui.driver.ExistingRemoteWebDriver
Capabilities {javascriptEnabled: true, platform: ANY, platformName: ANY}
Session ID: a98d1b37a7782fa34c6e787ca58aacdc
	at org.openqa.selenium.remote.http.W3CHttpResponseCodec.createException(W3CHttpResponseCodec.java:187)
	at org.openqa.selenium.remote.http.W3CHttpResponseCodec.decode(W3CHttpResponseCodec.java:122)
	at org.openqa.selenium.remote.http.W3CHttpResponseCodec.decode(W3CHttpResponseCodec.java:49)
	at org.openqa.selenium.remote.HttpCommandExecutor.execute(HttpCommandExecutor.java:158)
	at org.openqa.selenium.remote.RemoteWebDriver.execute(RemoteWebDriver.java:552)
	at com.kms.katalon.core.webui.driver.ExistingRemoteWebDriver.execute(ExistingRemoteWebDriver.java:108)
	at org.openqa.selenium.remote.RemoteWebElement.execute(RemoteWebElement.java:285)
	at org.openqa.selenium.remote.RemoteWebElement.click(RemoteWebElement.java:84)
	at org.openqa.selenium.support.events.EventFiringWebDriver$EventFiringWebElement.lambda$new$0(EventFiringWebDriver.java:404)
	at com.sun.proxy.$Proxy11.click(Unknown Source)
	at org.openqa.selenium.support.events.EventFiringWebDriver$EventFiringWebElement.click(EventFiringWebDriver.java:417)
	at com.kms.katalon.core.webui.keyword.builtin.ClickKeyword$_click_closure1.doCall(ClickKeyword.groovy:68)
	at com.kms.katalon.core.webui.keyword.builtin.ClickKeyword$_click_closure1.call(ClickKeyword.groovy)
	at com.kms.katalon.core.webui.keyword.internal.WebUIKeywordMain.runKeyword(WebUIKeywordMain.groovy:20)
	... 19 more


2021-10-21 23:48:16 - [TEST_STEP][PASSED] - openBrowser(""): Browser is opened with url: ''

2021-10-21 23:48:16 - [MESSAGE][PASSED] - Browser is opened with url: ''

2021-10-21 23:48:16 - [TEST_STEP][PASSED] - maximizeWindow(): Current window maximized

2021-10-21 23:48:16 - [MESSAGE][PASSED] - Current window maximized

2021-10-21 23:48:16 - [TEST_STEP][PASSED] - navigateToUrl(RADurl): Navigate to 'https://qa.velocitypayment.com/client/rad/index.html' successfully

2021-10-21 23:48:17 - [MESSAGE][PASSED] - Navigate to 'https://qa.velocitypayment.com/client/rad/index.html' successfully

2021-10-21 23:48:17 - [TEST_STEP][PASSED] - orPath_Landing = "Object Repository/RAD_Pages/Landing_Page": null

2021-10-21 23:48:17 - [TEST_STEP][PASSED] - orPath_Amount = "Object Repository/RAD_Pages/PaymentAmount_Page": null

2021-10-21 23:48:17 - [TEST_STEP][PASSED] - orPath_FilingStatus = "Object Repository/RAD_Pages/FilingStatus_Page": null

2021-10-21 23:48:17 - [TEST_STEP][PASSED] - orPath_TaxPayer = "Object Repository/RAD_Pages/Taxpayer_Page": null

2021-10-21 23:48:17 - [TEST_STEP][PASSED] - selectOptionByLabel(findTestObject(orPath_Landing + "/dd_TaxType"), "Extension Payments", false): All options with label 'Extension Payments' are selected in object 'Object Repository/RAD_Pages/Landing_Page/dd_TaxType' 

2021-10-21 23:48:18 - [MESSAGE][PASSED] - All options with label 'Extension Payments' are selected in object 'Object Repository/RAD_Pages/Landing_Page/dd_TaxType' 

2021-10-21 23:48:18 - [TEST_STEP][PASSED] - setText(findTestObject("RAD_RecordAndPlay/input_concatSSN"), "123-44-1234"): Text '123-44-1234' is set on object 'Object Repository/RAD_RecordAndPlay/input_concatSSN'

2021-10-21 23:48:18 - [MESSAGE][PASSED] - Text '123-44-1234' is set on object 'Object Repository/RAD_RecordAndPlay/input_concatSSN'

2021-10-21 23:48:18 - [TEST_STEP][PASSED] - setText(findTestObject("RAD_RecordAndPlay/input_concatReSSN"), "123-44-1234"): Text '123-44-1234' is set on object 'Object Repository/RAD_RecordAndPlay/input_concatReSSN'

2021-10-21 23:48:19 - [MESSAGE][PASSED] - Text '123-44-1234' is set on object 'Object Repository/RAD_RecordAndPlay/input_concatReSSN'

2021-10-21 23:48:19 - [TEST_STEP][PASSED] - setText(findTestObject(orPath_TaxPayer + "/input_lastName"), "Anderson"): Text 'Anderson' is set on object 'Object Repository/RAD_Pages/Taxpayer_Page/input_lastName'

2021-10-21 23:48:19 - [MESSAGE][PASSED] - Text 'Anderson' is set on object 'Object Repository/RAD_Pages/Taxpayer_Page/input_lastName'

2021-10-21 23:48:19 - [TEST_STEP][PASSED] - scrollToElement(findTestObject(orPath_Landing + "/button_Continue"), 3): Scroll to object 'Object Repository/RAD_Pages/Landing_Page/button_Continue' successfully

2021-10-21 23:48:20 - [MESSAGE][PASSED] - Scroll to object 'Object Repository/RAD_Pages/Landing_Page/button_Continue' successfully

2021-10-21 23:48:20 - [TEST_STEP][PASSED] - waitForElementClickable(findTestObject(orPath_Landing + "/button_Continue"), 5): Object 'Object Repository/RAD_Pages/Landing_Page/button_Continue' is clickable

2021-10-21 23:48:20 - [MESSAGE][PASSED] - Object 'Object Repository/RAD_Pages/Landing_Page/button_Continue' is clickable

2021-10-21 23:48:20 - [TEST_STEP][PASSED] - click(findTestObject(orPath_Landing + "/button_Continue")): Object: 'Object Repository/RAD_Pages/Landing_Page/button_Continue' is clicked on

2021-10-21 23:48:21 - [MESSAGE][PASSED] - Object: 'Object Repository/RAD_Pages/Landing_Page/button_Continue' is clicked on

2021-10-21 23:48:21 - [TEST_STEP][PASSED] - verifyTextPresent("Select a filing year", true): Text 'Select a filing year' is present on page  using regular expression

2021-10-21 23:48:21 - [MESSAGE][PASSED] - Text 'Select a filing year' is present on page  using regular expression

2021-10-21 23:48:21 - [TEST_STEP][PASSED] - verifyTextPresent("Select a payment type", true): Text 'Select a payment type' is present on page  using regular expression

2021-10-21 23:48:22 - [MESSAGE][PASSED] - Text 'Select a payment type' is present on page  using regular expression

2021-10-21 23:48:22 - [TEST_STEP][PASSED] - verifyTextPresent("Enter first name", true): Text 'Enter first name' is present on page  using regular expression

2021-10-21 23:48:22 - [MESSAGE][PASSED] - Text 'Enter first name' is present on page  using regular expression

2021-10-21 23:48:22 - [TEST_STEP][PASSED] - verifyTextPresent("Enter address", true): Text 'Enter address' is present on page  using regular expression

2021-10-21 23:48:23 - [MESSAGE][PASSED] - Text 'Enter address' is present on page  using regular expression

2021-10-21 23:48:23 - [TEST_STEP][PASSED] - verifyTextPresent("Enter city", true): Text 'Enter city' is present on page  using regular expression

2021-10-21 23:48:23 - [MESSAGE][PASSED] - Text 'Enter city' is present on page  using regular expression

2021-10-21 23:48:23 - [TEST_STEP][PASSED] - verifyTextPresent("Select a state", true): Text 'Select a state' is present on page  using regular expression

2021-10-21 23:48:23 - [MESSAGE][PASSED] - Text 'Select a state' is present on page  using regular expression

2021-10-21 23:48:23 - [TEST_STEP][PASSED] - verifyTextPresent("Enter ZIP code", true): Text 'Enter ZIP code' is present on page  using regular expression

2021-10-21 23:48:24 - [MESSAGE][PASSED] - Text 'Enter ZIP code' is present on page  using regular expression

2021-10-21 23:48:24 - [TEST_STEP][PASSED] - verifyTextPresent("Enter a phone number", true): Text 'Enter a phone number' is present on page  using regular expression

2021-10-21 23:48:24 - [MESSAGE][PASSED] - Text 'Enter a phone number' is present on page  using regular expression

2021-10-21 23:48:24 - [TEST_STEP][PASSED] - verifyTextPresent("Enter Email", true): Text 'Enter Email' is present on page  using regular expression

2021-10-21 23:48:24 - [MESSAGE][PASSED] - Text 'Enter Email' is present on page  using regular expression

2021-10-21 23:48:24 - [TEST_STEP][PASSED] - verifyTextPresent("The Email and Re-enter email do not match", true): Text 'The Email and Re-enter email do not match' is present on page  using regular expression

2021-10-21 23:48:25 - [MESSAGE][PASSED] - Text 'The Email and Re-enter email do not match' is present on page  using regular expression

2021-10-21 23:48:25 - [TEST_STEP][PASSED] - verifyTextPresent("Payment amount must be greater than zero and less than 10,000,000", true): Text 'Payment amount must be greater than zero and less than 10,000,000' is present on page  using regular expression

2021-10-21 23:48:25 - [MESSAGE][PASSED] - Text 'Payment amount must be greater than zero and less than 10,000,000' is present on page  using regular expression

2021-10-21 23:48:25 - [TEST_STEP][PASSED] - scrollToElement(findTestObject(orPath_Amount + "/input__paymentAmount"), 3): Scroll to object 'Object Repository/RAD_Pages/PaymentAmount_Page/input__paymentAmount' successfully

2021-10-21 23:48:25 - [MESSAGE][PASSED] - Scroll to object 'Object Repository/RAD_Pages/PaymentAmount_Page/input__paymentAmount' successfully

2021-10-21 23:48:25 - [TEST_STEP][PASSED] - waitForElementClickable(findTestObject(orPath_FilingStatus + "/input_userType_Joint"), 5): Object 'Object Repository/RAD_Pages/FilingStatus_Page/input_userType_Joint' is clickable

2021-10-21 23:48:26 - [MESSAGE][PASSED] - Object 'Object Repository/RAD_Pages/FilingStatus_Page/input_userType_Joint' is clickable

2021-10-21 23:48:26 - [TEST_STEP][PASSED] - click(findTestObject(orPath_FilingStatus + "/input_userType_Joint")): Object: 'Object Repository/RAD_Pages/FilingStatus_Page/input_userType_Joint' is clicked on

2021-10-21 23:48:26 - [MESSAGE][PASSED] - Object: 'Object Repository/RAD_Pages/FilingStatus_Page/input_userType_Joint' is clicked on

2021-10-21 23:48:26 - [TEST_STEP][PASSED] - scrollToElement(findTestObject(orPath_Amount + "/input__paymentAmount"), 3): Scroll to object 'Object Repository/RAD_Pages/PaymentAmount_Page/input__paymentAmount' successfully

2021-10-21 23:48:27 - [MESSAGE][PASSED] - Scroll to object 'Object Repository/RAD_Pages/PaymentAmount_Page/input__paymentAmount' successfully

2021-10-21 23:48:27 - [TEST_STEP][FAILED] - click(findTestObject(orPath_Landing + "/button_Continue")): Unable to click on object 'Object Repository/RAD_Pages/Landing_Page/button_Continue' (Root cause: com.kms.katalon.core.exception.StepFailedException: Unable to click on object 'Object Repository/RAD_Pages/Landing_Page/button_Continue'
	at com.kms.katalon.core.webui.keyword.internal.WebUIKeywordMain.stepFailed(WebUIKeywordMain.groovy:64)
	at com.kms.katalon.core.webui.keyword.internal.WebUIKeywordMain.runKeyword(WebUIKeywordMain.groovy:26)
	at com.kms.katalon.core.webui.keyword.builtin.ClickKeyword.click(ClickKeyword.groovy:75)
	at com.kms.katalon.core.webui.keyword.builtin.ClickKeyword.execute(ClickKeyword.groovy:42)
	at com.kms.katalon.core.keyword.internal.KeywordExecutor.executeKeywordForPlatform(KeywordExecutor.groovy:73)
	at com.kms.katalon.core.webui.keyword.WebUiBuiltInKeywords.click(WebUiBuiltInKeywords.groovy:620)
	at com.kms.katalon.core.webui.keyword.WebUiBuiltInKeywords$click$10.call(Unknown Source)
	at ExtensionPayments_MRF_TC.run(ExtensionPayments_MRF_TC:101)
	at com.kms.katalon.core.main.ScriptEngine.run(ScriptEngine.java:194)
	at com.kms.katalon.core.main.ScriptEngine.runScriptAsRawText(ScriptEngine.java:119)
	at com.kms.katalon.core.main.TestCaseExecutor.runScript(TestCaseExecutor.java:369)
	at com.kms.katalon.core.main.TestCaseExecutor.doExecute(TestCaseExecutor.java:360)
	at com.kms.katalon.core.main.TestCaseExecutor.processExecutionPhase(TestCaseExecutor.java:339)
	at com.kms.katalon.core.main.TestCaseExecutor.accessMainPhase(TestCaseExecutor.java:331)
	at com.kms.katalon.core.main.TestCaseExecutor.execute(TestCaseExecutor.java:248)
	at com.kms.katalon.core.main.TestSuiteExecutor.accessTestCaseMainPhase(TestSuiteExecutor.java:191)
	at com.kms.katalon.core.main.TestSuiteExecutor.accessTestSuiteMainPhase(TestSuiteExecutor.java:140)
	at com.kms.katalon.core.main.TestSuiteExecutor.execute(TestSuiteExecutor.java:89)
	at com.kms.katalon.core.main.TestCaseMain.startTestSuite(TestCaseMain.java:185)
	at com.kms.katalon.core.main.TestCaseMain$startTestSuite$0.call(Unknown Source)
	at TempTestSuite1634874291072.run(TempTestSuite1634874291072.groovy:39)
Caused by: org.openqa.selenium.ElementClickInterceptedException: element click intercepted: Element <button class="btn btn-primary float-end w-auto disablecontinue" disabled="">...</button> is not clickable at point (1077, 641). Other element would receive the click: <div class="w-100 mt-auto pt-3">...</div>
  (Session info: chrome=95.0.4638.54)
Build info: version: '3.141.59', revision: 'e82be7d358', time: '2018-11-14T08:25:53'
System info: host: 'DESKTOP-B2QI6NS', ip: '172.30.2.167', os.name: 'Windows 10', os.arch: 'amd64', os.version: '10.0', java.version: '1.8.0_181'
Driver info: com.kms.katalon.core.webui.driver.ExistingRemoteWebDriver
Capabilities {javascriptEnabled: true, platform: ANY, platformName: ANY}
Session ID: a98d1b37a7782fa34c6e787ca58aacdc
	at org.openqa.selenium.remote.http.W3CHttpResponseCodec.createException(W3CHttpResponseCodec.java:187)
	at org.openqa.selenium.remote.http.W3CHttpResponseCodec.decode(W3CHttpResponseCodec.java:122)
	at org.openqa.selenium.remote.http.W3CHttpResponseCodec.decode(W3CHttpResponseCodec.java:49)
	at org.openqa.selenium.remote.HttpCommandExecutor.execute(HttpCommandExecutor.java:158)
	at org.openqa.selenium.remote.RemoteWebDriver.execute(RemoteWebDriver.java:552)
	at com.kms.katalon.core.webui.driver.ExistingRemoteWebDriver.execute(ExistingRemoteWebDriver.java:108)
	at org.openqa.selenium.remote.RemoteWebElement.execute(RemoteWebElement.java:285)
	at org.openqa.selenium.remote.RemoteWebElement.click(RemoteWebElement.java:84)
	at org.openqa.selenium.support.events.EventFiringWebDriver$EventFiringWebElement.lambda$new$0(EventFiringWebDriver.java:404)
	at com.sun.proxy.$Proxy11.click(Unknown Source)
	at org.openqa.selenium.support.events.EventFiringWebDriver$EventFiringWebElement.click(EventFiringWebDriver.java:417)
	at com.kms.katalon.core.webui.keyword.builtin.ClickKeyword$_click_closure1.doCall(ClickKeyword.groovy:68)
	at com.kms.katalon.core.webui.keyword.builtin.ClickKeyword$_click_closure1.call(ClickKeyword.groovy)
	at com.kms.katalon.core.webui.keyword.internal.WebUIKeywordMain.runKeyword(WebUIKeywordMain.groovy:20)
	at com.kms.katalon.core.webui.keyword.builtin.ClickKeyword.click(ClickKeyword.groovy:75)
	at com.kms.katalon.core.webui.keyword.builtin.ClickKeyword.execute(ClickKeyword.groovy:42)
	at com.kms.katalon.core.keyword.internal.KeywordExecutor.executeKeywordForPlatform(KeywordExecutor.groovy:73)
	at com.kms.katalon.core.webui.keyword.WebUiBuiltInKeywords.click(WebUiBuiltInKeywords.groovy:620)
	at com.kms.katalon.core.webui.keyword.WebUiBuiltInKeywords$click$10.call(Unknown Source)
	at Script1634611424888.run(Script1634611424888.groovy:101)
	... 13 more
)

2021-10-21 23:48:28 - [MESSAGE][FAILED] - Unable to click on object 'Object Repository/RAD_Pages/Landing_Page/button_Continue' (Root cause: com.kms.katalon.core.exception.StepFailedException: Unable to click on object 'Object Repository/RAD_Pages/Landing_Page/button_Continue'
	at com.kms.katalon.core.webui.keyword.internal.WebUIKeywordMain.stepFailed(WebUIKeywordMain.groovy:64)
	at com.kms.katalon.core.webui.keyword.internal.WebUIKeywordMain.runKeyword(WebUIKeywordMain.groovy:26)
	at com.kms.katalon.core.webui.keyword.builtin.ClickKeyword.click(ClickKeyword.groovy:75)
	at com.kms.katalon.core.webui.keyword.builtin.ClickKeyword.execute(ClickKeyword.groovy:42)
	at com.kms.katalon.core.keyword.internal.KeywordExecutor.executeKeywordForPlatform(KeywordExecutor.groovy:73)
	at com.kms.katalon.core.webui.keyword.WebUiBuiltInKeywords.click(WebUiBuiltInKeywords.groovy:620)
	at com.kms.katalon.core.webui.keyword.WebUiBuiltInKeywords$click$10.call(Unknown Source)
	at ExtensionPayments_MRF_TC.run(ExtensionPayments_MRF_TC:101)
	at com.kms.katalon.core.main.ScriptEngine.run(ScriptEngine.java:194)
	at com.kms.katalon.core.main.ScriptEngine.runScriptAsRawText(ScriptEngine.java:119)
	at com.kms.katalon.core.main.TestCaseExecutor.runScript(TestCaseExecutor.java:369)
	at com.kms.katalon.core.main.TestCaseExecutor.doExecute(TestCaseExecutor.java:360)
	at com.kms.katalon.core.main.TestCaseExecutor.processExecutionPhase(TestCaseExecutor.java:339)
	at com.kms.katalon.core.main.TestCaseExecutor.accessMainPhase(TestCaseExecutor.java:331)
	at com.kms.katalon.core.main.TestCaseExecutor.execute(TestCaseExecutor.java:248)
	at com.kms.katalon.core.main.TestSuiteExecutor.accessTestCaseMainPhase(TestSuiteExecutor.java:191)
	at com.kms.katalon.core.main.TestSuiteExecutor.accessTestSuiteMainPhase(TestSuiteExecutor.java:140)
	at com.kms.katalon.core.main.TestSuiteExecutor.execute(TestSuiteExecutor.java:89)
	at com.kms.katalon.core.main.TestCaseMain.startTestSuite(TestCaseMain.java:185)
	at com.kms.katalon.core.main.TestCaseMain$startTestSuite$0.call(Unknown Source)
	at TempTestSuite1634874291072.run(TempTestSuite1634874291072.groovy:39)
Caused by: org.openqa.selenium.ElementClickInterceptedException: element click intercepted: Element <button class="btn btn-primary float-end w-auto disablecontinue" disabled="">...</button> is not clickable at point (1077, 641). Other element would receive the click: <div class="w-100 mt-auto pt-3">...</div>
  (Session info: chrome=95.0.4638.54)
Build info: version: '3.141.59', revision: 'e82be7d358', time: '2018-11-14T08:25:53'
System info: host: 'DESKTOP-B2QI6NS', ip: '172.30.2.167', os.name: 'Windows 10', os.arch: 'amd64', os.version: '10.0', java.version: '1.8.0_181'
Driver info: com.kms.katalon.core.webui.driver.ExistingRemoteWebDriver
Capabilities {javascriptEnabled: true, platform: ANY, platformName: ANY}
Session ID: a98d1b37a7782fa34c6e787ca58aacdc
	at org.openqa.selenium.remote.http.W3CHttpResponseCodec.createException(W3CHttpResponseCodec.java:187)
	at org.openqa.selenium.remote.http.W3CHttpResponseCodec.decode(W3CHttpResponseCodec.java:122)
	at org.openqa.selenium.remote.http.W3CHttpResponseCodec.decode(W3CHttpResponseCodec.java:49)
	at org.openqa.selenium.remote.HttpCommandExecutor.execute(HttpCommandExecutor.java:158)
	at org.openqa.selenium.remote.RemoteWebDriver.execute(RemoteWebDriver.java:552)
	at com.kms.katalon.core.webui.driver.ExistingRemoteWebDriver.execute(ExistingRemoteWebDriver.java:108)
	at org.openqa.selenium.remote.RemoteWebElement.execute(RemoteWebElement.java:285)
	at org.openqa.selenium.remote.RemoteWebElement.click(RemoteWebElement.java:84)
	at org.openqa.selenium.support.events.EventFiringWebDriver$EventFiringWebElement.lambda$new$0(EventFiringWebDriver.java:404)
	at com.sun.proxy.$Proxy11.click(Unknown Source)
	at org.openqa.selenium.support.events.EventFiringWebDriver$EventFiringWebElement.click(EventFiringWebDriver.java:417)
	at com.kms.katalon.core.webui.keyword.builtin.ClickKeyword$_click_closure1.doCall(ClickKeyword.groovy:68)
	at com.kms.katalon.core.webui.keyword.builtin.ClickKeyword$_click_closure1.call(ClickKeyword.groovy)
	at com.kms.katalon.core.webui.keyword.internal.WebUIKeywordMain.runKeyword(WebUIKeywordMain.groovy:20)
	at com.kms.katalon.core.webui.keyword.builtin.ClickKeyword.click(ClickKeyword.groovy:75)
	at com.kms.katalon.core.webui.keyword.builtin.ClickKeyword.execute(ClickKeyword.groovy:42)
	at com.kms.katalon.core.keyword.internal.KeywordExecutor.executeKeywordForPlatform(KeywordExecutor.groovy:73)
	at com.kms.katalon.core.webui.keyword.WebUiBuiltInKeywords.click(WebUiBuiltInKeywords.groovy:620)
	at com.kms.katalon.core.webui.keyword.WebUiBuiltInKeywords$click$10.call(Unknown Source)
	at Script1634611424888.run(Script1634611424888.groovy:101)
	... 13 more
)
[[ATTACHMENT|E:\\Cloned-Project-Katalon\\VPS-Katalon\\Reports\\20211021_234451\\RAD_TestSuite\\RAD_UI_TestSuite\\20211021_234451\\1634874508758.png]]

2021-10-21 23:48:28 - [TEST_STEP][FAILED] - verifyTextPresent("Enter joint payer first name", true): Text 'Enter joint payer first name' is not present on page  using regular expression (Root cause: com.kms.katalon.core.exception.StepFailedException: Text 'Enter joint payer first name' is not present on page  using regular expression
	at com.kms.katalon.core.webui.keyword.internal.WebUIKeywordMain.stepFailed(WebUIKeywordMain.groovy:64)
	at com.kms.katalon.core.webui.keyword.builtin.VerifyTextPresentKeyword$_verifyTextPresent_closure1.doCall(VerifyTextPresentKeyword.groovy:79)
	at com.kms.katalon.core.webui.keyword.builtin.VerifyTextPresentKeyword$_verifyTextPresent_closure1.call(VerifyTextPresentKeyword.groovy)
	at com.kms.katalon.core.webui.keyword.internal.WebUIKeywordMain.runKeyword(WebUIKeywordMain.groovy:20)
	at com.kms.katalon.core.webui.keyword.builtin.VerifyTextPresentKeyword.verifyTextPresent(VerifyTextPresentKeyword.groovy:83)
	at com.kms.katalon.core.webui.keyword.builtin.VerifyTextPresentKeyword.execute(VerifyTextPresentKeyword.groovy:68)
	at com.kms.katalon.core.keyword.internal.KeywordExecutor.executeKeywordForPlatform(KeywordExecutor.groovy:73)
	at com.kms.katalon.core.webui.keyword.WebUiBuiltInKeywords.verifyTextPresent(WebUiBuiltInKeywords.groovy:1723)
	at com.kms.katalon.core.webui.keyword.WebUiBuiltInKeywords$verifyTextPresent$3.call(Unknown Source)
	at ExtensionPayments_MRF_TC.run(ExtensionPayments_MRF_TC:103)
	at com.kms.katalon.core.main.ScriptEngine.run(ScriptEngine.java:194)
	at com.kms.katalon.core.main.ScriptEngine.runScriptAsRawText(ScriptEngine.java:119)
	at com.kms.katalon.core.main.TestCaseExecutor.runScript(TestCaseExecutor.java:369)
	at com.kms.katalon.core.main.TestCaseExecutor.doExecute(TestCaseExecutor.java:360)
	at com.kms.katalon.core.main.TestCaseExecutor.processExecutionPhase(TestCaseExecutor.java:339)
	at com.kms.katalon.core.main.TestCaseExecutor.accessMainPhase(TestCaseExecutor.java:331)
	at com.kms.katalon.core.main.TestCaseExecutor.execute(TestCaseExecutor.java:248)
	at com.kms.katalon.core.main.TestSuiteExecutor.accessTestCaseMainPhase(TestSuiteExecutor.java:191)
	at com.kms.katalon.core.main.TestSuiteExecutor.accessTestSuiteMainPhase(TestSuiteExecutor.java:140)
	at com.kms.katalon.core.main.TestSuiteExecutor.execute(TestSuiteExecutor.java:89)
	at com.kms.katalon.core.main.TestCaseMain.startTestSuite(TestCaseMain.java:185)
	at com.kms.katalon.core.main.TestCaseMain$startTestSuite$0.call(Unknown Source)
	at TempTestSuite1634874291072.run(TempTestSuite1634874291072.groovy:39)
)

2021-10-21 23:48:29 - [MESSAGE][FAILED] - Text 'Enter joint payer first name' is not present on page  using regular expression (Root cause: com.kms.katalon.core.exception.StepFailedException: Text 'Enter joint payer first name' is not present on page  using regular expression
	at com.kms.katalon.core.webui.keyword.internal.WebUIKeywordMain.stepFailed(WebUIKeywordMain.groovy:64)
	at com.kms.katalon.core.webui.keyword.builtin.VerifyTextPresentKeyword$_verifyTextPresent_closure1.doCall(VerifyTextPresentKeyword.groovy:79)
	at com.kms.katalon.core.webui.keyword.builtin.VerifyTextPresentKeyword$_verifyTextPresent_closure1.call(VerifyTextPresentKeyword.groovy)
	at com.kms.katalon.core.webui.keyword.internal.WebUIKeywordMain.runKeyword(WebUIKeywordMain.groovy:20)
	at com.kms.katalon.core.webui.keyword.builtin.VerifyTextPresentKeyword.verifyTextPresent(VerifyTextPresentKeyword.groovy:83)
	at com.kms.katalon.core.webui.keyword.builtin.VerifyTextPresentKeyword.execute(VerifyTextPresentKeyword.groovy:68)
	at com.kms.katalon.core.keyword.internal.KeywordExecutor.executeKeywordForPlatform(KeywordExecutor.groovy:73)
	at com.kms.katalon.core.webui.keyword.WebUiBuiltInKeywords.verifyTextPresent(WebUiBuiltInKeywords.groovy:1723)
	at com.kms.katalon.core.webui.keyword.WebUiBuiltInKeywords$verifyTextPresent$3.call(Unknown Source)
	at ExtensionPayments_MRF_TC.run(ExtensionPayments_MRF_TC:103)
	at com.kms.katalon.core.main.ScriptEngine.run(ScriptEngine.java:194)
	at com.kms.katalon.core.main.ScriptEngine.runScriptAsRawText(ScriptEngine.java:119)
	at com.kms.katalon.core.main.TestCaseExecutor.runScript(TestCaseExecutor.java:369)
	at com.kms.katalon.core.main.TestCaseExecutor.doExecute(TestCaseExecutor.java:360)
	at com.kms.katalon.core.main.TestCaseExecutor.processExecutionPhase(TestCaseExecutor.java:339)
	at com.kms.katalon.core.main.TestCaseExecutor.accessMainPhase(TestCaseExecutor.java:331)
	at com.kms.katalon.core.main.TestCaseExecutor.execute(TestCaseExecutor.java:248)
	at com.kms.katalon.core.main.TestSuiteExecutor.accessTestCaseMainPhase(TestSuiteExecutor.java:191)
	at com.kms.katalon.core.main.TestSuiteExecutor.accessTestSuiteMainPhase(TestSuiteExecutor.java:140)
	at com.kms.katalon.core.main.TestSuiteExecutor.execute(TestSuiteExecutor.java:89)
	at com.kms.katalon.core.main.TestCaseMain.startTestSuite(TestCaseMain.java:185)
	at com.kms.katalon.core.main.TestCaseMain$startTestSuite$0.call(Unknown Source)
	at TempTestSuite1634874291072.run(TempTestSuite1634874291072.groovy:39)
)

2021-10-21 23:48:29 - [TEST_STEP][FAILED] - verifyTextPresent("Enter joint payer last name", true): Text 'Enter joint payer last name' is not present on page  using regular expression (Root cause: com.kms.katalon.core.exception.StepFailedException: Text 'Enter joint payer last name' is not present on page  using regular expression
	at com.kms.katalon.core.webui.keyword.internal.WebUIKeywordMain.stepFailed(WebUIKeywordMain.groovy:64)
	at com.kms.katalon.core.webui.keyword.builtin.VerifyTextPresentKeyword$_verifyTextPresent_closure1.doCall(VerifyTextPresentKeyword.groovy:79)
	at com.kms.katalon.core.webui.keyword.builtin.VerifyTextPresentKeyword$_verifyTextPresent_closure1.call(VerifyTextPresentKeyword.groovy)
	at com.kms.katalon.core.webui.keyword.internal.WebUIKeywordMain.runKeyword(WebUIKeywordMain.groovy:20)
	at com.kms.katalon.core.webui.keyword.builtin.VerifyTextPresentKeyword.verifyTextPresent(VerifyTextPresentKeyword.groovy:83)
	at com.kms.katalon.core.webui.keyword.builtin.VerifyTextPresentKeyword.execute(VerifyTextPresentKeyword.groovy:68)
	at com.kms.katalon.core.keyword.internal.KeywordExecutor.executeKeywordForPlatform(KeywordExecutor.groovy:73)
	at com.kms.katalon.core.webui.keyword.WebUiBuiltInKeywords.verifyTextPresent(WebUiBuiltInKeywords.groovy:1723)
	at com.kms.katalon.core.webui.keyword.WebUiBuiltInKeywords$verifyTextPresent$3.call(Unknown Source)
	at ExtensionPayments_MRF_TC.run(ExtensionPayments_MRF_TC:105)
	at com.kms.katalon.core.main.ScriptEngine.run(ScriptEngine.java:194)
	at com.kms.katalon.core.main.ScriptEngine.runScriptAsRawText(ScriptEngine.java:119)
	at com.kms.katalon.core.main.TestCaseExecutor.runScript(TestCaseExecutor.java:369)
	at com.kms.katalon.core.main.TestCaseExecutor.doExecute(TestCaseExecutor.java:360)
	at com.kms.katalon.core.main.TestCaseExecutor.processExecutionPhase(TestCaseExecutor.java:339)
	at com.kms.katalon.core.main.TestCaseExecutor.accessMainPhase(TestCaseExecutor.java:331)
	at com.kms.katalon.core.main.TestCaseExecutor.execute(TestCaseExecutor.java:248)
	at com.kms.katalon.core.main.TestSuiteExecutor.accessTestCaseMainPhase(TestSuiteExecutor.java:191)
	at com.kms.katalon.core.main.TestSuiteExecutor.accessTestSuiteMainPhase(TestSuiteExecutor.java:140)
	at com.kms.katalon.core.main.TestSuiteExecutor.execute(TestSuiteExecutor.java:89)
	at com.kms.katalon.core.main.TestCaseMain.startTestSuite(TestCaseMain.java:185)
	at com.kms.katalon.core.main.TestCaseMain$startTestSuite$0.call(Unknown Source)
	at TempTestSuite1634874291072.run(TempTestSuite1634874291072.groovy:39)
)

2021-10-21 23:48:29 - [MESSAGE][FAILED] - Text 'Enter joint payer last name' is not present on page  using regular expression (Root cause: com.kms.katalon.core.exception.StepFailedException: Text 'Enter joint payer last name' is not present on page  using regular expression
	at com.kms.katalon.core.webui.keyword.internal.WebUIKeywordMain.stepFailed(WebUIKeywordMain.groovy:64)
	at com.kms.katalon.core.webui.keyword.builtin.VerifyTextPresentKeyword$_verifyTextPresent_closure1.doCall(VerifyTextPresentKeyword.groovy:79)
	at com.kms.katalon.core.webui.keyword.builtin.VerifyTextPresentKeyword$_verifyTextPresent_closure1.call(VerifyTextPresentKeyword.groovy)
	at com.kms.katalon.core.webui.keyword.internal.WebUIKeywordMain.runKeyword(WebUIKeywordMain.groovy:20)
	at com.kms.katalon.core.webui.keyword.builtin.VerifyTextPresentKeyword.verifyTextPresent(VerifyTextPresentKeyword.groovy:83)
	at com.kms.katalon.core.webui.keyword.builtin.VerifyTextPresentKeyword.execute(VerifyTextPresentKeyword.groovy:68)
	at com.kms.katalon.core.keyword.internal.KeywordExecutor.executeKeywordForPlatform(KeywordExecutor.groovy:73)
	at com.kms.katalon.core.webui.keyword.WebUiBuiltInKeywords.verifyTextPresent(WebUiBuiltInKeywords.groovy:1723)
	at com.kms.katalon.core.webui.keyword.WebUiBuiltInKeywords$verifyTextPresent$3.call(Unknown Source)
	at ExtensionPayments_MRF_TC.run(ExtensionPayments_MRF_TC:105)
	at com.kms.katalon.core.main.ScriptEngine.run(ScriptEngine.java:194)
	at com.kms.katalon.core.main.ScriptEngine.runScriptAsRawText(ScriptEngine.java:119)
	at com.kms.katalon.core.main.TestCaseExecutor.runScript(TestCaseExecutor.java:369)
	at com.kms.katalon.core.main.TestCaseExecutor.doExecute(TestCaseExecutor.java:360)
	at com.kms.katalon.core.main.TestCaseExecutor.processExecutionPhase(TestCaseExecutor.java:339)
	at com.kms.katalon.core.main.TestCaseExecutor.accessMainPhase(TestCaseExecutor.java:331)
	at com.kms.katalon.core.main.TestCaseExecutor.execute(TestCaseExecutor.java:248)
	at com.kms.katalon.core.main.TestSuiteExecutor.accessTestCaseMainPhase(TestSuiteExecutor.java:191)
	at com.kms.katalon.core.main.TestSuiteExecutor.accessTestSuiteMainPhase(TestSuiteExecutor.java:140)
	at com.kms.katalon.core.main.TestSuiteExecutor.execute(TestSuiteExecutor.java:89)
	at com.kms.katalon.core.main.TestCaseMain.startTestSuite(TestCaseMain.java:185)
	at com.kms.katalon.core.main.TestCaseMain$startTestSuite$0.call(Unknown Source)
	at TempTestSuite1634874291072.run(TempTestSuite1634874291072.groovy:39)
)

2021-10-21 23:48:29 - [TEST_STEP][FAILED] - verifyTextPresent("Enter joint payer social security number", true): Text 'Enter joint payer social security number' is not present on page  using regular expression (Root cause: com.kms.katalon.core.exception.StepFailedException: Text 'Enter joint payer social security number' is not present on page  using regular expression
	at com.kms.katalon.core.webui.keyword.internal.WebUIKeywordMain.stepFailed(WebUIKeywordMain.groovy:64)
	at com.kms.katalon.core.webui.keyword.builtin.VerifyTextPresentKeyword$_verifyTextPresent_closure1.doCall(VerifyTextPresentKeyword.groovy:79)
	at com.kms.katalon.core.webui.keyword.builtin.VerifyTextPresentKeyword$_verifyTextPresent_closure1.call(VerifyTextPresentKeyword.groovy)
	at com.kms.katalon.core.webui.keyword.internal.WebUIKeywordMain.runKeyword(WebUIKeywordMain.groovy:20)
	at com.kms.katalon.core.webui.keyword.builtin.VerifyTextPresentKeyword.verifyTextPresent(VerifyTextPresentKeyword.groovy:83)
	at com.kms.katalon.core.webui.keyword.builtin.VerifyTextPresentKeyword.execute(VerifyTextPresentKeyword.groovy:68)
	at com.kms.katalon.core.keyword.internal.KeywordExecutor.executeKeywordForPlatform(KeywordExecutor.groovy:73)
	at com.kms.katalon.core.webui.keyword.WebUiBuiltInKeywords.verifyTextPresent(WebUiBuiltInKeywords.groovy:1723)
	at com.kms.katalon.core.webui.keyword.WebUiBuiltInKeywords$verifyTextPresent$3.call(Unknown Source)
	at ExtensionPayments_MRF_TC.run(ExtensionPayments_MRF_TC:107)
	at com.kms.katalon.core.main.ScriptEngine.run(ScriptEngine.java:194)
	at com.kms.katalon.core.main.ScriptEngine.runScriptAsRawText(ScriptEngine.java:119)
	at com.kms.katalon.core.main.TestCaseExecutor.runScript(TestCaseExecutor.java:369)
	at com.kms.katalon.core.main.TestCaseExecutor.doExecute(TestCaseExecutor.java:360)
	at com.kms.katalon.core.main.TestCaseExecutor.processExecutionPhase(TestCaseExecutor.java:339)
	at com.kms.katalon.core.main.TestCaseExecutor.accessMainPhase(TestCaseExecutor.java:331)
	at com.kms.katalon.core.main.TestCaseExecutor.execute(TestCaseExecutor.java:248)
	at com.kms.katalon.core.main.TestSuiteExecutor.accessTestCaseMainPhase(TestSuiteExecutor.java:191)
	at com.kms.katalon.core.main.TestSuiteExecutor.accessTestSuiteMainPhase(TestSuiteExecutor.java:140)
	at com.kms.katalon.core.main.TestSuiteExecutor.execute(TestSuiteExecutor.java:89)
	at com.kms.katalon.core.main.TestCaseMain.startTestSuite(TestCaseMain.java:185)
	at com.kms.katalon.core.main.TestCaseMain$startTestSuite$0.call(Unknown Source)
	at TempTestSuite1634874291072.run(TempTestSuite1634874291072.groovy:39)
)

2021-10-21 23:48:30 - [MESSAGE][FAILED] - Text 'Enter joint payer social security number' is not present on page  using regular expression (Root cause: com.kms.katalon.core.exception.StepFailedException: Text 'Enter joint payer social security number' is not present on page  using regular expression
	at com.kms.katalon.core.webui.keyword.internal.WebUIKeywordMain.stepFailed(WebUIKeywordMain.groovy:64)
	at com.kms.katalon.core.webui.keyword.builtin.VerifyTextPresentKeyword$_verifyTextPresent_closure1.doCall(VerifyTextPresentKeyword.groovy:79)
	at com.kms.katalon.core.webui.keyword.builtin.VerifyTextPresentKeyword$_verifyTextPresent_closure1.call(VerifyTextPresentKeyword.groovy)
	at com.kms.katalon.core.webui.keyword.internal.WebUIKeywordMain.runKeyword(WebUIKeywordMain.groovy:20)
	at com.kms.katalon.core.webui.keyword.builtin.VerifyTextPresentKeyword.verifyTextPresent(VerifyTextPresentKeyword.groovy:83)
	at com.kms.katalon.core.webui.keyword.builtin.VerifyTextPresentKeyword.execute(VerifyTextPresentKeyword.groovy:68)
	at com.kms.katalon.core.keyword.internal.KeywordExecutor.executeKeywordForPlatform(KeywordExecutor.groovy:73)
	at com.kms.katalon.core.webui.keyword.WebUiBuiltInKeywords.verifyTextPresent(WebUiBuiltInKeywords.groovy:1723)
	at com.kms.katalon.core.webui.keyword.WebUiBuiltInKeywords$verifyTextPresent$3.call(Unknown Source)
	at ExtensionPayments_MRF_TC.run(ExtensionPayments_MRF_TC:107)
	at com.kms.katalon.core.main.ScriptEngine.run(ScriptEngine.java:194)
	at com.kms.katalon.core.main.ScriptEngine.runScriptAsRawText(ScriptEngine.java:119)
	at com.kms.katalon.core.main.TestCaseExecutor.runScript(TestCaseExecutor.java:369)
	at com.kms.katalon.core.main.TestCaseExecutor.doExecute(TestCaseExecutor.java:360)
	at com.kms.katalon.core.main.TestCaseExecutor.processExecutionPhase(TestCaseExecutor.java:339)
	at com.kms.katalon.core.main.TestCaseExecutor.accessMainPhase(TestCaseExecutor.java:331)
	at com.kms.katalon.core.main.TestCaseExecutor.execute(TestCaseExecutor.java:248)
	at com.kms.katalon.core.main.TestSuiteExecutor.accessTestCaseMainPhase(TestSuiteExecutor.java:191)
	at com.kms.katalon.core.main.TestSuiteExecutor.accessTestSuiteMainPhase(TestSuiteExecutor.java:140)
	at com.kms.katalon.core.main.TestSuiteExecutor.execute(TestSuiteExecutor.java:89)
	at com.kms.katalon.core.main.TestCaseMain.startTestSuite(TestCaseMain.java:185)
	at com.kms.katalon.core.main.TestCaseMain$startTestSuite$0.call(Unknown Source)
	at TempTestSuite1634874291072.run(TempTestSuite1634874291072.groovy:39)
)

2021-10-21 23:48:30 - [TEST_STEP][FAILED] - verifyTextPresent("The joint payer SSN and Re-enter SSN do not match", true): Text 'The joint payer SSN and Re-enter SSN do not match' is not present on page  using regular expression (Root cause: com.kms.katalon.core.exception.StepFailedException: Text 'The joint payer SSN and Re-enter SSN do not match' is not present on page  using regular expression
	at com.kms.katalon.core.webui.keyword.internal.WebUIKeywordMain.stepFailed(WebUIKeywordMain.groovy:64)
	at com.kms.katalon.core.webui.keyword.builtin.VerifyTextPresentKeyword$_verifyTextPresent_closure1.doCall(VerifyTextPresentKeyword.groovy:79)
	at com.kms.katalon.core.webui.keyword.builtin.VerifyTextPresentKeyword$_verifyTextPresent_closure1.call(VerifyTextPresentKeyword.groovy)
	at com.kms.katalon.core.webui.keyword.internal.WebUIKeywordMain.runKeyword(WebUIKeywordMain.groovy:20)
	at com.kms.katalon.core.webui.keyword.builtin.VerifyTextPresentKeyword.verifyTextPresent(VerifyTextPresentKeyword.groovy:83)
	at com.kms.katalon.core.webui.keyword.builtin.VerifyTextPresentKeyword.execute(VerifyTextPresentKeyword.groovy:68)
	at com.kms.katalon.core.keyword.internal.KeywordExecutor.executeKeywordForPlatform(KeywordExecutor.groovy:73)
	at com.kms.katalon.core.webui.keyword.WebUiBuiltInKeywords.verifyTextPresent(WebUiBuiltInKeywords.groovy:1723)
	at com.kms.katalon.core.webui.keyword.WebUiBuiltInKeywords$verifyTextPresent$3.call(Unknown Source)
	at ExtensionPayments_MRF_TC.run(ExtensionPayments_MRF_TC:109)
	at com.kms.katalon.core.main.ScriptEngine.run(ScriptEngine.java:194)
	at com.kms.katalon.core.main.ScriptEngine.runScriptAsRawText(ScriptEngine.java:119)
	at com.kms.katalon.core.main.TestCaseExecutor.runScript(TestCaseExecutor.java:369)
	at com.kms.katalon.core.main.TestCaseExecutor.doExecute(TestCaseExecutor.java:360)
	at com.kms.katalon.core.main.TestCaseExecutor.processExecutionPhase(TestCaseExecutor.java:339)
	at com.kms.katalon.core.main.TestCaseExecutor.accessMainPhase(TestCaseExecutor.java:331)
	at com.kms.katalon.core.main.TestCaseExecutor.execute(TestCaseExecutor.java:248)
	at com.kms.katalon.core.main.TestSuiteExecutor.accessTestCaseMainPhase(TestSuiteExecutor.java:191)
	at com.kms.katalon.core.main.TestSuiteExecutor.accessTestSuiteMainPhase(TestSuiteExecutor.java:140)
	at com.kms.katalon.core.main.TestSuiteExecutor.execute(TestSuiteExecutor.java:89)
	at com.kms.katalon.core.main.TestCaseMain.startTestSuite(TestCaseMain.java:185)
	at com.kms.katalon.core.main.TestCaseMain$startTestSuite$0.call(Unknown Source)
	at TempTestSuite1634874291072.run(TempTestSuite1634874291072.groovy:39)
)

2021-10-21 23:48:30 - [MESSAGE][FAILED] - Text 'The joint payer SSN and Re-enter SSN do not match' is not present on page  using regular expression (Root cause: com.kms.katalon.core.exception.StepFailedException: Text 'The joint payer SSN and Re-enter SSN do not match' is not present on page  using regular expression
	at com.kms.katalon.core.webui.keyword.internal.WebUIKeywordMain.stepFailed(WebUIKeywordMain.groovy:64)
	at com.kms.katalon.core.webui.keyword.builtin.VerifyTextPresentKeyword$_verifyTextPresent_closure1.doCall(VerifyTextPresentKeyword.groovy:79)
	at com.kms.katalon.core.webui.keyword.builtin.VerifyTextPresentKeyword$_verifyTextPresent_closure1.call(VerifyTextPresentKeyword.groovy)
	at com.kms.katalon.core.webui.keyword.internal.WebUIKeywordMain.runKeyword(WebUIKeywordMain.groovy:20)
	at com.kms.katalon.core.webui.keyword.builtin.VerifyTextPresentKeyword.verifyTextPresent(VerifyTextPresentKeyword.groovy:83)
	at com.kms.katalon.core.webui.keyword.builtin.VerifyTextPresentKeyword.execute(VerifyTextPresentKeyword.groovy:68)
	at com.kms.katalon.core.keyword.internal.KeywordExecutor.executeKeywordForPlatform(KeywordExecutor.groovy:73)
	at com.kms.katalon.core.webui.keyword.WebUiBuiltInKeywords.verifyTextPresent(WebUiBuiltInKeywords.groovy:1723)
	at com.kms.katalon.core.webui.keyword.WebUiBuiltInKeywords$verifyTextPresent$3.call(Unknown Source)
	at ExtensionPayments_MRF_TC.run(ExtensionPayments_MRF_TC:109)
	at com.kms.katalon.core.main.ScriptEngine.run(ScriptEngine.java:194)
	at com.kms.katalon.core.main.ScriptEngine.runScriptAsRawText(ScriptEngine.java:119)
	at com.kms.katalon.core.main.TestCaseExecutor.runScript(TestCaseExecutor.java:369)
	at com.kms.katalon.core.main.TestCaseExecutor.doExecute(TestCaseExecutor.java:360)
	at com.kms.katalon.core.main.TestCaseExecutor.processExecutionPhase(TestCaseExecutor.java:339)
	at com.kms.katalon.core.main.TestCaseExecutor.accessMainPhase(TestCaseExecutor.java:331)
	at com.kms.katalon.core.main.TestCaseExecutor.execute(TestCaseExecutor.java:248)
	at com.kms.katalon.core.main.TestSuiteExecutor.accessTestCaseMainPhase(TestSuiteExecutor.java:191)
	at com.kms.katalon.core.main.TestSuiteExecutor.accessTestSuiteMainPhase(TestSuiteExecutor.java:140)
	at com.kms.katalon.core.main.TestSuiteExecutor.execute(TestSuiteExecutor.java:89)
	at com.kms.katalon.core.main.TestCaseMain.startTestSuite(TestCaseMain.java:185)
	at com.kms.katalon.core.main.TestCaseMain$startTestSuite$0.call(Unknown Source)
	at TempTestSuite1634874291072.run(TempTestSuite1634874291072.groovy:39)
)]]></system-out>
         <system-err><![CDATA[2021-10-21 23:48:16 - [TEST_CASE][FAILED] - Test Cases/RAD_TestCases/MRF_TestCases/ExtensionPayments_MRF_TC: Test Cases/RAD_TestCases/MRF_TestCases/ExtensionPayments_MRF_TC FAILED.
Reason:
com.kms.katalon.core.exception.StepFailedException: Unable to click on object 'Object Repository/RAD_Pages/Landing_Page/button_Continue' (Root cause: com.kms.katalon.core.exception.StepFailedException: Unable to click on object 'Object Repository/RAD_Pages/Landing_Page/button_Continue'
	at com.kms.katalon.core.webui.keyword.internal.WebUIKeywordMain.stepFailed(WebUIKeywordMain.groovy:64)
	at com.kms.katalon.core.webui.keyword.internal.WebUIKeywordMain.runKeyword(WebUIKeywordMain.groovy:26)
	at com.kms.katalon.core.webui.keyword.builtin.ClickKeyword.click(ClickKeyword.groovy:75)
	at com.kms.katalon.core.webui.keyword.builtin.ClickKeyword.execute(ClickKeyword.groovy:42)
	at com.kms.katalon.core.keyword.internal.KeywordExecutor.executeKeywordForPlatform(KeywordExecutor.groovy:73)
	at com.kms.katalon.core.webui.keyword.WebUiBuiltInKeywords.click(WebUiBuiltInKeywords.groovy:620)
	at com.kms.katalon.core.webui.keyword.WebUiBuiltInKeywords$click$10.call(Unknown Source)
	at ExtensionPayments_MRF_TC.run(ExtensionPayments_MRF_TC:101)
	at com.kms.katalon.core.main.ScriptEngine.run(ScriptEngine.java:194)
	at com.kms.katalon.core.main.ScriptEngine.runScriptAsRawText(ScriptEngine.java:119)
	at com.kms.katalon.core.main.TestCaseExecutor.runScript(TestCaseExecutor.java:369)
	at com.kms.katalon.core.main.TestCaseExecutor.doExecute(TestCaseExecutor.java:360)
	at com.kms.katalon.core.main.TestCaseExecutor.processExecutionPhase(TestCaseExecutor.java:339)
	at com.kms.katalon.core.main.TestCaseExecutor.accessMainPhase(TestCaseExecutor.java:331)
	at com.kms.katalon.core.main.TestCaseExecutor.execute(TestCaseExecutor.java:248)
	at com.kms.katalon.core.main.TestSuiteExecutor.accessTestCaseMainPhase(TestSuiteExecutor.java:191)
	at com.kms.katalon.core.main.TestSuiteExecutor.accessTestSuiteMainPhase(TestSuiteExecutor.java:140)
	at com.kms.katalon.core.main.TestSuiteExecutor.execute(TestSuiteExecutor.java:89)
	at com.kms.katalon.core.main.TestCaseMain.startTestSuite(TestCaseMain.java:185)
	at com.kms.katalon.core.main.TestCaseMain$startTestSuite$0.call(Unknown Source)
	at TempTestSuite1634874291072.run(TempTestSuite1634874291072.groovy:39)
Caused by: org.openqa.selenium.ElementClickInterceptedException: element click intercepted: Element <button class="btn btn-primary float-end w-auto disablecontinue" disabled="">...</button> is not clickable at point (1077, 641). Other element would receive the click: <div class="w-100 mt-auto pt-3">...</div>
  (Session info: chrome=95.0.4638.54)
Build info: version: '3.141.59', revision: 'e82be7d358', time: '2018-11-14T08:25:53'
System info: host: 'DESKTOP-B2QI6NS', ip: '172.30.2.167', os.name: 'Windows 10', os.arch: 'amd64', os.version: '10.0', java.version: '1.8.0_181'
Driver info: com.kms.katalon.core.webui.driver.ExistingRemoteWebDriver
Capabilities {javascriptEnabled: true, platform: ANY, platformName: ANY}
Session ID: a98d1b37a7782fa34c6e787ca58aacdc
	at org.openqa.selenium.remote.http.W3CHttpResponseCodec.createException(W3CHttpResponseCodec.java:187)
	at org.openqa.selenium.remote.http.W3CHttpResponseCodec.decode(W3CHttpResponseCodec.java:122)
	at org.openqa.selenium.remote.http.W3CHttpResponseCodec.decode(W3CHttpResponseCodec.java:49)
	at org.openqa.selenium.remote.HttpCommandExecutor.execute(HttpCommandExecutor.java:158)
	at org.openqa.selenium.remote.RemoteWebDriver.execute(RemoteWebDriver.java:552)
	at com.kms.katalon.core.webui.driver.ExistingRemoteWebDriver.execute(ExistingRemoteWebDriver.java:108)
	at org.openqa.selenium.remote.RemoteWebElement.execute(RemoteWebElement.java:285)
	at org.openqa.selenium.remote.RemoteWebElement.click(RemoteWebElement.java:84)
	at org.openqa.selenium.support.events.EventFiringWebDriver$EventFiringWebElement.lambda$new$0(EventFiringWebDriver.java:404)
	at com.sun.proxy.$Proxy11.click(Unknown Source)
	at org.openqa.selenium.support.events.EventFiringWebDriver$EventFiringWebElement.click(EventFiringWebDriver.java:417)
	at com.kms.katalon.core.webui.keyword.builtin.ClickKeyword$_click_closure1.doCall(ClickKeyword.groovy:68)
	at com.kms.katalon.core.webui.keyword.builtin.ClickKeyword$_click_closure1.call(ClickKeyword.groovy)
	at com.kms.katalon.core.webui.keyword.internal.WebUIKeywordMain.runKeyword(WebUIKeywordMain.groovy:20)
	at com.kms.katalon.core.webui.keyword.builtin.ClickKeyword.click(ClickKeyword.groovy:75)
	at com.kms.katalon.core.webui.keyword.builtin.ClickKeyword.execute(ClickKeyword.groovy:42)
	at com.kms.katalon.core.keyword.internal.KeywordExecutor.executeKeywordForPlatform(KeywordExecutor.groovy:73)
	at com.kms.katalon.core.webui.keyword.WebUiBuiltInKeywords.click(WebUiBuiltInKeywords.groovy:620)
	at com.kms.katalon.core.webui.keyword.WebUiBuiltInKeywords$click$10.call(Unknown Source)
	at Script1634611424888.run(Script1634611424888.groovy:101)
	... 13 more
)
	at com.kms.katalon.core.keyword.internal.KeywordMain.stepFailed(KeywordMain.groovy:39)
	at com.kms.katalon.core.webui.keyword.internal.WebUIKeywordMain.stepFailed(WebUIKeywordMain.groovy:64)
	at com.kms.katalon.core.webui.keyword.internal.WebUIKeywordMain.runKeyword(WebUIKeywordMain.groovy:26)
	at com.kms.katalon.core.webui.keyword.builtin.ClickKeyword.click(ClickKeyword.groovy:75)
	at com.kms.katalon.core.webui.keyword.builtin.ClickKeyword.execute(ClickKeyword.groovy:42)
	at com.kms.katalon.core.keyword.internal.KeywordExecutor.executeKeywordForPlatform(KeywordExecutor.groovy:73)
	at com.kms.katalon.core.webui.keyword.WebUiBuiltInKeywords.click(WebUiBuiltInKeywords.groovy:620)
	at com.kms.katalon.core.webui.keyword.WebUiBuiltInKeywords$click$10.call(Unknown Source)
	at ExtensionPayments_MRF_TC.run(ExtensionPayments_MRF_TC:101)
	at com.kms.katalon.core.main.ScriptEngine.run(ScriptEngine.java:194)
	at com.kms.katalon.core.main.ScriptEngine.runScriptAsRawText(ScriptEngine.java:119)
	at com.kms.katalon.core.main.TestCaseExecutor.runScript(TestCaseExecutor.java:369)
	at com.kms.katalon.core.main.TestCaseExecutor.doExecute(TestCaseExecutor.java:360)
	at com.kms.katalon.core.main.TestCaseExecutor.processExecutionPhase(TestCaseExecutor.java:339)
	at com.kms.katalon.core.main.TestCaseExecutor.accessMainPhase(TestCaseExecutor.java:331)
	at com.kms.katalon.core.main.TestCaseExecutor.execute(TestCaseExecutor.java:248)
	at com.kms.katalon.core.main.TestSuiteExecutor.accessTestCaseMainPhase(TestSuiteExecutor.java:191)
	at com.kms.katalon.core.main.TestSuiteExecutor.accessTestSuiteMainPhase(TestSuiteExecutor.java:140)
	at com.kms.katalon.core.main.TestSuiteExecutor.execute(TestSuiteExecutor.java:89)
	at com.kms.katalon.core.main.TestCaseMain.startTestSuite(TestCaseMain.java:185)
	at com.kms.katalon.core.main.TestCaseMain$startTestSuite$0.call(Unknown Source)
	at TempTestSuite1634874291072.run(TempTestSuite1634874291072.groovy:39)
Caused by: com.kms.katalon.core.exception.StepFailedException: Unable to click on object 'Object Repository/RAD_Pages/Landing_Page/button_Continue'
	... 21 more
Caused by: org.openqa.selenium.ElementClickInterceptedException: element click intercepted: Element <button class="btn btn-primary float-end w-auto disablecontinue" disabled="">...</button> is not clickable at point (1077, 641). Other element would receive the click: <div class="w-100 mt-auto pt-3">...</div>
  (Session info: chrome=95.0.4638.54)
Build info: version: '3.141.59', revision: 'e82be7d358', time: '2018-11-14T08:25:53'
System info: host: 'DESKTOP-B2QI6NS', ip: '172.30.2.167', os.name: 'Windows 10', os.arch: 'amd64', os.version: '10.0', java.version: '1.8.0_181'
Driver info: com.kms.katalon.core.webui.driver.ExistingRemoteWebDriver
Capabilities {javascriptEnabled: true, platform: ANY, platformName: ANY}
Session ID: a98d1b37a7782fa34c6e787ca58aacdc
	at org.openqa.selenium.remote.http.W3CHttpResponseCodec.createException(W3CHttpResponseCodec.java:187)
	at org.openqa.selenium.remote.http.W3CHttpResponseCodec.decode(W3CHttpResponseCodec.java:122)
	at org.openqa.selenium.remote.http.W3CHttpResponseCodec.decode(W3CHttpResponseCodec.java:49)
	at org.openqa.selenium.remote.HttpCommandExecutor.execute(HttpCommandExecutor.java:158)
	at org.openqa.selenium.remote.RemoteWebDriver.execute(RemoteWebDriver.java:552)
	at com.kms.katalon.core.webui.driver.ExistingRemoteWebDriver.execute(ExistingRemoteWebDriver.java:108)
	at org.openqa.selenium.remote.RemoteWebElement.execute(RemoteWebElement.java:285)
	at org.openqa.selenium.remote.RemoteWebElement.click(RemoteWebElement.java:84)
	at org.openqa.selenium.support.events.EventFiringWebDriver$EventFiringWebElement.lambda$new$0(EventFiringWebDriver.java:404)
	at com.sun.proxy.$Proxy11.click(Unknown Source)
	at org.openqa.selenium.support.events.EventFiringWebDriver$EventFiringWebElement.click(EventFiringWebDriver.java:417)
	at com.kms.katalon.core.webui.keyword.builtin.ClickKeyword$_click_closure1.doCall(ClickKeyword.groovy:68)
	at com.kms.katalon.core.webui.keyword.builtin.ClickKeyword$_click_closure1.call(ClickKeyword.groovy)
	at com.kms.katalon.core.webui.keyword.internal.WebUIKeywordMain.runKeyword(WebUIKeywordMain.groovy:20)
	... 19 more]]></system-err>
      </testcase>
      <testcase name="Test Cases/RAD_TestCases/MRF_TestCases/SaleAndUse_MRF_TC" time="9.84" classname="Test Cases/RAD_TestCases/MRF_TestCases/SaleAndUse_MRF_TC" status="PASSED">
         <system-out><![CDATA[2021-10-21 23:48:30 - [TEST_CASE][PASSED] - Test Cases/RAD_TestCases/MRF_TestCases/SaleAndUse_MRF_TC: Test Cases/RAD_TestCases/MRF_TestCases/SaleAndUse_MRF_TC

2021-10-21 23:48:30 - [TEST_STEP][PASSED] - openBrowser(""): Browser is opened with url: ''

2021-10-21 23:48:30 - [MESSAGE][PASSED] - Browser is opened with url: ''

2021-10-21 23:48:30 - [TEST_STEP][PASSED] - maximizeWindow(): Current window maximized

2021-10-21 23:48:31 - [MESSAGE][PASSED] - Current window maximized

2021-10-21 23:48:31 - [TEST_STEP][PASSED] - navigateToUrl(RADurl): Navigate to 'https://qa.velocitypayment.com/client/rad/index.html' successfully

2021-10-21 23:48:31 - [MESSAGE][PASSED] - Navigate to 'https://qa.velocitypayment.com/client/rad/index.html' successfully

2021-10-21 23:48:31 - [TEST_STEP][PASSED] - orPath_Landing = "Object Repository/RAD_Pages/Landing_Page": null

2021-10-21 23:48:31 - [TEST_STEP][PASSED] - orPath_Amount = "Object Repository/RAD_Pages/PaymentAmount_Page": null

2021-10-21 23:48:31 - [TEST_STEP][PASSED] - orPath_FilingStatus = "Object Repository/RAD_Pages/FilingStatus_Page": null

2021-10-21 23:48:31 - [TEST_STEP][PASSED] - selectOptionByLabel(findTestObject(orPath_Landing + "/dd_TaxType"), "Sales and Use", false): All options with label 'Sales and Use' are selected in object 'Object Repository/RAD_Pages/Landing_Page/dd_TaxType' 

2021-10-21 23:48:32 - [MESSAGE][PASSED] - All options with label 'Sales and Use' are selected in object 'Object Repository/RAD_Pages/Landing_Page/dd_TaxType' 

2021-10-21 23:48:32 - [TEST_STEP][PASSED] - scrollToElement(findTestObject(orPath_Landing + "/button_Continue"), 3): Scroll to object 'Object Repository/RAD_Pages/Landing_Page/button_Continue' successfully

2021-10-21 23:48:32 - [MESSAGE][PASSED] - Scroll to object 'Object Repository/RAD_Pages/Landing_Page/button_Continue' successfully

2021-10-21 23:48:32 - [TEST_STEP][PASSED] - waitForElementClickable(findTestObject(orPath_Landing + "/button_Continue"), 5): Object 'Object Repository/RAD_Pages/Landing_Page/button_Continue' is clickable

2021-10-21 23:48:32 - [MESSAGE][PASSED] - Object 'Object Repository/RAD_Pages/Landing_Page/button_Continue' is clickable

2021-10-21 23:48:32 - [TEST_STEP][PASSED] - click(findTestObject(orPath_Landing + "/button_Continue")): Object: 'Object Repository/RAD_Pages/Landing_Page/button_Continue' is clicked on

2021-10-21 23:48:33 - [MESSAGE][PASSED] - Object: 'Object Repository/RAD_Pages/Landing_Page/button_Continue' is clicked on

2021-10-21 23:48:33 - [TEST_STEP][PASSED] - verifyTextPresent("Select a filing year", true): Text 'Select a filing year' is present on page  using regular expression

2021-10-21 23:48:34 - [MESSAGE][PASSED] - Text 'Select a filing year' is present on page  using regular expression

2021-10-21 23:48:34 - [TEST_STEP][PASSED] - verifyTextPresent("Select reporting period", true): Text 'Select reporting period' is present on page  using regular expression

2021-10-21 23:48:34 - [MESSAGE][PASSED] - Text 'Select reporting period' is present on page  using regular expression

2021-10-21 23:48:34 - [TEST_STEP][PASSED] - verifyTextPresent("Enter business name", true): Text 'Enter business name' is present on page  using regular expression

2021-10-21 23:48:34 - [MESSAGE][PASSED] - Text 'Enter business name' is present on page  using regular expression

2021-10-21 23:48:34 - [TEST_STEP][PASSED] - verifyTextPresent("Enter first name", true): Text 'Enter first name' is present on page  using regular expression

2021-10-21 23:48:35 - [MESSAGE][PASSED] - Text 'Enter first name' is present on page  using regular expression

2021-10-21 23:48:35 - [TEST_STEP][PASSED] - verifyTextPresent("Enter last name", true): Text 'Enter last name' is present on page  using regular expression

2021-10-21 23:48:35 - [MESSAGE][PASSED] - Text 'Enter last name' is present on page  using regular expression

2021-10-21 23:48:35 - [TEST_STEP][PASSED] - verifyTextPresent("Enter address", true): Text 'Enter address' is present on page  using regular expression

2021-10-21 23:48:36 - [MESSAGE][PASSED] - Text 'Enter address' is present on page  using regular expression

2021-10-21 23:48:36 - [TEST_STEP][PASSED] - verifyTextPresent("Enter city", true): Text 'Enter city' is present on page  using regular expression

2021-10-21 23:48:36 - [MESSAGE][PASSED] - Text 'Enter city' is present on page  using regular expression

2021-10-21 23:48:36 - [TEST_STEP][PASSED] - verifyTextPresent("Select a state", true): Text 'Select a state' is present on page  using regular expression

2021-10-21 23:48:37 - [MESSAGE][PASSED] - Text 'Select a state' is present on page  using regular expression

2021-10-21 23:48:37 - [TEST_STEP][PASSED] - verifyTextPresent("Enter ZIP code", true): Text 'Enter ZIP code' is present on page  using regular expression

2021-10-21 23:48:37 - [MESSAGE][PASSED] - Text 'Enter ZIP code' is present on page  using regular expression

2021-10-21 23:48:37 - [TEST_STEP][PASSED] - verifyTextPresent("Enter a phone number", true): Text 'Enter a phone number' is present on page  using regular expression

2021-10-21 23:48:38 - [MESSAGE][PASSED] - Text 'Enter a phone number' is present on page  using regular expression

2021-10-21 23:48:38 - [TEST_STEP][PASSED] - verifyTextPresent("Enter Email", true): Text 'Enter Email' is present on page  using regular expression

2021-10-21 23:48:38 - [MESSAGE][PASSED] - Text 'Enter Email' is present on page  using regular expression

2021-10-21 23:48:38 - [TEST_STEP][PASSED] - verifyTextPresent("The Email and Re-enter email do not match", true): Text 'The Email and Re-enter email do not match' is present on page  using regular expression

2021-10-21 23:48:38 - [MESSAGE][PASSED] - Text 'The Email and Re-enter email do not match' is present on page  using regular expression

2021-10-21 23:48:38 - [TEST_STEP][PASSED] - verifyTextPresent("Enter Federal EIN", true): Text 'Enter Federal EIN' is present on page  using regular expression

2021-10-21 23:48:39 - [MESSAGE][PASSED] - Text 'Enter Federal EIN' is present on page  using regular expression

2021-10-21 23:48:39 - [TEST_STEP][PASSED] - verifyTextPresent("The Federal EIN and Re-enter federal EIN do not match", true): Text 'The Federal EIN and Re-enter federal EIN do not match' is present on page  using regular expression

2021-10-21 23:48:39 - [MESSAGE][PASSED] - Text 'The Federal EIN and Re-enter federal EIN do not match' is present on page  using regular expression

2021-10-21 23:48:39 - [TEST_STEP][PASSED] - verifyTextPresent("Payment amount must be greater than zero and less than 10,000,000", true): Text 'Payment amount must be greater than zero and less than 10,000,000' is present on page  using regular expression

2021-10-21 23:48:40 - [MESSAGE][PASSED] - Text 'Payment amount must be greater than zero and less than 10,000,000' is present on page  using regular expression]]></system-out>
         <system-err><![CDATA[]]></system-err>
      </testcase>
      <testcase name="Test Cases/RAD_TestCases/MRF_TestCases/WithholdingTax_MRF_TC" time="9.326" classname="Test Cases/RAD_TestCases/MRF_TestCases/WithholdingTax_MRF_TC" status="PASSED">
         <system-out><![CDATA[2021-10-21 23:48:40 - [TEST_CASE][PASSED] - Test Cases/RAD_TestCases/MRF_TestCases/WithholdingTax_MRF_TC: Test Cases/RAD_TestCases/MRF_TestCases/WithholdingTax_MRF_TC

2021-10-21 23:48:40 - [TEST_STEP][PASSED] - openBrowser(""): Browser is opened with url: ''

2021-10-21 23:48:40 - [MESSAGE][PASSED] - Browser is opened with url: ''

2021-10-21 23:48:40 - [TEST_STEP][PASSED] - maximizeWindow(): Current window maximized

2021-10-21 23:48:40 - [MESSAGE][PASSED] - Current window maximized

2021-10-21 23:48:40 - [TEST_STEP][PASSED] - navigateToUrl(RADurl): Navigate to 'https://qa.velocitypayment.com/client/rad/index.html' successfully

2021-10-21 23:48:41 - [MESSAGE][PASSED] - Navigate to 'https://qa.velocitypayment.com/client/rad/index.html' successfully

2021-10-21 23:48:41 - [TEST_STEP][PASSED] - orPath_Landing = "Object Repository/RAD_Pages/Landing_Page": null

2021-10-21 23:48:41 - [TEST_STEP][PASSED] - orPath_Amount = "Object Repository/RAD_Pages/PaymentAmount_Page": null

2021-10-21 23:48:41 - [TEST_STEP][PASSED] - orPath_FilingStatus = "Object Repository/RAD_Pages/FilingStatus_Page": null

2021-10-21 23:48:41 - [TEST_STEP][PASSED] - selectOptionByLabel(findTestObject(orPath_Landing + "/dd_TaxType"), "Withholding Tax", false): All options with label 'Withholding Tax' are selected in object 'Object Repository/RAD_Pages/Landing_Page/dd_TaxType' 

2021-10-21 23:48:42 - [MESSAGE][PASSED] - All options with label 'Withholding Tax' are selected in object 'Object Repository/RAD_Pages/Landing_Page/dd_TaxType' 

2021-10-21 23:48:42 - [TEST_STEP][PASSED] - scrollToElement(findTestObject(orPath_Landing + "/button_Continue"), 3): Scroll to object 'Object Repository/RAD_Pages/Landing_Page/button_Continue' successfully

2021-10-21 23:48:42 - [MESSAGE][PASSED] - Scroll to object 'Object Repository/RAD_Pages/Landing_Page/button_Continue' successfully

2021-10-21 23:48:42 - [TEST_STEP][PASSED] - waitForElementClickable(findTestObject(orPath_Landing + "/button_Continue"), 5): Object 'Object Repository/RAD_Pages/Landing_Page/button_Continue' is clickable

2021-10-21 23:48:42 - [MESSAGE][PASSED] - Object 'Object Repository/RAD_Pages/Landing_Page/button_Continue' is clickable

2021-10-21 23:48:42 - [TEST_STEP][PASSED] - click(findTestObject(orPath_Landing + "/button_Continue")): Object: 'Object Repository/RAD_Pages/Landing_Page/button_Continue' is clicked on

2021-10-21 23:48:43 - [MESSAGE][PASSED] - Object: 'Object Repository/RAD_Pages/Landing_Page/button_Continue' is clicked on

2021-10-21 23:48:43 - [TEST_STEP][PASSED] - verifyTextPresent("Select a filing year", true): Text 'Select a filing year' is present on page  using regular expression

2021-10-21 23:48:43 - [MESSAGE][PASSED] - Text 'Select a filing year' is present on page  using regular expression

2021-10-21 23:48:43 - [TEST_STEP][PASSED] - verifyTextPresent("Enter business name", true): Text 'Enter business name' is present on page  using regular expression

2021-10-21 23:48:44 - [MESSAGE][PASSED] - Text 'Enter business name' is present on page  using regular expression

2021-10-21 23:48:44 - [TEST_STEP][PASSED] - verifyTextPresent("Enter first name", true): Text 'Enter first name' is present on page  using regular expression

2021-10-21 23:48:44 - [MESSAGE][PASSED] - Text 'Enter first name' is present on page  using regular expression

2021-10-21 23:48:44 - [TEST_STEP][PASSED] - verifyTextPresent("Enter last name", true): Text 'Enter last name' is present on page  using regular expression

2021-10-21 23:48:44 - [MESSAGE][PASSED] - Text 'Enter last name' is present on page  using regular expression

2021-10-21 23:48:44 - [TEST_STEP][PASSED] - verifyTextPresent("Enter address", true): Text 'Enter address' is present on page  using regular expression

2021-10-21 23:48:45 - [MESSAGE][PASSED] - Text 'Enter address' is present on page  using regular expression

2021-10-21 23:48:45 - [TEST_STEP][PASSED] - verifyTextPresent("Enter city", true): Text 'Enter city' is present on page  using regular expression

2021-10-21 23:48:45 - [MESSAGE][PASSED] - Text 'Enter city' is present on page  using regular expression

2021-10-21 23:48:45 - [TEST_STEP][PASSED] - verifyTextPresent("Select a state", true): Text 'Select a state' is present on page  using regular expression

2021-10-21 23:48:46 - [MESSAGE][PASSED] - Text 'Select a state' is present on page  using regular expression

2021-10-21 23:48:46 - [TEST_STEP][PASSED] - verifyTextPresent("Enter ZIP code", true): Text 'Enter ZIP code' is present on page  using regular expression

2021-10-21 23:48:46 - [MESSAGE][PASSED] - Text 'Enter ZIP code' is present on page  using regular expression

2021-10-21 23:48:46 - [TEST_STEP][PASSED] - verifyTextPresent("Enter a phone number", true): Text 'Enter a phone number' is present on page  using regular expression

2021-10-21 23:48:46 - [MESSAGE][PASSED] - Text 'Enter a phone number' is present on page  using regular expression

2021-10-21 23:48:46 - [TEST_STEP][PASSED] - verifyTextPresent("Enter Email", true): Text 'Enter Email' is present on page  using regular expression

2021-10-21 23:48:47 - [MESSAGE][PASSED] - Text 'Enter Email' is present on page  using regular expression

2021-10-21 23:48:47 - [TEST_STEP][PASSED] - verifyTextPresent("The Email and Re-enter email do not match", true): Text 'The Email and Re-enter email do not match' is present on page  using regular expression

2021-10-21 23:48:47 - [MESSAGE][PASSED] - Text 'The Email and Re-enter email do not match' is present on page  using regular expression

2021-10-21 23:48:47 - [TEST_STEP][PASSED] - verifyTextPresent("Enter Federal EIN", true): Text 'Enter Federal EIN' is present on page  using regular expression

2021-10-21 23:48:48 - [MESSAGE][PASSED] - Text 'Enter Federal EIN' is present on page  using regular expression

2021-10-21 23:48:48 - [TEST_STEP][PASSED] - verifyTextPresent("The Federal EIN and Re-enter federal EIN do not match", true): Text 'The Federal EIN and Re-enter federal EIN do not match' is present on page  using regular expression

2021-10-21 23:48:48 - [MESSAGE][PASSED] - Text 'The Federal EIN and Re-enter federal EIN do not match' is present on page  using regular expression

2021-10-21 23:48:48 - [TEST_STEP][PASSED] - verifyTextPresent("Select reporting period", true): Text 'Select reporting period' is present on page  using regular expression

2021-10-21 23:48:48 - [MESSAGE][PASSED] - Text 'Select reporting period' is present on page  using regular expression

2021-10-21 23:48:48 - [TEST_STEP][PASSED] - verifyTextPresent("Withholding amount must be greater than zero and less than 10,000,000", true): Text 'Withholding amount must be greater than zero and less than 10,000,000' is present on page  using regular expression

2021-10-21 23:48:49 - [MESSAGE][PASSED] - Text 'Withholding amount must be greater than zero and less than 10,000,000' is present on page  using regular expression

2021-10-21 23:48:49 - [TEST_STEP][PASSED] - verifyTextPresent("Payment amount must be greater than zero and less than 10,000,000", true): Text 'Payment amount must be greater than zero and less than 10,000,000' is present on page  using regular expression

2021-10-21 23:48:49 - [MESSAGE][PASSED] - Text 'Payment amount must be greater than zero and less than 10,000,000' is present on page  using regular expression]]></system-out>
         <system-err><![CDATA[]]></system-err>
      </testcase>
      <testcase name="Test Cases/RAD_TestCases/MRF_TestCases/ExistingLiability_MRF_TC" time="14.752" classname="Test Cases/RAD_TestCases/MRF_TestCases/ExistingLiability_MRF_TC" status="FAILED">
         <failure type="FAILED" message="Test Cases/RAD_TestCases/MRF_TestCases/ExistingLiability_MRF_TC FAILED.
Reason:
com.kms.katalon.core.exception.StepFailedException: Unable to click on object 'Object Repository/RAD_Pages/Landing_Page/button_Continue' (Root cause: com.kms.katalon.core.exception.StepFailedException: Unable to click on object 'Object Repository/RAD_Pages/Landing_Page/button_Continue'
	at com.kms.katalon.core.webui.keyword.internal.WebUIKeywordMain.stepFailed(WebUIKeywordMain.groovy:64)
	at com.kms.katalon.core.webui.keyword.internal.WebUIKeywordMain.runKeyword(WebUIKeywordMain.groovy:26)
	at com.kms.katalon.core.webui.keyword.builtin.ClickKeyword.click(ClickKeyword.groovy:75)
	at com.kms.katalon.core.webui.keyword.builtin.ClickKeyword.execute(ClickKeyword.groovy:42)
	at com.kms.katalon.core.keyword.internal.KeywordExecutor.executeKeywordForPlatform(KeywordExecutor.groovy:73)
	at com.kms.katalon.core.webui.keyword.WebUiBuiltInKeywords.click(WebUiBuiltInKeywords.groovy:620)
	at com.kms.katalon.core.webui.keyword.WebUiBuiltInKeywords$click$10.call(Unknown Source)
	at ExistingLiability_MRF_TC.run(ExistingLiability_MRF_TC:41)
	at com.kms.katalon.core.main.ScriptEngine.run(ScriptEngine.java:194)
	at com.kms.katalon.core.main.ScriptEngine.runScriptAsRawText(ScriptEngine.java:119)
	at com.kms.katalon.core.main.TestCaseExecutor.runScript(TestCaseExecutor.java:369)
	at com.kms.katalon.core.main.TestCaseExecutor.doExecute(TestCaseExecutor.java:360)
	at com.kms.katalon.core.main.TestCaseExecutor.processExecutionPhase(TestCaseExecutor.java:339)
	at com.kms.katalon.core.main.TestCaseExecutor.accessMainPhase(TestCaseExecutor.java:331)
	at com.kms.katalon.core.main.TestCaseExecutor.execute(TestCaseExecutor.java:248)
	at com.kms.katalon.core.main.TestSuiteExecutor.accessTestCaseMainPhase(TestSuiteExecutor.java:191)
	at com.kms.katalon.core.main.TestSuiteExecutor.accessTestSuiteMainPhase(TestSuiteExecutor.java:140)
	at com.kms.katalon.core.main.TestSuiteExecutor.execute(TestSuiteExecutor.java:89)
	at com.kms.katalon.core.main.TestCaseMain.startTestSuite(TestCaseMain.java:185)
	at com.kms.katalon.core.main.TestCaseMain$startTestSuite$0.call(Unknown Source)
	at TempTestSuite1634874291072.run(TempTestSuite1634874291072.groovy:39)
Caused by: org.openqa.selenium.ElementClickInterceptedException: element click intercepted: Element &lt;button class=&quot;btn btn-primary float-end w-auto disablecontinue&quot; disabled=&quot;&quot;>...&lt;/button> is not clickable at point (1077, 641). Other element would receive the click: &lt;div class=&quot;w-100 mt-auto pt-3&quot;>...&lt;/div>
  (Session info: chrome=95.0.4638.54)
Build info: version: '3.141.59', revision: 'e82be7d358', time: '2018-11-14T08:25:53'
System info: host: 'DESKTOP-B2QI6NS', ip: '172.30.2.167', os.name: 'Windows 10', os.arch: 'amd64', os.version: '10.0', java.version: '1.8.0_181'
Driver info: com.kms.katalon.core.webui.driver.ExistingRemoteWebDriver
Capabilities {javascriptEnabled: true, platform: ANY, platformName: ANY}
Session ID: a98d1b37a7782fa34c6e787ca58aacdc
	at org.openqa.selenium.remote.http.W3CHttpResponseCodec.createException(W3CHttpResponseCodec.java:187)
	at org.openqa.selenium.remote.http.W3CHttpResponseCodec.decode(W3CHttpResponseCodec.java:122)
	at org.openqa.selenium.remote.http.W3CHttpResponseCodec.decode(W3CHttpResponseCodec.java:49)
	at org.openqa.selenium.remote.HttpCommandExecutor.execute(HttpCommandExecutor.java:158)
	at org.openqa.selenium.remote.RemoteWebDriver.execute(RemoteWebDriver.java:552)
	at com.kms.katalon.core.webui.driver.ExistingRemoteWebDriver.execute(ExistingRemoteWebDriver.java:108)
	at org.openqa.selenium.remote.RemoteWebElement.execute(RemoteWebElement.java:285)
	at org.openqa.selenium.remote.RemoteWebElement.click(RemoteWebElement.java:84)
	at org.openqa.selenium.support.events.EventFiringWebDriver$EventFiringWebElement.lambda$new$0(EventFiringWebDriver.java:404)
	at com.sun.proxy.$Proxy11.click(Unknown Source)
	at org.openqa.selenium.support.events.EventFiringWebDriver$EventFiringWebElement.click(EventFiringWebDriver.java:417)
	at com.kms.katalon.core.webui.keyword.builtin.ClickKeyword$_click_closure1.doCall(ClickKeyword.groovy:68)
	at com.kms.katalon.core.webui.keyword.builtin.ClickKeyword$_click_closure1.call(ClickKeyword.groovy)
	at com.kms.katalon.core.webui.keyword.internal.WebUIKeywordMain.runKeyword(WebUIKeywordMain.groovy:20)
	at com.kms.katalon.core.webui.keyword.builtin.ClickKeyword.click(ClickKeyword.groovy:75)
	at com.kms.katalon.core.webui.keyword.builtin.ClickKeyword.execute(ClickKeyword.groovy:42)
	at com.kms.katalon.core.keyword.internal.KeywordExecutor.executeKeywordForPlatform(KeywordExecutor.groovy:73)
	at com.kms.katalon.core.webui.keyword.WebUiBuiltInKeywords.click(WebUiBuiltInKeywords.groovy:620)
	at com.kms.katalon.core.webui.keyword.WebUiBuiltInKeywords$click$10.call(Unknown Source)
	at Script1634613921950.run(Script1634613921950.groovy:41)
	... 13 more
)
	at com.kms.katalon.core.keyword.internal.KeywordMain.stepFailed(KeywordMain.groovy:39)
	at com.kms.katalon.core.webui.keyword.internal.WebUIKeywordMain.stepFailed(WebUIKeywordMain.groovy:64)
	at com.kms.katalon.core.webui.keyword.internal.WebUIKeywordMain.runKeyword(WebUIKeywordMain.groovy:26)
	at com.kms.katalon.core.webui.keyword.builtin.ClickKeyword.click(ClickKeyword.groovy:75)
	at com.kms.katalon.core.webui.keyword.builtin.ClickKeyword.execute(ClickKeyword.groovy:42)
	at com.kms.katalon.core.keyword.internal.KeywordExecutor.executeKeywordForPlatform(KeywordExecutor.groovy:73)
	at com.kms.katalon.core.webui.keyword.WebUiBuiltInKeywords.click(WebUiBuiltInKeywords.groovy:620)
	at com.kms.katalon.core.webui.keyword.WebUiBuiltInKeywords$click$10.call(Unknown Source)
	at ExistingLiability_MRF_TC.run(ExistingLiability_MRF_TC:41)
	at com.kms.katalon.core.main.ScriptEngine.run(ScriptEngine.java:194)
	at com.kms.katalon.core.main.ScriptEngine.runScriptAsRawText(ScriptEngine.java:119)
	at com.kms.katalon.core.main.TestCaseExecutor.runScript(TestCaseExecutor.java:369)
	at com.kms.katalon.core.main.TestCaseExecutor.doExecute(TestCaseExecutor.java:360)
	at com.kms.katalon.core.main.TestCaseExecutor.processExecutionPhase(TestCaseExecutor.java:339)
	at com.kms.katalon.core.main.TestCaseExecutor.accessMainPhase(TestCaseExecutor.java:331)
	at com.kms.katalon.core.main.TestCaseExecutor.execute(TestCaseExecutor.java:248)
	at com.kms.katalon.core.main.TestSuiteExecutor.accessTestCaseMainPhase(TestSuiteExecutor.java:191)
	at com.kms.katalon.core.main.TestSuiteExecutor.accessTestSuiteMainPhase(TestSuiteExecutor.java:140)
	at com.kms.katalon.core.main.TestSuiteExecutor.execute(TestSuiteExecutor.java:89)
	at com.kms.katalon.core.main.TestCaseMain.startTestSuite(TestCaseMain.java:185)
	at com.kms.katalon.core.main.TestCaseMain$startTestSuite$0.call(Unknown Source)
	at TempTestSuite1634874291072.run(TempTestSuite1634874291072.groovy:39)
Caused by: com.kms.katalon.core.exception.StepFailedException: Unable to click on object 'Object Repository/RAD_Pages/Landing_Page/button_Continue'
	... 21 more
Caused by: org.openqa.selenium.ElementClickInterceptedException: element click intercepted: Element &lt;button class=&quot;btn btn-primary float-end w-auto disablecontinue&quot; disabled=&quot;&quot;>...&lt;/button> is not clickable at point (1077, 641). Other element would receive the click: &lt;div class=&quot;w-100 mt-auto pt-3&quot;>...&lt;/div>
  (Session info: chrome=95.0.4638.54)
Build info: version: '3.141.59', revision: 'e82be7d358', time: '2018-11-14T08:25:53'
System info: host: 'DESKTOP-B2QI6NS', ip: '172.30.2.167', os.name: 'Windows 10', os.arch: 'amd64', os.version: '10.0', java.version: '1.8.0_181'
Driver info: com.kms.katalon.core.webui.driver.ExistingRemoteWebDriver
Capabilities {javascriptEnabled: true, platform: ANY, platformName: ANY}
Session ID: a98d1b37a7782fa34c6e787ca58aacdc
	at org.openqa.selenium.remote.http.W3CHttpResponseCodec.createException(W3CHttpResponseCodec.java:187)
	at org.openqa.selenium.remote.http.W3CHttpResponseCodec.decode(W3CHttpResponseCodec.java:122)
	at org.openqa.selenium.remote.http.W3CHttpResponseCodec.decode(W3CHttpResponseCodec.java:49)
	at org.openqa.selenium.remote.HttpCommandExecutor.execute(HttpCommandExecutor.java:158)
	at org.openqa.selenium.remote.RemoteWebDriver.execute(RemoteWebDriver.java:552)
	at com.kms.katalon.core.webui.driver.ExistingRemoteWebDriver.execute(ExistingRemoteWebDriver.java:108)
	at org.openqa.selenium.remote.RemoteWebElement.execute(RemoteWebElement.java:285)
	at org.openqa.selenium.remote.RemoteWebElement.click(RemoteWebElement.java:84)
	at org.openqa.selenium.support.events.EventFiringWebDriver$EventFiringWebElement.lambda$new$0(EventFiringWebDriver.java:404)
	at com.sun.proxy.$Proxy11.click(Unknown Source)
	at org.openqa.selenium.support.events.EventFiringWebDriver$EventFiringWebElement.click(EventFiringWebDriver.java:417)
	at com.kms.katalon.core.webui.keyword.builtin.ClickKeyword$_click_closure1.doCall(ClickKeyword.groovy:68)
	at com.kms.katalon.core.webui.keyword.builtin.ClickKeyword$_click_closure1.call(ClickKeyword.groovy)
	at com.kms.katalon.core.webui.keyword.internal.WebUIKeywordMain.runKeyword(WebUIKeywordMain.groovy:20)
	... 19 more
"/>
         <system-out><![CDATA[2021-10-21 23:48:49 - [TEST_CASE][FAILED] - Test Cases/RAD_TestCases/MRF_TestCases/ExistingLiability_MRF_TC: Test Cases/RAD_TestCases/MRF_TestCases/ExistingLiability_MRF_TC FAILED.
Reason:
com.kms.katalon.core.exception.StepFailedException: Unable to click on object 'Object Repository/RAD_Pages/Landing_Page/button_Continue' (Root cause: com.kms.katalon.core.exception.StepFailedException: Unable to click on object 'Object Repository/RAD_Pages/Landing_Page/button_Continue'
	at com.kms.katalon.core.webui.keyword.internal.WebUIKeywordMain.stepFailed(WebUIKeywordMain.groovy:64)
	at com.kms.katalon.core.webui.keyword.internal.WebUIKeywordMain.runKeyword(WebUIKeywordMain.groovy:26)
	at com.kms.katalon.core.webui.keyword.builtin.ClickKeyword.click(ClickKeyword.groovy:75)
	at com.kms.katalon.core.webui.keyword.builtin.ClickKeyword.execute(ClickKeyword.groovy:42)
	at com.kms.katalon.core.keyword.internal.KeywordExecutor.executeKeywordForPlatform(KeywordExecutor.groovy:73)
	at com.kms.katalon.core.webui.keyword.WebUiBuiltInKeywords.click(WebUiBuiltInKeywords.groovy:620)
	at com.kms.katalon.core.webui.keyword.WebUiBuiltInKeywords$click$10.call(Unknown Source)
	at ExistingLiability_MRF_TC.run(ExistingLiability_MRF_TC:41)
	at com.kms.katalon.core.main.ScriptEngine.run(ScriptEngine.java:194)
	at com.kms.katalon.core.main.ScriptEngine.runScriptAsRawText(ScriptEngine.java:119)
	at com.kms.katalon.core.main.TestCaseExecutor.runScript(TestCaseExecutor.java:369)
	at com.kms.katalon.core.main.TestCaseExecutor.doExecute(TestCaseExecutor.java:360)
	at com.kms.katalon.core.main.TestCaseExecutor.processExecutionPhase(TestCaseExecutor.java:339)
	at com.kms.katalon.core.main.TestCaseExecutor.accessMainPhase(TestCaseExecutor.java:331)
	at com.kms.katalon.core.main.TestCaseExecutor.execute(TestCaseExecutor.java:248)
	at com.kms.katalon.core.main.TestSuiteExecutor.accessTestCaseMainPhase(TestSuiteExecutor.java:191)
	at com.kms.katalon.core.main.TestSuiteExecutor.accessTestSuiteMainPhase(TestSuiteExecutor.java:140)
	at com.kms.katalon.core.main.TestSuiteExecutor.execute(TestSuiteExecutor.java:89)
	at com.kms.katalon.core.main.TestCaseMain.startTestSuite(TestCaseMain.java:185)
	at com.kms.katalon.core.main.TestCaseMain$startTestSuite$0.call(Unknown Source)
	at TempTestSuite1634874291072.run(TempTestSuite1634874291072.groovy:39)
Caused by: org.openqa.selenium.ElementClickInterceptedException: element click intercepted: Element <button class="btn btn-primary float-end w-auto disablecontinue" disabled="">...</button> is not clickable at point (1077, 641). Other element would receive the click: <div class="w-100 mt-auto pt-3">...</div>
  (Session info: chrome=95.0.4638.54)
Build info: version: '3.141.59', revision: 'e82be7d358', time: '2018-11-14T08:25:53'
System info: host: 'DESKTOP-B2QI6NS', ip: '172.30.2.167', os.name: 'Windows 10', os.arch: 'amd64', os.version: '10.0', java.version: '1.8.0_181'
Driver info: com.kms.katalon.core.webui.driver.ExistingRemoteWebDriver
Capabilities {javascriptEnabled: true, platform: ANY, platformName: ANY}
Session ID: a98d1b37a7782fa34c6e787ca58aacdc
	at org.openqa.selenium.remote.http.W3CHttpResponseCodec.createException(W3CHttpResponseCodec.java:187)
	at org.openqa.selenium.remote.http.W3CHttpResponseCodec.decode(W3CHttpResponseCodec.java:122)
	at org.openqa.selenium.remote.http.W3CHttpResponseCodec.decode(W3CHttpResponseCodec.java:49)
	at org.openqa.selenium.remote.HttpCommandExecutor.execute(HttpCommandExecutor.java:158)
	at org.openqa.selenium.remote.RemoteWebDriver.execute(RemoteWebDriver.java:552)
	at com.kms.katalon.core.webui.driver.ExistingRemoteWebDriver.execute(ExistingRemoteWebDriver.java:108)
	at org.openqa.selenium.remote.RemoteWebElement.execute(RemoteWebElement.java:285)
	at org.openqa.selenium.remote.RemoteWebElement.click(RemoteWebElement.java:84)
	at org.openqa.selenium.support.events.EventFiringWebDriver$EventFiringWebElement.lambda$new$0(EventFiringWebDriver.java:404)
	at com.sun.proxy.$Proxy11.click(Unknown Source)
	at org.openqa.selenium.support.events.EventFiringWebDriver$EventFiringWebElement.click(EventFiringWebDriver.java:417)
	at com.kms.katalon.core.webui.keyword.builtin.ClickKeyword$_click_closure1.doCall(ClickKeyword.groovy:68)
	at com.kms.katalon.core.webui.keyword.builtin.ClickKeyword$_click_closure1.call(ClickKeyword.groovy)
	at com.kms.katalon.core.webui.keyword.internal.WebUIKeywordMain.runKeyword(WebUIKeywordMain.groovy:20)
	at com.kms.katalon.core.webui.keyword.builtin.ClickKeyword.click(ClickKeyword.groovy:75)
	at com.kms.katalon.core.webui.keyword.builtin.ClickKeyword.execute(ClickKeyword.groovy:42)
	at com.kms.katalon.core.keyword.internal.KeywordExecutor.executeKeywordForPlatform(KeywordExecutor.groovy:73)
	at com.kms.katalon.core.webui.keyword.WebUiBuiltInKeywords.click(WebUiBuiltInKeywords.groovy:620)
	at com.kms.katalon.core.webui.keyword.WebUiBuiltInKeywords$click$10.call(Unknown Source)
	at Script1634613921950.run(Script1634613921950.groovy:41)
	... 13 more
)
	at com.kms.katalon.core.keyword.internal.KeywordMain.stepFailed(KeywordMain.groovy:39)
	at com.kms.katalon.core.webui.keyword.internal.WebUIKeywordMain.stepFailed(WebUIKeywordMain.groovy:64)
	at com.kms.katalon.core.webui.keyword.internal.WebUIKeywordMain.runKeyword(WebUIKeywordMain.groovy:26)
	at com.kms.katalon.core.webui.keyword.builtin.ClickKeyword.click(ClickKeyword.groovy:75)
	at com.kms.katalon.core.webui.keyword.builtin.ClickKeyword.execute(ClickKeyword.groovy:42)
	at com.kms.katalon.core.keyword.internal.KeywordExecutor.executeKeywordForPlatform(KeywordExecutor.groovy:73)
	at com.kms.katalon.core.webui.keyword.WebUiBuiltInKeywords.click(WebUiBuiltInKeywords.groovy:620)
	at com.kms.katalon.core.webui.keyword.WebUiBuiltInKeywords$click$10.call(Unknown Source)
	at ExistingLiability_MRF_TC.run(ExistingLiability_MRF_TC:41)
	at com.kms.katalon.core.main.ScriptEngine.run(ScriptEngine.java:194)
	at com.kms.katalon.core.main.ScriptEngine.runScriptAsRawText(ScriptEngine.java:119)
	at com.kms.katalon.core.main.TestCaseExecutor.runScript(TestCaseExecutor.java:369)
	at com.kms.katalon.core.main.TestCaseExecutor.doExecute(TestCaseExecutor.java:360)
	at com.kms.katalon.core.main.TestCaseExecutor.processExecutionPhase(TestCaseExecutor.java:339)
	at com.kms.katalon.core.main.TestCaseExecutor.accessMainPhase(TestCaseExecutor.java:331)
	at com.kms.katalon.core.main.TestCaseExecutor.execute(TestCaseExecutor.java:248)
	at com.kms.katalon.core.main.TestSuiteExecutor.accessTestCaseMainPhase(TestSuiteExecutor.java:191)
	at com.kms.katalon.core.main.TestSuiteExecutor.accessTestSuiteMainPhase(TestSuiteExecutor.java:140)
	at com.kms.katalon.core.main.TestSuiteExecutor.execute(TestSuiteExecutor.java:89)
	at com.kms.katalon.core.main.TestCaseMain.startTestSuite(TestCaseMain.java:185)
	at com.kms.katalon.core.main.TestCaseMain$startTestSuite$0.call(Unknown Source)
	at TempTestSuite1634874291072.run(TempTestSuite1634874291072.groovy:39)
Caused by: com.kms.katalon.core.exception.StepFailedException: Unable to click on object 'Object Repository/RAD_Pages/Landing_Page/button_Continue'
	... 21 more
Caused by: org.openqa.selenium.ElementClickInterceptedException: element click intercepted: Element <button class="btn btn-primary float-end w-auto disablecontinue" disabled="">...</button> is not clickable at point (1077, 641). Other element would receive the click: <div class="w-100 mt-auto pt-3">...</div>
  (Session info: chrome=95.0.4638.54)
Build info: version: '3.141.59', revision: 'e82be7d358', time: '2018-11-14T08:25:53'
System info: host: 'DESKTOP-B2QI6NS', ip: '172.30.2.167', os.name: 'Windows 10', os.arch: 'amd64', os.version: '10.0', java.version: '1.8.0_181'
Driver info: com.kms.katalon.core.webui.driver.ExistingRemoteWebDriver
Capabilities {javascriptEnabled: true, platform: ANY, platformName: ANY}
Session ID: a98d1b37a7782fa34c6e787ca58aacdc
	at org.openqa.selenium.remote.http.W3CHttpResponseCodec.createException(W3CHttpResponseCodec.java:187)
	at org.openqa.selenium.remote.http.W3CHttpResponseCodec.decode(W3CHttpResponseCodec.java:122)
	at org.openqa.selenium.remote.http.W3CHttpResponseCodec.decode(W3CHttpResponseCodec.java:49)
	at org.openqa.selenium.remote.HttpCommandExecutor.execute(HttpCommandExecutor.java:158)
	at org.openqa.selenium.remote.RemoteWebDriver.execute(RemoteWebDriver.java:552)
	at com.kms.katalon.core.webui.driver.ExistingRemoteWebDriver.execute(ExistingRemoteWebDriver.java:108)
	at org.openqa.selenium.remote.RemoteWebElement.execute(RemoteWebElement.java:285)
	at org.openqa.selenium.remote.RemoteWebElement.click(RemoteWebElement.java:84)
	at org.openqa.selenium.support.events.EventFiringWebDriver$EventFiringWebElement.lambda$new$0(EventFiringWebDriver.java:404)
	at com.sun.proxy.$Proxy11.click(Unknown Source)
	at org.openqa.selenium.support.events.EventFiringWebDriver$EventFiringWebElement.click(EventFiringWebDriver.java:417)
	at com.kms.katalon.core.webui.keyword.builtin.ClickKeyword$_click_closure1.doCall(ClickKeyword.groovy:68)
	at com.kms.katalon.core.webui.keyword.builtin.ClickKeyword$_click_closure1.call(ClickKeyword.groovy)
	at com.kms.katalon.core.webui.keyword.internal.WebUIKeywordMain.runKeyword(WebUIKeywordMain.groovy:20)
	... 19 more


2021-10-21 23:48:50 - [TEST_STEP][PASSED] - openBrowser(""): Browser is opened with url: ''

2021-10-21 23:48:50 - [MESSAGE][PASSED] - Browser is opened with url: ''

2021-10-21 23:48:50 - [TEST_STEP][PASSED] - maximizeWindow(): Current window maximized

2021-10-21 23:48:50 - [MESSAGE][PASSED] - Current window maximized

2021-10-21 23:48:50 - [TEST_STEP][PASSED] - navigateToUrl(RADurl): Navigate to 'https://qa.velocitypayment.com/client/rad/index.html' successfully

2021-10-21 23:48:50 - [MESSAGE][PASSED] - Navigate to 'https://qa.velocitypayment.com/client/rad/index.html' successfully

2021-10-21 23:48:50 - [TEST_STEP][PASSED] - orPath_Landing = "Object Repository/RAD_Pages/Landing_Page": null

2021-10-21 23:48:50 - [TEST_STEP][PASSED] - orPath_Amount = "Object Repository/RAD_Pages/PaymentAmount_Page": null

2021-10-21 23:48:50 - [TEST_STEP][PASSED] - orPath_FilingStatus = "Object Repository/RAD_Pages/FilingStatus_Page": null

2021-10-21 23:48:50 - [TEST_STEP][PASSED] - orPath_TaxPayer = "Object Repository/RAD_Pages/Taxpayer_Page": null

2021-10-21 23:48:50 - [TEST_STEP][PASSED] - selectOptionByLabel(findTestObject(orPath_Landing + "/dd_TaxType"), "Existing Liability", false): All options with label 'Existing Liability' are selected in object 'Object Repository/RAD_Pages/Landing_Page/dd_TaxType' 

2021-10-21 23:48:51 - [MESSAGE][PASSED] - All options with label 'Existing Liability' are selected in object 'Object Repository/RAD_Pages/Landing_Page/dd_TaxType' 

2021-10-21 23:48:51 - [TEST_STEP][PASSED] - scrollToElement(findTestObject(orPath_Landing + "/button_Continue"), 3): Scroll to object 'Object Repository/RAD_Pages/Landing_Page/button_Continue' successfully

2021-10-21 23:48:51 - [MESSAGE][PASSED] - Scroll to object 'Object Repository/RAD_Pages/Landing_Page/button_Continue' successfully

2021-10-21 23:48:51 - [TEST_STEP][PASSED] - waitForElementClickable(findTestObject(orPath_Landing + "/button_Continue"), 5): Object 'Object Repository/RAD_Pages/Landing_Page/button_Continue' is not clickable after 5 second(s)

2021-10-21 23:48:57 - [MESSAGE][WARNING] - Object 'Object Repository/RAD_Pages/Landing_Page/button_Continue' is not clickable after 5 second(s)

2021-10-21 23:48:57 - [TEST_STEP][FAILED] - click(findTestObject(orPath_Landing + "/button_Continue")): Unable to click on object 'Object Repository/RAD_Pages/Landing_Page/button_Continue' (Root cause: com.kms.katalon.core.exception.StepFailedException: Unable to click on object 'Object Repository/RAD_Pages/Landing_Page/button_Continue'
	at com.kms.katalon.core.webui.keyword.internal.WebUIKeywordMain.stepFailed(WebUIKeywordMain.groovy:64)
	at com.kms.katalon.core.webui.keyword.internal.WebUIKeywordMain.runKeyword(WebUIKeywordMain.groovy:26)
	at com.kms.katalon.core.webui.keyword.builtin.ClickKeyword.click(ClickKeyword.groovy:75)
	at com.kms.katalon.core.webui.keyword.builtin.ClickKeyword.execute(ClickKeyword.groovy:42)
	at com.kms.katalon.core.keyword.internal.KeywordExecutor.executeKeywordForPlatform(KeywordExecutor.groovy:73)
	at com.kms.katalon.core.webui.keyword.WebUiBuiltInKeywords.click(WebUiBuiltInKeywords.groovy:620)
	at com.kms.katalon.core.webui.keyword.WebUiBuiltInKeywords$click$10.call(Unknown Source)
	at ExistingLiability_MRF_TC.run(ExistingLiability_MRF_TC:41)
	at com.kms.katalon.core.main.ScriptEngine.run(ScriptEngine.java:194)
	at com.kms.katalon.core.main.ScriptEngine.runScriptAsRawText(ScriptEngine.java:119)
	at com.kms.katalon.core.main.TestCaseExecutor.runScript(TestCaseExecutor.java:369)
	at com.kms.katalon.core.main.TestCaseExecutor.doExecute(TestCaseExecutor.java:360)
	at com.kms.katalon.core.main.TestCaseExecutor.processExecutionPhase(TestCaseExecutor.java:339)
	at com.kms.katalon.core.main.TestCaseExecutor.accessMainPhase(TestCaseExecutor.java:331)
	at com.kms.katalon.core.main.TestCaseExecutor.execute(TestCaseExecutor.java:248)
	at com.kms.katalon.core.main.TestSuiteExecutor.accessTestCaseMainPhase(TestSuiteExecutor.java:191)
	at com.kms.katalon.core.main.TestSuiteExecutor.accessTestSuiteMainPhase(TestSuiteExecutor.java:140)
	at com.kms.katalon.core.main.TestSuiteExecutor.execute(TestSuiteExecutor.java:89)
	at com.kms.katalon.core.main.TestCaseMain.startTestSuite(TestCaseMain.java:185)
	at com.kms.katalon.core.main.TestCaseMain$startTestSuite$0.call(Unknown Source)
	at TempTestSuite1634874291072.run(TempTestSuite1634874291072.groovy:39)
Caused by: org.openqa.selenium.ElementClickInterceptedException: element click intercepted: Element <button class="btn btn-primary float-end w-auto disablecontinue" disabled="">...</button> is not clickable at point (1077, 641). Other element would receive the click: <div class="w-100 mt-auto pt-3">...</div>
  (Session info: chrome=95.0.4638.54)
Build info: version: '3.141.59', revision: 'e82be7d358', time: '2018-11-14T08:25:53'
System info: host: 'DESKTOP-B2QI6NS', ip: '172.30.2.167', os.name: 'Windows 10', os.arch: 'amd64', os.version: '10.0', java.version: '1.8.0_181'
Driver info: com.kms.katalon.core.webui.driver.ExistingRemoteWebDriver
Capabilities {javascriptEnabled: true, platform: ANY, platformName: ANY}
Session ID: a98d1b37a7782fa34c6e787ca58aacdc
	at org.openqa.selenium.remote.http.W3CHttpResponseCodec.createException(W3CHttpResponseCodec.java:187)
	at org.openqa.selenium.remote.http.W3CHttpResponseCodec.decode(W3CHttpResponseCodec.java:122)
	at org.openqa.selenium.remote.http.W3CHttpResponseCodec.decode(W3CHttpResponseCodec.java:49)
	at org.openqa.selenium.remote.HttpCommandExecutor.execute(HttpCommandExecutor.java:158)
	at org.openqa.selenium.remote.RemoteWebDriver.execute(RemoteWebDriver.java:552)
	at com.kms.katalon.core.webui.driver.ExistingRemoteWebDriver.execute(ExistingRemoteWebDriver.java:108)
	at org.openqa.selenium.remote.RemoteWebElement.execute(RemoteWebElement.java:285)
	at org.openqa.selenium.remote.RemoteWebElement.click(RemoteWebElement.java:84)
	at org.openqa.selenium.support.events.EventFiringWebDriver$EventFiringWebElement.lambda$new$0(EventFiringWebDriver.java:404)
	at com.sun.proxy.$Proxy11.click(Unknown Source)
	at org.openqa.selenium.support.events.EventFiringWebDriver$EventFiringWebElement.click(EventFiringWebDriver.java:417)
	at com.kms.katalon.core.webui.keyword.builtin.ClickKeyword$_click_closure1.doCall(ClickKeyword.groovy:68)
	at com.kms.katalon.core.webui.keyword.builtin.ClickKeyword$_click_closure1.call(ClickKeyword.groovy)
	at com.kms.katalon.core.webui.keyword.internal.WebUIKeywordMain.runKeyword(WebUIKeywordMain.groovy:20)
	at com.kms.katalon.core.webui.keyword.builtin.ClickKeyword.click(ClickKeyword.groovy:75)
	at com.kms.katalon.core.webui.keyword.builtin.ClickKeyword.execute(ClickKeyword.groovy:42)
	at com.kms.katalon.core.keyword.internal.KeywordExecutor.executeKeywordForPlatform(KeywordExecutor.groovy:73)
	at com.kms.katalon.core.webui.keyword.WebUiBuiltInKeywords.click(WebUiBuiltInKeywords.groovy:620)
	at com.kms.katalon.core.webui.keyword.WebUiBuiltInKeywords$click$10.call(Unknown Source)
	at Script1634613921950.run(Script1634613921950.groovy:41)
	... 13 more
)

2021-10-21 23:48:58 - [MESSAGE][FAILED] - Unable to click on object 'Object Repository/RAD_Pages/Landing_Page/button_Continue' (Root cause: com.kms.katalon.core.exception.StepFailedException: Unable to click on object 'Object Repository/RAD_Pages/Landing_Page/button_Continue'
	at com.kms.katalon.core.webui.keyword.internal.WebUIKeywordMain.stepFailed(WebUIKeywordMain.groovy:64)
	at com.kms.katalon.core.webui.keyword.internal.WebUIKeywordMain.runKeyword(WebUIKeywordMain.groovy:26)
	at com.kms.katalon.core.webui.keyword.builtin.ClickKeyword.click(ClickKeyword.groovy:75)
	at com.kms.katalon.core.webui.keyword.builtin.ClickKeyword.execute(ClickKeyword.groovy:42)
	at com.kms.katalon.core.keyword.internal.KeywordExecutor.executeKeywordForPlatform(KeywordExecutor.groovy:73)
	at com.kms.katalon.core.webui.keyword.WebUiBuiltInKeywords.click(WebUiBuiltInKeywords.groovy:620)
	at com.kms.katalon.core.webui.keyword.WebUiBuiltInKeywords$click$10.call(Unknown Source)
	at ExistingLiability_MRF_TC.run(ExistingLiability_MRF_TC:41)
	at com.kms.katalon.core.main.ScriptEngine.run(ScriptEngine.java:194)
	at com.kms.katalon.core.main.ScriptEngine.runScriptAsRawText(ScriptEngine.java:119)
	at com.kms.katalon.core.main.TestCaseExecutor.runScript(TestCaseExecutor.java:369)
	at com.kms.katalon.core.main.TestCaseExecutor.doExecute(TestCaseExecutor.java:360)
	at com.kms.katalon.core.main.TestCaseExecutor.processExecutionPhase(TestCaseExecutor.java:339)
	at com.kms.katalon.core.main.TestCaseExecutor.accessMainPhase(TestCaseExecutor.java:331)
	at com.kms.katalon.core.main.TestCaseExecutor.execute(TestCaseExecutor.java:248)
	at com.kms.katalon.core.main.TestSuiteExecutor.accessTestCaseMainPhase(TestSuiteExecutor.java:191)
	at com.kms.katalon.core.main.TestSuiteExecutor.accessTestSuiteMainPhase(TestSuiteExecutor.java:140)
	at com.kms.katalon.core.main.TestSuiteExecutor.execute(TestSuiteExecutor.java:89)
	at com.kms.katalon.core.main.TestCaseMain.startTestSuite(TestCaseMain.java:185)
	at com.kms.katalon.core.main.TestCaseMain$startTestSuite$0.call(Unknown Source)
	at TempTestSuite1634874291072.run(TempTestSuite1634874291072.groovy:39)
Caused by: org.openqa.selenium.ElementClickInterceptedException: element click intercepted: Element <button class="btn btn-primary float-end w-auto disablecontinue" disabled="">...</button> is not clickable at point (1077, 641). Other element would receive the click: <div class="w-100 mt-auto pt-3">...</div>
  (Session info: chrome=95.0.4638.54)
Build info: version: '3.141.59', revision: 'e82be7d358', time: '2018-11-14T08:25:53'
System info: host: 'DESKTOP-B2QI6NS', ip: '172.30.2.167', os.name: 'Windows 10', os.arch: 'amd64', os.version: '10.0', java.version: '1.8.0_181'
Driver info: com.kms.katalon.core.webui.driver.ExistingRemoteWebDriver
Capabilities {javascriptEnabled: true, platform: ANY, platformName: ANY}
Session ID: a98d1b37a7782fa34c6e787ca58aacdc
	at org.openqa.selenium.remote.http.W3CHttpResponseCodec.createException(W3CHttpResponseCodec.java:187)
	at org.openqa.selenium.remote.http.W3CHttpResponseCodec.decode(W3CHttpResponseCodec.java:122)
	at org.openqa.selenium.remote.http.W3CHttpResponseCodec.decode(W3CHttpResponseCodec.java:49)
	at org.openqa.selenium.remote.HttpCommandExecutor.execute(HttpCommandExecutor.java:158)
	at org.openqa.selenium.remote.RemoteWebDriver.execute(RemoteWebDriver.java:552)
	at com.kms.katalon.core.webui.driver.ExistingRemoteWebDriver.execute(ExistingRemoteWebDriver.java:108)
	at org.openqa.selenium.remote.RemoteWebElement.execute(RemoteWebElement.java:285)
	at org.openqa.selenium.remote.RemoteWebElement.click(RemoteWebElement.java:84)
	at org.openqa.selenium.support.events.EventFiringWebDriver$EventFiringWebElement.lambda$new$0(EventFiringWebDriver.java:404)
	at com.sun.proxy.$Proxy11.click(Unknown Source)
	at org.openqa.selenium.support.events.EventFiringWebDriver$EventFiringWebElement.click(EventFiringWebDriver.java:417)
	at com.kms.katalon.core.webui.keyword.builtin.ClickKeyword$_click_closure1.doCall(ClickKeyword.groovy:68)
	at com.kms.katalon.core.webui.keyword.builtin.ClickKeyword$_click_closure1.call(ClickKeyword.groovy)
	at com.kms.katalon.core.webui.keyword.internal.WebUIKeywordMain.runKeyword(WebUIKeywordMain.groovy:20)
	at com.kms.katalon.core.webui.keyword.builtin.ClickKeyword.click(ClickKeyword.groovy:75)
	at com.kms.katalon.core.webui.keyword.builtin.ClickKeyword.execute(ClickKeyword.groovy:42)
	at com.kms.katalon.core.keyword.internal.KeywordExecutor.executeKeywordForPlatform(KeywordExecutor.groovy:73)
	at com.kms.katalon.core.webui.keyword.WebUiBuiltInKeywords.click(WebUiBuiltInKeywords.groovy:620)
	at com.kms.katalon.core.webui.keyword.WebUiBuiltInKeywords$click$10.call(Unknown Source)
	at Script1634613921950.run(Script1634613921950.groovy:41)
	... 13 more
)
[[ATTACHMENT|E:\\Cloned-Project-Katalon\\VPS-Katalon\\Reports\\20211021_234451\\RAD_TestSuite\\RAD_UI_TestSuite\\20211021_234451\\1634874538709.png]]

2021-10-21 23:48:58 - [TEST_STEP][FAILED] - verifyTextPresent("Select a tax type", true): Text 'Select a tax type' is not present on page  using regular expression (Root cause: com.kms.katalon.core.exception.StepFailedException: Text 'Select a tax type' is not present on page  using regular expression
	at com.kms.katalon.core.webui.keyword.internal.WebUIKeywordMain.stepFailed(WebUIKeywordMain.groovy:64)
	at com.kms.katalon.core.webui.keyword.builtin.VerifyTextPresentKeyword$_verifyTextPresent_closure1.doCall(VerifyTextPresentKeyword.groovy:79)
	at com.kms.katalon.core.webui.keyword.builtin.VerifyTextPresentKeyword$_verifyTextPresent_closure1.call(VerifyTextPresentKeyword.groovy)
	at com.kms.katalon.core.webui.keyword.internal.WebUIKeywordMain.runKeyword(WebUIKeywordMain.groovy:20)
	at com.kms.katalon.core.webui.keyword.builtin.VerifyTextPresentKeyword.verifyTextPresent(VerifyTextPresentKeyword.groovy:83)
	at com.kms.katalon.core.webui.keyword.builtin.VerifyTextPresentKeyword.execute(VerifyTextPresentKeyword.groovy:68)
	at com.kms.katalon.core.keyword.internal.KeywordExecutor.executeKeywordForPlatform(KeywordExecutor.groovy:73)
	at com.kms.katalon.core.webui.keyword.WebUiBuiltInKeywords.verifyTextPresent(WebUiBuiltInKeywords.groovy:1723)
	at com.kms.katalon.core.webui.keyword.WebUiBuiltInKeywords$verifyTextPresent$3.call(Unknown Source)
	at ExistingLiability_MRF_TC.run(ExistingLiability_MRF_TC:54)
	at com.kms.katalon.core.main.ScriptEngine.run(ScriptEngine.java:194)
	at com.kms.katalon.core.main.ScriptEngine.runScriptAsRawText(ScriptEngine.java:119)
	at com.kms.katalon.core.main.TestCaseExecutor.runScript(TestCaseExecutor.java:369)
	at com.kms.katalon.core.main.TestCaseExecutor.doExecute(TestCaseExecutor.java:360)
	at com.kms.katalon.core.main.TestCaseExecutor.processExecutionPhase(TestCaseExecutor.java:339)
	at com.kms.katalon.core.main.TestCaseExecutor.accessMainPhase(TestCaseExecutor.java:331)
	at com.kms.katalon.core.main.TestCaseExecutor.execute(TestCaseExecutor.java:248)
	at com.kms.katalon.core.main.TestSuiteExecutor.accessTestCaseMainPhase(TestSuiteExecutor.java:191)
	at com.kms.katalon.core.main.TestSuiteExecutor.accessTestSuiteMainPhase(TestSuiteExecutor.java:140)
	at com.kms.katalon.core.main.TestSuiteExecutor.execute(TestSuiteExecutor.java:89)
	at com.kms.katalon.core.main.TestCaseMain.startTestSuite(TestCaseMain.java:185)
	at com.kms.katalon.core.main.TestCaseMain$startTestSuite$0.call(Unknown Source)
	at TempTestSuite1634874291072.run(TempTestSuite1634874291072.groovy:39)
)

2021-10-21 23:48:59 - [MESSAGE][FAILED] - Text 'Select a tax type' is not present on page  using regular expression (Root cause: com.kms.katalon.core.exception.StepFailedException: Text 'Select a tax type' is not present on page  using regular expression
	at com.kms.katalon.core.webui.keyword.internal.WebUIKeywordMain.stepFailed(WebUIKeywordMain.groovy:64)
	at com.kms.katalon.core.webui.keyword.builtin.VerifyTextPresentKeyword$_verifyTextPresent_closure1.doCall(VerifyTextPresentKeyword.groovy:79)
	at com.kms.katalon.core.webui.keyword.builtin.VerifyTextPresentKeyword$_verifyTextPresent_closure1.call(VerifyTextPresentKeyword.groovy)
	at com.kms.katalon.core.webui.keyword.internal.WebUIKeywordMain.runKeyword(WebUIKeywordMain.groovy:20)
	at com.kms.katalon.core.webui.keyword.builtin.VerifyTextPresentKeyword.verifyTextPresent(VerifyTextPresentKeyword.groovy:83)
	at com.kms.katalon.core.webui.keyword.builtin.VerifyTextPresentKeyword.execute(VerifyTextPresentKeyword.groovy:68)
	at com.kms.katalon.core.keyword.internal.KeywordExecutor.executeKeywordForPlatform(KeywordExecutor.groovy:73)
	at com.kms.katalon.core.webui.keyword.WebUiBuiltInKeywords.verifyTextPresent(WebUiBuiltInKeywords.groovy:1723)
	at com.kms.katalon.core.webui.keyword.WebUiBuiltInKeywords$verifyTextPresent$3.call(Unknown Source)
	at ExistingLiability_MRF_TC.run(ExistingLiability_MRF_TC:54)
	at com.kms.katalon.core.main.ScriptEngine.run(ScriptEngine.java:194)
	at com.kms.katalon.core.main.ScriptEngine.runScriptAsRawText(ScriptEngine.java:119)
	at com.kms.katalon.core.main.TestCaseExecutor.runScript(TestCaseExecutor.java:369)
	at com.kms.katalon.core.main.TestCaseExecutor.doExecute(TestCaseExecutor.java:360)
	at com.kms.katalon.core.main.TestCaseExecutor.processExecutionPhase(TestCaseExecutor.java:339)
	at com.kms.katalon.core.main.TestCaseExecutor.accessMainPhase(TestCaseExecutor.java:331)
	at com.kms.katalon.core.main.TestCaseExecutor.execute(TestCaseExecutor.java:248)
	at com.kms.katalon.core.main.TestSuiteExecutor.accessTestCaseMainPhase(TestSuiteExecutor.java:191)
	at com.kms.katalon.core.main.TestSuiteExecutor.accessTestSuiteMainPhase(TestSuiteExecutor.java:140)
	at com.kms.katalon.core.main.TestSuiteExecutor.execute(TestSuiteExecutor.java:89)
	at com.kms.katalon.core.main.TestCaseMain.startTestSuite(TestCaseMain.java:185)
	at com.kms.katalon.core.main.TestCaseMain$startTestSuite$0.call(Unknown Source)
	at TempTestSuite1634874291072.run(TempTestSuite1634874291072.groovy:39)
)

2021-10-21 23:48:59 - [TEST_STEP][FAILED] - verifyTextPresent("Enter first name", true): Text 'Enter first name' is not present on page  using regular expression (Root cause: com.kms.katalon.core.exception.StepFailedException: Text 'Enter first name' is not present on page  using regular expression
	at com.kms.katalon.core.webui.keyword.internal.WebUIKeywordMain.stepFailed(WebUIKeywordMain.groovy:64)
	at com.kms.katalon.core.webui.keyword.builtin.VerifyTextPresentKeyword$_verifyTextPresent_closure1.doCall(VerifyTextPresentKeyword.groovy:79)
	at com.kms.katalon.core.webui.keyword.builtin.VerifyTextPresentKeyword$_verifyTextPresent_closure1.call(VerifyTextPresentKeyword.groovy)
	at com.kms.katalon.core.webui.keyword.internal.WebUIKeywordMain.runKeyword(WebUIKeywordMain.groovy:20)
	at com.kms.katalon.core.webui.keyword.builtin.VerifyTextPresentKeyword.verifyTextPresent(VerifyTextPresentKeyword.groovy:83)
	at com.kms.katalon.core.webui.keyword.builtin.VerifyTextPresentKeyword.execute(VerifyTextPresentKeyword.groovy:68)
	at com.kms.katalon.core.keyword.internal.KeywordExecutor.executeKeywordForPlatform(KeywordExecutor.groovy:73)
	at com.kms.katalon.core.webui.keyword.WebUiBuiltInKeywords.verifyTextPresent(WebUiBuiltInKeywords.groovy:1723)
	at com.kms.katalon.core.webui.keyword.WebUiBuiltInKeywords$verifyTextPresent$3.call(Unknown Source)
	at ExistingLiability_MRF_TC.run(ExistingLiability_MRF_TC:60)
	at com.kms.katalon.core.main.ScriptEngine.run(ScriptEngine.java:194)
	at com.kms.katalon.core.main.ScriptEngine.runScriptAsRawText(ScriptEngine.java:119)
	at com.kms.katalon.core.main.TestCaseExecutor.runScript(TestCaseExecutor.java:369)
	at com.kms.katalon.core.main.TestCaseExecutor.doExecute(TestCaseExecutor.java:360)
	at com.kms.katalon.core.main.TestCaseExecutor.processExecutionPhase(TestCaseExecutor.java:339)
	at com.kms.katalon.core.main.TestCaseExecutor.accessMainPhase(TestCaseExecutor.java:331)
	at com.kms.katalon.core.main.TestCaseExecutor.execute(TestCaseExecutor.java:248)
	at com.kms.katalon.core.main.TestSuiteExecutor.accessTestCaseMainPhase(TestSuiteExecutor.java:191)
	at com.kms.katalon.core.main.TestSuiteExecutor.accessTestSuiteMainPhase(TestSuiteExecutor.java:140)
	at com.kms.katalon.core.main.TestSuiteExecutor.execute(TestSuiteExecutor.java:89)
	at com.kms.katalon.core.main.TestCaseMain.startTestSuite(TestCaseMain.java:185)
	at com.kms.katalon.core.main.TestCaseMain$startTestSuite$0.call(Unknown Source)
	at TempTestSuite1634874291072.run(TempTestSuite1634874291072.groovy:39)
)

2021-10-21 23:48:59 - [MESSAGE][FAILED] - Text 'Enter first name' is not present on page  using regular expression (Root cause: com.kms.katalon.core.exception.StepFailedException: Text 'Enter first name' is not present on page  using regular expression
	at com.kms.katalon.core.webui.keyword.internal.WebUIKeywordMain.stepFailed(WebUIKeywordMain.groovy:64)
	at com.kms.katalon.core.webui.keyword.builtin.VerifyTextPresentKeyword$_verifyTextPresent_closure1.doCall(VerifyTextPresentKeyword.groovy:79)
	at com.kms.katalon.core.webui.keyword.builtin.VerifyTextPresentKeyword$_verifyTextPresent_closure1.call(VerifyTextPresentKeyword.groovy)
	at com.kms.katalon.core.webui.keyword.internal.WebUIKeywordMain.runKeyword(WebUIKeywordMain.groovy:20)
	at com.kms.katalon.core.webui.keyword.builtin.VerifyTextPresentKeyword.verifyTextPresent(VerifyTextPresentKeyword.groovy:83)
	at com.kms.katalon.core.webui.keyword.builtin.VerifyTextPresentKeyword.execute(VerifyTextPresentKeyword.groovy:68)
	at com.kms.katalon.core.keyword.internal.KeywordExecutor.executeKeywordForPlatform(KeywordExecutor.groovy:73)
	at com.kms.katalon.core.webui.keyword.WebUiBuiltInKeywords.verifyTextPresent(WebUiBuiltInKeywords.groovy:1723)
	at com.kms.katalon.core.webui.keyword.WebUiBuiltInKeywords$verifyTextPresent$3.call(Unknown Source)
	at ExistingLiability_MRF_TC.run(ExistingLiability_MRF_TC:60)
	at com.kms.katalon.core.main.ScriptEngine.run(ScriptEngine.java:194)
	at com.kms.katalon.core.main.ScriptEngine.runScriptAsRawText(ScriptEngine.java:119)
	at com.kms.katalon.core.main.TestCaseExecutor.runScript(TestCaseExecutor.java:369)
	at com.kms.katalon.core.main.TestCaseExecutor.doExecute(TestCaseExecutor.java:360)
	at com.kms.katalon.core.main.TestCaseExecutor.processExecutionPhase(TestCaseExecutor.java:339)
	at com.kms.katalon.core.main.TestCaseExecutor.accessMainPhase(TestCaseExecutor.java:331)
	at com.kms.katalon.core.main.TestCaseExecutor.execute(TestCaseExecutor.java:248)
	at com.kms.katalon.core.main.TestSuiteExecutor.accessTestCaseMainPhase(TestSuiteExecutor.java:191)
	at com.kms.katalon.core.main.TestSuiteExecutor.accessTestSuiteMainPhase(TestSuiteExecutor.java:140)
	at com.kms.katalon.core.main.TestSuiteExecutor.execute(TestSuiteExecutor.java:89)
	at com.kms.katalon.core.main.TestCaseMain.startTestSuite(TestCaseMain.java:185)
	at com.kms.katalon.core.main.TestCaseMain$startTestSuite$0.call(Unknown Source)
	at TempTestSuite1634874291072.run(TempTestSuite1634874291072.groovy:39)
)

2021-10-21 23:48:59 - [TEST_STEP][FAILED] - verifyTextPresent("Enter last name", true): Text 'Enter last name' is not present on page  using regular expression (Root cause: com.kms.katalon.core.exception.StepFailedException: Text 'Enter last name' is not present on page  using regular expression
	at com.kms.katalon.core.webui.keyword.internal.WebUIKeywordMain.stepFailed(WebUIKeywordMain.groovy:64)
	at com.kms.katalon.core.webui.keyword.builtin.VerifyTextPresentKeyword$_verifyTextPresent_closure1.doCall(VerifyTextPresentKeyword.groovy:79)
	at com.kms.katalon.core.webui.keyword.builtin.VerifyTextPresentKeyword$_verifyTextPresent_closure1.call(VerifyTextPresentKeyword.groovy)
	at com.kms.katalon.core.webui.keyword.internal.WebUIKeywordMain.runKeyword(WebUIKeywordMain.groovy:20)
	at com.kms.katalon.core.webui.keyword.builtin.VerifyTextPresentKeyword.verifyTextPresent(VerifyTextPresentKeyword.groovy:83)
	at com.kms.katalon.core.webui.keyword.builtin.VerifyTextPresentKeyword.execute(VerifyTextPresentKeyword.groovy:68)
	at com.kms.katalon.core.keyword.internal.KeywordExecutor.executeKeywordForPlatform(KeywordExecutor.groovy:73)
	at com.kms.katalon.core.webui.keyword.WebUiBuiltInKeywords.verifyTextPresent(WebUiBuiltInKeywords.groovy:1723)
	at com.kms.katalon.core.webui.keyword.WebUiBuiltInKeywords$verifyTextPresent$3.call(Unknown Source)
	at ExistingLiability_MRF_TC.run(ExistingLiability_MRF_TC:62)
	at com.kms.katalon.core.main.ScriptEngine.run(ScriptEngine.java:194)
	at com.kms.katalon.core.main.ScriptEngine.runScriptAsRawText(ScriptEngine.java:119)
	at com.kms.katalon.core.main.TestCaseExecutor.runScript(TestCaseExecutor.java:369)
	at com.kms.katalon.core.main.TestCaseExecutor.doExecute(TestCaseExecutor.java:360)
	at com.kms.katalon.core.main.TestCaseExecutor.processExecutionPhase(TestCaseExecutor.java:339)
	at com.kms.katalon.core.main.TestCaseExecutor.accessMainPhase(TestCaseExecutor.java:331)
	at com.kms.katalon.core.main.TestCaseExecutor.execute(TestCaseExecutor.java:248)
	at com.kms.katalon.core.main.TestSuiteExecutor.accessTestCaseMainPhase(TestSuiteExecutor.java:191)
	at com.kms.katalon.core.main.TestSuiteExecutor.accessTestSuiteMainPhase(TestSuiteExecutor.java:140)
	at com.kms.katalon.core.main.TestSuiteExecutor.execute(TestSuiteExecutor.java:89)
	at com.kms.katalon.core.main.TestCaseMain.startTestSuite(TestCaseMain.java:185)
	at com.kms.katalon.core.main.TestCaseMain$startTestSuite$0.call(Unknown Source)
	at TempTestSuite1634874291072.run(TempTestSuite1634874291072.groovy:39)
)

2021-10-21 23:49:00 - [MESSAGE][FAILED] - Text 'Enter last name' is not present on page  using regular expression (Root cause: com.kms.katalon.core.exception.StepFailedException: Text 'Enter last name' is not present on page  using regular expression
	at com.kms.katalon.core.webui.keyword.internal.WebUIKeywordMain.stepFailed(WebUIKeywordMain.groovy:64)
	at com.kms.katalon.core.webui.keyword.builtin.VerifyTextPresentKeyword$_verifyTextPresent_closure1.doCall(VerifyTextPresentKeyword.groovy:79)
	at com.kms.katalon.core.webui.keyword.builtin.VerifyTextPresentKeyword$_verifyTextPresent_closure1.call(VerifyTextPresentKeyword.groovy)
	at com.kms.katalon.core.webui.keyword.internal.WebUIKeywordMain.runKeyword(WebUIKeywordMain.groovy:20)
	at com.kms.katalon.core.webui.keyword.builtin.VerifyTextPresentKeyword.verifyTextPresent(VerifyTextPresentKeyword.groovy:83)
	at com.kms.katalon.core.webui.keyword.builtin.VerifyTextPresentKeyword.execute(VerifyTextPresentKeyword.groovy:68)
	at com.kms.katalon.core.keyword.internal.KeywordExecutor.executeKeywordForPlatform(KeywordExecutor.groovy:73)
	at com.kms.katalon.core.webui.keyword.WebUiBuiltInKeywords.verifyTextPresent(WebUiBuiltInKeywords.groovy:1723)
	at com.kms.katalon.core.webui.keyword.WebUiBuiltInKeywords$verifyTextPresent$3.call(Unknown Source)
	at ExistingLiability_MRF_TC.run(ExistingLiability_MRF_TC:62)
	at com.kms.katalon.core.main.ScriptEngine.run(ScriptEngine.java:194)
	at com.kms.katalon.core.main.ScriptEngine.runScriptAsRawText(ScriptEngine.java:119)
	at com.kms.katalon.core.main.TestCaseExecutor.runScript(TestCaseExecutor.java:369)
	at com.kms.katalon.core.main.TestCaseExecutor.doExecute(TestCaseExecutor.java:360)
	at com.kms.katalon.core.main.TestCaseExecutor.processExecutionPhase(TestCaseExecutor.java:339)
	at com.kms.katalon.core.main.TestCaseExecutor.accessMainPhase(TestCaseExecutor.java:331)
	at com.kms.katalon.core.main.TestCaseExecutor.execute(TestCaseExecutor.java:248)
	at com.kms.katalon.core.main.TestSuiteExecutor.accessTestCaseMainPhase(TestSuiteExecutor.java:191)
	at com.kms.katalon.core.main.TestSuiteExecutor.accessTestSuiteMainPhase(TestSuiteExecutor.java:140)
	at com.kms.katalon.core.main.TestSuiteExecutor.execute(TestSuiteExecutor.java:89)
	at com.kms.katalon.core.main.TestCaseMain.startTestSuite(TestCaseMain.java:185)
	at com.kms.katalon.core.main.TestCaseMain$startTestSuite$0.call(Unknown Source)
	at TempTestSuite1634874291072.run(TempTestSuite1634874291072.groovy:39)
)

2021-10-21 23:49:00 - [TEST_STEP][FAILED] - verifyTextPresent("Select a country", true): Text 'Select a country' is not present on page  using regular expression (Root cause: com.kms.katalon.core.exception.StepFailedException: Text 'Select a country' is not present on page  using regular expression
	at com.kms.katalon.core.webui.keyword.internal.WebUIKeywordMain.stepFailed(WebUIKeywordMain.groovy:64)
	at com.kms.katalon.core.webui.keyword.builtin.VerifyTextPresentKeyword$_verifyTextPresent_closure1.doCall(VerifyTextPresentKeyword.groovy:79)
	at com.kms.katalon.core.webui.keyword.builtin.VerifyTextPresentKeyword$_verifyTextPresent_closure1.call(VerifyTextPresentKeyword.groovy)
	at com.kms.katalon.core.webui.keyword.internal.WebUIKeywordMain.runKeyword(WebUIKeywordMain.groovy:20)
	at com.kms.katalon.core.webui.keyword.builtin.VerifyTextPresentKeyword.verifyTextPresent(VerifyTextPresentKeyword.groovy:83)
	at com.kms.katalon.core.webui.keyword.builtin.VerifyTextPresentKeyword.execute(VerifyTextPresentKeyword.groovy:68)
	at com.kms.katalon.core.keyword.internal.KeywordExecutor.executeKeywordForPlatform(KeywordExecutor.groovy:73)
	at com.kms.katalon.core.webui.keyword.WebUiBuiltInKeywords.verifyTextPresent(WebUiBuiltInKeywords.groovy:1723)
	at com.kms.katalon.core.webui.keyword.WebUiBuiltInKeywords$verifyTextPresent$3.call(Unknown Source)
	at ExistingLiability_MRF_TC.run(ExistingLiability_MRF_TC:68)
	at com.kms.katalon.core.main.ScriptEngine.run(ScriptEngine.java:194)
	at com.kms.katalon.core.main.ScriptEngine.runScriptAsRawText(ScriptEngine.java:119)
	at com.kms.katalon.core.main.TestCaseExecutor.runScript(TestCaseExecutor.java:369)
	at com.kms.katalon.core.main.TestCaseExecutor.doExecute(TestCaseExecutor.java:360)
	at com.kms.katalon.core.main.TestCaseExecutor.processExecutionPhase(TestCaseExecutor.java:339)
	at com.kms.katalon.core.main.TestCaseExecutor.accessMainPhase(TestCaseExecutor.java:331)
	at com.kms.katalon.core.main.TestCaseExecutor.execute(TestCaseExecutor.java:248)
	at com.kms.katalon.core.main.TestSuiteExecutor.accessTestCaseMainPhase(TestSuiteExecutor.java:191)
	at com.kms.katalon.core.main.TestSuiteExecutor.accessTestSuiteMainPhase(TestSuiteExecutor.java:140)
	at com.kms.katalon.core.main.TestSuiteExecutor.execute(TestSuiteExecutor.java:89)
	at com.kms.katalon.core.main.TestCaseMain.startTestSuite(TestCaseMain.java:185)
	at com.kms.katalon.core.main.TestCaseMain$startTestSuite$0.call(Unknown Source)
	at TempTestSuite1634874291072.run(TempTestSuite1634874291072.groovy:39)
)

2021-10-21 23:49:00 - [MESSAGE][FAILED] - Text 'Select a country' is not present on page  using regular expression (Root cause: com.kms.katalon.core.exception.StepFailedException: Text 'Select a country' is not present on page  using regular expression
	at com.kms.katalon.core.webui.keyword.internal.WebUIKeywordMain.stepFailed(WebUIKeywordMain.groovy:64)
	at com.kms.katalon.core.webui.keyword.builtin.VerifyTextPresentKeyword$_verifyTextPresent_closure1.doCall(VerifyTextPresentKeyword.groovy:79)
	at com.kms.katalon.core.webui.keyword.builtin.VerifyTextPresentKeyword$_verifyTextPresent_closure1.call(VerifyTextPresentKeyword.groovy)
	at com.kms.katalon.core.webui.keyword.internal.WebUIKeywordMain.runKeyword(WebUIKeywordMain.groovy:20)
	at com.kms.katalon.core.webui.keyword.builtin.VerifyTextPresentKeyword.verifyTextPresent(VerifyTextPresentKeyword.groovy:83)
	at com.kms.katalon.core.webui.keyword.builtin.VerifyTextPresentKeyword.execute(VerifyTextPresentKeyword.groovy:68)
	at com.kms.katalon.core.keyword.internal.KeywordExecutor.executeKeywordForPlatform(KeywordExecutor.groovy:73)
	at com.kms.katalon.core.webui.keyword.WebUiBuiltInKeywords.verifyTextPresent(WebUiBuiltInKeywords.groovy:1723)
	at com.kms.katalon.core.webui.keyword.WebUiBuiltInKeywords$verifyTextPresent$3.call(Unknown Source)
	at ExistingLiability_MRF_TC.run(ExistingLiability_MRF_TC:68)
	at com.kms.katalon.core.main.ScriptEngine.run(ScriptEngine.java:194)
	at com.kms.katalon.core.main.ScriptEngine.runScriptAsRawText(ScriptEngine.java:119)
	at com.kms.katalon.core.main.TestCaseExecutor.runScript(TestCaseExecutor.java:369)
	at com.kms.katalon.core.main.TestCaseExecutor.doExecute(TestCaseExecutor.java:360)
	at com.kms.katalon.core.main.TestCaseExecutor.processExecutionPhase(TestCaseExecutor.java:339)
	at com.kms.katalon.core.main.TestCaseExecutor.accessMainPhase(TestCaseExecutor.java:331)
	at com.kms.katalon.core.main.TestCaseExecutor.execute(TestCaseExecutor.java:248)
	at com.kms.katalon.core.main.TestSuiteExecutor.accessTestCaseMainPhase(TestSuiteExecutor.java:191)
	at com.kms.katalon.core.main.TestSuiteExecutor.accessTestSuiteMainPhase(TestSuiteExecutor.java:140)
	at com.kms.katalon.core.main.TestSuiteExecutor.execute(TestSuiteExecutor.java:89)
	at com.kms.katalon.core.main.TestCaseMain.startTestSuite(TestCaseMain.java:185)
	at com.kms.katalon.core.main.TestCaseMain$startTestSuite$0.call(Unknown Source)
	at TempTestSuite1634874291072.run(TempTestSuite1634874291072.groovy:39)
)

2021-10-21 23:49:00 - [TEST_STEP][FAILED] - verifyTextPresent("Enter address", true): Text 'Enter address' is not present on page  using regular expression (Root cause: com.kms.katalon.core.exception.StepFailedException: Text 'Enter address' is not present on page  using regular expression
	at com.kms.katalon.core.webui.keyword.internal.WebUIKeywordMain.stepFailed(WebUIKeywordMain.groovy:64)
	at com.kms.katalon.core.webui.keyword.builtin.VerifyTextPresentKeyword$_verifyTextPresent_closure1.doCall(VerifyTextPresentKeyword.groovy:79)
	at com.kms.katalon.core.webui.keyword.builtin.VerifyTextPresentKeyword$_verifyTextPresent_closure1.call(VerifyTextPresentKeyword.groovy)
	at com.kms.katalon.core.webui.keyword.internal.WebUIKeywordMain.runKeyword(WebUIKeywordMain.groovy:20)
	at com.kms.katalon.core.webui.keyword.builtin.VerifyTextPresentKeyword.verifyTextPresent(VerifyTextPresentKeyword.groovy:83)
	at com.kms.katalon.core.webui.keyword.builtin.VerifyTextPresentKeyword.execute(VerifyTextPresentKeyword.groovy:68)
	at com.kms.katalon.core.keyword.internal.KeywordExecutor.executeKeywordForPlatform(KeywordExecutor.groovy:73)
	at com.kms.katalon.core.webui.keyword.WebUiBuiltInKeywords.verifyTextPresent(WebUiBuiltInKeywords.groovy:1723)
	at com.kms.katalon.core.webui.keyword.WebUiBuiltInKeywords$verifyTextPresent$3.call(Unknown Source)
	at ExistingLiability_MRF_TC.run(ExistingLiability_MRF_TC:70)
	at com.kms.katalon.core.main.ScriptEngine.run(ScriptEngine.java:194)
	at com.kms.katalon.core.main.ScriptEngine.runScriptAsRawText(ScriptEngine.java:119)
	at com.kms.katalon.core.main.TestCaseExecutor.runScript(TestCaseExecutor.java:369)
	at com.kms.katalon.core.main.TestCaseExecutor.doExecute(TestCaseExecutor.java:360)
	at com.kms.katalon.core.main.TestCaseExecutor.processExecutionPhase(TestCaseExecutor.java:339)
	at com.kms.katalon.core.main.TestCaseExecutor.accessMainPhase(TestCaseExecutor.java:331)
	at com.kms.katalon.core.main.TestCaseExecutor.execute(TestCaseExecutor.java:248)
	at com.kms.katalon.core.main.TestSuiteExecutor.accessTestCaseMainPhase(TestSuiteExecutor.java:191)
	at com.kms.katalon.core.main.TestSuiteExecutor.accessTestSuiteMainPhase(TestSuiteExecutor.java:140)
	at com.kms.katalon.core.main.TestSuiteExecutor.execute(TestSuiteExecutor.java:89)
	at com.kms.katalon.core.main.TestCaseMain.startTestSuite(TestCaseMain.java:185)
	at com.kms.katalon.core.main.TestCaseMain$startTestSuite$0.call(Unknown Source)
	at TempTestSuite1634874291072.run(TempTestSuite1634874291072.groovy:39)
)

2021-10-21 23:49:00 - [MESSAGE][FAILED] - Text 'Enter address' is not present on page  using regular expression (Root cause: com.kms.katalon.core.exception.StepFailedException: Text 'Enter address' is not present on page  using regular expression
	at com.kms.katalon.core.webui.keyword.internal.WebUIKeywordMain.stepFailed(WebUIKeywordMain.groovy:64)
	at com.kms.katalon.core.webui.keyword.builtin.VerifyTextPresentKeyword$_verifyTextPresent_closure1.doCall(VerifyTextPresentKeyword.groovy:79)
	at com.kms.katalon.core.webui.keyword.builtin.VerifyTextPresentKeyword$_verifyTextPresent_closure1.call(VerifyTextPresentKeyword.groovy)
	at com.kms.katalon.core.webui.keyword.internal.WebUIKeywordMain.runKeyword(WebUIKeywordMain.groovy:20)
	at com.kms.katalon.core.webui.keyword.builtin.VerifyTextPresentKeyword.verifyTextPresent(VerifyTextPresentKeyword.groovy:83)
	at com.kms.katalon.core.webui.keyword.builtin.VerifyTextPresentKeyword.execute(VerifyTextPresentKeyword.groovy:68)
	at com.kms.katalon.core.keyword.internal.KeywordExecutor.executeKeywordForPlatform(KeywordExecutor.groovy:73)
	at com.kms.katalon.core.webui.keyword.WebUiBuiltInKeywords.verifyTextPresent(WebUiBuiltInKeywords.groovy:1723)
	at com.kms.katalon.core.webui.keyword.WebUiBuiltInKeywords$verifyTextPresent$3.call(Unknown Source)
	at ExistingLiability_MRF_TC.run(ExistingLiability_MRF_TC:70)
	at com.kms.katalon.core.main.ScriptEngine.run(ScriptEngine.java:194)
	at com.kms.katalon.core.main.ScriptEngine.runScriptAsRawText(ScriptEngine.java:119)
	at com.kms.katalon.core.main.TestCaseExecutor.runScript(TestCaseExecutor.java:369)
	at com.kms.katalon.core.main.TestCaseExecutor.doExecute(TestCaseExecutor.java:360)
	at com.kms.katalon.core.main.TestCaseExecutor.processExecutionPhase(TestCaseExecutor.java:339)
	at com.kms.katalon.core.main.TestCaseExecutor.accessMainPhase(TestCaseExecutor.java:331)
	at com.kms.katalon.core.main.TestCaseExecutor.execute(TestCaseExecutor.java:248)
	at com.kms.katalon.core.main.TestSuiteExecutor.accessTestCaseMainPhase(TestSuiteExecutor.java:191)
	at com.kms.katalon.core.main.TestSuiteExecutor.accessTestSuiteMainPhase(TestSuiteExecutor.java:140)
	at com.kms.katalon.core.main.TestSuiteExecutor.execute(TestSuiteExecutor.java:89)
	at com.kms.katalon.core.main.TestCaseMain.startTestSuite(TestCaseMain.java:185)
	at com.kms.katalon.core.main.TestCaseMain$startTestSuite$0.call(Unknown Source)
	at TempTestSuite1634874291072.run(TempTestSuite1634874291072.groovy:39)
)

2021-10-21 23:49:00 - [TEST_STEP][FAILED] - verifyTextPresent("Enter city", true): Text 'Enter city' is not present on page  using regular expression (Root cause: com.kms.katalon.core.exception.StepFailedException: Text 'Enter city' is not present on page  using regular expression
	at com.kms.katalon.core.webui.keyword.internal.WebUIKeywordMain.stepFailed(WebUIKeywordMain.groovy:64)
	at com.kms.katalon.core.webui.keyword.builtin.VerifyTextPresentKeyword$_verifyTextPresent_closure1.doCall(VerifyTextPresentKeyword.groovy:79)
	at com.kms.katalon.core.webui.keyword.builtin.VerifyTextPresentKeyword$_verifyTextPresent_closure1.call(VerifyTextPresentKeyword.groovy)
	at com.kms.katalon.core.webui.keyword.internal.WebUIKeywordMain.runKeyword(WebUIKeywordMain.groovy:20)
	at com.kms.katalon.core.webui.keyword.builtin.VerifyTextPresentKeyword.verifyTextPresent(VerifyTextPresentKeyword.groovy:83)
	at com.kms.katalon.core.webui.keyword.builtin.VerifyTextPresentKeyword.execute(VerifyTextPresentKeyword.groovy:68)
	at com.kms.katalon.core.keyword.internal.KeywordExecutor.executeKeywordForPlatform(KeywordExecutor.groovy:73)
	at com.kms.katalon.core.webui.keyword.WebUiBuiltInKeywords.verifyTextPresent(WebUiBuiltInKeywords.groovy:1723)
	at com.kms.katalon.core.webui.keyword.WebUiBuiltInKeywords$verifyTextPresent$3.call(Unknown Source)
	at ExistingLiability_MRF_TC.run(ExistingLiability_MRF_TC:72)
	at com.kms.katalon.core.main.ScriptEngine.run(ScriptEngine.java:194)
	at com.kms.katalon.core.main.ScriptEngine.runScriptAsRawText(ScriptEngine.java:119)
	at com.kms.katalon.core.main.TestCaseExecutor.runScript(TestCaseExecutor.java:369)
	at com.kms.katalon.core.main.TestCaseExecutor.doExecute(TestCaseExecutor.java:360)
	at com.kms.katalon.core.main.TestCaseExecutor.processExecutionPhase(TestCaseExecutor.java:339)
	at com.kms.katalon.core.main.TestCaseExecutor.accessMainPhase(TestCaseExecutor.java:331)
	at com.kms.katalon.core.main.TestCaseExecutor.execute(TestCaseExecutor.java:248)
	at com.kms.katalon.core.main.TestSuiteExecutor.accessTestCaseMainPhase(TestSuiteExecutor.java:191)
	at com.kms.katalon.core.main.TestSuiteExecutor.accessTestSuiteMainPhase(TestSuiteExecutor.java:140)
	at com.kms.katalon.core.main.TestSuiteExecutor.execute(TestSuiteExecutor.java:89)
	at com.kms.katalon.core.main.TestCaseMain.startTestSuite(TestCaseMain.java:185)
	at com.kms.katalon.core.main.TestCaseMain$startTestSuite$0.call(Unknown Source)
	at TempTestSuite1634874291072.run(TempTestSuite1634874291072.groovy:39)
)

2021-10-21 23:49:01 - [MESSAGE][FAILED] - Text 'Enter city' is not present on page  using regular expression (Root cause: com.kms.katalon.core.exception.StepFailedException: Text 'Enter city' is not present on page  using regular expression
	at com.kms.katalon.core.webui.keyword.internal.WebUIKeywordMain.stepFailed(WebUIKeywordMain.groovy:64)
	at com.kms.katalon.core.webui.keyword.builtin.VerifyTextPresentKeyword$_verifyTextPresent_closure1.doCall(VerifyTextPresentKeyword.groovy:79)
	at com.kms.katalon.core.webui.keyword.builtin.VerifyTextPresentKeyword$_verifyTextPresent_closure1.call(VerifyTextPresentKeyword.groovy)
	at com.kms.katalon.core.webui.keyword.internal.WebUIKeywordMain.runKeyword(WebUIKeywordMain.groovy:20)
	at com.kms.katalon.core.webui.keyword.builtin.VerifyTextPresentKeyword.verifyTextPresent(VerifyTextPresentKeyword.groovy:83)
	at com.kms.katalon.core.webui.keyword.builtin.VerifyTextPresentKeyword.execute(VerifyTextPresentKeyword.groovy:68)
	at com.kms.katalon.core.keyword.internal.KeywordExecutor.executeKeywordForPlatform(KeywordExecutor.groovy:73)
	at com.kms.katalon.core.webui.keyword.WebUiBuiltInKeywords.verifyTextPresent(WebUiBuiltInKeywords.groovy:1723)
	at com.kms.katalon.core.webui.keyword.WebUiBuiltInKeywords$verifyTextPresent$3.call(Unknown Source)
	at ExistingLiability_MRF_TC.run(ExistingLiability_MRF_TC:72)
	at com.kms.katalon.core.main.ScriptEngine.run(ScriptEngine.java:194)
	at com.kms.katalon.core.main.ScriptEngine.runScriptAsRawText(ScriptEngine.java:119)
	at com.kms.katalon.core.main.TestCaseExecutor.runScript(TestCaseExecutor.java:369)
	at com.kms.katalon.core.main.TestCaseExecutor.doExecute(TestCaseExecutor.java:360)
	at com.kms.katalon.core.main.TestCaseExecutor.processExecutionPhase(TestCaseExecutor.java:339)
	at com.kms.katalon.core.main.TestCaseExecutor.accessMainPhase(TestCaseExecutor.java:331)
	at com.kms.katalon.core.main.TestCaseExecutor.execute(TestCaseExecutor.java:248)
	at com.kms.katalon.core.main.TestSuiteExecutor.accessTestCaseMainPhase(TestSuiteExecutor.java:191)
	at com.kms.katalon.core.main.TestSuiteExecutor.accessTestSuiteMainPhase(TestSuiteExecutor.java:140)
	at com.kms.katalon.core.main.TestSuiteExecutor.execute(TestSuiteExecutor.java:89)
	at com.kms.katalon.core.main.TestCaseMain.startTestSuite(TestCaseMain.java:185)
	at com.kms.katalon.core.main.TestCaseMain$startTestSuite$0.call(Unknown Source)
	at TempTestSuite1634874291072.run(TempTestSuite1634874291072.groovy:39)
)

2021-10-21 23:49:01 - [TEST_STEP][FAILED] - verifyTextPresent("Select a state", true): Text 'Select a state' is not present on page  using regular expression (Root cause: com.kms.katalon.core.exception.StepFailedException: Text 'Select a state' is not present on page  using regular expression
	at com.kms.katalon.core.webui.keyword.internal.WebUIKeywordMain.stepFailed(WebUIKeywordMain.groovy:64)
	at com.kms.katalon.core.webui.keyword.builtin.VerifyTextPresentKeyword$_verifyTextPresent_closure1.doCall(VerifyTextPresentKeyword.groovy:79)
	at com.kms.katalon.core.webui.keyword.builtin.VerifyTextPresentKeyword$_verifyTextPresent_closure1.call(VerifyTextPresentKeyword.groovy)
	at com.kms.katalon.core.webui.keyword.internal.WebUIKeywordMain.runKeyword(WebUIKeywordMain.groovy:20)
	at com.kms.katalon.core.webui.keyword.builtin.VerifyTextPresentKeyword.verifyTextPresent(VerifyTextPresentKeyword.groovy:83)
	at com.kms.katalon.core.webui.keyword.builtin.VerifyTextPresentKeyword.execute(VerifyTextPresentKeyword.groovy:68)
	at com.kms.katalon.core.keyword.internal.KeywordExecutor.executeKeywordForPlatform(KeywordExecutor.groovy:73)
	at com.kms.katalon.core.webui.keyword.WebUiBuiltInKeywords.verifyTextPresent(WebUiBuiltInKeywords.groovy:1723)
	at com.kms.katalon.core.webui.keyword.WebUiBuiltInKeywords$verifyTextPresent$3.call(Unknown Source)
	at ExistingLiability_MRF_TC.run(ExistingLiability_MRF_TC:74)
	at com.kms.katalon.core.main.ScriptEngine.run(ScriptEngine.java:194)
	at com.kms.katalon.core.main.ScriptEngine.runScriptAsRawText(ScriptEngine.java:119)
	at com.kms.katalon.core.main.TestCaseExecutor.runScript(TestCaseExecutor.java:369)
	at com.kms.katalon.core.main.TestCaseExecutor.doExecute(TestCaseExecutor.java:360)
	at com.kms.katalon.core.main.TestCaseExecutor.processExecutionPhase(TestCaseExecutor.java:339)
	at com.kms.katalon.core.main.TestCaseExecutor.accessMainPhase(TestCaseExecutor.java:331)
	at com.kms.katalon.core.main.TestCaseExecutor.execute(TestCaseExecutor.java:248)
	at com.kms.katalon.core.main.TestSuiteExecutor.accessTestCaseMainPhase(TestSuiteExecutor.java:191)
	at com.kms.katalon.core.main.TestSuiteExecutor.accessTestSuiteMainPhase(TestSuiteExecutor.java:140)
	at com.kms.katalon.core.main.TestSuiteExecutor.execute(TestSuiteExecutor.java:89)
	at com.kms.katalon.core.main.TestCaseMain.startTestSuite(TestCaseMain.java:185)
	at com.kms.katalon.core.main.TestCaseMain$startTestSuite$0.call(Unknown Source)
	at TempTestSuite1634874291072.run(TempTestSuite1634874291072.groovy:39)
)

2021-10-21 23:49:01 - [MESSAGE][FAILED] - Text 'Select a state' is not present on page  using regular expression (Root cause: com.kms.katalon.core.exception.StepFailedException: Text 'Select a state' is not present on page  using regular expression
	at com.kms.katalon.core.webui.keyword.internal.WebUIKeywordMain.stepFailed(WebUIKeywordMain.groovy:64)
	at com.kms.katalon.core.webui.keyword.builtin.VerifyTextPresentKeyword$_verifyTextPresent_closure1.doCall(VerifyTextPresentKeyword.groovy:79)
	at com.kms.katalon.core.webui.keyword.builtin.VerifyTextPresentKeyword$_verifyTextPresent_closure1.call(VerifyTextPresentKeyword.groovy)
	at com.kms.katalon.core.webui.keyword.internal.WebUIKeywordMain.runKeyword(WebUIKeywordMain.groovy:20)
	at com.kms.katalon.core.webui.keyword.builtin.VerifyTextPresentKeyword.verifyTextPresent(VerifyTextPresentKeyword.groovy:83)
	at com.kms.katalon.core.webui.keyword.builtin.VerifyTextPresentKeyword.execute(VerifyTextPresentKeyword.groovy:68)
	at com.kms.katalon.core.keyword.internal.KeywordExecutor.executeKeywordForPlatform(KeywordExecutor.groovy:73)
	at com.kms.katalon.core.webui.keyword.WebUiBuiltInKeywords.verifyTextPresent(WebUiBuiltInKeywords.groovy:1723)
	at com.kms.katalon.core.webui.keyword.WebUiBuiltInKeywords$verifyTextPresent$3.call(Unknown Source)
	at ExistingLiability_MRF_TC.run(ExistingLiability_MRF_TC:74)
	at com.kms.katalon.core.main.ScriptEngine.run(ScriptEngine.java:194)
	at com.kms.katalon.core.main.ScriptEngine.runScriptAsRawText(ScriptEngine.java:119)
	at com.kms.katalon.core.main.TestCaseExecutor.runScript(TestCaseExecutor.java:369)
	at com.kms.katalon.core.main.TestCaseExecutor.doExecute(TestCaseExecutor.java:360)
	at com.kms.katalon.core.main.TestCaseExecutor.processExecutionPhase(TestCaseExecutor.java:339)
	at com.kms.katalon.core.main.TestCaseExecutor.accessMainPhase(TestCaseExecutor.java:331)
	at com.kms.katalon.core.main.TestCaseExecutor.execute(TestCaseExecutor.java:248)
	at com.kms.katalon.core.main.TestSuiteExecutor.accessTestCaseMainPhase(TestSuiteExecutor.java:191)
	at com.kms.katalon.core.main.TestSuiteExecutor.accessTestSuiteMainPhase(TestSuiteExecutor.java:140)
	at com.kms.katalon.core.main.TestSuiteExecutor.execute(TestSuiteExecutor.java:89)
	at com.kms.katalon.core.main.TestCaseMain.startTestSuite(TestCaseMain.java:185)
	at com.kms.katalon.core.main.TestCaseMain$startTestSuite$0.call(Unknown Source)
	at TempTestSuite1634874291072.run(TempTestSuite1634874291072.groovy:39)
)

2021-10-21 23:49:01 - [TEST_STEP][FAILED] - verifyTextPresent("Enter ZIP code", true): Text 'Enter ZIP code' is not present on page  using regular expression (Root cause: com.kms.katalon.core.exception.StepFailedException: Text 'Enter ZIP code' is not present on page  using regular expression
	at com.kms.katalon.core.webui.keyword.internal.WebUIKeywordMain.stepFailed(WebUIKeywordMain.groovy:64)
	at com.kms.katalon.core.webui.keyword.builtin.VerifyTextPresentKeyword$_verifyTextPresent_closure1.doCall(VerifyTextPresentKeyword.groovy:79)
	at com.kms.katalon.core.webui.keyword.builtin.VerifyTextPresentKeyword$_verifyTextPresent_closure1.call(VerifyTextPresentKeyword.groovy)
	at com.kms.katalon.core.webui.keyword.internal.WebUIKeywordMain.runKeyword(WebUIKeywordMain.groovy:20)
	at com.kms.katalon.core.webui.keyword.builtin.VerifyTextPresentKeyword.verifyTextPresent(VerifyTextPresentKeyword.groovy:83)
	at com.kms.katalon.core.webui.keyword.builtin.VerifyTextPresentKeyword.execute(VerifyTextPresentKeyword.groovy:68)
	at com.kms.katalon.core.keyword.internal.KeywordExecutor.executeKeywordForPlatform(KeywordExecutor.groovy:73)
	at com.kms.katalon.core.webui.keyword.WebUiBuiltInKeywords.verifyTextPresent(WebUiBuiltInKeywords.groovy:1723)
	at com.kms.katalon.core.webui.keyword.WebUiBuiltInKeywords$verifyTextPresent$3.call(Unknown Source)
	at ExistingLiability_MRF_TC.run(ExistingLiability_MRF_TC:76)
	at com.kms.katalon.core.main.ScriptEngine.run(ScriptEngine.java:194)
	at com.kms.katalon.core.main.ScriptEngine.runScriptAsRawText(ScriptEngine.java:119)
	at com.kms.katalon.core.main.TestCaseExecutor.runScript(TestCaseExecutor.java:369)
	at com.kms.katalon.core.main.TestCaseExecutor.doExecute(TestCaseExecutor.java:360)
	at com.kms.katalon.core.main.TestCaseExecutor.processExecutionPhase(TestCaseExecutor.java:339)
	at com.kms.katalon.core.main.TestCaseExecutor.accessMainPhase(TestCaseExecutor.java:331)
	at com.kms.katalon.core.main.TestCaseExecutor.execute(TestCaseExecutor.java:248)
	at com.kms.katalon.core.main.TestSuiteExecutor.accessTestCaseMainPhase(TestSuiteExecutor.java:191)
	at com.kms.katalon.core.main.TestSuiteExecutor.accessTestSuiteMainPhase(TestSuiteExecutor.java:140)
	at com.kms.katalon.core.main.TestSuiteExecutor.execute(TestSuiteExecutor.java:89)
	at com.kms.katalon.core.main.TestCaseMain.startTestSuite(TestCaseMain.java:185)
	at com.kms.katalon.core.main.TestCaseMain$startTestSuite$0.call(Unknown Source)
	at TempTestSuite1634874291072.run(TempTestSuite1634874291072.groovy:39)
)

2021-10-21 23:49:02 - [MESSAGE][FAILED] - Text 'Enter ZIP code' is not present on page  using regular expression (Root cause: com.kms.katalon.core.exception.StepFailedException: Text 'Enter ZIP code' is not present on page  using regular expression
	at com.kms.katalon.core.webui.keyword.internal.WebUIKeywordMain.stepFailed(WebUIKeywordMain.groovy:64)
	at com.kms.katalon.core.webui.keyword.builtin.VerifyTextPresentKeyword$_verifyTextPresent_closure1.doCall(VerifyTextPresentKeyword.groovy:79)
	at com.kms.katalon.core.webui.keyword.builtin.VerifyTextPresentKeyword$_verifyTextPresent_closure1.call(VerifyTextPresentKeyword.groovy)
	at com.kms.katalon.core.webui.keyword.internal.WebUIKeywordMain.runKeyword(WebUIKeywordMain.groovy:20)
	at com.kms.katalon.core.webui.keyword.builtin.VerifyTextPresentKeyword.verifyTextPresent(VerifyTextPresentKeyword.groovy:83)
	at com.kms.katalon.core.webui.keyword.builtin.VerifyTextPresentKeyword.execute(VerifyTextPresentKeyword.groovy:68)
	at com.kms.katalon.core.keyword.internal.KeywordExecutor.executeKeywordForPlatform(KeywordExecutor.groovy:73)
	at com.kms.katalon.core.webui.keyword.WebUiBuiltInKeywords.verifyTextPresent(WebUiBuiltInKeywords.groovy:1723)
	at com.kms.katalon.core.webui.keyword.WebUiBuiltInKeywords$verifyTextPresent$3.call(Unknown Source)
	at ExistingLiability_MRF_TC.run(ExistingLiability_MRF_TC:76)
	at com.kms.katalon.core.main.ScriptEngine.run(ScriptEngine.java:194)
	at com.kms.katalon.core.main.ScriptEngine.runScriptAsRawText(ScriptEngine.java:119)
	at com.kms.katalon.core.main.TestCaseExecutor.runScript(TestCaseExecutor.java:369)
	at com.kms.katalon.core.main.TestCaseExecutor.doExecute(TestCaseExecutor.java:360)
	at com.kms.katalon.core.main.TestCaseExecutor.processExecutionPhase(TestCaseExecutor.java:339)
	at com.kms.katalon.core.main.TestCaseExecutor.accessMainPhase(TestCaseExecutor.java:331)
	at com.kms.katalon.core.main.TestCaseExecutor.execute(TestCaseExecutor.java:248)
	at com.kms.katalon.core.main.TestSuiteExecutor.accessTestCaseMainPhase(TestSuiteExecutor.java:191)
	at com.kms.katalon.core.main.TestSuiteExecutor.accessTestSuiteMainPhase(TestSuiteExecutor.java:140)
	at com.kms.katalon.core.main.TestSuiteExecutor.execute(TestSuiteExecutor.java:89)
	at com.kms.katalon.core.main.TestCaseMain.startTestSuite(TestCaseMain.java:185)
	at com.kms.katalon.core.main.TestCaseMain$startTestSuite$0.call(Unknown Source)
	at TempTestSuite1634874291072.run(TempTestSuite1634874291072.groovy:39)
)

2021-10-21 23:49:02 - [TEST_STEP][FAILED] - verifyTextPresent("Enter a phone number", true): Text 'Enter a phone number' is not present on page  using regular expression (Root cause: com.kms.katalon.core.exception.StepFailedException: Text 'Enter a phone number' is not present on page  using regular expression
	at com.kms.katalon.core.webui.keyword.internal.WebUIKeywordMain.stepFailed(WebUIKeywordMain.groovy:64)
	at com.kms.katalon.core.webui.keyword.builtin.VerifyTextPresentKeyword$_verifyTextPresent_closure1.doCall(VerifyTextPresentKeyword.groovy:79)
	at com.kms.katalon.core.webui.keyword.builtin.VerifyTextPresentKeyword$_verifyTextPresent_closure1.call(VerifyTextPresentKeyword.groovy)
	at com.kms.katalon.core.webui.keyword.internal.WebUIKeywordMain.runKeyword(WebUIKeywordMain.groovy:20)
	at com.kms.katalon.core.webui.keyword.builtin.VerifyTextPresentKeyword.verifyTextPresent(VerifyTextPresentKeyword.groovy:83)
	at com.kms.katalon.core.webui.keyword.builtin.VerifyTextPresentKeyword.execute(VerifyTextPresentKeyword.groovy:68)
	at com.kms.katalon.core.keyword.internal.KeywordExecutor.executeKeywordForPlatform(KeywordExecutor.groovy:73)
	at com.kms.katalon.core.webui.keyword.WebUiBuiltInKeywords.verifyTextPresent(WebUiBuiltInKeywords.groovy:1723)
	at com.kms.katalon.core.webui.keyword.WebUiBuiltInKeywords$verifyTextPresent$3.call(Unknown Source)
	at ExistingLiability_MRF_TC.run(ExistingLiability_MRF_TC:78)
	at com.kms.katalon.core.main.ScriptEngine.run(ScriptEngine.java:194)
	at com.kms.katalon.core.main.ScriptEngine.runScriptAsRawText(ScriptEngine.java:119)
	at com.kms.katalon.core.main.TestCaseExecutor.runScript(TestCaseExecutor.java:369)
	at com.kms.katalon.core.main.TestCaseExecutor.doExecute(TestCaseExecutor.java:360)
	at com.kms.katalon.core.main.TestCaseExecutor.processExecutionPhase(TestCaseExecutor.java:339)
	at com.kms.katalon.core.main.TestCaseExecutor.accessMainPhase(TestCaseExecutor.java:331)
	at com.kms.katalon.core.main.TestCaseExecutor.execute(TestCaseExecutor.java:248)
	at com.kms.katalon.core.main.TestSuiteExecutor.accessTestCaseMainPhase(TestSuiteExecutor.java:191)
	at com.kms.katalon.core.main.TestSuiteExecutor.accessTestSuiteMainPhase(TestSuiteExecutor.java:140)
	at com.kms.katalon.core.main.TestSuiteExecutor.execute(TestSuiteExecutor.java:89)
	at com.kms.katalon.core.main.TestCaseMain.startTestSuite(TestCaseMain.java:185)
	at com.kms.katalon.core.main.TestCaseMain$startTestSuite$0.call(Unknown Source)
	at TempTestSuite1634874291072.run(TempTestSuite1634874291072.groovy:39)
)

2021-10-21 23:49:02 - [MESSAGE][FAILED] - Text 'Enter a phone number' is not present on page  using regular expression (Root cause: com.kms.katalon.core.exception.StepFailedException: Text 'Enter a phone number' is not present on page  using regular expression
	at com.kms.katalon.core.webui.keyword.internal.WebUIKeywordMain.stepFailed(WebUIKeywordMain.groovy:64)
	at com.kms.katalon.core.webui.keyword.builtin.VerifyTextPresentKeyword$_verifyTextPresent_closure1.doCall(VerifyTextPresentKeyword.groovy:79)
	at com.kms.katalon.core.webui.keyword.builtin.VerifyTextPresentKeyword$_verifyTextPresent_closure1.call(VerifyTextPresentKeyword.groovy)
	at com.kms.katalon.core.webui.keyword.internal.WebUIKeywordMain.runKeyword(WebUIKeywordMain.groovy:20)
	at com.kms.katalon.core.webui.keyword.builtin.VerifyTextPresentKeyword.verifyTextPresent(VerifyTextPresentKeyword.groovy:83)
	at com.kms.katalon.core.webui.keyword.builtin.VerifyTextPresentKeyword.execute(VerifyTextPresentKeyword.groovy:68)
	at com.kms.katalon.core.keyword.internal.KeywordExecutor.executeKeywordForPlatform(KeywordExecutor.groovy:73)
	at com.kms.katalon.core.webui.keyword.WebUiBuiltInKeywords.verifyTextPresent(WebUiBuiltInKeywords.groovy:1723)
	at com.kms.katalon.core.webui.keyword.WebUiBuiltInKeywords$verifyTextPresent$3.call(Unknown Source)
	at ExistingLiability_MRF_TC.run(ExistingLiability_MRF_TC:78)
	at com.kms.katalon.core.main.ScriptEngine.run(ScriptEngine.java:194)
	at com.kms.katalon.core.main.ScriptEngine.runScriptAsRawText(ScriptEngine.java:119)
	at com.kms.katalon.core.main.TestCaseExecutor.runScript(TestCaseExecutor.java:369)
	at com.kms.katalon.core.main.TestCaseExecutor.doExecute(TestCaseExecutor.java:360)
	at com.kms.katalon.core.main.TestCaseExecutor.processExecutionPhase(TestCaseExecutor.java:339)
	at com.kms.katalon.core.main.TestCaseExecutor.accessMainPhase(TestCaseExecutor.java:331)
	at com.kms.katalon.core.main.TestCaseExecutor.execute(TestCaseExecutor.java:248)
	at com.kms.katalon.core.main.TestSuiteExecutor.accessTestCaseMainPhase(TestSuiteExecutor.java:191)
	at com.kms.katalon.core.main.TestSuiteExecutor.accessTestSuiteMainPhase(TestSuiteExecutor.java:140)
	at com.kms.katalon.core.main.TestSuiteExecutor.execute(TestSuiteExecutor.java:89)
	at com.kms.katalon.core.main.TestCaseMain.startTestSuite(TestCaseMain.java:185)
	at com.kms.katalon.core.main.TestCaseMain$startTestSuite$0.call(Unknown Source)
	at TempTestSuite1634874291072.run(TempTestSuite1634874291072.groovy:39)
)

2021-10-21 23:49:02 - [TEST_STEP][FAILED] - verifyTextPresent("Enter Email", true): Text 'Enter Email' is not present on page  using regular expression (Root cause: com.kms.katalon.core.exception.StepFailedException: Text 'Enter Email' is not present on page  using regular expression
	at com.kms.katalon.core.webui.keyword.internal.WebUIKeywordMain.stepFailed(WebUIKeywordMain.groovy:64)
	at com.kms.katalon.core.webui.keyword.builtin.VerifyTextPresentKeyword$_verifyTextPresent_closure1.doCall(VerifyTextPresentKeyword.groovy:79)
	at com.kms.katalon.core.webui.keyword.builtin.VerifyTextPresentKeyword$_verifyTextPresent_closure1.call(VerifyTextPresentKeyword.groovy)
	at com.kms.katalon.core.webui.keyword.internal.WebUIKeywordMain.runKeyword(WebUIKeywordMain.groovy:20)
	at com.kms.katalon.core.webui.keyword.builtin.VerifyTextPresentKeyword.verifyTextPresent(VerifyTextPresentKeyword.groovy:83)
	at com.kms.katalon.core.webui.keyword.builtin.VerifyTextPresentKeyword.execute(VerifyTextPresentKeyword.groovy:68)
	at com.kms.katalon.core.keyword.internal.KeywordExecutor.executeKeywordForPlatform(KeywordExecutor.groovy:73)
	at com.kms.katalon.core.webui.keyword.WebUiBuiltInKeywords.verifyTextPresent(WebUiBuiltInKeywords.groovy:1723)
	at com.kms.katalon.core.webui.keyword.WebUiBuiltInKeywords$verifyTextPresent$3.call(Unknown Source)
	at ExistingLiability_MRF_TC.run(ExistingLiability_MRF_TC:80)
	at com.kms.katalon.core.main.ScriptEngine.run(ScriptEngine.java:194)
	at com.kms.katalon.core.main.ScriptEngine.runScriptAsRawText(ScriptEngine.java:119)
	at com.kms.katalon.core.main.TestCaseExecutor.runScript(TestCaseExecutor.java:369)
	at com.kms.katalon.core.main.TestCaseExecutor.doExecute(TestCaseExecutor.java:360)
	at com.kms.katalon.core.main.TestCaseExecutor.processExecutionPhase(TestCaseExecutor.java:339)
	at com.kms.katalon.core.main.TestCaseExecutor.accessMainPhase(TestCaseExecutor.java:331)
	at com.kms.katalon.core.main.TestCaseExecutor.execute(TestCaseExecutor.java:248)
	at com.kms.katalon.core.main.TestSuiteExecutor.accessTestCaseMainPhase(TestSuiteExecutor.java:191)
	at com.kms.katalon.core.main.TestSuiteExecutor.accessTestSuiteMainPhase(TestSuiteExecutor.java:140)
	at com.kms.katalon.core.main.TestSuiteExecutor.execute(TestSuiteExecutor.java:89)
	at com.kms.katalon.core.main.TestCaseMain.startTestSuite(TestCaseMain.java:185)
	at com.kms.katalon.core.main.TestCaseMain$startTestSuite$0.call(Unknown Source)
	at TempTestSuite1634874291072.run(TempTestSuite1634874291072.groovy:39)
)

2021-10-21 23:49:02 - [MESSAGE][FAILED] - Text 'Enter Email' is not present on page  using regular expression (Root cause: com.kms.katalon.core.exception.StepFailedException: Text 'Enter Email' is not present on page  using regular expression
	at com.kms.katalon.core.webui.keyword.internal.WebUIKeywordMain.stepFailed(WebUIKeywordMain.groovy:64)
	at com.kms.katalon.core.webui.keyword.builtin.VerifyTextPresentKeyword$_verifyTextPresent_closure1.doCall(VerifyTextPresentKeyword.groovy:79)
	at com.kms.katalon.core.webui.keyword.builtin.VerifyTextPresentKeyword$_verifyTextPresent_closure1.call(VerifyTextPresentKeyword.groovy)
	at com.kms.katalon.core.webui.keyword.internal.WebUIKeywordMain.runKeyword(WebUIKeywordMain.groovy:20)
	at com.kms.katalon.core.webui.keyword.builtin.VerifyTextPresentKeyword.verifyTextPresent(VerifyTextPresentKeyword.groovy:83)
	at com.kms.katalon.core.webui.keyword.builtin.VerifyTextPresentKeyword.execute(VerifyTextPresentKeyword.groovy:68)
	at com.kms.katalon.core.keyword.internal.KeywordExecutor.executeKeywordForPlatform(KeywordExecutor.groovy:73)
	at com.kms.katalon.core.webui.keyword.WebUiBuiltInKeywords.verifyTextPresent(WebUiBuiltInKeywords.groovy:1723)
	at com.kms.katalon.core.webui.keyword.WebUiBuiltInKeywords$verifyTextPresent$3.call(Unknown Source)
	at ExistingLiability_MRF_TC.run(ExistingLiability_MRF_TC:80)
	at com.kms.katalon.core.main.ScriptEngine.run(ScriptEngine.java:194)
	at com.kms.katalon.core.main.ScriptEngine.runScriptAsRawText(ScriptEngine.java:119)
	at com.kms.katalon.core.main.TestCaseExecutor.runScript(TestCaseExecutor.java:369)
	at com.kms.katalon.core.main.TestCaseExecutor.doExecute(TestCaseExecutor.java:360)
	at com.kms.katalon.core.main.TestCaseExecutor.processExecutionPhase(TestCaseExecutor.java:339)
	at com.kms.katalon.core.main.TestCaseExecutor.accessMainPhase(TestCaseExecutor.java:331)
	at com.kms.katalon.core.main.TestCaseExecutor.execute(TestCaseExecutor.java:248)
	at com.kms.katalon.core.main.TestSuiteExecutor.accessTestCaseMainPhase(TestSuiteExecutor.java:191)
	at com.kms.katalon.core.main.TestSuiteExecutor.accessTestSuiteMainPhase(TestSuiteExecutor.java:140)
	at com.kms.katalon.core.main.TestSuiteExecutor.execute(TestSuiteExecutor.java:89)
	at com.kms.katalon.core.main.TestCaseMain.startTestSuite(TestCaseMain.java:185)
	at com.kms.katalon.core.main.TestCaseMain$startTestSuite$0.call(Unknown Source)
	at TempTestSuite1634874291072.run(TempTestSuite1634874291072.groovy:39)
)

2021-10-21 23:49:02 - [TEST_STEP][FAILED] - verifyTextPresent("The Email and Re-enter email do not match", true): Text 'The Email and Re-enter email do not match' is not present on page  using regular expression (Root cause: com.kms.katalon.core.exception.StepFailedException: Text 'The Email and Re-enter email do not match' is not present on page  using regular expression
	at com.kms.katalon.core.webui.keyword.internal.WebUIKeywordMain.stepFailed(WebUIKeywordMain.groovy:64)
	at com.kms.katalon.core.webui.keyword.builtin.VerifyTextPresentKeyword$_verifyTextPresent_closure1.doCall(VerifyTextPresentKeyword.groovy:79)
	at com.kms.katalon.core.webui.keyword.builtin.VerifyTextPresentKeyword$_verifyTextPresent_closure1.call(VerifyTextPresentKeyword.groovy)
	at com.kms.katalon.core.webui.keyword.internal.WebUIKeywordMain.runKeyword(WebUIKeywordMain.groovy:20)
	at com.kms.katalon.core.webui.keyword.builtin.VerifyTextPresentKeyword.verifyTextPresent(VerifyTextPresentKeyword.groovy:83)
	at com.kms.katalon.core.webui.keyword.builtin.VerifyTextPresentKeyword.execute(VerifyTextPresentKeyword.groovy:68)
	at com.kms.katalon.core.keyword.internal.KeywordExecutor.executeKeywordForPlatform(KeywordExecutor.groovy:73)
	at com.kms.katalon.core.webui.keyword.WebUiBuiltInKeywords.verifyTextPresent(WebUiBuiltInKeywords.groovy:1723)
	at com.kms.katalon.core.webui.keyword.WebUiBuiltInKeywords$verifyTextPresent$3.call(Unknown Source)
	at ExistingLiability_MRF_TC.run(ExistingLiability_MRF_TC:82)
	at com.kms.katalon.core.main.ScriptEngine.run(ScriptEngine.java:194)
	at com.kms.katalon.core.main.ScriptEngine.runScriptAsRawText(ScriptEngine.java:119)
	at com.kms.katalon.core.main.TestCaseExecutor.runScript(TestCaseExecutor.java:369)
	at com.kms.katalon.core.main.TestCaseExecutor.doExecute(TestCaseExecutor.java:360)
	at com.kms.katalon.core.main.TestCaseExecutor.processExecutionPhase(TestCaseExecutor.java:339)
	at com.kms.katalon.core.main.TestCaseExecutor.accessMainPhase(TestCaseExecutor.java:331)
	at com.kms.katalon.core.main.TestCaseExecutor.execute(TestCaseExecutor.java:248)
	at com.kms.katalon.core.main.TestSuiteExecutor.accessTestCaseMainPhase(TestSuiteExecutor.java:191)
	at com.kms.katalon.core.main.TestSuiteExecutor.accessTestSuiteMainPhase(TestSuiteExecutor.java:140)
	at com.kms.katalon.core.main.TestSuiteExecutor.execute(TestSuiteExecutor.java:89)
	at com.kms.katalon.core.main.TestCaseMain.startTestSuite(TestCaseMain.java:185)
	at com.kms.katalon.core.main.TestCaseMain$startTestSuite$0.call(Unknown Source)
	at TempTestSuite1634874291072.run(TempTestSuite1634874291072.groovy:39)
)

2021-10-21 23:49:03 - [MESSAGE][FAILED] - Text 'The Email and Re-enter email do not match' is not present on page  using regular expression (Root cause: com.kms.katalon.core.exception.StepFailedException: Text 'The Email and Re-enter email do not match' is not present on page  using regular expression
	at com.kms.katalon.core.webui.keyword.internal.WebUIKeywordMain.stepFailed(WebUIKeywordMain.groovy:64)
	at com.kms.katalon.core.webui.keyword.builtin.VerifyTextPresentKeyword$_verifyTextPresent_closure1.doCall(VerifyTextPresentKeyword.groovy:79)
	at com.kms.katalon.core.webui.keyword.builtin.VerifyTextPresentKeyword$_verifyTextPresent_closure1.call(VerifyTextPresentKeyword.groovy)
	at com.kms.katalon.core.webui.keyword.internal.WebUIKeywordMain.runKeyword(WebUIKeywordMain.groovy:20)
	at com.kms.katalon.core.webui.keyword.builtin.VerifyTextPresentKeyword.verifyTextPresent(VerifyTextPresentKeyword.groovy:83)
	at com.kms.katalon.core.webui.keyword.builtin.VerifyTextPresentKeyword.execute(VerifyTextPresentKeyword.groovy:68)
	at com.kms.katalon.core.keyword.internal.KeywordExecutor.executeKeywordForPlatform(KeywordExecutor.groovy:73)
	at com.kms.katalon.core.webui.keyword.WebUiBuiltInKeywords.verifyTextPresent(WebUiBuiltInKeywords.groovy:1723)
	at com.kms.katalon.core.webui.keyword.WebUiBuiltInKeywords$verifyTextPresent$3.call(Unknown Source)
	at ExistingLiability_MRF_TC.run(ExistingLiability_MRF_TC:82)
	at com.kms.katalon.core.main.ScriptEngine.run(ScriptEngine.java:194)
	at com.kms.katalon.core.main.ScriptEngine.runScriptAsRawText(ScriptEngine.java:119)
	at com.kms.katalon.core.main.TestCaseExecutor.runScript(TestCaseExecutor.java:369)
	at com.kms.katalon.core.main.TestCaseExecutor.doExecute(TestCaseExecutor.java:360)
	at com.kms.katalon.core.main.TestCaseExecutor.processExecutionPhase(TestCaseExecutor.java:339)
	at com.kms.katalon.core.main.TestCaseExecutor.accessMainPhase(TestCaseExecutor.java:331)
	at com.kms.katalon.core.main.TestCaseExecutor.execute(TestCaseExecutor.java:248)
	at com.kms.katalon.core.main.TestSuiteExecutor.accessTestCaseMainPhase(TestSuiteExecutor.java:191)
	at com.kms.katalon.core.main.TestSuiteExecutor.accessTestSuiteMainPhase(TestSuiteExecutor.java:140)
	at com.kms.katalon.core.main.TestSuiteExecutor.execute(TestSuiteExecutor.java:89)
	at com.kms.katalon.core.main.TestCaseMain.startTestSuite(TestCaseMain.java:185)
	at com.kms.katalon.core.main.TestCaseMain$startTestSuite$0.call(Unknown Source)
	at TempTestSuite1634874291072.run(TempTestSuite1634874291072.groovy:39)
)

2021-10-21 23:49:03 - [TEST_STEP][FAILED] - verifyTextPresent("Enter notice number", true): Text 'Enter notice number' is not present on page  using regular expression (Root cause: com.kms.katalon.core.exception.StepFailedException: Text 'Enter notice number' is not present on page  using regular expression
	at com.kms.katalon.core.webui.keyword.internal.WebUIKeywordMain.stepFailed(WebUIKeywordMain.groovy:64)
	at com.kms.katalon.core.webui.keyword.builtin.VerifyTextPresentKeyword$_verifyTextPresent_closure1.doCall(VerifyTextPresentKeyword.groovy:79)
	at com.kms.katalon.core.webui.keyword.builtin.VerifyTextPresentKeyword$_verifyTextPresent_closure1.call(VerifyTextPresentKeyword.groovy)
	at com.kms.katalon.core.webui.keyword.internal.WebUIKeywordMain.runKeyword(WebUIKeywordMain.groovy:20)
	at com.kms.katalon.core.webui.keyword.builtin.VerifyTextPresentKeyword.verifyTextPresent(VerifyTextPresentKeyword.groovy:83)
	at com.kms.katalon.core.webui.keyword.builtin.VerifyTextPresentKeyword.execute(VerifyTextPresentKeyword.groovy:68)
	at com.kms.katalon.core.keyword.internal.KeywordExecutor.executeKeywordForPlatform(KeywordExecutor.groovy:73)
	at com.kms.katalon.core.webui.keyword.WebUiBuiltInKeywords.verifyTextPresent(WebUiBuiltInKeywords.groovy:1723)
	at com.kms.katalon.core.webui.keyword.WebUiBuiltInKeywords$verifyTextPresent$3.call(Unknown Source)
	at ExistingLiability_MRF_TC.run(ExistingLiability_MRF_TC:87)
	at com.kms.katalon.core.main.ScriptEngine.run(ScriptEngine.java:194)
	at com.kms.katalon.core.main.ScriptEngine.runScriptAsRawText(ScriptEngine.java:119)
	at com.kms.katalon.core.main.TestCaseExecutor.runScript(TestCaseExecutor.java:369)
	at com.kms.katalon.core.main.TestCaseExecutor.doExecute(TestCaseExecutor.java:360)
	at com.kms.katalon.core.main.TestCaseExecutor.processExecutionPhase(TestCaseExecutor.java:339)
	at com.kms.katalon.core.main.TestCaseExecutor.accessMainPhase(TestCaseExecutor.java:331)
	at com.kms.katalon.core.main.TestCaseExecutor.execute(TestCaseExecutor.java:248)
	at com.kms.katalon.core.main.TestSuiteExecutor.accessTestCaseMainPhase(TestSuiteExecutor.java:191)
	at com.kms.katalon.core.main.TestSuiteExecutor.accessTestSuiteMainPhase(TestSuiteExecutor.java:140)
	at com.kms.katalon.core.main.TestSuiteExecutor.execute(TestSuiteExecutor.java:89)
	at com.kms.katalon.core.main.TestCaseMain.startTestSuite(TestCaseMain.java:185)
	at com.kms.katalon.core.main.TestCaseMain$startTestSuite$0.call(Unknown Source)
	at TempTestSuite1634874291072.run(TempTestSuite1634874291072.groovy:39)
)

2021-10-21 23:49:03 - [MESSAGE][FAILED] - Text 'Enter notice number' is not present on page  using regular expression (Root cause: com.kms.katalon.core.exception.StepFailedException: Text 'Enter notice number' is not present on page  using regular expression
	at com.kms.katalon.core.webui.keyword.internal.WebUIKeywordMain.stepFailed(WebUIKeywordMain.groovy:64)
	at com.kms.katalon.core.webui.keyword.builtin.VerifyTextPresentKeyword$_verifyTextPresent_closure1.doCall(VerifyTextPresentKeyword.groovy:79)
	at com.kms.katalon.core.webui.keyword.builtin.VerifyTextPresentKeyword$_verifyTextPresent_closure1.call(VerifyTextPresentKeyword.groovy)
	at com.kms.katalon.core.webui.keyword.internal.WebUIKeywordMain.runKeyword(WebUIKeywordMain.groovy:20)
	at com.kms.katalon.core.webui.keyword.builtin.VerifyTextPresentKeyword.verifyTextPresent(VerifyTextPresentKeyword.groovy:83)
	at com.kms.katalon.core.webui.keyword.builtin.VerifyTextPresentKeyword.execute(VerifyTextPresentKeyword.groovy:68)
	at com.kms.katalon.core.keyword.internal.KeywordExecutor.executeKeywordForPlatform(KeywordExecutor.groovy:73)
	at com.kms.katalon.core.webui.keyword.WebUiBuiltInKeywords.verifyTextPresent(WebUiBuiltInKeywords.groovy:1723)
	at com.kms.katalon.core.webui.keyword.WebUiBuiltInKeywords$verifyTextPresent$3.call(Unknown Source)
	at ExistingLiability_MRF_TC.run(ExistingLiability_MRF_TC:87)
	at com.kms.katalon.core.main.ScriptEngine.run(ScriptEngine.java:194)
	at com.kms.katalon.core.main.ScriptEngine.runScriptAsRawText(ScriptEngine.java:119)
	at com.kms.katalon.core.main.TestCaseExecutor.runScript(TestCaseExecutor.java:369)
	at com.kms.katalon.core.main.TestCaseExecutor.doExecute(TestCaseExecutor.java:360)
	at com.kms.katalon.core.main.TestCaseExecutor.processExecutionPhase(TestCaseExecutor.java:339)
	at com.kms.katalon.core.main.TestCaseExecutor.accessMainPhase(TestCaseExecutor.java:331)
	at com.kms.katalon.core.main.TestCaseExecutor.execute(TestCaseExecutor.java:248)
	at com.kms.katalon.core.main.TestSuiteExecutor.accessTestCaseMainPhase(TestSuiteExecutor.java:191)
	at com.kms.katalon.core.main.TestSuiteExecutor.accessTestSuiteMainPhase(TestSuiteExecutor.java:140)
	at com.kms.katalon.core.main.TestSuiteExecutor.execute(TestSuiteExecutor.java:89)
	at com.kms.katalon.core.main.TestCaseMain.startTestSuite(TestCaseMain.java:185)
	at com.kms.katalon.core.main.TestCaseMain$startTestSuite$0.call(Unknown Source)
	at TempTestSuite1634874291072.run(TempTestSuite1634874291072.groovy:39)
)

2021-10-21 23:49:03 - [TEST_STEP][FAILED] - verifyTextPresent("The notice number and Re-Type notice number do not match", true): Text 'The notice number and Re-Type notice number do not match' is not present on page  using regular expression (Root cause: com.kms.katalon.core.exception.StepFailedException: Text 'The notice number and Re-Type notice number do not match' is not present on page  using regular expression
	at com.kms.katalon.core.webui.keyword.internal.WebUIKeywordMain.stepFailed(WebUIKeywordMain.groovy:64)
	at com.kms.katalon.core.webui.keyword.builtin.VerifyTextPresentKeyword$_verifyTextPresent_closure1.doCall(VerifyTextPresentKeyword.groovy:79)
	at com.kms.katalon.core.webui.keyword.builtin.VerifyTextPresentKeyword$_verifyTextPresent_closure1.call(VerifyTextPresentKeyword.groovy)
	at com.kms.katalon.core.webui.keyword.internal.WebUIKeywordMain.runKeyword(WebUIKeywordMain.groovy:20)
	at com.kms.katalon.core.webui.keyword.builtin.VerifyTextPresentKeyword.verifyTextPresent(VerifyTextPresentKeyword.groovy:83)
	at com.kms.katalon.core.webui.keyword.builtin.VerifyTextPresentKeyword.execute(VerifyTextPresentKeyword.groovy:68)
	at com.kms.katalon.core.keyword.internal.KeywordExecutor.executeKeywordForPlatform(KeywordExecutor.groovy:73)
	at com.kms.katalon.core.webui.keyword.WebUiBuiltInKeywords.verifyTextPresent(WebUiBuiltInKeywords.groovy:1723)
	at com.kms.katalon.core.webui.keyword.WebUiBuiltInKeywords$verifyTextPresent$3.call(Unknown Source)
	at ExistingLiability_MRF_TC.run(ExistingLiability_MRF_TC:89)
	at com.kms.katalon.core.main.ScriptEngine.run(ScriptEngine.java:194)
	at com.kms.katalon.core.main.ScriptEngine.runScriptAsRawText(ScriptEngine.java:119)
	at com.kms.katalon.core.main.TestCaseExecutor.runScript(TestCaseExecutor.java:369)
	at com.kms.katalon.core.main.TestCaseExecutor.doExecute(TestCaseExecutor.java:360)
	at com.kms.katalon.core.main.TestCaseExecutor.processExecutionPhase(TestCaseExecutor.java:339)
	at com.kms.katalon.core.main.TestCaseExecutor.accessMainPhase(TestCaseExecutor.java:331)
	at com.kms.katalon.core.main.TestCaseExecutor.execute(TestCaseExecutor.java:248)
	at com.kms.katalon.core.main.TestSuiteExecutor.accessTestCaseMainPhase(TestSuiteExecutor.java:191)
	at com.kms.katalon.core.main.TestSuiteExecutor.accessTestSuiteMainPhase(TestSuiteExecutor.java:140)
	at com.kms.katalon.core.main.TestSuiteExecutor.execute(TestSuiteExecutor.java:89)
	at com.kms.katalon.core.main.TestCaseMain.startTestSuite(TestCaseMain.java:185)
	at com.kms.katalon.core.main.TestCaseMain$startTestSuite$0.call(Unknown Source)
	at TempTestSuite1634874291072.run(TempTestSuite1634874291072.groovy:39)
)

2021-10-21 23:49:04 - [MESSAGE][FAILED] - Text 'The notice number and Re-Type notice number do not match' is not present on page  using regular expression (Root cause: com.kms.katalon.core.exception.StepFailedException: Text 'The notice number and Re-Type notice number do not match' is not present on page  using regular expression
	at com.kms.katalon.core.webui.keyword.internal.WebUIKeywordMain.stepFailed(WebUIKeywordMain.groovy:64)
	at com.kms.katalon.core.webui.keyword.builtin.VerifyTextPresentKeyword$_verifyTextPresent_closure1.doCall(VerifyTextPresentKeyword.groovy:79)
	at com.kms.katalon.core.webui.keyword.builtin.VerifyTextPresentKeyword$_verifyTextPresent_closure1.call(VerifyTextPresentKeyword.groovy)
	at com.kms.katalon.core.webui.keyword.internal.WebUIKeywordMain.runKeyword(WebUIKeywordMain.groovy:20)
	at com.kms.katalon.core.webui.keyword.builtin.VerifyTextPresentKeyword.verifyTextPresent(VerifyTextPresentKeyword.groovy:83)
	at com.kms.katalon.core.webui.keyword.builtin.VerifyTextPresentKeyword.execute(VerifyTextPresentKeyword.groovy:68)
	at com.kms.katalon.core.keyword.internal.KeywordExecutor.executeKeywordForPlatform(KeywordExecutor.groovy:73)
	at com.kms.katalon.core.webui.keyword.WebUiBuiltInKeywords.verifyTextPresent(WebUiBuiltInKeywords.groovy:1723)
	at com.kms.katalon.core.webui.keyword.WebUiBuiltInKeywords$verifyTextPresent$3.call(Unknown Source)
	at ExistingLiability_MRF_TC.run(ExistingLiability_MRF_TC:89)
	at com.kms.katalon.core.main.ScriptEngine.run(ScriptEngine.java:194)
	at com.kms.katalon.core.main.ScriptEngine.runScriptAsRawText(ScriptEngine.java:119)
	at com.kms.katalon.core.main.TestCaseExecutor.runScript(TestCaseExecutor.java:369)
	at com.kms.katalon.core.main.TestCaseExecutor.doExecute(TestCaseExecutor.java:360)
	at com.kms.katalon.core.main.TestCaseExecutor.processExecutionPhase(TestCaseExecutor.java:339)
	at com.kms.katalon.core.main.TestCaseExecutor.accessMainPhase(TestCaseExecutor.java:331)
	at com.kms.katalon.core.main.TestCaseExecutor.execute(TestCaseExecutor.java:248)
	at com.kms.katalon.core.main.TestSuiteExecutor.accessTestCaseMainPhase(TestSuiteExecutor.java:191)
	at com.kms.katalon.core.main.TestSuiteExecutor.accessTestSuiteMainPhase(TestSuiteExecutor.java:140)
	at com.kms.katalon.core.main.TestSuiteExecutor.execute(TestSuiteExecutor.java:89)
	at com.kms.katalon.core.main.TestCaseMain.startTestSuite(TestCaseMain.java:185)
	at com.kms.katalon.core.main.TestCaseMain$startTestSuite$0.call(Unknown Source)
	at TempTestSuite1634874291072.run(TempTestSuite1634874291072.groovy:39)
)

2021-10-21 23:49:04 - [TEST_STEP][FAILED] - verifyTextPresent("Payment amount must be greater than zero and less than 10,000,000", true): Text 'Payment amount must be greater than zero and less than 10,000,000' is not present on page  using regular expression (Root cause: com.kms.katalon.core.exception.StepFailedException: Text 'Payment amount must be greater than zero and less than 10,000,000' is not present on page  using regular expression
	at com.kms.katalon.core.webui.keyword.internal.WebUIKeywordMain.stepFailed(WebUIKeywordMain.groovy:64)
	at com.kms.katalon.core.webui.keyword.builtin.VerifyTextPresentKeyword$_verifyTextPresent_closure1.doCall(VerifyTextPresentKeyword.groovy:79)
	at com.kms.katalon.core.webui.keyword.builtin.VerifyTextPresentKeyword$_verifyTextPresent_closure1.call(VerifyTextPresentKeyword.groovy)
	at com.kms.katalon.core.webui.keyword.internal.WebUIKeywordMain.runKeyword(WebUIKeywordMain.groovy:20)
	at com.kms.katalon.core.webui.keyword.builtin.VerifyTextPresentKeyword.verifyTextPresent(VerifyTextPresentKeyword.groovy:83)
	at com.kms.katalon.core.webui.keyword.builtin.VerifyTextPresentKeyword.execute(VerifyTextPresentKeyword.groovy:68)
	at com.kms.katalon.core.keyword.internal.KeywordExecutor.executeKeywordForPlatform(KeywordExecutor.groovy:73)
	at com.kms.katalon.core.webui.keyword.WebUiBuiltInKeywords.verifyTextPresent(WebUiBuiltInKeywords.groovy:1723)
	at com.kms.katalon.core.webui.keyword.WebUiBuiltInKeywords$verifyTextPresent$3.call(Unknown Source)
	at ExistingLiability_MRF_TC.run(ExistingLiability_MRF_TC:98)
	at com.kms.katalon.core.main.ScriptEngine.run(ScriptEngine.java:194)
	at com.kms.katalon.core.main.ScriptEngine.runScriptAsRawText(ScriptEngine.java:119)
	at com.kms.katalon.core.main.TestCaseExecutor.runScript(TestCaseExecutor.java:369)
	at com.kms.katalon.core.main.TestCaseExecutor.doExecute(TestCaseExecutor.java:360)
	at com.kms.katalon.core.main.TestCaseExecutor.processExecutionPhase(TestCaseExecutor.java:339)
	at com.kms.katalon.core.main.TestCaseExecutor.accessMainPhase(TestCaseExecutor.java:331)
	at com.kms.katalon.core.main.TestCaseExecutor.execute(TestCaseExecutor.java:248)
	at com.kms.katalon.core.main.TestSuiteExecutor.accessTestCaseMainPhase(TestSuiteExecutor.java:191)
	at com.kms.katalon.core.main.TestSuiteExecutor.accessTestSuiteMainPhase(TestSuiteExecutor.java:140)
	at com.kms.katalon.core.main.TestSuiteExecutor.execute(TestSuiteExecutor.java:89)
	at com.kms.katalon.core.main.TestCaseMain.startTestSuite(TestCaseMain.java:185)
	at com.kms.katalon.core.main.TestCaseMain$startTestSuite$0.call(Unknown Source)
	at TempTestSuite1634874291072.run(TempTestSuite1634874291072.groovy:39)
)

2021-10-21 23:49:04 - [MESSAGE][FAILED] - Text 'Payment amount must be greater than zero and less than 10,000,000' is not present on page  using regular expression (Root cause: com.kms.katalon.core.exception.StepFailedException: Text 'Payment amount must be greater than zero and less than 10,000,000' is not present on page  using regular expression
	at com.kms.katalon.core.webui.keyword.internal.WebUIKeywordMain.stepFailed(WebUIKeywordMain.groovy:64)
	at com.kms.katalon.core.webui.keyword.builtin.VerifyTextPresentKeyword$_verifyTextPresent_closure1.doCall(VerifyTextPresentKeyword.groovy:79)
	at com.kms.katalon.core.webui.keyword.builtin.VerifyTextPresentKeyword$_verifyTextPresent_closure1.call(VerifyTextPresentKeyword.groovy)
	at com.kms.katalon.core.webui.keyword.internal.WebUIKeywordMain.runKeyword(WebUIKeywordMain.groovy:20)
	at com.kms.katalon.core.webui.keyword.builtin.VerifyTextPresentKeyword.verifyTextPresent(VerifyTextPresentKeyword.groovy:83)
	at com.kms.katalon.core.webui.keyword.builtin.VerifyTextPresentKeyword.execute(VerifyTextPresentKeyword.groovy:68)
	at com.kms.katalon.core.keyword.internal.KeywordExecutor.executeKeywordForPlatform(KeywordExecutor.groovy:73)
	at com.kms.katalon.core.webui.keyword.WebUiBuiltInKeywords.verifyTextPresent(WebUiBuiltInKeywords.groovy:1723)
	at com.kms.katalon.core.webui.keyword.WebUiBuiltInKeywords$verifyTextPresent$3.call(Unknown Source)
	at ExistingLiability_MRF_TC.run(ExistingLiability_MRF_TC:98)
	at com.kms.katalon.core.main.ScriptEngine.run(ScriptEngine.java:194)
	at com.kms.katalon.core.main.ScriptEngine.runScriptAsRawText(ScriptEngine.java:119)
	at com.kms.katalon.core.main.TestCaseExecutor.runScript(TestCaseExecutor.java:369)
	at com.kms.katalon.core.main.TestCaseExecutor.doExecute(TestCaseExecutor.java:360)
	at com.kms.katalon.core.main.TestCaseExecutor.processExecutionPhase(TestCaseExecutor.java:339)
	at com.kms.katalon.core.main.TestCaseExecutor.accessMainPhase(TestCaseExecutor.java:331)
	at com.kms.katalon.core.main.TestCaseExecutor.execute(TestCaseExecutor.java:248)
	at com.kms.katalon.core.main.TestSuiteExecutor.accessTestCaseMainPhase(TestSuiteExecutor.java:191)
	at com.kms.katalon.core.main.TestSuiteExecutor.accessTestSuiteMainPhase(TestSuiteExecutor.java:140)
	at com.kms.katalon.core.main.TestSuiteExecutor.execute(TestSuiteExecutor.java:89)
	at com.kms.katalon.core.main.TestCaseMain.startTestSuite(TestCaseMain.java:185)
	at com.kms.katalon.core.main.TestCaseMain$startTestSuite$0.call(Unknown Source)
	at TempTestSuite1634874291072.run(TempTestSuite1634874291072.groovy:39)
)]]></system-out>
         <system-err><![CDATA[2021-10-21 23:48:49 - [TEST_CASE][FAILED] - Test Cases/RAD_TestCases/MRF_TestCases/ExistingLiability_MRF_TC: Test Cases/RAD_TestCases/MRF_TestCases/ExistingLiability_MRF_TC FAILED.
Reason:
com.kms.katalon.core.exception.StepFailedException: Unable to click on object 'Object Repository/RAD_Pages/Landing_Page/button_Continue' (Root cause: com.kms.katalon.core.exception.StepFailedException: Unable to click on object 'Object Repository/RAD_Pages/Landing_Page/button_Continue'
	at com.kms.katalon.core.webui.keyword.internal.WebUIKeywordMain.stepFailed(WebUIKeywordMain.groovy:64)
	at com.kms.katalon.core.webui.keyword.internal.WebUIKeywordMain.runKeyword(WebUIKeywordMain.groovy:26)
	at com.kms.katalon.core.webui.keyword.builtin.ClickKeyword.click(ClickKeyword.groovy:75)
	at com.kms.katalon.core.webui.keyword.builtin.ClickKeyword.execute(ClickKeyword.groovy:42)
	at com.kms.katalon.core.keyword.internal.KeywordExecutor.executeKeywordForPlatform(KeywordExecutor.groovy:73)
	at com.kms.katalon.core.webui.keyword.WebUiBuiltInKeywords.click(WebUiBuiltInKeywords.groovy:620)
	at com.kms.katalon.core.webui.keyword.WebUiBuiltInKeywords$click$10.call(Unknown Source)
	at ExistingLiability_MRF_TC.run(ExistingLiability_MRF_TC:41)
	at com.kms.katalon.core.main.ScriptEngine.run(ScriptEngine.java:194)
	at com.kms.katalon.core.main.ScriptEngine.runScriptAsRawText(ScriptEngine.java:119)
	at com.kms.katalon.core.main.TestCaseExecutor.runScript(TestCaseExecutor.java:369)
	at com.kms.katalon.core.main.TestCaseExecutor.doExecute(TestCaseExecutor.java:360)
	at com.kms.katalon.core.main.TestCaseExecutor.processExecutionPhase(TestCaseExecutor.java:339)
	at com.kms.katalon.core.main.TestCaseExecutor.accessMainPhase(TestCaseExecutor.java:331)
	at com.kms.katalon.core.main.TestCaseExecutor.execute(TestCaseExecutor.java:248)
	at com.kms.katalon.core.main.TestSuiteExecutor.accessTestCaseMainPhase(TestSuiteExecutor.java:191)
	at com.kms.katalon.core.main.TestSuiteExecutor.accessTestSuiteMainPhase(TestSuiteExecutor.java:140)
	at com.kms.katalon.core.main.TestSuiteExecutor.execute(TestSuiteExecutor.java:89)
	at com.kms.katalon.core.main.TestCaseMain.startTestSuite(TestCaseMain.java:185)
	at com.kms.katalon.core.main.TestCaseMain$startTestSuite$0.call(Unknown Source)
	at TempTestSuite1634874291072.run(TempTestSuite1634874291072.groovy:39)
Caused by: org.openqa.selenium.ElementClickInterceptedException: element click intercepted: Element <button class="btn btn-primary float-end w-auto disablecontinue" disabled="">...</button> is not clickable at point (1077, 641). Other element would receive the click: <div class="w-100 mt-auto pt-3">...</div>
  (Session info: chrome=95.0.4638.54)
Build info: version: '3.141.59', revision: 'e82be7d358', time: '2018-11-14T08:25:53'
System info: host: 'DESKTOP-B2QI6NS', ip: '172.30.2.167', os.name: 'Windows 10', os.arch: 'amd64', os.version: '10.0', java.version: '1.8.0_181'
Driver info: com.kms.katalon.core.webui.driver.ExistingRemoteWebDriver
Capabilities {javascriptEnabled: true, platform: ANY, platformName: ANY}
Session ID: a98d1b37a7782fa34c6e787ca58aacdc
	at org.openqa.selenium.remote.http.W3CHttpResponseCodec.createException(W3CHttpResponseCodec.java:187)
	at org.openqa.selenium.remote.http.W3CHttpResponseCodec.decode(W3CHttpResponseCodec.java:122)
	at org.openqa.selenium.remote.http.W3CHttpResponseCodec.decode(W3CHttpResponseCodec.java:49)
	at org.openqa.selenium.remote.HttpCommandExecutor.execute(HttpCommandExecutor.java:158)
	at org.openqa.selenium.remote.RemoteWebDriver.execute(RemoteWebDriver.java:552)
	at com.kms.katalon.core.webui.driver.ExistingRemoteWebDriver.execute(ExistingRemoteWebDriver.java:108)
	at org.openqa.selenium.remote.RemoteWebElement.execute(RemoteWebElement.java:285)
	at org.openqa.selenium.remote.RemoteWebElement.click(RemoteWebElement.java:84)
	at org.openqa.selenium.support.events.EventFiringWebDriver$EventFiringWebElement.lambda$new$0(EventFiringWebDriver.java:404)
	at com.sun.proxy.$Proxy11.click(Unknown Source)
	at org.openqa.selenium.support.events.EventFiringWebDriver$EventFiringWebElement.click(EventFiringWebDriver.java:417)
	at com.kms.katalon.core.webui.keyword.builtin.ClickKeyword$_click_closure1.doCall(ClickKeyword.groovy:68)
	at com.kms.katalon.core.webui.keyword.builtin.ClickKeyword$_click_closure1.call(ClickKeyword.groovy)
	at com.kms.katalon.core.webui.keyword.internal.WebUIKeywordMain.runKeyword(WebUIKeywordMain.groovy:20)
	at com.kms.katalon.core.webui.keyword.builtin.ClickKeyword.click(ClickKeyword.groovy:75)
	at com.kms.katalon.core.webui.keyword.builtin.ClickKeyword.execute(ClickKeyword.groovy:42)
	at com.kms.katalon.core.keyword.internal.KeywordExecutor.executeKeywordForPlatform(KeywordExecutor.groovy:73)
	at com.kms.katalon.core.webui.keyword.WebUiBuiltInKeywords.click(WebUiBuiltInKeywords.groovy:620)
	at com.kms.katalon.core.webui.keyword.WebUiBuiltInKeywords$click$10.call(Unknown Source)
	at Script1634613921950.run(Script1634613921950.groovy:41)
	... 13 more
)
	at com.kms.katalon.core.keyword.internal.KeywordMain.stepFailed(KeywordMain.groovy:39)
	at com.kms.katalon.core.webui.keyword.internal.WebUIKeywordMain.stepFailed(WebUIKeywordMain.groovy:64)
	at com.kms.katalon.core.webui.keyword.internal.WebUIKeywordMain.runKeyword(WebUIKeywordMain.groovy:26)
	at com.kms.katalon.core.webui.keyword.builtin.ClickKeyword.click(ClickKeyword.groovy:75)
	at com.kms.katalon.core.webui.keyword.builtin.ClickKeyword.execute(ClickKeyword.groovy:42)
	at com.kms.katalon.core.keyword.internal.KeywordExecutor.executeKeywordForPlatform(KeywordExecutor.groovy:73)
	at com.kms.katalon.core.webui.keyword.WebUiBuiltInKeywords.click(WebUiBuiltInKeywords.groovy:620)
	at com.kms.katalon.core.webui.keyword.WebUiBuiltInKeywords$click$10.call(Unknown Source)
	at ExistingLiability_MRF_TC.run(ExistingLiability_MRF_TC:41)
	at com.kms.katalon.core.main.ScriptEngine.run(ScriptEngine.java:194)
	at com.kms.katalon.core.main.ScriptEngine.runScriptAsRawText(ScriptEngine.java:119)
	at com.kms.katalon.core.main.TestCaseExecutor.runScript(TestCaseExecutor.java:369)
	at com.kms.katalon.core.main.TestCaseExecutor.doExecute(TestCaseExecutor.java:360)
	at com.kms.katalon.core.main.TestCaseExecutor.processExecutionPhase(TestCaseExecutor.java:339)
	at com.kms.katalon.core.main.TestCaseExecutor.accessMainPhase(TestCaseExecutor.java:331)
	at com.kms.katalon.core.main.TestCaseExecutor.execute(TestCaseExecutor.java:248)
	at com.kms.katalon.core.main.TestSuiteExecutor.accessTestCaseMainPhase(TestSuiteExecutor.java:191)
	at com.kms.katalon.core.main.TestSuiteExecutor.accessTestSuiteMainPhase(TestSuiteExecutor.java:140)
	at com.kms.katalon.core.main.TestSuiteExecutor.execute(TestSuiteExecutor.java:89)
	at com.kms.katalon.core.main.TestCaseMain.startTestSuite(TestCaseMain.java:185)
	at com.kms.katalon.core.main.TestCaseMain$startTestSuite$0.call(Unknown Source)
	at TempTestSuite1634874291072.run(TempTestSuite1634874291072.groovy:39)
Caused by: com.kms.katalon.core.exception.StepFailedException: Unable to click on object 'Object Repository/RAD_Pages/Landing_Page/button_Continue'
	... 21 more
Caused by: org.openqa.selenium.ElementClickInterceptedException: element click intercepted: Element <button class="btn btn-primary float-end w-auto disablecontinue" disabled="">...</button> is not clickable at point (1077, 641). Other element would receive the click: <div class="w-100 mt-auto pt-3">...</div>
  (Session info: chrome=95.0.4638.54)
Build info: version: '3.141.59', revision: 'e82be7d358', time: '2018-11-14T08:25:53'
System info: host: 'DESKTOP-B2QI6NS', ip: '172.30.2.167', os.name: 'Windows 10', os.arch: 'amd64', os.version: '10.0', java.version: '1.8.0_181'
Driver info: com.kms.katalon.core.webui.driver.ExistingRemoteWebDriver
Capabilities {javascriptEnabled: true, platform: ANY, platformName: ANY}
Session ID: a98d1b37a7782fa34c6e787ca58aacdc
	at org.openqa.selenium.remote.http.W3CHttpResponseCodec.createException(W3CHttpResponseCodec.java:187)
	at org.openqa.selenium.remote.http.W3CHttpResponseCodec.decode(W3CHttpResponseCodec.java:122)
	at org.openqa.selenium.remote.http.W3CHttpResponseCodec.decode(W3CHttpResponseCodec.java:49)
	at org.openqa.selenium.remote.HttpCommandExecutor.execute(HttpCommandExecutor.java:158)
	at org.openqa.selenium.remote.RemoteWebDriver.execute(RemoteWebDriver.java:552)
	at com.kms.katalon.core.webui.driver.ExistingRemoteWebDriver.execute(ExistingRemoteWebDriver.java:108)
	at org.openqa.selenium.remote.RemoteWebElement.execute(RemoteWebElement.java:285)
	at org.openqa.selenium.remote.RemoteWebElement.click(RemoteWebElement.java:84)
	at org.openqa.selenium.support.events.EventFiringWebDriver$EventFiringWebElement.lambda$new$0(EventFiringWebDriver.java:404)
	at com.sun.proxy.$Proxy11.click(Unknown Source)
	at org.openqa.selenium.support.events.EventFiringWebDriver$EventFiringWebElement.click(EventFiringWebDriver.java:417)
	at com.kms.katalon.core.webui.keyword.builtin.ClickKeyword$_click_closure1.doCall(ClickKeyword.groovy:68)
	at com.kms.katalon.core.webui.keyword.builtin.ClickKeyword$_click_closure1.call(ClickKeyword.groovy)
	at com.kms.katalon.core.webui.keyword.internal.WebUIKeywordMain.runKeyword(WebUIKeywordMain.groovy:20)
	... 19 more]]></system-err>
      </testcase>
      <testcase name="Test Cases/RAD_TestCases/Negative_TestCases/EMailNoMatch" time="37.275" classname="Test Cases/RAD_TestCases/Negative_TestCases/EMailNoMatch" status="PASSED">
         <system-out><![CDATA[2021-10-21 23:49:04 - [TEST_CASE][PASSED] - Test Cases/RAD_TestCases/Negative_TestCases/EMailNoMatch: Test Cases/RAD_TestCases/Negative_TestCases/EMailNoMatch

2021-10-21 23:49:04 - [TEST_STEP][PASSED] - resText = "Fail": null

2021-10-21 23:49:04 - [TEST_STEP][PASSED] - resColumn = "Result": null

2021-10-21 23:49:04 - [TEST_STEP][PASSED] - datCloumn = "Date": null

2021-10-21 23:49:04 - [TEST_STEP][PASSED] - fileLoc = "C:\KatalonData\RADTestData\EmailNoMatch.xlsx": null

2021-10-21 23:49:04 - [TEST_STEP][PASSED] - nameSheet = "Sheet1": null

2021-10-21 23:49:04 - [TEST_STEP][PASSED] - dataFile = "RADTestData/EmailNoMatch": null

2021-10-21 23:49:04 - [TEST_STEP][PASSED] - ExecuteTC = <not implemented yet for class: org.codehaus.groovy.ast.expr.EmptyExpression>: null

2021-10-21 23:49:04 - [TEST_STEP][PASSED] - Taxtype = <not implemented yet for class: org.codehaus.groovy.ast.expr.EmptyExpression>: null

2021-10-21 23:49:04 - [TEST_STEP][PASSED] - numOfRows = findTestData(dataFile).getRowNumbers(): null

2021-10-21 23:49:05 - [TEST_STEP][PASSED] - println("Number of Records: " + numOfRows): null

2021-10-21 23:49:05 - [TEST_STEP][PASSED] - for ([row = 1, row <= numOfRows, (row++)]): null

2021-10-21 23:49:05 - [TEST_STEP][PASSED] - ExecuteTC = findTestData(dataFile).getValue("Execute", row): null

2021-10-21 23:49:05 - [TEST_STEP][PASSED] - out.println("Value of Execute is : " + ExecuteTC): null

2021-10-21 23:49:05 - [TEST_STEP][PASSED] - if (ExecuteTC.equalsIgnoreCase("Y")): null

2021-10-21 23:49:05 - [TEST_STEP][PASSED] - out.println("Begin Record Number: " + row): null

2021-10-21 23:49:05 - [TEST_STEP][PASSED] - today = new java.util.Date(): null

2021-10-21 23:49:05 - [TEST_STEP][PASSED] - println(today): null

2021-10-21 23:49:05 - [TEST_STEP][PASSED] - datText = today: null

2021-10-21 23:49:05 - [TEST_STEP][PASSED] - Taxtype = findTestData(dataFile).getValue("TaxType", row): null

2021-10-21 23:49:05 - [TEST_STEP][PASSED] - out.println("Taxtype value is : " + Taxtype): null

2021-10-21 23:49:05 - [TEST_STEP][PASSED] - openBrowser(""): Browser is opened with url: ''

2021-10-21 23:49:05 - [MESSAGE][PASSED] - Browser is opened with url: ''

2021-10-21 23:49:05 - [TEST_STEP][PASSED] - maximizeWindow(): Current window maximized

2021-10-21 23:49:05 - [MESSAGE][PASSED] - Current window maximized

2021-10-21 23:49:05 - [TEST_STEP][PASSED] - navigateToUrl(RADurl): Navigate to 'https://qa.velocitypayment.com/client/rad/index.html' successfully

2021-10-21 23:49:06 - [MESSAGE][PASSED] - Navigate to 'https://qa.velocitypayment.com/client/rad/index.html' successfully

2021-10-21 23:49:06 - [TEST_STEP][PASSED] - orPath_Landing = "Object Repository/RAD_Pages/Landing_Page": null

2021-10-21 23:49:06 - [TEST_STEP][PASSED] - orPath_TaxTypeFilingYear = "Object Repository/RAD_Pages/TaxTypeFilingYear_Page": null

2021-10-21 23:49:06 - [TEST_STEP][PASSED] - orPath_TaxPayer = "Object Repository/RAD_Pages/Taxpayer_Page": null

2021-10-21 23:49:06 - [TEST_STEP][PASSED] - orPath_AddressContact = "Object Repository/RAD_Pages/AddressAndContactInfo_Page": null

2021-10-21 23:49:06 - [TEST_STEP][PASSED] - orPath_FilingStatus = "Object Repository/RAD_Pages/FilingStatus_Page": null

2021-10-21 23:49:06 - [TEST_STEP][PASSED] - orPath_Amount = "Object Repository/RAD_Pages/PaymentAmount_Page": null

2021-10-21 23:49:06 - [TEST_STEP][PASSED] - selectOptionByLabel(findTestObject(orPath_Landing + "/dd_TaxType"), Taxtype, false): All options with label 'Estimated Tax' are selected in object 'Object Repository/RAD_Pages/Landing_Page/dd_TaxType' 

2021-10-21 23:49:07 - [MESSAGE][PASSED] - All options with label 'Estimated Tax' are selected in object 'Object Repository/RAD_Pages/Landing_Page/dd_TaxType' 

2021-10-21 23:49:07 - [TEST_STEP][PASSED] - scrollToElement(findTestObject(orPath_Amount + "/input__paymentAmount"), 3): Scroll to object 'Object Repository/RAD_Pages/PaymentAmount_Page/input__paymentAmount' successfully

2021-10-21 23:49:07 - [MESSAGE][PASSED] - Scroll to object 'Object Repository/RAD_Pages/PaymentAmount_Page/input__paymentAmount' successfully

2021-10-21 23:49:07 - [TEST_STEP][PASSED] - setText(findTestObject(orPath_AddressContact + "/input_eMailAddress"), "imtiazster@gmail.com"): Text 'imtiazster@gmail.com' is set on object 'Object Repository/RAD_Pages/AddressAndContactInfo_Page/input_eMailAddress'

2021-10-21 23:49:08 - [MESSAGE][PASSED] - Text 'imtiazster@gmail.com' is set on object 'Object Repository/RAD_Pages/AddressAndContactInfo_Page/input_eMailAddress'

2021-10-21 23:49:08 - [TEST_STEP][PASSED] - setText(findTestObject(orPath_AddressContact + "/input_reEnterEMailAddress"), "iahmed@govolution.com"): Text 'iahmed@govolution.com' is set on object 'Object Repository/RAD_Pages/AddressAndContactInfo_Page/input_reEnterEMailAddress'

2021-10-21 23:49:09 - [MESSAGE][PASSED] - Text 'iahmed@govolution.com' is set on object 'Object Repository/RAD_Pages/AddressAndContactInfo_Page/input_reEnterEMailAddress'

2021-10-21 23:49:09 - [TEST_STEP][PASSED] - delay(2): Delayed 2 second(s)

2021-10-21 23:49:11 - [MESSAGE][PASSED] - Delayed 2 second(s)

2021-10-21 23:49:11 - [TEST_STEP][PASSED] - if (verifyTextPresent("The Email and Re-enter email do not match", true)): null

2021-10-21 23:49:11 - [MESSAGE][PASSED] - Text 'The Email and Re-enter email do not match' is present on page  using regular expression

2021-10-21 23:49:11 - [TEST_STEP][PASSED] - println("Emails Dont match text is present"): null

2021-10-21 23:49:11 - [TEST_STEP][PASSED] - out.println("Pass Record Number: " + row): null

2021-10-21 23:49:11 - [TEST_STEP][PASSED] - resText = "Pass": null

2021-10-21 23:49:11 - [TEST_STEP][PASSED] - pages.WriteExcel.demoKey(resText, datText, resColumn, datCloumn, fileLoc, nameSheet, row): pages.WriteExcel.demoKey is PASSED

2021-10-21 23:49:11 - [MESSAGE][PASSED] - pages.WriteExcel.demoKey is PASSED

2021-10-21 23:49:11 - [TEST_STEP][PASSED] - ExecuteTC = findTestData(dataFile).getValue("Execute", row): null

2021-10-21 23:49:11 - [TEST_STEP][PASSED] - out.println("Value of Execute is : " + ExecuteTC): null

2021-10-21 23:49:11 - [TEST_STEP][PASSED] - if (ExecuteTC.equalsIgnoreCase("Y")): null

2021-10-21 23:49:11 - [TEST_STEP][PASSED] - out.println("Begin Record Number: " + row): null

2021-10-21 23:49:11 - [TEST_STEP][PASSED] - today = new java.util.Date(): null

2021-10-21 23:49:11 - [TEST_STEP][PASSED] - println(today): null

2021-10-21 23:49:11 - [TEST_STEP][PASSED] - datText = today: null

2021-10-21 23:49:11 - [TEST_STEP][PASSED] - Taxtype = findTestData(dataFile).getValue("TaxType", row): null

2021-10-21 23:49:11 - [TEST_STEP][PASSED] - out.println("Taxtype value is : " + Taxtype): null

2021-10-21 23:49:11 - [TEST_STEP][PASSED] - openBrowser(""): Browser is opened with url: ''

2021-10-21 23:49:12 - [MESSAGE][PASSED] - Browser is opened with url: ''

2021-10-21 23:49:12 - [TEST_STEP][PASSED] - maximizeWindow(): Current window maximized

2021-10-21 23:49:12 - [MESSAGE][PASSED] - Current window maximized

2021-10-21 23:49:12 - [TEST_STEP][PASSED] - navigateToUrl(RADurl): Navigate to 'https://qa.velocitypayment.com/client/rad/index.html' successfully

2021-10-21 23:49:12 - [MESSAGE][PASSED] - Navigate to 'https://qa.velocitypayment.com/client/rad/index.html' successfully

2021-10-21 23:49:12 - [TEST_STEP][PASSED] - orPath_Landing = "Object Repository/RAD_Pages/Landing_Page": null

2021-10-21 23:49:12 - [TEST_STEP][PASSED] - orPath_TaxTypeFilingYear = "Object Repository/RAD_Pages/TaxTypeFilingYear_Page": null

2021-10-21 23:49:12 - [TEST_STEP][PASSED] - orPath_TaxPayer = "Object Repository/RAD_Pages/Taxpayer_Page": null

2021-10-21 23:49:12 - [TEST_STEP][PASSED] - orPath_AddressContact = "Object Repository/RAD_Pages/AddressAndContactInfo_Page": null

2021-10-21 23:49:12 - [TEST_STEP][PASSED] - orPath_FilingStatus = "Object Repository/RAD_Pages/FilingStatus_Page": null

2021-10-21 23:49:12 - [TEST_STEP][PASSED] - orPath_Amount = "Object Repository/RAD_Pages/PaymentAmount_Page": null

2021-10-21 23:49:12 - [TEST_STEP][PASSED] - selectOptionByLabel(findTestObject(orPath_Landing + "/dd_TaxType"), Taxtype, false): All options with label 'Personal Income Tax' are selected in object 'Object Repository/RAD_Pages/Landing_Page/dd_TaxType' 

2021-10-21 23:49:13 - [MESSAGE][PASSED] - All options with label 'Personal Income Tax' are selected in object 'Object Repository/RAD_Pages/Landing_Page/dd_TaxType' 

2021-10-21 23:49:13 - [TEST_STEP][PASSED] - scrollToElement(findTestObject(orPath_Amount + "/input__paymentAmount"), 3): Scroll to object 'Object Repository/RAD_Pages/PaymentAmount_Page/input__paymentAmount' successfully

2021-10-21 23:49:13 - [MESSAGE][PASSED] - Scroll to object 'Object Repository/RAD_Pages/PaymentAmount_Page/input__paymentAmount' successfully

2021-10-21 23:49:13 - [TEST_STEP][PASSED] - setText(findTestObject(orPath_AddressContact + "/input_eMailAddress"), "imtiazster@gmail.com"): Text 'imtiazster@gmail.com' is set on object 'Object Repository/RAD_Pages/AddressAndContactInfo_Page/input_eMailAddress'

2021-10-21 23:49:14 - [MESSAGE][PASSED] - Text 'imtiazster@gmail.com' is set on object 'Object Repository/RAD_Pages/AddressAndContactInfo_Page/input_eMailAddress'

2021-10-21 23:49:14 - [TEST_STEP][PASSED] - setText(findTestObject(orPath_AddressContact + "/input_reEnterEMailAddress"), "iahmed@govolution.com"): Text 'iahmed@govolution.com' is set on object 'Object Repository/RAD_Pages/AddressAndContactInfo_Page/input_reEnterEMailAddress'

2021-10-21 23:49:15 - [MESSAGE][PASSED] - Text 'iahmed@govolution.com' is set on object 'Object Repository/RAD_Pages/AddressAndContactInfo_Page/input_reEnterEMailAddress'

2021-10-21 23:49:15 - [TEST_STEP][PASSED] - delay(2): Delayed 2 second(s)

2021-10-21 23:49:17 - [MESSAGE][PASSED] - Delayed 2 second(s)

2021-10-21 23:49:17 - [TEST_STEP][PASSED] - if (verifyTextPresent("The Email and Re-enter email do not match", true)): null

2021-10-21 23:49:17 - [MESSAGE][PASSED] - Text 'The Email and Re-enter email do not match' is present on page  using regular expression

2021-10-21 23:49:17 - [TEST_STEP][PASSED] - println("Emails Dont match text is present"): null

2021-10-21 23:49:17 - [TEST_STEP][PASSED] - out.println("Pass Record Number: " + row): null

2021-10-21 23:49:17 - [TEST_STEP][PASSED] - resText = "Pass": null

2021-10-21 23:49:17 - [TEST_STEP][PASSED] - pages.WriteExcel.demoKey(resText, datText, resColumn, datCloumn, fileLoc, nameSheet, row): pages.WriteExcel.demoKey is PASSED

2021-10-21 23:49:17 - [MESSAGE][PASSED] - pages.WriteExcel.demoKey is PASSED

2021-10-21 23:49:17 - [TEST_STEP][PASSED] - ExecuteTC = findTestData(dataFile).getValue("Execute", row): null

2021-10-21 23:49:17 - [TEST_STEP][PASSED] - out.println("Value of Execute is : " + ExecuteTC): null

2021-10-21 23:49:17 - [TEST_STEP][PASSED] - if (ExecuteTC.equalsIgnoreCase("Y")): null

2021-10-21 23:49:17 - [TEST_STEP][PASSED] - out.println("Begin Record Number: " + row): null

2021-10-21 23:49:17 - [TEST_STEP][PASSED] - today = new java.util.Date(): null

2021-10-21 23:49:17 - [TEST_STEP][PASSED] - println(today): null

2021-10-21 23:49:17 - [TEST_STEP][PASSED] - datText = today: null

2021-10-21 23:49:17 - [TEST_STEP][PASSED] - Taxtype = findTestData(dataFile).getValue("TaxType", row): null

2021-10-21 23:49:17 - [TEST_STEP][PASSED] - out.println("Taxtype value is : " + Taxtype): null

2021-10-21 23:49:17 - [TEST_STEP][PASSED] - openBrowser(""): Browser is opened with url: ''

2021-10-21 23:49:18 - [MESSAGE][PASSED] - Browser is opened with url: ''

2021-10-21 23:49:18 - [TEST_STEP][PASSED] - maximizeWindow(): Current window maximized

2021-10-21 23:49:18 - [MESSAGE][PASSED] - Current window maximized

2021-10-21 23:49:18 - [TEST_STEP][PASSED] - navigateToUrl(RADurl): Navigate to 'https://qa.velocitypayment.com/client/rad/index.html' successfully

2021-10-21 23:49:18 - [MESSAGE][PASSED] - Navigate to 'https://qa.velocitypayment.com/client/rad/index.html' successfully

2021-10-21 23:49:18 - [TEST_STEP][PASSED] - orPath_Landing = "Object Repository/RAD_Pages/Landing_Page": null

2021-10-21 23:49:18 - [TEST_STEP][PASSED] - orPath_TaxTypeFilingYear = "Object Repository/RAD_Pages/TaxTypeFilingYear_Page": null

2021-10-21 23:49:18 - [TEST_STEP][PASSED] - orPath_TaxPayer = "Object Repository/RAD_Pages/Taxpayer_Page": null

2021-10-21 23:49:18 - [TEST_STEP][PASSED] - orPath_AddressContact = "Object Repository/RAD_Pages/AddressAndContactInfo_Page": null

2021-10-21 23:49:18 - [TEST_STEP][PASSED] - orPath_FilingStatus = "Object Repository/RAD_Pages/FilingStatus_Page": null

2021-10-21 23:49:18 - [TEST_STEP][PASSED] - orPath_Amount = "Object Repository/RAD_Pages/PaymentAmount_Page": null

2021-10-21 23:49:18 - [TEST_STEP][PASSED] - selectOptionByLabel(findTestObject(orPath_Landing + "/dd_TaxType"), Taxtype, false): All options with label 'Extension Payments' are selected in object 'Object Repository/RAD_Pages/Landing_Page/dd_TaxType' 

2021-10-21 23:49:19 - [MESSAGE][PASSED] - All options with label 'Extension Payments' are selected in object 'Object Repository/RAD_Pages/Landing_Page/dd_TaxType' 

2021-10-21 23:49:19 - [TEST_STEP][PASSED] - scrollToElement(findTestObject(orPath_Amount + "/input__paymentAmount"), 3): Scroll to object 'Object Repository/RAD_Pages/PaymentAmount_Page/input__paymentAmount' successfully

2021-10-21 23:49:19 - [MESSAGE][PASSED] - Scroll to object 'Object Repository/RAD_Pages/PaymentAmount_Page/input__paymentAmount' successfully

2021-10-21 23:49:19 - [TEST_STEP][PASSED] - setText(findTestObject(orPath_AddressContact + "/input_eMailAddress"), "imtiazster@gmail.com"): Text 'imtiazster@gmail.com' is set on object 'Object Repository/RAD_Pages/AddressAndContactInfo_Page/input_eMailAddress'

2021-10-21 23:49:20 - [MESSAGE][PASSED] - Text 'imtiazster@gmail.com' is set on object 'Object Repository/RAD_Pages/AddressAndContactInfo_Page/input_eMailAddress'

2021-10-21 23:49:20 - [TEST_STEP][PASSED] - setText(findTestObject(orPath_AddressContact + "/input_reEnterEMailAddress"), "iahmed@govolution.com"): Text 'iahmed@govolution.com' is set on object 'Object Repository/RAD_Pages/AddressAndContactInfo_Page/input_reEnterEMailAddress'

2021-10-21 23:49:21 - [MESSAGE][PASSED] - Text 'iahmed@govolution.com' is set on object 'Object Repository/RAD_Pages/AddressAndContactInfo_Page/input_reEnterEMailAddress'

2021-10-21 23:49:21 - [TEST_STEP][PASSED] - delay(2): Delayed 2 second(s)

2021-10-21 23:49:23 - [MESSAGE][PASSED] - Delayed 2 second(s)

2021-10-21 23:49:23 - [TEST_STEP][PASSED] - if (verifyTextPresent("The Email and Re-enter email do not match", true)): null

2021-10-21 23:49:23 - [MESSAGE][PASSED] - Text 'The Email and Re-enter email do not match' is present on page  using regular expression

2021-10-21 23:49:23 - [TEST_STEP][PASSED] - println("Emails Dont match text is present"): null

2021-10-21 23:49:23 - [TEST_STEP][PASSED] - out.println("Pass Record Number: " + row): null

2021-10-21 23:49:23 - [TEST_STEP][PASSED] - resText = "Pass": null

2021-10-21 23:49:23 - [TEST_STEP][PASSED] - pages.WriteExcel.demoKey(resText, datText, resColumn, datCloumn, fileLoc, nameSheet, row): pages.WriteExcel.demoKey is PASSED

2021-10-21 23:49:23 - [MESSAGE][PASSED] - pages.WriteExcel.demoKey is PASSED

2021-10-21 23:49:23 - [TEST_STEP][PASSED] - ExecuteTC = findTestData(dataFile).getValue("Execute", row): null

2021-10-21 23:49:23 - [TEST_STEP][PASSED] - out.println("Value of Execute is : " + ExecuteTC): null

2021-10-21 23:49:23 - [TEST_STEP][PASSED] - if (ExecuteTC.equalsIgnoreCase("Y")): null

2021-10-21 23:49:23 - [TEST_STEP][PASSED] - out.println("Begin Record Number: " + row): null

2021-10-21 23:49:23 - [TEST_STEP][PASSED] - today = new java.util.Date(): null

2021-10-21 23:49:23 - [TEST_STEP][PASSED] - println(today): null

2021-10-21 23:49:23 - [TEST_STEP][PASSED] - datText = today: null

2021-10-21 23:49:23 - [TEST_STEP][PASSED] - Taxtype = findTestData(dataFile).getValue("TaxType", row): null

2021-10-21 23:49:23 - [TEST_STEP][PASSED] - out.println("Taxtype value is : " + Taxtype): null

2021-10-21 23:49:23 - [TEST_STEP][PASSED] - openBrowser(""): Browser is opened with url: ''

2021-10-21 23:49:23 - [MESSAGE][PASSED] - Browser is opened with url: ''

2021-10-21 23:49:23 - [TEST_STEP][PASSED] - maximizeWindow(): Current window maximized

2021-10-21 23:49:23 - [MESSAGE][PASSED] - Current window maximized

2021-10-21 23:49:23 - [TEST_STEP][PASSED] - navigateToUrl(RADurl): Navigate to 'https://qa.velocitypayment.com/client/rad/index.html' successfully

2021-10-21 23:49:24 - [MESSAGE][PASSED] - Navigate to 'https://qa.velocitypayment.com/client/rad/index.html' successfully

2021-10-21 23:49:24 - [TEST_STEP][PASSED] - orPath_Landing = "Object Repository/RAD_Pages/Landing_Page": null

2021-10-21 23:49:24 - [TEST_STEP][PASSED] - orPath_TaxTypeFilingYear = "Object Repository/RAD_Pages/TaxTypeFilingYear_Page": null

2021-10-21 23:49:24 - [TEST_STEP][PASSED] - orPath_TaxPayer = "Object Repository/RAD_Pages/Taxpayer_Page": null

2021-10-21 23:49:24 - [TEST_STEP][PASSED] - orPath_AddressContact = "Object Repository/RAD_Pages/AddressAndContactInfo_Page": null

2021-10-21 23:49:24 - [TEST_STEP][PASSED] - orPath_FilingStatus = "Object Repository/RAD_Pages/FilingStatus_Page": null

2021-10-21 23:49:24 - [TEST_STEP][PASSED] - orPath_Amount = "Object Repository/RAD_Pages/PaymentAmount_Page": null

2021-10-21 23:49:24 - [TEST_STEP][PASSED] - selectOptionByLabel(findTestObject(orPath_Landing + "/dd_TaxType"), Taxtype, false): All options with label 'Existing Liability' are selected in object 'Object Repository/RAD_Pages/Landing_Page/dd_TaxType' 

2021-10-21 23:49:24 - [MESSAGE][PASSED] - All options with label 'Existing Liability' are selected in object 'Object Repository/RAD_Pages/Landing_Page/dd_TaxType' 

2021-10-21 23:49:24 - [TEST_STEP][PASSED] - scrollToElement(findTestObject(orPath_Amount + "/input__paymentAmount"), 3): Scroll to object 'Object Repository/RAD_Pages/PaymentAmount_Page/input__paymentAmount' successfully

2021-10-21 23:49:25 - [MESSAGE][PASSED] - Scroll to object 'Object Repository/RAD_Pages/PaymentAmount_Page/input__paymentAmount' successfully

2021-10-21 23:49:25 - [TEST_STEP][PASSED] - setText(findTestObject(orPath_AddressContact + "/input_eMailAddress"), "imtiazster@gmail.com"): Text 'imtiazster@gmail.com' is set on object 'Object Repository/RAD_Pages/AddressAndContactInfo_Page/input_eMailAddress'

2021-10-21 23:49:26 - [MESSAGE][PASSED] - Text 'imtiazster@gmail.com' is set on object 'Object Repository/RAD_Pages/AddressAndContactInfo_Page/input_eMailAddress'

2021-10-21 23:49:26 - [TEST_STEP][PASSED] - setText(findTestObject(orPath_AddressContact + "/input_reEnterEMailAddress"), "iahmed@govolution.com"): Text 'iahmed@govolution.com' is set on object 'Object Repository/RAD_Pages/AddressAndContactInfo_Page/input_reEnterEMailAddress'

2021-10-21 23:49:26 - [MESSAGE][PASSED] - Text 'iahmed@govolution.com' is set on object 'Object Repository/RAD_Pages/AddressAndContactInfo_Page/input_reEnterEMailAddress'

2021-10-21 23:49:26 - [TEST_STEP][PASSED] - delay(2): Delayed 2 second(s)

2021-10-21 23:49:28 - [MESSAGE][PASSED] - Delayed 2 second(s)

2021-10-21 23:49:28 - [TEST_STEP][PASSED] - if (verifyTextPresent("The Email and Re-enter email do not match", true)): null

2021-10-21 23:49:29 - [MESSAGE][PASSED] - Text 'The Email and Re-enter email do not match' is present on page  using regular expression

2021-10-21 23:49:29 - [TEST_STEP][PASSED] - println("Emails Dont match text is present"): null

2021-10-21 23:49:29 - [TEST_STEP][PASSED] - out.println("Pass Record Number: " + row): null

2021-10-21 23:49:29 - [TEST_STEP][PASSED] - resText = "Pass": null

2021-10-21 23:49:29 - [TEST_STEP][PASSED] - pages.WriteExcel.demoKey(resText, datText, resColumn, datCloumn, fileLoc, nameSheet, row): pages.WriteExcel.demoKey is PASSED

2021-10-21 23:49:29 - [MESSAGE][PASSED] - pages.WriteExcel.demoKey is PASSED

2021-10-21 23:49:29 - [TEST_STEP][PASSED] - ExecuteTC = findTestData(dataFile).getValue("Execute", row): null

2021-10-21 23:49:29 - [TEST_STEP][PASSED] - out.println("Value of Execute is : " + ExecuteTC): null

2021-10-21 23:49:29 - [TEST_STEP][PASSED] - if (ExecuteTC.equalsIgnoreCase("Y")): null

2021-10-21 23:49:29 - [TEST_STEP][PASSED] - out.println("Begin Record Number: " + row): null

2021-10-21 23:49:29 - [TEST_STEP][PASSED] - today = new java.util.Date(): null

2021-10-21 23:49:29 - [TEST_STEP][PASSED] - println(today): null

2021-10-21 23:49:29 - [TEST_STEP][PASSED] - datText = today: null

2021-10-21 23:49:29 - [TEST_STEP][PASSED] - Taxtype = findTestData(dataFile).getValue("TaxType", row): null

2021-10-21 23:49:29 - [TEST_STEP][PASSED] - out.println("Taxtype value is : " + Taxtype): null

2021-10-21 23:49:29 - [TEST_STEP][PASSED] - openBrowser(""): Browser is opened with url: ''

2021-10-21 23:49:29 - [MESSAGE][PASSED] - Browser is opened with url: ''

2021-10-21 23:49:29 - [TEST_STEP][PASSED] - maximizeWindow(): Current window maximized

2021-10-21 23:49:29 - [MESSAGE][PASSED] - Current window maximized

2021-10-21 23:49:29 - [TEST_STEP][PASSED] - navigateToUrl(RADurl): Navigate to 'https://qa.velocitypayment.com/client/rad/index.html' successfully

2021-10-21 23:49:30 - [MESSAGE][PASSED] - Navigate to 'https://qa.velocitypayment.com/client/rad/index.html' successfully

2021-10-21 23:49:30 - [TEST_STEP][PASSED] - orPath_Landing = "Object Repository/RAD_Pages/Landing_Page": null

2021-10-21 23:49:30 - [TEST_STEP][PASSED] - orPath_TaxTypeFilingYear = "Object Repository/RAD_Pages/TaxTypeFilingYear_Page": null

2021-10-21 23:49:30 - [TEST_STEP][PASSED] - orPath_TaxPayer = "Object Repository/RAD_Pages/Taxpayer_Page": null

2021-10-21 23:49:30 - [TEST_STEP][PASSED] - orPath_AddressContact = "Object Repository/RAD_Pages/AddressAndContactInfo_Page": null

2021-10-21 23:49:30 - [TEST_STEP][PASSED] - orPath_FilingStatus = "Object Repository/RAD_Pages/FilingStatus_Page": null

2021-10-21 23:49:30 - [TEST_STEP][PASSED] - orPath_Amount = "Object Repository/RAD_Pages/PaymentAmount_Page": null

2021-10-21 23:49:30 - [TEST_STEP][PASSED] - selectOptionByLabel(findTestObject(orPath_Landing + "/dd_TaxType"), Taxtype, false): All options with label 'Sales and Use' are selected in object 'Object Repository/RAD_Pages/Landing_Page/dd_TaxType' 

2021-10-21 23:49:30 - [MESSAGE][PASSED] - All options with label 'Sales and Use' are selected in object 'Object Repository/RAD_Pages/Landing_Page/dd_TaxType' 

2021-10-21 23:49:30 - [TEST_STEP][PASSED] - scrollToElement(findTestObject(orPath_Amount + "/input__paymentAmount"), 3): Scroll to object 'Object Repository/RAD_Pages/PaymentAmount_Page/input__paymentAmount' successfully

2021-10-21 23:49:31 - [MESSAGE][PASSED] - Scroll to object 'Object Repository/RAD_Pages/PaymentAmount_Page/input__paymentAmount' successfully

2021-10-21 23:49:31 - [TEST_STEP][PASSED] - setText(findTestObject(orPath_AddressContact + "/input_eMailAddress"), "imtiazster@gmail.com"): Text 'imtiazster@gmail.com' is set on object 'Object Repository/RAD_Pages/AddressAndContactInfo_Page/input_eMailAddress'

2021-10-21 23:49:32 - [MESSAGE][PASSED] - Text 'imtiazster@gmail.com' is set on object 'Object Repository/RAD_Pages/AddressAndContactInfo_Page/input_eMailAddress'

2021-10-21 23:49:32 - [TEST_STEP][PASSED] - setText(findTestObject(orPath_AddressContact + "/input_reEnterEMailAddress"), "iahmed@govolution.com"): Text 'iahmed@govolution.com' is set on object 'Object Repository/RAD_Pages/AddressAndContactInfo_Page/input_reEnterEMailAddress'

2021-10-21 23:49:33 - [MESSAGE][PASSED] - Text 'iahmed@govolution.com' is set on object 'Object Repository/RAD_Pages/AddressAndContactInfo_Page/input_reEnterEMailAddress'

2021-10-21 23:49:33 - [TEST_STEP][PASSED] - delay(2): Delayed 2 second(s)

2021-10-21 23:49:35 - [MESSAGE][PASSED] - Delayed 2 second(s)

2021-10-21 23:49:35 - [TEST_STEP][PASSED] - if (verifyTextPresent("The Email and Re-enter email do not match", true)): null

2021-10-21 23:49:35 - [MESSAGE][PASSED] - Text 'The Email and Re-enter email do not match' is present on page  using regular expression

2021-10-21 23:49:35 - [TEST_STEP][PASSED] - println("Emails Dont match text is present"): null

2021-10-21 23:49:35 - [TEST_STEP][PASSED] - out.println("Pass Record Number: " + row): null

2021-10-21 23:49:35 - [TEST_STEP][PASSED] - resText = "Pass": null

2021-10-21 23:49:35 - [TEST_STEP][PASSED] - pages.WriteExcel.demoKey(resText, datText, resColumn, datCloumn, fileLoc, nameSheet, row): pages.WriteExcel.demoKey is PASSED

2021-10-21 23:49:35 - [MESSAGE][PASSED] - pages.WriteExcel.demoKey is PASSED

2021-10-21 23:49:35 - [TEST_STEP][PASSED] - ExecuteTC = findTestData(dataFile).getValue("Execute", row): null

2021-10-21 23:49:35 - [TEST_STEP][PASSED] - out.println("Value of Execute is : " + ExecuteTC): null

2021-10-21 23:49:35 - [TEST_STEP][PASSED] - if (ExecuteTC.equalsIgnoreCase("Y")): null

2021-10-21 23:49:35 - [TEST_STEP][PASSED] - out.println("Begin Record Number: " + row): null

2021-10-21 23:49:35 - [TEST_STEP][PASSED] - today = new java.util.Date(): null

2021-10-21 23:49:35 - [TEST_STEP][PASSED] - println(today): null

2021-10-21 23:49:35 - [TEST_STEP][PASSED] - datText = today: null

2021-10-21 23:49:35 - [TEST_STEP][PASSED] - Taxtype = findTestData(dataFile).getValue("TaxType", row): null

2021-10-21 23:49:35 - [TEST_STEP][PASSED] - out.println("Taxtype value is : " + Taxtype): null

2021-10-21 23:49:35 - [TEST_STEP][PASSED] - openBrowser(""): Browser is opened with url: ''

2021-10-21 23:49:36 - [MESSAGE][PASSED] - Browser is opened with url: ''

2021-10-21 23:49:36 - [TEST_STEP][PASSED] - maximizeWindow(): Current window maximized

2021-10-21 23:49:36 - [MESSAGE][PASSED] - Current window maximized

2021-10-21 23:49:36 - [TEST_STEP][PASSED] - navigateToUrl(RADurl): Navigate to 'https://qa.velocitypayment.com/client/rad/index.html' successfully

2021-10-21 23:49:36 - [MESSAGE][PASSED] - Navigate to 'https://qa.velocitypayment.com/client/rad/index.html' successfully

2021-10-21 23:49:36 - [TEST_STEP][PASSED] - orPath_Landing = "Object Repository/RAD_Pages/Landing_Page": null

2021-10-21 23:49:36 - [TEST_STEP][PASSED] - orPath_TaxTypeFilingYear = "Object Repository/RAD_Pages/TaxTypeFilingYear_Page": null

2021-10-21 23:49:36 - [TEST_STEP][PASSED] - orPath_TaxPayer = "Object Repository/RAD_Pages/Taxpayer_Page": null

2021-10-21 23:49:36 - [TEST_STEP][PASSED] - orPath_AddressContact = "Object Repository/RAD_Pages/AddressAndContactInfo_Page": null

2021-10-21 23:49:36 - [TEST_STEP][PASSED] - orPath_FilingStatus = "Object Repository/RAD_Pages/FilingStatus_Page": null

2021-10-21 23:49:36 - [TEST_STEP][PASSED] - orPath_Amount = "Object Repository/RAD_Pages/PaymentAmount_Page": null

2021-10-21 23:49:36 - [TEST_STEP][PASSED] - selectOptionByLabel(findTestObject(orPath_Landing + "/dd_TaxType"), Taxtype, false): All options with label 'Withholding Tax' are selected in object 'Object Repository/RAD_Pages/Landing_Page/dd_TaxType' 

2021-10-21 23:49:37 - [MESSAGE][PASSED] - All options with label 'Withholding Tax' are selected in object 'Object Repository/RAD_Pages/Landing_Page/dd_TaxType' 

2021-10-21 23:49:37 - [TEST_STEP][PASSED] - scrollToElement(findTestObject(orPath_Amount + "/input__paymentAmount"), 3): Scroll to object 'Object Repository/RAD_Pages/PaymentAmount_Page/input__paymentAmount' successfully

2021-10-21 23:49:37 - [MESSAGE][PASSED] - Scroll to object 'Object Repository/RAD_Pages/PaymentAmount_Page/input__paymentAmount' successfully

2021-10-21 23:49:37 - [TEST_STEP][PASSED] - setText(findTestObject(orPath_AddressContact + "/input_eMailAddress"), "imtiazster@gmail.com"): Text 'imtiazster@gmail.com' is set on object 'Object Repository/RAD_Pages/AddressAndContactInfo_Page/input_eMailAddress'

2021-10-21 23:49:38 - [MESSAGE][PASSED] - Text 'imtiazster@gmail.com' is set on object 'Object Repository/RAD_Pages/AddressAndContactInfo_Page/input_eMailAddress'

2021-10-21 23:49:38 - [TEST_STEP][PASSED] - setText(findTestObject(orPath_AddressContact + "/input_reEnterEMailAddress"), "iahmed@govolution.com"): Text 'iahmed@govolution.com' is set on object 'Object Repository/RAD_Pages/AddressAndContactInfo_Page/input_reEnterEMailAddress'

2021-10-21 23:49:39 - [MESSAGE][PASSED] - Text 'iahmed@govolution.com' is set on object 'Object Repository/RAD_Pages/AddressAndContactInfo_Page/input_reEnterEMailAddress'

2021-10-21 23:49:39 - [TEST_STEP][PASSED] - delay(2): Delayed 2 second(s)

2021-10-21 23:49:41 - [MESSAGE][PASSED] - Delayed 2 second(s)

2021-10-21 23:49:41 - [TEST_STEP][PASSED] - if (verifyTextPresent("The Email and Re-enter email do not match", true)): null

2021-10-21 23:49:41 - [MESSAGE][PASSED] - Text 'The Email and Re-enter email do not match' is present on page  using regular expression

2021-10-21 23:49:41 - [TEST_STEP][PASSED] - println("Emails Dont match text is present"): null

2021-10-21 23:49:41 - [TEST_STEP][PASSED] - out.println("Pass Record Number: " + row): null

2021-10-21 23:49:41 - [TEST_STEP][PASSED] - resText = "Pass": null

2021-10-21 23:49:41 - [TEST_STEP][PASSED] - pages.WriteExcel.demoKey(resText, datText, resColumn, datCloumn, fileLoc, nameSheet, row): pages.WriteExcel.demoKey is PASSED

2021-10-21 23:49:41 - [MESSAGE][PASSED] - pages.WriteExcel.demoKey is PASSED]]></system-out>
         <system-err><![CDATA[]]></system-err>
      </testcase>
      <testcase name="Test Cases/RAD_TestCases/Negative_TestCases/TaxPayerSSNNoMatch" time="19.733" classname="Test Cases/RAD_TestCases/Negative_TestCases/TaxPayerSSNNoMatch" status="PASSED">
         <system-out><![CDATA[2021-10-21 23:49:41 - [TEST_CASE][PASSED] - Test Cases/RAD_TestCases/Negative_TestCases/TaxPayerSSNNoMatch: Test Cases/RAD_TestCases/Negative_TestCases/TaxPayerSSNNoMatch

2021-10-21 23:49:42 - [TEST_STEP][PASSED] - resText = "Fail": null

2021-10-21 23:49:42 - [TEST_STEP][PASSED] - resColumn = "Result": null

2021-10-21 23:49:42 - [TEST_STEP][PASSED] - datCloumn = "Date": null

2021-10-21 23:49:42 - [TEST_STEP][PASSED] - fileLoc = "C:\KatalonData\RADTestData\TaxPayerSSNNoMatch.xlsx": null

2021-10-21 23:49:42 - [TEST_STEP][PASSED] - nameSheet = "Sheet1": null

2021-10-21 23:49:42 - [TEST_STEP][PASSED] - dataFile = "RADTestData/TaxPayerSSNNoMatch": null

2021-10-21 23:49:42 - [TEST_STEP][PASSED] - ExecuteTC = <not implemented yet for class: org.codehaus.groovy.ast.expr.EmptyExpression>: null

2021-10-21 23:49:42 - [TEST_STEP][PASSED] - Taxtype = <not implemented yet for class: org.codehaus.groovy.ast.expr.EmptyExpression>: null

2021-10-21 23:49:42 - [TEST_STEP][PASSED] - numOfRows = findTestData(dataFile).getRowNumbers(): null

2021-10-21 23:49:42 - [TEST_STEP][PASSED] - println("Number of Records: " + numOfRows): null

2021-10-21 23:49:42 - [TEST_STEP][PASSED] - for ([row = 1, row <= numOfRows, (row++)]): null

2021-10-21 23:49:42 - [TEST_STEP][PASSED] - ExecuteTC = findTestData(dataFile).getValue("Execute", row): null

2021-10-21 23:49:42 - [TEST_STEP][PASSED] - out.println("Value of Execute is : " + ExecuteTC): null

2021-10-21 23:49:42 - [TEST_STEP][PASSED] - if (ExecuteTC.equalsIgnoreCase("Y")): null

2021-10-21 23:49:42 - [TEST_STEP][PASSED] - out.println("Begin Record Number: " + row): null

2021-10-21 23:49:42 - [TEST_STEP][PASSED] - today = new java.util.Date(): null

2021-10-21 23:49:42 - [TEST_STEP][PASSED] - println(today): null

2021-10-21 23:49:42 - [TEST_STEP][PASSED] - datText = today: null

2021-10-21 23:49:42 - [TEST_STEP][PASSED] - Taxtype = findTestData(dataFile).getValue("TaxType", row): null

2021-10-21 23:49:42 - [TEST_STEP][PASSED] - out.println("Taxtype value is : " + Taxtype): null

2021-10-21 23:49:42 - [TEST_STEP][PASSED] - openBrowser(""): Browser is opened with url: ''

2021-10-21 23:49:42 - [MESSAGE][PASSED] - Browser is opened with url: ''

2021-10-21 23:49:42 - [TEST_STEP][PASSED] - maximizeWindow(): Current window maximized

2021-10-21 23:49:42 - [MESSAGE][PASSED] - Current window maximized

2021-10-21 23:49:42 - [TEST_STEP][PASSED] - navigateToUrl(RADurl): Navigate to 'https://qa.velocitypayment.com/client/rad/index.html' successfully

2021-10-21 23:49:42 - [MESSAGE][PASSED] - Navigate to 'https://qa.velocitypayment.com/client/rad/index.html' successfully

2021-10-21 23:49:42 - [TEST_STEP][PASSED] - orPath_Landing = "Object Repository/RAD_Pages/Landing_Page": null

2021-10-21 23:49:42 - [TEST_STEP][PASSED] - orPath_TaxTypeFilingYear = "Object Repository/RAD_Pages/TaxTypeFilingYear_Page": null

2021-10-21 23:49:42 - [TEST_STEP][PASSED] - orPath_TaxPayer = "Object Repository/RAD_Pages/Taxpayer_Page": null

2021-10-21 23:49:42 - [TEST_STEP][PASSED] - orPath_AddressContact = "Object Repository/RAD_Pages/AddressAndContactInfo_Page": null

2021-10-21 23:49:42 - [TEST_STEP][PASSED] - orPath_FilingStatus = "Object Repository/RAD_Pages/FilingStatus_Page": null

2021-10-21 23:49:42 - [TEST_STEP][PASSED] - orPath_Amount = "Object Repository/RAD_Pages/PaymentAmount_Page": null

2021-10-21 23:49:42 - [TEST_STEP][PASSED] - selectOptionByLabel(findTestObject(orPath_Landing + "/dd_TaxType"), Taxtype, false): All options with label 'Estimated Tax' are selected in object 'Object Repository/RAD_Pages/Landing_Page/dd_TaxType' 

2021-10-21 23:49:43 - [MESSAGE][PASSED] - All options with label 'Estimated Tax' are selected in object 'Object Repository/RAD_Pages/Landing_Page/dd_TaxType' 

2021-10-21 23:49:43 - [TEST_STEP][PASSED] - scrollToElement(findTestObject(orPath_TaxPayer + "/input_firstName"), 3): Scroll to object 'Object Repository/RAD_Pages/Taxpayer_Page/input_firstName' successfully

2021-10-21 23:49:44 - [MESSAGE][PASSED] - Scroll to object 'Object Repository/RAD_Pages/Taxpayer_Page/input_firstName' successfully

2021-10-21 23:49:44 - [TEST_STEP][PASSED] - setText(findTestObject("RAD_RecordAndPlay/input_concatSSN"), "111111111"): Text '111111111' is set on object 'Object Repository/RAD_RecordAndPlay/input_concatSSN'

2021-10-21 23:49:44 - [MESSAGE][PASSED] - Text '111111111' is set on object 'Object Repository/RAD_RecordAndPlay/input_concatSSN'

2021-10-21 23:49:44 - [TEST_STEP][PASSED] - setText(findTestObject("RAD_RecordAndPlay/input_concatReSSN"), "222222222"): Text '222222222' is set on object 'Object Repository/RAD_RecordAndPlay/input_concatReSSN'

2021-10-21 23:49:45 - [MESSAGE][PASSED] - Text '222222222' is set on object 'Object Repository/RAD_RecordAndPlay/input_concatReSSN'

2021-10-21 23:49:45 - [TEST_STEP][PASSED] - setText(findTestObject(orPath_TaxPayer + "/input_lastName"), "Anderson"): Text 'Anderson' is set on object 'Object Repository/RAD_Pages/Taxpayer_Page/input_lastName'

2021-10-21 23:49:46 - [MESSAGE][PASSED] - Text 'Anderson' is set on object 'Object Repository/RAD_Pages/Taxpayer_Page/input_lastName'

2021-10-21 23:49:46 - [TEST_STEP][PASSED] - delay(2): Delayed 2 second(s)

2021-10-21 23:49:48 - [MESSAGE][PASSED] - Delayed 2 second(s)

2021-10-21 23:49:48 - [TEST_STEP][PASSED] - if (verifyTextPresent("The SSN and Re-type SSN do not match", true)): null

2021-10-21 23:49:48 - [MESSAGE][PASSED] - Text 'The SSN and Re-type SSN do not match' is present on page  using regular expression

2021-10-21 23:49:48 - [TEST_STEP][PASSED] - println("Taxpayer SSN Dont match text is present"): null

2021-10-21 23:49:48 - [TEST_STEP][PASSED] - out.println("Pass Record Number: " + row): null

2021-10-21 23:49:48 - [TEST_STEP][PASSED] - resText = "Pass": null

2021-10-21 23:49:48 - [TEST_STEP][PASSED] - pages.WriteExcel.demoKey(resText, datText, resColumn, datCloumn, fileLoc, nameSheet, row): pages.WriteExcel.demoKey is PASSED

2021-10-21 23:49:48 - [MESSAGE][PASSED] - pages.WriteExcel.demoKey is PASSED

2021-10-21 23:49:48 - [TEST_STEP][PASSED] - ExecuteTC = findTestData(dataFile).getValue("Execute", row): null

2021-10-21 23:49:48 - [TEST_STEP][PASSED] - out.println("Value of Execute is : " + ExecuteTC): null

2021-10-21 23:49:48 - [TEST_STEP][PASSED] - if (ExecuteTC.equalsIgnoreCase("Y")): null

2021-10-21 23:49:48 - [TEST_STEP][PASSED] - out.println("Begin Record Number: " + row): null

2021-10-21 23:49:48 - [TEST_STEP][PASSED] - today = new java.util.Date(): null

2021-10-21 23:49:48 - [TEST_STEP][PASSED] - println(today): null

2021-10-21 23:49:48 - [TEST_STEP][PASSED] - datText = today: null

2021-10-21 23:49:48 - [TEST_STEP][PASSED] - Taxtype = findTestData(dataFile).getValue("TaxType", row): null

2021-10-21 23:49:48 - [TEST_STEP][PASSED] - out.println("Taxtype value is : " + Taxtype): null

2021-10-21 23:49:48 - [TEST_STEP][PASSED] - openBrowser(""): Browser is opened with url: ''

2021-10-21 23:49:49 - [MESSAGE][PASSED] - Browser is opened with url: ''

2021-10-21 23:49:49 - [TEST_STEP][PASSED] - maximizeWindow(): Current window maximized

2021-10-21 23:49:49 - [MESSAGE][PASSED] - Current window maximized

2021-10-21 23:49:49 - [TEST_STEP][PASSED] - navigateToUrl(RADurl): Navigate to 'https://qa.velocitypayment.com/client/rad/index.html' successfully

2021-10-21 23:49:49 - [MESSAGE][PASSED] - Navigate to 'https://qa.velocitypayment.com/client/rad/index.html' successfully

2021-10-21 23:49:49 - [TEST_STEP][PASSED] - orPath_Landing = "Object Repository/RAD_Pages/Landing_Page": null

2021-10-21 23:49:49 - [TEST_STEP][PASSED] - orPath_TaxTypeFilingYear = "Object Repository/RAD_Pages/TaxTypeFilingYear_Page": null

2021-10-21 23:49:49 - [TEST_STEP][PASSED] - orPath_TaxPayer = "Object Repository/RAD_Pages/Taxpayer_Page": null

2021-10-21 23:49:49 - [TEST_STEP][PASSED] - orPath_AddressContact = "Object Repository/RAD_Pages/AddressAndContactInfo_Page": null

2021-10-21 23:49:49 - [TEST_STEP][PASSED] - orPath_FilingStatus = "Object Repository/RAD_Pages/FilingStatus_Page": null

2021-10-21 23:49:49 - [TEST_STEP][PASSED] - orPath_Amount = "Object Repository/RAD_Pages/PaymentAmount_Page": null

2021-10-21 23:49:49 - [TEST_STEP][PASSED] - selectOptionByLabel(findTestObject(orPath_Landing + "/dd_TaxType"), Taxtype, false): All options with label 'Personal Income Tax' are selected in object 'Object Repository/RAD_Pages/Landing_Page/dd_TaxType' 

2021-10-21 23:49:50 - [MESSAGE][PASSED] - All options with label 'Personal Income Tax' are selected in object 'Object Repository/RAD_Pages/Landing_Page/dd_TaxType' 

2021-10-21 23:49:50 - [TEST_STEP][PASSED] - scrollToElement(findTestObject(orPath_TaxPayer + "/input_firstName"), 3): Scroll to object 'Object Repository/RAD_Pages/Taxpayer_Page/input_firstName' successfully

2021-10-21 23:49:50 - [MESSAGE][PASSED] - Scroll to object 'Object Repository/RAD_Pages/Taxpayer_Page/input_firstName' successfully

2021-10-21 23:49:50 - [TEST_STEP][PASSED] - setText(findTestObject("RAD_RecordAndPlay/input_concatSSN"), "111111111"): Text '111111111' is set on object 'Object Repository/RAD_RecordAndPlay/input_concatSSN'

2021-10-21 23:49:51 - [MESSAGE][PASSED] - Text '111111111' is set on object 'Object Repository/RAD_RecordAndPlay/input_concatSSN'

2021-10-21 23:49:51 - [TEST_STEP][PASSED] - setText(findTestObject("RAD_RecordAndPlay/input_concatReSSN"), "222222222"): Text '222222222' is set on object 'Object Repository/RAD_RecordAndPlay/input_concatReSSN'

2021-10-21 23:49:51 - [MESSAGE][PASSED] - Text '222222222' is set on object 'Object Repository/RAD_RecordAndPlay/input_concatReSSN'

2021-10-21 23:49:51 - [TEST_STEP][PASSED] - setText(findTestObject(orPath_TaxPayer + "/input_lastName"), "Anderson"): Text 'Anderson' is set on object 'Object Repository/RAD_Pages/Taxpayer_Page/input_lastName'

2021-10-21 23:49:52 - [MESSAGE][PASSED] - Text 'Anderson' is set on object 'Object Repository/RAD_Pages/Taxpayer_Page/input_lastName'

2021-10-21 23:49:52 - [TEST_STEP][PASSED] - delay(2): Delayed 2 second(s)

2021-10-21 23:49:54 - [MESSAGE][PASSED] - Delayed 2 second(s)

2021-10-21 23:49:54 - [TEST_STEP][PASSED] - if (verifyTextPresent("The SSN and Re-type SSN do not match", true)): null

2021-10-21 23:49:54 - [MESSAGE][PASSED] - Text 'The SSN and Re-type SSN do not match' is present on page  using regular expression

2021-10-21 23:49:54 - [TEST_STEP][PASSED] - println("Taxpayer SSN Dont match text is present"): null

2021-10-21 23:49:54 - [TEST_STEP][PASSED] - out.println("Pass Record Number: " + row): null

2021-10-21 23:49:54 - [TEST_STEP][PASSED] - resText = "Pass": null

2021-10-21 23:49:54 - [TEST_STEP][PASSED] - pages.WriteExcel.demoKey(resText, datText, resColumn, datCloumn, fileLoc, nameSheet, row): pages.WriteExcel.demoKey is PASSED

2021-10-21 23:49:55 - [MESSAGE][PASSED] - pages.WriteExcel.demoKey is PASSED

2021-10-21 23:49:55 - [TEST_STEP][PASSED] - ExecuteTC = findTestData(dataFile).getValue("Execute", row): null

2021-10-21 23:49:55 - [TEST_STEP][PASSED] - out.println("Value of Execute is : " + ExecuteTC): null

2021-10-21 23:49:55 - [TEST_STEP][PASSED] - if (ExecuteTC.equalsIgnoreCase("Y")): null

2021-10-21 23:49:55 - [TEST_STEP][PASSED] - out.println("Begin Record Number: " + row): null

2021-10-21 23:49:55 - [TEST_STEP][PASSED] - today = new java.util.Date(): null

2021-10-21 23:49:55 - [TEST_STEP][PASSED] - println(today): null

2021-10-21 23:49:55 - [TEST_STEP][PASSED] - datText = today: null

2021-10-21 23:49:55 - [TEST_STEP][PASSED] - Taxtype = findTestData(dataFile).getValue("TaxType", row): null

2021-10-21 23:49:55 - [TEST_STEP][PASSED] - out.println("Taxtype value is : " + Taxtype): null

2021-10-21 23:49:55 - [TEST_STEP][PASSED] - openBrowser(""): Browser is opened with url: ''

2021-10-21 23:49:55 - [MESSAGE][PASSED] - Browser is opened with url: ''

2021-10-21 23:49:55 - [TEST_STEP][PASSED] - maximizeWindow(): Current window maximized

2021-10-21 23:49:55 - [MESSAGE][PASSED] - Current window maximized

2021-10-21 23:49:55 - [TEST_STEP][PASSED] - navigateToUrl(RADurl): Navigate to 'https://qa.velocitypayment.com/client/rad/index.html' successfully

2021-10-21 23:49:55 - [MESSAGE][PASSED] - Navigate to 'https://qa.velocitypayment.com/client/rad/index.html' successfully

2021-10-21 23:49:55 - [TEST_STEP][PASSED] - orPath_Landing = "Object Repository/RAD_Pages/Landing_Page": null

2021-10-21 23:49:55 - [TEST_STEP][PASSED] - orPath_TaxTypeFilingYear = "Object Repository/RAD_Pages/TaxTypeFilingYear_Page": null

2021-10-21 23:49:55 - [TEST_STEP][PASSED] - orPath_TaxPayer = "Object Repository/RAD_Pages/Taxpayer_Page": null

2021-10-21 23:49:55 - [TEST_STEP][PASSED] - orPath_AddressContact = "Object Repository/RAD_Pages/AddressAndContactInfo_Page": null

2021-10-21 23:49:55 - [TEST_STEP][PASSED] - orPath_FilingStatus = "Object Repository/RAD_Pages/FilingStatus_Page": null

2021-10-21 23:49:55 - [TEST_STEP][PASSED] - orPath_Amount = "Object Repository/RAD_Pages/PaymentAmount_Page": null

2021-10-21 23:49:55 - [TEST_STEP][PASSED] - selectOptionByLabel(findTestObject(orPath_Landing + "/dd_TaxType"), Taxtype, false): All options with label 'Extension Payments' are selected in object 'Object Repository/RAD_Pages/Landing_Page/dd_TaxType' 

2021-10-21 23:49:56 - [MESSAGE][PASSED] - All options with label 'Extension Payments' are selected in object 'Object Repository/RAD_Pages/Landing_Page/dd_TaxType' 

2021-10-21 23:49:56 - [TEST_STEP][PASSED] - scrollToElement(findTestObject(orPath_TaxPayer + "/input_firstName"), 3): Scroll to object 'Object Repository/RAD_Pages/Taxpayer_Page/input_firstName' successfully

2021-10-21 23:49:56 - [MESSAGE][PASSED] - Scroll to object 'Object Repository/RAD_Pages/Taxpayer_Page/input_firstName' successfully

2021-10-21 23:49:56 - [TEST_STEP][PASSED] - setText(findTestObject("RAD_RecordAndPlay/input_concatSSN"), "111111111"): Text '111111111' is set on object 'Object Repository/RAD_RecordAndPlay/input_concatSSN'

2021-10-21 23:49:57 - [MESSAGE][PASSED] - Text '111111111' is set on object 'Object Repository/RAD_RecordAndPlay/input_concatSSN'

2021-10-21 23:49:57 - [TEST_STEP][PASSED] - setText(findTestObject("RAD_RecordAndPlay/input_concatReSSN"), "222222222"): Text '222222222' is set on object 'Object Repository/RAD_RecordAndPlay/input_concatReSSN'

2021-10-21 23:49:58 - [MESSAGE][PASSED] - Text '222222222' is set on object 'Object Repository/RAD_RecordAndPlay/input_concatReSSN'

2021-10-21 23:49:58 - [TEST_STEP][PASSED] - setText(findTestObject(orPath_TaxPayer + "/input_lastName"), "Anderson"): Text 'Anderson' is set on object 'Object Repository/RAD_Pages/Taxpayer_Page/input_lastName'

2021-10-21 23:49:58 - [MESSAGE][PASSED] - Text 'Anderson' is set on object 'Object Repository/RAD_Pages/Taxpayer_Page/input_lastName'

2021-10-21 23:49:58 - [TEST_STEP][PASSED] - delay(2): Delayed 2 second(s)

2021-10-21 23:50:00 - [MESSAGE][PASSED] - Delayed 2 second(s)

2021-10-21 23:50:00 - [TEST_STEP][PASSED] - if (verifyTextPresent("The SSN and Re-type SSN do not match", true)): null

2021-10-21 23:50:01 - [MESSAGE][PASSED] - Text 'The SSN and Re-type SSN do not match' is present on page  using regular expression

2021-10-21 23:50:01 - [TEST_STEP][PASSED] - println("Taxpayer SSN Dont match text is present"): null

2021-10-21 23:50:01 - [TEST_STEP][PASSED] - out.println("Pass Record Number: " + row): null

2021-10-21 23:50:01 - [TEST_STEP][PASSED] - resText = "Pass": null

2021-10-21 23:50:01 - [TEST_STEP][PASSED] - pages.WriteExcel.demoKey(resText, datText, resColumn, datCloumn, fileLoc, nameSheet, row): pages.WriteExcel.demoKey is PASSED

2021-10-21 23:50:01 - [MESSAGE][PASSED] - pages.WriteExcel.demoKey is PASSED]]></system-out>
         <system-err><![CDATA[]]></system-err>
      </testcase>
      <system-out><![CDATA[2021-10-21 23:44:54 - [TEST_SUITE][FAILED] - RAD_UI_TestSuite: Test Cases/RAD_TestCases/MRF_TestCases/EstimatedTax_MRF_TC FAILED.
Reason:
com.kms.katalon.core.exception.StepFailedException: Unable to click on object 'Object Repository/RAD_Pages/Landing_Page/button_Continue' (Root cause: com.kms.katalon.core.exception.StepFailedException: Unable to click on object 'Object Repository/RAD_Pages/Landing_Page/button_Continue'
	at com.kms.katalon.core.webui.keyword.internal.WebUIKeywordMain.stepFailed(WebUIKeywordMain.groovy:64)
	at com.kms.katalon.core.webui.keyword.internal.WebUIKeywordMain.runKeyword(WebUIKeywordMain.groovy:26)
	at com.kms.katalon.core.webui.keyword.builtin.ClickKeyword.click(ClickKeyword.groovy:75)
	at com.kms.katalon.core.webui.keyword.builtin.ClickKeyword.execute(ClickKeyword.groovy:42)
	at com.kms.katalon.core.keyword.internal.KeywordExecutor.executeKeywordForPlatform(KeywordExecutor.groovy:73)
	at com.kms.katalon.core.webui.keyword.WebUiBuiltInKeywords.click(WebUiBuiltInKeywords.groovy:620)
	at com.kms.katalon.core.webui.keyword.WebUiBuiltInKeywords$click$10.call(Unknown Source)
	at EstimatedTax_MRF_TC.run(EstimatedTax_MRF_TC:100)
	at com.kms.katalon.core.main.ScriptEngine.run(ScriptEngine.java:194)
	at com.kms.katalon.core.main.ScriptEngine.runScriptAsRawText(ScriptEngine.java:119)
	at com.kms.katalon.core.main.TestCaseExecutor.runScript(TestCaseExecutor.java:369)
	at com.kms.katalon.core.main.TestCaseExecutor.doExecute(TestCaseExecutor.java:360)
	at com.kms.katalon.core.main.TestCaseExecutor.processExecutionPhase(TestCaseExecutor.java:339)
	at com.kms.katalon.core.main.TestCaseExecutor.accessMainPhase(TestCaseExecutor.java:331)
	at com.kms.katalon.core.main.TestCaseExecutor.execute(TestCaseExecutor.java:248)
	at com.kms.katalon.core.main.TestSuiteExecutor.accessTestCaseMainPhase(TestSuiteExecutor.java:191)
	at com.kms.katalon.core.main.TestSuiteExecutor.accessTestSuiteMainPhase(TestSuiteExecutor.java:140)
	at com.kms.katalon.core.main.TestSuiteExecutor.execute(TestSuiteExecutor.java:89)
	at com.kms.katalon.core.main.TestCaseMain.startTestSuite(TestCaseMain.java:185)
	at com.kms.katalon.core.main.TestCaseMain$startTestSuite$0.call(Unknown Source)
	at TempTestSuite1634874291072.run(TempTestSuite1634874291072.groovy:39)
Caused by: org.openqa.selenium.ElementClickInterceptedException: element click intercepted: Element <button class="btn btn-primary float-end w-auto disablecontinue" disabled="">...</button> is not clickable at point (1077, 905). Other element would receive the click: <div class="w-100 mt-auto pt-3">...</div>
  (Session info: chrome=95.0.4638.54)
Build info: version: '3.141.59', revision: 'e82be7d358', time: '2018-11-14T08:25:53'
System info: host: 'DESKTOP-B2QI6NS', ip: '172.30.2.167', os.name: 'Windows 10', os.arch: 'amd64', os.version: '10.0', java.version: '1.8.0_181'
Driver info: com.kms.katalon.core.webui.driver.ExistingRemoteWebDriver
Capabilities {javascriptEnabled: true, platform: ANY, platformName: ANY}
Session ID: a98d1b37a7782fa34c6e787ca58aacdc
	at org.openqa.selenium.remote.http.W3CHttpResponseCodec.createException(W3CHttpResponseCodec.java:187)
	at org.openqa.selenium.remote.http.W3CHttpResponseCodec.decode(W3CHttpResponseCodec.java:122)
	at org.openqa.selenium.remote.http.W3CHttpResponseCodec.decode(W3CHttpResponseCodec.java:49)
	at org.openqa.selenium.remote.HttpCommandExecutor.execute(HttpCommandExecutor.java:158)
	at org.openqa.selenium.remote.RemoteWebDriver.execute(RemoteWebDriver.java:552)
	at com.kms.katalon.core.webui.driver.ExistingRemoteWebDriver.execute(ExistingRemoteWebDriver.java:108)
	at org.openqa.selenium.remote.RemoteWebElement.execute(RemoteWebElement.java:285)
	at org.openqa.selenium.remote.RemoteWebElement.click(RemoteWebElement.java:84)
	at org.openqa.selenium.support.events.EventFiringWebDriver$EventFiringWebElement.lambda$new$0(EventFiringWebDriver.java:404)
	at com.sun.proxy.$Proxy11.click(Unknown Source)
	at org.openqa.selenium.support.events.EventFiringWebDriver$EventFiringWebElement.click(EventFiringWebDriver.java:417)
	at com.kms.katalon.core.webui.keyword.builtin.ClickKeyword$_click_closure1.doCall(ClickKeyword.groovy:68)
	at com.kms.katalon.core.webui.keyword.builtin.ClickKeyword$_click_closure1.call(ClickKeyword.groovy)
	at com.kms.katalon.core.webui.keyword.internal.WebUIKeywordMain.runKeyword(WebUIKeywordMain.groovy:20)
	at com.kms.katalon.core.webui.keyword.builtin.ClickKeyword.click(ClickKeyword.groovy:75)
	at com.kms.katalon.core.webui.keyword.builtin.ClickKeyword.execute(ClickKeyword.groovy:42)
	at com.kms.katalon.core.keyword.internal.KeywordExecutor.executeKeywordForPlatform(KeywordExecutor.groovy:73)
	at com.kms.katalon.core.webui.keyword.WebUiBuiltInKeywords.click(WebUiBuiltInKeywords.groovy:620)
	at com.kms.katalon.core.webui.keyword.WebUiBuiltInKeywords$click$10.call(Unknown Source)
	at Script1634596423746.run(Script1634596423746.groovy:100)
	... 13 more
)
	at com.kms.katalon.core.keyword.internal.KeywordMain.stepFailed(KeywordMain.groovy:39)
	at com.kms.katalon.core.webui.keyword.internal.WebUIKeywordMain.stepFailed(WebUIKeywordMain.groovy:64)
	at com.kms.katalon.core.webui.keyword.internal.WebUIKeywordMain.runKeyword(WebUIKeywordMain.groovy:26)
	at com.kms.katalon.core.webui.keyword.builtin.ClickKeyword.click(ClickKeyword.groovy:75)
	at com.kms.katalon.core.webui.keyword.builtin.ClickKeyword.execute(ClickKeyword.groovy:42)
	at com.kms.katalon.core.keyword.internal.KeywordExecutor.executeKeywordForPlatform(KeywordExecutor.groovy:73)
	at com.kms.katalon.core.webui.keyword.WebUiBuiltInKeywords.click(WebUiBuiltInKeywords.groovy:620)
	at com.kms.katalon.core.webui.keyword.WebUiBuiltInKeywords$click$10.call(Unknown Source)
	at EstimatedTax_MRF_TC.run(EstimatedTax_MRF_TC:100)
	at com.kms.katalon.core.main.ScriptEngine.run(ScriptEngine.java:194)
	at com.kms.katalon.core.main.ScriptEngine.runScriptAsRawText(ScriptEngine.java:119)
	at com.kms.katalon.core.main.TestCaseExecutor.runScript(TestCaseExecutor.java:369)
	at com.kms.katalon.core.main.TestCaseExecutor.doExecute(TestCaseExecutor.java:360)
	at com.kms.katalon.core.main.TestCaseExecutor.processExecutionPhase(TestCaseExecutor.java:339)
	at com.kms.katalon.core.main.TestCaseExecutor.accessMainPhase(TestCaseExecutor.java:331)
	at com.kms.katalon.core.main.TestCaseExecutor.execute(TestCaseExecutor.java:248)
	at com.kms.katalon.core.main.TestSuiteExecutor.accessTestCaseMainPhase(TestSuiteExecutor.java:191)
	at com.kms.katalon.core.main.TestSuiteExecutor.accessTestSuiteMainPhase(TestSuiteExecutor.java:140)
	at com.kms.katalon.core.main.TestSuiteExecutor.execute(TestSuiteExecutor.java:89)
	at com.kms.katalon.core.main.TestCaseMain.startTestSuite(TestCaseMain.java:185)
	at com.kms.katalon.core.main.TestCaseMain$startTestSuite$0.call(Unknown Source)
	at TempTestSuite1634874291072.run(TempTestSuite1634874291072.groovy:39)
Caused by: com.kms.katalon.core.exception.StepFailedException: Unable to click on object 'Object Repository/RAD_Pages/Landing_Page/button_Continue'
	... 21 more
Caused by: org.openqa.selenium.ElementClickInterceptedException: element click intercepted: Element <button class="btn btn-primary float-end w-auto disablecontinue" disabled="">...</button> is not clickable at point (1077, 905). Other element would receive the click: <div class="w-100 mt-auto pt-3">...</div>
  (Session info: chrome=95.0.4638.54)
Build info: version: '3.141.59', revision: 'e82be7d358', time: '2018-11-14T08:25:53'
System info: host: 'DESKTOP-B2QI6NS', ip: '172.30.2.167', os.name: 'Windows 10', os.arch: 'amd64', os.version: '10.0', java.version: '1.8.0_181'
Driver info: com.kms.katalon.core.webui.driver.ExistingRemoteWebDriver
Capabilities {javascriptEnabled: true, platform: ANY, platformName: ANY}
Session ID: a98d1b37a7782fa34c6e787ca58aacdc
	at org.openqa.selenium.remote.http.W3CHttpResponseCodec.createException(W3CHttpResponseCodec.java:187)
	at org.openqa.selenium.remote.http.W3CHttpResponseCodec.decode(W3CHttpResponseCodec.java:122)
	at org.openqa.selenium.remote.http.W3CHttpResponseCodec.decode(W3CHttpResponseCodec.java:49)
	at org.openqa.selenium.remote.HttpCommandExecutor.execute(HttpCommandExecutor.java:158)
	at org.openqa.selenium.remote.RemoteWebDriver.execute(RemoteWebDriver.java:552)
	at com.kms.katalon.core.webui.driver.ExistingRemoteWebDriver.execute(ExistingRemoteWebDriver.java:108)
	at org.openqa.selenium.remote.RemoteWebElement.execute(RemoteWebElement.java:285)
	at org.openqa.selenium.remote.RemoteWebElement.click(RemoteWebElement.java:84)
	at org.openqa.selenium.support.events.EventFiringWebDriver$EventFiringWebElement.lambda$new$0(EventFiringWebDriver.java:404)
	at com.sun.proxy.$Proxy11.click(Unknown Source)
	at org.openqa.selenium.support.events.EventFiringWebDriver$EventFiringWebElement.click(EventFiringWebDriver.java:417)
	at com.kms.katalon.core.webui.keyword.builtin.ClickKeyword$_click_closure1.doCall(ClickKeyword.groovy:68)
	at com.kms.katalon.core.webui.keyword.builtin.ClickKeyword$_click_closure1.call(ClickKeyword.groovy)
	at com.kms.katalon.core.webui.keyword.internal.WebUIKeywordMain.runKeyword(WebUIKeywordMain.groovy:20)
	... 19 more]]></system-out>
      <system-err><![CDATA[2021-10-21 23:44:54 - [TEST_SUITE][FAILED] - RAD_UI_TestSuite: Test Cases/RAD_TestCases/MRF_TestCases/EstimatedTax_MRF_TC FAILED.
Reason:
com.kms.katalon.core.exception.StepFailedException: Unable to click on object 'Object Repository/RAD_Pages/Landing_Page/button_Continue' (Root cause: com.kms.katalon.core.exception.StepFailedException: Unable to click on object 'Object Repository/RAD_Pages/Landing_Page/button_Continue'
	at com.kms.katalon.core.webui.keyword.internal.WebUIKeywordMain.stepFailed(WebUIKeywordMain.groovy:64)
	at com.kms.katalon.core.webui.keyword.internal.WebUIKeywordMain.runKeyword(WebUIKeywordMain.groovy:26)
	at com.kms.katalon.core.webui.keyword.builtin.ClickKeyword.click(ClickKeyword.groovy:75)
	at com.kms.katalon.core.webui.keyword.builtin.ClickKeyword.execute(ClickKeyword.groovy:42)
	at com.kms.katalon.core.keyword.internal.KeywordExecutor.executeKeywordForPlatform(KeywordExecutor.groovy:73)
	at com.kms.katalon.core.webui.keyword.WebUiBuiltInKeywords.click(WebUiBuiltInKeywords.groovy:620)
	at com.kms.katalon.core.webui.keyword.WebUiBuiltInKeywords$click$10.call(Unknown Source)
	at EstimatedTax_MRF_TC.run(EstimatedTax_MRF_TC:100)
	at com.kms.katalon.core.main.ScriptEngine.run(ScriptEngine.java:194)
	at com.kms.katalon.core.main.ScriptEngine.runScriptAsRawText(ScriptEngine.java:119)
	at com.kms.katalon.core.main.TestCaseExecutor.runScript(TestCaseExecutor.java:369)
	at com.kms.katalon.core.main.TestCaseExecutor.doExecute(TestCaseExecutor.java:360)
	at com.kms.katalon.core.main.TestCaseExecutor.processExecutionPhase(TestCaseExecutor.java:339)
	at com.kms.katalon.core.main.TestCaseExecutor.accessMainPhase(TestCaseExecutor.java:331)
	at com.kms.katalon.core.main.TestCaseExecutor.execute(TestCaseExecutor.java:248)
	at com.kms.katalon.core.main.TestSuiteExecutor.accessTestCaseMainPhase(TestSuiteExecutor.java:191)
	at com.kms.katalon.core.main.TestSuiteExecutor.accessTestSuiteMainPhase(TestSuiteExecutor.java:140)
	at com.kms.katalon.core.main.TestSuiteExecutor.execute(TestSuiteExecutor.java:89)
	at com.kms.katalon.core.main.TestCaseMain.startTestSuite(TestCaseMain.java:185)
	at com.kms.katalon.core.main.TestCaseMain$startTestSuite$0.call(Unknown Source)
	at TempTestSuite1634874291072.run(TempTestSuite1634874291072.groovy:39)
Caused by: org.openqa.selenium.ElementClickInterceptedException: element click intercepted: Element <button class="btn btn-primary float-end w-auto disablecontinue" disabled="">...</button> is not clickable at point (1077, 905). Other element would receive the click: <div class="w-100 mt-auto pt-3">...</div>
  (Session info: chrome=95.0.4638.54)
Build info: version: '3.141.59', revision: 'e82be7d358', time: '2018-11-14T08:25:53'
System info: host: 'DESKTOP-B2QI6NS', ip: '172.30.2.167', os.name: 'Windows 10', os.arch: 'amd64', os.version: '10.0', java.version: '1.8.0_181'
Driver info: com.kms.katalon.core.webui.driver.ExistingRemoteWebDriver
Capabilities {javascriptEnabled: true, platform: ANY, platformName: ANY}
Session ID: a98d1b37a7782fa34c6e787ca58aacdc
	at org.openqa.selenium.remote.http.W3CHttpResponseCodec.createException(W3CHttpResponseCodec.java:187)
	at org.openqa.selenium.remote.http.W3CHttpResponseCodec.decode(W3CHttpResponseCodec.java:122)
	at org.openqa.selenium.remote.http.W3CHttpResponseCodec.decode(W3CHttpResponseCodec.java:49)
	at org.openqa.selenium.remote.HttpCommandExecutor.execute(HttpCommandExecutor.java:158)
	at org.openqa.selenium.remote.RemoteWebDriver.execute(RemoteWebDriver.java:552)
	at com.kms.katalon.core.webui.driver.ExistingRemoteWebDriver.execute(ExistingRemoteWebDriver.java:108)
	at org.openqa.selenium.remote.RemoteWebElement.execute(RemoteWebElement.java:285)
	at org.openqa.selenium.remote.RemoteWebElement.click(RemoteWebElement.java:84)
	at org.openqa.selenium.support.events.EventFiringWebDriver$EventFiringWebElement.lambda$new$0(EventFiringWebDriver.java:404)
	at com.sun.proxy.$Proxy11.click(Unknown Source)
	at org.openqa.selenium.support.events.EventFiringWebDriver$EventFiringWebElement.click(EventFiringWebDriver.java:417)
	at com.kms.katalon.core.webui.keyword.builtin.ClickKeyword$_click_closure1.doCall(ClickKeyword.groovy:68)
	at com.kms.katalon.core.webui.keyword.builtin.ClickKeyword$_click_closure1.call(ClickKeyword.groovy)
	at com.kms.katalon.core.webui.keyword.internal.WebUIKeywordMain.runKeyword(WebUIKeywordMain.groovy:20)
	at com.kms.katalon.core.webui.keyword.builtin.ClickKeyword.click(ClickKeyword.groovy:75)
	at com.kms.katalon.core.webui.keyword.builtin.ClickKeyword.execute(ClickKeyword.groovy:42)
	at com.kms.katalon.core.keyword.internal.KeywordExecutor.executeKeywordForPlatform(KeywordExecutor.groovy:73)
	at com.kms.katalon.core.webui.keyword.WebUiBuiltInKeywords.click(WebUiBuiltInKeywords.groovy:620)
	at com.kms.katalon.core.webui.keyword.WebUiBuiltInKeywords$click$10.call(Unknown Source)
	at Script1634596423746.run(Script1634596423746.groovy:100)
	... 13 more
)
	at com.kms.katalon.core.keyword.internal.KeywordMain.stepFailed(KeywordMain.groovy:39)
	at com.kms.katalon.core.webui.keyword.internal.WebUIKeywordMain.stepFailed(WebUIKeywordMain.groovy:64)
	at com.kms.katalon.core.webui.keyword.internal.WebUIKeywordMain.runKeyword(WebUIKeywordMain.groovy:26)
	at com.kms.katalon.core.webui.keyword.builtin.ClickKeyword.click(ClickKeyword.groovy:75)
	at com.kms.katalon.core.webui.keyword.builtin.ClickKeyword.execute(ClickKeyword.groovy:42)
	at com.kms.katalon.core.keyword.internal.KeywordExecutor.executeKeywordForPlatform(KeywordExecutor.groovy:73)
	at com.kms.katalon.core.webui.keyword.WebUiBuiltInKeywords.click(WebUiBuiltInKeywords.groovy:620)
	at com.kms.katalon.core.webui.keyword.WebUiBuiltInKeywords$click$10.call(Unknown Source)
	at EstimatedTax_MRF_TC.run(EstimatedTax_MRF_TC:100)
	at com.kms.katalon.core.main.ScriptEngine.run(ScriptEngine.java:194)
	at com.kms.katalon.core.main.ScriptEngine.runScriptAsRawText(ScriptEngine.java:119)
	at com.kms.katalon.core.main.TestCaseExecutor.runScript(TestCaseExecutor.java:369)
	at com.kms.katalon.core.main.TestCaseExecutor.doExecute(TestCaseExecutor.java:360)
	at com.kms.katalon.core.main.TestCaseExecutor.processExecutionPhase(TestCaseExecutor.java:339)
	at com.kms.katalon.core.main.TestCaseExecutor.accessMainPhase(TestCaseExecutor.java:331)
	at com.kms.katalon.core.main.TestCaseExecutor.execute(TestCaseExecutor.java:248)
	at com.kms.katalon.core.main.TestSuiteExecutor.accessTestCaseMainPhase(TestSuiteExecutor.java:191)
	at com.kms.katalon.core.main.TestSuiteExecutor.accessTestSuiteMainPhase(TestSuiteExecutor.java:140)
	at com.kms.katalon.core.main.TestSuiteExecutor.execute(TestSuiteExecutor.java:89)
	at com.kms.katalon.core.main.TestCaseMain.startTestSuite(TestCaseMain.java:185)
	at com.kms.katalon.core.main.TestCaseMain$startTestSuite$0.call(Unknown Source)
	at TempTestSuite1634874291072.run(TempTestSuite1634874291072.groovy:39)
Caused by: com.kms.katalon.core.exception.StepFailedException: Unable to click on object 'Object Repository/RAD_Pages/Landing_Page/button_Continue'
	... 21 more
Caused by: org.openqa.selenium.ElementClickInterceptedException: element click intercepted: Element <button class="btn btn-primary float-end w-auto disablecontinue" disabled="">...</button> is not clickable at point (1077, 905). Other element would receive the click: <div class="w-100 mt-auto pt-3">...</div>
  (Session info: chrome=95.0.4638.54)
Build info: version: '3.141.59', revision: 'e82be7d358', time: '2018-11-14T08:25:53'
System info: host: 'DESKTOP-B2QI6NS', ip: '172.30.2.167', os.name: 'Windows 10', os.arch: 'amd64', os.version: '10.0', java.version: '1.8.0_181'
Driver info: com.kms.katalon.core.webui.driver.ExistingRemoteWebDriver
Capabilities {javascriptEnabled: true, platform: ANY, platformName: ANY}
Session ID: a98d1b37a7782fa34c6e787ca58aacdc
	at org.openqa.selenium.remote.http.W3CHttpResponseCodec.createException(W3CHttpResponseCodec.java:187)
	at org.openqa.selenium.remote.http.W3CHttpResponseCodec.decode(W3CHttpResponseCodec.java:122)
	at org.openqa.selenium.remote.http.W3CHttpResponseCodec.decode(W3CHttpResponseCodec.java:49)
	at org.openqa.selenium.remote.HttpCommandExecutor.execute(HttpCommandExecutor.java:158)
	at org.openqa.selenium.remote.RemoteWebDriver.execute(RemoteWebDriver.java:552)
	at com.kms.katalon.core.webui.driver.ExistingRemoteWebDriver.execute(ExistingRemoteWebDriver.java:108)
	at org.openqa.selenium.remote.RemoteWebElement.execute(RemoteWebElement.java:285)
	at org.openqa.selenium.remote.RemoteWebElement.click(RemoteWebElement.java:84)
	at org.openqa.selenium.support.events.EventFiringWebDriver$EventFiringWebElement.lambda$new$0(EventFiringWebDriver.java:404)
	at com.sun.proxy.$Proxy11.click(Unknown Source)
	at org.openqa.selenium.support.events.EventFiringWebDriver$EventFiringWebElement.click(EventFiringWebDriver.java:417)
	at com.kms.katalon.core.webui.keyword.builtin.ClickKeyword$_click_closure1.doCall(ClickKeyword.groovy:68)
	at com.kms.katalon.core.webui.keyword.builtin.ClickKeyword$_click_closure1.call(ClickKeyword.groovy)
	at com.kms.katalon.core.webui.keyword.internal.WebUIKeywordMain.runKeyword(WebUIKeywordMain.groovy:20)
	... 19 more]]></system-err>
   </testsuite>
</testsuites>
